14SXFwaYPLMD9nBa7xhLQ1ZLcfx22Afq7rRg9u56tTHQQxbX:18000000000000000000:OKDOT:OKMYTH
15Pq8atn7NDJmV1CCXTpnVXgTfp7Voq6TFAzU7Qu3j5TWUP7:18000000000000000000:OKDOT:OKMYTH
13iZsGvejsSN8J5ypjkDAmhWbYoDED4YuULMtiHHpcfxmcKX:18000000000000000000:OKDOT:OKMYTH
16kaHs3hhyKLDrCRUL32sfNEjefsozS5NxUcL63WLKoouH7S:18000000000000000000:OKDOT:OKMYTH
14rWLRGxxqCAJpNbTWyVd3QFdNDWFfXjkZDxz6HqDzXz3FgJ:18000000000000000000:OKDOT:OKMYTH
15PaPVE79opgBUGRZ22sy44LCeebb5p4CuRxjRjLVXYFCxXs:18000000000000000000:OKDOT:OKMYTH
13mpqDo9AgqXb2uJpdTLQUB7JwuytTSRWmK9XpPRZC4RijAj:18000000000000000000:OKDOT:OKMYTH
16LZdkd3DL8dyc9BTh7V4ZFbW4apV8YLNmGRFzU78Sfybpyu:18000000000000000000:OKDOT:OKMYTH
16Zi1tA4ApGqZSK8ANiTprYCY4zbUL8EfTVhA5hnnjNUL5Ad:18000000000000000000:OKDOT:OKMYTH
15MWhyeXNbtLQYvSiGjYhtu3vyovMoHHhz81DDMRnbEYwg38:18000000000000000000:OKDOT:OKMYTH
13p25TCLfvwMiiAyNQsfcEcXWftRL8n2msznx36YqnXbLYdV:18000000000000000000:OKDOT:OKMYTH
16PCZs8HjGu7wT9iLHjURNRdqAQaat8v5ixBFDTato9JU4kU:18000000000000000000:OKDOT:OKMYTH
1gPucBU24CdGC33LELYSewb6BfjorsH41dqt5AhtVH16B8F:18000000000000000000:OKDOT:OKMYTH
15KEEPa6n4s3K1yuhnjV468tSKq5rr759wRXJKpKmSDnkf5t:18000000000000000000:OKDOT:OKMYTH
13rWYJ2DWj4ZQrZWfVJRJXqVSaQfd34QmRJrsJdSsApnnmK:18000000000000000000:OKDOT:OKMYTH
16Pj5xatpZdMV4S9yFSwwSCTpeg4M8YoJrwQaLjtw34jgRSc:18000000000000000000:OKDOT:OKMYTH
13E5q3QnjCcTDNAM4qaegroeniCUHv3buVbzzAiKj496xPRA:18000000000000000000:OKDOT:OKMYTH
15i1ZoyT6heptQRbdMooWWTxxdoj6Wn4XDzTYvpw3bqHDufX:18000000000000000000:OKDOT:OKMYTH
13TZpNZbCcjqeaZmKTeWdt6Tji9V6gcWSqfXu566gQR5LyrY:18000000000000000000:OKDOT:OKMYTH
16Pksf15j5piBKrRzzpvT7x2iznFJxjPeQa9A83oCBEaq2Si:18000000000000000000:OKDOT:OKMYTH
1n1VmKgG6gABvftdyPEAVJYd6kzsSkehUwDpEGfoN3HPz9c:18000000000000000000:OKDOT:OKMYTH
15DXHrw9VXrxbr9DPRiWhDoAAGQeYtXnWEgYiv4C4gx1eYvC:18000000000000000000:OKDOT:OKMYTH
13u9LTmB7yEqNJQAeKuYw1UEwJg4KeT74jikc63niZ7hbHG6:18000000000000000000:OKDOT:OKMYTH
16SyNkNzgRzspWquZKnmWVBfAbPS5usKufihjjVpgJXkN2VH:18000000000000000000:OKDOT:OKMYTH
15okZ8Q7wAybBJzxsMYF9jrXYyeCux8keuAGVtPYtCwFLrJX:18000000000000000000:OKDOT:OKMYTH
15Du9hiKU2mfis25QY9MWgdtpZkdrTXppSrB7nqxnszMAdzT:18000000000000000000:OKDOT:OKMYTH
13ut3m3Gz6i66vSnJX8fs7d5NeNwNJyLeMa5XGk7MxNxDizS:18000000000000000000:OKDOT:OKMYTH
16UrcHRvY2DBEqjbYdH7V7526AvHcxva7gVvkDUaptkgUxR1:18000000000000000000:OKDOT:OKMYTH
14GEh6cumpYpomKheYubLpoYKb8eAgXqXywaDihn41aDEy5Y:18000000000000000000:OKDOT:OKMYTH
15Drtr82LkQL2uXc9fU4BWwCJ4qEKwsZCGWZWxCKDBdjW13s:18000000000000000000:OKDOT:OKMYTH
13Vg7QXE5iCAprh2WENLA7WTkMr2h4c2iMdoFRu6CTd581Rs:18000000000000000000:OKDOT:OKMYTH
16UtTTKqQGZQDTBc5xp2PQWDKc57z5Jj6EHDkaoTS1LGvfYS:18000000000000000000:OKDOT:OKMYTH
142p5C5zUeuG1J3d1cyCtahsDQWNVRcsKuuzgRoDjZymSEmr:18000000000000000000:OKDOT:OKMYTH
15dQLYVCg2dXKQkWfqbtQV9KGprCrvSZC3wEsRa1KPDs623T:18000000000000000000:OKDOT:OKMYTH
13VsaAoECnPetXzG7rC33SbWkXJDFDS76cfSEgdzhrq3Ad5S:18000000000000000000:OKDOT:OKMYTH
16VJMDte1fWFUtzrckTw7xepqqcGgfL2Tyx2kHt89CQs43bU:18000000000000000000:OKDOT:OKMYTH
1nTBUUJd76r5egFs8Jw6bzksuxWRrTtfjWgzUgpuSrQwNM7:18000000000000000000:OKDOT:OKMYTH
15DDf8UVfvFVHMQFgqKsSHSgPXovhDWHwvMHTWJgFhwk7raZ:18000000000000000000:OKDOT:OKMYTH
13W184nhreaebyySmqv2a1RMBpuk6fmzDCEQhd3HD3wZoQJq:18000000000000000000:OKDOT:OKMYTH
16ZAuWvwDym2ysXW2wBmW4JP8dRYNoUoXqFVyzs6hWR6cXQ2:18000000000000000000:OKDOT:OKMYTH
1AAytftsmrLNzGq5EHEkvcgUoRc4pjwE2MP5nHtqzPmqeho:18000000000000000000:OKDOT:OKMYTH
15DA3nDnYaDBGF1u6zceJBd8W6aguiGDn97Fi2BSCSDiEonT:18000000000000000000:OKDOT:OKMYTH
13WKaQXBeAGxs19MvSNzkvYQQU5webMt8NySyZhtTa1LZkCJ:18000000000000000000:OKDOT:OKMYTH
16ZdCg3HLvi5WRhQcxPR2rHjqmB49oPxmHMpigjr1zXxMGWA:18000000000000000000:OKDOT:OKMYTH
1jpme1s8JJs4QMLdC7srmxmFVqFhkCies6PHaK61ZrNu85B:18000000000000000000:OKDOT:OKMYTH
15D5RbdQiodgfG4LGH8bkZDHXivW3EHx3Rd41M5YZgia7m7F:18000000000000000000:OKDOT:OKMYTH
13wVcc9668KNJ4CymwXfjhQgcukywZfvC1veQMtLawoMS9gC:18000000000000000000:OKDOT:OKMYTH
19LogvpHkTifiuBbsicGdfLjH6HoT2kSox4hBigF38Xh75T:18000000000000000000:OKDOT:OKMYTH
14jEG8qtTKahW51cZZdSqiMB1TxUkU5UpQW5iXjULPw1oijp:18000000000000000000:OKDOT:OKMYTH
15czGNwf82jh7zKtK2MLXZXJxt8HopEKfYYrni195fUsEoW8:18000000000000000000:OKDOT:OKMYTH
13xG4ostg81tTwyiwzTRVgZ8UJ2Rm9mts7BEsXeBrXu5JMvj:18000000000000000000:OKDOT:OKMYTH
1bX3de9NPZJv2wHDor332iJCKhXc8QPsLb4FWeqLkveyjn8:18000000000000000000:OKDOT:OKMYTH
14whSG5xmuzeFsh9sGrVQCA4wh29Gd3WTZAGo83ajGoavpLT:18000000000000000000:OKDOT:OKMYTH
15BLxxLf73wGKMwqgYUC31jAYhDaKHvHGXpt9oD8gKtqaf1T:18000000000000000000:OKDOT:OKMYTH
13YCaHgzD5h5ApvgLmma5Gxs3rdY48775Hix4bWGbBHpmCs7:18000000000000000000:OKDOT:OKMYTH
1c5SjyXQVP9H88RyBmKV2xxHs7DofCbnU7MZmfcBvPp6xwK:18000000000000000000:OKDOT:OKMYTH
1sWuRD6Z5tVc9NaHWZrGkUqrzpFPxfNdzSXoERVajHDmB2A:18000000000000000000:OKDOT:OKMYTH
15b7VvUcKedTimiRU5vgdSinyfMb5XyTBrwPLKFQgD1E4UoZ:18000000000000000000:OKDOT:OKMYTH
13YxSjKd94gm2fzZqJn3Z5VKpUbiNvYy6nppxLjJSnBadjVZ:18000000000000000000:OKDOT:OKMYTH
1EFmHMjXvNS5M6krzA2VA39RCvGXUSEbnmzCWJceA9g9jeh:18000000000000000000:OKDOT:OKMYTH
16fqzoQpjkVtbMdq8XooGaNdVtVpouBB43LgBtqy2moZiioZ:18000000000000000000:OKDOT:OKMYTH
15ad6YYvW6b9ULK3Tbqb7ZLTjaWjCTLfG7XSRr3jsz7LjJCn:18000000000000000000:OKDOT:OKMYTH
142pH7HBqVzUmU2xhbwx9yFS7xGwyanuUu9cunyr61nh5XjK:18000000000000000000:OKDOT:OKMYTH
1eWWQnEkb8oSCm2e8TR3u4uPoZ7N52jBdFjPwwA73KRBaCZ:18000000000000000000:OKDOT:OKMYTH
16ZcXAPBufvDpYUQLWeMPCezDS3YjSfpSaSg4SQVSHNqXbc1:18000000000000000000:OKDOT:OKMYTH
158GeuG4S3xnYdXWqnf339PJt7VspKwW3wmMMrcLhTzhhcdr:18000000000000000000:OKDOT:OKMYTH
143TXdRPxmP6EaCHZ12CAPQTDp2esfD3QZaTsrGFYfyqVGTj:18000000000000000000:OKDOT:OKMYTH
1f1Bu55BGhU6HePi4nSo7oYifjLp4d9AJHa61VNjgZcXNvK:18000000000000000000:OKDOT:OKMYTH
16ZudJHqgQzQH4hkQ2S5c3zdc2vJEneZDCom436WW4vvJDkq:18000000000000000000:OKDOT:OKMYTH
157qCLqceBscfKUKLr3meVewjyCGWdzTmfXz2JFYxrKbcydy:18000000000000000000:OKDOT:OKMYTH
1466CZqownSTFZZ5NtDYCvGK8m3eYrcSqo3UTxsUpCwMYsGq:18000000000000000000:OKDOT:OKMYTH
1H1rhrSdXmEhQADDo3bCikK3fHLkLqN4MzzkPenmDxWayTw:18000000000000000000:OKDOT:OKMYTH
19JEUpcHMBr8LKCBdtAYDbejHNrftjygdqibBKNdBXbwvgY:18000000000000000000:OKDOT:OKMYTH
155XYpUr1HUy48qAxtsqwtJ46Cxu6ciiULH1MUiefFxDtPjS:18000000000000000000:OKDOT:OKMYTH
146GTBttfJ9iuYdeCnLvZyE9ZP47hT9kFKiiddY2GmJK3MbT:18000000000000000000:OKDOT:OKMYTH
1L62mNYWmvjfhpP2ykAKv8X1nQPRkFAASUpcqijyiZW3WLb:18000000000000000000:OKDOT:OKMYTH
1Bw7MWL11gBFD4LazDwtbU8YhxJPE3zqWDYHmXDfoSq5cDZ:18000000000000000000:OKDOT:OKMYTH
155gQczgty3DiurDESRs8H3XLrfc9m8i2Yqi7qhwibkRCk3p:18000000000000000000:OKDOT:OKMYTH
1488y4uJmRh3Nes7eEXiMXtqnm5F63HyY76tkcHEZXK74eHd:18000000000000000000:OKDOT:OKMYTH
1N4yHWRBvPGGqRXouBFsDDtmSW9qCko9pQjyKpUpSm59MXW:18000000000000000000:OKDOT:OKMYTH
1c1HK7tF2givN4hZSyZ2pyV3cvA5zRSnztu3QQDz1vp8MFJ:18000000000000000000:OKDOT:OKMYTH
153JF4UnjYQobJ23nHxkWsoCV6jTMpZavAhWrbgNg5M7MgjX:18000000000000000000:OKDOT:OKMYTH
148dRZGtE4VyD518AQyH12vMkojLMDiMA1BbzYzu1qHjMPKH:18000000000000000000:OKDOT:OKMYTH
1NjqNSfLbNHqcnTt9auQKhDWSjXLEa1enWJqQZ2uYfcebmx:18000000000000000000:OKDOT:OKMYTH
1C3oWk2NHS7BmES8sSjFnLpHMbeXgvKe5imMcYrZWyyGtHS:18000000000000000000:OKDOT:OKMYTH
153H5uJuH78qSnYAvdF4GdbU3S6p6eo2JnsiCzzkvHn16N5P:18000000000000000000:OKDOT:OKMYTH
14at7Q4HreiMEaDU3prLgaXm42s12Jsh9Tp8WvsD6YS7CDd1:18000000000000000000:OKDOT:OKMYTH
1NT4XeM8Q6nCaKBokkqrkJr8NBGYyVdh1bYDmDY1USQXKpb:18000000000000000000:OKDOT:OKMYTH
1CUDR7KdddxTGPPbMxYCTU4oj4rRwdRsmFJoXEc1QG1zh9x:18000000000000000000:OKDOT:OKMYTH
14zHEkoo4wcoqRXiN98wMkkzUuTPogiM7EJpCWQaESSpShHp:18000000000000000000:OKDOT:OKMYTH
14BLeXTnjJ61wKqrxRpfL6L6Qdj5FohYPNR4YkZWPZLBX2zV:18000000000000000000:OKDOT:OKMYTH
1piLZSab5eocUtk5eTJZLjiCj549x7217tTD3ZYWCLtnxi7:18000000000000000000:OKDOT:OKMYTH
1eb5PUZZ9g4iL5jkjJZLUuUsJFfxEUr98zgjaH6AFgSgu7R:18000000000000000000:OKDOT:OKMYTH
14x9cnWt7eq45Mo2tKBgT44AhcZuGEW4GPAsCYxZdRwtenpU:18000000000000000000:OKDOT:OKMYTH
14DH69wyWbPdjqrdC4ebjZRXP5wUe68hopjsmVZpUi61t3RF:18000000000000000000:OKDOT:OKMYTH
1pu46J7p28SGiTmiNtXaaPTF9Xa5vrgzPdWhCwH2CfCS5NR:18000000000000000000:OKDOT:OKMYTH
1eWSxpE61sag8XDwXwAe127vej6kn6LTNUNc9YEZAPzxBqm:18000000000000000000:OKDOT:OKMYTH
14wZaF5zwhyiK8pHstafyYNQEX1bnmCGkaB2QiZHQVUEDgVL:18000000000000000000:OKDOT:OKMYTH
14fSEJ4apacRyKryqHrmCb5Z24EgsdkacLnfn8puAwVUvY4i:18000000000000000000:OKDOT:OKMYTH
1VvDKHYp16Uhwdw3SMUaKDv2cAWeCfJvrJjbgPy9RBSrytZ:18000000000000000000:OKDOT:OKMYTH
1Gm1epYrDzoaXDpkcrAUfgKQMwN37K84Za7UVpeXXVQam3a:18000000000000000000:OKDOT:OKMYTH
14WDQXXzZN5PjhK5XpCjSXjmdaUfK82Zx5EHLB6JTga17BSE:18000000000000000000:OKDOT:OKMYTH
14kkd5j91WMUVMmfpbRuNxdVe5oyfFqVhVtrNGSadGWedoEg:18000000000000000000:OKDOT:OKMYTH
1xKSH7jE2N1uepWH9QLJ5fzCxKzDjs49iMjxaqwpWShCiC1:18000000000000000000:OKDOT:OKMYTH
1h9TCebDA4XJzDq8M2PDMoP9zGmkmaPBCdvZahtJbP7Rr1y:18000000000000000000:OKDOT:OKMYTH
14umaLZutqAeFLoTY3YJXvW7XGCUaGeiMKbpBPTxtcFecz7D:18000000000000000000:OKDOT:OKMYTH
14m23Y387D5eWFvvZAMNRszm1Wvg5LXsYivS1gKWcac4Civw:18000000000000000000:OKDOT:OKMYTH
1Ya2cJ9kYgMSCphtSxJPgxpBbJRGqS1weqw4WYnUZbRXk3K:18000000000000000000:OKDOT:OKMYTH
1Hou2xRMdWqEo5R3EWVgY2E9DsRjc4ZcopxJu3tNggQAnNq:18000000000000000000:OKDOT:OKMYTH
14u5AcnfnTZseauzuJhwiUrJ1dLeCFXHu5jXGei1rBPg7msq:18000000000000000000:OKDOT:OKMYTH
14MdhqXmEeB4n7u7GDjYpJXRqTxZqJ4SptzxGP4b5KcJbDve:18000000000000000000:OKDOT:OKMYTH
112BVtX2ygjjvV8UVZhK68pngN2HEecQWyBTubzgk32s2ay6:18000000000000000000:OKDOT:OKMYTH
1HW5hP22wh8LFh1eFdNA7qsp87u3W6g391edK3k1CvC8gEk:18000000000000000000:OKDOT:OKMYTH
14tdq5GMKXFekFkt4CKFcyEVC3MznhQGTt6tDTkeuREWx5bu:18000000000000000000:OKDOT:OKMYTH
14pZfyYvZissZbz6Ln3cu5uib4mPeQzZiW2MfHWPCmBWrkkj:18000000000000000000:OKDOT:OKMYTH
11AGxD2roF4FreJepHsnDnVAEpcfzCt8NuB813UghESQ91n:18000000000000000000:OKDOT:OKMYTH
1jekjE68z2RYT7Rom88jb8YyLrAZ2g4keiQnygadahtKUvr:18000000000000000000:OKDOT:OKMYTH
14tag6pR4Z4HbuBcaqT4ZecXR8P8DtGhWBaQF2SUDDMxPnYq:18000000000000000000:OKDOT:OKMYTH
14Q3cYHgjDiUEeCam6PzW1DceVcc9E9rpiwaPa9y9HYGk3NM:18000000000000000000:OKDOT:OKMYTH
121TR6WfJstZK2C7eHei1sQnkbNWZBS6eoTjHqLxukY3UkGo:18000000000000000000:OKDOT:OKMYTH
1jzVRxpDejfCtmDCb9zV1yRSYAJrt9p4AJCUaQEEWHegFtE:18000000000000000000:OKDOT:OKMYTH
14SkWsqjmAdGH4iARmJC77zdQpoNN7XxcJB3tc3rp6FU7FnV:18000000000000000000:OKDOT:OKMYTH
14QEsJy57QX7H55UPPMwNJSkZHCTTTonaPu4ecaehBxSDbwQ:18000000000000000000:OKDOT:OKMYTH
123x2BUJDziCsA244BdSqEFqqbkbumkFE43urenPKr9ApWDe:18000000000000000000:OKDOT:OKMYTH
1kG3z3RTYppbFPQbUC941tL3jHkuPXz4Mpra8w7EUfWHZ9X:18000000000000000000:OKDOT:OKMYTH
14SKGoNPfCUYS73eTBmJrkJByeR5P3v6Eu7zJ4GNZ3o4dQkF:18000000000000000000:OKDOT:OKMYTH
14QhdDqovvUKasEyPB4WpohGQUDGVaLbPnBtLh64znoSghN5:18000000000000000000:OKDOT:OKMYTH
129JKyLbUtLv7e2NoGQhpoego2h5DAADjLUx9sFe6UzpjBKx:18000000000000000000:OKDOT:OKMYTH
1LMnCR4YnyBAzM8ZVYM7Dv2ke9xS1tedBSrUiR5kS8t93tQ:18000000000000000000:OKDOT:OKMYTH
14AmcDc4k1Zfsr91Pma4x7YuhaLDpGLXjPYacH4Zh3M1XmxU:18000000000000000000:OKDOT:OKMYTH
14rEfxwxxeps8ddUnuxbewcMuEv6g1sq8BpPCXFVm2HkhSg2:18000000000000000000:OKDOT:OKMYTH
12bLs7MTnt7GcEdNu6DyGy1qDzBLCKYkuGUvsmT1pPUfqfP2:18000000000000000000:OKDOT:OKMYTH
1mpb4g33USiDfbhTuRgaPGGTm8vFg1wQnQ8QW8snUXfifEb:18000000000000000000:OKDOT:OKMYTH
13KbExBWFP2JKUpP9Lha2B8sRMcdXivpmWQvppno33UVa1Co:18000000000000000000:OKDOT:OKMYTH
14rs6j1RhtGCeMrfGciBw7aUmETHYDteQHkJ9LkF3XEWJWWN:18000000000000000000:OKDOT:OKMYTH
12BovS5o68LdLPR4Z3Rg2xyf7UAYWHWtdfo1Kn7HktRJb4yh:18000000000000000000:OKDOT:OKMYTH
1NrzsEpVXCs4tqJhTF5q1Ai9QZp1K2UqyMqqJLEB1Znesby:18000000000000000000:OKDOT:OKMYTH
13MnUcnYp2EneCaTySAtzuPkVVVuTcrqt1K2t42SiSXuLnHK:18000000000000000000:OKDOT:OKMYTH
14Scy9We2pMF1ErjUzndzb6MJRRRerMJRYjw35VrU1Mxqtn3:18000000000000000000:OKDOT:OKMYTH
12Bpq2WQMdZ4xzpbjYNHW3i93EmvNmm6nZfuofHVBte3tUFH:18000000000000000000:OKDOT:OKMYTH
1NsYfCqQwQddncS3UuCJFoqLZBmGDaff6PPHjZnvXEv5iga:18000000000000000000:OKDOT:OKMYTH
16G828ZELoCympFa7ehCByme2kRqwdknZonHiSpHrUUjuxuo:18000000000000000000:OKDOT:OKMYTH
14SSdsHBnVe7TFdpDGMTtNg6ZrZ9E1XT9v8FKUd5CTENFzJw:18000000000000000000:OKDOT:OKMYTH
12bXJCSegV7yq3rYxxgufED6ft2yauCJDnQxAMYFDAMFeNwA:18000000000000000000:OKDOT:OKMYTH
1pLMe7R9BcjqpaEyYBZ5q1tyKqPnheBR3v9TUxr7QfQMcYC:18000000000000000000:OKDOT:OKMYTH
165RJLHvWnnaTzF4a4emkr4d9hKxf3GSWXsUf7ckZJs8iaNR:18000000000000000000:OKDOT:OKMYTH
14tvf29qwzp7xnaTX9FwASDCkbSAbSCF7LxJvJwetmxu8Gc5:18000000000000000000:OKDOT:OKMYTH
12bXWxuCi8HCDnNtdTTNuhLZGj9ts4FEj8eZXRjKZi41qgYD:18000000000000000000:OKDOT:OKMYTH
1pmqjnEmHc8UdMdUxYjLqY3dTMHfRE1Hnh8bKFrnbvRiqAY:18000000000000000000:OKDOT:OKMYTH
1H4rV1ArvTHhnN9oRPchMfgckPfD6WLm9xDtpi8xSsNLsqX:18000000000000000000:OKDOT:OKMYTH
14uRmHuihmZCxnoHeWMiXHFnoBitwiPGky5XmCCcxQNmZkTo:18000000000000000000:OKDOT:OKMYTH
12C3KNNFttBVkmXaeP7XBXzAxoZJDxyeX1HRGHNQB8xDsiUM:18000000000000000000:OKDOT:OKMYTH
1posTekVRLmAdmJH8GkD2AbfreBWbABHoKekfmWryxcbvAZ:18000000000000000000:OKDOT:OKMYTH
14MV8rzs1Fh4c2AiqNLyjykYyeGWj6deN8nBCexfuut9UaEo:18000000000000000000:OKDOT:OKMYTH
14wc7ZxoqjdzqYRSfzD6fgaEXiiu4Zpo2aEZwesRaowNdRBp:18000000000000000000:OKDOT:OKMYTH
12E1wiHEzWigeWN4ufpjBfkrUgthctohhy9LaFXLcBLzJQec:18000000000000000000:OKDOT:OKMYTH
1q1BFjNBSGkncyUnXJy6rvPveZXqBH7DiShs9j4wnR615nM:18000000000000000000:OKDOT:OKMYTH
1geSEdtipaTKwJTpwWUbxHspLkpzgXaDShFtd4iJfF7HAzZ:18000000000000000000:OKDOT:OKMYTH
14xCUeQQiT1Uffq8QgzRLjQZVuScSRQPvRke16ppZD3R6N1f:18000000000000000000:OKDOT:OKMYTH
12eVApzojAUzDTcwcUfVeDwMica1X4ARyjzAqQYxyfDjjVX6:18000000000000000000:OKDOT:OKMYTH
1qD8zLPvZ1PEDN7iqDu1kmobbmdjMY8T8n2Cv44dxXH961h:18000000000000000000:OKDOT:OKMYTH
1gSxPt1B2miso94p1gT1j32sbye1QdmGTpsiWBt1KBhELdo:18000000000000000000:OKDOT:OKMYTH
14Ybey5wFuVUX3ejiGhZqXjB33zkjRZjSW9QU1FiC6ZaXRGG:18000000000000000000:OKDOT:OKMYTH
12EZwnJ6CGkgG5svNkGrZ9o3V9TM7UQuYL2fkLMvoz32aRjJ:18000000000000000000:OKDOT:OKMYTH
1QmEYWUhFpE2BQnJoGRcX4AMZzfLCE3vFFaQ8VFxhoYq23x:18000000000000000000:OKDOT:OKMYTH
14mNKeWJPijCNuSYPHFWfsY7qHBugMPeznFrtyTH2nvLxEqy:18000000000000000000:OKDOT:OKMYTH
14zhwnDA1WHHZtYVgCVhPn7faG3sai7nSaKcc8hyh29PUPNa:18000000000000000000:OKDOT:OKMYTH
12GxPqz7P9xf7x8GFBjbwshgebn5tZm6VEjTMecnmRGjQvfm:18000000000000000000:OKDOT:OKMYTH
1Rj8mDV6U94n2TKmHy8WV8rf3BebDg3LAmB9Pi8sepSvJvc:18000000000000000000:OKDOT:OKMYTH
13xEFe1t9WC9MepGudp1pJdqyj8FLzXT6zrGdeEUksqEdwSp:18000000000000000000:OKDOT:OKMYTH
14zWJLpngdhEJ8nesEMFFYf7BSsbmyWHyfGxWuqr8Z7qTtaN:18000000000000000000:OKDOT:OKMYTH
12ifdtGCjSC9wjru6YyhBdxVgw1ihxov7jfA1dFYN8PNY367:18000000000000000000:OKDOT:OKMYTH
1RsxngE4u38W8AWH8m8q35vwvLdFNJ4pVZ4G187ZkNfMcFz:18000000000000000000:OKDOT:OKMYTH
15Sf6Lt9nuN27vjLqQkAp33ChRMuGosd4s2FnN7uhv4dV9go:18000000000000000000:OKDOT:OKMYTH
1537hpon32cYVz8ZgADRodhdFNer2HkCuKDp1iKUd9123w9A:18000000000000000000:OKDOT:OKMYTH
12jBoN6bYxELpXshEBH46BY8u9QvwRnNXv3wmao9Pr36rxev:18000000000000000000:OKDOT:OKMYTH
1rzuYMtcAKpTSsWkQ3c5FB7q9PcMjo6nk7RDJGcfdNXSo9f:18000000000000000000:OKDOT:OKMYTH
15abdtXUCEuDZq6snx3utCRXuW24M6EuxHZgXzh6jd5FzRQJ:18000000000000000000:OKDOT:OKMYTH
158c2n8fyBMBZ3nqR1zhXyeSYJ2hJvX6vT5TsrfGyZfGmaUf:18000000000000000000:OKDOT:OKMYTH
12K7fDH65KBMoS4QqHGf7RczAufCCQDEegEfdnS5UDUE71rw:18000000000000000000:OKDOT:OKMYTH
1sZZCbxG3w8Ga667gkPfK3HbFWMBwTteUjDAySrPTMeHk5F:18000000000000000000:OKDOT:OKMYTH
15aFrHYG2sQLQg79LCnjsmrZxRfyG78MHLQjDcYiwN8aQaGM:18000000000000000000:OKDOT:OKMYTH
158RXa4aX96L8QR7G1EvAGiAruoTVXLivbxZtRndCeoUwqmH:18000000000000000000:OKDOT:OKMYTH
12Kz8kNPwRVSiRcgDwzwK1HvDDiLAdv4yiWMLJxKtMypnTqi:18000000000000000000:OKDOT:OKMYTH
1TuRHw3GWbGiZVi7hmZcDqiMhpB8SzxoWQc7SrT1t6q1gpy:18000000000000000000:OKDOT:OKMYTH
15CxQ8yvokVDMZj6hSTue249mv1MM5P8NYJAjw8sSSSfZhkP:18000000000000000000:OKDOT:OKMYTH
158YHR9GzYdAi7TAA86fc4gd5q7gvPuWXkciYVNA94tZC2bb:18000000000000000000:OKDOT:OKMYTH
12QekMMP4qPUH8m3bte8Ycgo3MoJWnLkDJUN7KFBQ3zWNEgo:18000000000000000000:OKDOT:OKMYTH
1vSisfRJKqBs7Sp1NPJNZVJvCMCj2YAeqKje8Tq1XThKt9J:18000000000000000000:OKDOT:OKMYTH
15DGceMZwQR4tVbY58WGx3tTets5VcLZJpLaTwxeGDi4MSqE:18000000000000000000:OKDOT:OKMYTH
15a16JxdsRmgKoc6oqjzE275qfZVmXyiKG3VuScSfSBNYdBG:18000000000000000000:OKDOT:OKMYTH
12rbkjKbgUWdRakQTSNxrDyAgxTRHo2hkBQRP99HjT8TGgSW:18000000000000000000:OKDOT:OKMYTH
1xi26aZ99euSbQpRbAnPzTb2JvP9Wo1tGQmTUVi37h5bcaj:18000000000000000000:OKDOT:OKMYTH
15dmJ6An3ikzCpxxKg4EjayYu7f5bypUR9rYNxyrEeH6xQNi:18000000000000000000:OKDOT:OKMYTH
15a7v2VdmHJkTeaoV6qUHXudJybiVnUY5oPk7vxWZitSFMoT:18000000000000000000:OKDOT:OKMYTH
12s42JaysMkTzV7cK5QpqybBbsyhNhPsgk4QKcZdb4Q23vf2:18000000000000000000:OKDOT:OKMYTH
1xrSu3EZUg8js8BndR2uetw4W9TnGCAF6rwwgq6cLgBDsHc:18000000000000000000:OKDOT:OKMYTH
15DZjyXaF9qPPjDQMcdBxzGWkdemzbEHkSYd8nmAee3GRQgR:18000000000000000000:OKDOT:OKMYTH
15D2qPxbw3xEUqAvEFj87HU4ntHShg19ffMPJvGqxnEufKq9:18000000000000000000:OKDOT:OKMYTH
12SwXWKZHEvEhnhqF5fcDDRzi3xM4Wa9BG5pVM6Ucs3gXusu:18000000000000000000:OKDOT:OKMYTH
1YVK6dbJUDGmm2Ht18Jz2SQsMjgaQ2SVJWSAMgxvLJyomFy:18000000000000000000:OKDOT:OKMYTH
15E1MQehCJ4yZS3GmohKWCU5R1UkKuKgaRgjv5kFkMazHthw:18000000000000000000:OKDOT:OKMYTH
15f9DqfLJ488oxB8HDtRCzWZk7a2qwTyy3NGeDXeLXhmho2f:18000000000000000000:OKDOT:OKMYTH
12TbtcsZK9CTUjvhVeGdFbe99otuY1RHW9gPUyYHv39vePV7:18000000000000000000:OKDOT:OKMYTH
1YY2BQDtgdvXjxKNhNVfLvoEc6dcLwKfxxwKdRgP9uauCoo:18000000000000000000:OKDOT:OKMYTH
15E2vdETueKYvtaq4d1SoDipubNgsnTED8XAUEDHkkq2zNQk:18000000000000000000:OKDOT:OKMYTH
15g9AjLmMxxinjG3F52ELTf9FrVwgmMXTsTorxS8cWdPCs6J:18000000000000000000:OKDOT:OKMYTH
12ujRrPnS71BPiWASHwYRKMmuCzwCb8o3xJz6uKgzUFUGziU:18000000000000000000:OKDOT:OKMYTH
1Z2J2jDohrqvc8aQgB4f4WkqsjYC9wsEa9KhBKt8fnCrCDy:18000000000000000000:OKDOT:OKMYTH
15fh8pmyNC2tJ7g8wWqM2DRrWnvhsdmmAt84untta4nRUSmx:18000000000000000000:OKDOT:OKMYTH
15GU2X8HBtizVphLqqSqyyeGeqg4iudWi6wDMPbF8wigbtng:18000000000000000000:OKDOT:OKMYTH
12upMufNnvT1NLDQqxNCzwPsZTCEt3o686FsitSYwCkWVhTt:18000000000000000000:OKDOT:OKMYTH
116eZNi9AyZJrUXhXPvvK1DmHK7nhy9Jz8B6RLoBZTbMUhK:18000000000000000000:OKDOT:OKMYTH
15fqBxcH1RPB93Zsd1kciBUwbrXPVYNUswqs9uaVtrK3QXrs:18000000000000000000:OKDOT:OKMYTH
15Jg3y7F5oh5n84Wj5BqmvULn4MYkB8Z9g5aJ9oxZs6fzu1m:18000000000000000000:OKDOT:OKMYTH
12xRVNoNVpHa9T3MeAt4rb3yckz953NkgPaxUznt5akbLhMn:18000000000000000000:OKDOT:OKMYTH
123ygFJWmoC6creZUUEHqwDwTLfJunwWzbaHEV6qn66qSgdU:18000000000000000000:OKDOT:OKMYTH
15fSgakk1CRVqKJeq8jFwX7Mh9LAfo9s5Qd1obSsDDpBPMar:18000000000000000000:OKDOT:OKMYTH
15JsDxc9Nw8s3zZghkDKsEL4Nk55epBWKyutajqSRrRtDNVQ:18000000000000000000:OKDOT:OKMYTH
12Yckdgf17gFho3kfDwUnhmCTu2DT3b4PapNXJhJanUWyGCS:18000000000000000000:OKDOT:OKMYTH
124E7mVvG7YKDdK9QSrdMB4SKyNRZdrD9fdbGwxLYgBVyz7f:18000000000000000000:OKDOT:OKMYTH
15i7oLL1QruoKsuRvATsAjTEdCCFnqe2d2Cxyo97fZor1Gnc:18000000000000000000:OKDOT:OKMYTH
15JyeNwwGYbbWKTNcd6qJUWfNapapukqzjkA856z4pBBp7eh:18000000000000000000:OKDOT:OKMYTH
12ZBEi9jybYFGzWwMd14n21nAZZ4i3RdFuxrexhgVWygUQpE:18000000000000000000:OKDOT:OKMYTH
126ySKtiycZo6fN6dHYtNhx4wLsvP79EcYCMP6BRMVLw2ciQ:18000000000000000000:OKDOT:OKMYTH
15K5rrNRznHC4VbhMn4FRxC1naCA2RW12He2yWYwAzztdrLd:18000000000000000000:OKDOT:OKMYTH
15Jz29SQfcdzNYvUZ66hfM6qxeyTiqCWQYXjHVWySe8pWdoq:18000000000000000000:OKDOT:OKMYTH
131V7cD4fGnHecRPM3kSoq6AGJhLxi9ECsC98GMayi2RUdfh:18000000000000000000:OKDOT:OKMYTH
1291vQ395YoMBXUZoFynUdmMWuPDPZCnTw6y1WV5UqFRvR88:18000000000000000000:OKDOT:OKMYTH
15omdcbYsMZpAxgQ2eE3K3DGTamh76Gnt64tyWkzdBWoLDCs:18000000000000000000:OKDOT:OKMYTH
15kkyjPNMDTeqFs5Ny43rKnjnTw7twTqg278dVKUnWiCEhmY:18000000000000000000:OKDOT:OKMYTH
136mbBtW9sQLzkHfhW3Ju5oKJAj4uWeTHBFsr48fgv3V8W1U:18000000000000000000:OKDOT:OKMYTH
12brUZxm2Eg4rAJzP8tcGCDgM9nTT8uSBeesKgpT8WekGgWa:18000000000000000000:OKDOT:OKMYTH
15osGCH6uHyFfUrGNtZUzRtwJhj8SjBmMLh5KE6xf6Wcqzbo:18000000000000000000:OKDOT:OKMYTH
15KLhN8Wg6hr7S71FRDdgNxxMDuf88iNA3uqKNJYkE3fWgoN:18000000000000000000:OKDOT:OKMYTH
136oX5n4QySEJyftKVkuw59rjUKvnjp8kgBwwmx5c7FYgZRa:18000000000000000000:OKDOT:OKMYTH
12CV3fAkHR5Kz9vojoZ9Ro6X1pWiQiDvcKT4N8X8aNUhDShx:18000000000000000000:OKDOT:OKMYTH
15tYEDKCtzFvXg3dhqRM457uA5JmaoY36SkBNKgGrPp1LATk:18000000000000000000:OKDOT:OKMYTH
15kMAnqzVcExsmn91V8sXzhRo4SB4uocZ5YDXxTFRZ7a9Udo:18000000000000000000:OKDOT:OKMYTH
139CJfHnNqVBQDgwYVewBP5A3NUYMPUxf9awxkCQKhxHmjw8:18000000000000000000:OKDOT:OKMYTH
12dtmwKXsy1heHmx6sdA16AtT9Te63XY2uCiNpZd5JB1BznD:18000000000000000000:OKDOT:OKMYTH
15UcmRKVCzznuFQjX7ePcEEMVbrfyFH8cFExfkAGwMPPMFfK:18000000000000000000:OKDOT:OKMYTH
15oFcSUcreEmFs6z8yoApDifP8ae3XD3uQrq3r8U3ZASkoEj:18000000000000000000:OKDOT:OKMYTH
13ajJafSQpZ8bS6xV8nySPoRpXR6Qn3nMqxnCDgVL2GTaiPz:18000000000000000000:OKDOT:OKMYTH
12GdBMD3X5436gu31tTqktG3CmcerHn6SsCP1wBnuzzfgy7V:18000000000000000000:OKDOT:OKMYTH
15UihujFtePQzEEuKJWYX7Si3qxFWmRxaVQT4V4MpYWadjRS:18000000000000000000:OKDOT:OKMYTH
15qt1PUJQVWRxrnnaiP2uLhhMQ8f14wz9YYXm27spXgvHUsr:18000000000000000000:OKDOT:OKMYTH
13ChS7RUdreDdmMRjviPTLeRT5anCiwBEbjYcvz3p2jJfhhn:18000000000000000000:OKDOT:OKMYTH
12ggEbtT6t5seDwXdBRBjh3UU1Hr3ytwgH8y4NriAjcunY7d:18000000000000000000:OKDOT:OKMYTH
15w5BgLjqsByupUg8Y51HEBVpPBy9kWreGHDqdPqQu7AwM16:18000000000000000000:OKDOT:OKMYTH
15QXmwd63nBP6nZGNBzhxknpqCYNRfxaDDwA71JULyhCmRw4:18000000000000000000:OKDOT:OKMYTH
13dLVjfY4Z1ze2X1EN9JEazqdZqpoz2TB7LrkekV8BDcMNQv:18000000000000000000:OKDOT:OKMYTH
12KtErENvpQgZvnVdJ6PS6uvgYhdobW93meAdPn2GKjSQ1Ze:18000000000000000000:OKDOT:OKMYTH
15XcQqDEh6cARa7hnLtHUHWa4nyeMuDzmz9rJAoNgF9T8Ai1:18000000000000000000:OKDOT:OKMYTH
15r1qS4ZqVFyUgDpFMamdzQXpszzaNEoyhqpGy4yz3WKWULm:18000000000000000000:OKDOT:OKMYTH
13DVmuvTARL9Pk5Gva7bFGieNYmzenfDA3q1y9vkSRyYXN7y:18000000000000000000:OKDOT:OKMYTH
12pHLJmJh615rRSz7Dkajei3AAW17yxBMkK8jNmLRC4bPe6E:18000000000000000000:OKDOT:OKMYTH
15yd8v7VSqC2puB6ayhBkUvZ13QbgdfP3p3pHoRUJwMjBjdm:18000000000000000000:OKDOT:OKMYTH
15rB97in6isbeD73WrKCjMEMrzmAbSvVCFtv7ZkbKSdDS1m9:18000000000000000000:OKDOT:OKMYTH
13Eg4DkWDVrQCKPiFkPNTDrE8zPT7PJaru31ZMFpgkBdPKoH:18000000000000000000:OKDOT:OKMYTH
12Qophw5gzV8ccWMry8YC5gXB9LmVJ4UuCjQmPe1mdiEk33p:18000000000000000000:OKDOT:OKMYTH
15z8JJ8hnphafU2Tn7CxEBqFnosygE1S9cZQxUfeQDh2nXgu:18000000000000000000:OKDOT:OKMYTH
15Ss1xBP3PD5EEKQotKkh7SrX5c8Caeh8rzweSkqNX7ACUa2:18000000000000000000:OKDOT:OKMYTH
13EVab3pUN4iwss8HuftgKfKngQxraaH58FToqYvveSWLXk3:18000000000000000000:OKDOT:OKMYTH
12Qu6zLwhDVt1yRWD5w6UohXYJCHBPzEYtGb22g9ktGvhKQE:18000000000000000000:OKDOT:OKMYTH
162NHGPb78WjjrNtb9a2MN2BmZ8NBapRgTtgP3bvXXaBugWN:18000000000000000000:OKDOT:OKMYTH
15TGLxEpVBoUr8TkMfWwBqPCMqbAZfmeJw12Kjiasdeg2WuA:18000000000000000000:OKDOT:OKMYTH
13gWwdh5LZps2FrTLBDtEWDAJDanWgHvRSTf7tSTBGT5As3M:18000000000000000000:OKDOT:OKMYTH
12TbvpQDqWMeiyPBKJ7i39e5k9XBL3dUMHdfUs9eB4qFVvRe:18000000000000000000:OKDOT:OKMYTH
162qZLXm7ceAj7xB7jAjy12bWaM324M6LXveqww5v4CrQcGz:18000000000000000000:OKDOT:OKMYTH
15tgvAG7cHV1QiKpYZaFtKsq2xyeaGFFAq2354nk1SJLCmy2:18000000000000000000:OKDOT:OKMYTH
13jXrhF7esZL3gTcdtwkGhEh5f3W2s4VdrBREUMMfQ3U3QU4:18000000000000000000:OKDOT:OKMYTH
12uH2Fc6cDETfMYmy38KryBayvhS8yguLLj7QvDhDWfkPKb4:18000000000000000000:OKDOT:OKMYTH
163Gg8MPdjV3KJP9ggXxbuDLXZqvFtE7Vh3jWF1bLMrkkEsc:18000000000000000000:OKDOT:OKMYTH
15tTRFuQ9tytUuTFETJGe7UW4qyvsZZPQjKBJ1LkdCwFvH2J:18000000000000000000:OKDOT:OKMYTH
13K2DDqg8tvzz3VmkLQEH3f5Q9U1Aa2RDuWw92XypZXynySt:18000000000000000000:OKDOT:OKMYTH
12W5aNno2amDbNbTM6jPdUXTPd5nK3V6YccDkm1Wn3nYy88h:18000000000000000000:OKDOT:OKMYTH
16A5hWKCmKuz2GYi15PwmMZGbYqfdZqmDCiZyurb4LQsFSqw:18000000000000000000:OKDOT:OKMYTH
15UyMHSYej4bJt2QyYCnGKMefWQhV2XhtgzEUVgQgApCgkhQ:18000000000000000000:OKDOT:OKMYTH
13KcrjgQoCxm9XhEiEG6WmPxiBqtyG8F6BJ5o8C7zUsuMMXk:18000000000000000000:OKDOT:OKMYTH
12xJwTwxz78fkHvfLbs2dJrnbQEMqG986nMsKJKJkwBiBHEx:18000000000000000000:OKDOT:OKMYTH
16AMnuV4Xdex8M33CJw6psDZGVwq8xy6y8FWtmStbWugBuAZ:18000000000000000000:OKDOT:OKMYTH
15V8Vfda8jyq6rNoEKcvmpbEpB4ohtBnWPXqqFCRrPjgpL69:18000000000000000000:OKDOT:OKMYTH
13mXjCvVWbg2gvH85uwtabhQnaJobaadvPMAbKu7PWr7bGyW:18000000000000000000:OKDOT:OKMYTH
12YbxF594WdeoMSwehkXX49SAhqn5rsCac6tTvpxgzXpzhJj:18000000000000000000:OKDOT:OKMYTH
16D8HJZKHFAip3pYyoVdbKChrJbZnJAbUuo5KkLBCWRJr2sL:18000000000000000000:OKDOT:OKMYTH
15XKVdUjzF7hb8mGzaFgtd3H8QoHPekYrBKkCZD6e83hXkJe:18000000000000000000:OKDOT:OKMYTH
13rgre57o42WQfJTVjsjrxAwWpSQu2bkc7qmRp4KaFQnHq8:18000000000000000000:OKDOT:OKMYTH
12ZM4rztjVmV6WxrttJnHG8JJSZBno26RdufS7xQoZEa5rrA:18000000000000000000:OKDOT:OKMYTH
16dNHZwmkHJtG88jcdkk2nHCQAAMfq18LUYfMajvJmc5F8AE:18000000000000000000:OKDOT:OKMYTH
15XTRN1L358UcKEJooL16uVnsu4hYtEVFwptTuZLaMrkFv6d:18000000000000000000:OKDOT:OKMYTH
13rUp88j9Gzk6rnQy5kKx6CwPJbudTQC15CfeVhDnzNu6CPF:18000000000000000000:OKDOT:OKMYTH
133ajF1sXq3xnEMv2iGzx918N5XSqiSobVpdR4E2pF2Gkjm5:18000000000000000000:OKDOT:OKMYTH
16DRttuHNFm8d3m9xjnHFw3bu2BsjoSXnf3hvMHPnAkNyH6y:18000000000000000000:OKDOT:OKMYTH
15XVtCZStbGrczs2D7ep3MZodMjinPnEdbtqmHfPkuJiF8SX:18000000000000000000:OKDOT:OKMYTH
13sNis3pNAabYzwymeQag4Sd9fBLxUFZVpEyPUiZXmJRiDwh:18000000000000000000:OKDOT:OKMYTH
135pm3RQ3jEJJEWeXX4jtBsTY2DNQfAjzc5S9R2T2zeoCCqG:18000000000000000000:OKDOT:OKMYTH
16FbDNzwfSWhtNeRFoGn5WPk1Sqx7pEwjmQx5iokxRewb4JY:18000000000000000000:OKDOT:OKMYTH
15YWosifizdyek3FfMgiLYfVp1mKyoy19doVr4FYUn2wfE3f:18000000000000000000:OKDOT:OKMYTH
13TMQeFoxbzdt6YeQSTZjfCy5iupfHng9watyaxVVYiXodAW:18000000000000000000:OKDOT:OKMYTH
138GaaoPtiWJnVpP5VLTBCTP7W5QcjQcDWymAnp1Jik2kZm7:18000000000000000000:OKDOT:OKMYTH
16FC8GWWp5b58MFgP2tFvRaXvG6cT5p2Qh5DcwL2yugWGyMU:18000000000000000000:OKDOT:OKMYTH
15zTXYpy53jxyNbmVSqNFGWso5VTMwvAtgRYwX3xketxMAH1:18000000000000000000:OKDOT:OKMYTH
13TSWc6r4zEvDy1vvBtNqXseKDVoQrdjMXxy8dZChJEc79yn:18000000000000000000:OKDOT:OKMYTH
139K4jN4a8AgyeNh2nimUhVmL5CxYgMMgeemtgzQBi5wnjzC:18000000000000000000:OKDOT:OKMYTH
16fRdkp4PpAatQMTaVUDGGrCdqjKKhy3NZEmReuYFRHvdA8j:18000000000000000000:OKDOT:OKMYTH
15zVYMETtt26q8FEPVJVtSW3EWFEunatpPmnFRnYwAP9bYWp:18000000000000000000:OKDOT:OKMYTH
13v8U36tw4VRXUmeMaQZdTRUQqTbqLF6ddkDiF3U62SH54sS:18000000000000000000:OKDOT:OKMYTH
139X86aMxcNVKv4zVuQ87Jtei6GGDiv3RNCqDQsTqipHDP4P:18000000000000000000:OKDOT:OKMYTH
16g4ADVqD39t2gerc8zThJctwuqi2nvNVn4HvGUJA8AHCDKx:18000000000000000000:OKDOT:OKMYTH
16aRbFH6PDFAXwSRSexDw2UDChe2x9nmjL7y8PtyEMk8ejvB:18000000000000000000:OKDOT:OKMYTH
13WCjXgxGiipmmDM7dZd2XYYpzKx7KT79vFEKSXADUccsmDz:18000000000000000000:OKDOT:OKMYTH
13B3Js2r3HiUuQ3GVeDXHerjmd5hiJ8CHMYoqx9gtwmtmwkg:18000000000000000000:OKDOT:OKMYTH
16iYWqbtHUuYqYTHmaj3KqARD6mREqa8D1iaeXQaGNzUTKMV:18000000000000000000:OKDOT:OKMYTH
16As125LyE66y16VMPAoESYvgJbXZP3xUwiYChqPm6wT2bDQ:18000000000000000000:OKDOT:OKMYTH
13xMQUkpZqtV7idQfaSnptYuVu2dEDDMyR7bvvaAavZ2tMFU:18000000000000000000:OKDOT:OKMYTH
13bUDDpX38MDhTRmaeWYCgDfnrf6fD6hitSCbBcRwUMe4woy:18000000000000000000:OKDOT:OKMYTH
16MTUYK9WYyoidCK3nEsa9f3weS3Z1h2dXaHNF4bUW5byMsd:18000000000000000000:OKDOT:OKMYTH
16CgdaBxyQgChh2WPnHiFX6GozpNBdBEDzDh44iKPdcchSGB:18000000000000000000:OKDOT:OKMYTH
13xT3Hg7oPUn8m26J2ryXCW3FWqk8PfyFhM9bHdgowsa68FE:18000000000000000000:OKDOT:OKMYTH
13BVbVaEP7HjVXjXZCiqMWuJEBveenCwZPrErvjqdp6AdTCS:18000000000000000000:OKDOT:OKMYTH
16PNCba7q78x1BwEYVN1ZhQNxfBYfvaqDAJd9nU9vjTwpP7G:18000000000000000000:OKDOT:OKMYTH
16DEHNWLCvGNWRANauigJyPfm3BdSHXoMmPGmg4zrs2h4L14:18000000000000000000:OKDOT:OKMYTH
13xXPMXjjJLJrQZDGth1xw5W7gVr5LsVA7bYy7tC5oUF3E3A:18000000000000000000:OKDOT:OKMYTH
13bZTLKDohk12M7k3kbZyBSGb2mkehjhrq5U98MuP5c8L8wb:18000000000000000000:OKDOT:OKMYTH
16PT8ruvdtsGKgfK5CsjG6bbDYJ33hrbEf6pnEEM5Jeb357g:18000000000000000000:OKDOT:OKMYTH
16dSkM427JscsYTt1VPFqnwyhvgNZq3hBdSuGm3mhecdszR9:18000000000000000000:OKDOT:OKMYTH
13Y3k2XtohrqnmUyxmeyUUMAzraYMJua4qwjtMoBsg3hpbeW:18000000000000000000:OKDOT:OKMYTH
13dHoFwvafzfx4zqb6EQrNLxzYvKQNHhmgCYpTNDy2E9WmLQ:18000000000000000000:OKDOT:OKMYTH
16Q3dvuUsQ55SYnukFfjqopNbgAuezS4uRB6MRN9M16iiE9t:18000000000000000000:OKDOT:OKMYTH
16ha7xidU6NnLiqGj6swEdpuzQ8xtvarrotayV8xm3igHA9A:18000000000000000000:OKDOT:OKMYTH
145U5vSqyPGEYh8Xe3fCW6CotBdBj21C1M43g6Pj5SQrb3ou:18000000000000000000:OKDOT:OKMYTH
13DnnB46ZxyW87Uaz2GJsuLQnkY5bPctLMywLrHhYdNCuXnB:18000000000000000000:OKDOT:OKMYTH
16RjYeLsaTFQREbCtveRRzKLUMovHkGX1sQTECx7JYe5Teqq:18000000000000000000:OKDOT:OKMYTH
16JDKWi8aAXADFkHH1TQEXMzFYZNYrRyoUhiYz1jGcB7BQe3:18000000000000000000:OKDOT:OKMYTH
1467zPB3v69pBJUAsZMqu2iiDUWeK7scsxXuVX1oi3kpbRgk:18000000000000000000:OKDOT:OKMYTH
13G9Fu5rfF68jpqTm646UKm3UXd5ZooDzWJ92qt2gdpcpffU:18000000000000000000:OKDOT:OKMYTH
16RxPfmb6YapRiXJG1ZZp8fn1kRksLGPez1bYdZarkbrQiz9:18000000000000000000:OKDOT:OKMYTH
16kEuwaiZEmsht69ej6fcYe3J4UEEcEmVDYqsy2ZB5v3atNr:18000000000000000000:OKDOT:OKMYTH
148WnJxxDimGEGiE37rPNPNwnjgn2ogvZSBaXbZbhWm9Leg5:18000000000000000000:OKDOT:OKMYTH
13GH8bPHrdohSGJNarH4hHn7aihQojtVQCPoUQVDziwS9VQH:18000000000000000000:OKDOT:OKMYTH
16Uxh8XQmepgk7TqCczNZWrWDB3PXdy36gE4TzT3oCRY2rTv:18000000000000000000:OKDOT:OKMYTH
16kJQgMvmzaAQ4vBueogDbNmmXyLBydoaQ4iyhC4P7LMdN19:18000000000000000000:OKDOT:OKMYTH
14afcnnJ8BKxdJGGYi8F5V1oxqR4cu2oNFK99Gg3z8eKbPb5:18000000000000000000:OKDOT:OKMYTH
13GUeMs51WJbtpCMiDy3NkMmmzbLVhDfKsKS4R3HfQaDB1Ww:18000000000000000000:OKDOT:OKMYTH
17KLkGduLv2K7D5mr7GiRw62jJ3PeEyuCq4AZntXQjGHwri:18000000000000000000:OKDOT:OKMYTH
16MCWmgviaxCdPxsME1MRuaCLEgGqQxn1UwGbg29FSgieorf:18000000000000000000:OKDOT:OKMYTH
14AmEFLoQjRvj5b9azPKc5B3K5DwdARWNBbVfcqCBjR7xeKS:18000000000000000000:OKDOT:OKMYTH
13iv5HaBP21QmK7gHoebCmhh1wrZLZRycGuGm1fvVWjPHFZc:18000000000000000000:OKDOT:OKMYTH
17U2fu67DkVXKcQWuk5Vr6XeG7rn4vuw5HwisZQquAHAzWR:18000000000000000000:OKDOT:OKMYTH
16MLWe7uKfjmdbp1AxcPNNQqK9VcqW7G2exGCAWAHRhYvJVY:18000000000000000000:OKDOT:OKMYTH
14aZVdQwFV6ygDuk8tJqZK4NR1GVWP6GAiq3RaxihJX87Uqe:18000000000000000000:OKDOT:OKMYTH
13Jq24HMyhLjJB9YBQHqqZCABS5LbiVx75m4JovKYbwwX337:18000000000000000000:OKDOT:OKMYTH
19EQTcPjizcKaqAgmxbvGqeEkX1gm5RRvHQVvNweBDLVvBH:18000000000000000000:OKDOT:OKMYTH
16Psznm4UHCo8BWcQPFxC2H5o99cfTFNfqvjRgPTLNPR32AP:18000000000000000000:OKDOT:OKMYTH
14BeboR3WyEyjpLwsZTXknzm8wRFk4zPB4qndj7cp7shNN7w:18000000000000000000:OKDOT:OKMYTH
13KBtjLKyq9zMZd7ok8kQHwpqpbFrXVtWzAF6G33CEsb2GMT:18000000000000000000:OKDOT:OKMYTH
1b6VHk5421Xc8GN7dg4QAt3JDNv1EjFxRNxG33ruJHeqWeH:18000000000000000000:OKDOT:OKMYTH
16UKUJoLSQTXXfc28tNweduHZw1nhmgcjvo6iye5yjJ3Ar5c:18000000000000000000:OKDOT:OKMYTH
14Bi1fG8VbbRv8g1vHr3fUSN8UxX9ajvub4drpWAkMs2sqdL:18000000000000000000:OKDOT:OKMYTH
13KjUboEy2ehk6tckiUSTqk8RFyXnJfJkxzSLv33EEjV1b3G:18000000000000000000:OKDOT:OKMYTH
1ERNdSCBnXHHwC48aE4gypSZiVshgH8L6jQ4mL6umWYZHKT:18000000000000000000:OKDOT:OKMYTH
16VAvVDB5Pnv9qDoBnRVHGkpgn3PBmtWw4YdFzJzHPMTsCyH:18000000000000000000:OKDOT:OKMYTH
14BKEj3JJT8eadjNgj84f3hzPnkLmzGsuL3kTgMrE1cmY5Lg:18000000000000000000:OKDOT:OKMYTH
13mdyxu7RPruvMsEWKu7ePZoZb2B1xZB4G9rNsG1B5rBQ1To:18000000000000000000:OKDOT:OKMYTH
1f1FbfRau3YhSjmmsypiVJnTkAVfv851b5f1fPAThcL8dF6:18000000000000000000:OKDOT:OKMYTH
16XsWRdHTefnHUxtn2SV7oZfKpiPKbfwdGMsRGZQXi5cEVbo:18000000000000000000:OKDOT:OKMYTH
14ct41fUnyR2nZ6XSiwmRkbNb4DzmdvkFL7khNFB7N4mcdB:18000000000000000000:OKDOT:OKMYTH
13mi6teVum2zRYNivS4AVF4EKP6VhBBZr38CDRgRxPGK4akk:18000000000000000000:OKDOT:OKMYTH
1gbRspYGpakB2LHPdDX2AutNsvRT5wi6xuBx7R6FZQFH6F2:18000000000000000000:OKDOT:OKMYTH
17P3DyPv7oN67kFbu8F7aTf9KgLM6jWe7Tj2MDi17qcA3At:18000000000000000000:OKDOT:OKMYTH
14d7s5Lik4U8eHX5QdNjN3m79VTWxKa9JmNtZHhtGz2ivgsf:18000000000000000000:OKDOT:OKMYTH
13MptWnmtHaHuxbr1SNFDGSbCkBggJ3Ua2GAi9uvDuEKvqAK:18000000000000000000:OKDOT:OKMYTH
1HbQmCMXN4fJfnuLoCB9Wuh9brFa2gxoa1NR9oLkDJLGWvy:18000000000000000000:OKDOT:OKMYTH
1A9MwVLvfn5i4WhkLBWSpM2ncZCEGvSZdXbGnHoawsaS5QW:18000000000000000000:OKDOT:OKMYTH
14dBimc94zhtPoDou3DQH1iuUuUyUX1w7PBB744nhKq8QwbX:18000000000000000000:OKDOT:OKMYTH
13MVNzP1aKiPENehdqHKQytAqXQJaaASCCdduktiF8nKKHEk:18000000000000000000:OKDOT:OKMYTH
1HiJcUWLC5wJWyVHoeHJawmYqP7HAPL4M4fay2DGFLVzdXt:18000000000000000000:OKDOT:OKMYTH
1bgRyYsLL1G4NvS8nGErZnMqVT5smQVCQxYXYjyCiZmQLLH:18000000000000000000:OKDOT:OKMYTH
14dExkCK3UTm13BqXw8dt7cGhGxayoHPMWRPYnztqcN3DvJ4:18000000000000000000:OKDOT:OKMYTH
13rrCgShtA7jQYy4Vt5qL2NREgSbutVFD5PSEtDVJzBfwLuG:18000000000000000000:OKDOT:OKMYTH
1jG4nMeGFBBPvHRzYfMzaxhhVeNjAY5bm9MdMsPfdgZvpSs:18000000000000000000:OKDOT:OKMYTH
1brbg4HHqkFoHbvytCW1BTCxmRTBxnW8K38izCPnzpxKQER:18000000000000000000:OKDOT:OKMYTH
13NCLd3foNpsv1huPDzvvfyKh37NEEkGFotZnP52CTR98YFJ:236000000000000000000:OKDOT:OKMYTH
