12BCzD22JxDQiRojqo7XEmPCUcnuyaDLP9pEUPydFp166WZW:18000000000000000000:OKDOT:CHECKMYTH
13mUSsyApyZH3C7eGMPFpWwSVLc9P3JePkYinX72gMLFiadS:18000000000000000000:OKDOT:CHECKMYTH
12bdoTCQdbC8nHv2Q5TgqeLXJm4A8kJHr6NWiYc2mpzeFec7:18000000000000000000:OKDOT:CHECKMYTH
168JNw47bgTMoM91YiLrNTQ66ok94XyPNd8z77pz9jrnEMfC:18000000000000000000:OKDOT:CHECKMYTH
12BiwRKxd5xkq8LjYFcr1NFEz2rbsca9ydRFo1Q8Svu9tXnY:18000000000000000000:OKDOT:CHECKMYTH
12zViUzh15XficbnrkdZhNe3jvLgfSPUwME3WYTkGVC98psq:18000000000000000000:OKDOT:CHECKMYTH
12BJdonxNRyMExrbRd7FPMNWn3D7K4q5gxXL1XwYKzhiVSW6:18000000000000000000:OKDOT:CHECKMYTH
13n6y3LY3LvAn6psjMZaZGvdKEHysn93yxECtKqR97cTfJSz:18000000000000000000:OKDOT:CHECKMYTH
12BNHSprMm2XEEZtcyZfCyuwo7x3E4pZM4v77sUqgkBsBc5p:18000000000000000000:OKDOT:CHECKMYTH
168SEXCfBLwBnsjBEJUAVz91je3otpRohecLrtNvvharEXFW:18000000000000000000:OKDOT:CHECKMYTH
12byZemiE8Lryd31d88Qui6jPYJCX4KrRrvYcLdRrYZbDE4q:18000000000000000000:OKDOT:CHECKMYTH
131hFn6maGa5WEpDuShY7qscgeMjYtTvGxvUgfQoHA51YiYq:18000000000000000000:OKDOT:CHECKMYTH
12DqJusB6J2kGtfGyFWq2QeDPcWYC4XwxNs6EvhCxEBaUEWg:18000000000000000000:OKDOT:CHECKMYTH
13NL6cwSJe58wESDNh5RBsVXqTdeKR61EXrKA9Zzy1aweAdY:18000000000000000000:OKDOT:CHECKMYTH
12dscbqnY2MhuX1FWdGLUiEcTB1J7WJ991PZe7mP228w1yQe:18000000000000000000:OKDOT:CHECKMYTH
168TiCct9BBiSh783kjKeuQmYYhRyLs1u4VSSSMkExtVbe17:18000000000000000000:OKDOT:CHECKMYTH
12Dz9WqmnbB28QCvPXRXA5Wd9wXqzuYVDpYrPRvMg7VCxb1F:18000000000000000000:OKDOT:CHECKMYTH
131NqhPZJxrbc19NoNSGmKgCVa7YrCBcHhVxycmZPh4s1qhW:18000000000000000000:OKDOT:CHECKMYTH
12E8cBtfRLdaaFS9K7EyLiY7vNHPDhRZf1eWn4jzbvzJmQiC:18000000000000000000:OKDOT:CHECKMYTH
13NTrS3Po4jtW3yinTsxXaghBVEev2yEyGHnePW1yxDV8wRr:18000000000000000000:OKDOT:CHECKMYTH
12EYKZTva7cnJoN5pMEkFSSEgFiTqcbDwJY7vitxcnjPdG25:18000000000000000000:OKDOT:CHECKMYTH
16a8mDb5TcLRrgjs1nYjzoJKytGGRRnmD2AGk7uwYfXy7UKd:18000000000000000000:OKDOT:CHECKMYTH
12g2xEXFeNsbMYkYf6JbdhvLLLyztpf6DThYrk5BaecvwZXE:18000000000000000000:OKDOT:CHECKMYTH
133vGtheE8drkXtroMKX2jhS48jd7sFMPNfYySurZ17ECL6u:18000000000000000000:OKDOT:CHECKMYTH
12gjXnvtQrywAAqCB3odF8J4x8ULsHpadj7iToPzAKzq6Jic:18000000000000000000:OKDOT:CHECKMYTH
13paVaHFcbFnN3GjvMNVtsxsHsH74CXKLNyo5giMaWw36QUJ:18000000000000000000:OKDOT:CHECKMYTH
12jBU4rxe6pzEvq4An5PqU8pb2DbijjewLVNyGe7nYic57nm:18000000000000000000:OKDOT:CHECKMYTH
16ASMHYARD2VNySFfPfjj36KZ2xs2kPegK9oGdqkfGPYrTrP:18000000000000000000:OKDOT:CHECKMYTH
12mKYQupFbfuiho2eEXeEYX1kTZJLN2MmYhQxPeGg8VsrS75:18000000000000000000:OKDOT:CHECKMYTH
1362DLe8mt8Aw13orp3TVHAPbLQmFx2W2dED9UBasarW2DYz:18000000000000000000:OKDOT:CHECKMYTH
12ms2bAqigJLFtwQQn4fXBT8HkU2VtPqajBJ5g2aqaSFgeVG:18000000000000000000:OKDOT:CHECKMYTH
13RCuNLRoLkxEzHvASweBJfDDy2B4uNb1igLzc5D8BiTqLur:18000000000000000000:OKDOT:CHECKMYTH
12namf5nSKagCQmtib3Z8TBX47TBac5N7yKyjLUaT2zu6yat:18000000000000000000:OKDOT:CHECKMYTH
16AXxmjYEbYvx7SbQDMzHmGJvQnZwxfSTmFiuJo8x6HrrEbt:18000000000000000000:OKDOT:CHECKMYTH
12NiZt8B6xesaxkKxkWWhgK3qXUQuy6VSbqCYGX4Jbw2yZd6:18000000000000000000:OKDOT:CHECKMYTH
138tjAygA7FaTqxiTt8F2dNuVfRCzuCHrmomzyMX4DDb5d1M:18000000000000000000:OKDOT:CHECKMYTH
12NSwHTRJpneUcbdfBs3oJYTy9tW8GTzKe5JCvbBa1D9UjQe:18000000000000000000:OKDOT:CHECKMYTH
13RHLe2wXDRN1eAS9N9utcxN3fWxghLA5RVgkECw2WBznh6n:18000000000000000000:OKDOT:CHECKMYTH
12RbBoeY3KKEBM6y84EYLcHDFaAETJ9fkSt2P4G6Cf6kmi9F:18000000000000000000:OKDOT:CHECKMYTH
16f7nL9sdMUco2idgiS4u7qxBp14t9S4rU4ySnQDwjKvJjkb:18000000000000000000:OKDOT:CHECKMYTH
12rv4U4nkYwpnLeQqccVRJQqkWDRNCpYTMxcqogb729SCNsq:18000000000000000000:OKDOT:CHECKMYTH
1391u3gsVgALGPBAhRoo9PThP8ntqAzNSn7UU7E1rihPrac1:18000000000000000000:OKDOT:CHECKMYTH
12s12xAediHFc8TKrd9PyLntztpz2LJz8Gdw6vGgmmgY4Fqz:18000000000000000000:OKDOT:CHECKMYTH
13SfeE2eXHVmSz7F9WL3CNn7xGMFNCBU6P3FdJ1k687GFojB:18000000000000000000:OKDOT:CHECKMYTH
12xe9UWygnUFefiMUennpRyBXF39ZCjmYDXL6bFWZUBzdHEn:18000000000000000000:OKDOT:CHECKMYTH
16FhF2WvLd2WHyRN4K8Y9gtsv8mBJWua7GfkoadYwR65g34v:18000000000000000000:OKDOT:CHECKMYTH
12xiw7AkPtWwFsLr7fRCZLkqyeYbCXTRqtthbutVFz5grrgU:18000000000000000000:OKDOT:CHECKMYTH
13agzXuN1U9uVLQCgGhCUaj17k9ih6gJKL8hzWPFpgREqyBT:18000000000000000000:OKDOT:CHECKMYTH
12ZFxSohaMoHKpDkaRRvGcbexDvqkcajN6bZ2bAQMJWB2NrN:18000000000000000000:OKDOT:CHECKMYTH
13tqQs9SUhRvaw8PbBcMuvoqSv61Chfv672S8oAMMK52J52w:18000000000000000000:OKDOT:CHECKMYTH
131EYEE7CgguEczeyGJF3nLyDGKqVyGC1JMwgsPY5oSS2W73:18000000000000000000:OKDOT:CHECKMYTH
16fjei1TmBTeG13n7h5mPprNKSXDJqy6vqDVRkU2BP7ev1UV:18000000000000000000:OKDOT:CHECKMYTH
1334Sd3GZ7K82BRNsgDMXX1r91rZxmN4EEhfNAxW7gPFqAou:18000000000000000000:OKDOT:CHECKMYTH
13BuR9FNqNcbaEQumNai23HsH4J4wDMEX5ZLRNr6pRuhgra1:18000000000000000000:OKDOT:CHECKMYTH
133VNN8XCLdwYUsRq7ykSH3zTHVvFzpRrf8aTMAx1tLXVSmq:18000000000000000000:OKDOT:CHECKMYTH
13Ttn42mE6bSub3dZ7ipQ8jV74goNyFNWucXsqbemcMCdppC:18000000000000000000:OKDOT:CHECKMYTH
1369u7rFA1DH8NnTmLpcyuuBr3iTRmkKTyM3FNM9NHo5C9wo:18000000000000000000:OKDOT:CHECKMYTH
16g1ePYQUWkGE2MopFkuS5Dy2EpGrYCdY6wXZZfaktmE88uZ:18000000000000000000:OKDOT:CHECKMYTH
136MxWmcerB5TPa4f1QEUtcraYD6Js9wadmtxxMsKezsdcCp:18000000000000000000:OKDOT:CHECKMYTH
13dfnVHg7UFFhuV8RHUyiinNLhFHg7Vgn1AKSi6Y36E221Zk:18000000000000000000:OKDOT:CHECKMYTH
1398x8Yj81Mijy298frdYZ1S6XGxYH82Mc4nNVwd6S9xJ3QF:18000000000000000000:OKDOT:CHECKMYTH
13v3DAciK19hKad3WKFP5Fp14vdZCbNkbTU3xzywMmkoLPdq:18000000000000000000:OKDOT:CHECKMYTH
13adfejnTjqFvYB8QwDtiL8GSHLahHbE61CAMbW6ekKMmK67:18000000000000000000:OKDOT:CHECKMYTH
16hkBpbcXijz4CK6iwZbw2YmEn8pzJq6tZ5vinpLR9mM17vm:18000000000000000000:OKDOT:CHECKMYTH
13B9kYbS1yoHLcPVJhQz56eFDi9i5bko2jhWdRUE75AaVBVu:18000000000000000000:OKDOT:CHECKMYTH
13DZ247iMx4jwmcktEEamY6X4bSYsvfPMULrgEoLk6bH25C3:18000000000000000000:OKDOT:CHECKMYTH
13DhwC3oEPVw9cYraNRTJLTPK82tED9GkUR9HXqeAAPyQJYa:18000000000000000000:OKDOT:CHECKMYTH
13VeDgaVDRNXvSRpAfFmsXKHs9yifn4A7KME2HF3dVNsNsXx:18000000000000000000:OKDOT:CHECKMYTH
13dJxJQsrNwoBd2LvUUtFNaWgARuTH8n3Qe6QFPAvaSb2yRY:18000000000000000000:OKDOT:CHECKMYTH
16JCH8oXZj3WjbJKB4tAqHw11ZrrMfne159MFhG2Jp7XZRmN:18000000000000000000:OKDOT:CHECKMYTH
13dQGNqByEJva1z6CNfQqpRv7KGzeEhDRuuXJxSiruKjJ59v:18000000000000000000:OKDOT:CHECKMYTH
13E1czkX1kLMYeDSFFuXz382WwwJvbsSBwd2CE7riTpyBuN9:18000000000000000000:OKDOT:CHECKMYTH
13dV4ugsuoj727kPUaEXjpoXjH5cNUPTw3nRMQst739KL4tJ:18000000000000000000:OKDOT:CHECKMYTH
13VfMPT2Eqfa3g4YxjxgxFihSws3NAEN9kNfiK9M1EjRuFFE:18000000000000000000:OKDOT:CHECKMYTH
13ENJzTrx6WqTVAhTHXdg8C9K9QAuPgGV4hFXxezDbmaf5Tm:18000000000000000000:OKDOT:CHECKMYTH
16kEtvSjWsB9cjVR4xNAbMwZp9RfjGx3uYboqkJ1fwbN3K5R:18000000000000000000:OKDOT:CHECKMYTH
13ePRRBRsqQjv8CGVZMDgCDTAkBeRUWaSPo2Ac8Up8qtMp5t:18000000000000000000:OKDOT:CHECKMYTH
13GghA23UtWFyZ2iAGusi3WGiBuB5tAwRNBm5BwxgZLFKKEA:18000000000000000000:OKDOT:CHECKMYTH
13GEpJ6Lspoxy6mJfABA8UWdGpXti7KdaqCefbS69n6SkuBk:18000000000000000000:OKDOT:CHECKMYTH
13wdPkd9C2yrkPQ1xeZthxB1kR92VKjxiT3kXhK79puZsoog:18000000000000000000:OKDOT:CHECKMYTH
13gzv74Bdg8vRLFyECS5yjrNjzW5Bpu2iJyYr5wkJ4SaRTRc:18000000000000000000:OKDOT:CHECKMYTH
16ksb8RvN89Qbr3F8YD4UohMw7oMjvAraCEBZ5vycF7SuP54:18000000000000000000:OKDOT:CHECKMYTH
13iMBVot1b2mij6tFm2uNtJcFaBqnr8jGtZCoruNPFwEnVWE:18000000000000000000:OKDOT:CHECKMYTH
13ghhuZDHTWUtf72ijmhyk3vQ3qrocNKuGdQHotM7sSKsBgN:18000000000000000000:OKDOT:CHECKMYTH
13jPAejBvBMKFDrrwNqAyEPURvCJB2wS9m8XihT9FrMUnSJd:18000000000000000000:OKDOT:CHECKMYTH
13WH6cvrhWM2A6LFW5sB2bWGBve9jCBA6n2XPbAyRPyo1GR2:18000000000000000000:OKDOT:CHECKMYTH
13JpBrDv8hDHspAWpeMqDeEtN2Fyfd7hB6Ui2jXhRUzpgNz6:18000000000000000000:OKDOT:CHECKMYTH
16ktU3MSi9tYLCnCvoxXdqdQX8rHXoK4brQrjDs551mwFRhs:18000000000000000000:OKDOT:CHECKMYTH
13me4BQihJJkwjfC9RE9UmcVEQCaX5QEmXzGxcjb6XYx5rgT:18000000000000000000:OKDOT:CHECKMYTH
13gs11dVqcr7JqfAFDv5eyUKqZf6fUbr4Bmp9pCnaHbSwwPm:18000000000000000000:OKDOT:CHECKMYTH
13MjrJGKR4fYkQuhkeGfx19eWPeyVCcfyniQvnRK64kUKSo4:18000000000000000000:OKDOT:CHECKMYTH
13xiXzg7uY6v2j6QErq1dizCLprHHcJsSZVMWni6rTMBD93s:18000000000000000000:OKDOT:CHECKMYTH
13mnFS44BBYBRY7Ap7ajjpasFN4UfHw5v5ihZzz1YB2rhJYd:18000000000000000000:OKDOT:CHECKMYTH
16Q1LfcKrnWLhp6ZWWcCDWdfRmQdoL7HFwnamCtVivY3TKoX:18000000000000000000:OKDOT:CHECKMYTH
13N8jmgzcEmoQ15VqHM1GKQ2LS6PQcHKXKyfbVoGvcaygJJq:18000000000000000000:OKDOT:CHECKMYTH
13GXc9An983HWjJWwKDeARLCPgkkWZYEcVpn8SPu6bP9forS:18000000000000000000:OKDOT:CHECKMYTH
13pKRjHo2wvd5CbQYAGY5BNJCqttBo33QFBFNp9L2CU1NPv8:18000000000000000000:OKDOT:CHECKMYTH
13XyXppxQyriU3DYGbFLWxNy51763waaBMhxJ9NFKXS3B74w:18000000000000000000:OKDOT:CHECKMYTH
13rGtSCCpc9oBwZ4y4K3KNdCR1FVc86dPBRSM5FqmwmPJKtK:18000000000000000000:OKDOT:CHECKMYTH
16QBAs5vsLaVZ2Yht2bssb9yuKo9toWsXCWcib7TrF7Vs5cc:18000000000000000000:OKDOT:CHECKMYTH
13VGbJJtngPY9ToBhZ1WzpkUpZgGdVTB6xdGFUxiZYsEsrqe:18000000000000000000:OKDOT:CHECKMYTH
13HEDcCj1sZGSG6rhZ8qGesUVahnfWN5HogMZz56fte5Xsdq:18000000000000000000:OKDOT:CHECKMYTH
13WSRxLgrYc4RyWj9cEvSknkdGXhk3U3nRAGAweTccmG2xVn:18000000000000000000:OKDOT:CHECKMYTH
142pfkWG1ayBZMbwH9FYHpYbKYfXz5FVMdgKA6sosvn8oTxF:18000000000000000000:OKDOT:CHECKMYTH
13xdzhSztfEkgcRdkcNSJyZNcqG6BS9aTvcRMAgisAi2TNzW:18000000000000000000:OKDOT:CHECKMYTH
16VGdKTagbiVKVC3jAoqshmAPLCBR89fTdU7fonLsJkYovvM:18000000000000000000:OKDOT:CHECKMYTH
13Y5CJcyTiKc2HkJyq2CsdynU8RZe3bN6pVKVG6grHGJvCMJ:18000000000000000000:OKDOT:CHECKMYTH
13j1brwFR9abc6VQteS9xSpQMsfPhdxVM1TVkk9kpxwAzTny:18000000000000000000:OKDOT:CHECKMYTH
13YPR1JweTFfjNUQGanhZnaCLRHpuCTAhN1NQgrXHiMgUwnH:18000000000000000000:OKDOT:CHECKMYTH
148jG1bkdes6pzAnYpJVB8yvwnM1M63uUrWmaNu3A74wMTD1:18000000000000000000:OKDOT:CHECKMYTH
13Z4TJKuh4yrvQqbQgZfbHudj2mbxHA4cWhZ7BLZBQ9f69Qb:18000000000000000000:OKDOT:CHECKMYTH
16xiuTV1vmF9V2JLhnkEJNdfRvuwk3TQnFw33yXtaFP1kPv:18000000000000000000:OKDOT:CHECKMYTH
13z9mosHNKf4mTqw5S3s3nAjxk6gePj2iJt6NCEDx4k4kUWb:18000000000000000000:OKDOT:CHECKMYTH
13NbG5ygCK8dybo9CWmFJ5kMGT3gPkkYXJhgWoE9eBLbEbRz:18000000000000000000:OKDOT:CHECKMYTH
13zSRdp4MdTDXoFknyCnPt6h5UUpUgzPbgj2gx9kb7fM8Kat:18000000000000000000:OKDOT:CHECKMYTH
148ZUE8Ys1CWqQWKMTpfg2tphwy9pG8gJtLcoa53QY3qL4iY:18000000000000000000:OKDOT:CHECKMYTH
148s6pdAKnCCDd3Rj9Z4GDt8ESCX1qtCBAcRdm5MtLZXbMWE:18000000000000000000:OKDOT:CHECKMYTH
16ZkauMGhrc8medVuFgR68n8jwVZVitKdENvw6vbBTxC2S1G:18000000000000000000:OKDOT:CHECKMYTH
14ArRQMc5LdBXDK6ru5RkXJHm7kNFDcH3537amSo8puEU6PJ:18000000000000000000:OKDOT:CHECKMYTH
13ofnYUanx8SwuezFEBtgnNEpQ4Bwg8EFLJXLY34bom8PX4K:18000000000000000000:OKDOT:CHECKMYTH
14Azvs2bSdR8uMEGrAk9G7otu4fQsy35YRuSuPLqptMUfkBQ:18000000000000000000:OKDOT:CHECKMYTH
14aKPPSgHWPC1QTiHFE61wJ8wB8cJLVzLdxjMFrP65cQ6AbE:18000000000000000000:OKDOT:CHECKMYTH
14Ba1acjqkPRNvGoaizo9iBm2U4EUyqAoFNU1yWuKjiQ8Pso:18000000000000000000:OKDOT:CHECKMYTH
19PiygTVEfip5w1EHHLEzCzgna9ihwAR2uC2YoP53DmUrkc:18000000000000000000:OKDOT:CHECKMYTH
14bULkoGYeaDwoBoRiXhRNa9qS2bywAycMo5GXj2awj8wLhp:18000000000000000000:OKDOT:CHECKMYTH
13owxFrhTEtQetMYT19unBfLkpWtwaMUMxeAJMuyQzyhUbZ9:18000000000000000000:OKDOT:CHECKMYTH
14cixF1cad8Kxy9pB6Rj4joCYZvqbF74TBJy81BSYauQzbk:18000000000000000000:OKDOT:CHECKMYTH
14AyDHvh5PUT1GMutSLsPwt7CsnvGuEGFmgXCBAxeKXVESzT:18000000000000000000:OKDOT:CHECKMYTH
14dfPc24ogwPguDrH8oJx2CTShsSKw4WFDSG2FTqAqwbTH1a:18000000000000000000:OKDOT:CHECKMYTH
1cAL5JhRTqLotYCQj9XDsfcpJzSj4TU2ufRMtmLSNEVLm1J:18000000000000000000:OKDOT:CHECKMYTH
14Dq5vgJJUc6EV1aqLaEekWQMq6DBJebJJjgBQ1tWVbeiYou:18000000000000000000:OKDOT:CHECKMYTH
13R4bbuRvZ4ewTGQJnjFxLAYKUVT1otjEqeCuKXHK6ESYDvB:18000000000000000000:OKDOT:CHECKMYTH
14fhoGQdizJScKV1f89UxT47kXkDiSDGdSEdScT3bTmRg7AU:18000000000000000000:OKDOT:CHECKMYTH
14Bk9Cq8VJh6UMWRmFqChMa6bL5mTXZctovsU1SmjxXkMfAD:18000000000000000000:OKDOT:CHECKMYTH
13s6xLaspVbitCeth4YqZAQqXwJ2iTSXVGFxcRg2vWk7zYPT:18000000000000000000:OKDOT:CHECKMYTH
1CD8LsyQFczou6nKYEnyto4Ly4fuxu4dEd8oVmxP2NBDjdC:18000000000000000000:OKDOT:CHECKMYTH
14GmqLHhZMu5mTLpHCLsVqaatzYZ8L8e9mjN3aanzEXbTDEi:18000000000000000000:OKDOT:CHECKMYTH
13rNNUsMs5K8cdAzmc5cpYXyiuVhVEQRHGwxjoUxJAyfJx8V:18000000000000000000:OKDOT:CHECKMYTH
14idfbL5JgGxP9ePTidQBpjXhDNP2NzcZSQEp2i1LJwRH6qw:18000000000000000000:OKDOT:CHECKMYTH
14fe55HbVrt69nrVVariKyw6QgfLRBeQMRkdSH8uDuhNtvaQ:18000000000000000000:OKDOT:CHECKMYTH
14Kce9a3KFeouGyg3zcsh2mJjTbbeKCoWk4E4bc9pNaqb5TP:18000000000000000000:OKDOT:CHECKMYTH
1CPJMRfttaXMqh4JFzDtchnUxEr87y8BfQcTVaustFnKjDh:18000000000000000000:OKDOT:CHECKMYTH
14m6PweYn9uNk3UNdrq6TAswn4dsyU5WJRbsKb4XvVon6jzt:18000000000000000000:OKDOT:CHECKMYTH
13sE4kMMGUg9fdvHLzQdV1V5EQv57s5nUGXubYZQ8wgwEzGE:18000000000000000000:OKDOT:CHECKMYTH
14MMEiuHinzJWqwWz99eyVCXqJnqzvvrnfYBFFGW89pukdDz:18000000000000000000:OKDOT:CHECKMYTH
14fTzznvP1iSBYX1HibznXLqzRkU48sWX5pt5Nwo19Ft4ULh:18000000000000000000:OKDOT:CHECKMYTH
13s3mExwRjDXhWSuGWC3gGP4jTADzpUGQZaiiwdXadzWmzZN:18000000000000000000:OKDOT:CHECKMYTH
1eC92931dKn5ciaPmUEAxqMyfhATtSM2KaddFVUYgjMhVHi:18000000000000000000:OKDOT:CHECKMYTH
14rX94vES5qic1bVe9kBqX3hUbPac6CQwi6niFWLwniWGa6u:18000000000000000000:OKDOT:CHECKMYTH
13uuULbcteLUHQfKE6yhesFhML2FkbRrxZY4JGCjPtfssTbL:18000000000000000000:OKDOT:CHECKMYTH
14TWwmXstStQcHuoT6ATbyevcMPjG9h3MYGe5oJG43jtgtwf:18000000000000000000:OKDOT:CHECKMYTH
14GPcGYhVT2PWywgUu8CzJTNryMNQH2m7E49FArtJuKCJ1Dv:18000000000000000000:OKDOT:CHECKMYTH
14UPUderrQEHvHVm5ArS9UB6aw521jPxLeRXSB7DCr2uNkq:18000000000000000000:OKDOT:CHECKMYTH
1eH3wMdU7mG9cMa199T4FaYugPFQNxfTiqUEX9fcUeaYdFW:18000000000000000000:OKDOT:CHECKMYTH
14V7fjT2sf4VQorxDVru6XiRSoD6MBmvr5WVM4wcnaQsnJjx:18000000000000000000:OKDOT:CHECKMYTH
13uY24F2jeaPjkd3S6EwhaSZ3d7XXBFj8PGPuNp6RuSEhmsY:18000000000000000000:OKDOT:CHECKMYTH
14wjDpWsbioxwAab615JYmh4aLzkPKzKgwaq6n759PuUiDud:18000000000000000000:OKDOT:CHECKMYTH
14ianzuV1RnyxEFgNQoWh3o1Z447iY8ZotuynBsMpqjWWMbG:18000000000000000000:OKDOT:CHECKMYTH
14XuLHGfNhqiG1GJWHeXYFQFrYBqoYGGdRJx67WKGLhwrpo6:18000000000000000000:OKDOT:CHECKMYTH
1erP4yLkfMXeqGmhBEuJNPNgTYi4csZhL3VdbYJ6uQHdWkU:18000000000000000000:OKDOT:CHECKMYTH
14Y8f4v7jNhNyTnWMm53bNAV6pkRjJEaJnGDcMJwuQAcrhF5:18000000000000000000:OKDOT:CHECKMYTH
13v8jjZrzqrDh8gHGZu1GcS39sH3vNtiojEeXCviYRVEECCE:18000000000000000000:OKDOT:CHECKMYTH
14YaXJ2yeBuQzxNg96vLjFR67ZGYiYmHpLVPvnzSmfXJSrrX:18000000000000000000:OKDOT:CHECKMYTH
14isu6twP1aqvkkZAr3Cp5yeCTM7Jy5Sn1XLs5gNd1bz4t99:18000000000000000000:OKDOT:CHECKMYTH
14zH8YyV12vCcn4FymYwscRiB9cum1zZus1NwziyDkhBfLwk:18000000000000000000:OKDOT:CHECKMYTH
1ESPiDFs9WoJmSP6psuZsS8kAyRgxmMtQAdFBCQHnsQCjpH:18000000000000000000:OKDOT:CHECKMYTH
153hFkpBT8puE3VTYfgXMok62yz1ttW5EJF5VQc9WK8HsRHG:18000000000000000000:OKDOT:CHECKMYTH
13wYbptNpcgkYvBqHjtyknKwuc6wmgHFp7H5uYitby87iCYP:18000000000000000000:OKDOT:CHECKMYTH
15aGhSF7HunfcpGmTF6AavG7iKx67E6yTXwJDBXa6mnbjJ34:18000000000000000000:OKDOT:CHECKMYTH
14kvpmqynPXoqPyAUgqX4xmMizLv6N13GWq4qYRayWgXAeL8:18000000000000000000:OKDOT:CHECKMYTH
15FnZy3d95yNfPyqaRWaNgfpdQH4M8VtvnPzxvYSEyw6sddK:18000000000000000000:OKDOT:CHECKMYTH
1Ew97wKJWKc6wfHnGfJxJT389WaS5ZzoBrhZRDbk3EL4VVG:18000000000000000000:OKDOT:CHECKMYTH
15iFPxFvZ3do3nJRpjbmCDfmR75oS8ebuRReBzdShtzEoDx3:18000000000000000000:OKDOT:CHECKMYTH
13xCJdD6dew1GsY6t7qsD28hpnw28jPiX3d3v9NKjB4LecDC:18000000000000000000:OKDOT:CHECKMYTH
15iTzjVDb9s3qFdDhrVSSreb9WaKYoYv5hYDiPtRVeyjMiK3:18000000000000000000:OKDOT:CHECKMYTH
14MAdQfgD66ayYek3dxwiv42uygNahNQYH2aYwX33PkBjq75:18000000000000000000:OKDOT:CHECKMYTH
15JdeNyauYWZfMUCHwFjyUVSCXweGoigHxs3NCK784rGmgwJ:18000000000000000000:OKDOT:CHECKMYTH
1FMSCkJYXVPiW6viAprNh2D7aF4EXFFtrEsEnSK3SPeMTw2:18000000000000000000:OKDOT:CHECKMYTH
15K4ZAkD3JSaBfg4oFXNJybD5M9HLAKAa9FZBvGMb3uXZdXy:18000000000000000000:OKDOT:CHECKMYTH
1461rNCVPqiFQC57t7YbBRnFQGExSF4bmmDTrVGudEsiT85R:18000000000000000000:OKDOT:CHECKMYTH
15LpPM45wMQCYsBhSVPzifX6BixkpKYXMDgXg7oRbyapALYB:18000000000000000000:OKDOT:CHECKMYTH
14Qwr5dESk8cbQoyZCVuy3hKN26A5YdFEn8mR5VFoMpdA6Ya:18000000000000000000:OKDOT:CHECKMYTH
15MMHTMy73sbRejXSoFHcnF6LSVsYxUw9LGTmTxSU9JiQyNC:18000000000000000000:OKDOT:CHECKMYTH
1h9QQ6nh25eT4VLXR7dR5juW8khewcDZ5cqbhAt1vkMwF39:18000000000000000000:OKDOT:CHECKMYTH
15o7kEZ9AdJncLYcaN6WhqQEQhyY6s2Xjh6K87LTCrmc837z:18000000000000000000:OKDOT:CHECKMYTH
147wjykFfJpd2XY3BVPM7mnq1orBdgyJoxNinGYdkLhDVkEH:18000000000000000000:OKDOT:CHECKMYTH
15oCxSa4AXQxLd1qfAyZLtKe8vYZXuomYkD2amEDcJJLgqmt:18000000000000000000:OKDOT:CHECKMYTH
14SMPrRiRTrvWMBt8eizVPWxMH7u2MukgyeckJJQtsi7zAa:18000000000000000000:OKDOT:CHECKMYTH
15pCoBKJASXpwtwy7yXk4HteBfBn1Wn9XFLXZy4XvgHGs8YS:18000000000000000000:OKDOT:CHECKMYTH
1jmPejUo1joH3ochUWMaCsfQVAoDnqbr7ZNHp1tAshRUNBp:18000000000000000000:OKDOT:CHECKMYTH
15Pogs247qGy37TykavYXvJnVJEYmAReVdZVavq4nA2Aowid:18000000000000000000:OKDOT:CHECKMYTH
148Ds7b7XUuEoWNphnhUBvb6FhznGGsm2rBPoxsY5KdexN6z:18000000000000000000:OKDOT:CHECKMYTH
15QD9tyRmV8pYvmdPe4Z1czZunq2znv8Ypfp7wwfFGA9MWSV:18000000000000000000:OKDOT:CHECKMYTH
14T7U77keweNKqHVZymJboJ7pys8mXVSokFAAiyLefJ1LCep:18000000000000000000:OKDOT:CHECKMYTH
15rKpaSEwFKGRmwGMEWjr3Dqhpo274RPYzUkpq2VjxL4pgFm:18000000000000000000:OKDOT:CHECKMYTH
1NcRx6z7c7TaQdeSftYNQBfNmfCnTPYv8MhB28SrysDib97:18000000000000000000:OKDOT:CHECKMYTH
15rZY5woqxxkkYDuX55sN6Ywp93Fj3HZaSbS7anDDwA8Sgth:18000000000000000000:OKDOT:CHECKMYTH
14AaeacZE87xecw8hu1qMTHyPRkRtTCvL7Kj9wPQ39mjbaRv:18000000000000000000:OKDOT:CHECKMYTH
15Sar9NX6xMtQXgWiRocNSf28D51Byp6NE8ZZUj31LdXMSp3:18000000000000000000:OKDOT:CHECKMYTH
14tsFLvZAtd2Dnhdcun7NdP3Zax5yFGVLw3Qi6iRxsiArqiV:18000000000000000000:OKDOT:CHECKMYTH
15tdVJWn5jEy5zr8RHjjAQYsQeKwddW9adETR65RLN1YdCHZ:18000000000000000000:OKDOT:CHECKMYTH
1NqJ6C9B4pR4sWujTbfdwrHzUnRUK7efCnkdwKqtr3RuCur:18000000000000000000:OKDOT:CHECKMYTH
15tuyj7HTT2Dym5omMMgcxWELXCzew5RHPswL6a3DcBPJPrr:18000000000000000000:OKDOT:CHECKMYTH
14ArktZZt1AccHyP8UQibaWhJchT7yn9nSGKHP8ULFyNqrwN:18000000000000000000:OKDOT:CHECKMYTH
15wwRCLN9pCJSx8AKD22C8q4HfXiyG1LBk8KkwMZkyeqgCUn:18000000000000000000:OKDOT:CHECKMYTH
14ugNFvZYHcq9UHUV75Hi55WhiCad4gqgCREfVsc7ggUSosD:18000000000000000000:OKDOT:CHECKMYTH
162GeSTTX1UEYAGA49ccyCunsdkWDq9iXKQxwmA8ZWe8PAW2:18000000000000000000:OKDOT:CHECKMYTH
1pnaLswCTpzBEb1xvP1mihScj5CcD3kdsSqkipFBfEpFqwt:18000000000000000000:OKDOT:CHECKMYTH
163KJPepVWbCDviqFUa7GvHnX5vsADrd6JA3hRqDSgryNRq9:18000000000000000000:OKDOT:CHECKMYTH
14cvdgwfzwVmmLboRoGJJenk3A7V94ymp91UnrRvtLkfJwyb:18000000000000000000:OKDOT:CHECKMYTH
165MefX3qauW87NoVVQeH7cMVn2z8kx6xGzD1QzKNHBXA1sv:18000000000000000000:OKDOT:CHECKMYTH
14uno9tLn8B62k6qNsmnvQccTcqZGE5SFvotcw22yFeXswA7:18000000000000000000:OKDOT:CHECKMYTH
165w9ZDbZouCiazFid1TG2dBfJ59KaYi1JWdBezgLkfc4UDK:18000000000000000000:OKDOT:CHECKMYTH
1pnTDPmuoRkmqDRBdTcxcLYyffpnYcx5fFdeD3eLcwCVzRo:18000000000000000000:OKDOT:CHECKMYTH
165Yo2KbxtT8FcwzgEhq624hyKTTaA7mvyGFnhvN8JeUBxgJ:18000000000000000000:OKDOT:CHECKMYTH
14DGcCqgBT3FRvLAAPJZXNFYiNLiK8EJDYwSxdTB92GySLkG:18000000000000000000:OKDOT:CHECKMYTH
167yhWeUQJwjhNSS2dFHu3dPwEc72emLbEWWfPdSuCTBiapu:18000000000000000000:OKDOT:CHECKMYTH
14Vx1HURC5oEaBvm9LMovTPaYWqBwcbwygWTh6o2DZtrxFJP:18000000000000000000:OKDOT:CHECKMYTH
168H1rgCw6rBHZHND8aCDGGd4Bc2351SfkGmLWwVCKSruLRy:18000000000000000000:OKDOT:CHECKMYTH
1qViiwt8bBrrtkWBQkAnRBFCP3t5Zn5gzoHSJQAm4A7khNm:18000000000000000000:OKDOT:CHECKMYTH
16a5md3ssd9m8kkPdnsEWeUDTMarmjuxaK1NE6dyig6WoLf2:18000000000000000000:OKDOT:CHECKMYTH
14dGuB95F8YKfYJavtvxhUtWEWSWDjWbBU2fbPmyJzXe5JVm:18000000000000000000:OKDOT:CHECKMYTH
16AfpGTdkhsNrKF6dDtkkhUSyWZCs1v7qaQk6yiTQRZWXDMa:18000000000000000000:OKDOT:CHECKMYTH
14w9XetR4K2oF2t9uyYVq6qzRmCX73n1FALP4hbizJEkLGgR:18000000000000000000:OKDOT:CHECKMYTH
16afuWtDpf1SGoboniGi6rkJsXSYU1Dp4RMzRMyz5dkBBDnK:18000000000000000000:OKDOT:CHECKMYTH
1sJLAQR4T2DU94DxadMVVKTpwsK5nbykt5uyY2h146bkETw:18000000000000000000:OKDOT:CHECKMYTH
16aJmsVQCeuNrFR84PtT9YiFjBvcXR969TFUmPUbbyAZNHkN:18000000000000000000:OKDOT:CHECKMYTH
14dRGngkYvwEyKfwH6SBrQuMb2hC8UM8mPE8dzMVAbVArxGi:18000000000000000000:OKDOT:CHECKMYTH
16funfbEkSf6fHr874fYUPF98iQ49tE64LZmAmpYL4jJAo8c:18000000000000000000:OKDOT:CHECKMYTH
14WDWEn7ATAWiz1JTvqj9HKusygz1cNZnZS4zEeAbj2QHawG:18000000000000000000:OKDOT:CHECKMYTH
16J2brwaqM4dNzeUqjpeYAxQS2uqpkwdaj9pS2vbgJXqwW5w:18000000000000000000:OKDOT:CHECKMYTH
1sSZxRgUKGfmXzYbMEDTTe1gYfkc9vhYezPvbyNoB95FQau:18000000000000000000:OKDOT:CHECKMYTH
16kXA7noTZgu4a6hLtugrEruFaDSpxrt2Ty8iHvMDVnwMrPE:18000000000000000000:OKDOT:CHECKMYTH
14DtodPZmFdRgqfBuDJfadJCnARgUcXNM7AemK6EsSQB5kcR:18000000000000000000:OKDOT:CHECKMYTH
16m31fRjh6yWbJ6xRSosUeTXrTpWq8FAzNrXS9UdKP3PmtP1:18000000000000000000:OKDOT:CHECKMYTH
14x6GGce8zUUUnLSgLW7pFUQ9KnNfS3rufxm9353MBTjTGw1:18000000000000000000:OKDOT:CHECKMYTH
16Pwd1ekDcDp6kL6rcaXvMLgDa1maiEaWkUw7x416SHh4A6r:18000000000000000000:OKDOT:CHECKMYTH
1uoWWccPxwEhw3tULeFcmdqBXS4P4Mbb4nUUEJr8nJQYXon:18000000000000000000:OKDOT:CHECKMYTH
16Rie4Zw7jt6R3VqRFtL5ToXoZ82x7HNt4tWVYiEymmUy2B6:18000000000000000000:OKDOT:CHECKMYTH
14dwA3zmWASDMPo3eqzhmWyQa1rCuWTQxbtUcV9CoEPcVL5s:18000000000000000000:OKDOT:CHECKMYTH
16S8mJzuSqoXwky2qGje2k7iteZVYo6mbgof7xXcSDyRQJMv:18000000000000000000:OKDOT:CHECKMYTH
1vaH3sNbwTGYRwtdrBm78SJSfN5kwEJmYi2ksuAWS5k4cbA:18000000000000000000:OKDOT:CHECKMYTH
16SpeUKdwSnRBS6BqmpRJbyv2hq9tutJkmcGMi3XUH7yv1YA:18000000000000000000:OKDOT:CHECKMYTH
14E5mJycWAT5jdvcbJ13kaTVx21W6Z6fXKHJtziLMFRJhJaW:18000000000000000000:OKDOT:CHECKMYTH
16UpDWwgwnTru5xkGqaMVn38iRNCJpisR4MNeQHY5ZEb9tCx:18000000000000000000:OKDOT:CHECKMYTH
1ZDkrFKxE9iGP3obJBVy4YYfTc2Vzbnbc9ASPrkjj8koENx:18000000000000000000:OKDOT:CHECKMYTH
16UZv2xfcQrDcWB3baPtPL3gnnmgAYpKrYe5Mp2q722APBRC:18000000000000000000:OKDOT:CHECKMYTH
14EJHVssbDwhwD2n2TUSTK4X67qb41gtNxPkWgryvE3T74dZ:18000000000000000000:OKDOT:CHECKMYTH
16XGdNA46p5DPth1EoNCn81A9HCTduiovEEVt5NmTV4wWCg:18000000000000000000:OKDOT:CHECKMYTH
1ZXz2JL83BJ42T4sNoaVf6FhmaGMUeLMtmqkLeoVs2jabTb:18000000000000000000:OKDOT:CHECKMYTH
16XhRUTFkUrh3GMNmymXWCwAoWETphk1Azr8vdzqruZy3bJN:18000000000000000000:OKDOT:CHECKMYTH
14fUjB1kGAuE8aZrnR6QSvxjksi4LW2uDniXjtJWB2iCL7Lg:18000000000000000000:OKDOT:CHECKMYTH
16Y4anNJkCWz2VD33mjafudreRQA5hyfmak5t8EkKWdNAQif:18000000000000000000:OKDOT:CHECKMYTH
12YJ7DghqG8LnqpdWGKURF349XCrocfx6QLT8SAe6SFg7aza:18000000000000000000:OKDOT:CHECKMYTH
19y5dnmETaAcrxN98XZde1P3UrAR2HjcpfVt6S42rSK1vXZ:18000000000000000000:OKDOT:CHECKMYTH
14GHspVV3zQBtsWkPxyRQfV6wq8m3Z5oytoQZByV8E4ync3d:18000000000000000000:OKDOT:CHECKMYTH
1eaPenPwuoZJydVvRLgDcRQviH3x4vBr9KSoRZarqVPc1MW:18000000000000000000:OKDOT:CHECKMYTH
12YdZH162JT5exgtinMMQaxytBX7zRrkCCYyDiCYyjUE7YM6:18000000000000000000:OKDOT:CHECKMYTH
1EnMnHLqpvckkqr9HC8MAWTnWbvGJpqJgPpu1nuQ1TEA75T:18000000000000000000:OKDOT:CHECKMYTH
14GiaUArpLRpRHdQNCa76wKoZCuUZ59mhDtdbPPnJ1TjTXqA:18000000000000000000:OKDOT:CHECKMYTH
1EUSWkAji9WmjCjteZ3hbnauYCXfEW2biL1H5vmLqvRpyJZ:18000000000000000000:OKDOT:CHECKMYTH
12xLrUncLKVAmBforWHFnhf6hLdhvxNujQs4vvubPrzswxLk:18000000000000000000:OKDOT:CHECKMYTH
1ggXsvMNsmMjbPoKGy49NTCimyz3DvqovySiP1wkjo9czcL:18000000000000000000:OKDOT:CHECKMYTH
14iGGF7NjdZ8XP3ox6VmPjZ6Laa7dinwqKfvjTLf3G3ebXmm:18000000000000000000:OKDOT:CHECKMYTH
1GybtFVG6YtwkdxWnrRM53mNJj8kj8a4v76WXb5sMJsN9jc:18000000000000000000:OKDOT:CHECKMYTH
12xFxEHt2nWjY1qag7EXjAkaagHqqMp3yh7iJC7jXGxTibUh:18000000000000000000:OKDOT:CHECKMYTH
1HGGfxEQoUkB6j1Pnqb2zEgU7ko9BNaRqRhSx1vrG2qNF6f:18000000000000000000:OKDOT:CHECKMYTH
14irjiogym3K4TtwmnYVQL3sXSxgqKyxqSMeQEeGjxEmt1vw:18000000000000000000:OKDOT:CHECKMYTH
1jpmnoJB44zL4QXoixvfh6WtwnnMDas9XrHdKhtzvXsaPhS:18000000000000000000:OKDOT:CHECKMYTH
12uMmMZSeexGxkbPFtVEtFxuErJRKx9UPW88YEUuAihykoQR:18000000000000000000:OKDOT:CHECKMYTH
1LQd2rwDTMDmxaP5zeZRH9pScZ2xsh3yxj8FHgVe7e7wJQB:18000000000000000000:OKDOT:CHECKMYTH
14Jg4DNRAEjLXBa9oSBsYjkLepERjq7CfwALF5XX33Vwfuve:18000000000000000000:OKDOT:CHECKMYTH
1mgyVWdZumDBahufHeLGjTxL8fwpu71qtGuWyswmtrcWsUt:18000000000000000000:OKDOT:CHECKMYTH
12sLV5zGSVS74pdbvCuguLsuKsKTdGQoaZ5ur6xsm25f4DdA:18000000000000000000:OKDOT:CHECKMYTH
1pQ5BAkKVTi765hAZbQA5o44zAUA3BiyV7FPULhvZSc9LcT:18000000000000000000:OKDOT:CHECKMYTH
14kkNXiv4u2xVxR9yrKTYG35URtueMi2MqiVLQr22E9zqLWw:18000000000000000000:OKDOT:CHECKMYTH
1pURpZH2rQR5qA7QXvcGLjWkjQgMX88Vg7d1PRBmNCF85Vj:18000000000000000000:OKDOT:CHECKMYTH
12rtpmHPNVMpqvuNku7t2LG7Nuaz7P3wNPMwg6PZoLWGgZPh:18000000000000000000:OKDOT:CHECKMYTH
1pxpu9UBpaz5w3wYvNFEc5HSUvK5Y6mb26vhGV8bGmFg8z9:18000000000000000000:OKDOT:CHECKMYTH
14kuVRA1BqFURwJZfvQ2Y4naMW8ejbD7JnMNzQH8v2AinKUD:18000000000000000000:OKDOT:CHECKMYTH
1q2jjbErKLordYr2yhsvy5TwatVVsn4AoPqjucp53iPmqwM:18000000000000000000:OKDOT:CHECKMYTH
12rofXoTFkAtH7A4pM2cKD4H66yHXBZuzxNiS1VicCZaZjap:18000000000000000000:OKDOT:CHECKMYTH
1qEC3trLoDdzu8tPjurks7LFo5qKYfTeGJA73NQXFexqNj4:18000000000000000000:OKDOT:CHECKMYTH
14LAzs3urH89nW375rbWCnzKqXTMwRU2ENodV8scKTqQcB8:18000000000000000000:OKDOT:CHECKMYTH
1QeQX1vWMQY7eHANaFFvEAgDLjqoyex3CmpBY5s5Zzg8LTL:18000000000000000000:OKDOT:CHECKMYTH
12rmrncrfaDQRuJJpuMhtQTYBn5rummyMsptPaGe3uKmj5N3:18000000000000000000:OKDOT:CHECKMYTH
1qNu9ypHXt32LMz7YTnvUAnMRKfpzCfsJn7gNWhSSq1ycYE:18000000000000000000:OKDOT:CHECKMYTH
14oN7TBx8rPyou9SBh6fwPYT7KeSN3Ub5aym4z7sRjCB2owi:18000000000000000000:OKDOT:CHECKMYTH
1RKojpk8bbKifcpH1r8dVobv1jfhQ9K4MJ4ekNJpxn6iMXP:18000000000000000000:OKDOT:CHECKMYTH
12QtouwkbtJVZ2pajqzDktYA9pGkbEk5AD8o1p1c7GUg5Vav:18000000000000000000:OKDOT:CHECKMYTH
1s2cXhjRkB3qVPwbe9aeVNhrPd3oDxpXzoHSRFqcEUzLUdK:18000000000000000000:OKDOT:CHECKMYTH
14Qor7dNz2G1bxUqwoix4JYXLUCkNtGDwcbCMtDpdLuQJDPM:18000000000000000000:OKDOT:CHECKMYTH
1s6sT1EJsRXwUgdT97qhG6Q9N4nBed92GWNdTgwDiDky9qP:18000000000000000000:OKDOT:CHECKMYTH
12NUB13inhW8fyiyc28BWyuNBeh7e1Q8U6z2r3juna2PQatm:18000000000000000000:OKDOT:CHECKMYTH
1sj74YY9etsvMgnA6NLzahacRMqFJzkdTJB7imVcJb4wvc2:18000000000000000000:OKDOT:CHECKMYTH
14QqJSa4kdCqcm1zMiDUjURtDr8AVUZsKJLKr4HVKLqf7Gbo:18000000000000000000:OKDOT:CHECKMYTH
1ue6pTyCNsvpHGZtmQyrysHHULMdxZCWDRcDBCYbFvLgxXt:18000000000000000000:OKDOT:CHECKMYTH
12NB2tVyMgAX6DeKU5BnrXAVWh7jrni39EuHTuCgpDvUysRX:18000000000000000000:OKDOT:CHECKMYTH
1yFLR9MCUA8C6FuirJBz5h7i48hk1gya1ir6aif96Z3tKtK:18000000000000000000:OKDOT:CHECKMYTH
14rdkSq24R3CzrHTRnzx3ECu3scT7KcxF4bEXmuV8zibAXqi:18000000000000000000:OKDOT:CHECKMYTH
13iqJkqbS3siCJPeWYxNeLBi7HP7CjJ2g2sPmZQx4LVJfHdJ:18000000000000000000:OKDOT:CHECKMYTH
12NAwwNRKUa9iP3dgFYfhkY1Xfd2v6uWUJM6itp96DMradzj:18000000000000000000:OKDOT:CHECKMYTH
13JtEzAWPXswuNVLfK5qpTU4r554G7DXWQh2fNpB9agTJLJZ:18000000000000000000:OKDOT:CHECKMYTH
14rW4STfX2QHnaKjne2FBBiJep2eZYAmL2U7aHWiBBhdbG7A:18000000000000000000:OKDOT:CHECKMYTH
13kzzmiCv4HzHiNy7LhXVSBw4QWyu7kmG1aSHiQSECbqfH6x:18000000000000000000:OKDOT:CHECKMYTH
12N5YVFaEwfajkseoYQaGjf8WfkTmC8jTAdvybbUju1ki7YC:18000000000000000000:OKDOT:CHECKMYTH
13L27xMfuYWPNVmZinQXQW9kPeMVGCRqPFKVTq6CjriLYKck:18000000000000000000:OKDOT:CHECKMYTH
14SYsa4rc1NySUMSyHv4RNjwqzTzko8aRaM1FGBT7mH6uV4u:18000000000000000000:OKDOT:CHECKMYTH
13Q46TLJz76AZdneZdBPywgaUp4gU4Q1AFR2z2F9JcaAyib1:18000000000000000000:OKDOT:CHECKMYTH
12mvSyKTXdymMuBKajN6WEgFm8RU849tKowwcanPsCNrwvsL:18000000000000000000:OKDOT:CHECKMYTH
13pjEwaeNT44tm6AZfZMy4kfy1zwYnPSjRxSxwRS6fSnQRii:18000000000000000000:OKDOT:CHECKMYTH
14TLfVGqAAsFtFP2JsvMon1d7APYqPCwvHdLYRDjoAJ1JULK:18000000000000000000:OKDOT:CHECKMYTH
13pgxTxN4hKeND4HfpJkdKacWpKna5viNSmDDja4GB2h1nGC:18000000000000000000:OKDOT:CHECKMYTH
12Mofs2Xq7xKYc8AsCp9zpgZyeRGN9oreVizxon5tpSqSefb:18000000000000000000:OKDOT:CHECKMYTH
13mZoDFZtV3NwTWhos8S1ZHZSosBSgSdPwq29M6WRKdb9Xs5:18000000000000000000:OKDOT:CHECKMYTH
14uTqAiPZmzen1niAG1WBVkN7C7Z4bvHUxm4NoXdSyuCk3j9:18000000000000000000:OKDOT:CHECKMYTH
13MTrpuEprmRYbKaHNLe7msZGh2yew2yM5ZeKyamHQvkZj6t:18000000000000000000:OKDOT:CHECKMYTH
12mJpTU9AQgwUhAWo4ezh7JuXAyA4cK22xEFYBi8MXX9rDU4:18000000000000000000:OKDOT:CHECKMYTH
1LCHaQmD3TMzTCY8SLSxWwEr7PeuwzPkrc28FbgAbT2U39T:18000000000000000000:OKDOT:CHECKMYTH
14V4kdYGPZqpKbUAt7xVFfbog49AoMKWbVEx9Gy9uuVKqjJ2:18000000000000000000:OKDOT:CHECKMYTH
1KgH4iXQKp9sHEzNHHyEqVrBxf1xqbsegkdExW8a6qLLmUC:18000000000000000000:OKDOT:CHECKMYTH
12KYLKR6ndhsVeyXDewfrP6g9QNBJRYp4kHdDQZqLTrjYwNn:18000000000000000000:OKDOT:CHECKMYTH
1k92FAYDeRLxZM9kqBmTNWHb1ZRYbMFWJiJwpcEn42FPkz5:18000000000000000000:OKDOT:CHECKMYTH
14XdwmK8eKtYnimH2YafrrXEF9AEp4Yay1QaGGZqVfc13HJg:18000000000000000000:OKDOT:CHECKMYTH
1jKh1TfWjUqLYFANcaBVqTntQqVG8UHh99Qj391QLFB6hJ1:18000000000000000000:OKDOT:CHECKMYTH
12H2cRBaV8MUf6cTkxf3DGQpH6hyjf2a9FVSVozhiSUoY6eX:18000000000000000000:OKDOT:CHECKMYTH
1HNH7HVfGiM3ksmQC38buCkKEraV9GR2J3qVwNWut8ixzAV:18000000000000000000:OKDOT:CHECKMYTH
14Xj8uJ1RWFADnemMusczVCZEhYhx5uLsVm72c4PRdTV671k:18000000000000000000:OKDOT:CHECKMYTH
1hDHiWUPFakgfhw8V4D8eWzZ7VWFuDvRgmeBpmMK38NaKjW:18000000000000000000:OKDOT:CHECKMYTH
12giaLF3GifzbXWMZzd7PtmVDVoJdDbiGGFXyKvQwcZZzETP:18000000000000000000:OKDOT:CHECKMYTH
1hB79oaMfsE781v7eAf2SBenoHWM6EHRSnF9uPaxH8g1iYC:18000000000000000000:OKDOT:CHECKMYTH
14yrSh4sDg9m1xMkLbSVwfYG1k8PeYsSu1X65HRw1BKAYdth:18000000000000000000:OKDOT:CHECKMYTH
1guX5fwp4nPhZafWu5dzxpM398JbTR6W7T6mfHrq856Ujth:18000000000000000000:OKDOT:CHECKMYTH
12CDGGLUai9B5y6HvXTFhaQJnTZzbvqBbixyv6FHEQd8wDuz:18000000000000000000:OKDOT:CHECKMYTH
1ExLW5nTdomPkYFRwDziMMEeBVrZJapvTmLVzjFMSsEHNNr:18000000000000000000:OKDOT:CHECKMYTH
14YUJj43F76TAHU9etxbXJYjskbYDdd1JCqg2fmPYVtpWqpr:18000000000000000000:OKDOT:CHECKMYTH
1epZNCLsRKUyvFKSgcX46RS7kdJepNZwBcejpVwghtE4sqM:18000000000000000000:OKDOT:CHECKMYTH
12bYgLYvCv9ZtXtRmwpjrrMvseYDRs6Eb3a9vzwGBVi2pGwc:18000000000000000000:OKDOT:CHECKMYTH
1emEZt4MhZ9ihuoxrhtf33VcS3fjvQMNCNbZMEZGRST3B6A:18000000000000000000:OKDOT:CHECKMYTH
14ZfPoL3tbojStT2vCwKwkG4QTqRbHFP5fAb6qGEFd2HSWW9:18000000000000000000:OKDOT:CHECKMYTH
1CXbufkQd8jiuYFAix4SNrXSAGUjaESVmGr1vCrWFAh6W4g:18000000000000000000:OKDOT:CHECKMYTH
12BYBZZW5c4AZMgvBh9eZB8ja6RJSNMdczVKs9Bs8Gout1h8:18000000000000000000:OKDOT:CHECKMYTH
1cMWRy3SACJN2mzncudScPqjzjzV7PgcKq7DNYjS7fFzWQf:18000000000000000000:OKDOT:CHECKMYTH
14zZUBKu4eYkfzvwBECHPSe23sgcGWoQnzVGBQGvyoMFrMYc:18000000000000000000:OKDOT:CHECKMYTH
1bpw2455yLMAENjhEpn5r1Cimo7TRp6t4apiWg7USCPBvZF:18000000000000000000:OKDOT:CHECKMYTH
12bXAq6MGRJTHZCY8txma9taHJ2Aqz8j6y7uRKdpb9pdwAaj:18000000000000000000:OKDOT:CHECKMYTH
1bnQLzXzS3feytnpvYF13dY3fEPrKrdw87MAwxZvJMGgH1F:18000000000000000000:OKDOT:CHECKMYTH
152h7UDYTYptgBen3oCY9wsAGsdt8rBRkrexUkh8pPbrgadc:18000000000000000000:OKDOT:CHECKMYTH
19nx7BwjCYPCF5M5cDof5uaMvbYSdUqhpV3WqAvaywquwgD:18000000000000000000:OKDOT:CHECKMYTH
12BvcA3KJGV8niALHvMdcgor97maN1VJKrePGjTZhqPqbG4F:18000000000000000000:OKDOT:CHECKMYTH
17TcNPx6tKVfC8fcmtQsnNophw9rMXBfjHmrXy4zR1uWKYY:18000000000000000000:OKDOT:CHECKMYTH
152pWbAknQsnEAcEgJDNb4y1PQWUE8S2whDPBWGDkuHtq6ey:18000000000000000000:OKDOT:CHECKMYTH
173L6BSgraJe8jFaUSjASGs5inUSCUCTNsNNNXsAkMb8Qx9:18000000000000000000:OKDOT:CHECKMYTH
129U8Hx1K4BAKoVSnKKfiakhLor468ip5WUVmXAwdrsi3g9d:18000000000000000000:OKDOT:CHECKMYTH
16UXqvq29c2pz7yjcRubWgNA4CyipkBCQB9fdbtDoTkESYis:18000000000000000000:OKDOT:CHECKMYTH
152udPUNwbw7uxfnAB9iMHCY3jieJ3EXFG8VYjiuzxedCy17:18000000000000000000:OKDOT:CHECKMYTH
16SbmoipptXPSFUc1QP61VkfJBWyUWkK8CbZg8s5YXvnmdUM:18000000000000000000:OKDOT:CHECKMYTH
129d4wF4B38vkcfuFMmUWTAw3XWuGrVh1rKFJAfhMRTCfsnr:18000000000000000000:OKDOT:CHECKMYTH
16QH1GLrkDRy3sMnhsecy6br9FsmDYSN3hZsFWw4RySrHxsy:18000000000000000000:OKDOT:CHECKMYTH
152VtxzNfLuNdvZsptpShfmZk1hSUzQvya6nXyVuaYztWNSz:18000000000000000000:OKDOT:CHECKMYTH
13mR5Fh6qQyZgy686HzoVRY76h8QAKpBgDSNdXeK6Nia9HQL:18000000000000000000:OKDOT:CHECKMYTH
1294fj9SmGcKCsg3iH7R6s951KwdtNn9TZVMuyPnMWJVV3Rc:18000000000000000000:OKDOT:CHECKMYTH
13mPRM64LZjpSwKaQhSpdKFwZQ4gpNC9a7iUZj15kuNynKs2:18000000000000000000:OKDOT:CHECKMYTH
158D6zTusu7igFKXwa4e53UYNdj5J1Nkt6X6rn6UCNdNbkvf:18000000000000000000:OKDOT:CHECKMYTH
128a7Et7a76nYKTpZG88JZ4QsZ77bSauJt7MnAfvUdX9KuKN:18000000000000000000:OKDOT:CHECKMYTH
128owvNXDko76sd4fFQugtGv5CrXdoHFQnrHkEh5KVHKvGQw:18000000000000000000:OKDOT:CHECKMYTH
13pemCQx9ZDCLBXCmMDXyze8n9GVZ631qhwS6duZXChH2w8a:18000000000000000000:OKDOT:CHECKMYTH
15Aa4nx92acsLC9Jvhzciz6QQ3w63WF6TPr2gGidHdNjryMt:18000000000000000000:OKDOT:CHECKMYTH
13G84hU6gpE8A8HqmRWGBVpVXo8HycnsYndVcf2aAHBvM2cw:18000000000000000000:OKDOT:CHECKMYTH
126k4uV8MZoBBJzGqXzKMDm8y4UPC6UBgRMfqycMuQVe7tJe:18000000000000000000:OKDOT:CHECKMYTH
165QArePLpgvjdQMAw8FWat961jCPso2VAEj8SRt5mUewkYB:18000000000000000000:OKDOT:CHECKMYTH
15b1JMmmGyMAaKPxtqfgjvA6GLjFwZpdAMpWTqsyWBZjq2RL:18000000000000000000:OKDOT:CHECKMYTH
12j2bYLoZPdzn2Y8wWSgzNNSHjkZFekLxfo4JnNs4vkri2aJ:18000000000000000000:OKDOT:CHECKMYTH
126hyhiQ3tZ17doBDuCqCggf8j8GjqaDKWKxfSM7eVLLwCws:18000000000000000000:OKDOT:CHECKMYTH
1654VPT6rJZzUeAVWNBYS2Pi9Jqm1TVfipoXw6xrjzSR3Aiz:18000000000000000000:OKDOT:CHECKMYTH
15D1YnxpTex2K4C7nwAk6NZNC339zEVhmATeXA2xjEDS9RDk:18000000000000000000:OKDOT:CHECKMYTH
13udbcbvRzJj6C4YFT68EnodrgVVAY5tWCE3zmg9TteZp9v3:18000000000000000000:OKDOT:CHECKMYTH
126GAKej9DZMaQZbsnCdaDtRMLeW6fNka1zWkjGEKeL7hG5a:18000000000000000000:OKDOT:CHECKMYTH
112FK6AWK9jV9ZygTJdPuYiCU5xtTZDdhMKBbx5X1AvGfiSw:18000000000000000000:OKDOT:CHECKMYTH
15DC1vyW4VodT8o1cGbjx3wZdbPybHAf4yxwgoh7DoxSxYxh:18000000000000000000:OKDOT:CHECKMYTH
123e7rChZMeh4t4Q6pjHAnHVtHSnUn2QjmsWNqTJmnk1XKry:18000000000000000000:OKDOT:CHECKMYTH
11255TNMbmudwTL9KnxR1WTVk2EUa9JiCNzcDuVW12AxXFvA:18000000000000000000:OKDOT:CHECKMYTH
1267ipqgGiBpDGFwLQ2Hm2SbZSNu9V614NPR7fWSyR3WQDs9:18000000000000000000:OKDOT:CHECKMYTH
13NCLd3foNpsv1huPDzvvfyKh37NEEkGFotZnP52CTR98YFJ:236000000000000000000:OKDOT:CHECKMYTH
