16kwH5nFAJKgiz1JXySb2S9o5CSvgyYG8s96wdm9xbzuxGoG:18000000000000000000:OKDOT:OKMYTH
139MBwhaq47stZ4mwD9ZXjDScrP1Y6SSPyNWBTNQTozoQAqj:18000000000000000000:OKDOT:OKMYTH
16k4hcLBXR4j27nBAe6aST9BXYNDgY5RRmUNfrSnhdvSJAp:18000000000000000000:OKDOT:OKMYTH
14YjYGBr9RDb9WjEtezbrkdFjp5EmaHKhivobsBYHTTB5pvC:18000000000000000000:OKDOT:OKMYTH
16MAxpxUEeKJANEjoEXWJnN86NP1Hh9JCz753Yqm5JvZuQox:18000000000000000000:OKDOT:OKMYTH
1k7mcw1qc8HUmnKFQHui6yeNVrYCR7HKZQUPY3G65BV2Gr8:18000000000000000000:OKDOT:OKMYTH
16K3gFLKLQZoQk9BbinuZKBKujYZqGvGHmB3fCcRzbjmkabZ:18000000000000000000:OKDOT:OKMYTH
13aj2G5JaRkdzmjKM6nvH11iCQxm5W1UECKVG9sLWNAwpRbz:18000000000000000000:OKDOT:OKMYTH
16PA4TT74okEw31YaiVYreyvBgNCVAR1cP5U93tjzjSgiLbp:18000000000000000000:OKDOT:OKMYTH
14zygvwgcLj9gKByNJTrNfjbdUUEvVevzY67LPyEa5THgU3T:18000000000000000000:OKDOT:OKMYTH
16hWBQNSUhdzxsMsF7airsD8WPWmsHeAYHtZCoMcFuxVo8L6:18000000000000000000:OKDOT:OKMYTH
1Ke6DsGcc9XmgDGygkRQmBhQxhTD2DUFFLmDFd12Zsb5Are:18000000000000000000:OKDOT:OKMYTH
16SBviVWek1yZaCV2vvC37HY3eBEem88PeVDxakA1uEu74gW:18000000000000000000:OKDOT:OKMYTH
13B8T1c9m3Nts8fxsyQa3j1L6YwR6W111FCVzCjGhpi5SLK5:18000000000000000000:OKDOT:OKMYTH
16f86GiAouy54QosoQtKGd51kGXW2eVrS7HRmBmiUp1UDpt4:18000000000000000000:OKDOT:OKMYTH
153ecQHHjqwcEZ5M8HzvDYwaKK9PmNqgLsLC8MLPciwGWNUK:18000000000000000000:OKDOT:OKMYTH
16V6ZAxfV4CQvfTf7SRFWDYRCjePTvfum4NPVDVVVGfgt5QJ:18000000000000000000:OKDOT:OKMYTH
1kG73aTSwTfjYjVsTu1LJ9pjQ1trBLPsQ38yGVF57EaEs8w:18000000000000000000:OKDOT:OKMYTH
16cmGGW6w1MzmTitappfxjDTGu3zvTsUZvCYxqCs8EBz3hQj:18000000000000000000:OKDOT:OKMYTH
13BhTDE6cHZuHRSVSaA7VpfA4Ve2PbvCG9ZQDAaUXzqYPwdt:18000000000000000000:OKDOT:OKMYTH
16Xqhc2Tbx8sJRvK6Bqd8V2bmESXpWyThPpddvPEb6Ed9fMn:18000000000000000000:OKDOT:OKMYTH
1584cyGsaguVTHDaageLKfSx2epb5qrGNvmey34sHTbr8iCD:18000000000000000000:OKDOT:OKMYTH
16ADZjYfkSAjy7waJEAPfep3xuuz9sCk5pCeFedvehGoeFnf:18000000000000000000:OKDOT:OKMYTH
1KVoqQ6A615ua6SRi1kf1dxWePY4WK39P9aBuEhLSnJbw7A:18000000000000000000:OKDOT:OKMYTH
1bbm9VDThXu1UdeqBQFZaxq6btJdQCJPQSYPV1cK1wUodXG:18000000000000000000:OKDOT:OKMYTH
13bSs98U83Gq57fQzPcfajfFMj7TQXWggeh71qgoSa6g5sG4:18000000000000000000:OKDOT:OKMYTH
168JSEH3tR6CC6LaNuCkNsDwV3VNDipW5BBXiWVaE8FCZeeV:18000000000000000000:OKDOT:OKMYTH
158rH3Hoe1ZH16JYV31T9YXevAGJUJTi5XYU3q7YkXWPmQRt:18000000000000000000:OKDOT:OKMYTH
1Bkm5TxkqytEwg1ZBS7b1MfswhfSJCJBwBW46CTLNK2G6Gn:18000000000000000000:OKDOT:OKMYTH
1LDt5jehY2YHhHeRvAaAgKaVyBcUHbQxh58UWRN2azZgyVg:18000000000000000000:OKDOT:OKMYTH
167N8PYigZhQ7n4H1dKQdPN3qpFvB4rB6K7FTrTTt7sFfU2t:18000000000000000000:OKDOT:OKMYTH
13ga3YVHPfwE56eMvKRJUfaqRQtKrG4hrvw3w7zRF3maiY7V:18000000000000000000:OKDOT:OKMYTH
1CRkHee9tXnryuB4bcpoGnR73wXkecRfPppfuP2FsHAL6bK:18000000000000000000:OKDOT:OKMYTH
15aiKib4vNoMCKEoTwQcs5cMQX8NjZbkKiSRhgttkVLCXePv:18000000000000000000:OKDOT:OKMYTH
162XYQAg3Kpj2RUk7ogePNoaNjvTpT8ps4kj4AE7eVHfKEdx:18000000000000000000:OKDOT:OKMYTH
1mdqY1Gip86XGoWWjkUyC3rG4pLbvoLC6DjMWdaqKDYQP6y:18000000000000000000:OKDOT:OKMYTH
1Eme68BjGx7YSENBWCZaxodwjgits1sJCT3pyBWJhbLwea1:18000000000000000000:OKDOT:OKMYTH
13GckNY3B1D9CGkwXbWG66yuNwCqVkszjPwRSmHJBx16BNf4:18000000000000000000:OKDOT:OKMYTH
15yvVMxhpX4fMEJ18zDbFCmr4g7oDxGmMVcsnaFTTz2YqrEm:18000000000000000000:OKDOT:OKMYTH
15awFgFBTiedysBF5ugU8YhuQSPXVMejLT5rrvBURzCj5rFX:18000000000000000000:OKDOT:OKMYTH
1EpF88RhiR19dyAzU65wQt89hUDyFvm2hGK1DYokDgSfmJW:18000000000000000000:OKDOT:OKMYTH
1nBBqJFwPmaWb79vsbV85jnJz4W4985ZxGDfawAtxZZyPuf:18000000000000000000:OKDOT:OKMYTH
15wtYY6ZgDAz5LFQfayHqtZQpCQsNoQqh16PozoKsJi6K3Rs:18000000000000000000:OKDOT:OKMYTH
13gkbsXiNeFqkeKFd9fP7UZGFycqSQhv1JPc4eX6fVj5EFJY:18000000000000000000:OKDOT:OKMYTH
1ewKd9dR9WPZUGM9N453PmDseWgA4V9fKcziVQVDmdem3C8:18000000000000000000:OKDOT:OKMYTH
15AWW1oWh1pjh4vu2YfcnBPtWEnmJrgiartLUe38MT6j24wn:18000000000000000000:OKDOT:OKMYTH
15vwLAiFWch1Ftn81gPDToWK9ttu2vuFpK85yrCPJUC1Q84P:18000000000000000000:OKDOT:OKMYTH
1NpAa4QPorMPgukSo57vrjm4aUG7GhZLa5pCUHdpEvnq3Em:18000000000000000000:OKDOT:OKMYTH
1gQQkzPMszr6eJn93vKcsNwgJAnQoPhhhFQwFJkw5Si6KUW:18000000000000000000:OKDOT:OKMYTH
13gSxz1hNowhb5zc6jRBnPS2PkNe1zbaByT1JeEB2s5ab5b2:18000000000000000000:OKDOT:OKMYTH
15u3zEk1Ahe39etEmioKeHXqzr9MGqFBA4qPaXZcaBCDUuve:18000000000000000000:OKDOT:OKMYTH
15BP2HvDDLFbwcLE5pb4vGKtP6UsiTdJynSeBTxSyPTHuEpo:18000000000000000000:OKDOT:OKMYTH
1GskgK3xsZ6AW6ztKzj3vM2wTDrDPxBkF1sL11xVf2fFiNa:18000000000000000000:OKDOT:OKMYTH
1qFjo54AtDP1VFuibr3YYVhCtZQVLP5uZzFDAon5kG3REpW:18000000000000000000:OKDOT:OKMYTH
15SjEzMBrGKvvgnG9pfd5pArSwURi1ncToUwdYcnE1Le1G4r:18000000000000000000:OKDOT:OKMYTH
13gZfxNqkKAQ7qBEcXnw3aeT5FCLtE9vjEVYkwZ679kJCRgg:18000000000000000000:OKDOT:OKMYTH
1GtdRsGPqXXZnWLYrZpfSeyszZ5NUf5NPaG27NY8tDPBHqi:18000000000000000000:OKDOT:OKMYTH
15f91mBvFri3x6CCYWhc9wWZZ1kbek9L6uXXfAdVGTQQDUmk:18000000000000000000:OKDOT:OKMYTH
15SDCHAemeyCi2FitH2AiHLy8yd8Y1obV1e3mdBR35zVpjZQ:18000000000000000000:OKDOT:OKMYTH
1Qzw5GqJp5ph7wWzRseRxQYitZLCbocUyXNmtFW2x4wKVAg:18000000000000000000:OKDOT:OKMYTH
1GxZHUK4HF7oVSctrgqvU2fTrdWWYiam4UtDmRD6fkoEJwz:18000000000000000000:OKDOT:OKMYTH
13jK5SroZDnV4zDbFTfSBwMfVLjMSEnAspKU7j557CEPD5Yc:18000000000000000000:OKDOT:OKMYTH
15rTjqu38uuW6P6uXwbvLUPgSUCSXyf7QG5RsWL3FHc14YtP:18000000000000000000:OKDOT:OKMYTH
15fM6No1ZkWABZStC5ha72eGRPdAovrtcL8Fq9Ghzb7ey1xZ:18000000000000000000:OKDOT:OKMYTH
12zZHaFYKq8W75csJVZ578Jh9wVGYX7jwd1Gof6g7RpD94Cz:18000000000000000000:OKDOT:OKMYTH
1R4mHZnJmMivyfKxAjs1FkpF3NjpT3siRAEnVgnQp1dS6L4:18000000000000000000:OKDOT:OKMYTH
15QLoUbxKBxQzcMmP3LJbuLeCiyNNDwhmZs6JjDTP4rjDxoU:18000000000000000000:OKDOT:OKMYTH
13Jw4oMLxhhbef2uAKHrCp8DRA2z2W9YCuL2D72vULQXXntp:18000000000000000000:OKDOT:OKMYTH
12ZNyoMgFL1KSNyvRzdT7s5qquKatnpzfLAziQfQ34KKDpjt:18000000000000000000:OKDOT:OKMYTH
15fNf6irE9nVBYH5xvVijfWPQVCJ6NQMHzrVSbocwbKoXZPb:18000000000000000000:OKDOT:OKMYTH
15obSD5fHcAgHSzrQQE5DnB5N4UeHH8B9fxPDFtr8qPa1xMn:18000000000000000000:OKDOT:OKMYTH
1R6SuAKzqTScUk3xdPRzDeXT7ZvyEYYsT6ZntzTk25HqeFF:18000000000000000000:OKDOT:OKMYTH
12zmmiKe6yt4jwzEJhSY8xEMiA8MindyRRjEPH6YNSvTvtjX:18000000000000000000:OKDOT:OKMYTH
13Ke4NTEAT3hZzrF3fdLUMrBeiGyfFpUN7QWXFPgLQv9ijdT:18000000000000000000:OKDOT:OKMYTH
15KPcHQmTNNGr8uZVQVxSpejacJHhxvN8MA9zSvbm2GbSH5T:18000000000000000000:OKDOT:OKMYTH
15FqpTxRn3V1svZ2TyvMeG8r8L61afqtvYS816pP9YQbcsH4:18000000000000000000:OKDOT:OKMYTH
12zhpvrrKu4wutZaoQ4eUwCQv9SzXdnchng925pzruCNkeZ1:18000000000000000000:OKDOT:OKMYTH
1RJMd2b8Bu1YMwrLY35a4hsVPmCwQgRCNDYAxi513wrPGUD:18000000000000000000:OKDOT:OKMYTH
15iAmbWpTpzPBkWvPNwQghDFtk6CTKfuHJC1CiogZgmepQtP:18000000000000000000:OKDOT:OKMYTH
13KyvBupqNR9QKM93XgfS7RdtWnGxfoYrEmykz8Z66fB8c9u:18000000000000000000:OKDOT:OKMYTH
12wuayS6LRWvKqQ5GmpYaBAZuTRtUo7kXveepnXG6mTc81fP:18000000000000000000:OKDOT:OKMYTH
15GTu8zHNkjyjqgbK2Xu23hZ52ACgjJkaPa9ZmDCFUaoZYeJ:18000000000000000000:OKDOT:OKMYTH
15hxDG6RUJ9PVgiLsMsv47yM29fNjF7JdmHvZjaymRFbAXHP:18000000000000000000:OKDOT:OKMYTH
1sz1n5MoiHX4EEXZWcNgA33HGUmP31yHeTnzLZMTekiPn2w:18000000000000000000:OKDOT:OKMYTH
12TNp1ZXCWbY6gPGQkE3QjbLbN63tzVBKqksyNuWCrooA8CG:18000000000000000000:OKDOT:OKMYTH
13MjMzHG7dwJVSPe1kvzayuA4W61MrTLRoHeCsS5NVh5W6t1:18000000000000000000:OKDOT:OKMYTH
15hwhreRRAKUKPumAKFZStyhRRk7fVUaB6jNmePfEQir3s2y:18000000000000000000:OKDOT:OKMYTH
15ibXRCfHBvJ7KTyJNnRuqMxPsWL42MMYd9MBkUcKqdVMgp2:18000000000000000000:OKDOT:OKMYTH
12TidHSdHS9HjFp76PaJnSjvCpRZTYkfz2C3y72QzpDL5EVz:18000000000000000000:OKDOT:OKMYTH
1U7tJZ4sRWBBaQyMnA1SimzuiHz1MjEtmLanoRc2Dx9PFce:18000000000000000000:OKDOT:OKMYTH
15gHxUti3GQKhGyfEv8EDw2fggH6qPKRXHNDxu3A5m11ZzVn:18000000000000000000:OKDOT:OKMYTH
13p11K9gwK11Jb4gnyhk1Yijc9tSj2W312g9SuRPwZr2kfz5:18000000000000000000:OKDOT:OKMYTH
12TB5CaeDiJQMHY4UvXBFJNQWEgbUFSvCSJ7HjgeEVybtKon:18000000000000000000:OKDOT:OKMYTH
15JKKinFE7brDorBTLxqyKYkUxkxKyfSPx191Dpem6XbG1Qp:18000000000000000000:OKDOT:OKMYTH
15G782Lm9eEB98t9GKgpRtiZVRUExyHskCU2mxpxhbkkBKqr:18000000000000000000:OKDOT:OKMYTH
1UJTohEQH93GodbTEcR81Ld81GCajEUcipwaFCMUJyHSpf6:18000000000000000000:OKDOT:OKMYTH
12T2Yc5D3sTwYXHzMwwyNK2eauK3EBEy7YUfQtFnJexzkXHD:18000000000000000000:OKDOT:OKMYTH
13p8zCGH9xFEpETmvAcj3xSwGVnXgcF9u6ai8vdgP18uWRQQ:18000000000000000000:OKDOT:OKMYTH
15DgvR7XcR36SkWPRvCz9X9f3qzHHumSz6YbHZw2aokquCCJ:18000000000000000000:OKDOT:OKMYTH
15JNkTHeB88TgbzXFGFNMtEUekPcRHUZuQDx5qoy4sqX3SuW:18000000000000000000:OKDOT:OKMYTH
12pqmPYrzoPVseuJqM68Aqg6nfENGyLuvqd2rGU7psYSnsjW:18000000000000000000:OKDOT:OKMYTH
1x8DYDkh5xjt8oU61GtHyS7px4akJQky4kUHXhX7JULPbCe:18000000000000000000:OKDOT:OKMYTH
15DAAmRRBvnB3LAVEF5RQEvG4PVS1iNkCwvLGv9PFXed4TRy:18000000000000000000:OKDOT:OKMYTH
13QLdtnpcHZCNciYaHmJJLXkGrXKdTxoLr3cbtETWhHFUuZN:18000000000000000000:OKDOT:OKMYTH
12ovNpvNqAEC8VEXiUXo4ZV3bXCsmaug2pyteKVew4JWxYoX:18000000000000000000:OKDOT:OKMYTH
15kd9DTyD7qrYfkyDrwz7qxSAMXtW6SHdsmqRJbP2BQTmuv7:18000000000000000000:OKDOT:OKMYTH
15cjUtPXLoZKV8pfnJMmasYKiafGcXCHzk5mgahHiJ1aJxJ2:18000000000000000000:OKDOT:OKMYTH
1yCzeD9mAER1N2wga4Ux5N3CKzEmLnRUP23Vr1FfumNRszS:18000000000000000000:OKDOT:OKMYTH
12ouh5LnRojVMCakPVyWFjDECiLspRRV7mScY2Zb1fap6LfA:18000000000000000000:OKDOT:OKMYTH
13QTNXKQ35LLbNTbBU9s4DbuewYU4kckcNj9XnuqnseriYKE:18000000000000000000:OKDOT:OKMYTH
15chyZFuSjjYitcAGHCVj6mipJYgXtxo7ucuzrLZPTQwuB3p:18000000000000000000:OKDOT:OKMYTH
15kNjHX3DraBPRzsgEGfAfS1V18BMJDFNDqy9tNmfbXw6mvr:18000000000000000000:OKDOT:OKMYTH
12Ntwps2W3NeeDXiJDtxb25g3JWYhc7yXFdNMRPhetbm8Eyc:18000000000000000000:OKDOT:OKMYTH
1yMTUAHJbtUZgpRk7bEJ5fSKXzXcpyRWisUgqgCTMezsZps:18000000000000000000:OKDOT:OKMYTH
15BRT4mbvrW9yr9LhBDxPyQWBqNv6DwhNS1jR1LhZrrMYG8r:18000000000000000000:OKDOT:OKMYTH
13rawDZgugkvpA9LeUMsdqU1MtWY9XGJiABsZ14xVSwadKA3:18000000000000000000:OKDOT:OKMYTH
12my7ibHPgSNys54kcXA1pukvn1ps48ctNN1uaN94K8Wdxwp:18000000000000000000:OKDOT:OKMYTH
15ktPGG3y87EMysJ2zkNuv4X6qGgr39sqynToXdFcv2dUdJj:18000000000000000000:OKDOT:OKMYTH
15aj6ipoXgHx4XroSBQw8nBvsZzDGNpbz4h6ghiJp9e6CsBo:18000000000000000000:OKDOT:OKMYTH
1128gyQRB2qZKiz7YXSQmJKm1kZSD9JvtVaGs1dttg9j22St:18000000000000000000:OKDOT:OKMYTH
12LL8TUQXKce7DuBaWfm2eo8uakp6Xm31Aoanvety9SR1S8w:18000000000000000000:OKDOT:OKMYTH
13SdLoFDQPh1sFbUohztihhrocq53EcpgUBZAVsZkVtLhefB:18000000000000000000:OKDOT:OKMYTH
1585RBBE1dZWjNtVRkhx8LduokHet59pkwoicGHSvSFZ9tkb:18000000000000000000:OKDOT:OKMYTH
15kZxVzeh4ZA2p1afMgfGd4GvMCAGdgnaEy3YSoLBvhpyi8M:18000000000000000000:OKDOT:OKMYTH
12KFp8Qo45DWx7Jah87LcDgTM9KXg7RnNaotrZzvR6Uh52Pm:18000000000000000000:OKDOT:OKMYTH
11yQUuSMkh5AY7rwBioEXsmLwV5HoMYUaeK9mmjnLZ3LRPu:18000000000000000000:OKDOT:OKMYTH
157xvFrjojiPCc1D7wr2n8DN4BrHFRTz4xJRhQ3UxE38cXjF:18000000000000000000:OKDOT:OKMYTH
13TgjachnDeMDVfH8wrsCsqokmPDYefe3sBtHuRAnV6JT5a3:18000000000000000000:OKDOT:OKMYTH
12hHmntGKivSwvDkmJFDedzRHTNiy77e7CGLHrXQmvCu6ZDx:18000000000000000000:OKDOT:OKMYTH
15Lwz2e2LwEa1swNmDCvFuh6aqsTk5fiZFp3dYPQAQu98hZe:18000000000000000000:OKDOT:OKMYTH
156DfXif56LKYFfqsjtWbq8GKtNMMQjLpiJssm5UDQGeoz71:18000000000000000000:OKDOT:OKMYTH
123kmbvzAc73ADX7w8w8iidPKB3hcmKTMNJhjBygcrga4VD6:18000000000000000000:OKDOT:OKMYTH
12H1cRyd4ZWTMnpL66gGLa1AAnwrqj7xcZ9gF2hEMVwaSt6F:18000000000000000000:OKDOT:OKMYTH
13unTzK5RnpFANLbKn6h2gH4qB6HkDUBXpBzuPqbXDH1ZD7m:18000000000000000000:OKDOT:OKMYTH
156CHMnXTYs4LV3bghX9rgXGQoDAY8T9TJrbRcDy8rRVtofM:18000000000000000000:OKDOT:OKMYTH
15MSEoeYiyUHLj5gRJV2LYNZqxKFMcv1X6yDDC9kemEbp4AV:18000000000000000000:OKDOT:OKMYTH
12gmfzuTUfjHRvw9B7sYQ6C1yi8UYAN6AU7Fv51CGAsuvkvc:18000000000000000000:OKDOT:OKMYTH
128uMhnT8ivvPCbe4tf9BRxTufWxG4NHPNaikZ8VaPMpbmYs:18000000000000000000:OKDOT:OKMYTH
1566FqiPtQ5pdT38hZq1uVLYGZfHyZNDha3A5D5nKDzXmcq3:18000000000000000000:OKDOT:OKMYTH
13v5WsvveffSMovksKtYvBX3tQ3s2bAm19KDjSpGtrfUVUmq:18000000000000000000:OKDOT:OKMYTH
12gLcgiFg8ihaznePUETaace8GyTyRcps61hAt7qqsS8Pibs:18000000000000000000:OKDOT:OKMYTH
15oCEs9eFfQ4LC3kdJQD2dVtZww9E35GEWNKuR19Jo59ZXEC:18000000000000000000:OKDOT:OKMYTH
1554KwHBj1u4jts5fX7rDo18zEpCQ3K3dDShKGAR9JFnJghY:18000000000000000000:OKDOT:OKMYTH
12C7rKkDJLGqLHEypvrt8AJAnb1Ck6eWjU51kFKayRwdqqsp:18000000000000000000:OKDOT:OKMYTH
12fwuC14VxLjU6LyUivy63zau9Pe6enquwSm8vBFEEzTsQDS:18000000000000000000:OKDOT:OKMYTH
13VhhmECNJ8tXs7rvvcfygXTiBucXXMubFhd9UPzisRmCQZU:18000000000000000000:OKDOT:OKMYTH
152uVivBrFsoMuNt3AwJR6dR8hBof5GvFmrmBSN5Xof3mwfX:18000000000000000000:OKDOT:OKMYTH
15ohgsAGj6z3efQdaA9n5h6qxhx8DyVbHqXC7oEH4dejzCK9:18000000000000000000:OKDOT:OKMYTH
16PCur4Yp8cV8CLb5K7izNBGawiGzFA3Gfo3Sqhi9Uzicqzq:18000000000000000000:OKDOT:OKMYTH
12dhovyF2V6yRJ8DWCzuKVozYh467UXzgj7pQCWQXzPDCLa5:18000000000000000000:OKDOT:OKMYTH
14zANesh8w13aycwcT5KbjSN1cXZCNgWPxyLTBsZhw6BWPTg:18000000000000000000:OKDOT:OKMYTH
13W95RnBDoXppvjhbjhwRRTBLzKyLPG7x4cwvgkPrT6Ac4sk:18000000000000000000:OKDOT:OKMYTH
13TnYLYLpKDgHyMy2dAGixT71B1FCyDJ8C7a2VS8KS7VnhUh:18000000000000000000:OKDOT:OKMYTH
15oVTZix7zgpNZKU5W9yYtrQ3LDaUsVMTeDWWEYkyiGX8Tc1:18000000000000000000:OKDOT:OKMYTH
14YDSJzMLzugdBXE656AqQoZppf7DTAZEF8oDa5wAqZ6KNsr:18000000000000000000:OKDOT:OKMYTH
12EpvQj7275cA2kYE8i8M3hmeq1E6GXnt4JfCZCx1tAEikDd:18000000000000000000:OKDOT:OKMYTH
15D8dWGLyDff6DiVDibYRrFxPP3HUxEJ62vdMszpuxkPfrxy:18000000000000000000:OKDOT:OKMYTH
13xUnQ3KgYmWCw5myskjoESBdz5kdBgmdXqnDRBXvLMrMiwm:18000000000000000000:OKDOT:OKMYTH
14Yd6Gq6VvaVrXfooBm8139PVTW7zhY8PrHDAgbwdKTPQJZd:18000000000000000000:OKDOT:OKMYTH
15PvKhgEMWFetQ2YMBwb3ARgJn6bYw1kZyowCQBsLo84pZUf:18000000000000000000:OKDOT:OKMYTH
153ATwBTkJkgXZTEdJ1pSFskfBTLZqztCijM7XKLx2QFzPiL:18000000000000000000:OKDOT:OKMYTH
12EqrjGiKeK3BN2coay23GbUDjzmcQAxE2GpSmAAoVTrgW3u:18000000000000000000:OKDOT:OKMYTH
14Xo4USLJrhGMep11YYEtjXF83Qm4RD2onJwcJJ5QRafKNy4:18000000000000000000:OKDOT:OKMYTH
13YEmxH2sK4qvFsc2qDDdACJjDycWr8xFb4uzgE3zHXozXSm:18000000000000000000:OKDOT:OKMYTH
16CvUwq8YAGEgkdxp4s6T7Eae28rj9u6hzWRHvGUMyxXpo9P:18000000000000000000:OKDOT:OKMYTH
15qn58GkwLaLDeP1nZ3BNdPqBeBfMwVue3JwRZAhnJypEdcg:18000000000000000000:OKDOT:OKMYTH
14W3eztffAfXG8cnmVwWH4XsSef8fX8fgBym2RoKJLAVob8N:18000000000000000000:OKDOT:OKMYTH
12gj8nPJ33ZAPwPSAhAvNZsC2dSBxWsRiC4eEPLgsgJnD1AM:18000000000000000000:OKDOT:OKMYTH
14JWFJdTBrKzQjLmgFGchxtR6eUkaR4ZK5NounNw9n1juUro:18000000000000000000:OKDOT:OKMYTH
13YS9ywZejyDR7J9pfCnUpM7ydFXLHL2p2CB6EzD5LcuZmw8:18000000000000000000:OKDOT:OKMYTH
14V45VHN9w4YXgauRtQPeXe8zgSzMjGuavWSC9jd3eBaARCG:18000000000000000000:OKDOT:OKMYTH
15S3Ev61cac5tHEYSunKeEj46L7XuyZ3grqzJG9Yd94skyUk:18000000000000000000:OKDOT:OKMYTH
14KCkPMUCw2r8qiMdv6cEpHXMQ9LiepcaPMA8Ap5WQR2NAGQ:18000000000000000000:OKDOT:OKMYTH
12guddTajxveQ2vrSbmz5tu8RGniguGhdwrGgYuaLaADny12:18000000000000000000:OKDOT:OKMYTH
14uQJFBYw2vcyFFK227c4B64eLLxKpo3ho6oREAr3WXiX8Ct:18000000000000000000:OKDOT:OKMYTH
13zTHTkQGntYd3WqsSh7RH98o3Qr7ufNG4kWf33xYAPQbAEg:18000000000000000000:OKDOT:OKMYTH
145Wp6JzLGYKb59ytoUv37eNVkTFRRTXxb5dXQJ71c4oWa5M:18000000000000000000:OKDOT:OKMYTH
15S3kqNyFDitFUyPUrMwirsVnTEKpdLzZXESuzD21rgUEuD9:18000000000000000000:OKDOT:OKMYTH
14tfo7grt6dRbQNiwS6Ype63AwVsDNq4DoZwzqJqFVwKFTXJ:18000000000000000000:OKDOT:OKMYTH
12hBEgqMYFi4KPsj9aAWs3k4Hks4MTuGb5URK1nHDRyTNgMe:18000000000000000000:OKDOT:OKMYTH
15oxy3BSvSeuneeL6L7vjokQbmMk24EkNPg16FCQoy6PB541:18000000000000000000:OKDOT:OKMYTH
1412ajCsgaA73mEXmAXNajgBJtx3fvTPDdnwqcPdEAFECLDY:18000000000000000000:OKDOT:OKMYTH
14T3bVTCtnzyimKEZpSRxRNitQwrMxVFSEpxeVTa9qLTVqda:18000000000000000000:OKDOT:OKMYTH
15yihHvDdqM1SkyiSEZWU4UtcAvk82zinyNK5tH84VWJRjA7:18000000000000000000:OKDOT:OKMYTH
1pvuSxBk3Zi5G45Mi6HQQc6VTYjgeThpKUcNRoY2nu4DX4U:18000000000000000000:OKDOT:OKMYTH
12K6jhfYWzCuZe1hMZH5U3iWzBnN2XZnK6zyGHVLNHFb7kbq:18000000000000000000:OKDOT:OKMYTH
14S18HZKbJF2BRQXmyfcghdhHkvmpu5HR5VXXD6JDarqCPp:18000000000000000000:OKDOT:OKMYTH
141Bd57qcgdmVZPojA5bQpb63r245CgCXB8DLbhzi4pQBGjW:18000000000000000000:OKDOT:OKMYTH
15BFyuRJdt95DiGajJYk51nbDuEPHNYd55id62Asn1jk9ywP:18000000000000000000:OKDOT:OKMYTH
15ytcawfSyR8VMQB2AcpfLk5VeMV8Mcph5pY6hww4DXXBjGv:18000000000000000000:OKDOT:OKMYTH
14rvQxP1HqoN2Q61J78mN3P3b4bLZJ5UsRMJaB1kQkGAgRwn:18000000000000000000:OKDOT:OKMYTH
12Kw2Uorr6Sp8x7vTeHJoHqJtbz8PpNHERW4QhDGxqsFbGLZ:18000000000000000000:OKDOT:OKMYTH
15QUMu6aNhp1UPX8NGyQCEsBjhQtMF4qm3tnvfKGaTM8SCjY:18000000000000000000:OKDOT:OKMYTH
143aMqnec9C2GcC7fHqLpymJxQkbvWEjDpNipf8iwjF1v2Yi:18000000000000000000:OKDOT:OKMYTH
14rLZZvZs9eUmWKzDorUGmLmM5uQhyM6ieLaZpqpEFPhrPK8:18000000000000000000:OKDOT:OKMYTH
162N17YmXJZitXJV1YN9roQfxdqDaUYLm7KDF5jLXyvCiVxL:18000000000000000000:OKDOT:OKMYTH
147zyTSUE9qSNBXCESMELgjZ8nqeb1zpARXuo7PwfqKPuwPZ:18000000000000000000:OKDOT:OKMYTH
12MtM7nCQ4qF8DPUJiiVEu2VT6sb2yZaBHppXKFXVqJzSeC7:18000000000000000000:OKDOT:OKMYTH
14r89NL7YhWyFCjFiX8h1P1RVRe5KbBovaoaQkuiw6fbogQL:18000000000000000000:OKDOT:OKMYTH
143wFExcU4PkWngmsJEtK6suc4nBowYLERzo3LSLh547Q3JC:18000000000000000000:OKDOT:OKMYTH
1rqKCvUnECaY67m5M5vw1aJ5s6YR2AqrVjztZghvCsscHeQ:18000000000000000000:OKDOT:OKMYTH
164iw61Eq6D8QgScq3di1BGpHLGc1WRK2kWuUZRysRrVwBcc:18000000000000000000:OKDOT:OKMYTH
14QRRCkiYi3k9GXngek5oVwF78j4PzM9FPFM6QHCNVarTA5x:18000000000000000000:OKDOT:OKMYTH
12MusRSDhzxpX99FumKiZxhDm4rQnaCAG8uVxT3nGwGYUXqG:18000000000000000000:OKDOT:OKMYTH
16MP2k8KuEQZkDo5qyGHC7d3SpyT7xtru4g5kvv5eAPs8xTZ:18000000000000000000:OKDOT:OKMYTH
145LQPNGAhg4c9yk82cttA66QoCKVFCubh9QeKZXejecEufp:18000000000000000000:OKDOT:OKMYTH
14Pz3PzeKR94VCbC9N1hsmLWSE6jqvDkERsTUmBCHYSE1DSG:18000000000000000000:OKDOT:OKMYTH
165XKn9kqH1kWi9P9Vxo5zcCu4orLmjonqDBGJTanBRUkK7V:18000000000000000000:OKDOT:OKMYTH
13HJQvHgm6JAtvZs1tHeGCu34k8paTjeX4T358jYDLGcnSb9:18000000000000000000:OKDOT:OKMYTH
12N7uGzDwGu6xrJEWbsZhBBszg3PNWzanFq6DYQHCz8HUyTy:18000000000000000000:OKDOT:OKMYTH
14PhAyNjfdbkX7D4ymGqrNrhco8v1GmDCWYqW4kFpCEpwFJf:18000000000000000000:OKDOT:OKMYTH
145sHXXveGqSvGrSzT6WM99VKpZ7zbpaX3qSGL4iSjFaZ7Le:18000000000000000000:OKDOT:OKMYTH
15JMVyfBzQX1pkbk4yUzdS3Xn2bMVVFhfAhX1AMidddx7bpa:18000000000000000000:OKDOT:OKMYTH
16aCSEo85BM7FLhvjfwXP6A2xj4KTT3SRTpfFN11ifrpqyhX:18000000000000000000:OKDOT:OKMYTH
14Mwfx69U6rDpqrqc5uArTufGdYEdyHNmphtE6Q13t5Ves4b:18000000000000000000:OKDOT:OKMYTH
12pS8GXcfNwwBRE438LSjkyJVw7qkNYQkNr5pSrucZzDRcVr:18000000000000000000:OKDOT:OKMYTH
14d1LxVTV6RUwV3UnCTmBHAL3PRTZcztxPUZkBRawKBGd4Ng:18000000000000000000:OKDOT:OKMYTH
145uYtLPnArUEhR7QnWS3qTQu11DjYjq2kGuJCEr8CSnDcYE:18000000000000000000:OKDOT:OKMYTH
14mrUBW6w32j8PYZ6UP6CetLeiUxkxVSGUuMLnUctERJXbDH:18000000000000000000:OKDOT:OKMYTH
16aoAr73eyGdtn3RoiHwwwJXbLnnfzUZJ8PJhpU9x8whGDgk:18000000000000000000:OKDOT:OKMYTH
12duyAJbUmZc8vXcRLMvpLuP9NEjZtpmwoqTdBnZt238mYx6:18000000000000000000:OKDOT:OKMYTH
12Tct2AyrPBF4yt1VkuLULgutiqtPLnhZu4GbGoJJk82Sas2:18000000000000000000:OKDOT:OKMYTH
14MMpwaNPCB3Y4suQELJkXecQtTVhrH1S8HZ12D7xeZJwUdt:18000000000000000000:OKDOT:OKMYTH
146ZCUvpbAsN4CWvrxYV3XFmmxe3NAjwyN8t4FmgrNxN36uw:18000000000000000000:OKDOT:OKMYTH
12ExiNvcEj8jhLK3W9PmAAsFVKstJdrqyNycKD7jk2rvRwwH:18000000000000000000:OKDOT:OKMYTH
16ArHBxE9JRseTJsWbjHrJXEuLke74i1p9c1nK5QFsHBWfaP:18000000000000000000:OKDOT:OKMYTH
14mkFMuYq6v5396UaWF5nwEETRgqRscjqfcdtDRDRdoCHjX:18000000000000000000:OKDOT:OKMYTH
12TyPRiT1GYo8x35npHnFZQbVsH2aZkRwr6HwRQcWaughYCh:18000000000000000000:OKDOT:OKMYTH
12EUYT6MxT5dUbwHAUZa1xKRs9AWFd8DMwAW8kE1fqgNBGso:18000000000000000000:OKDOT:OKMYTH
148bBc4LLRvVAbwu5xew5c66FyVQcTFybf3MrJEbRMWZDofe:18000000000000000000:OKDOT:OKMYTH
14Mfvk2dBdNiiL59A5sHSzPF5ARw4UXq4aygZ4vtxuwA3yJA:18000000000000000000:OKDOT:OKMYTH
16ArzSgiPt8qGLaPapyiHdE9V3DmFhWtVu2LjhZ4mkfDL17K:18000000000000000000:OKDOT:OKMYTH
12CTV39LY3hURgTbQCKHTWJhvsYMrFM92C7NQDmM9wviRDhC:18000000000000000000:OKDOT:OKMYTH
12u9kgspasUyDirmJiJv96xTT8w4TyA46AjaSmUN64YxqKew:18000000000000000000:OKDOT:OKMYTH
14khaBJRJuPUspimyjxiYNZ3tZKpKrLiE3ZJ5hpoo7HND8LV:18000000000000000000:OKDOT:OKMYTH
14af3xhJASq2SQk1b4t4Ep73W2pTbxK1bHsiVxLbDgMiEsZr:18000000000000000000:OKDOT:OKMYTH
12buvyzS5jZV27FD6rswhgjvxVQgTNG1VYRsFpLSK3Hr17xb:18000000000000000000:OKDOT:OKMYTH
16cjSG3YFUEMKCzeWuM7gmrSkWoALH6Cvazy7JvCc5P4jhkg:18000000000000000000:OKDOT:OKMYTH
17R29X2LfNdaYs6xEfH4UDnPtFz8rExrkmA5mzPkEQwDQsf:18000000000000000000:OKDOT:OKMYTH
12vAi1aePeeY4o8QSo9J3Q7S68iGquxjuddAkeV312NCL5dN:18000000000000000000:OKDOT:OKMYTH
12BKfVXcxQ4f2DH7Ty24c28n6RDHSkMxo9eD1PmrnXsGQ5FB:18000000000000000000:OKDOT:OKMYTH
14BMjkorf5XJjS5A5T6nkb2q45x2dwg27PpdRunJ5ivvJw2g:18000000000000000000:OKDOT:OKMYTH
16VUa64opFygnJFx8bhUZ1vSDPTH8quVutMjax4Z6PWu12m5:18000000000000000000:OKDOT:OKMYTH
16d8rpAADh3ga7mS1mR61TadD3S2KQRAw3bFjHJf9dH7jowk:18000000000000000000:OKDOT:OKMYTH
12BjhbM9LUTFHBLfgAFFtD2x7rriVApdeTcy9wX6eZZL4tHc:18000000000000000000:OKDOT:OKMYTH
12vJgUF86dcwvrFvwcv1Y5eDAAuMkZyTZpiP4LgD6DV2xTJ5:18000000000000000000:OKDOT:OKMYTH
16ZsghRRFKSyuzpVL2uDpxqXKKAtikrigTKwXA42qDHLKjuk:18000000000000000000:OKDOT:OKMYTH
14BnVRjN27PR5eiYkbcvhfoLrfzT3KYW3tjmDcWbASrbM7Ac:18000000000000000000:OKDOT:OKMYTH
12b9jQNCKpEuDqx1pyU5JntEW3axkLEqbAGUeYaNye17718m:18000000000000000000:OKDOT:OKMYTH
16DsNLjtDXXcjEXCKgazPbmxFEMQuRksW8hym1YB63ok1DNQ:18000000000000000000:OKDOT:OKMYTH
1bN8y2tsFDYd1BDVTFqCE4JvwHeT5RTgjMFFKqvRsB3Vf6N:18000000000000000000:OKDOT:OKMYTH
12Wpae2ys6q5gnM2b1FRuZQwTNcsJPBGYsrm8avhbVaJsMQi:18000000000000000000:OKDOT:OKMYTH
12asFLxnKTnfkvmcsjgfhJHrRieB15uJ52cfqMERRYn9uoPm:18000000000000000000:OKDOT:OKMYTH
14BqRSSjMyxHhMZU3LxmkgPWkeDYB7fTaAU8Gb52BKjp6knA:18000000000000000000:OKDOT:OKMYTH
1bUUJCUY21n9e2wseRpi76hoJvcJCZmR5TYaYa2Rj7Pdnnx:18000000000000000000:OKDOT:OKMYTH
16f9Zvr5E4ZNHjY8ZdaXkvZsy7Dwd2t7UB6eJeXKRkdcQawm:18000000000000000000:OKDOT:OKMYTH
12aoZgaeAjcsJhydYhXqDEURcFwwRqHSufG72ESgzgWbTNfe:18000000000000000000:OKDOT:OKMYTH
12WSBHeuBgebnxw3TqHuK76gCcrzpzR3kKJbz86JX8sf9VBC:18000000000000000000:OKDOT:OKMYTH
1Cbn4Lk3wECNBrCiBwJzG2dwravSTYe3DGxkLHmCAH8MRYy:18000000000000000000:OKDOT:OKMYTH
14DGVEv6fGkos5qJ2NDvZSxd8uqqwBQigHwgZXEyiwTLZMKM:18000000000000000000:OKDOT:OKMYTH
129nVWpykFfbeA5wiJNHaGeixcJKGgdWPiE7CNM5mrXwmVux:18000000000000000000:OKDOT:OKMYTH
16FiCwvjNt7mD8PNQgkCgpKyCki49wbJRToaWcktrPSKSQ4b:18000000000000000000:OKDOT:OKMYTH
1cKi2XME9v4PyY7ySBSWJuzQqDahqLH62iaevDyLniRxT7T:18000000000000000000:OKDOT:OKMYTH
12xpo66UtubF5trFRWxbpkHzL1KPnE9ZkpCd4vziiGxLenda:18000000000000000000:OKDOT:OKMYTH
129Cc2CXQBkuLaKEgvi7VA4LPaUNdj8zeZmNnjEtrdY7hndH:18000000000000000000:OKDOT:OKMYTH
14fRWqK9atU8vyBddpcJrvjExkGbjwaMJi5pDYZcYN9x4o46:18000000000000000000:OKDOT:OKMYTH
1e7FJGcxYZ5bUs7pi6tAFCXJtxzfM3txWriW6Y75YpW61H6:18000000000000000000:OKDOT:OKMYTH
16fRaF4mJRnXRZkW5rUHwiBsnVBKf2DZfBCXUS9ZFZbyeeTD:18000000000000000000:OKDOT:OKMYTH
128cBxhCLDGJ5dMUCM5iLd4Qj9c93Uze363AktkuR7PuPwC8:18000000000000000000:OKDOT:OKMYTH
12xUHLr6i2pNRHHoBSNPG6QJ9HQvHxT2Lq6nLivYvZa4C1yZ:18000000000000000000:OKDOT:OKMYTH
1ebPC1hVmSnfk3SyH9AmNggW1ptgWnXeKzJMDS147icTK4t:18000000000000000000:OKDOT:OKMYTH
14FsJWHnCfzkXyaKRkj2Bkhq7E8LpP4hWK1iuxehXrvxGrZ1:18000000000000000000:OKDOT:OKMYTH
126U2vhidWpmq3jhV1vHcFTRhBRfzTUdgUufPhX2KwEygzN9:18000000000000000000:OKDOT:OKMYTH
16heRyDqK9ptTAYY6kdYEVsB2W3cUX9yiDzfRaWjc6dJxUfX:18000000000000000000:OKDOT:OKMYTH
1EDbhV4HnkyFFiY9m99bfLmY93U2inzWPAKvqq2qepaBEje:18000000000000000000:OKDOT:OKMYTH
12ZMrmbwPU5FYyxvwHEXRPMQiWfRLP19pUHQkKgkPHMZRta8:18000000000000000000:OKDOT:OKMYTH
126tQHPSSjcPzrnmGUHNFUZo9hp7qM8MLgn2BjyyLduLoXEv:18000000000000000000:OKDOT:OKMYTH
14gew18C1owtgQfDmf3kJcdjuha46TcTNmTqBz2QjNTsy2fv:18000000000000000000:OKDOT:OKMYTH
1eFMzgdxd5KwLBZ6DceUJ8byFvACFY1og44xaukiKV7pHCZ:18000000000000000000:OKDOT:OKMYTH
16HvnGs5ukBgszDRyTo2JmrdmHfzSNrtDcPyLVUxB8sRd5XB:18000000000000000000:OKDOT:OKMYTH
126HQWDGiPADEt7fjyhdJYGchiAE6C6qjjoWPjsPACwVvRBd:18000000000000000000:OKDOT:OKMYTH
135ff4kVqr1ow9KdSgtfQw7jWH2TWRyhfT6FA7zknfqL6rWy:18000000000000000000:OKDOT:OKMYTH
1EpjsGpSoNhRdUffeiG3ca4ziWpKUYJo8KGG8hWQYoFmzw8:18000000000000000000:OKDOT:OKMYTH
14ikaDVJMMbwcW65AX3XojKAcKbccutVymiE2gQfbLUfuyRJ:18000000000000000000:OKDOT:OKMYTH
124P5gpCEvF7gaWrs3SwXinyzt3nvVZkJuRyq9aWjJKgRn1L:18000000000000000000:OKDOT:OKMYTH
16HzLLePth7jcuZmPmWW1amDtcQzzo612o6YqfDcYU2mLY1n:18000000000000000000:OKDOT:OKMYTH
1EZMXmRPSTLnALVfHpFs5Cx8r2RAkF9AKWT9mEnZDLTYFYC:18000000000000000000:OKDOT:OKMYTH
13aa1r7oSRcWNYetQidYBhPc4MdvLSXaMqGy19wVKzFcy9Rj:18000000000000000000:OKDOT:OKMYTH
124LQckLkABdmwBGbgbpY3FU6m99ksz9cZ8vS3iHYeG95U5E:18000000000000000000:OKDOT:OKMYTH
14iQqGHKfHaxMP6YjKiAZqdvNgBuobwcpiX7Urn4QmDMhbcH:18000000000000000000:OKDOT:OKMYTH
1HMHA1JqV6aWhy118vKQer5GFk3qQPnhZhN5BWRRcp9Ph91:18000000000000000000:OKDOT:OKMYTH
16iQMFoGtNjdmtVgEDU6NzfYBo8V6LmA7yneKvSeD2xn4gfh:18000000000000000000:OKDOT:OKMYTH
124cG9WZC5zaWNzSLeiw7966k9DHqvnfFDH4GpZoyQbLTJ6E:18000000000000000000:OKDOT:OKMYTH
13aePHeV3ucbHTF8GNcPjiSdAWP93y3sGD1HpSsbKt4yPwPp:18000000000000000000:OKDOT:OKMYTH
1HNpq3XGEoAsBbQ7WeVFSbamKtjpX4myJq99s4N1hjMW8Qh:18000000000000000000:OKDOT:OKMYTH
14Ju9xd9YbFSqS4NDY6J643ihQ7jAHhPgcmW65ZCR3yGgEkX:18000000000000000000:OKDOT:OKMYTH
121w5LmbWKfBbhFwPnubWAfmQbeYhkWdtqGBjgz7eiwRLcmN:18000000000000000000:OKDOT:OKMYTH
16iYc4NbwhmvDBzcTv1iGt6LVjCh1vWD3saMru93x7jvA8CW:18000000000000000000:OKDOT:OKMYTH
1izQNbkWG3KteWesrtxnyy6oMGvqtY99pkPXeDzynFMoAVi:18000000000000000000:OKDOT:OKMYTH
13Av4NihGfsN5PtD7qd2TqpifDSSaJvz3u4FeQWe8bke6QGV:18000000000000000000:OKDOT:OKMYTH
121BHdjJwcm45dqD74EmozLLikxuv7cTDaRLWomgyAbgj9r6:18000000000000000000:OKDOT:OKMYTH
14JYRevHnmWXdsZd1JgfjQWN9Xvq1G4sLzyzN8LRPAN6NLHM:18000000000000000000:OKDOT:OKMYTH
1L1kyrCtQJcoYyiVufm4t6fPQB88ZJLCnDQW2fbea5JgW7v:18000000000000000000:OKDOT:OKMYTH
16J7NXdhrWzUbih9PLZ7BN28MT2NMeKJwQvKmLKN6Ek6weAi:18000000000000000000:OKDOT:OKMYTH
11JobGyfgudoyGRhgW2Quacr5GdJFFuYr4MyEw7EeRjBv31:18000000000000000000:OKDOT:OKMYTH
13b6CHNXXq7P6zNtvSoaV6bG6EQLbYP8WR6RHirJSiAJPyJH:18000000000000000000:OKDOT:OKMYTH
1LL4VPTutusjmCsk4r9AMQmc4YeEcA34oR2ND9mDvH7zV3T:18000000000000000000:OKDOT:OKMYTH
14LitCk2t15jBEbBWCDgYKtzVyFFg2w9zPKcZkDQAxZ9Sbn:18000000000000000000:OKDOT:OKMYTH
1znpo27AxhBRPw5rBQDzL8KHSDcR2Z3CudZ7vmmzR19e7a9:18000000000000000000:OKDOT:OKMYTH
16JF1WehEhqqAC2dEnDMBWQ5nDSgHge694HgwhX746H62yYu:18000000000000000000:OKDOT:OKMYTH
1mtDqynmcNcPAimWMvT9dJE8nXHQXYWqLEr6nifU26RPdGX:18000000000000000000:OKDOT:OKMYTH
13BhQcWrqaCthiRG8HjZf4AcUvZb5irDbjUjMydgnV3fHAHT:18000000000000000000:OKDOT:OKMYTH
1xTEpayMUKWvMsMWRYZ9sx52Mt9veEKkUaSwEXVbVzeyRn4:18000000000000000000:OKDOT:OKMYTH
14NBLssEswMuU96qcmXp7kK87Wp54Ro4HaLrFSSXb6t8bXoP:18000000000000000000:OKDOT:OKMYTH
1nCtAtt5Ak3fTU47QnWDw671JkhTrboPTEzjmPLtTBPEA4m:18000000000000000000:OKDOT:OKMYTH
16JiMMqvYBWSk9ENXwQL82b4gxpdYJNivKAqdQe1TtoBhc7D:18000000000000000000:OKDOT:OKMYTH
1WXDY9HHLVDoPRX2VD97rMfL8DY3Sftht6vmudGNux7ufNe:18000000000000000000:OKDOT:OKMYTH
13BUiqJSLhETw6ZiHbZatZPJjsVjr9xsddNRmDsS213YSms4:18000000000000000000:OKDOT:OKMYTH
1q18CVcmQyrFCuTheW7Yp8xPyoNXqJtqk7aBtgj3hzYoZGT:18000000000000000000:OKDOT:OKMYTH
14osH2PNZ1mKV8SkXDG68wdwhCgVL7PopFCmnnB1vLHkyLgL:18000000000000000000:OKDOT:OKMYTH
1WbLUV9UXhYf9zR6ow74YvKgBhJUdHutQXjk4RjoiLyXA1G:18000000000000000000:OKDOT:OKMYTH
16JQhsc5Ctf3hGa4oj7uFUakwDSd2Hemz9bMv13yTwx3cCti:18000000000000000000:OKDOT:OKMYTH
1Qf4f4vJ7ezFmsgomnv4ctNfSsiuksBrohxMDZSVgPbEK88:18000000000000000000:OKDOT:OKMYTH
13Byu1LtLEUFWoPAfTMubcSoGzULXcEzUvM7PhEkooDHMtN5:18000000000000000000:OKDOT:OKMYTH
1VyeDJCHst1HxLwjjL1bX6ddKf6TXBidgCKEmCEDrnsBAUJ:18000000000000000000:OKDOT:OKMYTH
14Q311d2MVTBceGKFUNHDtekGs6fFGmSVphkWJsWZaGPfGd6:18000000000000000000:OKDOT:OKMYTH
1QmWZmJG2yUYt72JAHz9KoXwDijJDKBiRP4vjci5Yf2bKYr:18000000000000000000:OKDOT:OKMYTH
16kjHE3dn6NxCQGG1P763a1LEKi5wczjkzkW7ATzonCwH5a4:18000000000000000000:OKDOT:OKMYTH
1vFgBtRj84d6JoWVn6wjTsKRfR1XjrJjau2ecvRpYvxkJMi:18000000000000000000:OKDOT:OKMYTH
13BzbuKGWGu1QjcApMoHRcBMc6hYUhz5BhDg7JcvFAu1oi9K:18000000000000000000:OKDOT:OKMYTH
1Qzy2fmjRfu5fXu11dHXH9npw8zXvm1xTGWAiXc6CUBrJ8B:18000000000000000000:OKDOT:OKMYTH
14QqcFoVqsEL2fwzf2DHEN39txVmA9Vp2L3cRZpSLyXJJQzR:18000000000000000000:OKDOT:OKMYTH
1ryGtsTueQCTyHXyQkk26YUvcsHYUXs2KEYMoQCKsdboRJo:18000000000000000000:OKDOT:OKMYTH
16kqs4Y18WBS1qywJypddC6hWfMpGz4V4YuoXZwWfsMv6X1n:18000000000000000000:OKDOT:OKMYTH
1RUq129CqDF2tcieCcbTUFCEQiL7V3MtJ7dVe9Uuf2SANG3:18000000000000000000:OKDOT:OKMYTH
13BzBwSV2Z8vuXxDh9vVyPwH5NskngtTyxBBPuugaPU65qap:18000000000000000000:OKDOT:OKMYTH
1jeNGx4ttYAogvUtDsmoyoF62JZc8MGV4hc8y21MmkaLHBh:18000000000000000000:OKDOT:OKMYTH
14r1dSNhr73goxsX74XEAULouGs3jdbLhvWjoJZye8DKARtu:18000000000000000000:OKDOT:OKMYTH
1sKSe13REHBav4Bhd5D1txUWxLgd8P1GSreyyXrjpkVdrke:18000000000000000000:OKDOT:OKMYTH
16kUdJekMEDEVBqiSR1cAXFwHPcagLuzxy3dEX8vdbEjYD1F:18000000000000000000:OKDOT:OKMYTH
13BWZawE6dWGnDVEhSrFNimhDhSPDYFwcsCpdVQJj1eQh7oz:18000000000000000000:OKDOT:OKMYTH
13d7vAvtEoqoUGccjKHXZq7pTCyrmRSJet1MhAfxpLA2pdyD:18000000000000000000:OKDOT:OKMYTH
1sS31LyBH5NBMSZQVMVUYBWyWkCNgR6cKBDAqWb4sxfbLqG:18000000000000000000:OKDOT:OKMYTH
14rqkvsngTiyCbs9Z1CquyC52ryDLptzHNU3diYXFq8AM7aE:18000000000000000000:OKDOT:OKMYTH
13dp9gFwRp9N8oS5GqN4u64UcsNWwKvb1azA2aKinoHaszXK:18000000000000000000:OKDOT:OKMYTH
16m1VcPjFQdry6AuGeW3KvYAD3mLCd2BzJg34FgWdyvixC52:18000000000000000000:OKDOT:OKMYTH
1sW5AVyHQBQorGjtxzDb7ZRb39NywuHFidX3qZ6WscRnBPM:18000000000000000000:OKDOT:OKMYTH
13dYLK6d2p88kFZYj7B7HbwdjU9vr2vwwSaeouFbjpeCsd6y:18000000000000000000:OKDOT:OKMYTH
13DpX5Z5gKoqNvzooW4R188JyyHWcaRWzWVAHjV16ujj4SVu:18000000000000000000:OKDOT:OKMYTH
14tfwGtnYzaDDWAaGGB3UTgr53Ld2T1oEve3bvJqCEWHeSQS:18000000000000000000:OKDOT:OKMYTH
1t7u7PVmzirfESxhzz9TU7GCh6w38gpsz5Cpro4yz29QLSK:18000000000000000000:OKDOT:OKMYTH
16mCYjPdd4SKu9y9vcM1cazZwdAd3GiUDYmzGbhnKZkEFPTT:18000000000000000000:OKDOT:OKMYTH
13dx48abNUqLLCvZhJVn7dUVCbLR44ewuKR4ESucMSWaM4EF:18000000000000000000:OKDOT:OKMYTH
13e7kMZkuaPBZfctSBmyMPhZHgGdx5pefaHabCo3dvuidhHz:18000000000000000000:OKDOT:OKMYTH
1uX3b3XnM3kP31byVx3xN7a9bygoXMpkk67cMxbLEFGkThy:18000000000000000000:OKDOT:OKMYTH
14uAqJ8EDoq5jaatpev56PWVm5f88jR8NfLnwpEUazJvDtEW:18000000000000000000:OKDOT:OKMYTH
13EXrY7wLFrjzisRYWf8vME1in4oj8usarjqipbWfu2YSF4t:18000000000000000000:OKDOT:OKMYTH
16MLrpqz9zq9WeEEhvoGGHkgXeiptpAoEaNn5zU8Hq1dbtRE:18000000000000000000:OKDOT:OKMYTH
1Vr8ZdbTqArumHnUTNdcL8RE8s3HfRM6qYhjYU9YnBZGP28:18000000000000000000:OKDOT:OKMYTH
13fj5HYAPsNxZvkp4HdzkoU5Z8vGghFBcgruqQf1LMkXbYu9:18000000000000000000:OKDOT:OKMYTH
13GLv5W2GHcPCFtrBLp2KZs6e4Ju18R7shepNxUdhui3Ct5F:18000000000000000000:OKDOT:OKMYTH
14wbagyj7jHZGVjLwwu9qrLZ15drPYCHAvVx1bbieQkUazak:18000000000000000000:OKDOT:OKMYTH
1WJP7AtCob4EhmHRk9K25A4gksZhcHLB9TDknpfnngxu52S:18000000000000000000:OKDOT:OKMYTH
16PayWdRGTWPdKC2Y11MqwEW2KDKSmFFpizdCyk1S7Vs5AnV:18000000000000000000:OKDOT:OKMYTH
13GR43fs4pAmopv1dtCQegCtD8QPa29A3AhgoQgcSkLbWTBM:18000000000000000000:OKDOT:OKMYTH
13fjKQtXnV7qsgf9Fgb8R3TTLxduQDcwq9nMrtg4Lg3F9huA:18000000000000000000:OKDOT:OKMYTH
1Wo2ee7UZk85jSYpzkqH2Bugm7A9gnYj2den8Zo6DoTZaRC:18000000000000000000:OKDOT:OKMYTH
14wCGg7A1gwoFAiq8TJjcEGwveCPDxosbx38pXJDvMCwtGrM:18000000000000000000:OKDOT:OKMYTH
13h2LCLh5rQM7onGTahFAKSq6JvYbMLaQi47KG7bsT33euhB:18000000000000000000:OKDOT:OKMYTH
16PEkPGm2mrdQMZhW7k1dpAiChSsg6Kcs7NvcHWB3Tkcd6y9:18000000000000000000:OKDOT:OKMYTH
1WuUnZvmRCfxUVs7h1mvw1msC8ANSyM85tL9hUGRT3vSUkt:18000000000000000000:OKDOT:OKMYTH
13fuM8pAFFsAMEQ8tphbuLc1Z8hk1GnzmoUmmY5iaEiXmyRV:18000000000000000000:OKDOT:OKMYTH
13iNnUFbS1w6k5NUwcJbCYVkag5rTtcfVZkAQPMbsQurm5c:18000000000000000000:OKDOT:OKMYTH
14wLbi1957uKJws86Mebis3QoBnrh4SrJS7aGDTqgzgkTj4b:18000000000000000000:OKDOT:OKMYTH
1YfG4P6i5iQoAc6fYtyKjC2bQkPdTFx131vZaXhgUkLdS5a:18000000000000000000:OKDOT:OKMYTH
16PLtBsSfZkPFwip3cC4pofJptquT9nQtWanocUe6otM1PEe:18000000000000000000:OKDOT:OKMYTH
13iQmRwhpuB49UbN9MbCTnjdWbaLtgGhyncjo7QTNaVbREKz:18000000000000000000:OKDOT:OKMYTH
13gFqZtXRn5QyF2QrnQEmgmTnpcpa5ccQr6vmoAscGMn3zMg:18000000000000000000:OKDOT:OKMYTH
1yFwX27VcXV2oWnfo21GWRVWrY36EGDuoxwPRD5zBsCkMgq:18000000000000000000:OKDOT:OKMYTH
14xNzSKtJLqQnQ4WfSUpQ5KzKFmVEmZpVtrHeCaD8rX5EJF8:18000000000000000000:OKDOT:OKMYTH
13Jm17H3qcqTkdDYvfiNb8iVA9xyTqELoGmHT5PeeQKsEh5r:18000000000000000000:OKDOT:OKMYTH
16S6nDJLySeFoELzkAb4UxJqvXdCfwxdAKYhDvJTAtFVEqBp:18000000000000000000:OKDOT:OKMYTH
1yG963HMAVsw3JQLwnntzNaGD7gJAWMX5EmJqNc6ndstsx2:18000000000000000000:OKDOT:OKMYTH
13NCLd3foNpsv1huPDzvvfyKh37NEEkGFotZnP52CTR98YFJ:236000000000000000000:OKDOT:OKMYTH
