14rYpc8asKUTCi7Ww36YqRDZoazf2i6nCa7qMgf86swPeffC:18000000000000000000:OKDOT:OKMYTH
16AJ33MLhzUUb391R2fHYqvqSqyFHx1h8B4vpz6V2zh45PgV:18000000000000000000:OKDOT:OKMYTH
13uYeKMKeiw88ZtJpRVy5tmxmWJUUaUN6H1iHQwoHu7WDbyi:18000000000000000000:OKDOT:OKMYTH
13Mn98SRQu34h1bqk5b42nGqJnXSSas6br9n6aS8HP6jw7qj:18000000000000000000:OKDOT:OKMYTH
12ioghFpU82Cab6v2jY3RqG2Rzq4tXHUVStnxzadUNBKKqAF:18000000000000000000:OKDOT:OKMYTH
16a4gGFiF27hczikwcPPbf1CKoCuMGrAeSocRqcZRgSw4Kzy:18000000000000000000:OKDOT:OKMYTH
13VFFR3jMds9SD38dtnXVG7VCQZN3K6sUrSeUBDAaaxLWJ2x:18000000000000000000:OKDOT:OKMYTH
13mvjPhu7vfNHrmhjBGya1bLZz2xjwvGLRrG2BX9wA4YguxW:18000000000000000000:OKDOT:OKMYTH
14ueVD6nxADN98BL6694tQh4tctDpK87hs68p43jQNhJZBAc:18000000000000000000:OKDOT:OKMYTH
168YJWc72umaJS1xuaSnQmvh3zUTbrUodV78LRY8crrU8oun:18000000000000000000:OKDOT:OKMYTH
13vP9dfQ7wAV168ABEZLpzDhNu41WhJqLvBzPBt1VZkjeu28:18000000000000000000:OKDOT:OKMYTH
13mYufoHFuCnt6SHFsHQLExPBT83jCVzujHrsdBKXKPJ2P4c:18000000000000000000:OKDOT:OKMYTH
14VBU2Co2qfsCrWTV3EtCBJYzSQzqqcQzG5m8p2oadPTCBD6:18000000000000000000:OKDOT:OKMYTH
167SWhBgzUCDn7pTYsYExsZVAq1PQuzLUKZas6cYqAV9UGoV:18000000000000000000:OKDOT:OKMYTH
13VtGLKZcWrJZkVRYTB32gKoRtSr31P1dAM9FmA1eLMxcAnT:18000000000000000000:OKDOT:OKMYTH
13NfMGJSxT8rAJP68HDok3Wg9UyVP5ekrhZm92gLwf2FA2ow:18000000000000000000:OKDOT:OKMYTH
14VMeJMoSGAGrLEm87fYjXWNG6PLGbnjcXmkULy4WM1cfCZW:18000000000000000000:OKDOT:OKMYTH
167mcqU26ajSGrhaop2GVkq9azF7DSnYR5ZVBz1RzT9scB2m:18000000000000000000:OKDOT:OKMYTH
1463EGrQyJr63yaWiS1Q8gAsnEytTRZ6X4JNpNxHKhS2U6wd:18000000000000000000:OKDOT:OKMYTH
13p6K2jGDAam9KzwMSE6UkQfoWB6y1U1Ri4A94vBf78SJtqd:18000000000000000000:OKDOT:OKMYTH
14VZjCSKhW3Bk9JtMy41yjrqUmMBsUJBiYQp4zBonmFVpFQB:18000000000000000000:OKDOT:OKMYTH
165RvaKEX7GKyVuyjjYpJGZG9WvLvvSKg8msKdNPa4bWEbGc:18000000000000000000:OKDOT:OKMYTH
14983iGUWE8KfP3rd4dSruMZk9G1e1LyA1c7bHdegJ9RasY1:18000000000000000000:OKDOT:OKMYTH
13Qnz3PTsJnQir4KKFCvxFGmbmA1gxBS1Y7CtQ8wisYc9dur:18000000000000000000:OKDOT:OKMYTH
14wKrYB6wovm5KY7k5YKEH22R4ojMNFDwRD1X3zNBqiL9u3j:18000000000000000000:OKDOT:OKMYTH
163L9BUCi2y9LB9YnhtniA2JSrxvg77Kwchq32xRPEkQ2BJb:18000000000000000000:OKDOT:OKMYTH
14bFCHKKB8jBcGYJ5uc4jQ3Zwfd9kiHQamitBrkXYPpu3CPV:18000000000000000000:OKDOT:OKMYTH
13rPkb8DWso6ZjfrKQwZ7bYkskakgXivjwaKGLJmsgLxhYVh:18000000000000000000:OKDOT:OKMYTH
14wpTUaH3yJzTXP23amfTxKcJZHsEMpTXxnRhvL5LQzGr41w:18000000000000000000:OKDOT:OKMYTH
162Uxceqt1fuoSAHdS9YEgriyJ7KURGJx6ZX3162FX8fW2vc:18000000000000000000:OKDOT:OKMYTH
14BfZKn2w9Nw2iCNYz4RiJNumutTQ1Mp7kuLfSe7EEQUVQDb:18000000000000000000:OKDOT:OKMYTH
13SujrVA9nrfbDifR8LsH5JjbPD6wBAYwpoBs1VbwbiQm5Vz:18000000000000000000:OKDOT:OKMYTH
14wxW2q6krxyR6yrRLohNKKRN3op75ZB34nUCWRj7AZC8f9y:18000000000000000000:OKDOT:OKMYTH
162EafaoNvoHFQkRbZLsT9zT92V5m7nZSWqnXnPqjTga7N8K:18000000000000000000:OKDOT:OKMYTH
14BmC22nq6fyBZcq2PyW4f6GbHgZFuhsXFb3o72UvWZRwjoT:18000000000000000000:OKDOT:OKMYTH
13uet8dCS4diPC8HTjkifsL5Fiw295ZoFjwGZDhMeySVvSgQ:18000000000000000000:OKDOT:OKMYTH
14Y6Sa2WVRqLCATrPmKYqNmmxr6KDveA51uZ1sii3LMhYQyo:18000000000000000000:OKDOT:OKMYTH
15yTpa2oYvWh4FWztMAgHj3ADq5tHbSPaBGtP2t8LBftRWYX:18000000000000000000:OKDOT:OKMYTH
14bPikKSqtmF3URHEdUzkwPGA6taStc2T3tLCkC6RY2fzNr9:18000000000000000000:OKDOT:OKMYTH
13VK4BfGjjtcKTuzafWcdyn75ARsvZYrAX2Tbru4UWvJXYwA:18000000000000000000:OKDOT:OKMYTH
14YrB6jNUdZZbyvtoCY7GBh3gdG8XLfNzJqxjCUHMx86sxTW:18000000000000000000:OKDOT:OKMYTH
15Xyh8U1LPoijKCDzfwC9hHWne67D1ohkkdY2xDYHBC7JgVB:18000000000000000000:OKDOT:OKMYTH
14DEaN4QX6zjL81Ni11GRrPdXPaRwq2i4dKicrXhpCYfKUZo:18000000000000000000:OKDOT:OKMYTH
13W3LQrrRAyLr5Bo7VDYpibvMtkNq27tdNB3qyi9kWqwfAmj:18000000000000000000:OKDOT:OKMYTH
14Zwb4Wb45hJhEQSTj9v8tv77aiANL7CVgxBfjQEGWqe3n4H:18000000000000000000:OKDOT:OKMYTH
14EBAyX7yLr2CDPKFbeyTLxMBMgt3t1HmqGqf5ETvPEtE4Ze:18000000000000000000:OKDOT:OKMYTH
14DPisbam1nbxeUrW291d949WWxxrN2ZjffAd4jCjTGeAjzK:18000000000000000000:OKDOT:OKMYTH
13W7tESuHJ9R9Na3N9uDimAr8Sj7TomhpTagRthcnoYwfeAE:18000000000000000000:OKDOT:OKMYTH
14zwdDNtupi5r923FJ812CT63GUKYZfs9NrzuYt4NGzToN5E:18000000000000000000:OKDOT:OKMYTH
15XsAJqGWwTn4JeWdzFFNSEEMka4ZLjpY1oZmhyx6TUGD4Di:18000000000000000000:OKDOT:OKMYTH
14DSNkxZumgbERch6tMUj36QSWJXeQeBtdSYEAuom1F7tD4P:18000000000000000000:OKDOT:OKMYTH
13wbDq87Z6YtQhR9xuhnp5yJMGDELc9qwBomFsdYTCspQ8xc:18000000000000000000:OKDOT:OKMYTH
152twgL86yfGdJZzyR8mH67d73PA6FgmGQvbVwMWkQi4XwbP:18000000000000000000:OKDOT:OKMYTH
15VX32MzRAEX4tRYE4Bt9fj6vzyigBws7i4kcr5K7YBZiQKM:18000000000000000000:OKDOT:OKMYTH
14dYw6Uqo9CMcZhjWmBwAnQGHDkSJL9hcoVy4aCwT9e849bb:18000000000000000000:OKDOT:OKMYTH
13x1fv7J8FKB7Z9B71QLNL3YS2vjoUqdVkBXLUnDLN6q8Jje:18000000000000000000:OKDOT:OKMYTH
155PokPW5eAouh172Qz4H48i9Y4DanY1gPdDp1po7EJTUTgd:18000000000000000000:OKDOT:OKMYTH
15VHfqcgYy3eZiDUrqBqJF3xTQ9cVGEUnhx6XSkaAMgbNqgK:18000000000000000000:OKDOT:OKMYTH
14fbH5teDyiQAse5A3CvxG9hQJYtKHC2reHoarJK9SxXs45i:18000000000000000000:OKDOT:OKMYTH
13x7cmuqixrH1mf37RYGPRH2YykMWnfaommPtwj3L3gnDGEp:18000000000000000000:OKDOT:OKMYTH
158GQsCVbhxx3x6pwvJ4yR75CwfxSDPeZyGZhzpTFsj1mEWT:18000000000000000000:OKDOT:OKMYTH
15UzhTyJzo8emxP6TJKLpDGqFPSZAa3zvWgunAZzvERp1B8X:18000000000000000000:OKDOT:OKMYTH
14gZLDVY5u7obBpjrGYEGpyyEwFrwXHnCU5zk9hG53koLRqq:18000000000000000000:OKDOT:OKMYTH
13zrB7XnFtwbG2Nk5fDVVRstbMWd8djebcKPZvyictKkRpRT:18000000000000000000:OKDOT:OKMYTH
15Axjmwa78fGD37QyvWAQYz4AB1fNBspQhuWkd9NdxaBXSyB:18000000000000000000:OKDOT:OKMYTH
15uJTfNiCJSLsVjJMND3w1thgDLqQR4ngG8Lvw5Em7NisXYM:18000000000000000000:OKDOT:OKMYTH
14ihGJD1BgKfQYzwdFpoh2pJADpuU5nnrH4u3KXHPbRoVEKe:18000000000000000000:OKDOT:OKMYTH
146bSp29suVfmMvowLUaz46LGvfftXepTSTqdC2TrN9gqNch:18000000000000000000:OKDOT:OKMYTH
15Az8UqdT2vw1c6SXbsMyTvw7sQmLid8LbJKT2GAKTNoFArt:18000000000000000000:OKDOT:OKMYTH
15u11DNCnXijWuJRPZoUHERbGMA9H6z2TFTB1wzRrYiAfuc9:18000000000000000000:OKDOT:OKMYTH
14jEKoS9pPwzXVfP85ewBDajXnjGJ94LCstfMPU9bKYVYPHJ:18000000000000000000:OKDOT:OKMYTH
146eLiyut8QBc5k5YbKnG1jgm7WxPWEL92HPnUcoQTgvFUj:18000000000000000000:OKDOT:OKMYTH
15cifddoMuSR4b7BytvAETN1zLwXxSu7eTznRVHJc7krDKGc:18000000000000000000:OKDOT:OKMYTH
15tkboteT1Z8JH4xsr9FCdEDRAngTxA2snCMrE7SisxseMjU:18000000000000000000:OKDOT:OKMYTH
14mBaL4ah3RsDdC9sTXgdVUf6RrhJyGhLtMRjgs4KPuTYwAE:18000000000000000000:OKDOT:OKMYTH
148UPs8dWfLL9Hi1CzGQeH4Ah61zDo1AVeWWhCnaYSs2veFT:18000000000000000000:OKDOT:OKMYTH
15dcZ1vpYUbXemBPSehSCeyWK7JGV2bkDRqqw29167TZDrJ4:18000000000000000000:OKDOT:OKMYTH
15tfGyC7WW4zkMUEXMUPHkr8Ck9WH3cdnYxhv9MsahLUWKVQ:18000000000000000000:OKDOT:OKMYTH
14mEcamJ8Nc16KLYbVN7MimmeLYcPZwrzSr8iNcjGgavJmuS:18000000000000000000:OKDOT:OKMYTH
148zQfurFZXBKVZPuX7SnPsyDh7Zg1Lw8BiAqM5Sxi9vjywV:18000000000000000000:OKDOT:OKMYTH
15DfbnfvRnTJWguWHJJ9XHp19pPmdKuj9YQtApZqduNoj4Md:18000000000000000000:OKDOT:OKMYTH
15TDgE3QYbyy8opNjS75EtUEefXDJcETRDD4Xji1VRy29ox3:18000000000000000000:OKDOT:OKMYTH
14Q62Jr8nF4AKQeaatnTH9frcazwQCvruFSUyzX5LiY5qPau:18000000000000000000:OKDOT:OKMYTH
14ajXgJE5g1p66uSz34mCEsaERZDrPoBETUG9VGwvXHXVh2H:18000000000000000000:OKDOT:OKMYTH
15diUhP8NV3p8CWgmdoHWZo4bvoGq6kQa3qVsuUwiqWS5DFa:18000000000000000000:OKDOT:OKMYTH
15SLAaeEEnhvCCxAhZN7q3T97ZPHycbiAQQwwtEupmmcciMF:18000000000000000000:OKDOT:OKMYTH
14rchNyKdrDzAKfd8cndKRMUGFPn77fh49DGmzGKYEqAdSwv:18000000000000000000:OKDOT:OKMYTH
14aUER46f56Xv5HoT3cvuWoVS6Qm3NJFByGiXyjSQEQpavJt:18000000000000000000:OKDOT:OKMYTH
15DMFEvH32CEZidh51Rey7voZcvYV7zkyPJ6mPDCCjjP1xUY:18000000000000000000:OKDOT:OKMYTH
14gf3YsjtVKtBxRfpP39UmcHdWycLyo63QkZ9t9FLvhpZyLL:18000000000000000000:OKDOT:OKMYTH
14rrKcvsuufGsndQsMFXNRDt5c29w33e7YZs9BaMTU5hqYtG:18000000000000000000:OKDOT:OKMYTH
14BsEq69v4mhusJBF9TjfFzB5EDsMEtSdWrTsC9c27M57dXR:18000000000000000000:OKDOT:OKMYTH
15EA9SfcnenuJGoDcVoRASEfZL3budFnnSghaNBM1MajhA2L:18000000000000000000:OKDOT:OKMYTH
14GghnrfjDU1cgSd277vZrzmfaPNaYKvMBvzVAfBUBThqk7J:18000000000000000000:OKDOT:OKMYTH
1KkotfDqiWCCDg6BuFYZ7vnkibqLuz3rC62sBLQbaceKcin:18000000000000000000:OKDOT:OKMYTH
14dH2hUaHbFbjF9DgEEGq4rL8ffxkaYU2hypdPJ5Uk1B7KcX:18000000000000000000:OKDOT:OKMYTH
15fp4C1hVXSDaVATHtjvg3YmcJszSMtiDu1sSyVmUiXEHBys:18000000000000000000:OKDOT:OKMYTH
14ieQJxQv4n5udwryhm84fTvMDscgkYPbFG6QDP31DcCjkd7:18000000000000000000:OKDOT:OKMYTH
1KnEYodu1iTuFaU4J5QoiwzVRy9XpUuDDiUWVsLdYZpuUTh:18000000000000000000:OKDOT:OKMYTH
14dnBhWnDQbg7EfrNNq22cRw5Pia59kAy1Yn43AgmdCDfSsF:18000000000000000000:OKDOT:OKMYTH
15g5bEBav9UE13vgr3khCUc7d3dQB1bCNSmJnL7PZp9zLBxh:18000000000000000000:OKDOT:OKMYTH
14isy8ofcGGkThG2ATNq6ReLjYXiAxQ5wVTgsngABnV4EKDp:18000000000000000000:OKDOT:OKMYTH
1KtF8qJZLAmVUWPsibH2QnXwwZMpHNjviLDKX8c8eFRJCxi:18000000000000000000:OKDOT:OKMYTH
14dzUrr7JQ8ZYUMSu6L8qkuZqKZhdfMTfhxyaj36wMphHE92:18000000000000000000:OKDOT:OKMYTH
15g7iVZYT8xTJUFeB7GiL91WSqC2i7uCuJvX833zreWjZSb7:18000000000000000000:OKDOT:OKMYTH
14iVWcasJRr9zJnbDPaahhN6PeQsBn4h4j16bHRenovjwdgy:18000000000000000000:OKDOT:OKMYTH
1LAJYEYfHspEqBx9QX8F4jKBRTP5cs5xVakG3UaeucyfopA:18000000000000000000:OKDOT:OKMYTH
14fbnoFR3vhz5JL3JabYF2LGn35T94J5bSqdKNJHTRosdfm2:18000000000000000000:OKDOT:OKMYTH
15JmQRZ6X5cP8vb6ML9LofNDdLjeebbtak3dptVSv5evtvMo:18000000000000000000:OKDOT:OKMYTH
14KS3txsfmG11dgMQ2SfUDaWip1Cowc3M7e1iV5RmZ5qcR27:18000000000000000000:OKDOT:OKMYTH
1Qzws1f6UNbJkB4QgbuNxEu1y7TmzqnfLgdGipvYdhyPs3V:18000000000000000000:OKDOT:OKMYTH
14g9B1A1BDUQZtg8ekKD8yLomTpJXy34dEgdkDuNC5erctnD:18000000000000000000:OKDOT:OKMYTH
15Mq78q3zHDwUdzRDDdpsEbVaEg2BBKG1Uoi9TiJKMsJxB8b:18000000000000000000:OKDOT:OKMYTH
14mRghWa6yX7b2UGBLCo4uKeGGF7Fn9HQJMtQmoKLr7yggDM:18000000000000000000:OKDOT:OKMYTH
1R6b8fwtU8bkky1daxUBs42nQRvyrngsobEFV7seHc1EJn4:18000000000000000000:OKDOT:OKMYTH
14gBFkrdkVNiCbVu9F1u8NV7sDbdif5J6BWU9G3ctqMdnpec:18000000000000000000:OKDOT:OKMYTH
15oN7Nk52BWGvsqTUdPcAgLzGFEBkfaNyLPgp6ioXwtVwANA:18000000000000000000:OKDOT:OKMYTH
14ofszmQKzRZZREvnwVcM1C4sHNoSjAx8sJkEqzSJgpyWipP:18000000000000000000:OKDOT:OKMYTH
1RWfo5t3SpQLeEVjzCdNW4STELGzEKtsSmqEJGY5hD9dcm1:18000000000000000000:OKDOT:OKMYTH
14gu5LXksf2JKmo3wccGC764eZz5nFkt1Mh9qhMCcHJh9kG:18000000000000000000:OKDOT:OKMYTH
15ow587c6sZXX8JmB4pu55X5msq6EedH8thBVGxT6jeqhR8W:18000000000000000000:OKDOT:OKMYTH
14ouDFG3Si3aN6y751vtoqvRXuh6ezs3yr74Jjuak9Ebm93F:18000000000000000000:OKDOT:OKMYTH
1RYg7NC8nc6jUZSv69h5btou7Za6D6YAWzgoPjyfEuHMMov:18000000000000000000:OKDOT:OKMYTH
14GupYJ37dg9K74MjCwMPnTsNARQieGXznm2xZiBKnCHhmkC:18000000000000000000:OKDOT:OKMYTH
15rLAX8rR3eQYUpjxBLukWqGynkpgbM6XQMt7V3M55yXgPVC:18000000000000000000:OKDOT:OKMYTH
14pTq899xv4237yCHhHfJb8BTKhyyZyjoxK77ycEJNSRuavX:18000000000000000000:OKDOT:OKMYTH
1ueky2KV6qFxt2MRQnWJs2dbsvEnaA889bzuoCy1GwHWQEm:18000000000000000000:OKDOT:OKMYTH
14i97D6qUqYEHmVzsuh9BioWQArjK77iTGFVH9jCrUCemZVQ:18000000000000000000:OKDOT:OKMYTH
15rURRRoESAozSW4PyHCmwQ8j2j5tD8ybYCpfh6Hmb8VhyBi:18000000000000000000:OKDOT:OKMYTH
14QBiuPGtqBGE7p2YzNJUWQhDesGSSKUb7FGsY5F6nLKMtLy:18000000000000000000:OKDOT:OKMYTH
1uUAmnfAMJKNGGUWsqUNVQ4CM5qX4VVG3eg1eiGyFqknrz1:18000000000000000000:OKDOT:OKMYTH
14iamztRxgJ2UHKkVordmHvj1DiHA45mEAhP5M6SNZq9esNZ:18000000000000000000:OKDOT:OKMYTH
15S6Kf1oLwbeKr9d7xENcXQoX1NdhEHqggyKqDa7eehExR7R:18000000000000000000:OKDOT:OKMYTH
14QJFdnV3AKsFMcgVjLonk8BdzUD1QZWmsAynzyGafvPFTpS:18000000000000000000:OKDOT:OKMYTH
1uv1W9nhZvfrUiSxY2bEdLBbCKsLDTsuQQxxfgZR7SoHVFP:18000000000000000000:OKDOT:OKMYTH
14iujTCBPYbQ7n6EjnUY16wFQBzGzydccu8JPjXTwUMWgs5x:18000000000000000000:OKDOT:OKMYTH
15SNnwz8s1oGaJj6zQVhxizDZemATWaG2wHN3uYtkRm7nUvb:18000000000000000000:OKDOT:OKMYTH
14QWZpuxKBcTwyeAwURCaDtr4914G5BM7k3uEyp7VqQ58dja:18000000000000000000:OKDOT:OKMYTH
11kP8Ukp2p89Y1rfZxSeCXxDoSm2mc2doLSstuvrS9rZzrK:18000000000000000000:OKDOT:OKMYTH
14KQSyBmxCrTJdUtDiBE5aKHnRGJR8C8gNwUtwED9nCx3Ljn:18000000000000000000:OKDOT:OKMYTH
15tFhgvFGkoNGhQ2mN3YjaWd3L5h9py8VSEuTFf2WGrkbk9B:18000000000000000000:OKDOT:OKMYTH
14r31qrwzaCfZSLbTsiXp59Q8LWWqNjZ5tz49QGRTyoJkUzW:18000000000000000000:OKDOT:OKMYTH
123wu7v8H7Z1v3EDhNAeMkeXJeiChr6gK511nreJcynyKVgE:18000000000000000000:OKDOT:OKMYTH
14M8DUgr2j4oPnSTYqCB23Gjta287VFccx8VuE5Hs7RjV8qW:18000000000000000000:OKDOT:OKMYTH
15u5zu6t8i8FE2sf7Rd62dksH3o9mjdgG4KPZkT6FjVVWFpW:18000000000000000000:OKDOT:OKMYTH
14r5opu3Difwqm94QogdE7bvZrEzoAtdk4HKmT96x7udmmC2:18000000000000000000:OKDOT:OKMYTH
1267xn2o4HwRVRSHU9TPupHtM1p8ea7p42pHbuG53itz4fcg:18000000000000000000:OKDOT:OKMYTH
14mbXWp9PNjuuRt4DGAqYULa8Dw4w9HiprNDmJdEBA16MG8P:18000000000000000000:OKDOT:OKMYTH
15u82YXudxPJ4aREUjtUdZc9Vv9umaikxX4Xbu8hC415HaRN:18000000000000000000:OKDOT:OKMYTH
14SrU8Zetz6mtvWHaVV7dE1xq8c4dQ2Fsb7W5RxRBaJYhE8j:18000000000000000000:OKDOT:OKMYTH
126CJNtUXLkfZ5sDGEkkTqamfygAz3D8f1CEGWa35WKUUQwW:18000000000000000000:OKDOT:OKMYTH
14mRfmEwoXHpwzAhPATdFxbXpq1PktDTAuQm18CgLzbwRn52:18000000000000000000:OKDOT:OKMYTH
15UiEJDcDLHS7RZFkUAbi7anmHZZy9Ywd9Dh9maknvZQtqsB:18000000000000000000:OKDOT:OKMYTH
14VdL82FJqVzPpRUbeZYoZvSmMpLxLbinb1SMeQwgAPUFDwS:18000000000000000000:OKDOT:OKMYTH
1294Q4P3EAZHY7u2hzNmpJPukE3cir8iZdyVsJuTTRpDyqHA:18000000000000000000:OKDOT:OKMYTH
14pE4Hb2sFhtpqo8XWAckRS7c4XSMfzQ2XFUaXZGvCZvSZWi:18000000000000000000:OKDOT:OKMYTH
15Up1w5Ax4UAoXAzsdGqhMXNMdkSrbD1H54cZz6kAcowiGjx:18000000000000000000:OKDOT:OKMYTH
14WDDErwQPYQ49y6DJ7MWcNzfzB7jWFwPBxRD4V47CwyRzrT:18000000000000000000:OKDOT:OKMYTH
129RZ9Z4VtxSvbDqXZvye49w1rrcAbBYSsbd63srQeLxCoy6:18000000000000000000:OKDOT:OKMYTH
14pNTfdcELUFHNa3DxWUqBypHEF4stqmc9Ma4iHytRFvka6F:18000000000000000000:OKDOT:OKMYTH
15UqKeyEKoeNjasUygQc7hfk5kWmtHTPmuairTg2J5goobYA:18000000000000000000:OKDOT:OKMYTH
14Xo64nUrcHgJdPhrn7EDRc4bV1dNeeqGie58JsNBWDPfgVf:18000000000000000000:OKDOT:OKMYTH
12bY8YKRKFRNxazpxNsZBwPjSXQeYQqhMRDwStQnU3hiLXUa:18000000000000000000:OKDOT:OKMYTH
14Q4dVCMp9wB4nQvZH94iRzLZvUF72X6r3NnW8Zj5qLz9y8i:18000000000000000000:OKDOT:OKMYTH
15VixJqj7tFZCMJeHoXcX7Kw3UeWDjJnxTkrkBFUwzrU4wpW:18000000000000000000:OKDOT:OKMYTH
14YHXBEv2YvoX1si47RfTEA6uK9TYiqFvu13c4Uiq8aF89fm:18000000000000000000:OKDOT:OKMYTH
12C3eZEamSiyPv7zegwDoP619WDrEaYS92DUkQThdJxxwsrA:18000000000000000000:OKDOT:OKMYTH
14Q4kMYjBPyyX99L9ESUq5fedFoavr7kypv6uEcPRYYgaJid:18000000000000000000:OKDOT:OKMYTH
15VNCxqiqQCwX5sXfXsJ9DD7kyFWTHkXzbGCvtfZJy8AktT7:18000000000000000000:OKDOT:OKMYTH
155EgChZdTZwJYWbJKHZEtP7gYA3jPkoeRtNyjCXaPcCSX2S:18000000000000000000:OKDOT:OKMYTH
12c6LybLM7m2y258TNGbVzbkFi83SE4Y9hMZ82EEoz5sbbud:18000000000000000000:OKDOT:OKMYTH
14QMGVatD87ydxBDNFouLv7fuUZJHTG3GHnTL3oY9F4njG9b:18000000000000000000:OKDOT:OKMYTH
15vrNWrRyyA7UrK88uypaqqGJWgRgHMv8b2LJrnq9L9FH3G1:18000000000000000000:OKDOT:OKMYTH
1569wBo3WfTKnvgaJPYRBxCs5heT9JMoznVTFoBVmoNwuae6:18000000000000000000:OKDOT:OKMYTH
12drZndPxugXKwv44grSbwiRdY7aeNfXydAd1FqQWzZWBpBL:18000000000000000000:OKDOT:OKMYTH
14rjBGEQ4Y4sKyqZk91weV2fgbTprReTYNk8spNxbRSDP6Nb:18000000000000000000:OKDOT:OKMYTH
15wT5pdUTh2ooN6BcuBfnfoaCmQBWhJ4HTG8yhQxUcDibNuq:18000000000000000000:OKDOT:OKMYTH
158hxMKvDtFfKM7YjoDktV9iHHZbhmPTnBQtY5prco1cNQFH:18000000000000000000:OKDOT:OKMYTH
12DzHWk6pv41S1TYaSF4ewuAqah2eeAbR6pHgV1xNqjkv23f:18000000000000000000:OKDOT:OKMYTH
14rtpjuPLwZGDpcjJXf3yfsMt7y2uSDXKteSoXQ4kDGNCgnZ:18000000000000000000:OKDOT:OKMYTH
15XJ55v5C5nQ6eci56UMzT9mAxu6PPEGsaB5pUYT6MFH7jLi:18000000000000000000:OKDOT:OKMYTH
15aNBxtdN5cCAUfWiba3nrscbPj2mVjwEE9rzPQsxuCK4juQ:18000000000000000000:OKDOT:OKMYTH
12EaLSuDJMMfz1HC7KLww6jodNta3VgQPS1td9ktVKoRyR6x:18000000000000000000:OKDOT:OKMYTH
14SswCbPPLQe4dVAhaiC1Xjs7ovTYygRux2CnrujSwvjcaq7:18000000000000000000:OKDOT:OKMYTH
15Y4Lm9PjYQKS9ETjjCE3uNjkETPc36PpiQfuE2Zym3BEfRo:18000000000000000000:OKDOT:OKMYTH
15aNUFjqbcVLi8wZ4SwNMRTcSgvdpx3eaL2tdg8LDbLdhRrY:18000000000000000000:OKDOT:OKMYTH
12eiB2skNoR1mZWVJSpd3W5EmhqKdGig89Ty78reCkiFYhoY:18000000000000000000:OKDOT:OKMYTH
14SxQpXBG4i8k1Kp7ZgkLsEvoLYro3EbW47WCoLeNfeVtEau:18000000000000000000:OKDOT:OKMYTH
15yU94sUt9wTQUX1umE6PorLB3TGwG4bTv4CrTB5A7rCqNKM:18000000000000000000:OKDOT:OKMYTH
15BZD5wG8uGFSNF4Y5FQ51NQ4TpZcsZySy2KMUwa7s2v7XJw:18000000000000000000:OKDOT:OKMYTH
12eUHPaswxXFqoLVxeh3Gx2iSvW64Foan7EyAS3F9Syaj3nv:18000000000000000000:OKDOT:OKMYTH
14TD4epLRF2VzkfdBvWLbthY93VzkEbufwidn2rPTBViVNfw:18000000000000000000:OKDOT:OKMYTH
15zhdJWzg4cBfmXA1WG3rsnZZCEeDGQrP4N1j2WBawHvpgLK:18000000000000000000:OKDOT:OKMYTH
15ctSHhNRukF4rTVmQqJJxXhwvmjTSd1vPMimpfi3hBxRzDd:18000000000000000000:OKDOT:OKMYTH
12EwRMNWs48EAYNbYe1AJ9sJqUjHtbLXddJ1uJj2AkiqnQ8Q:18000000000000000000:OKDOT:OKMYTH
14tq5MY5YDzahJfRXNhU8GmwCAgFqvDuTgX7aGfR9p8Zn7Qi:18000000000000000000:OKDOT:OKMYTH
15zMDyyjZBRTdbkbNbn6PaP3PHtVrJdkjd5vUZ5qiqsFg6qi:18000000000000000000:OKDOT:OKMYTH
15D8hReA9Pej9vuvKwoXb79LppgfCDGU481norGiNWbZ2ZNY:18000000000000000000:OKDOT:OKMYTH
12EzQWVYCpBchPdCfCm3oVQwyAEAq48ghQQ63L6niEA2Vjit:18000000000000000000:OKDOT:OKMYTH
14W1jP1N2pxuTDwX1MZhdjN6JBB9FmLanfVZBGexLBaCWGcx:18000000000000000000:OKDOT:OKMYTH
15ZyPERSSXnpHoRmVVpzYxrQruRh1jWMLSsZLrNwCwu3GdJS:18000000000000000000:OKDOT:OKMYTH
15DFtdSXuS6rWRW3WbaUpPKpxpVAotMGR1gWvuYpaMqN1CDy:18000000000000000000:OKDOT:OKMYTH
12gVofC6CkJ2zi3hhFz8UksVERGcZ4cU4VpB5shzGabecwQN:18000000000000000000:OKDOT:OKMYTH
14wnPmDZtBk2AZZDPkLaJYUrwedYp5hR8GWGeV2vkvEVWC21:18000000000000000000:OKDOT:OKMYTH
162SZG8Spv9Dh56xavRNjN7dSrjroBqUReaEu2Eq25M3Zmwe:18000000000000000000:OKDOT:OKMYTH
15dWBXctZZ684wFB2cvVUrqVTK86oBnBHL3HnffFia7MoFPR:18000000000000000000:OKDOT:OKMYTH
12GW3RFVHpM7uXc2r6W3x5n2h3iupuWc1tgfgGfP28T2wuYU:18000000000000000000:OKDOT:OKMYTH
14z32382u4DuBXn39RgfLh3PL6oG3nzkD4hSpFb9aykWQszb:18000000000000000000:OKDOT:OKMYTH
167hSrytLLRUGXWfy3uu7rv8QRmVo55MgFAfnQ26dKvW2xuo:18000000000000000000:OKDOT:OKMYTH
15DyTEEFnEDP7Lydhoqe2pJAN9USNdHKsW2GppgGNLJvri7t:18000000000000000000:OKDOT:OKMYTH
12gwgmc4xFjM5YW2TrWpZZe7WeeKSAYXpMoeCPtzxLsHhog9:18000000000000000000:OKDOT:OKMYTH
152q746fjnfGkYsQD4Lsg9zNG8RymBQFH82uJ4aReqpCajMp:18000000000000000000:OKDOT:OKMYTH
167r4GQwNGFuypZyPy7eKjqDgTSHewCqdB3rkTSUBLBMd4KF:18000000000000000000:OKDOT:OKMYTH
15fCoP2K4sBSSsCQMWprE1mvH487ETRnMzD91tVirfoiPgPn:18000000000000000000:OKDOT:OKMYTH
12GZebyzWjH2tGMFryVrhHzMx87gr9Bh345RtpEDM4UeCFRn:18000000000000000000:OKDOT:OKMYTH
153Djarnwqn5iW5qh1AbzB7MwKxGHM1MiYyWSpjiF7q6Cjvw:18000000000000000000:OKDOT:OKMYTH
167Y6Vw9de4Z7fAGdoW88RXcN8rkkX9QF2p3E93RwFFjACXQ:18000000000000000000:OKDOT:OKMYTH
15foUndqTqxSoWGuq4cdsz1XSX1pTD2nQnj6BeNQNycaUz4N:18000000000000000000:OKDOT:OKMYTH
12hGHEqbZGzEYCBGbB5MMcTCL9jsNS9JSQbkmorDtFLW5wou:18000000000000000000:OKDOT:OKMYTH
155N6KatTtLZRvt5ZpXGbicZUdTsNrtjKwh4RD1PoreptSYA:18000000000000000000:OKDOT:OKMYTH
168Hr8Dw2rpJmbNau22RpAaMu4jd6oaNzsK7nbNRXQ6WfDVM:18000000000000000000:OKDOT:OKMYTH
15Fvw9hXBxqiqPNRjYrJTaAJD3GxDmbT9NAN4TiX3LwFr6wP:18000000000000000000:OKDOT:OKMYTH
12hLXyNoSdNKPTTfFAZLiSAN2i31cgpjBmeUjrdn5cfaBh2s:18000000000000000000:OKDOT:OKMYTH
155uwjBGixN6XWEUxDpBeqepLTyafcZGhprjnxwt2zU3uCEr:18000000000000000000:OKDOT:OKMYTH
16aEjzaaUQ4LqdyT8KdJ1CZiwK2ZNGjixsJuShnbkaBKZZKR:18000000000000000000:OKDOT:OKMYTH
15SBmM87CojgyNWE97cNcaBVQ6QBw5S6dBbFJihaRKUepSrr:18000000000000000000:OKDOT:OKMYTH
12KR7162NTCtVS27H1TaVE2pf9nPyF6F3NheNTdL1DzC4Djj:18000000000000000000:OKDOT:OKMYTH
157oYTRCDKftyn9DDQw1iubazoLovu792GRTxeRfV7zpCWEp:18000000000000000000:OKDOT:OKMYTH
16AeN3q1yszndEQrpRULCixXUAwupFbfYcAevdYkmphgJ1KP:18000000000000000000:OKDOT:OKMYTH
15S5MZ3pQn9oEaQBt8v2GDLt7U2FrNArYVEE71j6XKuXhM1T:18000000000000000000:OKDOT:OKMYTH
12mT9PmXmzW5FoTCRxtHN9HrADGfEhGJJ8YnTiEdYevriZTG:18000000000000000000:OKDOT:OKMYTH
158dLcgvv9Pjn3VbPKGb1G3Da8Kw8DwLYuLWxnhWWP7g8oLn:18000000000000000000:OKDOT:OKMYTH
16chArdHJ3cYWQjkD3ZjXLvffnPgwERZUb4AXH3DUhXTyoW2:18000000000000000000:OKDOT:OKMYTH
14Vb4pG6Gf7H6nvFk8jQ4HZC5mxaFZ9HFHuzFjSxaqKX6UVo:18000000000000000000:OKDOT:OKMYTH
12pDWfijmx2qWhYnNNgjr3ZhQRC5XgqwGnepNKUEcw7dcTx3:18000000000000000000:OKDOT:OKMYTH
158hEMUC5XjzEyquSy4Y8iMD7xNUTvS5hduPhceYLamMJkP9:18000000000000000000:OKDOT:OKMYTH
16dP4AgcDM3PK4UFKHx3oQeNvMXxaUkTTSj59pLtnA9XkiVG:18000000000000000000:OKDOT:OKMYTH
14VH7wWnw1m2TF5M7ydi3hsCp8bvYrs49sSEPg9R4Eqwkrq3:18000000000000000000:OKDOT:OKMYTH
12pm8yyAPnPucUudvGjj2Q6MRFyzfs4et9KAajcagEfUFKZM:18000000000000000000:OKDOT:OKMYTH
15aGUM83owWb2GbvZUbmJwj55FmsbNZKrHVEmvN9QsYNCXBJ:18000000000000000000:OKDOT:OKMYTH
16fh1Y3BLEjfsa8n56YceR35FtzgRSQXMZTqWyihsojPVLnc:18000000000000000000:OKDOT:OKMYTH
14Y7CCPCvJqXwXaBpyyod3BtisYDKCQHfNeAXvnWgBkdN8JQ:18000000000000000000:OKDOT:OKMYTH
12pX76wrBzPQuUsLACp4kZWMmEHHkRf8a7NnjaiN3WYyJAos:18000000000000000000:OKDOT:OKMYTH
15aNDChs41Dm8t7GuJ7wUdHGZt2zL2vPB2TH4C6PWW78trtG:18000000000000000000:OKDOT:OKMYTH
16FTmekhHi4cXxeK7NpXsdsYYA1tMneNbAGLMjQ2UfpyEHqM:18000000000000000000:OKDOT:OKMYTH
14YT5e8DHwy6XYweHKzvgqhbT3jHk2eSNgfzNWzq2uJ6R87H:18000000000000000000:OKDOT:OKMYTH
12QUxa3um3PmqZ9rb4f16NsFHWffDZfkxWrDWuoMcTG3wbFd:18000000000000000000:OKDOT:OKMYTH
15b49BeiZUnQFQUk3pWuy5MA3sfqzD3M1Sy2AnqSpkGtoa8C:18000000000000000000:OKDOT:OKMYTH
16GKHdUvSTGJeuYb2NZtaoYsbjtoDV5qyBrUhzdcDeTrHrky:18000000000000000000:OKDOT:OKMYTH
14zg8BfQFBDVgrK33JqH2N9XnAhXUnVTNe3J7HRNmx55Avft:18000000000000000000:OKDOT:OKMYTH
12RUTSevUHw5V8U6aQCir3AycFpTJd9RjpKqxypF1jkUz8RG:18000000000000000000:OKDOT:OKMYTH
15DFJfo9sM42ZaWKiKnoToqqdQVCN1daMtZzmpEQEwm77xge:18000000000000000000:OKDOT:OKMYTH
16JPqsgpeYavRks2Tq3zLnSAnt8yitpxzBDdmjev1X2T7zFk:18000000000000000000:OKDOT:OKMYTH
14zyJnDKVWLpun1BS6sm4x15uSQp6Fh6sBPNk8RK6BU9kdCz:18000000000000000000:OKDOT:OKMYTH
12sniFshVciTbKH48RhAbX4P4386VaT6Qad5wqiptuY46eL9:18000000000000000000:OKDOT:OKMYTH
15djXwkZ4vtxktHUNRa2cegeFywLDrSP43JqfSQeoGVfJz46:18000000000000000000:OKDOT:OKMYTH
16JZSLPYfoBgHsGGV1EySpJfhUDmX1jBsaBxmw2sYqtuRZL7:18000000000000000000:OKDOT:OKMYTH
157obBbkFChv9RwmQ9DT1fhV3DXyVUNwDurhqgrLcuXL85Ue:18000000000000000000:OKDOT:OKMYTH
12xB3UqtzYkPkZiHnCEMLn5KHZiDDYXQkcRsCT6J61xUagoL:18000000000000000000:OKDOT:OKMYTH
15FtpunsekxdZJXNsMpitnHcc2poqM8WWNfgzqxSBV4QNYZ6:18000000000000000000:OKDOT:OKMYTH
16LnfxQNyXMR8WWita6ujiexdE2ceWgLM8R8wYvpnjc2jkXo:18000000000000000000:OKDOT:OKMYTH
157zvzLke68pv8H4yD1CSDLj8ruMUFGLK11BE879CRMsEJZf:18000000000000000000:OKDOT:OKMYTH
12xJDVTWhB7q2HBgeahQP1QB1V1M5v2C6xiWhZwjxi5QdtjJ:18000000000000000000:OKDOT:OKMYTH
15g6kzhCifCUprB1YVfSTcppCDZc28oNH16Rdr6U1hf7itqC:18000000000000000000:OKDOT:OKMYTH
16mGtJ7x6m27oTzYKPVYRmg8TdbsUjUkVA2YHTeb1wTgzFwy:18000000000000000000:OKDOT:OKMYTH
15B1jgP2YT5ynwC8izGFJjCWWBtZ3EoJFNKM4SyMwZetq8QB:18000000000000000000:OKDOT:OKMYTH
12y1w9atUh4yrd2Vdfj7zvY1TKVy5wQYw2p2kDZVztoG9qvf:18000000000000000000:OKDOT:OKMYTH
15gFoC8RuBH7kMtbX4Wbza9LQ3XqHGRopkZcZQUYFUBiq9cQ:18000000000000000000:OKDOT:OKMYTH
16RpTmpzahszPS3UKtriucQ8p7NTSvSM99xvsMu89SrnPEE1:18000000000000000000:OKDOT:OKMYTH
15csCcHwohZgUsgmRLtPePeodGYRRxUCmCYeFD5SCr9gKFpo:18000000000000000000:OKDOT:OKMYTH
12YNxXk7qf7uLgrdtuLENQFd4hi6H3QAkM165tyDgEsumFE4:18000000000000000000:OKDOT:OKMYTH
15ijzNAqeE5mzETKA4Jrm1CdwuXh8vKsh8d646zH9Vac8ysj:18000000000000000000:OKDOT:OKMYTH
16SLnAse5yq7EmqTqcnw3ZQTCA5ogKSujNJ4dxBFeJCAecAG:18000000000000000000:OKDOT:OKMYTH
15DbjULTpSU6zsXjzYK7hSR4o9EfCe6PXCJMQaeD1wQRQFpJ:18000000000000000000:OKDOT:OKMYTH
12YqKuXCtkrS7rYDR8nz8AcVnBeDDwmQt4HBUq6FLcUfq6q7:18000000000000000000:OKDOT:OKMYTH
15JWWFfSQD62Fhb7Ad77mjav5r9hcA83D254dusnx2YxH9pw:18000000000000000000:OKDOT:OKMYTH
16WxRUvAG9XZyJypJLYLG1pm1gzXRmRecrbE4u7ecit7zSSf:18000000000000000000:OKDOT:OKMYTH
15dJWSWhw9rAnCAkmxeLNLaERhh4Cyq7E7hXnczMGqNAevJc:18000000000000000000:OKDOT:OKMYTH
12YQRs1hgL5Uhtasru4HTj5bU9S5a5ypReU3wpzVz5wLLY6S:18000000000000000000:OKDOT:OKMYTH
16HzAAGdhgbUP14pHGrbWV75SaQ6CBZqcF9Hj5556B9waasR:18000000000000000000:OKDOT:OKMYTH
16Y8ajfWvsTtBNAoVz9QPKQj646ZH88PESjuMSxggh4e2Bm8:18000000000000000000:OKDOT:OKMYTH
15DMKP9MFy5fh7RnY38NAELUYwuycFYdrrdyws594dvRpYd4:18000000000000000000:OKDOT:OKMYTH
133rLLvHZ9uNYLhkHWkKc6FxNt3SxxcFmK2FATXvnaMu1F5h:18000000000000000000:OKDOT:OKMYTH
15VSeo86kDUDfRgTpZw5uESZBZXuTnHQKhDLZuX3pBJUGpYR:18000000000000000000:OKDOT:OKMYTH
19wNiyhtihq2LMexoTymtExfLBzWDMuQqZ1XPUSsnNNG5zi:18000000000000000000:OKDOT:OKMYTH
15E3vLx4HB771TBrqiBwGU71ZcNqMfKR6iiFbuyFANhP9PHs:18000000000000000000:OKDOT:OKMYTH
135dt43pA9nmA4bTmq7mqvosz1fM8PqFueCMnphCdtxo72sN:18000000000000000000:OKDOT:OKMYTH
15AHF6ag9XNghKtGvNKsH18Cw6WJg3RJF6xd9d2vzs3UEgtj:18000000000000000000:OKDOT:OKMYTH
1bcFCfRTL7qjddzGmDbaMxWpQbbsCWKUf9NN5iBpW6kdQFY:18000000000000000000:OKDOT:OKMYTH
15GQihqDkkT56jsx9u99ftC4M96jrjut2z5tFVf9JEMJZ1Cf:18000000000000000000:OKDOT:OKMYTH
1368ioa4TzS2dkqiwinW8CF7Fe5f5mee4NVpwtanoDLzDxiy:18000000000000000000:OKDOT:OKMYTH
14rApsi9FRSe9gPgdk5Zj45it7KHwMwPiJXTrnYykgPbN1dT:18000000000000000000:OKDOT:OKMYTH
1bEXx9c6CiufrZUNk1KD7ZoxGEeUseg3RD86Q6S8di5SB86:18000000000000000000:OKDOT:OKMYTH
15hoL2zd6NYuUQhti2scxVqF25g6NXLuPiKqKqi8thNgNUQ3:18000000000000000000:OKDOT:OKMYTH
138k21BbQs8dHK6hiwYVRYL45z6YdH2fvi9HQ1jfzhmYFGgw:18000000000000000000:OKDOT:OKMYTH
14ap5hart7QopNwhpP4kCZsYXbG2wNHfbNYmGbni2TsrMBVM:18000000000000000000:OKDOT:OKMYTH
1CjBZcZ6X1zXJrBur6GHLxxHdYGXTzmUx7VifoCCno7nuxp:18000000000000000000:OKDOT:OKMYTH
15hzoL2GuNQj32sHPpe5iPcbGpsyUmGqp1ucE4Gzqb3DVu9n:18000000000000000000:OKDOT:OKMYTH
13agD1q9EyQuhcrGnyszAchiz3EsRgaozRG52paQdtJUdDXE:18000000000000000000:OKDOT:OKMYTH
16B6An9U6yhf1LcBAEZgudgY29EoR8SsAbYgNoiXGWUPKbBE:18000000000000000000:OKDOT:OKMYTH
1E8nNjfSjoHUABGGiwcRsJa1TTyU5KK5poaDJDtD2heQkHX:18000000000000000000:OKDOT:OKMYTH
15qp2GSSsGa3Bdz2rGf2V4972HJ9cbBjD8BrRodtUgyvJP5g:18000000000000000000:OKDOT:OKMYTH
13Ay1s3jhwvQEFsBuPfR3pdDGJY8bivpaTDiqaKbTSHUPKcP:18000000000000000000:OKDOT:OKMYTH
13MmyLmkneoXNtu3Z5aK6CRC1y6eNjBzb126DdkWvmigDgxn:18000000000000000000:OKDOT:OKMYTH
1EHEcUfypwE68t82rGqeh37mvkqC58dTZ5VRTHhXGRmEYLD:18000000000000000000:OKDOT:OKMYTH
15pGnAwnsFFW2T8TMSbnjevKkCDgRKKkFxsoYRLkBQXcPUce:18000000000000000000:OKDOT:OKMYTH
13eJkGmiLRRhdC2y6VLkY9w9H3fGV3x4UEAPcqwmCsyiGbEk:18000000000000000000:OKDOT:OKMYTH
12gKvorxKSv3TSs8g1SQTWhfYgPRnzr4SVKi9JdoTYm5d2W8:18000000000000000000:OKDOT:OKMYTH
1ENmyXGC9PZbgGHZ9nN6c33TzAFMWK9KcGRk43nmbvsuj79:18000000000000000000:OKDOT:OKMYTH
15opLbFYZ8qQdzfgc25fdez8sj8a2py9VjieKaEXX39EQhas:18000000000000000000:OKDOT:OKMYTH
13EPaXsuBiUo4gpicVsExQBuwegs8ojtCuHKWm4ja1uwsdWX:18000000000000000000:OKDOT:OKMYTH
11LttMZtJJt2MwnU13JQx9nYGdEj7hjXbcYtuK164yVYuhf:18000000000000000000:OKDOT:OKMYTH
1EUxxix1XtWLVn3KMAE7Dd12L2y1dTzAAVPkgQsLtiAUhEx:18000000000000000000:OKDOT:OKMYTH
15MoWjaaza9MmhzHjh2GBvDZsPgdLQpZiqbM8rRjqaz8c47v:18000000000000000000:OKDOT:OKMYTH
13GfPCAWXGvBXL1MuJ7LvK13yy6rUFrLSvEPrxprwr3RSEHd:18000000000000000000:OKDOT:OKMYTH
11N9BVHp6fEUWWTvBSgk3oYJG6NR7a6tWKWkTCjhy4g5vyP:18000000000000000000:OKDOT:OKMYTH
1HQDkRb92XDvrYkQLA1N81ddmqYjsvkkngrBSriiDAQ49dr:18000000000000000000:OKDOT:OKMYTH
15MNuMneAJmAbrHxQoEG7SvXCwiyF9wS9raub7kr46yRwsXu:18000000000000000000:OKDOT:OKMYTH
13gNrPPTwySUQozwgKoQZX6ER2y8CEmieRbN83teAGUgZYHd:18000000000000000000:OKDOT:OKMYTH
1215qAbvCpmGBVXKQ7RxBhwej13xfNbu7X4CoDuE38HmWzUP:18000000000000000000:OKDOT:OKMYTH
1HtvBsmZwGUudiL2HYkGyU87bFs4aPZDN6L4Nq1cUzzHFqx:18000000000000000000:OKDOT:OKMYTH
15m9WKvUrWLTTyuXTUShHGYJ13b5T1b9bgyWxRFqKRLh6xyJ:18000000000000000000:OKDOT:OKMYTH
13GppJBqsJaycJghcAgqMgFNgTDSpdNhP9aSobrj7XB8QSRm:18000000000000000000:OKDOT:OKMYTH
121dXmC2aH5yqAYj9CfpKLKKu6bMtESqcEMLoYFoAnXw8rnE:18000000000000000000:OKDOT:OKMYTH
1HZZBfjDJMHuMWQDM19fYnwrrN6tZT57iruwBHWgoa1zwkV:18000000000000000000:OKDOT:OKMYTH
15m1SoRKk4XUCusrEWDAppKW6YSAhLs5GXzY96nTghFABW7g:18000000000000000000:OKDOT:OKMYTH
13GqRJLtpD9yjuJaysYyTEPq71G5arxrv5Us66kFUCNSqQ7m:18000000000000000000:OKDOT:OKMYTH
121ZseHgEiDg5ycuqrFzHAJp3cLHqRRheVfUVfgLjgi6Ggoq:18000000000000000000:OKDOT:OKMYTH
1j6Ne8hA3yyPeCVkFNCLFjfmQbqNd27Htfw5xrha1uhRivN:18000000000000000000:OKDOT:OKMYTH
15LzyxCnKDPsroq35LrfJZczjQBY8PCE56DPjU1PMmAj47dE:18000000000000000000:OKDOT:OKMYTH
13j8WN8gDZdGFAwq4zoPyf31hPVuj8tP7sT1MnFP6jjwLo8R:18000000000000000000:OKDOT:OKMYTH
123jVQRtTVEEwBwp2erhBrKKxmNJFtxKKuXk3yww2GDH2gmp:18000000000000000000:OKDOT:OKMYTH
1KVzH4vvL3EfntVnqoruV6nga3K77JYNf5CksQH86KrgNA7:18000000000000000000:OKDOT:OKMYTH
15kTjBaDbzEWCVjjVZTvqmJk1WujEX2PDxWRzTcPDRfqwemF:18000000000000000000:OKDOT:OKMYTH
13m6NGRNd27gNoawLJt9M3asxkDgXq6NZnqezGAx8CZgRseE:18000000000000000000:OKDOT:OKMYTH
124LQ6nL6vpk8zreUtvDLkGGtS1XMbC2E2mVAEWGwe9YSPoH:18000000000000000000:OKDOT:OKMYTH
1KVZsEnhY3v3N34bKSTftbDLRt3MSc64HKs3ZZ7yFubi5Rh:18000000000000000000:OKDOT:OKMYTH
15i7QsZF23h4fTX1yaSXQnaAaBN3yMh4E28rZSUYfHm3zrmK:18000000000000000000:OKDOT:OKMYTH
13Mf5sKJxazVdR8YiP3eb7z4UKvKkfXAarFsMsVyRu85Md3C:18000000000000000000:OKDOT:OKMYTH
128dWLYqYUwQzaPWFJGwF8oG2WqANSrwpNnNrPHqYpRPfCCa:18000000000000000000:OKDOT:OKMYTH
1LAZevdos6kWES3HcsKdziKVhUtuXEBAVmthhE6ryHkLVgY:18000000000000000000:OKDOT:OKMYTH
15GR3WQBFTkgCw3sZj6AgfuEHB9YB5fMJkL1rWkLFLLjczqj:18000000000000000000:OKDOT:OKMYTH
13mFPhvxpru3pna6rGmyTqRTJMCrmkrLthXNbcvbdLJjfRd4:18000000000000000000:OKDOT:OKMYTH
128yoC9gnJGUotnkcrrWSidHH3qwgTQvT6UD5xLRmjB2biDE:18000000000000000000:OKDOT:OKMYTH
1nHMzMh4iKCuzmkpf7kLQeRm9C43WGNt9ueDWxPGU1xbVs6:18000000000000000000:OKDOT:OKMYTH
15FcDJb6V85M3o1iECZaxEtdJj4VmK94QvTKzFrA4naWDuPQ:18000000000000000000:OKDOT:OKMYTH
13MwwnuHinKqdjUw5fEGf7cKqqmJskojJVM1csec6cifkd6M:18000000000000000000:OKDOT:OKMYTH
12bVSDSDLC3io2v9FMtQnMGL1YcPwe6E6FuJQhmZyZPEAdC5:18000000000000000000:OKDOT:OKMYTH
1NUEP8Hi51shJ7yXss1xtThL8CbCZKcqNsDM7xHbbQvAM4B:18000000000000000000:OKDOT:OKMYTH
15d85xHmn5mZx6hecyGWmUke2rEzhzYe6TFzjmX6cujiafT7:18000000000000000000:OKDOT:OKMYTH
13NZjoGhts3Hw93tjhyBJdBTSbsEvoNAykpjdYtgQJ5yU8S3:18000000000000000000:OKDOT:OKMYTH
12c4NNXnUUho1j6JxPareGR3nWqUjufWxD98FzNzELR4nwgS:18000000000000000000:OKDOT:OKMYTH
1pcE5bzC6hEttturPDnNZEmFbNKAVqGT7Wu61t9R9ubeRp2:18000000000000000000:OKDOT:OKMYTH
15d6diym8bL4kJg7HjgUHFL4dE8YwD37p2MtYRnp6rxEaVcN:18000000000000000000:OKDOT:OKMYTH
13NZQNmFewixC6c7xC6HNLhP6DfYxrgBos6nhfpmRT9KV8DN:18000000000000000000:OKDOT:OKMYTH
12DxGrLKAA3mMnYzkHfsFJ73NwNRLtxwxZe9AW56Qs2NAQGF:18000000000000000000:OKDOT:OKMYTH
1pTA81JRdv4DxHb1Rtr2riYjiJq9Wv6aWYhJ79zcRw66DfV:18000000000000000000:OKDOT:OKMYTH
15Atgn7YGa66x7hG7LWzHXCPsxURJEANWRuLN3AToUftRqtg:18000000000000000000:OKDOT:OKMYTH
13ogsJx5ymURDfAV1qP6Fy29oPk1QCN2NCT1tGxBfK6WDXfi:18000000000000000000:OKDOT:OKMYTH
12Es7usfkiMbQVmGmRGr19uhHKrTPwnLmspYeHwAar8juUrM:18000000000000000000:OKDOT:OKMYTH
1QoPDPCvHeQSaUvTT9VYFWiT8pqrVLvPaqfddkykaRnc1cC:18000000000000000000:OKDOT:OKMYTH
15aJaxLfuqZhmWjDkk2WkvXs1Mtp3opSBAZuzB3NKb6cxjyu:18000000000000000000:OKDOT:OKMYTH
13otP7Gkqq5W8TfLiFCXM2u8FRasNPwiQ4opTjoy5pCsHJH:18000000000000000000:OKDOT:OKMYTH
12gu2SNNe82T7nmUvkc5AYUWCjo5gZZn36BBaLbQHaFeWQNo:18000000000000000000:OKDOT:OKMYTH
1THfGgPwpLXLX5Dxz5dr5oNzEsGbqcVwZ8UnyjR9D1FKvew:18000000000000000000:OKDOT:OKMYTH
152rzmun6SDPQr4xbzZcLSixJMuF1JP8EALM8p3pZagJ1B3m:18000000000000000000:OKDOT:OKMYTH
13oxS7ksdV5Hcg6cF1ZcmUVtEeB7QEWe1k7JDeFQ8odYAUtH:18000000000000000000:OKDOT:OKMYTH
12GXdjGoqQcE4Ar9XKuB39K7rMPphNWeKsyU5PUpriJUd3kh:18000000000000000000:OKDOT:OKMYTH
1vEobeUPJkegk4gjmoo7yFvXc2RWWjW1EEz2mpZKfTPdeFW:18000000000000000000:OKDOT:OKMYTH
14zqW7g47Kfxok5fVaYZrT3iYseegw4HVeCp6ntUDTmru25Y:18000000000000000000:OKDOT:OKMYTH
13pMp87QNQqwh42r4BkNJxk5imHNP9EjeQGyDD3hr2KViaBW:18000000000000000000:OKDOT:OKMYTH
12h5fRQq7ztRW1DC7BpvbPjdswrWX5hej4T6yZfnufTeVwbf:18000000000000000000:OKDOT:OKMYTH
1vH3gr745cvmJiwP1avpm5x8v4zvY2fhZKwMhMa6SqyA12U:18000000000000000000:OKDOT:OKMYTH
14zcTfouXCDjefE1ri4GboE3v2npdFo1T6AfUJLvWMM7xTca:18000000000000000000:OKDOT:OKMYTH
13ptCZ7R53rTZhXYQd4tQK5LxHXxGnTKcd678NRvJqjGkNvM:18000000000000000000:OKDOT:OKMYTH
12mPc6pxEJhn2RXbMwszHv5SgbMhSKeQ2rkG6RDekFufSuZW:18000000000000000000:OKDOT:OKMYTH
1WZr61z13PchuEoBrYGfDykpaKoyGTo83i7T7oqtXcqBpjE:18000000000000000000:OKDOT:OKMYTH
14XedUmXrUARMgYiWbyYtnafpyLW3ohoekJem1mjgCZ4AXBU:18000000000000000000:OKDOT:OKMYTH
13Q7UTyRDe91QTdY2ZzB47WgpJQ3o4182CRWhT66iKxUSBzt:18000000000000000000:OKDOT:OKMYTH
12NBmD5LZkeFWHrUdyihXR5A7FMUGdboy3HGQYLDUbEwLoWV:18000000000000000000:OKDOT:OKMYTH
1xg5ZLQFQrPzqdERsCCKb6EHtMMBZ5hitXj7cWZVcUmtAUF:18000000000000000000:OKDOT:OKMYTH
14VG9wA4bPdJCrawCeNVTBD678t2JKnJMzy7RKabpvFiMmB6:18000000000000000000:OKDOT:OKMYTH
13s8ME1ErvyCueNerZrw2KudcYDK49sr6yzRWjTpJieM9KQY:18000000000000000000:OKDOT:OKMYTH
13NCLd3foNpsv1huPDzvvfyKh37NEEkGFotZnP52CTR98YFJ:236000000000000000000:OKDOT:OKMYTH
