1Hg87owgsShqe7kiUs2KsfjoHJV96K6CoMtK7Ko47bcjhvU:18000000000000000000:OKDOT:OKMYTH
15r48bmAseJQPuwUvv1a6pToKQkNASmFrUmnEMWqs7qjxagC:18000000000000000000:OKDOT:OKMYTH
15SpDfnx3FJED92r9Uv3GNKqZoE66Fc4SKTUb97NBb7sZ2ao:18000000000000000000:OKDOT:OKMYTH
12rwjpAkCHRUeXT6UozyVqCqW2WwoP792Lm5HrTtjAJWB6xC:18000000000000000000:OKDOT:OKMYTH
1HZwSjvXb3djhZvFDVEKYdXSbXqQ2NRLrPwJZb2MPQKcpJm:18000000000000000000:OKDOT:OKMYTH
15SgtQBAtzB1QxDfwsSZQzUbMVD3M34HbftdpKEHQQUZ3sjG:18000000000000000000:OKDOT:OKMYTH
11QV3rmZ9dya7u7mkxsrxtTAKoiUijo9qamb4rg5XbgsrRZ:18000000000000000000:OKDOT:OKMYTH
12RXR3kmHKLQmWjeVjofrs7uGzZpMertnRKCXCxUUassHfuo:18000000000000000000:OKDOT:OKMYTH
1jnkSsBXJRf5J52AAU6ztfp7xJG6ZWPvBufowGAtb916hvy:18000000000000000000:OKDOT:OKMYTH
15uQVLF1BTNK6cNsVQZNo5Ws23waUSt4UMLVtcns4acNj7Xz:18000000000000000000:OKDOT:OKMYTH
1215H1Gsih48tjC4Mh6m8oXMWnNyQesReQifRdSvssTmpUF4:18000000000000000000:OKDOT:OKMYTH
12sk2vD2Xig3qCXfvosCLFHrZjCrTs53q4ETTN8oVR6JdjxR:18000000000000000000:OKDOT:OKMYTH
1KgSZXSLbmsbcqNU2sKq1gAxDwVpLzEA9E9GbL1GD51e1nH:18000000000000000000:OKDOT:OKMYTH
15VKgzkpx5iPqzCuQ54n32tKb5LpWrtkos6QKKu5qqaCEqKL:18000000000000000000:OKDOT:OKMYTH
126mRozqtU3LX7n8whfYhJz1wj3rzQWBa72HvdHfbF4L5kE5:18000000000000000000:OKDOT:OKMYTH
12U9V9P17yo8UnSBUggbcZL6vxhgQPrkhLbT4SeJBqdNNW4R:18000000000000000000:OKDOT:OKMYTH
14yu4uKj3JYMbgVxkfav1fD91HcVJEYJFFTqmPri3jrAHice:18000000000000000000:OKDOT:OKMYTH
15x9B8y19b8UNdb9VzeFrXSDjL7rrRhnGEGBChrAKKucgzKs:18000000000000000000:OKDOT:OKMYTH
12BrN2u3c7TZ6TGP1fFYrKFurZNkosbRJkRE18ME3Lr1vyum:18000000000000000000:OKDOT:OKMYTH
12v99YpZKxwx4UJBBVv3cc6wrdh1Wv2JLRnjsE1W3ssckZui:18000000000000000000:OKDOT:OKMYTH
1A5a6w9q4TNFKWdgVckMC65gsZgNUcsAVYfTjWU311FtnB7:18000000000000000000:OKDOT:OKMYTH
15YGHrWfREUJ7pGL4XWPxHhRbj8cFS8gVVxuACHa5Ub91TCL:18000000000000000000:OKDOT:OKMYTH
12e3aFHTykmiWaxEhfTQekPPhLdkqWzYte14o3DKVbAdyekJ:18000000000000000000:OKDOT:OKMYTH
12xBZDWxJnrHqCBdQLRjtgU1sJGSxCqqndBaGPyRUZPBfUNR:18000000000000000000:OKDOT:OKMYTH
1nKXdsH9taDLMjsbnxYJPp64xUwSzytMRZgRF4CTmaUQRAy:18000000000000000000:OKDOT:OKMYTH
15Zw13xwvgUpjrMEw8mvrczPN5M7Givho189UyYk5Znip8pD:18000000000000000000:OKDOT:OKMYTH
12Em7JFhutqu1yWGM8kcoJATJZqAXSfDx65zPWMbNaL9iHAP:18000000000000000000:OKDOT:OKMYTH
12xjgS3WPysh8DnWJWBccLUgoEptbYQjPkUyJzj3xaX7UXUR:18000000000000000000:OKDOT:OKMYTH
15itUQ1kBubic8aMs31SkZiQF6h9p5H2XYTVv2uhdtttifR3:18000000000000000000:OKDOT:OKMYTH
167oYrEbNviV47S9eJ1MWCd4b8V8fTtYdWJy98yDsU73KuLZ:18000000000000000000:OKDOT:OKMYTH
12ER6qBMx4LYiWgmyqXrzjbhy4exzNad4Q4MEpexuv74HpNj:18000000000000000000:OKDOT:OKMYTH
12ZKxpdaKgHMUTLGrsBcpZ8VhacaSstBtwuCQVdxdPjdjtp7:18000000000000000000:OKDOT:OKMYTH
16PXfdYbBLgYTsBvoPcqLMnogR7AYJCpmjqTisTZbStieWTa:18000000000000000000:OKDOT:OKMYTH
167zgq2ZVikNaC68XyA15FiVmWPRpWtYxkfabrgHf8wFPjsW:18000000000000000000:OKDOT:OKMYTH
12F2ozcaQhCHeo2wyMT3oKoF53nByoYijZNbe1G72kUE2Lg5:18000000000000000000:OKDOT:OKMYTH
12zxss1t8HHn7qirLiNvzvMtTQRrzsHmMCkZcgFnV85cGRA9:18000000000000000000:OKDOT:OKMYTH
121bK8EjkehxzJdE2PWrdc3UpdSPNbkkZfCrGsTzsMEUtUou:18000000000000000000:OKDOT:OKMYTH
1689e52nkQR8uUZwVKCnwZ9d4WAFW3DeTbMR1P3mrLY5Q4To:18000000000000000000:OKDOT:OKMYTH
12Ghzu4LPP1eVGtNgFPziw4Cg1Y1WsYkU4xxwf1JkYyrx79D:18000000000000000000:OKDOT:OKMYTH
134B2PNquBkSDvwBWNGjeqcpnQHtABbCWiX8kcGrcPxkZVsh:18000000000000000000:OKDOT:OKMYTH
12K84vzYyq9zw1fRLTfRqZFfadpXiU5gmBLvZfsVvPyRieKg:18000000000000000000:OKDOT:OKMYTH
16adAECqVTPUds37pGtLcaxNK91Y6BXxDRqTJsfbZp2DnR7w:18000000000000000000:OKDOT:OKMYTH
12h7duQKsCLxUz11B8TiCmDmGWSHd9YPyfYQ54TJeQJgvi83:18000000000000000000:OKDOT:OKMYTH
136b4SreGNG3r8XQZ5Atb6g8ENCWWUPqBVxvZG2fFufzXVjZ:18000000000000000000:OKDOT:OKMYTH
14YhzxcKjh64xgb4cNG8NcVwQg3VeLR6tX68QXXLrPe7skUx:18000000000000000000:OKDOT:OKMYTH
16ANAy7hsPprqxZPuTiUmLcgwWYiQb867iUGbJ4YDXj9TUb7:18000000000000000000:OKDOT:OKMYTH
12ijNzknmGdANJVsxtSykzhRAvCEmW1rxwnGCG5x9hB873Ep:18000000000000000000:OKDOT:OKMYTH
136BFy9rtaR8mseNsZ2bs5WbhE41LgwacxfEgqdRXGYjTvF7:18000000000000000000:OKDOT:OKMYTH
12YrYvz1CduZ1Z4vWTv9W4uXsyTqdsBKSp1oZAUcRCnWGduR:18000000000000000000:OKDOT:OKMYTH
16D3b5Kn6VQTU9N7RimYovMC4BEPaXiFKqEVkFyU5ryuGMsh:18000000000000000000:OKDOT:OKMYTH
12jaVsvN9Apf2neB51Ag1AFK6oEa1hPChLGEPN28dvCGUwyG:18000000000000000000:OKDOT:OKMYTH
139DbRrCMcjsgHVg5hKwYSo2xfizeW8sz9qnCeeke36qZ9uM:18000000000000000000:OKDOT:OKMYTH
16PuGZNwA9QPib582qzWMGe4rcXXqWR1qx9P592SocbPi25R:18000000000000000000:OKDOT:OKMYTH
16dB9QJJqxvWy9Ch97J9JvNjvWqSR753gKrciuXgCriMECaB:18000000000000000000:OKDOT:OKMYTH
12jktF2CwhnGNHJdEmWqWuFGLULEU8nHF1yi7qXBp8mLhecP:18000000000000000000:OKDOT:OKMYTH
13az4HSmf3pn73ZKwTpd1PNAoW212UDsxfFZN2fKyWahREgZ:18000000000000000000:OKDOT:OKMYTH
12pY2u1HWfGFP95NwgeE8HncKup1WasZpmHiHm4Pg6a5Tk6o:18000000000000000000:OKDOT:OKMYTH
16FbVJYa1JoDGMSYed3EfJMna8pcXxZEZqV7yn5ZgLCfi4hw:18000000000000000000:OKDOT:OKMYTH
12KR5fe66TV8FQf2kAj8B1XLdHWgjj5TxWpdMDJwoTWeAd4v:18000000000000000000:OKDOT:OKMYTH
13BQmMLSJk2BkkzkM7DfU7JpbFR2KWRuSjnCCPkSZ2Th9t65:18000000000000000000:OKDOT:OKMYTH
11T36hrTQjMHnL6Rtu4U29SdpgPtbiTncf7jMkwQcgSGJay:18000000000000000000:OKDOT:OKMYTH
16FhJhust1KzkZAkB8DQLm3w8r4NdoA7U1k5HiqHc1P1qqPu:18000000000000000000:OKDOT:OKMYTH
12mTtjWbx9u9QE8vEXfJ7gM2yh5CriTvaUrXL8eKktFkmxjp:18000000000000000000:OKDOT:OKMYTH
13Dvqh7Qoq32L8Y3iCbycaTZEreG4yds9WaKrDDbXGLAnLaT:18000000000000000000:OKDOT:OKMYTH
121qSu3uTC2qcLtFD5koJ3BqrwGaKw4YGhWT5bhZkSeoYSmN:18000000000000000000:OKDOT:OKMYTH
16FQPA6QvBTGYQ8TE17HzfeRaG1HdGFfEFYKv7UJZoeo5p3A:18000000000000000000:OKDOT:OKMYTH
12MyE8Sxk2gG9d734ru8J7f89W4tN2vkEDf8istvzFu4rgSc:18000000000000000000:OKDOT:OKMYTH
13eEYBgCHy6fY96Fi7BxZonhgwbuhCoPQvd4JNGgsYtDkTuN:18000000000000000000:OKDOT:OKMYTH
123jDi3NACtwnJnC9Rt4nyPoGxYWGoF2s7tE6viXG9zZZq4c:18000000000000000000:OKDOT:OKMYTH
16ho6UZoNTWda96wxs8LTtzR62ZUqnraxZehKj4Y3MyWbfE1:18000000000000000000:OKDOT:OKMYTH
12Nc4No5pDYwMnhCV3gmcPmZmRkq4kj6bJjwCBygDwCJYQYt:18000000000000000000:OKDOT:OKMYTH
13eNMyLwtomh94XNfCbYFdHmJFHu3cUnidyR2vCcx9bNdoqb:18000000000000000000:OKDOT:OKMYTH
123ZBadw1d2vkaheZvLaHum9P3puTHjN4Z35bwUs7k3RnUs9:18000000000000000000:OKDOT:OKMYTH
16hqegoKgNf6tKsBFoakpZdH9WntpmcZNnU5L37u9MRWMS8H:18000000000000000000:OKDOT:OKMYTH
12Nygw3ZfDypqSWdbUvjS9TC77w4H6Yb5qEaaNHNS22f3k9t:18000000000000000000:OKDOT:OKMYTH
13fmyZtv76RcarkCXXFZyYiHVyMFLfcdjAz9hoGCNLqAPbG3:18000000000000000000:OKDOT:OKMYTH
124LJkLk1XeG31NHqvcs1wypectWCTLkcaEKiBc8rZtcUUWi:18000000000000000000:OKDOT:OKMYTH
16iYm8axZBmk6oxPCnkN76tmJfJkdQDK7skRSJcJyQG22ruN:18000000000000000000:OKDOT:OKMYTH
12pH9PxbEFrYZvpapzGRgHeuK4hPY1XuRuCJawnBrX5cg1hY:18000000000000000000:OKDOT:OKMYTH
13g9VWEsQHRSsCth98sZQiPSNcGTtebdSETGyEoZLD9L9sRv:18000000000000000000:OKDOT:OKMYTH
1263eJr6qjdYn2j972EZxhSbqfwGbbv4KMew8Auz1CRgnqDW:18000000000000000000:OKDOT:OKMYTH
16J3fgvGCy9ABSgLPKTZMXMPga8Hss5BYJMuUFV4ZeuyVKZz:18000000000000000000:OKDOT:OKMYTH
12pjxZVc91HAax5EZDQsSnHQuDVHkg3gP6XRmJtZzJBTSzHS:18000000000000000000:OKDOT:OKMYTH
13gDm8fJCPKaHTNKJTn7xYW1zufzv3rPUBGJ9MkRu1LzuzG2:18000000000000000000:OKDOT:OKMYTH
12BigXSUdk5b5vbiCgfEHW1gnrZzyusKV5RRYE2LRJ6kDopr:18000000000000000000:OKDOT:OKMYTH
16Jxv4hRoKWWw17yggBpiKzcdoaoQ7EQ5yrHa8oUqWQePBXH:18000000000000000000:OKDOT:OKMYTH
12pTc9xEa1fj1TPQimXCRW7Tssxz8PNqorFTVY9gRhN35bro:18000000000000000000:OKDOT:OKMYTH
13gpdeEwQrgfz45HAMirm2UfHYaPwDKXTGaY3rZSsN4ucupi:18000000000000000000:OKDOT:OKMYTH
12bpCn1gkekjMsvKDFdjMdCVpfXgAvzJPkmjwPKWEyu9YYz3:18000000000000000000:OKDOT:OKMYTH
16kwkPbsYMWqFCCQdz1hUzGzAHWJ9chihcftejCneyPJ6v3j:18000000000000000000:OKDOT:OKMYTH
12pV8wb31tSA2uxtE2XU9YSuFpsakFtR88zqjUafxvbFnVa9:18000000000000000000:OKDOT:OKMYTH
13is9HLbcmE9BvSn3dVmDdLuFgh53bYQWedFcUX1ddES1eH7:18000000000000000000:OKDOT:OKMYTH
12bYDmUqmJbqKbPW7zjadf9sxc2s6zJHQVB5RUuG2kg2BkZa:18000000000000000000:OKDOT:OKMYTH
16LXTwz8YrfcNS7Espe9Age49risX4yWmq2f25gGv8TLDQyB:18000000000000000000:OKDOT:OKMYTH
12QXdVFSQaY3oBv5cAvETevsucnhiZKHbdRZRqte1qByWchd:18000000000000000000:OKDOT:OKMYTH
13iXYFpeJrP5hApHRhFMbWQVhDxiU3VsBNUrRphwB5DVa6wd:18000000000000000000:OKDOT:OKMYTH
12EEJZ26cy6H36vnCTics3RReyHGAgczXncGfWgeXewh3u9P:18000000000000000000:OKDOT:OKMYTH
16m511bdJx4SiKTT8f2VFH3N2dXq8Fedy3ohjLRogfxh7sCV:18000000000000000000:OKDOT:OKMYTH
12RHvaM8yD8WLawvUiXx2dUjGzcrjHHwY7Rom5iAmGLg5C4f:18000000000000000000:OKDOT:OKMYTH
13jDz16NNd8xSwep5fi9WFK7Kqihr5vzPVEPpDmE2EkCb3fy:18000000000000000000:OKDOT:OKMYTH
12EYtWe6B5Ei2yspF9XHq5jH5za1eDVUokEXWtSXmpAni4Xh:18000000000000000000:OKDOT:OKMYTH
16QCyCoHs3X4FBm5VQu1TVjsbX1WddHHa4j2qUBfcJ1L4JzX:18000000000000000000:OKDOT:OKMYTH
12s74oMREiSEqqifoP4SqpmkdDHqJi3GMEZTKvpskV5Tujk4:18000000000000000000:OKDOT:OKMYTH
13jNu9YPi5NtWqGQVVeCgVedh9iP3aghTzNWLRkQ7jo62kdV:18000000000000000000:OKDOT:OKMYTH
12g9tU83YNkKLbbMZvYvqGgFQ1DpfDB66cEfixByprs92nMM:18000000000000000000:OKDOT:OKMYTH
16VbfW7SsWozLDzmjW7RpgQQc5UbdXVjGK99BYNmgQFhRsFk:18000000000000000000:OKDOT:OKMYTH
12sQTN2PiBTtG37cTbduiynsXNAnvF8L1VsT1tFv4QbAppAi:18000000000000000000:OKDOT:OKMYTH
13mk4YEXgCaTR2i9P4X3D2keQbVYwatzirqmgBCUd2JXzhUh:18000000000000000000:OKDOT:OKMYTH
12gmPXAEcgrcaoh1CHky35FbjmCywjBS7LVf8GGQeRAY4z9V:18000000000000000000:OKDOT:OKMYTH
16ZrgmHCS3vVozMe22QodpzFaC8JDyfZtCUtYniXnzXp255b:18000000000000000000:OKDOT:OKMYTH
12TCWTvkBWxQQ4pbtU1vivSqnjYyzviuBR2krPUETuEgcWcv:18000000000000000000:OKDOT:OKMYTH
13Neoh2zTUcMUei226R9JooRaaWoiwxrwGHraN4nL41kAHg5:18000000000000000000:OKDOT:OKMYTH
12GTXTqkmeb8QgGa2kjNbnu8cNNPmgVKyS8vmDAWr5vv3sCY:18000000000000000000:OKDOT:OKMYTH
1Bh22bUAAt9Y8wp2qXaSeUSESNJpbi4n4bekGX79hcQhCaj:18000000000000000000:OKDOT:OKMYTH
12TEVbTyFRq8zM1wQ19BPbisrnHxw7X8EjLw1ziA7fqRNjb3:18000000000000000000:OKDOT:OKMYTH
13opoAxkLQdiTwiWfBseXyzK3pqju3YqeBuqVekeU1w5sGL4:18000000000000000000:OKDOT:OKMYTH
12HFQttWRvUDpcZbyD98XH4CxkdQcDcen8PeD4oaR7LJD6vM:18000000000000000000:OKDOT:OKMYTH
1EajLTPyZduMNsrQJNCTfxMFmmsoFf7BHVYKN94Tnpk3LS5:18000000000000000000:OKDOT:OKMYTH
12xfsZLmDwii9yTc14tSsLesku97GsB1Qt227SVjtuubZkYZ:18000000000000000000:OKDOT:OKMYTH
13p6LfjySXiXoYon6Fe8sw7b2YjyL2RBAgU5p6ERLsMeS4iG:18000000000000000000:OKDOT:OKMYTH
12iiiDjPJHtwrtgiDXRqoXnDhFsexKTUVDgie1oQnPiYWDZi:18000000000000000000:OKDOT:OKMYTH
1FJ2d1EAPhPASNyo4TC8wBRfdLFFENvG7TJ2ch1FGBxmhdG:18000000000000000000:OKDOT:OKMYTH
12zVoEZ9ydmW5tX9Gy6NfKde3nGvsYZGGX79gfwsjAqKVn8o:18000000000000000000:OKDOT:OKMYTH
13pLnx2aQVhrLrtwfs5mtDqWDfx7eoSE5N8896GxvqUAFk1g:18000000000000000000:OKDOT:OKMYTH
12jDjcSKHTgHRhQfRNRKwJ3w4tXXAvTdmuGYKwgCLYHVSvsT:18000000000000000000:OKDOT:OKMYTH
1FNq2BwT7awS1KYeCopWCVcsz5arS1MovS9nUhpD9fe3Gtq:18000000000000000000:OKDOT:OKMYTH
133HpUgqg92aJmJhVHdoE7TvbCjxNzwK6pCj1FYSWKTH3pF5:18000000000000000000:OKDOT:OKMYTH
13RFgKpma1eeL33qPpQ1iq31BFJDPACW4Revh9rW3gJHRYLc:18000000000000000000:OKDOT:OKMYTH
12jSwb8Kv1GE56q9KcwvVVyELsZ51yWTrTfqiZkB71nP1rUz:18000000000000000000:OKDOT:OKMYTH
1H1NQuULHBhaUrpo9AnGvBQpkid1imxz2ZGZnm22doQm8wu:18000000000000000000:OKDOT:OKMYTH
134JqEfPUiHNVd7uGkRTrj7m2Axf8U9AdKyA1gN35EZ8pv67:18000000000000000000:OKDOT:OKMYTH
13sSrdN7F3yV1NGoL3nu4MGMZXQkh4KqNkrfWoGcDiDwNbLA:18000000000000000000:OKDOT:OKMYTH
12NReAofBio4UPepncwd5kfQPGZ3usR9XziqvjTqpsZ9o2Q2:18000000000000000000:OKDOT:OKMYTH
1HjSTsfWDhct3nv46gAmfTo77xL9axghQJRkMF6biiPYSHA:18000000000000000000:OKDOT:OKMYTH
1369HTgNVV9eKqY6jKaLZfYmTcnsQS3TcWhEsfejrUfugfGZ:18000000000000000000:OKDOT:OKMYTH
13sUQqs1NcVbBqAnch7QYMi7jUMeksRh9YskN5Y74VG1BKde:18000000000000000000:OKDOT:OKMYTH
12pqGNkxshRK37cxdvCouTXVYPM6ZeCL4wGoSxbJT9mC7jXP:18000000000000000000:OKDOT:OKMYTH
1hP8tmMuSPpCJfc7XkzcFREp9KLeV7yrwZ9NmaybiVDiRAT:18000000000000000000:OKDOT:OKMYTH
139291VLFarUfxHxLZqVSEGchtyVpPKqvGxQAf8kdHx3Zi6i:18000000000000000000:OKDOT:OKMYTH
13SvEMTGnw33KzXp4WASRTkCPnUkQbNreQxk21ZiCmYpNJQ9:18000000000000000000:OKDOT:OKMYTH
12rgb64bfiotSGjQpePg78MonG3p3frdoQmQyanazKkGZy6q:18000000000000000000:OKDOT:OKMYTH
1jHVb6GCtLZ6hrazTNTDxMm4FNhLM8okSrEZLtKSX4mi6sV:18000000000000000000:OKDOT:OKMYTH
13bfwAs4FRwkTX2aP1UetTgpdoLmUmaJuxRmB6S7bSkBHsKh:18000000000000000000:OKDOT:OKMYTH
13SxG2Sg9QTsVzugrxSf7L5RQdPmpGUmPdkyWfecCTHvfTUc:18000000000000000000:OKDOT:OKMYTH
12ryzgK61WqUgAp48YcRFbh6cqBtKNMofkJLgnQQeDkZDaBn:18000000000000000000:OKDOT:OKMYTH
1KuU1zUNtRQdjyE3Q45dUUXLGRj5G3fuSy2sPELYAuRYRr9:18000000000000000000:OKDOT:OKMYTH
13gkCtD13PfN4xxNS43nKArLRoZG4tJUzdo7dQb5cfb37poR:18000000000000000000:OKDOT:OKMYTH
13TbWuDTssU4UMcebN9y2Lja6apouNeiWNTDQ7t3VFxJKcBS:18000000000000000000:OKDOT:OKMYTH
12unCbZEQgYJ3TRWTUcYh9j3BGAyKVfGMdddQKin92tQdJkb:18000000000000000000:OKDOT:OKMYTH
1ned5w4dfmWo4vqxhJ1oyXpw2DWXSr15gm2xACGBuWJr8g4:18000000000000000000:OKDOT:OKMYTH
13jHcDR9H2SfaSHFixeQwjdf2oVzpJr5fHDx4yPoVFjD1AwT:18000000000000000000:OKDOT:OKMYTH
13TNU9vG3BtB3FLTLskEUjR3LcoVkBAvMqUpoiC4gTDPBtac:18000000000000000000:OKDOT:OKMYTH
12uNinsDGHE2s2SYzDqgpwEpMQkn6Vqz617EyVJnU74gYXGS:18000000000000000000:OKDOT:OKMYTH
1syeVFbD1k3SVy7WD9NmDAxAfV52GzSaWsAhreL3LkrYoj7:18000000000000000000:OKDOT:OKMYTH
13N1YVDZn1xJUC4cnXwhzXRdxQ2bCp8m5r3Z6MJKGVd4L5Px:18000000000000000000:OKDOT:OKMYTH
13ty4ogFsSJ3f36Srdu37xX9qkEVhfZMhA4uSkqw4GLgr4nT:18000000000000000000:OKDOT:OKMYTH
12Vonfw7UQHsrZMXDWRa1Z41JXwqVrtXYBCSztz9qFquQ9Km:18000000000000000000:OKDOT:OKMYTH
1t6LiWCrFcTPJwkZ7FQaWYMaszZjMyUCJmhvJWCMWQ65b3E:18000000000000000000:OKDOT:OKMYTH
13N9MJ2cb6ubMoXPY5nFLG4qBuGASGBW6WGfCZuUcbmGQ8eL:18000000000000000000:OKDOT:OKMYTH
13uiJuMiPFjTnX1KwYf47bwMCtNqkzBpWcMZs7sYDu2wuXhc:18000000000000000000:OKDOT:OKMYTH
12W1YUo1wHdDdkEH1FSF1NFJ9yu9n1FdXYp1JLwpLYiMbC2A:18000000000000000000:OKDOT:OKMYTH
1TyVedwhqshd4sf2pj6KcVLQpgJinMsBhD7ubKpzRGxBW1w:18000000000000000000:OKDOT:OKMYTH
13NDagif5cfFHX5DU1xKh6F7rtP1pNGaZ2M4GBD3LBk23SgU:18000000000000000000:OKDOT:OKMYTH
13wnN6yBetFLbt3xkfvDvMZrKzkpQNUDww96vFhedZ5Wnda:18000000000000000000:OKDOT:OKMYTH
12W4BeuL6sFY8mfhqHSnGrmoKqRzXmwNSaeeo7BaY5nrG4KZ:18000000000000000000:OKDOT:OKMYTH
1UJgPvUcBRXFhDbD8aHrUSc6QLwwdP115HDTuanCQsgQbaK:18000000000000000000:OKDOT:OKMYTH
13NdybMofRaHctQ1TLsAgy6CYJsTjJjcSbBgRGEDyjzBJxAc:18000000000000000000:OKDOT:OKMYTH
13x2P68qh2FAPHcUwRL6rPiRzxWUcQu28xeYcqgxXdoD75NA:18000000000000000000:OKDOT:OKMYTH
12xehUr9SuXxxD3HzjwJApzBfDVdqHLGbKw3HQfxnshRhdeD:18000000000000000000:OKDOT:OKMYTH
1WB4sJBMET6wgG1j2hdtM22bMK8fH8Ek5oG7EyptVSLHacr:18000000000000000000:OKDOT:OKMYTH
13NGvCv6Ggm3DwN8HKFL5q7PHrnHvq6gUaFMafxB7ZgizW4C:18000000000000000000:OKDOT:OKMYTH
13xB7g4ErjLg5Cyh3if57TJMnqEFiq6HirnMGiMkDP5xaXBi:18000000000000000000:OKDOT:OKMYTH
12xz9X2K7uvoEzUAK8gfXU6FuXbH8sGy2qHKgTavAzpVaskt:18000000000000000000:OKDOT:OKMYTH
1Wy6fAy3Ve8ao9Wvmv3MCekkwZ522D2eee3aptfRG1hPVh8:18000000000000000000:OKDOT:OKMYTH
13pHWj8kNEGrVJj7Db4s7C2hA9YnP12A8v6jpYLZ2sZx9j95:18000000000000000000:OKDOT:OKMYTH
13xSgjJt7T4xWBh6qpuZspjLkhEdEQmSHTwx8bu1kqHJkacJ:18000000000000000000:OKDOT:OKMYTH
12YB9R6bYTWTLLqwpJDjfgbLT34SXEZhj7ZeWKa7GcSrs8ik:18000000000000000000:OKDOT:OKMYTH
1xKdM3QhS74kBh9ym7pBysutDiy2fLRQorqc5XmLJZJ7hxH:18000000000000000000:OKDOT:OKMYTH
13Qy7AqADLXMrsNwJy64fT5WcpTuRa13BPAGNwqyQxb2nPaK:18000000000000000000:OKDOT:OKMYTH
13YH1LBnQ2LuyaL32z8eSDWhB2EAhquU9mFEjvYrXow3hV39:18000000000000000000:OKDOT:OKMYTH
12zbJ92hp7nCrdg2C9ggEnra6Pz8JJz9otLoHsrRtCpCAYRZ:18000000000000000000:OKDOT:OKMYTH
14jLEZ8R3Z7QY36LhQ8PRLxw17PrVwgwfX7wZUkQWyJcGq73:18000000000000000000:OKDOT:OKMYTH
13tqgynS23Cq2mwPNEnaADgM4ZpJu5X15zMGj6AfvgsknedL:18000000000000000000:OKDOT:OKMYTH
13zR5nfvUbE615Mq9rLWQrcKFEJU1ANwy6jsnYqXMpZs1YJN:18000000000000000000:OKDOT:OKMYTH
135ujki8gSMzjQtTnqQrVnx4b2nYxMFo5PhXkVbUzuu9gqu1:18000000000000000000:OKDOT:OKMYTH
1U5dZ1QmDoYxsa9aDAdM8JkdQbA9H5K83sYAtRc8ukaEemx:18000000000000000000:OKDOT:OKMYTH
13wq15xn4ZoanYxVxGBBzmpaw8GPiJheQNnuj6gCZMFrPjih:18000000000000000000:OKDOT:OKMYTH
146ANwWwDWbnZABkixFnw97j1BB1tx2LhrcrDsX156Lsw1s9:18000000000000000000:OKDOT:OKMYTH
136ANVcC5LfimMZRWRBpRDheKmogUquGw1xxbZUL7bL3RMtd:18000000000000000000:OKDOT:OKMYTH
167RjtX9wcRi4bQ8QWga8kV6Co9BAE9vySBK2aonZCBMa9Si:18000000000000000000:OKDOT:OKMYTH
13wz7TAHas6N5RjyoGtzEhXUmkTC5r78M3pZqhtgdNBCYxV3:18000000000000000000:OKDOT:OKMYTH
14B5HsEGoEFWLaLpaDLifPPUJmnyQfGcSTgWXKsovPme4T6Z:18000000000000000000:OKDOT:OKMYTH
136EQA7xKFvK36a6GQkPXRLmvhacPFFBt7UTE5QQqD5fsvWE:18000000000000000000:OKDOT:OKMYTH
16JriM3NFYLsyUfzvA8GLMCYa25GZne5yuCbohcpq4f7UoVZ:18000000000000000000:OKDOT:OKMYTH
13xLwSRcT7dg6hqQ5oT5ZdApkbuAMvz5b47QCUN5R1U5fqny:18000000000000000000:OKDOT:OKMYTH
14bRcUmhajT8WwMbEtrnAqxM7J77znnpouzDrhdx5yECz9J5:18000000000000000000:OKDOT:OKMYTH
138NUbwsrBKtCTxwjzavsG9JAD7WRA4uvkzxeEMZzCrVRVyK:18000000000000000000:OKDOT:OKMYTH
1ugaDmuJgANJswtKjudL5Et2J4QDKVGfwtG72LLnwhUVF4v:18000000000000000000:OKDOT:OKMYTH
13xZA1H3of325xP1eP4PdXxXjuqiH4RZzCGhH2uH2KhvLw4S:18000000000000000000:OKDOT:OKMYTH
14ggXtnXF7xu3mmhyaGmQgtwquDWL9cPuzXDiXEQeS35Lgg3:18000000000000000000:OKDOT:OKMYTH
13bSYEYtJYRXGmV9FVfhRp92CQkn3ARYKwU1LeZL7FYbRfM7:18000000000000000000:OKDOT:OKMYTH
16kpvk9ySJadH9FLToXWAdQUrJbUAMQCSTWEc1gVy639coxb:18000000000000000000:OKDOT:OKMYTH
13YD3ykYfFbxJQf1X8CKg8n82xNR4rEy14MNqYuAz3VSNDfg:18000000000000000000:OKDOT:OKMYTH
14GmeGjHeYrsuCg76gih4LUoBeshzLeYvXUGNK1gDVUdxHdQ:18000000000000000000:OKDOT:OKMYTH
13BUgL1tb2TdLcEPKypkKSeMb6b78dzYrMFT7T31Pbt3ACGi:18000000000000000000:OKDOT:OKMYTH
13d6r83wX1XPHoFbNeqvGRxprkYRY8xpD1sAGnZMy6Tj7jue:18000000000000000000:OKDOT:OKMYTH
13YpDteu9tn2G8BCJ8TsH7GLdfRJrbKFmoWytixRZEF94gB7:18000000000000000000:OKDOT:OKMYTH
14H7nLeqT7JewQhzmvN4oHMh2mg2o4MMwAB5hKWwxkcgtBL4:18000000000000000000:OKDOT:OKMYTH
13dB12SCJxZRqGogppbi4B4oUstfpyFgNdEfx9NR14R7z2PD:18000000000000000000:OKDOT:OKMYTH
14Mvhs85cREjWX12ju4ihExWFHb1PLfktFAHpKPq9JdDe2q5:18000000000000000000:OKDOT:OKMYTH
13zjnLUmYbeFGraWhpCJBcsPTP5x6b2VdKNZcXKNVYSK2fQ3:18000000000000000000:OKDOT:OKMYTH
14ij7xJuzkgPh9Smz2yWbXgb22VSQM7SUDrTLiMzbir4VM4j:18000000000000000000:OKDOT:OKMYTH
13Dij9xYdjrUa145KPr28LBwA2372Ry5JpVfKxTd716LC3cj:18000000000000000000:OKDOT:OKMYTH
158Uv8hWemWSE3GY175RiWUgUr9Nf7QnaQUQFnBTBxEiQK5v:18000000000000000000:OKDOT:OKMYTH
143ETN8b61bm1FKR7FKcaJzrxxwiX4RtpxRfVuWNqHJD1wVy:18000000000000000000:OKDOT:OKMYTH
14ot8YUGPz5KSkYj4uHLmR95qy4kojRwYpouFkLnhLfpe9Hq:18000000000000000000:OKDOT:OKMYTH
13dKQxAhJyHiua1pPvNSV4yiA3zYEYAeC6FyfzyaUJ5NF35u:18000000000000000000:OKDOT:OKMYTH
15CuKgsmAoFXmnxqh7ywyrqkTHHFcwHeRbEP2MeVzQsdjss6:18000000000000000000:OKDOT:OKMYTH
143wCLMfFR4tucPn9emzcfXWxsorrX4UzqcYiMSamoDGwpZe:18000000000000000000:OKDOT:OKMYTH
14spftvQvFBohVggPeY8irT5NTUHbqd3KbsS1pnfPq23Tjjd:18000000000000000000:OKDOT:OKMYTH
13e7yuW8yXQn8DSqiMyxvofVAb6pNJUZPMPEuFW2UJNfw54k:18000000000000000000:OKDOT:OKMYTH
165i81n6KsZycsCVhYGRYNYhBo2xYvoHzUwfnUefmS9qzBYq:18000000000000000000:OKDOT:OKMYTH
145d4PsQb9xzwKEtWRYdk7biabNoVMBhugUb3fARnYLiFFdj:18000000000000000000:OKDOT:OKMYTH
14TUzmdvEvzm3j7sro4aGr8aFTvpn8LdJfpcEZpbxNKdmNqP:18000000000000000000:OKDOT:OKMYTH
13Eew5swSTJzyPJifWRfRoxAzBKgXZZ3m2UqF3MDbYxVbw3C:18000000000000000000:OKDOT:OKMYTH
1jaZwX3NssrBtCpjC7U9k6pqjFnvgMwxzX21Q9d6eq2EYKM:18000000000000000000:OKDOT:OKMYTH
148V4GWeogRnAmdz7svsnxYD2MCmsLiL1wMEEW8rPf2pXb1a:18000000000000000000:OKDOT:OKMYTH
14uhw6vknsZM6vGNVtdxDtucopLA58hZNMLhAMyL53tv5Cs:18000000000000000000:OKDOT:OKMYTH
13gpJHe3ykVaoXvd4qTGuaBhiVDEByQpQa1nXmysAD7FacSi:18000000000000000000:OKDOT:OKMYTH
1TL76DLsei1HKbgMkAf4TyQWtXu9DbjaZuYK4bUi8fKq9x2:18000000000000000000:OKDOT:OKMYTH
14aFRrNiktDE3N2BvdhuGXvQvpv7HfTTRpPSG6xtXdYcyMib:18000000000000000000:OKDOT:OKMYTH
14uLuWLNunorZHWRg9ayNeZExHE1TfhigGnH74GmH1kZ8jxE:18000000000000000000:OKDOT:OKMYTH
13iQ2hupaFJNteCjcG9LwVNSeGPNfR5cARkVnCqpTc1MQ1Ss:18000000000000000000:OKDOT:OKMYTH
15w9aWtso3NzzSmMK6DviLo3efRMLSpRQwdmjb69bYcge8d7:18000000000000000000:OKDOT:OKMYTH
14b75kMpyxQc3mJWFuGn2mduVAR6EyVHiePjGFTpUgykarZq:18000000000000000000:OKDOT:OKMYTH
14V8LCRFLdNzPdGFX8eegLC3hbzpXCaNPiz94BHrtGDt6E7y:18000000000000000000:OKDOT:OKMYTH
13j6G7DHiRS2V7LpLkS1h1SjLC2iHnpMcb1Rh31t4nTdN5qW:18000000000000000000:OKDOT:OKMYTH
124b2GH195s7SosRbk34tky74bsUVD1pjcv1wgZ1QSiXf77E:18000000000000000000:OKDOT:OKMYTH
14BAV4Y4Gm7gQQwJbQzeyfY3grmgx57PLBrEXXGom1ow3APc:18000000000000000000:OKDOT:OKMYTH
13KajKhXY4FceG5zC2NTpBxC6tqSmvXiKgK3ccwniwZrxomf:18000000000000000000:OKDOT:OKMYTH
13jAnBzPYzsfE6evapV9S3anrUsWMFnGPwbj99YtqW3Gombg:18000000000000000000:OKDOT:OKMYTH
12BFpHUaHvRvETn25smnajjdvzGxstLgEHutuyVbkD2GA2Ps:18000000000000000000:OKDOT:OKMYTH
14BUNL9UkMrafZCcvb14juqvd5vF3GJD42C4hkPrwFkdAijg:18000000000000000000:OKDOT:OKMYTH
13Kiuv8EAGSUXyqq2ajAeV4cZiYKQvyajG4CxZyfZYfYkfCL:18000000000000000000:OKDOT:OKMYTH
13MtqstE3jwejKuGmsrorGAxFK5SrAG93efCiKyBdWQ1XQ1T:18000000000000000000:OKDOT:OKMYTH
12mXjuY4FBsFKF2Es1ut6ofz89SvvYx4msHWwr817rFcRT7Q:18000000000000000000:OKDOT:OKMYTH
14d3GHgzTueH4dNUR7qRqHnQtDua8q9JFv3MPg8Qsr94U8YF:18000000000000000000:OKDOT:OKMYTH
13m8R6EzaEK8sDTV8WYfhB1dBF81Ft1hsvZRJqKEdwQdbf3A:18000000000000000000:OKDOT:OKMYTH
13MXKeqgkJsXiYTUrSh4K5ajnNDZCCQdGAeKNS6tSU7iwbEk:18000000000000000000:OKDOT:OKMYTH
121LukZmuXrfEtStJvXktuTEqKZoGy8tAawz1XCj2zmnTRDQ:18000000000000000000:OKDOT:OKMYTH
14DP7LH3YrwbBUbxHb39waPfvxC8qNMbczgaQaNankVLpUnF:18000000000000000000:OKDOT:OKMYTH
13Mpk4Pbwm93tR8mrMG8E2rcP2CjUkHqwNAbUTrXCgEJPqiZ:18000000000000000000:OKDOT:OKMYTH
13NeWwQBBHh8CDs3M9UXtSYRcWRRrxgq1C7aJ3rYKWXnGNjE:18000000000000000000:OKDOT:OKMYTH
121ob8kzqvusx4znuQZrXdvEhJivrNkbunVscBdxBzvGwfJ5:18000000000000000000:OKDOT:OKMYTH
14DszJ1BqN6YUWLJXpB2nnK5LzXUJ1CSqf6MPjVxyENNRTD4:18000000000000000000:OKDOT:OKMYTH
13pNi89xmDkxLEsJoKH6u9YyRUecWyJg2CtxU7vQDrM2uG8u:18000000000000000000:OKDOT:OKMYTH
13orEL7kHsicURP55YM3NCV9d1MNwtz9YzHzuF96NAePpYoj:18000000000000000000:OKDOT:OKMYTH
12BiVAbi5trvLfP3AkJMtEPStGDsM7ua342EY4ydnugS3FDQ:18000000000000000000:OKDOT:OKMYTH
14DXqG1J4DctU5kEthSEp5mYiSDMbgFTJ9qzNiksW5ntEjn8:18000000000000000000:OKDOT:OKMYTH
13R6r1AqiREcHuBo7GdsT1peRwZUTiZE2H7o8S4qP6V8K1fu:18000000000000000000:OKDOT:OKMYTH
13QHUYgbURy9fypFf218Amygep6Hq3qH37R4PYupE3LU5Bnr:18000000000000000000:OKDOT:OKMYTH
12ByhjSSZpiHHMiDZMcBQ7YW5fCG9knGKtKECEBrd2LG8quM:18000000000000000000:OKDOT:OKMYTH
14E6djmMtsidutbLhmVwwQfoF23Av8uBm6ctERCTTbWXHvK9:18000000000000000000:OKDOT:OKMYTH
13rPS65dyjP93GVxB4B7zMRYpzZJ1yzxNZuJABmCG5ZUExpb:18000000000000000000:OKDOT:OKMYTH
13tzg2rtQMwBUaFm2Z31HmDEHiLUpNzpyX3zBGEUAuAv8R9D:18000000000000000000:OKDOT:OKMYTH
12EEsb7JBa1omE8rvvZpZE7X76Z23i7i5q4n32fSLhvH6zUT:18000000000000000000:OKDOT:OKMYTH
14FsFXDYWPp9kohU4xTNjswYohjjvUGV9QYdMXFGQpVTeBQ6:18000000000000000000:OKDOT:OKMYTH
14rV6euAWYEYBaEZtyt1xvJoBXGwQzv5DN9huGL5R4YpGerE:18000000000000000000:OKDOT:OKMYTH
13uR8uRSvcKUBb8SP2bzNUVRMWz2yC9mEVgUb27kXsh8G2mQ:18000000000000000000:OKDOT:OKMYTH
12EVDVsgZXTagaCM3Jyftqn67Ujp1C5g26xJn51M2mLdN3ut:18000000000000000000:OKDOT:OKMYTH
14GAMueqXJHD3uyKDXba51V1Xq6Umox8nwNTtdc22Md5BpkT:18000000000000000000:OKDOT:OKMYTH
14riaTy9C7iwXE9CNaLQefhD2pVRGp6fdCh99wqGS75hEM1d:18000000000000000000:OKDOT:OKMYTH
13WE2wmdeqdnM8FeQCs7fjSsRENL7gZo6XAs8shNEMGCbUWm:18000000000000000000:OKDOT:OKMYTH
12Hb56NtWdbY3DSrmmJ5yZyiUVSGS6kKfW3zcBHVJGXPrbLN:18000000000000000000:OKDOT:OKMYTH
14GPSy2ugNGEV2ypB6X6h8yZ8sRiLEsyBHj6SemJPg36Q4P6:18000000000000000000:OKDOT:OKMYTH
14rFVqmHUAmS2jZQtByFLXt9bvFci4P4pif15FYXUsbPigyA:18000000000000000000:OKDOT:OKMYTH
13WX3i2o2X9GxvbQNy82jSuN6nPr1zQ5aKvEjUT7SXNVo6ss:18000000000000000000:OKDOT:OKMYTH
12HhX3SQuT2vgWDfrefMZmMjBttnQqhkc4iaWFj1NgCBN3uo:18000000000000000000:OKDOT:OKMYTH
14iPLGpfoo9kdWrSLwVmUxqast2emPSv6vL6FwoeM2FdercU:18000000000000000000:OKDOT:OKMYTH
14PmQrTur4hq4rzE9vy7jnjjG564LHdCTX8wQUGXqVsYEyCe:18000000000000000000:OKDOT:OKMYTH
13xQ6kF61CMFiE7ZPyoiR3jtKozckr7wG68tgqyaWNXcmjYX:18000000000000000000:OKDOT:OKMYTH
12K6Rpd4BzvAf8zCnkDKFhzvHMB2soQNpMuqAMGbmG97vyvp:18000000000000000000:OKDOT:OKMYTH
14jGnwxJ8ySLSGWUTSc1EStBB7QgKWNMQpdRkK4tnPuBweAe:18000000000000000000:OKDOT:OKMYTH
14p7489FXXk3MHBB8hWuXQVY3u5TULEyf3tJ7GaX7huA1rv5:18000000000000000000:OKDOT:OKMYTH
13xRJa8VdYXrnPTxetaFd9DCVSdS9zmV5Z5kPAU444CuM1KT:18000000000000000000:OKDOT:OKMYTH
12KD46f1fNTzbMwPcLBfRexaFy5v9Dvj1vcUWZkbScHoGxxR:18000000000000000000:OKDOT:OKMYTH
14JqAk55kRLj96r9iHaokhL9rmnxZ7iCMWp3LYTPVGT8uwRE:18000000000000000000:OKDOT:OKMYTH
14oMYPKFmPNBMFvv3ygJTwsj9uNeCuv2xAssXKkez3g8EycR:18000000000000000000:OKDOT:OKMYTH
142rDLgWByRF5LgL2eEEzvSjsCHnAyKJcmqMVDvYVXegop7w:18000000000000000000:OKDOT:OKMYTH
12KH6miZyTAjB4HTciQW7TBkFgqxWDYfQGpXHf2re1qcQ3UV:18000000000000000000:OKDOT:OKMYTH
14MjaT3pkRJxt1S7ydRKZj3qbT6oh9Tr46NSuT1BSvhFvbPL:18000000000000000000:OKDOT:OKMYTH
14NFbZ8UZpUC7mAEXuVyVmNNTmT5fACLVBW5s7Lw8a9JYfXR:18000000000000000000:OKDOT:OKMYTH
143pPPrfYV6rUzjtuW5HPNK7XVLRjuAytxkHViZNjuWmLbuN:18000000000000000000:OKDOT:OKMYTH
12mctThnVyEd2umeYHqaXGjXtUEMM9otgSQhyiQewgnhYgty:18000000000000000000:OKDOT:OKMYTH
14MS4DRCZGzfmE3fAU8x82X8kx2UMzZp7LJkprfKS8J64Tr1:18000000000000000000:OKDOT:OKMYTH
14N73PuutefcS5hdqb8aMMqSM8tqXeNscsqss1LejMpNM18T:18000000000000000000:OKDOT:OKMYTH
143zbDg9yN2K5vYL5cNmANV8TmcnjGSXCAmxr3UXdnAPPe7G:18000000000000000000:OKDOT:OKMYTH
12mhZBfUReHxC5SeehAz4z5fF8CiF7uqFJoNKYi11aVwm6cT:18000000000000000000:OKDOT:OKMYTH
14MSgnH1heod9EWaW8KWUG3weBALNxJa8qwZ2Fb3WmbmZhEw:18000000000000000000:OKDOT:OKMYTH
14N2TJiUPPyLjDiBR2VHW89aq9tEjpBVHhAV2baAzCnt5asZ:18000000000000000000:OKDOT:OKMYTH
145MZruKt62mLehwcc6uJaLxVUJCT61MXZF3oT4Y2HPsoXpe:18000000000000000000:OKDOT:OKMYTH
12msrkBqQFdWB1fy7kvsvpJLQdgUEAdgesdbWHF8csj6yNFS:18000000000000000000:OKDOT:OKMYTH
14QEtrBJHA5miZ71qMX84ygH1WpkQ1E9H8j6X1qr3iAMvpf6:18000000000000000000:OKDOT:OKMYTH
14mDQnmHjRm7aW7rqr6nwF69BH3UkaoehTjjWDEuCbF1YGvJ:18000000000000000000:OKDOT:OKMYTH
145yLzzxRFLgC1dcRXNTKbCHGqQDr8EZQkct2tsw2jbDV4to:18000000000000000000:OKDOT:OKMYTH
12Mx3HEgDnxxeNCA9GTHoCNQLYcZNx8K5rBPzThet2QwyQAT:18000000000000000000:OKDOT:OKMYTH
14rFLCh9nWwGHxS6ntzSKPjBvF7NW7J6MyALv8yuqjJuEJJt:18000000000000000000:OKDOT:OKMYTH
14kqz1i3W1sZK4wBStk9tSkD7RLNMGkRYA7nZjmx21PVkGvR:18000000000000000000:OKDOT:OKMYTH
1482dmiWrejQeGBQRdfgLh51MBdxPLhMpx55sVcoXcDeSy3w:18000000000000000000:OKDOT:OKMYTH
12mzM7CAoDmWvByUGgoK9sNgs1Ei2acC8Vt1n5Q1pBDDnpwz:18000000000000000000:OKDOT:OKMYTH
14rY1CiNqetXefSwcYfAwLBr6CPrvxKdBhgFWVBdKq4ojgVa:18000000000000000000:OKDOT:OKMYTH
14K5TesQjJgbDWm9oPkdtzvUcH7jwW3WkXCAEQBvTQeA3arD:18000000000000000000:OKDOT:OKMYTH
148wm4HUuvnPS1WrCNyDPsWEE9E2ope81gajqAwSG5s86iNv:18000000000000000000:OKDOT:OKMYTH
12N3rA2LqNp14JAeVczZZW4rJMjWbqzmrF57JN4QYL7Jg5dg:18000000000000000000:OKDOT:OKMYTH
14T8tN86MBDp2t94cL6RzfnGThqFCEQdZK8y6iqxUgBxnBDf:18000000000000000000:OKDOT:OKMYTH
14j2UnJXskypJctpKvv3asMhcxHuqCo57upoFHyDcXmtU3on:18000000000000000000:OKDOT:OKMYTH
14985QU5jYHAc3eeser2LuGZ2qBzYefDHN2SCxj4xF464bqM:18000000000000000000:OKDOT:OKMYTH
12n5PcJJxwzxbHtAkgVwQH1ggJSoo6L4Zr4T6Qssj7uNpHjY:18000000000000000000:OKDOT:OKMYTH
14ubGLZgk5yGeqwfn4zRS7xirMzSWFVcYb5bf9TrBEN94Nge:18000000000000000000:OKDOT:OKMYTH
14iiRAcc3jkRdD8pKHD2mKQtzAfEUU6e5FNFaCd8EcyQhv77:18000000000000000000:OKDOT:OKMYTH
1498X3hswcXyWSbh8YzA4NNy6CcB6MXMZZMTSTi1SFvtS5QE:18000000000000000000:OKDOT:OKMYTH
12nYZgNk4V5zvMsTqmQq4e1wm5gH6DtFRg2Nm7xstGET96tC:18000000000000000000:OKDOT:OKMYTH
14uSQN79TbG1LLZGmcuKNSb9zctdSfvJh9f3822sAubGGSsM:18000000000000000000:OKDOT:OKMYTH
15DAfqLmNH7knKDQ3e69CcHGJp3NM5uHHuiN8AfgHmS8o4SK:18000000000000000000:OKDOT:OKMYTH
14BPoUiJCRChrC3scYK37e3TVstjTV9VLThJhbiMDzHtcW44:18000000000000000000:OKDOT:OKMYTH
12Qg2ndAzpHvBErM3qQJaNdmztWcmDWto7hz6KwjyZDXz3UW:18000000000000000000:OKDOT:OKMYTH
14VqfLbnJVqhR2x81xp9fUd9EDNuWT2EVDsnxvhz9SGyFhJQ:18000000000000000000:OKDOT:OKMYTH
15DXRKeXamxCwsRPyY7RCjAKyrm6XiRWM3hic5YdUrwVfHHS:18000000000000000000:OKDOT:OKMYTH
14d74tMtWNy1UFinYjUEt4jeFYko3zyTskDQcqBjdfSkjDgj:18000000000000000000:OKDOT:OKMYTH
12QPYkuAnBrePaxQrXb9rg1z56tx5hqgruqs45atYmTPbP7k:18000000000000000000:OKDOT:OKMYTH
14WCf1Sd5CgUCzvzvEuTZLb6ofgDz9DybRYhAogoyVLKxFLs:18000000000000000000:OKDOT:OKMYTH
15gDZBPYnxA6mN5K3VEpxprHL1TjyAoX9sCqLtDUs4LJCz8d:18000000000000000000:OKDOT:OKMYTH
14dmDjvnHnoVJqyRWMameV27pSgHc1KiRYVgg8cKXSgTKtwn:18000000000000000000:OKDOT:OKMYTH
12QWTgUAUd8s8ixMssHo9M2HoFf5sVdE3JufEX3QepQFvuJf:18000000000000000000:OKDOT:OKMYTH
14wDaSBg5FRK84ET4s1UDm5yGBheugJk3fGVaF8qEZwyaScG:18000000000000000000:OKDOT:OKMYTH
15hreVaL8EhDK1m6PafZAPTZCtqHxXX4c2i9ZLz2dDWQLRys:18000000000000000000:OKDOT:OKMYTH
14frAcF9yWG9QqeDXMWh7QDgnRrKefz1o9c3KMvLiZqtvFqV:18000000000000000000:OKDOT:OKMYTH
12roUt5PkzmuPv6fnZimR725WHG8Dg8XwKPBKcm5FH9gBJ67:18000000000000000000:OKDOT:OKMYTH
14Y54EAQh7DVHU5vczBQUxHKNxnNeVV68GR178dUHotNnosd:18000000000000000000:OKDOT:OKMYTH
15iSaLmh5UHxf8V5p2yQ3ykpex22wDhyqJ6FXpNBbS1GUNWX:18000000000000000000:OKDOT:OKMYTH
14GU76yiH4nzqZW4K4vPbr1n7DuWQVqcWHLJhuTdE9JAv4hh:18000000000000000000:OKDOT:OKMYTH
12TpkEB6vZG9peSK5rtnTffgERHLW3q9bfyUANgkkfwL3BRs:18000000000000000000:OKDOT:OKMYTH
14zjzLCfF1aZefBa5taGSfELwJbQvwyGTUZZPCCbDRRrTjcn:18000000000000000000:OKDOT:OKMYTH
15K8of4tLrmgn9q4488bEeiGZtDSgwg5EJAKWHoLeviDwXQE:18000000000000000000:OKDOT:OKMYTH
14gVLMdhDgXrNoSxtVMZ3DpBcVbC78RdPpSDRFG5b3gi6w6R:18000000000000000000:OKDOT:OKMYTH
12TQn5ifVqedgzwQvXzKnm8twuiRdXUJr8nmKcY9oDZiAJT8:18000000000000000000:OKDOT:OKMYTH
14zTPwZz6q7jypJZyKBMQMahujJTPcWENnrrRm1hJS2c5wmi:18000000000000000000:OKDOT:OKMYTH
15LuQJa5tkJJJToAR5GFLS36QF9TdjUaMffZko1njHuNYYwx:18000000000000000000:OKDOT:OKMYTH
14iDSBDnUHNMXNNuhkLbStpCbnkgGhTTHCZ47pRjEXY2k2wB:18000000000000000000:OKDOT:OKMYTH
12WFYffnN7P2LN55MNJYZPXmrkN7B8DWfnFfUv6JBm5snRUf:18000000000000000000:OKDOT:OKMYTH
14zuJc3tXK7iC5XzdnSp7xRQ2dTiAhWE5QqTfM4BNQA5vm9G:18000000000000000000:OKDOT:OKMYTH
15Pceczd8NSNWEt9dNiDbAjYkQ5iWBDzoqdDCnhftN7ueAHU:18000000000000000000:OKDOT:OKMYTH
14KBPpBezvJ9c67aqzxaLD77Rb8oiaPopVH5vfC12EuzjY5u:18000000000000000000:OKDOT:OKMYTH
12YfqgDD1K68o3y7wNMhDcBJAmv2wRXPjn3ueXKH33wVfTZW:18000000000000000000:OKDOT:OKMYTH
1511cndfzJHA5sw4ALJXTANCVpcLXS1Qkym1hB3PqjV5mPgJ:18000000000000000000:OKDOT:OKMYTH
15qiApBVkt6fBiL3v65jEefbZq1bzudfFLaa3q6oADUuZTkm:18000000000000000000:OKDOT:OKMYTH
14KDAPS7SXjYxecsudiSjcHzL6uGbgpj7WiSpyHFcueFaso2:18000000000000000000:OKDOT:OKMYTH
12YZqhUhc3asU73eyp7v8QjC5iTbzs69Va8NmwVw7ircL7tT:18000000000000000000:OKDOT:OKMYTH
152mdYVi6b6uumahc5DKY9zHh9PHfyzrZn8zRzNRbNJkK8ti:18000000000000000000:OKDOT:OKMYTH
15qn5AXfgMNuwK3TvwwWWUXNcSciM8g4PtsM6qSRpnagJkBx:18000000000000000000:OKDOT:OKMYTH
14KTTynacmbjbJthcLUVPDf6Xiza8JXj29CBXmHLsTj3fCZt:18000000000000000000:OKDOT:OKMYTH
12zXtbFdbtEmhv58iDWUHU3VKhKpjxhtGqhXEsPinYXgQjDY:18000000000000000000:OKDOT:OKMYTH
152sgLZJALLKT6qNhYcZ7t4fHGZX8MjsHwMKSfaswqTMayzq:18000000000000000000:OKDOT:OKMYTH
13Vr8cRnRUnmhWcqi1PBV5NQ7aN1uJapcxKSG3HboZoC7jLb:18000000000000000000:OKDOT:OKMYTH
14KUc8FKtwW6DtUS2tgXB3FxnZHxJTBBsedmMurGh4o6po7f:18000000000000000000:OKDOT:OKMYTH
131WrfsPpMUfWK6VdgbPgvn6ANvVxULthsDWHaZ1i8KR1Ybg:18000000000000000000:OKDOT:OKMYTH
153GaKawjUYcgNf4st7FofgEuWRAdy7NdXUHyMN8PpR4MFpS:18000000000000000000:OKDOT:OKMYTH
16hYtnCAiyaeJgTyCKvWCuaUz8c5WFCknSxEU8JoFrWME6Vc:18000000000000000000:OKDOT:OKMYTH
14Q4kgD8xUUYYgNxRWUifqbbti3LScGhbqdp5MutRxyCTNzA:18000000000000000000:OKDOT:OKMYTH
133EBRCRjnaA7yWTYvsWQvTcYrAdH5NBv4ascGLrFr7kc1dk:18000000000000000000:OKDOT:OKMYTH
155RuVmzeCjLNCG8R7ZAhp86ivhLM4iwvqLRF2n3zxF8yq8Y:18000000000000000000:OKDOT:OKMYTH
14Dgt97HhMXwfGQz1Y2yFzSvZetSNYmFev9qYHpcLm8AV2q1:18000000000000000000:OKDOT:OKMYTH
14Qe7yu4xrZqL5WunRHBefCd9F4X3kmhzTF6SYWsk6eNgLmu:18000000000000000000:OKDOT:OKMYTH
136mcGQanQYmyUHPQa2C9TmqxRyVFiiGssSPDr4mArn2t7m8:18000000000000000000:OKDOT:OKMYTH
155SaLayDrUmy6mrgvj9ccAgsukDZwL1zMRqUmMq5HLSakiZ:18000000000000000000:OKDOT:OKMYTH
12RSHkbRKpf3FeSqp5wE3MHMbuGHVfNCvL6QdyrW5Nkgdoc2:18000000000000000000:OKDOT:OKMYTH
14QnNWnmCaa5bp2KnDkMbi49TDJJj5vprAWNpPPod3N4YZuW:18000000000000000000:OKDOT:OKMYTH
136wGTwf9AGj4kKt1VfDCbke2EGw1aZeJJmNUkYooU4Js1Pi:18000000000000000000:OKDOT:OKMYTH
155VmPjoMfbc8Zw1HVg8H9XAnpPgdQyi7dDgjFTGJ8QE8NAY:18000000000000000000:OKDOT:OKMYTH
1bKdAd8HDh1dnP4tgNS4T3YekqXb2LX8QZmqGRTEy49ChKW:18000000000000000000:OKDOT:OKMYTH
14rdfYCc6Rw724jt8njGBCYns4u7LUv4Di4sPtU3bqffa7wb:18000000000000000000:OKDOT:OKMYTH
1399ZjcrFFrYAGs76zwAJaE9p5jcdeiyvBNH1m9UPhB9mvK8:18000000000000000000:OKDOT:OKMYTH
158B8opgPJ1CV4KUgcefnszjMJgDYUmy3MtDoVmAcKPMJFHM:18000000000000000000:OKDOT:OKMYTH
13NCLd3foNpsv1huPDzvvfyKh37NEEkGFotZnP52CTR98YFJ:236000000000000000000:OKDOT:OKMYTH
