1TQXwGmm8u999RLXHtsTkFu6FagtHPaR6vM3RxbGPt1EvJu:18000000000000000000:OKDOT:CHECKMYTH
14tpMqtMhPXmM1qWG8gD722tKW9HjzX8sQkKMXiHb4pjYWWo:18000000000000000000:OKDOT:CHECKMYTH
139QmVzFW5c4Bc9WCnptSipaQZGYdifAfPZRHuxF5bfBNHZW:18000000000000000000:OKDOT:CHECKMYTH
158erdye2AWJTpapU6JYhiGtRoZo6i6xdhvWPryLfAiHEuit:18000000000000000000:OKDOT:CHECKMYTH
162omWkLsZvZtCfYLzXSSro3ybfx9GCnViHUPD35yMsSqR3H:18000000000000000000:OKDOT:CHECKMYTH
14VMib5PXfMPkpDRhTMcjZ1J85JxeyabcCmZjUuMkp2kSaJo:18000000000000000000:OKDOT:CHECKMYTH
13bAubRyg3fAtQFNqHiiuQD6ia3JBvXja13dDRfaVRHqDq2X:18000000000000000000:OKDOT:CHECKMYTH
158JUGNnBcjpLxJQ5sNsiAq5WBrqSsy2ki1YqMwcLc2Z93d3:18000000000000000000:OKDOT:CHECKMYTH
12GoTZcCdJ9g9dRYsu5WhYmjhbC3HFkaci9n4EMYWoefBZbD:18000000000000000000:OKDOT:CHECKMYTH
14VSWRpimqHGEGDx5RSv4hG8V9JDz2kB8p4xXdsQSUkQrsfV:18000000000000000000:OKDOT:CHECKMYTH
13BcwbLUFwqJaCEjtvKKKhXoWQfjSrQNhLtkQvedwWySe53k:18000000000000000000:OKDOT:CHECKMYTH
15adCeiATBpaHUjZw57wqGAmNrD91SEzQ9udXvtzijZAtckV:18000000000000000000:OKDOT:CHECKMYTH
16XN2VF2cesRZvsVrf1K7J8xZTZajS7bM6kt1doHLAMoFU69:18000000000000000000:OKDOT:CHECKMYTH
14YdWhfnWZCbNZ9jqvnDS6NSxDe2q3Nnym1q7pidqw9WzUQ6:18000000000000000000:OKDOT:CHECKMYTH
13BhNaSMVnZnegLfqiyXyPQjasQhTYUM4KHuZ7wnGRDiyFJd:18000000000000000000:OKDOT:CHECKMYTH
15AnydMDQb9JnZPnRVMei7xF8sGem5z3CsLkXbPMUHXjVcFh:18000000000000000000:OKDOT:CHECKMYTH
14XvWDRChThWrgPaBmkMKqySqmtXeP9z4nmDHLfxh4F5vaW8:18000000000000000000:OKDOT:CHECKMYTH
14zpnH9eQTBY12v2t1GAXu7xZSoKAJyiisHXaCLxdwtGNgYW:18000000000000000000:OKDOT:CHECKMYTH
13e3vG7SDj7BiUraza1n2n2Krm4mCardRES9R6YNdxUbxLUF:18000000000000000000:OKDOT:CHECKMYTH
15apMjWeFFTLXsXxS9zYE78nMotPjAQYwmoXTbrm5fXWEioF:18000000000000000000:OKDOT:CHECKMYTH
12CRwJWvCRKVgUjZ3GDgsAEAuPjPMB6EeYuN2dwF55pTtkE5:18000000000000000000:OKDOT:CHECKMYTH
153H6Qn86ZBQ8WTXt1hnRohYAMmVybvMkEgg9iBMdCnx8DAc:18000000000000000000:OKDOT:CHECKMYTH
13GegCEgUkDanMVfwVEbu2GUGqDMB7NYCZjJYzYkPg6SSVYQ:18000000000000000000:OKDOT:CHECKMYTH
15B6NMtmeTijtFMEmrgFgUeRd9fHZKfty9Zys8ksK8iDtyoj:18000000000000000000:OKDOT:CHECKMYTH
14iShzo8aDvqmrvkH9UMjegziaiZtTbB34VDQFsjzLjHSPtB:18000000000000000000:OKDOT:CHECKMYTH
15aR6zVS5wrSzFMeTKT7Sfizkt1ezg1WLaoh1ozSzAQ9wcmq:18000000000000000000:OKDOT:CHECKMYTH
13GiyaZnkf8pUM4KE7DhkNjD9S7iiM8c9u8ssinyrmfzoLqk:18000000000000000000:OKDOT:CHECKMYTH
15BNW8DeXRieyp5sh2dM9zChsgzSyZJHdGcibeVe2gwNErfK:18000000000000000000:OKDOT:CHECKMYTH
16cGB2TXxLR2ZeDkfjWRj3aUXvZ3BaP6mKoKdwNDNpYfXn7A:18000000000000000000:OKDOT:CHECKMYTH
15cXpbAfGYYejdQd4EfG3rNbrPQ4qyBXmGspkDJU8BZ1BkSt:18000000000000000000:OKDOT:CHECKMYTH
13gYLFipmRTPLsnmk88GX2xGk8YyXTB5J8txzEBcFp9UeQKM:18000000000000000000:OKDOT:CHECKMYTH
15ch5nvny2GMNBRKJyqKpKVN2n5uN7YZgZJiSdfp7Q7FTKZd:18000000000000000000:OKDOT:CHECKMYTH
14YDgw38yBHk3amVjeEwqT3Q3Kfpxyi89GgXntEFykRsXDhz:18000000000000000000:OKDOT:CHECKMYTH
15dmXeJgbHzjPRkNbH7yfERaxhXXVPELahwZjvkTC7Z7Jmqd:18000000000000000000:OKDOT:CHECKMYTH
13m5hc14e8Q25bi2BSJykGHiNJy7maDKF9hUyjyFENmwTSLx:18000000000000000000:OKDOT:CHECKMYTH
15d7XxVuaQW3kyVyzVfHoky48NHbFA2D9vGH6ALnDnSqUzww:18000000000000000000:OKDOT:CHECKMYTH
12eaag5nrEzGyG5sziFGHStYYpbLKCS9wQqMsUgCyuj1DUSy:18000000000000000000:OKDOT:CHECKMYTH
15DYjpHPbcCFEvrjweYiMxGxyv6gZjR1dxb1aAG7mzdygWrb:18000000000000000000:OKDOT:CHECKMYTH
13oykhThm8bmC9otjCzDWwPvgKhds1ngYr1BVXVxGvRKiRZt:18000000000000000000:OKDOT:CHECKMYTH
15dA7d7iEFko4aYmU7SjqS6tF2YTZ6JBfCMGPHpi1RTEGQdg:18000000000000000000:OKDOT:CHECKMYTH
14aCza7tTt6BQvn2fBmY8ghW3YpG3Bib3gTVFjRebxxP4StS:18000000000000000000:OKDOT:CHECKMYTH
15JjkWF69mqNkHESihukKyx2sQrtQyjViKUvofSTk6KBWraB:18000000000000000000:OKDOT:CHECKMYTH
13R379Z29qeyjRUGTLAvnN8JQVMVWpiRRgtosASamyNPwwYc:18000000000000000000:OKDOT:CHECKMYTH
15dfmM3GZSjmC2nwdoAu1cVxjcztLhkSWrCoZ2XqLFkLeiEx:18000000000000000000:OKDOT:CHECKMYTH
13rSY66ofgFHLWz8bxfyhP39kvQTCTMTEPHZ83aJVnYYLZfk:18000000000000000000:OKDOT:CHECKMYTH
15JrEuRnt3EYB1nJmh8g1aq4XDZeHEXcbdJ6YM1MXdCXQHGw:18000000000000000000:OKDOT:CHECKMYTH
13raqE7DXmfvEgdwexfzfNxgWPny4Jp6SBcicrFNKCkBnGS9:18000000000000000000:OKDOT:CHECKMYTH
15fJ44Cmu4z4KPC739ZAFLbCUruRKBDxTEvgkbD8UAb1wWiB:18000000000000000000:OKDOT:CHECKMYTH
13StUURZQ5fHVLQtnh9ttA9DEdWUaEUFU7dWPPPpXtbMd4G9:18000000000000000000:OKDOT:CHECKMYTH
15K6oXrPBrSqRnr3buok4aP1oEsnnidTpMx5ypaNY4YVGUE1:18000000000000000000:OKDOT:CHECKMYTH
13REPfhMKxKwHzR692i213mERmsg5vbWC5eNjWZcMhJkshEK:18000000000000000000:OKDOT:CHECKMYTH
15fM1yhTK9Ji72HQBrQvvZaiYDfUDVV2WVcvoUzWYYYoKFYp:18000000000000000000:OKDOT:CHECKMYTH
13sU1k17Tf8RvECRjn5fvneLywZJtptsiFWr7fvNvTLRv51Y:18000000000000000000:OKDOT:CHECKMYTH
15LsQyKZG23VztvsGpDZhkeAHNsS3xTG8oNdMACbMHawgZmv:18000000000000000000:OKDOT:CHECKMYTH
13s8PjjuDjzB3FR78QTywR62kaMXrMD7d5H8vr5vVKxd4dVM:18000000000000000000:OKDOT:CHECKMYTH
15FXURqoR7Bx3onF6WhBxxc4LG4ZnbMVK6FxAfc73uGX6agd:18000000000000000000:OKDOT:CHECKMYTH
13SyCQKYJfqTX35hBQGnvKJPeaUrRSEsRkhYZCwLKUfmrvyE:18000000000000000000:OKDOT:CHECKMYTH
15MnHjjWZTsW8uP6hMUzfwG9Bw4xij38CgECBaGFfuAwoEg4:18000000000000000000:OKDOT:CHECKMYTH
13Tef1gHqcZUNUTZNXyfGT88YohEQHrAj4r1WAXUVNXPurYV:18000000000000000000:OKDOT:CHECKMYTH
15hjYnpEJerXsPJkESFRz4VkPp2JrgghpM49k7bDtc5FesaR:18000000000000000000:OKDOT:CHECKMYTH
13Tn2uSHwu3nBGNHm6PP7YDZHuAcpDP3Fvk6VU67gcqaM7Nq:18000000000000000000:OKDOT:CHECKMYTH
15MSNKfEPVPXAkkhZjXVRSDj9KhvrepC8W1zhfdXKSC5wdoc:18000000000000000000:OKDOT:CHECKMYTH
13TfegaBQXhYNR8Kk3C7hAdRQ4yaU4LgbgWMzgSdkkKMxdyk:18000000000000000000:OKDOT:CHECKMYTH
15hzk2YGTPwfj4UBfNeSdw5XWKmTnNDhj1iN4W8tWXdZ5FQC:18000000000000000000:OKDOT:CHECKMYTH
13uhgA7a5Yw7NkpNd2tW9uBxNawYWAM2WDx6mSiA9N6ocu9F:18000000000000000000:OKDOT:CHECKMYTH
15oBXoA5H1obAsGq5pcFKcreA4TzE5pGsHdmqqsFK5m7183A:18000000000000000000:OKDOT:CHECKMYTH
13uhTxU8rJieTVBfvXFt4NhgCyHCNQUuSFy7kzhnxAZn5JxH:18000000000000000000:OKDOT:CHECKMYTH
15JP9TytSTLfFyo7mfuemrujtvjRnU1B3ZhreV414ceugPSC:18000000000000000000:OKDOT:CHECKMYTH
13v3NneMC6T5U4nGhwLb7upxAHcpNdcYnosm8gg196V2fV8d:18000000000000000000:OKDOT:CHECKMYTH
15ofcD8DQo96G655jbPSpmBedGKXfcJmMLNTQ8VXsCt4GGsE:18000000000000000000:OKDOT:CHECKMYTH
141P7b9NkZgBzvUs31Yck6kvuTJiHqfcVRr8t1hhHFJjbGNV:18000000000000000000:OKDOT:CHECKMYTH
15kv2tqHK7mHBDPEBB5GMBfKwRG4xsWRpkxmjUfPGKFL5Bwo:18000000000000000000:OKDOT:CHECKMYTH
13VSNcxmFVnyCY2WSkk1LDN2mTE6DRUnaAnQF6hGRXcAkU7Q:18000000000000000000:OKDOT:CHECKMYTH
15SUTsVvJHKj8GmW6dvtjcLepcNCqSfAmjmYcr7k3HjrZeKC:18000000000000000000:OKDOT:CHECKMYTH
143EwMYYctX26SBBXyMBZtb5Yu4JaNqJRw6r2tbCtfwHrGC5:18000000000000000000:OKDOT:CHECKMYTH
15kV993cxJWh7isLunfrs1kMMMMFXDFVimUhVrexJTqiPvUG:18000000000000000000:OKDOT:CHECKMYTH
13wkGURLUmjW3uVdnY2cyoiXsFti7TCcY7MpfUjiqWu36WPq:18000000000000000000:OKDOT:CHECKMYTH
15tJFVtWR3pfVPJdv7E7TsQuetpqUtr2Kc63mmg2DFV2pnFm:18000000000000000000:OKDOT:CHECKMYTH
143J51iUFo1mDA1eyMBFkxWGT3g35yvCEzQdKRzbr6XAr1Fj:18000000000000000000:OKDOT:CHECKMYTH
15macpuAGx59EUfoPms64qc2T6BVwz2PcjbVupRa2hXpmAxm:18000000000000000000:OKDOT:CHECKMYTH
13xLPpWns6nHP5eU9hfBTjPUY9yqqWVTYDQ4nx9ombeB4fRm:18000000000000000000:OKDOT:CHECKMYTH
15V9YBv6NQVosU4bd33swg65QfqSVoG7zWuqm73sC3gwaTY5:18000000000000000000:OKDOT:CHECKMYTH
143JQGf2uruqi5QFFWgh9mHL7xLyK2hL5n5GT5W8A727ovC6:18000000000000000000:OKDOT:CHECKMYTH
15ME7VZz6q1RhYkeAMD4wj5vcgRpdmTv1KSZnPzrzedS4H7e:18000000000000000000:OKDOT:CHECKMYTH
13YJTvFoMN7fMu67u9RGJ1RJHTMRNdjkbZhE1T147yWMgJww:18000000000000000000:OKDOT:CHECKMYTH
15VgEX4kDHJMp1GJnm9qqzaCbs28NycgA2SoUwVV6PuwGrPo:18000000000000000000:OKDOT:CHECKMYTH
146HUbnCQwKTxpAJKsBnE6UB4fJrNbVW6iK7FaHVMCaPm1zp:18000000000000000000:OKDOT:CHECKMYTH
15MHhNWFuCMJ6j4wTthjnvuVnPmvaBtRnYNSFHhQamrfT46S:18000000000000000000:OKDOT:CHECKMYTH
13YNEK2Y68ax31CdsaZK6Tkg29Zv68QKr7KPZS4qeqFaYcjQ:18000000000000000000:OKDOT:CHECKMYTH
15wfwYK6nx3TKskZGgX9hGjwVJRDQ2tdqsYmf5Pdzj2Xa8QG:18000000000000000000:OKDOT:CHECKMYTH
148GiRsRdkefB3nSSCfX6mcpnV3ZAbseTAuGDQYiyZKCtxSm:18000000000000000000:OKDOT:CHECKMYTH
15mQvByr1BuMrnbS9QPrxj8iqvpENtJdbjJeSDReGuvSsD62:18000000000000000000:OKDOT:CHECKMYTH
13YU63acUEg1XDiJtLsUnYP6FBTFnV6HWpm5FFCjvZDf1n7d:18000000000000000000:OKDOT:CHECKMYTH
15wMowULjuaDrnEbLWTFSEQZ9Lrrx6XrwYGJAqdBYK3NLk5g:18000000000000000000:OKDOT:CHECKMYTH
148u3etN9nw6NKTYag9qEmcDeDn6nzCJmsopscXeNfKNckys:18000000000000000000:OKDOT:CHECKMYTH
15pEZ13jWyvJN84d7afNxBLk9MvAqTmN5jKm6GujqgvaYZru:18000000000000000000:OKDOT:CHECKMYTH
143CtH3jrrKSBuqzwVwGK8fr2B25BPVeDUuqNXtzrBRh7RBo:18000000000000000000:OKDOT:CHECKMYTH
15x2pP2P3TRdPfx4Gtz3zsHpkijjQwikTFjwzYqQdjdSaqXb:18000000000000000000:OKDOT:CHECKMYTH
14ag7hi5DRKoGmhJVGjJTjgKQWkNAY9PNjnngWuN6sLL54Tq:18000000000000000000:OKDOT:CHECKMYTH
15XvMXwiNKmH8f9Lb3z9Ejc9RzotQJfjRLxCZXzaRFDbC3ie:18000000000000000000:OKDOT:CHECKMYTH
145MpajDRd45NTbGDRvrWn4gotzsoSH8eo2BTFVJCZW1GEgM:18000000000000000000:OKDOT:CHECKMYTH
15ycrbt4ibf7mogYjauFpJUBT46DgKqhPpfncAqr1dAhYsaz:18000000000000000000:OKDOT:CHECKMYTH
14BDkUBjVaZ4WCJpZtM1vfz4MWgyj2J5EvLQqzXV463hFStW:18000000000000000000:OKDOT:CHECKMYTH
15z2LiKzbJYwpGbYeVDNdDe8DtznWn6b4kFJ2L1exok18UVn:18000000000000000000:OKDOT:CHECKMYTH
1486yd6TEA8VeXkmGwaRtdUVWnZS4kuBirYkoTpzLxoP7k1M:18000000000000000000:OKDOT:CHECKMYTH
15ZtTwGFUyZEgqfVBjQqQqV4LqKyNELNb1V4FCRGVghcX6Fa:18000000000000000000:OKDOT:CHECKMYTH
14BoEAxJXZLipgTbcjqKA8npUJe4tThW7uGuXdz4SQKoeFEh:18000000000000000000:OKDOT:CHECKMYTH
15z9ne9H3TbxoXN6RHvcxrCMApSDXJV6458JpJmH5dW31uY4:18000000000000000000:OKDOT:CHECKMYTH
14aF2mCib412Cj9Hx3e48528CQv27QL5iUehNMtVce8y1ZDy:18000000000000000000:OKDOT:CHECKMYTH
164vF9mZRQVbcjqCLarZ7QX7sStLS5F7TrKRfWzLZb8kRGv1:18000000000000000000:OKDOT:CHECKMYTH
14EUfM7gDZ4PLkRQTBu7tiMkc5MsMLBtnj8PAEgLefYkddSm:18000000000000000000:OKDOT:CHECKMYTH
168HjTUpfLPX8dLfo1hTrQAvVC3FDUwv9aJKDTvqzCZdikqB:18000000000000000000:OKDOT:CHECKMYTH
14Be7rWYPkNL5Shf3RaS3W9CzpTNeg9uPSc6FBNECCndW5ax:18000000000000000000:OKDOT:CHECKMYTH
167opNySHmMdmhwznaK1ZRMJzyeDtPknZ9jYJRzqvNjwRJNb:18000000000000000000:OKDOT:CHECKMYTH
14fW2YayPkFExK6ix6StF4KmamieuYpuci9YZe6icov8FmX6:18000000000000000000:OKDOT:CHECKMYTH
16adnAEpRNTfWtHGHm8iCGgGoXiNqiBTEJhgmn2GFBojZ2eX:18000000000000000000:OKDOT:CHECKMYTH
14bK8QQuNchiLyaejwccoVi3a3a3oNsGMnhw3iMJk4SHk6WZ:18000000000000000000:OKDOT:CHECKMYTH
16A6KypxPahbBgWFRX9hjU7dq8K3ZsHz1o4L5ViHmvWGTuuB:18000000000000000000:OKDOT:CHECKMYTH
14GBNfum3sEJqrVQeWKmbFuytwGaQwS71iMHRSUrMWXWJ4VW:18000000000000000000:OKDOT:CHECKMYTH
16cm4yxJRdTm7rGEXW7GQTRTgALMKNGLYdbMK7WewzXj7pnS:18000000000000000000:OKDOT:CHECKMYTH
14cySUsz3V4kw9eiJmTtaxM85GbFkWXcicVF1PWgF73XvDWN:18000000000000000000:OKDOT:CHECKMYTH
16AC8sGUri8DUvaZqoQ3zmddtqnFtL7ueVo5dBPY8intNSfp:18000000000000000000:OKDOT:CHECKMYTH
14gCHAFoH9Hh2av82nhYQ4f3Evipr1q5jTecPcLHreZfgpS5:18000000000000000000:OKDOT:CHECKMYTH
16cwPyaebrmXF1p3kDHkuFJy7EubkPk74Yt1eeWiuoWJLncZ:18000000000000000000:OKDOT:CHECKMYTH
14DCYMbjVf5hQFjXVQWL26FuWP93SJ3di9GEBCWt1ihMXBJh:18000000000000000000:OKDOT:CHECKMYTH
16AKTTWNUZVNrSVuiX4CZFtoaTe1amU4ZLjLySLVAWmLfvX9:18000000000000000000:OKDOT:CHECKMYTH
14iXfWpyUxw8g3N5GZdYXNQD2uuehK3ASqFKXvgmT74Gy6Mr:18000000000000000000:OKDOT:CHECKMYTH
16fFchg4X67XAgC59pyggBeg1AbMxXbQ7VoyaZKfRGUpaHZ7:18000000000000000000:OKDOT:CHECKMYTH
14dL96FXWo61RKW32KEornuV4FjLGzzX1rbYEpzUvCTnnC8P:18000000000000000000:OKDOT:CHECKMYTH
16AWDgjJ1NCwDJMhwLD3JAtumdzn9y5Jhv9BQ7UyPMdPEPaL:18000000000000000000:OKDOT:CHECKMYTH
14KeoLDF3Xw64cC2NAWxWCNy7LxfL2UnWAyvcNPCUtQ7PP2s:18000000000000000000:OKDOT:CHECKMYTH
16fZMBS86JMBvWyprQoKon3bcLnC7hnTEtdxePewbPRfQ449:18000000000000000000:OKDOT:CHECKMYTH
14DSF7GbD92FzK619xqtQjfcRbV9Gjniq7xXtrRsrctt49Fr:18000000000000000000:OKDOT:CHECKMYTH
16AYPRdMVkmrPh4NbFc6Mt8LbrQU2u8ZaunWwGxABgocrnGn:18000000000000000000:OKDOT:CHECKMYTH
14kmHesea4a3pe7mXMDxZ5Wtjgi7yzpzsANoDov7TWrtrnXx:18000000000000000000:OKDOT:CHECKMYTH
16JGPmhpsiJjKAoDFVz6i2HGCQMqahERpb6SrdGs6mbDc1F1:18000000000000000000:OKDOT:CHECKMYTH
14FimtqSChpDpnhwCz7fU4GQ9bk78w2uxUapoeFsU9MnyrV:18000000000000000000:OKDOT:CHECKMYTH
16AzjzU6xKmDjXGaQgwEgDskMu5uqQvt9DsV8ChuZjkchMwF:18000000000000000000:OKDOT:CHECKMYTH
14m7haEKGb37RAstvJn4UmB6ErPJh9CGLdJ1RDR8jqm9BBhw:18000000000000000000:OKDOT:CHECKMYTH
16Mbe13t7WLKAkdiLjPDv853YPrLZ62RhkCg7gjippoCTumF:18000000000000000000:OKDOT:CHECKMYTH
14g965nGBfgPRwG21rS23CMX2ZKsu9TTh5gYC4WFxyc3sxjd:18000000000000000000:OKDOT:CHECKMYTH
16BFMGxwkRUTx3S15qcZnkSrvxVXkRvuCtF9wb1Wvrfzn88Q:18000000000000000000:OKDOT:CHECKMYTH
14mVHUPXZs4p87N51ZSUURQDNRBY9SxwUBvDsKhAABayvkBf:18000000000000000000:OKDOT:CHECKMYTH
16MWRnUZauywjL8R4cdUCV65GyBXLmEow7GsHxrPq32sywzj:18000000000000000000:OKDOT:CHECKMYTH
14GaBFbRUKSufSQKpiZQanQN1Skkm671u1GSXNiJwUp6vJYQ:18000000000000000000:OKDOT:CHECKMYTH
16cCvNAAwpyL7sSUe1Za2SyMPxGb5zNeCnXMeEycALxVsujX:18000000000000000000:OKDOT:CHECKMYTH
14MxUYahUAfGMjZK9i9P9vn154s6g4Dw3MKLPgMhg941uiJe:18000000000000000000:OKDOT:CHECKMYTH
16PjcQaQj8tSJgTMjpKxtWM58Rd4Vi4dwMjVHcE2tc6BWDmw:18000000000000000000:OKDOT:CHECKMYTH
14GeBUnQm4qFidG4q1CEoUK3q7Hvj7R4r1NTzrFVUAyBNynN:18000000000000000000:OKDOT:CHECKMYTH
16cEeSb17EiWbCpDyHEEgSToQuYpcTty8NHwEMTd6HBydb1H:18000000000000000000:OKDOT:CHECKMYTH
14N4RP2PXpcZKH9TvaQZ6cj59P4yXid17vVdWgVNUv8jW8tj:18000000000000000000:OKDOT:CHECKMYTH
16RNFG7oDo7zqqWZ5nJFf28KFDsZ9ykWXYdwzsm92XFjBF7:18000000000000000000:OKDOT:CHECKMYTH
14gFNHBDE27yWfh5h8gjDV4FXeXNGSsfm2N6nTHcmXDMixCc:18000000000000000000:OKDOT:CHECKMYTH
16cmcSTqq7hUDc4Q7hMCJykFe5SBuCNq6pmApg6SsSQQUqMH:18000000000000000000:OKDOT:CHECKMYTH
14opuYPURGGkXn5ytzkZfwB1jJbEfffXk8MEdFyyaCXkjeBy:18000000000000000000:OKDOT:CHECKMYTH
16SJ94CaRrmfqQpGJ3CGroEP45hTs2ZbNJDPp2Df4fbQ8BuW:18000000000000000000:OKDOT:CHECKMYTH
14GvR9d8JbmUVoRcFAZw3Pqsq3GncF74QivcLbJYixqhttqo:18000000000000000000:OKDOT:CHECKMYTH
16CxD5uNkQzyudZAp9UvVCKewNWcqeauiMYNByA1VxtNzDuL:18000000000000000000:OKDOT:CHECKMYTH
14oY1duLeT6QhR9gaaTGKJ5GkqfUiFEGmwXxjAK6WhyFupQc:18000000000000000000:OKDOT:CHECKMYTH
16Sqw5okEuKUoVSE9RTAT9Jh6odvUiJMBvb355xPk3pF3kTA:18000000000000000000:OKDOT:CHECKMYTH
14kxASCBamj9yk9Y9ypXttujwntUGPL5yCGcSfn8KyxD4tu8:18000000000000000000:OKDOT:CHECKMYTH
16D1XSqrA27gyWPBHW7Eszjk18aBXRsxZZNspaLq4sQtTm5T:18000000000000000000:OKDOT:CHECKMYTH
14PwK5w2ZGwecg1WRLKf4Hber1ojTbwsLEpGRap4hsEnrtLe:18000000000000000000:OKDOT:CHECKMYTH
16UKUZ9KtmDn1joWqnNzZ13W3yZ7QqQyRn32ikwmopNgSXP8:18000000000000000000:OKDOT:CHECKMYTH
14KYPDy4JFSaKPW9rEgifn2ba9ByAJ5jfL6gtk7SsLziJJBE:18000000000000000000:OKDOT:CHECKMYTH
16DG24SR4ZYgL9SCbyk6GNpFLkTv7RWLxCySaxitbzYKoy7X:18000000000000000000:OKDOT:CHECKMYTH
14Q2EVBCWtYErmLLR6Yj4TFK1hAqxc7MFx1F7GqXQuLTBjDr:18000000000000000000:OKDOT:CHECKMYTH
16XMY4SQB3QsoRcePKBgbL9CyWohn34JWtJRaYTBt1DUodYn:18000000000000000000:OKDOT:CHECKMYTH
14mDNPv9yTjidm3fR5KdqQCuNsC68HUehDQyuEKoBNMViFP8:18000000000000000000:OKDOT:CHECKMYTH
16etk28LmL3u3yzMLrjEcZR7TdBFeRNUF3YwkBF3hWBYYYQB:18000000000000000000:OKDOT:CHECKMYTH
14Q9Yt2HdMzputDUFRbNpefEs36SQEwMU3CyKbKpmm1HjXWG:18000000000000000000:OKDOT:CHECKMYTH
16ZfPW1K1yi3b26GJrPmJbVmG7CXX7bk7sRuTJsA7PH5rpBQ:18000000000000000000:OKDOT:CHECKMYTH
14MKa3T7GDawxAKe4dx5MWjGUFVXa7gidPsGBSymi2SgEgMD:18000000000000000000:OKDOT:CHECKMYTH
16f5mzNWecSTNCkeceajyMTq7f6mEcrcdfEmxPxQ5xcbCUBc:18000000000000000000:OKDOT:CHECKMYTH
14rTa3EA3mwzsmmXJgeGTLPTXqXXrHmL65tLmUzpNukJDJ8h:18000000000000000000:OKDOT:CHECKMYTH
171ELWGMem5hFVWWeryMooBgiqrXQqMt2an8GCquZLvGcnd:18000000000000000000:OKDOT:CHECKMYTH
14mQNoU8c8XUkpdL6QCeADuNw7tLLKBma3fJ1TQMJT1s6zda:18000000000000000000:OKDOT:CHECKMYTH
16fnv9SAEX1DYmzAcAb3iwvooyYBeruiYonkAeQtuvAriF49:18000000000000000000:OKDOT:CHECKMYTH
14ta4ARx7qLxV4PRtoGMEx6ipKMJvFR8sxe8tZjUw5snr1TG:18000000000000000000:OKDOT:CHECKMYTH
1bUcoDXc5cpiPrXZwdzeCKtcvPLyGoMLSuWYbL21AG69Zpw:18000000000000000000:OKDOT:CHECKMYTH
14mZL28n6A1ohEnk3FajLfZabjxTnqK7DpKyq7CNGsqSkUZS:18000000000000000000:OKDOT:CHECKMYTH
16FuHLRqJqmXrvgAeTuHCWX5bAJfUKiVPrEBNWBq9geeDaSQ:18000000000000000000:OKDOT:CHECKMYTH
14trgjDDgESak3V6GQB2HgvUFexy5NFEpXzLviVjPygqhjYk:18000000000000000000:OKDOT:CHECKMYTH
1CdudAQJRVwDFwJfqHocFYa2iEDvVHbHy7xnbkhSRwrq92n:18000000000000000000:OKDOT:CHECKMYTH
14oKTZSbkfvzmPaPGBCCPVfnk29uvZEDB6RqRH4Z9K7gQZS4:18000000000000000000:OKDOT:CHECKMYTH
16GTWztKpsU8J8FqK36hqjWpo8zCc3TiBujaRYJRBYnLiSAq:18000000000000000000:OKDOT:CHECKMYTH
14tvyG9dPiXWn4ayL7GQXHXtiXFGsjvjBwgowRLfhYrx3LyF:18000000000000000000:OKDOT:CHECKMYTH
1CkPcTCdLLZQ2srhZQ8q76q4nqMjqnnzikHVhaasE8o9LTe:18000000000000000000:OKDOT:CHECKMYTH
14ovz9H1cEYk9VKFshvH35xm2HfhpLxmNcWSKF6bejbqutzD:18000000000000000000:OKDOT:CHECKMYTH
16gyqSnALWRoUc3je9ng6JPDZ3Y22mPKMEwUxh8KZaSjPti:18000000000000000000:OKDOT:CHECKMYTH
14xET2P6nFg8xuJzdvADsEKvAzVwGEhnyf53PwXomenGshSL:18000000000000000000:OKDOT:CHECKMYTH
1CUudxdbp4rbC4ttxPJ4xomaszavXhmqjwFo4Uj1wUNqTnb:18000000000000000000:OKDOT:CHECKMYTH
14Q3kkyJvyr1n2323FREonE8WvQS728pP4NEZ8QCFk3ChMbF:18000000000000000000:OKDOT:CHECKMYTH
16iKWK6AbqZrb4gGGYPDdjBEUKSR9da8cBNVFFCVTY4zWjoA:18000000000000000000:OKDOT:CHECKMYTH
152rQrZ6FHpyhTCE4LvDe4358dtZkeWH571aMbjzwT5anmhn:18000000000000000000:OKDOT:CHECKMYTH
1djCJZ98CEVMA2anbNcLzPa2FRzToV7kdqQGdKkYHZaWBVF:18000000000000000000:OKDOT:CHECKMYTH
14iBx2WtDKEuSjb4hFDosMoPQXEmJZ3CtiMhFjpkb1LhYiyt:18000000000000000000:OKDOT:CHECKMYTH
16JuN5QfvZppDHzWK4rKqZHctm8vq2uYDkPhjWsChr5WYRuU:18000000000000000000:OKDOT:CHECKMYTH
155B8vB6Q8oMskVcyFXpSUhS9VFQvGnTSzrd9YnKBtGffqoB:18000000000000000000:OKDOT:CHECKMYTH
1ebsTSdd8kwMigEKh9bMCBKDsXR1z1vRt2bMxTigLBQhZDA:18000000000000000000:OKDOT:CHECKMYTH
14r71WBfnZMMEfAdaQiry47dPrjrwRS8emoEEevzrHJWWnKR:18000000000000000000:OKDOT:CHECKMYTH
16JZTskzXbvxQfn72dLLfHjuf5wrrqxt4nzrP98k4T7u1nwq:18000000000000000000:OKDOT:CHECKMYTH
157gEjHZGuxHSuguYUdSEsrXDgGuKG2hEGc1t34Rv2xmKQQk:18000000000000000000:OKDOT:CHECKMYTH
1FJgneCjcapubYi9H7QR1RgpJUaHocyv7bCtMAqGTgR2Ybp:18000000000000000000:OKDOT:CHECKMYTH
14rB2uExxhtesZz1PoYpVHW8pbd9DKXicPqzsNqzY57nSTEY:18000000000000000000:OKDOT:CHECKMYTH
16k5vuEMV7nUcrZrjBZz3WMa28VGmbSxNkwibN1wSk5nzQVR:18000000000000000000:OKDOT:CHECKMYTH
158HHEbfT4xEP5pyaWemgz4MYGsSNfYxhosnt4LrDhsDLzpQ:18000000000000000000:OKDOT:CHECKMYTH
1FRRMBDwYNCnLxJXxSXaDKkhVV6atdk5ugCDjHCriWweZxA:18000000000000000000:OKDOT:CHECKMYTH
14rieRAaQF2q5avd9pCW9a2FhQX8ZFxQbFqZhr2PXBBWFXA2:18000000000000000000:OKDOT:CHECKMYTH
16kBjuq7bu5xyCM3QjyXM5wPVmBZ8wC2BU11JArfteXrNQXq:18000000000000000000:OKDOT:CHECKMYTH
158LBCvH7ddBvJeKupKgBuV2Rt22Z9YWuB2AFacKvgs71mvw:18000000000000000000:OKDOT:CHECKMYTH
1GmYp94wVWi8Hep1t5cYJ4p9szJZiDF6Jeg5k2kJ5VtgSX6:18000000000000000000:OKDOT:CHECKMYTH
14tosEVwbchUsXF9XFZeEFWGCQJqpV8ZgisWQfaSUVa3agcA:18000000000000000000:OKDOT:CHECKMYTH
16MREHu9H2qWFBHbucXTP7vCoehYZ1K1CzG1Lueu9SrAuNDA:18000000000000000000:OKDOT:CHECKMYTH
158WZCVwqVYhtjXhPozzLNSd2u6nLFwrgJagBvReMhVZXb9a:18000000000000000000:OKDOT:CHECKMYTH
1j6ZLDEvobpeGgbN2HjVZQeEB7h8Eb2zHVd8LHzL4n2rVt5:18000000000000000000:OKDOT:CHECKMYTH
14wAb2Ca31cgnZTUJ7UpHwh7TUJLvckcFr7HTqsybLvymcB3:18000000000000000000:OKDOT:CHECKMYTH
16MRNQbMJXe8Lq3EfZaPZrWR4ukY7PR1eKWGXdLBuMAkXkdi:18000000000000000000:OKDOT:CHECKMYTH
15Ang2nFwdCPorHXtwcr4D4q2wQTvp73KoNPivDXyxnwg5T3:18000000000000000000:OKDOT:CHECKMYTH
1nBrvfThbNKdh38WeMethTCNnm2u9Q6sUUpQ6S2Wzc4UNPJ:18000000000000000000:OKDOT:CHECKMYTH
14wNN3nFMdA1hNFU9u6ms9af7FzyPGA8zWoSVAFFR5V7f1j7:18000000000000000000:OKDOT:CHECKMYTH
16S79zNzznGsYa7sUyHf7C1jVHBwKqBWymjsdtL21egcVSgP:18000000000000000000:OKDOT:CHECKMYTH
15BKZETz89cpac7D34o6Kvuus5vkJRj8dDau7Yr4zzvkrJMV:18000000000000000000:OKDOT:CHECKMYTH
1NEozCVFTM2tap2hr5PeTyh23Kaiqxpc7fYLZM42wWMp9Ug:18000000000000000000:OKDOT:CHECKMYTH
14wq83cf5AkFvWwWgetC8PWcJpkveCiBn4LNRqfzMDeiP52e:18000000000000000000:OKDOT:CHECKMYTH
16VM1FD6k9HmnY8MpiDHHCfhpoNYwBCGmwYJNUpwF2Xxm9Tm:18000000000000000000:OKDOT:CHECKMYTH
15D3rj1zbzgFXrtgDp8FwZEufJS59XuwDAz6JgLcNCGyQr2h:18000000000000000000:OKDOT:CHECKMYTH
1P7qxeKSLQwCGJrHJRSfNPrmKPx7KFs8Jz99KuRMF19ekaH:18000000000000000000:OKDOT:CHECKMYTH
152gjuoRz2j8nWNdvpF8BccrtoqwKz7NxHd3aTCDCg4Lqgc3:18000000000000000000:OKDOT:CHECKMYTH
16X4QPH4SuGjtLf5vvKafMSXUDA9YDymkknkZxNgzvG8ujGS:18000000000000000000:OKDOT:CHECKMYTH
15dDSk29fDoNyiA4FYTxBNHkAPHAosVGyJRRnY8p4shXkb7q:18000000000000000000:OKDOT:CHECKMYTH
1pkqnEtg1VgaC2XokCitUysbDJwhhUqpTB83tLiK1BfL6sz:18000000000000000000:OKDOT:CHECKMYTH
152qhtQZBooos2hg1Jizun17NjFLMPyX1UfYUembm2oVY31N:18000000000000000000:OKDOT:CHECKMYTH
16XFs5VnNW366FftTsMC5uHzNcndJDsxQ98STnM8CVv29Aug:18000000000000000000:OKDOT:CHECKMYTH
15fNVHCP2KMQSeYz9j9BS4Xv7YrRBUpVjkWsSNUVd7xRCMdU:18000000000000000000:OKDOT:CHECKMYTH
1pvhoxYJArGHdj7eHpkqmLZLt1CNbqrMBZ6kZAHP7SMc4mz:18000000000000000000:OKDOT:CHECKMYTH
152SiQdS4Ecy1LiSC4bZbdn1aQjcBVAM4DGgTHCRizoDSwy4:18000000000000000000:OKDOT:CHECKMYTH
17QzRuskZJTUMjH5a7NaJFQnv3DLXYcBSPuGPp1TxP5hxAU:18000000000000000000:OKDOT:CHECKMYTH
15FoyDswTy7FXa2m7nnL5Jh5AheHZMaisJSV7qAj4xDweZfb:18000000000000000000:OKDOT:CHECKMYTH
1QuFUY2LgePyqUgBVjKVZosu6nDBp15jHoyVwbGKUEqngW8:18000000000000000000:OKDOT:CHECKMYTH
15a4SjT8CkctnkYVb3ZVHvjygi7vpzmUDe6bLvHWMsggvBNE:18000000000000000000:OKDOT:CHECKMYTH
193gNigYyW9fW13q8DVphpMuXU5BqDKcCSfuU9Zjs8C3W7R:18000000000000000000:OKDOT:CHECKMYTH
15fuE6457ymKrPujJ1sutxmpwbo3KKUfFNaw3qjxNNWXWYX4:18000000000000000000:OKDOT:CHECKMYTH
1R95ab2khvuT1hcKGLVXPpbvq6UEfywbf77p4565p1egd1U:18000000000000000000:OKDOT:CHECKMYTH
15AcXRCsJkFZ2eBVuN44i9t3PVan7y5KTWyGrCoNPLqXumsv:18000000000000000000:OKDOT:CHECKMYTH
19gK4fVLhxra8frTprGMm7nxAuLQSAgBCiTaVrv4Qb5S3pd:18000000000000000000:OKDOT:CHECKMYTH
15GCEdpjZdFPuBPSzuBVgRpPc7ZGGNMH5DnqaamqRroNdZZn:18000000000000000000:OKDOT:CHECKMYTH
1RQP5Z8dvhrqM6ak7wcQJ7GkbVmXcymCt4kYrGFkC4qSREk:18000000000000000000:OKDOT:CHECKMYTH
15aFhygtUyEVZY4S9FAdtueAg4Qk7WVmwPRmGa7c34qZKiiG:18000000000000000000:OKDOT:CHECKMYTH
19Y61wJbC6gQ4eFJrjEK4z22wq32JnPF6KaVwqTzZTXufuU:18000000000000000000:OKDOT:CHECKMYTH
15iKN9i8yimhjVftVVPs51zpYWRf4atnY6oMkdWL2DgNpDyg:18000000000000000000:OKDOT:CHECKMYTH
1sRVnZe6GjyJJDpe1PG9NwY4aV3cpkuTFNCobsbVktBWRrH:18000000000000000000:OKDOT:CHECKMYTH
15ahUfgWrHpG7mPvvUZNjnRzvoy9HiBwnQ6QJTFbQZr22uxV:18000000000000000000:OKDOT:CHECKMYTH
1BieKASRHusvdAU5Mk9Fix6cndxGKke3RZMjNHjtm3FLbAp:18000000000000000000:OKDOT:CHECKMYTH
15kje2XzHYJo3ieqQYMJThRcY7NvagzxBWGj8PvC1s6cxWsb:18000000000000000000:OKDOT:CHECKMYTH
1Tng5Ak4SSrnsSAMPcuQvbNKfYz884gGFsgTcCLeXxuDFVb:18000000000000000000:OKDOT:CHECKMYTH
15cziKuANnswksriaCMM5bgEpXgbwXeh76ih75MR74kwgkiE:18000000000000000000:OKDOT:CHECKMYTH
1C9L7v3z5k4KgActc9KmFMvRjVRKKvEo2x4iD41Q2s5Rvid:18000000000000000000:OKDOT:CHECKMYTH
15kkqLEf2mvGJ6MuSWethEEzneQme8R9sgS1DBdG6S36BNHh:18000000000000000000:OKDOT:CHECKMYTH
1TvbmXPZLD5649qQvk28yMcV51sV4wfTV8WBGHcRUkbBtco:18000000000000000000:OKDOT:CHECKMYTH
15DDS4XDeEAxkQu59yKrAPRaSxygaQpLgEpXKRwRFXkfurMw:18000000000000000000:OKDOT:CHECKMYTH
1cBWqdBAnZm8VhhD1Vf6kcJUjbAQnNo2LtSFqUc463aTbDs:18000000000000000000:OKDOT:CHECKMYTH
15mD7oRef8k4UsV773KsBWF6xtXwjoj31vRWLtPn6Yftd917:18000000000000000000:OKDOT:CHECKMYTH
1vfkemd8UAimuW66juwLaCcfXto3kdRBoYfTcpnmng4Q3q9:18000000000000000000:OKDOT:CHECKMYTH
15DPYRAL5WQtJyvYwkQnsnm6UQV7fTCwdfz7yukNGydYAsYh:18000000000000000000:OKDOT:CHECKMYTH
1Ch3WwGsYvtcujA3ZismtCm8GfL4sNJfKVfMMjKaxKhnQgT:18000000000000000000:OKDOT:CHECKMYTH
15MEKJmTmH4oPDukFzXmeHaENUnyXnuMaTjSgPQYsazJFHv4:18000000000000000000:OKDOT:CHECKMYTH
1znsrSe5X3JvZUwP74wP84fDFPu9wYEHf5SmrmmASCgbo5H:18000000000000000000:OKDOT:CHECKMYTH
15FkaTDGaG7x1A4h3jJv1xKfg74qxNX6gmp8xt2APue4Tsdx:18000000000000000000:OKDOT:CHECKMYTH
1F1FzHr22Lfe39SvG7A9Rgd6UBaPxvaHCKqUdVVUAchGtUK:18000000000000000000:OKDOT:CHECKMYTH
15mSYBGmPQ8dgyBpuHNL5dDJ77MVpeHnwLb9oh1s5fQnKA16:18000000000000000000:OKDOT:CHECKMYTH
14SaYfPvzzh7gBU19fuiQCxMwpXt6AGMCQqJWytiLngg3Nfi:18000000000000000000:OKDOT:CHECKMYTH
15fmygRcfW9347yvqpTWSUJAaezJd5XrTBViuYAD15ptjHFD:18000000000000000000:OKDOT:CHECKMYTH
1gijyob2kpimM3e4wr45oYXdP3vR1rUnzEXX2VAk98HRrBT:18000000000000000000:OKDOT:CHECKMYTH
15pEv8LJ5BkMnWAivr18PgvahRN61DdbDbMLHpP1QK5NXZQJ:18000000000000000000:OKDOT:CHECKMYTH
14SmXQDYrkq3tEs7QujBQKQ8PkpoAAe2qRZraktmc9uxh6ZF:18000000000000000000:OKDOT:CHECKMYTH
15g9HH2UPxsZWAzrg9xWsEcprt73nDCoqxayEZw5fAtxa85t:18000000000000000000:OKDOT:CHECKMYTH
1GkpHFCkkA5EnqRtDBbsP17mQH179djqyBQ8vnB6fgK9NFN:18000000000000000000:OKDOT:CHECKMYTH
15QAS6n6NGv987mien5ATKvwxrfDaJH5C96QNkpjL9ca3nqt:18000000000000000000:OKDOT:CHECKMYTH
14SXwXV1J2NNtoJKgThvrJciUyjAUa3EzfwfWivde5cdopmL:18000000000000000000:OKDOT:CHECKMYTH
15GjLbnKNCQHDvrFmS9gRLNocayf86eFPQtgx4Ykmah3NCjK:18000000000000000000:OKDOT:CHECKMYTH
1GnxwLk1iP4FfbqLW4f4JcJqE5CvJeW5i9TqXNCYiXkoXMf:18000000000000000000:OKDOT:CHECKMYTH
15r3NwwhsytYj1ieAr1qQ6sNckZmf8BrBgBTMLKSr6tSspWW:18000000000000000000:OKDOT:CHECKMYTH
14txZhSBaT7cCBffKRxsZz7pXPuSHenELVURARUmBETezJB3:18000000000000000000:OKDOT:CHECKMYTH
15iFTUsF3cM22GpcoZ78j85DRim2wBvb9YMtRNBtxUqwMmbN:18000000000000000000:OKDOT:CHECKMYTH
1hEyr7aoHFZ4t8KBY7cqv7mmhDzGmvhV1S3uEVZ9Zx2bGdA:18000000000000000000:OKDOT:CHECKMYTH
15SEf6yAbvYjQdze4zoULsMq4y4ZTnsAUPkyAUEVGvXDNrSm:18000000000000000000:OKDOT:CHECKMYTH
14TZwiQCuwtpR76L7zDkQZhseut5UT4VUfyfhgyXE9h3xATw:18000000000000000000:OKDOT:CHECKMYTH
15p8GeeYxCAaaDJDb7EZRinp3ns5k3CLuftyeHXyLcW2H3e7:18000000000000000000:OKDOT:CHECKMYTH
1HNvGHcpJcDXyeTh5hRSsF5rXFSqBmbqnph1vCHfaGUm5Gj:18000000000000000000:OKDOT:CHECKMYTH
15SHA1cqJeAhaYKSCBodHfbhKuHh4fQThoWUhPADT4S1ZX58:18000000000000000000:OKDOT:CHECKMYTH
14uBYevwuskL1niVNm2u3FUEfMU2RecGoyZDT7QxFiquQ4C:18000000000000000000:OKDOT:CHECKMYTH
15riakaqYbKFsixPZhTAiNwCYKiv7ruTdKJWdH1EXQ7gxEkd:18000000000000000000:OKDOT:CHECKMYTH
1kDyHMgWtZX66X8T7HmwErdfzogG5AabRnWUaqaa3ZVGSdb:18000000000000000000:OKDOT:CHECKMYTH
15SsYr595wJZdxMAtXNPANBTkGYAxx6G4Q73icy9qiqvWUes:18000000000000000000:OKDOT:CHECKMYTH
14VQNi3f3ZJB4fZBHv82MRLbrEkga8Yjkveokk3QJmhSxkZw:18000000000000000000:OKDOT:CHECKMYTH
15rs5eMhZeHmdVuTi5By3DE1VhkSqLwszyTEc3MhUAaHraAY:18000000000000000000:OKDOT:CHECKMYTH
1KUgXSKueNDw8xj6TciAxMNCxBqdtAc9HySqAVBVoFz3HmC:18000000000000000000:OKDOT:CHECKMYTH
15tNgjFjSQWUSTKPAQrzHUpmMWXdHLRos1gzU35oaywfdJyh:18000000000000000000:OKDOT:CHECKMYTH
14rAP4j8zSnoV6hSe5C9KAzftwxnFybQ8RiGCcgBkrFE7zZJ:18000000000000000000:OKDOT:CHECKMYTH
15rWEMg9CGLB68xSkcPjrrgE1DkrtsiXAM2pBASGSuNLFtJF:18000000000000000000:OKDOT:CHECKMYTH
1LCSXpxiT6PKX3sPQXL5hMf1pnHB2vvVWMkbvuJ7jkmxSpx:18000000000000000000:OKDOT:CHECKMYTH
15tvG6hsLXzc1CY2qJe71yH5WuJZi5RG2ALpmhk8ga9jBWKP:18000000000000000000:OKDOT:CHECKMYTH
14Q4jVTTubJHNkjeHQ4vacPXxefbmKQiH3Kzzy52CEJZ5Uro:18000000000000000000:OKDOT:CHECKMYTH
15RzuYvAWsejX1NR1zR33wZCjcMQw8hnhZbqsNJzVdhdF7Da:18000000000000000000:OKDOT:CHECKMYTH
1na9kS1wZ4ezLBJ5KUmF61VpY85EZDzQnPfRKdJGPfUjNip:18000000000000000000:OKDOT:CHECKMYTH
15wFQq13CKiLpPhF8uriEXBnMLXDwTR48Ud5RFf12M9kg6uw:18000000000000000000:OKDOT:CHECKMYTH
14oq8pCRv2Tb7BBSZaG7aUZNVvqe4nvAQ8CckkHnoLq5cNQE:18000000000000000000:OKDOT:CHECKMYTH
15SjPnU3NgvXn81Ejc7Jj2Yv1tsDJDkZuAj6RAM2WezuF6qE:18000000000000000000:OKDOT:CHECKMYTH
1Nvim2vFJGEPpMomUmzKR5NdeeEzUMeLDbVdJM4f8HJmmG3:18000000000000000000:OKDOT:CHECKMYTH
15wViC8Q4wdXDyyoc4csVRhvnspJzaXdzUzrRWELPz1PrGKM:18000000000000000000:OKDOT:CHECKMYTH
14oL6WHdtQJnMAmErNhN8tnY48UUwEeBdYWhaS6opcjx2YK6:18000000000000000000:OKDOT:CHECKMYTH
15SVSV8Ugso91QRSbvD9nhmaPD2yboxaHyCMo5y5c1CtDYoW:18000000000000000000:OKDOT:CHECKMYTH
1pMRMe6w6QcBVhGEYxowZgPdPJm1vb2F3BMdNcefzr3ScHh:18000000000000000000:OKDOT:CHECKMYTH
15yTceWf9ecaUBg5TT5YXAxpo17Kx8ByjcSfL5GLidS6xZso:18000000000000000000:OKDOT:CHECKMYTH
14MJMQQo9bTHaWvAUe4FSAwCL57hmZVJ3gePoND7Z91SkNxB:18000000000000000000:OKDOT:CHECKMYTH
15SWpEZc7vxTL4GDVDF9DBQTLMzjsEnArw7s3BuDPCtTTw8f:18000000000000000000:OKDOT:CHECKMYTH
1pVsnoMgMpuJuFiJvKjUxpdsyjVeGAPU91SqTGt1qnq1aXL:18000000000000000000:OKDOT:CHECKMYTH
1683aTffdXSRPT7kMim7zzdRMTbo9wqBoJ7by82m9XU3tmPE:18000000000000000000:OKDOT:CHECKMYTH
14KVCyG56YDmhuCyJCfBdYFEv2giymJugP8cKhaD1bj9wAdA:18000000000000000000:OKDOT:CHECKMYTH
15T5YhYjkBB2UHaZXPrQNRdRLF7QA4YefkhffNouXhTgowAP:18000000000000000000:OKDOT:CHECKMYTH
1q5m46ZjcaMNoQfTFaP7Uk3yxyizVP5XbV7qq7cxEDfpqN8:18000000000000000000:OKDOT:CHECKMYTH
16AJPw7qzYtzpkoGWXskK3h7dt213PSrCgN2WXBJ2aDWjmxm:18000000000000000000:OKDOT:CHECKMYTH
14Jaw1a6Nuji5J4xDknH5f3UnS4aKKM1mT8YDLjD11TEAxqf:18000000000000000000:OKDOT:CHECKMYTH
15tEwihkuuBXH5baveZpMX2h66T7jNxJGMMymcQhi9NzYZX6:18000000000000000000:OKDOT:CHECKMYTH
1QreqqSoHRPMZTgrCKyz9N5LJaWDUYBT5ozu3PqZDFWVyWm:18000000000000000000:OKDOT:CHECKMYTH
16AMReG5zPJE2R6QXJCu8y6pveE6m6m2m8bXNJAq91ezB1C9:18000000000000000000:OKDOT:CHECKMYTH
14j15BbtnZ1HQZbgVavwteSBXWU7G9N9GH4LDd9SUT9fvvC2:18000000000000000000:OKDOT:CHECKMYTH
15tMAum8JBVzmcwhaNuhRG3dNw9Lek42H7wPRiQ7BDbCXDJq:18000000000000000000:OKDOT:CHECKMYTH
1ReV3n3m9xWcHxW48p5vjy1fiyAey1mnuwJyfPyCS2JXYMw:18000000000000000000:OKDOT:CHECKMYTH
16CiJkpmZGBP1RaYryVM11fyhmzJDCsnPDbX7gX4u5wmZ5p3:18000000000000000000:OKDOT:CHECKMYTH
14iHTM3gfd1VTk2EyomtBtx1TNor1SYbPr24J4zX7Lrviwxe:18000000000000000000:OKDOT:CHECKMYTH
15UsdP65kqyzPR3ruA4xs16mtoosMBPFbBEFSZhrHddRh8gn:18000000000000000000:OKDOT:CHECKMYTH
1t65HEwtHAX8YwHs62rbW2CD9Pdf2NkT3fFUwdPwVTxatoo:18000000000000000000:OKDOT:CHECKMYTH
16dH5L3XkfYFXyurreDXCZLyDjHXunzGnuM2mvcX8Pu96FJc:18000000000000000000:OKDOT:CHECKMYTH
14G65cDhoqFQiUrgAu7ywFD8ahXoiywz9ytkcKmsnd21Yn3B:18000000000000000000:OKDOT:CHECKMYTH
14i94zFkgeFAM9ys4ZcujB3B15fspkRvHPf8ZbyEGEbhj8Cj:18000000000000000000:OKDOT:CHECKMYTH
1U9HrBgsB8HdKmEcGdu7AS8SxA2neFkcj8zjQC6A9DXXCaq:18000000000000000000:OKDOT:CHECKMYTH
16eqehTLJEVfFWVYHhZmfjnzP4bPUxp3PGDCHPX5BmvDRxnR:18000000000000000000:OKDOT:CHECKMYTH
14EEFoT4MdMEq4MgYQ5dzF4WcJ2gFh1RkE5aonWmRqLkNmtg:18000000000000000000:OKDOT:CHECKMYTH
14gDDaCZPKncmvzqBWKKVW89W9Ujik6ei2tTD5ALK1NM5HWa:18000000000000000000:OKDOT:CHECKMYTH
1WTsuXanEuCuPFpu9BVET4y8H55CTU4ZUuGqM92ofJaCZuC:18000000000000000000:OKDOT:CHECKMYTH
16g5cvQoKqNCdgT1hKjkqYnhgq4hGLckuEi4YihDPHBZrzEb:18000000000000000000:OKDOT:CHECKMYTH
14DRKUHUDtogcKjY1qc24vzYKwx13rbVNpnXBgoCyBp7C5R8:18000000000000000000:OKDOT:CHECKMYTH
14GCYJtkazTDMigHAcz2KN9FeViuA73mJZu24Si3CRA8QQNP:18000000000000000000:OKDOT:CHECKMYTH
1ZCgtKG8uWgZJYdE2kZBN8mURx1zsYKe7SxDXu2aHmHhv5e:18000000000000000000:OKDOT:CHECKMYTH
16kcCuDuSgYi1VP1KuJTXGZJmPQfU9XwujEddG8GPvKj34PU:18000000000000000000:OKDOT:CHECKMYTH
14DrGrZSxx5epqd9WpE5nszd8dcDCsL65XdqRE3Tz8NeVvk7:18000000000000000000:OKDOT:CHECKMYTH
14gAWeLZXQFLFy1Gs3aLCBuhFFiJrbbFtyuH1UpEh4dEaSJd:18000000000000000000:OKDOT:CHECKMYTH
14ziBAtfoWntYwBfZjGk17p5vufzR4wWS3RiqPww8Knbtz3M:18000000000000000000:OKDOT:CHECKMYTH
16kjnyWF8C37pMragg8HQ4bCaoxan2rn3FDCr1YuXUFuCEd3:18000000000000000000:OKDOT:CHECKMYTH
14bGdLaHKLFu3zaxEjfRbVSVXpZ46dek1qXVk8WEy1svvisA:18000000000000000000:OKDOT:CHECKMYTH
14ETvkyKskSdkzaq7AgaE9mQ9tWzZSrgdxzG8eVvCvtfXEVH:18000000000000000000:OKDOT:CHECKMYTH
15huCaFT1d1GTjaDU5u3fbR4LtAm7M9443EsgeUYtybxyQB2:18000000000000000000:OKDOT:CHECKMYTH
16LrRsfiqjGgevfkFKL5fi8RuFsH23rsE8GroscMf3isBKz5:18000000000000000000:OKDOT:CHECKMYTH
14bDStuM83pAuioRbfiVpCqqWbBGVrCndsSTFSA9En9GLuJZ:18000000000000000000:OKDOT:CHECKMYTH
14DPxbFWgRttLKAP3HsC5p66qfKCTPxyHyKvrdVXqTmxwhEf:18000000000000000000:OKDOT:CHECKMYTH
1CkYoJ4hbFmymgxz2K3bpjqz1HsLrTMtvyb8PTweMEHeiBj:18000000000000000000:OKDOT:CHECKMYTH
16m7wRFjdXPw6F1D83d2q2ATweLThmmvHUm5thJ4aFqkojey:18000000000000000000:OKDOT:CHECKMYTH
14B9CpMY44XvqpLxPfigWX8ecXn8i8DaM5q2yZvZ6wuM1XqZ:18000000000000000000:OKDOT:CHECKMYTH
14BbRr2sSrgb8WF2xNb2vYq7ptnxck3imHMCgGQVbAj8g4yb:18000000000000000000:OKDOT:CHECKMYTH
12eRok53CbzXQK25Xq8hCqBxuFiyUkdGvPCkrpd6NHPUgbha:18000000000000000000:OKDOT:CHECKMYTH
16MK9EWer2YY2p2mUzZerVtwmN6gPkawV4snNL5aaB41SU2j:18000000000000000000:OKDOT:CHECKMYTH
143BvYFRG9cRssgGp5sth3xtA9kXWyeqeyytA8fKV3zDaw8H:18000000000000000000:OKDOT:CHECKMYTH
14azioSe4VyPkwxzapWvGwXJJ9bcFzfsdydpD5wZHpeMoj5L:18000000000000000000:OKDOT:CHECKMYTH
15Akq3Xt5qMkV2qWfDLTFVF5YyTFPdGV12z2qk4AkLWRRmnt:18000000000000000000:OKDOT:CHECKMYTH
16mzLQc8DxWkZg9diSLKGvHZjCUTsE6Bp1XR5iA15vU7PUp3:18000000000000000000:OKDOT:CHECKMYTH
13zJP5TQErFyc8VCMkpwQY1VaZhvKwMBxj291XWW42QXg6nY:18000000000000000000:OKDOT:CHECKMYTH
148GUtEdvjzsfuTEssz32DtoGbgY9qtSgmjK3pfTtethrKqK:18000000000000000000:OKDOT:CHECKMYTH
12nQbU7wFBvA1hsLyDQHkXHZGZL794qyycNvvcN2pG3ncXjx:18000000000000000000:OKDOT:CHECKMYTH
16Q4hzzRXwn7PAXThv4ucYrYdM1ydeKNHWCRcLTkKj9Ck49q:18000000000000000000:OKDOT:CHECKMYTH
13YFkRGeTuePAUkHZ3H84DJZWKEqDafnTL9VRayZBSNFEwz8:18000000000000000000:OKDOT:CHECKMYTH
145u9z9xUfdTg8HFiXF9vgiF9622WTTF9ApozUkTV1azFQrd:18000000000000000000:OKDOT:CHECKMYTH
16d5sgFZ1npLFMNLagwseF8xPyUkYf9npvaWg66UY6dkSmS5:18000000000000000000:OKDOT:CHECKMYTH
16u2wEBW2qG7WD75w8LguA9KfH2UxFLnmiEfD3rzE6YZPpA:18000000000000000000:OKDOT:CHECKMYTH
13XzY63fyYavHjSo75i1XBatUMRctpQBE25VWUSXRj4ynk54:18000000000000000000:OKDOT:CHECKMYTH
142hvwgquQbKGXWS1mdzSa4x7rynbLfwZoB6eRJnnvGD7wVb:18000000000000000000:OKDOT:CHECKMYTH
16UfPzMwdkANWkJ3Qe8dCrwiKdJFusUGdw4KP69a7gwdnRFt:18000000000000000000:OKDOT:CHECKMYTH
16UQhnd8jG3Ev6qChQkVLFPoeFSLLKWnwF1picsoEHE4DG6Y:18000000000000000000:OKDOT:CHECKMYTH
13VXMe8eKHqvzvLprNyfNPfcfKnfMjF7vg2pUWZgKcczZRye:18000000000000000000:OKDOT:CHECKMYTH
1414WtvgNFnhPWzzbgwtc89o8Cv6ShjWiPmanoKv7UfdZvWW:18000000000000000000:OKDOT:CHECKMYTH
12pNP54ztR7vYR1ZGNoVz8EJAHgC6SyTN9QkYPURvQxDNkHW:18000000000000000000:OKDOT:CHECKMYTH
16X3ZCrX1EnA3UEHrY4DvfKejPKhJPCnR9eUqCRYiNyzDsxS:18000000000000000000:OKDOT:CHECKMYTH
13NCLd3foNpsv1huPDzvvfyKh37NEEkGFotZnP52CTR98YFJ:236000000000000000000:OKDOT:CHECKMYTH
