129AhjrU9CHDjzSdUhdme1VJ2CFJLwXdvbfQJNChyCPZu5TN:18000000000000000000:OKDOT:OKMYTH
15DimFKNoh8xEY3CMGE7RKEoQ2fn2Tud5dpdV5bKo12ki6tm:18000000000000000000:OKDOT:OKMYTH
15VNhN7X28UUyKPrwR9RZ6aHZaywWvn7gr4Y4TC3ULrMusPf:18000000000000000000:OKDOT:OKMYTH
1Z7pDE17fGSSu7WqxLbgsdrjhJg91EQNfsLPoPayPkewTZY:18000000000000000000:OKDOT:OKMYTH
126paSDzFwcFizLzRCnhKN3jTUptPyFMrJJ5mqWQu8diqjWD:18000000000000000000:OKDOT:OKMYTH
158A9FHB6tk5CnNm5CzshANvUZrXvixoPjEoQ4rs8KrxbjEH:18000000000000000000:OKDOT:OKMYTH
12gajH6bK1QjKrVvRnveRAgAeUq2ZRzhz25FTNxZUgLXxJnH:18000000000000000000:OKDOT:OKMYTH
15DQPhw5kTwLwxfrjpTVFK9BA5gz9pqi9oCUWRMpZVpkRAeu:18000000000000000000:OKDOT:OKMYTH
123KJhh5xaoDijdZJTRsDJS9AiTPkLiXKvafQTgkfVH4v1c3:18000000000000000000:OKDOT:OKMYTH
1YY7RiCt3G7AGb8tC1vZpTh2utVbnV3NZbirwC5f8wds5Ch:18000000000000000000:OKDOT:OKMYTH
13d9z7QdiLeGuHDzr2sa31pJRziSGAY6SCGrUDfP9jGmwkJB:18000000000000000000:OKDOT:OKMYTH
158Vsik5TwC4Mm2k2a9pH5poczHF2B4wWL8AxPUdN4rteZum:18000000000000000000:OKDOT:OKMYTH
123kaBmYrEZxcfZKeANr2oCPpcrnk4Q7jjjH2FKaYfKhGxg6:18000000000000000000:OKDOT:OKMYTH
15E41Sogkbxg8UswHzAQQXYLN2mogJ9eYJMeQuFJwJhbyxkv:18000000000000000000:OKDOT:OKMYTH
15Jrm46zvp7xpugho6UAoX5AuVzhCuJf3EjXmbY4t1MB4ycj:18000000000000000000:OKDOT:OKMYTH
1YwT6hReMfZsbwFQjEPpMeg2MiBvirvwR3xoguYK5LP2451:18000000000000000000:OKDOT:OKMYTH
121oY674QUE1TXqLnWmJm9A6L8rQ4L6HmkQRB6QsvwbgR6df:18000000000000000000:OKDOT:OKMYTH
15BEeoxwBRu7HCovRHoHCvtGfThcpfHv6T9u6h63bnGcGTb1:18000000000000000000:OKDOT:OKMYTH
118qW7rjgRBaz26Ls2pcd2qZqjbZLNYPPdkpT8hKjeKV9NQ:18000000000000000000:OKDOT:OKMYTH
15FkZ4Kczi6Am6JJHxxBzLXqJkKfnW1nzFX26bJ1w7RJDRHm:18000000000000000000:OKDOT:OKMYTH
121iQQFHkaEY9w9y5ToLP6Cpb2Usdn7iDyCqB8iVgZuqryHZ:18000000000000000000:OKDOT:OKMYTH
16dSQ3877A6MP5CLJ2afG2gaqUAC6XXaRo36aNoBi9Hc9bCN:18000000000000000000:OKDOT:OKMYTH
11KffqRy3qv5qrwTYQik1zipVuVKMxKcFsynumsnCKGyfjh:18000000000000000000:OKDOT:OKMYTH
15cjVUjU7vLgvMBAgU4W1rABDvLBeGHyFPmjphmQ38bUhk9v:18000000000000000000:OKDOT:OKMYTH
1219SnijmrMLNeiYJ8im9xdkYbiVifbJMirGiwEf2Xzj9wwn:18000000000000000000:OKDOT:OKMYTH
15fLsAivDDRuH1GkNR2YKTy1aBQ7pJ5aRc8Hk8SEh5HPT6mt:18000000000000000000:OKDOT:OKMYTH
11kKj9xhsTRvxf4DZxz7M26y1fh2DiFPpNBppZejkRBCqRU:18000000000000000000:OKDOT:OKMYTH
16DVcsKHgL5pv3UYeBKcy6XSZ6ckyeLvQo4zCTfwwLghr7XS:18000000000000000000:OKDOT:OKMYTH
11RMjG4GVVuwZNn5QKiPazfZP5qLDg7Cqj53TowhVLVF8i8:18000000000000000000:OKDOT:OKMYTH
15dAaPXbyQo5rH9zHhdfReT3ncd86mdHckEn7FLrDjoRheo6:18000000000000000000:OKDOT:OKMYTH
11tZZoimovVFQncJ4Gwr132xyst9jHKzo7owAXFjfwXH6Sb:18000000000000000000:OKDOT:OKMYTH
15FoxvJGeHJepuYSriSh56mhWCwj7mqyLBh58X9RqrXvKjLp:18000000000000000000:OKDOT:OKMYTH
136qtoRZdHySiTyLj8CThg27kAU1o9gpJAzTNBMWJVGJR8GV:18000000000000000000:OKDOT:OKMYTH
16hVyyYbybC9PbUiyzKrHhxRZidjE5L9s2qE4NfZezQ4duyP:18000000000000000000:OKDOT:OKMYTH
11yN1zPDdyhJW43q5c58wc5jw1KrDmRAf7VR7WKqUF2rPBZ:18000000000000000000:OKDOT:OKMYTH
15dCmTj67Dgy7onXMDwg16kpNggquvw25nHXBRcQ7R2y2uNw:18000000000000000000:OKDOT:OKMYTH
15GnJry5btM9duTqQkyzxVGxp2BktiTW4uZd2XXZCDfDcNKR:18000000000000000000:OKDOT:OKMYTH
15g8xyjbFbj2nb1BkWVUBaN4JmFxUxETtwwUQZaff5c4uHHJ:18000000000000000000:OKDOT:OKMYTH
121q3fRAhsaXxKDiy33hCc4o5jYWkxfdot46vSPUZg4td5AN:18000000000000000000:OKDOT:OKMYTH
16JsMeYvHLtYg2DiEHdYwZ7zC9tJSyFH3rQHdaWDWNaEyBMj:18000000000000000000:OKDOT:OKMYTH
12KKpJiKRvJaFSK3KR1J1YXXXDxG1HLpPkGN9rHs25Qt5v78:18000000000000000000:OKDOT:OKMYTH
15ddfSqgcpynSFbFeTLwFPJPk5R47FcbKaWa3zSRq1cLFdb4:18000000000000000000:OKDOT:OKMYTH
124HTxJGJNo8JcfwpN8jRRXJtF9eDXMFr6tGJ1hUcJ3GTH4G:18000000000000000000:OKDOT:OKMYTH
15GXJTH2BYpNbpCZpcFbs465TwC4iKXa7uuLqoX1D6BXrZc1:18000000000000000000:OKDOT:OKMYTH
121Q1jcm2r1iQABorZ9QuE91LY6iPaSKJZtuioijB1PWAhfe:18000000000000000000:OKDOT:OKMYTH
16K1LeMMkV8NXabJnP45KHia7sz5njXqSQoNzJgyN6hjxG6o:18000000000000000000:OKDOT:OKMYTH
124UQarUiuv9BApZk5YXx9ovn1BmCts39paM5JS3Wui4aE48:18000000000000000000:OKDOT:OKMYTH
15DegP499ks15BPM3WZXG2VWY8wkzf9BfTZ9kjLfaFp4wdCF:18000000000000000000:OKDOT:OKMYTH
124P7XnRHaxU44CD7M7v2zMMGh9dxsmetZf6LQGPckHtBpRx:18000000000000000000:OKDOT:OKMYTH
15iFnYjPDMgbcLfPwau9wPD9tTrXNiezkfYvj9Bx4PV3cMES:18000000000000000000:OKDOT:OKMYTH
12au4Uu8Lzbvco2bNBfWqHbZEyf3s137HrQQXa2AgDMg3oAp:18000000000000000000:OKDOT:OKMYTH
16PasEnMXxVN31HkPxKAM1EU4bCZaPr8j3W3fjjfN6yUnneQ:18000000000000000000:OKDOT:OKMYTH
12owTwXyPGvAUHQZcXfr5Ynp7M79mmb2YdWrMgnds2UNbBtD:18000000000000000000:OKDOT:OKMYTH
15dk3zdzcuG3n6U1JYD5VRPJi2LVUTLLisFDNmsXCGi9nXeW:18000000000000000000:OKDOT:OKMYTH
12CT9L32K1Rutv45Bq8qws4L8uFWaphqBBpuJxdXgJupcrJN:18000000000000000000:OKDOT:OKMYTH
15Jx6e7pq2STWkKNCkFJAAcWjSMfW2E1yGCGUDM1oz4Q4vne:18000000000000000000:OKDOT:OKMYTH
12zmVc5Vfzce2Uxfw4Nu35ieddyuAt7VsJNRVpbjKb2rvFcH:18000000000000000000:OKDOT:OKMYTH
16RvcdJxr9QhPTdAgFs6Ys1G1Ps4u9sjzqctnGssaf1rDju1:18000000000000000000:OKDOT:OKMYTH
12e5kydGfryoLYRjxfAh27YQY7QMLyXHMvn1bjeg1ChuRewp:18000000000000000000:OKDOT:OKMYTH
15DsrCba72eZf9vpM6cRhT3TwcddnW3cvomMuiFMMexK3LbP:18000000000000000000:OKDOT:OKMYTH
13ScY7PedawWznN1876Xjc3skK9fgU2BKCF2Zgk22ncxeZqV:18000000000000000000:OKDOT:OKMYTH
15M7hrNTDVFrfSK79CT4exBtPzhmsLsBBNWyfLtfycJHmL39:18000000000000000000:OKDOT:OKMYTH
12gAyXu9WmR1a7CgHrFYyebmiD22d9bXUZtcLubqbFahJLsx:18000000000000000000:OKDOT:OKMYTH
16Rxw4Fa7sRqdQsekwyk3sz1VXdksUznTxgxbJzUP3PajDGH:18000000000000000000:OKDOT:OKMYTH
164vobfU62J9E79CWw3ZAs3UqkoFT1BT2nKSYA9XAtiR5bg6:18000000000000000000:OKDOT:OKMYTH
15DVa7ugg65CrhySHCsSXv9KF2RzZPA9Aj2Hb8hBd5Rfu6v9:18000000000000000000:OKDOT:OKMYTH
12Gh3vMwJGGe7obZ2fexzWuQCER4yi6hzyKasC7CmHDVHfMu:18000000000000000000:OKDOT:OKMYTH
15mRewynUMCzMiePwpoz9uxNedZRPUj2z8DNWjNnt2wFoMmq:18000000000000000000:OKDOT:OKMYTH
16fwhfarJWgfFXLYTfVXjtEC6uJSHa3eWoBiZBwzGuvmFqwM:18000000000000000000:OKDOT:OKMYTH
16SdJGmj3UtH41iiLfwC4NAzE59ixcaCrxLM3owXJ1W8Fk3:18000000000000000000:OKDOT:OKMYTH
12HPFKQtvi8abr1ZP9ts5yRfBVCfe5cfxYKjUDbJrgppuLZn:18000000000000000000:OKDOT:OKMYTH
15FkczpvdY5qXshVVBKBdns9R26Zkg8H8Y8XTvygX4xVjdHn:18000000000000000000:OKDOT:OKMYTH
12Kpq4tMAyJ5DLiZLCLp9c8Rqf6VUZKLQhjZu4qXerAqeACi:18000000000000000000:OKDOT:OKMYTH
15QT7ZcZtd5ib3SjhauX1GyEraS75prHjYktSfWBMQZ4NMBp:18000000000000000000:OKDOT:OKMYTH
12HXsy9vyBwaqm7g9yfUgVtCaaiJT1GteiDgCBLSJxqP9o4B:18000000000000000000:OKDOT:OKMYTH
16SxgUeuR5zkB2BG29dNBcq8ErcHZDCasn6x145yf5aeStKj:18000000000000000000:OKDOT:OKMYTH
12dbUJu4GAkvzpnbt9jikLJSt8JtFzNzk13Go7d8htdUa3oZ:18000000000000000000:OKDOT:OKMYTH
15FybuzHBXC81qkE97sUYbj4dLRUebABAoYoTz2gQkDAYVC7:18000000000000000000:OKDOT:OKMYTH
12jZNoPWK6hgRDiGfLTpSm5aHBV9LYub78F4M2S6EFXCy5Jq:18000000000000000000:OKDOT:OKMYTH
15TCWjxQRcRAJCT8rYybJWef32TSc9M7C9ofBs8Q7uxiYcXz:18000000000000000000:OKDOT:OKMYTH
126bNJYTjR2ofQyRvMBse513wa5Dx6yfhkreMrzRVdDm1KbQ:18000000000000000000:OKDOT:OKMYTH
16V7FAJx4uF4FpiB48Tf3RTLEaAdFQbFApNpEe4YKDG9Kkd9:18000000000000000000:OKDOT:OKMYTH
12K42DbZM2SDEF2KXg3CftKuntW6GArXJBSYY8JHkgRFirbL:18000000000000000000:OKDOT:OKMYTH
15iakZadGy8tZj2YkeSLiK1nB69LShpYVxEJT395ZujGm43L:18000000000000000000:OKDOT:OKMYTH
11rrTHhyYNNtDCoSBEKWnuHMA6nq2wgYZUDXDAKXLFLxr15:18000000000000000000:OKDOT:OKMYTH
15TCy7g3DUgHpwt9HmMpuVGsPgt73hpkr1aSvHmjzsn1pCRE:18000000000000000000:OKDOT:OKMYTH
12L9upudTCrZ6wtB6AKSEoeoYAcgdYs8HCvc5EFrNevYSXnF:18000000000000000000:OKDOT:OKMYTH
16WxXEMuJL3DiAXfuFaeArKvnvc8Lv4vqHkNUmYwCUbJj1VG:18000000000000000000:OKDOT:OKMYTH
13dmq7zq5XvGW5tE7fa1t8hGjcLkK9sH9YiPrXLyzuynEvm3:18000000000000000000:OKDOT:OKMYTH
15Lpxp6aJmCSRtTEocKUKybXpkZyttkJUP48fNp5K3rBrTM4:18000000000000000000:OKDOT:OKMYTH
12mTfpsxPkDThsaqHobQsBRLoEx47PTZMe64x3hKYNexGiq1:18000000000000000000:OKDOT:OKMYTH
13b5m5HHnL1mDXHo8HGDY94NKdAkrkSCx5vdqtzR8XirwUCv:18000000000000000000:OKDOT:OKMYTH
12mgW874nT8y4tKyk5vEM3LWwetKVrKpG9e1fgwTTU1rcjDS:18000000000000000000:OKDOT:OKMYTH
16Xop6Lu7U9WpVhzhDU3XDxLSnqtSArSYWfPvFY7Vc9xzVue:18000000000000000000:OKDOT:OKMYTH
12muRwhPQmn7bT6iYm7Dqi2a3vdNWkdWr8fTRFG7toA3c7j8:18000000000000000000:OKDOT:OKMYTH
15o1PMQ3yY8865zA87zGmHA1mbLY79aKtDwtmVWfuUL7DjSo:18000000000000000000:OKDOT:OKMYTH
13KVBCLVqgaMBCUGbXZEKTEi7Nv6hM7HNu8NuH71Ms6QmNjf:18000000000000000000:OKDOT:OKMYTH
138nfn3sUraitXDdSukYYDWAEBFRPQgzyBxvUiA7Scoq9LMg:18000000000000000000:OKDOT:OKMYTH
12mYE11MVpMiufHJFmWdtsh4CCuVdtQZMzgyyfutHKNoyKUZ:18000000000000000000:OKDOT:OKMYTH
16Zfb38zQevy3K5jipMZszWUXHs3uMYguhre32fRjQuk2TKN:18000000000000000000:OKDOT:OKMYTH
1Nv2qeU5bCyyT118vfSxmrDQopiXCBLa7wKD34gHGJzsvst:18000000000000000000:OKDOT:OKMYTH
15obY4HMQAxiD9F59W1TmPLim8FtWEUVpZju2ZvsMCNVbXL5:18000000000000000000:OKDOT:OKMYTH
12NoKJ7k38A7W9ZdeqJZecmvKiMGZbccnhdSdp9jTTd6ouSh:18000000000000000000:OKDOT:OKMYTH
136uYjhjYLLAi9a5E4fCRHo6q8azketm69sExpxwgiYnZBkE:18000000000000000000:OKDOT:OKMYTH
1hPWR4MiiSManDXH8gutm3qd2WogZQxaZpbPzX1um1RgKNZ:18000000000000000000:OKDOT:OKMYTH
19cM1AFAPuVZnzZkYhDUukfvAKbHMwE9aZ4bxHkcKuhUHB4:18000000000000000000:OKDOT:OKMYTH
12NStuVyT5TzEq7GQwmSdBtEatK3zn931PskVzfJE8ghxrga:18000000000000000000:OKDOT:OKMYTH
15ovYiWxGKE7m8eRU88nKKKJ4qxUbY4nLqJiswXty96PEPtH:18000000000000000000:OKDOT:OKMYTH
1H31cARke95CUbf2YTr2n9aUw2tJpRetSMqRCn4vUNi71S4:18000000000000000000:OKDOT:OKMYTH
133tCNrBLTDEKZoXrQ9No1ECL6wvxsLZKNJwXRP4arAErjNw:18000000000000000000:OKDOT:OKMYTH
12QornPG99ZbkQmQ4HJTuFBawCAm5mVwsroqEgQWS11wdqYz:18000000000000000000:OKDOT:OKMYTH
1bC45FGpgxkDyeX2SoGDxJ1JxzgWUu93agfU6kUTwEKqreq:18000000000000000000:OKDOT:OKMYTH
1FNZ5MXu48x8tUQH1DSqzTXipgLYuuzYngzS6JcrhnRjL3Y:18000000000000000000:OKDOT:OKMYTH
15PpCzPJY9vC2gwFbYa6E68qJsiMWZkh5Mv7BkZKpgv6YyaE:18000000000000000000:OKDOT:OKMYTH
12s9K15XLg2gVTMdPAKrFrNbCGcZZw4zrPawys5ZqK2iQCYw:18000000000000000000:OKDOT:OKMYTH
131Y8FpKFARkwBcjKQGnipyvNwyYWZXQW7wReMKrLigGB1uE:18000000000000000000:OKDOT:OKMYTH
1FE7MrZUJvP7CUrZgCSYw2sqdTp1esEe6CwnNxrMzUVewz3:18000000000000000000:OKDOT:OKMYTH
1cHKkGWsSxfZrVgQuvYgCodNH8P3KtFnjrnQ3k16wzYVr2v:18000000000000000000:OKDOT:OKMYTH
12sMxRYWEfC5JXdboLVdfTVupHCaxTBvvvnCJdZNc1QuZyqu:18000000000000000000:OKDOT:OKMYTH
15Q6krS9TRUUn3a8sswuqYuc1rUxpczoP1hheSPkmt1GZdQE:18000000000000000000:OKDOT:OKMYTH
1F4SSto42NPtJBCzCdymuYBwUkuLGo35qyqDKERkJLMkkdr:18000000000000000000:OKDOT:OKMYTH
12zhoxMnMVFHNg4FVwsPPXQb7zCXTzMZbtEYFPJBBWrMFcUS:18000000000000000000:OKDOT:OKMYTH
12soeS1QMjPVi4hyTaBq9i8DTppyFscy9J1XuGNay2sbPbU1:18000000000000000000:OKDOT:OKMYTH
1EnXbwv33gwWK1kKMPvLTqhTwDbZAUNeCzKHBDfmmoMKQ1F:18000000000000000000:OKDOT:OKMYTH
1EnqiSb16HSaAUsvfPyfMoPw7zstL7SWmj2nrPZSzVjowKr:18000000000000000000:OKDOT:OKMYTH
15SKxswLis7nm15UikiCmNRMQCKkMz7PmujRPqxQu11VijC6:18000000000000000000:OKDOT:OKMYTH
12xDn9rkzjM9mwThnyDC7zdaEQqEXwwHDfYFyLuynzjakFCa:18000000000000000000:OKDOT:OKMYTH
12Yj5xqfi7L4daXweaQ47GDyQCu8L7GMVgVKmhPMPcs6wUjF:18000000000000000000:OKDOT:OKMYTH
1dvePQikEyyte6gxpYt8adSyuGgycJ7GC3tCh4UrbsWihyo:18000000000000000000:OKDOT:OKMYTH
1h8RP1aEgrQumFhF9wh9p2Fu9LEAViF5ufHt4D5t5J6ZHRL:18000000000000000000:OKDOT:OKMYTH
12YL4ewYpHGeXKtmj1aHHoufqmWo3PHsH9gQwdNjyttQZwAM:18000000000000000000:OKDOT:OKMYTH
15UyXHdT9qpU3ZCEfmfDG3tUsQieofpzyrpAx7XAgCUAG3vr:18000000000000000000:OKDOT:OKMYTH
1duiib7m5GfnJbhaG33pnurRHou8tgrn8WqmS3gsVhejXhz:18000000000000000000:OKDOT:OKMYTH
12Yj5JeF3XTqS7g1g4bGTQPBeZJKkjQMPKYsxKdJo9XmuZuL:18000000000000000000:OKDOT:OKMYTH
12ZHXHDds4d1iZZgxLWMkrH2gGvzf5VMQ8CKzkcf5Q6ZKifq:18000000000000000000:OKDOT:OKMYTH
1KSZRVX6MMT6Qq2SF52ToTYbNjQsBXnpch3NdEKHyZcP4su:18000000000000000000:OKDOT:OKMYTH
1Ca47nryoHzJx2SfSqkaVhiDGsdFEv4Sna1eEM1RMsYPypk:18000000000000000000:OKDOT:OKMYTH
15vwdPUSQFoNhivFFPbqW3wHY7rqNxLYHvo8APEJJKZqN2tU:18000000000000000000:OKDOT:OKMYTH
12zy4xLdv1cHH8Ppturn8i33UZSXr8E31eTejM45hoKiTvnM:18000000000000000000:OKDOT:OKMYTH
12y53NzostZ6rJADDqEFPnbH2wbi5ryTwbEwumCNWbmRsTie:18000000000000000000:OKDOT:OKMYTH
1c5rkJSw8qZpAsR3qdepSrPiFvU3s3MorYFeSwnZZT4Wbyh:18000000000000000000:OKDOT:OKMYTH
1naU7AXKWrxVo1hMzoTUgoupkSqetPMrFjsKTL8gACWLwng:18000000000000000000:OKDOT:OKMYTH
1313dyzTqzPURWUSXZeE71Nna8h6JDnL7aUJKiFnBy4QjXZh:18000000000000000000:OKDOT:OKMYTH
15VXtUSEowSQy3z5dQLbkgsXuPivbDLXRNy6ocffh9jGsf6t:18000000000000000000:OKDOT:OKMYTH
1c3p22h8outwcFGBBFnxWVKeS4Ey1vQda2i1fYXsSXhtAQp:18000000000000000000:OKDOT:OKMYTH
12xRM46pMZPS8P8Vmnijtvw7ECHnkXysf2RQpbnQjzddCbmn:18000000000000000000:OKDOT:OKMYTH
131RbhuqWFx5tpEJ786UZdPqH3iGpnmv9njnFg7Ht8hw5YaC:18000000000000000000:OKDOT:OKMYTH
1Nm6WTothUSpqHxBSrVoTxDAPyn6KPieCnpvPSK8aDHdsh7:18000000000000000000:OKDOT:OKMYTH
1BZFBJ4b1W5oLKZBkSDecme4xq9DdxZ6vaYvkqKyKc8YYBn:18000000000000000000:OKDOT:OKMYTH
15wjacBoxda5b6vjgNzeqE1ekHyjzqSFZUJCuKLCzgW5AoUE:18000000000000000000:OKDOT:OKMYTH
13471auyrFsf7MzNUuU5PUkHMy3oPRqkfnJiEfcpzLcXkwXk:18000000000000000000:OKDOT:OKMYTH
12TSkbLtPUfRMfHd7XtD3VBHjG5VwqG43vQhKsmqDoJZRiJB:18000000000000000000:OKDOT:OKMYTH
1boVwcxvRsBnehBX7LN6ec7H7JQqYSixvUUX1C1TFM3vpku:18000000000000000000:OKDOT:OKMYTH
1nqBPFjDk1D8ETqHNo2MeFC3NNhLzPEGnwLsWg9DqdGEMDv:18000000000000000000:OKDOT:OKMYTH
135n1yK75iehjjnofcNp16BkTXeH5kaVV1LPRzmeaY1Z7sY4:18000000000000000000:OKDOT:OKMYTH
15x51aV4AJifQJnhJmmFrbvNfpDs2nUEsbjZSXRzrDYQ4Zwb:18000000000000000000:OKDOT:OKMYTH
19PnQoy7gYvFeimbEWWeN6FRLoVg5FmnUkGrBpfLXSi2LjH:18000000000000000000:OKDOT:OKMYTH
12NiCJM4DqtnmCwZykzki1uNeHJjuHspiMKK8fErzxApHeEx:18000000000000000000:OKDOT:OKMYTH
136onxxpVzu1uTJe3vLz7aFKFf3haZbmCtscgpZpLUYiJC93:18000000000000000000:OKDOT:OKMYTH
16LaqtxHQ6ggAaivsv12WtxGGFFDoVaDqhvkh3rekdr4jRCm:18000000000000000000:OKDOT:OKMYTH
1918SAGFkqSu3kLdG3b4APzh927y7Ym7anbK8Pf79aWhEi6:18000000000000000000:OKDOT:OKMYTH
15Y1TAwZyQThFEKhahYET6zeKJLcsxcPUPw2SR1FWwQzKSiY:18000000000000000000:OKDOT:OKMYTH
138mNEEkcFQFYVWFAm9kpKVFadq7gDf8Abs9159qZK6ijaTF:18000000000000000000:OKDOT:OKMYTH
12n4v53Kxwx8uSFzSyhe2eHAnv5ggXw4rgsHjATGRCje26rn:18000000000000000000:OKDOT:OKMYTH
17BF8LLs2TKTwwoybAy5T4YevS8yzxvwh7MnQyp9xRanSK4:18000000000000000000:OKDOT:OKMYTH
14ct8JL9r5bPJ4vGzoq5a2h3nsXegHeMMe59GT9jFmZ6Ujbe:18000000000000000000:OKDOT:OKMYTH
1393c587cmi75CCV2gyS7fmq2b8Z9JR4xYXn9pfk1xJP45Cu:18000000000000000000:OKDOT:OKMYTH
1638HAhPdnFBpyxAenQp5bG4DmrNskh2j9BJqnAo1tL31mSZ:18000000000000000000:OKDOT:OKMYTH
16ZxxprdqcX8yPijSW4tfGgnUWat454QWHh5u4gPJeCBbdW6:18000000000000000000:OKDOT:OKMYTH
12n3KHPpzYoVMmVthoKVdUS51oNCftWn6s4UbeMgVtpSduZa:18000000000000000000:OKDOT:OKMYTH
13BdJNyQ5caCBpyJRxXcnvYaTy3cUxARUCFM57vA24XiQ4Xt:18000000000000000000:OKDOT:OKMYTH
13GUnRjjdY6npF6pTi55UtiG4MCG5kJ7DkttQ17mK4LEvrdg:18000000000000000000:OKDOT:OKMYTH
16XZCEDgvPGZfmEvFrWgW1dL4JqdP35KRaCT5Ygy97tasF9m:18000000000000000000:OKDOT:OKMYTH
164kBS3em91tfmoScPXZ11wuJVCmwWo9vUB1VvSBpEMWn5vh:18000000000000000000:OKDOT:OKMYTH
13bQ8a1vpQj8Jwkd127jksFbr3jadPuPwLJaLyyHMXGYjzZD:18000000000000000000:OKDOT:OKMYTH
1467sseaKc1Fm7imYKsg2nJCsCAzyNgQ5WXpfe7UAxEZ2oPp:18000000000000000000:OKDOT:OKMYTH
16XS9B9G5mKHpqbigc2sT6qvezmFSPnpwnLbdD3bwiCrPMH4:18000000000000000000:OKDOT:OKMYTH
16dYcPu28KGc4Tx7xJvr3yRAPgn99grcLnwywEdcErbCT3z:18000000000000000000:OKDOT:OKMYTH
13dahstGc4KZZYrzMnjyQYQsotUSc11UW935yvupbM787oSr:18000000000000000000:OKDOT:OKMYTH
16576WtQkTL9AYFHddwfQMPESrxAw5epmVG8JQbjxCKjvpRE:18000000000000000000:OKDOT:OKMYTH
16X7dNNdKXpn8kygPvG5MoPsS7t6yCSttHSJQHioYPtcdMsE:18000000000000000000:OKDOT:OKMYTH
15GgdodeHF12opGgx4cEzaSPqimxwcenZdX8q2GL4xpv4FbJ:18000000000000000000:OKDOT:OKMYTH
13fw1zZP4dtsUZSLMaE2VinBRZPdGTRAeFJdfxtCG9ugz9qz:18000000000000000000:OKDOT:OKMYTH
14869oxCVy1pjjXiXb52Z8PRqD2Mfo6Vf9d9rUAybvWcvzNF:18000000000000000000:OKDOT:OKMYTH
16QFcqhG5GQKdxis6AsVpKJ85oCNRLkKTNtdWuThUeGQwHTr:18000000000000000000:OKDOT:OKMYTH
165bDsm4DRh53ty9y5vpqy5KY4pw6Pj5Fy9oqG472izt9oLs:18000000000000000000:OKDOT:OKMYTH
13fx6eiKvN5VTuNSn8REmQJYDEmVXhx5Q9dyhrAw2niru5hM:18000000000000000000:OKDOT:OKMYTH
14dRMCR4jxVaaLphteinUD1jzfe9u3MschAidjuJxpaGgZQM:18000000000000000000:OKDOT:OKMYTH
16kVt4x63vEvaoTjq9WfJrxGVyU3nhseTrJhZFnDKQzoPJ8z:18000000000000000000:OKDOT:OKMYTH
13dwpmhy6pSAbg6PTLNkgwjbZ9tMrqqYuJr2BPFXcWRYYV8W:18000000000000000000:OKDOT:OKMYTH
13GFuEcEBVGnftdeHPcbneDE4WGbMaj9wXqWknptoXoXtpoj:18000000000000000000:OKDOT:OKMYTH
167bT8z1hidjqHta36D84Gj1hXXREf6xkWNE158fNd6ZzJ1u:18000000000000000000:OKDOT:OKMYTH
16DrXeZ9yRE5chyBRJCUg93PjQ2Ty9naj5xWmaoSPAHKUvcD:18000000000000000000:OKDOT:OKMYTH
1buwZpK9VYxsxRwbAKZBGDNztU48EsJGcCcKsrbRaWFcbLc:18000000000000000000:OKDOT:OKMYTH
13KSvgapAMNNZHZNCJpY9yiqqjRBNpyJmQ6r6N4UhgJw8Ldq:18000000000000000000:OKDOT:OKMYTH
1bEFS9qV3GbP9PCuWeuxxuDmW2NKxnK2BHGxYrQregS2wQs:18000000000000000000:OKDOT:OKMYTH
16cirba5a2eBwCyXj3EFq5MF15eKffWEZSeQaREYCQU4f5od:18000000000000000000:OKDOT:OKMYTH
16ACRSMDfby4whVwwx2TMUZufG8bvg1GGwbqwVk9ceny9Nds:18000000000000000000:OKDOT:OKMYTH
13KU5WBFzvYwY1DyDkiAFZmCNajKARFyiEVJteNCvyYEbxpj:18000000000000000000:OKDOT:OKMYTH
14m8bHP9zGEi5mf787nwCdMgRz4sHTKqjHo9DcrnBrntiEqn:18000000000000000000:OKDOT:OKMYTH
16ci6Y58YSHWEWo6bPSoegC1Bxcuc6qnxZ4T9JJMx5iZ4kAX:18000000000000000000:OKDOT:OKMYTH
12WoLx65oR552QCBMjZ1uEkv1VSnxpmnLGraUAoVjvXdseh5:18000000000000000000:OKDOT:OKMYTH
13kykUB2VA3JDF4aC4gEDZH1riJ7XgyP5fPGGxYQZfo2Dbqy:18000000000000000000:OKDOT:OKMYTH
16ajbQMFcrSd7uhyUAiNbPV3SDUjdbnCVnAMPRKk4XjMounv:18000000000000000000:OKDOT:OKMYTH
16BAz2J9hvs3nW6v1MrEkWUvGUHvdWHqPfbUZwCYYA2wkbzE:18000000000000000000:OKDOT:OKMYTH
12rXzjcyuXwgi8Gmb6TUmXTgodVkQ88E1AFEp4DShfDcoKs3:18000000000000000000:OKDOT:OKMYTH
13mAas6TKnBYqNDhSKtt1hbPuvYC6VCHyjPbQSVeBNXrgcmR:18000000000000000000:OKDOT:OKMYTH
15vyX2eiJCDb5jSkzuFFUmDiAMPAKCVMDbkLnt1TvnyeUX4H:18000000000000000000:OKDOT:OKMYTH
16AYXY96WzZ5zYe87j451T295LWEJ3oDNDZ5GPxMNNjQS5df:18000000000000000000:OKDOT:OKMYTH
16cgNVgqCm27MPtLvkoCiKvcpVSuXFxKNTpFtacR1U1bYiPj:18000000000000000000:OKDOT:OKMYTH
13MWB8bFY5P3B6ssBXVH21g2GTS87qkyQLTidUeQgspBHXPH:18000000000000000000:OKDOT:OKMYTH
14oswcTR9fERPVwAYACPjbAWK6qriobqbB4vfb1uywkrYbTa:18000000000000000000:OKDOT:OKMYTH
16aS6UtU1q7d6SGqT6aNF4qgVMokGvPsNn1dc6czUBkBRuDW:18000000000000000000:OKDOT:OKMYTH
14gcCmjKc23JEfMWasxE6H8vVBCnwFYzBJH18rpBtnPWeCRR:18000000000000000000:OKDOT:OKMYTH
13N2psHzduFbPUDkfUQaR9LbDgZmNrYTKjkaMhJuDQ77EDeY:18000000000000000000:OKDOT:OKMYTH
16cthUUgpzGGQWeSKggHfu1nkNdUF2vntsx13TQAS76znV4E:18000000000000000000:OKDOT:OKMYTH
16aAygmmEc7Hs1vNzNfaBS5xCoukcoS8ZTqb6mTDKwakJKG8:18000000000000000000:OKDOT:OKMYTH
14Qi28fwJGXaqWNMDmChtWKXDQhU9rkuLuFbUhjgMueqeCye:18000000000000000000:OKDOT:OKMYTH
13ndAhdFc8qJVswxaa1BsaLcripC53hJNSBSd5DWP9gC19N:18000000000000000000:OKDOT:OKMYTH
12EBQGNJs4oHk7ZvgLedLi578fpzwRtg5AEK21bu9aunnoPx:18000000000000000000:OKDOT:OKMYTH
167pBJbrFt6DcGwL1DPdTmdJ6QYgJTquZrSa8Msrc5WxUR8Q:18000000000000000000:OKDOT:OKMYTH
16DbpKo5taQTQcX8VChn8vUsR7UvkPnpU1VdgMUp4gjrtRk3:18000000000000000000:OKDOT:OKMYTH
13oc2KdnLGVDRskpMmBBsoJuQpqKSaqhRvoTurFnHAARUp67:18000000000000000000:OKDOT:OKMYTH
15GcNkcLVVn9htE8FxHmd67AhBXuUWm5fqdfejoSELQ4v9HB:18000000000000000000:OKDOT:OKMYTH
165KyHSKNKmJR4Yhe8UymwjWThJK1HBKGUnaUSVuJd9kuAZf:18000000000000000000:OKDOT:OKMYTH
14BFYbjW2iMAz3f9pidGA1KoJW8aotykvhYKjtL1RkN14Kk4:18000000000000000000:OKDOT:OKMYTH
13pjTrWeeBAtdxDHSNferaNygpZYTJguSrRGvjyXNX8w8Urh:18000000000000000000:OKDOT:OKMYTH
16f5gUXHvMw15p4ZQ5SNFTLgwFx5RqE4rtchTpzysW5SXWou:18000000000000000000:OKDOT:OKMYTH
162XULa2o2iwpvbkZYgh15iiBXAAof98a5LgNU7nmJzMKj3T:18000000000000000000:OKDOT:OKMYTH
16XTctpksY9pFwqJrmtJqq9DihxXdYhErYRgBiSjeSw4n242:18000000000000000000:OKDOT:OKMYTH
13QvtRA4sdQA5abDS6eg8nvnnLyYrkoMS8Boc4sdE3ptdpP4:18000000000000000000:OKDOT:OKMYTH
1y54L2m7EgB1WKD42TLH295ZvtaAuqEZHerc977UGe8pDXY:18000000000000000000:OKDOT:OKMYTH
15zjenanA31mom28kaCAdTyYMJuSM8iGfgoHrDmz7bdMuozr:18000000000000000000:OKDOT:OKMYTH
16fmBq6pnkmtb53sQTerrTdHFzrxkdnuQhnPmwQkphYFtvG6:18000000000000000000:OKDOT:OKMYTH
13rqQNt6ksPbrA1FcWWFqSpgJZameZNp598UsbHGWc3n7Vzh:18000000000000000000:OKDOT:OKMYTH
1248iHDgVJisbDNCysyhV9gRrKCMT3CKpvX1qhNZjcFq8dBt:18000000000000000000:OKDOT:OKMYTH
15z1QEMzMRR65VV8NsVeqMZZnzqpP5J8ugd9gMxRSzxook1J:18000000000000000000:OKDOT:OKMYTH
1xwq21kvm1PwjCr3zLruavDFZF6gErmiqTj8ikb9pwSdcjV:18000000000000000000:OKDOT:OKMYTH
13sVgp9mbX8ZqhFigJbtu3hbP8kduYRVTgZNrWihewS9ENAP:18000000000000000000:OKDOT:OKMYTH
16G6WkB9hqAygXVs3cevwEcu7aYdgwZAZggx7r6q9M9rohvJ:18000000000000000000:OKDOT:OKMYTH
15yqfED5XMzWRjn1YTumYp84ZMjkFrCFCH1vxzbXKZoKfgdV:18000000000000000000:OKDOT:OKMYTH
126aZGRJ38vjearieRLCrb5JiefivhwWu4rx3dHfkBUm18kK:18000000000000000000:OKDOT:OKMYTH
13uJGBRG8frqXYt75qdFRnDF5fCT9XMPtJeYnNcpQhYbEhVz:18000000000000000000:OKDOT:OKMYTH
1NWqcpyQUfp9rCcJf6Xs4KQhKaiKFk8j3fZqCPhxswnB9Kt:18000000000000000000:OKDOT:OKMYTH
15XzBQfjFwx7tsAUryKvsgXYqP4k8z6pDKMUKBtCznrok9pm:18000000000000000000:OKDOT:OKMYTH
16J28VREPKtaPgNZadkXGCZBo9odwXKpZptkU1nQpdziDNRt:18000000000000000000:OKDOT:OKMYTH
13uPzVSiPKLzAvrw1L6ubKTdjMTNASaESkSCyNWPeUTRWPNR:18000000000000000000:OKDOT:OKMYTH
126bNKXQmMboXHJrx4BTFNiF8Zf8Kznvcf5ER8NzhbRGwviE:18000000000000000000:OKDOT:OKMYTH
15XKYXvfCvCtnEPWVynU5vh8NEP2Ta28ck4aSdSR3eTteRhv:18000000000000000000:OKDOT:OKMYTH
1rwEA7VAAGuJxgLBYa6PybSxuqsq4nucGGC7RyGu6SNj3hL:18000000000000000000:OKDOT:OKMYTH
13uQAwEbuZinNx1XoDU8KSrsJrfuGLUHcCPHgfSWBf8E2sgA:18000000000000000000:OKDOT:OKMYTH
16JjqrUokZxpWqu9Q4ZsSXjNZvnDgYcGV5x8LnYGwixDxJoU:18000000000000000000:OKDOT:OKMYTH
15vw5XPNeL8o7AuRx5NB5Bs6HyTa9TtoQfovwpdeevPRqp2D:18000000000000000000:OKDOT:OKMYTH
12besGc2r7SBNKS8r1aKsgRi3gDD9Sn9y7AEBWiY8PefmpV5:18000000000000000000:OKDOT:OKMYTH
13WNdWtkNSyykXrZkBdUmyR2D744rbnDSmwmJiZYyUGJySQz:18000000000000000000:OKDOT:OKMYTH
1UJsMzEeEh8NMGr3tjZChaM9KNBzofgNr1SoUzSJuVXdsCF:18000000000000000000:OKDOT:OKMYTH
12GYz583A62LDVVgnwHi2QLX5iFxj4TQexfKL9s2CDzwxHVQ:18000000000000000000:OKDOT:OKMYTH
16JrRoGdjY7cUnWNQ1vE3d388jLELRkit6sX1x6G3jipUk3E:18000000000000000000:OKDOT:OKMYTH
13x5JRADMn3yHwFrsRcL6uwsmwm9ntG1fgAdCNmvxtn6RSRt:18000000000000000000:OKDOT:OKMYTH
12dnpXYLeMpkjSRbYrmaVWxxg6MSaEpFZFTGPPq4jo9HimKE:18000000000000000000:OKDOT:OKMYTH
13EmmYtFLq9sTQ9oPLVFv9hcqYGG7nrDMFoEhsTq3iS2udnZ:18000000000000000000:OKDOT:OKMYTH
1uzr9eF4dJvYEnkq3P2cTk3MNxEmunfK4cVuNj6ruGe1Dn2:18000000000000000000:OKDOT:OKMYTH
13xefptaBeBrVGr3dx56VdHVCbihqaLR6R4Z3LPnp29iHUxq:18000000000000000000:OKDOT:OKMYTH
16LVeGTc6oViRyqUSBmPHeh541BvuSDqYSVByuxiFi4q4GTC:18000000000000000000:OKDOT:OKMYTH
12roH7DrnY1yeFzBMfzeeRbEDCzvaaCxh2FLFfG45b4yh2DC:18000000000000000000:OKDOT:OKMYTH
12Drt4ZSgC8evRFgkiqb7RrsetccWSv718dctUHje3UJytk1:18000000000000000000:OKDOT:OKMYTH
13z7zd9La5xuWcFEZM8LpHg6JPiVmudu1EMJGvRLkBGMcJDC:18000000000000000000:OKDOT:OKMYTH
1vSDfuuXnCFL8tgQ1K2biPrNGwKNNYBFwjyA1X4NbpamsQE:18000000000000000000:OKDOT:OKMYTH
124Kc8nkAYkafebpMuNrrpgt6vR6bdAbkcV1LVYvbSGC1gCM:18000000000000000000:OKDOT:OKMYTH
16PShpQtcKeUKthAUeVMEhfoUjFDEJdvKqUX9TCXqSzjagHt:18000000000000000000:OKDOT:OKMYTH
141N6uK42eANefb85eLdtyXEd95szAeizupnDUEZjmziwuyo:18000000000000000000:OKDOT:OKMYTH
12E1h7EE8sggcNDaNeteeD5N5nnD1BYpXU3NasihagSEeiZ6:18000000000000000000:OKDOT:OKMYTH
15Jct5xAzFzqNE1oTH3vuy8wtGFJeZVSQAwm331yGocmVKJ8:18000000000000000000:OKDOT:OKMYTH
1Weg53vTotzApA9gNE69FK6Ub3pzqKqBPD5B1nxQ5iUvqrE:18000000000000000000:OKDOT:OKMYTH
1434jkVsSwUBqnbZWNpMvUrhdkpm82Zg8BYrk2tqovqxz6Vt:18000000000000000000:OKDOT:OKMYTH
16UVENwBCXjWYniMMxPXLiDGdNJesYdArmsHVbc1GHsQEu96:18000000000000000000:OKDOT:OKMYTH
12jK5oTkF9NPNkgLJDmN5mPuHtKw1tTr39VncXD3hJGhpLc1:18000000000000000000:OKDOT:OKMYTH
12E9Y6fWjyRGG9GmTE5vWAZXECWXSb5BgHiDNi9B7hSTBEkD:18000000000000000000:OKDOT:OKMYTH
143drdTLBudXe4CKaVYJvzgAKTkMAGKFQvs3NcdKaePpbnAV:18000000000000000000:OKDOT:OKMYTH
1xsTfYJa5NuBpUminbc5bCBuAbz3waFU97EGR5du22jntdc:18000000000000000000:OKDOT:OKMYTH
14GfCARTiA3XBnfoy9HT4vxronHQh9G2yVseazriJPva213r:18000000000000000000:OKDOT:OKMYTH
16X8AT3PfXV9NrGAeWb3jxVrSL9VsAe3fsGbrWRF3yVM3DVJ:18000000000000000000:OKDOT:OKMYTH
145rq6baREHRQBWzhcPFDj2GSL8mYC57YZZqdWeuU9N6HjsE:18000000000000000000:OKDOT:OKMYTH
12EDZXLN9WuqvwPcrUxcbgktA8pKXCX4FaU4oDuEFoEVTrEA:18000000000000000000:OKDOT:OKMYTH
15iTnvwihgKULg1kjW5p4CbtEYaUTfkKHBtiENBmEpcuGD3M:18000000000000000000:OKDOT:OKMYTH
1zuqxXC8VBiWojqmPYtRoqgkKJRNDWvVeTvKoBADK4KZMA1:18000000000000000000:OKDOT:OKMYTH
148Qd5oJYdmtdESvdbRjt3iZ9y27XPoDehfNP7AsNLidDS6t:18000000000000000000:OKDOT:OKMYTH
17EASnf8b8Xx1NYUu7pmFoBsptWXTAh61wzmeFBuFzZeeyE:18000000000000000000:OKDOT:OKMYTH
13doZNP6PKYyKMMMg32sTRFWkEYEMGVsN7jHR9w6brVG49uM:18000000000000000000:OKDOT:OKMYTH
12gkq2nNwKXwV8UsCX32zJ8mxhk1sEuM45xULvDiQ1aszwgM:18000000000000000000:OKDOT:OKMYTH
148rYNwqXRUcF2op8dqetFDB5b7CLQiG7TpSwzXG4aUuf48s:18000000000000000000:OKDOT:OKMYTH
12b56NFWn626hYV9Q76GSD29DJ45Eb1yEN72BnYEDmEDneSD:18000000000000000000:OKDOT:OKMYTH
15MLds2AkRNFPi3dw9suzTads53tSVGCHi67KWsLW9HFMb7q:18000000000000000000:OKDOT:OKMYTH
19JxbewsQTn36xteKDE46wfJdGvRk83BiPXQ1YdnGb1A8pW:18000000000000000000:OKDOT:OKMYTH
148vW2pydch4D19Gy6K3P8qzvP9ojCMm4xgGWZPhMFC4tZ8X:18000000000000000000:OKDOT:OKMYTH
12GUxNqjqMAm3M5QEXSFGVzGxffSAQp3m7AuCJb7xa3y4p1j:18000000000000000000:OKDOT:OKMYTH
15V5ofiHr8CbzwdjP3FBJa7kiWCgXM3e2ZxBZymxzBbKFrp4:18000000000000000000:OKDOT:OKMYTH
12BVDCPZc474mZPbzdZg7Xy6fjcDS69Ve9XbzX2d1Ffc4M43:18000000000000000000:OKDOT:OKMYTH
14aRtqBNtvtVDxyV3sSZKmSgAph7E986raE3yctUPkM7m9LN:18000000000000000000:OKDOT:OKMYTH
1bb2H37mcruKcNSvmrNwkeTeAyMRDHsXsg1yL7KiWuwTjBp:18000000000000000000:OKDOT:OKMYTH
12s8rzDMTMc1ert4uZbYi2ugSeksUhU8wnpEScKiJ17DaxQx:18000000000000000000:OKDOT:OKMYTH
12Gx2Smd5WQ7vV94YohcZabBUahr6Vb9u3JGGc3PNt1kCLuj:18000000000000000000:OKDOT:OKMYTH
14bLUKNGPbZDYb61hmzUZNqm75nNktghxBMSVpGwAdM5fXqH:18000000000000000000:OKDOT:OKMYTH
12BYWWZUSbjfiDurqNoaW4VwNXtQnkpXzvA15fdET9QEkmK4:18000000000000000000:OKDOT:OKMYTH
1ZgSNyw3b1jhP5EYtWU87Qzo5QMEXNixrA1Jd1scAqBQQmY:18000000000000000000:OKDOT:OKMYTH
1BiJbNbKTBhd3WoxdnYKMNXYWuhV8hkiZjoAhf9DxV3fRhF:18000000000000000000:OKDOT:OKMYTH
14d3SoprE7wKjNGjRFY4YCpjaAKzHHJMUyVpjM1n3kyHKzKM:18000000000000000000:OKDOT:OKMYTH
12Gy7ATq5G5Mx5Ly9n4HapGnQLsrAyStnLo6NJ8WQCj9HtZC:18000000000000000000:OKDOT:OKMYTH
1zurthyjYPT5qNh8GgzW27c97L8aEL26vXKkHGsm8S3mWWN:18000000000000000000:OKDOT:OKMYTH
12gDwuNJ4NGpvcE3LHc6aM4Mqk74tcP3dQ4DaCWt8SxR8L5k:18000000000000000000:OKDOT:OKMYTH
14dBJZydHjBVGM8Z61TEJ3jngG2mm388EgQB8SEEK9FqU3vt:18000000000000000000:OKDOT:OKMYTH
1bkFoTzdUqkz2CkPoG4ByidF6hiYqx8LcrbPeLE66nHg4pa:18000000000000000000:OKDOT:OKMYTH
11Rf3CPfq1jqfRF7pc6B7yN9UNEFmBnsdYwHrVDsdL6gHMz:18000000000000000000:OKDOT:OKMYTH
12H57J3vcfaDTjXx2WLr78z6Z2Yb7ntoVRSMenF5xXtKusQB:18000000000000000000:OKDOT:OKMYTH
14DCXQERmh8QF6GxmxATAwkxfMDLCBYMDKwVPSrnhGPRYZ7n:18000000000000000000:OKDOT:OKMYTH
12H84JZTZj5nx9VViAkmjSCZYcRAk1LYHrm6hVdwu1AEtJBH:18000000000000000000:OKDOT:OKMYTH
11ti16isRGMtXGX6U2Q7ExCytUmNAumigEGpayp3uXsSkNy:18000000000000000000:OKDOT:OKMYTH
1btYFWccBbkiqprKRX4QzqjBDZpqZzEh2iz7rNJUdQpX1kx:18000000000000000000:OKDOT:OKMYTH
14dibDoPZCmEyLUVQ7KpyS4rgyh8Yrxgy8ZW7F9Vwon7GW29:18000000000000000000:OKDOT:OKMYTH
12H5KHNr786iXdcXDPKsVH7TbLVCQKDBPghZeQcJTVQVBzLQ:18000000000000000000:OKDOT:OKMYTH
124YZAYFUXqQRKeKFEtWRwZ9TfTTdjigGZTRBHHDCxj6apfV:18000000000000000000:OKDOT:OKMYTH
12K9hQ7MVWYr2oCY3iiKHpUmBD1nR4V8sqbi2aD7k9dHJegK:18000000000000000000:OKDOT:OKMYTH
14G4KLdw76Rm1ax6ggavPwedeYUpDehjt4inmBHSnYnV24Bc:18000000000000000000:OKDOT:OKMYTH
1Cb5dthfmfoxqHpQ33MNwA5MkpMhTdiYio4EDTjVvUXTdV5:18000000000000000000:OKDOT:OKMYTH
126JPG8BZoBFtEDy6sT1kaCh6FdRTEUFgoCk68T19GGvLGjR:18000000000000000000:OKDOT:OKMYTH
12K7pJSLcxxCxgVw6Qkr5948LY2MQamBVfdJocYbH8PYwXHc:18000000000000000000:OKDOT:OKMYTH
14g6nmjqUqXJw4b2VNmShmbviRnemmfdKpdD7Upz9ns8Y63g:18000000000000000000:OKDOT:OKMYTH
12KFmEoEYwMUYVvPjMwRLoFKWpg5mmf3QEHYjktGpYDcMw6e:18000000000000000000:OKDOT:OKMYTH
126XJwMq6meLYMs6V8ndX8e8KBoTGwWdn2XN99peF9Tk3TsA:18000000000000000000:OKDOT:OKMYTH
1CKyHraZVuV6FHaXiaQBN96msBsX2AATdZCro24wgJnfnPD:18000000000000000000:OKDOT:OKMYTH
14H5isBk9EJ8oTnjAVHMsJDpTVEn8TYfzRdYVYTyHkKcnokL:18000000000000000000:OKDOT:OKMYTH
12MtjumMLo6gNLu8MsxeZKhYoKM2f9UVppFHS3wysrZeJwVM:18000000000000000000:OKDOT:OKMYTH
128mruEnzA6ZHdP5Kb77C7Jopsu5K435QtjE5ZJi7WcoVMjt:18000000000000000000:OKDOT:OKMYTH
12mnzPAbxzJjoXwE2kejiqJFQiyYMFEoAPjq79TFdCiuUXm7:18000000000000000000:OKDOT:OKMYTH
14JXTHvxBmxx5ipCs2Td9ZnZdEdimRbBSXNrCiVLhkFXh1Vd:18000000000000000000:OKDOT:OKMYTH
1eAAtYXEoUwNq67eFJk3YgJRph1XT3jyMDyfsX72FyoQoHf:18000000000000000000:OKDOT:OKMYTH
128w9YSdWwXW8jAnKypVnXoTrTGmSDrQZZSHwWth126sXbqi:18000000000000000000:OKDOT:OKMYTH
12n9mcNHBwPwHpDrnjwDaqvdR3shey9izmxnqscQ39Xuq66f:18000000000000000000:OKDOT:OKMYTH
14M4cNW4PaTotDzxMpPM2Su8gKZEMbcL9Gqxts5FnRw5TgXz:18000000000000000000:OKDOT:OKMYTH
12n8pop4ZmViitow1dV94thG3ADLe4sabW8HQ2DxbGwtUo6s:18000000000000000000:OKDOT:OKMYTH
129gjXuHdxnzWGFv3WA4Vktk7dtPUQBf3gsjdJGAfGzGJPep:18000000000000000000:OKDOT:OKMYTH
1EBfmGmo3UAGcfkXuQbDy8YL2KKyTYQXNC999adcehKvTCw:18000000000000000000:OKDOT:OKMYTH
14MmoP3R9vRjMcwfBfxMLgx8uYz97LceW5E5PYb6xbzToGzJ:18000000000000000000:OKDOT:OKMYTH
12NNpuEddpGH9Uj6RZ2sCvSizZDgaHcdVEw8snVVWVBP6Lfe:18000000000000000000:OKDOT:OKMYTH
12b7ePzh5ibhXhqGwaHqF419KBdg6yC1otiVhpKxr52RT3JD:18000000000000000000:OKDOT:OKMYTH
12pXqGCd6fyYZwkFjPyrD7TrmZxqqNfuUTqKdJw9u7yYBNbb:18000000000000000000:OKDOT:OKMYTH
14owNwZ75odJvXJ4qbxTrJfbJvwLcyMsn1v27zGyVimUGBkE:18000000000000000000:OKDOT:OKMYTH
1eFp6pJLVmUzyZAE64Vskpjf4bwRuASRP7VHK8TvS1A7VU4:18000000000000000000:OKDOT:OKMYTH
12bBx8iaFDdVS9XsPgGEY322PwAkTzkWmwRTpiEgpTYDyRuc:18000000000000000000:OKDOT:OKMYTH
12NtUHURUm6DBEpeefF4XTCC4qXfsQuwZMvaGAsFmSn5ypRe:18000000000000000000:OKDOT:OKMYTH
14pAxyunwGWG8i3bjDp9rp3gLHVt5iQQfNqWSVay45zhM6ZQ:18000000000000000000:OKDOT:OKMYTH
12q3SM57HpbWNFPb8UXcoSx9Pm9J3L6bFPgo5ttWY2V4dbHm:18000000000000000000:OKDOT:OKMYTH
12CGQhjs1VcB2a1KjbCAKVzcjExTYmuPTmiXid1x34FEZxdZ:18000000000000000000:OKDOT:OKMYTH
1eGcADBKbZXm9ZuTwKfa8VEZwha5u6a4TV5inRCFMY88ZxT:18000000000000000000:OKDOT:OKMYTH
14QaxTwr8Bjygfx8BWGZD3hBZ59s5k6LkvHzMT2zTsrstjmW:18000000000000000000:OKDOT:OKMYTH
12NW5ZDR7vBoRJdRr3s3nau8cBBCeRZmWLPqz45DSj2Eu6e4:18000000000000000000:OKDOT:OKMYTH
12gds98ARSgKVpocUnRngxuxYQWpRsw7ZBwux1r2jzzWPzk5:18000000000000000000:OKDOT:OKMYTH
12QKz79RKF3R6Y5x9EUa17qpfiVinxsdi49YfDjBeKP1XpWz:18000000000000000000:OKDOT:OKMYTH
14QK3dSozg8eS19h7hoa94i2iQSwuPG6M1NrZwYDzzKdHiJ1:18000000000000000000:OKDOT:OKMYTH
1ez9DuKkCXpQZkjvGRmSYaPahtuXVddkdDRdLdZCg89MqSh:18000000000000000000:OKDOT:OKMYTH
12gEL6NYjo4V4uG1tyZuqorPrXARr4N7U6AtLNPvc4ecMxsU:18000000000000000000:OKDOT:OKMYTH
12pPDo8tZGBNK4sQKuviKhJBtdYKKAePciBj3EpdpyyZX1Jc:18000000000000000000:OKDOT:OKMYTH
14rKwRsHsJLvxP47ccqzcGQoGGycmQjb7zw4bdHVefE7eyBP:18000000000000000000:OKDOT:OKMYTH
12RCYEyaPT1HPS7ruS5nfDURrdN31ikcA5yHixpYHMQQt4Ju:18000000000000000000:OKDOT:OKMYTH
12GsqWeBBUHGxkUFHi2Nf7rpLreuWAjb6aHNhSuuaH14mAuS:18000000000000000000:OKDOT:OKMYTH
1FAE98h1d4kADoaa7yW7fUxpQBjHTa6wCpJwFTJC1Zs5Cxk:18000000000000000000:OKDOT:OKMYTH
14rRGDEHHDNu39SCa2vpWKqMKnR5S6kff2FFK14qQcDwkCAS:18000000000000000000:OKDOT:OKMYTH
12rXRWvtmzzaoPkcaQ2rwTkfAEo28SLZdzMg5NgepHVoGgDW:18000000000000000000:OKDOT:OKMYTH
12HcqXYJcEw9D174bknahMVWzzP1EZF3DyrYEhNRTKZHcqAs:18000000000000000000:OKDOT:OKMYTH
12RKrdwMNfETyEHJVRPzUvMZAE7TXtjWtT6pBTcM33UTgu4k:18000000000000000000:OKDOT:OKMYTH
14SwKyCJkNm7Qkk3utRw2vu17zqN6nnwsqKHSw57qxAZ3zAB:18000000000000000000:OKDOT:OKMYTH
1HgvL8mty7CwGKCbvVvBcfCCaGjQrFjP4H8DB1PPnXky1rA:18000000000000000000:OKDOT:OKMYTH
12HMmDYSQm3GnwxhqN8Rit2oc47Us2MKmhMiaWU7SmNoJoFS:18000000000000000000:OKDOT:OKMYTH
12sa5y1kVNoQxSDQTGiPGY5vKkuZfFfzqYC5C5EgdSWDE2DP:18000000000000000000:OKDOT:OKMYTH
14thtdipWtNhDhd6YhK61X7AoFxpWgpPzXi1CwaQCQkvQjtt:18000000000000000000:OKDOT:OKMYTH
12sapXYFZZM88UkM3YtW4qDAvCfEZ3uNxY1cqBN1NJCpy6Jk:18000000000000000000:OKDOT:OKMYTH
12NDUfWdZar2rAiMxdBNQgWDE7aVZYPDAgTwmg2Rc6TKmmdX:18000000000000000000:OKDOT:OKMYTH
1jJbKhT8cTF1xhAtKwc4HtaHLxJQvCN7X4Ga4knGuSewApv:18000000000000000000:OKDOT:OKMYTH
14u2x6AQiSNCrHeo9KvLJ2PUZC3WFv9Yk68zfBxsaZdCpRK7:18000000000000000000:OKDOT:OKMYTH
12sm48VopWz7vcnWFSdQLDKGZC2VqVyRjVH8AL8mSHFP9orU:18000000000000000000:OKDOT:OKMYTH
12NVog1ifBRYiibSBpdi331cwdTdLYhr7VefdvdbGzJn4XNx:18000000000000000000:OKDOT:OKMYTH
12Sw81nHmAxiYZ1erYtBAqXiqjkrp3zvj11P63SYvZEq6Wxh:18000000000000000000:OKDOT:OKMYTH
14uBgXvYVDvdY3cVfpbvfY81CXRVbSALUKY8gWpGSvVgFzwF:18000000000000000000:OKDOT:OKMYTH
13NCLd3foNpsv1huPDzvvfyKh37NEEkGFotZnP52CTR98YFJ:236000000000000000000:OKDOT:OKMYTH
