133BG7npVhSzi3Xj3vmCopSMeaeVRF36CyYWnJVFkm9Up9gm:18000000000000000000:OKDOT:CHECKMYTH
15rphga8Nv142odeBh23vRiYgz8Sa2K94gKQmw2GtRLsyJAP:18000000000000000000:OKDOT:CHECKMYTH
14MJd3pwKqhT5GCScebv76uX5Y8erH8jTJqd42eBuhszc6eF:18000000000000000000:OKDOT:CHECKMYTH
14VMmWjc9UeVqpZFqiw6wWMdd5fqs6g6M52WZ6frubWak58:18000000000000000000:OKDOT:CHECKMYTH
133vhUu8tbn1HqNTHNS8UfFT2aptriefC8AaRT18Xh8RWWP3:18000000000000000000:OKDOT:CHECKMYTH
13BcrpJ8yVtLy5UxEc9Eh7yn5PQyVnZeb7v2iauMsadZ2Jc5:18000000000000000000:OKDOT:CHECKMYTH
14Kd6UUKUMZPfgt8fnCoPGPW2RVKVGGnnK5D5hK81F5sX3Fy:18000000000000000000:OKDOT:CHECKMYTH
15rVofArEKYYki9ENkPdvuojqmk7ydt61aXTh38Ci8KujuVq:18000000000000000000:OKDOT:CHECKMYTH
135ostXi5G6CFahK3XxncBjSN1ErjSf5wVP1PZ2KE8mTawkg:18000000000000000000:OKDOT:CHECKMYTH
14VuJ5owEJ3uh5Txc7mGFc2kMVQKNaqpnWdMxkwdKbgYX4Kb:18000000000000000000:OKDOT:CHECKMYTH
14ih6WNKjDydBZdMvkuNTXt28NDopSTSQJjni6kdoMgzuLr1:18000000000000000000:OKDOT:CHECKMYTH
13bg4S1TtG6immm6sHt3MNd5agzJ69iGwbFCb2UTAjg4ycAz:18000000000000000000:OKDOT:CHECKMYTH
136XYcbcQ39Ry8hvf9VSbesig9X6d12fv7WTDhqpkDf82cM8:18000000000000000000:OKDOT:CHECKMYTH
15UeF51xbhkb9b52Lor8recDpmiKakizZYRtWA6hg6uq7VmD:18000000000000000000:OKDOT:CHECKMYTH
14i9DvG5fjfgcgwLmuPUYEoGF3NtShTDEDceC22t4udfAuni:18000000000000000000:OKDOT:CHECKMYTH
14wunynAH364o2PnibtrKRQWoiUBtLJrAw9BGb9oFMFogA1t:18000000000000000000:OKDOT:CHECKMYTH
1394UYbHrVhdkcrspmpDy5JTWMNDWjctHj3A7ENuq8bCEhm5:18000000000000000000:OKDOT:CHECKMYTH
13deDQYZh2mL8jqqNNM9icG97qmPwC99mtqSCDr2vCYrUHC:18000000000000000000:OKDOT:CHECKMYTH
14GwvgovH2rs22ehe7YxudvHn24rBv8Zd5SeMySCuEoHxXtN:18000000000000000000:OKDOT:CHECKMYTH
15uNHdSihrhgzEho5VDMd5Z4TQDyLbtpFRjGKuoquNaSnvS9:18000000000000000000:OKDOT:CHECKMYTH
13B57WcBC2f1kL9dBKfHjx82fkcYcrQDr8y4dM43WcPTdSXW:18000000000000000000:OKDOT:CHECKMYTH
152yz8NvD3gYc9kFXXCiq4cGUBTVQi3NPJn7kaBg7RrkqvQV:18000000000000000000:OKDOT:CHECKMYTH
14GsqPCctuXY4pbrjY9XH1woujUHZAwuURjhkv3XSYCtTLQW:18000000000000000000:OKDOT:CHECKMYTH
13EDEDR2MHcm8odMzcvVgLfQTtYHeqm6cfuRSAy3spMFsAkB:18000000000000000000:OKDOT:CHECKMYTH
13eEV75cYESn8YuGy6QHe7Fpdr4xsipxqv5q8MV9ecUXcgEr:18000000000000000000:OKDOT:CHECKMYTH
15UpDyMBgVPXitXxEHMfP8D58A1vgNDkphwsX2f3FQXjU2DH:18000000000000000000:OKDOT:CHECKMYTH
14gfFqwDN6Qu5GmkhoNNZJw6qEX91FnhWKpxJTFSpD5FvYaR:18000000000000000000:OKDOT:CHECKMYTH
15556wSmzdJeMBEmXdNfWRuza5CQpgpaDs37tuWdEuDWxmDB:18000000000000000000:OKDOT:CHECKMYTH
13EM2cPZ8kxAZv35jcPMNSWVnzTQJnT7Foieab8QpHnnn9hj:18000000000000000000:OKDOT:CHECKMYTH
13eKcGgzDtNnJ6ZR2ffv2wsy5eQBU9kHFfFyW4QHPro3QhoU:18000000000000000000:OKDOT:CHECKMYTH
14eScxbjJ9zg65hkKW9HUfVStir22hZ3L4CLRhV5KmEhWHt:18000000000000000000:OKDOT:CHECKMYTH
15w3tDdy24JrPYnZPodJRePWtHWd5JkATCSRKRZar8vgpDyL:18000000000000000000:OKDOT:CHECKMYTH
13g8NkqNivVE3UXrmnTErdzZsZNxQ7iQnQL8izhc8eLfk7TR:18000000000000000000:OKDOT:CHECKMYTH
155VKUkVYfnCZY74TJQm8AWryVM8hR8qe6w9ky498TVHeUtA:18000000000000000000:OKDOT:CHECKMYTH
14EDwmJs6J3Yjc8Z9bZvnvwCVa2LUJ2zjN4FLCdB2T5RhwMk:18000000000000000000:OKDOT:CHECKMYTH
13eNGkSmCBwyEGD3YHueKXW6MsD15j8nCv3egz6BaNAMYE4L:18000000000000000000:OKDOT:CHECKMYTH
13givrgyUkaAxjPwGh3oC8Gjcmqc1kzXhtVpxZNDmtfK1VA7:18000000000000000000:OKDOT:CHECKMYTH
15wPXT3YER713o2zHM5mcD9pwxgFFrgHNS75U6Apemg3BvpM:18000000000000000000:OKDOT:CHECKMYTH
14BGQpyTyVQm3PV94SyFc9oP6vH9UWRoQHfe1F3HKNQjDLAB:18000000000000000000:OKDOT:CHECKMYTH
1585B7jtNkvLgXnYWHgq459kt8HaPBymvJA6CrCV783dga98:18000000000000000000:OKDOT:CHECKMYTH
13iPMkJYp7jUWifG3GCHmed9XPLtGeGR6mpSTSYRso5o6gY2:18000000000000000000:OKDOT:CHECKMYTH
13GnyTrq5K9nmj8NcGUHPjqnCZryxeEkQdFLqGR69BnHiHTj:18000000000000000000:OKDOT:CHECKMYTH
14aCeJPwYMEdKTqhVVFxS5Mn3gJvrE8tpSNuKsYjG5dYwxNS:18000000000000000000:OKDOT:CHECKMYTH
15XjbfK9EUEBxMQGWd2ZdBLKTBSDdKdAWCFbHWhZe7Daqc8i:18000000000000000000:OKDOT:CHECKMYTH
13jAkqqEgucTT6YWMC7UDiDv2VA3yYmZL6KY2zx2Uf7krJt:18000000000000000000:OKDOT:CHECKMYTH
158d3PSh8vXtDuot9VJyJ2hjnE8nXFBVvcyh9n4PeBL5LE7F:18000000000000000000:OKDOT:CHECKMYTH
14Ac7eqwmgDDS8UH2fvLakuhtDbM54f55YvkbtJXSFnBN39x:18000000000000000000:OKDOT:CHECKMYTH
13GZxu925DzzaFHautzYQUp82jwU6WrP3fzVEGrffn4Z4yV1:18000000000000000000:OKDOT:CHECKMYTH
13JvjqevvmnfNuKV3Ez3tdYxCJwGi5kgK9qc9syyW8pPaqg4:18000000000000000000:OKDOT:CHECKMYTH
15XRB6Jo7qRdXukQEq9gYo2TGhvYMwVqQsM3GyG4zFNMCN4M:18000000000000000000:OKDOT:CHECKMYTH
14aC5XhjzRFZT7RQsnX7QBu79E4uRFsjwGUvhFiHFbHDmtfh:18000000000000000000:OKDOT:CHECKMYTH
15a89VoVSWxdcfFaQEfmddLcjfgG18HL4QB4QjhsSgWgssg4:18000000000000000000:OKDOT:CHECKMYTH
13MSjR4XGQYbUwkCc6TWsXMtLbhraoiNE9Pztb5ci9iGtdsi:18000000000000000000:OKDOT:CHECKMYTH
13KSKv2w7mGZhWUUZwv9sFTES4kqKdKd5yyekBqK1zjjQSJw:18000000000000000000:OKDOT:CHECKMYTH
148JCHArM1NuekubRZtvCfmi192VhjVWDFjTxEm3DqM2NDGo:18000000000000000000:OKDOT:CHECKMYTH
15ygMTgVfZ6saFfydwQQZGDGJ5qVgRtPn3pPVGnt6gfS9Tie:18000000000000000000:OKDOT:CHECKMYTH
13n9ErzaU32dkSURBffqjzSZuNUnYPFzD4xGcxtZ6wMkDeuP:18000000000000000000:OKDOT:CHECKMYTH
15aoWJMq22ejZSpYywsM95kpbf4Q1VY8HxYciENiN1DAUar8:18000000000000000000:OKDOT:CHECKMYTH
146cYXLyvtB3SuQN6tqAojTesVKaS1JkfFpMUcndiJgMJpu2:18000000000000000000:OKDOT:CHECKMYTH
13KVXXoviGT5SdtBkoLgKvWyTQPJFqoeg2wHtjvirhJA1sFy:18000000000000000000:OKDOT:CHECKMYTH
13ow4yHiKfqLCVCaC5Un2EeNWBcPN9LdGZmYTTvCDnru7gys:18000000000000000000:OKDOT:CHECKMYTH
15YLkmsMaHcZJt7qvjBWaWZ9xSPhRSZRupLMgbPv26HNXjTv:18000000000000000000:OKDOT:CHECKMYTH
146c1KryGi9DA3DeVoKb5EaE4h68B5MskqVttFyYLziTrZan:18000000000000000000:OKDOT:CHECKMYTH
15AuJYYXsFkDJEhRbWM5boD43yc6hpjxJz3CVyuAgcJ22ZA8:18000000000000000000:OKDOT:CHECKMYTH
13pHHC9D2fZFnzU2jf16dPx2K5XdKeFAuMESnes5dKL2GERr:18000000000000000000:OKDOT:CHECKMYTH
13kzXoVuyunyt3Cz5iP8vG4RbGXCHYWfK9tCiQzycwxNS4ST:18000000000000000000:OKDOT:CHECKMYTH
144AiZ4VF7m7VipZwjqopHSyqjBWC8ohGTCr6pLhr74tsK2:18000000000000000000:OKDOT:CHECKMYTH
15zgN5KpgN9k4nVMfeE8JfHGKskocNA91CHhbea3P6xom3RL:18000000000000000000:OKDOT:CHECKMYTH
13pinFozdzLzp7AGfotfE7SveMNDVzFjqkNpkp2vb9mPBBZP:18000000000000000000:OKDOT:CHECKMYTH
15cdnDLUjpgSUqgmHDmfPKxMWhNVi5zNsvYVE9S63Vozdprv:18000000000000000000:OKDOT:CHECKMYTH
13R2Ei4fNY8gcGd6d64KTNMyDgih9gF7trmRyGSPUy6ozpqz:18000000000000000000:OKDOT:CHECKMYTH
13mBfs7vN5GPgVpwkLZ3dregiMhdscHDRHQJnh3Wg31MBWTG:18000000000000000000:OKDOT:CHECKMYTH
13R8jpNkFaiYwWnTLrEGfN2JRNc8JBPwhHBJ5HT71XhbdofD:18000000000000000000:OKDOT:CHECKMYTH
15zJQ33d5kL8hWrUC62d8pgZhkJjYU6C6Y9u7nm3rjoMhdoy:18000000000000000000:OKDOT:CHECKMYTH
13TJDpwSUr9xoT4KRLv6QhFaGpR1Do9WvqwcKZ4yzJfJ1Xbu:18000000000000000000:OKDOT:CHECKMYTH
15cYzteSvkQUsL35s9Fgbmxpjds7ySD9AV7HY9C7KLRjmUuB:18000000000000000000:OKDOT:CHECKMYTH
13Tk3xeuSH9CpWFMKgTrYu9cGogP7WQGgW9PX9q7XtrLhHXm:18000000000000000000:OKDOT:CHECKMYTH
13muGXKReYtskfyGEcSgPwVhVQZcQzY3KJsRnZ4fdTkULbJt:18000000000000000000:OKDOT:CHECKMYTH
13TT5HKJcDRzvVdzWN981M23k9hYPdwVXVmb65oQFyZLM7W1:18000000000000000000:OKDOT:CHECKMYTH
163NcGy2hfTUHrTCr4sCm8hnxE7LRPyqVmBpc8WTaCZEk7op:18000000000000000000:OKDOT:CHECKMYTH
13TWPTgvjBxHbJKxqn6ei8Wqc8LMvMaDtKHjghprAvza1oLX:18000000000000000000:OKDOT:CHECKMYTH
15DFW6FCkRpHRb5PAm5hoxZANWD6JFa6Vzu8GqsfbNsN8TFG:18000000000000000000:OKDOT:CHECKMYTH
13u3k2hdQC1RrEtPzWhYCG4CgcwdpN7XPawmS4opajfFUaJT:18000000000000000000:OKDOT:CHECKMYTH
13MZJXRrYHzvRPNy7be9znrta7qzWuSiTgEE88EJ4T3U9Guy:18000000000000000000:OKDOT:CHECKMYTH
13Yft8pR3LDwQ9GzAvCZrJNFSpe1da8tytzy7ZsHCsXWNvhx:18000000000000000000:OKDOT:CHECKMYTH
164oYyn6pL7pwTPdbNjer5e6zPX2Hh8kj1QgKhiaEg5X6SYk:18000000000000000000:OKDOT:CHECKMYTH
13YsyxFzx4MKZvNRvMptUVTUorfy4FPdnq94EVMkcxpy3Eia:18000000000000000000:OKDOT:CHECKMYTH
15DNFAMJrjkn4djdMPWfhKeHuHsfZ6YGhZHoDmVb1MiSUvXQ:18000000000000000000:OKDOT:CHECKMYTH
142bbBFCmgdMvW2qj41Fj6YZKJwvzwThGpFyzeK9qx4zbyB:18000000000000000000:OKDOT:CHECKMYTH
13REkvw5QXhnqZtDQS4Fvrhnuufn14ocLocHqZzA7wvvfct8:18000000000000000000:OKDOT:CHECKMYTH
1441TJ91UPDbLvCDZ2rg3N8hf5u2YGXnSSDoPuGuBKmCuGsM:18000000000000000000:OKDOT:CHECKMYTH
1654fTMTKqEP6eYfNUka99ina4MmfS7aV5X9C7UVFBmweEZg:18000000000000000000:OKDOT:CHECKMYTH
145oj88PpQi6QXk3Sy2GdYKAvYCfQvr1gn7q9ERPX1wXpTcK:18000000000000000000:OKDOT:CHECKMYTH
15fUawx6dtDocKHfAnsS82w5ryWgxbErL8wECWXLX3L7bVPC:18000000000000000000:OKDOT:CHECKMYTH
145Yzwt5RHktfz7tNQTtKh4Jqr4vbeCUPTGJeMBFnSNYn6pJ:18000000000000000000:OKDOT:CHECKMYTH
13rQ9JKHQSFMH9LAoQhd3rzsmKpBXa7SYXHqhQoRNwTdyaH:18000000000000000000:OKDOT:CHECKMYTH
145ZAg8ZacRYEzsKbohChDAqmTh9PVRHRFatp6iqinRHJmKo:18000000000000000000:OKDOT:CHECKMYTH
16ai6fGFMMAeBYu5N5nW8L4yvS2HLjNGEySz9qWypYg2Q8yR:18000000000000000000:OKDOT:CHECKMYTH
14aisgHvt4ExiBGqfCmBwwGmW8mq6HEfHZB4YNek5LpdsNy3:18000000000000000000:OKDOT:CHECKMYTH
15i4ziCyW32B8ZoLc8oeTmRVi6EeT4Bo1akFaH5JZGwxJ4gJ:18000000000000000000:OKDOT:CHECKMYTH
14aN9Lj2kQDLpZjwBZ97rrh8u8mTy7fm6XDtEHp8Q5FncULs:18000000000000000000:OKDOT:CHECKMYTH
13TXr7ihfGxxxmNQMsqheJwMFyRBzU4wemKB4pobrdvfz6i4:18000000000000000000:OKDOT:CHECKMYTH
14Ba5whkHvk9UCEKiSHu74nMTBX77Zh6tFk7obdag85wzKaD:18000000000000000000:OKDOT:CHECKMYTH
16cfoPVb4M1u3gvR8p1z7uBu3n3F22LpVr9TAeL8hipjrYdr:18000000000000000000:OKDOT:CHECKMYTH
14bSQDqWoNjzhs62p5mU24f118w9qSoV2dfmfko9cGvkPyHy:18000000000000000000:OKDOT:CHECKMYTH
15mMsFvFYfF6ZvEHjvBf8arwtvHnxMFRUoAbF9LieDzhBzsk:18000000000000000000:OKDOT:CHECKMYTH
14Dbdf5kzZABDbVN8FH7UzUjCCEHuXmr5b9MfHQoRwkFSfon:18000000000000000000:OKDOT:CHECKMYTH
13u4SqmRN3VhWwSbQ1ghgLztVSsNTS5Zv85Cbt2SoKEx9pCn:18000000000000000000:OKDOT:CHECKMYTH
14DQp64gFkNo9KC4wQAf8QQzq9Uf37XkqKLyq61CVzr5n3ce:18000000000000000000:OKDOT:CHECKMYTH
16Cxv4GbBhWxaw76dUV4UnSUaMA5J2BsS68SLAg4253yq3Ej:18000000000000000000:OKDOT:CHECKMYTH
14fRmAkCgrPxePDZtZxjPA59wSf3WtyijH7vRPsPySUnS71q:18000000000000000000:OKDOT:CHECKMYTH
15PRiD1pVdbLhXZe2YsukgxV1LvDWw9accBvP28ffU6tQPVc:18000000000000000000:OKDOT:CHECKMYTH
14gBNHYPj6cHK46hB8T845afamcc33PgQgEVs7exhcgxHb39:18000000000000000000:OKDOT:CHECKMYTH
13WVQ6N6UxPH5XwyLbvD52ECj9KmTmwaLHEViJg2pWvmAw3K:18000000000000000000:OKDOT:CHECKMYTH
14ggKLsh5TuvvrGggqjPd47tasf67CPueyU2EpCy3uXEPCou:18000000000000000000:OKDOT:CHECKMYTH
16d876d8h9XrozLePhQAyLD2QG9a2yuubydJJ5qRR79aCPxu:18000000000000000000:OKDOT:CHECKMYTH
14GxEdvgfSDzjL8VSoTrg38o4iMeHCJKVMYUV7aHXvRbWcBa:18000000000000000000:OKDOT:CHECKMYTH
15QUaUFCUo3e2qoMgVi4oEAtTjAnizUecKLD8u8xFvehNFDk:18000000000000000000:OKDOT:CHECKMYTH
14j9zFJQRFiGtBBGdR5egq3GeFmJ764VwDtY6YXJzf1anyJ7:18000000000000000000:OKDOT:CHECKMYTH
13xirJQH1SgSd3uvzCGxJLQ2koe2xzvYwuX2ETN24F3bwfYt:18000000000000000000:OKDOT:CHECKMYTH
14Jw5tKk6JBBw3tFPEeVa6LtfYTuGs2aphdjKCQwCE617ZCn:18000000000000000000:OKDOT:CHECKMYTH
16eqTfXEwgBgXaXssRAVTLDyJGYmb9faLcKUuwUrLydHBs9h:18000000000000000000:OKDOT:CHECKMYTH
14okvvJFNDZsth3pGdocJfvJ37fRQ9NPFMsFotUtKEc2Sy1o:18000000000000000000:OKDOT:CHECKMYTH
15SPx3QntpdrfdY8DJtybWsaGg4yN4BwioUgMEdTXyvfVYy9:18000000000000000000:OKDOT:CHECKMYTH
14oM19ABHHr8MEk4UTYkn2RPCB68rA5RdBJLSfX54JaJ9sfL:18000000000000000000:OKDOT:CHECKMYTH
13XvmZPFmcVLifg7sLdv6dCjQtt6fKwvYH9U6gNfdnZT88rR:18000000000000000000:OKDOT:CHECKMYTH
14pGDTjJBku1XsdGqN9wfTHde3cwEQGZ6Eh5UWsTVnngRC4Z:18000000000000000000:OKDOT:CHECKMYTH
16f8DLX6PeASo9gerz8h8FdVQhRm8M8MJLAXDWksTxVGje3C:18000000000000000000:OKDOT:CHECKMYTH
14Q4NDBKGE81iFnczCfjbuLRf9P6EXxB4LEwZ7YFX3NFXgBJ:18000000000000000000:OKDOT:CHECKMYTH
15StNHEM7kYPavMqyjZDPFmfeQyPFgWXyyaEvgjeRSXvc2W9:18000000000000000000:OKDOT:CHECKMYTH
14QXhHbyhBpyKX6G75JhqnegYtwACyiXjBo6GNG8QdQXEKxm:18000000000000000000:OKDOT:CHECKMYTH
13zVtDRo3i7VYz3TVmQaQCTGtfec1jpDzpah6Ep9EWPgzsda:18000000000000000000:OKDOT:CHECKMYTH
14r2RkbD8z7eDo4aNMq7us1y7Ao4dwvYxhqnbLoE8uHikwZs:18000000000000000000:OKDOT:CHECKMYTH
16ffSpwD3doVqcNUbrNqkcbrtFDD1TrG2srMBSpYxUd7kdr2:18000000000000000000:OKDOT:CHECKMYTH
14sArMWimAjm7fCXWeq9JURzLqUxKADdy72jg3DY3cJr2w3G:18000000000000000000:OKDOT:CHECKMYTH
15u8eDST6DDuxX38NoxDHeXob3PLbHeh5MSRwBME3To6SJKS:18000000000000000000:OKDOT:CHECKMYTH
14tw5xGzZyYDWhBDgfYd6A7YKZSWVM7Jw5yFqXLqb8cz35N:18000000000000000000:OKDOT:CHECKMYTH
13zy9K1nEdaV9XANB7ZpPKgya1v2WjFLSfDgXBjQid4ogCSg:18000000000000000000:OKDOT:CHECKMYTH
14ViBKjfPHJhddTyLEppUwVwEfGuLL6Rfgro7HxSzsqpXy9s:18000000000000000000:OKDOT:CHECKMYTH
16FHaLvX4by2SosBVNd1S5rkJwbMJ9ocwA1phLnVra2tqtxU:18000000000000000000:OKDOT:CHECKMYTH
14wcixGdU5eM8Hr6vr9go66tUt9Y5wTPWZx8BWBuzvf9S9dJ:18000000000000000000:OKDOT:CHECKMYTH
15u9tFbkfRoq8r2FnZBQ5df4oasoPqVcuyHU6DU8mBK89UB6:18000000000000000000:OKDOT:CHECKMYTH
14XgDjgcepCvGdw9hYAnbgCym1ARJA4Mf59LfuPXXE95FtMr:18000000000000000000:OKDOT:CHECKMYTH
143G1z8v66ECsJCTiYKPFqGkvZgjPvW8MsT2bGN2cHGuYnMv:18000000000000000000:OKDOT:CHECKMYTH
14Y6ftjm14pR8U235dgq5YznpQJMR84TjjCyQGpyX3kdWVrx:18000000000000000000:OKDOT:CHECKMYTH
16fL5gaMzyQm3xxCRTt5NoSpiaBUWKYEUtNWpiAwPCKt1sk8:18000000000000000000:OKDOT:CHECKMYTH
14Yb2K74JcQFX785Mg4PX9Kr9fpNLE4ce9MMRNVW6QHY1yAf:18000000000000000000:OKDOT:CHECKMYTH
15VBsqkdaxqw8X8CE42jxptEdeAwDPj6sRgD2R6AtNPu1rAp:18000000000000000000:OKDOT:CHECKMYTH
155CGNhM5RAB45gtX537pCJfQWeFkFTqKpoRXz7Yok8UiS7P:18000000000000000000:OKDOT:CHECKMYTH
1464SjrRU5K55uVZfSQASzer7CRWBjnsBNn25aq8zGzJ91ea:18000000000000000000:OKDOT:CHECKMYTH
155JUtWiiUxykZzexPKfjse8fyThN1mMcHLCjEoXGofQhsvR:18000000000000000000:OKDOT:CHECKMYTH
16FXdr2u7BVkRFrmgExd2GWc1vhbPSwUXoUeJ8KPKE16LUHC:18000000000000000000:OKDOT:CHECKMYTH
1586FKK1Kr3k1vohZC6rfrz9y1mpLX9g5ZhqfUWabg88hLvM:18000000000000000000:OKDOT:CHECKMYTH
15Xa3GDDEhk5o1baT9gdeJsBnY8C5PNJcmUUCJTWUrqiFNjs:18000000000000000000:OKDOT:CHECKMYTH
15aY4KFzfUJjQJy1oc6RPdEA3ikgMFyRCYi4wqHvZyVhtdzA:18000000000000000000:OKDOT:CHECKMYTH
146LFkvZJRTBN7hCXMDtzYt2vrM2LCfQg1zsx1WWhukP26A7:18000000000000000000:OKDOT:CHECKMYTH
15B41EV33SRSKENZA7GxbzEFozU34xArZxfz827V7R2AWdDD:18000000000000000000:OKDOT:CHECKMYTH
16Hw8WUAnGG9mL61a2SWWYvD4H2ZPtE8ptYw9veirirLxvhf:18000000000000000000:OKDOT:CHECKMYTH
15DbzxbSm7TbCq931qTyASNYfEPmvV3pxeMB2f3jzBaw8Lh6:18000000000000000000:OKDOT:CHECKMYTH
15XYrc1bJj9zBJVrBXDnjctnq6Fyk7B5Ah27psrP15bmj3Sg:18000000000000000000:OKDOT:CHECKMYTH
15fUYy6WYEBRUw1abJYMp36xzFBBkKVjBw3k4geaWsBTU6fU:18000000000000000000:OKDOT:CHECKMYTH
148YyzKap2HuJ91LEPh1U4dVeCNQeeg3f2XkTkqgi8mVRhTT:18000000000000000000:OKDOT:CHECKMYTH
15irFT71RXkBsi8JoPaKgBGwRLDL36Z8a8AiLsyHpLp36Guu:18000000000000000000:OKDOT:CHECKMYTH
16ieRQcgLh3b9gVA2VftX8ZrmtNbSmUMxhTtPVV3Z5jQFVH3:18000000000000000000:OKDOT:CHECKMYTH
15j2Em1ACmfL2kicmbApn35pSdUpLgoPMPPKnkR7URU2hA6D:18000000000000000000:OKDOT:CHECKMYTH
15YMuHCjAB94dFhGBzpCzEM9Cg9jRqwLesLhH6gBieuX8MCn:18000000000000000000:OKDOT:CHECKMYTH
15K81dA2Lzbmxmy4Hvp9UrJMt8br2kWBi7PWGoKPtsVuhRBw:18000000000000000000:OKDOT:CHECKMYTH
14918go8tWcwyBCm6NWZQQsE5848TFoATYfD3CUpLSjsB9QX:18000000000000000000:OKDOT:CHECKMYTH
15MfrqEVS2X2RCmd4jmCy3T1bgS3PeCMiYTQeVVPcXHW2PV9:18000000000000000000:OKDOT:CHECKMYTH
16kpAfdvfsk4kwGi6s3F7yM2wfofUmLEG8xaaz2S2SjB4nqX:18000000000000000000:OKDOT:CHECKMYTH
15MnchGpkPCwWFnSJLaEgisyuxqr23btK5Z1CcBeF9CAmrYh:18000000000000000000:OKDOT:CHECKMYTH
162Tf9bfrvAvszTjdbmHzRYbU7JoDwdRuMrC5KrtgSNXCqHn:18000000000000000000:OKDOT:CHECKMYTH
15MpPPSow2b7F6JBfSsaoFPp5dkHncYbyYE56JCKwGbpLEdR:18000000000000000000:OKDOT:CHECKMYTH
14BHu5D8Tsz8AKP4UqGPZ5KzmC3oMnpV4qxEHMuEHd7YyLKx:18000000000000000000:OKDOT:CHECKMYTH
15oSjkEopijdXiQmgHi9CsapjXg5hZrX3dAWu8H6XEU2J7gz:18000000000000000000:OKDOT:CHECKMYTH
16LT7AKSyDbxtpDQqBv15URGkvwfWYdp1gU6AmVJafoyLbDk:18000000000000000000:OKDOT:CHECKMYTH
15qx6mr75rMAL3RobkqoFfW4xaX9m8BEtSmhypVL9hx9Tj6L:18000000000000000000:OKDOT:CHECKMYTH
162Zzrcjnk6Xya9pywFmaGuiLyg1z88u5rHKuoey5mnjF5eT:18000000000000000000:OKDOT:CHECKMYTH
15S6Yxh81t3ax7zV8HazGJq6vkjgVpo8Eq6z2nt4hNMP4t1y:18000000000000000000:OKDOT:CHECKMYTH
14bJBJ8y1bAAPvpJe2z8vTf3Fv7jySFVgF79E4KaBRrdD2aS:18000000000000000000:OKDOT:CHECKMYTH
15tLWTav8tP6sMHTEuq8jg1bR38twg35AGCK4KM6pSZGQY7h:18000000000000000000:OKDOT:CHECKMYTH
16LUzuLmSxQYNqRNB3HLvFCsUsvR48Be2mPgTLyApEaF3ubw:18000000000000000000:OKDOT:CHECKMYTH
15VqPkvFRDqki3mv1A5AXGN1xjXNC5NJ94rLCnSdi8gXvGfz:18000000000000000000:OKDOT:CHECKMYTH
164pasAWn7rN9s47q6Q1AR9Myv48VpoA6rxRUfa5RWFEyNf5:18000000000000000000:OKDOT:CHECKMYTH
15wFToqWBYN3Mr1beCy5nbRjp7bRtVUQWFcePRtaWVkChXmm:18000000000000000000:OKDOT:CHECKMYTH
14d8YVbiac6v9UNzZzZpJe4Vry3sQDpBMk7D14c3kBtFePtU:18000000000000000000:OKDOT:CHECKMYTH
15wj9oMFew9NyB4qAocT1tEETuTWmYSGjEyQpBoiUWXZWs7b:18000000000000000000:OKDOT:CHECKMYTH
16M6wiEJXHSzBBmwcoVSK8y4f7Z3cqSJfmTVShbeh12yhrMx:18000000000000000000:OKDOT:CHECKMYTH
15XefgQBoGYvmaQbkYkw5fPiGcH6X6iSCd1QLcW7cXSxEh91:18000000000000000000:OKDOT:CHECKMYTH
164tYkpJHxnY4h3N2WyzA1LdMSMsDp6GhfiUusp8eXiaS3c8:18000000000000000000:OKDOT:CHECKMYTH
15XSx8NcXoSgLLt2vuKWV6BY763XXctmLCwcCM1qtDycGm57:18000000000000000000:OKDOT:CHECKMYTH
14DGsdiKcCwWovE3JxnkAt8w3Tvj5BW6HS8nMVDvhbKrE6Xw:18000000000000000000:OKDOT:CHECKMYTH
15ythoUa3aQ7AFN6qQBYRx2EKKzxgPNGV5LSyL1nWzAk1D2x:18000000000000000000:OKDOT:CHECKMYTH
16MHZRpNtpD4DSxEtbuHgLQ2RembCmT1H1UfkFAzzzUEqrSg:18000000000000000000:OKDOT:CHECKMYTH
15yZqRViZm8kzQ2fkytyUXpQEebYMfFRXeNVTxsPYRes2mya:18000000000000000000:OKDOT:CHECKMYTH
165AAMLvq7Hq2kp4tMmTojtwMb8Bfm8gBodJNtYB8kPoPyEj:18000000000000000000:OKDOT:CHECKMYTH
15zKLWsSB1UTyNyFF9dyL7GwJosKcYbsU7kPAT643y429iZw:18000000000000000000:OKDOT:CHECKMYTH
16S2hrHaQGFMkdZkTcosDwqtQFaC4AM2rpHWaDuD8m9qfoFH:18000000000000000000:OKDOT:CHECKMYTH
15zUTtWaXJkzfPVpDfXXML2AkdWJzC1kEDJg44TjdPds2Yak:18000000000000000000:OKDOT:CHECKMYTH
16PTxiUB21y63mvZ1WbZcyxb22RtLHYwFW31NcWVkmpxN6Fz:18000000000000000000:OKDOT:CHECKMYTH
162XL78K6MR4G87Y7YnYFycUvusjJtWmRAA7q8HXbdcQ7KUg:18000000000000000000:OKDOT:CHECKMYTH
167kp8eWzeQBqrHtKhjS7uBzsQ4q9zX4T89mm9FY7GKyucmm:18000000000000000000:OKDOT:CHECKMYTH
162XtFJ1deiPRa8ck9E51TLiaBzG4yqT13yNWAjcDLAmN9t6:18000000000000000000:OKDOT:CHECKMYTH
11AqdS7Kk7GTsf8Gx7NgoKURrJuPSEagBgSbP2N3rpawz1o:18000000000000000000:OKDOT:CHECKMYTH
167MYb5nYm4Yf3gbsSUB5rnHXMyqsT5R4NgV6NDgU4rhbTLt:18000000000000000000:OKDOT:CHECKMYTH
16QH5NVCmv23sNRRMxTrkcD4WaLqfqao7RK9HJVa35XEvQeM:18000000000000000000:OKDOT:CHECKMYTH
1687it7HQ7E3sSz47FtSfxaBiW6ojQkrrbiKiXHww8oSxyLk:18000000000000000000:OKDOT:CHECKMYTH
167TTGsMr6izWrAqMGn1BcK3RfYN8HHkEq23N1rk5WAE1X4Y:18000000000000000000:OKDOT:CHECKMYTH
16AavdAFRrZjyPANkJ2y6KTYoCiLZzBnhCVWb9es1wVwktaZ:18000000000000000000:OKDOT:CHECKMYTH
11Ggm5ewA7gNV2Cx1P3ttgEKgWJutxmR7jdmfxSyuuZPeny:18000000000000000000:OKDOT:CHECKMYTH
16AchwuEmKyRjDh3BJ5FFfRzF1CZjvmgvR9PqgUCSQ7kjGAH:18000000000000000000:OKDOT:CHECKMYTH
16SqGstbXAeMh41uxyaKJMDb1mzn5dEi9kETaXWCYUBXrFTX:18000000000000000000:OKDOT:CHECKMYTH
16ahsAhU4tf764Yazmc1PTQieZ9GaLBGxiHLFsKbASB6SceA:18000000000000000000:OKDOT:CHECKMYTH
168HuDKWcoQFJQRRHc2ARLPBTkZ5S6zUE7PedeP6oohZ6foW:18000000000000000000:OKDOT:CHECKMYTH
16chReNM41g8HxGw6YDT2SbK9ce4E3gn5iN9MSVbdK4QZCuN:18000000000000000000:OKDOT:CHECKMYTH
11WYURS1gUy58NP4VKpurs1r6cT5ivsLLP1f7VP8drEhvYj:18000000000000000000:OKDOT:CHECKMYTH
16cjeqAfckJpS8eH5Qpt86VSdULq8BgC6tE6JNjGF1Bdh9Hp:18000000000000000000:OKDOT:CHECKMYTH
16X6HErhL8bKwaHTKFEaGwY6NEhUNkkwMZ3Gga8raPwksGZi:18000000000000000000:OKDOT:CHECKMYTH
16d2v7GhYHVB5R2ukvx15zZ5ESv7aprDc4sqiYNPXKQDC1i7:18000000000000000000:OKDOT:CHECKMYTH
16AEsQE4vLmMfJFHrKCzfVMLfAUr63BqAHwKgy2eRHMnH6VH:18000000000000000000:OKDOT:CHECKMYTH
16dBZbycPzcivA3aodYDLYJhPFCB153WPmneQrPTcZLAzHQM:18000000000000000000:OKDOT:CHECKMYTH
125yhUGGN8chXpJ91y8xwfMFJo1aD15qXaV5ErDMhjcDtYxk:18000000000000000000:OKDOT:CHECKMYTH
16DDfaKiVVPJumvN6u1hGGdddUVszUj7JSM6G3KuqVTDkGsw:18000000000000000000:OKDOT:CHECKMYTH
16Y4hs7zxQZyzrzcDWfZ4G8QMe48ZMXUjUcvzHfZbRDi3xWR:18000000000000000000:OKDOT:CHECKMYTH
16hweUCViwMXcQNQAENyYJuhmA4mU9eBCxSritR9Qotw7BJY:18000000000000000000:OKDOT:CHECKMYTH
16cxqHHnnMLesKV81PatdwnairN26hj89UCH3nSnqWKKtuv7:18000000000000000000:OKDOT:CHECKMYTH
16HwhWi94Nv4iNDoFeAqrW4RBGkH2fweYhuNacNT5ekSJW4K:18000000000000000000:OKDOT:CHECKMYTH
126C4yPon2Y4JyScNd6gWTWbkLjZDEMSWgXxnqo7mfuCqWPf:18000000000000000000:OKDOT:CHECKMYTH
16iacq6d2ivwgcg1h2Lob8NeJu6bTCfZUh1X7KBoLDs9RJBZ:18000000000000000000:OKDOT:CHECKMYTH
17SsJm6zC9DWbGxpJXmoUXK6tK3pbQt8DETeQ6gWmU1TQXY:18000000000000000000:OKDOT:CHECKMYTH
16LwfBC5hV7TRsC85Ek3xgfQe7qVPRFsD4N9nruEFBFiJDud:18000000000000000000:OKDOT:CHECKMYTH
16eynfJtWL86gtrRA87FXjBXBVrHnUX5MgnN7wSVzV7mq7LP:18000000000000000000:OKDOT:CHECKMYTH
16MMnkhT2KnZegGLE8Na3AzeB2SDqRwN5VuXy4SRZNNSTkR1:18000000000000000000:OKDOT:CHECKMYTH
1275Se7pxBUPAqLgife9bb8Z6Fo5NDJpr24xnwd6My8DYumq:18000000000000000000:OKDOT:CHECKMYTH
16MMTE2thu8HuzCEz1vPLG1b59y6mnWxNqjDy6ac4DJ6DvV4:18000000000000000000:OKDOT:CHECKMYTH
199Kna4gcocxZu1Ki9bkgh38WgbJXNYzztEwyq4DS7tbVBJ:18000000000000000000:OKDOT:CHECKMYTH
16SrcvvWZW4B71oU4XbAkVmyDFi4L7e6VvdQ9iivnv564Sr7:18000000000000000000:OKDOT:CHECKMYTH
16hSC9V2VJ3kRLrrfY9zPWwAGiCn7GjTavgenJhqzcRwzpKi:18000000000000000000:OKDOT:CHECKMYTH
16Sv43mnQ5tZsMQkb4UMURjJ18TqPh3QSdWrDKEJwEjPgBt2:18000000000000000000:OKDOT:CHECKMYTH
129CqdNxVoiBUxpMzRiYyANzfJ9daY6hBzuVpewWcq4jXor6:18000000000000000000:OKDOT:CHECKMYTH
16XNxhruHGQ3AkbjGqzvPYSnSaYnJPyfS97EYDJktS3u5Lqd:18000000000000000000:OKDOT:CHECKMYTH
19aM1BgAWSJfJRBqxXTHTCmtkibHjQ6Uq6A1rxPfMoWrLEJ:18000000000000000000:OKDOT:CHECKMYTH
16XqD9YRbpE4KGfZJ2D2hbdnNYvL8sLK8t7b6Mh8F9G4fPEZ:18000000000000000000:OKDOT:CHECKMYTH
16iQsa51sGS7vXN5KKVd5XJQJAqpaUwRmEThY3DPqZyiNrFh:18000000000000000000:OKDOT:CHECKMYTH
16Ztj33epyTb6h7purW2bZGePUSh8DZgnJdM28TjJqgDmrB5:18000000000000000000:OKDOT:CHECKMYTH
129Meb9fri83bjewYV2Z3s6zWbBxtDQbgAEoCRV8hixyBMz2:18000000000000000000:OKDOT:CHECKMYTH
17V33iWUPTcDw7cN4YUosmFaKDzmFfqEHL7GZHxcQneTzR8:18000000000000000000:OKDOT:CHECKMYTH
19jpxxNjvcGUNcndm2DAAHEw3sQRh6xUz45ctQU2AwMrswT:18000000000000000000:OKDOT:CHECKMYTH
1C48Thmq3gezBRNihuTu3P8s1EJhEvERpDukWQ1XTuYgiTe:18000000000000000000:OKDOT:CHECKMYTH
16k4QYw9CSU4nCe3K5a4635vVexc4aww41ebHkwNn4s4P4yP:18000000000000000000:OKDOT:CHECKMYTH
1dsoinZxkETM89v31VKpaBjcsYUBJzGgsbWEjJbjiE35Pik:18000000000000000000:OKDOT:CHECKMYTH
12azXwH4jtmryzU6iKLoFW1tdx5etdmC2ZpWEAjdxs7qMgfS:18000000000000000000:OKDOT:CHECKMYTH
1e5SEiYW2ozGAVtg5LeDNbLKTthZ9ct9uvqCkJQwXmghKFa:18000000000000000000:OKDOT:CHECKMYTH
1A2v6jRtgQssg3CodPaSh9ybM5Z5vhM6w8SVMyshN9CcjhE:18000000000000000000:OKDOT:CHECKMYTH
1eyD1co7VT2FiPBnXkjHy6iWjuUBvbukrrtoNSbWhpa1FwD:18000000000000000000:OKDOT:CHECKMYTH
16kcPDVpQzQeHpMQFo1kYTN1rWshNMYs6QBDNEEMGc1bZX59:18000000000000000000:OKDOT:CHECKMYTH
1ezFt5yM7QryaQv6vsjDwbfMSmdCZf49WncYY4Y4dhhjNNU:18000000000000000000:OKDOT:CHECKMYTH
12bwb1Lf3GRbtN3AERaEcfM7CMN7vGtVAeYzN9nWBRRQ6S5b:18000000000000000000:OKDOT:CHECKMYTH
1HPbUxSXehiwAYdMqJuFpVga9bnKKcMAeQK515tGsjELYiY:18000000000000000000:OKDOT:CHECKMYTH
1c39hneBKEv3kwgecFGhMeaXLTqtYvrtmdcLo5pjkmYKqHv:18000000000000000000:OKDOT:CHECKMYTH
1Hq6hAHmoK7sBPKMd8iDeSo3NsQsCrzMY2V8GSRoJJACSBe:18000000000000000000:OKDOT:CHECKMYTH
16kEmH8SuZdELHi1cALkk4uQEB1jWMC8AA6ynbHufZge54kt:18000000000000000000:OKDOT:CHECKMYTH
1HwPX6bhA5y67f8YxHtHjV6ohg5bDNWotBo582Y7TXdVwkw:18000000000000000000:OKDOT:CHECKMYTH
12CNX2AbEX7ToH6edtHneymYT414aUkad5XMAhRUhd4VLdzZ:18000000000000000000:OKDOT:CHECKMYTH
1KUtHKFF53vqtRSdSzwHGHjfkbRTCQK3VAwkVD7MRUALK5U:18000000000000000000:OKDOT:CHECKMYTH
1CNAYxMJ8KChG1fBjwV8nx4EZ7FnKstogq4pCyGDBv1U441:18000000000000000000:OKDOT:CHECKMYTH
1mzZjqnVyis7mU6JkcDyZz8odpaNWpFpCTYd7z4dRzdEZot:18000000000000000000:OKDOT:CHECKMYTH
16kfkv45smze8JnjihsXNFHEyS6Gpxnzbbc7FHaAVVnLcMfc:18000000000000000000:OKDOT:CHECKMYTH
1N7uq37jSFwFNucH7PAVFaEJsNYZheiQSPkbYUtVV9LmA4F:18000000000000000000:OKDOT:CHECKMYTH
12E9Qe7NovhtiZvMK6u8YCFvVoZdZYGLiRiJoBAwA98kPfLd:18000000000000000000:OKDOT:CHECKMYTH
1Nt2sbDqQpe8o8wXbD3Nf5CBRVfLvHKHLHSkHLMvaGaWXPo:18000000000000000000:OKDOT:CHECKMYTH
1e7pt39PUMVVqMmir9PH2Mo6cvawRFFngL9zdnU39ZdJQ5v:18000000000000000000:OKDOT:CHECKMYTH
1pJo9RstqkmSfSADUGEQCqhLGV7N2wF1g9dRxgVYiRGStgY:18000000000000000000:OKDOT:CHECKMYTH
16kFzaQ5AKhzvMXQWHQRgPRno3eLsae9nQbf4gLLhhjpgo45:18000000000000000000:OKDOT:CHECKMYTH
1s9m1iYHkwGWsLigLYgZp1UJrZ83aKEUgb6dN6CNecma6sa:18000000000000000000:OKDOT:CHECKMYTH
12EagbabHap7ttzG3BTADLXBrop9LXBd4freMP2qAA7FTRGB:18000000000000000000:OKDOT:CHECKMYTH
1sQu3RAKBPZz6YkTVXS1X6heEG5n7cHNMTPcbfvbW79GJoj:18000000000000000000:OKDOT:CHECKMYTH
1EAY9Do9VSbFPpECTNWNCnWuCYokaorEYendVeFHUcLzWhE:18000000000000000000:OKDOT:CHECKMYTH
1W9z4nyAcQ5jd7rjPnstX1FhzMwBYNUJ5EUQY8zBzgZ5xK6:18000000000000000000:OKDOT:CHECKMYTH
16MQrA6bfQp2veVHEZahEBeLpUyCBQiMEWVPpUPpQ5DJFZWh:18000000000000000000:OKDOT:CHECKMYTH
1xeToPrQQi943QQnv55drqwHWhkSyWTh75rLeoEnyF1GqFF:18000000000000000000:OKDOT:CHECKMYTH
12eQyrTFkaq5PbwqpKgj6dpcn7Uj5wYys24VKiZRGwTA3ZaK:18000000000000000000:OKDOT:CHECKMYTH
1121VQtoFvbA87aGseq2vnWM6Ug9H75ppj7F1yS15wZ4hqhh:18000000000000000000:OKDOT:CHECKMYTH
1EN5wd2r5YLUJVUHmNspMpAad8QjqFvdXS3pZkRSGrFDCHi:18000000000000000000:OKDOT:CHECKMYTH
11BG3AkKhKJyU4kJzofcaHeRXjpmWiqAXZBkgz2xvQvpPdE:18000000000000000000:OKDOT:CHECKMYTH
16QETg75azvmgcEcLNAusDuGeDHTA4XDzPzE3PMehKPnPbUa:18000000000000000000:OKDOT:CHECKMYTH
11HBwrvyz5qBZeoc5FpoWkSVXWdn5B23AJLApWw9nyLHiMq:18000000000000000000:OKDOT:CHECKMYTH
12gQ6GVd6QcM5Qi3MPTuimasqZc1gkJzuFLa8bHquxXjMj2U:18000000000000000000:OKDOT:CHECKMYTH
11MGm5H1EtTvrRRK3g6SU8NKggb7Vvtj3BRq2sh2RxRUQpK:18000000000000000000:OKDOT:CHECKMYTH
1EWCDKrAysjLCRFocF4AyFXVReeh686xwaxTaKvuedGrUPf:18000000000000000000:OKDOT:CHECKMYTH
126girQqBGfxByfM5qFyuU4busKaE89BMtbXMwzsmbQDDpqe:18000000000000000000:OKDOT:CHECKMYTH
16VaKpZYzEUuTTjyefojjxvJYBodmdjUKRirbnjQ6CanVpAx:18000000000000000000:OKDOT:CHECKMYTH
16MiPhoFMvKytXSy8yjPfLCi1hTwBpXVaHezneCcouZLqAGr:18000000000000000000:OKDOT:CHECKMYTH
12hBzZrUp1zMY5JQR1ZXAisnCK93UjCc2uz8d6ufGv24LFjb:18000000000000000000:OKDOT:CHECKMYTH
12TsZQNzQt84WxZe52yKNdEHANdeMd5SMZrEBYPtvK99yL3q:18000000000000000000:OKDOT:CHECKMYTH
1ghL5KDANDWvPzJqnEBZ4aJzEFdmzXWzhD1DuLGtRSuPGwF:18000000000000000000:OKDOT:CHECKMYTH
157m3AVBvjmKgByvF1hM7wMUcKkiMq3ofK839FHT3JP97ygM:18000000000000000000:OKDOT:CHECKMYTH
16VXEbkRYZE3KG9mPdGJcZaAZaMnZTy263TeTSWufPoJb1Hx:18000000000000000000:OKDOT:CHECKMYTH
15Jqio2xuNoonW26YjJeQi5AWVBqpFqpD6PECmq6LfryXbfU:18000000000000000000:OKDOT:CHECKMYTH
12HPGhrTaGk9YjDmt9nH88MjoonBA69BBFxsjU3hUcvbtYDU:18000000000000000000:OKDOT:CHECKMYTH
13Bj4CWiM1PTWKkqdoZuxAySsfGozv2aomRwukrRNY4tWjAv:18000000000000000000:OKDOT:CHECKMYTH
1h5XoyeAmjjQPda16FEyFesB1Mj6WAtx3huY3yc6gp67HbU:18000000000000000000:OKDOT:CHECKMYTH
1HA6nFK2taMPBZwABJW7awRVus7BxQVjwZZg6DNqAHwGGi6:18000000000000000000:OKDOT:CHECKMYTH
16XESiW2KPr2M4MNMfHuQ4skygC3ZqDkKNh6UQzLQS1tY43f:18000000000000000000:OKDOT:CHECKMYTH
145YS23EZByERAQcnZhCa3CoDvz5t61W68qSdMC8uieH7QMW:18000000000000000000:OKDOT:CHECKMYTH
12HZvjpFADDBeAkpN2uW7SMWTizLbApFSpRzWThxPPgoHXkn:18000000000000000000:OKDOT:CHECKMYTH
1CRPp8yT42eHrgmbksCF2jc6Luwjfzj5fhN3z8vKY6Pd2vP:18000000000000000000:OKDOT:CHECKMYTH
1HDctD4DppkNRBwEUq9apnPSfASTVE9oUsar4YMusUfo2CF:18000000000000000000:OKDOT:CHECKMYTH
1EbbppNda6JdvGXRY5x2Uecno9gnuXuZW3TVduJB4fNQk1t:18000000000000000000:OKDOT:CHECKMYTH
19mBQnHnCDYKMUHowyeF9bVsc4tocCWbgF5PBQU4jLR1ooE:18000000000000000000:OKDOT:CHECKMYTH
15w2iUAVUoxPvgjwgE1DCxZU8iW9d9pcF8c78HBjHALXfYM5:18000000000000000000:OKDOT:CHECKMYTH
12KgCmaLwvnKNHLERPfCikfLsoNevVBC8WtaBCKYGU12szhF:18000000000000000000:OKDOT:CHECKMYTH
12n4omG2bxrDnNsv4iaLjk131heD8Wr7HZMsG9LYCPgUVeUG:18000000000000000000:OKDOT:CHECKMYTH
1HpjE9JhxbAB2Z5u8Pvd9TQfhUqNndaQvFuBRiMdWAzWTWU:18000000000000000000:OKDOT:CHECKMYTH
14iLSPGSyyMke8cNXcdJZJVHSKJN3zTJwHg9fRqKjkradLhh:18000000000000000000:OKDOT:CHECKMYTH
1A1eNBuVYKoiRBqDSMhNxKYoNfT5PaCiojz1gdNdghD7t5B:18000000000000000000:OKDOT:CHECKMYTH
14Q8fM4k1KRg2AA5DwUztdfwap1ALJVHdee7YYYpBgW6nioP:18000000000000000000:OKDOT:CHECKMYTH
12Ku5wqVx7rUeYiEc1VbrbvNPkvGxwL4bz2EYJDetmKGcqJN:18000000000000000000:OKDOT:CHECKMYTH
1EmUroskgC7rrDJQ3hSKYkXBDjKTwF1iATSMwEgmYKusev3:18000000000000000000:OKDOT:CHECKMYTH
1J22M4NF94pJsL9qLo16WF2cNKMJGJa5p7fbmw6ryesZbm1:18000000000000000000:OKDOT:CHECKMYTH
1412doS8w3quiB2kbbD1sPTVk5DmD6HabDyqA73odw8fCWo4:18000000000000000000:OKDOT:CHECKMYTH
1A8zGYgifYpDNssp6k7KLKDx7Juk2Exwcq1bXNmqk3KxWBz:18000000000000000000:OKDOT:CHECKMYTH
16htromX9vfBrQYmURrnDFmFps3sWLnTYf1CmUw2zXM85EpX:18000000000000000000:OKDOT:CHECKMYTH
12mNB51X1qWiay3ByjReVdFnp1gWVc99JcRKPCzoC7mbqiaR:18000000000000000000:OKDOT:CHECKMYTH
15Gdp2Ur1diqDaUcPq2Udod4hwizYu3d9EEUkW99FYWtSUcY:18000000000000000000:OKDOT:CHECKMYTH
1jb7fhtSAJJqqByLYhgm4rbGyxBWk3ipGgqhWJfVzAvwEEP:18000000000000000000:OKDOT:CHECKMYTH
15Q7MC2Exq99NHB4n7HUD9HdSmUkwBhP934HyC3HQfmxWZx4:18000000000000000000:OKDOT:CHECKMYTH
1C94u8gMryMmuwUnxCkfrokPQhQ9m76j1Rm1QJd9sJe5iH6:18000000000000000000:OKDOT:CHECKMYTH
14MsGuDPgbZmeXf1KUdPtZJhkavgdRacm1sCgNQk8mZCEdj1:18000000000000000000:OKDOT:CHECKMYTH
12MppNdLxFZtfYqUmJRZAqh3uqNSQ3WKdNYEGdyKhRCfCbxG:18000000000000000000:OKDOT:CHECKMYTH
12BZSKcfTVp5P2XBpZqp1rYgX5DXTNC2CZvzcyjC2QNjwN8x:18000000000000000000:OKDOT:CHECKMYTH
1k9NWFAYgQDpruKrK38D3WzggWCUGhbNZzXfLWJhNyp2ahU:18000000000000000000:OKDOT:CHECKMYTH
162YEtN5H9beVnRowgjmvhUKmXWVrrHDta8jhjyFiin5NT5i:18000000000000000000:OKDOT:CHECKMYTH
1EMmyaTZctwUcRwatL1yuc8bSVNzgZKvgb2ryaDxPJZboeo:18000000000000000000:OKDOT:CHECKMYTH
15FoS8paXygvcKKULgStQGpBffv1ptWDMqDx4ALV8MbaKTD6:18000000000000000000:OKDOT:CHECKMYTH
12MtSgZgoz5hJPUJ7QKj7oY9HcsxSBqQCoCtJC8aNK3mBSVs:18000000000000000000:OKDOT:CHECKMYTH
15icMtWw4YN2CxB9pe3W81bANMNp1nNmuawLyGtRjqxpRJvY:18000000000000000000:OKDOT:CHECKMYTH
1KkYerGCNbhidG95sieYJcmJ31f612pWemzrGcJRZFHhu9C:18000000000000000000:OKDOT:CHECKMYTH
15JbyiS2LFj23yF9ZM2RsUsDFWTywR29M6j143WwmzXiSy9k:18000000000000000000:OKDOT:CHECKMYTH
1eP22psQ3g7gUANs3QTP7H4irZeDTfsLTigtJh6rj1Acn3r:18000000000000000000:OKDOT:CHECKMYTH
15JGeg9LnHw5E96KF6uFFz8mpgANyGtQCuiMT37EEjYpEfSy:18000000000000000000:OKDOT:CHECKMYTH
12N4cJf8cerBnvUUMKkvN4zFs99qAgzzbTr2CqafQtxvzu8k:18000000000000000000:OKDOT:CHECKMYTH
15oDU9xWnBCS7NW56Ws8Z86zRkeBCuyBX5fpw485JxX6iUQH:18000000000000000000:OKDOT:CHECKMYTH
1LTdwfPFJXZE7noSNGB6ANLLLw5k8hqBnVHTiRkiY5995TN:18000000000000000000:OKDOT:CHECKMYTH
15Q6KToHp3QeRqBzEfu64nmzJM682qE8oBahF94aPFFWVNG8:18000000000000000000:OKDOT:CHECKMYTH
1gNTSN8U3Y3ek3mtipLE61rqYBX1QUEkNFPFZCaKej6vwEE:18000000000000000000:OKDOT:CHECKMYTH
15qcZSboEmmSRkzKyyqw8rLCgMtYNXMyGefHKsUQPqwAZXkf:18000000000000000000:OKDOT:CHECKMYTH
12n4iw2oZ9iZhNgknDPqcmhvqxcF3stUnhDsLqRgH2xxgNZR:18000000000000000000:OKDOT:CHECKMYTH
15qdhtrMzYbHyhN176S8VCBNVasUD9pJjbvBW9jBqUH5z98u:18000000000000000000:OKDOT:CHECKMYTH
1nisHV61Ck7L3XbicEZi68JrykvqvTttsx5wQyBvRFkatGb:18000000000000000000:OKDOT:CHECKMYTH
15rTZtFSHVwMRhRmWgNPJw8TEXhjTNuSxsAd4TGRso6fEg4L:18000000000000000000:OKDOT:CHECKMYTH
1HGrW8MvmFZvNtaT49T6m42zapX1ZMRL1E53gaBuhxWt3bP:18000000000000000000:OKDOT:CHECKMYTH
15tTvDucEJMMa9NCnW2RkSpZvwv4cnnZejD2J1C1JQjRtEif:18000000000000000000:OKDOT:CHECKMYTH
12NUSDWRcKUTL2GfCL48FrW6ymfsAAvoThAE6LL8xjDax8Nc:18000000000000000000:OKDOT:CHECKMYTH
15Vc1Y3syQ38FPryNLEb2VugNHzjXzyed8vQHm9iuoPm48o2:18000000000000000000:OKDOT:CHECKMYTH
1NP52hpMJbriknuJLSNCyXwbEsNVbwG1HvM8PELbHeoRehB:18000000000000000000:OKDOT:CHECKMYTH
15wXNaPjeQdFcVJAsyKKactQMjBT1hjZiQiF1RVX2JY2VDMb:18000000000000000000:OKDOT:CHECKMYTH
1HnRWcN1LWry3aQr93WGV2kBWXbGyHMtiYUyWmJ8wd7viAT:18000000000000000000:OKDOT:CHECKMYTH
15yvTNoi32Dr9xKX21tbnHom1ARamQFpYm8mRth2rqQ1CrmZ:18000000000000000000:OKDOT:CHECKMYTH
12NyNkgiwKqBFXumM5xnfJsowHgifv3rXPLdCEqD6ZfCfXdS:18000000000000000000:OKDOT:CHECKMYTH
1627PASvYkuXCLT7Ja5iuZXLvX6GTYonVZHMh9BoVXaqWf8A:18000000000000000000:OKDOT:CHECKMYTH
1NXJ98eV4jR8LrQpPtruKLFpgYZ4e1MuFmmJapHExWwpaoN:18000000000000000000:OKDOT:CHECKMYTH
162oxXsD1FnkwW8dMaiie2u4vWa8HtRcqed28cJuTyFrYb4K:18000000000000000000:OKDOT:CHECKMYTH
1HVxNpw3vLGCVuUqDRovWYr8YoD7hraZMRZGLGJi4pcRYpS:18000000000000000000:OKDOT:CHECKMYTH
16ahS63qyLc293e8gVFjkLSnZLTgnTs2nsVKk3A1zA2reUs7:18000000000000000000:OKDOT:CHECKMYTH
12pHFCa1eFCQi583GE8N9mkj7mHRZMfFEmuM2VpF6hoLwjzX:18000000000000000000:OKDOT:CHECKMYTH
16B3WG7LgLukE2Q3e4U1qF6x1X6HBHAfCNYuQTpYb6ehQLRK:18000000000000000000:OKDOT:CHECKMYTH
1qX1YPcYeW92kKEd1ffjtjEFEvsmnwa16LHUvN4UsvZY5dm:18000000000000000000:OKDOT:CHECKMYTH
16CkUGx4mH9NMMqL9YjQEVUbZ45HqHTXpWEHEsecnF88bioG:18000000000000000000:OKDOT:CHECKMYTH
1iz3pL5afsdLXAjAuMG41gsGGUhLzSB23HXGuYPWiKxkeCN:18000000000000000000:OKDOT:CHECKMYTH
16DEygjAyrLpBs43Lg4XyJUabo6XQvwN33x4CprjcQTxnAM7:18000000000000000000:OKDOT:CHECKMYTH
12pUJz9HgjQvKjKNtKSLsmB5FpfcR34CJDnQzfbNjVufgs3G:18000000000000000000:OKDOT:CHECKMYTH
16e9X1zYoTm3cL5VWZhEeY5XauE19vDDC87qYV2ZapLC6qj:18000000000000000000:OKDOT:CHECKMYTH
1RJJ4DVAak9pv28j3DdTizhJbdNFv93aA9HD15mVFU3LW8m:18000000000000000000:OKDOT:CHECKMYTH
16Fkz3QZVK2SvLKffeXrxEc6RdgasQohd1hx4DQAZc5s4ihi:18000000000000000000:OKDOT:CHECKMYTH
1jpgN9n4M7CsxASXEMFJEbEwm2G5hkDdC8ocEa734LSNsb1:18000000000000000000:OKDOT:CHECKMYTH
16FVmnC3qQcwaG7CmYoVmPdbjviUayWCsWNXgtJmF6o3veQY:18000000000000000000:OKDOT:CHECKMYTH
12QcDZSCJtGeqc3Tu8EpGF7Re7Wt2B7LjQRjwWUuPN21rCQG:18000000000000000000:OKDOT:CHECKMYTH
16GA7mT5Mxr2duo894ZN888SzXeEwyaDZdysEhkiXUoVQP9e:18000000000000000000:OKDOT:CHECKMYTH
1rytZ2JR49hs2KtTdGfixC37xXQwSZyjoGFDQy47sZXGfWf:18000000000000000000:OKDOT:CHECKMYTH
16hbF5F6YjGr3ZcgeWtJyC3mwhQEpjyJWDfYviCqkGzEXPfH:18000000000000000000:OKDOT:CHECKMYTH
1LZ8ydM5ChV2BhS6yeTu9rjLNpub9APD2bXe18Yz1mWgucC:18000000000000000000:OKDOT:CHECKMYTH
16hx418wstVTnanLBt7SGWaxkogrzcE61HEnmgnfSRyvep5j:18000000000000000000:OKDOT:CHECKMYTH
13NCLd3foNpsv1huPDzvvfyKh37NEEkGFotZnP52CTR98YFJ:236000000000000000000:OKDOT:CHECKMYTH
