15vuxtu9dNXrXtGbCjciWezt39EENxrzhVeKxuS87tT2hvrn:18000000000000000000:OKDOT:OKMYTH
1vNDkTdcK6yVQPEyLLP2CHnBgi2TvkbRCPqs21pvXRtwWyB:18000000000000000000:OKDOT:OKMYTH
136mrMuhr5anzmvVY1fQjb4YkQDhYKo6xyu3sGW6QnDP3yaY:18000000000000000000:OKDOT:OKMYTH
1xnQ6UNjQL6axpgJ7A43nzfEUp4SQiq8oTfbe6puJLNbZEK:18000000000000000000:OKDOT:OKMYTH
15yh9p9AMwtXT1pCRjn1WYMSwbZMan4d4Jp6ercATJgDaSpL:18000000000000000000:OKDOT:OKMYTH
1YfVS16LPpMPkgtLDmr9BSWC4r2erEFn3uUqm7VoiHrUEp4:18000000000000000000:OKDOT:OKMYTH
138cjDBBPKdPvRQeyfgCdTuyXhCtPWKb6yC4noi5vGT5ThQ2:18000000000000000000:OKDOT:OKMYTH
1zvPfDU1yFE29DecYu8CpNUFjKGsWncFB3jCDQCebitTxRZ:18000000000000000000:OKDOT:OKMYTH
15z3ngSwNtga6GxnL82HcJ9GaQFBipdwcFipeEYC8zdUMx4N:18000000000000000000:OKDOT:OKMYTH
15uH5Sho5quDUkRkBLcsYjkE4Ve7ZW7nSojg6kYvAUB3usYk:18000000000000000000:OKDOT:OKMYTH
13B9fpe6siq3uUPpEb6qfPG3h3iJ9J3exAmhLdhq1ScR8RSV:18000000000000000000:OKDOT:OKMYTH
1NYtJv5721KMEVn8gojdCbXEjz8Fghqy2N4Ceik6vfbAu7r:18000000000000000000:OKDOT:OKMYTH
13g15SrDTdxokeeQc1GwT712nhLSe6qB5BiTgaMGm75zzqRq:18000000000000000000:OKDOT:OKMYTH
16JR5URaVvAP7RH5T5ZkW49V4me4zyjgZr6MN1ZzpTHonWE4:18000000000000000000:OKDOT:OKMYTH
13dDTtFAzGj35WbW8woiUa1LPMt7r9YEW1yLQiMUKbEex2eg:18000000000000000000:OKDOT:OKMYTH
13ByPWbZs5C6hDpQFscZVHYgQS8omEKHz6wFUhE2wthCzHjv:18000000000000000000:OKDOT:OKMYTH
162m3NhZog33SyrXc7kF5G5PPmH4U9oj6XAyhbC3okeYjRpK:18000000000000000000:OKDOT:OKMYTH
13rywt4XJrAEyUYkNbfAtMDcuJvC9bsHgSmhrgak5jWFJWat:18000000000000000000:OKDOT:OKMYTH
13Dk3URcB8cs4hVRu9LZWeTaTafh9nj4KMgggMcjxjY3BZcz:18000000000000000000:OKDOT:OKMYTH
15Jz6wvc41TY6HUqTcwZrgMKfEE926DDe6EkU1kEyC8yVu5q:18000000000000000000:OKDOT:OKMYTH
165dUGQsGm6MeCmUeeh5rxeaJZBmPhVV3W9dj2y3Yu7Tdww9:18000000000000000000:OKDOT:OKMYTH
15VXCoc2bpbVoA228nYJgXQo3zg3W7tfSk8Fknq4MRESo989:18000000000000000000:OKDOT:OKMYTH
13dL1vhHiV9eEDMT6nnFmKbst78vaK177UHMFaG54Fv35bmF:18000000000000000000:OKDOT:OKMYTH
15UmHnYBF1qQNA2DSxy4dNhpVQ263wSQX2X4rdWRk9j1Qccy:18000000000000000000:OKDOT:OKMYTH
165oGhAWQVCpGn6GirGVKquxFaNoCrDikZdokQGPa9qUG48m:18000000000000000000:OKDOT:OKMYTH
16cBCSVi7DhN44tgd4PGf4K9G8B5nbqAucVtWbtRTg7ttLFE:18000000000000000000:OKDOT:OKMYTH
13gdCiuRHwNp5ug2FcaXcViZPnRBmcCtbF9UD9G8jFT4WonD:18000000000000000000:OKDOT:OKMYTH
14Xfj2RFA7h7q5EBFHDTqEn5ow8LQDTjuCV7xqDt8KaSi12b:18000000000000000000:OKDOT:OKMYTH
16afzSUzPfmG1pCn4hLrFR89j39UFofWiJJsJMcYzK9dbsCo:18000000000000000000:OKDOT:OKMYTH
13fjBiTL2xrs3ad6LK3xBL9mMhp63bsHWdFyXZeJyXMVLgK9:18000000000000000000:OKDOT:OKMYTH
13gm4zFRmP2JzA2FoksE3LiL7Hd3g2ai2pnQGUwZw6it7peh:18000000000000000000:OKDOT:OKMYTH
15yoWs6vxPgwN6213RDZ56RT3FB2YyDirU1HFkQvTkANCoq3:18000000000000000000:OKDOT:OKMYTH
16AKxDr2KHE5DvRu89YrrgMAxXeHgEGfMMjwc4zMdThfq9ke:18000000000000000000:OKDOT:OKMYTH
14DCkDg3vB8jkzPcbvd7RBmjEURBipoczEqR2XQJkjR35NK9:18000000000000000000:OKDOT:OKMYTH
13GSboZEMhWC7znET9x3wWyRjLZkZifkHM1qqik7Fyg7b5Lj:18000000000000000000:OKDOT:OKMYTH
13mTuwh26kvGuEaAQRh3QqaLhN9oUpPTe5hn5fruho8rpWAB:18000000000000000000:OKDOT:OKMYTH
16Cb75MhMKYhyRVj1VowefsydJzgHnYroVFQq8cfZbowV2ho:18000000000000000000:OKDOT:OKMYTH
14KiWeNaEzDngkPqhdrevzz3a77gxaTuF5USkuij1mi3c658:18000000000000000000:OKDOT:OKMYTH
13ioP15eMKUv4wdyHVmNAbVHK2G8UnjvELkwWBR8gYqQ84Y3:18000000000000000000:OKDOT:OKMYTH
14YBwWcsWNWBBJE7bq54r7PVe4eBWqQJ2Hdsh3wPuSs86sQa:18000000000000000000:OKDOT:OKMYTH
16ChtcAoJACqtJXaFj861vCWrBqvDQ929z5UMtqiV7NBmX2X:18000000000000000000:OKDOT:OKMYTH
1Rsb8irti9Yna1aQmAFFAXvRbNkacRTguJNPVvgddK3PEfN:18000000000000000000:OKDOT:OKMYTH
13KxLwL7D5WigkmxdjFvkvRaRELMNJrhrQPFCcmQxB8cyqE8:18000000000000000000:OKDOT:OKMYTH
12vPCX8eRqrw3erfpD7BbgxsNZGn2byobs8siHd1ZK2iEQUE:18000000000000000000:OKDOT:OKMYTH
16cxBS7Zm9KyqEf3Fdfvd7ZRm77txtRVHffafYcvqWptbjaU:18000000000000000000:OKDOT:OKMYTH
13g9ztpEaEPYPWjgUCPxveVd2y4DFRAgyQNapVngdd4tNBwR:18000000000000000000:OKDOT:OKMYTH
13m1PwcCyF3vqSE6YYccAoihtLYZJkrHE65PWEF1hN8bhPCL:18000000000000000000:OKDOT:OKMYTH
14QeSPCXFRQuy9HJCDmYCGooSdP84mwXfznqa9GqYAceYTB6:18000000000000000000:OKDOT:OKMYTH
16d4yr3uCJMin7FGfvtbM3FubmmqZHbjA1rjPA5fff1LbrVw:18000000000000000000:OKDOT:OKMYTH
14oh1pG9HsqdmR6D4KmtzRxn1nTe5jgvBRjDwi8FY1ZuyTUV:18000000000000000000:OKDOT:OKMYTH
13m1TLeUnhdfht4BbhscCSbhcUFAuZ1uiquEzYrBLEQAC62X:18000000000000000000:OKDOT:OKMYTH
14QPJdC6mF4yu7W93w1kruAcDPcarUsHnG6ZNfnSmwKqyizp:18000000000000000000:OKDOT:OKMYTH
16DgtamDPwFyizoFYVCK5mXJRWMHWp6Gr75CQZNcKwKsHqpn:18000000000000000000:OKDOT:OKMYTH
14PaddpJ2GDU4vQ9YqmuiqhSmEE9LMg1JeeLjdw2TfUBQGb:18000000000000000000:OKDOT:OKMYTH
13mhhLnxpQBEPqvQXW5iswRr8Y4rQRnVedo8Bs58tjJmgTSJ:18000000000000000000:OKDOT:OKMYTH
14qxyktC5tSYVx3tW6EBGsiniQCV4c1WCSsTpVnwf9jVdG6z:18000000000000000000:OKDOT:OKMYTH
16DHyhFi9D8rgeL6axhYo6kDqSMofCaXp3m2cHfQGX6sDpP2:18000000000000000000:OKDOT:OKMYTH
14Ppvv3hi5XKBvU6Nn9wfa9qA1qsNBC9eBD27hyRzGj8pB1j:18000000000000000000:OKDOT:OKMYTH
13MUFV4Y9D1AuCEcr4EzQLLTuYU9GXgAeWskbTLh25D9xVe4:18000000000000000000:OKDOT:OKMYTH
14QxzYUDVwbprRNPbUxjcRDZxBshemcEsSi6eVmW7vqGuHRJ:18000000000000000000:OKDOT:OKMYTH
16dRsPWhEoQAuqb2KmfqW4b4EbfhF3ZLEX22BMj8WZ4ALZL2:18000000000000000000:OKDOT:OKMYTH
14QbaaGbpFUeEj1G2URK9gp2ZpvvX2brGLmP5u2HeAmF8u9c:18000000000000000000:OKDOT:OKMYTH
13pEiowE4aEpveUsuwkhrimiBcHoT3bwL5WkzzbMoyYXwcRN:18000000000000000000:OKDOT:OKMYTH
14Su7UCDsF9bpZnuECi24r8jW3BaxKur6bPmE8UFsXceCvYm:18000000000000000000:OKDOT:OKMYTH
16DT2zQMKQAvrwZvVLwsDaFAagCeXytjeJqJeuYSRNJqm53m:18000000000000000000:OKDOT:OKMYTH
14Qk57ytfUy3TDc5R3Qd6G4FW3VAAYYFp7dRsUAi3waLrrtG:18000000000000000000:OKDOT:OKMYTH
13rgpEbdQiCyvYWkcR1obEUmykK8Xx9pTVcMxLLJ9ntU1Krn:18000000000000000000:OKDOT:OKMYTH
14TFgtKFJfHKSirQaeTM884aXo3rxVzvKPQfaby63HfhjmGA:18000000000000000000:OKDOT:OKMYTH
16evBFg4fZTnNc8f6EW7AjDzu7JXkoTTFmViUAzNCzNTKAYn:18000000000000000000:OKDOT:OKMYTH
14sCsAJV7TwsiJwS8DCRQ7D4fenzJ3TUGREy2L1EcQEseEYw:18000000000000000000:OKDOT:OKMYTH
13rPLJdjfvxcUvt2CWcuMSHEVo13vivozxYEEppxsbBrXz1C:18000000000000000000:OKDOT:OKMYTH
14typc22mrMy1z9teQY95JsytZBAj4kfti9RDLLBAwteqhm8:18000000000000000000:OKDOT:OKMYTH
16FcX6ijwDk6x5iEEkKahLPeEmpK1TW2manC9vdiGwQSJzvA:18000000000000000000:OKDOT:OKMYTH
14TXjMwuNsyEF27Fbs5nGoC3movuvoEs5SHAwPX8yQ3uLEsY:18000000000000000000:OKDOT:OKMYTH
13u45HbNqhXcgjwHosfejgMiRvGNnhAG8Rucbph4qZ63phrJ:18000000000000000000:OKDOT:OKMYTH
14uaDLipUnea5J3dD8oRuPDke97mtBhKY1Ttfi4ZaU88xAQK:18000000000000000000:OKDOT:OKMYTH
16fdjQB5SMhonzdqK2nRbqwjfRyD5P9NMwc2n2Uuq7FKRW42:18000000000000000000:OKDOT:OKMYTH
14uDTMJA4EvohCTUncEJHa6vEqBrmtJUzxE9Hf2GWprxNJem:18000000000000000000:OKDOT:OKMYTH
13uHdntC6X4TUB9zAF6ZrDXU5VuDN7iu9RBqi16FmG78XECZ:18000000000000000000:OKDOT:OKMYTH
14VqyWwdWUMM9KKNG9ffVHZgUvXCzGKVA1MLUzKRzveBrBuo:18000000000000000000:OKDOT:OKMYTH
16FFHPehjg9SQ7BsXEfek7DjUYbeyPe1XcYwUYdq8jKm4ebK:18000000000000000000:OKDOT:OKMYTH
14V1DGTwrJKam2ZqqeMhcTV6pLGKRsuwFUWnsQEzjcDyN7g7:18000000000000000000:OKDOT:OKMYTH
13Vq3cKLQpADQBiDwDAv2iAiGFhSYBY81dhr4sBkJ8X5KJUv:18000000000000000000:OKDOT:OKMYTH
14W6j7iDee3x2XHkVVUocYfRMnC65gHjWc4aWPL958ms2hty:18000000000000000000:OKDOT:OKMYTH
16fWETwnNtGirBcHnQmUeXT4WZu9U5HDHm8ZefCtCHb6i575:18000000000000000000:OKDOT:OKMYTH
14Vf1D5sJL7QvUHtnmmjT7zwtMY3utsJ3qTTqrUXCvo3KLaY:18000000000000000000:OKDOT:OKMYTH
13wg6GWAi6ebcJHiTKYpgf18sKPEzp3NEjYo49QvUwYrNGZf:18000000000000000000:OKDOT:OKMYTH
14WDQnFEcRpHQKFQLhytYkpbdZBkbwkmjD2ZucsPMxqqmBHu:18000000000000000000:OKDOT:OKMYTH
16htSf5VqYp6ZukeVJDnAtNcXUj4sPfu9752Z5wCu87hnQnD:18000000000000000000:OKDOT:OKMYTH
14VN4Xz56vuX9YGfF8FPxqvksuV5i1H6b4Z9VzgMHMYPaK2:18000000000000000000:OKDOT:OKMYTH
13WR7bRdbFzGqQjjSgwssW3y35BrPSUkt7hMcvsVRJNFFRuD:18000000000000000000:OKDOT:OKMYTH
14XdHL5X6xjF9qbRKwWGp6jrAMyZ9CKtx4S3tcNhg38hjb2s:18000000000000000000:OKDOT:OKMYTH
16HuiM86KhWpAEKULrGp5kSUADbUmiYopcHPuKG24dy9awqA:18000000000000000000:OKDOT:OKMYTH
14wDBA4kY7SuzsFtjnBjizUnaLHPvNbNpiPGpWsBMwgrZsoK:18000000000000000000:OKDOT:OKMYTH
13Y5HGrAZGdRNXcNSnAkQxSgHnbFhVqBus5sYAbiq76oxdKA:18000000000000000000:OKDOT:OKMYTH
14ytnQaVuxVpV4RKMLtf9xoZerEW8VbC6n2hMjRU2tqdtL1k:18000000000000000000:OKDOT:OKMYTH
16iFHzAEXu9jYJ96EfXesmYsxYQvfoXTkUH1FjfNzwSXYRog:18000000000000000000:OKDOT:OKMYTH
14x3NqmopZy1KAbfVbdT3yMS65Xh4YztXhKnXpxMcHPxWuWZ:18000000000000000000:OKDOT:OKMYTH
13YdSXR9RYqfqLETQD4vMzdkVPKLh6kPU4aPPj8haEjFELay:18000000000000000000:OKDOT:OKMYTH
14YYoxszsrBCLjSaPLd9kW5Zn2vXvE8GW3pGYCZNz79Dcr5r:18000000000000000000:OKDOT:OKMYTH
16iTqLHmAzhNJzibYawRmCW8fqE4b4XJDDUB5Kgag1hYXqGD:18000000000000000000:OKDOT:OKMYTH
14Y7LedP15BjLt4U9xsrUtPyaXTaqNDmgHYu1bGgMNaJcVyv:18000000000000000000:OKDOT:OKMYTH
148neyoXKanNx6PL7uX6HJcnpJQkE9RWWY1wLKb616VuTFH9:18000000000000000000:OKDOT:OKMYTH
14zJDQSDxZ2wFc3QmEyL6KvYRkPCc27kTEF5b4r5noUFgKKy:18000000000000000000:OKDOT:OKMYTH
13ieHw88UgeJSuDz1saHijcMQT5BLQEa5aXrH8Jp8EuZwdLh:18000000000000000000:OKDOT:OKMYTH
14Yks6EateacQkMRQTJc49knUBnhmqEpUSXtS1TsPWWznjoC:18000000000000000000:OKDOT:OKMYTH
1499L48rSRMq39EVwVS8eKG5CGxBQfV3SmX3jQrBZ8PpF3Lm:18000000000000000000:OKDOT:OKMYTH
155gg2Vyig2VDqUucSYKwH647rb3ScB9iUtsWvC5VgWW9B8J:18000000000000000000:OKDOT:OKMYTH
16m8VvMVDzqw1Ls9LbmbUfuvqBn4gzNFthr7F5dr1oJKuAk3:18000000000000000000:OKDOT:OKMYTH
14zddRCJBu4fjG3RYo9gzLWCGTaLUVBEX1kMjXAbaTF6ieiu:18000000000000000000:OKDOT:OKMYTH
14as6cNghFNbk2HETeAKY192sNi7UrBhL3KJVTuy73HvCQs3:18000000000000000000:OKDOT:OKMYTH
156H82tj8qoudi9HafmF1HtmZK4dzSaYLLNRcjwamPHQ879d:18000000000000000000:OKDOT:OKMYTH
13jBVnhFST2K3uK6KMFjrd5SRsg6GshMtsvJ9wn9vHmpfDEG:18000000000000000000:OKDOT:OKMYTH
1552E4inFd1V5krg6DvsdqnRaZCQBaRiVjmdm7SYFqBfY3p7:18000000000000000000:OKDOT:OKMYTH
14AyST5nCPHG1PTcku9odrRV1rkwoKWZzfp4t5d5tQvWrW4K:18000000000000000000:OKDOT:OKMYTH
158dGDJmwpAdNr3xjvkhoPHSFfmXyAW1cLARbZp9XfK86Jg2:18000000000000000000:OKDOT:OKMYTH
16Q3sF8woAA993t19hL7T5o1jmr46qqYiNJy9X39z8zaAiBu:18000000000000000000:OKDOT:OKMYTH
157exhouz2nLSD62bZ9AWsB2zZw9kuc3sc9e88pfwe2q5QEf:18000000000000000000:OKDOT:OKMYTH
14B49tDZeoKnzCchN5dmBwMNJF41CWrQvwCaDGiQ7V36Z7SF:18000000000000000000:OKDOT:OKMYTH
158UEXQhDfDi8ZA2KeKnfd3MxQ7szh83UUCq2mYg1Ui2mmS4:18000000000000000000:OKDOT:OKMYTH
16SeqeXrJ28hdhdWfqpxW7KKhwCkmSe5we5yPmeiHKVMp6ie:18000000000000000000:OKDOT:OKMYTH
158C7HmGozBPQPovXqhzwdFgACGaETZR5hNdgCVN88za2WAW:18000000000000000000:OKDOT:OKMYTH
14dRks2LSbKd4vXm5so6tHR8fzz7uiD8VXhFzmxgJLLe7GTY:18000000000000000000:OKDOT:OKMYTH
15AYP7MmemLQcffL76sSm5AaJyUwN5VzenE52xQiJFAoXaH1:18000000000000000000:OKDOT:OKMYTH
16SHc1e5zCVqJsif8rXaE5NwW3ZgssgDAKwN6unDXk5wjfta:18000000000000000000:OKDOT:OKMYTH
158pe2QLQGsVjVkrWaJJgfUz6p7b3AC2T7VrgKmumkxcJaYF:18000000000000000000:OKDOT:OKMYTH
14fTnkGuVjChbmZifdRp51DXDyEKh87xwMAeoXHKUkynHYfV:18000000000000000000:OKDOT:OKMYTH
15dauF84vbbRxj1tUgFuf7kf4XCbPZJePhPHtC7q2ZDuTc2F:18000000000000000000:OKDOT:OKMYTH
16UxgGEKCFXcGVZyaDBa4iQr3UfZs4XrAX2wAYBJobLS4MpE:18000000000000000000:OKDOT:OKMYTH
158tLRJEY5eXU7EdwjzGYzPqE9MLrPdAawb69YJrhkbPafD6:18000000000000000000:OKDOT:OKMYTH
14fUMNP5vFXCjRXo5WGrEdfnrBCeSEFGDVLsjg4FQaQDyii:18000000000000000000:OKDOT:OKMYTH
15EAqX4jzUDBbe7S6NhKzB76nGygbnah1Y1iv5TJLHhoRwZP:18000000000000000000:OKDOT:OKMYTH
16VHiqU5GnGJV4pUYwagXZbrAQoCEMGNdKhbyLewBpRQg92Q:18000000000000000000:OKDOT:OKMYTH
15ckXPUbBKBXHP6Mqdgzdo2FvjFN3dfTtXdr5BB6P2HhZBh7:18000000000000000000:OKDOT:OKMYTH
14icPNCxA81onFn6TBpdJmNrX81K3zk2RnLrdMoBSLz5HbM3:18000000000000000000:OKDOT:OKMYTH
15fRButn6SYc8V417Gudc9uuVpwxbxgTLL81uLSdyerQkBok:18000000000000000000:OKDOT:OKMYTH
16WoiRv3waXBDudZFXqpzsdRVZeCKenDorkwgwr5MbMB87f:18000000000000000000:OKDOT:OKMYTH
15DzPZtEokeTrqRwNS1JEYEUKsF44oDjj4tnkPeXKg2fqfzG:18000000000000000000:OKDOT:OKMYTH
14iD1ZnsHjwkYR3VgnwN9ynFVp6efSAqktrbP4z5NcmhUUmo:18000000000000000000:OKDOT:OKMYTH
15fXmRDJcWVnjx58RimkU1uJMwRWbExUssvfp7tfD5hTDERT:18000000000000000000:OKDOT:OKMYTH
12HRMsDKHbojyNoDYdC4qyP27ZSE3wPf28A1zjbqJEi4vjvY:18000000000000000000:OKDOT:OKMYTH
15FfBPhS5hpewaLEDxWNAk9RrrAEr1Y1c4SqfZf31nosPySu:18000000000000000000:OKDOT:OKMYTH
14JyY74LpeXMfRL1Jt6HWVmFsbXCrg7hYGymEjV7kMqbNdFS:18000000000000000000:OKDOT:OKMYTH
15fztXXvrAPjpJdgZtaP8DsbfWzdNJQpjUYjAiueyGbRb6jg:18000000000000000000:OKDOT:OKMYTH
13jWQyWCCmHdQRVwLJePPtnSB3oK2T9BeygNN6aXgD983xaJ:18000000000000000000:OKDOT:OKMYTH
15GGoh4pjiArviSjQmvLUKDqFJAF4nuZrApK6ySMyuCcApQ6:18000000000000000000:OKDOT:OKMYTH
14mALGiJjBF8RXj866mcfGGRJxELjWzK23TME3nm5EhZCHFF:18000000000000000000:OKDOT:OKMYTH
15Ga3dHJHMxPR5ft5Q1LK57hRMp5uJh299wSHG5FF11b2WPG:18000000000000000000:OKDOT:OKMYTH
19BZKkx9pBaEnuspd1RokiwwGBFXtbFb9CuCTZL8LJigEJY:18000000000000000000:OKDOT:OKMYTH
15JoK8PTKPwwMgZyB1fVtpfK7t7STTsZTUqwZDJhadstLWKb:18000000000000000000:OKDOT:OKMYTH
14MiPXo5EWE9g36iEeyWvhQutUPHggq5rNtLoAA71YJPJdMr:18000000000000000000:OKDOT:OKMYTH
15JvWsxnr8SZnPamv8pjZ3U8cp4MEj945GQKbkqFpapkmkc7:18000000000000000000:OKDOT:OKMYTH
1CjTc8LWPbJcTbGWrqZnyN7iCAgttoUXz1CayybGrs5cFSX:18000000000000000000:OKDOT:OKMYTH
15JQGGGeJEfEepPJzaggHFwnCeWEXQse2o8wAhj2ppC63L1a:18000000000000000000:OKDOT:OKMYTH
14mtXAWrd9EVEMeFgUEUQgTGUsrcV1Lpvxqw6hhJrQ2TDA6u:18000000000000000000:OKDOT:OKMYTH
15kikGAewc7ZKjDzXgEvMmYTjuATfnVPhBTYa17VqkQmDnur:18000000000000000000:OKDOT:OKMYTH
1ecVTbpWkb2W5F9Svmc7KWnHRzT7nYL5P5tVmymvFSsReHw:18000000000000000000:OKDOT:OKMYTH
15JYjLFmjPZkVjKNHyxMVvh3UW6cqkyL9D9yyf2wHxzMLYCv:18000000000000000000:OKDOT:OKMYTH
14NAqQyCZSLLUs92eSCe8wNbJPruZ7LJgr8KSRPrjKLbcoPV:18000000000000000000:OKDOT:OKMYTH
15kTNSH4aFRNYAc4Y3VE1fTSHAeTJfZMAQWsXGbro1FyLmLh:18000000000000000000:OKDOT:OKMYTH
1EqCkwW5F6hVckrXPnodRj7Dqde6mCKV7WC9vjRiv4DgeJ3:18000000000000000000:OKDOT:OKMYTH
15KPmPPomGbW4WE8d5NLGGbW85uzC3NnarrVtykjKtes7ajg:18000000000000000000:OKDOT:OKMYTH
14NLy2V1JFpW9wdB4WG9RQDKeo34jnnN198pJCK8eykNTBTi:18000000000000000000:OKDOT:OKMYTH
15LsYZsgcbkksLKh8572pe4GtNbMLc4AvuXQraPn9PzMnAwp:18000000000000000000:OKDOT:OKMYTH
1ew7ihnabaxtrwCCuGNVnK8BUiZqMQpryDdSUkZqsHe5NAZ:18000000000000000000:OKDOT:OKMYTH
15m1AzKDHGyE6XNjH5YcHQvd3SN2itCLGDBgQnxwVEEfeGX4:18000000000000000000:OKDOT:OKMYTH
14QCgMGQfpBoBd2TKYTPTfTBpBNAYYh7rRWEAaUxHGgwwhBj:18000000000000000000:OKDOT:OKMYTH
15Qcrgvp9FMCkRkKD8KQVVp41RMbq2ZCQH8D54Um83jFFZqJ:18000000000000000000:OKDOT:OKMYTH
13MkzCLNjavnZuZ4czHrXHSrMpTTrGKJdxvHFrvuFVDVwahV:18000000000000000000:OKDOT:OKMYTH
15M5C79S7mZgYMb9AkcBqK99AVtcVEW5TxnCz3EzHcFSK28X:18000000000000000000:OKDOT:OKMYTH
14QLQeGAyYWJcEM3PuD6QPUdJAtdvLF7aGY7Jg3G8Q5RuPHN:18000000000000000000:OKDOT:OKMYTH
15qdtBGSNDmMasBHnSCsmjpN21KFgr46RFDD17CUxNheYnxM:18000000000000000000:OKDOT:OKMYTH
1gwufbAZgWzPkKyrTfsRXesqcNxzxUK55pjL4TM2zW5eNMg:18000000000000000000:OKDOT:OKMYTH
15m8TfFAvhVdN28bJTmbvPryzq9xTLiEQjVGaWwCCsaPuZA7:18000000000000000000:OKDOT:OKMYTH
14r2PQCdukCakAMPZ3LYcbka52AVBBi16fKZpNJ4tQHoKUR6:18000000000000000000:OKDOT:OKMYTH
15rMnRTZQAk8XP4Rkwx72bTJLfy2cb2FtVpjSehkGaYY5o73:18000000000000000000:OKDOT:OKMYTH
13mq452E8ykSsvCSSD3UCFsK6DwEaqTizEPTDjj8PGbfkDoU:18000000000000000000:OKDOT:OKMYTH
15MAw1ysJcGZMS61xaubY9CkXtohebW6qAovRAb2D5iigL82:18000000000000000000:OKDOT:OKMYTH
14r3Biks7LxLMi4Bhxao6jDmvCF1yrhM1vJiWLuwRseZh7hn:18000000000000000000:OKDOT:OKMYTH
15rPpv4HdSTpzoG7kmkmhdmMAqdMmVvWhfEHC3e2ZcpoXd7M:18000000000000000000:OKDOT:OKMYTH
1H9g6nvwzAZ3KZP7VkPB7RFigtS3CSx5zocmbVNvogAgF5s:18000000000000000000:OKDOT:OKMYTH
15MKRbq8QbguTDAAxLht8K67KVu2LB5Jop2kfuS9j7kGAe9c:18000000000000000000:OKDOT:OKMYTH
14r8CU4iZCd4smrtVrTsVJtuf1BeeXiciMGD9v8jz1zL92ZE:18000000000000000000:OKDOT:OKMYTH
15Sb582hJttG1vzDGkbR5zRn52Y7X1j1pD3dNSuTPgN8zKM7:18000000000000000000:OKDOT:OKMYTH
1HhpAe3Kc5s1py8G2HEyfv1w1VWGj2UndbAcwEwT2RtwmPw:18000000000000000000:OKDOT:OKMYTH
15mWUANcpPfLsriXpJdtZcQNHGFJnfh6vY6Si9rFarEHqCBL:18000000000000000000:OKDOT:OKMYTH
14s21xdyLmsJ8QKKK9UAtnURVKJvGtgt7ABoBX12kmxHNjv5:18000000000000000000:OKDOT:OKMYTH
15SXNRw1Vo7g7SqHY34oQd6xDLvWVAf4Lcij6ySZzYwdb9LF:18000000000000000000:OKDOT:OKMYTH
13mXyudoRskQsZsjTxGG7cQWf5Kq8hwW5yH7NjEt4bKH8P5C:18000000000000000000:OKDOT:OKMYTH
15oDWETARrz1TpxBUm7VnJN1mXnePcCamhBtEst4iW4Liwgs:18000000000000000000:OKDOT:OKMYTH
14SkxuPSLwHh7jN7JzvgYPhh1E4Fa7rrgKUj99WbHaQ8Fptm:18000000000000000000:OKDOT:OKMYTH
15UhPisiKYWwSbjcPAqRrVaC5AGuGJNKmd1yUWr9n9JGLovz:18000000000000000000:OKDOT:OKMYTH
13n3UAwvqAu9AfJBATKznWuQPqkmTdc23dQmE7vhXZ5Wyetg:18000000000000000000:OKDOT:OKMYTH
15oMfmNgiLc7UmzAa5pJAEUciyWNnUVZ97R2FXcRSWZuHnop:18000000000000000000:OKDOT:OKMYTH
14TFnyknnxNHmQL8Zpe6K76mFbyPW4a7ZyPv7fWrRXDj2vni:18000000000000000000:OKDOT:OKMYTH
15Un26Levjy8Hah6CwPw2dDVxRUam3dreiKRfNEXChs5qxFn:18000000000000000000:OKDOT:OKMYTH
13NHjr5C5dFPREwXfaRgZz1SXEe8SXLr8Lk88KAQeCFQ88qW:18000000000000000000:OKDOT:OKMYTH
15PPdx47REWk6ng7B55QFvLR9kHnBxwgYN9gHNXKb1a5A65e:18000000000000000000:OKDOT:OKMYTH
14tnErKyeTbcrFA3Upfg2NcmpipvvB1j2tW4xVrkU69bMF4Z:18000000000000000000:OKDOT:OKMYTH
15uRWFg9kunF9rhq86fCdBMyhfxh24YTmjPcsb1BDN6V6MkU:18000000000000000000:OKDOT:OKMYTH
1jscBWgNnGXePDs8SqhrLBLsRxMpz8g9Vdok1bJ1c4jXidU:18000000000000000000:OKDOT:OKMYTH
15PSrqfUPLkvY2bE3gxx1juTWibzNeDyuVqSnzpn6K7hsGbc:18000000000000000000:OKDOT:OKMYTH
14uj8nm2EaWN3qzUGYBkz6exdFecsQWFHXWw7xKct265Sw5W:18000000000000000000:OKDOT:OKMYTH
15UtNy8pU8g8E6zT664CxyN9JvYhKPjhcPwGJ8gARqNVkksE:18000000000000000000:OKDOT:OKMYTH
1k3PQWQAzppFTHGcmzC98F4BfLrRNC4pqXovKsBU61DtaMw:18000000000000000000:OKDOT:OKMYTH
15PYmUp2sNfwGXtwjkLJwtpiUTUD6eWi2hsmVyqbg7TvzkZC:18000000000000000000:OKDOT:OKMYTH
14VMpXynnSCsiuopsegwYP3NoesQNkZYNRDQmVGY5MuGknru:18000000000000000000:OKDOT:OKMYTH
15XeuzdZN4rkUNCE1Lg2UyvRWTb4mou8M7mXUcTuLWLtj8Zr:18000000000000000000:OKDOT:OKMYTH
13ogzWH5p9noM93mYa7EN5cfXqpmE1YakNxs2wmzJm71f29N:18000000000000000000:OKDOT:OKMYTH
15QPSdUzSuhTzCGNFRTzRPpsHyYvR1KKZJ64zF5eTqDVz5TG:18000000000000000000:OKDOT:OKMYTH
14wMWGNWhtUvT792nYevEWw44qYnyaNjvbzDprJfkwrte8e4:18000000000000000000:OKDOT:OKMYTH
15zdNpfVr5ZomZtCq8LXDiMxcTW7epo73aFJvmPwnFaCiBh6:18000000000000000000:OKDOT:OKMYTH
13oiwbHGrKspQpnx1neFS1xCZvn1GCWvhSVNLYKotWZMBE8p:18000000000000000000:OKDOT:OKMYTH
15r778eh87ENhSPjXF2EBGJCPCUfU7J1tVEKKea9Vzt49R2p:18000000000000000000:OKDOT:OKMYTH
14wsGukaraUi5v9CFLefyNT8sJUVS8yMtgrFCibCWQAXx5Hf:18000000000000000000:OKDOT:OKMYTH
167mGchvAzsXLbfK5eSo5op65oLRWF46owiEqpgcNFRcRSuy:18000000000000000000:OKDOT:OKMYTH
13ok7Ae9zu3aASnMajYZwsC3s8kqhMbgh275M5Xe1XC2SixJ:18000000000000000000:OKDOT:OKMYTH
15rH9cVGrGrS4SMvRajQj56FtErvhmqif3h6aedvGLeDEZqo:18000000000000000000:OKDOT:OKMYTH
14YgLQNNHuX8JK22ZEJwD58S2qjQNeTGAHXbjhhjchpxe9Z4:18000000000000000000:OKDOT:OKMYTH
167USRJSZUPQpjZNJi37GH1VtmJTwfQ4DND18jL9J91yQyx8:18000000000000000000:OKDOT:OKMYTH
13R5JMq2fhiMZ8SjavLRMAvH4SXqAooDAcCsMgSdy7qzeRf7:18000000000000000000:OKDOT:OKMYTH
15T226MnnMBLs6SXJHekFX72bHsLZMgTRrtngtJYL2N7txen:18000000000000000000:OKDOT:OKMYTH
15133gENscqdgzqLqpYRfqsjPxgpFyZG7rek5N3XxcUPbGbu:18000000000000000000:OKDOT:OKMYTH
16a7vQ1caUQ46hKUwUWa5UYyE76kSuDuMAmWNd4vLpPwXq4v:18000000000000000000:OKDOT:OKMYTH
13SpnqCVg5xP97uUPYA61ZqW7U11hXNuAxxx4269YqvtgYVm:18000000000000000000:OKDOT:OKMYTH
15V4nKKVzsWJkgpkoxPVUJ4emdiEpN1xm62fg45tG9rYxDL3:18000000000000000000:OKDOT:OKMYTH
1537d63xVdjfv9ShBp6fuxpNHUx5CoMTV5UgJ91CSbVcUmJ4:18000000000000000000:OKDOT:OKMYTH
16ADYy4acxy8hTMsmNUXisPDcWZMLvZvNMu3kXrmfi28rRV2:18000000000000000000:OKDOT:OKMYTH
1n5idatRaQmwMu4iZRA7n6dFWMwQx2q6qWywLR2j3aTqfvY:18000000000000000000:OKDOT:OKMYTH
15z93RPAx5Sc3ftKw3EWuqc1zgVtpbcNexpZnwHaBFyGShyV:18000000000000000000:OKDOT:OKMYTH
15384YQhrrs2dSJxZ9ycPkEU2uSTBN7Hq64VJUzYq7rNHpKi:18000000000000000000:OKDOT:OKMYTH
16Asy3dtYSfdd1a1hsuUg35xrycCf4tiW9Fk83Z1X5YW25Li:18000000000000000000:OKDOT:OKMYTH
1nQFAsUGgbBgsnUwHTLDggM7rErE4UkrQBwGBJMm4XLZefv:18000000000000000000:OKDOT:OKMYTH
15zF9uzouey8zsibx6NPKBep7o9dUnPznoxj1vJBAq5ztdAb:18000000000000000000:OKDOT:OKMYTH
1538nHBr8f8Zdrv3SdJ7BKXeW3vdQbQirYcMH5cwKTUMJSpy:18000000000000000000:OKDOT:OKMYTH
16dKzk4w9D1YC2FhSNU4VMnm1VftJci1vrV4Ds2hNVxkSdy5:18000000000000000000:OKDOT:OKMYTH
1nrDXgEpv15bTeiqtZwYpkUeSfJ6wL559i3g9uSF5YkG49r:18000000000000000000:OKDOT:OKMYTH
15zkQ2PuJzwa7JVGicSzCSTVdUUTBcmHrrd4xmC1EPGJBAKa:18000000000000000000:OKDOT:OKMYTH
1553H3bkV7oUc91KkyswC2uX5pAfCB4bnAXkMm3UJeq9To6p:18000000000000000000:OKDOT:OKMYTH
16exFwGP6k9ogwqhn75YMY5PB8Kav1F1eceExngRG617ds7M:18000000000000000000:OKDOT:OKMYTH
1NzJCwqwBAuUrnVRqLTVQi8FLnxe1Vdei1vAYaryY41JXgB:18000000000000000000:OKDOT:OKMYTH
162DwTJKe9vmrQCLjqd1Wd5t7CzaK5AEtUDNULztBuXsudy5:18000000000000000000:OKDOT:OKMYTH
155hAHShumFsUWoajWEpKdNFBoP7u85c7TYPAkr4CWXyF9Ad:18000000000000000000:OKDOT:OKMYTH
16fZhT9XLns38CtWr79GF3f3iSA1FddbYvWUr8CEtpfEEVj9:18000000000000000000:OKDOT:OKMYTH
13TN9AjokL76aQJzBrUkUTAqwLQpq9UoAWry8dGi9fNudXRh:18000000000000000000:OKDOT:OKMYTH
162NZJ6W4M7zn8hdKhKwM9WB2T3jSQof91aVWQGPqJ16vs2x:18000000000000000000:OKDOT:OKMYTH
155iN9tEcYRmc1sdSDECArubYuctWymeXhSUhLBQyHjXeiZE:18000000000000000000:OKDOT:OKMYTH
16G3fnzGdgVnvwm7k8P9n2mRyuvMCiSEsMJM3DiSMfSqYpp7:18000000000000000000:OKDOT:OKMYTH
12jqLaBf1pz3Bb89Zcww8vZDrD5R6RnhX6fMa7FKE4y1Rna4:18000000000000000000:OKDOT:OKMYTH
16antE3SE9RAb5Xbs7mycHkeMcfeq8TyYJwmA1Ty6ENM2VHP:18000000000000000000:OKDOT:OKMYTH
1565KPvqvjopKroA2C7GRx71GdoYMcKzhcSMwewmGpdVfqMP:18000000000000000000:OKDOT:OKMYTH
16hTi6dCb6sBSCNYxGNcXf2d56FFpEwEGEyQTxTptRQSHBdf:18000000000000000000:OKDOT:OKMYTH
1RkNK5mQ5P6iyYM5PHuLRbW8216iALR25CT4q6oE7ChngFN:18000000000000000000:OKDOT:OKMYTH
16aqRinj3uJUTQde5Dmhk1JNfwXpPZXXwKWSxrMGnST5E6Er:18000000000000000000:OKDOT:OKMYTH
15aibbw3x54FAqCqW4CcHMDTVXKFsfsZLpTo2pSB53GjAfkB:18000000000000000000:OKDOT:OKMYTH
16i1cTeQNjY1kfB9EMJ9xYUuxrCCqL3nY8MSjMG1ch4CqLhH:18000000000000000000:OKDOT:OKMYTH
1RqBZ69Thb7LQLTDoX9pwvkeEY2fupU97CzgfFKLvfYu9ZF:18000000000000000000:OKDOT:OKMYTH
16cjYZJKi2i6uo8a6qZgaEcvhU3zLkXzafxZnFXn15MQWyxL:18000000000000000000:OKDOT:OKMYTH
15aWhW9iAx3yWKsXpmqoZJhHwxZRGPfY2NmhEPphvrJpWygi:18000000000000000000:OKDOT:OKMYTH
16iAEs5VKvHZsastfP3Yz3dDb3iA9t2w77i9552EJQdwP8Qh:18000000000000000000:OKDOT:OKMYTH
12js9RqJrUvzS6gT7k2itKJf3skiti1FYFcKJH5AVw6L6qym:18000000000000000000:OKDOT:OKMYTH
16DAnFBxJksyZAyw2N7sbhvmj6ruV2B7SiArCcSEx4MvHoDK:18000000000000000000:OKDOT:OKMYTH
15DQD68v3dzxZQt55tb54eBGm38AoBKJb4eM93iffk22KPxh:18000000000000000000:OKDOT:OKMYTH
16ieu2mLFjHAsKCqTqhuiyqV7WsXm4JUSNzVoabnNf1cRtqn:18000000000000000000:OKDOT:OKMYTH
13VU8aQmuSUb5YWNTULU5SU4R5b5Axwag6hPfaMzSUipENJo:18000000000000000000:OKDOT:OKMYTH
16FvQ1nfBtKv73HLT4Aq4zDBSh3MreeDPTqynnNHDG7JcsJQ:18000000000000000000:OKDOT:OKMYTH
15Du9VENG776QMqYhe81BZX5t3Mxn3CVb9jt91iKrFGeybnL:18000000000000000000:OKDOT:OKMYTH
16J93JLHgvr7VV9zZKzhi9y6sWWi1tV5bGfKMijgFnGR9mhx:18000000000000000000:OKDOT:OKMYTH
1ucVkMvHuRZAuZmHhXR4x8b23BXqVB9dc5Z7iXmDRYLtt5Z:18000000000000000000:OKDOT:OKMYTH
16iE9YgjQMUdkPpqQzVtosrVDQxUKdV9haRhD9SvoEBS88kz:18000000000000000000:OKDOT:OKMYTH
15FYpHeUGF2MfzuJHhsMrYmMGVC7SP8m54CJZVCxLn98d8SA:18000000000000000000:OKDOT:OKMYTH
16JfyCULLXiTiUqzEdGUUNETJrgKdLcfDkoc1RLbbNyScYE8:18000000000000000000:OKDOT:OKMYTH
1WpDQyKoSfK75dKLMpXL8gCjYtyinXUiSW59hbtTV4tCJTQ:18000000000000000000:OKDOT:OKMYTH
16JBcdz7DZmGDJ1gpVwZ1c4KXntqRK2d8nZogmZCtq4CMA9b:18000000000000000000:OKDOT:OKMYTH
15G88cVjRt2vHf1hwUvkyHx1kmthYTeJt9LgmHVSBCc6ZWQr:18000000000000000000:OKDOT:OKMYTH
16kDUpoozsAjZ7RhDRqXQyGCCZjmD8pikwAfufMpytKZkTv:18000000000000000000:OKDOT:OKMYTH
1X7iaLaDgfUovwh91fYYvhD6c6deULHjACCm1pmgwSRSYWR:18000000000000000000:OKDOT:OKMYTH
16JMPXHHHmMe3hdKDdbJ2z1CouuWn3nQ8qY3KnEzAoyLPt8s:18000000000000000000:OKDOT:OKMYTH
15GT5xdumbqq2y7SfvkkrLBP8WsKk1UdinRWf9aq2EqGmded:18000000000000000000:OKDOT:OKMYTH
16kKQLPgJpPfwqjmM8qGMboEDaUMbR7dHoJ6LwZE6azR9Rms:18000000000000000000:OKDOT:OKMYTH
1xhXb5ZjsKpN1xcvTNMuThndfb1WP9saLKMpNxofGm64U2X:18000000000000000000:OKDOT:OKMYTH
16k4aagoQ2r17xu3KtDRdTXQ9HDN8NUXXNrixsunUQW579vq:18000000000000000000:OKDOT:OKMYTH
15iVKfqfhPvezSgo4iNk5fvR4LMDdiYD8rUPd8f1ZS4LqVyX:18000000000000000000:OKDOT:OKMYTH
16knmzVJovPu5KtyacSev5rBKSpsiHPV8aPEPYWPFfvZV694:18000000000000000000:OKDOT:OKMYTH
1xomXCdHLTf9XoafxYnqFnPu7ASzXJLFxhCjo58skzK4yZm:18000000000000000000:OKDOT:OKMYTH
16LhvmQKNeiZDsmL2HiCJ8V7beKw2nfgQYkXRVSXGw3qKHBQ:18000000000000000000:OKDOT:OKMYTH
15KN197vqeY3af5Zfs4tUMhwKAi5MHzg2faU27SmEMiu1Ghg:18000000000000000000:OKDOT:OKMYTH
16LUt5hx9iH38KXqQRKwnyfhc2ZqrHdk3EZX8UnhsZfmvrro:18000000000000000000:OKDOT:OKMYTH
1YaQFnTQWDsSrgpwCDRCt7C89k8yY7yq1t4Qs1Rvqppd1Ge:18000000000000000000:OKDOT:OKMYTH
16mB1Pv3RLRG11pWTqof1SWQxLCvJLacJKdBvmDFQSAzxGYC:18000000000000000000:OKDOT:OKMYTH
15Mcqk5QPWTo4ZXXe2uP9ZMfNmaeMk27r2kmyQ3j1rxBrQXa:18000000000000000000:OKDOT:OKMYTH
16M9E5aZN7bEg5immwqsp82zv4sYC4VWyoVP8RfF65vREZdL:18000000000000000000:OKDOT:OKMYTH
12K4ThuMqvrLTAfCPNzFnL1R6rAbfJEYdcP11VrY7Z2PjPmF:18000000000000000000:OKDOT:OKMYTH
16P7KHzogSiARpZWmoQZSDQtYVoFmQ5uHABSLhUUWrdMdziE:18000000000000000000:OKDOT:OKMYTH
15N29zyWWZtAgqrCVxMvNbQLGo7q3QV1Fw3EaBMUuTKsPadV:18000000000000000000:OKDOT:OKMYTH
16MaQjQjoo7xniJampDiDr9x6fVPdaLjFpGtCopNoV8zX71D:18000000000000000000:OKDOT:OKMYTH
11PdU95Dv4eZYMhTAoxzzsZWQtjmczAtMWjuFivtix8Q5Yj:18000000000000000000:OKDOT:OKMYTH
16PLzZuZJyA9STXpAGVKzkSMegwfsH6V1PEfMo26EnJhEfqx:18000000000000000000:OKDOT:OKMYTH
15ohn9e7jtqyt2vJJVuB4fX2PHHvsoN8nUkNWeMipUzausm7:18000000000000000000:OKDOT:OKMYTH
16mARet2mdD3A7HyueAKQik3PCbEzazL9DFgccukSgo6Su89:18000000000000000000:OKDOT:OKMYTH
129FhSHJRHjGWBKArZm8vtaQDuUKnR2rcf2ttKnQpV5faTnE:18000000000000000000:OKDOT:OKMYTH
16PRvBpwRoRCEGmS7JXwBTFDbEoEdvFrruKtnw15UC7Ug2zq:18000000000000000000:OKDOT:OKMYTH
15oUbixA3kG4G6DmfL1bfeP11SPCWrndSb6c16Tap7PfTwg3:18000000000000000000:OKDOT:OKMYTH
16MDqgeL3LUXKvrC1JroFuttYjxaGhJziXMushfbm9p6qUrA:18000000000000000000:OKDOT:OKMYTH
13Z1w7BViY1eUx14owEZ9egJUMAsgDRxRBxzDC96vie3AMEL:18000000000000000000:OKDOT:OKMYTH
16Q8mmnuUEsLBaabvZWe4LAnxyu84ZCSbqgto1PtnwoFPNF8:18000000000000000000:OKDOT:OKMYTH
15oVs51fsHcFrQ9ou3vnpj7DCakHRywiwpPeraMwh5H2B6o1:18000000000000000000:OKDOT:OKMYTH
16mGa4StiaY6B81gNZWsJydxwfbxD4NEDo2t9wVZzYDxSkH9:18000000000000000000:OKDOT:OKMYTH
11qGQTtPc67ZF8RBrekUQydA51YdAdE7D9fmeKa2oD5S7aZ:18000000000000000000:OKDOT:OKMYTH
16rRTfW31W3LAUDz5MGkGUFR9s7fzDqTfMRFxq13NiYNpB7:18000000000000000000:OKDOT:OKMYTH
15PaXMK8aP2QRVVZg7MDXzeGdM4onJRj8reFX5mApDEyCUvd:18000000000000000000:OKDOT:OKMYTH
16mJsShp3kd5tsLL3QTozo3CYocpmRyJbZSkei3veMvYjuck:18000000000000000000:OKDOT:OKMYTH
146XA6MpaLS2x3498SgtXCE98Hmn9uose5PD7p3uscRNzZjc:18000000000000000000:OKDOT:OKMYTH
16SxLN7rzPLL849oiTfMedqs83PJGNhuNgKEaUQj2niM7ENR:18000000000000000000:OKDOT:OKMYTH
15PsKMnd6j4ZbCabEc8MUbmwqa2UYSDzYH9QMpfMne5EVhot:18000000000000000000:OKDOT:OKMYTH
16PQijqkwHN5Js3FrGQpS7vscVV5vbLN2piqxyT8U7qk3bsv:18000000000000000000:OKDOT:OKMYTH
148AjByg7iiSCXLQuwuLJTnrecyJ89M4CzYE99aK7jxq42rh:18000000000000000000:OKDOT:OKMYTH
16Xi83tPFa4SK1tJ3VNFVYCxdLGG5gXV7WGhfer89AyhU5UZ:18000000000000000000:OKDOT:OKMYTH
15QNTTDz46L8qCwc8fmAsdDgFUqDs4FC7YmMp3bSNdBVawHY:18000000000000000000:OKDOT:OKMYTH
16QAFQ4YeC63L5AmPYDPoyHGZJQt8FLXZFSbMae13De869ho:18000000000000000000:OKDOT:OKMYTH
149D5gXjWtfGPTmFJaKAriedrCcgLvuAdUkMHDv1d8HWvxe7:18000000000000000000:OKDOT:OKMYTH
16YBESajmMVYqsWCVjgAJwKgVmpgs4aBhrTB8CgDFBfYa2TR:18000000000000000000:OKDOT:OKMYTH
15rpQgkC6eWyGQCggBTLYqpBJk23jfrw9WrQon2eD9TGhFdS:18000000000000000000:OKDOT:OKMYTH
16SaQc4jYFpJfa1xj3UTVSogqDNb1yizYZN2k4HvrTgXDmFw:18000000000000000000:OKDOT:OKMYTH
14AenQUmVLAiiubfJsFXYoLKmZdvr8VC5RCmaM2s81NZBxg2:18000000000000000000:OKDOT:OKMYTH
16ZEunaACacXnNN1JBe2CXuveW4ErNsGf1Z8QscAsKwQQ7i:18000000000000000000:OKDOT:OKMYTH
15tbgPg3FuqtST4Wh6mnCrMEcW51Rdh9nyYjaZo8bpZu2iwt:18000000000000000000:OKDOT:OKMYTH
16SUuZzjjSLhWMNRVWxc7BaCtXg1yQgL8dntc6qnH5233Xs:18000000000000000000:OKDOT:OKMYTH
12NHpTSYHSjPddh6VTD6iD3B5rHMNBW6L9WaDo1yJxYtyYMg:18000000000000000000:OKDOT:OKMYTH
18tUbsFE9TixaKBVR9jce1w4yQ2CYvYdjFF3ALWt5AmXSiB:18000000000000000000:OKDOT:OKMYTH
15tKyVo5EVJZPdUZuq6bedGG9gJaHVC9AP9Z2XpTxQivQvVm:18000000000000000000:OKDOT:OKMYTH
16UnvfhsxUUGnxzpfv14cSFVwfAG2He191wvBX4tkgDkm3Si:18000000000000000000:OKDOT:OKMYTH
14Asea8ykEJVpgcb8RCF4eiUeiF3onrmHFWrhMqxdyii4HNv:18000000000000000000:OKDOT:OKMYTH
18wpB6U8sXoKApLE58MnjQjdV5gT3rvjK11MNvqgZLsqZTX:18000000000000000000:OKDOT:OKMYTH
15tz77CLUiQb2sFSQjNcR2BVVcwPizw2HBKgFR4NAprHqBJc:18000000000000000000:OKDOT:OKMYTH
16XVAMJvVHb8iXaydkTv8YQ8Zp5h2Uq2GWc9334gB2wLsna3:18000000000000000000:OKDOT:OKMYTH
14aYfgYGmA1dYiJJkbumgDdqvdWMY4tFGbFnWbbagxAAdoLd:18000000000000000000:OKDOT:OKMYTH
19JyXPkvS9tpGbYroNhLrYjQmFcnqA1ri6cYmpWbwg4oSkA:18000000000000000000:OKDOT:OKMYTH
15VNjGcQoCMVSqxM3oXkeGqJJdKYr1Br7fMLCRfoKVWHhGdx:18000000000000000000:OKDOT:OKMYTH
16Y87dzDjnj1jMX8BFySttQrx6yZbaZTyu62JiQfuGEYjX8T:18000000000000000000:OKDOT:OKMYTH
14bGtCm17w5M6T1zNkcEQjo36FSXJXZ4ZN5sRDSZWxhgvQyr:18000000000000000000:OKDOT:OKMYTH
19wur61VpxoGCKbx7c3EMbCuRw12WytF7y1BMArco9Sf3gh:18000000000000000000:OKDOT:OKMYTH
15XY7o4Zj5X434HhmhuG4GEHMmu5jx4HC1fMRqnSeRgCSzFd:18000000000000000000:OKDOT:OKMYTH
16yaJTgmA9Pb7xZaD2QcqiExoqNveg5XVrQJfG6zqbFKymS:18000000000000000000:OKDOT:OKMYTH
14FpzF2Hsm4wgUKkpfWguSpY1dFrGEVj5GCs5nFzAkYTS5kF:18000000000000000000:OKDOT:OKMYTH
19xpaAT6XtAL9ikh89L2Wv2ounVyfGVajqByooqxvTnx3Bi:18000000000000000000:OKDOT:OKMYTH
15yWKXeUbBJAPS5tLoqExBCiZT8C18Q4UDGdREcF4URa3Vww:18000000000000000000:OKDOT:OKMYTH
17C2uEEAJJJiWK9jPkUJCQskWosYWnC2oa8FmUKk72oRk7Y:18000000000000000000:OKDOT:OKMYTH
14fYXARMHoaHoD6t1BpePZ4gye4TfQWrmYoava1osPWAn78K:18000000000000000000:OKDOT:OKMYTH
1be7HS4KDVzjH6D6uik4XvafKDVbU1Z45jfwXZJEYMnNSBC:18000000000000000000:OKDOT:OKMYTH
15zAWPREaEskga4WWp1gbUYoKoKd8kcQg2f1eQ1borpWbBpJ:18000000000000000000:OKDOT:OKMYTH
17QW7Zdu3HosHhDT7xbGRgYWpwiGsgNS7mTUzzHTju8dKkc:18000000000000000000:OKDOT:OKMYTH
14ghLjo5owiwZvtiic3g2Aquw6ChXNMsnKXL8Y7Jyn6puTXB:18000000000000000000:OKDOT:OKMYTH
1bTRdbia5YWJgpAypX1yAvSPHyiWnfxDYGdBNWM7TGEutSP:18000000000000000000:OKDOT:OKMYTH
15zJ5ve9rvVj9NbG9GB28vgFamdpAieZvmrzCJDnQLY8nFpU:18000000000000000000:OKDOT:OKMYTH
193UubpkfyWeLTzCrAkMUibjHCPFoceGbh9THkEqcK5rRtk:18000000000000000000:OKDOT:OKMYTH
12RbQy6GxmHhUBaTrqxX7TS5MyrgHk4HF3zWdLfuLGPaKXF5:18000000000000000000:OKDOT:OKMYTH
1BzS3MjX9RXS2wz4tzHixasQqje5mMJcfTPPTyGQAEao3jU:18000000000000000000:OKDOT:OKMYTH
162UnEiu43GeVMauqrdU7BQhUr4GKGa1SX78vEH9LbUX554y:18000000000000000000:OKDOT:OKMYTH
19nouaSfbBvwnzfuzYUsWknKpwwNDRK3ePTydp5vpuLRxUc:18000000000000000000:OKDOT:OKMYTH
14iNdusz7G6UAbZRdis6EvW5TtdxQ3c86VKw4tSY2vQr4sDV:18000000000000000000:OKDOT:OKMYTH
1doBvctQA7DHbiMPFZyasd8L5atmmLh4zQCsD4V6LniMZ6m:18000000000000000000:OKDOT:OKMYTH
164vZWsbsiDyQ1XCGfB932aMerRGYokmSDL4DQdp4BGJRXHi:18000000000000000000:OKDOT:OKMYTH
1bQjMwm6DvixVvR2uyBYP8ACXojQZVVcaydKctynDXUEp89:18000000000000000000:OKDOT:OKMYTH
14isDCpibZMaCKTXraNrSvfUw3sTK7htoe6hVRAXNhNKMMDG:18000000000000000000:OKDOT:OKMYTH
1dpMvWn59wt9SuqqVVGk7udkrGhhEbmkPmxxsZFqLE2zf7d:18000000000000000000:OKDOT:OKMYTH
165JedX9PwBGeH7w1DgssW93tB21Ye9vMaDpUCotn5SB75M6:18000000000000000000:OKDOT:OKMYTH
1BVwTGRyWVStjtZCS3n1f5qabdqG52ZjwnviBeqTKaYQEho:18000000000000000000:OKDOT:OKMYTH
14KHMHnocUjTxGvvMY6vUy93iftEcBEbhHeX1Fa2udsphNCJ:18000000000000000000:OKDOT:OKMYTH
1EH5TPQv5ZyqrnKUyFscnHEb76HnhT2EsLmxttUpJyifuXq:18000000000000000000:OKDOT:OKMYTH
165KGRKQstXtM2dA6TNRLwTP5MdJmdnsQQJjNocav4Z1Kjyg:18000000000000000000:OKDOT:OKMYTH
1c2uF85YjPVcQ7eVk9QCia8HeLRg7KQjGSheXPsGkgTnot5:18000000000000000000:OKDOT:OKMYTH
14khy3RCwfhXfEKxkNG3pkV8gNA15sbsPChK5DQWBfeAV2Vs:18000000000000000000:OKDOT:OKMYTH
1eVmHRYwkjVZENhoEY77CP8eX4s8egLNkCrPUGRrPhJtfC9:18000000000000000000:OKDOT:OKMYTH
167gryMLjCyyiij2ja9ptHEjk44VHQXV4oLS6uFBgEwhCfz2:18000000000000000000:OKDOT:OKMYTH
1cNsh3sAHBvw3S9V3GHRs1cUbjeSkwpy5GhrxXCKwnL8uyX:18000000000000000000:OKDOT:OKMYTH
12sfcWq65vgPYshZTS53upTkYVKvggU5o2KRtHE98f8cEAtQ:18000000000000000000:OKDOT:OKMYTH
1H7oHmEhvfhKYc16oFhMic2efMVhcXuQJ77RTyS5bJfgF2y:18000000000000000000:OKDOT:OKMYTH
167VyQr8eYDa5h1oW1nEYyZAMXg4ywAH7MZws3zZVCN3d4eW:18000000000000000000:OKDOT:OKMYTH
1GobSxeCccCHHxHptuMK9NM9NKjDZfPeHtGgH1TAcFqrBLD:18000000000000000000:OKDOT:OKMYTH
12BQCjyV6MnWnp6iMbMvsWgmWKsxSLkDZNcgBcqDzbCvzcKP:18000000000000000000:OKDOT:OKMYTH
1nodBMo3ZgHU9ZbzAk2ALcP37sWw6Aik7pmFcJAbJ1JJ848:18000000000000000000:OKDOT:OKMYTH
168aBX44rppetXtn5KmqWhQmyARWAphLuELz3kU6Gf4xYntr:18000000000000000000:OKDOT:OKMYTH
13NCLd3foNpsv1huPDzvvfyKh37NEEkGFotZnP52CTR98YFJ:236000000000000000000:OKDOT:OKMYTH
