15Y6p19xkuvf14vAMFGtr7eGiZHBFTGKLbpfHUfzcZBxmRkm:18000000000000000000:OKDOT:OKMYTH
14iLinXbUyTAE5Pg6rK1G6V7WeHxoDmBjudUWY3Zx5NMAYZz:18000000000000000000:OKDOT:OKMYTH
1xBCYqVDUNpQPhVNyXsQRbPGxo66Fgj3mfBRZHE4SJBFrw3:18000000000000000000:OKDOT:OKMYTH
1ghF9GGNcWAxw9iw2zjXMYxaRutLVovLr61y1FuQQgEua7g:18000000000000000000:OKDOT:OKMYTH
15zcZjM6gGvoW2sxunJKS9pWZssoSQSAQQJugJr8BajdKeDC:18000000000000000000:OKDOT:OKMYTH
1bE4WsuTXLggiGC592YuTkjtNBE9uKtCFKQxfjaJqmxpm4a:18000000000000000000:OKDOT:OKMYTH
1xzvmoyZfc3v8EYrAyhbbFHhSjPQqqrpuExpxgQ1tU53QxK:18000000000000000000:OKDOT:OKMYTH
13VUbwG9xkVgYygrTzAUuEzZLWpuCV573rPbAy3yrt6Hwz51:18000000000000000000:OKDOT:OKMYTH
1626q8M2uf69rKCU79zkhkfqDwT6g2E2ryUYJuKm7QLEF2Um:18000000000000000000:OKDOT:OKMYTH
1c6EdDJDANdHxfoR8LkrMWxhv8NEYgAL5rZjkoNQEmHNapq:18000000000000000000:OKDOT:OKMYTH
1yFAaDXhJTzTKKnXKDLCaHRcmG5mnhutstqjxVQ15R4cCJB:18000000000000000000:OKDOT:OKMYTH
13W65iPyEuic77fGLpsfY12TsjQL8ptFwUWFhUkGoqRLBTVq:18000000000000000000:OKDOT:OKMYTH
165vtiWiYjeLVbCEHszRicG5pWr19KimavKscrqofMAdoyHz:18000000000000000000:OKDOT:OKMYTH
1C76vC9a2jC3hK77MyGFqBsabw4ovX1QfBF3Kyg6jYsSExe:18000000000000000000:OKDOT:OKMYTH
1zm67fFDKTTUqfUZNUAQKjJWKai8ixVVnmv6ZTzv6tW9FQu:18000000000000000000:OKDOT:OKMYTH
13W75DhmpPG7oHdjGePwGZZCoDMtLmsnVDUZuH1NbB5EqkbG:18000000000000000000:OKDOT:OKMYTH
168UDRZQ8LSwN7JnoSd2KFs4pYtruNAvsx9EPGA7NK1sBQZs:18000000000000000000:OKDOT:OKMYTH
1CABWDGyjEP2Tb3GrnpJmywSpNpXYRA1cNJWeLgWExdBJ92:18000000000000000000:OKDOT:OKMYTH
15wj25uKuEALpBVM6c3iKg8ZY38kYJUqrduEJBnGwza8y8Pz:18000000000000000000:OKDOT:OKMYTH
13wkqCQF6g85MjSTubnmDkZjmrJ6jYQuTf36ynDQCyLQLBcb:18000000000000000000:OKDOT:OKMYTH
16cTuvfCTYd1ryPpkxDDH6ag9C7jpJ7tKTXbMzWGKhW8ZiEF:18000000000000000000:OKDOT:OKMYTH
1cMUgsKgTk47u4vq8pwaL1To8Qt1CqkQa1Z9CZdqZFgjVVn:18000000000000000000:OKDOT:OKMYTH
15XMH94DoBBfXVPpZ3wKCJddjyXmEFrvFzo77guuwfMLvgJs:18000000000000000000:OKDOT:OKMYTH
13wThoDCnumXjf8txo8jsd4kkx6o46jDYMeGU4Cv8tKVGkC9:18000000000000000000:OKDOT:OKMYTH
16CuAUbBAeGjkjvgEkGh1Phtp5g6tWLCXRjxv6vKkf8AoKGK:18000000000000000000:OKDOT:OKMYTH
1eBKB9jQPeoibnu6E37HwPgyhaz5j8ZpX49WFbDUFNfDnoZ:18000000000000000000:OKDOT:OKMYTH
15YEp4utLbYcUAq64anj7Gddq9RELqixrrRAqpXSgStvyYPQ:18000000000000000000:OKDOT:OKMYTH
13Z5nifiCwZnQGhmFuXJxUowNw8YkgYG7Xgw4CjkyFPkEBGh:18000000000000000000:OKDOT:OKMYTH
16d6RiJAAqFEzBcfEY4SjciFfHFf9mSWm9g2Pgn6seV5DvvE:18000000000000000000:OKDOT:OKMYTH
1eq5VPyv2cLaYD8BojWcwexw4WTCzThA5XDzTWyBxYyCNUS:18000000000000000000:OKDOT:OKMYTH
15yTc8V5BYg2zg5UBqgrLgfjQz5Ym3e5RcrR6RHmsKupfkoY:18000000000000000000:OKDOT:OKMYTH
13zHjocy69B9fTP5SzqeskzaMfyomVCRqreyA7Mm9H5atQ5E:18000000000000000000:OKDOT:OKMYTH
16f3Woigv7J2Jviz2omqRnasnkZ1pUQkVaCJsmBHUL7yuoLe:18000000000000000000:OKDOT:OKMYTH
1eSEpRQV6xBD4raw1c7mUJYfbQ9GknspWGT1jsGkbYZufAY:18000000000000000000:OKDOT:OKMYTH
162cFjNkD8k9T7nqMwrXMpnDU7Cvud8AsDYfV4kfGxLoyjVS:18000000000000000000:OKDOT:OKMYTH
13zVz9do8mdXorRU3tELQXL9AdiEyUz2UUdhSTNaEWT6UYdi:18000000000000000000:OKDOT:OKMYTH
16G41eSNSYjvTSWxTW7wzESfFp4ACejDFxn5BZfSaeXkQg1h:18000000000000000000:OKDOT:OKMYTH
1eUJ4qBZDfhHyRHxkThaVzQKFNUq1XQyYQskQcvNnnup6Ug:18000000000000000000:OKDOT:OKMYTH
1655f5zMdLHKuBb1Pqr2xxfnYHWrUL8ErmEk1fzWCwpwe5Ru:18000000000000000000:OKDOT:OKMYTH
143g3wq22WUwaaKSSomJqVbAhVAjDtMqE9APWVhKoF1svTiK:18000000000000000000:OKDOT:OKMYTH
16GBc3jugw9yQuKTL6fNHAxDwpdJVfRsEQPXpnhRmxJ5ebF4:18000000000000000000:OKDOT:OKMYTH
1Evs7nixu9DxpyViMir5bBVVyYMnZikJ86hX4WinRYCTGVv:18000000000000000000:OKDOT:OKMYTH
167VuT2jaqSFykP647NMHdXA3kwW2SBP6wF6qomdK41WTv61:18000000000000000000:OKDOT:OKMYTH
14aN41n6QXb2u6KjLLVm9NTz4Wrr4v9GhHHZZKsNwQ3UthDz:18000000000000000000:OKDOT:OKMYTH
16JzCw9M5rB44FuY5yQGB5a4Fiu4n74S9TQ99xHvh9ag4Aum:18000000000000000000:OKDOT:OKMYTH
1eXo3HQgTQobEc8hRxCUeHcQFhniw7zdSrb3J7EDrSbuTTo:18000000000000000000:OKDOT:OKMYTH
1684iBm4jkswScztfd5EmJHjGCSf9v2KLCCspmLNju4w8SfE:18000000000000000000:OKDOT:OKMYTH
14bHNiCeoWnEqGGBEeVgkjwXygq781q3YhiBkVQkYmBNx3gU:18000000000000000000:OKDOT:OKMYTH
16k4hVqZi1oJvTijyGs82umYaPeBUnj557R6ZatNSFkW59Cu:18000000000000000000:OKDOT:OKMYTH
1Gn7RxWo3DxLANbaKqStpfbwgKDZJJH8JLkkRpcF1DL6A94:18000000000000000000:OKDOT:OKMYTH
168L6mHbDJ45jSQhsq3L1wBhBNitXzxiRv8ejvcpB35aqG83:18000000000000000000:OKDOT:OKMYTH
14dgv9vstQxWkz6ZHfKfQGT4VGEUGbN166zxKWPFqDYNEwgC:18000000000000000000:OKDOT:OKMYTH
16k79jUqkKVJHUNcJajR1behktbB4jqwL84EeD7Yk54WeHZQ:18000000000000000000:OKDOT:OKMYTH
1gUFXCetHyWpi4TTTJSZd7CyvvRG7LQVagZXUmcAZhhiP42:18000000000000000000:OKDOT:OKMYTH
16aipuHjibHRNYK3iBBrs7TcwZTNmzvZfhF1b1m8D8vsMvC:18000000000000000000:OKDOT:OKMYTH
14Dq7VTRMhg8YXdgEuuUHhG7fWVhpJH3TFM3idaDQUrNdFG6:18000000000000000000:OKDOT:OKMYTH
16LiZ5meBbNYsVTaiv7rg8G68cbLequs8jgpBYFsAZTibJxk:18000000000000000000:OKDOT:OKMYTH
1gWi7pmvrvBCHHMZFdrXewxMxfsGmT8KZMLB439dvaEvKHZ:18000000000000000000:OKDOT:OKMYTH
16AyU9dvqxG4bTGySMETL1WxZhLS2MLxnjuXmWpUmxfYUL5L:18000000000000000000:OKDOT:OKMYTH
14dWZvh7hKpyFSD5WYDbJqm1Th6ErZ73Y1b7bHjK1LPwXvq6:18000000000000000000:OKDOT:OKMYTH
16LrgUvvQFzErrdp2zY7sqxdUVdvwmsFWtYBLg7c1Ho51BRD:18000000000000000000:OKDOT:OKMYTH
1H13Dqg9xy8Lf7gFxQCbzXncwDDdGBJru7sCyXnqjHgj5A5:18000000000000000000:OKDOT:OKMYTH
16AZus6MVtUxNohcESqf7qGVYd75SfMrH99EHGxvE19RwaE8:18000000000000000000:OKDOT:OKMYTH
14dxY3rUkNM6EC1aBU9eSCLY6Acja1Kpt8c3LMAz4FCa45X6:18000000000000000000:OKDOT:OKMYTH
16LTUG71rrEHdLiTQ3eBhxh6DPdjFP6eLUg5YW8BmbP2MSDu:18000000000000000000:OKDOT:OKMYTH
1jBWwNqsF473L9BRDa1ca2bvTMmgKCi3Y7suHDZak42zDvd:18000000000000000000:OKDOT:OKMYTH
16CaDjF172LyDE5uUohsj9ZaThsB5k27ECLis6ukpNfs319y:18000000000000000000:OKDOT:OKMYTH
14eEmoJeXvBTyWKQdRM9XishfaKCXHcrSjzSjUv8oi4KJHM:18000000000000000000:OKDOT:OKMYTH
16PuV4WGVgDDGawvbqaHSoLB2ZQt81XwawxwkUMSz36MimTR:18000000000000000000:OKDOT:OKMYTH
1jD3bEnotxosSx9yjpVBDaQXT13QjpuqRLyYPqUPiE47fnC:18000000000000000000:OKDOT:OKMYTH
16Cqr59MiP4C4dJZuQhseQhFmXugis4FwcMgEMuJHzhrZwZD:18000000000000000000:OKDOT:OKMYTH
14fprXuPMYSbuTcJkRRuTdTdhm998sUhzJCjJLRHbzGpd2J9:18000000000000000000:OKDOT:OKMYTH
16PYFjNZDbbyBpstVXAYkXPx7VxhMvNdmYfr7jxHjofsa9AX:18000000000000000000:OKDOT:OKMYTH
1k6YiUwDwUZ5mdStneFFeqiY3yqU26vcr6o5sW9sznD8JPc:18000000000000000000:OKDOT:OKMYTH
16exAHrCEcvDLA1cx9MAKRNA73Z739qkzk3ocrZ7unynagxp:18000000000000000000:OKDOT:OKMYTH
14gAynumoy1hHNHjFSY7HFg6A4vxWRnzEPRZ6Hza9Q6Pqro5:18000000000000000000:OKDOT:OKMYTH
16SVDfjXCeCzfbXJekqRQUVFTxyNriMhD6EEiTHrh4BKrvL1:18000000000000000000:OKDOT:OKMYTH
1KcY9kzhixgAZoTZ6B1BZ2BJqmPrMHdEHSiZ4HqrPJyvLWP:18000000000000000000:OKDOT:OKMYTH
16FXejKMwyzytBkz5tvWrvB2iUuyBGzP6fZBf43ykpiznYNa:18000000000000000000:OKDOT:OKMYTH
14GzYT1NG9Hk75boYNCR4RvFNfrXaCxv3pTKj5HUXm6Zp474:18000000000000000000:OKDOT:OKMYTH
16tEs4DfRLXa47o9qcu4zC35mziWfTvzQSRigUpNyxVsmv1:18000000000000000000:OKDOT:OKMYTH
1LK1KiSpUbYAnunZP8BYNsVwt5WbZRKNUhXK4S3oRVxf8da:18000000000000000000:OKDOT:OKMYTH
16G1zRmG5XFCSVcxvpQmUQksMMEWSUNtLo1KgsKWGxQtt1tg:18000000000000000000:OKDOT:OKMYTH
14j7wm6v5yE9tLBah68WffjSQwxzer4y2A3FiaUW27PWKg3x:18000000000000000000:OKDOT:OKMYTH
16UVKKcKZyq6jnzZmxGjqyLZ567pqDwu7oRTX8uApWHpaasi:18000000000000000000:OKDOT:OKMYTH
1mivBYSNsgEpwtXft9JR2qY1osck9Zx9RziX2PRriFEPztp:18000000000000000000:OKDOT:OKMYTH
16g53nkz8xnQHFhY7uVMPYj6Ycfm9gwYZTwYuBN1eg7AySLT:18000000000000000000:OKDOT:OKMYTH
14mGGV8PcYarBt2ygA2nXdE11twbBzbbjfQLCjZg879YmrLZ:18000000000000000000:OKDOT:OKMYTH
16X3NZobLq8pzBUExTLHvsksT72CAGD2tYrTtqsjx3o8Wp2P:18000000000000000000:OKDOT:OKMYTH
1n2tXZyjpjAqmDSxzptgN5bxT9er8pKhTSFK83uDqTTcMak:18000000000000000000:OKDOT:OKMYTH
16i3JRLALj2g3XMuiMcaVRSXuvoBnpcfjUrgKh2pJUY8fSa8:18000000000000000000:OKDOT:OKMYTH
14ofHK5zhnxmeFcniFndTx8ksLcXVMaZREBbEQB1htDgHiQw:18000000000000000000:OKDOT:OKMYTH
16ZvzcWj1j5VeAxUSbWpRNQReXjGZ2DRAkaYtwNUgg7Ks86T:18000000000000000000:OKDOT:OKMYTH
1NfHnt1LQwERu9V6eWYqWyiusBA8Qhm8PH7B7Y1hiBaVEw9:18000000000000000000:OKDOT:OKMYTH
16iTe5oSTkvt1EHJzsDNkbJCLcTowsGB8euaueBXxjZCmx7c:18000000000000000000:OKDOT:OKMYTH
14Pd3tYkrs7y7y9hZD9c4GguhWuZSc78MN2RoVAmCzR6gd3:18000000000000000000:OKDOT:OKMYTH
18yA75LkPQ2UgQaCUm2BA2hkiv7F6CPQAGPPYKRkdFBoRUQ:18000000000000000000:OKDOT:OKMYTH
1QyoS5pfRG6shSKyn7PMK8pxWVyjYXSBf7v9cgBebH1QLHd:18000000000000000000:OKDOT:OKMYTH
16JDZD87uas7dkCqyvtRiUFTpp63NUTLhEEL1Mu6h7uKwxqT:18000000000000000000:OKDOT:OKMYTH
14r1ygspciSBDUeD75uWjTkxxjbFBRg1zi9JPTgHg4mPgdey:18000000000000000000:OKDOT:OKMYTH
19avHKMMHav5FGz4Kv1qpwyjk9Q9czhkZx976DwFZ5qCvK2:18000000000000000000:OKDOT:OKMYTH
1R5PFBLAde7XqtL3PEQtV22b7gh8Y65nMnor43EFbpfLvrb:18000000000000000000:OKDOT:OKMYTH
16khSqCnsBhoT7iv5gD5yKusX57AAM4D1BBLX8d3ALUp73fg:18000000000000000000:OKDOT:OKMYTH
14rL4iXowKboFQbmphCG8kYsrsfWtuNS73tXv2qfkAH9J6yJ:18000000000000000000:OKDOT:OKMYTH
19TVZBJKQfxSHijP6smAFG9EoRB2Wk9grpBSN4bZzsdjNta:18000000000000000000:OKDOT:OKMYTH
1RJ8MErWiwFyeQMJ7yfAHnPGYeYPbzmjVP9Ke1bBac2JPNs:18000000000000000000:OKDOT:OKMYTH
16kw5hBu7XDKJM76fMD58siDY79cE7C9zRKTcXTDmVgGQH2t:18000000000000000000:OKDOT:OKMYTH
14ukSmSgQ9AcpqYnRuGErrUnB3x3gxBHx3N84XX3zvAcpZUZ:18000000000000000000:OKDOT:OKMYTH
1A9kGhL3ZZAtNgC4ZXcVF4Fo91FYEdm5AdKKf4RuP9gG7wn:18000000000000000000:OKDOT:OKMYTH
1sijNpTWZkAHZAB5sa6aTUk4aKjgHwCoqGi6DZPJicCmBpQ:18000000000000000000:OKDOT:OKMYTH
16Lg8o417Dt8FyrAV4qpnA9t8u1dneQcUwBUopZLqCpZmPYQ:18000000000000000000:OKDOT:OKMYTH
14unEr2MTxGH8tNXWhDrxH6mtcqCsv7DjJqmerqpgNuYgf5a:18000000000000000000:OKDOT:OKMYTH
1BhQbEQmXYjQosjHuJg6SeUEyb5LhwsHiQnN5vnxATeGEWo:18000000000000000000:OKDOT:OKMYTH
1sQS7K6uyo11wYNtdLP1aee5HzNnsfbx1qB9qSG989DMPhp:18000000000000000000:OKDOT:OKMYTH
16Lzn3i64GkK5UrD8mrHAeTEEDMsCNAnqQZv3BsgL3ELC62i:18000000000000000000:OKDOT:OKMYTH
14uPvd81vXR7pk5uENP4viVJxi2sTus5LuvHLe23jNvoBYcW:18000000000000000000:OKDOT:OKMYTH
1bJYnsQ6JtZDCvAyccJcY9RDH3TgDwopMMRQaF8WSmkDc2a:18000000000000000000:OKDOT:OKMYTH
1sxH9nPk1VxghUvA6636xJ5EK9Ng8TCKGTUzR99FUSS73vc:18000000000000000000:OKDOT:OKMYTH
16MAh56AwKnYowN2HRUBYpguq6rTbeHVp136oyW2M1Vd5viw:18000000000000000000:OKDOT:OKMYTH
14XssfFxEcz7G4cByzoFfvs9XXgRjFVfb34atYm7JHwEsY6m:18000000000000000000:OKDOT:OKMYTH
1bvVW5H8J6tRzo2VHQBcSQrsaYw7Rx5Aon8D2QxSoh4znyP:18000000000000000000:OKDOT:OKMYTH
1TfVjBx5Uo2WbGa8Q6LFACATWtcAQTRVm2aZcCzwS2pX8em:18000000000000000000:OKDOT:OKMYTH
16MvHhf1WiJ58AiHYTxEn4N1uMDfYobSyGR9y5ASxoFMM3i:18000000000000000000:OKDOT:OKMYTH
14XuqWkRQrG5BW74XEPuaEp3jcZCncmWERQJbQQxjDeMpM2T:18000000000000000000:OKDOT:OKMYTH
1ChzMYvSaXuHcRC1hhcpPubZFy6B39cfFT7joGSka92uwWS:18000000000000000000:OKDOT:OKMYTH
1TMAUEAdVcob4mJENXy9QR5h8SRG4VphiEJxVaz5SV5myQf:18000000000000000000:OKDOT:OKMYTH
16PBY5AovmJWLj3537A8eNsPonZedJiPxBVk46J2Nvjkv7Hb:18000000000000000000:OKDOT:OKMYTH
14zBLw4z1tFiWcxwoct16b4eDxDmmdKged9C4HhyZmqFRmQR:18000000000000000000:OKDOT:OKMYTH
1CkaxopnvgGYu2BgCbCzxXDcNzRXgefKCmVwPEYEBJ2AoxN:18000000000000000000:OKDOT:OKMYTH
1xbFLduupsvymZkENz6LEX4VeBZakhdWjcdz4AjLKd9ZcBG:18000000000000000000:OKDOT:OKMYTH
16PK7rjXXkAFkCQJ22G5CAhBuBqHNza6RuZR4SjKJU6t7gUA:18000000000000000000:OKDOT:OKMYTH
14zVVx2mWPzgxX8EmfpWedDFuceCRZyKj5EMM6JNvxQfMcJ7:18000000000000000000:OKDOT:OKMYTH
1CLGcBsymK97mWYNrPcb3AoQUXCtJGzFawL76yCYmTDap1Q:18000000000000000000:OKDOT:OKMYTH
1xR6ZW8rL55GDo4XcBDbjEqbt5cCv3C3N8fFySvRQw17URT:18000000000000000000:OKDOT:OKMYTH
16SPD61UGoW397K9uEWVxFxD5AywH3dVk9mK5UREXcdGnKbC:18000000000000000000:OKDOT:OKMYTH
14zwSyjjNWvbaFob1BgZizuec7WrYSuCoTh8HR3B5fZR1oGk:18000000000000000000:OKDOT:OKMYTH
1e6XkW9P9vKogjYyDnF69W4zRh66Rjqdg14Xkr8LkjxAzkX:18000000000000000000:OKDOT:OKMYTH
1Z4wgBmr46Dxo4DMunGQwGLKPyKD3ppuRbTmCHabnU8i7Gg:18000000000000000000:OKDOT:OKMYTH
16SvHYAejKKLwckRisN7Nz6DyT36Z8AyTZrVdWPkkyQEqBDH:18000000000000000000:OKDOT:OKMYTH
153LLG9WURiTXGgwgQfRNrq4no9i2VCXctp3MKc9MxCd7ASa:18000000000000000000:OKDOT:OKMYTH
1eCg9yKaiJ9nGdHPABRtoDg9NXkxpFEZnyGeo2pE3h4QsZh:18000000000000000000:OKDOT:OKMYTH
11MFSiKZ8QJrSC6Fk9Uqywmf8MLwqQcUf3s3xX6kKxjg8xC:18000000000000000000:OKDOT:OKMYTH
16UMuuUs4BCMAuyoa7N9eEHGqfL19BtuVLo8fGtYQpeMcf16:18000000000000000000:OKDOT:OKMYTH
158mBd7ZBoRvZsqjSMCbgitcVF3vvX8iWksTaCw5opr66QP2:18000000000000000000:OKDOT:OKMYTH
1EEFGTS9b91WyqWpmALoLgBxMezmMvy7rTSVrzcjp2Lz373:18000000000000000000:OKDOT:OKMYTH
11p7Y1rsG6tmCu85AEC8tgUoGhb3nN7HfADDTqza8jXfpdS:18000000000000000000:OKDOT:OKMYTH
16V15cSyLWCg6aDDs3sNWqmdgU1E3vzfM7LfXdsmCfieRQry:18000000000000000000:OKDOT:OKMYTH
15aFKGu37yD2Y8jNtmm3NrHEtpMqZCQU7zfuaBcB8sdxAwfk:18000000000000000000:OKDOT:OKMYTH
1F7riB8EZGaTTax4KzDBz5HxdToC3nYKawemo72pJhRqPff:18000000000000000000:OKDOT:OKMYTH
11W9bx2v62TMCXTpoSzH3QjQcU23cWDMNoShCGtMHMSZJ7R:18000000000000000000:OKDOT:OKMYTH
16VYkiNyFHSVaydMWdaYx12CvGqJXnadAVx5s4FwfowPjbZh:18000000000000000000:OKDOT:OKMYTH
15aREZWMBmuwUtQ9WgNiUgL2GRbWMzfrmYWKKh5GBiKjE2EQ:18000000000000000000:OKDOT:OKMYTH
1Gny1xt5MeDS6jXcvLsNiittxPTEhn7n3GHFBWacuUxaqEC:18000000000000000000:OKDOT:OKMYTH
11x78ZJx1DaKtbPPGwMTBThwUyoeswvc9Jweozm5grSVrXK:18000000000000000000:OKDOT:OKMYTH
17YWcgiNcS6vAoKbWMRnrf1T8ehquPQ2V8EaBKb7YdtnwGc:18000000000000000000:OKDOT:OKMYTH
15aTHTc1jxX15sYGYEjfYQRmVvrAko2qpMt3PLtaomNwxLX5:18000000000000000000:OKDOT:OKMYTH
1HqvncxAQJdy2whwsPXQ8rEgdfX2YnnbT2Aqxb9tsDqb7Et:18000000000000000000:OKDOT:OKMYTH
126B6MburNhzGbL5Mit8M27oNdpTqe7bau6p6FrmLDHAKSY8:18000000000000000000:OKDOT:OKMYTH
1bggUFjq9PvgeaF4U7yVdxQBVj6nTXechyppuBtnZ6Dn4uo:18000000000000000000:OKDOT:OKMYTH
15BH4xdRWuVEGWK2u9rRxNWxFxBxiLPV6RU2z6tSsmFWP7Z1:18000000000000000000:OKDOT:OKMYTH
1KmBepe4EMRcLbwe1yAtrg1DrPJQeAUEpHAYrK8MiVk3DPf:18000000000000000000:OKDOT:OKMYTH
129rmv271YDoYfMGW9ct8G5wiNL9DSFBvpaDJJo1QrNGAJ6g:18000000000000000000:OKDOT:OKMYTH
1Bhdo9S7G8fCN7i7cyfvDXHZaVjrM2zTg8W23CcMAg8MPva:18000000000000000000:OKDOT:OKMYTH
15dcvQMfJURtNWZwh3uRfRrBcDikKv2Udvn27uXFrKrU8sHt:18000000000000000000:OKDOT:OKMYTH
1Kv1BtsXRbUFkadfuLDUXN6A1Jy6BHDBBTWCttymtpnBi2W:18000000000000000000:OKDOT:OKMYTH
12bhyhdYs1kTXxYiswhTwLRzNaUHcfWkNRnR7h71XhNh52PG:18000000000000000000:OKDOT:OKMYTH
1c9iu3Q3hNKPdwfHGSNuzEW8N7HwDJg3uH1azY776B7D73z:18000000000000000000:OKDOT:OKMYTH
15irfcTa5LnR3idM9qvfwgpZx1mHdH2jrsVp8bEEajVeGcL5:18000000000000000000:OKDOT:OKMYTH
1NeTeMuyaxhAfN4xZAt9D3e6XCmt7XbXLHFRCwpA6j45XsD:18000000000000000000:OKDOT:OKMYTH
12BxLDVpZr8hrRF44oqFRY9eVTq3B3SJPdngHwpyFApC8Ecr:18000000000000000000:OKDOT:OKMYTH
1cFiQW9T9YZZWNGc7GeXXC7rj36kzN1mVEsnStEfh1N6iHg:18000000000000000000:OKDOT:OKMYTH
15ixsZi3qQ6wK7MT1y88q9JqHAHHRofQeumEcZzRNbo666vj:18000000000000000000:OKDOT:OKMYTH
1pjm5ijuhqoocVm9kpw2NKR2t212377wGad9SrJY4HAtR54:18000000000000000000:OKDOT:OKMYTH
12dRX1DSHNbrDU9pBmy7jUgX7AoGSojhvQHKAci2oeTYubEo:18000000000000000000:OKDOT:OKMYTH
1EzDWoN7Bm4gc2wHAvBZ8EVCLHP1rK34JCnSfSUGjpwc5Qu:18000000000000000000:OKDOT:OKMYTH
15kqvokQG5wK7S8H88UVFfrAkNxdMc5cdMAjgqbeGFeJmds1:18000000000000000000:OKDOT:OKMYTH
1pwYeU9buvMUXMx3irdwN3teBQJVMWQDupCeVCEzq841enB:18000000000000000000:OKDOT:OKMYTH
12eBPiZAfbZZKar8xzXKL47TwjdfqKpELDQq4tJ1iUT7gfS9:18000000000000000000:OKDOT:OKMYTH
1gu8ctZ8Bk9qGLwYCvRwprgDtToVN72eNAFcp47N5VVVqwR:18000000000000000000:OKDOT:OKMYTH
15MvLNy8KTWrSw3MXdaNTxya5DxgVMv7mQ87D1gF5CHdrgpG:18000000000000000000:OKDOT:OKMYTH
1q7CDF7fmpSQuzTH85RkTQ6MpzTdDyVoopBNdVzSMg1jK6Z:18000000000000000000:OKDOT:OKMYTH
12Es2FiffcEDRoJPfn48MzfndFNu9gwBhGZM5ofyKgYeGZJf:18000000000000000000:OKDOT:OKMYTH
1Gvhnu33tdnYoDMLxowYAkDQexmST3TQwVTQ25qmRFYk4H6:18000000000000000000:OKDOT:OKMYTH
15QVpzYCaCCcF74sZgd4zLHqxn2U2NuyKjioEPVLRYiXwoqb:18000000000000000000:OKDOT:OKMYTH
1RDnjWgGAUsen3ohCXgrAvoXDvCWZsCNfrk9Gxz48vYQHjk:18000000000000000000:OKDOT:OKMYTH
12iv7EZYz7kk6ji6yYYgeSvEFgzoFoXcTbtiajE9LwEN6j33:18000000000000000000:OKDOT:OKMYTH
1gXizwFwb6PYHR17rwFQoc4kLV5fczhij4ckhqSYrzkaizc:18000000000000000000:OKDOT:OKMYTH
15revHpGVcE7pYS1hzcvvrHr2DELUUb6rGs4MFHREYMjurp3:18000000000000000000:OKDOT:OKMYTH
1Rhtrjz1NbVRAfdaTCgf7FbMnnCUpWZTs2H6yr8wurHswfx:18000000000000000000:OKDOT:OKMYTH
12jdz1vJyem6UfLGeuHCDpXReUdSrfsSgmVS3xZx7GjEv5EM:18000000000000000000:OKDOT:OKMYTH
1h4wLshDeEZeXqJnBsCKrfTgUNfzFLHcAkJ7o6DBY8RNEKY:18000000000000000000:OKDOT:OKMYTH
15SMCURvwNaUtXdukzUeDryfhcfhV1NPLjiQFwdZGDyj5VZu:18000000000000000000:OKDOT:OKMYTH
1vWoonqHfKkBkPrbqa2Dkj33nqQR4ZVxxxA3PBTs3qeQzeg:18000000000000000000:OKDOT:OKMYTH
12jN1apuF2Qk8w8ieyWD2GzrLUX7ucnbmgTHo6bAFJsH6o5D:18000000000000000000:OKDOT:OKMYTH
1jdr1Z3aQ7Z4XQQvaGx43PctXNxsZnarudt9ErYwJ1GBrHr:18000000000000000000:OKDOT:OKMYTH
15SuDdWV6PcnigBZNB7Ch6VZ8DdY1M9wWzg8CQ6fqdkWLPW9:18000000000000000000:OKDOT:OKMYTH
1WA2KWCYDG9Ekw2ZWTsBE3NJUL9HBoQBYfvkMhfYLfQZxN1:18000000000000000000:OKDOT:OKMYTH
12L8CZV5tg1kvFxFK6X1J81rmGkQGUSGkVSBNEunrNQH8qcT:18000000000000000000:OKDOT:OKMYTH
1jRLRupYypALtZwtsVJP4DW4gi78MP8TGuL6JpN4KV5sohw:18000000000000000000:OKDOT:OKMYTH
15SXE2QunW5xfiDJ5Y8VRKVhnXR6sJut8CJu1ecfdQkTbCsm:18000000000000000000:OKDOT:OKMYTH
1x8tdZ8Bks5nuK1SY2pYB3xnuqzJy7R4aJd2zp53oZ7g3Yp:18000000000000000000:OKDOT:OKMYTH
12MmZMGt866W3eaAimzCch2scDYJcRdFKsjsuekccX7bP2EP:18000000000000000000:OKDOT:OKMYTH
1k5QpUbDKDBPkKEwJb8yUsjoJFCMLDKmNXhXSMWcw9K69Q5:18000000000000000000:OKDOT:OKMYTH
15taTHEnUiQsjwGNDiq6rG6bAGy6Fceij8tpqJk3zFvegFCV:18000000000000000000:OKDOT:OKMYTH
1xudi5QmUfNmVAAQt2tsVFy187wdx3Q4F2CMHhLRY8hM1jK:18000000000000000000:OKDOT:OKMYTH
12NZKHKYsQ9Y3gHHsakd2ZWCcMsa49rRPQqQLUNoyetMovW8:18000000000000000000:OKDOT:OKMYTH
1KdUh9UeXzU2LyfBuHdygGgxzkdW3ekA3wF3osiU72eaRvr:18000000000000000000:OKDOT:OKMYTH
15TFW3VFax66Zq81PhNt2eJXnvTc9dVnLvFveyS8krHcf1KY:18000000000000000000:OKDOT:OKMYTH
16MF9JjYyR5vYggqpGUKZF4QocHchmXx6KewKP4JwZYWudSM:18000000000000000000:OKDOT:OKMYTH
12R6wyf6f3Lb5otWB4jZhhTuatB6RWDPbedV5GKyVJHMCjwU:18000000000000000000:OKDOT:OKMYTH
1nCp6yijXSxJUGzQXSMkpxAKYhePiZXpmLiRdjgQbfK1JAC:18000000000000000000:OKDOT:OKMYTH
15tGCAGFukZJDTZKokHrHpMSYQ8Mzj2FPUeEkYm2SS1tn3T2:18000000000000000000:OKDOT:OKMYTH
15gNtr7ucv6Tr8dPiu1Eb43ke5zFLSqiiG9AgSRHuz32C1fe:18000000000000000000:OKDOT:OKMYTH
12UDiVpNTCXBSBLkaQjdUeawgPdnsNNKcZSCNC523Vmu47dS:18000000000000000000:OKDOT:OKMYTH
1nFSjf4xe6oaaovvFp2ZyDLHpp9jeMvBnnFmqpcA8iVogA8:18000000000000000000:OKDOT:OKMYTH
15u2J11HNp7vqz2CWapcGtzcjjwRGwV6qvDeWB7GdLgqH7ji:18000000000000000000:OKDOT:OKMYTH
13iSndvedGKEo5TmPQSFPs8WfDkPREfzReNU2XQrXZBVzrLt:18000000000000000000:OKDOT:OKMYTH
12uwq1mjeP2Wr9A67GXWkqoCEr75wc2fYC4FXgujgE9MLipq:18000000000000000000:OKDOT:OKMYTH
1pPtvWj9Cotc8q7tmPFKiqn3cjGMfnSu2cnMfU4UPcEQWCL:18000000000000000000:OKDOT:OKMYTH
15UvS8rc4g9xGrswGhH1vTGSrGNGC2vtnHA2e7YVeUmgY1VX:18000000000000000000:OKDOT:OKMYTH
1566RHPGrcBy44CpeMfUD29UmeRksXsLbKor2HqYjKs8ZnQX:18000000000000000000:OKDOT:OKMYTH
12uZtq1oJVJMSSQ53UDzMFukSiUoVBCkqVwCVniEuyJAzvaP:18000000000000000000:OKDOT:OKMYTH
1q8rxSf3igYGBLruncPVmhGLQd8uQnBdfN3KhCWNR2zmxNJ:18000000000000000000:OKDOT:OKMYTH
15wNBvPAWStqM1HeC296bbKNPrfoQHkfXPLdnH5dXbTSQBHg:18000000000000000000:OKDOT:OKMYTH
14dT9hr5gH7JnWdhhDDxMrarxiny2YcdmpJhRtw2HbkYsngs:18000000000000000000:OKDOT:OKMYTH
12xGDYCz37Ye6Rs2wTknc9oDpiDLFkifPRk5MHboNRn23WFJ:18000000000000000000:OKDOT:OKMYTH
1qCbR4oJZY15WsBiRFHfxVXHqUiXpm4HrBDcRY4kFm6CuKX:18000000000000000000:OKDOT:OKMYTH
15YESpejJka9wTeKrfB2vqVJc6ukx2FbYTCzJzufDEusJodu:18000000000000000000:OKDOT:OKMYTH
15aMMHhHtUCdrGHWyzP8bAFs2yK65dsfZBJXszBfJ48EQmNN:18000000000000000000:OKDOT:OKMYTH
12xgjjJKngauYydhPGTsPwPcpWSqvFtCRgRF3BLfsoAw7Sih:18000000000000000000:OKDOT:OKMYTH
1rxH3KMcnJpt3qW1pmDYE56cBxn2G7y49qaB4dQ2V3E9uvx:18000000000000000000:OKDOT:OKMYTH
15Zw8sq2uGKTgVwmm56z1GJzcUqxoqxugwnPmao5aqNpHvLk:18000000000000000000:OKDOT:OKMYTH
14bGPh3cyvBEmJ4i8ahwC12QJgfeo6KH4zbT8HTN8xUtjF45:18000000000000000000:OKDOT:OKMYTH
12xHpBAiybDMG6Bz9uchj2WerzZuwAmw2DeiVe4p7GLYTgrm:18000000000000000000:OKDOT:OKMYTH
1TJiwrcSp1SRnqg8rDZ1aSoe35MwuW36UXbmrMgUwdjKmxT:18000000000000000000:OKDOT:OKMYTH
162Sr9hy1Sx5fHSS5buh2UTuVb75ZXRNEDYzkYmZp5KJQJt8:18000000000000000000:OKDOT:OKMYTH
14MkPoFWutyjBNBTdu9ELkigjkn17rfV5VAVCYGMCW4jgGzR:18000000000000000000:OKDOT:OKMYTH
12YaEYzaQiYd37tUnEvnmHKXbDCw4LyVCoXmt6TcY3tf3HGh:18000000000000000000:OKDOT:OKMYTH
1U5gNd5FjGt261QoFHEoqcFMifHAcoY592RpmtgjVRjPogh:18000000000000000000:OKDOT:OKMYTH
162tyc8SwQGMwVeHbgDwUMGV1MTma3bXVYrRTdhZdc5ZrfpP:18000000000000000000:OKDOT:OKMYTH
152udsP1buUA8DpvQY4zGanSteJSzWFUjUQwDuDikXaftTma:18000000000000000000:OKDOT:OKMYTH
12YRxM8ePjmLVuEVBCpra3G5NdKmuTdmaeYqkndAxAzCKLW8:18000000000000000000:OKDOT:OKMYTH
1uvPW48b5ypdStWTR8YwThbJanSKs7hKyDWKCTr7mYisDxE:18000000000000000000:OKDOT:OKMYTH
162Ux4fnXXB2rdzd2wAd314XYzDZ6nZyC5c6Tz9z9fnATTR5:18000000000000000000:OKDOT:OKMYTH
13txV2N59PpQTFgqbkTE2HAUY2hV1UTY3owdMFWXsGnAsdJT:18000000000000000000:OKDOT:OKMYTH
135vDsvuRRJvkyWrWV8zxa6MvfjrGYmHCB9cjCFQf2RkqYCv:18000000000000000000:OKDOT:OKMYTH
1vdD3H2v9zSwtSyco8pjqvUHVeJwBJDL22hH1WJrAxxXDf6:18000000000000000000:OKDOT:OKMYTH
163LHeDwQQZkXokATZbMxeMdLAZ5i15wM2Gg4EDeCuQe9QLf:18000000000000000000:OKDOT:OKMYTH
14YfdMVdVHTmB4npcR8CibE4dhGnsA8gsmA8kbtCwwS5pGdi:18000000000000000000:OKDOT:OKMYTH
135zSKneLUte5tfS4XHXUR4eJZR5bDBW6HcEAkYWJFWRRa2p:18000000000000000000:OKDOT:OKMYTH
1vgxErQ4bCduhPyk7RVAdwpy6rBZfHnd5xWphRh8fxgUfYX:18000000000000000000:OKDOT:OKMYTH
165ShZLsHXiCWXXpnzW4bLbKTuXUd8eJTBTxs3LthbwgPyKf:18000000000000000000:OKDOT:OKMYTH
14DtbeiD2fybrSQfYKsrim99KSLJBMYVnuz8WcfYtHRxcGhA:18000000000000000000:OKDOT:OKMYTH
1368qqDEup3XBJKTsupxoNPbJjJGwVAAnjhhR6UpacUqJ7Vs:18000000000000000000:OKDOT:OKMYTH
1W5YWiCkhb6dG6Lsy8nQLtB39sxkUX3USdUrjrWrWppGUML:18000000000000000000:OKDOT:OKMYTH
165SkcccYsTcSMXS6UDEDXwaeBqWGUTeL9KCC2dd3gtcTRqH:18000000000000000000:OKDOT:OKMYTH
14GCDK7DZzqyzaUvxzV4vDALNfJzK6mjswajW1QwMk2rnVj4:18000000000000000000:OKDOT:OKMYTH
136EBZZpPpCnWGK6FVrsrxP8JDM7JrokmFphS6gG9YuhV1AR:18000000000000000000:OKDOT:OKMYTH
1x94hUJ5XAmGpj5e8bMrsjHtg1Gpec5FQBTcxeG4MSexqXB:18000000000000000000:OKDOT:OKMYTH
168323W9HYatyZ7MfcVvEgQx3Zbx3E1KrbwceLhHptRJLyNN:18000000000000000000:OKDOT:OKMYTH
14iCiKYVHhexY5xyTwRk1xDhra3W6qfScJc194A7gVLTyPbL:18000000000000000000:OKDOT:OKMYTH
136gHU1bJq5Rdv6rMDXQ4n4SwdfNxCaPypTeeUXnUsWZBiME:18000000000000000000:OKDOT:OKMYTH
1xwPP7cPGK2uWdZGUZAzEha5rcrmsfMjwZTmphUptppDrYJ:18000000000000000000:OKDOT:OKMYTH
16ArdoBzFWTGcBnqNu2yXu21FJw6AmNz2veum4V3QDHsLRJ3:18000000000000000000:OKDOT:OKMYTH
14KFfM1DzPGt3M3eam4kqjrLftZLSGuvE8jBGEqTzdESpWpR:18000000000000000000:OKDOT:OKMYTH
139KLi1EgWLC4iBSguSF4YGngWUsYRZ6XdH4FU1Y4gZmksom:18000000000000000000:OKDOT:OKMYTH
1yGfe2LMGmFDHAvszoVKSosgKrDWPEzizGV8P4ma7UPqdZa:18000000000000000000:OKDOT:OKMYTH
16Cd42K7Mhc2RrG2qrrEpQoQ2yW1KA3MPT3juGKrJhxYM9rr:18000000000000000000:OKDOT:OKMYTH
14mJSEB9myoJxTEJCrEd6Krdfj5sdkQUe36CU8UoW7Niapap:18000000000000000000:OKDOT:OKMYTH
13abFMGbcA3Uq2EyDer3pNZZvVLC6fpvcv34MbQsFjKEN2D6:18000000000000000000:OKDOT:OKMYTH
1YzQNRY1RyGgrmejbSjn3iaZnQX1dk8fcvZegF1KcLR28PF:18000000000000000000:OKDOT:OKMYTH
16cdCi3FRbqSf3a7GTu56gW2Np8268AXGTyWJKSdKgBGWLuF:18000000000000000000:OKDOT:OKMYTH
14QFaJmgfw1TKTtRTPdfokaMsgZ4qUhWGbduSttHysRqRuqb:18000000000000000000:OKDOT:OKMYTH
13adgkjAr3WcjLE3MFZPewgshWYXrxNY6phsj79JaZU2AyHr:18000000000000000000:OKDOT:OKMYTH
1ZhdKj2ZBuKCu7iovvj7izg1qZA3w9jQYhuJwkLsgKdymVo:18000000000000000000:OKDOT:OKMYTH
16Di6tfchtnxtqZyBy1hM37e2Hd2HrjSxKi9cZ5wh4HHZ2k1:18000000000000000000:OKDOT:OKMYTH
14r5GVay4g1dB8MD35dAAAuCLaiSEL5kGrQYKTJS2TdVGVXz:18000000000000000000:OKDOT:OKMYTH
13akHgo8s3fGcrmb4wup44F1Ds4uZuswq5NXQR8woxmT9jj4:18000000000000000000:OKDOT:OKMYTH
1ZRTid6XRf2k1YMS7X1YDjvwpStfMRVWwRZ9v9YWtmpS15X:18000000000000000000:OKDOT:OKMYTH
16fNWuiwZfPmu91yNf93Bgkxr4chunZbGyPmyage6SavQGmK:18000000000000000000:OKDOT:OKMYTH
14rM6B913tpMo7ScR6qnVA4cE1N2sc7hDzaBy8oGb3w3kGbj:18000000000000000000:OKDOT:OKMYTH
13B8FbWJF7xz5QrNm3KhEa6tPsu5k41BbQNjcvTHFgaesBw9:18000000000000000000:OKDOT:OKMYTH
15kwvz8fFYSbDF6znj9uvnNxanqqCDQzRWeCKNJt7zrDJmUm:18000000000000000000:OKDOT:OKMYTH
16fu5M6EgBgdTe7YFuKDaJvEfYc1yTUZ8esSXRSfV3Qghzu3:18000000000000000000:OKDOT:OKMYTH
14ruKcP8wiJ5zp7J58Kk9oa76Wv1Z2iMXrtShNhixWb5Fceb:18000000000000000000:OKDOT:OKMYTH
13bgdiRj3eeb4286AhA8vwQC2VNVRtQZFGTNsqhL88C8HFbi:18000000000000000000:OKDOT:OKMYTH
12v6BCEWxtgB7EHZBxPAwMLKJBiAnFU2gCnZpxN1chTMtdLL:18000000000000000000:OKDOT:OKMYTH
16G1rmM2xbV68uMMBK2QU2VseyG8p5X61UzKfSrx1BzAbhz8:18000000000000000000:OKDOT:OKMYTH
14rXQpz18d4ZCLCK5cFXwUon6GwJeYNt7CkgkrMMXiAHTgQt:18000000000000000000:OKDOT:OKMYTH
13bGKQHcEZTJVTjmjXDVjjfo2vjJVZGFR9vgYKwUrwHV9M51:18000000000000000000:OKDOT:OKMYTH
14Fn4wroopo1qhn9psgTLUWxwExPq7ZVaEYvHWxWeWVCG1F:18000000000000000000:OKDOT:OKMYTH
16g6eLG2gwgd2oAsTvAEpq1wtZ3nQHBfizfiSasX2c9hESuC:18000000000000000000:OKDOT:OKMYTH
14rZuJBaFdE2LVyeakjNgC7wep4nBBuukrMDutNFrZZrVC7N:18000000000000000000:OKDOT:OKMYTH
13C4nWa7FkxbDAQHLtjTBdKVXfN1A2tPYnwpRkuXJfJ2ZgEn:18000000000000000000:OKDOT:OKMYTH
1LU4F3gmwSTvsfDChrCGbUaZ2rSuNZgzTrkAeK6NvBPvLFZ:18000000000000000000:OKDOT:OKMYTH
16iLac33354cqTxk73SVUrGdAH1vGrgUQT1J7sb4N6zoadR2:18000000000000000000:OKDOT:OKMYTH
14ShJy75DPfFzCASBUJvHsPVQeZaWr6zsVwoGP32U4gsHnXj:18000000000000000000:OKDOT:OKMYTH
13dHuwMjdYPW2yzvXocD1PhHMC3sKrw7YZzNBu4mnugoNeoM:18000000000000000000:OKDOT:OKMYTH
12mndBUdQ8BcqfiDQBDnfjYi1J6PCJwAUbRa3xYrGdzmFgbA:18000000000000000000:OKDOT:OKMYTH
16J6fqQHUJcN9GnVaqEeM6EkBWz6MR9Rw812wpgoW8LQbFM2:18000000000000000000:OKDOT:OKMYTH
14tetepTiFV6sUSan4WceznqkTLFiBSZfFyQAEb6esnBHrmq:18000000000000000000:OKDOT:OKMYTH
13dN1vbSwDXotwtZN2boZqKmcs8xqC5JrU7xKiuQ18npmWmr:18000000000000000000:OKDOT:OKMYTH
1nHmyreLbmskGGYKezgHYy4wnGWs3XjxXWntccjHD9bc5iS:18000000000000000000:OKDOT:OKMYTH
16Jh9cgtHarKmmBxMxxQkyxR5njULB4f7U7o4XxrFPqHMNos:18000000000000000000:OKDOT:OKMYTH
14u9qFdpD1D7rN1dkNz8tyVca1SMvNKoTdkZ6PVEcCPP3JYY:18000000000000000000:OKDOT:OKMYTH
13dSGnyCYiEXKh45mGLoYn5TaSTZzbfdE6tSye1AtXav1jPF:18000000000000000000:OKDOT:OKMYTH
15mSCbDk2w7hxnKRthJCtHXSeVTfc9UrSDybzNFA6b9dcW6v:18000000000000000000:OKDOT:OKMYTH
16JXKScAUGtFkpSGnJgPKbm5GK3StuGqP5VnMNT4kU3b8ACQ:18000000000000000000:OKDOT:OKMYTH
14ughW44FvNBDuCQ3MASxy6x7kaqyPzdnbjkLWDCECX5a5Cr:18000000000000000000:OKDOT:OKMYTH
13dXvkefsih1SUH8ikUD6JK1duzgTVCczFPJda32nWAQJhpt:18000000000000000000:OKDOT:OKMYTH
16MUeNV35TRLDn7Ugff2aKRPhgX9GE2mCRpBFRAidaFcEmMG:18000000000000000000:OKDOT:OKMYTH
16kiVu9dztcoW92ypFp1LLZZVJnqcYKb8rsdJXzkQA6JST1x:18000000000000000000:OKDOT:OKMYTH
14uNKoR7id4HtUbki8r2V5keht15gKb3A2RgqvqM7g8c12gm:18000000000000000000:OKDOT:OKMYTH
13EjZWogR59j7osDrjapn6PiGdxPtaCBvVxzZAtpJ6RStKim:18000000000000000000:OKDOT:OKMYTH
167wnsv5fQWLttHUV3krHVRieSpMTjHekaZioFvECqXsCCPu:18000000000000000000:OKDOT:OKMYTH
16m61ttURXywo4XdBfWoodpe8iyr1Gj3UhZ7Fhz2BwuWUbxm:18000000000000000000:OKDOT:OKMYTH
14uZ5HFyCS5MtTV5S6kipUgZE7gZ61wKLckCNbH3qhpephrs:18000000000000000000:OKDOT:OKMYTH
13EXXnQdasTiSpVuVQ9RoxYF4rYHxvMhQraA5nMPkVvdaPRx:18000000000000000000:OKDOT:OKMYTH
13Bod4yTjc2hLhtiVk6oGP5Xt5GE5rxhekp9HKxVNoUZVAVY:18000000000000000000:OKDOT:OKMYTH
16MeV9JCbAibC7rWCi3Ras2RwwukxXFQAARPQh8SsqBwSgNJ:18000000000000000000:OKDOT:OKMYTH
14VqamGhR5PhxysnubRzivo9oL6pfQoKUaJLyR4x8W9CQ4mD:18000000000000000000:OKDOT:OKMYTH
13gx6gSWC8r6BYuoAaLWg6NeUQ3VCbFdcPaR73aBu3u2owfA:18000000000000000000:OKDOT:OKMYTH
15teUJLDYWMvYfPw2ZjuV4RzMYk1LdSKpGnedSYkqCBBG2Uy:18000000000000000000:OKDOT:OKMYTH
16PBVxszMoHP8CbDa6FbCoK436wNrpGQy21qShN93NFENF5C:18000000000000000000:OKDOT:OKMYTH
14wUSR6WNofDHVZAD8qTkcvP5Re29MYKDRFn6bUxKHc5qJZz:18000000000000000000:OKDOT:OKMYTH
13H8rRdD1KTGZii7XBGaFc4cXfe5GXHkn2ExqBr1c17R2vwS:18000000000000000000:OKDOT:OKMYTH
14iZzCC4aBraar1C4JSEbjYe6hYEJJnfDoR3LmkVFKS8S1gx:18000000000000000000:OKDOT:OKMYTH
16PUmdwBv2dZoYvCuTHSEzeorfjig5p2pdPVvH8pARfYtcNd:18000000000000000000:OKDOT:OKMYTH
14YeFE8u1UZeN2qcxSbbUSm1f6VQg2fwL8XuVZ678LVwmcKS:18000000000000000000:OKDOT:OKMYTH
13iQFBLhD6tnnxxiZFwKTBvTURmNZptWYtfvQzsnLyRYTpd2:18000000000000000000:OKDOT:OKMYTH
12WJ5594vmNdkobZzCvPauUazmxzbQ3vxYrbyQWygeZ1KgKq:18000000000000000000:OKDOT:OKMYTH
16TvsFsgivcQS38yysmYwixsgGZtuwhNNWdd4ZzxxX5y1Xg:18000000000000000000:OKDOT:OKMYTH
14zCbzqSivvpLFqEF4zMNpbHFiforxAApwAtwcM5LMRSgAJA:18000000000000000000:OKDOT:OKMYTH
13iu2VsytHgnhayYCwvFTHZVLFFVdbiRkTp3Bs4oj3RxWtvN:18000000000000000000:OKDOT:OKMYTH
15Jh4agKMMx3jhv2hkkSeoBZ4jzTkG77qT1aHTkE6xN3TgRr:18000000000000000000:OKDOT:OKMYTH
16UNrJMH2fcJQZBybLAMbxxxE9bKfLF1QJqFSyumq9JawfeF:18000000000000000000:OKDOT:OKMYTH
152jXrv46WuWw6cUHnjA5Q36jSDPhdXheztwYTGGmxN5GpTd:18000000000000000000:OKDOT:OKMYTH
13izWVuCbYLzANVZtPWsmyg4CvqjJvFahb6WBuXdP44F2VyZ:18000000000000000000:OKDOT:OKMYTH
16LgQsgFbmz3qbNdVQQKSPuLWAYTUjSBtnpGeVKur3nCUDzQ:18000000000000000000:OKDOT:OKMYTH
16XDmxLbkoqsLrV7BZLG2Ts3TZoyHofKrrx3d9TV1yHLCmwP:18000000000000000000:OKDOT:OKMYTH
1554pBYFGDBVdGvnjqwkdBQEMjRPerm8N3MuomvqJLzisuj8:18000000000000000000:OKDOT:OKMYTH
13jXX5buYFuuqeHbfu5wPNsR4qBUsgYA9bqNEcB5WRq28Hdg:18000000000000000000:OKDOT:OKMYTH
12zV6aoYyhkbkLfXpLCKPS5dBnzFtrvucaJzssQJZCrDm7J1:18000000000000000000:OKDOT:OKMYTH
16Y1KKnCjqSZqQvVqT2eDT6zFEk4WdvB9MyT9mVDgGj5APkC:18000000000000000000:OKDOT:OKMYTH
155cNuiLkX63AEaDc1sUm6P69LZ53Ac2oW7cUaAVK164EqtH:18000000000000000000:OKDOT:OKMYTH
13K5Q3X3RuMpxtAha8KiMzxQ4wU44hhAdX6HsF4CRjCAU9sK:18000000000000000000:OKDOT:OKMYTH
14UQKV25qZfEK4ZqNwdiLUePdmzgYQ1yprKq93BdV8kdwk1:18000000000000000000:OKDOT:OKMYTH
1bMNHTnp3vWoKWAb4tL3eWVhseXe2Fj9fkvYq3nYJ1YBkMF:18000000000000000000:OKDOT:OKMYTH
155Ma1XLjEq8WF8LJ1yaG4d47axXJrVEXyRm1i2Lg7RiCo51:18000000000000000000:OKDOT:OKMYTH
13KqwF5bdA6Py61y7kZGeAV7LrrnUcmqkoAsS3RQGdPvbMqQ:18000000000000000000:OKDOT:OKMYTH
11P6Ca2ipMdmz7bvPxGX5M15s6N9GbkR8XhqcXGrjKUM357:18000000000000000000:OKDOT:OKMYTH
1C5nyecRqCY8tCNUTkdmiDnVvZHh8gvYu2wRPhKzkzcVnhH:18000000000000000000:OKDOT:OKMYTH
1565dj8ZG6irwDim7KF6mhyvhnYsV9wgcHtpe9LfN91x7XsF:18000000000000000000:OKDOT:OKMYTH
13mLaye9SL4FfQ5KkSqGBTc7doMFN9tqdyiy2kH1E6X6zSht:18000000000000000000:OKDOT:OKMYTH
121mdtbRRct8Qb2s1itgrkp2zXu331zHdC5X2QfyLE2LktSt:18000000000000000000:OKDOT:OKMYTH
1CaHrnu4XhLqBYnYHTgisdNJRZ7SMZJELBmEddNugDd4YJj:18000000000000000000:OKDOT:OKMYTH
1583Zi6Fc4GmPyffKBR8VE1LxsecbzXYa6wD37gFbNAxMiuV:18000000000000000000:OKDOT:OKMYTH
13n3g6Eu6MeLuwqeCLnn3ovynJiEAz2PUDD8oQqBzgrPiJV2:18000000000000000000:OKDOT:OKMYTH
123g15VVjiwA3tSeY5dU51x27rVo6hXMkfXUAEo93NiKSDTT:18000000000000000000:OKDOT:OKMYTH
1CeHzWuu4W55rvZnD2b9KBqAAxUswLua8UCzP45PSLZDXoa:18000000000000000000:OKDOT:OKMYTH
158FzS7MnZAYuybReqf7MCkQE1bZdaAc3cuxWHesLwFUkCik:18000000000000000000:OKDOT:OKMYTH
13pZMxbFThPFvnjJqujtdsKH2vfforwVijWhCBfYtPki1e4K:18000000000000000000:OKDOT:OKMYTH
1247J5WBPNiWqM9HBNbLTKYvv9BcAAmstwHjTVSMAPbiibGX:18000000000000000000:OKDOT:OKMYTH
1djY7Q5LxcPe6mxamrFprKrrK4xSL6ZfEMniESnU3oum8q9:18000000000000000000:OKDOT:OKMYTH
158nGizjA8Re5k8UGWsxGS2iUub1HmY49ohy8rk7eAVSUnmG:18000000000000000000:OKDOT:OKMYTH
13Qw2fTYnr7KaXjcxuNTzRU2uCaudtYGaQhzwpgf1nuhJZPj:18000000000000000000:OKDOT:OKMYTH
1265Ru2DsC4MKMcTGBfVDfvp9GGozTjCkEKBYrcAUmRwBcF4:18000000000000000000:OKDOT:OKMYTH
1ENUyMYJqFCZUSHBSGc889o455f4cLuLuCsNDKHgoAspEyF:18000000000000000000:OKDOT:OKMYTH
158ouuCEBzoovvZFkGgf3kTRvYjTiWQN6RYGBfQ2MRDfyLqG:18000000000000000000:OKDOT:OKMYTH
13RHoQWmKrzsYSeFGCXStwGph7TxdegVCrxhxErBESDrW4kM:18000000000000000000:OKDOT:OKMYTH
1269yd2EFFrHrbboeYX2M3GSAJDdXU5NXps6FAFAcsnuZ5S2:18000000000000000000:OKDOT:OKMYTH
1EZj7fFjN9wK7jmMRc68pTXQGZJq9bsDMkU4d4YGPTcyc22:18000000000000000000:OKDOT:OKMYTH
15adxwkG2xLP8iHVEumLNmEhXbKF9SqVJ78mjc1iLSx4QHDk:18000000000000000000:OKDOT:OKMYTH
13rsb4vmvuPJxWihuMETMkWv8wjbAxMGMZfUrTTGRes6KAHw:18000000000000000000:OKDOT:OKMYTH
126J86VgqahBq8HcdsXNbp3pWBqqVZfRvnYdvVcWzibeC5K4:18000000000000000000:OKDOT:OKMYTH
1gbnLoYufDSise1qXN6Hzmn9tmAjP4heuLGEw9NJDBLZkrJ:18000000000000000000:OKDOT:OKMYTH
15akvGZd9HRmH5eBzyFpefdFGDBvM74iJAbsk9CG5eaj1xsu:18000000000000000000:OKDOT:OKMYTH
13uGdLBgxhx7hhAB37WqaEgXTrebxq33wcrk4pdsVuTE2oi3:18000000000000000000:OKDOT:OKMYTH
128fAvoVGDqEBrHE4rjNKsDQ25b67vHqHdyRD6dYFozaf3W9:18000000000000000000:OKDOT:OKMYTH
1H4FDYCMpCEB6eDve2A4YS2Lnwkd5GW5e8kqPtmeZg5AHQk:18000000000000000000:OKDOT:OKMYTH
15dLPjgW8KKt9u3Um1kuqyTjMMUiERGxTXyrReazYFPywW34:18000000000000000000:OKDOT:OKMYTH
13uYM8hAcrrtrsmEscYe9wRaC6ThAMdQs1R9GSKTc6MYC22u:18000000000000000000:OKDOT:OKMYTH
129WdRcgUyfjZdE5xzbxA9P7LYK3h9FjeYAuuELvnfHjod7e:18000000000000000000:OKDOT:OKMYTH
13NCLd3foNpsv1huPDzvvfyKh37NEEkGFotZnP52CTR98YFJ:236000000000000000000:OKDOT:OKMYTH
