14QixAAjubZrxHgijeab5kHG9KUGAWEcFF9s3pvYNkrTgGxa:18000000000000000000:OKDOT:CHECKMYTH
16d8ErgsZR2kcCU48FcbN9XDYfcf8SNzi4JdEetYnvLRVe7E:18000000000000000000:OKDOT:CHECKMYTH
14JbHXYxp2MhambyW7EJXRjEm947iZ7T1YPon79GXrTcr55i:18000000000000000000:OKDOT:CHECKMYTH
145eZTgAUfKEExNCs8L9Mr4joJZehcCCdoqSBFZZ3i8UATpJ:18000000000000000000:OKDOT:CHECKMYTH
12Tphbu5kaDvheJbkef6mMzmJpRCTCf7cU8jTw9iZvDiacNn:18000000000000000000:OKDOT:CHECKMYTH
16f6VzJzvHeLvS1mAvhsHb9HdVd8N6ta5rfhnNypPbd9om97:18000000000000000000:OKDOT:CHECKMYTH
14kiLLt9BJrezDm5GRKFmEHYFq72t9PpA4Fp3DtyhdgvCW9J:18000000000000000000:OKDOT:CHECKMYTH
148W17AmAWc2wSbr2bnGR5LPGD94hkk53fsFjJbWNeBjPDVo:18000000000000000000:OKDOT:CHECKMYTH
13THHQfRFcf8pdbhWWUmaHJufgRdPL7grLJKft1ikeP8juh2:18000000000000000000:OKDOT:CHECKMYTH
16fr6JYYAhBTjB9S4K9xwWW5uoovMRNuvosddeq65xfrWXqd:18000000000000000000:OKDOT:CHECKMYTH
16JfHt5cCJWxKG84STtx321WqxBsTxzWwHg9Zv3v3ovfoyCS:18000000000000000000:OKDOT:CHECKMYTH
14AcMPfKNeiW7NmeBpQ7omfTVALCKZsFGsQgUFDX5DwwxNNF:18000000000000000000:OKDOT:CHECKMYTH
13MewhPj6tXGiXQKiHu9yeM1wXrp48LJL5MfineZcvazEtcY:18000000000000000000:OKDOT:CHECKMYTH
16GJYqFuW12Hc7YAt1NLSQSt9E8wiWTqFcyLpmbjZ26cFtUy:18000000000000000000:OKDOT:CHECKMYTH
14rdNikVsfgS8NqyF5oZ9rBPxu4yCXNyqq8J8YupGTegySZo:18000000000000000000:OKDOT:CHECKMYTH
14B81ticsh8Bmwdq7qQ67KwPGKvchJ2hDs63HtAcnvdHC2eg:18000000000000000000:OKDOT:CHECKMYTH
16d6PXEFSvtKQPrPJepyFKXACYrWxTiQFQg95UvNEBPGBKQ4:18000000000000000000:OKDOT:CHECKMYTH
16JALkkYr92Eqo7eVfKobc6CQPxXWeCBpffpDY5J6V9SHmfu:18000000000000000000:OKDOT:CHECKMYTH
12hBUksKVMENiZA6WfQk4pytNMUSR6zbBshEtSFJqa29FRRo:18000000000000000000:OKDOT:CHECKMYTH
14BZoUuLdrayCinkXiUz14CPDG5nK9nyC613N8z1AG3XmwnM:18000000000000000000:OKDOT:CHECKMYTH
12K7ZeqNENULmmXRt8GBRDHxBZVV82abgiVwKkwKUgnJdf31:18000000000000000000:OKDOT:CHECKMYTH
16JPMUeCYnB3Cf2LFCjxYPDsvd1fPU3u6AwmDbgsxGoEaZt9:18000000000000000000:OKDOT:CHECKMYTH
1dyD9D4QBBEsvW7wWrCKUyHqCoGQqus2q11cZjJV8ohkWS2:18000000000000000000:OKDOT:CHECKMYTH
14dJGg4syx77EUSxhuXman7bQRmEByt62JpmX2YU4jGy64PG:18000000000000000000:OKDOT:CHECKMYTH
16icGvxwL1KcTFSNkEfpu3JBi3taAHbDnvMmWB13ieuwMMsg:18000000000000000000:OKDOT:CHECKMYTH
16JxbgMWBHFMHtiMC2sgCPaFevq4EFY6m58abohJZixNGYEE:18000000000000000000:OKDOT:CHECKMYTH
15hxcZ2b1fxdb4UXQijB23zQH7VhL6QCpkV9bSdPqfDKqyb3:18000000000000000000:OKDOT:CHECKMYTH
14DYBhNuzU4FGmTUe1FxoajMiZEHevDJ3qc1ghaxfRhikBnF:18000000000000000000:OKDOT:CHECKMYTH
16f99hF17yGWHj2nXEqQjEE7XsGpicUtybT9aE4F1v9gpqPJ:18000000000000000000:OKDOT:CHECKMYTH
16kKVJtaoAU8uSmnqY261oTHvPD1Aa5saboBmXYLRZVhYnLf:18000000000000000000:OKDOT:CHECKMYTH
15obDUBd48yJFBJWsmbkzHnS4zk7oRY3J2gA5MKK8C2DThGV:18000000000000000000:OKDOT:CHECKMYTH
14ES5LYeqesXEp5dRJjVPy82C1CLVhjR6asAZu6prDQuKD96:18000000000000000000:OKDOT:CHECKMYTH
16kmkHDuUTgaj4uu2gNawcsoQ3CQMU4QRGXxHn7HMSheguMW:18000000000000000000:OKDOT:CHECKMYTH
16kzfFe7RhWjWebYxEwt55RQA62MMggt8Z1Ti3vxjpq6nJth:18000000000000000000:OKDOT:CHECKMYTH
14MyYwzBhMNgjSP9YeL5HJq6tZfNfZEVx8N8q1mEJErmn29B:18000000000000000000:OKDOT:CHECKMYTH
14gK5hrshLRFzWfZcEHTwBsLiAWjKQz4UTzMZzCcrBKcYF61:18000000000000000000:OKDOT:CHECKMYTH
14m2xeYgzsBwJPeiacvMq3rsqZYeNQmU17jCchFs16oJe7aW:18000000000000000000:OKDOT:CHECKMYTH
16UfvgSDGrDCBonwq15bJLYfKVGezTn9v2AaMAvWzSggcbcQ:18000000000000000000:OKDOT:CHECKMYTH
1219Tt9iaD8LhEcroFyrsTFPAvKyaR6AuH3SmCNUigdwfy9n:18000000000000000000:OKDOT:CHECKMYTH
14gMAKc26iqoWzz2uxXTq2iFEs2LyWPPCYRyvVwTUt5ftZ9Q:18000000000000000000:OKDOT:CHECKMYTH
15FYrpjZqwdrPy3cJT8prgvns4aNXXvH4d1gPECeYTtLN5YZ:18000000000000000000:OKDOT:CHECKMYTH
16XaLFqQFtGTzZdWZhfjhJpC28Z6mMTBhuhBDrmMFdmxGjba:18000000000000000000:OKDOT:CHECKMYTH
1ergL1nPUn9v8knuPvji8fFAYtTYLFQJdmvvf34swSSNP1D:18000000000000000000:OKDOT:CHECKMYTH
14JUX4RN4r4yRUiDhtmRe5fmwZT2TbZjcoQBGVN6f4NcGLFd:18000000000000000000:OKDOT:CHECKMYTH
15FyWDNrfcooWVhhZTZ2gTyAqm446ZsSNBdcLfjSPnqyhWpZ:18000000000000000000:OKDOT:CHECKMYTH
16XowuSvjMKkmypCwRyasZb4HrfEkBPWFCkR3Z3EnXqc11BW:18000000000000000000:OKDOT:CHECKMYTH
12GWUPKCmErV2tUXF6nubbTspUs3xeAgVVLZvUjrHynMkUyp:18000000000000000000:OKDOT:CHECKMYTH
14KJ6Z7oKpzXLqKXhUqmDbzDFxMuKcj6vbivhF1kFge7vMws:18000000000000000000:OKDOT:CHECKMYTH
15fz93w6BsWxeyn4zbhrsVkFp6baSoqCb5mbcvCUy2Pn25mt:18000000000000000000:OKDOT:CHECKMYTH
174ne5Ns5mPFJgqJNiaS7uD2wEmpVjhkuFgAJsHyB4RUESa:18000000000000000000:OKDOT:CHECKMYTH
13N9yP2pb7e1XYQuGWWWAj4C7TLa2zbgd76YncRsNv1y6QMR:18000000000000000000:OKDOT:CHECKMYTH
14KUprpe4K4ggDoo8za3PqFZHCHH3A3DkTHDHMGSwadSzbQc:18000000000000000000:OKDOT:CHECKMYTH
15G4F7bWweBbxGsaAs32Rskus8qhgbxuC72sPGKhzwT9DV3o:18000000000000000000:OKDOT:CHECKMYTH
17BrfhFkxNh4B6ecTds5s7hP9uDWcyLJkrWUyaop7u5tzth:18000000000000000000:OKDOT:CHECKMYTH
13pYK1CkroTfcsqJ2ZojjiYwoJ3oo2c4npLrD2a11w9py1EK:18000000000000000000:OKDOT:CHECKMYTH
162Dkc2vQJTUXbdgdVNPvUZLAizJyqGR8AYAKSZEBxHGcui6:18000000000000000000:OKDOT:CHECKMYTH
15GW6ARsqswpnhYnBeQnKXzY2132F3rwo11HG5PVhzFUTCjU:18000000000000000000:OKDOT:CHECKMYTH
17GjCDgQVSVt7FKBp5UYxL7bTKHTEDTWvaGrtg9jBkwaozt:18000000000000000000:OKDOT:CHECKMYTH
13Su4eoR7DtkDby9esFxh6PpyRXTE7LDUXGeBZz1GvzKmqZy:18000000000000000000:OKDOT:CHECKMYTH
138KgWz2mngtwwDNxLhSTX3uwh5XUy4tGBCYHM3MQE1yBb9e:18000000000000000000:OKDOT:CHECKMYTH
15ho1Jrc85hxsxHfxMEX6HMw4ADR2FN4uuxPz1pBMStoqjCx:18000000000000000000:OKDOT:CHECKMYTH
1A4v9eNKLMrHB31nV9pFfisUQMjsd8aCd3fBehN2nRADDu6:18000000000000000000:OKDOT:CHECKMYTH
13u1J5f5KKrzueDaKRPUm6JChtxN3UMkSgBee6zQujF75wCM:18000000000000000000:OKDOT:CHECKMYTH
13DxiwYxn75m8k4grNmMwqDmsnJijmoV71SDQa83Rk5giSp3:18000000000000000000:OKDOT:CHECKMYTH
15iWUCSqv8KWGLmnQCtHfNJ56gFZLD3wMZpYy7q8fgKkFjMn:18000000000000000000:OKDOT:CHECKMYTH
1bG87uM97SQhvmmXCaSmNumhtsJKMoa6Ei28ieXVY5KuE6J:18000000000000000000:OKDOT:CHECKMYTH
13VYW632zfZyjJ4RG41ToF2cFdDYoGcPfdFNu31DqfCeHKHH:18000000000000000000:OKDOT:CHECKMYTH
13EW4w5tNRMt3pf82xwmoXXScGVrPgVC3SBizzoWuQiZUS3L:18000000000000000000:OKDOT:CHECKMYTH
15JPWuxHQEut9h4GKS3ajUZaqio5TxF3i3JKLxbmqyGVynqN:18000000000000000000:OKDOT:CHECKMYTH
1ByfU7USF62FzfqcmwyjdiNVDv35wxqSm9qjPEinB1A93pk:18000000000000000000:OKDOT:CHECKMYTH
13wzKu8tw9NkH8FkZzRgFcV2bhwVc5s6iEHTeHjEgVtdDufi:18000000000000000000:OKDOT:CHECKMYTH
14MJSQQ3p5zPs4zcXKWBEcdtXZFoCv1i7hw6hLCJioBeC3DP:18000000000000000000:OKDOT:CHECKMYTH
15m1DMYhKDjLHgTm4K7to6GPYahUmeHiWA7WLnmpNJGfkTXL:18000000000000000000:OKDOT:CHECKMYTH
1bZWGm6JoJgFPyAJyigFc1sqQXkrQbGbMen9MR2jvbGatCF:18000000000000000000:OKDOT:CHECKMYTH
13YR4DZNFLXXdKekCyoiVa6bARqRuZpLNvJN6uEJA3Td8R1J:18000000000000000000:OKDOT:CHECKMYTH
15Xi4ba6HSJ38oH5Ca7nJQsqAEmxnxKNEXyGANWTQ7BuW9dn:18000000000000000000:OKDOT:CHECKMYTH
15M7dThhTAX5hhJ8Vak5LfLJsDNGcVovKcgs8cwbbrhD8Wyn:18000000000000000000:OKDOT:CHECKMYTH
1c2P3sScvk8uFwXf4PAUfVpUixPkhWzMXgcXjpMkpJ18CNa:18000000000000000000:OKDOT:CHECKMYTH
13zHv79EF3XhFDEPxcCSL86s7397xRKYzSEjX9Rno4zY8jA6:18000000000000000000:OKDOT:CHECKMYTH
12KNQPx5tX91Zjp22VkGj4QHyyuXuMnuMSFzcYPcJptoWRUE:18000000000000000000:OKDOT:CHECKMYTH
15N1mibvV4JumLE3yXA7jz2VZZVaSgx967ySJe26CvUPXHDG:18000000000000000000:OKDOT:CHECKMYTH
1cKCVCd8uVt4bcXehDLqZ9LCNn9VAvDJFbWiYALCjUCexYZ:18000000000000000000:OKDOT:CHECKMYTH
141AcZTVAATomSvq4uAx9Nykj4NvgXbnZykXfPna8D5pP6XS:18000000000000000000:OKDOT:CHECKMYTH
14XcKYzjM3A5ziej1S1Pd784xnzVnSaZ1jxk9Ad2SLnLnKyZ:18000000000000000000:OKDOT:CHECKMYTH
15oQY2vuJpaKYZMBfhZuGoQZSpMouehWHm5fpQvzYhPBAcZB:18000000000000000000:OKDOT:CHECKMYTH
1cP3yYCDFCxVDH2Q3Gnq4C3VzpdQMExN3pb3F6DJjZ7MVtw:18000000000000000000:OKDOT:CHECKMYTH
1487h1r6xnZwwrcrBnt2mwPTNiCkqAUAsWekPYZUfn4GR5Cx:18000000000000000000:OKDOT:CHECKMYTH
13uKFi1tJXx6r6yJuCKoTJo8jpszx27VDueGyctseuJgArHb:18000000000000000000:OKDOT:CHECKMYTH
15qeEWTQ7jbQVfFQaESzKgZsssU9ZVXv9UEkdtwexHHvNeR3:18000000000000000000:OKDOT:CHECKMYTH
1EE7vQ4n1jphsf1G6RySd65SSVeDsguJN9Zyyht9wcAFmjA:18000000000000000000:OKDOT:CHECKMYTH
148PjoaAgMJaA3Rgb8kRJkBLxD6UNnfUNyryyo9sEJwX55mX:18000000000000000000:OKDOT:CHECKMYTH
14E11YrWZqGjdznjdrAZkNoWbJFWR4NWGwraL8ikWds8UGK5:18000000000000000000:OKDOT:CHECKMYTH
15qeu91X9KkcpU4qmNNUY6j5mqqCemLaaQ32DyoK8xDxfWRb:18000000000000000000:OKDOT:CHECKMYTH
1eZA8b3cJ6Z5TsUhgRhkQ4XWN2GxG86Np3vF9oZJgfN5Ktc:18000000000000000000:OKDOT:CHECKMYTH
14ahAc4DB3ANp7eb4wxJSPAQTHuPtuMKv5AmmzUipR5LP3av:18000000000000000000:OKDOT:CHECKMYTH
16AZkuXNvBYuqCrAhKeD7X53Wuq9tgy2Ctj1ucutQEyRHTia:18000000000000000000:OKDOT:CHECKMYTH
15QKsGjA7AnyyrtNtMkLR9wdEnrq7uVngaVHhQGKzdCa6pRp:18000000000000000000:OKDOT:CHECKMYTH
1eZgZNzAZD85zdt1cyj7Nh26GBJ4hyR8Jpmj83nwn1qQX6A:18000000000000000000:OKDOT:CHECKMYTH
14aXtScpktMnVsQA2uVpZJbZwtzpFNnA7PXU9P43RcijKSe5:18000000000000000000:OKDOT:CHECKMYTH
13GMk4AotEbMo2CiQAxZtgWSJDFENJGxS7urUPmqnsuapget:18000000000000000000:OKDOT:CHECKMYTH
15QP4eQFTyvaivKbwjcVvwa6juZX9HqvvafNEzGyN7FdA4PJ:18000000000000000000:OKDOT:CHECKMYTH
1FE5hxCJpyz7iocBPqe7cWDcqu84UoAtTFTayCeuLhRD3jj:18000000000000000000:OKDOT:CHECKMYTH
14B7LrsXuPvAQ1BWTfgE5pY39pqNvLq6evGK9BzgSRsiiwdc:18000000000000000000:OKDOT:CHECKMYTH
13ogoH7heyGFGeFQ881R4fFtTGVpkqsCrb5zP3VyJxtyocWx:18000000000000000000:OKDOT:CHECKMYTH
15rcK5gaw9q82wQXgkA5eV5LKEghMGNSYwknZtoeJh9PQrBm:18000000000000000000:OKDOT:CHECKMYTH
1hXExwwKKM1dVSdqmh5kBb95YS53oXL66eFhfzRebHgyyWQ:18000000000000000000:OKDOT:CHECKMYTH
14fsBeLWt4fVgA4xqoanomyAoCruT5oGCUbstzR4Bd6w8AaL:18000000000000000000:OKDOT:CHECKMYTH
155c6sYUd6iDtoQq2eH1Exs8ecBnPg7WFfjg4vDHp7y7NF37:18000000000000000000:OKDOT:CHECKMYTH
15Szx7dzZo46yBu9qMDpq1JKcDHdsZ5gKeTekDZrTKfAMtwh:18000000000000000000:OKDOT:CHECKMYTH
1hYf5TuUqomRapyoiFFRwwcNSSEa4hNJmj5VAPgk9wKbtzV:18000000000000000000:OKDOT:CHECKMYTH
14GywTxogu37P5KuS6Y591GRcX1WS2e3iY9wCCBdKaDGRnGE:18000000000000000000:OKDOT:CHECKMYTH
1c4k4ErEiatcw3i7BbLhrj9256vBSgkXVNkKkZh6eRbhadb:18000000000000000000:OKDOT:CHECKMYTH
15T4WdgE4jDCZHwa8EwANUrX5F2nFefLwrEPoiu54FUFCSYg:18000000000000000000:OKDOT:CHECKMYTH
1jwXYsbNqfgSkLER6g3P6ZEfdkNA7V6efZZfUu3rw9xXw3c:18000000000000000000:OKDOT:CHECKMYTH
14jGb2mKdo8ZKH26FdzTBK1J8jnKapjgz1vx6uar1VCBCvPF:18000000000000000000:OKDOT:CHECKMYTH
1GqLZxv1uM9HfRsMDFdwuS8MTWX6KPnvn6wVcCYV26oPafk:18000000000000000000:OKDOT:CHECKMYTH
15VSn9zQPs3gaUdprWCCVq1tDiCnB2cEnRd7q9gcMg49VdqJ:18000000000000000000:OKDOT:CHECKMYTH
1jzDs9J61xWsixe4Ua2t3tpzhAwW1wnzMSab6ReVZtYhdzu:18000000000000000000:OKDOT:CHECKMYTH
14kpuhxdj6v8WRCaeSntf1zfYzZ98RWzUfQ7vupHYAoz9QBA:18000000000000000000:OKDOT:CHECKMYTH
1hGcjWKeECYjJJFNgp7gXcdTMwELGc8V9YLZwpUfEUZ8wKp:18000000000000000000:OKDOT:CHECKMYTH
15VZvCxJZdtzhcntMNrLvJ5tQLrXN5h5mFoWURCNveUVR9Pj:18000000000000000000:OKDOT:CHECKMYTH
1kDWBCT5h1hg5SoqGwZgrPW352uz8YRzGvUto4d1ceg1tnC:18000000000000000000:OKDOT:CHECKMYTH
14KQm5SXi4ZJuxW9JX7NbBP79wngsagBCQtMZUaS3p4BC4QS:18000000000000000000:OKDOT:CHECKMYTH
1jq8bqVXfBjVdX6ib7TFHs1aLwfe2Qk6fpVDRw6cjn6iLAZ:18000000000000000000:OKDOT:CHECKMYTH
15yfhRoPVmZ6kZtZfF7nPyhUUQv2ZHU8VuhvLWDoKf94jGmh:18000000000000000000:OKDOT:CHECKMYTH
1LaUWrJmmy5SzpowKknKVQVrKspGGBKLtjGrdAQJQk3nRAX:18000000000000000000:OKDOT:CHECKMYTH
14MvtQ6Wo61o4zQCCycmXWoR7Qgh6ZqnZ1iEnAaBsxkJu6jk:18000000000000000000:OKDOT:CHECKMYTH
1jU13w3Gx9qhQNQFS9M8mRVJCPERTvn48L6DjfvdAhnBraN:18000000000000000000:OKDOT:CHECKMYTH
15yt42u1cTNVifh1EYt6pNAdFNDknZqj9rYSx5UexEvb6jN3:18000000000000000000:OKDOT:CHECKMYTH
1NfNbmcAAQDnTvjfx5G65roGvr4T6BysnJ4HRta8eVv56xi:18000000000000000000:OKDOT:CHECKMYTH
14NCBVU9XkxhNx6czrNQAXzZzDSnq5GDc4XRmaYJA2ndmQx3:18000000000000000000:OKDOT:CHECKMYTH
1KWiC36NybLNYp318zgev7Mz3QneWAcfoTFw7KBovuwRsVv:18000000000000000000:OKDOT:CHECKMYTH
164nr8dxp9d7CfrSSACA7iYbEGx4gsmbFyJMzY9a3pbKZrFZ:18000000000000000000:OKDOT:CHECKMYTH
1NxK8TFd4hyCdfmPYTduhTx1h3AEt3Xfr2u7Ntgdbm7v6Ro:18000000000000000000:OKDOT:CHECKMYTH
14p6GeDrBYxqnd4xzVVX75Md38LK6qLLxq4rJyBWkWmmbh5o:18000000000000000000:OKDOT:CHECKMYTH
1n3EUNSJPeHMjiZdLonZGHAqhunmx137XvJqWH2tvTZexRY:18000000000000000000:OKDOT:CHECKMYTH
167eY3iwVp5T8SvoPBkeat89ktCSTCGqpFqJDrF93j9HNhqn:18000000000000000000:OKDOT:CHECKMYTH
1Qdb37zupXgYcPzXFRY8EURPZjtiDsV1uoySS7HzaUXpd1q:18000000000000000000:OKDOT:CHECKMYTH
14pC8D86oyFPTVY1JmT7AuGB7o429ndUoa5zRsJbMeivKrVm:18000000000000000000:OKDOT:CHECKMYTH
1NZpaFxjfQigFCFuW9JyEeaSCEttGvdtxd7vgdp9voJpx84:18000000000000000000:OKDOT:CHECKMYTH
16aXA9yrPe8MqxiRWVQbeEL88ZNVzeUQgPfsy7wWYY4oQuDL:18000000000000000000:OKDOT:CHECKMYTH
1qEFwC6YyjmrxFZQFMukcX2rkpbkUuMbVCiay9beG7ehWoW:18000000000000000000:OKDOT:CHECKMYTH
14pXWX2FukH8YVnQ4CDMb5HQCKGSK2X2E3gwa9ew4Z74DQRb:18000000000000000000:OKDOT:CHECKMYTH
1pmNEKHtc9Uh5XxeheR17S4UxbGgU782u7a36oo7QKD9cK4:18000000000000000000:OKDOT:CHECKMYTH
16cCENP8Xnm3JmGCmAc3U56mny5R87Gexwib1idztJvctzME:18000000000000000000:OKDOT:CHECKMYTH
1QfS4CwTKkioz9vic3xHjMF1C69GWSSFuAHCp8VJGiN9pAv:18000000000000000000:OKDOT:CHECKMYTH
14QPYKJWTvJa7GZS4hL8sdgiNYtoGeXwzHvJCfwoDMjYh3oD:18000000000000000000:OKDOT:CHECKMYTH
1Rfcehp1Bk7UVBdPKx7GZNzTpSoYcvWcgG3kvGPV6koSavh:18000000000000000000:OKDOT:CHECKMYTH
16cSpbkiicDCYVWwB9ppM1fAoJ9USz1JeMdD9UDZnCMjYsZp:18000000000000000000:OKDOT:CHECKMYTH
1skPJJE9T3SL2dwjCKjsxHYEgfS7m8va3oF2FK3axKXZGFi:18000000000000000000:OKDOT:CHECKMYTH
14rtJTTRF1zocJuda75WgFspcBvXP3ZwosVuSjdLNG72MJBa:18000000000000000000:OKDOT:CHECKMYTH
1rxogR5vzoVG4RRoB7dbchnJgyVsxCV2NsVyAYiu8FMKcT9:18000000000000000000:OKDOT:CHECKMYTH
16DDqic46sQ7QnUiRU9G2NvW5L5krsY8uq8V3nnsNVYeC7Bg:18000000000000000000:OKDOT:CHECKMYTH
1sPhC72UexES2U4TX4FAPuq1cQbaJVZZRT3GHiTk4wcXfZM:18000000000000000000:OKDOT:CHECKMYTH
14rTomYAToqNXx5DEpaw9D9HewJy8PQXwXPYCNrH1ihhpPB7:18000000000000000000:OKDOT:CHECKMYTH
1ToGsuoKg5kVnDEovRAeZyDqibBC8QBDBvB6Ap9At5ST4Af:18000000000000000000:OKDOT:CHECKMYTH
16FNS3A7aDhZcxftUMwzZJiPsg5ygtw6CHPEtPLxGq8fr7qX:18000000000000000000:OKDOT:CHECKMYTH
1spnR5GDjKcEaHNeL7h5pGu4NcQo6rTx1tHpbZU4Lkri1DN:18000000000000000000:OKDOT:CHECKMYTH
14SQEWfeFUNP6kMKJYmJbU81g5bURFqWkU929ZoN1ewGsioe:18000000000000000000:OKDOT:CHECKMYTH
1TRQV8FUeSsLrN8TTPcEoTtWacuNeYKGawZaFE9wTntjMry:18000000000000000000:OKDOT:CHECKMYTH
16fYesCvSKpLrJhDTRkcqTKzAfNroeueF39Uor4rQLarK22E:18000000000000000000:OKDOT:CHECKMYTH
1uhy1e3CtAUkkCoujUzZ8BSppuYwNEkCd5TBZ1UQQXe9Vhq:18000000000000000000:OKDOT:CHECKMYTH
14TbDcA8iKS7i3PQs8sJSHSfmrHafzWn2adTvhFLD82PwUGa:18000000000000000000:OKDOT:CHECKMYTH
1TVL1U9DAc1RtEf4RtLYhJLwZDRkecKd1J9jxGEuxf6bxck:18000000000000000000:OKDOT:CHECKMYTH
16fYVEnAgV3SdZmaz7LF5XQR7tXy7R9w1XRaqjT87iY5HfWK:18000000000000000000:OKDOT:CHECKMYTH
1WhH56wCjmDJGqE1EERzbzt3w64iCkr4uzjbxypGPw2mPVi:18000000000000000000:OKDOT:CHECKMYTH
14TNqquuxu7S2VuLbpbyKoA5sQhnkuhmpDDJbfQ5cvtjLgkR:18000000000000000000:OKDOT:CHECKMYTH
1uhKmEb6EK6hbd8G1djmrL2JEfnzVdfDqnzztcW2QYu2WWF:18000000000000000000:OKDOT:CHECKMYTH
16G2phqmXuL54jtRnWPAEX2cPPFdiAhMj9Xr8XP4NdBixcU7:18000000000000000000:OKDOT:CHECKMYTH
1Wi2a7U7ckbXjyydVxi1f23bSEmvWBR8SX9QXvXfB5bhnBG:18000000000000000000:OKDOT:CHECKMYTH
14TVJtMwrYkJZNWuZmd7mL2LiSVwDMkGtE3nGTiDXijDuzVB:18000000000000000000:OKDOT:CHECKMYTH
1W1zAuT1histnipQWkykpUqLUrYCpiWYgEFcqQLMrMXzuRM:18000000000000000000:OKDOT:CHECKMYTH
16hcmUypZsXg9ZTNRqtZ8r93fKNn9KUwwc4NX7MhmAdtLka9:18000000000000000000:OKDOT:CHECKMYTH
1xhC83eVQ3ZnZ5ngG2EzGordspTYserjVdZJzBMcdBRfwYi:18000000000000000000:OKDOT:CHECKMYTH
14VuCLvZZ94i12nrMryPREBtRFMFPXno8TkYfVj2nELL25m6:18000000000000000000:OKDOT:CHECKMYTH
1Wcwr6nP6f1fqsLb6gHZHv6iQp63cuerE8Gg9qsBQXdpvmg:18000000000000000000:OKDOT:CHECKMYTH
16JpmfKMaSJ2cgjhHUmzH3qNAxJgoHEAKa3LcJ9tLKP1uh9s:18000000000000000000:OKDOT:CHECKMYTH
1xi8rqC13261ghCPojwqmRtT98XK2rhxDWcEAxRLbSpCNG6:18000000000000000000:OKDOT:CHECKMYTH
14Xh7Cw6gFeypmzrHFWmRKBAG7UKDNv4u2mox2SFWfbidoEV:18000000000000000000:OKDOT:CHECKMYTH
1xcYbkt8kVFvb2axpzcJAJYVQBbgUpZPmZnRDTTdyrspcSX:18000000000000000000:OKDOT:CHECKMYTH
16ksDx1XvcA3Fb4U9HzpWMksaJHeybboZT8qhYBT7aA7JMsF:18000000000000000000:OKDOT:CHECKMYTH
1Ya2EupVTcyFS3f5U9NzLkZvE2hC9uU3tpqYBAYHLuq7LpY:18000000000000000000:OKDOT:CHECKMYTH
14XsGrhChUfU3DdkjZT4dX4X4vAontGo7dqr4e6DZezsdyUW:18000000000000000000:OKDOT:CHECKMYTH
1xGM3zim5kcTtYKBQTLBDc23YGeen7uLEcodChSiMJT9vh5:18000000000000000000:OKDOT:CHECKMYTH
16LvaEb7P1irk3s5EorGR46Fu9ZYPuiG6D95tpUnmQRBzquc:18000000000000000000:OKDOT:CHECKMYTH
1Hhcn9sruKN8HY7p4AZ1zbjMGFL1SSJPr3AAQqKQT7Tp8Dh:18000000000000000000:OKDOT:CHECKMYTH
14Y2VMQJ9aFi21CsHa76g9VoPKLNdk2B6JYcWyvNfAav9PA9:18000000000000000000:OKDOT:CHECKMYTH
1xLX9ttd5ngUTw2SJHyjrr93NFbS4HYemEZAFxJG3MAw2bz:18000000000000000000:OKDOT:CHECKMYTH
16MciJKPui3tN2uoeYNKUr3Au9zVwgXMsrDb2gmpCsUGCwro:18000000000000000000:OKDOT:CHECKMYTH
13ESB1AJV7T3NPXhWnJT5LpHQw9ZxbEs38Zup4FWX41zMQsJ:18000000000000000000:OKDOT:CHECKMYTH
14YkQ7GtRyvuhuc7haLv6i2VCdbRBPmzjiFbkCc6Hfp1aa56:18000000000000000000:OKDOT:CHECKMYTH
1YyVh2c1PMygaiHCmdbwqorsAhzUHCQX1hj4v3n6xbJSrwr:18000000000000000000:OKDOT:CHECKMYTH
16Rtq76voGmjz2xwzeosxKjFQ1Qwm999rMf4znyd8roxS2Mv:18000000000000000000:OKDOT:CHECKMYTH
12NJHUj8zXTQLJXi4xeW3YwH4oCLDR2QLhn6FT8mpQvoMB8h:18000000000000000000:OKDOT:CHECKMYTH
15129vXuEPB1DFza2WS5vA7WQj8j6BMJs6GWRchdaB68dim9:18000000000000000000:OKDOT:CHECKMYTH
112Zfke3LbzqnMET7znPgaqN9utWHHNhXquds3NCGMzFvxi:18000000000000000000:OKDOT:CHECKMYTH
16SMgCDtxw9E7kjFTvY8GWXLKbuTgmLA73j7XmSKVcZHyGMn:18000000000000000000:OKDOT:CHECKMYTH
15mNXAo1CVfDxR3HbQuY1eUVHtWLfL3b9Wm6wbsAQFYiHPB2:18000000000000000000:OKDOT:CHECKMYTH
155SiaQQ4tFRZys7W9o9u93ahhv4NJZ94vLUvcdtxgBpdzoZ:18000000000000000000:OKDOT:CHECKMYTH
11brUNTCaBpzUAqMuSPzSjpZgWnLsCkime6AY5twKveNFWc:18000000000000000000:OKDOT:CHECKMYTH
16SqYNSoQAsdywkiYAzHWDDDA1RbZkda1wtgmyRmWBpj4LAJ:18000000000000000000:OKDOT:CHECKMYTH
14xRq12s3M1txpGiRYbQFU8gDm7uTyU2U2c31GHu8ogpx1dt:18000000000000000000:OKDOT:CHECKMYTH
158U2B2dUs3rFpNPFeEuPodnGsdvJXPdcYXBFaXkRhxcqCda:18000000000000000000:OKDOT:CHECKMYTH
1242fTEXpoy1ho5c1atdYFa83r5DukcvNc1iAuzr3VFhYd3a:18000000000000000000:OKDOT:CHECKMYTH
16XPvpAcTFA3P91hTVY2CHiSyv9Gw4pri8HfdjCH4N9AatGW:18000000000000000000:OKDOT:CHECKMYTH
13KKH1KC3sbAVVfSGbZ22sHdnUcjk7s2py1YqCTQqFVFrVxR:18000000000000000000:OKDOT:CHECKMYTH
15anZSEVfVtUbsFgfnw35DPEuTwsXm5aL6arW22kgFprn4Jt:18000000000000000000:OKDOT:CHECKMYTH
124BZnjSsv1anXqyPMUjQHBwgfS4EQtvxT1AJsZLC7A7xnvA:18000000000000000000:OKDOT:CHECKMYTH
17Z458MryyEjSQeGVprr6CfjNNJo332zBJ3f5HkCXmvkgds:18000000000000000000:OKDOT:CHECKMYTH
12KrcF3e9uefG9U515Jnt3WbwHRvNFjsKbuRTJu4wWSiWrT2:18000000000000000000:OKDOT:CHECKMYTH
15Cp9kMcN1bzM7FaH5jcetnKirxmzcW7pmo3pDwahpe6RiS:18000000000000000000:OKDOT:CHECKMYTH
124cw1hq7tbpLywQMGP18R11JzTNfEhG1mNUuSvPwG1o1X13:18000000000000000000:OKDOT:CHECKMYTH
19nD6sp3VDCskuCwQ88dAcDPBvws5g5kmMb4sD5U4bgW98U:18000000000000000000:OKDOT:CHECKMYTH
16mBxAZjtbncbn56wJfAMr1yxPKvNqibuDZCr3ztiTK6eqNh:18000000000000000000:OKDOT:CHECKMYTH
15Dcx1ALnRF3Nba6zyPPCxPHKrFPgWKqWFDUsyJNV5Ay4BcJ:18000000000000000000:OKDOT:CHECKMYTH
1262iBhrjmynPvnX8ut4Eut9dC3RVrNBDHFUrfbseXee1W5V:18000000000000000000:OKDOT:CHECKMYTH
1bkUBbuAissMpRKatciRdPEVsAULaCLF3dbvLDZ2QpANjKw:18000000000000000000:OKDOT:CHECKMYTH
17Pnzvu3KvALmgbzSaMqvmE3CnzdwnnoZ1tNbjUNLLzPLuY:18000000000000000000:OKDOT:CHECKMYTH
15Dt4oHo6ZSwzf69wAqG5jw71forKwwaKagkbxmnL7zRpYJG:18000000000000000000:OKDOT:CHECKMYTH
126jjzHLbvr4JNM7NcAHPJTwYPPrA1mcWVENGBjgriwv5iHz:18000000000000000000:OKDOT:CHECKMYTH
1By5c62M4TQYio6uqRcbsC4gXYzYTh3oyuWJMKrvjp2oiqS:18000000000000000000:OKDOT:CHECKMYTH
15GaPrcTFxTsymDdne75dcFsjr7Lu4uxYavTF2jqypWoi3MS:18000000000000000000:OKDOT:CHECKMYTH
15GEDcDMEffqYYGnTWFstVDANWLx2nFcosXQ22FbUpEXHtYf:18000000000000000000:OKDOT:CHECKMYTH
126QwqpUK6nhjUHd6ESFddnP3D5vWVPR9kAvpRWGXhPtT24i:18000000000000000000:OKDOT:CHECKMYTH
1CHjCkbAj2Mh1ub3u4DAFMaDg3fBfGQj3HVyccmQC8afHSg:18000000000000000000:OKDOT:CHECKMYTH
121bk3VnKkEP1M6VWrto19nN65EVeXuMgGGhQTuoa6TeQcHJ:18000000000000000000:OKDOT:CHECKMYTH
15gH1gXiXpXUQDLHenFGarRQH6HLXGWRaAym9emy8jY2jgwg:18000000000000000000:OKDOT:CHECKMYTH
12BdCKczxSgURyGrndJbcmZPCZv83Z6oCFHT9taZKjQBdat9:18000000000000000000:OKDOT:CHECKMYTH
1eNLCJvY4WLZ2byArp1JDQAsotceqzRR72dtoHgxwywKY3N:18000000000000000000:OKDOT:CHECKMYTH
1342UTGEXcYHftdKcepE3G6rvJwE74nkoHzCev5pMpTUJJLU:18000000000000000000:OKDOT:CHECKMYTH
15GNPK99CmgbfuVXcLwXm8GK72qJxW36Kha1LCxqbkLxeGQu:18000000000000000000:OKDOT:CHECKMYTH
12BJ5SpyuYtxszyiYN4PHJuJskaB8NcSAT3LpEPd6TkNSBmW:18000000000000000000:OKDOT:CHECKMYTH
1EtbkKrBWvMKVEN1aZMqwrxtcrycCHn8QtyrBCP9LZ5cvAm:18000000000000000000:OKDOT:CHECKMYTH
165xBkeT86WNQxquUjQLr4QzeSJMUYSXNwsUqDphq2i7Zj5a:18000000000000000000:OKDOT:CHECKMYTH
15iBHgGJW7A9MWafggHPwv9tf42nGcsyUFZrH17V8yPZ4Ffp:18000000000000000000:OKDOT:CHECKMYTH
12BU1uNaMfrcqGFipFNsKHnmE76rX4biGvq7GMSfQB2jeQoQ:18000000000000000000:OKDOT:CHECKMYTH
1Hgn6yCp5aoTxaVW7CfNgRMHf7qBqdW1WpqQkScVf8PtmR6:18000000000000000000:OKDOT:CHECKMYTH
15g97sL79u8Lbb68DboU1hQmUjHHtjnu34AfdzVUWzQ6MdCD:18000000000000000000:OKDOT:CHECKMYTH
15JK5jWguvtyqkbcgvpz1QBBazgDHSmFAzqMtkJJJopHSuPA:18000000000000000000:OKDOT:CHECKMYTH
12EBPtni168EzYi1aepDZsSbfWgPVM6BVtvVPCwyU8T7fFDy:18000000000000000000:OKDOT:CHECKMYTH
1HwWR6QxMSmXwTyW65evvehJKT9NpzX1sqigkMvxGeprKRc:18000000000000000000:OKDOT:CHECKMYTH
14PwbBvjuewSXdiWTgjv8eP4FanfttCusj3QTdnHqHp6kWK2:18000000000000000000:OKDOT:CHECKMYTH
15kVzBWGzwKRu3JbQywoVEsR32m2U5SgpzMVRzH6vGJniCVP:18000000000000000000:OKDOT:CHECKMYTH
12geQX2MFZSEVLtJwt9cE5bjteSQ3YCY68VGdKECMpixbCnT:18000000000000000000:OKDOT:CHECKMYTH
1hZP1Jnb1DjZAviwNUYGy6HrfAnQwNZLrdYGvXYhigSHDmk:18000000000000000000:OKDOT:CHECKMYTH
14coiPJeowQeX9uyTALWoWpPBM5dpP2h9ZXKMuYD63v1fDqo:18000000000000000000:OKDOT:CHECKMYTH
15mLdxnT4dkjC6LkcgPTarVdLtQz8cScVNeqm2XMaWn83jQq:18000000000000000000:OKDOT:CHECKMYTH
12gmYhzoA67tcCSbzPxDKFQkbC25CCGkffNaELpX9gGaGXUA:18000000000000000000:OKDOT:CHECKMYTH
1Hzs7WqYz2T3EcXN1L4uGLHeE3h5rUuneVkLX5qmmUUvcNo:18000000000000000000:OKDOT:CHECKMYTH
14De4nABXb2rMj1sNTtJBhswYCGiE2zjWqpayj8vYuZjPyJF:18000000000000000000:OKDOT:CHECKMYTH
15nyvkSA5irb4cgdytt4A2X69AtUwv6wqxhybigGgY2Jta8P:18000000000000000000:OKDOT:CHECKMYTH
12goWN4QRUJ86gwcbZoPnbbyx8nTBxPZEJN314nNAVJ3abGE:18000000000000000000:OKDOT:CHECKMYTH
1jqdDscZ8qn4A3kdT87RFTvuXro9V4JVWnhiHCc4Kify5KT:18000000000000000000:OKDOT:CHECKMYTH
14dm3g1rxc8Gf3SZ4q7gA1Dd1gGNCycERh7ZoZAyF8q2zcZa:18000000000000000000:OKDOT:CHECKMYTH
15oA2hiZFDGD7ymMuLLqn2gMhnsbPXvfiiSXixgFdcagKuJ4:18000000000000000000:OKDOT:CHECKMYTH
12gYDd8hMPKrvXEYRQGQkZSLkyvjgj6xDtN7isTPNxJa9iQF:18000000000000000000:OKDOT:CHECKMYTH
1mpmry33LvczSBABALqeNtrm1CGmNwg2zexZWByybu3qZyD:18000000000000000000:OKDOT:CHECKMYTH
14DS26h1Es3og6hFFFgm4D3ygYzZxrhhBSsbuBpgjezBQwk9:18000000000000000000:OKDOT:CHECKMYTH
15QbxQiUbdLg9EsvX9bhiDYw9QQDJvivUdJArf4KVFzEqpia:18000000000000000000:OKDOT:CHECKMYTH
12H3dqPuL629A9ti1jGbhduC8neov4DfCQMDXe5ni1GTWzTB:18000000000000000000:OKDOT:CHECKMYTH
1n7YcbDwD1f5wFN9eVpW362TP8m4p2eRcNtoKT7zzHvsxpC:18000000000000000000:OKDOT:CHECKMYTH
14fs6B3v6yetCaXE1C8u2TyGGCB53cs2BjuaZAKaUxDrRx1H:18000000000000000000:OKDOT:CHECKMYTH
15Sa7mYdEb3p7TTzPbpoWXC5XrerCVsAGufh1gMn3peXzqoT:18000000000000000000:OKDOT:CHECKMYTH
12hCXM5e6nPGF6dPyuaFsXmGE9tc1uuseB8VyND55ZqbUpwV:18000000000000000000:OKDOT:CHECKMYTH
1pLjZtfQgutjEtLTtwyDnL5hypYg9HCbeeTqf7kgCVVAgYj:18000000000000000000:OKDOT:CHECKMYTH
14g6Zrpk3RzJAuEzLbJm4tk54Bi5yWgxWxqCRgWKP7K2RjR2:18000000000000000000:OKDOT:CHECKMYTH
15SJkkujw6LVKEqEbKF8ZLFaoBvZ8RMoboDbwF9uHzKcGQLZ:18000000000000000000:OKDOT:CHECKMYTH
12jCVXigDjfZQHsxK4Ytq64YftEHMdr1vKUQCGYo4TsmAef5:18000000000000000000:OKDOT:CHECKMYTH
1puHPRrLx3XGY5yg163K7YaCFxGx2Q1nkJ5EV9q6n5a1Yj9:18000000000000000000:OKDOT:CHECKMYTH
14GEiQjtczAvQ3Ki7FGVvgkQadDthBHuQrSkryXXBhxjLVZK:18000000000000000000:OKDOT:CHECKMYTH
15SmMBB1bmuHksNmrEVbYJJ1May2ewkUxGJN7TyB92tPWCAY:18000000000000000000:OKDOT:CHECKMYTH
12jUTJ1K31in2FBMNEAzc38iYaWAiUxdZRbTWMXaE4RbXwHo:18000000000000000000:OKDOT:CHECKMYTH
1R1ZSqzh4iK4DjtczzRRmtYb1awoVRmwT7SjirddZsvoTst:18000000000000000000:OKDOT:CHECKMYTH
14GFrNKudpX3cBugRnECQ19ckPJKdUZib6acAASmseoaKarC:18000000000000000000:OKDOT:CHECKMYTH
15SnikYKw2NwQauQNHZrwn6B6o3btP23CToh8a1HX3iuJetG:18000000000000000000:OKDOT:CHECKMYTH
12KczwkLHx45BDGcmqiVPGqy7KYVuiRM2ZVCChhyFqW5GoQ8:18000000000000000000:OKDOT:CHECKMYTH
1RHK17Xtm35vzawFXAMEVkLGtjPoCM4JGM1uNBX5HHsFswA:18000000000000000000:OKDOT:CHECKMYTH
14JYqqRZj1ooboCYJfoMuykSFMFycJYt2B68eUMhZ9fhXfCe:18000000000000000000:OKDOT:CHECKMYTH
15u7LBuM2YXZhUwpVpgR2waB3x7WTc1zFD5NhmyK7hfPMKU2:18000000000000000000:OKDOT:CHECKMYTH
12KNUYtA8YkM5RAxGMafxffeihFV1Cm92NPTQYuENFTHX9iS:18000000000000000000:OKDOT:CHECKMYTH
1rxvH2W3g3G6Zk9hurraWribeyme5YiLwd7EashhVyr5Yh9:18000000000000000000:OKDOT:CHECKMYTH
14op9ZtwfVLgihBDRtHYKjB1EUcemtKjhgPwAJ9s7qUdQ7XK:18000000000000000000:OKDOT:CHECKMYTH
15x1UDuVa3RTWgRZ2UrFLueb2g6n6K3UV27TCJji3JjKVt3o:18000000000000000000:OKDOT:CHECKMYTH
12mpagphE7ST7ATrghXXXP3exJeqxbKnZkcKhqtiUrJcUPed:18000000000000000000:OKDOT:CHECKMYTH
1s8oQFxzBUPDhApZ6rqwa7ait3NgSMyFVTq2q8PyZ37524T:18000000000000000000:OKDOT:CHECKMYTH
14ozU41X1GeFtNVh9HLpwvRAKUCinWyKB2Q4yKcpCUt9S3jf:18000000000000000000:OKDOT:CHECKMYTH
15YTgH6wygsvY4Vz7hBrsd6bgGrR4PqrJRGqh6aNY89zTLAr:18000000000000000000:OKDOT:CHECKMYTH
12p1B5RTDBdFghDqruh8VvpvyJLSpx9Thr93mmZurBSw3jSG:18000000000000000000:OKDOT:CHECKMYTH
1sRNaZEWpb14vAhtpoy3DzjvTWgGXHuLbzoyt6fB8FQMPPv:18000000000000000000:OKDOT:CHECKMYTH
14rjeFCGKbB6cPSVvkenVXLQPdmQt3wUpjuK7BgUAT14dF4W:18000000000000000000:OKDOT:CHECKMYTH
162bvwP9Bz1HsT8ja5jxAMPb2rCxSZmRGN7woPM4Q7pTkm7C:18000000000000000000:OKDOT:CHECKMYTH
12pWifiYyeNEWtTdBRzcvGppiBBM4DLMreo61eY4v5jG2aBC:18000000000000000000:OKDOT:CHECKMYTH
1TKpnQcgiPn4XvF8iz1kHP4RkAZax8SjSoh8G4ZMmdb6heg:18000000000000000000:OKDOT:CHECKMYTH
14SLdHhAwo8MChNp6wCuExvv7XoC5B2DYsVVR2dTK7qMaXWz:18000000000000000000:OKDOT:CHECKMYTH
162MpBQnHT4fd2tdCYY5gtRYT4dJrHwiZtM4tAMPwYSqRwwv:18000000000000000000:OKDOT:CHECKMYTH
12rp5jJLENSJ4xBjQYwELJrRPsWHgzYiHwoPWT3RvC5MzTc7:18000000000000000000:OKDOT:CHECKMYTH
1vjKRAWszbVMERMndj3bMm5LJMtRaprZHvfKNDpBu9hTB6z:18000000000000000000:OKDOT:CHECKMYTH
14VVpMHhgZreGPUDqJ2aTTEEoXdEYZL2sF5Gu7c1YtGjQCLR:18000000000000000000:OKDOT:CHECKMYTH
165uvwZbs5Wt2w82iicfR2GMaSAkQbBKvebzvyJPz7QyskVB:18000000000000000000:OKDOT:CHECKMYTH
12sP11PaCBx8EpSmwKTcXBSMKo7wWgff23yCeZMzcfPn6urc:18000000000000000000:OKDOT:CHECKMYTH
1VzjhCzQ5CtAHAMpKwFdpWYhxar9UbJXsPqAyBneQfpBuLx:18000000000000000000:OKDOT:CHECKMYTH
14zoZkbm1eYjdGVQsQpuN1Kt32fotXuH8mt1aSuJRcqWitnz:18000000000000000000:OKDOT:CHECKMYTH
167dnsnqJb4ydM5JmydUAjxSFXgtcpxqHdshfRhusPfqNg5N:18000000000000000000:OKDOT:CHECKMYTH
12T4Mxkvjp46eRiugjxMy8DQAiDbhpGp4sDWXRSFzNwdjSRU:18000000000000000000:OKDOT:CHECKMYTH
1xe8emhXjEwcFceVD73p8sXHuXbz1MWrpUuGNHAxydBshFK:18000000000000000000:OKDOT:CHECKMYTH
15a4YBAPhyvFwCBozwHcrrratfnQnqAzPnyGWNdu3XDHXTm2:18000000000000000000:OKDOT:CHECKMYTH
167dQrDYrmsgm7NtAFP1t621cndaBB2KCjpoEyL4kHZ5GpvU:18000000000000000000:OKDOT:CHECKMYTH
12TiUufiLkZodKHaWC77xEf7rS9JdhTLFSKWBEsXQEmY8wWF:18000000000000000000:OKDOT:CHECKMYTH
1xHkrvsgAkidvCkzYvcwa4JDB6fijj8qAJmhzExHJzRFyGw:18000000000000000000:OKDOT:CHECKMYTH
15Ae23L1NpwgCV4vVTZDk2i1HFwxAC8ZFjwL7GqbNMKP1SHe:18000000000000000000:OKDOT:CHECKMYTH
167s4XRni2pJqGQZDxpzfqU3jVrX4DNtbYNjj4mkRXtHueYG:18000000000000000000:OKDOT:CHECKMYTH
12uBEB61UUPeqyWq7ZjtEAiezRmCUW1JE51CjgHmUffcUDwe:18000000000000000000:OKDOT:CHECKMYTH
1xxbUSv1N6euvUn8ZtCSxuD7g73EmRHKFnmDRDrEfGvJTna:18000000000000000000:OKDOT:CHECKMYTH
15afoprXoLASktskjr3yTK4c642w5U1L814fKqvfSuTcUy1T:18000000000000000000:OKDOT:CHECKMYTH
167Vx21kY9gV1tUtC2ycG2VFfkSfBiVh1RPsydVDZmvqVpZn:18000000000000000000:OKDOT:CHECKMYTH
12vEZhufuBiu6vpvrvQ4YvmouVaF2TuEs18Lm1V7odicS3t3:18000000000000000000:OKDOT:CHECKMYTH
1zwQffHcm4savTfmwDorY1XaksM15rVhT5jfeYt6fgdEAAF:18000000000000000000:OKDOT:CHECKMYTH
15atSjWuRgWLZNCqnfyoVV7vYVZyEwLKvhmqS88BhDgt6dsR:18000000000000000000:OKDOT:CHECKMYTH
167xmnGavNzdjimxjg5vKyjwc6nCDui9ZiJQXVwW1LGykXC2:18000000000000000000:OKDOT:CHECKMYTH
12W8xrNe8bpN8ANcgg6CYTmkoezcJCnoFbsRRrsErzRpDhJ9:18000000000000000000:OKDOT:CHECKMYTH
11QiiDG7tf31ejBJMGhaBWrN8SopdQCTv9hF48uHGWTZUXk:18000000000000000000:OKDOT:CHECKMYTH
15b4vj8BKCRVRDZRUNHSSKBzLWnk1xfBmNKCP7FrnBSGpwDg:18000000000000000000:OKDOT:CHECKMYTH
167yMkUvcQh9iewmJPuqnoN9eTcPhrNjgYounKqxEpVwYfxP:18000000000000000000:OKDOT:CHECKMYTH
12WNjbmurud36AgaSBaHXRqJWv7wPXqVLEJKNg1UDpPSLBR8:18000000000000000000:OKDOT:CHECKMYTH
1214DXJRT2txz5XYCq8SrHqoCnm9t7LarpnKnCNZP7K8gaG3:18000000000000000000:OKDOT:CHECKMYTH
15Ddaep51gW57pPA5AiBpjjciZRZ6EP4gSfMYPtHrLWP8Nd8:18000000000000000000:OKDOT:CHECKMYTH
1686yUoY7CEKF7SGTZJUh5CgtaGjL42JBrXWa8TE9KBwGUeh:18000000000000000000:OKDOT:CHECKMYTH
12xU98iJ8uWGZLK9oet2LecVvDX7MRKVhsfNTZ6AWq9uZfDv:18000000000000000000:OKDOT:CHECKMYTH
121XrhbKnnZkEpMZvk4BNzobTTKB1kzTY2wymAsUGxjkwXgT:18000000000000000000:OKDOT:CHECKMYTH
15Dh4Uq1iwfDam3ydAUjr3py2sU8ryosQwi8669kqyvcMvdy:18000000000000000000:OKDOT:CHECKMYTH
16aYrfw4bcLAG4y5BzxUh2HpYkiC23xPs5GiDGvPSarPj14t:18000000000000000000:OKDOT:CHECKMYTH
12xZPp9hmvyKp42oTbMS7X38MvFw2wywfRFQ6DBFRbLdTLSs:18000000000000000000:OKDOT:CHECKMYTH
123oguA6UFAhsSRjjiDJaCSfeXzsErHEVAxRPsez3YtrDNs7:18000000000000000000:OKDOT:CHECKMYTH
15DPjdkPwEAuQGUVkRKmnp16rttNKKgN6Ha2NNMoRDNTjHu9:18000000000000000000:OKDOT:CHECKMYTH
16cp4iGYRnwW3WQZftvtY8Df1qDP5tBBT4z9n9kC2bKpwVcc:18000000000000000000:OKDOT:CHECKMYTH
131TAdi99NfMpQPmDv54wTt2Tmodig7mWfwa2nKSHz5kjCL8:18000000000000000000:OKDOT:CHECKMYTH
123zBSRywQRYFUJaCFHgqjGdbZoWQTrna7XYRxPUntiF37Ms:18000000000000000000:OKDOT:CHECKMYTH
15fdYwJwpnXiQrd5TAgbhWUYFhcX1W2xF6LdZdeeepszD4Xp:18000000000000000000:OKDOT:CHECKMYTH
16cxqueHJqL4VZF5PEELkgxPYiVemBve7ebiBka4oCnJgGHc:18000000000000000000:OKDOT:CHECKMYTH
133nwciyUBMF3jPpSmAcnP19aDRq6rVyStquivf51JME82uX:18000000000000000000:OKDOT:CHECKMYTH
1245YP4gVZnqiKWUgpAG1agoDKJ6Ji6on7ZpqCwX18MCrtUE:18000000000000000000:OKDOT:CHECKMYTH
15G5LoriynU6uPHhMzHjayLFgnxdZgUphSPmxjqs9As3BDhZ:18000000000000000000:OKDOT:CHECKMYTH
16cy5bRzZ9qcjQvkmJ7AVQ5CdH95wjpHmsBBsTfZgecaKBSE:18000000000000000000:OKDOT:CHECKMYTH
139GTZwxyRKqSCmqixa81o1m4GkLEto6Dw2HigBrHB8jmJvm:18000000000000000000:OKDOT:CHECKMYTH
1264VaabW1rVXfFuFnUgTg3MWNAcz6M9zS6ZANQCzNLP95yW:18000000000000000000:OKDOT:CHECKMYTH
15GHmhJEmo218215bKmmUUWd9Mky6dM9X23dv9n6hrpcH3rq:18000000000000000000:OKDOT:CHECKMYTH
16DozFM8pLFFokJp6M2GrbCDRPL8gML7gSg6MZxHfUP3rgWU:18000000000000000000:OKDOT:CHECKMYTH
13ajLmGEoqmNauYiTjZzaH3DfutWtp9HcjhVX1DzXBtVnbT7:18000000000000000000:OKDOT:CHECKMYTH
126rgJn4WMzukR4ipmYJwwDpguupsumXvKrEkNxL5PKkCDkr:18000000000000000000:OKDOT:CHECKMYTH
15hu64Qdu1CySmhjS4AJ5J44msBxbycB4vSM7h7t6RdvqRgY:18000000000000000000:OKDOT:CHECKMYTH
16Fm2KV4TTM5uoG7GpNnGrZyGDbuaEHD2FCe6vW1w5eafapg:18000000000000000000:OKDOT:CHECKMYTH
13AxA3SBkq7KsNfsvSyTwPps6Et1YTU42mtqtPVhtG2LZMD6:18000000000000000000:OKDOT:CHECKMYTH
129hQwxSGhcUJanaoi1zZ14RmhMvvkj2ME7WzFXLqRmdyVpG:18000000000000000000:OKDOT:CHECKMYTH
15KGDS1htawqGmfFKdAkts95hHWMGFNH9LdvDG7qSGzGLFAD:18000000000000000000:OKDOT:CHECKMYTH
16FPwWQefkkmERXgFT4eqke3LR5BdLTVQxarc4ETNHHsPUje:18000000000000000000:OKDOT:CHECKMYTH
13BJYTEdrPbHvQUHZM4oC4SkkVxJeGhq9SYNpuAF31Hp8DmR:18000000000000000000:OKDOT:CHECKMYTH
12b3GGZnnQi7rRTLtmT4pko1ZyymJLYshKbvhPcnW7f5DPHK:18000000000000000000:OKDOT:CHECKMYTH
15m1wmD7BWsu6S9M2CezgaE932TwMVBx1dBy1qZu8ctQ84N3:18000000000000000000:OKDOT:CHECKMYTH
16i5hQsbkw5jNUL7Cgj8RPXXGxAHSfKGssGEoJYbppUTtx5k:18000000000000000000:OKDOT:CHECKMYTH
13BUGG7abtQiAL9Mos3apBBzKZtxme1Pg8ScHUKdyCYk2Ejq:18000000000000000000:OKDOT:CHECKMYTH
12BNyZzhZDeqtC61w44L3QL4wyJdfkDXdRAYqtJWGYaKUdzw:18000000000000000000:OKDOT:CHECKMYTH
15mFDH6PeTARwSwBNdtmksZmbxsyXF9rmB6sVe78XYP4VDDf:18000000000000000000:OKDOT:CHECKMYTH
16kBkLnEuvWXZcz5gr81z35RMCR9QQhAvNrR6t5AgqDcbxP7:18000000000000000000:OKDOT:CHECKMYTH
13drDtFtNDq3U5wmpRopLe4ioiFpiQ98s9j8RoCmbHb4GGz9:18000000000000000000:OKDOT:CHECKMYTH
12BR7ApDLKP1vLhRMQKRdS51z2YPsef6rdEzSokGrcms43ne:18000000000000000000:OKDOT:CHECKMYTH
15MWAw9gmz7qog2LQaELqQee8RBNhoKSYpVzKxQ3sYCoRSoL:18000000000000000000:OKDOT:CHECKMYTH
16LdmctParHuPkncsP93iHLghcD74dHs5b2KPsAnP1dWMjYV:18000000000000000000:OKDOT:CHECKMYTH
13gac225owhntvddp28PRQFK9BK6EdBy8JE1P5Auo1Cb1xCj:18000000000000000000:OKDOT:CHECKMYTH
12BYwo9BgNCvhjn47HN5eg4BBLCuW3zsfFmZGhxx7JveGTJW:18000000000000000000:OKDOT:CHECKMYTH
15oe5PvG7GFuzKyKkmRgjkYugn4oyN8Q1MgNqjsfYjMoQcc6:18000000000000000000:OKDOT:CHECKMYTH
16LTx7Y7AALGMky33SJ5ncnogz6a9ZZFCoeNd2dwJQ6ES91w:18000000000000000000:OKDOT:CHECKMYTH
13gcjKDje1qaxDL5oMtYVreinoBaE8crxB8AeZeDYxPp81z9:18000000000000000000:OKDOT:CHECKMYTH
12dWejuJk2Ly5d4S8UxM24Huz8dong3DYaCjXnRqxvYBsscv:18000000000000000000:OKDOT:CHECKMYTH
15oGtsbYKJ99YzEwBMDUJsfv2xiMLscpPH999HB7qCFac9x8:18000000000000000000:OKDOT:CHECKMYTH
16MZDkNBCcayCWjGEWDtPHVQe5mQVPPdTabyU3ve68ZxsJ8M:18000000000000000000:OKDOT:CHECKMYTH
13ggGNQckXpX47Gew3ABfyctZmunHijdPmY4YyeaRR5BsUCQ:18000000000000000000:OKDOT:CHECKMYTH
12DxKRhC3BVuN19mRh1qzpTKQdcG3Kk1SEtukHbmbQhgGULr:18000000000000000000:OKDOT:CHECKMYTH
15QNx2sNJQeE9fcs48t63fueQjdtzGPUrxNwajgTBnmFyGpH:18000000000000000000:OKDOT:CHECKMYTH
16MZH1JMbpdKbR81p3QUrP8M4cQsJd8wHUEfaYmNMb9NgA2a:18000000000000000000:OKDOT:CHECKMYTH
13HHo8eGVJCYne4tJ3utKWwLaKsr2KAiJUFgbS766Kibqdjx:18000000000000000000:OKDOT:CHECKMYTH
12GixF8bJ8V52xmsBKqkx8BoZr9DRjvMCwvx18tQ73zmLADd:18000000000000000000:OKDOT:CHECKMYTH
15STgrE98kqAk5KEWkENPDD94oaG8mNJyCADoxaGpdnfYtQw:18000000000000000000:OKDOT:CHECKMYTH
16QKiW85dcDr9i2Q4834fSEeRwcUzZYqHYbjQYqdpJUeif4m:18000000000000000000:OKDOT:CHECKMYTH
13NCLd3foNpsv1huPDzvvfyKh37NEEkGFotZnP52CTR98YFJ:236000000000000000000:OKDOT:CHECKMYTH
