14mEYH9SrEVrRXds19hDJXU56JUnvJk7tP1BhdnqrJD9ZGni:18000000000000000000:OKDOT:OKMYTH
16kPKjoQvzJgzrzSFHMWzoK5vPsC2KwXbxtT2ooP8bMrWtWT:18000000000000000000:OKDOT:OKMYTH
131NSCHk9Rm582rSor2GL8Q1SYnE9q9PEkyz8xYghABubFCB:18000000000000000000:OKDOT:OKMYTH
15DfVGS2LdA3Kj17qbR8zLXw5xnb1UQq2wmQ53hovXPnrEHC:18000000000000000000:OKDOT:OKMYTH
14MvYKdhrxxxsdmEvjTHsWszTeuBdAiYs5zU9yQLsRbBzaMB:18000000000000000000:OKDOT:OKMYTH
16LbAHRXDEH7zVxdfrsxF5gHjPydJNyFsSxZjqNFdoTRge9r:18000000000000000000:OKDOT:OKMYTH
131PSMHK1Cg9Qj9qLKXvmL4grFyDghumPr9zdqT8PhXSDrAo:18000000000000000000:OKDOT:OKMYTH
15DigJZvn5uwxmxx4SRvmiTzpmHRmfC2uhcyWSN4bsWG6chB:18000000000000000000:OKDOT:OKMYTH
14oJkMTwfAHvoE8FGdN9yiMf39YdBdSCKCyvEsAQe4YR9yRL:18000000000000000000:OKDOT:OKMYTH
16PFXTedQ2iBJ6tavZmMLnrahz4wAJeUHSa4tZMEsC4tMJDD:18000000000000000000:OKDOT:OKMYTH
133A38fKLEWsH4uanEvfDnYode8LwXyK3EaNk6RGRLN2VDQt:18000000000000000000:OKDOT:OKMYTH
15dJbwHDFzWcy6RzTzdWba9MJGJabGPKLCvjuzeSFXvMRgbC:18000000000000000000:OKDOT:OKMYTH
14pPpyXBmrvFb3CJNzKj79YXcdFhwNrMJarTUCyDJBNaHMbG:18000000000000000000:OKDOT:OKMYTH
16PhXbAm3xNUksGmFTsQeGsxUwFta8T8UaBxNeusV1wZU75r:18000000000000000000:OKDOT:OKMYTH
133HNGhexodthaHkefWgaGScnXDG3M3Gih64ny2gDycUCMjL:18000000000000000000:OKDOT:OKMYTH
15fZSbdLsbtcCxXZk7sX6kvtyCMH9bU1zwGLmEg99QgGFyhi:18000000000000000000:OKDOT:OKMYTH
14arCRmGLGqrCNZRi3sb4vYxo5f1rNv3pmpExa2yUfUtU3f7:18000000000000000000:OKDOT:OKMYTH
16PvpV5vGTCyb5UbUGJWrDvuDsv8GmViVyXvvcjYPxVquQbV:18000000000000000000:OKDOT:OKMYTH
133o9HFFTBX4YMpXeYb3RdhzngnZPWT76e8tCn38iaSWsmd5:18000000000000000000:OKDOT:OKMYTH
15gDj7uvcZPHEReqBYA4G77zvYkUbd8Uef6GpsoTtVhnKcrq:18000000000000000000:OKDOT:OKMYTH
14rH2WbhynwRTFFSkc3iuMFphej7fmBAW414ySbhqjQewRrM:18000000000000000000:OKDOT:OKMYTH
16r7djQkyuDd5AixcZ7A7ZCX91c8ZMqb5QFehxUccbeMwYH:18000000000000000000:OKDOT:OKMYTH
133vW42PPJjeZy22xb1ZYvX3VeQU6twnkv3Lwshc1y89oNvF:18000000000000000000:OKDOT:OKMYTH
15GFjf5uTZxbHCEPLmW4X1CQ5BBTHxbVYWtM2nEHj5apb4rh:18000000000000000000:OKDOT:OKMYTH
14tdtnPnchDDmbDvxmUYrHfkicVa8LQm3sw3NUgiiEXRH2TA:18000000000000000000:OKDOT:OKMYTH
16ScTxqUfNQUeWxziqTSb7pw3mVvHx3QW9HuTPaPuPuxx5RE:18000000000000000000:OKDOT:OKMYTH
1344N5qjMhCF1nJ8pVo5aNMA3bmt7aZrw9EXdR5r1Kkgi9DR:18000000000000000000:OKDOT:OKMYTH
15igA3gUNN9WrDxZ23F2WSuyfMvFhgvG5ibfue7dLQDp8oRj:18000000000000000000:OKDOT:OKMYTH
14tYD8UCWv8pd15mzgCx4Uwj7GchuT6gmsHc6KaiCAdsXRQz:18000000000000000000:OKDOT:OKMYTH
16UJueKPH3xmUaQw3uHTF62pv9PkZgxNesvhorHZWMWJGXaG:18000000000000000000:OKDOT:OKMYTH
1344pdumX337QXU5nD6vrqMv3PFwNbfS1F1SfmAfnBc2y1Gf:18000000000000000000:OKDOT:OKMYTH
15iNuuXDb3yGTF7RgMoY3NtAjBcmWov1jKJ9Xw6qMYza6SBg:18000000000000000000:OKDOT:OKMYTH
14uEFYbfNXZXGNWtkQ9TaBKkwpLzGDqDJHF5eMcs5i7DjBe2:18000000000000000000:OKDOT:OKMYTH
16UUoYkA9VLaWviDHAj2XzL6XmniS43Mp2X774cTQCcBUoxt:18000000000000000000:OKDOT:OKMYTH
136eLsXMvpXNDRj74DCAg5vZd5ZgXjwiYbExy7jVkt63Jjwb:18000000000000000000:OKDOT:OKMYTH
138srLHt5MyM5ha1thEHky5R7QrTPoHJmnnWXUn8uFgim1jk:18000000000000000000:OKDOT:OKMYTH
14uEvzGb5BccTjDCAQLvXNYBy8y9BLGAWawSxHAbsjpszpXJ:18000000000000000000:OKDOT:OKMYTH
16V6NrsyWJAosavPtGz5hBZF3wJPmq16zheLMmo8orXXE7qK:18000000000000000000:OKDOT:OKMYTH
138XSdpVAKn1qNXvvLbH6647sksjX9XBK8YwB7QJSD6qXhnT:18000000000000000000:OKDOT:OKMYTH
123Qrc1R4bZCJaQxnpBH9pfE7takRkvrEJoe3Dok8VmS7hdH:18000000000000000000:OKDOT:OKMYTH
14V1dB3Eu2WPJrJ8bxnSs6RuFgNM5jazaE8xactU261id9Yq:18000000000000000000:OKDOT:OKMYTH
16Vbgve2ocxYNLN6iNYSLrKyK7eNNguQqTgQ7SM3kkUWWJLK:18000000000000000000:OKDOT:OKMYTH
139Qck8eUJNcM4uxP6tfZaGnu2A5N4U1EUeQ4SD7QKSLRadJ:18000000000000000000:OKDOT:OKMYTH
15JMHzKPEauo26bQs262FiifJTH9U2fEg4TP1LF1NYv7it2C:18000000000000000000:OKDOT:OKMYTH
14wHBFo6G5m8nnxGfVpHrvBwQ22nhHJbN4UCVARrLe9fVL1g:18000000000000000000:OKDOT:OKMYTH
16VMUbXLFgtWrivjA7nzVoCZspMXX9NF6zWWXFs66L3WeUzC:18000000000000000000:OKDOT:OKMYTH
13bf5rJ5w3htp7wCgYLPDRiqmoF2z6Rp2cdRnWgNALW3b8tH:18000000000000000000:OKDOT:OKMYTH
138xVoTFLM5b7jxTaTn3ZKT7qAtWoQighqDmwVNmPVwfTogs:18000000000000000000:OKDOT:OKMYTH
14Y3S6zgPmCB4XVo7J6uN2V8UuyUkan6L7DsFqHruurYdQeT:18000000000000000000:OKDOT:OKMYTH
16XkxkwTrcybTh3oRGhk7HiRk3jwx9FF2S9Yp4iYxHbkqZit:18000000000000000000:OKDOT:OKMYTH
13BQiDbBJQf9qFaerVpHhiMWEGHXvZskbuQXUHoduYBmyRhb:18000000000000000000:OKDOT:OKMYTH
15kst5j4g6Y8UTzdr6QA3DyuDMpzUSbScRuVnQbHQTrqNPEZ:18000000000000000000:OKDOT:OKMYTH
14YWo1mqRi5ztyk62eNiratZ4dLzCeCfyU2KpZ7t2XY8jPFP:18000000000000000000:OKDOT:OKMYTH
15qzDXJNNzzPg2dNjxNY1LrNfvBWsQrcMpW9eVV1194ZdydA:18000000000000000000:OKDOT:OKMYTH
13dKWfPMi6Ma3QeiV6uiwHnTnctwzyg4Luo7ZYs7yC6iwbGT:18000000000000000000:OKDOT:OKMYTH
15MUwpRDAdNUREPQ9vQqY2jfWrQRBfvSqB56gxWRyoXX8rxX:18000000000000000000:OKDOT:OKMYTH
14YZknQVexwZFwg9EEjVkhqXWpzbpSVvYsBoHTTxt8LKSJZj:18000000000000000000:OKDOT:OKMYTH
12HCPsboYiPow8b2qLtyisLi9kd1CmAc4RdVXCYBBpjhTo57:18000000000000000000:OKDOT:OKMYTH
13dNi5uHLWeZ32pFs4qKLRd5a3B9hSEz5ShRAANBEdWWJZ9V:18000000000000000000:OKDOT:OKMYTH
11QsQLD2ja9pTVaGZLg8cpAQmhVYUCfJD2pp9HAEjM5vQkf:18000000000000000000:OKDOT:OKMYTH
152YDRawWFM1BkABgRun85joHYcf9FWJKBQAxzPDwJfQh71Q:18000000000000000000:OKDOT:OKMYTH
1nfHcP2jxBgoAH7R8CnZG3VJmiJ5MmwA9KfTdjAibUBm1G3:18000000000000000000:OKDOT:OKMYTH
13eACLUvhtgfvQBdUHGHZTQTKuTwsNA3d8Punt2goWr33q8u:18000000000000000000:OKDOT:OKMYTH
15PRHhoJFgGJMSwXVrUZcT6TKkxfryr9wjcnXXDhy2yEVH2P:18000000000000000000:OKDOT:OKMYTH
153ajMNwqcEYby6zSwqo5FyRzMawTPs6XBq3HT3NNg7B2kdP:18000000000000000000:OKDOT:OKMYTH
14XhzhV46NKSeeJkfDajz2eFVy6QH5YeVPjwdCXp9bqYMXGG:18000000000000000000:OKDOT:OKMYTH
13GAiLvRVehCLFrs92ympts5VKxfBqi34J2iEvcZJKyix5Wi:18000000000000000000:OKDOT:OKMYTH
15PuBmENL8EQBHAQ6LszgNCgAdR87i5DwnHpgp2xxRnpbyCT:18000000000000000000:OKDOT:OKMYTH
153NCVj2DhVuF6aEnPtPpXXmmUpVcD48QQcegGjQZ16UanVa:18000000000000000000:OKDOT:OKMYTH
15KK2dpQbo53Ar7dvDZ4qATxwYMkmgAmcUWZDHrLzxRNSNwJ:18000000000000000000:OKDOT:OKMYTH
13GbKocH8poz774wNZb6fZe7PHYRm5xYmAjtpoZ4FtxWyQHL:18000000000000000000:OKDOT:OKMYTH
15QJ7vyydvSDQVyr7ggDgVKh89bdCAcKj5hgsUs51GFaBxAm:18000000000000000000:OKDOT:OKMYTH
14amFrGUthgg1KnYrwMG6gAVxxARrmZjPtpFouM6DEfenaK7:18000000000000000000:OKDOT:OKMYTH
12ecNqD2NAcCBbBM3K1h4LqFcKn5bU4drNpkcbmbEbgUmtFL:18000000000000000000:OKDOT:OKMYTH
13gPj5MgnqdojT8nz4NAUhQUYP494pkehv4Pq5fTPhMGH79b:18000000000000000000:OKDOT:OKMYTH
13bP6G2pp5jeexguuuq8Sym2fYLDNoD9LLj9YxdAhZRCGwA4:18000000000000000000:OKDOT:OKMYTH
158aMWVaV68KVCgcRPqbp76ESJ47D379VzZZm2XQmq5A4ZrF:18000000000000000000:OKDOT:OKMYTH
12g2z2MLdX7N2kFc22p6NnHBzbiKtW9hoVmfvidah18MJ7Cz:18000000000000000000:OKDOT:OKMYTH
13GPoDvead3cYRmsPiRpuL1zUwYBT6MvQPMrKFuCZ1XtqkVK:18000000000000000000:OKDOT:OKMYTH
14fy3M5ywQdTVcJpyP6Dm9omZYr4A2cfymUCV9PGfHD1WBPB:18000000000000000000:OKDOT:OKMYTH
15B77JAw1aVQazxKxXCTqmZNWwVEMMrY9ZKpG6zrCEGih1WH:18000000000000000000:OKDOT:OKMYTH
16hyN5o1kGtRNRFmim2HyuJqfaydUy5gKJSmvxHqX6n8mPZS:18000000000000000000:OKDOT:OKMYTH
13JpUAxU2o2t42ZrCr4cxxkJzLoQKcinKgPwjeHCB1fFhjB1:18000000000000000000:OKDOT:OKMYTH
14ge6yhPBRruvWngdF3Ys6azmdpgYrfWcx5QR4RrCQGjy7bU:18000000000000000000:OKDOT:OKMYTH
15cjeBrP4FAh2GwE6jrthH4dXgnycbms7jwArNTDn1RsESGp:18000000000000000000:OKDOT:OKMYTH
13rX6PDLsVvWv9ov3j29WZKgeyTYfUo64GRCkmbvkoFaMZ6T:18000000000000000000:OKDOT:OKMYTH
13mchMaSmS51iQ9gt7HvYZrystaeDJa8mqC3n2fKgboSdj8K:18000000000000000000:OKDOT:OKMYTH
14gELj3xQbQFizgPWaaN4Nu69gxSh3S7YnqkfMeFCs3irPfg:18000000000000000000:OKDOT:OKMYTH
15CtPLexk2XatowY3Ma7temWhFZtuDr3ZCxnbGr19ApTXHoK:18000000000000000000:OKDOT:OKMYTH
15Fyd4wpJhmN3GF7kke6sF3gyF4o7qUZ9MiNsHSwGi2rUup7:18000000000000000000:OKDOT:OKMYTH
13mhPXCuMFVpn4fWemfjtLVSFhBGpEb9JLPNMWd1DmvaiitF:18000000000000000000:OKDOT:OKMYTH
14iFwjeaK4yaMppmzageWWkWBTSs4X6SU8wcR1u8wAueMMNE:18000000000000000000:OKDOT:OKMYTH
15dMmGZWxxCWaG7x9ZT3sLPJgDnb6KKj8UKCgiQ4C5oUKbDZ:18000000000000000000:OKDOT:OKMYTH
15tEG1mDSDJqUfciunZTCS17up6wP4zd3mrVRZGhxNTcM3v1:18000000000000000000:OKDOT:OKMYTH
13MV7qErN3SYJBSF4XgbU2PdQMPfPNZ1P9WVjLt2Bwu3WmzX:18000000000000000000:OKDOT:OKMYTH
14j75FjF8QGbQKxHFRkhEhgJWsH6iqzdzqLWPp6vbkNhQDKA:18000000000000000000:OKDOT:OKMYTH
15DpzN2MfhvVZ16V6wmS9Av54RDCFSaaYgEBpVHT113G2ZwE:18000000000000000000:OKDOT:OKMYTH
13GTBCKyVphFjbgYSVfGKcwEPXyzTALW41QotAPJbLq2S6Re:18000000000000000000:OKDOT:OKMYTH
13mXFuEpSyXkkDNQy4mLbJ5E2gkaaUvvKhPPrS6ewvS9Zi1p:18000000000000000000:OKDOT:OKMYTH
14Kk27gDVFM79n8nrcFaddFuiMEB2dNzx8o2LTyHrV3zt7QB:18000000000000000000:OKDOT:OKMYTH
15FX2XwDiCoFm6ijx8EVaNuqMfdWR6KWq2X8tWmXz7ChEzaB:18000000000000000000:OKDOT:OKMYTH
13iSotKiPn98afVUMPZPX4FZokFDY7XgSqU1UYSkgG1RVYpc:18000000000000000000:OKDOT:OKMYTH
13p5YWfFGTHGmtAZhbuvBQxnKsDYPhKcaRGMm1NSoTD5tBiv:18000000000000000000:OKDOT:OKMYTH
14KUXcnqrX3m7mkoCmBKiWnKVyj7VM1Qeug4Ufp24tYsU7d1:18000000000000000000:OKDOT:OKMYTH
15g63qcqR5RNtec8PPhpT6MDrnakudYec9ZDaDezXiwAGTR3:18000000000000000000:OKDOT:OKMYTH
13m4Z3Y2eikmpaS8qp3kR8kYZopc7ecTQt1NVSCfTTZeZ83E:18000000000000000000:OKDOT:OKMYTH
13pVurbp1k2jSEwYkHxEh7e2crbhXBGB73Xb22udERTn3my7:18000000000000000000:OKDOT:OKMYTH
14m1aUH1CzT4xguzT1f68QDfQHFFLWxGKEs7xt1MekmGVFZq:18000000000000000000:OKDOT:OKMYTH
15GBahpHsTQv6pY4Wo2FiMJtxcgsVrcLPxLk9nawJbC8haRS:18000000000000000000:OKDOT:OKMYTH
13oeNJTQ9MHEv1HfGex6PRMv66MbeuN2QzQDyrbzHDY3nSS6:18000000000000000000:OKDOT:OKMYTH
13rKa2fc9jKo51vwBeKUnm3aZFjRrGUFPdUmuE5usCmmvv72:18000000000000000000:OKDOT:OKMYTH
14mVNDEwVY62GYLne119P9VQexwqV6czNJFpyNX3jgEP8JY4:18000000000000000000:OKDOT:OKMYTH
15JaEbUw6BErfDMyvXgqWHYC454XYV9vzaAWAP1Bc6EhCeHC:18000000000000000000:OKDOT:OKMYTH
13picPWhxBNSCfF2mryLtAjjzjbiBwDhCbtpYReQhjb3tLzB:18000000000000000000:OKDOT:OKMYTH
13rV171x8DYr8oywRwFV6V2XdU4LAk9tYGWzfVvsEnqspiJw:18000000000000000000:OKDOT:OKMYTH
14pAf79FHNYYtmaVy6vS9dWooZdQJ5gAw5XBKKKG1VYvKsta:18000000000000000000:OKDOT:OKMYTH
15JGDWJ2Pai5ihBibHtyKkjBJvmHd97QEp8tUT5LZnfLz6NT:18000000000000000000:OKDOT:OKMYTH
13QiUXVo5P5ZZ5Bva55EpPZc2Pkpw2DhysrYSn3uYD7U4hKV:18000000000000000000:OKDOT:OKMYTH
13Sz1RSFfpi91giCSroQqk4kRCVjUh6atWy7kprTu4VhGjjD:18000000000000000000:OKDOT:OKMYTH
14pPLKayHvUCmjebGdf6ULQEpXTnfweHnBSWyX2VPiWmGPEC:18000000000000000000:OKDOT:OKMYTH
15mMKwAGMNTV7Mu8MkNJgYFuhNPGYEqkWPsWDQsZCKNjBsjr:18000000000000000000:OKDOT:OKMYTH
13QvLTHWYs3xU3ibERVE3MVQ7GzzvGyHNRb8RThpnZ4JBWbp:18000000000000000000:OKDOT:OKMYTH
13T74xsda5vjq3CKFndjiKQ9fQBNwvPjoQSxBvZqe5z7ZsBt:18000000000000000000:OKDOT:OKMYTH
14Qoju3h8AVBY4ycWYS8umYdZRCLd9V2s32Fu4G1wcPyzr2c:18000000000000000000:OKDOT:OKMYTH
15QEsZ4VfnMbdVKWZ3NDPpzU9dnwwEsyp73Ar3QQeJYCQWw7:18000000000000000000:OKDOT:OKMYTH
13rbJaHm1XraLYZ5dUVDzi4FNWZgrNU4hdu5gaSWUW8qU7bz:18000000000000000000:OKDOT:OKMYTH
13VSmbSnGXjFNhjVfYREPpst2vQL9eyJZ9nUbbG76gAxW5oN:18000000000000000000:OKDOT:OKMYTH
14rd99s1vSHYzbbzrf5ogWv44Y5sZjQYxSjDxwR8kMM1VKkB:18000000000000000000:OKDOT:OKMYTH
15qfRpRvZiSqmhRetzsFaKHNv9QkxsGsfJxGjSuEpwyBKSXj:18000000000000000000:OKDOT:OKMYTH
13RHW57ubRWupCeJ4bbR7Fu8WY6WkCGZqKcgJjHia5yqc7KP:18000000000000000000:OKDOT:OKMYTH
13x114H34dSDC174w8W37uQkPzCnwRtUntCFgxxbzdxqeEdY:18000000000000000000:OKDOT:OKMYTH
14rxo4Ch4unjCC7gWGVcAzamqDrrQRcrKdkFUuBARNa5PpKB:18000000000000000000:OKDOT:OKMYTH
15qkozijQVFvtg832tCzmnMusczs193VrYrDgRqqgXwwcrpm:18000000000000000000:OKDOT:OKMYTH
13Ts5C5vZt1hdb4xfx64naG1QgY1koSpVDvVEpJmkPg2RQ4E:18000000000000000000:OKDOT:OKMYTH
13YFGPqraKPFsj6AJn1TxDLbvBqZqwdGcxuZseoe6tPYFFoX:18000000000000000000:OKDOT:OKMYTH
14Se6XB5pfw8GDvhVVeiUaLZEg6ahSPy37YPoC8Emyb2mYE:18000000000000000000:OKDOT:OKMYTH
15rt7kqx1dyoVy6iaRJojfUbP5jHmjpP8SmBUj4S8kftCDVX:18000000000000000000:OKDOT:OKMYTH
13whUwj2pAKhLfRxB31KgtU9cK4TWYveE9q2bTMir8Q7ZBMu:18000000000000000000:OKDOT:OKMYTH
13Ym27d5ahkK7ZLKZmqDQ7tfHWPNATstmxgBmDs4pGnBsd9w:18000000000000000000:OKDOT:OKMYTH
14SeshTCCiUajkpqC7uXWyMnWZVjJPdATimGntYEMfYS9vDA:18000000000000000000:OKDOT:OKMYTH
15T6pgoHddFSMnQ4hqgbZDN2XnB3LXBtqoE1BeReVNWFisxw:18000000000000000000:OKDOT:OKMYTH
13WREwESACJig1fmFZvmcauqtfsJwNY6gEk7nTXQGZs9mef6:18000000000000000000:OKDOT:OKMYTH
13zUAn1MDuXcgkfgxL8cZDwAYsHpMXSDBWyWGrLUEEo2uk1j:18000000000000000000:OKDOT:OKMYTH
14SnWrgPCshTwAg5dny29NSVk1o7dCYe935g4LMeC9cTERsp:18000000000000000000:OKDOT:OKMYTH
15TBkXECvdtVAUbRDWQYHByatNcfbiHh9e18pUUxnkhR1Q8y:18000000000000000000:OKDOT:OKMYTH
13YaGeh6VfSmtpXSKY4CMHFP9bBrm6WcBXnPkGt5EN1NDp9a:18000000000000000000:OKDOT:OKMYTH
146WA9jLkyDe8yYvP1kgdDRXqgLUmTj94FZE4HLaKhmoUC4x:18000000000000000000:OKDOT:OKMYTH
14T88UiXeqXV1HCtXZ8kRNVaDbRfaC9jQUmacRUx5eJvuPWR:18000000000000000000:OKDOT:OKMYTH
15toGFK3Y4GwZRKHzK94qefFPVfvjXjZFY6SPViaU7irB1Ng:18000000000000000000:OKDOT:OKMYTH
13zbmWXiXeagmNm3e4LFJwVTqbWAZjQ3wYoBZjSmGRKzzEQk:18000000000000000000:OKDOT:OKMYTH
148KWS3qsBBxDe6q7R17wjxbPQ3QG8m9caxZq6DEDLsoNC9V:18000000000000000000:OKDOT:OKMYTH
14wG6JbxAMpWMuqZWAhXubXPstmzSDmrAqW2WtC6xJ3yJmzU:18000000000000000000:OKDOT:OKMYTH
15V7BgdkK17GZXKGhC4EYUcQVD5LH4Y1NUrfZQ3SQpsPHHP7:18000000000000000000:OKDOT:OKMYTH
13zTpXTH6ZkpXngJHXBeLnSuhNSELBPZLQHLxFgPb2yNgarq:18000000000000000000:OKDOT:OKMYTH
14at7cBy8BLSTQvAstc6YXTAk72UpCLmaKYadaNoiX9M6pFR:18000000000000000000:OKDOT:OKMYTH
14z89apLGEgjTm4Bhg1R4EmUbLxR99MgX1CNoujkgbZ2w8qP:18000000000000000000:OKDOT:OKMYTH
15VJ2d8bQv87euoVboq8LgRpPwr2o5i6u6Njypk5qUxyRMZR:18000000000000000000:OKDOT:OKMYTH
145m1eM9wCP9wna65BbdCpFHr9u1AS3btoBvkxQ8r3YADr35:18000000000000000000:OKDOT:OKMYTH
14BBr4hhtWTxzSZYAXAA7mcnBhKCxr9o2yc9eVxm9Nt6AdB8:18000000000000000000:OKDOT:OKMYTH
152WBfs3royJhnNm94xzwzyfKoVJUnR9CZCLjfScEPyQZvCQ:18000000000000000000:OKDOT:OKMYTH
15XGjKBQ3kkEo7CT7fxBv11dvqTFAVQFPmwP4J7mqLVxfcd7:18000000000000000000:OKDOT:OKMYTH
1467C4ikr5hqLBendrHXQW4Sqcuz7e9nZ8gzNq6Lo9cRLNRt:18000000000000000000:OKDOT:OKMYTH
14bCMvGgV7AgM43MFBptwFzgAnv1cS5decjzErfVxYUqBRFf:18000000000000000000:OKDOT:OKMYTH
15581caXihK3uN8UaUSYQUJHDxakNhCDWtTPgT8Mi9DNpSbD:18000000000000000000:OKDOT:OKMYTH
15YTAoMPsZ5MLcPdc5KWwouqAiMcfhcFbu2d9eLvQ9hd7u28:18000000000000000000:OKDOT:OKMYTH
148L1rG5Dy4DVdrFL2Dzz5K747vGrz41CuqANUmrF2pXpTN:18000000000000000000:OKDOT:OKMYTH
14bKedioW8nT4fuwhbLPj2B27dtnD4Fd6mPnEBpvkTjKbjZR:18000000000000000000:OKDOT:OKMYTH
156FHYCjeiXKtuyeutdKRqJ9Kv5uVGBMRQoFaPPkhj4VAkH9:18000000000000000000:OKDOT:OKMYTH
162Sq1DE7DqaiK6hs7R53L3BgbJF4DZ3AXBcKdHwvffzQpVu:18000000000000000000:OKDOT:OKMYTH
148R8RnGkZqwxYBLZqcwwARG9Cm3uytgCm3DZkXhpjBmFRZo:18000000000000000000:OKDOT:OKMYTH
14cweS1giR3LCBqL1EtSux8dMCewFFBhonC6oWAe7opzMGrZ:18000000000000000000:OKDOT:OKMYTH
158Qqv9PQ4X9jtmXkYhypvQnZLW5DdxYD8YBMqVENE3oN8zk:18000000000000000000:OKDOT:OKMYTH
162WB1bUGi3VQAeo8zzh5uqgoGCkdxe5NAyupttzU5GLGJxE:18000000000000000000:OKDOT:OKMYTH
1491z4xxMrZhZgeJWTeZCeu52bLLcGM5PPremN8NtxjCtT6V:18000000000000000000:OKDOT:OKMYTH
14dB7A3pAda3tkhT8WesoJpGm9WVdyWr94QbZBW48LtaSPgp:18000000000000000000:OKDOT:OKMYTH
15a23VWmGEhxF1RPWy6eF6xzoLdMwgVMFM5RwLedcHF4zoH3:18000000000000000000:OKDOT:OKMYTH
165nfZTMGVcRyJqRmbzpxhERredBsjvqJchwc4Y4p3G7SHSH:18000000000000000000:OKDOT:OKMYTH
149717WjC3TSddKFvpLZ89NM9strPnXyE85uj4LPdJbERGRr:18000000000000000000:OKDOT:OKMYTH
14DHb4W4r7ZKBUoRcAXboYE7hnobTRzcXjh46n2FPtckvud3:18000000000000000000:OKDOT:OKMYTH
15D4a1JZAXAYKRLk6L29PqkBEFpQDXMqR77HNDZYoouLPmWB:18000000000000000000:OKDOT:OKMYTH
165SxeTyzT2sPtWfkAex3we4dvhTt7J59GVoSpEAHS7Auh6G:18000000000000000000:OKDOT:OKMYTH
149DcTjVv4ESQkCFWQmnQF7Hz3d3mRgxhV1w9rpND8b3DHuK:18000000000000000000:OKDOT:OKMYTH
14e1X2jZf4BxcP2D86cMijUz85yRT9PJZ7dH9b4XoEvcGevk:18000000000000000000:OKDOT:OKMYTH
15DptKXJB9XWBQQ89TN3xc5bzrsZ5bvqUZpnzdgZeRLUpraG:18000000000000000000:OKDOT:OKMYTH
16AH3h44aVtL3wXyvXdpg3aq57kdmZDT2tyKVXAJfDBTeAJD:18000000000000000000:OKDOT:OKMYTH
14B3Dva5H9KV9RYuSNHGLCK79GxMYy44rDDvSdgarTYQV8XQ:18000000000000000000:OKDOT:OKMYTH
14fRTyjkJt9okipmjjE8uBapALoBxuNy8AoWFdjpnNzpAQH8:18000000000000000000:OKDOT:OKMYTH
15fjyHqjBCGYUifo9fMuuVQsz1PW8fKa4CXSPCefDLsBk5K6:18000000000000000000:OKDOT:OKMYTH
16aWwqZrU69XVcaDvMpS8cpYpbz1A9x7vZRPZNa3cyJRyC2q:18000000000000000000:OKDOT:OKMYTH
14b9HuWEwNa8pfGK5d91wpXyzBw2yry8jvSrXRRirdWqgLEf:18000000000000000000:OKDOT:OKMYTH
14H1vJ2DkZo2cuFsjRG9VDoWxNrS3XJ6ksPGmft9pSnDqoRa:18000000000000000000:OKDOT:OKMYTH
15frd3sUC75KeHDxRzgxa6JRQmPPgC3LK7Z89GBWQNhbADKM:18000000000000000000:OKDOT:OKMYTH
16cKbsURnfVzgPnN1jnaBAZ2XZru8Y2uLyKuDzEa8BeAfGQv:18000000000000000000:OKDOT:OKMYTH
14BkW5aKMHXsEdria6hpaALqzt775CKeV9FBPK1mBktPe41x:18000000000000000000:OKDOT:OKMYTH
14ic6hqEkP3hVFB6R5mKmvd24rA8PpKRoAFxTHB7788jUcaT:18000000000000000000:OKDOT:OKMYTH
15hu6xMPN7pGLDggCEbNThndHZz686H2DEuCFWh6fGMzFaDU:18000000000000000000:OKDOT:OKMYTH
16Cp3TxRGc2WfiscWUhFZN1keQfFNce48jG6q8p5xknyYx4j:18000000000000000000:OKDOT:OKMYTH
14BMKwLiMUejQTfknFv9MdqUFGseqYXE7DZYojmZtov6z8iv:18000000000000000000:OKDOT:OKMYTH
14Jw6C6E4KJ4eVv65r46ZCCpxGr4hnSQej8dFbPJ5vj7Siu1:18000000000000000000:OKDOT:OKMYTH
15JCrDqvsNb8EcadeP9pfHry5CSjezdr2GG1furvcabcntaJ:18000000000000000000:OKDOT:OKMYTH
16D1p4fWwcJBV6H22tVLYPoCxCPD84gAWCqfYqmAGdiACysS:18000000000000000000:OKDOT:OKMYTH
14cvbBxLoXMEEL3GWbuBPmbu88XeiNYw2so3q4fFxZJZQqtt:18000000000000000000:OKDOT:OKMYTH
14K79x5GrouoCLcb3PSAxPGg77K7z2JoK1KAiDKDWjTcvbB:18000000000000000000:OKDOT:OKMYTH
15pDGxUSbsbHu4Ljd2ekk7UKAy22vhbcdhU3fs5JjHgFPahu:18000000000000000000:OKDOT:OKMYTH
16fGB1iv64HHrQ11rJM6d2CfPVrmghYPnHdSVeUYmqYfVGd9:18000000000000000000:OKDOT:OKMYTH
14cvMwqt5V2tqXCW5hSr63QUM4TMTCEdJzzyqvcqqpessjwy:18000000000000000000:OKDOT:OKMYTH
14mVbCsb2qjeURhkBqYaBfDJevZiJpQ2rpdDZVeuZjJpWVsz:18000000000000000000:OKDOT:OKMYTH
15pFrb6MVsctcWd4KKtBMxitJtQwF87KPw9vikAVvJmJzraa:18000000000000000000:OKDOT:OKMYTH
16GJ59auJKqxywPVbYWVU4xUn4f9KKp58edhBvpHXa4daXRY:18000000000000000000:OKDOT:OKMYTH
14DfHJmnfM4ygpifArZMQfv1rsMytpXxqPqMv2zCNGMmpiRb:18000000000000000000:OKDOT:OKMYTH
14MVg5hiNePKD2BNLXNve6MTu6HyZwrqWoEKnHmprJ3SADyR:18000000000000000000:OKDOT:OKMYTH
15Ps2B8C3GdNySKUrF8U4gtAASDctbTcbBmZTiEUBkJzrxq7:18000000000000000000:OKDOT:OKMYTH
16hhM9iuZAVe12ExZ51erxBSXgphAfNT361KNrs1ncJHeC6m:18000000000000000000:OKDOT:OKMYTH
14fe9JxTZmXWW6hjTaDFMzuySamMXPP27K6MQrHgnfp1X4Xu:18000000000000000000:OKDOT:OKMYTH
14N55B8nFmM8izzQ6aqDftdyQooM3sQLj1odKrpNHCe7yLAt:18000000000000000000:OKDOT:OKMYTH
15qmiANco19fNjN7yXnCckPD2RnmmwtKzhUz6LrQijefKkEz:18000000000000000000:OKDOT:OKMYTH
16HsPSGEEkNj9GjNbL1V7zG38U5mduLz1H58CoZvKxVDqgo6:18000000000000000000:OKDOT:OKMYTH
14FsgM1AyhPTsqTcvJJRuEp2SF9NgBS7p3aqYteBzDjJBy1P:18000000000000000000:OKDOT:OKMYTH
14pFFdiep89dsgZsoAMYRPtctTSmLqF9q6pC4Gr5j5tn98SX:18000000000000000000:OKDOT:OKMYTH
15qrFtk6nCmihFRQupfVmmHrMNH9h3VddErtnWE9RMDooNB1:18000000000000000000:OKDOT:OKMYTH
16i3Nsp4vo6XKYwNGEu8NNA9uxmV6aG6Aj94FjpqWiZZUydJ:18000000000000000000:OKDOT:OKMYTH
14GEiedtTECNjSLri4xquSzros3mTiDQmc2L411qmtMqvBWs:18000000000000000000:OKDOT:OKMYTH
14Pv4fnkpqXyk3XkeqzxnQfa8A37hsa2BC29wM8mc69E6As4:18000000000000000000:OKDOT:OKMYTH
15rCeLWanKzbKxyqZx9X6XpsNJHLbmHn4rukH8QvpXa9W6T9:18000000000000000000:OKDOT:OKMYTH
16kcgBgT1jQBBdCza6vveKCWHeTkBdW7XPZ5qqiWduV2bzht:18000000000000000000:OKDOT:OKMYTH
14gJcYxqcP6DUVh5Vqqv3aFFcvUsRbw8V6jhMXhqHZWzEwZ2:18000000000000000000:OKDOT:OKMYTH
14rdpSYvfXkokiyPA3n2ugGo6hqegaL8tRthToCD98xK381E:18000000000000000000:OKDOT:OKMYTH
15TEaRx2kjLqKNtkKVFtzqrZziHTqpkHnj5qjEMtbKfnRprb:18000000000000000000:OKDOT:OKMYTH
16LyYsLg1GtPnRZuc5uYBJ9ZTqauhiiaYuGrrfF4vKcj2GEF:18000000000000000000:OKDOT:OKMYTH
14iqu1hAgFbmVqGH8aJzM4NnwXkMmiBHDSUAyatvkabQPtuq:18000000000000000000:OKDOT:OKMYTH
14rmdeinTMQJFhVqmXkjWWtgdCWaoNh4fTSZKJL8LgjZa56M:18000000000000000000:OKDOT:OKMYTH
15thXnxTpWzALaLgHzq4SbbkMmweY4g5KsTX57nhWmX2Q8Kz:18000000000000000000:OKDOT:OKMYTH
16PdczancMqqUni7ujHxaisJSJgrT96iSpuYvBfzqVQvYuiy:18000000000000000000:OKDOT:OKMYTH
14khvYbkWURv681graAm5usJcT7M8dBQhE8m4koQRxDGWKMR:18000000000000000000:OKDOT:OKMYTH
14rQdXeWfi5Gn9D6pS9qCyfn5xa71yrE4kpxFs5XqWRrST6Y:18000000000000000000:OKDOT:OKMYTH
15tVyJ2iV2QUJjwLmNoRnqpS5GPxax3E69BU3AMNdzdNbLFP:18000000000000000000:OKDOT:OKMYTH
16Pg2WK14fwuqWDYs8RRjswYFBoivdMnQwtvBDXtErVc4um3:18000000000000000000:OKDOT:OKMYTH
14oJhS4Lbjk1jELgHs5Q5AmnQPrUcT9x1GxMRurERVVXjyQf:18000000000000000000:OKDOT:OKMYTH
14SVaeE68MrueNrLSAkSqk3sfVzs5rULdFtchCnwK45jYWgK:18000000000000000000:OKDOT:OKMYTH
15VLBWvwd2M6jEbFXfLf1j23otMFcT1Zrx1TBYpLEpqCFuHS:18000000000000000000:OKDOT:OKMYTH
16QBopc5NPr8iHTrNe8DPaYAzfniQquoa9BsQmf12cu9XhiM:18000000000000000000:OKDOT:OKMYTH
14pGyp5XELusPSuoZ4iKYYXqcEkrnrSNPoRs7QYtq8FoQFYi:18000000000000000000:OKDOT:OKMYTH
14TJBwqvQY2Gwqe6sbiFf11qkZ3YJVg6XV54xRL9SreTcZqt:18000000000000000000:OKDOT:OKMYTH
15VpLdB2kJEo2qzhE7CddUDY1hJq1aRP2ciRb1HFiWgZjDay:18000000000000000000:OKDOT:OKMYTH
16RyECrLuZsok58Vwv7KuHpiWkq4SD1zt2hyn3wVbYVBnqaj:18000000000000000000:OKDOT:OKMYTH
14Sdip8Y1z6roNDPKCyrFR5UqhMjpeL157DKQFWxSMWs4nbU:18000000000000000000:OKDOT:OKMYTH
14TQxmBak1aApFfpqxbWYP8P6s4AyDkv18D1CqGiuiyw1rpP:18000000000000000000:OKDOT:OKMYTH
15wDWrX36LscP4xdFFuosrfkiEA4rDN1FJ37Q4Awx84Mf98n:18000000000000000000:OKDOT:OKMYTH
16XiBgV8cb213m1fvUQXzfBsdtnLi5apTR25Su3ePJrv9ka6:18000000000000000000:OKDOT:OKMYTH
14SdPHv3oUXEC7CZes83TB2xQwqAsL3mmJcFefKYAoBykcsS:18000000000000000000:OKDOT:OKMYTH
14tXU5NfAkz5M2fLLR49YE7zzfTh3Y3VFxKHb3Yfmw48Y6Ws:18000000000000000000:OKDOT:OKMYTH
13N2MgZhCL3BU1movbC8pfVixT2MwGJHmmT2DeoG3Xbv1WNt:18000000000000000000:OKDOT:OKMYTH
16XQpu5sBvr96YhBh3ZX8sHCqHiWGNbn7rBPvzPKbYPkAS4C:18000000000000000000:OKDOT:OKMYTH
14Ste6pspqoipFfYiKpZbB8bNx1GfQQc95q6ahyCpBwMLbuN:18000000000000000000:OKDOT:OKMYTH
14tYK3myqtWGV4wj7CxfPybsjv3xGmjA5q5nmaZpoKj7VQdv:18000000000000000000:OKDOT:OKMYTH
15wniLMFxD8sPTBSXSVPvQo3WJdrYdejv4iYAknPg5q6APA4:18000000000000000000:OKDOT:OKMYTH
19oWpfSx3kCTuwu3QnL7vrwH6YBAcXhTxtjHrMxDyMFmzZK:18000000000000000000:OKDOT:OKMYTH
14TEKss9VFUKormqAAxfzYDeY24vqNNfchNhPRUAExGLHspG:18000000000000000000:OKDOT:OKMYTH
14u25ntTz61z1As3WF25UfrcuqbXCKXjoJsjGD1nEs6FMbsf:18000000000000000000:OKDOT:OKMYTH
15yc4sjeHYejiZUchG3vS21Z2A1rzX9vNFHB8ejJoHfV4Jf3:18000000000000000000:OKDOT:OKMYTH
1baSWRBifqhJD9v1XLVgDi6PGMhcJzwWsGNDvWkw3p3JcmE:18000000000000000000:OKDOT:OKMYTH
14thQwUA6tbAGQEhXrY7HZKUSMGtm5DcYR8nJA2GcKGZTNmP:18000000000000000000:OKDOT:OKMYTH
14wf4mqJqHjkqrKnUKSaGPz8TNhYpqYSc1HvG1oRsjia75XL:18000000000000000000:OKDOT:OKMYTH
15zj7FPADuAfYVpNa7QkxG2WgboiuZYgCCQtmP8qNg1HPsp4:18000000000000000000:OKDOT:OKMYTH
1BiSbqyT4tbvdvqqeXrUPXBX1Tjpq6nA3yuq3AxNCcUpkpw:18000000000000000000:OKDOT:OKMYTH
14tZjqzZCay3T3LRtVroUUBfMGSC36kiHgcT3pL3HxuuZeoe:18000000000000000000:OKDOT:OKMYTH
14xTB8it9jYcgk3WnFB9AVbpTvUY8K4WJFx8tCDwS8svzx59:18000000000000000000:OKDOT:OKMYTH
162Q5SgJDezZoRcRTJRihGsmhUjiYpHhEkyXa1jahVvRihrH:18000000000000000000:OKDOT:OKMYTH
14aH6baHufqUde9SQcMnQriXd1jEF7GPgBsQuenNGjudUg94:18000000000000000000:OKDOT:OKMYTH
14udBKmPFtNwyo2Fm93zZVi3Uumj4LJQBBdVRsP6hMrui7ak:18000000000000000000:OKDOT:OKMYTH
14XZDDDny1PDNaheWrBYv561bYBbHcTfpbt3kUdH7tcm19Xr:18000000000000000000:OKDOT:OKMYTH
162zo3LGZF9hnCpcJZKWsGncVjTE1ZgeThyLBZJKMoH4HXkR:18000000000000000000:OKDOT:OKMYTH
1drnVELMUNCyZpu2UHdp9E9LjMzeGDpkoFjTnZVqtp5nXXn:18000000000000000000:OKDOT:OKMYTH
14uXPEd8ycUYfSwZuR2k2oq9uxcjxzGy9U3GhnVKMSTC8CCY:18000000000000000000:OKDOT:OKMYTH
14zdbCsTRz6ejTw8mE5nJkQQAqJ5bbdq5ZQ2qEu1JsUpiwfH:18000000000000000000:OKDOT:OKMYTH
1657k7c9ZFCdLRYaV1DDfS4qM6W1jwrKjGhR58EtGWzpD4Z3:18000000000000000000:OKDOT:OKMYTH
1edcViP4uwLgbKU6ELtyQtYtmYVjG2tDtteKbrNfsC6FawH:18000000000000000000:OKDOT:OKMYTH
14VqBypaUrdRgfZgU9SaFakE6Hofqt3nPmAcwLckZBhgERo:18000000000000000000:OKDOT:OKMYTH
1533UD8tFYJBPFtkpS59YiUcSVo2aqPjSWqeb5Rm4QqyQD2F:18000000000000000000:OKDOT:OKMYTH
165KhLru52G1ueE3ZQ4vjTXKvc4zdhgb5zYu1nNXP45V2ALT:18000000000000000000:OKDOT:OKMYTH
1HEMmBQAYWYQ2ZhYYzkoMUVuBJDKc3D8WEvcE3MVPKCXTax:18000000000000000000:OKDOT:OKMYTH
14wPspJW99Ef5HBmqMF9R8arP7wbyDtAWtQbs52z296PZF5Q:18000000000000000000:OKDOT:OKMYTH
153c6ekZQXdqpv8y7PFVJM993UTgBPD8vV2KbriuBSycsssY:18000000000000000000:OKDOT:OKMYTH
165PS3H7WX5yC8WJpNLZ6vt5MgnkgCU24u4bR9PiCgzFy7hd:18000000000000000000:OKDOT:OKMYTH
1jWWBEGng4SLeWaRhSQ9smiL6mD9YuUNbu7nCVyRJazgA9L:18000000000000000000:OKDOT:OKMYTH
14XweZ7E28LhNHU87twe6aXU8qPz1eojxSXA5AvL1bENKprU:18000000000000000000:OKDOT:OKMYTH
15aQMk3C15JeVzkZXxfKvFXrh6KswvGLTDXVMz9saLZGt2e7:18000000000000000000:OKDOT:OKMYTH
165troocbV5UwiMayFaEXMgp8a8KXqixdq3JGfUofPEM5EZn:18000000000000000000:OKDOT:OKMYTH
1KTEmmKTvjeSmXiSjVwzk6V4qyhYFX9DqXcVeQtMx8BMewr:18000000000000000000:OKDOT:OKMYTH
14zsaygQm8dLPzrVgav1MhPENLb8Q9xqdQkFZwCmLgviCh1A:18000000000000000000:OKDOT:OKMYTH
15cscvcGdmpUGYoeyLWXCWGYyYKbrRhYa2qq6otvL4b8UEYM:18000000000000000000:OKDOT:OKMYTH
165vgH27F3BeJFCmTiJRmuXm6szxckHxb1fhUAkcwcJENkxM:18000000000000000000:OKDOT:OKMYTH
1KwShgz9oZReFA5xR7jrbwDkea3jvQDJDrKXHd3yPEL8kZe:18000000000000000000:OKDOT:OKMYTH
14zv5p9NCiqAgQCEsDvvDSV9EwQTh9f4pFikvW9tZ2ir8juz:18000000000000000000:OKDOT:OKMYTH
15DBp2z6wa4khs9XHRjepGgaHReaRffGVFg7kufVi1FdGhQ4:18000000000000000000:OKDOT:OKMYTH
168A1ah7B6s5A5X2vpB1Y56oZn9ehQ5TU71CEjgwF4gKwjBd:18000000000000000000:OKDOT:OKMYTH
1murt9ijuKnMsKaVGtWVR9dTqUt2Y3wMPi3mU8CmyoD6nzA:18000000000000000000:OKDOT:OKMYTH
14zzTTpV32vas2NSaMmG4RPuRWChBihk37KGpqayQzmQg6E3:18000000000000000000:OKDOT:OKMYTH
15DEGWR2pASNxZRGiVGuPstFBitP1ihABcc5LQQVoax57EMF:18000000000000000000:OKDOT:OKMYTH
168MpdvzesqHRp1kr4Kf35Cq3WiEHD5JAtq77C29y7BYkqne:18000000000000000000:OKDOT:OKMYTH
1nhoQKD3NT2Pgz2K2hpW1hK7FwPXQCrStkXGA62gswjs5hZ:18000000000000000000:OKDOT:OKMYTH
1511KHLx2QpX171XQg1sVj4os7jZg1g1qsNqKfoCFo6i9dr5:18000000000000000000:OKDOT:OKMYTH
15DhyoPbhif37MKYN2ZsWLdRsggxkAXUosyeuhLes35pkWo7:18000000000000000000:OKDOT:OKMYTH
16B8rz3itKmqULq2arn5nFh92V1SuYjLfCP16H5ytg5GrLFS:18000000000000000000:OKDOT:OKMYTH
1nnsrmR5g3PfUto6mBUm5xG9qVg7rufaz44jPuwxrYx5beK:18000000000000000000:OKDOT:OKMYTH
153VCWgAWqe5QqYEDqwJFdVAaDy5hnBiCVzinwr4Naebm5kH:18000000000000000000:OKDOT:OKMYTH
15Ft6dp7J6RZLbKr1eG1fWCcYTsYrh4ccF1x5WNc8vTmxW9y:18000000000000000000:OKDOT:OKMYTH
16dASo9c4R1UYsKbVA2NeWxWs5JNZB2jeU8VAdfeoyR6TaTM:18000000000000000000:OKDOT:OKMYTH
1P9S67nFem2gGqZZkSceMUyJhANLTv4frXd9AwusWuYD6th:18000000000000000000:OKDOT:OKMYTH
1551MN5tJUSmkLoBGMmid5V6Yr4kPjbyq6inS79rV7znPucw:18000000000000000000:OKDOT:OKMYTH
15ftoA6MUyeuZ9wMdJen1kibk2EEBpn6w5eXikuMYtiLUBZB:18000000000000000000:OKDOT:OKMYTH
16fHYZHHBNz2Z23bEZkXnqKo738LNRxw1yH3mQ9Q9m21tC9Y:18000000000000000000:OKDOT:OKMYTH
1pPpn4RjBkjZPuj6Utr15EXHQbF7ZKsxabj7V8HAxy1AqCv:18000000000000000000:OKDOT:OKMYTH
155ehtEniw2Ksdq5oWW4KzwwJnjXndpjywvGgRBi93zcBuFV:18000000000000000000:OKDOT:OKMYTH
15g1rCTqr4JkgFScovhJqBV1oH4QvMi6owwNFjnpyCWr46c8:18000000000000000000:OKDOT:OKMYTH
16fR8uwSsTAmHBt9TGoFy9ywAyxhhSk5eMhWL1bFHc1MQHWK:18000000000000000000:OKDOT:OKMYTH
1pu4X5hPV52SKnrixkUekJpQYTxPY4mt8V4vh2G2Jz7oYTD:18000000000000000000:OKDOT:OKMYTH
158A96AmBHWr46uzsfBZ1J9xzxQ3Q2Sjs7gC7zoYYbxHTtWP:18000000000000000000:OKDOT:OKMYTH
15gQQ1wYMkXutzfNLnWfmXVtQ57MS4cwsGD5RkRu7Km3q63C:18000000000000000000:OKDOT:OKMYTH
16fzNn3JGjLB7xjDB5NPLxCisBgYaMD4A5MzdPJmx9aV57ts:18000000000000000000:OKDOT:OKMYTH
1qCouZs5fivFT2rkuPp1iutMPCufNnV189YmGWsoo9ryTFM:18000000000000000000:OKDOT:OKMYTH
15cX1cwZ7vKPqZ9uXZdu3o3yMUwgSajDE68CY26UTQ7DxxAj:18000000000000000000:OKDOT:OKMYTH
15hrG7oDxWEgGp4o83CA1acs4bH6ajLXGpfgKqaGUbCzYdRg:18000000000000000000:OKDOT:OKMYTH
16g3kpQusWEM8ZHd4jPAaB51T5oT1P4t1EGPwWAB91dpJHKs:18000000000000000000:OKDOT:OKMYTH
1QeVPVk6sD1MjFEzSgmDY1fkif5EkDia4xMHZap5YuS9mZw:18000000000000000000:OKDOT:OKMYTH
15cY2c3g9wHsY8on5hzLKBQ2ZiwXUBjjRtudKpBH4MRYQKpx:18000000000000000000:OKDOT:OKMYTH
15iK2UnGt2fvtQ8r8ZqQ7r6wExyh9CMqXoBAMsVQ4aYcFNrt:18000000000000000000:OKDOT:OKMYTH
16GRusWkkzLUbRoAQ58LAXaLvb3CfQM9gzY6sch4YC1TvapX:18000000000000000000:OKDOT:OKMYTH
1QkC6eFuDRgu5RYr1Thi7eBNLGnDLFbKL5XLYVrDdEhwibs:18000000000000000000:OKDOT:OKMYTH
15DEKGfrKRP9q8WYEHJjzVNSfZSRZNXcGwD9R3TCGzAHgW6i:18000000000000000000:OKDOT:OKMYTH
15kbCB7Kr99rEc9rVUi2txNSRhhBF75YHeqonbWFAzoSea5j:18000000000000000000:OKDOT:OKMYTH
16HphJkvZY4xGKN2JWgbcdD3eFqLR2MkRZcWSBjWwqaS9HCf:18000000000000000000:OKDOT:OKMYTH
1QtWLNVFVgrUvZpFVtT8fVF1yzM8S7h1xNsfdc5t3eCXeP9:18000000000000000000:OKDOT:OKMYTH
15DhiW3EAJVnaY69Ao8AtGgsnZNrdjDmk5e4PqE6u1TAPpbj:18000000000000000000:OKDOT:OKMYTH
15kh9K69fz4cDgcn5YMx9biydZBTk9hSfA8ENVPC6cVciMPM:18000000000000000000:OKDOT:OKMYTH
16JFqojxPAbyDSxf1kQAkED9oC7JUCc83MKmbQvyaWEYh3ef:18000000000000000000:OKDOT:OKMYTH
1R7RLumYwZhMzNPf2ELuSogeBVE5x9idv8DaaZJeWaF4C12:18000000000000000000:OKDOT:OKMYTH
15di3SVoFBaxsEeyrYfCXBw8aUS9hTMhhwiVtfGxjeymLi1f:18000000000000000000:OKDOT:OKMYTH
15m7zgffdS1w4NWAwQKKBKErhSEmmig7Gf8w6XBxLu6fzUef:18000000000000000000:OKDOT:OKMYTH
16JqShp3DLCnfsdrVys7Jmzpdb5St7u4nseT7MWR47G79Wea:18000000000000000000:OKDOT:OKMYTH
14aEwGjo53oTeiCFQxtc7W6SjamfcbNmxEczX8cic3k6AJxj:18000000000000000000:OKDOT:OKMYTH
15f91utTxMMcRkSzkYtvUG2yBGLCo4V6cEB1QJZmbgXthEmS:18000000000000000000:OKDOT:OKMYTH
15MQ1BBLAweeSSgFPqamC3VKbq6CHFsossHVqAFQAFur7HrJ:18000000000000000000:OKDOT:OKMYTH
16kpaJHu83fNCFtzrEq3uRXuWUYQBCBeigxA38HZeUVdPcGS:18000000000000000000:OKDOT:OKMYTH
1TWE3jpgxU1jXMfRZxJZcuwWjJGYhv81Lmtm8bTuQmgJaED:18000000000000000000:OKDOT:OKMYTH
15g8mrmir2ubLUrBaQBfgU48HNv1cjUDTZgs7ErYGp7ZetN8:18000000000000000000:OKDOT:OKMYTH
15o3nHciLrWxscWmo14KSW2crHkPNaxz1PfH83KjdmFZrTsJ:18000000000000000000:OKDOT:OKMYTH
16P7Q8ZvT3wnECUVJYjN8sgVdBiA2nfSRFNNAh7VC3nDPXVA:18000000000000000000:OKDOT:OKMYTH
1ussipmTfVPZRh1ueVZNbEF6VWtnRQqHsXiR1S9UFku9Yd2:18000000000000000000:OKDOT:OKMYTH
15GTLDiZRA72F5avXUgf3iLfYFHkgUM3iRfi66HWXeXLy4wY:18000000000000000000:OKDOT:OKMYTH
15QGvFBeuwxZNhxcZShkuMxEWX5DNpCfyN6eUxqFGwQxpiMj:18000000000000000000:OKDOT:OKMYTH
16P7qi7JVxqXx3EttYSTuAH8ygXQjr3VZRTGvMNsmN2EjTif:18000000000000000000:OKDOT:OKMYTH
1X6eeJVWqY5FxHFgXyf24493yKmQafxbQPjuNy1KJqFBJk9:18000000000000000000:OKDOT:OKMYTH
15ifEwVmDmqabXE4gJUk5UNkj7ZzDpKa326fB8iDrSKcvp9K:18000000000000000000:OKDOT:OKMYTH
15S6GM69d2FvDMGHGLxPGF7wXdMbtSXwHsVxNGKaR6z6R2Xc:18000000000000000000:OKDOT:OKMYTH
16PiCb8ute8bPX2ERSdoL5Nh1DBfgPaajhgvSuB1wemkUq7G:18000000000000000000:OKDOT:OKMYTH
1y7b7sVxaPTJcHZTvFYF67utb4DpHeBLDAw56BZuR3ThXkE:18000000000000000000:OKDOT:OKMYTH
15JeAEA4cVN7xBY1PgkA5HQ3rSH4rwy6AnhktaZHe67zyhiM:18000000000000000000:OKDOT:OKMYTH
15THqefT3vyePiTmxZXiuMaptXMsQH6E5aCnvJFin8PVtD8Q:18000000000000000000:OKDOT:OKMYTH
16pLuqFvVzM3421wVq7qtyPGVLJUvySckQXS6pAQC7AYGPY:18000000000000000000:OKDOT:OKMYTH
1yC4NUCqLv3CYym7WjjYzYKQim5eNKyZqWFV3mEeTDLwQkc:18000000000000000000:OKDOT:OKMYTH
15JzwC2gEURWQBF6ZG9y77Xr7HzuMAhrqqkEH9vj9qc8Lth7:18000000000000000000:OKDOT:OKMYTH
15UwkEYrwJ3nMhZ5WbjK42rcQ2e1qn4RHZeXeFDkFy9ZGdf8:18000000000000000000:OKDOT:OKMYTH
16RkUX6HMAVGrpaTEiPWPQ2Byj91RGCc9atvxvrXsdNLz7Wf:18000000000000000000:OKDOT:OKMYTH
1ZFNhtM5PbB8DNx3VU4shgBt8L7Mu359UkquDusxwJ8gcm4:18000000000000000000:OKDOT:OKMYTH
15K6Pr3u5HJeWURNiByspZWGPkscxeUFJKdpshwqseHnDhdT:18000000000000000000:OKDOT:OKMYTH
15Vf2t3ZaBa2e3erVes7DStyjDTUiLQjf1Pshd13hFM8T4R6:18000000000000000000:OKDOT:OKMYTH
16VPSDCAQdYwDiM1aRDXiGRQzXU9dXBfkepSmW5eWbw2qp9F:18000000000000000000:OKDOT:OKMYTH
1zob7eHCDDdin8AG4qAH9VQMXV6D5nfNr22FkkeUS7zgpuH:18000000000000000000:OKDOT:OKMYTH
15khJW7PDdt14YanQGPhoeXn3e8y2owx9Edx2edoZXsoHQNJ:18000000000000000000:OKDOT:OKMYTH
15VgDVarAPgiRYpv953Jbar8DtNdjhv3tQDG2XSfiZNnrJGM:18000000000000000000:OKDOT:OKMYTH
16VVPZn5LVJLdpwApJPqiRRVBQk23cERqDwZAx13qZvhtoWF:18000000000000000000:OKDOT:OKMYTH
14acTFRg9X2q3HTrUqNAVFBfRR3W5xCeQwkLxe5vegP6Yfzo:18000000000000000000:OKDOT:OKMYTH
15kmNM8ZCE5dscJMSpa6RHnc6WFv1tedk16ZeK2tdempkiTL:18000000000000000000:OKDOT:OKMYTH
15x6PYc2m1FX9nhQTETRWwjqwonnBDaEBgBTYJdGnf9ZgUBW:18000000000000000000:OKDOT:OKMYTH
16WzrFFPjndtamxv5BzifaXgTSV9RejnjmG83rcYQxQVR8MZ:18000000000000000000:OKDOT:OKMYTH
148uGvGjaiAnLwLuoGgoAL17x4iHbQ9BoXZd36k641rJnGfB:18000000000000000000:OKDOT:OKMYTH
15LyhchvpiHRq3XsYCiJXRm7umGKMZJJcJVkhPk3wG6uvzma:18000000000000000000:OKDOT:OKMYTH
15Xwyx2tWrQyrWY38m4kCtpQfEt4J9haKgVs7wTA1ijBpP7q:18000000000000000000:OKDOT:OKMYTH
16XtoXGsnLxzUw5AaM1kEBSSyZHRJ5SrAyVeCNbkF2CT5aRQ:18000000000000000000:OKDOT:OKMYTH
142qRb53nsRjPt3kYVmkfBsPDBpLrucf5kQe43uQGF2k1Nqu:18000000000000000000:OKDOT:OKMYTH
15m2JF6qiF3ZrSJUU7HG1vRKXsKtKHnNmZKMVHfrMw4ewS9G:18000000000000000000:OKDOT:OKMYTH
162BKm34jb7fB9fDT81XCbGwTZmEXif52RCJnjfFRRcrH4kC:18000000000000000000:OKDOT:OKMYTH
13NCLd3foNpsv1huPDzvvfyKh37NEEkGFotZnP52CTR98YFJ:236000000000000000000:OKDOT:OKMYTH
