1314SZnkWuDnTRQ4b2E7KEpbRP6QbQk4DBaZuSgqmV1zy7T9:18000000000000000000:OKDOT:OKMYTH
15wSfVs6pT1KmtoXoY7QqzvrTS7GM4iCp8SfQSLMtW8Qn8cm:18000000000000000000:OKDOT:OKMYTH
16VKcqmHFkrAeaCaUfjo5wAgiWBSRPznsfty4eemBK9ACxYy:18000000000000000000:OKDOT:OKMYTH
14T3A4B688ubuS7DsFKEVNQ1NpBhGXCbU8LKcQfsGeYBZSHY:18000000000000000000:OKDOT:OKMYTH
1366njT1XteAqDzXxRsExTK5Qm1eMggiC9DcPV7Kv51F2Lk4:18000000000000000000:OKDOT:OKMYTH
15w8uQN47sNhhfkWbiFcFUpiT1aMvnuwGXMn4q2TiwhBuR2b:18000000000000000000:OKDOT:OKMYTH
1P3Nj62o7X9wtaErQDWXsjNdk2TJsaMxffvABRTT74L3rDi:18000000000000000000:OKDOT:OKMYTH
14twF9HZdTbGpkEJivqz5eCmPuY9rY1nm8N2YQyzdqTh7qxm:18000000000000000000:OKDOT:OKMYTH
136VX37XVBurrLJpP5PEMMKeAuyy32AnsrmzpR6TMHaXuRT4:18000000000000000000:OKDOT:OKMYTH
15vtuMPrAyzgC4ARN3goitCHUz8rrTrQJf1f9JkmioAo272X:18000000000000000000:OKDOT:OKMYTH
12EzKnpxLXhsM236bR3ahCbFDjr8c14ksXy61kpkjM9FT6RM:18000000000000000000:OKDOT:OKMYTH
14uUuJUmW6e8pMCeTso9LENQk7rHppZvhbYGMQszLW9gwPRU:18000000000000000000:OKDOT:OKMYTH
13ahfs4wbvmv2LYpSg4ReEHZcwNCXZGtZcM2PCvpC2GXMgYS:18000000000000000000:OKDOT:OKMYTH
15VH4HjkfYJ15nJLq4NcMtsJLtKK9WLuaFKjzKpt7AfzB6s4:18000000000000000000:OKDOT:OKMYTH
13g9J3xFjfVjMjwePbaa1T8JKuuFc4TNR4vePs9TpLLuSYZ7:18000000000000000000:OKDOT:OKMYTH
133n7przmwWn2UZfjc8mXZTXGiDfbuZSx3YVataLXuCE6hY7:18000000000000000000:OKDOT:OKMYTH
13d9v9oyueHP2fhmfZo1DhKVekqXC58WQp5cTDKUX8Bttxc5:18000000000000000000:OKDOT:OKMYTH
15tkNnoNNmhgf6DboHYfdeNkYv6jETK2hFQarhyAgAdWhgvg:18000000000000000000:OKDOT:OKMYTH
12GRkJzEqcTGkju3MWCg8XTkaUAdaCjpmBkX2RUhmNSVCETv:18000000000000000000:OKDOT:OKMYTH
1gNT7txLTp4MNFkH75iwB5KgqSPCeZ8nnxR9eKxidRES45e:18000000000000000000:OKDOT:OKMYTH
13dP4tNrRwBEiwbiDGfdaX2qoq3WepvStsDvuowKE1F9kqmh:18000000000000000000:OKDOT:OKMYTH
15T6RkTZgox2j9ihJEvEDEpANMEveGhoxSwxwgx6z9HiUsZW:18000000000000000000:OKDOT:OKMYTH
12mXvwsee1fZQbySQd8x12QBLnwkb1EhLuBpsGUf2VDADvP5:18000000000000000000:OKDOT:OKMYTH
14MKS1hEXD7dNEid5bgT1aWv8T31gJ5WckLv7F6UEXxed1tC:18000000000000000000:OKDOT:OKMYTH
13ELTdG8WqPY3YyMUmXx3HUSm8otjAQVtYXRm2gEv4konPsS:18000000000000000000:OKDOT:OKMYTH
15SrMgpV7x9RQiTmiUoz3KoUUpwZviRPE7QJJBf1CSqwMb2Z:18000000000000000000:OKDOT:OKMYTH
11wBe7Z7Pp7uV7cEeKBKZHEFdSk6dP93rjGAxMZBNoohkG1:18000000000000000000:OKDOT:OKMYTH
16XCG6uCvWSYp9phwTpgXdaAxZTLQG8c2fo7ae9VvBPcLYSQ:18000000000000000000:OKDOT:OKMYTH
13fqAALS6MNGvWYXnXSr4pGD2ff2Nau437TCrGS4kqu6KGia:18000000000000000000:OKDOT:OKMYTH
15SqHBfQQ7PgXk7EaAMH3GMabAsHocifG638NRyx8kveFe4U:18000000000000000000:OKDOT:OKMYTH
15karaA1Wy5Y6f3uUhs7fXiJ3DmeMvqk5Fip1Gafpcx5C8CL:18000000000000000000:OKDOT:OKMYTH
11Jrem9rSDEtcuVJkFG9LDdYxeaEx5TYQGe7tZ7Lk75P5zM:18000000000000000000:OKDOT:OKMYTH
13GvP7JJdnZQ8dYyxpYceAZ4RKbAwyiWPJ9kk4NjDHxmxQGw:18000000000000000000:OKDOT:OKMYTH
15rcgDNRJdPJNj62dL3ke9QzeUdA37MeMNDd8jheiSK1H3BF:18000000000000000000:OKDOT:OKMYTH
1274cuBrDMQiCvT6Dw866DgLThD6BuuAHHRYkv81zjXdv4uN:18000000000000000000:OKDOT:OKMYTH
12ucmZzTKxPYBDNgpzkabtP7wtBcRNU4jaD4uCpbVRMeZVWw:18000000000000000000:OKDOT:OKMYTH
13jeKvPy1AsyveEDGThc876R5tKrzZPZAiCzjyhkQRh3EqP4:18000000000000000000:OKDOT:OKMYTH
15QQb3fsxn8S1QPYpHvEPd2VAMnmCzFmF4em9CgQ6zX7qnoG:18000000000000000000:OKDOT:OKMYTH
163PR5XCLfUh32HS3YwhQmrg4wtgK68aHeyTgZAwkktpnQow:18000000000000000000:OKDOT:OKMYTH
14KA2fAXBTiJiGw9m5YC4zE9X1qCaFHwHFRgrZ2rP3rnU7LP:18000000000000000000:OKDOT:OKMYTH
13jM4uHHBrHubVioSLpVSL3i2voKgasHygDvbfZDki61h2UK:18000000000000000000:OKDOT:OKMYTH
15QP7TtK8mx1MCa6Rz5Gt51iAsXZtzQ4qvhGm7iPBGQYopnt:18000000000000000000:OKDOT:OKMYTH
13mRVFQxS5kYPKGkzXrn1gn3GHoy6wpyYgG54B1KsM2WwQug:18000000000000000000:OKDOT:OKMYTH
12gCzLQ7KDUKWKzXmH88pFpbdSDEeA9DSRs1QXHWiyAYRSsi:18000000000000000000:OKDOT:OKMYTH
13MmjHjghUzDy9zMgFs1tLY2vRuK3BvsB2xm3J7Ps6etAfcu:18000000000000000000:OKDOT:OKMYTH
15PiwrnWg7yBSzSMazArFkDnhRxk9WUorurzcxoYvTdJCxTM:18000000000000000000:OKDOT:OKMYTH
16cVZJceXzH8JP1dJKFAkRH33z8sFc4H9DgfWzdHJnhfd2zW:18000000000000000000:OKDOT:OKMYTH
12dx2tVumzwMm1uwstejyxJrkqL1j9NVSeH9chrQr5NLLdpS:18000000000000000000:OKDOT:OKMYTH
13R5VuifbfACsKfNCL2FCxkd5QqLw6JXPBB7zuDgjwwyV64H:18000000000000000000:OKDOT:OKMYTH
15PeubtcWknufLDxDADnJ69auSZwuvsNujL4By2n6D31eLDZ:18000000000000000000:OKDOT:OKMYTH
13iVxt7n5v2gXt3JJoBHVkE5WDgDTU8A3c6YpHqsTCAMTe4d:18000000000000000000:OKDOT:OKMYTH
12Bnie6xDWViRtq7tXtFYbSWJRWFw8rLqrqvY7JDt9KxZXPt:18000000000000000000:OKDOT:OKMYTH
13rWTA5b2ykfTS7yY7f2MTAq7S26DZaUgGvYrXtWtVytrZLF:18000000000000000000:OKDOT:OKMYTH
15MY7ZytcWQykzrjj7QdP1zcKruWK2KnGaMUYCs7gDvcnD4b:18000000000000000000:OKDOT:OKMYTH
16aZtvDnPBkePd69FB2w3wiN3YcgDrNyt4iRVtUnkwm35j1H:18000000000000000000:OKDOT:OKMYTH
128ZVCNqe9739nnH3t6xUJGHuthkNVZri1WPdcu5RzWiJjp6:18000000000000000000:OKDOT:OKMYTH
13s4mj5j7Et1H2KiHaXk5pqg7CvonDzYopSh6LNEccHn5btS:18000000000000000000:OKDOT:OKMYTH
15Mp6PRMixKfdUV3tUefJJ7oieGJejZGA6QWCg43nJogUVY4:18000000000000000000:OKDOT:OKMYTH
12s7oPypxcSF7JHgVukHXUDLR5gktJ2NUmcknYa71XqYPs1V:18000000000000000000:OKDOT:OKMYTH
123eaty7nbye5hjNAn8itEZa88wjg2SccDjw91D2DYaVt2Kx:18000000000000000000:OKDOT:OKMYTH
13uXaJM6VEET8Lm47xtw5gEuC2Fu6XadkkTQ4Ma2dnU1g1sV:18000000000000000000:OKDOT:OKMYTH
15MiTBmcpJUfV1DTMQK61HDN2rza6shL6ufZ2KZst64u9Y6j:18000000000000000000:OKDOT:OKMYTH
13rTC6nB3AZC79y6ZeQgKNrHvZDKprjX3dLdJgvi7Pp7bSkY:18000000000000000000:OKDOT:OKMYTH
121YorPfumETpYnfDiQ66todnwdn8mwQpLjYmCiPu4A8yseF:18000000000000000000:OKDOT:OKMYTH
13v131QANsec3houeoja6PDpGW2nqHmQUCGV9wRr4scRnMgE:18000000000000000000:OKDOT:OKMYTH
15KQaskxNYkocktUBNZNf8aeURLxEPG3iMmGZC8vczXCvioF:18000000000000000000:OKDOT:OKMYTH
1eW6JdkNGsuc5ee3qcNcjKAshKydfJGxASXD9HW4s7R8E1W:18000000000000000000:OKDOT:OKMYTH
121dtV8PJXrDENoEVLMunKFZSnYG9q8P3S7rrhyXwZn1JiKa:18000000000000000000:OKDOT:OKMYTH
13Vxiw9sSZVNSyoHKwsvLCbBHNCC29d5jUMdExKeb5C8KPtn:18000000000000000000:OKDOT:OKMYTH
15kj2GSEGGadDPcu1EuHZY4wMdNVFy4PQE5LzVfamKuVXckA:18000000000000000000:OKDOT:OKMYTH
1gMNgpPHJpnM8AXNWRQ39m3i2XcFXPwbumUzkiz7JwCCGDW:18000000000000000000:OKDOT:OKMYTH
112Cw4ieqrnWY7zwG8RHEFjEq7hYHZG3zr4uFS9zCvsmjGB5:18000000000000000000:OKDOT:OKMYTH
13WYEFP5Ud9i1ujEpTuX7YDSqrVcbAQvTPtHKaY2F2FVEFHZ:18000000000000000000:OKDOT:OKMYTH
15JX1omJdeYQoegDKC2wrXmyavjg2xETiP2zcgzHP6yt4MWo:18000000000000000000:OKDOT:OKMYTH
1HE1GHwPMTLThk58GA1V4g4HFzyzVoguQKZBsts4gwcz5rQ:18000000000000000000:OKDOT:OKMYTH
1ZmQqZ4fcHbx96wF3mte8fPxe3V1Gq8uwWRuXaPXshsuXTA:18000000000000000000:OKDOT:OKMYTH
13x1LhYpLLvQNzdmeARZpp4iKKL4CRcNbAtXMxXb3oafdk2E:18000000000000000000:OKDOT:OKMYTH
15iUBWk8KbKFC87NyARmBSEiCTNCy5kqoTY1sPyPf2d6289C:18000000000000000000:OKDOT:OKMYTH
1HN515C7sBLDuW3scJn4NHys1dot2LkGU96trVtrK5xr8yt:18000000000000000000:OKDOT:OKMYTH
1xctYFJRhMTyVkbiUaP6Nde8CJ2L6WmtynrG4qoPf2Dy7Cy:18000000000000000000:OKDOT:OKMYTH
13zes4jAV5wLfeFmU5ntVZnecHXSMuYKcJv9PhWVxzD6JUC2:18000000000000000000:OKDOT:OKMYTH
15iTJKUAvruGzHc5fPvG63PK8EyMgM4vpWmhs1hjifP1jGxd:18000000000000000000:OKDOT:OKMYTH
1HYJMdraxqp59koTU4GBCzyRKEeXvXnTTxkSdVU5b3mxJ1a:18000000000000000000:OKDOT:OKMYTH
1WpAigaFMJVGBoZZ7s5nMyxmAhw4GkQAa2iqNcDdqr4Quk5:18000000000000000000:OKDOT:OKMYTH
145vK6JwR82UCCE7kmSsLzDYBjzsiAaRLYchYBbyvbQ76tSa:18000000000000000000:OKDOT:OKMYTH
15iGhNCDTQSwarxrzR32xhTrDxtmXwvVgZC6B6nEhVRC6D9J:18000000000000000000:OKDOT:OKMYTH
1mcaG6x2DKZcVQbFhquU2fY6AC22RT2CdsaZAf45owTaUjq:18000000000000000000:OKDOT:OKMYTH
1WcEn4kiE9nCduF2xpsygNU8g3ucG6bYpTGpU9mPtxn2RBM:18000000000000000000:OKDOT:OKMYTH
146M7W1YXBMQgtjDtN2oUTDDMDeCDsZvup5ofL2tCEfQn2PS:18000000000000000000:OKDOT:OKMYTH
15GfY1UfBevTZeso1fQQ1zdYXjoaCaLJpE5JamJtJnaGcQwb:18000000000000000000:OKDOT:OKMYTH
1NjNPaFpkGUceCy7wtKwn3XTTgwH2hpJVQhEFEC35VZW5Ym:18000000000000000000:OKDOT:OKMYTH
1vZccyp9XidT5cB9Vu71VEcZeXzxW6vdYmvHXyBCaHh24xy:18000000000000000000:OKDOT:OKMYTH
148d36gamFnBp7DQHivf5SDKHm9ra8Std3DigkjjsJTJhBid:18000000000000000000:OKDOT:OKMYTH
15GcUkPouvW6Mhr96iaHig3MsjsLYMgejKsuizJ8hYN1qUgW:18000000000000000000:OKDOT:OKMYTH
1q1guQUmDUKYUn8GRSZuV8zbsmeMypjo1sp18cBBG9jtDho:18000000000000000000:OKDOT:OKMYTH
1vSymYxmkeahEgicBnLj7b149HqMSQux73aF815JCjp1mQx:18000000000000000000:OKDOT:OKMYTH
148FAnXocy9SKe2FuKi2E3gP5FoWGnyDY9kXP8m5GrqCcHCj:18000000000000000000:OKDOT:OKMYTH
15gAK3wy6K3qPbu3zHtZmesC6ey22F4u6sKov921DWe1xMci:18000000000000000000:OKDOT:OKMYTH
1q9QnMFsY7HNGUdRxnLGgAjU5RMPvmRrgQesgYh1vtVPtEi:18000000000000000000:OKDOT:OKMYTH
1v2tq2EuxqDXxxE5iHoXSytPQ25NFZ1txsQm2DP6p4WYk5n:18000000000000000000:OKDOT:OKMYTH
14ayRWKwqKio2mSQbaMzSQf823xRtikgYmD5bXjr436XFqbW:18000000000000000000:OKDOT:OKMYTH
15G6YRJQ8Wp52oB6ktoTcn4jxcrwDKgj3mRfdCYA4pVLKWnA:18000000000000000000:OKDOT:OKMYTH
1RADsdamjyJeJxFoz1j2bGmL51KC2ihsKHjUVms8chQGNVF:18000000000000000000:OKDOT:OKMYTH
1qRJhkZ14GC9RKn9SEzV5ictVfr4vFPqRD7N7QX4ua5aBn6:18000000000000000000:OKDOT:OKMYTH
14B1gEwJ1YcjoMLtQFmAiAv9DMJvDdr6rRoPJwAvSsmpaUsA:18000000000000000000:OKDOT:OKMYTH
15foixCNGmLNWwwLh25MwCjTjMPAejpQpZqArzCkWSWF2Gii:18000000000000000000:OKDOT:OKMYTH
1s9pi4mL9T6Ds4DrW1BfFizLJNzdxJFwwt7j5WTYy1ZgxpB:18000000000000000000:OKDOT:OKMYTH
1PHe8EkJEYYc7Nbvdt2bnUdB2rGPcjt2yET2tJ2dW6PcY2D:18000000000000000000:OKDOT:OKMYTH
14bAv1Pbn64F5BpHf19CMvvVmvUm8dorizck71NziJYwCtQL:18000000000000000000:OKDOT:OKMYTH
15DYKp3jMybtwXmnraMoBNJSMxJtQUp3LZmAqFkHyYZiZDWf:18000000000000000000:OKDOT:OKMYTH
1sYrComWQxXxcLurH63YHDmgaSunu63UhSTFfsNzWRrrBXh:18000000000000000000:OKDOT:OKMYTH
1pdTfQeMpi94bUW4cYEQHL3pbTWW2wLLkjbp8aGWiuFHTqK:18000000000000000000:OKDOT:OKMYTH
14Bebf3R3QpQKU9NQ2688ZpSKk1xYz4jKmjJHMXfAyC5AHVZ:18000000000000000000:OKDOT:OKMYTH
15desoEJ7TV9jZFx5gBTFqWxHPmVGq6HvSv8JgzHTLFsEUjV:18000000000000000000:OKDOT:OKMYTH
1TNkotJkeWm2ZLtnNCtrm4y21TtmTfnpHx5zLUyoJ5dMs5r:18000000000000000000:OKDOT:OKMYTH
1nVeDS74YxSxS7aht1Jcwe7aYheHfVRTojoQf3fLEy2j6gY:18000000000000000000:OKDOT:OKMYTH
14dsHnUQ5rT1hudn9XwfXUswToPEGoXP8GU2XYZcCg5Kvgp7:18000000000000000000:OKDOT:OKMYTH
15cvN8u8jzW7aW1FfwAcUdtRuJSMA3nTjFcEBXSaGDNWFnce:18000000000000000000:OKDOT:OKMYTH
1YkFPe2yYW6sMQw514F85buXX2A9Zb9TNuLeuLeED9Ju4aC:18000000000000000000:OKDOT:OKMYTH
1moAxWo1dXZdsKSAZTgMbNWsJhMuGeUAsUcF3zMyKSbGyzg:18000000000000000000:OKDOT:OKMYTH
14fRh6M7cLEesJfNJnCZi35HAU5rwdLeRJdZgatr5yBKxTjc:18000000000000000000:OKDOT:OKMYTH
15cVdiBT6cowaZGgwxjP89gf2q5LZMf2uzA489ZeAbR3kmR1:18000000000000000000:OKDOT:OKMYTH
1Z1zN3nCsDVrJAunvxcinmuenMbYCvBwT1bArUy1qEM3U2s:18000000000000000000:OKDOT:OKMYTH
1mfN4gZwmk65v7jyPqNWGPGCXhicmfiZj4ahKp95tM7iCBQ:18000000000000000000:OKDOT:OKMYTH
14g6BHG7zD68Uqq8ChDfwLU3jDQrKKKGBh7JSYk9A7rLLpTt:18000000000000000000:OKDOT:OKMYTH
15BCyUGbL3RGdy9zKQEi5SqJThaZqHrWVQDeEJow7YpAtLub:18000000000000000000:OKDOT:OKMYTH
11gHuh9w2SxPdW6XgWXpDtQF21ukh4Ck2Q3C3S9khFpTumh:18000000000000000000:OKDOT:OKMYTH
1KoWzRv2Guo9QZZm3Nqat96GWsVpGVCbSqvu8ENabs9M8cf:18000000000000000000:OKDOT:OKMYTH
14gA9YnXwoi6xP7Uj69UR7wxzUuC44TcKb3RuBSZFFc1iF77:18000000000000000000:OKDOT:OKMYTH
15Aqic6ENtZA2AfreDxKqbixVQSFYgvVdwRT8djZ2kjZwFn1:18000000000000000000:OKDOT:OKMYTH
11MiVo9HVWWSuXjTP6VFrKny89fgVZs5s6b3y5TxawiFKMU:18000000000000000000:OKDOT:OKMYTH
1KmB3Rg8DPdwL975yoAwEJ3jMnUKaQPERsNKyjLes3TUBvq:18000000000000000000:OKDOT:OKMYTH
14GJ1m618x2amUSXUkFHQMdtqYJDuqsmE4JU6ZJLWuyioXxs:18000000000000000000:OKDOT:OKMYTH
15apycgej6H29D4xofYSiysWohkyTKEkjLcN3qypmUeS7eXX:18000000000000000000:OKDOT:OKMYTH
11qS7QTZ2kEYmfe51GNRENmcXoQxsxZwr9J6F5PZn7fBqD9:18000000000000000000:OKDOT:OKMYTH
14g8srcZBaN84vEJqxuXJAVcbtUDunry8ZbukDcjziru6iS9:18000000000000000000:OKDOT:OKMYTH
14GLXvGThiYjnSw2qCeQRqNUEydnKo916Xm4cN4tuxz7kg8G:18000000000000000000:OKDOT:OKMYTH
155QvbLDFtxcuaDewtaU1MjLCCPJGe8gjYB5Zk1KRucWpzEk:18000000000000000000:OKDOT:OKMYTH
11wvppdacQj8PwMNBnsto1FLWTNRnMN1JxiUf41MTndyx2K:18000000000000000000:OKDOT:OKMYTH
16614qPGSnmd12tzdtn1FzKZUFibuCgrhLx5LzqR3dANUgLX:18000000000000000000:OKDOT:OKMYTH
14GymvLYwiCnbwMjEvTUGVUBfZGZyxJb4EmcpfW3My3vLpwC:18000000000000000000:OKDOT:OKMYTH
155A8psefTgvaxsaJjeJUUbNQEAmj9vS3zrJiQgZ1WEGKgvp:18000000000000000000:OKDOT:OKMYTH
121Tdq1rCgsnrXDM7GTKBDpv1k9qxDuPeUGCvqzhV9khaNnT:18000000000000000000:OKDOT:OKMYTH
14VTwepVow6o9BLE4LCBFuSqoBmEQ5tGfNxQvbtegAsxodTm:18000000000000000000:OKDOT:OKMYTH
14j4SVLGXLWeptxgaGvEPpwDTQ3kMi5DKVY9MYBoZHLhFRWr:18000000000000000000:OKDOT:OKMYTH
1537Uy8GU8jAWpHbeYYZYnCkb7857VZUM4RV4cuDxBKBxMhZ:18000000000000000000:OKDOT:OKMYTH
1261fmARQQpnLuqbxGCfr4brDYY5NmMwMYCUkXPhsSxcYgG7:18000000000000000000:OKDOT:OKMYTH
14mttTYzHicXKf6EfJnjFwtB2HyLgHzWi7SuHy6s3kot9Pg6:18000000000000000000:OKDOT:OKMYTH
14jB9Xc1BLfWzte2wp8KN2VuVZFTKZFFCJoysSbELzw8eZp1:18000000000000000000:OKDOT:OKMYTH
14zcbcGnAWK2WKKbAxqqT3fU1DW622UmCduJGLvhuYB2PVmR:18000000000000000000:OKDOT:OKMYTH
126safxvjkcqb6gSfBuoKLs2TtLdHee2iZQ6t9Xi1s2dq6Um:18000000000000000000:OKDOT:OKMYTH
12H2r38NVSr42P2mNRRnZsgyiuxwjTvGNKgowuqBQMayvkga:18000000000000000000:OKDOT:OKMYTH
14jCifuszFeUwGoiDPHw5CufpJykGjPJ2WzQYkkcvNeidGt5:18000000000000000000:OKDOT:OKMYTH
14XoEZKdiSFY8pEjhTpcx5cQTuFfFjHTfnk7ByUTap9GpN6j:18000000000000000000:OKDOT:OKMYTH
126zSCeNjXGm9cceLhcKKnhLYAT6pFxqkMYpdtMFRzkfST7d:18000000000000000000:OKDOT:OKMYTH
14bR7fjeCt42Nyb2wFDHNs7aNMfZzk1BkKh7T5YX1cf3PUGT:18000000000000000000:OKDOT:OKMYTH
14K836SaBFnveirgAGdtVoM6wonYHZ7dHZyWWi2iCfRMWTi6:18000000000000000000:OKDOT:OKMYTH
14VZXnpbu1e7dZ5XiuiDarBAd2eqSBja67FpD8qUy1bSbs2J:18000000000000000000:OKDOT:OKMYTH
1271eegPBYL6wXL9iM8u4oWTXkUEz2FFCzqAah56ge6LWPuR:18000000000000000000:OKDOT:OKMYTH
129YkU4M6raQ5YVFttBFVGieknsAwSR72LBcQXQjmdjfnURX:18000000000000000000:OKDOT:OKMYTH
14KfmRYReJjw1ThFkMKTwtLQ3a7eM9GcvqzqtVYXbUQ4wFRz:18000000000000000000:OKDOT:OKMYTH
14VQHuKTTGoHhg3haHQnNbfrotBt1zHxoWujRam7wCau5pGZ:18000000000000000000:OKDOT:OKMYTH
128hKJtF5fv9Q5efC3nFAATGdKqM6k6TEivputDeRQt8evqV:18000000000000000000:OKDOT:OKMYTH
15ccAzph9VRAukyg7gy3CnXxsbvZDkrkr3EZVjqvyRxU24MR:18000000000000000000:OKDOT:OKMYTH
14mQ8A4wXBFEqVYnso8UURb2NTBAMqXKaZspgs16ZNz1NVYr:18000000000000000000:OKDOT:OKMYTH
14ViAXoHTDcdcCS6bWQstf1Uyce7k9GrZKXtCanHNeU5DtAD:18000000000000000000:OKDOT:OKMYTH
12bJivM3cqeuzBGwNbXLYeaYDASsJGuL9rf8XizUTKYUTG6g:18000000000000000000:OKDOT:OKMYTH
14tgTKwaiXzKpCoudgnoRfLGSRAQkk1d343NWtdDxrUm7mwo:18000000000000000000:OKDOT:OKMYTH
14p5bQ1KRhUL3LHzSToLitccUfwEhXgPT38SDXTfJ9acWV7L:18000000000000000000:OKDOT:OKMYTH
1gSTck91WT6ydSLkKDZXfJUffvvTf3xhMjcFzKctzJRM2pf:18000000000000000000:OKDOT:OKMYTH
12BX9mHa4KaWTq8ZsmenA65nsNN2THgxszXXkTrvtnzjL9MX:18000000000000000000:OKDOT:OKMYTH
16fXR7rkhAahKyzWJzJR9FQXWVbBdLCHBZzoXKYrQ2eenE4P:18000000000000000000:OKDOT:OKMYTH
14Q5BbSdGTXaHoAKuVfi8FqrCVHBKC65dVAiXgvVK2BeLBw7:18000000000000000000:OKDOT:OKMYTH
13KDzafkpWq4f1SqWNzZDh8gXGnQbd3n5Kud6HcWoTyWtx2j:18000000000000000000:OKDOT:OKMYTH
12c3M5Xm1arA73za1e7KLuSuV7qgAgddZKXfSozemi5TFucB:18000000000000000000:OKDOT:OKMYTH
13T2hSvTKxhnfyjmWbaz7HbvzmQXzz7g1X8EwjzaSjTcBMtn:18000000000000000000:OKDOT:OKMYTH
14QrRWj2Rnp9mgP7co5daCuwzx6aXxgt8LpPTy8XxzVALB3B:18000000000000000000:OKDOT:OKMYTH
1c4gB81CifVzCLyUf7qYfsb9reZESqowVeeEUhAJGDi1GD5:18000000000000000000:OKDOT:OKMYTH
16igaoJFhNNVP5m6rrQZHZWEVafCbfHaKr6XXEBxEe91gMWv:18000000000000000000:OKDOT:OKMYTH
14VPdnDucHZd3yrqbD4uYJDU3JZXFRMucPDW8b2maKtP32E4:18000000000000000000:OKDOT:OKMYTH
15ar1cQC5kDBcFRVtTvkv99inyP2LaYj9u2ZPP8JF6ec9JYf:18000000000000000000:OKDOT:OKMYTH
16JyKNE5sC1Koz3QDegAvYXvmpsm5vX9LpyU8jaLHxV3epaM:18000000000000000000:OKDOT:OKMYTH
16DNrHUGjDUkH9JWhkQp3F9bw9rYANtY7NzLit3NNPiKWuqH:18000000000000000000:OKDOT:OKMYTH
12Gb9VHnezccn5sxWAu9BdUt7Mi6h1CX8P1CUZVyQUZ9AEwD:18000000000000000000:OKDOT:OKMYTH
1s4Fxd9z2u85gYvhXcuoha6xPsj9fRqErXMtj1bLQVEus13:18000000000000000000:OKDOT:OKMYTH
1BnrUiKGW3QyPXtBsKVzCZZ7i8BkF1V8HiVzkcbMFqoWeMW:18000000000000000000:OKDOT:OKMYTH
16af9ghRT9BonAGfBqugwtUEqDqvmi5wBs9q1Q1a78WWQ7YU:18000000000000000000:OKDOT:OKMYTH
12jmJVJ3TsCkXfZjLCwhFrGoL6dpvm6WZJzCf6StsRrwTV29:18000000000000000000:OKDOT:OKMYTH
16XRCEVnTy1Vmi2ZqbnaZ3dLMcFpL2akTrMbnzQQEpQNBs8J:18000000000000000000:OKDOT:OKMYTH
13tqhgUjHjW3rAGqsTAZyUhZHsfLVUbvwurBi46D4FsDLnno:18000000000000000000:OKDOT:OKMYTH
16AcGzVr7xfCJndZzgLkoUsFiDV48WzuQtCm9aHZqnGfZYFv:18000000000000000000:OKDOT:OKMYTH
1CNxJmwQFjVeYfRwkCHjyH3ZeiHhHQEhLDU6qThX9ZAETb4:18000000000000000000:OKDOT:OKMYTH
12GmkWg1JZdRsBAii2VdnQYJsmLXxthTG4YsY5eBRpnDGS9G:18000000000000000000:OKDOT:OKMYTH
15i5jiryiuaqoebfxjraDLbcg6nro8cw3C9c4Zav87J9aiyT:18000000000000000000:OKDOT:OKMYTH
16aBjbVt7wCv2un1UbVbt7M6gkGZU1ASk88pEHGgnQQm47TA:18000000000000000000:OKDOT:OKMYTH
12dwLvGqfuM3cpQRnMtGkCvNKec6pWjJuJcyWSCi5CEDzBCg:18000000000000000000:OKDOT:OKMYTH
15dbEqaLw2kpunSL7NpBH1EjyMBYJy7FWU3dGUAZ1dfg2MUd:18000000000000000000:OKDOT:OKMYTH
14YHWMezKZ9PHBZEK8CD8chf1D1rpfmN9oyzBKJ8nGYQQiPq:18000000000000000000:OKDOT:OKMYTH
168Ymnzd9rnn7CQLJwv2JttaVMAzmGgKKHJfiTMrr3quJFXt:18000000000000000000:OKDOT:OKMYTH
1kCmkCUxTJHykkWHD7aKENJnxiLAo54aUpS3sxrPL5PNFYK:18000000000000000000:OKDOT:OKMYTH
12LEffoT3YQ2Y1iY5deyr4wptThGDnk7aZRxZYJWeL5xUG7V:18000000000000000000:OKDOT:OKMYTH
14MXAkbUzdcLj7Sp1Dkbq2bqM7sh86PoscJ6GfPjcUCu5hRa:18000000000000000000:OKDOT:OKMYTH
167mpkXKEU2xpuqTcKUYCLZwA7B3cdpc9GPHfLtnLzNvEg1X:18000000000000000000:OKDOT:OKMYTH
1Hu1EDVnTXvk6tgr9ttbL5ujCkwDzrdmf4o3EfmH7q3DX8A:18000000000000000000:OKDOT:OKMYTH
16Mae8Z4Jo9MX2L3deVucuuRUYt6uqtKS3sayFu5bQn8C3LW:18000000000000000000:OKDOT:OKMYTH
148YvazqvoKQba3ZUaVdVUMf1QJECB6LuecpTdTKYVy59CCn:18000000000000000000:OKDOT:OKMYTH
167jodBLLjjB4tG6sPrZ6GfPSyXMrKmzrD1ZsvWoznqGqV87:18000000000000000000:OKDOT:OKMYTH
1h6CM8tTb6o2fedQrKihxNnFiCX1vmkvZnkpPUXGeXTyNr8:18000000000000000000:OKDOT:OKMYTH
1659bYhbWM7vW1kEqMU9esJCUTszbfoEWdSeGcnb44gKJ6G3:18000000000000000000:OKDOT:OKMYTH
16Hqa3gdw15Nm9cxVaZm6yjwoGdz7rHaayLVYaAyAW6z1LoU:18000000000000000000:OKDOT:OKMYTH
165HXB83LR71zGwv5vQQDd95r7fn3ngRnaRiHamdjLnnbDBo:18000000000000000000:OKDOT:OKMYTH
1gqbhk5Le4psT8zCGJHxVvJNTob6Topr8mGCwtkHTf3kdAV:18000000000000000000:OKDOT:OKMYTH
15Xue4u4DxNru4bSwxKAKsViyErNjYEtDdAn36jHdTiWUDkm:18000000000000000000:OKDOT:OKMYTH
12WetFyH7VcuWvZrUNgJQd82ycShjU8mcrXgT9D4QHbrvJjt:18000000000000000000:OKDOT:OKMYTH
165aCz1JRbxf8nBPwYnVaqgmNzoRUY2frV86TAA2jSbxRCib:18000000000000000000:OKDOT:OKMYTH
1f1aJ8A8GmofDCbAcizGnftV9j5BTaVud5HpF7qewgZjdJY:18000000000000000000:OKDOT:OKMYTH
13pGtPCEyKPqLpkycQ8L5SQywbYWNEkSgP5uPuBDX5dtCVM:18000000000000000000:OKDOT:OKMYTH
16ZkG2a5hWiSTZ3awCxRUu4gSEJWqjt2K7SQhyAjmNM3zFNB:18000000000000000000:OKDOT:OKMYTH
164wHDy559g7WmMxKcdfbdzPy8BtaEx9kQb2spvLGE1VaQGh:18000000000000000000:OKDOT:OKMYTH
1bohEukWE3rDkdrooNUpYhYUCPu6t6YBWDH3ronGP3unSYN:18000000000000000000:OKDOT:OKMYTH
12C4hD2TaN97ftTkyZTGwcuizRfUVa8mtZWKPqtByptZCHkS:18000000000000000000:OKDOT:OKMYTH
1A6CtHWLtXv4tUg4fgTMaCc6iHV6BvrWCGGDmRVgPRkEVKh:18000000000000000000:OKDOT:OKMYTH
15zkQU6noXzif9TMxpw6Y94J7NKTKv9iCtbVtqZj2mbUgzna:18000000000000000000:OKDOT:OKMYTH
1bGWbmd7Zra1BPhcch3dDvf4JX1rUWFHJ1iVeAod6mqcBRp:18000000000000000000:OKDOT:OKMYTH
13ga4LtfznG6XBp2LWgvpBbdRUFQ8yqXiENhDebsNoSYskDh:18000000000000000000:OKDOT:OKMYTH
1BmstVVfBeyh8iSNvUADpLriewDnLXkVis9caECRgAr2p68:18000000000000000000:OKDOT:OKMYTH
15yqoCYeirWro2V3VAJWPZDmPTxmGSAMDjN5EEEVWuwzaEod:18000000000000000000:OKDOT:OKMYTH
193o5ExBvDNHhqVYcGU9sYyPo6wML8cTbc1EwshCZ3Ahpyq:18000000000000000000:OKDOT:OKMYTH
14FxhStzaJhHfsmxFVh2uvpi2k513CA7FsmmKE5gCokDWH4x:18000000000000000000:OKDOT:OKMYTH
1bp9vNeYsVChyRR3rEc9sXeAyD2h4woQHQm7uya5CfLRs8B:18000000000000000000:OKDOT:OKMYTH
15VARaekicChsFhRgvsxrse9QJzTqRxpobP4nejiY8XyCFX2:18000000000000000000:OKDOT:OKMYTH
16Xco7hyQAEQ8xWLBqxzV61kt2bG6vGcdtohGthXT8JcWzPK:18000000000000000000:OKDOT:OKMYTH
12dtzi5Xw9DCu4k1igZg1wygNi1op2pzKJTBkPye7RZFtdcc:18000000000000000000:OKDOT:OKMYTH
1bTDsEaK5GtcNTJY4w4Ke7DGDGfujnDGcXB9g8xYAdY4jbT:18000000000000000000:OKDOT:OKMYTH
15tSR5dKWhXmiMtm3juMLj3cVqL2RzioaSjc2P6vszwisKd9:18000000000000000000:OKDOT:OKMYTH
16VUhf6Wi7BcXYepZftxyXygMBVgg3wqqh4gAiu5Dqxjpzk3:18000000000000000000:OKDOT:OKMYTH
1CKfw36JVmD45kGkQ1stbfj1AEreBHPfnZm5TbjvpNZy11s:18000000000000000000:OKDOT:OKMYTH
1BXD3PtKrLfrti9QPcESv3o6mxRVu3YXijy4Yh8k2He7neW:18000000000000000000:OKDOT:OKMYTH
15THpR8KWZkjGes9SQcqKfwHiegcZrnneh9autBFSgoduRgw:18000000000000000000:OKDOT:OKMYTH
16UzY6AqjwUasUxbP6TrPMBUSc1SQaRCgUwgax9Nco1162Dq:18000000000000000000:OKDOT:OKMYTH
12jMt46bMx11AGvGQt5G7VkccvA5sB8pgTLiy7VJ4kBpHUub:18000000000000000000:OKDOT:OKMYTH
1CHsQ9B4BsiRhsj5NFkhJojfVfz7ZvQS6mPQnHEsucKTdgk:18000000000000000000:OKDOT:OKMYTH
15tH6sy9WUHSizxAmUBQw5c8RZs9RVWeMqg3B2uhJT8yKTra:18000000000000000000:OKDOT:OKMYTH
16SQcmXD6eRGStXjq3YuvLvstwiAGftbHT5PZ3GkceyDprb:18000000000000000000:OKDOT:OKMYTH
16kXzShVXs7P4ULtEs1dVFYLc48kwvLnT8DeCtiEzGB8SJm2:18000000000000000000:OKDOT:OKMYTH
1driAdtdLcTbtBi7oyZGVg53JGdGZAMc9fr843pzJaQdmq2:18000000000000000000:OKDOT:OKMYTH
15SRRSc8aMCazaJGfq74VQWajo4JCguTefLVnhFyGskcU9BQ:18000000000000000000:OKDOT:OKMYTH
16SoCStvpn7fuYyH2M7tcM9fq5Nr81BEV7Y3aKiaVhV8iq3B:18000000000000000000:OKDOT:OKMYTH
14MkMsMQxKmYpT4NNxor2dnx7BhwrWuged65yv4QjWhMD8xD:18000000000000000000:OKDOT:OKMYTH
1ETSAdJdTEv7FKTbPp7mzVG6hKms7Eaa9wuKLxvd3fDbSb5:18000000000000000000:OKDOT:OKMYTH
15rG61tT6JbAUj77S6aUQEEH6eayJGPpE21dEJk224idx1mE:18000000000000000000:OKDOT:OKMYTH
16RvRQT1wXgAN5nRsLM5PSWuMiCnDkfiNy5Gfyc2HRvorCGg:18000000000000000000:OKDOT:OKMYTH
11B4cNxL5axTKiY7dAvTtvMK8MN7vjxDEcc3ZzwdX5BJyhJ:18000000000000000000:OKDOT:OKMYTH
1FAHcfZqDd4TCLg8qxcFw3XQ1EPUM5FCjaSCq2RuQgCt6Ni:18000000000000000000:OKDOT:OKMYTH
12dcMZ6bPF7hsskWWSFV1ryhgX8RdG82SWBPyiLoctGCsFg5:18000000000000000000:OKDOT:OKMYTH
16PZ8xYwsJWonGMP1RQRnUykf3zQhBvuF6HvNCas5r5NpYZh:18000000000000000000:OKDOT:OKMYTH
1219pidLJMMWEep2G7shAXEJdw296yL1GN7R9Dpc2qtgNs3M:18000000000000000000:OKDOT:OKMYTH
1FH5qHScNmrwSoH5zGZMUQXGvqV19KaDRWEEjagtRuFnTqX:18000000000000000000:OKDOT:OKMYTH
12DqF3rzGLzfUW1BFTeYGpohJk6shA9xyeJZXgeMfD36X5FN:18000000000000000000:OKDOT:OKMYTH
16PXEzGBf7UfVYQiA64xb78kPppBLyyG9mZZv88ife5woETb:18000000000000000000:OKDOT:OKMYTH
121ZKRDyRz5NwcnF1U7KzSBSRaqiUf3sLCUeGMNffiKt2myX:18000000000000000000:OKDOT:OKMYTH
1FKgzvnYMoD64tB1PwaxHcUUg9VASeVtVfKz4S5LMY8L33N:18000000000000000000:OKDOT:OKMYTH
12EB7zrCMBPYT7bv3uimWYFPuZvFRWfGWR1xEWDT1HdSRWkV:18000000000000000000:OKDOT:OKMYTH
16PKefsxQKCNZxGD8u4sFWmBBNosDGXU68Tsvo1FmRM67ATn:18000000000000000000:OKDOT:OKMYTH
121zmYMqZAvBmGu41NBxY9ich7Fxuv94YSwCp524wWnaJ7xJ:18000000000000000000:OKDOT:OKMYTH
1gLY7T5npk5DYVNEvuk9htoqixUzjEaHeknnFUdovVYRqzo:18000000000000000000:OKDOT:OKMYTH
13YxFENqdPFdKXEoNyt8DZtTmBY5yTqNotBtBEtbsiv3DzSq:18000000000000000000:OKDOT:OKMYTH
16McXgeFGpx3ErTMqb28hAC14Q2cw6TGynnCApPwSSF2BTb4:18000000000000000000:OKDOT:OKMYTH
123eZ4ELj7f7NShkjkr6UeKd9sue1vKqyQLW4sC8C17FffD2:18000000000000000000:OKDOT:OKMYTH
1HCjFLk7tuavjvDhHFzPDgdTDBmzDsDKED6ANqSYZWKMdxk:18000000000000000000:OKDOT:OKMYTH
16Jye9t3TyY9KuBvA7fc2VAC3YfCWB3iWKgW1KcUq2XvQYh3:18000000000000000000:OKDOT:OKMYTH
16K5EfJyM7MS7yyHGw4maRo2qfVMQ5YaHfzLx857CK1e15yv:18000000000000000000:OKDOT:OKMYTH
1241cE5WjmHic7AviiLZibAexVUXiFCzzNqT3KcSWKjF2TPm:18000000000000000000:OKDOT:OKMYTH
1iy4KugNu5iJqZZMnGA6Wv6g4HELmM4tc9mTiqkMVyjH7Go:18000000000000000000:OKDOT:OKMYTH
13RDFCx2b7K9rkBnm7ooqqB1sPAN2QrtoeVNdffkoEtFaMAC:18000000000000000000:OKDOT:OKMYTH
16JESQRVYa9LMpotzS1pKmdtuLHSBPg4UP4V98ZrvqNTizcA:18000000000000000000:OKDOT:OKMYTH
1249cNuTRJcWFYnL422hyaf1KknFPFLHwuPKvHkFUSnYRLGW:18000000000000000000:OKDOT:OKMYTH
1iyfSobQE1cyP9w3sXsZXeKdmnr5spmQChWRTa2icWSPhpf:18000000000000000000:OKDOT:OKMYTH
15JYano9jpTAYFLazT1SyRv3C45x6JfKHRd8Nnc91Rke5aF3:18000000000000000000:OKDOT:OKMYTH
16J4nMekQjd3QnKNSkt5kScCmUe461FzCMYZGwCRFTFzAyQj:18000000000000000000:OKDOT:OKMYTH
128r4YRNvLD8HyqiVaouwDs7czEUcKJpQMYq7SrqfB6LeYQL:18000000000000000000:OKDOT:OKMYTH
121du1x4TMyeJ7oY97KgigzwRbaQ9e3adV1Vni7MXTsa98TY:18000000000000000000:OKDOT:OKMYTH
14iv4UoiXDhC7TFfPdBLg7Zzqpo6bJ6dtSdAC52BDmfTi9XQ:18000000000000000000:OKDOT:OKMYTH
16iMCdzVzhzh4gmHV2ZczMbhucxFZeqCQhHE4PUR66aJgdM7:18000000000000000000:OKDOT:OKMYTH
128zMmKb2kWZPY7mdsPEo7pi7xTuQATy3zfbnwmq5jLP2gs8:18000000000000000000:OKDOT:OKMYTH
121KC2w6mamC146KT4L4C33B1hzL9Unra9NRyUF87XBJWnrc:18000000000000000000:OKDOT:OKMYTH
16Y8quzSrxkL2WFoLTUG8c5hFRMvQijjKKEs4mahSHBbFXd1:18000000000000000000:OKDOT:OKMYTH
16hZt6A2fqRntKdhrxP3fN8tgp6YNdviGMxRGGYkLQB2oMxm:18000000000000000000:OKDOT:OKMYTH
129SqdAwrfFN6ob2DhEx21fg7Ef3t6ZSZq1hASFDBNZxDy8B:18000000000000000000:OKDOT:OKMYTH
123nTqDodRhskMxHVEwwWqvkm92eduzPQxgcusmaL6wwNf38:18000000000000000000:OKDOT:OKMYTH
12ENHg45gXgkEvnmnebdD16FyeE5kHBmQR5owfWuMqB2mkBB:18000000000000000000:OKDOT:OKMYTH
16GMXRz4Q7cUHJJPa3enwkCgQGa55oNmLoKzP1K9o1jhPTwL:18000000000000000000:OKDOT:OKMYTH
12buPAQWmGxrwqgSUiVBGXFTAMqX2QqSXX1yRuh1bLXUgAiD:18000000000000000000:OKDOT:OKMYTH
124baZdPgdCuCxkRoWRiAfYNTxcE4TRtFr9BdgttXvowwoHC:18000000000000000000:OKDOT:OKMYTH
12e2xEkzLYJ4D7JtuzYFoj1YGjDrcf7yuDKwEyedokdg2LL8:18000000000000000000:OKDOT:OKMYTH
16FbL5DK3v9uKwRjuPdv1pG8F2oGp42SwJk9zvX37wNsDwWg:18000000000000000000:OKDOT:OKMYTH
12byCSXaYHhUQuuUbJWXLZ4WmUuxHYhY9hBYXeqmDSSYPLBX:18000000000000000000:OKDOT:OKMYTH
124cmHegYkbTtxzrFgZrTm6XFqhAQENKM4E1fm1ofkXjCTJG:18000000000000000000:OKDOT:OKMYTH
14iZK189fvfM4xSDJBfsQKJLpyczwWJ9rNzjRWPpL4RyQrQh:18000000000000000000:OKDOT:OKMYTH
16FaCftCaCprT4aGctxgqBnwzNCWuJzK2cguySCF4NCB2gqf:18000000000000000000:OKDOT:OKMYTH
12CSef6sNt66rHtmNZt3tiwd8efsupvfu1xqukgsXn39eJuG:18000000000000000000:OKDOT:OKMYTH
1264k9pBhdeYfHJEYFXif4tG6ijLahxxhjJjWCwyx9SFZ1BB:18000000000000000000:OKDOT:OKMYTH
15ktw6o5RQHe2dNQAkUT3aCnPuRpfsJ8cxLJvD1hia8VdrDH:18000000000000000000:OKDOT:OKMYTH
16DSfyYg3NabPi27unGqS9G9hmUTZNa5FHRpJEXRdwNtgvNm:18000000000000000000:OKDOT:OKMYTH
12dszMKSQ1eXJFEL2KLm2o8KUbVkJnnqNNBx591TZFPF9aix:18000000000000000000:OKDOT:OKMYTH
126y1Dfhje2Ct9Nr2gzXwUjAqCnAVSZEeQqH7Vk721zNg7KU:18000000000000000000:OKDOT:OKMYTH
1564yLGBb31atL1DZiYzBdiBHxac9pzfC9xYXaehB9wpnrQ6:18000000000000000000:OKDOT:OKMYTH
16cryvzPGYQ5v9SkDQsGFtpEtDtSNnWovTpAtxUR4ArmumQk:18000000000000000000:OKDOT:OKMYTH
12dYC3v4VpTZYyK9oQtyZKDAXGEJuPPfvvpeNofVLvfu7vJn:18000000000000000000:OKDOT:OKMYTH
1275VH1FtSKC5enLXrvRPaUoQStzZCZ981f7XKxCfw23kttY:18000000000000000000:OKDOT:OKMYTH
13iPe6ip5xQmd4YNNBUVRraY3Xx3KuPDxqUcZZ7iaEHcUE31:18000000000000000000:OKDOT:OKMYTH
16CojX7FjKEn8hpudw31gHmTtiUt8Mb6ggTDPg5CzdJK1ahx:18000000000000000000:OKDOT:OKMYTH
12E5aJWYYQzUYqmzGSNHfhJjThdM6TebCnmN8zSs5BQwnrjC:18000000000000000000:OKDOT:OKMYTH
128fse46Xbg3NAz3gzHV6idgwNdCv96MtJJggzWVv3ayZF7M:18000000000000000000:OKDOT:OKMYTH
14oxYGJgXjafwSUf37TdTNQrTz74yyan2uaj7CZKu7ZymFXM:18000000000000000000:OKDOT:OKMYTH
16cen1X2QqXxb68g5imJSziWgZhZCVC6AqMPXTTXCGy3xDrY:18000000000000000000:OKDOT:OKMYTH
12Egb7cpo7Z9EmJoDRxsFCzW5qahzqsGS9k7AJUBgzvPkif8:18000000000000000000:OKDOT:OKMYTH
129phdFXL4XHJLtURCXvnnHL5n3jMVFnEnfR5tV3xW4nwvmY:18000000000000000000:OKDOT:OKMYTH
14uXoeFxknjuRNppUya7WFYM77B9ursM7oVH4M3KeU1WNVBC:18000000000000000000:OKDOT:OKMYTH
16BCXQqJ3LHso4bTh9zW3hgmCmjKGKSp2tp5mK4PZSdmQqv5:18000000000000000000:OKDOT:OKMYTH
12eYzBMUh8ULBLK27bfF8e6AyWBu81giAKcHw2EB5w1NqCVU:18000000000000000000:OKDOT:OKMYTH
129U7KivzdAiQyGVdutnGqUrRSxjcjVFRyaukyaqNfB6iGLx:18000000000000000000:OKDOT:OKMYTH
1414KmXo19woibF5A1aVbbxMCXytYkFYCtHgqZKnvuRyrEsr:18000000000000000000:OKDOT:OKMYTH
16B1a3z1FZsLUG9i4dJxYm1AWBpQtfTTbkFvpf1AZrJQazCQ:18000000000000000000:OKDOT:OKMYTH
12jgKF9ri9hU8xEApLNVqQ5PMuYnHzqioUHKsRFcmTaNF6xR:18000000000000000000:OKDOT:OKMYTH
12bT9heMxsMAmvVtFKUKUid7DdBd4iKM3LHA5oxS64F45Nh2:18000000000000000000:OKDOT:OKMYTH
13Mtw3YeFeNGTsLKuJ7tKsXeEo7o2eKnpGbkqFCWxVH4TA3z:18000000000000000000:OKDOT:OKMYTH
16aZTjHuum95qudTstFdLyuAFkhkF3W5rVT1jmbvFSxFUtBY:18000000000000000000:OKDOT:OKMYTH
12jUdktoBBvKxevpidCaCcCswz1K6d291CtuLvvDDjggeqwx:18000000000000000000:OKDOT:OKMYTH
12dusExmo4vCjdh249FhVrB6WWRo7rPPB1LCuFsQ9A7dhSbp:18000000000000000000:OKDOT:OKMYTH
12En3FP4dJ4fGirQUuqUfQReSwfumCXP6AMoYTBACYUvFdwr:18000000000000000000:OKDOT:OKMYTH
16af67wjVqLsfkJBQVwgdZ269DFm7AwfVntmHyHrdYCdEZxj:18000000000000000000:OKDOT:OKMYTH
12mdVhiLdPynddLXvKDHixd9hyYpKXFw4bqoAZL4Gjpwy7ac:18000000000000000000:OKDOT:OKMYTH
12eHRivLVQKpW8tFcx4vMbMypaxK1uPP9jgU1oyrhjidDdKC:18000000000000000000:OKDOT:OKMYTH
12F5QXsHkNRrZv7AKkHy1WxknfeFzXPDdswEV6k9RvMFH6AX:18000000000000000000:OKDOT:OKMYTH
16a9b1YgSfZM75PKy8Sme9vpraPYqWBnXmi3onC1KuDqntVW:18000000000000000000:OKDOT:OKMYTH
12mjKssbrnBiDLvzbWf1UKgRhZDyNQy3xA1h3GSbfTi7VcDK:18000000000000000000:OKDOT:OKMYTH
12EWLqAdtMRTp14ijNtUZ6cbsv2kK4WWpwmy7kg4xiiqJo3p:18000000000000000000:OKDOT:OKMYTH
12HFwR4CAy7fZVnwR4Au4SzAcsmpFuFUV4MK3CqBkv1Pzk2v:18000000000000000000:OKDOT:OKMYTH
16A8AkGhuLSqy6dazXG1vbes6uhBG9noz3pyuSsDRTtjTMns:18000000000000000000:OKDOT:OKMYTH
12mpr5ZsENHHJ6FFAeXCjDrKENUCTvPCeyyn2SeeNmCLUQsf:18000000000000000000:OKDOT:OKMYTH
12mosZTs2QrN5Pxokj637ybbRE4RvxEVT58JgAF2UssrCPua:18000000000000000000:OKDOT:OKMYTH
12hHGcYbs394sSeHQqprAJpfdtxaq7dSqsBgH3HUu6J9yQCB:18000000000000000000:OKDOT:OKMYTH
168MGXauaBsJJWUwGyQ5TYHPgNitXA5V3K44VFEBJkFJpdR9:18000000000000000000:OKDOT:OKMYTH
12NgDmxWjRPhDWjCsxEbxMzedHjn4wNP5jSpikfbz5dKeiKU:18000000000000000000:OKDOT:OKMYTH
12MsoBpZ5e3DGn5an4S3HG3AamSUz2Vz2buYc7rej8j3jfwB:18000000000000000000:OKDOT:OKMYTH
12HVXyUDaykBYrr8jYic7zjxQNHPugc7w8poPe3xmaZzFmDe:18000000000000000000:OKDOT:OKMYTH
162N3VFzpTAmDUo45LxPtWucfpvc3kJfi6sjyh9yJU9tmyRJ:18000000000000000000:OKDOT:OKMYTH
12QpGTSKjwtCCtb7m6Mt2wV2rQzqkpX5J3cgFQmaeSdySVcC:18000000000000000000:OKDOT:OKMYTH
12N3VSWek68v2xSnaCLXXF9z31AxHXBJBwUM8bxKkXkJbnrZ:18000000000000000000:OKDOT:OKMYTH
12jBFJJv6x5V5rxhAQKMi2B5g6DXnAUdstDbgXKbBgom5iFr:18000000000000000000:OKDOT:OKMYTH
15zXJX9C9KJ7FW3E2giCg2dHDV7pJCXegASkSbtSDwduuKhD:18000000000000000000:OKDOT:OKMYTH
12R1ezo6B3Qtja6gB45kpbZnZKDz3jdwoGnd4RDYSX1uL1VB:18000000000000000000:OKDOT:OKMYTH
12n8abcVwXEggXL7SLTDT4QWUUqhhAEBgLosTFr6f65izqJ7:18000000000000000000:OKDOT:OKMYTH
12N47BvDcHxyjStvqy334CWm57HGf4LGjJcLBKETb8bzJ2bH:18000000000000000000:OKDOT:OKMYTH
15zmEDA8fSrs186iFsvvVVP5ZMRafA3bTi6ozgTLEKDxjawu:18000000000000000000:OKDOT:OKMYTH
12s2dAtN9HcG5QUv2XY7QbEihUDQtrTSXcKAcuTs6dJy8QC4:18000000000000000000:OKDOT:OKMYTH
12q5tnPfenBdH57bVoj5zDCaYgmqGqS2BJSzchkFMF5E6A1f:18000000000000000000:OKDOT:OKMYTH
12NMGUzgy5zx7FP56sb7jDvjtSydJ9ix8dzbx4tGVyinGAzH:18000000000000000000:OKDOT:OKMYTH
15ya8jsP3X9tvUnkDcLa16rDKmP4tXzbes4MMdEWrG6TVzEp:18000000000000000000:OKDOT:OKMYTH
12T1mfFeHn8ATG5xDvB46bQjaTGQrzPAfhfpJVGDjmWDfrpN:18000000000000000000:OKDOT:OKMYTH
12QQqSaJ3aswevZDG2SN6T8etqYQEkpkyTziheSVX3zNhvNq:18000000000000000000:OKDOT:OKMYTH
12NtytUs51QtvkKh768yznSrxa1iFMtWjeYLHsFvhy3rKvw1:18000000000000000000:OKDOT:OKMYTH
15XLtYQZeFc4qytXYo9yXPbMiBNVteN9bcd1irkZdjdVXLgP:18000000000000000000:OKDOT:OKMYTH
12TqsW38GV1fKAyjVwnoQ2KpxgbUHUFzAfopLViYYavMRSGS:18000000000000000000:OKDOT:OKMYTH
12QSbj2iCWvf9Q76sHP1fSuCgeVivknKxQX54vuCqSimXhyg:18000000000000000000:OKDOT:OKMYTH
12pbg3sb1hajXEakmPkiQGfbFrctC7adfwwF31Jfo6qJUWYM:18000000000000000000:OKDOT:OKMYTH
15XjbKNFotaN8PGWWAL8Sp6ixmAPHyanPYvreHgUH9ZZ1LFN:18000000000000000000:OKDOT:OKMYTH
12uYtLYBJ9oNwq1ThwWov2LmyRegr6x8PjXu9jSZw3VJgxMs:18000000000000000000:OKDOT:OKMYTH
12QyJLk5UrKrZKiH4WQYXZTSzdekEhswY67K6RFj3Lymh1uR:18000000000000000000:OKDOT:OKMYTH
12QXq7ZVUTzCSp6eNSWTxfy6k7CcWybDGon24E5LUUnDYwSv:18000000000000000000:OKDOT:OKMYTH
12QaNTqMhT3iCsTseEAL1KAz2Z8wkTwty5AVWcNuiGarnRam:18000000000000000000:OKDOT:OKMYTH
12uzrUUqxAttoYXkLEDSsbibVvCx943FZmT7XY7PfjrhV8xn:18000000000000000000:OKDOT:OKMYTH
12RHcT5MLwztXxhVhpBFnK7r57L44rrt94cmCLVpgDYai4nW:18000000000000000000:OKDOT:OKMYTH
12sCkN2vSdmu7c9nbadtjoU3zEWsE6SnnCfKaCqmHmnYKhBg:18000000000000000000:OKDOT:OKMYTH
141L8T1KApYDfLD9L2c6GJSM41XTtbkePwscRhutt3Py7MGu:18000000000000000000:OKDOT:OKMYTH
12v8BeDYh8sHPv11j3pBdJCo9wXrDXirzsi51Zsf19YqCdMB:18000000000000000000:OKDOT:OKMYTH
12sLgx5Yy9BHPagbu8KyYiPCC2KHBQkkNkGAvhdXG5K18mCC:18000000000000000000:OKDOT:OKMYTH
12sGsNJ74Ud5JQBjPX66STbTa5xWqX1apHwgjpoD2VNPW1ae:18000000000000000000:OKDOT:OKMYTH
12Qb3cZcyvk4qaMZyTRxMRjKBUjaD8im6J7K8uweSjckbD1m:18000000000000000000:OKDOT:OKMYTH
12ViRqZMEXwtnwcWqMp7tKDNMC2vp7tR91h35SfDWKmmjn6D:18000000000000000000:OKDOT:OKMYTH
12TNdqT9sUopk7BkrRzAEniTxitEewioydXZs2xJSdK1ryrP:18000000000000000000:OKDOT:OKMYTH
12sJhWXfsjPWGQ9LijpjXR7hr2tAoU3W38K7BkqiZqWtWAoR:18000000000000000000:OKDOT:OKMYTH
13NCLd3foNpsv1huPDzvvfyKh37NEEkGFotZnP52CTR98YFJ:236000000000000000000:OKDOT:OKMYTH
