14Vj9QM7jrzHLzurPVCUdjnHEEH7hMCMrF8D3djvUkZBRVx:18000000000000000000:OKDOT:CHECKMYTH
15Sjtf79hdMgaGcaQUv92sM8cH2zHLNRLvASJu8o57p1aXT7:18000000000000000000:OKDOT:CHECKMYTH
158XizDrNDyThJn4NuCGg3HVKLGLf2AxQ4z5sHiAAzuL8GQH:18000000000000000000:OKDOT:CHECKMYTH
15SKTUBAeHXQ4CxP8dwnzxaRugY5pdEGhToYFCfXK8AK4FsS:18000000000000000000:OKDOT:CHECKMYTH
14VSyUxVjNRUJZuTdWRU7muiypptHQQaNcvzyAmdFuHcJFvh:18000000000000000000:OKDOT:CHECKMYTH
15tmHZD8zHUqwAkq25DJvdLBa1RYX1AJuu1x8sdmWLh2YdhR:18000000000000000000:OKDOT:CHECKMYTH
158Y4fc6SvW6eDnBsL6JMRxL54PFSDkHrDwGXa4cN8QY7H8j:18000000000000000000:OKDOT:CHECKMYTH
15u5aJ243HTs2jqY18kz5pzLQ5qqHDaAQvGHTBeAdCrsK4as:18000000000000000000:OKDOT:CHECKMYTH
14W6JsQYyucJB29htyYuhZRNa1uMeGmX1cMrEKiGVJCALNPC:18000000000000000000:OKDOT:CHECKMYTH
15UrC1XB1GHnfp2GKQo71CaQ8yvVVVuoXsDD2feSpuT4yREW:18000000000000000000:OKDOT:CHECKMYTH
15aE3Trap9Q8PYHcBKY9hoTHmxSvvyRM8ZHfdwFXT9VtqPnw:18000000000000000000:OKDOT:CHECKMYTH
15V3exBgsA5CjDEDC9GsHYp2cAy5wfe8GdSKZETeRmiN6zW4:18000000000000000000:OKDOT:CHECKMYTH
14yrsSfKz6hfbuYBff5CtnvW98BzyJQiAYjJVN6sxrscaEnX:18000000000000000000:OKDOT:CHECKMYTH
15VGEfyiVbVyrpYASrfD3jn2o7b9QdUSKe3eCBChYAxV9L5E:18000000000000000000:OKDOT:CHECKMYTH
12EuHc2n4HhmzBKu39MAGX4x6rTSurPNYq3Vv8UZVSnPnw1p:18000000000000000000:OKDOT:CHECKMYTH
15XPkZfeZQ5GV6hz8YAmbuXAibag1d1C6opiicUuJeUzNUEM:18000000000000000000:OKDOT:CHECKMYTH
14YrSXesFpLoFGwR1uJBqdbFxYrMFC3c2PJobjhvYAk258z9:18000000000000000000:OKDOT:CHECKMYTH
15yYuxgBcn2umzycntDTxxXgVwkm9d9YwWDMFD3WQMmYzeUa:18000000000000000000:OKDOT:CHECKMYTH
13EeZf3ZWotu5to8o5Rzf5AZDdJfpKwq5puDbz6LVbD5aYLk:18000000000000000000:OKDOT:CHECKMYTH
15zLBhnYdvWECDTiQEVRK2TJFBEAmjYXD7ys6MnypcaFHz3A:18000000000000000000:OKDOT:CHECKMYTH
14yy3ELpAiFfrqsA3v9xaR9qDqiXCG6Q3ShDVuYGXiSZmDpA:18000000000000000000:OKDOT:CHECKMYTH
162BaiuPSLa3ohNp1atj7DFfgbSwBykDeRvuJggh7TgXqYpN:18000000000000000000:OKDOT:CHECKMYTH
16PHg36MZFDszsr26bSi8buEsLWsJfdRNkSUePA56Vq4za1P:18000000000000000000:OKDOT:CHECKMYTH
162wB8NUbAUDzBePoBoPpL3AYxD14wnKf4WGLP57KqtEoVtZ:18000000000000000000:OKDOT:CHECKMYTH
14zbjWy2x3M5F6Fxu4eN1wWcYRsa3eVcHV3tv2oq7bguE9Bz:18000000000000000000:OKDOT:CHECKMYTH
167TERBNgWMm5Dk6wHfSPsyqW9SZZvx29deGMSL67U6p3A7x:18000000000000000000:OKDOT:CHECKMYTH
13QSPKsz7SpkEHk8q5LkYpuQwfrzodwymNYoioK7RAdtoo56:18000000000000000000:OKDOT:CHECKMYTH
167YhyB3JPpWZ28468p21ZJz8h9xMpTE3uwnxDYj9GWZzXrn:18000000000000000000:OKDOT:CHECKMYTH
1582ccYFCTbVbUZrzhFMRWd7T8WRrf5moEJKpW2Ug4HrKekj:18000000000000000000:OKDOT:CHECKMYTH
16AqMN4NtbZsJM4GeSW4u1ReECpJ8MzKftaUoFjFYFr6nqdb:18000000000000000000:OKDOT:CHECKMYTH
1X5Bg27bJhMKhFWzicoUbCytUo1R2uzEp176BA49ADKBFNR:18000000000000000000:OKDOT:CHECKMYTH
16Ch8m4Tt4Y8YAZMnr56gX1qixDRqudEoZWSngc3jDUsU6pi:18000000000000000000:OKDOT:CHECKMYTH
158GvNDYavVrJivk9zCdUmL9hKLHx72uxQv2imR7g6Btx98N:18000000000000000000:OKDOT:CHECKMYTH
16d76qkpn4ZSnfcbszbzoxB5NKeQEbvJTjgfipSLbg358N3G:18000000000000000000:OKDOT:CHECKMYTH
15d7WY2CffzhYZFnEcNaG5Vxows4R68itEmCLLhQWtcwoqoi:18000000000000000000:OKDOT:CHECKMYTH
16DQKkErLXjeTWSYpGprhiur6uEft26Rr8LkhBSU25H1jase:18000000000000000000:OKDOT:CHECKMYTH
15agJN2NYjk1tXa3sBaqFC5cWXK6rMYFeu2mTDsJaFnRSYmx:18000000000000000000:OKDOT:CHECKMYTH
16DQuyfT4pV3313hdGWd7VLVfwVC1PhkRhNs7AxPmeGfVbc1:18000000000000000000:OKDOT:CHECKMYTH
164iETfzJZNN3Aq4tEoYU7CJ6eMHg5z8dagjj3gMnzRJnJCC:18000000000000000000:OKDOT:CHECKMYTH
16e3ebY2Yp77KqyJVCoyPGWXjkn2vrFyaHt4hZ7qdureC8G:18000000000000000000:OKDOT:CHECKMYTH
15AnSGQpCGFpmw2Hvy4cM62ktVUs9ZndzNwBY1aH7fPF7fsC:18000000000000000000:OKDOT:CHECKMYTH
16FYM1eS8pDorXcRPnZ3JvfLcQ2ritHMM6XgYduEcTSayv1Z:18000000000000000000:OKDOT:CHECKMYTH
123zUdBKaycjXuwUofNbU1YE7mkS36BBj4nimmPDpexakBaz:18000000000000000000:OKDOT:CHECKMYTH
16GLZN8zvPEpmnuEFAJXFou8vAtHA1KetUYZcEp8ELwA8iQr:18000000000000000000:OKDOT:CHECKMYTH
15cmMbZ53EKVBmsDymxfLvVuQ4QHCFhNjV3Vvt7eJMWDGLzT:18000000000000000000:OKDOT:CHECKMYTH
16hU3EUgN4g77rGaZYaVmuoZeRBaS48Twt7wCxgFaHok4XA6:18000000000000000000:OKDOT:CHECKMYTH
131WyyvZkrnhLAr6TAHWYZvka8FpPLwnoZPHKX832rkbC3wh:18000000000000000000:OKDOT:CHECKMYTH
16i2ER2ePyHCNBgVABWgKrCTo4rebgV5AvdS5mtTkrVdnDj4:18000000000000000000:OKDOT:CHECKMYTH
15DBzXdNvuX5dJj8wWHTFXdWVZppiAYumvvsxSFVRyYBCuAu:18000000000000000000:OKDOT:CHECKMYTH
16JRxs3A4TKzLEn1aacWYa7n1HRtXiz6eZM4E1zZRVhmcK7j:18000000000000000000:OKDOT:CHECKMYTH
13Jm4e1a1fnx7AAFeXgC7VkZSpNA1VYjwTBS9AJSx2gtY9Hr:18000000000000000000:OKDOT:CHECKMYTH
16kncKCui58U39vGGaXqK983dpzExXLJfmMFEwTAEUpTWJrj:18000000000000000000:OKDOT:CHECKMYTH
15DKR7D5q3xGfbfkRmpHP1XeRftsQy5VMPNb8tfzo5njhrnB:18000000000000000000:OKDOT:CHECKMYTH
16kW9G4B95BK312FQuUdLaHPzGDno71HLUryBMzhuMUXfuSC:18000000000000000000:OKDOT:CHECKMYTH
16XZEagsE1wJ1qimxvprZvi6Wo5pa5SHCjEaYoqYpHXKBEms:18000000000000000000:OKDOT:CHECKMYTH
16m12k8XXvsWo7jdQTWPQUggQ9t5yKESPMPi6jxjsxnYw2PQ:18000000000000000000:OKDOT:CHECKMYTH
15DW5g22cptQqr4PQvMdcPmHpeFAw9yjhk8YqfKBVi9oWEvr:18000000000000000000:OKDOT:CHECKMYTH
16RqSK84Pg4UpYTQPzubVoKs9oanuDLQWGMf9f4XjPKZzjhi:18000000000000000000:OKDOT:CHECKMYTH
13n4LnegotsMPsLW6SW9ny8w8Pya9heJuKJ4UQxFHTwYWU2i:18000000000000000000:OKDOT:CHECKMYTH
16SH34NHgbLGSzx85CPotvmE2BUsgQJ2VtPqYYhDBUp55fAH:18000000000000000000:OKDOT:CHECKMYTH
15EBBtJXXSs2mxBZZCjHAYbhbBUptvn8Z3qkpMQMUQwtSS9r:18000000000000000000:OKDOT:CHECKMYTH
16V4vtqCGduomf8zKnDja4cLHhdDyPnLuqpMM5y8VAbBTHTB:18000000000000000000:OKDOT:CHECKMYTH
14dRQK2FDiVHJwyfgJwxtnGZ3nKzZRxNEKjUV6abr4WfdL6R:18000000000000000000:OKDOT:CHECKMYTH
16VE3YJ9645bk3n422WMVbvYXc4kEEfsETWUghpSqzasTqKM:18000000000000000000:OKDOT:CHECKMYTH
15fcQNSKiE3uS6wKHZxNE6xQqk8Ts8YPhCjZxxrYBJsYeKy3:18000000000000000000:OKDOT:CHECKMYTH
16VRGaxkVMNfSba97JN3PWQTst2wPv7iD6jQ3sPznwAFkvd:18000000000000000000:OKDOT:CHECKMYTH
1ERbzswdTQLoFVrfizTpL1ZMfDd3ZqniW3g6Fj6rsTo46X7:18000000000000000000:OKDOT:CHECKMYTH
16X8XCEEo3p8mhgLgdqqsVMjscbL6sZAPxs7GN6KwaRAmfrb:18000000000000000000:OKDOT:CHECKMYTH
15T63qfcp85eDhG5ecaCZCucdUJThVFRVJFTExX9k9GKjDLx:18000000000000000000:OKDOT:CHECKMYTH
16XePJAhqKUgLESKUmCtrqvSifn1QwYtCxo6dTheA7SUKRL8:18000000000000000000:OKDOT:CHECKMYTH
19Tf6SWJjKDoGCQvc1FEtMU3cdNxQZAam3PoGUUpoaQPoU4:18000000000000000000:OKDOT:CHECKMYTH
173enTUPbVYZsTdCQJ79U4a2YRZcxZPryAWa8NReBz9xA4u:18000000000000000000:OKDOT:CHECKMYTH
15Si6d5kEzbat8Ei1yCB5tVZvBEBK5TVMn6c9UTJ49znJuEW:18000000000000000000:OKDOT:CHECKMYTH
1bQ5EFCAUf8V4qkS264bG1KT8b9pZHBJKbm6pmw92z8oSCH:18000000000000000000:OKDOT:CHECKMYTH
12U96C1bmTYitbp8KbD3qQMCYPKJeqFheSnF6NboJ6XtRWAE:18000000000000000000:OKDOT:CHECKMYTH
1bTrfiYjgcWFc1NaF3G7mFsoF6yQgYuLoHaofJ5SqPEGeuq:18000000000000000000:OKDOT:CHECKMYTH
15ShdjiTeErSRRe6KvueVCXYjPMMy2AvB9QC7gV31XD1nDTj:18000000000000000000:OKDOT:CHECKMYTH
1BX4wdvZ7v7JLPRDbPo7atbikCYRPGuy2YToqzqyRFTg6H4:18000000000000000000:OKDOT:CHECKMYTH
1EPRxzAbSFcewmE2D6iem7T1nViiEhhPXtkERVQfke9Y1nf:18000000000000000000:OKDOT:CHECKMYTH
1cKadDFV8VzoaZUmkrutzaNdk4RzmoEAc92ZjoNPbxQuMwd:18000000000000000000:OKDOT:CHECKMYTH
15SauTZGTpUJu4SSCpkjdrhCyyeGfJZTE73UiJrx1MEePmWL:18000000000000000000:OKDOT:CHECKMYTH
1e2mkGPjV14vC93YPfFDYBr2PCerJ6W48EX7gS445bb5Cof:18000000000000000000:OKDOT:CHECKMYTH
13HMADWTgEsNn8Q1Qd2G8moP8WG9dGvJfRStg1HoRv39decd:18000000000000000000:OKDOT:CHECKMYTH
1eaMDxKpkwugYxJGGbShhfQ5kUtgCEm38U4KyoxyLELoeUc:18000000000000000000:OKDOT:CHECKMYTH
15QEKtxZ4daeHyq42ixTyojMvYVvRvg2osy9JKCJjHBqVtsC:18000000000000000000:OKDOT:CHECKMYTH
1eg7Pt85mJYBMMrNm2Jsf7LPfWf9FsNnaZ61aeGX6rzPnwp:18000000000000000000:OKDOT:CHECKMYTH
12uYX4d7s4hrXpzgn7SUaebSTxJqkGFkGzG5NZVakPgepHt9:18000000000000000000:OKDOT:CHECKMYTH
1eN1gY2zSiZwV8f5XK1HLFExGkDgs5U1t9dPrjXAWUnxTHK:18000000000000000000:OKDOT:CHECKMYTH
15omHJTxv2CNdrn8A9DFp827cPt5RTXk7o9VH8oicvTuXEj9:18000000000000000000:OKDOT:CHECKMYTH
1EWuwVmYepDCTyXoNLjjvWW1zuaVnoA6dShp1rg9cGdWrzu:18000000000000000000:OKDOT:CHECKMYTH
13Bz8BRVoGuNY6Y5kkVnG2GgovSuccioHXBG7KSw3vaQ951A:18000000000000000000:OKDOT:CHECKMYTH
1h68iuV6TSkmpgRgQoxyxwkWMQMReKmUBhYwfWk6JwRSp65:18000000000000000000:OKDOT:CHECKMYTH
15o5Z5DfdmVAVq9URauCHELkRBtygZ4XmDbQvbMKgsK3qj6G:18000000000000000000:OKDOT:CHECKMYTH
1H8tSUJrUm6B2TGTuYd41bgAWhhuQAqz6215gbyyDjW6U6H:18000000000000000000:OKDOT:CHECKMYTH
13duxNxGa4frbvya47BHa1RR2k4dSJ1oKGfNZwHovJ3nVRnk:18000000000000000000:OKDOT:CHECKMYTH
1Hb3GU8T8vKuKkYoS1KXMETuEx96tFMChFAxzCbkdXcstLQ:18000000000000000000:OKDOT:CHECKMYTH
15mMibtWAM8zufjCYq4ebLuura6UZSqcqMRuY4wQxcU434MZ:18000000000000000000:OKDOT:CHECKMYTH
1HHyXUBZSCGTv5ovSSnBGEbNdNUf9EnG3mdAWsMzAZiZ2sN:18000000000000000000:OKDOT:CHECKMYTH
13e7pvxAyz23wNpJPhzdasu8T6EskbxR69fuJS8Tar5BnVs2:18000000000000000000:OKDOT:CHECKMYTH
1HrRi2efeWiJ8vMQhMpP9DDhhwptGbfvrJGXPGe15dEBuVU:18000000000000000000:OKDOT:CHECKMYTH
15MHngovjs1c3TUAFAcvkzPDCZhy8RESRP5rxnrBf8CDZTb7:18000000000000000000:OKDOT:CHECKMYTH
1k2x5ECUee4pdQAxfNsTPPru1gEBpUrQ2XETFGSdWdHWkfY:18000000000000000000:OKDOT:CHECKMYTH
13fkS29wDvZ6prUyypNh7R2sWxZ6Binis1He9n6G8p7RSf89:18000000000000000000:OKDOT:CHECKMYTH
1KQNgG5Vq83peoNdm9W9xy12MCiPNo1JYhtuGFD7FRuKDPM:18000000000000000000:OKDOT:CHECKMYTH
15M6t2YJYfVkYN3CvDoZ6TMdUT4Q33Y44WsZ1oY7vhZuZbEi:18000000000000000000:OKDOT:CHECKMYTH
1LMPmLC8TTi41Aq13zmGeU9fcCiqoPEeURAeSxJeTF9Anqz:18000000000000000000:OKDOT:CHECKMYTH
13fxrdSFqH9DLfwprRjzq8BdDCiTMjo8hqYqbAr9g12xyVVx:18000000000000000000:OKDOT:CHECKMYTH
1LQv7Z8upvi2Dptpr4psGiWW45fSWMnz5jCQt579D5QPZ8Y:18000000000000000000:OKDOT:CHECKMYTH
15M3gsa43NaTmLib25wv7jjdcEEo1TEDByyATvYfN4osq1Fr:18000000000000000000:OKDOT:CHECKMYTH
1NdxrZG5udyKsAdY2qn381fR39AKtqwKFjJJReyZA5L63jZ:18000000000000000000:OKDOT:CHECKMYTH
13GevfbyFDuKQ2PDQ9qXzNYkLnGxUuK79SLNXQRKXkGu6KyJ:18000000000000000000:OKDOT:CHECKMYTH
1Nsqgmro3H7Y9kPA9KFCcMEbgE2Ag6K3qehkSNZfZcW5V7U:18000000000000000000:OKDOT:CHECKMYTH
15JUftGBi919z2Ceckquv4vnR9hm7WmMvoEo1g4C55afcq5C:18000000000000000000:OKDOT:CHECKMYTH
1PAUZS3uzHt4uBHEjBVFXgiSi7VSXAFyhXU4bJ6tHvGJfqU:18000000000000000000:OKDOT:CHECKMYTH
13ioReJPDTmeJBqTSx1rp646YoeGur4eNGpFnvtNoUCqE3mE:18000000000000000000:OKDOT:CHECKMYTH
1pCqP4Eqc1Hp51iEC9nSNuT55DhT4RR17xvzAAJnkwDAaQA:18000000000000000000:OKDOT:CHECKMYTH
15ixeKGURnmvxmuinVGQTnECxr1q5iwFq2YR5ETARVV9Rd7K:18000000000000000000:OKDOT:CHECKMYTH
1QmmDRe8tw1AJNE3xnUK8Htz8WVVCDaGQwTxTzejKDmnD54:18000000000000000000:OKDOT:CHECKMYTH
13j911JkECxruqVCgvAwQ8E4ESHVsst7VvujmQsN57LcG3EP:18000000000000000000:OKDOT:CHECKMYTH
1RsYqmX34qbwKDD6yyynScsmutKC4YbY2dUrqFMg7EhB2jA:18000000000000000000:OKDOT:CHECKMYTH
15G5EqHh72uN7j2HEoVaLtuetTZwA5TiV4LLCaafN27jU2ac:18000000000000000000:OKDOT:CHECKMYTH
1Yyor83znoeF51atxvXMRpfZLDGAewirSUsNP9FBJ2rHp3Z:18000000000000000000:OKDOT:CHECKMYTH
13KNDEU2MJtcDjcq7UTsdspgigsrxszEAgEVe9NpYEEGAhJv:18000000000000000000:OKDOT:CHECKMYTH
1Z5mosTF6kWA9NKJL8EZVRsDPx9kK8acsUq2GHVTJBLZ97s:18000000000000000000:OKDOT:CHECKMYTH
15g4TJMWbrvQWr33K58p6awhTWw7K8uqw5WH2hfTsT2btQio:18000000000000000000:OKDOT:CHECKMYTH
1ZdPEh2imirhCFFoZ7YkwAscW4WcRGdh8Z74NmTtd3dojJy:18000000000000000000:OKDOT:CHECKMYTH
13m2FxwG5kPNHwCDUK4g25KpHybZTBDkA8AHbrnj1nQRpC9C:18000000000000000000:OKDOT:CHECKMYTH
128nMnHMdP5pUDHomK1tNgD5RKpwjCDJHob7geua6xajMtfT:18000000000000000000:OKDOT:CHECKMYTH
15G4sKY7Pgq3XkAC99SPZwCUZ7gqjXEFbhQm6WWQ3gW823tj:18000000000000000000:OKDOT:CHECKMYTH
15ycUaoww6JdFtFax6EHr4Z8c4d4y14kg9viEMJ4pxBn6Yvy:18000000000000000000:OKDOT:CHECKMYTH
13me58FXGcaDw1AqH3b5FGfZojerbj9QXfRkK1yENfNXQHfP:18000000000000000000:OKDOT:CHECKMYTH
12rk4LCTQ4RkNhEpHZ6pUhKJK2eTAZd1LxQEr6jaSQAqJSiY:18000000000000000000:OKDOT:CHECKMYTH
16DkQY9YEE7GR42wJUcyNPF3c3SmKzUqE68kFbeT5W7uZ4VG:18000000000000000000:OKDOT:CHECKMYTH
136LLe6MHy67KYx1BRxutm2aVeT3DSP2resXydsFicHkXkx6:18000000000000000000:OKDOT:CHECKMYTH
13mWQ3hxTe3e7SwqMiEF2S87pBNBYApmyWYsgUgghwRTkZoM:18000000000000000000:OKDOT:CHECKMYTH
16kJ6dC76pMjVj97oFNvmknqGjjX4b4N4bgnstR65BXXYW58:18000000000000000000:OKDOT:CHECKMYTH
16cv2TreruqLwuEndswGr2UCh1pDzv7GU1zdBTDFzoYofuRu:18000000000000000000:OKDOT:CHECKMYTH
12dSNpq4N8S7oeEyUoRUV37DsCQ7hepytmCCHUkS1cLgAhyF:18000000000000000000:OKDOT:CHECKMYTH
13ohURVGYUMiSQeWchs2Eca2GmXsBu4jeaHT7sgfG1ggjwXq:18000000000000000000:OKDOT:CHECKMYTH
136pqknsZ9vCVUNnP5VDLjavSsPkBmWBtKXAz2dTf2GnhHuR:18000000000000000000:OKDOT:CHECKMYTH
16cieeV6fvrXHjadNoL12q71VNTXLHADdox1TcRJz2i2kSW7:18000000000000000000:OKDOT:CHECKMYTH
162aKMwPeTbZFkXzsCyYHkp1WXbGK7R8koEMR2j49iFoG4si:18000000000000000000:OKDOT:CHECKMYTH
13omxCzALN4aVme3hxBu8NTnKvogPyvpdjhFLmAvhmPSd7U3:18000000000000000000:OKDOT:CHECKMYTH
15ypqcAviqEZi5kgbNWhfi14uK4qR5YNGTqohmXwmtxL5ZLk:18000000000000000000:OKDOT:CHECKMYTH
16ArWkqG1MVKs8JZbGmmczuLxkWnbZdRm8giBidJaycoZJj4:18000000000000000000:OKDOT:CHECKMYTH
13j3KyxjsJqEfYwZiYjWUFwaSQfwMRDkLEDBSoQBR8YSHrmu:18000000000000000000:OKDOT:CHECKMYTH
13onQgJJgyjCEb7CG7b6UUprdHvE2gXW4H5VxqvAKJmnVyYn:18000000000000000000:OKDOT:CHECKMYTH
15Fs87Zcy6VrR7FTyoP9tHgKGPYhDFZaZE6BYwHJg8cWP9Pd:18000000000000000000:OKDOT:CHECKMYTH
16AjjzGrAJudivrwWoZCXAqq44QYsxoMDcz6rzKLgUgDTtMx:18000000000000000000:OKDOT:CHECKMYTH
143x6vM6cLDVXqM7ZDHyE1NWzp9Tcbrhh5p4AXm46Liwxuy8:18000000000000000000:OKDOT:CHECKMYTH
13ovU3izUPEt6YdnDqJ6YsssjAYrt1Vb6rWYwUYvMG3zXqi6:18000000000000000000:OKDOT:CHECKMYTH
163B1pavo62vi4dq5LZTiXCGW8r1thr7CH7eaiCDCE9UYwuT:18000000000000000000:OKDOT:CHECKMYTH
16aeUnLPqrpZxdfLwJBBTmRUMR5LSbqn6anJhcMhTYXR6jZQ:18000000000000000000:OKDOT:CHECKMYTH
14N426bHqd8SWjkY9vv8dbJttfr8KWx5JtEWAB8naRBeyy3C:18000000000000000000:OKDOT:CHECKMYTH
13pU7JsCQXwz357da2C2e9enrmDKmw4TsvzyJPBabNvQff8V:18000000000000000000:OKDOT:CHECKMYTH
121w9Sjf8oreHSYwxZSKjbCNt5woQW4oDrMpkVe1DzLeQpME:18000000000000000000:OKDOT:CHECKMYTH
16a5rmD6fCNuSbZZC8PhDeTPixzUQmeQ8kpnFhhnZvHcFY2v:18000000000000000000:OKDOT:CHECKMYTH
14s7EVfnmaDq3atG7TSVNzNgLQ2uGZw5oYcMzdzotrk9TXG8:18000000000000000000:OKDOT:CHECKMYTH
1KoeJrUvdYEzR49nSc6yo9oWKB58PdNCwPtEtT4eAgecdLG:18000000000000000000:OKDOT:CHECKMYTH
13Qs6ju1zbUBZWzjJMwCAzrg8mTXqkfrtHrhdX3YaQU7QLCT:18000000000000000000:OKDOT:CHECKMYTH
1v8KBTaxjwXDWJX7FCezUEyiwsXExoBD5jgsUSH7GCii6LA:18000000000000000000:OKDOT:CHECKMYTH
1WGCFq735kgohMCbcCmFgLHPRiCMeozDkDygtLq8mMNHtZo:18000000000000000000:OKDOT:CHECKMYTH
167h8uwn2wzPz2qMneXMAeYxMwoPWVG3hQFSPcQqWPxjbmwV:18000000000000000000:OKDOT:CHECKMYTH
14SoDgpY3RNWsyRMhpJbSCubjmHvq7mGyHC38tF1jWV4b34K:18000000000000000000:OKDOT:CHECKMYTH
1KQuSBqxAoRNJw9EgsCebsFq8W317bJrJtSRbYZfmC8R3mv:18000000000000000000:OKDOT:CHECKMYTH
13SoDhSKuMmwMbCPVCXsRwu6saivtRvEucsUr6nsNzbfQu4R:18000000000000000000:OKDOT:CHECKMYTH
1vJzxEMJ5fxGjD4GVgm9sft67TNhfMEh6WoJWucQ3Kv7Tq1:18000000000000000000:OKDOT:CHECKMYTH
1YeWosN1KDHVnb86QfAdjHr5bATr6uKrXSHbrGi1Wn87nUf:18000000000000000000:OKDOT:CHECKMYTH
163KyBiLUmAyBmpo8tTCE7iANjwzdF3c27DHgcKWVoCvTRZ7:18000000000000000000:OKDOT:CHECKMYTH
14TDfKtC6F69oCTcjccqoF8ifFKJtNJnKddonNAzER7TzeM7:18000000000000000000:OKDOT:CHECKMYTH
1KuPhtEkwhSoo1ZdxQSBgUiJMAB6YU8kcVoCoLWYVgBuJot:18000000000000000000:OKDOT:CHECKMYTH
13Sw5jBy58Zzc95ovPryHm5uiRpBMfP3e1NT2GaBNLsgayKa:18000000000000000000:OKDOT:CHECKMYTH
1xYiPUKaaYAck3d2a7KN7Z3eSMUEGsufYMrBjukrkUkzHn4:18000000000000000000:OKDOT:CHECKMYTH
1ZNWCgCU1hDoTAiNQt8eCCgavg7sNr9SxgLvtSK1PSgSwHV:18000000000000000000:OKDOT:CHECKMYTH
162meTZse3HeKH69MyVJu6RYKYv7t9AdeCH8WX191XpMBgo2:18000000000000000000:OKDOT:CHECKMYTH
14tfEajornV2cmD26HQcx3QCNYDME1YJYz5RYaz9m2o87tRf:18000000000000000000:OKDOT:CHECKMYTH
1NbxgMqXKVsueEP9vwWPgycufbb8vSe93UWaH8hKv3PQnei:18000000000000000000:OKDOT:CHECKMYTH
13ugPd7feDRiWVJF4jJ2gkTkHA1hVsDrocH4o7EL5CyZovrv:18000000000000000000:OKDOT:CHECKMYTH
1YW8CkgX6Mcn8GvKMo44QZpniyRzh9Ks7K2rCoq31PTv7tk:18000000000000000000:OKDOT:CHECKMYTH
11ATGPng5apvv6ARRFNeHdHVMR7wsr9CDoEdfbjUppXUXvp:18000000000000000000:OKDOT:CHECKMYTH
15VrJpkqLz5gU4MfMFSiBWooAfUHPaCr55VM7yv55EU9xEUH:18000000000000000000:OKDOT:CHECKMYTH
14TU1FgVBLK5uPFQhsio6bt1VcS37vuyvPaGjyMspyvfHg6Q:18000000000000000000:OKDOT:CHECKMYTH
1neN5661VevzfKP22BEipPVXEPv87LPYxoMNmLmQS1R21gC:18000000000000000000:OKDOT:CHECKMYTH
13uPG5MXMqhC6qHChAzuQia8WRQrz5sJrsyYoYmxrLqYGtn3:18000000000000000000:OKDOT:CHECKMYTH
1ZmoCsCqu6bmZ2x4batCpC8dgVdrGyMHn5TAGX9xJn854w7:18000000000000000000:OKDOT:CHECKMYTH
11ZbLmrW3mtnx7fTYi1Z16muQwDsF4zpmsnnqaQgoFScRVT:18000000000000000000:OKDOT:CHECKMYTH
15VqGdc44RznoouJhLQxhfZoYUvaPMiYs9ayoDGkt5HpirnJ:18000000000000000000:OKDOT:CHECKMYTH
14uQqh8kEXQCtv8Ptm4T34MKNk8DHANATim4jqu8hSmLjZ8S:18000000000000000000:OKDOT:CHECKMYTH
1nnhcb1AwZ3nqGUUKXMYQfAPPwyHRmstkokN5zwTyKYdvMG:18000000000000000000:OKDOT:CHECKMYTH
13VtEZKFeZZYhrKH1AW8fnPduvdCQ3HyhrGNSXgPuoe7dX9N:18000000000000000000:OKDOT:CHECKMYTH
121eYg6yWFQfkKqBYTt1LpaoV8Jm8SFYRw4mRFWM4NvFXxy1:18000000000000000000:OKDOT:CHECKMYTH
1298hDWDtmY5Np5brUeWNBFfD9acZQ2Gn1jxwP1VABg1yTnq:18000000000000000000:OKDOT:CHECKMYTH
15Uzg9j7ikpXN2nqf9SFJTPhbV6V4bCFN3FggePHZMpW4h9D:18000000000000000000:OKDOT:CHECKMYTH
14usFZeCGGyA3vfoaGepXADYLzpuagxdXus48CiS9wHxcwuK:18000000000000000000:OKDOT:CHECKMYTH
1qSA2Wost5fAcZSUbQxPGgq4kDusgq65avMFMhz6wy1c1CZ:18000000000000000000:OKDOT:CHECKMYTH
13x31xmnRNFSbontff8skGuqbGKUu3iFkkzTG4jjxX4Ku3UZ:18000000000000000000:OKDOT:CHECKMYTH
121K2466J8DxgkQ3rYQkDMhvmgLpUvGJYp6xYjTPYJn3CY29:18000000000000000000:OKDOT:CHECKMYTH
12aykaq3TWCEk9WCF6qD7XA9Q5hA1jXC6UU32UMcuLXCGQtJ:18000000000000000000:OKDOT:CHECKMYTH
15uHhpWLjtJXMBsCJJtoxEtwTzPjhjH9ojGWvtZC3rjXtVWg:18000000000000000000:OKDOT:CHECKMYTH
14VVj7dG9aVUTasatk5VWcdbHDaWLE8CzFuAUYGZsXkuPg6P:18000000000000000000:OKDOT:CHECKMYTH
1sfdrFtz6By6apMVkBwsRi8smYwff97Xi8Q6yCBg4sg94Hi:18000000000000000000:OKDOT:CHECKMYTH
13xhiACRCCGVPmTJphkoNAe92po6SW7EQpqe9UKSVn7SFNph:18000000000000000000:OKDOT:CHECKMYTH
124SjeEQNJaqUwFp72Ndc7nMe2v6jyGJaXLZFr2qpknqj4SP:18000000000000000000:OKDOT:CHECKMYTH
12Bntedqn3puaEFqqpbRrSxW5de1q5e2Vz3JfLuT5P4KWQhS:18000000000000000000:OKDOT:CHECKMYTH
15tVVJPXPHhcpvjJiK3d9yimW3iYgNSBQ7CGfsBFVompPaWY:18000000000000000000:OKDOT:CHECKMYTH
14xHMC9JPv2kQBWxDH72CzvuvZR6qsVifVXdh8HhQXkNeRjC:18000000000000000000:OKDOT:CHECKMYTH
1srb42VpjqJTGth5TxWJYeDmU5fJmZnP5bCpXVvfNLbXdsn:18000000000000000000:OKDOT:CHECKMYTH
13zyUf5D8roANg9B4oNp8yaKnyFUdLLmMBN7rrvpsidhUKXE:18000000000000000000:OKDOT:CHECKMYTH
126cHbLYvAJGGXM8DrZvMmKT9Df2ZqZSkXfm7jtiTHvatMQH:18000000000000000000:OKDOT:CHECKMYTH
12BytkAAsYb9QEQ7mty7foF5VccxjpkemA8LNnkujdavYFa7:18000000000000000000:OKDOT:CHECKMYTH
15G227iW9Sf3VshWzSpm7kLLP1K3SmqpLbLtmVKajbm2Tup4:18000000000000000000:OKDOT:CHECKMYTH
14YVFQrLD2npzYuF4SCosaaGMNVsAnUSFBXGBqRWHc47PMwz:18000000000000000000:OKDOT:CHECKMYTH
1sU3U5GeiFoYqwGeGbdCqbNQgiU7YvVGygsscTZrvH5aKp7:18000000000000000000:OKDOT:CHECKMYTH
1417WJLzwXCnWHYnDtcri7ecJEHGwTtSnBR9RY5i2SgjUMnX:18000000000000000000:OKDOT:CHECKMYTH
126cMHxbaG7TeSgBox1qHveV84kXw9zTX7gRqAYyfJpJrXi3:18000000000000000000:OKDOT:CHECKMYTH
12doqTu7C71wv4j47SmsKutrtV8CHaCRdGH97Bt9q8Yqgzkk:18000000000000000000:OKDOT:CHECKMYTH
15FeJMzihuFGbHbzAJRqPW3GXbdHGYxCMFS8KtFc31zQsfWV:18000000000000000000:OKDOT:CHECKMYTH
14zPGBVg6XXvNE52X87tMz6UZNZnwHDMY9LzBPF9c1EujNNY:18000000000000000000:OKDOT:CHECKMYTH
1sYJttbfnbXPc97wWhakN37Nm4z8mmR5cvqfmNstXoMisG2:18000000000000000000:OKDOT:CHECKMYTH
145akuYifrtKNynvmhNLkojeaEjuDdao9XWyckXnGLhq6ruQ:18000000000000000000:OKDOT:CHECKMYTH
126q4JY2ur3mFFCf3ESAUhfWBmjkXwmrYwQ1uwj26mTn1fMc:18000000000000000000:OKDOT:CHECKMYTH
12GepeUzTXTnWpEFXHPDHd6qn7TEg76sXgnhdvvGmTyBrCi9:18000000000000000000:OKDOT:CHECKMYTH
16cEfZqLVtL2sZnAyjJSnU93Brkq4XuWRWPo8jKsqHLy3BZr:18000000000000000000:OKDOT:CHECKMYTH
14zxmfTbaiLx5DnK1jWhUphQ5nedWnu4QmGh1tsXZiL7hAjp:18000000000000000000:OKDOT:CHECKMYTH
1UG2yhqwUGJT6V2KVoErG5UajPaKUmc3RYCojRDdNoSdncf:18000000000000000000:OKDOT:CHECKMYTH
14bSqYFXEF7gGULzSEymLagRuk6Fq8VXoSV2bmYTxocyLjJ2:18000000000000000000:OKDOT:CHECKMYTH
12ByQV3DEjehE8GJamPwGgV3x1pPBbbftvj1qgeznDGSE4cN:18000000000000000000:OKDOT:CHECKMYTH
12gRnSD6eB7k5pgwzHanP2w5nJ4m6HH3D44bqv4P8SAJ4fi2:18000000000000000000:OKDOT:CHECKMYTH
15qm2QDSpFVYdpfR1LX1MMYhDMW9YPqH5fU17AVgAezhu5pV:18000000000000000000:OKDOT:CHECKMYTH
1553aVxt7rjm2TjH8YQfb3S3f2ZD7Amfp6z64MdYCe6vAkBr:18000000000000000000:OKDOT:CHECKMYTH
1UJ1E4eC3REkeiXyiHFGTfnyCZFAJb9BS5NjnajCNeeVgPQ:18000000000000000000:OKDOT:CHECKMYTH
14dAzXLyNf6hesqeRjEhUTqrF8y5aJDV7DPke4FBijscePqp:18000000000000000000:OKDOT:CHECKMYTH
16KoGhk73bCyjjuH3XQ8fsKqkny3jk6h3vEMy9W6SiTixc8:18000000000000000000:OKDOT:CHECKMYTH
12H2mXBWpzwjoyEZu2g2ZoDtndEpV33HSBaYhqUGnYvjmexQ:18000000000000000000:OKDOT:CHECKMYTH
14YcNGBdiqXRtb5dP2Z6tSZQYSjpyAizazntFFhypSYk3gfY:18000000000000000000:OKDOT:CHECKMYTH
155pkrv7BMtsqoGGn69onZk6E3FrehcmVkxPuXgqHQtsFQBR:18000000000000000000:OKDOT:CHECKMYTH
1VzbVKqLt9p9D2JM4BK3Y9miRWZPixbbHznm7aodzK5LipN:18000000000000000000:OKDOT:CHECKMYTH
14dcaivgQjR8kiq5No9wc5Nqm1ccEytGWSKZ4i5otwhVbb1J:18000000000000000000:OKDOT:CHECKMYTH
12EUKYov152PMACuwwJaHAFwayiYyUa8FqV1BqD1qy6u3BC8:18000000000000000000:OKDOT:CHECKMYTH
12H98Qz6CK9juhfBvvoQWPv7rY43V9tyMR6ZCSt4UgZZSZ2w:18000000000000000000:OKDOT:CHECKMYTH
13Vvr2rnmY8igTu8vPNYivmiHW4RHt2wsrn1wGrcwewCEVep:18000000000000000000:OKDOT:CHECKMYTH
155Ut5dFr4PbVixyVPG4NbvcVCHMGsQkC1gHgMiZjtGJE7DR:18000000000000000000:OKDOT:CHECKMYTH
1Wm5u4Z3tG8gC1q9Tzb3qM3p5FaxCUKg3J6fTBKsLya383z:18000000000000000000:OKDOT:CHECKMYTH
14dF2eavT6yytDbWK8AXEi8ZatxYJJW1k3NEkezNvavoEYCo:18000000000000000000:OKDOT:CHECKMYTH
12HJSY6LVLCuZYhKxJHFRHP8rSHTA1oRhqT7wwKiXoCU4zRr:18000000000000000000:OKDOT:CHECKMYTH
12H9Q1B8VRxE1y3q8xEfShGPf4N5pxaDg6cTdo8Wkpzgw9qk:18000000000000000000:OKDOT:CHECKMYTH
13VvdrqUGSGSKACxAAuKdfNnK4R8gqcYGpaYLCP4wqS4ejwL:18000000000000000000:OKDOT:CHECKMYTH
1561auxniqsRQ8UdbxCeHqydX9EQPMPSyruRnv6RYZEA4veT:18000000000000000000:OKDOT:CHECKMYTH
1WnEmwBWjSRahuy6oMZ6t5kvkYEGQYXPzcT5yRjxyvZfRUZ:18000000000000000000:OKDOT:CHECKMYTH
14djK1QJXNf6VDQTgnAjx2kYem7WDAGyMXc3NvP6PUTS2Mp5:18000000000000000000:OKDOT:CHECKMYTH
12HLQGheAsb3R2LpyaQbXtZnw3jhT5sERVzRP69wyZYxxm4b:18000000000000000000:OKDOT:CHECKMYTH
12Hee5XDWLD67XBW4BN5K9mzGVmXgxEjyKQe2pRNCnve7woi:18000000000000000000:OKDOT:CHECKMYTH
15uQ4Dw2kbX4K5h6kEfYUhsEpmoRPmAXDcTXuJgJBpPQesnw:18000000000000000000:OKDOT:CHECKMYTH
158NExLqAEZYfzddkcdsCe8DmaEDu2jrbQH1EoEVLMtiL351:18000000000000000000:OKDOT:CHECKMYTH
1ZAx1unUTNjHZVtvVzFpjNmqru8xTLTPewiUBMck6L4LM2a:18000000000000000000:OKDOT:CHECKMYTH
14fjm64zxZWwqfseAUB6X4czdgADBV5aMLL2SVrexgY5YajD:18000000000000000000:OKDOT:CHECKMYTH
12HV3nz8mvF9SQg5Gzutk7vNzKyEkCS3oKHq6NrVFS1eVMsi:18000000000000000000:OKDOT:CHECKMYTH
12j2hqvCJ3cmXDW8cdoxLrBtnaDYwrkpk1KVxcRTAf9EbVxw:18000000000000000000:OKDOT:CHECKMYTH
14FxtK5vNFUZpTig3Sb2jn83d79NzaK9AZGbHcrSSBLEHuco:18000000000000000000:OKDOT:CHECKMYTH
15aXiZqQesRpW8wwChnZ1LyeirqgRSNKURG2ucn2djxXFYfD:18000000000000000000:OKDOT:CHECKMYTH
1ZCERm9fUfpTd4F5RfA7yMSqufLT88BDCW9EGbD9SFAUsnt:18000000000000000000:OKDOT:CHECKMYTH
14FwTdCfjMbdNwt8RPjmj61XdhbJYm7GskesSZAqyXMzHy3q:18000000000000000000:OKDOT:CHECKMYTH
12j3UTPHtiTqbsshnoFoPSxetgn3Nx97QgXBrFQMscBQQcUY:18000000000000000000:OKDOT:CHECKMYTH
12j5TyUZbW1ThFsj9jGBBMcvWkFzAodnyZGSRct1ZBBPJAGg:18000000000000000000:OKDOT:CHECKMYTH
13NCkW1WMRaatt4nQQqQFGS5g1odukLmmJ3N6ELN2Hf18y3y:18000000000000000000:OKDOT:CHECKMYTH
15b7qgV5kAS1GmYBpaGqwNEqCbxxsFLiCtCWhtvLYH4G6rXE:18000000000000000000:OKDOT:CHECKMYTH
1zuqPbsrsxuu9EB9Gq25kRXd7gAVFubYu3xQsJ8inp8BAp4:18000000000000000000:OKDOT:CHECKMYTH
14iACHUggbcMr8nzQ5Yso8kMHsf7LvC1j9aR1b8XFEJ2J63A:18000000000000000000:OKDOT:CHECKMYTH
12mNe5NvUoiQSbuukrG35JH5s5uCdPiiFh9Q2YYEwzNAPQkP:18000000000000000000:OKDOT:CHECKMYTH
12KPHaay5mL2opRMRbzyhqxCdSoYHpnYCuCdKddSKYoVneMb:18000000000000000000:OKDOT:CHECKMYTH
15foQfJihD6EcJ3xmoEP19PMjC3VxBkfRX3MXfdbDitoeiXS:18000000000000000000:OKDOT:CHECKMYTH
15BEh2sYpaPYtnrCkQFkQmWdD8d4JtAsE9VoWGWXv1b2oUsP:18000000000000000000:OKDOT:CHECKMYTH
11FgnBoCQzkJPkbrRyQHLDDp6ktqHyGiciUTpU29PNgmPLU:18000000000000000000:OKDOT:CHECKMYTH
14ijTxyXVKoYFCvT8gveCYP1ANM8gUk7znURT1NwcxHXmrXx:18000000000000000000:OKDOT:CHECKMYTH
12Mp1iapP3vZ5sj2MNZ3EMMnqHsJoEspMRUp5TEy5M1toQs3:18000000000000000000:OKDOT:CHECKMYTH
12L54kC1mbaNYCgsr8RxSw9hmsVs8tRPTrpCsYfMMHgj4y56:18000000000000000000:OKDOT:CHECKMYTH
13gddPjfT3LoS2HXUZ6VRs7xU8Fj8FVizcyu475XavjGhPZK:18000000000000000000:OKDOT:CHECKMYTH
15ddfBwzarBR86zrXTwcEXc6FDCjzP7XHRTd1Jx8XThRbLen:18000000000000000000:OKDOT:CHECKMYTH
121PRtvm54MS8aPA63BHimbEpTWLHH3QeiqUj4HfQMWjfEsw:18000000000000000000:OKDOT:CHECKMYTH
14izRHhmqVW7BqtoU5XbqkH227gBv1t5md6ESt7f4D4h7RzM:18000000000000000000:OKDOT:CHECKMYTH
12n3sNmjfycRs4cs97c47sUWWE17CvGvuT1PNADV3f7UZzJK:18000000000000000000:OKDOT:CHECKMYTH
12mhAspryhZSqNXvD4nSwQ9RGagAQic1xud8jAors9SCQuKy:18000000000000000000:OKDOT:CHECKMYTH
14DqM7GigaNyh6JNDYqKGvC6Ko8pKsKKWT3WSdJDQ4tV4pfW:18000000000000000000:OKDOT:CHECKMYTH
15DKNnNAZBzw2bk1eKyCddYHyTAE9Ya4AnYT7L1n563rYNuP:18000000000000000000:OKDOT:CHECKMYTH
123o3tAf5jQSU6mZS8eeuC4wXV22XY2L7H5A5YQwjrnuqBEr:18000000000000000000:OKDOT:CHECKMYTH
14jAFPcV6P4YL7UiReSW6tByUeEz9pNJ1YJy147r6VPbiW6G:18000000000000000000:OKDOT:CHECKMYTH
12q1MXVZwbEgCaFCDUKEpzQ7RcZCGbKUNsGrZwwjrGwbvd4Q:18000000000000000000:OKDOT:CHECKMYTH
12nAAQyWCDH4S1gMdhaYazz874mVaKQyYppwCcgRS3aVMesM:18000000000000000000:OKDOT:CHECKMYTH
16f4pNhsEUdcTE37BgXf9UfGkNZi6YUKjeMn5dEm6x7VpbMr:18000000000000000000:OKDOT:CHECKMYTH
15FkWhPV1aRYEvpwP6e5gb8jviEwB7NWnYhMbZGVpJqHGfQt:18000000000000000000:OKDOT:CHECKMYTH
123q5LohqmsfXAuJJPmenVeoUaWTvQkpmLtq9Ny6Py2AM4Yb:18000000000000000000:OKDOT:CHECKMYTH
14KcKuKddxrnPCVGtuounHY62PkVu8r61pGYAuPeYKokLdk2:18000000000000000000:OKDOT:CHECKMYTH
12R2T2UYVjPNkYj8hsUSRhkKfdS45HAA6cwnnrf3BiNnjVd9:18000000000000000000:OKDOT:CHECKMYTH
12NiHPsVFmvCMRTUJS4mVDeHDxVWeVdBChS7eyjDDTsLY9YF:18000000000000000000:OKDOT:CHECKMYTH
16FDVG664dZ937dHCWCesFcAKBuhAj38poUJVCEWJMa8bpFk:18000000000000000000:OKDOT:CHECKMYTH
15fRvoaqruR1AXW6rzbaWfVNtYEEtugJc44tKqLwrYoH3jZX:18000000000000000000:OKDOT:CHECKMYTH
123rfTzHmwmwM9JUL3pUesYCqJ9zHd2iL5b8fMXwVZnUoRZh:18000000000000000000:OKDOT:CHECKMYTH
14KcQz1nL7VdYLSVKBg7CWGbaf5pEGJe4a3DsWScxZVnhBHS:18000000000000000000:OKDOT:CHECKMYTH
12RBq86kmqbHeHzV6MBEi7gKMpgHBc866FsJFhiK3Yamyu2a:18000000000000000000:OKDOT:CHECKMYTH
12NkSM8wrZtJpSwXn3bMm34a2gHmdDG2Kqah4Tp8xzSPZ2RV:18000000000000000000:OKDOT:CHECKMYTH
16G1QcbJbsAFscAA2Tzs4hobYYC1SAWyA9QAZf6rpkjJdnkL:18000000000000000000:OKDOT:CHECKMYTH
15gEMLMMpyxmCvFcLD1oCkb4RBZ6x7cRe7gZQaXdiRRjsb48:18000000000000000000:OKDOT:CHECKMYTH
1243wbagtW7dcvSBkVJdBd7spuTyGbwQh7KUnUQBMvXWj3QH:18000000000000000000:OKDOT:CHECKMYTH
14KgGJtsDtLpMvHijLRo8dq55oV8t7Fc96vjJDJDwYUToGuL:18000000000000000000:OKDOT:CHECKMYTH
12UBrrZ7FMwDT2GNkas4ijthgLh7rngeG7GZc6WbBuASRSFK:18000000000000000000:OKDOT:CHECKMYTH
12nS8jJ3uRTyRHuzAdRzQdskVPRHobD9NT7NyDLSdTvNox9m:18000000000000000000:OKDOT:CHECKMYTH
16J2caQkdyrjBvpNBFwdZJS1x5EJmvUFSvtTnDL6uKYSV3Qg:18000000000000000000:OKDOT:CHECKMYTH
15igXZSH9heHhwB4NGyu8BbhPeKu2gNTTQ3SqrqMLTKhyTpT:18000000000000000000:OKDOT:CHECKMYTH
126d2giz2j7aBTutjGGKZYN2aNrYzhkAwSXHAm7FcfTjeQwx:18000000000000000000:OKDOT:CHECKMYTH
14p7dDWGuogYvqVY1n431TkgNSj6Q611gLCrJQ9crosGCJqx:18000000000000000000:OKDOT:CHECKMYTH
12uS37GfujYXPvAagXxUqAV4KS3H5aFHS1Ks8J7aNcAhLoiE:18000000000000000000:OKDOT:CHECKMYTH
12p5XMUjANAb1GLjmMSLScwjYX9C2qVhW92SbjxeeSHFNkEu:18000000000000000000:OKDOT:CHECKMYTH
16J7pWEN7x53fyrkLWGEPuKbsaqrMGGDTPjf1gxVGE9BDxLi:18000000000000000000:OKDOT:CHECKMYTH
15iv7GJ1UL7Qs2LV33Ko69DbHmB5n1goNiGZNUzsq6VwvgdW:18000000000000000000:OKDOT:CHECKMYTH
1273QXL518mH3QpdANTSwCTD4yjCWS8cHCXbVF6XDm8J5Xbr:18000000000000000000:OKDOT:CHECKMYTH
14QmiEeGocr69R4UL3oceJCeJLFSsX44xSkN1rHk1HFnUb8N:18000000000000000000:OKDOT:CHECKMYTH
12vNjZypcjG7yQTRUmAXQQ9V3wPs1n5V3kE1YcgdpxhPrc77:18000000000000000000:OKDOT:CHECKMYTH
12qBdjdAAdRXcpZgL3i2FsZHcsJUUkvegwBUkymCaJHuvBd9:18000000000000000000:OKDOT:CHECKMYTH
16JRfc3SBHyz444DZR8DD6ej7jFmDAMQCBjHaaHvPh1Mie3H:18000000000000000000:OKDOT:CHECKMYTH
15M8PNmBEPq4QPiT4eNSnntGss9AAQrimZMrCVM8Fc5tWd2p:18000000000000000000:OKDOT:CHECKMYTH
129QNvnVDG91SxW7PoPkdLz2dyR8xUemLLJVnANqYGa5oMqz:18000000000000000000:OKDOT:CHECKMYTH
14QNNmdi9FAP2NVwVzvBGyZpGQ1TQKaAuxsh8J7q57NVZgGG:18000000000000000000:OKDOT:CHECKMYTH
12VnN8dMDoQ9YhxVhveJizMwM7nw8j5v2RYarXq7mnEWZEyv:18000000000000000000:OKDOT:CHECKMYTH
12R4AU5tPz4R4xgZ486pxnUZABaoKpSv9mVcvHDQyThBYGnm:18000000000000000000:OKDOT:CHECKMYTH
16JrrHXBoqph3CKYnzq3JwF8ghVkg7Pvtp6W5bpz47vasNch:18000000000000000000:OKDOT:CHECKMYTH
15MjLgTF3MmriDh2dsQFNq7u1omUHUf4bWXMCSq6ruFcqw2J:18000000000000000000:OKDOT:CHECKMYTH
12b48qSytRKFAuydwXHZJDCcpJ7qiLQf6SbAeV92esL8G7pR:18000000000000000000:OKDOT:CHECKMYTH
14QnVWgU6rW2Vv9LZ59pR6JGRfEz5XYdLYr4Jd9cC3qQqQLZ:18000000000000000000:OKDOT:CHECKMYTH
12vSAyASa382uagZRgmxzaa9L179QvCYCkfEZmniQUikF8eD:18000000000000000000:OKDOT:CHECKMYTH
12rZj8PJKbet2UtNqkqXx5VmjuaJ2roVxEhTHWJVc75FDkMH:18000000000000000000:OKDOT:CHECKMYTH
16Mdd8WbsSNKSVwCnzqrs1KonfzfLrVaopNmFe6WHR3d8MXB:18000000000000000000:OKDOT:CHECKMYTH
15Pbdzfhmascodc23SNBw1H6sNp6Sp4MSLgSmM3mvrF5rbtG:18000000000000000000:OKDOT:CHECKMYTH
12CGVK5QtLuAURcczjUjCxsNSw7RFoD4Ncpeg5AhbLKhPh6a:18000000000000000000:OKDOT:CHECKMYTH
14VeBxr2MrUCsD6REVUYdKyeTTQ6S4LGM2urPHQdN17vpPod:18000000000000000000:OKDOT:CHECKMYTH
12W3ibYHE5J3DqpPJPWAJ36fvTKJfMcAYXA1pGoyUHRF7dZv:18000000000000000000:OKDOT:CHECKMYTH
12TBsvqbo4LfxArFYimJPzRDR5iRbhguKHr65D3PZC8g4C5e:18000000000000000000:OKDOT:CHECKMYTH
16PENPLVQbAd7J7YzLsodDGmTHnCSLpaPr3ienWtiQPHTXJY:18000000000000000000:OKDOT:CHECKMYTH
15PdMQjzgr4g7doE3H9CkyND1hFuHCnvXQyq4LVe3bjRgbqD:18000000000000000000:OKDOT:CHECKMYTH
12dgmhdswJKnmRJwhzLoq9Uq1q9eXqaq4vTZ4d3cYbBAw9t3:18000000000000000000:OKDOT:CHECKMYTH
14wbsNUPzYQVwydSTQxxwibCe3aBuJkak3558hd1j8foMMW7:18000000000000000000:OKDOT:CHECKMYTH
12WELqHmdtr477HQLQAoWUjteqswKgVpkeo6sSunPE57mqbV:18000000000000000000:OKDOT:CHECKMYTH
12Tn229BGZied2jHFgXchZZzK2r2XVA8EV5fHgkNDdW7icjL:18000000000000000000:OKDOT:CHECKMYTH
16PFnzWHBPsCEzPZwczJZheyvPyfTGjEKLHqjVx1pEnC2p4z:18000000000000000000:OKDOT:CHECKMYTH
15Pi48RhyHhqPXGuc6XdUKquHsHvTPCqb7W89G1V4MzKx5Ys:18000000000000000000:OKDOT:CHECKMYTH
12EUV2VK3a4MzT1BF7bCedRx92oBtnbMHxYGHGdRHHs5nTEa:18000000000000000000:OKDOT:CHECKMYTH
153EXocxJgP5oqtmsAZPx8uQKnPUZf8mGXKNrTU34kQ2etGv:18000000000000000000:OKDOT:CHECKMYTH
12wpjmm68umYomrnNpUDYUeoW4F7i9RmxAzXMQB4q1Hx7AYL:18000000000000000000:OKDOT:CHECKMYTH
12TQNPBBD9xuBi5fTQTeQio19KRy3ZgV9A4UUATyXLBuoxYT:18000000000000000000:OKDOT:CHECKMYTH
16QFqxqjVnCp1EFd77R5zLQEPTPURmQwTd3VHUta12hfR3v9:18000000000000000000:OKDOT:CHECKMYTH
15PnNUqPC3yszEk9jkkfGrJa6G8jF1ugzPLfqLPocWVeALoE:18000000000000000000:OKDOT:CHECKMYTH
12Ew2mY1GiTTckCfPsZh4r4kCJV7uD4Lrm1rzo8JdcMtbwfM:18000000000000000000:OKDOT:CHECKMYTH
157utTiJiekWJT3D3wBSJU3Be4fCiSUn6rYWGLmquAFRoJSF:18000000000000000000:OKDOT:CHECKMYTH
12WYBuwpDHviC8skyuaSx1EQvuyCNZ62Mrvgc3kzcTZSz9D9:18000000000000000000:OKDOT:CHECKMYTH
12U3Yas58zdcGgFd4QQBKtrvCgtLpJxnzs3oS25DsqPqQrSE:18000000000000000000:OKDOT:CHECKMYTH
16SBrzsJShFaKYQu8WYEyjYi4npt972piALenoebWQy1UWL4:18000000000000000000:OKDOT:CHECKMYTH
15QL82d9sdiqqCFgEEDsxegvhdPRbV4TUHuSDUfqbxxr2xMc:18000000000000000000:OKDOT:CHECKMYTH
12g3opniUVFJYRBG4NB5AJeZcsxBmbCrxtbGS9xg81yUQgMg:18000000000000000000:OKDOT:CHECKMYTH
158YpnXjQ7EGZScHMNzoqYKcpPEjZnk1cxVJv4B8Zeq4A93i:18000000000000000000:OKDOT:CHECKMYTH
12x3raKQmhwPdoaXyh8gZX2XUtDLvvbnXaqtkLHjQjV2LEE6:18000000000000000000:OKDOT:CHECKMYTH
12uLeXyzWFojenFNgyZA8edBu4Cv1Mjej4L94f9VJvdy2zxa:18000000000000000000:OKDOT:CHECKMYTH
16UctroXtLpWkMLYFLe35dpj6cRjhAZ8t7oLAvPzUssssNv4:18000000000000000000:OKDOT:CHECKMYTH
15QQwv7wNSqRKKip4EzY8hBysQsuK6pmcUzWDzdY8CkoAJA5:18000000000000000000:OKDOT:CHECKMYTH
12HbPXJxsbVvN5QUeYLgb1dXcQYN6UbfxQgzkFEro4Uv4VYq:18000000000000000000:OKDOT:CHECKMYTH
15a2jG6MF2i1f2mNVd7t8n7WPoJu7GvSi7QAjRQPBp1tKUFT:18000000000000000000:OKDOT:CHECKMYTH
12xBjU69aVayyy3NE6YLeUfe3XeBgLF8mbir2a9FUaJDM5kw:18000000000000000000:OKDOT:CHECKMYTH
12uMfvVQrrNbqzbN5y8kSTyodaGo7fXJpqb6JGgXVfmrZv8p:18000000000000000000:OKDOT:CHECKMYTH
16UtkNumUbz5n28aB4JumkPULPUtVjoGwMfenzfao3C2bCVH:18000000000000000000:OKDOT:CHECKMYTH
15rbtcXEMBfWPHPnqNgJjCS9vxdvQZcLfA8DpHCsnW44CaN8:18000000000000000000:OKDOT:CHECKMYTH
12HECbqoXVdehLsdbVBhbUX7zraRVgvFPvnCY9neKtXv3C9f:18000000000000000000:OKDOT:CHECKMYTH
15AxqeNCtnTuEJeqbondoGdH9zxS8p9niTnzDRQCQKUp7nh6:18000000000000000000:OKDOT:CHECKMYTH
12xGznBKctH2s4RZ9cSosaVCoW5SsXGgDR2cxnV5BvRaKLwb:18000000000000000000:OKDOT:CHECKMYTH
12wmaUfVr5SvJB4X76byc4qA1nT6FWweCWUYcgnNjPc4P72n:18000000000000000000:OKDOT:CHECKMYTH
173vsTUcbEF9eNqC6xpKMEJUorgVRKcjVBwg1SNjMF1Jc1i:18000000000000000000:OKDOT:CHECKMYTH
15rQHVoX95gwGE8W8ycLtQZWP6cNYaXvEGEBnUCUQmwmuyGN:18000000000000000000:OKDOT:CHECKMYTH
12KPbVohYVNFrZdi6KVk6NuREgEGyThHZuhf6tnSSa8oYyEa:18000000000000000000:OKDOT:CHECKMYTH
15AynBDGo6xNaMRG1xFfWpBsUmxBKrFeE4ZX7EkpNke6TMUb:18000000000000000000:OKDOT:CHECKMYTH
12xUZcgUfhcxo3KToT3WgVNJsa5X6RvWmVsgpT6SFexzHD9f:18000000000000000000:OKDOT:CHECKMYTH
12wzeS63Y6T5anKhE7EM6HNoV9c8kQS4tFWCcboLXvoA69B1:18000000000000000000:OKDOT:CHECKMYTH
19aH3mEp9Nj5qw4yDidQVFKDsL3oN336LKHM6rPZkEG2dqt:18000000000000000000:OKDOT:CHECKMYTH
15rrPsmy9VndNZFSwqVXQ7W8sCkzgB9zC87TbYYRFwsmAZ1c:18000000000000000000:OKDOT:CHECKMYTH
12mrZhNNzoXFCiKV42WSB2DvXqNuneoeCeTmALCN8sFPgdqV:18000000000000000000:OKDOT:CHECKMYTH
15cjcviLw91qojgAnegBguL8nbGHntSgodaXqrW92Qto8t8K:18000000000000000000:OKDOT:CHECKMYTH
16JAMw5h2xG7RXZYAoazoiRxSi2oXtB8jHVyCKnmKFtNKbLw:18000000000000000000:OKDOT:CHECKMYTH
13NCLd3foNpsv1huPDzvvfyKh37NEEkGFotZnP52CTR98YFJ:236000000000000000000:OKDOT:CHECKMYTH
