16cohrogaWswF6FpjBGKPifa1wh1MH5GHkT9Ho3QUuSCsknL:18000000000000000000:OKDOT:OKMYTH
152npuy7QadXFDQMxQ8qKd76jTfmZGHtJX1gjzAkrv19siU8:18000000000000000000:OKDOT:OKMYTH
1nXiqFu25jUFoP3764bFXg5TMV3Eu2NKWxgTL9nQ5a4fiCH:18000000000000000000:OKDOT:OKMYTH
13jRaQ3uYZFve75KnUWjFQLStZSWXSfK7sjb3gU9b83V7p8H:18000000000000000000:OKDOT:OKMYTH
14Vg9VZonzWsvp6ujNDMcT9ZaRw79FrAjjiVUb9gRuCTeFJ9:18000000000000000000:OKDOT:OKMYTH
135qmGK8CiRyPM8HF96Ka1Vykt1GtDUKPM9o5PasjD1RZfG9:18000000000000000000:OKDOT:OKMYTH
16BFuBdr8epBfXUNsAdCb27kfg3PScFDFQJdU53QchxNKDm6:18000000000000000000:OKDOT:OKMYTH
1535QbTvgzDgRmUN33hDfbrxYFaueisymhExUeTQzXCtMP8s:18000000000000000000:OKDOT:OKMYTH
1pLioA5333MqofGv71j44VGf9Jry72HhAmuQ8ucfYWiDgrs:18000000000000000000:OKDOT:OKMYTH
13izkLXpB3eYB75AsbzXs2CsbVkzUZzH4vmWHUtGWmzYRCut:18000000000000000000:OKDOT:OKMYTH
14VndMHL5ra5xBhR6EW9hmp13KJqKtvhBPvmHQC8w7zDJF9v:18000000000000000000:OKDOT:OKMYTH
1396WmRnA3KKbzBjGFxd3z4E6roBeLvEQerdYamsbWy4YzSm:18000000000000000000:OKDOT:OKMYTH
16BFgv8H2ajKrFipDdQvUMYuQyufw1bJ118LpTDLrUPdeJb1:18000000000000000000:OKDOT:OKMYTH
155v5pQsiDk28girZKEYppGft948V7TDwFL3VhGYQGvCuF2s:18000000000000000000:OKDOT:OKMYTH
1pV8XkbkBtC3MWPhvRk3mRRf8V16RBTG4iSDUSxuyQuuwaj:18000000000000000000:OKDOT:OKMYTH
13GPATwpAXZr2WNtpZF23g6HeNWPj1LwLkUBS6ZrQfriL8G8:18000000000000000000:OKDOT:OKMYTH
14wKruQQVxer6vt7eymi7vwpaXzBMg3219Yh7AcoL9WrvW2S:18000000000000000000:OKDOT:OKMYTH
13BtzHF6s1MtAxGchY7SFXNZX9n2AMD7AS9hiAB4gp75pU3s:18000000000000000000:OKDOT:OKMYTH
16B6NFQF3LBx6yLEGn9g45KJqZCHB2yAH9kdrdVGJxNKWfx4:18000000000000000000:OKDOT:OKMYTH
15a6dxing9TizojogbwWRkJw82bodPFowMgdQVMDyovUajoa:18000000000000000000:OKDOT:OKMYTH
1pYfR6oZSAxj8FCo3L6gSisSKymo1duicdGSAWo9jsABsK3:18000000000000000000:OKDOT:OKMYTH
13EGtSJKHjCTArV1UDhN5wDg62n3T1vEQoNJ9BgfQsSkvqxY:18000000000000000000:OKDOT:OKMYTH
14wPXwcHGG3YZDPp4K2BY4iqAJvPgdfUVqVPLfmxi53nfdvT:18000000000000000000:OKDOT:OKMYTH
13dDf86Kv2tSyaW3mXDM7HtmUJ43UjbS8LP6aX9mHZjksMCh:18000000000000000000:OKDOT:OKMYTH
14YgJ2RSwCc1HtPxnY9S5G7NnCPrs7cqsT8fxQJHW4uxyTNK:18000000000000000000:OKDOT:OKMYTH
15BAY6xZzqV21WL8aiQSEyLs5k4FdmPepEidVxm9tV4WAvUG:18000000000000000000:OKDOT:OKMYTH
1Qe2GAY7tqNuaztR1tZgCrSuBjrvbTPcBfrSthTdKcV3zfM:18000000000000000000:OKDOT:OKMYTH
13e5XNcPmv9SFRkKY2oZ78RS1VjPrW5qeBeVjQpsHiVNp2yZ:18000000000000000000:OKDOT:OKMYTH
14wYLKqWA23zMcGjjsxJK3x2LudQ7c7C4u9U7sCXpJ4rfyPa:18000000000000000000:OKDOT:OKMYTH
13EoKWzsvVAiH3ojW4yygFetkcPubNehNbzhhsygoYkVEZyd:18000000000000000000:OKDOT:OKMYTH
136wBfC6mRnHzTrayDtaDoJuGNpPK6H18yqvweqM1GWDRzCY:18000000000000000000:OKDOT:OKMYTH
15dcXd2FfF4d5HPP2Mv1VsWxMVmWSc7UkerozVJLRgYjmhgK:18000000000000000000:OKDOT:OKMYTH
1t3EuGZeMrgmpxJmSY71gRdyPUsXihUx9fn7TUysyA1ThvF:18000000000000000000:OKDOT:OKMYTH
13dyCUxeDGktqdCwaxH6DqtSJv9oiFzc9DEgHPND8X36w7NC:18000000000000000000:OKDOT:OKMYTH
14z5z8qrh4NmCfbhofYC1KFYYJ4pDAK1HBnEvkt3QH4hKemU:18000000000000000000:OKDOT:OKMYTH
13gadVQ6CUjJbotgPjV8Zfhvzvti9c2PzKkscgf6ytMAtd2T:18000000000000000000:OKDOT:OKMYTH
14DVWhPaat3RAxBESj1GNDsbt8PLffiTQ3nfDLXGH44oYYMu:18000000000000000000:OKDOT:OKMYTH
15DWLMwsEmXbeqGM7ooUs2etKsd77gDp3Czp39Q67vyTvQ9t:18000000000000000000:OKDOT:OKMYTH
1TWeng9MeoCkFkN3p8mFxhJhusw7Q9in9q7obmbU2jkGj2F:18000000000000000000:OKDOT:OKMYTH
13BJTQ7hzCjgVzUMXxffWR7ceKQMcAaeDAE1xM8Mt4HdMNKU:18000000000000000000:OKDOT:OKMYTH
16PB82T1FrLiQFpegy1uGvhjgj6MKEBYMaMdWc2Afd6CH59X:18000000000000000000:OKDOT:OKMYTH
13gFVPG6c9Y2W4S13Vo2bYmN6oajvFbSwibeFmbxu5hCUma2:18000000000000000000:OKDOT:OKMYTH
16YBoZrxmJQifRDcnvPLZeyatK8S1Yx29CPTwmaLNDw73VGi:18000000000000000000:OKDOT:OKMYTH
15FvnJ9LeVh7XqJq5sMNpcmB8SnCiT3rmjePh1DSdvhzvL4Z:18000000000000000000:OKDOT:OKMYTH
1WQixUxQBPgKPq3fsEiZbinpCc9BshMYZgUtMtKx3v5bUsP:18000000000000000000:OKDOT:OKMYTH
133ZvJai6zhyJc9BwC6kNxaDaa9H6mtQRzGCVdCKA8WxKQzJ:18000000000000000000:OKDOT:OKMYTH
16LpsH8hvJUprHkyih4dxmTKMz95cnjG6KqcoALuLgtrf6jr:18000000000000000000:OKDOT:OKMYTH
13GhUKktaNKteX5tbMQ9dufDY9MxrvHECEhXi1t8MJX7RHpR:18000000000000000000:OKDOT:OKMYTH
148zBSqbX93WUNG88noR7qJkk3pX5fLQpdCVmEEQnevQ5Yqv:18000000000000000000:OKDOT:OKMYTH
15Fxidd5ZwvH5WEDMshESGjqavEeYMZjFxYBHqCktbYaKtYf:18000000000000000000:OKDOT:OKMYTH
1xTUzsWFDjJSJmFcvsyvcgRLtLj3L6jETUzrY4Tdwbe8Xfc:18000000000000000000:OKDOT:OKMYTH
133eCW6LVjKseiwCMtspUWhUXwuCdNsh4wvdVKMG2EV17y3B:18000000000000000000:OKDOT:OKMYTH
16kvEDvyF2MTJaw8EUkbojDXcCBLVdTyW7xbTDvXJYoF4A8p:18000000000000000000:OKDOT:OKMYTH
13GmdzzmE6uPghigP4pjEBUT9Bi1FnHRaVhhnx7pvJMSnbb4:18000000000000000000:OKDOT:OKMYTH
1NfZp6NvCYj4zrSU4z86xajYCs7DCL5whtY3TLbaW917uL8:18000000000000000000:OKDOT:OKMYTH
15iL34c6DxZhUx8NT3RJLagoMM2G1yKbdDhFEXf5TxyL12wL:18000000000000000000:OKDOT:OKMYTH
1ZEP9vUue3A5BpQmLVAEMTs5LUhpnNJL6AP8DpkunTwnehd:18000000000000000000:OKDOT:OKMYTH
131GmxxHYLKsVK8NPmVq6tyHGgPfgnM2AjUnsJTcDpoxbqzZ:18000000000000000000:OKDOT:OKMYTH
16JHqJNkL9YpRbLE2t5Zz2W9MFRyT1PAHGJaff6sW8oscTSS:18000000000000000000:OKDOT:OKMYTH
13mkSWV95vF7BGn59EzHTH29i4vYyzCi3vcfgXHZZ51KR2jQ:18000000000000000000:OKDOT:OKMYTH
1n97454pDUL5q6d8JDkxBytWitGXnAyjUsvva4xJhNK4kx4:18000000000000000000:OKDOT:OKMYTH
15ioV2vnVJRC3AMKrvUT5pH744LZWjRC6V66MWe4NVypWiPP:18000000000000000000:OKDOT:OKMYTH
1ZEUwCPP3SyYHWnnisu9jQ4cWGGw7ea9EvnsHy2AYhdX6dB:18000000000000000000:OKDOT:OKMYTH
1ReSnTKbs2ePC5fGvTJwg3QWpouWZMa2CxqEipgR4YXdwhx:18000000000000000000:OKDOT:OKMYTH
16iK7Y2FJVBxjy4j5REyaHgmAssQ5cGd5PHYoWKTJHhT8kaG:18000000000000000000:OKDOT:OKMYTH
13mQPEHquw6ipqBZm3iB6eBY6Bj2x7fFAavCNaC1iYNTqdsS:18000000000000000000:OKDOT:OKMYTH
15aFgcvfvibxZamWnNW7SRNNdRFEVesR8Dax3g59c6SPMtAD:18000000000000000000:OKDOT:OKMYTH
15iXo5GmeKmniQdojmFUovNNswhEC5DhvqNwYBrWqCxDBSqL:18000000000000000000:OKDOT:OKMYTH
1zpGRt8tgLVYyWoVcB2twsnWoPzfmQs3mSdUiBGGW3i7LeR:18000000000000000000:OKDOT:OKMYTH
13VjvqxSsG6AaPLWzumx8ZD7pdsq9B6ALWrdgaiFzw24DPJE:18000000000000000000:OKDOT:OKMYTH
16iFjxgSYkbxcps32938suJa496E5ruTU6KqNjH67M6n8nXF:18000000000000000000:OKDOT:OKMYTH
13myFXMQXWEJ8iJyfkUMUu9JhDkF4SgWSWXvKx6XNWsWQHJj:18000000000000000000:OKDOT:OKMYTH
1uahvhr8cXr9Vw2CH4ixpSr4ZwuG8BfZsdmXEfUupgbMpVP:18000000000000000000:OKDOT:OKMYTH
15mL5o4zabNXNbBpskKaS3wAGJoaKvm9aKE3YfMVAinaWun3:18000000000000000000:OKDOT:OKMYTH
1212wzaEY12BMWkBwhR7cPuwNHJEaMUq1sX41HSZLPDDgoWt:18000000000000000000:OKDOT:OKMYTH
15rZchkFpeL1MJcZn7VXE2hjBFrZ9VH8P8Y5a8ssKqWockxD:18000000000000000000:OKDOT:OKMYTH
16hbHBiP3qJWhB3a4nqX6nLiRoLgqpX949x228WFRbECspFR:18000000000000000000:OKDOT:OKMYTH
13mYXsQw5UJ2MAy3FTkiUYYBG39rSvP2RXhEU1PCRzX6Yzz8:18000000000000000000:OKDOT:OKMYTH
16cG4U6smKxvndF1F7rbdiePY1jytHwiXcKhT6v6PmLAftWe:18000000000000000000:OKDOT:OKMYTH
15qbPsPsxTovnXSSPwR7ePgg9gg6FgSKsSq5KydaWRv2Fp6h:18000000000000000000:OKDOT:OKMYTH
129k4fY5dGi6aqn4GKdiSM7WcNfpGyzMYqMixfKeUjzs2Hxz:18000000000000000000:OKDOT:OKMYTH
1q5wH7W8Z8ZeQVFbbajEm9iS3561hucuSxgtot1GJz65pXF:18000000000000000000:OKDOT:OKMYTH
16fRuwPF4ye9gKwgmYbnUUU7LKyqMY563K7BLaGUtEKCvVHr:18000000000000000000:OKDOT:OKMYTH
13oxnYpBdpxwSmYFS5tiE9Gie6Sh3CStbBsPvTqEtrVDN2GZ:18000000000000000000:OKDOT:OKMYTH
16fV5B6ZHQXiLUwhVA73zCBB4uUoLGXD5aA87pW9kBxZczuy:18000000000000000000:OKDOT:OKMYTH
15SA3VrGcMjMofcHZbdqpWJpP1DXnT1gBex2zUboiRWKDuSq:18000000000000000000:OKDOT:OKMYTH
129UUi79WtvZPfHeuQEv2eBinbTgoj3rDTpwyLYtD2nDjv9g:18000000000000000000:OKDOT:OKMYTH
1NCjDc2C3NXUhsj3stLjx9jX7tteiMGuc4mtyjEQK5a621q:18000000000000000000:OKDOT:OKMYTH
16Fpx4JgBjBX43Yb8jQFLqVhrGbqdtsGqCm5HxrcRE8sVLrD:18000000000000000000:OKDOT:OKMYTH
13pVj39h14Z8oGg2WpPaTsVbMaCLC21cz7ayh6osVaUGhmTw:18000000000000000000:OKDOT:OKMYTH
13EnpD1i6VdKZTZgpVN4Ybap2MdWYdwBoFozfbfHApaXWMb8:18000000000000000000:OKDOT:OKMYTH
15SKYbvT98cV8sS8i9wusKF7fCN9HTmUW8U5v2L9vByoodoa:18000000000000000000:OKDOT:OKMYTH
12E59DUfvyhtRXjMq7q6SkffrFRPWSBDrNvnv6TNNzN34gk1:18000000000000000000:OKDOT:OKMYTH
14aQZkhsyx9QHwA114n4hAZE3ZyHktWKj5v8QZwtG7tfi4Sy:18000000000000000000:OKDOT:OKMYTH
16FMDKobJDwJkjDiuy28mDSfYww2CvETNwaCDYS2KVvitFif:18000000000000000000:OKDOT:OKMYTH
13TWkMVjFdVftFX7r8p1rn9TJJKk5ZLBnN152mkQ129Rpkdf:18000000000000000000:OKDOT:OKMYTH
1skvucZcvkfu8r6sYFqjycpDZ5bEML7QZRFcsXt4NDa3NRz:18000000000000000000:OKDOT:OKMYTH
15SUsWhoVfMo8reszTuFr9xon1cn3D4nVJfGwwqwKrqsU1YF:18000000000000000000:OKDOT:OKMYTH
12eGpNyQZiqozZVji7nn3N8ksdnmkJyrDXD6Lon44DMMoFXw:18000000000000000000:OKDOT:OKMYTH
165BiRbnEuvoaju3knUwa56AWUVuUbjZRPHuWvUwBFehmNPe:18000000000000000000:OKDOT:OKMYTH
16f7cMjyqK9frbR4fue9Z1YrbwwdKM7tExoWK2KL9YihcxJi:18000000000000000000:OKDOT:OKMYTH
13woXQcBQmxt8mmmNxu6qZTXP9898ZZQJ8gyUHwkpEqdssUC:18000000000000000000:OKDOT:OKMYTH
14Bqc9JQSdJbhmzBQNz8ipaDUu4ubbKPLpmnqPXswLugsEXw:18000000000000000000:OKDOT:OKMYTH
15T1WpK37PoPxaX6NhgcD5k8khYmCh9Z5pQw7ivtbGAL6xVu:18000000000000000000:OKDOT:OKMYTH
12EvcDtTzHt43DQEHJQeA7xJSTqUadh8qzPJ7Wg6GsbQb9jq:18000000000000000000:OKDOT:OKMYTH
13MatDWH5gALZGaRVg8hbS9mK4bGPNk1zmFduapX5W7zuoum:18000000000000000000:OKDOT:OKMYTH
16DXuAz6e2GETf79ZB9ZijMJHiUkMFyqu1hA5xr4XqsqYifm:18000000000000000000:OKDOT:OKMYTH
13xSGDJuFE4KFz7cynffXa7WsaVPokUNBtkjtRS2V2UspiKF:18000000000000000000:OKDOT:OKMYTH
12MkEkaPY3X8kQFVX8WCQGSppemdWhEAHjpi2pCmkNkSecpG:18000000000000000000:OKDOT:OKMYTH
15TBVT5TaK86PjnZVfCzkyUcFQtRHLPiHggpenPPa7dUwKZd:18000000000000000000:OKDOT:OKMYTH
12eVjq1Q11wzSMU3nSPDimpmxyAUCfC6mYokogFMT99eDnBS:18000000000000000000:OKDOT:OKMYTH
12zvTh7H3aw8oXUDQURS717guVsjiFV1wyFfri6FNf3KeYNr:18000000000000000000:OKDOT:OKMYTH
16d9wmCoMy94v9grbzRFTwWc1Unvk3LHLk8jYLFm6P1WpLbb:18000000000000000000:OKDOT:OKMYTH
13XwBYUgr3fA6fC9pCT4FdyCuEyBVc8uZeQLTh9UDEganq8J:18000000000000000000:OKDOT:OKMYTH
16LtRN5VUpSgav935ap6MNUhjY9ArCYBNmo42iXVZnMbzmRG:18000000000000000000:OKDOT:OKMYTH
15TGA2dqerqGwpwcVXyUK34fFrscdbNAdPv7B9NPsVDmnSDe:18000000000000000000:OKDOT:OKMYTH
12F7Rc2xo4bUgE6cAMarnE8ES3WmT6s9ksevmE95JMCaRjmY:18000000000000000000:OKDOT:OKMYTH
12mZr3umLQbzS6yxSvAB6bEmPU2piRko6pmJMKPMzGCPnYEH:18000000000000000000:OKDOT:OKMYTH
16D9rzDGxduxGGRs5kQsihJmTGTzmJjxuBi4zAH8cJKoadtW:18000000000000000000:OKDOT:OKMYTH
13YYgnGyUxYaJPe5gewtkBDmNj4QqdrXmQANHe2NzLhQaTtK:18000000000000000000:OKDOT:OKMYTH
14p6kqwamEHhSm7juijZGno8zpdes923pCNiJkaF5Q3n7qAU:18000000000000000000:OKDOT:OKMYTH
15tqa3NAKuHmB64ZxVVrNa2HmLkdh9ag8By7xD1ZMCoPmtjH:18000000000000000000:OKDOT:OKMYTH
12gCC7JsHgLLM7VGhxKmQuBTDw9GHSrvDke98UqLdwW5XVzB:18000000000000000000:OKDOT:OKMYTH
14M85kLu2RiAtLzWzETHPJmffvGMYmdAoqEeBSX8thTAzrsq:18000000000000000000:OKDOT:OKMYTH
16cY6KQVvhmD545SbkSJzoFhZziCsZkBHMLFQyLMfCYFTCjm:18000000000000000000:OKDOT:OKMYTH
13zRQAgnD3MkkStdVZXpvb8EgcTgEM79jXsn7ABYZCgaMHEc:18000000000000000000:OKDOT:OKMYTH
13xVhk7UH8ovCU8MFYtPv11Q7yooz2GPFMUEaE9Jy3U3zHkU:18000000000000000000:OKDOT:OKMYTH
15XNqrnZfiD6vJXnNP4m8sQogahBvfznxvvu8wYUdnT7j4ip:18000000000000000000:OKDOT:OKMYTH
12izVGYiNmbFVPHHnhrnCzYWEikZXHTpva8j62BfWEsmCdXk:18000000000000000000:OKDOT:OKMYTH
15uKm8bqibmwhrpwubvPf2rwm4mdehhc1WRgFiNxcXBYaky5:18000000000000000000:OKDOT:OKMYTH
12CR7a4vE5AGCiDQhTT9y8SRV59LJexB3wffAyuVzp5s23aR:18000000000000000000:OKDOT:OKMYTH
13zZkgc4bbS4BZRmKeQPT8vw5Ej4Tw2KCDxAmLUUvjZNxwzP:18000000000000000000:OKDOT:OKMYTH
136KvWQ7HDTgBkXoV1Bpux9gjC6FMPxh8GvKnxMXjK1pXyTt:18000000000000000000:OKDOT:OKMYTH
15XpgpqB4zLDbMGMRoNiMC3NX9UqEHeuxNro4JDStRQqz7y4:18000000000000000000:OKDOT:OKMYTH
12j3oEK74jyJdLQijxRw5s2Wn6ttqsFR5Gd3v11RxdDjvUyh:18000000000000000000:OKDOT:OKMYTH
133XrFjUi46Tn4YKG3Xr97y9MF43E7yUpBr6o2BCTWXGupa9:18000000000000000000:OKDOT:OKMYTH
13n2vKZymVohZpQLrRFdsd8YQTajD6wj6JE1gkqu9Vuh2Zrx:18000000000000000000:OKDOT:OKMYTH
1411SRiB4KNMu2BL2MrHZ4iExQyJksQeAp8TTXXu3tXHwN22:18000000000000000000:OKDOT:OKMYTH
16aq9sBR6SndoxxGqVdmf7qQ9psrJcBcgfrBRPaGp9T2CoS4:18000000000000000000:OKDOT:OKMYTH
15zD3TFfsJxvV6jzQQCrTAEdwu2VwEFpEXwbXXoyGsa3AkQn:18000000000000000000:OKDOT:OKMYTH
12jKW6UkoV5YWZZzV4bCJRLCEwk4SkjqvW9doLU9xK4EnHPS:18000000000000000000:OKDOT:OKMYTH
14mXz1rYGzvFzwLMa6xCrvUNTuVqkSC9hf4cZEmr2s8YiBny:18000000000000000000:OKDOT:OKMYTH
1CCv9o3krTwEgdAvthLdx2beCFdeD7k3GJDtz3pXKpeanFU:18000000000000000000:OKDOT:OKMYTH
142Jwp2rHgCow7Pd9PJQXchiBf8zbd6UeZgHTCo4Jk6ziu8:18000000000000000000:OKDOT:OKMYTH
16AmWtd1D6iyULVJMz4y9LELnkgvXNVVT4TC9EJb7YMS2jYh:18000000000000000000:OKDOT:OKMYTH
15ZvJZrxdVJmj7savk887UFEuLtPqKvgX7DAd3Fuo3ko8gqQ:18000000000000000000:OKDOT:OKMYTH
12mTgVmwhFwtYbwxt1J2f1nhvnYjHpPMamZ1ogeJFon19RDX:18000000000000000000:OKDOT:OKMYTH
14H4jVuMZgzTeYJ8EMVgBMyXJDLkULXiLgfqQthEuEwzwNg:18000000000000000000:OKDOT:OKMYTH
16LW8TwPsFN4nPon4BLqKipiUs2bhLc5QhCFYw6igDNGpoDm:18000000000000000000:OKDOT:OKMYTH
1449bX9DTXZuToZCiojywZbrses467G45Znj4scoAn9Va96:18000000000000000000:OKDOT:OKMYTH
16a9SrnLVBRxbg5acTCZEChHj1LMrVo821VScXDbrX9kW4Py:18000000000000000000:OKDOT:OKMYTH
165YabKLLyrpZVByEc3LhD4peLpgre4coH2ka561iQJNohJF:18000000000000000000:OKDOT:OKMYTH
12mXGKq9auco6C4qeyBbQQp4X5UL5ykLc9dnPLZtphTPtcJz:18000000000000000000:OKDOT:OKMYTH
13e6afGqp8uLr69Wtk94rxcufWTspwWFaSnxtLmrFyYQZpNu:18000000000000000000:OKDOT:OKMYTH
16aBeet2hthfafv7Xj6MXwFi6TrsAFosXVJMAJcyJXHc8V4h:18000000000000000000:OKDOT:OKMYTH
145N5SFm6i8aRmfUWfDnefg5M1wVzQs9uoHF5vRfucbkdT61:18000000000000000000:OKDOT:OKMYTH
16a6Y7hbRhBeXCj16yRzCB1ysiP2VM7aVmZF6xzFbdT5deup:18000000000000000000:OKDOT:OKMYTH
167RFJVzZ9cHm4YCoJg8zU4ESotJC2rDqbYi9NAvzj3r6bsP:18000000000000000000:OKDOT:OKMYTH
12n7ukQUcJCULzEVV6ngihXb5JomJBbFKGv3RSASakLdD6hi:18000000000000000000:OKDOT:OKMYTH
16XxkKSjKAERRiixSGA59eiuvAvgS7jnE5LUAXswZeYBF4C2:18000000000000000000:OKDOT:OKMYTH
138jyqQv3wjzMmxuiZRJYr9L9R1WEDX73qXh6osKRmpoaXWe:18000000000000000000:OKDOT:OKMYTH
146TyuCUKNuQQnmZLUpuUEXVYQbPKHg2oug64A4Ttv6sb8Hx:18000000000000000000:OKDOT:OKMYTH
168d2xPQL3JKVb5LztqGUPGajGRLKYyE1sk9KSPpJX4uUt74:18000000000000000000:OKDOT:OKMYTH
16cD7kwmQGDsUuCwLrPgZeFUPnqCyjc66b21Q6PjjgZmXz44:18000000000000000000:OKDOT:OKMYTH
12p4vHZmQmQDXMSfcCLZkNTt32z1gRKHNvqMQC1R8HgXwcj9:18000000000000000000:OKDOT:OKMYTH
131gaJ7Ru5DEuhYRNW67tAkgpHEoexDVUdUw8f5gsuPrGQkz:18000000000000000000:OKDOT:OKMYTH
1nXV4jQNYD1zjTSofUfRvVxG7ixGZcgBcH4ecLpVRSj1RFN:18000000000000000000:OKDOT:OKMYTH
149DabjtKmSMry4t9BZ9U7aMsGykUN6y3MuEDExj8AZVU23E:18000000000000000000:OKDOT:OKMYTH
167bCmzjjhyZBkGdUvKWwj9qZDuTqGfSKn9yC1yGqozCpZUM:18000000000000000000:OKDOT:OKMYTH
16ceBbEbDEsdGZJdo5KmmFD7NGtK1uJibVYJGAxM4TBPnrFK:18000000000000000000:OKDOT:OKMYTH
12sNhbVFSZQ3sYKqRjs9Mgk5h3rQ75H6NyPVRNSe2mqK5wpX:18000000000000000000:OKDOT:OKMYTH
1319TQwgBre4eovHhK5iLSwKnkk8JMt1GBz79cUB1xAWahL1:18000000000000000000:OKDOT:OKMYTH
14zSoAiqAvVV46uMBqs7A54HXcLcRmhz1jriGQ2qZxavU3BT:18000000000000000000:OKDOT:OKMYTH
14aVKZh6BTGM3gAkogdNc82PDkZtpSpTuSXGfs6L7BkGpu2w:18000000000000000000:OKDOT:OKMYTH
165PT81P9zQchGCHnUNykMCQ7Jp4wyNXphhsKPzN7vSwWEHy:18000000000000000000:OKDOT:OKMYTH
16cWpZrfbmefipcFfst6JsYB2WXxfEaQaV7DnNaWwCTS8wDn:18000000000000000000:OKDOT:OKMYTH
12TkGVt1kV6vmatWN7nGMVfMDcaMiFDzQm2sMKxZ9KxxQhXk:18000000000000000000:OKDOT:OKMYTH
12ZFznpsHZmdBN6XNs9Xz7BWDziidTJWWjdmFPea2UwwvdfT:18000000000000000000:OKDOT:OKMYTH
15dkcWpQfzNaeGQUZHNEPwg9M6daenJTBp4VKs5xyWZ75K1X:18000000000000000000:OKDOT:OKMYTH
14co5T8HjPeK7g5MBXfEugRbQUJBtVhgQpXMf1kFUZdq8UJV:18000000000000000000:OKDOT:OKMYTH
165acLHhhP4F3b6FmUJfoFQ6jgevKuQNyMwtpa1ENLkDCQXu:18000000000000000000:OKDOT:OKMYTH
16DEM1aW6tQikTRb8iwfeMZvSxnLboshqa5FaKYFxcfCPTfA:18000000000000000000:OKDOT:OKMYTH
12TQFnJUahUPPYdiP2vjfr7PCSV3jPnJnxGwwyK2Da67nGsj:18000000000000000000:OKDOT:OKMYTH
12Z96NC84xJB1wVvU7KMHMgiu4smvdsj6voQnFanND2USUr4:18000000000000000000:OKDOT:OKMYTH
131SxkBeuPts8tt459SpaWcwztRVjDHynvUdCEG24poQA56T:18000000000000000000:OKDOT:OKMYTH
14DZfBoJCqgTtNQrJeHUw5dDicnmqkp24Zt9UY8NPZSFvV4W:18000000000000000000:OKDOT:OKMYTH
15YWgJb61p85xQrhoWQTH7RKh6A9DSgLyUEqtTeP7zKg5dov:18000000000000000000:OKDOT:OKMYTH
16dKW9u3gHRSv6HEULnuhUVBzSXpT3YSFFN125A1jJgXXJcT:18000000000000000000:OKDOT:OKMYTH
12vGq4xD4H22bQw8wrsmRU3yfAyhpGekJp2UYkJxkiuxkU6M:18000000000000000000:OKDOT:OKMYTH
12YgNoCko3A56mPxrCEte4jv4M7VxWKTCfTDZfWzaA6Lnz4Y:18000000000000000000:OKDOT:OKMYTH
1mrUcq3n2ToxN97353aH4oPkpfQYQ4jeVSZ2LKvJcTVJEuc:18000000000000000000:OKDOT:OKMYTH
14E4UXBTE2VoojJ6BmmF5UB1cHSupdaXwjfXrLbUqGCmAL7n:18000000000000000000:OKDOT:OKMYTH
15wY4y26LuUjcqPLgojyhyUTcouTDX11e5aNk7ZN5HfksxEP:18000000000000000000:OKDOT:OKMYTH
16DWxn43cqFJD3q1dAkXyKGv9rGFLM4R3hzNRU9tduL4kXnC:18000000000000000000:OKDOT:OKMYTH
12VqKfupe28zmeam55rJqszguRYNcPaXkfEXvvD9mnNBiAkb:18000000000000000000:OKDOT:OKMYTH
12uuEGGsCHvL6QQS4T2ihwwDcdhtPq3Pw92MXRScP9q4WzdP:18000000000000000000:OKDOT:OKMYTH
1enHNykMM4apuod1ZLYevukEWs2GwTfKNTbMDSkqFpZNXo3:18000000000000000000:OKDOT:OKMYTH
14fYwUhdGqrDkfyGspDpWrDrn3jStNDEAvHFeJS3BuTPaGnD:18000000000000000000:OKDOT:OKMYTH
15wRc2t2NBkNM6zc5XeX9wgzhc9UxNeL46WX2GCDWzn6em6S:18000000000000000000:OKDOT:OKMYTH
16FD4EFGYFaTKYLA875if5uPGxWCQTAZxPDyt3wS4Bsouua6:18000000000000000000:OKDOT:OKMYTH
12vQSh4YzuYddNUJtSkM1CtTwkEp242bpcWieZwaJFVAg59Z:18000000000000000000:OKDOT:OKMYTH
12U8pxH7NTVbETn6oNEKJfZ3C7VTFEU5HcUhJpX2QURi5EPC:18000000000000000000:OKDOT:OKMYTH
16ceBHhWuoRfeq3uaJE3fRW6e1Uz4fWU7TrZWxknBYernJF6:18000000000000000000:OKDOT:OKMYTH
14g5PSBf91ow7BhXmXFUmP2PP7GoKGgNS8wpxZjyUCaZ4QtV:18000000000000000000:OKDOT:OKMYTH
15tGWe375gLCGdmiaxKzAt9w9GgqczJTmXJhyJMLGJidRKm3:18000000000000000000:OKDOT:OKMYTH
16fqcjp1bfHF5qgENydGiUtsMubJM1SRzZZPxtSjYJ5jNzqX:18000000000000000000:OKDOT:OKMYTH
12WFD5NXHJfqFpwZNdxLCtAJAsq6oGgPLAhGmmyvJiheuL8R:18000000000000000000:OKDOT:OKMYTH
12rYVTzYaLJ5yf7QmhR8b1kogv9LcT34YDCFiAE9fWHpnjLg:18000000000000000000:OKDOT:OKMYTH
16aJESygAmZViSQV16rVjMUCyyRADBS1Fon9NX3pGuqQRxNF:18000000000000000000:OKDOT:OKMYTH
14gb3kMKKGy7haoRcyTPTi7wVZsLosdbg2eBoh56nRVAHrp3:18000000000000000000:OKDOT:OKMYTH
15T1wDb1somsoS8jK9WrXPodEBWt7VnwNfVfnUHgs8FiZmwL:18000000000000000000:OKDOT:OKMYTH
16G2eYWNMyZ8kZs9Zaaw1GLDkZmC3A3wabwrSWHHNqAh8eep:18000000000000000000:OKDOT:OKMYTH
12xe2FJFmdidq6wKrok2XLWrZBbaubMEvSVUXkw86KMUZ3uV:18000000000000000000:OKDOT:OKMYTH
12RWQSn28ozLzBboot84hVB8esGNKqdiwhxRywob2BpJfLqW:18000000000000000000:OKDOT:OKMYTH
168aQhRUTQvfkHJJPqgPCFSwXWw9wxgNAeHTXFYJ3KPyhEft:18000000000000000000:OKDOT:OKMYTH
14iMMmm3kpng5z5evobPNKfyaKEfpm84DtjsuNXNF228vByt:18000000000000000000:OKDOT:OKMYTH
15STQUM1mHMqoxNVaGvZLyDTvQek6TJkeFL3uDTghmSxe37o:18000000000000000000:OKDOT:OKMYTH
16kwS3bHzCtqxLFjA4AQthc2B61YhWj3ZeJQ7g2eNTxZunTw:18000000000000000000:OKDOT:OKMYTH
12xNWkXH5LTPaQQYj48LKTJn3yCyw81i13xj6B6pnMmj3J6W:18000000000000000000:OKDOT:OKMYTH
12RNrqkXqEEh9KNQTtuMrpcAL1csEVDd5qCbv4n2mZ8P2hHb:18000000000000000000:OKDOT:OKMYTH
167UY3fwxDz2iFKNyVwh2rLYWaVKwVB28bLnUmUdsbHMs1Gy:18000000000000000000:OKDOT:OKMYTH
14KgxSm3Xx8dQjmrfimqgotPyRZPxvjNjDcvgsKLudtWXgDw:18000000000000000000:OKDOT:OKMYTH
15rV4vDTDiqP1Mex4uFnbRLZ37Z9CyR66973ir4U5nLP8k7Z:18000000000000000000:OKDOT:OKMYTH
16Lc9ex7eMj3XdUMGb7h1gwS1oXXwo1WWKdKivfJYfyx8Tcb:18000000000000000000:OKDOT:OKMYTH
12YH7x4eSkWigHoPjNsXeqKRmwRH2vV7AHgCFTxauRwwxqWv:18000000000000000000:OKDOT:OKMYTH
12RLPWZSbyUPcZS4of4tNNwgw56xV3i582ov3MpYdWd4nHKa:18000000000000000000:OKDOT:OKMYTH
167uh3Zu55YomFVAYgYmVpJmgeoRafpvk7cvNyDsNrGbygCv:18000000000000000000:OKDOT:OKMYTH
14knCrkoXuQZjPSysbYGn3jxGZHzTxxTneC4QcJ55hCaiYWh:18000000000000000000:OKDOT:OKMYTH
15QMsazEJUZn44N8WQ1SWzYzkiCXzn4AKrNo9QLga144tiYJ:18000000000000000000:OKDOT:OKMYTH
16M4yBPqHfyZoqJ7ZDgs7p6yfaNXDBW9PimyjSgcf1Yj72w2:18000000000000000000:OKDOT:OKMYTH
12ZJnhVDaDrB9UcEVmkZ27MrX8KfirCGsS24y2TYRynRV6wv:18000000000000000000:OKDOT:OKMYTH
12riWCaTNxWBikVRGP6asQT8oJ1RwpEyFbVLz3uEjJ8cfHRT:18000000000000000000:OKDOT:OKMYTH
1661ArjEcHN65zjuNBDkYBvXRUDA6Rn2JVwEL3LffLjWwtEi:18000000000000000000:OKDOT:OKMYTH
14MjG2WBGuqNsfJLwvstKkECDwWfpCVZs7ZBybzwg2KEcMdm:18000000000000000000:OKDOT:OKMYTH
15qkWkDE919YTi4b3pwt3E53dBr5QsJyNWftUcPJcJCaY5qi:18000000000000000000:OKDOT:OKMYTH
16mAjKmHzztUa39eaBZMrqUj8BmV1rXAHgeUgBtQvVgvkC5u:18000000000000000000:OKDOT:OKMYTH
12zTpBhqx1EkGVqwRwuBGfCDp4XVT1d3jjq98ZiSBPP12Sni:18000000000000000000:OKDOT:OKMYTH
12rhzZYGqaxzhQwYzNsrjwSHhhJT6tN6zVefDFNojDv8Q1fK:18000000000000000000:OKDOT:OKMYTH
1652ErX2oQv8schxZgf2oW4SKMKLmnm2rwDD7yemqBHSj6yW:18000000000000000000:OKDOT:OKMYTH
14MMHzaHkxjzQeDv4xfJyPNZMPwvYfdWj44VNuwHWUt1sDkg:18000000000000000000:OKDOT:OKMYTH
15QfhzdHPG44Vg1h7MGFRRxFLhyhgtRA2d5DyoQXowCNtk1Y:18000000000000000000:OKDOT:OKMYTH
16PcxE93cT4A43cN7sagm5aWbFD9K3vrSvtffjgtWyXSSqaK:18000000000000000000:OKDOT:OKMYTH
12zxrPD19JbhkJPwX5NZEWrX9dTxwJG7LcztBgcJi6FdHsxq:18000000000000000000:OKDOT:OKMYTH
12QgDNjSt4s9vY6dAX8sKyEJE8UseKWPawFaqTbRq9NkKQS6:18000000000000000000:OKDOT:OKMYTH
1651xzwfWP7bknyBECGtxVrJBEj8djM5G2k5xi6a4kgbU2ra:18000000000000000000:OKDOT:OKMYTH
14oq83qGk7yD938JvCPJTS3W2pjHm7qsBKBzhq9BRLa5rSKA:18000000000000000000:OKDOT:OKMYTH
15PnyQwaeADZ15qbr6XEaKi6mUGi2xZWzvjuMGJ63HXX4APM:18000000000000000000:OKDOT:OKMYTH
16Q3WF8zBszSgsseniWXGRnNXnE9uLywDkXgR4F2NBTnPLuw:18000000000000000000:OKDOT:OKMYTH
134FmxcpA8ZEWpJm1h6ESnQwRs2P75V8nsGr2jNwmyzky2S7:18000000000000000000:OKDOT:OKMYTH
12NS1QHLQPbPMy2XHTVrHAwvpxjXHytvx4v7Bq3wnjwViHs6:18000000000000000000:OKDOT:OKMYTH
164uiVPFRiADL2d9zB5u8gVUcYXeGd3gzyjSFkbSDujY58S4:18000000000000000000:OKDOT:OKMYTH
14p8uhzhfoPaxd5deMBMcGJ8fNHtsP6S2N7Kr6QJyX9fnN8B:18000000000000000000:OKDOT:OKMYTH
15p7Zx8XFVZx3q6U2NF3qvGTrrAYd1zW1bEymRfe8EwGSWA2:18000000000000000000:OKDOT:OKMYTH
16Rp2JtA79uEkFayRACUYCroovjZfwUYp478mQvhe8N9mMuW:18000000000000000000:OKDOT:OKMYTH
136A6u6jd3Xbh8Tkft3DWVAu6Rkao6toUjxiWsmMjqm3ue7f:18000000000000000000:OKDOT:OKMYTH
12nehAP9iKcMxZAMDEJMgjG4FrRsc3gNeKHG96unTVcEB5fa:18000000000000000000:OKDOT:OKMYTH
162TQLcHaN2zriRgfMU9rFTLpuRpApakUftDCjN4ncXSKJ8p:18000000000000000000:OKDOT:OKMYTH
14QW5i6vPTQjvd2ERQzxsswdokCVwG7RgR3YUMTYuNJ27krr:18000000000000000000:OKDOT:OKMYTH
15p3Sz5y75NCUf2aQpuzsHzfFvtrPpZ3QbUA5X8yT9ciVZw8:18000000000000000000:OKDOT:OKMYTH
16SB6BM3nYo6ZZw8jBQiQqjP5r7MefzCB25uCSD3K8pzJTNa:18000000000000000000:OKDOT:OKMYTH
1398TsiukziZpX8aB8GcjxA9hc4LyohhWG2KugPkWx9iXs3H:18000000000000000000:OKDOT:OKMYTH
12Nb6LfARoTcTSp3ww5L6JcXCjtpgu6HGntB8rnqRcpgF75j:18000000000000000000:OKDOT:OKMYTH
162D1uQZ49tWdXYJQwdRiaPuW3czgPhS8UXbysdBZFompD8L:18000000000000000000:OKDOT:OKMYTH
14r5r7uW8RqdC65FrkLdP7rMySv4XuhmGopRiJPLmu3LoDwQ:18000000000000000000:OKDOT:OKMYTH
15opzjvt9NL3Rhk2eTkERVzPUL8v4TqBjygB27MZ8YLxYrRW:18000000000000000000:OKDOT:OKMYTH
16SBFazz4ZXmoZpwQxhmcf5dB4efbtzeNe8D72UpQsjX2nvJ:18000000000000000000:OKDOT:OKMYTH
13b2MpNnqypK5Juv7fbjaRWxFw52Z8td5B1H6m7ndLb9dK7h:18000000000000000000:OKDOT:OKMYTH
12mpvErNSyFW6ThMPT8KPnFPGzY1j98F6VajMrCutRY1yYB6:18000000000000000000:OKDOT:OKMYTH
15ZuYTLHsGrH8ukrRofzsYWRieLeWUmCRWR4TNJSMzVAdgH1:18000000000000000000:OKDOT:OKMYTH
14R5rs8X2X3G1QDrKp7SBCXGjATfR9x3RpAAEdXUjPyTnk3:18000000000000000000:OKDOT:OKMYTH
15o9XfQW2zoPH21X1WB1ZraTkcWPQ5YwwnwwdyqiBCkLwRVG:18000000000000000000:OKDOT:OKMYTH
16XHuEnK51fVZsJdMPuTVsQWg9sTp3u3bpAezkWFcDwWmakB:18000000000000000000:OKDOT:OKMYTH
13bc7s5pYDZow1vE7MY1UxtQe43tVoS3Tf1dYU5jZey3JEQT:18000000000000000000:OKDOT:OKMYTH
12miBGcWv4Vw1EYmBBJGbZoQBY5NZHsA7kFyWqFXDrRMh3pM:18000000000000000000:OKDOT:OKMYTH
15wy6ZhZkQfAHyYEuzx7jU6roZDMraBwsv3CXUaa3mnXjUPf:18000000000000000000:OKDOT:OKMYTH
14rfUMN7wP1stQi1xcrCopFWPGQ2Vsmpbk7T1nNQLa326Zdk:18000000000000000000:OKDOT:OKMYTH
15m9ZbbJ1rP1BdKkgXPHKMggfrtdiPVbhDmpcd2tSiGQHiG9:18000000000000000000:OKDOT:OKMYTH
1A15f3Wy4ueuMQWREXEx7TefUBoWesvXFsACQdQcrj9dgF3:18000000000000000000:OKDOT:OKMYTH
13DqxRYSW7g3WtYd9fti9wRgAWoxguVFeT8KUk15R5RnT5BM:18000000000000000000:OKDOT:OKMYTH
12meeV8Got4GGVVsTn3n9LhpEwVAJABq1s3wzVMW5xypLJkk:18000000000000000000:OKDOT:OKMYTH
15wGB2GJ31dbZZDYRLXbwMGa63XGDKAcTC93LgrChBQPuEd8:18000000000000000000:OKDOT:OKMYTH
14rtZon9vZXGaRNkZJtfiFgdUdauqKwvoCEMEte9Z5uizUrk:18000000000000000000:OKDOT:OKMYTH
15m6hYKNEFaSPyaSza7Ekh5XW1cBiwX7gRC4C2U6NJ2PsYPG:18000000000000000000:OKDOT:OKMYTH
1bVrGbzFAPBucHfh8F46BmMB8k2LwQf5FGu1yBh1GmWESG6:18000000000000000000:OKDOT:OKMYTH
13e4NnyZJW5AizadexAWgNut872pVnPgWNYAfJgygSpCyqjZ:18000000000000000000:OKDOT:OKMYTH
12LBKf36rrEmAQ92XKLBfEuGXorwUrKWNeUaXvdTLvhPhbFn:18000000000000000000:OKDOT:OKMYTH
15w9iVQ8X2wqLodBehoUUzQakqypqcYLJ9fjEWK2jRpHJUdZ:18000000000000000000:OKDOT:OKMYTH
14s4JPrKDePVwb7Ez4Stox47w6jcbh6KtAjP5W1Z618Bu4U6:18000000000000000000:OKDOT:OKMYTH
15izRpqwtoRwGfP2RCfY4fK25tQuQavViutHNJkrywBEQTcx:18000000000000000000:OKDOT:OKMYTH
1CETJUVd8hJbTY1ok8oufDK2fjKRReqeG7jH96ifBsHsYHs:18000000000000000000:OKDOT:OKMYTH
13Ei31F5EJx4acSwRY2ZqayS6SvJ7XfhsrVNxeRBYobwtQNz:18000000000000000000:OKDOT:OKMYTH
12Keofo2kn7r3aPQ8LjE1WnN7yVSCmugb3i63UvcCFJ4FCvL:18000000000000000000:OKDOT:OKMYTH
15vtw39876D9gXPd3VXq6yQisjwMB8ebgTGG3LpLFuKGTY54:18000000000000000000:OKDOT:OKMYTH
14TDAXGzMywQoxmfSpzRLdVpnHZkGjheEuQLTJpvPCJFqLtr:18000000000000000000:OKDOT:OKMYTH
15GXJ6tZPvRSn9HDBdGQGHxDi5EJM8cnS3cDoAtuHqem8KZC:18000000000000000000:OKDOT:OKMYTH
1CL3WkmDHPY6XBguPLpDn8cJP4WUKK7ZTVfh6UF2GzWBHz8:18000000000000000000:OKDOT:OKMYTH
13ftfK6NzLLn3ZsBA6RTwXBW1KEB3DU4X1CMcJq58H6R9pSX:18000000000000000000:OKDOT:OKMYTH
12jwvyXsW7ZtCkAiN4zj7m6qEJFFDbfMyi6XCx8CEAsuai8P:18000000000000000000:OKDOT:OKMYTH
15taSKurZjcbDPj1ASuVGx3B4SuhZvvxq1PvQ4fvgNoHWF45:18000000000000000000:OKDOT:OKMYTH
14uJLWKtTnSaWNviXyhT1aik4QH25vgjRMo6mHrJkPadzqFR:18000000000000000000:OKDOT:OKMYTH
15GEbfrRFKvAVf5yHLCtTRUN6TqiekGknhi1EeddcA7bvEV6:18000000000000000000:OKDOT:OKMYTH
1cMnwEmhCbNun4tRV8hdvPS2RsQp1T1vQff29tFEn87WVea:18000000000000000000:OKDOT:OKMYTH
13H1c2xPNSv9x9xdaHLkkn9ko6VKhmctZ95xsAgfctjNaagc:18000000000000000000:OKDOT:OKMYTH
12jLQRFXjA9mZ6rCQXgpdGURqX82CAcw5Yut2zeLqSMZzgAq:18000000000000000000:OKDOT:OKMYTH
15S22NxUyYM3eYK7HA2rbURrZPk7iqER3AHewUwQV52yE1En:18000000000000000000:OKDOT:OKMYTH
14uKBq5E9z2E2xNfzJW2wynoPwGCe5EQeZCprxtSvLcBgw3D:18000000000000000000:OKDOT:OKMYTH
15FtbpsdvaXz7tP44U1JckQuaQMTdF817YJNQagoVwyC9SKo:18000000000000000000:OKDOT:OKMYTH
1eFggCqT7CQ8QRKt3UhRs2xfxSJ1vzH6Q51SHEPiyaszoPb:18000000000000000000:OKDOT:OKMYTH
13HFToJjeDw2Wi6b6UbcLSFyAebHS2pA8HyRtPLnmhAZe8HD:18000000000000000000:OKDOT:OKMYTH
12HTnE53HZ8QotfWNtJdHv4rZzcSH21o3XvNDCD4GKi4J3ZC:18000000000000000000:OKDOT:OKMYTH
15pBbMeaF34S3e8LrNLAMALqqTKqtSs1uAJWHT4Mn3nf4p1o:18000000000000000000:OKDOT:OKMYTH
14VGhb5kQQUgpEwDqQ5syZ7dmpyZ7XCaqNW3tHwgr6Zm3vhq:18000000000000000000:OKDOT:OKMYTH
15fbKi6zDiia1Z7XswGSNaZaJjh2TxSZ96cNHw9QC9jNoLJL:18000000000000000000:OKDOT:OKMYTH
1Ey43zed6uZtGZEecbAiUYoHbk1u4bvnEsSXdUQN8aj5KXF:18000000000000000000:OKDOT:OKMYTH
13j5pv8wZLPpK4v3wtQeEo4unNYZcvaKkUVo8opuTXxALWEJ:18000000000000000000:OKDOT:OKMYTH
12HcV1p4UDFdCzTX33hQEE4qEaGZb5F6pz6gYSV4Y68b2gTt:18000000000000000000:OKDOT:OKMYTH
15oojEjqBS6ifCtwHnn9Gd7CPTyVu9mpuRbbAcyshptx8Nrg:18000000000000000000:OKDOT:OKMYTH
14W6qrft2UTNUNycp7GoiDSpYGL6H9N5qiktCbQH2GN1Zhqs:18000000000000000000:OKDOT:OKMYTH
15d5honaWnfz7cmbWwYQytgc4gZw2MpMGmftSBdSheQavcXp:18000000000000000000:OKDOT:OKMYTH
1HrGVARox63KT5tEDZ7JixBMtFQbwbdfoe4v1KbPWYXaYmB:18000000000000000000:OKDOT:OKMYTH
13KCgrJjHfF7GYUKs8Crsba4GxL1vyELYrGRt4sv8ibkHjVh:18000000000000000000:OKDOT:OKMYTH
12BNHj7ZDLMTyJwMrv1YfKzQW1cwHv9geWNJUmjT9Gbz8H8M:18000000000000000000:OKDOT:OKMYTH
15McNeCGf9NhugXhwRZd5Sdk7D75vzU2dNR4QTF4PK591bRD:18000000000000000000:OKDOT:OKMYTH
14xwUGWrxZSRyAqXFrdQM7ooTyYg4uy3pnoBsgZsd2u4HezG:18000000000000000000:OKDOT:OKMYTH
15AgtR9xot21BNPSXKJM5BVdMWezd3T8Mi9soCvy3hngfC2m:18000000000000000000:OKDOT:OKMYTH
1HUoHQaF5sGLaJ36dbi4TrzXVrfcPSXw3PRVaou9D92CxB6:18000000000000000000:OKDOT:OKMYTH
13KJW3ngnpCTLtR5qjMk3QLXvtn9znwCPMF3wDW1dHscX1yN:18000000000000000000:OKDOT:OKMYTH
124Z2C17YANZEZ32fo1ZTT4yCLY68Sgt8dSGt2718TWTuzDp:18000000000000000000:OKDOT:OKMYTH
15K5wb1kgrE83QNmr7SoXUU4tu4tEoq4cUdQK1eZD2464WUn:18000000000000000000:OKDOT:OKMYTH
152W3MvSiWa4BhXf1Zsg46UPHxRsHA3ABnJp9vUEbqUVc7gA:18000000000000000000:OKDOT:OKMYTH
158KPuxasDwvd3tiTYMTRgtRnQJ5HoVZHbLfGgLnaki7eEzR:18000000000000000000:OKDOT:OKMYTH
1HXhXVDsLfxLjV4tfYCPZ2b8AK2SB11EqX3dqvk7Aezxt37:18000000000000000000:OKDOT:OKMYTH
13mtBxBe6XUHEKToG4ME14BLNcwR6bZ9YCLK2mMZkfNgVLsF:18000000000000000000:OKDOT:OKMYTH
121SuwtxhPghPNZuL6j6ufuJN6YdruswDRkaW7rzmeWUgDg4:18000000000000000000:OKDOT:OKMYTH
15hwY2Py16rn6VMKsVbskbtucSgYnUvryJSa7aZDobTc6tBg:18000000000000000000:OKDOT:OKMYTH
153VFFJrWKmt9iHSN9kXWvFQ39CSGRypps96KsoZEhC9hfyV:18000000000000000000:OKDOT:OKMYTH
155yAExuuFs4hKMUF8Jj3LBPmBpGtuhxEhYBeDVs4aMzNq1D:18000000000000000000:OKDOT:OKMYTH
1jDF1fYvnZVaasD1yDPGmSYX1X7FsvfkQoZd5wU1nyuRRTa:18000000000000000000:OKDOT:OKMYTH
13n8YboMzqTSWhHFAdFbX2mFAP2hCrM2fQhQhDrMN5Z4kSAk:18000000000000000000:OKDOT:OKMYTH
11SFMuraSec5RG4E5ngLGDx7xadpCCWzw3vZJbTdgKN5V6n:18000000000000000000:OKDOT:OKMYTH
15GNRFZmRzz7L2YctkFEErUppVS29CmypsRq9W8UNvHmgXeM:18000000000000000000:OKDOT:OKMYTH
157iKyWDm58Ta2orrMTKMdhGX5W3VCGXzTVJPVFr3BQkVCvZ:18000000000000000000:OKDOT:OKMYTH
153XToJeQZ7k738Yjrv6XVSkbfdjyv75tSHUNHwtqb9kHvCF:18000000000000000000:OKDOT:OKMYTH
1LFgZ6L4ff9bYG5YfGwEBqAQoG6xwbXG9J7aWcRkhDMCMNk:18000000000000000000:OKDOT:OKMYTH
13NMB9rkubxXDV2Jy5vqiXnpQkexqmn1unmt4ebjruwwLbfZ:18000000000000000000:OKDOT:OKMYTH
13KSKNhd9o6HD8gV9k1mhcoqcE2wzZ6CP8Hj6uQ7RAANoKYe:18000000000000000000:OKDOT:OKMYTH
15GEUkNwbczCMgWnLq87kF51CMewzaRMbHYETJvkqfptPRCG:18000000000000000000:OKDOT:OKMYTH
158D17DsEsETL5zqLJ4Yf3gqXyopYYsBJcWR5ZLcuDiCTUKV:18000000000000000000:OKDOT:OKMYTH
14XrdYF1UaVHYcASg1cJevnUzWbNAF28dGdutiorQnxLPag9:18000000000000000000:OKDOT:OKMYTH
1mfMqFnMqDEQKMfnZGAvqj5TqcUvBFfYb5RzGMmrm7owS8E:18000000000000000000:OKDOT:OKMYTH
13NWhrrxRqKQLaSdkvJqUszcn523qXKrNXwNSUKnxCNcEztR:18000000000000000000:OKDOT:OKMYTH
13KU6tXYm93t8XXewV2qzGoTJKJSi7DGMgBeFK45hobFumD3:18000000000000000000:OKDOT:OKMYTH
15fNQ9Nybuqf3ESehKarN8LuiEP6nAaVCuDvHXnxCwk6NRnf:18000000000000000000:OKDOT:OKMYTH
15BYfQTSPqmGSLt9XiQhF3uYbKYN2g5Ax5rFozAsptanKqmK:18000000000000000000:OKDOT:OKMYTH
14x8iNw5uH9aYGnBC3Jv5LccbuySGAWn78EBLiim1uBB2LUJ:18000000000000000000:OKDOT:OKMYTH
1mz7dSA2PMJbd8XdJXzVVVNMFW6to1jabSbf24pEMcBBeP4:18000000000000000000:OKDOT:OKMYTH
13QMRtwQQpmW1ScxGkx3aYbsoFZ2Udm8o3pXnz8xSQZ94KGB:18000000000000000000:OKDOT:OKMYTH
13Q37jXREmhZzAtMkJMGweMS5zxnx5Qd9RUPgRQHahSzMa4f:18000000000000000000:OKDOT:OKMYTH
15fNnBbM418sbCdCKiq39tFXYr6KrYBXgiAaHtR9AxdqPYm4:18000000000000000000:OKDOT:OKMYTH
15dLhKkvAt1AELzAGPsrEYGMRgpcfGXxdGgEd2DJrcfTwpnv:18000000000000000000:OKDOT:OKMYTH
14wxWA3cRbB5WsYFzhC2R8SXtEM5kmQd9mFQ7jPQeexYm6Y6:18000000000000000000:OKDOT:OKMYTH
1N2zsanfuBiPYXTZNMEJpufykyf111zrGhmuWNrtiy1izTN:18000000000000000000:OKDOT:OKMYTH
13rDkanmVmzGP8Nt9GE1JgzjBSHsuhZKWAib719brb5pNwRc:18000000000000000000:OKDOT:OKMYTH
13W3u1XDMsFkZfniVzBuPZmPUH1sesDUSAxasxREzUWD5dLC:18000000000000000000:OKDOT:OKMYTH
15fjLGiVD1a5aFir87jGMv3bfXex9J4dCNk3xXjJi9o86P8v:18000000000000000000:OKDOT:OKMYTH
15FvWdxGKsEnE4ecZjYRMLeJfRrJLPscBxb2qch6coj8x5oY:18000000000000000000:OKDOT:OKMYTH
14Vocix67YSt66QyF36s4ZYvV6Q5eRJzgCiHCoQ733CQEUpZ:18000000000000000000:OKDOT:OKMYTH
1n9FmytYaZdoKTxtGJNSzDykxCY3gSsBrh8JMynBe2j576Q:18000000000000000000:OKDOT:OKMYTH
13rYAq5BHdhj4wxomEJf7mV2F3cP9EsvhpzTThUBRqk5uXAC:18000000000000000000:OKDOT:OKMYTH
13xWzo4CpHbPNqiJ1BgGCa7sgE3a4obhYzRQbdReMTfR93dy:18000000000000000000:OKDOT:OKMYTH
15DmWayXFZuA8XMwrq9EjHrUkrGWPuWPqPEHkFuAKz7jw6LB:18000000000000000000:OKDOT:OKMYTH
15gFgJBD5beCs6ZbyCKaE2fQbc5bhTA2dgaaD3gSSHbeaFK7:18000000000000000000:OKDOT:OKMYTH
16kWWZ2a5BpSmZS1FjDZMNiRjgzjMvdjnuu7jmHrGPxewhfZ:18000000000000000000:OKDOT:OKMYTH
1nip1T9AxbAqmXNGW4obVqZKS4WGcMDFWDofBggoXwuVvX2:18000000000000000000:OKDOT:OKMYTH
13Si8mZZDhLyraupfHequma8oki16DtVRMAiKVcTHgdBrxB3:18000000000000000000:OKDOT:OKMYTH
13Y7Gwbv4sLLSa6JfkEeP7KhSYXGmCEASukm5oEWi6vP6v3Q:18000000000000000000:OKDOT:OKMYTH
15CxwFubYpyESVNnYczVTy5wMawXcZMfnsdiUizdRdB4mvyz:18000000000000000000:OKDOT:OKMYTH
15iegPgwPCuQtHJ6LSMP2RMdqLJMGEXWKFL3n9LF3qfLtiyY:18000000000000000000:OKDOT:OKMYTH
16May9bZ738EVS8TiMyQ6QnhRUA8hE9oWn4VfQXQmxRtvj9a:18000000000000000000:OKDOT:OKMYTH
1pDdpb2MkYSvRZrU3mtL6ALeMdxgVddqbasrtUunpvF7cUq:18000000000000000000:OKDOT:OKMYTH
13sSzdwgWLBWqyBe7rzJjTPUKGxeBgFr6c5m8PZ5DitWWp7e:18000000000000000000:OKDOT:OKMYTH
141BgV3cc6rmkJtGE27TzsJQ9w7sXw9rpRfdri68tcomV2Ly:18000000000000000000:OKDOT:OKMYTH
15BSQgiDDu3cuo3m6KNoRWaF6f781etj5W63NYe2No61UVAz:18000000000000000000:OKDOT:OKMYTH
13NCLd3foNpsv1huPDzvvfyKh37NEEkGFotZnP52CTR98YFJ:236000000000000000000:OKDOT:OKMYTH
