12CVVUR4UgMzdrj3PT79a7PtGxb6cEVNPmZCrDPy3wydt35W:12000000000000000000:OKDOT:OKMYTH
1jUrnUuRrgvgvyYMn5YBgyJhnjGzSfneR8jvtMQnX79F6DW:12000000000000000000:OKDOT:OKMYTH
16Xh1gRbZvVSMcmgL7HvcrCVM9iZfbsbgJq8XUxJub7ibQub:12000000000000000000:OKDOT:OKMYTH
15ueXftoKthdt8SaMDvnUGckmUK1xuzn44hec5AVQA1zgH8t:12000000000000000000:OKDOT:OKMYTH
13hsfBw6XpiHne57c6s2ExFkZu15YjBE7MkogYv5iwZf5sFB:12000000000000000000:OKDOT:OKMYTH
16L9vmQVi4FFH8zxwyiwRcoGnn3QLKRMWTk1DcxrnUAvTTMr:12000000000000000000:OKDOT:OKMYTH
12Px5dDmXYSmiXdHVqkEr8Ru7UaaFxYYBU68rUzE6gnWKD8P:12000000000000000000:OKDOT:OKMYTH
14APH8xK7CQGbtHHUz1MSNx6RrnrapJniqXqDND8BpZ5AAC5:12000000000000000000:OKDOT:OKMYTH
15HWhRKumBbr1dVvL5LXbGdy4m2pTsoZNG5aHZcsZtLdZCCz:12000000000000000000:OKDOT:OKMYTH
16XiWuXLTQvg9ZfHLddpCbYswQQxT2xJexGLLxJrQGmVN6HC:12000000000000000000:OKDOT:OKMYTH
12eQY5Nx6DuUTRzBpXi9iSwuYgmEg7cqRHYx2LMk6kjcsnGE:12000000000000000000:OKDOT:OKMYTH
15kvfkd7g1jcPLuYqPYaGKX2MFQ6Jf72WQbnwLgeVmoJrLKz:12000000000000000000:OKDOT:OKMYTH
1rkCnjSitvJ8JPZSEcek4BGJrTRFdh28WhuZRrGd4EbF7J9:12000000000000000000:OKDOT:OKMYTH
124pBFWDFxEoy33bEu5TmC39erFuAYR1p56X1kb2HgFbEEKo:12000000000000000000:OKDOT:OKMYTH
15YHGKtWLomEjFky7mveoMb9qjUTftDYEQ4FkxvEQYdQF6bG:12000000000000000000:OKDOT:OKMYTH
13i8iWN2NcQxwWkb93omrFLTwQ63yBGf8bxXHeVQdvTTsfbi:12000000000000000000:OKDOT:OKMYTH
13ZJjKVkonR4TFDF7V28w8bpoBpVfVU19hiuYtS8sqrhUxza:12000000000000000000:OKDOT:OKMYTH
12Qf13a46fXtoPwtZVuD6gfAGjnoPrFjUd4JkDQ7RifrE1o4:12000000000000000000:OKDOT:OKMYTH
13NC3fVZfXSBg6qVUTrGtfDbPWqjWgeMvd2jdrNckYuxF3Zx:12000000000000000000:OKDOT:OKMYTH
13bs8eu7JxHHAZPTNroVdFupEbyngwEthatJFLUMpFj2m3Tm:12000000000000000000:OKDOT:OKMYTH
166vB3GrNSNqVoT9EfwUrY6cacA7MgFLULyZ5unEBQjQkZre:12000000000000000000:OKDOT:OKMYTH
16YarjJySawab4DxZYLSRH56FiQQhfcJEEqR8ughBgVg5KmL:12000000000000000000:OKDOT:OKMYTH
13RrNydvEtBQwgWNsctvhWJHu4sTEFj6HVVAyE5i5SEdspTk:12000000000000000000:OKDOT:OKMYTH
12ashirtQZ4xR9XsukfRXjQJTzL9YWuiBk4VSwXqGv4NY68i:12000000000000000000:OKDOT:OKMYTH
12YPHLpCrPhfZS1pTAmcm4AUqddTzPmJ1sY6WqHS6X7JpYKt:12000000000000000000:OKDOT:OKMYTH
1LGzuXhkNRipo3f1mkBX15gNiMhh4gGVrKYNJpDpG6o7X95:12000000000000000000:OKDOT:OKMYTH
162G7vdLfJQSTmj3Z3ChJtCySAVGbroubabGeGZwEadbEW2X:12000000000000000000:OKDOT:OKMYTH
14nqKqcyeNT38ZNihhKVELSMF9etwTFR6xRoFip1AkNUAmtB:12000000000000000000:OKDOT:OKMYTH
121AfWoG5SUeafqqtZo5eVK2C3pe8xq8FxS7D1DgyqE5T6R5:12000000000000000000:OKDOT:OKMYTH
1TudyMEqToZxXMCAKFfRwG6wuhyAYLU5tZ8En2QaJ5QgMUg:12000000000000000000:OKDOT:OKMYTH
1414xyrqoGr2RNjmzJs73fATRTMecCKKs1G1pKaQ86N8uwGM:12000000000000000000:OKDOT:OKMYTH
15u3WFnvHhMeWDRm5aBvBdAiz5q4xtyVs6gZqAzdiizw9WdU:12000000000000000000:OKDOT:OKMYTH
1125WZi5D4btCk6a4HtZtmpKEjoQ472QVrk2KfGLBJgfkFBY:12000000000000000000:OKDOT:OKMYTH
13z85NSVieP5MH2fvo2xY1a8r7Hz8wxr1P9QYz8qACTwDVoy:12000000000000000000:OKDOT:OKMYTH
16YXNBnQpcoJenzpKK1n5SeZtzhshtJqgzDyVH8Vz1yZmpx2:12000000000000000000:OKDOT:OKMYTH
13xodP97bk7hdhSkPRf4i8Vq5gNbgJyVt2Cmbm4jVnpd5bTD:12000000000000000000:OKDOT:OKMYTH
14kxXRhsFNrbHauG9srzSzepgXd29W4hUmzE2L5vuJnc5mXW:12000000000000000000:OKDOT:OKMYTH
16foBk1YdgDXYrNXuJ9uRKVPbMSeNLVPiKHxepCoPiesdSmn:12000000000000000000:OKDOT:OKMYTH
16eKpdd33ZmVEpGkmdVQWn5k8jWRojbrTR666mpna4Ge5cM9:12000000000000000000:OKDOT:OKMYTH
14oaPooW7rSDRw4XnK7vce7qFSGi46hRvjJn3QuMnKKVFhgr:12000000000000000000:OKDOT:OKMYTH
1244Eapdvi23sUbo3PgzTE7hcoERSuUYW3orPFp6terMeF1W:12000000000000000000:OKDOT:OKMYTH
13UimCWfZ9nkqosHedYnHf9bY4drpZNzafq3biLJPSVEUyA:12000000000000000000:OKDOT:OKMYTH
13FTjCiYW5VY4PcjJrqi8w1fAcvGmQZz7EaUHDHsQ7mWrgWE:12000000000000000000:OKDOT:OKMYTH
14TF3AVr3bQPDAmxpqSqcFCjrxMvUgqJ9VvAF4NKozGMFG2Q:12000000000000000000:OKDOT:OKMYTH
16mAusQvFwmcmgLciBUcfrb9cbhfWjKnJhAaYz46kUZX6ydX:12000000000000000000:OKDOT:OKMYTH
1ioiYKUbKAjoVvmYP5Mnq9cVJcjNCMg6Ro76VLHsAvvLLpA:12000000000000000000:OKDOT:OKMYTH
12AqdP8PUhCWbs6ZBLuzQA33638zG1r6AkFqEBSUcuz3v1Ec:12000000000000000000:OKDOT:OKMYTH
14DsH5NSa4iQCNYFB6K5gcvusaFCGS2FgvwhthsuANDB5KnZ:12000000000000000000:OKDOT:OKMYTH
13uRLDYSaW9BreoihZNodYTqQD5pgX6c4pGrod1sPqyR94f7:12000000000000000000:OKDOT:OKMYTH
14cutQ6btLyQoaANM5aUeoAmyhffF5cRqAejiyziaMVNqzQ:12000000000000000000:OKDOT:OKMYTH
13VPmpWnSt7CAWjZdvcDoqwjxnwX7pbKbNGBBXdUYdmU2hij:12000000000000000000:OKDOT:OKMYTH
16SybsAkQAMxCMsgsxHNnGGeyBxBgm6siK74qzE65KbtQKwh:12000000000000000000:OKDOT:OKMYTH
16e26BHVdgfJEqPAT13QGtR15gBh2EAPXpQroRtGyW7k256H:12000000000000000000:OKDOT:OKMYTH
15hdWkNyxkgTfsmEobtd77MqDPVJaV17NWFf5gLXVFgqxKLn:12000000000000000000:OKDOT:OKMYTH
15VWuD6cSoa5WjFQdN9FqVHR4b577mgNz15mMxjz8xaDnj7G:12000000000000000000:OKDOT:OKMYTH
13GDnzmRqaB36r8y32cixKLDvq6TkwpGZRf5jKqTpGxswgzH:12000000000000000000:OKDOT:OKMYTH
1huvPz5TPqeoLfpVwojiDDMCAKVmF642NCkU8C56zFdvuLc:12000000000000000000:OKDOT:OKMYTH
12rhX1UkkE9qrLsbDTRDhUtGnhqS229rgL3NWLJuM6nyqp41:12000000000000000000:OKDOT:OKMYTH
15V7a4D5VQtEk6kphcJX5dA7jNJD1MpybyfUabD1sqKb2w9T:12000000000000000000:OKDOT:OKMYTH
16QL481mqYsn9PPepKuY7ZBrADBBgKS9pDRExqHWtL73ZVpB:12000000000000000000:OKDOT:OKMYTH
169FUNsLXjrUNhxr52JuYJMnMQAYereciB1YdoMZjtajz4rd:12000000000000000000:OKDOT:OKMYTH
122Fuudf2nx163t6kUhJ4hAYa7pVwF1MnrRUYfAbtLCDqk9B:12000000000000000000:OKDOT:OKMYTH
1SnGsoGcdMCGpoaEXkYhKEY5meVgTeXgKBmJGSBqqs7eXZy:12000000000000000000:OKDOT:OKMYTH
13j2EYtfbCHLQA7DsZ331qVWGFLkogzEXbU747DLLmZbw34J:12000000000000000000:OKDOT:OKMYTH
15Lfo4UbYyKVsu2uhqH3MLNYH44gHJ2C8r9T2ewWLgEkWW4T:12000000000000000000:OKDOT:OKMYTH
14G1ifBg7F2Bt96sJL1W1dUFp5drojwfRsiPUA8LJuXxJQD:12000000000000000000:OKDOT:OKMYTH
1jiHMpGJRw824FdSoGN3wEyDQtxKgt4ZP5R5zKvNMgE4qqV:12000000000000000000:OKDOT:OKMYTH
15MkFi2AUbVaJfkuaYF7CMDufV48jfZr6by7syrPhJ8SuecZ:12000000000000000000:OKDOT:OKMYTH
1h26Hf2q4ygvQQ4hZFHZDnN3VW5efhS41mKY27YtDjGiT5t:12000000000000000000:OKDOT:OKMYTH
12jcovQrL54jiUfdVKTFtoDXGfjteBcDAS7i4W4UKs8jaxhd:12000000000000000000:OKDOT:OKMYTH
16aFKeBWgFxMzzm4F1jNjLk1uDTbxq9QEqvMMfdDYLcvbYjm:12000000000000000000:OKDOT:OKMYTH
15DoHHNXmxm3CP5h9vTFrTY7eK71ozZFQuqxsfLhP5NRRQ4r:12000000000000000000:OKDOT:OKMYTH
15qA84wDzhFBGqNxnB1vgyFM83x2cbwReVjWbcTmPbKu2UVu:12000000000000000000:OKDOT:OKMYTH
1t8vDCz5YTibDFvkVkpmQykFLtsVfrYkW3UdQLmhqXjGuiM:12000000000000000000:OKDOT:OKMYTH
13q4eH9gVSxaGSbfsUTbg5i7c6tqi6DhAebKve2vAR47pJk7:12000000000000000000:OKDOT:OKMYTH
12co5W6VwWNV8TQBnnQyY87xdpDaN1VR1yZWsFU4f2yWEvqB:12000000000000000000:OKDOT:OKMYTH
14gKYoQ4LPvEiR6SZ39wBWYarqMeMoLnw6f4UD4zwd5ckqSG:12000000000000000000:OKDOT:OKMYTH
13agv1NYxZLGHJpjCBRBYTKn1xYu1HmPggh8ENn4d6fhGRNo:12000000000000000000:OKDOT:OKMYTH
12s8RRQmdnLvffsRRHuA2tSuraaQHoGaYZZob1MMsmB62gG2:12000000000000000000:OKDOT:OKMYTH
16La8dM7KaLHwoAwf2GNn1qqS2BQbsxFd7rzpkPnxVebQEYT:12000000000000000000:OKDOT:OKMYTH
1hHA96M9HiVGaAGnvWMAnUzafi7eqxbhXFBJdexJwAMLMuD:12000000000000000000:OKDOT:OKMYTH
141bBKwDkjVRPAoQGDmz8CmVzkhhLKes3KuRsjPqZyjmtr9d:12000000000000000000:OKDOT:OKMYTH
15DBwRq3TTjf2W4dRg8RN1yBTswPSU1FFoip6CWUFZQZRq9p:12000000000000000000:OKDOT:OKMYTH
19DENZfijBj5g4wmN4TVrFk7GbDHs7FJudLuVQBcWgcFNX7:12000000000000000000:OKDOT:OKMYTH
13aRGUUvDiwzYwnA256xJM4umNrkk79iu8q6YhaPKA1Qi6tv:12000000000000000000:OKDOT:OKMYTH
138Gu16BeyY9J4rJ2oNAWs5NYZVNhcHDYX56eJh1iQypdXiy:12000000000000000000:OKDOT:OKMYTH
14yx6bc9CRHgnBp4nf2rS1dTYyMf4ZdQrmw3uZddxxusbGf4:12000000000000000000:OKDOT:OKMYTH
12HTurnZM5YQpzQ5uGtjVK9z9uGmvjeycqCsrPRnqmAwvp6o:12000000000000000000:OKDOT:OKMYTH
13PMhqhbw3x1a92E2t16pRgoWxUmbMY9QLHLMbK3Yn411zyJ:12000000000000000000:OKDOT:OKMYTH
13zfe4WAUWp4NNP9QJ1knYsz4CEAheQeGpxAzdL9A7RYAYox:12000000000000000000:OKDOT:OKMYTH
14xXnKsiBAXjTWKNc6ZA4zta5W97SsaxbAYzj3JMvPK7yDvF:12000000000000000000:OKDOT:OKMYTH
1Cx56JZ6WvAnGqVQhyDamhMopktHo7uZa1Me6gNzF4sV1wR:12000000000000000000:OKDOT:OKMYTH
154kExzir3NuoN8bRJRk1pLugCbYdzEHWJwunSQZMV1TAdZV:12000000000000000000:OKDOT:OKMYTH
161WSmzVPsppPfKWdpaqB8u48hqRdQDH8MXMKUV7y8AFekSH:12000000000000000000:OKDOT:OKMYTH
14T3G4jqQUpgPGt3KCqyH46A7n9ZJ2udwRaZKsZAEy7SFZvz:12000000000000000000:OKDOT:OKMYTH
12v26s9gmnNvAUQZWeasXrEJin4wM4eT7dLWGgymhvoSdJq:12000000000000000000:OKDOT:OKMYTH
1hUTtAEnj27ZsJktDgRevhj8Dc2kA2pXZx1SXfADAMxC86M:12000000000000000000:OKDOT:OKMYTH
133YENcgQR4e1aJinT174Cm8RsV7MZq6yJbZjzpE8NXfg72i:12000000000000000000:OKDOT:OKMYTH
14BnU2iXAyRzNSfheKdRAwXapZHcezsCRYnm1N8kVK5BvPBm:12000000000000000000:OKDOT:OKMYTH
1qYuMwMG3EDiAwdbjBWLgC7ZGwRL5HEgsbUWHjFwKnqbMid:12000000000000000000:OKDOT:OKMYTH
15YqD9Njmjm4sPTqyw4Gf7kdgAYvV4nkMNMKoejCbjcmUpxV:12000000000000000000:OKDOT:OKMYTH
15oRTtR5Szh4W5n7DQuHLEWUnaf3qujbbNHcKfZC2AnkkuK7:12000000000000000000:OKDOT:OKMYTH
12gaF6Gj6pw2QwGaGjubsfd3k89tBLyWCSd7Y5Qzz756wFCC:12000000000000000000:OKDOT:OKMYTH
16f2EfTCc8qbsDpS1dBQt5PvRuyie9pmxk5Pu3KVcZAtqb7h:12000000000000000000:OKDOT:OKMYTH
16naCXqsaVFS4sBsdBRQGaf4UXHJjsZfLx4NBd6Pc4F37QVD:12000000000000000000:OKDOT:OKMYTH
15xtffghU2yUVgU5CKJFfAzm3kD7bsyKc2eBnGZbo13g1N9T:12000000000000000000:OKDOT:OKMYTH
13MVsMnWYB9JbqnKyzuGSkzQ7Nv8tNySvFPmjBrh8FeSNsJc:12000000000000000000:OKDOT:OKMYTH
15Ty7mdiQNarKx1qp7uUBkecKnLzkdvh7GpMXXF5Uw7nTpy6:12000000000000000000:OKDOT:OKMYTH
1HkBuaAaAFY2bPDuDQc5xNFNjvR8sZWBz6SgwFF9RsvfuCg:12000000000000000000:OKDOT:OKMYTH
16ARPqZh3vJmNghkq42vAyM9Pj4CjppTtjwhQaXpLALbwzjm:12000000000000000000:OKDOT:OKMYTH
14cPZY9MFdLwkqAPtvvzmqi65WXJsbYCHi8PmhjHjwfNn4zK:12000000000000000000:OKDOT:OKMYTH
15MMkTVTgS88hjPeBs5MJwKhzQF7Q4Jy4Tb85vvx76tJf9fr:12000000000000000000:OKDOT:OKMYTH
1xUHswR1hNo69wXkZShBkdH2Vim6aQcN2wzbG5qqFapkY6u:12000000000000000000:OKDOT:OKMYTH
14nLmXdYunuDWwxkvCFyDiLefAmuAg41NmpfuyJmJ5JQsUCs:12000000000000000000:OKDOT:OKMYTH
14q9fNqEUmPBgHUKhNZQYYWhtDB9FfasNNFmTZ1bMMXT1Qsd:12000000000000000000:OKDOT:OKMYTH
13Xnba9KzEF1bmuRib5MLuHkqG5xxe5qgn1Ye3yUKMoLeXSw:12000000000000000000:OKDOT:OKMYTH
1346sdyCZiuB58qhrkFRKZi68ftdUFfWMjFmbch2ukbicLo1:12000000000000000000:OKDOT:OKMYTH
12RuESsXLMDnN8RaRVnGFgHcrXi7dKLTjKd3iyQ5H4c5VsWY:12000000000000000000:OKDOT:OKMYTH
14BrBGsPjkrsbnd6ADxdRf9K27JBR7jLPbVKxyH7538fxBaM:12000000000000000000:OKDOT:OKMYTH
158idnLcFHLUVLBefvf14otHabWy9d1TmoMQKoL58GqYUbiY:12000000000000000000:OKDOT:OKMYTH
135G7tZUveDQPw5x4SoM5z1DxaQ3qZRJHH6uMpdvataKB4NQ:12000000000000000000:OKDOT:OKMYTH
13XPEU4k7Xp4hP7RbSjwmVx9VfNyH6NZZfGC6ZBDqzbxaFCW:12000000000000000000:OKDOT:OKMYTH
15c4Pwzyi7r5k4HatCuxFfeQdXoxjhVrfRV58cHNoc9R9wuG:12000000000000000000:OKDOT:OKMYTH
14wske1dpqZzX6ScTyPu5oEc4d1dhrno6zikN845PrgSnsUp:12000000000000000000:OKDOT:OKMYTH
16SKkHNCuM1GfsMNwb4phatgabVGmdieghaQ3dsuwe5mRXUq:12000000000000000000:OKDOT:OKMYTH
15c7Shy92isUioopnmK3ue6pDrp1FP88mFW7m9K7YXYPyLFX:12000000000000000000:OKDOT:OKMYTH
16UEe8ZaseucXJ1mp2XcJJiM74pv5ZsnQK7jHets1PJYAhvx:12000000000000000000:OKDOT:OKMYTH
16FywVA6kMJFthgmNLp8jRVH7XNTUt5ZygPVdTBXcTDufXTD:12000000000000000000:OKDOT:OKMYTH
142iiVA1YSVA2RMwgfjUeZGpRuk1xiY7t5iGuBAuCua9Yimm:12000000000000000000:OKDOT:OKMYTH
156kuCWdPd6amqTee36ThU6iS8KyDD3fQP4FbA1rDWcvcojQ:12000000000000000000:OKDOT:OKMYTH
14TBqtMEap2LMaUm8VCeMuqJw7QikPNAzHeC49ttnp8Z9jJU:12000000000000000000:OKDOT:OKMYTH
12ycEF6ptzgLpnZ67AsbxsmHuyfPFGXM1MkT6xZsXwMAwKSu:12000000000000000000:OKDOT:OKMYTH
15Xd1XxUFbxuZd5fXrfbTTUe9iZryUXJ6oFk3UyW7VPufpPu:12000000000000000000:OKDOT:OKMYTH
13DYU9FnrpukDcD4rGeqnktncMdqhZ35ng1PRtKdm1C2X8YT:12000000000000000000:OKDOT:OKMYTH
15E6VgUfDgyDS9NqJgjctFVYF25urAmfpAKXgLGxEDGLYWRr:12000000000000000000:OKDOT:OKMYTH
15PbFrAgBPRcVsiiwX68x5c7rzUqHxDPv7SQB4hdbPXsqzb1:12000000000000000000:OKDOT:OKMYTH
13o8M618yFszuFsB5tEgjWQGHk9ubxL5vbL3Xz3eJ67UMxxG:12000000000000000000:OKDOT:OKMYTH
15WhUDnUdCqrx6C9WmezunrgYXicXESYoQ27WfsVxhobLHoM:12000000000000000000:OKDOT:OKMYTH
159tBwgDrPoHUC8tD2poB47yeYU4TT6RBSo42m1Dk157DtJU:12000000000000000000:OKDOT:OKMYTH
14c6K6e1rYxYh5uCaUmNWDYad6CWAqqforq9TVFLcyzhvh6z:12000000000000000000:OKDOT:OKMYTH
1xYQ18BDZQetL8pY65ZrStNxFp7HwndkX84Vc7yU3XHeZee:12000000000000000000:OKDOT:OKMYTH
14nAC64oUBbAi6ELdMHcgTApX6xPdGomEx8VZUTdxb7L6pYe:12000000000000000000:OKDOT:OKMYTH
15aAo8SY42HxYgSp5RYkYwitRaDUfQJpwRBcQr4vgZNS61BV:12000000000000000000:OKDOT:OKMYTH
143XY9uECCNyMfEdR1dZS1tr8b9extq9F7t9fw7cB9J1ctfP:12000000000000000000:OKDOT:OKMYTH
12tYaZ6K93s8tTETsdqpSms4686Pf51cgRxZ1Ux7SxRctUtv:12000000000000000000:OKDOT:OKMYTH
12m6DpQrJeKN9EJZmv5X2dUAJNeatJB3htUWCXRvnrp8SpV6:12000000000000000000:OKDOT:OKMYTH
1C87UGkDWdsYeeHreyGYSwZBS6w4zqNmwHU9ESEUbDgMjhx:12000000000000000000:OKDOT:OKMYTH
13D1QGZA5bUuseSiBBfADqrZ2ynGAqJGz7i3xTxXSMvGbNi5:12000000000000000000:OKDOT:OKMYTH
13KMydQN9cokKKDysENDQannCzbGrVmzLWGsBzegHt7waqEa:12000000000000000000:OKDOT:OKMYTH
145Se1YpFG3vQWKo2PvnRLTAscfbtJbxdg7sgbdUbDmEtMZW:12000000000000000000:OKDOT:OKMYTH
15jzvfHAsAtURihKRAafcTZF1yg9pk6BDH6aUEX9ZG2zpPRx:12000000000000000000:OKDOT:OKMYTH
12zTyvUx657zxTrM6K8jABjvng8ttWS6MHYoq79wcAzLNa6M:12000000000000000000:OKDOT:OKMYTH
12TPcvhxYYu9kvi9CTpZhDNhKF1Rck6Z18f4hEnXDvQgpaXQ:12000000000000000000:OKDOT:OKMYTH
14GaEPLvxS3hExzCQqyc8DNJkWyBYbzbzgJNWxr34Tqo4h93:12000000000000000000:OKDOT:OKMYTH
15VERnYD3jWPcfcxKMghEMANpmZsiXtLivUKyxinyGaWZyFx:12000000000000000000:OKDOT:OKMYTH
14gctCLBNT5YYFGbK8UMXpeQwKnTqFkxjDRiJ4tBJXNaZ6Zu:12000000000000000000:OKDOT:OKMYTH
15CPGe5hYy3MUtW5eAq8crmVGDgv5ucEU4ivufekn4shFTuH:12000000000000000000:OKDOT:OKMYTH
15RbZmezyZqDREwbkZHzeYtLwViFGAbmQtVbfvyXsgK8S9vr:12000000000000000000:OKDOT:OKMYTH
13pQ3ZbhPiW24fynqqZRbmoqxCrgaqndHRvm3umKXKCptYSQ:12000000000000000000:OKDOT:OKMYTH
13Gxp1hxFuhy6DDxjWpTWczzNFJtNmu8wKaYLmdcEhq1nAEC:12000000000000000000:OKDOT:OKMYTH
15Qxrgx9QooU2TAfuQM8ZRJnaNxbFvpyBbzNQiqcrySu89Jr:12000000000000000000:OKDOT:OKMYTH
14tSv3wLSniJuLj6eujPFggdRcYMHTtEasj9JG2wxz5sjKNj:12000000000000000000:OKDOT:OKMYTH
13ApoWih31TFAuxsPNifP3TrRDKFm9Y5bcXgEB5iRdTcqTib:12000000000000000000:OKDOT:OKMYTH
125CF4tzkRrRPdv5pX6QhP68tgWHEdXKAsxbkVbi3P3LNLos:12000000000000000000:OKDOT:OKMYTH
147ceVhznsDcSwX7iYp2QEZLwm8rqLHjdm4zWcNf2AwUBfpe:12000000000000000000:OKDOT:OKMYTH
1EoLdRrqhRgkbduwqdgsr8ieX6zq1STdczinQgUg5kzx1HN:12000000000000000000:OKDOT:OKMYTH
14ozv1LzbJcsNbHJwhC6acb82t5RzHhEtrF5jgxCPETKPjik:12000000000000000000:OKDOT:OKMYTH
145mLXXir2V3xNa6WhQrJK6B8M4D27UmQe8RiFRVstbfyhgA:12000000000000000000:OKDOT:OKMYTH
134aEYfS4TdjZV2b1Z7yYsyhZ4ExibuGiuM12JgAexfhCvtV:12000000000000000000:OKDOT:OKMYTH
15pR9X9zspggCgD2Z1fMUYaBAX2GApfH6mP2pikoCGaUymFH:12000000000000000000:OKDOT:OKMYTH
14TrvJE2AL3iFpJpcgd9XXxGgwbtrQjaFCMkrbF4TX6iMyjW:12000000000000000000:OKDOT:OKMYTH
16hpEL33LYEVN2uwtuK5Nr1b7ATaDfBXyScfY1YGCFYrGTBs:12000000000000000000:OKDOT:OKMYTH
15aQqJoHB1J1cDSrKyZF42DUUomJoWFVnaR8F5SN8Kf2EgQT:12000000000000000000:OKDOT:OKMYTH
13CL8AGk63VLUgH7pzLraB187DENkpWpx7riNKbSp9q3sD37:12000000000000000000:OKDOT:OKMYTH
16iaoDBh9VtCniLhLQcjgBhc3ix2kxJvik4Xuuf917YWoNio:12000000000000000000:OKDOT:OKMYTH
12asgvd5PM3zFjK7q1DYvwVgYEUNaDc9K5MeHn5ZeLoWLBBj:12000000000000000000:OKDOT:OKMYTH
12vrPCwqtJgnmqUQ7vwihGX6HPzECHR9BU24GJ3PCG8Bg43g:12000000000000000000:OKDOT:OKMYTH
1otTuwQS2T1XK2WyGysrv7UwQjvjx6NijcJSZhm4H2Ahb3S:12000000000000000000:OKDOT:OKMYTH
15QVehgAoq4u3giBKwc2B6YAd5trNVAqEFuMkcfTtn2bH65F:12000000000000000000:OKDOT:OKMYTH
16SXV88iqdxwQ5foZJvQzsiE9hLAjRELFmeHM3Uvs5wkiobi:12000000000000000000:OKDOT:OKMYTH
13T3uKLppXwPAS6EnCkJFcpkSnyxkrEmEUhzUzrW6BrNEXfa:12000000000000000000:OKDOT:OKMYTH
1211hvGNsSWiYyf6wxRLzLvRpvuLgGLxegWPQqvSnz6eCPjP:12000000000000000000:OKDOT:OKMYTH
14G3wsspTnDHGLMyHBi9vRuVmTi8Yz1UyegKoBh929ywQrAi:12000000000000000000:OKDOT:OKMYTH
15i5qQWauxM1zm4y7bYkAaV4aJLNvmzMfJrCKuvXCSG6S9kA:12000000000000000000:OKDOT:OKMYTH
1q9djzntL6C3e5T94Mpwa1JE91U7TpAy5CYFrJZB75Jfegb:12000000000000000000:OKDOT:OKMYTH
15JiX1HtoCi7XygfAu54V3J4yYksPEq6bDZBJydQ2ufEsdYX:12000000000000000000:OKDOT:OKMYTH
13ct73hu8eHqm6ktAj5ydL26xSo8qfp295KhZNXQgfqv4yse:12000000000000000000:OKDOT:OKMYTH
16dMi9rLi4EfiqCqUK2y8ZF525zERfn59Vk9UDV2w4jh9hj5:12000000000000000000:OKDOT:OKMYTH
14FsyGJ9Q74L9LLCJXbZ4fxGi45MHnp2FiTntA4bto3f7Wzf:12000000000000000000:OKDOT:OKMYTH
12uFD6T3BQfVjjxtFJLNbN7b4BMoYE8LRBAQ7pZVZ9kYcDAh:12000000000000000000:OKDOT:OKMYTH
1GoZbsrhg5eo6j3zetBCqbgZnC3nrPzVsu8xWyEHuD3x1mm:12000000000000000000:OKDOT:OKMYTH
165PQaMm4EspsdKznaL9HBjsa7dqpB5k6dZVku7ZWzjgeS9v:12000000000000000000:OKDOT:OKMYTH
14SVzzPUZeumP2z97pSoBoYGHP7fSPhN6HapVj1QMYydAUQv:12000000000000000000:OKDOT:OKMYTH
13Sm6swJjCebU527WU8X5P7yazyNgunrUZPjsnFA84mHKkRN:12000000000000000000:OKDOT:OKMYTH
14htQjkH3z8B8zqgoiBo8JpntSBVqoK4xmAw23CYbpN8M7pF:12000000000000000000:OKDOT:OKMYTH
14ABToBWX9gyhorwUxFjm3m94tLJGkJn4om2GxvYgpLoXyxa:12000000000000000000:OKDOT:OKMYTH
16Zhe8uY388ApjUMRfUXezj37ttGFkdi4Nus26NVMQ6s9sUg:12000000000000000000:OKDOT:OKMYTH
13cnXn2HRuzQSSGoauQqYpDqiQXTMYaiZXHWbUfbjTi1Wdwx:12000000000000000000:OKDOT:OKMYTH
14d4xXM8pRy2suyduSEmdyoV5a6eVycYekbRrLo6MCkcFNc:12000000000000000000:OKDOT:OKMYTH
1C36bnANXbDjiHGNj7LGC5A587mChF2EnVZBhjbq5hBkqpL:12000000000000000000:OKDOT:OKMYTH
14aaKNngkASYcGQURZ8LD31SHQ1epPrWLcR7JLcPNv8xKRPM:12000000000000000000:OKDOT:OKMYTH
12vMHwApJyK8iAAD6dXVH8iardQZjYxq3VCxU36byKt53hdG:12000000000000000000:OKDOT:OKMYTH
13kaXNLFUgP6weBRQ8PcHqrMDnd7Kv6XpH2UHfB1M5u16fZN:12000000000000000000:OKDOT:OKMYTH
13K3MKCsADucGXmMFtUQV8gcHxUGEeCsT7uSKsq91bYvj8hm:12000000000000000000:OKDOT:OKMYTH
12zoWS41HUefpqbQ1xLMnaQouQU12QHa7QipqrheckUMNrwa:12000000000000000000:OKDOT:OKMYTH
14S4SpqTxB2ZJq4B5muuMfrvbaAnqEbcD3zUZLwm2RRYXNV:12000000000000000000:OKDOT:OKMYTH
14VdrCDnRJnMey3yAzqohdGtmGqHbyBvuQw2zt6ZJsNvM6u:12000000000000000000:OKDOT:OKMYTH
14VCF2nct2xcsmf3zdBUwHY19HJQJuP1dV4ScpCFMDr8DMeK:12000000000000000000:OKDOT:OKMYTH
15tg6TcPRPEUfesPnaT9cLFuLFKUxtqVfDbroCyD71mDr3GS:12000000000000000000:OKDOT:OKMYTH
19XdxWbRT8EJYeFqsBtvXd9rfEdAGskQmVq3kTyTx4w4xPF:12000000000000000000:OKDOT:OKMYTH
137Knp3EYAvouvMhGmfbAYWsRMpve2MUU9NiQfSoqrBaN9Vj:12000000000000000000:OKDOT:OKMYTH
15WNRCyNG34tWfPZP6jBjUjycKamtUTN1bwUJGtrneJu8i1G:12000000000000000000:OKDOT:OKMYTH
12DTaE1nC2u3ujwJZsjcUTFUCKPFccfUPKkzaF6gY1uFyjVp:12000000000000000000:OKDOT:OKMYTH
155Pp3KjqhE26y5svq9Wtjt2iTWsdNGjFNheTXoTvUrr8ZRG:12000000000000000000:OKDOT:OKMYTH
1hRLwM4zX4yrCEUSVpA2CNeFbApVkjxWrkuXFyxQWg9qojJ:12000000000000000000:OKDOT:OKMYTH
172sL1n97aQnRCuqxxWG4GLky8oCskvTWqpeutoUi6Njstz:12000000000000000000:OKDOT:OKMYTH
1nqgHryCgjBLWZRDfZyqjoHKCMJUqbicb3w3yZVtD9CogPA:12000000000000000000:OKDOT:OKMYTH
12LnCAxUG21o5NSd5ETBtRFGQQM9i7JkyxcP8E6SEVbEiU2S:12000000000000000000:OKDOT:OKMYTH
152z37jL14ok5vpPDGoV49TwAHDHH3WoaS5cEEspcJ7tafwf:12000000000000000000:OKDOT:OKMYTH
1XJgG1bnGDA4zG4nw23Cp58AtK1nkHvyQ41f3WEvRhnwGXB:12000000000000000000:OKDOT:OKMYTH
15BUBbxpkrsydCq8qxJeZRSsoWCCPBfH18kezMr8Cq46By58:12000000000000000000:OKDOT:OKMYTH
12rKxiWRYxvLUBQJFG6GiHGXt2oZDfV2ioTS4AMRjVkzJzm2:12000000000000000000:OKDOT:OKMYTH
1bi7qKX7h4fh1nvKPWHt9Wbgkmuc81krLqVRaP3uxkAtVZc:12000000000000000000:OKDOT:OKMYTH
15pekF7iuSefvMpTvCzhZwcc1KzbMCexksourePYsLNY1Ss8:12000000000000000000:OKDOT:OKMYTH
14uVMS9eqEXpdqJSd47aaKo2GDCUSGLA3VboKu6pu71sJGv5:12000000000000000000:OKDOT:OKMYTH
12XpZh8vzX2ficfinY1qwoTXCYSnPAeUGQX44Fy62YCuV3aA:12000000000000000000:OKDOT:OKMYTH
1kJvgKm2VTSF6qJ5m5joKqfqDvHkxsZnt2XffiYZNZDs7Zw:12000000000000000000:OKDOT:OKMYTH
14GGUefkE5582LHBWKKyxhzLfY3tkcDSnWLBw6R5t3qY22SV:12000000000000000000:OKDOT:OKMYTH
1j7To6e1LeHTrPcK9p6CWqJWhihgkiJeRnMBnyUUTpAZ6Ks:12000000000000000000:OKDOT:OKMYTH
15TXMYvrUEpJgYFLRjCxXENjQ8Pnmi1a18wDZ5GwUXjGwqXE:12000000000000000000:OKDOT:OKMYTH
13Xry7SFhqtoKBRimJ2YqPCcyR6zDhJCCwDFPYKtcC2Q8GEL:12000000000000000000:OKDOT:OKMYTH
14mAACgMr4yDp6dXMzt6YzSAHmqQVE87FNBN63CkHoRNNFx4:12000000000000000000:OKDOT:OKMYTH
12d59vSYq8F2CbvzEhPxS33S5xAy1j5qTqrg7ijqEEb5veSt:12000000000000000000:OKDOT:OKMYTH
12PxJFuw1E5ocy7RzTnNcwMgtSFKFDthmXTt9aoYdMfQzA12:12000000000000000000:OKDOT:OKMYTH
1XNukPXoLfE2m6YM99q8M4uAdpu3QihuXtgxjtuDa5UUVmZ:12000000000000000000:OKDOT:OKMYTH
13NHAZBeFv77giZ5U1uXtcUfRR3ciaGKK2wQrKQtC8EXAF5h:12000000000000000000:OKDOT:OKMYTH
15EW6jauv1kpVKfDECcgLwYD3voFbaYYFTWCQkL9QCXxVtA6:12000000000000000000:OKDOT:OKMYTH
15RfqxPxyqy8Z9pEEpii5MFESenNPhRRoVJ88VAdR6tZZU8A:12000000000000000000:OKDOT:OKMYTH
14R24mobowSZx9GDuZvCpE6EZxdQ3p6L4QxhCJF1TZpS5XZ6:12000000000000000000:OKDOT:OKMYTH
16kERPx1M7gHQU27rJHAVzmFqnf4nzaDRyto1Khob5S8nyMo:12000000000000000000:OKDOT:OKMYTH
13Hrb84bY11fRuTz6PTEvYCu9x28Ht8Fjrr3WMqg7SpD3fhp:12000000000000000000:OKDOT:OKMYTH
158BYdQkMr65C92HekrftnN8Zqu7Q2FenQGexe76oGcg9p1W:12000000000000000000:OKDOT:OKMYTH
16Zip9WyfXLLaf9sQcVYHCVexthYPo3VyDpBae2dstXba6a9:12000000000000000000:OKDOT:OKMYTH
12RXb5AF59kUDotFz2Pwniip3sTfBbZUzgmpw3f7fD4jb66S:12000000000000000000:OKDOT:OKMYTH
127C3j3jxu41a1NrfP4rvseSh2HJxe8Pq5dd4BXToJpQjsUZ:12000000000000000000:OKDOT:OKMYTH
1rGm6PUd4R9nRzmMcueNT2oCBjwAzaYAMQ8yNZvWgm3nKkm:12000000000000000000:OKDOT:OKMYTH
135GsYhHXpDHgPhsteqUKL2zJYYEo5dtKVcnUpbMm4JNCUo3:12000000000000000000:OKDOT:OKMYTH
15DTb1uG4LYbA2Vg595E7vSiUk45Bm1ecB6ACs9HJ7cjyVu2:12000000000000000000:OKDOT:OKMYTH
12HnFK4aYH9U1mX8Cy1a1w3ck8n4ZSPCtP4WD3imJig4ZVqg:12000000000000000000:OKDOT:OKMYTH
16D2TW524QGkhuvm3LY4EMwqetkEEpNxyWhsb437ixiZAvCE:12000000000000000000:OKDOT:OKMYTH
12DuSaThgjwdN6Ey9ZmaAcDUSAayBVqvUuwQTb4Azi31eGgJ:12000000000000000000:OKDOT:OKMYTH
12k6Qmqn1vcr5FKgHZ5YvCt4cgm2FU1LcqGwEMeszyVTsAsH:12000000000000000000:OKDOT:OKMYTH
132vkuj2vN4Z3XZ4Q1Q3fhXrjRtQyAcqYhERUWrjowK2b6k1:12000000000000000000:OKDOT:OKMYTH
151ZqhdNv6TPA5jH9Gj6ha3XcJBfsGAQwGpnUTee3qyCSrHk:12000000000000000000:OKDOT:OKMYTH
13FoXLNgdTFz97A3fop8mrjvxjA7q6rVEXZjAyCBQM9TJp7T:12000000000000000000:OKDOT:OKMYTH
16JJxDkGZGx4VtVir29VxXBQMqS5XxQ3KSpQvZfNFSScv5m7:12000000000000000000:OKDOT:OKMYTH
13TQfMj8ex8X1Y3aV2EjzMgwzB5hzBADeSALtJ7sCuiMnbtP:12000000000000000000:OKDOT:OKMYTH
14sBnAFhE4W43m2RY1sP2j2J7xroVKnptSpMukrtq7ABKakG:12000000000000000000:OKDOT:OKMYTH
12yrBDHcFVPj7HGynj9rH9Zwaa3pszns3g4b5zvgZLTCXttZ:12000000000000000000:OKDOT:OKMYTH
16BKVTKYB8a7bY2dnHTRVJXhdpWGL2VMYREoDb8qzfzbzboA:12000000000000000000:OKDOT:OKMYTH
1ZNPQ3973RVK7sptc6YmYPQkXtdavByy6BxXxJwx5oBZcrg:12000000000000000000:OKDOT:OKMYTH
13tNGBtzaf7gwLjvuBDXCE4ixzadMQWkmnD2H1XUZGk8cSkm:12000000000000000000:OKDOT:OKMYTH
1AEkZ37n7sodRnizmBrgxjYHntA6CnSQ3nJUhZH7jt6Anqs:12000000000000000000:OKDOT:OKMYTH
14eETQ9V1uokU5neLgKjoHPTeUAMddUume52HktGX7a2mnFE:12000000000000000000:OKDOT:OKMYTH
12aNsQ8uvBukCNZ22YoF2FBKHE3vmmN5w3dSnRT9X4zG2K2L:12000000000000000000:OKDOT:OKMYTH
12LMJM91YZr3uBWy1vc4VwUCpUc4j8bCXztad56fbTGPT4G6:12000000000000000000:OKDOT:OKMYTH
1TTwNr3m2dZUxV3XvXqPDabQJhU1VR6QTQqAYogujeCBtix:12000000000000000000:OKDOT:OKMYTH
1QPoRMNW9gKaGEYKWHi4McrTu6zvF3FtPjy6C5T4s2xd8jr:12000000000000000000:OKDOT:OKMYTH
14r9ZcjJEYVgnq4oTFcKGsHhBnX4wrd1XY8SKHxbB5BDzASw:12000000000000000000:OKDOT:OKMYTH
146YJHyD5cjFN77HrfKhxUFbU8WjApwk9ncGD6NbxE66vhMS:12000000000000000000:OKDOT:OKMYTH
15z7o7tTwiLUe9V2MJcGroTik4ikhQyP3AFibCKH2b5MQ5wb:12000000000000000000:OKDOT:OKMYTH
15F2HqLs2g5ZhN4hwJvHqCnmB6EZTQiTyWemjqknNScFVvV:12000000000000000000:OKDOT:OKMYTH
1UcW5fQBwtzfz9tHKWn8sAnLi3cCk92sFkwjEzHKy91ZDyf:12000000000000000000:OKDOT:OKMYTH
1pGGcrBGUwcyDfx5wDt5R2pnWT5S36yED5cZDLTEBiJxqkc:12000000000000000000:OKDOT:OKMYTH
1Hty5DVHhYKcLRoR4M1yxZWKzyKHacHw4cD7XnoFnhrQGxK:12000000000000000000:OKDOT:OKMYTH
16DftfqrxLLo58o5BSkJJBjr7JAYE66DtoppY9PQSV8GdCct:12000000000000000000:OKDOT:OKMYTH
12cu3HPTwSCnnoRFswSQhJnqNXAGNCWPTTgbbuHondQ1bg8:12000000000000000000:OKDOT:OKMYTH
1WHxfJP2rVe2MBeZBkNMhpzzxFa5216bXJUuBMf5sCTXbA1:12000000000000000000:OKDOT:OKMYTH
15WM8ppcg6jrUNLbHSGp9pWWQNxKMTptW62YeaAZmGprLbVQ:12000000000000000000:OKDOT:OKMYTH
1hDfkrAS1AXTSWPWyj76qvSdP44tJjFBVKpWSgc1fJrzcVV:12000000000000000000:OKDOT:OKMYTH
13acTbvToP3rSNPqmUQmac358YwZynkdsj7MKhVq1hVBRSxh:12000000000000000000:OKDOT:OKMYTH
14HrQMYDD7KY5CwdCDscjMGcM3oHudxj3cwVEd6NPy9BZtrx:12000000000000000000:OKDOT:OKMYTH
14TYknBRNtrtLHn6Hunp91MAeyv5z3PLFTG6qQRemfPGKiFh:12000000000000000000:OKDOT:OKMYTH
13fUgBjC4cL4WFvdVUgTxPK9deiAtVpQ6JQeLPLrf57Wmeh:12000000000000000000:OKDOT:OKMYTH
16PJfw4L4nwoDVs7xgPQHFHwXJd8R1BzRajS65NpG9hMoAWM:12000000000000000000:OKDOT:OKMYTH
13dr929J6UTnkzKWFg9BLh58jApGuCxx67P2HCdmb4LLMxtT:12000000000000000000:OKDOT:OKMYTH
12H6osgpPvo8vquYwP6YywGogJwCFC44jqbZ6BHsCjsWmeHe:12000000000000000000:OKDOT:OKMYTH
12xGjorFJBt9AwnNQA8kueeYBAt8Sjz4SrNRDQara95774Jw:12000000000000000000:OKDOT:OKMYTH
1QvsTLBdHpAUV8auRQYWBm6JBPCmvnhhVLSbPtpHqK1W6Sp:12000000000000000000:OKDOT:OKMYTH
13i9r8tWHQhbyFvvuGWLdi4TbAnLcnPVUur4x66cxzg1QN46:12000000000000000000:OKDOT:OKMYTH
16NFHrfPhw6H2gVVxZW9QsakxbgaWuuU3PXXcV5vnmbsv5L8:12000000000000000000:OKDOT:OKMYTH
14QSgAA59z8h5EiLpR9rUJZ5vDenvKczxSfTLBZipfpqXXpK:12000000000000000000:OKDOT:OKMYTH
124KkgxGkM1WMtRC7KKEDj7M8pTWCvZH4eW9wTbd7VYxBZ4C:12000000000000000000:OKDOT:OKMYTH
12QuMTdhPgsH89Dd6SxKxCr9Ctqg3wL64vQxGdxupNhyzxy3:12000000000000000000:OKDOT:OKMYTH
15EzMdqgjievpXAeaiQhUNcMkMYfgTUbc8Zbz3qdHA8i8fWA:12000000000000000000:OKDOT:OKMYTH
12AoRGm9yyF9nBUunVLBmdBEwvbot4mMLrbMhJgX2wgrChnN:12000000000000000000:OKDOT:OKMYTH
14No5yPi7sge48QxV49dhmFzym7xFdZqqifmY4QgCYWjbD7h:12000000000000000000:OKDOT:OKMYTH
1jVgNgvSMCFJBzMJp55L9ehChR2to6d9qZ4FeLxfGTa2bEN:12000000000000000000:OKDOT:OKMYTH
1kAbdhZDbGmaXnsGT5bPWD4rCJNbtiLT8G5xdFhBxGpQWaJ:12000000000000000000:OKDOT:OKMYTH
12cqAD1siFjP3hkn4V328AnGRjQs7h3Gx5Y9oYsnDvngkcz7:12000000000000000000:OKDOT:OKMYTH
151KNDc2pa7M7oddHEU4XwcZNUvqajJ7xNz4AhekguXXQ7yf:12000000000000000000:OKDOT:OKMYTH
13dadDMsxxYTYGvJHLEoQEB5S3UmrwjqL652hdntpWF5c9Cg:12000000000000000000:OKDOT:OKMYTH
12oWCZqTEZ38NKT7Z51cvAoF169mcS96zZ1E5ayaRyR9UnHv:12000000000000000000:OKDOT:OKMYTH
14qE4p3Mi43ewW5yvvN1pKWCg9CkBJk29zgThY3exvZuYRaP:12000000000000000000:OKDOT:OKMYTH
14UwYi85tonvhVG9mksQfxMrp2qRDLU7mREBEgM18uw35jK5:12000000000000000000:OKDOT:OKMYTH
1tmte6yN2C3W4Xi3mu3YgixNv1x78kyeS1SMHFsiRBrYVBq:12000000000000000000:OKDOT:OKMYTH
14iRxZkUzFoBTACZLcr96TA9ismM1P8LbLMuNCeZxWTX9DRc:12000000000000000000:OKDOT:OKMYTH
12pMeD4kBB24RCbz1Lnju7oyDGbzm7TRZJ3oUEWiy2eXYbmX:12000000000000000000:OKDOT:OKMYTH
12m2RARxRdNxnVJcnsFpQAiXTe7ePxZKzFew5UuS9z4FZbLg:12000000000000000000:OKDOT:OKMYTH
16HUxVEvwEasYRxtEi4EADSMLn36obpS4ZSisLLYUo8qwoTF:12000000000000000000:OKDOT:OKMYTH
167QYqrVTuUzJtz997Gzbq77g7vBMNpg9rD8K8X7ce6fPJBN:12000000000000000000:OKDOT:OKMYTH
1jN2RfrB3SJrzC8PqESLFHT53BrN9dXNon2Q4p9y7JSaMks:12000000000000000000:OKDOT:OKMYTH
13XnHmzLHph54bp68gVGnBubGPzRoxGsSxmtcp47Xew8ir6T:12000000000000000000:OKDOT:OKMYTH
15YmcUHyew4cCUsuJUgtCWDK9x3BbgkFzkC1hcxTJp2JSWqQ:12000000000000000000:OKDOT:OKMYTH
15GQLoYSR7hw4ofTqb8b2DqPtbq2jQCXqdDsUKnWgCeG8Bej:12000000000000000000:OKDOT:OKMYTH
13cvvHKh1Y9SALWwpt9yf6T9bYRKKQ3UpaG3qfsPzNE7H5R4:12000000000000000000:OKDOT:OKMYTH
15KsGPqftekWhkxKbx2bpUS3k2bLuMSN9kBQoQEE2JQL8GM1:12000000000000000000:OKDOT:OKMYTH
14iEvcNRPJj6uZfp16gSmQF5FD4zBFv8aEq54X8uUUfWDmQj:12000000000000000000:OKDOT:OKMYTH
16SjqrkZhugvqrs273HNK1Pai8eDdByy8X8UseYRDQ9Qp4Wd:12000000000000000000:OKDOT:OKMYTH
12i6arGtZYHnnJHvMW2cbE6cSEySKKX8RBSVDLZk8B7SzaXE:12000000000000000000:OKDOT:OKMYTH
12Ar5d7dajBsSvqWyqsajBJqgkfVoUVr247MEP1GxWW7MEB9:12000000000000000000:OKDOT:OKMYTH
15igfSVbDGXyvrfR9fWWmo7LHPMQy4Ve2Vag6DEJLXTkWGK3:12000000000000000000:OKDOT:OKMYTH
1249FSGt3pUVipw2q8oFiz9kaeGYHMJkkCyY5bpRRyVuR9Tz:12000000000000000000:OKDOT:OKMYTH
13LH768puzmvN8Y3oFQ6FtuB9eAKKx4pGshVKStkcgQFYwKn:12000000000000000000:OKDOT:OKMYTH
16FHJpconjqJ4iuM23HTQiiFFnabZSvPWzDVhyqkogbXTaJr:12000000000000000000:OKDOT:OKMYTH
13jhNGU3Bq7VZfTYVv86zVV9u7QeydmVJ5cvr4NjU3UmzB2Z:12000000000000000000:OKDOT:OKMYTH
12hfm6UZc7GQ1pSXLJRBPyKdfdJPq2Vb6qSUGG66tnLqHQCw:12000000000000000000:OKDOT:OKMYTH
13Lrvoz4siicvk4Ld1uK8m39L5iCueKnV7nNFfxf79rc8uEM:12000000000000000000:OKDOT:OKMYTH
14rdvoWbtPP1mM1oWTzDkSRehnYMt53q6jkYBkmLDbTwnP2v:12000000000000000000:OKDOT:OKMYTH
16ZAjP8eJrWZaLw1QDc6MnLMPqsPVJyfYYd19FjMcCsegmLM:12000000000000000000:OKDOT:OKMYTH
15v5HXByCYyy9F2cdYFTUH4gdfEEg1Ksok7bVrJ7LSPAAFVx:12000000000000000000:OKDOT:OKMYTH
15U8oc1Mdc5s5fDB5tpFPT2vBLfqmdanipqfv4MpqKXmEAnU:12000000000000000000:OKDOT:OKMYTH
16QVjbkZRp5J7FJEg6yFBfdMbsx8m7K3XrforpHpBRZxmkKt:12000000000000000000:OKDOT:OKMYTH
11MEtbwNPz8NyM2ZMuaXy2BEVNxTYXPMRM4rKN1nCfpBtoG:12000000000000000000:OKDOT:OKMYTH
16GcWccztFDmgK6JC18oD6UtScVmp73RNayuWFMgvLqWkDY5:12000000000000000000:OKDOT:OKMYTH
14a5SGLM5iFf4t53sP7ZGkz8Q6M2n6vSFZyzBsL6PXLKJcyH:12000000000000000000:OKDOT:OKMYTH
13xR2H4Xydji4JPDdmUVsiUJWdXVfyaTPEynkpPR4MQZw3sG:12000000000000000000:OKDOT:OKMYTH
1k6enxntHY8DSmTEaAfiFwar1qt6KmEKFeeMzZdboJNjSjL:12000000000000000000:OKDOT:OKMYTH
1Z1YBC5m5T2x4jxAkQZc2cSVAuDfVfGZx6mSyCWuimnt591:12000000000000000000:OKDOT:OKMYTH
12SJN4DM19LNhQZxZ9Jr6ipExvhDahxfJv3t7hrWtaYdWuwS:12000000000000000000:OKDOT:OKMYTH
15Zuc9y1Y9UKU39jEi26uBs8wo1fxYCccNB9i4h4GSoJTWUX:12000000000000000000:OKDOT:OKMYTH
15PQpoQsQPV3CZzfRWq2NjzgAne6JrpSDJb3YvGS4b7KoSXJ:12000000000000000000:OKDOT:OKMYTH
13PSdC79YqgiRbYov3gJKESsDquEjsZNjA5jHCo46ELRyVAC:12000000000000000000:OKDOT:OKMYTH
16gAAZVKqAdeDjnCG3aFNcV1gBRZrwZVg7nxdHffT9VpzcjN:12000000000000000000:OKDOT:OKMYTH
1cj2Br2bGLtewF1uEjpRAj2qbUmwCkpiL8a9gihPw3AKFx1:12000000000000000000:OKDOT:OKMYTH
14nyzqzw8yRMHMZiquZFcMK7JwfWj3Mfmyq6eR13NGr9e2rb:12000000000000000000:OKDOT:OKMYTH
15PYkLXa1gKoJiYx1orLcqtiDXnuhq7pqDj8cZeof4Wn7Q75:12000000000000000000:OKDOT:OKMYTH
14xSGsagXt9siifKbgZMkGGp3roHgatPQtpvpMwEMWwye2P4:12000000000000000000:OKDOT:OKMYTH
14g3TcY44wpSeBjp5eKjsauw58q5vjWrV3gLZV2LYxxnnMkF:12000000000000000000:OKDOT:OKMYTH
1AJwUVnZLpqz2yLskQbuj1DbYjg5mmbYiuUe3NJthiC3JBk:12000000000000000000:OKDOT:OKMYTH
15cepGV5G5wxt4tQuCU26F5GDwSRsNp5t4qfa1CGji88WcYn:12000000000000000000:OKDOT:OKMYTH
1CSCTM3tLDPKcesmCzkv23sofiUZGN4ZVm7cYo9iEyg6y42:12000000000000000000:OKDOT:OKMYTH
142aQztk2wzwAFqUzHy4H3EYZsYEvXj3U3niaTgAbC82ikVk:12000000000000000000:OKDOT:OKMYTH
12xUU9TMxyHCbZa4Gyt9YE3WEViEuDjsh25P9mpYx3onUnSD:12000000000000000000:OKDOT:OKMYTH
12KDebMMZvZuBz9BjW7NU2CwnwCeiZH7NmVrjS6mWBXBbcEZ:12000000000000000000:OKDOT:OKMYTH
124BAsQy4qcCiX2Ckz4xGnJEXnQbh6r5yCepPtxTmRmKUKDy:12000000000000000000:OKDOT:OKMYTH
1tkDpd3UEK7cYbtoeVKg1hxrzeopomRU7KGfu37rnp4crkF:12000000000000000000:OKDOT:OKMYTH
112B27HLUVyRspGi2yyBmjw5b6d3k6RhSUctJkye2GKCVqL1:12000000000000000000:OKDOT:OKMYTH
14oNqxzKQjPs7s6HuFNeZGWPDJBjbVYVZH5ki5krQDvtPzNN:12000000000000000000:OKDOT:OKMYTH
14oUAWKnmCbkhDGsuEnEyfV9Ucii4uzcpNqZ83mgionquqv5:12000000000000000000:OKDOT:OKMYTH
15udoHi63crbJ2Xu83qWe7HuaL3i6S4CLzZqafJSwzrNDRAz:12000000000000000000:OKDOT:OKMYTH
12fcbqvgKMDVMN6barGb7QcXLSLqbvkF3g4LtZ1UpTNhiWZr:12000000000000000000:OKDOT:OKMYTH
15vxpRnqSZSMbwpzLs4dZvZAz7QZCELecLapDPcc7xUUJWVa:12000000000000000000:OKDOT:OKMYTH
13MDqGULeUKr6LtZVEyCMPidAsDAXcD1DnschP9pQ8SHRddK:12000000000000000000:OKDOT:OKMYTH
12nvwZsvpYm7LYnF8cWvXUQdnn8c45yPj81JoaNuVL1WJ1py:12000000000000000000:OKDOT:OKMYTH
13uqbxzyy4dtRErkQNXu3pbfE5vraM3dQPJp1UCzCFL8YAK5:12000000000000000000:OKDOT:OKMYTH
12cf1fgNNt5MLMoc865jDwKdVVGVkQMeVgo3HLJBnfAottUX:12000000000000000000:OKDOT:OKMYTH
14c3TwpMv4yaRvuQVYh4dPCD855niiAzP5pBZeAvRwVVF7gk:12000000000000000000:OKDOT:OKMYTH
12eZKHsSvuHZzToWdfdJybfCkpdSEr5XN8SnT8RRSUcPxncR:12000000000000000000:OKDOT:OKMYTH
15D4UBsi15Lse9bimWWu4xuQ99FBirbqAYsM4eT2VpNM2okX:12000000000000000000:OKDOT:OKMYTH
15Xng8mLBqYzmMyih8rUpk4zwGYbUDe1cLgCQ7HRZfCZfQNv:12000000000000000000:OKDOT:OKMYTH
14Y6AEfS3CE5Y9ZeDTrLccoTvc2EP4wfrzHHLGveVehUDHUj:12000000000000000000:OKDOT:OKMYTH
149dLBMeEuZf5MdoLFe6bBCBJVC5dCVom9ZiUrGGKjufjz3m:12000000000000000000:OKDOT:OKMYTH
12WCcQEcCURgtUBW6ecz5nC1EURCBxkQBXBjKiWyZfKQZho8:12000000000000000000:OKDOT:OKMYTH
11ik26K1RFL7ov3nK9WxJekW9Ng2aw44F1eeVLaC81UCumY:12000000000000000000:OKDOT:OKMYTH
14AL67kWxZucHFuEZd9u1jQCB6b9n7Hr6XuXvuZZf2kwCpE:12000000000000000000:OKDOT:OKMYTH
12PT5Lf723zaB8hzTYuMuXtWYJs6N2u4b1Ufkf7yt1M3MB2A:12000000000000000000:OKDOT:OKMYTH
14xMTXZZjGP9B5Y9vY1GgBKEeEQwbQ81gZmbfnxfXiBvYNTW:12000000000000000000:OKDOT:OKMYTH
14nmY7DCSpda5eG5xFmvg3bGQqEuBHuQguCutC37oQQtam8j:12000000000000000000:OKDOT:OKMYTH
14972Jw1DikaJUHNoMDiAwfBRuPbqPSLyHvf7Rm5C5hw7kAw:12000000000000000000:OKDOT:OKMYTH
15qbXrTvaqe9fTS6m1e7J8AUEPwDzTDXxNUuaSnWf5pyrL6t:12000000000000000000:OKDOT:OKMYTH
16JA6jWvEkqc1FtKxqfD8NQNWCwXn2NXLgj7AZR9YheSpfyG:12000000000000000000:OKDOT:OKMYTH
13RDDzK3kXFJUwaG4ywS7vWnVSys8AXU6aJUNpYmZQaXiZa:12000000000000000000:OKDOT:OKMYTH
13NCLd3foNpsv1huPDzvvfyKh37NEEkGFotZnP52CTR98YFJ:236000000000000000000:OKDOT:OKMYTH
