12aUDD6x32bhBUiF7F8FrpwFyzGHq9kRhJvSTKqxeZWsEJi2:12000000000000000000:OKDOT:CHECKMYTH
124FAQyd6EionZbXcKHCkGagoSVykKG7u5Ae2mYZBZFmMVSj:12000000000000000000:OKDOT:CHECKMYTH
12mgsBrsvV1XjdNXhrz9zuh62Af7MPt4YaEYhFDbM2zQPJX:12000000000000000000:OKDOT:CHECKMYTH
146FUnWVnDH7JNvY5rKv3iJnbwm7hpYeyGvvbeGU8mgL6pFv:12000000000000000000:OKDOT:CHECKMYTH
13XzStDg2XdDeGdnA92jeqDgsojfodfPUkHcq9WaeosKAAzA:12000000000000000000:OKDOT:CHECKMYTH
14oLQePQHGDP5mmACERtjnKRRXLDVUPKiQGwReGhMYVE5KPS:12000000000000000000:OKDOT:CHECKMYTH
14ioT6D5xZuMdFQPVmDCXNnFK5MjQTDZJHjeV8kLiNp8C88r:12000000000000000000:OKDOT:CHECKMYTH
1VRnoGevDhE4QQBNrj14c9MGXa7YxVSnwqTJ7JAVowssuiw:12000000000000000000:OKDOT:CHECKMYTH
1w4eq8Hiqb21WJL6HWYaJHgNVrtehpZ98oUNPAxAAX5wuRD:12000000000000000000:OKDOT:CHECKMYTH
1ErJpYi2Rzjx6uqBhZ5ErBDvnzZnx5Mt6nXTBo57UDQHmG8:12000000000000000000:OKDOT:CHECKMYTH
12WmiKtrFGxnVov53qTmVPtDGEruzYUjiejxcdE1fRY5iPoN:12000000000000000000:OKDOT:CHECKMYTH
14mA55stLCxaJpVMjGn1rUZCsiUF86G8AfgDZNpGhLC2wRt2:12000000000000000000:OKDOT:CHECKMYTH
14E9G9uHYzjGAE7dVH2oVeMg87PMBpWwgwwgp1RPHtRF3Zji:12000000000000000000:NEEDED:CHECKMYTH
15GGwZgmLnqTgHj9qottuDDTBdymPBBdsdPSVfy9esNXdxLm:12000000000000000000:OKDOT:CHECKMYTH
135pYCuhcyq6E8Th7p7rRuAAZ9sSaG5vPfkrwFJvMgCc1jfy:12000000000000000000:OKDOT:CHECKMYTH
12HGWa529jKc4t4QX5c1YhLt2cU3dwZctzV8s5HLAWL9PQA9:12000000000000000000:OKDOT:CHECKMYTH
15abToXUpDzgNTdeiYjLZVMmMSF1pPUYGKTAWChaXcktXjvC:12000000000000000000:OKDOT:CHECKMYTH
12druDCQSLaQXJvEQiwtTxkpUVy4sA5B3HWeSPtKkgQdZgDU:12000000000000000000:OKDOT:CHECKMYTH
14gQUprXNkB4meHqwaM44Efar33oSrErdTnLEx5fG98dxgNR:12000000000000000000:OKDOT:CHECKMYTH
13r7DnykRXSsYy3Q6sJrihve7YdX4zb3LgxD1LVe3VpvY1ok:12000000000000000000:OKDOT:CHECKMYTH
1rP5TbH8dhNsWPxQdj7D5ZFpq5D6EAF3RC1vi1nEydQRYLu:12000000000000000000:OKDOT:CHECKMYTH
1e8ADBwvV6ShNtxdsGP4KvFL9fwdjMNfa1TvEkVfwA2vKni:12000000000000000000:OKDOT:CHECKMYTH
14dQFf4qF6eAag3yvDWmfEpfoLmiZWt48ZXwUDvwihiX2vBd:12000000000000000000:OKDOT:CHECKMYTH
15on8zM4MSJTSpyvPew7WNKiZjYfb6WikSnU9UwhDSyzDqj5:12000000000000000000:OKDOT:CHECKMYTH
15EBdwsrXfhY3j6Akqyc1vWA2ocLsKkS1hspKCautn5p8yEK:12000000000000000000:OKDOT:CHECKMYTH
1YoinCjfZA8NWKEwXTymd2ntqdc1dhS1FtJBSmNNGCo2Jxc:12000000000000000000:OKDOT:CHECKMYTH
16UhThQk8TtNj14sebCZAA5XvyFtFEnMS5rZ8YKx8bNkagXU:12000000000000000000:OKDOT:CHECKMYTH
12DqfcFqzKqeXY2gVRhnyvBxvpSpPELABZCpDkQ9x9yFBCud:12000000000000000000:OKDOT:CHECKMYTH
12uyNcYcyYi44qy1XdmsyPcjiQYK8eEJNNtA66Hj3SY2FcxU:12000000000000000000:OKDOT:CHECKMYTH
13tu394mR1K8CVCfRYjLuWZ3YFabfmxX14h1aCfTgQKsVsJZ:12000000000000000000:OKDOT:CHECKMYTH
13bdtsJTqT3QzP6RgqeBYkLuUSXJGHzC5DPR6ZVJ4Pq3S7tb:12000000000000000000:OKDOT:CHECKMYTH
14EoJM33FWKgymESxHaUrEaJEvtokMFD66xoAtaGWgvtsUuo:12000000000000000000:OKDOT:CHECKMYTH
14xNhS4ksc2sQxapswi2QotFdu4BbTGuC8GUAm6MDVWTT5Ti:12000000000000000000:OKDOT:CHECKMYTH
12NMqXAeKHv68UqifDnpEmbxiDynrYZ3z2ZFCwkF8kkSkzcU:12000000000000000000:OKDOT:CHECKMYTH
133nQaocuKTUR5BaQcDdzdjew3d3zccTp3tBfgZfMiCGR2xu:12000000000000000000:OKDOT:CHECKMYTH
15TAXHmG86S54wHaQrjeoQWH4q8Ad5x4TGsspoWJMioPwJSb:12000000000000000000:OKDOT:CHECKMYTH
1huvoqft8tA84NGAD856hJATJ4AqFM36NWMax42RP594UrU:12000000000000000000:OKDOT:CHECKMYTH
15EUoDofcjj3VzHGGUNAqFoQ57GDZkUnQqzGTTxWvuMRqSWN:12000000000000000000:OKDOT:CHECKMYTH
14bjavy4Nsbf4aWB8rYCTuzvjGpxHHjEYfSktAzKheYbnSoH:12000000000000000000:OKDOT:CHECKMYTH
122e4UiGUDVchEpeqwcktwDJi6PuVFbAg1jf5WTXfakejoKC:12000000000000000000:OKDOT:CHECKMYTH
14TE3BF58ELhz2FvYXkfnM9db2f3BrPWwhWaDyyDxjs7qPoB:12000000000000000000:OKDOT:CHECKMYTH
15k6sG91779czh5EEXe8tsmjgXXnbqmq8tW3421LWULBSRYP:12000000000000000000:OKDOT:CHECKMYTH
12a1GcGuHRWFex8E3kTBATZSi4zYTffRruUHaAWjSWyfuLzT:12000000000000000000:OKDOT:CHECKMYTH
167SktPm4c9guTApJoFVs9qQLCE8Q3a7MMpmKUk68UEvEAFn:12000000000000000000:OKDOT:CHECKMYTH
12ErtygNXzYJpobWn2UQxrUQgWdnVnvkbwZK1RmcbABt6jmv:12000000000000000000:OKDOT:CHECKMYTH
12hAyqoyyBxQnxHgfU8aWr8u9hJdt57oCda6aWgDyQpHMc3Y:12000000000000000000:OKDOT:CHECKMYTH
15P9qeUQyY9c1r3UacNqxFtRfunU2doYy5u3HfJvBxMRABT5:12000000000000000000:OKDOT:CHECKMYTH
14veHYHcop1PMF8r15fCVB87mfxpe71PyMwSe8FAqiUDkuz9:12000000000000000000:OKDOT:CHECKMYTH
16DQfuxFfmK16TUgmkc1gFHii7566nkK7ynxssPAWf2sR7dZ:12000000000000000000:OKDOT:CHECKMYTH
13sJx8rA3hoUGoWejPzvnpv41CNn95odxonJvsw9eUya9tH5:12000000000000000000:OKDOT:CHECKMYTH
12Rchf9DyNye5UKUU3wikQx1Gm1ghqK3UwSUoWzEgmVDN6vp:12000000000000000000:OKDOT:CHECKMYTH
15kAiaKnjBpCp77LGnMLdM17e4mZmQsryM5rgZETes95RHZp:12000000000000000000:OKDOT:CHECKMYTH
14BgueVFdUBVFTyWgdpfXAR522JMd7G1LUJGm4g94aRegfZT:12000000000000000000:OKDOT:CHECKMYTH
1Bw5HkHuREnNsVsmXfhGpf1SHquXBdQYyQ9n5Wo4buadKbM:12000000000000000000:OKDOT:CHECKMYTH
12QeNQxoYaQ8ZEMo9kbdaF9uvMRgXUVzNSL8th4cjmnC3GsG:12000000000000000000:OKDOT:CHECKMYTH
15warjgWoVfx1bv5UuLumJnHiZy3so51e7dGPnmR43gpS5fH:12000000000000000000:OKDOT:CHECKMYTH
13mPvGBgtYTqaRVQtramy4WPbti3wwr5VuTeYUhcMVD8cCgb:12000000000000000000:OKDOT:CHECKMYTH
12CLu7q8Vk5bdAjFRpBYEdRPspzfvRvjaQqQsy38pzMgcXTC:12000000000000000000:OKDOT:CHECKMYTH
12gzYtrc757an9veF8RZPrFG8Dw1tt588kWzi2AmoTJ2m82x:12000000000000000000:OKDOT:CHECKMYTH
13sPo7VDrGSAR8pD89VMNe7pdQzR4GYSwn8ebDUdrHi4WXur:12000000000000000000:OKDOT:CHECKMYTH
12ZU1KccGZbyPTRdc5Z5cuY383mb2iFrATSYkLrDgrcnbivZ:12000000000000000000:OKDOT:CHECKMYTH
14vNuf7CESSTFB1q2nW6FUDwSubwGpfXrNNsoERqjRY8dMY2:12000000000000000000:OKDOT:CHECKMYTH
15XyzgQ116trLpyiwY69y4c6kGwQfCMJhsiG9JxYvV1zs59s:12000000000000000000:OKDOT:CHECKMYTH
14aiePkoGatKhQ6KeiuDLDmsrSHvmz2DX51NTizanM9EBxMm:12000000000000000000:OKDOT:CHECKMYTH
15CEk8pJzr5Zxwj7zFiM9S6paAucaQVdkLW8gC1RNcZXtA7g:12000000000000000000:OKDOT:CHECKMYTH
12rJw73UVJvm89tRrKs3LDpzZhsEo3to1qV9ry1VvXRYTa8W:12000000000000000000:OKDOT:CHECKMYTH
12LvUgFuZzH5LRXAksdf9qUhWrRc9eqzT551L3EzTaz9Wrjx:12000000000000000000:OKDOT:CHECKMYTH
157S4XpdUmcErBEuzkZ4qpDd9SvuoJD766fVbzW16xjBMVZn:12000000000000000000:OKDOT:CHECKMYTH
12DUqgUGJHw1s2cRFCAKFadepLF5wFkQxcxsEzJeuYsDYVsi:12000000000000000000:OKDOT:CHECKMYTH
12cMD3igr6Jiri5syqr82jrDDCSGLAL62m58wq8NYF5Ge4jL:12000000000000000000:OKDOT:CHECKMYTH
15rZVtm3wic5Ce29kCrsXNuaRP8CkTzqxtSS6wakz1vnABwj:12000000000000000000:OKDOT:CHECKMYTH
156NYnoe8c4uoqsJFDTFaogtC9L1kyxoR1mcewiU23oUboqD:12000000000000000000:OKDOT:CHECKMYTH
15EfbaFgfdeiHFP5SRqH2Xa1LaiphE48AtuRUzxuhcHRxdNs:12000000000000000000:OKDOT:CHECKMYTH
157fQYSdLAaJvfhgJDWKZ19ApEy9mruFieFpbtQv7h49Uqme:12000000000000000000:OKDOT:CHECKMYTH
12dJUyGQuuDcKobjUpXjogsC94kiYfmw1SnnjSieKQZdSuJo:12000000000000000000:OKDOT:CHECKMYTH
14P95t6NrA9itsaVDX7yN8zXXdDmHVSHuvfCNf6sHpW5Bvwf:12000000000000000000:OKDOT:CHECKMYTH
1489pd65LHEG1JTjFdjipmaehQtuKPQnzWqMmrZm7wPxMB1u:12000000000000000000:OKDOT:CHECKMYTH
14ZcVquomA28oAvdfP4TUdaGiu8WmBL9wz5E95cqUdZdFGYL:12000000000000000000:OKDOT:CHECKMYTH
14RB4kK5NiMYNip3wz32dwUKbESgcx81U98ftFLPuCcqxWh3:12000000000000000000:OKDOT:CHECKMYTH
15KUA7mxKcoWAV22r87A5opSfxZBjPWQDYm54n9qD1uTbtHr:12000000000000000000:OKDOT:CHECKMYTH
14eR18s3j7upokiuK1JAtpJedmMvKnWPkBzJcKE8mT8Cr7Jw:12000000000000000000:OKDOT:CHECKMYTH
16CtsdxjyCK3Jzm9nFAhdzXW8noWvLpNUfkLfaTTAnxP1qaA:12000000000000000000:OKDOT:CHECKMYTH
152un8U6vyiVJKUvsAQcX1hfscSUtrAq5dLVWM6kdzp4szgc:12000000000000000000:OKDOT:CHECKMYTH
16BiTFoTkqDTmWfajJ8ACJ87kcd1SGSD6Fri6e8fbvbhcdEL:12000000000000000000:OKDOT:CHECKMYTH
157hCHNnqGX5aQVfuzE48tR1o7qLSqzBmqjkxA45QBXG8vjD:12000000000000000000:OKDOT:CHECKMYTH
148gNEK3kqUdYPhTMssk6mJLkimBWbf4zykYy2vQr3thRzFF:12000000000000000000:OKDOT:CHECKMYTH
15eymgZkYXffmXNa2dnjv4gZqHxFXrBM3aKi682A4PJyGgat:12000000000000000000:OKDOT:CHECKMYTH
16ULqWL36QLDAHWApVBtDhxcB28FbTe6whxLNxNU9reD3EGk:12000000000000000000:OKDOT:CHECKMYTH
12gABjwPF4jxTCC1kTMFugpDPizGhp2FRDKhB8ZwkKnCHg1:12000000000000000000:OKDOT:CHECKMYTH
142HnUmsvwCgYNqfjnQSJvZu2WgD4WA1SYnUmAYGjnc7ArfQ:12000000000000000000:OKDOT:CHECKMYTH
12HTkDvTC9r2SXij3XEfLYz5EKGJh6cHWz4mSeMb92VGPnTH:12000000000000000000:OKDOT:CHECKMYTH
15apaWvAxZTcQpRohrHL5MaxrqqVXgoZmsdKRuYsKBLjScCQ:12000000000000000000:OKDOT:CHECKMYTH
12RGd3HaCqEnUakn4KGpaD7qJVsSCtjEwCtRoxdMZtZ5Ueha:12000000000000000000:OKDOT:CHECKMYTH
14A48zxdzvPVBuKDJxSvjVxs5r2W6iRKLRX1MH9BhtZnvh9Y:12000000000000000000:OKDOT:CHECKMYTH
16ex1TbuzsFSzcf4Yvc6EKexdthApShZP75whVrhMrahQ9Nm:12000000000000000000:OKDOT:CHECKMYTH
14oD6EF4EnyAY7tG2P3QDCjHnV3yFf7Akn2sxrw2xWs2jJLp:12000000000000000000:OKDOT:CHECKMYTH
12SpxevffnsLUoGBkDZ6pg1m9Fz3fHydPX6VTzX17qBjRwp8:12000000000000000000:OKDOT:CHECKMYTH
16MoRoQdrW7zrJgTVW8qTubiVRBKyLv192M1Mbz9wtj97jhT:12000000000000000000:OKDOT:CHECKMYTH
1aLDb7X4q3zbuaanyT5fT2MCec8ZQUXCW5Ud4h1N7776ncX:12000000000000000000:OKDOT:CHECKMYTH
1Um9vpD54zyPC9ezV9fFCSCV6dj9sWXh5cPrWaghs2c2eYm:12000000000000000000:OKDOT:CHECKMYTH
13mHbnER1yssvteNFwc7c37gnqfmqbC8kwqQq7NesoGchsM4:12000000000000000000:OKDOT:CHECKMYTH
1fcRGATejVT6k1WjUmYWrowiPJPQhNeMf3Q9PiADLqxLGiA:12000000000000000000:OKDOT:CHECKMYTH
14dcAh4CHts2WnbnxFhWJipWZpWD2FoXhoMRPmDVcHe9xUy8:12000000000000000000:OKDOT:CHECKMYTH
12izx267P23GzGM18JDisDcAHdGGjmnvDK2AQiWP9pohu8JB:12000000000000000000:OKDOT:CHECKMYTH
1Vbdo1YcB7r4BFm9CNbkQe33weZ2Nor11wJE6VvkBT7JpgU:12000000000000000000:OKDOT:CHECKMYTH
16GD77BV4MABFA2KsgjcnTso3nHF2j2c61V576ueveZgo91m:12000000000000000000:OKDOT:CHECKMYTH
12nAbXppWKPFjo5f2xhxjbVboH1TFr3dbRioetCRfNTJNzkd:12000000000000000000:OKDOT:CHECKMYTH
14bxjnjw3NxUfx7DB9ERpbSohL48SBR43kHutBYXeZmx1iLr:12000000000000000000:OKDOT:CHECKMYTH
12R4bSwvmBr2JDzjrU4UonDjSbppryqFriZAJJJDbTP21ESX:12000000000000000000:OKDOT:CHECKMYTH
161z9DffWxMZwzzKRPbKxAuGNtWD7kMbYtckDiCpp4fRohNY:12000000000000000000:OKDOT:CHECKMYTH
18obiWKtwbMvbVziwMLJzS1D8CcvgTpA9JTGrWtP6a22axK:12000000000000000000:OKDOT:CHECKMYTH
162v5fYsy2CEAxSTRCdjngR9fS8npfaK8Zg3UTQLUHnaDaQ4:12000000000000000000:OKDOT:CHECKMYTH
1622ZXwjkgXWaoFe8iqZrpvrj5PkQmFmJ6b43bCr9ftMaeBn:12000000000000000000:OKDOT:CHECKMYTH
16mVsYvMkGLw35oYWrH7YHXtDZj3fbXw2Td2v8dR1onUBwXs:12000000000000000000:OKDOT:CHECKMYTH
13mWywAu3RzHPLy9K6VBeW6Qowr66sgYV3MKmUaMq7GxZFXC:12000000000000000000:OKDOT:CHECKMYTH
15oVSTZbjDGN3RMoCYYgcmWMDTEu6mjZUAzN2k3CRGktyDHy:12000000000000000000:OKDOT:CHECKMYTH
14HYQAR7skiG52ifH9k2LQ64qCAvzSMgcaofW4yj4mM44Ujz:12000000000000000000:OKDOT:CHECKMYTH
154cJxaMRXwsFdgz5UoFCgn12JCpoN7odBjEVxWUhy231WFy:12000000000000000000:OKDOT:CHECKMYTH
1374yMgTFJ1xVDzh6PSHhVda5vq9tUuPxc5XD2EKgJFnLm4x:12000000000000000000:OKDOT:CHECKMYTH
15rx7qiFnGkaCf19Uasj4fK1aVVFyaGnRbEcphrghySqUJtP:12000000000000000000:OKDOT:CHECKMYTH
14mVV9EoaZmmy6tn34QuCX9R7sZ2mUhK1cPDkMRLRLqkt4ib:12000000000000000000:OKDOT:CHECKMYTH
1A6bT6CvhDYHmFVRD8oEewqpvNYTG6cnr7rQMPje6hmrcED:12000000000000000000:OKDOT:CHECKMYTH
16UoT8AUXk5tzJXQYLJaHCiWiXigsuBRj35KQ8Vif7hv5x22:12000000000000000000:OKDOT:CHECKMYTH
1454NvTgdvV689MdyKrVeDRfQBZzMKSsNN1R7GG11UtR8gJ3:12000000000000000000:OKDOT:CHECKMYTH
161FVpnCtFA9swhTbVcMaazqs1v4srTGYu7dp3J5b67Lbw9A:12000000000000000000:OKDOT:CHECKMYTH
1LkXmDgRZpLdsW5Lb9q7gciv1YLoAufga7kQVaYJY1ztyZw:12000000000000000000:OKDOT:CHECKMYTH
155eHwohEHtb9FEkABWdZCPMEzsisreDHSKhS7HS8135GRWr:12000000000000000000:OKDOT:CHECKMYTH
16ezWnaU1hsAZ8q8zrTztx5iARS7sjTdu6KPeDAuE4BE9UuL:12000000000000000000:OKDOT:CHECKMYTH
122cZcXDnuNUyuFxJbN7ZXgZty71F17C1MmQwATJWAyBuNJg:12000000000000000000:OKDOT:CHECKMYTH
126eDuZ87kb6VPMXnkXgaDxwZKtwqQ3kHWMUNFGqjY3CY3uk:12000000000000000000:OKDOT:CHECKMYTH
13R3K9xY78KMqTLmYQBuKpYDZ1Erdm2n95NwHius6Pqp3MLZ:12000000000000000000:OKDOT:CHECKMYTH
1ejagZQQVq4botTQhws6kcAPErVx4B23gsQbAbQUQyFmRyn:12000000000000000000:OKDOT:CHECKMYTH
1ycx24VkCvuhH7cv9mbysdh6Qmj17f86qCv7FQ4ckc2RxNE:12000000000000000000:OKDOT:CHECKMYTH
15juVM2xY9yZ8hePo3WEMhAH5NTfwcUka63CDRDYzu6yskoi:12000000000000000000:OKDOT:CHECKMYTH
13y6H9bsxRfyC4FBAZ4itmdG33ETB4qZvwAi5k57agx3qDNX:12000000000000000000:OKDOT:CHECKMYTH
13HHg5ANaSH8NzftCuwEGJbogWPUSjgaCFAKF1Me3rFN8tMo:12000000000000000000:OKDOT:CHECKMYTH
1547qjUCE5NC4D5gFH1CBW5PKaJzb7equXHqez2m1RKK6zio:12000000000000000000:OKDOT:CHECKMYTH
16ZSmQo1Ygy81r9ZiL5dyQLfDLqruHNnDLLDDPpzy3VQSP6U:12000000000000000000:OKDOT:CHECKMYTH
13NzogLk9NRYbrsspAWYXNc66CL76eAe4zNS6kZv962opthn:12000000000000000000:OKDOT:CHECKMYTH
14zU8nxge2ZVeU2bLtxakMBuqXyB5ZaV1NNF2zTFers1rAp7:12000000000000000000:OKDOT:CHECKMYTH
14picS4HGYwiaEeEYb1i9fUcMy6WbVuJYJccQQ1U4CDVu79z:12000000000000000000:OKDOT:CHECKMYTH
14zSuFKj6A3FTLgUrnsWDmo96J37zGvDYHNkfmhhTTo9dA21:12000000000000000000:OKDOT:CHECKMYTH
13ro2p4GuBDxtMuqXjNNRan49QxQC2qQBZag57UdU16PbHMN:12000000000000000000:OKDOT:CHECKMYTH
1MWzZBGYFVQ1jTR9b88rVcMEPjgUVKYKTV1WkdATAq4rgob:12000000000000000000:OKDOT:CHECKMYTH
14Dc9FtzeAZxQcQDhE1D8DQwRkFN2w7ttuTT5XYifdU4G1TA:12000000000000000000:OKDOT:CHECKMYTH
165c1wVaX1SeZC1EW9ExdUEmx2pqdYTYxnNHShTJDLFDhxk8:12000000000000000000:OKDOT:CHECKMYTH
14ibfuPr8hJWedzMCRGvQEk2jK3igMf1qUAYLuGgyc3Jvu1Y:12000000000000000000:OKDOT:CHECKMYTH
14AuPpQtCF43gSNrgoKSFXFgUh3MFsJJnekchDCdhbaFhczV:12000000000000000000:OKDOT:CHECKMYTH
14EL8Xa6rMHzwBATjxemrg3VRLQdA8jWYp4XYjGAgvbdzT2D:12000000000000000000:OKDOT:CHECKMYTH
13EnK3X46272RaNUxfcch8iSxPyXpzPPndiN4XZx2nnYBDEu:12000000000000000000:OKDOT:CHECKMYTH
134HaDkYf6Ji8RCNe2Y6Y35TyvRpnQU9Lcw1yAMRC43qYgRr:12000000000000000000:OKDOT:CHECKMYTH
16JcgCLKoB4Cey7gDM4ivjCKSVtG9G2yYkrBRhc4FDsMS913:12000000000000000000:OKDOT:CHECKMYTH
16NVELqfAcs18vgdzi9zXpoY3PAV6WCL86YFBD9jChfLS78B:12000000000000000000:OKDOT:CHECKMYTH
1yEtN1ubzandgmTYougrQXuwqojL4xVHP1srLKMstovbJLP:12000000000000000000:OKDOT:CHECKMYTH
1w1CTatMU5vqqomA49KTELRioTpqn8NgNJGyXkALCyknPuW:12000000000000000000:OKDOT:CHECKMYTH
1egX9JxRNfDnpe7fCPLE1xP7baL1MbULugxZLqNXJsRACYL:12000000000000000000:OKDOT:CHECKMYTH
1PDR49LsrqMff6xUCTEMcVYAfk7N4Bd4jfGuEx3H8FtC76p:12000000000000000000:OKDOT:CHECKMYTH
1dj9W5todRXWuQdS4tgdn1V6GVVhwrFqJQd9XhWqooiEnac:12000000000000000000:OKDOT:CHECKMYTH
1NdEQALYeqUUk7hecRzUs6uEAUkYzadeHA2MJix52bT6iV5:12000000000000000000:OKDOT:CHECKMYTH
1wwNDc1sqdjy8QdeRSutkCaK4DZ4Qt1jVSZs6zNbbe5LY1Y:12000000000000000000:OKDOT:CHECKMYTH
13cyzgP6ZczqktZSE9E56EezA4adzbt9tav8hLkpRhQK7ouA:12000000000000000000:OKDOT:CHECKMYTH
15PUkQkQyXVKeGeoCQd7c6Es74aEhXAur9tTRkbFzNtob7ep:12000000000000000000:OKDOT:CHECKMYTH
134ZjotBaG1QvgXvprS4CcDD6sFwPbHDHpN4YGnSCnyxt1Hc:12000000000000000000:OKDOT:CHECKMYTH
15cvZ4yC7BtNsubJPZzygzcLCmhwn2rL5uSrY8nnySRwj3xP:12000000000000000000:OKDOT:CHECKMYTH
15kijEfHA6BG7eq1M7ZQnnRMYxwY1TvmDyMsvgm4Snj9qJPS:12000000000000000000:OKDOT:CHECKMYTH
12RpkB2cVaA5m7ZLgBwbFxuxvd8nB7dDpthJYk39pkvM6sgj:12000000000000000000:OKDOT:CHECKMYTH
12H9tqKk5S8fN35YBZPNV6NBK3CSUsEEreYNCaX9GPaYukR7:12000000000000000000:OKDOT:CHECKMYTH
12XJnY3VExjq5RssswPLATDg3nVhWChaLmEQZnSFSZH6aE4U:12000000000000000000:OKDOT:CHECKMYTH
15u6dr4wYaMZs8y3nZFREnX7rSrQ2MiU73TNtCXNsQa1rFns:12000000000000000000:OKDOT:CHECKMYTH
15svbdHx9SGYh3ASgx848cannR58c7KgXXqv4wTNJekuN2YH:12000000000000000000:OKDOT:CHECKMYTH
14u9NZHBLQapcELseBibstBDzA2ViyiBPZDEHceeHsd3MaXF:12000000000000000000:OKDOT:CHECKMYTH
12aakV2A8PERfgNoPzRvqFHLtubA3s9C8VySGrnR5GJ8zvu7:12000000000000000000:OKDOT:CHECKMYTH
14TaQGSUbpYv4QoS854vy4MHjWcQsR7Sy51Zxc9ZATdVCgSF:12000000000000000000:OKDOT:CHECKMYTH
15vQi7CYtZbYfwARCKQrm9R4hRdpeFDbEmym9XVaqomoyNof:12000000000000000000:OKDOT:CHECKMYTH
16Pq94UMwxgPBRStnekFh3TpA4SmqVAwMSuXzwLsDtDRTQMz:12000000000000000000:OKDOT:CHECKMYTH
14tWhmyG7WdgJ1ct8q4tjcjLopRQbgtQidKXFhPinBeTmEjp:12000000000000000000:OKDOT:CHECKMYTH
14NRG4efWjZRcCL2rvSee393sbCNFcbyqd63pei8EMHf9oAH:12000000000000000000:OKDOT:CHECKMYTH
1hvLruQTwavPNHwcPwkxopQpJAUiHCQLsxrKeLwTnbrB7oL:12000000000000000000:OKDOT:CHECKMYTH
13pCxwC5F4rqhvhuuB8cBc5J4EsKasYs6xQZWMGhZvr45jZY:12000000000000000000:OKDOT:CHECKMYTH
12A48A2F1Teb1w1LhnGANKzQe36TR5FVD2rXM8Aihzw4tVL5:12000000000000000000:OKDOT:CHECKMYTH
15GrFrtFsByB2dSuTeamR3LoqQTpUscLSRGP7urbgSSJspPt:12000000000000000000:OKDOT:CHECKMYTH
144areVEHXQf9pL6iX3USYw1V9GURmr5TXUS5GX82MkTmKe4:12000000000000000000:OKDOT:CHECKMYTH
15SkJ1ujhA9qsCCHkoE4j9rJnpraVRkEt5ytNkAbnNmuULzU:12000000000000000000:OKDOT:CHECKMYTH
16LGDXSwYphbEw4SQ8JcM6Yx8xb5ctwN2cpSZ32hX6gMNwW1:12000000000000000000:OKDOT:CHECKMYTH
13Db91vZtQ7ZKGnacy3sVr9J4r7DdmckLBdaAcrbCovoG3Td:12000000000000000000:OKDOT:CHECKMYTH
13GDbuuXuHAfhMoEU7RHyrtsBiLs2zZQkuyzBr3aj1yiuCq3:12000000000000000000:OKDOT:CHECKMYTH
1iTHSJGpwKdubX6jw7wdUo9G1JGw9rsycUK5UtPNGjhWHoM:12000000000000000000:OKDOT:CHECKMYTH
12Kgp5V9JgGj2VhiKTJNJaqQ1aC5y6tubG2s6fT243DMpQBc:12000000000000000000:OKDOT:CHECKMYTH
16hpzD9KHGHiVqTLSTZr7NdJqo9Y1pVmvBURCLWrLK9udvQ4:12000000000000000000:OKDOT:CHECKMYTH
155QXjGrM5CVMaHfEqcYmBwJhw5MQNMucfGPiAdfk9K5hnbm:12000000000000000000:OKDOT:CHECKMYTH
12e2we2Bd9bCm7gSLcH7ZHe7oJtpi6RHMKMUzLu7HJhGoXjL:12000000000000000000:OKDOT:CHECKMYTH
16FBE2HMk36aqKfQGSEoLyzmSbjZXoiGpSH4htrZimMDXFLQ:12000000000000000000:OKDOT:CHECKMYTH
12ujF6xdZtvEjqieCzBtGDcRggeiqtMDyhdnRi5n6hYL6TwN:12000000000000000000:OKDOT:CHECKMYTH
16d1QFgQLR6ohgd8m8vwVfXCTFUjbkPLfNMkbfEAUMXGGWiT:12000000000000000000:OKDOT:CHECKMYTH
13grsK642fAs4Sx2MbrDPYPpz7mJWXZaLQH968sTF7MPnWfh:12000000000000000000:OKDOT:CHECKMYTH
13Mc4isXgqVgNt5DnvNZ2VTSQkboYj5gsRkWLCcYqjiTBTzg:12000000000000000000:OKDOT:CHECKMYTH
15ayhKPpJpot9JKLrFtVogpX7LtqfDJcuBMNt6wcmEXckyka:12000000000000000000:OKDOT:CHECKMYTH
15dx4G6eWcKgPNsctBPxNvyXbu3vWdZtDtztdmgR1Fjgks2y:12000000000000000000:OKDOT:CHECKMYTH
15Mnywb8vxKWd6rGoPPiCnkdCS9sPSxKNuPzheo7VNhQgLwh:12000000000000000000:OKDOT:CHECKMYTH
123fRVabBKk1DcrnQq4D3Zji8FPoUgrt7GTSesPjL94y2pKm:12000000000000000000:OKDOT:CHECKMYTH
12EZ1f1mou39kweJvGxqtT4GJTCACSEw6VtE9VKfUYyMS5Ub:12000000000000000000:OKDOT:CHECKMYTH
1WJENHgvk4SkJLtH1hnPAgrRf9VcANoQ9SthJCQNdgJzP1p:12000000000000000000:OKDOT:CHECKMYTH
144BcK1Wb4phufQCKSR3xpvM8ED6ybyMVcwcW2YUcADwVeaR:12000000000000000000:OKDOT:CHECKMYTH
12Fc3A5GschWCuk4pjohRhJn9xnByM6y72vW1cw1ZZNVNkjP:12000000000000000000:OKDOT:CHECKMYTH
1nhZfXon814d6o7zqQLEiVYBkpaLMQFBZfJPVgRzY6A471J:12000000000000000000:OKDOT:CHECKMYTH
15Sm9LLXHQ5qQZcYZHtd2kzANbYCkcEn98ntF7jd18h1NbFr:12000000000000000000:OKDOT:CHECKMYTH
12R6Rh1mBi6ZrNxx46ADsTKxHA3fpEtFPPdqu1xrBAZYZHj8:12000000000000000000:OKDOT:CHECKMYTH
14snt5bqPPdLd9bw29kh5xnFUzGFM8iCFXLwexhUzv4bQNpz:12000000000000000000:OKDOT:CHECKMYTH
1nXMTuf9tTsQ8tD5tNbhxyYKAwrgUCEN2KueWSbVLSWg2Vt:12000000000000000000:OKDOT:CHECKMYTH
12qRrXHjbc6VwCsmanHNPCEUaU5rMnGkL7xdmxisucHFHP3d:12000000000000000000:OKDOT:CHECKMYTH
1sRmaitffKMYRLXmw2tTpCFA6pKJoHs64BaWHmB2H5EpaDt:12000000000000000000:OKDOT:CHECKMYTH
13rkKX3WJh1RhtRQCox71wyKh9dH79f7YZPsHS8rzgBcK8yT:12000000000000000000:OKDOT:CHECKMYTH
14m7Q3XoFdtdP6VCXCKMkh5cx6ePBuJMg7hZjntmnwkAUCYL:12000000000000000000:OKDOT:CHECKMYTH
12bYhHZrmf8TzxeswqwtFXyBSCfDjAkBY3bmM9Fv9JkaTjkw:12000000000000000000:OKDOT:CHECKMYTH
14exJHrjUMEHpy2aWNj47eRsjXzf8Gw2WwFG3KfGthZJhPTZ:12000000000000000000:OKDOT:CHECKMYTH
16Ev8zukYL5GfnsNXLD1C2EkKnmwSBqkWdchmE95CjqzmJZr:12000000000000000000:OKDOT:CHECKMYTH
138UhkrMMjCeHNEyg4epfknDtbu3mWoM8YmioCECqdbfVaE8:12000000000000000000:OKDOT:CHECKMYTH
12Wb3CU18sWEQ2ifYggPK4LngDBYzzfWngCzPBXTdJ9j9JQz:12000000000000000000:OKDOT:CHECKMYTH
1qmZpswB3x1yFcpNVtcQtMvCyW7T1E6rs9QhkuvyDjf67ms:12000000000000000000:OKDOT:CHECKMYTH
13eaaQZ5hWCZkUFG5MgdFHrFq9MjMLnCDZFm4A1BARbhnVoz:12000000000000000000:OKDOT:CHECKMYTH
14KfiMijyZvxnRLEtX9dxFW5sN9113Q9bXDu3wUaFdntnHC4:12000000000000000000:OKDOT:CHECKMYTH
157tBJbGC3hG6dXaQ732A5Sz4igjUcgpRu6bGyVUsyBpi9g5:12000000000000000000:OKDOT:CHECKMYTH
12BteQG5N1MUtd3n4akfYF1uhLnrB1uPPAxvgRC9vKQyxDYf:12000000000000000000:OKDOT:CHECKMYTH
14Cm7J2AdsmV86qm6DG6YstJ9Tha8Pr4446HWXoywoPvUNpR:12000000000000000000:OKDOT:CHECKMYTH
14gQcupH5gMebikruDeJJQ252RBsVESqWfrUFuXZ3WDah4QJ:12000000000000000000:OKDOT:CHECKMYTH
12akseTbBnQxbMbLx7nCV2W1th3CuGoM4hJ6D9pZFDQXNW6p:12000000000000000000:OKDOT:CHECKMYTH
14YBRisBDTtTRxXJyAKVrBc64mqGVZ5Fb9h7nScTDQ2xMWgM:12000000000000000000:OKDOT:CHECKMYTH
118F613R82KvoSXdGvzhJ8bvKUZ64Fkie5K8QhG79e8a9KP:12000000000000000000:OKDOT:CHECKMYTH
154TgGVebnSXDpngCHyuwcbt2Tx4QbtTnaobZjdzprotkY7k:12000000000000000000:OKDOT:CHECKMYTH
13E7ZUKSEzNde5dAxU57wJTbfRnobLuAX8DWf4jrMYGr1qb8:12000000000000000000:OKDOT:CHECKMYTH
12WCkJrrtVPGJA8c1aSTxXUbryAvp3PJzVF2gVfYLjZzcvFs:12000000000000000000:OKDOT:CHECKMYTH
15oWNwmq2ZRM2ZYcDZBNmCxijqmuyYukpTnfyB7AKPcR2kyu:12000000000000000000:OKDOT:CHECKMYTH
15fcWeZaRfQ6TdLKfSUhnbTRqGyxELNZXqNWDYA4EJAdbZyk:12000000000000000000:OKDOT:CHECKMYTH
16fV498TFiRMxxjUMQMTFEZe4nKZZtAHCc5BtweEBm7Afbt3:12000000000000000000:OKDOT:CHECKMYTH
13R5m3f3i1TYqHHsRAVaaroMnsSLpHWWDA3jnKPHXLcgJAnp:12000000000000000000:OKDOT:CHECKMYTH
14ZQFTo3EtBZF9umpw4QMYXraSwwS4YpYwbaFsvGnv5kyV9Z:12000000000000000000:OKDOT:CHECKMYTH
16b1pScFosJXie8QQQqw4iBLuForarKEJsuxb3b8v6ndSnmV:12000000000000000000:OKDOT:CHECKMYTH
15xRY7r4RopwpS5AdhAYwNB5gEvKNAwyBs4ccd1BoZHM8eUE:12000000000000000000:OKDOT:CHECKMYTH
16b1XVtrf35WA5W4bVER49gvimjHtU7R7PFhfKooTcnQ7jXr:12000000000000000000:OKDOT:CHECKMYTH
13yJ3bvmpdyHHDw7SxKU1QGzaeWdZcrt3NHZqQkFtETfQRoi:12000000000000000000:OKDOT:CHECKMYTH
12F5DEGAh14XyHffegWYuYfy6BtWgBcwM3u5mTXpkhvqUNBQ:12000000000000000000:OKDOT:CHECKMYTH
14t8Ha4YtrWgAu4qdTS733aMp4PEiQc9RK6CDdELK7dyP1fC:12000000000000000000:OKDOT:CHECKMYTH
16UFhcrdumaYqof6b2za8ejXcDmnZkmry1t1SHMm2BFix8hg:12000000000000000000:OKDOT:CHECKMYTH
15AWGH8gu16mQGY8m4T7uoCNmi5tpDat88ZjG5LsEhji9yu:12000000000000000000:OKDOT:CHECKMYTH
16EVX13UPVFrarVcitKyi5DGHsE8RG4wrHXdHMrwsp6KVqKC:12000000000000000000:OKDOT:CHECKMYTH
12bUUPVtBjg3hazykY7NmtuvSVU1XwCs5iaW4L4rcohS59Ei:12000000000000000000:OKDOT:CHECKMYTH
1ux6wmZyTgR1m4WtCmsq6D5JbeagKQE9U22XyRPTTCJ2LnN:12000000000000000000:OKDOT:CHECKMYTH
13mcDS84EyG5o9ny2urgwCeegXHVJ58piKptdbzjWZrBsu8J:12000000000000000000:OKDOT:CHECKMYTH
15BtNgu5V6BoCMppwZqReKiPbWHwcr8jADqWsmfnK4Z8HqNU:12000000000000000000:OKDOT:CHECKMYTH
14bAf6YW9jDP8R7WD5DPU5JQNmnpzGiYv9L8vSUmekuJwgWH:12000000000000000000:OKDOT:CHECKMYTH
14iJdVmTXVhHhUpWhyeyKd8XuADdJC2C5neDSy7oQdmiuVgq:12000000000000000000:OKDOT:CHECKMYTH
13foEf6vScXf96ZoN6yaHEQbpLDEdMZoaEe3RdK9SAUPrZqU:12000000000000000000:OKDOT:CHECKMYTH
13RL3QijgUFfhqZgXhw2CEVfeAdRai9Ax8wjdDgkkMjWvPQR:12000000000000000000:OKDOT:CHECKMYTH
15XvCkKicC7vxQWNno3q778ikU1qDtWuZsSt18V5R9ifEDpX:12000000000000000000:OKDOT:CHECKMYTH
14qG4vJoF9PFCjruf7SWHhCC92a5VGqbeTeHf8qxwd7sFhwB:12000000000000000000:OKDOT:CHECKMYTH
13Ezfn167qgvbc1UETSHAYdyg6CvPhjLnFh5ksX3U4nKkY5H:12000000000000000000:OKDOT:CHECKMYTH
15bXZpyY48bWBNDzhGqCoBjsV26x4HsCaCSLyTvCj9bRAx6x:12000000000000000000:OKDOT:CHECKMYTH
14J7UxEwmXyzYVELSfktD3HWULZHd78pGWvsFXWUyNTB2uGi:12000000000000000000:OKDOT:CHECKMYTH
15hqiaxZiaA84TuGpU5DvEF3uRdDaA8j7e1HyT4J8kiu5gmf:12000000000000000000:OKDOT:CHECKMYTH
159cpZ4wdheKJQh1fAeb9Kbode2uZm8kt5B1bw5ZtYeBMNqi:12000000000000000000:OKDOT:CHECKMYTH
161HgvC2mSvEycUrG42s9GcSvPxxQ6PHpox3cg9iBgvMmWNJ:12000000000000000000:OKDOT:CHECKMYTH
12P3cgFbm7H8gqF3WNbpGfLCBri7bWVecPPi9eYmSWt6r422:12000000000000000000:OKDOT:CHECKMYTH
12goibyQhXgoUrRNBRQTBq692n2m6H7VuzKBfS2zYeXC6MJK:12000000000000000000:OKDOT:CHECKMYTH
19mJJA6N5uUC9kx2zxVPgEPPyG9rRoXkGaMvyT9RpLpFwSB:12000000000000000000:OKDOT:CHECKMYTH
16ahb7xegrKGeHG7DzhhzuaAHjPAtxfP7KsG2Xs5uXnUv9Pt:12000000000000000000:OKDOT:CHECKMYTH
128CxXqrhowJyWDi1ADk4tCCvSms3gY921caUGDuMitxJDjy:12000000000000000000:OKDOT:CHECKMYTH
12nZWB6NTvcrf4S3XDKEiUYCujttVFQg8YaXeU9zZLYc4ZXY:12000000000000000000:OKDOT:CHECKMYTH
14wwmDHBi6FRSXHxrwMK3uLGsP2wewQnUhfJz1SbA6FbRPBt:12000000000000000000:OKDOT:CHECKMYTH
13DxbZXDKrj3dwRubyV7BRaL6h4m7HKtz7BEmDkie2UTH89L:12000000000000000000:OKDOT:CHECKMYTH
14nuDQeyFa2PtSw79d6H6wqspgg7QutVk4SprTHjdfTX6jm:12000000000000000000:OKDOT:CHECKMYTH
14UpENn3H6LawhBsTRng9NyuYuTuEM2v1pHMEujhzFRHejTU:12000000000000000000:OKDOT:CHECKMYTH
1gfRwDeskay1WhxBvuCHW8RWv75tyMw27QT7RFhPmPM9Kmb:12000000000000000000:OKDOT:CHECKMYTH
16fHHNCExm23vrztrx38SELjay1nTcmWTdc5oyadjAabHLpP:12000000000000000000:OKDOT:CHECKMYTH
13motcF7XmojdgMASNY9Dqzw4YPkPgrxpa8CVsNupoVpJAUK:12000000000000000000:OKDOT:CHECKMYTH
16TLw58DvD1CkBair4fDfgTEydXywBy8TUN1Y5MBhdHiQ2h7:12000000000000000000:OKDOT:CHECKMYTH
12ryGc85th5QWCYGqHWhLrTXijZvvJN34FNn11x4JkLAX6Uq:12000000000000000000:OKDOT:CHECKMYTH
13JxE4nGtQpwA7ypJMvCyMKV6ECEdLsDieGNevirXwpvDUZs:12000000000000000000:OKDOT:CHECKMYTH
1RFfoSDpfRdFxgXoS2pzpkJmftJvp3cXqGvQgnRCVCSp6NA:12000000000000000000:OKDOT:CHECKMYTH
134UUrwdogBmtz5db2gj9QXsLNEJLWLEU3xjGcyLEpujANRu:12000000000000000000:OKDOT:CHECKMYTH
15HYzJGfMKWMUmorr7kLdMvTh3TpyFqmSBmd3YhRbcvQdEc9:12000000000000000000:OKDOT:CHECKMYTH
14J1abNNfHwGWWizffZyN472WevhHmgfw3RQWePu9FbCmfHR:12000000000000000000:OKDOT:CHECKMYTH
134WHg57C1P1enDC38CM5bsyHiNmQuouZrQez4FV8wqwY6Fx:12000000000000000000:OKDOT:CHECKMYTH
137REBqFGvnSFQ4Drymy1y1LRKzoB39iYAuZgkWZpKqeavqm:12000000000000000000:OKDOT:CHECKMYTH
14YiHAYNQBPAWZGpxoFjjhDihe43ykHx1BRcy3MKxgK6Ea79:12000000000000000000:OKDOT:CHECKMYTH
1StYG1yhMJrrT7Gy4CuJcQMFDMvw7gVgSeT5UzdBzudpgZs:12000000000000000000:OKDOT:CHECKMYTH
15ic4LhMBHmKdafSkcBy5AK5j6o1STbSc83pdSaHtuEkVSnp:12000000000000000000:OKDOT:CHECKMYTH
13juuhtGWdQtX6ntmKhTKFr83R5NX4rMFXFFTH48xCfSx6WB:12000000000000000000:OKDOT:CHECKMYTH
12S9YeFai2meq6cz1rRr4nqmvkKmX7b2WpFGLq767Btx6peG:12000000000000000000:OKDOT:CHECKMYTH
14LQjjBcWG8jPFjsrDgq1HdDmmLzi6JnczMjEiXiPJjC4DqN:12000000000000000000:OKDOT:CHECKMYTH
15ybnDRsXM6trPbW5cST9Zr4uLNxa936FgoLuKERopRVmWQL:12000000000000000000:OKDOT:CHECKMYTH
15LnsEZ8qZMAA4TtG6BxotAB2ayGcFDcUZSSuZ459UaBRzDs:12000000000000000000:OKDOT:CHECKMYTH
15xPu5Qc71G3fPue2ewZEqEJeBTFjkGJDx4GLrxrfAN8p4M2:12000000000000000000:OKDOT:CHECKMYTH
16LnBz6rgATD6G1Bf9XDvh3ZCiZwJzgwvY4QhZzUwHX7K8E2:12000000000000000000:OKDOT:CHECKMYTH
14axRtKTsuaFWCsi3tpZmKcckNM6zjVgKMgy2riZQE76X8z9:12000000000000000000:OKDOT:CHECKMYTH
13jMsJtLnHGznESboNd3wfLyDZszJpi5guBj1Bc8dDnwbopC:12000000000000000000:OKDOT:CHECKMYTH
16RxmAW7Lw883nSXmN9Fq2PqUC4VXxPcxzyamy5vUHk51yb4:12000000000000000000:OKDOT:CHECKMYTH
14xb9UmSi53gkPMACvRYNMEKApMqKCLp413s79miW14Jjf5V:12000000000000000000:OKDOT:CHECKMYTH
162wC4GfxweivBVnow7Dr21tAQVDUsUf5uxYB3AScAwAJSAf:12000000000000000000:OKDOT:CHECKMYTH
15gVctAc8f1eiFC6sssMKiXoyoeBabq4tB4WFWbwCa38o4JA:12000000000000000000:OKDOT:CHECKMYTH
12VusvnNxwUxrJ9jDmZeKEeeU8G4uUKy44kjnCNLSdyyULep:12000000000000000000:OKDOT:CHECKMYTH
15PvzoQ1dXemQaRyiqp8XJGCVEgir7Y4EVFKTmsJR2ErqrqZ:12000000000000000000:OKDOT:CHECKMYTH
12B7xjbwVRuLCCw7Z3vpyz1oDRi8AdNvnR3Noj8GDXoTyKtV:12000000000000000000:OKDOT:CHECKMYTH
1v3hUymqR9gnBEP8kQoxUd1EMxcKcWRFk7es32cVEYMGPMR:12000000000000000000:OKDOT:CHECKMYTH
13i42arvurSerWuSMvRTZSLh9i8oLN5u2zzycNRaCieZ1BCa:12000000000000000000:OKDOT:CHECKMYTH
15FkGKfFmXrJu3D5X2na4UaFgF5vpt96MaRiD1o4EbtThiGt:12000000000000000000:OKDOT:CHECKMYTH
12gYrVfLdhZ1CkJFMuQQu6ymYdMLqyHXEvNmESknDtAn5Pey:12000000000000000000:OKDOT:CHECKMYTH
16JFSHBVQ4gfJJ3xr9KCTaKCmTPG4QQWNpqWm91nEyqLztjH:12000000000000000000:OKDOT:CHECKMYTH
1fKfzQNfyzqPEgeyk4SZkNsKj3GBxpQDr9VK7QpvDvaZCih:12000000000000000000:OKDOT:CHECKMYTH
16ShEftP3U6qGjCnQnankCJkTXa6A8BH94ifoG4N3DYRXyzg:12000000000000000000:OKDOT:CHECKMYTH
12Gz46RC5pJKrUWxfxStGT2EPubPXyTmpTWvtVAvTxV2sLB5:12000000000000000000:OKDOT:CHECKMYTH
121qhwQSKpr1v5jmUmU3QxxfnNgFNmuG59DEs97cXGf3NkNh:12000000000000000000:OKDOT:CHECKMYTH
165cZJJQwDjUtgnV8yJD9xhcCZitbn8BZotvfqqh52Rjn4ck:12000000000000000000:OKDOT:CHECKMYTH
12nXe7HC8Cf47Jia63Sh9Dq8ATo6nzp8vpsnKtymvV7FdRk:12000000000000000000:OKDOT:CHECKMYTH
12QWripyEgHNmsriERxzMf36ukhaYBHQk3Ki2fSMsExjvPL2:12000000000000000000:OKDOT:CHECKMYTH
14ZvByfUgC4cLg9FgoAW29ST61p9N97uyhxZp5zrAu24soco:12000000000000000000:OKDOT:CHECKMYTH
15msckg9NKuwq5C6NLgWNBinUuUnPngcDiQHzgoh7jJo663B:12000000000000000000:OKDOT:CHECKMYTH
13rezGgCvhuGQqBbHyQMf9tfAFpSqMUEAc8YXoHRxfok2qLM:12000000000000000000:OKDOT:CHECKMYTH
13vZLg1ktxf7AuJpgNmJ9AwGqottgvgf61bvGxmoYy7jkw1K:12000000000000000000:OKDOT:CHECKMYTH
1xpkMu1HYa7PR2oXemdkmonyM2b1bLJCZ6gFcX16bZsCSe5:12000000000000000000:OKDOT:CHECKMYTH
1vovRVRj5hDXgAyW5TPwKQnwMF2BkgLis5Eg7p1LmLWWaRJ:12000000000000000000:OKDOT:CHECKMYTH
162Nj1qKVE8B9C9J1ZSPomEcQt5fa5uZGow22ddvuVVembYc:12000000000000000000:OKDOT:CHECKMYTH
139VteeQfuC2UKCC5WZ643rcLECF5YxeLX5Wm3ZV8C2qUKbo:12000000000000000000:OKDOT:CHECKMYTH
163ghRQqHbxrJQwy1ed1xAcvbkhgFsuyz3A3TKFvjtmPfBmJ:12000000000000000000:OKDOT:CHECKMYTH
14cYLfs2r5jG5d2aanaWiG468DHAzZjvMEQcbVS5QPUypMa9:12000000000000000000:OKDOT:CHECKMYTH
13Xiggo44RnyiHSG5uaAyjgPbgYdPXTWPmVcagxZH6HwEakC:12000000000000000000:OKDOT:CHECKMYTH
16Vv6vSotn5FyLScavggMqcmNkY1Nd5q5qjpzAUE6mwQRbN8:12000000000000000000:OKDOT:CHECKMYTH
14NvLtKj6WgzQhWCXLsamZQXDtHHNiixLUWaNdyRT3PQyA69:12000000000000000000:OKDOT:CHECKMYTH
12mnoFY66yRWcWxSA8MVHYth38cwvxYoonxFmeNWknZVz3q5:12000000000000000000:OKDOT:CHECKMYTH
1628Pk1AFkpSMLz7bw1h34kCBi73Hc3eN24CcCsPDs8Cb4k3:12000000000000000000:OKDOT:CHECKMYTH
13Rc5CqFF3GxvJQ2B1caUkpEn7bqVmxZ5jYmg9TJbFujUCzs:12000000000000000000:OKDOT:CHECKMYTH
16391FoS87KoXbZbvNaQiCUnzeZz88S6Jnw7yy9cioHZjXcL:12000000000000000000:OKDOT:CHECKMYTH
12yzWTsTY8bpxu2TuKurHSsGirt36vsNQUPG328fasHUFDqd:12000000000000000000:OKDOT:CHECKMYTH
14ZPYiyNpNUgWFhv7CqwQz22rYjg6mHb4Hc6wx3zc6KApjA4:12000000000000000000:OKDOT:CHECKMYTH
13eUz9h8mpzxv5EwA1yLwHqTXKWKvTaFX79tsVAYRPY8cCpT:12000000000000000000:OKDOT:CHECKMYTH
13Ab6LZRFmHx4ajpuoT8uzytmgBUmJCRwqdvuay69DK2j93K:12000000000000000000:OKDOT:CHECKMYTH
16HrfVQU1n4Nqq1FbARTmuKsWr9P3KRqwnAzWQJDrKh6eqxv:12000000000000000000:OKDOT:CHECKMYTH
12dDLRdsjwuc1Paz4yU5MYPZMMVg9nmPsRSGgMv88Ay1HYt1:12000000000000000000:OKDOT:CHECKMYTH
14pLQ1CNq3nzVGr4pNFAUhGi73dEudCHdVVZYYKYySu5hLXW:12000000000000000000:OKDOT:CHECKMYTH
15ojY8aLFkLAPg55JRzHYYC6biEQgZEBvwaFeYhhmAsHzRQh:12000000000000000000:OKDOT:CHECKMYTH
16MJP1GE7A6XA9VtQGj5BzYkHFVhW6M8KxeZdeG5J34kdFBS:12000000000000000000:OKDOT:CHECKMYTH
1yWEbzJBwgUHv7gvzjfg6ieBD3bE8APEg6HaT56fPjLV3zB:12000000000000000000:OKDOT:CHECKMYTH
13YiniUJ1AWukLc3WvgWUKsMCMZSpwvFEbTgBVKvjAB8mZhe:12000000000000000000:OKDOT:CHECKMYTH
15wPu2Fuz1aFoQttdoUnP9BYG7fbAb2jMixK5FZbayYA3dzJ:12000000000000000000:OKDOT:CHECKMYTH
14tyYuqpDbNARnHjQh9kTcYUeNtFqR5z7hUMZT4cHMT4b7U7:12000000000000000000:NEEDED:CHECKMYTH
14vUFqnhjFagHSVeoovpAykTZJFubETG6L2KR7PYJ2gg4yST:12000000000000000000:OKDOT:CHECKMYTH
13cnYNpw9kZoJE9esbYDWqTWRjKFkBCUgNcx4cwzxcurGnL8:12000000000000000000:OKDOT:CHECKMYTH
12GoUhib2wUGcpXyY6oVxyBATih1UUGy3YSfFSUqeDqYiwwB:12000000000000000000:OKDOT:CHECKMYTH
15NDttCjUDbjKmym8ATJd2sYPu8Hq9hhSA3CjsZTsx9zFcBb:12000000000000000000:OKDOT:CHECKMYTH
1Ec5z5tA1qgbgJxyejoQLP14Af6tzuwcoYKHZb8ywQQs1i2:12000000000000000000:OKDOT:CHECKMYTH
14NsRQ59xcx1S9L9TjtTv8zD2W9gY2Bd16d8KBd4CK5DWhiF:12000000000000000000:OKDOT:CHECKMYTH
15evy6d7qgNX5VNoKoctq6kcK7Dw4GWaDENZNpfiFp6wxA3n:12000000000000000000:OKDOT:CHECKMYTH
14Y1hDmjyn5Rj1ctRHXyGBiTMhYEW1tdUNjMosANwDzTAKSe:12000000000000000000:OKDOT:CHECKMYTH
1o3A4zESgvf8b7PUqNkZC125UstoA1xfu4sWn697cschbVx:12000000000000000000:NEEDED:CHECKMYTH
12aTdzywk6aFwxUvQ1ZGp1CfDvThfui3xF4dwfkkfa2yXUEX:12000000000000000000:OKDOT:CHECKMYTH
13N8vqQpHmBDpnNCRTbBc4EpgnG2QwRuMbn78nbd9J1kjogF:12000000000000000000:OKDOT:CHECKMYTH
16dAMPDMH45BCBp3jcakDp2Hsu2JqoLRm7fHMGUjgAEJSGvu:12000000000000000000:OKDOT:CHECKMYTH
13To3yXqzpyfyEtNXTDVQY4ULmQPtNJ1Q879GR4iPEPoQbGb:12000000000000000000:OKDOT:CHECKMYTH
16iLa9TBKW9eeHTSoXQirMMajZhKurDfMQgixX9VbWzYgPVr:12000000000000000000:OKDOT:CHECKMYTH
1EytN2S4JWKVAzpnzCuUNjM525F7n8Rom5xwmwrFSpNat7b:12000000000000000000:OKDOT:CHECKMYTH
1REmFvw84hZjJF9osZzxtjmojxJc8fSzARo2viNEVxQZKUX:12000000000000000000:OKDOT:CHECKMYTH
138RU7TS5Yj2QhQF6bXvQwWiLNo7EVK83bjYauVwjT9dGg9Q:12000000000000000000:OKDOT:CHECKMYTH
1m7ahV5LxM9BZhY9KFZydpCc4yzqYGxbrFJHVWKqgAVkaLQ:12000000000000000000:OKDOT:CHECKMYTH
13sGTwjHu9wnpijqsJyR6zt23QNJZMTqshSJq4j22Q6H7Yu:12000000000000000000:OKDOT:CHECKMYTH
12K73QkTsBZ23QRtuV9SZ1JV42mUZo7b4UFKYNkyVwSkgQGE:12000000000000000000:OKDOT:CHECKMYTH
16mUR1Ki94ZnJYye6yeXBG5AxMUMhApdQ9hCEniToHLbiu1Y:12000000000000000000:OKDOT:CHECKMYTH
1P25aBMeE2fpNVkinL6jMNSK32ooC4xqFgvg9DVAcEhMGZb:12000000000000000000:OKDOT:CHECKMYTH
14SrCywZMzf4qWddyWPmEopUCJ9g4mxGXrN3TryWJosdn9ej:12000000000000000000:OKDOT:CHECKMYTH
155VB6yQwP5WQu2heLvLzcFY4e2txWK4cPZwJFtMPrTsegyf:12000000000000000000:OKDOT:CHECKMYTH
16UAWnGumwzh2HNUZ8qpyvuqyhZvk2eZN3E6XgThEXEGP4cy:12000000000000000000:OKDOT:CHECKMYTH
14HPgWuGQhw4jqubwQdJq6YXup96Jx9FqTtgieGZfq7YdZhb:12000000000000000000:OKDOT:CHECKMYTH
13oG1oAuWhrjf7xMnXLaPC4iad98ED1epTpAoDFnuQxtUUqe:12000000000000000000:OKDOT:CHECKMYTH
16RLepXf4gx6tcajcFHiUAMK9V3MwadAcquGe2hGZRGKFY1y:12000000000000000000:OKDOT:CHECKMYTH
16gusxqWaoek2pn4kqqsyPHU8LEZo6f3Lffi9iFmH23Jusk5:12000000000000000000:OKDOT:CHECKMYTH
15r42VyCXvn9K3SQSvrfEVa6W85xxKQ4D1Rp473duvGK4iKE:12000000000000000000:OKDOT:CHECKMYTH
16eKLst5fny5CGtdXQsax9sVMaqzw4gRBxTMuEFJDagHVpbp:12000000000000000000:OKDOT:CHECKMYTH
13CMFgxLwx5tLzGL533A9cXE8XFVxUhUNAn1juzLPooQ311s:12000000000000000000:OKDOT:CHECKMYTH
15yYzUFjhWdY5zCYdBTM28QxQ8fRktfhjsr8hfZXuTa8xjcW:12000000000000000000:OKDOT:CHECKMYTH
1481Qwp5itgeNjr4hr6NdqCrmpiKoryBJDsG9wgy3xxxuZK4:12000000000000000000:OKDOT:CHECKMYTH
12BqPXD56Tp3QsMYq8pLRJNy2kg8wVa32tXqkgbKKTcqfn65:12000000000000000000:OKDOT:CHECKMYTH
15Z66UXfBNNVydztVWmVc7GeXj36f2HBnRyu5FJkzxcGpfCZ:12000000000000000000:OKDOT:CHECKMYTH
167zY8vJMFji3FpyNCSUs53sNR1MyHs5kEqAr7Ve25zPum72:12000000000000000000:OKDOT:CHECKMYTH
15BWXoMo5eib8h8Y4iW5ubSdTPC5F5D6mdoj1WRnh3Kyc43h:12000000000000000000:NEEDED:CHECKMYTH
15tav5ySwdju1ZD6x7wGNCxKWRve5E7i3a53Rk72Z9ruD4VR:12000000000000000000:OKDOT:CHECKMYTH
13NCLd3foNpsv1huPDzvvfyKh37NEEkGFotZnP52CTR98YFJ:236000000000000000000:OKDOT:CHECKMYTH
