14Utd3hXQ7c3VNQwBFTB3eE8mS8py3FqB2ARXkgs52EY3N3v:12000000000000000000:OKDOT:OKMYTH
15PvvjJ7uc9dcyjNucMvfZb7JAPeHVKxVbe7vKTZmsg6MWxT:12000000000000000000:OKDOT:OKMYTH
12w8oti4z7dRAdo7TdHDhLdNgpqj4ffq8tUs4zp1pYWMMigf:12000000000000000000:OKDOT:OKMYTH
16G6TLAwSW9cSYRVBtzTq3U6oTY2aUzwYYEY7oZ5g3kU7usi:12000000000000000000:OKDOT:OKMYTH
12Ajr4ccJ33yGRzjxmE3oVmrQ4gXxPVd8EfacnYNx768fR8k:12000000000000000000:OKDOT:OKMYTH
16Uj4grW3rz1KFEdC7iKkB3sdTDFX4wyPRYmbFPvhKDtmsvZ:12000000000000000000:OKDOT:OKMYTH
14wUidBUo3aM1HvGLsRjYcj3syup5tYTkDU1zp1jm7MMeLzk:12000000000000000000:OKDOT:OKMYTH
15HAyHXf4LzPccCHAkhg47uAU96q5DwkGr8UGPyTyA765bLz:12000000000000000000:OKDOT:OKMYTH
14iGL19MrBiJjYTNjt4fHWsUFqQPk99tUZFECc9nhC9SpK3Q:12000000000000000000:OKDOT:OKMYTH
147hMwzyH2cG6s6JiXtmGsLUwryveY7BzftWD8GbDLTcziBL:12000000000000000000:OKDOT:OKMYTH
12wroH4YTVvvgrugS7GpTFWXCoak4qJRuLZDDMhsqqs9iTXn:12000000000000000000:OKDOT:OKMYTH
16PUj1VSfWxczPZWMEm2xG87Ht37howE527YjTbtHVHucSr7:12000000000000000000:OKDOT:OKMYTH
1jNHRM3LpXA1hEs8N6yeQLDqy7aSH3xkWQkd6YkP91rcNKP:12000000000000000000:OKDOT:OKMYTH
16kVorRDJX58bvzrBiDZwNiosWL8RzeNdJyHvNpSX3fW4uTf:12000000000000000000:OKDOT:OKMYTH
1563hUr8jm6Hbzmo2wjQAMBZyULMvNy43t5cSzYaTMKYn2mn:12000000000000000000:OKDOT:OKMYTH
12rXJUmaPsATqLgQ7XN9ko1gVLngSN1WRdYKeZfzMQRfL95j:12000000000000000000:OKDOT:OKMYTH
142iNbS3HezH1AxJAFb8nUAHpYU8tXqahcTfcv3gB6AoduD4:12000000000000000000:OKDOT:OKMYTH
15JvoxVwyuM5mnyhoF2zydnbGm8PZnm8aXJc8XvtwbuHpRM4:12000000000000000000:OKDOT:OKMYTH
12HK9xFNmGQVkofVXq484pzQiGUqmEXKznAQzZoXUgH5HUWn:12000000000000000000:OKDOT:OKMYTH
12pr9CaibMHpcvST2pXSdPqtFH8aPDNfRqG8piFdMviCMwdV:12000000000000000000:OKDOT:OKMYTH
14TS9joxqyAw1KieMk6PGJHtNSmJcapVZw66t6M5wLGmLFic:12000000000000000000:OKDOT:OKMYTH
16Uboj6GbQMfsdYtF3ZNfM3KpZ4YVLncDsuK6aRVz3HhQdAQ:12000000000000000000:OKDOT:OKMYTH
16mK6PjaSnoDMi5HnnZQ23bXYCCgpgSrgeZBquiZmC4HLLb:12000000000000000000:OKDOT:OKMYTH
13oX7i8v1s7125nWLZyWrGmCuagyR7Ga8dWgybMpC1qeMoia:12000000000000000000:OKDOT:OKMYTH
169xJLmeQ4QEvfLk4EH59ejE3uyf1YAqm7oiHHfoyddYPQxG:12000000000000000000:OKDOT:OKMYTH
15ZuMjeVhkqomNbvkxJtKuP4mzFbXVJvRD4btK3WQCUBDwAF:12000000000000000000:OKDOT:OKMYTH
16G5D8ENnD55b6eexRcNEad45rbvQ71L7ojiVXFfvD4zAqSJ:12000000000000000000:OKDOT:OKMYTH
14Hp64Wzo55V68q3uB8bu2oG7kY61vo1hf51tuHRqzAgvSQ6:12000000000000000000:OKDOT:OKMYTH
13zWWVNHmtt78sNiAnUAcKXx1quCJij8r3a4PrXWkYokLwh6:12000000000000000000:OKDOT:OKMYTH
15zePRpNjg6d9pAUGEzWkHMif8BdN5poQA4Ge6Z3hXGSihka:12000000000000000000:OKDOT:OKMYTH
13gVx4J5NdeYABcGq5YKe4Tesc2yBS1qxp2vnMbtkE7zU8hH:12000000000000000000:OKDOT:OKMYTH
14miNjEzbZNKD7o7T9azvv7NVioN4bbnqPtYcKq3prTMdRig:12000000000000000000:OKDOT:OKMYTH
14GBmnYN6QzM4radoUY1tXE758YkSrYZWD2Qk2jfgSyxhL41:12000000000000000000:OKDOT:OKMYTH
13HvLHcHrBicwAxeBdMukxrtswz5GXbuCnZjViMULKpD5R8n:12000000000000000000:OKDOT:OKMYTH
1wL2KreFZS7sWh4c2e9asGkWKYD8C8q39rHb2qA8hQCHJuG:12000000000000000000:OKDOT:OKMYTH
12xU5xRkSR7MUfZxA6oeAxEU1AZ7btMEKWhUT2a6Bt69ePrK:12000000000000000000:OKDOT:OKMYTH
14r2sa2eQDSfCqbt7abmtgdaBcsx6A9WnysmBwUV7uPs7Cty:12000000000000000000:OKDOT:OKMYTH
12U27Pq2nzmt7XCsMzbtAiuxWMDJohRZYN59W2kwd8eufSGj:12000000000000000000:OKDOT:OKMYTH
1EL7QQoNM84SSGY4iZXdEg8jmHU6aPQ3y6eFyoG3qHQj7AM:12000000000000000000:OKDOT:OKMYTH
13KaM32KGqbB1SBh8k1k8SJseVk6aoqFayo7n763fNPgU8hM:12000000000000000000:OKDOT:OKMYTH
15P8CNHx5Gz7XdiPSkNcopUtuw22KTzFhwUtyTVPhKbTE11K:12000000000000000000:OKDOT:OKMYTH
13coLGzip7MM2bYrhaeynYz64T2ZqBZd6mx29N3Sp5GYzZyP:12000000000000000000:OKDOT:OKMYTH
155omzpsJnp7atDF5Guk9FXmKoDdMhHieKV9qB2NDG3daWua:12000000000000000000:OKDOT:OKMYTH
14KQGpDPxiXVeMp61fNFwHxDGUXuGzdML5DNkB927MgKnTNu:12000000000000000000:OKDOT:OKMYTH
1637qWmZYyHrRYpjSgPP7Uo43apRy3fH638bjhUQfP29hmcb:12000000000000000000:OKDOT:OKMYTH
13HaBJKo11gPWVP2snFDHahZe2YybqnQo7Wo9N6qWU9xo1Gw:12000000000000000000:OKDOT:OKMYTH
13itaoqcySc4BNiW29cDiPv1WMqseiYkytdC7wEZTMi2pVw6:12000000000000000000:OKDOT:OKMYTH
14wvVD7gDjiSP53e4YzSHTnuMmMDvSBaAxThAxTRffon5Yp5:12000000000000000000:OKDOT:OKMYTH
1329jgRLu6dzwTP8BuZrFGocjySH1Pf7TJEt18sm6ayE7agp:12000000000000000000:OKDOT:OKMYTH
16gBmQyGcbeQ53SiCDeo6D5PoA4DcWgevmf55XLub2AtoXNL:12000000000000000000:OKDOT:OKMYTH
1ZT71QPyjekHGpAQ52aeKeZTp9C1tS9VDc7ZbzLNCKybN13:12000000000000000000:OKDOT:OKMYTH
15o3cRKKYy5SPeLBDFJtwysA4FPxh8NRW9sg3xcdA8yeySX4:12000000000000000000:OKDOT:OKMYTH
1uzMw7Nr1kArW9EwXCxbWx5CZHmAzxUG7hjsQVWLfK5VSBz:12000000000000000000:OKDOT:OKMYTH
14wCoiwouyFCTzpt4BtEm8izMXfLnwBLHiApU3xJB6tzEkmN:12000000000000000000:OKDOT:OKMYTH
15BqsWVfnBBFsTYDXcFxJ6abvRC9ZJZjo8HAFQhJgVQmEJ3U:12000000000000000000:OKDOT:OKMYTH
18zZdfmSSG2niy9R7Hu3WL5tSJBFiYQ4D4V3upokAc5DbvV:12000000000000000000:OKDOT:OKMYTH
15Xn4sSN8EfAhXGJrxDNfaPqvCxrroVYiQqR4CFfXdkNJdTQ:12000000000000000000:OKDOT:OKMYTH
13tfvqw11hNNyPRyKUqyuVp5grKCfqPFo9jPBaDgzxdHUQrL:12000000000000000000:OKDOT:OKMYTH
12ewbFdVgZf6nB9P9uozvQjfB9GLrxnWh8HvL8Mgy2oeYGA:12000000000000000000:OKDOT:OKMYTH
168oedLoQiwK5vwxLYXbN631AS6afRY37wSDnKFP8daX8HwN:12000000000000000000:OKDOT:OKMYTH
15NSCPVjYRjbzjVB57tH8XYXKVo9A16qKhC6C7mVVLx7zrHu:12000000000000000000:OKDOT:OKMYTH
16g79hLWwaNrm19vhpPMsjHTBZS3qqwimp19PWJPm4DqHwYE:12000000000000000000:OKDOT:OKMYTH
14wDaYS4TpsfmDhFeTjvsSc3dScPo3dcHmLDdv1wu5WcfqkC:12000000000000000000:OKDOT:OKMYTH
14fvtGK7kJHkRC7FE8EcBgC8LduzDQYvko68nbAzQX5F5B7u:12000000000000000000:OKDOT:OKMYTH
12LsimKi7PouVFUGLh6ioPedjVhVhBvkNsdffx5AzfCfyEUN:12000000000000000000:OKDOT:OKMYTH
1YdKkEcBECESaE7SwZdWXtRiyGK7npMxfxHpqZhzw6KUAft:12000000000000000000:OKDOT:OKMYTH
12qHM12hbsKvD9K5i4mr5z3SSLjCWMtPNLs8KjxLfoyLsuR:12000000000000000000:OKDOT:OKMYTH
12RUNKHJ8AKTGd6KdJQeprK9YVh1p9TUU84JNy4ArEVyyHFq:12000000000000000000:OKDOT:OKMYTH
1FCeqT9tGdkfZz43iPTvZD35zhWCe55bf4nTPtayt1w5ByB:12000000000000000000:OKDOT:OKMYTH
16PJ7sN7Gi7EwtkXAxcB9J5w5sE49LEta2gezVpoLpRYBtCG:12000000000000000000:OKDOT:OKMYTH
13Bbx9yyYz6FushpxaxUwjSbu7vcjzpeWeyZ8qib9ptZjBjV:12000000000000000000:OKDOT:OKMYTH
14yu6S8nAReqH7Qk4RGtHTy3XW1tCzLgaSp3D9xxwGQ69L1N:12000000000000000000:OKDOT:OKMYTH
1574yDHui1nrS8ZpfwRmoK3Wzkwmr1dJfTW7TP5npezfhyJs:12000000000000000000:OKDOT:OKMYTH
15mfXRtzM5k6qBosYD9HCmV2bpAiUySzBPgEN1KapAH424W8:12000000000000000000:OKDOT:OKMYTH
19a5g1HhXLEd4wCmTnVgTuW95oN4DDhmKdxAe4xDrugwcg8:12000000000000000000:OKDOT:OKMYTH
12cMA53zkJBGvXNHvxkfD74kCV4f6BKhtpYRTZoGCN51WCEu:12000000000000000000:OKDOT:OKMYTH
15pF7ZofAXzrqiMmiwPQBT1y3fqRk4CoxDpTjhuNFSKBbQmJ:12000000000000000000:OKDOT:OKMYTH
14nAXfuGyg7S6CBGpdjU9gSLjsX3CCXWP4fLyxfGWVi1LZ8F:12000000000000000000:OKDOT:OKMYTH
13rxwGegfmucKF4XqUDNfhpMvHUjFieJW1u6EYjhBr5kGT9K:12000000000000000000:OKDOT:OKMYTH
14mXtth6f3pLjVSPeMrEuR87BTzUX2bWYB3FKHTd2K8HFoWt:12000000000000000000:OKDOT:OKMYTH
12MyREeLBpZwhFxTTFWGDuFnNC1DDtg4KVHhusdpUYiQRHam:12000000000000000000:OKDOT:OKMYTH
13q8p1dWoQEBSirf1YjmV6yRTMj5HbN14SyxA6Tz4kuM8wcT:12000000000000000000:OKDOT:OKMYTH
14kwQrLG4AQDEK6bYWK5yjsrRrYRoES7DVvecC186dSfVSFS:12000000000000000000:OKDOT:OKMYTH
13BMJLSXfTf4Qdjjkmxb3DH7VjTPyoLcs9WkrUs8kf2qausq:12000000000000000000:OKDOT:OKMYTH
16Tmv1dVnugpUG7LSK5fo9MNELdywkVAyULDDnLzZ9M3g6Pv:12000000000000000000:OKDOT:OKMYTH
16dCYCMSj8id5LCWecmGNcLXNXMceLsAQGJpyXEQPTQw6k3N:12000000000000000000:OKDOT:OKMYTH
12FgsZFNQUZ28hwLyR3nimh2ZiRH2XfMXcL67ipo6jAWYHcq:12000000000000000000:OKDOT:OKMYTH
14de7EhTsbj5tghTHnmy7C3M6fVHy9G3dCHS5LkfrqsoH7cz:12000000000000000000:OKDOT:OKMYTH
15CsfU4vYXuzYLEL7Ka9LVCvERDPWDAEryYVFGezALTPd63D:12000000000000000000:OKDOT:OKMYTH
15igiWYLAyd53C71mRUSdCMxmtHAx55Z2vU1jUYzAdmZXpRk:12000000000000000000:OKDOT:OKMYTH
12c4oWt338GmFKXNiueTvXkFiPaeHtw115Jim7ixZ2KN2ihu:12000000000000000000:OKDOT:OKMYTH
15oiZcRqJdWF2D3FBKhJpa6bhUQGA46DNSYSaJzaDx1iVLpo:12000000000000000000:OKDOT:OKMYTH
12j36T1u461qbooQYdsCeuidkVE9zAjt86WsEPwqBJ9qEJU5:12000000000000000000:OKDOT:OKMYTH
15pQyHCRLi4VNZJqKUznzfM1aSSUvAVt9ERXvcUJEiUj3AJi:12000000000000000000:OKDOT:OKMYTH
163rqLmK2KUHeM9cftWYvjZiB9QtstPR8fdE8h5edXAirrj3:12000000000000000000:OKDOT:OKMYTH
12dqMJ3Ux9rLeRpWANYKDwLBkYwtfQ6K3nPuMFQSRju4hkBD:12000000000000000000:OKDOT:OKMYTH
1TQB9vFdJMgAeJJUjofu5Noj3o2xyLHXxMbLMzQAyaXXM51:12000000000000000000:OKDOT:OKMYTH
13jL3Z4AfTwpyMApUwcu2aoWqsUvg2KPkMTewxgQD1PHYJVL:12000000000000000000:OKDOT:OKMYTH
12Ap9Fc7iGDEDuQdjzgx6amxDCjECUGeBVxCP519VrBuZr3D:12000000000000000000:OKDOT:OKMYTH
1ppCzAw3wiPkoSSGr3tPGPHpYkjZRyKENn4kiq9AX1TX7gj:12000000000000000000:OKDOT:OKMYTH
1EeFLLkvMyVLFe33QvPFYUV7iLZzNVuwcUt7pwq4nB8MwyE:12000000000000000000:OKDOT:OKMYTH
143GCSLYeZQueFHpZvos6JM15TPw2jrWdnZVFu3Nx4KDwGMh:12000000000000000000:OKDOT:OKMYTH
14oEBTCcycyXfat4f3kcXHPZDjpa8u2SHbgTLzsF445ezcVr:12000000000000000000:OKDOT:OKMYTH
13X28UY4arDh672RRc1f8HSoemi3Yim4XwhPQttjmegmic7m:12000000000000000000:OKDOT:OKMYTH
15dMvgnyf5mcVdQ5Av1AR8CK2HPT6CRtRMMwUxQwxvPkYMwo:12000000000000000000:OKDOT:OKMYTH
14SVZcDLDZKUj4QupCMAm9UM8LcinZA8CV8MziAQxFxUQm6M:12000000000000000000:OKDOT:OKMYTH
14F5dzNvdyXu1v4eYeucaDTCUHX79nr5RLqg6mR8qVAUD4F4:12000000000000000000:OKDOT:OKMYTH
15VJwn9YBC5PaYVixzUyMYCxUTU916vkMe5HjHE9tunZbh7L:12000000000000000000:OKDOT:OKMYTH
1Ko3MaNZMYsamityTjVnaLss3ogT4U6ibCBkkuzaS7GzQ7j:12000000000000000000:OKDOT:OKMYTH
13DeTfcGepngbYmCyaMY5jxTse6nWbRk6Kr1YWhT6rWQbJfb:12000000000000000000:OKDOT:OKMYTH
13ZNGew56fWARjhpMtQLKrS6xh6HpUJ7HJsyyNT5ZowGj3kh:12000000000000000000:OKDOT:OKMYTH
136LxbCE2Q5tJQpYZCtn4puWkwwWtT1AKG59jWo1UrCAh3pQ:12000000000000000000:OKDOT:OKMYTH
12yALDU4FMBhKA7WWw78kQytNLG9QJG2WgSe5gTf1hnuz5UH:12000000000000000000:OKDOT:OKMYTH
14GHHEWzZQbYuV4HTxWE59junX7cnCGQocDifCyubBqfFGWx:12000000000000000000:OKDOT:OKMYTH
12dvGcn4VbKCX6mDpt5rgKKr7VWJKkBCRknTJAGhxBjbbsF5:12000000000000000000:OKDOT:OKMYTH
1484AYT4gEHEK9g569KjiQJcfoEdYTkoK5viTRHKfb753Svu:12000000000000000000:OKDOT:OKMYTH
145BnkWv7e5dGS4nWCsMUFxJt9vWVRmFBMPTQhGQTCx6DEak:12000000000000000000:OKDOT:OKMYTH
12DRwGq1Byzh2sKgNffgzSx4dkkcaiLjUcd51XHknxEWfrg2:12000000000000000000:OKDOT:OKMYTH
14XXyGdg6jzY5RyUJtu28u9LDCx9zvP1kC6LrT5woUzRuyDt:12000000000000000000:OKDOT:OKMYTH
15nNkquTZe47gAMPquZyiAGj4oZ1GUbV35a4eoYjbtWK76uT:12000000000000000000:OKDOT:OKMYTH
12TJ9h11NtX5uQJ6H9qniezyxk6jawnjjGzbjUmiEWY5jU7J:12000000000000000000:OKDOT:OKMYTH
148zBXXTUKHRcENLqmJY2jbQaxdG2TVam3a79j3voR3wa7vq:12000000000000000000:OKDOT:OKMYTH
15rbGizZDELqtN53qyVrATJ5PA5KP4EAMrseGMCqkLKhZoA:12000000000000000000:OKDOT:OKMYTH
16gGHQsCv5uWmvgLB5KWH8pSUxzebabEUaCzL4LjG2QbCJvv:12000000000000000000:OKDOT:OKMYTH
15jmEHCxZpxwuKzDTzNQ1nEAFgfShqdup8qPhKREYdoUqbZf:12000000000000000000:OKDOT:OKMYTH
1sqRKLTDujMC9DLWi7Qh7ynLBHuKwBo6LiKzFR4q4W4BxyS:12000000000000000000:OKDOT:OKMYTH
16WYQ1gb8vWQEBRFmT5QNftiq6R6fCZXLPAYfwA7cK4eaJ7r:12000000000000000000:OKDOT:OKMYTH
1dxGnMz92rwxGKPjnRvkuxHMjzYm8XXSuZgCBn4jZm8kE1J:12000000000000000000:OKDOT:OKMYTH
13TG3kYfG7PVnZh3Khg1B2MJ9S83N7FmfwqLwmQ1boYRXLdu:12000000000000000000:OKDOT:OKMYTH
139huGfgwrVhosnod59rnoP8FGJZfTVTYr9b6fTk1Y6xPMaY:12000000000000000000:OKDOT:OKMYTH
16kPvhjaTr918edmq8jqFRsaHncQqHSpDY5E3ybfi1uThed2:12000000000000000000:OKDOT:OKMYTH
1uu53Wo5LLJn7Ja83WK38GHJfeUvDz3nSMjQc4DHKUqtv1a:12000000000000000000:OKDOT:OKMYTH
1VMxWJK9bbfzxD2DtkkvybZzpCex9gRzhZEhmLW4kZHMJPo:12000000000000000000:OKDOT:OKMYTH
1H5d2Fx6eE8oGfTymnSy2xwGybVMGki51Fd7wehGbsada88:12000000000000000000:OKDOT:OKMYTH
1Khy5LP1vEAj5mtS9QNdr22UVnXTD35Y969XmVMPoJimmXb:12000000000000000000:OKDOT:OKMYTH
13JkSRJsDsDHZ65P4cRD5rKMkDUASLXG1epgqQ4hfK7Yxvea:12000000000000000000:OKDOT:OKMYTH
14PkA8D2pVX5x3L1SrX5S5CSQ4Rvz9PACWZQ88xfSgeH9RBh:12000000000000000000:OKDOT:OKMYTH
14cm4mUtsoraNU2QBdSbgzaEwnQqjsnaDH4RrJgQuvYsBSrv:12000000000000000000:OKDOT:OKMYTH
131gTCKLL4CteYneQvJxtv4umSwTdQXtViWVmDB9JE2QCpEr:12000000000000000000:OKDOT:OKMYTH
12SCf6599HanqcnY3JS7AXecJTeCjHNyQpPJ5xrhfix6HixP:12000000000000000000:OKDOT:OKMYTH
13sVVVPz1M8B6eW2hmnCwVHoV3eSmiaTN3gucoAz2u9stQot:12000000000000000000:OKDOT:OKMYTH
15tjp1LcWNCbieidK6YWR1x8dCLdtzjJPo9XyASHxyQPHXPR:12000000000000000000:OKDOT:OKMYTH
12rmv2TVSN12jqq27ez29va9U2HyuiJ2CnkLCbrWTvbqNhMf:12000000000000000000:OKDOT:OKMYTH
14RbVqu3VPFCg9mSKobohLyngCbgF56s81a7mYg9GgGuMKv5:12000000000000000000:OKDOT:OKMYTH
12sKJy21AEnjwZJRjGyUybDcLhvj5uy89T3QKM4UFVUz1Aei:12000000000000000000:OKDOT:OKMYTH
14DNTxGA5fqNYbYk1R9y6W9HrAzzK8Chb3iNu5yDYPJvQ4dS:12000000000000000000:OKDOT:OKMYTH
12qVoLfaDMj1uz7Mh2zwnZSmPfwaoi6Ef8CNcrBMGLS822Am:12000000000000000000:OKDOT:OKMYTH
16TzasiFgA9WKZm7FHHL4EpFzPvzAKfykKuvjLcm5nDvovDf:12000000000000000000:OKDOT:OKMYTH
15kEtABNh4dretM3NUcR4qm8de32mKoCp54qqM94HSDkryoJ:12000000000000000000:OKDOT:OKMYTH
1wvzry1huZ9pPLp9Khjk19Sp9L2bJvb6K8J7xdZjQ33x9n8:12000000000000000000:OKDOT:OKMYTH
13SMrq6q5SkZiQ4D4ZxJ5TuCTLLwKTTn2vePXTZSuhF1DPmE:12000000000000000000:OKDOT:OKMYTH
13EY1zTQqAn4irBEeBAitFjHCtWSXRFRiiDkhYM3jd1m5oAn:12000000000000000000:OKDOT:OKMYTH
13oBjqTYEuZgpAp5B2y4VufuP3EMMr1pEyisAfEMHS3dCo1Z:12000000000000000000:OKDOT:OKMYTH
161hhyWHBFL5uZ83FN5S5UrswDGtJZpWWddzr8BAqjT8kJAZ:12000000000000000000:OKDOT:OKMYTH
13TTSdtoYWPJGcpHp6ja5eUEQfvrXprChDYJinmw88itkAE4:12000000000000000000:OKDOT:OKMYTH
14813QYf88EmHvNbVqADTQ7eCGL95sbfHyorttLnpavu1fxm:12000000000000000000:OKDOT:OKMYTH
12KcZtufwKzq9FX55ad17Po5QdRTvDPgNT1YfR4wygKGpuPR:12000000000000000000:OKDOT:OKMYTH
13vsEqDU2hnDGoSovLVDs9sHCcFTpsmJFbDfBpyFWtKAP9d9:12000000000000000000:OKDOT:OKMYTH
14wcoKgBBDjvAQ8yb1ZRnLK3gAe6gW49amWvKXteSsM7zkLp:12000000000000000000:OKDOT:OKMYTH
13GxVdzeVJsMKMX9pknMQUqKAPD65XovAnZgfZDZWGGDSxDW:12000000000000000000:OKDOT:OKMYTH
12ddH7AwgAqDPB9G9PLbCHHiwFca9UNiC3TPbDUCcFaWt3yj:12000000000000000000:OKDOT:OKMYTH
14hshg8sCUpMSi3TmDLYbJk3mheKcd4MktGuYgwnARbuoD4r:12000000000000000000:OKDOT:OKMYTH
14dV3D7Q1Rd2KMxsM22BM6zwQSYJjVQtZNG5NgXMRKiNnGCm:12000000000000000000:OKDOT:OKMYTH
165zLZNjRdYVtUnx224Kgt9WC56WrefhsJrBH9ncZ55yRstt:12000000000000000000:OKDOT:OKMYTH
1JwUQ4HsyA9LUnicZntH4kLF92eWrcTjfo4x3WNeHNSKpUR:12000000000000000000:OKDOT:OKMYTH
143dC6uwNY4rbucUxUauvJ3vCW8bTXR5eNZRFNPpB3w27fDa:12000000000000000000:OKDOT:OKMYTH
14WASySVLBBNoEF5vKjRoXww4a5BrP7PcCgfpqGJDYNkkv3b:12000000000000000000:OKDOT:OKMYTH
14Ebpa8BXXD52cwqLp5NwYPLdvWa3k2q7pf3TBYF5NV9xt4V:12000000000000000000:OKDOT:OKMYTH
14impt5Naq2Qfa7eyqv9nakaQfx3STtFByx6g5pxHq2sriTD:12000000000000000000:OKDOT:OKMYTH
14k6t2LfppA8rRzCXw31MnZHhRoHUW3NvcjTyDgNKRuhmXBK:12000000000000000000:OKDOT:OKMYTH
14DbbcyQB772WdzRonYjJo8bXBAZYrvfWXSz2ceyPoforcWu:12000000000000000000:OKDOT:OKMYTH
1rPxwUeCzymp9TNknNc9RL7wK4NtomxJ89T1UKLFThzKoRy:12000000000000000000:OKDOT:OKMYTH
16Bkauo2qb5L4jiLzXaekn1MbqFaXEQ5uPkwFtVSJ6w7fPEH:12000000000000000000:OKDOT:OKMYTH
14wFZbwbZZ1ZG5Cv9mHw5WntYP7n4V88FF6rG9ZV94WtSDSD:12000000000000000000:OKDOT:OKMYTH
14kkhbQBf22RS6pJugEm8WLKB7cWYC2Dztwgi64dv5FaxgGu:12000000000000000000:OKDOT:OKMYTH
14LLqu9Tzj2Y2XZxQUPCtLgEPuuVhk6S35LLfuwRwEEKppos:12000000000000000000:OKDOT:OKMYTH
15wXhgUciZqDxxrHzPZTR9FXJLepLNvmXEqFfuAFzsfG8wAF:12000000000000000000:OKDOT:OKMYTH
14Fpij42TEWAvMkHrHt1xdiWhHH6wCBFJXTwY12vzCXXkA2b:12000000000000000000:OKDOT:OKMYTH
14mVqAHW1YotCNPbrCnxLHzzyxZmWLB6x8gA1YwmNzYvXNzG:12000000000000000000:OKDOT:OKMYTH
16UhGRq7ndwj2P46g5hzUYCqLaZU9GxtHYHjTp8Y9xp88kjL:12000000000000000000:OKDOT:OKMYTH
1er97zZ7xNG4HkJcoeWa6SQWCe2yBFcGMmQrPbKwriZqLme:12000000000000000000:OKDOT:OKMYTH
12H289P6GbnLT24PBCw55aE1LKpEhXkBWBRdMQW1bTFZLBAc:12000000000000000000:OKDOT:OKMYTH
167qS9wzEw1SFFXNhHPGysadKGPSeEkT4Mik3hjWnd7ZCMBw:12000000000000000000:OKDOT:OKMYTH
13kE8PTRQFKtkDnUYq1GkZEwXpkwS6oV27sSaFnwyxw5Dy3H:12000000000000000000:OKDOT:OKMYTH
1cc12hTvd2Kqg5XYW8QUcw4CG4o19M6ddKYcoB8V4jTv6Vv:12000000000000000000:OKDOT:OKMYTH
15MbhiJkTKx8tABYWgknNpFvfsT7VVNPzCS18eNThtoYBJci:12000000000000000000:OKDOT:OKMYTH
14CybUqPBr33USSN4T9sYJi3ByyxZRpcRkmPCTJQ1kkYuyB:12000000000000000000:OKDOT:OKMYTH
13u4uBuZBx2DSx3z1BZD779ZZVz2HVRUTmZ9FQFNNqxD8fza:12000000000000000000:OKDOT:OKMYTH
15K6t7x5N9tVwxeevByE4PkmhFysMAY9qiTFdv3q4jkfy9iL:12000000000000000000:OKDOT:OKMYTH
129ZFfgPonnmNS43U8SWd6sV1xCfM6aWdAJLM2MPvk3D7wqu:12000000000000000000:OKDOT:OKMYTH
1uL5EuaidG3qaiU5BdM1qn1oifo578Sj71wwcRw7siXc2kJ:12000000000000000000:OKDOT:OKMYTH
12WsshVFE2xFHHTfCXq9cRwtYq6kz64YHKgFxAKUc6bev1Pa:12000000000000000000:OKDOT:OKMYTH
1wkZHpJLkTdyyeftkNZzxGWvq28YYFXDCmXTTQdsN64Rrm6:12000000000000000000:OKDOT:OKMYTH
145KowCUoFQYbDrSbiVo4NySJWJCnXf7HE6FFMxHqgLrAdEJ:12000000000000000000:OKDOT:OKMYTH
13kxGevui5narAaK9ekCBWa4rxPUojQSa5Hqs5JuWpHKEX9z:12000000000000000000:OKDOT:OKMYTH
16h9y42pB8nxD9AoJ38vmTpMzVXfYD3uTeVv4yP1EkjFh6bn:12000000000000000000:OKDOT:OKMYTH
12nZnwimjn6kx1wMGsnpkiNfLfL9RPedY7PFkRHk1eFR5Cg7:12000000000000000000:OKDOT:OKMYTH
17sZxuWkWo39NdrYY4vvN6LeSppurjXA7RQgSdHNd6JNuxg:12000000000000000000:OKDOT:OKMYTH
1GJbr69ypGew1QTjeFZkeq47qzFHxqGh1nHwZ4ja4EpK6qK:12000000000000000000:OKDOT:OKMYTH
14hMG8aD5AxDgskYAVyhRQZ48FKfzAGKk8CczKbUDy4c3UWi:12000000000000000000:OKDOT:OKMYTH
13zm9eHUHmph7MxofprJuyaEYRoKsf1EuR8DLAAp34y71bwh:12000000000000000000:OKDOT:OKMYTH
143Zjk99HCFohu2wqME3GMSnpxXGAahoKgAKqbm8NBxJjFRU:12000000000000000000:OKDOT:OKMYTH
13VTrGkuJsdiGUrJGCMrAsRfKmopVGaKcjFPymrUiM2gki84:12000000000000000000:OKDOT:OKMYTH
127YMBTCHWMLiX2tnYDuJYPxXAMA8Zp52Zwr3Ua5uaDdypgg:12000000000000000000:OKDOT:OKMYTH
16bkw57Ygi2MBfD6xPY1BmbbmGCx1e17as9UFfJwnEBTNpuP:12000000000000000000:OKDOT:OKMYTH
12gSSs7fkjwygSUg6nagz5fQYZ9o22iXkmWKuyKCMu8u65n1:12000000000000000000:OKDOT:OKMYTH
14nyiwxjNXdzVXoKoGEucX55B5JUpdTYUjSXHMfKZFpQRcLG:12000000000000000000:OKDOT:OKMYTH
14XYbzdvZvkxpPxGnVzWWiUq1n6faa4ukooidvcLjV7rJSny:12000000000000000000:OKDOT:OKMYTH
16QzF3yn31n32XFNEDuHUr2K6ajnHvKUrSaFRR9ALQbZ5xfZ:12000000000000000000:OKDOT:OKMYTH
14WYmSbnaUJLzxvRnJaZyPuQQY1c9pJvo4tTdbFNTqu6fzeg:12000000000000000000:OKDOT:OKMYTH
141U2dDkpCT4uZ4VCBa9jP2nMLmR8zNGLX1rP5CPvPrUvvJn:12000000000000000000:OKDOT:OKMYTH
17SBZR1fkbANEHwW6ohuijhUSPZNw7ADCFDwbip2Ak76qTh:12000000000000000000:OKDOT:OKMYTH
16H3ziSUVPprHbxUpKA3HHCwhA2ntMhR5yydkVRQ7mYPuLcw:12000000000000000000:OKDOT:OKMYTH
15hCsrggP2cox3S1oXsM9FDfQLgeSf3tMKGpkQMftDF7rhu3:12000000000000000000:OKDOT:OKMYTH
14GRjpSVuYTyhogWSfR6fUpsTQkVzYT7fEMDUhMNC6sXsYYJ:12000000000000000000:OKDOT:OKMYTH
13Hk37NpHf4kpXnVP5WSRFfWhkrfosahzdhnRdKVJeBDMn1V:12000000000000000000:OKDOT:OKMYTH
15mW7Gsx715pW966N9YvYukyeuWqY1U6pEajfmV2CvjV7JFq:12000000000000000000:OKDOT:OKMYTH
139Sk7rVXrko8ZbMhyRTcSbXUGgSrToopbR1rMU9vjSUc1VE:12000000000000000000:OKDOT:OKMYTH
1LhzLGXdSxjAopXWBBWQUvk1Ry96ungUdAkijquSFLgfNFp:12000000000000000000:OKDOT:OKMYTH
137vqMVjXu1RwEbhCoEpAnDKYLaQrXgN1QpfSb4wMKujQKMW:12000000000000000000:OKDOT:OKMYTH
16QKfTsqvAm12fQszdK9g8r1gy2rXXcUGY5XZ62vr6gqzmYm:12000000000000000000:OKDOT:OKMYTH
13Bw9RGPV7XyZnRmDXMR3cHyjQ1eJT4aQ4qsjnX43JPjQLU5:12000000000000000000:OKDOT:OKMYTH
16Yyh4KMmmcjpmkB6iq3KSc8fPyvy3RwvuG1QsSZcJXDyGma:12000000000000000000:OKDOT:OKMYTH
14HbEyEJzXQJg8S81ssHGoXMwky6ETLkj3SavFRNeuHDotRU:12000000000000000000:OKDOT:OKMYTH
14FujwPQ7V8K5hfsXSDAQmw6m4pZMmYJbmonVJPV2HmcwRqj:12000000000000000000:OKDOT:OKMYTH
16HRgtQab68g7ECoBfJaxg4MC28JJkWyc8XAMM8QSAnbR47D:12000000000000000000:OKDOT:OKMYTH
128K9V9oTPCfiXVghfu7mjSx66CreKR4VMRaf4QJkQmXvkRA:12000000000000000000:OKDOT:OKMYTH
15RCmDBgAnpQPGYWAG2ZLfMsqBoyuE9sgjQSTj1Jrt91XJYK:12000000000000000000:OKDOT:OKMYTH
12tZQiUKNTyM3VoJAYMjJzsmo4RZaQHmAa8aDAbmm64T1LUf:12000000000000000000:OKDOT:OKMYTH
13zAsoK7ivfZpoA2jRLtaRLQQ32hP6CFME31YJuxNjjqqN9K:12000000000000000000:OKDOT:OKMYTH
14uHaEiVCHgHnkxrzU3nQk1mnRNsnisAJzRkiwCFbN9mE9SH:12000000000000000000:OKDOT:OKMYTH
16cgtwF7rGWHQy2xU7sYSNRBGNCYGS4t97Me2M8Sg5w46JBX:12000000000000000000:OKDOT:OKMYTH
13YnkNJEuDniae93GYs8jgLuANik6YeaU6yo1chVa6xZnwtY:12000000000000000000:OKDOT:OKMYTH
12dqTRLWmPon5o7RMbTpA9Zrh9CMogeHriEVCJF9yAA4B5us:12000000000000000000:OKDOT:OKMYTH
12NBPLAwoCVREQzT2PwYJvpDBc29zqgEfheDeqEKpb9eNCXo:12000000000000000000:OKDOT:OKMYTH
16ccqzroZUXAyszNmTMhnqFJ6Pd4ZVxL6HrQqgxCsAjMD4Rb:12000000000000000000:OKDOT:OKMYTH
16ciuAfEP4ygZsp3nEJH7uWCGZQr1frCz9w1uEbJzxHUf61Z:12000000000000000000:OKDOT:OKMYTH
1FJSp8EBPL3hz93VFQ84XPbNd2PfNDv9MNnQ7G5R7bEMxw4:12000000000000000000:OKDOT:OKMYTH
1Ho5SMqffkMNngiXu1c8DnRYE1beGPVgs1G5o4L4YGLCVrt:12000000000000000000:OKDOT:OKMYTH
15yATTiWELJDByrk7gcXHsGoqUQAZWAK8BLC6YVkz3nWsWiR:12000000000000000000:OKDOT:OKMYTH
1kH7Kr5LKi5ucfBdZJaUvt2eSeFCegPiSnUL5DWd86zxGXi:12000000000000000000:OKDOT:OKMYTH
12cBheSLKbGduPFDs5egGEkV2Usgas6vkxGHFX6rQnzXWmFE:12000000000000000000:OKDOT:OKMYTH
16ebAEsEopkpfLr95mHDvQwZUtqQKwEcWdMo9TAQ1nKEBMwJ:12000000000000000000:OKDOT:OKMYTH
1417tSCBykqEriQGCUcuc3wnsjUG51g53gCUamZZ6Fj4ATUd:12000000000000000000:OKDOT:OKMYTH
15sYJcW2ewHuB9bxR3CxPQK6x2hx7Xjtz8hWdzzFZdmmGri1:12000000000000000000:OKDOT:OKMYTH
1uoXpC9Z1c6oRrQ7tyYVtGTmxSLKHT7c97U4sA4HwHfsXRo:12000000000000000000:OKDOT:OKMYTH
12kMmdgSnMoq4r527Zh8zrkcDZGWRWPX4nup7cF334qMadWm:12000000000000000000:OKDOT:OKMYTH
149scnwER8AVoajR9NWW8nJp5dy8kmurnwkUvNNTVssJfKno:12000000000000000000:OKDOT:OKMYTH
15iazB1A5Rnb9P4Dkw3myzV8jk4HjhhrotkpcfNv1Y36aJ6k:12000000000000000000:OKDOT:OKMYTH
15kHy5abxW9RtLVXyB11dCR82RDYGzmGXL5TqxLSMzssvSYu:12000000000000000000:OKDOT:OKMYTH
14or7hhi3H9w4gYNspdc6dTrZDV6w9jWyb6a6pugYVz7xrex:12000000000000000000:OKDOT:OKMYTH
1448etzbnhvBuQiTQhJeSq7nLQh4n2S54nr3AnMhH717zF2z:12000000000000000000:OKDOT:OKMYTH
16G1fiCDEUYPUv2DBuaHF688TT7MB4A7e53oCxShB6DQfW1h:12000000000000000000:OKDOT:OKMYTH
1zsa9aWhSUmDy9RaKM7a7BN5UbRdydL7tskzJfT7Ki6tRcH:12000000000000000000:OKDOT:OKMYTH
14iUZabScWnJAQsMgfYAKw7X1J8sLkgY1NnU3hHiw9eMr4dq:12000000000000000000:OKDOT:OKMYTH
15b1gu1qZgXP4cSPfodyZsyKuX634EGWmDYapX8BAaaMF1RH:12000000000000000000:OKDOT:OKMYTH
13fJdAEvSouFNeaANnPXd6FeZJ4XcwFqotwEWsaHz3TT2XbT:12000000000000000000:OKDOT:OKMYTH
15mRp8catMkqeHxCXcLo3mNYL7UbRGr6UE2eVvoGVaFvsdYw:12000000000000000000:OKDOT:OKMYTH
1UPvyzcUTCVEpM3EvdWizHMBJuF53nkYayVvQh98X5szEyh:12000000000000000000:OKDOT:OKMYTH
15jwtgxVKrHs3Moig3Ma85pWypsmoaaGHGnJbZzthSxA9XyC:12000000000000000000:OKDOT:OKMYTH
1MAbY9Xwz6oYKo54W8ygEhRRAT3eYdbHpi9dKWnRF6Rte4i:12000000000000000000:OKDOT:OKMYTH
13VKUWNL7ANk7JKTam6db8BLnDyBCFJhZ4oDYoG3ncUBa97u:12000000000000000000:OKDOT:OKMYTH
15ZabksHjg8CHHhmZ2gpP7oAiMNyBHYYjdFrReCa6SWrNuVU:12000000000000000000:OKDOT:OKMYTH
1Ye2sELY8oRjGRkGf47mZwqUeescYUD4iNHguhkdPSefZYz:12000000000000000000:OKDOT:OKMYTH
12Y4WM3XDW19pQPK4qwTXVzWsWiFTZCURLkeQvgfHWCQTKhu:12000000000000000000:OKDOT:OKMYTH
12xqKxPc6wKW8vfkeaC5VVbYEJwmuRmah4kJehcir4ConV41:12000000000000000000:OKDOT:OKMYTH
169VoWzpV6bKEhDUAdpnH7A5HzpGvQaSL6NRmSdCrKBKKhQ3:12000000000000000000:OKDOT:OKMYTH
13cEhSiZymuKCSnuBrNWe86HGkyz3PPRpnPQoZ7NWyh2YFPj:12000000000000000000:OKDOT:OKMYTH
12NRM8Fn4DHSzLNujG1iJo8an2jCAWJTJYdNDXhNrnPUPt1w:12000000000000000000:OKDOT:OKMYTH
14UqCZhS9jQ8nFYRifxVmh5p6LVt4qh9K8if6TLdaxLcwFVC:12000000000000000000:OKDOT:OKMYTH
12FqEE4gyATCmmZqhGcw3sSgRWZugXQGxdfvRM4rQNAHFDug:12000000000000000000:OKDOT:OKMYTH
136EzMV44hFDE3RaQAZfNSbp7eTHCj4nw2RzK4y23J9661q1:12000000000000000000:OKDOT:OKMYTH
12JePRd74jCAZG58WMLuSWjPqsDpDPRbfdDjhjUpcUtDWo6j:12000000000000000000:OKDOT:OKMYTH
1qHQDoqDdLUwySA7ifj7r7P5thZeApnkSQCjHFqHRSPqJfw:12000000000000000000:OKDOT:OKMYTH
16ARx6VHa1fRMXRiHB6QaA3yNT1HbZPR8V36dsh4u2yD8EVG:12000000000000000000:OKDOT:OKMYTH
13zuk3ydLHq8sFr3VNfSWs8bEcFcngG6YAUGBgHyAWVhwFb2:12000000000000000000:OKDOT:OKMYTH
158BJawkUaHT2RFajF7sVMWBZmqi5hiAwrzQEbrwpus3L6GW:12000000000000000000:OKDOT:OKMYTH
15W8G67hLGUaZ1huXHDXQciXTw6tsn9YYDTKYdpzYSuZX2Pi:12000000000000000000:OKDOT:OKMYTH
12FmdhbwcVMNr2vZTz9rhMTXTEznBe1fZ6D7aHL2rikn9s4d:12000000000000000000:OKDOT:OKMYTH
13RY6eTnpnawCHZiLUq1te2ZEoBVL6synMeoitv8y9bLR8JF:12000000000000000000:OKDOT:OKMYTH
1KKCHCLRK75tNDegFkbtmzfoDMipc8tMYcrNmVJ7sBzXqh8:12000000000000000000:OKDOT:OKMYTH
1GEG1a4ZwjrPFmuU9HkaLAsLng3NiRM3nE23rEPuL3JFH3f:12000000000000000000:OKDOT:OKMYTH
13bGvkivWiXuLkZhsAzhNf6PBNkHKjopH3MWZeRbiVPh4Q5T:12000000000000000000:OKDOT:OKMYTH
1pXDtZT9zr6cWj9BoRM1MzxAq88hKNRmx9UPoN1kgB4oWuW:12000000000000000000:OKDOT:OKMYTH
14ag8k1Tnz2YcKSEkpEtoRe3Fq2f237mCQND2eRRATdtigEb:12000000000000000000:OKDOT:OKMYTH
15g8pQM5kR98zr2RahnsyVB6KsjV8pMGznA5GsyjzcGqzoH6:12000000000000000000:OKDOT:OKMYTH
15zKZPMroY9CvNjbdPFjihx3asP88cAi6aZPnSB73QCsQxUc:12000000000000000000:OKDOT:OKMYTH
1Th7Cdq4DhSFqvUfSkuqcehZB4Nyohyk2vaZYgN5KiTYveY:12000000000000000000:OKDOT:OKMYTH
12BDoyKpKX6MKyNu1HH4uUeRCuQaF8FZBbvrv7t8DzUUwUdX:12000000000000000000:OKDOT:OKMYTH
15ngQEBYKrEH8UzA3ULiBRJR9pbrJmBgv24DXsXsEt7q7354:12000000000000000000:OKDOT:OKMYTH
1HR2fmKiTvD922SuWSWhNhfqjtYboR5nfPazND1mwHdhGSD:12000000000000000000:OKDOT:OKMYTH
12VT1QNzVExrLRx4iLxsbfCufWyWesZShkZzmBXW7BazRauL:12000000000000000000:OKDOT:OKMYTH
12jCxJGD2q3mBcSiUXdKjo19eh9pwja3meUXkAg5WN2jHAEA:12000000000000000000:OKDOT:OKMYTH
15DPuRf1jNe7vj9jn4CfJnZzDKUt7eZT7sLGL8Bq6dHimdEX:12000000000000000000:OKDOT:OKMYTH
15PKg75GSPxZHuDijiATy8GtqtSidYP9n3ehkaNxkLHc39QW:12000000000000000000:OKDOT:OKMYTH
12hwJ3hTp1vXtpA6wJRAPcsAyJAPCm6ogDVTfD4Ln9BzMsU9:12000000000000000000:OKDOT:OKMYTH
132fyx8Da1ZSAmaerkx6v2RsV6i5BFYbAXeTpSc9J6y9upXk:12000000000000000000:OKDOT:OKMYTH
16edJG13yKurHL1mGJLLJ3PhbSZJgJwbPnFeZfibYQuBJXC6:12000000000000000000:OKDOT:OKMYTH
12ogfW646BLF9pk5T58bSfRVYd6boeHUBQfo75qoY4yvJwMh:12000000000000000000:OKDOT:OKMYTH
1nKbDjBU1zeqs1YTW5QR5MkUgcJWdihEb3SSKsJHSW2MFyZ:12000000000000000000:OKDOT:OKMYTH
16WK6EkCknPSctqPmviJQY47y4PJjfc92o967xzm5JpyAc7f:12000000000000000000:OKDOT:OKMYTH
143mTTvFKtLRsMV6vtx78oLS9f8XQz9mk68erUMrkRcHq8mj:12000000000000000000:OKDOT:OKMYTH
15DoUeqdco2ZFcbyv8eocQ6FfywPBoVKSzApyZLKuERBafwH:12000000000000000000:OKDOT:OKMYTH
16UhRVpTztjWdf4sR5Gh6CVL6areX9tjnWXCHmuTfy969T65:12000000000000000000:OKDOT:OKMYTH
13p68DuFtkTwidqSGaahWg6JJjzZHTQiQ6EPoN1V52HKWHiL:12000000000000000000:OKDOT:OKMYTH
16gw7fHVsMJJgbRPD9eEMwsrLhFfRgUZyRwq26bJcSa3yzrH:12000000000000000000:OKDOT:OKMYTH
12c367H5j9QvXo3HB55oDJzW69ihfPisYTpnCAhTLJCa92hC:12000000000000000000:OKDOT:OKMYTH
12Vd7ohgexk1R8dqsEMZVQ7d4NagPyh7w6VLDzoM1xrqML4W:12000000000000000000:OKDOT:OKMYTH
1WtdEnApqVUe59KW5NmCnXsrdmDnzgpjrtTaoYMcKMb6Smu:12000000000000000000:OKDOT:OKMYTH
121ULaqtWp5f5E68kHpUPe2dpXzUTJ2vxSFhZgNciacjUahF:12000000000000000000:OKDOT:OKMYTH
12Z9zP3SvtwKnRVAeMs8dJt9C6Ut7NydRoD3YVRX7fmc7UFN:12000000000000000000:OKDOT:OKMYTH
15Kz95hG8R3A3VTFtkJfoDTsob14yzwQGMMWoWePb3DWyW6C:12000000000000000000:OKDOT:OKMYTH
14UyKqwFTx98Zc54kk4QC4UZ1wyqGXMyaKsK9Qq7FeGmLyh2:12000000000000000000:OKDOT:OKMYTH
155B9Z8sCaWpFbc17hW87RZw1au3SuarZF3g4NpdiCEjhjEW:12000000000000000000:OKDOT:OKMYTH
12piN5Vg279QP9Fye4f34XWraz9hUdQxQiwzf8K6yKSXS6t9:12000000000000000000:OKDOT:OKMYTH
13Da2ix9SEYHhFaWUNTf7ppuXNKFcG3CsfzTtBYnuYy8FYog:12000000000000000000:OKDOT:OKMYTH
16jYtckKNq4nWkUKBjeidgS2tT8hPxBhtLsADa6YRbpZ5GoZ:12000000000000000000:OKDOT:OKMYTH
16KYYHNuxEpwExhduKrDzcAAA2LsFETXdHUQDWY9jB4v1qwJ:12000000000000000000:OKDOT:OKMYTH
15kSvTrRyDXSbnX3FHLM6VwYxVaV4BVSafQKgG5dTe7bzqJV:12000000000000000000:OKDOT:OKMYTH
13S5FtvXbERiLZkHrdKHtwhoS2DNdSYwB2QW7EdYYHN4x8Ss:12000000000000000000:OKDOT:OKMYTH
15VdocXgGcu1Njrv7VQ4JYJEWAxFMvyeSX5f1q8bFKsdmGjN:12000000000000000000:OKDOT:OKMYTH
1NNvUsRpiRQnvqrPYokoNSQkQGaxxwW87g1Yz1JXq54CVwB:12000000000000000000:OKDOT:OKMYTH
14TxHnpo4ioMQkvaKTuDfpeFk582invMyub4Vt33x7foZe1h:12000000000000000000:OKDOT:OKMYTH
13RSoUXZJh4TxK3jV3KTsySuG7EyLKkw9XQSJfCfT71dY5XL:12000000000000000000:OKDOT:OKMYTH
16LxxmP8rbHZYPikwd6TAG4GzBgiHLh441R3oNDkMjraAda8:12000000000000000000:OKDOT:OKMYTH
16LqQSto6QrpmKgqXWqc8HvpGvcY5tzo6wqQy97q7qQkKF3E:12000000000000000000:OKDOT:OKMYTH
16DbRxvZ5sPqGwxkUD3Fiza23UDWDd8XpDp8r73E7LHxVHju:12000000000000000000:OKDOT:OKMYTH
15AmobLDSGK6WPvk8dW5ppMdbyctheVr28LVwbELvTP1Aq2g:12000000000000000000:OKDOT:OKMYTH
144vRjWH339geyFQWUkvLdm74fnU1uqKtkQBhwGuPbcGYXqk:12000000000000000000:OKDOT:OKMYTH
14LFA7LoJxywzFcfAKJos32QkSbPUhAkrxojC9SqGNZspqwb:12000000000000000000:OKDOT:OKMYTH
16VFUxyeQLhBqZQ2CsAtzzH78Anwcfjfra8hKEQgPJCPvVza:12000000000000000000:OKDOT:OKMYTH
13T4BMbpemHRGKKNVH2qADp9VmwnKc6tSgDNM8ET2y589pQ9:12000000000000000000:OKDOT:OKMYTH
14icEnHRbcy7mdNYk6LPAvMYvVukCKpWjjscBbPh7WaikP9d:12000000000000000000:OKDOT:OKMYTH
16Ue5e88qXa6WUWDnj2Bm9TBkPfkeu3u4FcfXRJsc7Tw913d:12000000000000000000:OKDOT:OKMYTH
12VCkKMjPMamzyF1sFaV9eVACqmAw7wrspJtbFNoW3pRCAU9:12000000000000000000:OKDOT:OKMYTH
1W7zMe5Dywxt6RUAjTmBxnFgKoGY6fskX3UGS7amTbEaK3M:12000000000000000000:OKDOT:OKMYTH
16J1hQPWLjaS3hyDA1KBzLjMd3zK1zG41UDPT4WJjikr81Xe:12000000000000000000:OKDOT:OKMYTH
1EXsWdPYhJPc8B8RLK9iSwSKYRddGsTDu35mnxf2159mWkD:12000000000000000000:OKDOT:OKMYTH
12i3t1FocGXatAQDQJtuer4J6MTos2j4rnNcrBiA2BMRM3QR:12000000000000000000:OKDOT:OKMYTH
15uBYhQsEshc5ZaEqbwaeHCdZMEDjCvRaHYVS7Vk4UKsnmYs:12000000000000000000:OKDOT:OKMYTH
14FT28z7ZJ2AXaa6B9T6zkMqSdcC5f1Rpqra6i2WFJTXTGPX:12000000000000000000:OKDOT:OKMYTH
13hzoh8m1BpEwuszDfLEKqaJ38Nx1xjTbU6PKbJsX5opkX5M:12000000000000000000:OKDOT:OKMYTH
158snLqYqFidc4TDhikZH7PoHqXokibTZKFfvoK8fVuUikYv:12000000000000000000:OKDOT:OKMYTH
14gXRC3DR6BCya198ZTfWx4ynpaAHJUGwYB48rsEihu5eg89:12000000000000000000:OKDOT:OKMYTH
157fcmNznjShSKb2BhnHNGjGUd5hp9xcLh8uioacTVrxZTCw:12000000000000000000:OKDOT:OKMYTH
16jDQxuG6JPjpeSRaK94SkMWzwTbLjGqtFXSLKtVqoyJHmTn:12000000000000000000:OKDOT:OKMYTH
12ZHKErCRDojuV8bdWriS7gziihXarmDpWRvUMzLBphqz92T:12000000000000000000:OKDOT:OKMYTH
158KfzU56P1ErtYmP2YPd6Wg9kQZiE4Zgb4yr8iLaZGrmtj8:12000000000000000000:OKDOT:OKMYTH
133q3t2MMk4YDN1Jkbp4T2hW7XtAy6MYmwuNdsPHMt8FUFw9:12000000000000000000:OKDOT:OKMYTH
13sevAnLoX2mDMHsdXULQo8Sz5M5D7yK51RRUy34DW9L4gJE:12000000000000000000:OKDOT:OKMYTH
15APb1HXkhZd7bjtRoJpQXYYnB5MM4mcbwEmPKtD5562oQDG:12000000000000000000:OKDOT:OKMYTH
1q7WUVo2S5idQgb9dB6cs9sadDcHG6FFABNf2YbFYftryoF:12000000000000000000:OKDOT:OKMYTH
15qhkEDFdaJQ1qF7r2z4FAUKU1EdNFaq3HoUUUG15zSAQfjS:12000000000000000000:OKDOT:OKMYTH
13BQjTow6nJa1HgZGGUATN3XrmJipo3Q3Pxmb5UZDcLSEdPq:12000000000000000000:OKDOT:OKMYTH
14F11Eejjdch4QU4AKp1SVJC8jzAvd5rAUidoEUUSo1Zyh1x:12000000000000000000:OKDOT:OKMYTH
12kh15rgHYgkNGC6RQDSZ7dTXAfZ1H89ctGoVRPHBqtfxtgV:12000000000000000000:OKDOT:OKMYTH
13jeLz9oWXMtJn7gyUXcyiQpiCEcPpnU4TVcQHp6RNnXHmfd:12000000000000000000:OKDOT:OKMYTH
12aCcHhHa8CnFbpN1DXquB3vG3dmUxS4kEUBnY44u5kYjp1b:12000000000000000000:OKDOT:OKMYTH
143g1mBQPBV8YLho3z6vHmD3BoyrRrh2ujTM6jQV2ACq9YQt:12000000000000000000:OKDOT:OKMYTH
14nJGZtU11Nb2WxQPrYeyBY8wULAaqXse3fCFcsdQNiKqtHV:12000000000000000000:OKDOT:OKMYTH
1csoRFmw6W2toKoVh2dE2XqfpUbJmTKTa2FM3DT5dC6QDLE:12000000000000000000:OKDOT:OKMYTH
15G5W1dGbaQ6Dz2Ptn3BA5LHumsgTN3jCrbAL897K9HjioCG:12000000000000000000:OKDOT:OKMYTH
13fPMJGCuZeQyFg2dGwsxxYhrqjTcDZxzQxwo48Gi3eG5ueb:12000000000000000000:OKDOT:OKMYTH
12214ZJvYYYbgpu6tZCG9uACFi7Vs626mrEmSBPA8cztpAoP:12000000000000000000:OKDOT:OKMYTH
16WBfR2Htn4h3DXGRk93ua2DFDr4fbX2Mo3P9HhGU1weeXqk:12000000000000000000:OKDOT:OKMYTH
14FeGfd22EWwYKzQAJMP1hL1qyNZRHrpHjcCk7jwvEiAUm6F:12000000000000000000:OKDOT:OKMYTH
14WYk3vuy8nq5vj4Yrg1c2fxdcyMYupcf3VRNchbWqZZog2w:12000000000000000000:OKDOT:OKMYTH
13Bvd8hw6GrtdZfeTsgbqpwnmeBMYY5LqpnCbGb9VUS9wbMi:12000000000000000000:OKDOT:OKMYTH
16i2aHCH5pXxcyitBD3mdtNr8Z5LRAEQq1fb9atwFqGoLrNx:12000000000000000000:OKDOT:OKMYTH
16efqxwnuNqr7ao6QrN2EEjWrykHi8ttyMPN5MsBtNSQWE9o:12000000000000000000:OKDOT:OKMYTH
14B4tcJivJNjCgMJjzQQziEE1dhemzDjjkWdUzmpnaWZgKcp:12000000000000000000:OKDOT:OKMYTH
13tvFsB1VGBUP5tbUqBMEXsvLu2c4aUMK8uYugfU7deVm6dd:12000000000000000000:OKDOT:OKMYTH
13TuYJHTuGaksUF1fhKEjAaR4BJJX17jrMtkxeu71judV6CL:12000000000000000000:OKDOT:OKMYTH
12D7oeJUgr4yks9eaESVS9etfk2fwqp9wtGBkgwZwToPv6gC:12000000000000000000:OKDOT:OKMYTH
15RWo4vZehCVQTwwo7cW7nuHykWQhQtJUj16EoH5wUY3duGS:12000000000000000000:OKDOT:OKMYTH
13VYhH7zWjBvMnDamWFQnP6Jg9F1eBMNPsFA5gZHBqBjnJuU:12000000000000000000:OKDOT:OKMYTH
1685DLCP15vHkJBevRxuzi9eG8SUWobj8TR7q9ySSZLn7qa:12000000000000000000:OKDOT:OKMYTH
1JGTFqeYZUFPUw5wfEudq8ySfS8ewRBgUiYpk7zkmGCvcoZ:12000000000000000000:OKDOT:OKMYTH
15Nn4tSznYt77a6NKGXfmbSh8c4EXoT5kGkUWtorooWS9y3H:12000000000000000000:OKDOT:OKMYTH
14WuqpvEcX4aN8YrotrwSYHy947rpe7GiwYH3Wkft7WRBg5L:12000000000000000000:OKDOT:OKMYTH
14FwuB3bYvZYeHchmnHhuorH5KQojGj2RiaqwwNVmCij1xkX:12000000000000000000:OKDOT:OKMYTH
12yMb1yCNEwdjmEniwK7sojafhDyjH98ELVm7aWnEHfpFZWg:12000000000000000000:OKDOT:OKMYTH
12DSFayvAwZnNUvGdhP5HRMUfEBaBvhApr5JqKuAk7D87EQ5:12000000000000000000:OKDOT:OKMYTH
13NCLd3foNpsv1huPDzvvfyKh37NEEkGFotZnP52CTR98YFJ:236000000000000000000:OKDOT:OKMYTH
