16XzkhKCZqFA4yYd2nfrNk8GZBhq8xkdAQZe3T8tUWxanWWj:12000000000000000000:OKDOT:CHECKMYTH
133XeivPfhFDgQK8s8QruRGo96CQ8UdZeKkm9KBUvjN5NkTN:12000000000000000000:OKDOT:CHECKMYTH
15JQvJFQ6Ht9nKqz2bUD3iDVobNNuptcQdpMu1Uf94S74YKW:12000000000000000000:OKDOT:CHECKMYTH
12TJrkuZ7nQv7pCCYGriZpxRiK5kN6dkXt3cVPwz6pkvaUkU:12000000000000000000:OKDOT:CHECKMYTH
128kpgSiURE2rb9CAtCS5SMMARLsFD62f8wcC6fcws7phjCt:12000000000000000000:OKDOT:CHECKMYTH
1Yi3JKu8tR4GJzyWFWPkHLQHZ4oBosA3c4yZfeB9kDQQUA6:12000000000000000000:OKDOT:CHECKMYTH
15vZr6HgC5oHu5KCjCKZ3RHWz1WPRzVPacqaZALx7bhAz4dU:12000000000000000000:OKDOT:CHECKMYTH
14AYsDL5gJDDWCFyzRdREwg5pQQbn3qejcknAp12uArK1r8H:12000000000000000000:OKDOT:CHECKMYTH
13XxNMnNVbNMcahL5TwPvDBimf2hLEKVK1UDqoqxH7bz92a1:12000000000000000000:OKDOT:CHECKMYTH
1mddHSDFxjTNUBkY3VsT9LdAMfQXo1RHkWeoPrwHdaqwcnA:12000000000000000000:OKDOT:CHECKMYTH
14tZj8QzxtGYfcPiLPiM4c9e63d7kr3dx6oEHiShvbft2mf2:12000000000000000000:OKDOT:CHECKMYTH
1BXXwVjJLkRT6aKyxPWUByN4beMwdpEznujRcU6drRW1qJW:12000000000000000000:OKDOT:CHECKMYTH
14SdGLdDuZEwhbS8EA7539gETj5FVcPnJ7AF2msqvr1xQbLe:12000000000000000000:OKDOT:CHECKMYTH
14WEK7c5rjjh17qhx8jM5b4badrKFFM1W7bhwEuArRZMNJdP:12000000000000000000:OKDOT:CHECKMYTH
14PQ8G39BAHf1MX773o2TbJzw5nn2KN8HTsxPZaZJ8ovdPya:12000000000000000000:OKDOT:CHECKMYTH
1XB8YyLbfCzug5ko51negPWn2QB7XgWsVFDBnnDuATmCiig:12000000000000000000:OKDOT:CHECKMYTH
12bGiRXUBfbFCZPZf5nQd37wK4crXcUrjXk8sknHx7hoVGrp:12000000000000000000:OKDOT:CHECKMYTH
14XHvRZd9wN8aHbdWCFiqK8vkhWCAvVkHL19k8v76VCmZnDt:12000000000000000000:OKDOT:CHECKMYTH
1fPnajbKR2nJwNWNqrZPeAmJgLKATVBPGMxB7NzFDvCxfzq:12000000000000000000:OKDOT:CHECKMYTH
12kZzcsaHpgAaRyxN4u66BwTSsJ8RFqbxkz4taAZ4oZER3Ef:12000000000000000000:OKDOT:CHECKMYTH
13QsyuETYqJybmM5M4LaCT4ZZSRbaPtUvRsxmU5f7Ddp5oGF:12000000000000000000:OKDOT:CHECKMYTH
16MxR49RtkkNqMHo8BvQFkfLzPwdAJdnB5JNt7PdPjCD2R9z:12000000000000000000:OKDOT:CHECKMYTH
14znFvJ1cjMj13pNTMEpNR65ie89rfEBeMSrCui3DDhnCJqk:12000000000000000000:OKDOT:CHECKMYTH
14APMwXDESySUySnD7veDTgLYahemRrgmXJHaUqZX1VGq1WH:12000000000000000000:OKDOT:CHECKMYTH
14erm5H7CNEGHyweNzcgYZjDsgk3YP9vCmLgWGJf39xAxeR5:12000000000000000000:OKDOT:CHECKMYTH
156YEnBYptb5bfqgmWS3ugswdnwi3KtGzRGNqsU4rmcfJHHN:12000000000000000000:OKDOT:CHECKMYTH
14x2FgRM54a9o1wANmYTcEC27Ee4DhqfpGMm1jrUgTzJm2Xf:12000000000000000000:OKDOT:CHECKMYTH
14wpu5vfXcGyRjyYKT1PrtbKa39iHLXBwNiAQfqmzJn24BAa:12000000000000000000:OKDOT:CHECKMYTH
16FCZ9ZqikEsuf7maNXx6B9QtVR7CnWAJ6UsKXdbBQqM8VgC:12000000000000000000:OKDOT:CHECKMYTH
15j341xk3QkhfvViKBQL4VYx7Kyp8N23ZpiuW8PQhJSYJBy3:12000000000000000000:OKDOT:CHECKMYTH
15VEoc6daqMS8Eaw4Z5qYLqpurKhFNzBHd3vCz7QjfjbgEvB:12000000000000000000:OKDOT:CHECKMYTH
13X7uxTseRB3vjJJA3EFZZTMnrTNXFMEoWcschW6w4V6kTMo:12000000000000000000:OKDOT:CHECKMYTH
16iXGNpmJuMVPBpMSHsSyimko5Ecyb9MY9pRhc7UJwpmN6kh:12000000000000000000:OKDOT:CHECKMYTH
16D5feJwGETHF143uWHm9Qjx3YB8skqXVDFEDao2o1pWwDd9:12000000000000000000:OKDOT:CHECKMYTH
14x25ZdYfEZBFB3BJ5gd8wEh64bMR7Zd9AMHL3BrNx7L8apt:12000000000000000000:OKDOT:CHECKMYTH
15PLscqWsVZd3shHsQZ3AxBUa1BiE5vrNVLZZXdNP7BQ6uTY:12000000000000000000:OKDOT:CHECKMYTH
12ke2Btykm8n2765h28WCncP6S8MAuJHGGNmZPA1cMd56RTF:12000000000000000000:OKDOT:CHECKMYTH
15aV7aLuoYv2jYm6YFSkRkMQaB6mpgRT8QbZpzMVNdMPLMJA:12000000000000000000:OKDOT:CHECKMYTH
12n78aXe6Q18uJeQTL88WmJpw8SpzuDbEJKVDJzepjXQNk7o:12000000000000000000:OKDOT:CHECKMYTH
157hXnFMinZjDERaE7YynZ2i7Mp7ugNqMhhiqatiL7Mw1XUG:12000000000000000000:OKDOT:CHECKMYTH
1er2gE4FfQ66kHTqdJiUZJex48nP9oVazye2W667rwN23yq:12000000000000000000:OKDOT:CHECKMYTH
15gVVBf81JFVw1DHpAyzRKvMT8hi5tiBNnPhWNeCvT8uXMXf:12000000000000000000:OKDOT:CHECKMYTH
126Xymg4soC1KQZBgB8NzFPMACowX8ntKZ7cT314mPFr2VqK:12000000000000000000:OKDOT:CHECKMYTH
15YiMzxNF7DGF5xAZkxN6QkzBHyn8Vrmr2MHjHDqF1cyyCeA:12000000000000000000:OKDOT:CHECKMYTH
12D7fKyNxEXwqyuWjbKYzziPwGGRh7bQ4rh5QzsciXwjrUpy:12000000000000000000:OKDOT:CHECKMYTH
14hNJJynT8zrQWfaudQdWjjsiqfiuoP5hsJZcEaoAq3vmbNa:12000000000000000000:NEEDED:CHECKMYTH
1291qefgEoszJpfEgDg2BGVi5FpHNgvqnPKM9wE8qfp8Egju:12000000000000000000:OKDOT:CHECKMYTH
12zfkzi2smTLjnVJAr4uEBbsARwFE67a14RpwmE1rEEBJ2LZ:12000000000000000000:NEEDED:CHECKMYTH
1J1GpPAqBMFLRWMcKBKCjwVySsvJy5rAKAYKfANSAYsYEWm:12000000000000000000:OKDOT:CHECKMYTH
14SxCUynQAwZdk3hNB2p4wa8BkTEENvmdJqHUDqwE2bTCL8f:12000000000000000000:OKDOT:CHECKMYTH
15r2TNyLQFxdxBZgGLNoVRtN6e55dgQ11QpfnG9VeSu591bc:12000000000000000000:OKDOT:CHECKMYTH
1411gTne3MkcrTfcxwnhZr7kQne2oqPe5HjnaSTMuWsvrdUN:12000000000000000000:OKDOT:CHECKMYTH
14iq2sUL6gNtscWGNSJrwdNPJoBvFLsbEWjXEgstW3dFK8za:12000000000000000000:OKDOT:CHECKMYTH
16LuTtUUErK5wJC34GZTpT7Sfvk1BHovhvJJN2wVBJEsa91Z:12000000000000000000:OKDOT:CHECKMYTH
13QVNEafqHGRJYBfSYhmik6S3DcBUhw9LtkrAqhrTQ5Tqeai:12000000000000000000:OKDOT:CHECKMYTH
12zshjtBEmK43evpHZXyQEVHkfVhW7J5sUvs64EmusSCxPUp:12000000000000000000:NEEDED:CHECKMYTH
12Nr42WYDwF1ztmCG4jLzCF3aowgySrkD6nMXxU7KE1V2cbQ:12000000000000000000:OKDOT:CHECKMYTH
1noi588aNZ4dDwxcn3GCS252wKSQjFELyvoq3ETySWebqsT:12000000000000000000:OKDOT:CHECKMYTH
12xr8ThaDfEKZVcLGSr12g3f2wEBcNJNtQ7XQwbgBrP58G6F:12000000000000000000:OKDOT:CHECKMYTH
12YzQwWmdsqxSbCcH8iS9eLsgSA9YuBbWpR4GQ7oCYFDxf9g:12000000000000000000:OKDOT:CHECKMYTH
16HzDe8K379AGXDGYeWG8wrPpMPfB6nmdqSfBF33xNKkLNHY:12000000000000000000:OKDOT:CHECKMYTH
1RXSPKgVaDdXDs8qx3hi2uv5wizVohaesbTGiTrDgHDuPyj:12000000000000000000:OKDOT:CHECKMYTH
146PHyiJSJoFMniSagWjpnX4A6yh9jF7ne5kx5nWCMM7gf6:12000000000000000000:OKDOT:CHECKMYTH
16FbdfL4ET5DNvjkBbyJBFSLgWEjRs7yxgaYjaU3iBqVgPQy:12000000000000000000:OKDOT:CHECKMYTH
15bXhyfkcZLhjzVeCjdShvW4fqAiQMD9hc3KBvd8hKcT8Yo9:12000000000000000000:OKDOT:CHECKMYTH
12ifq3YqxtqAVQM2CHTwLvYBKoHcKMs1pBtgQn8QxBB6vX6i:12000000000000000000:NEEDED:CHECKMYTH
13a7CjkyunMv4fHpTYiR767xVeeu88hJB8jhMkoPcQqwRkeV:12000000000000000000:OKDOT:CHECKMYTH
16GkBam5heXdnofwPoLTJtrt8uV5BwrGqjhoJSWR6aP3JaSd:12000000000000000000:OKDOT:CHECKMYTH
157arZNw1YV4hDoHnY5qwinVUXahYMPX39Rh2ax5cV9FaTtm:12000000000000000000:OKDOT:CHECKMYTH
156BtJPcGk2q9d3c4HyntyYX8fNiSKixczUPKMSQNbyKuNqk:12000000000000000000:OKDOT:CHECKMYTH
15T7PQ9CsnETnezJTBGHUespkc11Tiafb5cr5gT7MGEGH9q8:12000000000000000000:OKDOT:CHECKMYTH
12L3zhu8FY1eVouisSGbyxcExb4YchD4qFaXAxyhG3JDbso6:12000000000000000000:OKDOT:CHECKMYTH
15qoLG3JDurwpRyGDDNDYJCCWFWxDUw9ukot5TbMeaUL8N7V:12000000000000000000:OKDOT:CHECKMYTH
14yJ46EXD5r2KxSWMJugjsewnohLwsUwbLSEFNVSVonmEckY:12000000000000000000:OKDOT:CHECKMYTH
13bW1LW4twBM9DtYNcBYM2WNmuaLqJCiniyRPSJi9jxXn5PJ:12000000000000000000:OKDOT:CHECKMYTH
16dJPtMPRXbtFxTDKe7wbMrM2mtjsmUDj7n8uBZJ8ZwQDrEx:12000000000000000000:OKDOT:CHECKMYTH
16JwJKcMwz2ft4vCcJV6SWEEdtf5pSDBSNhW5X1cPoFWmWL9:12000000000000000000:OKDOT:CHECKMYTH
14dPhRWNVMSmgPybLSYGJfgoVHU1PB1hsEApMcvaXfBuZ2DG:12000000000000000000:OKDOT:CHECKMYTH
13FSZMHEMaXMR76KRD8iFPqKyuEyBDLcUeAjz9iC345ubxDq:12000000000000000000:OKDOT:CHECKMYTH
13TWxkUMvJ5ssGtmjd8hVCDidKHRMVXzVLykxGeo7kRkDhcK:12000000000000000000:OKDOT:CHECKMYTH
14rXiX25JHuKVjKtx8pTg9KuApnxEUnSoHPsWp5di5VcHg8L:12000000000000000000:NEEDED:CHECKMYTH
15kumBjEjsmUKpe5UUwGFT6PY85hUvePb9BuPmv6cvW11Ef:12000000000000000000:OKDOT:CHECKMYTH
131GKZq2ReYn3tBCJo7UKYkRgrfjA28Do36dq7kyjN7c9DJK:12000000000000000000:OKDOT:CHECKMYTH
165cBVcZLzDtx5mkQHTTk32ukvp91rvqaLDM63U529VS7gqs:12000000000000000000:OKDOT:CHECKMYTH
135iFXpptrmRp9P7bSQoYHxZVPZ2jVmEZ83XvutbGsW2Btk2:12000000000000000000:OKDOT:CHECKMYTH
15fy7RjNUvvCDcrA692kFA5FfTCbAWVaTZDQwaQCyAzmPXk6:12000000000000000000:OKDOT:CHECKMYTH
12GgfFg1jzhxbWfByWfLY5L3ziqDnko9rH6ct5aQ1bt7Nm4y:12000000000000000000:OKDOT:CHECKMYTH
1sBUHZMsGPKyoYJb9dLNJdXBo7isNLVkuMLhQbTDnagqVN3:12000000000000000000:OKDOT:CHECKMYTH
14sm34RgqGVtBvfZ68cuajfSnwyuDYw1AhivjdFAg7y3sCuR:12000000000000000000:OKDOT:CHECKMYTH
16aR7QwSqbT1SKHN7jV65uwp7aTKrrUMjFmgGYFuYnQ4jddy:12000000000000000000:OKDOT:CHECKMYTH
12CoDw5TYXK6AuHumatYMq8FsnMf97wVowh9muMEAowkhU1e:12000000000000000000:OKDOT:CHECKMYTH
16GhcEGqaP26UWRwHsDyULUewgoGKVvnykdc4Dbeg8vL2EQv:12000000000000000000:OKDOT:CHECKMYTH
15a83YNJPzmAVu7Pim5bGpp5Sa6kVamAncyfWRZBkz4MfDQ7:12000000000000000000:OKDOT:CHECKMYTH
12pUqQaReYVnpq6cR2zdADVGBbNZeXwaAzjRrtEWVozefcTm:12000000000000000000:OKDOT:CHECKMYTH
15DFV47qUPvb6pDyQCCJkRKpStVuwzBmzeXpQqJxjiVqoV7u:12000000000000000000:OKDOT:CHECKMYTH
1722wNf1LHDyk5r3dJttaRiqnkcZZ1XD7bXiKz8j1MxLUHq:12000000000000000000:OKDOT:CHECKMYTH
1PH3RPmSwd767GD35swK8SDfdxYafhVDtCDmtY7tarupwmX:12000000000000000000:OKDOT:CHECKMYTH
14gCWeNXi6hYUdW76bzQeaaaRRz1j2nYANP1on9xfLQyaFNM:12000000000000000000:OKDOT:CHECKMYTH
1F2yf7ueFpP2DQtGNAw9tafTjXuDJ1mQRrhgUQjUFqeD2V2:12000000000000000000:OKDOT:CHECKMYTH
13oXSUe7667zijXPQVAfebzvy7qhqNpHDRTbHNwgVQhoUgU1:12000000000000000000:OKDOT:CHECKMYTH
15cyvW4Agjwj1njMN3YzrizsbKBKVai4mbq8AFP5XeBovKse:12000000000000000000:OKDOT:CHECKMYTH
13avqXtPktHecpgr2opvzcB7fYZyXXunomxXSE4yCGPHiiTa:12000000000000000000:OKDOT:CHECKMYTH
141T89ZYoYLi7EFUCrcyQwYmRa4mGmcjGSSKuchNwKR58MsD:12000000000000000000:OKDOT:CHECKMYTH
13X47QSP3MN5aaXcCF2TGguSVBomg5rf8LJz8cfEkJrdNKjt:12000000000000000000:OKDOT:CHECKMYTH
16Mkk8AK4mmnwjusm8poQXVTk26Qkr2MtL49VWGbbgJTXdjM:12000000000000000000:OKDOT:CHECKMYTH
1PHSr7bWUeLXudwsSc8pxXJBn2j62he9bup5wS8AWkiydht:12000000000000000000:OKDOT:CHECKMYTH
124sysH1HjEgmQjfQxqhREVuZU1ig8PQhGRdEVM7P4r6B9kA:12000000000000000000:OKDOT:CHECKMYTH
1JbiBCiiPP54AdhXBY9CrdpR6gahNcuFUsT6gwizXJQgjhA:12000000000000000000:OKDOT:CHECKMYTH
167AHoydqo8sALqUG6F417LaD2t1fHLpo3k3qiP5vR4UTyAa:12000000000000000000:OKDOT:CHECKMYTH
14hmVe42TTsVuDQ2T8Us85hs7dNrJvHoEAnLo7iD7V74DB5g:12000000000000000000:OKDOT:CHECKMYTH
13fqSxCewVLbpxvtBTphSXMrE29hfngr5z8tcdMw4GAnKK7R:12000000000000000000:OKDOT:CHECKMYTH
14ZrjZMQ9vG279RyudenmGaoWdD11x63NRyvTtE7AWgm2dXx:12000000000000000000:OKDOT:CHECKMYTH
16kN9CfFUzvsBK3Pv8Tccm7tCf1HGBh79wz8uM4jSgi7Avk6:12000000000000000000:OKDOT:CHECKMYTH
13PHxSJzbYJGAxTToUjYCddJQCP2tt9zKA47zjNdejvqt8GH:12000000000000000000:OKDOT:CHECKMYTH
1mj2TFryPFBhMNK8QDp83HiSLvGvb4uAsKKxePXNzZk5HKP:12000000000000000000:OKDOT:CHECKMYTH
14y8xCo6QxFtAKemB76qsTdLhnfSVqc5y6imtgjZpy7LJYYg:12000000000000000000:OKDOT:CHECKMYTH
16gDTqSjGzynWS5B41iBKXJiN5fhhrKoqThttXVe1UXhxhu6:12000000000000000000:OKDOT:CHECKMYTH
14rsSjkxwuBs4vxKFL8nNZ4hj8MqJgt1NUCginfRnVAdVsXd:12000000000000000000:OKDOT:CHECKMYTH
15j6hFDQxtb7MWzY1qS7ZX5iNJnLBVAtTHjq2eLHaqLoLsfU:12000000000000000000:NEEDED:CHECKMYTH
14EU46ygAN7WwWP1pLD5vKdGg3iAbVGCVjXQX6q1DJq2fYMa:12000000000000000000:OKDOT:CHECKMYTH
13N7cLL6btJds9QSS9yRmcJFJy68EpqzsBYrAG4xySrxbW8Z:12000000000000000000:OKDOT:CHECKMYTH
13EiEuVhY1oDaF3kAmmCMJLXdXgGkrKk47Gg2J4xzdEbCC5p:12000000000000000000:OKDOT:CHECKMYTH
14ZeB85bBssJn9e21W6r5pkqZbJ6KtLvSh7GoNqAmLWagjcv:12000000000000000000:OKDOT:CHECKMYTH
12MZiLwLyDCBp1N3qQLio7Sfp9SQpSZfMRerprE2gUEnx927:12000000000000000000:OKDOT:CHECKMYTH
13WM3oZJVRHiX1SBfYurRrKL4jnoHS9CTZcX9KVG2fWqotwE:12000000000000000000:OKDOT:CHECKMYTH
128DkHweQ9gETHjJ7EysfzHn3gsgpn5UoDframohcAN5661m:12000000000000000000:OKDOT:CHECKMYTH
14nwkHzZZnEYKGLJPe3BgWb8GgzzYfBYroowjKGBMjdH4tvo:12000000000000000000:OKDOT:CHECKMYTH
17Z6zKHaQA1DkoHPWfvmWyeaZu1mdHyjhaSpryPCbhaspMX:12000000000000000000:OKDOT:CHECKMYTH
14wmV19K5Pco7G4zkSxWMtZNrEbEY7XFGNjdTLfMWiUJYHS7:12000000000000000000:OKDOT:CHECKMYTH
13Hjs9oYVaV2TqcZiCZdxqULxGCZ6wtLAMdYwH3XF1cAzrYG:12000000000000000000:OKDOT:CHECKMYTH
121aS83GQ7DVoLDrBpy8r6LpttnfT8EJM6zBkoraroqaReAt:12000000000000000000:OKDOT:CHECKMYTH
15QnJnVQH143sWGhd6zGN3PvXxEunJQqBv7DHzjKk2cpSgzw:12000000000000000000:OKDOT:CHECKMYTH
14qYBDwJrvDuUNneS9wVTS2RyRhu8t7mzyMcNtojM9uMMa8c:12000000000000000000:OKDOT:CHECKMYTH
15wp199QDKqWjdHBQGtmm667X9hLmozZpQ5uryDRsmt1KZuz:12000000000000000000:OKDOT:CHECKMYTH
12iGRrXzjrQthZDtQvLtkNKKSc3ArM3XrAuSrvxxUMyaEF87:12000000000000000000:OKDOT:CHECKMYTH
12hh6EEfchvUTnoctfNf2F9SSX7GGMzPJ4gMEcLvcCsT6pM1:12000000000000000000:OKDOT:CHECKMYTH
16ad1z3MEsDJeZbmG7bcAd6WHDNiTCvcEJrffvzuhsQH7evw:12000000000000000000:OKDOT:CHECKMYTH
165wr4GyZbe8EAyvgi6eriw9pEqFVTNA6ENF37vNXpd4T3vo:12000000000000000000:OKDOT:CHECKMYTH
14mTwUoVjCskXzoqV6aVsMcDtJs21BNfe9TFVXr8te1HSEbE:12000000000000000000:OKDOT:CHECKMYTH
13fkhsxCRZsf5UtKLYifPm4NUn39x82E8XVHNUMnbaHNL659:12000000000000000000:OKDOT:CHECKMYTH
14rhNcWMgywLuQyjGxqBzMc69neZ3RC1JTU1Z1Ls8DXoLH3t:12000000000000000000:OKDOT:CHECKMYTH
1ao4U4gnkA79wqKGPM8x6E9pL8wMAQdgprkyy1wMuYyAjG8:12000000000000000000:OKDOT:CHECKMYTH
1w8DjXtakP4p2jeK1CKbAHU11kE85qcCogGQqYXY42EfZ7Q:12000000000000000000:OKDOT:CHECKMYTH
133nSycVotoX4Rqmgh1gQFaztJ3xRFYsKXDPp4dhdkRxcLwb:12000000000000000000:OKDOT:CHECKMYTH
15zDjRKrKqmANVHaWccd3GKMbrrxtkqNkFC5ZFmEozXDL8xX:12000000000000000000:OKDOT:CHECKMYTH
12PfFWm3xinsLRt6aJufhmrm7qHsEZ7GR5UTfWLTeXg5LmrY:12000000000000000000:OKDOT:CHECKMYTH
13vBXNdaVHk5c9vgfjYDctet6wGQNEjhyREFnAekLdVVubHf:12000000000000000000:OKDOT:CHECKMYTH
14vLyEpzMFj5jutQvj8iWDtDw9Bunk2oQtmgnvbCbaTTJysC:12000000000000000000:OKDOT:CHECKMYTH
13zDZSGTBtpR3cqW9gfR7YKXmJypFjkB9EDuSP3WEVRyY27b:12000000000000000000:OKDOT:CHECKMYTH
13BNGMxpn82DabSCx8W1bGFYM8TrdmhK9aRQocSvEZNTaLHM:12000000000000000000:OKDOT:CHECKMYTH
16kz8UF9E7ngH79GxLn6NB2cSHar3aLgHSxBNysFaJXDTLrj:12000000000000000000:OKDOT:CHECKMYTH
1CBLckoRu6iSaZ9EBGN6WhHkqDQdvAp4SLD9o5HGfh6T1MH:12000000000000000000:OKDOT:CHECKMYTH
14EL6tj961iQ8NY14gwNLJTTqXmvFm47qUpHc11PdHJN1w58:12000000000000000000:OKDOT:CHECKMYTH
15VePSdEPwhtYFMJR4atzCkdoYLiwkX4VZrdcWRdcrDjbJis:12000000000000000000:OKDOT:CHECKMYTH
15Y39Ts8dUKy8CzU1CMXgfEP1m9gj6vDrXHywoH7Xh3QZR5:12000000000000000000:OKDOT:CHECKMYTH
1HtqeDqHKrkCb5W5thq6yepodafo2YnuQHJRQGz9gahwRpQ:12000000000000000000:OKDOT:CHECKMYTH
1267zjtcBUFM95PMyNZean4ztjHNuUWHyBUVcYVYSh5zjbAo:12000000000000000000:OKDOT:CHECKMYTH
16eqUX25ZKcGQiqhufjSs7NCxkB9Yr3qDgcDgHRBH1xHJUBH:12000000000000000000:OKDOT:CHECKMYTH
149K84dqx2GYVnHiaeMQVFeaYa4ZZh3SzXXkCM8AYrhpsEie:12000000000000000000:OKDOT:CHECKMYTH
1G8zPohCZaWfEaxnURaS7WqCYBzWCkBc8h3ag57Ez2ijoMi:12000000000000000000:OKDOT:CHECKMYTH
12vytQ5gSP9LNzqGYR1uCaZLh1Kozti2MDyKeyiNYDY9RHB8:12000000000000000000:OKDOT:CHECKMYTH
13rCkdjNZG1zKWzFPaX8yxiybiQWcRHDyWxbPSJbJMjP1jU2:12000000000000000000:OKDOT:CHECKMYTH
138GtHAzsTcoCAZQFDrFGZNEEnuNVYP3GbRSbJ94b51qWwHB:12000000000000000000:OKDOT:CHECKMYTH
13F955XgkwNCKxBvci8RyHrJ52cCfX2US9Svc1oSHF3HMSWU:12000000000000000000:OKDOT:CHECKMYTH
15Q4LZJQBfUgWn6Wr6WSACu9obsgxyxgqWkNoVkVESBK8zkk:12000000000000000000:OKDOT:CHECKMYTH
136qV5QvkCUVsu54h1r9b3kzjohJEqYGY4bMbFqkgEFXAjVp:12000000000000000000:OKDOT:CHECKMYTH
12FSXeWamF85A7NM5RsnfpuD5WNv3krW7Re9NV9AEjTedWiA:12000000000000000000:OKDOT:CHECKMYTH
1stdjLbTyVEyAzBeq6stKPj5ufoqhmg49dcEgA8mRWb9EE8:12000000000000000000:OKDOT:CHECKMYTH
13w2kRxbKzU2Pdh2KGZGjkmxH7BSpKdBRJRxVz3Q4ix7Xnpc:12000000000000000000:OKDOT:CHECKMYTH
16T5SDXajuwVS7Hz8f2w7R52Hn6XMzsR1joVPjcDKRShnDBP:12000000000000000000:OKDOT:CHECKMYTH
15aEcB7qnVYyAMjnhJaPDw86itQGkvixCmqhHZY86FB9SkVK:12000000000000000000:NEEDED:CHECKMYTH
1278Zb85vxBGqEdXvuftAatZBTkbF7EuEwjwh4k412NjUSP5:12000000000000000000:OKDOT:CHECKMYTH
14giFCBHLkmumkJ7abaj2G1CZqQCLdXXTGvV9ze162pY5RsZ:12000000000000000000:OKDOT:CHECKMYTH
12zTeBcU1EYzQ3Nmk6A9a4iGfhihMmZupYJWBG6nYEKppWJ8:12000000000000000000:OKDOT:CHECKMYTH
14jkhJYJUgvwki2gvKbKQTCqmHuhDYNrnf7MmAEdBicgiChp:12000000000000000000:OKDOT:CHECKMYTH
14FZMRn7Sxw3tCVddwRzmohUUQysBrTFAtZBvzs23GNPa3QU:12000000000000000000:OKDOT:CHECKMYTH
13JKFBTincx4RjYYR3wpaUgC5R7UrUVXj7tzFzGRBBTp5gZU:12000000000000000000:OKDOT:CHECKMYTH
151zY5Dp9aCDDguEGFy1GtSEp4izwupHhfBDY9YHMXFSFFnT:12000000000000000000:OKDOT:CHECKMYTH
164xL3i4bh8hkgZPtiqmetYdHr49WjEeerJJ9utHKdA8uXn1:12000000000000000000:OKDOT:CHECKMYTH
16KQBRGoFZRkozKdmWUP4gRKJ1N4snaxXACXnUR75SLKPPRx:12000000000000000000:OKDOT:CHECKMYTH
15QhSrSFc1GZsD18HP8UUwC6LzGjhj966DNKuKHcY9hat96k:12000000000000000000:OKDOT:CHECKMYTH
13n699UYHudZiGRCtf95v9SEKSZYaqv1ZjR4rUcjHgkSvF6p:12000000000000000000:OKDOT:CHECKMYTH
1zWsYw2aSGt96SkYnK6byKu6JdejM5VeWx21XXyh9E8CvU8:12000000000000000000:OKDOT:CHECKMYTH
15zcvK3iLHGV7QafoVMU9aVHFFvU25sX43tQWMrzEePGdUqD:12000000000000000000:OKDOT:CHECKMYTH
14KGSPf2RXWnf3U3QjyCS9eAtrvR2FYc5LFKB2XgPp1AdWfZ:12000000000000000000:OKDOT:CHECKMYTH
1eTiYmLU9GjXu8GzsJUPptbXRieeo7ah85eeow6jDiwcuTL:12000000000000000000:OKDOT:CHECKMYTH
14Mhq9qgXX1vHCEncBBaCQGy9EM7rn8rDgrPJzNZsueU2MzP:12000000000000000000:OKDOT:CHECKMYTH
12WKnZeFX1SJm9syCAqgCDQXpTbgmV2qwEKKwKyeSua3Frnp:12000000000000000000:OKDOT:CHECKMYTH
123jEUiMmUbvY9XqP1DN1ibdyiuGng1ajc7S44uJZPkt1v9Y:12000000000000000000:OKDOT:CHECKMYTH
128ei6tQhe9utP9xSn9evFZtqVYE4o7YQWJ7dWQTGtmnUbVV:12000000000000000000:OKDOT:CHECKMYTH
13CwuhbZbqXL2jDWZ7xkBfdSWBkn3nWnB89CNo6vH9Qhvfcb:12000000000000000000:OKDOT:CHECKMYTH
126k8S461y8PeiphRkZD6qAv3t2MxiWXzz39tq12MfAico23:12000000000000000000:OKDOT:CHECKMYTH
14tVD5gRB8msew5ZgtqgSsa8PcNtEEcYPBbpbj3s4WxzZdrg:12000000000000000000:OKDOT:CHECKMYTH
12j9HdWjaznNKR67q8bkwNRq9qQQokiMGwZX7HYqzvKEcmat:12000000000000000000:OKDOT:CHECKMYTH
15pzZw6ANVwiux11JNe4UJPs3ZmYgEJUsjvs26Ybt414D6Mi:12000000000000000000:OKDOT:CHECKMYTH
12iePxhVw23VnjXbqWNdZSikiRnuVCfQLF9WU65v2tC6snES:12000000000000000000:OKDOT:CHECKMYTH
14tdVqGQpw7gUoSnC9Dz9m5bVvWzzbJGPd7pizq6ziHJx8oe:12000000000000000000:OKDOT:CHECKMYTH
16Jv5Go36zfQk55Ta5KDGA5bE4u6EVNDU9TRpMWFhdW22kwq:12000000000000000000:NEEDED:CHECKMYTH
13pnjWJczUubPZWifKUhzcQgSzWwY7U8UWQxytpFnxxTP36D:12000000000000000000:OKDOT:CHECKMYTH
146wSasQ2HT6uoyTpy9GyrUTkLxRHcw6mjqw2vY5Fr2qZJ1M:12000000000000000000:OKDOT:CHECKMYTH
15CFKDbfroCvAbd69Yi384A7PfnT2iqjCf4kGKt33hWvsn22:12000000000000000000:OKDOT:CHECKMYTH
16ft7g5FnFAqgPoziatR4Wgweg5ShGDd39UuRh7zD3aAVmsz:12000000000000000000:OKDOT:CHECKMYTH
1UyJ95B1kKH5ZzypYgEQt9S4W5B5yZhBZEPYyWwMuQhY1Ev:12000000000000000000:OKDOT:CHECKMYTH
16YweYA5HhpNT3shq35ditvKN7NEPKpHryCr1h8eRqScJ63q:12000000000000000000:OKDOT:CHECKMYTH
14nezM4Tdg7vjYtbj22rjiNtcWGRBoswDUiWLgmXXEwsmuWR:12000000000000000000:OKDOT:CHECKMYTH
12cLEp8DeX4DMtT5zN9B5fR3FWcnxUtG3q6DeKfh4ys2w2R4:12000000000000000000:OKDOT:CHECKMYTH
12593i4VrDLAtJkkr98AzBm7qvmuhWdaw9wngUypBq1wXUzL:12000000000000000000:OKDOT:CHECKMYTH
14DyMXLTLoiT7SHg2wbwmaHjRopikM3wkUVsLGZfRaWTG8j3:12000000000000000000:OKDOT:CHECKMYTH
12KnQ8z7VBooq3zBYx4F4U5x4rMnxuw5s2DiFFWnYRx868rc:12000000000000000000:OKDOT:CHECKMYTH
14xMA7esrdEVz6vBdrSmjpnzfUFdwDpvTxBQHGjeTMtUAJ36:12000000000000000000:OKDOT:CHECKMYTH
1547sMcKcoTJvdg4ssBaSvJ4eHjMgjypQXan6N9WS1iKFBcP:12000000000000000000:OKDOT:CHECKMYTH
15ebZq4Vkq2y5XiPuBvQk9s2jdBr7SG2JjXCF5hVjeUu15q7:12000000000000000000:OKDOT:CHECKMYTH
13YGmnamun8Cge1pTxrPQxjTxu2XF7hSGgkXZtfvv4uTjoz3:12000000000000000000:OKDOT:CHECKMYTH
15R8PUiH21bDoYP44uXVmMzPS5Zbt4kGgCxqNbw6YaxNJaF7:12000000000000000000:OKDOT:CHECKMYTH
16fMiyGJmAL3AdipxJ4WSFZGUTH6CMgyPQ2u3qJcBjACo1Ly:12000000000000000000:OKDOT:CHECKMYTH
1313VsvqvqVdmBwcbBjwoHHRfYSR3SCFcR9yi9FwMNmrStpH:12000000000000000000:OKDOT:CHECKMYTH
15z7WMRHEEuxJ28neQHRV7dEAPNgS3XG6AmYotYZPxjVXabC:12000000000000000000:OKDOT:CHECKMYTH
16TuKftVjH2ULboJvaZsoqj96mmbeUpsXojXEmky9fnsRRub:12000000000000000000:OKDOT:CHECKMYTH
14RnCpcNfpYWtnXipPyqJdSWb3kzCvYzZCsNjWt6GaAcpcJ8:12000000000000000000:OKDOT:CHECKMYTH
1ezeoQ1DuSncDAwT4ybXZ75wYnyL3zYHPn329Xt5ghEkXES:12000000000000000000:OKDOT:CHECKMYTH
13usxd7FnTBjvfjPrerJqEUToTmVKGJ1RHYVWbgQzawjmbCS:12000000000000000000:OKDOT:CHECKMYTH
145nZooV8MR6mmEFEkyKt8xrKBvqqPLWu4krcN6YsqCHDETZ:12000000000000000000:OKDOT:CHECKMYTH
13CFNXqq9kbU516nsKY5e5wTWW92e3P9nJAKcs4234S7SZuz:12000000000000000000:OKDOT:CHECKMYTH
13rGaydSkqhekSmrBbtWZbeQiB4xpoE23rQhMySqKCq1u4fH:12000000000000000000:OKDOT:CHECKMYTH
16RW8upMscby43J5mKBH5oNHTdamHDcUrSznUrMC6nA8bNR8:12000000000000000000:OKDOT:CHECKMYTH
14LxiFqatE7P5m9mFwkDY2ptGo9p4SxeuatW7wYNkSvGMCwZ:12000000000000000000:OKDOT:CHECKMYTH
14CeAfGbGh1jy2e32yCAGKdfGGWPQeTwtWvrCBgjeHQAQE9p:12000000000000000000:OKDOT:CHECKMYTH
1gtWdVH1MHViTifBBXJWwM6F5efoABoSbkfNJzF5DP78PPH:12000000000000000000:OKDOT:CHECKMYTH
164XJx9cNhkzJB5gabpFek6aHzxxJHJGtPF6WZQuBa1NeJNx:12000000000000000000:OKDOT:CHECKMYTH
12FzzbPsnFyYBGduVGMSfdbgnaKM2dXiakt1cqgfBNkj1M5k:12000000000000000000:OKDOT:CHECKMYTH
1aHA6TeakevsKYyDy4g4HbVyuGUukak5NHjuwi8tkrCHEaK:12000000000000000000:OKDOT:CHECKMYTH
1dKydPw17nBTfcqQvzdiopxCo2U4FYMJ95T7bXrHqoS4cg7:12000000000000000000:OKDOT:CHECKMYTH
12axuQ29aNHyznnSbTR5wW4QHMFq2UMJXtXDRWmfSuimF1wG:12000000000000000000:OKDOT:CHECKMYTH
15K9K8LAdGXDtsHHZdnV7rYoLea5ahCWGeSZQvwm2jDXw6pb:12000000000000000000:OKDOT:CHECKMYTH
142c5BKSNL6NuJsTjA4hTNvJe4Y8EU6ucjKA6xeCoKwDsxKA:12000000000000000000:OKDOT:CHECKMYTH
12juw8FytmDHnb8ssVxC8fJd2Fxp2HdWUcjnjdiif1A5AigN:12000000000000000000:OKDOT:CHECKMYTH
12ku4tJ4QfKnr26z2WQ6NsHxs18omPLhQFoxU9GGBmcf7pi6:12000000000000000000:OKDOT:CHECKMYTH
1418b77L3WLU3f6LuuK9JEbTwLL1Xtz2JCxa2S4uXQXS3bVh:12000000000000000000:OKDOT:CHECKMYTH
1NB4YowRgwsQ7US5ufockzBhYRgXcnKramDbdtaVyZ1xadN:12000000000000000000:OKDOT:CHECKMYTH
13b3Mg7H2zhzsz26TQ8XiTeND3GnBobHe9dBynD42cxwNaRv:12000000000000000000:OKDOT:CHECKMYTH
13hnkgLYzdJJMQp7zAb1k5qRDmyfaJW8f3DQ1MT8BZ7Uknmw:12000000000000000000:OKDOT:CHECKMYTH
1G8Tdj2hgdEqzisX85GMC9p3iDKiWjhwB1HWAC7D8YmASuy:12000000000000000000:OKDOT:CHECKMYTH
14YBEcmErf2H7FyhCkvTxMVV2sboFgFqTgKzg45PDnoWCxfc:12000000000000000000:OKDOT:CHECKMYTH
1sZkog98bbwNASE4kgkeK8vWpJbApRJXHGMQrNb6hnuaj1t:12000000000000000000:OKDOT:CHECKMYTH
15vJkeE3r3yrR5Sf52XwXS2KmNzrzZvWnh8b4FZ7h2hWv5EE:12000000000000000000:OKDOT:CHECKMYTH
13pX7JaxK315Y35rhaWkasjx59WwL2BSw783xZcAvsj1SsU3:12000000000000000000:OKDOT:CHECKMYTH
14tPuiekdq95p95WsohRbomKpSMKpqoj2cCM1G8wQp365sW6:12000000000000000000:OKDOT:CHECKMYTH
139Zec41LzWiT4rb7mdkJafu7vx3apcTXAcvrf5Kdwa64L4C:12000000000000000000:OKDOT:CHECKMYTH
1eFxy8zAFUZoFKrSyVCc5GTdf1X7pyaSYq2jLxzp94w3wMW:12000000000000000000:OKDOT:CHECKMYTH
14DA85sRAym3oKa9W2mtzvrSw88hJ8H2MgpZu5V28GqJKz1y:12000000000000000000:OKDOT:CHECKMYTH
15tFPMeJSSjBveGvUcXAwRVZTNErQGjFYC6c91Hy8beadsHq:12000000000000000000:OKDOT:CHECKMYTH
15BAXMLt91xbSC642mUncpjHgkWowAcA5BiR7BGBLqXPPv4x:12000000000000000000:OKDOT:CHECKMYTH
13rSXqV44ryze45LsC85hUYimufWAJpdgP1shWBv8ZMc2eKG:12000000000000000000:OKDOT:CHECKMYTH
15h2bi7bGzu3vYRd17QiSogRaTCZSn7h2yvv6ikdnp2hVWRM:12000000000000000000:OKDOT:CHECKMYTH
1JQicLjCYhjXFu6WdGxw5npA84CnchikuQptUyNMmk3JjfW:12000000000000000000:OKDOT:CHECKMYTH
1Ac7iDGCgjdvHCehsKVynSik9cUC4etHy4BxYPUPLsYKQQE:12000000000000000000:OKDOT:CHECKMYTH
13WZ6ZARNh5KuQ4MfE59TNt6Sru5xniJJyUVCiTeQoacnund:12000000000000000000:OKDOT:CHECKMYTH
14fpawUBQGPZRaUBfoFi2P5vsBSGrQKsrgvLwB1nn4yGEznV:12000000000000000000:OKDOT:CHECKMYTH
13vEsx3iG4XWq9ZWna3C16sQW2UvAoYkupBdW4n659tJv9Yo:12000000000000000000:OKDOT:CHECKMYTH
12ty2z95MK3sycc4BzpN9FyoRBCMydUaF8wi8jL75KULc1sN:12000000000000000000:OKDOT:CHECKMYTH
16cno35zZKvPdSLLSa9i8xX3yBZpWRuAQ3GmXjtmQkeRKY8F:12000000000000000000:OKDOT:CHECKMYTH
1goHZsDhwm5frqxmmG1yjniGfxJT5HCkYbdNQ4MBum2AegS:12000000000000000000:OKDOT:CHECKMYTH
16DCrHX9vaQoL6KSaXtwU41qJDj2JW9NR4RZs2Ydiv7k472A:12000000000000000000:OKDOT:CHECKMYTH
15bRiiebJU5h8j4HF1B5QZ3jDZCyneGWBNSTPx3qgBgV9Lid:12000000000000000000:OKDOT:CHECKMYTH
13AtNzPpd2hPLfSS2vsChvBzu9Tpm4eF1kzxY3NK3mHK11VS:12000000000000000000:OKDOT:CHECKMYTH
12dabeZhzdPdX4a5CPK8Z7gZSNkdDhS83HLDhT2J15r87gh:12000000000000000000:OKDOT:CHECKMYTH
12BuDWJaWkjXC49Kz17YNpo9BGMbfeBgPw412mRGbwe2RvBx:12000000000000000000:OKDOT:CHECKMYTH
16TaMCYZg7atHLMY6HbNu3HW171G2LgohxgVGmcjtja3eS9F:12000000000000000000:OKDOT:CHECKMYTH
1fiDzGNbDD4YPMhhMA2JKKTC4b74rGVL5ifKzByUWJT5sBo:12000000000000000000:OKDOT:CHECKMYTH
12XELZKkoyc18HwbC8LuuWi7SuLmnLKJ2wjcVLMom2fCKk6u:12000000000000000000:OKDOT:CHECKMYTH
14sAQeXLtrpKrJmWtRhxZ9af54sSVbWgTarsLvSgGAy9zP7p:12000000000000000000:OKDOT:CHECKMYTH
13nhJ6GXURH71pYFbCtwf3w262NKhrt8j8CArm1ySNX1yBrm:12000000000000000000:OKDOT:CHECKMYTH
16TqC8pQYX66HaoNbX3UTChsJe3GwAuD1eb5555p71pS8EcV:12000000000000000000:OKDOT:CHECKMYTH
15Nkzp9HP5K2fiBdHQpRNSRhX36AAQHKTVZfSNYRXdToZpje:12000000000000000000:OKDOT:CHECKMYTH
12FapaJiNhzJfqs6qCAtd3sh5qLmmGzqTV5oMwX55iuUCzYn:12000000000000000000:OKDOT:CHECKMYTH
14tDeZvNEReu2EVvpLGPpP2KeB4ECGM6jawD3QiQebQBwMWr:12000000000000000000:OKDOT:CHECKMYTH
16PEqz2z6bvMsBH8VhYhKB2E4hdZFTnv1cKGcuQU5C4DybVB:12000000000000000000:OKDOT:CHECKMYTH
15oDbm5U2Cf51kbghtiLcBrfkCLG8Z7vcAbFeDvuxxhLUgSG:12000000000000000000:OKDOT:CHECKMYTH
12iq2nvPjTbEeCQLST2kjQq64fzGhHhocSkGqjNC5MQZpbmz:12000000000000000000:OKDOT:CHECKMYTH
16Ypukvq92gnD6N5Erd9qfu51q9WhuHhxmLg5B2wAbUmQXzA:12000000000000000000:OKDOT:CHECKMYTH
13xUjRPMMi53SjbJ6PXDzKNdFfGDnfDcdgm1uTn2WSikXaW2:12000000000000000000:OKDOT:CHECKMYTH
13ie4yt6KhusKoMwhMqVG8VL1Eg6aoCoCH5jHUZMT7EAp4Rt:12000000000000000000:OKDOT:CHECKMYTH
12QKFNV3CrZFkxcYM3UXnv6ynuEvY9kEuoVhvf6Pah8RPJjT:12000000000000000000:OKDOT:CHECKMYTH
15xpjxuixxuyGGAMSdtkkK5HsKNDPVDCtCktBF6PdjsrNByE:12000000000000000000:OKDOT:CHECKMYTH
1SBnkQBZUqXrE85RHUzcxTKnxSdysxUjFuoF13jwtCpm9GA:12000000000000000000:OKDOT:CHECKMYTH
15Lh6nMNAWdpUeDx4MU2rc4GQzskAZVQbSCfc9qm2jn5G3P4:12000000000000000000:OKDOT:CHECKMYTH
12EPjBvfbEbHDuTwGg5kQpioyKAWPqYz1U6usDUhGiwmSyAv:12000000000000000000:OKDOT:CHECKMYTH
12ziQQnFTjNG9odfqGwpW7BUQG3a8UGTyExTXigqLTqmqjew:12000000000000000000:OKDOT:CHECKMYTH
16MoG7ttadVvmwEutzEz6u9d1sTMczyDSA9CnNGow42KmgsG:12000000000000000000:OKDOT:CHECKMYTH
14mYdNkpnJkdw7Z53xwg5D3oB4maPcqiTL3BuBuRXc2cDCmY:12000000000000000000:OKDOT:CHECKMYTH
1n44BTfaZN1EDDQaW4XYG76AZxvfybbJ1WTLrG8ULu8rCBK:12000000000000000000:OKDOT:CHECKMYTH
1Tn3PLiqWSrr8nGyXejHiLqoKXMJpDiRbjR9sY2oq5SJDeD:12000000000000000000:OKDOT:CHECKMYTH
132QvwZDAxELwWyYazZxjMMEnZAdbHRjKZ3BHmSjkUPS4f5f:12000000000000000000:OKDOT:CHECKMYTH
15G6xBACjQ9SCRkz8uQvEYArtKHavKWnLxcTfL1AnQgtKRvf:12000000000000000000:OKDOT:CHECKMYTH
148ksXwBZbCpzC3ePXitFMGURVuUmToLGjBvKuiRj72NipSj:12000000000000000000:OKDOT:CHECKMYTH
1DknKaHXdf9wiiA8B3cKpehXZwBWLeccre2RNoBaQM1iDe3:12000000000000000000:OKDOT:CHECKMYTH
14i9NRJmH6VKezBERpuwudjaAiSyb2ohNVtGkgaEZtGE6qHg:12000000000000000000:OKDOT:CHECKMYTH
15KWT8o5SYdpL3FhzfxeTokzBxrHi2C993SvmtRjv8YJqSzy:12000000000000000000:OKDOT:CHECKMYTH
15BZpXxFcaRBXnZWp2iiJJMJH96SMRL4gV3jT6ZLKGQAdamV:12000000000000000000:OKDOT:CHECKMYTH
15kzmeY93uy9FyPPFfoCnFBBYB9ogjrAa8iSGEz8iFeu1UQz:12000000000000000000:OKDOT:CHECKMYTH
14pfgH3XZiVbmsuba8uvS8JDcLs4u6zbN7orXJ2ub2z7wxLK:12000000000000000000:OKDOT:CHECKMYTH
15KD335ZPsefaUPAj4rsD3182RvGrAMTfkXcJbWH7pFhfKMj:12000000000000000000:OKDOT:CHECKMYTH
13N6WQbf4RZAR3CVPw2M5YtAtLVVPieaxuaC9VBJLnohgPmX:12000000000000000000:OKDOT:CHECKMYTH
15ERFHNyRM7gtd971T8s6Bb4ra1ioPSRpHbUtp9oUAaPTCLw:12000000000000000000:OKDOT:CHECKMYTH
1RAy6diKyc2u64ZuSQHkrqBc6AgAZo2Q9XWjxKDx9nNQGTf:12000000000000000000:OKDOT:CHECKMYTH
16SoSRC8hg1CSVwRBKtGxQQMxmUTSvaMtf7sovNZijzZLnDH:12000000000000000000:OKDOT:CHECKMYTH
16JaAkr5TMw1QYS4u7a2yPF7EmnuwZkxTHKkMwzVui4JByNa:12000000000000000000:OKDOT:CHECKMYTH
15D4aAtZ8mpeBhRt3ZwVTv5hGJLTzPFzYMB4BCWAzF6XXM7m:12000000000000000000:OKDOT:CHECKMYTH
13FHUdAJSBE2vGayhkDJFF2myZsLXrgxtixXtyjw3hVfHBis:12000000000000000000:OKDOT:CHECKMYTH
13yznAtV8YCnXG1y4SvMkSGxvfedTeEBdGeU22DfL5dgrC5C:12000000000000000000:OKDOT:CHECKMYTH
14B8PM4om97cptjrpgKPZSkSejYha5K7cADPiBUF3th2quUu:12000000000000000000:OKDOT:CHECKMYTH
16aPBbZbBMoZtxudSAaKgPVcWM6mVKaAEm1jkhiEadYriXPp:12000000000000000000:OKDOT:CHECKMYTH
15hirdLcNFYUNbUjGaEaE8ZyfsinquM322eGQH6qnZ5hAMSb:12000000000000000000:OKDOT:CHECKMYTH
15cwujhzhgr7ybmPWfATMbDFTGnp9rB5kcMVeDM1CtHviD59:12000000000000000000:OKDOT:CHECKMYTH
12nJqMJFPQdYZesiNwrbpeZKMZFHcj96gjovQEp2Eqc2fBNh:12000000000000000000:OKDOT:CHECKMYTH
15btSejL91AbGs59hAymdNdqER7aNvzwy2JecH7FDh7DyPnY:12000000000000000000:OKDOT:CHECKMYTH
15fk9eEztKmkjKK1X7f9GQaZQmLBX5TCoMyG1gDbVi2p4qQo:12000000000000000000:OKDOT:CHECKMYTH
197YN6K5QSzSuUpRx395Zux7f29H15drsQn7hysjKefxSGH:12000000000000000000:OKDOT:CHECKMYTH
16DRqf5Bqp8TDX97ifgbn1z8egpMW28BP3H8bYRZfGoqSBzU:12000000000000000000:OKDOT:CHECKMYTH
16c3uxGsFMA6VgqDVTp3MQrcK7QdhK85mZvBBWMTkqhNsZgy:12000000000000000000:OKDOT:CHECKMYTH
12jAe3rv2TRFYTCJvrm5BEpDuiW4TWU42eBhDFaTvgkS9MTk:12000000000000000000:OKDOT:CHECKMYTH
14zZX6HeHoNzGSA3Gw8xSgrJ2txTa92rrigFKWVhcGwzc7C7:12000000000000000000:NEEDED:CHECKMYTH
12x7DisGDCBVyYeHhAPLspNgtqf2MVoSGzWLZtkFuZ8SWCXa:12000000000000000000:OKDOT:CHECKMYTH
1AQph22sdq2KwFdDyCCJDfsfzNf71ZUAxLHKEbD1P2ox5AF:12000000000000000000:OKDOT:CHECKMYTH
13C83J9VeFN88Z8uJEWsqSahbAWd3JD21Zz5tevQBcDdqtvr:12000000000000000000:OKDOT:CHECKMYTH
13TQ359dN6L7PnvytbLhTotUxsnY6W1oGFQeocA5R96Ybijb:12000000000000000000:OKDOT:CHECKMYTH
14yCBYD3PuHpRQL4e6nqQHSPhTEgbhjLpB9nr9uL2PS5dffX:12000000000000000000:OKDOT:CHECKMYTH
12dP76Rd3RRc8ywSp8QVdrvwqUKQtKKqtgjvsUNKQQmixzyk:12000000000000000000:OKDOT:CHECKMYTH
14aXT3vcy7H1tpsGD4qKYyJfGWZZCKmiTmmwYpr56osA4hYP:12000000000000000000:OKDOT:CHECKMYTH
15Zhnud1mLhZoLh89H74eyi8XWvHN9oEmWp7TqPsshuqbr44:12000000000000000000:OKDOT:CHECKMYTH
13MFnD2BNEaLZ51xqtYQURKkYknjYVfwhyMcooLsDf5WKyY1:12000000000000000000:NEEDED:CHECKMYTH
13eQK4vhrVd1aLidyZSL65wrszLkSzkHRS4M7HQZv9PXPDyW:12000000000000000000:OKDOT:CHECKMYTH
14b3SC7qyPptZ1fwPfjy3edDJseyGhA38nQcfxejC5SCSH2j:12000000000000000000:OKDOT:CHECKMYTH
136wWuimk4bgvLcB5MLm7xnCGUjred9xcKfCKHzAkzrYmtt:12000000000000000000:OKDOT:CHECKMYTH
131798q9NmBbXTRjikMi56pK9SjmUaPvcKcwV2HpA28DuVWH:12000000000000000000:NEEDED:CHECKMYTH
13esj5N1jC3afBJhkTzbu6chrKxs9LgDrQXyqCAeiDE23QM6:12000000000000000000:OKDOT:CHECKMYTH
15QYh4WAr4mXeWFCL84riE75QTZgnGSZrnfh2khpY92Y3yJ7:12000000000000000000:OKDOT:CHECKMYTH
14X8zCEeJKKgqWRipqDMaSyavin6ThiKhi3rhVJCzXUQNqJ2:12000000000000000000:OKDOT:CHECKMYTH
18fo3Pyri1NBNDxMFMCc42bN7EXY2ope3eyvHn6i6kRG1Vf:12000000000000000000:OKDOT:CHECKMYTH
13AmvXT2GLHkhVwxqfshzSHurXCX4icbFgyYgzyNHRX333zG:12000000000000000000:OKDOT:CHECKMYTH
13vEBZbtn9jgKGR3qiMFZDQgx8aiK6PPehJRMQmfHSsA8ARd:12000000000000000000:OKDOT:CHECKMYTH
15Bi9ziiAKAoqURhyFmfLEfynKA2gUGyQrVR6WQsLQFn72Qp:12000000000000000000:OKDOT:CHECKMYTH
13p9iy8t2cwqGMh8dySNXykgWaTp7AxdjBM4ZTc98txSKU3m:12000000000000000000:OKDOT:CHECKMYTH
14V5Pmxws7gMgzEQYvmobFKocrDQM3DuGxyj7TSyZNdnZnb5:12000000000000000000:OKDOT:CHECKMYTH
16VrnLRRgQNCeQPxcM77Zioi7Pnrpf76rBBKnUnxik7cNgzj:12000000000000000000:OKDOT:CHECKMYTH
16XJo4GdbPa9WmjR2jTv8rVbzT3wAXdhd8G7iL4LjpAzJCw8:12000000000000000000:OKDOT:CHECKMYTH
14orSZNkq3DMPcEcGrFEwbcFzFABTiFPqt6qPYDaxi9p91Zf:12000000000000000000:OKDOT:CHECKMYTH
15hDfe1YRXEcyximWiV3mQVTjLpKFUzpVnpe3MxfDw4BeMb3:12000000000000000000:OKDOT:CHECKMYTH
13BpU17c64Mf6pqdLfHgSdi2L5Hc1GFDetkHTg2hvEGg6hup:12000000000000000000:NEEDED:CHECKMYTH
162P9U8Jf8phB5NVnf1DmaRJNQiRHG6sHhQrpogkdaswBVvY:12000000000000000000:OKDOT:CHECKMYTH
14ja2GpchcqAkLYbSceH68utyJKphVUxPNmvzzV3ash8tiPT:12000000000000000000:OKDOT:CHECKMYTH
15k9GS4Y6wjij8u4g9CNnNTGxuhRxdMKohsAB6g8fuQPa9Rs:12000000000000000000:OKDOT:CHECKMYTH
12qzaf2YHsfGZuyZPzmPhBgwWZW2H3PEhSijJcTvQjjr5jmp:12000000000000000000:OKDOT:CHECKMYTH
13BFmf1iLsvRmAFjRKVb7ULpiGZwwN8WbPeT7SsLmsEF2Vnm:12000000000000000000:OKDOT:CHECKMYTH
14yu5MfrLgJfUmwk9QDZECAjPPDXpW83CB8y3dtEGgBCxnP6:12000000000000000000:OKDOT:CHECKMYTH
1mnN6VNxM6iNCJ64CUGhXwvC7RsM29NDEizCDa3j71YyrPq:12000000000000000000:OKDOT:CHECKMYTH
14n68GDCqE4phpUg3745duLgRy6VBU3qQzcq3YEBaGPry8Ai:12000000000000000000:OKDOT:CHECKMYTH
169YBxaERa7zGXkKAFKncQ7cvFWArqzxQNdLoq8tvn2rACZA:12000000000000000000:OKDOT:CHECKMYTH
16ARoGkkDSTmeu9tDvfBDksu4qURGz6s1HSvXzrwGnsjFtKg:12000000000000000000:OKDOT:CHECKMYTH
1A68tcaqXrNDdWZ3FWxXXtYMCinSbmSgHagoTigXCd1whkN:12000000000000000000:OKDOT:CHECKMYTH
14j8NraYAuRtMjajQrLy4iFF7MhuCHR5wwnc96bYoSeyKLMw:12000000000000000000:OKDOT:CHECKMYTH
1rtoPkVJMDYRYztft3v7gKdDjs59MTGTJUKUCvC2vAS8RrR:12000000000000000000:OKDOT:CHECKMYTH
153iN43h5UAmrkijYefX8kAJTVkb1Y6ePTKwJzFBTNLX7hSF:12000000000000000000:OKDOT:CHECKMYTH
1RPue147qu4tpsiA8PsR8TL7PoT97xd9RqzMBBz8H4wfDbq:12000000000000000000:OKDOT:CHECKMYTH
14rn2maW4V4xYod4JToEjzHmF2raQKcM8SY4zGdBREpHzxYp:12000000000000000000:OKDOT:CHECKMYTH
14UBmEDKSmJ1pFGV3Hy48DFGmsfdqTm6bjYZWfrSpATsr6QP:12000000000000000000:OKDOT:CHECKMYTH
15mJostyytSv2QYHEGFjCfej79Yo2oAH46YD18Kn53Hjrtqc:12000000000000000000:OKDOT:CHECKMYTH
127QJp4L9swF4uJfgCM9ks5RKgbXTrn7V87NitoWfpoA7CJG:12000000000000000000:OKDOT:CHECKMYTH
15MLhiwd15WSGXzphECzjtbpA4zLdqGyMgZ67SjwmPGfamhS:12000000000000000000:OKDOT:CHECKMYTH
13FBFbpp5uDGMsvg2wu2fsAhWKwnGycMWb2Y6yrMdJNacvKt:12000000000000000000:OKDOT:CHECKMYTH
13ySfw92V615ZuE6YtzaUJVXnqQMS29jDpWaRbLo9Qh9kr3k:12000000000000000000:OKDOT:CHECKMYTH
14pN7hhPoX7sswimLv1aYqpj6T42dHSRkJxarJnieENzYWtt:12000000000000000000:OKDOT:CHECKMYTH
12KcgLnHJPD7qK7pSUP24NXYcUVxd7ZXGJh9JN8QdPue9VFB:12000000000000000000:OKDOT:CHECKMYTH
14qYcWyCAuZxmE91VocY9wLjBBZzE9vWnBxMDS6ixQnv75zZ:12000000000000000000:OKDOT:CHECKMYTH
1tdvZq7cRMbGrXSTbhLAbQp6G27wX6wLsGFCp2dmCrdyS6r:12000000000000000000:OKDOT:CHECKMYTH
12oXjNskqF6JXPqMauFx2U4Abnb4cBGnj7Zz2E4QEqwFc47P:12000000000000000000:OKDOT:CHECKMYTH
1kzZ4BomxcezxMZ6VYoRXQ8FquoxVU3XnJoEs35FgdM4zuS:12000000000000000000:OKDOT:CHECKMYTH
146D8Ba1UVBrTE4jdouMsgG7JerjUH7JhNPBdJ48umMjn9A8:12000000000000000000:NEEDED:CHECKMYTH
15ta6sfxti2tsKJA2oDKjWoVvM2tpFRrX5mVPeQcYHtLELPV:12000000000000000000:OKDOT:CHECKMYTH
161zjNNFXTJ5rcgfFA4z5HiQQvUQjbbfK2FeHMsWcUkSSvBv:12000000000000000000:OKDOT:CHECKMYTH
14WUAuZB1wQsvevsGCQSNUWkCFS4GHy7s1N6xiy87NDJ3ZH8:12000000000000000000:OKDOT:CHECKMYTH
14KrA6xQ2E6Mb9vVRuGmrZBbtgYzGLqfegJfKmWmJuYoZjJ7:12000000000000000000:OKDOT:CHECKMYTH
14cipZuuMc3XFhaeYMGE8mdSqhgg16wuTYmG2iRg6311sfB5:12000000000000000000:OKDOT:CHECKMYTH
13NCLd3foNpsv1huPDzvvfyKh37NEEkGFotZnP52CTR98YFJ:236000000000000000000:OKDOT:CHECKMYTH
