156XhJED2AnE66JT8xdBwHVTkDLrRvUWyYaLVJVXmer7xkzC:12000000000000000000:OKDOT:OKMYTH
12bDWm7J7no4j34j93CgKvm4bUdXtJzXKZmuJdxrz5kY3vyh:12000000000000000000:OKDOT:OKMYTH
14BnzDVwzEauaTAuETBvyEq6FJTcpQciW92UwAfhrNFixfaq:12000000000000000000:OKDOT:OKMYTH
1qnvKqaBCJiJkQGLZCYucbVN5y9mMGZ4BCSqZY5FHS2ad5e:12000000000000000000:OKDOT:OKMYTH
13QntXR5MoNGc6oTgyCf1mSEa6FM695Bt6mdUtKKaSHJKEKV:12000000000000000000:OKDOT:OKMYTH
13wKsLy9A22mzCfhYdn9i9S3kP5HWDGZKeWw2DyjqxyEDqqe:12000000000000000000:OKDOT:OKMYTH
1129HN3p8hga1qPCXWmvZ2rYzVs8qnV3sJeYVLcqbESZQy8b:12000000000000000000:OKDOT:OKMYTH
16Mcoh3agUbWTnLodw4jYpAcALe5KkcXAm1CX6mBikoRYz7H:12000000000000000000:OKDOT:OKMYTH
14sKuo146jNzR3jb3ahDzca4deNB3wPfM7tvm3REQjwHCVAP:12000000000000000000:OKDOT:OKMYTH
13hZsg7t3ouRqqEon1zfKeRLD1A7kV73rBei6jhpbW9SZVU8:12000000000000000000:OKDOT:OKMYTH
1ppbvG185xnpMwAbXETPpGW6Q2JYLdP4PxEp2ozBJgGQ9UB:12000000000000000000:OKDOT:OKMYTH
143L1HBQ1MbVPWbfyf5btWGUj6WXVujebkgKLe4VrsFCgdEK:12000000000000000000:OKDOT:OKMYTH
13bZVaHsHXLagxPGXi3VtVVWESeGfogAxvsjSKe4yYkvHwme:12000000000000000000:OKDOT:OKMYTH
1c8BRRSiLYyihTe3xK2Tj5WuhDJvUpFw6ikiGArGjSBme8o:12000000000000000000:OKDOT:OKMYTH
148Ktinyxe7A8ZC61ZC1prMpJxFMqk6DWxeggXtUCnsxVaTN:12000000000000000000:OKDOT:OKMYTH
13pwunCDz3LecKH1NE74tdZSPtaJZqYG97gTDzYZSkWss4AN:12000000000000000000:OKDOT:OKMYTH
15YRk5736ZZUPsJbXi3nu9Lrp2GBmdkrmFwi763vAL9R1mZV:12000000000000000000:OKDOT:OKMYTH
12hXicscrr1rzAJ9utpTspNikEvEykjKH2crUwfTVDYmckn2:12000000000000000000:OKDOT:OKMYTH
1nY4CTAJoNw3WYGDXsNNqAYGpBJLEADCrfme6AemAK6Qsy3:12000000000000000000:OKDOT:OKMYTH
15QSs1m4TYcy9BwFYcXCCg7i2r3LNyVTViWVViJGxy5wFLJG:12000000000000000000:OKDOT:OKMYTH
136AEdPDnFBeRHupSguD9b2eFj8kFXqox9cmpqWUfnL5Rd1g:12000000000000000000:OKDOT:OKMYTH
1487v5bVt5VPKJzKzA9UVaEZJm3Kq6jF6LpDZBaKzabeF8rL:12000000000000000000:OKDOT:OKMYTH
14m9pagVxnNFUXtCUS8tAzC7es2sk6WaU1SNxaafnY562jdU:12000000000000000000:OKDOT:OKMYTH
14uh9PhbGUpVW1gXWpG46ASNm2BE1HwKDF8vbbpe4b1VCmWq:12000000000000000000:OKDOT:OKMYTH
137w25x7QBqidny7VkXe69n5TYL363FuRftsEJv2Vh3o48nW:12000000000000000000:OKDOT:OKMYTH
126gCXNVFhG9vCFd2jovLsyoxd61ot4e9DZrTKXhvhcdMVXg:12000000000000000000:OKDOT:OKMYTH
16mWbsqpATpDBPNQtPo9FBEeMsDCXr9oQtQjDcoXGAkmLhWa:12000000000000000000:OKDOT:OKMYTH
13wP7pe8px1ndTZbXLatQjGkQCwn5ADhudi6VE3cQ8KTMuGz:12000000000000000000:OKDOT:OKMYTH
13T52ZpggufCWiSv64m3onx8fhuX18WNUmnfX5FwcrRViV1R:12000000000000000000:OKDOT:OKMYTH
1t5MCuSXo9XnALTmADoXQQxGCnYT3SoYRLRbexrTajJgrCj:12000000000000000000:OKDOT:OKMYTH
13XhSBJ93Bg61zvrVFgBkK2Pb3QVCQK97ffkKuzCv4X8tbvG:12000000000000000000:OKDOT:OKMYTH
15GknncQAJqPzEd4HhttCdrfU9G2gKb3HL2xZLqYeg7tLQDw:12000000000000000000:OKDOT:OKMYTH
14iDHGkTwbdhLk8xPpQSj9LsiiSZrDc3JRc6qcHiz6xVsQAR:12000000000000000000:OKDOT:OKMYTH
16cbb9MvQrpNJaGaqNiui8GndsBifSKrd8THFi4ZT4Mf7Sy1:12000000000000000000:OKDOT:OKMYTH
12nVoyJSuYSm5bJfn57zukSspvadcFc5UqqYXHdruJkpxaTY:12000000000000000000:OKDOT:OKMYTH
14KjVb7mRUASqrqzB3ZHAriLAfHt7AyPnXRax71oTmKAr2XK:12000000000000000000:OKDOT:OKMYTH
145qyJRUMPHPTTgewnBxj7aRbihsQWomAVKFTdna6bSAf3rQ:12000000000000000000:OKDOT:OKMYTH
16mwM55HaEesigsD76tPnjoVsxTxhP2gLnjQZQ3DS7BSoEWW:12000000000000000000:OKDOT:OKMYTH
15YJJgJaxBKbuJVXipEmupZ7ZmjoG7TP1hCLbuYY15FjUU8E:12000000000000000000:OKDOT:OKMYTH
16ZeSytAganY3r4DAhk4Z45MUyzejGQ3xJgHz739hjwu3bN1:12000000000000000000:OKDOT:OKMYTH
16BedfYM43yL2wzhQZx9bxj5BwZrYV3jNiyeSAc2qphN2UrB:12000000000000000000:OKDOT:OKMYTH
16CB2wB2xaUCVnxM7HxhZuDHLyMad5hZnL5DPr6rW4ubwCDx:12000000000000000000:OKDOT:OKMYTH
12FcsXqMQRWCaHmhu16qkfi4E7jS9poh86RpD1ibB4nTRxfW:12000000000000000000:OKDOT:OKMYTH
13W1SU4mSk1MQcBawDUU5EHGdRgx1Xrm2wFSXa6obehhuXAd:12000000000000000000:OKDOT:OKMYTH
14qohb6FCZxZzRBoiQGxe5bVZLgjACCkY9bWxu8FRHUFe4XH:12000000000000000000:OKDOT:OKMYTH
13MVG5HZMVrMfxU9rcCuR6Wb3gjb1hPGc61bwTm7MDqTQ5x9:12000000000000000000:OKDOT:OKMYTH
1ubZTZrNTZs2uaqiGTTLxm4vQ1AAJCNTVcCowb6pDix7Dh4:12000000000000000000:OKDOT:OKMYTH
1fyScBMN3pnSnBR2Q9ezNrBR9WdVFF5RFMh327toNRo59ug:12000000000000000000:OKDOT:OKMYTH
12srDeNg9HxgUQfwG7kS2hvyphorJTEwMJiLkYwN2nxWZsJ3:12000000000000000000:OKDOT:OKMYTH
1N6LzyFn6FDzQM46EvuCnSooebUwCHgSoFFhg1WPfYzaK3S:12000000000000000000:OKDOT:OKMYTH
13AJ5VZzHMa3QSbayV5JkWt3jK9wPZ94CtaogV1SKtxJtDhD:12000000000000000000:OKDOT:OKMYTH
148j55D66vSskhYjK5truW7R8HaHZFovMCVfKSnjopQFE5u6:12000000000000000000:OKDOT:OKMYTH
15WdXfmqKGDmitUg1vLcmtuj2GedeV67uuZJxiU3EVTWKtsA:12000000000000000000:OKDOT:OKMYTH
15tLfM192g5mm7dEjxEMs922vpag5UgVYdtQV7QQCB5Wm7pa:12000000000000000000:OKDOT:OKMYTH
13bSFA6c91LpBiUN6QmkNyicR3mJx4vASV89JsCmnPqni1kc:12000000000000000000:OKDOT:OKMYTH
16bu3JrQJgxB4cHG5RVw36JSpEZ6iFBovGhB2WRZjj2tybrR:12000000000000000000:OKDOT:OKMYTH
168uEq3cffUw6zgLRQiDSupTQEiFzaX324uhaq9tMSkK9zbQ:12000000000000000000:OKDOT:OKMYTH
15SBsZXAzFUHu1LH2cZAMjoR9bke8VdeSEsZT2wUsv3Q6pEp:12000000000000000000:OKDOT:OKMYTH
13zMV2tJ78fChCFz5cvjnbnM781gRxEeLLXt1oS1TM8oddcj:12000000000000000000:OKDOT:OKMYTH
16SYcejbs6o1edBwXyKTS4jPB859q6d51VbCB6MV9uUrZLgv:12000000000000000000:OKDOT:OKMYTH
13X83BoZN2a8AxQ3JUMnf1195fy7sN7msS6fLB5R48ACKL29:12000000000000000000:OKDOT:OKMYTH
1wNoV396WQECbothMWqW35D8TPPdrmvPQmG1PieCQGnwUDf:12000000000000000000:OKDOT:OKMYTH
1H3wJi7GDWqzQgEJYynpLvioEbjfd537D5f22BRXpBKuctg:12000000000000000000:OKDOT:OKMYTH
15K72Nv1AvvkpWoWCBTmcNvATYRK2P2eS3cYLAGmWiX4VoYi:12000000000000000000:OKDOT:OKMYTH
14PFiXcdxcpGr9cfPhWuGhTGBztPCXU6735egTmFdbCG4oaJ:12000000000000000000:OKDOT:OKMYTH
19BhUtrQUMki1tAegMkhnhzKAaHeQuKj6g9EKTQMKheVmiN:12000000000000000000:OKDOT:OKMYTH
14iFE5qmbKgtmFSjgekrW5wyEJCdkuBDjUhNstgsZBatjttE:12000000000000000000:OKDOT:OKMYTH
16gSwMe2wssiyVY4fLj6AQex1UZZuKPWhHcG5DYj8xtkdxR9:12000000000000000000:OKDOT:OKMYTH
14nKyDQjTscE8rwBSiAJ2ix1dSXDVmQ6BYmU8rxFd2RMxc5e:12000000000000000000:OKDOT:OKMYTH
12nTfcaKJv4pg7frkx5E9pL2PQADdY47ymQUkgpYtoSbPxpb:12000000000000000000:OKDOT:OKMYTH
1krj9WC54jWDroK6eBD4qh3mRo3sWgojhELn7PFXTMntAAa:12000000000000000000:OKDOT:OKMYTH
1213UpGzu3QJDxhSPyExqLw8zEpRyP2vvsrdAK7k6fJ2RgwD:12000000000000000000:OKDOT:OKMYTH
13KBdVGNKqkpVgHLX5NunuJnkMHL4RqLeKPN3Lz4gTZxriDP:12000000000000000000:OKDOT:OKMYTH
138NzEn7eEhpQJQb4rLHCQeTRmR6htoMhPiRY5gxhwk2Djer:12000000000000000000:OKDOT:OKMYTH
12JPPWmou1xhb5MRadjTCmtJXe7S1Wzmq52o3iWs2pMivRGT:12000000000000000000:OKDOT:OKMYTH
16GU23vgNahpM38LxSJGCPku75aPadZMT7hh5yG2QStfkH5E:12000000000000000000:OKDOT:OKMYTH
141grgEwq4MJH5hkPF4YQzCbXioQELChdcjbCWnasNmgD6cN:12000000000000000000:OKDOT:OKMYTH
16crCyZBt3fikdpfrLNCHyF6kC1yR4mh7ZHP944kByFKRkA6:12000000000000000000:OKDOT:OKMYTH
12zt29tt2cUdAMZhYn6oQZjFb7322NWFcqw1WP57aWmSr7sQ:12000000000000000000:OKDOT:OKMYTH
12Tzjm6Yzb6AS62A9Ps3S1PqQffjNQpCHSuTf6Nm8VZXf27H:12000000000000000000:OKDOT:OKMYTH
1517PFT2Qirpqq1hEBZMTbXTfWiULtaxjaFryDNbwATMKnGG:12000000000000000000:OKDOT:OKMYTH
15vsSznkxMQtGEduZhRDZ2MC12WjCCfBYuT7aRRTvo7EZquy:12000000000000000000:OKDOT:OKMYTH
16bTxaEcpPBmTCvMUfddoJgfRva3XJzduofonqiTjV7Gzwjv:12000000000000000000:OKDOT:OKMYTH
148YGUd8Xgwt3y9mRwtW4KgzuL3mchEYbQNhwEMX9JkFtLsp:12000000000000000000:OKDOT:OKMYTH
16N3CTvTKHpCRy54EGASpHCvFPJnAYkjgRRp8npDskUM6KcP:12000000000000000000:OKDOT:OKMYTH
121TaNAmMm8MC3bGvC9gXcVx5H3GtxnQcv7DJ1Hv4QcLoe6X:12000000000000000000:OKDOT:OKMYTH
12pXuEqFcktPG48QqqXf5jN2Fyw6syo3S4GEWQn8Lq44XR8c:12000000000000000000:OKDOT:OKMYTH
16eDREQrN2NELtc45e9P6HFhofQrsxNh58Z55LJB3YumrEcm:12000000000000000000:OKDOT:OKMYTH
15r38LUh6kbnRuXYEFT23jhVGosietCVD9vQbELcRH9y6SA9:12000000000000000000:OKDOT:OKMYTH
15pR6pfG3uL9mX9PYNAMdkcVZgHX2ffv5iEt7M2T8rKtXMzk:12000000000000000000:OKDOT:OKMYTH
13sYy9icei6HMeMQd9LjnnQEWaMEGkkN5JSeRiqn9X3LWhKT:12000000000000000000:OKDOT:OKMYTH
1YCTJevTgb7fDh6u2ZUKgpZh1YLtUKhUmQ5xDVUysy9WG2L:12000000000000000000:OKDOT:OKMYTH
14NaZr4WyXwuW7NaazkNcMydk6hibpxbVs5hw8WDTNhuosN9:12000000000000000000:OKDOT:OKMYTH
1xgBBLVzeWeqEq8tnt6zTD8iE5WBXzbfGzbgUCVST9guPdJ:12000000000000000000:OKDOT:OKMYTH
14wjGqwGsxW5ineCXNwVy4gQ1AYrDgtaf9gYZWmwseMkkq44:12000000000000000000:OKDOT:OKMYTH
14TDVrbq6DhjTkWmfvALP2WPzTeHNRgzTC5csRfjnf4AJD7q:12000000000000000000:OKDOT:OKMYTH
14mcdvCryUyhYGQNeKkMZDbZEnGu2kRBXouE3jDU5fhN7rqk:12000000000000000000:OKDOT:OKMYTH
15fKVtY1EdHTyvTYxfAmyifHGBQriZLTPHcLRjJroy3Y8eAh:12000000000000000000:OKDOT:OKMYTH
126jQk9qMyToVR3VtU4i2hEpPnoqByxTNNrUURG7LxU3hWnV:12000000000000000000:OKDOT:OKMYTH
1avRfkySPwJT15pMV4qR1QA8sokCzfpCq4cXejANqNmsCGn:12000000000000000000:OKDOT:OKMYTH
12HgahmkCNKPjCfxbPiHDwarWzyNG4ne6xWeHicf52dAawj3:12000000000000000000:OKDOT:OKMYTH
14xfm5Qks5xg8QBG1VGZNWxzgUDxu9CW824xLCvUYEY8so1Q:12000000000000000000:OKDOT:OKMYTH
12bpqwYot1QqiDXQW6xdysQ8gKZCZB7RsnWsJnebvhpRDgY:12000000000000000000:OKDOT:OKMYTH
12ENByGohVAnX3nYKMznW3Nzj3AZNDSu5gDwAJXKRAGhbvGL:12000000000000000000:OKDOT:OKMYTH
16Fqeuwvye3CR8jkWz9t51WYioyXmobKBw1Ubn8G3VZyaHs1:12000000000000000000:OKDOT:OKMYTH
1unv7u5nAiVemLRbpMyS5htnAHyRmK5p95YhpFMkzkSgEeo:12000000000000000000:OKDOT:OKMYTH
1y6xHJr8FK9nAeWEbzAwrT1RjBEUirc6QkdaosyHf7AiLGz:12000000000000000000:OKDOT:OKMYTH
14jz7rZ9M2puEwHmabM1PHLk4ggyfujBVJqAbr9HKnQJcGiD:12000000000000000000:OKDOT:OKMYTH
15SRByAXHz9mqP94bAXnymUY8AhUNPMbDbJZC9pCSKsUcfFW:12000000000000000000:OKDOT:OKMYTH
18HHMDmGBTRVgwezNHzFYSwPZRUSuTST3MbApDLnQesL9vT:12000000000000000000:OKDOT:OKMYTH
13EhRyhrxb8Qt5yWzkSapZUk61sWPbr2X1hNKD2K7mCPAmDA:12000000000000000000:OKDOT:OKMYTH
1dJyya35i4vYoK6s8upR4jZ7HjsQZkGhv4aamEDJwRUurZJ:12000000000000000000:OKDOT:OKMYTH
15ufmbyWYyn2XHZFyN5PRwiumMUG8ZMnYKVTZLNUQzpZBnRJ:12000000000000000000:OKDOT:OKMYTH
142NtYsRJcwA4cW6ssCjkEvowXrvjhmv4mDu5pc5pXncU7GT:12000000000000000000:OKDOT:OKMYTH
13bPfkWqRmTLz1v1KQd7LKcSdr1LvyW4eBcjEX6UKvDYnYoU:12000000000000000000:OKDOT:OKMYTH
16FFcDuRPUJLgyyXyARc7oAqrhp3rWTouYCY55RokLmJSPLv:12000000000000000000:OKDOT:OKMYTH
13y3sfiEmmiojdRDJk7YRfqQ8WwhRC4Ua8axKUWkV9TSRKYN:12000000000000000000:OKDOT:OKMYTH
1vgY5iZhF8N6goS4DNLSzvMy1phqmGWkBXjwPHyykn5WbNy:12000000000000000000:OKDOT:OKMYTH
16UddQHhBrsse9V5nAkPKTHjBFGMJdc8Dqdhw4cECqyehXg:12000000000000000000:OKDOT:OKMYTH
15RAYvUAJt6jjj26RiTtGwRgzsKafoEbmxiUS589zgsAGSHL:12000000000000000000:OKDOT:OKMYTH
15dAFyRTVtqKNHakeHXbKDNcCkmXfaPzZFYCcqJtT3cyETiM:12000000000000000000:OKDOT:OKMYTH
15n1DKAwBuNzYCAFsAYQwvGYJmQTkP6mUfKixgqVGLRSP9V:12000000000000000000:OKDOT:OKMYTH
125LdwVnDB67UB6qgUoyR67Nr2hZs42hdudhq3tNzoUN8vUq:12000000000000000000:OKDOT:OKMYTH
12aV11krEeQQ35NykEPhePPMKvyFYFP47BiHYsar3b3Uoz4:12000000000000000000:OKDOT:OKMYTH
1d7QUyBumECrGiiqP1MV1f4h6mkhtFaK5uo6D6rTZUwsr8p:12000000000000000000:OKDOT:OKMYTH
16WfnsuAvMeXnqt6onSEkWh7sLWsUVjoJN3kBZrPSjiZtwA2:12000000000000000000:OKDOT:OKMYTH
165iBSQ71bChWvjTGnqNas6pJXdLY8KHv92GzjWFekjcvSEo:12000000000000000000:OKDOT:OKMYTH
15tw5YuFYoDSrUXdNxcE3HYn68qHzHpJipB1NPVANb5SZCh3:12000000000000000000:OKDOT:OKMYTH
147e3zEdg3dGVpkk3qWQkasfCPm6MxgLaN6qXFmTvee4gGKn:12000000000000000000:OKDOT:OKMYTH
14K6JfMF35k78oJHLJGwb68JyqYjTunDYp153ADDpMQkn4gA:12000000000000000000:OKDOT:OKMYTH
13SnnZHaNUZyMxKKD75KpWtjCo7V9E3o21oBsPQ9SCSXRHkc:12000000000000000000:OKDOT:OKMYTH
14c7FtNfaeuvSx25bWH9wd3vxp3jd2Pfu2RbxnGbPQJmTjA2:12000000000000000000:OKDOT:OKMYTH
1CpqUfJL2eHeE2aYF6yefzqh4qs6yQuZYpmMMhUScWhVzNG:12000000000000000000:OKDOT:OKMYTH
137fGr4Y8r2Mxf2oDUtmQNwcqzM8DsyPBBRDdwGM8osTN3K1:12000000000000000000:OKDOT:OKMYTH
12vTvoHUeK1CiH8wShdS8Ns1tQZ5HFJqwQ4TkHDkDPbLBCxn:12000000000000000000:OKDOT:OKMYTH
14bHfPJ7wCzPDbR5cvMbzpKkuCrkduW3fjzo8DPJpTbeVp4Z:12000000000000000000:OKDOT:OKMYTH
16FQiQR5psNj5Vv9uWmJQwwKSqeRR8yryqa7ojYiYmXmvfto:12000000000000000000:OKDOT:OKMYTH
15AuwagVWhdZj47fBqvfuXq21hKS6zX7A36UQ63ph6ESHwQZ:12000000000000000000:OKDOT:OKMYTH
15JAQh6q8khSiWUiA8B9LjnkjBq41yfLaivCm3ueEvwwPeva:12000000000000000000:OKDOT:OKMYTH
1jWopxXLCLXq9vKxihuVZx6s6nvbQNRub3re6CMAFcCfVyn:12000000000000000000:OKDOT:OKMYTH
16SLhs8BdARBjc58etucbTXHuJhDZsBsNfQnp15GLzNgSVki:12000000000000000000:OKDOT:OKMYTH
1ecTcxbYesHfh3gddhSWAktr47vWAxVkbY86AJB6Q4rDY8E:12000000000000000000:OKDOT:OKMYTH
1rDpAY3VrFeRTvgQGkWPRjRGAEDb8Rej8kc2MHi74Ri8WAh:12000000000000000000:OKDOT:OKMYTH
16aQuh9rf3YBAUD9MnZPZLcU8vYW5RvM8SyYsvsMUfPTdix8:12000000000000000000:OKDOT:OKMYTH
153vCdtmJjwon1hEkZWL5SqsubK934UNYALYarMGx9u3Y5EM:12000000000000000000:OKDOT:OKMYTH
13pF3bfyMqDek62ftHQVxiCHynWfDn7tNnepW9ushJoTEpRz:12000000000000000000:OKDOT:OKMYTH
13mkDBMszgxghDnggijGWWYUUqiTCLYceTEf3KXxRzdu59Cf:12000000000000000000:OKDOT:OKMYTH
12BqcX2epMg3R34VwqkzVsjBwQySsq3EcBJ52QuiXjcSZU95:12000000000000000000:OKDOT:OKMYTH
1uZkuPoZiKZt3V2bRVt3Fb8Qp4FAtLpD2MzXjEkj6rCsxuF:12000000000000000000:OKDOT:OKMYTH
1nDdqUSvYunqjp1UMbGLjNn7UdB7d5zZfEUBPHERHnXPcxE:12000000000000000000:OKDOT:OKMYTH
15bmLCtbQoaMds1gp94cpAVfx6VJfmcdLppwCWGEYUaeJxBg:12000000000000000000:OKDOT:OKMYTH
1oTiRgR2MQCRY2a9FTFaP7X6H2rk26bpb3BFxNjTQftpyHK:12000000000000000000:OKDOT:OKMYTH
12uQmNb9kLb41k9rUWFpACCRgYo8XDykoDnmQrzxpPCJVxf9:12000000000000000000:OKDOT:OKMYTH
12ujP4VkpM5YdJ8FM41WTn2Ldc6mQnb5DD5bAHKLvSj4AFKT:12000000000000000000:OKDOT:OKMYTH
15ih3Ynfyo7BsBcaj5x5girTYuMpnBJp8mKVgD3Nut5A5UVq:12000000000000000000:OKDOT:OKMYTH
15nDGLRzr8VzDLyhjjeQuXrNbHhsPUhrTZVhesKs64WPbjxx:12000000000000000000:OKDOT:OKMYTH
148f1hzSiDakSZFbgz4Y3baLyTEacQtpTMGmDbP5ZtjXHFmQ:12000000000000000000:OKDOT:OKMYTH
14eXTac5U7V5xfrqqyRncYThLRkR2ZiV68VXCEhepaWZtExD:12000000000000000000:OKDOT:OKMYTH
12NxE6Bow98xarHvdzRdApAXM8qsuSHCt2KdEfLZ15aETsVn:12000000000000000000:OKDOT:OKMYTH
14gXk5emefHji9RrKeAoxvj7apLJhx7M1jYxsPkAR2tsS2rm:12000000000000000000:OKDOT:OKMYTH
16ifsEAru2wbwLX19YNxds7JEoe99UsjHeZKQcC5HFNFZ7de:12000000000000000000:OKDOT:OKMYTH
13iZHpM9LF5PnimJTYZURssZbuhQdPBguX9rxuNLMuSQmtNg:12000000000000000000:OKDOT:OKMYTH
134msWSJbtKpYsHJ5Wiwnc1sFdE9GmgHSLWYUDAquMWoaqrs:12000000000000000000:OKDOT:OKMYTH
14cptxzpK6kaDXZEsFzSL4YtPyAxytQfFFyMWmmyYPoXAhU1:12000000000000000000:OKDOT:OKMYTH
139wXtVGa7QZ1enUrSZrjgFMUgcPuaxaML3CEbzPcfCEMV6v:12000000000000000000:OKDOT:OKMYTH
13CYf5Gqn9siKJeh5XAkY8b1GpAAAAn6cBxC8F2ukvsLvnzA:12000000000000000000:OKDOT:OKMYTH
15EZY9UdihtvBzT13ic7n95zcEjYYQ4yR4ku8c7Y129WvwbL:12000000000000000000:OKDOT:OKMYTH
128HnFrjf9LbggABouKMjAKnc8dbmjQcoWLPf6XGnwbLcV5a:12000000000000000000:OKDOT:OKMYTH
15dtgx2yu1gShWD3NUjTAXcShUJMF4h4HXNUotvwaDpKLgpY:12000000000000000000:OKDOT:OKMYTH
12HmNP9kaKrLsFCoFL4xJxQuSHqhbTQSCMstYYnq4y8fCdeV:12000000000000000000:OKDOT:OKMYTH
1J9WJdDvHuH9WiQdSv38VLmsEkNe2GBu6bpW8HEcSSxxcJf:12000000000000000000:OKDOT:OKMYTH
13NYmqCYuepSHHbCoKtK5i1ytkLYdDRmAHgzs4FXNeQw16W2:12000000000000000000:OKDOT:OKMYTH
13nKxNtAwzdZ5WAJffYZjfnHG5WKJRhWM81MQaPHpskT2mbK:12000000000000000000:OKDOT:OKMYTH
14zyJ831222wJoogMaq7hWZ2QDwjmidxRYSzoCrQQoj2npbK:12000000000000000000:OKDOT:OKMYTH
15FaN6ngUsF4GDEfnfefE8oW53wCRLZWbigW6iSRbTv6twt1:12000000000000000000:OKDOT:OKMYTH
12XTAFNXN4QSVkhWUQctP4Qr1uhKKeWk75HezUU7F2p2rthW:12000000000000000000:OKDOT:OKMYTH
1Uh7tPDqniZNCvy77Sxgr53SK2yFP3vrbf51cqPn4C5Bnmj:12000000000000000000:OKDOT:OKMYTH
15wuWb9dVuMW37dFT3PKLf8cs43n5uyowWZSpSck61DGTgb5:12000000000000000000:OKDOT:OKMYTH
16MgK4L8RSKafUXg49i53wGs816LQELo7pT3xKh9MJhG6Gef:12000000000000000000:OKDOT:OKMYTH
1TmhxwuqEA7J7Ag7XxGFvWu9ey2PKQQcRLGkLna8LdeU3n9:12000000000000000000:OKDOT:OKMYTH
16hEZd6gV4Fvnfv5Rj4p6ejFJbRdCxh4SYxTvWhFappCrmD2:12000000000000000000:OKDOT:OKMYTH
146v3ryH3XZ36fhzLvhWLCg9yDhdWvgTTXrvuFPw2C3oeu75:12000000000000000000:OKDOT:OKMYTH
12bv9XL9fjTbNpkoyPmpqQk4Huydxe5ERtmdAThFxNYU72D3:12000000000000000000:OKDOT:OKMYTH
13NqjXpuinTUMK2if1AVyNH4DmHKJUsMHNU3wZCV7YotBhWL:12000000000000000000:OKDOT:OKMYTH
14aaCptappMj1UPCNrEEH6Q2RRoauoxJPkDPVMSoLFu2xJ2H:12000000000000000000:OKDOT:OKMYTH
15tyDfPHJaFrrJnoGBHEqCoBucm9FHv1RFd75yTFHukNggNF:12000000000000000000:OKDOT:OKMYTH
13eXc7ca1eEWenMT7Czj5ximS9grtHV55veoXddxpbLuAsAJ:12000000000000000000:OKDOT:OKMYTH
12Groi6g5pYzJX7reoPGLm6M4qSHgJt6ZXLR3uxa4wBLAYUi:12000000000000000000:OKDOT:OKMYTH
1jnXcaBmg54AJmLuMtQcuxNGfjZThmNuAAzM45wkZmdMZ9G:12000000000000000000:OKDOT:OKMYTH
12vPG64jZPRHmtExZujRYmmuCFbjoZqRXAnKc5X4LUjmTz8:12000000000000000000:OKDOT:OKMYTH
16CJ5ctiYQXXrmZma48qDg7rRBwtXkSJ7bHK1z4YAdSasWPn:12000000000000000000:OKDOT:OKMYTH
15r7JYMVPiLaqEqqAQfhyrgJx2d6QhE7EsunUy6kMoQWBKGN:12000000000000000000:OKDOT:OKMYTH
13zn3wZtGhTQVCB3ymZnyj8nfj8xLjdiv85J3sBayZrYh1LW:12000000000000000000:OKDOT:OKMYTH
13uwGHLi255HcVDa15ff4KefFK8aLSJAT8vCJvU2itevU9GW:12000000000000000000:OKDOT:OKMYTH
16SKLjJoZCrbqfeGpaJAScHyrky7rQWqojJieufqmEGRyjSp:12000000000000000000:OKDOT:OKMYTH
168fWTTnSyCoqLjVmNCKzmoWBfp6cVYSAYxn9mtoGEykaMDx:12000000000000000000:OKDOT:OKMYTH
14AEhJPFTd3MHsRqPnMWTWbcRrAXkZioUnRAv4sqZrz553T4:12000000000000000000:OKDOT:OKMYTH
15mH5fYZ7siVFV9HVbxpEPAp2ZKaMKoNCQghfGa5vosm88Jy:12000000000000000000:OKDOT:OKMYTH
12TvYduF7UfVpjUUyXyt18zcMarykrkHV5G8YQz7QKq2zJTM:12000000000000000000:OKDOT:OKMYTH
16HZiPnsP7VPTLUTagS426J8FJHNExNJ2ZLWha6PAJbryoHK:12000000000000000000:OKDOT:OKMYTH
12dGJfMEnBqPgYrBKrLnzfU8knZ5QNUiENDHEh5XcPzKnqML:12000000000000000000:OKDOT:OKMYTH
15WZVyno9HtoTeb8rFiHX7LWKQYnjGy55zkCoMVh3XZezkWb:12000000000000000000:OKDOT:OKMYTH
12wXgBTmDxuDLiu4e2EHnZJccmP8beGJJvZXn4aVA3JpiGVZ:12000000000000000000:OKDOT:OKMYTH
13BzqLy73ZTvQXuP9qNnqwptTVbZdRkXPTZqnDnNdTAMzSsg:12000000000000000000:OKDOT:OKMYTH
15AHqVy37bPj7SQKmdLi9USDGdgWBZcgz1jUv5o9SdDyu8gu:12000000000000000000:OKDOT:OKMYTH
14EcTCisMFrtrNNipzoRXPu1FcSzd57XncW4kdxwgYHC4dkq:12000000000000000000:OKDOT:OKMYTH
12agyDPayfjX8rmZz5bQqFmkRTvfeAfZ7wL4jUeGZA3WzzpS:12000000000000000000:OKDOT:OKMYTH
12gs8JgPmruzEEdStcJVKsosCW5smjDBLR4KjfLmJDmjmCu3:12000000000000000000:OKDOT:OKMYTH
161Wspf5XxDL2iz4GZHa857zWGHHiw5smPd25vgR8Xrdw5Lg:12000000000000000000:OKDOT:OKMYTH
12KTNXAoQeXDKyKGMS1wV6aojSHgA1eyVYvf241iihTpdTxa:12000000000000000000:OKDOT:OKMYTH
16kFTEmbED4usubQpVrwpnQH29c83exZarjUemSuz3SEabyo:12000000000000000000:OKDOT:OKMYTH
14aZD7zgaWSE9hpSdGwkVARoRSJpGaFpJbpMkjggTZgQqZQ4:12000000000000000000:OKDOT:OKMYTH
155gBz2UFy3PMoCimJmgbgB7tP2NWX5Yo51RcsMAnr2XhvNW:12000000000000000000:OKDOT:OKMYTH
14bW41gNLVNPSxa1oDPSu4ixFAGjvyz6TmHgj9RiDQ1eKdHx:12000000000000000000:OKDOT:OKMYTH
15TftXyc1ZYG47trTzQTqZ7eE8A2Fc2Ynv9rt6tjaBYrCqQz:12000000000000000000:OKDOT:OKMYTH
13pxNxhu9sHZBvWQFVELBjeES3cE5teao11n1FLCxpx8f197:12000000000000000000:OKDOT:OKMYTH
165giqQWSbX5QybPc6UVhJadafrxrpSMGa13oW746o6PHDK3:12000000000000000000:OKDOT:OKMYTH
1juxQ1frxxshBaf9KebaHiqW6oneo8o71DqdoVpKKgmwA75:12000000000000000000:OKDOT:OKMYTH
14awEk13UXR5b2PY67Q2Fwujprqhj7SgZwRKF3ZCuwD7Ec9g:12000000000000000000:OKDOT:OKMYTH
12DmPPPgaG29jccSxsv6vucEeaw284FF4BJB4B6eXorjhioh:12000000000000000000:OKDOT:OKMYTH
13TX2oT89JVPJS74SQuG7RNYQMB9Bs3ENLCYUhNWf2NNJBpD:12000000000000000000:OKDOT:OKMYTH
1n1P6G4T1xqRzERppV7QT3eCyTJbakT5uUxf6DcL3eHQxAt:12000000000000000000:OKDOT:OKMYTH
14gRrC9ZDoFSrHHACw73dgygGkSVBRzKiTEKdFvGtZA1y7G7:12000000000000000000:OKDOT:OKMYTH
13ad5VFMgF8mw5umW5L2yiYcny9AgXV7zLHn9qduindXwann:12000000000000000000:OKDOT:OKMYTH
12cZ4t2x5BErBWwSnXL4yXBRJpj3E7WGKNj6wpMoi8KCnkgo:12000000000000000000:OKDOT:OKMYTH
12EmGcqB2Cr8vKWppd4sRL1qrEu5B2ryi5wyjwkZnw2voSKg:12000000000000000000:OKDOT:OKMYTH
1XAF28gkHB6JarVe1YA6VKopchW7RnsBrjSrcVh33sMWxJB:12000000000000000000:OKDOT:OKMYTH
1JWJE5AdaBLNTKxe22pbzCPD6UjzBCWVTVgENBRktCK8tc7:12000000000000000000:OKDOT:OKMYTH
15imGGz82EufacxGvpb7GKVFTeQ99dBiN6jj5Nt4487rgMtV:12000000000000000000:OKDOT:OKMYTH
13VYKK1AerdiMkQUZxMuHSoZEoNufjrzfUpKyeH3Y8SRfwEM:12000000000000000000:OKDOT:OKMYTH
165fGtnXFkwbdiN7yKs9Pfd1ariidaGnMGtJugLnxaPaUr1A:12000000000000000000:OKDOT:OKMYTH
15B6TxpKacYf9c8bTJ2zNzLSQxDzH6iMthjfg4gZY5cwRSvL:12000000000000000000:OKDOT:OKMYTH
15Zo5W9ByrcqjnTbow8B88B41bv8tPzQnRL1gRuQnpaQeda5:12000000000000000000:OKDOT:OKMYTH
12xJ3mNZbomfFUDjkF8dRA72begcWSmBBCxHngg7yxPBFhhT:12000000000000000000:OKDOT:OKMYTH
13CU2CtwSxW7U9kYwaaPVQMHZnwd1jRyNMkjuHT84CWFN6tW:12000000000000000000:OKDOT:OKMYTH
1BXpY5o7Cj8LBaFmkKkmAFVGuY9enC3hRe5mYXtEy3NveVS:12000000000000000000:OKDOT:OKMYTH
15zeXV6nZMeAsXY1R4ThwMNDJDMg8ioStRxhi68dyBtbM9Wi:12000000000000000000:OKDOT:OKMYTH
12K9dHWaYGE1rFFmp4Ho1L4MtsgSYXXtvcq9diKKdW4DE4x4:12000000000000000000:OKDOT:OKMYTH
14GvGyLhuCxs961Ks3bFrHtv9bHymoHSDekL8bRgGqqprNT9:12000000000000000000:OKDOT:OKMYTH
16eNDHZ13S3p2nTbtEfLqms9Sk1zJ4piqzXBMq8rkyGZHzKx:12000000000000000000:OKDOT:OKMYTH
15PYrT4KRcs36aJtRYYCc9UtjTBiNZnEGdSYiNgfjU4nhHE4:12000000000000000000:OKDOT:OKMYTH
15dBVyYBU76txS5VoTnEvytwQ2WjaTYf78iLSGi55Em58j2B:12000000000000000000:OKDOT:OKMYTH
1s49B7E4LXiS18dq99khKBkQrs7uaHUseTLxqtP7sAEzWiw:12000000000000000000:OKDOT:OKMYTH
15KfdB69igKxZoDf5eBuNRsdqrjJfyKTSgtVXdVs8vt6tmmv:12000000000000000000:OKDOT:OKMYTH
19JDzvWP321R3nMtYR1Vher6ewNaYuGXdVxxDEtSZsSMFNC:12000000000000000000:OKDOT:OKMYTH
12WxxUW1uieMdDKXYAdokM5A26MmfXuWy9C1MimxmQbb8JVw:12000000000000000000:OKDOT:OKMYTH
1CERrnXUdddyKVznTAjaDvMXguBzyp2xj25gAEJ5wEiCcKz:12000000000000000000:OKDOT:OKMYTH
1pgBoMn4bAVZddH2ZjUm2TGvw8BMxCwBoqRxQQNdkJSdE6B:12000000000000000000:OKDOT:OKMYTH
13A4s2PkAf8QFdsSzs1y9auv8udZe9ytGodUbaZns3TkoJb8:12000000000000000000:OKDOT:OKMYTH
13T8bd79fGmKyD8gCEYXbK3r8aFbNjxsQQohuYHLPQvwPm4Q:12000000000000000000:OKDOT:OKMYTH
13jBPSAy9v8dcKVAodfE73KrRteqk3hDUo9LioZtsyjoS5P:12000000000000000000:OKDOT:OKMYTH
15FqK21ucGGM2HmxCP8QCcPCdVxqERaA2yypXVs9Vyn8pgoB:12000000000000000000:OKDOT:OKMYTH
15WHkYoGYCusEJvCwZyTBgkrasxy7hX1i4W1EbnjLue7v6hS:12000000000000000000:OKDOT:OKMYTH
16CuAykiAwyhuwDfpSHgtWcL5VN1D1DwAxfzuXW5v6kECVdM:12000000000000000000:OKDOT:OKMYTH
12gdRC2oou9P5y3M9fuNAW2VpjKQbkcHk7pAiU69KuT2sKSy:12000000000000000000:OKDOT:OKMYTH
12NpBQzS1rY5kVstyD8bwRGE81FsDJgJ9NgQVNvtXJzcJYcq:12000000000000000000:OKDOT:OKMYTH
1ztgWMDfBeG3N6YftCdC38wkYPZr84w8S3Z4wkosYiU15KH:12000000000000000000:OKDOT:OKMYTH
1Q6hbwnnGUFrxVS37wzWtRgfBadc72TdcPbZDRxMcW76kfK:12000000000000000000:OKDOT:OKMYTH
14ZL8UbcFbsvvT5fsfAGse6YbDFiDcYhmVcQBUFx8wKJasqs:12000000000000000000:OKDOT:OKMYTH
13XovbLGPD8djhfYegFHGgjxXAh8knX8S22DeGNjFq66c2kf:12000000000000000000:OKDOT:OKMYTH
12qC1nbfWvfBdST9a9hJwmUgRfBitsgjSMBWRQnvdoUpVXpP:12000000000000000000:OKDOT:OKMYTH
16gfr7vGzoycvtVk3vHuadVWJQu8aENRMCWLib4Ns5KBkQM5:12000000000000000000:OKDOT:OKMYTH
16huFaBD5PphVz5Zpkjh3g5vKWN224pFmBQuBtJpED9rnBMV:12000000000000000000:OKDOT:OKMYTH
1KpFJubbi5RNL6YHoiQhF77moDZ9cF3am2BCdYWWpMNP6y5:12000000000000000000:OKDOT:OKMYTH
12SfNP2CipmvAGYDFGykJbdAAauCyDFsy5ugF2581zQRVHez:12000000000000000000:OKDOT:OKMYTH
14eXdRr1v4dAzWFRDnySwXmdbYFM9x3HqL7YUNwpvvXeMUVi:12000000000000000000:OKDOT:OKMYTH
15saA98FAQbkPwbSzcrbiDAnUixptNVDdkmPBBXp7xfVxEjU:12000000000000000000:OKDOT:OKMYTH
13TEWpez7KcxRTkba9urK6az71ihwE5KQvUJed2qDavTwviS:12000000000000000000:OKDOT:OKMYTH
15sEqss4fUTeHs91bQeAJ1nk2mthDcNx2yFBnZ7NKGYPXtL3:12000000000000000000:OKDOT:OKMYTH
12Woafy7mskYgrJV24z7r55XvrReTizmmxhaga1ZSCrxVft8:12000000000000000000:OKDOT:OKMYTH
16eyX9DthYwiS2oMxAT62CNPCbWPXTU2QM6gKWGCLppgHjtA:12000000000000000000:OKDOT:OKMYTH
14zWbAXPoErhXEJ3NJ7FAytmxtpQGRkNMkYHscH8aL13zAPf:12000000000000000000:OKDOT:OKMYTH
128AVsEuu7bAhKS6hhPWEBQyd8EDDTiWP8DbnhUD9hs5GgxF:12000000000000000000:OKDOT:OKMYTH
14ie3M98DC6KevBgKv8s9FRmFk6Pd7qxyEf88jc4jPwv7J3x:12000000000000000000:OKDOT:OKMYTH
16kDmAdd2G96f58hxUesy3VsH3DCJAxvm4GfM7ZkXrMz5N4w:12000000000000000000:OKDOT:OKMYTH
15qsx5fyYjobGrVKrSiUMtgYBPJf7Zj1er5rs1bHz9W7kdkC:12000000000000000000:OKDOT:OKMYTH
133JjvZNUdSXTJsr5uR1uCkQCQtjTWLQxD8Y6CJgcTikPLvK:12000000000000000000:OKDOT:OKMYTH
15aaMpvYkhb49Tkq8gxUgusJHwmW5uSASTKJU7eJRZqJCXR5:12000000000000000000:OKDOT:OKMYTH
14RBxTJ5hsuRmLDwa7uGF3VmiU1YH1fygixdBJyPCzTQsLg6:12000000000000000000:OKDOT:OKMYTH
15rXRBrcwgf1KqQ1B6D8TRVqZhQ5AHsRtHrSv69F2VvLoDiU:12000000000000000000:OKDOT:OKMYTH
13cAw6SFXFN9vQTKixrDxr6ouo9pe8MgdanKz1uJRKEGTeyL:12000000000000000000:OKDOT:OKMYTH
15kV2reJjvsn3QijfoNe3zHSR5Kvmozjma26i4b1CaKydcro:12000000000000000000:OKDOT:OKMYTH
12nXvojt4ovV1Lwk4yQQ1jw3rMjqD4HAKJ1qQtwBqwJvKhbV:12000000000000000000:OKDOT:OKMYTH
15pTjHVVeFhCWMLqRBjXxHb26TAaDpaCtseHV7A4JVBgrTn8:12000000000000000000:OKDOT:OKMYTH
16CcgZfDcGQUpAQSbtfiRFFLXYZQwMnDpCon9RzuUuHxG2wD:12000000000000000000:OKDOT:OKMYTH
144KUyYLDFgRFRaiZ9YbVqXu417HM7v8emuuqpP8o9a43GBD:12000000000000000000:OKDOT:OKMYTH
16S5B4xwHuhG1u7ay5Xb7J7qVTiTyxcitawXkTxveBu1R1d3:12000000000000000000:OKDOT:OKMYTH
15NzB3aSesa1j2yGh1xDXUK5GWnTjke63rjdF89wJSQCUi1m:12000000000000000000:OKDOT:OKMYTH
15fWuEcE2g6McfYsYSP2PoVB9gqu1b9tdLS7o2vHGLomnoQ9:12000000000000000000:OKDOT:OKMYTH
14Bmf6vgXvQHFbdyoZ5CvZG4cJp4uPdGkvHe8bzp77G9HpSN:12000000000000000000:OKDOT:OKMYTH
13VBr3NTAAXVcgALeWJqoRhf6R8e4dXLJhkQp9Dha6GARmWa:12000000000000000000:OKDOT:OKMYTH
15GAvc8uz8ztjpGM6MWfKLeL8fQCgZPpiZMycUppG6smpTm:12000000000000000000:OKDOT:OKMYTH
136M16onwVWrfmEtjxWQi2ss8SifuxMDx95hvnaZe8qGLpwN:12000000000000000000:OKDOT:OKMYTH
13k1h4ZdoYoZC2dMvuX4mc1vnwDjqdpTxFkrThznPd2LSYFW:12000000000000000000:OKDOT:OKMYTH
16K9jKkdLXxYT4udvJbz2jfCuhVga3bdTP8RrJSGwHAYqjYs:12000000000000000000:OKDOT:OKMYTH
14PCJQDmjARHoEjnRJerKpqdPhuyHqtdrNoPxoH8TAPVCsWy:12000000000000000000:OKDOT:OKMYTH
14YHCMRpzm9Kas9TRbu4wSCHU1gtein3frz2qy948dhJLi9e:12000000000000000000:OKDOT:OKMYTH
15dsn1VXP6PXgaWBF6kQVnC2pbHgAcgj1aYDEHi1P7Peeren:12000000000000000000:OKDOT:OKMYTH
16m6aKAfYxmWxxdGAdNpgZCTfhxCLjqjvVaQFwk9NiahkJZQ:12000000000000000000:OKDOT:OKMYTH
12E5u9nCWdvssXxwAz5dirH883gSdAVd7Z5uWKaqCeWXmE3G:12000000000000000000:OKDOT:OKMYTH
13bq7ZF76weUBrCDR5QqHqGDB7bgBQPFVNEBnBHt2FueRYPM:12000000000000000000:OKDOT:OKMYTH
13QXTgzM8xfwb3iuiJm78ywa5LC6hKRmyxSXoQhuxU11o6EA:12000000000000000000:OKDOT:OKMYTH
1MtqTE13Smq16jN928wcgTyukTxPVBHoeGZ9CqiTxKUuQ85:12000000000000000000:OKDOT:OKMYTH
16XKsUzTrJYv5k1Gj9D7DGyhMrVeAUWncUFzBtdM89LJ3Fhx:12000000000000000000:OKDOT:OKMYTH
12NgQpXCA5vMcQgBxwvDjFUeZ6xe1ihRyhCUxmW3pbQZvFVD:12000000000000000000:OKDOT:OKMYTH
16SbsMXJx1K5xxUE8t8icrtAKdcVCAkAhcV64ft4iL57aeyF:12000000000000000000:OKDOT:OKMYTH
145kx7qyHa3qU95ia67CtCcBeGU4ZySvqskY7F5LxujSp1V6:12000000000000000000:OKDOT:OKMYTH
12REuDMrWYHZb1W9cqSD85C9dzP8xfgagNtGpZRoLRGAt4f4:12000000000000000000:OKDOT:OKMYTH
155AEGmJPwKmCEDEr62sQESeHyPWin7hk1MSNtr258ZioSvv:12000000000000000000:OKDOT:OKMYTH
16ZEyhvjh8gjB5NTtBFRdNEGpmJ82HFygLG3QAvxJNiaUf2m:12000000000000000000:OKDOT:OKMYTH
151Zx8u2eecWMZayTSdriXPkYzyLtGXv8g26B7FAibgbGi88:12000000000000000000:OKDOT:OKMYTH
12p8ADbhUK81AgCmpqtPLbj3PvXkkhuSYMYkb6rQKoBaQbJX:12000000000000000000:OKDOT:OKMYTH
153jufLJah7FZCKeDed29LpfjdtNhrghs4mspwkyDn3CMEmT:12000000000000000000:OKDOT:OKMYTH
13MjpmW4TgsaWewSU4ExY2omYpmQnuSgzhyqopVpKzYAWiD6:12000000000000000000:OKDOT:OKMYTH
15pqihdvrfDbf52MXxr1R2TJDMn1XLPRqnJKHHjdXtVct9bi:12000000000000000000:OKDOT:OKMYTH
14zr6gHmC27Jg2WQWCq7cQPo9E23YS7LJGg8z4RnhrFvCxE2:12000000000000000000:OKDOT:OKMYTH
1kaJKsN2eLzsYEve5bu4WJ4nhDeCcFir6cRKt8kQxqqqnFx:12000000000000000000:OKDOT:OKMYTH
12tXULxRxTfANdkDZ1XrcqgJDFD3oiwtEgZFTaATqmMBdruj:12000000000000000000:OKDOT:OKMYTH
12XmpPvyL3GKxE1on2vi8Pz3Ewit4Mqm1svYp1E8oVCKYx5R:12000000000000000000:OKDOT:OKMYTH
166UZ6tGvMJe7gdPnoqcgMvRBRpefnWQFDPyQuUhNBiMgcjU:12000000000000000000:OKDOT:OKMYTH
15ii5AuxWKz2yUNt4VrbDqVGMUKzPLQLnJJFxt1onjxjiCXg:12000000000000000000:OKDOT:OKMYTH
1WfMx7bn5D5TMMLpz5jrfVwmQonFvb2DGFFhEyTWQSqiPEv:12000000000000000000:OKDOT:OKMYTH
13rEmQLHFCTSAZkJm4qxGdGT8hkAA4e4MSJwkdoqmpAB8dU2:12000000000000000000:OKDOT:OKMYTH
14hyhB1ZyYLrr8MzB98JTJq46HqK5RhVFqqxYLnzGmPjT3k7:12000000000000000000:OKDOT:OKMYTH
15FWijquCKKaUrM7KAMaAYWNamqJPRiMiUtwyG2FBtKxgSm7:12000000000000000000:OKDOT:OKMYTH
15Swa7J8MAgjgzFV4yoMuehLm4xdyhCn3Rq6tkiDfvuKpX6i:12000000000000000000:OKDOT:OKMYTH
13CSSy3HKF2TdcBp9qMyFuMn28hD9gr8VyQhoLhN2t9j9JDx:12000000000000000000:OKDOT:OKMYTH
122CQy6T4YLQjRfjfo7F2wgu7WoLh8vjjt1Edr5aZnfSTLyY:12000000000000000000:OKDOT:OKMYTH
12C29PdMoE8ucbNKgWV7kuTC3gCsV4VtTk8yezcfapoRt8tr:12000000000000000000:OKDOT:OKMYTH
12tuHknUrwJAKKpFiWE8C6HJzscNJHGFmE4jXcu48WhzVZvS:12000000000000000000:OKDOT:OKMYTH
13Z7CikrMK8bn6LCy9ZpzLSSw54xx71SokGJcPnURy5TpxtZ:12000000000000000000:OKDOT:OKMYTH
12fXjYxiLResWHhzACh6JBWzvANxsi2JD5quo7XJGACLbWq1:12000000000000000000:OKDOT:OKMYTH
1N2udnqKsT9gK4ePVNq5LEsYAVPackdC4j5oHPuXchfG8EJ:12000000000000000000:OKDOT:OKMYTH
13Fo9nmiH1hXEof8ULTWesHGpKGPToeKBdqayt5CuReWSzEu:12000000000000000000:OKDOT:OKMYTH
13oVCdoDv9t1Jwzv1ZCKCV9Bed5RmEjae5jBAunMv9GUcBTt:12000000000000000000:OKDOT:OKMYTH
124Vj8TNHiHe67e2J4suoqkwhgTdyhkngJp7Nj6ySXuUxjXa:12000000000000000000:OKDOT:OKMYTH
13B6BPiaAdRtnPAWPNviDrBH8CVmHF72gw3Hb5dddMaZjy3u:12000000000000000000:OKDOT:OKMYTH
134rCz1fHrcSnZFPPEQGDC4K75g5xvYh74uJdvGGuptjdrmu:12000000000000000000:OKDOT:OKMYTH
152uXmneQouVGMJydGJhEjJfjgmLa7pfKtyESqZVYnsBSswT:12000000000000000000:OKDOT:OKMYTH
12t5f1pN9MGFtUSP7i59sy3UzfNCApRGXPs6Tig2M4RQ85U9:12000000000000000000:OKDOT:OKMYTH
16KSFX8kBeokNgKWb7uPXX6abY1wgAj3B9orh7CD96f1WkZ8:12000000000000000000:OKDOT:OKMYTH
1XKK4X9WpXx3A7Y1gZvDdsw7W5UbKGH6djUuHz9KYeRUdWi:12000000000000000000:OKDOT:OKMYTH
15C7sRi8o66c3HRmULDdaayEZ7R5M6tnuADMWxfY2M9mnGYf:12000000000000000000:OKDOT:OKMYTH
14vaii7zbGb6GxeAbZPiWyvg7JM8VYRjxXFfZT4rPEGkBh7u:12000000000000000000:OKDOT:OKMYTH
16j1xBC9XnW5W6ezdm7JBvv5kvw59YYabtBnZeWFHshw7RQ7:12000000000000000000:OKDOT:OKMYTH
12A2y2t7kACh51NsK2vGgW9r16ZrdKHxz7HobUP2vaVBTujs:12000000000000000000:OKDOT:OKMYTH
12vX7fcKGkr6VWhkamBYFeACyocaBSMTwNeQjUY5PBKhNo3r:12000000000000000000:OKDOT:OKMYTH
14Dd9JBEnd2uxLbrfU6hikVHArvnUNq9b9BGuZeUTCBKUYAc:12000000000000000000:OKDOT:OKMYTH
1NYsdQJ6GBp6GTWY4JcFkBzAiYn2UeGkNS1EfMYf9VbKgCD:12000000000000000000:OKDOT:OKMYTH
1PRzpSUXCeDSoS54hAFV8LfEG4pCFqBRnTd2hcQqNFFDHbg:12000000000000000000:OKDOT:OKMYTH
13tZGv2JXN7wyfeDgkSC6Pg8jXy3G8EnionsVjESvHYizR29:12000000000000000000:OKDOT:OKMYTH
15YMJ9t89B8avbYu5g8fsU6bcwXeMx27wn2UQWpMfnuZpyuA:12000000000000000000:OKDOT:OKMYTH
13P2YGMsAWuCXSmPgSMh7VFt6PfCSdpLadxVLcRTn8GVSEBC:12000000000000000000:OKDOT:OKMYTH
13SdGzu9r1pQhETGWjgv9QzmU5cE7G3NRUkpKfx4ZTu85enG:12000000000000000000:OKDOT:OKMYTH
14TdTW5Rg6Sce97EVUsxGKkZpguAmKit58hQa4srke9rJQix:12000000000000000000:OKDOT:OKMYTH
12zykFGSGnvAyhfkndJyLiCoiWSbwPaw4gUkdAzpDUFCVafG:12000000000000000000:OKDOT:OKMYTH
16Yp9NimFtD6M1wvV3e44n6CehzKZkwNDXvYMquLRtFEfgL1:12000000000000000000:OKDOT:OKMYTH
15zz4KQPsHqXJYje3W4J8rQwV4NYGnS91shazWs3bftQyGLv:12000000000000000000:OKDOT:OKMYTH
145WoSH2LGxgS5vpwv1hcRTaUgFP8uRNSJh7YEZdnZsNCt5t:12000000000000000000:OKDOT:OKMYTH
1e64xx3jt8PoffdLmBnEEAte8PzrcW7s3KUB5NmeqX85fct:12000000000000000000:OKDOT:OKMYTH
14x6tRHCup8dhExYJcsAe25PJijDQaYd7BmnqUY4ZtPZTuAA:12000000000000000000:OKDOT:OKMYTH
13RogJxhxfH7UsPctthF64ev8WTvAaj7frYivV4wFQ1hb9iT:12000000000000000000:OKDOT:OKMYTH
13uqEYmb7JpXGVhboWpfpe2cp2uSRNHyS7B6NctAY5pQLqJP:12000000000000000000:OKDOT:OKMYTH
14q8ptE2HhHiLFraeXVvqjjzQQPVNwBwh9M9TtBvVhE3QyLc:12000000000000000000:OKDOT:OKMYTH
12i7PBUwmcnzCDaZcMZBU555rqjRtFCKNhPvi7vRNc7YpUhS:12000000000000000000:OKDOT:OKMYTH
16UrU2JcHbo55pesoRDQnQS8AHqfpmeeyGupQgcUnoFyUSum:12000000000000000000:OKDOT:OKMYTH
1ckqP7pcLUQ9tp9gbRk4rLfFfuoPSsdasBnewtaLv5Yv7kM:12000000000000000000:OKDOT:OKMYTH
12QPZsCBz8juRrshyHi5ZYnVPd35rW1SrVths9kmm2chSVhB:12000000000000000000:OKDOT:OKMYTH
16P2N5gJ5tJ41pLk99zKHVzYrVNT8Evv1fjMiDL5rckPwizH:12000000000000000000:OKDOT:OKMYTH
15jaz2N3jMPUnHCHfKyQyQmNBZ4LYxYyLX6aXxP844UVqi3q:12000000000000000000:OKDOT:OKMYTH
14ecvCU8sagiLn6CkhtMfSkVK7ka8J1bwjD8dHFQomjh71Jg:12000000000000000000:OKDOT:OKMYTH
16n64EhJzSxjKkuwzstZsCwbMVXkVxJzo8Dc1Rby2EDcEaay:12000000000000000000:OKDOT:OKMYTH
12JFf8ubBoHESmQnWec2x5hFeJPcuY5gWVguKF3Sq2HRJ9a3:12000000000000000000:OKDOT:OKMYTH
1hdQ9F6daaLBG8zpJwYZyaFwuN8HRLxuZPpJBvwE3sEovR6:12000000000000000000:OKDOT:OKMYTH
1386hCx1dj4xUVWSqpkUGKjAB2PYgR4SM49UDrtkx5ZksNjy:12000000000000000000:OKDOT:OKMYTH
14bfMuDNWhGELMWmBhasrXrkf7HiNzZ6wFnqBtMTrA6Fz5iP:12000000000000000000:OKDOT:OKMYTH
1C4Cxc2vzLpsVU3h8m5P4bPxPbed7UCs2ju6HxfgWPmSN97:12000000000000000000:OKDOT:OKMYTH
14L58c7ThGBeCktBFXPbSKksmN9NHH7qfLoBH6jGK59HnTgd:12000000000000000000:OKDOT:OKMYTH
1LAiuaAP7qaXzaSvZ9eUSynwyMaCHeuk5iAtYrHSzdQBmpx:12000000000000000000:OKDOT:OKMYTH
1V5NCQuGfgtNQn1CiCHZsHgBFRyjbZKpEo1mgvTb28uN5SX:12000000000000000000:OKDOT:OKMYTH
13EhELAPgSZuShjQvk7jmxe38qaV73YUGjs3mXFPFuSZDxtF:12000000000000000000:OKDOT:OKMYTH
14TxynLYMmaRweCmATNxHcDGxcedjYuCZ3ni6ziprqN72uVY:12000000000000000000:OKDOT:OKMYTH
12pxYy8so4NZFtEkYczGuGkWkPuCowiizvdEaGVemrXZKYgi:12000000000000000000:OKDOT:OKMYTH
13NCLd3foNpsv1huPDzvvfyKh37NEEkGFotZnP52CTR98YFJ:236000000000000000000:OKDOT:OKMYTH
