14wmTykQtFyThwwdZs43TewrGbEb2eSuhkvxUaTnkRgtLv2r:12000000000000000000:OKDOT:OKMYTH
156kfbMLbEKGWhmrGKuwstctSiQh5tZ8n48X4CqzqozvFoZY:12000000000000000000:OKDOT:OKMYTH
13hXhoU1m9Rem7K5VxkVTEQNfVAYCn3d6AjLQVaJta9dvVNp:12000000000000000000:OKDOT:OKMYTH
13PsjWPva2mKLk3XmLLPYRvASc3xQYFNHM2EZfFb2C9GfKpf:12000000000000000000:OKDOT:OKMYTH
15ZXFwpPnFtPmcHtnRURLvZfUye35srphQsKpu5ycr9QLUcv:12000000000000000000:OKDOT:OKMYTH
15WCxDt2eGsSBq2HFWsYgURPB6fWDep9mwqTSJb4tMAzxdUy:12000000000000000000:OKDOT:OKMYTH
13uDZNH7FLHob3jvFrti1gqs6tzywMJmYGQJge7gPuh7u7JW:12000000000000000000:OKDOT:OKMYTH
1AjqTyfj4qkMcW7RmY53qbWUpExvhZCT4h4HPbTp9Cxobod:12000000000000000000:OKDOT:OKMYTH
1v3jGmmz5iGPYyvVRUEUif25ExEE3AxrXA2dMcNDwZLZqni:12000000000000000000:OKDOT:OKMYTH
16H9GCzh5XXMMAYGFMUdDrG1QTaPTAKXvxBW6yTTbgux9uQR:12000000000000000000:OKDOT:OKMYTH
16DFyt1N4Mj9g4puBbnKtFD3erhshnH68PtAVGdWLXvD6GJn:12000000000000000000:OKDOT:OKMYTH
12mmkcN9gzPnvQGeyy39ZtM425XHuYHxezwmXSu48mxkXstQ:12000000000000000000:OKDOT:OKMYTH
12uEvTLKaJoE5rwfezdoHYtn73ngXQpGMRwzGxb8RxMEpic4:12000000000000000000:OKDOT:OKMYTH
13PUWrecwjXY415QewM7dbNeuKgn7ERpiqsVpayM35jFtaBp:12000000000000000000:OKDOT:OKMYTH
13rwuUdsSah4RmoeJu2t4EE5Ng8ai39v8KVNfSN5RGe5phth:12000000000000000000:OKDOT:OKMYTH
15kuxjAJFhnWjeK8zJQ8JVT1CjwKS76LwGwr8c8151BUbVzE:12000000000000000000:OKDOT:OKMYTH
1NggaBc3zKogmcjhaMT6JoKiV7zSZWPDmMDZJ5wTSavyFnF:12000000000000000000:OKDOT:OKMYTH
13oCJRauh1dPybyL4suq3Bj7cRk8gNTHsjuyPorbnDThfDUF:12000000000000000000:OKDOT:OKMYTH
12W941y7zAkB1cQGCMniBdndhVN1k5chMxerSVA4QNpuy6bS:12000000000000000000:OKDOT:OKMYTH
1c1NpbxNJvZTx5Ug6pjzzgkgQr5f4W7fWes25gw7bQeLktX:12000000000000000000:OKDOT:OKMYTH
162GA9mm3aSxhg69EEkAEMPAPrjV1WDmcDtF6yMCfyn8gD3j:12000000000000000000:OKDOT:OKMYTH
13DAeheaYvE7C2dGNxwWMsFQpQnUFePrkwTE6JJ5MbSyv1GV:12000000000000000000:OKDOT:OKMYTH
1fF5BPmD5ATdDD4Vp51kpoxcpyANQvRibDU6gxeHUTky1af:12000000000000000000:OKDOT:OKMYTH
12yx6oaTL1iucxezpMamvtBhZFBUTxZ4SQAvt5dbAXpa39K9:12000000000000000000:OKDOT:OKMYTH
14Si91HJN4YmyqNZy69u7XAdrjft6kbHkTQMgdeJLu1YPTER:12000000000000000000:OKDOT:OKMYTH
14tGj2HZVKH3B2zuY3CKsoLtoR5DHJXfyXLmspnLhFDJXgyC:12000000000000000000:OKDOT:OKMYTH
13JR1RjMqfKw8AasgXc1TEgFRr9mUDD4X4ZevgdXU3brJJ74:12000000000000000000:OKDOT:OKMYTH
1FwvFfAuqxp7nWHCFA6pGVF27ZGUQjHAdA1h6mnrnszobSw:12000000000000000000:OKDOT:OKMYTH
139S8JcMugAsidu6t4bEiESb9eNXD8fFVJbYAEbrwF8HcEJG:12000000000000000000:OKDOT:OKMYTH
15FJhtRTq3tFmQsgYo4zDD337KNvgZSWNtFWc7QT9q6zs7G8:12000000000000000000:OKDOT:OKMYTH
12LrWCRjtedvcCE8yTBdxJHgnmvkUfoJEGBu6Rdw6DcpDQXC:12000000000000000000:OKDOT:OKMYTH
14XJnQHsQPzYHAiqePMgkFZkHfKhXTr5xbmTorqdqDqfvgkV:12000000000000000000:OKDOT:OKMYTH
14G1MUPuxvuXLthCFGRKYKukGSPMpX62g4idM8DwrhiAWagk:12000000000000000000:OKDOT:OKMYTH
15di92EZEqGJoC7fegPwrCHsWmPT34TaoRKVqEjBw7CsLwbU:12000000000000000000:OKDOT:OKMYTH
13JpjYHQcHHc1fpMipb7dh82Hj2Zn7eynZHzpDjGXfKjoFpb:12000000000000000000:OKDOT:OKMYTH
13Uczzjr8sHs7LcyRCt3m9AcYJSm8fi7zyaiu4yDbFLfRVQL:12000000000000000000:OKDOT:OKMYTH
15VBd3aUwU8GzxC8KsrdqedaUPHT1pCv7jqQfttAG29SnBCL:12000000000000000000:OKDOT:OKMYTH
16NyHwxMteMA4PBjHapaKvGezG3t3uLKu5VmxqYYgq97Zhtz:12000000000000000000:OKDOT:OKMYTH
1W38u6YfDgABEyi2DmVk8L1i1chXroonsKV21toCJL78RbX:12000000000000000000:OKDOT:OKMYTH
14ZxruDbT2uisEtJcGy6msktbAKrgc9GoTmKskQwzNJoFLdW:12000000000000000000:OKDOT:OKMYTH
14sHpnzHBxLP8YDdnbV23cpGCQiGzDxegrALwUSMXBFVrJ9n:12000000000000000000:OKDOT:OKMYTH
12xrgTQd9mNKtCaKivg3zGZexc1rZAd5ZPo84RsQLBFV55Us:12000000000000000000:OKDOT:OKMYTH
16i4nrnCb94HueRNSw66csFMuQZMUBQczi4dnxZ7jtKoK7UD:12000000000000000000:OKDOT:OKMYTH
15y1G4SQq9yLYuq3SjNRzgNzghDVanLvWFUTY48AzEhDiCDZ:12000000000000000000:OKDOT:OKMYTH
13WxfLbzfVwtWF6PoriS5SVdcBxk6pid86PBP6fFuzof1SVS:12000000000000000000:OKDOT:OKMYTH
14YDdhkH3SZusgPeTyZ44sDiLW3F9jayxLB1si5BDkBdUWg2:12000000000000000000:OKDOT:OKMYTH
15QLYmM5jmpNyPzG1mqcP2isFMgW6spcNoDXhjHeiVTpBkdt:12000000000000000000:OKDOT:OKMYTH
1474egpqc4wD63eZsRVxEkXvipab4oxUKhf7XbF8Zf6BfeCp:12000000000000000000:OKDOT:OKMYTH
13PCZugKBcnQC5kSoEF5nPFtTKD677e1yMmyG1tdHx6Kx1Bp:12000000000000000000:OKDOT:OKMYTH
16TiAquHktXNw4E433GW4P2hFUPM5CbqJdb8k5VqhCUt8Gu2:12000000000000000000:OKDOT:OKMYTH
13LWD14US6YZwHa5DFEueQyaTbmKunANSrQmKSv4j9rZNdiX:12000000000000000000:OKDOT:OKMYTH
15FZ2TDYPudi7mxcmDyh5BFayVhdrGx9xPX4NfPDp21znEtL:12000000000000000000:OKDOT:OKMYTH
13vE7a8gakVmoGzFEqSf4EiXgaj4eJpSHt76iKHCGVh6e77t:12000000000000000000:OKDOT:OKMYTH
16GdwymP3X9MqQ6L4prvn7EFvUfwUJu5QCxytyvieZVS3ACv:12000000000000000000:OKDOT:OKMYTH
15376JghQWrsGX2Xtq6AAZ4jf3isxBXBvm7UQRJdfKZivQfi:12000000000000000000:OKDOT:OKMYTH
144jvBbP4nYpDnAsgFZRY19PVqcSrkgVHGJQ9n37S3V8mr9j:12000000000000000000:OKDOT:OKMYTH
1uXzX5Qhd6NvFzGVcxFD8NNeGDG3H1kVS337DDc7nmo5EH3:12000000000000000000:OKDOT:OKMYTH
12fu3iR1zh5h3gqkEFH8VJfcziqRjgsnLc3PAY75wzvid58o:12000000000000000000:OKDOT:OKMYTH
14M5znEcrzVS4sASXsJqNNB9jKzJYVbJbBFai1TcCHkcJYQq:12000000000000000000:OKDOT:OKMYTH
12ieeyfurVa7YzSNjAAXmdruawhH8nzBiJg2M11j1hTFv2Lx:12000000000000000000:OKDOT:OKMYTH
154Qo6wxyvgTrMnwJQg3myhGRAw9UDU3Zi9nFXkar4BdH79Y:12000000000000000000:OKDOT:OKMYTH
14qqT2beSdTez9jrA37RJMPH4HhbqFMZwrCfg2cokAoi1cof:12000000000000000000:OKDOT:OKMYTH
13jAqg3Y4TejWvTLKFdevWqM4RqET4VahsyPCUYJzDMJ7S8J:12000000000000000000:OKDOT:OKMYTH
14jRXrYA5aV1UbURqEeNksK58zRT3E68BBzZFyPvM2ncTr3v:12000000000000000000:OKDOT:OKMYTH
1BdkZkYMrrjpWkiEGLXwx42L1NPo1YEr7HgCp8mPnMDybyx:12000000000000000000:OKDOT:OKMYTH
1hb4T8fBK1BuqXpH5nG1kozNmbvXW3G85rrNA6HxpCMR1e6:12000000000000000000:OKDOT:OKMYTH
142p6EsAL6CFMLUFszbHwu2GWvqL56f21txZCan71LUHv48y:12000000000000000000:OKDOT:OKMYTH
151j67FWUjonVXsrGYRFxvAW38zB4uuR28BNzhEWDpqcAFi9:12000000000000000000:OKDOT:OKMYTH
14fR1dJmsxLFxV7EPpUKAaak4WEApumz5H6vxVKwHNq5Nm6W:12000000000000000000:OKDOT:OKMYTH
14ubsmM1B8yGj6Hk2Cp4k9seB9W115vToHveqfDS8ANKJoTC:12000000000000000000:OKDOT:OKMYTH
13XV7z24RiMbzT53Q6cpi5wVYG8JPCczbWJsa942QYjACG7B:12000000000000000000:OKDOT:OKMYTH
12TT5MmShwTQ5ua22uj6z5TvMZBkrpJNsKPd87QRNzC7fr7D:12000000000000000000:OKDOT:OKMYTH
15qh9Rd71wGvcDHucQMF522v463qzBPk25dtVqYGwkZ7yqj6:12000000000000000000:OKDOT:OKMYTH
1TPFxvqQmpch6nuonVwg69LrasfQt342GSXEpgiGjbUXhUx:12000000000000000000:OKDOT:OKMYTH
12UDDUyAaoiNj36QU1Q829SLiXqe8yWr7Lfg1DPr5gCUpBi9:12000000000000000000:OKDOT:OKMYTH
17hpq3u4bcFjbTcb9jpzCpE1kXtnL9H9RvyGshWRowMhf7J:12000000000000000000:OKDOT:OKMYTH
13opE48RcWxf2NJ6yCpes9yL3v2dwx9EdRsctEw7fJHRy9xd:12000000000000000000:OKDOT:OKMYTH
1MUSgS7qGwRET1Du2xWBDScRQuBKrq4fhHRK4Y29J8eEoUY:12000000000000000000:OKDOT:OKMYTH
16QRezqSSBRVyDFiL24SFjmVcThMjgdcU5q7tBZRE32xwp62:12000000000000000000:OKDOT:OKMYTH
15N52ha5vKghjyhLhV83ZbHD66GLgokZcgNCFJ2xzU9uU6vB:12000000000000000000:OKDOT:OKMYTH
14UaAmuXRQMr28ttEx2nUfqH5sF2t5badp73iFjj18cTjGQH:12000000000000000000:OKDOT:OKMYTH
16AZJpEtxCv3ay234FJ1azS3PtKuf21ksPX2iXTEFLxvaFrP:12000000000000000000:OKDOT:OKMYTH
1fUYfj6eq6tfC9Qr6hC6zUoh5XFCuyZH4RJkTJZZQmhGGhm:12000000000000000000:OKDOT:OKMYTH
15TrHhJ9QrXTx6bNhmdUJnQyFjREVPgyoP5W76E8PRUjDWBE:12000000000000000000:OKDOT:OKMYTH
16UhBcSZjJ4iXcXzQAuv8aLqEPYFafQzSs6DoBsGTHGPpNdr:12000000000000000000:OKDOT:OKMYTH
1iHkAUfG9oS2LYRtXD9RR5UERgqASbh2zhdsNpubTXx8dru:12000000000000000000:OKDOT:OKMYTH
13tjsBJaa3Q9V2KndBSk3z3Ma1QAdBfxpWTLEuLkRVkr6vYv:12000000000000000000:OKDOT:OKMYTH
1qS2tN6GkGtE44Q4iq95UbgY4mr5rRZ93Ri7e79emigX7Ud:12000000000000000000:OKDOT:OKMYTH
16AwmAEdzGLBLFrhz79DyKJUbUXQ51qpfDvJGmJ3c7efjMC2:12000000000000000000:OKDOT:OKMYTH
15UNawS41S4XtarAoDuC6MCaFvj2thUYMPmgdQ1NYGu3qhJn:12000000000000000000:OKDOT:OKMYTH
1mcVAMx5wvjTzGqcUKYpi36kW2W2cR6ZGAJfDjA8q8fPErZ:12000000000000000000:OKDOT:OKMYTH
1aJXRhTwtZpSCt27Cqeiei54A1Jtwn2ipmxFmjgsDEqHwEb:12000000000000000000:OKDOT:OKMYTH
16ccAbFVV7Bs45N6z7RDqZWd2FstFssuza2b29fEaUV3o7R3:12000000000000000000:OKDOT:OKMYTH
1122YX4pbk6wjWBFJhx1xY5hrMnHXiHhTYdQGSFA7dTaNzQB:12000000000000000000:OKDOT:OKMYTH
15QuTGnwjUv6VkDHE55zQUzucY34f1MgLsVp2ezVH7YisaJW:12000000000000000000:OKDOT:OKMYTH
15t5Ud8P2hmethNPe8UCxGShzxbq4JgCj6NM1P1SfxLjcmRo:12000000000000000000:OKDOT:OKMYTH
128jAk9ySFybR9Zy87kwN4qDKwvzvRpAt8uUGrG4tRqp8fAc:12000000000000000000:OKDOT:OKMYTH
167tFtXeH6fuPChwFZmpZhBoRJb4b7uzNEZd5v7HeazxgJgv:12000000000000000000:OKDOT:OKMYTH
15r4UBwAqYvREiopeQKmzivXadoFjUnMwbddqhSKZnB2dLhx:12000000000000000000:OKDOT:OKMYTH
12oEaABNp916jqHpsG8PukpMfF6LTnLYcdLMgv36ukaUaCFT:12000000000000000000:OKDOT:OKMYTH
15YHCWiSAR1e5YbDDzUNtCZ94UgjUkBdzUjjhAHVCEAqxrf8:12000000000000000000:OKDOT:OKMYTH
15vZdiSWjPQJTKzuCn7K16npsHeR4hNs5NWTcNaA9NRyG4HJ:12000000000000000000:OKDOT:OKMYTH
13z9G6NSsy8bo6Xz6vA41vV18fkqdMHzQrrZV8xGZDfRqKtm:12000000000000000000:OKDOT:OKMYTH
14SVWiMDP7uZDHpo13672s13baB7yEQEpWVLQEzVkWkjB7LY:12000000000000000000:OKDOT:OKMYTH
16bgnaAyT8JJ5UU2ftix7iCNMsQU1x25ntz4Uq7TNTwvPfQs:12000000000000000000:OKDOT:OKMYTH
13CCc8MXBfvvJ3omzXU3ioVfuG4xCyE5Tjgxzz9mHxn2Zrz6:12000000000000000000:OKDOT:OKMYTH
16F9dHXuvGTa1abqxQMvMdcUiNj2icef1evZLvZ5kq7rfsyz:12000000000000000000:OKDOT:OKMYTH
12v2DW9MzSj3kYhcKV4xgxBD9Z1RHsJHUA5F1jHMALnBmG1F:12000000000000000000:OKDOT:OKMYTH
14SM9EX42n3g8g6gccMxvFRFtMn8toHHW21PkGSzzWzwqimJ:12000000000000000000:OKDOT:OKMYTH
14zrbNDPzREv6w1CBGxQRn772SkpGje7EVGUkCKZGyhK42MW:12000000000000000000:OKDOT:OKMYTH
12QDGoyq3zWWFBawsKTEw8TcJe26CDBz1k38B1TAaQdi4ce6:12000000000000000000:OKDOT:OKMYTH
16891SZ6Zpy3MBFTiWqk96MAv5NmbsNiKXbVMyUeb1GtjXdb:12000000000000000000:OKDOT:OKMYTH
16CvbP16SswqVq1A5pxsssxMKgpFf1YZuCcai8wV8Ms14NJJ:12000000000000000000:OKDOT:OKMYTH
15p23LU44H3WbWj6DaLnNBMJg6DoDBow4UaMQLksMHYugZ9L:12000000000000000000:OKDOT:OKMYTH
16UcNcZ159RN8Ty4h89KBc8RtxPR6M9nm5YnePqTMn6mHeJx:12000000000000000000:OKDOT:OKMYTH
15j6MnfcME2GGt6jVchM7FCX16RQdwgaDYbKFsxzn7UHDT5T:12000000000000000000:OKDOT:OKMYTH
13JRkpndZWP1AMMv2Fe3cejYwuitV1qXo1fC4W9YtstVgvfC:12000000000000000000:OKDOT:OKMYTH
1225wgYv6Q6pJTgbVibSRZH1YuSkqgCfw2saxxAmAmu2LhFx:12000000000000000000:OKDOT:OKMYTH
132bGBEnLeUNBKQ5RuuE3zFj77UZ7hDdnm1aVeeMzrXkBAn4:12000000000000000000:OKDOT:OKMYTH
13EHcbeR2yLzYfWKHAPgCZnFrK2qGCfgYSpatMxD4G8q6EgY:12000000000000000000:OKDOT:OKMYTH
1LbaYBZ2m395zcqySu4Q2LKUAYbAM6PvnjpHUbLhZq56iqG:12000000000000000000:OKDOT:OKMYTH
16S3gnZmKYVoeXUcNX9ez4jRNNGqRgQ4yqPVDTo96CpkdG4w:12000000000000000000:OKDOT:OKMYTH
151o686HSSj9gt35igouFqLYNCqwcSGUnSSmwvWvjgPBanxX:12000000000000000000:OKDOT:OKMYTH
16i5Lp2zsjdt6YXt9kBcyacYtTpTxaSyngKTYTqC9vwmrih:12000000000000000000:OKDOT:OKMYTH
15jzKJhPfMwXFAKUBpGdphpYWxpXG76bAv7B5LfFs9aPBJ7:12000000000000000000:OKDOT:OKMYTH
153SbCV5ds2aHXMFJWCFzsSRuMjQyXknJaE14iS8H9JzpSYP:12000000000000000000:OKDOT:OKMYTH
164ySHDGcPmF7K6SYDsgFgYuddTK3uprKzzmAiaMrnkNWoQu:12000000000000000000:OKDOT:OKMYTH
15sDH5t25HpvXVBQwjvqu8agdmL2d4P9GpTZYQk18CE5BxgK:12000000000000000000:OKDOT:OKMYTH
13AMYeya172rthMuafTViyTZtL2GEyYeoMQLmVFzDPnZ8smM:12000000000000000000:OKDOT:OKMYTH
14dx2WCrGmZg7FB4RqCzAtBxxtemnh9S8zYuZ13c8mgidcVb:12000000000000000000:OKDOT:OKMYTH
13w75NgpxpSMrd4FS1eddg78JUye7cSs4KzGxuAkZuaXHM4s:12000000000000000000:OKDOT:OKMYTH
13g5ZPVwydfRTzXDKzyTVuqnAQGESg5SgXrpP1bb3X95NdyL:12000000000000000000:OKDOT:OKMYTH
12huNLcGiaFH5bfG9ZpPkzCTKnmVoY7Gz17f2jjqmAGkFfnE:12000000000000000000:OKDOT:OKMYTH
13RHYEqgjgZ5r6iACuxFzatQQD2drfb52kEniJHjzQUbMN3r:12000000000000000000:OKDOT:OKMYTH
16EA1NAWX6epMpqFwysfsK2yMAkFANpxRTDGiJ2aCMPpCrAW:12000000000000000000:OKDOT:OKMYTH
14PnHvbMSwxDjDmwq1EYiDhVBfzEYGEtvaQGGcH9tosNoZsC:12000000000000000000:OKDOT:OKMYTH
13in321FjZHz4x8vfQxBW4HrMVR5YAR2S3252ENNjqubLoHH:12000000000000000000:OKDOT:OKMYTH
15EHTnhQRkqfTkdudH1dUtaxfyzUsho7iv5hzC5t7W2ghQPR:12000000000000000000:OKDOT:OKMYTH
14zPwbvxGY9i8wpS6w6kxBs5GFZB3oxPfr4NLtSYovcAxnY2:12000000000000000000:OKDOT:OKMYTH
14LYm9JNcgzRx43dKiiMeAGDqvaBzAw4KDxh6NW5cPhuSkdG:12000000000000000000:OKDOT:OKMYTH
12TESQy9AHqFtQn8o1zr2xzausNcQaYhsuN9DZ23tSSm8bNh:12000000000000000000:OKDOT:OKMYTH
15xhoTVLGQHaro9jcyZHFEdURvPBf63Q8sRZuHDVtBmwCzLx:12000000000000000000:OKDOT:OKMYTH
14FZmgXSRPXiMmtiyYySUhpSoADSb6pyJYxQtDBsMZNW5NRA:12000000000000000000:OKDOT:OKMYTH
123GYT2ocy5fqFkmxVxZQ4hAjdtGb9qRyMPsuaQmTCrHYN1v:12000000000000000000:OKDOT:OKMYTH
139KRcu66BXpCpvwJpz24q7XZ42zvdjPWjfAGFjY8pxPaaQE:12000000000000000000:OKDOT:OKMYTH
16T96777ewLz1tC4fJ3FfCyFqdi9p9dCeMcwb3Y13UmFtcVS:12000000000000000000:OKDOT:OKMYTH
12mj5fk8j83z66WsrKSfHQUHXCoPj9f6gGkfSqi1EmyXuLJY:12000000000000000000:OKDOT:OKMYTH
12BvP8xYcWNVJnWNg9pXd9XmJpBkBqx5MAuzJ4dKpSV1DCYp:12000000000000000000:OKDOT:OKMYTH
1yhk1fNwhUY6hV98gAqb8cnojbM6jCfp5RYzwS7rfXeFSfN:12000000000000000000:OKDOT:OKMYTH
12ANsduPBSF4RBRBqNHRGCA4BpEJhRVpaWWz7ZxuZak1ZJH3:12000000000000000000:OKDOT:OKMYTH
12u4CqCJsRF7C85CzfhC8hy8eb1AvmtyHJWCtcEZAD6m62dA:12000000000000000000:OKDOT:OKMYTH
13ySSHnW7XE3itJv8zTbXzArkC5QFjXEt93RQ5MQK9juP7PD:12000000000000000000:OKDOT:OKMYTH
16JnbPnRmPybzM6Qq3JVY8WHHyGh2czHroCDKBYA9t566z2Q:12000000000000000000:OKDOT:OKMYTH
1yErwT3cnQnADywao88PdCUJR48W93GSXFuE3APug4PiezL:12000000000000000000:OKDOT:OKMYTH
1615jWCNBFdEd77GJq7jAaMbZUBoq41ZFu9zufonmPiRviK9:12000000000000000000:OKDOT:OKMYTH
15Born8V2Gjh1DXR9CjeFCr73Z7DCXcEivEmizHeswap6YeV:12000000000000000000:OKDOT:OKMYTH
15GqNQJpZ6aWJDtoiEUCPF3PCw1Eo46bUxhCPbUVnLiYXR3A:12000000000000000000:OKDOT:OKMYTH
13RzTVV5fkdQYtUko73itNVeQNm9dJWmDa4SHyUQEQa6nHtJ:12000000000000000000:OKDOT:OKMYTH
13DzBcoZj536P7poxKSRdQBywY2KqGJML2mJEoT76dYxNQvQ:12000000000000000000:OKDOT:OKMYTH
16bjD6ikeJP8Et6rRs6NNRMHxSquDZsRKuX16uqZ88jR6WGT:12000000000000000000:OKDOT:OKMYTH
14LSWmsFHJqTx34G2Q7P1y52JoC6jNnPrY6h6CuhLpT92KBU:12000000000000000000:OKDOT:OKMYTH
16hCRviBipGSyNvQR4KSmMmBaa4GdVS461wbT8JzcACCXMVf:12000000000000000000:OKDOT:OKMYTH
14ygTwZ6PVq3jH48heiuph3og8xHxZLDMER4Q7RWHkUfFdCk:12000000000000000000:OKDOT:OKMYTH
152nRoG3RrANdizat8pGoPvLsvpWq2g3KXKisXKYyrnjewkd:12000000000000000000:OKDOT:OKMYTH
14ZsLgu2kBmpmfrPCFBpu9bo5hyC3K9LLAe3RHDY6EEceUjM:12000000000000000000:OKDOT:OKMYTH
1mMNwaQNMCZGryGkNxKBvfw646gTAEeAcVD9cCFqHr8pCkQ:12000000000000000000:OKDOT:OKMYTH
15PCevqpCB1bRYjwktXoE1bZ6buBf5acZ1bS9QegDJNsXzcT:12000000000000000000:OKDOT:OKMYTH
153SgqoaQQVoSVaDP7FSJozUy6h7T3xGnRRaS4trd5pBg9Wn:12000000000000000000:OKDOT:OKMYTH
12Nnu9CNNaehLgf4sqwHGKAkhhm9cUFriFkjridxgkzyja4a:12000000000000000000:OKDOT:OKMYTH
15VZgLyEFktVJ9M4F6oHyHRjitrw4HkW7rGU6aKSyZJcpGdo:12000000000000000000:OKDOT:OKMYTH
158SMj1MM4EUBoTbKuoktm3VEnmc8zXV37Q48H7YAEjTqEUQ:12000000000000000000:OKDOT:OKMYTH
1DfZEdRnv8RqorbpR8se6YwB6NQ8yA7TjGjtpn7LFVdjbz2:12000000000000000000:OKDOT:OKMYTH
1sfkrBTeGfKophC29o2ZyMWfewZLF9AGSVQr3a7JPS21HGK:12000000000000000000:OKDOT:OKMYTH
13ZmNoSFLmqmG6ugmf7vYp5QK7fMxQuC7uqfkhMLhK9iWFmg:12000000000000000000:OKDOT:OKMYTH
1tksGLBzURVAiUeB8YzDdBiWt6n45ZsihSAjmH4fN1qQw5u:12000000000000000000:OKDOT:OKMYTH
15wH34d7GehZh19iNcunsothJjoRs3pdf6jJwaQodFJuT5F5:12000000000000000000:OKDOT:OKMYTH
15xheuNtWyRS5L2ne2ZnC5trEXosgR7F7uZZDtYAZhV9hw3V:12000000000000000000:OKDOT:OKMYTH
1MMNiXeTtp9KzirsktXF3gp74bH564k78J1qm2cJ4iiFCQp:12000000000000000000:OKDOT:OKMYTH
15ehFMzXgvsiQn1rEUVvVfC7S51nn7Ka7fWN7WC87n3NDQYe:12000000000000000000:OKDOT:OKMYTH
12uKWebSMaYJQoXYagowRhFBQDSa9rjZrWcu6FhKFy4JaZnT:12000000000000000000:OKDOT:OKMYTH
1zm5FoWFJ3947fmDmLs31VcmUPdJqBGNWJ7bjYgxddCLf5g:12000000000000000000:OKDOT:OKMYTH
14SAZE8kPqXpv1K2joiQLTSoG6FpRpZcnGPVaypbaBpWJS6m:12000000000000000000:OKDOT:OKMYTH
1pZZc2FZqS1USSTHNTkTwJBsKn68joL5Qj1twcrLYBk24hM:12000000000000000000:OKDOT:OKMYTH
14bvkHGxBNZaWGEKAm1FfiAY38V2CTgSKJUJWd6NB4Vx4CV5:12000000000000000000:OKDOT:OKMYTH
12UsgBa3HadYEDJxAr8tjRKoEUhfFnBa5QZMwJy2gSMoLVv4:12000000000000000000:OKDOT:OKMYTH
12VN7pcMkmzKQXrH6zTaRu2Z2ZAmCXk9YzKxkrzzHAMuYmLD:12000000000000000000:OKDOT:OKMYTH
13kXxfiDQN1hT6sT4KcthGtxdCwoGm8xz658fSQ4tydPJSV6:12000000000000000000:OKDOT:OKMYTH
1t1TyrLYkyteaA925ZiqW4pHbJsUqNLSkp6itVvnmVezx7d:12000000000000000000:OKDOT:OKMYTH
14Ku2fAm8B6tfwgBKvkQq9u3Giw1iTcg2fzDzcir4f1xgZzm:12000000000000000000:OKDOT:OKMYTH
14NYRRdSoLANaENbcuKY3A3rwgjcZ65WtEM8Ua4KSZf4T4Yc:12000000000000000000:OKDOT:OKMYTH
14VhFQr9uNAgPE5CY3rDyyiWBDi6kDC2tEWJUbEjyuBM9gcY:12000000000000000000:OKDOT:OKMYTH
1yHPjmrNBkoXjJLVmdVhSs4m5oTfryj7obG2ccLdeLM7w75:12000000000000000000:OKDOT:OKMYTH
15PCMELwCDZwr4pjP3JKGdUZi1EkqXwP9Dx1zs3Ta8V4C6dT:12000000000000000000:OKDOT:OKMYTH
1AZs5AHBLvCwCoVAVekbwZVV52DKMZTBXGWMpQxn9b9u18u:12000000000000000000:OKDOT:OKMYTH
14xEmVwkMnNtNq8qinBTFDsfTxdRV7bsJcozRNEAcZJfqxDv:12000000000000000000:OKDOT:OKMYTH
1s4vNz9CovphNx2n7yxBm5RYj3S9pqTrqz6buqjfQtqCsFy:12000000000000000000:OKDOT:OKMYTH
14U9E3PwDZkwEFnWUXJJBYRaHCmPHeYYc6xw2g91DBFovkS5:12000000000000000000:OKDOT:OKMYTH
12mFNN43nQ48GCFEeLrCnnB1CGqD8k8zTyMd5AJDkdTdtDZG:12000000000000000000:OKDOT:OKMYTH
1KEJEztBzHNL79dvP7AyqGR6WWLTr2zXx1vevShYxzGYg6S:12000000000000000000:OKDOT:OKMYTH
14HJ8PZCKFx9MNJfUK5GjMJkvDGxmfm1RwSpnCpTSp8Gn388:12000000000000000000:OKDOT:OKMYTH
167XXdQYdz8JjEPhUPhvaUTQauaooRruJFm1rHXFbyhQry3c:12000000000000000000:OKDOT:OKMYTH
13axGHdyufPM7frnrNqj5VazqbwVEqnTFB63JUH5oPJEvRz8:12000000000000000000:OKDOT:OKMYTH
14DkoR8wg9SnKV6yBmrGxScE5JfgnqtDxXSvpVRzFN6QEe9m:12000000000000000000:OKDOT:OKMYTH
12wnXZPCH4ezU7cKzLjshVgkWfmx1bgKY9xv7yjD76kBHquo:12000000000000000000:OKDOT:OKMYTH
16f2zty1gGQgvBYhZYZuQXMVS33wccMHSbDZ3BXLnDfE5wqE:12000000000000000000:OKDOT:OKMYTH
1sHijgKYD7xbTuLrreTJrWyKUJSk49YtdFZbsx2wiTPQsvE:12000000000000000000:OKDOT:OKMYTH
135LdXArRoQpnf57QwPcs9F5uQmiiCvkaaq9ziwqrwT55AzD:12000000000000000000:OKDOT:OKMYTH
167VLgXHt6DcZ7xS5KyYTJvwpujLSdhTNv2hjCxeV9Zu4guX:12000000000000000000:OKDOT:OKMYTH
16EnPEm9EjQqBftoT5m6N73oQBcJm5Bbewq4Say4WrxKxL5y:12000000000000000000:OKDOT:OKMYTH
1U14tng7N4G1pLNuuv6EAHHESifkqMyirURN8sB6fVgqv8H:12000000000000000000:OKDOT:OKMYTH
15yLspMjWnRstb55xbbnrkypcdLUwXSJJTG5JjGhN3GCH2iW:12000000000000000000:OKDOT:OKMYTH
14ea6jVK3Bb5RVfRABT7n2iYG1jADEmB351ZvambQXkf4exQ:12000000000000000000:OKDOT:OKMYTH
16GKwzfQ3rhVJsScoRmW94sTfHUKpR3Nm7T6gvRZQasGmrNA:12000000000000000000:OKDOT:OKMYTH
14rSy1eaVDLQ2EBLcGunGZ6mopfy4LiqKfdmTcrZhJbz9bH7:12000000000000000000:OKDOT:OKMYTH
14SJfq6MBwNbRRoepeCftHj7QMmuzebCpTarKxwrkMbD6YFm:12000000000000000000:OKDOT:OKMYTH
11rkMWChKLdcr86Zdn8WvQab7noea9FvJEAAciJ9X1oHbmD:12000000000000000000:OKDOT:OKMYTH
153ZshbwSxq27Rizoz4QcpVba8cNxqkF5xmhGq8knJFuChL1:12000000000000000000:OKDOT:OKMYTH
14dTAXVGajs8tmDbjE4vhJ3Fcmkv7qrcr6MiUGZxbPY2UuV3:12000000000000000000:OKDOT:OKMYTH
1SSHmmeweV21A8gRXYiysXga9S8kp93S41pHe9GJVgtuJoh:12000000000000000000:OKDOT:OKMYTH
14XoNmYA6i2nj6ymZj5iKKo4Gqx9fYeGiFbpBxwKjmNvtrcT:12000000000000000000:OKDOT:OKMYTH
14HwXHjmNRWaduKzXtLz1E3fn93hP9FNNqbidxBwuVtKZyjt:12000000000000000000:OKDOT:OKMYTH
13sqgCjcqZSAZ4f7ADEjs7dXV3ozT2St2SuiAHNg7QcSjpZE:12000000000000000000:OKDOT:OKMYTH
149Pj2h7Csr7QDCTxKsbb2WDTexRX2dW3Cu97GDJyLUU5GYF:12000000000000000000:OKDOT:OKMYTH
13nJk72GQfare3gJiCugm5ZnA6thscv32hAJzYPdAAsWYbpe:12000000000000000000:OKDOT:OKMYTH
1C7oorEMTgzBVCZcC6y18LpM2ErJ3sEWAFxNGu21o43i4Vk:12000000000000000000:OKDOT:OKMYTH
1oB2KukCGamgynbkVLZMkPMg1yFkTjaSJqFEN2RhEJpX5KJ:12000000000000000000:OKDOT:OKMYTH
17WDJ8prCua2fgnU95QbRg4vRmfaP5g2p99ftQyfrhycSCu:12000000000000000000:OKDOT:OKMYTH
1KT53FYq7hoiMnuBmo37SB9YvmsyVquvYsrfhGsTphycMNp:12000000000000000000:OKDOT:OKMYTH
1n6VZ7CwnRJpUYwE56ciKhvSQe4fLkmKN5KRoUVqPpy9SMD:12000000000000000000:OKDOT:OKMYTH
121TLQ6tJhi57LPDWCyZxTMt8LrhgUt75b9EuFtKvHQnRf1u:12000000000000000000:OKDOT:OKMYTH
14MGnicKSmTdwHS3avdbXvyDq1FfQypDGEwzrFzfonMBUPNz:12000000000000000000:OKDOT:OKMYTH
15ZcZThtev1Q1VCtcKhnoPTkJrmKEfMfGGUptB6bbfVzNoXa:12000000000000000000:OKDOT:OKMYTH
145eDTxpQXWvzGcHjZdKJNG93qWJNPbXBTA923pQMiznUK96:12000000000000000000:OKDOT:OKMYTH
14K9YvjfV7YMEhx9gLfUXXm8DQizJwZbiKPpxy94ZSd731MY:12000000000000000000:OKDOT:OKMYTH
12fcM21RbtCwMdpNBjG9M99WNuWsC6Nu4Gdwr7dD9dci1Y9z:12000000000000000000:OKDOT:OKMYTH
11yh1MZaf38BD9PvYiQH2zGZtQb3i3oVpPSi6LAtojNvAqo:12000000000000000000:OKDOT:OKMYTH
14MKP5KnTYNkCpsfo7vAF2R1EgTNKvLdbih8Yv4yEU51ttZu:12000000000000000000:OKDOT:OKMYTH
1hhoLWwnEhiexh91naY9gRq9H5EhnT2eMrq879opWXvsxj2:12000000000000000000:OKDOT:OKMYTH
14cpNChteeFPERviNPGWTNXb8gor2yt7S68ghhnSWaetKSVj:12000000000000000000:OKDOT:OKMYTH
1AeDSznJJiMGMD1eNLaAPXRuqsTYgFAqmtcuX42WT7gFfUw:12000000000000000000:OKDOT:OKMYTH
126hANUNuDryCcECQpUfL8gpjTD1gsWQYPTzwEErPnaXsxJC:12000000000000000000:OKDOT:OKMYTH
1H1TYLtAXfM8MaGYfiGjw3oDpKVGXM7bm77582Gf75uem4V:12000000000000000000:OKDOT:OKMYTH
1gq7Ua71hvUKhRPnUX2nGJr7efNN2PR7oo8zYcVCjiQ17Xh:12000000000000000000:OKDOT:OKMYTH
16ZmYXzwoUEeEzR9Txc21rSKq8Mk7RYULS1Pivda5yLNHd9h:12000000000000000000:OKDOT:OKMYTH
12ymU9QmT18qk1Rp5jJkCRUdd55DTf86A7MBWrWA6iULGpg2:12000000000000000000:OKDOT:OKMYTH
14Vq4kysGZWPVT8aS5uywnEPd8hQdsTintHudPD8XZWnkkaT:12000000000000000000:OKDOT:OKMYTH
13nwksk9rDwFpWavxjHQpUgLXkNTTXYsRd3ywhxv8NTrATwD:12000000000000000000:OKDOT:OKMYTH
12R4kPVGjT9uNTm9vFSV5BGnCLVgrm3ZYQEvDcLwEjWZuirE:12000000000000000000:OKDOT:OKMYTH
13xG5QVuEg16XbP7wt3GBjdeFmxwpzjS3nT8CbrZTdwADjGS:12000000000000000000:OKDOT:OKMYTH
14ucd628bEh8n1tTkVoGgxCiPTrTCp6F3J6RRfnkyZmgS46t:12000000000000000000:OKDOT:OKMYTH
15YRvJSFSCVcPRrUkSJFM3sWotdE5powC1YrvhzmpEUkxr1Y:12000000000000000000:OKDOT:OKMYTH
158Q2ZVuNBfR8uJFHkuQ2ygov4QAbfUSxyzVkizyLj3xfJTc:12000000000000000000:OKDOT:OKMYTH
12FqdkZibWd5v58R6hH6Pvev9PsMakWTgdZPqerNzYR2SSvU:12000000000000000000:OKDOT:OKMYTH
13rDUpoovRbDdh4swSAp3qYLT3PELAjCHNFRPyfrLtjAtbvc:12000000000000000000:OKDOT:OKMYTH
14K9a6CkoiivPbLTqJaMwCwNaxhCY8vzjCzuP739kfEWid3T:12000000000000000000:OKDOT:OKMYTH
14BRrLUcVhvz6B2Z8WEXABCpdMmv8GBDZmBSTvdiKUWjoeJT:12000000000000000000:OKDOT:OKMYTH
14yjGj8CXnFg4Wrxoi1eDHgxf5m9bv3DaiiWuX3UYZjtAVqq:12000000000000000000:OKDOT:OKMYTH
15NEiW7qfgyNG35T9RFDafUgjcqM4DQWQko2Jq65uZc9NiYB:12000000000000000000:OKDOT:OKMYTH
16mY16y5YzDH6Yh5hyLMgKvKVUENmyP8zVo4UGN73RrMxqmE:12000000000000000000:OKDOT:OKMYTH
1HpD7SmQmUAwgn8uz1i3NnygUvmJ4228cH1dngdeZGSE5D6:12000000000000000000:OKDOT:OKMYTH
15enHNqYvzXPWxWHPF8Ug7tdGW3TY4NN9g1Aaz3D9czuBrp:12000000000000000000:OKDOT:OKMYTH
13STryRomrX6cKequX5pEeu1L7WmpsbBxJbHBZAqMN2WRoyd:12000000000000000000:OKDOT:OKMYTH
14sqyCyXTRmvS4Hue2D7Q8iW9roPZdN4eb4V6DyZozkhapxn:12000000000000000000:OKDOT:OKMYTH
16W2GkHpZpe7GaH36VDDZnt5yQQt7uQo5crcwjxNHFPY4ScP:12000000000000000000:OKDOT:OKMYTH
19RcChTpTjeGuATs2KjLEHSaruqxmevCgiutuxkLHZ5Uomk:12000000000000000000:OKDOT:OKMYTH
1Y9DbC2oGKakuGGxVx34EW9P7oACGTS4tTq5y9oafhWHrKN:12000000000000000000:OKDOT:OKMYTH
13JrLrZQqZHAy95SmsjZTsqiqYY8bi2XziSC555LRjJHM2ya:12000000000000000000:OKDOT:OKMYTH
1h569EmsXFK8JRsVDZHmb61KHWV1QjeggEq7s9ZA7xDwwek:12000000000000000000:OKDOT:OKMYTH
1tRheoBJFYysyHtdWoFW1ZeSEVb4dqBpNsnV19kDUDJeZM5:12000000000000000000:OKDOT:OKMYTH
13gwVkaNu16QERpbVHHf77A13bdEd9zqpUsYuze3BYUNf36R:12000000000000000000:OKDOT:OKMYTH
15ipCzHsysrCEbrQwqmAXhoJET3Uu6n7FAedqGaoL4XRDBL2:12000000000000000000:OKDOT:OKMYTH
138bA777KwmUuzDppDTKdzJRH8xeqRyZSeDHB1HDBeiGZ4HS:12000000000000000000:OKDOT:OKMYTH
15T6yXwUcznnDMTbxdnHMj6h9pebNcuTWXkF2AgD5F7x6oES:12000000000000000000:OKDOT:OKMYTH
16KvQCgVWhxaki7hjEP4VEu97wo6y7BPdmajWKEagrzd1T9P:12000000000000000000:OKDOT:OKMYTH
15PTpPFTnPzGXZqNxwxiCaDoUqkeNMLa9wjw9rHtDKbZmN2b:12000000000000000000:OKDOT:OKMYTH
12FWNCetTMPVpzgdCKiyzVa1q7ubpjkyXRX2XkxMptmTrmW4:12000000000000000000:OKDOT:OKMYTH
16HHdLRgxYy2HcJLDHAGwjDWxGL3bzEBoNMroFyyorYaUSBu:12000000000000000000:OKDOT:OKMYTH
1WngwYTy162KU63w2tGCwB4Emet7GG7zVtk9auCHDcGUYCV:12000000000000000000:OKDOT:OKMYTH
15gcD9s3upmYQc9ofsvwuv5iBaQSRrSDzUuntsQewLpiBNqp:12000000000000000000:OKDOT:OKMYTH
14YpVqmvBD3WFF1NYGbtZ1vBEagVC37ZdAnEW5UG5bmLBT7A:12000000000000000000:OKDOT:OKMYTH
12eUVjjCkwU3yHA6jLqehWozjRBwqw4VHEtHLccQeAN72gjm:12000000000000000000:OKDOT:OKMYTH
15JQ1GCsi4KBLeGV1Za8f5M8SBRpdLzGbRFUgn9VJmuS1Fwf:12000000000000000000:OKDOT:OKMYTH
15Jr6E3ymL4EKzfGrEsyk9ZoozhTy9Su5VZ7SWz5jor2Nkf5:12000000000000000000:OKDOT:OKMYTH
16EXFbjgaQi6PybkV54PZfcukvXqQnoKRjD2ALakMGz1ikga:12000000000000000000:OKDOT:OKMYTH
13UqUnn2rq8RWmvnn5Vs1S7napivyocmL1Y6D8MWfSFvYPTq:12000000000000000000:OKDOT:OKMYTH
131oCaLdjARQEo3q5WBo8iLfVX1x9RmC7Gzc5nhkkBhibW1:12000000000000000000:OKDOT:OKMYTH
179HLwHLn4kcbiZzW2eLPfmdo2KDgwiieFaK64887W7n17L:12000000000000000000:OKDOT:OKMYTH
15Pt2VkFjJ9P18HiCbGsjbSoz4xKaS6QRvPUgnvQdBBPwkEn:12000000000000000000:OKDOT:OKMYTH
18or7w9RwuSZvVqthtpTKjnRcRVccSP8Rw3VJ1GKLCSpbfe:12000000000000000000:OKDOT:OKMYTH
14VnsaWREHoGrMvbgNvmxbvxTkfAgxzGF1N9w5zXY9fXsshB:12000000000000000000:OKDOT:OKMYTH
12YJuDZ3J198wvcurCvQ19VmUTiaBqEboGChotzHhQdMLXkt:12000000000000000000:OKDOT:OKMYTH
15iH4PZH2BUtc8mWSY8Css5SddbJYiW191VVj9WRn2kxN4wF:12000000000000000000:OKDOT:OKMYTH
1u1BMGM5f8gCh1tNDPapgBAZ9qJeDP6CoQYspyMrdAjpuRD:12000000000000000000:OKDOT:OKMYTH
1o7oNK88EH6ayNVAbeVwLqR7ZvSSgxRNx6RKNFLXhwv7CKb:12000000000000000000:OKDOT:OKMYTH
1yY5AR8ThTFkfE2epgr9vXJ8HEcBSNJpnx9zcxAQrmeDmzg:12000000000000000000:OKDOT:OKMYTH
133zhwcDiuGTnRF7gbAsxh2G8n7uxVwwiNysgksT97wkfbia:12000000000000000000:OKDOT:OKMYTH
16FtQM74KHt21PZkZhf1iTM1xvDaAqm5H6Dqrrif5zmjMJoY:12000000000000000000:OKDOT:OKMYTH
13JDmq4sYkJZP9WCSoJXoWJjPvi8F9hiqG2xQ3d4qLNu2ZNN:12000000000000000000:OKDOT:OKMYTH
15BZTpQmDezpWfDfzgXomN8oozzH7WhisCnsnLyYCoXaH1dj:12000000000000000000:OKDOT:OKMYTH
13EDNMeWBmyP7pCKFPgpSXYKH7Wi7Xn4J2DTdsFi4SKWs16k:12000000000000000000:OKDOT:OKMYTH
161wu4C5Ui4MypbkogrFyKtRh2q95F99hQ7z1tkf5dBEwLMN:12000000000000000000:OKDOT:OKMYTH
13ZMKKvLYBvbpHoMQwfEnRygU7HVmzPLCfN3zASu88M2uzD5:12000000000000000000:OKDOT:OKMYTH
1226ZUDRmHY1YmGKXuqqezWiUTA1qBbebTxWwrsZQaJjjHS9:12000000000000000000:OKDOT:OKMYTH
12NLWw9aZXRsrrztctkTvjhJmcVi6inSSNgQTpAkCwz76M4Y:12000000000000000000:OKDOT:OKMYTH
15yYdvfv4ufZgzEGXCjuhaDs7qu4LWxTg4Jjd6PXwSs98wZp:12000000000000000000:OKDOT:OKMYTH
165JJpRaANN3bzeivkHqGXyppRe5SV7DEEGCkway59cRuNgn:12000000000000000000:OKDOT:OKMYTH
16ku7ex2M4CRomTS6RV47unMqhiseegfetrQT2f7gRAZy2JB:12000000000000000000:OKDOT:OKMYTH
1pvuaSNFt31NxsFEpevvT1D9sF4fTKdWf4eevHfSSJz6dpX:12000000000000000000:OKDOT:OKMYTH
1367P5iiq2qiNBYHutLBsGjnG7ASZgnN8zYtyWPR5h9baaX5:12000000000000000000:OKDOT:OKMYTH
16drEYt7krG5zFALRL4ELme19HbbrjXQgq5q6gDa9wNpcZEC:12000000000000000000:OKDOT:OKMYTH
16KffUgA56F8YgpvHhCoAgNUoc5iL2DQvWw4th2uezuU2Sek:12000000000000000000:OKDOT:OKMYTH
16kXALin8HiZdRw9U28DUwmW5bjZrH3W2tCeUP62v5WzeHzr:12000000000000000000:OKDOT:OKMYTH
15DiQUiJEwgJxJhmBVxpVDbmp9NAhpcVX1hVtAZdYU3fGTw9:12000000000000000000:OKDOT:OKMYTH
162QUKvkNvEyYfx77fjaPErANsc6nCKpe4SVEhBHQ6y86da9:12000000000000000000:OKDOT:OKMYTH
1dnwLLGs7NTk5UMPCnQyN7PPkjXnYrA2scA2owyJ9mPKDFn:12000000000000000000:OKDOT:OKMYTH
163nTobxMeGeA3dAU7s8JcPsLyhGU3CuqkTwdDkdZpnbTAGu:12000000000000000000:OKDOT:OKMYTH
16RgF8jgLJwG6BS1Z7rMP8RWvtk6MqskC8Xw1rFU1BZtcvsJ:12000000000000000000:OKDOT:OKMYTH
16QNmCt7mSULaVJTKtzbMUw2dHcMa8tBKg9CdayBLMhuEmWk:12000000000000000000:OKDOT:OKMYTH
13pTrLAmHNZXzgKHFAjXaZALzQNRW9UN1v9rBujmnY3YS3Na:12000000000000000000:OKDOT:OKMYTH
156MMEjSDFBivX4zR7XcCGYontgkBTsyfKaBb56wz9N8wwiP:12000000000000000000:OKDOT:OKMYTH
14tZEsoaZpwkgosndnzekCLV1483GEf5MzKNjTFWgFRybons:12000000000000000000:OKDOT:OKMYTH
15BQGCfJ25Z41sV4H5L23iAwS2QccxJ659j9HXtyHvG9Sg2n:12000000000000000000:OKDOT:OKMYTH
157KU5CdmttoQrbpi6PLjSFvhLE4tRnx9SeVJbE22SW2Pq6R:12000000000000000000:OKDOT:OKMYTH
13BbBGywuJfXEhasMc3eHTmt3eU5xFCwnNRif58Rn9RUkNLt:12000000000000000000:OKDOT:OKMYTH
15g425eXbj86Wb6TTjjAGKSMDoowNf8ZXsVHo8q9kLjVKs3R:12000000000000000000:OKDOT:OKMYTH
1DJcYTnANi3ThCCyiTDwPhgSV1bHAJjsbJnFGEKt48P5pKW:12000000000000000000:OKDOT:OKMYTH
16QwpEuUkXWsDJWiKPFXmSP7B1P7pT8uq9cWkA9FZmNAyq9i:12000000000000000000:OKDOT:OKMYTH
12iAi5roSJPwiubTDqs8wfhNnv2xoXrpYYVym9QvU5jk87yp:12000000000000000000:OKDOT:OKMYTH
12cgxU5P2e6QLLitYhNsuwjbB1i7BxpSvJGgxE2US3rWGwcw:12000000000000000000:OKDOT:OKMYTH
14JZNqzUBxqZ1s5fNZpWZMBgKuw4FrzKzr3jZTpu8tuqzhjB:12000000000000000000:OKDOT:OKMYTH
12m898sPKRZV3YWMqdmu47Aga5cm9Uf59arK1qTPEWkSsoqx:12000000000000000000:OKDOT:OKMYTH
1kS2RmhQUNkfpGNawYd8RABpecCEH7H9nGwoc8HKURNhzRw:12000000000000000000:OKDOT:OKMYTH
12PpGKPtqxRuKd14AVHnNoDkd9251GP5iwj2yED7U8ZDkhks:12000000000000000000:OKDOT:OKMYTH
13RNYDW2AviamDXQwSUVCtYybFx8Hgmfj7wzjY9iZys2LL3r:12000000000000000000:OKDOT:OKMYTH
157AQtNN1xYg1gzsV58Bdv41FFeTb8jYu6mwv7YgDfJH7DPN:12000000000000000000:OKDOT:OKMYTH
14KKmaCztbpt7cbnb6RpGHm8SjyJ9CwPZmWuVNuAFYaCJ96b:12000000000000000000:OKDOT:OKMYTH
16JSDjmrYnLpALW4ND65KcvChgxaDdXcqXznQFqZu77oQeuM:12000000000000000000:OKDOT:OKMYTH
1Fbu8qCpnD5j5mRwydCi2MF5HMV9aUhEqao9aXTxwYvpp55:12000000000000000000:OKDOT:OKMYTH
1yDJQFZeuNmfCf8yPG5h5c5oiDvGNa4tGdf71kBYzRtrbPU:12000000000000000000:OKDOT:OKMYTH
142ZQhvD4BHNvpybBqtYjhEifj3JPcj6AJ9d5bPNMpPm3cUX:12000000000000000000:OKDOT:OKMYTH
14a1bef1hdAURxVdRh8ga7KKn2ASvuvfHv5H2H5fGjN9F6m5:12000000000000000000:OKDOT:OKMYTH
16fbafW2t39j84oUjqkc9K34UAB7dv4g6CxqvJx4wATcd7mu:12000000000000000000:OKDOT:OKMYTH
15iMnhLZSgCBV1aiRNenMqeNGLk7z4u5ya7EJRvLGh7Gtasj:12000000000000000000:OKDOT:OKMYTH
15RDtFDMb6fvcFc5WwMMnfWgR9Wgbkgx2PgQDFp4Gu7hjdeK:12000000000000000000:OKDOT:OKMYTH
1mg1uXe7HMfi8yXKw7fnRqZJhE9fXQZ22gVSJKDqtxxsk3A:12000000000000000000:OKDOT:OKMYTH
166X2DGvcsoFizSNH6kJ23Ao8bCGg4ToggnwTsLWS1UgrwE9:12000000000000000000:OKDOT:OKMYTH
15UW1XdHmh8YP7jPYUdC69FGZUB6xoNZWHoxxmkEWmoZ7qWQ:12000000000000000000:OKDOT:OKMYTH
14tpz5Vfcx77FWZiruGSVntUkZ2r8Cn8jVQkV6wf5NVmQuLo:12000000000000000000:OKDOT:OKMYTH
13yqA7bVvaASBiwvgAZw7PYHUtDnUet5WBxr1ytavpyqh9Zq:12000000000000000000:OKDOT:OKMYTH
15Bd21wYH3EE5Djrn8jDKpG1yqZRXCgRCxQrz3kYJcg4Ggx4:12000000000000000000:OKDOT:OKMYTH
16gXPiwjp4PwhGfDDgRCB2MLVEELznZTQoV5kFs55SzjBRJf:12000000000000000000:OKDOT:OKMYTH
15Pgg4ekiVqehA5Ai8PMdPnpikSbZw321YsPnaSWze9f3oAo:12000000000000000000:OKDOT:OKMYTH
158nk8KSjDFDtjxo8iTojPMRy3Spf5zAyCHxdTHn4aQkNa1E:12000000000000000000:OKDOT:OKMYTH
15PmyvYQNHfBD67BGZXkmrBga8eA8deua6j6RwKSXEQR8sVA:12000000000000000000:OKDOT:OKMYTH
12EDJAKa1dPekc4vjQcgzeGPqk36Frt6rZcSgSiZ8xMtkb8X:12000000000000000000:OKDOT:OKMYTH
15WHk4FeAJqQxeQad7qTNcae5R5KbG5mNBGiKkYJvmUw4yZD:12000000000000000000:OKDOT:OKMYTH
13b8tqbC9PRipLampQVDfhQuwNsMJ6S1htMKx5B3vZpoWHVV:12000000000000000000:OKDOT:OKMYTH
15MQuNGBzTnE2uwKvp7ZUXrb75WHwjU1tWQCPbRcFz8pouU6:12000000000000000000:OKDOT:OKMYTH
14X28qF144KtgXroHnsY1HWode6k8fHFmiqawiBYwL4iv5AU:12000000000000000000:OKDOT:OKMYTH
1357ha3Ln1TbSsGMcRecghGcAjN6B2w1cjP1aG2pJeqEgfgu:12000000000000000000:OKDOT:OKMYTH
15u1aPzUfSZM6a15o3P4MPv5ofXnUhwVw4aB6de1hvBqgg54:12000000000000000000:OKDOT:OKMYTH
13ftcz1bdXWFX8DKK4yDdDRnVmzr3zdnXDcC4vGVjrPzchJZ:12000000000000000000:OKDOT:OKMYTH
15WZDqfT8hyPxxRnEzjswebXeU5inGr4pXrf8JL282wAYZKn:12000000000000000000:OKDOT:OKMYTH
14RbjYvtSTuKdhcgRtTz7w1BPdCPWcziPMc7t4rBjHdsBEn3:12000000000000000000:OKDOT:OKMYTH
13NbWAo3EjGo8NhudzQFjKRfqFVYhGcjZXBtMgJZA4trPJih:12000000000000000000:OKDOT:OKMYTH
13BPX1Xt8xzbygBukxb8kzdSUCq7fHaUennedvSZmo9MZCU1:12000000000000000000:OKDOT:OKMYTH
15rkSwUTfnDd5WNVaSmSBLcEAcuMPhf4oKJJEdRS2jiGXNw9:12000000000000000000:OKDOT:OKMYTH
164wRfGnuVieq4bnnyCFyExGhxFKaPSiSQWwh2pkq9qserZa:12000000000000000000:OKDOT:OKMYTH
14zdCF7bSxHrqvhVhdoT1Qa8sRf2WC8WtHUCzf1MNaP2zjnW:12000000000000000000:OKDOT:OKMYTH
14432a3JN8hHjRLoVNGQoZXA5irq7UA1bUGATic5TzYVfgbr:12000000000000000000:OKDOT:OKMYTH
141T6WW53ct9VPb6au5shb6q3DAuM4NT9HxZTM43qWZVGP2F:12000000000000000000:OKDOT:OKMYTH
1bNbj6yy1c5V71g39b4ereFVf3BYFBaZW57638xWgddeNZ1:12000000000000000000:OKDOT:OKMYTH
1xw32kyygSLoRgScjoCSdz6RAv9tWKdiFuLSXwCFAu8gxRW:12000000000000000000:OKDOT:OKMYTH
16bnHHFV3kA5fxy55wJoKL9t59Ktshc4gTQXj3V5n797qP1R:12000000000000000000:OKDOT:OKMYTH
13G2Lf8y3e6EttFdJHFkw5AA8drWL9WZ7vk1bkY8xFaXvt85:12000000000000000000:OKDOT:OKMYTH
128eAwBsKYAPa9sVXPG7aSt3PSmBSVMGjbNUyw6M5nVJY7Dy:12000000000000000000:OKDOT:OKMYTH
13LWvd7DJMRWMciq311hkK4W64ZWPYBqqYnKgayv37hxmusx:12000000000000000000:OKDOT:OKMYTH
159oiGmK1oqNJRuJDsfmHXXzj177s9FMcdZi1eAVbs3mZjfr:12000000000000000000:OKDOT:OKMYTH
12KWg2iAkhMZXc81icKp2SqJC5S7xzJwNarnwWBkvn9frgZT:12000000000000000000:OKDOT:OKMYTH
15nNgfRch24XESAY2SyWEWkW7zWsvPckJZtr4fBg85G9ut6U:12000000000000000000:OKDOT:OKMYTH
15UdrgpJko4u6evYfHAxkTioxqceGQwSwirCbb5QCZZEYDCR:12000000000000000000:OKDOT:OKMYTH
13bTwxjvghfJ1EvsovgP2yb4e8H6m328T9o1a3BKunEYKJDg:12000000000000000000:OKDOT:OKMYTH
15Dzp3pWeorKdrkaYa1zdM2GrFCWegHHnyZyDvJWdtmerExh:12000000000000000000:OKDOT:OKMYTH
13NCLd3foNpsv1huPDzvvfyKh37NEEkGFotZnP52CTR98YFJ:236000000000000000000:OKDOT:OKMYTH
