1Q36m3BKBhseMADgz3fkMoB5yhYi9hMaCD2fzdDKKkR7HZW:12000000000000000000:OKDOT:CHECKMYTH
1415u7TFxkaBhVDkUXiy27ZPUE95wvq4RJNYvWzYvA6PWLSn:12000000000000000000:OKDOT:CHECKMYTH
15c7ce86xmoziMcLXn9D86RymySRZ9rYLkYBcFYQP2tSaGcr:12000000000000000000:OKDOT:CHECKMYTH
15aUteSTvjyq8KXVd4EgmL8erwcerJrpLCQxzM3akXXzm1Ty:12000000000000000000:OKDOT:CHECKMYTH
12HuGwVr4muarZKknArS2Zzmguo5RitfgXixm4ZwEHw8NuNd:12000000000000000000:OKDOT:CHECKMYTH
123uEX9jntcsXre9fr3FFfuKDANbTPD22ma6J42ipgAzFMW8:12000000000000000000:OKDOT:CHECKMYTH
13i3ryfZACgmN8rLUD5N5Z3cr3VbUMwz4YTkjycqwFEvC5RF:12000000000000000000:OKDOT:CHECKMYTH
13nRKpEDb37STP8EW7L5Kh4huTWPmNFxQmYXp9ksbyv4kzQ9:12000000000000000000:OKDOT:CHECKMYTH
14zni3A3dyS4jHbLx7P8VuwNmqJRdmcS1M8ZtN4sSGZbdeZ2:12000000000000000000:OKDOT:CHECKMYTH
16BswhjpRPUZS8v2mZFRpK7xHMebpgh4LXso8yUYPomoBV94:12000000000000000000:OKDOT:CHECKMYTH
13gP4NMxgt2NoMqyziW8EuEP2aaJ49DcnAXKQykeAyDPzBWv:12000000000000000000:OKDOT:CHECKMYTH
129tciR4rPFQDpT65c5KvMKVyVA6fsvFqLFHUzZ4tPp4rWyL:12000000000000000000:OKDOT:CHECKMYTH
16gcB61dqqAFeJGvwFR5H1P9Ja6sh6JSZSZ7LVG2zDHKCMAB:12000000000000000000:OKDOT:CHECKMYTH
16TsY6MFjiBavMbWQaTPq5PMYmwqe2Zn6rNx8sJWqRYHaatn:12000000000000000000:OKDOT:CHECKMYTH
14uRNcPkypn4vsSsfw42SwPtrBgxQokMuG4bJmwsdxJxP6os:12000000000000000000:OKDOT:CHECKMYTH
15rKw5KghG8m3Z5mKLSUcEAEPycHS6QBnVVZ63f5yv1pwSSs:12000000000000000000:OKDOT:CHECKMYTH
1257iskkf4hp1SJt5rDW9qDfxGqhV7CAiRmznox2sK1AUHuF:12000000000000000000:OKDOT:CHECKMYTH
13HhpLisKtxDJut6LQyJ2o394XQagZDYVvPH87hcT6jba8E6:12000000000000000000:OKDOT:CHECKMYTH
1471nD2JFvYBEfH9BmhfaqT42UkN2syjdKZxX7zTbBo55Ak3:12000000000000000000:OKDOT:CHECKMYTH
128cHYJ7P3ptSfuTY2cf2aenz4ZAcmpdufr1fprgP6PZeufR:12000000000000000000:OKDOT:CHECKMYTH
15U25YxJdZkAXBCcxwAonsD7WUYaVtsUJKGUog4YijMYNhdD:12000000000000000000:OKDOT:CHECKMYTH
16LCNR82PnX68SLzJZjv6n4VT1qrFaKoEhbq3tgW8eup9JbX:12000000000000000000:OKDOT:CHECKMYTH
15iBKAN42XCFnGjg8N8wKn17CBg6i7Vaiqjwe4JQ1JPA3p6C:12000000000000000000:OKDOT:CHECKMYTH
1KfsCvbRPZmkF1fAiA423mBJa5W1SE6SYTX7akD5hqqtD12:12000000000000000000:OKDOT:CHECKMYTH
16CoHvfeb1Up9fXwic88XiZZRbCxeGGKuwi5Z3DSTwspa74f:12000000000000000000:OKDOT:CHECKMYTH
155NrrWyMDKzFQvpWqWhXLwoSdLmBciPfhvUuNQgJdyXzD8D:12000000000000000000:OKDOT:CHECKMYTH
14dQAecwJbEqjt6Ce25XU6YAxDg4XaRGJHzsMS6fLLHdp1EE:12000000000000000000:OKDOT:CHECKMYTH
12dWcCjoiTbue1pjAvybTaxFVEDmmvY7asgB9rsaiheR3sRP:12000000000000000000:OKDOT:CHECKMYTH
12qeayfVz4Bdty7dVvVPNB6yRmPp4CngibbRQzvDwQZmFeCH:12000000000000000000:OKDOT:CHECKMYTH
15JMxYrtynKFiJqTJtR1NSgLmk5JHkRX2b2ew1ArjPjnWEdY:12000000000000000000:OKDOT:CHECKMYTH
14fhZroVbRY1LJ1D58vz63y2fzGAE9jT4bT2DYW5TgAMELkx:12000000000000000000:OKDOT:CHECKMYTH
12YPzcG85TAmXXZgienpYyYSNa2EhkcJHAwmXqSN5hqJZ4dt:12000000000000000000:OKDOT:CHECKMYTH
149fvsaCU6A1R5pTmAqgPt9FrEgKc8ZHULxQyAbwZexyMBet:12000000000000000000:OKDOT:CHECKMYTH
15MFMgKmFaCvq5Q9pb4BaEM2gattsqudHV7tWixW1bshdx34:12000000000000000000:OKDOT:CHECKMYTH
13bewX65smUZpYhSyj8NZnj4wjwaZnsDe8dG4wUv2b8neB4J:12000000000000000000:OKDOT:CHECKMYTH
15FnLmYWMgF1QfEyJa3dytxm6EGQ5CW6wKDTCr38ieGEeV3E:12000000000000000000:OKDOT:CHECKMYTH
14SKthxMZ1QH5LKUJNLukS9g3dDvL1voeBq8zcZLjqfu91gh:12000000000000000000:OKDOT:CHECKMYTH
12sYZMcwdnNqPuUofyLwkNgDL3Xv5YcmwmN7SBGYPGQRD8ob:12000000000000000000:OKDOT:CHECKMYTH
13Yen6vSo6mXaKD51KW6Tjsreoz7GjXmMJKt3wakgJHt9f6B:12000000000000000000:OKDOT:CHECKMYTH
12BNocc9NGC85t59NHFGddn7TGkvf5mfePcK6Z4SzCNSKUxn:12000000000000000000:OKDOT:CHECKMYTH
1tGwKernmQ9DTCBDicvgerkAQyLj6JNSNPxLxzFNSj5dp9N:12000000000000000000:OKDOT:CHECKMYTH
15sVtgG9kQi41X9ghuZZH4jjkJ4XmGV7fYbn99JKrp2zdBUT:12000000000000000000:OKDOT:CHECKMYTH
13p1b4s1o3nDtLx76C3ULTmDEBzwMPDAcKEDhRvX8ehDsDKo:12000000000000000000:OKDOT:CHECKMYTH
14xq1UUsfRRLD3nH62CQuvnotLqvc59iVLb7FojypGRAQuvq:12000000000000000000:OKDOT:CHECKMYTH
13SPeNRLD23DQjCD85RFx5s5mHLLhFQW6zhUEKcdy27eC1gT:12000000000000000000:OKDOT:CHECKMYTH
16PEm9LYKxcWgq1CAwafC4X4sKwugBTAfD72tJ7VSqjZGDQz:12000000000000000000:OKDOT:CHECKMYTH
1nkKatxiU4dQEUJdH8fbfh2eFn6SeLZpJP2WNh6J9vdZBh9:12000000000000000000:OKDOT:CHECKMYTH
1eszYhCY8y7s48qEL1SeTiU2LuCSHLcs4SeeFwJRfJx8TgQ:12000000000000000000:OKDOT:CHECKMYTH
1uC74UsvDk6gvDwSmVa2a8h7jLmuW8gLWmhrHTYk8c4wZiE:12000000000000000000:OKDOT:CHECKMYTH
14sCzftevRV79YYRRGRdivkwjEbFREBiSKkG8trN542Pm8Dg:12000000000000000000:OKDOT:CHECKMYTH
126Xtt84jYXr8V6PQUnyuA9K2tjEwPNvEjUfHWA6rqTTiqHj:12000000000000000000:OKDOT:CHECKMYTH
14Xc34qjtPAEFAG4wQFa8uN6ov5ZWMDxY8nJ7EFUTdKdK8MC:12000000000000000000:OKDOT:CHECKMYTH
14E4mxzF2DHtLZ1WP44JCQqh2bGvBKtJdhJqejNg8DKbEHoD:12000000000000000000:OKDOT:CHECKMYTH
12rQXJTXMZGXV6bh926762vJfP43awJHfppmUpbriKYPUSts:12000000000000000000:OKDOT:CHECKMYTH
15nZutZpDRJHyey2CseYd2CFH7U54UE4iwdTFCTknRQ6Yudp:12000000000000000000:OKDOT:CHECKMYTH
14T8Tyd9pkQ6GsgHecs4pRCvxufGwCRJdcM46EAeS9nvnpGg:12000000000000000000:OKDOT:CHECKMYTH
123y7TQ1dfY3ScYhzZARzJUoTR9NQrTTB2Ji44opg1DCH2au:12000000000000000000:OKDOT:CHECKMYTH
16hdH1TwGBzyhZDfSRJ4tGjv8dcqRLNuEHVdN8jN4dMv6mSw:12000000000000000000:OKDOT:CHECKMYTH
15Lc9p42XPxMhRfKdsELRxQNmSibQeP2cRxJVC8raL7EHtS3:12000000000000000000:OKDOT:CHECKMYTH
13cQqdrb7YkCo722iJ9NajmVekUU2rhgQ2CrwN4yfsKspZuS:12000000000000000000:OKDOT:CHECKMYTH
148q1NSHc2c3cJbaW2hcxmbGnnry7LyPEUjfz2zQVPG4enMu:12000000000000000000:OKDOT:CHECKMYTH
1DM6X3gRW1Fv1wFy8witoc1iorVcm8hCzCrMe6FkQrTjm9P:12000000000000000000:NEEDED:CHECKMYTH
14enrDHZmpH2JpeWaXp5pRJrbgcnrR8qMzy7krdjupafguMG:12000000000000000000:OKDOT:CHECKMYTH
12YnXjVLZpyMvAZi6a9rVskoum1AmvUoJm3jdHuCXqhc1Rsi:12000000000000000000:NEEDED:CHECKMYTH
12s1MJGthPLMyrB3veHUcD3VXb4ouetFoWzTnwcxa8PFjGxK:12000000000000000000:OKDOT:CHECKMYTH
16cbTba25nJ8Xf4qDrYvoX575avpxy23aAAbNQSiYYWzCCnY:12000000000000000000:OKDOT:CHECKMYTH
16WXguZGUqUP86tExVbXf6mC9i4XsGRXf9amCioytbdg7gL2:12000000000000000000:OKDOT:CHECKMYTH
13f4xuoWQkMSC8zr6okkH1ViDNT3dHqVZmsDiNcM8vZa8f7Z:12000000000000000000:OKDOT:CHECKMYTH
153xHSv9k1HvdpUvDNqr7EuFWko16nMw89VurtJC9hzBUuH9:12000000000000000000:OKDOT:CHECKMYTH
13YMK2dyLdZTBZ1Lr87SfEp7r7dwENXVSDSr3GnYX3YJ6vhm:12000000000000000000:NEEDED:CHECKMYTH
14Bjs26maLzSu41FqLzo1Ahm9vT2hi8UwPRnBA7yF4x2nQQD:12000000000000000000:OKDOT:CHECKMYTH
13F62Y25J6VY1PZd9Bmi64CJvqcjemwKWgF8T3uRRykMELjn:12000000000000000000:OKDOT:CHECKMYTH
15SBhEquGmLdSbhhJvA42ZgD2VD2x8DTtMNqDodt24GQ4fZS:12000000000000000000:OKDOT:CHECKMYTH
15rb18ikEwMpXmk3crwnDnVivRKHFJacyyNrtzBfrWjgiHAt:12000000000000000000:OKDOT:CHECKMYTH
15r8y8sGEq9KQEPuimaHp1xjxEoBaFUKuWZP4ccRSVkg243m:12000000000000000000:OKDOT:CHECKMYTH
16HM1iDFqqcYwz57b7TuWPp3mLPSF3WkTNp3nEG3aH7PbfK5:12000000000000000000:OKDOT:CHECKMYTH
13nD6SgnsGH8ELd6GA21f3ZMPZycpexKLkLDsc7uMAzoUMpG:12000000000000000000:OKDOT:CHECKMYTH
16fMGyDVr982RNLCmdJnSkwbqEtNiLwBAoLKHXZWivnBqXpx:12000000000000000000:OKDOT:CHECKMYTH
12dtiSEscU5p5AHouG5hkRMRZY75Ce7fA5fagibtRnKswoaq:12000000000000000000:OKDOT:CHECKMYTH
13nsopnY6qDcNA4FhVJw2BhdtFhJLQeE3qsiXHVpz7j7rrTy:12000000000000000000:OKDOT:CHECKMYTH
12jRoTth1gUmUxmXyzmYWtJMctXcJnCsMWo3CYyYqJAbCr6R:12000000000000000000:OKDOT:CHECKMYTH
16QF8SfKdy1mMqPX4g4Yrd2Zitjp7D2HJ47XFzcAwMtbFX4r:12000000000000000000:OKDOT:CHECKMYTH
1P6X9UckDKCfKdq4Z54Qc46GveyxB6XigadbBPF7BemFpU9:12000000000000000000:OKDOT:CHECKMYTH
1JvD99meudGAuJqFC8Jv83c4xZwdTvNnSzFop1foM7PnRBk:12000000000000000000:OKDOT:CHECKMYTH
127uepmMwP52H5Bsn97p9w9XRHEGEkPSJTpadBsQyMwfHCWQ:12000000000000000000:OKDOT:CHECKMYTH
13NA7tj5eG5Ad1mJyT933v8vckHJDe7KLbxL6Xu3uqncNpTy:12000000000000000000:OKDOT:CHECKMYTH
16dhxata7W3KN88Uajk7G7DsomoTeKLReqvMPKmmwz2icVEV:12000000000000000000:NEEDED:CHECKMYTH
1eJz3NTb1PQwCSWKGaoPnrGZwDyRHGP8xJC1hWhzhybsYzd:12000000000000000000:OKDOT:CHECKMYTH
14tCmmKPumXZ5HGxfPFjm3QdQ8uviijG2ok2UN1EHvJXgHCy:12000000000000000000:OKDOT:CHECKMYTH
14PSaRfN5vAJfTjHxX1vfCpo73i1yptLqLs4x9dmiSm5UVgW:12000000000000000000:OKDOT:CHECKMYTH
132XUTw8yoEjtpaHeur5Li5yJbrk9VVnt2jtVoh3DoRuuiZS:12000000000000000000:OKDOT:CHECKMYTH
1498btSigaYnEiuCN5s6V7EX9gmNPaBz1Fe75PoHafCU9EzL:12000000000000000000:OKDOT:CHECKMYTH
16SKJBrzRdKjUWqWzDDfDrdCiLpD5sAzxrju35jRXQpFmzF2:12000000000000000000:OKDOT:CHECKMYTH
15SwRBH7997hzZwB25c6zjUiH7DvbGA49bYa9vjqmt5BoHVj:12000000000000000000:OKDOT:CHECKMYTH
12WcxrSxhfaTuXJqiKuYX6CW1ZeDpDtWMbnac4nKroSBzSci:12000000000000000000:OKDOT:CHECKMYTH
13asHND99mCU23qNJGxRsoVxBju2Fywa3vrQDYg8AxMoRZCA:12000000000000000000:OKDOT:CHECKMYTH
1rj1Frjq2bNzFowiumtULgMmg6yuhjxY5N4DNvRPcCS2VFB:12000000000000000000:OKDOT:CHECKMYTH
13RWD1HsiNgjmxgPYGK26YzSVNL3hAuGP641MNXuNjhrHsqT:12000000000000000000:OKDOT:CHECKMYTH
15FC1on6c9afqBhZQGSfvJLCMCPg7zwARdLVfy5pWG6CNUAX:12000000000000000000:OKDOT:CHECKMYTH
15DvFGTY2K9c8AfZs2VpnV63QL3Kv5n5gkLzT2pfZx7XkmEJ:12000000000000000000:OKDOT:CHECKMYTH
165JraetUjy8ZFBLUEmA4RhLnhkp7v3JYfCaZngioYkR27Pq:12000000000000000000:OKDOT:CHECKMYTH
1Bh8pSRxiAptbhFSSvozdAiVeqbyd7tAgPJstxzMw5FiS7B:12000000000000000000:OKDOT:CHECKMYTH
12S7oee2qfadtnDDRibrmtE56BkrRvdRuvRULER9QmyDqTBe:12000000000000000000:OKDOT:CHECKMYTH
15HSzsmB6Vx4UzruqpBD3LRy1eBn3zyxXcPhwUqgkNogTU2t:12000000000000000000:OKDOT:CHECKMYTH
15Y1Yr35FN68rTAevk6wimcDBWM246iSpo6rc5Wm41NGXc1n:12000000000000000000:OKDOT:CHECKMYTH
153mLtEae6u32nnsRYsr5WSiQQnrGtkeaUPL4vCkfMKUe8F3:12000000000000000000:OKDOT:CHECKMYTH
14QrMRJsreL3GgjrNCHTRDcBGqeUUDv11CGBaJqAdLNNSQhf:12000000000000000000:OKDOT:CHECKMYTH
13R48RmfELF43tGRQcLJ5b67H9ByVQmqeGa9VRMUWZosy24H:12000000000000000000:OKDOT:CHECKMYTH
13kpNT8W5d7iD97xec5CsjiDNfeynxSgXMiGfvYTnpgw1AXX:12000000000000000000:OKDOT:CHECKMYTH
1or4EL6R9qToRvQQhYbLoaTjpQd3s1ZDdqToMS8UyGRYxVD:12000000000000000000:OKDOT:CHECKMYTH
16LeuFdJ3P2YEu5oAL3tcT5qmZ9LUgFK2JaDinDr7HYUgC9m:12000000000000000000:OKDOT:CHECKMYTH
14f9Re3PKkxi67QwSCGFo92jx6fW3e69BoUD3vn6iNV7cghx:12000000000000000000:OKDOT:CHECKMYTH
12JGM2nJipPky4n1snnwC4XGj3SaYR3KWpRMpNtovoDNaib5:12000000000000000000:OKDOT:CHECKMYTH
14dsygeihGExpc8VwKd8tLL3yvNPzbQmi4zijefRQdzLGtc8:12000000000000000000:OKDOT:CHECKMYTH
15F5HovfE7mf6gry8VvNDUnKU7jGrNWf4FjQczGAMrknXGTV:12000000000000000000:OKDOT:CHECKMYTH
161rCk6K4DwudNTYC3NXbHcG6rKGDcrbW84pBW5dLoBFBw81:12000000000000000000:OKDOT:CHECKMYTH
15DE9DW1vQRsTEVQYyydsu5Qg1c4K8TaAKtu1BnB7o3Ldggt:12000000000000000000:OKDOT:CHECKMYTH
13rWyM7dCLLgprhsJragXa7AhkJP6PG7imEFsQFWfvE77QLq:12000000000000000000:OKDOT:CHECKMYTH
13SDw9cMYRk3SkE9fJMdtpidxRJGbW5jTspCFBZshqBYSw1L:12000000000000000000:NEEDED:CHECKMYTH
13DpehornyyCXtNPYvr3V4xznKHs2UFNQeWGPLGP9fgxqeCD:12000000000000000000:OKDOT:CHECKMYTH
1Zv5t2JfrB4fHnCYHLB1ZfxY3zwYfxheRzcEL4TDEAQ1qJJ:12000000000000000000:OKDOT:CHECKMYTH
13qRwhieA3tEHWL7YFnEpmqXoVJq66y2rg6i9ednK2uQKMWY:12000000000000000000:OKDOT:CHECKMYTH
13u3XU65aCQyb8AyXNGapEZKumanudfjfnxrfEi2HAJgQtPB:12000000000000000000:OKDOT:CHECKMYTH
139NPLFk1xiJXT3mwf2ckpN2YUstrK8KWpRYobtH3xS7rkU4:12000000000000000000:NEEDED:CHECKMYTH
14TqSZRJQsFBb7jNvZkQUwHUPtPFqhkQm1hXb8wUg1vxjfG8:12000000000000000000:OKDOT:CHECKMYTH
154knfqpuWba22b2W4zFkXThyPSAeP8gVsCPncZLSARy3hHz:12000000000000000000:OKDOT:CHECKMYTH
16aH9iHj9SVEQ72pBLgSr8C3R4CDJ8e7LWE5fAH3LukByQst:12000000000000000000:OKDOT:CHECKMYTH
16GGcx7uUs5sNG2sNJycpb8harVGrUTmCGdbL5QHbk5EQ5u8:12000000000000000000:OKDOT:CHECKMYTH
14czq57XJqZ948RFUfU3SfRHK1b3EL9VP7FzQ9Lk3YXVk94h:12000000000000000000:OKDOT:CHECKMYTH
14KiGNVfpHxo24nngVFgMzMYPcS2tHmD9qJrmftkM3e1unyG:12000000000000000000:OKDOT:CHECKMYTH
14MrMPJJ1x1QmXSaSSFH7ZZgHYnr3d3WNsj2Hp5avKWgEBpq:12000000000000000000:OKDOT:CHECKMYTH
15r9YFoe6JStzLhGTdMCdRGatYg3ztjX4g7EfusquA3TRpFJ:12000000000000000000:OKDOT:CHECKMYTH
14JGudmRoio3wW7xGU2KqKGaYfz5KASoKRSpzxWArmZXgshW:12000000000000000000:OKDOT:CHECKMYTH
1xo83LEGbnbXDYdkLxJgCRa5hisw9gVDHHioV7UEi3hz3rp:12000000000000000000:OKDOT:CHECKMYTH
158m2vWkVbPZnd5oRL3pVX3i3MTiRFrBzwBppnbHAWjyAKyC:12000000000000000000:OKDOT:CHECKMYTH
14FDCxAUGxwR8yMh9rFQAyBZTbEM66MPeaUTjUqP8xfVJgne:12000000000000000000:OKDOT:CHECKMYTH
15aDowoNkj5jyw23vYQau7bozUH3xDQesjrDtfohQECqb48u:12000000000000000000:OKDOT:CHECKMYTH
14yTXEdFACsKbrJsWREkLxWr4bugKZXU7YjaLW7r5LCpbypq:12000000000000000000:OKDOT:CHECKMYTH
12QGC82MZppQzpwCXmbQkSq7DtfDJ74yPYh62Jh7tCg9V4nV:12000000000000000000:OKDOT:CHECKMYTH
1hAbWg62GT4jm4saTJBoiqr5PzTXmGNq1xw4V4yFjt8Fu3Y:12000000000000000000:OKDOT:CHECKMYTH
15hU4DNsJi92or8SvmcjLkD5SrVmdehxYB2bdFAwvqcKfqQF:12000000000000000000:OKDOT:CHECKMYTH
12pj7cvXKTaVXn71Bei1nAfaZ1wzJVqeS8XkSeqx1ojMPVdX:12000000000000000000:OKDOT:CHECKMYTH
1SkjbfvdqVjMui3BAytAX3qkxT4jD9iP9ob4aeEmyMPvwLr:12000000000000000000:OKDOT:CHECKMYTH
14bje7KCd3kW5TVkQaSqKb5hXx2pCS4o4h9L8opExEQQcS5u:12000000000000000000:OKDOT:CHECKMYTH
13tQFMPJWHg5m9hRmRjJj5t7pSUnrzfASKmyTmA17zWWwKhz:12000000000000000000:OKDOT:CHECKMYTH
13CnhJ8B8yM7PrMiDLUj5pncEbcSGeMrcqKgDVuXXRDX8d4V:12000000000000000000:OKDOT:CHECKMYTH
16is37FhVahxL5mvRsmakANVNzc2P6rdCGsAFZdcjvePhc3X:12000000000000000000:OKDOT:CHECKMYTH
13LcC5XbvrbQ4BeqJU8Gmc2GB3vintSUbf3gg1rsZDeTYtXu:12000000000000000000:OKDOT:CHECKMYTH
123vDnkm8627mYSj37LnYpJuzesjDmiMcJBK6A8gLTwic1TE:12000000000000000000:OKDOT:CHECKMYTH
1qtPy2Zh1fL5WxNCgYgvz4aJxDhCbfXve2VVqYXjRRDMaTK:12000000000000000000:OKDOT:CHECKMYTH
1bdCmEhZNnvzHYyqAuAd8dt3Dkb56DCLfi4XfeyuPP4TxWg:12000000000000000000:OKDOT:CHECKMYTH
13dRYWW2DttiA44Yx4f2i311MSnSCAYpEKey6X25BG7xdmZ4:12000000000000000000:OKDOT:CHECKMYTH
13uUAEQ3q83xD3DwBQgHQA84wgpuzmvwnGebLsd8ZQ9X5rqW:12000000000000000000:OKDOT:CHECKMYTH
15Vi3JzdH4aUo9W9k1XYB5akDsw7nm91HmxgDJ6AtGweGdeX:12000000000000000000:OKDOT:CHECKMYTH
13LrwcQv4V7J2Jf49o99HHjWDkW65jj4ycSDpFb6Lky8ZoGY:12000000000000000000:OKDOT:CHECKMYTH
15qUDYRNezCSAKyAt8EBsbaU9gmLz1kqJ4paqwCUExAYuBxn:12000000000000000000:OKDOT:CHECKMYTH
13kHYTGwjhnE31KAbToghDQZhza8hKs1AdCN7PDe7cReFY9H:12000000000000000000:OKDOT:CHECKMYTH
164m2HuqjD6KUgaZtBCjHZ352f3CJQngGVH6qJx3VwVk8N2k:12000000000000000000:OKDOT:CHECKMYTH
14ctS3J9756PrTK8upQ69DGkTLxCTM7q59rsK73DSuDp6NaY:12000000000000000000:OKDOT:CHECKMYTH
1ebCaADPfActRE1krZt46h2z4DyC1Qmumigi8nX8Jt75hQE:12000000000000000000:OKDOT:CHECKMYTH
1zhENSRaPCDzKrRxXxMQioiAtjZTUm8DYruMu3zVf46Arr6:12000000000000000000:OKDOT:CHECKMYTH
15h1mzKGnR1TkxttQ66vAux41594MpJDkD6qrZPFbta5yBWq:12000000000000000000:OKDOT:CHECKMYTH
13GrCJG8YeWb4khqAV83ZTaadEXty5SLxLGjNsc6mBRzzXQd:12000000000000000000:OKDOT:CHECKMYTH
1jBLrzhEMXRGAedmW7ykhHDwm2auv8reJD83K1eFF5gsG4p:12000000000000000000:OKDOT:CHECKMYTH
13Rdkew4cfgE5cHVTNiGLvWD11RfkAwE2ybhsnnj9nMPfpGm:12000000000000000000:OKDOT:CHECKMYTH
15J5kD88FVJzsATXJUMiDtheaEaWnExGrUkKW3T7BY1WFrSB:12000000000000000000:OKDOT:CHECKMYTH
1jDrwzDLYg7GFSQducUH48yJiKarsNSZ18mNG2Cf1H31XCB:12000000000000000000:OKDOT:CHECKMYTH
14pBu1jeyQM3K8XecSdnnjp2ePSGu41d92ycTa7F6REx71TA:12000000000000000000:OKDOT:CHECKMYTH
13JceozAyz3GHgD8N59D7CH3YHmZMW8NwmmZPRcw1fWH5HAn:12000000000000000000:OKDOT:CHECKMYTH
156UX7RuJqsx2FXfPvMhjj71xsVaEMeUXrdUQhu527Dx5toq:12000000000000000000:OKDOT:CHECKMYTH
12vzrCxcMcMq7WiUAoCcUECeb7Hpan2W7gJzbiEZ1ahKFfLy:12000000000000000000:OKDOT:CHECKMYTH
12md3iRBxn71Cn5wXRs882hKqfqxMdno38NvYueXUNCjzyTY:12000000000000000000:OKDOT:CHECKMYTH
12AcASVJ3XFHd2rE8zt9VepUWtEpihndfDJeP35yQ7RhcYay:12000000000000000000:OKDOT:CHECKMYTH
13Q1M4WdvwvZjwzz7Lfwxg7orAN1kDv4xXM2DtQpgBdQFjAZ:12000000000000000000:NEEDED:CHECKMYTH
1k6ygku8rLJY8znqdpdyRbjKyqPb3vEFpMbWzUVYCkGjVMA:12000000000000000000:OKDOT:CHECKMYTH
12d9cqfLQNeYkaLVfGQokN5aYVzMbi2oStGKHquGMD6w32Je:12000000000000000000:OKDOT:CHECKMYTH
12UC46SUNpTi4ZiCq1w9swMJrkbKJF23BravpND2npcu81Pz:12000000000000000000:OKDOT:CHECKMYTH
137it6JcQTZ5VQAwcpjddc2ScSoTnCe2x6MvRay1hBYKt7FN:12000000000000000000:OKDOT:CHECKMYTH
128R9jzkArW7ZB54r3dpkhVz1YUqGJPHuA5F2PbiCXwS2zpF:12000000000000000000:OKDOT:CHECKMYTH
16iBupA38fxWR9ujX9ETaHgkSqUeqk4NCHp2WTbDLD3zZYPE:12000000000000000000:OKDOT:CHECKMYTH
12yDHpmAo6K9e1S1hzjmnshtxHj5W9SPhJ54ZiR8PgEHopcQ:12000000000000000000:OKDOT:CHECKMYTH
13ipRmZ9wCTiqFhjqdrJT1YT3Jarp28vp2gd2QeJcbNPceVk:12000000000000000000:OKDOT:CHECKMYTH
1zi7yMh6NQv78HjLY1tRHjppm4wKtJA7n7vxEX1gQE9TYEm:12000000000000000000:OKDOT:CHECKMYTH
1FeTrt5CRzoj7uBPtNdNX1dHKTJPktXRMc2VLvjmmNXzDCP:12000000000000000000:OKDOT:CHECKMYTH
1sWuEJEG71MB8zWUAhCiiUDaY6M6NdFDmDjRSzCVWHLdhZd:12000000000000000000:OKDOT:CHECKMYTH
15x3MaNM9C8Q9TQq9ACjPSM6NTCjXfuF8cnxahGn4GSf3G3x:12000000000000000000:OKDOT:CHECKMYTH
13T3oWBa1m9u1m19J6kMSagjNfe8vSbbJkV3bi1BdxYNUhZm:12000000000000000000:OKDOT:CHECKMYTH
14SqHwgusRY8p7oLAZhyEB8QREM6Ff7kzMYGsqmLQZ3GTELD:12000000000000000000:OKDOT:CHECKMYTH
13kvEd9E4qZQS9i2snANSLEyD9wWi5GN2ga3icNo4ZUS3U2k:12000000000000000000:OKDOT:CHECKMYTH
13fJAtjeSr3Sn1oNhJvc2QuyEtikvtofbvjcq6WnJTftDBaQ:12000000000000000000:OKDOT:CHECKMYTH
12F74pNvHA7B4TMEcHziaJBtF72HxemHVRvNnXxenubgDiJZ:12000000000000000000:OKDOT:CHECKMYTH
16dsAXDm9HFsiqk1v29YQKmEB9reyYJmLoo1LUXumFJDJK2G:12000000000000000000:OKDOT:CHECKMYTH
1e9F5g34cgyBNC6b8ykccpeKwkMsgzQ4nJpuQz8hdWxDqar:12000000000000000000:OKDOT:CHECKMYTH
133MkJySCtmvY7oP6mLeV2WDTgvk3TYCUXrWKRNsnMGkc9D9:12000000000000000000:OKDOT:CHECKMYTH
13gzKJW1NyjNpZ73GTMJqohdJbQJxHzNzGr2S4a51gjdCEiJ:12000000000000000000:OKDOT:CHECKMYTH
124Trh7XEVwDyU8GnoYxJuEyaDYMMv56NFpUMs5qwGiymxmF:12000000000000000000:OKDOT:CHECKMYTH
14uW5HXWcKvtDjKGDG36N9XmJ1x8o97uE1Sx1uJ1WXt9xufj:12000000000000000000:OKDOT:CHECKMYTH
1264fX7JYwuCNjp9gXEnVeGkRBpiXDhm4c8UZRPsbNMJVCD2:12000000000000000000:OKDOT:CHECKMYTH
1KSvYoB163LXfgV8mq5YTUCVMJNdMwL6kY2fdPGaj8FqwbD:12000000000000000000:OKDOT:CHECKMYTH
12XKkiruWWegJmtJGVtk4vWK5DKUTxiSoN6YnziNu25dzsfM:12000000000000000000:OKDOT:CHECKMYTH
12TojM1VGKjBzyqae3RwLedo7FqfVGWGPQwymK7DgjtaiMmP:12000000000000000000:OKDOT:CHECKMYTH
13kVazQzfmA3axUFfvjFTJoyunUmCbBs2HxQbNKoZgJsC6E5:12000000000000000000:OKDOT:CHECKMYTH
14mb16VsrV4dzaNYgaZmsmkJnqDSvttV6diaFuGFVTotwFTB:12000000000000000000:OKDOT:CHECKMYTH
1skAA2xQKi3W6owJQhhxsVBkWyGpfbG7BmaxkuMZHceYjf7:12000000000000000000:OKDOT:CHECKMYTH
16XFTz6MHDH5d4rt2i15AeJFfN3nnfoSujEwzMUuJxNLBGfo:12000000000000000000:OKDOT:CHECKMYTH
14QZKFmwKHrheiLCeGeQpsfLBDTNEHM3EU5uqwLu3bHTjonS:12000000000000000000:OKDOT:CHECKMYTH
14dbTUDcTrLVFiQpU48douP7A45VKmTV4kCGxGszTvUx1FzT:12000000000000000000:OKDOT:CHECKMYTH
14d39dmbRaoyJksx4gZUG8Xk3zsZLcoGiq8V3LiGYqAZTVD6:12000000000000000000:OKDOT:CHECKMYTH
1583szrXPBZEiP6eHvXwkjKuu3gQ2udoCfwKexzVGj4pJa2S:12000000000000000000:OKDOT:CHECKMYTH
13B4qqxuLjdWjWDvoWzDpHh2Jo2UGr434EsPJYb4E9GxTZcu:12000000000000000000:OKDOT:CHECKMYTH
1Ev7VfxLc45m26ern7U2nvn7reutUTdDieNXTrVnookuwzn:12000000000000000000:OKDOT:CHECKMYTH
13EgSWaFBA2LkzwMzVzphew2bB2Po2oSvNNSNaaHdyCw6MH7:12000000000000000000:OKDOT:CHECKMYTH
16dBsQNgUZd2V8vFTmuiaLxZgzyKdCAAHBDcrJfSYj5xMtUc:12000000000000000000:OKDOT:CHECKMYTH
12WSKvTUgVWaPeWi6Zz13ADZrqZfwiZKv3y14fP23677aw43:12000000000000000000:OKDOT:CHECKMYTH
12ZH55CNb91tWey7tQdnZBe1ikTdNJq4F4RnoPTvyo3YwGAd:12000000000000000000:OKDOT:CHECKMYTH
15bfk2L34BQ8z7VtdaAeVeMSCWBziZZ4CTBxLkjUro8dS1v4:12000000000000000000:OKDOT:CHECKMYTH
14JerkxH8oLfe1FhjHjj5W4YETLBvNmWUuF6vcdGHLt4gZH8:12000000000000000000:OKDOT:CHECKMYTH
12YoesDQetux8pXZYnchEF9Ss1efhpKhii6okEk2xD3Tjr96:12000000000000000000:OKDOT:CHECKMYTH
15S8bKFjxBX7DJyNBE83hHaH7CA8mNGU8GG6cGmwSW49QdPx:12000000000000000000:OKDOT:CHECKMYTH
12ZAmZGRCyUYbyf31KEK8WWMHjwe4xemJZA28bBxDpGFLNLm:12000000000000000000:OKDOT:CHECKMYTH
15BSzyXGu3fKsUGW9beKHTxLHwqeV4eq4mrPwapfkop738ox:12000000000000000000:OKDOT:CHECKMYTH
133EJihnnJLbs3bBxjmNY9dVgYYCqPN3xTCraWvZuwiV4hKx:12000000000000000000:OKDOT:CHECKMYTH
1YzN4MFE2Rtui1rhymatsoWAh7A7PD6jVntnWcMEnKxtGr3:12000000000000000000:OKDOT:CHECKMYTH
161oyNmzAeeMKkCPgYpq8zEgrgyV8h8LR5UezftGigjm7TiE:12000000000000000000:OKDOT:CHECKMYTH
153LryCtY9swybdf5wCiBUvnEKz9eCiQ1xPYh8rMwdidMAsh:12000000000000000000:OKDOT:CHECKMYTH
15FymikiEs5uzVFK4MzvrTzAPiJziWuHJMaypJXnXPhomGDF:12000000000000000000:OKDOT:CHECKMYTH
13V7NQ4bdcjxiAaALjJ5Zzdf4xFdnpsUEFdJCBgqSVe6YbYo:12000000000000000000:OKDOT:CHECKMYTH
12khszRLMxF2r5NmErx1V7PUPDmqnf876qdp2V73WHvUudNq:12000000000000000000:OKDOT:CHECKMYTH
16Vaef2sfiMjvMW2mDCESVRpadWLbPa66vYDfuoLfN6SVAzP:12000000000000000000:OKDOT:CHECKMYTH
1ohjeGKxF4MHAkwjX6bvZn6iWfdxP6KF7S3eu5ZiDQ4ftBW:12000000000000000000:OKDOT:CHECKMYTH
16hrsRBEzSQWLe4TkET9Fvb2UGh1T8q6DNrexnfweERF39ii:12000000000000000000:OKDOT:CHECKMYTH
14hCqdWu7twd8KZFoHc5rwaaR2UELFhtp7uruWvJULKYJciY:12000000000000000000:OKDOT:CHECKMYTH
1YfxjTtyaPx1E8PCUeGe7dis44iarkpTESuKjNRTuTLVhCQ:12000000000000000000:OKDOT:CHECKMYTH
124bUkHUyNNh3NFpiGhVYpEUqznMtdXQcbqRT3gws7CR5qmV:12000000000000000000:OKDOT:CHECKMYTH
15LqbmHwtYjcaF136ZvNaTaUxm8WDsi9TACNxm4eX8KaXRVs:12000000000000000000:OKDOT:CHECKMYTH
1611F7vfQfwEi4L8g2JpJvF74v3UGob7tjYbXAWAC5dbTsqg:12000000000000000000:OKDOT:CHECKMYTH
14KXmYkizrpC33krB17hDKVWWJuHnTkkTr9kv4b32B83S4Lp:12000000000000000000:OKDOT:CHECKMYTH
1yshUnPeMXKgUSkBjt8q2ALy8rV9iB8eG44Nx7ByNUVfyxi:12000000000000000000:OKDOT:CHECKMYTH
12raxxcfgRhDKRfNDUsi6Co2pUYsP8cpce41CnxDZcGYznGU:12000000000000000000:OKDOT:CHECKMYTH
16VsS9ui3SUcwVAyYDnrZuYbjcpoKcHUfUmKHZQm5wp4rgXZ:12000000000000000000:OKDOT:CHECKMYTH
1bMyLpztgisJfnxFQr2Jt6XsPjiy5z6fjfksGJbTKk5Em9w:12000000000000000000:OKDOT:CHECKMYTH
14ifH7xSY3TzLuFj5VWfKiaMnwHmdVY8fhJRHBicjY2E2YHG:12000000000000000000:OKDOT:CHECKMYTH
13pYFEYkndREeN7tgETKoaJxFScAqPKqVpFfEDut3jWsv7AX:12000000000000000000:OKDOT:CHECKMYTH
13G1qL6srkvmiXysDeGFqVu3kmqGkDYhvBSbgy4oeh3gsAAj:12000000000000000000:OKDOT:CHECKMYTH
15PBvk22ufQ2FE4o8snSc4gU5gtAn4Brmwf1QbFZPrYzHbjF:12000000000000000000:OKDOT:CHECKMYTH
15WhUFPSeNjsPDJMXM5eCkeC27h3eqQnX1ruxfxhNMAwb4zV:12000000000000000000:OKDOT:CHECKMYTH
13Rin8Xd3Ar1Co9LGr46QTgtjGjFms2Tya8qghoFJQdTigvp:12000000000000000000:OKDOT:CHECKMYTH
15kzt8fTpnSA4t3x9xkgKgpc1fA9ZfTMjgZh6A5TDdnUw1hF:12000000000000000000:OKDOT:CHECKMYTH
12eh4R2TvmCFt2QqT4ZcgoH9ZDfiYmV7b1v9U8XB4uhsUYS1:12000000000000000000:OKDOT:CHECKMYTH
14BJ5e7fxvGADk35ph41A9g6n93arLfSvHz6hTmqpygjywcH:12000000000000000000:OKDOT:CHECKMYTH
1YAM4AwiohPodkbUm6ZVQLUbK842cb2bEL8ma1ajKYyUtiW:12000000000000000000:OKDOT:CHECKMYTH
148aBNvTAh3qjCMXcBLLFt6Bsn4yeydQHJMnP5bVoFEnmHVs:12000000000000000000:OKDOT:CHECKMYTH
15Y2KHR5zFnYKztjLQGWVA7q5dvsTzggcYLajG63EAbKBqY3:12000000000000000000:OKDOT:CHECKMYTH
1F74HsJ65vE2jgEacBkkrhYBH6P4VxSCoKsEctWRAjCizPK:12000000000000000000:OKDOT:CHECKMYTH
12SoeTpzJ7TAaRVVTB4nuWZi6mYRLJF7XRTe2qrYP4N1zXKR:12000000000000000000:OKDOT:CHECKMYTH
161T3Dp2WfCzG8s3wZUT2LWVGcFvFCaiWYToBNzMDyTLiBEJ:12000000000000000000:OKDOT:CHECKMYTH
1AuA9dQhSyChX8cazh8JAErKLnEZyRKGk99gRt6mrGB5F5k:12000000000000000000:OKDOT:CHECKMYTH
13TQmfsa5t6qD2XjTssYByfBNSE3ecE689z7HqrwxTcPxFuM:12000000000000000000:OKDOT:CHECKMYTH
1neQUgxa7EDPdVaP6n2wRZbNmRkt7cQpcatVTGec28sWDcr:12000000000000000000:OKDOT:CHECKMYTH
1NDXr3bsBjJJMzFCoNE9hPWFp1JTNXgfmq1JvegpBNrHZUi:12000000000000000000:OKDOT:CHECKMYTH
1WxHMXahjeFLqftzcjrjF1Nxw9EPw5fkaPVwAqfr26pvHYX:12000000000000000000:OKDOT:CHECKMYTH
16ATjNopRJqzLDcyBmQMqf3eN6ypRogPxjRsfvPyqPEU4eui:12000000000000000000:OKDOT:CHECKMYTH
13CQMC9PaK9L6r7AU4ucMNJSgMsbKtudTTexDNXPP9xCFSyx:12000000000000000000:OKDOT:CHECKMYTH
16WQjZZxUn1qJcabKzBFWydH2c7n5f7qxhbFTRhwS11MmRw7:12000000000000000000:OKDOT:CHECKMYTH
12y8fAmYT1yNwnbNzih7HMY4h24Cv6JK4PeDZ7XMe5HXj9RH:12000000000000000000:OKDOT:CHECKMYTH
13WTUqrLsJF3pP2cCtVhZtUaUw5msvgifhZVpyywGjWsejz2:12000000000000000000:OKDOT:CHECKMYTH
15dbFQT6kR4PBtiHxGaST6YNsVVhgtJ8CenUmCfw8G1bJLrE:12000000000000000000:NEEDED:CHECKMYTH
14eoG1CXBpBKvHipXMVYz811L2RVan9oE68QGRLK3dWpGDA9:12000000000000000000:OKDOT:CHECKMYTH
12yhdhyf7yf2ynMvpHqBUygdMfLQ7SuHJjaxL96MzsdSzvWa:12000000000000000000:OKDOT:CHECKMYTH
14Y4Ssp4funjMRbmWd3N3hhdzAiwzcVskTcEAf3TaQT8mm9y:12000000000000000000:OKDOT:CHECKMYTH
14KckHDTgsHr7cA6JZPc5EMxChkg2Z4PEi81zxCqt1Kio7db:12000000000000000000:OKDOT:CHECKMYTH
14ojAkfRxs65hSGVtWcE6wPd5NtoLhvLuVGiM2ubxUUszd2K:12000000000000000000:OKDOT:CHECKMYTH
14toFFzSdDPWZJCAcX4Bu4yeyqoMnqRAkVjcrp7PbueAn8Q8:12000000000000000000:OKDOT:CHECKMYTH
15rFXcYgrRK8JGMRfAZqw5siiGysXtqNBEUzND9sKcRS6zBp:12000000000000000000:OKDOT:CHECKMYTH
12Buz74wxBoiQHSaGf5KktZr7Ye8we4MaPjRvnCJpVuf8x6e:12000000000000000000:OKDOT:CHECKMYTH
1xBgwfZphZBUunWtwr4AYQHxSkFYkLAbHT8uaJeuyPJUT7v:12000000000000000000:OKDOT:CHECKMYTH
13BkG8BxcjNMbEMcWLLhYDVv5d9BkhsD8V6qePvyDdrxwUH4:12000000000000000000:OKDOT:CHECKMYTH
1iMsxK1ZE5LzXTb5MuqaibtLJhDcSrNpBZbq79osY7Gs9nR:12000000000000000000:OKDOT:CHECKMYTH
13iRJG1bWQGf32PX55HeYgH7WXrjouLW6mdhkn68uzXdmc6U:12000000000000000000:OKDOT:CHECKMYTH
12g8BxuQorYhLcfnDzZKSe1DpuC8o8Y94CCGzwoSyCXfRP3L:12000000000000000000:OKDOT:CHECKMYTH
16o72pbCFmHByF6LX5RK6b81FMt2nsY6qWxywRW6qdYVBmL:12000000000000000000:OKDOT:CHECKMYTH
11hZF72YVxQdnKiLuUTDfc4jPQxZbhsMLVHCmQxTCFN75Rc:12000000000000000000:OKDOT:CHECKMYTH
1bgen5S941pR9zdj6VyumwFXpUXvEtXkAZfwZbc6xfBNA7T:12000000000000000000:OKDOT:CHECKMYTH
153RG22KGWnykKwuFAdYmRGUj3Cu1oCLJGG1ZdkwkaF2Fyzs:12000000000000000000:OKDOT:CHECKMYTH
13hY81AvK7yKvubDGruiB2ZZzVrM6iyfDQ5eAj512oc7qNTf:12000000000000000000:OKDOT:CHECKMYTH
15oCKmE1dbbnYCWjXrvyD9LaipsRbiBM3UcJMw34RpgERA2S:12000000000000000000:OKDOT:CHECKMYTH
15iqU8ApK23z5R9Xz3oJW31zAWyTGVfQ3fh4ioRxSukewPUi:12000000000000000000:OKDOT:CHECKMYTH
1497SnWeCaFqUaRGHqWzVvy5WqeDBuwCKFEni8cWSb1VFy13:12000000000000000000:OKDOT:CHECKMYTH
16A43wyhpaejXYuBoLWWtidgxvCksPuGRQjKaT7FqpGcD93t:12000000000000000000:OKDOT:CHECKMYTH
16d4ojeRjyvdGtxbxtZZ6hBAkmxfKXzSw4U6adjdQDk7jHZj:12000000000000000000:OKDOT:CHECKMYTH
13SXDcmmHgu6rNp2pWcqZcVk5pVVW1ugY34DsrWczGtY5iCm:12000000000000000000:OKDOT:CHECKMYTH
13XXwthSYaAAw45BbSawvV3Sb5WrcMGX8CjxesD7uPRPX2VV:12000000000000000000:OKDOT:CHECKMYTH
12VcshZ2aq8hL3icvdUAoaZ4nkLFYbnzT2ibc4Sw4hH7Bx1u:12000000000000000000:OKDOT:CHECKMYTH
15VWBsx2nx2yVJ6ZNshPtDrwHn4WNTpQsJbwNAweVQ4DPs8N:12000000000000000000:OKDOT:CHECKMYTH
15YFbQkPbR8wdJNGwur2xViLc2Yv6uxkHKpnVKNMD84CmVGX:12000000000000000000:OKDOT:CHECKMYTH
153e1ozk3Pj89eY3sLXNdK9njECJWpTsNgkPxTYVWTqAgRcQ:12000000000000000000:OKDOT:CHECKMYTH
1P9mJnPev55PTDiC7f4ZeVuZCxZh89ZBe5ikLq7EyGmLDRH:12000000000000000000:OKDOT:CHECKMYTH
13KR1s1fyELypVormY1xyye2XkGydytGHzx9aobkPwyowFQQ:12000000000000000000:OKDOT:CHECKMYTH
15zPLW6fqk4xBHnijRsaHwdLJJASGseAFK5WHwE73tzTqpAM:12000000000000000000:OKDOT:CHECKMYTH
13x4QA7RYimMHzGf21ELNGLQ92e5wS8v18pCxT5ae4inDf86:12000000000000000000:OKDOT:CHECKMYTH
1645oaXEqCRwtZrNuqrVNBhjmACefo8c6KXGsbv8FyUT5YV4:12000000000000000000:OKDOT:CHECKMYTH
164kEHjMZt9bXAwKcyiC9ayb72sPL3E6k2wLZQtrwVbQhzGR:12000000000000000000:OKDOT:CHECKMYTH
1par62mhk4R9YiSaeVKqWiwNJ1PfHU9FrGiyWQYQk8BCwCU:12000000000000000000:OKDOT:CHECKMYTH
19moWxYX4nzvYUmD5xSTnut2wUDJhMVAouEC47a6SgjWDak:12000000000000000000:OKDOT:CHECKMYTH
1xGAfPjAmBT21whCK59ZUd9QY4GNuZzVo35hjPim5tLeaqJ:12000000000000000000:OKDOT:CHECKMYTH
12P3kkTEc4JeLd5MJ8ibiMj2wY79RD7tZZpu5iMGAzb4aFBM:12000000000000000000:OKDOT:CHECKMYTH
14h2efSSqDTovEAhPaxCQfhnsD3eJE94V5Z7tL7CvXJGRoru:12000000000000000000:OKDOT:CHECKMYTH
15CD6WsmompT1NhT8JvWjED5K7gfG6axwFALGtRWfPcRXsfy:12000000000000000000:OKDOT:CHECKMYTH
14UMXwxJSXLFwnuses9FHHefWnP5ujVsuauocFUBF6zLx9WG:12000000000000000000:NEEDED:CHECKMYTH
15jZo2E8o7yeJ5AQxxYGWpHm2rNZmPCp29dwfvM1x4MQq5Lp:12000000000000000000:OKDOT:CHECKMYTH
14kndFzjnApJrgxTEikuZmnUzRQxB2vDPRdU6wDwYn3sZZNL:12000000000000000000:OKDOT:CHECKMYTH
13B2yAkFSX5ToSfewf1QXMHnYxPbRVfjTWNUbPDArtfoM5qV:12000000000000000000:OKDOT:CHECKMYTH
12ux8Gb1cAgieyLjPQcCh6e8eQKoHa3EogaD6m9kqpiSqSsB:12000000000000000000:OKDOT:CHECKMYTH
1eHScd9rW631qLqQEQKuQwEArkMfm9qdSK7gfMzmK5gA9VL:12000000000000000000:OKDOT:CHECKMYTH
124aE9kSwJv6ZC6k5udtmoQ1MtEdHmKmEN1S2P6EYCw7Uidr:12000000000000000000:OKDOT:CHECKMYTH
16S4QLXhk8cG7xtakvNSbu4XAwuhBTgwWgmehXrgGZcb7p9X:12000000000000000000:OKDOT:CHECKMYTH
153BCZv7B7LFoo9AHhgTufVaoTMgRwt44WTBuuWpRPuuoTXC:12000000000000000000:OKDOT:CHECKMYTH
1hFZ8krJUc5yDVsnPyYrBeBg92kVqR7M3suJLw9kh6qF4kF:12000000000000000000:OKDOT:CHECKMYTH
1NnUNTPKZpH61cxPGrqv3P9qL8hNJjkuZnkJJQeR8fEPEmX:12000000000000000000:OKDOT:CHECKMYTH
166DPScpkgMsmrwvDqb89CQ1nS8Mq2EgiLXiKu438UEFT5Ry:12000000000000000000:OKDOT:CHECKMYTH
12yhwVEwCLEUZTaDKKqD9es9Eabimgo2pAQ7gwP4zpsecsWk:12000000000000000000:OKDOT:CHECKMYTH
14Q6uCFbwkS3c1sB361a7iEa7fdHAKbDndtrbvBNP5xSdNDx:12000000000000000000:OKDOT:CHECKMYTH
15ybVemtXpk7TrZ6MaG7WggF7gQByXRAxGBRMhPCmeemobN:12000000000000000000:OKDOT:CHECKMYTH
13fGTC8qRpWArZX624vs6Ss39MrUGgN8qBD79hkUcGWdjJCv:12000000000000000000:OKDOT:CHECKMYTH
13PagMGEMVnHf8MoKSCtsAQrAt3oS4mhvLeWaR5XsK76TGgn:12000000000000000000:OKDOT:CHECKMYTH
124XnU3SEfiHk9cqVT4ssaxkL8KGZNuiQkcEoiZAL9ubYtn1:12000000000000000000:OKDOT:CHECKMYTH
14BhfPPRbTANzBhgTDYXddULf8sBTMhA4zeiafxL2RA4xHPK:12000000000000000000:OKDOT:CHECKMYTH
14Qcz6dwceQ77aDF8eQGhzfNbDteEpcJGZqu7WBwtVMCrb4V:12000000000000000000:OKDOT:CHECKMYTH
1575YsWLu3oPV2DC1q8scSNB1Mgq4n58FJsTykuYBou6H67A:12000000000000000000:OKDOT:CHECKMYTH
15sLbUrXvRDoVJuHxfV3L5W4f8ZD1ajD1ExVBiiXveaEmocy:12000000000000000000:OKDOT:CHECKMYTH
1jwFtHKh4Mxz4t4oUpgD3TqinUskYrMdGBocnbKQUSWqi8q:12000000000000000000:OKDOT:CHECKMYTH
13BRpJZSBuikvHVsDJ8CnNTKACjESj8Qr3JjezqQNRbNvdD1:12000000000000000000:OKDOT:CHECKMYTH
14fipG8muztqax8Mnz6rNJVkHt9jy3a8eGqFYQzAJZawTfUe:12000000000000000000:OKDOT:CHECKMYTH
13zDfEUYAXwkAbeGiCWAovcJc7ZT4sgHtp5PQbijF1BHYmVy:12000000000000000000:OKDOT:CHECKMYTH
14jZjMFmChJ497LCWZDfKvM1fUTKE5WEHW3SnF377Eo1PmFs:12000000000000000000:OKDOT:CHECKMYTH
14HQWMFeFaQFeYdfRYktvDFyiyDVvUg9cBEVtKbBBombRRJU:12000000000000000000:OKDOT:CHECKMYTH
14BdagXa38gvKZd54JTkoBari4F3Yy74KfMHnevFNfWY5b31:12000000000000000000:OKDOT:CHECKMYTH
13AoMguLMSYXGcaNNbu8h3JzbeQxvf9XzPLefYkCMYnHaBgE:12000000000000000000:OKDOT:CHECKMYTH
14rNftUcqe1cvojjUYw76htT2SFCRxJMss6iwXtEaKY1qz55:12000000000000000000:OKDOT:CHECKMYTH
14rGtaGu4fKeLniRYRMuXyeY3snxns7JhBCtP2zYfsrKYwKG:12000000000000000000:OKDOT:CHECKMYTH
12dsyX8WFncfXY1QZWuW32xKGj7knGx7cV4MUpJLQpkNWmXs:12000000000000000000:OKDOT:CHECKMYTH
13RG7En24KXvEiWY8hRnxaBuo2bfueGrjTTNTHreXgbDwtmc:12000000000000000000:OKDOT:CHECKMYTH
152mFBPFSccF1suBqrc9xoj61484asUGT2y4nhuTCpvGCAR1:12000000000000000000:OKDOT:CHECKMYTH
151zR5E8jcJYVC5QYZF3vq1jgYsKcx29z9UCjpZD9YCHi5Ne:12000000000000000000:OKDOT:CHECKMYTH
14z4PHZPhiMS2nDiWyAu3jeyNxppFZFWsF4C32sPaj14P4KZ:12000000000000000000:OKDOT:CHECKMYTH
16PHg9U8EU81vEKkvTi8Uv5DAx7HUc4YSMy7dYeidbaJw3b5:12000000000000000000:OKDOT:CHECKMYTH
16g5mGCy9qJDJWPeU6yc7BsmpPbpGDHjKWkknonjrsEg2asV:12000000000000000000:OKDOT:CHECKMYTH
133naFofKHajQCqJx9fXLFGdL9KVys9ArDR4XGYR4zxSgJK5:12000000000000000000:NEEDED:CHECKMYTH
15hUrFDn8JFSGSTxmzBwP9AovQMEY4Da4Si7fJFpqV6cWh27:12000000000000000000:OKDOT:CHECKMYTH
14BBPWEfu8e9pFb27nRwNikjVXbCQisBoovdA3aePBNDgUPg:12000000000000000000:OKDOT:CHECKMYTH
16NBsygiUJ6YW5fTRswbW6TpFfRXPir5HciiofK35md6RweJ:12000000000000000000:OKDOT:CHECKMYTH
12MLQUMmKuRMkiiVeQUwzZbQ3sGPuqf3uJB6PrQma6kZpsiM:12000000000000000000:OKDOT:CHECKMYTH
15mfg7FGRQYkGUr6S9R3udQg96kZ2kTvwSqiGtRukm2CsSCW:12000000000000000000:OKDOT:CHECKMYTH
15pGxhbfDR6MsV3ZRXLoEwzZ5Ugw6sGiKBRo3Gnect31aVwM:12000000000000000000:OKDOT:CHECKMYTH
13XAtU815Qv8ueWQarBkQPovjQ3hVg5hvyonsjgV6MMcLabE:12000000000000000000:OKDOT:CHECKMYTH
1RhRdT3esHxjmL5WafMSCcebnVyZ4DGPfTwcVjhi67xNuzE:12000000000000000000:OKDOT:CHECKMYTH
14icyQ6XLasUTtX1tZrSory7558FFarkFZ8ycqHPBuroRB5:12000000000000000000:OKDOT:CHECKMYTH
15oqWPMqr9a3BKTjQLr5E1WB7ZRtUQyDZ4GSY3AL2UD9Mq71:12000000000000000000:OKDOT:CHECKMYTH
13x7BWJ9u6jMUXWYsnghawuczeZrSUXYarCcQ9789ER5VAip:12000000000000000000:OKDOT:CHECKMYTH
16LEQFVF4LEsnvChdiwTerRVhVHQiit9HVCGhgKjJjTyks3D:12000000000000000000:OKDOT:CHECKMYTH
12YdaYx8GcKpUDB1oqEZLF7HKfSHQDMAnxEbgr9L7JNjJPY3:12000000000000000000:OKDOT:CHECKMYTH
164Nb62squZNRvwjPSNAscwPuFirHAmfT337yL4bRfoC7Q8r:12000000000000000000:OKDOT:CHECKMYTH
138nnkYvBw4gJomB1zoTJrFYAXZNesRsUaJoDyHA3kANcLhg:12000000000000000000:OKDOT:CHECKMYTH
1UazTUiN4sSLompr9RkxxUa7ctFReLsWyeMSp8gD6HRL4YM:12000000000000000000:OKDOT:CHECKMYTH
15tjTWCA72T4Pwck6Qiyd4cfxPqowXMSJKApveBCjhCLLYdL:12000000000000000000:OKDOT:CHECKMYTH
13XsdbDjXfAnz6ZmSVSJZw6vCzQpmYroUqmjEMh8EJh6K8yr:12000000000000000000:OKDOT:CHECKMYTH
13QsREeDgiWp13AzcYyasSFnvmxZQ6NNYLgbfyKTnd9mnMxi:12000000000000000000:OKDOT:CHECKMYTH
1362YSLztHuDVCuuEDTfbpNgZ3d1PYQmjdqdpcwGNALJJXs:12000000000000000000:OKDOT:CHECKMYTH
15Tr7uV8Xw6UTxcovwj4N55CGA3NUWndHdsAXqpUQZcQs1cV:12000000000000000000:OKDOT:CHECKMYTH
1KnuJarA4KEc7JDdCRe2MpyfQaFjiFeAwr3G6pfRTXbBCZZ:12000000000000000000:OKDOT:CHECKMYTH
1EZMWgg4tGThFzLCExu5E12GqMEM5XurXZuAbm389cBmhkL:12000000000000000000:OKDOT:CHECKMYTH
15wNbRVUrJBCdQKttjmUUyt4epPMsgiz1Ru2SYcT4LuJb8LR:12000000000000000000:OKDOT:CHECKMYTH
12BS9Ws3Ku5WZ9xzx1afgaWyrnmMsGNmKFASqizkRNcRczJZ:12000000000000000000:OKDOT:CHECKMYTH
15KcBetdCrN8KBZr2NzYMPrk7k7JLWBPBrQCnYahvU2oZ8Kq:12000000000000000000:OKDOT:CHECKMYTH
1Ae8BLu2KpbCMwQjY3jTwbz5PQGKL8a72S59mfDZFXqPKDb:12000000000000000000:OKDOT:CHECKMYTH
13Td5nXfiiUAjBiBXEgzrNaErG5m4MS8NWZK1TrKyNqkcCfo:12000000000000000000:OKDOT:CHECKMYTH
18HPj9RDeYk78eTYwWJhMVVbsUSWtXK5eswGd39WJExmrAR:12000000000000000000:OKDOT:CHECKMYTH
12K38uhUJzyrtJhvCoUXRh9ttxf6S1SaVkEQQaYmjRcSLV6e:12000000000000000000:OKDOT:CHECKMYTH
12BB8A5igCjdF32hLncFNeAj7fp8qXvLNnhyrkubaRUD4DAZ:12000000000000000000:OKDOT:CHECKMYTH
14ugaxJHc2wHMHM8KSwd57UKFTH1ijygHzLJ2B4sV42rUvxx:12000000000000000000:OKDOT:CHECKMYTH
16dH6FUtf2qigbQjtmUkCS8RHCpoxPZ6AYhGjE3bdAvbV5vM:12000000000000000000:OKDOT:CHECKMYTH
1Df1oYWKi1iqoBG98MzUrPNWBUf2ntxQxAjrac5TyT5CZJw:12000000000000000000:OKDOT:CHECKMYTH
14FQPcNY8MsDqTQ2yPBG7ntHzNDWotPbEkqcgkwvBivGRtSz:12000000000000000000:OKDOT:CHECKMYTH
13NCLd3foNpsv1huPDzvvfyKh37NEEkGFotZnP52CTR98YFJ:236000000000000000000:OKDOT:CHECKMYTH
