13Z22Vvym5Mc2GDsEaZuL8h65RyVDaoaHbuiT3y3sRyje4JJ:12000000000000000000:OKDOT:CHECKMYTH
136djVSdwbpP2pKVGk5w9FTqWiSNDksbeSK91YoM3Qz8fFZQ:12000000000000000000:OKDOT:CHECKMYTH
16ChXfSgywkG1rkGjn9UCaBuVC45crxSxLJmSYCppamZzoxH:12000000000000000000:OKDOT:CHECKMYTH
1JgmDxxXjwP9a3p3MM1ZHwXAGYcpPw3ZZh2ubFJZvD1NGt5:12000000000000000000:OKDOT:CHECKMYTH
13ckZbpoATtC2oscRsj43NXPUH7stKC45GrC9VYqmTjLJdYo:12000000000000000000:OKDOT:CHECKMYTH
15htemd2btTFU65qWpKxBH3GvgGQhPCpmycXsJC18daPSxtR:12000000000000000000:OKDOT:CHECKMYTH
1Y5ptEnXhRpx5XwB93GYFdByGhNeEMieGcfdAjTQKN6AJcM:12000000000000000000:OKDOT:CHECKMYTH
126ZpUSzdokE6wUDHzUsHre5cktyreX4Wem9UDsqhEX9fztV:12000000000000000000:OKDOT:CHECKMYTH
14GbFTCvyWVxdp7sVgFVR8S7js8HRNuD5WyAQUUnbLGmNu23:12000000000000000000:OKDOT:CHECKMYTH
14zJMAxkYcDmA2MBPGoaXKY6fcTKfTuFNvn4oGWipdvfaTUH:12000000000000000000:OKDOT:CHECKMYTH
14kXZvKsBms31zRyHxXXvrFtof3hJF2TwPZj1kRPDWf14kbk:12000000000000000000:OKDOT:CHECKMYTH
121WVabP6yiuKEj8vtxyqiQnAp6W5ejVuubkcx43zc1hCXxh:12000000000000000000:OKDOT:CHECKMYTH
15fW5Xiua4rHPjFmbnHk24p1x79GozLnDifZAWfxrNihYWpJ:12000000000000000000:OKDOT:CHECKMYTH
15FYFrB2NH7DJWSPWtQwciAccHUsReKXpmLLGYpcxBwx9DTs:12000000000000000000:NEEDED:CHECKMYTH
14zZDX6yg339YaMrT9QF8uK6WnxAzPXQWgweM9K1AgR2ANMy:12000000000000000000:OKDOT:CHECKMYTH
15SidQTSKMg4BBQgQiYumxBZsJxoDFC4RCzELVuhD2HahALj:12000000000000000000:OKDOT:CHECKMYTH
15XxssSjZeWLQjiUNNgXM1bYtuSzwybq32gZyEiJW3A3fXet:12000000000000000000:OKDOT:CHECKMYTH
1389du7weygZMLDrm92uoGVWgHqH1YV9PxLLJiBRwhbd5J9H:12000000000000000000:OKDOT:CHECKMYTH
16ARzHorAP8JhdMH5a3YkWttpFgBNqzwyxu5GvueX5xzW965:12000000000000000000:OKDOT:CHECKMYTH
12gx2qaDLF2X1V2YRRNVnZmjxvW9EUCeekvpypR4HNKuJgUW:12000000000000000000:OKDOT:CHECKMYTH
1RbBVEs3CkNcf8qGiNhH5KDNa19rUKzV6qbskS6R4xTwUUA:12000000000000000000:OKDOT:CHECKMYTH
149pjrdVnCzRUMdv8VZq8uqj3B3xnxuxuVM6qCDwoHR9iXxD:12000000000000000000:OKDOT:CHECKMYTH
14Ti7tkDhqyUhb2nh26QFXuWGq4QAT6HwW9sJ1fL2uRUbTCQ:12000000000000000000:OKDOT:CHECKMYTH
15dn3kQoYRG9hrUgf7LwnwPDvdcbvqjMFm3ZFquXZrjGa3Td:12000000000000000000:OKDOT:CHECKMYTH
12uNbokSyeaYENg4htowoam2SsktiSaPxk8vGgaWQSSgA3Xx:12000000000000000000:OKDOT:CHECKMYTH
165T26M9LGpNV7a2AK2yysx4bJrotrpKK6h4FGioF5Z3Pp9T:12000000000000000000:OKDOT:CHECKMYTH
15MT92i6XAbrgQyvswsrE4z3iYdeGVZNEgxAyMPbwo69fmyP:12000000000000000000:OKDOT:CHECKMYTH
1RdhtuPCqeK1PBzPShSvhjYtvrxyP7nyJ3tCSazb9bgTJzW:12000000000000000000:OKDOT:CHECKMYTH
1YWwoU96UcY3SNVvLnTN19ERtacPJqqXNCgDWP7xksA8nh6:12000000000000000000:OKDOT:CHECKMYTH
15ygWpF1ngWDinatcT9N71qv8pggKRZsVvgqkFRRoc9DEyYd:12000000000000000000:OKDOT:CHECKMYTH
141WrfxZeexeeNCsE1vsXuAEJAsZSrsWhY8kpaj97N4dNtRc:12000000000000000000:OKDOT:CHECKMYTH
1iNhzb4PR5oVRPbXSVxQWrnR9mAxQQetQYg5C1cZ47cgu8y:12000000000000000000:OKDOT:CHECKMYTH
1AU61fmuzZHRZhKvkqLSeY2EJujGgFkrNzC7xS9Qj2qGTVm:12000000000000000000:OKDOT:CHECKMYTH
15QFq629nh4UDpXXKFE89xEPsFQ2tHLJH166heXbEzLMU5c3:12000000000000000000:OKDOT:CHECKMYTH
1RxHRtjaKX5QTQYdZRCofxMo9hAK27WVoGLweUioNHim3zv:12000000000000000000:OKDOT:CHECKMYTH
13pNLwayyyse94mNraZSxyMThU62AgpSimetDvohvqkxxWTs:12000000000000000000:OKDOT:CHECKMYTH
164YbFjC5eCDRMf72Ui9cyQpf5Td6corGtPmUcTYFJ1XcSkS:12000000000000000000:OKDOT:CHECKMYTH
13jLEgaF1mnk5h8r9Ed6uvk87DUD2MGWs5WkS9QF1aD17KgB:12000000000000000000:OKDOT:CHECKMYTH
16bNJgSTF3BsMLM7yvFGQbAhDNhxprzxv2c1BRJ2kPAFrHQu:12000000000000000000:OKDOT:CHECKMYTH
13fio7mg436dcKGwEktKKnpoAb6Lykgwtqyd13DfgFYyKyLf:12000000000000000000:OKDOT:CHECKMYTH
16C9wUEoFPEZ1K3qzXWsd6LrFw4KiWsgKpnBbHFLotUUHi3T:12000000000000000000:OKDOT:CHECKMYTH
12aQUXeRavzPxy2583RTGuHoKY75tjyx83WtvzW5SW17bBn7:12000000000000000000:OKDOT:CHECKMYTH
12JPkYJ4fkPHotWmnHtRDrSL9JBmYyPVXNNWmKNSR8GbPZjz:12000000000000000000:OKDOT:CHECKMYTH
1o8y3UVUMnyPHWvkXMTbHRmUk5W9fnzfqu9cDNiQ5wi4Zd1:12000000000000000000:OKDOT:CHECKMYTH
14JPfMDx7BMjg5xK8XVBooHh59xSNqAvgQiqSTMQMdfXDvEV:12000000000000000000:OKDOT:CHECKMYTH
1e945sCwcBRkdBhAA5biym4YamcMTu7hXDfcFxCFRwwAwFh:12000000000000000000:OKDOT:CHECKMYTH
167ieyW35n48sPYxDatkZoj3qqVE6H6qmc5UxzdADRJoSama:12000000000000000000:OKDOT:CHECKMYTH
15fKRG5wRCuV2so4pj9G4Y4A7ux5uVkUZPG7NHifgzo98x7B:12000000000000000000:OKDOT:CHECKMYTH
16Zxui7L5BJ3FyykrpqaPpC1jcjUa25SJZiBtBYJrQoFQFVm:12000000000000000000:OKDOT:CHECKMYTH
146bzXisFLqWRvMrfFypcwci8C1in5dr5ZSwrPTkkmYsvuFR:12000000000000000000:OKDOT:CHECKMYTH
14rGJ9Vay6u5cfsH3s5t2L9U9kkaFwEiZt8yNi2TC3QRf8Tz:12000000000000000000:OKDOT:CHECKMYTH
14XGzQMv2jWquVenVpPKgps7mc1YLxv4KkW69Ywr4wKkLhxz:12000000000000000000:NEEDED:CHECKMYTH
16DqwphrLE1oNCWtYT6isPb4o61jWh7Wnd777D8nZWgHHZWb:12000000000000000000:OKDOT:CHECKMYTH
12RDtZZXjXRjdEu9NzPuBQCUmoQv1YQ2HHGSVxnWw1geQcTZ:12000000000000000000:OKDOT:CHECKMYTH
13VfwducBFrUrwtGJbxV1JEw53CBvoRPwPEksMmACzVDZcrX:12000000000000000000:OKDOT:CHECKMYTH
15Z8WHkaWsreCL6iqz5Q6fPBdRxPkqk5MB69yJ9HGPHwweGc:12000000000000000000:OKDOT:CHECKMYTH
12gwHZwZuqFamwQHMJKPoszL6eKzi2sX3dDE156N3eiBExWS:12000000000000000000:OKDOT:CHECKMYTH
13aYNfiPf6duhrqAZUApRugdc9K6puPquMWrt19R4fGEdgTq:12000000000000000000:OKDOT:CHECKMYTH
16X9jsU1hKd4ewy5b5NY4by1ZMpwi5VboYGjqSc8QozL4XeX:12000000000000000000:OKDOT:CHECKMYTH
13zcCR1CnAK81iGV3zExLjUN2WFDn2iGF4BbPUiALyMSwy1G:12000000000000000000:OKDOT:CHECKMYTH
14DSViHYWBc1yccdPtViAgcN7rVV9JnAKwXdQzMdzHN5chUy:12000000000000000000:OKDOT:CHECKMYTH
15YDRKjoKggkMunvCEj8ip2UjdHez8P6pvJTXg1bUNo7q1Cg:12000000000000000000:OKDOT:CHECKMYTH
17LoPiunmtUw8dc9B6fXXjYfEwC1wN8sAAwxne5Q5cKy4DM:12000000000000000000:OKDOT:CHECKMYTH
13iLP5xUAzsi9g5Br4PbdW777WfJ41E2AB6YqhkKFeZh3eV7:12000000000000000000:OKDOT:CHECKMYTH
13SVdHSZc1qVWKZTyiRq4JpndM1vQZD1JQTzcLQQGzyqY3NS:12000000000000000000:OKDOT:CHECKMYTH
16PvrWKswcGfftMHeBxwkDj4hiV7Br7hL4RipSQEH3c1cpKX:12000000000000000000:OKDOT:CHECKMYTH
12pn97dYXJmNw6tFHLEHV2LgeaDZtJXszsWPDijTHpUXXqGq:12000000000000000000:OKDOT:CHECKMYTH
15cjNzCWPqdeZecyvXVovtRTtinn8hMGhHTba5QBr6i9NxTe:12000000000000000000:OKDOT:CHECKMYTH
15QjTsdw5pbSnEoTqjWqwZmstGWkiLYYcHtCX7Lpbu2H7ZrZ:12000000000000000000:OKDOT:CHECKMYTH
14DH7wy8JQCMgrntB543GE9XHz1a6ZiPPotue1JgRqDZR1H3:12000000000000000000:OKDOT:CHECKMYTH
12zoEtniT1913mmEuxUtEhjuix7gbvP6TxRvichPnTeR1rT9:12000000000000000000:OKDOT:CHECKMYTH
12KQk2ZMT1CbKqusgCCA7zaYeFPoJ26beTqJV2CUquQNaJQR:12000000000000000000:OKDOT:CHECKMYTH
15vcqhgXEZRd3xbAn52E2MHN3tQHbNHdMTr27DUU9NeEJpsF:12000000000000000000:OKDOT:CHECKMYTH
12ELPLpHFi7UUUNHAroUkNoRjxLBFjgaWurh25pBLABPekU2:12000000000000000000:OKDOT:CHECKMYTH
14MYSa12ctYZ1kAiwrMexSsEu65dStzBj8z2fZ495P3NQGD9:12000000000000000000:OKDOT:CHECKMYTH
12W8K6MF8ZakGKiDX62Bjkqwyk7W62ck7XgNqnCrMRStB9ww:12000000000000000000:OKDOT:CHECKMYTH
12nQrAahiStC48vLeyZQSCqG74XiepLznRrMhZryAprrqwgu:12000000000000000000:OKDOT:CHECKMYTH
13v6xzaCC1hKtTXTZ1c6DeLStNesQefeWgQ7GgGeeGEwP2to:12000000000000000000:OKDOT:CHECKMYTH
12EjXUY29pyJbxuVr3Zj8ZnCAKXaBn3mew2qqoFvEYEP5xur:12000000000000000000:OKDOT:CHECKMYTH
1jg5zG5e7Dy2Gaxaw1FFhTaii9dqqvJDdtbutC2zqDoHW5S:12000000000000000000:OKDOT:CHECKMYTH
13UVJyLnbVp8c4FQeiGedrRM6C9GGH7fQQkoJpZZm4ndxmea:12000000000000000000:OKDOT:CHECKMYTH
1gii9Tg3pMLaFRgWCuC9WrDxhfzBBF62THKCjvPtbALe82c:12000000000000000000:OKDOT:CHECKMYTH
1xvQAH5zXvUC8apBC4r6dRC7i1hB4PtFSbHTzxTw2pS54gj:12000000000000000000:OKDOT:CHECKMYTH
15rDCGRBnXxg153zrsyfRjjZqBU48KCWRMG5ArddUXSwp8WS:12000000000000000000:OKDOT:CHECKMYTH
16Moama8qzJ1VBib6hRMsPxnrXHogN2X9btGJbSfGdJn2Gix:12000000000000000000:OKDOT:CHECKMYTH
1Ne26nvmi13gQhW41MmR6U1WvAsxuPSn6QH4NYyxto41pq1:12000000000000000000:OKDOT:CHECKMYTH
15fusHKCjoEYs2dsYpUKkGy77HB8MvWztBQzZBcWHfpt85kx:12000000000000000000:OKDOT:CHECKMYTH
1cr3ZHonbLeWCSGn6sVAFTkQeEYqZnN3WpoJ5HHGohfR6S5:12000000000000000000:OKDOT:CHECKMYTH
15MarYS4UVYpAthU2FgnoUikumyjvEdrXKtznoD2ZMAxksWD:12000000000000000000:OKDOT:CHECKMYTH
16GNrBDXvhMi2hQAwMd7skPytcAYs7v11UPX6gUGw9hZjQ8G:12000000000000000000:OKDOT:CHECKMYTH
1sZJDWewXLD5i1XeSN2n2AaPXYZk15bYH7NkKDQyxEks8wm:12000000000000000000:OKDOT:CHECKMYTH
123aMu8AbXRYniHVFrKnDj2PSLkBk227Kv9dZmAYcyBhnEdt:12000000000000000000:OKDOT:CHECKMYTH
1ujpqN52M8H2Gffj9rzHJ2Z1WK9UTmgAtyTc8g71M4x9Sz9:12000000000000000000:OKDOT:CHECKMYTH
16LigqAJW42yTkou9QmiqkqHCffkkQPHSJprE2tVKx7HmzUh:12000000000000000000:OKDOT:CHECKMYTH
15pPmvnCvBpDSq31moB2Jgyj1k9yNTBcWxyF4ZCZ3UFAa4vt:12000000000000000000:OKDOT:CHECKMYTH
12rHYi7s6XjeWChhbcP5SwoJLg4b1dsA5ALTkmU6aJEq7Sod:12000000000000000000:OKDOT:CHECKMYTH
16U21C5wfotHfvVEqATjsMmwL7e7a7jYtRrPUHQ8UDeW75Hm:12000000000000000000:OKDOT:CHECKMYTH
1q29HuCnkJyaunfvqB6rgezAGY4DkGd6XydhqkETjDXcZfF:12000000000000000000:OKDOT:CHECKMYTH
1jKfpuGsHGNqk3SB4HXuBJ9oAQMsTkq75ucWuoMEwgYR4KH:12000000000000000000:OKDOT:CHECKMYTH
13BZrb44X1egSZcqzHveyVn1wrQqUxQLuvF1S5YgCHT97poT:12000000000000000000:OKDOT:CHECKMYTH
1iPtCF4gy5NQ4TT2iGPANeVN9qp2KHFJPjcGRgN2X48ytuX:12000000000000000000:OKDOT:CHECKMYTH
1Kvkf7VAsYPDc6wjT2fdPbkJKhUzJ1gjmR3sVpd94iukSiV:12000000000000000000:NEEDED:CHECKMYTH
14AxsmRwcT39JrXDvs2LK5KvgdxLm2h16UZEVAYPQ3Zj7mUn:12000000000000000000:OKDOT:CHECKMYTH
13Sfu5vvz15R9yXMWD9kYuKpNou7nDiscgGtTF7VraJBLBCB:12000000000000000000:OKDOT:CHECKMYTH
146m6G7zPWc3iaXTtLhn3ZLdKTzYwL1ZCQDaht14J9ZMHznc:12000000000000000000:OKDOT:CHECKMYTH
13b3s3e7Z5sn259SRuWMHoYt2MScBu5bMd1N6mcvwuAkfUoo:12000000000000000000:OKDOT:CHECKMYTH
12prtpagRdxZ7GbURxtC85KYiR2M15xDKh99UrPsWtAmtJup:12000000000000000000:OKDOT:CHECKMYTH
13pMutZixCJn9ZqNrb85Waj1k3KD3FEtJ6L7V453D5GPUXd9:12000000000000000000:OKDOT:CHECKMYTH
1yBENdqAfuC8yWkwTxQgc6CmHEssmgdovzGLrR4tsWBmMzB:12000000000000000000:OKDOT:CHECKMYTH
1Bz3X8Bv5qWFitJLcAK8qZZZrbVfsXRfqHDh6W41gurwyNP:12000000000000000000:OKDOT:CHECKMYTH
1QVDUu4CgfGigKwdJeWP3N4idhfXyQ2x3ubbGq2sW8oqa2S:12000000000000000000:OKDOT:CHECKMYTH
1EP8yJ1CV9nHZjwLbKQrmWcqcm731kBMRSPdnX51YBdLWpw:12000000000000000000:OKDOT:CHECKMYTH
13ihTLYFvrWMJ2vKNuLv6XGXADmfY5afb96sgzPcNT1cDMsd:12000000000000000000:OKDOT:CHECKMYTH
1MKStX1UWoxg1gxepMfeXDi4TC7ANTAeux13gR2YJHSNBUk:12000000000000000000:OKDOT:CHECKMYTH
16LFyeNYSVkCqD4wMythtry9XpvM6oDbXDvuw2sJZSCoNA87:12000000000000000000:OKDOT:CHECKMYTH
1c6bKD7LnWgGgBRS5djQz5ekD6Evo13dmo6owtQzhxvtfeM:12000000000000000000:OKDOT:CHECKMYTH
13bSapP8FMK8GG92WGMQnuQBFVs3MAbBEiHvbFKMC15CxmwT:12000000000000000000:OKDOT:CHECKMYTH
1622ZBLjRS2uDA5iuuEBFnt9uS3eYSy2FeHG9B1cAuJ5XZUE:12000000000000000000:OKDOT:CHECKMYTH
12g8h3DF4mjiC5D1GWWNqNwxGGhhbxMznXTTkACCYVDq3SQ5:12000000000000000000:OKDOT:CHECKMYTH
12rdpMo3EPgfumHcLetMhDREf5MBwWRaDL2o1HkhCVYqTnpM:12000000000000000000:OKDOT:CHECKMYTH
1LfmFjV98Kyw4te8UYLjyWd3KdD9w6VV4FhhAKNefAQrq6W:12000000000000000000:OKDOT:CHECKMYTH
14Riu5a71EweAbcGdQ2zDQdvR5rueGdDBbKpdDLZPbWHaZVU:12000000000000000000:OKDOT:CHECKMYTH
12ByY34jt7kPFM1C3iU86AKaScA3HtkwM4e4C7pKthdVDWU6:12000000000000000000:OKDOT:CHECKMYTH
13PgEQDrWzvS7kzCCapUegW8Xz1VDzmHkG8PCfdeaxLJncbY:12000000000000000000:OKDOT:CHECKMYTH
15BkuZzEFUa5hdrjWQhzm5obwBjtjYo17JAaypyfjti1za4X:12000000000000000000:OKDOT:CHECKMYTH
1C26rCpPgKZysdrw5xZrZncRqsAz2qoDs6sJow5GgG1Hauv:12000000000000000000:OKDOT:CHECKMYTH
1625o7cAugLXcNUGNKYuccT9ST2Lh7CGwu2M9uN3SwZE6m6J:12000000000000000000:OKDOT:CHECKMYTH
16HR8Wd9mAkkPQ1MrHvScipAHysweLssfvURce28gnJYzNXi:12000000000000000000:OKDOT:CHECKMYTH
13VrtmkAtt69dYf2dorcagU7Lmgq1QyBpGfVcFAWqfdt3WZc:12000000000000000000:OKDOT:CHECKMYTH
15qRJdvXghNHL2dcpbUF1NE5ZMPtqT1GX5N6Yx6wWa2br1X4:12000000000000000000:OKDOT:CHECKMYTH
16EMHF22VGj62fC99Gs5zw7VRjcMzuXZk5FGya3htzNcgEQo:12000000000000000000:OKDOT:CHECKMYTH
13F91tmfJp4UjRHsadwQoYrewznUfNNToNQKk3AFw7u6qwcy:12000000000000000000:OKDOT:CHECKMYTH
143dJNJzD5GWZtMcwGPaWyUJVKxRUCBFX7F7eojuU5hfiG1f:12000000000000000000:OKDOT:CHECKMYTH
13etSpzXut23kjSGpYLDQhvfXLnjVAS5JPgL7E5D5WKTp55K:12000000000000000000:OKDOT:CHECKMYTH
13gjPBfbFCGYeLU4ezuq4FqqjEafM7FJHqL8jJNrofLtZPzX:12000000000000000000:OKDOT:CHECKMYTH
12TDJku2R6tLEnZSSezxqW8qdWERbVkuLiJ4f1kd4MTpdtq7:12000000000000000000:OKDOT:CHECKMYTH
12pnm2sVp5h2k53urysZLkxkE4cty4igPMMMN6KYXnKtTW7b:12000000000000000000:OKDOT:CHECKMYTH
12NW9q6r2HN3MivQvVgnwdac79qx8CNYoXZkhE49WqV6UMUg:12000000000000000000:OKDOT:CHECKMYTH
12ELxivKtESgaBwxUAWPzu3H9MKkWEcsqsvmoc7gRbGvFDqW:12000000000000000000:OKDOT:CHECKMYTH
15NTKgrdSwqhuHxiNbM9LViUZotLimdQLDhuUBfRszeD6Km1:12000000000000000000:OKDOT:CHECKMYTH
14gWebxxebA6RpJHDrAz34PKc88jhmn6M8vqZjUCn7znQdQ1:12000000000000000000:OKDOT:CHECKMYTH
13QxH1gaLoVajTAiHdJ6bTUPZGqVxqfF3FQtNMnAUApppggK:12000000000000000000:OKDOT:CHECKMYTH
1u2RnQm71j9Faa6hkichmb2qDQHfwYWzJb8VMAgmvpGxXJe:12000000000000000000:OKDOT:CHECKMYTH
1NPeiANCSRsxTjf1Kod9Yrin3GV8GWzMy7RtVyKASV2iy5t:12000000000000000000:OKDOT:CHECKMYTH
12Dm1pqR5WatitPJM7TAeT6kK2vkXGMsG8Yeu95ZfrymAD5v:12000000000000000000:OKDOT:CHECKMYTH
15yewB3mDJKhM8wW8dZiRFUcoMMgJ17xhqJq9qfHRgCCutMT:12000000000000000000:OKDOT:CHECKMYTH
137R6JvzQrHe2vUTQpER55qJHMKJencerjoA15uJTc5ER6Ke:12000000000000000000:OKDOT:CHECKMYTH
15iBRaRvpFtYwN8KfrzueDMbbAQXScfjdHDrP4VjCwZUqPhN:12000000000000000000:OKDOT:CHECKMYTH
1gh89knVEuCQENE1ayjoqbfJ7gPpMpTu67iLMV3EAdbyJGi:12000000000000000000:OKDOT:CHECKMYTH
15nYYn9Bogsum2CXyswr9pk92cf7JBqKD1dQTtHApCQGAx6c:12000000000000000000:OKDOT:CHECKMYTH
1RETzrRVq7GUMBPKdBicpiEevbNQZVSr1KBeecVB5rFuMAP:12000000000000000000:OKDOT:CHECKMYTH
16DurTg7Y8h1AGmzTT5rGXozSmpjLEiKxvN7TikZeFijAT2t:12000000000000000000:OKDOT:CHECKMYTH
12WLNhpEDR3PkfkLDVXPfD5BzdHJKkn7nwc7i9qfTprJN9hE:12000000000000000000:OKDOT:CHECKMYTH
1WEYFxxZuH5u2E2AuNhbznkubXQj2zxWjwYthi6o8uSNC4Q:12000000000000000000:OKDOT:CHECKMYTH
12SH8Wscgs7yYnLr8nASpdiD9svc8utQPkJv4qj5Emxu9QFy:12000000000000000000:OKDOT:CHECKMYTH
12HPeb3UYjA2aqDrSo1jmbdW8KkY6LcKSE32qs1MdgYWuygj:12000000000000000000:OKDOT:CHECKMYTH
1Jot4E5ouEJiz62HPC3m4DExteF32427UKuSdJTHjZgwr4A:12000000000000000000:OKDOT:CHECKMYTH
16VUBHC6hwEbpaJ6dXQ8XmnuhKpdmextRMP6moJY7hJpMh4C:12000000000000000000:OKDOT:CHECKMYTH
15g274rk1GWdDPvGANPrpbr1MtTr837KFHSD2frM3hEtF2UU:12000000000000000000:OKDOT:CHECKMYTH
12rqxbB9SMFyBjcEv6VPZmSG7ayW869kZkXneQmybfo3XyQ4:12000000000000000000:OKDOT:CHECKMYTH
14K7ZsXH8iZ6TgDEyERTmCyxQcBaQWrk6GE2CxrRb1tuxnQz:12000000000000000000:OKDOT:CHECKMYTH
142G5qoPMn9exoca7y6BpRUrAT6FFyzyJXwjHn8tWnSrEMRk:12000000000000000000:OKDOT:CHECKMYTH
12phE14C4pdJYfpdknPWRM6ZF8tx7GpfXG5iWfBwpPGjun17:12000000000000000000:OKDOT:CHECKMYTH
16HJGXUNx9vxTKDAKeg1pyvniDBfRn1Re8WuKFN8X3RXAWGS:12000000000000000000:OKDOT:CHECKMYTH
19UUvgZ59PSQJvPXtHiRrpu2gLqxLk8dpv9Y8AH8yNbCNSC:12000000000000000000:OKDOT:CHECKMYTH
1647L4HLJYwx19bs7ipVfM5zNCoYxiieqm9ajc5skSsqcxop:12000000000000000000:OKDOT:CHECKMYTH
1xHNTSBewAfgEavWa548ZMmdemD5ZzspCGv2Lf3tt12xbhn:12000000000000000000:OKDOT:CHECKMYTH
13ZGUrkbi9EgUJYV4zrEqQ7xb9J1NW48nZrov3yurqBqUPXh:12000000000000000000:OKDOT:CHECKMYTH
15hb82yqs3DmuPMpt7HdWqneM5tQt1jSBk2gUodQeT2edcEg:12000000000000000000:OKDOT:CHECKMYTH
1umzw7FvVaqpDn8t44Sf6x3nW6HknFDmvTmcDfMn41euxFi:12000000000000000000:OKDOT:CHECKMYTH
1nufaLKhvRRPMfaWUvBdk7JejzDdeZYEuiwcvecAJ6BsDBX:12000000000000000000:OKDOT:CHECKMYTH
12tT2GHG3Knxcft5CKWEZvnBEfzZJp9H63XFfFYf6ttSDWvn:12000000000000000000:OKDOT:CHECKMYTH
16Ukk5eVsDiZSv7UsQakcTA5rbkZfqhgB2dftThfsPuNuVJn:12000000000000000000:OKDOT:CHECKMYTH
1BdKdTfUphuwd3RhiATf697mmrTkFvq3o32DAB831mtsiGW:12000000000000000000:OKDOT:CHECKMYTH
13TYhjCqxProHBLCQoaaV332E2Dn5ycfe3FtYY9RUUxDWPcf:12000000000000000000:OKDOT:CHECKMYTH
13NSkV2F1VAsuMthhM7cn3ijjuRZfjLnjJ6BDZMDFX8PYS2n:12000000000000000000:OKDOT:CHECKMYTH
1hDRtdCncXxQDboDVTnJyQP3jJnaYNJCmPqzudH1auaovkB:12000000000000000000:OKDOT:CHECKMYTH
16j52ZGpJaon427ZyRJvdNkwuVGhUKvhDChgDqY4D61ovxMd:12000000000000000000:OKDOT:CHECKMYTH
12c5WeL4zjMzwLPh3qVscQ3ZFDmCRPh45Te6GqRcRfNLAX6N:12000000000000000000:OKDOT:CHECKMYTH
13ry9uJ3egn4mAjASJfiznutbGa4zd1oZRv5chQERZBCmuLd:12000000000000000000:OKDOT:CHECKMYTH
12FWtw8zFAoCTxwvwJp37sSgUJrVyF1EViap5GcnSDMx6WKd:12000000000000000000:OKDOT:CHECKMYTH
15aoeh2M3aj8tnnmPR8PC6X9JkMBDFMP1pUXwLLt2kSQMUBA:12000000000000000000:OKDOT:CHECKMYTH
15XWA7RKHeiDt46WFmCWjbh5ZJenzxcNF2xiZ7xVR7YNp7ek:12000000000000000000:OKDOT:CHECKMYTH
1x28zsefPJ1uCCuwyCRmv6m9LAvXczzYkjLHxAHGh6EsfSc:12000000000000000000:OKDOT:CHECKMYTH
1eVJqkkwMcZixpxwKMX4j7huayw5QaaJ9PpGfCBYeNjPmoU:12000000000000000000:OKDOT:CHECKMYTH
16P75kXXJQMwhmuB4oRLTQzzJA8Fix6D8z2nzzoAs4v9vdGP:12000000000000000000:OKDOT:CHECKMYTH
12MyirGHWZfBmx4WXFfxtJM6nVyjxBkeLh7roJpcDjhxy4LJ:12000000000000000000:OKDOT:CHECKMYTH
16cTMNcKXV1W7csTeXjdDmmCXdSbP8SKrDxAo2BA31UxDo54:12000000000000000000:NEEDED:CHECKMYTH
1MsETHT7bG5U6pvcCrCLjUmuTSPYKHk3yernugWUX2PVPNf:12000000000000000000:OKDOT:CHECKMYTH
15DsNVqzqgnYan4mkfK23NrNj4rT9aqdjbcqVKh93kq4uUeJ:12000000000000000000:OKDOT:CHECKMYTH
142QMMCk9pLEZg51XebhMJPty8fuALHqEDwxxRoQyrmyYUqP:12000000000000000000:OKDOT:CHECKMYTH
12b2eE8YThKxNba8oCd4QEFhwBCdf6wS6yxVqSeV8Asq5jXS:12000000000000000000:OKDOT:CHECKMYTH
1cUjvnfvpxaR4qN9BHEuadHKN4sgmfi3nywBnwtTttPsNbM:12000000000000000000:OKDOT:CHECKMYTH
125TsFa9mmJEab5r3XnbvZbzuiRg6nw6LZNq1qwMX71xiUVp:12000000000000000000:OKDOT:CHECKMYTH
1315aq9mqrx4ipf8Sg5fMSMgL9CJztAmVo2TyaCYqUEe6K9B:12000000000000000000:OKDOT:CHECKMYTH
12aDdUpk3HRHvZUNQqiwEnBXkBGT3x4YccHe1k3UdED2s3gY:12000000000000000000:OKDOT:CHECKMYTH
15mpcuhEPWGBKfbsDzeNftyHvGjwZeNdHedE5FJK2uuAquei:12000000000000000000:OKDOT:CHECKMYTH
16itXf7vCQgNEjzZRqrinhue8CJ46c9UT16Qu6J9i9H6zB7A:12000000000000000000:OKDOT:CHECKMYTH
15GRpsXs7Ah56aNwFmuWSHYLbVXgMT1dRx86LA8iGH4MUEU9:12000000000000000000:OKDOT:CHECKMYTH
13PaJfti7hs2L8HbYzRueppWq4NmtszqSCwL8FNwrojaqh5n:12000000000000000000:OKDOT:CHECKMYTH
12xLGbXCGwnbUmea4735LUycfNVuHK6NuY4DE4hZPxDTq4GF:12000000000000000000:OKDOT:CHECKMYTH
142dJYR43fau4Q1uoRq7KWAfJaTYGT3YwrryXtwiHcd6fmFc:12000000000000000000:OKDOT:CHECKMYTH
15RtyUKwmuZdSpJd9a7HYbepKkyyCKgbaWCx2jwQ5CcsQz3Z:12000000000000000000:OKDOT:CHECKMYTH
13mQWyxK6TFmDGvXL1GRG7RSXzq2khvxxh3U4HHajuKm3ZUS:12000000000000000000:OKDOT:CHECKMYTH
164nBT9xrHghn4yCgEtozakwSiqG5bfahkhzKQ3yamLroM2X:12000000000000000000:OKDOT:CHECKMYTH
16cbeGngEdQ3HoVbymrynXvEEwVvTPhCaKN9cpRf9jsYqXmd:12000000000000000000:OKDOT:CHECKMYTH
14tQ98t4G4UDe6N8eiKpQ7ECg9ZCDVaVeRDemfpnWJRpyALs:12000000000000000000:OKDOT:CHECKMYTH
16FtiCS7muM98dUTQSKaA18VCYNhWJAVKn6yQdo9P5bu648z:12000000000000000000:OKDOT:CHECKMYTH
1aoDPjEdwdW1XV6gYvpRBkeHnDDMtxuXU3fi3tVeyGpv6gb:12000000000000000000:OKDOT:CHECKMYTH
136zzGpy3eedx81fGrwBcdq21ufpxuwxNVzNHiJ8yRt9XArN:12000000000000000000:OKDOT:CHECKMYTH
16Cy3bhiD5rNNC5fhtre32BJZjAhT57eHvuZQ9yLhP2gEfSp:12000000000000000000:OKDOT:CHECKMYTH
11YsPSt1Jexv6pCR3BVeVg7Xc2jeWH7whbumie7MVrWbKBY:12000000000000000000:OKDOT:CHECKMYTH
12Z1kn7BK19SwV2G6YVtwjm9EH9zxpPA1ov5ms1JpnwK4d3a:12000000000000000000:OKDOT:CHECKMYTH
13QgGa27BUf397uNDKsck5NA71X1V19shc1W3Fbc2rtcKmmx:12000000000000000000:OKDOT:CHECKMYTH
12nYR8YCy4NrYjqs6Sd4kB1J9gEKotSQMPHrSauEsG2zBhY3:12000000000000000000:OKDOT:CHECKMYTH
1EhuzpFVLBchr8PS3wEJZVFvAfBFPF9khTQ7mdpwCubmZFB:12000000000000000000:OKDOT:CHECKMYTH
16DDp7zEDU7LdLGpVVdeVA8LitCuLgeJe6tfJpL3YHjsicAb:12000000000000000000:OKDOT:CHECKMYTH
14BDWicnqTrUFv2fHjERaqzp3X93RRY4bVjYpsTcgby7ryoe:12000000000000000000:OKDOT:CHECKMYTH
12GxEH8pZvp2fWrPUiQpiwpeLZf6HY39nyi6u8sb5dH8pyrp:12000000000000000000:OKDOT:CHECKMYTH
14rdQ7RybrLXKvxCDpMW5CE3BQhLxCGeqKYhYkvPZ7nvmcdB:12000000000000000000:OKDOT:CHECKMYTH
15GiuTTMWCv1SgdJAR5QpwjKaetAVUhzACbjerRXK5dshH6e:12000000000000000000:OKDOT:CHECKMYTH
1KRxgUS8uHTmGV4ddJcfWiEqwaznHQ2pDhzoPnr4UDAyV1M:12000000000000000000:OKDOT:CHECKMYTH
1gQM7g9daA95eYTRwU6CmUDyWRbhaBKTUGpgjdbz9pXmfGh:12000000000000000000:OKDOT:CHECKMYTH
169i6YiQGfqtx9DspzCWjBRgdbX3Cwv6LiWTnkiMR3cafxPf:12000000000000000000:OKDOT:CHECKMYTH
137cXn6G6EL6ERwzoi32WdHNnkK6m4E6T9tAHs7aVEhuEsdE:12000000000000000000:OKDOT:CHECKMYTH
12UYSe1nBhayG1P3K3P7MAergX6ra9KD6KwQkpe5YHjvTNug:12000000000000000000:OKDOT:CHECKMYTH
1TPVpzbP5o6Pfg8ACD8G9g4Nz1e9BM1KAHHBmHBYCNuREpz:12000000000000000000:OKDOT:CHECKMYTH
16VdgjXtH7q6w5WjHMu1DL53BSsg3U1vHT9FX4eN7MB4CLuW:12000000000000000000:OKDOT:CHECKMYTH
13FGHJZKrUA6joe49aoMXmQLQAWxMBA3Q3nFuVQun955Mknf:12000000000000000000:OKDOT:CHECKMYTH
12ybwAuZdnxjbVbyqhXc9ggGu6d5VpbG4v6ZJpJ2huitAzZJ:12000000000000000000:OKDOT:CHECKMYTH
16jZMcje9sCLfsso1M7JBmXfqVgiMwwbEcPsVQaNudCk7UiT:12000000000000000000:OKDOT:CHECKMYTH
1298ufn78HnfwyhbVf6WBNAesz5WnpgS3dexjuT4STK41tAM:12000000000000000000:NEEDED:CHECKMYTH
14XcobHqMy2JrPHAmFFxkJ8J9DERpt1DNd2iUEPrVGJvGaoZ:12000000000000000000:OKDOT:CHECKMYTH
14j5xM8YTdc8uBn6VVtdXMjtp68VfwZ2p6scWa9JwFkc9vp9:12000000000000000000:OKDOT:CHECKMYTH
12ujn7rHV3T6xwNUdvkRgjK4kd39MyHecFa8h3baqv8Z2yjy:12000000000000000000:OKDOT:CHECKMYTH
14s4GTp97Af54z8S3PskDaujqzhpcEyZP9LkMCTExjHHTv1e:12000000000000000000:OKDOT:CHECKMYTH
15LRyUmeCk8xjH2YPexgnADw7J34XdP3TBiNC5waBTp2D1mm:12000000000000000000:OKDOT:CHECKMYTH
14MUBQDKps9noHvezz3sf6YkB72UmWBHnjTUm5CHY3WGcqkm:12000000000000000000:OKDOT:CHECKMYTH
16gL7UHuvrB6W8kzyyLkC2uBzibc2xUk7pCiV83KDsfq8qJK:12000000000000000000:OKDOT:CHECKMYTH
1291rYqvtAUcEnBg764tgZBP3dEZxVxttHLK4V9cstdh7hu7:12000000000000000000:OKDOT:CHECKMYTH
16nCTkaNdoyDbcxdbChfPiGKVmduYZqfs1ANhLkkHfk7cnAP:12000000000000000000:OKDOT:CHECKMYTH
15EKe7L9JD8zHE1tuu9mRufp41bYjE4GVgPSH9uhM3KBkK93:12000000000000000000:OKDOT:CHECKMYTH
13jnzJ4GW5TxCAp4H85cPjk7cKzAqoCanUqRi4JzPyoYGMfM:12000000000000000000:OKDOT:CHECKMYTH
16CGxxzCzhjx4u5urwkCaNqCa2jpjVigFQMAqHY6UFxfmUSU:12000000000000000000:OKDOT:CHECKMYTH
16PYaAC4GsWVX5TU4UF7ZFuJ6k5UeBZyDjLAk2moNWR6VKtg:12000000000000000000:OKDOT:CHECKMYTH
15pQV2xwCGSxwmkiS3dprCA7QkMHuRfftcKiLE8ux1zzgC6r:12000000000000000000:OKDOT:CHECKMYTH
16jZN3Hrs2spp6Yf1L2TSeVNeAVfkEV4rLxzoP3eLymJHEuC:12000000000000000000:OKDOT:CHECKMYTH
15UZpBScvzApAY8hWUV6qw1zYuXmU47XxX7QbJgQndobHKbf:12000000000000000000:OKDOT:CHECKMYTH
14VZQS48Y26UUdYUqcGb33h2zM132tAkMDUHGiQvxPktwk22:12000000000000000000:OKDOT:CHECKMYTH
12V8Z7DwHn6ovmkTVAygH1BUJ7v9i5keFmidUTC6gFhE5MWS:12000000000000000000:OKDOT:CHECKMYTH
13SsC4WhGT1TXS8AtVajm5wVm9jKK9ydU13KQqjKcBiVgEHj:12000000000000000000:OKDOT:CHECKMYTH
15TACFnHjLGWrUuoeGq3bKChwNY6eNoVrdtcgvJ5Cdse79fs:12000000000000000000:OKDOT:CHECKMYTH
15v7UKPd8afatk9zbcWyfT94MKYyiiXWmq5qZgngn3n6UGps:12000000000000000000:OKDOT:CHECKMYTH
14w8y59c5AonPP4WT3iKjoxGasMHiSjEfC89qzZ4qZtiEp8H:12000000000000000000:OKDOT:CHECKMYTH
1CoPFEKuZWw2ko9EgCWW8ERenZfn8Y3X3QYxZdpQcrzaG53:12000000000000000000:OKDOT:CHECKMYTH
14wrLPVpBVw9d4MRFuKxmtYoYeLqgbsczoF5Xosa2C8XJd18:12000000000000000000:OKDOT:CHECKMYTH
14g3HV37V1f4VanmpZaPPFxmPm5TYcfP6MntoV441acmcrSk:12000000000000000000:OKDOT:CHECKMYTH
13muUUpAT59o6k74TXX2SV2yg4jCBXjooF4KzBqorFpgaumv:12000000000000000000:OKDOT:CHECKMYTH
159C6dTQZZoHit79aqXcwuMajvtPQQYKFLx3KEiF34mTeVT7:12000000000000000000:NEEDED:CHECKMYTH
13CyHKJBRUnz7XHQkmZvWxnsqoCH4QLJKeWN3qV87NvhqHag:12000000000000000000:OKDOT:CHECKMYTH
15wBw8NgLowvjm6DjfQS8Rj9btZAuWSyURX3nFE2fRqu7PKV:12000000000000000000:OKDOT:CHECKMYTH
12Vc7fwRhoM2CtL9dizRxCbKXL3WmLZm3PSdyFiFGYD1f74E:12000000000000000000:OKDOT:CHECKMYTH
16SHk58aizn76FQHGPaUB2Pwi6voqGms3AZvPBDyebgkprB8:12000000000000000000:OKDOT:CHECKMYTH
12prbp3GZUkdbkCVN7ATcZv12UtHnDEYZoAkmYuwVj1aivHG:12000000000000000000:OKDOT:CHECKMYTH
13SdFqR8PByvmJgutCL7zYN4i8nkZ6oNYNsCgVPB5vcUTH49:12000000000000000000:OKDOT:CHECKMYTH
154HsBRWQ2K1MikXu2U9kKHEiVADA8yqVNBEXL71kuHVdBDG:12000000000000000000:OKDOT:CHECKMYTH
12GhsXgEETFXpzdsgmAhHjFaLDwggQjiXEemU7C6KsPhr329:12000000000000000000:OKDOT:CHECKMYTH
13cVYnPGVyaTNj4Gy1zMHrnmnNJPJYgjJe2z7SgjnhwBRryF:12000000000000000000:OKDOT:CHECKMYTH
169ykMSLtLsNhsBEUTuAAjw7JgWqqRmcaoHMcz5J71a3P1ja:12000000000000000000:OKDOT:CHECKMYTH
13dTXS3gBwqcseTM4dP7dq8mnnTk23XRCteMB3bSE5cLnXmu:12000000000000000000:OKDOT:CHECKMYTH
15ya9J3UwdgXgiaxR5AbfT6Dxf788pbPoPT5DJLEAXXPFBWs:12000000000000000000:OKDOT:CHECKMYTH
13vhZWgRSNQ3haVvvhEzcox9Ff8aqqaypQFbKtMmFjcfzeyS:12000000000000000000:OKDOT:CHECKMYTH
14itm3qJrfEWaWWm5FJZmdU1LDsZxGgJUn83oYqQGak9vDBe:12000000000000000000:OKDOT:CHECKMYTH
14noqy27b7DEnp3sZsKr9x7inDTkrtw57pBTQE6R4bnLYyve:12000000000000000000:OKDOT:CHECKMYTH
145un6uJ3jNC3VXXpqMsAYu9JDY4yiuj97HWjmujFHhVAKMQ:12000000000000000000:OKDOT:CHECKMYTH
13u2RWjpTMutrgpHDcqB6LtattuT13bm3eu3wfvvu8AyVpqP:12000000000000000000:OKDOT:CHECKMYTH
1TzRijPAqTgx3yobhrTSofvQET5nV3UeBg3YSvrNbyuVTBe:12000000000000000000:OKDOT:CHECKMYTH
145ExTA2VngidX65M9FUSrsJUpqEgAASK8T1E5YDdhTa73or:12000000000000000000:OKDOT:CHECKMYTH
12koRniehXVD3Cr6kVzKXq6qcw71ex3Cj6QdC85ZWvtrtjiD:12000000000000000000:OKDOT:CHECKMYTH
12SRXBNCsvkW82nvTZstJ9M3WK7kQgnXfxeHK5fYeyycUh3b:12000000000000000000:OKDOT:CHECKMYTH
18Sa8ddgPR1zwx6HdKLQPC57QCrsa3QH34q24Egb55GGbQt:12000000000000000000:OKDOT:CHECKMYTH
14ZUs2mhtRdnAYFvvxEStU8awzeuMj4FNs3tCB1dhhkPRiTV:12000000000000000000:OKDOT:CHECKMYTH
13XKaDsm2DXrVQMMXk2x3eugH8FSaE9Gc16DJSnM7iAJnyze:12000000000000000000:OKDOT:CHECKMYTH
15NMBcYidyxk6cc9FdDGZ8GCHDzwfpUa5KwriUWxujPByEaD:12000000000000000000:OKDOT:CHECKMYTH
16JJmt7j1snSkxXyVD7YJ12MWDZGkHBG7Fo9LVV9LcvoSa9:12000000000000000000:OKDOT:CHECKMYTH
14npq9Tj5FnD5154aEDza2R1xQnhWNuhvCD37E13U9DZTYDo:12000000000000000000:OKDOT:CHECKMYTH
145zbcKGNBxrVDTRF9fJfJnvm9G7rW2bmP27EQDv9zWM5MBu:12000000000000000000:OKDOT:CHECKMYTH
1219fiC21KGg4MqAgkFf5cvFMjaBemmb3ojb32VNzWJwQmaa:12000000000000000000:OKDOT:CHECKMYTH
12F8R79j6DwqzUgukiz28dcu3P9WUjGZijjbsX5Rhv3eBybG:12000000000000000000:OKDOT:CHECKMYTH
16ZkZjAUxpzCwQwg1S4czSYnS8q5ZbEUVJSzhwMpyKUjKSrG:12000000000000000000:OKDOT:CHECKMYTH
14c5iain454J3uSb98GzJGHZt38ZhnUFVKN7QE66XRsxA7mx:12000000000000000000:OKDOT:CHECKMYTH
15PVuza22KhCVnuHYbH9qkSoaeZj631dMYgNJoZr8vx6Fanz:12000000000000000000:OKDOT:CHECKMYTH
15Y9C6n8Mao3Z27RQRqiMVFzznz19vDGi33KyZqNLGkUZmpk:12000000000000000000:OKDOT:CHECKMYTH
12AaHwobJSt6kUDjkvPtaQT5TcT12qKe3qZAgQhd98PYCCoj:12000000000000000000:OKDOT:CHECKMYTH
13iNb1ZmJHNm3D2m4ER7FhER9GuAkpVYW8NJBzzGjvj7kkbr:12000000000000000000:OKDOT:CHECKMYTH
15So82ki6NLTCx2PEciXj9yqg4pVFAbo4vPvCVJP1TyYuMsF:12000000000000000000:OKDOT:CHECKMYTH
14psHH99cwv9yX64sBMsADPrGkEAnH6kkihvY62FCpcXLDBc:12000000000000000000:OKDOT:CHECKMYTH
15BdU32KtXcz7HdbnD3asuGaN5h1xt6KGUL4Qojah74bPpj3:12000000000000000000:OKDOT:CHECKMYTH
14Kd1iYnRtB5dbZBD7NshjUh7XG94GLZbsaCUTBAm1RPUKYR:12000000000000000000:OKDOT:CHECKMYTH
129GWki8AjYkViZGhMf8NQN82vZbuZGSNL5A3fAfaqVTncLT:12000000000000000000:OKDOT:CHECKMYTH
1Ke3hHpA4CMzki2mBrnK7XvqZurpWDb1pZDvyDXjKPgUFnT:12000000000000000000:OKDOT:CHECKMYTH
1KtKgZbhLo3hR7Aj3bfzZkRRC8TGqsps5kbYBMXmpXD7uNf:12000000000000000000:OKDOT:CHECKMYTH
13ZStwp1G8QJ7w4nx4fsR5zFv4oGLtE1ozgCnQvJ7CBH7EZv:12000000000000000000:OKDOT:CHECKMYTH
16VyP4reG2U8ErAVyJTUj68iPBYfUQqNj2MjdcWKjbc7SUi1:12000000000000000000:OKDOT:CHECKMYTH
13PHqQinkY375cy5t9Bteh5BhoHC49LtTqc6u6hJCg4Ur3DR:12000000000000000000:OKDOT:CHECKMYTH
12GHdryGBwvTQXHUSemQfujK3UmjnrVDhvHgdW1vZHpbpRSA:12000000000000000000:OKDOT:CHECKMYTH
1myFNM2oJtRuH7HgsdxUH6uHEwZ5RY5BniF9opAbNpT37gK:12000000000000000000:OKDOT:CHECKMYTH
15XtCeaQNfkF9mJzrE1JeXVMqd6tXsTqsnFLwkoTS7nPLq5d:12000000000000000000:OKDOT:CHECKMYTH
13bhVY6MdvF5K73Ab5QJfZBHCBbkbsCv69PKpVm6gSuTVW2J:12000000000000000000:OKDOT:CHECKMYTH
14evjirvapYxPrrGtxMtBHsc5A8LXo5zoceS1jpWfALDzGtJ:12000000000000000000:OKDOT:CHECKMYTH
16KR1jofrEADiTDkjuDTaweYaFFzob4NJ5ANbLrYUngZCANo:12000000000000000000:OKDOT:CHECKMYTH
12Yhq8ec3cxyQFs9AAPvdhKDuA7VDiLYCwVr9f2uX1YqCkzf:12000000000000000000:OKDOT:CHECKMYTH
16i5XwsDkor2SsUXvPXvDmByX1BthKgqyae9aaNrKm7ESsWo:12000000000000000000:OKDOT:CHECKMYTH
1be4E3etuLvpPMeKme8oFpNF37GDjHVfWHaMJ3UgZ7FrYew:12000000000000000000:OKDOT:CHECKMYTH
1rKZJb54QusDXEN4q58hu78zatZnQppV5Y83vx4QQJgU9iu:12000000000000000000:OKDOT:CHECKMYTH
16c1Gvdx2DRjqp8hU7d89UL48h4NUkLqo1CB67pvsEuQbiCS:12000000000000000000:OKDOT:CHECKMYTH
14sq7dVqdHDR4nZPccnATBU27eRX55UdoTCfEnFSJdgRXNY9:12000000000000000000:OKDOT:CHECKMYTH
1ysra9yduLRiGcrYpiTsD8e4chV9auoFwk8LE9obmmNTXsQ:12000000000000000000:OKDOT:CHECKMYTH
15V3mLT69qGzp96c2dSVoozEW6jKGKUuncgMepmXEjDCyMea:12000000000000000000:OKDOT:CHECKMYTH
16iDnM5h19bHWt7dea2ScytXiUBM5HaxCvDpnHNjzz6d1TEP:12000000000000000000:OKDOT:CHECKMYTH
14RN3zgCnuRLjhrXL8RmN8SGmsSbUS43W582i5cgvU2tMwD2:12000000000000000000:NEEDED:CHECKMYTH
159sk6hv1gYeCN6cPpFY3KJGXzeMdtzXmpcf9VRAA8698VgN:12000000000000000000:OKDOT:CHECKMYTH
14YMZ6tepaqXAtiagPmSappZqq8ieed87J1vu2wr73Y4B4Tu:12000000000000000000:OKDOT:CHECKMYTH
12iSeYa5ZbPyPMUqohqdbkLqFkNsV8LgvExcWx4cuy25w1Ga:12000000000000000000:OKDOT:CHECKMYTH
16Kb2YQdGSmZo1m3AsPbdmSZZ4SwJwTY6EQ2EjwDF11vjkTD:12000000000000000000:OKDOT:CHECKMYTH
16jctabCyrsyAE2SKrYmpN2ELZLYQiFdFNgCbFJBVauFn97j:12000000000000000000:OKDOT:CHECKMYTH
14HjiqURM62M6KATp6J1G55p8FjMUqNuyvfh2HReDoLZVRma:12000000000000000000:OKDOT:CHECKMYTH
155FYpmAyaBFaJmWozXMZnBheoxi3mqqxvtw84zoJ7USLUBp:12000000000000000000:OKDOT:CHECKMYTH
133agbiFQepSbNq9j1U61YugHZULqWYxW6GGgmV188FsMrf3:12000000000000000000:OKDOT:CHECKMYTH
13mEWzyS4ZwdxPqtKgjAzx4e6Qd9JNeYDgPZF6WXGG3DG8YV:12000000000000000000:OKDOT:CHECKMYTH
15t4vz7VikRCdkn5L2LRswnxz2kP5NtQcaJdMWV4KtQJXU8P:12000000000000000000:OKDOT:CHECKMYTH
16ApmiKGjCZov2pD2wNvnSzKHTdReZQpYcbDvgfqqC2BvRGi:12000000000000000000:OKDOT:CHECKMYTH
15K8XpFXgBrGNxSSxaJ5CjEDT6JA7xaLZRosujV953r5Urf9:12000000000000000000:OKDOT:CHECKMYTH
16PZpCKx5jH4Xh5DrkmLtS3beNCogi8C2xqvG7i1XYSCKgDR:12000000000000000000:OKDOT:CHECKMYTH
12FpQao4BJGkm3VjMhjWBqcSWJ21ZggFS8vbBibJkj8cFn8U:12000000000000000000:OKDOT:CHECKMYTH
1aoe9YyHJgUHZk5CvvLynxUkrF2Vq6uAYRt9fDCa8bcVuJE:12000000000000000000:OKDOT:CHECKMYTH
16LEMskvhUGnJWZp4P1Z19Xjeh4CQAK3LKrGaQs4iw2cLNEN:12000000000000000000:OKDOT:CHECKMYTH
12HMVKLg6m5cLEEcB1Sx7Gta4YLvkPU8FtdDw8stpjHhA85h:12000000000000000000:OKDOT:CHECKMYTH
12x8j5GSvmZDWguHKCymC5uahzycEePpgQDGWEoc1BsvwBWL:12000000000000000000:OKDOT:CHECKMYTH
12nnsmgpkkSbi3yV9uvDByoLZz9cPnKbQdPsofah9wk6hGmR:12000000000000000000:OKDOT:CHECKMYTH
15cJ1ybnxNi5qgiPvjRgDJ44TTn7JRR3CFSZRo7b8Vsx3gRQ:12000000000000000000:OKDOT:CHECKMYTH
15AGJbsexNwsRtXnQWdknnQHWoLXhdiGn9SV7FBZWwajMGpd:12000000000000000000:OKDOT:CHECKMYTH
15vrVFYYuuBB62fQoC48tconUwhiFYKzvqfbEPapdiwM9pFK:12000000000000000000:OKDOT:CHECKMYTH
152GQJgrQ6AuFjNPJApUVH4w3tpMizzEBpcSx4z8f1gMkv6o:12000000000000000000:OKDOT:CHECKMYTH
1hgnm1t4VKZxpFpAyzLzQePj5z7rHqdM3bCx9KaMaUu9JVT:12000000000000000000:NEEDED:CHECKMYTH
123h34m6bwa11WAzn1q2MUi6CeBuWPDvNvsXzHvN6vsvon9F:12000000000000000000:OKDOT:CHECKMYTH
1kUS3o1Fxg6UdegEYNyzadBs8WwjLajQwpkQN51TCW3GCH8:12000000000000000000:OKDOT:CHECKMYTH
14aCUNXs2US1Us7e3nnmqLt9soA4BFkCRV8oCKGdkL8b2RCi:12000000000000000000:OKDOT:CHECKMYTH
14QGR9qj6s3d64baQYcxqoqibndk7KMrdwNhJQLb6KFWypmy:12000000000000000000:OKDOT:CHECKMYTH
168FKw6hfG9ZusmtmuVNdfsbAzvm32XNV5kVfaYQWAYsyQaH:12000000000000000000:OKDOT:CHECKMYTH
14tiUpVkkSHsVL5WqV1szrx9YDKpRSmnG4mWVbzBZDqYpEEE:12000000000000000000:OKDOT:CHECKMYTH
151FEY4xxnpGqAhPE7QTLbgg5V9EVjVBN55qwMfaz9eEML4X:12000000000000000000:NEEDED:CHECKMYTH
16m9e4NvuHsbCgakSsTFApDTqC6MuqYMcbuKd7BmyDVSqHRQ:12000000000000000000:OKDOT:CHECKMYTH
12butPncrqyALm88YU76N4kxpFsJGM7sip9DraRBPCaSGhGs:12000000000000000000:NEEDED:CHECKMYTH
12kbBFg2H7bnNMQs5CvWz4KHZ2ZVizFsLpKc85mvKcxnavUv:12000000000000000000:OKDOT:CHECKMYTH
13pCGcpymJMUg8kbHC7UGxKqS2LTRimmj7xG45WFrvmojQne:12000000000000000000:OKDOT:CHECKMYTH
12u71ZjQ23WkZWYBmtr91Acy1mDv9qevWR1J5CtpzWxGhX2q:12000000000000000000:OKDOT:CHECKMYTH
17YY3RjmBibk3Ec8wX6XjcFqFF8SQdYnpDVc9BRiYpoQTBj:12000000000000000000:OKDOT:CHECKMYTH
13fNevMHe5Fd1vAhYEUhJRG2ZVFmTRqfwubQebHFopFUVKX8:12000000000000000000:OKDOT:CHECKMYTH
15o4a9vbZ43ZH6e3zXBAXEc17XTNnmay4pyr6AGK5p9kyuGE:12000000000000000000:OKDOT:CHECKMYTH
15q45edDEPFSYboaNvpX9igXpgL1k8x6QUuXy6aBa2Rv1M3J:12000000000000000000:OKDOT:CHECKMYTH
138WhZ1UcRkkng1r5YWxgYdR5YxWEzjxJ8zPEou7NsNhyCeJ:12000000000000000000:OKDOT:CHECKMYTH
13RxPnj8mR7oEF5QW6TjsSVWLqdA1eBjaWh9z9ktq9ddRKBr:12000000000000000000:OKDOT:CHECKMYTH
1nYTaYJGqiyXXrFJduHA6FP7SgkimG1NKugCHGwY1UCSFm3:12000000000000000000:OKDOT:CHECKMYTH
154VLxLuP3pjFxvomNcF86XvKdbvnmxWwfRr2zKudzXP8maD:12000000000000000000:OKDOT:CHECKMYTH
12xKLwQua5gSDjmJ6Wy1WFApzsakXZxZnJ9brmKwkfuuYRFH:12000000000000000000:OKDOT:CHECKMYTH
1bGxj6B47ugw8rWGYLZcyp1S8mQHx57V8i46ChAtjdVo3cY:12000000000000000000:OKDOT:CHECKMYTH
14ySG5RoYNb93nbC7Gv9gTHNrPowsRyJSqC7W4ySSksBPAc2:12000000000000000000:OKDOT:CHECKMYTH
14eWxHXqJ7XSs9UFAM85DAg4mJAH31MKHfk5xWgqytRLpcca:12000000000000000000:OKDOT:CHECKMYTH
16SThwvqE8DVL9zJm1UCGG7YhQQ1TGVmnJYERqGxpKcVuJ2s:12000000000000000000:OKDOT:CHECKMYTH
16EvnXETnAJn8GDkt18GpYdfLL5Svksk2MTZrV9z4z9iyNng:12000000000000000000:OKDOT:CHECKMYTH
1iB5zncPTr1sc8begWgCyBbiG7Fzep3DhMRWWmofGT27eX9:12000000000000000000:OKDOT:CHECKMYTH
129eSvkU6Vbju2DiLmhWAopdD9AL5Qm2qfnL9LwxnCpYh3A8:12000000000000000000:OKDOT:CHECKMYTH
12amnjoqvruBe4ZPR5V3Pb22LBATNQpKwdXeJSn24kiQ7g3X:12000000000000000000:OKDOT:CHECKMYTH
12QxSn16FfhG84faLZrkwQ6pg4x8kGk5NLsygAajMmR6GNQZ:12000000000000000000:OKDOT:CHECKMYTH
15wMDFAXjzVAWWyaVhkk5Zy9oUTHsdggTgHReHYik4QMszG2:12000000000000000000:OKDOT:CHECKMYTH
16cY5cDr9hoi8qvUFsVWbRUXoJzjNwK1qCWfGwYDySrWPUF1:12000000000000000000:OKDOT:CHECKMYTH
125a6hzS9dfegtdWRa8vUpKYR1gdR5cSBANd449YJ1jkTXKy:12000000000000000000:OKDOT:CHECKMYTH
1225fygQAEi9hNFpyspy6df9WceQGKfTm2HoDkzs1aUoewhk:12000000000000000000:OKDOT:CHECKMYTH
13J9UMbNnERJDzeXy5bMjsdrebcqnHRakH4wKTHkCTk8KEbo:12000000000000000000:OKDOT:CHECKMYTH
12Ebjx76EbAWHrxVBSmzxkutNWYyVRH4mFZzzePNzDqTkeAM:12000000000000000000:OKDOT:CHECKMYTH
1qHtUWz1oJFftiJrPx7ZhsGjEJTCbqTm4MvXJFffQWFXCTV:12000000000000000000:OKDOT:CHECKMYTH
12pC6b1riXWwP34DQy8ot53vb2pjHew2MPBYtcYozQyG9QxE:12000000000000000000:OKDOT:CHECKMYTH
13NCLd3foNpsv1huPDzvvfyKh37NEEkGFotZnP52CTR98YFJ:236000000000000000000:OKDOT:CHECKMYTH
