16k2jy2nU5dW75LdYhA3ptz94FfbTAbBYDn8f6TaHtYgsHw8:12000000000000000000:NEEDED:CHECKMYTH
15mTvxQEGeKqFBHqKgGu52V9Nu2qgSJSQDK2sHaJRTczWNYx:12000000000000000000:OKDOT:CHECKMYTH
1eb3pcbbQVCZgrj3xuTo3q1zHLgCHwrCuhsjnPgnvYZ6GEC:12000000000000000000:OKDOT:CHECKMYTH
147WYLwtx6yJZkhe8S2EAvDWCcedQanEyWy6wVQFDkc4wg4f:12000000000000000000:OKDOT:CHECKMYTH
15TRvyoLCc4SYvmafeVuYAHE5mKgYH7tXGJbBJRjTmXCD3EZ:12000000000000000000:OKDOT:CHECKMYTH
16nFqkgSuHKYCRGzs8JLLv4KZLjkcM2ukT7Fqd34j1fn5pgF:12000000000000000000:OKDOT:CHECKMYTH
1S1msDao5vbMfBMEXqkX3bEofVaTfw7LpheMEL2gwXcGrgP:12000000000000000000:OKDOT:CHECKMYTH
15JkKfjTERDN8yimm3mv5mV3Eo78NdB1JoxF2GLyTyQgnj5E:12000000000000000000:OKDOT:CHECKMYTH
14T21PFUXxvH7PqZXKRwujun9kjbB8jQXY2sJysa7a3CijFF:12000000000000000000:OKDOT:CHECKMYTH
12sRY9rSVDduz4u59moWKNfe288jaUZkvSRKVa6qYvTeYsew:12000000000000000000:OKDOT:CHECKMYTH
12kEFFJ4QnFGz4ZsrHZsan4r3GGU2pxvTbiYapCUEkcwSzrh:12000000000000000000:OKDOT:CHECKMYTH
162VL4NCuvfSXvPAqVDYuMbk9Srecs4bDL2Tu4qbcrScETCm:12000000000000000000:OKDOT:CHECKMYTH
131MXbwVaf81aQN3mvYu1eSi6CTS1vJtiFJhxMZFKUrcSDhU:12000000000000000000:OKDOT:CHECKMYTH
16iWVP4qoT4uxdfT3ttvtgQBH1KjvdQpzoDA8vTR4dpQX6yv:12000000000000000000:OKDOT:CHECKMYTH
14hizUr2hhWviPjcET49Hq6iyCph9PdD1kAbi3KkqUiRQcYE:12000000000000000000:OKDOT:CHECKMYTH
16BjRi5i7WMGNEsTbWGm4GtbGY3iMkmDkw7DAkp8BAem2ukP:12000000000000000000:OKDOT:CHECKMYTH
12hQVQam15dQQjaDzSizgszHfNchkUHhyV98pS1hwViWMgsY:12000000000000000000:OKDOT:CHECKMYTH
15PPJbxSnq3MgpVWQsLNtrHGwNgGGFAPpLp6LrG6YaY3bNbe:12000000000000000000:OKDOT:CHECKMYTH
167nkvMRRwpKM7gc57WijtuXsbzzRDg9aEEDCcYndNo1FpUQ:12000000000000000000:OKDOT:CHECKMYTH
16AzKpVUKYFLH3ZrrokMuxQx9W5F2DWzh1wHMRnY3BbheSZ5:12000000000000000000:OKDOT:CHECKMYTH
12f8eBxTrsAACz8SdfyuKmyZQZp2XrxND9uE9jzQpFd7cwpA:12000000000000000000:OKDOT:CHECKMYTH
123kBaKHLQtzfzUYvc2GGwZCayyG87xfP6eUJvu3UQLV4K79:12000000000000000000:OKDOT:CHECKMYTH
13KnzTX4JbkeNJhkMthZ3DKGm4ySiet9QQNwAZfNsBAKtwsC:12000000000000000000:OKDOT:CHECKMYTH
14CjnTSmcE7TMysZA2Vtg5QoEN7Ti7KaReU9AtQstFanPSGb:12000000000000000000:OKDOT:CHECKMYTH
16nCMifwJxX7atVCpbaQ6Dn5gcirW69FFYJQqdsnN5nbFbcF:12000000000000000000:OKDOT:CHECKMYTH
14ZP7r1hSHwtDrm12xR6oqCyudF55uN8PGrd5K44sgN2Kv1N:12000000000000000000:OKDOT:CHECKMYTH
15oXPxFMz9hbbwjoouA2KiKaoMMvpPTG8PHNuUtgKNerNWGr:12000000000000000000:OKDOT:CHECKMYTH
13aLUqd2jXiKfvHpAZgaU8YNMxobE5TQKTESbF3amNAz1SDx:12000000000000000000:OKDOT:CHECKMYTH
1KAnpYEy9dDzJj7Kn7k6VnAeULxP79eS7LvgW6QZFtXDP6g:12000000000000000000:NEEDED:CHECKMYTH
15jgvok2VNmRoFuDgM8xmHbiVBThtCpuMuHTUHWUd7XJcnhD:12000000000000000000:OKDOT:CHECKMYTH
13VT6x51qDcEcqnfGWX4iYtU9FBmTiJjV4b5QwyVmWpHARdw:12000000000000000000:OKDOT:CHECKMYTH
16K54zLZh7B36s961rjbNigWRPjTq2qByEWUq6bmURM4A518:12000000000000000000:OKDOT:CHECKMYTH
12ucSn33YNTUD5e4x7enbsR9CfAvBzcbGGKNA8PRpAAkDvgH:12000000000000000000:OKDOT:CHECKMYTH
12qRNHrby81VdKfSnWnhHPFgJcSzA7rvuJxJiz6Hc89sWoiq:12000000000000000000:OKDOT:CHECKMYTH
16j3nKJg6p8dMm1BzQrBhxPWsgFAVYk2iyYGfrso3bdQdBFR:12000000000000000000:OKDOT:CHECKMYTH
1254ZoPwLNZPZCDxmq1oe1aT6HCHoB8uGjQ8uyc8fC9CA6ck:12000000000000000000:OKDOT:CHECKMYTH
15S7SdD8m3G6oavsQfkiDQDb9dz3r2uwkLoTvYtkpd2okfWW:12000000000000000000:OKDOT:CHECKMYTH
1TYgUufpfMgU75JPw7jTQFKjUHd5JDNhHP5p5N8qL8h85dx:12000000000000000000:OKDOT:CHECKMYTH
1zQuR5EyQWdEbZvWkJA89qxro9GNBsje57UJtbz72teLRju:12000000000000000000:OKDOT:CHECKMYTH
15SfoeJNdmLjmCRSiYJq9g3wzdZo6coa5KJGsfRA71sVnw5H:12000000000000000000:OKDOT:CHECKMYTH
15vtZSZwuDhnGdMqMmPAaDMg4uihVmEeFi69LP6tQ7nE1djY:12000000000000000000:OKDOT:CHECKMYTH
11qYd9RnMfCreTgweY3a7787w2RTFvSjeobispnBL4UKC58:12000000000000000000:OKDOT:CHECKMYTH
15g6dgjs8WNyoNa27eCCJpCqvXZor1wLe8x7FnSRL4oqBFm6:12000000000000000000:OKDOT:CHECKMYTH
16PAvDyvwbHkqMzrbjM1W3ZYbf4WwudkfbevgcRdZtxNxJzb:12000000000000000000:OKDOT:CHECKMYTH
15C8ePicaV1qmfPa1WaSDnpH49BcAJQx436vbmovoGLS5yEY:12000000000000000000:OKDOT:CHECKMYTH
13UVJyLnbVp8c4FQeiGZ3JNxKHotkDrtQeZ8FrC9xpwZp2uE:12000000000000000000:OKDOT:CHECKMYTH
16A78jGY4ojbhish7nxv9RkwPJhuUQB3AHCYW3C4xSXCuPJK:12000000000000000000:OKDOT:CHECKMYTH
15BhLEbQ5z4REFbkTEThHP7bpt9WH4xd6VWxYuvhBcUBGpk8:12000000000000000000:OKDOT:CHECKMYTH
13nfgPoc8ZPcm9V4pjbSTgXqpfiKo1AjAJU6ngowqnPCED28:12000000000000000000:OKDOT:CHECKMYTH
14p7aUFCjqpPSRT5juWwy1H4kRsLdFJKLRgUx994WfvEdTGu:12000000000000000000:OKDOT:CHECKMYTH
134F3VU1uCxoVmiHSQLc6nQhpGwsVSzrDYWS27kwVEYgHoUJ:12000000000000000000:OKDOT:CHECKMYTH
18MvWqC8ap16sQCL9Zq2abwkq3vvp3S95BayBwpVL2wBcNG:12000000000000000000:OKDOT:CHECKMYTH
14ji8qfJugb9soFkHshq8CPFb6ovHLekUwLUe9zpHJpm71nZ:12000000000000000000:OKDOT:CHECKMYTH
14GrsA3bfddfpJJSP98TWxVrm9VRe6zSRD1rVgGrxPXR2At7:12000000000000000000:OKDOT:CHECKMYTH
1r8FXzRi8rQppnXtTn6zWwLhr6DdRCXktGu9URnrbe19SF2:12000000000000000000:OKDOT:CHECKMYTH
12mL4fXRnZprYcffmk1q8sWsy1GU9zDUKaaX8zdyFFHk9oYR:12000000000000000000:OKDOT:CHECKMYTH
144HtHdiAzvVG77v4maPWhcbcWLSTSXX2WGRiXRmMTWC91SC:12000000000000000000:OKDOT:CHECKMYTH
1AsfBwTfEDbjmSq4aubhVkmNrAPaBE6fVdsVUQcZq5FdhYh:12000000000000000000:OKDOT:CHECKMYTH
1wPkSeQWEWuvgmKoe4nTBwS94nVamYKfAP2bsNfGEF43Arn:12000000000000000000:OKDOT:CHECKMYTH
14Z7U42tJSh95kvUye3fKUsawzrVfvCBkW7jn28NKRe1WtRP:12000000000000000000:OKDOT:CHECKMYTH
14HRYQvMeQtoUmmSq1hDKzLararEydNab5D1K1nTibT5NuA5:12000000000000000000:OKDOT:CHECKMYTH
15M8JME5nYwgnnKDhRJDCPQF878cYMFJgW9VAZNViXK1FCui:12000000000000000000:OKDOT:CHECKMYTH
16iAWSSLkUpnS7jHRqRwTvamJDkSd5yTNdSd415nkSdUFMjA:12000000000000000000:OKDOT:CHECKMYTH
14jignwgzM8CaNUotgX3yvroBPwTXtwZZundWoSeVWqQb8Zh:12000000000000000000:OKDOT:CHECKMYTH
17WxkWxKqm3Sppp1kkvpQ2i7Q1LedkSa2SSkiSd3HE2MFPT:12000000000000000000:OKDOT:CHECKMYTH
15j1x5bATL4KHSVpfktc85tksCrkU4KsTLbNn2FvKGWKHep1:12000000000000000000:OKDOT:CHECKMYTH
162LMFTPRCHnEYhF7A56JCoCmxezSREcLGd7t27pVzuquDqe:12000000000000000000:OKDOT:CHECKMYTH
12eGnwAhKfkpAG8eh5M5QqjgXtVsCXZKaDaAXY6S1kBUvRDn:12000000000000000000:OKDOT:CHECKMYTH
12etbsEguXHLGMz2TKdBadRX6aALhXvCqBmpZUB7HJsTuD16:12000000000000000000:OKDOT:CHECKMYTH
14qAjm5kR4SQioyJYZ24GU4iRd7AodrXQeB92LSVD7QsCSXz:12000000000000000000:OKDOT:CHECKMYTH
13NBD3519174FxPsiuWJHNodehmK9vrxHhmVRQ8rxtX3ndJH:12000000000000000000:OKDOT:CHECKMYTH
15QTd8PqUs3SYkhvQDVM3b5JCAVPv25n3YZcHRgbz9kahKyL:12000000000000000000:OKDOT:CHECKMYTH
1Pxh8zWoJf6Nt9V2Yze1NZQSoNM1qz38PQcT9q18sRJNGgz:12000000000000000000:OKDOT:CHECKMYTH
15bnJ23kDCk4ko5bh9bxYoJa9a3QfEoNSPytnXozX9PBJKsz:12000000000000000000:OKDOT:CHECKMYTH
167rge6LW9hCQcthuhpq7sHnddixXLAqD6GE4jsKpHUVzgQ7:12000000000000000000:OKDOT:CHECKMYTH
15DFpPYxXGKEt5foPs1xk4wbgUtudH96V7XR2BnEHKCKA1d9:12000000000000000000:OKDOT:CHECKMYTH
13TBhSVAqXMnpfjiqTR4Mhsp78pcpX3NKhthmipMUFtmz553:12000000000000000000:OKDOT:CHECKMYTH
13EWF6bLA9MxsaKy6EwcdjkZynhQhWepKtke2pqZ3KqeRexo:12000000000000000000:OKDOT:CHECKMYTH
12J6gBk27BbQUA1XXJ8PqR1D2bpF7Vc8CwnUMQVYqb9PVesc:12000000000000000000:OKDOT:CHECKMYTH
15DtaXiGAWXw5CKp3541k9duu2vGtPaLSVWbh9hnkQ4pDTbC:12000000000000000000:OKDOT:CHECKMYTH
1aJmrnAZmXnTP56uXRLiuW2W4mQiPqkJ57yZxWnAGu7QqQR:12000000000000000000:OKDOT:CHECKMYTH
152k95Ubsraftt2yDJwVcTkoYbFsq6JeLP6YKLpihoYLj9SE:12000000000000000000:OKDOT:CHECKMYTH
16k7vtaiqSwBJzZcGTVoHuNssDTZhTuAQJM2JYuvp88sVfPT:12000000000000000000:OKDOT:CHECKMYTH
1RD4fU26xeGscKoyzfu9hvb5ft85Xj4MRhpTEm6ni3UxLgV:12000000000000000000:OKDOT:CHECKMYTH
1259GdvzoJmLTmefcE1M8bobWqFnMCD1De7msHrmMtGubhhN:12000000000000000000:OKDOT:CHECKMYTH
15e9SpismTRJygb28PGLa7WPhaDxxhSmQ4dFAAe6a3oJEcQz:12000000000000000000:OKDOT:CHECKMYTH
12RWCGJAaaESEjkoJgcpYHkt3cJoFia3gAXMc798UXbRCeMU:12000000000000000000:OKDOT:CHECKMYTH
1xyBs8rjeTAFbUBSW3BNuxKXaLeXqwaMGBHTifUk5mHFwEZ:12000000000000000000:OKDOT:CHECKMYTH
12k6zFib2u2nxBY6EkMoQnTXRhymExP81k3xTJQNpxbyiDgu:12000000000000000000:OKDOT:CHECKMYTH
12pEUAQsdB3CJwBakV2L488eNSAnHZ3qk4Rz7aQBF1MK96Lu:12000000000000000000:OKDOT:CHECKMYTH
1LG9aZQRoMEAR2r71R3c6dcS2CEQE4VgXCEHksNUhQYxAk3:12000000000000000000:OKDOT:CHECKMYTH
15zRtfJfs58heqpmfHZwnBjr5QQfPcw9AXP6zo3Yry7YiCTS:12000000000000000000:OKDOT:CHECKMYTH
1fmTGuFjeDrLAwBgALxXLYrGsuEqHHkA2pozy6uMYBiiruR:12000000000000000000:OKDOT:CHECKMYTH
12YLD1ZgbRYKamE3nT6bMSJrJf9BbnNhGxCYN5UwAreFDdJx:12000000000000000000:OKDOT:CHECKMYTH
15vykar5v7MJBWmqBGj3stAP4jgr3hJQsgEkUPtbpBTXaron:12000000000000000000:OKDOT:CHECKMYTH
1pZ3SUa1kdgE7iBJZdD83CKkrRdwEx9mvBScXbmsuVLkt74:12000000000000000000:NEEDED:CHECKMYTH
14ZTzRUakRVTaWr427umRDSxX72G6V6QrJeBfk7d5THR3Un3:12000000000000000000:OKDOT:CHECKMYTH
1HqELnyEgwEJH5tTtVJ7ZUHWS5VHSQMpfKnJcp5N25imGyv:12000000000000000000:OKDOT:CHECKMYTH
13Nko4QLzxrjB6nasefvC37CwvbwevrH9KR8iYJH1D28p8YK:12000000000000000000:OKDOT:CHECKMYTH
139QcNcpib5BPyZLYaTzr9rkLrqHTXu5Pb3VwyvdVaPHjd8V:12000000000000000000:OKDOT:CHECKMYTH
1gc1EjTxJTxyog33zx8Tq7fq97WeayCXcmvFKyQkNvFebyT:12000000000000000000:OKDOT:CHECKMYTH
12wVDSucxdhAZ3aSWvVX2RCFsp4ENRRdJdpvspfybbYwsreB:12000000000000000000:OKDOT:CHECKMYTH
12euhXgt7iBtbfybz43Gc9bWhs6UPmwNrqZ6cyNVHtG2cF8W:12000000000000000000:OKDOT:CHECKMYTH
148Bo41WkvNj2ZvegjqDfXqSpjaAqebTGJGo3pqrrJHiaLWQ:12000000000000000000:OKDOT:CHECKMYTH
15FH8oQ8ZpeSs4oTavTHgWh7ksPQgSBCAoJEkS2ygvDeaMFZ:12000000000000000000:OKDOT:CHECKMYTH
14HbGqCKSsmHq5RRZVT5begvYkQZkYRi9zJAwJKbT5yFy3EE:12000000000000000000:OKDOT:CHECKMYTH
1ajXENxeoDDVCFMES1u2cH5tuVsx3BEeSvpCW1FW4ngkdwi:12000000000000000000:OKDOT:CHECKMYTH
13yR2hVy3U3fGsT9wz3aQrn6aqyrVDjbNM6wjPof5trtM4Fr:12000000000000000000:OKDOT:CHECKMYTH
13o2gM5wtRLaSSjidh9kd7VH1UHLsEXTKiR6krvEQsezKADx:12000000000000000000:OKDOT:CHECKMYTH
13r3xsCLFgQSNaPqggsXHZmFzCV7cMXuvKuRvoHEYgJnKaMk:12000000000000000000:OKDOT:CHECKMYTH
16XQsZfi82zmZZs6MSTy341T5kJnh64uvkePeqh5HyRBxG1X:12000000000000000000:OKDOT:CHECKMYTH
1ZUVQwwVWhNJvTtASMdnNqhuhx9Ks9wWJnbGdnnzHd4cCeS:12000000000000000000:OKDOT:CHECKMYTH
14rxqTdMtyoJ1cWyLpKwuJTur1iSASVRgrrto4KciyeJ7Tai:12000000000000000000:OKDOT:CHECKMYTH
13pXVhq4QWu1GF5sGxQ27e6eYDSxeXCcgKcgwX7mdwoE9J1s:12000000000000000000:OKDOT:CHECKMYTH
1TejFead3rhhvht4A6r2r3pqpquR8nMBUa2iuZ1vm8pLRbs:12000000000000000000:OKDOT:CHECKMYTH
129ajXKd21Ljamh7tALqpugnwWWWFYU7ZjDdbqMD1Bk4YU1N:12000000000000000000:OKDOT:CHECKMYTH
1qkHwZBxdau6iG33qDN2Aog9G4hndwy38XnYqU59E1WgWJk:12000000000000000000:OKDOT:CHECKMYTH
16XtFrCsRv9G7MZN8ZdRbdDk6brK3v92vpsysxFHMF3ToheD:12000000000000000000:OKDOT:CHECKMYTH
14SRKPf4wHaiKNb7wk7gmDmCVQWJ54J4wZwDRYses6AWEfvR:12000000000000000000:OKDOT:CHECKMYTH
12uykyTnptfLsgSZLFNJ5ywxrK9dxQnig5bory9Wqy9LnRVH:12000000000000000000:OKDOT:CHECKMYTH
13iRYcuyqavbrhYMzw1qDApprvtMfakFwpCXgfD5w86CKjRC:12000000000000000000:OKDOT:CHECKMYTH
12Mm54FCabciYnw4fMUr36WYD5F1tcq9PEmYa9kBs3VuL2xv:12000000000000000000:OKDOT:CHECKMYTH
15V2952QkDDWistZZmWyj3aCEQE1Y8j8YmX9jzvxnSeT3tVh:12000000000000000000:OKDOT:CHECKMYTH
13iQnL2xYAeQeWY9HH3Pe1K4THGxRiawzFF6ApMSfzcJRaxf:12000000000000000000:OKDOT:CHECKMYTH
1Zx2NChU31wCbPBHwPyU2mbvwQwCUxmxoaRtLarC4MSiC7U:12000000000000000000:OKDOT:CHECKMYTH
18fT9g8PWRWyQdckaGsnsnLdcjqotXCiBZ5E9dJSeQ8CwkP:12000000000000000000:OKDOT:CHECKMYTH
14cJpWDV4zasSjMBYgjLLcGaE56hwcW4AmdfUsvDiTXcgb1d:12000000000000000000:OKDOT:CHECKMYTH
15awdZxk34Z1RM2msfX4NdrBhTCtZgJPc5uk6ZHeo46CKLKC:12000000000000000000:OKDOT:CHECKMYTH
1kAxE9WKEBBb6D6jiFQrZB4Xt3E5gaaVxVL65AFUoeJdwmF:12000000000000000000:OKDOT:CHECKMYTH
12zq9vVYqaUVPQ7ECEwESXQNRSmfT32JMDweX46MUqkugMeF:12000000000000000000:OKDOT:CHECKMYTH
16NhCpQpr1UBQdmY6vWWWmDGUJWgvKmx7eXyiXxeKhKy7jHM:12000000000000000000:OKDOT:CHECKMYTH
1nDcaqna62anhVSrTHozXn5ydksk6mpUtorzAMrYPDbiu9K:12000000000000000000:OKDOT:CHECKMYTH
13HjgzCdBGpDbTn1iCiLdSVoCGnXNiuNorvJUC8efhgaqdxh:12000000000000000000:OKDOT:CHECKMYTH
15MqDCHNqW1HqpmAFcmBmhxN5CAEy2NBVaneDTHmDE5T9su4:12000000000000000000:OKDOT:CHECKMYTH
15UKG5HUfuQjbpzoPd89kswAAXxhrH9sjmdsvyZSq7ca12RD:12000000000000000000:OKDOT:CHECKMYTH
158bmHbVbmbtQVfk3Dp96MCsDdG1Yw8sAdu2uBWDq1SowrCH:12000000000000000000:OKDOT:CHECKMYTH
11GFUT4HeNZSu8UDQrS2MaGhbK7oYjeBcjqbU7xqgwnmiaz:12000000000000000000:NEEDED:CHECKMYTH
15b8eRBUs7WwZxL1R6Y8LboUoLjFibC12CMPcQLHPD2hP9JZ:12000000000000000000:OKDOT:CHECKMYTH
157xUgisRUHB7Pb5SCFnhwpwiRAns8uG3YTSgeNMFdDD2jUq:12000000000000000000:OKDOT:CHECKMYTH
16PYARVhKkKrX2sf4jpvrjbz4XjpfqLaQ1kSaacHCAQBfSzS:12000000000000000000:OKDOT:CHECKMYTH
15GCApqZfz6G5wsXmD4hjrNgRGqV3NpZf7x5WM6mj2mYbfD:12000000000000000000:OKDOT:CHECKMYTH
13wzesi6Ahs8JU4T343k8DK55pYUSuVPAWtgQMi7yLwNwer4:12000000000000000000:OKDOT:CHECKMYTH
15TuxEWbmnRrPnDRGhSwvLFCme3RRu3L6WeKQssuarKNh7At:12000000000000000000:OKDOT:CHECKMYTH
12MAVekEiNAwJtmhVnmSzfhGjngHkGZM5NAwvEEk2nUm2yA:12000000000000000000:OKDOT:CHECKMYTH
15gxfL2EkHLBdvMj7dXnJWEZChTBNMPraFmYj2edBGWvm8bf:12000000000000000000:OKDOT:CHECKMYTH
12jTSSsStBjf3yjm4hcRkKY87zcdu5vXgmwwXqLbzpqtECsp:12000000000000000000:OKDOT:CHECKMYTH
12tgxRC2pS93rPXLgpbRKdDcN7kdcQwjx9i75BaP5hUwt2B5:12000000000000000000:OKDOT:CHECKMYTH
1MhRY7dUa9DXyXsjhFgac6wSS1JKb9MGRqQp8dCT5Efse4L:12000000000000000000:OKDOT:CHECKMYTH
13DbvZ44VXT4FUtciRZqZXdw9LfLSKxPNuUmMwTNwwbWK3Cx:12000000000000000000:OKDOT:CHECKMYTH
1435TxtTsMfzXnh5qDX9BrmzTUwZPEFvMvt2fg5kucHmTATJ:12000000000000000000:OKDOT:CHECKMYTH
15XZZVMia3vioha34TZ4pKQoJmcjvrjDiRiKfUCvnUTDgsBg:12000000000000000000:OKDOT:CHECKMYTH
12USb35SugNeFZmMHUQgyvpjK13F6LzduWneSUYsS7y2caB9:12000000000000000000:OKDOT:CHECKMYTH
13Jk6MC7gndDPczX7Gxry3D45aCDc3Dmfd7UDLnhD6EncRPQ:12000000000000000000:OKDOT:CHECKMYTH
15FbaGq9WSTpuvyHjNpAZgBVvuCZ4GR39fCHvjUbeyxonkZo:12000000000000000000:OKDOT:CHECKMYTH
13GsRCTnXmDLkRzfikGFHpK1uFwTLPoz4ySjyhMbktJNSaTq:12000000000000000000:OKDOT:CHECKMYTH
15KYMRwo1bw7CSB1gYJec9YLrwKysad6T655QpPjL4MqVtMR:12000000000000000000:OKDOT:CHECKMYTH
16HXTQY4Tx4Q83T8a2dwhqU9gYZj7aEZJEmhgcpzgVTydqfy:12000000000000000000:OKDOT:CHECKMYTH
12SSaA2qgBULuUds2r1xbj3ByoYJet7fTobieadQ2QpK74b:12000000000000000000:OKDOT:CHECKMYTH
1m73p17Naxx22oWerSdi2TDU1QNDRmKF6BXBs64zkkCMjaR:12000000000000000000:OKDOT:CHECKMYTH
12mFWfsfnoz8fGKpyNDBq1BgHaRakGJpqzzHsDksM2sG3VwW:12000000000000000000:OKDOT:CHECKMYTH
14e7zdSKaSfmWFBzCTn3pL98DCio2GK9MvQQykdmerYnYhxk:12000000000000000000:OKDOT:CHECKMYTH
12g49pXvoyKEJzGiH8uCP5WZ3GRy6EFoyfjh2puvz95vDAmn:12000000000000000000:OKDOT:CHECKMYTH
15wX76CRKENzqeF13jUCAmFRxjJK73YYym4gdEruo7ZqkqHX:12000000000000000000:OKDOT:CHECKMYTH
13twqoD9PPia1a3DqGGxuZ1nQMP1csLgYNaAyres9hzHuDLc:12000000000000000000:OKDOT:CHECKMYTH
16VQQUFx1WwqfuZVURBY2chw1oqzdksH7s758TRHfkhugY9d:12000000000000000000:OKDOT:CHECKMYTH
14LEQKYXdMWywMWQEJCe3reFG9H2cuK2P5fp4FC5LyMJjFW8:12000000000000000000:OKDOT:CHECKMYTH
12MwofyciKeumHHWeuSZNof79dDbn71KuVte5txWxqQej8YD:12000000000000000000:OKDOT:CHECKMYTH
16drXrdAsAGuK5o2pXPMfwNhTmmLNMAbGF1wXFWiX7SUbnTQ:12000000000000000000:OKDOT:CHECKMYTH
132pEwe9DTpbS6jrsxVyqzjiYSBvzjncHqkHSEiLtZzodgjr:12000000000000000000:OKDOT:CHECKMYTH
1ZzF1jn3yBzKG6yDfKFHiL7davX9mk2iFb23z7QVwGCErLT:12000000000000000000:OKDOT:CHECKMYTH
13KKMLUtzpBRuYoFfBaDmUuR7HTjXx1PiCoHxu6BbrrY8eZT:12000000000000000000:OKDOT:CHECKMYTH
14XKD6fnZXwg6noYniQTHxn9VdkUNgdhkVEMoYgdfcCJVa2P:12000000000000000000:OKDOT:CHECKMYTH
12Camm4YWPjFycJivXJzZLVd4WRbqBygbLSfwJxvkTxLx2mN:12000000000000000000:OKDOT:CHECKMYTH
14rn8JKuxg1vccv1RZ7XjwqZhZXG6BECpeKNrNZrESNqZjdV:12000000000000000000:OKDOT:CHECKMYTH
13jY6h5SNVjEjfoCDqRojUZ7PJ8Dc7Zatjv7W4WwJ6ADkbPY:12000000000000000000:OKDOT:CHECKMYTH
14mnmvCiEAY6p5zAjricgjuoQpjmJGJPii75fvRkjqu5S6om:12000000000000000000:OKDOT:CHECKMYTH
19QZ8NxP7wX8kFWyYcvPtDk6hsEX6hQpiCMWFgPs4aqzD48:12000000000000000000:OKDOT:CHECKMYTH
15ww4aYZDAU2iEZUfVdynYBrostMsywv3qKDfDpyNXuQm3BC:12000000000000000000:OKDOT:CHECKMYTH
13Js9vH5WkNAjYVpfwLHnd7R3xv18QBWNAREtD8Qf3VQihmH:12000000000000000000:OKDOT:CHECKMYTH
1q4VjsnDCKnLsSToCWPpzQBBtdbRcCApdN6ApYGYWwPzQPM:12000000000000000000:OKDOT:CHECKMYTH
1UCZiRXsjHv5SiMGvWkSsEPYic1yJ3ABHeD6RBexjNHDWPg:12000000000000000000:OKDOT:CHECKMYTH
16bGJX95ZSxDRoSr5gosMRAUxu4bsNPQWPD5dpayvhKWR4Ax:12000000000000000000:OKDOT:CHECKMYTH
14qBZQdAdCfzD5ayW2spLAqESnvYYg3U6RnC2MR37Su66KtK:12000000000000000000:OKDOT:CHECKMYTH
13ND4ZGB2TWbvh8EFMVHn8pM6GHp33FNtdoK68pEQvCvYdGJ:12000000000000000000:OKDOT:CHECKMYTH
16Y6T71sBcRgvMuNyDkC7YhmCE7hoyVqb7RDBwuxSSSBJZWK:12000000000000000000:OKDOT:CHECKMYTH
12mXPgQhGCAS3Cd1rq3bQfkVj2qVAQXs56iWDmGzNyt1FhuH:12000000000000000000:OKDOT:CHECKMYTH
13yNhhH3drqMN3rF3B4TSSMuyxtLMTcMdtnjKMBYQu9pVvcp:12000000000000000000:OKDOT:CHECKMYTH
12tXzypPQttgeKH1TDed8uH47TLd3qknpoEgFNGFLNXenvSd:12000000000000000000:OKDOT:CHECKMYTH
14wnp7VRMr6WynF2jDLdC86cCb2JnaHbBarQCVYbucvWVkR1:12000000000000000000:OKDOT:CHECKMYTH
14etMSDyha4XvrXNnjpF3YF3Qckp9ACKeVVeVzWzCfNVSSF5:12000000000000000000:OKDOT:CHECKMYTH
12aXywwb86YZLDtgYmy79nnnoFcEPEs8jFM6c3PZPipGJyj3:12000000000000000000:OKDOT:CHECKMYTH
15C4c5viTHiYtJCureYdpmzZ3bqgdHbdPGhSBw4DQsZwwMgV:12000000000000000000:OKDOT:CHECKMYTH
14rQQCvkc5xFr5ZVTCveDojz5umQkbtyfR7t9kgCYeAjkemX:12000000000000000000:OKDOT:CHECKMYTH
12wBn3cDLj9xu6t8YLjVM8Pgqc5izd8MDNfsNDAHdgbNV4ck:12000000000000000000:OKDOT:CHECKMYTH
12LvVdCiYCxzURzEaGDqpBsx1uuVq4cZ7ZRMzGKpccR7kxww:12000000000000000000:OKDOT:CHECKMYTH
12GdLitAvBAQtWMdoF6kPyzdBYQ45ANqhtxijrTCxU2LEY67:12000000000000000000:OKDOT:CHECKMYTH
1HvpyeTBFwyDnr44MNp2EkRf2bjQgtHbfCtkR4JM532uXPy:12000000000000000000:OKDOT:CHECKMYTH
126DnwTABx8iNtcZZVkaQeT8Qqw27nLrP6yF8ezmG7AhEjY3:12000000000000000000:OKDOT:CHECKMYTH
145hjy3nZXpQqyKNcXTEPKUFeWpbid7eCK2rpBjt4RaVDdoQ:12000000000000000000:OKDOT:CHECKMYTH
142nQLsZ6nwZMeQH14zuPEk3ojW6kW1kKUzLQ4gaCPyZ2twr:12000000000000000000:OKDOT:CHECKMYTH
1Y7E2TrRNfxKRqdv5DVXLRSfNwCxKs2Tp7RGXPkhFcXj5AU:12000000000000000000:OKDOT:CHECKMYTH
13TEEHj5wLEh4AJHn7aXGHh4vVmbShHY3qixjCSEFhMgtx5c:12000000000000000000:OKDOT:CHECKMYTH
16brmqXjNXBQS5F92sMBXHtKmGr8s9K9ybRVN2nqpbMtH4F4:12000000000000000000:OKDOT:CHECKMYTH
16RxExbAqGmWx5rDnZMpaUibJdzjhUcjMnKQbhwfU7xAQMhg:12000000000000000000:OKDOT:CHECKMYTH
15g2S2Zeen6RYGrP89KGgoCsFvb7ef5zzRoX7nLmnEviqwhk:12000000000000000000:OKDOT:CHECKMYTH
16eHnQMLYwpM7ewdJ1tiDwXNhpxSm5yLkmJNadZfYYeQvefz:12000000000000000000:OKDOT:CHECKMYTH
14dgTpQbTvGpqowxcxHYftsHw6LvzPUYn9J1tfvibEPYm7Vh:12000000000000000000:OKDOT:CHECKMYTH
16V64KMr7BUKtJVvSRH1h8xTVZqhXgPheNBXy4oZMy59t1KD:12000000000000000000:OKDOT:CHECKMYTH
154ct9Q5mKydo7iKBAvuWmPnkzoc2MuHXzogt2gD1XKguNsV:12000000000000000000:OKDOT:CHECKMYTH
12zLiwHp9ELrLd82duWKW4SfTVRUEXZQYdiCeCrP16QYbzU8:12000000000000000000:OKDOT:CHECKMYTH
14xJYWNf8uHsBpz7Hyy2an7YSoGkcfmd4gzsSgcuseJbPKis:12000000000000000000:NEEDED:CHECKMYTH
14edGbmsNUBwJUPEEGxtUTvqZKmsprU6yRyQFH6zmTejmu34:12000000000000000000:OKDOT:CHECKMYTH
14MpL234ipeFxksfXtz73gRyRsBkBFciEggrGW1juUHHt964:12000000000000000000:OKDOT:CHECKMYTH
12j6Bu3ZMQY5CGqTQcMJTvmF1BxRbsiiHxSzNHMWhpfRpx5w:12000000000000000000:OKDOT:CHECKMYTH
15J7hu6NBnHZqQYEYLGXi62H48ZU6w1T1ntDfwqXbSKuRk5w:12000000000000000000:OKDOT:CHECKMYTH
16mLCvWi7XHAgDARx9LDRkCCqMR72mUgVsWEN7Ny4oYFgEPU:12000000000000000000:OKDOT:CHECKMYTH
148WeqS91XjSMXEcfbUdFv6ri1KEL7sxMdV9oZxvG6s4z6SQ:12000000000000000000:OKDOT:CHECKMYTH
12kwTcy31fU5pr6mWD4m6izPbkCjEDA1EErKw8e4v8A9f3Xu:12000000000000000000:OKDOT:CHECKMYTH
14Y9Vv2cCgvtnWTx2JtiPwJWFrHBR9BASta1QnPLBeZjjLod:12000000000000000000:OKDOT:CHECKMYTH
131aCPaH7M28WCgLU1bZD6DmNqdyyyvWCS6vQGF2CHoSDuJG:12000000000000000000:OKDOT:CHECKMYTH
14dN9FxxFmEkFG9bBLvXhLbioYpNWTSo7YgdiGX3fmy9nHT3:12000000000000000000:OKDOT:CHECKMYTH
142j5kJNajMeL56SRKifYoDWULYoq9HuUXy4bGSid748dE8e:12000000000000000000:OKDOT:CHECKMYTH
1PfPFKnbFmPFN2LdjwS9KAnL2Z7aKGRtZDemzRAEYrX9sVN:12000000000000000000:OKDOT:CHECKMYTH
131d1A8zh121YfnCAMTSkFiV3HSNdugM2bzswnk8AahkkJjX:12000000000000000000:OKDOT:CHECKMYTH
13Vcw8ac5zBMN4gmoS3jJ38JiKHa5KpvZcN4BkBpDqFDFGQ8:12000000000000000000:OKDOT:CHECKMYTH
1xadGEU8fkhh9aiVnczDtF6NZEQMDc9eo283CatSD9sVmWd:12000000000000000000:OKDOT:CHECKMYTH
13xkWoPkFRZ5F63yoe1bzXBmRuA35vdy8J77foEvhrkS2b2:12000000000000000000:OKDOT:CHECKMYTH
12E9o2ui5iMKbJvciMwHYLY2dGbB4WC1no18mXbkrx5KCNHV:12000000000000000000:OKDOT:CHECKMYTH
14chURJ6MjwUBUnzq8i8KFc1ik6KQNSa7EuaECr69t2JLcJc:12000000000000000000:OKDOT:CHECKMYTH
1iEgMbn3eKxMZmZZqewDBt2zzmsxw7dDyaqudp1JFD8YZo1:12000000000000000000:OKDOT:CHECKMYTH
1TJRpXLb921zrEKRvMw2M9Ltp6Fio8fNwyzpSgQgrC3he7T:12000000000000000000:OKDOT:CHECKMYTH
138kZn9YWHTXLbFPg46GSQUjqG6twpaquk3KZmknH68n6bxf:12000000000000000000:OKDOT:CHECKMYTH
13dT935YNAdxS9xYLKQYJN83Xz3B7jnwdATkikZrNxr3kSLN:12000000000000000000:OKDOT:CHECKMYTH
1KgFcGs9bBJHYX9k3w7m9L5dNwRPGiRVuLUmHrRbneyTcRm:12000000000000000000:OKDOT:CHECKMYTH
148Ke62ULDtQH4cSDB1HroPKQWa5LZxvbjHfwHHmnZrvnFJd:12000000000000000000:OKDOT:CHECKMYTH
12jkGGbjpEcE2CMV4zRKeh9KxVttDSf3J82xsvFWqjQNyj4c:12000000000000000000:OKDOT:CHECKMYTH
14DMCoyXKANSqKy6nga7dVqfoKVGb2WyYysUzDiF1RuicNuq:12000000000000000000:OKDOT:CHECKMYTH
1hwqERNYHpMNDfzA9wPm5aV42WTLcHxmEDwUzwNjhJXMrWb:12000000000000000000:OKDOT:CHECKMYTH
14J5RX5g4UjTyKt6MpCWCKa9Hq2GVbNFQfSEuoV4yGEYBz7z:12000000000000000000:OKDOT:CHECKMYTH
15FcyYeqyBKp8ouYihxFkYLdfQKd7mK9HbrbRfNpS9Q5NRmd:12000000000000000000:OKDOT:CHECKMYTH
13bXD5pmY6rCLMqFkdD6UxtuXyQKLrMdecUuGUuGgDFnGcbU:12000000000000000000:OKDOT:CHECKMYTH
13vUEKexKxna69nEekWR4T7NiX5BsaYou3kWY51zpKEkTUfA:12000000000000000000:OKDOT:CHECKMYTH
16WRRNCJW9YCfsSAXGTKHDJRTrZhiaopJeoZvEzLv73PsTH4:12000000000000000000:OKDOT:CHECKMYTH
13u4SWm6dJ4PowmZ39zuwoPnTsPQT5EoFt1SZ2QvoqctUaHV:12000000000000000000:OKDOT:CHECKMYTH
1srnRAMJV7XavuPVKAXmFYqpAhidw3bni87sN96scjjmZVj:12000000000000000000:OKDOT:CHECKMYTH
14AuGBqNGezFutFBLWuwEmSe7sNBLGkmFM8eqtHHPgYapSzC:12000000000000000000:OKDOT:CHECKMYTH
14K1zPhAeoJvg6DC8iPrTPY6ya7p5KVq1zoTG4CmcbJi86NJ:12000000000000000000:OKDOT:CHECKMYTH
1VnC5Gz5epB2ypzYaNswHMLWRok6nk3Eqg4knp14KaoXCLZ:12000000000000000000:OKDOT:CHECKMYTH
13nMbchPEQWBq8gHGaniLrA5RjHQoF1EZeqyMTwxbMR6hohB:12000000000000000000:OKDOT:CHECKMYTH
168hZzKHDC9nfsar4PvTHcEVyCEX65siYuum6i7b3SyoJvrH:12000000000000000000:OKDOT:CHECKMYTH
16i6uCC8irqutEB7fcmuUgT3U4na4mdheyRws26RdxkEvT9R:12000000000000000000:OKDOT:CHECKMYTH
14fBy6gexw9R7wZMfeUPXqr3AudCYwhHJFrudYghabZotUH2:12000000000000000000:OKDOT:CHECKMYTH
14JbUFvss4WLUHPGjaVwDNjuhaAaVkCV92h9tsp7Wx7rpc34:12000000000000000000:OKDOT:CHECKMYTH
12a27oqAjWAv7unAMHL8yscPmSUNc1EaAvFFa4vkjgecGo7v:12000000000000000000:OKDOT:CHECKMYTH
146UMAvN1H8HLaMHguaD33vt7tqzLbppahZnsw7GVpSYGfMT:12000000000000000000:OKDOT:CHECKMYTH
15Q7GKLrMhvm2Kk7DE5xk5NMr6ea5rJF64YeWDywn2vMdoEm:12000000000000000000:OKDOT:CHECKMYTH
15xhR73n4qYkZ3n91rzgtQacesXq7Yfg3UmmdnTLT3vaMG3a:12000000000000000000:OKDOT:CHECKMYTH
13vRJHE88zmQaQq2PxWyNqcTsWFqRubMYVGRJro7Fa7c9W9V:12000000000000000000:OKDOT:CHECKMYTH
15JoRwbpZzFa4ve4VZoUu739YFY4BfAvEsdWbAK9D8YNR474:12000000000000000000:OKDOT:CHECKMYTH
15xmHmjCQUxj6za3Z6YWiHVhYAFAMoWrGLBtXzZLn8mgwEex:12000000000000000000:OKDOT:CHECKMYTH
12jMuuTS21DBufbXyNS7o89vsiXok2Br6wHeiQgUftMEGFKY:12000000000000000000:OKDOT:CHECKMYTH
13Z1bTdYN7V5oGpxmnz3EeXReuui7d3J9rjnixbBwNvUwS61:12000000000000000000:OKDOT:CHECKMYTH
131PkNrcsZyx8sut2TmgkzUREMyC2BPaFKtyJLWK3HYVqgn8:12000000000000000000:OKDOT:CHECKMYTH
12hU5BRVyYgEoCYZF46LtcKnyRmJwdsjtfMFRLsePPtjPkNT:12000000000000000000:OKDOT:CHECKMYTH
1UZ4qwR7cARSzyL6QMayyi5LyJJtY4nbn5E1s6xXNrUqmBy:12000000000000000000:OKDOT:CHECKMYTH
16K8nzYPDfks96BiyqHX2uQW7TXroQ71SQmob1gRJsEFQmby:12000000000000000000:OKDOT:CHECKMYTH
16g2scF1EY5Pb1rdDb1SfaQUa1PDNpURrJxcrxoYkkyzYfSi:12000000000000000000:OKDOT:CHECKMYTH
12QMMz5ywKsugC9nJph3LtdxPzyawUjF6fTnY4YDJuFGYa9x:12000000000000000000:OKDOT:CHECKMYTH
1UaViNBSvDn8jzrmLFuiPATmwR8HXHbTGwMwREDFUigca4q:12000000000000000000:OKDOT:CHECKMYTH
15m9QteAyZwLUimfGB8XLPB4bLsoZtHUqik7nbstgzWGTuto:12000000000000000000:OKDOT:CHECKMYTH
14sCFjJF6ozGgRePeyNypaQaCRjYqehdHkMXYnGgiu9eqTQK:12000000000000000000:OKDOT:CHECKMYTH
12oSzX6CGpk9MUnG9DaJMCm9YC5XfTqFNogYCqyurwiSwPzz:12000000000000000000:OKDOT:CHECKMYTH
14xYLYt445M8aeJnqVCACUnyiWG3dNDyJykKPUUfZLiWXh7F:12000000000000000000:OKDOT:CHECKMYTH
15EhzCpeieapCwiGjR5jR9jwTw7nAgKzgs5zXM7cCvC3h7XA:12000000000000000000:OKDOT:CHECKMYTH
134ghP3rcqRScJ7pGDF8jZVayRfHv1mPZwLgELWUow99tV3d:12000000000000000000:OKDOT:CHECKMYTH
15BpTM2iaF3EvkaHSgTenwk9kza8zQL5Dz6K3PyKcM2tKW8g:12000000000000000000:OKDOT:CHECKMYTH
13cLNNcYoNnaS18azi9rj2D6Cisf3r59NtpZ9ViJPMzMqc68:12000000000000000000:OKDOT:CHECKMYTH
16cKpswo5MkbmYZn1kioDbm1NHuKJDi21xGQnEuEvWvCbVJ9:12000000000000000000:OKDOT:CHECKMYTH
15LUiyPSEWJm17dGDbZLFjzYHSoezRkVUD5Vd3TzoKBCZLe6:12000000000000000000:OKDOT:CHECKMYTH
16iH831Tq8evNMb4tPpuD9w4xQwsiKd5Y9wxiNJRaCcbBuEG:12000000000000000000:OKDOT:CHECKMYTH
13rLCyiLzD1JmGyJ4bkNeTqa7ufyuwvNiB97amrnmxKi9Uss:12000000000000000000:OKDOT:CHECKMYTH
14bCang46iQ97Axf4NgyTxMivJsBCuHxH3zMuLj8FKULFBwG:12000000000000000000:OKDOT:CHECKMYTH
16KdjEbCvwYenAYk1c4fmjeSh3N7K21BdKoKDYMtghnJDDYq:12000000000000000000:OKDOT:CHECKMYTH
15PApUgPaLy4HXVrNDQwPqBquDQopFjxWGj19mVaGFqyPPLp:12000000000000000000:OKDOT:CHECKMYTH
13S3Hd18LhDf7rWjAX5FHuGVxdcvHLWgq2mKA3C6PkqeW8in:12000000000000000000:OKDOT:CHECKMYTH
12LrzZLHCqx3gizqerMARt7nX3Q5EPZWN9uvxDAxtLyPDPx4:12000000000000000000:OKDOT:CHECKMYTH
1L6pqVan9A6WDv7FvGxQ8mP7gFR1dkQK9DjK9yS4LhCvyLf:12000000000000000000:OKDOT:CHECKMYTH
16PtKqk7cu3UHQwQ9kVzgKtDQwns5REMvpH9wUsqL1Ccnzc1:12000000000000000000:OKDOT:CHECKMYTH
15oGpu29TrNpuhv3adEcaEPqwB1ciJ41LvpAat1JDk6K35RP:12000000000000000000:OKDOT:CHECKMYTH
13wLrX6RCAmrTDgzVmFuebkKKTB9CbZw8mn4PaMqP41m6ojj:12000000000000000000:OKDOT:CHECKMYTH
15V8Ckeek6PNaD6hJe7JoCua6HkxHa6gegW5R8fDw4BtGekT:12000000000000000000:OKDOT:CHECKMYTH
13RNwpXpjoFvVuyzipNNLz5BBwD1bkhhXAu1KeJBhnmafrWf:12000000000000000000:OKDOT:CHECKMYTH
12eMwxETS75iefzNCRvBdYAW2PXvbR7CXrbsmCcBas3U18h:12000000000000000000:OKDOT:CHECKMYTH
12Xb2TBkBXEt36m8Ui7dVb9P6tGZC3jbt65ZviFWsH8iXquk:12000000000000000000:OKDOT:CHECKMYTH
16bFozpVZ4ycyNbVP9xrXtxPLiZYf3o1apoLjmnQH7S1mVRr:12000000000000000000:OKDOT:CHECKMYTH
15isBQk9EFCHFmNSSiKCKGy1KsGcBKUTnBfjCmbVZWzzufJo:12000000000000000000:OKDOT:CHECKMYTH
15mDBGCscjMpeyP5R2YEV6Jfok3e9UPz7LLS5uDAK273UVeA:12000000000000000000:OKDOT:CHECKMYTH
12AaVRNCFpKzCupWgxYuRNJvNA1Gmx8x9M84d54P72FLBgiY:12000000000000000000:NEEDED:CHECKMYTH
12pLqJp7fibv6KqU9pCaBVK85XvcJbAMbvknuqJ3MfqXgQ9P:12000000000000000000:OKDOT:CHECKMYTH
16ZnR8sLt9cBnzggfnFBtw7kyCCW1ephHia4UtaGcqrVY9oj:12000000000000000000:OKDOT:CHECKMYTH
15qRZzY8Vb7CpnRaL589Z3HE8i9Pr2nA9smztcz4ufx6eUNm:12000000000000000000:OKDOT:CHECKMYTH
15Vfmd9zBfBMWxqzWeYts2iKGGXGSpjV3JMpd6XWQ52JPcA6:12000000000000000000:OKDOT:CHECKMYTH
16L5dUcpyicKVdqB2ib34ocB9ysr9RvtmZW4EmXBdYQPmUJi:12000000000000000000:OKDOT:CHECKMYTH
14Rchh5e59SWb7e7Dm1NfqGSziRSawPfdhjfHcksJcWWawm2:12000000000000000000:OKDOT:CHECKMYTH
12Q5BCvkBuWjaKffRofpTwFhcMgE4bfMgSeocFo2gxz2CZ8f:12000000000000000000:OKDOT:CHECKMYTH
12Smum98gfEEZf27E9aiR6WqBptFdYU2vJ8hb1gukAZ9b8bS:12000000000000000000:OKDOT:CHECKMYTH
14gQaHb4D2q8ELYLpKXNDYkeHt7D8QhX4bpLtw9udbvMX2mH:12000000000000000000:OKDOT:CHECKMYTH
12PbyZx2UxkJ81LB2KmuxYSZk95C8NcdobbXaKfbx9Bpirp2:12000000000000000000:OKDOT:CHECKMYTH
15TrgQd3tpEGacScfn6GPuMbn9GB81qB5QzDcqmGCSCxW2tq:12000000000000000000:OKDOT:CHECKMYTH
16fNsUmb3jBnMbEB9dQZf76vmRcZXUjHK4PCNw8qsK28bBH6:12000000000000000000:OKDOT:CHECKMYTH
1dhoE5aEMXHZvaiwcSjB2Ns3NNBZmEKgAnRx4xFFT5Dhfva:12000000000000000000:OKDOT:CHECKMYTH
14wGPtV3UP6BBYAWN71LSNiKYpZiXssZs1iLqrvQgESE1HW4:12000000000000000000:OKDOT:CHECKMYTH
151d75FXiNLJcZvcu4BdMCaCgK2Zn5YpfAh4BcsMucMqyLdf:12000000000000000000:OKDOT:CHECKMYTH
16MnLmSG3vyAnrReGk7LEPuhYBk9pi2tHdirDSAGNaG2ZRkn:12000000000000000000:OKDOT:CHECKMYTH
14ms74RfUHQQL9SRrdkaSWCcHLiT9bhuEKguMVNpEJ4GFpXi:12000000000000000000:OKDOT:CHECKMYTH
16X5FHTharR99UsHwzPHcs1gVtfK7rB9YexyreVzykqRiY1J:12000000000000000000:OKDOT:CHECKMYTH
15DTfQgSVZhAGWJsHsVDh1QfyWbSkRjo2KYdNUH7VZgUQTrH:12000000000000000000:OKDOT:CHECKMYTH
12LMiy7mqw3smE6AavaVbmWnPPKsy3Ljm92MRwePaXS78rUX:12000000000000000000:OKDOT:CHECKMYTH
11UzTsoojpPeKa8gwu1FnoiLrwrJh1zcUDpQK17yMpRRpPR:12000000000000000000:OKDOT:CHECKMYTH
145diWct3Y98HB1ZP7CqPrawAhL5vTTL1oHLrSPQFasFr53C:12000000000000000000:OKDOT:CHECKMYTH
15NJnkwBCbW1D6uLhRnGcLGckkdowMHXJNXdjLt8NJ4J6vP9:12000000000000000000:OKDOT:CHECKMYTH
133ULpPyp3g5vDT7q73YQnCffKFZ5jjhsmSUNr8jexPdTXF2:12000000000000000000:OKDOT:CHECKMYTH
14CemBJ3BnjrhTbpY7mWaCP3a2uK8ed2ae2rjHnRTPZrP615:12000000000000000000:OKDOT:CHECKMYTH
15XiaLp5QJrBMSX74MxytbydFwWByKCCMSzDj4qzmbAGRLoz:12000000000000000000:OKDOT:CHECKMYTH
13jkfbPihShPn8CreyuhSihNCaneS3mybyHSrF9UU9cdBdsd:12000000000000000000:OKDOT:CHECKMYTH
16RKNf3jkCnhHw63ooBgT3eAvAavJPR1qMviXsvuSHFe4Fzq:12000000000000000000:OKDOT:CHECKMYTH
166JKPdKydReZWDgpspJusReQV3SSvQPPKEypcrrAoiQgDH5:12000000000000000000:OKDOT:CHECKMYTH
15JfKCRCP9yNjAXkpduvBbisWKemVRGhDguLoFQusmkBqRKP:12000000000000000000:OKDOT:CHECKMYTH
14XcVrLTBdkqFotcmuLkFprYMQXXTemhdipdCtjdQyJoEk1m:12000000000000000000:OKDOT:CHECKMYTH
13WiU6Aj52cboTHKBWNQgBgpqnfSLuEb823beG1yrNEUjJcx:12000000000000000000:OKDOT:CHECKMYTH
159WUL7QYG3Bob86FHr6ghaQVWp8jiKmqqeZMF5HtTigZaUx:12000000000000000000:OKDOT:CHECKMYTH
14WVXfUTdHXrzpgtoZZZb7xr22vpggi3Vt1AnMyBzHUThq5y:12000000000000000000:OKDOT:CHECKMYTH
12Tkw7LeMQpDkXgJ85Ct1LJi5gb7GTc3wBBgZTE7hncLz5K7:12000000000000000000:OKDOT:CHECKMYTH
15NsxJ3xJizp7xcn8hJCs83Lf71BddseErc7tvu9K3vsRxik:12000000000000000000:OKDOT:CHECKMYTH
16Q9x9tunM47jcZHTs9HxMd8N2kUP7ri7WBAtnvvEJR7N2qp:12000000000000000000:OKDOT:CHECKMYTH
16X9tvunh8bn3hagy1gachfFJyYdNgpGn2sHGSsrqZbaDB3j:12000000000000000000:OKDOT:CHECKMYTH
15VtUUM4CQufVUntrhYQzW1KDneEVnP8fD1xCNjWS15oKAUM:12000000000000000000:OKDOT:CHECKMYTH
15ojviporwCN26PR5SoohiNXSwWzGDP1ycagiNjUXNhJe2XD:12000000000000000000:OKDOT:CHECKMYTH
15pTMTL12P9gaZa1MB1KyJR8Bk8GSv3Srrs4hPKL2FvY9xPR:12000000000000000000:OKDOT:CHECKMYTH
15hdTDWQLJpooY1NhkY3Ku4ZNgEQCBVWyfw3PrpcJQ12KVpv:12000000000000000000:OKDOT:CHECKMYTH
1NCZyieuN81uaqmYTKMqhQPfpMboLeVdaUXiSrvZJb5HCev:12000000000000000000:OKDOT:CHECKMYTH
14hGj9vDTycvVALpjzHDoK6ZszJrGrsd3GrKEDLCYJRqzyGt:12000000000000000000:OKDOT:CHECKMYTH
15DigCEkp3eM6ECXKowyD1M7adsdboypmRKsteKTjsqKfEqM:12000000000000000000:OKDOT:CHECKMYTH
15VpvmfwtbDTXMWYSSru2nir12Hc1doBcA5qVynNAuRk1cz9:12000000000000000000:OKDOT:CHECKMYTH
14H5FcwwpptLegRvBHxXbY3xNnYjDVfkn2ACHbUfGCShdsYt:12000000000000000000:OKDOT:CHECKMYTH
16iU1vR7Z1iveXH2ZHHxPZbSP4B4LQ4pQqndokxpSk76v5SA:12000000000000000000:OKDOT:CHECKMYTH
16DN9qTJSuNY8cAaTqBGFwqKoES2Ys8zSU1MsoY9YSCZi6kh:12000000000000000000:OKDOT:CHECKMYTH
12Hf5Lk4Gk4AK1yfeLz5SDZg2M94HihPZaAMyFtptQqknG5q:12000000000000000000:OKDOT:CHECKMYTH
12wsXmuoPRnT9UhD2USdZTdqamZUU48zbxQ9MsZaFTBvakVJ:12000000000000000000:OKDOT:CHECKMYTH
12hK7ZzsN4icumqok6nARCNiA2pMv1qFXYqPB8gk6yz39MKj:12000000000000000000:OKDOT:CHECKMYTH
13KaTRFe1ysSTtkebeFnmGhb5zcGvMhoUZp6o6DCiP38Qd3k:12000000000000000000:OKDOT:CHECKMYTH
1KH469sLZsJPDZqGnSgVCdWRdLXDdoLWvwbaSJ7qUBu1NZb:12000000000000000000:OKDOT:CHECKMYTH
12eXrwe5xjVwdRbGqBvDEHgMHuVgxUYxgL9XuiXguTTC4AC1:12000000000000000000:OKDOT:CHECKMYTH
1pszs4Zw1VzoE1tcwh5dV83LqPKZgS299rDZXBy9vR6dt1C:12000000000000000000:OKDOT:CHECKMYTH
14m8nZLtxuda5v4os8Na8A6Q8M3LNPapw3Aq2fHYsUQq1x8Z:12000000000000000000:OKDOT:CHECKMYTH
1UZty3J9z14759RYU2XPBhv2Mui6Ge6NqQUY5kjk6SzabVG:12000000000000000000:OKDOT:CHECKMYTH
1ZJZMB76tqGSVicdx3xGJUzJYVnDJaFubg7rGhab8HaaNrv:12000000000000000000:OKDOT:CHECKMYTH
1YCpeWzWXhRp2pQjXr6Xr9zrXNLZmqMA1UQiFTRcEj1PPPa:12000000000000000000:OKDOT:CHECKMYTH
1eyG4TMsvDhNtBqt8UMP8htE2R8G1B3bzhRb4JnSEVct51h:12000000000000000000:OKDOT:CHECKMYTH
1oMToJb2bgs92JfdutmPJAJNYMdXciLMhZf7mGsnuhmSXxN:12000000000000000000:OKDOT:CHECKMYTH
15uZrVQR1ETKpzChhV7vuEPHy47Rp5hEtpaNvvawkGNDA3wg:12000000000000000000:OKDOT:CHECKMYTH
12g5VivdjWG8qwDTDg8MsKVsCHNGfjQSU3qExEg49fxzfE4x:12000000000000000000:OKDOT:CHECKMYTH
15Ljnhzrx6uSH9FisttfXJerWN4kK5Y6svYYDahkNgPjrQJ4:12000000000000000000:OKDOT:CHECKMYTH
1sZUHjud6bDGgammSZiRoWgYR88EBnKYGGrWQvXgewn6wSV:12000000000000000000:OKDOT:CHECKMYTH
12o7gvWaahmsuffWVhX6Y6kS5ZrTZCnWg1M9kmiH1fW1A9qf:12000000000000000000:OKDOT:CHECKMYTH
13r3VQYd7QK78uaU46ysDNiSmtL9ipm7jfJtJyv6foFCYLAz:12000000000000000000:OKDOT:CHECKMYTH
14DrHywUdsy65jnumyB8DSWQuVmifjht5ZTzpvqRv2Yvc1Jb:12000000000000000000:OKDOT:CHECKMYTH
1qJiT9CucjR8ApaxDrSvd781yiUNCioVw8skPfj6KH5qpXV:12000000000000000000:OKDOT:CHECKMYTH
16NwezHg1T8G3ipn5Th6dfhrHKa3XEKgCLhWNyyUxQzZ59yQ:12000000000000000000:OKDOT:CHECKMYTH
134bvRRB6qiWXtz21yfvD4EAJgJd6K2oRM4qBcEt9FN1Ncnt:12000000000000000000:OKDOT:CHECKMYTH
15FsZY9MGFciEEh3cy9ba8wgy4ioB4mAuaqsHrzD59B5KjGd:12000000000000000000:OKDOT:CHECKMYTH
16Ph9yBuSfKFPRBYsMQbn8q5k62Nyx3jMVHysz9KsNGfdMqE:12000000000000000000:OKDOT:CHECKMYTH
15zbLXA9xJdXcVRu4PyqUHa5TuEszt5yVPvc8KmxhEsdj8nY:12000000000000000000:OKDOT:CHECKMYTH
12vBti8dNw59VUSPgJzioebnHsELGfYREpoJnHcKvVf4yMG6:12000000000000000000:OKDOT:CHECKMYTH
13TFeasQXckY6qzuqyYNVkHjZfz4zECuyLWL9BmMAk5RRLPF:12000000000000000000:OKDOT:CHECKMYTH
1ByRA3BRDiHFp6z2aXqZSBU7jFvgTAHkwugazfB1RZ6z87w:12000000000000000000:OKDOT:CHECKMYTH
164yDKMDncFTg2k6qzgdhiKfv3DHNoiFM2ExqyTLtaSuJVcc:12000000000000000000:OKDOT:CHECKMYTH
13YMK2ei1mSnnHfZRqweboFRPTzvQEo6xdjhdycF496KBnPg:12000000000000000000:OKDOT:CHECKMYTH
16acN3fHc3zA3rpWiYuMRebXMZd3pGb5B24PRDYufcDQPk6:12000000000000000000:OKDOT:CHECKMYTH
14NE5KuoMnoPpTv3pghu7BMTjQwDqv98EyHQFsRGWNzpry7M:12000000000000000000:OKDOT:CHECKMYTH
11SJNzZu3Gu3zyd14dC37gSqUwnUBsVZWD73qJ3W9CZnpWC:12000000000000000000:OKDOT:CHECKMYTH
15dPW7w96wLjoYga2dE8p9ayWTU7mWT6WQN1UNd7UBCo7yZ:12000000000000000000:OKDOT:CHECKMYTH
12ZpK7Xpqcm32oRVE8v9LvRn4VvYjUR1vikqcpZuJyaz8w5Y:12000000000000000000:OKDOT:CHECKMYTH
13NCLd3foNpsv1huPDzvvfyKh37NEEkGFotZnP52CTR98YFJ:236000000000000000000:OKDOT:CHECKMYTH
