16X442QsrN3nTXZqQMho4kfCq2hHrC7Dj8LuKRn5WuDRgdzn:17000000000000000000:OKDOT:OKMYTH
16LqqbZmMmr6XB3he54raJ9ym3Bdkn5eeDa2qyGV7esbwqjg:17000000000000000000:OKDOT:OKMYTH
15kKFzxdTiaJvNt9xJRKjNPTF581dQkC15giCsbLmvk8J1fL:17000000000000000000:OKDOT:OKMYTH
16RnuKVvCWzRvroNG4DJ77qNFdNLKUEfiDi5j6UkwPKUcc5j:17000000000000000000:OKDOT:OKMYTH
12ujARiXTtEPeEinLFgcTpUCrccCRW7EzRysWMpQ1T9f6XrH:17000000000000000000:OKDOT:OKMYTH
129hjtqTmMQhbBS3KxBKjeyrJ2C3cRBKBuTrVvHQ2W6m1Jsy:17000000000000000000:OKDOT:OKMYTH
15mNvv52Tm2vwSSSQVbdtPTFACaFfz4u3cmajVRy8MoLESSN:17000000000000000000:OKDOT:OKMYTH
1344VwgrG8Xv6zrc4fY4XvrnCPy6orgD5oY1Fi8UcRgZtz47:17000000000000000000:OKDOT:OKMYTH
1247qUc9w3MqemawHjHpefw42dC51GiLC1WeD952v767xMyL:17000000000000000000:OKDOT:OKMYTH
16MGCrqM2C9uFv45xc4oWKkj9LMskbc1d5bCcH9SXtZMBmbi:17000000000000000000:OKDOT:OKMYTH
15Mr5is8h9zo3xU56cn7CQvpy8WJQVcVUJ4ZTH6TC3LrRdpE:17000000000000000000:OKDOT:OKMYTH
128VE3ywjFydwPioUMMxUfaek9qGu1U2gD29g59USgAoUeNc:17000000000000000000:OKDOT:OKMYTH
14pL2tyu16XaykxjGMNWjGNcvERG5RFHjtZ8ovXpvfEori4g:17000000000000000000:OKDOT:OKMYTH
16N47PDeCVYrh29LusxhTbCMA4fLKyQb7iNYa3MkvgXcUdns:17000000000000000000:OKDOT:OKMYTH
15oCeA9SZMxphX5NfCf4517Y9maWzENpNvJeFjEM2vLBYFHJ:17000000000000000000:OKDOT:OKMYTH
12CoerQWssLZUe6quKUweqvYoRsQbGcfPRUVXh4MTudyRLmg:17000000000000000000:OKDOT:OKMYTH
16LzfBC6A5VafyArLdjJhpZRbewQiEzD2fBvTPZRoLZotPEV:17000000000000000000:OKDOT:OKMYTH
16N5PoBASZy117BJGrhcq7Npz5G2AMJnU4o3YFPiBgohFjrU:17000000000000000000:OKDOT:OKMYTH
12G7V9yiLj2KPLncaJ5s2BxCb5NRSrZrrqyNKE73KoyCojiS:17000000000000000000:OKDOT:OKMYTH
152aWpkT2Em1zvRrP9fYsGsExHksGCJfo2mHMUMiD8ceREqw:17000000000000000000:OKDOT:OKMYTH
14tnzsoYamWfgVG9xs3uJoNMFoniGbXsU57HPyGFJWqKM8tb:17000000000000000000:OKDOT:OKMYTH
126zZo5UpnUjHtnzutzJwHT4DJUCgJb96SSzfbPjVjF3xvkm:17000000000000000000:OKDOT:OKMYTH
15rk6KQwkivqYAd4C8y9CxMMkbBVeJeY4Cff2AqFQiHk2dCc:17000000000000000000:OKDOT:OKMYTH
13uXzDHkZxwLf5o8dqFznc2XTFqJrYMkWAvUBtdL1VpcWSBc:17000000000000000000:OKDOT:OKMYTH
1ZU9k97xmT3pty9XUoEAnqkamyhQB4nZgYHpRKyjAQb4zLj:17000000000000000000:OKDOT:OKMYTH
126LeWzcBt7rnC1mhZZp9TJ6nqGdk9L2f1SXPnmxJFPY2uQr:17000000000000000000:OKDOT:OKMYTH
15SGLR6KpyQfMC6Hip4e6eFB2b4XTL6UxnqcW8eJUXVj3pPG:17000000000000000000:OKDOT:OKMYTH
14yziboSEwA2fXc16jgFLScFXxpaPWKPU9wSRzhyGsNrfa76:17000000000000000000:OKDOT:OKMYTH
13DxnFGvTmLCUg89qh6uBTDD7yVAjg94s389V44pcfnYGAf9:17000000000000000000:OKDOT:OKMYTH
16U3JxrkUnhP4xRptrDzqeU78Lgad7etntWB3Pod4TzzhAsW:17000000000000000000:OKDOT:OKMYTH
15TCWKaqYrAC9ejMHsYcZLDrwZjR5n4dPRtzAGttVyEneHA6:17000000000000000000:OKDOT:OKMYTH
13J3Bn94iS58NzMhXSbyX9MU4PgVAtx53ady85GNDVXAZmGD:17000000000000000000:OKDOT:OKMYTH
14SQFrXZKxxnEq83iP74N44WxbkPAridoSRkWPJTAnZ3rABQ:17000000000000000000:OKDOT:OKMYTH
16UdPDGtMX6Z5SN4cX1m7pvpbW1goNd28pexGSYwbGyFsm9U:17000000000000000000:OKDOT:OKMYTH
15TzH7pgM3jRWyRGQwVw2q5xwoVznaRyy7JFA2D8B8yNFgWs:17000000000000000000:OKDOT:OKMYTH
12WTBRqJCQzqFxYQ1y49XeKpSpo6usZUMztr229p5PmbRWFM:17000000000000000000:OKDOT:OKMYTH
14mNcT9DP56oxaqDjuHYTzUsNMdcPBp6PB5PgzP8LERnRDCV:17000000000000000000:OKDOT:OKMYTH
122dEsWmSMeWRw615i2skbFVsFMpAM7ntf2VX77qUEkcXuS9:17000000000000000000:OKDOT:OKMYTH
15ubcDNUbjYFUJmud9QjpXpXe9NjnnnNmNBTkKtmrpaJ7Fbm:17000000000000000000:OKDOT:OKMYTH
16kS8gmSQRsLJAsCDWTYXSCmAHBEJtZrJngMpVWeQjpmVfWa:17000000000000000000:OKDOT:OKMYTH
14DJkfCmnbGT9oYzf9vabKJaFER2NqbYHa6GoakoZc328YFd:17000000000000000000:OKDOT:OKMYTH
19z7HZHipMdmGxUTuJGpxsqPr7GyzJFMTmTFPYf9muVMnL4:17000000000000000000:OKDOT:OKMYTH
15uktqTvXqFiwfVqyhQQ27WU9rfbQQwfXXvWxxoKum2G1su2:17000000000000000000:OKDOT:OKMYTH
15oG2RWfXuG7m2ED1ZrvWsPZzuPu41fvNqstBRanpEaPvtKB:17000000000000000000:OKDOT:OKMYTH
14ryhZ5cDoGV27QRbdQPNzn5MgtKF6b2BzCsEjV1CDvszfDN:17000000000000000000:OKDOT:OKMYTH
1aEu6oZgEvb1fbXAS3rJMoFbEhRBVHVvMaTK2Hyf9FG4vFg:17000000000000000000:OKDOT:OKMYTH
12fHAiyMBZKbD1GjBxazjRP2HQxpPppbpStzZHz4qJqaDJNE:17000000000000000000:OKDOT:OKMYTH
12F6DXGaxuJhDwbGdURTSGzxYia3DG5MceUy2iA5y9vLvJ9Q:17000000000000000000:OKDOT:OKMYTH
13v5ThnM3dGBSzEUN4vWUS657ZhyvXUdkaAnugui7KUC7DVh:17000000000000000000:OKDOT:OKMYTH
121ZCckyFk3f8LaEJJZWLYJ7J2zfut4TXV2Wgq7LnTvB8R22:17000000000000000000:OKDOT:OKMYTH
15WPzcoPnmDHMUFTZpczk5EFRaEmCciDJmwviARdv4e8PCGX:17000000000000000000:OKDOT:OKMYTH
16kfVMBrQY1nxapDPW1ZmW8Ntz1cLbdLQqcfAmGAHCro4xxV:17000000000000000000:OKDOT:OKMYTH
136oi5ECgsrzm4HnTcxwk2exy9E1SobYFnebTKiYgmNJ8ZbY:17000000000000000000:OKDOT:OKMYTH
1geN53jepbSN5rXryXBt78BZb5uY137jV4x8j5tWsQ2BwMP:17000000000000000000:OKDOT:OKMYTH
15YFykj7nd44bAAXkvUNLN1yYGy3CF8EjihNccCY9Gv3wGEa:17000000000000000000:OKDOT:OKMYTH
16Hxz6eH16dQQUtNB8aLVAmnd6K1gj5bZJXeSuZ51dosrHav:17000000000000000000:OKDOT:OKMYTH
14g7AtvDFPWg3fUAoz7nHUKtwhqFkdzjkX1FF4cUNxKm9qqA:17000000000000000000:OKDOT:OKMYTH
1GLRywVKakfXdRrUmznWpCJTbBa2z6bvbzd1dovhX4WHSTh:17000000000000000000:OKDOT:OKMYTH
12eAjjaGY9kJfxcwLbgyHfmGbCKV4JSo74mVx25Q2AFWEHMY:17000000000000000000:OKDOT:OKMYTH
13B6vyY5ZMxM67G3CmFoA93QE8aSNUs54XNS7n1RnQaymDXA:17000000000000000000:OKDOT:OKMYTH
13H6oLtji5L4ByvePgh7c7iAy1wpBRcFsxJkdxwn4TbaeaGA:17000000000000000000:OKDOT:OKMYTH
1Gr9rgSCTZE9FXthk5BuLoKL97PTEurVJ4hfzvAEbrngknv:17000000000000000000:OKDOT:OKMYTH
15ZuhjdbscSnWpbi2f3iUoE1kXmTc3bBAxZuhqkT8B9U1Mw1:17000000000000000000:OKDOT:OKMYTH
15MvUPVwJbX1k4SXLeaAdn6wd6jPKUHPnzqAHzPLbuyaCQ87:17000000000000000000:OKDOT:OKMYTH
156APKsvzGTt5nNZuVtENEQKi8YYDRXnXy8fpvnKAvNb8MLG:17000000000000000000:OKDOT:OKMYTH
1gYzGzm1Tok8oUTKMTZ5M8MmbWa1r3vuA4itT6Fjbv9Jvvy:17000000000000000000:OKDOT:OKMYTH
163ceSfUCkVQ65JEAKcoYSbgfLAvMWRnBvLUQkTZFFroUbp8:17000000000000000000:OKDOT:OKMYTH
15QYypEsh2XzYKbYV91xuUXxS1q31zGf2ecmAdGfVnhJaV8N:17000000000000000000:OKDOT:OKMYTH
12R1dsNVtwxub7d1BpUTVNNJaXY2bKq31s5j2QQYku3d7L1i:17000000000000000000:OKDOT:OKMYTH
1Hc1eRdmemxR1x1RbjgsCnz7DvcR7yxEQEMVKqUP7wv2Cyh:17000000000000000000:OKDOT:OKMYTH
1FLkbvRpbMNXcaxp6w8jv8sRiMtCuTR1C4whiggjRjwjhsg:17000000000000000000:OKDOT:OKMYTH
15rYEFtDb1AidKXYTXEf3rup8L4jWCZWtfGK1ogtSHNPhUsD:17000000000000000000:OKDOT:OKMYTH
12imxDSNjsD3qGwrnfbqBatKP6PSbL2wofDD9eMvveJtz8GQ:17000000000000000000:OKDOT:OKMYTH
1HX5m32jdgbUY8k1eV3Mv5bDzuRSszuVSjSrA9CfWLJ42SQ:17000000000000000000:OKDOT:OKMYTH
165qXzq3KTiZm7wRtawHgm1kGBK85Jc14TdkBkwzVsYxH18B:17000000000000000000:OKDOT:OKMYTH
15sCWMvR6e5Z4HCGug4T4fRPkKauTqD3R6aG2c8KW3Ta9AVm:17000000000000000000:OKDOT:OKMYTH
12VcVLDhV9qAyGMp9QYHksdKdsK5AP4PHoF9FEXwMrKWfh63:17000000000000000000:OKDOT:OKMYTH
1i1sUnXiTn5Byh3aMdvUos9CY1pM4vU2hFLoUE3iS4tZGGg:17000000000000000000:OKDOT:OKMYTH
1696q4PJLRANN7SQuSG7fQuDpq4AQUQjHuUsm3WJXtXKfzFE:17000000000000000000:OKDOT:OKMYTH
15TWoXjA7VQ2KB3j7iP8NDNz3xrHPmbozjE3TYFb7TttYnW1:17000000000000000000:OKDOT:OKMYTH
14N3TSBBEuic1Dj6tGN3JSmTAeJEHPiub2q5ZpKyhNRb3dVG:17000000000000000000:OKDOT:OKMYTH
1ijM14Xf5bS9S97EyXFEVQ6XXCooXYmv1SDPY3tKb5xvZWg:17000000000000000000:OKDOT:OKMYTH
169VdgSJcSorDTnTH1sAyihqAC1z3eLmjTQDcGfW5ntK8gp9:17000000000000000000:OKDOT:OKMYTH
15VtLNDbCmpezuZFvDk7FReUiTKxUhFP1uXbNNRqJyrHoxih:17000000000000000000:OKDOT:OKMYTH
16cwaxcaPqyLrxUPbuBWpyJvkBsP6yT6QVy2aHELhpwQJYmK:17000000000000000000:OKDOT:OKMYTH
1LMT8pQSCetUTQ6Pz1oMZrT1iyBBu6pYgo5C639NEF9utRu:17000000000000000000:OKDOT:OKMYTH
12E2SSaJgDF61bBfTFWs9e3NhhtUZCE2JmNGdHgwj4aDBr1Q:17000000000000000000:OKDOT:OKMYTH
15VXp8coU7Hb5oBZmab1HNTfpfJk6RAiuzBLdNM5ijgTQVd8:17000000000000000000:OKDOT:OKMYTH
12ykkJTzqvPkqTzj6JGAKD37UfhGrwhwrC4VcZiFcHuJ7mFF:17000000000000000000:OKDOT:OKMYTH
1LvbQsCfLHpe1TUeWhyfQUsb5xWpKXxfsD6RdZi9SAXstUP:17000000000000000000:OKDOT:OKMYTH
16AFUxgAAznmEksLnoM1QNVWMgCnzWRJmGmTbC6U4NeLsagW:17000000000000000000:OKDOT:OKMYTH
15x1UhkvQ2QK8WBdsKt7ntsuEUgXgfPMhtyaHrr6eNLodA6Y:17000000000000000000:OKDOT:OKMYTH
1ejbjT9W2ydtjvXsotNF6jnm2geAbuK8kqRRdRMPx12WEoc:17000000000000000000:OKDOT:OKMYTH
121gWEQenkxpHbZThsdnZpcx22hnigmAnMvveDQWAW1855rG:17000000000000000000:OKDOT:OKMYTH
16B7Kwtfg3LoFdiVYwfAeWJZPmKx5YhVBbgMmkCS1EC3qb8A:17000000000000000000:OKDOT:OKMYTH
15XeSEgihGawmj7oi4MWFRSLh528VG4UsrVkvQDXPZNAHc4B:17000000000000000000:OKDOT:OKMYTH
16ZuWrUHXt2mcZ6HACH99iqPQYRhCkKDr4BTKgPAMN5Hd7nj:17000000000000000000:OKDOT:OKMYTH
1nTLZRxYdyuvmP3Qk1aErCdFewMQ2WRwUNLNwh2V2G9b9Z2:17000000000000000000:OKDOT:OKMYTH
16Cb9bpUcZfmRUxNwnev2UMK7GExCEqHytXYQs3er8GNEird:17000000000000000000:OKDOT:OKMYTH
12GLhuzfJPixoffrd6uJ7hxJac5HL6sSSksoyNL2L6GgNZnp:17000000000000000000:OKDOT:OKMYTH
16RwRkJ6Cj4gqNqnJeJq4wvh7zNxpnQdRqAaiJu1YHygQqic:17000000000000000000:OKDOT:OKMYTH
1PBsU3MiSeqYyU6rXFTqhMguEoGQD8Pc6AMji36XQyhbn7d:17000000000000000000:OKDOT:OKMYTH
16cT2ELiPexmhCt7eW12eCvaxfXSbqfMnhepow6H2Ao4W7od:17000000000000000000:OKDOT:OKMYTH
15YcBYRRXyqz4cdc9bzWVVxHYkpM5MFiM3fJf83ZuFJjBcjX:17000000000000000000:OKDOT:OKMYTH
145MosM2WbMGkGkZPvAbG9vzgt51ep67CtNzNF8CgzPPV6ih:17000000000000000000:OKDOT:OKMYTH
1qCCtSGUjY55oMzQbp8Px8CuFMLUj8wVX7k2cA1U6dQZApf:17000000000000000000:OKDOT:OKMYTH
16DAmFgdATKx87bHc5p5qnKHXCfeoz1LQdd9cSJhcmM44BqJ:17000000000000000000:OKDOT:OKMYTH
16291bnVJWFbQ31jpMm8fGgwBVwBnETDQ9T782eiTKmLuVMr:17000000000000000000:OKDOT:OKMYTH
16XsQYrF3q47SbtnoccDLqFfG4qLyAKC2nLtrx69XY7S2tLA:17000000000000000000:OKDOT:OKMYTH
1qmjPZzNPAAMeUGbSuh4dTd9tys6vMKVycUBGMZnDxRhjre:17000000000000000000:OKDOT:OKMYTH
16EJHD5AkkxxBiokKd2xXSH7c4cob77aHfWpTxeHML4B3E1q:17000000000000000000:OKDOT:OKMYTH
165jbARGBMsWp3yVNq9ugstW4yg1W8dSVyRqMzGk3EbvzUZb:17000000000000000000:OKDOT:OKMYTH
14G6X1kZDJKZvGQDY56wpq22CNuCS75D4jACtpmSYzQgjHXu:17000000000000000000:OKDOT:OKMYTH
1qYZbXhucrn3RPSWZc6Y6ytJ5DkcTkmUvCq59ur6ZGdcmDv:17000000000000000000:OKDOT:OKMYTH
16eN84VSg3QVL3kGwwav8pZD1XKqpQzz6iBUw7ci1Jq4fLRr:17000000000000000000:OKDOT:OKMYTH
16AkzasYozcKcbs9bjTSQ3DfDFwNTc7yV7GcWfgs5MxDn3vM:17000000000000000000:OKDOT:OKMYTH
1LfDGHhKgrumxHfoz3LfCoG3EUbLVrEJm8o9DVAejsv3Wdx:17000000000000000000:OKDOT:OKMYTH
1s2YG7Z6RdTUCL2CjwSig5ahdcwYKKD4T7Aqx7e6H7JB6JX:17000000000000000000:OKDOT:OKMYTH
16FE1zUnJVrihpYN1Q3r9Xd9MXDujutcDdWvoiU8NvRbwiyy:17000000000000000000:OKDOT:OKMYTH
12MfijgYPriW7x3q5kkoqYjFPCvGxTENu9npMtwXoKkB6fAF:17000000000000000000:OKDOT:OKMYTH
1552xZNw4poAjuxJCwXC7nk2keC7fTqCtz5u5PhgceFdoCC7:17000000000000000000:OKDOT:OKMYTH
1VEGo6Zrcf1Jgkc2d44yo8tJWPgFZfXJDV9YMyZYZBnA45J:17000000000000000000:OKDOT:OKMYTH
12D7ApcbQbpfZdLvb8FhwM4PJjPHKbfWgYi1MmwzUohKKgg9:17000000000000000000:OKDOT:OKMYTH
16dz4AQ2JaWXugyD4NbzBPqqxubyYMpJc2M5vjVVZjCpvSpk:17000000000000000000:OKDOT:OKMYTH
121WwtotsYC4jqJnDJyBobXFsaCjkGGQ7ntBC2wFvHnbJfnh:17000000000000000000:OKDOT:OKMYTH
1xjAPCyVBLZ18nL8w9CprYJBTVbCi5Rf21QoaKxuPjk2cmk:17000000000000000000:OKDOT:OKMYTH
16hFA1zrSMYHtndF8FRyw6RgL1A9CjoLDDrjBqDh5ryRnRZ:17000000000000000000:OKDOT:OKMYTH
16ECstHCvFWef7kR7tUGWHV2xYjVuf1Duos1MTawKKhCaUyb:17000000000000000000:OKDOT:OKMYTH
15wrvgocBkD3hfv9tB8aXZzDSRg26ef8DEKomWaS9VjGUC3y:17000000000000000000:OKDOT:OKMYTH
1xmLv3ZPoEgagVetYncc9kvvZpiAdEyu63fzNMtcncv3yqz:17000000000000000000:OKDOT:OKMYTH
16hrznp9hNxNLJVNsv7PxdfDeUajoQPX28xspqchfWWCuyRf:17000000000000000000:OKDOT:OKMYTH
16GQp9H55JHpQSLk9z1G5xmP2todYViLUa9y3PreWdysem9r:17000000000000000000:OKDOT:OKMYTH
15Lnm4z2fx9uBARtFMjZtce4b6NGHY7qwXt4oaC5pHnF9jvf:17000000000000000000:OKDOT:OKMYTH
1y4nJCPfV7JuzMmmJw4RSHBb7LHDj8jMUp3g46ZuZ2Udky7:17000000000000000000:OKDOT:OKMYTH
16MsLMbzusR2TX4ji6unnAnE4fuz9MSfXkPVMY7BiHhokw3x:17000000000000000000:OKDOT:OKMYTH
12KC7kdU9JFgFWo8ikE113XSDeBuhGriDGzYZU485kQ6xLvm:17000000000000000000:OKDOT:OKMYTH
16Bch6VDaFrEF5QP9gmZUNF8vWUvs6pTjZaRSkeTSrixqdaV:17000000000000000000:OKDOT:OKMYTH
12sEEBQQxp5p2sAomZBtRs84Xr2dx7wb7ccJPA7tjzc3kheg:17000000000000000000:OKDOT:OKMYTH
16PpE8pMFscQ34aCbFcCqGmmhj9HFyDJJxKqZNQse1kVjyXc:17000000000000000000:OKDOT:OKMYTH
12HBTL2czSxdGg9L5HhryQVoAtv5STTWbgV3rhrHXZAdJJTP:17000000000000000000:OKDOT:OKMYTH
14q3aye44HodydyxKQ2PVxvNcWkdtk5QkhJNNXV3GjqsWQeH:17000000000000000000:OKDOT:OKMYTH
12CBuebTLu76r6zJeArHGgMvf4g61UyuoMcxqZtjrfvyYFA8:17000000000000000000:OKDOT:OKMYTH
16QeFb6gvQJLfpn3eC7pePWYPXXMzMadFaoGuoEJJcBreW4H:17000000000000000000:OKDOT:OKMYTH
16J5gigN1BXKnuh6fXJaJmLUonCriTk7y6wRjFs5bxye5rva:17000000000000000000:OKDOT:OKMYTH
15wdBZAQhCDzuorBX1pKpkwZ61kB8FehGePPou2PPyoEAd21:17000000000000000000:OKDOT:OKMYTH
13TjbrWjiysxTptPe63uhZV2oai8B1akhnt5k5M9qL1kURcv:17000000000000000000:OKDOT:OKMYTH
16U5L2iaPpZe72eLkw5nY2QR8DWiyhWybZ2iDTSqpww1SRzr:17000000000000000000:OKDOT:OKMYTH
16kkEKbFzfqRnWb25c6AdzJfmbXX9JANcoiNAxPrC9Rin2w5:17000000000000000000:OKDOT:OKMYTH
13Yh6W2cJtexBYr8bLVRLHV2UAkfMaNs4g1vf3acbmDvtBCS:17000000000000000000:OKDOT:OKMYTH
1fp9Q6Wij4p7YQ4rs9ZNwGm5XMX3JG4UhEHU2zRYKCfP9KC:17000000000000000000:OKDOT:OKMYTH
1ECwyVsMS84rHB95xTMv5p4tMPd1FfQSpTZZ4uNCWxJ4Q3J:17000000000000000000:OKDOT:OKMYTH
16LntwoZg2jesQqRtpPqj2ZxoC48Pi8UXUJ9kwFa1cQtGQHH:17000000000000000000:OKDOT:OKMYTH
153K4DwhNV4sHZvY3MWLDgiaGNqNGj5zwD66CuYWmctZQfqy:17000000000000000000:OKDOT:OKMYTH
14jHxxvfF3VAfdp34gt84SFF7Pk1YRLMn5auwjXyN2nvJpoR:17000000000000000000:OKDOT:OKMYTH
14fRzEEky2T57z9HnKQ1ur3JPkyzdyxdqjtT7frrYwz4Y5Ko:17000000000000000000:OKDOT:OKMYTH
12GzDm1drJ2ovz9WUayENeunF8eEJaFuAKJSK3d249j2bEUj:17000000000000000000:OKDOT:OKMYTH
154MZQ4Mwj9ESt9RTFRoheHLYD3gBYgZjNZiR4SJg9WgNK8m:17000000000000000000:OKDOT:OKMYTH
13prQH9BoiyN9QBLqfe4jHzkJDiHWfd3omA5zVrLWJ1RSAdy:17000000000000000000:OKDOT:OKMYTH
12eMQjNQbKCxbhBX8KYuUGtWMLUH36EJA4rjftnc6RGqx4L6:17000000000000000000:OKDOT:OKMYTH
16Pk42PFUVcFi4oeojRwm15EjGySYhuREAgkAtNrjSFDWsJz:17000000000000000000:OKDOT:OKMYTH
156YGjxCYTX9aLTn3EXg72yje87NkGUUwyna3m4BpCwK6LF8:17000000000000000000:OKDOT:OKMYTH
121edCwbdMsuSXmMJM6eWTnhNYDFfQDJCULXNk6chkwcVF2Y:17000000000000000000:OKDOT:OKMYTH
16B5rs9nJW3ipPghPND3ycDW2dC9tYQaZ7uD4Th6eS1StTQH:17000000000000000000:OKDOT:OKMYTH
16VSu7muLjJbJdMovP7MisLu4ZASGzAr7Zq5iEE2Qup775Xw:17000000000000000000:OKDOT:OKMYTH
158WyuVKFJZaTx36fNdXMg8GTXiGT42dCZA8XsEfYfZDrFyQ:17000000000000000000:OKDOT:OKMYTH
16mqK3AtjTNrbAGRQDPzMhNStBhoausXfCkduKa34MDcFaGY:17000000000000000000:OKDOT:OKMYTH
16DeeWfTMEmDnzHJizmmwgFAgV3Xe4jaWgJm3QVJmc9TfoWf:17000000000000000000:OKDOT:OKMYTH
12GzbATU568ULWfbsSxoCzt4SqYuAYTxcDPMHTM8NKz32XUm:17000000000000000000:OKDOT:OKMYTH
1598oLj7nk5CbUu1sEwyiTY2Bbs1FrdkeVmKvJKueuyHF9cN:17000000000000000000:OKDOT:OKMYTH
15XnCqUW3vbgszt61pNaUZsX9AweiLDGAkZbMXRH2n5mZ3mh:17000000000000000000:OKDOT:OKMYTH
12h5ZwNGf1CBDNssSqNsR9dFb3AXtt58PtxfWqbNMir2Fy1L:17000000000000000000:OKDOT:OKMYTH
16XoKjeT6sUGnMHEJj4sFSdtDXuroh98nrzMmCtSNJyWngYQ:17000000000000000000:OKDOT:OKMYTH
15aPGa8Eh58dG3R4ZHDrPjzbCkCjPNwYz7kRAuvsMX9PKErV:17000000000000000000:OKDOT:OKMYTH
129gHGs6GXDmyJhfNMXrMmYqm4ermY135EoZEcr64aw9UTqS:17000000000000000000:OKDOT:OKMYTH
12TwNBBz9apQC8MyacVim1UvN9XegDz85LgCbVkttmyUKLg2:17000000000000000000:OKDOT:OKMYTH
16ZeTsKxU7zWqBf5VpSs7aZnqFmVJmfqa5ZQHAAB3PHXAZPP:17000000000000000000:OKDOT:OKMYTH
15b7DRutAVqYFqhh3oEioLk6Q3fkPXzYCZzmmxbMpoftDbVY:17000000000000000000:OKDOT:OKMYTH
1344UvPjuCmtv3iPQgcWb4WHrNrvs5174gLDnkCVx8mDkFCv:17000000000000000000:OKDOT:OKMYTH
14zfP5vDeutC1LmnTB4MRevE7bmesc3RhqMbKMYnvjr7yc1N:17000000000000000000:OKDOT:OKMYTH
16ZtSFMfzqCSvLAAi48afV7VoHw3KKdq8TmF76reyLEZvsBh:17000000000000000000:OKDOT:OKMYTH
15BxUeQXKYzyQpoGJwMPi5RpQkrGKbxTmpHEEhAbzQFLeRiS:17000000000000000000:OKDOT:OKMYTH
12eUq8qygyWNVz5NoWxQkSR98bvPgiwcWcYinm8SGXhB4Rv4:17000000000000000000:OKDOT:OKMYTH
1ELFx9bxkmzjeEzJq4gnKeZeJa5LPhDcTPiNiroYbnnyEQn:17000000000000000000:OKDOT:OKMYTH
187b99oNn1DJik7e1A1kp4NWWG2jSfBL7ZfTkAnu66sUGyG:17000000000000000000:OKDOT:OKMYTH
15cAUS9NtgpkZE38YMs6tpkk6sm39ed31MwEe8zaVpsdX9aw:17000000000000000000:OKDOT:OKMYTH
112AyMJtwAFzRD4tkvpmv6t33cEcKz6wuVkAmL9Zq3znhmkV:17000000000000000000:OKDOT:OKMYTH
12iv4ExHNCAqHAbYA3Hh6sF1N8ZcmLe55V1Z6FRexYdz9cft:17000000000000000000:OKDOT:OKMYTH
19PezaKx8uogAhv81gQA4D4XENnr12LGoQGtwcxmzRdxQkr:17000000000000000000:OKDOT:OKMYTH
15HAdsoNWFBNSBjHWUvYv1znW8NRg1sWGb7NY5aCkgFci6Hd:17000000000000000000:OKDOT:OKMYTH
12U7k9zwByPx8ZhxPUMS5GNDaQz3tZvKkW6R4vPgsLx3m53L:17000000000000000000:OKDOT:OKMYTH
12KbhJztxo3CCaAR4vJ5z1x4DfpBsQAsid2cV4qKpmNrtTzh:17000000000000000000:OKDOT:OKMYTH
12Gf8ytk1npQt29ZRmVKKVHWD9b1xpQ34V2JyvFXbpuyPsMt:17000000000000000000:OKDOT:OKMYTH
15iFygPtc7hAfCc8raDwtfURqwDGaYrK1w9HnvkNzN4bTWxz:17000000000000000000:OKDOT:OKMYTH
1KnDWr9Roa8RBSZKP2VW5EPf8fwArAjxtfQuULkYK6CVgT8:17000000000000000000:OKDOT:OKMYTH
16KvqQgb75tsAMWzYdpZh4h34QhgMwSgofLPHM7neshR5c74:17000000000000000000:OKDOT:OKMYTH
12BYJEZX2P7MarnNU7psiwYMahyfFrn2jSpLxixYLZ1zws6o:17000000000000000000:OKDOT:OKMYTH
15Jt2zpdtEytEz4bs66KpmMqxdqgp3R1Sr3Zvc2XedXMXV3w:17000000000000000000:OKDOT:OKMYTH
14DtT5pZWYmPk3xRcHF9jyrrxVuFwhiGcsq7HEFTeWfKT5U6:17000000000000000000:OKDOT:OKMYTH
13fwf5p55gKVJvF4LMcKRspt2Bmjs5t5wdxkyKrquXhzKTJP:17000000000000000000:OKDOT:OKMYTH
1dsZ8dFeXzaEnukXZwFiw4VyJwYJHFwQc1MQ51fjDqvTzz8:17000000000000000000:OKDOT:OKMYTH
15KaV9AU8tTzYPB6Nu8skBvny2HCsShk4tzH9dYcA2P3siRU:17000000000000000000:OKDOT:OKMYTH
15ifEvwRjnuoR2tCNLgHaqAq6uSVwq2CkRt48UuipvDggyJZ:17000000000000000000:OKDOT:OKMYTH
19D587am3BgMB6ikMJaSLSMB3egtedPDSH9D2U2suStZyFU:17000000000000000000:OKDOT:OKMYTH
12Bsa1ioN9gwKWMfzNynUzsN7RCiPJSooysNJMZKuBsmuX3J:17000000000000000000:OKDOT:OKMYTH
15Lr4PxQnLSexm2hELUoc2pFYYmFPa6KeCB4X3ybHbopgeRd:17000000000000000000:OKDOT:OKMYTH
15iKxJttQjocok9ojPeLtRxir6REcZNy3N1HaP6bekRd9RcB:17000000000000000000:OKDOT:OKMYTH
15ypc42W6FsAyzzGh7CQjjordpdK9o5hBzjRSw5ypS1oNvhf:17000000000000000000:OKDOT:OKMYTH
12bNc1X3xxDpTiJPUsSVg1a64iDha6wpWX82N8TcQYydCbCv:17000000000000000000:OKDOT:OKMYTH
15MKM7jEvusiTp3MEKykHyys1rUEdBZ8q8qTrMpAfFMgEh58:17000000000000000000:OKDOT:OKMYTH
15CsBfZahbkWEovCnrVCLpDuw5Nw4yqejHYrkZu2JqraRW3j:17000000000000000000:OKDOT:OKMYTH
14Mns1JnHHREHAhLj2twH6RVZzeLvS4NffwprNyQ2QBLiUJH:17000000000000000000:OKDOT:OKMYTH
1gWmzzaYDzouyMCq2BthjkjESL1iKS2gCyiCe4dbT2TgJ22:17000000000000000000:OKDOT:OKMYTH
15WP28psrgfFWaSdjkejdPk8Vrn1onhVQMXBTK92ouBLFqCS:17000000000000000000:OKDOT:OKMYTH
1h8Kn1TM31ZnP7UzmrF1ZL6j6bKZJgrUswZTWRWNVRTbML2:17000000000000000000:OKDOT:OKMYTH
16f8ozQvx1yHTGq2LzqQ6oep6Yh2Mm2LSPhRvGPZrYjFU4Dt:17000000000000000000:OKDOT:OKMYTH
1i7mcWpqJCj9GM2o8FjoDDvgnKkCjbDTNKHXRhAk2Lok75N:17000000000000000000:OKDOT:OKMYTH
15WZ55Lkq6A1TatTYavXWcbqC3WbW9fBtPvRw86BPwqvND1W:17000000000000000000:OKDOT:OKMYTH
13YHpijVhynwYziVqRAqfKBXw4eeYxv9AmMHt4aURWNUFM29:17000000000000000000:OKDOT:OKMYTH
1xKRAwWzrbMgF9DUZxHRrykYnXsPa16e51PVRxfaiYZeCYz:17000000000000000000:OKDOT:OKMYTH
1kz28VGnHWeymNxaJK1iBFqndgtghAJDHyS7VzezGnJakjA:17000000000000000000:OKDOT:OKMYTH
15xCvUT8g9R2e81YKRsh9WtUu46Gj34rdcdhvZVzMkNvM8BJ:17000000000000000000:OKDOT:OKMYTH
16JgdA72tQqVpmbKj5sUrryxozTqKVooSnAJLNCZyyF1p65Z:17000000000000000000:OKDOT:OKMYTH
16MMoJNy3X4m8Zrp9X4pA5o4hEa2X5m1UZK9rwcicrNv3Gf6:17000000000000000000:OKDOT:OKMYTH
1Mt911otziTBCpwbS27imAk3oEDEgMFckCTwpqbgQwJhNP2:17000000000000000000:OKDOT:OKMYTH
162sRxQEvyFKPD43CmMpT6CLDSrfvLWYTo6ezhx6y1g3mnDM:17000000000000000000:OKDOT:OKMYTH
1WfxFAsbeM3eAX8dofgNxsNsw8f1KktM328xAwLE58vvWEq:17000000000000000000:OKDOT:OKMYTH
12KTodnZZS76oQNBvreEexrNm8H2q4kJHbwV4QSTt5rEcRLv:17000000000000000000:OKDOT:OKMYTH
1NacCbNMm4fjeCxkp7TDirD4n3emEyr9igp6XXw6WVrXQZy:17000000000000000000:OKDOT:OKMYTH
1642q3aXZ2vbvaFoiCS1Pg5uFmveQbicXrCcFELM12oqnm8c:17000000000000000000:OKDOT:OKMYTH
135wy6PSZe5i87k3ne4JwYMMnvUj51RpLRU3QKAF6tHT6TVh:17000000000000000000:OKDOT:OKMYTH
14VrA148YqpfqZPo1MZvZsom8S1hzxG5GbGwCWvhrTf8z6KM:17000000000000000000:OKDOT:OKMYTH
12bibmvizMUi7tDMSH2p8MuQjT1dmej66UT75hdkZpQhtEgb:17000000000000000000:OKDOT:OKMYTH
1648cXWSu9vxNHVNnvDo3YodEHWXdp72UTZaY3JMt5YDN1tw:17000000000000000000:OKDOT:OKMYTH
1Nu37RxRZTDQqzf9bGc15pUpKnvv5zAiboLxotWf4eCvVcr:17000000000000000000:OKDOT:OKMYTH
12GoE6v3Z8sF6yJsNMXYquXpFKiYuJEVCLM74YHgxdYQWCjX:17000000000000000000:OKDOT:OKMYTH
12avpyMAQaNuVyEBaaRu5n8u5UCo4EvTgHhU9t6bBT4qKpwp:17000000000000000000:OKDOT:OKMYTH
167b5XE8sftyGESt2dtUjGmEXfZ9L98JGDcpsxAKUWF7mLcS:17000000000000000000:OKDOT:OKMYTH
16JaD94CUTMboHDgPWKGLsVGEBquo6Bp8eQnNJv2E4JQcLvR:17000000000000000000:OKDOT:OKMYTH
15BESUUxJxgPCxFATQaCpfLDUaJ5GUfEun516UzcWVVTnMCa:17000000000000000000:OKDOT:OKMYTH
1RSw1PKiXw54nN1rBRUQctt4dDvzdDqRBvdCLjpkAh7ujb4:17000000000000000000:OKDOT:OKMYTH
16b8xLBKugqtTMVEksvsqS4yp3BeWbnC1DDVQDtmx6HZgNCo:17000000000000000000:OKDOT:OKMYTH
14DLb9aX4mSXCNswPeaVviNGgptT9MLNwxVtiPnjNDZGzwue:17000000000000000000:OKDOT:OKMYTH
1nM7MyEJYfYgQs8egY5NfJN3EDZgQcfggHg9kPJ23oA9Ga3:17000000000000000000:OKDOT:OKMYTH
1sjLPDj3ngtA8v1itF7YdsnWqNms87NSXyGZha3n8zZHemt:17000000000000000000:OKDOT:OKMYTH
16cHCosAPEsfsQco2CSgHBvwCU8G5k8kvRZuVb2L7arizWqq:17000000000000000000:OKDOT:OKMYTH
15GH7h2ZBFdkbhUyy6rpQkByH4hCCDDLvWgJnMyomXFKpuJq:17000000000000000000:OKDOT:OKMYTH
12Bv3hFgyrKLMbNypD135ASJavRE3g3jwPYNAZycfNYKht6Y:17000000000000000000:OKDOT:OKMYTH
1SwPfZuWfaTPNxbkCXUedJvee9ejKucJWruFRzuU9o6YmUd:17000000000000000000:OKDOT:OKMYTH
16DjXsGWbWq1qPk9gbk51CUbeGhZGkHEripV2gC9KfPuEVWn:17000000000000000000:OKDOT:OKMYTH
148qp4w8VLRZ3hEYuKcE8ZuR6NwujiP5MgpM3UooWZ5LPkAQ:17000000000000000000:OKDOT:OKMYTH
13VkLzBvH5hpHsZcJKZBLcaaJfuqP7w9WEG6c13ymETZqE3F:17000000000000000000:OKDOT:OKMYTH
12aUgPMnDMWq8W4A7t1EmuUWm2a41kd2TAojCKTVSFydm3Yw:17000000000000000000:OKDOT:OKMYTH
16dUUXVeE94KsAkeLhpNh5EHxvMAXqs92MDtwg9JPffiSz6P:17000000000000000000:OKDOT:OKMYTH
16dS4zp9yRRETxf4r8H6txqsyYrDViJDL41qadZ4QuefwjNV:17000000000000000000:OKDOT:OKMYTH
14uCdfRrXWFfzsAmpogsdLQAb3xLY5NXu9jRnr7Et3xjJ5uZ:17000000000000000000:OKDOT:OKMYTH
1ugryGUF84Eu4cevQpud637ZoFv7vafg1kcMqnMXSmymT8g:17000000000000000000:OKDOT:OKMYTH
16ELuU15k2xzBEj2Hvfc4yK9w1J9hnn7SfMY6n91uqrNgRMe:17000000000000000000:OKDOT:OKMYTH
16VZSnS2zNqpoQJBc9AeSXNLZYwpVS1M8pC4biCP3ZCasSdf:17000000000000000000:OKDOT:OKMYTH
13C6rBkdExijr6XBzYhnMfokciVjt4dhB2PwQyamshQ4isbJ:17000000000000000000:OKDOT:OKMYTH
1UPW5VJDojz5A4HbaXCLmpX2sgCbx3PqBaPmJJiWexGL8CH:17000000000000000000:OKDOT:OKMYTH
16GdmRVWhCAJ3nr4NetcPwWHe56cVJrnNpkt84rT7fY5Dxs5:17000000000000000000:OKDOT:OKMYTH
139QbaPnYcMghPjdU3YPQPeaTqRXKNX1s4qJYFryTDaHn1Rs:17000000000000000000:OKDOT:OKMYTH
1124zz9U1r7JrkmukKNQC6b7xAmmJuTURVYqWFGjHpbceDnK:17000000000000000000:OKDOT:OKMYTH
1uxBeYsWwD2nxZisiiQ2F3qrgqHxtrx4ZUkYu9qjHrS2Dsj:17000000000000000000:OKDOT:OKMYTH
16GFpPvx6ZmfUUFLSXzsTbyB4YGYrDjPqDqc2WYgvBwVMsZ7:17000000000000000000:OKDOT:OKMYTH
16Huzwycv9FrR71mPZNqZgMKwaMkgEv5x7S1aH8hcPNwsZfn:17000000000000000000:OKDOT:OKMYTH
1k6DAmUgr2xx96KAYBkr3ZftqYZwdDC1tGZRYMBvs3mGqey:17000000000000000000:OKDOT:OKMYTH
1uZir2aJUQ1KGkpo7s1NuyJvGZCQkfs78UNGCCiUSMrVSp3:17000000000000000000:OKDOT:OKMYTH
16GVqjExogFEB1iGM6r2mogUbozRuM8XHf3RyEXmGGJAGMxN:17000000000000000000:OKDOT:OKMYTH
15yg7t4zkeePGvhRmStTpUr6zz9q5NvfC2ab9UKKZPAwE9sX:17000000000000000000:OKDOT:OKMYTH
13BDJAtqwX1MYai84hHHdLVEQjExf9dbXdPkPSXZXYA1s1MA:17000000000000000000:OKDOT:OKMYTH
1XjipG2h7RWWEcFJcvLpucyBQFtHTvbtqexFBXGbxgLCZ9v:17000000000000000000:OKDOT:OKMYTH
16HuKrUz88W6aZgp6cejqxfGrGeEqDdyK5AdTMkU5UeSqPbj:17000000000000000000:OKDOT:OKMYTH
12zzYPXA5mjLdE48n3PehRA2V1VxFMfdT72YrYssVHVFdunn:17000000000000000000:OKDOT:OKMYTH
16iiCbWEggNAZmkYFwiJWCmE9pGKmvVLgN9J44b3U3yncNiJ:17000000000000000000:OKDOT:OKMYTH
1Yh6UuGHnUQ3GUaxunun9QhNmniEsDQC844JQZwuT8TBYDt:17000000000000000000:OKDOT:OKMYTH
16JZaCmJ5mEH4sF5xZfZ8duQtTrvt19TrDML9nKBdvQH5fYi:17000000000000000000:OKDOT:OKMYTH
16XiE7ELrhWdbUkQgxDMezddQqccbPR8YfJhqMbtPE1CXtZV:17000000000000000000:OKDOT:OKMYTH
13EodbfBYeYrtyGijE8JpLeYLK292zreKWBTRdsDcKTZAihX:17000000000000000000:OKDOT:OKMYTH
1zeFyZrNg2xfEszsbgXKMCS5fecB4ZGZAVijg9c9yGWjDYA:17000000000000000000:OKDOT:OKMYTH
16Jzs5BwpYuzNthXSnWvtaNKuu8VJYweudvfd87TgMLmN9E5:17000000000000000000:OKDOT:OKMYTH
1RimxPUp2bfeAKj6xJ5nTumF53R8jwjjPopW73YqmbzBYkS:17000000000000000000:OKDOT:OKMYTH
13E52U5kXNmcgKmHtkRQrdBfQRsUzb6Cu4jgiH2CX2S6VWB3:17000000000000000000:OKDOT:OKMYTH
126s5UvvxHWXbB5gUKg3rpy4zP1vDwY99WomebtnogzMK6Kd:17000000000000000000:OKDOT:OKMYTH
16RJwoLNuVWfyZ6NoJy25oFfK5R7GMDASowqHtxtszZfhzKZ:17000000000000000000:OKDOT:OKMYTH
13WNjY682M4aX6CXKv8bTY7dCjQTUw87em54qTbvRuXuFwEK:17000000000000000000:OKDOT:OKMYTH
14iz7Yw26z1dea2kZVc3vgymr8TMm9K7nwDrBaasJ5uixtPM:17000000000000000000:OKDOT:OKMYTH
1ZwSgZwL6Fb3E28eJHrSwaVkKLGK2K4WWaWqjhUWEzrYkTj:17000000000000000000:OKDOT:OKMYTH
16T6SAd1cEbw9FAUhBQ2ezjgFQ9RFSNUQh5Z2rKkvjmA5Za7:17000000000000000000:OKDOT:OKMYTH
12bx6v4FDCKfwG5vcHrcoMMWgTevsP7K7utXcMRi37XJiQLG:17000000000000000000:OKDOT:OKMYTH
152V4VLw8CwDLRyyZU7DhYmQzFD62Ej6N8NNQfKdeBJ8gDxn:17000000000000000000:OKDOT:OKMYTH
12U81Vou5jb7C28qAzCRvBpYrmFSDengdSQ3BFVaLivQoLdp:17000000000000000000:OKDOT:OKMYTH
16WHUT8GwjmtHqyDuN4fj3327tqEhh79btC8QKZA3NJtbaXc:17000000000000000000:OKDOT:OKMYTH
13fyHUKqzuZuLKs8D8TUSzSKtsDcUMrY55zwhG7WQzhhk8Xu:17000000000000000000:OKDOT:OKMYTH
14XvWfc6CtiprvybiR4KNXefAxiY3iy2HJse6xR1LHdHApan:17000000000000000000:OKDOT:OKMYTH
12xkUvy889Gj369v68nnzVP5QMoTeo2Hu5EE4oNwJrQmP9vH:17000000000000000000:OKDOT:OKMYTH
16YhcYnnsVkKjtsdbd6ePAEPAppiSdhe7yGbrdHvQNXcXshX:17000000000000000000:OKDOT:OKMYTH
1RdcLc4yzb6MqeD9UtAiWERroHHkXgsbPQGVTPV9xHu65QQ:17000000000000000000:OKDOT:OKMYTH
16YBscYqzmTqmHwqZ7YUNUZPHcxMR4xn9ScUjnP77d4mTgCu:17000000000000000000:OKDOT:OKMYTH
14Sjgr22AGNLajvt9G5b3jR3VBhydFRqGokEYg4TFjnJc9zS:17000000000000000000:OKDOT:OKMYTH
16YnV7amAV95qgqJfEtmtjWiqijQGg2kawW261NoZ92879wN:17000000000000000000:OKDOT:OKMYTH
15wShzG9X7tt2nkyvCFC6qJPa9c1EAXBoss58BbWEYaG67Uq:17000000000000000000:OKDOT:OKMYTH
15oNSLmnShHpVhpDQCGYFXtZRGzPgc7iBZUTBtg8X1dFWZmv:17000000000000000000:OKDOT:OKMYTH
158NJT75TK8jcjvxBGLhAcPUEybVFF9QniosAL5VXSChwyKv:17000000000000000000:OKDOT:OKMYTH
16ZfMbm322ucBYW3mW3nWXuYhEWSnzATjbPxRr9TQrNvhGA2:17000000000000000000:OKDOT:OKMYTH
136xZ1Ga4iXXxowLerK9bft6tx8pgdoS5wCYTCZ8vUqVsdkJ:17000000000000000000:OKDOT:OKMYTH
15wBR18Y5rFmdaxfTySgJCXLoC4BZz2YMm62CGq11BTkioiq:17000000000000000000:OKDOT:OKMYTH
16UkYPrpXhZbi35HXPpwNRFeCifTLd7ADj5rsRhD8GRzkeHE:17000000000000000000:OKDOT:OKMYTH
175dK9WLRYRXrg9bHHMEi4Uz2RWXJzrZ9sT4d5hBPMMDXKu:17000000000000000000:OKDOT:OKMYTH
14zH99avvvYqGqRg89cnyBpvBqw5yeLiyqk7Nd6dZ5NKQ87e:17000000000000000000:OKDOT:OKMYTH
14PseSsP7yu7WdcEKuezk45z1GTb6NZJtuSqfvaa6yFkKhBP:17000000000000000000:OKDOT:OKMYTH
16axedWvFC5KzSyQG7EPt8RMMa3ZPpuBZ9wxxJTDJipxe3VS:17000000000000000000:OKDOT:OKMYTH
19ZP4GUVqTLAgCcxbVwzMNGoXudYgJ2k2kDeE3wKogbrSbj:17000000000000000000:OKDOT:OKMYTH
1dzXjLz8Ty11KozPm2c3W5WMiCXRzFvoziRtueVUc1nSD97:17000000000000000000:OKDOT:OKMYTH
16MDQboX265YhNkE5b5GtA6iS181fpZomXu3M6k1TukXaJf3:17000000000000000000:OKDOT:OKMYTH
1eNqt31WqA5Ezg7J8hcjZhNxZaihFTeRD7ruDmKxhrAWfAZ:17000000000000000000:OKDOT:OKMYTH
1AgpashuirNf3byK7j9eDPD5zTvPz5WUQqhNvuHFk2dHekK:17000000000000000000:OKDOT:OKMYTH
14JkkkZ5STdFTnAZAGFC8uEwfzQFzeKa3B5spoqchYAGuL8M:17000000000000000000:OKDOT:OKMYTH
146Ey3Wvba6t1ujt9cJyTgB2CnBBCXP8sESy4Eb7t8ktYsVB:17000000000000000000:OKDOT:OKMYTH
1466FPwggF6zavYSbkWyxAjbNwj537Lg7upHkmUnCBoZBwVR:17000000000000000000:OKDOT:OKMYTH
1CkdkPqtuzRjpG3EG6W52XwGPoUpmdGtuaCSwmDFx7yVLYj:17000000000000000000:OKDOT:OKMYTH
131DJF543aod4AH5yG4pK9Z62pavzHKzaCPMCBDXFnSMppuP:17000000000000000000:OKDOT:OKMYTH
16cfQG7AZWpMtjehFUV5v5y2K13GcADyDs8jwnYc7fGuvxEx:17000000000000000000:OKDOT:OKMYTH
14xJiWSouUPFhQxZELdQ2jmPBGFtnv5igkNCUyphWCjhFron:17000000000000000000:OKDOT:OKMYTH
1cpvSLeWKpTqYCeiGQEcc8LkwhkB3Qm6A2GsPD9ZKFYzF7x:17000000000000000000:OKDOT:OKMYTH
13SgaaK8y4Dany372K2ZS2Ywmn2vzb42q4sRou4WZLWdmcA6:17000000000000000000:OKDOT:OKMYTH
13ac4AcjVaM31LbBPyD2HNrb2D4e3S9x9i4zuoxwAv2gqT1G:17000000000000000000:OKDOT:OKMYTH
16VXxSTLburWSLYQCZhzbyq4CJbSvLmVb8LiFcrkdPU5Cq4Z:17000000000000000000:OKDOT:OKMYTH
1EkFQicXfJTY8PQqP1tyZW5uSWspLG3gCqKQo5YrMaiEVb6:17000000000000000000:OKDOT:OKMYTH
14VhvbXe1xr47VcqJ8UPQ6Xb817XHSvm7PhZGwDwNLpEdGWK:17000000000000000000:OKDOT:OKMYTH
16VPzwVRdeFWGCykj379pjjfx9bnjJrPZpgn68gQbCvXeKMd:17000000000000000000:OKDOT:OKMYTH
15RxDsb5JzR5uEiDV2P4bsuVszgrUqKUymoGFo838DMvGPb2:17000000000000000000:OKDOT:OKMYTH
1H9gbibEpxV9348rMg7QtTqip2RZbSvwg2NWyJudDoHj5D9:17000000000000000000:OKDOT:OKMYTH
15tzc2QDMK1JeUbiMgazC4LYnBCcVuGat3XkMN9QTBcjSex5:17000000000000000000:OKDOT:OKMYTH
155vGr5PbbL5vBrmQrZSjUmiMiYxcDGmsVJAJYiEubUDuGHU:17000000000000000000:OKDOT:OKMYTH
12GY1v9z7XeUY4V79Vy6GzjgVLL1x4tXhEwmNfYygLXpiH2c:17000000000000000000:OKDOT:OKMYTH
1hSCVoXwqJosoy2MYdyi1sf8jDtdvtS8wV8t4r4UsVroBNa:17000000000000000000:OKDOT:OKMYTH
181sZUe4PhJkrwQG851W5yW68HK2nRKJ2XuFtWNP3cepDAk:17000000000000000000:OKDOT:OKMYTH
1C65vYMmkCttj4rqL3qtMeKez5ozG6cuoMAj55ps757EVak:17000000000000000000:OKDOT:OKMYTH
12gzZ3NgRhF5PpwazKNWSeaj6QHeDUD8eanDyJXHBv5d1a9j:17000000000000000000:OKDOT:OKMYTH
1JpzLig8FcEz856vpc4XnXEdubTBRmTzX25HiQtM2dxhv1F:17000000000000000000:OKDOT:OKMYTH
14XoVE8j5TjKf5aJmdNsQBnDvc7KfXGMkvcnRfVawHqYE2j:17000000000000000000:OKDOT:OKMYTH
17Jasiq75DqtuC1hkjEFq4bogaFsNcXf62jTM3HueLq267d:17000000000000000000:OKDOT:OKMYTH
11fKWSoMtcGquCZgSt8HLHudScpvL3sBmfJ3CgkA4W7MDMC:17000000000000000000:OKDOT:OKMYTH
1koVNFLmQBMK1Un9P9aDj6PyMjuSxCLjubN7oWsdeqpXF8N:17000000000000000000:OKDOT:OKMYTH
16fEk7tPiHFY8XUGfjfVPQhaJmZNp3w9pY6xag23rWppYVtu:17000000000000000000:OKDOT:OKMYTH
133ep3k38LeLcVC6DiTNNd5uECJAuCkkj1iQy4CyPAkmkr1A:17000000000000000000:OKDOT:OKMYTH
13m1NDoCwVj1eaxiCksLmayL4MVdQrUnPqhSPNmaSuWBcsLU:17000000000000000000:OKDOT:OKMYTH
1qDASZG99kRCBwgWtGuZXFKwbKwVwdHM9BPaXXePzWhRd23:17000000000000000000:OKDOT:OKMYTH
13u9K8SAgfwDhTU7Q4tXc85EMvT9wEUR92eZLNiyV6K2a9nk:17000000000000000000:OKDOT:OKMYTH
1k9jCvH2VDpCJ4KMjMpLAEnBazjTKeZFtpwrCB25hex3pzZ:17000000000000000000:OKDOT:OKMYTH
13VSYAPaYSchtadr1g1HGsWXbfYsnRc1XehGmsFYpyn9nn3G:17000000000000000000:OKDOT:OKMYTH
1rjo28xqRYaMkYqcoD55hcHYRMDJKG2uSK67mCV7qGLkSdm:17000000000000000000:OKDOT:OKMYTH
16McSQ9vsRbexb8kjAeR2JF9gqyzRcpvKzXjsH6571T8RzVv:17000000000000000000:OKDOT:OKMYTH
15coF26fLJV6SXJYiP2RaoaoGxxuzxq5vYurdPBFKzpTZ9Eu:17000000000000000000:OKDOT:OKMYTH
16ATFn6g2x99k2Nto2GGMsVuc2C44q81aLJQs2wbj2aoGvyq:17000000000000000000:OKDOT:OKMYTH
1Shsim8qc7g6YtVV5bJ6Tb2gXVjCfmaLkfj8q6zX3zWbu2q:17000000000000000000:OKDOT:OKMYTH
16kfS71jxHJxJLbywGWqoNs4zva6be8f3TWNvBWkVP7KXt3k:17000000000000000000:OKDOT:OKMYTH
13ut4mXyfAaxjHU1Y7oGBCHVzyLdn9a8Zsg3VFrfkdW8K53q:17000000000000000000:OKDOT:OKMYTH
12zPWPJZxiVpaiVgtEJTa8MP1kjuQSH3voGykEiuEhH4bM2J:17000000000000000000:OKDOT:OKMYTH
1Svn6DxK1cLpVUzr5UoCn8eR7zra8wuf56KzTzvFoLYTCaW:17000000000000000000:OKDOT:OKMYTH
15fV65Npaxfj1mPs7eXxdjQRfzBqwpcCEMBTcSt2ej2Ep3U4:17000000000000000000:OKDOT:OKMYTH
15P4XvmZeVxSLd5SjbGdw2FdDyYntQiQ2WVBRaMQSn25XARp:17000000000000000000:OKDOT:OKMYTH
15wzbuBBAUojnviJiZLwAP1gVeZVgNLZhftzXBh5mAnD1eFT:17000000000000000000:OKDOT:OKMYTH
1UNSWw4NpuJgXUmSZEvQt38mimXNqnKWpGQn5LQ59AJggQQ:17000000000000000000:OKDOT:OKMYTH
1bkRLHCNH7Lb2DckuqQ5PwfsohFHjgP9AMyYadhoMyzBAuw:17000000000000000000:OKDOT:OKMYTH
13jYNfJ2E3VK2jA1zduzgRnGDyZx6cZqjVQch8N2DjDjEgCM:17000000000000000000:OKDOT:OKMYTH
15TioEacJCh2rEkP3DHAAAGDuYbCHRta5gpTKqT5pmUP6tAh:17000000000000000000:OKDOT:OKMYTH
1wZj59RbzS4CJTZMDEjU8V47XJhNWLd6KpBwLcjWqacin3V:17000000000000000000:OKDOT:OKMYTH
162xGLLsdijg1PRheYzGZSpf4K8pEVzKQ3J1U2azWAhgaWid:17000000000000000000:OKDOT:OKMYTH
15QP5Y3851jWwKrVZseMonHAnbrPcEo5oDAZgrLAiqjpDrzp:17000000000000000000:OKDOT:OKMYTH
15QRg1QhARQ64qxyp3VQcakAxp7WhWnwNDghtBBUoUfRQxeb:17000000000000000000:OKDOT:OKMYTH
1zmC3cuFeJcA4WBssMSfSYY5RwbBrnHRhHzftAVoVyp4XM3:17000000000000000000:OKDOT:OKMYTH
1zz7XX5wV8hHx49XKm94M2ho2nB4ieoEedjKMXGEVD6nNwt:17000000000000000000:OKDOT:OKMYTH
16LqYqUtq56BTi496CfVWRqJtqts6r2hEfeBMuqykmHmg1gH:17000000000000000000:OKDOT:OKMYTH
13TfK2eDpUYSj7skbmcYB3ybpFjTCSWy6WuoX2iE1ef7kL1N:17000000000000000000:OKDOT:OKMYTH
1zugcacYFxX3HveFpJVUShjfb3KyaomfVqMTFoxYuUWCdD8:17000000000000000000:OKDOT:OKMYTH
1WiRGKaGgSnArP2E5L47ZbSGqpLTq2fb4CPXtwbFnDDrc4f:17000000000000000000:OKDOT:OKMYTH
1uvNLqdgGEh5QycmojNmEK1BUTxawfJZip4KbCnvvhAxGvU:17000000000000000000:OKDOT:OKMYTH
123dKBJb1toNdW2bHeLD9kXB2Ut7eCKFVUnFwSCqhKU4q1k1:17000000000000000000:OKDOT:OKMYTH
1zugcagg7BHZzexiKiHPedkdVNv5GYwE21MLpuP3cjpcwCT:17000000000000000000:OKDOT:OKMYTH
11wfNjfEmKZiQk4wakffgBBNgJWrMdZTAoQ4PJhezTzLYWm:17000000000000000000:OKDOT:OKMYTH
146M9ok19yZ9ZPkkzD3dBBKRSvF9xn2or2PDvJEkbW9ofXnE:17000000000000000000:OKDOT:OKMYTH
13NCLd3foNpsv1huPDzvvfyKh37NEEkGFotZnP52CTR98YFJ:236000000000000000000:OKDOT:OKMYTH
