1V2fpjMfW3RuxfEPRVgJ6VB6ZPnFRYYzpwojyAyTJM3KNGq:17000000000000000000:OKDOT:CHECKMYTH
14X2iCLT5S3fxGya3h2pgYAT72ZjjP7gAHDJm3qUrFBLTt7S:17000000000000000000:OKDOT:CHECKMYTH
14YAG371eZgD8A6iK47rR6QvDQSnHkP5tFLgxY9vXCHVCq9s:17000000000000000000:OKDOT:CHECKMYTH
13cycJ6o2C3bZimfxitXfuUsTH3n5AtFuTiYSENbzQRH1VwY:17000000000000000000:OKDOT:CHECKMYTH
1UmQ97gLCwAJ42TwdRW2jPHgoxrmQ2xwMbwEYxdRgKcNxqc:17000000000000000000:OKDOT:CHECKMYTH
14WZ9YZNn1StV3gWKydBSBKHqvGcYbfx9zWH6D2HNmzRNpdG:17000000000000000000:OKDOT:CHECKMYTH
14z8gqrzQvxXCLxM6TuJPccqdpivVZBBjfWEnN7HGk2ddk4f:17000000000000000000:OKDOT:CHECKMYTH
13dNhskL7gSfedKfsjLMe9XU1fxuYAdKdd84Ee1jCZMb578W:17000000000000000000:OKDOT:CHECKMYTH
1TUbVmMHpocH53ipno8PenBnoc8axGXVu6MbM4Ppxqwjfez:17000000000000000000:OKDOT:CHECKMYTH
14wve1ekhUZWzo1KQd7LmSszQYosr7JmwfYbsWcVRR5en7kC:17000000000000000000:OKDOT:CHECKMYTH
14zrBeCmXdQnZm5obTtjpruNv6b35RF3dWbfBhsavkPgdXPN:17000000000000000000:OKDOT:CHECKMYTH
13DVGnULfuRmMFsanXgHNvnB1BKGrVk8xUHjicEBbzJ7Prfb:17000000000000000000:OKDOT:CHECKMYTH
1RnyKNdtMshqyFXK3ecUS4ReThAxvt8LW3arD2F382182QD:17000000000000000000:OKDOT:CHECKMYTH
14wTYLBNhX4b3zRy62R2b7Yv7S8d9Ec9o3V55LKLuRFt1Wfc:17000000000000000000:OKDOT:CHECKMYTH
136Wm9JYBNTXMyExvxq9PHGNRrUZWnQFNA9ALWXF2wUZRdNE:17000000000000000000:OKDOT:CHECKMYTH
13ehmZfVtLDU7CZPSTXBTjozfJXb2ZxgDmddmaZNCfZcVqGt:17000000000000000000:OKDOT:CHECKMYTH
1PqDJX7GpNkqYkjhX9YXNWbzcJoKkSn3w1A96N52g3gMnuZ:17000000000000000000:OKDOT:CHECKMYTH
1bdJzngQQWDrEK5wruvnH5ru2RFCyU3QHPRK347XndspsKc:17000000000000000000:OKDOT:CHECKMYTH
151Q36StQd4ZQKdDBfxmFVmFdr3NJoRTqU1Q9Dp2wtgLMuJ6:17000000000000000000:OKDOT:CHECKMYTH
13eRptCK9xiDxrweMbaMfSTqTE3TUuknK17jFtFP4NTAiis9:17000000000000000000:OKDOT:CHECKMYTH
1pP3nvGdqAteQRKWh7o61gpjQAVbPbAREjfnrGK68MeSCs6:17000000000000000000:OKDOT:CHECKMYTH
14VfudzfGqPRmtDmq8H6mSawUTaEFo6uQAAUSDUA8wyxpUja:17000000000000000000:OKDOT:CHECKMYTH
1566fQmtxATubFqr8JnAMDUkueW2okTBTMskRf1Vgzi5o7vH:17000000000000000000:OKDOT:CHECKMYTH
13gPnYf5U7hcuMiHEPv8g7wcgpaA6KLhkQuBZbvae6KawGMY:17000000000000000000:OKDOT:CHECKMYTH
1p3uL1EhuvAAZipsdX7J4T1VcKkaSQXBELzzUZmeGYUuSfu:17000000000000000000:OKDOT:CHECKMYTH
13qQTweZBgAnQ6dSmJSEksUxFgSPbFDGtuWQwM16vXECJz19:17000000000000000000:OKDOT:CHECKMYTH
1567hmVxWtEdENU1znC3bUdhRncd6FfE3UDJJRPNmgNkMnih:17000000000000000000:OKDOT:CHECKMYTH
13j1SHkcp7XakRUqPsdw7qLECwMJEA9bbG3penvj9f1KKHna:17000000000000000000:OKDOT:CHECKMYTH
1NZfqAERJjBGuEYZgJJfQiRoyupQhydDFJoUtyYSZS68Qy6:17000000000000000000:OKDOT:CHECKMYTH
12fBC1KxdsJm8gy6KXSrncPG3tPgkwNjXQAZGHY7YRsEYdns:17000000000000000000:OKDOT:CHECKMYTH
157R3JJnXpNnL81VaBYBS5vYziDNA5bsgR1MGbxjZWfFDHQf:17000000000000000000:OKDOT:CHECKMYTH
13JVWkd5yuDoATL6YA1DELJMLtqNYazbLZdEZ3WpDni8JTtx:17000000000000000000:OKDOT:CHECKMYTH
1NyzrxqDKiUiGZVhwUedraHuJS9tk1oSR7QiCpGSdByMe5A:17000000000000000000:OKDOT:CHECKMYTH
15yE2ceWcM7swUDqx6g97fM2omqwJNN7gcKpq16QzuFjvw2z:17000000000000000000:OKDOT:CHECKMYTH
15AzMtvVyRFopYSNfKEgvzeCqQspNbcpSxDpwCBXVmZUoBnD:17000000000000000000:OKDOT:CHECKMYTH
13mbD35iYMPPsMGE1FQ6an5Cud4j7UvV8KJCWMwJFrj5hGJR:17000000000000000000:OKDOT:CHECKMYTH
1nams6Mafk1ghZCpjmNd9tYRqvWq8f7c8yq1tGJvUsJYoe4:17000000000000000000:OKDOT:CHECKMYTH
12KXAfk1EED7bJgM9cbSmBUbhhmJFxA5LouprQSEmGR3xghS:17000000000000000000:OKDOT:CHECKMYTH
15b1Z3LuVELqTS6ckeUxEZaCJJhtcfgYHDqFMivewqYPXXTK:17000000000000000000:OKDOT:CHECKMYTH
13Mbrmcocorx4bsVC97oPuSC1CeUuDR1TFToWv41P6RCTXF1:17000000000000000000:OKDOT:CHECKMYTH
1N1seA8ZA2z8AZbg2zVzZiKNgvZyQqo8aUM3m3rLGFxMEZ8:17000000000000000000:OKDOT:CHECKMYTH
13rbzjabg8BmC4XcbFr7oWKXoKq4qtgiz1B9HHJ5ASwK4Uu7:17000000000000000000:OKDOT:CHECKMYTH
1334bSU9DPnUDaCxUTHv8HoTUXqadN45o7thkpWCyvaPx8Lq:17000000000000000000:OKDOT:CHECKMYTH
13U7ynVov5ZrKBdfMsmmCXoEh5hqrMuafdDsaXWFMssZxYhF:17000000000000000000:OKDOT:CHECKMYTH
1mUag3VAbvKCEvVmTimK9NUMp5DaMDpMxkbYfYRehwEUUn5:17000000000000000000:OKDOT:CHECKMYTH
12zDVAVkVQmQvBEw6pRNLYDd19ubJkJo2b1nMsnaqFKrAVt3:17000000000000000000:OKDOT:CHECKMYTH
15cEVxGY2thEVKGZzjVnP6GJ85qcyPc57dPCZT5TRDbPSiiG:17000000000000000000:OKDOT:CHECKMYTH
13UBdUiHW5hbBvTSUsMi4aF837ahGhF5y3P91vRWnhTacfzD:17000000000000000000:OKDOT:CHECKMYTH
1LPLNNHr5hzNo7H15LYTPxghfS5JuJAjqtvaBhhPx5nJAYo:17000000000000000000:OKDOT:CHECKMYTH
126hCdDToaXkX5kfskDTXWC1smM3M3u2KZEdYKLMJ8bFCYAy:17000000000000000000:OKDOT:CHECKMYTH
15Cu4g8wHQXLTpRhkWJY7567oZDpZkNXYaBJe92drru1uQG4:17000000000000000000:OKDOT:CHECKMYTH
13uQkqJ2iRgeydxXjytsTRuHJxPioZepGh4pmFXkw34RxXLj:17000000000000000000:OKDOT:CHECKMYTH
1JmqemnvSNqUHNbJw6wUL33myXyuwkqkv1341GLgMGjVqfK:17000000000000000000:OKDOT:CHECKMYTH
12ZVKaSBbgyLzsukpNMKT4XYskurTQGHJSDGmWifRYCpTnLU:17000000000000000000:OKDOT:CHECKMYTH
15DWKfxTrvEXJhLqeFaKtdX1RQ5FSjXUarSRxLzrVVrGA2ga:17000000000000000000:OKDOT:CHECKMYTH
13VTkeXuXks4wkkXDZZ5A5XSVhe3wbApQU41qrKCdqzewWxP:17000000000000000000:OKDOT:CHECKMYTH
1gpFFzXSZHfEFUm12GkjJZ1Nk6dV2Pe5CwuWvm3fFooZ9rj:17000000000000000000:OKDOT:CHECKMYTH
13rioKkKDgNvpHNn95SzZ9ZcGKTD3hrdhfU2KNuS4gBDvKHA:17000000000000000000:OKDOT:CHECKMYTH
15gAUFLnKEvRUCNcKcaavt6CbeoWmDjwZzeaZDbkSnMQgDE7:17000000000000000000:OKDOT:CHECKMYTH
13wkGTYpSwYfwT7K8seKVLGisyhqtMCks2heksjMsgZKjGHm:17000000000000000000:OKDOT:CHECKMYTH
1gbkHJpkZKtAB4b2BshU3pe98o4FFCVaxA7SLcXAfnaEXE8:17000000000000000000:OKDOT:CHECKMYTH
14pUhg5Qpx7osY6UNDtyPfVrJYCZ22CadJqVxfUhCnijAKuw:17000000000000000000:OKDOT:CHECKMYTH
15gDKQsn35pg9tDGtbLUXaAsrFmVpvY3RDpYrXRzAW5JG3oQ:17000000000000000000:OKDOT:CHECKMYTH
13yW8jozaPX5XaKTx2BZQgTejGpvANiFv2N2kirq5gJddXUm:17000000000000000000:OKDOT:CHECKMYTH
1eDz4c9W6tUCP5rcErQTJ7TCxpHWxAeeiY2hYW6LFgvjqnf:17000000000000000000:OKDOT:CHECKMYTH
14Pj1Lewv6XQ9M9e3ud7nNT7YEaXQs9PqV1agMpahn2xhSg4:17000000000000000000:OKDOT:CHECKMYTH
15ghKJHhNpfqU2dR66DufjtrwcrWaBEZp4yM1UK4mJqWonUd:17000000000000000000:OKDOT:CHECKMYTH
13zpUWnjrwePJts8cBsnUoNQfyRbn3vKHZVghZWnLeywPek5:17000000000000000000:OKDOT:CHECKMYTH
1e6dsqeTfeVazijxXLpCcteGWM8t5166vyaWueA5PSdv8yB:17000000000000000000:OKDOT:CHECKMYTH
13SWJJPcp9s4eR1LCxL682FCr3RwyDNZFNhJMQkjSaqLWawi:17000000000000000000:OKDOT:CHECKMYTH
15JjP4BUUc6x8h4isq3obdxNFDsztRmDAbz4Fa3kvPRR9pvs:17000000000000000000:OKDOT:CHECKMYTH
14cdMqWq67ZDpKbtjdKLBncvHRnLgtGv4nsUdicvQnEVyMYs:17000000000000000000:OKDOT:CHECKMYTH
1CxcWBApUm3rMUavFRi5EU6e15jqZ2boDVLj1xLdrxot7Ea:17000000000000000000:OKDOT:CHECKMYTH
13tx3Yvx8UGxfDeQSd5Ut4KmngRNqAJ4qXjWmjgeWtF7xH1q:17000000000000000000:OKDOT:CHECKMYTH
15jtEdYZgAVVnX9si1AbCz1LHnmb9QoqSACzaFEh1tpXfzLe:17000000000000000000:OKDOT:CHECKMYTH
14d7AmdLXyt2vBvr5Fig6D5S7NVjCU3teaNFp3vWRiWRbDeQ:17000000000000000000:OKDOT:CHECKMYTH
1AbtFdSZs9Jw4txSfKsSjksetRNwvwnESY9WuwmrGukiAQ9:17000000000000000000:OKDOT:CHECKMYTH
15XNRjzNGhpxDSV5QVgq5dziugjUMLa2ZA3cVq7b7v5tbpRM:17000000000000000000:OKDOT:CHECKMYTH
12Ys4D2HbCEYz2TdyfeGhor3MyTqpaNWFYB97TGCiu1zAwV3:17000000000000000000:OKDOT:CHECKMYTH
14dHzFt2diqEmUyh8Mx9LhLudwNPdab4PGQYZyvCwFxc7ivM:17000000000000000000:OKDOT:CHECKMYTH
17PLErPPkPpg2d1fFx86M4y2dHt9xLZ3XqAH1KQAHyhpKez:17000000000000000000:OKDOT:CHECKMYTH
14NbysFQXjt67Qx9Zp39VrKzkxqduagFMFMUSnYxhUs7YgYF:17000000000000000000:OKDOT:CHECKMYTH
15SGY2yh7EZKFr9THsXSRyDrmzRDjoj858xnedgj12LnxMkQ:17000000000000000000:OKDOT:CHECKMYTH
14DuWsWH7WfzCo5ixzKzCHztRdyXMdLM9AXxu191bvkrhoyP:17000000000000000000:OKDOT:CHECKMYTH
16ZqWVnM4ukyc6LmKAac4R5SBJWX171XwdAtccAX163Kqpbf:17000000000000000000:OKDOT:CHECKMYTH
15x7v22vE1UibMXgiUMFFWqPRA9duy4sEhn3vVJhaY9V6WCU:17000000000000000000:OKDOT:CHECKMYTH
15Tjzzrp4421eLRjn5WPYqsssKy4cBsoMSwkbMEwZv7q3qvT:17000000000000000000:OKDOT:CHECKMYTH
14GM4LZw4jawPwKjoGxwvxArXnV3axVvGa27TwZLXYSF21Y2:17000000000000000000:OKDOT:CHECKMYTH
16Xd5nmMQ9Qc562SmLiGdBXKj4aTbP6UuPfBMqNBy5NYUJkt:17000000000000000000:OKDOT:CHECKMYTH
13UVJyLnbVp8c4FQeiGRHvKeAf3E2c87xD3aVac3nLr5kffS:17000000000000000000:NEEDED:CHECKMYTH
15WgsQ29BkNACGGEhs1Pb6ngwQG1g3bqZL7Gjp9RRTZdxQdk:17000000000000000000:OKDOT:CHECKMYTH
14GrJYNdEkNbRaqv4PQ7YJSVdDw1NLL2tkzjPcu3inrs4tY7:17000000000000000000:OKDOT:CHECKMYTH
16W33VNpc8vR9FLw37wohmidwkGUCY5CmUn8jM3KKKWXF2e9:17000000000000000000:OKDOT:CHECKMYTH
15x6eX9JUQZkKJDbFFFmFNQTgfrTaaoUisuxdXPBESx6hi7v:17000000000000000000:OKDOT:CHECKMYTH
15wssNbhbj72FCHCKG8ej2TLUjAEHXjThspmxLYkJNZVAdQm:17000000000000000000:OKDOT:CHECKMYTH
14igZAQLGHAhZwZinGPQui8r4Smi5YH2Pop5EgVMsicMdGjh:17000000000000000000:OKDOT:CHECKMYTH
16SXeTDaTTHsGSiHCkQNQzPdHrHjb8q18qZuyb8k27AFZwB5:17000000000000000000:OKDOT:CHECKMYTH
14kosxWYkgBzczUgTrH33SU8nuWJuP7jJHKc9e5JNhXiqN37:17000000000000000000:OKDOT:CHECKMYTH
15wU5mNnzgRMyXxz9kBYcKt9VS1hZ2eUkJkJuyq2M6YpwWmz:17000000000000000000:OKDOT:CHECKMYTH
14JH8LmidgqdrHSdbP3prwfCiHEanYSYnKpXLsuoHLa8KHuU:17000000000000000000:OKDOT:CHECKMYTH
16QCokjMGKzxjKu7p2JrpMpf5eCYBKHDiK1GmxMrcv1PYhKo:17000000000000000000:OKDOT:CHECKMYTH
14KCmrYBUm7MsPiRM7BGjfX35L7VjUQdCRouWnKkc7QU6J6N:17000000000000000000:OKDOT:CHECKMYTH
15wUN1LuroB2UoV4ApwKYb5kAvJw9QQT8AQ1psujv8XUdkVW:17000000000000000000:OKDOT:CHECKMYTH
14mufRVfxFnd3Gv4kU6tUFzhBaWAx3cSnt5JAKnDiy3hWqXW:17000000000000000000:OKDOT:CHECKMYTH
16n7nEVzmREbmWzvTWv51NFHSuvW5hhcRgc45cRh7ru6QC2r:17000000000000000000:OKDOT:CHECKMYTH
13UVJyLnbVp8c4FQeiGS9rL1Wx1k7EKKLUmXaVtj8qkFKNPn:17000000000000000000:NEEDED:CHECKMYTH
15zuW9VXUx45a1Jt2a3xGuR3V8K2WtCiei2ELSoKBgTbJX5D:17000000000000000000:OKDOT:CHECKMYTH
14PztyTp5ompUkrEJxGjg334J7FCP1mMfim4e8gVKpvfSC6b:17000000000000000000:OKDOT:CHECKMYTH
16mp1qVBdJWsc6fSMbA8BhRh19F15s6LCGCnPQcdCN1YNZw6:17000000000000000000:OKDOT:CHECKMYTH
12mUEx4m5ovJMvVU3ePK247PYiCjVXH5deNgTr8k9MLhDDX7:17000000000000000000:OKDOT:CHECKMYTH
15ZvQ7Whtfkai4X9kBXXjXjwUJqK87Z5vu6X1qM8fwxK26b4:17000000000000000000:OKDOT:CHECKMYTH
14qaFP5mok2kC8E8gWh81dmqYYdM2qtN8P9kfpAmpZsHwia9:17000000000000000000:OKDOT:CHECKMYTH
16LE28tVmryMAPnZBNPJ6eqTLPWC5yvHmSgymoYsyz1PRD46:17000000000000000000:OKDOT:CHECKMYTH
131ARMxg6Gbd9JD3G8cht3MX3voExt8dB8XNDobaXe9frFdW:17000000000000000000:OKDOT:CHECKMYTH
161EH8nHAfERowssXMTBv3iBcdoAkHtuK7FrJ36qLUsqMXV5:17000000000000000000:OKDOT:CHECKMYTH
14qdqJH4si71AT2LPqCQmJhczYpFB3fHx7sCx6QF3hCsgf1L:17000000000000000000:OKDOT:CHECKMYTH
16KkaRGGRRzoLvYx8hcv5nxizJ6K9mW8GWhUXSv3TL6TrL2X:17000000000000000000:OKDOT:CHECKMYTH
1ZQD9ekDyJepUMRoqWRedj7qwG42NdimA6w7ei4cxpf5JA6:17000000000000000000:OKDOT:CHECKMYTH
164o2mahsGYGT8Ep6odyuYCowcKDNAETfUHFeJUrrQhHkAso:17000000000000000000:OKDOT:CHECKMYTH
14qMZEUuC2suNGkX5gC65z8HScxccBBKE2kuvF6G36WSWQJX:17000000000000000000:OKDOT:CHECKMYTH
16HSFCtszMcev2vrszHYbSGw7Eg7JeNfrA613hCcodjgcvXQ:17000000000000000000:OKDOT:CHECKMYTH
14i9Ua8DnWiFyg8F86JyqBQmryme8vnuKM2tq4pLZkdc8Ddx:17000000000000000000:OKDOT:CHECKMYTH
12xfQaCo34qErnSD6QwC4XV4gBEBWjuuzwnwWHvncG5rzZpZ:17000000000000000000:OKDOT:CHECKMYTH
14skbf7dPGBGNy9JdmAdTQLXKLv8aeREB1btbu1ETfiRkp85:17000000000000000000:OKDOT:CHECKMYTH
16GT4GAhJA3opySDWE5LXwnZRX41kdR9qFf4gUWKSF4QhnWL:17000000000000000000:OKDOT:CHECKMYTH
15TqnHNntPAbqZShUp81jKYwAiWSSWphggVV9JAwDNpcdLfo:17000000000000000000:OKDOT:CHECKMYTH
168KyfDqwKCkuuAFauSjrpfQFGi4WsJ72uM1CdbNrsnAn35j:17000000000000000000:OKDOT:CHECKMYTH
14smQtj99899pAA7f5miqLuKJys2rtQT5pvhdga8BsAhBRWE:17000000000000000000:OKDOT:CHECKMYTH
16dy7AfnbkmVK7FoWQkn2sW7Y9SnFU2etBWFywu1JYcNgp6o:17000000000000000000:OKDOT:CHECKMYTH
1328h93W1CTa4BHf61d5wxgBESNjMZetsaQx9ujMFaWkU8Sh:17000000000000000000:OKDOT:CHECKMYTH
169cSMxjkyuLsTHoMVgPRziyAzjgMDtvixugi1LVXLedXMGe:17000000000000000000:OKDOT:CHECKMYTH
14T1exTbwqs1f6yKuXayh2v8KKVwrLsgV4pvG2TAwmAmUeQq:17000000000000000000:OKDOT:CHECKMYTH
16Ca2mhbcfiDKVtyugz2RMxSJfW9iPMFGmauoX2EjxByPNqT:17000000000000000000:OKDOT:CHECKMYTH
13VzeDnDNuCwopzrEUx1MRSrHuTnXma7w5qqhjtFzwRHXEqt:17000000000000000000:OKDOT:CHECKMYTH
16BArHiemSb7edX2X7fbqMNkBkJ1iPn2FZKxgL9Nkn8zDS9v:17000000000000000000:OKDOT:CHECKMYTH
14vSwptxLAKp8Hpgc69rBFgayZH3UQNJKQQ2i5foWb4pN8pi:17000000000000000000:OKDOT:CHECKMYTH
1687GkWajQMfRHweGmjKoZuS3iEVmgRXDUHpnUuoXYS3sAFd:17000000000000000000:OKDOT:CHECKMYTH
13wBCTYQQJGx42pHkdB9zhmtLMD9VYX6wTCZ6cYPh1J9vVzk:17000000000000000000:OKDOT:CHECKMYTH
12VttPVXGBwY5uXHe8biWg7fdQQgJLTJuojHiM4z2rueDdp5:17000000000000000000:OKDOT:CHECKMYTH
14xKpzjG43G4ryCNoDnF3XAy45GBLuYSzpLzbFfpK75MvhA3:17000000000000000000:OKDOT:CHECKMYTH
1677dYU7PNWQFHvwDzteGnU8mVVu6tS1PQ3YoeQzhouj6NM8:17000000000000000000:OKDOT:CHECKMYTH
14ESSFiSQuPzWd4DHAGT8imR1YKj7TVifgjjLRVvrubFsJGV:17000000000000000000:OKDOT:CHECKMYTH
16d3CKBx5ZKQf2BdbDuYq9PZFC35nyDYAtx8Xj1wSMByHfSR:17000000000000000000:OKDOT:CHECKMYTH
14ZaE24dppENkS3A5mbbrZiGDJTgAdUFkDw7kLpg3TxSeKVP:17000000000000000000:OKDOT:CHECKMYTH
164KvneZrjHZGBFmiMzQDEG8JeFidQZfbUXZ3guKFBczyMDf:17000000000000000000:OKDOT:CHECKMYTH
11TtfSymExNHJ1n9CRtMTZNjpXNrmbdXgiupu66MXzwkarG:17000000000000000000:OKDOT:CHECKMYTH
16dXEWEQBZ1sg2g6T6MtYj8WiL3XiYaY6wgqFkr114T8CrG6:17000000000000000000:OKDOT:CHECKMYTH
15cgbqDKJB7nzxXT7vJMGQXKZ7qtwiJ5aQQyEhaJeQmCq27H:17000000000000000000:OKDOT:CHECKMYTH
164fZBrhKbQgcj8UBPuthUtenEgKwQpU6p8ggYF3SkzJok79:17000000000000000000:OKDOT:CHECKMYTH
13Y1t1mtxCvWWudeJazJQ9TTxofT4WgZRyLB92nb2kP4FP7V:17000000000000000000:OKDOT:CHECKMYTH
16fB5snxzoLi1XrYW1rgDC9rySFUWy9hoP2TES6W6TeERKZ:17000000000000000000:OKDOT:CHECKMYTH
15d7prwCaC7u3bc1VR6oGooBfW1cPQb9MyWfPMcayVYMrpQ7:17000000000000000000:OKDOT:CHECKMYTH
162PEJ8AzRofAYf2EGMT8Vv9bnxNDh9LNpE4nVegd7tuLcGb:17000000000000000000:OKDOT:CHECKMYTH
17JdQQGYrAZKjeq7EVPb2AVEYgobpmyVTMB2YBH2RP3P8Vm:17000000000000000000:OKDOT:CHECKMYTH
12u9J2cwU7o4xqTfGT3HszGSQvp5LTHnmnWcMGsKuP2tCjLF:17000000000000000000:OKDOT:CHECKMYTH
15dnMaKzEMdWMu2mkM9hFq28HjkmpVXySKfdpQ8D84bK6uon:17000000000000000000:OKDOT:CHECKMYTH
15zNXTgVEkimnq7RrATWL4BF5z61wAfxJX1drQ2i4mVn3tt6:17000000000000000000:OKDOT:CHECKMYTH
15RBUGkhR1xnkAA5zEkGtBnqCEQvxFNupVHX9wrBdRjjrgBz:17000000000000000000:OKDOT:CHECKMYTH
12Ts5SsBEPG9jEQMS7hwP5PPM1gmRgxEFo6UQzQHHKxhdmh4:17000000000000000000:OKDOT:CHECKMYTH
15DSqxxMjwg8Nu3aDpFUmRXYSiSS7xriLxnyACbn3yzPkc51:17000000000000000000:OKDOT:CHECKMYTH
15YA3fgjJ7jMXSavYNN928j2vWVPa5pi9Cws3G9vmSKuMnWi:17000000000000000000:OKDOT:CHECKMYTH
13zd8mvb4hcF1WmeMVkMagaoxtY9dtCxeKSar5w36DZRZk24:17000000000000000000:OKDOT:CHECKMYTH
16jFM5NJBkvqYy4QwEakYKjyuFbZDvfEkwotTmCrhgir6oz:17000000000000000000:OKDOT:CHECKMYTH
15Dtu7tHcdHEN4uft6i9UXF9hYpjUEUoW3CXPB6WybsHYmCr:17000000000000000000:OKDOT:CHECKMYTH
15XcpGVGetb3RZYZjvUndXNACGKtxujSEZQZ6M5ihGm1z7wy:17000000000000000000:OKDOT:CHECKMYTH
13ZLF855sfEMusQqgJ6EnrfUmk4WmVMwrPGRtscaLG9vxtyH:17000000000000000000:OKDOT:CHECKMYTH
12RwavZW61uYg44VCGh7t6aZCmuKWyMFpjkrHWcMHCokdfGa:17000000000000000000:OKDOT:CHECKMYTH
15ERAm3TxXsoiskeX5GE2T7nVo6Ra5ZHTP8pKTSRx1V96d8T:17000000000000000000:OKDOT:CHECKMYTH
15wrZ58CvimTJibPoGntXcNZwWG1L7o6ucTGR5oNz63bYT2c:17000000000000000000:OKDOT:CHECKMYTH
15r9KrykV7GfUyRxA4XvY89SujF5jTbYMkpst1VWXzUUZTDJ:17000000000000000000:OKDOT:CHECKMYTH
16ML2KERqyBNZuLkzDCBRuwqU2r9kUd4ukQUYyNcvrgC1su7:17000000000000000000:OKDOT:CHECKMYTH
15FD1Z3XtLGdPBDugeESRxdABMp7j5v7jjqfixSYMwavu1Hn:17000000000000000000:OKDOT:CHECKMYTH
15wqnSMmj3b8pucuSDa6zTLaxRtc32rTHxnm1cKss4DPZM1i:17000000000000000000:OKDOT:CHECKMYTH
15r3FhWpnddHWGTSSrszSU7wfCzkdFywjr4HKmURj36kVnuu:17000000000000000000:OKDOT:CHECKMYTH
12q8gB2juxh2ZFmyywk5RCyTmvmE5AjzbJP3JaZL41cCyQny:17000000000000000000:OKDOT:CHECKMYTH
15i6p8D8DKbJExPQLwg9PG62aK9tDbMDuxmqCDw2kHFKfZ25:17000000000000000000:OKDOT:CHECKMYTH
15U9xguNZUwkr8ZBknMpyvRa8C6FQUkiTs6NFLgpEucWAL4h:17000000000000000000:NEEDED:CHECKMYTH
14CzcSQfz9TGJcGbwiet3f6usWtUyc6NbR7eknmBnxYQRFvp:17000000000000000000:OKDOT:CHECKMYTH
16PxdRB5xA1yekJ6u4jSXGK2hvj6tkPuRsFdb5ghfoyBSSm4:17000000000000000000:OKDOT:CHECKMYTH
15Jf8z9V23fRh8awpfVUoJSugfLHh2D2hr1sx5QGe7Vz62g9:17000000000000000000:OKDOT:CHECKMYTH
15TvXuK2wftw5yiwxef7FanZ646j7x2VfCQCoBYtZX3jGpjX:17000000000000000000:OKDOT:CHECKMYTH
1tEbvGvjYtQrMcM35XNTTMRmrdsLYDbCv2foemFmoLKgWsV:17000000000000000000:OKDOT:CHECKMYTH
16QSKXHfRLEGtaa7QLAgUw54JzPZXBz8ivSAKZaYxY4ZMMcf:17000000000000000000:OKDOT:CHECKMYTH
15JhhTfW7gdFRs9fJg1Mg3mJZEsH1AZhsQtJFA6cguMYKotd:17000000000000000000:OKDOT:CHECKMYTH
15t7nffH78rDnKdQmEcnNhuBjpqXGUDU8x3yfdZXicqBWvvX:17000000000000000000:OKDOT:CHECKMYTH
123rKNW91HGaPm1NdyHsuBpYEYkRNRAMcr5mmQt2nexjN5dD:17000000000000000000:OKDOT:CHECKMYTH
16QwJKukqyXeTbNuLzTZYuzjDSRfmTpVVYDgMJKQQ1eLgePU:17000000000000000000:OKDOT:CHECKMYTH
15mvh6qbSgsWwekT22CWHP9iFAnyBRGb3fGB77pnk49fecpr:17000000000000000000:OKDOT:CHECKMYTH
15seZBfqeAXJsNELBigpMAg2CjWHMK7qKhpUxRs7D41wq58W:17000000000000000000:OKDOT:CHECKMYTH
136g647efZ1xdU4PXN32v8khNKJBDb8Rg4KARSqKBvN4BAT1:17000000000000000000:OKDOT:CHECKMYTH
12jQumjd8dyoMyXTCwjXJz2GZeZyQGPtDznSz5pojsMd8BHE:17000000000000000000:OKDOT:CHECKMYTH
15NeTxaRtpEiinTaZkH96WrenJS77Apy9JAt7CgEArJKjHsg:17000000000000000000:OKDOT:CHECKMYTH
15MKXi3YW7gCc3ZJCqJgSVUkEnQ8ECrjisGh5JKBS21sxpWb:17000000000000000000:OKDOT:CHECKMYTH
141kpQb5onMJXGKxTb1k6QDW91s3TDWxcWCnCR4f4CUaDGjQ:17000000000000000000:OKDOT:CHECKMYTH
16T6uA4zEzJMgkzTSHc7kcNWQZFpBn5oJA1SyqySqvdshh6v:17000000000000000000:OKDOT:CHECKMYTH
15nvUfJmmbS5r72KicZJZbsnr7VN5wweqJs8SFvNcV5RUC3g:17000000000000000000:OKDOT:CHECKMYTH
15mBUh3jLFeykbZtQmqRcmfALboWZT3UrigmxzNjEG5kL9AW:17000000000000000000:OKDOT:CHECKMYTH
144znUmGnoE7dYRAJzn8iTiTrjWW84mW5gYZZvgyAuPU6UW:17000000000000000000:OKDOT:CHECKMYTH
16W5FwTDjLe6XEW3C2cBfhYptGQLWx5pPYa63Hd6kVS76466:17000000000000000000:OKDOT:CHECKMYTH
15oqYz9HiwL3E9A4gAFAxPwa8pJtTftW4EZwALLN1favGRea:17000000000000000000:OKDOT:CHECKMYTH
15khkj4E22cTkbNbKdqyHzhYhokMA3RyW3FBwjsC1Zj1Sj3V:17000000000000000000:OKDOT:CHECKMYTH
1492A1d23JxceJkdNQxzhDLBYzZh3f51o8VTbQdVUFzUH5mB:17000000000000000000:OKDOT:CHECKMYTH
16XhRSLx9VeM3ACX1B5de8du3uwJS1PMLxQc6YkuzCKDe88J:17000000000000000000:OKDOT:CHECKMYTH
15QKfrWAKUudbmu4C4Boyy1eie97AD9sjnQ72LURrww5CWnY:17000000000000000000:OKDOT:CHECKMYTH
1C8RHsoYGp1kAFe1CR5CqSBx29wJwNbuz3q7C5bLWFaFHdw:17000000000000000000:OKDOT:CHECKMYTH
148W7xzZDvx1zry5iwFCLUYi5RJdpwFhB2Ke9QzqdG43YGB6:17000000000000000000:OKDOT:CHECKMYTH
12jFAUW7sREb2f17vzTQsmsD4b2UGFXs68z9pCdrzawaDpiY:17000000000000000000:OKDOT:CHECKMYTH
15QPjVUeiT3PQnz4vJ1mGkC5eeSMDtjBdB8sixv9joS5qmho:17000000000000000000:OKDOT:CHECKMYTH
15E3T2HYQbE1xxVLh1X5cgqzkhcQD3vbrP9kMCTyd4HDaZLq:17000000000000000000:OKDOT:CHECKMYTH
146jwyupEqoBmKoBmmuSTk4v9RRFP5yq8U12rts8oPc53RdG:17000000000000000000:OKDOT:CHECKMYTH
16ZZ3VgCPv7ajj4DGcyw2XSWVBFC3bGGCWqYNYQuBAGcasT7:17000000000000000000:OKDOT:CHECKMYTH
15QSkFNqXeNdRNh7jvqLvJsh12uv7vcJpoLq23rTKsVFKSst:17000000000000000000:OKDOT:CHECKMYTH
12uQRoqFXUcgzwwY5tzPTrUpskMG3A3dYQqKHgQtqjmsg5kF:17000000000000000000:OKDOT:CHECKMYTH
126Xr8CYLsmcX3GhPewrMVwEHtNWnC1RpttLb6PwGme9Lgc8:17000000000000000000:OKDOT:CHECKMYTH
1B18KTJpGZW23CGapW2gdsgVSSRWAAr728tJ49vNdPPP8GU:17000000000000000000:OKDOT:CHECKMYTH
15qUEjDcKk7p5XHSoYUS8MCFRpiJqdJa8Stt8qmp2CXG2tk7:17000000000000000000:OKDOT:CHECKMYTH
16Fbm6nxXZysSLRLf49U6XDeAfUMH86vhyMPCJ3wpW5vw19Y:17000000000000000000:OKDOT:CHECKMYTH
146SPceBPe6dQnMG2kz736skA3wsv7REz6T4JWwzrJTuNgVD:17000000000000000000:OKDOT:CHECKMYTH
1F74fNoPGVewgY7t2brsqdcWVvQ6HPK3mhFoHjfnscW87KH:17000000000000000000:OKDOT:CHECKMYTH
15s6fiUuPf77LgWrsZLad6AVWYbDs2zHRTxN6XsBzroKM1Zs:17000000000000000000:OKDOT:CHECKMYTH
1434GvRjHeTjkxVvResgtmchKntqPjN67Fj6GhqZ3gzk7yue:17000000000000000000:OKDOT:CHECKMYTH
14V16ZSCiQkmiN2wVjWFBtNX1TxZCVfpsuqdRG1EDY3T513A:17000000000000000000:OKDOT:CHECKMYTH
12a1yovoZSPQQXAf6JL7MiJ7NtdyjEss5c92JPuJACVCWpDy:17000000000000000000:OKDOT:CHECKMYTH
15VGZ5JFpgfzzgHQwuNSRhS5PDbE5UVAWUoTTcHyWit5pYY2:17000000000000000000:OKDOT:CHECKMYTH
16kvVpJwt5pVHnUF4RJsE4hctSs8SmGNnx1Q1crttLaQQfcK:17000000000000000000:OKDOT:CHECKMYTH
12rekKfYWgVUKEcMB76UjKQp47D8TfyJLBrsjjbryBipiW7b:17000000000000000000:OKDOT:CHECKMYTH
1i8LqK6REPQtvF9bT3fvsowGX3HNpDD1K2M9XqFVNgRgvqP:17000000000000000000:OKDOT:CHECKMYTH
15xTAvfRF9wPQk8BV1rJZtcx3Gv8JrMBU5oXqu5NerXRTAy1:17000000000000000000:OKDOT:CHECKMYTH
13Mf3YqBFziBCiaawH2hpPu589TH32RBLxzfUun92rYV9Y7t:17000000000000000000:OKDOT:CHECKMYTH
12WmyMSERWA5PcSr2nT575RMWUoZ9kPX4EzDD2DeiQqFnA3D:17000000000000000000:OKDOT:CHECKMYTH
1iY1dg4eWuDeb1WJpRpxQnizA9wkL7FjpjCqmNsvco7n1ei:17000000000000000000:OKDOT:CHECKMYTH
163nLMXGEMtovTi4gFAFHQxUA161pLkkZ9pjuNFcCtrwrKK6:17000000000000000000:OKDOT:CHECKMYTH
13u66SpWvzd1DRnPEq9vDy7W7mcXYet5ihvrDA39D2dFSsL:17000000000000000000:OKDOT:CHECKMYTH
13xf6KVwwHPsJEh3ttUDa2Y2BnVQy4ZdcyDnevfdZqMGrtc1:17000000000000000000:OKDOT:CHECKMYTH
1JdSh24XcqfjY3eACpSKT4wQFnBGPwE68FT5PpabuKgZdya:17000000000000000000:OKDOT:CHECKMYTH
167PVrLpjxPo4AVAbkT6GAZtdXsKtaW4HNqMY55YybGZLaTD:17000000000000000000:OKDOT:CHECKMYTH
12Evcc3meniL1AmdXDWdMZRWqe6AYL3prTXRh2ciAppt4vnU:17000000000000000000:OKDOT:CHECKMYTH
15VGpXoRXPkc9p1eaNkw8MgxdnYkdBMpXK6L2n4NAeupZc7F:17000000000000000000:OKDOT:CHECKMYTH
1jk1Wn8LWjbCV9hZRT62EwB5nF73fZRvr9ghSeUD2MhqsrB:17000000000000000000:OKDOT:CHECKMYTH
169HDgNcqkaZZdnTFoBaaJfuJQqNy3BSwF5JUvmNJcMN8PDc:17000000000000000000:OKDOT:CHECKMYTH
13iqmcBtaEvpD3Qv9esvUDVjGwWuBXEm3dLtewv6zq7wK4Nh:17000000000000000000:OKDOT:CHECKMYTH
1sxhk6cTvpFzo5amBdzXjwCXXLAS6pUhio11MtMA6kjEF2G:17000000000000000000:OKDOT:CHECKMYTH
1LnmDKNAoX75Ahgnvi4ham1VsSrDLhDpP67xXU35mwiRtH1:17000000000000000000:OKDOT:CHECKMYTH
16aA1Xx7Kv4HnAKDpddGhW1qQVvYqRwU1M2MRYST3yRfywUi:17000000000000000000:OKDOT:CHECKMYTH
15VWwZh5ST1SJDwuZ2t8jroXU6GzH2v3jcZwMdeSVApBcFg5:17000000000000000000:OKDOT:CHECKMYTH
12BX5jWohTJBEUKPKXe1AG3rVRaQcbQzwFM1M9t1QUJ8wCKk:17000000000000000000:OKDOT:CHECKMYTH
1mZmyyvs6pRjCZrUPfu7m9g7kg4261PV1yLczn1ar5xKbKB:17000000000000000000:OKDOT:CHECKMYTH
16B9AnWr4GeNcefoJuW9qJHYVBAjVRHTRdgKZav5tfsjwZG4:17000000000000000000:NEEDED:CHECKMYTH
143M7nqGcRFSumUFht481Qa2SLbQNbTMf8aLurybv4SFjBsc:17000000000000000000:OKDOT:CHECKMYTH
16mK915xGHzFG3L4VUY6b1GoBuuH3MzVFYjHrTQUGyqGJkbf:17000000000000000000:OKDOT:CHECKMYTH
1nfnWeAZbiPfgm8DKgDGd6VHA8t2QMahwRh7kHuvqo24rnS:17000000000000000000:OKDOT:CHECKMYTH
16bPF6jwb7vZTEgbXCNuF2r39SiPLaivStFMZWJRg4fLd7X7:17000000000000000000:OKDOT:CHECKMYTH
121gJmZcJUvMQNuj9dW39W4CG2BSc6zemWLBAHxudPWJQHNX:17000000000000000000:OKDOT:CHECKMYTH
16GDm5yge9RqgtyPtYMetsAtHK3JWDPyrJSHLsngRCUs3QEX:17000000000000000000:OKDOT:CHECKMYTH
1NgCHextjx2VoHaWHhyBPW7K8TfArA3AAXUNED6wMrDoMTH:17000000000000000000:OKDOT:CHECKMYTH
16cd7PXzzdgy3z32NMfexcNauoNRaxznvghcdpimZ2Yvhwwp:17000000000000000000:OKDOT:CHECKMYTH
12ZbbsSYLLS41yZBhA4TB4shYZJhSPVy1dt1wmi9aJPok79P:17000000000000000000:OKDOT:CHECKMYTH
15TRp1qbYji3LkTApEea6ymEK3Hd4pfqdHdfDLNXPoeNUh6j:17000000000000000000:OKDOT:CHECKMYTH
1pYU8XxZyBnf9kzpRZT9pD9Eedv7LpqgPVWVNnxDM5ouZAz:17000000000000000000:OKDOT:CHECKMYTH
16iq5PTZnYHE9amDLSN919YdQS8SSqgkRGsrm3FfLeLKrVoC:17000000000000000000:OKDOT:CHECKMYTH
12R4zpK94Y6cNCbtKZQPmUSdY2Eav7HgvW6LHFPSVv4UYzvw:17000000000000000000:OKDOT:CHECKMYTH
15YBgXEQrCy533NSRssh2fTbNpexp6cVZKxnkAuHuTv8BgVc:17000000000000000000:OKDOT:CHECKMYTH
1QCCti9Xti9Z2ktu7qFm8XVy84fYq1Pk2dT4qiZctVMETJb:17000000000000000000:OKDOT:CHECKMYTH
16KVHipY3g1zhb9PSXfMTv3URaDXpbgDUxjXpCx5HErmw16B:17000000000000000000:OKDOT:CHECKMYTH
14K8HTvh1gi4ZpZv5bBqUQT6CQebALrBGh3rs5XVQvyW9Dwr:17000000000000000000:OKDOT:CHECKMYTH
12BKpCN7LEiSLs6vpSFJ8zG2B12QQ87gWQdSF1X8yEiStgkw:17000000000000000000:OKDOT:CHECKMYTH
1qSKAXgqsc8z5F62Pj5zKjUzCyoFAAE85hM6tqHnC35T7hC:17000000000000000000:OKDOT:CHECKMYTH
16MEWG5yYN5JZRGbqFMVBvGtf7k6DsibbYq9y7KvgQf72Z17:17000000000000000000:OKDOT:CHECKMYTH
1381yU12p8sPDLbYq9X3X3KwNK16u9yefyuSCRNQLnTetVr9:17000000000000000000:OKDOT:CHECKMYTH
13B4bPZQgjqRxNQWUuoh6iurGUR2LUGkBtiMCyEj7Qgmm8BH:17000000000000000000:OKDOT:CHECKMYTH
1rdHwziL85wNzqFJdtc9ytSLi3j5wNpjcgwaZupB3mqZoLU:17000000000000000000:OKDOT:CHECKMYTH
16Mov2pJTfP1BvbbJFTVGsHYxF8Vx8oerebTWtcZnbypp3ew:17000000000000000000:OKDOT:CHECKMYTH
12hA1XWTkfFB9rdmjBUGErXhrUhozSKvq4ZFsscKMGZm9DKR:17000000000000000000:OKDOT:CHECKMYTH
14MNbvowk7ve3bugQFssqiiLmBUPjSokD7zAMU1whYDQnYac:17000000000000000000:OKDOT:CHECKMYTH
126itgjnG1p69e2qsbJJkMSa7Byn195LZjfAWw1DZtqnN98E:17000000000000000000:OKDOT:CHECKMYTH
16ncHuabBiFVKkbmvE7MsdBXcJFJDgvP4y8ptKKSa6ShMXHh:17000000000000000000:OKDOT:CHECKMYTH
12bsRdTRzvByyLb73AP27GKTdCpUqkdkdDoF4CZ4465Hwmxi:17000000000000000000:OKDOT:CHECKMYTH
13WM2iqSutK7ddE8r2zxQyZqZaBeHsXaJ4Z4QpA58FXy8E9t:17000000000000000000:OKDOT:CHECKMYTH
1SXMTthdNh2FbqUKdqYsiBGPXMFBNRPV4o9BVXjyZUS11V7:17000000000000000000:OKDOT:CHECKMYTH
18j7WiAc3z5RadSZMVNm14oYiHwhwRmgcTgM4Wg8mFmWy1P:17000000000000000000:OKDOT:CHECKMYTH
12VuRKNF8W9UuEQxAaxT4HqMhG789YegbakBWt8CzgPfH6VQ:17000000000000000000:OKDOT:CHECKMYTH
136NZChwZaoxA2yep4Q4rML3terdBB4e13hnZfHzQsnZHaay:17000000000000000000:OKDOT:CHECKMYTH
1un1g3kJ56KW4whTN97cvcdTZLqR4togbgiv1rJuwR2jqz6:17000000000000000000:OKDOT:CHECKMYTH
1arT5UPAYNAC7vkQf1YfN7WotDgja2FQfDCznCe1jLkU9Vq:17000000000000000000:OKDOT:CHECKMYTH
13ty3hQgbRbYsrpoKvHdKC3S29esMBWhjvh5hfa8N4jK4d4r:17000000000000000000:OKDOT:CHECKMYTH
14fWspKzPq5VUEde62aPsrG2zrmaP6AoZtYuWJadg4HSK6nu:17000000000000000000:OKDOT:CHECKMYTH
1v6xWyAzUFpENVHtnYYmtSM2Ncpr212CHRyH41u9oZhXC9S:17000000000000000000:OKDOT:CHECKMYTH
1biALXShY8BaUTaJwcxTu4dKx5RDSYwBFJLSxchYV6kZQu1:17000000000000000000:OKDOT:CHECKMYTH
1RF5BRpu8Shzc9L9fUTcTRaQ9rv9fLvpWqDitFnFQKgjWYN:17000000000000000000:OKDOT:CHECKMYTH
14TjypHjp4nwojYnhtsLjbv51PJ2eSSofibNeKEDvVKEZ5BZ:17000000000000000000:OKDOT:CHECKMYTH
123x512eRyfvA6Sc6Bt295yhFDthW6FqDLA3LDPzbdJSrVn1:17000000000000000000:OKDOT:CHECKMYTH
1ekpfCtA5xdDKkficAof1BSwRMKV21WVZ4nZEdvW9JvPQDn:17000000000000000000:OKDOT:CHECKMYTH
15DKHWAsviCqA1iuoXEtQxDADRHsLjEiXCRhUVW8U4GsZmt3:17000000000000000000:OKDOT:CHECKMYTH
15SpChVkQRGdSZhkGVbDrSrcAeNvWECcbR94Qi3JhzRsBd35:17000000000000000000:OKDOT:CHECKMYTH
1VWQA3KgnoRwHss5YwN16ErHiuSox3A8invEy2o5Hyq85Mr:17000000000000000000:OKDOT:CHECKMYTH
1eudxcnfKHPRjKfAitFau5eKuRHxHr2BYX41n5edc3bWAn4:17000000000000000000:OKDOT:CHECKMYTH
158LDtrRRtdntxa9MzrDE3v4QS9pkNsyu7YzfsfmcN572Yux:17000000000000000000:OKDOT:CHECKMYTH
13Fd5WrimdQnyKPpx6Xx2BJ31YTJQCNPvdAvakso4afcozVN:17000000000000000000:OKDOT:CHECKMYTH
121rxbom8fJ3JQPLtobyLxsXf7kohFc5hJnTTnyQjazyErFf:17000000000000000000:OKDOT:CHECKMYTH
1EzVFvPdUAsP8Gdk2VehpB6WBSeMxtzeLq6uXvMd5NeUGeK:17000000000000000000:OKDOT:CHECKMYTH
12mhGPPcaWBL48JWCM8WVu7nrJ9MGexEQ3ACSPoqxLUE8kFq:17000000000000000000:OKDOT:CHECKMYTH
16JM9oyoDHWjMAJWU56Xxst1p1fZjaHFHR7kVKur9GEN5QZH:17000000000000000000:OKDOT:CHECKMYTH
1xiUKcXMk8PRjL59juitm2rNun4pdniP1K4QzsfcUQqhyR8:17000000000000000000:OKDOT:CHECKMYTH
1F7RJxb5zzGiDSUqDFR7HRQPNKEaTxigZyXiocFeJCbXr1J:17000000000000000000:OKDOT:CHECKMYTH
1HzpD5HWHUkCaJJjbyApG9UZuS3Nt3emuh5BU1qhnTV51F5:17000000000000000000:OKDOT:CHECKMYTH
14Sp2o5VtmVVWTWu9gNbStn6ZH5qftu46DwRTBWTdbj6jtCq:17000000000000000000:OKDOT:CHECKMYTH
1YKVXKxo6bNmGVSkqcrTtX3hp1JYvqcuDt71qrrcfUJaTNA:17000000000000000000:OKDOT:CHECKMYTH
1Fy4eBb2C3K6EFMPGuamrbBsUMdwffxaKVnhrJVJtF66Dyq:17000000000000000000:OKDOT:CHECKMYTH
15crv9WKsp96eq9hHVh8rP4BMNEwaBzizGKtXTawtqg7eGYK:17000000000000000000:OKDOT:CHECKMYTH
1RAGLYqxQnWNgvakR19aGfqLTNYRkHmrpdDw6azDCJJxxeJ:17000000000000000000:OKDOT:CHECKMYTH
1YYXdb1coKU7HGzRQeSTNax7ru8Pjp3A4TRAhda6UA3SSkD:17000000000000000000:OKDOT:CHECKMYTH
1HzMVwKP67Gb1AxsGqALZ6oPRjFXueG973sYn7v8k4p5tqu:17000000000000000000:OKDOT:CHECKMYTH
13WDQreg3i2JHxhcj4inrqMHkvUsdAUiLJ7iUxcAREYFurfR:17000000000000000000:OKDOT:CHECKMYTH
1342V6EP8fYUBiUa6AZgMgHrRkDHLqiV9dYNUnSsaToWc2eP:17000000000000000000:OKDOT:CHECKMYTH
1Nm3Yrq1n3wxuWgXQn7n4PeCg2Vpht45hwyjrqNyac447Sy:17000000000000000000:OKDOT:CHECKMYTH
1nZhtHHocYjDBLih73uRDCVDYoFvdfBCv7FZTSHng9SnyBP:17000000000000000000:OKDOT:CHECKMYTH
12DsBjtz9JhQVRV67nMWqixCaf2Uvdpo2GkDCtWnnbYmudn8:17000000000000000000:OKDOT:CHECKMYTH
1hBxTW3uBTeJooeHZaJQcZSvmBcMrGuyh4LUfS7kDy9mJpY:17000000000000000000:OKDOT:CHECKMYTH
13eXJSYmyekKVhLAL2L4csxMgmBhSh7VBKVJksZunxTj6tKP:17000000000000000000:OKDOT:CHECKMYTH
1okYhuPxqkxzSzVHQ4cGxmNWvW1y41tNK15u9BSRP4KVypx:17000000000000000000:OKDOT:CHECKMYTH
1dno2q5oK2m2hXimc9yovFMQgvfoYSpMLGaSLwWWwqJC16e:17000000000000000000:OKDOT:CHECKMYTH
16JaGPcvE4coxTg2iRC9J8XysQ9zWcrXaeNphzqXcvuXBiBs:17000000000000000000:OKDOT:CHECKMYTH
13fhQhbcAjenJh78aFy663kxyF2vtFZRznQkovpKxFYFRwTV:17000000000000000000:OKDOT:CHECKMYTH
1pzM4dzQ2yxVqLmdRQ1DWqYSKRZLREunajWLKFCcSj3D8ze:17000000000000000000:OKDOT:CHECKMYTH
13DmxZ3EVYGbRH1v4GLS7kHtrU94C9kWAxhJ1i9q3GgYKGW9:17000000000000000000:OKDOT:CHECKMYTH
1xndNhYBZdvXzc44bgSkqdESpgyE92ZLjzf9qM5pSRD2phw:17000000000000000000:OKDOT:CHECKMYTH
13G52m11rtFviCJrdFBDu5ZAq5giUprjTZVJntWZ1dE3U1LN:17000000000000000000:OKDOT:CHECKMYTH
1sWdKZFPqN5pS8CgAEka9mMNYnU1db4dGh66ZxjrSCKdPqe:17000000000000000000:OKDOT:CHECKMYTH
1gv7AzCW2GtjAzXzDmQy2qzTCf2GZKQ7eeTNTcq15R7fNhE:17000000000000000000:OKDOT:CHECKMYTH
126D9aX6fVGYVmLkosn87BVwGbfv179UsoTbrpRPtMUuc3Hk:17000000000000000000:OKDOT:CHECKMYTH
13iPgb9mD6Kr6L5ThmmS32X1hQWvnUR39cRzaWQ8jW7zx9q1:17000000000000000000:OKDOT:CHECKMYTH
1v7SsAVUF1qhQSUnxcWTBAQ2PXKBhaW8eP5PDp7j7YhuFLK:17000000000000000000:OKDOT:CHECKMYTH
12NAPwNatJ2nqZC37yMC17dvaxCh95jCd5ENSPBziMyHPFGW:17000000000000000000:OKDOT:CHECKMYTH
1bPrJevWfnmjivjpkNvoP5SfLU73aFzf77aiUr3Hw4Cq8xy:17000000000000000000:OKDOT:CHECKMYTH
13m7ZVLgvDr5JsKMQDtajcCsr81HadinUP3XQZWY8tHWpUYk:17000000000000000000:OKDOT:CHECKMYTH
1Wau4ApZtvRv9WqAXDNaLt8Lss4m4SwiVu2Ddr4BDfjGpPU:17000000000000000000:OKDOT:CHECKMYTH
157vhYeWfVpjz6kFipVAHDjXdFFgmnZiqn2va82ifNQHqZNV:17000000000000000000:OKDOT:CHECKMYTH
12RRs9nUSbmPjMQcB6jeWwG9YcpmPqw7D9rjNpVGFfBTUVBJ:17000000000000000000:OKDOT:CHECKMYTH
13MbbTfUmM1T89Co3nzCGQmiPzAdQt413kaiHpwVryuWdP6V:17000000000000000000:OKDOT:CHECKMYTH
1zugca1wD8coegCcddSjMPRp8jLDonR96XgTRUsR7Ls7fYA:17000000000000000000:OKDOT:CHECKMYTH
12uSYzh9LM7jZeisq9EuCKkjzyc3biQFJDBEc7Lf86FMCJWc:17000000000000000000:OKDOT:CHECKMYTH
1ekqs35bssFvkxgBDBrjkrPC8nYJDnfE2dtpAWHpo4iQp17:17000000000000000000:OKDOT:CHECKMYTH
13Mz6tC1RXRJE1mFBDdNNi9dTFgxkMAhN6i4ZgQpXCfQ7f63:17000000000000000000:OKDOT:CHECKMYTH
16AwWNri4Zf4aZKqFZjTN7p6fg3cpgvM2bncSfE4xVGWvtnR:17000000000000000000:OKDOT:CHECKMYTH
14QMVfvjZ9KMMLeL11t58Yq284opd3yuXhwaQAjbNDuqQWkB:17000000000000000000:OKDOT:CHECKMYTH
12W8KWFB4J8q1QdsrEMc9rA21eLW8PuZ1SM6zRphwdsLFu5s:17000000000000000000:OKDOT:CHECKMYTH
13N6LNfwiuomymcSWCnGk2n9T6WVgB9XY23LLN4Sfa1cuQZm:17000000000000000000:OKDOT:CHECKMYTH
14TDmJGj1AxpPw5VEZ3TRmUeSgNcK451LxXcTERwVEZCvVr8:17000000000000000000:OKDOT:CHECKMYTH
15rg3CnZhYAfwvLzkemzA6VQGuLpmXVqiZ9PEDb1kNjHLz6b:17000000000000000000:OKDOT:CHECKMYTH
16fBeSbJgqVBkFuUmS55Gu319mmdSddEX9LgQhZf1tCpqXsA:17000000000000000000:OKDOT:CHECKMYTH
13CfHRT36RXM8GPRvu8bJ4RyTeTsHJSb7YzwiYKmJuLhajfr:17000000000000000000:OKDOT:CHECKMYTH
1hevor4EmJqj6ataqHTUqNYFzauiDzo24QxrSkhxQf7w14a:17000000000000000000:OKDOT:CHECKMYTH
12sjfK6JCfF84uG8h2UVb7MmLSk8XN5or1h9h2mbzECAqPZT:17000000000000000000:OKDOT:CHECKMYTH
15tfQp8WhQRrssyfAHCfyCYgW5qZCjKQZLAXUvHEdCURbiJj:17000000000000000000:OKDOT:CHECKMYTH
13PsE5gfARSarqybrxZLanVFhdqDdUEfhj486q9JxQgkF7QF:17000000000000000000:OKDOT:CHECKMYTH
12ewvffq7SuRrGqSsndF9CbQ8Hgb1Dy2ihGxk3KJwCkKUeyg:17000000000000000000:OKDOT:CHECKMYTH
13Bcubu1BZ5dSywuz93bUuMj7E8jwoz2BmJp3h242xvasuTh:17000000000000000000:OKDOT:CHECKMYTH
14ShXJQpVApf5AwSyJM25Qaka5n8yFkgW9uzgfC1RDU8vSnG:17000000000000000000:OKDOT:CHECKMYTH
13QDKAGJAz6ee7NUz8d8fNoXtRrdowMdfyS9wYaXFQPGhgD6:17000000000000000000:OKDOT:CHECKMYTH
16XfxHZ8mYwjBo3cHPtQRYc9BATGe51ef1oXXeYNsPC8KQDP:17000000000000000000:OKDOT:CHECKMYTH
12H8iv5eX967STywMniAmzSyfMSGq8kWUC9L7Q1j5eyzBRj7:17000000000000000000:OKDOT:CHECKMYTH
12YM2KvCiPnUSJXK3CwVFiVX1CiwDBEqiyKKHfJvoxfuHArD:17000000000000000000:OKDOT:CHECKMYTH
13rr3GtdQVpHQdj7BaF6vxSA7T2tGdsk7gygCtaSPb3yXgWf:17000000000000000000:NEEDED:CHECKMYTH
138rA1ojQmiDppkd6Lp3LSXfuN3Kh5T9WQfax49o5hk8wVf2:17000000000000000000:OKDOT:CHECKMYTH
1H8Qfq4zyYGvaqDnL2fC7yZE1KAwWyzUW6v2uvv5jiW5H4D:17000000000000000000:OKDOT:CHECKMYTH
12NWnyk533FiRm8HdHwF9MbZEdwBtMcWhSZKakA5U3TAW8FB:17000000000000000000:OKDOT:CHECKMYTH
13c4firUFN3wmBjTvRXwLohpiokshZvBYEaUoAWVwTzQVeJw:17000000000000000000:OKDOT:CHECKMYTH
16DyxjG9HVgToUVHASo28uWtotTTvMCgevFXg6pYzwKuX1a8:17000000000000000000:OKDOT:CHECKMYTH
1xYjour2vAbB18zzgo4oV3ZAFC1vXkE5axGMHT1jA3WAwAn:17000000000000000000:OKDOT:CHECKMYTH
1YEJovuKUxbLLh6Any4DXAs9VxZvP6JJCgWNRHWEoZ1Gev1:17000000000000000000:OKDOT:CHECKMYTH
13viobVqRRpBQuk9E7dS54Am35hLVUC9EaggwPwbwyq8Vmcx:17000000000000000000:OKDOT:CHECKMYTH
15uBc9Lr5jAuHCHUTZgpDHmj4GY8xrNLagTbk8NshXKVXosk:17000000000000000000:OKDOT:CHECKMYTH
15SBVpiVzjgUZcwYHBWq1bXKM7T211bRE2YyneoxL5Wxrrob:17000000000000000000:OKDOT:CHECKMYTH
13xLemJQQggjM3PHL7pUMoAtKcB2ECbR6vFi2nA5q8g1DKKD:17000000000000000000:OKDOT:CHECKMYTH
13VtghPaEnbn8tmEaNxUNpaoRXfXPJimNzgtxuVeKDVPbSH6:17000000000000000000:OKDOT:CHECKMYTH
12GVDUpkASLYnnBKebs5Q51jGmV3hKV2hSzujYG7SyAYb3zj:17000000000000000000:OKDOT:CHECKMYTH
12Vpa71Uo2RydCkuM9CUYv6N4rFRKn1ii9WQCjJcANgyMNrT:17000000000000000000:OKDOT:CHECKMYTH
15XQmqghF4w1ZndtmAqZw1MJ3Jk4Q5vPHLTDLiS5CCMmpoxD:17000000000000000000:OKDOT:CHECKMYTH
13bzCrXdGRoRqyhCZeVhLZMXVzZoTuForHdjUcjPVeHWCKjx:17000000000000000000:OKDOT:CHECKMYTH
1sEqtfYv6D41wZriZifPwPqXnkS7BpeNDQ2TD9b8mrcucPf:17000000000000000000:OKDOT:CHECKMYTH
146BgBe3JeVR4yGNfJBKpZUhW5X7toA6Cj2bX1VejWmdAez8:17000000000000000000:OKDOT:CHECKMYTH
1yEjQ9cqcPsi2E9et34gAKX9LmLW1vc7vbfd6Nfit8p9Z4y:17000000000000000000:OKDOT:CHECKMYTH
13wL6ELBRwPRoT1JrufFsuqTx67vdG3717S68BWQzeyEBMyE:17000000000000000000:OKDOT:CHECKMYTH
13NCLd3foNpsv1huPDzvvfyKh37NEEkGFotZnP52CTR98YFJ:236000000000000000000:OKDOT:CHECKMYTH
