151VUY4UuN9H8piYA1yBMYxTud33yD84LHNap466emsWabWz:17000000000000000000:OKDOT:CHECKMYTH
13gAsq4EXTiYkaBjxjEuzcgZVYBtZXdfEK5Yru5Qp3YigFzV:17000000000000000000:OKDOT:CHECKMYTH
153KvYcTQ1NSiogioahA6SgHcf7PdgsPAeYBWM7oQdY6TgPY:17000000000000000000:OKDOT:CHECKMYTH
13TEipLrgThkBabz2FfLz5wKCKd3CwHVKbea4C4Kc2raXQ4Y:17000000000000000000:OKDOT:CHECKMYTH
156wyUUAYG8FZBNiFgDxBkQoWCJYZ1nYd1qBqV6SLzK7gnqD:17000000000000000000:OKDOT:CHECKMYTH
16J63dHmRptQaViqr2Urc1zKtuyKsE5TKbgx2WQUdvF5jipy:17000000000000000000:OKDOT:CHECKMYTH
157iN6qLQqT58Zjzhxwhy9TiYrC81Mz6C66Gf35GaNLtSX6r:17000000000000000000:OKDOT:CHECKMYTH
14opf5PgZnqxDssmZuyWGyMYNdCje6FDj2vfcm4rW9X7bUjS:17000000000000000000:OKDOT:CHECKMYTH
15CK2NCThmKmRTscjhfG34DKiKjgY8z3aLWxBPdgGUdTPezc:17000000000000000000:OKDOT:CHECKMYTH
12bhyrJ49KaLJCuL8P7AWfsmTaVWhoujKQGQeYdMrSy1bTHq:17000000000000000000:OKDOT:CHECKMYTH
15e6upmYKjmreG2Yruu7GDMvMo4XjNhJtyB9ogzMoLYx95Ch:17000000000000000000:OKDOT:CHECKMYTH
12q14dmS5XChyAjhVgCXNvHdpwDMSBMifsfQ8kcM3hr1wSWb:17000000000000000000:OKDOT:CHECKMYTH
15FKsvpYPWT73Z8KtzMYCFaMj8UnHUNVoJUJireRhasuZ6FJ:17000000000000000000:OKDOT:CHECKMYTH
12Cxez4BbBYS7tFzegmhf7Gtg8RTf8XAFhTVWTkG2L6vtshK:17000000000000000000:OKDOT:CHECKMYTH
15grqpdjwn9X98fe1RHQuF2bM52WWv2o4vA6w6W54aoigF2u:17000000000000000000:OKDOT:CHECKMYTH
1s76ZuJkG8kLFoN32ksM97YHQ9C9g79wCYitsNMRnUJiWHX:17000000000000000000:OKDOT:CHECKMYTH
15i97xrtAmPCbaBbyt5xnGNHmWdfcyvbkwFF1XQ4UWRPFWBa:17000000000000000000:OKDOT:CHECKMYTH
14Y2VnEAehQfN99bhUGqhGiXbQWVLnAth4a9WjcfSJFSY6Gc:17000000000000000000:OKDOT:CHECKMYTH
15iw9EhYczaqeTCfoZN8h3BwNtXiPU2H6fd6Tkn2NVG1tA53:17000000000000000000:OKDOT:CHECKMYTH
13wuZVQGzckBw9ZmNYGTvvTAcbVXAzRKquPTxL5dDpBiKux5:17000000000000000000:OKDOT:CHECKMYTH
15o1Se16tSeUKjkKzQy69UqEw1aL1hURtMxMqFa3pRYxJKCi:17000000000000000000:OKDOT:CHECKMYTH
12QUYETFPrwWpHPu5zkohpBMJ4um8LgDYqUm9F9EojWfMuaL:17000000000000000000:OKDOT:CHECKMYTH
15PLFMiVnrmYPgv6oajVC3nXgJ9R93WfCN4ykViqPBbzoscB:17000000000000000000:OKDOT:CHECKMYTH
12rb4MuUtd16hoR6GH4VNeYDVKEcmQcJdLUHcT9zSE8pnLqi:17000000000000000000:OKDOT:CHECKMYTH
15PyWmdap5rQSepDudMnPt9NFAn486TRu5EeADDTECTLTQyt:17000000000000000000:OKDOT:CHECKMYTH
161bR637a5rLBAFNm3pPCsBN86xDcckmngpHyCgzKSkrHqjP:17000000000000000000:OKDOT:CHECKMYTH
15QUo3gGijQngiJ7auenXus6SB1Ywm1ky98FyjjpWepHhrUd:17000000000000000000:OKDOT:CHECKMYTH
1si4ytbEbmPUuqRHH5LgMvSZ9sLQwBfSwLU14h3s3q4Vnti:17000000000000000000:OKDOT:CHECKMYTH
15r2SbwXLCTenSKoj4Zae1CaBLd2tUEdrBRSEaZwBJwUNUKi:17000000000000000000:OKDOT:CHECKMYTH
1128cYLToq3h1EKHWAN2xewU7JywLMaEYCMkF69QpG1DJMXQ:17000000000000000000:OKDOT:CHECKMYTH
15SkLyB5Yqd4YZwJU7YqeDTzdBowXLS8dvyqe6eXAp4M6YrP:17000000000000000000:OKDOT:CHECKMYTH
15GG58PiK1o9FZf16j5hWe9Jnj9M9uYxoyAistfQ9pnB9Gzu:17000000000000000000:OKDOT:CHECKMYTH
15vTMdHx97JxsBb8CrBgwBWQbEtbVgWKf4tWvzUhbuXdLk2D:17000000000000000000:OKDOT:CHECKMYTH
1epp3CcbkpR927Yf3S5hK1CaZj5PtjzBJS4afPocZYxt3Pm:17000000000000000000:OKDOT:CHECKMYTH
15ymAJXrtmWqr7JuN3THhEZKnSzi8LYYeEk5HM7PNvu4a2ch:17000000000000000000:OKDOT:CHECKMYTH
134fLc5TdgWuKK44gRCXXf2xazfP1WU6nR4U3ZQrgjjt4YwW:17000000000000000000:OKDOT:CHECKMYTH
162UTbJU1BJP8574gsua2fVDe8RfTGUyMpcHV75mrLYDDxcM:17000000000000000000:OKDOT:CHECKMYTH
13oieXWsCbS1UZuwWZk4hcLwCdmxxdjCyjaRpvn2M5ak2cs5:17000000000000000000:OKDOT:CHECKMYTH
164EJRQfCACVPoLke7n4mJc7U1M3MhG3VcKe4PDmEQzdmERP:17000000000000000000:OKDOT:CHECKMYTH
14vQpoZj2TQ2ZyZpBwrpZo9VGUGtJF6cs1CkQ4u3HzXAcd5W:17000000000000000000:OKDOT:CHECKMYTH
165rgjTrwqTxWeVLt8DiMajsDHbpg7N657psHzsCjriz4zYN:17000000000000000000:OKDOT:CHECKMYTH
15C4H25fn6BcURy61YFGs5m8xBcNWW8P8hMQjZHFH9GTE3qM:17000000000000000000:OKDOT:CHECKMYTH
169NcDVzvVaj6AcWPKZc2j6UbF6XxVTdRE9QNtiYuXH9ZPS8:17000000000000000000:OKDOT:CHECKMYTH
14dAdUgfD1G1YgpdkydZeJj3wuK8hm1SjJJTZe2sN8JGvPve:17000000000000000000:OKDOT:CHECKMYTH
16bHdxDAxNe3KFkDuFeyX1jb9mKHQJcgmdXk4fuxEiX19Q3T:17000000000000000000:OKDOT:CHECKMYTH
14hzDAngWY8hfrK9ud6Ts8GZH2qFW1QEdKjkzZN94RFVXxwo:17000000000000000000:OKDOT:CHECKMYTH
16DFaHkQBSpXaMqcdXDf8XTwS5kQXVU8cJKFcaFjUgPoc3V8:17000000000000000000:OKDOT:CHECKMYTH
12L3JtdCHL4os4e89UhRexwBv2bY59TRpTcEQZM58NMhfyFG:17000000000000000000:OKDOT:CHECKMYTH
16dNBSq451mX45LMpmLTfZmyxE1vF8d3xQUooLZwt7bRDzJT:17000000000000000000:OKDOT:CHECKMYTH
15Gfi6Risw6XLhtRRxG47eD4zWctpityF1smohrMMCUtirr2:17000000000000000000:OKDOT:CHECKMYTH
16JqMynNtzU1MMvMgmwRjZgxLtpWbtVC5DhGKuFo5RLNgYgE:17000000000000000000:OKDOT:CHECKMYTH
14gRiXyW2HDERYU6JacTvRx8NN5NGKXvvSWnSSsfPejSJjKN:17000000000000000000:OKDOT:CHECKMYTH
16MJAQoypJjU3cAYUTG6A3GDLCVLcKuLCSufyQA59TLbNeZw:17000000000000000000:OKDOT:CHECKMYTH
13gUdVpJ7WUhSnQZDKAf6VcqBUzjMkR72LbnA2s6skPDB7TD:17000000000000000000:OKDOT:CHECKMYTH
16Qd9NRM9hEKnAGBTKFXxqbrntBAhZJZwGYpaby7ELoP88Kh:17000000000000000000:OKDOT:CHECKMYTH
14xCczGE4hBWWYcMMidA1RkjFfdfjse5grzxvYm5bEyaVhAX:17000000000000000000:OKDOT:CHECKMYTH
16RHzyqP8ZPKJ9dowExgZYZFaLSt6arZkdEtfGyfmsB9Z2q7:17000000000000000000:OKDOT:CHECKMYTH
13WW9ugNfHQzNCxeiG6GzwtfxLaen4sxMLTktdbeyDSK4Fgi:17000000000000000000:OKDOT:CHECKMYTH
16VoPuM8KYxrwUF2JRvJvA4FWckEWPgrVTexx5qEYHUxAuvs:17000000000000000000:OKDOT:CHECKMYTH
1hAeFvFtopKUc85Z5tUsbJvg9buXKEt9kUEUTqoxnPRfMSd:17000000000000000000:OKDOT:CHECKMYTH
16WL1xohh169wAnmRsHGgQbCyut6Jcf4W58kcFq3v8qf2EmY:17000000000000000000:OKDOT:CHECKMYTH
16dZJDmqS1TgUdTqhdQoFXUxZo1jy7GwprHZqqi2jr5HLfGK:17000000000000000000:OKDOT:CHECKMYTH
16WmewcfiuCqdxZ8wDPC4HWWKSUKw9zBK5yMKQhBWEe9ASsT:17000000000000000000:OKDOT:CHECKMYTH
12HFx48n873mD7DVA23uq6LwT6Bz2GpzbLyzMuSavYikojpn:17000000000000000000:OKDOT:CHECKMYTH
17E6mD46x59LyJYpEz3g7wxL8zyH5EowtRHtzFchMZXmfvN:17000000000000000000:OKDOT:CHECKMYTH
16Fb2Heeody1ftRGNvVxHZ9dtvmfESjHq5CoDuVkvQZv8mmT:17000000000000000000:OKDOT:CHECKMYTH
1cjFwXK5eDVN1rHtYuWzuvcEjtphPsupFC8DUHtDMZMMEqE:17000000000000000000:OKDOT:CHECKMYTH
152yMHNM46SRaSioB9ut2dTy1fLz33YCPvzUKbsDuvPSBbM1:17000000000000000000:OKDOT:CHECKMYTH
1DU74qumka1aydoc47CHD7ZTziMjYEUVgBwCDDJkrmaFThH:17000000000000000000:OKDOT:CHECKMYTH
15mQNH4hZsTMcrCqhR6CCVw4tayapBwk9Q71BwDsTVBp6SCu:17000000000000000000:OKDOT:CHECKMYTH
1ejZzqSKDrKqGMfhY9p6rNQwZFViXyT9SsvqtQNwQB27Vij:17000000000000000000:OKDOT:CHECKMYTH
167tUYfXKVTnaR5QfPaCNbotk9TTuadqqL5HfUNJsdFErNBt:17000000000000000000:OKDOT:CHECKMYTH
1GCgD2adMvQrfxYuiN96HjrdxD257KBgr9cH4Td1NaGxMWb:17000000000000000000:OKDOT:CHECKMYTH
13pnHpUQ8LXePe3GBaHhjoZf1Q86poFnsFZ4CZK5TwFrDg1N:17000000000000000000:OKDOT:CHECKMYTH
1GgR1Qrqdae2CUvHVQrggh5PaqWz1viYnE8zfuhPDLgKSoG:17000000000000000000:OKDOT:CHECKMYTH
13rF9EAPJ4756uSwPDu4hv6sWKCAatkUGrbNr1g9WJqHBe82:17000000000000000000:OKDOT:CHECKMYTH
1Knqt5peMsoc1qPUj354Gx3DSWtw8G5bAQDrmkAfWx1UcBv:17000000000000000000:OKDOT:CHECKMYTH
136WninRKYtqgNfSQP2dJmTV39txSYyZmWTGRnPCACEA93FF:17000000000000000000:OKDOT:CHECKMYTH
1Ln3oeiP5B3VbmR6oMo8NpUD9kU3C54nAFykGZZD1wjSGGf:17000000000000000000:OKDOT:CHECKMYTH
1p4HGmrqbAfy9vks7EDogRAGUQ1rYhwgXazf1M2erCX1C2L:17000000000000000000:OKDOT:CHECKMYTH
1MgwWUfopZghNM8eEsLoLtVXhr8sTqbfws9Taepynqgfibs:17000000000000000000:OKDOT:CHECKMYTH
13NBCgCzzLDNLWf9Lid3o5ver5A6DuFWYLo3RsfqZDu1KRk9:17000000000000000000:NEEDED:CHECKMYTH
1N9aZiFRZfw6FqzLQXK7hcV9ZmUYG14ih4pLTeJT2EMAEPc:17000000000000000000:OKDOT:CHECKMYTH
163JDgX3iHU1Nvfxpu4jnVcHPNehNDfrQETjJm8uAfi8Nwcm:17000000000000000000:OKDOT:CHECKMYTH
1R6AeXvu6EZjW7wCX5huHwB79pN2hDPNUXWt2bN12cP9KGg:17000000000000000000:OKDOT:CHECKMYTH
1eYYSmYw68BMJri4X91MYsMeyY2RgzvShwrC76sWU35Lno1:17000000000000000000:OKDOT:CHECKMYTH
1RPR7B1M9WU1roNiWqD7tRomQJXKPHhBxQA9yXNfYi92b5r:17000000000000000000:OKDOT:CHECKMYTH
12F1ge9GYorg6JtKwcmcMPNVMDBqSe5yPFikJiBgoddYEjAi:17000000000000000000:OKDOT:CHECKMYTH
1rrNJfrhx1xVDL4kh6jrh8SguUbvhubKRRvboSLXJRTjRUN:17000000000000000000:OKDOT:CHECKMYTH
12SwbohZNiXfZ1rrXFM7fL59E2Ni78MMg6zhWKeKk7Ws3YfD:17000000000000000000:OKDOT:CHECKMYTH
1rSxPzuckNjeNrC3gXe5oYw9bq9vVsL2jFyAJKdhKPCVRX9:17000000000000000000:OKDOT:CHECKMYTH
1TvEkw6JDV4iz62R22cXMDCzaCN9A6Vno6UkkGoisrFUAVa:17000000000000000000:OKDOT:CHECKMYTH
1uNMCnWDYEtwXXQwXdgfyLrxkJF2xGhGJQ8Un43FxCSSh7j:17000000000000000000:OKDOT:CHECKMYTH
141NoSFpJ3gaPCXjbMpCCdLBsxED7ZZ941nevKSq87QALFt6:17000000000000000000:OKDOT:CHECKMYTH
1uubEt7LhXXK7LsLs2vhiuFUzfXS54QgC431yycAFXzcHA5:17000000000000000000:OKDOT:CHECKMYTH
16UrZx8RCj92SKCQv6mwAtJtQZVTpBob6hEAk4au7gobBPLp:17000000000000000000:OKDOT:CHECKMYTH
1vFxEJiAx5Ck37DCQ9ULcawMjo7uNFmNp1Jux622P1izcg4:17000000000000000000:OKDOT:CHECKMYTH
16TTpHnr9KjbjenP2EaHnaFYB9mTeVSsQVDUbSx9kR5xdkLM:17000000000000000000:OKDOT:CHECKMYTH
1vHGzbvDBzTtrPHDQTPNFTBL1LzfFPP2VBptF5NxThyhEsN:17000000000000000000:OKDOT:CHECKMYTH
1HRQrzS2JsVTVcw4timUH9ZS7PCA8hLJ2whnH6Q2JhBuYZP:17000000000000000000:OKDOT:CHECKMYTH
1WnVJ2jXRH4v9NNjyn574yGrxDRWustLWfttVoeYx6zaPXu:17000000000000000000:OKDOT:CHECKMYTH
14T1yFgKKdkQS64cxMJnyseorjVrTMhhWBTLNkSEjEGtmbyq:17000000000000000000:OKDOT:CHECKMYTH
1xYgJxGtCLcMDJBaEiQ6tvRmtSHt1wrN6wkipWbvFmpiE48:17000000000000000000:OKDOT:CHECKMYTH
14GLXnj4ZbTrCoggWXYFUmvdCuyegPj72YuTTA9hbS9R4FMc:17000000000000000000:OKDOT:CHECKMYTH
1z7RW7RuLf1UoLNcFPB5Yixvv9yWMD6AErrgRRCgzxWexST:17000000000000000000:OKDOT:CHECKMYTH
1TWcTYNHK2rXgmYeVH42BjtNafbQefQN5GEbeBCekV5wZd3:17000000000000000000:OKDOT:CHECKMYTH
1zKDCTRtsg8WzJaxcoQMvyaAUN3NaxpMutZNnPNBQmGqQqD:17000000000000000000:OKDOT:CHECKMYTH
13dJk85afmQVaHJPnaWAtB519jsNTeDqxnFmGxj3facviyaw:17000000000000000000:OKDOT:CHECKMYTH
1ZYY1rd372rYhH9hvv3dEnRwt6ZQkfWgFJGHWofb8GaRHhN:17000000000000000000:OKDOT:CHECKMYTH
12x3gi6b5XeaA5AJFLCm7SnQ7cNdkCHGEAE4xCX2gFPctyRa:17000000000000000000:OKDOT:CHECKMYTH
112GuJe8FeZvZqPu8rdhfD8npf18RAEZn8EX6fqmCmybLRvY:17000000000000000000:OKDOT:CHECKMYTH
15iXmajphj39hWex4CDRk1sNsik67GWp9Kkrm2mRnhuDgAYe:17000000000000000000:OKDOT:CHECKMYTH
124Ey5Yx1GkMbGQXBj7xbsbB3PRi2WfddkbxkPh7mTqA4BTz:17000000000000000000:OKDOT:CHECKMYTH
1mvQPQp1M4NMEJscLSrDwhU56sBvtWjQbFeba782F2A5Bai:17000000000000000000:OKDOT:CHECKMYTH
126UvevQFoNr4ihwJs71GxrYqgEfmWf9gYL8xatZmbx5N2rY:17000000000000000000:OKDOT:CHECKMYTH
15S92GadAYzdYqkRDoxmGzfwWPYdtLyNASnTDSMGKkLB41WH:17000000000000000000:OKDOT:CHECKMYTH
128ee4YcHwci6Ujee22R1e2W5jHNX66pqaSjZpaxwLVYH5o5:17000000000000000000:OKDOT:CHECKMYTH
15Fy6GwUUkUak8xthJJPsPsvV9hNbia7yKZqbkdiasEW5bvq:17000000000000000000:NEEDED:CHECKMYTH
12dPxTJ9ZzZtVGy2YJDsNCZ7YUKPA9fsQaUtvZqXfpeKjvbz:17000000000000000000:OKDOT:CHECKMYTH
1cLhXe61k5ofvednxqpCv787rzviMFsnisvgDWJ1myNQvsU:17000000000000000000:OKDOT:CHECKMYTH
12ij3jvwsF98huQC8Dp9r6MrDQHN9tcNvodi6n88R6QKVu8j:17000000000000000000:OKDOT:CHECKMYTH
14gGF6oRtrcjdDXBq8RBF98vc6D1wQQDYxrgb8PJsyKAKyG8:17000000000000000000:OKDOT:CHECKMYTH
12jFAdPt7bjUHTJDvGhW4KxH38Epawr3YGR3bp1AD3kYtwKz:17000000000000000000:OKDOT:CHECKMYTH
15tNktwBpVVuWCbXR9FDt4aEXecPsVzSke6ohvpmoU9TLQ8a:17000000000000000000:OKDOT:CHECKMYTH
12jPNCwZUoJJLB7GHTWcnzLkcimtPyCcr5KWRMqfBrHgEcfP:17000000000000000000:OKDOT:CHECKMYTH
1F5UWoD5c3wsMRzkYiP2GzrhY2YUdK4jB8ZwucuJZYzqxJ7:17000000000000000000:OKDOT:CHECKMYTH
12mn7qvTqBenb9PX7JCeXSXtb4VU1GGVYy7iiKwQ24xn3414:17000000000000000000:OKDOT:CHECKMYTH
14DkzxHomkHPGRJW87qVzsLk5AQttfKHKENGjwgZb66NoFNK:17000000000000000000:OKDOT:CHECKMYTH
12NpiUbDey5PvKJt9tRb2UBzPuuMMaXm966SAs3cj1zSLTcy:17000000000000000000:OKDOT:CHECKMYTH
148EUVVKv8BeLZYBxa3XbF8vKEKkQMiZttcAgDMDjNKg9ihx:17000000000000000000:OKDOT:CHECKMYTH
143UBC2SLodzRagkeToqYsCTC6UanUS2qc8jhcTx3MwvdYkn:17000000000000000000:OKDOT:CHECKMYTH
1jQ2gvw2STkgQ4TYPsNsuuBpbwU64wedNuo2CmhS3oWmiUm:17000000000000000000:OKDOT:CHECKMYTH
1v7idpUw8kk6CWQxqH8VY9rdUBzUD3QUbG3JoPPQdKPSeKG:17000000000000000000:OKDOT:CHECKMYTH
13gLd7TKjAzwKx6baXK15CLuYMjCQkkJFqHgQPPN8QvQg1E3:17000000000000000000:OKDOT:CHECKMYTH
15Qg29RfPHgs6DGiebSuQPsLXQ3etwqRD6h9oJnz7SzG5c6S:17000000000000000000:OKDOT:CHECKMYTH
15USAyfEnPCgci7hea8g8t2rDfaXPXwwbD3KK9wB82Mwyejc:17000000000000000000:OKDOT:CHECKMYTH
14ApWirYhmkkV2fhZxTdqFhdv1adQYXhWMoDBUm1BLS9yngF:17000000000000000000:OKDOT:CHECKMYTH
15dEV3JF3Ens7QkF6Lp644S1NvxwDoqE8ESAPkziyt3i8gVe:17000000000000000000:OKDOT:CHECKMYTH
14B9QhAnB18UpPW9icym2DRMjp6dyed4rHRDvHXhJBnbEWgP:17000000000000000000:OKDOT:CHECKMYTH
13uCSvgRBbxx5fEUsXPH4MsUn84XLPZrBmTY4pXtPE5kBj4b:17000000000000000000:OKDOT:CHECKMYTH
16B3N1roRCWtz757HoMKMxQsEZbob7xpDAvA4u7DHKCB2xtZ:17000000000000000000:OKDOT:CHECKMYTH
1eo2xAttQCZXggureRcaUuDeK6mwT8fcyX1x4t9qnkc8KbT:17000000000000000000:OKDOT:CHECKMYTH
15w414pMzHzYMCzVLrDAmLoCVMDpfE1zMw7FCYvCSqUsfqwH:17000000000000000000:NEEDED:CHECKMYTH
1L6o8NYovw6MHzyZe2Bj6qferLL47sHrM2wdBMyCVKo5wEK:17000000000000000000:OKDOT:CHECKMYTH
15GNVT7pKLiuVoNsJDc9CSphp2fFnJUefzf1eFVY1jCB4MmK:17000000000000000000:OKDOT:CHECKMYTH
15nh1zh51HL9c2M34oG2MpcfUHLgM7ZGaLSWtwMrRwEx2Zq9:17000000000000000000:OKDOT:CHECKMYTH
128wQ8UWHWErSYgfyHLmoNACFWy7TmVCUDfKL2eLEBbzyzEo:17000000000000000000:OKDOT:CHECKMYTH
13NHdWqRtABBhWApKekdy41wTdbR5Zb1Lu1hv5JJu4rMzH5v:17000000000000000000:OKDOT:CHECKMYTH
15JYaWqtPtsaNuTyN5SmoCT3KP5SVD4RLRXNHsPuKLdKex9d:17000000000000000000:OKDOT:CHECKMYTH
15vs18uDGu75WsPaxZZKC6u7X4JarF3FuRg4opdLRJLzzJvY:17000000000000000000:OKDOT:CHECKMYTH
12aWpNRZvv6dVKpQbZwoCbPxFNYha1T2bpwbXeKJ9fCu4Woi:17000000000000000000:OKDOT:CHECKMYTH
14dJroumMxA34TtrYW9QDUEhPDb19Jq9ZpCZLct92GX8ee8A:17000000000000000000:OKDOT:CHECKMYTH
15XkM9dRkbopHaeaTsQv5W1h6NdW4qk5CHfT6SurfUFMdK9c:17000000000000000000:OKDOT:CHECKMYTH
1eprZRkPMjSHkuK3f5Fe6UxM4dsPthG4KmCj9w7CR14NVMh:17000000000000000000:OKDOT:CHECKMYTH
1HXu2CkfiPpATFbXLTo2HcVpd6gZa3FmcHKPkddMRhLu6E9:17000000000000000000:OKDOT:CHECKMYTH
15yFtwKqPfEnUKCfuVNuCeVut1D8NCQJoJhvR721iy2hHKdw:17000000000000000000:OKDOT:CHECKMYTH
16PbMbsp9J1FKWHEk2Rm9SuNfQo5ULQG5Mjo1jCQKNmfQ1Gz:17000000000000000000:OKDOT:CHECKMYTH
1vK72K9nngJW2FPMRtqqugbJViUJsoqdT2c5uHGVpLmEnjr:17000000000000000000:OKDOT:CHECKMYTH
14xMPgJyPfkbRXxDjWRvQ5XXVEHd2qNag75DzCJR8DkJ3f4K:17000000000000000000:OKDOT:CHECKMYTH
12Gxe6cYtuKi7iBrdsHVer3vm8Gz1qnepT9UjPACxJGoy4eS:17000000000000000000:OKDOT:CHECKMYTH
12g3X39jWSsxbHkeGggJ6VAP61sdoVBaPGf18V6MiqgGZDAP:17000000000000000000:OKDOT:CHECKMYTH
12mUfJa76CNopwSX38Bj5aLxWpvgdbxovdEYpezUu5W6o9Yf:17000000000000000000:OKDOT:CHECKMYTH
13Dt8EDL58WtNGzLnRnk6acvJGwiGYSHVoSXCd25QdwaJwCC:17000000000000000000:OKDOT:CHECKMYTH
1sY1WRPkLZauLDiMWPbTcmu7PfYHFHnnpysAxA9JKZDN9nn:17000000000000000000:NEEDED:CHECKMYTH
12zaRpwNXqTrhD3Bwa5QzzyutE4SWZiQDrpoWTnkKzmASr3v:17000000000000000000:OKDOT:CHECKMYTH
149DXUTXcw2Mk2GUNJ3h2kht3AW4cqEKgcoVwbFtHqorfCB7:17000000000000000000:OKDOT:CHECKMYTH
1bjYHrgsfNU7j12ezrP8XoYKh1C3s4T5TRLgJd7gzfy5ua1:17000000000000000000:NEEDED:CHECKMYTH
12jipUZvnTxc73HYyiEaQiZ8n9shVuY7Cs2cF3HVh6MTwRRm:17000000000000000000:OKDOT:CHECKMYTH
15uWt11seN6qoh8P5bTU7BFbUm3FSFyyJpZm1skXMReNG8Ga:17000000000000000000:OKDOT:CHECKMYTH
1BrVwxGXEuCPwqNSR29fLciBfN3sqYjCrUXVSQknC7VH3ux:17000000000000000000:OKDOT:CHECKMYTH
12vMzrySe7Z71LySRG52HwoZ3QNnEUcsuoZGe5AXNCWAAwNz:17000000000000000000:OKDOT:CHECKMYTH
14KKWB9XGPqEkAvXuqxVAxHC28BroWHD7pDrin4fgs2WW7VD:17000000000000000000:OKDOT:CHECKMYTH
13WKsKuYo93FRPoLT5qurp3zAT5K9agTV68iQnCwEn9de4oc:17000000000000000000:OKDOT:CHECKMYTH
16aXppWMKnGURDuxQxH4Hvm8rZraAywPqCTKSEc3J9KBGHAZ:17000000000000000000:OKDOT:CHECKMYTH
13xQBSY4WqLpibZGNcijSNNKQjmvCEDqL4psjh6dXErvzgoz:17000000000000000000:OKDOT:CHECKMYTH
15mH7RFHWoF4RYVCLmKhN6HHeUrrMUQ97fKiQiRm22zxTnha:17000000000000000000:OKDOT:CHECKMYTH
15QKwZ4TDcY4Cj5nDtMH4m1BBmVCWSzih8vaNM4zEigRytHy:17000000000000000000:OKDOT:CHECKMYTH
15gP1TxipyGA1H8JLvG7YUWtwUMgyczw8ic7u2FFsLgtBoKR:17000000000000000000:OKDOT:CHECKMYTH
12oGbtyyK135HHL9LuomSp6Ham7rqRgGfjzgKUqLYjB6aquY:17000000000000000000:OKDOT:CHECKMYTH
1zugcabTuN7rs1bFYb33gRemtg67i4Mvp1twW85nQKiwhwQ:17000000000000000000:OKDOT:CHECKMYTH
167atqrtudMefb87nZnhzsjJEchRaSFMJFnUnSRGdALu2oxi:17000000000000000000:OKDOT:CHECKMYTH
16VFacyz5X5Ye5dGf1b8viLpx2euVWQTW83AWiMPvBW23aEF:17000000000000000000:OKDOT:CHECKMYTH
13DCfvE3qtXjZ9YM9izy9Ss3wqWMnvNU4PKxSFsGVt9BiZg3:17000000000000000000:OKDOT:CHECKMYTH
122iqq96JxB7ycawkkAYFFmkAdn5jQJjVHSZwYe5b9A3rmnn:17000000000000000000:OKDOT:CHECKMYTH
15qxaKina7yKd4jYGSZ4D7Wo3NKK1mTpcCgk1WQCDJzZKQN5:17000000000000000000:OKDOT:CHECKMYTH
1pNEBqhMUrv8YLiVWg3aHkbG2UvegxkhfWJV6Wdy9QfvQE4:17000000000000000000:OKDOT:CHECKMYTH
16ANDQq5RpfAPevLvZpSxjMNpPgnZ32iE9LzJ3uLtYNyrULr:17000000000000000000:OKDOT:CHECKMYTH
1yb8xMn8T9jvqdKdPVAHQhJdNEWBvzJC3quQvGTsyWzqgmi:17000000000000000000:OKDOT:CHECKMYTH
15fLLzvP6fkT1VmMdqfoLJNRqKXyk4RFTuXcab1bVLSY6Xan:17000000000000000000:OKDOT:CHECKMYTH
123ZMiRxqCQRnkXU5NR1a7f6UYqufj64BegsfJckqF89FZ5m:17000000000000000000:OKDOT:CHECKMYTH
1427ZJdQaAnfTSRchMwqkbUDsqCWCGxEoFvzKsW3Mfk4dARh:17000000000000000000:OKDOT:CHECKMYTH
123AfQnmTtYeboNMWtdDNGNtdLNcgPrVbcWpmHNZTXSNdSMr:17000000000000000000:OKDOT:CHECKMYTH
1FAUp2KiWpAo17Prh7EgjDJyvXy8hvUbers9qJqGjeU8FDA:17000000000000000000:OKDOT:CHECKMYTH
16m21wqq4zNJWsB6JczwMFt25SfMW8UYEGHVQfz7kwYT1CeQ:17000000000000000000:OKDOT:CHECKMYTH
14G94Sdc84gFn5SpB3iMkVnMV4ejWLKbPGdTHmuKiEVuhNoZ:17000000000000000000:OKDOT:CHECKMYTH
1Wcrrr6W4YgdrhkgUcQNzTu3U67GumMUsBj1SMiMQbiJgJj:17000000000000000000:OKDOT:CHECKMYTH
12rYxcAsfRegbn6CfCcZwxpYm7eE8wrFQPnRvhJHemyPk17L:17000000000000000000:OKDOT:CHECKMYTH
15cbwFyVvUwCvMq8mpdKZLBbDEm8puJyf5XXVTqubRb8Jb5r:17000000000000000000:OKDOT:CHECKMYTH
1nbixzJ5GKkEfMYNR7kuvVuVs2EB8QZU5kdxEgBR9yKy5H9:17000000000000000000:OKDOT:CHECKMYTH
1THw9vvUpAW624CyR72isk7DnXkeSaMgKbN7CHqQLmPHDrE:17000000000000000000:OKDOT:CHECKMYTH
13W173qJT11KQLg9Ro9DKzVchrFAX5PtFtPRhgoRD3pGttKE:17000000000000000000:OKDOT:CHECKMYTH
12C5zKmMggKqT6WLHhDoDJn7xfkp8mrHVfHH9qAP3yDTgpJC:17000000000000000000:OKDOT:CHECKMYTH
167gcC9ze4mbp1mZVbgfFMXi4m1kACwM2xRCRxu6E1VRWa8m:17000000000000000000:OKDOT:CHECKMYTH
123TsUzUSqP4wqr9aVbDf2zjXTb7WDnamGtcJDrFLA74Z7nX:17000000000000000000:OKDOT:CHECKMYTH
13QG91XVNVrUgcBqRmypHoH2JsBgpxfCW8kP7jtsBt5tpqKH:17000000000000000000:OKDOT:CHECKMYTH
16PntwaQskF75R4JsDGBDsZh8Zhnwg9et6Qk8bCifVP33WGg:17000000000000000000:OKDOT:CHECKMYTH
16aAriJTHS2VcbH1JcJouTPrbtZc9VxHQuip8Cv4BnUHscuE:17000000000000000000:OKDOT:CHECKMYTH
124peffmvz8TW4a8NHnUDA1Pc2FrTCK1CLvkar2bdb4h8SR8:17000000000000000000:OKDOT:CHECKMYTH
14AasydLwHekge2qeEczoGLbc3bSzVtxGToDvYpa4EPYhou3:17000000000000000000:OKDOT:CHECKMYTH
15B4ubT7d9m8mPehXmtuDZ92ycsBFzghWKchAamqVcten1bV:17000000000000000000:OKDOT:CHECKMYTH
16GNECx3P5qSpmPUVjTNBhCL2NUThn5DPAvmjwnsvMSARUgo:17000000000000000000:OKDOT:CHECKMYTH
1Q9z57ryVG4CAxJ57Fjz8sBYwft7s1TfiXsLCtToCS1DKBT:17000000000000000000:OKDOT:CHECKMYTH
12sVjGP2hjmiPWmVvy8TJcvBg6Awq97AHQwuoRQFzLmcMNxG:17000000000000000000:OKDOT:CHECKMYTH
12bfP3EXPVeowQRQd59C83pSSa7eyXE8Cr83J3fyPpHwgDMX:17000000000000000000:OKDOT:CHECKMYTH
1bJHgDubHbn3s9g4fnzwYTR6fuZyHcCRQheLqk3BuzEQjXP:17000000000000000000:OKDOT:CHECKMYTH
12AcTxbxqNCkzw9q7tUH4yFPWYQ93WTtdyqvBAx9BhQo8hN4:17000000000000000000:OKDOT:CHECKMYTH
12gNEGQZ2nmvEkY17ZH2Pn7W3kP6FGG333vbz9twMgnp7yS9:17000000000000000000:OKDOT:CHECKMYTH
1BX7kajAZtAZmCAkACyyRBGwE15W1DHPMFxD96k2DG9Ynzv:17000000000000000000:OKDOT:CHECKMYTH
12jYd43hXwruwzr9pfqdnNgiQdraB17zqtVstgVJxJTFgxDP:17000000000000000000:OKDOT:CHECKMYTH
1pga97eD8vBcRDZSazbnkn7x23E7QrycCpZ5xwmYgzvqFMp:17000000000000000000:OKDOT:CHECKMYTH
1kB1yqFyFVGfXGTfVsfhXzVEUw8nVYa5MJRffbixNSxN3xh:17000000000000000000:OKDOT:CHECKMYTH
1eVZ5TSSU63q5hPBH28v2eHawR5UCNsgyvNeKfexQaT6w7j:17000000000000000000:OKDOT:CHECKMYTH
165VaVBgAQaU8yPjN9RMqN6uh4pemR5A1s5CEDrv24dXFRK5:17000000000000000000:OKDOT:CHECKMYTH
1nYs3RXmp6HWb6kZe8zMRdWLCQuutcujckNxQMr1YBTUriw:17000000000000000000:OKDOT:CHECKMYTH
15DE6TPD42ErfC9yX7WD3BP7PXuRxhF8tzp378MA4hqk7vWL:17000000000000000000:OKDOT:CHECKMYTH
13VNpFevLiKV8JqRUjZMBXYdD5QZmzVuNUdTXBNkuigNLCq1:17000000000000000000:OKDOT:CHECKMYTH
16ff3YV6tHtcYgSzLPs7FQxp3tegKvXBZiKdZQJhLB3FDHXE:17000000000000000000:OKDOT:CHECKMYTH
12AmHtvVLXH3xTMYyQvMXgPHPatPQR8LTc9dEBve5Mc94294:17000000000000000000:OKDOT:CHECKMYTH
1uoQevmAhFWEbTjpxMxPiDg1GcDecM7xCoqpwBkUzJSaQwr:17000000000000000000:OKDOT:CHECKMYTH
12koHRNePSSykTksKgKoXCSrDMXKQJh4SjzE9Xb4Zbwniyss:17000000000000000000:OKDOT:CHECKMYTH
15HhcJJNDWBqTQ74GyG6DA5en9QqrxKSr7nJq6dFq6ZoMbns:17000000000000000000:OKDOT:CHECKMYTH
1LNC3DavUfLMRt9caS6FFNAyCe53ZuN8gbvPmDQ3qDt4dnx:17000000000000000000:OKDOT:CHECKMYTH
15JZ7ZXRgp4WmDe4pUJYSjVuLu5qyvHmKD8rgnANFsnmvFGA:17000000000000000000:OKDOT:CHECKMYTH
12TdHo3wXgvswQdVHQiezdgqJfPtB3Krt77r9XofJuWguqJm:17000000000000000000:OKDOT:CHECKMYTH
1L1oSPPqTv1CzNV7HsBSuvLkKxK4cUwESDUgtDfdgRNhWKj:17000000000000000000:OKDOT:CHECKMYTH
1KATHJEQafxPoLWFkNEAQgckopR31fgk1kSFMNn7jgW64iV:17000000000000000000:OKDOT:CHECKMYTH
164VEGi258GeiRuVmj7oPRiLaPUmMmACLaA6oV5mNZomJoYE:17000000000000000000:OKDOT:CHECKMYTH
12QTVMdrn34UJefjxfc26rmLCXri2GKx97JPagK1ojxauNkg:17000000000000000000:OKDOT:CHECKMYTH
15UrSia1zV1fLjLhubZV9Cha2aH1svGtAgTAaPe6ig9KRsxx:17000000000000000000:OKDOT:CHECKMYTH
1iq5jtEnKaSdMrNfp6mUq2UDo1a7Uv6K6tWWFhsRaeQZ9b6:17000000000000000000:OKDOT:CHECKMYTH
12JHEtfw1TKcdZKVbnrMm44dJvuRuH19WBommnfwo4UMbRth:17000000000000000000:OKDOT:CHECKMYTH
15wR7FdvS7Rg53TiN6LE2jdZ7cQndNCztZ9ARK5xMLbXpAzS:17000000000000000000:OKDOT:CHECKMYTH
1dtPf75mqE8EN4eYS7VMX3a6nKBxYn4CMB6QaTQLKTqgo8A:17000000000000000000:OKDOT:CHECKMYTH
1HdApWCyzWCMB3zrcYAuYKqmpsMUvf22fckVxJSLmHzkmPw:17000000000000000000:OKDOT:CHECKMYTH
152bbXGLbi4E6Pv8fmED3D1d3U5Rhe6e2t55J22tEnFDR9H5:17000000000000000000:OKDOT:CHECKMYTH
13zYE7xsAAEPnSVSLca2NKxrhzndDatSRh25zsJqjSV8w2Fh:17000000000000000000:OKDOT:CHECKMYTH
13Y5cfuoXg6vsWJuFbwHehHYUvkpmEkr7UuWpz3N3gB2aBjG:17000000000000000000:OKDOT:CHECKMYTH
1h2F1E5PVtvBheyxdakKFcJEKqHJUfDbYdRXFnGwq1Accuo:17000000000000000000:OKDOT:CHECKMYTH
12NupLhAFqMoPL6E6TzdUE5gjpEqkkSpE3Cv3ZUK2KaBXbZ6:17000000000000000000:OKDOT:CHECKMYTH
15b6tANJiof567RHr9C3Tey1y8xnY7RCsjKHGxzEvzoW7xdd:17000000000000000000:OKDOT:CHECKMYTH
13aZx3fPwCUXhQB6dhHmsFDMV7VknACfZnreeE9Dy6Pypx13:17000000000000000000:OKDOT:CHECKMYTH
1gney6SEBSJ6pQt8csruUWHERAVgmGE4VMyDG4yhyKFfUHS:17000000000000000000:OKDOT:CHECKMYTH
129jwom1wwmTCANpTzuPSFE3CRgBb9KG14KpL2wFJe44brmt:17000000000000000000:OKDOT:CHECKMYTH
13MdNFxkdgM9N7Sdd4jYaorH3UmiDN8BXmDQ2c8eAU4RdZYq:17000000000000000000:OKDOT:CHECKMYTH
12TWN6iLANVwL4fk412hc3gbTrYyYUz4dnx4gdbNXMx35kLY:17000000000000000000:OKDOT:CHECKMYTH
1gLiK4eU7EQ8DRpD2ZvTjiGFbpmSn5Bf6aH9ToMAnLoNH39:17000000000000000000:OKDOT:CHECKMYTH
14MMGq9yBNVmUT12kmDM7YpRLMbwJk6FnxG2qTPCaBbUzZpp:17000000000000000000:OKDOT:CHECKMYTH
1Vw77JaqGpLZvhLfdMnbJm2ikiU2eoqxBGofGDJwb5YrzaR:17000000000000000000:OKDOT:CHECKMYTH
13j7ETyjPd3kEhgkYSv7nqoNpgYhnzhsNBiAdjrpc49uLUPj:17000000000000000000:OKDOT:CHECKMYTH
1gjw4EFJhDyG9acHaM1qK9DbiUPzDSqFEpy7XSuzDhxkgsJ:17000000000000000000:OKDOT:CHECKMYTH
15QWJh6bcL4MkGNWNRXopTmMcHrkQmXdiS2XL7y8zcRwGwMT:17000000000000000000:OKDOT:CHECKMYTH
14jEck2Kv13xABngqohNPzH5LgXVEYdcPQXpbemoKybDgra3:17000000000000000000:OKDOT:CHECKMYTH
14wzAdDju1tojpvWurKFz1dLJ8MpXcCdh629ees1JU2hxMkb:17000000000000000000:OKDOT:CHECKMYTH
1fYJ985VFrHME9PoAC15yHTGtjHp7uoDmHeox1RTceRxxca:17000000000000000000:OKDOT:CHECKMYTH
13BdJXJ2Nx1wjPDjjdz8Xsxkxu38jN21tNMT57HNZYKtxpAT:17000000000000000000:OKDOT:CHECKMYTH
1211vkt1DGwc2a6dCmxozTmWCvxyHMkUJ6WB6c3a3dzwBsea:17000000000000000000:OKDOT:CHECKMYTH
15ruKHGjRX5X7xtjwpc9UhfypmqccuoRqHjSLvMKu94qBbGW:17000000000000000000:OKDOT:CHECKMYTH
1E58co2NwKqabaGLT7itTvz2iKzXRvwQ5vx1kMLfAtAT4QV:17000000000000000000:OKDOT:CHECKMYTH
1hKPZ99NEyUpK2mDcBQRZGoBniXMXRNvMvAdj1YbHNE5RXP:17000000000000000000:OKDOT:CHECKMYTH
121z5i2jYy9hruyhxuTYZcuLhySMkQGKGJD5Ln5MkBfB81xL:17000000000000000000:OKDOT:CHECKMYTH
1RYggLR4je4wgmjsrpLeh7guWHRiFFGbL26ZgDh32FneaGy:17000000000000000000:OKDOT:CHECKMYTH
1doVYCsRiDayvNrLgqHtxdWYpcVD4GRZk2Jif1Q5SUxk7W3:17000000000000000000:OKDOT:CHECKMYTH
13N7QXmojGQM7LN9o4cMiL9wY1CbreQBCK3bpXLqQacoziEe:17000000000000000000:OKDOT:CHECKMYTH
128TD5NcpEcSZJHv9QTw4FLDPocy3rKgY6wZ1R1UestbpXfN:17000000000000000000:OKDOT:CHECKMYTH
1465o3k5Hz9jhNAwRsMPcLAJ48vNMx1AUhRK1wEksh582AxN:17000000000000000000:OKDOT:CHECKMYTH
1D9fmMoZ4tUWRCFy5FUFNQbusnBR5qScucX5EKZUq6eFVgh:17000000000000000000:OKDOT:CHECKMYTH
1Tv5BEcTfxMKZZfByF6hLonVnVCHfPBGrx166GMUhJ28VY5:17000000000000000000:OKDOT:CHECKMYTH
12AUinZwGtxK1hMmCd6E6nQ3NuArxzNH9yR3uTN2FLzmjjNU:17000000000000000000:OKDOT:CHECKMYTH
14Geyz7xrRJr5h3nYKBcMdPCxTE1JdkN4FsC1UH2Z142638L:17000000000000000000:OKDOT:CHECKMYTH
1cPMz4EmAe9T2H8WVxdHBJwiC19wUWiP4wjdSyJShvQ2HJf:17000000000000000000:OKDOT:CHECKMYTH
12j2K2HQGNX14jzoYK4KQE7qbSJhNer1QaBHGzJyW882PwW3:17000000000000000000:OKDOT:CHECKMYTH
12BDoRQpPAfJ1CaGDnRL2h2gcpeStz5mSBSzWtVPkNsDir3e:17000000000000000000:OKDOT:CHECKMYTH
14FkqP1AFKkytpP9sq8hEsH6fa1WXga7yfceqdsN9wLbDrxR:17000000000000000000:OKDOT:CHECKMYTH
1cBGo7K5GHu837LQd6g9XbPmcWyCLj2LsVKV8gQSbmbhE3R:17000000000000000000:OKDOT:CHECKMYTH
12jqn3JAKgU6PUmEed25t9sMBXEoqzwyAwU69sqFyc4pqfM1:17000000000000000000:OKDOT:CHECKMYTH
12gaBX8MyYnxD5mPqWZdMBG2ZygnLVqund4r7GgnMs8P2xoJ:17000000000000000000:OKDOT:CHECKMYTH
14eUsreoFQZjBQcuVX11USsauKAGZEoQDT2wcwCamoD51Mgf:17000000000000000000:OKDOT:CHECKMYTH
12cEfDecxV3YZJ8ZTjua4pzVxpKehUWpz72xqTNbCbg3F3tG:17000000000000000000:OKDOT:CHECKMYTH
12JvkFdfx3nHeV7GLcJTrpYxB7vNkgTLevfGs89kd3p9qj61:17000000000000000000:OKDOT:CHECKMYTH
12HQJtkcmY7XUb5Rdz1CzdFJAJHbgmhusuQiBeLVsfprx632:17000000000000000000:OKDOT:CHECKMYTH
14EiS6VvS5pUW7CrXFN4EsesEknhsRvQNsZGjWcn1JfKZuhx:17000000000000000000:OKDOT:CHECKMYTH
1bkcJv2x9Lq7WHmeCTwVmtV68ukhWNwmyUcSrLbyRz6W3bD:17000000000000000000:OKDOT:CHECKMYTH
12KnHtWDWMqDJMurguQu54LcCyrPNDeBsbhkVmUGSfVWwovB:17000000000000000000:NEEDED:CHECKMYTH
12hZYg81KsquovZKvLxyv5RyMVp8PGHwaAH5Zs24EGpAX7mr:17000000000000000000:OKDOT:CHECKMYTH
14efxS5nu3ZZyvn2rEBJZW73HXJX1rYL3dKenURtLhV9g81b:17000000000000000000:OKDOT:CHECKMYTH
1bAay8HynFHwST7gsCdWfysQAPHowfzNsGAitzQnYFn7NyR:17000000000000000000:OKDOT:CHECKMYTH
12ktWzdj1A29mgedzUCB7xm7gFEcYXCaajTTXnpV4c2wHfg5:17000000000000000000:OKDOT:CHECKMYTH
12kDMNwdHcRUrUFHzhG779hATo3CHAzaV6Ztpsz73NyrUsKH:17000000000000000000:OKDOT:CHECKMYTH
14DCw2TsvSpnUj8YCnekisjSYf17JJ3GAtp2EE7CBupGDooq:17000000000000000000:NEEDED:CHECKMYTH
12DdnFBGHRatQkzSfnFhVRFmNj8KKK17tNmWHVSXFC76UBr8:17000000000000000000:OKDOT:CHECKMYTH
12kZa4or31jGTKNtm8VSXdWS5my1pfmLgkP12iYgtk3LaXdx:17000000000000000000:OKDOT:CHECKMYTH
12LZ8jEGFg2bLSG3W9g7U9KB8tDV8MswtPPXz4NXrfbMJi4u:17000000000000000000:OKDOT:CHECKMYTH
14CsTXT1SU1Txqpi59gRXa9mukGhQJTiPRiXWmqeTy1Z2uYE:17000000000000000000:OKDOT:CHECKMYTH
12EDP45YmzFDR5FbkBceecYjw4WV7oTJcELWPthLa6S1nMvT:17000000000000000000:OKDOT:CHECKMYTH
12mLagGb4eE1nGpmYazcHmX3jmNvDZE2NDC1HgWFPHRokGvR:17000000000000000000:OKDOT:CHECKMYTH
12mxKvYKdJmJNReQcnV7mLmkvyBdLmKdxw5pHozPaRvLZ5m1:17000000000000000000:OKDOT:CHECKMYTH
1265QkNjbvRv3BXdvRwxo5VRZSEN3duFmXS43Zu2pPiHPEKh:17000000000000000000:OKDOT:CHECKMYTH
16X3HhXbVxid4uZb34P7BKJkyJShk6SvvKTybXwZmrpThoJX:17000000000000000000:OKDOT:CHECKMYTH
12pCfctYjgrZSp1uSmYvHzQJAVRynpH45uXZthWKoxHEHjqM:17000000000000000000:OKDOT:CHECKMYTH
12Nygqv1R7uTGCACTgn1Va7RJYBdUM4YYM7VoTnqBS7n1vQ:17000000000000000000:OKDOT:CHECKMYTH
1478o8LSSkd7Xd7zQ5qEfxUEPRSUi6VjLLJoUiHmAXCHcCXe:17000000000000000000:OKDOT:CHECKMYTH
12F3z163tKv1JL3DMwa2YPZEFJU9qxrmnwDNQkEUcMQzdpRW:17000000000000000000:OKDOT:CHECKMYTH
1ED4YLfCpqfomEMxPj6QAxovJhKaDww2XkoFUmge8AqCpxG:17000000000000000000:OKDOT:CHECKMYTH
12oovX9w1XCAbNdsvVY7PdgKzdvjwC5VJuLCGppNhbXjhRqc:17000000000000000000:OKDOT:CHECKMYTH
14581nSDbjFyJ1geBq84wsVkSfpwBX8ocVxjMfW8Uqcv5ncx:17000000000000000000:OKDOT:CHECKMYTH
16PqEhds9kQ1SPp6cctx8x6muXSNWGs28np8ZYhfVeQCkk8j:17000000000000000000:OKDOT:CHECKMYTH
1FjuJLAsLCsyuuULoceNDbxA3qdmGRjKYNHx44L5sJruLkM:17000000000000000000:OKDOT:CHECKMYTH
12pg5T73cW1jnV1shMo6XLpstgK8TmzcTFfLMUdHSzV42EHr:17000000000000000000:OKDOT:CHECKMYTH
143NJH1vbTgsHRDv3bcZX1DWEUBQZY6fhJzbmGSdHoctTEiY:17000000000000000000:OKDOT:CHECKMYTH
16MukGvUPCXfyFThLd1X7yGCes3g16kE38tyoK1WfcVHndGS:17000000000000000000:OKDOT:CHECKMYTH
1GaVBBZfV4YrAYDRSpLXGga41oezcQwk7xZX4KWoyWbiwwZ:17000000000000000000:OKDOT:CHECKMYTH
12Pi28E5UJf3jexGZbXiWFBRNhHHf3uaePJy46cb15CSsbhM:17000000000000000000:OKDOT:CHECKMYTH
127u8an1i2ZrnkDZaa812Q64Rr6rztUSnUfA5jnxiT47yM3D:17000000000000000000:OKDOT:CHECKMYTH
12F6JNSYizokhFpwdNCxEejwuiPsu881VwCz7TPVcjcKYAhR:17000000000000000000:OKDOT:CHECKMYTH
12o7TzgdfpxnJHWtYJvmATzbg3sYYDqMvNvYWr86BReqP5nG:17000000000000000000:OKDOT:CHECKMYTH
12R3txPtbrGDEuYpTzWKKkEMh7ZjP3nASLapC9wZaaRU8XQh:17000000000000000000:OKDOT:CHECKMYTH
13zpiBegkXkmdJdJkUiMX8FcA8FrhcEdbZ8xrkmqQ4GAvQ3S:17000000000000000000:OKDOT:CHECKMYTH
16mqs9WNeN6b78Ncu5zGR7ik6xhaFuZeC7cinE4XqTmukg8X:17000000000000000000:OKDOT:CHECKMYTH
12BSG729Y51wKUXtEXswkkGmJ3kuuJdcPWPywANyZ7ovxEf9:17000000000000000000:OKDOT:CHECKMYTH
12SAHLyb39pR82xVLFdKYdeCyL94PG8oZexc2PyiEL8URnUA:17000000000000000000:OKDOT:CHECKMYTH
13yYhFbSzGssw6nBki4uhQmuYzs5FYXnsrhrJsaLPLX47GTX:17000000000000000000:OKDOT:CHECKMYTH
12fRtZ41kfnJxrSyt4x6VPoCMfTaJpm9Rhvowjz7FTbiAm1P:17000000000000000000:OKDOT:CHECKMYTH
1hifbZMStLVX3rvhyWpXSNhMyk7KNA2atjP12QfCkwHzGg6:17000000000000000000:OKDOT:CHECKMYTH
12SszVvgi5ne3Z4sdv9osk6CxXatiGm6bfPaxMdGqRMqfmb:17000000000000000000:OKDOT:CHECKMYTH
13wNiygbNz3nbCaU7EsF2s9RcnQwuC4DXcm2vGRmrF3JNRSZ:17000000000000000000:OKDOT:CHECKMYTH
12fw6Rsi9Qgd2fRHp412ZkAQjHQjWcLx8SivsQyeJsTJ6a87:17000000000000000000:OKDOT:CHECKMYTH
1BNegRCuFrbh7sBJdzAnjFvgFfnx1QoPY8h2xPa8bcXsYfm:17000000000000000000:OKDOT:CHECKMYTH
12TqLuosc7WozZRCT2rib5QwN8LpKt1PLqWohRqvw3PtdcC4:17000000000000000000:OKDOT:CHECKMYTH
13vnwLUcA2gJ8TDcNxMZiyyJXwL3p1FutwLpGgNLXDmfyViB:17000000000000000000:OKDOT:CHECKMYTH
16jjqG3fshQiQNLr4oFN2wxxChfKBRqE4vo1M2hBnwqBzAWb:17000000000000000000:OKDOT:CHECKMYTH
19YTTXb5NdHjrACNL95uCyefZ4YmBR8NZbjiEh2Sfc9kRQz:17000000000000000000:OKDOT:CHECKMYTH
12u7nHhaq3QUGxt3LNHcF1KxAsicFyZMsaRjswLdVgxDdAVq:17000000000000000000:OKDOT:CHECKMYTH
13tdk8wxE8XdmNWp4kpRcUhStyrAro5GkBNb9BLq2Vgci6Ct:17000000000000000000:OKDOT:CHECKMYTH
12HSLFDFcpDNJUhyEUnDV3zkLTfpMGgd6ZKUut7RCb4eHpwL:17000000000000000000:OKDOT:CHECKMYTH
19QYFANzcSHFp8a5p7Xf6EeBMBKrtHxadD9gmoTnxePN2Sd:17000000000000000000:OKDOT:CHECKMYTH
12Vbt6HN3HFePZkfXkPMFicqiGyrdznqtHfHgATvyArSSVTL:17000000000000000000:OKDOT:CHECKMYTH
13r5WGHFc2Wdv8hVkaVNsTfMnyCGxGEmfxdNsRK9vC83H9be:17000000000000000000:OKDOT:CHECKMYTH
12jauM4xybos9PEJX8mng63eKB78iWgQsvmokvvv573FijMc:17000000000000000000:OKDOT:CHECKMYTH
16ZurHvufqqvY4d114kf6zYcrL8t2fuAvn8mVqHEEiqZMWNd:17000000000000000000:OKDOT:CHECKMYTH
12W2pU5P8T9wmMi1ikqkK1F4XX9voW432YrEbKSa3J57Bntj:17000000000000000000:OKDOT:CHECKMYTH
13r4Ch5mPgbp1PTBbQLBWn3rZpbyTyDHo65Zsf2ERGxnZVkw:17000000000000000000:OKDOT:CHECKMYTH
12jMY3wi2BXTbZgtiQJHb3nbWQP6NJ4usBJ4giUJmBa4uthj:17000000000000000000:OKDOT:CHECKMYTH
16VhLwg9h7q9mNM4Ff85Y9ggwF2RUnkF5uccLHQ4c6t5VHDE:17000000000000000000:OKDOT:CHECKMYTH
12wBB3niz1i2TVMP7JB1KYDqy6eZHxY5SYWKrKRox9vt37xn:17000000000000000000:OKDOT:CHECKMYTH
128k3Q3qrCvs46X8oQBJh6vVhb7DdXULWf7HJsC72egjcgDL:17000000000000000000:OKDOT:CHECKMYTH
16iAJAp5EKfF6Q87J4gxCynpUpCY51ZrDbxqzg38V34ysvHq:17000000000000000000:OKDOT:CHECKMYTH
16QQG48MkoJNmAytGoJY531QASpgBizyBFTzrhnUuGVzz2Fb:17000000000000000000:OKDOT:CHECKMYTH
12xkDGtmjDw8C2VghAr79LyQM6ux1EyAqxKcT32H5TumDyP6:17000000000000000000:OKDOT:CHECKMYTH
12bXF8sRjPFwmACt1R597ZsoAefzdaj1FRtUvx4G6RxkGKkc:17000000000000000000:OKDOT:CHECKMYTH
12pSs96w1u3JzFyxVuj63KFJuGLqkVhaLLssi3zxhDYwfhGF:17000000000000000000:OKDOT:CHECKMYTH
16Nyc2weV3ijR97QLtqY3nX4F1gRSUGnovdYbmCWQuKVjJ34:17000000000000000000:OKDOT:CHECKMYTH
12ya5uCm7aJMoa5QT5ruo8twXUyzrx1Eka3nKm7pWt1bCKJR:17000000000000000000:OKDOT:CHECKMYTH
13nwvLFkTXn8JZWDqRgeiw3xsM3s5Z2Wi9aVjQxtjceVXCxf:17000000000000000000:OKDOT:CHECKMYTH
16gKYjDssLgWBf8p48ngie3gR6kUHqdTrfttoCpjfruo1dJC:17000000000000000000:OKDOT:CHECKMYTH
16LCmAwrUaDsSCjuuMrz8uyxQTAd6Ac38bWk1e6aUaiRSQs7:17000000000000000000:OKDOT:CHECKMYTH
12yJnygKWHF1MfQL4Qia85CUqb9MPLNFEqY7HCQrWnMNnMms:17000000000000000000:OKDOT:CHECKMYTH
13LX6SenXvYSR6gWYPbWvSqjnztDC1qL3ViFAwhrU2s9qL5o:17000000000000000000:OKDOT:CHECKMYTH
16F9yHeme7PZxPCFUCyntw1h4W15rywiSXBZExsL7uWXWfoD:17000000000000000000:OKDOT:CHECKMYTH
1vZ5hrHhKgvChdMvq6p1wFnmiWb2LTA668TzzPnes48GPpy:17000000000000000000:OKDOT:CHECKMYTH
12ZCazjkYoM2MyBEMK1zrAEuTAM4Moa7dmQ7KsEzCyWjyq6v:17000000000000000000:OKDOT:CHECKMYTH
13L3e3ghdho3Ptd58qDs471u7YZU4tJGr5Qwy6vdLJgfq9zx:17000000000000000000:OKDOT:CHECKMYTH
16eT4DYTngqPRRoFoin1Nh2TuzHHVMH1qMytAGYxovK89ZA2:17000000000000000000:OKDOT:CHECKMYTH
12TtKZCzGVeS2pzVhAHjc8qyJZRgPWG9JXXhZ7856sdJUXop:17000000000000000000:OKDOT:CHECKMYTH
131o3UKXWH8LK92eZpGojG9tp5qZ82vBrW4DLiPiS3YRP66d:17000000000000000000:OKDOT:CHECKMYTH
12C45o1xTrQJtxt1D1cGodMDAeGeSfHzkzgQUSk9r9pwBYUH:17000000000000000000:OKDOT:CHECKMYTH
16DoDTye1QM7aAPCRcBZvXRYRD2wmfNQxGeNkTsUkqHXX2zo:17000000000000000000:OKDOT:CHECKMYTH
129Kcy1m4bzpmN7oe1joedVKamEfgpfDuJZAi9rrH3rXYgGd:17000000000000000000:OKDOT:CHECKMYTH
1331E9PrFSDJTZ5zMtzxWx8TWGVqEy7tbrf3btz6muKuj4kC:17000000000000000000:OKDOT:CHECKMYTH
13k7jgUHajvYo21j4JJFp8xD48y4dYYDXBunwuWZVX4sJeY4:17000000000000000000:OKDOT:CHECKMYTH
16CGjX5fveGTDAoTgGaBahKzQdRcDGRhtqyxRetGpmtTYp9:17000000000000000000:OKDOT:CHECKMYTH
1x5WAXNVbXTJCXKGSAc7FycNtDrkG58fFtKqMGQPDnewwQP:17000000000000000000:OKDOT:CHECKMYTH
133caUhaRuCWULtaPsaHuCNyyhNGT1vNftET2EnSfLEtQa1V:17000000000000000000:OKDOT:CHECKMYTH
13jqEZWg6EMYRXRjosWvjBFKnSu2ga3SFWAJvzLuRMYWCkd9:17000000000000000000:OKDOT:CHECKMYTH
13NCLd3foNpsv1huPDzvvfyKh37NEEkGFotZnP52CTR98YFJ:236000000000000000000:OKDOT:CHECKMYTH
