1FEZ67uCrwNojeUMGygMCHgCdjPhp3z3Vk4By3uhinJPPnz:45000000000000000000:OKDOT:CHECKMYTH
15Ct6D4SDqUG25aT8v2DWBaHgETYBHETPdLp2fJZayxkC5c3:45000000000000000000:OKDOT:CHECKMYTH
16Km6KnqT8hDZYD2DyVnwPqWHYP9Qp4DnuMDFk3TVsGJ5L6J:45000000000000000000:OKDOT:CHECKMYTH
13TauQK7h1T9B3pVtXxW1f4x1pTKEKLCdhRd9ikM32E7oPVY:45000000000000000000:OKDOT:CHECKMYTH
1Z4FvfkpvKJ3WjaUEhs8xtWSx3PXQo2HcJAaXQj3FLiTGDB:45000000000000000000:OKDOT:CHECKMYTH
14eFV4L9TFkbswgbYJMxqsAmuHq7xUYB6jYxCMUs5LBmTNCC:45000000000000000000:OKDOT:CHECKMYTH
16j5jreDr4veuwyZYohdSKfjpErYzy3V8bNEnEr1Zxbfhri9:45000000000000000000:OKDOT:CHECKMYTH
15Ec2wiqC3TLsKr7zmtQZnmCsv7MPwZ3eyWb25peiET1TE3K:45000000000000000000:OKDOT:CHECKMYTH
12CZxVZ2pdNB4auLFSp4aiPE3GvSC5prwRyyuQFk2XYzai7m:45000000000000000000:OKDOT:CHECKMYTH
15gT3MY2oVDqi1WPFnpkhPKVNUXAUPscMagaJeW8dqmLzfJ6:45000000000000000000:OKDOT:CHECKMYTH
16inEiCbBDhNvT9a9UADSzPEATuCzXfevAoxPGh5wcN4YzCd:45000000000000000000:OKDOT:CHECKMYTH
12NCzJL4L7Tm9cbFN3WzY7STbWRdnQkrgF1cUi9F4yK4JBGt:45000000000000000000:OKDOT:CHECKMYTH
13rbbsirT244sKW7aS1PuTwZGBSiSUQ8KowG8fqtLM9W2U4o:45000000000000000000:OKDOT:CHECKMYTH
12vXGaVzCGdmVgik1rt1dJHvYUTCs3JFmj4qxRkt6rhQ75m4:45000000000000000000:OKDOT:CHECKMYTH
16iN8F88EhPZmuaEeHVnMpeAKKj87GXvZfdHdydSH16Qgtyg:45000000000000000000:OKDOT:CHECKMYTH
1mZ9bNkXPHNYJWcDhkBWqXgLs7gyx2BjvFmQK9MgXnx6vQ2:45000000000000000000:OKDOT:CHECKMYTH
15rEQwnh5X5d1SduQdBHQc1HXVC1gfs26vdC9QSHjJasNS7t:45000000000000000000:OKDOT:CHECKMYTH
12nmqpqj8bcG4wX4a5ppqjq3pwVavgpyckpSg5j4Y6pQptkY:45000000000000000000:OKDOT:CHECKMYTH
16fSpCpg3Y2VsdHWawRBgkMAKWBUXPJ43MCCrPFKqCKAU7EX:45000000000000000000:OKDOT:CHECKMYTH
14ih1JKEp3jCEXANfuBjTs211XB33mppdXcw3aA55rgYnfJh:45000000000000000000:OKDOT:CHECKMYTH
14JLYJ7cCkK2ue9GT2iKwfDSm54Z9GGZmr8XXNNTfy71T9GG:45000000000000000000:OKDOT:CHECKMYTH
14MF4LkHP38VVPhfJpqnqVQ5ygt2upT2uis8VABJy6bkwN1C:45000000000000000000:OKDOT:CHECKMYTH
16emrYuQeJ6pjzyotjd1mgBUxVqHBnZtZyA13pTGRkNnaCFa:45000000000000000000:OKDOT:CHECKMYTH
16kuk22wFDSLmA1EL3qedjmWAExm3Y8okAS9JgdNt4U82ZxK:45000000000000000000:OKDOT:CHECKMYTH
14GJcXLyhRe2Cc3gLgApJvrYH5F1qi5d7EB5tRha5qGgyqku:45000000000000000000:OKDOT:CHECKMYTH
14pX4grQaFptjKzT4Uq84CuWGpr7UtGvmrBBjns7GFq1SgMR:45000000000000000000:OKDOT:CHECKMYTH
16cpos3fyLXrQUPpARPfYwuqm89yfozR3eFSBpN5ZED89wfG:45000000000000000000:OKDOT:CHECKMYTH
16eXWar4w3D3iZZWS7Yj76G6fht9QoNGdqqajo3zQCZe2Tvr:45000000000000000000:OKDOT:CHECKMYTH
137W42nLj52k2WCNuGTkpsMvbqd7xxYeyceoaPkQfCFTLWTP:45000000000000000000:OKDOT:CHECKMYTH
15dY6t3yi3n5YeUUcN3HwR8eBhqwc6x4tqkJoM3UyAYxB18v:45000000000000000000:OKDOT:CHECKMYTH
16Bpry1CEoD4DPCcG2UPGB6A8SaEsNB15TDrCVdgeAJMpSas:45000000000000000000:OKDOT:CHECKMYTH
12ntMWRHCQBysuL5pCMtjKGVx2JRSJF8gs9RFmXf3g7NtEai:45000000000000000000:OKDOT:CHECKMYTH
12XnhRyKn28wDVsuWbTXe9oyXkBMwRbTPkR2L2ySwJajxgVo:45000000000000000000:OKDOT:CHECKMYTH
15x47oQj4vZ93wFXGvtJSDkLvkHUsWsu17HtL9pHTkV3oNrB:45000000000000000000:OKDOT:CHECKMYTH
16541WnZ3ytAuXZJa3nD6icYL2WHNXyRYqqe4WVu4nZ9UBge:45000000000000000000:OKDOT:CHECKMYTH
1sSJ4935bd7gWFTjuEz792rhYasDabEjsKmipsNsH2ezybo:45000000000000000000:OKDOT:CHECKMYTH
143Esi8PBkfCxuYC3mCUxsagwKw5UMez48ySsUFJvzd3R7nU:45000000000000000000:OKDOT:CHECKMYTH
15khcCMCb2aJ6b8vwjpDAFQ7zfmnafQ4KQZLT4Cyr1sRYPiP:45000000000000000000:OKDOT:CHECKMYTH
14EQRhG5DNmH4VhxBagL3fnEMx5yjeVrzfePJP1NSthnnFUD:45000000000000000000:OKDOT:CHECKMYTH
1344wZ3nSwJH3UWdPRbfKY2yKAHGMEqCEWM1bsLLDydBG486:45000000000000000000:OKDOT:CHECKMYTH
16aeCCFL2tMt1N2sE26nSL6qyAmXP6JgYSPEAVSipwcZuU8x:45000000000000000000:OKDOT:CHECKMYTH
1QhmH5JD9Ligm3wPVFbDGwnxq6WKYdC1xkSHJAnpjjZow5a:45000000000000000000:OKDOT:CHECKMYTH
12becrcZuPuAxdoe71VgE1pdUR8GMeJ6S1F533eePeq6EvMQ:45000000000000000000:OKDOT:CHECKMYTH
14scDSHvyqemW4nCMrhGsbHAYkaw5PMgBGa1T9djieS5a7u6:45000000000000000000:OKDOT:CHECKMYTH
13rMYYjTJDg47mqAJrVV2wwozJrD1W4qap6S7WBFV94x86ht:45000000000000000000:OKDOT:CHECKMYTH
12k6Rakx9eyukuUpszKoqLohw7eLnZjG6NwzZ2krSrbwWLQ7:45000000000000000000:OKDOT:CHECKMYTH
165ykngMdCB2bNrLQ9MyAQvFBB1LLeAccW1jTdXMo8kRDSNF:45000000000000000000:OKDOT:CHECKMYTH
15xxk9GWdrELe9LsWTGzbpmoZqqcdc6ZPiQPWT2FQ4kRn6Le:45000000000000000000:OKDOT:CHECKMYTH
14efJKzWUZ6sZMn8VSEWpt3CV1L6vhy7ruzB25ArnVGtyskP:45000000000000000000:OKDOT:CHECKMYTH
162xpXTs9PEpGSwsYAw1WzW8Nx2BR9XMDoTbSaaLQa1BAEUr:45000000000000000000:OKDOT:CHECKMYTH
12WHF61Gb1Yf24EZEBBcDbD2zJwkn5DXhTeUCjXWfxkXoHFV:45000000000000000000:OKDOT:CHECKMYTH
13ankwtDJpgpNiUVwQ4TUjh8DQU5PaiPLKFZXv7622J3LUBH:45000000000000000000:OKDOT:CHECKMYTH
15gJjNT3HNEpoxw7c8p6Wk5dhxrZKKghzLZcBpFMAGDH1v71:45000000000000000000:OKDOT:CHECKMYTH
15XGRfBv3gHgTQttXYSmzHx7cMhQbSPD54Eb5wgp7CPHUoM6:45000000000000000000:OKDOT:CHECKMYTH
162TYtEsSEQH9oAWhhj7mkXpjjjwsHX7S7WcdK65xYyU1sKP:45000000000000000000:OKDOT:CHECKMYTH
1fB2Sx37dy1pFy6RPZVqT6PPs3PYD9zYMrFBpmngzkJKh8T:45000000000000000000:OKDOT:CHECKMYTH
16SigpVUAhV4ee3abEPRGjFEW9mYxH9WNKLbt4KWoBwdoEGi:45000000000000000000:OKDOT:CHECKMYTH
147fDUFxmX9qhhUVoX7BaV6NEXYKcLGE5Ef72XotcrXe4FwJ:45000000000000000000:OKDOT:CHECKMYTH
14U8qejuWPWfxk3LW8ofzDzY1BtwryphQbpyZGLFHsL6RbYA:45000000000000000000:OKDOT:CHECKMYTH
13iF3Zw44Lm2dvHnSkdq71BpE7eXTrYHXenQeiLy37xmrSGD:45000000000000000000:OKDOT:CHECKMYTH
16NS8DiXfqoYjjRZ6MGQ3L8CWyhE3yCN3WVif1Dvmm9Zm9WE:45000000000000000000:OKDOT:CHECKMYTH
13kYYwii4pqcVjh3fGSBQuLgujgP84ieVNBE3rf99ikfMear:45000000000000000000:OKDOT:CHECKMYTH
1Qb1HwCPU7So7NapypEv2vLfj2mbofuS9qyGtJLHRCdG1Fn:45000000000000000000:OKDOT:CHECKMYTH
13j6KyfCEf6wLLXhkzwZjfjiMc948SFUKcaHjjX4HdDkwcvc:45000000000000000000:OKDOT:CHECKMYTH
16FpQW3ZQY7h1fWHTaMtQj42wLdcrFToBuFJMgX1rWxgfDgr:45000000000000000000:OKDOT:CHECKMYTH
1dkokmwJUbikMiYA4j4t48uQ7Em6wtHEgsvybcWJ1JBKbXg:45000000000000000000:OKDOT:CHECKMYTH
13Mx1LKPyKE1ycsM3Z1uouVnbxCKxnX6ib3PXJjxgd3SM1QN:45000000000000000000:OKDOT:CHECKMYTH
13pqYS19a6MRdkTicTRDCuPF24AMiPq7tXv6XHtL167GhC7Y:45000000000000000000:OKDOT:CHECKMYTH
13oULCjdQufAhY37H66TuCj23yhPkSH2SJWJXrPJeTqweh9e:45000000000000000000:OKDOT:CHECKMYTH
14QQXX3mrgyq9AV1iKxykP5ucZe9LkaX28FHdLfhr2MHdcdo:45000000000000000000:OKDOT:CHECKMYTH
13jEdVQPtyNyPof5zCY6vBVT2jZRSo9KzWpMuW6PsVTAA8M8:45000000000000000000:OKDOT:CHECKMYTH
15MRYwYEMWmkSNMs7KQP3J1JNYasQW4s7DwDiXmBzjgqzc4p:45000000000000000000:OKDOT:CHECKMYTH
12sNMk2dRWYxUyadmgewXpodK6vi8wyHeErsDUsD4HRgsNLq:45000000000000000000:OKDOT:CHECKMYTH
164ycGnG5F5qAGeMpZ57raCEqVPskjJPwN3idKS1vtgTZKBu:45000000000000000000:OKDOT:CHECKMYTH
14Y5839esYku3E8ZnAacYs8tHUmuEPEuHaebuGGRnMQhZex5:45000000000000000000:OKDOT:CHECKMYTH
14QRQLZkgtV891LoX7ay5pPPqwUqrv4S2xvLyyA9grLnYEKN:45000000000000000000:OKDOT:CHECKMYTH
162cug1HtFF3GKGAmu7d9qxfFiUxvdJTsNZPoiqUP3mmvcfC:45000000000000000000:OKDOT:CHECKMYTH
14JaaL73HmUysLiUw6i69MEuZYpAb6BWrNUxyxvUc8mhjf1b:45000000000000000000:OKDOT:CHECKMYTH
16kzem2Smmb5yGN3HC5owhY3Uv627cGfZzrEzFtzJvppS9Us:45000000000000000000:OKDOT:CHECKMYTH
12Tfk1ebiCqQymoi9bqeoNQZCrqhnWb9j1Tgigsvzs57BsEq:45000000000000000000:OKDOT:CHECKMYTH
15QYaLFVeqr7m1YTbR2BRnVFRRF38Sx4EfTmwE8MzkGfDt6r:45000000000000000000:OKDOT:CHECKMYTH
1GpqFx6Vyf815K6kpyA66zxogNM3zvfxPXW4C7mVfng315k:45000000000000000000:OKDOT:CHECKMYTH
1f15xZBieHQMkaaznuk7pxXTPaiQvXo1txN7ovN63rT2r2m:45000000000000000000:OKDOT:CHECKMYTH
155TXFrEuMBomaM8u7vpcuUUSkC665uLU6GmGPNQMnce91t9:45000000000000000000:OKDOT:CHECKMYTH
1eZurPUFg2k4v8moithVo4FQBPVETn51LZoWE2eneD4jBfh:45000000000000000000:OKDOT:CHECKMYTH
13odoBaPQ6U6scVDdrgDqKFnDPepyGNs8ZbC25aXnEPdAGge:45000000000000000000:OKDOT:CHECKMYTH
15JVY9Nh1VUA8L7HEVuZTYT8CaCqepN6rQpx5k9sywHbd248:45000000000000000000:OKDOT:CHECKMYTH
1582Fd7Zz6enBXnAbhFaaDwVfNEsDqtVrtNKoQZJqcfeR92H:45000000000000000000:OKDOT:CHECKMYTH
12EKzeZQKfzooiPTBp8fPHFxpkJm79zwnamjctmhwkdF5tmD:45000000000000000000:OKDOT:CHECKMYTH
15PzdJgmL3XBcfc9teyWDXJps3kWsT79sU8za5y4XHq3XZ6V:45000000000000000000:OKDOT:CHECKMYTH
13uoS28NrFsAejwU2HNpi3ArYfmKxyM17Hnz6TYxUpLtSkfs:45000000000000000000:OKDOT:CHECKMYTH
15UqmiRGymjEArmjyNZWwJw7mZaptkyx2itnEDQPLj22urto:45000000000000000000:OKDOT:CHECKMYTH
164rtetp4YKbWADjsQSqAkQiGZsJJSLiadtJmJY7k7s4ft1L:45000000000000000000:OKDOT:CHECKMYTH
15QNNr538nWd4eRoP2DEiBXTaWFuUTZxyYPvhCAu38GwsyuJ:45000000000000000000:OKDOT:CHECKMYTH
137HcbTV6VEVsYFETQ3xuQq4ZYYJgUx3NzxoU1kgxgQBouU9:45000000000000000000:OKDOT:CHECKMYTH
16UPJ5c5byzKdsrPW6ZCfvM3KMjF82DCW2BavTwtxu9how1Q:45000000000000000000:OKDOT:CHECKMYTH
15So6aqqC53uVBpaVXxqNi63nwQaZYuteX8YUuJxg8k3YKf2:45000000000000000000:OKDOT:CHECKMYTH
12Es6PiBvjvw8VhQbhH2LmhWMr74QD5FY1QMtBURKHjLMKa7:45000000000000000000:OKDOT:CHECKMYTH
1cHTh699WTEBFHp4D4k81iT7j772wemAc49ruwKxLe74TaP:45000000000000000000:OKDOT:CHECKMYTH
12R3Wgq16baRjSDi3yTLThgfGmBqv6E7kjDUuV6LVaH3dd9N:45000000000000000000:OKDOT:CHECKMYTH
14f7JgEr3qVQw3sYBhRPjZXEVt8vJSg8RyiqaHEsKTp7QYdX:45000000000000000000:OKDOT:CHECKMYTH
13sNsatPMaac7emBQdov2DtvyDpN81v4m5jG5u726xtxh9sG:45000000000000000000:OKDOT:CHECKMYTH
164diPE19WLMF4TiGs5eYF36MSE81USJoV5yv5YETjHHy57b:45000000000000000000:OKDOT:CHECKMYTH
12LBGQSGqYSyr1x6mEbRL6Cga7sRWqSaV9pu5tCpi82PVF75:45000000000000000000:OKDOT:CHECKMYTH
13k4ZfBZAPbwF89KE42gjm6eFRW6kxah3uK1TfyMcvp5bdH3:45000000000000000000:OKDOT:CHECKMYTH
15UwCk5e2qd71oXrrP9B9hp1YwXANrRWKkGR3vk6j1hnjfUq:45000000000000000000:OKDOT:CHECKMYTH
163Ba1ZeM6xoWDFkNc3VSgUTbajTXRDiZgmemHhJMNyurHne:45000000000000000000:OKDOT:CHECKMYTH
1H7iMMc4zsYa3ZGykMMqkZXG3cBmEeioRvBs9JRSFvNFSaq:45000000000000000000:OKDOT:CHECKMYTH
14c65kqDZ2T1PCY9qTWZYXwD4nmRJHL8vhoVCWAnR27ahEHd:45000000000000000000:OKDOT:CHECKMYTH
1s1DKwME1Ze5ggAGeP4BT4AZ5qDtBCe663T5giFjnT1txNV:45000000000000000000:OKDOT:CHECKMYTH
15Wbmcd9FAvC6nAg8kqmPGsbkxPuwWkK3DqNXFr9y3hQwM1Y:45000000000000000000:OKDOT:CHECKMYTH
13agSZ8qTbF7MaKCxHc3X4LqN9GHWHput7SoRh9wVDkNWPxa:45000000000000000000:OKDOT:CHECKMYTH
162s77JL4pZ49zokFUrYorywFJ2MChSHKNLLxyaN8oBcznqP:45000000000000000000:OKDOT:CHECKMYTH
16i25GaZLiFfViBa74PBN8JdzfFfb35WtJ5pXufwPrqaYGvN:45000000000000000000:OKDOT:CHECKMYTH
15nKMQe44F7YuvZ92oNJ9GMTfRZUxdfRRKvKB8zDkhJL6Dpg:45000000000000000000:OKDOT:CHECKMYTH
12Vs6Uv9maqQTBypVQnS7m4dMSyCDjM3sLSwTh9e7MZh84Sk:45000000000000000000:OKDOT:CHECKMYTH
14c3nAMpPi7q7obrU836JsmXee97BGJRB5FHj7KdQQABuQp9:45000000000000000000:OKDOT:CHECKMYTH
13YMNLiuV9QYMk8idQfcHeSLL4oQ5WzSh4c1SQ2x6qUqpaEQ:45000000000000000000:OKDOT:CHECKMYTH
15gziJsQ9AZF4oXtXqUobMGV6YebJroSxciPRe26Za9PEBij:45000000000000000000:OKDOT:CHECKMYTH
15iTKhJ7mHSNKeEASs379G85m1DVC3A4W1H9KEhngGuJpDXF:45000000000000000000:OKDOT:CHECKMYTH
16DqzdCm8rc2pZRzjMDWz3WM9hQaFDq1tDHUaX4EGw2adX1S:45000000000000000000:OKDOT:CHECKMYTH
155QK1xyosANyM1oxFX8V5sBJu4chGAt8CD3Z1zpFaYYjrV9:45000000000000000000:OKDOT:CHECKMYTH
14Z7HMy8RNqnMn4TcEXs63ixVFHoLuRkyoHBxoVttyERzWcs:45000000000000000000:OKDOT:CHECKMYTH
16H5atkEpDPsffKoAiAh5q7i9T1WtkLoYGqqTWthM2E9XoE2:45000000000000000000:OKDOT:CHECKMYTH
13pi63rgN3K4KvY4Pjp4uKYPDGLs4THBkpcgN77nugqb1YpC:45000000000000000000:OKDOT:CHECKMYTH
1gM2MkBCyeZeS6ry8Lc8FXT8EfxKHpBruB7MntBuNyaUENW:45000000000000000000:OKDOT:CHECKMYTH
14suWwhDV9Ds1n1suhaDWvW1pXkUoZZ4jMTYz7GymKBuxrZw:45000000000000000000:OKDOT:CHECKMYTH
163ghRQqHbxrJQwy1ed1xAcvbkhgFsuyz3A3TKFvjtmPfBmJ:45000000000000000000:OKDOT:CHECKMYTH
1mUY2x626ZQxrtb8JC5xTGrYxxU1zpfxXe5w3cZE8hfuy2j:45000000000000000000:OKDOT:CHECKMYTH
1W3fxqb8xTkZAf7WxckRJRebBvPsz2ivkbRUpEKSsny4j9s:45000000000000000000:OKDOT:CHECKMYTH
14dWsDtsacaHCCcCGAWyuxhY2U6YHKAWoxHGdn2E9QhewCub:45000000000000000000:OKDOT:CHECKMYTH
14woM8QPwWR6gHP1x86dBGo2nn7EYgQngTSfAWRsLMASvW5z:45000000000000000000:OKDOT:CHECKMYTH
13rp8ay7u3N6KD7xouWxKZ9TG7KQzNsqXTGCJjwftS183AZe:45000000000000000000:OKDOT:CHECKMYTH
14nnc3r3qy3X6BGBm7zx2MT6V2G5azJPrVpw12VUJmiv6rzT:45000000000000000000:OKDOT:CHECKMYTH
13ZYwBWGZziPAHjgTKveAkArapp81YMZcr144GhBMreswaZL:45000000000000000000:OKDOT:CHECKMYTH
153BNBmk5gEwTTYmxo3se6fMBhZnC99D3jzcWu46A5E6jXSg:45000000000000000000:OKDOT:CHECKMYTH
1UHLrUm4R2Pdmu6Gp66dS1hjZY1JLicCUvhScRMumig5Cmq:45000000000000000000:OKDOT:CHECKMYTH
15JjvNBXavgqCfcccHtCJiH8VWyXjiUv84vNcE6VAku9UfAo:45000000000000000000:OKDOT:CHECKMYTH
13ytByYRiMCRBw3KTpekNnquHgtEQh8qHSSQD2AsG31CtRYT:45000000000000000000:OKDOT:CHECKMYTH
12U1XzcYWt1D3wGBpkQ3gYz1wMRqY6j76D519VbqSrvhTvTq:45000000000000000000:OKDOT:CHECKMYTH
15DV9BCpvZAGiw7UkhNtwEsbQz1q7L8w8v9RV4rxK2DyTMBC:45000000000000000000:OKDOT:CHECKMYTH
1wJRysbvYMkhMeEgcVAg6AWNt2UcEReDkxLUSHkp2GFMrij:45000000000000000000:OKDOT:CHECKMYTH
13XLpnQLMJwg7G6yLEuEDNdyezB7UkQp9egA9fWn2DLWJV6L:45000000000000000000:OKDOT:CHECKMYTH
15YY9vXf48AAtZD1wpZpx5ALcxMWSUgu6ej8ziCviVMsieKa:45000000000000000000:OKDOT:CHECKMYTH
16fTZt18FQVL7jKGqshhyzVcA3UzwgDJNB5AetWKLEGFrcwy:45000000000000000000:OKDOT:CHECKMYTH
14Qo5dnikiR2NyJxseC4n85k7ef4AcUD2e5TZfQ3d2HPbhgK:45000000000000000000:OKDOT:CHECKMYTH
13W2fuXFUvoAuVgDPUxDBjBwTyUtLdv5dAK1DoMvimYsbxWn:45000000000000000000:OKDOT:CHECKMYTH
1uCsR4Tg9BYZ7XdAJTTdcecQU4UffG5uuGN4xXtu62K1AH3:45000000000000000000:OKDOT:CHECKMYTH
12eLnUgAdNUjfJ1HLikbFxwrZ7pBM63rUckgaZVqrhfZrPSu:45000000000000000000:OKDOT:CHECKMYTH
16M4WVNyp9WJzR4qDJuFzq8w3w66sNgu1arUqFUJDCtG8i5g:45000000000000000000:OKDOT:CHECKMYTH
13RhFgJjsbKFtZuQyGfs4XX521qxAe5rZjbTQuVAgZZrdZqd:45000000000000000000:OKDOT:CHECKMYTH
1ViSfTXqBL2ZXNoDbj4adgHoFbeeDU55siJYLxUeQt82Cpf:45000000000000000000:OKDOT:CHECKMYTH
16MimXhd2HSmiqGrrk5kx81rELeDbZ3vZq3itX4Pdi4W4uGe:45000000000000000000:OKDOT:CHECKMYTH
1LB5Myz57Fo46gs3SxEKQwVKe3A1y7S23q4Vcck5BRacWuP:45000000000000000000:OKDOT:CHECKMYTH
13QkrcPqkSjhG9ZiprESSJk8AxZsLywEf4xxrstW64eLBpKd:45000000000000000000:OKDOT:CHECKMYTH
14KoMsq36o2WczUm88eryFdAnjnUNtRzvhjEgjzppcxct6CR:45000000000000000000:OKDOT:CHECKMYTH
12ZEwF1KRQXpzwFzrxoas72xAVxtNERJQDZXK6qWj551xYKJ:45000000000000000000:OKDOT:CHECKMYTH
14rdRHEQraUCnEjKtKZad1SemoAbEp1c2mKRzq4vPs8EfqpF:45000000000000000000:OKDOT:CHECKMYTH
13Fx8VCtowyHz9odDx8gSZKk4FZR96VtWM7PQojKewdoYndS:45000000000000000000:OKDOT:CHECKMYTH
1iqMKK2ssQAsd5J51r1n2rmoChjatH83yhdLNvxvc81XT5v:45000000000000000000:OKDOT:CHECKMYTH
14GsRuBWThP3iCdc5z9PvyM6qmJCRP9yvWp5X5bAifpg8Mam:45000000000000000000:OKDOT:CHECKMYTH
14SvwrnKVYN5mY8vVzJJhvjcXoyzzDVPR11VFw7FTbrWFNz2:45000000000000000000:OKDOT:CHECKMYTH
13E9kak1kkZY8ioLT5mb4GkxCWTjxgE3W2qBsg9bXPu66gPF:45000000000000000000:OKDOT:CHECKMYTH
152hbWK9Sf2gq8iX5XgVhim7YpA6cgRzFNvj1zUyfoarX5aJ:45000000000000000000:OKDOT:CHECKMYTH
15MaUgRp4s4FLp2xw1cJXDKLcEaPKgcbZ8JkU5ikQfd5nusq:45000000000000000000:OKDOT:CHECKMYTH
1HLNWqmtxKrxpWDkABfjUy7Pucq68WmTWzsNAWjdvV2dcDu:45000000000000000000:OKDOT:CHECKMYTH
12Tf6KuTwazJHedWeVJpMwaQL2o2PgzkFrz6FoVKEJ6dEtuR:45000000000000000000:OKDOT:CHECKMYTH
19WvtefVWUVhiQ5BJUubDGQA8JCbqesY4fYqFe27pxCYiFa:45000000000000000000:OKDOT:CHECKMYTH
14jxQ4a3k7tnNs6uz2w2bHn71frdheyAJTv3mpDuR3gpcDRT:45000000000000000000:OKDOT:CHECKMYTH
16478hsMkbHiLwpgQmCD1tmzEX3uzkpsBQEWp72k3u8BX6mq:45000000000000000000:OKDOT:CHECKMYTH
12QujHmvsW53dM83JrxB6kZNaSSi9XYMaq5dqiqg52fTwNGP:45000000000000000000:OKDOT:CHECKMYTH
1FLWDZR3oksWJa35vFLQ3YC5LLe5JoVWwp12eEGBWs16BuQ:45000000000000000000:OKDOT:CHECKMYTH
12MfbCB61jSRpeBTDBZLTikpR6LCEC1HmtoqdpUPaPBgFJke:45000000000000000000:OKDOT:CHECKMYTH
1155sLDF49VysVnkGztvcWxUZJVeWv7dAVSryhQX4CAWCd5:45000000000000000000:OKDOT:CHECKMYTH
12PCtsTEA4dMyHFTyDL7MdVbiVhpfgyTmwCmTGwASS1RyTqy:45000000000000000000:OKDOT:CHECKMYTH
1F6fvJUnSVrsYWBUcKUvhWkiyFiyby4v4fuYsGsEJB5aN3a:45000000000000000000:OKDOT:CHECKMYTH
15ioiXKUcy7zz43qFfobDAYNP42SzBhf4vrwMd8uL8acYXKx:45000000000000000000:OKDOT:CHECKMYTH
15LwRRedn1n2hPJPrYoxqjZBDEfchFv888VngkpkCZq7Cjir:45000000000000000000:OKDOT:CHECKMYTH
12mxGJDW2VXZ2tun4yDe6r3j7hQagNU7y8z9pvkQ1xuD5r6i:45000000000000000000:OKDOT:CHECKMYTH
1aSp5WHLqTUZV6AsXNnSEAhmSQUjWwooRuiLgmF6Pg9ZaxF:45000000000000000000:OKDOT:CHECKMYTH
12jkSZTBK72hoxKuhgqbZngRz1RnDxnqepdztemN7Yzf5LFG:45000000000000000000:OKDOT:CHECKMYTH
14Vrwa3oH7TrQYi2g3DXt2HaJL4grx8o8JuDdA1uyQUzUZzw:45000000000000000000:OKDOT:CHECKMYTH
12M6sPPKgUfpo5UPDPHZ7mGeSCTah3QAaxYYC3XYLf2E4DT2:45000000000000000000:OKDOT:CHECKMYTH
16mmq5RGVSTGtxURGrthjLwoNKA7zUy2pKUqWaX6Ceay6Yd2:45000000000000000000:OKDOT:CHECKMYTH
12j9LZ3fRqQYFkXRBWk41irzv2GZj4SmRLiKDP6zSvfMSuN2:45000000000000000000:OKDOT:CHECKMYTH
14t956NTM1e7rmssRXeFehehq7EmUUYZqdgLTf1FzEQZkXo1:45000000000000000000:OKDOT:CHECKMYTH
12krkRTyChHqR8JXYGNrF2e5wVDUryxoMbbyiBPyjHqoNS1e:45000000000000000000:OKDOT:CHECKMYTH
16kNgo93sEKQDh1nsYGiFUZq2TiDM2jooptZFkj3B2Te1hsu:45000000000000000000:OKDOT:CHECKMYTH
1zV9G6K8ZvRvRXZezRDt5vaDv4ZnUvWbNPB2yyL78KywFPp:45000000000000000000:OKDOT:CHECKMYTH
123PNBPBbMcMxceoFN5EHztqbTNbUgHs3urEKB3MWtxWQWat:45000000000000000000:OKDOT:CHECKMYTH
16WfSqXFcWXotrcCMjSEVCcZ7aXupZ1UkykrsgSHpS9bUBUA:45000000000000000000:OKDOT:CHECKMYTH
16jAMAAapUw7Lv63zwR5ayxBpTx9eECAYPBWZ2M7EsxXnWBJ:45000000000000000000:OKDOT:CHECKMYTH
164ronyEtZoGvqWtZqSP2G8BGmto9jLx8mQMZUGd4zkd5XeF:45000000000000000000:OKDOT:CHECKMYTH
13LudonNLMCAAf47ktD5WWA5ET1gBzsxw1rPNqPfZ19GkB5C:45000000000000000000:OKDOT:CHECKMYTH
14Dg3yzuvmpKRa4ctVwQbCod62eMPb68x5FaSxAxEzP9nSna:45000000000000000000:OKDOT:CHECKMYTH
16H2agX2cBJUvpUpG96BF3ThUfayXoCNrMoNZduZpv5oJZry:45000000000000000000:OKDOT:CHECKMYTH
19dBo26xXKRm3FZr82GZLAybgwkFjs1FpH7njSrg1BKEZJv:45000000000000000000:OKDOT:CHECKMYTH
13LHgzq9MMZ7U51wL8UCpbHqegnn2DaYF1zYTX6anBmrjXfq:45000000000000000000:OKDOT:CHECKMYTH
1491CnUxBRktPitgeRQ2eMWfBwXRf6FyzRxiF7fgdM1ZKyQC:45000000000000000000:OKDOT:CHECKMYTH
16DyMLASCoiJbDaPe6mJvZTZGebFK8EyK8nct8dMA5wjPVa2:45000000000000000000:OKDOT:CHECKMYTH
12TzoiUcKyZxSur9MP4ddhPWD83WPBL6gzCWQYW7PnRL9Wn1:45000000000000000000:OKDOT:CHECKMYTH
15X6o9xLUC6kAF1YkRS35VBCxAPMK3hH4gRWz3oKaNRf5M3Y:45000000000000000000:OKDOT:CHECKMYTH
12cLL5fRkrXdw7Znvg3LL1iteWSWEAGeBsQkEMLBjPNyPbMX:45000000000000000000:OKDOT:CHECKMYTH
16dG122VZ9mj9x9nv5Sfv2CJbNLQHVFJ7UYZ2MVmu5xLYwJD:45000000000000000000:OKDOT:CHECKMYTH
1211bPM4uYznVFHxcmoV3o8rKRC2CwfFUvMerMd6poKNwdtc:45000000000000000000:OKDOT:CHECKMYTH
15g76kRUohgZcdFDFDW9KLqCwxEDQei4BkdzucmsZ7yLgGBH:45000000000000000000:OKDOT:CHECKMYTH
13dXniEVtx3d1AK1oTqYBbpdvHHimzMxyTceh7H1jZCBLPD2:45000000000000000000:OKDOT:CHECKMYTH
16ASeDSPjiwi2J5BgVeebvbGnRvGTQdprZQrxM5ybCoV6T7m:45000000000000000000:OKDOT:CHECKMYTH
13cpYUWZpqBc9YLz4VKxwKd2tER54i4D3XcPW3WiXzerZh1u:45000000000000000000:OKDOT:CHECKMYTH
169JqQhWMmsrTh8QFtCBuL1Lbyr1aziWAg5kRCsSSwvUooxi:45000000000000000000:OKDOT:CHECKMYTH
14vRZiYBqHy7n7bvRve9mWLPGy9CYBnn96gTS7ENPa2Rwunu:45000000000000000000:OKDOT:CHECKMYTH
12hLN4ucMvQdEHgtnVDiZwSWNZ5vwJ6GRCboxHqFhwZUVnRS:45000000000000000000:OKDOT:CHECKMYTH
157nUKLVzLw47Tfa8dnk8UdQLL63AKMvREyjggBZiY2gemzr:45000000000000000000:OKDOT:CHECKMYTH
14ReWezSPMbzYKfi6afWquQMYJexSpk3qSrrumxceq5Guo7a:45000000000000000000:OKDOT:CHECKMYTH
13TWsU1NywjpJJfQP9bWwUABLwmMe1TyHKMwgG1DCtbJY7yo:45000000000000000000:OKDOT:CHECKMYTH
16aAKRxtTF5sErYnnLbS5VwvTvGHLKEt9TQHxqeNDwo4KeH4:45000000000000000000:OKDOT:CHECKMYTH
14H4RCYhFC92xoTkqb5yxrcZ8owJxKhgcGobZgHHPdRZaLJk:45000000000000000000:OKDOT:CHECKMYTH
12pwSnCxCQ3wSMeTQLrr4UYsoaPnQv1qtMjHqjjQrPQvLasK:45000000000000000000:OKDOT:CHECKMYTH
15ybYRSjk96WvzD74EHru3cXZQ886GsbJGcqiaSr1EsaLreC:45000000000000000000:OKDOT:CHECKMYTH
15y1S8jb2JSnxFykgspHG4ZfTQsmYCPo4zEU7YWF9mQUZejT:45000000000000000000:OKDOT:CHECKMYTH
14dxhfwdcnYU2f85ye1mpU9VHUfE8rK8XiJj75wyzMmT5pCY:45000000000000000000:OKDOT:CHECKMYTH
1299ZsmUdY1zBsJ3W6ZwtnngqvyVxi2jhYTCSKM1wzNxsjN1:45000000000000000000:OKDOT:CHECKMYTH
1685gWwD5LAyHxuso1ssTBvQ2T9wAmwVj3unyLxEG2m5iFtW:45000000000000000000:OKDOT:CHECKMYTH
15rAKZ46fhsuzNRzmR4oHPAp3uKEnpUiYURm74w4hsnvroA6:45000000000000000000:OKDOT:CHECKMYTH
13Vc516Ep1SPZVunuWJ4d8RoVH59uqup7TJUNeSc7RqiMoV1:45000000000000000000:OKDOT:CHECKMYTH
1UxH1Sz3wfm498qEDpKTHnh37333v7L4TSfJs9J9mFpJLW3:45000000000000000000:OKDOT:CHECKMYTH
13U1ykErHAHa7vaBnxj3NAGBKb1y9FEUizmomjLyBfvvF8NV:45000000000000000000:OKDOT:CHECKMYTH
15meEu42yjwCp8pFQK9VAJ4ApWuvDDqdirSF58NBXAbxFRbR:45000000000000000000:OKDOT:CHECKMYTH
13JeNG8J3UCcZuU4mpCWMdv3hGGcad8d6Qj3Sma6dUfKtEH1:45000000000000000000:OKDOT:CHECKMYTH
1RBZBhRg7eJiP4M4q8dUnEJ8NLqdFiBYpPPQE4qvm1ykUkh:45000000000000000000:OKDOT:CHECKMYTH
12CMtHtqcPGGaRL4SKeNZgx41Jii1CzhgSLNrfogJisr69wq:45000000000000000000:OKDOT:CHECKMYTH
15FBBXEzausf8CNJRaPjF2LJmNUVF5YrEFGB3HWSPuRWyeot:45000000000000000000:OKDOT:CHECKMYTH
1rGNcU4nUUgkNToRG1vkFNUiqZLs1vrgRX5e3NEMctNBgvh:45000000000000000000:OKDOT:CHECKMYTH
162QuzNzGvzZGd4WySxjZAmwC6hJLFUfK4wfPmBnpzuZqEfb:45000000000000000000:OKDOT:CHECKMYTH
161TqhB4Ms4uSKtZcfeRf32gECxbGvdpSWLSr8jaFwmPfosp:45000000000000000000:OKDOT:CHECKMYTH
14zxk2DTK8zqgHoVRmZyxNjCfMvVC3MkoBLtr8xQcWGe3ezn:45000000000000000000:OKDOT:CHECKMYTH
1pzuBTZdAWnwWqMCN9dWR967Za5SU5b4HE5ggXDDbbJp3yF:45000000000000000000:OKDOT:CHECKMYTH
13iZXxYBsTXtmSVNdg6bmSKZHwUWzBEMhFAPsAzXGWJVDL3m:45000000000000000000:OKDOT:CHECKMYTH
15jmpD1BE9H4hVThny2p8EjQc7ex3BnW9C3Vm5RGFNLxDNe5:45000000000000000000:OKDOT:CHECKMYTH
14uVGoQeE6wD1opYmQkt1cMAiVvxmGUopsdXoDtPu1XP1m9x:45000000000000000000:OKDOT:CHECKMYTH
1NJrJBgbfcossfCh6Qozi9da5r9oUs3PXAA8sLMZpwgSTaD:45000000000000000000:OKDOT:CHECKMYTH
12Z6BPoMW6yGM23P4kM94YxBYgn3eJ8K4L6SucRKAigKENBD:45000000000000000000:OKDOT:CHECKMYTH
14QgJ1w2PAGx7U8sT2KhAjkiHADPV5P6iwrEA5yuPFBi3Ft4:45000000000000000000:OKDOT:CHECKMYTH
14oighVg5nYn2En4EqaD9QrzqYLsezZvmgE6yEEtwt9JxjrR:45000000000000000000:OKDOT:CHECKMYTH
1eFboZsdfPDFEmzMueonBeCAyj14NFhN3sYcpvVaLKMZURy:45000000000000000000:OKDOT:CHECKMYTH
15DPLE6UfYpkYhFiV2uQP1ZJV4NNgHFpWai6FGTzNwuS2Zbv:45000000000000000000:OKDOT:CHECKMYTH
1t6Z4TY13s2g4Rh8T3NW9kvGYJW4QP8XBuMEyr3GSSMnRQF:45000000000000000000:OKDOT:CHECKMYTH
14CgzrXfjrdBbNbQD37ePN8Qk77Xf9FdqswAgaM4ffTre22z:45000000000000000000:OKDOT:CHECKMYTH
1dum9dxqaE1zbXTtgkPFQmnE1hKpU9JXAuDaRuba2dGRVej:45000000000000000000:OKDOT:CHECKMYTH
1TLDSbVUKnDNeWVgUX6MRLLHh2Akb2HN2Xjtnfx1nhqY7Qs:45000000000000000000:OKDOT:CHECKMYTH
1mkLuMTiZnmNmdHzvW1ErjgAx8SkajmrEn3RcTvEjRj2QFp:45000000000000000000:OKDOT:CHECKMYTH
13UVJyLnbVp8c4FQeiGLNbiPt8KyaBbHUNdJ1UPbmD8rYiZD:45000000000000000000:NEEDED:CHECKMYTH
1CPcdWqn6zJyQPzggpHoUJmMcnGkj56hJXo1AyhHXScn5Qe:45000000000000000000:OKDOT:CHECKMYTH
13VMJYSqjSbZfMM5UUMYT4j2kVhWqf28KaVnJp4wQVATVTL5:45000000000000000000:OKDOT:CHECKMYTH
1UQ46Eay43jFE16DcFMdefWLZKEPYi7oPnbBAiMATLP29w5:45000000000000000000:OKDOT:CHECKMYTH
13uKRBSMdWkZfXdrcDfqCGi9CAPAa5QL9ufZtKxdbnmcJaVD:45000000000000000000:OKDOT:CHECKMYTH
15yPJaMfZCkUGrNDLAk8zLa6Kt9tW3Rcyzin4uCcvbwwPAQq:45000000000000000000:OKDOT:CHECKMYTH
13Ng6DvJTyFjuojBWqpP7URrWzyXX8RBfSvjAbcYdoMi5UQ8:45000000000000000000:OKDOT:CHECKMYTH
1vHwGNndeV4tzrH53dZ1BarJGAj3cqeW95wN85U14Dtwjty:45000000000000000000:OKDOT:CHECKMYTH
13UH5HWHa1t9aNuf3tFwSsMqWskeTcJdgHKLvush6ZUufhBS:45000000000000000000:OKDOT:CHECKMYTH
1CiijHS1mt6j5pbA2WjXfJ9cw7VrqDaZRnjmCMCMBwbwWzt:45000000000000000000:OKDOT:CHECKMYTH
12Pi5ESMmEipk9zYCkyPeeKgEeNdyL2Wfdy7DciAQBAqn2JR:45000000000000000000:OKDOT:CHECKMYTH
1VqPavJRLs1qb2bFY99b3SYsjww47LibbwGK2qw6H5H2cW8:45000000000000000000:OKDOT:CHECKMYTH
13QZftg67fDVGRRyV9Scpj1jRr85sqGA8VUxWuCdthfAVsGi:45000000000000000000:OKDOT:CHECKMYTH
16LNqp5UMMGeHAxP1rBra3vkEyKi45WzMq6h81CYjHEqTeQH:45000000000000000000:OKDOT:CHECKMYTH
1UFvV5pE3JuWDvRNJ8ToDacPFF9tLF5ifSUCGA5eScF7m1C:45000000000000000000:OKDOT:CHECKMYTH
126D5huGpuxUfH3qr3uYRZ7kqkgtA22AFatRf9k86CNZhXAB:45000000000000000000:OKDOT:CHECKMYTH
13mCvJZXAq1zZ3UG6CUThcY7qc1AhADB7gaAocLYDRsoMCwM:45000000000000000000:OKDOT:CHECKMYTH
16kGzYH3cGyjM3NPuTPp2Soqf59yrpPfxP2EmucAmqbecbix:45000000000000000000:OKDOT:CHECKMYTH
1NSrqxJdEhce4XnXPXTS8ujkePZjq5ovn37GHzjFFFbZo9t:45000000000000000000:OKDOT:CHECKMYTH
12C43Ei8ew5A55bFayZ8aP662Re7Jb3buAiQv2M589xRymWs:45000000000000000000:OKDOT:CHECKMYTH
13jxfZzKcTmWhvjtBnzGYpM5SctDKbeCUBkFZQh7fwYZvdpC:45000000000000000000:OKDOT:CHECKMYTH
12Hooh9L5GuBteRMdhjgwiTdenyskhCBh65ctUef12nR3V7K:45000000000000000000:OKDOT:CHECKMYTH
152a9dARwnukgM8rDr2CP7fCjUy8ZHJsPJptLnZVQUnuqCSr:45000000000000000000:OKDOT:CHECKMYTH
12j81koA8hsPV2sifufbJQW5vpAAj3LJRpQE5PuALhEWCvv1:45000000000000000000:OKDOT:CHECKMYTH
13abo7q5rxLSg3ttMtwv8rStATLgC2RXMZLxXUHtPnUrxKbW:45000000000000000000:OKDOT:CHECKMYTH
16f6RReMemiXQJ6KudsqaM6hUtwMr8RqyznxskNbymZP95CD:45000000000000000000:OKDOT:CHECKMYTH
1b1Jka2eR9sopFszDnczPqMR6ePCR2QDysooM3iHiPFCana:45000000000000000000:OKDOT:CHECKMYTH
12M5WaNPi5QuQEoPfYx1KVdsy2qhhBwRpV6NxMw3SXbq84wC:45000000000000000000:OKDOT:CHECKMYTH
12ZBPiM1cdmsp7xChoM7qPppRrAFjpkZy1EvHyyECNxWj4ZF:45000000000000000000:OKDOT:CHECKMYTH
16AQYSfC5kiJTSwzX1pRLNvPvCkSFNC7LAtcijodhW4PiQze:45000000000000000000:OKDOT:CHECKMYTH
14trxaCgFH3mKYs9Dx4KfkkfpRCbX7xWy1gchudhLyur3asT:45000000000000000000:OKDOT:CHECKMYTH
12TJ65YHAoNwUkefpCUudhChe4qYembmtZGiYrdNByGnEkXY:45000000000000000000:OKDOT:CHECKMYTH
12TEFnqJ6pTRfgeNp4idpNJqTrzN6vhqkFW5aNPjANtddfz7:45000000000000000000:OKDOT:CHECKMYTH
12kE5d4HgXDRmTZMXTZefPfmUfSd9ZdS8HiMSHpPAvU7FAwy:45000000000000000000:OKDOT:CHECKMYTH
158qRQoaS6sR5yt4kHisYxW2Zantpds9z6CvVAocDquAY2oA:45000000000000000000:OKDOT:CHECKMYTH
12YGmyyW21xR4kJgmvdp6DS397BLH3S3TqCFULdWKcUtoVZw:45000000000000000000:OKDOT:CHECKMYTH
12rqSuymAJ11H83itDyBpJu6HrE6uAPPJ9t8bB2qXevFC4Yu:45000000000000000000:OKDOT:CHECKMYTH
12KEY2MGgeAATkQySL6qN4bciMt2UQpD32Av1CbNmhNsMUiB:45000000000000000000:OKDOT:CHECKMYTH
14FdvtVWHF2siSnXeUQtWhx4H5DcK5P8K1PoEiA649zBXcxQ:45000000000000000000:OKDOT:CHECKMYTH
12zUt9PAUjFE8shffAFCAuRf5FndAhxPTHdiboQY9oLBShNQ:45000000000000000000:OKDOT:CHECKMYTH
13iPNRv1ZLcstEoxurygKykLmPCPhPnctp9icz382gADJoPV:45000000000000000000:OKDOT:CHECKMYTH
15Y6NDoQU57GoE4p8StfzC3qgeMtSYo7uRuKC7LoctAAcU39:45000000000000000000:OKDOT:CHECKMYTH
14UZm4NePngfQzfkvHYoiBRJ2nwwQVsRv1PGW2L5RoZGRdD8:45000000000000000000:OKDOT:CHECKMYTH
138H5wpkQsXs96ScPhpjTR5rCQpyiUqnppudAkcko5fDohrB:45000000000000000000:OKDOT:CHECKMYTH
12LDTp2yWw1EKX94WirbZSsKzbu9DWpBuDseeRXrZZH9eHtx:45000000000000000000:OKDOT:CHECKMYTH
15w6pdKy5HkNiRm6gWyCKottF414vzffRwgVA1nNgDGzCK1A:45000000000000000000:OKDOT:CHECKMYTH
129KquDtJAFdCNcvSjYT6Yn9VuUpEpsWAN1vE2RYDcaxkXXP:45000000000000000000:OKDOT:CHECKMYTH
13Av7nB1st9XdoYxvfvv6p5G97z4txGqXbuTscKZhy1FVeHJ:45000000000000000000:OKDOT:CHECKMYTH
12ECnD6QznKF9z2eE6Haa51TSh252zwemEZSywCSSzbm8zre:45000000000000000000:OKDOT:CHECKMYTH
15u2a81TEf1AC1aC7HcS9L42LJcdhVTcwz5vTjgqYSyZc4ET:45000000000000000000:OKDOT:CHECKMYTH
12xAACSDpDtW77Pknzi9jC4fF9se8TVv1x54EGRWC6om57dE:45000000000000000000:OKDOT:CHECKMYTH
13EkkgYAD659KZADvpQbPVc5ujRrYdxRHQQrSsCXhRArQ7Ak:45000000000000000000:OKDOT:CHECKMYTH
12bH8JtmsAWxppEJqi7uor1iafZiXvnsKswdgJHBYbYJFAPn:45000000000000000000:OKDOT:CHECKMYTH
16fJLj1FxaPpR6dyni1kBtQvum1gB4E7s1Hm4cAXNHkoWFjh:45000000000000000000:OKDOT:CHECKMYTH
16kzKbKQjCkHEhC8cQyhFGrXadbvWkuQMKM8aET19qEEaGxX:45000000000000000000:OKDOT:CHECKMYTH
13FxenWqE2nxgi32s4EUhqrDGHSLf79ksNmXCXVjDG9j9jPG:45000000000000000000:OKDOT:CHECKMYTH
124gk6wyrWrKTmNZJBSAdrkQk9EbgNF9R1ostv8ZbQEDwNYU:45000000000000000000:OKDOT:CHECKMYTH
16V36kp9RPRgfHddjB9Kee7BaCkfdJbFsyQ3HGTMR5txfB2d:45000000000000000000:OKDOT:CHECKMYTH
13SUksBJtfdparmkFwK5JSnfaWJkctsX8ooK4SpEr5UEPQnT:45000000000000000000:OKDOT:CHECKMYTH
13GdBrnyzKZg9jPX1cH9kXLBCui1NeZaQ49PsrjkmWLcnBoS:45000000000000000000:OKDOT:CHECKMYTH
12BtR6wkKjXArGswWwLBpK6g4zm9dcoojBLT35f7btwf9qXh:45000000000000000000:OKDOT:CHECKMYTH
12sBapjhgmQZFSWB6iHAUMwyLnS3bFATEidMFXXdcqgBfawt:45000000000000000000:OKDOT:CHECKMYTH
14qd7Pn1ZMYvBjY14YFy9gusYchBwnN83AmacX728HXFefrr:45000000000000000000:OKDOT:CHECKMYTH
13GFkf6E9WSQ6wuPyCup6LmhMpRBxgqxLonhgUUwD8m28FBm:45000000000000000000:OKDOT:CHECKMYTH
15vwxevzFjHdHu7XjDqWSqiTUEEAyR2d9MdfpF15Cvig4QxB:45000000000000000000:OKDOT:CHECKMYTH
1j4rTRC7LfxutXRtNjVwcwPMz96bCYFhkLFUsjLxvMGTJNS:45000000000000000000:OKDOT:CHECKMYTH
12RpxpPuseFNzff7VXaZqFgfnzh3XD6Sx4ChfYcUfHFeTu4z:45000000000000000000:OKDOT:CHECKMYTH
13GtkYkyijCBpxDQ8szMW6YkRaTdNxfMTHTZioeDLhJoXMtn:45000000000000000000:OKDOT:CHECKMYTH
15VCA9wNjtC1fGf1F7L2SdZxKGwdAoYoLQHLZs5Sc7zpDV7L:45000000000000000000:OKDOT:CHECKMYTH
13ic3RaBvFkuquVVcb2yGSm4Jj8zAVnsgEfyax1tA7RE5hc3:45000000000000000000:OKDOT:CHECKMYTH
15UYrY5k64S2upPwhTvoYbR4Kf5i7V6kU4QiRFWAecH3DtA1:45000000000000000000:OKDOT:CHECKMYTH
13KSrLm9Q7WKQaLzcBSaio3S8297Z5KEpXSeeYjrL9psQnTV:45000000000000000000:OKDOT:CHECKMYTH
13fP7g7t5EiZpo1rGFgciRnyKB1mPzZ56spiD6DHeVW6vCfj:45000000000000000000:OKDOT:CHECKMYTH
16Po9vuo2pd52qW73zfbW2EbZVwbzAYSmkqwbg5UAq3UMroe:45000000000000000000:OKDOT:CHECKMYTH
14viTQkCCkAHjKTgny1YRqPWQtdjkoEAxiGitdrXfqeNSZ4f:45000000000000000000:OKDOT:CHECKMYTH
13MdC1dYqWT55R1YRfei8srD5bE5JAqjSntHvCzgxfHfsaR9:45000000000000000000:OKDOT:CHECKMYTH
12WDK1GApKpAyY8ehkRRePc7eW6sR75oiRTRkf6zvheVTC7z:45000000000000000000:OKDOT:CHECKMYTH
12Ps1wyscfqeD7bp9RrUnXN6DALNRk1Z8CCABhc1ZVvduhY4:45000000000000000000:OKDOT:CHECKMYTH
13DfNRzA7EbBozyM44fw3yEJa1KMrTeyDmcHaKNAwKwSXgPo:45000000000000000000:OKDOT:CHECKMYTH
13qu7MjBPASLrssxNmkZzW2YaUx5q4Rt8PQhoUmXQaUGjVE2:45000000000000000000:OKDOT:CHECKMYTH
13deV9Zf9ryiquXnrqYwJqcWzYUBVemYzejpTocZqkB6Gdpc:45000000000000000000:OKDOT:CHECKMYTH
12CD5UJyV94ZJxeRmSpJBKENTTyT2qd4fLDGFBNSGrcTxEVk:45000000000000000000:OKDOT:CHECKMYTH
12yCTUmAGbwMdAtSAGrNB3Xp8ExTGMujGSZYVy9UMvsbapFX:45000000000000000000:OKDOT:CHECKMYTH
13TFDvyHgHidhjcc6WBXkCw7X8wtVAn5d6mctCUDguKHUnfz:45000000000000000000:OKDOT:CHECKMYTH
156MVgt9PzZUgrz8z88CvioceCZ56V5AFZebHtPDz4opii45:45000000000000000000:OKDOT:CHECKMYTH
12dugJ98Lyp9cpYmzWtRqsyJvpPWkGrejL65GvLrVaoLm5o1:45000000000000000000:OKDOT:CHECKMYTH
158ujLE13GTBviALzdR8hptkkwzSTeLxtX4jYjFH5zKLU7g3:45000000000000000000:OKDOT:CHECKMYTH
149U66Gm1gDwUnQkoF1o4Q36jKxBCDg2KoSJHPmf7DLBHSgU:45000000000000000000:OKDOT:CHECKMYTH
15Jn6KQJJWtVxevudTFdLTAhjw4LUrGQBBgUSqsp1wBsVpWe:45000000000000000000:OKDOT:CHECKMYTH
12FXAm29baYN4qCErSghG9DseLHKrQjdGie3bL3enrb661VV:45000000000000000000:OKDOT:CHECKMYTH
16KkZiUkgYW2tuRqTeBZp5pEY2Nbu9J5oVqZpaK48NyN5wRu:45000000000000000000:OKDOT:CHECKMYTH
14Bf9DWDFVoMyv5JAzu3y3fKhwHFwCQPgLVTmSC7QpS2q4aZ:45000000000000000000:OKDOT:CHECKMYTH
12gRCd1bRNDYc4QxiawQEhUas49covX37FrvN1tyd3W7DL2P:45000000000000000000:OKDOT:CHECKMYTH
12gxbzq5ADNJW6Ru8L74R3QJcS6bPArXYoPN6rWEWH5QPC2V:45000000000000000000:OKDOT:CHECKMYTH
12GWLZLsYxXqRAuhU9GAH3PnPMdi1cawnZscnbJtceT9zqY7:45000000000000000000:OKDOT:CHECKMYTH
14BoMSwxeq5xwPsZ6nBoXnLL5Zni2T3RN3GDXLP2MKASRYaN:45000000000000000000:OKDOT:CHECKMYTH
15FpBZKwA5GEuBiBDTTknGQ4U1YRytom9D92rQujd8WaE2eM:45000000000000000000:OKDOT:CHECKMYTH
12hFfC6YKSiAiPNJFHtwxDWUGiKLyxFTe6mynLh7L1RSCKtg:45000000000000000000:OKDOT:CHECKMYTH
141pHWz6MLB9mBCSCAugairDcu5zmW2mcAxhnVKNuoPedYMS:45000000000000000000:OKDOT:CHECKMYTH
14Kr1tVx8PtQZSghF9XLWScDgzczFzXEQafBpmrEg9ptvVkD:45000000000000000000:OKDOT:CHECKMYTH
13RArN1EAzmwwtuvHE3jHoAYGDGfbnexVkrmnm8Xa6EasEm2:45000000000000000000:OKDOT:CHECKMYTH
12KuaontLm6jjUoNgFVXi6K7W2a1WWUxa6zqU2ecX7BCiVRj:45000000000000000000:OKDOT:CHECKMYTH
145gpCFVurL6yWAd3ZvBBDmeEfg5jy4DfgrQ2TuxzQDTyqbZ:45000000000000000000:OKDOT:CHECKMYTH
14kxwF47TaagfJxEFGaKJ7wytsUphDShj31bw1Vi8ecBjJxL:45000000000000000000:OKDOT:CHECKMYTH
12jTstytQWyEb4BUK2DkbnBLM2wj4vbtRFy5VV3ZLyPW5V8L:45000000000000000000:OKDOT:CHECKMYTH
15D4e9vjPbsicGgQ2nrq6cteuEtF9UDpkB71pTrSZQCHzZtD:45000000000000000000:OKDOT:CHECKMYTH
1hDDmVH5BmbxdY3JNbx9cPRB57timP37BCNSivjsjEMGybv:45000000000000000000:OKDOT:CHECKMYTH
14QPh3fCG4kfQRUWFTibLSwKjdj2YJY8Nvps9BbC4tigo8y2:45000000000000000000:OKDOT:CHECKMYTH
1481KagNA6G52rDFDZmntLJ3qyfvuq4Dck6JPDe7hLCcdgmF:45000000000000000000:OKDOT:CHECKMYTH
12PLVfzX8tXh72NrD4wPBhZN8uHx6Anj1DGuC78K6HTUet4i:45000000000000000000:OKDOT:CHECKMYTH
1KsnmLanv2iag2HGRQqL8kKscq32G784uQpqHXTGR94ayx1:45000000000000000000:OKDOT:CHECKMYTH
14Qvg4Nknxa2VBmBooGk5Qw8P737E1fPuZJRR2Rpjg5Mp4kY:45000000000000000000:OKDOT:CHECKMYTH
14dA7s3vWBCnDnypLq2jPtk2Wx8KN8bHZqMimXLLFbw9NUPy:45000000000000000000:OKDOT:CHECKMYTH
12vpW5dXbAeZnN8S9x1U6CYTcezuC9gaA48umDsmhDDonJB3:45000000000000000000:OKDOT:CHECKMYTH
15DMBtXdwjSJafNmA8cmZXYdCwwwnZa6uNQjm1JShdcqxf7Q:45000000000000000000:OKDOT:CHECKMYTH
15Jycfyazwx725a3GchBijtGJR8Ukn4wrnneDxqqEhD1Kaaq:45000000000000000000:OKDOT:CHECKMYTH
14DNh3wtjaVmkeaYfvTR7abaF8e1KCVijnVrfxbd9HsCe5ry:45000000000000000000:OKDOT:CHECKMYTH
131i9BcwZg36f2w2a8RgBrL4bZtfqUDBNCxsbZ55jCHXTrrB:45000000000000000000:OKDOT:CHECKMYTH
13YzwuogQ6T46d4uNtMrr6P9Av6qFewSVET7uHsY1EeiWJn9:45000000000000000000:OKDOT:CHECKMYTH
15LCDxDcvPThpikvGeXCxPoqQLPAhSN5LR1nov3YxV3vGNbm:45000000000000000000:OKDOT:CHECKMYTH
15fjPCfcesv4TvXq5kquSd2ceC7Tq8ebcEZn8DGVY2JiBJwQ:45000000000000000000:OKDOT:CHECKMYTH
134Mas3wCLnEW1853mzAS3Kqy4d3oRfZ2peji63jGSfR9LCC:45000000000000000000:OKDOT:CHECKMYTH
15dQ1vHFQiHcPkrCjuJqTcUqyBhvNMcnZzSRLmepLPU9WcQF:45000000000000000000:OKDOT:CHECKMYTH
15ngshHeMdVUifX4txkrGLvUN4AUCKytfBRQA4jqHtFQmQEN:45000000000000000000:OKDOT:CHECKMYTH
159K5qa2GxUj8YQZmgqk3BuLd9a71deecDuD4z6AS4jkiaY5:45000000000000000000:OKDOT:CHECKMYTH
134VHiAFW9JqtQPwGEifjHqaP9XkGns2AkdsZa7Z4iJ1Tavh:45000000000000000000:OKDOT:CHECKMYTH
1568JczkvowbNK1TJ6Ziv1bZMvQVqsHVFULs6PuPz5HPm8xL:45000000000000000000:OKDOT:CHECKMYTH
15Q4JwvbrU3wiE3DdBsY9p79szYDGbranMqzemPRMeKr21uS:45000000000000000000:OKDOT:CHECKMYTH
15667kV3Wz67Z9RjSoFX4CsyYsDzSyWKDgcGrYCNZ5xM43qb:45000000000000000000:OKDOT:CHECKMYTH
13aKrhYQmVfXbUaG8UVgD4vwXVMEBbgvRdir2paqL6Zznbii:45000000000000000000:OKDOT:CHECKMYTH
12pBtJy653fjCQjPc6wUpQvbxZQhB45s58332jcGZ5grvXDM:45000000000000000000:OKDOT:CHECKMYTH
16KswY4q2hGQxepVzyadvDDXrAAkjhAv3GRf2R2c4R8FPJvQ:45000000000000000000:OKDOT:CHECKMYTH
13NCLd3foNpsv1huPDzvvfyKh37NEEkGFotZnP52CTR98YFJ:236000000000000000000:OKDOT:CHECKMYTH
