12214omDCSgLf8vu2AWGt4iyBSh2NS1pSyGcuNZqQ8bjX1ju:45000000000000000000:OKDOT:OKMYTH
13oK5vmAEjz4NLGNhC3ArZdf7i5Emxg6WuxJokCmvQSsWWzf:45000000000000000000:OKDOT:OKMYTH
16THvRL1yYsQxrWt86bngXa78ToY8X9DWVbNN95hAXBLNuP9:45000000000000000000:OKDOT:OKMYTH
14FPpQRVEYCj2ARgUioD4Sv4xuUGYpYUi7fGQmoZHTuDsEwA:45000000000000000000:OKDOT:OKMYTH
15rgqWEQnERBdctQRBApho84B4DZRmq6d9YRVfYESZspCf1a:45000000000000000000:OKDOT:OKMYTH
13Pz6WHcgoqEfUsNPM6mSd5pdGH6uTyHSCJAeiwZfrDiDskQ:45000000000000000000:OKDOT:OKMYTH
1uXUURPfR6i7DNgRtmPdLKd9F7QDyzRyD17wi67BvQkjLbD:45000000000000000000:OKDOT:OKMYTH
13NmiCzwFBCFRHAvaguJhHMRLG5znQWqvHzfWCSnkasMJad3:45000000000000000000:OKDOT:OKMYTH
13MfYgfodTypEhDhtGijM3psXWXKJL8NheDiMoxVYTgYuJFR:45000000000000000000:OKDOT:OKMYTH
12U1UMrt4xXgxLz5frkModFQBX1ooPPj8M4GSNeF6zNJ2dE6:45000000000000000000:OKDOT:OKMYTH
14NdrnMN8eojqJtd3wDjj992sFuScfPyJDayBjQaaauAH1G8:45000000000000000000:OKDOT:OKMYTH
14FzMfj4xCMBQVNXyT1xb37Vyv1RgDPSULMBLh11a66Ra1oU:45000000000000000000:OKDOT:OKMYTH
13oZDc9hunPv2eYnHfNFMdJyxzjvUPf44Gu14j5e4hXrcBc8:45000000000000000000:OKDOT:OKMYTH
13KVe1fEGQuGJ7Z4RwnNRtKMd1zHgv9LQ7PkcV7SrAiG2ozW:45000000000000000000:OKDOT:OKMYTH
15iZLRLgdScd8zpDi1CVa7saH1XKHYj2VHi8SNWB4cXz2a5c:45000000000000000000:OKDOT:OKMYTH
13e9sAuodDynESSdx2zktuV6wjFuJgQrLCug9txftRShhsZ3:45000000000000000000:OKDOT:OKMYTH
14NJAg2Y92c2HRZzneTKsXgYQ13wLj8ER1hJQiC2S2AxfuVf:45000000000000000000:OKDOT:OKMYTH
1UdyppX9xyqCBvZc3HBGBNZPFVHroqzC3xcUTqS1J1Hr1qs:45000000000000000000:OKDOT:OKMYTH
15VowWNpHabBM3usPjfB3oN1QjV95rgfJebhdpNLfv1PDwGA:45000000000000000000:OKDOT:OKMYTH
1J1oy3a3gXB9Y9QkQPfyMnj7jqtJqPTTMCr2mC9yCfWhXzc:45000000000000000000:OKDOT:OKMYTH
12h6M3gGBbYH9efZ8GQcnCiRaLDaFZPKdWPHWKNCjkVyKec6:45000000000000000000:OKDOT:OKMYTH
16WfFjzCKj5RScuRW7KFmo9bimD8CpThDkwnmjxrEY5dMZz6:45000000000000000000:OKDOT:OKMYTH
16mJPiL4Aqc3xF8CZZ1XYHxF9KcVrdqSELKXVPnxaQfpTc9X:45000000000000000000:OKDOT:OKMYTH
16aWGsuXdh9VACrnoyoeD7J6Pgi54dhZdRBao2zdNzr2ySqW:45000000000000000000:OKDOT:OKMYTH
1432YAcDENkCoZvEYWJj1Cna4Y2aC3vGWDpy49CUGbAn2V4i:45000000000000000000:OKDOT:OKMYTH
15WZ3qoB17zKgQBH4RYhHZrg74gTjpNyJpmgH1eAokWacKpx:45000000000000000000:OKDOT:OKMYTH
14McLzYEbMtnJp5mykQWqX7hFe7s9v7ihEhXzmuHpKfuf2dT:45000000000000000000:OKDOT:OKMYTH
15WEa8MqxZG5RFgfn83rdHLAnr2nASsYw1e4z9C6fF2d4LBJ:45000000000000000000:OKDOT:OKMYTH
16KEnKKJaqFDnmjKGW6rQAuHgVsWbD67XGinRZHwCLrcDTE4:45000000000000000000:OKDOT:OKMYTH
15NHkTCURkxXkZnTFbNdhBHDrMqm9CTqdVowPRuDX2MqJDjw:45000000000000000000:OKDOT:OKMYTH
16N82VAZ8DD9yHDaL7AMmutJ2kxrLk4V1jFQJzU2tzngHceU:45000000000000000000:OKDOT:OKMYTH
12rdFwoXcAHb1diH4SoeNxBftJ7mjwV58ZaXEouK3dQX5ZBo:45000000000000000000:OKDOT:OKMYTH
16NjbCsdzbv8wErWWYdWvqJXpcxWixpYtyoSQAoxzwZPnwzZ:45000000000000000000:OKDOT:OKMYTH
1eJSuBzL6bbj33VqNPKwE3pEYyV4psGVLKECWSMeVccfZkm:45000000000000000000:OKDOT:OKMYTH
16TnU7EXNYG1hhPtbQTWyUuYBEwVqoyBVZPpqX1LGRtLa5eH:45000000000000000000:OKDOT:OKMYTH
15Ss1Zi4a5KRR1c797EncLRMSCfk4WARUdgZd28BD8FoNwPH:45000000000000000000:OKDOT:OKMYTH
1F9puri98HowaVMBa6JLw9Ujirqrz4QTYUZx1JmJeQFct1Z:45000000000000000000:OKDOT:OKMYTH
14UTmDHe7GKvafFPXuEMSNoEqC2KtkcXmKhu2j6X2FV5eZYK:45000000000000000000:OKDOT:OKMYTH
1hzfjtBLa2z5cFmyKfrcgiyLHYkzScXLhYYByh38xxB2bRj:45000000000000000000:OKDOT:OKMYTH
13GuoFtDtqyzTLwsDZfn7r3goGPG32nkss2YXnnDcw7SgB5t:45000000000000000000:OKDOT:OKMYTH
1oN2ZCCVzpRsLJq1y74uZARxghCiy8Z8PBb8Kyr8FJVdT6D:45000000000000000000:OKDOT:OKMYTH
15QAoAa1ioFqt3VESUd4dyVQ3nqQx9UZc3yv3jojRZRvZcAp:45000000000000000000:OKDOT:OKMYTH
1pzbaXMa1jDCus81qJQjwngnHpBNuiaH4Jr6sg3u9BLaqd5:45000000000000000000:OKDOT:OKMYTH
15HjFwxowCS9WR8chSJoUDUxcqTcQaEFqU2ejszuGLzYfHuX:45000000000000000000:OKDOT:OKMYTH
1rK8NsLMzAcRf18fUMjNGS4xG8564XvJeZrBeivMnYwFQ9R:45000000000000000000:OKDOT:OKMYTH
16G3YRsrSX46jPdMRjZ5SoRG4Y3WPmniMDJeArwQn8uwTTXn:45000000000000000000:OKDOT:OKMYTH
1ugR8h1gbCXN8vk1R2rMoxdYXxyMGU8GYqkpuFXzSxDqNkj:45000000000000000000:OKDOT:OKMYTH
16LWeKuDNgjJbaJX4WRqGaS2hxnTYedvpXhoUS99uJXCjAtj:45000000000000000000:OKDOT:OKMYTH
1X5sHKXWhxcKTVykLQ2pmNytxMeTaNU6VYPZukqgErP7TwB:45000000000000000000:OKDOT:OKMYTH
12RinCNfzpdjn5ur6SDK2J55N8JQcwoHFtcSru5UMysEQce5:45000000000000000000:OKDOT:OKMYTH
16gBpBHNjw6fxErzxihehekYtC9iPVSzEPHBqYyhXgc6vRWs:45000000000000000000:OKDOT:OKMYTH
16DmZHJbGHPQU7DUb2xmP9MgEUfydR2W9FXM2JrZjx9Axmdx:45000000000000000000:OKDOT:OKMYTH
15QKNmHH1MJv3Qq1dzEbXnuLkE2xzUDMw6QNW4MebwFputnU:45000000000000000000:OKDOT:OKMYTH
15E71z2pMsxonQMo3FaVKYHxSULbZxPY3VTR6ro31wkzguHG:45000000000000000000:OKDOT:OKMYTH
14Hq2GmDWLgZPuoUBXh3Qp7UpdAjiGAvp2CN4iSSF2AjoV2D:45000000000000000000:OKDOT:OKMYTH
1FJNC4LSoXA2WW86G9ZPQ51jmQmqYX7kFLsL1sG5JRfHH6K:45000000000000000000:OKDOT:OKMYTH
16TXgNZZGyii5gq8P1DqnJvdaMYu1f2svRB5ju1xrvX6Liz3:45000000000000000000:OKDOT:OKMYTH
16UMM7Jr5wL96gSJ17d6XCVqtofbkDV3Mf7braxigN7dTtdm:45000000000000000000:OKDOT:OKMYTH
145MWFgvGdyw7wGtJaCaCigYcKt3FcPtxb6MkRbJ7sj6RtVQ:45000000000000000000:OKDOT:OKMYTH
13hh1MjQDy5mkG2eP2yf1r1vizo7CLBjYZCb6suXq2V6sEFN:45000000000000000000:OKDOT:OKMYTH
13VrZsSEvLskL5vtMQWAQUAYDQpjhKZb66iVs7buzbGD9QTq:45000000000000000000:OKDOT:OKMYTH
14jLKnBWfMHkfT11vuxyuyWGBAsrQdg88GXEmP59LAc8wbDy:45000000000000000000:OKDOT:OKMYTH
13ETh2RDUCzqUH1gxE3hE7nWBjyC7dcMZ5LK2mpqDoGZmn3x:45000000000000000000:OKDOT:OKMYTH
13C8K5Ktxy79q8HVhsggCNkk7W4EhM5GwJq1wUAF3EujixDF:45000000000000000000:OKDOT:OKMYTH
15za5bG4wHtrz5VFw1i6dMkBHJovpszcwqYrhxsk18UNGpKa:45000000000000000000:OKDOT:OKMYTH
15BQ9dwC4RJmyxN3rrcRFHJJrGqq9PyJUU4R5KoKKhywqs8M:45000000000000000000:OKDOT:OKMYTH
16RDN2qK2L5KgPbsRY9KUDDPdBBrZmCQgUdzSM2pLb6hdah3:45000000000000000000:OKDOT:OKMYTH
12JefoUvLTr2JXE8EF11QvG19JXcDHwkgSMZyD8mqMJ7PHeY:45000000000000000000:OKDOT:OKMYTH
165wzM8DMJ1rPaPdGFQRLQcm8TTfZ82d41k8MgNtpyDGq6o:45000000000000000000:OKDOT:OKMYTH
1618gSmJsynH9J5YGc7ivLfFmEqMXxSegw4AGjvKNSVmn3F9:45000000000000000000:OKDOT:OKMYTH
1gb9DvwewMmEYK4HP19jTjQXu9CNVbFZHXQ6VGwayDYVRsX:45000000000000000000:OKDOT:OKMYTH
167c2XS2SVEwhhBr2wMZcM9cdLyAhdBNdsVHFSvD6ZNwoLVp:45000000000000000000:OKDOT:OKMYTH
12gTscEkdpR6T4GikdrKvgc5fusn7XEheuhez4Q7gpeCwVAo:45000000000000000000:OKDOT:OKMYTH
1q5xM2SmLe2u6NfAJfFQFwNAn6KyUYz3jTbuEVH82BnM3Xw:45000000000000000000:OKDOT:OKMYTH
12hMqzf88Ud3W6itbQSznzzNEMfb52GrBNe5JfkAECBgK8yp:45000000000000000000:OKDOT:OKMYTH
12Gg7qMAGBQuQN1bBaDv8pa7q9WdtjQ8HcfVVULJ7ZLJkdoo:45000000000000000000:OKDOT:OKMYTH
1X7dZyTQq58GjoFCuDSLS7usYdP9dUsbuYo1CgKvnhyMg55:45000000000000000000:OKDOT:OKMYTH
14uENPdXTSrJ4jvvnBVxbbqE368vXSqqYEr2VmVty6ZU7sVK:45000000000000000000:OKDOT:OKMYTH
14iv8tdQVVZE9r6iNfGRHHvMXVMnUKVnCcUwTWbTxaUkCLRz:46000000000000000000:OKDOT:OKMYTH
14GqRHWrxudqgwUJGbW96fPpS2AfjcVi3KwVxVcz6uiUSzex:46000000000000000000:OKDOT:OKMYTH
16kEveaCW4RMd3R61SwqGpAQMrKodBTwbzrp6zL3KepEudtD:56000000000000000000:OKDOT:OKMYTH
12K91Drqagehm9J8EQRwJr7Aw2jTf8pGtgB4NKZ8CnK1EpbF:56000000000000000000:OKDOT:OKMYTH
15zepeEmkkhbK8Z3M9CuVCGLbxAg9sA7yT6gX9jVPoUgWnFS:56000000000000000000:OKDOT:OKMYTH
13McmQ6B9zSTjD48eR4rq71GktiBkxuKgRe35arPsi5NgnzT:56000000000000000000:OKDOT:OKMYTH
15ijFQ4gEmCm72Ax9uyyVEw8gXKihtnpbpdrFdTvEgLBkXi6:56000000000000000000:OKDOT:OKMYTH
12gpoBfCrGQbyNHkAkSGAyB34zM2E2pjUPau8dP14r2SGFsh:56000000000000000000:OKDOT:OKMYTH
14DCKcQedqgSnahx7EacC7LehbcVMm8UJKLGuQzuut9UF87W:56000000000000000000:OKDOT:OKMYTH
12RaXLokMEMbrvsDbaKMrbJNgkLTmBeRcvSowfnZdzBqw37d:56000000000000000000:OKDOT:OKMYTH
1HTGJ6pNNoWBmK6RnoWCmYdY4ecCcWsEKTobCinW4c8wPY8:56000000000000000000:OKDOT:OKMYTH
15PyXAravwY493snTXLjZaBHi7bAVNHc9bggPpBZ5z7MdopL:56000000000000000000:OKDOT:OKMYTH
13MyFyfFiPu3mazzJu4s7U5vMSbtedsdyQQBLoNxKbpYjm1s:56000000000000000000:OKDOT:OKMYTH
13MRVJMMuc8FCycrwgA1FD3MDwnFUMMWAzrSo8C1obJYsLnT:56000000000000000000:OKDOT:OKMYTH
1hGCrcu4WtmDici4Jj7mxUtL8SrUuXUFekeHQceS7Nrtm16:56000000000000000000:OKDOT:OKMYTH
13BJknsLakcFNHW65se2EwszKLMnKF6HazakMGBDgs8bxyWZ:56000000000000000000:OKDOT:OKMYTH
13fx83QKja3hu4mKjR687aV8q637BYLMvtySwnghQSjdfMW1:56000000000000000000:OKDOT:OKMYTH
14WDH8MgRCsDeM95LxgNACNzoN94NfndJiiYNqx642M94zcA:56000000000000000000:OKDOT:OKMYTH
14fwB7KEd9ABtVzrY2QACUM6fyyT5zCBwvCMSgCF3RTk481x:56000000000000000000:OKDOT:OKMYTH
12Wdqjp7SQJKF6DssvoXgNmp9kU3nefLnmca9LbE5DNNC5Ft:56000000000000000000:OKDOT:OKMYTH
15UxVYpftg3KFZAne5CDa3sHBxQa98PP79661pLoMyuyYo8E:56000000000000000000:OKDOT:OKMYTH
1HANT1UQoZsrvJVDepSdVWmuLP2Msw7FkrE69n8DL2PQ2tB:56000000000000000000:OKDOT:OKMYTH
124PZ25RDWRZH5AjvUEa1WTi4m1YLG3FTThUVP2PteHmk6Sj:56000000000000000000:OKDOT:OKMYTH
15DdqGvFJKGAu7UpNgLbh3NT5XwieAr8q8C6ndvwch1gFqXW:56000000000000000000:OKDOT:OKMYTH
12x3AYM2odbNtcMr8UoKyxgAHKsHd8RJKM1VcfSPPrZTs9VF:56000000000000000000:OKDOT:OKMYTH
157p7cF8Sq9Lud6Zcn6J6JBtj57ULFHfGYK3oDA3NtU5zK6d:56000000000000000000:OKDOT:OKMYTH
16fE6CNwk3W62y4ofMQkGTugQunEZzZ1aoMydrHr67Nxu56i:56000000000000000000:OKDOT:OKMYTH
13zjwX25q49Vbqmdk396om6wSfUxsKA64NJtrPYnEZcLLrXB:56000000000000000000:OKDOT:OKMYTH
15avzfvMDJGk8EscSxEEdA9cts8PfwxN4TBM1id4RMmkP2pz:56000000000000000000:OKDOT:OKMYTH
16fecsnBzYRHLhnWsqvnv87yn2XqXEexXWDB2VBXGTrTencF:56000000000000000000:OKDOT:OKMYTH
162PD9kUXRGRG7fHTChs7sJx4FoWwrBUmn7SuqLv2YWpmSdu:56000000000000000000:OKDOT:OKMYTH
1eyazPpx629H7Vg56T9LHWKGhKk9tRLwG7VGHDFG49gD9Jm:56000000000000000000:OKDOT:OKMYTH
12xQEGdqhdwQ5c98burDF7pFEXRM2zwcgHCTWyf74L3nfYcp:56000000000000000000:OKDOT:OKMYTH
16G3NdrT9oxvEU6KY8Wnm4vCCUmmZz7EqqgmHVyGvSoU2fNw:56000000000000000000:OKDOT:OKMYTH
135n1o9d3HYYLaYAhnoL3hmZesKNjHCsF9nmHpRFStUuHiyw:56000000000000000000:OKDOT:OKMYTH
15zgAEPbabNq2EaVq1agM7fiBMn7HG6TPXnSg1BvQWj1zsj4:56000000000000000000:OKDOT:OKMYTH
15QNja3TxMwYNzSNy4na6p5kTdhaeaYwvzJz4HuFywpXLkDM:56000000000000000000:OKDOT:OKMYTH
13FFaf4xjBLSq2uf1ecoWu9Sitia6C3VopcTgmFkPgZMKhVP:56000000000000000000:OKDOT:OKMYTH
15FyAc75BKJcqGWHE87qzhSJ6wBxLEE48ddyyyk9RWNZfpi5:56000000000000000000:OKDOT:OKMYTH
1ZPUkbV52PXHerJjDmJrRVrxDcgSHFVyXAfST3MkcrqicH4:56000000000000000000:OKDOT:OKMYTH
16M2WWo4NzcqL4fWNJmumWscLfpXnXAybmoHe1Vr2qWf3mFX:56000000000000000000:OKDOT:OKMYTH
15XHQUqdQ2bZ9jrebMZAWLzEJJuAZpAeJuoFiDvLbBkHfwAA:56000000000000000000:OKDOT:OKMYTH
16cNptfHRsPTvukpptbMBiYTjvJDXbAbrpunfuKHCRaamHur:56000000000000000000:OKDOT:OKMYTH
13MY1whtX9c6HuwwYTihgRqfNxmyYCZgxcPfMgk8qYwHK82R:56000000000000000000:OKDOT:OKMYTH
1U3cKDSvmcYS3sy3KDKsGv89vLFvcjY77HYXGewArEteKPe:56000000000000000000:OKDOT:OKMYTH
12Thxi6cFLEZVNcefpohqrWss1J8rg7wJoAZqWVi5RitWdLN:56000000000000000000:OKDOT:OKMYTH
155Sbgq9JNzzy8h8mEXdDH2U23Mr9WVuKqEQFJcMzzVgi6h4:56000000000000000000:OKDOT:OKMYTH
13SxeQhNR18KmZsymZLCcKrRdaWNUiD12jPC36DwY1iGuVkH:56000000000000000000:OKDOT:OKMYTH
1A3JiX6qZRQu96YoE5Xi8aaz3vqPkkhZymA2g5MhpDWvurp:56000000000000000000:OKDOT:OKMYTH
12YZx5r44mZr2ty84f4ftsiVcR47J6qndPStxczhpFsXBtMh:56000000000000000000:OKDOT:OKMYTH
1jjSqYM2erDvapHWRDCgRUH9Zyz7TynexhpUnVxTzJpj8Rz:56000000000000000000:OKDOT:OKMYTH
1pPtTXtwqgL6hJPKE1seceZg3fqAXcoYtZCVEikRwKJxQWo:56000000000000000000:OKDOT:OKMYTH
14E3r6RxjTMPpg9VvfmRiuj3hmewKz4Lmf3Etpbm27PiqkLq:56000000000000000000:OKDOT:OKMYTH
1smMQhcXEgdf8twT9e7PvrVivcQg34tD8Utyut5Qokjo8pk:56000000000000000000:OKDOT:OKMYTH
12nUozCnAra6wrshBC24ePRiF3dK3zS8qRbAL6XXoDApPD5N:56000000000000000000:OKDOT:OKMYTH
165LQpqdzWuEhkTGEU5B1AAnXfV2wKVdt4NrjyFkJEWg1X7P:56000000000000000000:OKDOT:OKMYTH
14ApUXgr7gPmuz4jRyBnyhaeiFr5iAaakDmJzn6HXaZv5hAr:56000000000000000000:OKDOT:OKMYTH
14pF6xHj1LzKQr5x3aucBjVaNHvE9xGvg2qajV831CdqZNVq:56000000000000000000:OKDOT:OKMYTH
167R177PfHupNJAnAF1VznVn1mkXPaHNiM69AYAgLkcuRL9Z:56000000000000000000:OKDOT:OKMYTH
142rc8pi2iVCChWDWjKS3uAbF5aiWmachAE3NVjTq1xjy1ix:56000000000000000000:OKDOT:OKMYTH
15XYBwr6YwL4xXdwHRvdQEuAzCcArqus8uiTAFngeWC7KztM:56000000000000000000:OKDOT:OKMYTH
12RTbWCc7YkfZuMonxHD1uea7UzRUPqvvNuvrXWva749HTR7:56000000000000000000:OKDOT:OKMYTH
13BFwBXGovwmPfThw8Kvioaayqd7a6bvJVoQmKFJGuuMNzJL:56000000000000000000:OKDOT:OKMYTH
15vXrc9LrWSH3CykQ3yifpNbiDsZnN4KZdAk15SSvZtdBU9B:56000000000000000000:OKDOT:OKMYTH
1gptPEVM3FCK3DDtqX7y7EfZxR9tQLQDnaXB6vw1jABY7BK:56000000000000000000:OKDOT:OKMYTH
14mvtP5rb6r7rnMT4WWKvWHPjgA3sLttKek1SqLymorgqoVp:56000000000000000000:OKDOT:OKMYTH
13ToG1a3jBCjNkxTCP4emjBbHRMP4DWrMVGT3De5p8NPfJnv:56000000000000000000:OKDOT:OKMYTH
1n1aJ7JmhYkSt83EYiat5Hiszdix8MtA9poAtywqXGodeFt:56000000000000000000:OKDOT:OKMYTH
13fkeQWTAh7ZQ14rdShpWkGGp9kx721WZhQXNQmJ5tCgrEki:56000000000000000000:OKDOT:OKMYTH
16MWABn3LodYN9J9EYXRN5jaDNxRSc7tYC5Z9Q3fh7MLwj3k:56000000000000000000:OKDOT:OKMYTH
15MzrJTZx9Sa6hJUFwpsUMBzoX6EvvHXpFJqmvHzqXTdLE4E:56000000000000000000:OKDOT:OKMYTH
1KmWDsTeHeG5zU2Pytg2v2FvyVzFuFUTExo53yssmBKwLAC:56000000000000000000:OKDOT:OKMYTH
14z1rgHbrZyevAdFHepvuKEZGXGC65ScdqnmuJH15rcCKoxu:56000000000000000000:OKDOT:OKMYTH
14muKTMagHCoE7rgyfnYQkejXczWV4S6b6BJbA9P3Cs3jpQP:56000000000000000000:OKDOT:OKMYTH
12po25kKD1snTrppc3wVoTaVnNoxaSKUWxYRjmypscMDFXB5:56000000000000000000:OKDOT:OKMYTH
15MLs1eFVt2KLJr2RUMzFqMsUrWLnCh2aTsCP8YWs1CsFe5P:56000000000000000000:OKDOT:OKMYTH
16P95JmAy7YcTC8vrYcJdR7tetJkAV6rptqJzhsZ2G9qWc5c:56000000000000000000:OKDOT:OKMYTH
14QptZHFKq7snGTZutDFK8iW6JW6MKpEu32SLDxsqX2RXmai:56000000000000000000:OKDOT:OKMYTH
15LtoktNLdybYuAgrs5gJ2QMvEfZUKY7sSvMKxcUTTmAT2E8:56000000000000000000:OKDOT:OKMYTH
13ENd1cTNPgbzbLhATv8jhz6e1LMfhFUoE5wPh4EGGRKzMZH:56000000000000000000:OKDOT:OKMYTH
15zHv8kAvp2rPXjd4n2Lqxq8UAkgeWwS4QBHbwg2UH9fjMzM:56000000000000000000:OKDOT:OKMYTH
12QWVs2hfAwqwpgPMTXQZuwbKoxjhh2ZDRR7Q6E1j4AZc9J5:56000000000000000000:OKDOT:OKMYTH
15atutvS8TuXmgzWPN3LzRD5b4jvky1DQDZTc2F8qHbKWhy5:56000000000000000000:OKDOT:OKMYTH
15oAQ75C5TGNhkLpvJ5oSjBsdHtzUY7bbPmDurRw3So44u6o:56000000000000000000:OKDOT:OKMYTH
15J8ppQs4gHxFQsdLcxENWVUeu47izuBDoKoYZWdJ868k4qw:56000000000000000000:OKDOT:OKMYTH
12NfKEKaMZFKixrxZ6XgFo3yHqRTQzbd6ukgKDRdHzcNXSrB:56000000000000000000:OKDOT:OKMYTH
12ZA2DjrohBHNERNdFyk68566qUQMtoPvuh2hrBV77RPEwFB:56000000000000000000:OKDOT:OKMYTH
12rk3Ezd5RV4oFyF4Khc6c1aBbahoUSg61PjivLqo8RhFHNz:56000000000000000000:OKDOT:OKMYTH
13bAUkCk9zPmGj8eoTA7e3vEYsEaVBii6tBYpRarmXeSHL8L:56000000000000000000:OKDOT:OKMYTH
19vaEfbnUEha9gUpEaCcMTPV2vT7h4MFgygXVjn3t3WbrFd:56000000000000000000:OKDOT:OKMYTH
1QKSsNAEZRWgxEkEzDYpP2mWfbCXUYk1WZcdzzHb6cUPRLa:56000000000000000000:OKDOT:OKMYTH
12jYZeP19XMANoKc99KbJoXyufcuMzCGAvyBKEioG2QCiGEo:56000000000000000000:OKDOT:OKMYTH
1Ej6rdr3EqKhb2oQwTf1dPuLWHUhNYk5Cr6Cw4pZaxtVs49:56000000000000000000:OKDOT:OKMYTH
14fkGdtwoPaeXBht3FLP3awpqynequUsJmsknnyFRvmA4uUc:56000000000000000000:OKDOT:OKMYTH
155d37AP3cezeiao3DaWZe6LkefLQrL3QJEYmcsVksG1FLke:56000000000000000000:OKDOT:OKMYTH
163kRdaK3hmiaYdXXwwKBGcQv5425LLEyR6mqR8RcJLLUeNU:56000000000000000000:OKDOT:OKMYTH
13h3XyCdpVNWnxoCFWnZeLF7mB1woYdAw72jinJ7cb2b39N:56000000000000000000:OKDOT:OKMYTH
12x2SBUDWuV6GMSYYZhmEdvtiVgT3cwAh4MBk4htMVqfUPew:56000000000000000000:OKDOT:OKMYTH
13syXXb8MfavKTUBnpp24AUKTMuzMC84CJ4kpPNWg2vV7XBd:56000000000000000000:OKDOT:OKMYTH
11sFnRxjkbvBZztNn9Ve7DBzuG4KAphjsAo8QYtoV4DmHhT:56000000000000000000:OKDOT:OKMYTH
16aTokpYTB3iWT3q8oYQuc4eA7iqojsuUyEbgqss6BrgyvEr:56000000000000000000:OKDOT:OKMYTH
136JJEq1f8i1Xk5xuCsEggEeGP4agxVh2jfBDJwxtXhSX7DC:56000000000000000000:OKDOT:OKMYTH
14KEdYRs9vLvycgnmfCSw1vPijmTC61hogx5CE2ZqF5Tou73:56000000000000000000:OKDOT:OKMYTH
14pFX69Daq9PvVJu7DgtLvDSA9KRwyMt7Ru4nHtsiXjUMBvZ:56000000000000000000:OKDOT:OKMYTH
12VrNoGDf6N398RBPConzfbhPxjWjBje4ThhFq9tibst8euZ:56000000000000000000:OKDOT:OKMYTH
14VZUPMT63jDAbjyQZun9gYSXdhQibHvbWnENwF3zKrXXUhH:56000000000000000000:OKDOT:OKMYTH
12ievPmHzv58CdPyhopLcvzRsDYkWC5uMot7Q9bBMSW3B7qJ:56000000000000000000:OKDOT:OKMYTH
13japL9jncwkkhFGVJJpzgXqbGUNScaECSkZ1uHYqNGN44sU:56000000000000000000:OKDOT:OKMYTH
1jrev5nPuybm15Fj4ZFniKQM7ox4aRRtMDkWQXTgiCj2DHT:56000000000000000000:OKDOT:OKMYTH
14UwJGAyx64tEQR2ogywCzE199JXPJDD8TkrwDEnBqLguBhn:56000000000000000000:OKDOT:OKMYTH
19opLmd6KJSCLLbe1doZmwzEqMyFZ9nTCHqwMG9kJwVoM48:56000000000000000000:OKDOT:OKMYTH
148xVFa2jURE8Nn5y7S3iSQy6MHdKFSKT5jGdjNAyHMtbtEV:56000000000000000000:OKDOT:OKMYTH
15VMvYLT3JATpoZASmcoLt2abN3xJqr1eHDaHqiumJUZeAFW:56000000000000000000:OKDOT:OKMYTH
12kdVdNBVj5eTCTF8jizmoY7gwxMc2TKExUtdhUCpiVst5YG:56000000000000000000:OKDOT:OKMYTH
14TZkJuTePvWdfQjHMJo1poXMT1ybZyhasGmUj6PMnUmUfGt:56000000000000000000:OKDOT:OKMYTH
14rKzNJfqCp2HyPWJfmprzeuBtYEsMdiehuJxh7e3ZjGHUrH:56000000000000000000:OKDOT:OKMYTH
13YbWxYxw3bY97LUiPdvWv8J7jpz5zae7av4vkwEGpBweejB:56000000000000000000:OKDOT:OKMYTH
129JJk7acW5K4dMvRQeNTHJYE2QRGrCFUNiWwvg7fhQeahz9:56000000000000000000:OKDOT:OKMYTH
12bYgQRV3X7c1fiKbkeifcHcZMjUx2URngUgfFbw8hYdX31v:56000000000000000000:OKDOT:OKMYTH
16ao2Wi8dnhAHhSKGqGhHYoqGq3hEgdzGVFWbcse9tnyJiNB:56000000000000000000:OKDOT:OKMYTH
15ANqEdrqqP4gDmip49LRqUSE42yJWNahi9PRcUU9Zg2ufZL:56000000000000000000:OKDOT:OKMYTH
14crwQhivEKvnKFiBQn6DGvP7uaLXVYrrh9AsLMGWnpaRF21:56000000000000000000:OKDOT:OKMYTH
1KqJbxoCr7EJLuh2R7zmerfRuAXa3UUgeYyXsSTCTAWTPxk:56000000000000000000:OKDOT:OKMYTH
15wKmLLSHPyVgXZfyBRcMyQYr7aDUgJcbaamVgpbRgja2Kvr:56000000000000000000:OKDOT:OKMYTH
16USGHwoWWxwfVadqfS1muiYHVcaa5VErmKMHVpYGv6chvkt:56000000000000000000:OKDOT:OKMYTH
1qC5M6LNruuBzfKD38nKGfAoUN7jxxsRd77T9eSQNk9rhpt:56000000000000000000:OKDOT:OKMYTH
1EmcTfFDkHy4m9mhkF8EgmLjpx56vMuNfMFqdm58ef9mDqP:56000000000000000000:OKDOT:OKMYTH
1bRadPz27uQ1UgLFXJrZSgZ7romxYL9FTSrKCmSB8sqmosh:56000000000000000000:OKDOT:OKMYTH
165dP1xjemECBQySsSFTyPewjLBV4eKpX6YppKe75FsGv6nZ:56000000000000000000:OKDOT:OKMYTH
16M884fCm1rgL2vo6zjPyighHxAoDT4EymK9mRR7CWoCL9YN:56000000000000000000:OKDOT:OKMYTH
15JSAdvJMVQsgyrzFxpbegbetkzZ4iRjjTB32zVgbvjdv7mP:56000000000000000000:OKDOT:OKMYTH
16Xghhbyrk1kwAq1BA242Xhi5XoMLzZxigCe1RVwH1EGvmEi:56000000000000000000:OKDOT:OKMYTH
1GsZyuxwYC2xsfaApeCB5RzHuWpiivbkMpeLH2w55mVuWAj:56000000000000000000:OKDOT:OKMYTH
15S5y4DwtfUrqoekE8WguXo1fgYqLDUr8kgsPNp9wnayYKbs:56000000000000000000:OKDOT:OKMYTH
13gk6fHuZmf6XdYgLrwPooYtE2YdrSCzpkeFN81VD4UPkeZx:56000000000000000000:OKDOT:OKMYTH
16XmbT2JMXRuFLZAxFLuCnA43ResbfbE7KDWpLy1pnJBnGgH:56000000000000000000:OKDOT:OKMYTH
15BRFBAJ8Y1Stp3VS2ppuPmLi267y3DbTpFRB4BFwHHAgdB5:56000000000000000000:OKDOT:OKMYTH
16aE2evbKo85qi762UdM6qGQArNMw1ESLjbcoaLcpZdjcHMk:56000000000000000000:OKDOT:OKMYTH
15JXdv58X7dopf4unZYZrocUSWT89paeToWR2ksfofnRDFZu:56000000000000000000:OKDOT:OKMYTH
13NYvN6zoNUTwCbcLWEcdWaMdiQeAVae1FxhUA46es6VTR8D:56000000000000000000:OKDOT:OKMYTH
15kr8mZNBz2qHcMwk76xpoNs6jWEtbRgcYXvX9G2RnMU93qh:56000000000000000000:OKDOT:OKMYTH
14QiZR5qSeZo7V2SK5S5654jr1NYtW5gqdf2GwVzVcjYmgHh:56000000000000000000:OKDOT:OKMYTH
14p6acEcs9nz8Ptgds68zpup4BUCqrs7XEWUh9u1JUUxxVDG:56000000000000000000:OKDOT:OKMYTH
14x7DEcMMxyFras2xpkcLPP366s9hpPd2fesH75XCrtAghn1:56000000000000000000:OKDOT:OKMYTH
14wvo7Do4o8pSLAGNLwn7iikooisgWKwdYRTpioA8tTGz5eV:56000000000000000000:OKDOT:OKMYTH
13GeVBXwB3aJE56nZuPvTcR9rC5fJ4k4iiGSFB3bVLZaDSi6:56000000000000000000:OKDOT:OKMYTH
15oSGPcfyMBzgGL32Uky5m5juUdbNipxf4Cb6TeH9sQxmCCW:56000000000000000000:OKDOT:OKMYTH
13x6SgasrrqVQSXN3XYxDtLCKfYTY9pJpWT9Y3WTzwZynpPS:56000000000000000000:OKDOT:OKMYTH
123aQ2thi3N88PcbRJAxUYRRxyx75CpmjUVrt7qAMiYogCkK:56000000000000000000:OKDOT:OKMYTH
14DVLcwy3NJvqBYnZePq5rzkm7NW19xiZH6wqL9XjZw5WZrK:56000000000000000000:OKDOT:OKMYTH
15XjHzD3grHQVhpuQoMHH7yfzyhBYBTAYHKTAzLpRAQ9UrRk:56000000000000000000:OKDOT:OKMYTH
1UQmf4GrQirs42iLV8qk2GCaLGmRUb4GpwARWjPGYf44b7a:56000000000000000000:OKDOT:OKMYTH
13udsEK3naHGxWAnn6DMS8M8VnD3DbGPRvNt2YW9wkxiDrg2:56000000000000000000:OKDOT:OKMYTH
16G3Defkuk2idc1zNwFvBR2JTFa5T6FrZ8quxZiRKSYop3En:56000000000000000000:OKDOT:OKMYTH
13KCWzt8dPmzD79G3BDkwRvNSrPt24qXFLc8Ct54ZJj7fRjk:56000000000000000000:OKDOT:OKMYTH
14fYKGG2MXJ4UG162L1zxdT51ZNeaG3zmQFXDmVQdy9K5Mh:56000000000000000000:OKDOT:OKMYTH
12jmVyDZTNetkwkX6Ck4kEbSKgVSQ5eJVaytP8kSvCpcFRFQ:56000000000000000000:OKDOT:OKMYTH
153Lfg2iCoPUAuwheomuz6bVtTcWVJvEk8t9Dc2SqeqP7qHx:56000000000000000000:OKDOT:OKMYTH
12oynQpS81QMjqg5hvfcDLNrXoXpH6CChs9SrNzWBa8vXpjp:56000000000000000000:OKDOT:OKMYTH
13ruJTz77BxNzKK5EJzD9pHV2DciHX56S2rp94gQ5KFzLXoj:56000000000000000000:OKDOT:OKMYTH
12b6Sypw8s3gsmZe3wzEoW1K9YbV11N11aigCnyCsQgjsJH4:56000000000000000000:OKDOT:OKMYTH
12zpqD6hUsitjL2J4D9yRdQ7bK15Kn1KQEJFM6fZ5PFpscyZ:56000000000000000000:OKDOT:OKMYTH
15Mj3nVVvkpHTgdgBsfxv6oWVvEs4oi7Z42fbRMa6at4YwcZ:56000000000000000000:OKDOT:OKMYTH
12uNJezSsRp9ZPfHzvSJGvzqLrXkoBbRT78PYwYrT7mNj4xM:56000000000000000000:OKDOT:OKMYTH
13QV4staagbLVZp3zXonvdYFfAqMim74PHgfpT5q4mduxFij:56000000000000000000:OKDOT:OKMYTH
14XpLYkLVRvwWiXi3632FiaVH8PSjMsru3Qg1iwekhqnrrST:56000000000000000000:OKDOT:OKMYTH
123wB1CHbpGDmuQUWXSBYt8W2svEaq1twhK5sbDcUXMcpbKe:56000000000000000000:OKDOT:OKMYTH
13GGpJ1FLPMpMoHyAuneMUFNBAtdZcnUGhgXHHNbQnXHfB1z:56000000000000000000:OKDOT:OKMYTH
15uN745ukUw1xTNZjeD4Qqgs59afqGhFqS9W5dC9y74Rj9oX:56000000000000000000:OKDOT:OKMYTH
14SZkhm4aKYZQQLT2PrzpUu9bfM6JdyiUpiA4voxTzQCwcK8:56000000000000000000:OKDOT:OKMYTH
14dut6zGgdVmKijePZzrQAy2gZ6FmMDmzzp7VqjzPV9E4ujR:56000000000000000000:OKDOT:OKMYTH
11DEEv9vyQ6gHqhJQCEg5JMHLjRZPe7QZNHLcgHn1AEKe9V:56000000000000000000:OKDOT:OKMYTH
12Ea8saxKbtr4XqNhfTGQjshsuyj16j8rLjMgfLZinQsfYYW:56000000000000000000:OKDOT:OKMYTH
165JrdTojLBAZoKyaN92gkevCewYkDuG6ya5PhmjtMN3G8F3:56000000000000000000:OKDOT:OKMYTH
15qhHsBv5kym9spqXZq4BEhSzqwyXB5hfnDbsQNSK3HaC8dc:56000000000000000000:OKDOT:OKMYTH
14aKG2vf1GpeJVGm2Xqu5KyqCGreYPHnnutVHzPZGSaCV72L:56000000000000000000:OKDOT:OKMYTH
1KZapMRDmFnNe8zkBToknyivbra3Bq6uMu3prYCmLvxFkdz:56000000000000000000:OKDOT:OKMYTH
15g1BXKdyJXrSp3DtTxKGFvgJpwbHrtboJKh6qU5u3N9Hjs2:56000000000000000000:OKDOT:OKMYTH
14Q3U2VTQjMxKPPmzeAXY912PzXbRj3ES4DRXqyUFJiSr5mf:56000000000000000000:OKDOT:OKMYTH
18t7qaT8qZTUTev1GkWeFaub1EFrFvD85NTXZmAckZmzqRt:56000000000000000000:OKDOT:OKMYTH
14aQzrdXWEVMb7XA4E8rq14x6eUn8k5Nk1MjADsvznEYNnDE:56000000000000000000:OKDOT:OKMYTH
19tkcoxNYA56Ua9gBM9iTFCGqCrkJ15zvxoPDv7XbfpeaCF:56000000000000000000:OKDOT:OKMYTH
15Q1U3zKrkGPXpD3Tvgb7zAfMrjPGrPe25Tz9VCf4SokUGmz:56000000000000000000:OKDOT:OKMYTH
15Jf1tAF98ruFLrmW4GsXds3U9zc8xw78WbtqHPgULrW93Tc:56000000000000000000:OKDOT:OKMYTH
15KQAE96Pxf99KquPbrjF1G8n122fhXW6Fr8y5vceYwKttsU:56000000000000000000:OKDOT:OKMYTH
12p58V8EqsEHBd879w7xfjez3tQ68PriB8SUXQAjUuoe1iVw:56000000000000000000:OKDOT:OKMYTH
16VDpuPDK2gGv9wjBRd2oZ1tWnG3CNf7SCczMBKcf4UCDQmW:56000000000000000000:OKDOT:OKMYTH
12n2hJHh6WqTT6QWJcuBxZ9ZqHBTVnk6EMp7RpBScAf2tuw6:56000000000000000000:OKDOT:OKMYTH
13MhWbBwEuVPtfJ3ogKuDLZVsJFASGySFFGVVPZDCZJgjhSU:56000000000000000000:OKDOT:OKMYTH
15zXbq4jMxGRCSG13guMxfWnShkjhgADNdkPuYZUVNR3gwmN:56000000000000000000:OKDOT:OKMYTH
15LmmhkiqMdD8KDWnCueGEaeR6NyGoaVErf891a4iv7DjE7N:56000000000000000000:OKDOT:OKMYTH
15wh3fHuqQKAzshTWVotvwz3SBJTPACSqG2gswSkusRdk48Z:56000000000000000000:OKDOT:OKMYTH
16UnynkqaHoGXmxF6NaPfJ43F5Rw7jdX8zfgb3RsJduj7oxC:56000000000000000000:OKDOT:OKMYTH
1CDH2wbdBfiSTyRzW42eCMWdCdEpGQT4uPhSbkjdL5ZKNrr:56000000000000000000:OKDOT:OKMYTH
12uxWbr514qsu16Se6UNPots2YKuhnnD5UFrEBSLThKG3NYS:56000000000000000000:OKDOT:OKMYTH
1KnMeFRc8N8vKQAvwmQxihuj6LxnWxrGzU5bLVt8UK3bXUe:56000000000000000000:OKDOT:OKMYTH
12HdXdsKq3meQjeroSo5kiHooS8LDDa7YDfviDaWCzDsvUAS:56000000000000000000:OKDOT:OKMYTH
12MsEKp59MoKP1ExUVFutMqQBj8enT9pZ1DS9EmRWt2Rpf9D:56000000000000000000:OKDOT:OKMYTH
12qFJ39dLyBGYVNeTD4K5LgPVFgfSWaroAhKHYyhoQBVtz1f:56000000000000000000:OKDOT:OKMYTH
124M9WfookpP8tAxk3paBGoiq6fm32UYTQ6dXvYvPmjhL4v1:56000000000000000000:OKDOT:OKMYTH
12vDdBkzL9z1Hjm2af5M6MSFSvN7wsveFKjskxQirrv26BEQ:56000000000000000000:OKDOT:OKMYTH
13m2acJknfyoq4biw19eygBhLe3jt9c3CCsVZhKrj7BfxpTS:56000000000000000000:OKDOT:OKMYTH
1eqD8wFH2WrHD4KgWiHk5RgwRmRg5pWPHL9Buk6JAdBwerb:56000000000000000000:OKDOT:OKMYTH
15r6FMqy76j4jTFNZEBBAe27p5G5hTQe2TeTbjvUNhbqBbJb:56000000000000000000:OKDOT:OKMYTH
138ksVJqBi57N2FfcQiNybkyz14kgMc7enF6kh2h9RV1RVw8:56000000000000000000:OKDOT:OKMYTH
13WQKhKL5PT2dzjpdm8zRMA4JAoaAXMFrSDunzhYkPzPLzC7:56000000000000000000:OKDOT:OKMYTH
146AwoinUffocPxVBvgH7n81tbqKjSedmqkBVzJRT9YZCQwj:56000000000000000000:OKDOT:OKMYTH
12uNRuBRvpmh9VXhcKNvU4Yr5EWSTsBDKpndwyWc83SBveJ2:56000000000000000000:OKDOT:OKMYTH
1Rap4B7a62afx2HC7vnpF9ZcGBm2vvsWfZXeRHu8YwKcA4F:56000000000000000000:OKDOT:OKMYTH
12W7QAPVkVQKckw7V64TKNvvKGCDG6rMb74GSjQ8Xvsn8RYo:56000000000000000000:OKDOT:OKMYTH
1CdZgiDNw8qki9GnQP1v4aXSQxxqkS3NMF1AgQPn4zENz7h:56000000000000000000:OKDOT:OKMYTH
18sesoeb8JSW6qwSCrW8gQuAwRnf3Kvh74gnY62BX1FC8KF:56000000000000000000:OKDOT:OKMYTH
13sNccQfZUEnu9XGm2Ypk6U13o3oM5w8pqVrKYVjs7f5ByVe:56000000000000000000:OKDOT:OKMYTH
133Fy6Zt6NUwhvdxYQHZf7v1YQxrxsiMamFM72J53DE3sA3U:56000000000000000000:OKDOT:OKMYTH
16xLhCMwP2JW2M6PA7jAJ1sVG26VBF2npzoLCJYpUcrTfr9:56000000000000000000:OKDOT:OKMYTH
16XrXYNtkkDrqJsyhoy6riBYEh9fGm8ppaKD1L8VidXhbWT5:56000000000000000000:OKDOT:OKMYTH
15RzQyEB9ubyAfYBUCwrQS1Vwxg4QEUKB3qMv33z4wTuN1Fc:56000000000000000000:OKDOT:OKMYTH
1LRC8aH8FZJMVSkbFJ5ym8yUnDh6VwR7PmVXjW6o4PB9DAC:56000000000000000000:OKDOT:OKMYTH
13phs9mwi1iFusFK75wgTL8KQQCiU1KxXXvDnB3mq83G2WB1:56000000000000000000:OKDOT:OKMYTH
13WXc8NrNcR5At6eHehaRsi347umEJChkr5YrPkfEYrQuhtx:56000000000000000000:OKDOT:OKMYTH
14j3x6Y2DhHnVx6zpDFteJNFXTH3WuSrFnjWZCqHACSeULzy:56000000000000000000:OKDOT:OKMYTH
15mEB2kGNxTyJ9hhKKVLdSz5D2CG9Wg8Nr69BXW4x6GHnJFh:56000000000000000000:OKDOT:OKMYTH
1y5xarmc9C5ZhZ4SSFuysyaWeTNxwH9hojc4judvzJVVxbG:56000000000000000000:OKDOT:OKMYTH
15tGaG5qkmX53BF9o3x4D11qvUkiBc1rSzVaujxVSkSRXjqg:56000000000000000000:OKDOT:OKMYTH
12uEw6gVJKTRU3WEfjcJES2Z8PcW2nmcCMku6nLYNRjG1oDT:56000000000000000000:OKDOT:OKMYTH
14QPCHqqM4B8r5aEki7ucEoiwEhem19MkeEcZrScdzSqykwa:56000000000000000000:OKDOT:OKMYTH
1jGb5o9XMFJYjiFqM4ePDuPiQopG5a5gWwedjNyi4wLcS67:56000000000000000000:OKDOT:OKMYTH
14rZ7Y1zhxpEJGCZ5ERaEkR1enhw1JHCYwcpSaccUjPX1wjk:56000000000000000000:OKDOT:OKMYTH
16B9SJgRfeXTW4Hot9r37MYyr4uNGgNoYycMaYwkpoPFEJoA:56000000000000000000:OKDOT:OKMYTH
14rVqeEbhuuGBkKedMhKY8DgHw73gwX2BYZ3hn9r8RvGR3Eh:56000000000000000000:OKDOT:OKMYTH
12QhiRmQmgMCL8mZ6eY1sYft5w77riRcYip2aqEBhWGVTGtP:56000000000000000000:OKDOT:OKMYTH
15BQrhRgFqdBPiPWmGkqzxbDL5TQ8uz83bJyqDtJvPKxYiQy:56000000000000000000:OKDOT:OKMYTH
14YLErLvZmSTEyzTvZc4nWkuCHgfaZasckX8YrF9QtzdYBb:56000000000000000000:OKDOT:OKMYTH
16YFhZpc8UXJ61yL8CZ3xtw8SQNH8qPwTqA2YDe3PgMoNKX:56000000000000000000:OKDOT:OKMYTH
16PjvGiLqzA2wnoAHJX6GqZdk27NZRkY6ReH8MihxfWsqzEA:56000000000000000000:OKDOT:OKMYTH
165mA4cGNtmHETvQfWSKznxnDoHqkxMYYwpUyGTk2AsNqnqY:56000000000000000000:OKDOT:OKMYTH
12BdS3ssmpYwaR3616GQddXkiH8PRfpRTwMUHAYrzqjfifph:56000000000000000000:OKDOT:OKMYTH
15fkqK4Se4n449VfNaoAoUZjTmFStVXpn2CzKYCy5Z615Pxb:56000000000000000000:OKDOT:OKMYTH
1xbByZ3ye3u44KqPYvxHb9d7PmCZ7jkdZqmzDWW53cVNxZP:56000000000000000000:OKDOT:OKMYTH
1pn5KrbxxT7RZNyJL9rE3bZTQvqgqYeNo4PrHf2xV2EMKHH:56000000000000000000:OKDOT:OKMYTH
14E5zrzH6UrQ7iUr79z6j3r87ZZVoWJeK51tWVtNjwRL4EGd:56000000000000000000:OKDOT:OKMYTH
15XibAbF4qd5JRs2Zkk6kwCmpZQnNG8zLg11S7qW3oUiZNCv:56000000000000000000:OKDOT:OKMYTH
1pdgvtZ22KsZVKVLJiyzCFN1wF2JiWRyXQNFYMRqiboTs91:56000000000000000000:OKDOT:OKMYTH
1hPHpVFhyxhkW14hB7svAsHwRdjz439Rp5qEFcerbxqADgP:56000000000000000000:OKDOT:OKMYTH
153QJr8nKDAFmNEowf44xTB7CWbWA9xCkJbvifXikxbLmPrv:56000000000000000000:OKDOT:OKMYTH
15BKU5UeEKppSLoAcxaqYNhUx4MooDWGqaaXsL6dCUtoXfy3:56000000000000000000:OKDOT:OKMYTH
13B3N1XAEXE4m3PjqWMBi3dXm3ybcuWwsRgFoorF1uGTDktU:56000000000000000000:OKDOT:OKMYTH
1339wth77BbH69VxbCY1HqQ7W499ZEty8oTm7F1oK2WixevC:56000000000000000000:OKDOT:OKMYTH
13m4wTAwNZfZczmZXqbAeZTZcHPeJd1AsufnXJQS6nfCGArJ:56000000000000000000:OKDOT:OKMYTH
11cTsBi7LWhK1qtVGgqXGCfWoiD2KDEunWvnxzfKZcBhf3k:56000000000000000000:OKDOT:OKMYTH
16QPCF5Lg6urojJw6ykBbCnRnnFo2njFYfLzkJQBWXPRt7H:56000000000000000000:OKDOT:OKMYTH
13pSMA4XDUUut4NA3DFGgWFevLro7zzdTTpHeyjgdsYQULvw:56000000000000000000:OKDOT:OKMYTH
1A54A7v1J6EUmLTVDQHGkWaHVN3S7wZUYwGX6pUFWm5SMBX:56000000000000000000:OKDOT:OKMYTH
1dw3E3LSRBZ36oAz52VdhAHTUfcfY7w4Nbz7tRdtEMz5Zce:56000000000000000000:OKDOT:OKMYTH
13KqUYdjraFSrgrbFTE47gDpU33HA9s6c96wi3WpoJvsEuga:56000000000000000000:OKDOT:OKMYTH
14GdYACEoh6PUV1NTxVu6MiMQGqM3ZtFTJCEjQLW1GJE3Hxe:56000000000000000000:OKDOT:OKMYTH
13gUKAUiFyRhin7JXgWLuH6tDKgsUihx1iPuZDiZRVyFXupv:56000000000000000000:OKDOT:OKMYTH
1sQDw7qKmdWag5sNSusvY1p2BK85tCUuMR9gTsqzLXb8Hf6:56000000000000000000:OKDOT:OKMYTH
152ZhkTyrZZQUn3wt7apFJuM8qjoec6MsL5FCeMkyd6NUSFq:56000000000000000000:OKDOT:OKMYTH
12Qyt6UHdWFusMpBxdJpCVn17uf6pCv8EJyhweSYoA2E2mTu:56000000000000000000:OKDOT:OKMYTH
14yv2qtSrcekKDuBxD2ekGiwiHLsgJdTVZVLzzDVGyHD3ndm:56000000000000000000:OKDOT:OKMYTH
15Dkh1X8UN2c24jx7KxEdHYPpsxjT91UhS4Nkfubhi8k1ssh:56000000000000000000:OKDOT:OKMYTH
155sefuSnk4bJCgHSjTQhCLhsw46L3kCNGvhAgDDEuakgf33:56000000000000000000:OKDOT:OKMYTH
12NyBLwsRGinhwoQNxUroTQo1g7tkK9P6rVEmg8gjtKqMtr9:56000000000000000000:OKDOT:OKMYTH
12GcCEaZFoMan8fj1W2a8NxQgyq6hsADbQcwSV8TeYZjiBov:56000000000000000000:OKDOT:OKMYTH
13rNCeArcQ96zDaD2qSKNBWV1ScJuv5ZnhFZHugKY2YqnQu3:56000000000000000000:OKDOT:OKMYTH
1NvgDmFLamSQ75A6PBJduiUjkeboBZe2ZraqfmL2X39q5Ys:56000000000000000000:OKDOT:OKMYTH
15rsUKMJjaucrSr6HtJQHr9Cq4MKtDG6BshdhjarQMuSkS3q:56000000000000000000:OKDOT:OKMYTH
16FRJFZ5158MjhPWcusTSDX8n5zcY53Mmvn6P49SVEaGM4Py:56000000000000000000:OKDOT:OKMYTH
16hhFoG8rw7QbXucj62Qrcv5rpWQmFaZfbY9CnhLT3NFKxTB:56000000000000000000:OKDOT:OKMYTH
12Qy3PsFzxYiZgrcVoHC3NEWRhfVMC8Y8SrrCc4w7Tqhj4av:56000000000000000000:OKDOT:OKMYTH
14Y6uaTYAP1k8VrzQmdADp42Pb69iGECBq61rk4iJeBN1kUP:56000000000000000000:OKDOT:OKMYTH
15faryYL8ZDjVNZEVodN53q8dJ1jZ26X3iYsLgbQTFUC5qWz:56000000000000000000:OKDOT:OKMYTH
16P9QiDP7eGNiTg2P6wGdX5SNn6SfWC7D82J194rKNuYF9s4:56000000000000000000:OKDOT:OKMYTH
1CEYZJWBNdnZZJ1fVC2jdmVStZnHH7NWu9aZ13gWNpe9Q6F:56000000000000000000:OKDOT:OKMYTH
141N72xTr2Tq9C5TF1WxBUaP9mBKgxxUXSqZ5JHUuU5RGKkW:56000000000000000000:OKDOT:OKMYTH
14FxUj9zWpRQaWpPajPMmhY7RecKLcXNraRMLMZCENNT8Zti:56000000000000000000:OKDOT:OKMYTH
15XJmbWsxXzW7gJEH1qTEg12Ga2VPHcNR53ukdqnqgvRnYTq:56000000000000000000:OKDOT:OKMYTH
15YVYGyQiyRotF5JhkQAwLLfq6AjZwRS8R3PeQrZX8rvnVag:56000000000000000000:OKDOT:OKMYTH
15XsP8kBpdHykk7KHKhb5S6UAkwwjL59mBPvf5DFbhLSB4br:56000000000000000000:OKDOT:OKMYTH
15wM21PEb6DPHVbURpvrKtfdSYGUVGhiBZ8xt43EpDh2EhKy:56000000000000000000:OKDOT:OKMYTH
1xiWT99CWXTHdw534FRhQDqy9Mgt2jHGtVFXTCMHHu3Z9hw:56000000000000000000:OKDOT:OKMYTH
13dA8mWXa8QEpGmMg6uKfTJVT2god9BJ9gzZ1wTQ9sBu3WUC:56000000000000000000:OKDOT:OKMYTH
14JxM7D4zCyAF3NJHRQHvPgFjGtv8tNRwNzsaJBGWJLhpyVj:56000000000000000000:OKDOT:OKMYTH
126cgh366Wxt81QXqnK6Wx7V1xbTVrKJCk6R8Bfzsd7LFHDV:56000000000000000000:OKDOT:OKMYTH
13zAv7fsvTAEfTDuZVgH5CenAjTMnLeWomooA8f8v92TLDaT:56000000000000000000:OKDOT:OKMYTH
12h8VunYv2K3PGiPU7fSumKE9Vn9c9pjJj7XC1MvfuapYzC8:56000000000000000000:OKDOT:OKMYTH
13nD7vzhCHx1U4eZpjXxcuy2vvShgubWfBEPwupWoeH346B9:56000000000000000000:OKDOT:OKMYTH
12YzeZmRygNQFi7iw4cYyHcnfHp3MS7NbkirALRpEbfG6MUL:56000000000000000000:OKDOT:OKMYTH
14pK6icdy6ab5aUDgFLrRUJPzZJVm4WNVD65z9d7E9SmWUvm:56000000000000000000:OKDOT:OKMYTH
14SagCERtwHr3H5xnjjUHAGp7RRwgmr5SqTLDgPxq4i3yGHn:56000000000000000000:OKDOT:OKMYTH
1uz5XLAZ1dHTcHGZ4pa166r2WoZ4aHfKMvKPTbXp4T4Sxdd:56000000000000000000:OKDOT:OKMYTH
15y6EwSh3xRVWjaucW4fLgtrRTK4RQ6FV7J1RwwFV8NAocee:56000000000000000000:OKDOT:OKMYTH
15FZRZZSUb1ZRJeVfRVPn88ech5pb4gKwnkEMTEsV2Dj4scV:56000000000000000000:OKDOT:OKMYTH
13KEA9niGHYwwM1dwC7acZLrjoDveQJfGxmJ8pEEbyrGN6n4:56000000000000000000:OKDOT:OKMYTH
12TcRxAGLBWMA6ZLAzuxFut7NbMLVY5qyjMHZdG44NNqAA24:56000000000000000000:OKDOT:OKMYTH
14WC5xqPygjBCax6NG7G1vy6vf7nxg7R6GvSRWj5MNY7jbQw:56000000000000000000:OKDOT:OKMYTH
15oDTvWpkQcXqUiGn2EabEZNEAMASNTfBA3uwDbqg1AAnL1w:56000000000000000000:OKDOT:OKMYTH
1sLuFoBePayVaWgr3sVcP9fr9C4viyKnRp5iEnF2Qt7BSoR:56000000000000000000:OKDOT:OKMYTH
1HctGVSjiNyXpZGFShB4zak3MwiFx9Exoo9eKBvcMXmRfsk:56000000000000000000:OKDOT:OKMYTH
14grotktpbdrP19gzGy3zfp1i2VbEUr5ZsvP75mUznKpbdm:56000000000000000000:OKDOT:OKMYTH
14bEWP7oKHVYuzLtj3iCC3HWey1mpg27TtBzRzrNcC9MQ5ct:56000000000000000000:OKDOT:OKMYTH
158cprtv3gtfawa6saV39uVrB73yqCYYqh3Enpns6XAgbNm5:56000000000000000000:OKDOT:OKMYTH
13TMuEh73CgHp7Zy7UYoG1eAdCNNVoKkWj1gcdtSujQErtrD:56000000000000000000:OKDOT:OKMYTH
146JQHBvE2vg3RWBWbyx1sK2PNYvYDmUkZNhuwWUtBDb4gxW:56000000000000000000:OKDOT:OKMYTH
13NCLd3foNpsv1huPDzvvfyKh37NEEkGFotZnP52CTR98YFJ:236000000000000000000:OKDOT:OKMYTH
