13TM8mZxzssb3vrJ9DHX1UhF51LkKK4WtoCieM8GnA5TbrQ9:17000000000000000000:OKDOT:CHECKMYTH
13ihaaGzkbKuD9qwho2SSWy7RtjZYJD6GTM8Bk1Q1mC7EJjE:17000000000000000000:OKDOT:CHECKMYTH
12Xukqr8c2HrGRRnJdudPLQDn6prEqEZYqmwaDaFWxyMKgkH:17000000000000000000:OKDOT:CHECKMYTH
14WubLwv58pMMSFUUrHrXi41x4e8L2qe6iw5snuwdfmbEHtU:17000000000000000000:OKDOT:CHECKMYTH
13v625aw8dkfi8pTUup1quWjFyKNWveyd2qhgUcDbf84bbAK:17000000000000000000:OKDOT:CHECKMYTH
13iXaZ2d5S4XegfQXm3EB1smDFgBw3rD5DPrpFxcjavpQZPb:17000000000000000000:OKDOT:CHECKMYTH
12YsANg9nywwRZRumhJQXwPvX6QP8P3RiztvWhwmQjVgFodF:17000000000000000000:OKDOT:CHECKMYTH
14vzGrjZVkRCZHX7goHzfqHr1xGDFz3XBSi6vp4Entjr6DaF:17000000000000000000:OKDOT:CHECKMYTH
13WfpPHfHyvjJK4NoXSGZmDXubt8AHXGAtM6EXPdozFL2WC4:17000000000000000000:OKDOT:CHECKMYTH
13MrQGFP8sHUfMDTZgGmCUZD4yGkaNsXGJRnftLusaVknS9i:17000000000000000000:OKDOT:CHECKMYTH
132776wPZhW8nkxSn8jLuNmiUfboVschP66ZWY6N6JFQMhMj:17000000000000000000:OKDOT:CHECKMYTH
14uNskXCpfZDizcocP1nyTfEsvE2ijuhsCeL7Tde5sobuDhw:17000000000000000000:OKDOT:CHECKMYTH
13wgrmyHAi8NWfySZrpMo3JXoMYPvECh7E2YChSfoJGeaurs:17000000000000000000:OKDOT:CHECKMYTH
13NbgMdKLcjn1C4TRWFvNwt7Nn4iBuwaPvMjFdZAjyDeixTR:17000000000000000000:OKDOT:CHECKMYTH
132q8eDsK6Ei6xYZCgKuYGXXzZHeQMyFP5qX6oGSuHcBPYeb:17000000000000000000:OKDOT:CHECKMYTH
14T9QzWyvASRHBTqhwRVg2HrZ8NU7y4Aqbsys81xLzkL1vHf:17000000000000000000:OKDOT:CHECKMYTH
13wjcY4nQkfJsYEegaeacKTYVbEFpd2kUKuVNARmFAj9iuRg:17000000000000000000:OKDOT:CHECKMYTH
13pXKZgejCqvGHdvjbEFvxVRvBocczSKS9L4UU6rySwJU5g5:17000000000000000000:OKDOT:CHECKMYTH
133XTuTBG7x2MEGMSZpAhY85Y7FXiopCGtvd1rRTmSkUh4dP:17000000000000000000:OKDOT:CHECKMYTH
14t2k7iuwqHceVnoqMFRPmn1dJzAMKu95zbpeirZCo9C99qe:17000000000000000000:OKDOT:CHECKMYTH
12vLchwkXApYZBRDXM42aEpwK9vbkhPXm1KY8juoXuNweAox:17000000000000000000:OKDOT:CHECKMYTH
13QQBt58v2b7LP5PuCvzELwgaJku9v3WdTiPjfEKps2Br1Ay:17000000000000000000:OKDOT:CHECKMYTH
1367DzrNXNXqpHnDLWmXbtpNsi2Dj2gY7pkAT1pUByWSaAWx:17000000000000000000:OKDOT:CHECKMYTH
14QWXmDHLXvhm75niX8wscvze93AKTMXZqP14XgMfgqBSMkR:17000000000000000000:OKDOT:CHECKMYTH
12uExYz7gY8zJ5fZ5WBfsfLhvqRkPUKkBgmdvwKNqcd3a4GC:17000000000000000000:OKDOT:CHECKMYTH
13SfJjRKV5Aqrs9eiRXTQYaDDNr5qtjKM1URc55P3XK9GyJo:17000000000000000000:OKDOT:CHECKMYTH
136deGcBwgW12umjyC5truo1ewbrnM35s7znv3Qp9AxThvdL:17000000000000000000:OKDOT:CHECKMYTH
14PnsLeTyovxc5SNR1n29izokA9ZLVjW7mDi71HribZDeppz:17000000000000000000:OKDOT:CHECKMYTH
12uaXT3YLkKWD18Au6FaL27ELG8bA8vc7JJVq3oaSy182NEN:17000000000000000000:OKDOT:CHECKMYTH
13ubMhNUMaPo1XJUQcDMfj1ybXctCZaM7fRdfLXtZx7QHGmV:17000000000000000000:OKDOT:CHECKMYTH
13acXSjiJFR8eWFkmBofKo82geRCyxmzZ7ukwTGmnrGAxEXf:17000000000000000000:OKDOT:CHECKMYTH
14ooJ18XhCxrFLzuWfT1wCKA31y6UwHtHyCEt8zVv1eVjHQm:17000000000000000000:OKDOT:CHECKMYTH
147UAWqD8QrkbAVWmy4PybQ38nWNGtVyEWuno9XJLWXKK89y:17000000000000000000:OKDOT:CHECKMYTH
13uLmzdiBEirHVicVxssFVGhbr9184JhXFEPBjQrnhUuz9zW:17000000000000000000:OKDOT:CHECKMYTH
13CZjH8sk7hWt5UEhz97tq6jXS36Z3MJemqvMhNyP98XBxyb:17000000000000000000:OKDOT:CHECKMYTH
14mbvWyhS9REz8jUW7faDHLSceAW9VZAncwVM4fdZASNXgm6:17000000000000000000:OKDOT:CHECKMYTH
148HgD3z99c9hBMurrobyctnN3QqWGud2RMYJki4tXLWX7x5:17000000000000000000:OKDOT:CHECKMYTH
13V8FekkL39Hp3WYZ1gPrqJSVHnjt5zj6dKuTH2x548iBjet:17000000000000000000:OKDOT:CHECKMYTH
13D6cz4LUfdr6xuRr85xA2ukUnG2PtyGFbocL4XfbnK2srKW:17000000000000000000:OKDOT:CHECKMYTH
14Ls7KgbtmEuor7RciW35834WW6Mde6F7WQRED9UtVkXboNk:17000000000000000000:OKDOT:CHECKMYTH
14AsqNsc54UZyrfTcu37MD2kwm4r9wk12nQuKPLSZCocH8a2:17000000000000000000:OKDOT:CHECKMYTH
13VFkrgG4MKrDWZJYLDDTc4PjmGNahF4LeFLghNcMtb53R89:17000000000000000000:OKDOT:CHECKMYTH
13du9eDEB79vTGtHjxEHttTww6SV3MG9APRdeyvED1YwTaLL:17000000000000000000:OKDOT:CHECKMYTH
14iBamxTd4X6WQBb47CZdRoPK4aZ7pCHQsV3iusmzLzMt3ZF:17000000000000000000:OKDOT:CHECKMYTH
14auHaiibqV1xCPVJujADS1Cw9A6WCMcGMewfSzkzeRSkVYm:17000000000000000000:OKDOT:CHECKMYTH
13VSWpHcXXECuHvXPmM54T8r1iqmRREY9suKtFist5sEqU4u:17000000000000000000:OKDOT:CHECKMYTH
13DZmVqT4CBeMZBgAgtgwHZ1cmkYD7qq2py6KV3brLwYoUAz:17000000000000000000:OKDOT:CHECKMYTH
16B9Q52evGxyPywJQFrQH3AY54av4ox3cpewgo9y7MJrmCiy:17000000000000000000:OKDOT:CHECKMYTH
14c1nT9Ffy1XAxUCrJHupih7A4Ly3ecYTbmWVCDVUjcgv1jt:17000000000000000000:OKDOT:CHECKMYTH
13WHZLbxRUkLGnD49eeBSbhVJXZVWDpq6Rwx5cEz1pAdL2KP:17000000000000000000:OKDOT:CHECKMYTH
13EbA5Lr6BG4ZtYRw22sA5vRaSZBYF8NL5rioQbdDN3pVZkE:17000000000000000000:NEEDED:CHECKMYTH
16AVYdXFDnfs35eVSk3H7qG5Y4sebHtHJDRvxRNhk786Y8Y7:17000000000000000000:OKDOT:CHECKMYTH
14dceTV2zdb94AaRstPGCWukjfHjYJv8yLh5Dx1yRTvZ68AK:17000000000000000000:OKDOT:CHECKMYTH
13ZgavQfDH4KCptmZ9T7oZNEVHU77v3nz4EM3j1KmQBMo92Q:17000000000000000000:OKDOT:CHECKMYTH
13hnMUpxEsgAKZiW9BgaBBZCz4vspvTFHRXrGKHfjiZHtD3M:17000000000000000000:OKDOT:CHECKMYTH
16AuALL83NNfnPUPbQ4wqY4qdpiTesrQC2BF3hnJEgMs5g4e:17000000000000000000:OKDOT:CHECKMYTH
14devoQk5Li6yfPivPnMzMVTZGjG7vj3hgY1m3BT57qihM9u:17000000000000000000:OKDOT:CHECKMYTH
13ZkyPfNdEmmVzaR9KdRWWTpdpdtoPfJD4W4zj5dNvm5dL18:17000000000000000000:OKDOT:CHECKMYTH
13hzqbW8xe45KuLsS2UfQwsF8DM1d4NxCgVkz9smvjRtNxx5:17000000000000000000:OKDOT:CHECKMYTH
13QRgokCpZs31DJdT2kJhUBtcCsw99RspcMauJz9yoeieYS7:17000000000000000000:OKDOT:CHECKMYTH
14DNyWBM9Jpp9FQEUPf3CFEUXJMdy6KoS6WksVKPjS9HKFrf:17000000000000000000:OKDOT:CHECKMYTH
145UinZgjkJ6r5jKtKDMXCyeFD61Mj1oeCA3em9CvZTAvcCD:17000000000000000000:OKDOT:CHECKMYTH
13KvPvGJj9P4aGFFm7dZ9hN6iyrhxj2RBvEFmdtNrVPdwDBw:17000000000000000000:OKDOT:CHECKMYTH
168KFXb7kwu59WwNuuJ1qWzrsnhkR4Vb5jVd1VHbVC6vAaM5:17000000000000000000:OKDOT:CHECKMYTH
14egGLCGTNYc5umt3unQcCaaT1WUv3V7x69piW1ndL1eAkJ5:17000000000000000000:OKDOT:CHECKMYTH
148CJ4YWTKpLTefNw6kGuhVd7RBwgsuotGvEq7LyciTw4pzZ:17000000000000000000:OKDOT:CHECKMYTH
13mRwsKnTt2q8VmKmdTFs1ZB7dBr5GdfRKPLBhtC2jZ33LXG:17000000000000000000:OKDOT:CHECKMYTH
13sTLbN29dPkmYzXRfEh889mgFeYJN6eKp9QKKdFHNjJZaLV:17000000000000000000:OKDOT:CHECKMYTH
14Egw4eS7f7fk3rQYvsRbeRGJ25embZ9Hki7ZA4iNPnf1XDc:17000000000000000000:OKDOT:CHECKMYTH
149DEesCqwP2je34J9NQx2jJ3NPEDCweRDWkhyWpVgnYpQDE:17000000000000000000:OKDOT:CHECKMYTH
13T3reLozqXVkeETyc6b9tVRFHZBmc7YFBgejo6y7N3L5VKU:17000000000000000000:NEEDED:CHECKMYTH
13sVrkVCqaYs8uEWMfPYnC3kkWafkPfvNgMayAjBDVAbbtb7:17000000000000000000:OKDOT:CHECKMYTH
12SxhefvVbqbPemMHm9QqJcqsTeEhrrgFhutjiskPDrzaLjT:17000000000000000000:OKDOT:CHECKMYTH
14bH7BSTwjezZuNewAACiq6ugy8KjwAKJ8ZJvJdsV7xeXpoM:17000000000000000000:OKDOT:CHECKMYTH
13uM5JZhBJjDNpofjhZdbFgaoJTr6noZ8TfA72gxeFYoRA3X:17000000000000000000:OKDOT:CHECKMYTH
1657U1sUifSNcc65Ty4GRX8B44gRgu5nPU9nkS4W9Gj4nMEw:17000000000000000000:OKDOT:CHECKMYTH
12sWdxMTMcmfxZvPLwWBSRBxT6nK6YqUkniAeoDXNfWArgJb:17000000000000000000:OKDOT:CHECKMYTH
14cSHPfdJ31LN3LsJGwVbei9ga9CbKdRgbBUgx411M3pejG6:17000000000000000000:OKDOT:CHECKMYTH
13UVJyLnbVp8c4FQeiGKGQH4icDbUEmkGJyvu9bJJrYvpvna:17000000000000000000:NEEDED:CHECKMYTH
163JofbJcKK7merhtMiiUoGGQEWSNi31DgJJ5JiH4UwmQrjk:17000000000000000000:OKDOT:CHECKMYTH
14fRSpJkvFJdmGFTsFXa9XgpKGBB8KxqQMfNGsHnnhTxjwyA:17000000000000000000:OKDOT:CHECKMYTH
14efbDhTuquTy4m8pSsXiX22rNEiwq33WhqjQo3kQxx3pXb3:17000000000000000000:OKDOT:CHECKMYTH
13vfKCskyWpAjMc7vNt5mLeENqzqc1xgDnHQ7FtBqFnddV3R:17000000000000000000:OKDOT:CHECKMYTH
15zGZp6Pijgn5LGd33gWEPt1XBEpBt4RQgCdbQtB4rTtHF8N:17000000000000000000:OKDOT:CHECKMYTH
14gP8Rm6xAhaQThu1jgFN6jXEJU94oBqPvMJXvehmp4TKmXv:17000000000000000000:OKDOT:CHECKMYTH
14hwk76dR3xKQADKbzDcFETU6mzvb3WaAkZdKpF9NumfWyrE:17000000000000000000:OKDOT:CHECKMYTH
13Y28aSdNGMjjQhgknHZUsUB7ERETSxe6hsmQRyQ1qM3RMBe:17000000000000000000:OKDOT:CHECKMYTH
15zA2DmEuaRpfQjKEvNyXEceWj49pJAih9vxuK7fx6c7XYcq:17000000000000000000:OKDOT:CHECKMYTH
14HbjH53aJRSvEr8daNqqaStNVHEbKTJjyBRsiYAXo1oBriu:17000000000000000000:OKDOT:CHECKMYTH
14JtH8ghAyuTfqHgi1441htva9qjob8yTVrcvE96o7y2oUdV:17000000000000000000:OKDOT:CHECKMYTH
13zgmWskE27G4GRici121cdfeAZeDyhcdxS2fY7wD4WjSYPu:17000000000000000000:OKDOT:CHECKMYTH
15Z5w1Vmmfywd7ahuRzks53ZggP4gDLUhNDwuAKZ9H872jsw:17000000000000000000:OKDOT:CHECKMYTH
14JKsRgg6NVdfvizGh8sve1vrJvQMqvE1RUKHVyqp5obJVp:17000000000000000000:OKDOT:CHECKMYTH
14jXZN2zMz5bRGcpVHDbAr4KMD7tZqDfXg9uaeuPUKegqe3u:17000000000000000000:OKDOT:CHECKMYTH
145VuCmmKBx4vR9jN6tUBASGh7KyqjXG4LQi87Fa35TfRDGK:17000000000000000000:OKDOT:CHECKMYTH
15X9FyVgyYVLwX7tPhpAQg3LpeB9QFq5bX5WuHZ2RrnVqLCi:17000000000000000000:OKDOT:CHECKMYTH
12SNWa4jseuzQ8Wxr3j2DZTU4CdqGU4o91XC52EjGGjbRWfe:17000000000000000000:OKDOT:CHECKMYTH
14KBKBoxBFZSgANsx6M76G8p74X6K8diWAVgnvPsZSgexCGX:17000000000000000000:OKDOT:CHECKMYTH
14BBnmBwCtR2zxzojUc9mnsqRr4rXdPD6aryvcrRHWZYv4gB:17000000000000000000:OKDOT:CHECKMYTH
15VALKxfRLe5sdidtVSwQBibSj1TLG2wj5EqBwpmprFVU8iY:17000000000000000000:OKDOT:CHECKMYTH
14jVw4Yo5CuNpBgU3yrZ4raQV2zHgFFExjcYQRqfGi7Pp3WW:17000000000000000000:OKDOT:CHECKMYTH
14N7Co8NWeKSykaSPYNrs5jHYGz5dpEeEAPhJaTSdd4FimVg:17000000000000000000:OKDOT:CHECKMYTH
14fSV5Jh1peALuR4JjTdhdH9zvi5x7xJtR92Naymy8LExYrw:17000000000000000000:OKDOT:CHECKMYTH
13wmn7Jm5bQR2eyfheKD8GdEnyzHCdETGEQurp6QUWB5Rev6:17000000000000000000:OKDOT:CHECKMYTH
12sMbWKtQeeEj5vg3EPgfURRT98vTWZA3CE7APtmvVJ7Ag9e:17000000000000000000:OKDOT:CHECKMYTH
14P8QcqW7pu5GPVwsJXtH27kKmVSWEgRimYWAdu71r7pxJUT:17000000000000000000:OKDOT:CHECKMYTH
14gfXuaykwzNFwTFL4kYh31aA6qeX6bZsEoScii9A3345WER:17000000000000000000:OKDOT:CHECKMYTH
143iQtFTkokRc195K7YjvEtViDsnMqrEQrM3rwjupBhDXffv:17000000000000000000:OKDOT:CHECKMYTH
14MmGdXhX7afKYRcfqhEpjQfV1bZt6LAJomZ5LyPNkHUfHft:17000000000000000000:OKDOT:CHECKMYTH
14PdZXvd1KVkzcfwmVxmcxvEdLfByJGV1MmPoGFd1hGiupe9:17000000000000000000:OKDOT:CHECKMYTH
14JtNN7NX7dMa3CXzWWeSXumkpGtkMRxQEDMZYobBxfEafmJ:17000000000000000000:OKDOT:CHECKMYTH
15qqyzaxhnqedMo6dJ5ViMbgmGbCM7kW1USsuAyn9MnWeiyC:17000000000000000000:NEEDED:CHECKMYTH
14MPF25uRbLjQLnoKDHf8CsyBSr88hmt7tP865ywVPuTJEXf:17000000000000000000:OKDOT:CHECKMYTH
14Ph1hmZr7iqALDVTDCkpiD6zwWfwSonrm31JjDjJ783neDk:17000000000000000000:OKDOT:CHECKMYTH
14K9Fkni4VdjJZ7qKNFdVWp1cAHtM7HP3Z4nAs7hbEtgDiPo:17000000000000000000:OKDOT:CHECKMYTH
15oBDPA9UvRrHGcDwdRDDE9djsHC1wzx5ZBkhXXj1j7m5Hec:17000000000000000000:OKDOT:CHECKMYTH
14MsHBKt4gjLQxouWvYjiCTuZDjCX2S9dsDQtJ4rizS8FYYV:17000000000000000000:OKDOT:CHECKMYTH
14rwUk83Z4dESNsAXK3RvpbvhqF1rySztexBasSVuWdpv6mS:17000000000000000000:OKDOT:CHECKMYTH
14KjdxkH58UAFXGBT8WHqG95y7VQi59cicWxezeYg5eYtu1b:17000000000000000000:OKDOT:CHECKMYTH
15N7UQvSyqZx7fSu2GdKJBynuFiECTPok5VAw1ECiMi4BmKR:17000000000000000000:OKDOT:CHECKMYTH
12Rwqc8Ymk6DUjYNyFa3KWqiVnxTm3qkFjjDa7tD9Q6EcU1c:17000000000000000000:OKDOT:CHECKMYTH
14sAk6mnXxw29AtT68dVkA3TJ459d6DbEa3ccvscLk8gUBWq:17000000000000000000:OKDOT:CHECKMYTH
14MgHbm3YQ7DSSyVdy5VfhcxBqFdLSWhcGtFrFtjrAfcKc3g:17000000000000000000:OKDOT:CHECKMYTH
143PQmCe3ggkwEwxvYAXyKYixGAds1RVg5LiNccmfTESzqLL:17000000000000000000:OKDOT:CHECKMYTH
12PsdSJTwHmfLdzMWTnBwj8ZpkJCYUznkGMCiK2ZNXDLeyBX:17000000000000000000:OKDOT:CHECKMYTH
14Sj6ER5VnZnfrPchHs3nxj7FaS9TjThXNiyAdSMwij7hn39:17000000000000000000:OKDOT:CHECKMYTH
14N2mhzS9EAThPi6BExhCCnwHvB3npmZ8MQYRLaTT43vVajw:17000000000000000000:OKDOT:CHECKMYTH
1447JRCiJh6HRhHMNUQE1ZAjban2At5Cp9SYpMyQwwtB4t6:17000000000000000000:OKDOT:CHECKMYTH
14Q48BPNSLDFXPRHrWWT846Ns7LqdSHD2iVfuP31ZsozsfnK:17000000000000000000:OKDOT:CHECKMYTH
14Snx2iSmsA6ZHFGxSnvzMxc2jzmoNvQ8V26VJMgQLgYnPfA:17000000000000000000:OKDOT:CHECKMYTH
14QYAewbf9FBW3u2RkLbG61gJXsZntr6vVsjcp9eLvaKJsHe:17000000000000000000:OKDOT:CHECKMYTH
146B7MwraH1Z8yCQbpDvEYSVe2fYx729VMhs1nojT7o1yApY:17000000000000000000:OKDOT:CHECKMYTH
12pkgoXvkWsTXwXRoanHDcgMgq78dNhp4hdCfv9WSTiSTLJi:17000000000000000000:OKDOT:CHECKMYTH
14ukpXa4CUZfwEewzkXRnjQhoyPYTpq978kJycwMNxV7PeZA:17000000000000000000:OKDOT:CHECKMYTH
14rUkKEzaDC2sAe1xrj8Qx72jLhmTdV5m573pkmF8RkbGe8K:17000000000000000000:OKDOT:CHECKMYTH
15HiuEVb1i2JmLx4FrSmo4XupJXgRH8gi8BAQUxRmdmHUC3G:17000000000000000000:OKDOT:CHECKMYTH
14V7BBy9ZESy2T1MW3EWh9PBKa4wULD3xdSHFuHBNBP3dE69:17000000000000000000:NEEDED:CHECKMYTH
14Uw4zqj8ShAhKrTW7zKGSryPUt2SA2HU13wtQGGCsPpCEyN:17000000000000000000:OKDOT:CHECKMYTH
14Sf9jBVDU5vRxAmcDbJJAqp1twmvv54EWAVyAw2atoNUyTZ:17000000000000000000:OKDOT:CHECKMYTH
15gB5K8zonS53yx6VHuq1fZyejxb3AWmPdBrDnw3qKRM4K45:17000000000000000000:OKDOT:CHECKMYTH
14WBt4Xrdqndo3bwSo7dHcY8Ag48M7vKRMxZnthvTpouN67N:17000000000000000000:OKDOT:CHECKMYTH
14vEL246RkPGGkhY7c1YCsLm4smSC6MxT8AGmhJkiUF4NAfX:17000000000000000000:OKDOT:CHECKMYTH
14takENqE21Mi2TnDj5kng4UupqLfCkhBVD7eYDyRmkYFhu:17000000000000000000:OKDOT:CHECKMYTH
15EnaqDFyzf3WmkZi9hNpuRyEvvuRiw22hx5rFkKsA3MSUMp:17000000000000000000:OKDOT:CHECKMYTH
14yEiqcFsekavaGYpumMioYLk7PrcH3i66P4t7m5j3ef7YX1:17000000000000000000:OKDOT:CHECKMYTH
14xbteYSrHmRPY8CuTqj7fvnLdBYhPvpKjNHmK6f6afMUgBU:17000000000000000000:OKDOT:CHECKMYTH
14w4GxRC7QscWttAEnvLLaZDcaw7VwXQLmkAhQxhGz1iEUbb:17000000000000000000:OKDOT:CHECKMYTH
15aVb9HeNFwsKP3D62ZrHLNdqeTkEKqrfeednfn34aqk4LJL:17000000000000000000:OKDOT:CHECKMYTH
14zTpgPje1uBGW8VxRpteCu1jTJyviWK1tMEC5eE23Zx8N8z:17000000000000000000:OKDOT:CHECKMYTH
14ykzZoyXrT2J4Deo8N3bRbXTiJwFK8mPHytGE9uthHWXrqE:17000000000000000000:OKDOT:CHECKMYTH
14wzUeyijn9MJLvQuiWVCCFUKAwYQpwNjMqiSwsLZcHR98ux:17000000000000000000:OKDOT:CHECKMYTH
159hqykYWjJKHxfbeVnnwmCxYfBedmnkbNepSQjbyv6roDF1:17000000000000000000:OKDOT:CHECKMYTH
14zY735MhC1zrqNo7T3obfEpmuWZrMeM3j2C5P7cfhc9FsY2:17000000000000000000:OKDOT:CHECKMYTH
154jMzbjdL8eAxXA99zCie2AkyurnSE1K84LyW8AjDa4a8WR:17000000000000000000:OKDOT:CHECKMYTH
15aJE3KMXyFegGj42YgNirKVX8vhAhTtS9RQd4RrzSPdB2ET:17000000000000000000:OKDOT:CHECKMYTH
157dvKtsKey2Uorq9VnJLmYf1328BwDFXXrdFwVq9hFgw9Yu:17000000000000000000:OKDOT:CHECKMYTH
1545pHMHCxuUJ9gpDufsk3PCALmeuHb1tJFQEWFsgaCsFhhJ:17000000000000000000:NEEDED:CHECKMYTH
156F7LAxo6gKGDHaweA7mvfEQa9gaYtCkVBEaQ9cZ4cveWdA:17000000000000000000:OKDOT:CHECKMYTH
15c6U6KqdrDVwvaQbUSTVRXA1jXZi3nfsCjAZb3P5YU3f7B:17000000000000000000:OKDOT:CHECKMYTH
155q3zR5aX75PvBLdj4MPekEGkWVZ4P5CSUcLEupdKMMqpiv:17000000000000000000:OKDOT:CHECKMYTH
154HYBmFFx7iuZF3okzY6ArNSyzPm93xY4swHS1F3DEj4dSi:17000000000000000000:OKDOT:CHECKMYTH
158MMoPPRtGvqPJtSdQxnra6kfxDpdCiCCFrc2sLLCK8dLA9:17000000000000000000:OKDOT:CHECKMYTH
15csgDs2nvNyGW1MqDjAcQBN2QJpG4fuZdikBMRB6NTST35r:17000000000000000000:OKDOT:CHECKMYTH
153WFJ53uYij89GXtMVWU4JLGhFai3AYnwH47CT2aSzBPBHh:17000000000000000000:OKDOT:CHECKMYTH
157aozzKVfnQp3oAiYr1i23ntbCXeXi2ZcXCw41G3vyqjSH8:17000000000000000000:OKDOT:CHECKMYTH
159Q8MdW8MDaDq9w55fJbQHoKBHmDu68nXNnuDjPC6WxHqfS:17000000000000000000:OKDOT:CHECKMYTH
15Fg8gBeNgCifuN42sKUQa8uEPxDwttERYU1A7e54wqdph5Z:17000000000000000000:OKDOT:CHECKMYTH
153g5KDZc6vg6ozVsz3UYKua4mDabECURkc9r3WbpAXSh2Q5:17000000000000000000:OKDOT:CHECKMYTH
158EubgNMX1dbyEscxayrcwmmBfS8C8cJg2UxnMqh57bFNru:17000000000000000000:OKDOT:CHECKMYTH
15B3RkKwsAiMHKak9VPdUbzJvkY3zpGKCPm5UE7vYMUWYymJ:17000000000000000000:OKDOT:CHECKMYTH
15FnLLEvVh83ErDG6B38fVz6HHXW7Zhux68vXvoxgKjrYf3X:17000000000000000000:OKDOT:CHECKMYTH
1491H3Pkxn4K8jQhDEJjQRtQYHEQSPcwwSwTuEubVKPjhceV:17000000000000000000:OKDOT:CHECKMYTH
158TVaANV1uVobYV93sKXKKF3tzpajobNNq6P2UvW5k7L5fi:17000000000000000000:OKDOT:CHECKMYTH
15DAN521gzGf84VLW3a27Nex9hV2RMChDENrstDTPYw3d2gN:17000000000000000000:OKDOT:CHECKMYTH
15GwHZ3cGMnd4BEWEobTHHzxNdGEwKty4gtnNHTCjz2p5WNU:17000000000000000000:OKDOT:CHECKMYTH
14ZX8brXcgeNYhAkX4cxo6f6icuWZLkdhdd2ET5g6geZn2R6:17000000000000000000:OKDOT:CHECKMYTH
12iLzUFfALdAzmVUMCeXsZZhxdbCrs8nuAR4KAMtHn6RLaV5:17000000000000000000:OKDOT:CHECKMYTH
15EG2QxiZ8WaxqvoAhbpjG6UQnwE7QtmUCmfgC1xA25ZGqoE:17000000000000000000:OKDOT:CHECKMYTH
15Hju6jCpAGMiSA3HCRrMVYMDreuEhiPS6CBd2cj8JJEQSLU:17000000000000000000:OKDOT:CHECKMYTH
14yLvoCGmvU1hQFLXZf5vjGk6k2jY9jamCzDFkZPMSYWuL8M:17000000000000000000:OKDOT:CHECKMYTH
15cMHCmsq9pRm5XVRSTY7e9aEEUy5m7o5prgDJzVM3Gv1utk:17000000000000000000:OKDOT:CHECKMYTH
15gEdtow8BYMi3BxxZ9DJy1JHdeWSvzYb4376DF7ip6gzg3M:17000000000000000000:OKDOT:CHECKMYTH
15nbWZXuD488MGz7feTFkF58GKiksHB3tMhyMXKdWkCXXwdF:17000000000000000000:OKDOT:CHECKMYTH
14Vsrbpt8DvwQt8zUZ1aeK1goCCS1KwuX41GniQ7PPWM6nF7:17000000000000000000:OKDOT:CHECKMYTH
15CoLCxyHLdKjojPsFs3gY6TfZJWF9M4zTkhRVqDCXBG35SV:17000000000000000000:OKDOT:CHECKMYTH
15ggRuS41YDcT9ti4XvzWAHroU4UHg5LWnbRXyhH6hCLQzJB:17000000000000000000:OKDOT:CHECKMYTH
15RG4gQ5AQ9R7dRytuhkCKBaRmwB6ymyUNaE2fGVpn6574Nt:17000000000000000000:OKDOT:CHECKMYTH
14VFNt4YNpmEoxEzyweQiDhEUMcWt5vMvtaGqrkgG6jWffyM:17000000000000000000:OKDOT:CHECKMYTH
15CtHCspNsS5M3PMUfKWMGxFV4EBd3Sx5EHa6BZ9D7D4JUMQ:17000000000000000000:OKDOT:CHECKMYTH
15GZBcLv1kDvJxeNbVEpE9zMemrMwSPXdpd51R11x81Z6pkM:17000000000000000000:OKDOT:CHECKMYTH
15rKZt2CxvDNJHthntpmAvndxTZbW5qBMMeh13wkVQBvy6g1:17000000000000000000:OKDOT:CHECKMYTH
149L3bVyzK5kobYY9sohujEgDdhzHXMxkJy9BR8vaq4rA1NM:17000000000000000000:OKDOT:CHECKMYTH
12HVCGBFUABMsUqt57e9rmn4mqYkeEuDEUsftt5nDw58LqKd:17000000000000000000:OKDOT:CHECKMYTH
15K9SbujdV5cEDfvNKadSsBKN732M5Zj97aTZFsHswi14FUE:17000000000000000000:OKDOT:CHECKMYTH
15SdWK5dnUcGrqrBzmKviKnhLEhztWFTZNmxzDikn98cWp1a:17000000000000000000:OKDOT:CHECKMYTH
14bPUB5RGe13LUBtsypt1JoHWSGmdqXo9nBfyjT8orshiZqS:17000000000000000000:OKDOT:CHECKMYTH
15Ensu8TAyF9htyq9NsiTXtHofTLoWY45A8xhZAmtHeLCYPQ:17000000000000000000:OKDOT:CHECKMYTH
15KH9hYBRrMhBoi2cvwuMp3SKQaKLVfZUP71q6qR8Q6Wrb61:17000000000000000000:OKDOT:CHECKMYTH
15SmE9BXeEjbmDLDTd6qHoQ7GshxBvqzxMZJuznpmnKN4AXE:17000000000000000000:OKDOT:CHECKMYTH
14eh88cAJewVvytKD7qqbVRPpLCx3rj4smFDys1uj1Xtkww4:17000000000000000000:OKDOT:CHECKMYTH
15F2KyYegL8u99dziXUD2faEL6cNmoY5V97Zepi6sJK6gYjM:17000000000000000000:OKDOT:CHECKMYTH
15MqRBsoAZ4c19tVojdY11BP7SxVNUQ8SXqJPurh4QGPRX6Q:17000000000000000000:NEEDED:CHECKMYTH
15URXeNxaS8nMrFJUCViZnCzTbtQDB4nVAUaaFm1Y64jekXD:17000000000000000000:OKDOT:CHECKMYTH
14RTFN2xVzZCyGryunXSjnc69AFiZ3oYuLVm6zkTLuKCu7t:17000000000000000000:OKDOT:CHECKMYTH
15fAzYAbeh6UWxVRa1ohU4Qx6RiByA52UX2pZkgKrcdDijwG:17000000000000000000:OKDOT:CHECKMYTH
15NJ5GF1jfC7pKxU7sfLDLrvr865VLctiTtNqZkYw2w3dfby:17000000000000000000:OKDOT:CHECKMYTH
15XfyKLgCv77NJs8ejqRhCYdD3QXShpZwABioWLpJkBhgubz:17000000000000000000:OKDOT:CHECKMYTH
14rSrRkeNzPANxWPYpozK87AxhWKJj51dVncCkrzZkCJjAMb:17000000000000000000:OKDOT:CHECKMYTH
15Fmre3MQFimFoUPtLNb2HdPMBWtQEiy9CEAzywRD7tPvogJ:17000000000000000000:OKDOT:CHECKMYTH
15oNAhm12MpdcjTTJTXaEzJWxGkbfJ5tDVAShAtBxqq1bNJv:17000000000000000000:OKDOT:CHECKMYTH
15XxSJmPjTFr6rTaYVMo4b47bKmQ3uEQWVDTLrimVJFVin94:17000000000000000000:OKDOT:CHECKMYTH
14GmnujaHJC23vzFeiowGCpPxb1XD95wwTa1EEp1LzLLNKJY:17000000000000000000:OKDOT:CHECKMYTH
12HAA2y92SqqLzsfTQgN2nnosA8tMkfvfWDxgvW4DsyYRzCv:17000000000000000000:OKDOT:CHECKMYTH
15ox7GY1KNWrmNambBdWdfDXosiVFa5TtL27DN6DGUeLCAA7:17000000000000000000:OKDOT:CHECKMYTH
15yo5VAXk1ejbUJUTmiMzTfzHoX5nNYTf8PcebJnhw64uwc1:17000000000000000000:OKDOT:CHECKMYTH
14JkxHvGvv8WYhAnG2t4u2r73qXon7dAd3hDC5sTzBTkAzDF:17000000000000000000:OKDOT:CHECKMYTH
12FxpXVWyhuL8KcAoFpHQoc4HwKCXFRymoDr36drZAtwqbhd:17000000000000000000:OKDOT:CHECKMYTH
15rNThzw5fLewVym25TSuMussnoLtVH9WvbwYS8AGe5WeDBZ:17000000000000000000:OKDOT:CHECKMYTH
165epjQFfyNV9YifNnZRkSW8RmF5xp9zS3ZcqykA6ySBCXMJ:17000000000000000000:OKDOT:CHECKMYTH
14h5SZaxxRLP6WiG5oiVbMPfitVFZJT8ewwFmRbBRynLaKzu:17000000000000000000:OKDOT:CHECKMYTH
12ERqMdZrhKmweP8scNRXdZ7ygBbdfmw5zz4RWPjvNSTcudz:17000000000000000000:OKDOT:CHECKMYTH
15tUhVMppY6MGFkhVpMXVbWY1kXLPKNMtKksWujNS5QQTDSx:17000000000000000000:NEEDED:CHECKMYTH
165hSetx7mp3CWwE78FyMWmZ3aGPQBbztvVoLH2mjqccEdrd:17000000000000000000:OKDOT:CHECKMYTH
14GSrbYwFToy91DeNyuUWccV35TjqU44vJMTCKV91qB56xa6:17000000000000000000:OKDOT:CHECKMYTH
15mM6rHuPmYR3chfgXyGjiX3tZqLJVzUqN8S4T5kPLJHh7B2:17000000000000000000:OKDOT:CHECKMYTH
15uv5kUP3vkY7Jy5EFZAZpK4mXnkyBuPVSrSmMko1HkMcBpc:17000000000000000000:OKDOT:CHECKMYTH
165Nut8eN1cQS5Gg7dzqA9Q4EaSWmUwVuMhWEMkVX74Ke4A8:17000000000000000000:OKDOT:CHECKMYTH
14DPdmPCXAcMJSf3u1ExNsAz5tfPVQ57X9hcVpWRxw2bsijp:17000000000000000000:OKDOT:CHECKMYTH
15MoiXAnvfS7wcsSd49LstoBFtAinwYFio1Gm1gDo35GL2jf:17000000000000000000:OKDOT:CHECKMYTH
15V2sZAjz4gC3W3X62zd8dZo4e1eqTwmkmLx8P6uUrAAUQEB:17000000000000000000:OKDOT:CHECKMYTH
169deu8cDKq9ZbUW7rKuhehZm3t4pAkGyF99pmRH8aMFatBt:17000000000000000000:OKDOT:CHECKMYTH
1WrerS2kd4HeSeJ5fCSuE2VZsrws4Q9GHxw5Uzg6vHPUGNc:17000000000000000000:NEEDED:CHECKMYTH
15n6DtynYvr4bJ9VNbwKQctHH8q1EMUeih2VA7dqjQKVhGxH:17000000000000000000:OKDOT:CHECKMYTH
15vhTQZPYUN7fcaUUyNGsE8MsRo28vYNJXVLSawBdPhZpS5Y:17000000000000000000:OKDOT:CHECKMYTH
16AYg1krLZrceGubS1fvCiDJ86tnBBEZFkzDyBYTYMbErU8j:17000000000000000000:NEEDED:CHECKMYTH
167TAVYC3yZ1CeutPbeHXwMLdaXd496iJxKxudGcVMBCNfRU:17000000000000000000:OKDOT:CHECKMYTH
15NmuFa9MDSqgsBfcNJZ77dmXAQ4tmpkGLiJNqNeH4KgKBNq:17000000000000000000:OKDOT:CHECKMYTH
15yfu4k8YhUXg2EnDEscbBgy4ivi8Btwv8oNWdb8RhaFRVYt:17000000000000000000:OKDOT:CHECKMYTH
16aZVmn4TAeidcyQdVCNw7iRR3TAD7CS1a6S79sy71xhoYwh:17000000000000000000:OKDOT:CHECKMYTH
13fnQo7vkjz3G7B7ZEWPncQBhBMq4t8RsswVHnemTFvU6B8h:17000000000000000000:OKDOT:CHECKMYTH
15nQ5FDzctouU6iTWYrVdCjeKnuSPsmqAStDTBz4ScTrmM23:17000000000000000000:OKDOT:CHECKMYTH
164sjn8LojcFk1Bkiy7BdQxk3qSAaxWuKd3kfrLV98sB3ZTS:17000000000000000000:OKDOT:CHECKMYTH
16CSBPGnSgwfziJdA2F8Eben5S66ym1qwj48ziNYz5X1CMTf:17000000000000000000:OKDOT:CHECKMYTH
13irrq97peASyD5LyoF7JExYenz8PbZecW8dMcS6FdYCw3ai:17000000000000000000:OKDOT:CHECKMYTH
15Sbg2Evi2x4UV5nZvNUditx8i5VFsaCK2xGoUAAzk6CTpTo:17000000000000000000:OKDOT:CHECKMYTH
165PB3WujdzouXg54HrinrBYPcKJgeDdg8LQa7MYxJ9HNHvE:17000000000000000000:OKDOT:CHECKMYTH
16egZWodZcvWi4Gn4Vqnt5qDcq5kJ92u3wjeVCkB3T3ZCDm:17000000000000000000:OKDOT:CHECKMYTH
16AZiznUFFVRHRvSBJpkC87w5bFURjYt7nny6s8ctUmQbesq:17000000000000000000:OKDOT:CHECKMYTH
15sd1HJ5LJ7gJiQh3JvfnJwnxGeRj77eDMhHXaZs56YxXgfu:17000000000000000000:OKDOT:CHECKMYTH
168jfBWE6FgVktTg51kWNwBDFNb6YxvbpLzZCGXerYGfVwam:17000000000000000000:OKDOT:CHECKMYTH
16FHnX85wwss1vdCNr49NUZp4e9GU8skiTGxCcMSqx4RgLhe:17000000000000000000:OKDOT:CHECKMYTH
14B1TD3qsFWCspp74Ua9hV9TJTcad2JgmukHvw6ZFHrRXGu6:17000000000000000000:OKDOT:CHECKMYTH
15TAhAsRk2vRPyi2TZEyp2Bt7GdAChUbfBtDJbTkpHAmYpiQ:17000000000000000000:OKDOT:CHECKMYTH
169H4dSkJaiZ3cfFpwdL3iaaXpB4EVkFxE9sPwA7MF4B84gD:17000000000000000000:OKDOT:CHECKMYTH
16FUnnZX7h11sxio9wu6DGGqD66z5vXxNLcXuSJFWFAjkaZ5:17000000000000000000:OKDOT:CHECKMYTH
12jKLErc3KWfvSCpMg71b9zEq1yUmdcMGDE9gJqTPXW6T7L4:17000000000000000000:OKDOT:CHECKMYTH
15tZ42Q64W6iMH6fvyMckiJ13KTghkywnaE6sbFovWHMTYpW:17000000000000000000:OKDOT:CHECKMYTH
16dJctWV2s98bkRT5Uyx3LryszwBqkVtwa8mJ7E3oTiTeci3:17000000000000000000:OKDOT:CHECKMYTH
16HMoj82KrNHgCH5C2FydViRBFtf26gJA6PQn9LnfwtqTp8j:17000000000000000000:OKDOT:CHECKMYTH
1WV4hLmnNiVKrfYrQ4acmNPDBvXb4fMdKqGnHDht3jyvt8Y:17000000000000000000:OKDOT:CHECKMYTH
12cQ4Tvc95CdNzpBadYtiQVqCsmitJiRaax3HamgkVHoXNs4:17000000000000000000:OKDOT:CHECKMYTH
16DQMEWC8g61HEmsUjvL8zCFZycNeXP2eBBgymu5FeZcrjn1:17000000000000000000:OKDOT:CHECKMYTH
16HRgmqvunvdRLctbZ7XivNAXaFVCTKAzBr7E4Pm4qtXyamE:17000000000000000000:OKDOT:CHECKMYTH
13jSzo7EMDx7XMhLyfSe1kFNVrykgvzGRsiRivy5BtLgEFjR:17000000000000000000:OKDOT:CHECKMYTH
15uM4ExpXYtXiv7yu1Lzrmv58w63vUMSydPimxyeeh9dTRzN:17000000000000000000:OKDOT:CHECKMYTH
16dtx53b9ArwS8rCR1XUW36b3ZvV6LkqDr2Y1RZAzyGyPdp9:17000000000000000000:OKDOT:CHECKMYTH
16hWP4v1gphwFvnN1781e52enaHvb1THbzoNtu5wgwCfXnQ2:17000000000000000000:OKDOT:CHECKMYTH
14mtpUnuU9oaijGXqwk44myoZHFHrAh2yzaNDC9XcvAEGnrJ:17000000000000000000:OKDOT:CHECKMYTH
15V4iNayDDoxBqPhGTFE5BuU2mP5cwUcADtirnLjRWxgJwiG:17000000000000000000:OKDOT:CHECKMYTH
16ELTpJvtK5aS2JNEWUC9wUo1n5y5dstZneYD1ZUb9S9J4c8:17000000000000000000:OKDOT:CHECKMYTH
16i74rosGjmRX44EDfsUkoXyHZMNPs3pB72Ued3LxY6acpYz:17000000000000000000:OKDOT:CHECKMYTH
14BQr86WKT3pRXMzwXkogY7eKpfN4PeGMNKLzFyrVdHzu5Sf:17000000000000000000:OKDOT:CHECKMYTH
15ZeadFKuKXF9mhZmc498NisKKw4P44qYg9WSVUHAwnfDE91:17000000000000000000:OKDOT:CHECKMYTH
16fFWg9jDMvtSDt6iLnvmbFVwUGxSdUmi4e2uCZN96Mys6b3:17000000000000000000:OKDOT:CHECKMYTH
16kJGQYeuDYrdeq9CEazJV1L8GH9AyxrR5Gyf1SD1JoPmBEZ:17000000000000000000:OKDOT:CHECKMYTH
15C33T5BHpjg2apz3UWjzp5tYiHD3vBdZEP5fVLPAycN1N6X:17000000000000000000:OKDOT:CHECKMYTH
15ZjZWg92GsCmwLe7kkBw6LzAQ78RJjmcxDnM5EmuCgEetzS:17000000000000000000:OKDOT:CHECKMYTH
16fNjUvJq3X9rLNDSyiNs3WpH1r6ZgQs1EndQbFTFjRodS8j:17000000000000000000:OKDOT:CHECKMYTH
16MADTpdW9onMeizztLZStuAwfHtn9qEwseedbRJ7pi6xG2t:17000000000000000000:OKDOT:CHECKMYTH
13Q58qRSEenSHkFJ7dNj47qBGg75AEbSm6BhEhZfwL5njshK:17000000000000000000:OKDOT:CHECKMYTH
15ZWo88XEtpzmiD4qSM1av1jMirmchHweTDNcoEZ24z7Na4x:17000000000000000000:OKDOT:CHECKMYTH
16GDXz5kugQS8Xnmz8K3BvSAg9HA5Zx1TueMQabGAUcukQMZ:17000000000000000000:OKDOT:CHECKMYTH
16mQASiwwMewxUiN5N7wFqqbLxYJzz2Cu4R7e4uLLkXQ8Bhq:17000000000000000000:OKDOT:CHECKMYTH
12YxprGFpJmLdCfpfPuoRencosBv8uWynBfqeHK5hZwW1Mw7:17000000000000000000:OKDOT:CHECKMYTH
12c4yXcRaTnHvnDJq2sh24xQmU6qVN7MTsT3GyxGqL44rp1E:17000000000000000000:OKDOT:CHECKMYTH
16GhnRfjVuE5uq2YB4v1WtMkxDJvW7Adch7grVPRvSYL5VR5:17000000000000000000:OKDOT:CHECKMYTH
16NR2WVeAWpizkJjBacqN8rfcJGFR7An4Z51a8opNrcqdTiZ:17000000000000000000:OKDOT:CHECKMYTH
121kXHzhvubjHo4AjexCw7teZLiqWgACi5CzMZdtevvzrLok:17000000000000000000:OKDOT:CHECKMYTH
1633KpCc8qFCgnuys9w7Xv1UJfGN4NuzPkatCkc149JcjnqT:17000000000000000000:OKDOT:CHECKMYTH
16HysD138A9iHc33cpVGS4ceMb3pbVfBvmb8qudzBwronMjU:17000000000000000000:OKDOT:CHECKMYTH
16Q5jee6erwB89j1Y3tJjx6K4Vp2QS81UyEbQ8qZwtgEy7Mj:17000000000000000000:OKDOT:CHECKMYTH
1366cUsAXTwxcuPMTpuLhhAZPdVcL2XiuGSsmMaHBhNBR1wm:17000000000000000000:OKDOT:CHECKMYTH
168BhRwqBLbGzrsNJLF5ACfp63G7BZTiM1exnhF8S4eprxCW:17000000000000000000:OKDOT:CHECKMYTH
16irbTbQ1M89F8FWM1Dtuhk4A34GLheXTfAd6P65xdpwDbTe:17000000000000000000:OKDOT:CHECKMYTH
16RhkTd5bcDu9JYPhCEbLvSk1BojZWEQ41rzkcvyApRkzUsK:17000000000000000000:OKDOT:CHECKMYTH
123YeQtCzPSqX77GwPWnsVLDapm74NykYubZ4VA7Pi8K1m5q:17000000000000000000:OKDOT:CHECKMYTH
16ad6avU85qcwPpxJZXBRL53njWfiugWRhsmE6eY3gNCdpXu:17000000000000000000:OKDOT:CHECKMYTH
16LcnQ4bdPkpMt3w7mjhm6FuFXSHafpRqnUXjTEQggtp8Jkn:17000000000000000000:OKDOT:CHECKMYTH
16WHzzEw7XVkrEkyKKdPpdqxsDuWHBGgJtG8tYu3eKDbPES9:17000000000000000000:OKDOT:CHECKMYTH
15okRfFuskQSsV7kDS9K66DtUDHTKysgQKwRjDpFf9gTWSF1:17000000000000000000:OKDOT:CHECKMYTH
16csuTxpeCwW956up7xEtL9TkFNK7SgQDdr6VjXV9Gss16Qd:17000000000000000000:OKDOT:CHECKMYTH
16Nt33VCGZrAhDYYtYCQHCBVZoiLhmYGzWfJmHo2H1QdgPkm:17000000000000000000:OKDOT:CHECKMYTH
16X6pTyiEKmcobJv2tJXhy2uY4jD5zfcZJtg61B5raJMYfE1:17000000000000000000:OKDOT:CHECKMYTH
12ippPp84oZS3MaA1aq8di17VjTNLaWT8vuErCLrrP6XL75F:17000000000000000000:OKDOT:CHECKMYTH
16f5pQTWCyp8tSfXuZXimpu3zL88WWRq6wP6Vs31GP3kgiuo:17000000000000000000:OKDOT:CHECKMYTH
121JuQRBeYjW8hTmQYkwFAXMJzdjcwWqEqDfv9xDC3HT7xBp:17000000000000000000:OKDOT:CHECKMYTH
16Y4cMUNYdpGCRDg58uNTaMtYLhDCmVsyyvZEAZCcExNSE3G:17000000000000000000:OKDOT:CHECKMYTH
12Tq7jjeopptgscPMXxmeZg9H3R9Eh7yKKSqFoe4VQQun2yU:17000000000000000000:OKDOT:CHECKMYTH
16fKtbFPYUoAKPqQZ9SK8PhocZb77wf2PnMnbcedVRzkZAG3:17000000000000000000:OKDOT:CHECKMYTH
16QB38PYLdo3VeMea8UmUWqdcyXFkeLNqUd7DdmUE7nbDUws:17000000000000000000:OKDOT:CHECKMYTH
16ZzivMtJbEniB5NhuBmaw1fUerHQf4hCHc1yHGPnEH4EYsM:17000000000000000000:OKDOT:CHECKMYTH
1BqQM7RBvvAncV6oKVLwXhsvtSpAXE1Sh2tEm8RcvAdkxxE:17000000000000000000:OKDOT:CHECKMYTH
16G8NDzxUeUbGiw2bFX3Wy7JwNEJz9U8B1smCFqqe4GPZbdN:17000000000000000000:OKDOT:CHECKMYTH
16R9a9TGpBwrjMf5kaVcdwUawFhQXGS6Grhs7BhW5P2SSHEV:17000000000000000000:OKDOT:CHECKMYTH
17v3ngZr63BaNFnGxNJekiJD3gZZQhJM2WV6eKMhr1d9YFT:17000000000000000000:OKDOT:CHECKMYTH
1eJPAkJJMF6uLF3BHR5niWYyUTqgDEUunrdMj5t4BRi2zZk:17000000000000000000:OKDOT:CHECKMYTH
16hn6YNRJAvMptKvxNZ4aDzBV5dxAgyR9cTtN3JHStbSY7vN:17000000000000000000:OKDOT:CHECKMYTH
16SqLEL1GWcFSndxMtEUuZ21wgVTySEYv9oLN56qg4SCQtDo:17000000000000000000:OKDOT:CHECKMYTH
18mGPnZwypwqTcm2DJmStQAZSD33C87jaSrrH2VCj2FVb55:17000000000000000000:OKDOT:CHECKMYTH
13wMCwbb6HQ4hxVeczgLP4jAciCFdNdvfx8YiqJ2v1zP5Hk:17000000000000000000:OKDOT:CHECKMYTH
16hRV3ue33QNJvJ3moPQfyijYPZrznFbK3FmEaHdiekJbvBT:17000000000000000000:OKDOT:CHECKMYTH
16U3kBCdPTBbHiDQ3uuqJau2TgosvrYGqDY6PpETgYQsBUkz:17000000000000000000:OKDOT:CHECKMYTH
1byhPanfMrJkiWCJknEkMmQN8Ci3ArFpgHfvpwJdAfUkrBx:17000000000000000000:OKDOT:CHECKMYTH
142SmJEfPxpu1Zy3eMkjDKY2GkP63qfFD2RdMAkVRCGqbgK8:17000000000000000000:OKDOT:CHECKMYTH
16ibTZs2SFwpLfSvGsrHHAxRb4vyaZJ6wVfRTvM3qcnPF5ez:17000000000000000000:OKDOT:CHECKMYTH
16VEfEfX1ifLGmhTWfppGVvaUyafQL2WDm1d249Az5hpLBUu:17000000000000000000:OKDOT:CHECKMYTH
1FEAagD352dgvm46TNzU8nYeDg8qNThSJrYpGkzQJES2NqJ:17000000000000000000:OKDOT:CHECKMYTH
16Aj2u4wLzziCS2uJt4PCdR99Rui71SKD3d5mQ1Tuir83eCr:17000000000000000000:OKDOT:CHECKMYTH
16NJUErvJaN6uCLNy1QZEw2BAcUHGfM4c9HVeCmW5SQWBzan:17000000000000000000:OKDOT:CHECKMYTH
16Z8Vn4dSMNYtqKCF6mskVb5k2QoB2T9jbBkH2gVd9FxcL2L:17000000000000000000:OKDOT:CHECKMYTH
1FSD9faChpqKUysTVoq5dniQqSgKxAuFYWMJ6rm7SHoNFqQ:17000000000000000000:OKDOT:CHECKMYTH
13B3abMthmxoTkGXRJfWYk4fTqwHvS6y5fD4AueCvBQbc2KW:17000000000000000000:OKDOT:CHECKMYTH
16NYZpH59TSdQJSUCzpwxSUH6K3BwGrkiJhwLBByPytSdcPN:17000000000000000000:NEEDED:CHECKMYTH
17W78Jr6yHZe1rqjup6bGNBXxfgtUmTEr922vSTWTZk5YuN:17000000000000000000:OKDOT:CHECKMYTH
1GqY9JRw2cYETesY1Mnc4BDRyEcmqXYJ3nAsXMfZbwVVp3d:17000000000000000000:OKDOT:CHECKMYTH
14K9mKXFPk1svtFgcYtMxRiUy3ZjW7vVFXfAzJB4BJDwq3fL:17000000000000000000:NEEDED:CHECKMYTH
16PmtRpTv6AnghpgKfXKbGjo7RTFxbRrfpF6czyAUeGwsJMA:17000000000000000000:OKDOT:CHECKMYTH
1BoMF5QfbWgPL5dQ7gr8fNv3Q1X9Yj8SDWuzxBmG7htdegZ:17000000000000000000:OKDOT:CHECKMYTH
1H6xQpWCbaUUfmnBjn7DvDegY2pTcnPs4hRMxhorSaeeKgd:17000000000000000000:OKDOT:CHECKMYTH
133EFcupG6oueRcVuGSXPDVgieWC39rp2qnNSeQThTTuMpgr:17000000000000000000:OKDOT:CHECKMYTH
12axRUFqdtP2fjD6hNBuNc51uWjggNGVRjnt1nTZpXx4vujg:17000000000000000000:OKDOT:CHECKMYTH
1cPEoU4iDEZn3kaGqr1a3vrHboMj3FpmwyCZdh9N4ne7qxQ:17000000000000000000:OKDOT:CHECKMYTH
1MdBZ4Ngg3xK9x4TXtFbQ2JWhc5cdtqMwhkRvLcGKXQeSV3:17000000000000000000:OKDOT:CHECKMYTH
1P4qcjrxrJEFzqvPqAkJRrahkDiiHEpHLWY4ehgGdtp6XQS:17000000000000000000:OKDOT:CHECKMYTH
1271tjC9FuJHTq1EjH4KwNhjPKYAmSuZGYBsTKrVgCFFncaA:17000000000000000000:OKDOT:CHECKMYTH
1d4oSvsMmZiexn9ZUssHw2FFSWNFmnJcDuNSEXYMHdYPMco:17000000000000000000:OKDOT:CHECKMYTH
1NR3d3jQM9uypc1R2V5zayhYCC6ZCtA4kit9PHCu456igTc:17000000000000000000:OKDOT:CHECKMYTH
12HfFgSpQ8uKyQ8Wg9rpi3NV8gkkY7h4rY3R4NMuu7Dn2xhh:17000000000000000000:NEEDED:CHECKMYTH
16Tj7716eMvmBmqGG9REgh7cqwH1yVvBaxAv73VbFPYWDP7F:17000000000000000000:OKDOT:CHECKMYTH
1dKMkWGQWoCcAcpFQ2M7vVyc8wtXzCktX2aajQSzxwstnNp:17000000000000000000:OKDOT:CHECKMYTH
1PwH6i5TW7azW3q8KteySMPYHdDUc2p5qtutJDxkU51sMqm:17000000000000000000:OKDOT:CHECKMYTH
15kvBm4kik8V9h4uWyHMtz82t1oBMVbzamNYzG3pKfKJnvkw:17000000000000000000:OKDOT:CHECKMYTH
16vKuqS3V29zqqaDdi4Qbz7uE7EqnfGnRmtYrbERk9WNXfD:17000000000000000000:OKDOT:CHECKMYTH
1drTwTc26SV7uEKS8g7B6y4SfwwzJeixzyBXbYtNgKRxQVP:17000000000000000000:OKDOT:CHECKMYTH
1TFuKWHUyrP38Va7XsfZ5qeqw4HwKGiWa3zTAfSXs7j1op3:17000000000000000000:OKDOT:CHECKMYTH
13pLCUW6Wqns3DF357CoQqRfj7CVWG7TrWWvNYYYeLUfjyBy:17000000000000000000:OKDOT:CHECKMYTH
192w9XitfNjG4L4388AaLbwZvTonYmBQ55i1h7fE6SDusAj:17000000000000000000:OKDOT:CHECKMYTH
1Hn1acUGyU5GARxxvZQ5YLLPTwHzRYVHKCeQAPvPVwvWbP9:17000000000000000000:OKDOT:CHECKMYTH
1tuQ82jgtiBgzZoqZ29qdCUf7LEVooWSB1kS1mmg4zJNtuW:17000000000000000000:OKDOT:CHECKMYTH
17Vhs6iG1PhASzQuPBDAyfjzowCgUW2gYxBqg3gkwxcwY93:17000000000000000000:OKDOT:CHECKMYTH
1CnMNYMa221LibShCMXu63JZG6Gk5UvN7ZfQ8cmtqhEaA3S:17000000000000000000:OKDOT:CHECKMYTH
1Jc2bgFUp9iDDYxaBTxFspYXP8dZzbd3TUTQkSDpz4spnqp:17000000000000000000:OKDOT:CHECKMYTH
1Ut2PDfMDj2MA36cxWKg8ykNMrm419pryHNnTyRymj6nZtA:17000000000000000000:OKDOT:CHECKMYTH
12E3cxxeBxiv27JAMYcqMU9Sh112GG9Wwa1YQxNqFf5KBgtv:17000000000000000000:OKDOT:CHECKMYTH
1cSjLrF29BcvzEsixYyUWN7WzZoSq5fS1F1GbT4u2okPHez:17000000000000000000:OKDOT:CHECKMYTH
1jc5zU7f7nvbepKhLKgENmqk95aC5Hy5yKGB588NNaqNjb3:17000000000000000000:OKDOT:CHECKMYTH
1VNyeySZiXhEdRCjFuKRuqyMYALZNUTSmRMthSB1VuUmSX8:17000000000000000000:OKDOT:CHECKMYTH
14H26FoFKxnWz2VDQpqhJXcfBQfTG2qcgEve1mF7Lpea91Mi:17000000000000000000:OKDOT:CHECKMYTH
1EAu6zsqqCPj3nAbrYfDPk8pSKju9Duq9HPPWbPpu9EBorz:17000000000000000000:OKDOT:CHECKMYTH
1mL8e7dJdSpPU2XFn2fsFda1R1nmN4TNfHbfgZuNCrRWFgw:17000000000000000000:OKDOT:CHECKMYTH
1zugcagpF2GXENgfYE1sL5fTSscZq1s5MA4znWdRcpEF4yw:17000000000000000000:OKDOT:CHECKMYTH
1mx2NTdSkTycpyXocRdAnVWFXzZkrnFCK7Nimxz7vd7HBWQ:17000000000000000000:OKDOT:CHECKMYTH
1F82n8oLSaZB9xV1aZaiQ82L6UuYmgcnkP1xezqkS9zvvB7:17000000000000000000:OKDOT:CHECKMYTH
1mYZ4LMgK7RA78H47BmJ7wzc6eXVh6AarqQAZMf6Wcp8KGi:17000000000000000000:OKDOT:CHECKMYTH
16iydPZmuqNC8ZqRJZZBg2Pdpgfi3sfZ77aML1EpFkb98GAh:17000000000000000000:OKDOT:CHECKMYTH
1NWrUGUhergybLHpxp13PjMp8SvZckLdyckvrUjaUKGTTAP:17000000000000000000:OKDOT:CHECKMYTH
1jkahe5nc83dqfhRRrbtL1ZXiVNaQXdbtDje7hY2ZmoCGC4:17000000000000000000:OKDOT:CHECKMYTH
1pr4HBSwSPwhdJpFfwepYseDrN325WSR4h7aHgazDFvg66Z:17000000000000000000:OKDOT:CHECKMYTH
13wvEkHLyvft72eNz8HUxPSq6bq6NP7LTR45gt3T6FmPBPrB:17000000000000000000:OKDOT:CHECKMYTH
14jCMUhokAd7KHwJqKF9ztaMyD1aHGfbrFYv9KLM36RbtuJ1:17000000000000000000:OKDOT:CHECKMYTH
1JQwAQL9pCr8mi17Q5PSHLWZ8P9PZp8TGUzkhZahv9tL5RZ:17000000000000000000:OKDOT:CHECKMYTH
1pTXpaukt93dZxAexvGsEy4MZa72WPExngw1rbr3R373T5X:17000000000000000000:OKDOT:CHECKMYTH
12GZ5n1KjXB27J88Y5LuEfhKeJeCZY6RaR8kDm3wpqB91A1T:17000000000000000000:OKDOT:CHECKMYTH
13NCLd3foNpsv1huPDzvvfyKh37NEEkGFotZnP52CTR98YFJ:236000000000000000000:OKDOT:CHECKMYTH
