14bDHPhR6tQbHYdiReNDE4WzPjBDFrX7SmyBNfTCNr3UdLtR:17000000000000000000:OKDOT:CHECKMYTH
124PQmDbo8ERjMUTztnSfCJWSu2FgoorNedVe5oYkKW67mpj:17000000000000000000:OKDOT:CHECKMYTH
13qaWg1cjyRb62SAXe5yBXDQq42MaeUvSBYjC8iDn3d9rWmF:17000000000000000000:OKDOT:CHECKMYTH
13QVPX2bC9mUv4gQX9fUz3mM29Cy2gbent72Tyexoa5Wws9U:17000000000000000000:OKDOT:CHECKMYTH
15rAVrBUxPxCzaRy4eYKWM3QH3pFggKk3iMonXG9yrwRvZHm:17000000000000000000:OKDOT:CHECKMYTH
1T7foix9qeFLJX1y6eaqcyYeNNDAm845k7NF3J93Z2KjtBZ:17000000000000000000:OKDOT:CHECKMYTH
13nuSxkPBvXtTdCrPVnk3AFrn63ZhXKMeA54CcPyScsdRrMZ:17000000000000000000:OKDOT:CHECKMYTH
13p4KXRkdzCrhDpmvH2z54tewe2VFQVEBTXjPdk1zqfuzUDS:17000000000000000000:OKDOT:CHECKMYTH
15MsS3eMYkgMb3J72R1QSmHhGxGRMhMtXB8JLvYjMNyntQ2x:17000000000000000000:OKDOT:CHECKMYTH
1ULZhwpUPLLg5VRYiq6rBHY8XaShAmBW7kqGBfvHBqrgBcN:17000000000000000000:OKDOT:CHECKMYTH
13NRZXMta5rCEZhCmnGsDJ3KmNwNWCaTBPHyky2b8rfJiXWF:17000000000000000000:OKDOT:CHECKMYTH
14CR4QmnQaSZhCpLzsBF4qJgeieU8MfUheruykhagDNzdCiB:17000000000000000000:OKDOT:CHECKMYTH
1nNfs2dwJEY1JEYVnvqdiacDQ9QiX3GiaPR5UX6LVGBKzVZ:17000000000000000000:OKDOT:CHECKMYTH
1vAGxT9BWQ9saKEiiyTS7nWwGWXgxR8Z8mF3C1UbevDXTyT:17000000000000000000:OKDOT:CHECKMYTH
13MvYPXYcjxZbLj4JGypmRXo31MAVGfJJmj8Tx43sEZ7qJ6b:17000000000000000000:OKDOT:CHECKMYTH
12gG9DhWqGx8Xdg83BNZT62rrr5dWaxuHP9rDQ67hnM9CLL8:17000000000000000000:OKDOT:CHECKMYTH
16Y5tc7wbRWSQS2QZ4HdVo4A7vnh8WcX9xm6Z11juX6VsGnn:17000000000000000000:OKDOT:CHECKMYTH
1vVQJEbURnzHduj45J2Zd27kkZM2spuAQ5d7kGwXoiWYF1U:17000000000000000000:OKDOT:CHECKMYTH
13JS8VCuT6qJGv2eTx4udXVZbY2y2NGYKWZipYyUDAhLbnpY:17000000000000000000:OKDOT:CHECKMYTH
14GHdhHAEfdE6eAYgWLMbUkWgAG3EZjkRE9xSbkmhFrMCRyV:17000000000000000000:OKDOT:CHECKMYTH
14azCQm12HavquMWXBs683qh8eWKc5LKDRhbXC9G2a2Q1WTf:17000000000000000000:OKDOT:CHECKMYTH
121ZiNk5DKVKUuYQtuNcHC25AD2K8bSNaaFn7qSa4JrSwYBR:17000000000000000000:OKDOT:CHECKMYTH
13fQJxk64QcCBmvuK1yTUVG7E7YoMLEZQ9N9v6fXUAQtWz5t:17000000000000000000:OKDOT:CHECKMYTH
13FcaiiQQftV2xYcgWnUVgbmKHaVC79VnPEdXWPFGaeEe9Hs:17000000000000000000:OKDOT:CHECKMYTH
14KgkRK3vwynUq2EGyiR7edifyCXupczX8YnVALDuZQd3zof:17000000000000000000:OKDOT:CHECKMYTH
11zUPU4e8jUuTLkpk1kgr3AN9JWhshzJZBpCCqCfLrHbren:17000000000000000000:OKDOT:CHECKMYTH
13FGmtBNNAtdaDEsZfSiNcsUJs9LoBmge8mtBATYZnjECNtB:17000000000000000000:OKDOT:CHECKMYTH
13EfTEEkeeYLUfceSekXq4fCz74r7wpzxRveSQCsRFrQCJeN:17000000000000000000:OKDOT:CHECKMYTH
14UnRJvmHkBiLQLaauhSszYfnEMaf1hKmP2CfgtUhfuHbCsR:17000000000000000000:OKDOT:CHECKMYTH
1xYNAdA4et7tWt1ezyxMY6VsYAaMtJCZXVVmfR1fgaAcREB:17000000000000000000:OKDOT:CHECKMYTH
13E1adNUzwnqWEKg71joboiRYv8mQiPzJwhqGJMZJErxGpAa:17000000000000000000:OKDOT:CHECKMYTH
14NY64CoCRUmsZNPhVUXVx4km7DpiQefN8KW2UGtJgdGgp9:17000000000000000000:OKDOT:CHECKMYTH
15iLhcsPNa1qQqB3fqe4Vk2Z29UQNZG1enMptqneUsAnMX7w:17000000000000000000:OKDOT:CHECKMYTH
1YZN7Y4ZvXZwnPYH3phpR5TknrRiCWhM4y9Cs7LsHcGnXvx:17000000000000000000:OKDOT:CHECKMYTH
13dsHi4kifGEQuxuUBz9a38jnZL4duBYgY9KeG6xNN95Kwii:17000000000000000000:OKDOT:CHECKMYTH
14oVgwaRv9Yp6TXPZSetSHfqbzwvpMoypZmgc95AR4VpJkko:17000000000000000000:OKDOT:CHECKMYTH
123amN4muhyXB1LF65DTm9u4gQpKTGvnbg5pTS4yHjVbq6Qa:17000000000000000000:OKDOT:CHECKMYTH
1zzY55ci1zRBTLSpSN518L9VbmwXiZRGGkqwH8eGXntCEUf:17000000000000000000:OKDOT:CHECKMYTH
13CugUKaBBTWYcwVFp5NdzriiqLwCX3jKTXjsx9i9wF7XRFT:17000000000000000000:OKDOT:CHECKMYTH
14QMe72eBmpMxy1d9wuDsN88nX2HUAbeEsTsnJcpJzYCf4gT:17000000000000000000:OKDOT:CHECKMYTH
12U9q42YSZQEisQbQCVPxLVCvL5qTehxnfrYVMSmjqdMZnNV:17000000000000000000:OKDOT:CHECKMYTH
16Wnt8aSqsTUnrGFTdHU26m6QzeYq3VMJTmDMifyJMAxgvk8:17000000000000000000:OKDOT:CHECKMYTH
13CLxzw8RGXmMAWmMNsJnYXF6JN6eGpy3YhutcxLjYY7e2oc:17000000000000000000:OKDOT:CHECKMYTH
14QmPDMVAEX8UKhk5XUp9DN16aYtHLvEsxjchtbEZaeN6G8Y:17000000000000000000:OKDOT:CHECKMYTH
14DsDHfc4uQ3xRVh4WeXdNEvdAfj5fFxV8rWkNkcQyuk3YBM:17000000000000000000:OKDOT:CHECKMYTH
16SN9usx3FJaZbqDt3xMppyEZU7nSxSJWAAEj9uTno3WvVv8:17000000000000000000:OKDOT:CHECKMYTH
13Bd7q3cWKWDHvKcywMzF6hgxxcvoGXRvuKMjDU1ZFnsCgGG:17000000000000000000:OKDOT:CHECKMYTH
14SKe3XGTBw6PrA9ypCf72YQ2hyaNCf3CryrL5BLgLg4WkES:17000000000000000000:OKDOT:CHECKMYTH
1U3cjfCPZvvJXK2oQRYkm76fXEU2yxV7GfTMixAYF2inuTr:17000000000000000000:OKDOT:CHECKMYTH
16QgGEViKyuYVMe3fer2tArqv5YELrta7QFSkQSxYnPXh7wV:17000000000000000000:OKDOT:CHECKMYTH
13aPLtvH6aVWjhgTaUjabN8rjURPFsGFzo3MPMYBBFY4vydC:17000000000000000000:OKDOT:CHECKMYTH
13DuFrBpDiVL5BBLDJjgPrH7BsTXq5Bg9PrVSh9uf3QY23Pt:17000000000000000000:OKDOT:CHECKMYTH
12ENA5mtJ3az24FkUna2E2h3bGKkQoKmCXhqxzbwoYuoGFGq:17000000000000000000:OKDOT:CHECKMYTH
16MJMuaaQPLGYm6AbWc4wgpWM6YZiMiCfud3XGpS5NjMdrqp:17000000000000000000:OKDOT:CHECKMYTH
1381mwwFoQRMznNqfGtBZhXYpW3Ceb32HKe7SLSGSsRuUD5P:17000000000000000000:OKDOT:CHECKMYTH
14tdigjso2hyMEfyw42RD5c26XxFvtjSbZZJdrPMbmM2X48Q:17000000000000000000:OKDOT:CHECKMYTH
1e35KALAy1rHN6dMueiM3XhcbgsJBTGtiittzJkBWLPiaW5:17000000000000000000:OKDOT:CHECKMYTH
16k64EM15sah2kQtn3k2vDRQ7J8ognR8DAoPzVrcENKewQHN:17000000000000000000:OKDOT:CHECKMYTH
136uDrfk25o1C7pKekr6btMQ4Srfj73PTSH4xg1ErunZes5b:17000000000000000000:OKDOT:CHECKMYTH
13Dq8KnTYFQjKBzZ7BHJzQLCSYKxNHsXqRKh83VhtmRun7QG:17000000000000000000:OKDOT:CHECKMYTH
14AnUMrLv27kZ5eNnpM61T5Pi2XLRLTUrRteDkFE8j3qEaTu:17000000000000000000:OKDOT:CHECKMYTH
16icie6oYXH9Zu7kvMB1b1y1MKBmFEEn4QkyiwNjAw987F9p:17000000000000000000:OKDOT:CHECKMYTH
12w5TLZCjTmqd88LKh3AQ41h5GAaK16p4yj2DfvHQvzkq9eG:17000000000000000000:OKDOT:CHECKMYTH
14xADvpxYRH5hRW2kCjbhqXf9ArwJ1RvEAgiEwsd2ZykesA5:17000000000000000000:OKDOT:CHECKMYTH
13xBtgE9nLqvSv9aQWQ5KpgDYSFq8jQXgk7m5ewML5S7PdLG:17000000000000000000:OKDOT:CHECKMYTH
16hcwzBNKMZdxEo4SquR9FxYX4rpVWKB9e3zYvuv95EZmykj:17000000000000000000:OKDOT:CHECKMYTH
12VoHJN6c8fmLbWpxJRVWSz417MAmLEAARNdfjiivt8udhGi:17000000000000000000:OKDOT:CHECKMYTH
14YNHXuiaMZ8p8MTWP6NkAhg9SnB8nVzTUAnfKBmMQ8g3sHQ:17000000000000000000:OKDOT:CHECKMYTH
1jaBXFTQibW5UA7SH7CszUN5ofxVrFKHsFoHG1scTGyaBH5:17000000000000000000:OKDOT:CHECKMYTH
16DfGPs2FuJu9d9dGx5fzuUdvqvdXEBVbKfxGcDwzj6nHkBo:17000000000000000000:OKDOT:CHECKMYTH
12TkFPfR8nd2NgYmYq8ZVpG3ouU5cRE2FiGW2oERAmeebF62:17000000000000000000:OKDOT:CHECKMYTH
14ZjrzkwsKQi2JsQku2XzyvBn16sVDmvrawxdYTvsS7foSBL:17000000000000000000:OKDOT:CHECKMYTH
1nMmAkYm1XMkjrL4VU9EW6L1wYaVn9dfhAqir2EcJ2us5T5:17000000000000000000:OKDOT:CHECKMYTH
163neoN8SvbqVPBc5DcMdojmF3LQqtpuYhQCsayioEFuks9f:17000000000000000000:OKDOT:CHECKMYTH
12TdSvtYZN4XapETZkeiLNLzrV9d29CgWDLE993MtWwzwGA5:17000000000000000000:OKDOT:CHECKMYTH
14zwY4TEhvpwQxsYKmwFuAnnSyy1CWvSaFJSQZzDQUTNwnom:17000000000000000000:OKDOT:CHECKMYTH
15d7gPZdVjmfup26WgRQdBj3mh7zTenT98TXEEKfMomkuaoK:17000000000000000000:OKDOT:CHECKMYTH
1637Bkta8AWX6TKUrHVgd4tiN8FhiKUTjEyWRdMCBbvNBp4Y:17000000000000000000:OKDOT:CHECKMYTH
12sPV7XZKHsfxPQ7XUSCaQdDT7Fx6FiZyd5JgzHWjUjLhzRg:17000000000000000000:OKDOT:CHECKMYTH
153Usr3hbu8fsADirLbsLLxPhevaXHVg6fSEte2ZYkxVYfAx:17000000000000000000:OKDOT:CHECKMYTH
13BE7m5x3mnD7EbL7PNGrJfPVmASzjhffrEXX7S8qfTMjkHD:17000000000000000000:OKDOT:CHECKMYTH
162q9u9U4k2ED8wnzxTpoUXHwF4yv4R8JAuNQGCSPxzAFUvm:17000000000000000000:OKDOT:CHECKMYTH
12seJC8uft9vXthGjc3nrmvu57EE9sgfu54zLuRdPpZteZNb:17000000000000000000:OKDOT:CHECKMYTH
13aq5rEuTGCXpfLNY7qtZt7ascVMruaX9xL8dZMp29pjuqTu:17000000000000000000:OKDOT:CHECKMYTH
176s5gSSx8uHXpU2pUE7AztbyKxrY2KM8ayfGFEAw5GoLUS:17000000000000000000:OKDOT:CHECKMYTH
15zqprkbfK3Qn6J9hD5D5CBnPcFqemfQD7XKzFGJpHT6zMFP:17000000000000000000:OKDOT:CHECKMYTH
12oE6zdYRvraY2yYT53DxjdJawAxm3WXp6zimcDq6xjPncdP:17000000000000000000:OKDOT:CHECKMYTH
15AwWD1CEuYQaT2JrxmeWvTHj7rji38e595sS5UiiAV497EN:17000000000000000000:OKDOT:CHECKMYTH
14s28CLdLoWRN1DLrb1NmZg1MAqMEfJ2p7rR58vKcQZGq7pi:17000000000000000000:OKDOT:CHECKMYTH
15xDngFA6hZxJBMPCppuNzcu5QEFZ5Kjn4dNU3cXQPYZqYmK:17000000000000000000:OKDOT:CHECKMYTH
12ncw9srViVpma8SWDqUVkcvQedLDqUdVeUAR2fMrfF9dvQB:17000000000000000000:OKDOT:CHECKMYTH
15cRen2fw8h2pncGsWB9hYoQu4sxYK9jiKqa75eGnHTUNoP4:17000000000000000000:OKDOT:CHECKMYTH
16UogT7uuthjA2muYNFHYSFwVcqRDDq4SpZuoJUwsY7GYKrM:17000000000000000000:OKDOT:CHECKMYTH
15wigXzvRufstQcb8EwpbDFZM6UgViJ24i35tgiDTS5YovsA:17000000000000000000:OKDOT:CHECKMYTH
12KDA9R3AVbNTNS5HKYg3eXiT5fKoGKTUCv4yLeuQpciEULV:17000000000000000000:OKDOT:CHECKMYTH
15dnMbf12TThVhNhCzhYjYZ2mQm7WuZ47gRPMndTkXex78bc:17000000000000000000:OKDOT:CHECKMYTH
14GPjRtKvYpoRy5VRMjz3TNZDppb5AvkN5Zjnj6ZaB9tg3Az:17000000000000000000:OKDOT:CHECKMYTH
15vnEXxW9euudtSSSgjJNFTPs3jMA8emYZPkSs4F5oDRPd25:17000000000000000000:OKDOT:CHECKMYTH
12i7ivUpHRYAXX7T41ME3rjox9MgwsGzE4R6baHjUfpKadaw:17000000000000000000:OKDOT:CHECKMYTH
15gmK1EPiKzEF4yQ9meZ4QBrMqGPsWv9Jt5RKXdcFW7bi7Rx:17000000000000000000:OKDOT:CHECKMYTH
12pShMzLGuvevq47zQDRrBBzeinALK75a75mHQLj44zzSsq3:17000000000000000000:OKDOT:CHECKMYTH
15V6gRc3wqpg764xvsYPcrrGLfyYgeT6w72A96ai25RZuWMc:17000000000000000000:OKDOT:CHECKMYTH
12HEkF8Z5cf4BeHRwwoq8mwqWQhLoPgJ3uvmYXxt56gAe8Vr:17000000000000000000:OKDOT:CHECKMYTH
12LstFLVYUfbrSQvspqTBUqXkdG7asCad7J5Xnqk27t5m89u:17000000000000000000:OKDOT:CHECKMYTH
13ENcBm3kxQ7YobWUGKfmHmmcPK4R29qARgrJYCkuQsnWQuF:17000000000000000000:OKDOT:CHECKMYTH
15V2j7wNDet4e9ystgjuThvg11JzoZj5cBpbeukFbp2Wt3WG:17000000000000000000:OKDOT:CHECKMYTH
12HArDDjxHEF36n2XL94mdZYr4pUwhhNRU9Ppjy4rDC4i1yS:17000000000000000000:OKDOT:CHECKMYTH
15M5gAcwR4C6DQWn8pvz3qrqeSUuBieBWtvwC88YThZ43toN:17000000000000000000:OKDOT:CHECKMYTH
12uYLXChxGk5ds4Aqp3idKvQoRTB2FnwN5UhvTEK3hw73RVH:17000000000000000000:OKDOT:CHECKMYTH
15T7YcXHnJxPPY3FkS7iSeUWY5jKVefMg9XmjXjXYRBjnQP5:17000000000000000000:OKDOT:CHECKMYTH
12gP117rArAQvwSXbUUCfi5kUZGaEFQ7fcbFkQdB236GVwK5:17000000000000000000:OKDOT:CHECKMYTH
1397XmPiDWYrfYDoD7TdyAsFSA6owNgdUivYzDniYmQ8CgKg:17000000000000000000:OKDOT:CHECKMYTH
13d9u6MRgcs5FXknErVrVfY6M4qd3HUVFpKDXRHLDUpvZaoS:17000000000000000000:OKDOT:CHECKMYTH
15sTzEMi6o1vU1Yu7UYxigdbW7ikEuZHryEwLrDQXmN8qLtG:17000000000000000000:OKDOT:CHECKMYTH
12GaonmjxPYzMcwfhUeVDvZAE5ePNoaCGMN5Zc1rSGtAtn72:17000000000000000000:OKDOT:CHECKMYTH
15NazqWcCtKt2FPLmimjMvwQP5MMjhGShH9kkBDPjgrT6bC8:17000000000000000000:OKDOT:CHECKMYTH
16bmDhpfYkLuMP3cSbY68axmmy9fkF4jTfbwA61FybetdDT1:17000000000000000000:OKDOT:CHECKMYTH
15pW3mTu7UygYJ52m8eQBCFFDFXR8KUPf2VbeA3zmQXap1ik:17000000000000000000:OKDOT:CHECKMYTH
12FCrHh5bx5fjcWCBcA5EdeBPWUJMqTGZAYXn21JEPybTTNy:17000000000000000000:OKDOT:CHECKMYTH
15oKUR6kQqJpde6HHLSPWfNQLEv11KWVZbeDJVMRyNZcwqzJ:17000000000000000000:OKDOT:CHECKMYTH
14Vc6SwLqwiwJXfLLLy3iRME6QZ4sQjqb9MkkJucypm9u7TH:17000000000000000000:OKDOT:CHECKMYTH
15P1HNxz1CraYVu5oe19ZnVHVjXWLpVxMmVHAzWkjbLrCYJC:17000000000000000000:OKDOT:CHECKMYTH
12EtBKfU762y6VzeYVnipEWc4LGokZ6rEjxheULDYU3uKXUU:17000000000000000000:OKDOT:CHECKMYTH
15qKzswcwL5S4RFBtbUJB831fJToeYz6yAv4o96hd3zmoYur:17000000000000000000:OKDOT:CHECKMYTH
12gkqJXA1omyMhmV94TCz7Aubvw7Wmj7TGHdkQ9S758y93po:17000000000000000000:OKDOT:CHECKMYTH
15oEtdy3JkLW3nQnx1oEJT3pDXqxSu1pjXh37PqXQuKZo8eW:17000000000000000000:OKDOT:CHECKMYTH
12duzNhkwakB2zSdLQSywbCXVvdUv3Adb167Kx8GjxjHCfq3:17000000000000000000:OKDOT:CHECKMYTH
15r6xM5E7Txwa1KUxvobeqKAsY554fGxzJYWoAhdCk1kNP99:17000000000000000000:OKDOT:CHECKMYTH
1389jiDs3eM4UA7kJ8vNknQCVRx4M32kZfp5czr3mg1sGNcE:17000000000000000000:OKDOT:CHECKMYTH
15nyJhDYr7A1UjYELLxhB6neaQvRweDNC3SoBvc8KXx7fT8D:17000000000000000000:OKDOT:CHECKMYTH
12CWnBgseiqmQSxfBXD3Y5s1zRLMCNTyXFmcwWaDCDL3n21B:17000000000000000000:NEEDED:CHECKMYTH
15RTbfqq45JYZzrXg9cj163hnY5ZGaH1wwZG6fVmykioFse8:17000000000000000000:OKDOT:CHECKMYTH
14EKmLNWUhZiJYwBk1GoeC6aZLxRdd5Vr9ehJ5aU4ScATRkX:17000000000000000000:OKDOT:CHECKMYTH
15NRZt2Nt3meyfTD1dC2kWXjNEJGi4HR6NFZjCtQKQxGKje3:17000000000000000000:OKDOT:CHECKMYTH
12BfZZAz64dbBqXUpxwBi4fhbVVAVj8nWyHaYrLBX68yrMsP:17000000000000000000:OKDOT:CHECKMYTH
15S7KE2nfGVvr33wbknwPzLaR8HgoxzkFrjFoezr6uutZeQT:17000000000000000000:OKDOT:CHECKMYTH
12WUf6WbiEzgqWU2bb5sqjcYFhR3o8mkfDC93oTkrWCGPCf3:17000000000000000000:OKDOT:CHECKMYTH
15nqSLJX5FryN5hk3jbEgrx6WybD6CgnT1xmAbG8NGHzCnf3:17000000000000000000:OKDOT:CHECKMYTH
12apQH5jfiv2knx8sRSa1gpk21wNqoq8Zqir6QXpRfVGqBh5:17000000000000000000:OKDOT:CHECKMYTH
15SG5hrX656p88hbjeSHRzbUJh3hUyT6E3aTwNP9fPzNgP8i:17000000000000000000:OKDOT:CHECKMYTH
1Z1Z42TavUAyBaHSGt97Dpm5S9GWGvkRwvVm8upkRWMDvJr:17000000000000000000:OKDOT:CHECKMYTH
15kaSfq22r8RqBJ9hbK4K1xx3mGah6EYbpMwLDoZg9RrJgRz:17000000000000000000:OKDOT:CHECKMYTH
125CDUirbYmzxN5AMDmf9VEcxHu3KGCsVigkhiTce7HEzHS4:17000000000000000000:OKDOT:CHECKMYTH
15u2xTgnv8JXw4XzrjKkoZQyXx1UJ5ySgqrV9zZVXPuj7eRV:17000000000000000000:OKDOT:CHECKMYTH
16fHocfQb5BTy9s4uYPZUNdnqyEDkiMBvLWX8WtNQ2bKk6nL:17000000000000000000:OKDOT:CHECKMYTH
15jsfQmhv6mRBAmSpMKw3wjqDGxYbgxG7qzyyKxJMtGLVdcB:17000000000000000000:OKDOT:CHECKMYTH
125BwRbb7ds46fjcNZ3ArZjTXg4H73vB6x9NLfPEqxvH726y:17000000000000000000:OKDOT:CHECKMYTH
137Ee55JzAhk63CAq85gc6G3VEJU7NyVRsiGDzNuetx5tPQi:17000000000000000000:OKDOT:CHECKMYTH
1nFxCwNQnyCdjx9kmCBTwb6SNvbxCzRbBrVmyhK9M21MXF4:17000000000000000000:OKDOT:CHECKMYTH
15ijNetGhBkZKDh3Cs3jFafz89z9HtZF69xZvgcu7UsWjKni:17000000000000000000:OKDOT:CHECKMYTH
124Y5zpvW9MsTJjhYXaeBmQmB8PcydvRfCG3er2ya9aow87y:17000000000000000000:OKDOT:CHECKMYTH
15XqeEqS6fdMr7XtMfFSNugzYe9F277XMAwuZ56dmpUpCi4M:17000000000000000000:OKDOT:CHECKMYTH
1a6Rmmduf3pUXDABpPPnrP19uv2yP5zFZqh6tf9bMEZo5eG:17000000000000000000:OKDOT:CHECKMYTH
15hriqwKF8C4kTAcLe8bJYTXRU26SCouMKvgAMJfKpVANT8J:17000000000000000000:OKDOT:CHECKMYTH
1ZGC8sketWg4rYZUD18h1Y35VFLz34k43FwXyhMwgWdvMLa:17000000000000000000:OKDOT:CHECKMYTH
15yUZ8gpz5DwDJTraRGs6yxLoM7ZxoG3zTRwCAR2SWGEVnZx:17000000000000000000:OKDOT:CHECKMYTH
15XmvPPfXbKLp2AqPxUYZiiTZs23iYATQFzvDu7eVPcvrqXn:17000000000000000000:OKDOT:CHECKMYTH
15GLPRxUuGBR7mo4E4UmPxN4zqAPvqxMYPZ5q8hwXqEmbKZJ:17000000000000000000:OKDOT:CHECKMYTH
16mLxG1VSxW65ZKnAQ5NEeFfsZ67NePqNSYa3gcvawgvFjkK:17000000000000000000:OKDOT:CHECKMYTH
16141J5tuRLLkRyGs4t5L7JYAoH2NJFKCczSwEERjmUdLYV1:17000000000000000000:OKDOT:CHECKMYTH
15WNifh6s2PoCCxSWwtY8sGwa6HaRJYS2KMJDdjmkBFbw2XH:17000000000000000000:OKDOT:CHECKMYTH
15EouUDuzBXnmw25rq6gEiG8wiFAmMwvfZyBTpWwcdPTDLZf:17000000000000000000:OKDOT:CHECKMYTH
14AtoQnGB92nfhSWvtpJVZpPeEDLcbnQcupbL8zsAcxAEP3b:17000000000000000000:OKDOT:CHECKMYTH
13416f4iPXnBFWcro2uDKQFLhg4iQHr9ePPhHe5JejnhumFZ:17000000000000000000:OKDOT:CHECKMYTH
12Gy9HVzz5Krg5mR1FeVszbj2GWFSPnxGtmSUWrFDqEb9LDq:17000000000000000000:OKDOT:CHECKMYTH
15bUadHCA7kQAqz8YUqxFrvriCpb8EUEtqtd7TTn1AoYHufM:17000000000000000000:OKDOT:CHECKMYTH
157y6vYK9um5zxaZfxDUCzFduSKz3pkVqGcSyT2FA3eq2gRM:17000000000000000000:OKDOT:CHECKMYTH
133ueoGPDv8GCBfdjam4bxTuR6uKZgmzqmCppe8TK16Z879m:17000000000000000000:OKDOT:CHECKMYTH
15XAjKtLRzXVYzCALS6bgbXr9bwaWPxEPVzFvqTP7Ca8pFgA:17000000000000000000:OKDOT:CHECKMYTH
15bhSuLuSLJhrB3nRPvf75usC7WxGf7UH7FQHt9gZaWiJZBp:17000000000000000000:OKDOT:CHECKMYTH
14G49KrcDtSM7Aqyd7FfeHLz1mfPuphnfo428DvVHFN72kfK:17000000000000000000:OKDOT:CHECKMYTH
12zPCidQmR2sQxhFHcLvUKd8Zup3Lp531jguhqvwemEdRks6:17000000000000000000:OKDOT:CHECKMYTH
15zs4L49uXzhuSB9teY3oqf7jdNVL7WkcDdeFyJv6SFS6K6Q:17000000000000000000:OKDOT:CHECKMYTH
15aYgDtpSiSagwEopTkRMy78vCt9WFNgaM9pyBXrHSxDfNiQ:17000000000000000000:OKDOT:CHECKMYTH
16P7TwrgPDpYHth2Pre8GRDQKXDw3Wtdf4dwa8WL3Yt52ice:17000000000000000000:OKDOT:CHECKMYTH
1687EZjst4e7MLCBUATuHZGktyH4GWW1Y27p8xeTktXFPBML:17000000000000000000:OKDOT:CHECKMYTH
164LeQon6nzN2s9h1b5oESy3QqeXX9P3kGPBjyDGoujoUML4:17000000000000000000:OKDOT:CHECKMYTH
159x5Fvue5etmiW6BarsvwQNgwPy9F8UWPBnwdLcJsoGQyd3:17000000000000000000:OKDOT:CHECKMYTH
14avGs8QBFjeY6GKxn8yboLwYfcnndXxDjDVttR7RrEsAAti:17000000000000000000:OKDOT:CHECKMYTH
16BVgLzgMme7H2CvMrrF3PXSAk9UTpLd74PNiSjP8joGzvDf:17000000000000000000:OKDOT:CHECKMYTH
15W62ekWtc358ZemJzgt4FEdRfVia9W52H9BYLGHDAZPwgRs:17000000000000000000:OKDOT:CHECKMYTH
154JRtgMkrDAgnXjUANikPfvWYSAzS6h5o9zgAGudA998ASv:17000000000000000000:OKDOT:CHECKMYTH
12YFsdK1DdXVSZD9UJ41t5yGFWpkHe6KyHy8pcUes48HdqB2:17000000000000000000:OKDOT:CHECKMYTH
16eeCtuHt2J5kzaLYNizhBuZxXwHDCYMVifKqxiapyrhXc1G:17000000000000000000:OKDOT:CHECKMYTH
16Ao2cTMgJz7aQvinNAnXtcFjKnw5529pJjrSyXifRyvkTpY:17000000000000000000:OKDOT:CHECKMYTH
14zAaKkNQJ85vBYMe6ihT7Rx9VqjmdHUmh51uoh9ofxHMShH:17000000000000000000:OKDOT:CHECKMYTH
114R98XromWSukdxaBqadvvHzcHhw5Ze7tsU3WNgZD4tMa8:17000000000000000000:OKDOT:CHECKMYTH
12w6YpJ1xHpA43x32KfTZ7hnxZ7bhR9pgPHKpbij4czDekBB:17000000000000000000:OKDOT:CHECKMYTH
12GRmiExNSD3CSkMzomrc3WC5xKb4jjffqwdWKqW6Vmxgeot:17000000000000000000:OKDOT:CHECKMYTH
14yYxxRJBiASoYDPiq33pWBM5Z2vQUq6zGfdrov2wCJMj1E6:17000000000000000000:OKDOT:CHECKMYTH
14HqQ5JKc1Ezp3MWNUSbkzpG4vHKJk3HaC84ZezWCXRevNkE:17000000000000000000:OKDOT:CHECKMYTH
12VtQcTq9WnTLtqKgYFy6NksJu3vZRYuFwQDqi3NeG2SNEPT:17000000000000000000:OKDOT:CHECKMYTH
12EvgcRVLaRnPKmhDv5JsJqRHKMMBqhhrE3rDctuRKPAccLo:17000000000000000000:OKDOT:CHECKMYTH
14UoqMQThmj844ZvjQmgbVc6C7ZfN54bUr8qL6zxz8zrDaEJ:17000000000000000000:OKDOT:CHECKMYTH
14fvg7uhqamjj1FyvJ69G6yYcazPxDWeg8WNQAiBrounVmb:17000000000000000000:OKDOT:CHECKMYTH
16i3sZQZ71GvYRuen3vXUbErXYsFYjUmcXaPJNLV5C6q5qru:17000000000000000000:OKDOT:CHECKMYTH
12enXx4FRz6VoQVY4wbrf38XTpioRoKWDBRJJ7vnLxX41yKt:17000000000000000000:OKDOT:CHECKMYTH
14TGHjpXbu9PhZPWWbx8k2RbgwCgqd2PrszBL8J8SYishRfo:17000000000000000000:OKDOT:CHECKMYTH
163Bkv9Sbb1MHG7rqEMxjUfExpJNt7UMcbXk57MEBL2r2VLt:17000000000000000000:OKDOT:CHECKMYTH
16jmy7NExE9ekGjbjRsz1qK81aVTrZvCzcv5CwF88YoiyinB:17000000000000000000:OKDOT:CHECKMYTH
12a2beFzn6CQE3t5ADGDQhg8oK8ZexVzCo1uLaN6z3f9cp23:17000000000000000000:OKDOT:CHECKMYTH
14r1mJh9jYkBP8i56e7zuBcD5bKHEmSUyqGRvc3KFuqwuCYB:17000000000000000000:OKDOT:CHECKMYTH
16ciAaVLKt7jDczHrSZJjFVqADwo4rFSb8m98F9Gc89iYEjL:17000000000000000000:OKDOT:CHECKMYTH
12ormtvbkDmBzkBzQiQChSWV2HgbM2E1QZbJeGXhKDUSkios:17000000000000000000:OKDOT:CHECKMYTH
16MGyc6YyLFYtiu6YFe7NMVcjNSNLFVMKFC9SnF7KaGLRNnr:17000000000000000000:OKDOT:CHECKMYTH
14qxNThzozTFtqjPK7aaAhRrtis1Rij8mpn6uprbYeLuoPxt:17000000000000000000:OKDOT:CHECKMYTH
13NKbqRCG4uQg1P37mYHr9nc8vugnEks9nZeLCaE5d2pBBNo:17000000000000000000:OKDOT:CHECKMYTH
16LkvpSYWgTDEK5TduhwVH1Q2KhbC4fYFi2zCw9kfq3qG3fc:17000000000000000000:OKDOT:CHECKMYTH
16PdvgP52jUtE36Xgune45QoG3gpbdo4Q6n6hjijrYg7LvVi:17000000000000000000:OKDOT:CHECKMYTH
14NKAQpg9aGMman2YdxoZykSjacjzKPKadm9wKBxJuavyPX4:17000000000000000000:OKDOT:CHECKMYTH
16mAA8DdCZB9sYUaA2cGC4gFpMJXRTfyn6zMtgpWEfWHNDsD:17000000000000000000:OKDOT:CHECKMYTH
16PUks8BUaaKN131mrERrkLJrvKytjJqGAiuSTXimARpVCZf:17000000000000000000:OKDOT:CHECKMYTH
16SayjrLJvDVB1RumDvbSuiuYnPJXfvZ43QfBj2NTkAm7kbN:17000000000000000000:OKDOT:CHECKMYTH
14mDMErknpMuXVhU9ujE9eF7BF7vS1UZt7DiDMbv9fnbWcxd:17000000000000000000:OKDOT:CHECKMYTH
13j6W4VxpV6S6UZ94jnxFTNJ7zcS6vVySuo7TRTa16cq5SjF:17000000000000000000:OKDOT:CHECKMYTH
12nVFhibMoBoWzheuwRnaxjMr8qgyFv68apXSq8YEzJkFXao:17000000000000000000:OKDOT:CHECKMYTH
16YcXq1iADZjyCHcqeobRdXu2yamw5LqPAcRD6KBkk4Tq5GC:17000000000000000000:OKDOT:CHECKMYTH
14krn2UPu726ePuKFVBTTJsWPo4zQb8qMMRhhJxWRR5kgBqk:17000000000000000000:OKDOT:CHECKMYTH
15GbjhpoYZn3X9beErz6H26mDVqKboyuUMH1pS9hraVFLiPG:17000000000000000000:OKDOT:CHECKMYTH
16TsYgtaz7FuBYKmKT4S4PEKqg3xBkt1rmbcakWcE9PtoPH:17000000000000000000:NEEDED:CHECKMYTH
177jDmbnfpVqs3MVCieZuKhvSuFvXiXXsDavX5BrAhJYPPU:17000000000000000000:OKDOT:CHECKMYTH
16WVux13WXVEEXfVPTjC9oYBfXRuYn1Uye5wCR1DyAQAfH4n:17000000000000000000:OKDOT:CHECKMYTH
16a3e8pJkSZ7yyARQiw3K8yaD4coUNUSCqvPYAmENrXG8ZQR:17000000000000000000:OKDOT:CHECKMYTH
16UTVLLfT3nsFfw4NSeiR6i1fsh995XAZKpYT47uB2HgfXQw:17000000000000000000:OKDOT:CHECKMYTH
128YVY661YFGqwScgHeW9RpemYU6YuuA3qM2krARB352dAts:17000000000000000000:OKDOT:CHECKMYTH
14kmodoFuxUb7X7ZxNM4LzJFDbDfZs1Fr8Gpc4YvNXDhHyzW:17000000000000000000:OKDOT:CHECKMYTH
1HwrW9jXMvi8rCg4bRyVwLpxVHNyvVJqNreq2j99cbj6TRX:17000000000000000000:OKDOT:CHECKMYTH
16WJEo6wqo8QZFviQ4HT9ZUdG7GsMfWHpb3UqUr45BsZ3Ufh:17000000000000000000:OKDOT:CHECKMYTH
19F7yq4wBT6RnZ9NPeRJF2dhJvJhbis5btmZKB72mJWUW9T:17000000000000000000:OKDOT:CHECKMYTH
14hJn6TFnQgJvWWZQtJ9cgT9Y1M6tjqbmSzHeCJAWfB8Zcw5:17000000000000000000:OKDOT:CHECKMYTH
1WX3HFzk4cxBqar25DHCm8R9LgFK6Dayzdus2iMwk8FVbV6:17000000000000000000:OKDOT:CHECKMYTH
16XFAb77hc8qbmUfQN4xUtksgkttSKaBozVMRYMo3grQrHqE:17000000000000000000:OKDOT:CHECKMYTH
1bdayj1HUq6mawkRLUXjFTjUKLDAvcjvfv91CRFXQ7Pv4CB:17000000000000000000:OKDOT:CHECKMYTH
14FkpXck2sidfWycCS5qc8uSbofRYcC6Lh4Hs5Nrjgu89XB6:17000000000000000000:OKDOT:CHECKMYTH
12zdC5emPDC8ck3j5qmhijWVqi9Fugg1Kk6e1ZCrxEzfnDxh:17000000000000000000:OKDOT:CHECKMYTH
16XvTrw5XgVnWKYiJm1A6njwP9ma99VBwc1upsWM92tCSvb9:17000000000000000000:OKDOT:CHECKMYTH
126AEYMe9aRhan7BnMR7X9JRfNdECbiuB3XsQSyd5W4jkq1o:17000000000000000000:OKDOT:CHECKMYTH
14dxw4VnZrvtXW9svhtcaRASvynaSH6mjPKJo1v7yJXA9M17:17000000000000000000:OKDOT:CHECKMYTH
14dM43PrZuaS8PyudRH5fbEkuXQMexBUtNGLRaFcHVifMrfC:17000000000000000000:OKDOT:CHECKMYTH
17f5it9TY4UgYLmRo3MZse3FoHZfytQTgABCPAeWjR4ZJP1:17000000000000000000:OKDOT:CHECKMYTH
15M2RMBbbcq9fQGiCQbhFzAmLELoHNk8A4eKKb7SvshiC9YW:17000000000000000000:OKDOT:CHECKMYTH
14CCpNdVdWeZu1F5QcVovH6QB5nGWhhVRiPjC6r6VffSe2da:17000000000000000000:OKDOT:CHECKMYTH
12hTzwrm1QdkQEx2J718fQZDEKtwW88Urc9mVqp89aaVhmqS:17000000000000000000:OKDOT:CHECKMYTH
1844UiXydaVRUXTHEXNqvUWy7tNz3Mzc18SHwUcHnmUJRw7:17000000000000000000:OKDOT:CHECKMYTH
15MuC2fB4tmfSoRQS4XTqJuZ4mggXuniRQJTU6uFpMkP35EZ:17000000000000000000:OKDOT:CHECKMYTH
14bzTo6rnCWJLFZw9MCQWVm2GHTLMAdwsMPhC2rbaYYTAcJg:17000000000000000000:OKDOT:CHECKMYTH
12eAu84DAY2xxRfRhtXuYRqEVCEUQUa11mmw7EVJNGr4r14J:17000000000000000000:OKDOT:CHECKMYTH
12KYdhjDNcMx9VznPBZrzdW9vtsDzabdPTuzAkrKMxUHMX41:17000000000000000000:OKDOT:CHECKMYTH
12snseVrT6DK4a1VLxEgf7ewYPTqZq4NwbJ5DAyyYLh3EFcs:17000000000000000000:OKDOT:CHECKMYTH
14atcGy6vBGSyXDCcg6SZVWjERrqEXyr3Dw1Mg9tmVbMWzXj:17000000000000000000:OKDOT:CHECKMYTH
11kKkq4xawGyG7oXtj5ekCy5XJuACda3qqv2rHDFeVZgwaN:17000000000000000000:OKDOT:CHECKMYTH
12jmKDuEnSRyze2MLYg1WBZaVGWAfa2W8ratmZc5PLCh4HV5:17000000000000000000:OKDOT:CHECKMYTH
15Pa7g4Ry44ujrC8YMyB6rNj5ddnPco3CrHpedGojLpuAMb:17000000000000000000:OKDOT:CHECKMYTH
14AkFzWo1sh2rCCn5RGyi8mh2gBCqzSW8WvpcAd57i36AXRF:17000000000000000000:OKDOT:CHECKMYTH
13bk2CpBsmwYKw4XNRaM2KjSPi3v9YdzpVqaDaHMWNbN7gmm:17000000000000000000:OKDOT:CHECKMYTH
19gLaadNftcaBNT9uYMcRAY6rHAyBMb3eeiaKozAa8TBrdQ:17000000000000000000:OKDOT:CHECKMYTH
15QerufsZqKvqsTz8tdiaocF6HRCxRNiGLCYvCK6CBLfQs5h:17000000000000000000:OKDOT:CHECKMYTH
143khFys3Riho8BW7yqXwyBX4CTjsZBrASTG1n1oVPmHfaUu:17000000000000000000:OKDOT:CHECKMYTH
14MsQqL3Fu8P2wPsYgUxJLK9mk6CQxqMyymwcCgjoS2SA5t7:17000000000000000000:OKDOT:CHECKMYTH
1A4YYEn9NQtJMiHBSD7jDDtnhu6VzqvcuBrdG7Pn2xQB5NQ:17000000000000000000:OKDOT:CHECKMYTH
15R4PfbobpTnsekezGyo4qCY7qLicV14Sa4Yc6JJ9qkKRxbp:17000000000000000000:OKDOT:CHECKMYTH
1421Bjjs94f4dCPq7UJvAdfbAX45c4Kk3e5eGUmZHL6DbTjp:17000000000000000000:OKDOT:CHECKMYTH
145wqpEMeSTpNKQnzeWxRS6ekRCzwiWtNwAFKsDW6aUzSo9m:17000000000000000000:OKDOT:CHECKMYTH
1AooNwBvQyAH6pYmd9Z3DLsnnRLDb1uxoCCtiGQgyySoRbJ:17000000000000000000:OKDOT:CHECKMYTH
15SdHD7g7Si7YWZp1sW2TVK4gJWytE2VfdgTfjmPKxqjqUp2:17000000000000000000:OKDOT:CHECKMYTH
13WozTjBmspYdfbeXhp6mEj9ey777t9SgbuVThFgchSdmzwm:17000000000000000000:OKDOT:CHECKMYTH
15YEDr7hJXhYhbS1Qa6ARfjo6zVyeJV1dBtBv3y1pRSGm6Cx:17000000000000000000:OKDOT:CHECKMYTH
1B2sg8QScmNKZgahJSD9mX7fYrtz9kdyHRBsaUeAX6deUp6:17000000000000000000:OKDOT:CHECKMYTH
15uBCNRAN95VqYHdLtCbrn3fW2cUaLFCJwQFe4YGNZVFZyGM:17000000000000000000:OKDOT:CHECKMYTH
13whwAAN4hrRAgySRWxd4hVL5N1NnBqzQXrpUs1ChHtHyCpZ:17000000000000000000:OKDOT:CHECKMYTH
168SyiLM9eJTz4pJduTepDprMxgT6riPLG8YiWCrbVSFKDQa:17000000000000000000:OKDOT:CHECKMYTH
12hM6wE1UbEuGkJAJHSpNityxiZy13RFX5Up7vHJsRy8SEXN:17000000000000000000:OKDOT:CHECKMYTH
15VbDhezZBpLmgGjPYW1xRw9LQGm9r3JG6EzDDasWw8uYXFF:17000000000000000000:OKDOT:CHECKMYTH
13WCGZg5UeXykkXQPX4xLwE18cnKqNisLVabJCULr3xAjHxT:17000000000000000000:OKDOT:CHECKMYTH
1Nqjxmahb5ivpECyMU9o3ww9R8qzQAUNoEZixjmdpJ8fJQm:17000000000000000000:OKDOT:CHECKMYTH
1B84EY3yhSDBKdsafXZ9jQe37aiCsLoT6tzRmZhvJfEaHKA:17000000000000000000:OKDOT:CHECKMYTH
15vexRiF6exdSXEy7vn2ogENWHb7dh6WMF1uyPe9sAA5aeAY:17000000000000000000:OKDOT:CHECKMYTH
13UA3HgjQYmMSERiCzcLoc1XXkirCPSrcuAgkWcUWNSgG1cJ:17000000000000000000:OKDOT:CHECKMYTH
13rwhZ9z5USGcNW2Zr7foDx3ndz8aNRHCFkLo1WTbY7GewE2:17000000000000000000:OKDOT:CHECKMYTH
1E8Z7jVyZpZFGGfdDB2xr3e4ZYHpYq7L49Hj6NyhkEhRsET:17000000000000000000:OKDOT:CHECKMYTH
12RVY2KvBCyBuKXNEpjqWVFaePhURwubBXqcyXKsEKdhhujG:17000000000000000000:OKDOT:CHECKMYTH
13U6nCRty7dvjUYd9gMTceoPJiFewyh6SwGGrkjy9ws1f68t:17000000000000000000:OKDOT:CHECKMYTH
12spY9Sc4kktBXMLH4WqzRs6drcTGWQddUpEY2S9WT96cxb6:17000000000000000000:OKDOT:CHECKMYTH
1gBFvCfio21EYAeF7kiAq9emFbghmGP9fvvHPpNdLkHdYEP:17000000000000000000:OKDOT:CHECKMYTH
12LLYPGr7CrRDCC4Xx6Ux7YDx282zWSQnJ3JbSMM5xEMLzrH:17000000000000000000:OKDOT:CHECKMYTH
13r8dR5Ft4w86EpC5DPgEY5zcCQhvMmAve6ZdamrLqJa9And:17000000000000000000:OKDOT:CHECKMYTH
14Vx8ojoWYpc577bF48f1XgRvREwgktzEPVcgXtJAfhB6YDr:17000000000000000000:OKDOT:CHECKMYTH
12P6Efg8Lc7WBB5XxM2Xv5Y57PGCZuPt4thnzB3smUr5545X:17000000000000000000:OKDOT:CHECKMYTH
12KTiTtNLbZ1f9QeBT8cZBJwjJrCrx8GYMAuXjJMmUx2NYm3:17000000000000000000:OKDOT:CHECKMYTH
13QufJRL1uxdEeMwkyAUuJCFiUUSFPiPSQT4CjeDX7Smm7Gm:17000000000000000000:OKDOT:CHECKMYTH
15SkzijhLt3AsbbEdKyt6UqrQECTmDbJ4HGC2HdstQkzkS6c:17000000000000000000:OKDOT:CHECKMYTH
12gt8aApYPwshH2KasZ6Xq9JFipGjBcF78HKExeTV3hyRPap:17000000000000000000:OKDOT:CHECKMYTH
12kpKyhZMawWcZFpYJoYMEaMxzyyRdbVv1beh8WMDDddqSZC:17000000000000000000:OKDOT:CHECKMYTH
12sZEcABwLwemFbq5Pm5Z1EJNeLfobQ8QuA1uVJmLYMTkwF8:17000000000000000000:OKDOT:CHECKMYTH
12ow68Hs1KTH5HC5T1F3676tbTk2HYCZkwwEdezJSbBe2cr5:17000000000000000000:OKDOT:CHECKMYTH
1iqTpy2gyobQHD6hnd7X5665yEzYewr2CiQtrAu2395QMWV:17000000000000000000:OKDOT:CHECKMYTH
12J362DRxSscNEhVTMCzKqwdpnAjUJzeBhyVa5qP4RgHcCbu:17000000000000000000:OKDOT:CHECKMYTH
14cHmG3N5Fic1XBuY4LNzYzkqLSeRGbp4KqddpSrkRtsfwjn:17000000000000000000:OKDOT:CHECKMYTH
13Yqnv6evPnP1A417g83GHu4dviPm5c3nX3Y6qZUntaHP1f1:17000000000000000000:OKDOT:CHECKMYTH
12GhpYuEXoMQEkBcRNyXrk5AFFykbaigocFgUAC9b95VrksF:17000000000000000000:OKDOT:CHECKMYTH
16bvxfJVCdJxJFSC9HZHgeNmvxwgPSqLBn74vubTokjdiJek:17000000000000000000:OKDOT:CHECKMYTH
13x3u6ierjS1oC1t2u3ZgBzBTdACnJjacvua9taVknXLn8GS:17000000000000000000:OKDOT:CHECKMYTH
15R7c5QQnbrc1HfwyAH4fzZ3T2pS73ZDVkMFSZVdsnjqsR58:17000000000000000000:OKDOT:CHECKMYTH
1MMjd5pSDvAMoSx4nGpeFCUuiAKK9NBCuquXj6oDZQWHdbV:17000000000000000000:OKDOT:CHECKMYTH
16c6Vv9zwVQt3TPxwdMZ2QxfqqBcGL4XsDxhGLrFdvMjuXAj:17000000000000000000:OKDOT:CHECKMYTH
12VoBkyQGWPHkU5SPYMDB8ayrrkwyHeXp5Cm6nAP4VFVpWVA:17000000000000000000:OKDOT:CHECKMYTH
16JnrudxHKVT5Vop5rtaTVRPkF9YrCdjHFXD9wY9LuS4aYB1:17000000000000000000:OKDOT:CHECKMYTH
1nBRJLZ2rnunJr6Be6oG89m4LF6MKjSF6RyZjAUkw97GceF:17000000000000000000:OKDOT:CHECKMYTH
16Codf7yeLg3ELoiT1YNdeFR1hsrhNNfEyugF1aNXEGaBj98:17000000000000000000:OKDOT:CHECKMYTH
143BZZ3JbBHovt9MLddTndSBxghrTdRu8TAQYfNtwSioUNVr:17000000000000000000:OKDOT:CHECKMYTH
14tto56DTXwqytBFeJyw5cDsaHQeEQi3PMaCTiBrY3Z7yqPP:17000000000000000000:NEEDED:CHECKMYTH
12bnT61NNdrVtXmAdrcbaJes2Ku3GPfHXqZcTPe16AYYh4CR:17000000000000000000:OKDOT:CHECKMYTH
16cVDDs5P1bjQqhPsVY5izT9V64pTWN6wVnH8MLwhb46qQ3A:17000000000000000000:OKDOT:CHECKMYTH
12GuNB7tof6Xb4kPjjeBZz7yDiQ9Po1uzkAwbGzWqxmrobwK:17000000000000000000:OKDOT:CHECKMYTH
1eddxkyqn5GNxqeCwdmpeWZjhSdGzBLU1YNftJx5UiQx7ow:17000000000000000000:OKDOT:CHECKMYTH
1q4H6TacyeZFLxCt1qYVVhDRwi2rHMxeY9sMggDV6yEmbzn:17000000000000000000:OKDOT:CHECKMYTH
16dDQBrWnYnsHeLrycjf2ahLqc3zaJk3F3JsZURmNo2x5Z56:17000000000000000000:OKDOT:CHECKMYTH
198DixeFynksofunqYtL7oqqfJm3duCb71x7Q6AcZidE48T:17000000000000000000:OKDOT:CHECKMYTH
164ePMRnx13z5dCGG7S29T68E5tty48WXMkT2ToUCKNdTs1N:17000000000000000000:OKDOT:CHECKMYTH
1Q5dEbSNLoHC6zcXo2poGSy5Dcuk2Md5pfavoACg1X58ZQe:17000000000000000000:OKDOT:CHECKMYTH
12hjHnsQQY35a2yJ6ztbxSsqA4Jkpkmk2fhEbBUhM1DuLdWi:17000000000000000000:OKDOT:CHECKMYTH
1486fyy76R5be44H5AV9cHtnf63f4zroToFzv6GTkX3tmoQ1:17000000000000000000:OKDOT:CHECKMYTH
12L38ptkRW79u4t8yPz9PYEn3eSYDeuZ8VAKro3ZgueAWWao:17000000000000000000:NEEDED:CHECKMYTH
1QuZgRV7bN5qyrWXdyAKSHXvCYArnGrRM6JoM4Njxb8mcvj:17000000000000000000:OKDOT:CHECKMYTH
16fFbcNHbguW1nyHgAT9r3gvC211bBF2bpcHg9k442aWzdUb:17000000000000000000:OKDOT:CHECKMYTH
15ixXoq5tQjQMw5yNZEs2sobRfB8v7nkpLKSPfGkBiTYS9oa:17000000000000000000:OKDOT:CHECKMYTH
1HX5BXfPSgggTPztY8yRUtDxc5ZymRhAsRQgFjJWKoRkXqM:17000000000000000000:OKDOT:CHECKMYTH
12BitmELAog5oU1Prb2ivdSq92QBU8UyABqtCKdKEcZhoEhj:17000000000000000000:OKDOT:CHECKMYTH
16g1WWKMoAMvp9kfdcgvL4aLTv11LiiEQaMEJL4k1dPXBS74:17000000000000000000:OKDOT:CHECKMYTH
15PaiG9Dk5WdQsGpr4gGzWjNUpaSMTSGtMYzopaVgKQiASGs:17000000000000000000:OKDOT:CHECKMYTH
1581xCWpx6TWNfvJzy94fLWf6pQY8whiatqkhgQX3VTvMtue:17000000000000000000:OKDOT:CHECKMYTH
12bErXbyd8yVNUUadyQEfoDjBv38vDdQv3mtD7ybEfGaoD5p:17000000000000000000:OKDOT:CHECKMYTH
16GJF7NHGB83kXsHTAuvFia8s7RReKMkdV8aXDVGRxGgDeGH:17000000000000000000:OKDOT:CHECKMYTH
1gqMi6UyzkJE6spgZCEiGxijMFBs7Cz6UboAj2NA2tjTBMV:17000000000000000000:OKDOT:CHECKMYTH
13iZXFmARbY5fVFLo6S1SYhGYuTobtcGsCb7VHC2zSBEmF9F:17000000000000000000:OKDOT:CHECKMYTH
1TpFieUfZZKCmaqNGJoHYeCFXj3EnMtpv5RrQbkqfTrPWxY:17000000000000000000:OKDOT:CHECKMYTH
16huyDLbbRcKFxtpst5DMCBDR7ESFY4Nt2pm3n6JSN2QRH8v:17000000000000000000:OKDOT:CHECKMYTH
16aSqLW4ffPNDWdDjKPMdecREjwxkYcY2hgypjLDu9RDVy61:17000000000000000000:OKDOT:CHECKMYTH
13HUJ9wmwnQRJjLj3JAzdYEdyD7faXKD4QvV5CausFnjzUoq:17000000000000000000:OKDOT:CHECKMYTH
1tTchY5SuHoUjCnp1W22vq6esJ4HRasCV9XHZUyrFohTZgt:17000000000000000000:OKDOT:CHECKMYTH
16jfRHUJfZZNp8HsuRwRSSZpV6yKo12WevM7btFrtGVfd8hB:17000000000000000000:OKDOT:CHECKMYTH
15MtcSA2TNW9TJQVgWKAuV1fZCNGT9ocGG6KJPpKxhwAVUxr:17000000000000000000:OKDOT:CHECKMYTH
13RDm3kkKEf8jMtSUoDNE8s7s5P2qitrDVwQfp4k3YXkSKHD:17000000000000000000:OKDOT:CHECKMYTH
128i6nzwFWpUp3tGSyvJxu1fcZuf2frJw7ekQykR6nLgSs2z:17000000000000000000:OKDOT:CHECKMYTH
16jL1iiS4Rht9LPUvfw8s3Ykz1V9wUAkd97LPGxuMxKLpYC1:17000000000000000000:OKDOT:CHECKMYTH
13iadb7Bk77Q3gRJC2s6H1X12XyaCNENPc2kLBXMqKwrPLfz:17000000000000000000:OKDOT:CHECKMYTH
14FLGx1CqxLMkv9xLrawp854QVddFUwR6nehEarzhtx8RnRy:17000000000000000000:OKDOT:CHECKMYTH
1uaGq71CsL5Xgb1GSXGaZQrqo6a3gfNr7PuqQLuEjSdydq9:17000000000000000000:OKDOT:CHECKMYTH
16KnvsBqkmTPFkYmUPk1FTLVKw88CNyH4mDengzvTDcuEeQJ:17000000000000000000:OKDOT:CHECKMYTH
13JyiocWraSQxcYqJBA5eaX9HemCKH9aHEU2igUs9BnEVViw:17000000000000000000:OKDOT:CHECKMYTH
135wVbXH3cae2VqE29GixnjZA9kgbvJ2Lwy2U5SsnMt94ciu:17000000000000000000:OKDOT:CHECKMYTH
1uM1ykaQgdHWAiQkmDDBc3pN8YH6uCq9ZpU9BZ7ngzhyBNm:17000000000000000000:OKDOT:CHECKMYTH
16LvuA94veF7gRztpsh5vAShdXoiknAHf9CdFUGxsSJ98n6k:17000000000000000000:OKDOT:CHECKMYTH
1e3QbkMzxzg9GV9S52XEbAYCh4Ktvta4GpF3V3LzY1MRpzt:17000000000000000000:OKDOT:CHECKMYTH
156UmTvWtPYvFewSa9GwYY9BqhYMRYUk3wXo42BkbP5zxKFB:17000000000000000000:OKDOT:CHECKMYTH
11gLQXRhVo6BFY11SnWdTserR7sQaYqkg7C1uYJtkNiuGha:17000000000000000000:OKDOT:CHECKMYTH
16mKGskQwFmQ56Kn5VHLf3aYFqVxc14Wdg77rg6akN5qHfXK:17000000000000000000:OKDOT:CHECKMYTH
15cbPoSLsZpt1w6Qr5v5S8Z946YwvgMgEF6JjVXzvJqrDS3h:17000000000000000000:OKDOT:CHECKMYTH
14XwTVtSSpWEZJpHqFeG9b5U4VtxXzSxe643ypKL3BdC2cNW:17000000000000000000:OKDOT:CHECKMYTH
12Ry51kA4xeZCCiQ8mtiH7hD4AXN9tDPf22nfWrsaBKGgroh:17000000000000000000:OKDOT:CHECKMYTH
12eGvuY9LwphkyGxytE7chzV3MGKPL3nkxobzsJYonXbX126:17000000000000000000:OKDOT:CHECKMYTH
14MhD5HaghUyZR62wmyFJGiT2HWLeyoqWY8jAaMQeKKwDSh8:17000000000000000000:OKDOT:CHECKMYTH
1UCb4hZxA2szd3avkE7jmu6tpaxvMzaZoUygGYhVveoZnaW:17000000000000000000:OKDOT:CHECKMYTH
1Yjtir56dHAqjCfebr9xkevRZWebeJs2auTGQXJnFNbuQ8S:17000000000000000000:OKDOT:CHECKMYTH
16Pk2MC9usFuinXmRx4aWuLNyRnLdkum5kiRYrcxZmL1cuNQ:17000000000000000000:OKDOT:CHECKMYTH
12uv1eWy1BFZty4fpvmVf31WfZfPM68kUmoqtqiJGTNGtuiC:17000000000000000000:OKDOT:CHECKMYTH
15bmU9xMejHVVq7i364JTAhKWoBx8E2BrfwqYe4FwHgBL9DC:17000000000000000000:OKDOT:CHECKMYTH
1yTm92WdmFBhtCkcs8YhA5NthS3WRTk5gJGPak5cjdDCBqJ:17000000000000000000:OKDOT:CHECKMYTH
16Pq98XKbPf89A9Q5xj2D8SRiamrEwDvTF9tZzKEE12iutBf:17000000000000000000:OKDOT:CHECKMYTH
12nCyNgcwqRRbBmqj5JSxoGA1Dkvf4qmG1PdFsoxZLL9JTvf:17000000000000000000:OKDOT:CHECKMYTH
165Ur32Mordmf7F8fcNu9vNp2t2aWGgonBsF9ydwtHgqv94X:17000000000000000000:OKDOT:CHECKMYTH
1Yxs8B87qRHVTPFjGXjMQ9S9LssHZBp8QyApkcMFT6SmXWa:17000000000000000000:OKDOT:CHECKMYTH
16RBJD2RvTEGrobJSy7mDxhUL9S6Dn3fzaH2LwgfrEWkktop:17000000000000000000:OKDOT:CHECKMYTH
14d8zM14dVBpdyhYo4orHd5tNxi3yNexDaSTKVTSHHGWzmas:17000000000000000000:OKDOT:CHECKMYTH
15BTUGW6mofHQcaffxz6JdAMH1zY4JpfTmQ5bfScRD1qxT3e:17000000000000000000:OKDOT:CHECKMYTH
12s4W8xGVuJg6dDAsXKCeduciR716UkZRYfcxGro7E83UXTb:17000000000000000000:OKDOT:CHECKMYTH
16ToeMp4pUufipvkVAT8NbufPaDffAmE4xKkHieFrzW5CXy1:17000000000000000000:OKDOT:CHECKMYTH
13ESGbHVhStPnaXTSYNCLYxz2WiGUjaqra3wnu89svoA5SSk:17000000000000000000:OKDOT:CHECKMYTH
15E6cEzzrE8c3HjTDhKt1AsKTKqL2KB6Dys8z5QTGchbFB39:17000000000000000000:OKDOT:CHECKMYTH
12TcQ5NUpzPVVTBTuZHCD3B76iz6QBGgyw5b7y15YGDKtiCs:17000000000000000000:OKDOT:CHECKMYTH
12EfZkkgtJJALyxLe1UeLibeBzum8KUXMF8JkrGaR4T6cwWk:17000000000000000000:OKDOT:CHECKMYTH
15aFKkxvDYcJNMcnMx7nXwLPNoMRRq6YsHfj5Cc3ws1LQ9Hb:17000000000000000000:OKDOT:CHECKMYTH
12bZbrV7xCvrSPKt1tqekX4VsNv5Fye13ysZJfWv4BfSXwV1:17000000000000000000:OKDOT:CHECKMYTH
13NCLd3foNpsv1huPDzvvfyKh37NEEkGFotZnP52CTR98YFJ:236000000000000000000:OKDOT:CHECKMYTH
