16johUwndDsrVDmdHEziN9U1GnQM6aV8bkUsKanZL9gGEvNB:17000000000000000000:OKDOT:OKMYTH
13iRqtBaVRspYjC1f38t8jAVMya1qSUDPVJY2QPGJEB1HVoy:17000000000000000000:OKDOT:OKMYTH
15CztZosLjYimx6Szh1ioVtpxn9CtbxsKuKHPPeD9d4GLYkq:17000000000000000000:OKDOT:OKMYTH
13bXxkizFrAU6jeu7dCuurbVJvTMJKwESg2xzgab8ToqJLFr:17000000000000000000:OKDOT:OKMYTH
16KxyxS4TYBPc2hvsdAE7soE16ndRGpfwZ1vcJBg7dESrkXD:17000000000000000000:OKDOT:OKMYTH
15AnuV3crstZEsTEPzaYWMBmoXr9PheP6b1p1SwHB99mMP8i:17000000000000000000:OKDOT:OKMYTH
15bWUfSXDSwo8UDEJefh8A6ooA6q6V4NBmtHzysBUTs9RUCw:17000000000000000000:OKDOT:OKMYTH
13CWLcS4TEWntPcF4hFza8GtLYWUATgzeq7XXQZuK8rUSvY5:17000000000000000000:OKDOT:OKMYTH
16MpZPtQP1B4X4whMskwgdmzJ1rk3LzPsQ18xQmWdgYti3PE:17000000000000000000:OKDOT:OKMYTH
1U92FkSLeAJzxLPDixYJ9gCBiS5f7gcHwn9YmRDVDQyrLPi:17000000000000000000:OKDOT:OKMYTH
15AQx1DwdrUKF7j7rGSe5n5wNYFGwtaEoKhYDoaQzsaagV1s:17000000000000000000:OKDOT:OKMYTH
13E2QTYrjWMWW7uXaGYxWeuTjM1cd9sCdRhMNGXWoBTf1whd:17000000000000000000:OKDOT:OKMYTH
16n1MMdSADsBexBwbW9K9g1m9fgKmFXreptccbkQ2r3fTMuv:17000000000000000000:OKDOT:OKMYTH
13wzxBxK29NvMvq5EAtsYRvXymAtQ1W7jmfVkf2QaUzCGBNb:17000000000000000000:OKDOT:OKMYTH
158VZNuMVoB32jLiKddXmJjHb9bE2xAQdRULphJkaPS3tToT:17000000000000000000:OKDOT:OKMYTH
13hX1gvsWJuPCg9wP5j8jGvWyZ3HoBZVPfFnu8xWN2q7vdJV:17000000000000000000:OKDOT:OKMYTH
1Ai2ppz818pXkHRpYMdn9zZju4YWJxZnF9X2LzmAJsXHXws:17000000000000000000:OKDOT:OKMYTH
13MtaQF26ahEgPi8a5pXwHnnZksRjVX9fqQDMtxdvs19kEFn:17000000000000000000:OKDOT:OKMYTH
156crumg9d7LxLHd5LtwHygAHARKxbiYBtvUYM6Tmi1VLxQT:17000000000000000000:OKDOT:OKMYTH
13HYSH7oWDvZKkXdietg1yay7QcoDMAsPW3Zp57NRRqEQqnJ:17000000000000000000:OKDOT:OKMYTH
1BMKEKSkqkoWa33rTzsAFxiAUZwypDKiwjWJ2XLwtskpyGH:17000000000000000000:OKDOT:OKMYTH
1nDhNtdikfrKoMc5ZBCfVjgJnyXBmLZ19jMZSJDjS5YKKhE:17000000000000000000:OKDOT:OKMYTH
15185pTUGBf2i72PcZ8wqtP5YT341F48MCFKPdfYQUVCronE:17000000000000000000:OKDOT:OKMYTH
13NGotg7dJEb3dAurDyE1NqsciqTEYoe28K2JEh7HNvKZsrQ:17000000000000000000:OKDOT:OKMYTH
1c58QPBWafimQCzQQZ41rG1WFJRpmSKKCCxXiGmwLLkL962:17000000000000000000:OKDOT:OKMYTH
1ZmyptKx6WbFneaPVSv8qWmpYHtoHATGq7SfiZw4adL31fc:17000000000000000000:OKDOT:OKMYTH
14ywd5gLGxmM7qq1Nn5UWcfPQUv85gQBtppXRmyKtMUDA6RH:17000000000000000000:OKDOT:OKMYTH
13NjmdEZaG8FAF5a7Erj1G5MKiRGPFwJHTro5idF7mvzbrnC:17000000000000000000:OKDOT:OKMYTH
1Cw4QRTJQrgQpDTyDkn4HP9tHNYTBC8akkCSRi6T7WTRQXs:17000000000000000000:OKDOT:OKMYTH
13uRCgxYWjNTLwyCX6NhJt5tek2r4B3Kf2E7rN8UHFFjkzTX:17000000000000000000:OKDOT:OKMYTH
14ya8iJFJhSoMDHCkNNiEHwaK8qDwDMLGCy99QpPycGiSVc2:17000000000000000000:OKDOT:OKMYTH
13oLgERpqpKdmXm6ZExScrG53HX1XAR74aE4eLJuTY3kE4zi:17000000000000000000:OKDOT:OKMYTH
1dUMkRsG52PD2ukYDSHd9rDJSKqYUwSZ2q6FnpqnFi9Yfae:17000000000000000000:OKDOT:OKMYTH
143aVHZrCfiHuuGiCC7XTZZ9cDVtwYkENmmcK6VbFSYinbsr:17000000000000000000:OKDOT:OKMYTH
14WbBL3bEBdYF923QamTtFWXWDGPSakDvrtaaE9qhm3g1Tmt:17000000000000000000:OKDOT:OKMYTH
13Sj8dRLdUxY2DsKXrsnGJ1AWEF9CBDVFeM3ujJnEBEnpE7Y:17000000000000000000:OKDOT:OKMYTH
1EUfPHbtUGjAafeUa1fTRuLkFtouVJbF2n7ZtedfyDcLWpd:17000000000000000000:OKDOT:OKMYTH
14WD8tPvhozrtVwqp5sneeDfqF4J1HWqpC7NDwWXAqpBf7bJ:17000000000000000000:OKDOT:OKMYTH
14uJKtXRUysFYAqTY7SK7hzdzYr5WZXJ44yUSahhMKWXdcmU:17000000000000000000:OKDOT:OKMYTH
13SowsYBe4ainy5X9vdSsBgpE5yyzYtr2XRs5wVnWUVSjDty:17000000000000000000:OKDOT:OKMYTH
1GL1VFZDdTrsFmtRP2kVpb939EyEGTWUeu9ZfWFbJzVtnSs:17000000000000000000:OKDOT:OKMYTH
14b95HCAdNAHTotqJmvRoq9PUX61XSop8LDLM5AjFqfrdMMP:17000000000000000000:OKDOT:OKMYTH
14toBehCmTqqgWqGBunpKijMKpJGAdnn1jYSeRQdPwgcP7hM:17000000000000000000:OKDOT:OKMYTH
12UAoYNdUjtTyhtVsEq3t32GLq419YFbw56P1B7ZErNXaG6E:17000000000000000000:OKDOT:OKMYTH
1HjAVhZLaGF6pyXnbhqyCtk9wstS3f3vTa1xm7569NDroDX:17000000000000000000:OKDOT:OKMYTH
12TE4xN3Y6v8DnY7aDZRVQLXdPvHNryvJoaR7ekhNuipJS67:17000000000000000000:OKDOT:OKMYTH
14SrubZJ4stNiyotTiXFyj938157vNHw86HQmDtBrTpEpa3q:17000000000000000000:OKDOT:OKMYTH
13uJQxJH3H881wXU7HKtWLeJVP7b8tqX8syq53DQtDvJDfk3:17000000000000000000:OKDOT:OKMYTH
1LaVv7MkUkyNWZGjttbYbJXujJpxkRDjYCtxKS9XrF4JepW:17000000000000000000:OKDOT:OKMYTH
12xu3ERKnLXB2jmJzsd3MkfAn5vq5f9Nb3Sq5e1Tn9bym3gN:17000000000000000000:OKDOT:OKMYTH
14Sd6xw8UpaQh31zANxeKYPuDCc6X4JPtPXJrTuKmw71bWpv:17000000000000000000:OKDOT:OKMYTH
13UVJyLnbVp8c4FQeiGFwoy5E3tTAQK8e83qaBCPwno9fFrX:17000000000000000000:OKDOT:OKMYTH
1LKGmiCaZ6CxMTrfxw8Yv6HCNtTN5dKmfNYWGMu6ktdaV9t:17000000000000000000:OKDOT:OKMYTH
14uPfoPqSBWaaneXs1dbhqoFKNjtJg2V33idSeSLCZ68uELa:17000000000000000000:OKDOT:OKMYTH
14rRSbsydVHiSWCpK7o2guSvTrxrMuPeg6APBPksW3S1rbf7:17000000000000000000:OKDOT:OKMYTH
12RQLxu6XrYgpdVAdeNLP9gAkHDgJJKB6ZbNNaH865DRgKfu:17000000000000000000:OKDOT:OKMYTH
1mjPZFmdwqHbDdR8K6ME91SUgDG6EfQnmeLUzT6C744rQZ7:17000000000000000000:OKDOT:OKMYTH
129452DVwFAJDGqSPrMfQkjdzWqtvHqxPfir5brwtn1cqYh2:17000000000000000000:OKDOT:OKMYTH
14r8R4TiJcjTDJaXSdMpkktsoutGyeARS8ULU82JKoXzPCB4:17000000000000000000:OKDOT:OKMYTH
13w5hmuZGkkyfvqUNp4JsAn6KQJWkhowXctEcMHXWor3ApLp:17000000000000000000:OKDOT:OKMYTH
14Xsh9ygs7Aij1obT2nFpLccnhgPeerY2AA5iYGsNw7pTBAM:17000000000000000000:OKDOT:OKMYTH
12M2mxSNnDd2GPpBXrD7CdrzD3CQeFaXoHDsmFLLM6wt8e7L:17000000000000000000:OKDOT:OKMYTH
14QQrctAfmYKS8GoBbaNTUU9i3bGBCWbxe7qXcZj8ZMGviPK:17000000000000000000:OKDOT:OKMYTH
12qTPmgwRFbXDAQwwzP6YccSLWZNRntHFRmoDqbw8CWYJbrL:17000000000000000000:OKDOT:OKMYTH
1Qj38PiAuZ3AzTwjHeeEncJ1Mmy7T5TFxJDbRLqWSnpm8XX:17000000000000000000:OKDOT:OKMYTH
12WJ6r8qM94d8McKLMtWcTCNVJGypWZRygUXnXB6HrQSJ1tH:17000000000000000000:OKDOT:OKMYTH
14PBw3c3RKrxS64Pg3SUyoL5AeCj1LfTPybaS8mzWxLG9wB7:17000000000000000000:OKDOT:OKMYTH
13zsiijjrhBvZEA3458WC1bqbgZ9R1eAgVByabEkKCFfjEQ9:17000000000000000000:OKDOT:OKMYTH
1rCNnDJoANgSvWaSK2SiDUgsCN9YCAEZWbS6X9NPKrp6XVr:17000000000000000000:OKDOT:OKMYTH
12UKfqs1zm24gdHgh9PLMGktdQfAvt6prq4GLYqPKZZytHWn:17000000000000000000:OKDOT:OKMYTH
14NokVwbMvCPWhewP6AM8VqfFjJzVMxQDCVih2yrULzGzA4H:17000000000000000000:OKDOT:OKMYTH
145gvxae21UYUUzg5eekVWDEn9gPPrbPRsVWTHoysvtgxe1A:17000000000000000000:OKDOT:OKMYTH
14Dm8Yb5fYxAfwNUSanK1CFsvxJeEp1T8HkB6B7pinueSEYe:17000000000000000000:OKDOT:OKMYTH
14gUJXyhCBAn6rtTk6ZMpXLoUGDyYiiMyHgEbFb7wz4QiXwr:17000000000000000000:OKDOT:OKMYTH
12ihhqbNiWWFP7jL6y9vqtunbK51goyv56HYCAT8X5YHmxPt:17000000000000000000:OKDOT:OKMYTH
145hPGjQV1KEQNZYExDvkKKQXwyN6JZ4e8osyLNuGBYBjBz8:17000000000000000000:OKDOT:OKMYTH
16SUA6pA3KPThLSLFTFMmP7bmbuHFrwz6Asuz8FDaRSJQW3y:17000000000000000000:OKDOT:OKMYTH
1geT6nX5YPJTgFRrdUf1uPbXeTJLbJh7zEnYV18Z1KqNvYu:17000000000000000000:OKDOT:OKMYTH
15Lyb2bAbeorDmq6Fp2GUNWNCFofPgfo1ai7gF6xVPnj1am8:17000000000000000000:OKDOT:OKMYTH
145mzpcpRZkaS6a3QLrconSuP8in9VxRStNqvxy5qvfPBmrT:17000000000000000000:OKDOT:OKMYTH
142QLDQZWveNPAEqVm9VZws4HDE5LYyD71BwnQxgDYZs4iCc:17000000000000000000:OKDOT:OKMYTH
1h6rSgwzgjETFZ2aULRh5d88pxWz4MAgDvG6ggHFp84jrcm:17000000000000000000:OKDOT:OKMYTH
15njhDjYrr3LDBsmyq2Fwjjj9UhxVsLdx2dccZx6xy69rFpA:17000000000000000000:OKDOT:OKMYTH
1486kNkPxvF7Pmgfr4MskGnn4p4KXCigMejv5Q7szMowioKK:17000000000000000000:OKDOT:OKMYTH
13umigEeuoy5uYm8oncK5xqWCeWA6skUxJZPqACivERENbnY:17000000000000000000:OKDOT:OKMYTH
1J7KBPhQZsaqJWfJAQtBkwNSPTCoR1LVYq9gmysG7xQ1j88:17000000000000000000:OKDOT:OKMYTH
15nRczYEPhYyvp9reGba3oKcktyPSiJUnDDiZkdtZeHbNnrJ:17000000000000000000:OKDOT:OKMYTH
1498GmR5BCNMEPnZj3pr8tREbXeS5dnQRWcHv4LoNBDP7qrf:17000000000000000000:OKDOT:OKMYTH
1NteesKh7MwTiNxsdvKRuHtaCAUZrn8LyiQsHf3BroCbikQ:17000000000000000000:OKDOT:OKMYTH
16hVjRMEn26tynY3sQ6zxm4RRqwwuP3TNVgPQTi63EmYQUq8:17000000000000000000:OKDOT:OKMYTH
15pPHkZ1fr1JzGuk1H6tS9LuVMyv7ymggzTpxNyApaSzsGA8:17000000000000000000:OKDOT:OKMYTH
14bCoPG2QWSGYvLuaLz4iHSW8gBYkmtCxzkayzimsfYsM7Jq:17000000000000000000:OKDOT:OKMYTH
12sUZ3waWb44aeAZ8RARsPJRZ68waqLLRrrc5ZckKLV2c16G:17000000000000000000:OKDOT:OKMYTH
1k3ECYm598esNb5pftxiBWc8YadChb16V7ZJ1brcsw84YQJ:17000000000000000000:OKDOT:OKMYTH
15qBz7bsRzUdtZhkfeYXdUUvjJZhJ3ENe1Pm5m58phahM3JN:17000000000000000000:OKDOT:OKMYTH
12pvsD7JNKAxgLNiPmGrpoHEDt1dVvuGCVLoxoDNA2aMnzvz:17000000000000000000:OKDOT:OKMYTH
16bP3wi3QAadD1YaP59EYAwWB4r6xfcZwPv5vHhTZbWZmhV6:17000000000000000000:OKDOT:OKMYTH
16Hvj3fAoKAbLU5s1U59qSAZ1ANFvTcCDfAYSsyGcQpfqM57:17000000000000000000:OKDOT:OKMYTH
15qJQsRBV4PdB3NJnP4geiT1w15fjP4Z2KGkt8wJM2NredxX:17000000000000000000:OKDOT:OKMYTH
14dWmiGQDwCvR5GdNygLUsfJtfFSct2kyTU1aNvTxkk4NSu:17000000000000000000:OKDOT:OKMYTH
15tLqfW4Acz3YGVq7syotqCrhoxfv85pHDqsP92TBzBS8gCU:17000000000000000000:OKDOT:OKMYTH
1M2juYPGBn5Pq2LpN4ZGZDQLVQiEsVbp6ruWL2BXNLCgCAT:17000000000000000000:OKDOT:OKMYTH
15qrDfeMQHGVJ6FEvUpioAVSnkCKeqyyHdtzwXK7CisHiEVd:17000000000000000000:OKDOT:OKMYTH
14gHD3Gp2oS9amNN1NKMJDA7mnhmb93UGYkS1wpb4mtUHWHm:17000000000000000000:OKDOT:OKMYTH
16DXoRkRbvRsTA93hj5rJuWjoBcT9D1D2HzWjGTtUGrJEBGr:17000000000000000000:OKDOT:OKMYTH
1MC3TveKcBzgeZ63sxYzXEs8DEHxVBfVzxdVhNbVKCXzBEL:17000000000000000000:OKDOT:OKMYTH
12Gq2c6cWzwNFFDoQcuFmfTqb1zD1Xpe7Mv9homfKLpXyuwA:17000000000000000000:OKDOT:OKMYTH
12Pd1spMCMsJS739ebPLSvr1WhBNU9tr8wTmttbJQ5WQAHuW:17000000000000000000:OKDOT:OKMYTH
13bmc58siUEktbd7cJpzH68KuG1Z3UpStRV8qbNR1Ak2iyb2:17000000000000000000:OKDOT:OKMYTH
1NZdA6rVh6MiVmin6cfVpoA7E1DayZ75Xp7VpqDvwEvYyuF:17000000000000000000:OKDOT:OKMYTH
15uFwRrxWyH48C6EmLg3t6jsWJhrh5RBUiimfuVuh9VDEzvq:17000000000000000000:OKDOT:OKMYTH
14mjtYEsAXUQDUjQ6cuY73DtpKtZm4KsjDfQgic4aeewvTgK:17000000000000000000:OKDOT:OKMYTH
15FgFiyi1vKqoZWgt2R8qB1Q4DQibyTLLJB7mSKsuKAiGCNz:17000000000000000000:OKDOT:OKMYTH
1oCoUjVDD437wUHaKKNSkEUFVeJENXD6V2wGon18Xu7Xb18:17000000000000000000:OKDOT:OKMYTH
15V6cn7ajSUnrhX8ZGPArVwQJ2TRs7oDasqdckBcj3Smn5xK:17000000000000000000:OKDOT:OKMYTH
12muJ5F5dQtvA5K77v97D23rkX5Co31dGa1kRSn6v244dZJE:17000000000000000000:OKDOT:OKMYTH
1TxtuaqK4Gt3dYnFE1FtyfhwPdGAR4w98vqEJVSU1S4Mue4:17000000000000000000:OKDOT:OKMYTH
1P79wUTDCvhv63GQvyaH8Z8gKmhwUjezVMkexQDjhawWAoP:17000000000000000000:OKDOT:OKMYTH
15XWKKdC2tQxAqXWXjkkVxzZ9ezy4pNWpPyekMzxqBSftEx6:17000000000000000000:OKDOT:OKMYTH
14nsCGDdydvJamwzs7W3QJZXqkEU7bZnXCokjK4JeGwjF2qr:17000000000000000000:OKDOT:OKMYTH
1n76umiCttifa3SNtBevNwmq9jqF5gEQv93eQs5yZt2fTGt:17000000000000000000:OKDOT:OKMYTH
1qm6vYrTEEkbhqGXGZ5HRCzyTZuutNDcMBugeWQQdk9Ski2:17000000000000000000:OKDOT:OKMYTH
15yLe24iny8nbwvuCGL1EgeTRnfQfmJaBHR4xRUvN3wdmKMc:17000000000000000000:OKDOT:OKMYTH
14ohseWcXaCePAbVbkq4rczYuzFHwZd7KjrVvfFg8AziWo1i:17000000000000000000:OKDOT:OKMYTH
12s8ruNr7MUmLp1wg8rVKefuSSD2j1LhqktFDW8rsFMfBxLb:17000000000000000000:OKDOT:OKMYTH
1t49FhSobqoxFCMDjFBYAmjeAnrTByCJZtm6aRijRJgwsGu:17000000000000000000:OKDOT:OKMYTH
15yYLWbSmjsYaJZv1xSKmnEsdP9iTEFFSmsnACppFAsxk4T3:17000000000000000000:OKDOT:OKMYTH
14osT8RvRoo5Cug5CgQncPM7qzWzf1gvCe1PBrfrXAAsMKcN:17000000000000000000:OKDOT:OKMYTH
1WWv1CZPwGWYSog7QcovgPKZ4c2RBRS5BaGyNXL8NWAmvLg:17000000000000000000:OKDOT:OKMYTH
1tUrAbZaN9w8SFwvNwMBA3VwUu6H978ZLh7uh22cjsQ58up:17000000000000000000:OKDOT:OKMYTH
165bzRzvJCFTnXYyNfvRg9JiLwVhGe8aspRVufHhCBQrVUBt:17000000000000000000:OKDOT:OKMYTH
14s2ABSad1f7t4pDjdpJt9iU4ZFFqS6aSd1oKYtwUsHmEk6M:17000000000000000000:OKDOT:OKMYTH
155NchLEDgQTpoh9UEx548u4EhKxwQksTHVeBoX15HxRt9wf:17000000000000000000:OKDOT:OKMYTH
1uGLCZWSGbciQbK5x7mpZB8YzBusydMJ1LH5EvPvZf6cP2j:17000000000000000000:OKDOT:OKMYTH
16A4WmqZdT2FG8uDdnPRdCRBCB3YyoSLGzM62gvJYKQKGpus:17000000000000000000:OKDOT:OKMYTH
12LFGNNYafYeA7Lx3NRkpebVcJYnr9xpDDJnux2t7NgM7Jdk:17000000000000000000:OKDOT:OKMYTH
1591PFTMZLrmfMqkNNCNtiKcoqAFRFp9zuEGjZqfrEYoLMHq:17000000000000000000:OKDOT:OKMYTH
1Vf8HTg6cH7h1Yw5a4NX26y4a58EPzMHFmg1RaTGcYrpkXE:17000000000000000000:OKDOT:OKMYTH
16a5Hzc1Zep2wjRVZAQqt1p4fHnw5nZFCZJtC3hG1G2sGWff:17000000000000000000:OKDOT:OKMYTH
14TP78smBvbZ4zBXijWWuQWD49g43pPvRttRKrLewT2RmmQf:17000000000000000000:OKDOT:OKMYTH
14QL9G3mqAPmgZjhw1icRUmEPV2fnrAtzp7Kx5xHF52bwxqT:17000000000000000000:OKDOT:OKMYTH
1VTk3UuRZJAyqZebpD91QiAcSia1T7UJgn6Spt4V8RBbjCi:17000000000000000000:OKDOT:OKMYTH
14jYLqT25BEFALHcBH1kdpxYKFdAQf2uBExdTFVDdXHw1gH8:17000000000000000000:OKDOT:OKMYTH
14uhB76S2H9UpwjE4BHYtd2aVLs69BKsTYpWStjSN4oQ5py8:17000000000000000000:OKDOT:OKMYTH
12hFhE9bqNTcL7KptEy7uumWos3AeCDBKZVFznbTuSgUNNku:17000000000000000000:OKDOT:OKMYTH
16mFuhxQxE2nBsZw3TQNNg5Xu5Q5vBohsvb2vfD4mWX4Xwz5:17000000000000000000:OKDOT:OKMYTH
16cuWu5nxmVJVNg11WLA4nKckU464K5p9Ait8vLbK2DAYLvu:17000000000000000000:OKDOT:OKMYTH
14v2C9Vpfjjku5k96A5fbA85Mdob4kGio2B5D1nXeVMsN3ho:17000000000000000000:OKDOT:OKMYTH
16hf7c3VGxwfaSRdrMfLBedFUUgi4hbNt9JqTecch59T6tMo:17000000000000000000:OKDOT:OKMYTH
1Wt8HVJ2MEbYce8rKC5BYimrv2xCCNErLndfg5xMNB1ewsh:17000000000000000000:OKDOT:OKMYTH
16Divajwsc8nq8NLQUfVyDjbG18xp6GrAS4GSDVBTwm6eY27:17000000000000000000:OKDOT:OKMYTH
14XaEzToNntMGsKFm7YmGQU54jJsxcJzQbXTSnFrE9ThqdiY:17000000000000000000:OKDOT:OKMYTH
14ypRMwxrh2VwcEXuBeswGgVabzsRKvjNbTfaZ7Re4zkojmp:17000000000000000000:OKDOT:OKMYTH
1yUVXHUjgmgtmDpg1sULrLDyBsdq7MAybhoDM7k49Twkwar:17000000000000000000:OKDOT:OKMYTH
16E3pEfLomdJ6j34ATUFpc73we5iHTpSwaf5dse32ruNLVSX:17000000000000000000:OKDOT:OKMYTH
12LcgHXcJZBzSDR22KDMSLF6eV2DFBoyCysAyZmRZLrcJajH:17000000000000000000:OKDOT:OKMYTH
1629RhUmRV1bD4629QHZKpAjCtzmmgDpHNf4DLrht5owx16C:17000000000000000000:OKDOT:OKMYTH
1yXMjfUBoV2APz4Es8wuwgJqs2komoXk7Nsh41VDEmYB8mx:17000000000000000000:OKDOT:OKMYTH
12gaUXsqzyfQVx98tYaGKfHsAwEqj7SavgDG35e3uXY9JvgF:17000000000000000000:OKDOT:OKMYTH
14ZxiGj8QZHR22yYxYDhGcHpcUWBZEQnX2rmRtLN7jRg3UQ5:17000000000000000000:OKDOT:OKMYTH
14WqwT4N4NyMMySz44Y5Zb5X3CVzy76FcHno1tRNdSM2F4Nf:17000000000000000000:OKDOT:OKMYTH
1ZhjiMoTBwmhNeHMst3uwyTicL9Wy6on8B9oG5B6qN4xZ2S:17000000000000000000:OKDOT:OKMYTH
16hcnw7KHiVrVRqEPSm5XTJjLZqaKo5anYmkRLVL7RxjQES:17000000000000000000:OKDOT:OKMYTH
152GeFRvJSYUBdp3yPFNkVEhy7tm8GfLSBjtVwcWY3yE6fCE:17000000000000000000:OKDOT:OKMYTH
14VNvvNsV9tQ2FiWaQa5jMVZKV9cAPGGkCe5ghemmk2VQ9ro:17000000000000000000:OKDOT:OKMYTH
16gZwwjP6FfdQg7e5ssCPawPBSyknsZmxVTctRB3kTsZW3DZ:17000000000000000000:OKDOT:OKMYTH
16Hya8CQdMKtTtMvRWGMDgxCDnfG1g1G87cxghJYiW1ysPbJ:17000000000000000000:OKDOT:OKMYTH
12gmcHZaVUqH2UJGEsZWG2Yh5E9cUvy4JkrvYepWLkoNHZgz:17000000000000000000:OKDOT:OKMYTH
13jZQDobfdFe216vT8AJ6DLmf9FRkZ8dfCSWBRpx73JxyP9W:17000000000000000000:OKDOT:OKMYTH
16ETFbn16eLeUzfQMTTPHD7GfygZqPLKhEgYWKYEQCgVeU5f:17000000000000000000:OKDOT:OKMYTH
16i8DrkHkqb7UzFvS95TWmmfkyfC5HD5HXWebDtF8puttfL5:17000000000000000000:OKDOT:OKMYTH
15aYkf5HDwzZv9PDnFdqaRKfNdssFtkmpPQYPNmtncbQuJKy:17000000000000000000:OKDOT:OKMYTH
13BaDws5rJrSnSfCkHCDM7gVkrnvo2sDhjS7ad1CBNNgK6gj:17000000000000000000:OKDOT:OKMYTH
12bP364NVowTA3N3TZjg4x9L6cVYrCngN8cqP7RvKp7Qpxvu:17000000000000000000:OKDOT:OKMYTH
16MG1dLQARwGoHZDKzpqGbUGszGwe3TetN85Zc3ddFDfbKv9:17000000000000000000:OKDOT:OKMYTH
15bZhjSEzaxZ3uXiFg1Bq9GDEJynBoztgMniHEii5oqtPhgQ:17000000000000000000:OKDOT:OKMYTH
12nNRPofWdBxRCfCruXLSLDQLQsuyGrzqrYf3Tma5DtXWrQ4:17000000000000000000:OKDOT:OKMYTH
12SDNXHnHoussPyxxvwcBchoveJwJENyEKNqWZPAm7NwGN6S:17000000000000000000:OKDOT:OKMYTH
12eSTMLCXRQBqTsEdBLLZHXJSkR4iqt3WYqP21hPXxp2y5oj:17000000000000000000:OKDOT:OKMYTH
15CwgwN7MFv3dWWAo1j2VBky4KAJM1SsuajQGyfVdzTt4ZcU:17000000000000000000:OKDOT:OKMYTH
12EBMqzo98BN5ZP3iJ84eVuiFRM6YDhBWPkYqMRGo7UM5Bye:17000000000000000000:OKDOT:OKMYTH
13ScjySmqY8qb7TjK9zZyKWxUyBmpNBpF4n84euFsEFWYvcT:17000000000000000000:OKDOT:OKMYTH
16Udb5PjtKbzPJQHfCvgppT5NRGTRPsHFkEEcvCmb2RdAr9Y:17000000000000000000:OKDOT:OKMYTH
15fFZgMxTDugvr7f36Eynknrjrp6s5Py9JNzEFVUoWiQVRjB:17000000000000000000:OKDOT:OKMYTH
15fLLvQeiBbVGCNjpsvJHWXiTUadeuh6cuRx4AQmFkhqDaqZ:17000000000000000000:OKDOT:OKMYTH
16DaBaL2YDkDpp8iQMqxNYf687qmtipSqi9HkZJPMCRJfBnZ:17000000000000000000:OKDOT:OKMYTH
12eEn9eLMXDC3Ncc5gvnRaUaP1ZuHJkfxTsnyubnAgQheUhH:17000000000000000000:OKDOT:OKMYTH
15HgaPLVkQRTsGX2yM7PctDS2zoq5g97Ev8d9M2vGtQMaAYT:17000000000000000000:OKDOT:OKMYTH
16Y5Q6HQ3vr9tGN1J6RYMn9ELxFzFYrP3qzvnCJ7XrxF2mid:17000000000000000000:OKDOT:OKMYTH
16BuD9iwWyxcPec8sYaP1CwYUHNnb8Hxg4z73TS8seQaijYg:17000000000000000000:OKDOT:OKMYTH
12dadQrpQ82575KpGACsDywjYBYDA2oibqYsnbNQR48tgeXU:17000000000000000000:OKDOT:OKMYTH
15Hkxn3WNhDY3F2C1VtCL2v8FqAJE776osVTcG9RV7poTaJH:17000000000000000000:OKDOT:OKMYTH
13GSbnegSxB4YmR9LDKVfbZJApnQRm18hFGkDKGP6i3pr4bw:17000000000000000000:OKDOT:OKMYTH
16AXMnFkBAPBnqsmdVdt75MDRVNvcU21MbUtjq1hXHuFcwrc:17000000000000000000:OKDOT:OKMYTH
16Y4YFCnKA6h1KaP9ui5T9Jo54e59VAEvZayrRMDHkNyMMCJ:17000000000000000000:OKDOT:OKMYTH
15JMfqPSthTsiiaq3bUQjMosZ5KZ3aUo4Pr2kJdbEgzy3W7n:17000000000000000000:OKDOT:OKMYTH
12Tth2JZ2vtJGo7NcB4fJS41BA4Cag5p1ngHc4EV5SzKq59F:17000000000000000000:OKDOT:OKMYTH
12DC4zSYnZsBPLAbecEdKkvFwzZDbKmFGBsWF2PGZbt31pUB:17000000000000000000:OKDOT:OKMYTH
17FAxKeShAezFzWoXU6Xw4SB4dPKo7a3h1R6oZchZVFkj6t:17000000000000000000:OKDOT:OKMYTH
15Jujv6nA9avLja9BfxqUTQb29BebzRtVCgYzoAA8J8P53ff:17000000000000000000:OKDOT:OKMYTH
129cQArrEYmuEu1n7GFVr1PnaGR4WsqUM8zprj2h9Dwbpitt:17000000000000000000:OKDOT:OKMYTH
168yvX1b2S6qvpdbFHav7977VKBauhiD1cDsHg5BpKi2nrKz:17000000000000000000:OKDOT:OKMYTH
1cGwojSwZGYfzPBsoto2od3DuxQVBRVxZhg5w47bLmRFVwi:17000000000000000000:OKDOT:OKMYTH
15k7tkg37heYn2otKzT1rjyrYdeS9buTWtE7Bsi9iuKTNw3B:17000000000000000000:OKDOT:OKMYTH
1FMb1vrqtizUMBr1ax4tKLsYxdGvTnRvCwUDK5Dy5f5cxFG:17000000000000000000:OKDOT:OKMYTH
166XtRUsj3TiyyvXncmNpkuZV1tGmy3zuykVVsfy9ZfcZJm3:17000000000000000000:OKDOT:OKMYTH
1d4kqMWCLxAqb5YSpwKhcJecyaepcNcsg83PTSmwTNiW6vH:17000000000000000000:OKDOT:OKMYTH
15niBtYPZciLurrNceKBJ86kqqDYJQEge8QfMP67kR2yDJ9:17000000000000000000:OKDOT:OKMYTH
14DVhSwBx5KfM14PnmsGv61R8wyPbQL2RdutsWAU7fD7ci7J:17000000000000000000:OKDOT:OKMYTH
161MrK8NML2YzgkoYrZNEdGAiezjwYS17FDYYkvCyt79bcfz:17000000000000000000:OKDOT:OKMYTH
12CTr5JEKMV6QMDCSax92h9eyF9gXZPRdrJUCm7zS2ct5tsr:17000000000000000000:OKDOT:OKMYTH
12eXJZLdj37YyGHEVcaXWkRB55YpSUHBjRA7uXPv7LPHS8iT:17000000000000000000:OKDOT:OKMYTH
13ED1rv27K8jz7idaaJ4tYTMMuekgcfuE8F6BZ1Bzt265nEA:17000000000000000000:OKDOT:OKMYTH
15xMe9VmkENEfHLaNyteGC6jPUAVuLFHBgPCYZmLP4zYNYKn:17000000000000000000:OKDOT:OKMYTH
1i9F3eB7AjWUvgsb24NDEuLDZ2iNTfAmaniptiYDNrGXa84:17000000000000000000:OKDOT:OKMYTH
15R5wFAbErAMzRM3QXuZCozGDXGdx4zEjNtYw3kG63zf5FXx:17000000000000000000:OKDOT:OKMYTH
152vCMPi2vxKjE9UNgBuoSVPvKZNESQ8NNcByBkpsMTZpTEZ:17000000000000000000:OKDOT:OKMYTH
15w1ps5yF9yKPaHkz1xj9KBu3pygKL3DiSem5Eqg7BDnucXi:17000000000000000000:OKDOT:OKMYTH
1jXx9xuC9oofYgZR6GkcEa52BCmpZSDdiydbgUNRGJeiCpB:17000000000000000000:OKDOT:OKMYTH
15rgMNETUL4voXFcPpTFMFrC4nuw7SShcCA49zWeBcg84Fp2:17000000000000000000:OKDOT:OKMYTH
12dyUebzGCmPvnXRYYZ6mWgCY9PyUVxGTgrgTPgiwkb7PV15:17000000000000000000:OKDOT:OKMYTH
15sR4fV1iR2L4NDbRYtzcHg17LnqWfxa3WLevSvQydY3P4w4:17000000000000000000:OKDOT:OKMYTH
1kSjPT1Vwmz22T1iTpKzFMmm1Rr9ie1dd849ReuGDzGNZn5:17000000000000000000:OKDOT:OKMYTH
15UJeryotAeDSCyDi5mU1mQGTBnzuh8y8rc94kGkQbZtc1UT:17000000000000000000:OKDOT:OKMYTH
13BUhwZ7t53wVyJ8yjm7qYs2W25hLXT262E7CgdkntzCSthz:17000000000000000000:OKDOT:OKMYTH
12q5y1HSHWpvq3zQSg9Xb4yAHQnruQRpAPZLZtthMMeWK7az:17000000000000000000:OKDOT:OKMYTH
12cP38CUi3CWeos6GTzSfLM5pk3ddtXWrgTtHm2LTwzYyp4F:17000000000000000000:OKDOT:OKMYTH
15vamGmEyNAyv1RR8SfXZ2rbJYprckZgm25a93QosNCT4bKb:17000000000000000000:OKDOT:OKMYTH
14L7VXBr3YLamu7Z8EmRwmaZ3AZUUuCYV91qEyvUNR5kkTWG:17000000000000000000:OKDOT:OKMYTH
15rgKFoQFi8hcyWndTLqvCK7aKiYFDbiwpoRHezQkSCDT5Ct:17000000000000000000:OKDOT:OKMYTH
12bXvEKyoHnnwKHZ64suXLKFqePAJbDbvjFsh5afxUR1RKfo:17000000000000000000:OKDOT:OKMYTH
12BHTsoU7T9fGGH7kSASqANHFQ4ukvep8QivbkduCTTAVMqm:17000000000000000000:OKDOT:OKMYTH
13txjM2Et5ydhBW27jTsywSBH2KrKC7crabbXgELPhjj2SAF:17000000000000000000:OKDOT:OKMYTH
12PZ6eFhmCbi1fgprkiaikR2Mq5xz3XbMzagJPS4dwckcaaG:17000000000000000000:OKDOT:OKMYTH
126WpGr22Xd9ybfdvFFuzFq7j5E5sbEVgk5CMuEYiNp4zqgj:17000000000000000000:OKDOT:OKMYTH
15WByFy2LgJGmrkgtg2mF7rWfbS6K3jiRZvkEzwwEYYkmsuW:17000000000000000000:OKDOT:OKMYTH
13BB6uoJdmFFgiVwgXikKQ9Zav3mz4m2NjLv6E9EwbesnwFR:17000000000000000000:OKDOT:OKMYTH
13rQVadpLZuDP7gC6dDbWeVBxMrKNXSUsF5ELdbzYqveU3Do:17000000000000000000:OKDOT:OKMYTH
1QH3iz9rNpdYowkzDXgoJHz4cxSrT6SNkcoemSNMDHPwQMV:17000000000000000000:OKDOT:OKMYTH
15ZF6uYoetHnYK5kfuwN1KJruxH2r6pd3kSSkLZKCje8Gdaw:17000000000000000000:OKDOT:OKMYTH
14XfmTVUtCkfRQELRi9zfK73SPGBSzrpZL427dWYR5mF1UCU:17000000000000000000:OKDOT:OKMYTH
15r2SkwwGpMAqffMC5EmYN75WC3zid2jnBwgoHLBLPBY45UE:17000000000000000000:OKDOT:OKMYTH
124gFWgP86R31suXG5DjNsyszqfGA7nxHLtfyiSyjfwVTT8N:17000000000000000000:OKDOT:OKMYTH
1619K7K1sYaSM7pUdpMfSaHD3fdkkm2sPfL2jJDkeQUwq2zC:17000000000000000000:OKDOT:OKMYTH
12u9Kncdk7WwzYSCjN8ncWu5sfYGdankuF4oP9dkQHK4ZFu3:17000000000000000000:OKDOT:OKMYTH
15qctguBKPHGcXhLJ7GjjaJYpgcjq7ajjwDGM2Eg659CXj7s:17000000000000000000:OKDOT:OKMYTH
1rMfnMFoEgXwruUGejYdAfXq9ZCGJEmsatFwQSc1pCUe2i3:17000000000000000000:OKDOT:OKMYTH
165BGfhEtGyQEECWDBSTRSzyseP6KJnHNqi37uDQEvVax4Xe:17000000000000000000:OKDOT:OKMYTH
1jWj5f24dkpjwo9xXrs9KeG54J44HxJkPwJ78Ji7xcbFxae:17000000000000000000:OKDOT:OKMYTH
13Q3MdbrZq52gSd3LhFRcCmbq6AYqxHFnEazzp9ZhJVwwgDf:17000000000000000000:OKDOT:OKMYTH
1RUdvSDtFNqa6t4srxR5F5kHyv59SuXr4gqQGZkZKFR81RQ:17000000000000000000:OKDOT:OKMYTH
167sErePrmAHknc25cPUqqfVgwCDhJkTkz4GNZ1qLifL8N4s:17000000000000000000:OKDOT:OKMYTH
1VechcR1kiAkEcsdVMVmhHwoNy5N1YP53KmKCas2W4TYVPQ:17000000000000000000:OKDOT:OKMYTH
15hkz83sTMouD7GiiWP3SQc5DXaZFumYgJ6bf8Xq3dphPQ4h:17000000000000000000:OKDOT:OKMYTH
11RPFG8VP4zsnVXrhvj4p54UwgFw5LCZDK6rJhTLoR3TU4h:17000000000000000000:OKDOT:OKMYTH
167Ty2M8GioQTvFwzEMGKN9QsLXu4NFCc4KusVvsJBo2raCY:17000000000000000000:OKDOT:OKMYTH
16YEccexLk4YBfEK4qEWPEbX91sSQQzgRVkWQeiHsUiiAfsB:17000000000000000000:OKDOT:OKMYTH
12pAQ4c6yZFTpP5JTiQfNEzsYVFpiosAcHVtV7fUrQcVFLir:17000000000000000000:OKDOT:OKMYTH
11oP84CU8DwNe4WRG8aVPpRwT9r5T1epT8p24VLnR5Qj6GV:17000000000000000000:OKDOT:OKMYTH
16ajX1KYQbUSm9nU7v449SXwBWPQ6j21Rf4V6tXzp9J6vJQ4:17000000000000000000:OKDOT:OKMYTH
1pzVukfghk5KBADaSSUeWv7sdV4mjsHeE6JTYd3k4reyvgm:17000000000000000000:OKDOT:OKMYTH
15DgWZoEhXFKWNQjFAeFygp8YupH7kjt1Es4tQJ2ZfFN7k9S:17000000000000000000:OKDOT:OKMYTH
1WepjxE3yPi4cA5jzfeXLKEwLBPzgf4LWvCEKUC8bcrKJ8L:17000000000000000000:OKDOT:OKMYTH
16dEP9ZmbmAzZztRDskqxPsD55diUJ3eCqYPATRoXxMQmygr:17000000000000000000:OKDOT:OKMYTH
1L1Tg4G6BgniHTEVJCcJscCFZnMVXKqKEZygSVaSWzh4o1S:17000000000000000000:OKDOT:OKMYTH
15cWKy8WRFhf8JP3GnJvDRYrLL8xNmrVSrksUaJXdHac2G4b:17000000000000000000:OKDOT:OKMYTH
1Z8AGKjDX9VFJevauEfy38KcwGBAsyPnBdqefWa28fmQQWy:17000000000000000000:OKDOT:OKMYTH
16Dx4YJBacprEy3VYb9nMvFUbLr8fqiSi1oSWd3Q5rNQ1dqu:17000000000000000000:OKDOT:OKMYTH
13FWy1JwESb3g9C2qxPYLJBrvM8fTxMfZeqf485B9365RWEB:17000000000000000000:OKDOT:OKMYTH
15CMLukrFckL23Yv2yhMWbeL5e8AKqGkqxRdKLgBCp9Le2uU:17000000000000000000:OKDOT:OKMYTH
1zNeUAYNEQLYJfgSkgMYhT7MniBrAL9XLoCTkt5vyV6EzUq:17000000000000000000:OKDOT:OKMYTH
16e5f6ZJwzkh456QDrQUhihSmCrjmKpTSvrpGTHnr8KUrohL:17000000000000000000:OKDOT:OKMYTH
1XKjFdJxwEq5TUXSz89crXaNCgBk3c687RGDD61CyFUoSa8:17000000000000000000:OKDOT:OKMYTH
15by8adqb1ixSt5975Qydvb79ZZKGGRmjGu9BN5k8ef7xnSo:17000000000000000000:OKDOT:OKMYTH
1zugcabYjgfQdMLC3cAzQ8tJZMo45tMnGpivpAzpxB4CZyK:17000000000000000000:OKDOT:OKMYTH
16eK8nEAkcHTE8gBQ26Sk1M7TtqDeh8qbq7KevFWz8B2Mq5y:17000000000000000000:OKDOT:OKMYTH
114xE4ktt5mxwStuitVccDxEQKKBa5Gxy8FeLQu1WFLSMR4:17000000000000000000:OKDOT:OKMYTH
15BDVJMnkarxQygKtCxgKxMN5QZvLyHbYrYioYfgeU3YCLTH:17000000000000000000:OKDOT:OKMYTH
14iWQr1LrDR5sE3x1dMJrxSGRtvRrkmRNUxjaWaAH5o7gjUn:17000000000000000000:OKDOT:OKMYTH
16fw8CHPULTGJjdQoD8hCSr8xcgU5bH3kewacuMZUi3ecATB:17000000000000000000:OKDOT:OKMYTH
14aiwFkRAPJ4A1QeY5dEJDFfoF9truqQBwgwEdmFJpDuAXNE:17000000000000000000:OKDOT:OKMYTH
15AYMHPGprubFCfDbnHSTvHPhmrYHQL8Fqvt8rJFRSMcNpYQ:17000000000000000000:OKDOT:OKMYTH
14hTfiRjjEUjLjbouj9sR2myNxBNMbouQ6v2dx5YEodbcDwa:17000000000000000000:OKDOT:OKMYTH
16HycZd4sxSmDoaWYugcL3kuNWDe4cpoCLuZBkq8xMC7BQPX:17000000000000000000:OKDOT:OKMYTH
14Xw9WAnHGXEvzCUK2Dzu2MQv9KJcRzwG3NstUuLsgvKt8V1:17000000000000000000:OKDOT:OKMYTH
15A6QKe6Uu2Cw8XUczdzRdGGxrW4JeEXZxfNmbArrwuAfGXj:17000000000000000000:OKDOT:OKMYTH
14DqSxoKfyAeJva86xYnvLrdrzUVejokSwdpk144WgeBYJLj:17000000000000000000:OKDOT:OKMYTH
16JdMntDvwdtVF5GnhNNxiaoqhdrhniuwsdRvSmcUHAouWmf:17000000000000000000:OKDOT:OKMYTH
1FKpQqj2e88cNuHJx3dGMHLQUas6m9ChWDbJgHk9WVPUCY3:17000000000000000000:OKDOT:OKMYTH
13pppbq5nGqNmZN5eR1Lrbd6RQBLNuR3VfYYD9GnDMnBcHXV:17000000000000000000:OKDOT:OKMYTH
14DCixwDQF66Ff3v56n4fjc5UEPpg8iaTVu3u88k3CBBd9JL:17000000000000000000:OKDOT:OKMYTH
16kcN6ZUZrnhUwLCKaQccpjiivnsPrNJR4QM4JGDwmwVFcyr:17000000000000000000:OKDOT:OKMYTH
15fQF9dTULDQgaFBWDVmbCmVBBkBcScRrXKGEiegeyvfR6pE:17000000000000000000:OKDOT:OKMYTH
1573XCRkk7Sq9wFhmpwdn27tHnjLtjCvvbmKS7VgfTGvw6BT:17000000000000000000:OKDOT:OKMYTH
14bDAnxn4DGn3nqW3P4EkTtKCfjjzVta4MS4XArNMaEymNxb:17000000000000000000:OKDOT:OKMYTH
16MPxqwjBXiyJfFiZSzra8LXEsNfJofEQ5cByHhXVaubyCvw:17000000000000000000:OKDOT:OKMYTH
126AJKdpKnwn87ZG6Mc7Jg5PnBHyBQEkXVVdk1vvjmSfQVAj:17000000000000000000:OKDOT:OKMYTH
12o5MbmQtQuMSnXLuQ15u2NfGjLNMQ7Z93QcGitA1xLWFwBj:17000000000000000000:OKDOT:OKMYTH
14B4t3BYvnQdsQoNDsjPUjM1C7uaz6SCZe5q1cL4VzYBcsZ6:17000000000000000000:OKDOT:OKMYTH
16MRNrzK7Uu1t7nQSoAMGv9ftoR4MqJEcaqhBQBNggTusMWu:17000000000000000000:OKDOT:OKMYTH
1sfAPbGcK99rwRAx6k6ffenvoaiWpgLzf6pJr9WQMTHxE3n:17000000000000000000:OKDOT:OKMYTH
156P9G15GzW3A5YBYYd6ZVWz2n3DUoGdxttDNW5Fmq2kr1dJ:17000000000000000000:OKDOT:OKMYTH
14AKcrbfcrZg8rU3dKLLuNsoZvDSYgPh4RYQFHU6HNssJWQm:17000000000000000000:OKDOT:OKMYTH
16mTC36fywxrBf6x2at4pqrLM7VoD5QnoJ8oWPFHtpJpiEFW:17000000000000000000:OKDOT:OKMYTH
16anCWtdXwE6eHvPFGaT7eVS3Q14fpmq6keXgT9UiHhD88kk:17000000000000000000:OKDOT:OKMYTH
154ZMtuV9bMAoWcZSftyocXsVJoHN9RhhU1VgKG8dG2Y4fJz:17000000000000000000:OKDOT:OKMYTH
1441eUiJWpnZnfPrbMv9XkZexjhCqLaprdoZKz6SoZZVd6i2:17000000000000000000:OKDOT:OKMYTH
16QyVrpGy68Yc1KfvWvpjx6NXSdfoPgqMQaoEN7WonZMmSYF:17000000000000000000:OKDOT:OKMYTH
14QEGyG7nZBVEakobQZ62JW5Gqdj3PWS8PKhhSYXEaD9ytot:17000000000000000000:OKDOT:OKMYTH
153HbnNAR2V5NSUQAZx7vtmPgaHL5VpMPet1L8jWJek4Siwt:17000000000000000000:OKDOT:OKMYTH
143Usp8UjH3EVu1nuCGwEgY37grTMDv44GexAHjmzQhL1rbG:17000000000000000000:OKDOT:OKMYTH
16Rci2MdLWpYAPU2tJ64KKcMKPB6j7rXPxv7pmxzYjX1jDdm:17000000000000000000:OKDOT:OKMYTH
15UvdiuxGHUBfph7PsCf96wwDq33b4CeSmU9WtruD4NMzb5f:17000000000000000000:OKDOT:OKMYTH
14zYzaZDGLTMhEywSdivbuabYYrgPWcmkTpDTLqyg3hqGkU4:17000000000000000000:OKDOT:OKMYTH
13Y6YsV7Vxt6TPnwpmpVg5kx4MtDqitymnEDSEBo6eWLYJfw:17000000000000000000:OKDOT:OKMYTH
16Ux9ykbD2AsyqQTwFj9Ax9LdXRVtTfpdsYvKYxsk4JS7DnH:17000000000000000000:OKDOT:OKMYTH
14bMzqA6JsZcYtH8j3ygc4L2H42vrNwYPEhfqtQFPSvr4PwZ:17000000000000000000:OKDOT:OKMYTH
13pLvKdKMxcuiAmCCioS4oVrtNKvSUyc3uj3D6hgCPjN1i9r:17000000000000000000:OKDOT:OKMYTH
13WqhSDF7xe6tQL9SeXrGVRRqXHgQeF7uCC6PGpgQMwuVEvk:17000000000000000000:OKDOT:OKMYTH
128QK5hz7CRmXj4FkeoNuqg6cPEuggNCJ2ajbwHt7v4n71Xg:17000000000000000000:OKDOT:OKMYTH
15Xp2yKRUeqGxUmxysfnpkoBQqjYvpoBFsfuHFByYLNs2D66:17000000000000000000:OKDOT:OKMYTH
12o22KxkqLGyxvv7PwFW1dyHJygv1xHSGdApouNv8H3u2hiJ:17000000000000000000:OKDOT:OKMYTH
14MuYdvdXffSG4rx1WFPtxpkeSCVTTep4mn8ZwAEdEo4mjTF:17000000000000000000:OKDOT:OKMYTH
16WxaJkAJ53nBcmXhaerV2sW4R25vSWXgKBb7YW3TXxzuu1S:17000000000000000000:OKDOT:OKMYTH
14KCsvB5jm8kN14PEhRKjoMvQvHhVjZBXfH2dg3qPu3ASHLW:17000000000000000000:OKDOT:OKMYTH
14ZuQ7byfdPEdm2Vr4iPZjcDZHzQLncE9TSdvbNGToJzTTCJ:17000000000000000000:OKDOT:OKMYTH
13T76iSEVYuRBJrMQ49Nbi7hRh5GQ48ojkMHrYJSK3rvEjJ9:17000000000000000000:OKDOT:OKMYTH
16XYo7EFkgqEYmbWg1Sqhxa6MfxDzYRSkfiyJnQoAs1ywsiM:17000000000000000000:OKDOT:OKMYTH
16ahTvDpcBELcwcr4SkCm9NLGKtyX9kxjboRT4GDJ6Fe8h5L:17000000000000000000:OKDOT:OKMYTH
13Nws9YA5zYn2wKWsEL7gffvj8mAJB9XyMQzkgvNDyne5ByU:17000000000000000000:OKDOT:OKMYTH
13syDJUfxhwnrSAPuiQoRT2hs83HxFzYuyv7JKfmrQJ1epcc:17000000000000000000:OKDOT:OKMYTH
19QGSgVM146FKo1eHoSfK1qKhecH1S5VcGGgm3iq44DVzEx:17000000000000000000:OKDOT:OKMYTH
15PS4Ni37F9ukjyyLiA11YKhrGCPhmA3zP3XLse6NRV6fVYY:17000000000000000000:OKDOT:OKMYTH
12NSDf4sD1YAd5dRxq97LoiezqcLouhjP7QB9mnnPYTfvSyq:17000000000000000000:OKDOT:OKMYTH
13oYXuaX2u6kqkGuijg8LMo5vF7fpBEoauie7GLtV1XsucxR:17000000000000000000:OKDOT:OKMYTH
1bsAqwHQqaSDKsS86y2EHb1WgvddqCjBtJgHFYqVFcRnuTW:17000000000000000000:OKDOT:OKMYTH
16B2mi7QHfjRVU8XTV9Aj57Z5L6EqdzZF47JAgC8tLRVWNgM:17000000000000000000:OKDOT:OKMYTH
14zRAe8Cn3PiKXHAw9REVUSETDUcToj9cjG7UM2bZZZFsSUn:17000000000000000000:OKDOT:OKMYTH
13nxAyAr6amQ1SBGg487PWePi7fUjJ3HmLmJwypMvFvebcc9:17000000000000000000:OKDOT:OKMYTH
1C4Wcx5CbLGawwtRXNo2zUg85N1uFH3UkvEFuovvPYYqLge:17000000000000000000:OKDOT:OKMYTH
15GeE6xX9VB7iaypwNU7jhKC85cLTLep3XAv7MQjvjdcB6Tj:17000000000000000000:OKDOT:OKMYTH
16LP3MzdXfCN9TuQCA1Rqtvoj9JEvDmqVKZ7zdec8wAD5LbW:17000000000000000000:OKDOT:OKMYTH
13N2NpDg6kU1vAGuPv9MkTj4YsaDmf7BKyr3TTxhV5sFmuhd:17000000000000000000:OKDOT:OKMYTH
127DSLxfUa22XcgigVyEt247JhKLXTNuRyoSqSMDoxMAoRR5:17000000000000000000:OKDOT:OKMYTH
15GKhg76eJypHWMkzAJPoiEpuxyBuxYkrhZWNStcroDEAHny:17000000000000000000:OKDOT:OKMYTH
13ShFQpygfKRZ4ckzGw6mJRshq5i2rHBqK8nzouHagCD7imj:17000000000000000000:OKDOT:OKMYTH
13mRCsdzHk6EVTurgWAQwgQkzdmxh3435kL1YQ8VUFXHGRDG:17000000000000000000:OKDOT:OKMYTH
1E8diUJHB9pxeb7t6bA5KnVMTJ3e5PCQbDpVN756kS4qtd5:17000000000000000000:OKDOT:OKMYTH
14QQiXnFzDSNbbEBHPbqKk42h3netn92EvwNrBbo2DMnQ1LE:17000000000000000000:OKDOT:OKMYTH
13tJoMgpAPoVnrmX3K4YB4R9tQAcKyKWhPrCUMuFn4eZK25X:17000000000000000000:OKDOT:OKMYTH
13kkevWTU4QYmnaPUkMCMLfdqaDTCSWaYPrxkPvc5gr5e1Bz:17000000000000000000:OKDOT:OKMYTH
1En7Z1sfE8Nat3qswkRfXzXQmzWSDkJwqoAs7JgZzzRoVSD:17000000000000000000:OKDOT:OKMYTH
12RQdeGN17TvxsXS5yQ4mhPjziDZ6XPzLG4jrJmL2w7rifvG:17000000000000000000:OKDOT:OKMYTH
13VXwe8tZXrWukfmuBewFAGUdu4JaasH93tSEsWSfYxy5C1M:17000000000000000000:OKDOT:OKMYTH
13JRgrdvR6sqxVopc2XdhmhiTTHYy7u6Q77uMmLJWxiGPXoC:17000000000000000000:OKDOT:OKMYTH
125NnVrK8Gyng5js8Ky3qV4Raba4EBpbaKv9Jy28bi6AuwJG:17000000000000000000:OKDOT:OKMYTH
1463sy6MM7g7PjDyc4QsTFZoYJYfk9TQusr1L2Kd39JvBY9L:17000000000000000000:OKDOT:OKMYTH
13WbxS6yqHLpqPSb2Rb7gvDju63MtmpJfnfRUQELWim2AT6A:17000000000000000000:OKDOT:OKMYTH
13g3uArFu2oHvc2djdsDJPvoDQkfD6mfTkhfwU69dLT1mXfF:17000000000000000000:OKDOT:OKMYTH
1eu6kcSkEXR3pf9hMXk57yso7Uv7VzDdCGveiF2BQFjWXnc:17000000000000000000:OKDOT:OKMYTH
14wqtLKosotHiQd9jxoZVCPuwUEtdzMBrfeUEfu4FMNSMnPr:17000000000000000000:OKDOT:OKMYTH
13wux4e5BWFGp5RvdqQtaKS8iGF7WMYP717E39xVbkNsaZd5:17000000000000000000:OKDOT:OKMYTH
13fUV3uwWTQ9kZ8goxU5H75cE6u5r5vmyUFbx92htozukhbd:17000000000000000000:OKDOT:OKMYTH
1jcYVigEkDxZK62XbDmnZcztigPHHZfrJ4SnHhuq2qXxQrh:17000000000000000000:OKDOT:OKMYTH
1bhQv76S7gzVCDfFSAn112GgLuDBkmMPTwetTCWNSYKghxW:17000000000000000000:OKDOT:OKMYTH
12TDAjwxuG3vMGTTcs3veuDry7tZxZKpq3ybDt1x6k7Cy2oS:17000000000000000000:OKDOT:OKMYTH
13ENRNMV2FnZfBrGtytNdd1boFc24iKZUP4epcc8d1dywtBh:17000000000000000000:OKDOT:OKMYTH
1jjHRdmDAg1XEidXWeGsET3JDUBCySu6iZuRdSL24F7zygC:17000000000000000000:OKDOT:OKMYTH
16ASi8PpNdDLEVBqP7RwaLAxJvioq3eu1H9AaVQ4dsDbxsqQ:17000000000000000000:OKDOT:OKMYTH
13xP4m6dDt4AukqD9GoWhoPZ26jkb2mU1AnkWMzvhTURarWJ:17000000000000000000:OKDOT:OKMYTH
13Cq2HM6bfPhfM9aWRwyqGKepQqSWTJM2BtywWzoYwAHq9ZU:17000000000000000000:OKDOT:OKMYTH
1k7yshAxTeAWGJFHxU2ZfgNLGUsPzu4nK4FMxxv37Xq9BfE:17000000000000000000:OKDOT:OKMYTH
124RASmWCBssjveCo4AK76gPq2j4aoNQMo2RfveF6KDAgQCF:17000000000000000000:OKDOT:OKMYTH
13Y7ef86sGyXdr7fZfxTt4pR2i3Ei7CYmHahw6FQ7T4xssDD:17000000000000000000:OKDOT:OKMYTH
13BZYHaNciGMpYjonmbcG4gwZFPTFzx5zVtSgSSSC2tbtJ9k:17000000000000000000:OKDOT:OKMYTH
1mTvJ7NmDQMgoYg8PLiYN4P9aHFaxqw4weQPLkoBSQN61kn:17000000000000000000:OKDOT:OKMYTH
14QXsmNC1TUz3CqfsHRSgjkCVJDQ7z95sN16uPuTHGHJZADh:17000000000000000000:OKDOT:OKMYTH
13Yog6GBjYHE56pwNdmxog7X7Gmbc4C7WaoZFymKXaWwKVQb:17000000000000000000:OKDOT:OKMYTH
13byqg3QuwA5vPAyXrQJ8jd1u5Zo7x4VZ1GqRcKYCJxiyRei:17000000000000000000:OKDOT:OKMYTH
1Mu4VX79o7abMd9JFNyFRdrifF5AfifD5Wp82aq4aM2ZwK7:17000000000000000000:OKDOT:OKMYTH
15JCFr7E1mpbWfTmixBmndQAKpMFbskwp3aHM5sAjY6zs5G7:17000000000000000000:OKDOT:OKMYTH
13YWwLG5uw7YBupR9AmtaxxMJoHC1n68cABMPrQuJMydkmEY:17000000000000000000:OKDOT:OKMYTH
13A6uYq8Ptd9fdtobij1WNFRmPySpNLZ5ZMPpNemPmcS7CEp:17000000000000000000:OKDOT:OKMYTH
13NCLd3foNpsv1huPDzvvfyKh37NEEkGFotZnP52CTR98YFJ:236000000000000000000:OKDOT:OKMYTH
