1mzyYLby5uJonJTcZx77sFKhQdgB4Tstx7G6uYAc3JvDHUf:17000000000000000000:OKDOT:OKMYTH
12rp6VLmHc4MdS2hwWoCDgorUzVgVMBZdLN4wTZJCnTMNqqS:17000000000000000000:OKDOT:OKMYTH
13YZcKQF45hpaadY3xvYEkiRDu7S4kXAvdeEvKHATvtUab12:17000000000000000000:OKDOT:OKMYTH
136ZfyW6MYXST3wM45XCiwwjXB5dDoEhZgtbw7SMa4nBgeuK:17000000000000000000:OKDOT:OKMYTH
1N7moTppv5L5YemWBtCNSwcs269p9aw2VKNLKjvrknjk82r:17000000000000000000:OKDOT:OKMYTH
14dQX3hdLMZcsfhy55rWBRp6BR2DiZAM3C838cjFCi2bxD6S:17000000000000000000:OKDOT:OKMYTH
12vi4aKbiqiqj8MngkU4ZfVM1xCpC4yFHZ7GKhtJGwCoRxiC:17000000000000000000:OKDOT:OKMYTH
136KznK6quvEoxoXNQPkrNtJLYVWtE9ReG1ePXEeCrZWAbYp:17000000000000000000:OKDOT:OKMYTH
1NSUpmwtnFpSTSfN9kH1dMnqugW4P67sHwsLtp1V2xCYdhU:17000000000000000000:OKDOT:OKMYTH
1HX7JdXBzMKfiYZ6CnwnP2V8yr6kmTVEo8MfKpcAyUiATaB:17000000000000000000:OKDOT:OKMYTH
12F6pnbwW3UoqWboGTY4PkiDHUadfeSG7cXKCUKCeYwTbMhj:17000000000000000000:OKDOT:OKMYTH
1348BFNf6Z9FrgRue157WjrjhWvDYH5cVXvvU2JopmZACZ5J:17000000000000000000:OKDOT:OKMYTH
1p8UbbXtseusiRCWcLKjFsaLENmmFc8HK7CaXcDKd5SHJp7:17000000000000000000:OKDOT:OKMYTH
12WFKvhLQrVUKnMCKbhmhrN9xFN3vTz1HsGnNYaetuempMY1:17000000000000000000:OKDOT:OKMYTH
142iGdE5pskJRzYoDdiu3NByDMgNFFL9pAY9U8v9Sjy4828q:17000000000000000000:OKDOT:OKMYTH
133YKqMktbmXUTAV5NsyM3qkPTifcNKE2WXK8wLxwGuF2gnk:17000000000000000000:OKDOT:OKMYTH
124sUTqFYSzvYsUyQPezCsviNnEosKxGQuZ6PU5nM59dupqt:17000000000000000000:OKDOT:OKMYTH
13Y4sKyb4EhnUx7fAxMJiJHzJVsrLrDMQnJGCFojxUb9ygof:17000000000000000000:OKDOT:OKMYTH
143aZH7ZkT1CnnqE8GXT4fbENFbEtp7zm1YJ8Br1QWeTsST3:17000000000000000000:OKDOT:OKMYTH
12XimfYo337ErF8QFoecuCF6X4UxXUMHBDCT7HzPjTcwQRUi:17000000000000000000:OKDOT:OKMYTH
1qUYXiAc1mod8TgDhanhRoAn9Dij7K8hnrDqq2DoiM2Svep:17000000000000000000:OKDOT:OKMYTH
12n2zDGJADGkya5iNqZidW4oHGGL1h87HBbZYEguDaNzM8ES:17000000000000000000:OKDOT:OKMYTH
145P34LRcJfTjhwy4CKoaYxT3Lei6MrwukqFSUAvWnsZyG9G:17000000000000000000:OKDOT:OKMYTH
12WmJHnocG1iWYhJKmHpozPLNPUDFurGtahK5HyAmaqnZd4F:17000000000000000000:OKDOT:OKMYTH
1qVd7rxGLnS6AViHmWqHSRgtprv8HHQko7QuoLbWRVXNBro:17000000000000000000:OKDOT:OKMYTH
1jYoxhSRcjL9DmCdchUZGddGrpfFka2sJoQeLHYQsWWq39d:17000000000000000000:OKDOT:OKMYTH
146u34qEwb4Pp77Q2nHhf13hs52ahDZB1xeHMFdsn9GP8gyi:17000000000000000000:OKDOT:OKMYTH
12UocLuJrydEhKz2hJ9WkNRvMGDKW1aSJL4rsWjVBLBbKPzE:17000000000000000000:OKDOT:OKMYTH
1RmKaj6cqPMrW8kGi2BvVUtf3WbVNqhNnmMzpdW6ZZF1ewP:17000000000000000000:OKDOT:OKMYTH
16XryxvHvDKsh8qvH4QbYQ3CpiVv4H4B4Zb19efCy1iiwRVo:17000000000000000000:OKDOT:OKMYTH
12wst5X6FtDeL64u2WRkxG1pNvup7jJkSi5Bwu1QoBGtGkMm:17000000000000000000:OKDOT:OKMYTH
12U2W2qJHVxZ34nXKXWV4ETxsRJCVe7UWHL2stW2vFegEK6R:17000000000000000000:OKDOT:OKMYTH
1sdrqGFiW1V4aPN2rdhBnDjCrTonxX5YV2bTq3dGmQs9D2J:17000000000000000000:OKDOT:OKMYTH
15u3KnLpFQCySKkagziBTxABx1EpzPvxqLquq1GcFokixDP1:17000000000000000000:OKDOT:OKMYTH
12YeHWsZ1t5cDmB8T3PwZ2pgj6NbFuxKVkWgLJAxdBsz4Tak:17000000000000000000:OKDOT:OKMYTH
12sXuzSAQyz8kbv2Jenb2pGCJ48dVsk4eLG5KPj953L4irq2:17000000000000000000:OKDOT:OKMYTH
1stwErrdYjdesoZx8zARpweteyGBYNKgAS58TsV2g8AtYda:17000000000000000000:OKDOT:OKMYTH
123YoUvhw81aU7LDm67PeWR5ouwRKE7ZrjAUmJiWtZjyLvSm:17000000000000000000:OKDOT:OKMYTH
149zh5by2wn6gUcqpZhvPwXrZ2ZBHouM63fWCjJXToofoeJH:17000000000000000000:OKDOT:OKMYTH
12ruQ3U9ZXnay74knigJtCewfNGmPV8sqPxbStQ6hu3yXhXY:17000000000000000000:OKDOT:OKMYTH
1T8LASgNQz8kykzwQXx97g8CwFCMV1ahSjpccjSQDZS63o2:17000000000000000000:OKDOT:OKMYTH
14FvwggJxPx6SdkuurWUNpu1mCTHHxfimNz882ZVyVXSyDvQ:17000000000000000000:OKDOT:OKMYTH
14C3v8D15b238YP8zo2y85DKzHAonRQuv8d4x3fFRYnwhUCg:17000000000000000000:OKDOT:OKMYTH
12q6SFGDCa8BYsLDPMEaCwMsmKm6RXkBiofKX8wXZC7JULG:17000000000000000000:OKDOT:OKMYTH
1ts9evGUiCaq2KBDCL6KxP1E6racC4R8EWCPBURuFgxi7DV:17000000000000000000:OKDOT:OKMYTH
15XJZ4oKb7emfP8JC3zXQfggNLNkXZpwWeQxVWMUXWfDeYTt:17000000000000000000:OKDOT:OKMYTH
12zq5YErEg9tgcbu8wUNHdBmj5c8i4SKXmd8NEBdefoZDfoS:17000000000000000000:OKDOT:OKMYTH
12NkH2Rda4gSqhRjewThsv8RjnkMkzGfrL9MwKkkQ5uE5vpa:17000000000000000000:OKDOT:OKMYTH
1247hKxmuNx9qNknaqiuJDV2Mq2skC2kCu4YPCtbuiVSWg1K:17000000000000000000:OKDOT:OKMYTH
1bq49doS8xhbEkxmrfEQjSVAjyTZ7p5gNatf8i7VkzwoSwp:17000000000000000000:OKDOT:OKMYTH
14c6Loa1XuwevqUM5P8ND2Exd7Ke5yp8LoVTNMN9v7Cv9f7x:17000000000000000000:OKDOT:OKMYTH
12maz7ATut96krrLg8A3LFftugnqZFyq9VbXwJw23FH6hgnb:17000000000000000000:OKDOT:OKMYTH
1xcJmGShM4Jj934njk2nJdo6C8stePFs4AQNADMmW99QVXn:17000000000000000000:OKDOT:OKMYTH
15MoS1PRXntxfZgLwajwCV1dRfuGTbx45dfofuTczMSJnXxv:17000000000000000000:OKDOT:OKMYTH
14ceVFcTj5JqL9w4NM6pR2wjsTRqSKeUGzmtWcw9Z2zcs7Cs:17000000000000000000:OKDOT:OKMYTH
12LCktp4kMHRsgtmT6CFjh9D51Dbyd3w61qGr5fUW9g1pAUP:17000000000000000000:OKDOT:OKMYTH
1zugcaHqFR2hNAUUVFmTFEjr8Kch1eRpdWHtVw1az7g3mbP:17000000000000000000:OKDOT:OKMYTH
13DbUfUJr9cmGRMT5CpDZRMVpY8zQkeTds7rYt5o9snL6mSj:17000000000000000000:OKDOT:OKMYTH
1395nu3SCvbDWjRYXEB7Qry1smF76L96FfRfXVHymZRJ3UrA:17000000000000000000:OKDOT:OKMYTH
12ksYNEbqmZWmXG3BxPx9UviAqX3fRMWdw1LGDv51CaFhRyc:17000000000000000000:OKDOT:OKMYTH
1zugcaj4mBMu7EULN4rafT5UTfBjbvqaoypZyxWa3io6qJS:17000000000000000000:OKDOT:OKMYTH
141MC2C7TazsFx1sMCGuW1AZUNFeENxdWokN4LAVNc9yCHrK:17000000000000000000:OKDOT:OKMYTH
14CM831BqJas4uHrzmno8uxhox3iw99HGX3144Qspq9kqwnd:17000000000000000000:OKDOT:OKMYTH
12K773zarWKDJVTMiPbV33rnt9ScDqC9mn2GCmPJre5ALNBu:17000000000000000000:OKDOT:OKMYTH
14QTA18aDHZrPgVCJFLpK4tj2jT3NtAvzyZy4nx875JuPWiY:17000000000000000000:OKDOT:OKMYTH
14uYmeg5a1PUFZ4kVddzmgShWuEWuWqa1Rz6KUxEUxSBTMGL:17000000000000000000:OKDOT:OKMYTH
14csL1V4PXnfCwBPBty1YFALuPn7V1XAafDwmuveBXN6d36t:17000000000000000000:OKDOT:OKMYTH
12GDJK9x92F3xfFWndNAYeREpPT5StpuYUWMVfvEtLeziy6p:17000000000000000000:OKDOT:OKMYTH
1Ee75ox6oLG8FreCEDaEao59eHyQ8NXNhzwJ6iGX9DUAuF3:17000000000000000000:OKDOT:OKMYTH
13Mhsn6ydeZvYdeRNX5cLRkeHtgTZBg3Lk5wheheRG2vSZCY:17000000000000000000:OKDOT:OKMYTH
14DE8GdKnNvgoXCLFq62ZjNz2zsGqnxXBsRMwNpiPip2JSFJ:17000000000000000000:OKDOT:OKMYTH
12eTRGMPJGkhEyeQRPjuQ8Ka4PahgUh7keFA4g87XnqZdpCR:17000000000000000000:OKDOT:OKMYTH
15zMdyfjaBXPqrHoc4C9boVHg4yjEDd6M8qZnhxcBWfuJF2m:17000000000000000000:OKDOT:OKMYTH
12EY2RN3TwC7CzwsL6kt7x2cHj3DGsK3LFhbKxFCKhPWxK1P:17000000000000000000:OKDOT:OKMYTH
14EC952GUATjcAK4qKbg6w9EbWQ2hLmPR5GrtmUHFVyDgzKC:17000000000000000000:OKDOT:OKMYTH
12EPfyhLo6mwXyzgi7Uz35915qipu98yAcwMwYr28cKbprpb:17000000000000000000:OKDOT:OKMYTH
14mLho8tNtNmCsCku6rLNhLyuCNFGRmadS3NCRThfLpwKdt4:17000000000000000000:OKDOT:OKMYTH
15ccX5Ay7U1xsxPcqQzibEzm5Mrgn8espSWA3VprodfLE37e:17000000000000000000:OKDOT:OKMYTH
12FQZsEEpUtHi9U1SHryAFqCpikAzsSwfrYqTog1eKvvqSHr:17000000000000000000:OKDOT:OKMYTH
12dXdcxeQF5rVLbtJaxEJLvJaQNoBp2zk2JU8Pet31sw1fTy:17000000000000000000:OKDOT:OKMYTH
15BBDXjeUK1mSmKwXWT9PTWr4yfMPDsjkNzVYD73rnyK6JNq:17000000000000000000:OKDOT:OKMYTH
1SDD36LsCe4WYFi6fcTrCzqqsqbMXY9f6XR7hezMYygHfnw:17000000000000000000:OKDOT:OKMYTH
14fGBLgWjvDpBtCb6nJj7grgfz2URNLhCRRoqnNhQQTjgJ72:17000000000000000000:OKDOT:OKMYTH
12D9MAg92xKvS9pHLY4FuTUmXSTbzvefuFQSpAXdbgQyG8Q7:17000000000000000000:OKDOT:OKMYTH
15wLxJZwCJ2U8FvjzyZXxaimo2y2zfsb8EYtC4ZMNwTLnvoW:17000000000000000000:OKDOT:OKMYTH
13uDLimrwT1B1eSTsk3FQGj6fLM5rtSAAffH6xLicSqUVTKi:17000000000000000000:OKDOT:OKMYTH
13GHB2KDDeeHmBcppUDRyiC4zq3hRqWziHeapZoZzN2zA2tA:17000000000000000000:OKDOT:OKMYTH
128wpj6BSonmVTg9CC4mPAUTUti8CcJfZSsRF4MSVH5b9sFa:17000000000000000000:OKDOT:OKMYTH
124b99gsgdR2fyyrADxsaUZjf7vSmXSPBoTHztdZGKswpRAT:17000000000000000000:OKDOT:OKMYTH
11srzWVeNtXLnDguaxxe3kCABvMFDeA82vYZnC5eqhV3hVk:17000000000000000000:OKDOT:OKMYTH
14GcGZxkvsGgXYei9xuVoQ7dYKDQkdXsFVfiBgjuT1sM3euN:17000000000000000000:OKDOT:OKMYTH
128g8hyGuvWJk5DSA1yL7K5Gc7d3XyX88kZcv9YzQ9wN4Ewi:17000000000000000000:OKDOT:OKMYTH
12R81rwKFzfDnpp3JZfhgqAdXKVswwU5wVEvsDPXFDumb2Hn:17000000000000000000:OKDOT:OKMYTH
121rkhUPwiytQJ9iz34jU1vvzm4ZpjGQfKjPPd8XFQTGofiW:17000000000000000000:OKDOT:OKMYTH
13jJGyf1xkyDzcdLfUCLWpjGFZRtRYbTbY9A7wc4MgRKf4aE:17000000000000000000:OKDOT:OKMYTH
125QiSUEpCt5rLSJYd6dRdiXPimQyL76Ggdjpovx4d3xLUrz:17000000000000000000:OKDOT:OKMYTH
12sMr1ujGPfRa4avuTP1WDoe8ct98sXSqGw6MGxM43Hd8McH:17000000000000000000:OKDOT:OKMYTH
123QsshStGrphH3YLLLj3vC2xtuKNc61syRbba1L6QT37hjV:17000000000000000000:OKDOT:OKMYTH
13M1mGmLABpdMLtSsQWz1H8S5oMsUBFbe4jEP38YXK6Gr6Mv:17000000000000000000:OKDOT:OKMYTH
124WyTPgcAdC2JHcWz5C3ybSYsvPenJyV61F2yvPWnXszNRA:17000000000000000000:OKDOT:OKMYTH
16Q1wiDvrZvJ3BTPD7J9t7CSSLUVUt5CQqfhyWGKqLZkvH4U:17000000000000000000:OKDOT:OKMYTH
125HSNZpNZzwfjE4x5rs3VqU5jzgavJ6e1fg6pSnWvdxmQWu:17000000000000000000:OKDOT:OKMYTH
14GMvYvt6vohXxLXtjBZf7kWYjkQ53xPwE79qMrYkn53yggZ:17000000000000000000:OKDOT:OKMYTH
123DsANZMXHGd97F6SzUBujsQcXxxX6xZD9HAo9KuB3BU7JZ:17000000000000000000:OKDOT:OKMYTH
16knQSHx2vJqVCNnjBxbyD7or9PQyRLiMaKSFqdkoEk2esvq:17000000000000000000:OKDOT:OKMYTH
1265JP6oM6zg8upYSZFJCSpnYQ9iATkfkumMmSq6zg8jVXex:17000000000000000000:OKDOT:OKMYTH
14GTzyCbbcx6cjBwyjs2wW677k3x4UNDnYjc4E9Xi48CnKNV:17000000000000000000:OKDOT:OKMYTH
123aQCgaZ5ihEQZpKAfhn6Vdw8NYqy1sXEHZPUF3cED9XK7a:17000000000000000000:OKDOT:OKMYTH
16hvNUSF22McVMF3fs3mDDfvm5Xks5pqAKrWsZeDN3Whq1YJ:17000000000000000000:OKDOT:OKMYTH
128b8eU3mLnh5NFMNQBKstppbQFPxtf3pubVVimF4NWxAEzr:17000000000000000000:OKDOT:OKMYTH
12LeoDAmaABkR37k1J6bwDqTqYSziBsXiSWRtgfLJJyU3Sjn:17000000000000000000:OKDOT:OKMYTH
1213sKhWxT1Q7H4rPPYWEJTp1h4HAzo1RQXjrMGHSyiwXXcm:17000000000000000000:OKDOT:OKMYTH
1tfXodqVA66z6oPqxECLvkZD2At3R3ghmyB4YqjbchDypNy:17000000000000000000:OKDOT:OKMYTH
128fpxQbD4nbcbygfNxLprp5F48TPDczobbmnPzFdZKGhiCZ:17000000000000000000:OKDOT:OKMYTH
12ge6HWd9kKJvJ7dvtWz2m6hBwfTFuZsARzEqASHjZSzYYqF:17000000000000000000:OKDOT:OKMYTH
1172CFFx1eVLVBg1rmuPYNcA4Cy3E4f1fFGiSHLZ4HDD7By:17000000000000000000:OKDOT:OKMYTH
149q5qpdpE7Bzw1jQds2jqWXgqZf54ENQH5rBZTJPitKqY9y:17000000000000000000:OKDOT:OKMYTH
129WmN9PCCUeixx1Lz58nnmgjwAVr6jEX1n6HbYqaXcn1fAF:17000000000000000000:OKDOT:OKMYTH
12CLu4Z52UN8b4esUHb5XuAjffuW1btkZYHJSPkVbh7wPpV7:17000000000000000000:OKDOT:OKMYTH
13BLTdWHDm7h439maxMftZeaCLgBE2GZy1XGgqywzhtW1BcB:17000000000000000000:OKDOT:OKMYTH
12rcNWGJjCqWW6Rg1YwgeGtpnWSqboq7ED2UdiUbjgw2aMdk:17000000000000000000:OKDOT:OKMYTH
12AXK1i5we3By795iimxsV2MrAM21C2v8kVCGETnrN5Hrx2C:17000000000000000000:OKDOT:OKMYTH
14KdGMytFpjqAaKSdZB4BCqY7nyPcDsbYgi9WC9JafFK5Pyv:17000000000000000000:OKDOT:OKMYTH
1555hgkxkkt1w9Gg2LuRK5WkDT1T7AYnUBxcUs8mqgbdiiyJ:17000000000000000000:OKDOT:OKMYTH
1214AW8Z68Wkn4h7EqpaD5BBsA2B2pGZDBetc5erwXGqXTTS:17000000000000000000:OKDOT:OKMYTH
12AxNq3Rye3dxRjPn7zQ1fctwcaVaXhHT9RnJYVR49B17zri:17000000000000000000:OKDOT:OKMYTH
13mUCK3CDNwN6JNAxLwsqWvRaMhWaQ3eVCk4A52RnqaKmTMP:17000000000000000000:OKDOT:OKMYTH
14rjr1hfmDpWvsmbZegkY2V48JesSU7LNzwUQyZPWspwjSQ1:17000000000000000000:OKDOT:OKMYTH
13gjeEHByEkhKwmWc43z5SsQVASt1vWnTYocYWVE9628PmnV:17000000000000000000:OKDOT:OKMYTH
12EGQW3mL7RLF3EQ76K7ka9tpU1NMTat1biZmH7gH2DxK5JU:17000000000000000000:OKDOT:OKMYTH
13mxukBmFsLZuAAPV2WeMq9HLLMCjiomc1b9WiFmfot9scGN:17000000000000000000:OKDOT:OKMYTH
1A8dbXTgDvahRtG2yb2mHteY7hv7vyZGvSSPjToTyRZq2xE:17000000000000000000:OKDOT:OKMYTH
14FpNHXBseE3twbeX12Su8YuaUAnhWNdg3PtJzwJYLQAaM8Z:17000000000000000000:OKDOT:OKMYTH
12ELvV13aNopTpfnLTrpnb6JWoZ9kkDHsGK3JV6yK53NN55h:17000000000000000000:OKDOT:OKMYTH
12MMCpAxysbCbSY2fHwwrqn7Ds4n6tV5KmMRAZfDiwhdAi7b:17000000000000000000:OKDOT:OKMYTH
14mm11abEjwRGDH9KvJ1r16H7Zd6TVSaRcPHKGeaqD5DWLZz:17000000000000000000:OKDOT:OKMYTH
1nYeSAzB43v7erg4ze6fjAy56veVuTgbuKucbnEL6nrjQTS:17000000000000000000:OKDOT:OKMYTH
12F4tbqup1PAc3oyc7X4SjBPMVVKJoGuAcLZAaZ2Ho2EfRKK:17000000000000000000:OKDOT:OKMYTH
14MfQtmMUSpn8H5Qj8ULt9gpfqD1K9kwCKggmeVwQn7GMg9y:17000000000000000000:OKDOT:OKMYTH
127DUhkuA34SPRCiGEvArHFdFSi6YtAojmif6gyGcFXbCg4B:17000000000000000000:OKDOT:OKMYTH
13Yk4c1r24ZeKvybWQNzi9Q3fGphZptszRXQa2ZR8h6Ca2pL:17000000000000000000:OKDOT:OKMYTH
12fRPFjGzmSqeVmWTxDjcR1rdiFNvNP57FfzXUHDfooHXjeR:17000000000000000000:OKDOT:OKMYTH
14pERALhTcvivL53U8PbrtXs66mT63V5awjMXU5DQuLSgaz4:17000000000000000000:OKDOT:OKMYTH
17FruGtVSHcWfPRmyCBvBEJi5vTq7GP78N6i5v6eLxhp945:17000000000000000000:OKDOT:OKMYTH
12rPrRHeAKATrzc8ezWMPCQDtsxS2spN7Xh5zyF45z9WGKLk:17000000000000000000:OKDOT:OKMYTH
12uXhQUwmHB1Kq8sSJa7qE29KFHCrFD8JNBfZWVPmmLJhwap:17000000000000000000:OKDOT:OKMYTH
14PhTevCWBr7v8mQibqkCx1w5uT6WNEeQWHwKD9EfTBj6NY1:17000000000000000000:OKDOT:OKMYTH
13DiaosVEKEGGARBmYZ6MpwGPLrXfQ6TWvEejNsDRUEqxEmr:17000000000000000000:OKDOT:OKMYTH
14cKsX62jPr5izZNrc2LefFYQUV8Dyy7ohWAz8Vg9Fz8c4Ln:17000000000000000000:OKDOT:OKMYTH
12urhPHPqUQg5SPr49bHQBVuhH8qBY93RoYgWAkDoZAC2b1k:17000000000000000000:OKDOT:OKMYTH
1233GDji4jKabycQD3hVPPzF8x7zje9ZxDAWziJtMMv2QRGy:17000000000000000000:OKDOT:OKMYTH
169dZ1myUn7zGQBNqdhLdXp5zAP1quG5VAkTZR9Er5PWBZZQ:17000000000000000000:OKDOT:OKMYTH
14Ju4UKPF5GMB8TaGzTQRN9p8dvUnxpZKAE7qfTHtetFyDE8:17000000000000000000:OKDOT:OKMYTH
12uRSx7c1WjYhiJ7ueTfKGm3RFFnHF9X6WVJnHL9LGzyyfvM:17000000000000000000:OKDOT:OKMYTH
14pqKJhZPZpjYsQoPKP8Vc6sZX4ZobhmETpBhPy89evLvkNu:17000000000000000000:OKDOT:OKMYTH
1n5Mc6hhgKzc1GZRma8VgnMjEcYVxbWPFsSNg4J3HN6Fomm:17000000000000000000:OKDOT:OKMYTH
16SHQVDhWUWGge9bQwWFcx2rK4WpUbRLZmqSmmRp3Wzk7YQ4:17000000000000000000:OKDOT:OKMYTH
14i4CoS8y8x41JrRvb45oQumZXGFdm4Mjy2x6QzxM2ekEuFV:17000000000000000000:OKDOT:OKMYTH
14qxeiYS8zZj3Ei2g24TsHyQUu1ytqruFsa6q8cBFpvet6ck:17000000000000000000:OKDOT:OKMYTH
12F3v8ZE7XikQixmK9zDBUPeEPNseg8nk4k84dGBHKHppLTi:17000000000000000000:OKDOT:OKMYTH
15m6G1wQFYwnXZnXnmTMFaxCv9vsjbHkcmMucdPHgPgz1p6A:17000000000000000000:OKDOT:OKMYTH
132VJRaWLYXFBBYuZXrDV5cqtFd7Y1ngT4ZoAZkdZGzU1c7t:17000000000000000000:OKDOT:OKMYTH
14tmTSES19YYzKRzL9GF14bMFGKjqDXkwzUjNJmdojARmfuS:17000000000000000000:OKDOT:OKMYTH
12BaooWuZabBcPfjoqtHHLTBwy25cJFFfhC6wvgJQ7C3FYe4:17000000000000000000:OKDOT:OKMYTH
12McRAQXATUJ2y994Phz117o4QrgZSo5DYgJC2NQvXW54DmX:17000000000000000000:OKDOT:OKMYTH
13ai9UmcDN6AkW2iiM6aoafDxAxjXtXnfxSF7gjpiTj9srjy:17000000000000000000:OKDOT:OKMYTH
14UiFTxi96mP7u7DajobdtMqDMFrWb869T69vDC4VS4he8Cf:17000000000000000000:OKDOT:OKMYTH
14EJb1iYxMu6WsNgMKDZH4X91Z3HpZYHdEjBqT51YN9rFXus:17000000000000000000:OKDOT:OKMYTH
138tHfC5yRjduAfCNGMoW7MBPdwgjJXuZvG7k4F44vDWZPcU:17000000000000000000:OKDOT:OKMYTH
13bhjnGo8ohZTBikoSW2r2QSJt64fhPppNeWByjEx7MaizLR:17000000000000000000:OKDOT:OKMYTH
12kdrYAtGwpid8Xiibav9jsmsd396AejwgLHo9m7dSo1vFDz:17000000000000000000:OKDOT:OKMYTH
14upkyxVUQWVGkDcnQ8v4JdUcuY5pAngAanETxaQ3BVmHPJs:17000000000000000000:OKDOT:OKMYTH
14mjEsk6P7qE6QZuj2kgW19VH9NDzz1tNNvNb9xBBwjMa9TH:17000000000000000000:OKDOT:OKMYTH
13e7o4cLW5Kq5DhDSMBE7vAYKBHdTk8aHR9qn6AZ5HFH1iUB:17000000000000000000:OKDOT:OKMYTH
14ww8YaNkT73dLxB6fM74ibyuw18c3G1EfQFioKW84eUyqnS:17000000000000000000:OKDOT:OKMYTH
14PuNsoKKBq8CKTynNzGSLXhBcMixMNsBr7Mprb1j6scXgVo:17000000000000000000:OKDOT:OKMYTH
1468G4PrhHryeVziTAcEiLRXVv2ZsWXCLhGco3nTtERvXV3B:17000000000000000000:OKDOT:OKMYTH
13fyAvNaEGfA6N9fHu2bZNTx7bECaAW6arHpartdjPUeYvU6:17000000000000000000:OKDOT:OKMYTH
14wyCnxuHS5sXj6iNYdud8Giva3kYqxqtvn2LJzCSZjfW9Cj:17000000000000000000:OKDOT:OKMYTH
128cnUDMEmHvV34XNeN14QHpe5Zs5J4ujeyGDGAs4mc8P7da:17000000000000000000:OKDOT:OKMYTH
129UCHqcLahnEmimhD4CpmeoyhaDzn7Y2RjHeKFm1nXsiPPs:17000000000000000000:OKDOT:OKMYTH
13fYuyLS3bJVn1WwufrzjBHKoJsSg1r8q3GGKgQCeHX7cAjp:17000000000000000000:OKDOT:OKMYTH
13KkzFgrz99JMHByRHqoiEeqn8rGvCYP6zyXvQpy9d9XvgJD:17000000000000000000:OKDOT:OKMYTH
14Z5RhgsuCbBzjEKJ7AHQn9EsqJtZT46nmHyBdM56cJNYrVu:17000000000000000000:OKDOT:OKMYTH
14K3gi6nCfPLizLFjqZZmKEEZuwyYXT8qHfypegqoEnji7JK:17000000000000000000:OKDOT:OKMYTH
13JijMa8FnPtHtNHEFLRwWLPtnGYnyXvr6tNJ3UnSCLgfp1H:17000000000000000000:OKDOT:OKMYTH
13pDCCtHH5hQtQQnkrUsUhvCRWaZCzVtV8RFvoQWLf7gkWrR:17000000000000000000:OKDOT:OKMYTH
16MkHtznEhejzLBypFBDKJ8u8jNsrkrtWEPpTB9KJFXTDg6g:17000000000000000000:OKDOT:OKMYTH
147fGZrbhbALVwMihYZigHV25AgnzpfpVdPSLwAXQKQRnjq:17000000000000000000:OKDOT:OKMYTH
13jUDWmXpquXgPm9wDxNEtnfoxp32e9GJdwy1hrLSdDsqRo7:17000000000000000000:OKDOT:OKMYTH
14mrsWbXcMQcjV5szQwLKLApmGjn6XrCmKYaHSYbBAN4QHqi:17000000000000000000:OKDOT:OKMYTH
14DVvvvDcJ5GGkrs37df8g8E9rKU2aJ3Wi1nBwWBfnEbqV96:17000000000000000000:OKDOT:OKMYTH
15v7PD7ZrN6NHNVGUS6GH4pj38QDvqHnAJDHtncdcDHDzuCb:17000000000000000000:OKDOT:OKMYTH
13KkXtWpcMrHWgCedcG9CF2GghyQADseFFF6VuSCepNrHC1K:17000000000000000000:OKDOT:OKMYTH
14PYnCo9P54dPnk6ZKNcmD6Dt8qxN6fDXM2aboSZd15E9VgT:17000000000000000000:OKDOT:OKMYTH
14dQhpNqx6FWcNX8ZyauBQaXw7A8Arx7pJedXN9PoezLUt7v:17000000000000000000:OKDOT:OKMYTH
136Zo92RRjAjmkddWv2anjBZDbkLx7Y8KSRXUQ3XsHZh9ZZR:17000000000000000000:OKDOT:OKMYTH
13kLxUbkD3WyfcDhscijo7DaattUwpVTLnK23147vbQFgREp:17000000000000000000:OKDOT:OKMYTH
1PsRL42BaXssPXsirR7rzSEmFFDtP7x55mmBdHYQCJMr86q:17000000000000000000:OKDOT:OKMYTH
1Xm8ZeCmjfEScXRGkGSA3Dg9T6PF9MGEDVqQJKLd3d6Hu8q:17000000000000000000:OKDOT:OKMYTH
1j2t8iAGtrPkHqZ5dSeEzpSJm3uDLAT5KK3M9xaKu774Bhu:17000000000000000000:OKDOT:OKMYTH
13mYv1en3orKaSBgahsFjNAPvXUx79TRMBYxy8r6eeXNYZ1V:17000000000000000000:OKDOT:OKMYTH
15PXLt9JTNMzJUNTtkGgmHyCS9SkRzshZs2oPohL6UUVntPd:17000000000000000000:OKDOT:OKMYTH
15S5vR6YEPuvPicZVvRBggpb9f2MncVF8QPK5B8QojpF1ghB:17000000000000000000:OKDOT:OKMYTH
138MUznn6SXhDG6jpyMk6Rv6jvqWHF259efa335KB65VUFrJ:17000000000000000000:OKDOT:OKMYTH
13pfSgjDTbfDY9TyCmqa1Y2MrzpCn23ZboZ4n2iM7Qk68rzS:17000000000000000000:OKDOT:OKMYTH
12mVM3CRFiS9cwXhvB7fy2FzfT2FqmynpPqJD2NU7tvtMEqJ:17000000000000000000:OKDOT:OKMYTH
14SfRCb527p8BTUrFzNFuPZ2ThFcXEH2NHpH15AYamTY7YGy:17000000000000000000:OKDOT:OKMYTH
14u5kWE8nkCaU8zdyWxMKyRw6KPJ391QRAXYWNbuHr9mAmUt:17000000000000000000:OKDOT:OKMYTH
13rnDMwavRUxGdPUbX7MCy7aBksBbCGHJLSDvVtmvCYHWRgb:17000000000000000000:OKDOT:OKMYTH
16CWcMWaYhRdciymZESp3mSTQzm85JTSbskqC9uRvqaGKQj8:17000000000000000000:OKDOT:OKMYTH
13sUGt5XBkHwvxoDkVG6KiRx4DvknZtqVo7kGdnpDpwri7k:17000000000000000000:OKDOT:OKMYTH
15wUzip5NR8AzNavT1ju6LVmVDNWN8nw4HhZ7s7M31CLdaV3:17000000000000000000:OKDOT:OKMYTH
13Rr1C6KkXn1vPsijzpaH5p64SWTWdX1YHSsi3VeRy13CYNS:17000000000000000000:OKDOT:OKMYTH
15rP9gKQxhi3KJbVy7Gwn82Wss8F6G3WRn9HDqcMiMehXEwe:17000000000000000000:OKDOT:OKMYTH
1EaGd4x4zneG2v3ZsW4HBjczFsaXijcDPAvkrRGuL1ju2as:17000000000000000000:OKDOT:OKMYTH
16UZ7nX9pKLNG8BB8DMPyZx7ijLC9FsmEvJWVC9eqCZ6G5Wm:17000000000000000000:OKDOT:OKMYTH
13sxMiHV5J3X7eGc6kRvU8FXrKPJTJhw3PQdGBH2WpaPy2L5:17000000000000000000:OKDOT:OKMYTH
155BVFi4VVzer2gBNj41v8ZM9MwaJo8tKmL4fhdDKcHKpKa3:17000000000000000000:OKDOT:OKMYTH
1HQxRkp7TZ6ivTEa44UwGbhPccPgGYfH5HnA8k2wiKTFpza:17000000000000000000:OKDOT:OKMYTH
13MRFRQmKmaq4XM3dcEzXv6dauSw2hEjhxzMXuHy3iU8SRKS:17000000000000000000:OKDOT:OKMYTH
144VB2wEFXgdiTvaSHdv2CRDBjwEpwRwmLHAyUoNbuqXWB2a:17000000000000000000:OKDOT:OKMYTH
15rNY1KhaXJSLCL1a6H3YPKyCftkNtfHUQBkHo2YTVp7Ahnj:17000000000000000000:OKDOT:OKMYTH
1FMtC2UkmGukhungWajPPzgNNPsuw8uRCBFy98y4Gye99C9:17000000000000000000:OKDOT:OKMYTH
16fkbq3jJTNyYmpoaWmMLArQhUJRonuGCTWr4Bt9wKpQ4wEc:17000000000000000000:OKDOT:OKMYTH
149LA3QZeDs6hHhxEv9Rj9cP3e7PHC3dcKbsjW8cXLPrpd5Z:17000000000000000000:OKDOT:OKMYTH
15wd8b49yz7GN8Hvja2rEooA6UJhSRmP8RKQSFKYp9UYG86X:17000000000000000000:OKDOT:OKMYTH
14FjWDQYkNQXczRnB2BAAW6jQBkDnDtB86W4keob5NkNkjRE:17000000000000000000:OKDOT:OKMYTH
15yxpN8gz63rPFWPwzRocmMNsZNHByCQ1MYCgPNu7ibdEev7:17000000000000000000:OKDOT:OKMYTH
149uKTJ3n1WfZbq7sYPuJfdsZk2RLLQgvZdqmkU1a1PVGZx2:17000000000000000000:OKDOT:OKMYTH
1sQ4v39JCvxjahU9xzGDKFwHrjdzpf98wo5r2zuviUVQJ4w:17000000000000000000:OKDOT:OKMYTH
13d6nnLA9eHZMMKyY5fkjjxDhNLq2uni85A2ug9V8MGGarvo:17000000000000000000:OKDOT:OKMYTH
13VSYVPL91bWzkAFWkkonYf2Gim2it7DttNPAhShLceSxN6Q:17000000000000000000:OKDOT:OKMYTH
14actTdDGqS7viXc4XWUewwiZ4nvkTSSfhxQERQAg2VtsU3k:17000000000000000000:OKDOT:OKMYTH
1vjXYjtZaydtJiggHJsDc77rpyy7zbHjrY6KfzEdj22mz8u:17000000000000000000:OKDOT:OKMYTH
14DZvMqVb4sQJA474BaorHByBrhG9aT66hHDyRaqkdXTAmS9:17000000000000000000:OKDOT:OKMYTH
16d9Q3VxwsyC3Spd9SNVkNKDXiCNvkRfcu8MNAp2n4AH19rN:17000000000000000000:OKDOT:OKMYTH
14carXZymUXSwrtd3sUbg2Vy5JKndEwho5PTdgsXXFHq3WH:17000000000000000000:OKDOT:OKMYTH
1geGCBXsV8LGp38nijDXgxjFq4veccBPdmjhkr8E9YRxpR7:17000000000000000000:OKDOT:OKMYTH
14pDxuCHXdZRQYHaoBGhMYVNfFtXi2m5RykV74MWr1qCtYfd:17000000000000000000:OKDOT:OKMYTH
1HfbN1aMDX73wrpBhb5qfDyuadJMZKDpVNwdKHHpg8iS5qi:17000000000000000000:OKDOT:OKMYTH
14e3VCswP2XdaQJh9Yv9ucG6f3yypUdSegP3fxwbWwfnpqYi:17000000000000000000:OKDOT:OKMYTH
14g94SPHMLMYMxYzYSxVCMHtB97AfUNuKGrbF7pNNNxDfnqu:17000000000000000000:OKDOT:OKMYTH
13SijUsrmgrLTQ1C94hajU8Xi1JKzHgBXHTTq7BUybVjLW4h:17000000000000000000:OKDOT:OKMYTH
13it2pfErYVZGGSfRAN4sZgpexxxKusPStaqr9XS9TjTHsU9:17000000000000000000:OKDOT:OKMYTH
14ffXcPqdLd6Z5wdP5M6HJjo3BHAKD8rp2fXja81461Xa5h5:17000000000000000000:OKDOT:OKMYTH
1WauCgwFRRakeEKQ7upNCjqvZsV1JbtHUPrLek5DTRLUm9j:17000000000000000000:OKDOT:OKMYTH
1xTPVWUqQr4pnRUykeYFFYHZaDomGVd3uQJFh1hU2BwyWq1:17000000000000000000:OKDOT:OKMYTH
14wZKMGhBjsUzp8J2RUrdeQDYFHTWKJiTvmEPdtJAuMVEavQ:17000000000000000000:OKDOT:OKMYTH
13DyJyYNRcri8KKjoCK2kAme69HrAv6gdbJYJiY9toN9HeKK:17000000000000000000:OKDOT:OKMYTH
12cEUtvPDbEdNhwesj7EZ1JFU46i75eJM2VKLroMuyRTHGoP:17000000000000000000:OKDOT:OKMYTH
16Zq7zpVgBdVVszaTRf8fjZR81f9SabPrDRy8sMDrpHYh3bk:17000000000000000000:OKDOT:OKMYTH
14vWHUcURFJLRJUJsCpYk1ZFKPNKnh8pxDtEG1dQey4kcgqT:17000000000000000000:OKDOT:OKMYTH
13EsCWkrV4QP1LYAUMTLF6ZCSL5XJQUPtar72Xy2sfbMvnyW:17000000000000000000:OKDOT:OKMYTH
11wb1FuTPrnbbC34k6o76Kw35kML3uucT7MJ1aXjvyV8pgq:17000000000000000000:OKDOT:OKMYTH
16cCvv5jwwLTYjswP6F7atZwYuTi38wqzZrPQMwREhpmkqgX:17000000000000000000:OKDOT:OKMYTH
15PNgGc3nU6MLUMUF3fyNuLtVjTVXTCYUt2vmjoeJvWTGLmE:17000000000000000000:OKDOT:OKMYTH
13FBiVCntXg6Y75kT2eoYPSYgvPgB87CyDRqsBs3SMUDi8zf:17000000000000000000:OKDOT:OKMYTH
16Le1cdg7DZR1aMeFwRCzFycLNi8wRQC92w3yjE16berGVb1:17000000000000000000:OKDOT:OKMYTH
12EUGY94Whfg3UjtHhcKzGpAoqX5XkBxKtJobbzKyBnXV1uX:17000000000000000000:OKDOT:OKMYTH
16DUVgjLC8URgeHeLtHC2v6Z4LmzFq4jBow21yVKsfD196XN:17000000000000000000:OKDOT:OKMYTH
13HGhDAaKQXWKjApcsBo3TMRGvpYY7AQ4W52aErduV5gKCUA:17000000000000000000:OKDOT:OKMYTH
13iyH5EoSKrhCkRKgorDBsvC1Hf8xeapnuMZHkoCwyjvXGD2:17000000000000000000:OKDOT:OKMYTH
12HL96LoDtWePBkz1EEcDvjpyYj1YfUo9Qv6eaKgFwxJfDJx:17000000000000000000:OKDOT:OKMYTH
16JhEr68CAwEqyCEXV6Tue61X2JetoxfCyLZ4fdLanXFN1Eq:17000000000000000000:OKDOT:OKMYTH
13K28XArLhmawtBbtZ7P3iVkvGibbMuHSRf6zd7xkg7cEsFh:17000000000000000000:OKDOT:OKMYTH
16aAKkeJvwCdSxwh6VP7poe12rrKDQBb5SKXzJJyxVtrh3ti:17000000000000000000:OKDOT:OKMYTH
152aY6M1jX2xUfqU6S6ZkZHUMYdjkmFTaKpVAy3SkPveJx31:17000000000000000000:OKDOT:OKMYTH
12RKRZJYmXjxhfH23afWAhkvzWaRm6SJdiEeS6CcPsWjwkmc:17000000000000000000:OKDOT:OKMYTH
13DjqFk3eUq1r9Xkxhbmeeg954poyA8psCVZ3EZ4u8Wvsgyt:17000000000000000000:OKDOT:OKMYTH
12HTHgdx1wZpNfiV1av5UmfgeQaLPcUq2WGkyLBEspQdKbjL:17000000000000000000:OKDOT:OKMYTH
16VCR3NWdACQdTwyEWSxU7NBA49BSzZysUxA2PYrRSAyhzT9:17000000000000000000:OKDOT:OKMYTH
16J8oUTPw5TFS7Bf11xp936cWYmY5cEW8MEDYFGpWzC1XsKB:17000000000000000000:OKDOT:OKMYTH
13pbXeYHsjNPRiaYAYPwBTMJ8adE8ntfyYYCFR5i38yfc91H:17000000000000000000:OKDOT:OKMYTH
13YQsZggqDEuZ51srCf6QwFNDkBh973HNShDZjyif2dKcZSH:17000000000000000000:OKDOT:OKMYTH
162LxhFt4Hv4PZtzxXDvbE37nBATwVVb52Btm6krqBEtaHkH:17000000000000000000:OKDOT:OKMYTH
13uzdX11yZUr2nVnkgWxRhBGMEGoJBhqkbt4yqCpH3MGZfLq:17000000000000000000:OKDOT:OKMYTH
13RvZmq76C59vPKk8Eiec5NqN5pVQPj49KsWvijtBFsZwpQ6:17000000000000000000:OKDOT:OKMYTH
14yYuhGAna35dvFyjg895mcSDazWLM1BWoLukdViaKx8RWG4:17000000000000000000:OKDOT:OKMYTH
14timPdey1Z9f9LenAz2G5SabtEEMS3pU9sE4Q8LzTrmyHsq:17000000000000000000:OKDOT:OKMYTH
1eZQVBn4Cr5zzHrd4YqwYCEwF2k8i8YF7xJ5YW9P1BB4zig:17000000000000000000:OKDOT:OKMYTH
136VbkdN4Gotw2mPv82Rw3bhKFmxdXR9MNtitmjGucxA7qAw:17000000000000000000:OKDOT:OKMYTH
1TVo4XH4mTXaYGdvg6aXXoHH312YknnknksMi4UMPg5wgTS:17000000000000000000:OKDOT:OKMYTH
12NcGAJwMcuKn3Bm9rPhS1PRtwhc17nXHBUhmyqzq4CeqU92:17000000000000000000:OKDOT:OKMYTH
159GffBPLJEvABXV1AVHxUuMRhRx4H5NXGPac3P92CVe4eQN:17000000000000000000:OKDOT:OKMYTH
13toQZa3Pn3oFTpJfAvRvWN9USH6ZgUdebhma8PWw7vhzvs4:17000000000000000000:OKDOT:OKMYTH
1X3T3gN6RFg3aTvPNiMDxNWFBAWc6nFwWMmSJjoWbcTipGU:17000000000000000000:OKDOT:OKMYTH
13KF9ojcgnPu1849W49g4nadfMvcBYjaWwLrUvqDYLQYwtgf:17000000000000000000:OKDOT:OKMYTH
12dwRRqJ1EUPHTaZAeaUkdrxtLbPtQ7onR7oVjVrSgbzUXNP:17000000000000000000:OKDOT:OKMYTH
1348TG4aTeqYdnZTyf6c9Qwjhky2n8ZHRietk2TqnR92EPar:17000000000000000000:OKDOT:OKMYTH
146ViXome9ihAU1gXFKcJZn79ATkqK25LdJhvotHgpJpz9Z1:17000000000000000000:OKDOT:OKMYTH
13b2UWWSQCt24mk7PTPu9sP5drgympt2PnwC19eM8un7o2Ea:17000000000000000000:OKDOT:OKMYTH
167sBxqeTcPvk5uvApooctuz2DWFmrxAe2Brn3ceYD89xAS3:17000000000000000000:OKDOT:OKMYTH
132gReT5WhkNt9r1YHwui2QuDWY4Lc6mpNYSrLioV9YHxq21:17000000000000000000:OKDOT:OKMYTH
13VWS8kE7Y18DgqRWJY98HmRSt2qDpFjrRR9dh157Ui8YWiC:17000000000000000000:OKDOT:OKMYTH
12s9YMfaVm7jp1pJpk7Ncz1ho9gfh1tFq6pyn9oYWLZ9Eo6G:17000000000000000000:OKDOT:OKMYTH
128rmdpyVJuwwEVtLnkG6o3zdSpnFDCHeqBoPFrwuopnGcac:17000000000000000000:OKDOT:OKMYTH
13VzTgfjW4wVraQt1WS16NpEJSjieVetpxiNw4JpNZegVWNk:17000000000000000000:OKDOT:OKMYTH
1WmcGDfLdKWwLRwHWsdPNg96ni3bSRwsjnW1B9W1KmByHMu:17000000000000000000:OKDOT:OKMYTH
124Rq3rWymia6XxYgEiHukTN4wxheFDANZn3SSNJJvSCA946:17000000000000000000:OKDOT:OKMYTH
1L9NpVPQkBzYGpxh9twqMGCyXV6MTJ79jR3rjX9tJRyV3YH:17000000000000000000:OKDOT:OKMYTH
13wDV6dwLTiUz6QJTHcCdLtq6iuKnsnzEoBGE4ZVvg1yr9Zi:17000000000000000000:OKDOT:OKMYTH
15GUgZkaojS3F3xrDHCZFEiM8J2uLhzgAVLQUzoGh5CRv9q4:17000000000000000000:OKDOT:OKMYTH
136t1AuVajfiq6jsWf8XKGry5fmkXmnNVELPToNck31wbByP:17000000000000000000:OKDOT:OKMYTH
1hRFXMCjjg7fE7szF1jJDk9nW318EJdxjRRgSd4fVaDorbA:17000000000000000000:OKDOT:OKMYTH
13WVu4VvSxnvCABPf2zZyAbHxYQDesT4V9FfMRgmbsLJGPvV:17000000000000000000:OKDOT:OKMYTH
14Gt5bpCKWKZFWmGX3SQaMF4NvFx5hvVT3YCTt5NtPz3otRU:17000000000000000000:OKDOT:OKMYTH
148ESH7uFB36UxuUGCmmcHtcb7KDZo5CeGHHM96tm4chVcbC:17000000000000000000:OKDOT:OKMYTH
15S2xv2NafQ4EoNmLQ2uz1cv56qrBVBAoEuzoK7UatM2mjWo:17000000000000000000:OKDOT:OKMYTH
13xNP6aPoZqtupH9i6K7ZvDVk4FgNMTfX9gkjV8ygLeyFYtj:17000000000000000000:OKDOT:OKMYTH
1654ahVdUGBrDrm9JdJ2iLUXDyic9izcAzexoZtLDSsrxWtj:17000000000000000000:OKDOT:OKMYTH
15Q9cTjwoSzXxuGgvwnRx2KncUrZFPQnUSjGueuEVPyvt7vA:17000000000000000000:OKDOT:OKMYTH
14gPhTxviPjdLwXjykteL1gsDxoZxNUkuixEpYSW6xE8UJED:17000000000000000000:OKDOT:OKMYTH
13YZQR4RpcNpRnB5g5QtSiPdSjoQ6ixMWqkN7GgKyddY2nvX:17000000000000000000:OKDOT:OKMYTH
13xd2iVB3KVmkdzj9YAyNU7nemB5Q9mNQSQ9NJc9WyBWgFiL:17000000000000000000:OKDOT:OKMYTH
12gU3HL8SqfhYYRP6AYEV6CCgfidincHTxCZ83c4vSMWD3HA:17000000000000000000:OKDOT:OKMYTH
16J7smwC7GFTXtwBdNNPkF28KhXVY1awEEo7aQrqnHYYMGzW:17000000000000000000:OKDOT:OKMYTH
143TQcuMkRFS9HiSUUDPMyZHTaZgt6YJci1uUb6gwgAhcEtC:17000000000000000000:OKDOT:OKMYTH
12sbwNobGcJFiBNMgqsjrKDNvdqniVdSMf4XJ5yibSv7ZjpH:17000000000000000000:OKDOT:OKMYTH
14GnaKLRp7XVKtV6EhXy8KFxUAeX8eowCv17E178pchrdSru:17000000000000000000:OKDOT:OKMYTH
14E9PGHGZmhqoKBtnyja7A92R25f2TebqVMeSkQfEoTprYx4:17000000000000000000:OKDOT:OKMYTH
14575ab5AwNeHVEjvRFNdwQJuXjSkHFzHDTdo9rKbq8DBMEK:17000000000000000000:OKDOT:OKMYTH
15ohTKogjbYQ5oEepF6fS9qxFe6XeScSWpPj1RYuR4iX1pPg:17000000000000000000:OKDOT:OKMYTH
1GkiYQNYZT9Q9FqoR8eLs8chc9TqtiAbww5Kpi9U2pF4oB7:17000000000000000000:OKDOT:OKMYTH
13QEmrZBU8P3ZQKtTxyh3qh55HTB1ZkQEjBeEbybBvh2dhzh:17000000000000000000:OKDOT:OKMYTH
145y6CUVdiUugYs6i8zEvUhq54jJiKn4g6yGUR8j5ALEetss:17000000000000000000:OKDOT:OKMYTH
14YYRSFyQaTFRPXQwqLQ1AbKWefxGXscqo47A2D4HbmJVLnD:17000000000000000000:OKDOT:OKMYTH
14qc6SGjeMuhSYEBatMet99LhbfVwTP7Lj8aruveaTGmUGM:17000000000000000000:OKDOT:OKMYTH
148udUyoYeHjF7GmrZ3DRhysLNVJmY3bwFXmVz7v4iSqXZSV:17000000000000000000:OKDOT:OKMYTH
145ZjrxzFMWABBMoh2DsjvLvHthg87DCQzFFecTUKa8pBaZY:17000000000000000000:OKDOT:OKMYTH
1ETKqTNCwjycxiXFs4tEvouVkvyouwAcmbA1m7bpVvvPjiD:17000000000000000000:OKDOT:OKMYTH
12BQ3eZEJoEhmF4qxtFoAR1ZVP2tASxGcKXhkMYusFC9Ktmb:17000000000000000000:OKDOT:OKMYTH
14fULv9FBJPZkvWqZRDDMKsHU3pcKXpSk94HEDGHYGtYSKio:17000000000000000000:OKDOT:OKMYTH
146cD9tXGnj7gn6shTyRW9AcSzCbtazQSwBuNesz6xPLKTb:17000000000000000000:OKDOT:OKMYTH
16Zesba4NtpW16tdZ7t95phgybfevtMsh3aNVrRf2wA1MNf3:17000000000000000000:OKDOT:OKMYTH
129TowMb9mkMSqAjMD11WCxjcwQFFTNVBn8tbZUbJk1dRosB:17000000000000000000:OKDOT:OKMYTH
133piSacj8N1Y6aMhzL9Pe2Pqf8qQ7hLgHvJQKbpbSy9dMJr:17000000000000000000:OKDOT:OKMYTH
146MEN1otFVaPEMy3euCyw7zSgpJ9soz94ezQpB7LjcowRnB:17000000000000000000:OKDOT:OKMYTH
16m6NACuGCt2cwX3ZQtyvAb1CYXMPgXTWPC5oiiy5t2ZRWPy:17000000000000000000:OKDOT:OKMYTH
12sUsUgh9W2gPmaVPQUqzBYhX1sv1Ds2wiArSvzTPA91Gy1R:17000000000000000000:OKDOT:OKMYTH
1EUw3LZMsigiqbWG2TmdDtL9B78V5n8pnT6LNXccRLNeihD:17000000000000000000:OKDOT:OKMYTH
12Y647cYA3PQbZhqhUQ6EJTq5W7vbRXdCnRaFGtP55DKhCXG:17000000000000000000:OKDOT:OKMYTH
15SzxVc8B3AbFcePMXZaMAoTuE8c7bUnAwQPWpC2CVN4HBbj:17000000000000000000:OKDOT:OKMYTH
13Qs2hJZqL8GpHcUEms7buQDVvMN6X5YBvzgynBfEuNbfvWP:17000000000000000000:OKDOT:OKMYTH
15tgyvrw2beGK5S3udiJNitWubQaALp5QgUwBF7CdGssXqnC:17000000000000000000:OKDOT:OKMYTH
14aa43Uw86o3VZbikWqZcfVzKagU1g6VKBLjukmLDiU46tdb:17000000000000000000:OKDOT:OKMYTH
15onZDUGDGyTuxeYHDZ4tgH2raMv2xatA848atrPCjLiHx2n:17000000000000000000:OKDOT:OKMYTH
12H46V4ZX5dWppy8Vq3Bsph65AQAFQZgce8h7tU9LF7edYv6:17000000000000000000:OKDOT:OKMYTH
124b3xhpdGdUMmngUFWrzSN1XbPmQBdRCQmxwZqPMWUqr4sG:17000000000000000000:OKDOT:OKMYTH
14BDsQwxGaaJahjo11vkGwNjGKANTBw6pDWDezMsSrutiCkP:17000000000000000000:OKDOT:OKMYTH
19vwBG5mGTo5XrnxMrkV1zjJDcCNuFUUwNvMaswPzjYHsqX:17000000000000000000:OKDOT:OKMYTH
14W17Ymrdg31tiwXpq4KLTm7n1FGmpjRLhqpZXMd95kTX6Sd:17000000000000000000:OKDOT:OKMYTH
142wDGPV5M46sma2xuhofoAxuzAougKfdyVWzjk6m8rSyTtk:17000000000000000000:OKDOT:OKMYTH
12W8cQVXtnmrVkwXzUofhfGJ4tc7jzWVJ4rtvuHqi4oQv2gN:17000000000000000000:OKDOT:OKMYTH
13zV9EPoS46Fsxbk7p8aFpS9C95cFtLmaRRswJ3NooU9Vb1L:17000000000000000000:OKDOT:OKMYTH
15QLKiFqFWjnE18cbZiDNsnLyVNz6GBHXYmTLkFVv4PccLAH:17000000000000000000:OKDOT:OKMYTH
12mMMLoENu9zK1X6qbxRb2VRYAh3Xa63ybrNVDRiNQXG17Uu:17000000000000000000:OKDOT:OKMYTH
14BUsgwxdKE6nvQB37KMPNVPVXmnYSVYeAevap3uyWt9m3YH:17000000000000000000:OKDOT:OKMYTH
13dKGNmvQ8Y4PHZRBGN1zmUgoWgymL4RimXrdzEZCT8sMvmP:17000000000000000000:OKDOT:OKMYTH
16agPVpEikHmP6yo5yUfjNmZJVQMzUw1dduUfiiUFtZhNP1M:17000000000000000000:OKDOT:OKMYTH
13mGDSBpSefR8UF7eYdQEPbowfXMBDhtApGCcgYgk73Nai53:17000000000000000000:OKDOT:OKMYTH
14dLqQ4LdcRRTR2RziN3NYGaCWCpA7R271nffFVU17RHy7Tx:17000000000000000000:OKDOT:OKMYTH
16SfNuUjpSEtGJkdEdyPjL1VBHWKUNjXBvvj5eZgBRuDjYtg:17000000000000000000:OKDOT:OKMYTH
1277YvyByerVey2fXYddfYrhrk8tSZ2GHGUUrk2KcAihP2D7:17000000000000000000:OKDOT:OKMYTH
13KXgGax7cvMynR1zVxRQrg7nqqcvvQh8BgRJpCCTqr3ma4F:17000000000000000000:OKDOT:OKMYTH
14E77obUmctuNtcurqnKHR5pzYseGHUmmjCNcHJPZ3apNbzP:17000000000000000000:OKDOT:OKMYTH
15Vtzw6Wq1qj8RVnXUhW6W83Uob3GpcbREux7fuHcoyx3rQp:17000000000000000000:OKDOT:OKMYTH
13R8mKG9DKtYZpruXaucDZt9Mpeb3DATXNyVsKQEnxNCcF46:17000000000000000000:OKDOT:OKMYTH
1212jBfWsnfuoP4HiKQPsPYbf9DX3Dc6tsTg6PhgYBuGH73G:17000000000000000000:OKDOT:OKMYTH
14fbU3rwF3ShW9qm1hJggXX36eqn7E8UkfkzpLsX7ADwR5Pn:17000000000000000000:OKDOT:OKMYTH
16Dn85xBkn65wKfqVy58EwbbJoWWeufxQ2egiyup2HCYgCXf:17000000000000000000:OKDOT:OKMYTH
1LewXNM8Lc4fD4jCX2CBuDMoeXW1kBYt9e95PbX9F6Q65mH:17000000000000000000:OKDOT:OKMYTH
1kEBCGGrH7DqivVnj3vTZonYUHjh3yWyzPYSgyXsJAsA9xi:17000000000000000000:OKDOT:OKMYTH
14geBWmfs6XspNPM8826wCNa1A3aYL2MDf1jKzDCEc8xiWtx:17000000000000000000:OKDOT:OKMYTH
133mAJPUvEy3wjxHQsCYjfpnPot63Qr82mhofrmXXQk6t48d:17000000000000000000:OKDOT:OKMYTH
14aWp7aamGf3nC2qyY6jCmX2UPCxBHdfQvJTm85HJ92sWXDX:17000000000000000000:OKDOT:OKMYTH
1t1nLQ8uGwjNoEWwsoQbwVKWipvxFPSK98RnDUCJrj5JrVY:17000000000000000000:OKDOT:OKMYTH
14itCdqAFHXBAMpiw7esGTtwifnzC6GgpgQtdC3PqsZYRnf8:17000000000000000000:OKDOT:OKMYTH
16MJ4UZTJ2NVw7FtQspNcW9kVRt1poDqHjWp1WjF54xqpvwE:17000000000000000000:OKDOT:OKMYTH
13uzVEfP1Etrjd8F3tGc6KApSNLL8uiAGtBKHMWcMHMfCMxF:17000000000000000000:OKDOT:OKMYTH
13Bkj3HpqaYsRFq6FU2tr3GB7Dm7Cz8PPPrj1q5rsd5Aw4oT:17000000000000000000:OKDOT:OKMYTH
12V95sMfiddWCnRBffy7ZZhVNMWiWMDVfCDqJND2AfQxfgqx:17000000000000000000:OKDOT:OKMYTH
19qc81YjwfTjs9K5DX6Cs3yhDkKqpwCG5p7CUizwuCehFzU:17000000000000000000:OKDOT:OKMYTH
13NCLd3foNpsv1huPDzvvfyKh37NEEkGFotZnP52CTR98YFJ:236000000000000000000:OKDOT:OKMYTH
