14915vXJ4BPbtLmD6sWYFk7FP7fHuLdVDs2g8hErCHyNhySv:17000000000000000000:OKDOT:CHECKMYTH
12b1TmW77G3SC5nQwvwT7kA2tTMknduvLwfwhdxHEgqr4jCn:17000000000000000000:OKDOT:CHECKMYTH
13MrVnDCyyhSxmYaHhfqxLR7axRB1VDvjC2fNgxE2pKkTLk8:17000000000000000000:OKDOT:CHECKMYTH
14af2kyjJ4gZ1gKWZA8pouUVi9NbTFrjGaW5RhLEPKv5CNRH:17000000000000000000:OKDOT:CHECKMYTH
146xH7TvkXLcGLt4fSnAZtQHem8JXSe4fNUNzofL4XKKhK1i:17000000000000000000:OKDOT:CHECKMYTH
13RGDdPp4TjyeRi3tarEPNRZmewG4ztrt4iwUyWva1Y9RRon:17000000000000000000:OKDOT:CHECKMYTH
13nwx1gmYNXxpRHEV2NE8ZY1Jo3ivUAGeB1aebxEUCamZCFz:17000000000000000000:OKDOT:CHECKMYTH
149j2385oogiBpNMRn61dTEQNwU68rrwfXgRncT44n7grF5t:17000000000000000000:OKDOT:CHECKMYTH
131WsrTyB7XEtaihYMVh2x4cJmETMgLfFY7fBAVE5V79u8hQ:17000000000000000000:OKDOT:CHECKMYTH
13MXK5xZedHRwm5ZJaPrLeuiTphBhLjmRAj9XBEYrduWwieB:17000000000000000000:OKDOT:CHECKMYTH
13p7pe751ugJtBL4ZrW9KdLNdYEsadibYKH4XjfCwMJB5fVT:17000000000000000000:OKDOT:CHECKMYTH
145W8vd2h4rCSPput3Jj2QbRGCHApiLbuJjBKEovpKF1J9bL:17000000000000000000:OKDOT:CHECKMYTH
133kzrXuUwJkScPvcg23pR1kyaNc2dkHTj8DkUWss3VMrY3i:17000000000000000000:OKDOT:CHECKMYTH
14gaRwUfmSxT15Sx3QvJdrxuNai7UKvYg1652Pdotizmgj4:17000000000000000000:OKDOT:CHECKMYTH
13se7dY3ExBpN9PmoTsFsGdfoZJG5Jcgnx1k4DBWCh4q3Ho5:17000000000000000000:OKDOT:CHECKMYTH
145ciucdEE4iLic9LT1DF8bmFZYd8NKUHhHcwht4298bgCg1:17000000000000000000:OKDOT:CHECKMYTH
13YEbMUvas4DE5N4kANGJ4CNC5qRYMrQwVh8naRpRshomaUV:17000000000000000000:OKDOT:CHECKMYTH
146bopi27pRUDvJP3hi74bcALMge8rSxvtmuQmCMLvx4tRa4:17000000000000000000:OKDOT:CHECKMYTH
13SJ5wthvJhd8VAfrLh9Q3KUUVbgZ6kvvAjXm8Zpc5WuSA2D:17000000000000000000:OKDOT:CHECKMYTH
144qRQbg6WSWzhx5raxJMyt29HJxEAWeZZ63NfzcgMRYZGUs:17000000000000000000:OKDOT:CHECKMYTH
13xhV1VaeJM14vHXhmv3U7XqytWD11W7oQKiYwbutB26FGXq:17000000000000000000:OKDOT:CHECKMYTH
16eutbHNK5y87N3WQZZzV1zpbHGyuMzCpXDhCmf5jemUBsiu:17000000000000000000:OKDOT:CHECKMYTH
13uSihQDgfsL8AbpFM8ajMJanzJe5M1YW6WG5PkhdYwRtupv:17000000000000000000:OKDOT:CHECKMYTH
137dcKWLAtEXhQ75bkSC9RzFNn8SVsgUJ9tn1SecwmmFLjo6:17000000000000000000:OKDOT:CHECKMYTH
13x6pigMLCzYbgc6Mof4iPS9B2sbt2Nk72FKeBsDbSremjpo:17000000000000000000:OKDOT:CHECKMYTH
16f9ouEnCQbGsGR7CGdFgjpbA5v1P71YXwop8F1YM58SkdVc:17000000000000000000:OKDOT:CHECKMYTH
13vSvXSeKyLGhG3qazTgucLgaju2mNPQFf7gEjMDuqYtjpmv:17000000000000000000:OKDOT:CHECKMYTH
13EWPQ17GJTdBvA4FoAgq9mf8nwsH4cpahjn7fuAG3Xed72q:17000000000000000000:OKDOT:CHECKMYTH
13wpQUZzzC2QPYrdbyjwtuxaL1zUhyigKRh2yN8rMPa9X4Db:17000000000000000000:OKDOT:CHECKMYTH
1UMEEEz9ydxgRPYwZeTncNjr3RSDAQLeXQzs4povVLkFq3C:17000000000000000000:OKDOT:CHECKMYTH
13WWedXPTnigZKFvb2JHqwLPZujzxuuVwZwaF2VA4j3f8FnP:17000000000000000000:OKDOT:CHECKMYTH
136ZJZx1yw5L79XHfdodejKbd1gm1SwMVb6JQqAfU3X7NJ2T:17000000000000000000:OKDOT:CHECKMYTH
13uoerGX4ZouZ2X56HXwTw1S7H4Yhk9bErsoR9ZZE1XJQRmb:17000000000000000000:OKDOT:CHECKMYTH
14zykzG4dyMao59hoZZMRmTbBr1Ax11uCCLSMfcTSzcdSN9c:17000000000000000000:OKDOT:CHECKMYTH
13YLr9dBK7d71MEK8QGvYEUqZ9HBrxcXtBeB2M2nc8R4FKNw:17000000000000000000:OKDOT:CHECKMYTH
13FbeR3rHNcAabQrBcWKaRvSRtuTAmTZZjwwueUKiF2Q5sN:17000000000000000000:OKDOT:CHECKMYTH
13UntdErue56avz9HdJ8ANTkpGm7oSXN2qnZZ17wU6RfeidG:17000000000000000000:OKDOT:CHECKMYTH
13ukZYJd7NRRZTDNq21tiM72bjJ8YQiba5XeUdGrLCgp8Bwn:17000000000000000000:OKDOT:CHECKMYTH
144s96oNoHipfumLn6Y8mBcpfsVEdyvqE23xwbDzMfZZhAnH:17000000000000000000:OKDOT:CHECKMYTH
13FFEYYGrPQBFZFLo3pf6CmbF1GkgV3Wy1BkN7cZ4qGXWJwV:17000000000000000000:OKDOT:CHECKMYTH
13uj1nUUWMTAfQx6uRrHFbH93ZTsJ4ohbrNxihjeNwHJDKnf:17000000000000000000:OKDOT:CHECKMYTH
15D7gJSk7QK692guF16oHJQZD7mQ3D78NSctxFLvc84eZCSk:17000000000000000000:OKDOT:CHECKMYTH
1462THLiqs5dH4HkbKFqaZBodEixzwr2AkuXa4UmGb2qBHDn:17000000000000000000:OKDOT:CHECKMYTH
13fjt5HxFnQqBNTpt85xYDVrS7auvMv6ruvHr4Bv6AWbRm6e:17000000000000000000:NEEDED:CHECKMYTH
13u5zaPTzpRWKKVGhV237ybBLuH5UirBXt3rgNMcHDfz8UaL:17000000000000000000:OKDOT:CHECKMYTH
16ScgchdcAAExMCt1CVZmNKijpK4cboPYrMDte4u7aND7feN:17000000000000000000:OKDOT:CHECKMYTH
147S6b3N3Ms198XbEFsPEzyTLTuQuB4qnpS4ZJpYRjU6Ywa3:17000000000000000000:OKDOT:CHECKMYTH
13FqcwQ2bA3dZX1xuKCdXJryMSNbqmpA75Yv5BvBzPRF3o1W:17000000000000000000:OKDOT:CHECKMYTH
13GzSpoVgmHkEHAYwf8JMFga4bYj97opWByxeG1sEj9Tuo2e:17000000000000000000:OKDOT:CHECKMYTH
133yubBqjGHb249tJ8V53PzntWuMFo7FbbMvmsHFJPrP4xg9:17000000000000000000:OKDOT:CHECKMYTH
14A1qPKr8if6s4TUAuyJ1dZvHgrgu7s5BbbFhS2We2XkAYYM:17000000000000000000:OKDOT:CHECKMYTH
12zeY4k9UpL7quPUpwyMzfCFF28YvwMzDuzWLz5Az8Ko1Dar:17000000000000000000:OKDOT:CHECKMYTH
13SUqkEZ6L7VjmBhwwP9iJeoK2yn2AVQGr1EuysGaNfh2TJ3:17000000000000000000:OKDOT:CHECKMYTH
13urTj2o1zArvYKNMzZaow5rGrjRxkFNSSwpr4Y3J1WqFbqH:17000000000000000000:OKDOT:CHECKMYTH
14a2tzFzmT4LzeqNoNkfJBZWzq8kC18subBHPLeavvBta5QW:17000000000000000000:OKDOT:CHECKMYTH
13i2JuNurJg5MuMtQsAuxK3wz2puSbUe9nw75XRQ8rxmHuP1:17000000000000000000:OKDOT:CHECKMYTH
13s6B43p4dz4534pmKFuQesKEascLGa6HtgNB7oErGn8Wjpu:17000000000000000000:OKDOT:CHECKMYTH
13SxuyVRva9fRKk4iLc9spJ2X9zw6okArNQw5LhVbJXCxTKY:17000000000000000000:OKDOT:CHECKMYTH
14aBrqohtRh3WxeUNSxv2R6uX8MPpgeQwUotv7KmX8CL6vNq:17000000000000000000:OKDOT:CHECKMYTH
13ksLVXhJz3o3WRLY11FojVbZruhQqB2GekwGvc3Ap5mcL6:17000000000000000000:OKDOT:CHECKMYTH
13rA6jJmPAonpRSoaBVPtHasptWEC3gKMxaTHWmFjYphkXvy:17000000000000000000:OKDOT:CHECKMYTH
13mLzBKd7E5oHvtzw1izwDET5iRRQa3cjuh82P8sj6weS8kp:17000000000000000000:OKDOT:CHECKMYTH
14BjgQtnZ4yKjwc53SQ1GKdhhmFULJLBBf9vHRBXibjuqkmk:17000000000000000000:OKDOT:CHECKMYTH
13NhR2prMDykNCJ42MNuQjR9JZiktUL6z7nyD7XXgB1PGRZg:17000000000000000000:OKDOT:CHECKMYTH
13HoekwJ7hNtpmkgPuUREetk4T2bffXD66bLWB6XU7qL1izF:17000000000000000000:OKDOT:CHECKMYTH
13LPUyh4hMKSqgKhbk6pX2qxdYdbanA97XEBB6SyXr2KMqRz:17000000000000000000:OKDOT:CHECKMYTH
14DVnPBReygdcxjsx52Fo3FE6q4WUsVSkVNcn4xVVD4vJVea:17000000000000000000:OKDOT:CHECKMYTH
13nu2vZBfuRnQg8wjeK4sWgebi8KGLL2x6djP8tQo9abF5n9:17000000000000000000:OKDOT:CHECKMYTH
13JqAoSQx27jbkvT8MGifPFE4pLetjywTQtxe3zmKZBvigys:17000000000000000000:OKDOT:CHECKMYTH
13KP7Jqz4yBAWuKCL4TAdkJkSdnuTrpK8biqiyNcmeEqnFPP:17000000000000000000:OKDOT:CHECKMYTH
14eFJSNnELxjvpHND7dHw4YwE1j38shAQEQi8ZRZLgJQirEm:17000000000000000000:OKDOT:CHECKMYTH
13ppPUYjqVkFNB2LyNGMEJow9nvbgBMMupTkZAwC53AzPRZ1:17000000000000000000:OKDOT:CHECKMYTH
13ovfMxkqtTV5P87aofiyQ3mkzkbm7Uc2BdB36TcoiqtkLk4:17000000000000000000:OKDOT:CHECKMYTH
13jgBNBrWE33LVTvkwVPdpmNY8ZnD9UTTgVceNhrX21UUgbh:17000000000000000000:OKDOT:CHECKMYTH
14ekNLVLCMBBJaC7m8a1WrWrZCPZkin7YffFVMnNicLMLn8a:17000000000000000000:OKDOT:CHECKMYTH
12tcr8ym1N6Avr51AJ9ihRFgNmXJaJwZoWvaq5WykRFBNkXp:17000000000000000000:OKDOT:CHECKMYTH
13opYV54FH1BkJEg1tnGfmtY17ybkmsWGDm7QKkUjhUfWMhN:17000000000000000000:OKDOT:CHECKMYTH
13h1B5XipvJPhiprCqvdCWwkWcYVyPNC3EWUm6MzRaEVSqBq:17000000000000000000:OKDOT:CHECKMYTH
14YmUYdkWY2sKZjmKa8VxSnxJCT3MBe73725TYWFUWrRm9Bu:17000000000000000000:OKDOT:CHECKMYTH
13PyRwg6wzgBZ9sF7ynq9MRp6TgeFPUNt5xrMyVPRisa6kUW:17000000000000000000:OKDOT:CHECKMYTH
13Nwja83UWu15SZnRotSc6kJraeTLZF3nEMmFSzjhjkcsav1:17000000000000000000:OKDOT:CHECKMYTH
13GMCXB6f9EMxFvvs4A4jWZ5igDpsA5BraJSFaSE8KxnLosK:17000000000000000000:OKDOT:CHECKMYTH
14mkyePX32jHG1nG4Bo9z1n7VfWGu227Gqs6q5AzbBVUrr2c:17000000000000000000:OKDOT:CHECKMYTH
12q3PHqrsWcgnMQckaoHvNWigQgp6wRaeSLErxTLeHkbxJGq:17000000000000000000:OKDOT:CHECKMYTH
13NW9L5WxRiv2nJ4FTtK9WpNWtRdTjPYhxMyUNBvWyusfhX1:17000000000000000000:OKDOT:CHECKMYTH
13d6YmLdXHKdhf7ZbycPD5p1qTJrt5T3JpKE9kR1LJiE8pq6:17000000000000000000:OKDOT:CHECKMYTH
1C1SWuSFgoCxgeTxjhmk8v1YwtUBoN8krd8zUKFRALTyZPL:17000000000000000000:OKDOT:CHECKMYTH
12pidYzcUwVih3rDYmQNLci9tq5wHLPEo4crdgTuzNKtkKui:17000000000000000000:OKDOT:CHECKMYTH
13MmGGZEgh82aYjMpqx4YWpWycY14h1h7hmYCv9JUZsM4NGR:17000000000000000000:OKDOT:CHECKMYTH
13cAsRyPWLEGwByUbrX5TbcKErUUpbYiUehbQJuuQdgpaehy:17000000000000000000:OKDOT:CHECKMYTH
13AzQWRgZGxLTRoU75gQDSGihMnFKyn9SoNBKW7a3FAJx3kH:17000000000000000000:OKDOT:CHECKMYTH
13RodsSezBXwXfgAZhFF3jY2pVu8mAFYuH67WmCuthXwEx8P:17000000000000000000:OKDOT:CHECKMYTH
13Lqjj5HXjuyecUNduXVkG94cab6mbZgGXDq8UB3NKjuZo9X:17000000000000000000:OKDOT:CHECKMYTH
13c1QDF8y9Ep3gFZRcrB4Hoi2qnE9Xx6ZdG8ecVppCpNrnQX:17000000000000000000:OKDOT:CHECKMYTH
13QVTPdjcgUbSPtRtp8P8mp66rBnZLmsTEBmDQBMo5QCRVKp:17000000000000000000:OKDOT:CHECKMYTH
13rqAuKqVozx8UqLzFiY3WWUtWaTNMPwrbm8e8sZuXtyBDcr:17000000000000000000:OKDOT:CHECKMYTH
16GDjjQF1XjMPQxW8EuSb4urjyVnoXWXPawkSB1ZPNs8nB5e:17000000000000000000:OKDOT:CHECKMYTH
13Awvq4qu6j5LsFhdNLPuJiZNVVj1NWuL5GpzK8tDjMj6i8G:17000000000000000000:OKDOT:CHECKMYTH
14hQ53LKPrPH4mdeY4u32aqKPTCo9Gvs41JxDZikJCLL1nYL:17000000000000000000:OKDOT:CHECKMYTH
13SaESkryUFvGYkgunpfyGcBexriac7aE6xcUQRi6yUwtdf1:17000000000000000000:OKDOT:CHECKMYTH
15j7p4CMeKAJSDjECbxisnHu8eLDJGfeWeKWRbxx5xDQPYrM:17000000000000000000:OKDOT:CHECKMYTH
13AKBbRzBSUhP6K2TUfJB1hUtdBbvcEmohKzHssjuzuue5p6:17000000000000000000:OKDOT:CHECKMYTH
12CBokBNZa3mFgydKAvLzrrf8Yjq3V1ksA3bPHeke8gQJUD5:17000000000000000000:OKDOT:CHECKMYTH
13sB1ctRgCCv5ixw9VgxJijSyJHsNPChtWZJ8eKEcqeLWK28:17000000000000000000:OKDOT:CHECKMYTH
12VuUjZfXuw7u79iYpSBGao1cSj2QRWxxJK4c6cfptxjo4Db:17000000000000000000:OKDOT:CHECKMYTH
138akxojKXfd7ZfmWV1ghBqgeXuCYcXuwZD2q6xGC47FyNHg:17000000000000000000:OKDOT:CHECKMYTH
1jSyrEX611Lvo7c8MEFxyxou3fX1cvGQ9gTd3w3RW7jpoym:17000000000000000000:OKDOT:CHECKMYTH
13sp8PDwBkuUfKhd9BTADAXr1EWE2rzwWfQ8cYePJoMvKET5:17000000000000000000:OKDOT:CHECKMYTH
15J8EiGCH8NnGQmvrzqBRCPNPJ3iZaW91Fj5sW5VQkyXZDD9:17000000000000000000:OKDOT:CHECKMYTH
132vsyqERR67wfKtDA1jfPbVaJofWu68Nx1gaK9SB5azNcDM:17000000000000000000:OKDOT:CHECKMYTH
133kcDvaEyPCN4LgaP8dcLbExstTHUCo2YqDgUnsWgG4AS8v:17000000000000000000:OKDOT:CHECKMYTH
13unmJm4yBZn12rFXQjV1pirJQbYc6EzzxrYBcSxYcN31NsF:17000000000000000000:OKDOT:CHECKMYTH
16ZdsxHv8orFRjmqy3tCXJMD4gpuVpD3YPcDQRnK3cddbbHH:17000000000000000000:OKDOT:CHECKMYTH
12zjnX1BkKwtGS4QkoYdTkygEMsWMqvLs3c3d1TZHc98iV63:17000000000000000000:OKDOT:CHECKMYTH
1psYXqgBBAxVXM1ASuk6dWghLsqDXZVePnqb3a6z4d3TFwK:17000000000000000000:OKDOT:CHECKMYTH
12p2mry9kBdvLe1FjNGHcuMDFjWnvAXucQ9oQe42dCx5C8gb:17000000000000000000:OKDOT:CHECKMYTH
1LRRD27U5ncZo5BtWi4mVP4cgWhuZwhCaRVcQaixR43xSxN:17000000000000000000:OKDOT:CHECKMYTH
15S5cy58nGaQ5MWUpJUJ9TnZGrnGaDbWFrt44DEgThEjnKFV:17000000000000000000:OKDOT:CHECKMYTH
12EN4qSRY7GJCsXmyYJZ1iyqyXswntjMzoDyLH9qxu1Xhd8j:17000000000000000000:OKDOT:CHECKMYTH
12nv4Rs9yManVeWbsUKmYFyjBb2qTR9MuxavsNyTUdMVoqzL:17000000000000000000:OKDOT:CHECKMYTH
13dmxkbJpJk89zKumBFRvPLhPbPH1Eh4PnjjipdG5rJAeKCx:17000000000000000000:OKDOT:CHECKMYTH
12yZAxhaCg5USp9S5as7konMpz6bCE8dr9mFwsLPaNFpzM8x:17000000000000000000:OKDOT:CHECKMYTH
14ieQmv4ZBzn7yCMeghHcJbSuHVwmPurt9vqGqQFT9sJHf8t:17000000000000000000:OKDOT:CHECKMYTH
12NPLY2ztaSTT8otwVWLVMz4YTZsHgjTYKb6LMnb1zXBnoJZ:17000000000000000000:OKDOT:CHECKMYTH
13KHVE1QGy5j3rR8otuktmrzUCa1X7vfPqmuJhPhjMj8Ku2m:17000000000000000000:OKDOT:CHECKMYTH
12YKWf6CQPgJ6ZefHGGzrK1japn9RKJYTvcUNpPQX6fqh8SD:17000000000000000000:OKDOT:CHECKMYTH
12GdhY4TLJUNQKpTyQqH5gDVELS5aGvfE4nJ8XiKHw5XLwyv:17000000000000000000:OKDOT:CHECKMYTH
13WB8fJySofoBbuvoe7jXQ6CymbzByFKmYS6jcztnwxcyYLM:17000000000000000000:OKDOT:CHECKMYTH
12VtawNJrFdtzz7hbUWK38LWxwvzmfqKuNcRzuyHYGDyL1Zw:17000000000000000000:OKDOT:CHECKMYTH
12xJM1m1tRgM68g5cfZJcARwbqj5z96oeeAhL1R32BneTT4Q:17000000000000000000:OKDOT:CHECKMYTH
15mascM3oCECdTB4HdLXtgcYwQxaSjd2DkXm9fshUEpQp21E:17000000000000000000:OKDOT:CHECKMYTH
13Xcq7Vv5sEtRfJoBLo922ycZzVQBTgRc7raAuGsQVs4xK3w:17000000000000000000:OKDOT:CHECKMYTH
15Xdv1zMqC87Zj6NtG3vryxAkm58CsZBWQUsZxuoQwNQr6iS:17000000000000000000:OKDOT:CHECKMYTH
12UufoMRBzHDGuQvZk9wLVSxgTSmcApnnQvUD8Cn1p6AH1zE:17000000000000000000:OKDOT:CHECKMYTH
164ximiv6DGsXaUR4qQbcrD7zqdBooQHf517gcipAKxrnZZt:17000000000000000000:OKDOT:CHECKMYTH
13XPKew9biF7mDjtw58PrTLUqzV5QyRpou99Xh14W5FM9KYJ:17000000000000000000:OKDOT:CHECKMYTH
14xGYafbLtsFR7B72Qp94AncvPiTUwkWSzordque7XjNSHgs:17000000000000000000:OKDOT:CHECKMYTH
12QmXuwZxy3AN4qGbaU4Umswy9f56k447UyzAPveiZSbVekt:17000000000000000000:OKDOT:CHECKMYTH
16PNbpe3okDVFsmCzmXKDN4jQdsjdYGJuUBhGZ3i9p3P3HYT:17000000000000000000:OKDOT:CHECKMYTH
13Xu78Yz7q21c6RWd11GZyP2mPtfn61HYhVctBn95724rPPV:17000000000000000000:OKDOT:CHECKMYTH
15fm1tZJsSkp3zqtvXWBL8MuA1gfp9HFufDZ2ry1UWV4cxJJ:17000000000000000000:OKDOT:CHECKMYTH
12pDoQrY1AUFAadoxXJoXRSXCmg3ypiAGYih8TUPmciEnvGf:17000000000000000000:OKDOT:CHECKMYTH
14pPkbAUXQ6GujAz4W8v4Aw73oHsy3R32UytN4sYF8ieBVoC:17000000000000000000:OKDOT:CHECKMYTH
12Mi2Yv4FPiv246LAu4qMP9cEJgCcDNt4i4KBMMtLoQzwzvE:17000000000000000000:OKDOT:CHECKMYTH
1zksicPJ1uD2zSwzXbMbXSkvtayQYLcXcsRt5kvn1U8e37d:17000000000000000000:OKDOT:CHECKMYTH
12PDKThtooZ9FUjnEPCo3YvDfbiXpN72ddYgYTKYTB4YoYHq:17000000000000000000:OKDOT:CHECKMYTH
12GmobboxW6Rhf2reyJJMkhkHALWVTDv2eJhSmCAkggsCM1k:17000000000000000000:OKDOT:CHECKMYTH
141JNbfxSMEByqnE5EQRmCsZSLoYaZ987UttZTkNYfK6PVXH:17000000000000000000:OKDOT:CHECKMYTH
125UGWKrFC3yfT1RrvQNiXB99MhxJtfK2JK9x9DhYuTXpNYz:17000000000000000000:OKDOT:CHECKMYTH
12o3FaVFau3wZ5NkLgZDs3uqo3rNPfhD4CM2eK53kjZVKrbw:17000000000000000000:OKDOT:CHECKMYTH
12MtfTkWxCV6ekoFiEnGQxffs96zaCqr3hrikhSNu1S9YMK2:17000000000000000000:OKDOT:CHECKMYTH
12Lubg3JASmpVcHu9Ce8rbnAZ28kupRUagKNozXjpMiAnfUd:17000000000000000000:OKDOT:CHECKMYTH
13xJh8UqPXiSvs3imB2nCNApG1cQ4soYwNf9jngCm4DLikf5:17000000000000000000:OKDOT:CHECKMYTH
12NByVBGJ2toXy3sySRc5K4yNbAym2fafQ6tbXXKTtGGHt1c:17000000000000000000:OKDOT:CHECKMYTH
13TdfUti9ThG4qC9Lut8irHy8PsQnPChFUbsmXoiFhqdcJS7:17000000000000000000:OKDOT:CHECKMYTH
12KyKXc3NtAudB4TSYf183Lvb2G6MMonAUF1geUJx2YH7Vkq:17000000000000000000:OKDOT:CHECKMYTH
1nkFor2tXH3LXWVfVYNvkuBj6c54YahksK2ieZRQpm5FEAQ:17000000000000000000:OKDOT:CHECKMYTH
12LkBX1p14LMKvKyb9Qv27YSWm4eUqvhPCnvq45LaWU6qsTD:17000000000000000000:OKDOT:CHECKMYTH
12zp3pNCukJizM6i3xQbb1uqzGKT9RAiyMB8mRCDN3EEGUV2:17000000000000000000:OKDOT:CHECKMYTH
143HVvMACKtPGphji5QUbUi22jZvQeB6B4hSuskNBxvbxsX4:17000000000000000000:OKDOT:CHECKMYTH
12RBkCqibsv1sUt1iRr2RFySDeWvfxmLg1NQ2xA2qHxAhDaJ:17000000000000000000:OKDOT:CHECKMYTH
12GHAwFz9tFGJ1qqvWa3Z5wKS2J3UaTUFEb9okfvByAWYqGX:17000000000000000000:OKDOT:CHECKMYTH
15i6pPmCnBvLyC7h3HAYnRMeXUyW3LSh9kbcPZHLRU5jcKhS:17000000000000000000:OKDOT:CHECKMYTH
12jt2vBZF1fh4eAVc8JoXySCEveWn2Sd8VwreyiznmfahgwT:17000000000000000000:OKDOT:CHECKMYTH
1q1dUizaNV1QEe9UJDV8KiftS2hrBbiFYb4tZypGFwsXc6E:17000000000000000000:OKDOT:CHECKMYTH
12FRVJahqhWXE9yDhR9Aq5z6dYDze596SvdpxMGsbUfQ9WKH:17000000000000000000:OKDOT:CHECKMYTH
14ofJfcS4Vd3VYQA8ogy2vYvK73Tkm5j4Ad4KMXcrPWPa7xd:17000000000000000000:OKDOT:CHECKMYTH
146581mTncbgR6D7rg9wqjBDZK2cmZJnNDL5mq6F4SiLM1PB:17000000000000000000:OKDOT:CHECKMYTH
121SRy33ZXT3gdb48aNfa9VnQpAgoPJ5HFT3YfbmRs9LttKh:17000000000000000000:OKDOT:CHECKMYTH
12eQEbtpyF2YQppF5KjjyzQtuc9bpyP86DYbKhZfB23H1ajm:17000000000000000000:OKDOT:CHECKMYTH
15ux3EwFiHrSznFiNSQjnpid2Hydt7ojcrMHeKurQvM4jE7D:17000000000000000000:OKDOT:CHECKMYTH
147WzXUuwcPQkMuXWamCytqt2MmiHUNpFU5f2yjqxBGyBPDD:17000000000000000000:OKDOT:CHECKMYTH
14uHQp5wpwSyYzZYzydTdqa9yHuoCxKKWQAJEvagqXutMTyG:17000000000000000000:OKDOT:CHECKMYTH
12EPfLYWgXx4XLcCGNhrrqFEHNBWgCyBZZxkxgg79eaCnUZX:17000000000000000000:OKDOT:CHECKMYTH
1vN2avEPfvte8iLCrDZzzHCTUitFYQkdejKMNqzZx3FVobk:17000000000000000000:OKDOT:CHECKMYTH
14a9LyuE7vonkWQwXnv1MbKZrDPy5VipDRghXb3zfD6wySur:17000000000000000000:OKDOT:CHECKMYTH
13fxx7sSCbyXC184PgBgZFx5oxMBNHeZaVQJfFV5TnxKGMLJ:17000000000000000000:OKDOT:CHECKMYTH
12emHSmBUM4mxqUXdzhRwM6icEC2ceKdhQoKhHSfTksckhDT:17000000000000000000:OKDOT:CHECKMYTH
12Koc68RYsE3gaJGY8gQuBLDm6YzoMxgjtafYyiWk1NCZ8LS:17000000000000000000:OKDOT:CHECKMYTH
12jrukaLTnC3SKSRF7dBH4wdwyXH5nQxK3XSwEBsXJB7mTph:17000000000000000000:OKDOT:CHECKMYTH
12YMPKXrHH9mky5qKrpwhCaqUVLtyYd2qSapuwYCWjHhdcEH:17000000000000000000:OKDOT:CHECKMYTH
12eL2KDz39HoxVSPcMcmkFq5QBKqZ83RvszY6zjGwYe7YN3M:17000000000000000000:OKDOT:CHECKMYTH
15i8E1AgRPQsLND7F2phjAmCtDXYq4sGaDrdUQXY8Bff3yUW:17000000000000000000:OKDOT:CHECKMYTH
14DrPmoUt1si7wjWJ6WmKTjEbYtXQqiSGPLAQNtgceyjjirb:17000000000000000000:OKDOT:CHECKMYTH
14H7aUNHoQJB6hucnAMhdoAbcVM4tiw5g6AJi8k1wA2HYxxS:17000000000000000000:OKDOT:CHECKMYTH
12EkQHqUJLSdcdnCYmisox7GG2zRMKpdevFKrT69oNhbGKFU:17000000000000000000:OKDOT:CHECKMYTH
149g71HMXmXJ1xvpebXfu8rNoKkoEbzTvjjFSPH6dYYfHeWD:17000000000000000000:OKDOT:CHECKMYTH
12jnSjZEUM5QNPoHJ8GY34RPjGwydGU9ovSLB8xYygKhKmhb:17000000000000000000:OKDOT:CHECKMYTH
1495x5kUJm54Ze8yWasTMRHoZXfGwYBSnQvnsHsCFUBeSQEw:17000000000000000000:OKDOT:CHECKMYTH
12CgFNEx7C2Jg7uyw3sti9J7e3AjbEsS5XH7nrG6AamRd1UN:17000000000000000000:OKDOT:CHECKMYTH
13gBrKGMhttuNjywbmEfK5NFeNbHpbQGbJtFVRMmUWHaSNZf:17000000000000000000:OKDOT:CHECKMYTH
12J26vLJkGihwozn52o55NDxGsaGkEh8xvxsciyk2q3sCy4N:17000000000000000000:OKDOT:CHECKMYTH
155GoYBHgcssEuAUzubAP7ZK24FuWiGkhfbmjPX1T3E6PMvW:17000000000000000000:OKDOT:CHECKMYTH
12C3Z6ZKRkeZ9rnSRiUKcGz1dLPxh6p16jmkrzf2xoBm6qWj:17000000000000000000:OKDOT:CHECKMYTH
1q4UfNr49AN9LvuaJeLLB6tD55ftSimbRvinysR7ep9HKuB:17000000000000000000:OKDOT:CHECKMYTH
14MD6RyMrkXiDQ6V8SdMuhbTdqgeajvqVyV2SiL9ZHZR1x1G:17000000000000000000:OKDOT:CHECKMYTH
133XZ2BHfbSAjqAUUVjo1EiWPcw8kQ4xPUAdXMdt1Wgyp2ic:17000000000000000000:OKDOT:CHECKMYTH
12BtmBJBrGragP72kFZzSqJmys8roj5D7YtH4EBW3QryQE1A:17000000000000000000:OKDOT:CHECKMYTH
14B5pUraka1rWxCtvkXAJAJwsHkfG4VC4gmWtWWGmWRktty3:17000000000000000000:OKDOT:CHECKMYTH
14mfGXzfukFrMohXnVp41zok3UcanVoW3X9r37gt3HfiDZNb:17000000000000000000:OKDOT:CHECKMYTH
13G8cV9Z2xH6XVLVpMc1TkaN65GYpczBk68GM7o7Y9gTVwAf:17000000000000000000:OKDOT:CHECKMYTH
12AzwAUcCHWn9pVNs7pkJAzVCTuxiKmLLqEUMdM7tW7FDeBh:17000000000000000000:OKDOT:CHECKMYTH
12QaFpMxZoVDsZLzTLwJRU3CrcZfSe4GfqGEJiEDKyZVUx5F:17000000000000000000:OKDOT:CHECKMYTH
14SjofuTropjkzbw9iD7z16Z6bt1QP5xLuS4PZRzgaFyErtR:17000000000000000000:OKDOT:CHECKMYTH
12T9YbSnejfrNYVezePaPH6Kj3SctJz6PMLiyZoDFaCKaY95:17000000000000000000:OKDOT:CHECKMYTH
126x5zQGSPLesEGoBq7HyEu5RZyekWJjGYTk6as4L81iLwKg:17000000000000000000:OKDOT:CHECKMYTH
15FaVgt34n4wyd4F3nANhLpxb797QRSwfkRM7p2SNNeM7hPk:17000000000000000000:OKDOT:CHECKMYTH
14TsUHXX62SKXeenUTH19dHhHZFi6sbtSCHPN47XwhFmyp2K:17000000000000000000:OKDOT:CHECKMYTH
1QdXY6meLngY4ThA9BnUsQ3PABBQ3X5sirWEx35M5mcWY7x:17000000000000000000:OKDOT:CHECKMYTH
11B5fLgp6uDLzFEhLvX1CyJd4khTV41trVJ5zxXBZ6KfX6Q:17000000000000000000:OKDOT:CHECKMYTH
128rcdm19VYQVNCGiTbKEuXQG2CgZSKTRrrgf2CWqwxh3bQ5:17000000000000000000:OKDOT:CHECKMYTH
12HHJZ7ie9QwhZnK9jjcY641TEVoyPSy7oCiNxSE7ATBpxRe:17000000000000000000:OKDOT:CHECKMYTH
15w3WyFo4i1ZuCxT3JH5FwET6gdHA2sVWH4qDBnMCuhASmRn:17000000000000000000:OKDOT:CHECKMYTH
1eequrx7jphQNEmT4MANnBrzNiE6Dnqi9DmVvWLmQuzeaFc:17000000000000000000:OKDOT:CHECKMYTH
16LUE8ve2WomuueYCFes9E5pbpdW9VzXKiiCVfkp5MeQe95R:17000000000000000000:OKDOT:CHECKMYTH
14wBUxTd7kJBHTiVpjYxvdwh6wW98FfVvuw3QD7hQcGZj2cc:17000000000000000000:OKDOT:CHECKMYTH
1rtgRow1EB8uThxax8utiNPydn7MT5UFFxKrsQxuQuMFiNr:17000000000000000000:OKDOT:CHECKMYTH
1Fvbyfvk2sjvwJUZACCzRBWxMHXy6Me9LoXb4bXP637JbS3:17000000000000000000:OKDOT:CHECKMYTH
16FYGuRALuhTANQVZ3tRi2owFs1zjQsPsuGBqxLtLagwapEg:17000000000000000000:OKDOT:CHECKMYTH
14Y9iXmAD1umRtQVcEB1eygZG8qLjNVmAHTraXHJSX71uKeA:17000000000000000000:OKDOT:CHECKMYTH
139LNMR6tAo6cafG1DqS8bt81nhfNUzhSTXgvsP2qTuhwb9T:17000000000000000000:OKDOT:CHECKMYTH
16PzAtca3Byb5urbbnv6GyiufdarJxhpA9fzekjCi5nub3CY:17000000000000000000:OKDOT:CHECKMYTH
127exVtwEMqxNLKYXKpVhSvQPTdVxxDFULeiRLTW2w1Nd3qS:17000000000000000000:OKDOT:CHECKMYTH
14zi1Fjc4AWsdudSNQwfXj4vBE5n66onyLTiqdVSZ6PZms4J:17000000000000000000:OKDOT:CHECKMYTH
13m49uHpMSf1bJ4NSN58Tw8T5DZUFc35T8zxD5uLrnBKsDQn:17000000000000000000:NEEDED:CHECKMYTH
1G3vj58t3KPMV8hfhUxtnkfxPrbFrnu4FFEKuSjjcNZp4Pg:17000000000000000000:OKDOT:CHECKMYTH
153Wjt5kgFcdZUP58SiqF6nYK8DUmWYASWHST2phVQjnTGsZ:17000000000000000000:OKDOT:CHECKMYTH
14ZVGDymzBTy1TnKTNLAw6YVd4rFyk51w1Lb6jaPG4LF6MQU:17000000000000000000:OKDOT:CHECKMYTH
121fzrkiQ92DNQGsZt6YGWA6xijBgWMi4CUv5owaZYKycc1Z:17000000000000000000:OKDOT:CHECKMYTH
16XFiRPujH3TFJXNVss9KMwzKzTPUscM1MY3XbAxYru6oGsa:17000000000000000000:OKDOT:CHECKMYTH
15J9EWVy2bgQBksV5eEQi7McHQcwuN7ErojyCBzZwUJC7WbG:17000000000000000000:OKDOT:CHECKMYTH
14zZ5PNYNeFnhkiNStnnLMFvoFe6BMR9GxSoFYNQUjHBNWKF:17000000000000000000:OKDOT:CHECKMYTH
151h35mXB9jeeZ5tYrm5eeYctwvGTTWXmBxaqTZvBCyQg8sU:17000000000000000000:OKDOT:CHECKMYTH
1536wxhbd4j7yykeWwBGUDx6NHqkZGVJVz9U93zzA736YXcs:17000000000000000000:OKDOT:CHECKMYTH
16anCc92NDF2FteZKyQ19oMBhmgCwrMEucnbPCBnvsSyyed8:17000000000000000000:OKDOT:CHECKMYTH
1519JMCARCx7CLDEnuM7LijjXfc9mNb16fAgfNw9DCCgC1MQ:17000000000000000000:OKDOT:CHECKMYTH
13v1Vc4HtQNaBmkNuDc413abuYRUy9LwwyMT7nfZtz16YGZy:17000000000000000000:OKDOT:CHECKMYTH
15u234PoY7gPqWGbWcR5V3SDePofzsmc6V6Aq4dYMTuXVyMf:17000000000000000000:OKDOT:CHECKMYTH
14TPeqNRhkYzje1bayRnYT8j5yE9S1eVweZFqqKmMsTzXdKN:17000000000000000000:OKDOT:CHECKMYTH
151V9qtD8LZFpTmxMsdmyNJnGnarvhH1faXshyqwxKcHhdPa:17000000000000000000:OKDOT:CHECKMYTH
145e7z3SWFKWPdF7jYEfrbgN7E18hjFtbEXjA1DFk3tJ495X:17000000000000000000:OKDOT:CHECKMYTH
15XypPgiBsKkjZv5r9TEqisxkr9RTmuGaVy9nYXp2nhc13y8:17000000000000000000:OKDOT:CHECKMYTH
11YFzrHEkDXv4JEvNAyfEQ6vwG6KnKcCfFa1Ak113GdBiD7:17000000000000000000:OKDOT:CHECKMYTH
1526vx1dbsVQu9D6rWy8uGMs9iyUhKeFuJbw2HDk81GP7ghs:17000000000000000000:OKDOT:CHECKMYTH
16JW9JVrNVwmd25fCBrMrMrQwYCxF2ReBWGRXfzkcBRkemvY:17000000000000000000:OKDOT:CHECKMYTH
16kVaSRsSQMFQtKzMytKM9qZgevB62WSeyboYfBHUcnD15ds:17000000000000000000:OKDOT:CHECKMYTH
15FoagzAaEVqhN4u87YPVAhLNYyrCvST2Jbqge8h7gTxrJ4q:17000000000000000000:OKDOT:CHECKMYTH
159QfeBg5fWwMSjwnrUStQxUZgotXSZBjcHTvUSVyXkRHw8F:17000000000000000000:OKDOT:CHECKMYTH
16QPNKMjgQuyKRaQW3oz7TiPvGXvWwr6Tq2DsnuFBjyNezDW:17000000000000000000:OKDOT:CHECKMYTH
13Dwn6ADBwxXH4zU9cNQRUxBXcFXp47yD1izdoerH6zFhcWz:17000000000000000000:OKDOT:CHECKMYTH
16a9GvHWcsHKWx7vXAgVW3k1LRNHMXGgZxsi9oVRxfysqbVe:17000000000000000000:OKDOT:CHECKMYTH
15ciPs3xZsJd86WFoijPs365f7viqGnubZ14aa9fGavyWJoM:17000000000000000000:OKDOT:CHECKMYTH
13exLbi5YCVZWtaBsryTzj7ouwN4tR9GhdHvbctqc5d5mMms:17000000000000000000:OKDOT:CHECKMYTH
15uivUiEAyA1tvgBSHHvN2zGnsuJ9xK6V7swmnoMk2dYki9J:17000000000000000000:OKDOT:CHECKMYTH
15FgEi36w1LGSBUvoJKqCEpk8E7S6SfwPeuRNddSCTb9x8Gq:17000000000000000000:OKDOT:CHECKMYTH
15crmKxP1PD7hbLMAxv5e5Nn54qE2aY8tfzWkYRrQNvxsJRu:17000000000000000000:OKDOT:CHECKMYTH
14uCquf6WnvZ2pMQhtGSE96dzhE8FgzcJ3936fs9rEng8weU:17000000000000000000:OKDOT:CHECKMYTH
13QvCWm46Jb9aVyqwXxZYitZ9dQrUuP5x3yGr4jqtpcNgGtr:17000000000000000000:OKDOT:CHECKMYTH
15QN8NDG1jtmKHGZ3trY3EGwcoXCdajU61NXTQ2fFtwGjkWm:17000000000000000000:OKDOT:CHECKMYTH
15D17fCrcvPQBnH3qhkb8KiwPsgMdfZS9YMpTCdTNkhXVzFs:17000000000000000000:OKDOT:CHECKMYTH
1Kvgjhe47sN1wD4AZVHcadniL7xpdevHFBm2JoTutfduyDN:17000000000000000000:NEEDED:CHECKMYTH
1QGCFwsG4tBoUk3z726Ji8TCS7ZGc8QaSJGT2Thx8siL9kx:17000000000000000000:OKDOT:CHECKMYTH
143FSUJsJraELujVqo3Akq51SbzFqAH3a1r5Lw33wcbPHdhE:17000000000000000000:OKDOT:CHECKMYTH
15eXwivCzaAuojMBGLPLjWMRhYzejtbN3izhvxDnUE8FRLXe:17000000000000000000:OKDOT:CHECKMYTH
16GXJUq3gVbiei8poeU9DS9nRh4cSBpRewNPUoKKvrgVRaQ:17000000000000000000:OKDOT:CHECKMYTH
1s1n4qSCDs9j6S5DK7szyA5vzFvSheYfFDQwcKSnUPqvRZN:17000000000000000000:OKDOT:CHECKMYTH
15gFfACjMQnu7v4vkRTu4UBZcArfJMt9ZtCVFSHR77R1uARv:17000000000000000000:OKDOT:CHECKMYTH
12gm7r3Ki1uxobUqSvBQefWQh8xYDncy4oK4fRNWxPq5YdT5:17000000000000000000:OKDOT:CHECKMYTH
14YaFcmpxLHipkpvES98r7KeBLSLAMTN5d7Ha3a8hcEv39PG:17000000000000000000:OKDOT:CHECKMYTH
15SKQB9XDriqGStegdZrRHMFYmJuZ7Xst8DohUxQsVQAesc7:17000000000000000000:OKDOT:CHECKMYTH
15VEYDBRuLZL3WCNAk5HB6oRyeeFnCMfSsgh1Rj3m7VzFyzJ:17000000000000000000:OKDOT:CHECKMYTH
15GmuNweiXwfMRjmL95R1nsxJFdMK2M3YxM2HVEWqypUJ6yu:17000000000000000000:NEEDED:CHECKMYTH
12goFQWnb2hjnfyGx1NmyboU1w64RU4hANXm2VwGtaPpajGL:17000000000000000000:OKDOT:CHECKMYTH
15ZpoWwGQGDWASVpBR13tiQEQg35CDEf5TfK1m6VHzaYZqcx:17000000000000000000:OKDOT:CHECKMYTH
13KP42s9hC5TvmJPL2DtW9F1s4pFqeQiwhxXYRkG4bxnoWoZ:17000000000000000000:OKDOT:CHECKMYTH
15hq51D2nRuRxC5q1okaVP9Ry6cXcGypBLkAmvPZ7BYKMM5R:17000000000000000000:OKDOT:CHECKMYTH
16fAofzx2srXRKL37WEJ6MWrL24bDgeezCAXwfaB75XdneqX:17000000000000000000:OKDOT:CHECKMYTH
14thDJJY9cx18PMMTxjeKEekrXNTNf3e6iAGvYq3Eoz69V2K:17000000000000000000:OKDOT:CHECKMYTH
13YkHUTJNtrXEat8Jjh6LTja4yNoQM7svKuWZZHY1XGWC8Ks:17000000000000000000:OKDOT:CHECKMYTH
15HR7AamwLe4hxWJReD4gXRVZWC7sGhWcXZEZGm75BK7roWE:17000000000000000000:OKDOT:CHECKMYTH
14G8EUsgKptj5T49RGwPYSF9rZXEQxjWqmwZoXG6pdP7ht2F:17000000000000000000:OKDOT:CHECKMYTH
14QmoX4kZUD4UJedKpeWvm7GkQwavthigXkWozENbAehqH8p:17000000000000000000:OKDOT:CHECKMYTH
15N3FU97y5aJc64it3CLaJSsPiS5feKWKBgNU8ELiEhdDwjo:17000000000000000000:OKDOT:CHECKMYTH
12fu64okK4VbmmANB5GZmf2CWAMhcnsEfsLE1SxUkzbD64rV:17000000000000000000:OKDOT:CHECKMYTH
13pBCu89uXHQKrrEwwksZstAodhAci13s8RPYiLf21sVzYhN:17000000000000000000:OKDOT:CHECKMYTH
16VFS7EP2iJ6rcxygau9gP28ygkBjoi9MzVskYhoYtxf5edR:17000000000000000000:NEEDED:CHECKMYTH
1345Vx5fkWWUgne9tb8KiTufAGykTxNpNnJJ4xJXfDXJVZr5:17000000000000000000:OKDOT:CHECKMYTH
15JwQFVRjRLE7GQRkoKiDysC4vJNg7pLVs8RhBVPW9mD9Tbs:17000000000000000000:OKDOT:CHECKMYTH
1h4vSXFxEoiq3vSsyatZfRQysGhJfyqTgjXiBBSVWBK6QWX:17000000000000000000:OKDOT:CHECKMYTH
16HqHFVE7ScD5sn9T3H3SuRy6xggPniixxmwF9ZTCNoSMuQc:17000000000000000000:OKDOT:CHECKMYTH
152SF85otixQZTeV6Nxakdz2tYwu2LjSihV7GhQcz7mdRMAo:17000000000000000000:OKDOT:CHECKMYTH
15p1guozVEgSzR7nJvYytFouyQYBAhaLPWgkhZmXDEMPc2ta:17000000000000000000:OKDOT:CHECKMYTH
12pgN2FDL2tqXwdtqaXD6rVpUYFsThq7Cs18ph4DiCUfbjJW:17000000000000000000:OKDOT:CHECKMYTH
14aFe6R9QcXU86zFPk3DFZdonunHws4u7KohdQEnctSACPoJ:17000000000000000000:OKDOT:CHECKMYTH
14T7DzeYGXM5WgezmMjbdCjqfiBnr7LM8GDKGauRUzKGkTa3:17000000000000000000:NEEDED:CHECKMYTH
15pdjCL2RdXw87UfPbFJ4nfqcvYYseTrgsLc5s58B3VEJxdu:17000000000000000000:OKDOT:CHECKMYTH
15gPz2Pq5XVbA42PW5UxhmrZWbP4vt4wy1hVu6tXnHYZQ8Ht:17000000000000000000:OKDOT:CHECKMYTH
15pBY1ft2ezcodhEEoAn4cTsLaqkQ96x763F9yTnKitEBw46:17000000000000000000:OKDOT:CHECKMYTH
13zqEYPxxR8R2xcG5nozihZnZmuZU2nT68yeYsdouwjnv42r:17000000000000000000:OKDOT:CHECKMYTH
15SaaiKg3kGdg2qfwMxheWDHz3CVe2YnTW47G256WkDtEPL1:17000000000000000000:OKDOT:CHECKMYTH
13GiieykwEMmpzwUM4hKbWGDyAjdLA5t8sHSSun8iWLCADqB:17000000000000000000:OKDOT:CHECKMYTH
14Dkt3FYdnVzkvrwM9LTVm1i1Y99BaYmk8s5jfycCu3QinYi:17000000000000000000:OKDOT:CHECKMYTH
1WJ8HCkuZfq63WnSbb3bFLCM48pS2i4iXhcT7X2RPknShw2:17000000000000000000:OKDOT:CHECKMYTH
15SMUa1ieBb3hp6PFHd7GQ68gtUpAHcMbyPMQzgeiMU15cZ6:17000000000000000000:OKDOT:CHECKMYTH
165eNJgRb2RSFPfdDQyWTt3UaXc9FTABpR8SWC8uB1ea2Epe:17000000000000000000:OKDOT:CHECKMYTH
12e8p1GH9o59GjvUVY2qT69KB1HBBQy9j1rHHaXpZTP2RaRX:17000000000000000000:OKDOT:CHECKMYTH
13VaweYP7iVfytd32a2pokpf45L55FLe7rUaCbLZjb6zSbJE:17000000000000000000:NEEDED:CHECKMYTH
15suyL35bVZELF1onjNpuAZky7XimafELNM237jxxKubFNB8:17000000000000000000:OKDOT:CHECKMYTH
15vzAR94GFZoEJK84Et3ix9ocChvGgKjZjXus8321X1Adnd6:17000000000000000000:OKDOT:CHECKMYTH
13zUfNHw4mFFZzbfyzNzP4fBrrnS9FNzgm6AnyrCBQTES1WW:17000000000000000000:OKDOT:CHECKMYTH
12ecnM8btzdWouScp5oL3krN89zHQwjfNGjCc6vm1DNJkM7q:17000000000000000000:OKDOT:CHECKMYTH
15TcdjTv7NnoL7TzxoQic5KxqABkRrNgfc4XxyC8KNZ6SDSN:17000000000000000000:OKDOT:CHECKMYTH
1eNkWjHvSKnkj3qa7Y3AxHKbh54yZfdCPrVNCAFswo16ngN:17000000000000000000:OKDOT:CHECKMYTH
19Pw9fKyg9GFbtx1gDRGN5fbzTPn4bGKXRgBsB2nLnXgMP1:17000000000000000000:OKDOT:CHECKMYTH
14crAEa4yEjmcPm9vQvfNzrK4TpsV2isNrdAAJkyJ8cAgzT7:17000000000000000000:OKDOT:CHECKMYTH
15TyYZTtoveEYQkxnx4k4RTXBqqKixanL8xtUcFWAUKWqRym:17000000000000000000:OKDOT:CHECKMYTH
12gKYWS9n5YBwkySr6KmKTtt6bLWRCmUhxZwggEpsKrchh7R:17000000000000000000:OKDOT:CHECKMYTH
15g7JubngbZs6pWvX4marrzvKo2vBbRWT9vZGu95PMM5fHWt:17000000000000000000:OKDOT:CHECKMYTH
1diRKpQMb85SDk7HU6eHrPxPXjMvusFo8HAe6b37GJXtw1S:17000000000000000000:OKDOT:CHECKMYTH
12EwbukHX8SUkYtQSrYNxFD9GCkZ65E6orXAULzSsiSPooLN:17000000000000000000:OKDOT:CHECKMYTH
15JDNx1Tf79PVktWfj6G9LiJt4u3xc84mrrN7675Ca8DiesK:17000000000000000000:OKDOT:CHECKMYTH
16K4tf6NSEMbrM1tkrcDkF3LuBKdx1JgWddQKQuXcYsoRjoR:17000000000000000000:OKDOT:CHECKMYTH
1E37L6B1UuGCaQuFuCEThpG3XtCExfsWmPQpjdCMkgAbfm1:17000000000000000000:OKDOT:CHECKMYTH
15ucHDqwrS8RTTh57Decc5qZxskjR1HrFFou1JkCHhP2mEVY:17000000000000000000:OKDOT:CHECKMYTH
15PyUJcZDWao8rZPG1NNMrhReSFnyAtT4r1GXmKdMMGyb7xT:17000000000000000000:OKDOT:CHECKMYTH
15oC7n2cahor4CGqAkgbghQWuWgHwaUe9v4sVkYUVd2h4T7P:17000000000000000000:OKDOT:CHECKMYTH
14BRhwC8kX8nKp3VT3Jpbpt7N8imhivPyGmzkHq1eCn6oTUx:17000000000000000000:OKDOT:CHECKMYTH
15UsBFQHd9mZbhQEFxAxMtSLoxcW9V5WnKCz2vXMpcwYGZdX:17000000000000000000:OKDOT:CHECKMYTH
14xKXcB82v9JGitVmQrNWYCPwV7PknhdtPMhgcRUApWg8ocg:17000000000000000000:OKDOT:CHECKMYTH
12Ng6YCepzbFbrtV3558GwRGkCJgpfUVBfnYHND2wkNRFPTh:17000000000000000000:OKDOT:CHECKMYTH
13GeURqgkHDssdMGY8fcRtaGDCvRSUKzPNtH81eWvALrCe8p:17000000000000000000:OKDOT:CHECKMYTH
12ENHWYkZ4NcLHLjBWtbXLj9uSKHvtRBQA4JhWJmRmRoZp4f:17000000000000000000:OKDOT:CHECKMYTH
1Wuo8MrCnXf1aBm73piojxkX4LfABGhV8TxVXjCQSsNXV34:17000000000000000000:OKDOT:CHECKMYTH
15oMHs7ab2ua7nKsVFAfSevCDQxAX21xvSh9HTEcEhkzJSjq:17000000000000000000:OKDOT:CHECKMYTH
13Bxm8c3YPQ9upmrXwrGnocPFBcHXUUw1is8z4ptdUzcKUjJ:17000000000000000000:OKDOT:CHECKMYTH
15w9sPaPPXiryHWpffS7NNB6ZRhibXCBHPtPBG95CMZkVaJg:17000000000000000000:OKDOT:CHECKMYTH
13ahdvansrWHHUEW4NJMMMpVXhn7d9DxiJFQD2sLiZuN1i33:17000000000000000000:OKDOT:CHECKMYTH
14KNczEH68ZX73EBuex2a7C1UYiBsDzkrXQoFXN4VRWRHYZQ:17000000000000000000:OKDOT:CHECKMYTH
1iyoKWZEG47r88zWf1Q6GsWdqqrZC6pDYNdHRxLEA9HH8PZ:17000000000000000000:OKDOT:CHECKMYTH
15wqueRa2rya5XFXfCy6seEkS62pPS9vqgsowM28kap9z61Y:17000000000000000000:OKDOT:CHECKMYTH
16UVjqANaeoBegAJB2AdDe6MVfkA4cgfj7ytP4RTHTG3oJSJ:17000000000000000000:OKDOT:CHECKMYTH
13HNMRSDfDdQSGicrMu3St32XVCnHAbsJrqwXuhoG8ZwVeZE:17000000000000000000:OKDOT:CHECKMYTH
14wDABVoBigdKysBnbG8DvDog8miPvRvFkNSCiRRjhGsW5zP:17000000000000000000:OKDOT:CHECKMYTH
15YYMfBBpBpChks8X3ffxRsh4QbRteVX3Mfno8TSTK8TydRs:17000000000000000000:OKDOT:CHECKMYTH
14MXCc9qP5RTtN8411zKLMwEreH5huXuC9xz5WUYjPHmydj7:17000000000000000000:OKDOT:CHECKMYTH
15AvNVSCDNnUAra78aerRDbrwkr5kcSRAwXDts7ULbjLB89A:17000000000000000000:OKDOT:CHECKMYTH
15gNx4mmuo5EubEa97uWzunsyGwPczeZPAL7e7PFf2mohVjY:17000000000000000000:OKDOT:CHECKMYTH
15ZyfGj18MEgxVAaWAk1ruQLLFshaG2K46rzxBDgd14Nzst9:17000000000000000000:OKDOT:CHECKMYTH
1nifZvjf5W7PoMf9cK5uNnDXj5rabFHTKsymbW39EcyoYcy:17000000000000000000:OKDOT:CHECKMYTH
1RbxEMoXdycMNkY6GyBeaTc9hxBUMVDKdcAfa9ZnEDxAP5M:17000000000000000000:OKDOT:CHECKMYTH
128q1CXBgDw2sXdqhtcJ8kCBsQdo6LTKLPm81PnYQr4NMMWX:17000000000000000000:OKDOT:CHECKMYTH
15zyodr8crWamkysZVBcZwGgdnEbSDAcNfXdAuKLMTSNgs96:17000000000000000000:OKDOT:CHECKMYTH
16JQLYjbr52XPMPG8sNYeivAyM99xmENduKsZskqEu1Zq7As:17000000000000000000:NEEDED:CHECKMYTH
12RXPX6rKKPoAdsKDR1qYHXfsEpUaKod2zv7G56QawhQc5qy:17000000000000000000:OKDOT:CHECKMYTH
1sqcXsjRgk9RPRUvc8rTf7A51Bvgq1R2L7HouvzFj969Fzu:17000000000000000000:OKDOT:CHECKMYTH
12Basd97RR7V3MvTS6pbn8D76Y838iysS3UPcc3nc6kgj1Wq:17000000000000000000:OKDOT:CHECKMYTH
16JWPEVHTt1Xeyhw6WaYeXSKkWZCxhBDXX4LM3EwaBH4uSR1:17000000000000000000:OKDOT:CHECKMYTH
15QUG4UKACKszJVXWRXqRWYHt18FcRJgPRegVvUYxjvrmrXW:17000000000000000000:OKDOT:CHECKMYTH
15ATJRcASJ29zP6uKRvPty8DZ56FV2jG8Uk8NHxyrUQYqMPE:17000000000000000000:OKDOT:CHECKMYTH
162cidGbEA4GAStbVWS4o7EGznYJVVHWhLjRybxXPsioNXcZ:17000000000000000000:OKDOT:CHECKMYTH
16MKHNqrTQneBezaRwnRMzokKASqNrw6kHKdWqKUt3vBp8tz:17000000000000000000:OKDOT:CHECKMYTH
14tZCcJQGLSvYoj7TrXv65MaBiqQ8nj9ZuwMfLwsJS5WfnN3:17000000000000000000:OKDOT:CHECKMYTH
12XSjw1E4rFFprdfBHv2bXDecvCcWwDjzHSBmgCUDrQsqKrd:17000000000000000000:OKDOT:CHECKMYTH
127DRZJRrXMXroFPQqJ4kVyyYHKPLcJxXhwVq2mGUSE9jpU2:17000000000000000000:OKDOT:CHECKMYTH
16WhHtRNLo6BxypVRJ9ooEqEB7biZ4kLFsHhKr7rgETB4fjF:17000000000000000000:OKDOT:CHECKMYTH
14Ad5jELCVveobdcz3be9yTQahWamaKL4m5bxmHAFXd1DdhU:17000000000000000000:OKDOT:CHECKMYTH
15E2DoT44kGHBj4qDhAsEzM5jfGKXuw89JPYAVXS9YvK274U:17000000000000000000:OKDOT:CHECKMYTH
16A59YbBgpqdTpoEHK93AD6U6JsMB6sgkwqopd2PxUv58YjN:17000000000000000000:OKDOT:CHECKMYTH
16J3ay9fxvipDLM5aAbFnq28ZsC4ev8L4zi8viAVKwDfdgDh:17000000000000000000:OKDOT:CHECKMYTH
1v3ERSMjGsirvqqgF88BTf2aqyi51sDoqGMT8iV91hYk3Ru:17000000000000000000:OKDOT:CHECKMYTH
115eJjLxc3W5m1gHKxgBPpk2enht9ELmiLVdrbEN9KPCoNi:17000000000000000000:OKDOT:CHECKMYTH
16CgnFUZGncUPZSj4cnWKJ9rRnwLCQnRiK5BYWttc5tAYzPs:17000000000000000000:OKDOT:CHECKMYTH
1A54c3uAxXZQLAfZSUeQqcBwXLM3tonv7DXPJjhYFZKoe3x:17000000000000000000:OKDOT:CHECKMYTH
14SxNvXNHAKwC6jhcQJ3uYKGKoQxkUU76XibtwoRM3AR29CV:17000000000000000000:OKDOT:CHECKMYTH
1KhYCNxH27v1qBFcKEjHAERrwsuf8EBSUKuoep5tppg81Y1:17000000000000000000:OKDOT:CHECKMYTH
16Ee1nHGzV8EZdFTapNG1dmuvK124tTHmXHTdx1YkfNWULX5:17000000000000000000:OKDOT:CHECKMYTH
1BdzKKmcAgpR7NqENmsJ3vfGy6Rp8n9SzRnT5Q1NHPVe1fx:17000000000000000000:OKDOT:CHECKMYTH
146FZZNZhhnRUiTPRZKHxGgpRwwwcbvA6P7MinXUWV8EVrft:17000000000000000000:OKDOT:CHECKMYTH
15r79DVeH63u2URKKuz2ZxTmZzpjZnd5KW2N1TQyocr5mgWC:17000000000000000000:OKDOT:CHECKMYTH
16fHY73GBbTfzDbv7xfYDE1ZERKeWq3kq5Sk6q68F9bcneGk:17000000000000000000:OKDOT:CHECKMYTH
1Bo2DRZ1uxwG3HSQ9wxoVdWVYV2vg9CgxGbXqLvHPWfWoFS:17000000000000000000:OKDOT:CHECKMYTH
14TGhU6ExkynFwYL7p9sVV9nK59cbFRwMFTgqN4Fovb9ZTWv:17000000000000000000:OKDOT:CHECKMYTH
165JWMZUkr5EZgt1E9DH1NNPD9xjZtJ4mYgo7GgPi89oinmN:17000000000000000000:OKDOT:CHECKMYTH
13NCLd3foNpsv1huPDzvvfyKh37NEEkGFotZnP52CTR98YFJ:236000000000000000000:OKDOT:CHECKMYTH
