1CjLpXmr1wC5UJCDeoXqnh4eG79YV3t84gTzJ18jmMBahqm:17000000000000000000:OKDOT:OKMYTH
12pVRQpqU9vja9MnmLRvKpeVdL4zzBhA7byoy3atrqN1V8f9:17000000000000000000:OKDOT:OKMYTH
12TaRwyKkyiAc2hMGqfYAwNcrWyXBfne7teFbvkiuufNzuwb:17000000000000000000:OKDOT:OKMYTH
167qpcxS537Dp32fx4DHez83RgX7cje2kPfSR9HHL2LEjdw3:17000000000000000000:OKDOT:OKMYTH
148YuDWAJ2MijqfizH7WPKsEBH7EBXrku5ekPHFre9MFTGfy:17000000000000000000:OKDOT:OKMYTH
14MA3MZFrgL7yABrBZz1sfza3SjhabeNSfaeVF14YM1SJboT:17000000000000000000:OKDOT:OKMYTH
12sHBatKLtLbbf2LPK9oQGMqJbfepsC6ffmJ2xkNTfSpdm4x:17000000000000000000:OKDOT:OKMYTH
1665mukY1whgC9grJBLwxb3AsqqdAnL4Socm1hxyf6c3fKzQ:17000000000000000000:OKDOT:OKMYTH
16FxfkXKa5UdsXsweaxfzcfHbsNEvGrmznyAonTphcnbcPui:17000000000000000000:OKDOT:OKMYTH
14moZEG2yZ1XVEcBpftTphaQJYhsJEcJFS5ERj4jvgmyp6BP:17000000000000000000:OKDOT:OKMYTH
12recf5S93mMdYHCxYieYYrRxYZ4dFE7GY1skPM56NWfXVTj:17000000000000000000:OKDOT:OKMYTH
165oqeq8fJudcfjdfsTTLoQwjUMuuBnxaVFDgMPiBNqf4dHR:17000000000000000000:OKDOT:OKMYTH
1sudZNeYxVFQKyUVV8kD1wyokHGNR7G9ZYFg3ZD78NKUGgG:17000000000000000000:OKDOT:OKMYTH
12p9FtUvCpPdXKrAhGnSywFzKw3f3PdMXQQVwV7AJjt4Et6k:17000000000000000000:OKDOT:OKMYTH
12nQftgAK5cq2JNNjX4ykai5QXX35vEBtXPtWCHXtrFSWkAm:17000000000000000000:OKDOT:OKMYTH
163tqdzWDPFRm6iy2uYzGNqe85hLbH8e4YKpLTNcNE5UpaLd:17000000000000000000:OKDOT:OKMYTH
14MvRDDaatxV6Dh8o4mZojzseZDEmw7D1N1xFrBjJzjYsnfS:17000000000000000000:OKDOT:OKMYTH
12p9BaeU4yWzCrAnBT8czvgbGd2A4v3mrZd6bnKzsVVh9cJy:17000000000000000000:OKDOT:OKMYTH
12KbKMZD7UtCAL2hx6eJ5CcN2cbac6zLobmwnFfeUMb71Uto:17000000000000000000:OKDOT:OKMYTH
162bshFaPBweGHcghDqyUVQAatPkWxWQSMJHPa7rngRVk5v5:17000000000000000000:OKDOT:OKMYTH
15WYTNyeMv8iaUfBooVsjdQvajCY4kj2VV5WkmvkHhG84BDv:17000000000000000000:OKDOT:OKMYTH
12myk3HAXHtLox3JWmzUVxcr36ataNDN4rVYsB82vSjoVVZq:17000000000000000000:OKDOT:OKMYTH
12hZPxHPsz4zyLKivBDo3sU3i2otehWBfNwjCwiddYvCLA6R:17000000000000000000:OKDOT:OKMYTH
12r2cUVu272JM8ZP7JZG7M3ctkWoG9Dmk77nbcTighZ36nKY:17000000000000000000:OKDOT:OKMYTH
12wTEiM2dPUb5bZDYkcNswosSJaNnhMA7V2uj1RpMAmiZiwH:17000000000000000000:OKDOT:OKMYTH
14roKgU3JZmbRxVFrtNWY4EXhrME52M9zhf3QBUCZNDieMW1:17000000000000000000:OKDOT:OKMYTH
12hDefZSVu59RQbN21TtrEbkDhopfi3wxaxv75PzHGnXZyGe:17000000000000000000:OKDOT:OKMYTH
15xHKREWCJzgJpe8dvMLRXCNYuUundQa7NyfpC4KiQ3gxYwE:17000000000000000000:OKDOT:OKMYTH
12Vp984ADqJmZHf8a6N3RYnEDXryy6MybvS63xidSABYk4sL:17000000000000000000:OKDOT:OKMYTH
14Ud1ZnMQtABvidwuspiNC5E5VuMNzPRmxArsdPMofUrzUS1:17000000000000000000:OKDOT:OKMYTH
12gAv3dUEhvVFTQRtvnp2DGx5U8TpQFvDRtFPZDoyq1gU9Wk:17000000000000000000:OKDOT:OKMYTH
12RRTQkowrPasdzVqAkpYhu36cXAwQnvH52vGurtubmSAxMP:17000000000000000000:OKDOT:OKMYTH
131RWSrL3WZDDzaeJtmV4AuNUzVVQZQWydvW1aH7CvZhDUDi:17000000000000000000:OKDOT:OKMYTH
14v3puDABCRCLdD9Fnznu1t6nem422FpBu8JxZ83wQvxSYxk:17000000000000000000:OKDOT:OKMYTH
12FMj15NrKWjuwoNY9UQPjmmoxR3PySdG8ewyACwHb66ym9J:17000000000000000000:OKDOT:OKMYTH
12scpJ14t64jeWQ3iF8MBib34ZSNvPp1gq1oHa5vDsQfdv9m:17000000000000000000:OKDOT:OKMYTH
133F42hPnZzANpzDHvSmq1PUFQW9enXQbNNzW57PUmjSNjWt:17000000000000000000:OKDOT:OKMYTH
14vasi4TpJVRwEbBjavVyrsrj4VkaSyHptqRoFuXNw3NLEWF:17000000000000000000:OKDOT:OKMYTH
12dN8Jz7trmgKv38KWcvHtoQmmCiyFnCLwB5vZwwTSW3p557:17000000000000000000:OKDOT:OKMYTH
15T6cksig82Z7ZLLwif44aBjgffSQGn5CRZeCRbk8QRbTKgZ:17000000000000000000:OKDOT:OKMYTH
14KoEvcTYAZCwJrezS2Pnc7EXBs5ZZ7r7JFYB2TZJsSHBtDF:17000000000000000000:OKDOT:OKMYTH
14VLtyKwS7UxFaexufE5sRXk89UGdjJGurcQWFFugUbwZP2H:17000000000000000000:OKDOT:OKMYTH
12bD1ghWftyNHZS7hfVphoHFcPPYrKYbEFPXmw7QtVheJS3h:17000000000000000000:OKDOT:OKMYTH
12TZxGr88T4nqWq4tAoEjy5FC9D8PSsxV4znVQTyakpgAmqQ:17000000000000000000:OKDOT:OKMYTH
13osTa2DPBUf4Z9Cw7JicZUK2WNRFhPsTwpXbi9eNZ6sgg7J:17000000000000000000:OKDOT:OKMYTH
14wYDS83F5MNwXRiJhmCDgWGjvYFg99wYTDcEbe44FenBpat:17000000000000000000:OKDOT:OKMYTH
128jGXb93tXvYc6pUuAebbxoXczEYa48pXn7YGb1uVUSHTe1:17000000000000000000:OKDOT:OKMYTH
15QFP6gjCYS2tnxQX5EHhusUtSuCd78fr4SpdprsF8Pm2ZVj:17000000000000000000:OKDOT:OKMYTH
13pHVuKUHLkhnv4P7SSMsiTRJU9x8VrSYGgkTCsPgt8onVHK:17000000000000000000:OKDOT:OKMYTH
12MR3tp8MvHfbdsr6RRYBVjQ819YsmT5SJNYBxSaUVWNCj4W:17000000000000000000:OKDOT:OKMYTH
126RtzgQe2Fw7A6GpZoHv5z1w6dbP8rX2NCWbW9YX4MD1ztB:17000000000000000000:OKDOT:OKMYTH
15pkxpezib3qry8Z9ioVi97B2foBwpiq63noopK2FHzTiQrF:17000000000000000000:OKDOT:OKMYTH
14iyNt2gqSqXWXhpBYq8o49Q4z7e3RWu1Y5nantMSdT2dXWp:17000000000000000000:OKDOT:OKMYTH
12maoisto8XKqGCYhJfGzyePPanxaRNgfAJzCJTWCsi9VA8g:17000000000000000000:OKDOT:OKMYTH
126FG3YztYa9G3BesdjSge4upHdTjRtFvpqKGuxD3qSSpEHV:17000000000000000000:OKDOT:OKMYTH
12urasUnMBGTBohFJRhUsoUDzuojzJLC8KAB4eFZGzf117jh:17000000000000000000:OKDOT:OKMYTH
13PoxYb4ydJhJukLdwx9pwEYp2wTKGhxAeNW14Ax7hpJnQ5m:17000000000000000000:OKDOT:OKMYTH
12KBt89uQz9THSzQWsp45ZzjVNSKNYKY73MVH8u6XjghPnxC:17000000000000000000:OKDOT:OKMYTH
15M9Q88BURqihLGwBcV7pF2gsXDrVcLHAHwYffNiBq9WjUJG:17000000000000000000:OKDOT:OKMYTH
12UxxNpc38ZutAqUNRtVuJJ4BcZujbzjAVijFZT63VQqpCHn:17000000000000000000:OKDOT:OKMYTH
14i26wwbDSwJdXbQwFkR2E4KnaHAdyaxFXmj78fqVJNLKSCW:17000000000000000000:OKDOT:OKMYTH
12jAbSCqpivwKQ3kCemgsct2DoHCLZH34stdoTB6cSi8RWDi:17000000000000000000:OKDOT:OKMYTH
12Yt6RCNQhcWWZzvUpnyrDvuEp9xQdXAdAPk2QmcAbfayZ7U:17000000000000000000:OKDOT:OKMYTH
15mU4Ls8DbZ1kzQ9QtrCQbFfNAPfAeA1GpvTguhCw5i5sQaL:17000000000000000000:OKDOT:OKMYTH
14FWe4XEzJNupCNor8LTrNC4RCf84afp7Ar3xRgb7YMiNqqY:17000000000000000000:OKDOT:OKMYTH
1521bGvkwTMmSik4hgdPquvJKu4KSnVDfTMjP72GfsG71bzE:17000000000000000000:OKDOT:OKMYTH
1nqJf43JekqboDnLAWmQ4ntPtcbVwpHZUBvb9sHEYpU25Py:17000000000000000000:OKDOT:OKMYTH
15ML8LwnCYP1NcvCGnZEMWmUpfxS9QYQGFvwCmZnQhgEYcpT:17000000000000000000:OKDOT:OKMYTH
14cnuKCPAPKKNhf4AaCbEijHRVr6oeUMktckR3HZeKRnarT7:17000000000000000000:OKDOT:OKMYTH
153abKSw64PyUVZbhUASqynGp9pjr6iDFDYXxqN9j8DMmMFC:17000000000000000000:OKDOT:OKMYTH
1n4K6Umcu2FcCbjQTNGru8C8HzAQRpoGAmYngWxP5Ybn1d2:17000000000000000000:OKDOT:OKMYTH
15kkioxNZvoczGzMJK688LTvweCoHqZGVPudtnNuGzJGF973:17000000000000000000:OKDOT:OKMYTH
14C4nVdmcoryNxhvyCYYpy2SAcKpJhbqEMXkDtgtbsj72LHA:17000000000000000000:OKDOT:OKMYTH
154usvYqQmADEHMS6ECoKb4dHoCNsw9rNfNdmYD45s9sdKZo:17000000000000000000:OKDOT:OKMYTH
158BKj2UJdGdqbWsY8hHFdMkTc8EYjDngg9tNH9dkXwqoRnu:17000000000000000000:OKDOT:OKMYTH
12VUtsyrimQAULpA5fDWVmrQvkBohVYVYdRwiEBfEJyakPC3:17000000000000000000:OKDOT:OKMYTH
14A1HYPgdaGHmmAxw43htCzuxKrJjKvRwnRZpb9LBMvKtQeP:17000000000000000000:OKDOT:OKMYTH
157C1c8o7Req8HfitvHSZHK8tc5VkRF5hEWjaVQYK5vpR4sS:17000000000000000000:OKDOT:OKMYTH
14du92UgX49DuwQtYPCeJsjsZVSrgKoAsSooxcHY51ieMv6N:17000000000000000000:OKDOT:OKMYTH
12X5fqw9yVRJ7gspWEeGanyxVSXfG8PSc3czZHJonWmAHuJp:17000000000000000000:OKDOT:OKMYTH
148a6uCPq7R2fcnd5VCLXTk3JmK2VbV539vSFbu4yTVEPCzM:17000000000000000000:OKDOT:OKMYTH
15BWZFXgpjepazgyfc8FyAJE4o9PmZyXNX25e9bzwzo3VfKF:17000000000000000000:OKDOT:OKMYTH
1218hxfRAK5YJj2xjLD9CpbUyNs1eJgLrKEZdKkzt48yetjH:17000000000000000000:OKDOT:OKMYTH
12yJSi8HrwKcK26CG7rRE8xQPVY1Ktp46tknkREg9UXSQghx:17000000000000000000:OKDOT:OKMYTH
13ThjNRjABhNE4ptJPedbPX6cDfR3JEmBTcfL4n9ZiQRnSYU:17000000000000000000:OKDOT:OKMYTH
12imnqR5ewMau3u5vHd7ff5k8G5L59wafeXX5KyAqkmuExNB:17000000000000000000:OKDOT:OKMYTH
13zHXnf35MwRByW8C49YqrSaH7XydDwxN6PC3ukYeCsCSm2g:17000000000000000000:OKDOT:OKMYTH
13934J95Rg7getw7C7pUPQM58rr9MMuE3vqzoT6k1nanhGWe:17000000000000000000:OKDOT:OKMYTH
142YaCv3CjZ76pw5Cw9HbbPevfattb2bgXirQyMSQBZyiTBK:17000000000000000000:OKDOT:OKMYTH
15d5iz2pAEyfHySTS42AzfJNLQJdAAvqP3eJu3t1wp2Q3UNN:17000000000000000000:OKDOT:OKMYTH
15JhQ8LZTJa7PfasLipRYCYF5auiPjbwPwNMbMR6dCsME4Wg:17000000000000000000:OKDOT:OKMYTH
15dejMrcMWpxTchaKXqe9JVxrv79buLpTQFp8Hswg6cFc6yL:17000000000000000000:OKDOT:OKMYTH
13XqvTy4ZAzDrL3fKFW9LKjAjgnjHWcYfPXuPSehwpjYuhBU:17000000000000000000:OKDOT:OKMYTH
15dT7vmygTc9ALC4AKtu6xJcgfyhJjB9Nn8BrfWwffvbf2rH:17000000000000000000:OKDOT:OKMYTH
13s725Zp2jSQ37VCw5pnjyqEM2bHfEVSMWjYz6YS8YisRnXp:17000000000000000000:OKDOT:OKMYTH
139ZhhRm5xYMpBneUep1Ns7Y9xECbpg1T7meFXj15R3LDfKN:17000000000000000000:OKDOT:OKMYTH
13uWWfSCPAr4ktvPNPF1VH3Ttk88MbJZ8qvDjDX7G1vVq4nd:17000000000000000000:OKDOT:OKMYTH
15gpYUV9CZKgcWwAFbmBJQd3o9Woz7SQfsZHcCN1R2hQG3mF:17000000000000000000:OKDOT:OKMYTH
1qGrzoAtsVLzM6xS6ppFL6A3aFiQQwXkvSKz5h4gyeYx68M:17000000000000000000:OKDOT:OKMYTH
13AfPE5EWbw54aWvJvXgyJciuqZidkGomJpj5Bcq98H2cvqh:17000000000000000000:OKDOT:OKMYTH
12sZRQbYyk3nhirEkQZ721PnjkmzyQ3idWb8Khk5dDMAkayq:17000000000000000000:OKDOT:OKMYTH
15HPCcEbQGigXQd8UhKiov5vnPYzNDnYcLcsv5MtZc5TizLB:17000000000000000000:OKDOT:OKMYTH
15ZcGZjuk1XZ1WePfVvCUV2AttqAyRPBukNEZuw8LpS59FFt:17000000000000000000:OKDOT:OKMYTH
15cEnaCzd9L4AJLNExhBbey1RfSp4fpSRK33tf9s5EcXxZa4:17000000000000000000:OKDOT:OKMYTH
143FShy9mRTPNqCncWSVo3MqWbDHf3LVqy52iSc5NVV6maT9:17000000000000000000:OKDOT:OKMYTH
15iBigDNJs6Dz26R5AujbtGe4GFH5bLCzXdpNEvXw2rnqAuH:17000000000000000000:OKDOT:OKMYTH
15mY9yoac8JoqRMaai4ndEomWKQmLjMpkWbCvGbL5pNRSbD5:17000000000000000000:OKDOT:OKMYTH
13cyHc1ptx8cy3Twh4uE1DHaVQxf82za9GC4ojWmz4vyKGdW:17000000000000000000:OKDOT:OKMYTH
1638GUukp5Gd4o7SgEU5xvbq8uuC3UCnyGkeyd92XpP67BTp:17000000000000000000:OKDOT:OKMYTH
15iXtRjHzVwrGB7Wf1eFzzCFWhLjm3qB9aZSRbM3hPjXc5Rr:17000000000000000000:OKDOT:OKMYTH
14EKDBvwXc6DRPcDuEL8L3VHB9wTRFCEkKsm4fyXDy3Anyzz:17000000000000000000:OKDOT:OKMYTH
15BDyH4B5ERbyTHPG318QRY3kFprqYV84bsAhh9cotVtmAs:17000000000000000000:OKDOT:OKMYTH
16kG5c65uEox5JeuDCJbrpVfanzWe4eYcZoMAb1QVcTjJoM8:17000000000000000000:OKDOT:OKMYTH
15kTu2XWe4AbwRLj1kQyvaSq3X4Ni6iyGpFTrsPeRtCWJnPm:17000000000000000000:OKDOT:OKMYTH
13nE8z49oojmsQ5axr42rxTKGYDMmsaedzY6oTxUj9EtTKrw:17000000000000000000:OKDOT:OKMYTH
13FAGS3nGD8y3dZTwXY2S5qJgcT7xrnnupaXF9Wv2xfng51s:17000000000000000000:OKDOT:OKMYTH
13x3RhCynKkBFRq6PajNaehNRPY8Ac7Zey1uQ2D4PyUJ9xWN:17000000000000000000:OKDOT:OKMYTH
15mLD88HR97KpJ2xLwx6nTcVDit6txwC1ZJ49zMQy3FthYxz:17000000000000000000:OKDOT:OKMYTH
1438EMoFpm6dZ3zgiBirY1d9991UbbATAQFUGgAqneRaAnhP:17000000000000000000:OKDOT:OKMYTH
155tEwyyWPSUdSrwVNSL2etv4jBMyJnkcucKFj3B9aeaUfFy:17000000000000000000:OKDOT:OKMYTH
1q1p7BkHCVVwhxQUygNcJaXaE6VbhDeT5AcfqhnQndg4Hqd:17000000000000000000:OKDOT:OKMYTH
15Pw3dtRpNenARMzPRGxVPk2nmyoPaDdFBwZUgG9UTtUvPhv:17000000000000000000:OKDOT:OKMYTH
1beaBTiAVJCfDTEdxQjudftqqCEKkPVKAHSPgqnrwtF642m:17000000000000000000:OKDOT:OKMYTH
154djprqnkC9JfpsRRsaxNWmxWfZbNYEqgnwPhBZjcGieyUf:17000000000000000000:OKDOT:OKMYTH
12bvbRq7v9pofcV9saE6zpg1n9bC4ynvoTGFVaYj5D4PrBLo:17000000000000000000:OKDOT:OKMYTH
12hKiSJVnnztRswpETk3b8r66e1sStP4RucxjADticcZM38j:17000000000000000000:OKDOT:OKMYTH
16fFuFBeSXiEMR7dGzDSGVc9CnrU9s7XLASE7S59hBjadrCY:17000000000000000000:OKDOT:OKMYTH
13g7AQnYs8tG5ZAsawax17WyNGQYia8bFtVHVFJuwVXGFNBG:17000000000000000000:OKDOT:OKMYTH
14KexpZi85uAW1XjC5hXSinXFBsCM1r99FtsCN1weKLyjueC:17000000000000000000:OKDOT:OKMYTH
12gk6FzuZ3DutoqCHzmJzLaBymmLAQUGGcicdSNUsaWKpy8s:17000000000000000000:OKDOT:OKMYTH
13z7VYUCZMgkJ5AP7wmmSi1eV6EY4iniJjLW4S4MyjVSZ3Lk:17000000000000000000:OKDOT:OKMYTH
153QiHswWLFcxmCwztUo8CDMy5kq5JE34FBzw112BGoi5co3:17000000000000000000:OKDOT:OKMYTH
1213gaphJpkEVvYgVrEGPeHhCR2x4r7Zfc5bBu2eVowAZnj9:17000000000000000000:OKDOT:OKMYTH
12FzTvFPoFupyppbF8neNPwvj9eveABx3pQFcNcpNqCQAM1D:17000000000000000000:OKDOT:OKMYTH
16Q4ei5K7Bsm6Bj5B1ZbG4PHBQdSiAuwUDAymSqvEWD2H6wf:17000000000000000000:OKDOT:OKMYTH
13Gzx463hssr4YoBNR5gNiH483vTPDKeH39VWJUH2JKy9Cvn:17000000000000000000:OKDOT:OKMYTH
16PttFcMNrRYwg5DH8wmzBLzr9KeQ7KLY2Xyx4MDekjmWAD2:17000000000000000000:OKDOT:OKMYTH
15whcNuR9M4Tovfvgir9Hr2LoF2BbqYvqQoXMkgj8jeU2hza:17000000000000000000:OKDOT:OKMYTH
15Bdme3FvxVdWvtH3VpiZsNij2KsXdSnBzbQiL9rRV3mRVjt:17000000000000000000:OKDOT:OKMYTH
151TQh4xbnQhzueV6gFR6j9WuzQ9tEyCw2R5T5vysfgMi15L:17000000000000000000:OKDOT:OKMYTH
14ECFAVNEzfJUjU51CBWPPjgr1f12RFdH4HNGdVSBrxhkQZE:17000000000000000000:OKDOT:OKMYTH
15YARD3DG7S53q5maeEPsuC9GvyZ8CQk1SKyp69tcXCc397Z:17000000000000000000:OKDOT:OKMYTH
14tLovT2yDRVaeE1GFqbBaTkaLz25zz3Zw8Fcvb3hfvaJz82:17000000000000000000:OKDOT:OKMYTH
14ZW3eg9Wvkim441Jw3qnyJwBumRjhdUCx3ZVqXYZ1EV2cnN:17000000000000000000:OKDOT:OKMYTH
14dpZhBy6rAgh5VWHr9XHh95RuswFNgsBkr72xVRBFjJz6oj:17000000000000000000:OKDOT:OKMYTH
15z9pgmYxuyuAKkXR9eiqDoUA8ouUTFkTgeGhiRKZ6v227ct:17000000000000000000:OKDOT:OKMYTH
16ko6j2HUKEjWw1mWDNPFRcqsQWgzYZ8Qp1V5Ax6hc1Wg4BA:17000000000000000000:OKDOT:OKMYTH
14zkTQB4CPzxae7LZstE4QijJPPDneLehpS56XFaGkJG8r4e:17000000000000000000:OKDOT:OKMYTH
14brVKF6phqQF2DEPtc2iFtQ4WBTch6QBD8szxdNjEmsAGs:17000000000000000000:OKDOT:OKMYTH
15zXvCpm2sEpXDHVK3eDpqnGnEXPFCTczBmRTKZ1tG6CnnLE:17000000000000000000:OKDOT:OKMYTH
1Z34pVicKVSokpGcXmaoXCQ7tuUpXGjUwFmRDXYM4Xaxkz4:17000000000000000000:OKDOT:OKMYTH
13ioPvV8eSEBYq3xrm3Wa75h8NehwNrwgj781gCSxz21Mr3y:17000000000000000000:OKDOT:OKMYTH
167iABve8gwGvcYPHDuNJvZXmAP6wacA3SVSpEPMxhfytGfi:17000000000000000000:OKDOT:OKMYTH
163tvhA5Yw7oxoQRjtkcCVACShxvhXYkKnDumwauzGJg9T16:17000000000000000000:OKDOT:OKMYTH
16MG17v37vjagUr2a3Ka4qhZvkqFF4Tpuvwsm3qtVAJLKrux:17000000000000000000:OKDOT:OKMYTH
14xLZE8fbmoUKW3mRX8t9VnFjNvEggHEWQtyJ4m8wr6JAh3U:17000000000000000000:OKDOT:OKMYTH
1Gn9Sox8qshFaiGL1SNtqnnsHyWZAqjy25kV7GvZWLqhtAQ:17000000000000000000:OKDOT:OKMYTH
166pzHXAFTCpDJ8CrDZmquLkvQcmRfX1mh2Cwk4cNYxLcfkr:17000000000000000000:OKDOT:OKMYTH
13WVaqVz1HCuNDeAekRsTgB4VCfm3ceCsHMZ3QdAfrAv5iJ4:17000000000000000000:OKDOT:OKMYTH
14sQCiuVXY7bEXhabm6vPoEdREWzNT4LpweycPwXPYrxoYXq:17000000000000000000:OKDOT:OKMYTH
16DQLWX9eDc8pvM2Wm8yK82WKuC5yZPmt2Q7W6XKKpVKbVMz:17000000000000000000:OKDOT:OKMYTH
166z2N5hLTk3VCNKGRjVmbSgEzSGaEXZos5KiXpAgpy97HRu:17000000000000000000:OKDOT:OKMYTH
12U4kqeJeBZrXfXiMuaE6F5MESiLp1P5KXYSHgXorSAqipZU:17000000000000000000:OKDOT:OKMYTH
14s66Z6qsv6kDgTqBCG1aUeqPYGPEqnCUHdKUgVACa1G6evx:17000000000000000000:OKDOT:OKMYTH
13PMLKPyEHzVW5carDV5yKA3XJykizGL8koXRfC7J2vPPAVX:17000000000000000000:OKDOT:OKMYTH
169TuuQjJjR1KJv2uGwDTdNpHWQNN39ajfeyoT96wke82rxD:17000000000000000000:OKDOT:OKMYTH
16Hxaepp1hBBcA8jiGt4GJveJbM6w9NTgJ2Ce7pEmH3Qgi1A:17000000000000000000:OKDOT:OKMYTH
14Rz6QtMAefjsVbQsRi4Kyg6uHdqLNa1pGm2JL9SqLfSJznQ:17000000000000000000:OKDOT:OKMYTH
15oRHZghRWVGfLm5RbYbepRB8cPpLY8Eu5eL9tEwAu5DAswi:17000000000000000000:OKDOT:OKMYTH
16BDxS8tn7H5eLKXEKHGSsQSeaUQ14GhJ7oEpiGVF9fwTCKU:17000000000000000000:OKDOT:OKMYTH
15aBsfGExWwRk2sqvpDNZjRtR3GJAfKh57FB5RhAvMoTGiqZ:17000000000000000000:OKDOT:OKMYTH
14M2P2ksPegTSaMdu2rUWmfusa7qGiFUyhdCEUDF9oB5Ajxu:17000000000000000000:OKDOT:OKMYTH
15tPVgYaetfnoTe93vFdG7vfQ9WCHWTKB7HnWKXsaPcqZPyw:17000000000000000000:OKDOT:OKMYTH
16Be3KqHkBGc9dFbA8GDBivoYeM4V7xJxmXZ5wDWagSbgwMY:17000000000000000000:OKDOT:OKMYTH
1j3LRyphVyHFvUonVRoHG1PaRwcwvz8Axs7VYyFFS2PZ3MU:17000000000000000000:OKDOT:OKMYTH
14LnfVaC6utVLUEJzKrsYXJ6quohuTFcpSsuqTGg1VfnarbS:17000000000000000000:OKDOT:OKMYTH
13j3ay6TKQ4bwwYF37yquXeAtzuTWQCdZ9u3QQepCjPpXpVB:17000000000000000000:OKDOT:OKMYTH
16dJoHzVSHSNCk2i1EocfyWwmykprRxfKvi7W6SeZx46Jh1f:17000000000000000000:OKDOT:OKMYTH
126cjRtCGGABYbpjnsEU7Qaf6rmCyg2s6eREtAUWayik7Lxe:17000000000000000000:OKDOT:OKMYTH
14KwHDZqV9taLoModfhPMMXUCBtWRWL7pd6bxLiq1KHGyWAm:17000000000000000000:OKDOT:OKMYTH
13XjHDm9fx4Pxj8bv3y7AaNt9KNWKAUUECSpB7jZPQXwr7nG:17000000000000000000:OKDOT:OKMYTH
16DnZ89kzVMwFBFc5gmHY9nrBGzko8vuYz4CdS1KuTY8E7Rk:17000000000000000000:OKDOT:OKMYTH
1HK7F1rRXrpA2GjUjngoGWxjubFc3KDZSUAxLReTnek8K9F:17000000000000000000:OKDOT:OKMYTH
13mn4hNGTKCF11v7iRJkGUfPVJZCGtErD8uBaV5bAEnKXgyJ:17000000000000000000:OKDOT:OKMYTH
1NDd7CPrqmDivANjL81ct6PyQBVoTWrjSexRNg1QjYUW7Lv:17000000000000000000:OKDOT:OKMYTH
16EjiJxeNftgGZgSP9px1BcY8exM1KNqirzoVKb5Sz5jiE3Q:17000000000000000000:OKDOT:OKMYTH
1pywAm3X7hyVCmKdrVKRPaiLUjBA9xwbosfHbFbucWiKwXd:17000000000000000000:OKDOT:OKMYTH
14Ka4WZPhbpdGoF6Tgf2SzhsF6dDNdGEoHbSVNAkdpKFKdMG:17000000000000000000:OKDOT:OKMYTH
1yB2fLhtwzt1ZjfCLXxDQs5xnRKD4fhBo1gxT8zXsD5hD2S:17000000000000000000:OKDOT:OKMYTH
16FyxZ2ZFN9ArBY8ugEK8PPzL7bPLMScsqin7WVYaYay4Z8y:17000000000000000000:OKDOT:OKMYTH
13bD3jBtijShMG8824TvKCayfcJBQFD3xvb8rWo8zifK7nBs:17000000000000000000:OKDOT:OKMYTH
14JsGyD2HjD3qxohWrX5srrd8wXku6iRSZNbjUJfeYFpJW9j:17000000000000000000:OKDOT:OKMYTH
15tcCZdEi6MbWTwQyy9SkXBZvQiRF5p1ZykjjRwXPEffZa8J:17000000000000000000:OKDOT:OKMYTH
16GANMc87u1TWEHFpZDPEb5JgfffcxzeYAbSH988416kJfsb:17000000000000000000:OKDOT:OKMYTH
12nJtoHDGGtjSma5NYL3quGdYt67VQ9r5sWAUVP5tpb4auL8:17000000000000000000:OKDOT:OKMYTH
14Jh1pPE3Ky4TUMKSLrbj6xDdMsKnjH9zez4kbP2cqLjPejZ:17000000000000000000:OKDOT:OKMYTH
13NWtD9GbU7minZrKA2xLWxsBHy3uPi5ho7dL4GZTa8x1Z4d:17000000000000000000:OKDOT:OKMYTH
16JD1rEQUdyqxvZ8qCvuN85o7tjcFmE3TCZqUDjVTxyzJ1vj:17000000000000000000:OKDOT:OKMYTH
15H3py3VW87dWMdKJzxSptfhvRFkdzbNkhMFbMLZCmJNW711:17000000000000000000:OKDOT:OKMYTH
14JfWJzjDZV3buxkMBEmDBw3ZEXoEnKKm2zD8Cs79ctvfe4u:17000000000000000000:OKDOT:OKMYTH
1BveAUSABGbMGYT157zjoMEs5Ywi4WL8TYBZeUtCpfYCZxS:17000000000000000000:OKDOT:OKMYTH
12eBs2zUmkpHQ7wii1GMfoX2ayfsUfSiph24Qce5umqeeBju:17000000000000000000:OKDOT:OKMYTH
156JL9qSja2b25iSCHDwJhvSZ6ChuiDMt3C9TKJN7YrBg6WA:17000000000000000000:OKDOT:OKMYTH
14h6LQ4LRdm2tHeWpKY2QxMuNJWCAQo9YvbNkDz5EYnMLqjY:17000000000000000000:OKDOT:OKMYTH
1eNGpWGMcotjaAdrhH6ucJkAamRY76TtofJBvFoUNqnrApP:17000000000000000000:OKDOT:OKMYTH
12azrFNsfQymdgQov9m4p3S56ykKKGkZf2kjzH64fxL3vSQ3:17000000000000000000:OKDOT:OKMYTH
1m8HQcenunhePaCDfmZGmYQQqPDhdhct2Eoq1VztQNkpzPo:17000000000000000000:OKDOT:OKMYTH
14Gtc8yBroFs5f5HuCYREA1n44Q4cz4Y5A16MKthjxuHAsG5:17000000000000000000:OKDOT:OKMYTH
14NCvAmJSz2fp1pHREX54Kd4UwakCRyNuyopFPQMMBmrJxDR:17000000000000000000:OKDOT:OKMYTH
16MMiG7cCmZDTJ6GBrj6fN4TxLBribcLbaysbHv8HoocDpjF:17000000000000000000:OKDOT:OKMYTH
12BZ1DMJohCP7123X13Y2d9krtSD4Eo559sQHgVDSYtejgBM:17000000000000000000:OKDOT:OKMYTH
14g5cxpdKcne2ZEXggWabRiBAyzjaxTZMeS3PNyDpFFxx9S2:17000000000000000000:OKDOT:OKMYTH
13zrc4KkvgHpHJw5Ky5xM3bKmKJkJen7QaJWxYHcj4LAKc6Y:17000000000000000000:OKDOT:OKMYTH
129kX1Rqb312FQy6gZPjqnRFx2EwDRaYPAuVuDznxVF3xafs:17000000000000000000:OKDOT:OKMYTH
15V3EakJLEze4Ln7eJ9cXWEzbBhmSLPEhKNAbr4Rfp6wrxhq:17000000000000000000:OKDOT:OKMYTH
13ppnJ2GDD251svYJGY4WkAYiFD8CwoZ2vAtYavCPY2MSjtL:17000000000000000000:OKDOT:OKMYTH
15tF99Qq4ZJ7W9LcT3kVHTCQhxE57HzNAXs4aMjoJC9TZPH1:17000000000000000000:OKDOT:OKMYTH
16RiEYMGxni7uHKCYh3E8ttYG3dbe44fXKQttd9EHgLy6yZF:17000000000000000000:OKDOT:OKMYTH
15VdP44gmi6Q5ehXeiDKMvBxsQRVZ2Nd9QoBqjX1gpJ8yWcF:17000000000000000000:OKDOT:OKMYTH
13qLuuHbAMpvs9G1c3xz8GUtgN2YKpvNcb8hif1bmzHXCtxj:17000000000000000000:OKDOT:OKMYTH
12aqb9b5Vpvu5coya7JhNTYFQ3bhEvfK5MNTmjMif5wDZFwd:17000000000000000000:OKDOT:OKMYTH
16Szk43KVzzmNYRx8bcVF9Dhz4EQnXC2aV4jB12VF74PBHMd:17000000000000000000:OKDOT:OKMYTH
16hwhT7SQMnVWuWsreogAfG5WYUojX519CNGjuTVmCh8Xjpg:17000000000000000000:OKDOT:OKMYTH
14DHbxpZ5QK5j47kCdPK8RVet7pscMu2RofQZFUQd77FXKBx:17000000000000000000:OKDOT:OKMYTH
16PLBm7sM3BTsv1UofJRs8UYx3TzjZ2nvgjAtYoV8UNxFt4g:17000000000000000000:OKDOT:OKMYTH
16Y4DjC2giN9FJNreEFzAqe7pMU5tAKVuYcgFBnLZDu3hcu9:17000000000000000000:OKDOT:OKMYTH
129MZmHDiRFQnGiz8esEhGJaUppJ2mZ9dSZjJzt8wsBRjX3S:17000000000000000000:OKDOT:OKMYTH
14bdqLHGXFTJUQU64KixcDq8BrYLUZEqemXcTKmM74s67b1z:17000000000000000000:OKDOT:OKMYTH
1eDr6bpjbL5RTheCfoxPMLrfC535L9LzutUoqEBpj8Mfbvm:17000000000000000000:OKDOT:OKMYTH
188rni4DpwauiAyM4dY7JyVWbXsSJrSevfmv5ng26pHkS6x:17000000000000000000:OKDOT:OKMYTH
13uSfCZnTVhxPu8x94YjdEZmVi8o8afooV58dZYYDQ4z5iDi:17000000000000000000:OKDOT:OKMYTH
14aWScKfQHoFxVFuLsLY7UYHR3otziSEF7F4siavhFYgUptb:17000000000000000000:OKDOT:OKMYTH
1pjFpkd5trGBBW7puVmJAoXXBzw6m8Hx8vHzS8JWLhyuFp2:17000000000000000000:OKDOT:OKMYTH
1bQZtz4K8dWtDt6Gw9ectyA1hLx1wdyn19e9DYMFRpU8Kwa:17000000000000000000:OKDOT:OKMYTH
14AzRYdo6jLs8rnUYyd4NPPcYknv2vdYZ26bmkDvYEjrUomL:17000000000000000000:OKDOT:OKMYTH
14aQ5jHBaE8kJkQFC92yPBTY989UnsghTkFox7HMeQKSoKVp:17000000000000000000:OKDOT:OKMYTH
15xxS1ms8815bvCCSrxgqAY5MwnjHQLaLQMgj8S8YSXg1JKb:17000000000000000000:OKDOT:OKMYTH
1BtMKHSbtLpfpQYsX37SAjVxXBuCRusiTCMYveNVmppF3eW:17000000000000000000:OKDOT:OKMYTH
13KFXyXXZ32P2vmbsdGLeDJy4oBFAC7hR75mTt1BnZFMWyJX:17000000000000000000:OKDOT:OKMYTH
143YbRpuDMy2yzLbS5j3fgaDY77AdxWBqfzzRi8ha316iSDc:17000000000000000000:OKDOT:OKMYTH
12Kg9H26qeTWvfHLMgXraytGKnDr7acK7HR4mVvHBoNqgLzL:17000000000000000000:OKDOT:OKMYTH
1DR4utjwKfyGyngn89EhCqLKApMyytppFjv2nrvhLmZz87f:17000000000000000000:OKDOT:OKMYTH
1N6yk5vcGTjkjYFuTG1GZ5XQZrcsdKCtnvmmCAYxrfaYh4b:17000000000000000000:OKDOT:OKMYTH
13R3D9Bmvm7YQd1zw1EibbXG8FMQJsX9ZhLC1CsXHBfTBa5e:17000000000000000000:OKDOT:OKMYTH
15tyuksyNJD9XaazY9EYDTy8fv7D7QAw5U2A8ucnnHpH5zyh:17000000000000000000:OKDOT:OKMYTH
1EHLAtsBPRdh9yqsoovKUEfHks1vpx7BCfxBj2bst7hVXkQ:17000000000000000000:OKDOT:OKMYTH
1v6hFkPieWuJ7K7TjE8Et3qiJfhJTLdC5TmMiH8MADpjtjb:17000000000000000000:OKDOT:OKMYTH
13Zp4LQ8D7yB4gR2FjVscYYWpBrPTktphwdBrpn5ULNVjpKK:17000000000000000000:OKDOT:OKMYTH
1kCqHvENJTCVci942wP4xZ8NmfyoMH5MfM2KzZ3Ytes9rj7:17000000000000000000:OKDOT:OKMYTH
1gtJucQvfRju6w2G5F1uxe7uSLAwyEQdGmmWUUP4n9hJuJ5:17000000000000000000:OKDOT:OKMYTH
13xF3VgBe7GzX1pCHrjmrn5YhL8UW4ZGp5uGyBjXjTrAFe2U:17000000000000000000:OKDOT:OKMYTH
13yaMbwHgPJz1Vvs5DqjxAe254m1Gzfb8sDYD5CwNa2s1NVL:17000000000000000000:OKDOT:OKMYTH
15wc9fnAefWLyBHwJyL8b7fH7P48hzAHXmwNtk9AcXocZAi4:17000000000000000000:OKDOT:OKMYTH
128aU9LEknB9QMPKeo9DjbiSYqNxWoKxCr9F3fJnkXPu6sUN:17000000000000000000:OKDOT:OKMYTH
12gLpSe7QH16C9oSAiAzF4CsvroEfx2xrriCvzE6UDatcgd4:17000000000000000000:OKDOT:OKMYTH
13ujQ5yYceeUtD4SdLBTyMJfe2RjLWyQ6mXghUyKnwj8pfEf:17000000000000000000:OKDOT:OKMYTH
12uXDYWb6EruuetPsWm2EFHVHCJpC8KWeJaB7MTtfBH7AV88:17000000000000000000:OKDOT:OKMYTH
1iqpyq5u4yffJpA7GmRiMYqA9eV5MqTrSuqdar72P9pb5jN:17000000000000000000:OKDOT:OKMYTH
15fajiy98EzTJTdgva5ESLFUAMkkLpne4H91vAVxbH5FgRcK:17000000000000000000:OKDOT:OKMYTH
13WJrPQfkGyKkzomhA9hN17222CbjzExThoS55Dg3zmSkLMb:17000000000000000000:OKDOT:OKMYTH
16D1RRo63w5raoU9yYavuqX5XXJt5w4vFGF19Z8f5nuNXcaS:17000000000000000000:OKDOT:OKMYTH
1kvyuU23onbosDgrRFmT3zBtHwxxMvAvKC65MxBRcZPj2m5:17000000000000000000:OKDOT:OKMYTH
1268svpkwryBsQsMZYTBsLzi7yjdNegdhKC7iZBkgZtfaotM:17000000000000000000:OKDOT:OKMYTH
13JzSQ9Z4n7Qj4KwY9Frf5oSLzWwo3ugZVBzT27sbL3eFPuh:17000000000000000000:OKDOT:OKMYTH
1KZTNH2R2Biq9ubPsyTGyXYSWyBsPxX1KFwNRu3joWphjrM:17000000000000000000:OKDOT:OKMYTH
1L3j12S8rmd5GvJsxzBQzFKypYX5yV2kLrPJhacUYVrLvus:17000000000000000000:OKDOT:OKMYTH
14iEG7H2iWwVQAEhWrCzz6sn3w6Jdy2DmsDgYaEA8P4716hh:17000000000000000000:OKDOT:OKMYTH
15JfV9hM6ZGinqFM5bffTt5qugj9fTLS9nQnzPTPdQKJwuJe:17000000000000000000:OKDOT:OKMYTH
135uWoR6i19wdavPioKZPaBLHfbsvADwMboDPUVHzkyLZy6H:17000000000000000000:OKDOT:OKMYTH
1miigmhFqZjB4nKWztfTE56HXBsFgi3geBWu9k3VzznMcUS:17000000000000000000:OKDOT:OKMYTH
12KaCGRUNLhcvQtACjGbEj6VRnMR1aZxySnWLahy9koAq9P4:17000000000000000000:OKDOT:OKMYTH
16SzQrwjntE8ZP9kG6DEks6wyCZMjnThGeE6jdkYvoFb2AqR:17000000000000000000:OKDOT:OKMYTH
14695SbZNVXqGmsFbhGgNpGq9F5NxJcizS5QxKMgs1aLj97t:17000000000000000000:OKDOT:OKMYTH
1Mu92YTje9s5zFYHk6gLTxP1m54dWjmVwAfqDWsWU47Z535:17000000000000000000:OKDOT:OKMYTH
16NfeUnSGYC9ZiCCh9GKGgvm87CBHdLojuWUDCkYecs5Hspo:17000000000000000000:OKDOT:OKMYTH
14Dik2bA5es1aytwCLyAJfiAAjRVoogfVkxrvgyTuA9f8SmU:17000000000000000000:OKDOT:OKMYTH
14dVrKmkoxrCrwCkaZDJe1vRfDFvhKEz2MBQakGsC4ZP68i1:17000000000000000000:OKDOT:OKMYTH
1o4wZnfvD7frsc5sbMy4aLac5b7dg1phwKRwJ2NPKQBkKGR:17000000000000000000:OKDOT:OKMYTH
16PZukPMUgwSrRqfw4zYcqKxzsTbRgLAc3hQ6ArghanjFsT:17000000000000000000:OKDOT:OKMYTH
16iCrLHGhxVaksaLWUHVd55vMZ2eaLs7cPZToBcHNuPDP2JB:17000000000000000000:OKDOT:OKMYTH
13q3M3Gx5RunPD3aNKdhzFVUBQH7S63HbsCS1xb3LuuTkX7f:17000000000000000000:OKDOT:OKMYTH
1qBC6RUP39UsDQ2ZD3zuUXjFUkerFvnzDJTWnAPfjk8mwzh:17000000000000000000:OKDOT:OKMYTH
16RsjrhNvdEsXTsrBeqhfnyAYa5KCA963YkF2ELNhf3aByXh:17000000000000000000:OKDOT:OKMYTH
114Hd8X1jrVKop6jArQG5RBvnkLofft87887KipNffprNQ6:17000000000000000000:OKDOT:OKMYTH
14kioFr4kkHXMWGhVkYSfWBDWqWj438GywnDy1qPRSxoUUDT:17000000000000000000:OKDOT:OKMYTH
1qyZFxynxDaVkFVr5HP71bnDKW3ms3SvSy4UTJpxYJT3itC:17000000000000000000:OKDOT:OKMYTH
12d6LLo7E7qqxaXDYmSF31suLvorfqiRUVdAzvASEfhPkCqL:17000000000000000000:OKDOT:OKMYTH
15ctz3BePQE88g95gxkrhMsHUem3udhCk8ViKswG22aG8e3i:17000000000000000000:OKDOT:OKMYTH
1ZjTPPyBKsdvJv7WnbCtwXhwd7JeCnFaziyaJa2s67SX94k:17000000000000000000:OKDOT:OKMYTH
1271tyGvQXcQzxVQr4ULFmfbTUSnqwHGVPRMuxNNbhR2xorP:17000000000000000000:OKDOT:OKMYTH
12C3RRQsZ8fJkPzrjERD137241pUiNYuU4NaR2UrnPa9KYoX:17000000000000000000:OKDOT:OKMYTH
15Ss2z9EQnUTwUzKsGtRiaGFpRaS2R6woRG35wwbkj7erFnt:17000000000000000000:OKDOT:OKMYTH
12KRs8wkXg5xwNMgGaCTQG8zSnRaMAc1dKyFea5krr16Vn48:17000000000000000000:OKDOT:OKMYTH
126K1acYXXg2xr85EhWNTdfsrvYVnhExvXA87HXoNqbY8TkN:17000000000000000000:OKDOT:OKMYTH
16W1DqqfyU7hmmKtY43Uq6WWWKkt2JFH2ag5majK4pRDQ4Bf:17000000000000000000:OKDOT:OKMYTH
16FqBsP2wnRZ7vE3A1frfMqeUYhXuiDnvVJD6RsaHmoaV4rH:17000000000000000000:OKDOT:OKMYTH
13MYCZxR6JSN4ZvA7fxtDcmjqvHPJaPVAiaKs5EEmYjbonyg:17000000000000000000:OKDOT:OKMYTH
1tD4wRPsj4HkkLoHg18Wfkq43Rb2DF9CbgiSQucidAMbWpc:17000000000000000000:OKDOT:OKMYTH
12BHvvicNqvBPsTJiTCtDeW8DssFbo4kQHds7GkoS1XLKRZi:17000000000000000000:OKDOT:OKMYTH
1WcMg51sgnrfXj7X1BCsg1oXqkrsPJ95yiAq1FipiW1y7YV:17000000000000000000:OKDOT:OKMYTH
13imtbjHQvvfuZDi52T1gvbw3TukoGKSuQyyLjfL9NawVYx1:17000000000000000000:OKDOT:OKMYTH
1TDbw1H8SV2a2NUzvMGGeVJS9paVukKHHjby1dSDr99VFzR:17000000000000000000:OKDOT:OKMYTH
128d1LUmPfHatayYH2ijRwg2tKTs3b38oXN4wNvYdJrVWp8C:17000000000000000000:OKDOT:OKMYTH
15aaRaXEtgcsEkZ3begvfif5JmKmtx6SSy2seuFV9S2WxhZy:17000000000000000000:OKDOT:OKMYTH
14gEbkXjJBpxhPHaKWfUFvcxprRLceS3DxHqLWKnrZdEKBRe:17000000000000000000:OKDOT:OKMYTH
1TnW1tZzeBLhpDztTknDmEshRLa1zUDL71EzLt1gaKRiUC8:17000000000000000000:OKDOT:OKMYTH
1287wMbwBnNm31iBm6qcyLUHzaar6sCq7vnscWdaApRxp81f:17000000000000000000:OKDOT:OKMYTH
15twdstW6Fs9P1bdGRtX6YVKsKsxLVtDbSWwhU3BqxYucXvz:17000000000000000000:OKDOT:OKMYTH
12MxtyWRRALNffP1zvrS43n5dWhaMmTfwZsXtyFyvGC4jG3G:17000000000000000000:OKDOT:OKMYTH
125M6qPdCEWD1pW4Yg2qW6tWa6JtsvgpcTENFgxujmWvwCLM:17000000000000000000:OKDOT:OKMYTH
1aw6m3B5YrH9gJVUj3yq3qymDd39CT2H2Bx4co2ccdCLq5E:17000000000000000000:OKDOT:OKMYTH
13N6VW46jCWyfTxPEUgndXpLiNheEuit1XuKtHDx4RevuQkF:17000000000000000000:OKDOT:OKMYTH
165iMbeSFqbKVQnaHauJDTCRXZwLkCRcezGsA5w45PEkGt3q:17000000000000000000:OKDOT:OKMYTH
1uNm9rSs7tezzpUdCGBE9t8aQMxVCsvRqrByxWPHx31H2Yk:17000000000000000000:OKDOT:OKMYTH
1d43eKYaD74Vz8N3Xozq5HqUvk9wZ7y5FZf7Yxe7BgznpYL:17000000000000000000:OKDOT:OKMYTH
126kBQHpTq6XUH1jT5C7wcR7cf4tEVgHenBCcrfQUgEiuLBt:17000000000000000000:OKDOT:OKMYTH
1368xJiXxfZUVNDg3zGpAUUpkavC1h2vC9wdFMESrgwNSGHB:17000000000000000000:OKDOT:OKMYTH
1Wp63CKGGekP79DyysyHE4kUKsJUHedMRvxqKChzyveurLR:17000000000000000000:OKDOT:OKMYTH
1Ev1heyE4myzc8HerpEeZ37cFThSArDaQhFLgv5T4gq3HF7:17000000000000000000:OKDOT:OKMYTH
14wFT3vVdQQufdrbkFZpLyifE3snQ3FPLeF3kQXoMvXF3zz8:17000000000000000000:OKDOT:OKMYTH
14TLyVpRxQRQ6kbKaWMB5mBoeSGFNrHKcgZVDkVdK9kmGdij:17000000000000000000:OKDOT:OKMYTH
123Dvdrf3ZBRLegxSLAYazy71SmFK3oJ7pFpjeggVchVE5Y1:17000000000000000000:OKDOT:OKMYTH
126EoR1Gu7ASu5sTvByiRspEdsi4d1Gx6rbxSF18nFeRgTax:17000000000000000000:OKDOT:OKMYTH
135kB8Hj2BC3aH97NRMsqPz9sJM4rU8xasKVQM8WrhRwMWYJ:17000000000000000000:OKDOT:OKMYTH
1hWdtXuiXj3Kbs6wTTozd5KLEv6GjRL2YizQBWtkn3Qv6Nt:17000000000000000000:OKDOT:OKMYTH
1xgxqE9nrJZmoMjMdog46awA3vDvhSPB49pqAtSAyaeftj5:17000000000000000000:OKDOT:OKMYTH
1i8opoLHnr34NLGf6NQKkhuQgBSapzzxmT9YjxTyDurhdDc:17000000000000000000:OKDOT:OKMYTH
13dfyfzJhG1CJyMLFFSur3bTaLJAPNRxum5YMrsCknxN6fb:17000000000000000000:OKDOT:OKMYTH
12xe2ZwJTU6b2vYy2c2jVcGd3jA6AZNdhrvDgcdChBa44nhE:17000000000000000000:OKDOT:OKMYTH
1xKg3NFMRnYtCDuvnrk9YHhHyBNZBKcwNTef8dFEQHYyzKB:17000000000000000000:OKDOT:OKMYTH
124D1Wa3U9UQYeKh5e6tXsuNnHBX6TRB5TiYK4py5KUv68AT:17000000000000000000:OKDOT:OKMYTH
13KsNNk2CCFk1KwnC5LzwL7apBnqgPUsFPWjXT246Ba5ECvj:17000000000000000000:OKDOT:OKMYTH
15QErMceJXyh1JY6r4hT4irvaEwAz8JKnm4uJ4dZ8i7KdvpM:17000000000000000000:OKDOT:OKMYTH
1yFC6GGb8G2fgjcrxcDoYHXJuqrBoLtozkMqxzxBR8d8N2N:17000000000000000000:OKDOT:OKMYTH
121qHQT6f2xrj19gsBEvYTXHxjGoay3D1DE1MGLHHaNRohZA:17000000000000000000:OKDOT:OKMYTH
15asmk53R27PAqvabshsVQGFebrsXMXjbxdwJnZTwbS83eLX:17000000000000000000:OKDOT:OKMYTH
13JmLU2Cg6pi7XNxzckqkHGSP9WCxfVwt9R7JAWo1Kws6e4t:17000000000000000000:OKDOT:OKMYTH
1yJMaxVyhot3KcDgA8g3ub9Cj4ksmnJ85xL58zpGBfDoreB:17000000000000000000:OKDOT:OKMYTH
1MnLVRcERquxvvs8CrQUd9fmgGAXkjgiiyVv2iJ22aZeJFm:17000000000000000000:OKDOT:OKMYTH
15LwhcHmqe7xUFoeUSxiKqsjhTRH4tZZbKASDkPjQcQerkJX:17000000000000000000:OKDOT:OKMYTH
19z1kkzxF87V1iYRb1f38f1yFSbxRjyLqZKnruYJZ6kcBv2:17000000000000000000:OKDOT:OKMYTH
1zijcwLdu95adCJU7yjpHeZfoHZvSq1ANURorAwFH36mnis:17000000000000000000:OKDOT:OKMYTH
11yRQYU848ZXP78XMoKHny8rNCMWSd2BWKhbZmWGAK79wq9:17000000000000000000:OKDOT:OKMYTH
16J4kiK5WbQuqwGv51MEifvrtf773mj7RmC2rz8u8cdzkpba:17000000000000000000:OKDOT:OKMYTH
15H1WU8Zvi1LXV9JasNsWTmU2MDe9aWntXV6XdAbWV3koyUa:17000000000000000000:OKDOT:OKMYTH
1zugcasgdL9AyU12j7GKwdG42aYKg1V2RxB2zjy2RpTDbXr:17000000000000000000:OKDOT:OKMYTH
1pFYuEQbCqUpdced5Qc9MRJJa5dbTm22cVyZPXsBwoneWKc:17000000000000000000:OKDOT:OKMYTH
14JsvJvGM37Z6VrTsY2rWUiLk2U2yKu3EFnWhc3BohiQMXxL:17000000000000000000:OKDOT:OKMYTH
13prd3w4gTthNfuVZQBXkYMkg9J1ZxdXpRReFVybvWqJ77s1:17000000000000000000:OKDOT:OKMYTH
16BCnM4BdftWzXSzT4NDLLAyVz3oCWeYLhSNozUoktkU9RVJ:17000000000000000000:OKDOT:OKMYTH
1ppmsN4zs8yHrReh8MMPesyA72k5gJz6qQCWjdP6Vfekkt9:17000000000000000000:OKDOT:OKMYTH
13x7x8evViCgeLR1JVmbZmGKZyt2pzmmLKoCdoC7jmWe6Fbg:17000000000000000000:OKDOT:OKMYTH
131jAJ2YeZ5YmKcTaxfLAK6ocdZ982npyJN6gjugsqhyRLS9:17000000000000000000:OKDOT:OKMYTH
15JpCmC7aPYoGad4JGYzygCjoafxmZz6tj8AQMkuMEqTJgKW:17000000000000000000:OKDOT:OKMYTH
1S2bxzrnb3rq6UWRNDidCQA9nkH5yDBc4qJdWXCBqEeRtoc:17000000000000000000:OKDOT:OKMYTH
16893WFRsTjjtUUZrdETixeAPBcxfFgpKQdtE7WewMDFFuCc:17000000000000000000:OKDOT:OKMYTH
1CejiL54vd49P4PyC2gp3EinittRHr9o1aU7zP5hRJMK7eQ:17000000000000000000:OKDOT:OKMYTH
15du4aeHE44uuAi1gn5kyd2SES4VMmrrtDByNharYtUHnW6L:17000000000000000000:OKDOT:OKMYTH
1s3Cz3ebZcK8P4Cndb5uP5RtJwuZkMcxMvqpkHRF2fPSW3X:17000000000000000000:OKDOT:OKMYTH
14NJbAD7B65jFfN3xTyyrokzPbrRdmuAZ5BAsteH8TGoBhk2:17000000000000000000:OKDOT:OKMYTH
16ccX4eqodxnf9rSJ5WNbq5pLd7Fhu6r8cNLepNYDZsq9WVx:17000000000000000000:OKDOT:OKMYTH
1NdgLmSyoyzEvF3nWkn9jtS96jdBCvo2L6DZQx7YDfz5HRQ:17000000000000000000:OKDOT:OKMYTH
1sgvPDKvQHNqfLbPh7NmwVSFLYe6REJgUT2NWnVevxrpH9e:17000000000000000000:OKDOT:OKMYTH
16V5KKFNFhFUCAnD39HMN21KU2k1WS2Gj9nikAJWkrN9jFko:17000000000000000000:OKDOT:OKMYTH
12xxSUk9WbyCcnUN5i85SUAgf16sxH7BEZBMTgGFZea9BAq4:17000000000000000000:OKDOT:OKMYTH
12GX9KiPszdNvqPo64DLMJoqWrFiziN8prSxhqcUw1GYuCoi:17000000000000000000:OKDOT:OKMYTH
1uiZv9zdrgw1aMVzRjsLSXCFv1gnjoNLguXuaPRoxcq6yFs:17000000000000000000:OKDOT:OKMYTH
12QmPgHoRGAagTL34VfzqizTYNFC4cm4scTLmwXTG2Xsw39x:17000000000000000000:OKDOT:OKMYTH
13f3ifKU5X3nZgsrgA8MrL3tCs9zxYamW67Lyh3PhZN6aqZL:17000000000000000000:OKDOT:OKMYTH
15UxUxnJZ19p2MCjVw3L4bxG2Vcn1pwR1DPXjeZnVdVLYAtQ:17000000000000000000:OKDOT:OKMYTH
11KQgU6iowFACWmKXuCss8p7rcJQydT6VsjVGgM5ocxVQk1:17000000000000000000:OKDOT:OKMYTH
129XPMqMBDU15mJwztZ2rUwihi4rJcP8RqWBRHQu8GSquQ43:17000000000000000000:OKDOT:OKMYTH
13gToeAmxv5UtDNvEB1trEjSY5j7aaxK1yzGN8h7omKp5h44:17000000000000000000:OKDOT:OKMYTH
15GedWyLa7c2reNKR9DxqBGAAhAHDWDAWYCEHFoLJaJ1mmFa:17000000000000000000:OKDOT:OKMYTH
1vfh4WtfRERYNY9mkEyCpEPYXPqLqESFM8XuHFRELW6qhCB:17000000000000000000:OKDOT:OKMYTH
12bDQt1BdjSoC9GJbzeKyAvBYJFWQMzE5BySgW9cBeVfhv4q:17000000000000000000:OKDOT:OKMYTH
13H25eeuW4e3DgMyC6cjy5fSkRVXpu5MQLKpKnPdHhZMqU1D:17000000000000000000:OKDOT:OKMYTH
12Gx1AHvw5JCkVYruHfjyYeGXzwRbFkm3jvckaCpYPm2WW5Y:17000000000000000000:OKDOT:OKMYTH
1W2pTWCwR96B4x5Ck5er5F5cJVBNdtS3oDH5yyxAm7uidw9:17000000000000000000:OKDOT:OKMYTH
1XDzQYv6YMX5a4ufwoLVU5psiMnz1cJU1WHAjT9oWNP4SAh:17000000000000000000:OKDOT:OKMYTH
13eUWVbdd48vYuXeGmt1LQphhNZJmBo5yCRFLfDFs7k1n8CU:17000000000000000000:OKDOT:OKMYTH
1122srAYCs35mTXSEsW4VBTYm7QYJmgaNKXPFtny9WyRMAhb:17000000000000000000:OKDOT:OKMYTH
1wnuziAFX191RdUeBR2G7xcpLqFVtb3XyEWsvFe69qBpgUX:17000000000000000000:OKDOT:OKMYTH
13NCLd3foNpsv1huPDzvvfyKh37NEEkGFotZnP52CTR98YFJ:236000000000000000000:OKDOT:OKMYTH
