13x18mW3TFY1g7fgXNcbFQyDiK96pBiNj4uecwrRoY92rX7a:17000000000000000000:OKDOT:OKMYTH
12Y2KRmwZ2oQ9YE8MFAjaTKCQxRkYmN33FiR34PXPFp5y65B:17000000000000000000:OKDOT:OKMYTH
12WELD92PdPgW13Ce7AmEzrCp86bZwqgfMj4ysZZs8ZXxjLq:17000000000000000000:OKDOT:OKMYTH
13zJRk9NEw36rZWzq4qr2RUfizsxm6xMcmyUiNzVBcfcrFjw:17000000000000000000:OKDOT:OKMYTH
13wJLV1MMKuCoWJm6Jn2zJ2tvx9KikNbM461mJDHpK2ZQxXq:17000000000000000000:OKDOT:OKMYTH
12Yf4vmeZYN3P3iswcVuCqP5fJAxcydSFAbzLgiEff2UzPYX:17000000000000000000:OKDOT:OKMYTH
12WjMLjyVT3eizE4ifcuKajFRPhd6MgVqv42UbRPNb35bKsy:17000000000000000000:OKDOT:OKMYTH
141uBj83Ps9XfkKkdqiWrEqushMP1P9Rjzs1fjJwt6Q8k3Uo:17000000000000000000:OKDOT:OKMYTH
13vW1y4BSgmqiF7UUbmjXPZM8PUKrfrcAi2xKvxJQ9Uay9SX:17000000000000000000:OKDOT:OKMYTH
12YJ6TGx6vhkE7nwtJj3rrPgjVV1E2Xgb83MN4c2FZkvhuWU:17000000000000000000:OKDOT:OKMYTH
12xnD5eoojM3PFJDSLueKh8UUT9BLYsXD7Fa8n75uFjC9aoz:17000000000000000000:OKDOT:OKMYTH
143gughRv22cRaKXiGoc6v36681PhxF1abC65XVeEATFv4gn:17000000000000000000:OKDOT:OKMYTH
13UVJyLnbVp8c4FQeiGTsiLkDXxnGUhi72DRkLU5qqYaSb2G:17000000000000000000:OKDOT:OKMYTH
12ZQWkYUunaSgEsjR355WKGoPzhonXFZcBFoSbFxusQtYMvU:17000000000000000000:OKDOT:OKMYTH
12xZaQqY6d5P6Uj82NCrT7SKmbZKsdL694nbgTxtCHuq9V3H:17000000000000000000:OKDOT:OKMYTH
146UmNxeEjBTbuv9137VXPajbiaeALFSjJBvW352eN8dxoF6:17000000000000000000:OKDOT:OKMYTH
13ueVPCa9wsV6dom9T6uMeXhJ6omYfyvM1FodofibTgCQXJ:17000000000000000000:OKDOT:OKMYTH
131wt4VCFGnEKFPK5ZJ8ZsE2CuoYGXL92CKUbARvUKen8XV1:17000000000000000000:OKDOT:OKMYTH
12zsLVPQCz4nepHuVkpwADTjxBQ8Wx3Hym8SvyULA5Pna273:17000000000000000000:OKDOT:OKMYTH
147hdhMx7CEo77rrN9C43SE4KN6odGQfLhDgcTuTAptkxB9m:17000000000000000000:OKDOT:OKMYTH
13Sma5YAqoHi6NQsKNYJYWPFPJHvR4NrBqSuoqfZAUn67GjF:17000000000000000000:OKDOT:OKMYTH
137iGMPGZyg6rXQNe1Cbj7T3QjDY1SQa44STmHE5b3Wvc2o2:17000000000000000000:OKDOT:OKMYTH
133a7XM9y6fkPbFppjDDfgVhiDQXCfA8r8PEXqabB6xhLxZR:17000000000000000000:OKDOT:OKMYTH
1486QqH9dmzrb161FuDf8HNDdRUbCguNtikMgAKbbaYrDSHY:17000000000000000000:OKDOT:OKMYTH
13sLs2StJJy3uiKg46fFXs1A1NuWwz2gpsvDWwrSFhhugBxC:17000000000000000000:OKDOT:OKMYTH
13aNLmg1cMCjgRwHRjfM63PKQgbYwNxFbqr629Ev2LVhYTdF:17000000000000000000:OKDOT:OKMYTH
138LYmCfDRrt3FxuT9hraYggVfyn6nVkwsn8VZpP3Pnt6xpa:17000000000000000000:OKDOT:OKMYTH
14aQS2T41w1DJHGuikm32ibC8cJZZiUT2rw4QZ6U5XNbZDHj:17000000000000000000:OKDOT:OKMYTH
136DivBxz7GJpAXjtFT52EePEpkT5NxyruLassGvUEPfxLPo:17000000000000000000:OKDOT:OKMYTH
13bbFDeP6aVEvPeznqf8hMDHjGaJy9XCDhLhPp8nFevPtmfB:17000000000000000000:OKDOT:OKMYTH
1394ch7tzr2tn5H6PCZgutcVqMBxtWRtdEF9cxnKRshfMr1w:17000000000000000000:OKDOT:OKMYTH
14b6RTwq3Zrp3edBqyk3EPY1zqrRtj1p6gaVvuceWdoHnzBn:17000000000000000000:OKDOT:OKMYTH
138ic5oTz78cwwDf15xkeeKaETxgdw4F8jiV83DF8XQWWajr:17000000000000000000:OKDOT:OKMYTH
13Bem8Hb8ydmVFdRNrgvbbGfeYzg3hBuka6bEqTaZGX8tZL8:17000000000000000000:OKDOT:OKMYTH
13BivHTe5ouPR5KfrgsSoCHeeCtGsxBG1FJM7DEAVUHhQtSa:17000000000000000000:OKDOT:OKMYTH
14CPrujFcdd7UKvGfEsvd6Szv1RGyNamKyGXBAJWeLvhJmDK:17000000000000000000:OKDOT:OKMYTH
13RkuQLYpNZzMuvHGcWjLh9tR7kBmqHQgdykbCcqLgUq6hDY:17000000000000000000:OKDOT:OKMYTH
13cKMoSSNqeQofycVZ67aCBe6Wra1ZxZJiX2YELxhTBRyLki:17000000000000000000:OKDOT:OKMYTH
13cgyc86nTmwLDjhAeaYdUHGzGTqUT7u1bQWBauU2fogY99S:17000000000000000000:OKDOT:OKMYTH
12pdWPCWGF4L41TJbMmQFqAHbM75yZc3Fy2Vh2NdZEwVqtwZ:17000000000000000000:OKDOT:OKMYTH
13rgwfnsqqPsEWt2211VhGtMnTgH4cwUuMGqzaQ1U3M4XscU:17000000000000000000:OKDOT:OKMYTH
13CQKZxMn9t9yJkTABQzGLTizFqTMZLWJqfQs2YEBofYmNFz:17000000000000000000:OKDOT:OKMYTH
13cvocycPvy3oPdEN7SzT1C2HLin1NSsptTZVfHQSone814W:17000000000000000000:OKDOT:OKMYTH
14gQZgpBd5vHcZohBWNHodvoheJnUpV4xriiXdDFnEt8b8XX:17000000000000000000:OKDOT:OKMYTH
13Q8tKGt3avsMvwzaTdbY61qjQTyQn5AEeeThdNgcNdr1vhH:17000000000000000000:OKDOT:OKMYTH
13EM7Bp7oTeDtTj66oNXeWXBiL1f5U3dWmtLicDFm8yhQu3d:17000000000000000000:OKDOT:OKMYTH
13EoAFrFgsoFspxukJ31PW4sXcuPfRJxRnxdFRQgN1rsvDBN:17000000000000000000:OKDOT:OKMYTH
14K3QsQJer96TTM1bjtcBxX5xUNJtmoH2UTiPgNginaErXgu:17000000000000000000:OKDOT:OKMYTH
13DAVCpDcDE75dxiKD7vfsKrMQZFgchbaKdn5pFs6D56cWN:17000000000000000000:OKDOT:OKMYTH
13frecC2rWYXpWtSBXSzoJEvDuWXkh4KPrM4Wbga2oiVXd4S:17000000000000000000:OKDOT:OKMYTH
13EoMNR6N1ZMyeZGVwYgtp1zqaqNGZaBBjJnEkDy6PM28YPM:17000000000000000000:OKDOT:OKMYTH
14MbeDphjmxoXX6uMFj9SzTRos7XTropWKNE44AKBMbdGvqC:17000000000000000000:OKDOT:OKMYTH
13JGNCYX5ccppq9dZXbZzLEsynHqdywcE7Q3qCZxdWeU8Hvw:17000000000000000000:OKDOT:OKMYTH
13HcjiW4PdQpSqF64vA4Ky33PwbReqyp5bnCPxppjbwWYdrm:17000000000000000000:OKDOT:OKMYTH
13G4Kmjpz8okNqht3dGMpoNqcZS5R6yovXv4HKXnWNSXVUwD:17000000000000000000:OKDOT:OKMYTH
14mDs8GfQgPYtj2aqxKXzRATDZbRiZBdnjvQBqZpvAPJr8Be:17000000000000000000:OKDOT:OKMYTH
13hNUBEcDKDRmL2Ai5ux8Z1GQrV48zureGhcRrAd5WcXf15i:17000000000000000000:OKDOT:OKMYTH
13JbnmmosFie97zCNN9mTC1msb7odacoMzXcJRbqQVJAnjXa:17000000000000000000:OKDOT:OKMYTH
13Gpum8bGr7fJobAazDfseM8MvDJqMCrSVPZ3eVo783ACzf9:17000000000000000000:OKDOT:OKMYTH
14mWK27QJiXBcHX7vMKCoypuNp5sdqztAkQJqBczXxBB6z3B:17000000000000000000:OKDOT:OKMYTH
12NHGSthb4ykWsdTUXP8MoZptJHUTcoGMwfa2EotGxwmtncd:17000000000000000000:OKDOT:OKMYTH
13jMHGrQDcYV2NGh1tnCsTxUYu91WTc1nYAty2Qz2w7dSpom:17000000000000000000:OKDOT:OKMYTH
13jSxrQL8eQYR6ughmvv9bs8KndSihLgy5B8FJ1BUYDFycT8:17000000000000000000:OKDOT:OKMYTH
14P8GdwCxgBBySrn4YbWqPjbxzuqx5pAcPviKgEKfmTzMJr2:17000000000000000000:OKDOT:OKMYTH
128w2vKjHACDukpDehPfhTcXHKpUyJ6hFrKdAzmR3skJz2Wy:17000000000000000000:OKDOT:OKMYTH
13MipRHwNGTJ4FMmq2VwEBw929kmN128qfKzRcA2ktAUPxhN:17000000000000000000:OKDOT:OKMYTH
13KruanMo9hstap8fRzBtajxvaLpxNFG4Xokn5o5fTZrKj8Y:17000000000000000000:OKDOT:OKMYTH
14p8t6weHNaDULMAYGepF65HsoTuALpuBARPihr7WKznMxDg:17000000000000000000:OKDOT:OKMYTH
15SwbGQE68A92pLfPSHGaiBZFVJfbrjrZxizpvbHdRdGmE35:17000000000000000000:OKDOT:OKMYTH
13MS4cwi5zw1KBi6Y5fHixtKP75UwUXLfaDBnWNCh7JzaZv7:17000000000000000000:OKDOT:OKMYTH
13MPegKFKpUpEsoaWeuvJmk9m74xJwUQnWAykGiWjP7r4LSr:17000000000000000000:OKDOT:OKMYTH
14QgSkLJuQrn1qH9aQsdmfdWoG2usZoqGEihd9Sp7KrnysnL:17000000000000000000:OKDOT:OKMYTH
15sh6damW4F4GRifcU6Rj89NAwN44WFEkMK3rcJrg2tQb8TR:17000000000000000000:OKDOT:OKMYTH
13Mwxryy5x8Srg3aiEmdZcgdyTF5PKAVF14qMyNR4hZouqjj:17000000000000000000:OKDOT:OKMYTH
13phChmstvohy4vjCDNVTEdgrF2wqXwnnD3JZJVL3PyrbQmb:17000000000000000000:OKDOT:OKMYTH
14RZDJ2vGfCzE2YBZtnryUZRSV4gLdNTmWZ7ojPh9G57LEF:17000000000000000000:OKDOT:OKMYTH
16XqRqcSWCqcc4TeSiV6fqpKB6zLw7ESgd323KgdmGCcRsgE:17000000000000000000:OKDOT:OKMYTH
13MYf5HVT5biHRKMoiD9Y7qSr377vXDheEp8dzfiwGMFycau:17000000000000000000:OKDOT:OKMYTH
13R2QgzNikDERiG5iXmdmVw7yBiWwMvnRLajF4qREvRGZrHv:17000000000000000000:OKDOT:OKMYTH
12PbgNXvchJiX1UYv4J4tj6sFHXGcm4YW4aLGVeJn4CX95B4:17000000000000000000:OKDOT:OKMYTH
15VHzc2gHBsyE2TvChJXmo3k62VJAsj6oWPta1vqfTNMT4uP:17000000000000000000:OKDOT:OKMYTH
13mzBcqjJfRtNek4iQPzpfzjgd4VtFz4sqZk7Mq3cNgPRchP:17000000000000000000:OKDOT:OKMYTH
13RE4usFivyyEcQo2ocYRHMCGogXK6tdaZLyQcZDwnCR89uZ:17000000000000000000:OKDOT:OKMYTH
14uB8GAheeqhHuumjQ2Gt8YMyYaDGsjNThFnhc3V5eSNuqqJ:17000000000000000000:OKDOT:OKMYTH
13hcuDJAhm5QZySKAVMTAC8GCTgS8ceUPKZ6Ao27XzL15SJr:17000000000000000000:OKDOT:OKMYTH
13NrN9CLKndXQena33S6NvFcrJtr6Tsp9kBWVXmwZezgfvNX:17000000000000000000:OKDOT:OKMYTH
13Rg6gAiSmuUXjdxEf4rB5rf1rRRxhH961sxZUGsWKccxepw:17000000000000000000:OKDOT:OKMYTH
14wzUEHN7Vvg6Y3Z6GVB4YGAtwJJjhDeF2EkXC3vbfntmGJ3:17000000000000000000:OKDOT:OKMYTH
1L1ZpRfjysscAdXrSpYXe4YJtuKYQ1G9gK5fxEPDisnnN8s:17000000000000000000:OKDOT:OKMYTH
13NWWc5LfQYyPQwkXQFs8VKB69p993Rkzm4FSPB9X3LbfuAi:17000000000000000000:OKDOT:OKMYTH
13sADXNLauxTC5qe2wHWPJJqhrjCVosRVdnVvcpDFSmwqo6v:17000000000000000000:OKDOT:OKMYTH
14xFcNgUK247Fj75xxPSGSndG4MNyh8S7HcJCxRz4pxk64he:17000000000000000000:OKDOT:OKMYTH
14QTGnnv8dif5xfvNGXEXW3mQdKvsR9bd5HnCKMeTah95eH2:17000000000000000000:OKDOT:OKMYTH
13onrQ4UGeA9VENkZ9caLZ74DQkmXsBzoFS1kKrqmzdYVtCZ:17000000000000000000:OKDOT:OKMYTH
13T1xDNXiQmjG1XHLgianZSM4PiYbyqAWT23dS9Ggpi3NJcq:17000000000000000000:OKDOT:OKMYTH
14XwMQ83h8goFy1jPyN9cA3M3yT9ApdeLHPbPhoMuJFH2ELJ:17000000000000000000:OKDOT:OKMYTH
15dAwD3bfiE8Gq1MwTmEdCUCanKjWd9nkq9S6Z4bFkrheu4B:17000000000000000000:OKDOT:OKMYTH
13oqs8XAuPuarEdMpM2awCJ2fJKNFxRDSR2EHFXCe77jHzWE:17000000000000000000:OKDOT:OKMYTH
13uJ1gcSgtecePbyveSX7pBMri7m5F3tYJxUpiQZT3m9EMPd:17000000000000000000:OKDOT:OKMYTH
156WzfTr3eueoThv7LFDbZNBCJUToGTHkZPYWizHXLJvByxD:17000000000000000000:OKDOT:OKMYTH
14oWj9c6X3jbzUyf7t6AzYpf1ugDaSpu5kG3rbVcP6z3EDzR:17000000000000000000:OKDOT:OKMYTH
13PZMzj13SmLnDWwWRPFuxkFyf98sFvxPYxV7QmcCCiYtkYS:17000000000000000000:OKDOT:OKMYTH
13uzfrCRN87GS915XyLihpNGtZmUhF6cWQkjp8zFTbQsbeAP:17000000000000000000:OKDOT:OKMYTH
1587GNd8kKxahziNNuyRDS3H82oiWaW9vvUbuAA97GcoSJ2n:17000000000000000000:OKDOT:OKMYTH
15AtJPuDKMfGyLchneaesfpHGaWE3FRLHSBKo5usm5qksRLW:17000000000000000000:OKDOT:OKMYTH
13RrGQekj4PpbhDqXAeKLmx6PXehB3noF8unBVkhzFCHQPev:17000000000000000000:OKDOT:OKMYTH
13V9xYim5byeWUfxs5Eb6FMQrgUAfxNxrPBDUkumgioFBcZM:17000000000000000000:OKDOT:OKMYTH
15ap4G9DhtG5d9JonvHToPvAHG2o8KG5BgRAxFa2dhA4aewf:17000000000000000000:OKDOT:OKMYTH
1hRs9SZJKu7mekT3t1QXjWsXF3cvnj1ZkZbVgwwEyDmk7s6:17000000000000000000:OKDOT:OKMYTH
13UejdKjunyFCuY3mnTtsqhR4E5sy5fU16kHik6N37LMVFm2:17000000000000000000:OKDOT:OKMYTH
13veE7nBxAtXXDkrXogn9RNfn5R5B2w3hevY7aN7shSrewH4:17000000000000000000:OKDOT:OKMYTH
15BBD81AFS9bivo6ejsNtyrdVtB879jHv7D3qZ6yPKEncmWe:17000000000000000000:OKDOT:OKMYTH
1uxnE8SwQLJLew4RHSEtdCmUA7bE2XYMntKSWEnkoAZMEMr:17000000000000000000:OKDOT:OKMYTH
13uqDCfMSKucysKFHWz2GJNfrenH5vLU82TErmQiBuheetz1:17000000000000000000:OKDOT:OKMYTH
142mC9iebZPJ22xQEL7V6qBanMQfmb9c4TAJRrALRfa2Gtf4:17000000000000000000:OKDOT:OKMYTH
15dxTe8bWVHK4MGKPoMmivtNbDTKduBpdJje9WYJ5vpm4fWa:17000000000000000000:OKDOT:OKMYTH
143wwwKz3nxLJXKksDZbhG2EHr5ts66RGBvRCV6eWSVnmopd:17000000000000000000:OKDOT:OKMYTH
13uTuNGwoSaKKkCTug1uqiLXTkPeQ6PbByz7uhjNdCGxs6SC:17000000000000000000:OKDOT:OKMYTH
146qFeMMkuBtvYF6TiP9juTP6zE5kWbB4TwUDEsEn5s6Ur5P:17000000000000000000:OKDOT:OKMYTH
15ENAc31XKS9mikhPaJCH36nTdkTDPpQnQGt3mD9TgvKGMv2:17000000000000000000:OKDOT:OKMYTH
14L8J3guDZakcMfL2jjZtLDcJJ1w1w5X1i28yNMdVVARrTy:17000000000000000000:OKDOT:OKMYTH
13wZCM9kr1iwXCVrWgQxE5kx5mEeEsVmxpptmgAasoDEXFAd:17000000000000000000:OKDOT:OKMYTH
146yVG1QA8gDQjx17nVL1EW79TsFRE5Nn7vnT8JJ6shynRRR:17000000000000000000:OKDOT:OKMYTH
12oWMKtShiFzi2fvoXq9QcZhbS18xoe6zFfRP2Lx9tSytYAt:17000000000000000000:OKDOT:OKMYTH
167fijM2r8krSqGEqHLunu8NNivrupCYtaLNctoxij6vLciB:17000000000000000000:OKDOT:OKMYTH
147Mo5cB2UEBNwJ5XGGo3H1W1HZmEFDDv4rvFohTN2d4Z1Kx:17000000000000000000:OKDOT:OKMYTH
149xijEDDjxYNEqY5ejSigzfXBTHdR7bTJJ3FgJCQAWEk4tq:17000000000000000000:OKDOT:OKMYTH
15GjeUakaUVUx9CCMhZwauX4uWpJieRNCHZbgYEG6hBDSKhe:17000000000000000000:OKDOT:OKMYTH
13iieXq5EinDsygdGZp9aSXbfFdv9tUghAjr7r8fM9rFzCUG:17000000000000000000:OKDOT:OKMYTH
147xXzimmEVemY7YfztZrbj8jEqpzB94FExBWtq1oKyS2EmY:17000000000000000000:OKDOT:OKMYTH
14aCxJS3wHRj85vH9kvBWM7ipgkNJ2RCt23gYVGEL6jV1t1s:17000000000000000000:OKDOT:OKMYTH
12nM6HL7rr4hm5NFHYzhaU4D7jR8HWt7Yin9a7EiqR6b7ZQm:17000000000000000000:OKDOT:OKMYTH
14K2QHPgHf7v8ePipAoaEcWeMBSNfJPeizhHMAu5zTtvSL8w:17000000000000000000:OKDOT:OKMYTH
148NANw3SmdHnzsfjMV62EziFSMuVFexn9uzCfBj5nbL3MvH:17000000000000000000:OKDOT:OKMYTH
14AmV7gA4po9pWbNn26MosDszd9p4sCqmKzQTQRiUXZP3HBt:17000000000000000000:OKDOT:OKMYTH
15hKn3h8Jaz4AV3GB1SQiMMtguCdRMCFf1cFvy38t9he66BA:17000000000000000000:OKDOT:OKMYTH
14ii3c2d4beoG8nDxvxARJHKF5HFXQV7BLnuk4HLGSpffuym:17000000000000000000:OKDOT:OKMYTH
149sykA51ffSp7VAHrD1xTBvKETUbbGyTPduDHqxXiyu4LYV:17000000000000000000:OKDOT:OKMYTH
14BEUVW6C96wTW9TgcFqVZXmSzNBNa3a4P2bDX4egsLKkF3b:17000000000000000000:OKDOT:OKMYTH
15huHyVXEGa7wkHicS5Za22uCfmA2A1PovJpYTY4NtxynTEJ:17000000000000000000:OKDOT:OKMYTH
15ZW2d6DLCZzE5pjhH43vognRphhyeZFAZU1fXQ37HDNMkv6:17000000000000000000:OKDOT:OKMYTH
14AMCmUbza9AGp8AtkYY4JAhWkAm2aRueoFifwf328a42uV7:17000000000000000000:OKDOT:OKMYTH
14D12RjVzueZp5fQ92oXLVvGvXnsqhoaUAWDqw9cSd4Vkujb:17000000000000000000:OKDOT:OKMYTH
15Ma3NSA3Fik7959n6TSaz59xhxjjSUFi2UBRcgNE8itENLd:17000000000000000000:OKDOT:OKMYTH
16d2cBun4KE15FpXxUrhJQq7AXYvUsCDoLtn2wZgdR4WwE37:17000000000000000000:OKDOT:OKMYTH
14bhUWGX9wmHt6mgd7w8M94qoPbjRgrjuYhokVotkA98xxwo:17000000000000000000:OKDOT:OKMYTH
14d2x6gnbAXMn75VSa6NGZcogQFJEnX5XMLQ3cypfEFz3BAb:17000000000000000000:OKDOT:OKMYTH
12nEy7aPnRXuc8hdLdvRsFhtnNSDEsTZxzQboNqTZzyHNxwc:17000000000000000000:OKDOT:OKMYTH
16YBpZqWEhQQ1229d8W4Bjs8WKdLHXcDWiPGSPh6ikvnSdW4:17000000000000000000:OKDOT:OKMYTH
14c1c1mpsXajfvYzsiz79iHCQVMG6CTHQhysTavtPtUYni2z:17000000000000000000:OKDOT:OKMYTH
14DEhkYTrygYYrysRi4Nz2SjWzjyVaZnn9TVdVW1iQ78Wvp5:17000000000000000000:OKDOT:OKMYTH
15NpyXai1iwSNnxnUsihkFVpHCzP9PMoeXaWmAnMegf1cKG7:17000000000000000000:OKDOT:OKMYTH
145LWaZycmWRDG2n7knTEjGwVVGhJbziScAbnUKJ945pJfZF:17000000000000000000:OKDOT:OKMYTH
14cjjH81CnjUUfKrkx6JAWU3pCK27WwrVyXNwEWjzWSjFDv1:17000000000000000000:OKDOT:OKMYTH
14DuHSq3CsQvRQUCcKnSgFLvZXgsHmq7NKyX5FJFB47q1NZb:17000000000000000000:OKDOT:OKMYTH
15Q4F49sh3cLUWtpjTBehgV8wAKECS3s7zxt2zY94apZYXCq:17000000000000000000:OKDOT:OKMYTH
16DbzgHuraw8p1mgBNtuUf48a6KMcVev9MuKCZSrkN3wsCxm:17000000000000000000:OKDOT:OKMYTH
14DPYDPwMMdAFz3DDSJqVNfqcaP7PktnFyiAwDPtMNqN2cp6:17000000000000000000:OKDOT:OKMYTH
14Dvw6WAAiVhpbyE76BjKA3uW7qmXpowpMeAmwpt8Q4aa3ki:17000000000000000000:OKDOT:OKMYTH
12nDxHEN2njj95gMq7RtiUW5pzC5QjdzPtdUHhn3RQFYBnEa:17000000000000000000:OKDOT:OKMYTH
1nJff8HoSQL2g5oUBpZK7gzmuhd2ZmpN9DakNvCdsAkJSss:17000000000000000000:OKDOT:OKMYTH
14EdxnZ16g7Anw2Sw8fGsdWfkJzN562QfSC1RoVNbRLoR6Kx:17000000000000000000:OKDOT:OKMYTH
14EbYovGSELtb7QEV3VHh9YGW2fQjsuA9ypABDuVYoj4krGU:17000000000000000000:OKDOT:OKMYTH
15QzEA5MaUhkhbpsoXFd2EsEYiLPGxoRiaL3JL6EwPaWCpUT:17000000000000000000:OKDOT:OKMYTH
153K82FcC9Htkq6Ps1ZsocySgDUKL2f8697oxUaYyQqnurfR:17000000000000000000:OKDOT:OKMYTH
14iKc8YAKeNTkrtW4AATztqnYvHtZi9yCUdDtyUHwEKkCjNM:17000000000000000000:OKDOT:OKMYTH
14Ev33TNwEQ57ebPM2v13pLZ1VDxs4f18EXozNuWfTQhvCRX:17000000000000000000:OKDOT:OKMYTH
15rq7GcKhBREzzh9c9Cg8AondmSd5eNxs4YLAseit6Yy2dyY:17000000000000000000:OKDOT:OKMYTH
13KNkyrvNuGZDc8eyKgpmE6PmCa2uTmCN6MugcUw4gpcjn6D:17000000000000000000:OKDOT:OKMYTH
14Jmoejd6r6FBgHNSS3AP4ezAGABmvdcb6FaK6VXHy4BYik7:17000000000000000000:OKDOT:OKMYTH
14GzQH3JibGR41rUWXrDeSVEfB9NefahYqY7Bjcf5V3G5sMH:17000000000000000000:OKDOT:OKMYTH
15rS1YUesLXmeyMMhyoDveowpZ8zZazsDeXki3hZpMtZxJna:17000000000000000000:OKDOT:OKMYTH
16eyYp8pVmtGtoAzoddczkDjL6pGmdrZ8AvgazDpWcVQYmGh:17000000000000000000:OKDOT:OKMYTH
14mC4HCgcfx4oy1HM8LHbuwYjLwnDEKjs8MNeyCn6S1Dgqeo:17000000000000000000:OKDOT:OKMYTH
14qdvGtSzncq4fBUeSFiWFMy3ic5ssEkNtNnr3vCR8aduKsj:17000000000000000000:OKDOT:OKMYTH
15S3o5nefATYhHC4gvfDXnWcr45QnMJguWHQpCv4xi1npRdb:17000000000000000000:OKDOT:OKMYTH
163npaaxWWu6Ay1tkXTgrhv6tDZhJgaxM9cTTzd7aFAtjc1y:17000000000000000000:OKDOT:OKMYTH
14NT43frMGTxEt8dwYRDt1kYbWJfRSFXYA6BnEamMwXqXGZP:17000000000000000000:OKDOT:OKMYTH
14qjPWTSMujWUzN95ukSrT4N8Zb2Q24Ww1EBTqRnmiXKAKHy:17000000000000000000:OKDOT:OKMYTH
15StFz8cfmN3K2ujkUW5LubgHYhFAMZcvFAu3zGcEbxfEcvL:17000000000000000000:OKDOT:OKMYTH
13jN5a4nuvLrEd9k6BZanc7xcNA8vbYoribDuCBRtSHzFqJr:17000000000000000000:OKDOT:OKMYTH
14rGCqrYrTm3F2GQTSKbsEfvThy1VMMtANqQJVWo9MoPMPg3:17000000000000000000:OKDOT:OKMYTH
14SWCuxqkCLMEgZ31YQNkXMhi3ta7BNAqn62sptJ4x9aqfMV:17000000000000000000:OKDOT:OKMYTH
15uAEPgX99dyugJD2DvRAz2semoH7KTtZATJ2ZBSnQc1MPcZ:17000000000000000000:OKDOT:OKMYTH
15Y9GcHiYX3gvQqE1BpRqcF8jAAXzS4iH1jfdrVZnPUTYEec:17000000000000000000:OKDOT:OKMYTH
14SbnjNYwYPT6ZK4hoG2rWhnwHsMJJxy9kyd2qFdvC8fgFAo:17000000000000000000:OKDOT:OKMYTH
14tELHrjCpoPbCper7ybYLYugsGwii2bZDm9Nci4uWjiVrZQ:17000000000000000000:OKDOT:OKMYTH
12kYwZqk63RQqqZd4jP11f2WYK24F9UyLq1YMsY1xrCKaXaT:17000000000000000000:OKDOT:OKMYTH
1BcCq9TEcSx36fr5DGNYWvs4Wx4kfgNMvewHHrsfjuwdj59:17000000000000000000:OKDOT:OKMYTH
14Sk3iucg4gK7GGNc6yrTtbF2MTLKTrJqHJta4Hyo9fVdCAX:17000000000000000000:OKDOT:OKMYTH
14TQSMCfa74qwvWmMdwWjNhbhyuCDjBAtPZ3TR5Rq2qohMTs:17000000000000000000:OKDOT:OKMYTH
15UR16YufKzFTBcRqoo3LMNDRSoSNR25AmxyHT5EmbQARNGG:17000000000000000000:OKDOT:OKMYTH
13ub36eC36Y9LWuARNtde3tv4RFwqW5bKxi1KSN5PWYun1Zf:17000000000000000000:OKDOT:OKMYTH
14VRYoVVY3PC3stqcbKc9fGsMCwgCr5cbA22Bk9uRyvEdGcs:17000000000000000000:OKDOT:OKMYTH
14UNubYX2viBiUuo1WiCquYFnrPY2XcnTj1RL524CDASxeNi:17000000000000000000:OKDOT:OKMYTH
12kTo5yLMcUPrL6W4AkJtTzBjNvPcpHv8GfTJy24oXFkiyoA:17000000000000000000:OKDOT:OKMYTH
14uNpF198zHJ5ST5gw39ro1v7V1DyQhbPdAvZefxuJKYHXvL:17000000000000000000:OKDOT:OKMYTH
14yQ6YFaDojoKq4qzzR3kjTNHx4vEKEQRqEoaoNR6wKDfqJR:17000000000000000000:OKDOT:OKMYTH
14vTEpS9qwqBWUvviBN69Qn8UiQadT5S8ftyS8FMb5zgJ2Nt:17000000000000000000:OKDOT:OKMYTH
15wJTJ3Tr4BXzv58gDduWbCWR1AKz9L3tW3zTtzfCH2bBkv6:17000000000000000000:OKDOT:OKMYTH
141L8GoLwZnurZdFPK8JvjXopSZt1SqWXLFCs9QZsBgLivSE:17000000000000000000:OKDOT:OKMYTH
152oZaqxwRtB7GYQJJCcENJCW3ZbFJ5abo8UyoK22rv5Cch8:17000000000000000000:OKDOT:OKMYTH
14XRGM52xvsu7ozVugSTJhAy7YD7Hv3HjVz1TsnezRcrGy9V:17000000000000000000:OKDOT:OKMYTH
12jXBiCfNBNwE48o9ydifVBLKPGeJZyhjtxjZ8LTsH79DYiV:17000000000000000000:OKDOT:OKMYTH
15LsZhiPLLZc8dDUkwHcGksMgG69MWHNDxfcu7vU2nV3TrkA:17000000000000000000:OKDOT:OKMYTH
152SUohTBuLZ7FZeqNwvvztfLYkL3Thdj52XkacCX2P1aQQp:17000000000000000000:OKDOT:OKMYTH
14zaf8ZAHzhZwhJ5ZJBcVhvq2CtMwLynxndJ6Rx4frtCxwfG:17000000000000000000:OKDOT:OKMYTH
15xRZaZmfsHTaSom98By1PPxcUDLXqokMSbCjKLgc2r5LvFg:17000000000000000000:OKDOT:OKMYTH
158Hmj9r46JnW16Tj1ZA7hqdfRpRDzDtkcSHb8pKdpvqMFyj:17000000000000000000:OKDOT:OKMYTH
1534GvLKETQErtNVtAzyU9ixw4xWdf89suAYH34a2mkSp26n:17000000000000000000:OKDOT:OKMYTH
14ZwC5PPM8fExLLJD24u52bqzgPmLCSTMUWoMmscYawzuoMd:17000000000000000000:OKDOT:OKMYTH
15YxqqvTH4X2a1pu7GMzFZtYaaGUwMZbCpGbhuCfqxpCvCgt:17000000000000000000:OKDOT:OKMYTH
133hye7mPQXVRSequH7aJnNffKTvNE2Egn3W5JCbjZXT5Hjv:17000000000000000000:OKDOT:OKMYTH
153ZmxyU5RhaGgei6Rj73QMJS8iHo4LHmXhwGXNRjrpvAV6i:17000000000000000000:OKDOT:OKMYTH
14ZWNCPfFLcb49b3F28oJcaoxm2gmHhNZVyz8iNBoFdPW7ZM:17000000000000000000:OKDOT:OKMYTH
15ZvupNXMzDMCeisvYgU18E4x7R3qT24guk9oQs7MNTSdVar:17000000000000000000:OKDOT:OKMYTH
14B2Bsrbu8KrDpwmXrqYLHBRE6Ks2eJaZtirgYyYmEUm6m4Z:17000000000000000000:OKDOT:OKMYTH
153zxFXmi51k3ysfrKGhBFhsDCV5pQTzT4Q5C58PXo6SUwUM:17000000000000000000:OKDOT:OKMYTH
14zyxXJoCp8R2mp62feiYYMmUY3sgXFGRNrEWQy5P6XJT3G5:17000000000000000000:OKDOT:OKMYTH
161XvjYBzN5uZJFS8ZwtJ3BynxTpy2FyvGUy7AiXdojsQ2Ms:17000000000000000000:OKDOT:OKMYTH
1rJB515JVVb7LR2UobZQ2SS3nfJUcSv7ks484NC3XE87FkR:17000000000000000000:OKDOT:OKMYTH
1546BRMt5AULuUqS7am5R8gQZEXtPx19gNxKtU8WPMgPojYo:17000000000000000000:OKDOT:OKMYTH
153CQeknqmXNDQptYovgNY1tk1A36ozxkBHUj52nkWnCcbU9:17000000000000000000:OKDOT:OKMYTH
165LHnbMzVxGB9FrWzuG18EB9yDsuDbGSPE3Cbb7JQq8W1kf:17000000000000000000:OKDOT:OKMYTH
13DtT3etjk4KjbCDmxuH2EoywfhPw4VLBax4N7Lk8qkrTGA2:17000000000000000000:OKDOT:OKMYTH
154qgveJGbTkxwyx2dFUikmvCr8YHCUHqWKAiusFyhpExZkw:17000000000000000000:OKDOT:OKMYTH
153jPSLs9nwHWwoYh5sDyWWAZEqSw724CvwPvWtVyMeHK23i:17000000000000000000:OKDOT:OKMYTH
12J9uifX1nK31vrA12SChAwBaZ6PS8sgw75ibwgFciR9U9YY:17000000000000000000:OKDOT:OKMYTH
12EThfuhqgxWzX1JErW1FUNNzdp99WKBYFpAA3ex3x1d3PfN:17000000000000000000:OKDOT:OKMYTH
1562ESGY8275AH4oX7Thmja6z5LfqvekffiRnUKG4xwoF5Wt:17000000000000000000:OKDOT:OKMYTH
155BHZSa32t9aLVh5mpveBthr2pL7jHUZALB2U5bTutuSZ2x:17000000000000000000:OKDOT:OKMYTH
168DZjEyF5uEYLfT7KE8uYfmGDDWSoReGggNZczQwDhtb23x:17000000000000000000:OKDOT:OKMYTH
12btivC3uPFMZrEJTyQoVkHNBbA6p4ecs1W9acBbBGqGhwgF:17000000000000000000:OKDOT:OKMYTH
158xcwzT9iTMBwduUg9oL97sM1FGg1D599K7UvGPUYD2JXo3:17000000000000000000:OKDOT:OKMYTH
156ZrMNyBiqN5r4Z63cWZGZ2EpdRiPRPRGBEGSMntScWPRfQ:17000000000000000000:OKDOT:OKMYTH
12iiCpdwF4gUWdsRFME9J9PRbtxjR2RN1ZSc2dN4DGLV4x4D:17000000000000000000:OKDOT:OKMYTH
15uWtNjFZrVDnnLXRVu4gAoTxtk6rTE1u99e6BqyrbevyiDX:17000000000000000000:OKDOT:OKMYTH
15ax2ZLv4ppimXqmQxJnGutcAHxmhzAP4hDW3eBhg5wDrNBx:17000000000000000000:OKDOT:OKMYTH
158SqLrc4vxRicfhZ31AxmRoMh16Un5abbMJB5riz1JV1jcw:17000000000000000000:OKDOT:OKMYTH
12hAiP21HXwrMhPLjPSgpEiDtgvgS1aqm1v1pfdTyozQiwTZ:17000000000000000000:OKDOT:OKMYTH
11PME3LiXERChH4XrpMfCS9uuZKzdv3eAEp65A5oVpFgfuF:17000000000000000000:OKDOT:OKMYTH
15bADLvKjaWsjjkhKLs1p5HRMKPHBNwhAmjHPxQU1SDKiYP9:17000000000000000000:OKDOT:OKMYTH
159qQpEdeCLsnHM4Rd4izKGPhYaW2haoJR5y6YVoD2xC3gW2:17000000000000000000:OKDOT:OKMYTH
16ap2PMGgKW1VWG7XuWAZbCNqgMYeBUwzv9tqQ8pVc18BKic:17000000000000000000:OKDOT:OKMYTH
13MR93qXExTM37gXUA6yNBedQR5wCDzkKwdLgMXUBnvEpZPk:17000000000000000000:OKDOT:OKMYTH
15BAsU3QChkXB7VJhPEezMQRMubALAgtTREW1a4KNyB9sqZR:17000000000000000000:OKDOT:OKMYTH
15Atc1Dp6JiGixYLBMh3DUrnTt1taWmja181v5qun6S1JxRy:17000000000000000000:OKDOT:OKMYTH
16b2pbXEUsEq42jvhbPQsYyx4u2Kzg6xuEVsrqfZjCBTaf8R:17000000000000000000:OKDOT:OKMYTH
12BxjykzbuvtbTWvbNFpwZoNB3x8paoruFMMpfVEKuT1VyPH:17000000000000000000:OKDOT:OKMYTH
15cAXBdMkMck4p1FhXoEn4goQPg161xC5SkPgMQps2DXV6Cr:17000000000000000000:OKDOT:OKMYTH
15Bfpm6smHnNUceeoYm1zNPFvubre1UA7xbdmz2XBqt1sEnT:17000000000000000000:OKDOT:OKMYTH
16boRErUE6fLRQgdFPMdzLYrfqsFW1PaJSenGdCa4qPHtyj3:17000000000000000000:OKDOT:OKMYTH
14Ccht4JWG73kVvKGyXmoPftwYXnXFcYtEiDbj5prjdSd5Qh:17000000000000000000:OKDOT:OKMYTH
15cNTfZtmWEp6WQrdyT7he4Atan1nSMpky7Cb78go2jEyPny:17000000000000000000:OKDOT:OKMYTH
15c9cdx1eH19FQGhh5sN3M8kBrgMW8VyRCzfAHX8sCiuZXnr:17000000000000000000:OKDOT:OKMYTH
16bZonXu23K5XfxgTww7KfyFs61s34oPHnhytptH9VopnofT:17000000000000000000:OKDOT:OKMYTH
166117y9t5oADxuuaDJHd2Te5D9ePpCS8AZcxQ4BESSX9zxq:17000000000000000000:OKDOT:OKMYTH
15cvZj6PgmgyKrEfsM4dDHgVWrdkFRN3SRpascWvqvBxN9mo:17000000000000000000:OKDOT:OKMYTH
15co9EEUtKiD3BrkR46TnbvEym4E5wuq8D3gKXJkk9csD3VL:17000000000000000000:OKDOT:OKMYTH
16cxL47mWjHFFdaFtJ4ffLzefT2rBwbg2CzMk6eajEz2qvT9:17000000000000000000:OKDOT:OKMYTH
16XT7hWP17jNFU92Uo5u44LxTRJ6Ztoi7C6RBJ4NX8MCnyTV:17000000000000000000:OKDOT:OKMYTH
15eUG7JexbeLzftHhEoS91RgVeNfoDd4dprokR8tG3uciPKU:17000000000000000000:OKDOT:OKMYTH
15d5Can8Tkt3yYeCvEdKgDV2Rh8gjtQ1LEws868HJ6Ew348q:17000000000000000000:OKDOT:OKMYTH
16EaH4YBu4hqkQS9uMSvqBgj7eA2MTBfAaYws5FBKJmoQ4in:17000000000000000000:OKDOT:OKMYTH
15aKzuc9DMJvKwHRaij1fpwKEa14Du2GjgQ5DHdmtAPyhHVu:17000000000000000000:OKDOT:OKMYTH
15gceW6eb7T5ffSDuj2YKpiJKdGfukaDTSY7XLo2mu2qt5QK:17000000000000000000:OKDOT:OKMYTH
15d8DBdnnBrfS2mBqYQdn8C5CMvj9ZYVxTq6p2hsN6RvYL9v:17000000000000000000:OKDOT:OKMYTH
12GTbcazVEnNr85zNFnnBmB8Lq1Yi23vbbJhRyuFHRtKKo5g:17000000000000000000:OKDOT:OKMYTH
12vxVwwxJJc2aq1MeY4JqaS2QzHM4DriQBXAxzuvjwuYXc1a:17000000000000000000:OKDOT:OKMYTH
15GGRooYRNY34zfHxGKr4yKWJwPNFXLHResFinuq74hPKgKE:17000000000000000000:OKDOT:OKMYTH
15FQNriW9nafRLbWnzDHP75S76sYDmmenjQhx2UUH9rHkxfP:17000000000000000000:OKDOT:OKMYTH
16jJdqG5JHm46GbC1eUWttGxax97tseZ5dQzagrj8WEMwBEG:17000000000000000000:OKDOT:OKMYTH
14QjiuE3PGr7Qw764jEpcFkBtN9LsS5pL2Z6fVEQ7UxrqSeJ:17000000000000000000:OKDOT:OKMYTH
15HzqKFtAcWHTv6ceCqj6pqgr9giSWRdoG5pggmqjHiuU24v:17000000000000000000:OKDOT:OKMYTH
15GPuPUPpqiH3pxxiZjR5AkVq98BTP5tv7V2iGJFQ3XVPHgD:17000000000000000000:OKDOT:OKMYTH
16KUzss72h4QYBtZbinqHwBj8TWLg4tAhXR2MZRkt2jM4Dg:17000000000000000000:OKDOT:OKMYTH
12jsAYtUrSCx6uHf7yxZW3VDDLJQrff4jijaXEdar4CUeDYa:17000000000000000000:OKDOT:OKMYTH
15jGsMkWKm8rcu34QirbZMCe7EapqdmVidhzD8jtNwxNy2s8:17000000000000000000:OKDOT:OKMYTH
15JGziBcuj65hUuAgwWUafhDmMdoC45PXrEgfcaE8Qeziqbh:17000000000000000000:OKDOT:OKMYTH
12F7qauTRzTTLRH2bKgSBWhNzte5ew9we7LAaBktESkGp8n9:17000000000000000000:OKDOT:OKMYTH
13Ght2fzoKBfU5FKtFb6KGLpjhLkendGhSbu6WKgsYMPiyc6:17000000000000000000:OKDOT:OKMYTH
15KdQKq4sQbeuy4mX7tJYW9MLfY4y7ZUauWis3yWjPkGqqFP:17000000000000000000:OKDOT:OKMYTH
15Lx24D13YxxPKLdLGMLKAUwM5Auof8z52MJRsQxuwU2GWyt:17000000000000000000:OKDOT:OKMYTH
16m9Q1reLqkPA2hdkab8ZJkohjLWr49wgngDnB8y7uaU83xb:17000000000000000000:OKDOT:OKMYTH
16P7fMZwLvb7xriXADekNn2inbwB9gZv7pw2FDXUxc1yK5iL:17000000000000000000:OKDOT:OKMYTH
15m6yEjfFkc34mMi2aMnVxMbRZnZhWidUDN4UabYmLbqmm7N:17000000000000000000:OKDOT:OKMYTH
15NSjw3zwksxrySNcQAFXR5oZYzmqfc8PiLv7jLkXP6VH6aP:17000000000000000000:OKDOT:OKMYTH
16MQoA7P7rUstfARje7VmPK9CGFQeLGBM4i3HPYaJtUB5n5N:17000000000000000000:OKDOT:OKMYTH
14Xd71HpQYA9jCgsp9ihSehBxKgafM4kSuVMEMm6dtYEC9EM:17000000000000000000:OKDOT:OKMYTH
15o5JZHcrFVdK2mN4yXiMZpjRVBDTtPZJdHqDmKeLngtqdiA:17000000000000000000:OKDOT:OKMYTH
15R95TYBtFvpQB4b3V1xvy1yQ1VP8c9wWdyNphgjMZZAE7Jr:17000000000000000000:OKDOT:OKMYTH
16nHeiJ5wGbou6FqXGfgTq399uuuWGnQTDCdXnhPWFwRW5Tu:17000000000000000000:OKDOT:OKMYTH
15zVFgpqDqhv2JP9xTVAnSYwSXr5GKLEqCw7CfsPxtDAXRv5:17000000000000000000:OKDOT:OKMYTH
15oxnkKFuy8Y9Tw1tuz2hCwbYPDqNWN4w75btBouggGRxd29:17000000000000000000:OKDOT:OKMYTH
15tWUHdgt6bpUx1yoJMUriUxSHsSdDk8RR6LVNSfjm4cwhfb:17000000000000000000:OKDOT:OKMYTH
16NNsiKBP7KhBHCiyJUf7g5MEKFqWR1yAyMENvViE42iHoLF:17000000000000000000:OKDOT:OKMYTH
1462V4iKs8XrzprdDp3jaJGDycmHWz71RfTvVi6Ax1de19bV:17000000000000000000:OKDOT:OKMYTH
15qWXrzcAdmRzAzJE1R9XVuJjc2goJ6KBeUyBy9LgBWnup4H:17000000000000000000:OKDOT:OKMYTH
15w27MBkxXQXtezkSVPUbDGt6NTGJfTYBtaLezNF1uqV2pkq:17000000000000000000:OKDOT:OKMYTH
16ThGnv2gdnWQ1U2ZsUtLnHPh1CJEMbQwduFZmjZJ15uQRTp:17000000000000000000:OKDOT:OKMYTH
13TXPed6k2Da9GKhnzHQwpnVKWMwa71EkcQMir7QKW6U7Qjq:17000000000000000000:OKDOT:OKMYTH
15S9K4meCaHsD7s3YzRg3Dvz29RDGWVE2tHFowd81aRpVJQB:17000000000000000000:OKDOT:OKMYTH
15YC28bWmQTwRdA6L5iVUuvm2CWevYmtNmSFLDGtutJJH2r2:17000000000000000000:OKDOT:OKMYTH
16TRxyrTyWAz1BVN9MtKoG4HUnLNQH5bRPTTKbohi2mx3SNN:17000000000000000000:OKDOT:OKMYTH
12wpKkaMq1CVt9Pj156ejC3fdpYn65Hb4wC96GpTcSrhQr1D:17000000000000000000:OKDOT:OKMYTH
15uX74iKNScbxbTvA5C6JSvVTbVCpDTN79ANbazt3vfybrTW:17000000000000000000:OKDOT:OKMYTH
15ymt7Pr4PAVSSDv4mr1g6AduVh2njxCmh4tCSyzp4hUdAgL:17000000000000000000:OKDOT:OKMYTH
16UVMLw7QoU9FqX6zvtrEHvXA5zGcRVYbk9tJm9heuyrzhGF:17000000000000000000:OKDOT:OKMYTH
13wU1oj1zxebvAhYZHqz6ALZomppL1opghF7L1dkwzurr65x:17000000000000000000:OKDOT:OKMYTH
15WK2HPZr3xvSjzvcHVRJjhJoczWeCbxHdLF5mqP3RY1Vdt:17000000000000000000:OKDOT:OKMYTH
15ySQx4kV9XnRnaaqE2Pxf6sq1AEWVxZAFPH8h5AW9ANgZQ3:17000000000000000000:OKDOT:OKMYTH
16W5vGgGfMt8uxTxpJFSb8F4GTX8dEYDcn5a1wMTmvKioTSs:17000000000000000000:OKDOT:OKMYTH
12Qdxz6qHiKEaZ2wbvdhjHRsxwTpRkhVGgKFpCGp3s2Kj61z:17000000000000000000:OKDOT:OKMYTH
15XAJGMHkcLVpWBqDc1oeW2YNur1XLu6b3tK82485juxkZay:17000000000000000000:OKDOT:OKMYTH
15ZMwx74FGL9TqjiL8ZdQRXqNupeghhjxC1fTR33CTKSdpi5:17000000000000000000:OKDOT:OKMYTH
17Hwy622hmSSrMXMyHUonTJHEkBmSZVrorqur4rLQJkqR9d:17000000000000000000:OKDOT:OKMYTH
165ZaSWYhCPjQnG5DLKHqcgxaxU69X4wrnqfn6Wmdg1a6Dex:17000000000000000000:OKDOT:OKMYTH
15XE9fMRn46TusvPuGFaVZwvGixG4WEoexZq9Nz4orKSM6wd:17000000000000000000:OKDOT:OKMYTH
1662Sahe8AwT1en4CSz9cM5A7QCDfZnCCs5JXQuDo1k7Faoh:17000000000000000000:OKDOT:OKMYTH
17LEsRRHQbYPrYbaCeS3tQ9gkMQJjCho4NzWbUe1ULSdqV7:17000000000000000000:OKDOT:OKMYTH
13jVrd86wekhk3zm3xd7ozN5G9ozrSUPwamwkqUbhMNxHJNj:17000000000000000000:OKDOT:OKMYTH
15zgvoTkiwz5R31c6YbRWywxzo948is5tQyPVKL86LxjKWVs:17000000000000000000:OKDOT:OKMYTH
166xFn1bFqBEC2qfnNeE2FBr2bNf3fZWq9ZyqrfzGxd3AVt1:17000000000000000000:OKDOT:OKMYTH
12DUzi3PMKGEoyND39tqsrE6xJGrkYnMHSfHteqCzYxgnYAq:17000000000000000000:OKDOT:OKMYTH
13YGmxUQYWTbbywv1sAGkjEtgSpMKv4ymdJu4Wc5eAveDq2y:17000000000000000000:OKDOT:OKMYTH
15Ztg9JMLbdY5zvEm6ZbczhJsTx92WY4v3xpSKEMMmKnqUUe:17000000000000000000:OKDOT:OKMYTH
167xXKWVkMNAfazkmCosWgSCFgRGdo9w6zSW7AZBxge87csQ:17000000000000000000:OKDOT:OKMYTH
1CLJHRZ3LFnXFhNfguX9MFwHiMzY3DNGE12fHaUfBCi6x9S:17000000000000000000:OKDOT:OKMYTH
13q9cTPuVbihyKeJLHveLgq1rdT7GpiuwXfzjCBZEMdiFhWo:17000000000000000000:OKDOT:OKMYTH
15Zz9bxHZU7sYD6UGq7TiiBwgmErnuSvV24YvkseUMFEuVar:17000000000000000000:OKDOT:OKMYTH
168cR3QYHxpVZKiP3GkYX9sPMwXjuMtd6F6HoabKoTXgwT6G:17000000000000000000:OKDOT:OKMYTH
1gdQdsNyG5PWdrmoSLvvVhwzPP3oEx8e5zQ7WfTM29HhwBf:17000000000000000000:OKDOT:OKMYTH
1WsQvL1r4KhKM5TPkuRXw1zUZ9avKkQ4cokG7iZoufykD3v:17000000000000000000:OKDOT:OKMYTH
162ax5v8yFH6WnvdnhDTGXH66QRqXTUuTcRhh2df9MEtgAtj:17000000000000000000:OKDOT:OKMYTH
16ACkEHXQWQ4h1hnJrkPVooQi9gBoR1T4JUpte9ArpaT9c9t:17000000000000000000:OKDOT:OKMYTH
1h11c6MCWoGtxZ2nr3w9stFJUQ9Jn8e5bi1LMwTMSozsvy4:17000000000000000000:OKDOT:OKMYTH
14zUC3PDhjcWiCb9gB2tUAwRcp9tizSXqCeSzcVo5qeHuzPm:17000000000000000000:OKDOT:OKMYTH
164tYTQW3inCaFGAWbr7LnH5aNwwiRTZBvtK7T38b3aDaEHB:17000000000000000000:OKDOT:OKMYTH
16aYwvtGetqzYQJWpngG2j3j8ZVb44oRyMcY6HGQYYs7KYRg:17000000000000000000:OKDOT:OKMYTH
1H8yLgNaeUqRgX57fKC2cuiqDthg33o8LxJs3EpQ8s51byU:17000000000000000000:OKDOT:OKMYTH
15XT1NKxhKPqbyMzLkRujdG48bu7XGEtKPeMyYXjjhK1YNHF:17000000000000000000:OKDOT:OKMYTH
16cJZF9YQsU5b2pffbh3VMGobKMxefcuSjoxtNmXdf65TgSP:17000000000000000000:OKDOT:OKMYTH
16EocNaMFgRPfLfSMJMQkbx8FLMee4SNcegakHNTmdgZ8zbL:17000000000000000000:OKDOT:OKMYTH
1iDncfniFiMZMDHZKuMHnjikFw5xVwCW8RMm9xq2wWzgXaN:17000000000000000000:OKDOT:OKMYTH
15d1QNfYHTeYqKPoP3NNdQtiRSmY1ZyxP5DCmxuk2qZyj1he:17000000000000000000:OKDOT:OKMYTH
16dGi4HUFXKLJd1smPRpxvZ6LUjKD2MXYPFcbP1BNE1HxMSw:17000000000000000000:OKDOT:OKMYTH
16gbEQn7bJ7dL44b6yRHWHBpoJA6dnmQNYBB6qwzs7FKCN3j:17000000000000000000:OKDOT:OKMYTH
128avmXokAwPS78WueqNKjeS2eiTSjCdNqZeJbW7pwZHKc54:17000000000000000000:OKDOT:OKMYTH
13Sy9uULLwpea7PgA3dYi8HMsxgBzmB2DzzokRJcWPeD6bjP:17000000000000000000:OKDOT:OKMYTH
16f2vh6RPuxvEBHwEKA75Uwju52xfZbeXRMtHtJL3NNe2nYh:17000000000000000000:OKDOT:OKMYTH
16HiJTTMpCW6ck7KsZstBxTe7pF7JZU8hbT343KMCjQgHcy6:17000000000000000000:OKDOT:OKMYTH
1j2APbgC88q85Y8AMkNMHoGNau1mAVKWMgvcydHKwtpxPKc:17000000000000000000:OKDOT:OKMYTH
14jKQZnhaAXbVig2rqMWPDQtNBqxsVswFcwg18jvMFmATmCT:17000000000000000000:OKDOT:OKMYTH
16fPzNBxAUva9W3L8VyWhUuMkWE2HLvdjJwCP1qpgYbu4sJA:17000000000000000000:OKDOT:OKMYTH
16i2Vwf3zKFMe9jgP7J3Q8GKt9sPk2Kvice7FM6VwpKm6drQ:17000000000000000000:OKDOT:OKMYTH
1KnRuweSdHqfaifZk8B8CjTssvuRQTkaMnRwFZuwrKWsCiY:17000000000000000000:OKDOT:OKMYTH
11xZbymrfv67adh8nomZso1yQhThui5NqXgmYr6J7KhGE5W:17000000000000000000:OKDOT:OKMYTH
16fxHXnVZPSuEoRWPE2njkS9jFMggbLLzPNPuQmwEDim2Cis:17000000000000000000:OKDOT:OKMYTH
16ibvgQDTca2oyJnkLfWi1iXii6V6SceGsLQfpjeXAHJbXjP:17000000000000000000:OKDOT:OKMYTH
1nUVK5tpi2VUJSWCDFZxLFDQEFF6S2YQbNvcwvtuwJdXaVY:17000000000000000000:OKDOT:OKMYTH
12HTRBon98De6vBecm5DtchU1WzM8WCnRTLEyzkMhbFjuxZY:17000000000000000000:OKDOT:OKMYTH
16H761v6kpn8w9JMt57JGebB2CxsXKPrwAbFXke78Bz3KoZ:17000000000000000000:OKDOT:OKMYTH
16L3ySULyCEpVB6LoVKQwHBweThznobFz4HipY27KdH79P3M:17000000000000000000:OKDOT:OKMYTH
1qykmcDnWbyj2fLjztgpwVF3wXoEuaKykvP3U7NhutR1eCu:17000000000000000000:OKDOT:OKMYTH
14iQ1RvK3VUq3ezPb9f4UvMSSdtwvCtEqn81nc5mGiKZW1rw:17000000000000000000:OKDOT:OKMYTH
16i3jt1E9BoPyyyBqKAopCJjmRDYhw37Zat1pyHjWC2DDztn:17000000000000000000:OKDOT:OKMYTH
16muLnPFDjpfKPu9GtyoxUorkynsHzihhuzngLkwanryHzv8:17000000000000000000:OKDOT:OKMYTH
1s7tBkXJ7am5iuHJ1YPzm8byiU2mZPMszopHMxj2dHTqPV3:17000000000000000000:OKDOT:OKMYTH
1584EZP27EfhUiyqrHxwn25J2PQed1Cww6CrbUjNdr9Y5pZF:17000000000000000000:OKDOT:OKMYTH
16ieABQYZRfTJNpke78jfPoNEYriCnYVbQQEWW3YzzbxEFi3:17000000000000000000:OKDOT:OKMYTH
16NHoRoAySnPoLSAr3Se5Pse4MdgqV3H5aGHrwksPMxz8nrc:17000000000000000000:OKDOT:OKMYTH
1si5qAsD92p3XNVvBmt8dvmbT6Kabxq1q8DESYrigz4Zyoa:17000000000000000000:OKDOT:OKMYTH
16kuVUcYzUoMw9hELWAD2VSZEdkGYDFcodyggdUgJefrGfnR:17000000000000000000:OKDOT:OKMYTH
16jFq6zDsjpZtHSo6u36cswmHN3zMATJuv69dbebN7qPiU4c:17000000000000000000:OKDOT:OKMYTH
16NqDqqAqYMufJ4GMdnNiBo8R1ataKMLf6C2v94f3u8S4DQ8:17000000000000000000:OKDOT:OKMYTH
1UDhL12dFXtSR64WzU51FJ18iwZzrwGc2hVbYzo2DnXEDVP:17000000000000000000:OKDOT:OKMYTH
15YCuoUhNsxfpwqxVDTaZ1whLnQzdaNjjMWvfSUhgt5BTAFV:17000000000000000000:OKDOT:OKMYTH
16JU1vNsZywMD1EkARqXAn1S49PMeKquyrcMvLiYC8R6R1po:17000000000000000000:OKDOT:OKMYTH
16PjSPq6wkNvo13VJm1xw3hAsxfhDB5XmQjGPgf7yzibE9uX:17000000000000000000:OKDOT:OKMYTH
1uskS4tpu34iC6oS2MeDv8taAwTFV7C6KzLAiKc69Gxi8tR:17000000000000000000:OKDOT:OKMYTH
1ejhtWFGGNxyLPuLqwnh7qGNHJPFkaEJ9Xhj3icZE7vnWnJ:17000000000000000000:OKDOT:OKMYTH
16JVgPdapqyhooqMgE9mVQ9s1MrU7bTQPJyVFWC3jC4TpWjB:17000000000000000000:OKDOT:OKMYTH
16TXRWFqViij2QqVp66iPDjYo5JRoiduDKJo2xHFQ2ZxG1wF:17000000000000000000:OKDOT:OKMYTH
13NCLd3foNpsv1huPDzvvfyKh37NEEkGFotZnP52CTR98YFJ:236000000000000000000:OKDOT:OKMYTH
