129syFGopnY2xF7Pc7wf3wf7aAEPZWmDhiTh6Kcdbwn9tvvC:17000000000000000000:OKDOT:CHECKMYTH
13z3Ed5CSo3fdyRdZXQP9PGnexrvaJyMnT4vzRpg8iyQMB35:17000000000000000000:OKDOT:CHECKMYTH
12vc6BjTFB8Ca8f3Jqs8RT7JBfyZDDYCvJfKVh7MiDMZXtQB:17000000000000000000:OKDOT:CHECKMYTH
15G9hkU7cnyTpKi3braWsm5hHhvDzaE9CpD7e9rMyk2Grfdv:17000000000000000000:OKDOT:CHECKMYTH
13Ukwye5JvMPqxr9UhWUAjWMGkyqXbrACBpMrLwxTi7ixPkZ:17000000000000000000:OKDOT:CHECKMYTH
141v51RNS5vTUVU9emmnX7EU4V34ujNAcxqyYp6WD64zkJ7:17000000000000000000:OKDOT:CHECKMYTH
12W5ua1Tav6GJaREVpf7M84NVz5cnEefyfdeVh6ZYpnEv8Vd:17000000000000000000:OKDOT:CHECKMYTH
12rHtYNTMAPjii5TRm9Yf287vQkHpBbMUsyCQTAqB3WakADc:17000000000000000000:OKDOT:CHECKMYTH
13s4QzcQSeKkP2akcdLY8nGtenBze5mo2ycxxMmpDq16qTFQ:17000000000000000000:OKDOT:CHECKMYTH
143axBfR34dLor1jVruamHCsdAzfLYxmmTCztjDg5DPb3hUY:17000000000000000000:OKDOT:CHECKMYTH
12YgxChfSrpBciRhoKPLmcj5GhFzu4Yiduqdb9cMwg6Go7Vj:17000000000000000000:OKDOT:CHECKMYTH
12rors99Z2Ch5AL7w7QvnLf9KykCEdsc1k7CFVwmEshMoJFh:17000000000000000000:OKDOT:CHECKMYTH
1232TeQibr7QK76fvZyobAnsvdnuxMZShUBT9gjxEdtukkQo:17000000000000000000:OKDOT:CHECKMYTH
14bFnZVFxn6Ewp32inQTTzn4JjHLA2WFFuRAdrjhVHEATg2v:17000000000000000000:OKDOT:CHECKMYTH
12zuffz5ZSSw3S985SCAb8gb5qEc4MFkBmGj5uGenieudnoG:17000000000000000000:OKDOT:CHECKMYTH
15eWjDvHCJQKCxQLzTaJCNSbnhWCLjfLtJPXtaaDHSz5uVqG:17000000000000000000:OKDOT:CHECKMYTH
131NkHA2zwRMhrhGMdDsBFYKvNHwQb6uaqyfdvRjepLnK42Q:17000000000000000000:OKDOT:CHECKMYTH
14BnVgofGoJgHLQiE7DBpYZFT71RKaD6neouvevhL4RLx1Pd:17000000000000000000:OKDOT:CHECKMYTH
138BGWBFjb5U2ftDhs53dDe5Ux9RU1vN435qvLGiuiKWAmdA:17000000000000000000:OKDOT:CHECKMYTH
15dPwMuoVBxqgQbZmGdm714GXToRAQEJSBewZWJ9Dxj2JVRY:17000000000000000000:OKDOT:CHECKMYTH
139Ud8e7bqqbpiXZ1RCj1CYWDPgoBfMyttfhtNiPSkovnDbd:17000000000000000000:OKDOT:CHECKMYTH
14BV1McYD91z6tSXgQJChS5bMVayEsTpJUcfmak4eFMkz8bx:17000000000000000000:OKDOT:CHECKMYTH
13b7rq61LdDoGftYryYvo2NmdVBnQ98XngtqcZ1txPLtrk1r:17000000000000000000:OKDOT:CHECKMYTH
12Suqfj2GfgXxoyjKDx2pP5sUMctAQYAy3hPqmqSTCqodVWW:17000000000000000000:OKDOT:CHECKMYTH
145NRtG9zDZVXJRMFpLiVj5qNJK7m3FCpHwHdYbBSpVqxJ6n:17000000000000000000:OKDOT:CHECKMYTH
14cuYakQqVE4VzKtLJTJptNhaJHvCx2XW7EnDqVBeQJZTMF:17000000000000000000:OKDOT:CHECKMYTH
13bCGNR9tMY6Zz8eHNMjEufZokXV3GRTz4CKHxmjJoQvjTKY:17000000000000000000:OKDOT:CHECKMYTH
152zR94QfVjz4ofvsidLLaB2fY8e8TUqcpn4A4UqHebuqHbD:17000000000000000000:OKDOT:CHECKMYTH
13E9vEisnJCkphQ1ugYJfBsH7uNL4ZjrRb512br1U5dFJeZF:17000000000000000000:OKDOT:CHECKMYTH
14CXJYcUtnd4sYsKom9iZN6ZngD118brtVvbyzNP8EH4N8XA:17000000000000000000:OKDOT:CHECKMYTH
13g15JhW4k5fFekfywiSfofafBedKC8xEiwbxAcj6bHp2Xo2:17000000000000000000:OKDOT:CHECKMYTH
14wABY1q1t8ACZg5qGF1bgcRQG66Z6WGDFci9rwfT1vYDTdV:17000000000000000000:OKDOT:CHECKMYTH
1471snvRW3bbVDMW3J5geUVY8EWPep9rX21EJCS9U93XaiYh:17000000000000000000:OKDOT:CHECKMYTH
14DHjmLexWMVPkQgzX3jvXAZFkScgBnkMu4d2ibXeHW64M13:17000000000000000000:OKDOT:CHECKMYTH
13iKN1BYxBaV2nYkZWCUfvEkdc7sebxFMLhEYb4n2jc9c6YF:17000000000000000000:OKDOT:CHECKMYTH
12tseZaRy2C5FpPV8QtkMGNehWnhfYgd5aVpsjvq9hEynx4D:17000000000000000000:OKDOT:CHECKMYTH
13LWXhL1xeefWARPtHPyAKj6WYLzh7uDbGNpJZZupfz2qUL9:17000000000000000000:OKDOT:CHECKMYTH
14GQkqk2rGYp1cfAPJY9EQWnXk6EHHYjDx44Rx3NAvDpiNau:17000000000000000000:OKDOT:CHECKMYTH
13MiAjdVS3udgPQodX6jrHF5ks2WNkKBjwa4D3MgVCAW6A7H:17000000000000000000:OKDOT:CHECKMYTH
12xCeab9nPBhG7pgnnMbb9MygCqibtpFz6zKJhRqjPqRMThW:17000000000000000000:OKDOT:CHECKMYTH
13ML6qyfEBBb5jMHnFuDTeypmcZyt5tjUi7Cu8NVrDgB3XLp:17000000000000000000:OKDOT:CHECKMYTH
14i4fcA9hNyGCDuu2U3hhmfZehtFMpciRV5YrWdQtiFSWde4:17000000000000000000:OKDOT:CHECKMYTH
148RVF8269RLVsM9fJ3vcfkDnpByjovzStxMy4Aum93jP9Co:17000000000000000000:OKDOT:CHECKMYTH
14VCy8HUNZTcqbgBKWe7kJw9XAKrwcB4vQaMn7uphgAr339y:17000000000000000000:OKDOT:CHECKMYTH
13mWzzfmYTkTJzJdmTc1rj2jWA1qv9v6dzgs1LhjFGwLMcpp:17000000000000000000:NEEDED:CHECKMYTH
14iM39ZM7bAh5x9UAmGd94Sy8a4PgSF4T2mfuv5JFAeLsujm:17000000000000000000:OKDOT:CHECKMYTH
13QoRu5kWWCQkyWTwRFbmLiKjz53aqMbGwhddppcXHMtTNhw:17000000000000000000:OKDOT:CHECKMYTH
14UH7QqA4UjWj9tm49H2aYsfJkZ3JuHLTkvUn461TXbo4ynQ:17000000000000000000:OKDOT:CHECKMYTH
13Sd3B5cjBCZX8TEq52fNzUfL8xcRjLhPbvBqoypXugTJ6cf:17000000000000000000:OKDOT:CHECKMYTH
14kwcNgcBxYP3fVgE7qo8scCbM1VtVEtATr7WfRbvmqvhySx:17000000000000000000:OKDOT:CHECKMYTH
121QUUcZfLF4KnW1KU4vUoE9DJdZRwDSFbnB8FpjGCgoVrL3:17000000000000000000:OKDOT:CHECKMYTH
14RVzqycmsh7M1m9NYcAJrSYmdGQT6bwM2CM3jvMbQt6UVvm:17000000000000000000:OKDOT:CHECKMYTH
14A4TJuNpzCQ6jWPU8ZWbhngH1MZRRiP2oMGLWo5CTpNpVvD:17000000000000000000:OKDOT:CHECKMYTH
14MaBdicXwL4hdHEJFUsgjKYUJCUV8yAT4Vvp87c4ZKibG2M:17000000000000000000:OKDOT:CHECKMYTH
14Afot7BS178K8JUag4acoRSayme8JDNgzGJqkQzKveSZEyC:17000000000000000000:OKDOT:CHECKMYTH
131TfL3DRMJejRz5EuYxX5a1XbR9msyrw1egjiSFhkUTM9sz:17000000000000000000:OKDOT:CHECKMYTH
16kYRKcBj2MXyZVGdDYu3HTnuF6CHgUvQcSunaiCuxr2Hc31:17000000000000000000:OKDOT:CHECKMYTH
14MBakoNEYfFm5Di541zZmfZxdk97UrVnKjRuBVfugAe38Hm:17000000000000000000:OKDOT:CHECKMYTH
1P3rxY3oiBTdyntgrkR5Jnm5oCNhXEshiuNViB8gBtUXEaL:17000000000000000000:OKDOT:CHECKMYTH
14qj821T6jnt9tPrpCFGPRTmbt99xCgbsvgWNPQFVmtUYTEM:17000000000000000000:OKDOT:CHECKMYTH
16UN3sSLNm3tCS9ZPbiyeEKfo13UFBrURLppnYnWoN3zbEmy:17000000000000000000:OKDOT:CHECKMYTH
14mmDFATeW18w3NcTpWkdU1RDfxkVfb8yoCDeN4a6bFa7KBD:17000000000000000000:OKDOT:CHECKMYTH
1zoUMC7uYCDX6iCqy2oc1U2qvYZx7kN1CikpLRnXmYdsJPA:17000000000000000000:OKDOT:CHECKMYTH
14QfeFnhzqRvkUWuTcozNstTHudoLNfA8uNd3aRybyF3bGsm:17000000000000000000:OKDOT:CHECKMYTH
1THZLojLRm95jCpRqjd4RKk2nTb4jxfHmfqMQAqqtxkGSi9:17000000000000000000:OKDOT:CHECKMYTH
14oibUJUJkPRno7v2M1LtSvsiiE4DiAG38HqfYHQhyfXiqby:17000000000000000000:OKDOT:CHECKMYTH
1274YnNWZmet9SpATvnPmxxDvK5nqg1VnF9SMysstgn35yh2:17000000000000000000:OKDOT:CHECKMYTH
14PQy6g7WTNTk3jKnoGJVAG5Z2UUet3rktsDHH59kgUzuKkv:17000000000000000000:OKDOT:CHECKMYTH
1NdGHA9mYrdy7GFDizrEnYHeqkWdyEdEnD9CnJchANesxXM:17000000000000000000:OKDOT:CHECKMYTH
14PeY6hhyUQeJod3GKWVYceB8G418fG2s2K2WEGTFN1EmQfb:17000000000000000000:OKDOT:CHECKMYTH
12YDgCUsTmxJtKWjmiGhZDi2AySA2Ysh71yEexLPkPr1sAT9:17000000000000000000:OKDOT:CHECKMYTH
14p6YsaDpvtsJZKb8kMcruE6UJNWeqvxE7LmBBgSU6WAW5j6:17000000000000000000:OKDOT:CHECKMYTH
16XRPHhfGyBFzgJEgjaWJmjDAM5A1cw35U4zFAicNwpUVcyg:17000000000000000000:OKDOT:CHECKMYTH
14qcR5iusvtufDViPZ2KtdMNe5C3gvRWZtW9aWDeJ9hPXqLV:17000000000000000000:OKDOT:CHECKMYTH
13Ud6jrMpn4rJAbUdWsAr42TZLD2cGhKCCjhQtbBwsuhVCeP:17000000000000000000:OKDOT:CHECKMYTH
1379KwLBG2Q9qtCkvfR3HjgjX8bUowoo7JVUJBpHZe8cx4eh:17000000000000000000:OKDOT:CHECKMYTH
1629jpD5LRgMU73dTui85bkH61Cpp1WShJaaT6vhSGjbzVDL:17000000000000000000:OKDOT:CHECKMYTH
14QsHnwXZMgs6g7F2UYd5Gzs8advXeA7nRmgAT8bdwumQCgc:17000000000000000000:OKDOT:CHECKMYTH
12TouPoqrzBirQrNgK9KNTGVzVBGtxf5aym5uNWYENA5oBan:17000000000000000000:OKDOT:CHECKMYTH
14ohPcQvrM5dP15CyRTgj47RkGQZTnk6n1ARtwT3j4eZL3Bn:17000000000000000000:OKDOT:CHECKMYTH
15aNpXRUN6iFkxqfkRa7zhqNNjadSLbiKYzQiFzydoqnRszW:17000000000000000000:OKDOT:CHECKMYTH
14QVr542Uc9f8PYkFF8jDhAtK6egGoFmtzR8w2mQ6n8xQj73:17000000000000000000:OKDOT:CHECKMYTH
12h5bdXgpn1Ddr1ZxrnCYPvmcs9Gz8LC7SLm2CfJ2nHjAMch:17000000000000000000:OKDOT:CHECKMYTH
14nYkDJgRC8WWjkgWTgv2KPEDaE48XDxYE3JBeNTGjBfT3ay:17000000000000000000:OKDOT:CHECKMYTH
12iyYXf3HihJeDPWNLh7TJd7rDcFQnELVi3CD4Q1aJGbf8dz:17000000000000000000:OKDOT:CHECKMYTH
14qwsPGgXWoPArCUiks5kZjHY9ZmUpuqaJBfEELksvWJidFs:17000000000000000000:OKDOT:CHECKMYTH
15b7t2sLfA1FqtP9w9Y38CdFZLin6wUNpXwbZmxLeHF1uSbi:17000000000000000000:OKDOT:CHECKMYTH
137wquEGLJd5Qh6CrHuiBWeh2XSdTj7VE4hsSu4AcwQaFVsE:17000000000000000000:OKDOT:CHECKMYTH
16AgPLrFgLfz4dshM1fHQFUca9XbtbewoUMoWuc8AVBSQ9h6:17000000000000000000:OKDOT:CHECKMYTH
14wNG3V9UTeRsfhCduWyrAMqcNupp3BFuELfRX2LUkHQ2rbt:17000000000000000000:OKDOT:CHECKMYTH
14y2NW4mAYKjp6ok6SBj9PHw4BwKmsBdtXt8Q5FR9dnaVEen:17000000000000000000:OKDOT:CHECKMYTH
13BB2Jx8ZEEqV2KR8ssbkGsJcG99ZjevzBYZefwk5e4QwFaD:17000000000000000000:OKDOT:CHECKMYTH
16WwjvBvjynzM5hZEHx5zyra3eqc4yx9f3k69mkniwfw12Rp:17000000000000000000:OKDOT:CHECKMYTH
14xbKBxGciakGSUuHWg6LssXcRASnGQq2RpHspkZiJJdirBL:17000000000000000000:OKDOT:CHECKMYTH
12KzwW6zQSA4RDv9mgdT67hH93C9jX2vtWf6ABeMqB8dmnQU:17000000000000000000:OKDOT:CHECKMYTH
14GHt9G9GcLuEe7jdx6apex52daQJcR6bzMT45Haa4Z6HHqJ:17000000000000000000:OKDOT:CHECKMYTH
14meGxQT9xy4QuUaU4M9rTgkx9hGP9ijqANaCKDC5S9NqKma:17000000000000000000:OKDOT:CHECKMYTH
15ACXqPfbrifxwJpBSUs5ewTaMJEskr9nbbtNE5Tst1McuzP:17000000000000000000:OKDOT:CHECKMYTH
12HaUitfVe9zYBDroG4DcGtGGzGpB2HqVwKXnWhm6j9uA4K6:17000000000000000000:OKDOT:CHECKMYTH
14fJeSYKBBruQne1EPzWkKvCorNk78tR8vyqymjBWLY4mQGk:17000000000000000000:OKDOT:CHECKMYTH
15TtKxg5XzVrNYTFM53J6gzFpTppWvGAYxjgjVKcr57H7DKy:17000000000000000000:OKDOT:CHECKMYTH
15AfjZmr8Rf8Eag9HnKsuZUbZXTEeZ9Ah4a576mxNjgJw885:17000000000000000000:OKDOT:CHECKMYTH
12xZC6aMkbPVStMZMSCCHLzB3zPHkScBa7fCEqddXfMLFj9b:17000000000000000000:OKDOT:CHECKMYTH
14EQ1dtbuo2B9rRNyUpLVWU7jXZ3HwfxjFXtKtGB1TQC2amR:17000000000000000000:OKDOT:CHECKMYTH
1j2UqUAvxVXxekS2svUtjcemQ7oMeckAD8MZsJkeB5cZzWY:17000000000000000000:OKDOT:CHECKMYTH
15BaubsKcHepV19z7QxhEgQ6YsjrQJhWsqWjVUViMUzWAjLi:17000000000000000000:OKDOT:CHECKMYTH
12jK2jXwBx7u5UGuBsW4dyREhce7WyE22RsQeGZQbS9TsukZ:17000000000000000000:OKDOT:CHECKMYTH
14EE2dQJnFjddbPgmsYj8KqeUCibkhNM56BLuKNsBtL3j3iT:17000000000000000000:OKDOT:CHECKMYTH
1VJenEjA5H67DraWbRw8y1nV2tZPCG9sey7arW8qsPTKmNx:17000000000000000000:OKDOT:CHECKMYTH
15DiE9AGAzcv18VodyaF5PfYVzDSXqZLhjcT2RrTivVfFrqW:17000000000000000000:OKDOT:CHECKMYTH
14rSR8CZpdqKL3JP3hzKDxsbzypP3ucTK2KcjCzQM8HVtfi6:17000000000000000000:OKDOT:CHECKMYTH
13E1mjK3y8j24GZWjMt3oGWC99n8j8D2j4CogZRyZbDSciC1:17000000000000000000:OKDOT:CHECKMYTH
153bocnKFVqV7XGg6fsPSWLPmaT31TKnWpdWkGAa8CrJFtT3:17000000000000000000:OKDOT:CHECKMYTH
15GVPCvFN7brfav5p6JoLvqmqKg36WMsu1DpYu9gFNDsaFLE:17000000000000000000:OKDOT:CHECKMYTH
15rpKXR1urBRZd87m6VQxDpLS5M8frFp8sTKEdoQag6gK1Tj:17000000000000000000:OKDOT:CHECKMYTH
14c4nmg89yUx2S2FxLajszvH7WcHaGJVi3hAKevHvik5aidC:17000000000000000000:OKDOT:CHECKMYTH
15JfMDyxDxrTAxTBVj5sZNz2Gk6d8DfeRzjJrC8yFqPADxdd:17000000000000000000:OKDOT:CHECKMYTH
15iGwzPAt57Mc8X8it8yDwGxA86iWHbSohMEfRg1dHmVputy:17000000000000000000:OKDOT:CHECKMYTH
15ftXvwdK7EpNNpeXGGBy2koDA5SARLpSBF3pJSzFKzafBSM:17000000000000000000:OKDOT:CHECKMYTH
13k2JSQCus2AERKiReiFKpKvttouZr9rLXrx4UMkRPw3b4fu:17000000000000000000:OKDOT:CHECKMYTH
1NpSrKxx3e3oJ5BivsYUfa5vVYgYf2sWwWp99tyqcCHsxXQ:17000000000000000000:OKDOT:CHECKMYTH
15iwdVciP4cEnQKMoThT2fJ1JRZu5cgUsmqvDum2HqEoTyr8:17000000000000000000:OKDOT:CHECKMYTH
14GfzgCA1svUzsXFitEfgTpoBY865feZxRvHzFUa9N9jF2aF:17000000000000000000:OKDOT:CHECKMYTH
149wVWissdMQrfKzGbbr9kbZ98dgEYdi2rP9MBRnuPj4iSR1:17000000000000000000:OKDOT:CHECKMYTH
15E9KwDDULFWKbmfTCC2xtgkY5NwhWAZ5LmpUGf8MN8MrQkf:17000000000000000000:NEEDED:CHECKMYTH
15JAEkVqbuSse16eYARHVbejdLvyavAfUy9hYL2MdV557Jeo:17000000000000000000:OKDOT:CHECKMYTH
12gH8fYMphf9JuaxUFj4jKoz24ifxu8YpgCYzZiphGFUSpVH:17000000000000000000:OKDOT:CHECKMYTH
149mSykW8pJUfs6ZUgqX94PQ6Z6x554tyJWqUzVCMowwXDnJ:17000000000000000000:OKDOT:CHECKMYTH
14atLqGP8JtmPMAkkdHMkLgRD8SzaxAGh4CRLFixLZYL9mLE:17000000000000000000:OKDOT:CHECKMYTH
15jy1Q58CuVvssSHa6wYGNM86D7cx8YZLitsfCSpfEJQptBj:17000000000000000000:OKDOT:CHECKMYTH
14pFa3CuUP1MWxZBZKAgZUmMCD8HcVdTnnjErx3QFu5g5ggF:17000000000000000000:OKDOT:CHECKMYTH
147WJkYDVqgrpgrZmxY3p28cwYoT6YvwNCwsxt3hdSy1tXXv:17000000000000000000:OKDOT:CHECKMYTH
156J1JDfTzu6vtajy4YfWv4ZfDNAHykmsRLL6DzfXkbXgN98:17000000000000000000:OKDOT:CHECKMYTH
15Kv9PuMppm9o8dxHQ9VLuS3GDMgsLrZPhEMzKsz7sPksrdy:17000000000000000000:OKDOT:CHECKMYTH
13YwUVQfmsf57K9LhCWPJDK2onGrz7NV3SkVkLwtGvj7t2yo:17000000000000000000:OKDOT:CHECKMYTH
146Wt7V6MDMAHZ18u3df7wAkM8R8UeRgrNs12BrQoSNfgDAa:17000000000000000000:OKDOT:CHECKMYTH
15mGLQ6zvdmi1ZrigwRoaZnTCQWrbxxDt7eL67ocQLAoe5F4:17000000000000000000:OKDOT:CHECKMYTH
15kVbm5zmoPbjvLMsTHbtZvjC9wZfrXYwaUsGzR9GcNJDUKp:17000000000000000000:OKDOT:CHECKMYTH
16D7fWxjUu3ix11c4HSAzmYZ7K5UdjLPSzxMrGUGPWMX12x9:17000000000000000000:OKDOT:CHECKMYTH
143rz8QHnRzwpe2tfw42i73AEa7wdUHkfNT147HEv3A2dn2o:17000000000000000000:OKDOT:CHECKMYTH
13m2ckAdoUdWyDw94DXQcEZ8zdH34REWfZu2AmEyKdxe7z3p:17000000000000000000:OKDOT:CHECKMYTH
15M83WbweVWnikqn796gt1rXj439dCMatD5Ue4r8NxQFFPkM:17000000000000000000:OKDOT:CHECKMYTH
16SNVy5TF3MRD18odWuvjTzGnBDLtUABnJMTje19eaHCA3kU:17000000000000000000:OKDOT:CHECKMYTH
143f7B1ikhXdqBdpR84LKyG4f4idQcH6hSsTn4aSduKubJBY:17000000000000000000:OKDOT:CHECKMYTH
1xAiBVMJnSE5E1AXfduoAjwqwaRmqBR8AB3ARaiU9tcn7RA:17000000000000000000:OKDOT:CHECKMYTH
15N1ogRwQ8EaDPeKup97HARmyuiTntTCkpg2hk4eSrHborLY:17000000000000000000:OKDOT:CHECKMYTH
12eafgrwdDWJtWGkT4sqN3ExUUG9aEJfVmU44GBEAwXfVj9Q:17000000000000000000:OKDOT:CHECKMYTH
13ogVKyRH3XYjRmRV4fGr3iPkrnCuT3zGp3xs8Sp4SqXrkvb:17000000000000000000:OKDOT:CHECKMYTH
16G4N5byEM5RbBfzfFtr74SC1zU1uEiLuHQ5R36LkghLtpaf:17000000000000000000:OKDOT:CHECKMYTH
15RJMrspWDULTjZqgQArdubXkFh4HNBUM3ufovYMJ6CqY6Tg:17000000000000000000:OKDOT:CHECKMYTH
1R6Bh1abKnLx2iv5zgT4DeAgRCmkdbYpu6MtZ5G2WH72EUJ:17000000000000000000:OKDOT:CHECKMYTH
13ZL9bD2U9EKq1n1aH2GNVEbqi4JMkaUoJTXi2uH198R772p:17000000000000000000:OKDOT:CHECKMYTH
12zsCEecyLgESaCS51YQNccvD7npS2WqwV4WZz5ma3jHucro:17000000000000000000:OKDOT:CHECKMYTH
15SgkfdmXDHXxXKVQRmKjRQETTHW6WnbuvaQQpGwPhF4oKQV:17000000000000000000:OKDOT:CHECKMYTH
16CgESz5J5DzLtycAB44kqYvpvJAi7N4GAqLwp3cara5nbta:17000000000000000000:NEEDED:CHECKMYTH
13w1aNV1JcZqevXHNceTkkgjHaeXzFVnJ4cXYJRyq6mEJJBg:17000000000000000000:OKDOT:CHECKMYTH
15vvPzKAZxBVzwWVaRqsSeox9eGvACxqmQ57caUvNPWRxGKv:17000000000000000000:OKDOT:CHECKMYTH
15tCXCN3huP86TUWDYUcTf1w7uSVocmbLiF7bn45bMUES9os:17000000000000000000:OKDOT:CHECKMYTH
13YRH1XDiHmqPQrNZe2MRgKrmjBAHepRpeuEN3Ft86rFEbzq:17000000000000000000:OKDOT:CHECKMYTH
13rKcZ7T9dJDSxuSBm5Y9TYcZCrQh2T2jdeaZeBxQXwLgKaR:17000000000000000000:OKDOT:CHECKMYTH
15GfmC9przehd1pb8KddqczHEgCiVKreMAsnEULyFyAeBb5j:17000000000000000000:OKDOT:CHECKMYTH
15uadQQGHx3NSML93sZ2H1nNJXyTsj3WQdfGhgrBmTaHbmVD:17000000000000000000:OKDOT:CHECKMYTH
14udTJY2KoQeam5CKhrep5KKc81fjWJpP1qpyXRuzkWGx2zh:17000000000000000000:OKDOT:CHECKMYTH
13UUZMurgTekBHXUNRyeQe5mJZ5EEvnsjPi4RAfrDWuNTxHM:17000000000000000000:OKDOT:CHECKMYTH
148tbbNZoSWDwLh1WyDBH5ev8CMGKP3bxCKc7t5C9RYjXfgf:17000000000000000000:OKDOT:CHECKMYTH
15wLNbhqKfrR47bcANEM7UeHD2JZjJxdH1gqQ2LhUAgwk2Ak:17000000000000000000:OKDOT:CHECKMYTH
16JWYGkvZxPqZ5tvnWDSjbS3F2Wx911yv6h7eatYNL4Gfjf4:17000000000000000000:OKDOT:CHECKMYTH
13UsyeVX42PT4tB1PrrrE3Z3Wqhrshhpim2AhmjrkUAmRHTh:17000000000000000000:OKDOT:CHECKMYTH
16ku918YyRu4dazPAeaHFSZmRgqMfbKtYGTW7fvDS1jq3dHh:17000000000000000000:OKDOT:CHECKMYTH
15wqgRgkjTN7D8ffmzvqinbbou5VsuFjsiJcLb5F4di78Wns:17000000000000000000:OKDOT:CHECKMYTH
16G8npRdA9qgtngVm6NMSDByHMwoyH7jYdPpniT8iBZfHRzd:17000000000000000000:OKDOT:CHECKMYTH
165QhZwMEisJGnyweKAu6trr2WzuJLerm7omrQcCEmXA1kqs:17000000000000000000:OKDOT:CHECKMYTH
131GBkMCd1Fq2MPH4LGYbydWqA5oBA5una6Smm36ybAR6mMM:17000000000000000000:OKDOT:CHECKMYTH
15XrvdUVrdNq2wK1hSPgoSKi3yUMTZC7i92ir2jqVy2yAp2C:17000000000000000000:OKDOT:CHECKMYTH
14JZ2YC5yr8CyJSrjeFK69qzkbsXKhPS1HkMaaCLD1pL1vNH:17000000000000000000:OKDOT:CHECKMYTH
14ahSHYqybYmxM9RJyyTkLH4LeJbhR9ZjEcDq6Nk8NiGeaQh:17000000000000000000:OKDOT:CHECKMYTH
16aNv4tGR4R7UUt6Uh9Bu52SmQLNZMVSBeQaE4b5nVjiRZPX:17000000000000000000:OKDOT:CHECKMYTH
15YSFjgUYdoLBa57kKouU31cfwNW468LQYvdtLMnWfU3PaJF:17000000000000000000:OKDOT:CHECKMYTH
1sywP45NcZSQ3ev8WfcLZNm8hwCUiKzNYHmECpR9nYMAtMA:17000000000000000000:OKDOT:CHECKMYTH
136kZM1MQsZzv4LFjH9NKA84fVXws9r1qxFHDiJcbnF3pr1a:17000000000000000000:OKDOT:CHECKMYTH
1sWH1pMZjz2wh9KUD1ZkmvqQbuUyzgM2EeM6YKY1bPzxvKF:17000000000000000000:OKDOT:CHECKMYTH
161D6mMiwsnEegiowxmCHe8mgBhz4Ltp4cUeWs9PvwohCaMC:17000000000000000000:OKDOT:CHECKMYTH
1rp7oD79F7X518oXk6cnmKd4Mgc5KVWseUN258caVjq1YLD:17000000000000000000:OKDOT:CHECKMYTH
1RC81mgSHtySZQBq8yEKuzXTAh75UPmsHjjm6a5zkSHXBgo:17000000000000000000:OKDOT:CHECKMYTH
1Qkexd8q2aYjJM5metW97c2GFLLRae86ckBGSJpHhug4cF4:17000000000000000000:OKDOT:CHECKMYTH
163Refgv65DWVJxcg9b3fvaY4fqUmE1bbs535D4UdzkRX3Uy:17000000000000000000:OKDOT:CHECKMYTH
1PmsQfCCj7vjtiXuG99xMJVrRWAsRLzkhJxMw6ADupMUnJM:17000000000000000000:OKDOT:CHECKMYTH
12zrnzxVusGkRK5ab9gsjohzLBEeXuKDxNDp9ZvgUGr95yGF:17000000000000000000:OKDOT:CHECKMYTH
1pfED8n8sZv78uWLVgt4NuMgmXa28BnP5MXG8GFLDSJt1p9:17000000000000000000:OKDOT:CHECKMYTH
166MZ8yGw6CRxMihCvR5XJL6jVtfqnCbFGw915B5L6YEGNdG:17000000000000000000:OKDOT:CHECKMYTH
1msQWiBdv1v7EwD5dL1q4DFVS7BF281bBZZqH538n5Kvd99:17000000000000000000:OKDOT:CHECKMYTH
16kKEh2nhRaJuynWwRwgegLjcEEvPgL7s3LYVj8zJyNUwexD:17000000000000000000:OKDOT:CHECKMYTH
1KKpuLcj3LNLPjiATcgZqtWqB6PJBpMeaX9HDXYVuhrj6gX:17000000000000000000:OKDOT:CHECKMYTH
167vTDiGKs32zyQMrYg2KsjaBdnZPg4QoUzxqyWKvQnhWaNK:17000000000000000000:OKDOT:CHECKMYTH
1jZxkiwFbY3arYJg8nzM1bVDJzeE4h6oxPbNAkjMEMDgWpk:17000000000000000000:OKDOT:CHECKMYTH
14K8ngjMp6ZHwL1Wq8XadfHq4qmCHCACnEsc2dJb1gBQfxEG:17000000000000000000:OKDOT:CHECKMYTH
1JMi1JFwyiCvmC9PxtPpZ3xdUi7BnvhSJbmN7U7ZtbBvkS5:17000000000000000000:OKDOT:CHECKMYTH
16A8QyPyytY88vHswU5fAggWeiqbEKrYGXXbCtChzCSWjvZp:17000000000000000000:OKDOT:CHECKMYTH
1hAFQ5f75NGuaEM8TSQacFgXngYyRvvUd99j7NK95bmVjs8:17000000000000000000:OKDOT:CHECKMYTH
13GcqF566qsy2fM5UjALaTyX4imrKt5agC3S2uiWu1Wdgsyj:17000000000000000000:OKDOT:CHECKMYTH
1eZWZ9vzBfoawaBQLN4R5fWHEce6tX8PCYnZcR9hngkyNhM:17000000000000000000:OKDOT:CHECKMYTH
16Cf6g8UKNNn2xoM8h42M2X8bjhHLg3uBQxG4GvWxA8NAFqa:17000000000000000000:OKDOT:CHECKMYTH
1cDvzSSjhyrohqzfXbsQ2k2CmejKK1WDAZ4kzB4GUXdoS1Q:17000000000000000000:OKDOT:CHECKMYTH
13YsoaoEGQcyuqUQXYMoaxZ1zoTzyR698q4FYgHRJDjehCdd:17000000000000000000:OKDOT:CHECKMYTH
1Bkj6XL2Knq7h7ZD3o18te757cRvYrNn9U74yb47Aii8v21:17000000000000000000:OKDOT:CHECKMYTH
16DSkMXYFHAVRFupw85qfGJ5kRUfJnUhkw6G49kFARK4NrEv:17000000000000000000:OKDOT:CHECKMYTH
1Wtv3nSooMxqN9FqtzKwxHQpj6eKfpM13gp46k9qcr25ow3:17000000000000000000:OKDOT:CHECKMYTH
16Fd4CTBNzFWb8kByAUfPaznmNkwwzZf8apZR6wMgXEtyu1C:17000000000000000000:OKDOT:CHECKMYTH
13mqQv7GkVcCiwJkDoKyeuzNM1uqQ8jv2w2mkFHjw1o64nh5:17000000000000000000:OKDOT:CHECKMYTH
16FyFt26drnB2dFa7Na6JSZSu5WwUpHhACvNkCTWLr6TFXir:17000000000000000000:OKDOT:CHECKMYTH
14rGDtj27mx1Mz6u912DW4x7amQWTjqWT3Q6a5K8MoicTS1X:17000000000000000000:OKDOT:CHECKMYTH
16goR2f41p1JqpYLf434xSGHw9NXygeuef3sVhBoe1FX7DNT:17000000000000000000:OKDOT:CHECKMYTH
14BsDUugqT1axgcDXxAkarFUR1mLVNixAAdehNyVQZW4AdnS:17000000000000000000:OKDOT:CHECKMYTH
16HetrLCtpvk51eDWXuZQMUoPSUgT4g5SqF29KdqUbMqRMm1:17000000000000000000:OKDOT:CHECKMYTH
12jjTNZ6P9JqQ7z9TK75ysQxmu4bTsxBefN93pXbGbFpQmG6:17000000000000000000:OKDOT:CHECKMYTH
16J8Vw8vYTEqttW8dL3GyzXb6t5L6m3NjHpfCzimxB4q4cyb:17000000000000000000:OKDOT:CHECKMYTH
12F4kbwNFx58zs24afJVs6V7UsUTpG9nQpR1FT1KbfKi7wos:17000000000000000000:OKDOT:CHECKMYTH
16ji3SNgFovv338Mopzv6q32LNkRnn7E9CTnDbs7DRgKDeWo:17000000000000000000:OKDOT:CHECKMYTH
15YREyBgDXfS7jufXPZ81RdRb5wbrhWS2nezY4xVbtTYdMXz:17000000000000000000:OKDOT:CHECKMYTH
16JT9VwxYEzX8gobn2V2AP6F4RCxXbcPDcUq5WsJjEofdYAq:17000000000000000000:OKDOT:CHECKMYTH
12iiUfm5i3ZgRLTUS33TNFKsNARuEkGydKiw1Wd74A8FbB3P:17000000000000000000:OKDOT:CHECKMYTH
16kmJg1LCQCbXiPn1YTm1ZSTHRhCSSyo59hgosoqBGN2umNh:17000000000000000000:OKDOT:CHECKMYTH
12hBAFkXE9wrvkdbc2jij84D5Yk1S6Z2vCmZ9bAbkAyQLHjJ:17000000000000000000:OKDOT:CHECKMYTH
16n2Ca4Bzq7thn6cMxs3ShM8rgvctjXpUwjKrBk5RBkDw2a9:17000000000000000000:OKDOT:CHECKMYTH
16WLLEDKDPL8XTWq68EZFDwdHwe6P8cEC1yetxdfM5qL2EZ:17000000000000000000:OKDOT:CHECKMYTH
16PNNwh4HvVNU28xaUKV7zGfFxng554Mh9WQGsSsbggM72P7:17000000000000000000:OKDOT:CHECKMYTH
1R1Z1UQ72nwNrSFH3mQHzNtetfHEkZdXii2KfvEovoqVyas:17000000000000000000:OKDOT:CHECKMYTH
16QsKWHuwgcKkkKQMJyZYjGB5mbX799LfB4eGBKxUpoYuiXc:17000000000000000000:OKDOT:CHECKMYTH
148EHoKkmRFZa3SJoq8PBdsa3YQdSuxVZ9AHPqSC2p7b2VYq:17000000000000000000:OKDOT:CHECKMYTH
16UtzVbw55JjgaATibjnN7oACTzFi33gzckeP1hrjW2kSiaR:17000000000000000000:OKDOT:CHECKMYTH
195po8QBwwB3aahhJ2cTAXxAss3DWoekDcCNj2NQwTTNtmn:17000000000000000000:OKDOT:CHECKMYTH
16Yp4qFJXnAGyKToidtmkkGonTXMgnGpNhagYnXesdxsdAA:17000000000000000000:OKDOT:CHECKMYTH
158ThTZaRkFfiCDvjtbY7jQfficrC3XtPA1vtvGQULbj74H7:17000000000000000000:OKDOT:CHECKMYTH
17xMCxF95d7jpppfuRJJc72tpWyu2nAkyXfzvAntgvPimaa:17000000000000000000:OKDOT:CHECKMYTH
16XYG87bFaXiHscf9YaE7CTQJhdZAEs561EZvE9SoBvd3dbj:17000000000000000000:OKDOT:CHECKMYTH
1BgdSHck3smRnn5TD57xXqzPYbjJoFKLVSi4U3FuWkxsBp4:17000000000000000000:OKDOT:CHECKMYTH
13GWYJtd85kXTfZ2wYdz5b7EhRNCsr78kPq52kGS7sYSKfQ1:17000000000000000000:OKDOT:CHECKMYTH
1bgZPaWHidMFTEtucAq4eAVNLsHGfN43mkkH3XGi3SPyhXr:17000000000000000000:OKDOT:CHECKMYTH
16kE2fJcsEQ4A4Bq4CyKKQNVLJG2qAF5JCcYaoRxphMtBjPM:17000000000000000000:OKDOT:CHECKMYTH
1CAhC2LNV3U4NvG2QrGAdF22WSFbYGJa7Q8dfEeSXN1MfiZ:17000000000000000000:OKDOT:CHECKMYTH
13VPYDLWYmD6ghD6R8zW5Q3toUqXRU6hGeynbWEqS2nga9sQ:17000000000000000000:OKDOT:CHECKMYTH
1CQh5QSseeeMk41C4Cin9YCBGmcLGuRFstMnXcetQhDPJVf:17000000000000000000:OKDOT:CHECKMYTH
12Brr57z94RHj9uqKwJDLV6Av9KcQ9b3KcV2P9ozqYPq1LnS:17000000000000000000:OKDOT:CHECKMYTH
1dsoYfWcsK8y3XWmGdjYxxY1nKghg8tVTYcyPuD5wMTRfaS:17000000000000000000:OKDOT:CHECKMYTH
14zUb6Ufh3T5mUPw3VykUS5ctjZXUKPeLcx3fRTaGvjZNVGg:17000000000000000000:NEEDED:CHECKMYTH
1f3Q8jPQ65dxGdjR1iAUgF4zDjNGFYksHxMT8ernWNi4SXc:17000000000000000000:OKDOT:CHECKMYTH
12p2MeECmLscKWpEKPxPV3w2ngvowxMepL9antFnvWHUUzzx:17000000000000000000:OKDOT:CHECKMYTH
1herRQqTWVj3YPNr1Qb4VMUHURLFuhrVYEkzsJ5B5pkq718:17000000000000000000:OKDOT:CHECKMYTH
12EfkvWtqpUTGi5UaZoU3MkCbTWBGNzoMqjPGg5zzbxDxDz3:17000000000000000000:OKDOT:CHECKMYTH
1iS51p9AJigwHEHWGkmkSDqznb8rHMwLsFoLG5QWHsVPLgw:17000000000000000000:OKDOT:CHECKMYTH
13N7buGZixrdwqhzTXfQVSybJwHN64YdgQQnHXivmFuJro6A:17000000000000000000:OKDOT:CHECKMYTH
1LG7wi2d9tAjseMFukABDodAXbpzpPX5fL9963EazRonTVZ:17000000000000000000:OKDOT:CHECKMYTH
195AamJMfJZQ5QA8DMPby62Gu3EBXcfogvC26xiSNR61XBo:17000000000000000000:OKDOT:CHECKMYTH
1LYc1Qm53d1WfSkS2Hw9cuXNQCSGzsW3ofZo11zYir7nisW:17000000000000000000:OKDOT:CHECKMYTH
136BT4NqH9AHnoQyAR1oUniZNYEyeGVKyAt4AhGTppuwcx8n:17000000000000000000:OKDOT:CHECKMYTH
1Mz8yB6EhKewvKScC3ykeV4mr4keRizhptf7D13amus9VeC:17000000000000000000:OKDOT:CHECKMYTH
15wdaG2H8mNnHjkiKNGotntbmfB68wzLUDsEVq7mphVEUKn3:17000000000000000000:OKDOT:CHECKMYTH
1NtXJeuNu6mRhh9fgMbdzTv2nVtJCAA1eDojdEbjpJjVokg:17000000000000000000:OKDOT:CHECKMYTH
12mf8C354nQQ2SDfT7p7KjqonUnLpiviii3LmJpYb9uAJiAG:17000000000000000000:OKDOT:CHECKMYTH
1pk1NqEutxR86etcCVyJEJkhPWhJBY55CNsCNmFGqeekRVh:17000000000000000000:OKDOT:CHECKMYTH
1123XVt4tCP2qBEMhtsJeWgMzqDFbyqyygRENqhFjSzfvJND:17000000000000000000:OKDOT:CHECKMYTH
1quAx3SxbxJMzChvTMzEvsf1D1wbM3HrSjAviZozEj7JLvo:17000000000000000000:OKDOT:CHECKMYTH
14wT42erNGZ7x8GekEDoUXNju7G7h8XnB8syt3Um88xVn2mJ:17000000000000000000:OKDOT:CHECKMYTH
1Qzv15iVXW7BCWJdM865mJkirKaib7sXvXSkLUuENrNzQXt:17000000000000000000:OKDOT:CHECKMYTH
15SRQuoNKYpv1R4bgnUsBWBr82VZuK3mM96FXU6dySfKWQB8:17000000000000000000:OKDOT:CHECKMYTH
1s9TZLFmPBaZzfyWF97rf7V3NG7eS4JiH2xcFhELj2bBhaM:17000000000000000000:OKDOT:CHECKMYTH
12EMMe3jmtMmnFzUC1DdqpbvSJdWTHqysVDVQGAhXTDQx4tc:17000000000000000000:OKDOT:CHECKMYTH
1TURjF3V43KfgffisFp6m2gawko2nAxgKN5xRpxK42qPj3e:17000000000000000000:OKDOT:CHECKMYTH
13hD5iHkhUHC3Vc4PHFvSW5MP4e4JP3NhaXqfB8bJrAviQE:17000000000000000000:OKDOT:CHECKMYTH
1TzF7AoBqFwSwqGo9Nyhw98fDtrARgqbnCeGGTCL6nSiS9t:17000000000000000000:OKDOT:CHECKMYTH
16SosFVicScT6RKvrSW4HJ6b6Wh2bALLm8MKZk4qp6yGtyqP:17000000000000000000:OKDOT:CHECKMYTH
1VdDjggwWL8zGvTsryMKCYKjNtBazwP8cf6wRWeT4BuLTxH:17000000000000000000:OKDOT:CHECKMYTH
1496ozAtbFvYQkxLQmzATEX5MkRYjeRQvKtapRm7niLo9oSZ:17000000000000000000:OKDOT:CHECKMYTH
1W5TEesbR4oEhQnHPFERybsTJdfPd6diZvGdEBTspMXyLx1:17000000000000000000:OKDOT:CHECKMYTH
16UYMM9LrBFd6HKKPbkmSHpyDiVLH38oYWNtqvV3QfkdXukv:17000000000000000000:OKDOT:CHECKMYTH
1xMXfPf95EoFtsY5J4DQhgbGzJ68wRRRqjEYZQiL7VGhEsk:17000000000000000000:OKDOT:CHECKMYTH
15JZ7mhN3yTKVJwUjvcmP98sUNem3fsL4zZctivvQYFkD9pZ:17000000000000000000:OKDOT:CHECKMYTH
11GJztQQ8YLLGqiVUKKVJ6DkQMvrsuh81tqLzyeurKMacKj:17000000000000000000:OKDOT:CHECKMYTH
128kCoyF5zAfAHizUviPK6A4gbGN9VCbzLhWoJ7FhY4TdQGT:17000000000000000000:OKDOT:CHECKMYTH
1295oqKBgRSPty2d1Zn15xmcGuCwwVt7tSoLmyrNPfiB5bTP:17000000000000000000:OKDOT:CHECKMYTH
15czpHGMFHbkRYqk7dPkx3P5jaF8TbPKzENparmcPjCXVyHr:17000000000000000000:OKDOT:CHECKMYTH
1297ntkwEXwnUr7uFFBJtN23se6EWZFos5zhYWMDPjMqCNc9:17000000000000000000:OKDOT:CHECKMYTH
13RdwQqyHEFvrRpWtse9SDkUZxr4oGWt73yX2W96UfedzJcu:17000000000000000000:OKDOT:CHECKMYTH
12bErKUk3YQ3ivXqeExEqDZ57w6W4QPyWg9VixvkrAefRxKg:17000000000000000000:OKDOT:CHECKMYTH
141BDW4Pe8YbqbPvRhkZPwJ9nS9bmuGu5SqXsMK1SNTk5NVy:17000000000000000000:OKDOT:CHECKMYTH
12bj1uq2BK8dBWNfuktpMa7QizrXLkf1sY4aoLmm77cSmxCs:17000000000000000000:OKDOT:CHECKMYTH
1TomobrA5Kr37eBix1GFQmmwrcuc7U9oh6Sk52ciwQ3CLUb:17000000000000000000:OKDOT:CHECKMYTH
12BKCw7z8B2er3Ht9YsDqXrhozWjDKUw3D9ZkwTHdBkQybxX:17000000000000000000:OKDOT:CHECKMYTH
12NKg3ZxL3WeWuhXruNhXrefaxqf314UBs1tVcXTzWr2TPMA:17000000000000000000:OKDOT:CHECKMYTH
12BKWUdCtyMVhu4DWVzTs3bU87JvYUEioVSWsrmPNqmwtAYz:17000000000000000000:OKDOT:CHECKMYTH
1sc9rgBr9NMYwQ6p1BoeGnyLebjA4DZDCE2EtAQngjrZo3r:17000000000000000000:OKDOT:CHECKMYTH
12bMYWMxmAeVQmbT7fdB1uyVT3MydqEJ3p4PK5VfrthNjtTU:17000000000000000000:OKDOT:CHECKMYTH
16BmxfLcKsoxRnv9fj523VYpfvqDFDz2JJJrCJkETnwUC8PG:17000000000000000000:OKDOT:CHECKMYTH
12cRzi48qaKGADoevE16yX6wG5ivveKJTboNs7yBWD8wgtsW:17000000000000000000:OKDOT:CHECKMYTH
14KiP1vBJQan8ZSv6GbTnSgbnEN1WqapWdmdzXgccfhP3onu:17000000000000000000:OKDOT:CHECKMYTH
12dfn8WaeniAF4nNn2SdxU4LLa1R7jUcniFZA8vSxvTyYLYk:17000000000000000000:OKDOT:CHECKMYTH
15jHCfzkPKcDCYL4xZYThVMjcsc9c6d6oXSvhfxx3DnS3qxS:17000000000000000000:OKDOT:CHECKMYTH
12eEkmpRhgYoRKbhajELmCuxaNvapSShgmHENeJwsfFUoJwy:17000000000000000000:OKDOT:CHECKMYTH
13o9dVKHrUA5nbdESw5WE4ubDm7RtwbdfVKo9RKDDnE6aVeu:17000000000000000000:OKDOT:CHECKMYTH
12F2Dodc89YDupajhn82GAWMQ9m38omE8bhnbwji5GTR85xX:17000000000000000000:OKDOT:CHECKMYTH
164fcP6TZ3hi2eTjJLYQtZbpqaAWxGHB8xsHur3953WeESfN:17000000000000000000:OKDOT:CHECKMYTH
12fQ1gorHofCTStEirSGsvC5mFeTUcDkwHC8hRw7DXH86gZS:17000000000000000000:OKDOT:CHECKMYTH
12LdBTm4K7mRDdXCKVZHuEgYz4avu3oBGHNKFFE1TQ1Nw8ER:17000000000000000000:OKDOT:CHECKMYTH
12jYwqKqTBmZ1xnFmpxr7LZpNjFtZMRz1x3qof19DG6Jt9HD:17000000000000000000:OKDOT:CHECKMYTH
1645arsovoQEe6cEpKT3kuwb8odm8rYCayfQ6vVVPPgAKML6:17000000000000000000:OKDOT:CHECKMYTH
12LmZt6KmAdmV2pB1xoKUskd2TnPr8MYHKztUWvPVDRhqV5w:17000000000000000000:OKDOT:CHECKMYTH
169Bvtoe2ekgR7D1LPsFT2ARdrJToG6M931h8eSDjTtdYjse:17000000000000000000:OKDOT:CHECKMYTH
12MHNYbr7ZfU65mGko9yhxXbiRXoq3EmJzTYnSmhxd4i6ZBA:17000000000000000000:OKDOT:CHECKMYTH
169GhwV4ssiJfwMRGsHHq2ezgtAaZDgznn8b5CxLvvyHCmnd:17000000000000000000:OKDOT:CHECKMYTH
12mR9PNQA2hLMV38TKDrAX3Guvi6nCa4kmEv9rCCeKzXgEdg:17000000000000000000:NEEDED:CHECKMYTH
16AxMD7CuBMdYyordShBErPphukce8Xq6BGByFHax6WUrPnx:17000000000000000000:OKDOT:CHECKMYTH
12N2ABoFLY7UqyjLM7jJZncqbLcMsKavUJcCQKV1PGiUz6u8:17000000000000000000:OKDOT:CHECKMYTH
12kAc29hZcNfZF6iiKMqUJ1ZMd2UywVAT1Xw2mN8jwQAFAfT:17000000000000000000:OKDOT:CHECKMYTH
12ndro1UeBURTmXaB7uYRxfyNrZzh5Dn62WgWvWHpz6UmSbw:17000000000000000000:OKDOT:CHECKMYTH
12EssXcGhYatmchkzUSxvaVpr5CX6Gxh6r9YDB9iQ61AdrVw:17000000000000000000:OKDOT:CHECKMYTH
12Nk1Mqa6ira74gBtW4amJXXLFmQzRi5zLJhRdcsspHuzAwh:17000000000000000000:OKDOT:CHECKMYTH
16eND6WXmHx3bUZjs7h9PRjqKSVSCBAZKbharGuWTSPt9sef:17000000000000000000:OKDOT:CHECKMYTH
12Ny34zQ7DoUqyJtTiCC1PDpRWPNYKkk6zuokTM2wxh9rneY:17000000000000000000:OKDOT:CHECKMYTH
12ECDEb18Wiy4MoLn3NTM5zhJfDfpS4mLNvjHpcEr8ogGrMZ:17000000000000000000:OKDOT:CHECKMYTH
12oG56RXQyVbenxjpNRq9uAA5nP3UBRxZRYpRTkkHjW6Ba6R:17000000000000000000:OKDOT:CHECKMYTH
16eXHjmCPZv4z48k8f1k4DTww7iniLzgFtyUnFsFvqRufUp:17000000000000000000:OKDOT:CHECKMYTH
12q1ABvK1k38JrxAp7Fk5BkZyfaXdCFuZJ1APa4DCTKRuNEq:17000000000000000000:OKDOT:CHECKMYTH
16eybSNRCCJ7eHn2FFxdTir8EtcWv6mRpPBzccn28eyCoieB:17000000000000000000:OKDOT:CHECKMYTH
12rnM1bA1LdT3SqNirGzpeeQa5Z26BnV8BcoA2hHdE34s6Cs:17000000000000000000:OKDOT:CHECKMYTH
12ds7hGe6Pqw13Pb84bwWN6eVkEge1zeYZiwuQVXB3DYh862:17000000000000000000:OKDOT:CHECKMYTH
12s9XwuS14JXygM2krX1VXzChQiE6bjEKZAjr5GBo3KbQEnc:17000000000000000000:OKDOT:CHECKMYTH
16H9v83CqvFbEayDHbqMCnFJWYo5z2BrVvh8j5kYm4mAsoij:17000000000000000000:OKDOT:CHECKMYTH
12SoA8LWZAkwGSavjnhGgUE6EJcZwZFASRMsFdDk7BcBejqZ:17000000000000000000:OKDOT:CHECKMYTH
16P6fgVgBndGANbdk6mjkkkpafg6qHBQMcQpMRLKRtRbb2sp:17000000000000000000:OKDOT:CHECKMYTH
12ubTfxHZGBhms1YiaABFw4qmKZ5KRHFb4bVLFV6DzJo7mPJ:17000000000000000000:OKDOT:CHECKMYTH
14ZfmW3SugVfajBjtJagRZW7hACNQtKb7JEiKkAr7PTmEvXU:17000000000000000000:OKDOT:CHECKMYTH
12uRGrj1HBaD2c1PLuFuM3nJCNN6XPP5LfiEmEzaFisWrCCv:17000000000000000000:OKDOT:CHECKMYTH
12dipGYB5SG7qqrvbYuV1wxq2zwVSMwpp9PhfSLbMCcUEANx:17000000000000000000:OKDOT:CHECKMYTH
12uyvfsHg46FgigRhVdCaK3gQ5BGkP186jVrm5ZvA1cezVEK:17000000000000000000:OKDOT:CHECKMYTH
158dm3TcDjiZR42wRfrXknvUF6m9KTB9dpSE3JXTeT4oGahg:17000000000000000000:OKDOT:CHECKMYTH
14KjJT9zPJM6NcJgaVnJNLSHhbv1EADhJnAH7xZjXkzryH5c:17000000000000000000:OKDOT:CHECKMYTH
155KWqaACtuZ44V3Zi2mHrCeC64PZx754KdpW9EH8nfgE2U9:17000000000000000000:OKDOT:CHECKMYTH
12K8VSnt9m3vntbAPT55iJ3w77RSWg1zPcndmx1W1YvJP1Ke:17000000000000000000:OKDOT:CHECKMYTH
154aCW2LAKiGg7hUVdwXF4jbzuzKLuVaP772AFDs3AEU2kww:17000000000000000000:OKDOT:CHECKMYTH
12DPUiWsEiWnr4EwDtorE5pv4vnNmAJoHBjusATpF7nGUeJX:17000000000000000000:OKDOT:CHECKMYTH
14Yy1oaxCVaEKaspMVYPJEWkWwV95bMGd6VdW3CTKBGevapj:17000000000000000000:OKDOT:CHECKMYTH
127EjATHU7FL3bzsGAk69CXegJAsKUgFuQcekrfDdPP1g4oc:17000000000000000000:OKDOT:CHECKMYTH
14Xmwp3K9CBKW5oVA6MYE7DrGj8CTYSwGefMe9SnNpKd5tnY:17000000000000000000:OKDOT:CHECKMYTH
15LsLbSaWfBFh6cV3zfLSFpPAK2gQD9rDxsMozc6KjG1jM8m:17000000000000000000:OKDOT:CHECKMYTH
14wR3qR5h4vV2fhPQZ82eyy8LUmgwWy5g8iPRFMx6BAjAy54:17000000000000000000:OKDOT:CHECKMYTH
12Xzi3TTaovbkBzo3xyfFpv6g3ujU2ivBmc2xYjfdgebo9WZ:17000000000000000000:OKDOT:CHECKMYTH
14WotXVcRPFDKkpiUx5RYJhgUGfefyS6vrHtwtK4u13Pi1bt:17000000000000000000:OKDOT:CHECKMYTH
15kWqTE4bpjaaowQasafWs2hXaTjFEGyPZimUiGECvsR6Et6:17000000000000000000:OKDOT:CHECKMYTH
14W2kPVnuzKu9XG256UWfCPpaUHKSq8tvnv4MzSX9RbkDaBm:17000000000000000000:OKDOT:CHECKMYTH
15PkvmLKMmMkf8VbQReE2bzegKJ9RKvi1aTWTjNVJzij7k2w:17000000000000000000:NEEDED:CHECKMYTH
14vHv7HG1m46sfoHYVrTZLyzKq164ixAAWtcfM84izJrDPZx:17000000000000000000:OKDOT:CHECKMYTH
14Qqtnte37dkiHSqbV3Pr55etBhPf4xLBqCsW8fF7GAcDcS9:17000000000000000000:OKDOT:CHECKMYTH
14uEiarmNwVjemmfCDdMah7yV4XdANaXyvVgggXcQ4BnNNwB:17000000000000000000:OKDOT:CHECKMYTH
16ULcLDGpoFbVYy6jjZitDGzEYUPDcBHSiYXyxsGdt3ukNEt:17000000000000000000:OKDOT:CHECKMYTH
14TNdZUwUhTanL9dFqMNa6UCyX13Rfn7B5AHPh2nY67fUGWF:17000000000000000000:OKDOT:CHECKMYTH
1219dFyVfgA53W74ciVDwtBj4f4JNhGRvVx4rPERSXCvGKeq:17000000000000000000:OKDOT:CHECKMYTH
12yMoSeFuohPpDMjGqhp6tErtpR7RT3LoJpanYNNrSP2DH41:17000000000000000000:OKDOT:CHECKMYTH
12m7VCcU1Q3qkoaNqxji86yvXkJXgPaGvBCB1kkVz3Xw2836:17000000000000000000:OKDOT:CHECKMYTH
12Z5agLYCXbkMkZCWoj1VwftssJx1WrUzWJE2fvT8KrEMfs8:17000000000000000000:OKDOT:CHECKMYTH
1WcBoX6sqFYfGpsgCCU7Qc6omFnQtvMUvQAx75tf2i4j6co:17000000000000000000:OKDOT:CHECKMYTH
14QysHrsxQKFHFEtsAvtT5ku61CFoieoLB21Q85qviqqoEY9:17000000000000000000:OKDOT:CHECKMYTH
15d99ZQd9qYkBqCLnnFSHEjkT4iCN1outrG5Y2H4rcq9Cy2S:17000000000000000000:NEEDED:CHECKMYTH
14QCh3TuyH5qUJ7nJo5K59etvW78j8mzYrBCLGU5En4wksxz:17000000000000000000:OKDOT:CHECKMYTH
14p8yzVhKV7kybbzr7gBRTCenCN2wENkyHUxgKdrrXVRHBti:17000000000000000000:OKDOT:CHECKMYTH
14n8iSQNgRF3NuwJfiGcrGwtEw6iiGNx3kGQGrJxyav9vWXz:17000000000000000000:OKDOT:CHECKMYTH
14TLqRWyhb8GiHxqCdfsJVpdBCLJryozgxzgstJPS5yvCB5L:17000000000000000000:OKDOT:CHECKMYTH
14mwCvSShp7fj3vrfMBQgw5Cz7B2bHkYAtDzfv8tRztHUutn:17000000000000000000:OKDOT:CHECKMYTH
14g7G4KLX2Mg1d6WfrU84ChpcgMVJYfmeMj8Vi1pTDcfyjmW:17000000000000000000:OKDOT:CHECKMYTH
14KX1MFXPg5g7VrpPZ1CWyXuLoufufqCQtoCr7j3sWMvYVdw:17000000000000000000:OKDOT:CHECKMYTH
13KedUasBxxzh7QzDy8Pnvfjo1aEWhvVvUfCp5fekFkBbowc:17000000000000000000:OKDOT:CHECKMYTH
14gP3d7n7Vrp9d7cMpUKS5ho6K2Yz3mFf2THPSua15kVsfMJ:17000000000000000000:OKDOT:CHECKMYTH
12C2WN1KF2v6t6wc7ybQWztPz9ssZ1f6xiikeyekeYgrNW4C:17000000000000000000:OKDOT:CHECKMYTH
14FTF6wEKZ2HGjaT6E7vg83RZSNXBDgfzH7NsQCpEVTyR8EJ:17000000000000000000:OKDOT:CHECKMYTH
14Snhjc4o5ah43Cu1Q8EZhz9m8gKPYr5WBUiRBkBn8x1KHkb:17000000000000000000:OKDOT:CHECKMYTH
14FP2So3Ef4zoAsgSAAswV68Q57YWvpCstcoZ8YtHJYNA8T7:17000000000000000000:OKDOT:CHECKMYTH
16cVzHFHbwxMvSdvNjYXN1gQUijukkVpn5AFZttJUyB9UfzG:17000000000000000000:OKDOT:CHECKMYTH
14ewk7cN1kcgTXVfkrDB9kTswqCzaNU6eVBG22PQhCkBv2t7:17000000000000000000:OKDOT:CHECKMYTH
1gvUfJyJpnQmWyVHwaB41iBjkpP8fxJS2pp5b6j3EdkvbM7:17000000000000000000:OKDOT:CHECKMYTH
14EonbmwyXTj8AJk8uH8AowduRo2mjutnpPP33XJaX9BdJ8z:17000000000000000000:OKDOT:CHECKMYTH
1R5NygHo6KDPJDzaGjbatUV2hYKexGwNnd15o7bbZGyLKs1:17000000000000000000:OKDOT:CHECKMYTH
14ejH3kRfCNHcMaQgHy1A6BVP4krqYcx6d84B1s3jy2m5bcD:17000000000000000000:OKDOT:CHECKMYTH
12741FAzhmHcuNY5FC9oGPniyybZjQn4cGYysFF5Zkqx1GYV:17000000000000000000:OKDOT:CHECKMYTH
132kMZqeCnZoinyLJpod7eSmdbkvGw51ABfWF1khZFKewoFF:17000000000000000000:OKDOT:CHECKMYTH
13NCLd3foNpsv1huPDzvvfyKh37NEEkGFotZnP52CTR98YFJ:236000000000000000000:OKDOT:CHECKMYTH
