12LxUfTyFDQ1qo3VKQeyuEcCPUXjwNHRE2wTRzaWX3849Xhv:12000000000000000000:OKDOT:CHECKMYTH
15PMdkcw6kZVcKRHVEMaHky7nFfKnWuXZAD9jqLEjshaDBUB:12000000000000000000:OKDOT:CHECKMYTH
1Z4T3tRyDFGHHL6Yn9mKKA3DKBr14anBZZ41agev5PH5Jwe:12000000000000000000:OKDOT:CHECKMYTH
14mDufw1eBvFwWcDcXXhDZrR2nPBAaguHCZqztTdnqXF6PaK:12000000000000000000:OKDOT:CHECKMYTH
16f5a7Qagm5aLcMbrGdhKw3aHNSMTwMverDa4EBQ5S2SFBRh:12000000000000000000:OKDOT:CHECKMYTH
12LVLu5YJRihPQYbf9C8DiKV5Ny3zEC6LJ4zYVt17CLfY5c3:12000000000000000000:NEEDED:CHECKMYTH
16PLfgKLApAduDR1yEYwZsABSuTN6U4e8BHQTTmNXaH8oFbw:12000000000000000000:OKDOT:CHECKMYTH
15ANhzZ2B6pzoFpogmRo1BxQnhD6Jo3Di762B2Jr1puAvVRP:12000000000000000000:OKDOT:CHECKMYTH
1jTPywV2NGSdmN3res5QZT7cSV26APUSrCUELGH473GCTTQ:12000000000000000000:OKDOT:CHECKMYTH
14KJcj3roqkxAhD2pj9RwJbPH8EUstaMc95eF3MHvo7Wfi76:12000000000000000000:OKDOT:CHECKMYTH
13kbPGhKXjfB1PwcYiNkRaHBk3ZtwFJziZR7b8q6DzD9kqk:12000000000000000000:OKDOT:CHECKMYTH
13NbdhoqS2McQY7QcxGhA9VvGQgumDzew4RRp2mHRyV3w2RW:12000000000000000000:OKDOT:CHECKMYTH
12riAPxYS57PVRzmk7ZYJwyczcm9HbZypssBikgaEMVf1i2A:12000000000000000000:OKDOT:CHECKMYTH
15YdFt4KvPtDygbioYjjDbiFkNwnTicJZf4y5aWBMQ9mxLeQ:12000000000000000000:OKDOT:CHECKMYTH
1C5FDCx16NwEF17zs6qcwgvLhGg6XN7EF1dPHZzbeV9SZzP:12000000000000000000:OKDOT:CHECKMYTH
16cLQwLQfu4dRLQxmo6uBMBbmKooUURkYgwoCjgs9HkPfjQM:12000000000000000000:OKDOT:CHECKMYTH
135pQZ2wUBKte2DeXUbxV6vey8nMCZnXxMn7Tg4ffJcE6Gre:12000000000000000000:OKDOT:CHECKMYTH
15dw8VwBvWM7NtMn1EsbS6CN62ZaWtmDML8ik5oZ714Mf4Gj:12000000000000000000:OKDOT:CHECKMYTH
14bY8FYKDYJa4X2zgrjvSUWg5bmMTBY7GvGt6qwuP57KuMTE:12000000000000000000:OKDOT:CHECKMYTH
165T4Fs1V4KtSSVs2xBsrBZCCEff71dFLPsszrdBh4RsFyJn:12000000000000000000:OKDOT:CHECKMYTH
14y5mpyS98c2jCtKuuFpK57GmMbF8J9MDWW3j3euWQnZtaJ4:12000000000000000000:OKDOT:CHECKMYTH
12RinrK7kqirkMxi9E6E4ipPxUrjqKC2GLFbi2HPd1NBCjBN:12000000000000000000:OKDOT:CHECKMYTH
12U79kjK9FhG2kvbXTuSo9rq2Xg5nzHAQ16d44jggRewpeir:12000000000000000000:OKDOT:CHECKMYTH
12sF3GwXc2r2JK1wTjBbq56eDDMTQwhS7vWTzuMGnfcsk5gE:12000000000000000000:OKDOT:CHECKMYTH
12MFrbR5PLFUEsQUi48GYrRRfAdK3sdN44gw7WBzL7f8Xi7h:12000000000000000000:OKDOT:CHECKMYTH
141xd986eo9sdFST4SvtHu27SoyVtCeE1Q9Tj8QXefE3xLkC:12000000000000000000:OKDOT:CHECKMYTH
15MPbS8LKVNTuixa1z1qgduuXUHTeqmeiepm363tcxtZJSSn:12000000000000000000:OKDOT:CHECKMYTH
15YQpMXMJHuNEjCJczAb1vpR5o5WnRusvvfSAypLbA8ge2ic:12000000000000000000:OKDOT:CHECKMYTH
1JHVmGgKb7N1zfQCKHLjYJvpeSc5ke9EGSynM46mPM9Uicf:12000000000000000000:OKDOT:CHECKMYTH
16PXEsGEN9LGyUGW18NAddPCVPmY3pYqqMHZR4fNycdtpTLg:12000000000000000000:OKDOT:CHECKMYTH
14E8CV3ncby5uqQXDVrWnhACvC88d6ouXoZJ9GDoYDeuwGs3:12000000000000000000:OKDOT:CHECKMYTH
127CMcbcx6A4g6zRWTavq7FpxeFFNiwTLRcYDn72miFHCFoa:12000000000000000000:OKDOT:CHECKMYTH
14ETPqsGCNdjsZNBgajPXEfbPqNBWQqGxarsuCRBschf2H4n:12000000000000000000:OKDOT:CHECKMYTH
1wjikwrPaRtMKwHfumwauAhcqgLeknCmrahUfqHR1CkzZP6:12000000000000000000:OKDOT:CHECKMYTH
12sRwXjCr7nzjqWhDrJnVm4q5ffuVzsUsnonv6R2d2Cy23ZP:12000000000000000000:OKDOT:CHECKMYTH
15h4gXRBhvJqzL61WvXfaQYQSmgkGLBpVvjBLSapFvkDuwq4:12000000000000000000:OKDOT:CHECKMYTH
13ZDXzBUnSEZ3df6PWEGuJ3B2feNUWs92uWtaZr1BWEruvky:12000000000000000000:OKDOT:CHECKMYTH
16A8L2cCj5VqANkiWN5AfGzx8hg1p8NuABDoShT7vWJrikt4:12000000000000000000:OKDOT:CHECKMYTH
13PdB4VZwX2TAXffGQ4JUxdBKrkXev5gsYFLHNZ8Rhutmat8:12000000000000000000:OKDOT:CHECKMYTH
14iGLsefowFC2EU4cYTsCJNLNypmDDBTb8fDr5Uk5LrNyRj5:12000000000000000000:OKDOT:CHECKMYTH
16Lx1NC24gryxnqenwWw6ebdmAWspgpPrdDYMAMjt3jHFPyB:12000000000000000000:OKDOT:CHECKMYTH
14KPvVeP1o2QFRJoNw5TJP2uKEKiuj6UzYBKhxdStMwRf94x:12000000000000000000:OKDOT:CHECKMYTH
133XSXjK6pPodFd99vFvu566FsMezwcUhWFESyX7huxqtBx3:12000000000000000000:OKDOT:CHECKMYTH
12u5K9xZKpUt27kvpZjM2aKTUaVGqWtgMNSQteXpYTTYHVdP:12000000000000000000:OKDOT:CHECKMYTH
1jRLRDMov9MUnMPGMhd7RDBuf1wuQ6JbbwL4Z2P6pNcRUfz:12000000000000000000:OKDOT:CHECKMYTH
14i4W1BUoZ8MwCEH2xLx3pE85EqbCwkJpz4h2X6RNE1DxXxw:12000000000000000000:OKDOT:CHECKMYTH
12eTxFKk2ZWznvSuMcK9msNxab3BBnEVm4CiLyXmTy9yzzHT:12000000000000000000:OKDOT:CHECKMYTH
13cQzPrfRmE4HNzFSXKS5hmQpzHGUj4iqPq4Jenka1TVdSCR:12000000000000000000:OKDOT:CHECKMYTH
14haHoeEoAqCHFEUAAQittu1eYGTJiXr4HxY7v4ycC2WUNuJ:12000000000000000000:OKDOT:CHECKMYTH
1YdZxL8JUcu9kfdwJecJq1UiGVaPfbPLKdf2baMw4qrh5j7:12000000000000000000:OKDOT:CHECKMYTH
14tPqw46fhjpUmr2mUzxt9suNdjYyfAC1xZvcKxphVHutf32:12000000000000000000:OKDOT:CHECKMYTH
13yYgjXgGCpVgvxwkPBgPxCH2tLAays1SrtkfZABSNfkJFgi:12000000000000000000:OKDOT:CHECKMYTH
15jsX5yJMP9nu7c2Df7835Ld6QPqZzfeSENy5ELpu8Kkph7m:12000000000000000000:OKDOT:CHECKMYTH
15HkPNGhZ8g8LvRNHwAx7FkapCDr4KanEXEo8jAmnCHDow9J:12000000000000000000:OKDOT:CHECKMYTH
15qhDYgo5SiRuVQqprVrtY3xgBkXWDsg4BiUN6gXoG5YH5U4:12000000000000000000:OKDOT:CHECKMYTH
12GMwACCfNk4CWV2PKBf83Z6DNHL1VQpvzKPEMgkae1xk3zX:12000000000000000000:OKDOT:CHECKMYTH
15sn5d1MKNwNmBixSKBb6yB2rD8yRXs5FGhVDe7rx3UNEacD:12000000000000000000:OKDOT:CHECKMYTH
12vJGJn9ZjtwippzURippVs2EnyPJn347o1RAf6pSSqMFsMG:12000000000000000000:OKDOT:CHECKMYTH
148o177AzBh7UPTdZT5GTtJqygE1PDaLb4jjSKBgoUju2z7N:12000000000000000000:OKDOT:CHECKMYTH
13uLAQEgea6rS72uMXjTYQDGhzcTmSgcaPxLNhnor78QCrNY:12000000000000000000:OKDOT:CHECKMYTH
131r2VFabCcZndeLtLwcbh4wpg32JgQpdMXShLAtH31EP1Ch:12000000000000000000:OKDOT:CHECKMYTH
1545gvoR9RoAeVG718oreEzr2FoGcmmQChRxMJZCeE6ZZtFC:12000000000000000000:OKDOT:CHECKMYTH
15mY1pXtMjmTGowFspUySZo2MxAd69T8vTL2Ltwbtbn21xn:12000000000000000000:OKDOT:CHECKMYTH
12p1PqjhtDkg6mZ8Q8tyBt9oykXcG9jhy8N8nUoiQhjbPLAf:12000000000000000000:OKDOT:CHECKMYTH
1DtRMCbzJ315GArJGZrmBykyCx9nKmGeWAz11ya4uxz71W7:12000000000000000000:OKDOT:CHECKMYTH
14xTzGk9owWYCKQDfYGkSS2XzXEK7331hXH1dsXpgpPNHjuk:12000000000000000000:OKDOT:CHECKMYTH
19KdYaoYKDe7Tf7CK5FBQvR3Y377GLU4aKPg4PVBUyqHsPB:12000000000000000000:OKDOT:CHECKMYTH
1aW3ZkyR5hjGSFAxUHpMWwtJ7TcDxc44PfLAL8dcE6WPJ3V:12000000000000000000:OKDOT:CHECKMYTH
13NrGnAswZnPkPN7h21vvU54ehm5WcnxknvvbZCwbEfvNMs4:12000000000000000000:OKDOT:CHECKMYTH
15VWDEcAWbd326UsYMH2V8BmtEwh3NHH5FJ8c6qSXXvKdFVV:12000000000000000000:OKDOT:CHECKMYTH
15ciUCGAJCUY8VAA7oKZJau8R2389CMtEBvA7bzDXgQ5c3NN:12000000000000000000:OKDOT:CHECKMYTH
12QgVyZi5UjfEkKaJPaxzukK5SJRf2quBoYKh36RqK2xmfsu:12000000000000000000:OKDOT:CHECKMYTH
142Bd64MYhq2f7gMWrDqyeunQuXqbtj57WzwivfKMwNtQ3C:12000000000000000000:OKDOT:CHECKMYTH
15vFSpBwWXBZ3TkPjz85Ym6ddM2K1KLmCZbXoFi41ZbvTAoe:12000000000000000000:OKDOT:CHECKMYTH
12YPA5wpkjNKdydHVVixbbK6TD1BjkYUCxQU5cwtWn1HRXmt:12000000000000000000:NEEDED:CHECKMYTH
13zQQDMfMgzN5qBFTAXuxpAZc4NtAp5Q8BbPgQ3fQXgeHhk2:12000000000000000000:OKDOT:CHECKMYTH
1rnN5icn1Va2Q9AZViGEzxeowtAAKJnVrhpyrsw1cvsDUog:12000000000000000000:OKDOT:CHECKMYTH
14QLmcj7n1EY8LvMp6Sn8iSzEvfbVk56ieaERgfAGmTZWTFw:12000000000000000000:OKDOT:CHECKMYTH
157y63GEVdMXpfqNATwy1kfdYvm1zorRoc1B2RS4rfkuu85E:12000000000000000000:OKDOT:CHECKMYTH
12UbWKvMHjkQorE5JckRuZrhud21ZnjZDnk7SaCFEkZam1g6:12000000000000000000:OKDOT:CHECKMYTH
13VZD7dxCyMSb4MUrYg6iWLgk2XxkJY4hwA9tpKQjSrtZ5eE:12000000000000000000:OKDOT:CHECKMYTH
1379kck5AE9on5jXde628UWGS5GZFqvG78e2iqxscaG72YMU:12000000000000000000:OKDOT:CHECKMYTH
14GpuVuJnpxTfQsXzRh179QaDZBvXVrXiPcfCKTKwzguSEJE:12000000000000000000:OKDOT:CHECKMYTH
1JkPDb7tUgoCLuLfWxPVRXWpd5XJEXFyJaYBVnScbvPE24A:12000000000000000000:OKDOT:CHECKMYTH
14XqkAUDsmG4d8A79yUfh4AK1kPT4AAdsZfrTfSS2EBc4BCP:12000000000000000000:OKDOT:CHECKMYTH
148Kn5HRdMmrVCnyFazEEWFgtmVKuNY2LZo2zZE3kfSuoxwr:12000000000000000000:OKDOT:CHECKMYTH
127qQjPehB1pqxWKhRvrRnUV4jXKpRsHKv5Y5YJNbn98gzdF:12000000000000000000:OKDOT:CHECKMYTH
13QYFPuk4PvDFBHcT1YSmtaoPaSjTaEPbdc7aHK973mbtqfq:12000000000000000000:OKDOT:CHECKMYTH
14jhqiXmQWjCcNZxqcuJtVHuXniwZsrGYGpzKkBSMQSo8zmH:12000000000000000000:OKDOT:CHECKMYTH
1BtWfKPfnMirEEDEnKRikhf3GAQP1byhYQCPjz5UTFDU3ye:12000000000000000000:OKDOT:CHECKMYTH
13FAQYwvMf2hYBAz3vRuN875cys8iaXda9bzw96uiWBZXzUt:12000000000000000000:OKDOT:CHECKMYTH
12jLddqRXgjcDFS9C7n9qSCqQiouw4VLLJBEdxc2w5TzQm2i:12000000000000000000:OKDOT:CHECKMYTH
131DAxq3WkcqpSMieLabxNTXpZHFUmbb8LWi51ff9k5XTh3S:12000000000000000000:OKDOT:CHECKMYTH
165ZHQ6zdh4ZwRwVVsNHWHqzfi6mSQcg3ypzhhnmF6eV2WcP:12000000000000000000:OKDOT:CHECKMYTH
148LDZezKnMr8NDjrqh5FB5VE5ktFgat7uVWoBVn92hwWUP4:12000000000000000000:OKDOT:CHECKMYTH
15oYyuGSn38Cxz6RyAveBdcyJcwHFC6wvGB3oYSYtE1PbUip:12000000000000000000:OKDOT:CHECKMYTH
14bFSPN9bzgD5c75fEeYSqx8curAFcxwn7z7brZadCYjonzp:12000000000000000000:OKDOT:CHECKMYTH
155iw7hGiaeTpq67FYok8CQz5RipdSZuHSErCTU4vwWQsskN:12000000000000000000:OKDOT:CHECKMYTH
15mVbiWbX3RzQjUBgEhefn2XFewovz1zDZGUR5DvSs6rDDw9:12000000000000000000:OKDOT:CHECKMYTH
13u7TzhQjHoWLM2umDToZJynkX7ZNt4yYP7xK2XE3w9xiciV:12000000000000000000:OKDOT:CHECKMYTH
13mMEdShhQfA2WQ5uq19C7qMNbgf4Yn7c3ogbnZs45a9S45e:12000000000000000000:OKDOT:CHECKMYTH
12WHFpNFj83DhpqWj92Rx6hZ4t7ez3kQXbyeE2Zh5vtppRKh:12000000000000000000:OKDOT:CHECKMYTH
13TsCcP5QH9wNrf99W4QQRZA4Yv97GLPRBN2dARGCfUeLx3N:12000000000000000000:OKDOT:CHECKMYTH
1A75aQgvduwNHpBze5nivGr9qzv1fUW9CK2KGCTc93jHY8p:12000000000000000000:OKDOT:CHECKMYTH
15aNkCiYkee4L5jUgbZjJt9SB942owzvhT3kvxLvbknnek8p:12000000000000000000:OKDOT:CHECKMYTH
14xAcw6g81YDQ2Qr9A48SwMZBHvsTCiUNDtFYiHP1fqXuVx:12000000000000000000:OKDOT:CHECKMYTH
14sdnefjizFU8rMJ1oLDE4NfxrFbqog1u1V3rQVQUYgdDbAP:12000000000000000000:OKDOT:CHECKMYTH
12vRPiRR8BBT7LVk18vy1H19dkjTzxZBu4DzUsw7i5dq6PXJ:12000000000000000000:OKDOT:CHECKMYTH
131xTgURug6kEF3KLC7GABe7eJdMMtaJqJjaxWMmZQ7cMUPz:12000000000000000000:OKDOT:CHECKMYTH
1tvJXsvW5HQs5qRzT6eUst663wie3V6fmMdCYZFWeyx4iGh:12000000000000000000:OKDOT:CHECKMYTH
148JUu4yNJ2bNbE4pCgaBgBmZCVJULxmejBCny3zokUCTSW:12000000000000000000:OKDOT:CHECKMYTH
1C1k1dBTMmix6ZHXWgvfdA5GfS19g6KdAixnZtbDBUJzmRW:12000000000000000000:OKDOT:CHECKMYTH
14raJshy2eL7NuZEbMV5BRozCTWNzoEHHw6Jg88PQ2LZSwvs:12000000000000000000:OKDOT:CHECKMYTH
155UnKSR7Z3gcc7E14XEicf7miZ3SoqJBgrDXtZ8CYkK9bL9:12000000000000000000:OKDOT:CHECKMYTH
14AHXNzZ1Gkz163reULB3G7ECx3bT9zb72vTPoySuujScLDU:12000000000000000000:OKDOT:CHECKMYTH
15r65TSnrrXWd5hJbQNcTfmiGncTFxaupqkzqzshqy9YzkqW:12000000000000000000:OKDOT:CHECKMYTH
16LUAKucNeJtbYSBQhjsMXbJdX9p1VykkQ2KGY2MN584B8sc:12000000000000000000:OKDOT:CHECKMYTH
1s49pv8YtdXiNdy8Q9UL6ckKhQW14j8BtT6ruwfteZSw7Lu:12000000000000000000:OKDOT:CHECKMYTH
14m3oL4KWcptwR72aaeTDyGrzYV8RmYYfMQoiubi8yQ7NcB9:12000000000000000000:OKDOT:CHECKMYTH
14CHE749RsmpeweJFKNULV8NMK5LfNnT5ifdEgif5u7yjka:12000000000000000000:OKDOT:CHECKMYTH
16EaQpJ6EKZo4GVDLd9cZEALCLKbKozSftg6kpzb73zD1Yzi:12000000000000000000:OKDOT:CHECKMYTH
16cQ2cPdwTGdPnH5byeCr8HMgkrhh77BR46U4BjH1Kqcd1BM:12000000000000000000:OKDOT:CHECKMYTH
14W1bc8229ZapyfLEFjAj3kxxwZLw3LhLXRqa8GrfUBboxUr:12000000000000000000:OKDOT:CHECKMYTH
134A6FVDoxsiwCC9wDc8Hh46XeTdXke5ekES3XbbVKcsUHL7:12000000000000000000:OKDOT:CHECKMYTH
15q9XKKjiPVKccDNdafTaYmydVwDTARhBcrsVwSCS6ud5zck:12000000000000000000:NEEDED:CHECKMYTH
14e4qsrKfKPDtZMKCR5ZWoVCcsaTpsZEFRjt47bMxrSkdAY9:12000000000000000000:OKDOT:CHECKMYTH
13dEgoq8AaMrmxpmA88dHESi1EzgL9Jd49qPMgFgVEsQSJBU:12000000000000000000:OKDOT:CHECKMYTH
1Sx98GYLKmH8UKST6CXyaLM9NP2UgCFEY3P2fY1of7gMQH8:12000000000000000000:OKDOT:CHECKMYTH
12nCnHeJF9n4y9MwUeq1Z2tTQtJ12noNkvdfaYt9jURiJXzo:12000000000000000000:OKDOT:CHECKMYTH
13PUAd83wduQDVkiw5TsUqG6kdyFGARqwzY2yXEks4Sz7h3W:12000000000000000000:OKDOT:CHECKMYTH
154dV4a6HNq1xA5KmGT83Hbpd3uoxBCxd5oA5cUsqwgyEiSj:12000000000000000000:OKDOT:CHECKMYTH
12aRDfLGoJCNNmGe7J6uwthL1jHYbcBrz9BiSz9Ajzyuau8o:12000000000000000000:OKDOT:CHECKMYTH
14yzLTqk88cd9mD2PDg97QJJoQWLKXrEXDveq8FBSJjTwBbc:12000000000000000000:OKDOT:CHECKMYTH
1LfhK785Kto65qWH2d2VeDUYDeRm3sREtMitUFEG27D21qR:12000000000000000000:OKDOT:CHECKMYTH
12Y4bEe9tvNHKKT9QnazvxmtTc3qZEpLryvHgo2Ut4QoDmtz:12000000000000000000:OKDOT:CHECKMYTH
1WLTZTZq5Z6YpYah35mcyidu4WwGcoq6Yft17bbyBxYgcsM:12000000000000000000:OKDOT:CHECKMYTH
12dPb2izBhqEgvqhUXyHGbMz7mCqEB5q6frkLwLhXtwwAsBS:12000000000000000000:OKDOT:CHECKMYTH
1NoD1q484sUYFPs3YJUaHv2S9QVWamdVGPRBUA74wJKVkB3:12000000000000000000:OKDOT:CHECKMYTH
13BZxEFWhDGyEvLzSTE7MiP2XCoqwpw3ynVCE6YcEUNeRW9:12000000000000000000:OKDOT:CHECKMYTH
15ir6EGUFvCrumpk9yDsdQfMWTbfd58jFVGgad4L6E9snJCz:12000000000000000000:OKDOT:CHECKMYTH
12byergAmkjDHA2GUuw5d12rU8egzgUXFnZyBKBxabgrY4WG:12000000000000000000:OKDOT:CHECKMYTH
14zPDJQdFwsGFQNbT5Lqa3tEuA5z1wQrCQhvcSvShMXJE5Hq:12000000000000000000:OKDOT:CHECKMYTH
15bZvhgUCiM89c9p7ughsd1QLCc1SJvMmchC4mtju64q55h2:12000000000000000000:OKDOT:CHECKMYTH
14psBcZTcN7a4fSkGiRELdMXrkcV6p7PqjsQ4AD1sNBS179n:12000000000000000000:OKDOT:CHECKMYTH
1oEGMme8FF4Zq2G6U7FiWiYqcicg9pyLCRbiNR2kPaoVqTW:12000000000000000000:OKDOT:CHECKMYTH
12D7yi5CVXbZFf3ohkQ64cbN817kS2bj8F7FjCy8ZbfSLdb5:12000000000000000000:OKDOT:CHECKMYTH
15AmY4x7JPrYsRs5MdSDRH2oJGuF4SMGvRG8KiokA3FcNk3u:12000000000000000000:OKDOT:CHECKMYTH
16QVVLVMegmbECMUQQX2fnWqf7rAHnnG3VtGinP9WVd1EPfj:12000000000000000000:OKDOT:CHECKMYTH
13t6TgGaGz4hJedhdBgSzGkNeiQGXYUF2dpYwb1CHEUwpZ7p:12000000000000000000:OKDOT:CHECKMYTH
1iPsKYdG3zAiJjyPWBsGqRoyhirkkhJJZSUhuokC1Z1MUuc:12000000000000000000:OKDOT:CHECKMYTH
165L8TKUun6aHJAWWcNjNc6QKtDtoczxiAZuZGnFtbtqRL96:12000000000000000000:NEEDED:CHECKMYTH
144gGqc77aP2zZDGajuM1HkvhocoxqdjdiG3BMDVxzoG2veV:12000000000000000000:OKDOT:CHECKMYTH
11241yZ62Te7Tcc1mu6P1CDkUTJh4RjoaLAPbSZZPEN9BLQJ:12000000000000000000:OKDOT:CHECKMYTH
13Uq3oSAU2HNySZX5Zq6JXkeiXAcCZmRzrUyqVMiUHuksaWw:12000000000000000000:NEEDED:CHECKMYTH
14Ydys4KhoMy218TpLVv3nR1Ft818LzNS1aWA94dKZcjYEue:12000000000000000000:OKDOT:CHECKMYTH
1Q3jcEk8UMUNEbyHW1QnzHAMW1pnjyAJVp3BWNmPfzsgPVi:12000000000000000000:OKDOT:CHECKMYTH
14D1w9vMYjP7L4aSguQ8wEncPmYuaMFXokKK7o8piyzqbVo1:12000000000000000000:OKDOT:CHECKMYTH
13z1qoktErDywUfwirt643Xjh4KnLkAaitUterjYRdA4sYbd:12000000000000000000:NEEDED:CHECKMYTH
13Qj6R4AkscmqMYKi8ckbRrwrWxdRthVZ95Grda1FUYetBgw:12000000000000000000:OKDOT:CHECKMYTH
1U7a9G329WSVDvXskmeZHEzXaDmGFMLnhmEiqdAieJAkyeY:12000000000000000000:OKDOT:CHECKMYTH
14Wr7fvLrphHUHk6rnhH6tbUwrUuFSx33CqS1j6eGGbMzKyh:12000000000000000000:OKDOT:CHECKMYTH
12bX6PUu9aFKwU7Y5T2m6djhp2KA9a83CeheGTHy1vSBrNTW:12000000000000000000:OKDOT:CHECKMYTH
12LnsSRLGQ1jxGQrJkHEYm7t1vaJMv2gCBysHDVUh7gmne1W:12000000000000000000:OKDOT:CHECKMYTH
13Si2MG1qDHzjg72R5SC1tYKewgynzN1qn3K8gySjH4uA6nP:12000000000000000000:OKDOT:CHECKMYTH
1h3kcjiZTJbWhBGa4r348jfx5zwLVpKkw2SgJJD9X4TF7Ro:12000000000000000000:NEEDED:CHECKMYTH
146RdDY9zPxn5LWrcYWXHurmsZ28Xe6DeqA8dB5rJiYqp3h4:12000000000000000000:OKDOT:CHECKMYTH
1GZfeMYRZ3Coq7c724GtEqztPkTbxspShBKVGmD9asEGetV:12000000000000000000:OKDOT:CHECKMYTH
1eH42KSJFjuQfkdxpuXDApwfXfKN3k3ctqkJhACr4jfPjUC:12000000000000000000:OKDOT:CHECKMYTH
1EA41w6yBBobwtC6mRYBd4MQcTBgCkAWfJRgZDkTM8g2sZb:12000000000000000000:OKDOT:CHECKMYTH
13CwVW7MLbnC7ZxfqAN77coTEA3ry1ANu7mFD5tcP4gDfRTH:12000000000000000000:OKDOT:CHECKMYTH
14ngreos2gDKhc5S2cfNxRNiL15qt367ao7qkFgtCrNGF12Y:12000000000000000000:OKDOT:CHECKMYTH
16L5izKsok2dm1hfp6xEh3QfhcBH7GPUGvRYuQSoMvibFWU:12000000000000000000:OKDOT:CHECKMYTH
16NxRzKgEuHKGCwqoFRsdg7rhwNhhs6nTuLudHjfZMJkqkFr:12000000000000000000:OKDOT:CHECKMYTH
12TXywPRhrWKpzjGGD5aYX7mqwLWBqUMzvXVsEqQsiN9nfFc:12000000000000000000:OKDOT:CHECKMYTH
16gEiUokJtonZc9vECPdFHwfwjcqXsbEiBEhDRhB9Da1RHH8:12000000000000000000:OKDOT:CHECKMYTH
13NyPBEytjQgKsvFUFSGfyhkjNXFnKCJoD85iHCqS5QVX4kh:12000000000000000000:OKDOT:CHECKMYTH
143fYLDE23PB7EwAdzaxQoN8NM1UiNingBP4Qmq11MpySVGy:12000000000000000000:NEEDED:CHECKMYTH
15pP2mqFy351SFz6S63pXHZdmYn4HM7TnvKLPP46x7PxTTuU:12000000000000000000:OKDOT:CHECKMYTH
16RM75kopJXLg4wSuiPyb5yuP83s5N19yUoXudcjDeZ77bxG:12000000000000000000:OKDOT:CHECKMYTH
13zVftx64S5pUK7xy9Rs8nGaH3DZTygKSywDR63Lm7UiZQro:12000000000000000000:OKDOT:CHECKMYTH
15WJ1kC7nRrfssHjn3o4D4NCA4uEmVrsz633DgnDy48d87Fn:12000000000000000000:OKDOT:CHECKMYTH
16bU7eLUnfyCWtw983DnruXUKiQQGiBZPZpy2DkEodWmsmJG:12000000000000000000:OKDOT:CHECKMYTH
16MwTU34CRrGvtAbTXJqwLdjdL1VBGrJM7dkUjpeVGG2ZqPP:12000000000000000000:OKDOT:CHECKMYTH
12yZM4Si9VPwig6CD6Az3UQDdttsV136qhZS4j1FaS4Jo2h6:12000000000000000000:OKDOT:CHECKMYTH
13naoG3vxisiVDj9R9eHsZjoxcwktbVRxijvzfaNVZuSNCAp:12000000000000000000:OKDOT:CHECKMYTH
132u4NMu3LJ7PsLMx9fZvQQGFweyyuhD8u6qxNQQQajocYkJ:12000000000000000000:OKDOT:CHECKMYTH
1AEZ98eauXhQtk5ec27W1DxibFrvToz3NryKEDktHVqEibp:12000000000000000000:NEEDED:CHECKMYTH
13VRoF1TeWen8K4nLbRyy9Q6d6CRL19vEVV34MLiuddUBUQa:12000000000000000000:OKDOT:CHECKMYTH
15CssGeSuNKR6C7Gkgjxf8qHpf9WhbMYYKmMRAwcaW4SGk52:12000000000000000000:OKDOT:CHECKMYTH
14no1qEViy8mXPpKzdtZjRs1mztwDL6kGoX44FLnaLHoW5s2:12000000000000000000:OKDOT:CHECKMYTH
14ZjGcQkPcqw1ZsnnkwnwxqzBdPr7RAXQqPkaW7qzJbdzgdX:12000000000000000000:OKDOT:CHECKMYTH
14UHqqy3YEaCR9o6ohCMrYNTwqh6iF3b94eEKypuGhvuEACM:12000000000000000000:OKDOT:CHECKMYTH
12s8ZmN7VJ6ryUcwUnm7w7J7DnF2kohpwbRuRP81F3Rh19a3:12000000000000000000:OKDOT:CHECKMYTH
16aS63dUdPCBDwxvF9JBarQTg7X1MfhwaxedfuvFC2ci7sGA:12000000000000000000:OKDOT:CHECKMYTH
1rupQGrWuJzANoqe5C5dStKuJry92V5em6KXg9oXd4S5hf8:12000000000000000000:OKDOT:CHECKMYTH
141C37GUFf8sWfEYyecTyCgMnocxBx4MgttVAtLMnrTcFsMK:12000000000000000000:OKDOT:CHECKMYTH
12NZdKyWwAr5QuHat88bc49jikF1AoEvyKP4CGfssvhTCP9x:12000000000000000000:OKDOT:CHECKMYTH
1Yj38Q1wXJiiAfAkG14jbKwDKd97HPZthG5S6x4U3mTeT8a:12000000000000000000:OKDOT:CHECKMYTH
112Dac3tEWkPtSStFWeYqzmYAPjsznBMxfqjFSzC74NK3fVD:12000000000000000000:OKDOT:CHECKMYTH
12RQ8sNybpen5oFMz6Yk6hDD8Yy6RjyuQizWBdMCkDEkDp7m:12000000000000000000:OKDOT:CHECKMYTH
16b9atK4YDN9soycdVZAaCLYVf7H9wwsbZveyUBZUeu2v4FR:12000000000000000000:OKDOT:CHECKMYTH
1297mZfVoWNttSuZvmoLQ3QjsCnmKFiumur7Aj9N6C1Ks94W:12000000000000000000:OKDOT:CHECKMYTH
13NEdgJjzyzsyp11jogtmeRiL67VEWSza2khKXYCGinJKnPQ:12000000000000000000:OKDOT:CHECKMYTH
167YrDZhXmP92h9tjrPCw9pB1FuRj7uWHU1HJie9akXQzgX4:12000000000000000000:OKDOT:CHECKMYTH
12nozNq8mN2ory2ACoYf4pXpHhz1dQoADJvy14x4MeoCqE1u:12000000000000000000:OKDOT:CHECKMYTH
12nSRHY7UQh5SEKrUuHLgUUeR6fgzGkVrdHu2SBMgmNjxhU2:12000000000000000000:OKDOT:CHECKMYTH
16cbwzG8bihr8hSCQJZuXPETRtoDJVdibUYNeE9dqZh8mhb7:12000000000000000000:OKDOT:CHECKMYTH
16afYHzhm7RdpAMsdmEtMqgwutEVdqFALjM5D6xrfnUHLwEC:12000000000000000000:OKDOT:CHECKMYTH
13reEezdUEmpgaxVLnyscCanSZtyZNQqYRMYxKkYD5THDJK1:12000000000000000000:OKDOT:CHECKMYTH
16fDiFYxxaBN2gFzYL24wBjErRWgej4eq54kyTwQ917YdHLk:12000000000000000000:OKDOT:CHECKMYTH
16JGRa2NtKgyZC4pJKJnU8wFVymiBejjpFeKrNMLQ3LKmmfT:12000000000000000000:OKDOT:CHECKMYTH
13AqDq65U2aBQ5qgXJxh48MjYbiTyXrhzARQGXXZHz93vnuo:12000000000000000000:OKDOT:CHECKMYTH
14X5eMegH9JYFw3vbnFSddu8jXj7TG3DbeziKVyscRzyfUYx:12000000000000000000:OKDOT:CHECKMYTH
16XwoTaM8rL1NKJr8dkgxc3eyZGCpH73GWshJqP2AJ4UDcTW:12000000000000000000:OKDOT:CHECKMYTH
16b6Hmiss1vSeem9Hgiw5wnKcdQCrKgToea6Vn46oUoZUuQp:12000000000000000000:OKDOT:CHECKMYTH
12HtA6R7vWrqjonwBEgvdrtjuTGrmbw6r6iG3hQ7NWv4Wdm7:12000000000000000000:OKDOT:CHECKMYTH
12WPBAmcUWC1cEG4ruN3wuwixXHTjPGwWVC85vE4mPxThGhT:12000000000000000000:OKDOT:CHECKMYTH
13ppiGxBnPq5KNrWgfJ4f8Q3aapKCDkpJqYAGSheRuKPizDr:12000000000000000000:OKDOT:CHECKMYTH
15K4qhT2RNEaoCWZBPBoeh3HKFxcfBV64eFHEsQMnR6atU7A:12000000000000000000:OKDOT:CHECKMYTH
12S7oG6uPoSCG5L9hMLWYVgXPueHoxboP4zuH3qHnT1KtDDG:12000000000000000000:OKDOT:CHECKMYTH
134bcgr41K8J4dz8Tfs6grYAWQrHMgBd8oiyg9DQN2ZD5Tz3:12000000000000000000:OKDOT:CHECKMYTH
12551sKprEKRRotHYASJCDgHG2xWfiZdGkMrrJZYiJ9RVsUb:12000000000000000000:OKDOT:CHECKMYTH
13R4DiNfRbUogFga1ZxNuLbd524PMCqhLmgunk9usEUStbqX:12000000000000000000:OKDOT:CHECKMYTH
13dUuvhaLCafysG71VfyAyvwJuXj1hhc5cEcu2YebFTys661:12000000000000000000:OKDOT:CHECKMYTH
14hEJyDPfCA63iEDXbjFLtS8ntHBYCMLEdpw6tV2UmvTRq2s:12000000000000000000:OKDOT:CHECKMYTH
15sDYq2Gy9Z9xHEEGQJJF9XpNiRyVkHm7LkXGgJVUYZC3CFc:12000000000000000000:OKDOT:CHECKMYTH
1tTiufCbdFvk2uKBF44DEamF9koqvbj3TTAu54tUMuZzenE:12000000000000000000:OKDOT:CHECKMYTH
12jJMC9YcbucZi3WJXroffNCiGy6iRDJ8oTzLE2e8dsdzGsF:12000000000000000000:OKDOT:CHECKMYTH
13WVDRyGkUyvyZFr4yzSKGGJ8AC3ZDmeR96UCccALnAudGCA:12000000000000000000:OKDOT:CHECKMYTH
15o5rYUEJTzX5mc53Ba52YbjkLEs4Eso46JLVEkrm91HAuk1:12000000000000000000:OKDOT:CHECKMYTH
132HUdpMvuv7TEMaE5T4KNw1asqN4ea5i78eDekCy5s3vVYx:12000000000000000000:OKDOT:CHECKMYTH
18FpePVHhuKVCsAsNrYurYkLe6h5eoTacEyTVMEHhd8Q6qX:12000000000000000000:OKDOT:CHECKMYTH
12wCU6irie8gZ9izZGgWESVfz69fEiGcYsWgkG74DcSq2Csd:12000000000000000000:OKDOT:CHECKMYTH
14DVNQ4U5kEfSgoaHR9NcSneCPnHFtY4fcAse57a1AmY24r6:12000000000000000000:OKDOT:CHECKMYTH
15r8NQNc17JtrDc8GSPcqt513wgwPdw8FhyveTLrDrPSjk75:12000000000000000000:OKDOT:CHECKMYTH
15aAGQ4rC92ARTz3a3AhmHNJbgADBCKrcbhAXQycNgUWYFu9:12000000000000000000:OKDOT:CHECKMYTH
15FvEEUjYQkWRpQc5NnRxDo3foMzGzvbamPXcq6g85Q9nBvy:12000000000000000000:OKDOT:CHECKMYTH
15SCtdaVeTQFVx7HzBD4qGFT7BG3rcrEseVMgQ5CNNQWZs6E:12000000000000000000:OKDOT:CHECKMYTH
16FRLp9WkGiK3Y3unDruFK8LkSKBWDnGH9j5PUxqsdk73jxC:12000000000000000000:OKDOT:CHECKMYTH
169otvZd9nwf6Vz7beEWQggWA7VUCpGK4YwvkKuEh6fn1zWs:12000000000000000000:OKDOT:CHECKMYTH
15AVogxKF5NvXsUn3DNeZhxNJU918WqkmztYieVMRPeoHMgf:12000000000000000000:OKDOT:CHECKMYTH
14aj28bhm8cM5L58dNmvpZJHuDfSDpBQvwdESqwdW5pBCMJE:12000000000000000000:OKDOT:CHECKMYTH
143sfCJgepNYEw3yReDoksdMMM9dtG6ZnBpRMK9g8UGQAF5L:12000000000000000000:OKDOT:CHECKMYTH
16NxHMnNbVKmURM32VAKFf95Ysrj6i2XHP2QjUad8tVuFxf5:12000000000000000000:OKDOT:CHECKMYTH
16SczzJiWQiRAYBex3jdLnCB2sXJ4t6E45osY6o9oRfqauF8:12000000000000000000:OKDOT:CHECKMYTH
18fGfyuac7Y7VwZ9u8WxkLELw2BFKU5rhvzSwPnBxxz9ivi:12000000000000000000:OKDOT:CHECKMYTH
13SsTajKqbanpdjM9rbb5YVmbYUYx37YrYTSe14i9gW1BKNK:12000000000000000000:OKDOT:CHECKMYTH
12CaH7weGBBRfUDWb3MAGV7sbvAeGriySzuNNa7RCzJsnkE6:12000000000000000000:OKDOT:CHECKMYTH
14xLTJpDAmegRVx8g7pcrvdTmGwfpTKWuMTV8axTSHcYfs1E:12000000000000000000:OKDOT:CHECKMYTH
12QxtCqxxz2zE9uC2LpE34aHnneY7nPoWvDChKTeNz794Hbn:12000000000000000000:OKDOT:CHECKMYTH
12WBEbpaCRBFojunJKkwuDqkYGhW7qe1FS6YxfbkX3GC4Lp4:12000000000000000000:OKDOT:CHECKMYTH
14nbP77uWPmRpouXxkKzx4ojvRaYeBfLn3yaoaEX82QcjWqW:12000000000000000000:NEEDED:CHECKMYTH
1TUx3gzfL7FBViV1qdVTJ2mEEHo8HDVdgUzhZnhHGzsgZw2:12000000000000000000:OKDOT:CHECKMYTH
15jK1TiVok8N4JS6UzBr1xgFNS9KGhujRuxVhFTPP5ogX8Q3:12000000000000000000:OKDOT:CHECKMYTH
14dCio6nCohb7iAdV8zm8RMJGcM5xdXNmyemdynng9s6fGFa:12000000000000000000:OKDOT:CHECKMYTH
14FK1xQraxULtTAUhLQuiAcHiKSG2EejjZmuGBxwYfSDhhKy:12000000000000000000:OKDOT:CHECKMYTH
13vSLvNY34hsFYAn5KowbSfHWQfBBYHhq7VdsR8SrLm5N6kQ:12000000000000000000:OKDOT:CHECKMYTH
14mGLGQiT5BzLWHv3zESnHfS3PXmmPB3j5g9yWEbAS9PM8pM:12000000000000000000:OKDOT:CHECKMYTH
15zk7PVKutaKSYof3hHZhW2cjoKh6qCdy1xHQdzRBYNhHPiA:12000000000000000000:OKDOT:CHECKMYTH
1ezttq1pfvx4u96wKitztzS9j8FHZmYkid13tdoFCuodrUr:12000000000000000000:OKDOT:CHECKMYTH
14yMCNk6Tw9iuPSfpujLA5TdE4D3qedGwyCxyWpvK9tAwdVL:12000000000000000000:OKDOT:CHECKMYTH
132k1RQvzQtFT2QcaoPkQdPwqS6oLiu4UJce5pmDTsanhMrJ:12000000000000000000:OKDOT:CHECKMYTH
16VGSrXivryfQ5VeJAUqXPveRPf6zNt5cwGFJRY72bcWMYCH:12000000000000000000:OKDOT:CHECKMYTH
14Sotc2VPhSFpz7GZEuDGg4GXyus6zUUoxGf17osdKr6Z7cM:12000000000000000000:OKDOT:CHECKMYTH
1y17wVSgwTGQVwSy5NZK1kbBZn25eusiwWiCkBSLPoKRStL:12000000000000000000:OKDOT:CHECKMYTH
13Xi4g5gKqz4icUyPi3BxMzSaSvs8Kv4HNzp2jm7BoQBPvTf:12000000000000000000:OKDOT:CHECKMYTH
13HUstUsvWLpTt8efuCfjQomtPdeQ9xs2yvjhf7aTJJsRdW8:12000000000000000000:OKDOT:CHECKMYTH
19LgVBzUg2RgGXnT55KsocdfP8Y7DfmRuD7MmsckBrETBxc:12000000000000000000:OKDOT:CHECKMYTH
14RyGXTKLkNiY7VA9Qym2tu1AxPTnQXfvUr1dauYS155qkmu:12000000000000000000:OKDOT:CHECKMYTH
15FdonxdfX9UpS3vDyHRy2XiDZ5nxSjYEATYzvvdVAWic8j8:12000000000000000000:OKDOT:CHECKMYTH
13Shda4VKfL6THMwoZDojTUHKJtaJJMz4ooKSup5Q4FGFDEi:12000000000000000000:OKDOT:CHECKMYTH
14hgbnJCzt7bTghBQKEUgNTxetHfDqpVHcLEbK5Z3FxZfLfW:12000000000000000000:OKDOT:CHECKMYTH
149kVDrYomjL9pYEDQau3Ee53Ro9rPBirD2FmfS9rHLaRui7:12000000000000000000:OKDOT:CHECKMYTH
12P8mK6JGP8zY7922PrcTR52c67G21oAvWJrWSfheUG4s4TW:12000000000000000000:OKDOT:CHECKMYTH
13zLjwSjmQ4msdW4v3EwuoqM6YeJ9EkaRA2w8U7u2Xckb9Pk:12000000000000000000:OKDOT:CHECKMYTH
13Z4PcTjYQznpyYKgGwCRVXkVyTEv14Rr4d6m8wj22aqU1XE:12000000000000000000:OKDOT:CHECKMYTH
1iNoXaw9SgxwuNTeGHkXSbY42RHQnfCPkDwueNircxkBP1e:12000000000000000000:OKDOT:CHECKMYTH
14MNFSS3fiLEuXQq88hA2ZFe75Wn4MVazCpSMvSmdVpCppgM:12000000000000000000:OKDOT:CHECKMYTH
12Zfozpe7HwFdWzxSCbDQYbzVTnZg1iWiJ5kRQzgVVhoDp6p:12000000000000000000:OKDOT:CHECKMYTH
158Sk9NQpyoSXzJ7arFvvQmvtAajqSer616DfkeD3HHRpaWG:12000000000000000000:OKDOT:CHECKMYTH
13HdTJArNQJGDVkKXnF3XRAFJbSzVyBxXz14vCN6tFZzmr1Z:12000000000000000000:OKDOT:CHECKMYTH
141HKKYmyN8KUtpQGKELj6K99QkWwUqZp8SCAzEjfoWdK4dC:12000000000000000000:OKDOT:CHECKMYTH
14NLb1X9aEyNg2Kryk4NgKgfh1sqF4UttESwPsEVFaKFHUzz:12000000000000000000:OKDOT:CHECKMYTH
132uGiQLXyyzqWc4wvPBvjKVRicPVmchsRmvsjUQTq5xyuyf:12000000000000000000:OKDOT:CHECKMYTH
145oeW2Y3vYYkNunfPfoCNGaeppeUdnCTp5WucdWuFD3UM6T:12000000000000000000:OKDOT:CHECKMYTH
15wR7Gc4RHbkxEtsh71KbsJoQ9PbfAqUaefHgHbsbVQ7tmHU:12000000000000000000:OKDOT:CHECKMYTH
153UtvcbZYD7xiqqMmcjbKJE2LujqkiofcqCVE2kEvaFDHWq:12000000000000000000:OKDOT:CHECKMYTH
14LvjZLjsyoEDbRjzjrTtr4UF1wYT8o2Z3VDhwmfV4LX3Kv2:12000000000000000000:OKDOT:CHECKMYTH
16QMohMFUfgo5McBQaqosDdwH3VsZEHdcXEkkuDDfavEkJdE:12000000000000000000:OKDOT:CHECKMYTH
16Lkd32bKDPrsVLVPYcsCeY7nX9XAx5aGcLtTUryoy26qNQk:12000000000000000000:OKDOT:CHECKMYTH
132wkYQLCLLcnA6tL3mpxMxeD7LyNZ499q7kNpPfuVUbxRwp:12000000000000000000:OKDOT:CHECKMYTH
14G2EqDynrVjNBTB8z6fEeTovkQFVSJH1RvWEo79hzX8D9Um:12000000000000000000:OKDOT:CHECKMYTH
132qjdgS9PambP7vaPDBDcDh4FDYVgbckKFSNyfPTMpcdzug:12000000000000000000:OKDOT:CHECKMYTH
127es51MPWQqBjpiEPkfGErZpDH429zGJiQwW4hREujveb85:12000000000000000000:OKDOT:CHECKMYTH
1KY4wtWgVnP5EkBn2mmb52SR6nN31m6V2WBSd5FF4sMrbhr:12000000000000000000:OKDOT:CHECKMYTH
16FN2UGwsiMX8BofLuTUUuyAN7yyrKhwnoaE9Zs3skRF8nN1:12000000000000000000:OKDOT:CHECKMYTH
12BPXsGWgsqN6gpBuaDb1A5eEeM5aSUpjVoEJTzaho2tjbiZ:12000000000000000000:NEEDED:CHECKMYTH
16k2DivmqP9PPkTJF8ETEFFhHij8vi4ZCu7quTksGuMerSB8:12000000000000000000:OKDOT:CHECKMYTH
11vBrkSfuiNipv2dytLNZ8cjbUA4q9DDBRcjba51mWB7Wi9:12000000000000000000:OKDOT:CHECKMYTH
14caQsLUvSxEBtZW6puorer1TMk7X246f17V5rYsvdJ38g6f:12000000000000000000:OKDOT:CHECKMYTH
1bDCJn4ZUfMF7e9gxyA7tperPuFC7tH32RQeevnjJxZx8rU:12000000000000000000:OKDOT:CHECKMYTH
16i4NP6PUrotsPwGCiuQioSbg42gtJ9K9CyfG4HAxiYcbRQh:12000000000000000000:OKDOT:CHECKMYTH
12aTNh1vRjVCiMMUxpreFzLWwszn1hAuARnW9fKS1P9eEoWu:12000000000000000000:OKDOT:CHECKMYTH
121qrYrMfDv49EWdTAszhihZbFCB5ZRFgQVVgfGc3Lri7z8x:12000000000000000000:OKDOT:CHECKMYTH
15K81HhpS5kcLFFVS8c1WiJaBQnKh8zq6PBD6R19HUgavp7a:12000000000000000000:OKDOT:CHECKMYTH
14BtagUZJb1jqVDvA59PLt2qjfQgEaYMEjwU9TsoLKpNgGzb:12000000000000000000:OKDOT:CHECKMYTH
15fSmYJ6gi3HQrgJ7SnjpTs65CXydKqboDSa9qKzawyqp9So:12000000000000000000:OKDOT:CHECKMYTH
146F3mKswP5cjvn3HoQdx6znMwvvdQiSVggzbMeCyJV8HRQY:12000000000000000000:OKDOT:CHECKMYTH
16G1cc9XeE2AmFjVibgh6KHMCT3swQXh4eVF7xp5ciquspCR:12000000000000000000:OKDOT:CHECKMYTH
126usiUc477WVqih7MpcQ4p8Ri5nv1Lfd7BrvGAKjvjRBj4C:12000000000000000000:OKDOT:CHECKMYTH
14QtiKiiqgPyvvDJSVduqdWD9STaiDxza1yBoctXSAuyhEhL:12000000000000000000:OKDOT:CHECKMYTH
13tgqnULfb9F9ESab43QwfJsw2qroKpfredgKTtgtmTCuqVV:12000000000000000000:OKDOT:CHECKMYTH
13QqciWGc5pD2mZTLSRL7okbRm1CLVDzniCKmLYR7DGufUoP:12000000000000000000:NEEDED:CHECKMYTH
14FVgT5XZ48A35e8YrCd1ZTqjZFVpJw7oJdyWAJqHbSfhSpC:12000000000000000000:OKDOT:CHECKMYTH
12By46qEnYz4BFTrDHFzp316nWhMLGzi6k4W5d7gSJi62THt:12000000000000000000:OKDOT:CHECKMYTH
15WRk3PhpQ4tUJQcpSRFPWD9cvuaucXvBRRKKg2tLSSi6fxV:12000000000000000000:OKDOT:CHECKMYTH
145dBBK8u413g9rpvKer7kmr3h8fjgQNgQrydPA4XKzMA1R5:12000000000000000000:OKDOT:CHECKMYTH
15Soo26BrgRCCMNqRN3xXJdJNs347iXh8kfch8DXxVj926K7:12000000000000000000:OKDOT:CHECKMYTH
14vKdmNu4m43yP2x7vTwXooxcvwH93YQLZkLGPEBg9xcjXFU:12000000000000000000:OKDOT:CHECKMYTH
15RvJdEmwqL7j8vxRX3KbJGfUGb4RTbd5yttWjduTbyfud2B:12000000000000000000:OKDOT:CHECKMYTH
1mmd4J1GGW7BvG6vGHGaXRMtQoh49jzLRwdthzHDZLsWG3W:12000000000000000000:OKDOT:CHECKMYTH
12Uj3jygKcbkv7DPWsHEFnNTVaZ38UTqt456JY4c3fiAUUuL:12000000000000000000:OKDOT:CHECKMYTH
13hJFShEmw88tx6KykqUdAANYczjHQD7tPMrd6zww5jrcmw5:12000000000000000000:OKDOT:CHECKMYTH
13A3MRL8rAsRiocRfjP8a8vwSoVWz7muTX1LKuZXRxXWvUhz:12000000000000000000:OKDOT:CHECKMYTH
1dCoRNtHq7N1xvEH4TqaVNKH4NhkL3LTiKsrJg8kwhSDr2T:12000000000000000000:OKDOT:CHECKMYTH
14ApyKgdva4CvjkaknwFEmu3ecgvGi8pNGbJPbKrW29oDiug:12000000000000000000:OKDOT:CHECKMYTH
13m9GkFoc9S13E9fAfdMR9hsMu7ga54jF3bjnbSWA4GTmKkn:12000000000000000000:OKDOT:CHECKMYTH
1eUm7a2mhSmMusHZAqvaMhmx5u8MwFYn5smrrrA9HfFTmr6:12000000000000000000:OKDOT:CHECKMYTH
1nEbirwuKah44rXbzWkqZX6EkVo16jtYTx65HLQWUhYKJNd:12000000000000000000:OKDOT:CHECKMYTH
12uE4zCJ4MFMRps9LWZ99X4jepDG5XAju4BFx34tRaa4PR2W:12000000000000000000:OKDOT:CHECKMYTH
13VNMecV5DvL2Nk3QbNAGvDPNHY53JrVXJqCG5zPA5Giom5s:12000000000000000000:OKDOT:CHECKMYTH
12tF8cPMVbd8C6R3Rz59VJZN9pKaJJu7yFXJ1aMNYMTD7pTH:12000000000000000000:OKDOT:CHECKMYTH
15oyaNM6FHCBCdowbH8N7JMYCEfJWraujc4sfNd4ozrfMZvj:12000000000000000000:OKDOT:CHECKMYTH
16RpFCmFceS2uLWingHeRtmugRUxSGXLYK7fayXMtawSRL1e:12000000000000000000:OKDOT:CHECKMYTH
12hshWyncRqwzxLC3VASwtqJL6v77V5C61ntaCkpUCKrGesL:12000000000000000000:OKDOT:CHECKMYTH
14yFTCJLTEP2nMNj71CsvnWFEF36fAaJMAnuYkqAGr51s75e:12000000000000000000:OKDOT:CHECKMYTH
14mLYJnLrgcwfpUvTrpWpRuN11Mo6XqwboiAgf334s2jyHPt:12000000000000000000:OKDOT:CHECKMYTH
13VPMWeMo5PAYDFKaxiyXKA7Sa4RVCsm8huHzUBt6TEru62z:12000000000000000000:OKDOT:CHECKMYTH
14stZkoVctBMShqmW8Q7rcYjSF4At7rjKfZyPFb8Lrp1dHCy:12000000000000000000:OKDOT:CHECKMYTH
12sHU8cr4oYStDoHdPN1v7DwpuksJkqD1z2UKqeUX1ZNeaJx:12000000000000000000:OKDOT:CHECKMYTH
15u4xKe87kVYr4yozhnaKfDVtrqPWBxUN8JzUUNkntAwPvYV:12000000000000000000:OKDOT:CHECKMYTH
1bEipLLDmsdHmqJHxDsUWDWdygkoat8r6KifS5dmRKVeo1i:12000000000000000000:OKDOT:CHECKMYTH
13P51BAvBWyMQYoQ9Qh6FdZ3Dsm46EABiay5HZMUitmnw9VM:12000000000000000000:OKDOT:CHECKMYTH
16mBQVMmgd41MPfhhyat1YqxaBRv9rvxjLyCZfAvGC7jS2LF:12000000000000000000:OKDOT:CHECKMYTH
14uNnonbZwgauEf4Y73yCotikzkhcmV78DGcQzLhSavreVLa:12000000000000000000:OKDOT:CHECKMYTH
13FeR34a68F3cnYrxUJW9ZEha8wiwLvcmVKC7HtQcLHRvsx8:12000000000000000000:OKDOT:CHECKMYTH
12hTeaUsQVAA7YB4cjCFCcSygnM3bL1EXfVPo4VNsJnB9uE:12000000000000000000:OKDOT:CHECKMYTH
1HwtZ9NNZ2y6nugVLxt6VD9ncEGvpQhkTzYquiGWmZoeZRX:12000000000000000000:OKDOT:CHECKMYTH
12HjhkjLQqZHGqPTxUr7uvtivd3u3n642VCWigWGfg3iGksY:12000000000000000000:OKDOT:CHECKMYTH
14PiGQ2mzPn5yRGq7urz8HYkUCmkBL7Mm96wKGvoiezxJGyA:12000000000000000000:OKDOT:CHECKMYTH
16f4KtAJFfCgj2dwWNmQj6dAhiF857m9Eyy3zm7iNipPZeTk:12000000000000000000:OKDOT:CHECKMYTH
12guQx158oVPTdwXhkWQ9pLrzD35wPk5ouq6TPfoS5SNoR1y:12000000000000000000:OKDOT:CHECKMYTH
12GNByiSHWwHLDdNwbr6XE7L8CWgdAFhGfHoaH3DENcL3bzf:12000000000000000000:OKDOT:CHECKMYTH
14WgMXxdiTT1wyikwppN64i6xhaQV4BnaP8cmaBy2FiS2Fna:12000000000000000000:OKDOT:CHECKMYTH
132HsgQFiNupRJadVaeRD9RwZaVAtksbdvfcsECooUie8wdn:12000000000000000000:OKDOT:CHECKMYTH
15G6eY7yjvhExjm3d4a7N3SyVSeNDUc1SWdd45siTztFYPXe:12000000000000000000:OKDOT:CHECKMYTH
16dekEkCC5RBRNEmwbBh9b732us2YPTfVQHC5c3Kj5hQGzvE:12000000000000000000:OKDOT:CHECKMYTH
1e5tiWzJxRbeoTvfkhnFw2YyTbZETx1YACFeHQ7exVxnFzy:12000000000000000000:OKDOT:CHECKMYTH
16WSrWnkmaXnVJXmTdtZzy9jXPS6oLeTNcneeMVUnMDGXR5V:12000000000000000000:OKDOT:CHECKMYTH
12e78S1CTm8hUVAZPAJDyToa1TrcgaYsc6UupChzaWc2414d:12000000000000000000:OKDOT:CHECKMYTH
16f4ntDRqRj5ZA15D68B35y4xQvX5ohiRZrcwsHAt55chVQ6:12000000000000000000:OKDOT:CHECKMYTH
137XJY2XK1Vth6tBtc97ChRqMtWjVosoeb6gX3amdEEzyJpB:12000000000000000000:OKDOT:CHECKMYTH
15HAA4Y5FAVz581zXWYmiSizHXtSnVKQTrqYGhGxEHyhFy4H:12000000000000000000:OKDOT:CHECKMYTH
1368veyjjvbXLJfd8Zx9mUK7gH3TAV8YczA1ZxibchhZCdr4:12000000000000000000:OKDOT:CHECKMYTH
1cCMyPn1AvKP1qiyBtV3Ua9TrG76bdryQ79rDE144H8MpV6:12000000000000000000:OKDOT:CHECKMYTH
13WVQyr9Z7x2L772ur2qmPbMjxPG15RnJiPVziYLecVYYExu:12000000000000000000:OKDOT:CHECKMYTH
13DgFP2zHt3kkT1Fary7Ep7niFekLo7VDD1TToy4KfjCAScE:12000000000000000000:OKDOT:CHECKMYTH
19GnJjtCXDjKS3eY9SCQs2Liq55G4WgpAYgGqA2JTNeXi7y:12000000000000000000:OKDOT:CHECKMYTH
1686UL1XgX7c1tdMerdgMoF8UEDxyPKv7mmo4EtUy4KeDN2T:12000000000000000000:OKDOT:CHECKMYTH
14q3TChhX9WU9NPUZdZcfDXbDxAi5BWtPxyuBFtSBYeCqEhh:12000000000000000000:OKDOT:CHECKMYTH
15xLjtnpfh7ePiVcBrXTbhJWgPM9GGtcdN7tiP2M6Xoua8Fn:12000000000000000000:OKDOT:CHECKMYTH
12nY8gcz9zE3WHzsgm8pBzfPqqojuZnK2T4gdw5H8t7y34q9:12000000000000000000:OKDOT:CHECKMYTH
16UFojimbCP1zVgPHcXYueAFxSkaBTR7LMpEgSRytdrS5tpE:12000000000000000000:OKDOT:CHECKMYTH
12zs1rUZXhmfy6qdVq5vrtcCeFM1MJKNqKKsdzt4NKJ3Hgjn:12000000000000000000:OKDOT:CHECKMYTH
14MvV6UxZsfpjfb1iuxtXDRVfFPx19dK6xBokXL6kBQW4kH6:12000000000000000000:OKDOT:CHECKMYTH
15cCxiia2cmEiD4bJc4WcCXirozQip2smodK1BVT9DXCHgKN:12000000000000000000:OKDOT:CHECKMYTH
16S7dXTm6tzQbYnqjdv5TKvVHPofhZ1expPHND4mhUk7TjbQ:12000000000000000000:OKDOT:CHECKMYTH
13rV3nisAZSmsjEhKNcJgrEghcLXufJs3wujQ3neNqcWdZEy:12000000000000000000:OKDOT:CHECKMYTH
15aN7sWm9ZVZira5S5TeQCdKAKXQdC4RwYfGHJSVncghFWLh:12000000000000000000:OKDOT:CHECKMYTH
14eGE7revNChE4PvhmqxaZGMyDRt2zJEkAEZ4LHpA9zvv9so:12000000000000000000:OKDOT:CHECKMYTH
13GvizxyCL71qVH7mpafbX7B7qXx8udHwaQ2hSG2HGs6vC8M:12000000000000000000:OKDOT:CHECKMYTH
12jfftzMZ4x6xX9aGqci2GB5yBkh1a6yK2MoxQv6wqos7TB8:12000000000000000000:OKDOT:CHECKMYTH
15BhXwRw7165JqQ54KV58SXXp11QCjP1SZ2yskmktqP1fkuT:12000000000000000000:OKDOT:CHECKMYTH
13NCLd3foNpsv1huPDzvvfyKh37NEEkGFotZnP52CTR98YFJ:236000000000000000000:OKDOT:CHECKMYTH
