14DqdNw12yDcAcbwr333WUwYakhrqQ1DpxkXPHrtemSKtgyv:12000000000000000000:OKDOT:OKMYTH
13VuQu8U2UmSotXao74rHxy5VZveFFRvZpRdufQ9c151pAUB:12000000000000000000:OKDOT:OKMYTH
15y35HQ3XWyGk8xh1pk55ugNVDSMuUruUWYFdd2SLSLC4HTo:12000000000000000000:OKDOT:OKMYTH
16LdFZLxNEinDUzai764C4HhdfPBybnMRq2jqwJCT8iABWNF:12000000000000000000:OKDOT:OKMYTH
15uZXKbaN38X4HBk4USvqFbKpz2CC2hboq8VqTQAjdFQpniy:12000000000000000000:OKDOT:OKMYTH
12szKKJtwTCNcbJLREinE1q4DEHuis8u3eg5unR9qm1TndHa:12000000000000000000:OKDOT:OKMYTH
14BTRPJDPrcWR5S8xYPFXU8FKbXuLLgaUX2tL6Tw1SP1YX5:12000000000000000000:OKDOT:OKMYTH
12QSQY6YbHtz712UWcktBRJvAKbZtiEonDazsiUXVxkqyvmC:12000000000000000000:OKDOT:OKMYTH
138wMzqTokwrwAHym5xfQHqTTtDkikeQ7uaBqZJYUTgJ8yH9:12000000000000000000:OKDOT:OKMYTH
14MdcdhY8Q4WwTvAqGxoPwGTNMiAWPkpWePSyE4QJUjRW1eR:12000000000000000000:OKDOT:OKMYTH
13yTjDyhnp5cAWxB2ox7j3HjFVpaduPARvk3BrhUUChYWG3P:12000000000000000000:OKDOT:OKMYTH
15HbLnxYiYRUgkwVjn5EAGA2SbU4iz8LVVNdVq6Dfz5gUq2K:12000000000000000000:OKDOT:OKMYTH
16FQBFeqYDHqwW9r9zNTvaPfsnvniZf6Pt8tpMhS3mzLwmtg:12000000000000000000:OKDOT:OKMYTH
12WWUCzHkfYoTmGGMTBhnVyNcr2Q2BgK1tpQaA1WGNso69uV:12000000000000000000:OKDOT:OKMYTH
12vCzhnCZNvWitCLcU8hug9JN81oiSwxYU6tH4RLsDg5HTMF:12000000000000000000:OKDOT:OKMYTH
14kdCW53hMB6ufSEFt4xr34nM88KiFSfBoxpzT4CET76eujT:12000000000000000000:OKDOT:OKMYTH
18JpD9QdBj2oScqBrkRepCcGkhCPWZ9NvAyiWEV7AC9hTem:12000000000000000000:OKDOT:OKMYTH
13jaaebCt8HuZfJdGFVe3D2eVgEpP3kqMSH2hPfuY7c4zokc:12000000000000000000:OKDOT:OKMYTH
13Mg8WWMUMpNjGrp5Sjq7foSETRmahFv2Pt7AZa8jEqJaa2t:12000000000000000000:OKDOT:OKMYTH
12NhiSyaGykTy81q4xsDUheVkVFTm4sQjuruyTLUt4PwVdsM:12000000000000000000:OKDOT:OKMYTH
12xbzMpT4Df59HQ4g3sQJtt85fNsthuY5Y4f3QCU4iwNEw9M:12000000000000000000:OKDOT:OKMYTH
145r8kNiNncSjULM5BZoVKnxJfVs3Qcjc76okMugzyeRNmK9:12000000000000000000:OKDOT:OKMYTH
133UMSKv2wcpQj6sMfzvMCsoSiuyK2TpUoabXCWFcBbeec9Y:12000000000000000000:OKDOT:OKMYTH
1KMnkTAKjR3d1c8PVUMK4AdATWLxiHw4Uq1DRvohWtvFLU3:12000000000000000000:OKDOT:OKMYTH
12uSVVQKUgw3VMhCSjMJuqEo89uohLUkYW1a9hLicoHHW3hL:12000000000000000000:OKDOT:OKMYTH
12jEmVtgNXfA81vxDPLuVSc2XAM985eXpXUCAHVXbdA5THjv:12000000000000000000:OKDOT:OKMYTH
1WqwGPyuZErqsmq7i75aGe1rdoCBDGycNwsfYoZHfzJ3N5B:12000000000000000000:OKDOT:OKMYTH
15wGwShobpndnjuqFP8eJdgNZqLTHLV5tdRebFPPd7VjmA6L:12000000000000000000:OKDOT:OKMYTH
148JXMbctegAdtSbVqB1SNxzDY5j3LJHi7B6c6Nv8LV2Tbrn:12000000000000000000:OKDOT:OKMYTH
12XfZjuAeegZRMP78QyPJiMg6rJ48jW1MahVqHaQs5ZsDFQU:12000000000000000000:OKDOT:OKMYTH
12BVXSBay3B6MNwp22iGp9ECagzdCWfZBVhVDbEoRV956TPn:12000000000000000000:OKDOT:OKMYTH
134GTyApsGutZFARcm9Lrk52vRLDvD7DPcTtNN4w1SecJyWh:12000000000000000000:OKDOT:OKMYTH
13wSkoN1Uf1Q8TQ5ZgCWZZbe4HwWb9vLbdeotZVHPszVTNrB:12000000000000000000:OKDOT:OKMYTH
15EvsBigjbaMAYtcCE2HNMEefwSo8KeSrG6yCk6Ltjdgzce2:12000000000000000000:OKDOT:OKMYTH
13dbTBiJUZDdyb4hjGtumgSRJR33m2a4vt7eircZU7gPstes:12000000000000000000:OKDOT:OKMYTH
1dK5wLzMRbwnEQTBZqBxHJJKySPDyDmADSQB8TziTSo85mT:12000000000000000000:OKDOT:OKMYTH
1iwgjvpcE1WfeUETCx18WChfhkxxcR5r3VKXR4QjqbdVq1C:12000000000000000000:OKDOT:OKMYTH
12Bwtj9F4PwcorGXMVzR131n3hYA4SvuuFTLY6WuzmD5rTpB:12000000000000000000:OKDOT:OKMYTH
1xhgZRTMppEskzS1dDJjVMvdnMnKgDSWtfzunJ8BBbNgmJi:12000000000000000000:OKDOT:OKMYTH
1uVrcGyvHpiXHvQkKe5GNL7pvE4xZY3F9XgX6Z2vG9qEpGe:12000000000000000000:OKDOT:OKMYTH
1pTVje9WkHLzBHSeM4sZGNtTfjipinRZnjhVuEBaTTXEb4h:12000000000000000000:OKDOT:OKMYTH
126fC5dKwUMb5xLN4SxqynmVx5tjjcqmwMNMeynaUiawk8xz:12000000000000000000:OKDOT:OKMYTH
12yqj3vyjdsFmCCdb36ZkrYzXpG2oXknL2Ftja6B6wcK7p6L:12000000000000000000:OKDOT:OKMYTH
1nN6vGP1hCyeFJU1XBqCqLWGCwPde61F6Zu6u5kaWyoQXs2:12000000000000000000:OKDOT:OKMYTH
13nJWrnfmkySGjRZrKU6aUfzb86qQ5BLGBzcGQwTpRFNmWp5:12000000000000000000:OKDOT:OKMYTH
13iLexiDPaPQQd9AZ9t1NyTrAZU6wjW1n8BDE46TQJuJ7n3M:12000000000000000000:OKDOT:OKMYTH
16HwsB7vdmpfbsKYd8tQmSPE51CLCDYKXU7Jt7GXxBwMR86g:12000000000000000000:OKDOT:OKMYTH
14QrcefE3AQgLxqfZxXJwB7b5vBE6zz6t6EmgMUkz8bo73iy:12000000000000000000:OKDOT:OKMYTH
15VAMm8BZcgGqQ1sB7thERrPYYQ2DEv9eCiKFiFVEb3kJ5bF:12000000000000000000:OKDOT:OKMYTH
12TszLZqkE6YouVURiDXvZBKX18udLn13M7BqjDsnneYjQ7E:12000000000000000000:OKDOT:OKMYTH
15G4rvyCDFe7oyKxTUxoMPEWwMeBFjXPNPtdA1eviu4VeUUT:12000000000000000000:OKDOT:OKMYTH
12PGSHsnt5C8JxarHXPMCqAfJkdzx7jBktj3hgoLyKwasg9P:12000000000000000000:OKDOT:OKMYTH
15VG3QT5ErJfjpqqdwhBEhwADzqYBPexTbYfa8MaeGk9gHCf:12000000000000000000:OKDOT:OKMYTH
13PMWPvcGCu4RBvq3TJLNdnK3RE9t695Ynq1fFCRFD3PyTzy:12000000000000000000:OKDOT:OKMYTH
13bKPbAJTiFFtZmETNAuDjFNrKX2ACnRaKT3n9MLUuavS4kK:12000000000000000000:OKDOT:OKMYTH
16Kh9wwzwny8fKzkX6VPWiaKc7LpJsv7y9eLCjLnAQ6XUb82:12000000000000000000:OKDOT:OKMYTH
139X8oPjZbS26F7PY77LEKgD686ztRfpXQWV945o7kaW1n1R:12000000000000000000:OKDOT:OKMYTH
133dKctPuNSdc2Fh5kbQuZD3xR33xuYCrWsvgqQfc7om5Mf1:12000000000000000000:OKDOT:OKMYTH
13Me5fYLjKgokwGwkCF8ZxdwJ74MGWro8LPegPeUV42WMBwz:12000000000000000000:OKDOT:OKMYTH
14FzRS9uXbbMopyV4qpMyHrwZXbb2rMvB4cs6Vt1DoHj1YZC:12000000000000000000:OKDOT:OKMYTH
1WyRqVQ31uDf3JaiViM8ozcpKHVAk1ZqLXj6uWNav6XVRak:12000000000000000000:OKDOT:OKMYTH
1TMYzuph8p1M6MVwk2ib5jnGQQSkjgUq1iuQALcfhMpTXrw:12000000000000000000:OKDOT:OKMYTH
13nmXoUNGtctMmmtpNgD1JB2S1ssRBC9e1FtsPs3E7gTjcum:12000000000000000000:OKDOT:OKMYTH
14LSYrUKrE2hRoKJJCb1shSvfXdk1jMCyrJjEyp9L5R6VuCG:12000000000000000000:OKDOT:OKMYTH
1efFsAXh9HmqCU2oVhoZietj6eej9NpxReJ8UAg154z3Qug:12000000000000000000:OKDOT:OKMYTH
15jB7sJ14r8uKfJkN4BEaTXzoBqpgpkm4CuQXhuQa2oE8xNC:12000000000000000000:OKDOT:OKMYTH
162air6biSJPTqH65qqYPuFovrejG4RJdMuUt6JJ9S3wcdBM:12000000000000000000:OKDOT:OKMYTH
126u49jMZ5LHLyTpmANEVtt5tiyDU5ob6FNYXsczugnpnVEX:12000000000000000000:OKDOT:OKMYTH
15zKwV8DRwC9nJb9XPAtc4z8z8vyEKQCRA2tsXJLYKvSgTNp:12000000000000000000:OKDOT:OKMYTH
16b7TvkbX15shjmmS6E6G1yHTuqN9gFbjf4ojETqoQHSFZf2:12000000000000000000:OKDOT:OKMYTH
12GzZCKAUwyR9vWXnbNmuNNSfXxUk4ccwQRmuPvLmVed8dCi:12000000000000000000:OKDOT:OKMYTH
1nB7n3xvFFmc7dZ9CMLNECLS2XMLW9gdVJhnY8aJTJ4ZafN:12000000000000000000:OKDOT:OKMYTH
13m8pN6rSTgkSwNb6McaHKBse7EaATJZUmKYZ6PgiVJSoLGt:12000000000000000000:OKDOT:OKMYTH
13h5nxxzWRnqdzFhMnYyngkcMZJim6Hgzfib8neyU29vFcZg:12000000000000000000:OKDOT:OKMYTH
1555NXbTwjFmcAzmuMxK5dNk8tZKuQAnxvX35DPTWkJ6wqVQ:12000000000000000000:OKDOT:OKMYTH
16Z2P6ePXZuU9dc4TUK77rSX3vELwaZmn1jxe6Smj5pFaX2m:12000000000000000000:OKDOT:OKMYTH
13a5yTK7aDTygyNupp2rRf59ruiHGbPyMHkkCisALqpUxuqb:12000000000000000000:OKDOT:OKMYTH
15JdhenVxPYMmae6WSL35py8EzfLL7i2XP2cqTCFe5mMBnTF:12000000000000000000:OKDOT:OKMYTH
15JeXG7R5oMUfEVg75aMRUCwMCnAhykeHp46kUR48yDwfrP4:12000000000000000000:OKDOT:OKMYTH
133nvQByy4VU6eVjsfERa79NVVXYy5MK6MNvpvmi7nvhCVos:12000000000000000000:OKDOT:OKMYTH
14fKg7B5zhbAMyAUDqtpWHR2X6cBE3rErHj9TuRbW9znEs5m:12000000000000000000:OKDOT:OKMYTH
13HtQFb6Vo7uBgT81WLSnHWDYWg6r1JnktEAoimNggfKoQGe:12000000000000000000:OKDOT:OKMYTH
1EMiF7TA5x47TKpiPXvhMnGAyTMxPRpvXQ7LWaBiPWqEVy1:12000000000000000000:OKDOT:OKMYTH
13YZQREyHYvUcmp1ey2dJBYTJQA9PbKFtEo1MKiZP2hSFXBp:12000000000000000000:OKDOT:OKMYTH
12FFMHvJBQZhcPFBm4y7za9oW5U9VVqjfSCUffHwy3wdB4yY:12000000000000000000:OKDOT:OKMYTH
15rKfhhmmDTtKQWzUCoH8U4Zt2LxwesMmZvCZ5h1BjgkmdPa:12000000000000000000:OKDOT:OKMYTH
14EUvsPdC4YD3YGwztUQhTnzWCLYvSXpb2SJgCdmJ34aweL6:12000000000000000000:OKDOT:OKMYTH
16mC8eSPYe2g2E6ZfXcwZW8zf5B1j2HeMu3G8pzcvDMKAgeH:12000000000000000000:OKDOT:OKMYTH
16HpuuFxDWkrtBTiEm1iUp6e1dFFKrAMSu1WQxMq4zSfehGY:12000000000000000000:OKDOT:OKMYTH
14vBPmTmaUFuKHHy6p5qHYngNUk7ryZJYpHKcbc8FHeCm6ig:12000000000000000000:OKDOT:OKMYTH
14wNJumHJUz1n1B8q1w6hfC7AtToM8KXNW3pMfSNLNWKPrY3:12000000000000000000:OKDOT:OKMYTH
16LXBZvXfGRBG1SV4dkLkVfFMDRK6HEyFCk2njyNAwCLTyut:12000000000000000000:OKDOT:OKMYTH
14Gepp2xpAFthDE2JM6S2nEF5YzebY3d4k1YKvTYR95zqVGm:12000000000000000000:OKDOT:OKMYTH
1332DD2VdSWJdAqgVeyd3P36fQcBWxuUThav3HMuHzKERW3q:12000000000000000000:OKDOT:OKMYTH
14eskivzKv2hqSBxFaYKqrzGa61ARZQ13B5ek6tvuq1VnwRi:12000000000000000000:OKDOT:OKMYTH
1H1kJLxAfcNotiUinoeRorKKf2pS76vqTZqF77HPQBdWp8V:12000000000000000000:OKDOT:OKMYTH
14gA6NWYZpCcDyYmg8YRqa8WpowiXWJwDCxvtKSDrBvdqTYK:12000000000000000000:OKDOT:OKMYTH
13RcCKWt8V15jrC4cF9muyoSUS2YN9nHjExKAjYy7upjfLDU:12000000000000000000:OKDOT:OKMYTH
12sNZ1m39Jcz2zuhseRBo9mquUmPpUhpiuCqiXt1fHfJMeXF:12000000000000000000:OKDOT:OKMYTH
132uxCCFkfKKBZCptDuNuFukPH3s5rFW2Nr7kfbYdqWdo4yw:12000000000000000000:OKDOT:OKMYTH
12KsaFmnQ4NGGFNBZwKCzFje4Nm53kC8G9hxqJPRY7wLvjni:12000000000000000000:OKDOT:OKMYTH
1Nx4DqRDckAsJ2QyuQcVVVykYvqH8ueicksWTHQvVgyrGtR:12000000000000000000:OKDOT:OKMYTH
153QMJrxP7A9WJftW5N4J4wYyZsx414mvkuC3q4x3WyPmgW8:12000000000000000000:OKDOT:OKMYTH
13zzy73JubzgA9vLDQ4Yd7qN5b14LKWEXtQyr6hteTvB7fJZ:12000000000000000000:OKDOT:OKMYTH
1H5vrb5NkL2QeJV6DUSckDtXC8xGm3Su682crAfvtXtonxd:12000000000000000000:OKDOT:OKMYTH
12gUBJZBKVYvZy87sthbZoaNUCxt3prA4H1cnQ9H9R2kmuFu:12000000000000000000:OKDOT:OKMYTH
12UhtNcAP5Emhvr2VxYTo5eaS5f3CN8DZh5zHvNcoE6z4hw7:12000000000000000000:OKDOT:OKMYTH
13BXa1yJXBGvF4moYtg8LHygu3o6u3DZeAooT83EkuCrNHtp:12000000000000000000:OKDOT:OKMYTH
15KpWLCmGH4Da7ceH3khdYDW9UCd14oCuPUoGPd3drvGXvZx:12000000000000000000:OKDOT:OKMYTH
15oXVE4uDiX7tHjrf6y7bqeyeDNi8vZ34rvianRczLrHXfJ3:12000000000000000000:OKDOT:OKMYTH
1PLs4JaFKJKUfhER9J7XkrHN2Q6GzV9fkFuqGqvyxSbQCh5:12000000000000000000:OKDOT:OKMYTH
15DkZ2dgkj3s1wN36gJwVwA4tiYeziaTUfHo69YbSa9u4jqt:12000000000000000000:OKDOT:OKMYTH
1nX426PyN1zth5Dtpowhkt2hMX8aNjHJDsGsaC6Qdnt5KC1:12000000000000000000:OKDOT:OKMYTH
19x5YpYSzZCaHZ6tHfH4BV6iwe2EDT1d65grdivSwdPWNUE:12000000000000000000:OKDOT:OKMYTH
14agEFN9bVsgCEmJxSxXwNHJizq7kHXgQn114k1XeUTQkGE8:12000000000000000000:OKDOT:OKMYTH
15UcgdSBsB6GxVZP48pPcYt37nfjEx3dEHWRKcHAExoSsQK6:12000000000000000000:OKDOT:OKMYTH
13nv8LkxDnPmKGmxnax7FYcs6gPF4Hz2XtHeQh7aUqXJMdeT:12000000000000000000:OKDOT:OKMYTH
1262j65o3PtVtyP1v8JGoK3NwnL5uhY9ScTTw2VSqDAqHKTu:12000000000000000000:OKDOT:OKMYTH
14JPLUajhAjc6xuAYBWiZyoL2VMC3NEUyChUbFkGzzcHndqN:12000000000000000000:OKDOT:OKMYTH
13sMFraeH4T73XYo2T4Fv2JHcWmEmMRPnsPiretoqRHksAFm:12000000000000000000:OKDOT:OKMYTH
14eoP5vCSfF317WGYfsQho7insJCPKuSBQZLcP13qtnRgTQk:12000000000000000000:OKDOT:OKMYTH
13sQXu73YRv9jH57uogxHwf9DxP7MDRkyoQ1Lx4kbznYmCEk:12000000000000000000:OKDOT:OKMYTH
1kdtS6ChRzPTuYmuY1oxBdKNgJBncGK4xtYuX4SUZhMuCqf:12000000000000000000:OKDOT:OKMYTH
15ayiMzPz1StdUcX9JwS1yHdFfbzrBj7NmCrKsB8xLDjnsJS:12000000000000000000:OKDOT:OKMYTH
16UpnzEvkUVhV9XuPrnb7WJuV8HqaFXoTXjpRXrPLBnZ8XXY:12000000000000000000:OKDOT:OKMYTH
14877ww9jzQce2BjDVuWyWMwZhzHbK9rKuHoE78mpe5WZeV4:12000000000000000000:OKDOT:OKMYTH
14o3k7ckpXgzx9atHbuXjMSbqJmS7kUk8GrqqGrCsHHAar7L:12000000000000000000:OKDOT:OKMYTH
16P6kAP87qQCaZELerAXcvJpy391hUo8jkvgmtKcYAXyz99Y:12000000000000000000:OKDOT:OKMYTH
1knWdLdsT7HHh1DiCDTM2RZb9Ej8hptDMvr7FJCU3ttWy9F:12000000000000000000:OKDOT:OKMYTH
138EXHWi5QQ6iVQ4TPZyaXEvLWsYL21YFSAvhtvbNSewiv4B:12000000000000000000:OKDOT:OKMYTH
166cwq1wZ1LZHfrRsc8Gyjd2RfGwjBT8GBRMNPeU8CJmek6a:12000000000000000000:OKDOT:OKMYTH
12XbwGAvHAAmFupQ882LPwETBEPu2gR7RHszYQBKiNE8f7oc:12000000000000000000:OKDOT:OKMYTH
14TZNSZV3duV3xkodQQE4U8e18i36R6PZii3cfP7wDRPZqgk:12000000000000000000:OKDOT:OKMYTH
15RmmAmBCDWhvS8pLtnXB6JdqBjXLibT1YR263fYymAXLC4J:12000000000000000000:OKDOT:OKMYTH
16WPPtx78DTAiJNF9aYfvb6bpz718BngpmKKnVW1zsxVqaMt:12000000000000000000:OKDOT:OKMYTH
14XnssTEoPpqHZZEWSEqdyJwooLnoC9uWsXhoXGNaEuRZzXh:12000000000000000000:OKDOT:OKMYTH
12FNGnH8F484yiiY5BsoRdLrowVwzJTSwhtqmp2meXVWQ6GA:12000000000000000000:OKDOT:OKMYTH
144S7tqkA6XeXwqHHQGYyekWaXRfkGn9qyxmuD7r3Eszq8N6:12000000000000000000:OKDOT:OKMYTH
14aK4FSLvQP6a5xDR2ax9jGHNpgUamrUg1o24HVMQLidJg6P:12000000000000000000:OKDOT:OKMYTH
12pfsU9uxofJ9S8pXcnWqWEc8MiFTP8nV4ZgXd1fNQKnLjM9:12000000000000000000:OKDOT:OKMYTH
15dVb1DzT5PusBEC9qkBQXHtGnB7sRzySLrcWKDeroAHcGTM:12000000000000000000:OKDOT:OKMYTH
15aDEtuoZLgJsgQBdSPQnhsbJyNNZHmmVB1aWyMU4ggniWEq:12000000000000000000:OKDOT:OKMYTH
15wLZKRkM4GohXv2y1phxrdNipkY9TTrbKtxFtgeRUVdxB8:12000000000000000000:OKDOT:OKMYTH
12gM28W8JGcGZuG6iFNhwerC9eq5af2siw8WGRZDVBAaPMa3:12000000000000000000:OKDOT:OKMYTH
16HBoKHAVdSNCxJszaXMY8ZnUXYv4h8NjDEbPocSTcRVZMve:12000000000000000000:OKDOT:OKMYTH
1apSrm53V8tqRKT68NhivThuXvTufBaDkSyzhiKtEwcBme6:12000000000000000000:OKDOT:OKMYTH
12YBXgQ7i8cA9zmEWNmZBhEmBDJTLAFqZ5yoPRoxw6TdvpV9:12000000000000000000:OKDOT:OKMYTH
12KunrKa3pboYusanTngec96M4M11oeWA7CUXnHP1tJTZ1w1:12000000000000000000:OKDOT:OKMYTH
12vC1HSogSYgiRqGQReqPYvpYWRi6om6oXM7w7FWxRVZKvNK:12000000000000000000:OKDOT:OKMYTH
13Z7LqwwpRStG1wqHMZkJ2EsrSbQ57EcL5PrRBVUWmMWWnCq:12000000000000000000:OKDOT:OKMYTH
1WbL2jdjY9Lg8zB6RB7Gd7T9XKwWhXLf565yeZM2kDsvGHA:12000000000000000000:OKDOT:OKMYTH
122Z3YLpXBgwJp2NPCFLo1nXQh42XFwqWCmXoKgVf7UVrego:12000000000000000000:OKDOT:OKMYTH
12QCA5ePmuaAscdV3qt1evvP2JLNYnghfqkRjpkyB45ZouWL:12000000000000000000:OKDOT:OKMYTH
15ZsAr1hyrnhXR9FQVtm3kCQSRN4RFGkwbYF8XZQKuhcxgWe:12000000000000000000:OKDOT:OKMYTH
139UapLGHBgPyhojUDTBuxWuMuykKP41G7myNbq78ZjEq83H:12000000000000000000:OKDOT:OKMYTH
13zY62oqyy6VrwadYTw8htqRr6cReS3BinXtfRPUP1kowMMW:12000000000000000000:OKDOT:OKMYTH
14y8WqdhGrJagR4xi7MKTTiMeiQXMoKxMzFDstbNQPNyTeco:12000000000000000000:OKDOT:OKMYTH
12ogBduAU1dLAgqQWu5y4gSA8LXjdqavKr1bc4LvUeHhvxMu:12000000000000000000:OKDOT:OKMYTH
15kDyxRx766f9KxG1NB7gSgSFtHfT6Br8wRCfEcjh24HHw5c:12000000000000000000:OKDOT:OKMYTH
16Yr9zAvdb7fHSAEKLAf6wF7LwfQrFqAvaSRdZCJ96yiVTjx:12000000000000000000:OKDOT:OKMYTH
14UNkRYWTRfSnT6WVMhHcoDHJnHM9pFgGg647L86H5zLTUTi:12000000000000000000:OKDOT:OKMYTH
16PccdcmXeu5HPTLVSHdEDsKVYA4CMk9wsuLsRjY6Kdk6jHM:12000000000000000000:OKDOT:OKMYTH
16Ai99TQ54XpQWnScruGFpUAD9rbxgNoLxMBM1cPREuGAoBE:12000000000000000000:OKDOT:OKMYTH
14kfEReX713y9Uhu3Vq75qsGyHL7jC2LTJ2P51mC1zX1JvwM:12000000000000000000:OKDOT:OKMYTH
15SzogSVFxvZE6ba1uG2wU7CzVUVq2uwF1t6Lj29618xA5sA:12000000000000000000:OKDOT:OKMYTH
157tZZqCtrojGVUFueWbPZFdBPEQABhwgHoV8azkBScPXobK:12000000000000000000:OKDOT:OKMYTH
12H8cnq3PwK1zmEQVkgD1KS9WykBn9zxMUqBBKSaZdR9yE6Y:12000000000000000000:OKDOT:OKMYTH
1TJxvQfZtNVCTpuquJoxUjK88ZYA8Xr33FsfhMGgkY4Yyee:12000000000000000000:OKDOT:OKMYTH
15dckVi3vzpuKw8oZdjVr7F6pUcjGng1xLQSnAHnGA1reeFp:12000000000000000000:OKDOT:OKMYTH
129EeDcrQTt4cMhsmjynfu6wPxhb165dqjpwhDGcxv5WytR3:12000000000000000000:OKDOT:OKMYTH
1HwmQ5oK4Ar3CocB45jPr53G2xWdUkfQehnHGd7P8Ump2Fz:12000000000000000000:OKDOT:OKMYTH
16kstHLDcs9MDnN6u1nt56T26oTbAQdVSTuRs1HVeMrE2S7u:12000000000000000000:OKDOT:OKMYTH
14JcxspFTUgsy5EPJysoywhtxGKiWF3RDD9Y1aKmJ96Wcdfp:12000000000000000000:OKDOT:OKMYTH
13Kb6joWgyACE7jUKA24uVoXVkkAbjyHyfsVqD1QYc6YMWTD:12000000000000000000:OKDOT:OKMYTH
1pcxh2WHGAfoVUfNBN3cEChTFdzmAv2zcKNTz9zU6g2pSpy:12000000000000000000:OKDOT:OKMYTH
14ydEooLerduUfSNbbWuedNFjNYZLqprSZ29TW6bkUaBBeXq:12000000000000000000:OKDOT:OKMYTH
136nYH7YrRpJ17TmNfmdEjHFFKeZEQzWmTwSCnC8dJqnZ2ZN:12000000000000000000:OKDOT:OKMYTH
12rx2pUjziJUmnx286oJPEdupHdsLUfDyyWadHdwAVDXqaUS:12000000000000000000:OKDOT:OKMYTH
15SRnJEJFPNpvju2ZGLusKM2t62XEgSqbhAfJpZ2HQhXF51t:12000000000000000000:OKDOT:OKMYTH
13XM6UaHcLMi6jNJAvWqToRFwGpQAy6r1anAHWpjfpKPvyfe:12000000000000000000:OKDOT:OKMYTH
16223sCK5LwPrcGBjRVw84CLN42WTfYHzAPfnuX47MW4jRjH:12000000000000000000:OKDOT:OKMYTH
1ps7fQ2hKWXn7yuVWCFYdKpvM79sZvgbK3XBam9oGRWf739:12000000000000000000:OKDOT:OKMYTH
13oDuG3YJvvwVJXk7yiBT7TtF5uRvFFAr7FF9kucURkM4v8a:12000000000000000000:OKDOT:OKMYTH
16jDi9kSTNDmu5kj7hbCe9sY8EGKg9MjGZtXk8qnpCLnEne5:12000000000000000000:OKDOT:OKMYTH
1TgxTRHhVGnoJ6W2JdQMuL2jm6vYZJtjyAjf6u7CiA5x7hw:12000000000000000000:OKDOT:OKMYTH
136FimdNsCroFiC4nntSvJBekhXnYNWx11Q8jxy8kuYwsZab:12000000000000000000:OKDOT:OKMYTH
14hirA4fRsxJqAA63Pw3f5Rhcp9Aw9AE57DCB2AcbnYU1h2L:12000000000000000000:OKDOT:OKMYTH
19RF4Q4bYxUfkEpumVEdJAZCJvqxx674sMadFdUq7ERnotC:12000000000000000000:OKDOT:OKMYTH
15uQGBMtGibcK4zs1kJEfytRmPm48qk1VpEXj6nMeUv7kcZY:12000000000000000000:OKDOT:OKMYTH
1YcjNq3gcYnDgyjLt8J3viNQ2ExrQUMEqeoM4imxwDQLrGQ:12000000000000000000:OKDOT:OKMYTH
15dLFGdTKPzWzw6opV6htNC4QmXmAh6mj4HSHksUYpknGGKS:12000000000000000000:OKDOT:OKMYTH
14oBshkoxLtQ7vSgK3w9HanLcw9bFTQigiMEgvw4uaX83kMV:12000000000000000000:OKDOT:OKMYTH
14ASANKZ99JN65FCh9kA68gvWmdVnwd471wRgEtoRLsyQzHv:12000000000000000000:OKDOT:OKMYTH
13RhQEC1naKPbiaEvwehZTVhKymtuaNeHjxMF4eApNmQ8pwi:12000000000000000000:OKDOT:OKMYTH
15cf7XbZKpAXgM4DpMTH9xm8LijAwzVFoY4eG8yrshGduSZH:12000000000000000000:OKDOT:OKMYTH
14gKE3AcDT3vRRQSmhrQJZ6PXyACKxAFXwAJtJYBVCC5T4Ye:12000000000000000000:OKDOT:OKMYTH
15bxqBiVk3unyxCZLLNzP31jTsWRqXMTtRoovebfDEyxRvAm:12000000000000000000:OKDOT:OKMYTH
1HsUwPqyDCiGMTgu6yJNhPnmEyvkx57HwyaJ1PyQUoY1znM:12000000000000000000:OKDOT:OKMYTH
15FPyZHCrAZk2cvtNcaPZCZgRuCmfwmZczj2fvuhAwKwjRpU:12000000000000000000:OKDOT:OKMYTH
12xs9wS8XB1WgCGfjnj9VhRQCes85kbyMHapYmLnpcVoXer7:12000000000000000000:OKDOT:OKMYTH
15KG4JDhB4VqwDNmrcaasjZCRd5BDtHNSUwvSeDwsL7z7nZz:12000000000000000000:OKDOT:OKMYTH
15Dbm3XYW2Yv1Q3UWNq1G44WC3Z8remnkiA97kYHC3NPgH8R:12000000000000000000:OKDOT:OKMYTH
16ZkWNaniCn1QXVN2rg9CEeJnymxrW7T6dveQKLrWoY65qTd:12000000000000000000:OKDOT:OKMYTH
1UaE4FS6rEi2ZeY7hCFZirkFFouHpAC9eoRcriEpAiaFSaP:12000000000000000000:OKDOT:OKMYTH
12U2yPD59KuxkL3RvUsvrEEqw8RyU3DsmSsu9W11QKo4Rn6H:12000000000000000000:OKDOT:OKMYTH
15KRJg5xGWGRWJETkFRq3y9nrdrJuiGH73gPL57QLxq2M856:12000000000000000000:OKDOT:OKMYTH
13pqCdzVihqzYmRAjEhGhm48kTN6YdFMGFPTzVx4ZxKCxxf3:12000000000000000000:OKDOT:OKMYTH
128em2ADpjvDwnLRF34dSfxVPtPSqvLsiwWx8stabCNqjT8x:12000000000000000000:OKDOT:OKMYTH
12qeAhvNSvLpcXiBiCahbTKngF33hb4FLG32qKhqAmBEG1pD:12000000000000000000:OKDOT:OKMYTH
16A4jvYUf1xzbG8UQ1rZLSj7emqBZWkSPWUDLBRakDGByzao:12000000000000000000:OKDOT:OKMYTH
15KXkfTEeWDUFZZBnRgZA7Ejxs6gR4aKVpuFwWDRpr4RFpdE:12000000000000000000:OKDOT:OKMYTH
13rod853JPB7y8TkoM7UvcAitY9ecHwfsVCPKNNnba3Cmf6c:12000000000000000000:OKDOT:OKMYTH
1Fvfe6MpV9J5SchoGSMivKbgwGfRAUxXzFa53UcjU8WbHbX:12000000000000000000:OKDOT:OKMYTH
163z7u7ty8KKPAbjVbj7cGWfq3pu3HeTp4ckdt29qRYQNeNf:12000000000000000000:OKDOT:OKMYTH
12HGRbU67JHJcTHVAWT37aw8qEaZuKfzHspysjgxqAxT2Bs9:12000000000000000000:OKDOT:OKMYTH
13BqtTw3q5njmRAvRHM9jidHpsaFap9v4VjAsku57RFPs129:12000000000000000000:OKDOT:OKMYTH
16GqYRmKm44FwnYuUpVCSb3XmjkSohaNgod5WDFooXYZSZp3:12000000000000000000:OKDOT:OKMYTH
16RwddwLsCmujXZetW8Fey6HPUFjqg567QBRKGJMoUiQ7Gmj:12000000000000000000:OKDOT:OKMYTH
1541zwc6CXug5Bug5td9TnCDhzqJHgxQwvt1VKkStrPTASfe:12000000000000000000:OKDOT:OKMYTH
16ixRD5fkVpy1bdawYbdV7QrDFxnxNctrmrXKcQj8FQDzBzN:12000000000000000000:OKDOT:OKMYTH
16JP9NCm8nh7vFryDScnqyVLRE4kLg8KAM8uWqe4Y4vk5712:12000000000000000000:OKDOT:OKMYTH
16Nv3xJfQprqoAJMbw1NXeuk5bkQ7F4eeNXvLQ1PuzeaVKeq:12000000000000000000:OKDOT:OKMYTH
15YDngf1NVM1ehdyazHziMcLnSjU22YEdK6y2K4w8vvrNeBq:12000000000000000000:OKDOT:OKMYTH
13ojX66mJmD2VNKYnXzCTocsRJ7e8unbVfu3wNUhN4q4GC9M:12000000000000000000:OKDOT:OKMYTH
13F3pPHcJ8QaVCvsd6TAhKthkTr1ypKZ5EA8naXzU2ZdsXeD:12000000000000000000:OKDOT:OKMYTH
15E8MDXa54iZsoMBoufMU1AB3PseMUybTFnw3SqzQmAibE5D:12000000000000000000:OKDOT:OKMYTH
1bkY5HRVU59sRsNvuJvyc3zCyVKRraZedpCBAJ3d2yQZXnF:12000000000000000000:OKDOT:OKMYTH
13S2u9C9W59xAL1TQECyngtCMMpqJ2Qy74Q3tqZorGaQdxdP:12000000000000000000:OKDOT:OKMYTH
15ETvgNMuhBq3NkJ8Qb3pFkeo4A22w74KNZL8AEvFh5AmhFo:12000000000000000000:OKDOT:OKMYTH
16QVpsYp9C27oz31HoLeTuVBaErJgVoWnKMyj6SmhPPB6p89:12000000000000000000:OKDOT:OKMYTH
14wgEiCsQ5YjhMwrRBnssZVzvaLwLdncTjSaH738xv5bt41T:12000000000000000000:OKDOT:OKMYTH
12PjW97TYL1DHFo8ReSMhGaHFr8AhuMSbnDrBXPCjhNPPqij:12000000000000000000:OKDOT:OKMYTH
1amNDv2uKaUe3Z4HW5LsQF6at79D1ihtNnr5ECscKHvwFCS:12000000000000000000:OKDOT:OKMYTH
1EFN1cNAJc4GvsWxen4TvWrNmP1Fb6armVpufMaWTvtPRLe:12000000000000000000:OKDOT:OKMYTH
16QmuKehVteuwENrUPrUiJ3uFUgCVDUkhWJGdcx3axC4WZyf:12000000000000000000:OKDOT:OKMYTH
16h2JVw8wre8zVTY4pU45M1H7UYamh3h5xRUvZ4nwQ6toKTd:12000000000000000000:OKDOT:OKMYTH
12bfLAZfHqnseMipS3WFc95bENmfrKXTNqcYiofj47TiFv73:12000000000000000000:OKDOT:OKMYTH
1jtFjZFWEz7PJaJun6fUDMUZXf73Gt6Khq3KcEBJtBZX6ag:12000000000000000000:OKDOT:OKMYTH
12S5S3k5oFodPsYM8Up2HXPutwaixnDKd8cazeL61kzBWav9:12000000000000000000:OKDOT:OKMYTH
13L7eNfyNqkoGSj9XaW5qRRguBttRMorhwnZ5fbXqExMCRUF:12000000000000000000:OKDOT:OKMYTH
15Z55FN2rtciXMoxJkFfoVjo1FZYo63j7HdR9whjLKLMT6Hu:12000000000000000000:OKDOT:OKMYTH
14mNCjm8byejRo4wEAcFphykcDynXv75Y2DsBtL4ePfQwYcH:12000000000000000000:OKDOT:OKMYTH
14KFS2ZXF62ei54j6YAUgs8J4H8saqpfGzJMsWCT2wurRsrJ:12000000000000000000:OKDOT:OKMYTH
13TjVTEQxwbNAYq8wDhwU7qEPDLyW1Do2UCNBu4Jr3TdndoM:12000000000000000000:OKDOT:OKMYTH
16F8FD4rJfRgoGcMEdXFvtRRqz63VSLRt4E3aNYrrvcE2CH7:12000000000000000000:OKDOT:OKMYTH
14omz44gvxvCqgUEiNY8LBxKEdWJmFG7Qxc7vzLJBjrdE5X6:12000000000000000000:OKDOT:OKMYTH
1iaibTi4cDLpHL5Mp9DYWkmdKLPq8DYc6ESexwzjtwpb1np:12000000000000000000:OKDOT:OKMYTH
146ESmmkXr4t3NuoosgrNwPFbdw7nsDesuMc6bt81RyPkDPZ:12000000000000000000:OKDOT:OKMYTH
15dE9vURHq3SrfKjYtE25aFW3Jo8XBaTMfKR62AEPjRTYRcP:12000000000000000000:OKDOT:OKMYTH
12bT6Da8vmHG8EnWckJmaVBprda1Qi5Znpun6yicaCjJy5m8:12000000000000000000:OKDOT:OKMYTH
15w2FdF6aJ1Q1PiNXcj5Rj1JYGdQ9c3rNdcsXkds4ZbfQpCB:12000000000000000000:OKDOT:OKMYTH
1eXD3kJbedakxmZBMwcj1gvES1d4ufqPgdTizuMKJWwWW2e:12000000000000000000:OKDOT:OKMYTH
13rs8gnGhaS5evXZkTD4nVi3Jw4X3iMtocW8AoxaBNbLa39B:12000000000000000000:OKDOT:OKMYTH
15N9h86BFGV4wvptauz6DJhJoubWJkhwhr1ahWby67MohDCi:12000000000000000000:OKDOT:OKMYTH
13pAn8hW14gEqjDpHpxZKrf6wAgKvCds2XcqZivx1YNJKcB1:12000000000000000000:OKDOT:OKMYTH
14GfZHZuhCvM8DrMQcrEeq5GcEy6TEkcytwcceX4kxDCb1wr:12000000000000000000:OKDOT:OKMYTH
14HWHZZN3q86ZrH4p2yJ5uae9Xaf7pFCaa3yuzXySAmAzA1e:12000000000000000000:OKDOT:OKMYTH
1qRTefGh2oZEiCijNM45aowNHYAZHDCxUEapEVkSagpZqtZ:12000000000000000000:OKDOT:OKMYTH
15676kUAFxmuGgzZXBwA218F8rmr1EmKYbow3aoEC8KJjb7Q:12000000000000000000:OKDOT:OKMYTH
148biE45LYvbxmL9ngT52CKK2T2K5SSg2AZTivr3VhYaHtWo:12000000000000000000:OKDOT:OKMYTH
14CeRdrdHgKin1ja5tHpCppzPy5DmNKKRHiLwZxQujxctQuF:12000000000000000000:OKDOT:OKMYTH
15dTgBiVvEYGF3XkbRckBpVsKb5mcrKWwUgFir2fE9Fva4uZ:12000000000000000000:OKDOT:OKMYTH
12ZJ1JNdvXE3J9nBqa2snoGRAbrmf3LXzHckEjXijiuf7S9U:12000000000000000000:OKDOT:OKMYTH
16apqqHeCPQKg8dUesCmoSzcp2HQRprXoszZ6pce6i5GQvTX:12000000000000000000:OKDOT:OKMYTH
132Ac4M3go4brsWwfCAzgsMY5duyB6VManzddtidRV8NaqBM:12000000000000000000:OKDOT:OKMYTH
13kcJj31t8gaYqXtw6cj2d5FVy3Zmf6pvBhGEK5noC9rvuts:12000000000000000000:OKDOT:OKMYTH
13pHEFaTf9CSNvTba7ppp14daG8Xoep17xKg2EBj1zTq6Fff:12000000000000000000:OKDOT:OKMYTH
134GwsR34uWTXDbWrZqXSbu6aCkxBxED3Pi331wZv3QJ6KZ6:12000000000000000000:OKDOT:OKMYTH
13BcYAvm9mzEyfRLdGum2a5guXXCi8J1xam1pSZTfT2ZTja7:12000000000000000000:OKDOT:OKMYTH
12sPqvEdqxE7bBmgryCuWsP5MvcosQMtQoAmrJSCjw626i3p:12000000000000000000:OKDOT:OKMYTH
1ad2TqpSjAm5fYMs8QsetEe2HcRPByb5GKb5AVHuFMmZQwa:12000000000000000000:OKDOT:OKMYTH
12aGfwDezqwt7nJtvEDtMAtU5rHhnVD9PGbLFv7B3WSZJGYj:12000000000000000000:OKDOT:OKMYTH
16a5r4QqrbAnLeikJnrRxhTF2WVLvr99SVAyJ4TKi98KFxgz:12000000000000000000:OKDOT:OKMYTH
16LhTnR2HVFwgHZMNudpoB69go8k4K9ZWRR8aBJvJebYdPrv:12000000000000000000:OKDOT:OKMYTH
13HR4SByGyu8jCeHoekz6sXwoUQ7YPrFsX5oiaHF3AU44KsM:12000000000000000000:OKDOT:OKMYTH
14qyBzTB8AcD3uR4tKpUcfxuBdvKMXc224jwq4sqXZexg7YU:12000000000000000000:OKDOT:OKMYTH
14easJ5u3DUKkmPJVRiTo1AMr2QznETfHuZhxq8AWDoSxkph:12000000000000000000:OKDOT:OKMYTH
127BdwiE9mYaUFLd4vU5zAZeRowLRyqAZ5Y9pLCGRYLwC7tZ:12000000000000000000:OKDOT:OKMYTH
15XQFCzaRrhqQAx7Pn7ZcEPZ51wph9WRhu7RasGMNesCChz3:12000000000000000000:OKDOT:OKMYTH
15dkjXz3Eb9DTtFmT2JurxtvejJV6T1ZyRxwJreBngTUiC5S:12000000000000000000:OKDOT:OKMYTH
1wTcytp3HHtvvU5fddZNRvnCGFwX9FFFdrjYVrNFkdcM1ZJ:12000000000000000000:OKDOT:OKMYTH
12Y4SXD5jxBmdwNVhkq67qgSBBSkzSPa3vAWkcCcdiG5Y2v7:12000000000000000000:OKDOT:OKMYTH
13yyYehDo7T6aNYPh36zC14MKsFWjRdsEDPxLPCb3BhsjVY:12000000000000000000:OKDOT:OKMYTH
1BSW6WaAaq4HQzgj9yTbM6GaGGqDN2VZP65m3644fFabgpG:12000000000000000000:OKDOT:OKMYTH
166APvMLvATWNmLamqF6MNHt1nEbtbWF9QQzpfvL36TtZki2:12000000000000000000:OKDOT:OKMYTH
15jZZCQV94J8fZa78SQ8XLYzLVR6MAy4ca7kk4V4hpv95hLY:12000000000000000000:OKDOT:OKMYTH
15qewcU6JRcMbkNgL8sntYSRBcwZX2xvf4edX4B2aLEkwx8k:12000000000000000000:OKDOT:OKMYTH
12daAfwTEDSA4k6r1mkbQkesjTAMDMs3njWEk8QxbWewdVUs:12000000000000000000:OKDOT:OKMYTH
12rZ7uLWLsz4WfVsNvpTwj5rwjY2LKKHFd5DAQ3GbRBuPvQF:12000000000000000000:OKDOT:OKMYTH
14YJsWgoV9TFzPxps12UuwH83gbXjVsUWKxaB2VYSNLENCVg:12000000000000000000:OKDOT:OKMYTH
13RCa5hcQ5apzEd1xKHkPQd1wKC2addn7CbB5EdM6LmPZj7g:12000000000000000000:OKDOT:OKMYTH
1YkEuRUtuepp9teftLHbAJZMgt1FhmiFb7AquHDm75BPfYw:12000000000000000000:OKDOT:OKMYTH
14EsnzMv4jznZQcvXGPTTq8wc76vohH7BKTG76HoywaxS2Qf:12000000000000000000:OKDOT:OKMYTH
16CpWRccx29wkPNveybKc5Ly4izJbmZf51mWZYNX7jUWALj:12000000000000000000:OKDOT:OKMYTH
13zrhfjxM1MCB3FmwV5wzBRHNCNmN5B1yV4YP52fwc15GkF4:12000000000000000000:OKDOT:OKMYTH
16BAvEnrZzo1KXxo7XU4535EuNYNNPxZbMazBwjL7xdAHhAA:12000000000000000000:OKDOT:OKMYTH
16FQ6cyZ52FRx2cweBp8N9V8r5ZsLRhXjMkgrF5dZdYD8tYo:12000000000000000000:OKDOT:OKMYTH
12z7jxbs6F8JtfmvtcJzb6d5yApWkUdU3j5ieXfqKvhx2Wwi:12000000000000000000:OKDOT:OKMYTH
13QwoSsPbh8jnsf4xev16bSDm9fjAkYqFecyc6KVyoF1tPVz:12000000000000000000:OKDOT:OKMYTH
1aupXxsTJod1rtdkfCryzc39gDNj43a2VQtajzLHA3MbgTu:12000000000000000000:OKDOT:OKMYTH
13gViaPeqr4VkiPJEXEUGwKumWYqh8it2P8YFB937TdbDANv:12000000000000000000:OKDOT:OKMYTH
144o4qDN6imzmDC4jN1yVe1b2Z2RreYkTL8ugYgGtJCZo7Hs:12000000000000000000:OKDOT:OKMYTH
14fFWZZ6vuJrv5EjTARafWwe2rtxGBcgH2MbkH4QYW5vSrKK:12000000000000000000:OKDOT:OKMYTH
14t8ejGCTR7SRR3c4e5Ct1D1KgLkLhTLakQbPGxwNhJ3oeQo:12000000000000000000:OKDOT:OKMYTH
16PoAn8FbpEnCGCuecChJ3MueM5Aad7Ka5CQBchxa7EBvNJT:12000000000000000000:OKDOT:OKMYTH
15MJZ7vGJTUrE4n5Bc8c6exQ3JWBMnHR5r6Qfqs7P4BXACeQ:12000000000000000000:OKDOT:OKMYTH
16Ecsr8wPHgoJA3X9XEpPkoCprSsuAz19RVbE3Xhnfd5LWmo:12000000000000000000:OKDOT:OKMYTH
158kpXf7KnjMxozHTwLJJCR5JehSjMRmqc6JH6DNX3PdG3Tv:12000000000000000000:OKDOT:OKMYTH
13SAHeyXuJxhDAwDQxPdu1ZN2N7uHRWKf5be4nFfeeALzsYN:12000000000000000000:OKDOT:OKMYTH
162QwDGzfzXosAagjXdjfSXJTFqTwNfo44xdPJcMQshkF4fD:12000000000000000000:OKDOT:OKMYTH
14oSbMEV5rh1NCkvUrQViMxskiULMKtWAxPFxSBuDokNE4Eq:12000000000000000000:OKDOT:OKMYTH
13TwJereusyUZUgzYcvbCfBnffvmeQgHB4eyoDwD1Wp48SNV:12000000000000000000:OKDOT:OKMYTH
12ZcAYREwGsha4yJrsMsLiMgp2AELjj8Jr3pVr893QYwRDhj:12000000000000000000:OKDOT:OKMYTH
154WkmrxPctpPDfSnDYrKdSaiyV2Tmn9TLYAdRpqmD5FxG5D:12000000000000000000:OKDOT:OKMYTH
1DVgfX6jDUbwrs2RSX4k4X8tZF4XvDHBP9Cnp6PNtsEkTZL:12000000000000000000:OKDOT:OKMYTH
15BU1UBYghRc2LEktfizrS5wfBQpYGxRM6H8ZKqnu9FzcTiB:12000000000000000000:OKDOT:OKMYTH
15BhMmHBctFkkzVUB3pcji3ikRLbEovJ5fuC2bnhCh7jC8jj:12000000000000000000:OKDOT:OKMYTH
136exSSXRHinfgDzP7sdi5RnaQ5UqbZc1aTtEMzypw32fxbF:12000000000000000000:OKDOT:OKMYTH
18G23frPBYf3s3Q84FbMEmtJBU8krxHrcF29VHSKW7uXMZY:12000000000000000000:OKDOT:OKMYTH
13mrLiiMPQcWcugeAHpT5jo3cqGTjq8rurmQTHxcsWu69fko:12000000000000000000:OKDOT:OKMYTH
13Eo8Ya5BqHa7AZozSFeXziG8G4VTPj2DQAnzJSwgXDhQQRe:12000000000000000000:OKDOT:OKMYTH
15cbBoSczoKGrtzcByhZwyxNBSsoBcYLccNY2qiNojHHVrAD:12000000000000000000:OKDOT:OKMYTH
1F73gEBaxJNUi7vQ9DQLf1gZWtc2pzxtSz33zF4Ad9StGUs:12000000000000000000:OKDOT:OKMYTH
1DA1Te4y9EcUT1Mj52tFJrfH3yPi68BVgWzfi7jNHGBV3Wd:12000000000000000000:OKDOT:OKMYTH
16aVKN8aTrxJ1GmMqtPE7WgAXW89yKHfUhG9jzHZ5Qjd8JNK:12000000000000000000:OKDOT:OKMYTH
13KnRjfWJobg9B8MVHPVXXtL32MB3Qe6rCcssvG4ayGTPzut:12000000000000000000:OKDOT:OKMYTH
14HqzD3iSbuNL27vKd3sLSq4Tij34dj6B1bRQQMtFvEYSepf:12000000000000000000:OKDOT:OKMYTH
12DJCX2PenerUHhLkWThBwtAMWUZWjcwtdvmMwYKveMpELg1:12000000000000000000:OKDOT:OKMYTH
1Z2twueNTUKmPePGGuoKPoBsrzaEpN4CV8axYgaerhFayuh:12000000000000000000:OKDOT:OKMYTH
15LMrDaht9ZjUNQH4JMXBGJa85faqLKXHyJYwUUQKpuMUWAP:12000000000000000000:OKDOT:OKMYTH
12FnHJie9THJ16LKruVAqFXmvrjMuvnxF9wa8gJvCV1Thjnk:12000000000000000000:OKDOT:OKMYTH
1fTJKRTGyvij8xeBfaZGSQiu9K7EwCKNQcWekYZdHiMPb3C:12000000000000000000:OKDOT:OKMYTH
14mVuHVjTtt9VxUoXUdezpkMt113GYQcmThb6yKetJz8BonA:12000000000000000000:OKDOT:OKMYTH
148yU26vmbbpZiHyEvDEPHMmhXzoh9HiBU9u8c7kRPhwhiVY:12000000000000000000:OKDOT:OKMYTH
1wWpZ3RZncyEBY6j9LaThUbGUvWaXuVwbQj48DChft3J515:12000000000000000000:OKDOT:OKMYTH
1KQnMyWffZvCkvdonVjUynKwix13BiAj8Sys7jUwH6ZZZ6n:12000000000000000000:OKDOT:OKMYTH
13hdUgMnn4Sz1wNxEdC6hQLTa29mf1k3ZieL4pwph9zRiqjL:12000000000000000000:OKDOT:OKMYTH
1677aSXFSWs565QPQE4osV969CJvYvdVbkkprboiDWXTRSPZ:12000000000000000000:OKDOT:OKMYTH
1HL2qsbigV3Ai5zHhhnUDEu1yUGDnX7YAavhe8PVyTZ5jaY:12000000000000000000:OKDOT:OKMYTH
12eBScoRLBtpL1C5z66B1qmTeB3XuCPvdvt86yq8AQvH1eS3:12000000000000000000:OKDOT:OKMYTH
12C51MoWM4WVX5P3nEBZUPXzMFjXn7rrgqB9AQsGmP3nGQKt:12000000000000000000:OKDOT:OKMYTH
14dWr46vscGqJvy7HoSHPQobCsbaEnugtMUtRbEBxjH3moin:12000000000000000000:OKDOT:OKMYTH
15YGMYv4vjvtFMNrWMRWJBVVXtACXYDtqijGBVnLqoAvaTEJ:12000000000000000000:OKDOT:OKMYTH
13Jpx2k5m4HF6RomoKgLtYbUM2MnVdLn1cYMXUd6jAWKmTBv:12000000000000000000:OKDOT:OKMYTH
12iCdtsMCnxzvHmRvxyYrWzFHTa9wCVsaj3yJReGSLGN3Dr2:12000000000000000000:OKDOT:OKMYTH
1P6yTHMjkRyKZw48fRHSBtMiKdEonoWG1VkgSc8GqfQwCbi:12000000000000000000:OKDOT:OKMYTH
13sjniG3JJpaiYvjL7Qo3YbwsXdzrtzDDZV1J9UidgE1i9Zt:12000000000000000000:OKDOT:OKMYTH
157rPAk1uDhHDBUwoLeeZ3YJuZMPx57WvDz3RF6YHkaSTRhY:12000000000000000000:OKDOT:OKMYTH
15x25CGwZu1RAyFFYKaUdjfXbFz99qfkPhiPAMjGnTVdYcWi:12000000000000000000:OKDOT:OKMYTH
16D5c5GWJSMrwRJh28ikdohvsY1zVRuVsdqLxpy4swTqyJnJ:12000000000000000000:OKDOT:OKMYTH
15o65DwBv5JySggxvuPLiUKsgBGgx1Yu4rA2wLCZLGE4k6z1:12000000000000000000:OKDOT:OKMYTH
1vT4gDyeGnfBaCm3NHVY1xoyPBq1apRAJTvQfBtdNZGj2Zz:12000000000000000000:OKDOT:OKMYTH
13GZu737cG1bVtMkH6XjEMT7py8UqXnos7UpgTAgJoFoCLqv:12000000000000000000:OKDOT:OKMYTH
13HwxFTR1JjRSjf69Ds9hJdZbkPMY1rgWc7NAaGDBJYTABab:12000000000000000000:OKDOT:OKMYTH
15AGE8fCrfi8YvBgkwHyAS877fPjJWyasbypujA9nAYRhmfe:12000000000000000000:OKDOT:OKMYTH
14j9JYy2iC7UeJRt1BfCcj9dwa3siP2U1Z3UaUHodHRYSiKi:12000000000000000000:OKDOT:OKMYTH
16iPF3CQyRpa2DPSM9nyegn9Dr5KbEjFvke7WKMFf1mTamMp:12000000000000000000:OKDOT:OKMYTH
13Ca2J43ExAEywLHUg2a7ysXZ3aCzpEfdhqPFL2AbYRDSer9:12000000000000000000:OKDOT:OKMYTH
12jx1HUxfytfmA1ubE9Tc7w9YM6HZ9YZ19QUTmcYsHRsxdQ9:12000000000000000000:OKDOT:OKMYTH
12Je4xDBNzrf5DmQQg5jrWRtUNj1jwVfVKwGnDQuHi14zT3L:12000000000000000000:OKDOT:OKMYTH
1C2rjxA7EeNqQk2a1xnU5pjUEz8Q38rh44UKtRNJWKGrUKe:12000000000000000000:OKDOT:OKMYTH
16G7rt5qTGUQWJ7TGCUCtmdX47ptzQL6saaDxhqpstELrHy3:12000000000000000000:OKDOT:OKMYTH
1bes8LbzfkCGev3X8jkeHawe5x5Cs44RTawyhc6BnnJ7bc3:12000000000000000000:OKDOT:OKMYTH
1UJ7P6BDZDtQLWuvABnFpLPx3HRzLmwNTW2pYyFoARa2WbG:12000000000000000000:OKDOT:OKMYTH
13FQ7BH9SvAePya949Gbc1EsDE3g6gnVtEayz3EwfDopdS6V:12000000000000000000:OKDOT:OKMYTH
16fYoo992qm6ZekjaCiSKP5toL27P75brizyzo7fRcosgbjd:12000000000000000000:OKDOT:OKMYTH
12Zk6Ne8FZUW5egXLoWCrTWMoE4u4tMxJqRVrYnbKpZdPbZq:12000000000000000000:OKDOT:OKMYTH
14XvwrKtA1yjm2g9TRUxTym2gVoudDnh55Jd6ixze5GEHUCF:12000000000000000000:OKDOT:OKMYTH
15EivQsHGVYvfSoycYPuvVQzesF4GxXc6S9GZJh85VeBiexV:12000000000000000000:OKDOT:OKMYTH
15zVA8HwoDfqF4XtasQBkX7FR2Z75jTboouS7YTGbvcd2Mxz:12000000000000000000:OKDOT:OKMYTH
12GTJ2Ju8Fh7gLppL3wWduQaHKiQJWtqS6m7S4MUenDPNJkq:12000000000000000000:OKDOT:OKMYTH
13KJ1eigvd3gUPciiajaipxouLVD8tMJfdASBp2A5ZdcuufM:12000000000000000000:OKDOT:OKMYTH
15jxhs6hR4BjtNzScfMAvKqcz7t7m8My1UNpZGvr6HwHfTog:12000000000000000000:OKDOT:OKMYTH
13DcywvFKoRzyDRcLeSSxp7j2DGmZn5Ay7xeKShHkA1XLVjG:12000000000000000000:OKDOT:OKMYTH
14HphVGJXMQH7FXao3vAv8miLPpnVhXauBS11PNA6ZNYeFji:12000000000000000000:OKDOT:OKMYTH
13dCwfQM5zj5cZeAzYcmkYxYdYKfw1AujDyyL4eJ9rp7SMCi:12000000000000000000:OKDOT:OKMYTH
15rXry9gMTzJkBJNcw9Hwbom79bApaUJaAZunRzUn2KZviHi:12000000000000000000:OKDOT:OKMYTH
16DsubLbPLZ5RHjqooG4JVz9B1SnyWCReBrycAxqGayxyeNM:12000000000000000000:OKDOT:OKMYTH
14E5YdH3BEZkMdMbTuHtQ1Q3CBNvUou2DCFCUYPVKvgz5H4K:12000000000000000000:OKDOT:OKMYTH
12Zq7SDkAFVUnnwtcN1axTUo9CuUwotm35zAit4FgewuaTfU:12000000000000000000:OKDOT:OKMYTH
12UYzKM2zftBEWPbShBPmJxcNFaCv1ge2zJrQfnzrjdNGVhG:12000000000000000000:OKDOT:OKMYTH
12p1KAE6ecMUURtbmCDwCz54bVWPvNg3sYiasdrw5QE7Hx7Q:12000000000000000000:OKDOT:OKMYTH
15Gdu2UmjxnZXZejLtdoyRqZ4XECh45Muz72noS9q4WwXLrj:12000000000000000000:OKDOT:OKMYTH
13NCLd3foNpsv1huPDzvvfyKh37NEEkGFotZnP52CTR98YFJ:236000000000000000000:OKDOT:OKMYTH
