142EkamYdniiRdyD4G1CXgjiSU1AoiFBePoGo52xVTUR7s6a:12000000000000000000:OKDOT:OKMYTH
14mCVRFiRVB5tNh2uZGZp6rnKFyxMQL8PCkMQGWdQTaK5HBF:12000000000000000000:OKDOT:OKMYTH
14wWDTDjyPLfCFW8vUAHDv38HDjQiNcv1TWGUtV8C5dd9nwG:12000000000000000000:OKDOT:OKMYTH
1vd3joM3bXGcweg9k15ort6fdm6gXeExTjDZoykskAmvsdE:12000000000000000000:OKDOT:OKMYTH
12UxMhaCfWUeWkMKYKPHzMPDiNsBL1gobevqM2GiSc8eKwMu:12000000000000000000:OKDOT:OKMYTH
16Y7BjDVoQiQVgdTaVceZT4gK114tSGGkPLbnB8LZ7hunbVB:12000000000000000000:OKDOT:OKMYTH
131HcLADMYmFsxBX7tmeU8TEZGYTZmjnJxzvtpUEdtiwepMy:12000000000000000000:OKDOT:OKMYTH
13nnRQCqgZQWva8vNkoQagTCNos5YaQfgCbefJ9ughhMRxrE:12000000000000000000:OKDOT:OKMYTH
16QEXSiGkfdm8qDgfKRXVscB6Q7ygS3jvv6wdJgoqiyonuuS:12000000000000000000:OKDOT:OKMYTH
12nDM3vbRYLThXDxq4Bm1vTD6ny8JZmumEMZEt5BaopEb2Ms:12000000000000000000:OKDOT:OKMYTH
15hDvAmT9gghGPh8gudkDawZE9JTtVaMKDp6tKQmv258yurK:12000000000000000000:OKDOT:OKMYTH
1hSGkso7t6pYZDJW5JcNrwb3vqFpQ8e3yzNrXbZCFL1XpF4:12000000000000000000:OKDOT:OKMYTH
15daAxXrtwvYrxgUb9ZfMftdKJJST1cHLcz9paKcdWxLriXf:12000000000000000000:OKDOT:OKMYTH
12u4kxu4TUAwTWaYBAggxvHUkJtgQ6hfrEkQ6Mfxx7VmdcL4:12000000000000000000:OKDOT:OKMYTH
1YxZfVfCYF1Gn5s2sjBtJS61dhhsXwY7RdmQRugKmMKZ6aL:12000000000000000000:OKDOT:OKMYTH
12Jjr1ad6uZwj9Q7Ea5E3w44bRX65oUCNby9TSic3ZBzK7hz:12000000000000000000:OKDOT:OKMYTH
13Vs5sWZ2NAbT46JBakvJwwYXwANVCA3r6jybdkEjyPE5nHG:12000000000000000000:OKDOT:OKMYTH
15v5raKGeUj5JrvfAzmFhLBg33AiPS95xgaZXE6Lc8sT5KL6:12000000000000000000:OKDOT:OKMYTH
13zaGnanRMHuN3A8dFviTuyaq6Q5iZieJ5EQDaumiqDvN35E:12000000000000000000:OKDOT:OKMYTH
134FUwXeGE5dYNpGSzUM5yiSi9sGJQ6EFFLVoPsC4yVa8ybL:12000000000000000000:OKDOT:OKMYTH
14wePGGg8vdat7JkK3pY2vaDwNDE6hLUGyS4v7dvRuGLBSkM:12000000000000000000:OKDOT:OKMYTH
15U49heq87gkELA2psmpHRVzX7mMJd1yT1sMiWhJrrR8o8st:12000000000000000000:OKDOT:OKMYTH
145WBF4o5mRn6Y2x5mZTK6wvonPWP8a7z1m5QhXJ3MPeBEyZ:12000000000000000000:OKDOT:OKMYTH
14STbqXtKw7DZN59GxBxy3efdx4Y7cCWBjJZ4BvgFgMUKrTj:12000000000000000000:OKDOT:OKMYTH
16C2fqVwZppQokmXuzsPH8pGeqbh2i1ugMkJXcKQDLd6e6hF:12000000000000000000:OKDOT:OKMYTH
132voLbtEHTTtM5NUcquAZhUs45MpULCcWk4bvJcycg4hrxL:12000000000000000000:OKDOT:OKMYTH
14yebaRHUTU5aqcnBZaRjqdUVJkwhJeR19uTSBk4WRC3rzE1:12000000000000000000:OKDOT:OKMYTH
162VNWLqnGJX6YreHMfexJPQ712kq21waPAh1BaPpV2k1N9i:12000000000000000000:OKDOT:OKMYTH
12apgMecJjkRTLAGaTLF4a5DVNsoFA6wu2RH3tTHJEC531cu:12000000000000000000:OKDOT:OKMYTH
125JSSj5bLkhgcPh7kh1UxmpJzaC2oPne5cmnjR2dEMEYKxC:12000000000000000000:OKDOT:OKMYTH
15W5SQNNHknZhhHsoRmyRhb5k5UWvnVnaur1b8f2rWQey7Uu:12000000000000000000:OKDOT:OKMYTH
15oQBtCsLMBQoAzWTgpdxwX1udGEyetEv4QUfCxNQWFVthqU:12000000000000000000:OKDOT:OKMYTH
16eWoGx3GfXEBexCyBP5uVULQSRiu2G9VeC5gUNRcPVM7uD7:12000000000000000000:OKDOT:OKMYTH
13jdvxHiSVwNWrkH7FJVNJuPgxuAhfKLQLcozir6LdnYUEbL:12000000000000000000:OKDOT:OKMYTH
13cCZqByUmCYf8tSZsN5VSRUTgm6TKfTRKXFhqs8iUgT2i6E:12000000000000000000:OKDOT:OKMYTH
16mfii4eHmWT1RhUiSTPnokY17wbgc4Xjyc2C5vfeZbq15cU:12000000000000000000:OKDOT:OKMYTH
14TN8hRayvdWFFjWJnLZ2WAjUYXXPctuheFpXw386XBtHCF6:12000000000000000000:OKDOT:OKMYTH
16dJswmNq7szdphzW3jRAwmqrS8aK4Rfd77N7onjS8CRXKyK:12000000000000000000:OKDOT:OKMYTH
1F1YyhD7Q4hhqEXWLrDQ7bwL4NcLHxBkrYU7KbfMHdNkmkr:12000000000000000000:OKDOT:OKMYTH
12brYyw9eogX6dJCYhEdoMXdzoxq7jYrkaway9dQYhbSknq8:12000000000000000000:OKDOT:OKMYTH
148KLYmyo2ULHyhawAuEnUSGLX3noiJUaGZE9TtnM3hS517f:12000000000000000000:OKDOT:OKMYTH
12Tmcae6drVfVXdPunEXTzcqk2CeU9bs6a5MQQjXKHRjQnHN:12000000000000000000:OKDOT:OKMYTH
15m1W7MG5srANsWzk7BuQRD4eCxHgZnx1yywMX9qYWcEj4BQ:12000000000000000000:OKDOT:OKMYTH
13fz4YNFdkgghmdCh3M9SLPWY1K47GY8S9juEqFoZtpZmdkD:12000000000000000000:OKDOT:OKMYTH
16JQrcLCyuLqjnkg9yCG4aWSSvEk4Zq6pinQzrQZWRcpho7R:12000000000000000000:OKDOT:OKMYTH
13Cvojk81Ei871BMiBHGh5nrfy9G5GVywBXb294PW4ossSCM:12000000000000000000:OKDOT:OKMYTH
13mdL3k9gqmpq75f2fTceSyfXRshPXjGrppoTyWqLxP21ygY:12000000000000000000:OKDOT:OKMYTH
145Wo96rdizgZbSdTFiC4HrfDdJ8817pHY65oGMC1mpgf3oM:12000000000000000000:OKDOT:OKMYTH
16Beybm7V7XngVNZWERSTfCSjCfn2UBVLnGTW53UqQWa4hU:12000000000000000000:OKDOT:OKMYTH
12Sr26JMJVWjfnhzCfqwwzQe7BQHGo1WdDxHWP9jpg39hHee:12000000000000000000:OKDOT:OKMYTH
12aW4N2bfRQsC3XmNc7vSF9yWZ6yvZf1PhS8am5HssfuHcvQ:12000000000000000000:OKDOT:OKMYTH
1hmjHJXbKdE7aEmhxPjWpd3VRPjv8EVbm1ZvqaUk1DHZRHb:12000000000000000000:OKDOT:OKMYTH
15r2XPYEKADKCckfvokDaeatZVUvZvCJRAZDug5EYEuvQdoX:12000000000000000000:OKDOT:OKMYTH
13vw7gC6P3auZL17vKHR27dc8bLkx5dhtHg2HnxGowhztifK:12000000000000000000:OKDOT:OKMYTH
14HXQW8QBJupxSP3vqUAJBgAu9tHBAzRVPZ31Wnx9KjQx5ga:12000000000000000000:OKDOT:OKMYTH
12FqwiMbintxSFxbmpJvd1SB8dYJGpfRkJbHveX9f5weLWKV:12000000000000000000:OKDOT:OKMYTH
15kJxxpqyWjL1QD4CRvauMoA2ikyG9vT97gDXs6i82ZjhP68:12000000000000000000:OKDOT:OKMYTH
136SzZqMNnzJejpgisC9uJyR9KMQroQq55LpqiKPYWBSqQvC:12000000000000000000:OKDOT:OKMYTH
15szzDFUUyyW4JUkjBQsinoH1hsk64wGujzCztR4aTTXBp3v:12000000000000000000:OKDOT:OKMYTH
15EyJKWTFrPphant3kGSzHZas3Uu9UVGHWWgnXvBo2xdrGnq:12000000000000000000:OKDOT:OKMYTH
15b3gcz2CuHFgxNhPGMipYGqXuG8SmVFY9VxCNaaxt8UuTGf:12000000000000000000:OKDOT:OKMYTH
14TBAoa7VQefe6pSP48RTnFRR8z5kNjzFAEazUpYUCpZr495:12000000000000000000:OKDOT:OKMYTH
16maMGqhzJjs1Z3kSArsMR6EAPyZPsiM8Ewi9Av6bADjhHY2:12000000000000000000:OKDOT:OKMYTH
13e5QvZjqipbqF1mETL5EdcxevE8o1Qxq8MTn7ii8gDCfcbj:12000000000000000000:OKDOT:OKMYTH
155Xrw5ZXhubW9hDzP2o5B4ARRyKWRqtXwEBBLYQENH96MHc:12000000000000000000:OKDOT:OKMYTH
1jRJxbczUyjeYqSDGc3akzhxFw5B4PRg1pDfHwZHxf7tHmZ:12000000000000000000:OKDOT:OKMYTH
15hY9egFjQXry8jGEm3BfSstPmVbjv89SeWqFTD8SewDsjyo:12000000000000000000:OKDOT:OKMYTH
13q8cmQBfCtt9QTQmw5gipziR5jiTa8zMdh9tbNEB26iJsqP:12000000000000000000:OKDOT:OKMYTH
12jXFeh41RZFEWubQyRzRDm85CpvkPQD37iF7Ukqx6QDnKvM:12000000000000000000:OKDOT:OKMYTH
15VeLJXwS95n4cSrfKL3taLwi5E1BJEtqwdUgmGduNypwrGY:12000000000000000000:OKDOT:OKMYTH
124aELMC6yiZxHMDyRjuXoFwTGSEqaqPxhYgXq8YnK4tjwck:12000000000000000000:OKDOT:OKMYTH
16iduLFB7i3RDZYmjdfyhTjeLeR9LPqhJ3Fsk5aFLa654w7y:12000000000000000000:OKDOT:OKMYTH
15DXMvrainxab3BB4rqK6YQwqTmYr7qSSs5kgwcfVdXodu11:12000000000000000000:OKDOT:OKMYTH
15PcirvgwhKfVjG4q8nwPjs5Pmkz4KyMAZXR9WqyPUqxwojH:12000000000000000000:OKDOT:OKMYTH
15xDZwdjZ3MmQnM1pUBXuGLJToxPhNfRCAC4RwaLasRxPUAa:12000000000000000000:OKDOT:OKMYTH
1bL9oUuuk6HnfVReKTbrN2WiXppywXLTPaMiMQaeqPjhw7J:12000000000000000000:OKDOT:OKMYTH
1vTJ8UZBT6UD7SfMJAWM1kfZs2HEfVwDPBvkD7tgb6jehhQ:12000000000000000000:OKDOT:OKMYTH
16gczf9orZHLZeaKuG9yJrWHByJNPSQbtDhjTsfWLJPZA9jZ:12000000000000000000:OKDOT:OKMYTH
1rwNxJ6tCKxYj5ztvyB49ov8YgSnGjAq1HZrt5M4U53Kh9w:12000000000000000000:OKDOT:OKMYTH
16ZYLLSMLWmxPm6nJEgeX17hwLkqCqXzeNyUJwHFoH4wAEqn:12000000000000000000:OKDOT:OKMYTH
16gydt1VR5Hb5ebdvHTgqK7zYPHuMwACoTNMVbPVZ3sbBGDF:12000000000000000000:OKDOT:OKMYTH
12oM97fAMzFwm3GF2XBnKuv7MUTWjttQATnpvXs8p5YXURpn:12000000000000000000:OKDOT:OKMYTH
15tjN4MKdmAgcV8y62CQEdEK5z1XPJexDdqrJXcsSjfQ6sSW:12000000000000000000:OKDOT:OKMYTH
1Zwr7JJr5vH5EZeh2b1RiLuskD9L4SMJAPAvvZxEW3eodji:12000000000000000000:OKDOT:OKMYTH
13ucbtwUhsWVSn2hL2sS2mdJ85Y7knt4qfxJGyYUDuzsFFX:12000000000000000000:OKDOT:OKMYTH
13m6WJArN4Ho2SFo9kAnFPqeAAEdqifQUaAg9tUozb7E5UCX:12000000000000000000:OKDOT:OKMYTH
12c4TMYEryk2BUY1P9jsXdiSaajWnAPHfcXEwr8txfXc48PK:12000000000000000000:OKDOT:OKMYTH
15YsJWm74LSHY2jWxjobYCNJs4KTjZFSD8sZo6GrWDBZCBFs:12000000000000000000:OKDOT:OKMYTH
15i5HhYT9uFvz25guyzfEyqUjJPjw6KSotdhxwX6y5YxA6xT:12000000000000000000:OKDOT:OKMYTH
15L9T6nCeHwWT6q3qrR8y4XQurvR7ic8FH2ZbWZmsibGcZTx:12000000000000000000:OKDOT:OKMYTH
12X9ZDRWrf31tQsGsf4Y12rZh5ZWLNaTUKuRimZuHyh6f96y:12000000000000000000:OKDOT:OKMYTH
15DLmdxUZTgimGUcySXbM9w9C8vFFGyYdQtcNfq2daD56Yep:12000000000000000000:OKDOT:OKMYTH
16jr2hKhYMWw8z5akfH3VApPo3zCqky7QtQqTGuAXAaDtMxj:12000000000000000000:OKDOT:OKMYTH
148QUsqdpdWTDj6vB8sazHbHCrqz5KbFnb1ANJsDZLxv6g6t:12000000000000000000:OKDOT:OKMYTH
16m1ezN74VYmRvkdGiGGguzxE4hw9Fo7NskPYQC9FMdCsY4r:12000000000000000000:OKDOT:OKMYTH
1GMqM4aQm4yqzb3cqJJVFbu7voTQKpisFCE8DavJtn6ENk3:12000000000000000000:OKDOT:OKMYTH
14xVqX3793nj3sBa4b6vq97onSEWkRHmDHiqFn7p4TsYP3BZ:12000000000000000000:OKDOT:OKMYTH
14V5fS5LTQrztPokMQVk3CwKFqauprAnEJuQHqWzMJD2BYAk:12000000000000000000:OKDOT:OKMYTH
13tXo3t8fBwsrJi1R7fQRcY3VjEkJEi6m7b8jFYXKZfderYt:12000000000000000000:OKDOT:OKMYTH
16ZMZjrymwHPJwJbRv3v8jsCjzJYjm285tjBAQSGTg8ACBPS:12000000000000000000:OKDOT:OKMYTH
16JgTUhNLKBprtJMdujqLqZK6V2fzMuzuKzQDZieNJpYxrmH:12000000000000000000:OKDOT:OKMYTH
15aV9KzUAwVnxiuxHN8VLpWsC2FNYikBd1iNKy5TbLAnJrxD:12000000000000000000:OKDOT:OKMYTH
12dJBU2hffz2zvSuFwp519K2NhMSpj4NGb1cSzgpbUZJxcXv:12000000000000000000:OKDOT:OKMYTH
13HACgKsGdsFPRgZjyNDKtsxttBA2s2WY1Cf1BLdoQtfTcfR:12000000000000000000:OKDOT:OKMYTH
12VYDrjoH3xvAtqJmJuyH1UuibHpgiiuhK5yeh5cjx8bUoU9:12000000000000000000:OKDOT:OKMYTH
15o9EFzEjjhxAjax6huK2iQdGr4EwU3sHTLqpySzXnq8Fz25:12000000000000000000:OKDOT:OKMYTH
15vGbqqXvng8f8BV1a9fCY5Fbw19k4jB6cw6FG9498fTpmLu:12000000000000000000:OKDOT:OKMYTH
12ikDk5mNGA1weoxiedC9vDgKnTGq7FLPcfaBZVVY6LBzYnP:12000000000000000000:OKDOT:OKMYTH
13ia5DJTw3aPxtTsbvbTcTbWiL6PQdLNyecL5fKPWLXid8rv:12000000000000000000:OKDOT:OKMYTH
146Ph7DcoL6SkPrZgkU2Daf33Wey6WGYTuLXm4zHr26dnLdu:12000000000000000000:OKDOT:OKMYTH
15CfUkxUiRi3auPW5zE8yvv86oDiRmtWg6z1UZBDHWtBPoqN:12000000000000000000:OKDOT:OKMYTH
13cWoSSuJBFk8cMKBG9zWf58sCZUtc3NVCxQzvJU8VUnhgkQ:12000000000000000000:OKDOT:OKMYTH
1bvYepHvGHNvNHhjD32qmHoWXPA9W6DLJkdHNENJxoeztrh:12000000000000000000:OKDOT:OKMYTH
1PCYKba7Vz8SiScdH7dVZczdHPB46YDhBZzxWdyCMPkT8Aj:12000000000000000000:OKDOT:OKMYTH
14NYUNEd9xbApyjXqQ1Mqkmq4Ag4bTbBi2v2niBb8zMXtkt9:12000000000000000000:OKDOT:OKMYTH
12v2pPq7fPPyHQFohqGDifrGMaZpfHMiB6ivyLbkci8ZAwzs:12000000000000000000:OKDOT:OKMYTH
13V54VGKPbfjqwHcdcHT7Zn94qjN34ZDz728NG5EN6jpQqxd:12000000000000000000:OKDOT:OKMYTH
12sPv1THpiKfkibtDK4ik7UFsXpM8KcGnUKCQcSqw3TtcHbq:12000000000000000000:OKDOT:OKMYTH
16HLAR8aohRgwabVXEZSWo2A4zbs46UKHP7vr2DViNkGJohj:12000000000000000000:OKDOT:OKMYTH
16iu7UWs6EavJA1XLWeFb5uL2AJiK2bsNqwSu6Ry6s7TxgUU:12000000000000000000:OKDOT:OKMYTH
1SwNvzvFtKbhBWwkGjtxryQTVCUeVNv87ideyF1EtyTNUz7:12000000000000000000:OKDOT:OKMYTH
1644dZH2sX1Ao7HWngQXrcfKcgZVmcL5eKTogF15SQ2gvDhf:12000000000000000000:OKDOT:OKMYTH
121UiBBJasHaBuFQbh69cX2dQAioBvoD5WwZZUgyFWpCWwem:12000000000000000000:OKDOT:OKMYTH
1Ktw46WYSdMWJXzv2Y1GnNFC3HDR5XZR9zk9VbH78kBn5CX:12000000000000000000:OKDOT:OKMYTH
13G5vVr1Z2b6KxuRRSD24pLNR4ruYYXD1KmD61bXwx7tLdUn:12000000000000000000:OKDOT:OKMYTH
14kZ2rb4YyPFzTCLLQnbjjhV52w5zuQiMg2LLwjcPB5J19ZN:12000000000000000000:OKDOT:OKMYTH
1NYNg2Gwa8WxUpm9owZ5Nws5ckUNUssb9H5xpbbr38uZkNY:12000000000000000000:OKDOT:OKMYTH
15EArcKB6bwNfwTdRnHn99eph7rtNdrnMscgZwPSS9A8YPUF:12000000000000000000:OKDOT:OKMYTH
1qRT4am8xM25FTv4six3BtdVPVUygUoHHuxexsErRrdh36C:12000000000000000000:OKDOT:OKMYTH
15H2Gkmse9STxWPYLm7yFz8nAZrNRTwurhDN3ZURh1AefWmA:12000000000000000000:OKDOT:OKMYTH
12kddHkada5CpjtBKjEm6jr1hvwbK7UwhTzUSurtTw5aeKuJ:12000000000000000000:OKDOT:OKMYTH
16dqEZsy5ozBiT6PnV6tzrVMaFQDhbnbVQscDo6Qydk8enaP:12000000000000000000:OKDOT:OKMYTH
1NmYoqtUks5z5AYKnXF9A97hMzHszikRg1Dmy4A8iAGSCoq:12000000000000000000:OKDOT:OKMYTH
13s8tU7A7cvN4iAXPV7YPSFSqtz8bzjvbrV6YhJXmnHV8wCp:12000000000000000000:OKDOT:OKMYTH
13jRHR1hzx4UP8rxRn4CqcJSRa7S8GTueBpwe88YbXKAEisd:12000000000000000000:OKDOT:OKMYTH
1483pfc9EyXxVdf9LNErdGE8Bf1idp7kYqYBdTTJE3ucus6H:12000000000000000000:OKDOT:OKMYTH
13YTZj1QmjjGMtpf26W25vTXUhBBtJr9JMk7rWjYQRfhpdFV:12000000000000000000:OKDOT:OKMYTH
14dG8opE9M6vG6fGG7VATztiToy3roVUbZ1cMWFVjivfSecx:12000000000000000000:OKDOT:OKMYTH
12N9z9bkRADRcee7Cnnfbb8Dc8H5Yjg2urNmv55U1N8zZLrH:12000000000000000000:OKDOT:OKMYTH
14KDAgStXRZ4LsCMRT7KFKiFCir6LvBinXh1gLx3igVaSxXP:12000000000000000000:OKDOT:OKMYTH
16fUXD1gepL6CMmnPffzNJGm9wCag2kz5HQBDUqUBKCrBVAo:12000000000000000000:OKDOT:OKMYTH
15A1K8aD47NmpyRGbUsefWwzAyMJq9o8gJVYcr1mZBXQQkjd:12000000000000000000:OKDOT:OKMYTH
13kENztVLgoWqWDvJMrqKr4dq6SX4gKygwC2iPuzFWUmq5NB:12000000000000000000:OKDOT:OKMYTH
14UpCPE62grs82ct1BhTzmZK5zj3fRJvb9dZWekFYFMSEQaU:12000000000000000000:OKDOT:OKMYTH
16YMHt4MigtRALEs157m5ugsXWoG9xoKhzLU3gnKub1dNFoh:12000000000000000000:OKDOT:OKMYTH
165bdwrETmU11KTznsMgh5go6umCYtv7kr363NkHtzoR1nnq:12000000000000000000:OKDOT:OKMYTH
1EAzY9SbJyjAy11gqkgFN5AMnGLqvZGZZwHMeTNseGqZknN:12000000000000000000:OKDOT:OKMYTH
16BDvJauAP8prXwi5KAanUWmWLQiHxFJhjxsVVDQVYLExzEY:12000000000000000000:OKDOT:OKMYTH
14pNizNivBEHXB2TSm4mxC9HxpXxRGY1C65PmKzc61fLanZT:12000000000000000000:OKDOT:OKMYTH
15pQgjdPyHAYrKZxGT8UQ1GmPtGskab78XxoySSohcCddonA:12000000000000000000:OKDOT:OKMYTH
12s6wNML1tXvnt7VfRhRihtToZ5Uq8KhBjCsEdYBTPofCzps:12000000000000000000:OKDOT:OKMYTH
14RPMPCFmDrgpUcVDeDs5YL7bxzp6fNKTv73Z754tpPky2MS:12000000000000000000:OKDOT:OKMYTH
16NrPzqSF7qVRHMiQXz57jCWrdf81R6dgEGhvZU491iVmcys:12000000000000000000:OKDOT:OKMYTH
12j4SzbVJWyJdysozT1h6NXdssu2tDVFf4XodWfFf7vJHenU:12000000000000000000:OKDOT:OKMYTH
13unFUr8JnZATXhdTxWxM2nrBhbhGef1hpPaQRhn99cxvr9j:12000000000000000000:OKDOT:OKMYTH
15ukQSi5Bw9JT8B3DgJNfjz3QqQkG4oEUeFv2ZBW9apfhdTg:12000000000000000000:OKDOT:OKMYTH
16USJ2VeNw8qe9MYV8zEeZ8zunMMf1AxhB1EmPTX5SYfhMEL:12000000000000000000:OKDOT:OKMYTH
13wfX3Vs3rEnq1VRwvfNYQXH9VLHNVfpPpp6ujk2tgJTwvtq:12000000000000000000:OKDOT:OKMYTH
1ZTPFGf2mYschNKPh7BVCxe3sz4yn3Sx3vVBtEux75pVfTc:12000000000000000000:OKDOT:OKMYTH
16VxByCwSMv7FS5M1QSRPFY2svh3pJycvL8FXDTBXRmkaTr4:12000000000000000000:OKDOT:OKMYTH
13ri1Hj52xEiZ1BDv1jVCyeHGrcQTUsSakKuxmqUNVs4FZ5E:12000000000000000000:OKDOT:OKMYTH
12hZsv4RgZXQ1WNtxRARHerNVGaCie4C1ow5qHvNJdJLhWj3:12000000000000000000:OKDOT:OKMYTH
163zU2QZ6576bGLzz6QBA31PCz5vneAhqo7ciAesFyiWPjeR:12000000000000000000:OKDOT:OKMYTH
15ZwrarEWyjPLaJTD2UHSFkDai2o3APaP2QeL54WYhzeqJJc:12000000000000000000:OKDOT:OKMYTH
14ngb7TEXRwyBpu3bvANheKW1vU3u8MqbtPKvHBxY3NTQMVT:12000000000000000000:OKDOT:OKMYTH
12mETrJ9xiTVgq57cAj4ZpNzPvqpXt2r4swaryntYjjeCfMT:12000000000000000000:OKDOT:OKMYTH
14ve6h84Yva38NTdqMhjt8S2gciePi7o6sMatAJQrpvAxezR:12000000000000000000:OKDOT:OKMYTH
1W1FUbARYpDyZRyBQ1QisL7s43PVuRotVTU64afbh81u3H6:12000000000000000000:OKDOT:OKMYTH
13T3X9yQrhWkEpnR2ZVsxkauGd4Hyg1DgxXXnu5Cvxj88NhQ:12000000000000000000:OKDOT:OKMYTH
15rB1r8ziGK4mrTNf2MPLsM316rTK3zhiaeKsLNPLak4h1zz:12000000000000000000:OKDOT:OKMYTH
12b3NgzRQryST3fVwJ59dkzRgKnURwRTU1tihbxNE2Mw7CSw:12000000000000000000:OKDOT:OKMYTH
19PhJjoaLqdcwCSKaq23wzqTQrDM1PyG5k6H8rTsxa7L4Gy:12000000000000000000:OKDOT:OKMYTH
15b3iQEG374gxoUFwcUt1Vs8MC3EHJwUpUFMKEJUdEVoDmpr:12000000000000000000:OKDOT:OKMYTH
12sm97xwJibarCNARPTP8yfexStPpsnWZdCBXUBSCAeYEUPW:12000000000000000000:OKDOT:OKMYTH
15vKX5qVzb5u9hXcrhM6rEwEGXX7W5gVxhsh9bZoUdxkRnSy:12000000000000000000:OKDOT:OKMYTH
16LxwSeseZRe1nsHkBBQHfHeGAvTvkwgt7KyA9cHR9gfUTmC:12000000000000000000:OKDOT:OKMYTH
15bvGNVKw14q1TyrSa6wa5DDqam8SFaGF8YRrrM13RR1pT3a:12000000000000000000:OKDOT:OKMYTH
15jNk4Kib8Mxz6rtJbHtBy2epg32njEtKotVcA9nxk7XCKNF:12000000000000000000:OKDOT:OKMYTH
15wKsdeNqSbfgreBtsLD6u4m5sadB5yHiP6EgkYC84qTGBwo:12000000000000000000:OKDOT:OKMYTH
1b76GJP14rJddDTeXXrh7s4b7VxWLrYC85q2eeWhwthxFd8:12000000000000000000:OKDOT:OKMYTH
1dAC93vmmQQubwmt7HYNnu8M3XX5bUMpnRtbSEUc3LZ1wzc:12000000000000000000:OKDOT:OKMYTH
1jWbJzPqApdX2mmQehQXL5qWgduoUm5EGxKBLqou4h4BtQT:12000000000000000000:OKDOT:OKMYTH
13sBE9rqyVEwuGznEJFxCEspC2J4SduQQxPMcytMw2xeA4oV:12000000000000000000:OKDOT:OKMYTH
13ePhUtCN7nr6EETdLSjVoGtJedvHLDVBtwaFcT5iCJuttHM:12000000000000000000:OKDOT:OKMYTH
16JyN6kz1ASPrvQ2qF9PJKKGsXKWxsAc6iUtgB4eiNUB8cqG:12000000000000000000:OKDOT:OKMYTH
16CNLJCx2RtGZzySzLDFq1JYkTjBHsDLmU7xndesYdU8mfAL:12000000000000000000:OKDOT:OKMYTH
14BDS5LbaWyBnwwbnbcRzA3sNfpZoBs5ZnqsuCy3zJc9tKsc:12000000000000000000:OKDOT:OKMYTH
12ZKXY1LeXUBBXrMd9tvcxJLxETRqsqTaFtb8qKquihf3w2:12000000000000000000:OKDOT:OKMYTH
1xCJnRVuAz6Kfb2z8f8Y4Ysp66DaAfRHDk5tGhyLnzWG3e6:12000000000000000000:OKDOT:OKMYTH
13dSjwn8MioZSJkVaueseU7k6FRgnG6EDHSnK7EPMhMZV5ov:12000000000000000000:OKDOT:OKMYTH
14YKsTJ5if7FewoYVSeEWuiDnaYDwyCvMJDaVuPhCfU3SZQa:12000000000000000000:OKDOT:OKMYTH
124iPE7W3G8B7XczPJEE8Xk9avpvbr5t1GxBUgqfAsjmUiz8:12000000000000000000:OKDOT:OKMYTH
132Pv2tQR6RkJRcLVnMDTjcwUk3QCQY3CA6jo2igar84Zqgi:12000000000000000000:OKDOT:OKMYTH
16e6SHvYZynYDULrvjMSEKTxHETYRTzeXehJsCHNzkJyoc2b:12000000000000000000:OKDOT:OKMYTH
12Z9ekmHDrSXsxWp2ZxzVczWnhDZuwAwrbh6h86Zfm5xSBnT:12000000000000000000:OKDOT:OKMYTH
16KrY8wpqJ5ACGzZGWmQ7TPW2BEFfDZU1jgqJKTbAoKW36wQ:12000000000000000000:OKDOT:OKMYTH
15Un6SWZqEExAtNiocN5bg59Qa3CWVnKKVud89f5MCtW6yyc:12000000000000000000:OKDOT:OKMYTH
15k33duLWWcTpmG9H2LtoRiGZwqfkvBJgwKMG6didMtutB7g:12000000000000000000:OKDOT:OKMYTH
1mN4CakzmouKNXPF4U3gqc7e7FGcYpnBBa8adqzBbusdfDf:12000000000000000000:OKDOT:OKMYTH
13p9XoLVYZKvz3LKDm8xLuZE7FX4ia8vtCqDgKPy2MmBsH88:12000000000000000000:OKDOT:OKMYTH
13TnDZioCkr59xu3U56SGLQgQiKY3a1vXwVFoUF4Zv1hMY4b:12000000000000000000:OKDOT:OKMYTH
13AEvLG2qHMVXk5NsmRi9qp5ibSV83mbGojqbW8SJsb2eo25:12000000000000000000:OKDOT:OKMYTH
15z3oFnVkrRxmF79mtrzSqEVj31JwhQxXCu9nw8HzokzTSe1:12000000000000000000:OKDOT:OKMYTH
12TLSieBQ8T1WUKis3mJt4mQG9HJ51VShFkMSbx6HyR8sxUy:12000000000000000000:OKDOT:OKMYTH
122cQhP1cmdZW5134ihPEZcUSLtefqWp1aKTm7epoc2KNVgt:12000000000000000000:OKDOT:OKMYTH
13RkyuZZoaKVxskbWugkqvdAhWDQXHSGD1ik9CQ9KwnhuB5D:12000000000000000000:OKDOT:OKMYTH
13SSD2QnX7UZ6rdjDhLKa9w1LuY1VrXf6PXmU3xaArix2qeY:12000000000000000000:OKDOT:OKMYTH
1XgmcsHySxe1LDDh7EAffp5xKo7RWza8gRfPyEBndSvh22B:12000000000000000000:OKDOT:OKMYTH
13D61kcNgBpgBkePr9dPdywQX4HCUDKe73ULVxwtqNb52J4K:12000000000000000000:OKDOT:OKMYTH
1EFVGCiGLQPYphsJujp2AwYdqyovCazkyxXGy7Aat1g8GMD:12000000000000000000:OKDOT:OKMYTH
147gSTwxLz1HeaZo846BkEFhq4DqHzUHpmD6R1mvs6jDZTTL:12000000000000000000:OKDOT:OKMYTH
13hwVSa2ufT6M6sDderEXd99anwCv3kAr2K1C1ws8JfvVQLb:12000000000000000000:OKDOT:OKMYTH
15TSHgw7qVX8WLyhusx464kXZK8u6gaCnTMmz7mtLS7WFSfK:12000000000000000000:OKDOT:OKMYTH
16iJoXiK3d7WRfDqubVoggXrkiF8Jk99f2EnBEQ4kwY67559:12000000000000000000:OKDOT:OKMYTH
16Hk1ZM7X7fBphwrHPyJnSdwQvBqX6k8HgXt1zoFDnTSnZNM:12000000000000000000:OKDOT:OKMYTH
135RB2fMK1LzAMfCthozNYjE9z224C4LuGEnYs4aaT8Mj6uV:12000000000000000000:OKDOT:OKMYTH
1jEdTf9Wb6beySt3KYKwFGD8odoAT8GshEGG2WMrBUZCdsG:12000000000000000000:OKDOT:OKMYTH
1ceRp79D21bA9Cw2vnrQVQb3sGZ3VEmkV33SePTCbvsbG4F:12000000000000000000:OKDOT:OKMYTH
14YagagfctqsrezobqbKiRjMyh1w5NYwSBTNN33BzV6UmLHG:12000000000000000000:OKDOT:OKMYTH
13QnrmSgwTB5qSdKqgUgcSvQj1xNwqLwv9sBMoopgE769Fk8:12000000000000000000:OKDOT:OKMYTH
13CJ2fQyrj7U2Wggor1s7RtmSZQbg589araDCVht7M6XvhZW:12000000000000000000:OKDOT:OKMYTH
15b5HXNkAemXaTwCN6nrDopmpNZNaicYqqzRiquEFSbbhrUj:12000000000000000000:OKDOT:OKMYTH
139nX7wUMMWYbabNvWWxekRyTgFZEHVM11DAEEQfHieuccdL:12000000000000000000:OKDOT:OKMYTH
1zGF95CeNV2GhqsxST3AdfXfbCNWcWfPzSi1Udm2FTi3Cuu:12000000000000000000:OKDOT:OKMYTH
14Tdigj7Nwyr5Aop65XiwMgTrcEVpvj1DgC5hR75HxK1M4Cc:12000000000000000000:OKDOT:OKMYTH
1ic95Q2XSveaXsrayvUeaEmi1JhmUWNetnbEvYECv7yuZKd:12000000000000000000:OKDOT:OKMYTH
1HUWxPhqEu1FzpuVCnXHTQdsDtQqhHb7NK9zXpAhi5Sheyb:12000000000000000000:OKDOT:OKMYTH
1Yb4S35nmDyzERPqAfod1p4gcYZ1zgEKtFEjtFiAstmsMTh:12000000000000000000:OKDOT:OKMYTH
15Uvxohqejb5QMfia9eQrP2PGxCuxkJx1fBK2JiwZw84Wseu:12000000000000000000:OKDOT:OKMYTH
15LKVSLimsqXcYJ6zkMv4XcRak34FKkJBWa8vHFSo3Hgw7b9:12000000000000000000:OKDOT:OKMYTH
12eqSCeAMVrogtDk7YsoY6qAW4uFCxNFSHwGv7rPmGzhNVfr:12000000000000000000:OKDOT:OKMYTH
155Fk3CYsRh8udR42DMVUgCzQKmrrqvKLdrUdek4vhrvjLGB:12000000000000000000:OKDOT:OKMYTH
19KEWQxMdu3QDUGc9iFsESTRjeWvkYhaM3kAxtHuziMUA7n:12000000000000000000:OKDOT:OKMYTH
15CfboNbH9oMH2wLuqtDp5USGeXgYSVpcbYzHwWK8yyYEzW7:12000000000000000000:OKDOT:OKMYTH
12Nd7j4gu8heYQAe2Ese3NtHHAriCrSUcNpfbHK1BSvcXw9z:12000000000000000000:OKDOT:OKMYTH
12TMiYhL2akqtXnH2aeBmHM2YGBfZ1QTrphbhdCesvXR3wH2:12000000000000000000:OKDOT:OKMYTH
14sPX8jKuiSRSicRRrCgLfX6MsjFTHW65GBfooHHuuzFEwKe:12000000000000000000:OKDOT:OKMYTH
13SMq79hoPU5nwPei18T2sBAGBcVDJbrY559WBQ4P4qSDB6V:12000000000000000000:OKDOT:OKMYTH
155zZdQr2jZRXBnDx2Qn9hPdwruzfxCzPFi2jnMjBMyrFdsa:12000000000000000000:OKDOT:OKMYTH
14k7BaQxetrMsfHpCYBDz6Xb87KAKUFKkzwqo5dYsgiJcNUd:12000000000000000000:OKDOT:OKMYTH
16dhHUAWCFEVZ7aYyqWcxzktWbd15htL2pdQSer55y8Jfm9w:12000000000000000000:OKDOT:OKMYTH
15zrppNZCuzqsCEXN8XKMKv8tQDfzyb5KQehxQXk1MtHXadH:12000000000000000000:OKDOT:OKMYTH
1rE3mGp3XwcS65ip2hJ5VsCJKKNfCi5xbaiquiekNaxcr18:12000000000000000000:OKDOT:OKMYTH
13AVDZevJnVKjPzdftzi7DPbGkFJ25GMHZFwzxCBkaCFWHwS:12000000000000000000:OKDOT:OKMYTH
13TfqYBpNkgio6xQDnYjFjRVTqk22RdGQDL2MZmMjEpPqp1u:12000000000000000000:OKDOT:OKMYTH
1C1pYooKnanSzLE7Gz459QYjtovwfRD7cWjQpnxrLPwVcNe:12000000000000000000:OKDOT:OKMYTH
16FDYp9gcKuwVwAzyMckA9pqDdtkuKbtmUnyZHUuVG5281uL:12000000000000000000:OKDOT:OKMYTH
12wrNn6hin5D9cetF9vXQ1CNcW43DcMkCrYosQhNhsqaL2bU:12000000000000000000:OKDOT:OKMYTH
148hhN457j4EjJ5Vz2bLxwii3vyPVHAJEoSBRNM83UiGVqFj:12000000000000000000:OKDOT:OKMYTH
12amQGnHcugGUwPrAou66i1CtJELDf7aridmTRwUgNiJmLo8:12000000000000000000:OKDOT:OKMYTH
16Qe3xVPx147dwqyvrT2kvcSamW443kkRHjug45GHRVyRuM7:12000000000000000000:OKDOT:OKMYTH
14rhRUw86z9yyJAnyB1AEd4vaAtJHdv2MX2kemErR2vY9ZNE:12000000000000000000:OKDOT:OKMYTH
14U4nW6SA5cwNjjCitomEJob2aoEoSDJVzCnCVPT5Q4AhbUH:12000000000000000000:OKDOT:OKMYTH
1kApsziuBXR5CBAn3XiiMrVa9nMHfbARSJjKVJVr8fqrXWm:12000000000000000000:OKDOT:OKMYTH
1vgz3N17CZQnoMvK5MPEvKLmi3itGgrpQd4iJT2jJjsAiP3:12000000000000000000:OKDOT:OKMYTH
14gK5L4mxDbdSZpc4GvRYevxyvahfqVgeVU9rGDWBJyVDDEe:12000000000000000000:OKDOT:OKMYTH
16Gv2R7nmySHKMKopJBFp2whYai7KkxYcScFVjyiu6L3yAtU:12000000000000000000:OKDOT:OKMYTH
14iaUJUiZsnHGMFcHNf9nyEt2925Y4NXkbSVELM9zMkZms5C:12000000000000000000:OKDOT:OKMYTH
15kbYBPXrjB1a2EiwobQreW7PWM6TqSQaVvUg2pWBPDbXpr9:12000000000000000000:OKDOT:OKMYTH
15nvu9W1eQTK9ELk8DeXwGxhxPTR7VJzFnijdGQbZ2Y7bySy:12000000000000000000:OKDOT:OKMYTH
16P9cuktQwrrvKQ8ZBmUMmzRzSFw7kDTBJQMYkfZBEKyVtRu:12000000000000000000:OKDOT:OKMYTH
13H9BbvyRZEoyWDrkLJo5e9xJBgYi6zXSNTkiUQsPmku62U9:12000000000000000000:OKDOT:OKMYTH
12SW6hxiVFWX4Smm55oJFbY3e1yvoLRfhaNmNy7L6KWqmxzh:12000000000000000000:OKDOT:OKMYTH
14KWtz5E4RxTvpFnB16vuufd5N7xy1uLSeTLKGjvyQmhD12G:12000000000000000000:OKDOT:OKMYTH
13dabUqs2T2BZZNy8i3aBzKZmJe8MYjwBVbEPCLhdYC2LmGf:12000000000000000000:OKDOT:OKMYTH
167TGPmDwD9y9aDHeT8syQUHmRucwXViibtdrZS1osuwPqNS:12000000000000000000:OKDOT:OKMYTH
13HB835pdbTWPuv5kkqSXeCTmYDimCtT1FHYqdE6siKsaYdb:12000000000000000000:OKDOT:OKMYTH
15Uk5wHEPVvSGZy8ceV6AdoqavLJ9jXypYwkvd58Ct4xn5io:12000000000000000000:OKDOT:OKMYTH
133aHAMNqE5KXhDssn78o7kC5G1vHDJErEuANoDNpvvb25Au:12000000000000000000:OKDOT:OKMYTH
151U6zBurkZgBnLJQL3zM5EcvSeZfb57vasGZtHhF6TyQgHX:12000000000000000000:OKDOT:OKMYTH
14FDhBZw8Fmw6YppAexr8Qw9ZWkdJZ5tkFJXHgvuhGdXgMhh:12000000000000000000:OKDOT:OKMYTH
14P5JoH9QhuX1gw5timN74N7nuvLoVzbvVYyvQdQXxvBgojc:12000000000000000000:OKDOT:OKMYTH
14E1mqPYSWWxuHdaVK8syvKEtQsNzAsFDnz8yELirJhPVqrD:12000000000000000000:OKDOT:OKMYTH
1a6WedpjJ3mXRvyJL9rijmsZzaTVbRakEoCGmgvVrEggFeP:12000000000000000000:OKDOT:OKMYTH
13bR3E9d2gN7TNe3eWQSLF9t5hTMcgVf3w365gmL2XZhtJck:12000000000000000000:OKDOT:OKMYTH
1316TsQjkjR2qEXuvPEBKAeg45PaayQsBiKxtivH6Mwn62c2:12000000000000000000:OKDOT:OKMYTH
15QbkJXKew7JB5cxb4UGyCkQTQboaZ17wenTRvD7fLwa1K38:12000000000000000000:OKDOT:OKMYTH
13Ywm72B1RmCUAHaM9th9hF81brFCVs9RK1oLURHdmru66z4:12000000000000000000:OKDOT:OKMYTH
12HqXCaPtmW8Pebw1Ny1Hvcw84Auv46tjQhrXBBYPdVy2f2P:12000000000000000000:OKDOT:OKMYTH
13ykgPkfy9BGmXwaeAk3H9ThqWTGXtumNtHUcoi7Rjde4ZRa:12000000000000000000:OKDOT:OKMYTH
1HGvdGGrohSLMQkf3qdvcK4iNosSB3tANsAX416yQPBMRqm:12000000000000000000:OKDOT:OKMYTH
14FPW5WWhbsSUr7p6vgyS1zxP2UJYgz4F1ug6zsgG8moCmbM:12000000000000000000:OKDOT:OKMYTH
161HYuqkBQo5hCTtoJ4fq37cB4LcYSEZkREMjPdFoVwNqK5p:12000000000000000000:OKDOT:OKMYTH
1jdDYKrM3gJHMprWpN4iDRvnxNjbMQGwhDc8iq1Ch4bbAzi:12000000000000000000:OKDOT:OKMYTH
134nBckGNz7rw7MgAqpSfDB4WQS2EM4WYybMUEu7PWjDQXdH:12000000000000000000:OKDOT:OKMYTH
15zVmZSRpcbSc8cXtpPzZTzEk6VhEjzJLyC18Urh7t5cWYkQ:12000000000000000000:OKDOT:OKMYTH
1491ZB888g53ZNKLBtMnimptEN2Dnt5pd6tvDckg1HYw3ywx:12000000000000000000:OKDOT:OKMYTH
15C6ANJPsSzsRD88PxCtPntsWddBtLoeFxMFKhnpgRokBRnV:12000000000000000000:OKDOT:OKMYTH
1WG7Mq1eXeXmrEAzspE7qbn3XQyEciWEwqGBUacs6EEGYSa:12000000000000000000:OKDOT:OKMYTH
15EbgUhg6ebq3RfHs1NMAcyXDinvVWz4JShX6FbRFyXEZdLS:12000000000000000000:OKDOT:OKMYTH
15Wnp61uvWHv3pyt4CKWm34CL2joMZeMgNpgjdS82ZTwCy7N:12000000000000000000:OKDOT:OKMYTH
13TSkyyfVnECzbAiaM5777P2MxrFfKshxuTQkRgtTdcyKB9c:12000000000000000000:OKDOT:OKMYTH
121RfbPiexwCGPW6UVwuERp9KuaD1yttp6TPenZutyciouXx:12000000000000000000:OKDOT:OKMYTH
1qJNmwpdfyZYU1EgZw8AHTrqq5zWoQFhDYgi961ByHn1Ub2:12000000000000000000:OKDOT:OKMYTH
14o7ZRPCx34XaoAi6EY2HQDpBJR4RHTUwFKca3FDMGRSScG:12000000000000000000:OKDOT:OKMYTH
15n8xKqHbt2RR1N9o8C9vqcznufmfoaqJBvNjKLmPxdTiU9q:12000000000000000000:OKDOT:OKMYTH
13exAXUXWS8McsCBgHLbHis1dbygWNenxsSXyA4Pbxnuxcss:12000000000000000000:OKDOT:OKMYTH
127EWMQdUdzr3o1gYax2v3WqPXumQMRBQsdDubhFptc3wF2r:12000000000000000000:OKDOT:OKMYTH
1371ayHGfyji77huJDmLjQX4Cv1o3Ju3E5GxDaNo8ocsm6QF:12000000000000000000:OKDOT:OKMYTH
127ciciw94AGoWiHWhnL6dMga6Nzw3d2PER59gSGy42rycCn:12000000000000000000:OKDOT:OKMYTH
13cQGsMMSHkyqpEU2dPoUsvw9HzqcHSdrho7WAgtK5XJ3S17:12000000000000000000:OKDOT:OKMYTH
166JL7616Yg7V8YpBctZQjGw4xKvyS6UM5TohyeipRr6GyuQ:12000000000000000000:OKDOT:OKMYTH
144wDXou6jFQ43RDqncvSMAmpwkSdSWnZpdZt45nBxjMTkak:12000000000000000000:OKDOT:OKMYTH
14Mageee39awP7jsZaxSb4xbKByEU5NtLvEimz5vYnCfjya7:12000000000000000000:OKDOT:OKMYTH
13DGmEKTzBKGKtdSQnkV9dqxBLbKTuprqLVgSP9RP6faWe5v:12000000000000000000:OKDOT:OKMYTH
12cS5t8qheA5KbT56p7cDB2fj3UyNyBP5Zg55QcgAy2Je3hj:12000000000000000000:OKDOT:OKMYTH
16jMvYTtYAwfzUCTo6KpiDZaCPEnE53MZkeMR6GNnyLUepSH:12000000000000000000:OKDOT:OKMYTH
13zNAomTDNcYFHTEmuQrGQiv3gpd32MrNFpTBWrCBnNZJZxF:12000000000000000000:OKDOT:OKMYTH
12ZTVGsEChKBTRXLF6ts6gNEt6ZxinHGWEofErSFR1G4MEUS:12000000000000000000:OKDOT:OKMYTH
1myTxZfWW7bKn3raC7nAGffnaE9LfPTENwpoqoeSoC8gMuc:12000000000000000000:OKDOT:OKMYTH
15WpSwd5qgNexiQYjRjsvX1Xjhbe6qLs7ZxwxJvNQUmCk1rS:12000000000000000000:OKDOT:OKMYTH
1xEtLCeSvcXn2d28LkJUbQypwPH4Vj4ozxsnxLtTAwLz2gf:12000000000000000000:OKDOT:OKMYTH
17Gt7GjAeQnJgxzXw5JmwMTYDh4SPZJpgDhDFvZX77tNZ4L:12000000000000000000:OKDOT:OKMYTH
16WRfipRg7ic8sdYHTsvNRZQoLRvoxvAKZWGa4ynTaTpEKLV:12000000000000000000:OKDOT:OKMYTH
15mVWTieNdLSppoVQCAWmfDrTiGhXiv5m8MAQkdC1qsL6G26:12000000000000000000:OKDOT:OKMYTH
16DMHYMqPP623kaPLkzptKSiSDtKwervBbPrXyuypm9kDMTD:12000000000000000000:OKDOT:OKMYTH
1562PESCXcruQRobaDg2LLXMihFx77ZUsvVao5Mx45jecThM:12000000000000000000:OKDOT:OKMYTH
16dRrPFbKBKXwZnJNfGhzqQ9hjt49ngkrDxR9UyWuNWQPYAa:12000000000000000000:OKDOT:OKMYTH
157tmgYoPwEDoiZaCnSWypLoPCAnETveDej2USAdGPW36P9n:12000000000000000000:OKDOT:OKMYTH
1A9DvBk4jiR8mgRhWb3sJEo4QDVrPEvknWsBuJSTg259qhL:12000000000000000000:OKDOT:OKMYTH
12CcMG7AJACMMsrAsdCtTMXk6H4zbtx8G72CbABV9U6ZXudt:12000000000000000000:OKDOT:OKMYTH
12di5ZmWHA1dLPA3BH1g3B9YLqwKUZ4cnFQKbaMscTTcX6Ja:12000000000000000000:OKDOT:OKMYTH
15D5a6nAt9oFJ7ohT7dUBzMt34gUYw3FoFq8Q9tezsXYjUKn:12000000000000000000:OKDOT:OKMYTH
1Eb6z9DxJEhdVpSCGHKp3f8t5areTudDxDou9LBeXUrd1HG:12000000000000000000:OKDOT:OKMYTH
1LgDEwXNSpTsfBJb4iTwBtyNNj6EipkjFmjMhmPapb1vxsf:12000000000000000000:OKDOT:OKMYTH
13v7Pc7PodEintPgkPnisLPfbG5ae1FfFvvWcAGYuT1RTMJ4:12000000000000000000:OKDOT:OKMYTH
14Qdj2HJjwRPSFkKYDnustjFpMq5FeoWF8DU2LkNGAjcVgT5:12000000000000000000:OKDOT:OKMYTH
15ta5byUofXkBZUZWLykGmTUhN4SB7pgVrjqmQuDFqr5qAJw:12000000000000000000:OKDOT:OKMYTH
14j65GZwGoi2tZn9ww5p1xsmwA9HDu8qknzDywjgVffqPx1d:12000000000000000000:OKDOT:OKMYTH
16QKUkYP7oZxFLWgjUvjmd7whCHeTSYH9ZLZAPs84QX76R6x:12000000000000000000:OKDOT:OKMYTH
16AvHnDFFjK7fUcwsQhd2FQtW2j3N9vmkeAgwwqBKrbmXrML:12000000000000000000:OKDOT:OKMYTH
15bNPFxudpiCabgBqRnFNSwLtetFMWyPGStT9LDSKYeFbHx:12000000000000000000:OKDOT:OKMYTH
15HEFCnG3Laz4Vd3PYJfqAAg4rpZ2HKjQJ2boApTbzdyB2Cr:12000000000000000000:OKDOT:OKMYTH
15RgkoJG2qTsPPTsBvkiZVxURBGST75F3b9M9gkSYVsyzHEn:12000000000000000000:OKDOT:OKMYTH
123uZkkBwYpwUuKSKuuuvLvMFBDocLXmYJNWwXXLE2N7qPJU:12000000000000000000:OKDOT:OKMYTH
123vbEhR6CdnNLz58L6bbTd1ggJKFC83XWNsZ3GgD1rtjMVa:12000000000000000000:OKDOT:OKMYTH
15jLwvc2wnQgGTuPG2nm66KxF8z73wuwgSRiiknCfko2YKxz:12000000000000000000:OKDOT:OKMYTH
165H68pg6kxRjF1QaoArKZcV4KpCUmAXgU5eCCcNqfGeXCzL:12000000000000000000:OKDOT:OKMYTH
16N47oQ1KtPCzaENtdTrizyyWXxkVmxfB6FGnVDTdZ6xAgvv:12000000000000000000:OKDOT:OKMYTH
14QLuVbt3W2BbiGuRGcDqUe3Mbqz8H2QJL5aosTNCVvqW7Lj:12000000000000000000:OKDOT:OKMYTH
14TXAnjb4iw4sT8j4MQRwtZ2FNTqGef8mhTMK91kW1WU3wys:12000000000000000000:OKDOT:OKMYTH
13JKoXnNgiHHYV4gCCdRLWrRiyaCF59eny4sQtitTVjDYZaU:12000000000000000000:OKDOT:OKMYTH
13RPxCakM2uG7eKzK6RmygoiahnNqL4ff8BpYkY2AD9KC2oX:12000000000000000000:OKDOT:OKMYTH
14UJHiDVLiKEcNGmupMJqp5JTCKKtWKXVuE9qq8ogSAojzUF:12000000000000000000:OKDOT:OKMYTH
16CPzqcKNDsuGBW1sTh8VzKmfkj8AUBg4JsJejxipein67SM:12000000000000000000:OKDOT:OKMYTH
14RKfAENTVm4XLzcr3UcbUff7bXACCvnCBuPGdkgQ1AuRdCb:12000000000000000000:OKDOT:OKMYTH
15kFxAUGxRig2ZgvzNagd11Gu784fcy45jrRoh28DVpavobW:12000000000000000000:OKDOT:OKMYTH
14KkD4VkXZVn2B42AnMHTf8b3fU5tnfyUWreNoKKymu3buD9:12000000000000000000:OKDOT:OKMYTH
13iNhEqkZQtr771Qjrc7dcRXtVeCkW37zsaiLYurhntPWdqt:12000000000000000000:OKDOT:OKMYTH
15JLZECKeJkRJuDLvDgHgnvHpLXfB2YuVnWFaL17pH5g9VVq:12000000000000000000:OKDOT:OKMYTH
16ZAtpNCwPyaGdaeCtvVuqSeRAuoyfyn2AEHu9m3t2xfq2rJ:12000000000000000000:OKDOT:OKMYTH
15YJ1dundzPew4AssZvYq85UgJu5Va5ZhzMAfmp8d1TkuQbA:12000000000000000000:OKDOT:OKMYTH
12tN8ujP62j8Q7qfesrXeXgxR7ZmSoyDP179gmeCVYyRC49X:12000000000000000000:OKDOT:OKMYTH
16XwPsmqz5MDiurrf2y7Zd1YQaDZeksTNiDXjhQzHWXLHj4n:12000000000000000000:OKDOT:OKMYTH
13Pq7GQdyum9CWNhKTXPq4FBooawQVCmRWDCdzSdGYGFRAS3:12000000000000000000:OKDOT:OKMYTH
15X1VGvJLps5sHsNTcdrcr448dK3oy8t4ink3iAhVvi5vpKy:12000000000000000000:OKDOT:OKMYTH
135Eg9mBJUnpJU7zceCawp7EU9YsbQWWtdL8oV6Liwj2cYLW:12000000000000000000:OKDOT:OKMYTH
1ZTE3yjgHUKY3mMeynGXVASM3hHq5cnSDQ4NK6DW95EVDGt:12000000000000000000:OKDOT:OKMYTH
14TyLH1LvC7soX4ubUUdB9VW7KS473tjQhu4QoUHyGxrLBWX:12000000000000000000:OKDOT:OKMYTH
1AGrE9UKqR8k7TRFgF1qJy6rjW4C1MJA344KToN5nGTDP7r:12000000000000000000:OKDOT:OKMYTH
12CS81abRJUbod2cRjg8HcnHm5zihWjJ84MPDTFE38WM53vs:12000000000000000000:OKDOT:OKMYTH
14fJ3wz9uwCw6621Y9KCWp8Jv4eCWAvG6VQNxBSAXNoBUrac:12000000000000000000:OKDOT:OKMYTH
14fsBCoeAyiX3xwAGNb6nTbwGSryvcyj5N5VrKgiwDf7Yzrc:12000000000000000000:OKDOT:OKMYTH
14KUWR7phso4G69Yo6DL5onvEx877qM2fju9AFoShTGAHFz1:12000000000000000000:OKDOT:OKMYTH
13eQEhqBpbrhaGKErjdBxexTNM2Xk2ZzUmyELcBkQDJhGcTN:12000000000000000000:OKDOT:OKMYTH
15d3h74yGSKMPjkTr5pvmyXqpbivcALF3RibWrJGFWjLJZgK:12000000000000000000:OKDOT:OKMYTH
15QEc1kcRrmBcaqKnHcqY6aR2h5SsKfWM5bHPNajAnzaftHP:12000000000000000000:OKDOT:OKMYTH
1djeSh11Xf3mnghS6STQzwStsGbxFNWA78C2cd3jdTPd9WX:12000000000000000000:OKDOT:OKMYTH
12stzmCMNZnNPday1knaUi7ZtC61eZJejN7T9TjCnm1QDoQ6:12000000000000000000:OKDOT:OKMYTH
15kmrfYBD2vxE41sunehoLVbY7mCXKbinpkgCtzxKQzqKam9:12000000000000000000:OKDOT:OKMYTH
14FNgMBT5g3B2yn65iwRVQVDuKEQSnXw15vDASdLeWfUnaSS:12000000000000000000:OKDOT:OKMYTH
1JasXNxDtbSQYMg9GKwEx9mLthCicqDQ4cfU4fWGqfMtEKD:12000000000000000000:OKDOT:OKMYTH
16j4swnWNZHXygzEYsV34NnxUXUgyPPXv88RraaETrmvNdfo:12000000000000000000:OKDOT:OKMYTH
16JWLBgTDc5BeFTiWUFQFfRFBwRzpwgm7DZbi99D773XDvVJ:12000000000000000000:OKDOT:OKMYTH
13R7wh2g7bg5sKKV1hUh3RPqBjJZNzfXxizBfx8YbFyRPcj1:12000000000000000000:OKDOT:OKMYTH
1GnJe7TeCyzCzdHkoCfcxVaLiyHka9af8rmvpknnMVmJ4ze:12000000000000000000:OKDOT:OKMYTH
13TZBrqDhHBY7NsRNtWX3YpkEaSTZxnCiiWBg1dYuAVLXm39:12000000000000000000:OKDOT:OKMYTH
16MYZPX82LoVrguBtJtqjQFLqVwZjsSE9GFSbjsvTEm2XmB2:12000000000000000000:OKDOT:OKMYTH
13MiEo5U5KNqgKxraA7DaUoRNqdTHDPDBppB4ReFcBe4iju:12000000000000000000:OKDOT:OKMYTH
14AuibbiDU7MaaGCMbmX6qLFzgXXUho6HyNh6CZBP5Bp4ePp:12000000000000000000:OKDOT:OKMYTH
13vX8Sey8DN6L2tZD4AEDoYnKdfaqGyft8V1THfN5H3S1mso:12000000000000000000:OKDOT:OKMYTH
14CkHzuV2tESWbhhWq4QBg9rBvwjtAWY7LwTvFuK9Ysqpt2x:12000000000000000000:OKDOT:OKMYTH
15isjiGBg8nPSEBquesknrctLTRN5qzAYAYNdnZs7NJ5sKou:12000000000000000000:OKDOT:OKMYTH
13NCLd3foNpsv1huPDzvvfyKh37NEEkGFotZnP52CTR98YFJ:236000000000000000000:OKDOT:OKMYTH
