1FqGfMdPCTzBcFt7VZRmt8vmjoTAmRpF4gXpjaWpvCCNxuc:12000000000000000000:OKDOT:CHECKMYTH
158f25LiRuhwD8tRd9rBP2PrUZqbFZFzoraChQMV6fsFj7MD:12000000000000000000:OKDOT:CHECKMYTH
13K2MjZKvzngagaYDWMiNiXFPifoHPwMj7uxcMgiZtLbPwFN:12000000000000000000:OKDOT:CHECKMYTH
16WVuYrszxNZFi1U3aTrzt7UUMFHe2j7h1GVnptNHdPd7gWj:12000000000000000000:OKDOT:CHECKMYTH
15TYvZcdVzv4fG3GwQRfjP94QMY2oPYSJGxPuvf9REEn9Ams:12000000000000000000:OKDOT:CHECKMYTH
14ifS4as9pZQ8wKm1zSseo2NMUtKUnowJ8NkAh69B4S2W6CA:12000000000000000000:OKDOT:CHECKMYTH
16jWTpGwXtnW48VayGsQ57R4bDCsgAzKF8ZdheVrUUkFqM3m:12000000000000000000:OKDOT:CHECKMYTH
1TWyEDbyy923APinfzQbZQQUHctdyLssbeeoHhBr5CELKBy:12000000000000000000:OKDOT:CHECKMYTH
145vb3LHY5AgVKDpgywrb2pkP3TUP4ZRefGkhM5khzn8VDJs:12000000000000000000:OKDOT:CHECKMYTH
1sTbB78BAakavnHJMpLXLdCS5mwf13T4Rf8F7LyNgVZTY2t:12000000000000000000:OKDOT:CHECKMYTH
16bSmqiipbDpHzX2xW1Nv2pcvbx7mEKVa4ppKJoztCQpwb8h:12000000000000000000:OKDOT:CHECKMYTH
15YExSRmeYsuwiyKdmZqJiLq7L8PXjkH5S588fnTf9tQEAin:12000000000000000000:OKDOT:CHECKMYTH
12aof2m6hYoBQW8bkoERDccvwSJadsVJ5JLh3Bmguw54HCGY:12000000000000000000:OKDOT:CHECKMYTH
16QJDUmiNnCyWQY5AQbEmuSCfLGYyHbTu87BWca4Af2PrCfC:12000000000000000000:OKDOT:CHECKMYTH
14PpW85hNK953KUezZ1zRFMZhxMTftqi6qQFvVq3oj1i8pyq:12000000000000000000:OKDOT:CHECKMYTH
12VR6VFomPbWdBdsfmHyuy2jdRYC3cPCJ8FhTYfhXVdSxjf1:12000000000000000000:OKDOT:CHECKMYTH
15tNqraGfJWdpA6tD2snSx3nsj4H35JyPrtNf9Mc8m2nSNrd:12000000000000000000:OKDOT:CHECKMYTH
138Zv8enBa1aqMSSA1n4aND9ezXuDxynyCFRi9gQpMeUy5uB:12000000000000000000:OKDOT:CHECKMYTH
14NNBTRvXwb2dy8YQ9Q2fdFkZU1TzoWKGENwx87Zf5hNEKL7:12000000000000000000:OKDOT:CHECKMYTH
1gHuEBC51GvasFAJVqkQPaGKYVawXZBWVYxV88haaa5KUMi:12000000000000000000:OKDOT:CHECKMYTH
12upwXNPAa5ud2JmRYJ3JLsy4yJqt8N7ZbE5c1TTu1za3e1A:12000000000000000000:OKDOT:CHECKMYTH
14cLpsCP5tehG1b189hjiQ8AtteTcg5aQzchDoMmzBpNhQW7:12000000000000000000:OKDOT:CHECKMYTH
1TbYxCNaBotNZxFArt9Xc2raQQf39bvjfWuUkGMU76663hs:12000000000000000000:OKDOT:CHECKMYTH
136WTxeNNqAfVwKQDyxUvsLg45XeUTNZ4SHqDMTLRomYXbjJ:12000000000000000000:OKDOT:CHECKMYTH
15DBNapZ6vzAZPh5jG4SjCK72zYGVqJShxzjyUXJtfZidwk1:12000000000000000000:OKDOT:CHECKMYTH
126bmJrUGEiuKyDJ6gXnbKRW8kezjvjH5BJXfYEtoUMuAvJu:12000000000000000000:OKDOT:CHECKMYTH
14YrktkjXBzntEZJm2fXsHHSPJHnP7SQUkQ5cbEXV2fE34Ca:12000000000000000000:OKDOT:CHECKMYTH
15QVpvuYaMJJeE1E6Awt43TBk6SAKfBZ1PvAErUgsUbWghng:12000000000000000000:OKDOT:CHECKMYTH
15xS2AngrKSPhcZEMkfQKRaSrDc8xwY7cj4FJwdsSXxkEWn1:12000000000000000000:OKDOT:CHECKMYTH
14DbEJ2ksPxuWcFKeDoJ1rKGhsCT1K98oUUofMpTXEP9rE8o:12000000000000000000:OKDOT:CHECKMYTH
14rSDyzSw2r4GaE4MXPcjAoAQhWjMUKhR2mw6pfq5iTTssmq:12000000000000000000:OKDOT:CHECKMYTH
13dDKADxTH2ED38VJS5BEWuywLCFBQ85zx7yhfbYWtP21YU8:12000000000000000000:OKDOT:CHECKMYTH
15AgeMGC3PZCRmgMJdTiPFavTTWSVMGbXoRjXb7cHawGXxmH:12000000000000000000:OKDOT:CHECKMYTH
12hh78VVFUWUL9zaoW4sdGMvuj19HSCgRCg5wnqGWj496HbZ:12000000000000000000:OKDOT:CHECKMYTH
16byFufFvSfR1Q3FfGvoHGaWZX68prwtmpGKnDSuEKt8ormE:12000000000000000000:OKDOT:CHECKMYTH
16DqrMfvnQCgqpv2wPJfgtjXruGq3nPwwhrEpMoiLP1iedvu:12000000000000000000:OKDOT:CHECKMYTH
1mwyF2QHFZsukdKYtNAVH9WeHyojjCc9g4dzf3At4kZWySZ:12000000000000000000:OKDOT:CHECKMYTH
1GNvrFuobESphjdN7YH46VPfKE4sYrUJsmUh9gd344mMJjZ:12000000000000000000:NEEDED:CHECKMYTH
14vCoyrXUJhPPyAw3Uzdu19Z1YdotaF47SLJBv4SMXgb6r8y:12000000000000000000:OKDOT:CHECKMYTH
157fQbN4TYFdSZuGDV9z8ghheJv5mT1UjrSFKriHfDWGyzKq:12000000000000000000:OKDOT:CHECKMYTH
149QfSJG38j5NgLpmgt6fD3axkkLPgTvtHvW6DSQbhjvjxg:12000000000000000000:OKDOT:CHECKMYTH
14HPV7EBrLdPyQ5RByqQjm9VgAKV2Rwnd2DJi9Md6u5J6vg2:12000000000000000000:OKDOT:CHECKMYTH
14t3Ajy3tc1qcyBzmL5i1QcwMNYWKAacMu1MFj6zDwAVPPmA:12000000000000000000:OKDOT:CHECKMYTH
147eT6RTeRWmmUrPefA2cUQdRsnX43r5A93ZQoz82nD11JXD:12000000000000000000:OKDOT:CHECKMYTH
12PL6LxRen1SumsiTV6KeXqnvDvgbDN3frhDJqx6kUg3vjZg:12000000000000000000:OKDOT:CHECKMYTH
15iwh4pH9SZKeUNM8v9uFaeWtyttgdZNdgEeCgs34ePmL6sh:12000000000000000000:OKDOT:CHECKMYTH
15mWY9jzxoDieZfSX2BjHiMT7Pvkk9jHdoETaMF9UNTV48ZM:12000000000000000000:OKDOT:CHECKMYTH
12CohocFrkUVJD5fJcpV1wPeetXgHJkpWTiFJ2eumkoEQZQE:12000000000000000000:OKDOT:CHECKMYTH
1q2CWGpMTGuQcPFtD9Lzb4rjg5QQtUHedPFZHbNvJXtQyPf:12000000000000000000:OKDOT:CHECKMYTH
14zKqynsTSxMNMohmwLuUkiNjngo2M5msZv5u8wdEvXeRSxN:12000000000000000000:OKDOT:CHECKMYTH
14gsjHhK1njdEzjfqmTrBGWrLjMzyg5utci7kj8bfizyk4k3:12000000000000000000:OKDOT:CHECKMYTH
1541SuGXhqu6C65FcuMMpuYfrNVm1tYTsNQooAQ1MwZnRZF2:12000000000000000000:OKDOT:CHECKMYTH
13PmpeqPh3hEwmeVjxKmjsxszZfMCbd8BTThB5EMRZ8b6UHo:12000000000000000000:OKDOT:CHECKMYTH
12Ddfx8yD9oRQxwW7mssM6remhVR2NAQm5XpYp1itnU87j2J:12000000000000000000:OKDOT:CHECKMYTH
16ZjXZLzvQSiH35f1x7sSbJ9XYQbxjdqZzBahGLeXJN8qCVq:12000000000000000000:OKDOT:CHECKMYTH
1zUHXgQGZYaBrympiGtZRQpkKoZ8CxnniFL5M9yp9KCd6ts:12000000000000000000:OKDOT:CHECKMYTH
16W6qd4SyWdxsfi35MdCyTFnNsbRfq4Qt4t767yaN5gwNBt7:12000000000000000000:OKDOT:CHECKMYTH
1eXusjznNPpatsmEGyA7ZTDXBoezppK48pJrHGKC1ipAmH8:12000000000000000000:OKDOT:CHECKMYTH
1521wWUseShRA2LN7J893RM55gmhppRMb3kEjtd6MvdxQwCf:12000000000000000000:OKDOT:CHECKMYTH
1hbWzk4VR2bZ9yES5aFj8WadQQnkEij212fLNjHVT559VmA:12000000000000000000:OKDOT:CHECKMYTH
13fiRotdf5mzbkAcuSgKWDFosS2jUu9RqoUY8Jg3pg8zEzAH:12000000000000000000:OKDOT:CHECKMYTH
15Fz8Tu5Jwb7EUKZu4RCHxzCkdiUKDhMhNbYaPDa83mrQoY4:12000000000000000000:OKDOT:CHECKMYTH
14N9PSh5sZJYFu6udTP3wyB2Hq8n6iBcorA7AfNsp5SQ9bBE:12000000000000000000:OKDOT:CHECKMYTH
1sCZTbknNYySihwxadLLM6PQWzQ76R9K4nMbszDqDekFURW:12000000000000000000:OKDOT:CHECKMYTH
123CFADLcmXMdvASDnuwWssfWbhuJUszdGUvr9Si3SzbomqP:12000000000000000000:OKDOT:CHECKMYTH
16AaKr1G2Uud7FXtra2QB9vWpahB1QeNDXFtzv6etEqKP87q:12000000000000000000:OKDOT:CHECKMYTH
12pBsMDJw7KH9yebfyvEvNRivqcvegoSCCQRXa7R7auH7adL:12000000000000000000:OKDOT:CHECKMYTH
12CBA4J2ySZWvFDKfd6Mmk7j885vnRYu7B6TzuA1kNRDWCMf:12000000000000000000:OKDOT:CHECKMYTH
1DHYAAiEaP2sj2d1ei2aMRZkracKqWorXiBhnantGU24umD:12000000000000000000:OKDOT:CHECKMYTH
15i5fERZnbYmYdReXzmkwz12wBVRaQoGMHNJ9ZVgcNDTgKHq:12000000000000000000:OKDOT:CHECKMYTH
14X1oMryp6t5LoPcBNibnhDocM5YWJ5po7BU4VuPc4t41XLM:12000000000000000000:OKDOT:CHECKMYTH
15aQjmCFNWE5jyCiP5tcXYSR5Zg2UwFvrk7WpC9hAZ3nktmW:12000000000000000000:OKDOT:CHECKMYTH
15yQsYtqUfiwLvFocSNguGNf5wHRegmdMnW8kBGcPjKySGrX:12000000000000000000:OKDOT:CHECKMYTH
12AvPsWbybm3wWydqTGBuC84JwJkqvmGWirAjvrJF91xirYa:12000000000000000000:OKDOT:CHECKMYTH
15zjTEc4HjE3G7mx9eJ92PJ9L1iFktmjb9s7JLTPYaUE3cer:12000000000000000000:OKDOT:CHECKMYTH
16Y6xSWJnvxQ8CVPayDQepvMmrFvru2tBhWyLLGYkPaK7AUX:12000000000000000000:OKDOT:CHECKMYTH
15oJQJ7fJ49uhdzf9aqwpAaj7Bj5W8mi3WYcoYTxiX5hCvrK:12000000000000000000:OKDOT:CHECKMYTH
16eJDgsau2yEKKiY7pRVbfXmKGCJ44ShN89Ba12z8vFbNtqh:12000000000000000000:OKDOT:CHECKMYTH
1EFuB3fpj6cegPNXBPjuyt4jD9eQcP4CDeD86c38PRELNKX:12000000000000000000:OKDOT:CHECKMYTH
13fDmUdKuHXpqruekDGSXXdLprVnksKkp3gxpAKySsF2opV8:12000000000000000000:OKDOT:CHECKMYTH
14roUqGJREPKHQ2JHAsQcWjoj3DHbAXHQTJgRMDGLPsGqz24:12000000000000000000:OKDOT:CHECKMYTH
15dLhBCMJ87eDw2SFVy1GuqqkBf496NfL773vxmhYa6kFm9Q:12000000000000000000:OKDOT:CHECKMYTH
12Xzc2jk2LLXhVZTHX2peud8N5xnGifz7ha4kXyU8Hry5UY:12000000000000000000:OKDOT:CHECKMYTH
13UuaGQEkfxUfTo7afAVYryVrki6GQ4YtkoGbJjMuyAH6Myx:12000000000000000000:OKDOT:CHECKMYTH
13xGC3NE2jXLnTuM4P3mB4uTcNAeYLT8Vc8DA97bnS6ipWLT:12000000000000000000:OKDOT:CHECKMYTH
15FJ7MLVSsrE4Scc9CeJm92d1SyVcycmyDFhozLjS7yMz1Z9:12000000000000000000:OKDOT:CHECKMYTH
14paHwstdyJZRaHRdcQ9MV2Bniz3oY9cMvdvDGnw4YwpHdgw:12000000000000000000:OKDOT:CHECKMYTH
13i3zw2HQ4UUn7wv3HVfFDduX1RzmqsqqCVD28ihF5t6m3BL:12000000000000000000:OKDOT:CHECKMYTH
12HZpwT6DsvRTv1W92bFf5cDVvH91kgXFF4P7PkhY7SjLfEL:12000000000000000000:OKDOT:CHECKMYTH
14D9PHDokjyAF7U4TQdTCRGiW7XmEjZZEXxd9mEqD7bJgmhf:12000000000000000000:OKDOT:CHECKMYTH
14mjmbLYGLSWm2ogKhSGqrm4YqyktU7BbdwXgPC4eYfhVvZ1:12000000000000000000:OKDOT:CHECKMYTH
15wavurqt3729kHUzwc4GTKraeAgPF7CLtbrTH23gtPxzQes:12000000000000000000:OKDOT:CHECKMYTH
16Eow4d7kPStYPMN4NGexoNLc7FtNwsrScEGKqeFd5ykcrBu:12000000000000000000:OKDOT:CHECKMYTH
15w6ExuHKSb7AcjNJBSfa4KAXDKDHZFwk99od9Uc5XLc2ns3:12000000000000000000:OKDOT:CHECKMYTH
1EvVSu7FBcwuh4xcE5aFkQQ6h9Rad5BVvxRyp7jRZfQnpP6:12000000000000000000:OKDOT:CHECKMYTH
16WbaJgcjpLHqHHrpFA4L1yhZot8TD7c1zg6C5pWahtTDr4c:12000000000000000000:OKDOT:CHECKMYTH
13gdvjsrCDCKYMbx4Ab2anUntf3dazQhbjpyQmwG8HwnDAFV:12000000000000000000:OKDOT:CHECKMYTH
163Gvh4BBYjdhmsJo5bC17RrpjTEGJhYNCxv1EmERrDdR6z5:12000000000000000000:OKDOT:CHECKMYTH
15ShKemJKdBLCp6QAKH5twjwE19Anm5xv71189TrUx8tt6Sq:12000000000000000000:NEEDED:CHECKMYTH
12yKCRJyZR2mDVzqh3DTZ3qYV2DbNqchvrvEhqCH41PWPvnQ:12000000000000000000:OKDOT:CHECKMYTH
12q8rUkie9TbGvBRtjYfxUfw77cuTUqkJDS3bxg4tv7oZVUK:12000000000000000000:OKDOT:CHECKMYTH
14Lgeh4ZV41WAoV7kit2vYor8qZQ1UmpRrvcMgkSSeDqqzqS:12000000000000000000:OKDOT:CHECKMYTH
1uh8ZGCz8usLNvGa3BN1UipyvKXvxenRL3rT6fP55rSPsty:12000000000000000000:OKDOT:CHECKMYTH
1sVtrkgwDLFwTTFkViEpfiNEJpzLYpuBhWd7Gj3M92sNLPE:12000000000000000000:OKDOT:CHECKMYTH
14m2FsmUWHuSi7BJLDQFJRn7ZTw2xBdpsd7YUF5b9phDLBhg:12000000000000000000:OKDOT:CHECKMYTH
15iy4W2CvxL7YYdr6XfmaU7kiGaxAn4iHn7GraGbzDyGUtDp:12000000000000000000:OKDOT:CHECKMYTH
16ECXcBnwBnAcpt9pWscaFoDD5Q6dvuGsFkF8fgymyYp6j3r:12000000000000000000:OKDOT:CHECKMYTH
15DTTMt876a6NA5afpqhhRe9pEDq3vyfa5aGz6u1HWj4gXtZ:12000000000000000000:OKDOT:CHECKMYTH
15gUfxxTFLhdj7MsEPYM8XXT7JBdSFKWpGsWx45TGLMykbbq:12000000000000000000:OKDOT:CHECKMYTH
14Cz6R43G7mqn4m65EsecP5qyM4r4qLiNnyUG6qUwpFLpMvG:12000000000000000000:OKDOT:CHECKMYTH
167vf3fnZddzJ3Bu7E8z4QVc5HtCBbk3a1ZSRDECaXbktze5:12000000000000000000:OKDOT:CHECKMYTH
15zXsFi2cNu3xqZp6mABFHJBGWtfgfoQcvV3Boy65NkgSuCd:12000000000000000000:OKDOT:CHECKMYTH
13E6vZcYbCKd8AhTj3pEUNdRjPUf1WMzaQRZjePZmQAZNeUn:12000000000000000000:NEEDED:CHECKMYTH
14KPFfRtgXnRFiH6rXPuL487gZN7TKKzqw5Mc31FCUit4T8M:12000000000000000000:OKDOT:CHECKMYTH
14mShHZgRz2bbPRSptUJGV4NwC25aKSvbZDqRLzWVK6ZoKtQ:12000000000000000000:OKDOT:CHECKMYTH
13eaeusY46fD2YqTFa8r5yjpepPcon74RbZT3k36PaHLWEmM:12000000000000000000:OKDOT:CHECKMYTH
14Ur6tt2Sy1UjcaeypHCeqnca1RkFFGZgvpHnrgKwGpPyqtD:12000000000000000000:OKDOT:CHECKMYTH
13jczHqDmoY3rex1H16bQLWTscHhSjnJirPgwjFmUkohRSab:12000000000000000000:OKDOT:CHECKMYTH
16b8DncTx6havEExt6jPZeckNsvmeWveqxFXZDP4nKDXgz6e:12000000000000000000:OKDOT:CHECKMYTH
14f6Zh4MnCr9VEawhEho2Zuth7LAyrA85K3gFa1DKKXFfHUJ:12000000000000000000:OKDOT:CHECKMYTH
14VHDCRmKDDLbUX98CheqX8FMCrMaXdt9GoD7LpLMwe4uYXW:12000000000000000000:OKDOT:CHECKMYTH
13PvZqdppsCeAowjvH7tufhF1E2WPh4iCGF2nznNe7818qJw:12000000000000000000:OKDOT:CHECKMYTH
16fJ3uaY8XLWzLMFWgXMbnj29DeLij3g7c5Hqu7htznvPpXD:12000000000000000000:OKDOT:CHECKMYTH
14TM8KcwLvMmEnLV4FV2CCVZwL84rQaYTD1FVSqZ4RPk4EqP:12000000000000000000:OKDOT:CHECKMYTH
16Fb2oKGBX5takTdbZ1gYNKSWtQZXZsPMxrPMqZJNVWYoRu4:12000000000000000000:OKDOT:CHECKMYTH
14gXEk4b457ntPZfvWuZk4rvvYWLHMNZAPBqTUTFJptKeb9a:12000000000000000000:OKDOT:CHECKMYTH
124ke7deoWnjg6wk5RebNh5NG7KSxBmFgECcwbo1YEJpZiAX:12000000000000000000:OKDOT:CHECKMYTH
15669zVt358Xgd1CDxwXvn6epd26uwnJ6R3SKjmz5rRSiTub:12000000000000000000:OKDOT:CHECKMYTH
148nQCFe5cV6bTKaxeSAwbjm7chJNDXFpzkNoSKTHZSEMqbv:12000000000000000000:OKDOT:CHECKMYTH
13WdUcF8rMciWc6FxWivvE1jt7ckzwKZuDyFKJRn6r8xXYzt:12000000000000000000:OKDOT:CHECKMYTH
1fLZ6J9eof5kfyaB6xTJZenDGxSAuu3V9L9zETYXXtPZnf7:12000000000000000000:OKDOT:CHECKMYTH
15bMyn9Fm7BsLUwZ39viPhsLKahmkfwFHxsXhkeZ3kzWU5NW:12000000000000000000:OKDOT:CHECKMYTH
12z7DbrzgzY5KPGxJXmfPiGQrPPYNJNxZi3wvqBJm5pzBosM:12000000000000000000:OKDOT:CHECKMYTH
16QdNNdbM5XruyZkafxxGHEYqyK9AEQcoBkxqyaCRoJdyHfV:12000000000000000000:OKDOT:CHECKMYTH
14qAz4Qu4t1Z7cTvHPznKDmKpV2LXDvzJ126QNZ3GHpx5YEB:12000000000000000000:OKDOT:CHECKMYTH
1fc7szProVwvQdyFusdQaQDjRHUMDM7kMWyWUiFeFQmTM4h:12000000000000000000:OKDOT:CHECKMYTH
16fUkkGLiocywA8RHcEwciWoqsgud6m7zWmd7MVbEW6cZUrs:12000000000000000000:OKDOT:CHECKMYTH
16GusZPwrmRKQb8JN8JEBkASJQU1a4Q9igwjaXzMosJyopD1:12000000000000000000:OKDOT:CHECKMYTH
127BvD1pEV3i2uMgN5844hbpwGj6zWJyJV3stgM4yUwqpjhw:12000000000000000000:OKDOT:CHECKMYTH
14JmL2NXT3VqDQEd4utMojUp8JfLqB7CAYrYCQKVvwr1Nwp3:12000000000000000000:OKDOT:CHECKMYTH
13dcwb8ix6Pu4ahSQeZzV93hRWBFEFzPAnZ5hW33XrLPexQp:12000000000000000000:OKDOT:CHECKMYTH
136txZKwX41wLmqdfDe9NJQ45xcBiC4HkQtucioBmUz7ik4K:12000000000000000000:OKDOT:CHECKMYTH
12PbJ2ddPq9fJrRSqc1SB3MDX2BDyD6GzWJByutJiX6uzyZq:12000000000000000000:OKDOT:CHECKMYTH
13cF1Aa7drNzqr9JDSnTz8ZSg1uf5YgxPvb8QR1fxhFQK7Q:12000000000000000000:OKDOT:CHECKMYTH
16L5XRXiYsGPjn8q5UwY9UFctmqqn52TRNvWxDpwxchEy272:12000000000000000000:OKDOT:CHECKMYTH
16z4iLsiQPSeHKFLqWB66pwLcuq6gYAHcz8Qo4a3Ej3Nv1U:12000000000000000000:NEEDED:CHECKMYTH
1HQvV6r1K8vYaMBBWiqLx76CsXYXZrPFPbiJ3pt96uWhZW5:12000000000000000000:OKDOT:CHECKMYTH
12F7ruJY4u5t1dUoj3ex8vApMhhjTJkFNWD5eg4U6GFWT1sn:12000000000000000000:OKDOT:CHECKMYTH
16Z3MDXNKeHb6tgUrcPk7ef7b8TJQuiiy6gKg5nBZSNfnTTQ:12000000000000000000:OKDOT:CHECKMYTH
15dW4TgyH8fyHLuq2wWCwjuP9E9yqZHxZ8iriDE2rwGsQmcE:12000000000000000000:OKDOT:CHECKMYTH
16mchTrVRG3L47a4Qfx4qQgaEeFuxLj4ZWatrFHP8HLZLJud:12000000000000000000:OKDOT:CHECKMYTH
13NYhaTkKJFUTnLvYnHFXJqsADU8BQgyqE8bonnVFByR1p5m:12000000000000000000:OKDOT:CHECKMYTH
15hmtBERs2y2ACmdraoPikME87fzWoHTEtPQv8dYNSwtjJk3:12000000000000000000:OKDOT:CHECKMYTH
125pHPo1xa11EfTTu4hNUW2Qg7j4m43GU5Qh5sSPi9VhggP9:12000000000000000000:OKDOT:CHECKMYTH
16dnsgT8C3yeq457uMDBqPjUeYfzdq4kaSghhTcyxCvEw4Hn:12000000000000000000:OKDOT:CHECKMYTH
16A8uvWAHo3nb73SrLHoDUw1pVnHAygQG5enR7ekzPiCpBzc:12000000000000000000:OKDOT:CHECKMYTH
1436AVjUL5AL13ooqDyaqs568Zenm8bsvVh2EBzCU9HWanhr:12000000000000000000:OKDOT:CHECKMYTH
16b7vx237UE6xV1sYW289p1iwQ6TfsPA4yMeDkRciNNdLr4n:12000000000000000000:OKDOT:CHECKMYTH
15cTdxRQG2sXMM7vZxXojjdGdQ4XBgL8AZYamDHc36WmAGFE:12000000000000000000:OKDOT:CHECKMYTH
14x9eCLMZbY6An3GUZxYD2rVFPPhSsnxbKLudndWYRAKrHma:12000000000000000000:OKDOT:CHECKMYTH
14Jp4cXmCFv1hAurvrKfwt4JvY8S6dCCWSj8TXRnbrdnyhEA:12000000000000000000:OKDOT:CHECKMYTH
15KLTJQyC5kgk6NPMCdSm39rZ2jDvjUKz9nSx1ViWGr3BPaz:12000000000000000000:OKDOT:CHECKMYTH
15qVUTQm8sFLTFkaqnR3VCkUebKj6iiGLdur7RNTajoKjSSx:12000000000000000000:OKDOT:CHECKMYTH
135LeBuj6Z46WCmUcfFHtkbZ1vn6SYRsXtDWjoh6YZyfV5Aw:12000000000000000000:OKDOT:CHECKMYTH
15UwBBJu8NssURJHarHbXF4qNFGhyY3qhgS4nuri2ZtxyRya:12000000000000000000:OKDOT:CHECKMYTH
14GxvDVJx1JnCXRR4iCPkRoBZtYdUPiCsW5xE9dbBcHUZrdg:12000000000000000000:OKDOT:CHECKMYTH
1LnGK11H3NvLLBr3hMojGZG9ZLr1EubNmSu5JhneoQ9jewn:12000000000000000000:OKDOT:CHECKMYTH
17nw7TxY7VYSVjn7ZJMSCmAUfMLK1V4CqRqS4DdLyptSSAH:12000000000000000000:OKDOT:CHECKMYTH
1R5iGJV8KGZMGvVitrfS9crBvKWkkbMroN6Ms5AhfCUVRca:12000000000000000000:OKDOT:CHECKMYTH
161Aygj7ytSM35M7F44uZbquL64Am8tEMzQB6BqP2HuwQZzn:12000000000000000000:OKDOT:CHECKMYTH
1Rz6LQriwHJyagnTFVEnXY7aoCEauoMgLfgz1MdZviV6k7x:12000000000000000000:OKDOT:CHECKMYTH
13bRcr6RaUQnf8GMJVpuEQUZrWpn7K3s5pryzx4UpEtiHQRz:12000000000000000000:OKDOT:CHECKMYTH
16PaNeZDCjn4AUN8if6GmvzTRQiVByQmSqX6Qh7ZBwNn1KWd:12000000000000000000:OKDOT:CHECKMYTH
13MqbKLZyifQ16CzVafXWzKHvtNxBfdUpvAuswu2c8KmLQv9:12000000000000000000:OKDOT:CHECKMYTH
12SGKJdtRW4Kp7qrmzFgEKjQep6bmMSfT2MdaeoxpLoYSdDa:12000000000000000000:OKDOT:CHECKMYTH
13woLxJpNWhiwEeZ7h6yBri9dmVt8ChTPXuTpYNrkRNmmicL:12000000000000000000:OKDOT:CHECKMYTH
1Q238u1myydRXwqJ558CYxu17SMchRyjXwNsQyTqQxXKCPo:12000000000000000000:OKDOT:CHECKMYTH
13vVHJZWcgREVw2Ad6uT2TiLjEXMezBWTf1JQyaZzH6MMrYe:12000000000000000000:OKDOT:CHECKMYTH
12x4KCH6LCocEeyjLxh1NXgVSamepz9NhbZBr3AsfxpjkKoU:12000000000000000000:OKDOT:CHECKMYTH
13d6uZnpUfg29bSpMH1984na6mGA16cYg8XdG2hkWx6bqDHB:12000000000000000000:OKDOT:CHECKMYTH
16LDQDWTT4hnaSd39PBSmWkUKCeKKubec9N6RtpaAEmU4eqF:12000000000000000000:OKDOT:CHECKMYTH
16D9xHXB43XsQLy2DzeavKrMnjAqewuMji1bVxZNrz3AADXY:12000000000000000000:OKDOT:CHECKMYTH
16apoymcCZWFLuqd3hf7hNzhBuux8h1uVKfDSjLmGRBjd1Jj:12000000000000000000:OKDOT:CHECKMYTH
15ooPPF7tYoK1etj7FY3srFpQgMa5He8R2cYXMawFKVpKUZi:12000000000000000000:OKDOT:CHECKMYTH
14LfYPB3QHh5uDfhddncxr7ZxKiVAqk17rZKmRiyPod92eBP:12000000000000000000:OKDOT:CHECKMYTH
12zYR64vJY8LFkkyRk5BTgqVejv4zFtm2ZyikJmAcayVRAuW:12000000000000000000:OKDOT:CHECKMYTH
12LyyNXJkBSd4mpsEzK76h5ypZWkkPKPnRNrycKLtxXGkCwm:12000000000000000000:OKDOT:CHECKMYTH
16TvytaAssa1q9sCJBxYSZsfJEJjPWgSwRH3FF1kbTQv7DQo:12000000000000000000:OKDOT:CHECKMYTH
14umy5458WrjYTxzEBeP3v1fW9dXCNRf3VM4dnD6MZfPBHnE:12000000000000000000:OKDOT:CHECKMYTH
13NXecJKSwBosNbCPEqe4WQKEk63PWusxrL5uq3ZQMqoDG6o:12000000000000000000:OKDOT:CHECKMYTH
1ubKsjTno4C9CgdiVFmyTSCh2Z6N7if3U4NBhNeFmV33BVW:12000000000000000000:OKDOT:CHECKMYTH
1wbmKsg9Pmsw9ZSmGhPH2nzwu8GCukhaFdeCR7V7AjFDgy5:12000000000000000000:OKDOT:CHECKMYTH
16kXyF4HY8ePzXD9KkrxoxamZRq1VuZwLC8nsf6PzWMejVth:12000000000000000000:OKDOT:CHECKMYTH
12oLX4wsDhTjH3KGTf3Pf68Wq1529R8guWthfqowdPwXZog5:12000000000000000000:OKDOT:CHECKMYTH
15n2UWG8iEvnCjS5fwNk7918Reg8RKk8Ft1nLkPuVQM81JzE:12000000000000000000:OKDOT:CHECKMYTH
121Hsi3N26bSe4mytRMu8nK1HpnKLZRTvPwUW84NTsC3ctRY:12000000000000000000:OKDOT:CHECKMYTH
16W5Pkn6UqBSbPNSJ2Wq1fQxBAoi48aJ4i8P1pCS9skeUYXu:12000000000000000000:OKDOT:CHECKMYTH
13eS22gpiSPj8rrni33eny4KNZzhZH4ZhtSpwbKuKGgDJTdF:12000000000000000000:OKDOT:CHECKMYTH
12tSvn6VRtKheG6mLJDmu3VTUPyc318yePBfUbYiZ2TViFK8:12000000000000000000:OKDOT:CHECKMYTH
1KFh5aVcA6sGMpL54q8mvymeLnDunC4imdZ4n3aUHcs2QQo:12000000000000000000:OKDOT:CHECKMYTH
143CqK4mkLbyFNo4tKxLUtqks49S2xyikprKNFhaN4vP7nLF:12000000000000000000:OKDOT:CHECKMYTH
12ms7eYyLj5aNUGBBSzQp8WcmuYJUKch8QcypTakZ3qca6jk:12000000000000000000:OKDOT:CHECKMYTH
1pBShcPZ2RJ9zLvxFuGVSDv7cn41aDN9nArGkem9av96iAB:12000000000000000000:OKDOT:CHECKMYTH
145MkjqMnKvReQw5S9rc5rAqBEz1pj8YybseiuSus2LagUdp:12000000000000000000:OKDOT:CHECKMYTH
1txdT9yZM7gVCitJyGhKTn4Yp7ENyJqXZZEt7E9dsNDkxj2:12000000000000000000:OKDOT:CHECKMYTH
13mC33f6MHNiYd34rAuDNZaBE57vrq5jXJ2wXwph5UiGvMBK:12000000000000000000:OKDOT:CHECKMYTH
121MXHtvDXBat1B7vVHyzk6qHNeTkwZf8QBStKCYmx3L8R9h:12000000000000000000:OKDOT:CHECKMYTH
13JAm2RhRfV3Y6RZ1MLDM2T8tveic1WPWnotWSNTmN5tGBDq:12000000000000000000:OKDOT:CHECKMYTH
147sWeT1T3jmdxDZP1tsGU5VcQsTc997YpafyrJYEyVFzV64:12000000000000000000:OKDOT:CHECKMYTH
19DSUyoqFB8biqvPKeGmgfLMgE6KidvPXhsPunuc914RxuX:12000000000000000000:OKDOT:CHECKMYTH
16jWDTxuTceXgwKnREWb6qPwK5YBbfFqBxvTL2dFUiE5Evyk:12000000000000000000:NEEDED:CHECKMYTH
13BjD3gVrtqoU62A6ALuVGd6HX3CHoWj3ZZXsu391LsZpjR:12000000000000000000:OKDOT:CHECKMYTH
15eM5T3bBemYjsLhGvi6BEMScJvP41Mc9M5E2wKTN7yU64gg:12000000000000000000:OKDOT:CHECKMYTH
1m92kUAipes8evJUAarggKvaRScqpZgoKaKFu4NchhxTjcj:12000000000000000000:OKDOT:CHECKMYTH
143fcdqnpPCZVHXJXWVand6c1GVBFRZnBQvRBJAoHDb4QShW:12000000000000000000:OKDOT:CHECKMYTH
13ELMv2nPZ3oJfF3k8KLD51btZ3dGCERKNebgfmJKcbax9j8:12000000000000000000:OKDOT:CHECKMYTH
1QHzeya8xP49vDRsiEpeqhrQ1C33fe34tLRjSNmREqt4kqa:12000000000000000000:OKDOT:CHECKMYTH
137xM52nn8xRtni3XvhMZ8T5fn8C1wfKGTdgbcJwGDwybgP8:12000000000000000000:OKDOT:CHECKMYTH
14rToCnVLH7jDPNoBPRQrcEqkg616uZAVJKR25e1ziFFD6dc:12000000000000000000:OKDOT:CHECKMYTH
122krjVTRrUEKceycqsU2y4SLCJBViiCoW7ZPTS9Lm2uuc7y:12000000000000000000:OKDOT:CHECKMYTH
12CZi9StivYEhFH8Pei3xX4asr4MLosU6iC4j3641sXk48PX:12000000000000000000:OKDOT:CHECKMYTH
15X4APK4q9sMTDeU4x9n8uM18P49PJRyzrM1cj8K3oLryacx:12000000000000000000:OKDOT:CHECKMYTH
1Q4vtLceubS1gscAKyk3X5pcSpoLkPPsUBE2JbuRMsFr8j1:12000000000000000000:OKDOT:CHECKMYTH
131bMnPp7LEerDX1VK5Bday3rmkqntbuv9iueTYrHgasy1w:12000000000000000000:OKDOT:CHECKMYTH
16knCBdQnq7S5H8Hmn3SUiZ8ZmfCm5VWUCFMSW2v97EAZ8bB:12000000000000000000:OKDOT:CHECKMYTH
15STDcW9a92rH3rBE2RVH3Y4asNTsC3ubkBTgaGmjD55Vjen:12000000000000000000:OKDOT:CHECKMYTH
1ti4SdLXTzkEipHKGzjfSD3YsU1EEAibp594adaYpnwCyoy:12000000000000000000:OKDOT:CHECKMYTH
12zavk4E7dUM6MczJk7wwaZuszJtykLCW196PdF29aSC2SgK:12000000000000000000:OKDOT:CHECKMYTH
157CPSdwL2mxKxnCo9vUweQ5gXHsqXWq9wqUWQmY2yH5cZq6:12000000000000000000:OKDOT:CHECKMYTH
12xH5z5YKUNWtBSi55bnsrmSyYzMRPPcEMfsmhEDABSEBHFF:12000000000000000000:OKDOT:CHECKMYTH
128fjgjn43g8oNzeP1FxTGaorD7PxqGSQYbA2yV3Ffn6vCDj:12000000000000000000:OKDOT:CHECKMYTH
12p1d4FthTt4vwFfhoBM7HZE5frBU4MgMbMRrPWnDptPqh6e:12000000000000000000:OKDOT:CHECKMYTH
13fTPpBwytctcsgjLDAaPj3aZTqB99RaS7ky5FG3z7rBBf28:12000000000000000000:OKDOT:CHECKMYTH
168N46yGDJ1dMeKHnCu8yq8U4o4ubzjm1HUvkmJvcRVJX4F4:12000000000000000000:OKDOT:CHECKMYTH
15AthG7sny5C5dCZ1k4Hk8Ds6PsS8zEesnKNQPvibPmrvLwQ:12000000000000000000:OKDOT:CHECKMYTH
13hpLq5ngcJV9CZbZdFs8zFK5raMwMnxXF6iyi1mYgw85rEz:12000000000000000000:OKDOT:CHECKMYTH
12hbiyg78QAdosSMte9FdbpjcPWXCpne3hEeN85runJCzPzM:12000000000000000000:OKDOT:CHECKMYTH
1izXoEsMJvNL1sQRWicfETsRc9qjFb5uteedaQde4XiAgP3:12000000000000000000:OKDOT:CHECKMYTH
15gTAK1dQxLEWBPyB3Y9Fu4jRFHmEKhtx7f2RHoaGVLBuSgW:12000000000000000000:OKDOT:CHECKMYTH
14wvtxR1a3iEVX2wRxFmx65uBGr3hkWQSHQRhcDuF7FbjVoK:12000000000000000000:OKDOT:CHECKMYTH
143o39iHrQSqDnf459EpKeJitt1LxsCaf8Mnz6PViysNTwHw:12000000000000000000:OKDOT:CHECKMYTH
15ZaN1AdXKfuhs56cNFiBSYXhhFTQXC8voZn5e77THzwU62R:12000000000000000000:OKDOT:CHECKMYTH
12ZNw2ovRcECuvdWHiVntQpEtLqpf1Phwsx7BaXxKBJHdt6P:12000000000000000000:OKDOT:CHECKMYTH
12Z3CjDHfpPTiwJ8FZqPzmWC6kS2VymCDztDG2nJZ9Bdyzxr:12000000000000000000:OKDOT:CHECKMYTH
16TrqNdvGW9CrLBrcKEWU94N6LyeKEmpq5oArGnQMmtsbwLd:12000000000000000000:OKDOT:CHECKMYTH
12zikHFu5fQfamhGyomravWFkYEE5VECiEz5QnJXXGreqwCt:12000000000000000000:OKDOT:CHECKMYTH
14bH4H7AYeNd5CNbY76Dmr2p7A63ChMGJsyEAT2NV9gKLwu5:12000000000000000000:OKDOT:CHECKMYTH
1u85ErgDTHnf4VTzbvD4mBSKKMxsSgaTVwr4KGgbShEquMD:12000000000000000000:OKDOT:CHECKMYTH
1V8j4CvCisFcquAub3aQHuZ6rn2t8uMpg27jwseSNAEoCrd:12000000000000000000:OKDOT:CHECKMYTH
13TfQyRXqRaCCVQXY1P6f1YLeYe3wXL2Qerg92DZMSqjVvFW:12000000000000000000:OKDOT:CHECKMYTH
14NBb4yhkR9W5LYAVdMJbCTXq1YG6ZB1rRkA2HPWzgU4E8jy:12000000000000000000:OKDOT:CHECKMYTH
15ewsgLcrtMjqncRyYgRHnvUq4fUnsqcu89N838umTh7KC1a:12000000000000000000:OKDOT:CHECKMYTH
15o2uNCyD84jj1H2uCzXLfGB7CXX7Zfchyu35nnkQX2R2Xem:12000000000000000000:OKDOT:CHECKMYTH
12n9it8cVDipgq6fp2pBE1thL694FQzPUpjoK7xxLWd3bLAY:12000000000000000000:OKDOT:CHECKMYTH
1tyVY3EzrLdzbTsqbAemUGmsja85HjmH8p4TNRsXuUBYy5e:12000000000000000000:OKDOT:CHECKMYTH
1ZMh9Ruqu8ZhXvdy56foxdF7tKLtZLLztvZCt7HkAfHAyDW:12000000000000000000:OKDOT:CHECKMYTH
1kbPRafnzkn1tVUayvfJskoMasJ3iqFhokZsvzSz7f4PhvL:12000000000000000000:OKDOT:CHECKMYTH
16M42kD2bfnteNwXZS5deMeMJJ6rpa8BLqkXNVQvJwiVgKZr:12000000000000000000:OKDOT:CHECKMYTH
15PrkEXzDMpkNN3XpatxenNVKp4qSfAr4H5f7y84fJBUzu1s:12000000000000000000:OKDOT:CHECKMYTH
14y8bJKFNtZBepRYZrv1EL5JJ5xXARevm9bmRjQFfxBSz4tq:12000000000000000000:OKDOT:CHECKMYTH
12AsQbU7FiNQgTr8UZQEmDn9onx2m1xKo3wMbJE28niADuQu:12000000000000000000:OKDOT:CHECKMYTH
14VwtBvXTsmRt3G3DBmTdfToQFQ4vTKehcPhzGQKzCqx8Zjb:12000000000000000000:OKDOT:CHECKMYTH
16D1wVJiuE22fEmHRveH6Hcya17gBLNMAh981LWJyD5pJZJ3:12000000000000000000:OKDOT:CHECKMYTH
13B35qsu5nAcCQrMy9cvh1mn2XKqegzmAbyKvBVXsYY6yyiA:12000000000000000000:OKDOT:CHECKMYTH
13WruibjmUEQ7qQwjEQnWeKVg1JprDFnLKZcMQG8RTWQQ2Q3:12000000000000000000:OKDOT:CHECKMYTH
166aHKKVrzrmSxh8Z7UMpESAYvF8g2SMBoekan7MsYQWyCDh:12000000000000000000:OKDOT:CHECKMYTH
15nUqRnfMnGvB64akNZmg6BKBjZp9gZbc6WxY9K9CpXx5Fq:12000000000000000000:OKDOT:CHECKMYTH
15JZYsSBfmErN7VFyyeoT7U21o78f4hzG8ufjpHEqKbMTZN6:12000000000000000000:OKDOT:CHECKMYTH
13fNqTsfsacYVYWimXjsfHqW7G896SSXHzv5uMUFNzQEQMEm:12000000000000000000:OKDOT:CHECKMYTH
14dpytQ913LzrDkSJt4wcoSbnfTKcubTFBtdpoq9ysZTEFLV:12000000000000000000:OKDOT:CHECKMYTH
15uu9ydkHqpY8HXvviiqqkpTYV8GQ2zdEELQzvwQSbGX3GNB:12000000000000000000:OKDOT:CHECKMYTH
14GBfaHVUWKqaGuZZGJkhNdUhzMgCrjwKSCum9AvDefamNa2:12000000000000000000:OKDOT:CHECKMYTH
16ZWz59Ngt73LaCDyraZnTWEahs9q42rKk3Nid5xXxfrgRV7:12000000000000000000:OKDOT:CHECKMYTH
13RTSi9s828Hz7XLBBhG8at8NJ9MRjfa1iRcGQqv83mCyEBp:12000000000000000000:OKDOT:CHECKMYTH
151TMx22ZRpxkdCtVhyeuen4duCYCzzqtjZUmnsuv6xHw51T:12000000000000000000:OKDOT:CHECKMYTH
15cjJpqEA29LEaW24F3tiKPUJUmkpvRXKkVQR71tNAYnu7US:12000000000000000000:OKDOT:CHECKMYTH
12nJpjun5viKMbufz35AF6U3jKfVV1aopNZmE9Q6nN9PoQJj:12000000000000000000:OKDOT:CHECKMYTH
154uAyhjsyW9mK5AudbFb6XxLaPeajWoGfWBZ15iJYyVy7uJ:12000000000000000000:OKDOT:CHECKMYTH
16PpCAeHYnNuZsYJNxCDMYC61HntzvNnhJaJTFcqz9rLXYfx:12000000000000000000:OKDOT:CHECKMYTH
15musPmYheNtbvMtTUqM8L4bxCzVziWFCn6LZULPfpL1gXhQ:12000000000000000000:OKDOT:CHECKMYTH
122dswv1geMthjY8S4PDvmpGAN6Fkp1iG62cQtPLgdxhwSAo:12000000000000000000:OKDOT:CHECKMYTH
15kZHgHLayKzgBN2Stt7j89qdaWh8K6HT9n2M4W93mdM73QU:12000000000000000000:OKDOT:CHECKMYTH
1442NRBKDgNt2Bise4atdfqtFAA3GK57MLdj6vqtkKLUEoii:12000000000000000000:OKDOT:CHECKMYTH
16SfgkZmGXgaKw2HgtFngGf1WY74SWzhubKqriDhRTLHmkDg:12000000000000000000:OKDOT:CHECKMYTH
12LAFBevEgEKz55FdjzrrWsCbAK45k6howHmMZ8YeJdZm35s:12000000000000000000:OKDOT:CHECKMYTH
12A8FrnW5KFpUot2xHoiz4pNZTJXprpUyjVP7ptZjZzoVE9r:12000000000000000000:OKDOT:CHECKMYTH
135DcYnj95bQCeZ9uVibXnXjUtAQTCKMMcET7bq59eScRJ7q:12000000000000000000:OKDOT:CHECKMYTH
12WFLiQgQYuQ44hskpPFAPEq41D3zhGhA8n6f1GwiGRvpzyp:12000000000000000000:OKDOT:CHECKMYTH
14CFnfyix3EhzzoEefmDAatSfh29NiWVWboqeMt7h4NEEXjB:12000000000000000000:OKDOT:CHECKMYTH
12xAgwNoKi5hupb8QPx7CT82B4efisB8jJZiqmeKeZq7tBSM:12000000000000000000:OKDOT:CHECKMYTH
12NiKUJabih89fd1pA58cEzTkPUezeqTLqGNwdrP6GTQU8x7:12000000000000000000:OKDOT:CHECKMYTH
15PSEFe7HiTWAKgN7xKzDhZSK4DsMQpGPEPq5AMkp5i3gqkS:12000000000000000000:OKDOT:CHECKMYTH
16K5vgdcvcayRxJursKVGp86XhqAFPFj3oFqtkXPwoz74nRT:12000000000000000000:OKDOT:CHECKMYTH
12HWP4XbCNc6eAVFGYozme93W6vwKtH3dw8RyrtzuYE7z5CN:12000000000000000000:OKDOT:CHECKMYTH
1FD3vYMEpXhBRLvN5d898upD24z11zNdxEE5nzmvkfgZtPF:12000000000000000000:OKDOT:CHECKMYTH
1Zp5B4kb73JRuTW6tBF3QBBDEeTA81bgVUQSKv8C27Mkg31:12000000000000000000:OKDOT:CHECKMYTH
12q9vLdGg124kYuEvJUZusq1TkpKHTUrfbRtVAXERDcDE6Yn:12000000000000000000:OKDOT:CHECKMYTH
12fvSoc3sL1yagGBjPa1SkbtkF2fp6moFvN5UTQEDdfAE6fp:12000000000000000000:OKDOT:CHECKMYTH
1KPqx9V1k44WYtrmZQELEV4rGnTHPip4vfc86M6y5aewXAh:12000000000000000000:OKDOT:CHECKMYTH
12rtGfzqtXAq5JEX5qSKtDeM4ghZZMMiwSBjiTNnhGxXXAV4:12000000000000000000:OKDOT:CHECKMYTH
15TVZLt1C2d5uHsraVZfAckspeKd51TEtVbq8rL3cS5Tp1Bm:12000000000000000000:OKDOT:CHECKMYTH
15ARyyK475KpVYgR8ng3Fvv3TAjWD6YSvT8JDtfJ4rk8GBmW:12000000000000000000:OKDOT:CHECKMYTH
1QMJSkfksyrF3xRjM3XPGLsZDWRoU9zX8g6ozQdSs9ccg2q:12000000000000000000:OKDOT:CHECKMYTH
15eYp3hZdBDwAAQQKQRxN7CGpperEUoP1aUt1pahSWoHnnMz:12000000000000000000:OKDOT:CHECKMYTH
1478dyF2QzVsxgqPVBQkX5uwNgcQbn9BKVcJ5znBYxXLXQz6:12000000000000000000:OKDOT:CHECKMYTH
16GqX55FCzZTChJBdRkNRxUVDCzBfdvzhHpAvJ9DAon6NcZB:12000000000000000000:OKDOT:CHECKMYTH
1hBngHDFo66DVPyN1AAfvUbHiyQoh8WhpHwRbx1dGfVSSbq:12000000000000000000:OKDOT:CHECKMYTH
12NfrqFXruuHmFsQ6U81svWqAwwvyX2ZAr5YSDdcJhoUQgQq:12000000000000000000:OKDOT:CHECKMYTH
12gEaam9feiWCFW6Sg4RbLqsC9YxyREQ6tWByUPcb1TB99RH:12000000000000000000:OKDOT:CHECKMYTH
13hDPW1Xo9y27njADy4HndcKUVtzXv9u33BgfpRKg83h964z:12000000000000000000:OKDOT:CHECKMYTH
1356e9Dahgugk8BXYtMpaLhUh7pmeiU5cR3anHW19fZyAG5t:12000000000000000000:OKDOT:CHECKMYTH
12Y6aGLiChRfqVZonZb6aLnczPJmaxW4JyDAqNQ5LAkUp6vX:12000000000000000000:OKDOT:CHECKMYTH
13m2gCyehN6MbCHvJk8J3UWh6PCVqg1eEviAGVtKoXdZ3WGc:12000000000000000000:OKDOT:CHECKMYTH
16hfedu35dJMR5GQfAaDTyKToYSdDuaNfogu4adtRnPS6WHu:12000000000000000000:OKDOT:CHECKMYTH
12tR2CdA1ZKSDXENsM1qKHFf1jo1eau7pFQzxWYE5Tmqz7zh:12000000000000000000:OKDOT:CHECKMYTH
1pfSg5hCX4m4P7HSckqHfHiQjNFXi2Za2CamVfgPDgz52jH:12000000000000000000:OKDOT:CHECKMYTH
13F3wLjYspjCK1pqCNrEHGkJppq5jp2qrbb4j9yEsFS8w6vn:12000000000000000000:OKDOT:CHECKMYTH
15H81jo6wLa7LfE4hbVUoZs7mhNcX9FFrceViPkzQxVaK7tP:12000000000000000000:OKDOT:CHECKMYTH
15AcDNvw57HpGjj94CBLjX2jUtDqUE5KpqDZ393CGGYDkfXe:12000000000000000000:OKDOT:CHECKMYTH
14B8FT49gt1jyeLHM75BLpfFhwzH2wxS9idmhLPtTebsANTs:12000000000000000000:OKDOT:CHECKMYTH
1tYQWALzgARRHeNkmQTjfQeFbkwqE5uwVkrHy1a8CQ2rP57:12000000000000000000:OKDOT:CHECKMYTH
14HBtGUGVqyoHhHEJJQuCiJLhWT21Qo6kx7Pe2HTGYPyACWJ:12000000000000000000:OKDOT:CHECKMYTH
14L1Lt4e4wgpfERRPf2zZTRf4cKw3VJSJjmTW3538SdoACfh:12000000000000000000:OKDOT:CHECKMYTH
1Yk5wyXeKsL9qyNFVN86qQ924VqYoHUhfxN3JtoprvGY3sw:12000000000000000000:OKDOT:CHECKMYTH
16akmCShQuYAzGF4dNXeAxDNr44BZoVu8e8FAoQh8ZQFvB34:12000000000000000000:OKDOT:CHECKMYTH
129EDCyZgzHVFdttSnxNBaBJyFXmtoPjeQRcQsF82dScvprZ:12000000000000000000:OKDOT:CHECKMYTH
13baByJwm3gTtk4RxdY7H7C7WiEE5SBQGuZe6eQe5XhYm53y:12000000000000000000:OKDOT:CHECKMYTH
14VTVZ39gf5a21QhAy1ApQA2ZPDcveLGphHR8DuDEdL3hDYG:12000000000000000000:OKDOT:CHECKMYTH
13n1YdyUf1cVxq86EPr8yUnLub7JYG8o1m5UHgygJAJjLze:12000000000000000000:OKDOT:CHECKMYTH
145QqWNRybJPKGQEzBovXse1oQJgoUqQcmqDWQJ7UtcoeikM:12000000000000000000:OKDOT:CHECKMYTH
12wqSJaDLkANzxubfe5yuh3qvZbCNRgvBnLDNZwM7GebUXjq:12000000000000000000:OKDOT:CHECKMYTH
13RJqmnjTi7oBRHtGyiwxiX9bM5whZixqy78z6XvBSrnZSWN:12000000000000000000:OKDOT:CHECKMYTH
11omXgXyvLLa5Fv3h7oD8nBnM5HhFvZyMKCFGkXcVMRJjHC:12000000000000000000:OKDOT:CHECKMYTH
12qHcZ8rYoeHdAVZvvzHsMPcCia5WGArFVbgXVxJsKn4Wjbr:12000000000000000000:OKDOT:CHECKMYTH
12921vPtuFrpJjSV13qLwSst1YVHeTTt7H1n4VsfqMirby1K:12000000000000000000:OKDOT:CHECKMYTH
14TZM6gwWRaJyVwzVGKno2LSi9dp2ojcRjPbWx7yVahAW9oj:12000000000000000000:OKDOT:CHECKMYTH
13wV4keUtXSsqSy6hEq9HFUjTtQcm3NfashshuDLJRupJLwu:12000000000000000000:OKDOT:CHECKMYTH
1koHzbxnX1wATTRiFLH6RNNVjBLp7qeckhb8iaPr88NpWmt:12000000000000000000:OKDOT:CHECKMYTH
13cMoK43J5mQUYQCfJ1MMMBb5h39qDvHN9tuLLAZkmddKT1h:12000000000000000000:OKDOT:CHECKMYTH
13UVJyLnbVp9RBZYFwHZ1tdESpZy3XZzRVm6CVLPGad7ZhQT:12000000000000000000:NEEDED:CHECKMYTH
1kAAx9ofY55D8JQ5zPAJapz167CjfXVq7iWziLTJZe6YgDY:12000000000000000000:OKDOT:CHECKMYTH
1wu36rHaMCkGZPn4yvMYoukYcp4yLuK6RT4WMuRAkxgoKN6:12000000000000000000:OKDOT:CHECKMYTH
14bPJW942tZLqcoHUgyxJ2FiJJYkw3N2iRMm5RVwKpeBkA8p:12000000000000000000:OKDOT:CHECKMYTH
1ps1D19XpWq5qTzJztmpqE7G1i3mVt43qPnwR9M6St2zzyU:12000000000000000000:OKDOT:CHECKMYTH
16Vq26SdaEdHeDvxZp1Xcg6TcyS5MwFMyq4dUhfSYNMBFrUL:12000000000000000000:OKDOT:CHECKMYTH
1jxLxF1FXqn9FH3B5cXNvzEY8ERCNFNq8hQonAQ4jaoEce2:12000000000000000000:OKDOT:CHECKMYTH
19zyCThaf1a4KhfjupCdQU2CWNhtGnzEAgmv9ugucokC5hN:12000000000000000000:OKDOT:CHECKMYTH
14QB8YNH8UnLtUyz2ohM91eYhkoReArX7UFSUjb3R5cUBypV:12000000000000000000:OKDOT:CHECKMYTH
13uCAFE2VbEkYZXa7RZqgQVCFTNTadC17xGDdmKTH4XRdpwQ:12000000000000000000:OKDOT:CHECKMYTH
15GvT6NiNgndN8EzeSWN5hJDpjHyWBEqYYMkk47saV4cBVcZ:12000000000000000000:OKDOT:CHECKMYTH
1pu8GeJE4ThuboXccKJnZQ4Tbeu7bpfaafFjYSLScV97Q19:12000000000000000000:OKDOT:CHECKMYTH
15r4op2mrzUJhhRr8cGGFyn3NXX3qTTkt7Y7CtRcEQDqBfgi:12000000000000000000:OKDOT:CHECKMYTH
19QukgpNocfJyEwVQC7fbDwAQLjKw7qtVhNFvuMXGBsCM5k:12000000000000000000:OKDOT:CHECKMYTH
1nKqZEdW77giaDxHUi2YKSZUeAQSYgzejaVLzv8JmR6QKAW:12000000000000000000:NEEDED:CHECKMYTH
14GoETnP1FuAxZo5HFFCzfVTdpZBzYWkn833pLM56VM1web4:12000000000000000000:OKDOT:CHECKMYTH
13XJELUsgFV1gVUviXvezweNx5WJ6JHuTXqxnqEgo17ji9z2:12000000000000000000:OKDOT:CHECKMYTH
19wM6xXFwkpYxzuTfJoMkF1LuX7cUSA2epojWd9dVJmhjVW:12000000000000000000:OKDOT:CHECKMYTH
12W43SvTbPiog5NT4dnMbqet51xUPScKM8mj3B4z7GiJBscp:12000000000000000000:OKDOT:CHECKMYTH
13PywkWuNrYyjsKqbPLfraYLKGXtXGqPNWg9267WD2fU6reF:12000000000000000000:OKDOT:CHECKMYTH
14f4uNDC4FmWTaTZHsbNy4A2jjA8jD6K94Eb93EeGEmEyBve:12000000000000000000:OKDOT:CHECKMYTH
15uatQayFLxyB8nQdqsuNFpBhCxD27rdHSx5qh926thzKyf4:12000000000000000000:OKDOT:CHECKMYTH
15zLbutCLfpHRxoTtHKCw5s4U1cP1q1U9CJVuQovUjVHZqeV:12000000000000000000:OKDOT:CHECKMYTH
13ByyjrJaGpikr2Vh8Uzrwh2WTHxGmU21MQoHCY1oV1DvWgV:12000000000000000000:OKDOT:CHECKMYTH
1Wwm86ptaZYSKsRkozAjxdrksYvM89vRJiyFtoDkBGSaZm7:12000000000000000000:OKDOT:CHECKMYTH
12L1C9skqE59LX5QRw85wYPz9HhFp22HQxagGq14qgDYVw4v:12000000000000000000:OKDOT:CHECKMYTH
133a89iWNKGhDkGqGFYcJTLweBaW2oza1cZV7ZfzhMS9tASj:12000000000000000000:OKDOT:CHECKMYTH
13jXN8uy7uvQgAyPd3LL9itq5FjfCVYXdPvL6Za5G8WHLWrY:12000000000000000000:OKDOT:CHECKMYTH
16dUCvkyhcKX1oG4Lf1f6TaAnAvTB1yuTsW1b3XA5Y6LoeDa:12000000000000000000:OKDOT:CHECKMYTH
14b1wRz1th1UyBFYiNx2Jx3Hkc69s8ZdxHcJNyRfNjQqexZ9:12000000000000000000:OKDOT:CHECKMYTH
12DhhAw631FzcfBYf3aXNxq9QyMPd7WmCvsJaxfuyLEdDNYG:12000000000000000000:OKDOT:CHECKMYTH
15KzRvQz8pcSYAUFCm6oEqc8S8MBs6AYjiCFfWqrjWrn59P6:12000000000000000000:OKDOT:CHECKMYTH
1jjkHFg3YmbYDw1muTPJvLLDYetiYiigYoo3ebMeeqK3qNc:12000000000000000000:OKDOT:CHECKMYTH
12x97FDEHKU6oue9c7ku1TcFPLGxHuzhn36XupKXXmto2qxH:12000000000000000000:OKDOT:CHECKMYTH
16EDmdYd6A1g4Lxsa9JaKFtqkPiqWWBPVfjJoQaeQJWUyDR3:12000000000000000000:OKDOT:CHECKMYTH
12yqD31eixKMywuiypixRJGhgJhD6PeUg6fataCYd2uK7bZX:12000000000000000000:OKDOT:CHECKMYTH
13aywsCdKjnBufAWmxGWTSUfycp7JRQdKEr69fgtEaMo75hf:12000000000000000000:OKDOT:CHECKMYTH
1iH6CQxEHaiAM1Xp7MKRuQ743mCzDFZV3k195dd174gHf8n:12000000000000000000:OKDOT:CHECKMYTH
16UuEFUTaE8QFon2zQfjwZPmW8FoRcZhMYF6fPyi4CaNxxEb:12000000000000000000:OKDOT:CHECKMYTH
13kyDHvkVymtfxZAidpuAUnXQZJcBYXBZc9zFwTHUZHUU9wS:12000000000000000000:OKDOT:CHECKMYTH
154ckVVdPB6UUgpFfpNuXaYSB4WrTokAZEwA5JUtCxVtwhUf:12000000000000000000:OKDOT:CHECKMYTH
12GmCXV5LKGZFgVuZwqqnGaWR332QTWGcYMUX1wxAJ9nGG3S:12000000000000000000:OKDOT:CHECKMYTH
15Lsnd767g7fJ81i36RyjVFmTenBFCnYsaYCtc9LMEsH9EeX:12000000000000000000:OKDOT:CHECKMYTH
144Wscud5MTtfde2Hxju9iNf5yxkDNb1oGdSxYsEh6AojiNg:12000000000000000000:OKDOT:CHECKMYTH
13NCLd3foNpsv1huPDzvvfyKh37NEEkGFotZnP52CTR98YFJ:236000000000000000000:OKDOT:CHECKMYTH
