123vBd8L2usdkRaLuJvGUDyy2iUkjBYzAjy7GP5tNfSq967V:12000000000000000000:OKDOT:OKMYTH
13Y395iehk7s23GHdmJ8M2vUGAhuoNRTmaQUUHKnSUZeMiBz:12000000000000000000:OKDOT:OKMYTH
1pKsDpLSWz1NDwxRq2m7mjzU8znk8i9LAspVKyBUhacZCiq:12000000000000000000:OKDOT:OKMYTH
15Sh7GS24qkBBE1S1UUBDYXCdqFbsHhH7KismmPXhMmWvowz:12000000000000000000:OKDOT:OKMYTH
16kr4taLfUxsvhpC4ydF3xJALmJcu4ZJwsjzFFntZ9wSNxuA:12000000000000000000:OKDOT:OKMYTH
16T5GNJCRiLMTFJZgeJvj3pshVSfLJdBoXDff7AM7MHbReQd:12000000000000000000:OKDOT:OKMYTH
14H56FpzM149wA9UpZDNFBLb69dCyjRfBeWd1AeLoYWMMiE:12000000000000000000:OKDOT:OKMYTH
1HAY7TUCkzNZxvYYBfV2czZHfefJi92g7RfHQV1MBsrtyYb:12000000000000000000:OKDOT:OKMYTH
15ib1oiXvpJ36TmaADPhBJffsHCmGs7tghYKSCrMh8Lu3m6P:12000000000000000000:OKDOT:OKMYTH
15orCyyiELdeR6XVTTN8o9X7hntcyknACASdVnMESZ4dimeb:12000000000000000000:OKDOT:OKMYTH
1qP4eGq75KE6tmTaGtao4P6RM46JA7W19sLfgRrRpcMKxvW:12000000000000000000:OKDOT:OKMYTH
12Zqn2D9sGQVUrszawp4CsynRMzbrRe4nXpd14oDLGi7Wctf:12000000000000000000:OKDOT:OKMYTH
1PaqkdpsCNkJoiEe1C9LJHqCCjsMVfSqTBp6CURPRsMFkPN:12000000000000000000:OKDOT:OKMYTH
15MyTVtgECAcFLyScrpaLfXSFxQnz2KcdWSVzuDrqzXkYomR:12000000000000000000:OKDOT:OKMYTH
1543s78fV1X9UeVVWwdKTw9BfoTJpJtb4JEMaS71G8yp12PK:12000000000000000000:OKDOT:OKMYTH
16ha2HUWWiQhWZUz9fTgR827HfPVn2mb2z1dKTz1D6spDpxB:12000000000000000000:OKDOT:OKMYTH
153catYvDuzzf5pwBJvZpG85pbCvVMaNKRxEmirepuXCsGCY:12000000000000000000:OKDOT:OKMYTH
165A4AiNxUTyyzKduRGMRpaUNWM8zwBPbYaiQa6a75YwzReR:12000000000000000000:OKDOT:OKMYTH
1u1efbWiB5Vzr3ev2bR2q2TmVPYJEnVLxAAjoCdhWNhfNPa:12000000000000000000:OKDOT:OKMYTH
1HTtH9aWFCqnE6X4hG7Zq8wKKjzErffoscEEuQH7SLDnzCc:12000000000000000000:OKDOT:OKMYTH
12KoQV49os24mywed4DyPsvSX7qWmx4ZSpDQEvfVVeoegMjH:12000000000000000000:OKDOT:OKMYTH
14M3SZZv9oHEan36w7JDWUZJznKLHSs3yMCnJT5e41V6uH28:12000000000000000000:OKDOT:OKMYTH
15BVVPrwoofFqzcG83coWMVSYJTbsgyUK3AkDppvrbWULpiM:12000000000000000000:OKDOT:OKMYTH
1R9LhVFzruEABti4P8nTYCAxnMPbEuM4BWaEUHjfxudMBw6:12000000000000000000:OKDOT:OKMYTH
14MCwDZ9deJ1Fs4YQMgiYnWnCSyebpMQCQwVG74djyPv216C:12000000000000000000:OKDOT:OKMYTH
15CoFJqrEVBYgEHo1re73RdDofsC1G7oJ2L9F4SQvN7D5u9z:12000000000000000000:OKDOT:OKMYTH
1dk9KRuAosPBFgDDRyDBrBXcphMidaF46Qu8FXz8yy3rcMM:12000000000000000000:OKDOT:OKMYTH
1PXrDB43o3LcBF3HctbY6zxiwhfbcAfkVW9ZhVoFx9hSuJq:12000000000000000000:OKDOT:OKMYTH
14sVEmzGYez9U7EXYcrDXLopZqHkaf6wXr4heq52zAysmXqj:12000000000000000000:OKDOT:OKMYTH
1NXnfmQ2rfKhBZUW2XhzAZUotyAfuNr78iedXn83aZtfib1:12000000000000000000:OKDOT:OKMYTH
1K4FjD1ZjgGibDX8CwEDdnaVDvsb93uYNykNUgJ5XpagpVF:12000000000000000000:OKDOT:OKMYTH
1rH5Z5GLXChG42d4y9gx1wXgVTqXPiqnw1yRkroGJgefiz9:12000000000000000000:OKDOT:OKMYTH
15p6M2GzXrUBYQ1L3rHGZMsrtb6GCdvzmkUQgbN5E57i4Hyk:12000000000000000000:OKDOT:OKMYTH
13h9zMAMZJG7rhpijmNmAS3iESD7GVeTSL5d5ykeZ7CYAfUa:12000000000000000000:OKDOT:OKMYTH
126CcXGZWFoedNGccP2vGhJLc533Pwj5Pmox8smoEzrY2bFj:12000000000000000000:OKDOT:OKMYTH
13jPev1gAh7kKhjvgoYbYE1i1JbyLXmJonjFrwS859GHaEEk:12000000000000000000:OKDOT:OKMYTH
12gZhGjffVwBqUHWr8cfuB7THdy6EZnpKncyVdGNsBsjroaN:12000000000000000000:OKDOT:OKMYTH
14EVdn42wUkLuQLNKQSUp42xqQvJXU8TyMS5JmwNrgmU449N:12000000000000000000:OKDOT:OKMYTH
15M1jeFShjoxnet9LRGDp1xiPXxRPgj4zBrtjW1hfQ5SgBt7:12000000000000000000:OKDOT:OKMYTH
14MZCmgy7giC1WMRU77CpQU6EY63xFrbqwtxR99rDypXdYsk:12000000000000000000:OKDOT:OKMYTH
13MiwRqqbvaRauUJxAFv4gzTbYHh6M7o1wu5osqvJ8i63cE2:12000000000000000000:OKDOT:OKMYTH
159htfYyTULWqMWeT5VQz8WcpFP7mgQNzzzkR81rQSSEgKvi:12000000000000000000:OKDOT:OKMYTH
1u6teGy5tn1efmgGZa4niad6NBivLYPsasBiWMhD98uGtLC:12000000000000000000:OKDOT:OKMYTH
13BNaE99QUCSbsBaLoyYANhZ87WXPToGrrN8A6dAJS6F5STX:12000000000000000000:OKDOT:OKMYTH
15KV2MH42ruWnyHALvrqWfBieNaZaZsGFcdPmpZ7on4Fy3PX:12000000000000000000:OKDOT:OKMYTH
16knSXyknzktt1M2SiWy7cHuyXSfXq46tHvpwF51f2Kc9AyF:12000000000000000000:OKDOT:OKMYTH
15T3sqY7KfezU7byh7PizwG1rgD51xyVtsKGpv114rSqAaT9:12000000000000000000:OKDOT:OKMYTH
14EmPe893EZvuK2kLhSLBYgnH5geu76zdTJJJTnrG81Krer7:12000000000000000000:OKDOT:OKMYTH
14YvP6UZoU7hrsgKbKcrwBMn9YvNQZoa88BtXVqBBr8TffkW:12000000000000000000:OKDOT:OKMYTH
13XZAh3VVTANvr6Uuo2Q3rqppTK8M1qp5JFNCSJA56jnCW3L:12000000000000000000:OKDOT:OKMYTH
14xBEDZSpNpU4J9JXntcw4NTscCJ9HabA5E48jqEMaSGdKWE:12000000000000000000:OKDOT:OKMYTH
1dVTXc32eZtKTW5p3WvkguZQ1w86bfLENva5vpRhvYjH3VG:12000000000000000000:OKDOT:OKMYTH
1cGotw6wdv73mbae4wCvWhAZCC1rNkZ6Qy22MneofTHWFis:12000000000000000000:OKDOT:OKMYTH
14RyphUntk1AspxbgcHWSB1LPFXPCEfjHC2JuLhiGJYt6266:12000000000000000000:OKDOT:OKMYTH
14e6F8ZmCvWMfeih4RBFaF2nWGeoLTcsqBJaX6B5Qxh4bTQz:12000000000000000000:OKDOT:OKMYTH
1ooEmQG8T48SwTQJYHLH1sFEAEbMnLR5YN1sffp4jmKF8cy:12000000000000000000:OKDOT:OKMYTH
13AvRPmcEYw23SYPAQ1gUiSFMCvve9wYNYusGErey43Z2CRH:12000000000000000000:OKDOT:OKMYTH
125unLZxzSJCpWoLY8xGiC73aEXKgDDH34RrErAoypMdR8Zm:12000000000000000000:OKDOT:OKMYTH
13Mt7fiCK5HHZuUMfSpXpsscVj9AA4MbThTtcorKosCKJzbz:12000000000000000000:OKDOT:OKMYTH
14Km5F9u8N1LAKGug1YBL5cNuWsCkxi3H2JpxetDCqMBQwqU:12000000000000000000:OKDOT:OKMYTH
14LzhaSVtVbB2hYEjBNQHMGYaPfvtR4qbpCwtye8ks4sYJfZ:12000000000000000000:OKDOT:OKMYTH
14HCqoMpEJqsswpBaSAKa5WWpuYcQu31Qj71jqnEvH5WGaNP:12000000000000000000:OKDOT:OKMYTH
151ExuXeY8HcDbKyiSBFioupQYsMoJKG3X8jPkEqahjmjohF:12000000000000000000:OKDOT:OKMYTH
16ABKV8R2NivxCvxPrUmCkvUrcNHsyioM7FAZkh81H4wTyAf:12000000000000000000:OKDOT:OKMYTH
1377bhHg5vpLgyFH6F8xRmPJu5FaWBfrWE5L6vAkZCY3K2CR:12000000000000000000:OKDOT:OKMYTH
12L93NQmzHHkmc34MstQTZExSGcovE37NA4VmDncET3GP9zK:12000000000000000000:OKDOT:OKMYTH
1533jn2gwCqpYZ3pxdG55K619cnMkHQMoR8yvvJs28ZLmpPn:12000000000000000000:OKDOT:OKMYTH
16Mcb3qW7CqpuVpB1zn6dUdbKbfMdNZo69PT2PdrGED6AEsF:12000000000000000000:OKDOT:OKMYTH
1MGgmubz78UtgpfiG8vhZJ7wt4kcLdTVkULkxkriVmyYK4Y:12000000000000000000:OKDOT:OKMYTH
13wrw3AxBsDvjDrWNnym8vppf1Dk3XLUk5aEWiA9BtkzsCcP:12000000000000000000:OKDOT:OKMYTH
14rvC5WLuVGxorDNbEhJqNSCgzQnEK6wtB8LN4FBz9pYSF9v:12000000000000000000:OKDOT:OKMYTH
14LGBjtW9AyR6pXxL4K15rEtuJo1KeakEinbbaurd8CK6FVQ:12000000000000000000:OKDOT:OKMYTH
13dquXM6qhFJCt8XKiFuC18cWb6eJWe8svfujkoAReM9RLQR:12000000000000000000:OKDOT:OKMYTH
16kf8vMys6Lbxe8uW2X8nVrk19disiK5Qi7pGzss7S5UH5ut:12000000000000000000:OKDOT:OKMYTH
14x9uqqEis7VcYNTXQS2H2BRpnn5zTgEtHDGo4tYAXdkYzyc:12000000000000000000:OKDOT:OKMYTH
13YqhyRBBTUEbUE7QyzqWsQYjDV2bSvXi5wbAmqAkELMDhvu:12000000000000000000:OKDOT:OKMYTH
15gzqnxsYr1DR9NbWLVoHcDmvSJhPQELPsTbPWX8gXEJJ3GC:12000000000000000000:OKDOT:OKMYTH
17PVBtGPFze15CNR2t3JdkmBWUtDewY5dByzRWwDd3cG9CL:12000000000000000000:OKDOT:OKMYTH
14MvGvt4Zx1bBMU85awjYBxegjkhyjcXdVVzEkTB1xSweA3P:12000000000000000000:OKDOT:OKMYTH
14DiQPzr95ADSmSMWRMZiLsS46Wx14awXg5e1aYKCrFym5ta:12000000000000000000:OKDOT:OKMYTH
15k6DA8N8EbsDDaymdoBYofnwbQ8XAmpoQT4mFsEVZ3rYSse:12000000000000000000:OKDOT:OKMYTH
16hjKWcLNkbsKksNWsMygcscPJ6ZYD5TZghoDkAtiYJ5ymWQ:12000000000000000000:OKDOT:OKMYTH
15V8yErUNnRHaRKMVMsUZgj22r3vjmoNoVfi9Msun8QBWmNy:12000000000000000000:OKDOT:OKMYTH
13hAM6q7mMNhA5xjXqdP6AsTPeeiPRhwvUs4wX3fuNmcPh4V:12000000000000000000:OKDOT:OKMYTH
16dnq9vAFLcavCzFXAH3Be3YBRbsccipMaQa8d53Gkbi7b84:12000000000000000000:OKDOT:OKMYTH
12eH5MdKeLkdHHvGY2tCoskpDYz2VgwABtxTgjJuESP2kPxp:12000000000000000000:OKDOT:OKMYTH
15JHsoRjWTPAfDeYY8JsXcrX5sLirNAWvVt7D14fBzZ8bkK1:12000000000000000000:OKDOT:OKMYTH
12NH6FJEmBEYifcjebZv8p9KtHYyaiyYX9jtgFNQeqK7bLCc:12000000000000000000:OKDOT:OKMYTH
15krNhGxxZfxgLcC5hv2NEt1HWnX7CGBE3DF5kjKkCBu2oLg:12000000000000000000:OKDOT:OKMYTH
12LrMGZvXo2GfA9teWTvGzGJzGWb5rJjaNiQ2YcjeFT7n9bw:12000000000000000000:OKDOT:OKMYTH
1gFSBExbzc9ZrmtjBaLBA3J3z9UPJgjg53XEYmVE4cryxzW:12000000000000000000:OKDOT:OKMYTH
15xkJyVN5HZhDexNYaUKjoD6Rcxuro5nUHSvLcs2DcK6wfLF:12000000000000000000:OKDOT:OKMYTH
15B6qjgv9xCUqtUNA8aCkUVw93AMYMeJnqQKAvuHGW7XHzfV:12000000000000000000:OKDOT:OKMYTH
13irDUVTvHWQHcP21h5ZqsQRJSjXJYzzQwm9BwuEfc7furY5:12000000000000000000:OKDOT:OKMYTH
1hGwHSichX9vN6c1LzCpW6u54V6i8a84d1A15sWxC6NyFgk:12000000000000000000:OKDOT:OKMYTH
13jDVXMfpDuoFY5KVhTqDQeARwswxjSsCK4uAkTGzxGotc3a:12000000000000000000:OKDOT:OKMYTH
13VSigjxVJSwmAmk66FS3npg7Bs38GyFMfGxt9hMxKy6RPEU:12000000000000000000:OKDOT:OKMYTH
14Qk3uMoBDMnPXiTbTjTPcAmjJqPj2X59FSMbzBYZdoZaSZC:12000000000000000000:OKDOT:OKMYTH
11GbL7zPrFYoUhnViFb74AEN9SjHN3vB71XmbtefjsT1ATo:12000000000000000000:OKDOT:OKMYTH
16dwda1DbyfDkVpN4s948cqtLU7t2Xq5wi1G6yHsyNaWo2AC:12000000000000000000:OKDOT:OKMYTH
1wuMvfMHfC25LpU93QKJCC9icc5ygUQZt4Jq3WgxZ3WzWQ5:12000000000000000000:OKDOT:OKMYTH
1jfiPwBZNBMHd2ePTh2wre3MLV5MV1ucKV1pbGzjgRN2xQX:12000000000000000000:OKDOT:OKMYTH
18TZcLDiHHgydTAsZhPSqA6iJoXYuesWhRx1scvwpSxSgcP:12000000000000000000:OKDOT:OKMYTH
13fqJcLNJrBnx51FT7dk4fKXajqJU8m6E15sumrZN8XK32wx:12000000000000000000:OKDOT:OKMYTH
14jT8ERgyjbC53xy7XosJuQoMDt4zWBJUhprhniteqn8PfED:12000000000000000000:OKDOT:OKMYTH
12GF8FbqBKPsb9mR2uoRT1DNeoWbLaR24fKJT6P7mXGYJd12:12000000000000000000:OKDOT:OKMYTH
1dN7UmfeNe3RcmHDcLMy974onY17mNbVfHogKu2MAvTzeqt:12000000000000000000:OKDOT:OKMYTH
124hqxAKesFKMgzzzhVDWiiG6JPT8EmoNwXttaMo2kL3LWnd:12000000000000000000:OKDOT:OKMYTH
12FX7a1Bqk4uwHU2DVy7p3rTxvSkLazrYTBooxcRTXJYgyVg:12000000000000000000:OKDOT:OKMYTH
13DvAUDiinaoMtUTq776NpfUwmRqwKaNo5bJhfrEjVVasihU:12000000000000000000:OKDOT:OKMYTH
15dygFWFSoSX6jV5w3sW7AJRZ1SAQh55e429Fb3oKuwqNzet:12000000000000000000:OKDOT:OKMYTH
1SxqTeTT1vLWEtpvhdw52sKTAdmr9kmY6chhi8aZpNuapt9:12000000000000000000:OKDOT:OKMYTH
16ZAGSqZ8itap2d28F7NZikhuW3UUxESVAWcDJET3ga47jkx:12000000000000000000:OKDOT:OKMYTH
16czP87VRbAkaxcK3Msh6YApgtZjt7cXikGpMRHyQENqneYr:12000000000000000000:OKDOT:OKMYTH
15YjMC9js2XiTMyoawbjGu2tRoHByLGw2SoyPSj19E7rQ7pB:12000000000000000000:OKDOT:OKMYTH
16kuE1X8QsqB6sZh6XCs3FzsWsJXfdcfYhenGX44FW9Z1opa:12000000000000000000:OKDOT:OKMYTH
14bBj7r9kKR51NXszFSnuxxxNAcxNMTqU7ciAJXuSEc75rzq:12000000000000000000:OKDOT:OKMYTH
13Ti4YLehRYcLV6dJ6Kqcb9hf1zuWhatJm3HnST2xWVD81Wn:12000000000000000000:OKDOT:OKMYTH
146ZR3KasffsNmYpctywTD68J45pUjicpFLJq2Y6JSgt9ha1:12000000000000000000:OKDOT:OKMYTH
13kHCB95Ld45N4moHDqaiVW5eENfxdawJabjnydVJnUthB7S:12000000000000000000:OKDOT:OKMYTH
13Lao88j6bwKZE8oSk3yhmuQmADjxmzPUkwkNwRvvX4A358B:12000000000000000000:OKDOT:OKMYTH
1e4UJq2KLk78DU6rufszEjLV2QMuHe4mAsmpPnoFjwgSZWd:12000000000000000000:OKDOT:OKMYTH
16hCricb48bciFr8XwNgmoTbEjhdvwJujg5Jkx4t6yLtLhrb:12000000000000000000:OKDOT:OKMYTH
15mLi7bPigwzNiTjczuBWcez8Hr7zmT5daxQGJT1uAUvCfwB:12000000000000000000:OKDOT:OKMYTH
12GkpkHocU4y1vFV2CpnA2AhkjzGGRtwucHFY77A5yyiQKp5:12000000000000000000:OKDOT:OKMYTH
12nYGCaiVCwCdzFADr17LAKYciTX4w4SKRyBde8hQvA9Bd7e:12000000000000000000:OKDOT:OKMYTH
15DvZ38otLAXLxeg2G2xq4kQpebfeaEjT5dX3evstKyyfJwY:12000000000000000000:OKDOT:OKMYTH
12khxZJTVZtjJQYH88ZgWZ1MkLVdP9PWhSXyMQZyhei2jJm3:12000000000000000000:OKDOT:OKMYTH
12ExFkQJLCpqfZD6aEZhhQentxrtNe8GFfvPWEK6WfnoK69q:12000000000000000000:OKDOT:OKMYTH
13aoc4YBLRcpN2Fm71gPGiv4ARXrPP6pEkp7kZccPp8m9U4D:12000000000000000000:OKDOT:OKMYTH
13zBSHhA7tDUy3NCCUHHgyx6CukoehMJAdhpB8LVcyrRqpFP:12000000000000000000:OKDOT:OKMYTH
1D1wCe39CzXes3Jetfxomi6b8WMursjW7WEyR9fwTovrh4N:12000000000000000000:OKDOT:OKMYTH
15QQ4X9CgNujRw8cv9VJHWVftA615DjL2SA4Dg7VvcANhLeu:12000000000000000000:OKDOT:OKMYTH
12UeU6nz94saL9wn7nuRvQnMuzCffwK3oCTehcP1CVCohJwn:12000000000000000000:OKDOT:OKMYTH
15uSc3EwJx7NGGBMMPACpPHtgrJLHvZe6sjK4i7gyQFeHKZa:12000000000000000000:OKDOT:OKMYTH
12KYR6mJDMiVBeczoDzCNfJGtaSeGrQvkPCGde113m6e6z7M:12000000000000000000:OKDOT:OKMYTH
1WBMiD1HTHPE5JoCYtx5cuM3DyraAoPkKpuvwTThvZwugnv:12000000000000000000:OKDOT:OKMYTH
135t8eV5NPVyM6nfgXtUvgomkNfGq83PbMRYZ2fdnLfFDA6K:12000000000000000000:OKDOT:OKMYTH
12Raw8qP67WxfaPLEuFCcgMMCnSZ1941URrFyZUvv2ci9F5R:12000000000000000000:OKDOT:OKMYTH
13GejK5EdEXZjvNh9EHAmsDH55wESHoHnYgp9e4VtwtWRpH7:12000000000000000000:OKDOT:OKMYTH
14WF4JQ3AGq7CnzWVZnMwg7LrqxNSmQ1iupZUM9MbcHqwVbx:12000000000000000000:OKDOT:OKMYTH
15976eBu3HTihJS1KRyKojumWbr8L9tMb4ZaSff3tXq3n7Rj:12000000000000000000:OKDOT:OKMYTH
16RMsYAsXKMmEApBkB1Ygi5QpUT67U2uD8ii3a358mErjzmW:12000000000000000000:OKDOT:OKMYTH
121gbF6uxHNEAr7gum2LB9s8YSPHpCRHVVhvPAQ2BgeQ7NkV:12000000000000000000:OKDOT:OKMYTH
12g6godC6zu9mF33XiyrdyL2xCitwT47UxziyD4uP1WsXA5E:12000000000000000000:OKDOT:OKMYTH
1ntdG4P4oc4dFgSQrBYMYPU47NRgDEq8V7aJ4Bjr8Qv6EH1:12000000000000000000:OKDOT:OKMYTH
13dEsMq8ts5gsm9kg3gM4HGsB49eerjqY79w8LtEGuCyPrjz:12000000000000000000:OKDOT:OKMYTH
14HaYWxq3y7QVaZLmBCjVUewNHozqP79Gdw3AoNDFgtrPUSN:12000000000000000000:OKDOT:OKMYTH
14ZgBm9JTcKjFCSrhvKYctZtHoyoU7yEBNsboCrgEgqFhvjK:12000000000000000000:OKDOT:OKMYTH
14c1XGkh2xuL7TA2a8uAu4R7FbE84D9vhuYdppgsqpR8TH8E:12000000000000000000:OKDOT:OKMYTH
1FNy2cbPgsuiLuu2sHBCRHKiMg82ZHaqfzesWFvfDgnxxUQ:12000000000000000000:OKDOT:OKMYTH
12qGnyoZAJRscCgA71qPJ6v1gFneiSPDmSSCtassdpKuCdkN:12000000000000000000:OKDOT:OKMYTH
14gkhHwN5mLNYWdzABQHvdtn5jH4FYxqXpBTRTfcEGBsUUYR:12000000000000000000:OKDOT:OKMYTH
12rwkrVv4qBWV9mtmoJ8jARKPKoZiFjsjYiTqBeUzKTw7Ezc:12000000000000000000:OKDOT:OKMYTH
14KYautxUyDjcGzwgRLgdrvZLWQR3QoWfJVdQpX7kyjk8fU8:12000000000000000000:OKDOT:OKMYTH
1sqST6ERKWbQ8ZAyhxqRnJN2Ma82C1UoQwLU1VLbhJE543U:12000000000000000000:OKDOT:OKMYTH
14MdgGzu4KbAt9Mr28dcJr85AcK119tNWZU3UCE3N5ENKtBD:12000000000000000000:OKDOT:OKMYTH
15FtMCcxyvGk6nazcwHqAEbL57WxdGrHygP4pacJQcg7X6Xx:12000000000000000000:OKDOT:OKMYTH
15UVLRv7uYLcK7QoHh1UucANu795ZjyWMWRcyXLy9eUSigjN:12000000000000000000:OKDOT:OKMYTH
12WJyaidYsdv9RE9o2Jc9KEE3riKLmhAvRRg9ANdSt7uQVMa:12000000000000000000:OKDOT:OKMYTH
13z14Yiwj4p3sDc5dqqoyVCgTUj11QNweSQYLXuZzmNR2iGu:12000000000000000000:OKDOT:OKMYTH
16FbwCht2hmWd4Mhwr5zenvDNv6ynLhg3Bhg6fYJaCo8dMpj:12000000000000000000:OKDOT:OKMYTH
14ZFBAwqAMcaygy9gN7RFgpEbQzx8vCKSTGoFPuL5DQHaQkK:12000000000000000000:OKDOT:OKMYTH
16bkTLn5fbAqU47J35UHg8eps7QFE2dUyZJPHU2qDzu9dXfg:12000000000000000000:OKDOT:OKMYTH
14CXiPt88KcRs16vZ3D2VC1DTWdm7GhqzSj2iz4zhhr3HgCK:12000000000000000000:OKDOT:OKMYTH
15Ct4wJep7xwDT3MsvdWBtrCDx63YZgRHCyAgVa7EWRdV1jb:12000000000000000000:OKDOT:OKMYTH
13yzhVn3AUND6pwj76N4UrhkSw8zDaFkekSGd9dwDnGUAbxC:12000000000000000000:OKDOT:OKMYTH
15qTqqtmUjnJw2gtQpL9241PNP5aFqVh9184eUWfFDKYVeLv:12000000000000000000:OKDOT:OKMYTH
14kouTNwoCVgix8hUzHyghJ1P6jQhYb7uAWxDo61tPRuoZf6:12000000000000000000:OKDOT:OKMYTH
15oRABwLdtowceind8XjQvW2aBBY88ToirrkqB5kz6VhQ2XP:12000000000000000000:OKDOT:OKMYTH
13hcQeS5Xz5MwZh3MuumN6ep22nAs7FxZUV5vcEfroRmMV5e:12000000000000000000:OKDOT:OKMYTH
12QppzUoJVNa18SgYJxMyq5gLYhKmUdEeZg42Xxgm31tpQgQ:12000000000000000000:OKDOT:OKMYTH
13fMU1KGrx8mu7h5AvtVmyLw5RCeY9NPWRtVA8GxeBzDd3YF:12000000000000000000:OKDOT:OKMYTH
13NiGNzkpe9Q1nMEts6jrozSTyWrnbQjL5LN2EgmHYpYHTqm:12000000000000000000:OKDOT:OKMYTH
14RhGyhCmQn3ngC7Hr2yCf1TNv5opZmvmuFgPc8B2JEJdvse:12000000000000000000:OKDOT:OKMYTH
12GNtHm4hGB8H1MRWENeMVGsBo8LXfdRC3UTyXh5dM1SKHr3:12000000000000000000:OKDOT:OKMYTH
12uJ3GiQVXn7hLCnqgNdW192sUbNtCZzgcYsEA7sRGn6838q:12000000000000000000:OKDOT:OKMYTH
14rCh3WKmDHkcom16ydC6Br5CWamEYfxF23FJsWed67AcgPe:12000000000000000000:OKDOT:OKMYTH
15LHQzrtGffK779jrJcNKoB5HavxctGTndDiCs3yGj1Ah3p9:12000000000000000000:OKDOT:OKMYTH
12md1d8qUHbkkZYrdHzsWBMXqRPT4H2tSBL683grPK3tyTsC:12000000000000000000:OKDOT:OKMYTH
12ryRKGjjq32ZuiTXZKkKF4UfTGokPPCV62Hfhp4udpDwRwi:12000000000000000000:OKDOT:OKMYTH
14pBNWiFXUN5tbsjurWh2fZCdstZYqmiQNbempRU1uVDadeD:12000000000000000000:OKDOT:OKMYTH
15EJsn6QMoPMGdWFH6qiGk1dfUWthL5QcdwqaKr6Nmweb9RW:12000000000000000000:OKDOT:OKMYTH
15idhy7bCo8MSwcAW6yi2W55rjbrBE5r31wN3Pb7fS6dWp8p:12000000000000000000:OKDOT:OKMYTH
16PA7dmt2eWXPHvY5sSRSEeJ2AAmjSWHJsawFf4TxaPbPzvy:12000000000000000000:OKDOT:OKMYTH
166NLSHBkdqjDzNUqwKdA1U44GciXW9L9jPh8Nw2X2uAks7M:12000000000000000000:OKDOT:OKMYTH
13oMvn6oSGkSxKsnMBEUSKQzGhiDWXdWcf9tzxSCGmME61P1:12000000000000000000:OKDOT:OKMYTH
13jJc8Gkd7CcJMPrhW1uZnZxsfXWmwbHSjNEgMHWgCSAAMn2:12000000000000000000:OKDOT:OKMYTH
16RTBLMsMMqrFb6nWgPqYfFUWP3Nuw6EgsvKZ2gtyiTKAa6c:12000000000000000000:OKDOT:OKMYTH
13jfQnWGtStN6YMfQSpkWtXuKrn357k8f4KyYHJjHrhAJQgn:12000000000000000000:OKDOT:OKMYTH
14S1tSSRMiLsaHP1vFmpQp4bB8jxjEVEjgKhxB6LMEa9g2Eb:12000000000000000000:OKDOT:OKMYTH
12qZuQWubZTQb4qfxjzqyohEB7SzFgt1UMrSJSVQ3ajvYH7s:12000000000000000000:OKDOT:OKMYTH
16gGtwfPsLe1uhc3yQKJATXgNdK3moGV6SPqMcEP3njY33bD:12000000000000000000:OKDOT:OKMYTH
15zR6Hau2PVxWfFQ2BiCmo8YU113qcUbcvUCoGDnRABz8ijJ:12000000000000000000:OKDOT:OKMYTH
15MKVRCjaAV4rW867WJoAKNCxJ2RmNdJMtdcY2W1VDJdcSGQ:12000000000000000000:OKDOT:OKMYTH
1X747BFi2yg95GGJzQU8c2TF9mY5eLqHaGie4rTcNKxJAvk:12000000000000000000:OKDOT:OKMYTH
13Kuan6NdKcyWwhcZ3rKo8zdwozTUiXAna8ba81dae63efxr:12000000000000000000:OKDOT:OKMYTH
13KAnUxEPcxLAMa7TiXd9i3ZH3dQBw1LsFfVfyiqBcAFqMoG:12000000000000000000:OKDOT:OKMYTH
12vJ2EZ1BHjkxVToWtaMXiLYGn3b5gG4cBvpShTvEzEEvmwp:12000000000000000000:OKDOT:OKMYTH
14yBVV3DnWaKmpHXSdDgxZ5yrjSnUwysDf5nwpFan99CxAK8:12000000000000000000:OKDOT:OKMYTH
1JamUPCw6HPBbhMndHihwJ4QQBGk99JAkXjAgumzxeh5QjK:12000000000000000000:OKDOT:OKMYTH
1vS4FxJgeH4Kr2SxNjSGafuDCw8m2nzNgQ3rGNoG2wYkTTx:12000000000000000000:OKDOT:OKMYTH
12pE86VpDLUjX4GWJptCwNHv5VBhYCY8AVHohNipe2XWVfGU:12000000000000000000:OKDOT:OKMYTH
12LBunbAZ1qsa2FjGKGrJX54qMgsLYsudqJNr9iqJhiL9jT8:12000000000000000000:OKDOT:OKMYTH
13ZcbSVKMB95SeQUzenkngYzeGB7m6rMW3X8e2hHHw9KHE2C:12000000000000000000:OKDOT:OKMYTH
1Foyiyb3vkwXGwTYW5ADa6Na3Z191EKnBWR5wC7aVTCN3cb:12000000000000000000:OKDOT:OKMYTH
16d6Zysw31k2TGcL4M3VEKkVg3d6s2yxy92Nd3dhk6G33YYM:12000000000000000000:OKDOT:OKMYTH
152pJVJnC12d6tWJVy7S8QNMLVpNRofBNv8Gfcreq9g1Y2s4:12000000000000000000:OKDOT:OKMYTH
13gTqmbcLsruJBgTmEt6ayPkYyjxG7mwW2n9DHmZRFEEcUWE:12000000000000000000:OKDOT:OKMYTH
1oDjFrrdaGsrZkhD9fTEAJWgtArBwXmYHYLgsprBjXNbamK:12000000000000000000:OKDOT:OKMYTH
12X3C2HPRynacg9rizgfGJgbajy9yFQ9hGXhSUhhkqvgo7gm:12000000000000000000:OKDOT:OKMYTH
12opQFAahQHqc4bL5bVPjh8k46pzM5GzhSkESwdpm5GTpzL6:12000000000000000000:OKDOT:OKMYTH
12Zj1eCepdMTxded8S3hRgLa4gqaEq5cZ1s5zsKaHUPZc44y:12000000000000000000:OKDOT:OKMYTH
15MZhgZQK6eDMWYW1iPyifT6U4pwBCVcffNFW5mva1F8ANMy:12000000000000000000:OKDOT:OKMYTH
15USoxEXHvFcg7Zi2EaEEGe7M8wapqQ19ftqCrcg8Tt9GeJy:12000000000000000000:OKDOT:OKMYTH
12bA5rrfiwuFAWUBYG3sAeTwue7qAsyeawpapxARGhAxgsuq:12000000000000000000:OKDOT:OKMYTH
13hRs7F9NSAqU32j7e5ZauthGFkgC1F7PT17VJnrpUszCjpX:12000000000000000000:OKDOT:OKMYTH
12myJnWV82LrPyvRzrsjEbEJkU3xPQD5efYBwZ21yyoH2DsK:12000000000000000000:OKDOT:OKMYTH
12arFP4BdqjLJHyECBWpZL2tQUzuFT5P832mv84dcZodrqeL:12000000000000000000:OKDOT:OKMYTH
16TjqrdaMjcQhAsvQga5XssagkCfNijKPiHuvaiWJBhz5ur9:12000000000000000000:OKDOT:OKMYTH
14yNENN99brf1urR4LXxekvFsWi7x4ddA3xiJ2ZikmebA7o9:12000000000000000000:OKDOT:OKMYTH
15aCPcKY925cHp36djYXqWX11VuDfHGKGtM2cUKACgkivkXF:12000000000000000000:OKDOT:OKMYTH
13Bs3CgccVADEqcq7LZKKq5kMUNvKkjrtaReGqHJVhUUNod7:12000000000000000000:OKDOT:OKMYTH
14L8DSbLRPoNcczhVRGvx4Cpje9sDYBG8ziYDvRzDYwZBK1L:12000000000000000000:OKDOT:OKMYTH
13rhGG5SWMSDTyQWeTefh3e1tiyufgCVUfeqAqRmCi3xUm7Y:12000000000000000000:OKDOT:OKMYTH
1WbqAXkN6DfSLBDBbb3H2iH6amvFBMHQkdvjYtrPZbR8NSi:12000000000000000000:OKDOT:OKMYTH
13mUQiVVJEgfn52y8wfBFrx9si3cF8bTKujP5LMp3myWdkVE:12000000000000000000:OKDOT:OKMYTH
12Pmu1j8DadZTwKnwK5jxg5JV5REkPUfyEMkvdYjWR7Ts5Td:12000000000000000000:OKDOT:OKMYTH
15x39mgBHnbbwmxiyrAgwH7JP1VF4HtX3GX7Trv3DJkiRVAi:12000000000000000000:OKDOT:OKMYTH
14h52eQgaNGpP9wcCNYnmyEYVbbd2GkXNKk6noRPhubHmG2d:12000000000000000000:OKDOT:OKMYTH
12LWdDPYADmANMTmr3QBP6Xh2jueWxTRehGbsQ3ixe9XpvuV:12000000000000000000:OKDOT:OKMYTH
16jfjeWnNK874BRPhEhqcH7X7Ez1afTKUd64LmaWZCRRpcj8:12000000000000000000:OKDOT:OKMYTH
1NznB9U41JrcRv1FZFges7zzCdSYyh8pLKtp2V9htjGZxoV:12000000000000000000:OKDOT:OKMYTH
15XzZY1SPnLhNVtc4ga8uN88SwHWA7edL1LW4XMacGX97Tsi:12000000000000000000:OKDOT:OKMYTH
16Wkwhz5cwvtq1cN1rLKtRrctRDPPVmPNjYTZjxc1uCZgDde:12000000000000000000:OKDOT:OKMYTH
12SSQ1UeemU7wMv26i4CjFViR8pPozBQQ6Xw8xEHLKUYJqwZ:12000000000000000000:OKDOT:OKMYTH
1hZbAC9MHdvy6c1sMPM8y4KvMTQ49DxY2U3KkkKYmQLQjxm:12000000000000000000:OKDOT:OKMYTH
16VHjKRpsyefGnxJrECvcnoF8DV1jeDnorunp6qKNZyCLr3U:12000000000000000000:OKDOT:OKMYTH
12AJmiaLJ91DA6Vymhhs8mnxgM1ovEGE62CyVwUsdEbG8Fkv:12000000000000000000:OKDOT:OKMYTH
14pUWXCRVQzhxL9r1reW3hUWufXQAK2yS9nEy6ctDeXfM6L5:12000000000000000000:OKDOT:OKMYTH
12WKiUxVro1rpofQB4yVki8bYWUjbsCWxo97VjpZvfYUSKN1:12000000000000000000:OKDOT:OKMYTH
14W43gJ1to5nKDssLKSUVpW9LFVpmfHA5gnpHzgjAsrtUYoc:12000000000000000000:OKDOT:OKMYTH
12joMT64uHRnEeEXFJDcwBZEnudeBnTPShrmxpVGCgBBPgif:12000000000000000000:OKDOT:OKMYTH
1Yh58BZR6T18ZSNMCx3p7SZR7Co1NgomKu2yCyHUhctH3as:12000000000000000000:OKDOT:OKMYTH
16FChXoMXDp8BBpsErcWzK1LERgGGdCvmdkrMpeeXQVzBPkP:12000000000000000000:OKDOT:OKMYTH
15HEi8ws5vAJK6vvTXfLvQTcNPZyGmmWwSmvhQo5S6aZf7zG:12000000000000000000:OKDOT:OKMYTH
13QtcYav8S2cDV7UxSQoqFfFHDepv2FkQRK7R6adTPS7zNCa:12000000000000000000:OKDOT:OKMYTH
14mQSpqqLXxPfQJcUPny7y4zAmNMac2JYyGmM3hZodfXBDQC:12000000000000000000:OKDOT:OKMYTH
158r8EG5ESTcBLfac4A5V6tyZdCiXHkf3KjJmr59BXeEx439:12000000000000000000:OKDOT:OKMYTH
16Eu5iw1ffm8GxhN1mhadYNoRfGEysvbvis5RwRiUQR8hd3D:12000000000000000000:OKDOT:OKMYTH
1SVGJqhpJxB5dPLjrNmANSvwxWcpyYQUe3uTPWUqvqijQED:12000000000000000000:OKDOT:OKMYTH
15iRUwZxVM1uvLbWM3HxomVM64QfxvNBDQnEXrRDKBKtwgER:12000000000000000000:OKDOT:OKMYTH
14bjfATikTLbKJz5TvnTcotCYGnQc4UuVqT7yMv88tNBwP5q:12000000000000000000:OKDOT:OKMYTH
12QJXoeYCEayvb175V7zfjxMnwFP26u6Z4AwBfGYsPLpiYSx:12000000000000000000:OKDOT:OKMYTH
14iHBHqn7DovU389FwQCsc1TGyyCLBCiLiqeqXAdfHFpXHp3:12000000000000000000:OKDOT:OKMYTH
12igccbc57aRjkeQdqN1WDockzNGtQXrD3UQjtMLajLy6zUY:12000000000000000000:OKDOT:OKMYTH
15bQYFKTS1mDq96efzWCS8D3hxbfJhui436fzLrs57BfxzbQ:12000000000000000000:OKDOT:OKMYTH
13gt5EfN1Y5iCfo5hHVHsj7NkoJTaXeVg1EB1bn3pCB31ibL:12000000000000000000:OKDOT:OKMYTH
1444T7YkvYMMHZqwMJFkx7LtoabmLap2pB9ykhr8woHxMZuE:12000000000000000000:OKDOT:OKMYTH
16BxaF4uFgTwsQ6xM1mN4TDpgK6ahUKszsYnFgw8vx8jGcdt:12000000000000000000:OKDOT:OKMYTH
16BQHcZAkozVwhXD2TN8bjk5r5XVqgDfwnb6UdRZ2pYE5RSt:12000000000000000000:OKDOT:OKMYTH
14aeYbiVNWjnYCPFHVEAiYDbzvAkth89fbJhAed1qfMpbapt:12000000000000000000:OKDOT:OKMYTH
15dEnE871ASz2YRhWgv4d2PQnF6KxN9ErhF391mW3rNzwc4d:12000000000000000000:OKDOT:OKMYTH
14ddLLBEjWgK5P2ZZFBYHz8jmLMro59tN6oDHCJoEZ483Fix:12000000000000000000:OKDOT:OKMYTH
14AppuXJfkf31YUxbt1bREbMtK3fzDjrV3vFXiBUTVriEecf:12000000000000000000:OKDOT:OKMYTH
15VfR44V84st7ztmmimg4ekwg9bsH14JBSHYHbwSt8XigjM6:12000000000000000000:OKDOT:OKMYTH
15Uos39r4DJr7K32hcpvvC5nLpouuQoPQNuF41fhzw2Go37W:12000000000000000000:OKDOT:OKMYTH
1vUmGRdVeDsArYivkD5MdVdhQnhzSHaybDVmXnpN2EJrevK:12000000000000000000:OKDOT:OKMYTH
15UxuqKjiFKt9vRCGAingN6tjXWSxoyWxGFj6NX6o35v1wBe:12000000000000000000:OKDOT:OKMYTH
1PRsXpWcZWUCpasztYVfL3aVip8M22vwFoaKXzvGDSJTsvA:12000000000000000000:OKDOT:OKMYTH
13TPvRvSHr14bgR2bD9i9saUrHdAnbijkVEEVQecSAmyA9QX:12000000000000000000:OKDOT:OKMYTH
13XnLV7xDzs9xJUGw6DxSpdxhTH2RgSrDFySWgMGH2WawkGc:12000000000000000000:OKDOT:OKMYTH
13iLLM1CJfmmyEy3Q8M2ButV5tyoHpKpgGUH1SA7hLKFEdWa:12000000000000000000:OKDOT:OKMYTH
1Z2NaJtjvAcXnVAbAzjHP3MSfJcaBwaL2gUk8LiuyhLJg7Y:12000000000000000000:OKDOT:OKMYTH
13iyMR3ZAkH12Rmp8CZAPt4bxEaDnBkgaBrEJF5Vptg5bJyv:12000000000000000000:OKDOT:OKMYTH
138JRJ2DeNpwkdi1vPPy1FwxF2AjTGpGDvwxQ7sVuxhHf2C1:12000000000000000000:OKDOT:OKMYTH
12D7aPfTXEuFH1hjCCWndgww97U8TgthB6jiwxoZy5uKdFJg:12000000000000000000:OKDOT:OKMYTH
13AB79QX1DL5A7poKxYQ7CFDuBrhFpiinkX8ib6eVLfqtDbx:12000000000000000000:OKDOT:OKMYTH
131AyhbED3dqkjca5LZThVQ5spoBMHHGBH8YTofrv4XJNaGC:12000000000000000000:OKDOT:OKMYTH
13H9MoL7ZzBj3hSbSbJM3WvkukeGGD4dngBhtzJKmh3NHwTn:12000000000000000000:OKDOT:OKMYTH
14j9XcMT2RQimdUhgUd5jwQ9eKpPYUYJNXyGaXdxhetnkke2:12000000000000000000:OKDOT:OKMYTH
15MYdGdy5qNVrTZYuUPRxVrNNpShsBdwrkwpteZSrVRauhVt:12000000000000000000:OKDOT:OKMYTH
14qMCXWZhYNkZGWEsQfKjBKEwHnf9o7x4aaUUPsU2CoYV54A:12000000000000000000:OKDOT:OKMYTH
12E2DyX4yHu9HaLiXSUj9ypue9DHSvC1GUktGByvvvBakw9c:12000000000000000000:OKDOT:OKMYTH
163pq6PfEQB2v8y8CeRRcJ8Fbpqp3Ej5KJvNAJ6dcLYEybyJ:12000000000000000000:OKDOT:OKMYTH
14jqJNuNLUjrP4YgFnBBWA3jV64WQmLfxLPjgb3egsVxP58q:12000000000000000000:OKDOT:OKMYTH
158JbARxyL4xMuEbEYytUHssuoaezo5WsmaHLqQmEF9xtGfM:12000000000000000000:OKDOT:OKMYTH
12mnFD4sByfvrGWBXnFL1UiM5pV5Dbcpwe5KjKm5sVNSYZzn:12000000000000000000:OKDOT:OKMYTH
13qc5z3rou6zZzV1pSHR9gMQEmii2WPbNgAyYsrLV7r1Kobw:12000000000000000000:OKDOT:OKMYTH
13a2w2XUvAPFqvp33QMBWVHJayywABo3o3R13xZxn2Hht6AP:12000000000000000000:OKDOT:OKMYTH
14S84Y4pBngB5KaRBtC8ymh3KTtCYkDLeKCvc6KTLNTpPuc9:12000000000000000000:OKDOT:OKMYTH
12nDSVXv5QX7qciWdge36QCZV1LKSqNrvLWipLuezPmMVhaX:12000000000000000000:OKDOT:OKMYTH
12Xte7hkZXxA3w54xHFAX9jgeeAXWqiaRbfHLzkjCmSXdmTx:12000000000000000000:OKDOT:OKMYTH
16THCsxLdRphJT1tU5JpVajxQUNQ5wJ3XWMNH42nNah5u3V2:12000000000000000000:OKDOT:OKMYTH
15y3CxDQfS1PequHzR19hi8LQVJF5xpc79Z6zE3uCqU5Hird:12000000000000000000:OKDOT:OKMYTH
1tGueZRpbXHWXu72CFoQtCBr2mQtzfE2zZXuPvCS7S6hxSg:12000000000000000000:OKDOT:OKMYTH
16db8p6jnnio1udhSpFzwWiQJ97Fidw5aX71JDXUJP8YrWMB:12000000000000000000:OKDOT:OKMYTH
19X4Zr5xU8eVSZYZfhuA5gMHRFmXbn3MKUFJrqKXpVyhsXa:12000000000000000000:OKDOT:OKMYTH
12dHLWnDwmbKC2YETVm3eoEH3pMtug99geKg9TgXiJ9znVwh:12000000000000000000:OKDOT:OKMYTH
124fwUwonMyZ7ryNUUNv128dUGHXHQ5u8xKvuh7TcYTE2vXC:12000000000000000000:OKDOT:OKMYTH
15kiEgziYBcTPhaGCMGNmXjQxCBFT4gaprfx4GYKBxrcviLu:12000000000000000000:OKDOT:OKMYTH
12nmf7bAMPUR1FZsMGPFeNUJKD1jhsZtsxNzSW3upAZwLhzw:12000000000000000000:OKDOT:OKMYTH
1iQc5jLRMmGGBQzw9xWhvuhttmKPmUweRgXvjrizZKzyJjL:12000000000000000000:OKDOT:OKMYTH
16fhcCQCiH5faFCQEJBYUftmFrmbjrJ6gPUXovLW6PKxfSn6:12000000000000000000:OKDOT:OKMYTH
16mkes5Ac5jHYNPGKFkih26hsNWrkptJ9acggAS88Pva3cYA:12000000000000000000:OKDOT:OKMYTH
16doRt5dumZPmSvwoNFaN8bDcHuzJ9h53ZfunwiGA8w3QaLL:12000000000000000000:OKDOT:OKMYTH
163BFTvpWeTbGFksypzz8ivrYAdVW3wNe4Skg6szCYuExj6s:12000000000000000000:OKDOT:OKMYTH
14yvJMTSaAWPeW7Kpw8FLvSCfWzfi39mRZywVz85K35arYFN:12000000000000000000:OKDOT:OKMYTH
14rJvg5FHWjf6roJjZhT2H6fq4NB9DipsoKYta9pJC975JGX:12000000000000000000:OKDOT:OKMYTH
13gdVLR7APZQzXwaM7Fvs5sD1oDknwpQPTzSaZpyi7ZriXH8:12000000000000000000:OKDOT:OKMYTH
14QunBbeafTUzmisQaqbCDCC3oZWDFW1H5BdGEDLDdCUx1zH:12000000000000000000:OKDOT:OKMYTH
15FW37H3irApQLUPWcW5r1RpiUJEXXNuizwUq8jQyRPXZw7S:12000000000000000000:OKDOT:OKMYTH
144K5JnPRru9SDiE5m1hdFobnjgkXk3GVN4SnkskhdZVevVq:12000000000000000000:OKDOT:OKMYTH
12GwCoLFvC613ihjBzRgHesEQfUUavJp5EQpyVkZbqMKZkVw:12000000000000000000:OKDOT:OKMYTH
14U9meonnDpykyasRaQtWPmKHAH3BnJ2X7vMez2tGd7pGhix:12000000000000000000:OKDOT:OKMYTH
12cMaFJNrkXGHk2m438gtw7YwzqKD1MqV2Q3fH8biqBUwbw9:12000000000000000000:OKDOT:OKMYTH
15F2v55dgS9RT6U2Jh5DRU8rhBR5VCBU23dDvLzEmrLctwEE:12000000000000000000:OKDOT:OKMYTH
15nXggUYEPjDUa6U5sJJbAu6zHSowyuaW2JCauxyGHRodmdN:12000000000000000000:OKDOT:OKMYTH
14dT68dme8eicj79wskAFSfSfUS7VPVhMV4PMp2k6k64hoSH:12000000000000000000:OKDOT:OKMYTH
124VD4S31qD1aVpzQvAFzrxm7rQmbDkvrX3RbnsyxXbjgrNq:12000000000000000000:OKDOT:OKMYTH
14BFQwMRjUw42cHwUYZ7NPV1HZd1pudvAK3XUt4kqA54JqwX:12000000000000000000:OKDOT:OKMYTH
1Nqs5r1hJZr38d6utsngvfPUZFtx4ugasGfjhVwwKXcA4Br:12000000000000000000:OKDOT:OKMYTH
15zrj2sD9inkStbLA5cKsgNA3nQJQLZirdhg9XeBnvbtzSc:12000000000000000000:OKDOT:OKMYTH
1triRDbyh184YWUmeySqmwbq112ePmwzkXgWA26JKxx9vnv:12000000000000000000:OKDOT:OKMYTH
168oYhMftKkFGpRx3ZgBThr2M4T6DLmgQ6pZhQXBPXpFZ2mt:12000000000000000000:OKDOT:OKMYTH
126z6TuZzENxteMCQvGajfCBaYjQ4JH37SYS7nQuWAQ7fvyt:12000000000000000000:OKDOT:OKMYTH
15n4jdA9gPkqVWWK97WSHCDwxa1FrynTDCCUuym2bQasuKnu:12000000000000000000:OKDOT:OKMYTH
16KUbYm5EuUp16nyVWzkMhML3G7HZKASNwGMchQ1V81tHgJb:12000000000000000000:OKDOT:OKMYTH
15adkWCaneG8D6Def62LPWZPPtX3yxCNJgGDsPDGCU7jLpUH:12000000000000000000:OKDOT:OKMYTH
12AZVAM6tLcqfhkawH5pdfX7PvyhZ1s2PMq1QSTxKS53RWrk:12000000000000000000:OKDOT:OKMYTH
14YLWzaBJKVWKACpvMutHbiFpnufoY38cefdRUzn7abCfPYg:12000000000000000000:OKDOT:OKMYTH
13UYUi1974vtbeW8tnuzU31KRPEYPQofQRQNLmGLHXNS2FPw:12000000000000000000:OKDOT:OKMYTH
12Q4qoUFECNhKTfNpehttiX8fEWZmrtE6kg3KMXvYxnTec87:12000000000000000000:OKDOT:OKMYTH
14ovzMPJbTyWwHLi36jyZ91ufzCmimh89bC9PVzaMer2cB8e:12000000000000000000:OKDOT:OKMYTH
12heMdBgPATZXk2bc73GnQpJYhbEhWvD77MKeDiYkKAZRQvT:12000000000000000000:OKDOT:OKMYTH
16RPMDyrFwtLe9WhkF6yZ2hiJQdSTfnpbcbmZNWrvKvcZozk:12000000000000000000:OKDOT:OKMYTH
14okmYQizkYbxcsvwE7za1Y1gUnEmqV2oaJRRLKvJ1a9c2g8:12000000000000000000:OKDOT:OKMYTH
13f7ERKjrGPmqJ7JPLdCXZ5fqBnnQzvw82EbgCPoXzddRsgo:12000000000000000000:OKDOT:OKMYTH
142bSJ8q23vwp2a1KDA2SNsgcBiBPLr2LrMrBsHDG8sAhPRq:12000000000000000000:OKDOT:OKMYTH
12X5jp7FAVc3GVEF5u5wCq5PsU48tkNjcuSVvLbvKoSPbNk3:12000000000000000000:OKDOT:OKMYTH
13XmdkQJnP337EjKbKo9UR6jwrUBkapcdVQxybqeyioLf4Q3:12000000000000000000:OKDOT:OKMYTH
14fUtTxUtK9XSyQXTveXCzjRCyeEpmHqtGFDdRyCWTFQVo9i:12000000000000000000:OKDOT:OKMYTH
1nFLsqL68khMnNSEr4yqBkdsTk7JbyURAeHvNx4XZUHM5Eb:12000000000000000000:OKDOT:OKMYTH
13BWSUEWR4sh7vPCNpFTMo8KakNP1217UvrRzc2tvbuY7p4B:12000000000000000000:OKDOT:OKMYTH
13J5AaJh8SERLXVkquf36bomAALcaYwyZcezDtUYhs7Dd7wF:12000000000000000000:OKDOT:OKMYTH
14haTAPYjHJk55XfWBFusmNbYUSg6dGWDb2RiPfH2tdYNhkK:12000000000000000000:OKDOT:OKMYTH
166SYq9YuarjZ3L1QQzEf3UUbioa8LeVhyBR75HRs3p5EDQD:12000000000000000000:OKDOT:OKMYTH
15GMwXDYCfB8QRKcjKV7MxbN2cpn31CZijUgK9kUxxCsLFSA:12000000000000000000:OKDOT:OKMYTH
14YHzpU7xXesCJMguQuCosuP8Uf3ft7f5maA1iyYeSexnnW2:12000000000000000000:OKDOT:OKMYTH
14XhsPyC3DYaBLLv9NpG2DnP1cNhDpAGdHAynQtYvZu156ey:12000000000000000000:OKDOT:OKMYTH
13znHZcaXzKU5p5y1VH58BkaEMxR8H9UZTBHNRjJs295cx6a:12000000000000000000:OKDOT:OKMYTH
158RmhapEg2rE63w1yCoH7iLUM7d5fBVy3e2HhMRMwWbU5cY:12000000000000000000:OKDOT:OKMYTH
14ZRhLX7jfXGzZoFKavt6dptfmT8adfnRcJY6c5JwGEvvXnw:12000000000000000000:OKDOT:OKMYTH
13acB6ZXTPEJ5N35CudJumWzLBh2hJ8F16yJvRwVB4X5FEBw:12000000000000000000:OKDOT:OKMYTH
15KLLJBMctddi8jxqHuMDfMFgorAAP3LAVWLF5A7r3bJtnSn:12000000000000000000:OKDOT:OKMYTH
14fY411TEijnGGXwkoSsGdLYqzxzAYij3SfQFo2eYGmpXjr4:12000000000000000000:OKDOT:OKMYTH
13BwXSq4tMUSUXQopowa7rQmAFzQp6TsrJSiskGSjJ2mPqc9:12000000000000000000:OKDOT:OKMYTH
12eqafH2ZwTct4gGJqT5d5rK9vLmUnSr7YKBQS8ZKPnmVXkd:12000000000000000000:OKDOT:OKMYTH
16hRitbXxCRY1sbTpJoL6Sd6ebhBRZGyhZdj4uzL8LZGHH5R:12000000000000000000:OKDOT:OKMYTH
1RKw9eenCaHVgCHQyqUVEKUfMa2yaKGQdyi3MpLqtnTbFcT:12000000000000000000:OKDOT:OKMYTH
123bqwV99SJRoakdbYs4XeutX4ZQFEr7aZcL3aBPGCkNiSmN:12000000000000000000:OKDOT:OKMYTH
16Tt3UZyzcS2vTvbaKhyoyrFmiwNDR4gXU6Pr4WLjdGAtbv2:12000000000000000000:OKDOT:OKMYTH
12e9yqNJurWRUspNC9oSAuMxNBWvXDfx1MnVK99g6WnRPF5p:12000000000000000000:OKDOT:OKMYTH
163uDV4AsgLogExSNZRCQNiHyktgKsyFeSE6YX4avxtGoNe6:12000000000000000000:OKDOT:OKMYTH
125CZkVFm8cAc3kHhaYpTB1jrW78AHUUmsC1UKtf1yiqaKHG:12000000000000000000:OKDOT:OKMYTH
14Ho6dSNyYpK2VZWzii8GA4iJ5n1P6YuPEkDLBpfXx9ZMy3S:12000000000000000000:OKDOT:OKMYTH
16jSY8NaQhRb6yjXfeY1AKwUhr8dyXvQYhhtdtBkZJxYjoKD:12000000000000000000:OKDOT:OKMYTH
17WeTnCVVK1mQGpfKArquHSDK3ECAnGYAqFEJaD5KmZ6BkW:12000000000000000000:OKDOT:OKMYTH
1QkjVWNqsDwAFzViR95bFMkNTXWJFyEKMNzRijLAsL4hXwb:12000000000000000000:OKDOT:OKMYTH
1srF7mYmgbYq2x1e2jD7ngpYkVSfFmFQCL7QCzRysf2RJZg:12000000000000000000:OKDOT:OKMYTH
13FiVVDSxp1sp688zExaXHMAfj7yMfrunvsYzTcLzRDfysnR:12000000000000000000:OKDOT:OKMYTH
16As8XmnG8YLD8jCjiV4dHNEjygr2sKDBQyUYYrLb6cAkG7G:12000000000000000000:OKDOT:OKMYTH
13uP4VuHHTYnhQ7Sg1dBp3yAPDVkH6ZdTRfW361dtFcxVk3G:12000000000000000000:OKDOT:OKMYTH
13qyFSLSxCAakYdt6FF8DPs7PWvGh8vF4rA4QpauamLykCLw:12000000000000000000:OKDOT:OKMYTH
1Uji5tkyyZZFsgAZe7u2jxBZhF6qkMP89axGvMTLgf11zNG:12000000000000000000:OKDOT:OKMYTH
13ytovtv6fUXLQXhqmyvGeppStL9cf4zJ51SELFi3ifuLdY5:12000000000000000000:OKDOT:OKMYTH
16e5FRL2x2f23mv8jrVY6jzqr2CVSCFKXjyx9fbFQZxQmBuV:12000000000000000000:OKDOT:OKMYTH
15nY1HRMMTucT9i2oKbw7AvukJrimqEY6WBu1s5AzojKMn6M:12000000000000000000:OKDOT:OKMYTH
14YfMuQ2w6eU2v61pw71V7ccSX6PXdiyswZ7nc8UydC7rxbe:12000000000000000000:OKDOT:OKMYTH
12vfcxd7mCZZaozwDJfenbSyzBkC1j7h9bFKz5w37YH9EwWv:12000000000000000000:OKDOT:OKMYTH
166pk7j3cZ82uy5TrcvEnECJyHQ7iNoHdm5YhAmAcj2QUguV:12000000000000000000:OKDOT:OKMYTH
1dRo5PiKzuFWrmFVg5RFbghSkwfQaEoumKe2eKLA3K6w6hv:12000000000000000000:OKDOT:OKMYTH
16CVVFkS3tcxyZ5ctv1G1ax8c9bw796x2wadHEfFAecgbHBP:12000000000000000000:OKDOT:OKMYTH
13NCLd3foNpsv1huPDzvvfyKh37NEEkGFotZnP52CTR98YFJ:236000000000000000000:OKDOT:OKMYTH
