1532CRBXZB4kFXSG9RoewkhduJdGTDfQJ1Eg2CQTTjYArDfr:12000000000000000000:OKDOT:CHECKMYTH
12H9viMBChRzSmiXkE1sQM9VsDAWN3hzi4ty2YhaZZaE4tow:12000000000000000000:OKDOT:CHECKMYTH
16CZ6vQ6HhvWEhRnvD9YeKsugKeFC5ckedEvFwZj61QcSkGG:12000000000000000000:OKDOT:CHECKMYTH
1U7a7BYYoV8oGiHLeC2fQvEdsM45seHmXutnAYZVwhqX1Nx:12000000000000000000:OKDOT:CHECKMYTH
12Z544o9jk2V5cWttyMkzw4FqREG5bG9Bv6qocaHPqifXzko:12000000000000000000:OKDOT:CHECKMYTH
136wrNPxxMDVWxSBz6Ejr6DyX2AnhGW3zX8BssFK5oZtRwyn:12000000000000000000:OKDOT:CHECKMYTH
16Vv8qyEGxnhMiMhJ9iHqcqQsxmk7rZ9rZHuDRLf12qEJjR:12000000000000000000:OKDOT:CHECKMYTH
15snEfuThgsP7pTjs8emjBpnNmqSgVZdPmkGzD8ZyCsTKH92:12000000000000000000:OKDOT:CHECKMYTH
12nbmmXL5KoVt7oX24PmBJGRCcHcE2dQPN8xh7WsdaHf81kW:12000000000000000000:OKDOT:CHECKMYTH
13LWdasVesnQKUuLzRiD561x88kajcqkJdfXA41MbeYsHRfT:12000000000000000000:OKDOT:CHECKMYTH
13XX1rfDbKDeP1HAdPZAj9as9fykj3LYQ8pzYXtUB6kr6rne:12000000000000000000:OKDOT:CHECKMYTH
146BPitP5SgzgusYnuSisgEpbNWqS7RXY9LFgp7eKGvKwdvf:12000000000000000000:OKDOT:CHECKMYTH
15wC7Ne3qgXs2bGtVT7VAtD2bt6u8L9CBoQtu3D63xP1TC8n:12000000000000000000:OKDOT:CHECKMYTH
16CuyD5zu5ik3RxtLFxgxjP1GgMGSYYGiqLtHTKFtJ2K1zfs:12000000000000000000:OKDOT:CHECKMYTH
15dgWUiWnS3gSmCc645Rh4n2VuNwyPMJX8jV6gHTh3XNFgGu:12000000000000000000:OKDOT:CHECKMYTH
1Hz1rkyXQ1RuyqRY8dhV4xfgadatoDsx64HE4QJkcdoufyX:12000000000000000000:OKDOT:CHECKMYTH
153ivSbX2AXEjDCGnacrgUTHyyFcUJ9hVgoDUyWvHYFNoxRY:12000000000000000000:OKDOT:CHECKMYTH
14KotN1MEherXG9EzHe9TsnbGNnHHuBBFqeCtGuNKXhTsVfK:12000000000000000000:OKDOT:CHECKMYTH
1xtPiZQm9ktfCCzotRpwFyo8YvLBSNypDBXFiiwPHUfMkU3:12000000000000000000:OKDOT:CHECKMYTH
13DPmPiGqKpxzXmFvU62PfTgF8fL5US97GhARH53rJtUGmip:12000000000000000000:OKDOT:CHECKMYTH
137NRVsvJp6GKEQuxJChKnwCquccgqG7NKzc6sfrKKRQ2VdW:12000000000000000000:OKDOT:CHECKMYTH
1Uw4bxrrFAgyj3JRefjuu1UunpDxSRrieXXNNYjagKXuTie:12000000000000000000:OKDOT:CHECKMYTH
14BxeD5Bbv2JS9MLP66JdLoTMejzSphBozgLBHGhcTk9EPcr:12000000000000000000:OKDOT:CHECKMYTH
165k4bt4A7PC65rRgygVSJJiakpMAc5p83AtX8sXfLTViFRP:12000000000000000000:OKDOT:CHECKMYTH
12kR3JwHv82EJXind8i3bbT1DNrz6u4EazpHm2YPqfuCAPaN:12000000000000000000:OKDOT:CHECKMYTH
1462LHtM5BU41gXcevbGv7kNvD53gZcBcD8Qe7HGpJQyCJva:12000000000000000000:OKDOT:CHECKMYTH
18LGV6y4CAEQ3VekFRTM2T2WBx9hGnBH3Ek8BbwLoj3hULX:12000000000000000000:OKDOT:CHECKMYTH
12GZ5r5GFpMLt1VuYeyTTynMwiqCABTx91EeMDDMLZUUkVku:12000000000000000000:OKDOT:CHECKMYTH
16arL2m7KMV2DxuW7voBZMNHYh36Xiq4ZA4qixJhd41LDLJF:12000000000000000000:OKDOT:CHECKMYTH
14PNqZjJqXDcJdMpdf38qLtTgpDmd9xkF9BmvVYupTcsJ8Et:12000000000000000000:OKDOT:CHECKMYTH
16JSy4zYCdZTMzKPn6eyhQg6jabVy4WMVgUfskyWHSnJnDzX:12000000000000000000:OKDOT:CHECKMYTH
13cbH4dRknknXUcDqFFtvUPgvYsNq5zt5r5ryKejghMENKeh:12000000000000000000:OKDOT:CHECKMYTH
16dPxDNj4D4abrVrdwAcvm2RzMzQARTSa4HVorWioBhu7Y21:12000000000000000000:OKDOT:CHECKMYTH
1W2i2b1SrqshPrKiPg9SPaAk2cFBr5bTzAZMYEpkSiUexA6:12000000000000000000:OKDOT:CHECKMYTH
16Uji9pH8Abo3YmLsfgwaE5Q2Rw2KMTSGMiU7NnDyrszSRbB:12000000000000000000:OKDOT:CHECKMYTH
15FZ9FBiQUsAYEE6MQwtYMM5JARWs6BaZnV9S7qV4S2ZDMyx:12000000000000000000:OKDOT:CHECKMYTH
13iZ3oBudMqaPQZs36VyqUoyzG2xq9FdSsqEHmctCRVyvoPQ:12000000000000000000:OKDOT:CHECKMYTH
14ZmXioDJzytcFT9eN253DkZgNNkYXN5ydw11WTsy6Dn2nZd:12000000000000000000:OKDOT:CHECKMYTH
169eVLdopPAGRrNqhYRuZmk2D3Mdtsdnot27amBZUMF3uMNz:12000000000000000000:OKDOT:CHECKMYTH
13KA7DpMo5KC2QYyyaFP7KYHn3pt4sYCLWEu8BDus6J8Hqnw:12000000000000000000:OKDOT:CHECKMYTH
12ngSF7759EyfzZjmxQTcauyy2ie2NgucqxbJV8ZwLeLFEgS:12000000000000000000:OKDOT:CHECKMYTH
13xDKvaJEEFNFTQAvgbFAYWBXcH6sFcmH5iAWkV337gXm3VT:12000000000000000000:OKDOT:CHECKMYTH
14wd9nEvjHqbkmvLvxnc6pkbxjTBVyjNdWLdNG49QpGtwHmL:12000000000000000000:OKDOT:CHECKMYTH
1345qjbvgju8yGRxCLEaDVaGgCYDDfRVZ9i5CR2JJCvSkHwJ:12000000000000000000:OKDOT:CHECKMYTH
15kXZUrcESfEqU6PfCptoW1dSUTDwG1rrMTUGE6A2Y9WVdVD:12000000000000000000:OKDOT:CHECKMYTH
1MJ8GoMvbozTSfBo8fHv2uNnXs5ai3CMqt8tq4KXcA9Bmgc:12000000000000000000:OKDOT:CHECKMYTH
16CnZQhQf7HCC1jcgbMXpVpkueFhRKuqL2JCcS9r65ekuR4w:12000000000000000000:OKDOT:CHECKMYTH
15oAxEj7aTnWN1Ht8SBjPc9kTD6vfVQWePa2WSs2XHZgygtu:12000000000000000000:OKDOT:CHECKMYTH
13N4HoNFeigvhSUiJsYTPPyuqqxSax2zWjV8LQsdbhn3tRCW:12000000000000000000:OKDOT:CHECKMYTH
122hdQ8g3GRDiK76y7ra6rAgPXhUFzKM3wPwr6oaH1p5moaa:12000000000000000000:OKDOT:CHECKMYTH
12iRtbKStMZA2arK5JjqKsAAvVH9xSvJwN9ffC9K4sskt77G:12000000000000000000:OKDOT:CHECKMYTH
13LNyy5LU8NEp9VLPTLPJp6owV6F7BipcY92yZPdQaNjFW6X:12000000000000000000:OKDOT:CHECKMYTH
15vYyQBbRrwkasDoeJnDHvXE7nGEw4QDiyYTauAC715mj6Su:12000000000000000000:OKDOT:CHECKMYTH
15D4MXMgtvvn8dTfV4wvBu6tTFTHFrY8DxmTBKHbtrXd4Eyv:12000000000000000000:OKDOT:CHECKMYTH
13C1BYPx7fsc1KkYY1KdHcR47rTrzExWqKXKP52xZRyvL6aR:12000000000000000000:OKDOT:CHECKMYTH
1QKBJfyKa9jimEzpCWkQSQ4FHGmj537S4e1RsMnmD7tXGJs:12000000000000000000:OKDOT:CHECKMYTH
15jSX8ruU2qZtq4dpfYWafsK9AhTd4pTuNpT5AGw7FHf8DZt:12000000000000000000:OKDOT:CHECKMYTH
146NUjdwyZ12FvzNeTGgPuS4nx5LcjiiGAh1PDrycZztvx18:12000000000000000000:OKDOT:CHECKMYTH
15Qr2jquvxn24MzuiZwp4cHDu6obUycheJFqKhaKiAYySDod:12000000000000000000:OKDOT:CHECKMYTH
16MMSVgnAAJDJSMdG8wvZgmG48HKxdwRMMoFrLneQTta7SYj:12000000000000000000:OKDOT:CHECKMYTH
12aoxVLZEMe3JW2FnKQNCRoEojY5PsMB7T7enqXKXLg5mFyk:12000000000000000000:OKDOT:CHECKMYTH
12g7B1MMnuQ4zVtUz6sVAFuChiE3M3gpWC6aNeBDKc1WskNT:12000000000000000000:OKDOT:CHECKMYTH
15wEeaQ3yhWDdqGjxtdJWt6TvDVC4MkM9tuhKGnKGuGHaxKC:12000000000000000000:OKDOT:CHECKMYTH
141abqhktMyWacbeb15indpt5fxv4fi4RbLdRpFbnmBmLvm:12000000000000000000:OKDOT:CHECKMYTH
15Jinsi7oXzjEtmeXpQVaSqXo5GTscyoTNZUPPM1VSsQpDbt:12000000000000000000:OKDOT:CHECKMYTH
16nSCcpsMebtc9sBsjTiV1isKBQCDsSGeXUTMfn6jFNVBmq1:12000000000000000000:OKDOT:CHECKMYTH
16w2dYxxe8xhQjVdroH6S67Pdjgi3WRH3Bw9RFhWYp7QEB5:12000000000000000000:OKDOT:CHECKMYTH
14Dtzckmc2ZwtATbgnQzfpzHKjxfce9auiB4Z8WKfvaR1GaR:12000000000000000000:OKDOT:CHECKMYTH
14fQoy6mR6yhBWYAbUPK7Dc4di2BLvmwt4SzTCBoHGFghnqv:12000000000000000000:OKDOT:CHECKMYTH
12fqvQMZhxbaichtFnNzo9pZuFCaDjugKSn92A6KFiBFU2iB:12000000000000000000:OKDOT:CHECKMYTH
13FA6iGQbPVzgnxyLTj58x45mxDHs1XZn98jZuCopBgzi3pX:12000000000000000000:OKDOT:CHECKMYTH
15WXZhg6vqNd9Uqrt7niZUk7TsRq3tzrp4wJDgjRESobtbgK:12000000000000000000:OKDOT:CHECKMYTH
14DGKsqjSqmYpve8FRQiP7C5JbFKLoKtEQ22rVpcWziycNF7:12000000000000000000:OKDOT:CHECKMYTH
15jKqSvBMC5DbBs87fVggVcFfmrzsfDTH7h6bapP56K5qp5E:12000000000000000000:OKDOT:CHECKMYTH
15FXtxp7cBP2AyacrqhsCGtwX9KgcDN54Ch46vxGwogXwJ6r:12000000000000000000:OKDOT:CHECKMYTH
14BbLqz3HqgQPwgeejq9LAqF6P2vXzHeKPoGNFEYyi3pJr1o:12000000000000000000:OKDOT:CHECKMYTH
13De4RjEANoaHgueUrQARpxFkbit75C73skU6YigMsg9MYfB:12000000000000000000:OKDOT:CHECKMYTH
14dpuDZuNbjf29wuUNwBK9ga1Ed3ekGDu1bEVQPByXuG62G5:12000000000000000000:OKDOT:CHECKMYTH
15hnqvzRH3nzT1632fUmQE1tZ3NykyRUV5J9YMyuhXBDaDeT:12000000000000000000:OKDOT:CHECKMYTH
14bPK8KPRJzvNEBBMSnWUnuvMw6Dw6cwEYNopnneqXj6qMDd:12000000000000000000:OKDOT:CHECKMYTH
15N1gKZuy28yswXtoUNiXaYYRttG8AUkWGxxrp23bnKhQdr4:12000000000000000000:OKDOT:CHECKMYTH
13bAu89iiLp7L1hekHJe9D84j8amXzJqbjJAcsMH1uQqcaHY:12000000000000000000:OKDOT:CHECKMYTH
14cLkdk9aipmqNc5VAEePRnyTvtUravP2rzsYWNEm6cU6z3w:12000000000000000000:OKDOT:CHECKMYTH
13GjPE6QK38V1kLHGgkyDD4VzTG81b1b9RZESh1RavBCxNiB:12000000000000000000:OKDOT:CHECKMYTH
16jshE3yVwYtAQLRbzHjDPHtY3baiXcfJXdYQGoArnP8MqiZ:12000000000000000000:OKDOT:CHECKMYTH
12crqVW4woxAjubf3n2v4Z1XBeJYHyKesGhezJ94dwEQLbCS:12000000000000000000:OKDOT:CHECKMYTH
12GDGJtEYkjFphM5HLkGDbf84B9pWKvsvbMQ6KsvGjpHgumo:12000000000000000000:OKDOT:CHECKMYTH
13RBTPEaLaBi9ieUVy6x3ayLhzxbG7VPBYDAbbzpzHmEZLF1:12000000000000000000:OKDOT:CHECKMYTH
141WrZV1FW8E3aC8EUshDBdPubMWE3xwU4PrRkSbAjFqwCDL:12000000000000000000:OKDOT:CHECKMYTH
15CTuVRKB2tMsvJmzNN2EwbwmBnprErXfebGQtD3yJZYCDLb:12000000000000000000:OKDOT:CHECKMYTH
13VPsqSt6hkNZQEmYtcNKQYAz4DBXibb1PPrNVs4sntn2V1h:12000000000000000000:OKDOT:CHECKMYTH
143Yjeev2TfFgBLD2TxgKeinw5rL1g2wmBQwMAoFb7UxCCfp:12000000000000000000:OKDOT:CHECKMYTH
121MFEuU9EWXEGhtbjsvasppT9GDkWR9Cm3taYXHk1cZzwNn:12000000000000000000:OKDOT:CHECKMYTH
13gX9aHNYBrtapa7BEmM44m54qMC6fLBQq8a6gpnJtSj9M2C:12000000000000000000:OKDOT:CHECKMYTH
13vMYvdfYrSWi32tqJaJXHzDfutWAMKQpbjZxmkwc8sfEHA5:12000000000000000000:OKDOT:CHECKMYTH
16XkW9ZAJPxWRXrj4jowUQ1ZLhgcAa7bR4htoqhoG4HBD7Rh:12000000000000000000:OKDOT:CHECKMYTH
13Z8ftQECwb2Ykk8AF4tDFi4khACLgAADdPnJqTAfG8p5jt7:12000000000000000000:OKDOT:CHECKMYTH
121L5NgEVfHYYa4BCWvKLvhrG9FAikvM33RRY6WZuvBShh8n:12000000000000000000:OKDOT:CHECKMYTH
1a69tXpkHKBgmf7VDC4DJNjD3kn9aTeEfzj4b75JgcCFWEw:12000000000000000000:OKDOT:CHECKMYTH
14By3Zn7yWRJfygYL9W1A1Jes9GtHGT96Q1EyULQR8eNZQuN:12000000000000000000:OKDOT:CHECKMYTH
14ZvpLsUQ79HivuZmBPY5hCnSrC7iuLCS46kcph3nCaaVa8M:12000000000000000000:OKDOT:CHECKMYTH
129ePj2ZycE3wFj1vgyHDt519dJfGwAPh1fvAcXfpaF6HGff:12000000000000000000:OKDOT:CHECKMYTH
14QeQn5avbf8NpgqsEvAkVHMK9E3uQNyuu2ds9e4smJviSdZ:12000000000000000000:OKDOT:CHECKMYTH
16LVstM14BVtsHTEKgJgfLQQjttVKKkaKCNkeBxv4LHvh4R6:12000000000000000000:OKDOT:CHECKMYTH
12B9zVvaPVvMmWp1mCrVmoG7Kqg8f2R1jguSrnedTdMRY62x:12000000000000000000:OKDOT:CHECKMYTH
14WXYMzqCLrVuE9MFq9321bCVoBwhDuhcCnfUYs1CCqRMbaY:12000000000000000000:OKDOT:CHECKMYTH
16VLtcvyypetYxywfpCjoMNFAQDBN9eDqGKwvfT8ayrh2yEG:12000000000000000000:OKDOT:CHECKMYTH
13JE3zbrAFXCk5Bh3ddFmF4fbs1JZ2m4KZBKU3G5FQxBU9n8:12000000000000000000:OKDOT:CHECKMYTH
12Wp7z7h59x8RX6H3ZVhvH5nEjwLwgvpSPpRGSg58jfWt35g:12000000000000000000:OKDOT:CHECKMYTH
15ntbYCWXbbERDvnz1TWuHFFdpWRzJ5KaAYyQy2oxnDYH2AP:12000000000000000000:OKDOT:CHECKMYTH
15mHDdyqFD9PzZjjf8QjyvKgaKVM7zxnmfuQku25yoFiJssu:12000000000000000000:OKDOT:CHECKMYTH
12fUmscf4QTUDEbsksMwxTx7fsFpEJZaeDkSQZMJkVvVSczV:12000000000000000000:OKDOT:CHECKMYTH
12Gjvp8vs6f3ZpSYKgv1LciTqFbbzDWBcEAvLoqagqajHeqL:12000000000000000000:OKDOT:CHECKMYTH
13TJZMqPGFHDQSkbaX5dkhyMKkSw8ujevFXRWesjfRUK5rAf:12000000000000000000:OKDOT:CHECKMYTH
13dSuebL8C7KRH7N2Gxnb26xzWJ3o6Pki8UFqFD2quanRnum:12000000000000000000:OKDOT:CHECKMYTH
12B4muYZMGw32AcK3Dm8uaFYTpnJtBxrwStRB7afUQKNJvK6:12000000000000000000:OKDOT:CHECKMYTH
12HgpVFG7br1XZaQYxt9Zx5Y8LdE3AHHG4VnAZBpppVeX6Kz:12000000000000000000:OKDOT:CHECKMYTH
13FcJfHg3Ta4UM14dPX4UgHNoRn8HKKb1d5Rc1LpNJJDKfBe:12000000000000000000:OKDOT:CHECKMYTH
12ZMMSjKDZyw5TKtGEPencTWEiZ2Z3sebL1SjfGnYTvgdqj3:12000000000000000000:OKDOT:CHECKMYTH
12yJSL4CZ9wyGD27URPTJWou2utDVKE1CHG9xt6dLSrPUaP3:12000000000000000000:OKDOT:CHECKMYTH
1j11SvCnJ35eWy3DWicBPe3YmdqJAjgip5pFXzEFB6DwgEE:12000000000000000000:OKDOT:CHECKMYTH
15w2aBPExxcJTsk3fNF2ciCSRT6pHmjo5rL2eqTXHJi94Djo:12000000000000000000:OKDOT:CHECKMYTH
155Y1kUwEBTEnaybdR2iHy9smdrj5ZhTMgwba5JGoAHySvW5:12000000000000000000:OKDOT:CHECKMYTH
1P5jVEc3d9aRHZDNyVQzhgBxgG1soqmPuBfjR3Sk6mMFB6u:12000000000000000000:OKDOT:CHECKMYTH
1kSkNMSCXygR8WPDW3xPRwjXX1XkL17QWWzyhz4FJABrVob:12000000000000000000:OKDOT:CHECKMYTH
14csHhN9sSTJTbjt9znWEc8wRLGhpH12quaqS6vwyxkYxfKK:12000000000000000000:OKDOT:CHECKMYTH
159tvMmHqzrryJuh5KofNrbczNLJZa92g7JnKGkdb2QWpU1g:12000000000000000000:OKDOT:CHECKMYTH
1TWdtaxhdD4FcuCUPrRhAZACzrDxzZugLF2TpRqzUZU1TvA:12000000000000000000:OKDOT:CHECKMYTH
155YohfWJVhog4t75RQ9W8wEakKu2GuzZi27GpNh6E7QRh59:12000000000000000000:OKDOT:CHECKMYTH
13SCBhHxDYm2XfiCTz8pis1r59jMHbFeDPBeo8wrU7Pe7wfF:12000000000000000000:OKDOT:CHECKMYTH
16RB9a43t1cM24J27KSU8vaKdzejZih6RM5wXQCfxDgQFSgW:12000000000000000000:OKDOT:CHECKMYTH
15HhxKTJCGpCpgFn1SFbVPjzkkJuP8P4KqVFdsd2f26N3tr9:12000000000000000000:OKDOT:CHECKMYTH
14LwHkFK4NnWNBsyCK2nKHpCYGamyKtJTZnDqMVVUvVQsxcA:12000000000000000000:OKDOT:CHECKMYTH
15HhHFuLiHnJnenrNSGs9q1cD69cJeT2UZVCUqd4au2ZQor:12000000000000000000:OKDOT:CHECKMYTH
1A8FNYBfEpxVc29TPohgePytEvgeDmtydjAgaHgrrHhdrCy:12000000000000000000:OKDOT:CHECKMYTH
151ib6oWoANhxR8g6sH4q9nxFSCvZGBi2aweGYKqiEJUCs8x:12000000000000000000:OKDOT:CHECKMYTH
16VRsF7LZBwK4ReKexfvubfXz8W8xxDsKyNh9BpFFMf4wFaz:12000000000000000000:OKDOT:CHECKMYTH
15dec4772QxY42BUQQSeGh8BuDBAC3fosPNoLvxgrtQPm9fv:12000000000000000000:OKDOT:CHECKMYTH
14bryQHxYXLigX14KGQQ5xCYiRnHB8M4BwS6XeHqz7U9uL3E:12000000000000000000:OKDOT:CHECKMYTH
1RbKRyNUC28vr7BU1JW9eg5vm5iEEGSR5PjyNgV9mX2d3Qv:12000000000000000000:OKDOT:CHECKMYTH
1GDrRm8bpY5wsU7nQKKKkwAJgwdfyGAmJJoF6L1GJbgR2B4:12000000000000000000:OKDOT:CHECKMYTH
13dxXHLrn9rEUvz45Bcz5yNovMAWWFHduBk917xh1pjbtPPs:12000000000000000000:OKDOT:CHECKMYTH
15KwkuHmT5hXaMPZLJfne1UmhCamArjiRm2cegpcGehGKk9j:12000000000000000000:OKDOT:CHECKMYTH
15UHqY3AzeHSiZLSJcCi1z4hAjR4sbX5o4F84YDR7kJS1mTM:12000000000000000000:OKDOT:CHECKMYTH
14Wuzr7chYvsHv7TJJjvYo1tFXoXDbXmpWKtzvXFb8U7Xa4Z:12000000000000000000:OKDOT:CHECKMYTH
144DNhzgy78bpN64RcdBESmarmXD5K1jhTfd3UojsK9XKSWB:12000000000000000000:OKDOT:CHECKMYTH
13E8cN8MgX64Z8ybVFCSd4dmCMmzxWmJDHAKX3u9cas2GmRV:12000000000000000000:OKDOT:CHECKMYTH
13SPQcNXFkpzwro9tWBzuNGqewKTmK8z2e4krThPP8jCpDKY:12000000000000000000:OKDOT:CHECKMYTH
16WF4bAQMDgxowLdPWnS9YkcZUGc7XdNqaNNhZ9yPw9JFmYF:12000000000000000000:OKDOT:CHECKMYTH
12ZSaG9wmnDTJcozyWGex21mcLquu3quqiCHaPNVLBWxnnt2:12000000000000000000:OKDOT:CHECKMYTH
12VbGCtPt3sKA71pUMU9ntBryrk519RiXyKxEBZTJJx4QY3y:12000000000000000000:OKDOT:CHECKMYTH
14wNrdWy4ZUasswn1qAZ92Rg9uusDVWa5j7XYbxoyXjpVVD5:12000000000000000000:OKDOT:CHECKMYTH
144HouyrneTQD78n4ZKaWrGtfPBthh86JiDZVXuWduPdbeoX:12000000000000000000:OKDOT:CHECKMYTH
12qWajyBJWL8UMLuA6SgsGKAwBGPChRU7KPCdqu5wTFcqq1T:12000000000000000000:OKDOT:CHECKMYTH
14rT65GjFTVBUZmZamdfhhj3n85HUWntvzo1X6PUK1bmxPgn:12000000000000000000:NEEDED:CHECKMYTH
12prr3PphMCspkdFC2ZQ8WJ2v4uPUpPd45eRA2zbooHP7bQP:12000000000000000000:OKDOT:CHECKMYTH
1WRDhTqHUB56skTy16McbWBU6TK8VCGQVBFMjAjip6Hazie:12000000000000000000:OKDOT:CHECKMYTH
154S3tcEk87oazPLQWwMvdJh5Sw3ze4kWJk5wWr2GmA8KroP:12000000000000000000:OKDOT:CHECKMYTH
13wEgfrKN9MPEMtDy4EN9yAHUSDRQFWChKecHfqfxM4s3Hng:12000000000000000000:OKDOT:CHECKMYTH
1HfFpFm286qPcNdkixyifsY3uBg2dbS8gW3tGxEYJRxDmfz:12000000000000000000:OKDOT:CHECKMYTH
121Qviczh1MRSLYp4A4nrSEfDEuEE3SBmbKtKGnUxMp6uafz:12000000000000000000:OKDOT:CHECKMYTH
12ERrMWuSk3FCGZUfU1Gg6zFj8si74AJZF7g8fQXxCUuwJDP:12000000000000000000:OKDOT:CHECKMYTH
14GLMUTb38czxopi8bdp1PbJGm2pHmhqCCAxEhWTbnuy7EEq:12000000000000000000:OKDOT:CHECKMYTH
138zxMkGcZjxkjyL1tzfdo9bUGByUaD8Yh1sPAsyHoFQiE4w:12000000000000000000:OKDOT:CHECKMYTH
19BvKhuRMdKgn8DmmYXcMjM1gbHV4hNtBhehe6spydqMQiw:12000000000000000000:OKDOT:CHECKMYTH
12E2whofUA85PYr8aiz1qnSpheKwsF7Le4MHQRyn6hxVBiAB:12000000000000000000:OKDOT:CHECKMYTH
17JUmT96kjJvitg2BbgksZq6vTA9XqzfKazjBt14E38c3Fv:12000000000000000000:OKDOT:CHECKMYTH
12eGLxtW1SVjGC7hTHPPhUmBLZJ5RBJY9FBepjaXwQYb2Efg:12000000000000000000:OKDOT:CHECKMYTH
1nBwrnZJzJz6Tj6VmtRChLHdeRaxeFCZdFNvBx8MAGikEat:12000000000000000000:OKDOT:CHECKMYTH
16is38qL5kxbSH2mBw2qNTpZ72Q59YwxqZnYJYZ4iBuCqs3E:12000000000000000000:OKDOT:CHECKMYTH
13Jps9mTBvDKhHQtQvNHtAY9FVLjXyzy6FchiFX7bPGYx1Lt:12000000000000000000:OKDOT:CHECKMYTH
156WvBPe1LNEsi23n8ACSAUmzcr3ZsDxgF9emu7U4SgaeCcQ:12000000000000000000:OKDOT:CHECKMYTH
1gp8tXwYuHTBbE72npe2Fi3W8ab6HZmPfBPQouPVqme4be7:12000000000000000000:OKDOT:CHECKMYTH
14b4dBcVL7jmm6oCGLk9ixaUHmJyJAbZgupY7yeynQ3sPrEb:12000000000000000000:OKDOT:CHECKMYTH
15TeBvUdGUyuugJxW2xHPJQEAEik8K3nRrVSU4SKLcyyGSBU:12000000000000000000:OKDOT:CHECKMYTH
16mM6Wyr4LMA4NfV4midFtvFTkcedAHUcnESX1Cg3n2uHzmf:12000000000000000000:OKDOT:CHECKMYTH
14ZDvpeTRyUQtKtnUiXNvXywJfJrNGgrSsguGVrRYZRRCLU7:12000000000000000000:OKDOT:CHECKMYTH
16fwjCvYZ2YJfk2sLuGYPickt9JNoqB3oNBuxvgY2Wi4sB4L:12000000000000000000:OKDOT:CHECKMYTH
15PjVfo5PG4dY9shyRdSjPPhtPoy4fSMPG6s1Fk5XH2hsqdi:12000000000000000000:OKDOT:CHECKMYTH
12B6Vhh9SSri1Nc2Kf9tvWyWseMgea7S5fvwtQ8EkjXzNwes:12000000000000000000:OKDOT:CHECKMYTH
12Kkw3umXB9syqzv55gsV11DE49b8EsnyEvEmP4HRBeesxPC:12000000000000000000:OKDOT:CHECKMYTH
15RgwsRizAmXni8Zvh93iZRAqEwnkQ4mdzMG3p6Mjc68MqcH:12000000000000000000:OKDOT:CHECKMYTH
16ARss7nszBEHvckEQ1JTrhrd3BQhXw4tjoZHDYE3BQTzjWL:12000000000000000000:OKDOT:CHECKMYTH
14Vzrww2DmEdLvpLXnZQ6wuTrZSXqeat6ZoXc8Emxo7mk5BB:12000000000000000000:OKDOT:CHECKMYTH
15WKa7inDoNQvNKy7wxSGVkerSsXfzrQxqHUb8wLStjKM6sa:12000000000000000000:OKDOT:CHECKMYTH
12evu7KvZBfQhpya1GZ4mdyA11UpfCUZnt3L4zRJBCN3UtTb:12000000000000000000:OKDOT:CHECKMYTH
1Hqv7piUN3BoRVnVtFgynS3usKZuVXVLqirPAePekaCj5X6:12000000000000000000:OKDOT:CHECKMYTH
15xzuLX1cMUPAGJbWHQ7Fstb1GfmzCfSuG33gSnvT7cmmTeQ:12000000000000000000:OKDOT:CHECKMYTH
131g6d1AHXAVGJuDuSTtQLCLGdyhWSGeF2sA1kcy3sohqESC:12000000000000000000:OKDOT:CHECKMYTH
125icCzZKFZjeWtE5joDT1mSfKZ35U1Mq1VXg9x3f8N9Jdk7:12000000000000000000:OKDOT:CHECKMYTH
136rKhPbBGkSVtar2YE2kzaG55pM3mWDJNdS44GBwrZsY1Vg:12000000000000000000:OKDOT:CHECKMYTH
12boJkaZZRPjKhV2eFQGrhSaJwga5QRtUxohw7kgGFoRVDHT:12000000000000000000:OKDOT:CHECKMYTH
14A2dBAhWWXaGP1Hr7TuePPuUrzerEcYJwxJyRvemoweqEeq:12000000000000000000:OKDOT:CHECKMYTH
15GFz9uKyFgV4fDMnr9XJeoPePSE6kaihqX3LnWLCSYsiR6E:12000000000000000000:OKDOT:CHECKMYTH
15TC2HbNDU5ea7rWq9MLHXgceAhyC4X7q5qWXykuS6LoosjW:12000000000000000000:OKDOT:CHECKMYTH
1JBjKxGLm9xxz9sAcMrUwHk5JAb3YskYmQfAhmEDM5bkY8i:12000000000000000000:OKDOT:CHECKMYTH
1273AAHeNy6yNFTnxCdgCYKn9Xy5eEUS373sNRfWLNK2qpr5:12000000000000000000:OKDOT:CHECKMYTH
15dDQihPJbHbf3rsPZPvp8wwrPWCHyz15RFfNoAeRijqnuJa:12000000000000000000:NEEDED:CHECKMYTH
16ELZg4Zfpob2F6DiMAzdUc8rZbJmMpEDrsXf6jq8Cuo4aiD:12000000000000000000:OKDOT:CHECKMYTH
1zgaS9xL8zXHp6v6A7rmx3VXPuSwk1E4CdyaCAfnjuFVjmn:12000000000000000000:OKDOT:CHECKMYTH
1354zwZ5x3fNzSuaLmHq7Dg2Rvg8qed1yiD3PFR93CVen4mH:12000000000000000000:OKDOT:CHECKMYTH
1V8H4yHwXJLzdBuya3gan8DkFrKUzVa7HrX8DNGQFd3DXTm:12000000000000000000:OKDOT:CHECKMYTH
12y22kfErmnELYRm2wCpQZrXXuHP3iEE9YSq7QyhZKwQefWn:12000000000000000000:OKDOT:CHECKMYTH
1gxmzDfVBtAkhig5iSnFJiMa6sefcRXQengMwuRXcnCKsc5:12000000000000000000:OKDOT:CHECKMYTH
16nc3noEWBfnYhKxLmwX2wzM7XpMsxDsTq3t6xBd6FzFasrR:12000000000000000000:OKDOT:CHECKMYTH
16ECcmxwsSgkPeh6545xDHRL99JbNFYsPMbhPW6Z6hZUuuCy:12000000000000000000:OKDOT:CHECKMYTH
13kbDwRnsw7hgswMKnT6ufnAq3mtSSpbjxB8JHRzKJ43wVkC:12000000000000000000:OKDOT:CHECKMYTH
12RWetRyHK31q1KhueTjgNkoiacxrwGSnYqCpzCanJguuRYs:12000000000000000000:OKDOT:CHECKMYTH
13jQSYvDnvAnphUC9uwtjikjH28Xkq6i7hRhaBhwXdtSM3h6:12000000000000000000:OKDOT:CHECKMYTH
13RPgERcJgWyT2rZ8nrJ12RY7qXj2Tb6akzP6bYrgETNaBAs:12000000000000000000:OKDOT:CHECKMYTH
1qQPqHXqQuRDr6kwTdLnL1MveSLc5xPgUgdKCQVULBSbViL:12000000000000000000:OKDOT:CHECKMYTH
14JrNGgCksV15Tw1if5Ue6dwS15a1WTzB5q5VLK6L4px7k2M:12000000000000000000:OKDOT:CHECKMYTH
12fgppnguKnJ8SWdNBfmY7uNWVCjobfXc8BQLgrezwGpwjkg:12000000000000000000:OKDOT:CHECKMYTH
1yDyjEy5hNvueL2ugqb6zRZi5EfhwQpwLFUKEjBs9ZXmgDg:12000000000000000000:OKDOT:CHECKMYTH
1BQh76V55XETYxDodUoQToLY9BZz56jLubdgaFs7nzCLuyW:12000000000000000000:OKDOT:CHECKMYTH
16BoSBjuhDbJjTc9AL13gSiLWqwV2Ecxfjvo2g1LQVSxjPak:12000000000000000000:OKDOT:CHECKMYTH
12du2JrtvZ9X2mQwtNzW22kHYB9pkNNxs7PyFWXE1RDHzDHc:12000000000000000000:OKDOT:CHECKMYTH
12HuHcH33V61ssP5wAfKDfztVV2EexWGKEzxPaXpkMWRqvqq:12000000000000000000:OKDOT:CHECKMYTH
166hDvJxpBnGkqqBSjHLhDRfJ3nxacsKxe5McXyU4hBStFDy:12000000000000000000:OKDOT:CHECKMYTH
15kpCYWueGpEV8bNz2KGESL6dFAFVNMYBvBGHy2i79wvNYis:12000000000000000000:OKDOT:CHECKMYTH
15bcruFiuya9LKrcv84anUZpDWTfttRBEjM2CXW1LpfB4fuV:12000000000000000000:OKDOT:CHECKMYTH
16BZceqSMkE3tMJxWTg7aiiFhHf2pTcXCwrHRnDBodZWBtvc:12000000000000000000:OKDOT:CHECKMYTH
1awRF2DcmgWX6KvCjPubGBpdNjeANmsfrWL2GaNT3U3oEyn:12000000000000000000:OKDOT:CHECKMYTH
12R9QQgNyLsQhWTiQFuHMw3uPRrXdf6LSuafuyyp2bXiitGo:12000000000000000000:OKDOT:CHECKMYTH
16k1QaCYLknNRLkvw1kLFxtNrxcuB5TTGUt8SH4DYWvbTnS3:12000000000000000000:OKDOT:CHECKMYTH
15kq4ZhQf2zdnj4Wokzhurggou2voxibZ3czqz3rMAThzfHR:12000000000000000000:OKDOT:CHECKMYTH
16AwyZSpJJJhicvYrLCrVG43fS2epNWfkimobaCboVEP5pTi:12000000000000000000:OKDOT:CHECKMYTH
15aShgC8Et2NJXV6BfoZ8pT6wRdk7ZQZeZQ1kNoQAkK2KRuD:12000000000000000000:OKDOT:CHECKMYTH
12d7xGX9FYYi5SeEwBhDnw5jucv58otDBDp1UjAEBeQmzWkG:12000000000000000000:OKDOT:CHECKMYTH
14izYLRAMwQDG81NJ8WT6Un6gULMjCpxHfG63mmzrpkva6Xj:12000000000000000000:OKDOT:CHECKMYTH
13W61UMkpPmRP3mTDhoFh5GgxFWP6BUMMQVTZaMdWXkBvLp8:12000000000000000000:OKDOT:CHECKMYTH
12phWDsz3r4mopaGVw6gkwLLnE6yU43a15x4GppDmNPMFF6x:12000000000000000000:OKDOT:CHECKMYTH
138AEs2PXECZJCtkYq7LZeHHiksUNPVmj7PDbFrHXZy6sVB9:12000000000000000000:OKDOT:CHECKMYTH
1537Yi8LfdUkAG7w9gzXLbiHWYbCjwiE4SJPL1bj9zHvRTg8:12000000000000000000:OKDOT:CHECKMYTH
13yR8hXvgkkQxTnSsGx8Z9BTEVv1VRkfKZXy6dASbCHsGjB6:12000000000000000000:OKDOT:CHECKMYTH
12VapvhSQMJVPde22BnRw4adjCdPgaPcuNqMx3bob5qagMCv:12000000000000000000:OKDOT:CHECKMYTH
13Z6miDRrKhFB5SMexMWWHZMUCb5fw7DyT4XQXwb6Z6LRk9R:12000000000000000000:OKDOT:CHECKMYTH
1Try8bWXjYtcaYXt241deQ8PAG5ovpVsZSjP5B2ERFyahR4:12000000000000000000:OKDOT:CHECKMYTH
14Fx3svoqMHZA5NbKyBSJGi8LtjJvWRiyenPT5ZszVJ1xBtp:12000000000000000000:OKDOT:CHECKMYTH
12hyhqvmuVFFRqRNzN9T2JoXyfyAgampDSWaPSveTM4numsw:12000000000000000000:OKDOT:CHECKMYTH
13X4E7X4zPBz8LZSEGHZ7CGYtzW5arsAGa3NQBwZ4Vx49aDK:12000000000000000000:OKDOT:CHECKMYTH
14j6uiKwzwpBNJsf8k2XAG9E6ANFiqPq9GeNpQdPEQxz2G2o:12000000000000000000:OKDOT:CHECKMYTH
14PrcpRC3cPdf1Y4UK2HFhNUfrkgV7aDAAGSPK9wxZCuTYUm:12000000000000000000:OKDOT:CHECKMYTH
13AA47piojSDXTunSud78Q6iDnqQocEjuWiZauhbHBs3BeTH:12000000000000000000:OKDOT:CHECKMYTH
1TESWpy958TGXFH3ZMYZVCgP4XCDZ3yNBCxAgR71GvC83Vt:12000000000000000000:OKDOT:CHECKMYTH
13Ptj7bgnW4DZELtTueFneSJEYu4zto7FQtUitggJChVjNoW:12000000000000000000:OKDOT:CHECKMYTH
15ESzxYuGrVsA2bgfwbj89o1oEsgfvmqhMPC9t2EXrNUdS1D:12000000000000000000:OKDOT:CHECKMYTH
12tADCz4iNJe2W9uLVywimBYVNn2zSNZJf6Q8dGpnw5rfuvA:12000000000000000000:OKDOT:CHECKMYTH
1MrBjCQWwmsd5WF1AdLRv7c8FiiDzYxssRj4e4goGfwbNU6:12000000000000000000:OKDOT:CHECKMYTH
1684ypNRzsvs28UuTd8oLWCrP39uFwsvGqjzxPccmZjSFFMS:12000000000000000000:OKDOT:CHECKMYTH
16TYT8mi5qKXw4tPmWJhsUqn2ukn1i5V1naDaAcTd6n2rpEL:12000000000000000000:OKDOT:CHECKMYTH
16nTtbxcf6ouMHxhgDa1GQ8JWHq6q2gsshdxSsyL8j6g7CVh:12000000000000000000:OKDOT:CHECKMYTH
14AJQds4wzfNutJnvaX1MfYDEccQcx8FNV9twEzdTHWXGMJ5:12000000000000000000:OKDOT:CHECKMYTH
14z1eTNYu89TH9NZ4imSMA9iAvzucBEGwAKK9vQnfjWM9Us7:12000000000000000000:OKDOT:CHECKMYTH
13o6RQebbLY7VbLvZ3ogz2n7Zp5CS8LDTkdMKa4QPaxNqhG8:12000000000000000000:OKDOT:CHECKMYTH
16NWv1kjpgtzpE6ys2sD7gqsvzoD3nTptPyiGts1FseuEjLa:12000000000000000000:OKDOT:CHECKMYTH
13BNaUAsXr6jT9kzbcS9XLmLQ8NqNyBdf6izU4ePJq7rNDQ6:12000000000000000000:OKDOT:CHECKMYTH
157PftVP1BF8BwvJQ4ckcFxxDgtoDj8Bvn75Nn1y42ixW8zM:12000000000000000000:OKDOT:CHECKMYTH
14BNPuFjFr9pPiZXE2Nu8azfwXfYVpPw3B1stVpN5xpE6CG8:12000000000000000000:OKDOT:CHECKMYTH
16kZQNdUBW6CUHqTB4cM4dbrdv1bBhyDnq9Xh42rSrnYii3h:12000000000000000000:OKDOT:CHECKMYTH
1E9XB2YaMJR1N4JMsYZvXcktoPEyoL2bG24QKnfp1goxDi5:12000000000000000000:OKDOT:CHECKMYTH
12kw6PZhUSvN7vM1FL3Fi94tkLidBonaypNnoGLgpo2gvWii:12000000000000000000:OKDOT:CHECKMYTH
15wmPjDNqoH6wzwUT2RPSfDdnCn3b8NidsaNij3nknBbFs92:12000000000000000000:OKDOT:CHECKMYTH
12KZT6848R38FGJmgSfeMxzY2QKq4j6vhTjLnKVAHR4PLf9W:12000000000000000000:OKDOT:CHECKMYTH
14Eua31jxmankVeptx2VWb9ttMtxq5wx2UB7tAuhNFADEsZs:12000000000000000000:OKDOT:CHECKMYTH
15oGqKqZWYWcwPuoM6rU31D423ot7uiYUC8SzFeQawM8zXXR:12000000000000000000:OKDOT:CHECKMYTH
164Dmw9A3zcx1mqhe9gu8zRHFaWyLpudV1vZjatFVfDFR3sy:12000000000000000000:OKDOT:CHECKMYTH
15LatNA4zoN2rm6DWzc4sk6Vow37TVqevoXthPuQSq6Jwn6L:12000000000000000000:OKDOT:CHECKMYTH
16jX7uzkv2ZbcMZrVuFJMQpGWkT95XYQNrC8YN1EccD8fbDU:12000000000000000000:OKDOT:CHECKMYTH
13mX3GWqbfDi5VjkJNpnKz1oQBaXRZHsFSxvr54PjrFFaQru:12000000000000000000:OKDOT:CHECKMYTH
13DNjro38aXXrtyS9jqhnofiFT1q4PozifbEFUnPu7zqgxbK:12000000000000000000:OKDOT:CHECKMYTH
14aLVcKU1PUnCexBXS7thKS5ykKxV5KVdUs67QgqzgZzcZzg:12000000000000000000:OKDOT:CHECKMYTH
12Ja4ETuWYRBUukACKDi4bZqEDNvfc4nvxxERjnAWa1gMiCA:12000000000000000000:OKDOT:CHECKMYTH
16XV1typ5m18Ph5o9TJWBZKrXTfPzy5TDFuMkE1qdC3wHZdM:12000000000000000000:OKDOT:CHECKMYTH
14JaEqx21EPurEwKAttF42vPPjpC7Uzr2cidJYbkee8LUR59:12000000000000000000:OKDOT:CHECKMYTH
1w6TLk9J2Vf7ZGo2oxyKK4u1hQJrWyvHc8uzUrcpn87S8kb:12000000000000000000:OKDOT:CHECKMYTH
13wmqHFZRTgQdy3rkBUNotYvriaHnGTkjZGfnZJpmahrrQVn:12000000000000000000:OKDOT:CHECKMYTH
12psVKXVHxgfwfkszcg2SXnPbBGyQU3eYKbA2s7dsWnFJTen:12000000000000000000:OKDOT:CHECKMYTH
16hhCPX7PGZ1xb52Mgn73WE49XiLrC5iAMvVp4jMWDYjs7J3:12000000000000000000:OKDOT:CHECKMYTH
13BfwienYpKLbVY1EurRaBnBagFQvQh6qRYo44MmEoFNG83A:12000000000000000000:OKDOT:CHECKMYTH
14rNisvKb7E4hqTEM6RhrFW5ctcsjgG658SRTLryrVH4ZBGD:12000000000000000000:OKDOT:CHECKMYTH
16DUAVBiVrh9cjX5yNXEdjZExFpW5ZatMMCQmx863S2deDvz:12000000000000000000:OKDOT:CHECKMYTH
16h78BuDrwBAgSjeZBUko6GjAeCGs232boCK17vyRVk2TkcY:12000000000000000000:OKDOT:CHECKMYTH
13tw5mdxadMpYLJt5fg9VqmAkGXECm4PkXYmz4QbzWVjnyZw:12000000000000000000:OKDOT:CHECKMYTH
1frzSb35WvDq1DHKTG7e1txLp9NkDFX6aCgD9z6cN6X1sqM:12000000000000000000:OKDOT:CHECKMYTH
16JE9u5AWjmYjyP4x23PPrpibeagJBKJHVdEdmqp24FwSZYq:12000000000000000000:OKDOT:CHECKMYTH
13NxR6qKGWB9x9h1nmeS2oRqZknE9AQaV8aRe2JFvebaKYBL:12000000000000000000:OKDOT:CHECKMYTH
13Dvky8EauRMgdMRUqFETxxb24QfzGx9E2TY6zD8z842v4xR:12000000000000000000:OKDOT:CHECKMYTH
13XPgDm2oqRxErGY2i6VV8S5Y62563qL6G4oC7FgroZrBP17:12000000000000000000:OKDOT:CHECKMYTH
11K8WWXa1vnsnwWgCVjiK2BSjoPXiT3Caa4ko5LjCYz2Sfs:12000000000000000000:OKDOT:CHECKMYTH
15juYoeEUtYqK1ZDNH5qT9vLVsaoaX2UqyZG9egXro3KcCah:12000000000000000000:OKDOT:CHECKMYTH
13wCuR3PQ8k9hbMeADca6PjzidU7tn7zi5kAo3HetmY6qDhB:12000000000000000000:OKDOT:CHECKMYTH
15MZ5yx6g4pMUbt5qLUS1ha6eE2gFiU6Cs75Kgi6bXffhDSu:12000000000000000000:OKDOT:CHECKMYTH
13u5UHpsEhKDNfnNWPHgj7jiph4tksLEijg1gNRtb8VYVsQe:12000000000000000000:OKDOT:CHECKMYTH
143S8NuXVkdpErGbwy9rz4dbHpMXigJekwAj7hVrRixHriEs:12000000000000000000:OKDOT:CHECKMYTH
15ntDh5UuZDMdkv2x5xpSeo3QDrggssX2uYJG4kfQT3Sx4Q1:12000000000000000000:OKDOT:CHECKMYTH
13DY4PBd7PBVyjwtbstQcdev6UU4CqhW2nHnuMndM8LhPHQu:12000000000000000000:OKDOT:CHECKMYTH
1pCCYtS7ZX6kEctv4EVrxmD4bTtJUPMhrSp8KKvbtwtMfj4:12000000000000000000:NEEDED:CHECKMYTH
16589Gx2dEjrZib3U2dtJReZNbdmsbufV6jVZmqTee5VGs6C:12000000000000000000:OKDOT:CHECKMYTH
15EiiLvQZe9q75BaqVwQ86HKSgGnmwwhASX5bNHFKEiScpaA:12000000000000000000:OKDOT:CHECKMYTH
15APJYAVuLVom649ZSh56NQEqk8NCrMjpsfMqJBAVzkZg4EQ:12000000000000000000:OKDOT:CHECKMYTH
1TKr29TcH7mKeEb2pp9pXA7HbbkErpigHZvn3FqNE3w9mjF:12000000000000000000:OKDOT:CHECKMYTH
15QJ7JmAhWDRMDKftdjsWYq63muzao3U7ExqjTr19UphENPZ:12000000000000000000:OKDOT:CHECKMYTH
13M7nyP45hSXLGzmz4t9gGS5NrjWSPYRqumRPmggdrRYC3hM:12000000000000000000:OKDOT:CHECKMYTH
16FM3TuzEdVrnpFtWKP87Ft5EcGVTTFLvFgLDzhp14zvgBMn:12000000000000000000:OKDOT:CHECKMYTH
14iSPNcLDf1Lz4ibKyczpb1zevdpmugA292iy2DBzVFrwLAc:12000000000000000000:OKDOT:CHECKMYTH
12fAheByw582x7FPg6DRJF9NWfq6gzFatpFhf4yNJaye4jiT:12000000000000000000:OKDOT:CHECKMYTH
12fWwXQQALfXpkAHVRNWRuMU65pDHxdTE8fv5Gyps7aBhhiL:12000000000000000000:OKDOT:CHECKMYTH
14sehvhikgsZjr2qySEobncd9hG6AGaPHWhMRdjtyBHUTs8H:12000000000000000000:NEEDED:CHECKMYTH
151tTTYRo7dh4SnKEftiHHp5txse1LAysMcm9QV7Wr36dVmu:12000000000000000000:OKDOT:CHECKMYTH
15qyEZWU9koBH1Zcdcz6FvVqZGkhtE2AJAn62F7WMbfu5H8q:12000000000000000000:OKDOT:CHECKMYTH
12uDKx8MC1PUZhJ9PLPz8T1p4RscYKWDBKBX1EJk5FVpLEQ4:12000000000000000000:OKDOT:CHECKMYTH
12CiXXVukhSv1GCEsgCJUJVWxVEiGVMTqzzvsXZVDhZNgpHf:12000000000000000000:OKDOT:CHECKMYTH
15b7nzhDcfXUvhC147h5qug9GYJndZf9aZUMhsCWXtbCRGGC:12000000000000000000:OKDOT:CHECKMYTH
13Sgs8AJiheEaXF8gAZuCLQum6XZvxeUgwoQvQJsCsEijVXQ:12000000000000000000:OKDOT:CHECKMYTH
13sa4HW6AE1K6uC82bHVY14dbkjcAKz2FKRMQ7HqdbGjtAhT:12000000000000000000:OKDOT:CHECKMYTH
14oSTBbyXwWEUbi5yvNcn2Xsf4urR8UBCBbSwRxcjkSb7Vqs:12000000000000000000:OKDOT:CHECKMYTH
15X4bTPqespb4fXpi7TK1RatSb1QY6F9DB3wbnzcafJcpLYh:12000000000000000000:OKDOT:CHECKMYTH
1464CgTXcjmUh8iujHpocuWaFrkCKYFozexynvhW8HvhY1Xi:12000000000000000000:OKDOT:CHECKMYTH
15M7B4yyu6E81j5oYgKnkkeV3Loz2yJgujsZbUHzwDSJwuPG:12000000000000000000:OKDOT:CHECKMYTH
1218W5QMkDnyApQzcw2TCDRhBsiphwb8Nhabowpriw9M4B2f:12000000000000000000:OKDOT:CHECKMYTH
17Gv9VnnhWggF2m5NSeYzrv7N5nQGFZzb4jj3TxihorLSM5:12000000000000000000:OKDOT:CHECKMYTH
1qJf1jgLFS6YzLGqMHJ4QPxoysMyFPUqH5wk4rtfC3AvfAC:12000000000000000000:OKDOT:CHECKMYTH
16Rcyb2dfqsPYUoT2WKRmgMJD5YK8y3SsSbzR29WrgDwupug:12000000000000000000:OKDOT:CHECKMYTH
13auSB7aggE3LuYWHW9Q32bpNcqnQA66S468mP41qkrKkLUw:12000000000000000000:OKDOT:CHECKMYTH
1VDp2UPhGuBjprfMqLExNurJD8u1h5ofEN4diyvv3YZTDAR:12000000000000000000:OKDOT:CHECKMYTH
14yM2sN2ovqePyxnPs6sQrWyMDxxu6zYxc6hmjMAWPqsc4Hb:12000000000000000000:OKDOT:CHECKMYTH
12n9MdUnmQDcktLiEzur8wv7VnXgtsqS4CGCaCE9rBU2wqaa:12000000000000000000:OKDOT:CHECKMYTH
1Qvht8SEt3mDqLyesXM1pgDWqohU2xnKTZUgNqVQdU6P9SZ:12000000000000000000:OKDOT:CHECKMYTH
15q7UdXijJMUAFzrJPwoeWPJZ7FJmDYU41P4LndMXRoAeiGX:12000000000000000000:OKDOT:CHECKMYTH
16bP6zLNMcR2yJ8Jb3CF1eysc5iPNQ9U573TLuyrUXGYTWk6:12000000000000000000:OKDOT:CHECKMYTH
12jDtQoShmspBHSxrYmjv8JqzXp83tU7hMd6h9TnNY6n1Sk1:12000000000000000000:OKDOT:CHECKMYTH
15J9YgUKLwqfBdZDw2DcY5FRSw6uG7fWsvkh9fRH6YtX2Xb2:12000000000000000000:OKDOT:CHECKMYTH
1kkhv3JrQR3kyNGsW2ckQnPZ7VUff3iG28Dza7FNZFKJcZu:12000000000000000000:OKDOT:CHECKMYTH
163ZEbLmYzGd2zCBZg5M3wt4m5TFwivBqcY3sRxEtDgo8RpT:12000000000000000000:OKDOT:CHECKMYTH
12uCniquPuRUwayY6fsvmcZqhfqr5fFm7fkizak86dZQE3MR:12000000000000000000:OKDOT:CHECKMYTH
14jnht6gZU6xNv8QHTizDjhzdUBj2HjgvZ3HkxGNshYFq1Ay:12000000000000000000:OKDOT:CHECKMYTH
1xyw7EayLPuqVQN1NHHmENZecdZrdaHHJdooVzPH7sqqWdt:12000000000000000000:OKDOT:CHECKMYTH
12UJxzhw2sTrGjUJxnKyWoCrgywZogF2RocXC3FHhYdZ9Gb4:12000000000000000000:OKDOT:CHECKMYTH
13CjWiRJPtuXWdDrzv7AUtoMGCpHtUizpWiBV6VcgcCWrp5u:12000000000000000000:OKDOT:CHECKMYTH
12YYnRnjDub64Y1LSy8gL8qCpktFbjvDHa3vybtdNM6LVz3h:12000000000000000000:OKDOT:CHECKMYTH
13dK352EUN7yngnztL1rCKxFjvnP8DddSdSfUFcj9BKHQf6k:12000000000000000000:OKDOT:CHECKMYTH
1voKSj7miTmmSmENuV7j9QdeXY1xryX4ZDFVXmCc6PW3SLf:12000000000000000000:OKDOT:CHECKMYTH
14jZKga8W2YtZCaEkT5XYLmftUcKsRhqs5KVMEReEEsPpHBF:12000000000000000000:OKDOT:CHECKMYTH
15xpd2uWebGRTu6nv8iAM4XCcFp6MSTN2VGZekVUivtYHd3o:12000000000000000000:OKDOT:CHECKMYTH
13Yp5SE4jEr6eyf5GrnHQ7a42R6VYFPUjWLhrC8uzfc5muVS:12000000000000000000:OKDOT:CHECKMYTH
169BabHfUdCGH1ksuSNLScmdsbvq6gDqyjc5tJQdjhpMsdXf:12000000000000000000:OKDOT:CHECKMYTH
15icmPHqkgHJ7vPHQAsX6oJCxNaRBJGeefGm2pW517KF67Kd:12000000000000000000:OKDOT:CHECKMYTH
13uqLGbwrLcSdkZrzXbgw8AGTq1kngFw1xcUTi2Eqhqk5ehN:12000000000000000000:OKDOT:CHECKMYTH
14wBNwfp1mYio4WwVfwHwagysME8w4cqAidjpgJANeUiJwLj:12000000000000000000:OKDOT:CHECKMYTH
14wdE8fixKnQctCKVZWo6bKviVxx7r9GSwe6QKe33rjhpQRg:12000000000000000000:OKDOT:CHECKMYTH
1vv64ovBtXgYDeBKjCa7MXcUKN92rKkUmJnXqmSzeizEg3k:12000000000000000000:OKDOT:CHECKMYTH
12MSMkQ4f1qyvoPBo7RVFAzTwXUzpHipAf8ka71LRdp1PJDt:12000000000000000000:OKDOT:CHECKMYTH
1jDksWMvZxHSWE6MHDzNUNGahkcMiWkSoUQXuLhSTgt5xVt:12000000000000000000:OKDOT:CHECKMYTH
1j9MWgG17AJdpPjEEmx2evmGB4vhw8trQDbC6BnNSNZuAnF:12000000000000000000:OKDOT:CHECKMYTH
13T18hHdeF3GnWPFzzgQoF4KresS55XsHV4n1hkuCqqvLUnW:12000000000000000000:OKDOT:CHECKMYTH
12bYxhAW3DGsgwkVf6Lo71QQobSnTHak43B1o3fXQd9kmxsW:12000000000000000000:OKDOT:CHECKMYTH
15v7h1HLqKqHerxZmHsR2fCtF1XuUdC9PrjRCeAudSATmBzJ:12000000000000000000:OKDOT:CHECKMYTH
13TroRhCPRG5icx6MfSZSZniPv6kkWPPs4iMFGyfi2yJyCNo:12000000000000000000:OKDOT:CHECKMYTH
1uJp8gEUU1PNZrdz7vFKibozgwruZC2Xs9Y1SGen6MAyo3p:12000000000000000000:OKDOT:CHECKMYTH
15yRWAPw95zW7CtzMUpTNwa4A613xou5WDoqqmH4kvZFWGNU:12000000000000000000:OKDOT:CHECKMYTH
15TpSpNdrkkxx1rFAuDtZ7Yoo1rgqnCCD9rHSEQSMJJSiTZd:12000000000000000000:NEEDED:CHECKMYTH
15CiNj9Nwe9d1Wn8LLqcxzwooGPtTKKnJsnP42tE8YVLrCC7:12000000000000000000:OKDOT:CHECKMYTH
14VR3vH28wU4KvgC8gu9fKYubpmCrvEGXBQdhkGTet6wAN1W:12000000000000000000:OKDOT:CHECKMYTH
13zUMCptFr3N8pfFEFVb1Y1aiE1VCN2FDA5bs8uof7GW17Yq:12000000000000000000:OKDOT:CHECKMYTH
15VEaJiezCxgrfCjySXr9w3UFxSfDJN9cmuSbjX2ZxqsGK86:12000000000000000000:OKDOT:CHECKMYTH
14zp3uy6EC97hTXFdJgfLwqwbLo4WWHJjuJWtTVwfogqLANC:12000000000000000000:OKDOT:CHECKMYTH
12vbSfCC3F9HvopWDq1DcJgyg7uaoWaHBFFYbirLfFeeAoeD:12000000000000000000:OKDOT:CHECKMYTH
1PA9czkPtZLC3KZHatDdvX4EScby7hRR76HLSZ1GpPSpM8P:12000000000000000000:OKDOT:CHECKMYTH
16HTQMAnqGhgcGiWi19pY8rJjTULNiXaMEQTjVJQT48actK:12000000000000000000:OKDOT:CHECKMYTH
16AxsybtCxcz8HxkgNQsF3uWYPZrCyRABhGMfvLx2FEj1jzy:12000000000000000000:OKDOT:CHECKMYTH
14kLdMZ6pbuPEtUM8Tzhs8TMExRyRop3F6kHTZ9cKFhHS9KL:12000000000000000000:OKDOT:CHECKMYTH
14PjLevCFBVEZLr46D4YrVrCesadurwVZ1nNyfuUwcyMC7Tu:12000000000000000000:OKDOT:CHECKMYTH
13cL3WVjYA4AncWLNPdmef1TFeAUaqXBzdwZCMwjgCp7jGBD:12000000000000000000:OKDOT:CHECKMYTH
15XcVGeDx7PZ6aAjmLJ8nnMTdnkqi1TQ4dbvYuFoeVEiGenC:12000000000000000000:OKDOT:CHECKMYTH
12jWJKBZVA96Hb6rJYDc4PfFkfu8613sX4KtX44VsxQ3BL3q:12000000000000000000:OKDOT:CHECKMYTH
12pNuEgejrwxdX2iKeN5CumYE1HDp1hjGiWDRTK2yS2JHaMU:12000000000000000000:OKDOT:CHECKMYTH
13eMHeb1AXSeMfeZoWWBH6ZBvP5HJXW5jiGi1K4B2DCXpYaY:12000000000000000000:OKDOT:CHECKMYTH
12DYtsq8yfw99mQJyx1LCerrSRaRExXkL7LY4uCfkpkV5H4K:12000000000000000000:OKDOT:CHECKMYTH
134PLkTr7y99vBk6NLZFnh5LcnoS5Y9pECq4fffkhUjSYVKG:12000000000000000000:OKDOT:CHECKMYTH
1KeDpgQvknCmXFYGXUH2QWVKgV9sQunTba46mpka9n5VPXg:12000000000000000000:OKDOT:CHECKMYTH
1BKodTZPWz4z8mcqft6B45CthRc8SgFAEp4CjCptfpqSsko:12000000000000000000:OKDOT:CHECKMYTH
131FPo66P64N2n8gHRaXt8fbcSZde3i2UqVYSFFmFZAW7k4b:12000000000000000000:OKDOT:CHECKMYTH
13NCLd3foNpsv1huPDzvvfyKh37NEEkGFotZnP52CTR98YFJ:236000000000000000000:OKDOT:CHECKMYTH
