1jSQs9ktQs4kH5v5D8muSaXW51fntKe6NRvfrzjj689q8it:12000000000000000000:OKDOT:OKMYTH
1MSTUCuAso2cUsKvGckKDkMm3rnDddo4Uf2HdKyuH8tF7QH:12000000000000000000:OKDOT:OKMYTH
15cXvw1v14U5ZxqHxV7RhEy2UzoGyhN6dELM2PhjMdUCKkRh:12000000000000000000:OKDOT:OKMYTH
16WEvViy2hzepzsHKjuqJpZQTwBWnF73GdmHqU2gy1faShT1:12000000000000000000:OKDOT:OKMYTH
13arb19TZsPy4Qnrd7vUutC7Jv31XnYJ5cr2TFyTGMJKkje:12000000000000000000:OKDOT:OKMYTH
1FKh1LRD19aE7Y7EmoU6JcJHmBKfzdi141pf4HtvuALftg3:12000000000000000000:OKDOT:OKMYTH
13E4YjaUHsmirsBTdxDyxF86AEfdYBiXKd386wTBhseBb9ou:12000000000000000000:OKDOT:OKMYTH
161HqwK9K6FNCWFXLwvXFF48xXAouCwZ5dCj9wuFjJJszsjM:12000000000000000000:OKDOT:OKMYTH
1YRgwUDF22Kof81vmb2oUbHYxeFF7G2CFuVB6zLHqbsnsCD:12000000000000000000:OKDOT:OKMYTH
155foGRQF3iMwSWwwGrthvpzXHckRiXf2XhdEhE1mBg6569p:12000000000000000000:OKDOT:OKMYTH
14W5WdrBMVDHkRga49X9zg2tk5U4QFnwE7B1G1UE5a9wYCrM:12000000000000000000:OKDOT:OKMYTH
1WRxpEwnAyPrcqJ5aZBiqXquNCWA3BiJcHJ12WfYyymY3EL:12000000000000000000:OKDOT:OKMYTH
13arXjmZEnLqYssVjgiBcYAhxhZbcLzCjC7hEkGv81S3q9VA:12000000000000000000:OKDOT:OKMYTH
139AVLbSAhZgVQHsxovc1bztYfuCYeix72mornn7jwAyBemi:12000000000000000000:OKDOT:OKMYTH
14Fu8ShJ2CfDmvXqK2dtGEY3XS3NvA1uL3qMx6ixjXWBLfwz:12000000000000000000:OKDOT:OKMYTH
15QTigZLWWcNT4xrWAQphaXps8gAcj68vSscikSmUQRFPZhn:12000000000000000000:OKDOT:OKMYTH
1n24r9rfzDRcPgihWuBmSWnaY5siLrDJSqQUKJCCTezm3io:12000000000000000000:OKDOT:OKMYTH
13hpVJF6fs9qc64h5rDZfcKLPJN6xcDBWKcb7GkTFqpfcXYR:12000000000000000000:OKDOT:OKMYTH
17GGUpP1ihLEVvP5qBpooq3QjSdtHvuEjCnrdpbSxaJaJxG:12000000000000000000:OKDOT:OKMYTH
15dUAbff53hC21AMuXvhaF3nw43TH2Hdk7iaLkgTYU8d4p9C:12000000000000000000:OKDOT:OKMYTH
15PfLCF4oGFxAdY3QfdRLvLAjwmW5HvGwrRnFdAQpyKygVbd:12000000000000000000:OKDOT:OKMYTH
12Nw5opRfZvM8G4GWq7UShE3qsf3MT8MVDymtdN2gFQejpjA:12000000000000000000:OKDOT:OKMYTH
15ttyNZBqjDMoBEwqWejqmRAtYDimC4k1emgihjvBF1PJRXN:12000000000000000000:OKDOT:OKMYTH
12pQuGzFr68CPoyeALzvSDaz4MTBDxmP57jpLLHMmtqrDc8V:12000000000000000000:OKDOT:OKMYTH
14BqP2sWZtN3MTuYWSprpimRHK9bC66tckEJKCUHP5NaJRBC:12000000000000000000:OKDOT:OKMYTH
123Z8EVFet7ZVZRyBsaJihmnoSbMRcie1vZSe6E5CsJzM95j:12000000000000000000:OKDOT:OKMYTH
1ccmHTigFFR8iyHUYrJqzqDe5wARBKeeZd4HhJ6twBJ8Q92:12000000000000000000:OKDOT:OKMYTH
1484qaLAmjA8eWSS3LqhYExKGQ1Ae9eMpqN1gzf3h8odRNWx:12000000000000000000:OKDOT:OKMYTH
16TWa4wrWYLTFQU8FDkoPZaGZzkdPR3mWAtuHsPSwq3oryXC:12000000000000000000:OKDOT:OKMYTH
12hbFv3qmVb2AmfDbe9S6yXUa7hPtyixMQ7SgcRQ6JMueiVA:12000000000000000000:OKDOT:OKMYTH
12DuTeecvptridi6S5a3w3kic35yAn1p6zNrfhYWEs1PQJA7:12000000000000000000:OKDOT:OKMYTH
16YkFterTn4e5myfeanXCTSb1yxcaB5SfkBG9jcS1TJ6wjWr:12000000000000000000:OKDOT:OKMYTH
11o58n9oP4LoPd5FZTwEwRnrkAxPW3WHGgRhwzq1GKHypnL:12000000000000000000:OKDOT:OKMYTH
15XBVTMaxFiHGAPqqVgGnTZYfNHmfdvqe6xPo6HZqtKDJvBB:12000000000000000000:OKDOT:OKMYTH
15t81vRN1FWbXRhmpnLeKwe8L6pWcdZZdVCa17Di4thbohe1:12000000000000000000:OKDOT:OKMYTH
14TVH2gPzarRrUqQ2q1YcT7pMLbugsypvmFCVmiRFEgHn2yS:12000000000000000000:OKDOT:OKMYTH
16eU8iuYQjyjvYyr9VXKTAoi8D9iVBLiUsHHQzGhvicRoW7n:12000000000000000000:OKDOT:OKMYTH
14stp5yzbpVQ4267Yc8CmD6AGt3J1j1FqECPpbA8LkLUuWkd:12000000000000000000:OKDOT:OKMYTH
14JXxYskZxQnkEEg4jaRE2fA1G7yodXSE4LpJwJ7BMpXph2t:12000000000000000000:OKDOT:OKMYTH
13eyLRDoYciPYV6YUREuLCQHuUGStHYkTkGwMCVu2mEgZp7A:12000000000000000000:OKDOT:OKMYTH
16YRwHmTXiJWTVTtaDRheMMrH7eeje8PwRZkqATYyVMRbLhA:12000000000000000000:OKDOT:OKMYTH
14QdadJV4Azngg5v2w6g7yetBpohtT9jMXeoCuQi8MLuRuDv:12000000000000000000:OKDOT:OKMYTH
14Swbcg49HAp9GF6dP3vu3Lfff2TY9F1nUftiWpv2zJQMhFP:12000000000000000000:OKDOT:OKMYTH
13wQ9FbXbWtyjvxPKGwgYFMvnW7PQEcjL8qWBbGx7VsiNy1s:12000000000000000000:OKDOT:OKMYTH
15Rs6VSnAYwx1xE13Bh3FLuxoWg32fC9RTgdNPaPgCbRtzUh:12000000000000000000:OKDOT:OKMYTH
135s7oJoLzxeewm3y2Jqus1yHzdhh9F5HxKDB8fah4tqx1AG:12000000000000000000:OKDOT:OKMYTH
12PKUf5VKk4bQduanffbBBb8GGhoZ4EtBQAzj6A5Z6r1PRhV:12000000000000000000:OKDOT:OKMYTH
14y4beDifCZZiWzCCfhf1Yqh74sS9cuns8joJUNSi4Jatztv:12000000000000000000:OKDOT:OKMYTH
14WR5bLHzPFpxHWwatorxMPH2GtEuCZzKMzEsGZMEpFJN36o:12000000000000000000:OKDOT:OKMYTH
1LhHmhSDM4XExT1ZZ4DqXpig3KLSaoxPSSe5xzsyNqhetK7:12000000000000000000:OKDOT:OKMYTH
13Jxey2nnVBW52na8VzyFbo2qNay7DENTThyuccBrJSf2kT9:12000000000000000000:OKDOT:OKMYTH
14zewkW6ouwcDPyXxuZ92EgqojF8qiL8q3L9t1jrL97Pn3sH:12000000000000000000:OKDOT:OKMYTH
14b8c3YnTeGDtirKrCKWfjDoGkFEeeNFLWcNkrsdWhwBFknx:12000000000000000000:OKDOT:OKMYTH
14N4tf32WTFnKBqpdgwSN4SKWhwwUuxXiR1HPAXZqyGUqQNy:12000000000000000000:OKDOT:OKMYTH
16YAVJZqUnzvzVB7TBkRULicGiN2F8PW8p3e7CTPpqPCP1a9:12000000000000000000:OKDOT:OKMYTH
16dAncndigwWwW6js6xBp17UCd1qoyyLVN1nZx7RxpHe5bAd:12000000000000000000:OKDOT:OKMYTH
1vM5en4ErTuLwSLT298m8LBx43zRmSfDghuEyhFKtxoEZgx:12000000000000000000:OKDOT:OKMYTH
12YXqXnVJMKvLgJPk8MK83zSUwkTMWuh411XYAuougpKPH3y:12000000000000000000:OKDOT:OKMYTH
1USmL2rm117nUdjqf9xZw8iiAFdzn9AP4qiqbdnZwcSvQpp:12000000000000000000:OKDOT:OKMYTH
1iSp1WPfQs6Uj49JNKT3sGsev9LVqVf6bBosWP6jZQw1Qpc:12000000000000000000:OKDOT:OKMYTH
1Ay7ezTQb5A7yrPymNi3Fj5t31VJH6ivwpc7sV5ai9KN1zM:12000000000000000000:OKDOT:OKMYTH
16ga9pJvfwayyqoEb7retUn5fT6ijS2aXiMUvX8PVaFFD84w:12000000000000000000:OKDOT:OKMYTH
12wg714MydEpTuP2vMPpDHwMZuG4nycXvpvzQgUK3F9GEDoP:12000000000000000000:OKDOT:OKMYTH
12zhFdpYEiRrem8GCxGy6wsZtmGyo71DoerXFYmPkbqUFhCZ:12000000000000000000:OKDOT:OKMYTH
13ZUmRjAzzwSKYEJfbTrdCpcNmEKaTgibJZgD3vbEKEQpPxm:12000000000000000000:OKDOT:OKMYTH
1HF41FiaBEBw9bhd6UWR1HovRdriP9MFHodfA8ckFDhFCuY:12000000000000000000:OKDOT:OKMYTH
15rAMGDd6vpkbHZdP2D27gUX2G3zr7dMzkeLz7TKdsWvQhXj:12000000000000000000:OKDOT:OKMYTH
1JJN1AgHQLWomztaTBHs4Zx4sHcEmLCDVU8ScZfYuH7MhuQ:12000000000000000000:OKDOT:OKMYTH
1sCNuXLyC6xVxA3XJjhq1QDZN4fZWv5LbuVDcFjuyRxeDtj:12000000000000000000:OKDOT:OKMYTH
15hatVBZcCexVkNs4zD3GW8Zz59Lv2hnmy6swFKLmaPEap6z:12000000000000000000:OKDOT:OKMYTH
13RLE5d9k1FY3e2JVu4WPU14hAGd4U8A59tTv8PUYTMqgaiY:12000000000000000000:OKDOT:OKMYTH
12YYAsAW5P5qdBkZGDXAuYdJ5sobuhGYnY4gkYkhNQ81GSTk:12000000000000000000:OKDOT:OKMYTH
12zsVnaBqMHVkFkJKL77uxqWKbhgcWgvKhsNEQrbvtsdKyYE:12000000000000000000:OKDOT:OKMYTH
16UWxYd9zgdQXGZPAnEjuM3JpvnYUuc3SdkfPSsTrjtDAhee:12000000000000000000:OKDOT:OKMYTH
17AyRUSpEdqBTpFUAtVP4Co78CcJEaNLpu9qffJvTUxr3XG:12000000000000000000:OKDOT:OKMYTH
1iUSnmgGGGrwZ6BWnKb72Z3D3Xn8eHDmSZszTkZ2WX72QKK:12000000000000000000:OKDOT:OKMYTH
1FBz27tYi1755zFoHZXsb8FgXb9HtvAfU49RkyTNh6eNQzp:12000000000000000000:OKDOT:OKMYTH
124hNnZVzEuBqg9dDvbghWVCPQ6im3UmFKjuncFHtMPZm929:12000000000000000000:OKDOT:OKMYTH
15twVzaARXFkCnoJdFxJgoyxkgCmPrdL2vxvp69h9k8zbAXA:12000000000000000000:OKDOT:OKMYTH
16UiRYsaK5iKUNehUAn78R83Yyqj3J9Nyb9igC6HQDcyVGH3:12000000000000000000:OKDOT:OKMYTH
1TB8S8y8JiWutiHMVsW5TyqUPSQd84MqVuAcDVyyT9Zifj7:12000000000000000000:OKDOT:OKMYTH
14mBirWhViy9B4vjtgfRBBXxfiQMkL3jrsJS9LHVDJWHQKg8:12000000000000000000:OKDOT:OKMYTH
16FuqfK5di2MKe9CmbSJWW1BB47hxLXEgvZuhVu1RXQd2NE3:12000000000000000000:OKDOT:OKMYTH
1ppJJYzNSJjhYHKZ7b9cxwcCtm6CrhvUD3CSydbmp1Zz2ug:12000000000000000000:OKDOT:OKMYTH
13SF7tLe6DPQhkh6vjaVKM8tNgnAnmaSbUKjKc5Uj4aZoZCK:12000000000000000000:OKDOT:OKMYTH
16B26u7Sd7kXHkpNjK1Rcn5DZgRw4nm1Q9uWzTAo1f8Ao6Lf:12000000000000000000:OKDOT:OKMYTH
13JLxD5naNVpV6pnEy2EghEoiLMo9yEVshREmtjSC35bJyn5:12000000000000000000:OKDOT:OKMYTH
1NDaMKCetZkyupQTJahyFT9jvhSSFs5zdxmL54oj4xC7upA:12000000000000000000:OKDOT:OKMYTH
1LPz3W8ohsbCUnqHTKu7x2gaXHUMJQsvViQPPzTEWV347ip:12000000000000000000:OKDOT:OKMYTH
1rzcvDqTY2w9yPdmA8g6tciiNxKFZzMbswTBDRuuDkyptKn:12000000000000000000:OKDOT:OKMYTH
14aRJgGMYW8SajQS2Ya8trBwuYPR9pr3W87C9Li1WyYju43d:12000000000000000000:OKDOT:OKMYTH
13vjkhg4i4YEA8DiY7TWDNt6vvpn8echSaAqKP1Nf4gVNYUU:12000000000000000000:OKDOT:OKMYTH
1xkDtwhMm7QFmPaD1LdfmpCqR8BzApjxjn3LDvWo5kTGJ1c:12000000000000000000:OKDOT:OKMYTH
15oV3kxiDgH3Hztr7REVGPMTbU5Zz8bxv6JLjecVqRuA5iTY:12000000000000000000:OKDOT:OKMYTH
1BmswDj2o4bUCb7SJoPCgG1FnV5GyzE7raUxV5yMYCe9Kgx:12000000000000000000:OKDOT:OKMYTH
1428yVpxj4r5csMpbX44HSF11YdMZ4cvB3GRcEDf5r6Ue2vE:12000000000000000000:OKDOT:OKMYTH
15j897MLbC7Zt44Q54eXY1BK4GG7QKud949BMbppfw4v86qn:12000000000000000000:OKDOT:OKMYTH
15ocnZPJZze6CBr1vby6qyxDsPiNTmKKshnjp4rB6T5NYqS9:12000000000000000000:OKDOT:OKMYTH
12SmftoVrTSK6qbzSNAxHNWoP87rveAB6rpoDk2BRsgJ1CZ8:12000000000000000000:OKDOT:OKMYTH
14xAmWpLF497tx8jrNNCTBQkguyk1pPk9qVyfcgrVZn9LUZm:12000000000000000000:OKDOT:OKMYTH
1ZrSdR6LuUuJ438obDrhx1MjJjjYLZX6vhvKskr1a6e9NpR:12000000000000000000:OKDOT:OKMYTH
12hCCbBKXavANdJTvwVhci7y5YZr8GWy9EFXMdBLgNfEkYHC:12000000000000000000:OKDOT:OKMYTH
16BgbtDFDjT3SaBmNkN1U3iFGRjDytTpgmLfBiCsbiYFvDtz:12000000000000000000:OKDOT:OKMYTH
14HCe9rmu1wAaf1UeGN2ximiYRNaiP8RVFVcmRtgrMStndjj:12000000000000000000:OKDOT:OKMYTH
15yqgPEL8y8UbykmpgZYYN4GYhFcf5eEHtAVzzyVsLUVjzNH:12000000000000000000:OKDOT:OKMYTH
14B7F7JcJRoVyJKc67oAMEE5b5MHDU4ZU77uNKrcgFRQTxWX:12000000000000000000:OKDOT:OKMYTH
15yiLJx7M1DcRMpzSBEGvnxBNk6YQW5xAJLtrfp376xyRWMJ:12000000000000000000:OKDOT:OKMYTH
1f8giwGMST3msytiyEMrfVJU7z6h7Jnq9dhv92rnAmjgiME:12000000000000000000:OKDOT:OKMYTH
1gxxycrPt6GEMQTZLCA8UouMgxJimSHrA3ZHDt7gTGGjadc:12000000000000000000:OKDOT:OKMYTH
14kp7JeXz21s7kDC4afVyKHis85njL8c1Rkfj68JQZaKNy7C:12000000000000000000:OKDOT:OKMYTH
1JTFkShUJVzLagR3AH5h3v1obgu5qhiPt5Un6M6LF6iEfhp:12000000000000000000:OKDOT:OKMYTH
13P7SmPmzBuXy8iZ18jGM7LTtmf1fV82idQLuVmKkQKnPzx4:12000000000000000000:OKDOT:OKMYTH
16FpPwQJNFtMfmovipUQmoz53nhnFf37p2URfVL1uQAH6Dtu:12000000000000000000:OKDOT:OKMYTH
1GyuYWLq3H8pHbfvCvsvHas4TGRuRgB2DYkHMGKBm1mg5Xg:12000000000000000000:OKDOT:OKMYTH
162t126VtV8Jf8kB4DchRic8uwhFJqm45tAarggwkekeep2A:12000000000000000000:OKDOT:OKMYTH
16h55w44MEEzVaRFGyUUVRr2arzKdBJMDJk9maxue2bnQ1bV:12000000000000000000:OKDOT:OKMYTH
12QXTVdL2Goc3vdaJpLPDcij1JEdEoJWd2J11DDkWSMVzALA:12000000000000000000:OKDOT:OKMYTH
1bVpsU4RMCt4m78HAd5je3cLjEZfapHrzJHDA1rzb2Ucj59:12000000000000000000:OKDOT:OKMYTH
14EhBX59iFXY6xou3gZbP7opJVbrJCxSzUNSpNcLDoVkVgLR:12000000000000000000:OKDOT:OKMYTH
15kisXvLc9JsZ5VvPTF6YCLeoSmSEk24dE1AvS99GesRige1:12000000000000000000:OKDOT:OKMYTH
15RaKwRwWutUzedX2GSgnRg3ZRsMUiz2J81hwiy6ZTY6goQW:12000000000000000000:OKDOT:OKMYTH
1wAF3gj5hoMuw4QVUR37C6ZBeEpPf5UXyTwqpSyZKBX5NBM:12000000000000000000:OKDOT:OKMYTH
155mHwcxJtFWzRvD5VjdGHUBgLupY6fQ9QZE4s1VK6ZL4YSh:12000000000000000000:OKDOT:OKMYTH
12Ca7jaJbH7amqr49RLaZAEHKeBAdRDzt7YdP4QzzAN3GLjf:12000000000000000000:OKDOT:OKMYTH
1694P4Tbwa1AFyjpJstLNXYRLmxim7BV2PWDCm1GivyuGjqg:12000000000000000000:OKDOT:OKMYTH
13Hu4Lw2aAvLRTtcZSAp8JsUc8kjwyB6NHNAKu7ttYWueEhq:12000000000000000000:OKDOT:OKMYTH
14LiM9wdkYgRK3XN3AvTGWxMgm9ZwBrTRt2s6sZaL48oM2Fd:12000000000000000000:OKDOT:OKMYTH
16HmDweCGytQBo7Lisx2c3Sr4wL6G6QuDiQo47Pr5PpUL6Q9:12000000000000000000:OKDOT:OKMYTH
16hrkBDdKffoDgBBTLLuYBjL4rAC9Lv7R2Nai7yCKqLciFof:12000000000000000000:OKDOT:OKMYTH
148fK2WRNpZ9Gmec2PQfUc1SKpM7jv93YZeLhT7qsCNz2Hbf:12000000000000000000:OKDOT:OKMYTH
1212c7qaSLgXc6AEfR59L4EjDoauYCKWGSrryx6aBmQfQioN:12000000000000000000:OKDOT:OKMYTH
16ZYsMEUdxogLYcwjrwn7W98E3cWdsRq2mX6yD8vWAhY6wi5:12000000000000000000:OKDOT:OKMYTH
128CXm6rA1NX7L9ActdS2R2F4cKstaspqVGWpApddbFqGQ9q:12000000000000000000:OKDOT:OKMYTH
1621EK7LP1eNXoC6kkJnVGeQe5q2tURdSKwXDnc5KnWNWFE4:12000000000000000000:OKDOT:OKMYTH
15G13QBeEPTQnUmWhJFVrb5v2KadL7jz2b3nMXH3dQqbX5nH:12000000000000000000:OKDOT:OKMYTH
1e2cYpJFFEwAT5cDBsYezk6vDiFN3z9PedugoSTn3z4qH92:12000000000000000000:OKDOT:OKMYTH
16Twddnjo9LBtgWKbdKjtRUU6fogDz4Qp8BhQXGgFcv4ibZF:12000000000000000000:OKDOT:OKMYTH
16LcUsZVRGVZ6D5TWPY91QxDyZeQGHH4godAH54WHDsvE3sN:12000000000000000000:OKDOT:OKMYTH
13oVkuKHX87KnKwnNa2z8aLyse8QjmHVYjb1Xi1tTDQ4Cf6G:12000000000000000000:OKDOT:OKMYTH
14tuaLyBYR2zjaBCTWLZ1vhX25A4RZHgqGcYoFQsnKsKZH3N:12000000000000000000:OKDOT:OKMYTH
14GoUfPFuDvyZGVY42z7CTAXQZpinf1VyFD1jbLBZZqDhuPK:12000000000000000000:OKDOT:OKMYTH
168PSHq2uzkzepdrGbupf5PZrCMXhcTgQDioufiKtAtgqwwT:12000000000000000000:OKDOT:OKMYTH
14V7oJrioG3PtJg8h5nK5h6TeyJeBonGh94Gw96BtzaTVai5:12000000000000000000:OKDOT:OKMYTH
12yrUR3vDNL6s3c1wbQ5wx8gRSrsqtX4aYjHCHYPD5hEVtcC:12000000000000000000:OKDOT:OKMYTH
13AJa2qQbMNsuy4kePxo9MyF7SiiuZVFnihJtqSmoMgRsbfp:12000000000000000000:OKDOT:OKMYTH
15uzWJfqJk2963myVyDp1CHo8fhqxRAbZyY6j5eVWSE3GH2F:12000000000000000000:OKDOT:OKMYTH
13xe5tUzjztHvbbTmzaxk8pySiKBiaebXigLsycFtn3tXQMy:12000000000000000000:OKDOT:OKMYTH
167o4Y5poRB4XkL4LeozaGQopQ5veftthfGTW2FQjatmGQcH:12000000000000000000:OKDOT:OKMYTH
14iKnq2sv2Z5ucoQDZws1qa6xUtAthqALnciAn9F8MFRNre9:12000000000000000000:OKDOT:OKMYTH
13GBJKnCgLDrxvXibT7faNtuJLDgc237phmrFHhCnpWWByXa:12000000000000000000:OKDOT:OKMYTH
15McZuNGE1DAbD4S1fNEmw1GwsysMniKcaW4D3p8MXDGoZLw:12000000000000000000:OKDOT:OKMYTH
15byQ72YRiEuyTYpGAxz5zgCY6pZDmBqsVMv8wUCZLDnftmK:12000000000000000000:OKDOT:OKMYTH
1fi9WijsTK7FKiho396bzb1frWzJqFHMRjmuVMQr19eMbJi:12000000000000000000:OKDOT:OKMYTH
13VUtD1wDXBytZ4nRt1QLxaApp3xDz7ho6xyE88ys7A3YLs9:12000000000000000000:OKDOT:OKMYTH
12guypcin5uhoR39weULviWb7DHJstYkh38nXALabqYDahSi:12000000000000000000:OKDOT:OKMYTH
169vaESoRbNCATqg9oXC5vyAjkDrt2sjz17omL2XryRVw458:12000000000000000000:OKDOT:OKMYTH
13T5fycewQwA74sM9QsABPYFv9KJdC9dJAEFH19CnQ9icYDG:12000000000000000000:OKDOT:OKMYTH
1WSs318tR6S7cRfNwMyeJLkYHez3dyoCY4EQKqkneZai2JS:12000000000000000000:OKDOT:OKMYTH
13KquTqVobTqoJZ3L7kMMYpKaSM87CZjixJgwr56YJc41tNL:12000000000000000000:OKDOT:OKMYTH
14Bx4syBrGSQQZDFjna51z7UxLuWkDjBNZEtBvPGpieAdfcu:12000000000000000000:OKDOT:OKMYTH
14JjQZeL1237eDdnkdvCi9yN8sMWKtKHt11skqLYKhz1ckDb:12000000000000000000:OKDOT:OKMYTH
14wCGm9Ag7bvGs9QM5XaiGGao4q2mCU4pWa69FivVxqMUn9P:12000000000000000000:OKDOT:OKMYTH
15a5QMXiDhHBKJ9PYS3r3LpDDEwHKH4KTgtKSkys1AsteXDY:12000000000000000000:OKDOT:OKMYTH
15zwndNoSbX4umLJk5rNASpp4PgFPp6irTDZbkEoPc1MPK1V:12000000000000000000:OKDOT:OKMYTH
14cj2rsc8kibAhoGBj9abP5rDUNLpCme2w35wVHDxbpPX5je:12000000000000000000:OKDOT:OKMYTH
16Xr83wLQaJfTUxLMpjQ3cERDxai6Cg4ZfgUALeZzPQhpna8:12000000000000000000:OKDOT:OKMYTH
16Kri78gscY1GXaHjetCdNLKsg89jxA74rBfSzbhLWgEdc4p:12000000000000000000:OKDOT:OKMYTH
14ARc78UE6Z2urcsyFj8CrbDRAnxxfi9HqFifJwBatZXa2ev:12000000000000000000:OKDOT:OKMYTH
14yYEDYvzvr1c6CMtATG6M2muP8xPqHoFRVWqHzCy7dMUwQh:12000000000000000000:OKDOT:OKMYTH
15zbSEYTtJxQvpfmSRkjXzjWrPVZ6gowbt5SZa65F5cJdoTb:12000000000000000000:OKDOT:OKMYTH
14gZwdf6RU8L41tDH46NaS7BEYpMdPkB8XTYinbr6VmoSj2e:12000000000000000000:OKDOT:OKMYTH
128gYd4ocYxBLJBvH5KLe9v5kj4GHxqa83edyTdPtCoSxaBw:12000000000000000000:OKDOT:OKMYTH
1eR12j7HwTiKGVNSVfBtpmHK9vE9ZXz3Hjskboy2p2wieR2:12000000000000000000:OKDOT:OKMYTH
13buVf5WribfhzVKEvHec1GDsTY8qBisavwRkLjwaPgMMnTC:12000000000000000000:OKDOT:OKMYTH
13gp1Awi6MBNNf2cGLhmbDChZJHt5HDj8p4QFR2yEfkXgiWg:12000000000000000000:OKDOT:OKMYTH
139Ucpp7GMt5hAWeRv3TN8QRABZZMvbDfTfP5uwhGF7kpeYm:12000000000000000000:OKDOT:OKMYTH
14wbj23FG9Kv2wHoWeSYVmbW2Sfpm2ArWAFDUD6MLvaooi8D:12000000000000000000:OKDOT:OKMYTH
126rQMWPpLkP9KWrNHgp4C9nbg4vNkBjR43cfmkHWWckxFJ9:12000000000000000000:OKDOT:OKMYTH
13ctmRjE45EUzzohfbXfz24TqkFmcD5szY9qd6VYhJufmJuE:12000000000000000000:OKDOT:OKMYTH
14Wf7CzzKs4qXAbZjQzDHKAVCagTnNBeTdWVGNFc1RuzraSh:12000000000000000000:OKDOT:OKMYTH
16g87f1ZK5o1BFBUCABDewsSExoBRT8jg2PeXvowNHuHMvVC:12000000000000000000:OKDOT:OKMYTH
149bNZ9PMLNEcgtPCVh1RAtQBy2oH3ZJE2uNPrYXz9QhLSMo:12000000000000000000:OKDOT:OKMYTH
15nCfUFjffCyYgG56SKvQDV3BBNpueCeuXocXr8VuXaVkpzT:12000000000000000000:OKDOT:OKMYTH
16aaCiwYs8JJhbphpELn3oSkgVbRssCC2XsxbhSPp8QwTqSR:12000000000000000000:OKDOT:OKMYTH
12ETj5DoSkN6BXohpKCDRvkngo4EYL95h6uw2UKRVStNMozb:12000000000000000000:OKDOT:OKMYTH
12vFsxPrAHNqoi97fW2yriyCqS9diznDtPkHDW9jMSbMfPWF:12000000000000000000:OKDOT:OKMYTH
134HrYAvDxpozbneAtsHQA9fWZTv2GKaL4xyE6KdZzNZiz1X:12000000000000000000:OKDOT:OKMYTH
16JfPKKUCaSSzg2VnHyxXJMerK6Wfdg1AnS9XRWVp6mRfWM7:12000000000000000000:OKDOT:OKMYTH
14bARWgpfEiURUS7sGGb54V6mvteRhYWDovcjnFMsLfxRxVV:12000000000000000000:OKDOT:OKMYTH
14gsWk6qeXQrSFe4BZuepWGfvMVwJLnNt1DE3GgvYf3v5es1:12000000000000000000:OKDOT:OKMYTH
14WiP4rx6h571NyxAKmi5ngMAnY9AHnosN3FofZ4g5XZJy6Q:12000000000000000000:OKDOT:OKMYTH
14LDEDQbJLxnBAnMhW2hgRmAAT3mMT3uQtx95yaSLJNMQVUM:12000000000000000000:OKDOT:OKMYTH
15wzh9aJNdsNJq2wjx4qw7PypNTu3MbfD5c6Rx1uLWeRrHMU:12000000000000000000:OKDOT:OKMYTH
15LoMJpag6VG27YaNJGYecsZkSP84v7uR1BhNy6Aj5PAaZzr:12000000000000000000:OKDOT:OKMYTH
15q4snaXwACBPWadwWYjcVmWjicvCtn66Jd984vrHh8VLmjn:12000000000000000000:OKDOT:OKMYTH
1362vDBd2zsfep543PP325zkwRNpXPuUBgiAHt2QrrV8qYgi:12000000000000000000:OKDOT:OKMYTH
15NK5p168tQ5Zra7UJUrsH2gFA7zfxPyh8XYkFy1K2KzBd91:12000000000000000000:OKDOT:OKMYTH
16gHthkjnxchL2QshGshi67UTxNjihRt5KSqTcfkmJD9oyAh:12000000000000000000:OKDOT:OKMYTH
15ygwZnGpgqgdjDbvc8bSxQs3SKtp6DKmzyhXxDgNpkee2GL:12000000000000000000:OKDOT:OKMYTH
15EGXTvhh6xzGdUnQcBvoVezStoGnJB2cgdeJpsHTp7WJPcZ:12000000000000000000:OKDOT:OKMYTH
13p1LC7Qccserxn1qS5pHEYE75d8wYPjwDPf6Pc16N4f2sd3:12000000000000000000:OKDOT:OKMYTH
12CrbjNGhsDFnHqNpba6Cha4M3FXzn6wERpjzx22vThwh792:12000000000000000000:OKDOT:OKMYTH
132L5umzXEgm73qD77qa2c5GWao8Y2DMYUZkfUNHMQ4MnFXh:12000000000000000000:OKDOT:OKMYTH
14Ud1BYRL4sVX8MwRseJF5FYepKcZiSYYGg2LyKLjuydpqNJ:12000000000000000000:OKDOT:OKMYTH
12eJpd1bPUwTuiSHQqYXYULLUATekBsg89ZPBpqo9ffzMZmy:12000000000000000000:OKDOT:OKMYTH
13YGk5x3idZYkf3yMUf4kctMNFQK2nZ7VrpU4WNzhVtMdJEH:12000000000000000000:OKDOT:OKMYTH
134HayNehvW9D8X2rPFBsKQio4V4J3e1esrWXRAsQdbobqqW:12000000000000000000:OKDOT:OKMYTH
15pQkMNx7qXeVSF7AW6AjrYv9Q7B8ou4kxnyERMWUaNVHiB9:12000000000000000000:OKDOT:OKMYTH
12BnjJ3KiPpMKsJNfHC2zfgugRMAtnPde94mTcmV1qDCUwrA:12000000000000000000:OKDOT:OKMYTH
122VB3tZxT7wNWB1o3DnaZnsLAw9mJjLtEMhpATzPQyfm2j4:12000000000000000000:OKDOT:OKMYTH
167XQpe3HZNFhoYBmWKaJKDEZxbLooaPiqZMJWGfcQYsMCv8:12000000000000000000:OKDOT:OKMYTH
14T2iEc8RWXV2Dt3QHcf6A3ZFwncSUMgYT8PcaAAwTWBueqr:12000000000000000000:OKDOT:OKMYTH
13mnD2rf5Y6AMV1bYrr6oEYyp2h7F54fW2N9cw15StqU8YrJ:12000000000000000000:OKDOT:OKMYTH
1dxriCSqc7PdnxicrWo3DfG45qqyRbGBAt3Spf3LMoQf3Lo:12000000000000000000:OKDOT:OKMYTH
138cdYpngxo2LcutwjPADzprexMH4UUfLhDDrdWroHCXExYL:12000000000000000000:OKDOT:OKMYTH
14QwD92bnGnZ85wRP2FfsNe9adNeoxbX8kVkMryEKegn6fTf:12000000000000000000:OKDOT:OKMYTH
14H3L5NbJorDvNQ3VnDUSZQRdYiu4o1PDL2Sg9LoS34PBohS:12000000000000000000:OKDOT:OKMYTH
124b9mw1h6itFwD8oY6fxrEH1MoNWRphiXmNGWFioWMjLmdB:12000000000000000000:OKDOT:OKMYTH
16aGXCcZHzFGp7mre4thHKF7FA4Hzh8krj6Wq8LfZXB6etKx:12000000000000000000:OKDOT:OKMYTH
1KUfydR3x7mygMYNCfzKDV7Nh263qsAjQr3G9DJgt4Z5mzC:12000000000000000000:OKDOT:OKMYTH
14SZi1ogJyPsmaYxgBYL2UKXBEZcjMseF6GFfmAuKeWRoa7s:12000000000000000000:OKDOT:OKMYTH
16DcLzYbV3t5mFqtqU2RqDF7xjbEDN27DYPzaGwcPHqVtaZo:12000000000000000000:OKDOT:OKMYTH
16Bb34MbzBZzojcajkeEvDvrXgh9iL8XqAyZacWrXzfLtyzx:12000000000000000000:OKDOT:OKMYTH
14VWvZfj5LrkZ2rDFZH2gqT9SAeP13WFxKrMrTMxVfzP4i6m:12000000000000000000:OKDOT:OKMYTH
13wgqup2zQhkXxMSmeZgzJMiKLznazUfnjZih5dB5QuqrCo9:12000000000000000000:OKDOT:OKMYTH
12miaKeHMdBDXecHDbTvhGUPPLSAq2miczmCLHhWQpj8MXv4:12000000000000000000:OKDOT:OKMYTH
15nbqu24NpZxzc5fYUxD4jeCHwc7wfKKrnsrZWDXQQ9bWYzh:12000000000000000000:OKDOT:OKMYTH
12ZQ9Lw18K5GWp1AooJDCHTeB5xgCjBigZZaWsGAuS23jcqA:12000000000000000000:OKDOT:OKMYTH
13f7G9faXPpyAGfft2JQxLrHMm963mG7WvtUVjdUGgQDwX8Q:12000000000000000000:OKDOT:OKMYTH
1jyCX9Ap3b7x1UdTrLNbNvXUNJetvuffXFYJAVC3j8nunf8:12000000000000000000:OKDOT:OKMYTH
14t6YozAMSVbvjDUCoUQ5JXH6pdG1z4vEEBe42GJq7bzK5Zf:12000000000000000000:OKDOT:OKMYTH
14rhgNUXSeQnCXNo1JBUrmcY3MNetKYwHJ3b3ry9kV1AJX7X:12000000000000000000:OKDOT:OKMYTH
1HgvnNr9oTmxmhZpYW9c9zcpxUsk3nzpHyZ1aEz9qBEoMtG:12000000000000000000:OKDOT:OKMYTH
1FAMVx6xqyKUPauou9ohPsK6dG97XVrw1zC6WuzM8rrfeUR:12000000000000000000:OKDOT:OKMYTH
1F6NtDXov3tnA4EMfs3vGB3xdyoopTxJJpzdjxQcc2HHbKy:12000000000000000000:OKDOT:OKMYTH
14QwmRW2p5LWGZn5wxxDDkCzJbtdGf8EqtPE4od1dx8zotbG:12000000000000000000:OKDOT:OKMYTH
13GEBa7k5sUdJkGcH4KE9pbtY1nhho6y5C3vNYBWhH3yKdVc:12000000000000000000:OKDOT:OKMYTH
165ffVKuQaCLB7oZ94PchDG1RZW7U37Y8Emmcu8LxeabXXTk:12000000000000000000:OKDOT:OKMYTH
13yGRXztTALpi86pqFMTkDkce7YKs98RaN9JLk4YyknYkcqx:12000000000000000000:OKDOT:OKMYTH
13X87MjW4KRBXT2LzU2Y4LuTrxafJqmcELofNFKNMBBQkavH:12000000000000000000:OKDOT:OKMYTH
14SeihXfoMUS81f9S84EVUKoKxqhQkA5fvsfNicQZeyorTCd:12000000000000000000:OKDOT:OKMYTH
127DqaSkCvJix2knqkPhgxmafj5RgEmY3uVzg8CyVMouGSq5:12000000000000000000:OKDOT:OKMYTH
142TXE2e9WXAepp4C9UgxaP4aePsjiPdJ9R352u8ek6oNpko:12000000000000000000:OKDOT:OKMYTH
133XGwV9mHWbgzVtPVDmjdRSUMnpVqFJbgLichwUFd2fCK12:12000000000000000000:OKDOT:OKMYTH
13WFU3xaAQYroVLP7LiZMAZphT5fia9hZ5tETVcPQyLHqioy:12000000000000000000:OKDOT:OKMYTH
1BqasaG5TuTpvvXNcJxJxe4haMAR3ATe2GGRLLka3uzPKa1:12000000000000000000:OKDOT:OKMYTH
14q8RhYAQsiPVAJpm6kzTmgNQcovAvMduHc4E6MtZ6gBooiN:12000000000000000000:OKDOT:OKMYTH
15Td1zEZRNaZTxLfaYWu23GD1cbmuRczjtZJBUPxSrpPsR3N:12000000000000000000:OKDOT:OKMYTH
164f89f47T3a7nAPUket1SQ1JsQcQN9bGP7xMyKCRmSnimU7:12000000000000000000:OKDOT:OKMYTH
13diTsEhgijJD96wKewC3UPTkJGKcwf5xpqmRZgkw28VKvjh:12000000000000000000:OKDOT:OKMYTH
14SwL88ewBFtDd6VvAMVd7UpFBvnMtu2VZPNfpaJYVqz6RPC:12000000000000000000:OKDOT:OKMYTH
17Uv6h6jqg9ykNtPs76YUnf4tb5DNkERyyDXPtXTcp3ws9j:12000000000000000000:OKDOT:OKMYTH
16WnvSNV8uEKkrhSeMSpT851s13Six4gGg1Dit9n7BbA9Fo5:12000000000000000000:OKDOT:OKMYTH
125Rcr1uvZ1pUVNtHZu8uDsyGrJ3aBHYeDL959REnhCucY9V:12000000000000000000:OKDOT:OKMYTH
13cAuK5whM9AVNnUV6viFKNiMziPxJEKGYprnCdvgYDLB6Vj:12000000000000000000:OKDOT:OKMYTH
144ktPVkJXMvEk1ryBtx5YhNycWnnPSZPAYDczuSFzivFiWT:12000000000000000000:OKDOT:OKMYTH
15JrnyVojQWMBvYcWGtirtVZRiy18n3bH7JzDLSjS7RqHN4L:12000000000000000000:OKDOT:OKMYTH
133eYDrVxYCpiEk4861rM9GmkYniLyy8V2nH973tNoLAGPiu:12000000000000000000:OKDOT:OKMYTH
1H5MKQ6VsPkczT1wDhZxYx5ons6ZoQkygDBJbVBkZNYhpp3:12000000000000000000:OKDOT:OKMYTH
13n7At55yZzxDWJE6hX2dYUEcZcrfNLMxBYHaaWLWEHL6B6w:12000000000000000000:OKDOT:OKMYTH
14TgvqZNZsbwywAZaH8yEgiDCbuAjFP2uTGihn1q9UdHs51D:12000000000000000000:OKDOT:OKMYTH
1CWjpts2nphW4AMXyzpxr3yqnBA2hmAvSU8t87q94BvsvUN:12000000000000000000:OKDOT:OKMYTH
15gKaCXhx6EBoT1d2LkW7GGLVJZQiQpMNUDLndvJCrkm1bbF:12000000000000000000:OKDOT:OKMYTH
14KbD5bDMeB8m1UBx5QFyZpYa4ABgjuyJFUdLbYnf23RfEKS:12000000000000000000:OKDOT:OKMYTH
14udjsU3SbwZHKguAcjNqLFbjzv8FTWTKVgDyNEZgXMSHRkT:12000000000000000000:OKDOT:OKMYTH
12642PaXQmnXufMP9PpAFvqdLakmv4KA7JCUHgMQyJ25TUWz:12000000000000000000:OKDOT:OKMYTH
14NXYVx6SV5TcUtP4ArV6eLTuywWE1UkSftkq1usZRGhexJN:12000000000000000000:OKDOT:OKMYTH
1hmyWeuAwBmBrGvWiqJkN7FyTCyHRcnLWvd5U46g2LvXW26:12000000000000000000:OKDOT:OKMYTH
13TzWgEnDkpbt9a3JEkpfhYueFYgxaCKQHXjXbrNU9ZDrFyK:12000000000000000000:OKDOT:OKMYTH
1MVqwpqy19dSuzQZSGdnibBfgUgvgY6rLoXJ3MpcRD5tFmK:12000000000000000000:OKDOT:OKMYTH
15kFNSTpCHwfDGvK5qQBjqs1zTzi7T25Q5pPm7sCbEo7GVNB:12000000000000000000:OKDOT:OKMYTH
16as8REJzxo1R3beqFmEH9dvK6rLTHjP6nWD1YEx1uYiEDnK:12000000000000000000:OKDOT:OKMYTH
16QakWxUF7zxvUimqvSM3jTQcXFGQPcUXqpJRTLojSEahyys:12000000000000000000:OKDOT:OKMYTH
13UnaAwNBh9iczcMqD2UufMeSTN4nqPb9xEshSYcwKW1Co2u:12000000000000000000:OKDOT:OKMYTH
15Ej5miT6H7r22yn2c9YzUpGQ2bfVe7soPQUGPf1vg2Axwxb:12000000000000000000:OKDOT:OKMYTH
1NGJfhDjeU1c5RNV6x7382RiedjkSJzjteEoBedCdJMZ4BP:12000000000000000000:OKDOT:OKMYTH
13nFNkR2uiKuSYjmNAUoTfoqgZW9doqad8dWgpEyZoP3mgxV:12000000000000000000:OKDOT:OKMYTH
13gLeZrxyRppZbnoVvHaxogCRVwyAkGcJigbZSamgnkPAmxR:12000000000000000000:OKDOT:OKMYTH
13yKu6R1fYMNY1BnwuYfo1ZCdUjgireCTXMZapRMLTpwrYxN:12000000000000000000:OKDOT:OKMYTH
14jBaRmDDEeM9YxJRjpFWWe8kNAfh2Uah3LDBR6G3SmPANnS:12000000000000000000:OKDOT:OKMYTH
16S3dhH4CftPV3d94UJaTg1s15bmqVue79vqQHULmmt7fcN4:12000000000000000000:OKDOT:OKMYTH
121oxUTf8vLfbdtv79rkNxwnWKPiEvbe3rDHm68qo6LwQSiy:12000000000000000000:OKDOT:OKMYTH
15RcvCgDYSfdFmemVSZWf7FPoDYGTkZf8SUsaXBxWPsrzojd:12000000000000000000:OKDOT:OKMYTH
157zkvcx8JJKPshGwoCfRi1m9TKPxHL5TAkN2ffUfrV8rnWU:12000000000000000000:OKDOT:OKMYTH
14V6NuaeceUQa9bwVrrPsxKxC7k3wFLzz76oV86EfGcQu1S4:12000000000000000000:OKDOT:OKMYTH
15SX7Y6qNtAAph8zXW3migh1DsnbnaRuRRVwGy5vnQKSqYW1:12000000000000000000:OKDOT:OKMYTH
16YGSujLtzSoDdqKVUGgK3EhMrToobGD28PgtfhoepXRBnj4:12000000000000000000:OKDOT:OKMYTH
13DQSATbRGnztQ1GYYXXfjYWtrdReL6JqVtHGN4jQzT2h4Ye:12000000000000000000:OKDOT:OKMYTH
13JxyGTPEp2k7yXFJoHentMQsrLarqmmiWaUCVrRCBsEsAA9:12000000000000000000:OKDOT:OKMYTH
15jaTMBaa5Zok3noMN1wuo7EPZrKeAqFihGMJgj6Xaiid5vH:12000000000000000000:OKDOT:OKMYTH
1sE6pqwpFARcDXARCU6TS8Z7keT8H9tjYTQY3sTHBtTTh6m:12000000000000000000:OKDOT:OKMYTH
15XLsbVhCL9YUPFqh4poKbT12y4NH8E5acr2o4wPva65Vo2V:12000000000000000000:OKDOT:OKMYTH
14MeM7mJZ217hBwPnWNeXCRZukawJWAnAKfRYUdGBmPhnb3B:12000000000000000000:OKDOT:OKMYTH
15z4pShfWtnNKayig8vLe7DBUEWLGGB2dwBtfTrD7sGDCjrY:12000000000000000000:OKDOT:OKMYTH
13AG7j59ZFdRKPdu8jkgujCqNioq8tmDG3xjkdpuwf1VXMex:12000000000000000000:OKDOT:OKMYTH
1Dzq6716g4GRL66a7TcXubM8PhCH63AX6X2SaCS2tHJiZAN:12000000000000000000:OKDOT:OKMYTH
13bh8HURsHpX6FUPkhXN5jrtPjqNxhUjrNjtYzYhBuZKULSh:12000000000000000000:OKDOT:OKMYTH
1E6xcHFP1oKRgtRNcqgK8q9TPmpYEHKLzwoKhPp7PVPcRK2:12000000000000000000:OKDOT:OKMYTH
15L5rkMVVWgN6C4fWLHxY4d8HxXePdmgcGDyWrG29cicmiY8:12000000000000000000:OKDOT:OKMYTH
14nnYzi9op6riPLnNV5BxAEWLKfsqCgSjoP89Qtroj7FP2fm:12000000000000000000:OKDOT:OKMYTH
15MmgfWj4sJ5YBryEX6zaBtJPCp8yFftmiLE914vz8sTVFKp:12000000000000000000:OKDOT:OKMYTH
15NBYXw3seak6TV1v9b97GaSPhbvbYsXFEfBARNPgkXHxed3:12000000000000000000:OKDOT:OKMYTH
12BJTFrFzsSfeXZYjxaVjvRyJ4D9VNGhdjWKyNyGd9TH5aBx:12000000000000000000:OKDOT:OKMYTH
13v1PaiU5AjAE3w1BZsaWX8sU2xz5QpX8hKXgrgLFTBpfhQE:12000000000000000000:OKDOT:OKMYTH
144mRm6b6JYeeHsehBRVTDNwkuahWBfKz6NnhN7pUFcNyu1m:12000000000000000000:OKDOT:OKMYTH
1319FUy1gCq7iAewc89TGwj5xjvGyRtPy8VwZ4kMHWJPjvfk:12000000000000000000:OKDOT:OKMYTH
12VYzetTTnz4QpLZgU6XTJX2oNvpn3XUnaGLTDmm1XbtaRK3:12000000000000000000:OKDOT:OKMYTH
13MuriadNQGkqSqf45tHApvWfyYA7k9ioUGZBQH9HCj1jnWH:12000000000000000000:OKDOT:OKMYTH
16QkmedMwg3BTxphGGJLWo2yXD1qmy8qyWQm8cAfBMM6Yxh7:12000000000000000000:OKDOT:OKMYTH
14NcbmvdUJDpmFvhXiDWU8WQPmVX8jdCMR9pYCUXzwAasZVU:12000000000000000000:OKDOT:OKMYTH
146uMAcvgRLcD6E6koMfW8Z5aeQT3aQqUYh6csKFzpkmB4M5:12000000000000000000:OKDOT:OKMYTH
14ZjmHwLNsTyzR69ujXnn57BN4BB7ZdAp51ebkfj4epGYsRs:12000000000000000000:OKDOT:OKMYTH
12CUcrUXduSzA9vVh4n6dUMxd7A49BsD6S3RjD62tCZqzbBF:12000000000000000000:OKDOT:OKMYTH
14QQWL8x8mDEsMfnHHT2Zmo5tJi4osWEVYwwaXBRUFQKr736:12000000000000000000:OKDOT:OKMYTH
16D2qS8HhMgzcosDU2HJqKDAmicQN5e1GSTFUmxeGVfYDDEc:12000000000000000000:OKDOT:OKMYTH
14oQUfJ2kdssq8a6wWJibTKkRQdtfUZBRjJdtdDCZD1hzDiZ:12000000000000000000:OKDOT:OKMYTH
16WPuR4sedtgNChPtVPWjUrq6JNvK875Ks5w6DcxKGhVpUre:12000000000000000000:OKDOT:OKMYTH
133Sniz6RrEKTLdSbJmomSnffDfboueeM6jdmHm15jsxdW9m:12000000000000000000:OKDOT:OKMYTH
13cPPWZm6v3GHW2XoBQwP3fRtB5Q1NPqc8bDVdyfG2isxiE4:12000000000000000000:OKDOT:OKMYTH
1hP2kei4VcFzdsKQcDZjMcJ5ReGig4vrdeipzr653uAMXfn:12000000000000000000:OKDOT:OKMYTH
14ZYyQYGYmyzyFTjiqcXLoewqh18dqAQ1KhkavPH6qrT4b6X:12000000000000000000:OKDOT:OKMYTH
15HYAjunztvdcoML91RSAeANnTCBEStwXQJkKbsZ7zhLzkAE:12000000000000000000:OKDOT:OKMYTH
14wezZvEjtmygPTuzutnzTEfXiw1yodJ2YRpUY4vFrawt56p:12000000000000000000:OKDOT:OKMYTH
13Sth2fTv6Q4mhSueXd6bKjGdYKN61JaX4ZwAaYS7cNtwDuC:12000000000000000000:OKDOT:OKMYTH
147tDns4C1VUa37k5gg4S7tiFsTqc9iWDDDtk9rTvJ9QpweX:12000000000000000000:OKDOT:OKMYTH
155JacXsqZFjrmXaExqBhPzBefrG4iZ4TKRqr2n9183mYyLv:12000000000000000000:OKDOT:OKMYTH
132TTovNStVtRW6w8XysXW39HgZsfsKGD7kE2vwmb2CqHwmG:12000000000000000000:OKDOT:OKMYTH
14RgMMwNuu6Jy4DsB4e3SaZFx1Yryrv2KTqoVC1g5zmjjHCZ:12000000000000000000:OKDOT:OKMYTH
157U7ETauaRJk7xEjPD1QWV58K7QkPLiiaxQa9xRwVkp8DZv:12000000000000000000:OKDOT:OKMYTH
13jaLkqfAYToieSC4xC6Z3D28LpCqQZn6i55g3DSH4d6H7Kj:12000000000000000000:OKDOT:OKMYTH
16Et3JKfP6E1UWy6wJPyLeJBLPhTqvCD9NNiaPuMoPzg9YgC:12000000000000000000:OKDOT:OKMYTH
156GAoNnjpZjwfqxVseQpxC52Bz8nYksUUccWkoAwBoKVTyE:12000000000000000000:OKDOT:OKMYTH
13tEmJBQesqhmdxM4pYAqHYSBfdjnDQyRmcHxYEQD6zy5gyW:12000000000000000000:OKDOT:OKMYTH
16VoqonyvBfuFK7vgdPYFoX9me16V6L8d2dNsHa8VEz9ZuaL:12000000000000000000:OKDOT:OKMYTH
13mFJyvgpN6FCubqF329EAHp5YZzUask6TFvuV22GimPdnuu:12000000000000000000:OKDOT:OKMYTH
15DJjXhgrhwMVxUdeqkU9LzcaeNKqaqxRPMTGtC38R32Dgo3:12000000000000000000:OKDOT:OKMYTH
16Gxmhj3SoGsj5AMNRvYF2txmRidiwP8oBj59BjxywQfnnvE:12000000000000000000:OKDOT:OKMYTH
14LfFWfEQEKVJFPB8Ln2E5mrF4yD8R1aXekFxicNtR8f89AM:12000000000000000000:OKDOT:OKMYTH
13JbH2j1GXK4dsTBPn2VZ3UoQDqnTVaLn9yQtbzYebFy4u7E:12000000000000000000:OKDOT:OKMYTH
15o6Uf8UtwZz8KRZtT3ZC3NGBP6FownFTGBNSMJ8Qdr6aMKJ:12000000000000000000:OKDOT:OKMYTH
16FoEiDAYfPcYsWZ7XXWcSSfyh9uBbMr1e8SPo3fGwD3BXdX:12000000000000000000:OKDOT:OKMYTH
13iFNfbqkoZe71C1arCihDyKjWh8uPLsiVf5FCUGnMvpLLmE:12000000000000000000:OKDOT:OKMYTH
15U8yNFtmCKmY3iPBvCgqJfJKYctpjtKdDkoCJyeybg6d3tq:12000000000000000000:OKDOT:OKMYTH
1wnQSotaeNuFTK9mVxERrXSYfbz9pRKESUeSbV8ii34cRz5:12000000000000000000:OKDOT:OKMYTH
14vRYSyJVNQ3m4gzNHYqQzDQjC9xE5MJKZrbf5Ys8ZNd8XM8:12000000000000000000:OKDOT:OKMYTH
12oeqo6EMWA7tqcfDcbjfjmWkZ5EFPWoWqoTpF6edqjTEJeo:12000000000000000000:OKDOT:OKMYTH
15XiFrfZv13s8cw1uEPCvvaMnFTz5g7rD9QHs7EPBoAqz2cc:12000000000000000000:OKDOT:OKMYTH
133FGzz6hEM3MXN5FcE95HZwznwcU4G4teWbs7MQdsgzjhEP:12000000000000000000:OKDOT:OKMYTH
139RKUM2DVWGuf7EDbPts4uCTTuDGNxNskqYhnxzpUBbarBp:12000000000000000000:OKDOT:OKMYTH
1278aT4dTbibhVuK7nmaWeG8NhKz9g7CUkb3NKB9GA3DY9Xn:12000000000000000000:OKDOT:OKMYTH
1qm8rZJqXw6hAcBb731wfNA3z8zRAMJm3eiGvPton93RYEA:12000000000000000000:OKDOT:OKMYTH
158ZDjbkXAMc5MqrbbkFd6Z92CmxhZyCFmtpMPpor89L7VoW:12000000000000000000:OKDOT:OKMYTH
138UXJdrgc7TzhtRPasMncjaL9DjCx2Ut9ReBjhYcCMCUDWB:12000000000000000000:OKDOT:OKMYTH
15jytLptcPREigndWwNq8uJeCxUiGoiEQzqvSosv7ZbsYpiz:12000000000000000000:OKDOT:OKMYTH
166nuy4VVZJrbBKWzdveA6VZed6FYBSM9uhpbkrz28CFARtk:12000000000000000000:OKDOT:OKMYTH
13jbP6YNrEC5P5zn3EB8kLXqnh2KzHcjGHhhRSB7pS6J55Vm:12000000000000000000:OKDOT:OKMYTH
1bRMeNNBm79zPiDanxwQxAgCFxJR471UmzHyDyTqxBFjUk3:12000000000000000000:OKDOT:OKMYTH
15rKYRjZsqoTD2wXe1fZG7ZWsVb5AvVtZ6ZacHSRNnYihze9:12000000000000000000:OKDOT:OKMYTH
1AfppU6kRPNc6nENJa6ZbmcivMYwyhWe6DXCfrx1uQLfYrj:12000000000000000000:OKDOT:OKMYTH
12t6EiubEEh3iQfBXVBcwHcBf1qyZeNMtsswTxrsEyHFjCZf:12000000000000000000:OKDOT:OKMYTH
1229XuxiT3fsuvdJmH1YfWLcV1KnjQx3jrKrzz2UQzAGAd8a:12000000000000000000:OKDOT:OKMYTH
13wcAE7JLXDyc3RU1zZDzqB7fWXYvKzbGLmF7bj2WjP1G3K4:12000000000000000000:OKDOT:OKMYTH
128KPqojKGbsFhS9SySM4vXkxQVVP3a2mzKH399BLhaGqHW5:12000000000000000000:OKDOT:OKMYTH
153AtBjn5dbkgpDEn5iZ5F4CYBhKSqNdDbt6CevPYuL92Gp3:12000000000000000000:OKDOT:OKMYTH
16V9YoPTFsfLMgSdvD3ntQhf7kitgHmePvx2XsuWvGWDAjh6:12000000000000000000:OKDOT:OKMYTH
145eV6aDAAQdPty8WkA4xF5hZocXQromcxYtCCCLKM4dGpbz:12000000000000000000:OKDOT:OKMYTH
15mG3aerdxQ8n3VwvasfJM4cNAyGDaGAbpfmMUhqMBxM8PYa:12000000000000000000:OKDOT:OKMYTH
14i2cgxv1PwgcyDfJr96jeYeDmaXWQUu9YGfD9wZyuxDvrqu:12000000000000000000:OKDOT:OKMYTH
1u6F41jfBX7yGJQ5RVwHLRLfayWdyVH221wF5X4aAVAfPHc:12000000000000000000:OKDOT:OKMYTH
13zoKdnEcpFsn3ojWi8vRoJjuysDfL3rWZWi9wiKs8Abp6yn:12000000000000000000:OKDOT:OKMYTH
12rad1gGrhwT7aYJhoV8NgQ5zQy5NNWvdK29N5aY4xU9Uvkg:12000000000000000000:OKDOT:OKMYTH
12iXGiT12BLGaq2zW3W1gA6okUpTLARzPbq6B4TNHeRySg5y:12000000000000000000:OKDOT:OKMYTH
16doEDQvSZy1HqNX587b8hWonpMsWPHaeTbgy4mdowzfFhdN:12000000000000000000:OKDOT:OKMYTH
15YavMkisTD95TUifTu8toSHJezJfgLqMteHWptL2CiwGi6L:12000000000000000000:OKDOT:OKMYTH
15BSQiohrfRkBY1tfaaqEbqDugDk2bAdVa81vGqTivA5SJf7:12000000000000000000:OKDOT:OKMYTH
132JWZM7sDYhKjZfUmc9U3oEASt54VB1kVJjm7TDwLc4Tamz:12000000000000000000:OKDOT:OKMYTH
13jU23YWWqT7taccTukVCJaXBLNqdbteb8rTe6dWuJtcBmcS:12000000000000000000:OKDOT:OKMYTH
13BaFbBSkW1kJTixo2J7p9hvyFgRKMZeyNQRjuk2Q8HrBmoB:12000000000000000000:OKDOT:OKMYTH
14EChM2U2CUPz1LhcquqykcKXYuXV8d488WzpFtqGbJ8e9aY:12000000000000000000:OKDOT:OKMYTH
15GUSoaftjXZjAwpL76f18F4QUS4CVM5dn3fhtPb3JgYLmcv:12000000000000000000:OKDOT:OKMYTH
15RszvBRaf9URWUFGGmVtAwSTborQD4utBToNfBcdcyeS5kR:12000000000000000000:OKDOT:OKMYTH
12dwdeQsLWxhn31JbWMbH8wb4e4mLUcuTCwLwaRrRqfiVKoV:12000000000000000000:OKDOT:OKMYTH
1xNbs7FRa1H9kA7NhJT141W7CFeHW3VgZLgTiW4kzQtwDEu:12000000000000000000:OKDOT:OKMYTH
13NCLd3foNpsv1huPDzvvfyKh37NEEkGFotZnP52CTR98YFJ:236000000000000000000:OKDOT:OKMYTH
