14jWQDdr6UWGYpC6cCBSfESKNYemPeNeAj4itTcKgPtnmwJf:12000000000000000000:OKDOT:OKMYTH
168eXhgMFXPTYXeSChFBEEGN79HJyjn8Rj2DjvGg7UUdV7sg:12000000000000000000:OKDOT:OKMYTH
158dPpP4rpZgVjzsBkaXGeaCqbpRrodZp3rNRJUKyFZ16Toy:12000000000000000000:OKDOT:OKMYTH
16AVATwmUkLgQxvKvTZoaX2zBXQ16fwXhR7VGneePrc231z:12000000000000000000:OKDOT:OKMYTH
151s6nwb6aLtfFHHmRPxd6dq64qQXJ2yqgCpDanrWN1hg4NF:12000000000000000000:OKDOT:OKMYTH
15DVS6NDJwsfX9wTme3rJVeqhiLXfWdHJUEK9FX6azgFZCtB:12000000000000000000:OKDOT:OKMYTH
12YP4FF7RtJhDEo4oDuLMULjp2BUtNMUypYdbmxAGv1YSDn4:12000000000000000000:OKDOT:OKMYTH
13itjxnLHTbTDF8wM4gvZihjL4Gx33kYFfCXApF6gaZTBozH:12000000000000000000:OKDOT:OKMYTH
14PrVh7CJKoHZcxdUxmLV1LS12KRoZA59LREnASYmFMwEzZj:12000000000000000000:OKDOT:OKMYTH
1jLDz9MUZHD1tKiaVqH8EtBeamVrWBmZgURrUVX1RZ6z8eo:12000000000000000000:OKDOT:OKMYTH
13oKAM1nPJfGU47a9WGQVYwRu416U3CLt8JdJW8bbMq4qS15:12000000000000000000:OKDOT:OKMYTH
1EjbAgUKGGfEQowUYj5UwyXcMMQYS8tgchtPG7iY2pgTAiA:12000000000000000000:OKDOT:OKMYTH
1gUwshnFYmL8c8mQAQgs8y47nMX3GdvFHa9FRW68C4Frazw:12000000000000000000:OKDOT:OKMYTH
124sirTidkFa26g2LZ5SS2yazPNhpjfAALdwsLFr14qQAoK5:12000000000000000000:OKDOT:OKMYTH
14gaXywSiqbtdX8ojiTdfgxDq5u5xFD4YRRoopzPfeURJM7b:12000000000000000000:OKDOT:OKMYTH
15zoeorGgvgfdCkATCigWckg2g96AjeTymxRtQ9smmgGX1LL:12000000000000000000:OKDOT:OKMYTH
14sjXt4KcdhGSPS7uQe9e3rD8UMGiRyAEnYAUxjBVwjBSfNb:12000000000000000000:OKDOT:OKMYTH
15XjYLZ1gMJPCoJUZKaDW1ERhGVYiEqrmBwKLLmqCGsiuFZw:12000000000000000000:OKDOT:OKMYTH
15696NmsD73KrDoXr58uB2isHmX3FWGBARqkyvY8ZjXPM4au:12000000000000000000:OKDOT:OKMYTH
16DQyMoCst942nJBdeQfgixgXcPpbtyD8jwq5Sj7Ae4kU8jS:12000000000000000000:OKDOT:OKMYTH
16Y9CdHVLefP2Mv6f7KQWHLorJsUS6oCLPmEd9iY9KZ5hWhM:12000000000000000000:OKDOT:OKMYTH
16XkWDt5JnnTfwhNL9mcUfCpxy8axVVn5MmH84J1w3Kfh47n:12000000000000000000:OKDOT:OKMYTH
122p6zk9RrKny5FkHCNeqsuDt9s9UPNKTheexWmKBBERZ4e8:12000000000000000000:OKDOT:OKMYTH
16Qr8ntXgJqmWX9LZLezpQCvyHsQnJxVizxY45aXvujXXzqh:12000000000000000000:OKDOT:OKMYTH
14jEFEFgrxNRPuMc8rhqet1F4u7a2XXTVtaB7Q2G2nxjv3d1:12000000000000000000:OKDOT:OKMYTH
12kDxDaeuhRwM3RjSxy8z9Dj4YzhDqnvNM3UYv4KpD14tLUq:12000000000000000000:OKDOT:OKMYTH
15ZUArcdzdi736m25BwqMx5zcm8yyrGzTnG4Ga8i9ZmXE9Tm:12000000000000000000:OKDOT:OKMYTH
15EpM6zxbtNca1rLjNbnTyH1s32bX7hSP9dyCEP89sWzqUAD:12000000000000000000:OKDOT:OKMYTH
13rB6K5jB4vUUtxbFdZuuu1VYoMFxYPR3PGPeUnzPzY54i4h:12000000000000000000:OKDOT:OKMYTH
129TDqFWJkd1Ga56HEzgKRpwqcmYvqmZEUawSS291eFuXbYM:12000000000000000000:OKDOT:OKMYTH
12UuikSV4VdHsuRzHJ5HbRkHUNArs5HSHohgimT1iB8vmg3S:12000000000000000000:OKDOT:OKMYTH
15SDhqkiqx19U9R8YTPqmVrnRZiHN3ccMbz6MMyqPuQ1paSP:12000000000000000000:OKDOT:OKMYTH
16tPhg9Kjx19jEMhrh13FX3h7xxxovpu2vKCdXfk9JKX631:12000000000000000000:OKDOT:OKMYTH
13Zg9vFyRvx29SngA6KhvE91P5NQHPFvrfDwWkBjjpcegnpj:12000000000000000000:OKDOT:OKMYTH
15VAHRELR421YL6pZkZLFUSbAxRhWsL9Zo2eHTZAPPRnYU5b:12000000000000000000:OKDOT:OKMYTH
13NPkD9M3VQ2k5HcR4vBUtpa1WAZKeDnodzv6Xf91fTkZH5r:12000000000000000000:OKDOT:OKMYTH
14x4brkLNFDWiKoDYhE34BmjgBzuRnNfbvKnLFXeFXzCozkw:12000000000000000000:OKDOT:OKMYTH
122sGJG5nwx7t2s9QzuZKL1Lmn8y1MYS33Z1ZaUbykvFfyas:12000000000000000000:OKDOT:OKMYTH
13zMXGXy3Ec4vt2iz2KD5HJhj8Fbj3fo1jeFP87LAm5gXDQd:12000000000000000000:OKDOT:OKMYTH
1322FZMcz97PpGQfKJGzgR1vLQQZScBroFsNEUixrjEMgBVf:12000000000000000000:OKDOT:OKMYTH
14GPL6iC84JM8jP54xYZ969VDCsiXB2J98mU26US2u3Kjt5S:12000000000000000000:OKDOT:OKMYTH
15f7csdoNsZ4MGwvdmwuf4GneTjMSGuzs6DWL8uokeBbnY5t:12000000000000000000:OKDOT:OKMYTH
13WLPMrQy451MYQW9gddvFsu2Vv64arJVc6xKjAkNWN2Frxd:12000000000000000000:OKDOT:OKMYTH
1Gjxp66v6VvLmCmij92FEgW5APLM9RipaBtL9tKcKVGfmwj:12000000000000000000:OKDOT:OKMYTH
15AvYrqh86htJGK3e8YSN9XGDBA629zUNrproVGzKRa3WSSn:12000000000000000000:OKDOT:OKMYTH
1eBYFjeacrTP2hKxHTdDDci6kq4bu4WKYkFmoqTaommBfA3:12000000000000000000:OKDOT:OKMYTH
1ZbY3MqbczQuUxiZi3PvivKScrRUqsMThyM1mWKRjDDXjz3:12000000000000000000:OKDOT:OKMYTH
16gzgYTTEh65RtRQonBH8ycdR4S4ncyKtXtKL76apKTthjw5:12000000000000000000:OKDOT:OKMYTH
16YzQQZRdPPF1sbCEMrkfV76cSFxTo5suNQW7s8CHzLJubGw:12000000000000000000:OKDOT:OKMYTH
13bjKTggzduGztjisi4fd2DWuepmtrmhhrz26ZV2KUw266zN:12000000000000000000:OKDOT:OKMYTH
133Y4BvC22bg3CRatb3gUNX4mdJgEB8LQWJYaNknpYGj3h26:12000000000000000000:OKDOT:OKMYTH
13b1cY9SSFbAeNxLmvAxu7KM8pqxepG3SSeA3w2DmVNFxs3B:12000000000000000000:OKDOT:OKMYTH
14BRmWSoeHWP7UXuRYbZv2hzLc6uwpm8rs5f4J2yfCZE51fk:12000000000000000000:OKDOT:OKMYTH
137384suh18D1NjgCoh8688fjtNY2NijcPNHFJTNm1L3gxbt:12000000000000000000:OKDOT:OKMYTH
14RfqyfdVCJLY1ikGZvA4Lpkztj2ouT6mxPSHeBhCBsdoahX:12000000000000000000:OKDOT:OKMYTH
1gRByXamTYCnED1zZjHJAtkoLArdX7sFiZbyuZWypvvKFqu:12000000000000000000:OKDOT:OKMYTH
145wPKwiWYDJV5j6TboGXxV4cNHv3MPrx4YXhxhbrLy4kmNe:12000000000000000000:OKDOT:OKMYTH
12jQGxzVAdEruviPgXnfLptfcKwwPJb9aAkvLRpRL4WqbRo2:12000000000000000000:OKDOT:OKMYTH
16FyzotWfFBMUhvN76qzCKJzU3BH2yTriR9phimfYp6bhHit:12000000000000000000:OKDOT:OKMYTH
1MJ7M9X8ohzim1vVTeNAnLs7yvSHzV92WEPXwCXR6xGdv3t:12000000000000000000:OKDOT:OKMYTH
1RRhs78K5gqCkKNj22wg3DrzAy8xuKrgwCPtrQ7czTR1ncS:12000000000000000000:OKDOT:OKMYTH
15wELBTDXmRcRoBjE7mNtM1s83r5MaxTamKC9ZJz2NCCrs46:12000000000000000000:OKDOT:OKMYTH
16dmtXu8gQoPfLbBqjkszVkyMep7q9twmsPBVca17nicc5v:12000000000000000000:OKDOT:OKMYTH
13zf1tEL1S4Cgam1GDjUEt3kNmmKGxpuN4FF3hH68GJokHAP:12000000000000000000:OKDOT:OKMYTH
164HyJ6fTHHZDsNfr8NYCZ6FaGEYAxLCogoD9xgYuEdR5vQE:12000000000000000000:OKDOT:OKMYTH
15zXo9pKgU5sQ4JmhnrxYSpp6vB5uP5USLfZXj5e4e6eZrnT:12000000000000000000:OKDOT:OKMYTH
14UKFTaVNM4BgpGkDRY7WeDbBeYcVJcnxGMber3uFA6gHKoC:12000000000000000000:OKDOT:OKMYTH
14kJjepqEoR9MyifRwW2ZSW7TJ9Jc3Y2TLmw6VBqidVNmgCk:12000000000000000000:OKDOT:OKMYTH
13yvw8C96fxfhCKUWLF5Zwa9A7WR9LRNm33ZNnjQdzVjvH5C:12000000000000000000:OKDOT:OKMYTH
13V1fhVbLF5Y3w6zcsAEYWyabZvo4uvX3ofwzLGN99iTQx7e:12000000000000000000:OKDOT:OKMYTH
15egg5cW9cJnYBpkJhBXFramuXEStTkhYATU17o2VT6PqMmt:12000000000000000000:OKDOT:OKMYTH
14qbcrmsb74QUGiD9UyRiSKnJkpW4Lvd6FusTATAAtfezPz1:12000000000000000000:OKDOT:OKMYTH
12PeXNHhxQBTBhyrNTqrg6je6ZPyQfs2yApHV5sWK2P4AAAE:12000000000000000000:OKDOT:OKMYTH
163JbEFnLaC62NAFg9jU8RUPANYwnYe5u6QiTd3kXJkNP5uJ:12000000000000000000:OKDOT:OKMYTH
1MeP93mUeGjM265XVRGdmmeMKxSiWP2DXq1RxJhHt59nMq4:12000000000000000000:OKDOT:OKMYTH
1FHxDd3UYxXCpJK1usUAVE8wYBQUhCrY1cyVAR3FVoPvemM:12000000000000000000:OKDOT:OKMYTH
15ReBjZakcw3txBCN1udweLQqy7HxB2znXHhEfGcSfXF2KUv:12000000000000000000:OKDOT:OKMYTH
15YdxNEW1xYSa5fbN6ZKFMaqygKU1k6ExfcKTKGjmH5uFfSs:12000000000000000000:OKDOT:OKMYTH
14CUdvFgNSJqjGsCMFqBc1tep19gN63MF9b1WincZxuHMZax:12000000000000000000:OKDOT:OKMYTH
164REJwkLZDhute6xdiwGN26oFFgrg2woL7aencABDZJTW5X:12000000000000000000:OKDOT:OKMYTH
148BntPgTAQy2obzSZZmqk1PpajS7J4YVktsPNmRhQTy1Y2b:12000000000000000000:OKDOT:OKMYTH
16ku7sBU5kQPmrviiCnNTDz2nDCoEMY27pZkvE15dejBJ6Yi:12000000000000000000:OKDOT:OKMYTH
14qKA3hKZYbMqPgytVMtznKh1cVz9ynfY1m55oRPBoG2FYXE:12000000000000000000:OKDOT:OKMYTH
1PcFVsgE9KnQgcUAxXLNjcNz6YurAeySGHxzY8R8cQwjKCb:12000000000000000000:OKDOT:OKMYTH
14rdmAP1ZEj417mwicJLnd6qARdiuTFWPacJPuMUGVSZcL9W:12000000000000000000:OKDOT:OKMYTH
13YnEU2vwsFU8VxJFLTnAdzQKmVqzRAMPhaeMQonmyPkU4ou:12000000000000000000:OKDOT:OKMYTH
12NxPsWj1zYN85SrFt6xirUdyqrthfp8RcH55uBwoexdh3nQ:12000000000000000000:OKDOT:OKMYTH
13pQ9SyZbpuCBTZEbT93wnLURuRuT1MZ6EXMajdgFMgG48PN:12000000000000000000:OKDOT:OKMYTH
15BKhAUZcuNWYMSK39WMioMjSprU1C7zK7aymgXonCVCHqCJ:12000000000000000000:OKDOT:OKMYTH
12jYznmPrJcc7r1BKrAptEdv88GbocrruhbdVgwWWfw6btv8:12000000000000000000:OKDOT:OKMYTH
12bHLX5KcPb8uVf2FgT7MfYAvySHKPah76mkkZfWdSS83KH5:12000000000000000000:OKDOT:OKMYTH
168CcMLies23vnoG4Qqt3xuPFeGKDME9P3di8tAcPwoEPM8A:12000000000000000000:OKDOT:OKMYTH
16QreLrVWtq4WrenNvcZbfG538odMSjd8QK3FABBQ9tyfHBC:12000000000000000000:OKDOT:OKMYTH
13TsiB2Vbgr8mEDRghDDRbayEuyfoUyEHrFgpFm6Gt8Mivv:12000000000000000000:OKDOT:OKMYTH
15iLCPkdr3FPoeG3ZRBZ5h1yPkZM8sM37HWhWXNYBqdCTcuP:12000000000000000000:OKDOT:OKMYTH
15B9Kz4KNfMu2SjKaphwUBB8efBByPgzh6nXfjQKoru4mvkz:12000000000000000000:OKDOT:OKMYTH
15JMi41bQBmZEVJqTZtW1E3HrBz2fype94nxYuNKJKhuQG4r:12000000000000000000:OKDOT:OKMYTH
1V3mGsRUkDwzpav87q4bepfCnJCoXbmSa2ZbpgvBvxXfGEX:12000000000000000000:OKDOT:OKMYTH
14kP8nRxgWQtfh9SM2fNmcbhrhf5xVHPCKswJxLAfgWDtqNr:12000000000000000000:OKDOT:OKMYTH
16Vd7J4X8ahLk5VjM9KZbNEKYYzBTXxoW13kRpSzJrNk47ok:12000000000000000000:OKDOT:OKMYTH
1454qujgWkVvKFSwqf2LqbwGRJ8AEnMf4LPWgKMqqQYySbfa:12000000000000000000:OKDOT:OKMYTH
1dCqi1PDcFFF2j8qjvkos299FQ26nBtYrsH22MfWAubUUUV:12000000000000000000:OKDOT:OKMYTH
13RqwnS8EfCFmKQTZagjaQnMiHbw8uiKVdbFUxsgCqzzUB3P:12000000000000000000:OKDOT:OKMYTH
12gJWNANPh4LWx5EBSmJgsDYedfeUovAnCWyaJk1qdm6a5dp:12000000000000000000:OKDOT:OKMYTH
13YmUbgqGziBj4rE6jpB122B6RoreYmSyGjqmL7EcWpR6vEK:12000000000000000000:OKDOT:OKMYTH
14Y2C9uvpZ9UatWgL2miuAudtpUop9djFPCtUpaRg3dP46q4:12000000000000000000:OKDOT:OKMYTH
12rHkrXKmCGQrqcW5EKvW9QGDJzvLegDYZ3wYcmCj33Fzib6:12000000000000000000:OKDOT:OKMYTH
12wP4zwXULwnFSxrprQzVUxbukGa76HRqGG5HP1PJudL3xiq:12000000000000000000:OKDOT:OKMYTH
1Q2n2PkmSMeHsXPaPENnYSBABqXeAhJ5jiqxYsg6X5nnw96:12000000000000000000:OKDOT:OKMYTH
13TJ6tEbpdSXXhkcRTQdb1rko8VNG1YkiRLu5WStKz6syEeT:12000000000000000000:OKDOT:OKMYTH
12HxJtnnrz1HN9fBph7cyanMaCfJ7SE7n5tYoUmXz5DhNmfy:12000000000000000000:OKDOT:OKMYTH
15DbsWLrDnnj15mJnNpKBsato1QDJFjvV3N5CZMYGfkfECnt:12000000000000000000:OKDOT:OKMYTH
13mzP7stJYbUFp87rjPMC5LNkTGZiv8VxCo9dePr3cbdZyaC:12000000000000000000:OKDOT:OKMYTH
1CHPTwSoSWSgkpCorMmyobZHVehk69TvVpocZEeAQJXTtYX:12000000000000000000:OKDOT:OKMYTH
14UzajJEPS9Hv2kp2xWHjvQ2L4hsfCvNwXADQd1RuhuBSe17:12000000000000000000:OKDOT:OKMYTH
1WzRsajtExqf21uVSjL1RfPQKzgMpFvAkvcELnvXdNQwFV5:12000000000000000000:OKDOT:OKMYTH
165R1UwbKmgdvKghGCNFvZBGVgEJUZ2vT3Gsq2VLNJV8uLwG:12000000000000000000:OKDOT:OKMYTH
134hPokDbBuNqbFvesj9NgXv5SLWsZr5uYK1A5Ko1fgiQHJ5:12000000000000000000:OKDOT:OKMYTH
154RE4HCga2MZDgtaMvud5wCtLMYrh4Jit2AAhxjEU1Yn5Hm:12000000000000000000:OKDOT:OKMYTH
13sdYVBWdfZ23EGqa6HAPZq8XTA2qbWeXH1PvpovF9A783i8:12000000000000000000:OKDOT:OKMYTH
12wyhJbmXCms6eMB4iMoioCjMuP6NkGYyP2A4bA2SmQ9WsXd:12000000000000000000:OKDOT:OKMYTH
1hUicEBTr8yNtfQz9tgKFEWgQm2a648xp33xuEpZWpV8c3s:12000000000000000000:OKDOT:OKMYTH
13zavrLm9HmGRBasZ8LGvwM9mK9n5qBfoWxpdUd1Mb6yn7P7:12000000000000000000:OKDOT:OKMYTH
1WLL2ZQgubm3mqbmomHXxRoQAxubmsb5EQNG7GEhVEHWkgA:12000000000000000000:OKDOT:OKMYTH
15JBLZNCLFH5JqKgeNVNX23uCvo95LLkjiRHToEHdGZbEHfg:12000000000000000000:OKDOT:OKMYTH
14qBo9iqYRGre6PAdS6qittaqxUPjhF7usQ8YEWSdwYR5P3b:12000000000000000000:OKDOT:OKMYTH
15HUHCQ2NKFrAwjZxAR5X47Ri9UpcLMPNF4tMopfq5zSBycE:12000000000000000000:OKDOT:OKMYTH
15Sgyv6pHyQG4Urycvzp59WDyy1h6FU2STBLUYfqQqeuido8:12000000000000000000:OKDOT:OKMYTH
15wBMHwTPhdmJcgfHEPEMLLzYJUj2fNx4cL2Aye21aMJWnzR:12000000000000000000:OKDOT:OKMYTH
128b4ebwqNYgpizfREqxeN8A75SaB9FmUt9oxTdDgzEUH9bn:12000000000000000000:OKDOT:OKMYTH
136i6mNkFWXkH2KDK8KNyL7nXzN5ukFavRYGymZHFDGFBjc8:12000000000000000000:OKDOT:OKMYTH
13b8dLqsF1kejEtuXZWuMF13ZvZV93QZnXJrauSV4SdkzfBd:12000000000000000000:OKDOT:OKMYTH
12DH3AQkVZgZxSP7QGfzmGNGeDp6qsekrFoXyHqfytQJtdNs:12000000000000000000:OKDOT:OKMYTH
1nF37QMW53S6bgS9oJxbYE3vLmpAfLUSvP7e7aNqkPQefnu:12000000000000000000:OKDOT:OKMYTH
13LjpBA5wnreX8RzNSicfeVUeotk15mvJ4hnh7u7eNGzJzF6:12000000000000000000:OKDOT:OKMYTH
16QdodwvpUeazGuXrp5AeCszj9CxprVk6Y2tYTpxm5fJgR7n:12000000000000000000:OKDOT:OKMYTH
13mK3HbuveJue5zh7CLjuBd1JZXiVoCgK4Ro6DS2q24TYqL5:12000000000000000000:OKDOT:OKMYTH
157inmpQzLmYFieDePzBVwVQ3SXdoCH9YN872aDkvsoUQi82:12000000000000000000:OKDOT:OKMYTH
12mqvWE4k2vBWMKZRxJgCn1Ay1uajK15cFm74eHwSDuLANvc:12000000000000000000:OKDOT:OKMYTH
1dkK6PsNteUaUVaFcR2ComfLGxoGqW6E5NC2gArE1fwFxhS:12000000000000000000:OKDOT:OKMYTH
12EDQJbCVsaAvAzjCfUYVEmpriYVDoz13M1gzHzHxfRydeec:12000000000000000000:OKDOT:OKMYTH
16iy654HpW27XuT9u9T98epbutSK6PcJDdMLrqjDuQKNJ5JV:12000000000000000000:OKDOT:OKMYTH
14TjVD3hJUr5PjGmDaHGLac6rcWHSrqaE3rLH9bd9pGDhNDP:12000000000000000000:OKDOT:OKMYTH
1FC3Y1KZuk88dyVb8W9nm1bWNPrEA5TTGhFcwgCWPyitGkw:12000000000000000000:OKDOT:OKMYTH
13ymduc1iNYUKJz7cnDhSp3cMmKqPu2WJgHJtfw8UFJhJAhn:12000000000000000000:OKDOT:OKMYTH
1EwwGrY3DSzzNWKH9v4Janyib9ZvQxqHcxMqzSa1QFskFLU:12000000000000000000:OKDOT:OKMYTH
14FBidDuxHRKFU8UEcpJafBmeJYmj79JEKErwf29SLkeNhfY:12000000000000000000:OKDOT:OKMYTH
15NenDrMYLn4z77vSbnbiKreM3hzvE6VRxyUCoUJboqtc3ia:12000000000000000000:OKDOT:OKMYTH
12jaqje455ppGBwFVnUdATCoh3K4X3bQL9QRhQvuzzSM2ZWU:12000000000000000000:OKDOT:OKMYTH
16XPkpygEgMmMtG3KAAJXiBGkdAZonBytsieWK54rqE6dQe8:12000000000000000000:OKDOT:OKMYTH
15GGynuK8BrztS5ZUJsVDym2CPx9BQEq46akx2yXFP8Q7Sx8:12000000000000000000:OKDOT:OKMYTH
12wNapojpvLfaprtxVKxU9ZDRwZjQd5fTpGnmW9e6ek25jTR:12000000000000000000:OKDOT:OKMYTH
14jUY847NsTeC634WXHMUFRPjkb3E6ceuFgd8oHQEPcnZxo:12000000000000000000:OKDOT:OKMYTH
16fSV6VdWorQR6m1vfng4syFRtFm1CQxEKtMW23KdmaqaG1S:12000000000000000000:OKDOT:OKMYTH
14iyK4pMsqTPXB3E8ez5dmwWrrRKcFt8Vy5u4x334Cx29eoM:12000000000000000000:OKDOT:OKMYTH
1416My8CW6Fc9dnfqAAUcpXLxsPUHhF22BhdLAkc2AkH9aXe:12000000000000000000:OKDOT:OKMYTH
12X8uotaLZcvUAb1iZYZM5fpGRiiaTMve97AnnswfyYVnjWZ:12000000000000000000:OKDOT:OKMYTH
13bZoS9EQHYmdah6DxpxRPPh2VXpvPaBkyVa3ScjQyvnKb4R:12000000000000000000:OKDOT:OKMYTH
1Nm5p3NysxxRCJHwsBMiz8S25A3goXw7j86u34zjj3V6Z5L:12000000000000000000:OKDOT:OKMYTH
124e9qxvwKLXCCiwTPtvS7E6bqpYmqmsuNSwWkFqAYupuhcT:12000000000000000000:OKDOT:OKMYTH
14cvmsuo3GJJEmsggFfhginVeUHg7dSEZCpRPrJkmoarABnA:12000000000000000000:OKDOT:OKMYTH
15EkTvUbHBQUipx9uCufe8m26gChuyRrUpjD3DJapPQTTDoA:12000000000000000000:OKDOT:OKMYTH
136Uu3ojFTMUwEtSvcaoVYdg6VSsgMd5sreA2TDWC1SMfw3n:12000000000000000000:OKDOT:OKMYTH
16UhiM66yU4ZVgFmQDP3feBS9Nx1SuF7RkmnxszKybeC1guo:12000000000000000000:OKDOT:OKMYTH
14dCqzcFrYUyA4Hz9mXQM1h8MxLY77a7xv4LHzuukK2Je9C7:12000000000000000000:OKDOT:OKMYTH
12EwPXsDWtoQCvXjA862fdUmgw7Loz2ckXu2TE2f3p7at8Ux:12000000000000000000:OKDOT:OKMYTH
12xGy3yLY3HKKmooRVqgBPqVo3ev9yUHPKGeGZRGJPx5uShG:12000000000000000000:OKDOT:OKMYTH
13KEJsUB3i6rkE6bocLo7ReNmhjva5T3gubUFCbowubFxWbb:12000000000000000000:OKDOT:OKMYTH
1shyrfvRAqayoAv3DNgoAiMZ85w1eyAW7fxsubrwyUVdW45:12000000000000000000:OKDOT:OKMYTH
12Y8v8MBuwQh6EvUxekizcw9gLUTp4KYv9zvqk4GQ931f72m:12000000000000000000:OKDOT:OKMYTH
12Txec9zH5h6hH6UP9HQLYa4SVrMRe9doytXF1qdH9pz1mCT:12000000000000000000:OKDOT:OKMYTH
14Ket5TEnyYVgNj7zqKzo3ShXaxtB5z9orRLSUvRD7Ux7RLx:12000000000000000000:OKDOT:OKMYTH
13RHoBuQmGr8Tii7ucweca7PvUndMZAp1JfYNVFfRCTgPLBY:12000000000000000000:OKDOT:OKMYTH
139RNYg9H18N21rqnguA7T14V4jagEMf2pkQLBEA8GtJdDDt:12000000000000000000:OKDOT:OKMYTH
13TtSyC88MhB2i3fC8corJwy9mx8dkNftMV8AfzdiUcQAs1:12000000000000000000:OKDOT:OKMYTH
1L8iE4vbaymnGpPc6Aaw98d4zYDL8RhfUxCDRrBFkeExDJ4:12000000000000000000:OKDOT:OKMYTH
16iRzVC1QiQ5rS6e68nRmjrhPS8JpvCgSaR2TA3NLGDmJViv:12000000000000000000:OKDOT:OKMYTH
13g1SSWu3UqE4RBj29skJRxavW7xtS6xQTWHoA9tsCEXUUH8:12000000000000000000:OKDOT:OKMYTH
138PrDhTugiaYgoTr31bJmirVwkFJbUyg58agLNJALML7TaG:12000000000000000000:OKDOT:OKMYTH
146Vg1qqGoRzXsayLjf1Z5RYjRqYF4KcigHvZeXCY97a4eZC:12000000000000000000:OKDOT:OKMYTH
1faeb7iE6UMP5pAUdcXF5oFXvcJH7UY3wwDDxiVgzsRgxot:12000000000000000000:OKDOT:OKMYTH
15uFyfWvHa1CTQjJhP7MqVV1gZWP4mxtZgGoi8cmU3hzuuaX:12000000000000000000:OKDOT:OKMYTH
163gRsnoaLh7ALccT2n2nUKTybXBgh6kRwLN6yYtuQUB99Ue:12000000000000000000:OKDOT:OKMYTH
12Ru6sqozLt8yvq219o9jJCb8wH8sgSCcRiSApzkxu9Fg4rv:12000000000000000000:OKDOT:OKMYTH
12Q1wW96zmsPdDbzYTBghz1rcBt6Si33n5PytL7W8Pmv52rX:12000000000000000000:OKDOT:OKMYTH
1Y5Y3D4R3Kea1a3hz7cuqe3mG9b37kpg4YC7An7wxBJ9Rfn:12000000000000000000:OKDOT:OKMYTH
14jyrKJZGjXtuNQQUznmR9ZZ8cMVUZoymMATUys7LZEsdHtH:12000000000000000000:OKDOT:OKMYTH
153cFmLjgSEuE3vXvKWLtQxpVPC1GiJ5njgmB85XSToQgn21:12000000000000000000:OKDOT:OKMYTH
161XfrBa3Vq7z67ddQXKCtFLNAsQWiQvGPWsEsJq1nZKu4cw:12000000000000000000:OKDOT:OKMYTH
133bniWzg6TL46wGARspoG9xbv2pHgM1nvh74h38HDqEocCo:12000000000000000000:OKDOT:OKMYTH
15AvKwLbccQiaWRxfhKbA3LJSs9ToaPYWYijTd7UqEMWzF3c:12000000000000000000:OKDOT:OKMYTH
14i7ioMBEvZUDttZ2pcrmZ2yJBQyZrm2pNgKS7fUHdGyiH4M:12000000000000000000:OKDOT:OKMYTH
14cGaSXh1kWwZkmJi8g7oKYYDynnW6RpWrBGvGdDv56CDukm:12000000000000000000:OKDOT:OKMYTH
156KsRvGbAVDQ5WXXAwqQgsiuV4gAk6j8vdDYhoPkdGysF4u:12000000000000000000:OKDOT:OKMYTH
15omKVEQogLhHxJRPW84VEfif8oBNi3cgHR2xYSVhKWG3Sj5:12000000000000000000:OKDOT:OKMYTH
1KYE2L171Z1ArTrFLuzWj9qqXnpdKxVSnqCd1iqqMK2wa8f:12000000000000000000:OKDOT:OKMYTH
15ewrjqrxdGocD8yQfy6xQZzpBeADhmr7a8jCg7KeysqVPvc:12000000000000000000:OKDOT:OKMYTH
1ubmL3qBv2sSXELzEigxsrUNmrfNGDGa1phdYrfJVeVjWEa:12000000000000000000:OKDOT:OKMYTH
16eghYxfGekdSTYCipJztw1Ftb4Z4Lmvifrdc1pcd2UZPWzA:12000000000000000000:OKDOT:OKMYTH
18L1Eg4yp9YbRdjVZygn2dJqHvLD3XgjGdHGVPqC6TtiZvS:12000000000000000000:OKDOT:OKMYTH
14rM4pmGByWLshdX9SB4Mdv7N2FuUwfMeqAHCWJr1emaeCrX:12000000000000000000:OKDOT:OKMYTH
1xntdM3QGamEo6XR8eeBYQ3k3YCM2d6Au8ok34NrhoVJNXv:12000000000000000000:OKDOT:OKMYTH
16WvyqsqbKZHhcK1YgeUkeJuSb2Wru6UE1FVTd5Wu3tKfJYD:12000000000000000000:OKDOT:OKMYTH
13uAuG7vmhwyZFT8nno6PyjqcSgim5SzYAPWkN23EpkTEq7r:12000000000000000000:OKDOT:OKMYTH
13xyZUGYFZPdgbnh8piQR9C8CRDSqzQbd3TdsHZjvtpMqjM1:12000000000000000000:OKDOT:OKMYTH
1CBTeqA2xugRYcHSQugGeqjuaAMrSqyALLiPHVvivMcMD72:12000000000000000000:OKDOT:OKMYTH
14ztLEzg1Cn97tyGeLg41ctgPHWhuHrFjqiPXkugknLPz6HG:12000000000000000000:OKDOT:OKMYTH
16kfXKoq7zfNdtM7MZEy7vgzoeU8wLqZfWDSU8ySsQsp8fTQ:12000000000000000000:OKDOT:OKMYTH
15dCoPNuaEnmjbHb2a4dPok9qzQhapSLskfYUVUhZ9oEchLe:12000000000000000000:OKDOT:OKMYTH
12VrkChxc779SrFUQ2GiDVwpFRVuxyPGLV98ba7oSuu7hGj2:12000000000000000000:OKDOT:OKMYTH
15tQ5MPb8cspuqVRcRZpi4s9tyFmx1S4jBq4PwoEJ9Hqfxxv:12000000000000000000:OKDOT:OKMYTH
14Ms59jAC19yM18Qq7X9V9enjNKo4eCmBtCXUhT95PtTohgj:12000000000000000000:OKDOT:OKMYTH
15gi9LbWakmRpzMxXj8gyZubWQau8dEWzppwyGfVPqEuavE6:12000000000000000000:OKDOT:OKMYTH
15L3BJtoHTLaGFMaL8c9sJc389jniLnF1v7wEqimUxxXLZoH:12000000000000000000:OKDOT:OKMYTH
13E3W2yhGRNE8YyUWRL5DWzpShPYg9UUeQoiau85ykeqxchw:12000000000000000000:OKDOT:OKMYTH
1EyWmRsE81YzF73umLTUH1Nh5CbmZTiibbE187xmxJMYog2:12000000000000000000:OKDOT:OKMYTH
13AbiQxzDtUqxvaovSGYJTLT4X3JtXXFiJPC6SW92sqZtoTr:12000000000000000000:OKDOT:OKMYTH
128h52h4s28YwFBso9wri531idARy2xSERsqDpekQHqc2ooa:12000000000000000000:OKDOT:OKMYTH
15PppyvyUFrh9TJFnHQUsQhPTtScAiVz7GgRgpiftNUhKwjb:12000000000000000000:OKDOT:OKMYTH
13A9CXinAmZ7JwDFuZTEprkxHqzvhkrCPXGDMJA4svMPmSGG:12000000000000000000:OKDOT:OKMYTH
15wKUVjBJLMxUu5CJfMKJtdNuBD1zV6NKzA2FRtXrWFfqq7i:12000000000000000000:OKDOT:OKMYTH
15axDm8ZP8sq5qKcZcxk6C4sELNgVVYRizS6mqTjBjdMwZmc:12000000000000000000:OKDOT:OKMYTH
14QQEdG2FFZXvozi5wjuxDMCApbJoBJdfbLgd2cMjk27ymqb:12000000000000000000:OKDOT:OKMYTH
1pdyie1Ni1jSKGRR9DGAo51Wvjrst4wUiM1GWyGVPASJKVn:12000000000000000000:OKDOT:OKMYTH
145EJpAdNnaudBn2t7UyFczSXgT3yfa6viCtW6vfUUnsokk:12000000000000000000:OKDOT:OKMYTH
1AEhSEvyMWAbuKLsRBWhRejCTnKWo8uURK3vXRbCjCrJAWE:12000000000000000000:OKDOT:OKMYTH
14gRzbUEJzR59zXSzxpVwTpei8eesuhN1aHv1QG4mAHxL98k:12000000000000000000:OKDOT:OKMYTH
125NYifTrBPnX7uLHL4xuMwpA8ZcrwfeJ4EPbxrC2bnfnmUi:12000000000000000000:OKDOT:OKMYTH
165dpvKoY17KsFouMqQNwtgAgbPKkdpEqBoKj7qYuQuP16jQ:12000000000000000000:OKDOT:OKMYTH
12jcEphqx1vVhf47VLscSPvKnkUjcQeL17yG6oE2QtejHLgo:12000000000000000000:OKDOT:OKMYTH
14dPgUtdQM7EwQ6XfRiFtCdffovUBu1nVfA2PCqRqy8PkePV:12000000000000000000:OKDOT:OKMYTH
14KWsFRWzt75mMGDY9ENhTmonWppKNkXax9FEdCKKKgRjLCJ:12000000000000000000:OKDOT:OKMYTH
15XdND6hW8nYbvGoXTw2jyACeAkTZEtzJFVmDKeZFU8kw2uD:12000000000000000000:OKDOT:OKMYTH
15cfj4cpyNHwxqgw64MDVfbjmmr47gk1awc14CcbxWpuLCkc:12000000000000000000:OKDOT:OKMYTH
16mxLM7BbsRxBebFX84Ycktq4BTTSJ5kzscX7W2VmVcfwjwK:12000000000000000000:OKDOT:OKMYTH
13fNDTbrhyimRcS8DZRXZrLXE23DJxLFYB7vSHbPAJuvCBoV:12000000000000000000:OKDOT:OKMYTH
13Q6vLuNN4VSmCfkGkC7RtnvWFLKuYP2aNr7G37ffCMfrZw2:12000000000000000000:OKDOT:OKMYTH
1ebf9RUxoRYYouCZmKhh8AuZf9yMYZFqSaiMfFYdJiqF9Zo:12000000000000000000:OKDOT:OKMYTH
19QeJKZnLxBwDW6ZhUhYXWHVUCXMKiorQEBfhGmYeMM57dE:12000000000000000000:OKDOT:OKMYTH
14ZqgJA4ur3ZQdxPEDAN7JFaNAJU8dMKJnUrW3XdjWWGo4y4:12000000000000000000:OKDOT:OKMYTH
15BXpmJRnDhB2UF8m15kdyBEUYsKLkcho7qGSjuUfs8HsCXh:12000000000000000000:OKDOT:OKMYTH
12vGmWQt7mNDHrUSRThyrmN6Y6FvCmvYDLpmTEvQ69hc1BAP:12000000000000000000:OKDOT:OKMYTH
15R7Z5obRvwnGjRmSNbdQhgNcysYzV6rzMV39GUG27R51KQr:12000000000000000000:OKDOT:OKMYTH
15cbEzScQiYGdjqGKNxDvsV5346Pdk6VT2aarF4xS5xyB37U:12000000000000000000:OKDOT:OKMYTH
15rDyYR5PRmZfA4x6e1fvvpDkEs8n51AtEBqYuupxLD5bhQe:12000000000000000000:OKDOT:OKMYTH
13mMHoaJM6ABxyYQh16PKxNsWtj79YrNUrYXnycDE6PpSGxH:12000000000000000000:OKDOT:OKMYTH
15WMWos6QtjdZwWdm3J8oeQe6vCxC9sAs9J5xWQ2kbFgJP9y:12000000000000000000:OKDOT:OKMYTH
1JxvbEYeUxbPsHkY2U9ioCXmRxz2hRmCLmEi69pm2QM8JTX:12000000000000000000:OKDOT:OKMYTH
1KW4Qm4nfwx9Yz1XLqYjBhkbaS8t9mxyEr5k7dQztMxJ85M:12000000000000000000:OKDOT:OKMYTH
133fuSRZ79EwzZJnP6KswvPSxiHLnTCta6e6twA6wHhnqQu5:12000000000000000000:OKDOT:OKMYTH
15caf7vwjgogP8XDXdZ4fwNp8h6THEfdLqUhZfL7UR5xgrqH:12000000000000000000:OKDOT:OKMYTH
149fAqa3t3uTYu46vD6yzgqbpMwXy1HJBhpAB4q5xA9JepH6:12000000000000000000:OKDOT:OKMYTH
16kY9nb69nTUbNxdLBw3cdRGeKZaUhCdUzGVa4RDZXv1d3Cd:12000000000000000000:OKDOT:OKMYTH
15p9f5CYovtNboUeBLQjrqhafeAcPpe5PYX9AP7KV2Eq63EE:12000000000000000000:OKDOT:OKMYTH
15FAqdZZ1WEUk52wPYVKRTQ2HdoE8qaVi5xvmAKzfpTMNXGH:12000000000000000000:OKDOT:OKMYTH
15ZtcDWXrWzuM5cLPUnKv4Y5KZqTHYwBuYuuyYArnSVh9MHa:12000000000000000000:OKDOT:OKMYTH
155rDKN6f3vS4vHwqh9RTt7JXBooxwcZMbN3eML1atvG7SYW:12000000000000000000:OKDOT:OKMYTH
14oQRRt6KJiTrM3dcFq1iy5XskN9VbbhaZQbr6Gyf1M6bcyV:12000000000000000000:OKDOT:OKMYTH
16GucnHYePpXCmzebNTb3ayenGkCN2zn4pUWdrh34KDmCU3h:12000000000000000000:OKDOT:OKMYTH
124JGTnPxQ3kt44dEWTZ8Q4Bikp419UVT6PokYepvLXJ5oXd:12000000000000000000:OKDOT:OKMYTH
13HXgvTEBKNFLH6rTH8e5j6CSSw6BX58aZWJbkBYtKUPcTsW:12000000000000000000:OKDOT:OKMYTH
13wAnCGSzQdKQXbSUA7PHwQmt1EGsZuPjryDmJq8BC1HvbVb:12000000000000000000:OKDOT:OKMYTH
14L5pDCp8jrWawcTaa9egUJhKPBFYgMZ2TaJXGbeJpqnhswY:12000000000000000000:OKDOT:OKMYTH
16ic2eATnipCLgUAgAs7CoGhEDgRKyAbDKDsuY6vBYyKRvcy:12000000000000000000:OKDOT:OKMYTH
15QdjeJ9jgmPyWcKq8Xs6q6mhLUityaT84CNjacyroeZLXkP:12000000000000000000:OKDOT:OKMYTH
12E76oP7SgDTXSwY8RdHjJtM4Q63JTU2booLLMicG94M2HPr:12000000000000000000:OKDOT:OKMYTH
16CtiKNTjtzrBuy7kNY7iC89RxhA6UxkxxHeJZDwF6Lrheou:12000000000000000000:OKDOT:OKMYTH
132aNnRbMjQXgwPu611xbvT69jZP22arEndpLgVFdQy1J4q9:12000000000000000000:OKDOT:OKMYTH
14DNeeyTVNjgWTGCcXg4wnz1jFZXXnY2nGyMkXCdeg7KuYWP:12000000000000000000:OKDOT:OKMYTH
154hd3XA8uDnRfN9zAqZ5jsJmqZcJVrsDbhRBqYpNsNVWcyc:12000000000000000000:OKDOT:OKMYTH
12qe4tebz6vyMxN2ZrpcsKg3RbxQTT2h31HehGDDvtgTJ7hx:12000000000000000000:OKDOT:OKMYTH
146VQhCaRoTgCS7fKDndgdodoPQhsw81tBHxvz4pZpoxCdKh:12000000000000000000:OKDOT:OKMYTH
14NCptrP9LJLMJqwaaGPGp6qS7bS3tSPBK8JwUZiJpmYcwzc:12000000000000000000:OKDOT:OKMYTH
1yQ6nD3NEXYezsoT4eKcr4yfdsUB8kZ7Ly7WJUfuRDh76AN:12000000000000000000:OKDOT:OKMYTH
14xDCYdzRMGDnRN12mbUri4z49byTGeNKLDWsWyn1BsxH2vw:12000000000000000000:OKDOT:OKMYTH
128QWJUrc9iKEm8pnNZj6bgvKWPdHytwo4Dg4FVAUbY4jpgK:12000000000000000000:OKDOT:OKMYTH
141Fhz7bqi8cke8ucb4J2CsQgfpgDhGAKmBSxNy8qLkhNvbU:12000000000000000000:OKDOT:OKMYTH
12vJfJyiWftvrp7U6z3zsckBGxCycT3GWUGEZaMWeQm8j9Zm:12000000000000000000:OKDOT:OKMYTH
12Wz3VgkAA2DhxRkGEkF4KH46FFvVbt1ymxhsmnL3342VGkZ:12000000000000000000:OKDOT:OKMYTH
1DysrMJB16ZkXpk9Uj1xhU3jqiB3ReR41UPo3QfkTcRLrwi:12000000000000000000:OKDOT:OKMYTH
13Gh29CsN7LCTKBuUTeBwzvX7zsHLEgALh3aJ4ERNgv9Ut5D:12000000000000000000:OKDOT:OKMYTH
13dpj5sd5JPyBbm9qvtek9j2j8XHz2469KPFXAinyKV5gQyR:12000000000000000000:OKDOT:OKMYTH
14mN5LauS4mAzMF6SYSXnNFktS4ZY2o6NRP4Ac2s9KgQSAtK:12000000000000000000:OKDOT:OKMYTH
168rQwQBino3YNESoicNjvxhxEMwERW9aHasykAJQAUNzokS:12000000000000000000:OKDOT:OKMYTH
163SHSSUq6h36geGxZSNTD4b3e3GZs2o5LPY4cRcMxxumSye:12000000000000000000:OKDOT:OKMYTH
12QUAy8VAwNfTFG4euNh3BRMJfSjMYU2XCQY2SyCy5NkaZpS:12000000000000000000:OKDOT:OKMYTH
12gUWkbvkjz6kPkkqmWaWBHicCzfeatfaMn3a7c9872TiYWV:12000000000000000000:OKDOT:OKMYTH
12grwZxnxCCZ4A6ucDeai698aVMtw17cM9CgoCugEKxHzpyS:12000000000000000000:OKDOT:OKMYTH
1TdNpbnhDRRy8dEv9GJnXJQvNjMv1sn1LioAFC4vjaUVKRc:12000000000000000000:OKDOT:OKMYTH
15g17BCYLBYJb28SKSs7hP4bMY7NwNxLX6RzFgWdyfkS6Xsc:12000000000000000000:OKDOT:OKMYTH
12gHcNHNg2t9mirsRoz3AXQ4JB18TFN4oTfgrh2JSZ7Vryx7:12000000000000000000:OKDOT:OKMYTH
167Xe2m3urwbbhz8BmzNS5f6DJSvtxjTk2DsL3VVQ4kDcpG9:12000000000000000000:OKDOT:OKMYTH
15Sf9sHJew6ThaZLj8ubeohdjab88a3bWyfwDGF4Xuq41wCG:12000000000000000000:OKDOT:OKMYTH
15P4RZjqDofzbH4qhF8tsZqj1rAL8qn8s9bsCSHt9ixAML8p:12000000000000000000:OKDOT:OKMYTH
1NKz5feH8cah4EkeTtg4hnHBFFnrRGJ9s9tzF1yjVGUXDL8:12000000000000000000:OKDOT:OKMYTH
16jtwcCGgKjc5AnseDn6ZjV39zjy8jry8gGemjowyjXiDpiM:12000000000000000000:OKDOT:OKMYTH
16HHPEg1NdK2uMEoHf1vdhAij9wybSXuJKTyeknSMxgzXw6M:12000000000000000000:OKDOT:OKMYTH
1h9oA9y8MhzKAyfQR5hPYHZbooqPgu1EioszFFrTn7mCBrN:12000000000000000000:OKDOT:OKMYTH
15H9JEDWEXQNEzR2FLLZCRPhATmJDdxrnAMFDYbbANvqui33:12000000000000000000:OKDOT:OKMYTH
15xbxkJPxfH5A8qWJ1Upo4JfhDbWpYRGQsHk6YSTiAgSyZyK:12000000000000000000:OKDOT:OKMYTH
13u4sYVA2SeTNth9LcmsT8QHyudJAjm5b9fuBMDW4kYgQ9yH:12000000000000000000:OKDOT:OKMYTH
13YG1rbv1gf7Dnc17XeXWKL53VwbRuaL4tm8kCazTJfoZfmG:12000000000000000000:OKDOT:OKMYTH
1ZmbuQ5Ck63bphxjYBi8E8RS3DfmecwA94yQKZczrmj2faC:12000000000000000000:OKDOT:OKMYTH
146YjWDLs1UTvSTfQFy6zDTFRsVH9612Mw5PaqPABECzefXB:12000000000000000000:OKDOT:OKMYTH
12oBqZmp1PX9Q7g2eqxX58dXYPN9wvkjCRycfuFSt2KgzeSw:12000000000000000000:OKDOT:OKMYTH
13nYQnboZCf56BnbCmEKuPUKzmM8kCz1Upzar3bPdU38fw2C:12000000000000000000:OKDOT:OKMYTH
15YpV6VrYV32KVEzjHLV9TDtQEYWnju4bzNyDSsVJnz65X1X:12000000000000000000:OKDOT:OKMYTH
13Qhh2ijmjWSyvqsB8JJv6je5i9KBnzWPo6bbWxvgcT3wNaY:12000000000000000000:OKDOT:OKMYTH
14w5UVwoJ9YDNwHLd1QpyLb8VF6f7UitoKBELKpZzF7UrUfs:12000000000000000000:OKDOT:OKMYTH
12QhQsgvmvNUa2buuEBq1C2Djf1r5YDfcYXKT2R7jQv2oNF4:12000000000000000000:OKDOT:OKMYTH
1yHLcBprc2EYVJ3fve8ccD9wZFUvbfyacpD1faKoo2gC826:12000000000000000000:OKDOT:OKMYTH
12RckxYUXerDjEmbqZqGSo8VTfSZaLwLCmSorqVy58jCssL4:12000000000000000000:OKDOT:OKMYTH
13dKPEVapcwaiCxPToMZZNq6odTubiuYxSXi7FSgCWJE1XxN:12000000000000000000:OKDOT:OKMYTH
1jAeUnhtTdW1ZzAxBSA1wWcNojANngMzvLZ8PEVyib8TERB:12000000000000000000:OKDOT:OKMYTH
14aTVGhnx8WHgxeqUQ9ZcybEkCvc8GYiFFefxwVHd4paQpsx:12000000000000000000:OKDOT:OKMYTH
12iavfo5DtYtenaQhq8LuynjguGzneP81Dcsv5SaABiVU9qh:12000000000000000000:OKDOT:OKMYTH
147ReyEFjAa9M4QL7QvHKK5APsLkJWWXUxLD5RMKiHe6vMeB:12000000000000000000:OKDOT:OKMYTH
1bmQyTzhXFVwRCmKLa25QjfoZRozs2j3n2kbFWqEbXicYVP:12000000000000000000:OKDOT:OKMYTH
14DfyXw322JQT8hCQEURwmtWNH7rRKnarFtuGAigr3ueSt1z:12000000000000000000:OKDOT:OKMYTH
164xzvxNehKF6CxbzJKyj867EtmvPtLhaABPsyZd6bTtZjmP:12000000000000000000:OKDOT:OKMYTH
133cfDKFSJpPczFbV8CCrP27caXTaTyJbtJFaX4qM83XSVsJ:12000000000000000000:OKDOT:OKMYTH
12i1W39jMXrVpBtJ4djKgFSYtExHENw4nmJhpfPWmmY2CivK:12000000000000000000:OKDOT:OKMYTH
14hTFwBvCuL95kyCzwKHgEAf2MJeVP8Bjc62W461RzErWcvx:12000000000000000000:OKDOT:OKMYTH
14SFzhgxJKBpNumxF1ceYqhb9PPY1Sp1iWWNcGvtV1Expa8Z:12000000000000000000:OKDOT:OKMYTH
12vx9n22Xn6L7ZR6kCrjNf95trptwu2m31H71cK2kgoRuMu3:12000000000000000000:OKDOT:OKMYTH
12pYLULgtnejk2bYtMydszn8jbA9jfTFHr6EQwvaymEGmJtv:12000000000000000000:OKDOT:OKMYTH
13HT5eyTtWr9KdD2rNmrj4q5be3KPWK3Ryj2Lt3y1rDbvNp8:12000000000000000000:OKDOT:OKMYTH
15u3kEjyvGvkU4Zw51C6Wkj96MRrgAqFjxcXtL6DNwZbBJuv:12000000000000000000:OKDOT:OKMYTH
13GhC8CQyaUaCXcq44r2AitwbduUVPHQE2pXsq8Jgm8ZcdL7:12000000000000000000:OKDOT:OKMYTH
12KoP67H3ZnJckzbH27rqe23ttv2XLYRcE4r8Y2REq6J9hrQ:12000000000000000000:OKDOT:OKMYTH
14W65YQCYJqHFo7PYqv3AoyedaupfPHA58DkkDpWjFnBdHCv:12000000000000000000:OKDOT:OKMYTH
1DCKJw9RZ7L8j5cqFjVA8vr7XnSN2V4P8i3J7Rtjdj4iaTC:12000000000000000000:OKDOT:OKMYTH
14qmaocq11Ayc1ZBAFEqt7dTfLzTJ4u35hoDKbADHSuSEMWb:12000000000000000000:OKDOT:OKMYTH
13SJpSfMH9RzzxRoJH1qP9trMwZ5s51ghNBVzqbM6SDH2nLS:12000000000000000000:OKDOT:OKMYTH
12LzsSxoGTSHfPjFW6wiw7bSL3JFLiciWt5XEfdG4KLn749i:12000000000000000000:OKDOT:OKMYTH
15mwzuxiWwAhdRQpn2U3DKMriC1pvcrGEVD1TsaWEs6niKR6:12000000000000000000:OKDOT:OKMYTH
1eJz1i7PcPR6jMdJ5JyLo9zr9DhcuWHf34dy5616BwmEaD9:12000000000000000000:OKDOT:OKMYTH
12PVYZPsfvgYWKxfHfxRNsVHy9AhpAwSMCspVnjEXP3dWHEo:12000000000000000000:OKDOT:OKMYTH
14csKv3Y5YC54ZoVws1cgMPTtXxjDACrAa8xr7zEuVeaufZ2:12000000000000000000:OKDOT:OKMYTH
14WGcBwhXPYxvFvn63MvxVTgKEo2iR9VApTPDMs1teuzgxvX:12000000000000000000:OKDOT:OKMYTH
1gpTxHS3Bu3aChtz247Qto2mmow4WZkv3Z9mrrWKSk4YT7i:12000000000000000000:OKDOT:OKMYTH
14n5CCFX5YTNzZBk13vQ1LT8ZqcyYu6mCmcyej1R6x3dSdqC:12000000000000000000:OKDOT:OKMYTH
13mzznTtuF8jKZrVaoduUoZ4aCaVmSwwpj3uFTU5RtVGbwPi:12000000000000000000:OKDOT:OKMYTH
14Y8QfS8pe7WqYW27QvrNF4iF1m8ihtBVcQZS4v5mKZi4ref:12000000000000000000:OKDOT:OKMYTH
12szBfdQdo5hVZx8FiY4aQL1UAiCKvuHXTf3UfoUPV8hQZGn:12000000000000000000:OKDOT:OKMYTH
1k7zEaVwnpzLSmGe1dDDxjP9EZXRvAVXQbEfYMpm5dAxkX9:12000000000000000000:OKDOT:OKMYTH
14bSxTLg2q1zhspU3SS9hXrqgn8q1VXV8bpYhZz6SgeBKVie:12000000000000000000:OKDOT:OKMYTH
12JkTgtkK43e5xpB82LLw64wMRWAjoBNQ3d2hfESGBrDjkPh:12000000000000000000:OKDOT:OKMYTH
1adgmaxy2vtGdzxSNJ4wfwZB9hkmA69vPHw4Sbn2k6krW7P:12000000000000000000:OKDOT:OKMYTH
12s7MK1WjiSJWtjkofjVhbhnkqdAH2rjQxbhg3qyV94qHtkb:12000000000000000000:OKDOT:OKMYTH
12b4jswJMxCobomgUmrzHLcpMHLE433cqHd91xJdaq5Wbtfq:12000000000000000000:OKDOT:OKMYTH
15x46dcrsgzKxXAAUNTN9vUvn9aKdtGXGRx2X4JMbVt5EYrB:12000000000000000000:OKDOT:OKMYTH
14KQJsVWkVG4E6btJs4V51CNj4ygn9YFGT2jtGN9t9GvfBML:12000000000000000000:OKDOT:OKMYTH
13Gmu2R2qRy68F6PnvdhjXTqoRB5tKrU9hiMPLMd1Qf2RTuu:12000000000000000000:OKDOT:OKMYTH
13odJYs32zpxsgrtmnXBEdshMvPAVBzhjPNRQfUHXx1dtMre:12000000000000000000:OKDOT:OKMYTH
152gSDLDcWN48BGVNFnrphQZUTxETZ4UE1ytygNMjr7SZCzT:12000000000000000000:OKDOT:OKMYTH
14R7SRe8EGWxwFyRxb1Qg19x46g3oYwBi2zi4ZzHgPggvRbk:12000000000000000000:OKDOT:OKMYTH
12N49n7rCt7GCTnxVZ9dmZfRWsmN8CcHRVANDPz4R1yuGeHJ:12000000000000000000:OKDOT:OKMYTH
15rz3oMoFYFM94tADMSzPbLTRFitbHPtCVSN1q1xWZkzwHNw:12000000000000000000:OKDOT:OKMYTH
122mapHTFaGnSzecgDyZ2zwgPWPYYNa9eQx5LbRjxKj3WA9f:12000000000000000000:OKDOT:OKMYTH
15Avta7Htmu36GJ7pHrRARX8rg1ZDAYfm6DbgPEwrNxziBkk:12000000000000000000:OKDOT:OKMYTH
161s1Jo7XhqiqbyUdfDyQLQwFBJWzfnQzUQuf2foPA7HioMT:12000000000000000000:OKDOT:OKMYTH
16diVTNWkBBDoQGRpfEfwbbdAyFcbL5j9YWp88gkL2jsD6FV:12000000000000000000:OKDOT:OKMYTH
13nCvXp1C3XppXMFjoLVoPQTsXx8A2CJDCtYK9RRctSgMTVw:12000000000000000000:OKDOT:OKMYTH
17pVgNSCDxFbYuFKXL6FH2YTzS8HpcUgtMbnbyTXArfueKV:12000000000000000000:OKDOT:OKMYTH
13KFBS61vvfi2wrF2N9VNWydtkdb6ULA9z6Emznk4wagSYLX:12000000000000000000:OKDOT:OKMYTH
122S4k163KdzX8e9Zx7wBpHkigHYfb5oHZ8Cfg2AiGejn4bj:12000000000000000000:OKDOT:OKMYTH
14HHPn2HLscizMi8zRk7XfJFPeyGdHNGr4YjmSfpjmeAmYkv:12000000000000000000:OKDOT:OKMYTH
12U6CpJXjG7jYypfGFmZ8mUonGsYb2caYb4J3iBa6WHjnYQr:12000000000000000000:OKDOT:OKMYTH
132PWvGbJDdtdiaRqkb5UTEj7FRgXqyRiWyRN17b2iwF43xD:12000000000000000000:OKDOT:OKMYTH
15uWkibwu2bKB43qk9mPQENVvv2S1MTtUVAi4M3EJtJys71k:12000000000000000000:OKDOT:OKMYTH
15nQgCHGSeJHR74Zp4oXV96yGtKs557bVhAGWqTmhFXDRyGL:12000000000000000000:OKDOT:OKMYTH
12kSxrnYHLtPd46MrzZfszh7LhwLtbkULdphDirLZfQdTucX:12000000000000000000:OKDOT:OKMYTH
13miUPfYDbR3br9iw8ow9Z3ymRfhrup7J3KznETmVdG1pn1X:12000000000000000000:OKDOT:OKMYTH
13XZnixv6nPBEqdbRxzE7GnUrU7dk4wBiiiRq37wCBtMihJC:12000000000000000000:OKDOT:OKMYTH
1HSyhLfwgfq35u5q9y1o4syzeygdmziXNzcBMqLBSGpEMz2:12000000000000000000:OKDOT:OKMYTH
14zFRknaHRbiXoLBPdi1zHiaYw3eSSD1QQaMEf32nfGA8BNe:12000000000000000000:OKDOT:OKMYTH
156ab4A4k1T3VjqMYvkMeF7EPkgwBdJVmsFDdG1JWAwRwLmZ:12000000000000000000:OKDOT:OKMYTH
13hsMHycuyR4DYp9awZCC46DRfcqAJMiL3eFWcNEmQf2row2:12000000000000000000:OKDOT:OKMYTH
152edNYJaaoqXobRgQNMhAq1gcQN8zbvhZJ5APNjs2QBSqKo:12000000000000000000:OKDOT:OKMYTH
15YAHh83Ucxdga2p1jZGgkoJNVRP296ZMKzAWmNHhDuE5jmX:12000000000000000000:OKDOT:OKMYTH
132sj3hL65j6ct4SF5UD3KVBkdtCLm8CpadnYjgqUcyjRFgL:12000000000000000000:OKDOT:OKMYTH
12Rhm6MiDWDTiW3eqK9qfyTDeQmcDNZUyq9k2jkkvBt7oyJ7:12000000000000000000:OKDOT:OKMYTH
13NCLd3foNpsv1huPDzvvfyKh37NEEkGFotZnP52CTR98YFJ:236000000000000000000:OKDOT:OKMYTH
