16mtcNfGnykLtUL7HZpvbYgMMqQg2yddt94jwJXYzCYLoUBa:12000000000000000000:OKDOT:OKMYTH
16Z19bTajoDMdWMxTjSwYXZi1BgpHb4ubfaLGnoKuYGLGGJb:12000000000000000000:OKDOT:OKMYTH
12JEVtAnU2EdbAkVNzzXyZXv1b9tk1EZRZ2wV7C37eGFemyG:12000000000000000000:OKDOT:OKMYTH
12bNdrypVh49zKxrM3U5wjE7JbGXN6HyxukiANfJmXqB8wk6:12000000000000000000:OKDOT:OKMYTH
161R5ypxtfPB62i1EGsMt9p1aDbWbWavPLGopnzW6VJzXAGU:12000000000000000000:OKDOT:OKMYTH
133Njpfb12WPtuC6416yyJBVsWf76hwU2oVGcGi6h8AmxVd8:12000000000000000000:OKDOT:OKMYTH
12pTCW63QXhYmt7fNGH9hwQR3HX6Xd1Gu2PgdA3HWKcbW5m8:12000000000000000000:OKDOT:OKMYTH
12yhZvR9RpbYBeteaS3SU7fSbpGePwcry5KDPRGpKRXC3ySe:12000000000000000000:OKDOT:OKMYTH
12oePgUetuiRvkQR29ppciVLzwKtaNv3NKFdW5tZ7gZrq9ef:12000000000000000000:OKDOT:OKMYTH
13vVUBDdnHDuuyr4FvhXVTC4S2bgLtG6SkgN5KdXyk5bmKap:12000000000000000000:OKDOT:OKMYTH
15d3N3HjuDmZ8ATHXMsxDgSs9bNi8P3F8JDvZQbadgpvugoG:12000000000000000000:OKDOT:OKMYTH
14bc3J2vo8dnBNP8muNcXzCM3s3jhZWi15WdSkPRzkhwfxqw:12000000000000000000:OKDOT:OKMYTH
14nNrnMxHS6v2XMgNgyGKTLqKk57qQPQQtTef3uqyVh63Ef:12000000000000000000:OKDOT:OKMYTH
1tmHpG4tyRUoQXvYcF8EBErvjYYbxsuRdLnXmW9jWkXgK7E:12000000000000000000:OKDOT:OKMYTH
15ceFeGaP3Maf1i8zumjPoX8mpt6iatTjbGiw7mRw1onzgc8:12000000000000000000:OKDOT:OKMYTH
14MuXgUsTGArasJ4Gc3fB9DhCujR3Bhbw6gXbWeLBjVQfVLw:12000000000000000000:OKDOT:OKMYTH
126Zitp7eJjvmznNHksWxZXVHnYRa1npm4PfiNjCwU5JTK3X:12000000000000000000:OKDOT:OKMYTH
162abhczLiQJvXUdCeqdFUW4fXkwy6fWYBMxBQ4GMT6VxKvU:12000000000000000000:OKDOT:OKMYTH
131NBDFTAvDgm9b1EChDc4eDv4T71dLozTHvF7sFscitRQS9:12000000000000000000:OKDOT:OKMYTH
1iqsmCgrXGxDBJhniLQzwLRRRy372Hk668u3ZjGqkvaDGh1:12000000000000000000:OKDOT:OKMYTH
148LwUccMNqYb7keTumqBEiLEwD1C7EFw9GbRn5P77ikKVPj:12000000000000000000:OKDOT:OKMYTH
16ZcTgjUqBZwXAh1XidbZxUVF9ZMFB8RjsXLXPVduwFkv9Y5:12000000000000000000:OKDOT:OKMYTH
14JVuK8Kt2xj1GeaF7GUBQoMnrAh9iPwD9CZAQc1FThearTM:12000000000000000000:OKDOT:OKMYTH
13QL5tUmQAEwhuhQbd7dngzd9WRyzoQVnh7Mnb8Ha19scTXZ:12000000000000000000:OKDOT:OKMYTH
12ezwvvXgYHTkpJN6sPiciWfKwHSqUhUrCwAPA4nBggKjcDt:12000000000000000000:OKDOT:OKMYTH
1ux62S8DvB9rxXnvb6Qe9NjQNR2wHUwnkcLk9Ys1yA3MUzW:12000000000000000000:OKDOT:OKMYTH
16kwRqwrut1BeyZsHgMBzheaAxWBnJrA9WUtF8HnzU6tfgH5:12000000000000000000:OKDOT:OKMYTH
13ibFEEzAK9xZ6JCc8Pzb4imCSiZuPBsoXv2jcNEhAgBLXJ1:12000000000000000000:OKDOT:OKMYTH
15J8dwmhnurCEeLxQaUbXUKfcsuKwFBsKKHdHb8viJ6k7Kge:12000000000000000000:OKDOT:OKMYTH
15ioeAuyau3XhHGq6hfR6PAAAb2BHvoMMSBgJwz9YZaH4ehg:12000000000000000000:OKDOT:OKMYTH
12LL1bLSzSLMAGBJtoaBVjG8YABmtrdVejHAEjXfgJuwaGC6:12000000000000000000:OKDOT:OKMYTH
15NA7FY7VpodSNnD17hy37nuwLAGgNU5Hwx5tfCj3a8jS9gs:12000000000000000000:OKDOT:OKMYTH
1CQQ6U3Urucd6uJKXxxdjS3rgoahBgvENRmoxF8U7LYzGAD:12000000000000000000:OKDOT:OKMYTH
13BeMM48ne8crf5Y4yL31Mi9vxj9TDU6ojTdUisSd4CLZVxM:12000000000000000000:OKDOT:OKMYTH
12W9xm62fMWbAm7XWsXLgoNxRPjzVvkHW1gNYrpMgk8WaMG6:12000000000000000000:OKDOT:OKMYTH
14PFiXZeHqzPu8ocpV7GRE85FeLDQWeP4FBSGUExHGVkp9EZ:12000000000000000000:OKDOT:OKMYTH
1FNTAydNLJ4X7eVtJ1sFUuk9bLEHLgut46WxGbtdwfcxPwV:12000000000000000000:OKDOT:OKMYTH
1uZ6eoywvZMc2XjYoFZDP3esFfezURSaGZmamoGRMczwoFf:12000000000000000000:OKDOT:OKMYTH
16H8CGHfdxLLn6t3XfYECRKg8gEzdhUMYkmqSLtp65ky2CXn:12000000000000000000:OKDOT:OKMYTH
12HoEtwhkNiYG2gLsKXUJgdh4xf8Nq34Dt5Sk6mpfxKhZ3MH:12000000000000000000:OKDOT:OKMYTH
15Bt1uWpt4DQwvsqtDxgETzQoNyffiCLPd3bScx2xfhU5Wqz:12000000000000000000:OKDOT:OKMYTH
13CXD42kPrF5u7tEkU2v31rnLMeupnkhQPJbx4ifRYZDPjhr:12000000000000000000:OKDOT:OKMYTH
1eLN4pmiCiFcQdos3LvhFxY55DtF9A4BZmhxp8nbqWm9UCw:12000000000000000000:OKDOT:OKMYTH
135pJ9RAKAQ2CT7LYjaLFvDRQroABk75d7in4rybsqrCtsBj:12000000000000000000:OKDOT:OKMYTH
13ig3bVFP7r3bhAshDmV7qgNLu9NPpwUCBJz43YVzHTwA9ig:12000000000000000000:OKDOT:OKMYTH
14ioxfw5u63aaq79KFgyjQKDJpiGPsw6f2JhL5mx81YvFXsA:12000000000000000000:OKDOT:OKMYTH
14DZJHn28bm81PwbsyQPACPFXFUjMYBA8MNsfCVqjGrfRx8S:12000000000000000000:OKDOT:OKMYTH
137ZeU6orTM9tMVX4orVyC2b3Ar1Kg9STm8wcwYyFVftj1ux:12000000000000000000:OKDOT:OKMYTH
1QcSskae8NLrUAns93BVmtCyT7UmgCAvuVaN2RKG5geghmY:12000000000000000000:OKDOT:OKMYTH
15DB3cwPDMNjw2UzpBGTgaP3XLY3XyGtAmv7mtRmD2KhjE7z:12000000000000000000:OKDOT:OKMYTH
14wGrw3Rq2aiLmwwxipgLixuqQwvb8aYxXhtHWV9NifNwBVr:12000000000000000000:OKDOT:OKMYTH
12ZYaugwGtgrZaTugGMW6xfHriGVfFkzbrkepWf2QtJB8gZu:12000000000000000000:OKDOT:OKMYTH
13bMyD9tZHtwRCQQvrmjKQGqJ1rBmERyLNHE8QBqK9UPTATa:12000000000000000000:OKDOT:OKMYTH
14NkGkpBN2EbYndBVbUtMotRTGTCwgFvY41Ays3UxJzGDE4f:12000000000000000000:OKDOT:OKMYTH
16AyMCxeCUAQRoYfh8nddFcLgg515RaJSwdcNV3TJ9UCuw9u:12000000000000000000:OKDOT:OKMYTH
14s6tq3UD6Jzug2FfK22aVwVPKQ4EQRsWjMVQACBfB3EuP48:12000000000000000000:OKDOT:OKMYTH
15PzgcjP2Cz8QFmFwmjYDk7oLSofMP3f1sps4KiwB3yqzvCy:12000000000000000000:OKDOT:OKMYTH
1kpv3fWMSCsC2L5TQkfSj2RNcg1zQQUz85TieTUQGCUgpwt:12000000000000000000:OKDOT:OKMYTH
15urCmbwk4xpgXbNrVeVdMGPA4KSSgsosxb7NWWekyfDqPLN:12000000000000000000:OKDOT:OKMYTH
1396Sc49EuC2eQbMXxazuwsP5xPbqvqQmynRBFmGwmurm7ss:12000000000000000000:OKDOT:OKMYTH
15cBZhmaKpREYP386N5Nj1mGJWv3uXhVqRLDFv2zK1MuQS1f:12000000000000000000:OKDOT:OKMYTH
12DxRxbkj5pn5ogxm2YHTtXBTjDmrAMTgpR4wBsGnhwS1eGk:12000000000000000000:OKDOT:OKMYTH
1NJuyMLxaPGwgE6Lcc5VsGxeSBCiDY6FzhMbxbJqwvW8yej:12000000000000000000:OKDOT:OKMYTH
14Uz5jdi4HKhg35mAb8bnkyYVLeNxr9GRyqScTfRN386xQJa:12000000000000000000:OKDOT:OKMYTH
13jagpFW5jee895aT9VYTCwgEcHdLtAboUwouf3u69H8w7Yi:12000000000000000000:OKDOT:OKMYTH
158daXprmLJBHjPWRs2XHkJ9suxkwDNP1rDcDmtuAbNWZY4Y:12000000000000000000:OKDOT:OKMYTH
135q7QiJr5FyUEzUZvmxSricyPZiJNtknSMnUoTA2oUQm6HV:12000000000000000000:OKDOT:OKMYTH
1WjAGsfFPUX3Z9e8UT2UKqMHHYLwiKRCD7mHp2wmvH2kvep:12000000000000000000:OKDOT:OKMYTH
129TCyzDEWihe5EA9KTc9WaZdHjYsGmfwYR1vv8hnZuBg2Wb:12000000000000000000:OKDOT:OKMYTH
1woQPHxdya6YRm1g7D5GbTzfSPuPh7wUE3L2snDbQWgT65U:12000000000000000000:OKDOT:OKMYTH
12wMgcncf14A23MMpwgVWVB1h4QgAHbmVMykmo1D5fKGqbSD:12000000000000000000:OKDOT:OKMYTH
15WveDLa49BYmbVnHMhstvFHA7aKRUgYYJZSE4iqhF44nS5V:12000000000000000000:OKDOT:OKMYTH
15eMKjP7XXwnP4xmeaNNMuMGjKU2N78m8cS5CCrMB4QQHpYM:12000000000000000000:OKDOT:OKMYTH
13bxyDvCiLSMbkPH94HRyuyNPtNjF7nQwU77wfitHjXs6Gy8:12000000000000000000:OKDOT:OKMYTH
13YdL9SzP7L7zZf9rCdiQTDw3D5qikLME2SqNNE6ynRH5UUb:12000000000000000000:OKDOT:OKMYTH
13Lnbr65MW5SAP2MV7UgftoaZG16RniWJ9DL9ukyoLzexya7:12000000000000000000:OKDOT:OKMYTH
12pNdB5k4A3qdkyFCU46nKh8Zn7ynvWPmKWvkZSrQX7hbTm8:12000000000000000000:OKDOT:OKMYTH
15njKSzAerDBFdsVMvGuHRPwVeLiwxVFUh6pcnK4oJJJiwuP:12000000000000000000:OKDOT:OKMYTH
16iPhzs8XqW7iahAawQvQqBtZmBax8FTCuaZz9RCThmPWnMv:12000000000000000000:OKDOT:OKMYTH
15KYdEwdsnocKwDf51p95EqEqbkeMMJnBTEJoXDq8PNdkVZL:12000000000000000000:OKDOT:OKMYTH
15mk67ojysPZPok2KJXDpqD4qmhmwuXjx3MikTh58WpEtwFz:12000000000000000000:OKDOT:OKMYTH
12dvcCkdKa3qeJYeqDpRaLnF3YyK2kNiL91oZFJ7uiUBQvw2:12000000000000000000:OKDOT:OKMYTH
1R7ADCHuY827NtZsai2KfK8FUy2LyFxXsvD2P2tPHHb6ima:12000000000000000000:OKDOT:OKMYTH
1VxWJ9NFHjKXeHifMpVuXwC3whocJ1dhn4eig6jcP9jMY3Z:12000000000000000000:OKDOT:OKMYTH
165MYEN5sFd1zq1TLYHD9iUvGJiMGL5BpbydwSkLH7LuhNEg:12000000000000000000:OKDOT:OKMYTH
157kuA2TQzyuDtuNpVBc5xzHzYMJikmKxTBnCfTMhsR2mmvB:12000000000000000000:OKDOT:OKMYTH
1erRBpZhVD6HeQiAxTHN1a9doxsC93pGHyqxuHaqDHepCjq:12000000000000000000:OKDOT:OKMYTH
13JpEMTdLhe9AmesBvBnkgQrPqaaBtwpWtQZN6Vk3EsMttcg:12000000000000000000:OKDOT:OKMYTH
13LBnVF8wgCY13cNCGoqP2aeGpZBFKF1cY8GPbp799sLpnuT:12000000000000000000:OKDOT:OKMYTH
15yvteRnhtmG5cKQbGnpRncYUYexHQ9JqUzGRSEJpCdMwMPW:12000000000000000000:OKDOT:OKMYTH
15t8drhMuPrTbwwxsqQpajkNWR7YeXniCWVWJ1996yevnXec:12000000000000000000:OKDOT:OKMYTH
158wZcrvLCsnD3PF8u57gJbSnFVpBq6jqeQ4crrYKni6rKUY:12000000000000000000:OKDOT:OKMYTH
1djH2cYWrdawvP6JwsTvmE1jb5xLgWQJqN21PfVRZ5tazhX:12000000000000000000:OKDOT:OKMYTH
1gcct3WXx2crBT5kZC6M2FwY4QJ4yR18udrPgmcKPxLLVse:12000000000000000000:OKDOT:OKMYTH
13CNg3biZhLKQiZDZ6ACP4ZJYKMriUQKzXVYkaZxabxCYsxy:12000000000000000000:OKDOT:OKMYTH
1K5gYjSZRXPNaoikR4D9UDBhwQXtGV8hnzipMsLbFSGbNtZ:12000000000000000000:OKDOT:OKMYTH
12qeMAfUNecPZHRBFhFVJWbuRNtDBqyfmgDMkdGq884DLraf:12000000000000000000:OKDOT:OKMYTH
12zDm44a4mxpcdRna8SbstW39VhEyhUa1bgNJse455ah1SMs:12000000000000000000:OKDOT:OKMYTH
13EYtP77sgGzr4ZTHXTUqXSRsmugh1v8YscdifE1wcD1z9WN:12000000000000000000:OKDOT:OKMYTH
16Gyy6fnPtd4dvcF6yJrD38fsxFxG65p9ggR5go9G9QyxsTo:12000000000000000000:OKDOT:OKMYTH
16T9Hfjug8kAmmUasF7WUwyWPEs2Fp772ySsRFGT4up4YKL3:12000000000000000000:OKDOT:OKMYTH
13kmPU3XKMehBAMC5Qs2fNZwrx38S4uM3B9jX12jcjbcK9pZ:12000000000000000000:OKDOT:OKMYTH
16HqJS5hNLm17sT53yPqd3SaYNUUiwd4ncvynbYLuhWyxjpb:12000000000000000000:OKDOT:OKMYTH
1zyHCLJUmGAsgLPWzMgf9Cn4sQf9J7QJkYhQiDKwk6KgCz6:12000000000000000000:OKDOT:OKMYTH
1E7pTSJQZTmRHFEJBvY1b2ZnuHqMMu3AkyAR97pjivVPQsT:12000000000000000000:OKDOT:OKMYTH
14kEVmQT7vTt2TdjGtD1VXdyGkYH9JxwkgEfdgRreeNNXFWn:12000000000000000000:OKDOT:OKMYTH
15QBKkxzuvXkzCSqK3YfXKuNV1PDBJcwLgTQh3fZUHtug1zH:12000000000000000000:OKDOT:OKMYTH
15zsfAxoztR96TsSBuTxERAZTcMgt3GmUKdmtQTy1Whp243Q:12000000000000000000:OKDOT:OKMYTH
124s1VedKAi8iy5RDZmqZi5VwHS48UaiUBnggcZxCMgGgoZ2:12000000000000000000:OKDOT:OKMYTH
157zCyevfXn5irhTRaDk73Scg5XuW1zxZkqsCTg7wZchbhpj:12000000000000000000:OKDOT:OKMYTH
12QtC8HoJxujmRsV57AnMnrzHADZNxSmuTCUBn6iiSa8K3hB:12000000000000000000:OKDOT:OKMYTH
15TaNeFb2ZgMH7NFzqPAyWjwMTLTZLk2zY2FNUGLn2deWDzB:12000000000000000000:OKDOT:OKMYTH
14rNpNty88qPXm973K1QkKoL8J17Ttxq2aXvseSrFzvDhVom:12000000000000000000:OKDOT:OKMYTH
1w5Q7eM5DZhP4JbgSrv3qzqLziqs5offRZMawu82LhVq3YS:12000000000000000000:OKDOT:OKMYTH
149UtkkR86u3Za3rretbU8jcbvGqSGrxnjFdnMu3eK8PRHTe:12000000000000000000:OKDOT:OKMYTH
12oqc31qv9N45nqNbYRCwTBWincDKsGi1J3K3MArukZN4j9y:12000000000000000000:OKDOT:OKMYTH
16YmHediaUGiVgJ6vBbuPvRtjZWPkKYhYVzanVZdLFuHRzd3:12000000000000000000:OKDOT:OKMYTH
14dLPoqwyNdbbqztW4ajpYb1K1HxrVfu6fVjUGZ2ZgST2Vxb:12000000000000000000:OKDOT:OKMYTH
13xHuw1i9uH1uRTXQADHhn4mPRo9z3dVGg44FYJfsh9i7BjL:12000000000000000000:OKDOT:OKMYTH
158d86z4PHRxJCmehFq7RrVYJ9grKkKCETig511xnbcr7SxL:12000000000000000000:OKDOT:OKMYTH
122mLeDRSmmpxjNg9myKh2QLmPSDmyAzjNJPu2jmkzEHtQJF:12000000000000000000:OKDOT:OKMYTH
15WyQ8aDuBzNLBELEmULjn6P3c9wnR6T9Xy1gp24Yhugt3tt:12000000000000000000:OKDOT:OKMYTH
16gWAT3hEdmPCPYiV96uFY7pxKpVihUMZtW5hPrRJHAFkLA2:12000000000000000000:OKDOT:OKMYTH
168MxMZg7K8LTWMqGbUSbSYKCEDD6b27EXg9yJbJSfdBfbKn:12000000000000000000:OKDOT:OKMYTH
1TYVjLLp66eanXemht6FnyyP7WzfZzup178UkyLAu5d2xYz:12000000000000000000:OKDOT:OKMYTH
12QLrQeHr6ZYFVLqTkkoeM8bmpYSbBt7r3dbMEryfTMiKxBm:12000000000000000000:OKDOT:OKMYTH
16bDMJ64gH3HQwhPtwCgqXZjyf8pawjtTG6vyhCtVMgwv6B5:12000000000000000000:OKDOT:OKMYTH
138kcC96gLQX2iH1JQ8NNFHcbYWYyBNEHr6h15k2n8AyUth4:12000000000000000000:OKDOT:OKMYTH
132aXxjpxgv2g4zVUBMgTkjEpuVB2fHNEEbUSFhARo7h4GBw:12000000000000000000:OKDOT:OKMYTH
15SGxRxqyrkLeCFm53DQezEbHXmjY1gqhrrFfHSHCcxfv6k4:12000000000000000000:OKDOT:OKMYTH
125HLJN222UhuCUpk9ZVZztxfnqBVTeBNYsSkmEf7HvvZx4N:12000000000000000000:OKDOT:OKMYTH
1Df4PReUsWvkTEisFCVygyGqH5yk6pP3K4RN7KqRHRFwkKE:12000000000000000000:OKDOT:OKMYTH
14bx97hupnoDDzEiHuKbQFjaBW5Bgka65hqZeCJDWN9stxMz:12000000000000000000:OKDOT:OKMYTH
13mWNxXZnKKkd4jNUmXBP3VrsB1EWis7QnLZcV4d7WFuw4d7:12000000000000000000:OKDOT:OKMYTH
159fCbH4ATjVNhPYUijydnQiGzDXr37rBNBxPaqNKCmNi2V8:12000000000000000000:OKDOT:OKMYTH
12jtqQ4zCWDWrkevwpnqngiHsr67tEfSpQ2Cb3B3XxHeVPUu:12000000000000000000:OKDOT:OKMYTH
12amsiMBvm832h2RwStvYxGc16fxfsN8Hh2H7mm76z6dWd2w:12000000000000000000:OKDOT:OKMYTH
14f3wZtoAwkJzP3aUtjixmB6dyPdD51DoD9nbHQA9Yvfbzxw:12000000000000000000:OKDOT:OKMYTH
1R2Ke9cta5n2Uko2WnjuqKYtacH5gAXjsS8TWm3JC7Ve39F:12000000000000000000:OKDOT:OKMYTH
1h8uXQGwSbz9tbCLUjg9zHkJwCiDNinNQ4wTw3jphm7B2We:12000000000000000000:OKDOT:OKMYTH
14KcfjBPTLJjN1Zx5LZZQ7u8oDnCSJ4XAoAeWzz92JvDVLCH:12000000000000000000:OKDOT:OKMYTH
16ZKYuFc3gx8tn1hu7SL6giAR2uF3mnQK16gehirbevbZ8ta:12000000000000000000:OKDOT:OKMYTH
14EGFTjhphmLjnKSbVqrPShMy2tnn2kSoSqvMBLAAhaFQ1Za:12000000000000000000:OKDOT:OKMYTH
131KQKrgjKdHzqRX462kM2GPQCagkf9rx7TW42tHo6YY7oxp:12000000000000000000:OKDOT:OKMYTH
144dp3mZQvVzf7b4fVV7fadH3dXd5VpLTpF1RBQrtU3o2iow:12000000000000000000:OKDOT:OKMYTH
13mW4SEtzDgL3s7TNjgYAwR31ZbA289pVeLY9XvahqdSDg9X:12000000000000000000:OKDOT:OKMYTH
16a8TVNcjuNFkMSk7wDmq8QPbGgxeNfAXcmSMYXVfFPApzfZ:12000000000000000000:OKDOT:OKMYTH
13XW97zKH13SW1c8bpkK85WQbmvUuU6Yfx59sY6TbVKNXnmc:12000000000000000000:OKDOT:OKMYTH
13erPfJrmgbSuMjxUi1vWRYSYivL9aSRVwRVrTqVaJQ7crRR:12000000000000000000:OKDOT:OKMYTH
14SZmANkPdEq91czPXGWC9o8GsHsjUVkppGVC3iqAtdyGm7v:12000000000000000000:OKDOT:OKMYTH
13mvnVEGHDFUoHVyjQc7FN12XQ5cdMTfpkBYKPSujMfWF5Zk:12000000000000000000:OKDOT:OKMYTH
16eiH4D99P3UQvcfWyYVVvBTgJAuzmrvKjpYWkrCsRgJVq38:12000000000000000000:OKDOT:OKMYTH
1qPHHErLa4PRnBBBHub1UymkWURWGV1bTPtao5KJm1RZuVm:12000000000000000000:OKDOT:OKMYTH
12YeGLXa6pqCoJzF6JFEuN7Z3Nz3gerjTu7XoH5puYwjdB1Z:12000000000000000000:OKDOT:OKMYTH
13WBFGJCFCcMo8UQ4fT17cXLHnBEd6qTapdPubPqSTXBDPcG:12000000000000000000:OKDOT:OKMYTH
15WGNJsM4HhfZ6HyydJNUs2ijRJ1GoEN9gXEVH55kpHqVetL:12000000000000000000:OKDOT:OKMYTH
13X8wLTcYjC4KpFKHKLNC8XKjFQ94uM4JrTjx2YdY2gkdjCQ:12000000000000000000:OKDOT:OKMYTH
15KmLPsvZN9kBNut3tiBMikjebb5FN8a7T7sB6x8UfwNeyDb:12000000000000000000:OKDOT:OKMYTH
121XJNp5YpyAYgnJ7GCmTNMmKzGonmG4N8cSLocdt1JepsH8:12000000000000000000:OKDOT:OKMYTH
14cdduPFiHw8qo39njA2RRtPKyMxknX4SHDTzu44mT6LstfN:12000000000000000000:OKDOT:OKMYTH
12X6vtiHgK2AkAj5qGZdsBR9jkU8kUpowR3ZtWF9CkKeDgnL:12000000000000000000:OKDOT:OKMYTH
13Z2eiWApu8ZYwtrBEPwWtpfXJmEWveq4VQF4tRMD2sVsa9Z:12000000000000000000:OKDOT:OKMYTH
15SuXxCaKNsUSYiU1y7HhP4Mc3StxeopA3K3d3EQ8NQXwE5Q:12000000000000000000:OKDOT:OKMYTH
15ZWefea6swz43VXKFSpHxZTqucysahJW4LNY4wm8VTqDd8t:12000000000000000000:OKDOT:OKMYTH
15GkeoPhprFhwztcfzuP3812A9BzgzxpyQf451doEKWBVeao:12000000000000000000:OKDOT:OKMYTH
15etBkgjGTkAn6FBYhq4549FMQBHbCnErnstkiDP44QNUGa8:12000000000000000000:OKDOT:OKMYTH
12QwMeXhiakyJnsPhs9Drjtcw6a4YfodBNtAqtdtWxJ38LF5:12000000000000000000:OKDOT:OKMYTH
13tRGhMTRx7CaNGzcQHEaqMP6jSeEo12gpjQyKtVtuoMMkt3:12000000000000000000:OKDOT:OKMYTH
1uJTd6cLwCsGYs8faHdkQkVc6E2XjjqGi2cp7aDpUYWF9Va:12000000000000000000:OKDOT:OKMYTH
122NtN6vvPaFPmBRNbPLyQfxq3FPbNHoi1sYGhPDT2rBhsvm:12000000000000000000:OKDOT:OKMYTH
144a3PMLSLnsciH44uygdKyZrCRVy8kkG5Us8f3pKxTrR7o9:12000000000000000000:OKDOT:OKMYTH
1CS14XAqU8XW6aw2E3j63Xm4CzVFbunKJ2dvEL1SuebWjnu:12000000000000000000:OKDOT:OKMYTH
14sVe4YNkdbdz5e6PpAkkmn3Xhr71SSBAgwdCgA27fRpth8C:12000000000000000000:OKDOT:OKMYTH
16HkAJ18gRne9wUhwcWbjmTHHeVWXcUbPNfV9cMBU5AsYZsK:12000000000000000000:OKDOT:OKMYTH
15wS4JNCShpvXyvTvnsiJb67a2jFUPKyvmuS9GJdPZHQzhz3:12000000000000000000:OKDOT:OKMYTH
15UeZ1ijTa8S8S3UjAkAVnvSq8cDNJdhafT4dT8cV8qwXqA1:12000000000000000000:OKDOT:OKMYTH
13gommmcQjaXEMkJJvxm2t3oFctnHcenJaMdALJ8RVnJ2Bz7:12000000000000000000:OKDOT:OKMYTH
13EN2Xvg5mKq3njj5CDLi2JLSJm4N6URP2GT1Rpd1LKTFuxU:12000000000000000000:OKDOT:OKMYTH
141CCfjvwXA4Z4t3oTt2GvK42TXHA1B8tCCaXhABASQ3V1Rc:12000000000000000000:OKDOT:OKMYTH
128mxLvS2Ct3Nw5QqsSsqXhJnei3PtDRvdR12DC8SJ2gM7mD:12000000000000000000:OKDOT:OKMYTH
16LEjJBnsXC74Xw7ppJDkMpPLKGoVk9tWBKFKvQr8NQbG6n8:12000000000000000000:OKDOT:OKMYTH
11B59scjSwiMEurLNM5ULA5Vf4dzMkCLsHTaSut64P2YiFY:12000000000000000000:OKDOT:OKMYTH
142hCukEpoWTmRsuxe6enDRP2WBMTL1a7oe6rkZbHAQ38cCs:12000000000000000000:OKDOT:OKMYTH
16Nt25MpdV1JRaEDUFv3GCaEVeCuhq6ADHW48uaSjCfsHUzq:12000000000000000000:OKDOT:OKMYTH
13dWqy17KmwbuyUHuQGfGrW4AfNSAANTDshzic7hVT9phr8s:12000000000000000000:OKDOT:OKMYTH
12khYPX45XaFmffZjBskM8WocH5FLvzxsjk6v9y8wKZ65MVF:12000000000000000000:OKDOT:OKMYTH
13TiZ1upt5VnkXFUCS62QKusSkWibwyyDWo142ZFi3Akxe9h:12000000000000000000:OKDOT:OKMYTH
14JDqyN12v1QN8UddhcLT8t9XUQTNSyp98LUYKWoJm6apNSK:12000000000000000000:OKDOT:OKMYTH
12jbruM1MKS6wZm2KdnuGZ22oJUZeP5x9a4qEf2ozZGhTHv5:12000000000000000000:OKDOT:OKMYTH
141Rvnwra6Hx9wDJ9rJtyWmZywh7pNCY7FiDeiBPm2GiLepQ:12000000000000000000:OKDOT:OKMYTH
1NJ5i1NRc5VdDztmcvKXd392rT8GJ7NScGJ4DLpfidrHPdy:12000000000000000000:OKDOT:OKMYTH
1VM3EbAGmTaeBG9aJARKcZQbQQuDn6FKWw3uUb8u4XpQMn3:12000000000000000000:OKDOT:OKMYTH
14t5ZSFmQSY34zy6wreJiNbZNArBk8fpW6X6zo8MjeqkDDkp:12000000000000000000:OKDOT:OKMYTH
12m2fcQpSwe7pEsn7eUZcihe91xiFgHPBnzezGEwQZgtPZNP:12000000000000000000:OKDOT:OKMYTH
16S6oWujeskqns52r2TkmjYUASmW5DyauyWn4NgkjFjX7RDK:12000000000000000000:OKDOT:OKMYTH
138vU3tpFFxhYNGHRAxHa5tbZ1734cdgtCCGDXFn8FmUtafz:12000000000000000000:OKDOT:OKMYTH
16C3mB3oQas73DweU5An2Ny2M7yivVG9L1L2cZHFJW2qnSF6:12000000000000000000:OKDOT:OKMYTH
1hWyx2UtNCHiYH7wkSgp1qAjpNdXDhNZECtKNDNNBPEV4MJ:12000000000000000000:OKDOT:OKMYTH
16FnXiFFX6sAxeYRJAvp7Na7dwATzPSbFfWhrc4Nf3nB57gs:12000000000000000000:OKDOT:OKMYTH
15k4UF3DcoFbUhRwtpXDFs3CS74vNFLZ6hpEttajA8cqrTaK:12000000000000000000:OKDOT:OKMYTH
15iXcuVt3VvxCNEg6JBCZjjSts58qN6wBrYJKvrMzAnXJnLm:12000000000000000000:OKDOT:OKMYTH
15vRXQaTADfzaNJ5yTDopKChhCz5XyLQjxAAJCLmXZ7L3ZTz:12000000000000000000:OKDOT:OKMYTH
15XjC8B9xbohfhADcDtC29PymZHvWqZkv2CdrDDWr5mshYND:12000000000000000000:OKDOT:OKMYTH
15vejKCoZVutCziwY8F5iqU3MYdWeb5eHRwM4AV2QTJDLbiH:12000000000000000000:OKDOT:OKMYTH
16SbcVqtjUun48PpvVQPDJosX7T1yzzosYXwWzE6RPdftmu1:12000000000000000000:OKDOT:OKMYTH
12JTHPysYGxSq9Fjxm72A7vUYWghpvxHqMLyrcar395zEr7t:12000000000000000000:OKDOT:OKMYTH
1LHrvdbDSUsVqXXovytKhDnS4Z7PQDK3bU7QdxccHbRbm6V:12000000000000000000:OKDOT:OKMYTH
14aeTPt8U1vV4eMCK8aRqqXhfdT6khqR8GpyX2UBmvdsbPUR:12000000000000000000:OKDOT:OKMYTH
15SQcSaxxvTbnSeWgqJLvkbgpNFu6Ks8SxVB6qPQJ5g6Q53J:12000000000000000000:OKDOT:OKMYTH
12oSrVz5TKSG1CdGAvBNsGb53U5ZxAfseJ5wDY1r9XVpcvKR:12000000000000000000:OKDOT:OKMYTH
1NBRZeLNaYQy8vAfF6A1hsw2ZAnqiJAuEgACWJHVUFTZFUp:12000000000000000000:OKDOT:OKMYTH
16W7VREGiBGi13UiUu9jyacYss2zhZdEArQMcfUmwKqNT2bv:12000000000000000000:OKDOT:OKMYTH
164Quc9gPqU2qpPnUjYmbDTz2bmJy2DCqWPex8Pk7Wiqm1jx:12000000000000000000:OKDOT:OKMYTH
14ye5nf1MPipaad7kxwmVqZ7ptWEhnLJ8ormwHC5vaV4MZzJ:12000000000000000000:OKDOT:OKMYTH
1Z9xsg4rUgvqCFoKBFRnFgyUczBmjy6n4pSGdnunwtXCFYa:12000000000000000000:OKDOT:OKMYTH
12zihr9aVzU26JzWD2px7HmTRaKiRB5sBk63aU7azrFd1Yf5:12000000000000000000:OKDOT:OKMYTH
12fUMLok3KEbQxpn5s2e8vQKokNG1AecfpaT71gXhdSBUxbb:12000000000000000000:OKDOT:OKMYTH
1k3oSpHrdRG1z48tjTw5iKn34c1aZdrzqR8V8Zds9Trmusd:12000000000000000000:OKDOT:OKMYTH
1dKKcGj46YoYpiPmqFiAXtbmvFDFabm1LQ5fb2fBrniSMSv:12000000000000000000:OKDOT:OKMYTH
146UDwKRyF4v2khuMuw6A4QtAnG3PBRX3aDYcFpFWaDQdTaP:12000000000000000000:OKDOT:OKMYTH
13Zd3Ab6tGQkuBwqa2tMKg1RWyd1X5KWLZwakCgAoAnZ9Emx:12000000000000000000:OKDOT:OKMYTH
1678tPXvDYAq7gMzSHnUgHsxHdcZbywRqN1V6mpawkYfms3D:12000000000000000000:OKDOT:OKMYTH
1nLC3iNfQqG1JHFMUQgL2aUovbu61SLp4rta1np4YSR5ZCy:12000000000000000000:OKDOT:OKMYTH
14JcK7KeBxnJjfVbZnE36Kt17x8tyxt9QA9bSm8rYLKvRmQ7:12000000000000000000:OKDOT:OKMYTH
1Zbinu2o28GKPeE2MwHoijuE1zeQc6SeYkgu6qtyRkEofu1:12000000000000000000:OKDOT:OKMYTH
12E2qp9uWrsUfvzAXqExPdfjewRDDL8mJJehKmkGcGcRrG3f:12000000000000000000:OKDOT:OKMYTH
12gDMQxUxSaxKo6fBaUHqsBHrnagRUkHbWYDoP3PuQFnL7mA:12000000000000000000:OKDOT:OKMYTH
16VjvX8gLRhvzsboeohNNrK6pkKHMN6yoFR1yrko5VAuooHN:12000000000000000000:OKDOT:OKMYTH
15UgXg4i1nNYhtENWxGEsoEC9TPiNxtmMcpxyQexhhXVqDVe:12000000000000000000:OKDOT:OKMYTH
12aBdwzZFaxbYQDnoFZZW1Q5Zjs7SCHJKmqqcXRVbEBmbn6E:12000000000000000000:OKDOT:OKMYTH
12pj4LbhjNynAhfi4PNKuQRVw43VYBvL6Q7nZSVRPyx9PcVR:12000000000000000000:OKDOT:OKMYTH
13EEpoBPiEbZk2m9tANkxSGxwek69NNr4iGjrUyTah2WhBg3:12000000000000000000:OKDOT:OKMYTH
1jCDqJrKCBYzDeefZNG9VpeF6Sz31pnsnoAagRhfYBdBS6C:12000000000000000000:OKDOT:OKMYTH
12GqDtK18aqU1VLhVMRkbP3X2oMNx1xs5NsDbsXUNwobB3qz:12000000000000000000:OKDOT:OKMYTH
13nbUX6Ad3vaU983eLrdZkUW1ueULLZY4coTkDVV6VhmzJ9X:12000000000000000000:OKDOT:OKMYTH
1BYGk9SKakKbXbruE52u51nQiRC3F3KB5N726aibrUA9PJe:12000000000000000000:OKDOT:OKMYTH
13Aym3ES8FPb1PjMuz7UqoZLvVS1vpUKFPgN5ZUeMQeVtM5g:12000000000000000000:OKDOT:OKMYTH
12EZ6HQVYMYPz55mWMmP8vfy2sb1MnunNrpCs8z5ceUUqxHJ:12000000000000000000:OKDOT:OKMYTH
15NhYPJbWDU8Vb4zUPaJ2rvo5TT6G8kDP8B2VhtU78iUhfa8:12000000000000000000:OKDOT:OKMYTH
16MBvNjTp7nfuPf3iuW8gzPHntqEqEWkYpQCaMsFiDDyboYu:12000000000000000000:OKDOT:OKMYTH
1Z6smxVNxo2d26Ln3DARsXx9eoDn8JRkTVCYnVfD5NHoeD8:12000000000000000000:OKDOT:OKMYTH
15AZGTAtu2xTqoxXRNPR2hEfoskDoAfy7DQvddesC24vxGiw:12000000000000000000:OKDOT:OKMYTH
13u96eBnyrP9iR5BJnbbar2cmpX8b25B5GYF5FVyuEstuStf:12000000000000000000:OKDOT:OKMYTH
1t27srSAYgxP2XAxE1YRZjRuLifXHeUYoWX8qkEsfVxJbpk:12000000000000000000:OKDOT:OKMYTH
124fN7AvDsZ3hEZT7nhmTagDBAYG6K2zY6XERvF1PwtJjTof:12000000000000000000:OKDOT:OKMYTH
12W25xWxBug79KYQ1jumahEsEyFMJAmDUGv52VFedX2XnR4G:12000000000000000000:OKDOT:OKMYTH
13EuTKyHX67m3skDWjBjEVPZeaJjtVEqUnhvgCGz3FTpZ4u3:12000000000000000000:OKDOT:OKMYTH
158ivUS4JZ6xV5PwrsSAX3Zh6yPgfwza6xFseKb8adbpAKb6:12000000000000000000:OKDOT:OKMYTH
16Qun98DAmPr1R7PDAzYHQxAtAVmrQAtUeC7FgDj8UFRdJU6:12000000000000000000:OKDOT:OKMYTH
15zocCEqqtHuek4jRW3FrbovpGqv7kY2itUw627aAHoYsrfu:12000000000000000000:OKDOT:OKMYTH
1hNftxEiK2a7ZpprQkGnZUyx3zcnmSep8sSm7y3U7P8tiL7:12000000000000000000:OKDOT:OKMYTH
15zEy2ri6fscKtMhUjurJ4WzksSeAcCtMuKinpwtKyuRmpJf:12000000000000000000:OKDOT:OKMYTH
13cwibLPeLfsK5J9nVcq7grgLrsW9dGFjo8eVTixkSkfzqaz:12000000000000000000:OKDOT:OKMYTH
159118U9FKue1y9uRo6XhpqMxKedjo6q9v1YusQQ3Eu8AbmD:12000000000000000000:OKDOT:OKMYTH
14FcCJeLdPDQjv8CFFaindmb3re1NjUDStnU5nSeYigHw455:12000000000000000000:OKDOT:OKMYTH
13mqEWbpQT4HdbpNgcodoBhoZVfCuBJVGuP4N31h7GCSmZaq:12000000000000000000:OKDOT:OKMYTH
15f28KnQcuaVABFyB636pYKaNMokPDTXQ49t6mYjdqzmDGxV:12000000000000000000:OKDOT:OKMYTH
123QCCG83KrJZV3Bk27k47WtmvhbjXt3TG2Q5T9UNcoXA7u2:12000000000000000000:OKDOT:OKMYTH
16Hx95Pc6pdoGDrt7JoWVt256npUagbcXtqkkDq96LmeYMy5:12000000000000000000:OKDOT:OKMYTH
13DyhvZ8ejuL1aGLZfaZoo45rSZmXn6vnNeQtUt7SVVr3ze8:12000000000000000000:OKDOT:OKMYTH
12CCyww7eQ5J8uNeYteW5ah274UdKrJPmdUC6iaGJoY2DPeB:12000000000000000000:OKDOT:OKMYTH
149YKD7goEXoPxRknJZno18Kh6KEqWe5SwtktvykSSV1MBap:12000000000000000000:OKDOT:OKMYTH
13dVwhatsXPuYhpQJ4SNrvBuSEgsftmsLi8pQZnTXDtMnaA1:12000000000000000000:OKDOT:OKMYTH
16f5p1kdriK7qYwX7GQZPek2p7PdBDQ4P2hUSzrEoWhavoKh:12000000000000000000:OKDOT:OKMYTH
13fm5Qv7S1u4amvuLkkmZMg4Y3J7nu3tZb4tABivsiRxwWLm:12000000000000000000:OKDOT:OKMYTH
13eRTJFxxh7ESH5oDUBp8uztMRFTiZPgPLAia6GcXJPRiF4x:12000000000000000000:OKDOT:OKMYTH
16C1RZ61u7XCfgsB7zEQb1GsWKNGn8ojByw61HQSc8Z4vQqY:12000000000000000000:OKDOT:OKMYTH
15i2Ju953hqkKNC347x4eqJErrK5SM63pRrFLz8KLAByDSCF:12000000000000000000:OKDOT:OKMYTH
14Nw6Z4qY31v57xP8YZzMf1dDqcxpa2NMoLNTkmimaYeeMAc:12000000000000000000:OKDOT:OKMYTH
1bkngiCSpwipk6rtyQssKXkML8C4hRWEmXbyAejDW2UotDv:12000000000000000000:OKDOT:OKMYTH
15a59WxkiJMoL3kwVU3Kez4fLLPpfp3689zN2Tc64LJqaHUx:12000000000000000000:OKDOT:OKMYTH
166dP8iHbVvdsvYZqhnRyY1LeSf1Cto2J4KtwquwrNUAApvk:12000000000000000000:OKDOT:OKMYTH
14zN29Hj1iLv2yLxTPLd97MVmoFaVeuCJUPoVBFjbVDEv5zw:12000000000000000000:OKDOT:OKMYTH
14D8oQ4PM3FxefPss2Z9DxAirgjT27CxPNyJiUVMiymTX8KL:12000000000000000000:OKDOT:OKMYTH
16QPUc4Ggo9jBJ5GF5q4gnR9XNLebgf58XjhqPQKeJajv1tN:12000000000000000000:OKDOT:OKMYTH
13ztHh6JBK8DsBk7tPzWvSsLWpXrUC3uguct4BfXb1MosHuG:12000000000000000000:OKDOT:OKMYTH
161vuqggzQLH1Boc5bpDdCvky8KD81KHpCMrWGUpdTZVe2WZ:12000000000000000000:OKDOT:OKMYTH
16BmtKLKiHHTT61bVNbpXm7EvZogRaexQSoRRxcmLU547WeR:12000000000000000000:OKDOT:OKMYTH
181qfWfBKKkMYHc5xyExfnu8TwPXxtdDG1DvvCuLKu2q13P:12000000000000000000:OKDOT:OKMYTH
126RHL5JojWuNNKhUKZRbz9mh76h175Q3FwvqF1ArjtvbNv1:12000000000000000000:OKDOT:OKMYTH
14HNQVMNWT5wHBALTBk2teK3vRYZMvD7gzssq1D8miAweb3T:12000000000000000000:OKDOT:OKMYTH
12y9hyutW6z8DyaieipGt9b1ibtAkvyv2nAkAYk5uDTWtb1B:12000000000000000000:OKDOT:OKMYTH
15Y4AKGd3N9BtxX9cx5SFzCjZzVBt2LAs27bn3hsodGxuyVg:12000000000000000000:OKDOT:OKMYTH
12trSutTHpvzqpr17EvtndWxCeMuBmWkTc3b1ztutsVYWw4y:12000000000000000000:OKDOT:OKMYTH
1fL9Noq5iC7SSufsHFfTRGpeaFtJt2NVxRtFKmcvcvBFyNQ:12000000000000000000:OKDOT:OKMYTH
14awtde9LdHUSkgFj1o5QiAEQdA2sKA3CTzT1NQBubEv8eYq:12000000000000000000:OKDOT:OKMYTH
1uqCt21xjkHRfABytWLpgXqhKnUrEr1TmsHjnoeVchhsDTz:12000000000000000000:OKDOT:OKMYTH
1KDHvRBYMDKezkDdTjiq8rV6HfVx4w5dkCmtfw6kgf5RLpi:12000000000000000000:OKDOT:OKMYTH
121XmiHD84JcPLvPKcxHuPYutnCEXA47bGTXsZrfidTDApCu:12000000000000000000:OKDOT:OKMYTH
12QUxpiix8p3YfsGfAP6yUj43eQTBbtbyLZVK7tKMZ6YKutf:12000000000000000000:OKDOT:OKMYTH
16CHzCkgndSPruD3U9zD5hWCVBFqbpZpXT6PnC1JiKUtJwGK:12000000000000000000:OKDOT:OKMYTH
13Wdg4TkLYeEFfjHFd3oJMKjNC8YPn7a92sttoNfJT27US4:12000000000000000000:OKDOT:OKMYTH
15ZuGZRqHmYUQUYk7gRQg9snFa7XPHK198vbgXAB7y8xKExW:12000000000000000000:OKDOT:OKMYTH
14AqhUJPDv4PNMyfTSipuCe9iH1BwGQD5ZKimEXmJsw6UXQz:12000000000000000000:OKDOT:OKMYTH
12EC99HpNtkybHVJwdMj2Vt3WRUWUnDY1wK7bvCirowr93ep:12000000000000000000:OKDOT:OKMYTH
12bgrXJTBw1zk4nMGw2KhRGkuvRCrPScVtJe1RYxE2VvpA5e:12000000000000000000:OKDOT:OKMYTH
1aMpvMuuQzBXt4Ar22wHkQzC1XvRSSvsqi7JtshPngEZMGU:12000000000000000000:OKDOT:OKMYTH
15Pm8zch97PdKC5wrY5pWknCDipVmhSvSQjmebBBSgxcd6Ji:12000000000000000000:OKDOT:OKMYTH
128AGaXz6zwtY1J38gwPoFCYBpYnTGonr76HTd5fNMdUkktr:12000000000000000000:OKDOT:OKMYTH
1228sqaEyqFEUy6m1TgdQ5Yu8DJVa9ApTeaGouEb9trfep4q:12000000000000000000:OKDOT:OKMYTH
13WD3PXDkeuNXEaYXiS6LCxEg895BGp3BSMAvymtbuuQg4ME:12000000000000000000:OKDOT:OKMYTH
16ZnyEMQVn2HXoQet2NRpjojCkgMkPbUsVnazwHUnTXQSW82:12000000000000000000:OKDOT:OKMYTH
14Xp1sr9YXtMNuByorkm4tkJPAKp96TdfGat49DU2jR9uJzc:12000000000000000000:OKDOT:OKMYTH
15Rs9jhAxWDScvXK7eb3Z7J5ZR6GoPdAGFLSPBJ1AQbyt8oz:12000000000000000000:OKDOT:OKMYTH
14kZxPTMvVRsFE5dBQWzuU7mVUwXq2wvKGqtABdCUeGDcxBD:12000000000000000000:OKDOT:OKMYTH
112DuZ5mRF8sWEHJRsYXw7JB2cTxkhasS7T4yHHeL6PYQRgJ:12000000000000000000:OKDOT:OKMYTH
146qNMFK6qteHHDXhwfU5yGtC6BqCW1P9SKcKY45NV5FTEem:12000000000000000000:OKDOT:OKMYTH
15dHRvY4b7rSJh2yYLSLzwJ8dJG6gZnVQcNTMaqMsjn2NAt3:12000000000000000000:OKDOT:OKMYTH
12AoZcp8MwwHE3JxToW8Fn96hDFgf8rftweLCWRdPQ4Fp3H8:12000000000000000000:OKDOT:OKMYTH
15LjRXn9fM8SHJKn2uxfQmAMcaR7K8UX2TyXYV1s7AYvjJiV:12000000000000000000:OKDOT:OKMYTH
15oqbPYg3BkVqPZsb2Ybsf8d1SmiFtAiqBmKh2Gp9VN2JeDG:12000000000000000000:OKDOT:OKMYTH
12pPS9UkVV3K5x1sR9oru5WKzkde3BqQ4q93nQnCHArh2ttc:12000000000000000000:OKDOT:OKMYTH
1RqyMnLXk6dCSy95Txc1qaAuTT8RMDSP2VtyKiXmm5FAdB9:12000000000000000000:OKDOT:OKMYTH
16hm3BF3EY5vQn6L3mRxh34oT2Av5tcoTzXBVcrCZZ5e168U:12000000000000000000:OKDOT:OKMYTH
14rTPZ1ZspafukfEm4SUZuw5XoR8uVvhaRdyTDjtgmpioVtg:12000000000000000000:OKDOT:OKMYTH
13wbgqbiPXnhZaMzk65KUWnTFiWqAeDUBxsswjDzKBLtiJ1x:12000000000000000000:OKDOT:OKMYTH
12YtXKLjRBiqDWiuPpFQtXhbipfN5potLAqzEkUWDdteaPda:12000000000000000000:OKDOT:OKMYTH
12QP3vdwx6SvznPxfkiKy4jwGS7PpfeDssfUnGvKPZ1JUpDN:12000000000000000000:OKDOT:OKMYTH
12PdDf5Cba8tvex9SP4gyHACT5Pq9GCWAyZqP2kCAjRdQQu2:12000000000000000000:OKDOT:OKMYTH
169BD4dr2EJKtUMPXkoqXi1tbYKp4C4QmyrxXqNe9HBXsFgK:12000000000000000000:OKDOT:OKMYTH
13rT32eajJafZGep4TeWmfbbqV2HgJcmST8Xewp1W2gMJuH9:12000000000000000000:OKDOT:OKMYTH
16gxeNscsH1U2ZVMmnj6nxjLoaM5gS9ysEmmiwDkwdyrcSNo:12000000000000000000:OKDOT:OKMYTH
13korq3kEp4K4YaxZcWnqjVuxHE7XaERygq8ZHNB5p2aVh6k:12000000000000000000:OKDOT:OKMYTH
129AdBKECFgsVzSm4o2CknpuKMAvpybYxx5Sbvd8wnL3zwjq:12000000000000000000:OKDOT:OKMYTH
13Qw4t2jJAQXwHwY4JVWMHYauG9tosKqoXqNaiAPEgKQugHP:12000000000000000000:OKDOT:OKMYTH
11219tFBcUNY79pKZyDZKYiMkjaqHc2fS3KFrkzJ4gQEoTzV:12000000000000000000:OKDOT:OKMYTH
13B7fMScekQ2p4q4mZkZTKeWG8Anz2c4iuTjF1roxJYn84wH:12000000000000000000:OKDOT:OKMYTH
14WsZgfKQzJut1rbb5F8ARuUDKWHrhmE6qFH7p5d9t2tEnrx:12000000000000000000:OKDOT:OKMYTH
12bV4jg7Ug5B3booWdTp26zGLHMZTz9p2GfMiCkXoih7nrRj:12000000000000000000:OKDOT:OKMYTH
16hHynsT8NpeCCb679yijcWtMRgNBJc6Up13zQSun1rnvVmV:12000000000000000000:OKDOT:OKMYTH
12ge2SBp5HWeXtt2xJ4DPXXG3WjrHvn6FqqGwucbTjLbZ7m5:12000000000000000000:OKDOT:OKMYTH
1583mvb386vhyjcW4WCrqMg34MnsPqBpBZFGFxdd7TupBWGt:12000000000000000000:OKDOT:OKMYTH
13QtbYDiRejJ7okEQfFtkHwUrDmpP84HvZgTFKPiZt1yAFEG:12000000000000000000:OKDOT:OKMYTH
1nnDSrwC7kGjjzf733EZ4yScULbuLmwwkQxQvghkHqGSm3X:12000000000000000000:OKDOT:OKMYTH
1b67PG9NGKr8xdAMc4qQjP1QVsn6FNxLfZZXZ9gZn2H5chY:12000000000000000000:OKDOT:OKMYTH
155FjBfY3yKWNYrxMdhejCqammaZ9A5fngjNnJ4RetRSwqU7:12000000000000000000:OKDOT:OKMYTH
13NYyBR4CSLixcezHyPsxUJuWJDKnXwgvXsap3aAG7pdFH42:12000000000000000000:OKDOT:OKMYTH
12TncUkuAcFWYAbGXVyWnbbzffeL1EB1B95GqXPTCrqSvYEp:12000000000000000000:OKDOT:OKMYTH
13Vmtb9D1L3Gw64KMTWrszdKQHpFSjK4SxqU3yB7Z5W8JvnV:12000000000000000000:OKDOT:OKMYTH
12d75j85suSrTcBssnoppeDN8qKHZvV7reWx3GvHN7JBswVw:12000000000000000000:OKDOT:OKMYTH
14mV23Q6UJPxNEpK1A86YeBZEddo1LrF2ucRhF9ZV39MQZWa:12000000000000000000:OKDOT:OKMYTH
1527GupWSZj8B9spwAdeWM2vARSw6M56dciWcQN9ZUvhQsMv:12000000000000000000:OKDOT:OKMYTH
14M9K372DRM6kjBhp3Fg56r5FMidRo6eYJsZRcbGd9zEDkrr:12000000000000000000:OKDOT:OKMYTH
15xJEHN2HizsRby8oXmKqcFbxixV4XbjWhAZBk7q43PjMVSs:12000000000000000000:OKDOT:OKMYTH
15sjAfJiKGGiDzx5p4yJkUDwajSb3LRtQbrbgsX2ezmAqSNc:12000000000000000000:OKDOT:OKMYTH
12izJJrr6ZJ5219vkQtP2aZcwStcioobgFixC8jk2WchavSj:12000000000000000000:OKDOT:OKMYTH
15NEsfN3mBteLdtVeMXbGVudL2TuLbqdhCD9pXBNGMDVq3Sv:12000000000000000000:OKDOT:OKMYTH
13J7KjDywmFn6no61t2xmQq6geeofpL4hKzkBgzKU34R5LH1:12000000000000000000:OKDOT:OKMYTH
15YUgaDFdtKdG7T1E2B7XiD2BxvGJyq482PzzDpspJzQbFs4:12000000000000000000:OKDOT:OKMYTH
135EjbcxtJYgFEZZnoCDXc8UnnZ8c9YpudqfcXMk21QW4u5Z:12000000000000000000:OKDOT:OKMYTH
13Az4b3jE1d2Gu4bua7PGDccENVnUi7wHm2BLAcMvHbPEVAn:12000000000000000000:OKDOT:OKMYTH
13qwQBBMaVoFMwynGGWmxvkmvHaZUHJhP5u9m1Leqh6uMEA4:12000000000000000000:OKDOT:OKMYTH
14L8S3KQk4JiQDEwAv6S4HcMNmX2uhHeDer21BRc2f7Gaca3:12000000000000000000:OKDOT:OKMYTH
15QTFSjmXnVz5haFMFFd6oaApmW5EwBJRSDF8aPP8Vj91aH9:12000000000000000000:OKDOT:OKMYTH
14q2yonZkPU87o5abu45i5pR6U9HETK9mx6J5yCikY1GCKna:12000000000000000000:OKDOT:OKMYTH
16cgT6EoRf4ApTiagwPe7SmQoVNf2iMFQT2Dh5Z79rrSPcEs:12000000000000000000:OKDOT:OKMYTH
14iqmb5kagT4mAW3pHWH65EySSGDKyUmdmcSeNbbNzdMvrAh:12000000000000000000:OKDOT:OKMYTH
12eaeBTnoLDADBStCvimkknSTVNKD53M96dUi8Kt4t6yec8E:12000000000000000000:OKDOT:OKMYTH
14u6q2ArnxAFMsAvWQdU1Q1519v3XXCNkLwTtK96RCkQPan5:12000000000000000000:OKDOT:OKMYTH
1PMhPivR3hjGHpG6FmEPLXREMwaxuQVwamefKndG6GzkkAg:12000000000000000000:OKDOT:OKMYTH
16c4ayFtRA9Y6EEQS1Q67R7jggHLPUiWawhAxRRJLPWQLazS:12000000000000000000:OKDOT:OKMYTH
14VsHbTXpreph2qHFz6CLTuVyhRXTnfSDRbpdL3oioMf1yyY:12000000000000000000:OKDOT:OKMYTH
16TXjRDgNsHUw3v2SyV1RpAt1PriC1r1SczmVthgLKsjTX23:12000000000000000000:OKDOT:OKMYTH
16ev8gM9CYwe46H1cSpvvdErMs3GjKRTfHGM7NT6Y4kMjrJH:12000000000000000000:OKDOT:OKMYTH
1pPmms9AUu7RHmEX3V8u4XPCTkXNmAreVgcwzCxBWez8A68:12000000000000000000:OKDOT:OKMYTH
16eCe5ykfoobndN15hEYivJXLpLhkadRF3MpBUyRGNuNaJgE:12000000000000000000:OKDOT:OKMYTH
15qFNUZG3anmmb5QHp1Aim3qVNExHTLqrnfYVTvgJZFPEUyh:12000000000000000000:OKDOT:OKMYTH
12nfbPjpU3CpULTkiZ2D54FXegyznEJYvdqz8nz3T7LHEwBi:12000000000000000000:OKDOT:OKMYTH
14gHg4TuraJGRQ4zykb69gECUBFLdoctPw4upMXy2CnFnS3C:12000000000000000000:OKDOT:OKMYTH
145wr1anWJpUKKsooxHhsvDg6L2mvvTptHXWrSuStGvxzkHh:12000000000000000000:OKDOT:OKMYTH
1569RTcJh9x9q8xvaXMzVpyduppsZgE31v21b1q51Vfuq4WH:12000000000000000000:OKDOT:OKMYTH
14PBuA2VSV4rs4tsyrHFagk1ZEbxpBPs5LPGzZ9XinSkZfus:12000000000000000000:OKDOT:OKMYTH
13UEkYVrGRhSjfjN815SMLHAVTdQUHr1XC7ostLoNymFQ3Cd:12000000000000000000:OKDOT:OKMYTH
1578Ew2NyNDMpoWJMgXEyrGULdUQWPYW9AVJ8JfcZDvCcGqG:12000000000000000000:OKDOT:OKMYTH
1mszaBdWbq1paUavh3Ce59AtnZcpowShf1c3CfNHm9XohG6:12000000000000000000:OKDOT:OKMYTH
13DCzWVe7nA7RgcJXP8CNs1GV37T4k2nUVVBq9U4U4H6gTrN:12000000000000000000:OKDOT:OKMYTH
1ph7cAMDFUF764XEFFLsbEjaiCxMPmK3ciHMvFr1QBcM8Zw:12000000000000000000:OKDOT:OKMYTH
12mk9ReS5zSkJsfDmYuuyNVpF5h4HXRjVmFJzipMCZzdasfT:12000000000000000000:OKDOT:OKMYTH
1WMfJNeaXdeeRJwpP43sivZJqHUV7v1bRrKxz71fbfsBtLL:12000000000000000000:OKDOT:OKMYTH
16btrJcVEdeh6abRWrAgWtS5M4a1xsoj9v9u94NSJR3ZUyu5:12000000000000000000:OKDOT:OKMYTH
15CP8Gb4L81HMHacdQf864CnntrPXGzUe68B4wE2GnE58TvY:12000000000000000000:OKDOT:OKMYTH
12sJpJ765oCW7xesNWrhNKLRA9uUYGynoyvztAGHU2W5p7Cq:12000000000000000000:OKDOT:OKMYTH
15xFdjvftqsALfWJnyaU9ndscTKzHWVChSELUJBoUGKs87xw:12000000000000000000:OKDOT:OKMYTH
13NCLd3foNpsv1huPDzvvfyKh37NEEkGFotZnP52CTR98YFJ:236000000000000000000:OKDOT:OKMYTH
