14joC2HAjaGo2rYFgs8yqgqtCEAxSqbpLuDEpyakCUDxBSan:12000000000000000000:OKDOT:CHECKMYTH
1p54EcAgRN28kp8DNLvDXEyQA6WzGMXp2p48L9L6NdYZGQb:12000000000000000000:OKDOT:CHECKMYTH
16Fx9jVDJnRCghouwBEQ82oGYRmXnc39wnVKKAgi5yL2vUmV:12000000000000000000:OKDOT:CHECKMYTH
15HgvCciuyXYLrX7Rj4zWVyuVWoEyEAQ7b89ARWPiHpjDQS5:12000000000000000000:OKDOT:CHECKMYTH
13PztQrhrN2r6W6bBiaMmUicDJqjNc83fzbVKSgDJdDdQ5aU:12000000000000000000:OKDOT:CHECKMYTH
131nUMeKz3YExSLZBnj9KxeFno1FscqDiRrLnk52pGrPhMQT:12000000000000000000:OKDOT:CHECKMYTH
156k8akMCJBExbRbwaUPzFGYrdHRogM227872ZEHB6xiaNQ:12000000000000000000:OKDOT:CHECKMYTH
164t3wrfNetQquGknogK9LrKXbBLiFnFcyv33ud9GnGzkPfP:12000000000000000000:OKDOT:CHECKMYTH
16nbtBhWFjFLXz5kt5VjrLnh9MuLEGfumRxFJWTuRFcHCiCf:12000000000000000000:OKDOT:CHECKMYTH
13euCeGzgwxv1gqG6UJpQcbVmZbUqGiSvV2eXNy3Ga5d41Qm:12000000000000000000:OKDOT:CHECKMYTH
149VrecUka7J2Lrf6ANEmhaAcTEWJcq9Q1zH41jQCmGHFCzE:12000000000000000000:OKDOT:CHECKMYTH
16Xj8CdmkUQ6cqb6dy6x6GDnD2vczXtJj3V6HmxCK2Mivkye:12000000000000000000:OKDOT:CHECKMYTH
12ofWdaQCujjQ9hC1SHhTvhBSYeSryxhAS74MitdaMvKCuvs:12000000000000000000:OKDOT:CHECKMYTH
15QFs3TiWyz9fiiUS8Y81xP3EciEektFnyzqojbyQ8pGTUYA:12000000000000000000:OKDOT:CHECKMYTH
164p1bnZq7RU9HuCpLYtywoLdm4ufqRQLzNBTsSckcUTHVBk:12000000000000000000:OKDOT:CHECKMYTH
14hjXAbVpjf8iqsa2S4bSYuAkzvg9HT3vU7xTrNi4D64rsvc:12000000000000000000:OKDOT:CHECKMYTH
16MkKdKzTSPbR4Yn4vaeBaqRo3VKRaTM2zwQRYmwP4quXRkS:12000000000000000000:OKDOT:CHECKMYTH
12f5K4gizSo2AYU6x5yEVYXpQE6WaLasRGoGwchkTwMHAqPU:12000000000000000000:OKDOT:CHECKMYTH
13Qv2112zMituq6jYSCP1XDipzVZ5KZUkojVUaqABKhgu8fB:12000000000000000000:OKDOT:CHECKMYTH
14Zc4eyZ69Ysayf86UfpDCc4gS3YvC86to3S1Mv5LyyM9UHk:12000000000000000000:OKDOT:CHECKMYTH
14DR1Q5jQB1UFGjG8cKPA698m37bW2AixfXphB17MHUDBSkf:12000000000000000000:OKDOT:CHECKMYTH
1683jDriqyRwH9CGhwcKgaemoLF2yXQMaJR4V9nFeLGt2KmR:12000000000000000000:OKDOT:CHECKMYTH
1383vXMVrYBvKSWFqMaLHMn1SCgasBeZpFWDbAgQ4XTWsibe:12000000000000000000:OKDOT:CHECKMYTH
13ijtP8AziZXyrUv3bkJoqoov1ctJpyv8vkUDcEXDHgZmo7z:12000000000000000000:OKDOT:CHECKMYTH
14guDaWTqwriGph6hZP1UqVgX4H9KPwzH7n93mjPHuSCQpdv:12000000000000000000:OKDOT:CHECKMYTH
1691W7rpZn1iZJ2QXF1HLbKaovxdt9uAymGYWkxhV4UBkmuv:12000000000000000000:OKDOT:CHECKMYTH
1aeqa5HxBHT2pKPx6cvmPpAntLsXfmoscefZf5R5W4PEmF1:12000000000000000000:OKDOT:CHECKMYTH
14ZFCoWLvBkqm11929BsNBYrUi4u6xq4VJ4R8q3GpWez5JNA:12000000000000000000:OKDOT:CHECKMYTH
13xkf11ixpHr6TEh3RNQnAn3FbCtKrUY1aLncA67vRfNKAAA:12000000000000000000:OKDOT:CHECKMYTH
12vLPvvLbGmBimgweWp6UFtocVkuTiAvKVYsddZoimUsZTVy:12000000000000000000:OKDOT:CHECKMYTH
14ioxcbRXbRsRxpt5tLzorLnBASmGbbipGoxzFyJLZdUmDSk:12000000000000000000:OKDOT:CHECKMYTH
1NBdwF7mFiD6R7RroNQNenkUCxxDNfCn7JAtCgyp6MXQhMQ:12000000000000000000:OKDOT:CHECKMYTH
12uvEEh9Azzt3AXiexCPRaxU9nX4qdQMhQ41oqMcwkeeGLjQ:12000000000000000000:OKDOT:CHECKMYTH
16DBDW9QKhu2j3iLDZFFg2QVscLQ4Ws4EfY3pUEKC6oUTFxF:12000000000000000000:OKDOT:CHECKMYTH
16DP2WEnaiQQWQJb5XLsUyAZUisLxD7wU2vjktHwdEQ8y8kc:12000000000000000000:OKDOT:CHECKMYTH
15U7wuxiZ32AvqNg9U2Mps6av18mMCGFbPqiJ8fyp3jo6721:12000000000000000000:OKDOT:CHECKMYTH
12hkw1fx89mccGKwrRTLBuFcQFUVFz2rs8BC4h42n384nReq:12000000000000000000:OKDOT:CHECKMYTH
15DX9EfUn7RXWTvGfnu2YuxmMyqn83uBWqfNDGJyRQTQgQ1n:12000000000000000000:OKDOT:CHECKMYTH
15Ct8ZYnJqzTWZMh8LmFEhX3Dwu7MY6X7bwuBx8xQTgXb3jH:12000000000000000000:OKDOT:CHECKMYTH
137xrZihVmFQey2UYyytmJoBWkZqGrHXGQqGu8vQrUwcbeBR:12000000000000000000:OKDOT:CHECKMYTH
127Q1r5gdbr3GbB1x9LaRbX2pj5WQikPpu88VcPwxLZGetHC:12000000000000000000:OKDOT:CHECKMYTH
16aHXgJ1jV9WA2EyL9rjyFGrRo2XWuXFBeE5nYu3pP8eiWUR:12000000000000000000:OKDOT:CHECKMYTH
14g54nvyxGrThcgJoq7AoRAXMMTpGRYFPuik95A5QUMgswVn:12000000000000000000:OKDOT:CHECKMYTH
15r7A9S2XWXvoxWfMXohykcSFzB9JA8yZot8GvhNq2dV7CDU:12000000000000000000:OKDOT:CHECKMYTH
16JY16hSiek2ZqPDkP9N3KHXBBPsPTn3jKxVtf115A2Voq9a:12000000000000000000:OKDOT:CHECKMYTH
13AQgiNrjJke79Mymr8VaJeHpHXn8otkFoR6LtWfXBHHD6j2:12000000000000000000:OKDOT:CHECKMYTH
12tw5bdiDHAbtnKMy3w8FnkHHgbPUwo4KXuS4wZdZKGBnf9a:12000000000000000000:OKDOT:CHECKMYTH
16CyrUiZzp6ca1P85ETY68HQ8S9f6C7zQLUtt4dsrjvGcitu:12000000000000000000:OKDOT:CHECKMYTH
14w1BC9J25ZWb3aUvRnebDDEL5JnLeMrJXsPiYtT6uWb6kNW:12000000000000000000:OKDOT:CHECKMYTH
13BMvDg36PcDhAE4BQKQejpYne43dDgmerTmugq2zG7VuRkJ:12000000000000000000:OKDOT:CHECKMYTH
15Hwo5KD7DMpfWFXdeM7NahhJRomcu4WpX6ALdSUhW6iF9rg:12000000000000000000:OKDOT:CHECKMYTH
12AWuCdLRASyttrpkce3LmL9qcDWdTfSxw6n289LW62VZSjF:12000000000000000000:OKDOT:CHECKMYTH
16chVw986hVKmTGbmo35YZ4jWkBG2DKX7Tnfcw7buBWt53JR:12000000000000000000:NEEDED:CHECKMYTH
146TSxQm2rF2A35XCjvDAmUGdLA2NqKPsP3Cj2nDPd7e9goN:12000000000000000000:OKDOT:CHECKMYTH
148GEdEQhJwn3czzQxM4DqqAG4dbqniBLe2daqnob2NYCCTx:12000000000000000000:OKDOT:CHECKMYTH
15J6EbbHCMkPZyRXPPf83hUaHoUCpXMfAqRdFL5vkWxLTxTg:12000000000000000000:OKDOT:CHECKMYTH
13PAFzTvRUJPFGAyKy787o9jGio7Dtxyn2rwo7WFYFikboHE:12000000000000000000:OKDOT:CHECKMYTH
16JP63uDBW49AC7Yk98xxWwdZC2taNWhHQHCDsf38ZDWUE3q:12000000000000000000:OKDOT:CHECKMYTH
15Uq79AJMcYfJUaGZ4WksogPFS2JUKmdrwrxADaWu8KkP8nH:12000000000000000000:OKDOT:CHECKMYTH
12dFzw4r8MahNrhkGvbEec19wCGuhyUjG5iGhP4fSdu7YWFE:12000000000000000000:OKDOT:CHECKMYTH
15re8MoLA9Tt3qog9235cLukaGAcekAjS81z6LqEpSuULKNk:12000000000000000000:NEEDED:CHECKMYTH
14sFtSZmuYVq5WFnDkBovu9bqT4oHFe7vcMfHHxVsGMCju2B:12000000000000000000:OKDOT:CHECKMYTH
12zNnneGwaVZZYiDitFEcPJ2ouSFukbaRxsPxkbzRPDchKGX:12000000000000000000:OKDOT:CHECKMYTH
14rDSDBXGnYVS564gQM9kSrp7DMLZ3r6RZP5TxHnab8Hx24e:12000000000000000000:OKDOT:CHECKMYTH
1WqZ5DhkHBrveyXMjGy37nqrexvoyZLuf4r4MKPJsVeY2QT:12000000000000000000:OKDOT:CHECKMYTH
1oNABo2jAghMv9jdKspbidWk7TkxBAEaxhh27kyRzoCSnLW:12000000000000000000:OKDOT:CHECKMYTH
1HfmDoJfxoZp5MDGVP5JLo8hBDHDeuu8pjQYLPYmFAbkPGR:12000000000000000000:OKDOT:CHECKMYTH
131QMEqqcTqxTVBLhnnDXGoZFjxSTUC2orHwffNzJjgyCJCv:12000000000000000000:OKDOT:CHECKMYTH
13XJvQGhcVsVBpcnfi96PGCvQjuF74dxPzCr39SxMbL1bGis:12000000000000000000:OKDOT:CHECKMYTH
1eiSqasb6DHdryVdMMjsFsAUf7F3GUyBLjBJzMjgf31HFZr:12000000000000000000:OKDOT:CHECKMYTH
14JQtSouBkjbWQcLhNBh1DX6fbV7MqFyKkR1tTemSG5j61Hh:12000000000000000000:OKDOT:CHECKMYTH
15PWU9gza8u2WCzPYbw9szmvxDPXTPigy44frd6DgWktj5qS:12000000000000000000:OKDOT:CHECKMYTH
12uFWHAuBWCjziyrTLCSeHDkpYvhkMXroVGPSmuKijZpL7tA:12000000000000000000:OKDOT:CHECKMYTH
123G3mG8frxfBtCz1viRPfJbQdacoWXYMEEYwgP4SjgMRDCV:12000000000000000000:OKDOT:CHECKMYTH
1e16htD2L6k1SC2TZwg2qWqV7CcNZewm5NR4eNQuGNLG3fV:12000000000000000000:OKDOT:CHECKMYTH
13RjQUD95vmrX6MdgRHJx9ZYYSbvZGCAukBRxqd1XUXqAgjc:12000000000000000000:OKDOT:CHECKMYTH
15g7U3Y265ozAmK4T8zWjYU1Xe7BfVgUTkSyhcJwd3cwSRbb:12000000000000000000:OKDOT:CHECKMYTH
14EuQnbp8UQxmeUkqKHQcdvEbvpCHWpzksUpr6gZaB7GbAaJ:12000000000000000000:OKDOT:CHECKMYTH
13bGtoYA84hLYQoUB5gH1mNxPfPzusdy3ij25PmsHVFyp1jE:12000000000000000000:OKDOT:CHECKMYTH
15tQVuJNmninyiU9U5qQcfJjNEEE5Akvy9WbyrHX97LbV1Uk:12000000000000000000:OKDOT:CHECKMYTH
1KB4tQD4dXJ1RbuAXyxpybzxHzdAMJVdxRfrxLJo5fRsuyd:12000000000000000000:OKDOT:CHECKMYTH
14V3UXsA92ebEMKhtoVucfVGoBKuYu4mC8AXQkL3o6nfcEDd:12000000000000000000:OKDOT:CHECKMYTH
14KpbEBVXM6dG9Dgoh46sXHNhc2hZFSAVUCoaYno5n3ShKsL:12000000000000000000:OKDOT:CHECKMYTH
135LeH19yX3JTcq1JPujuE98QFpd64mXwZ9u8ZmqDhK67nRb:12000000000000000000:OKDOT:CHECKMYTH
14zL1CDjGcXPvEmgpAqVmTsJq3eoEDVGDxsshyhq6oaYDzw6:12000000000000000000:OKDOT:CHECKMYTH
14zpDhZ6tLwfrG8SXebj1tJnS5dh3sZyXWNpc9LwZ5Xm2zT5:12000000000000000000:OKDOT:CHECKMYTH
12QyqK4ECXyfTQvQNxZK4JBXChM349nNTWLknxYQAPKJX8k1:12000000000000000000:OKDOT:CHECKMYTH
15AWnR5CiAHUdBzdJ1vUDo575nKnAPNtWxk5QgwozxWbYcGv:12000000000000000000:OKDOT:CHECKMYTH
158aXrnxAjnxN7HCTLwovmapN9Wc4z76TZZMieZeaLc1em3n:12000000000000000000:OKDOT:CHECKMYTH
14n9cUsHz7XWiZ4BGXhhYZcCWDvU1ktyvh4Zw5iRfkrw5DR8:12000000000000000000:OKDOT:CHECKMYTH
12cmdSHtHDTKUz9fyySmd5aipcB9yx3q2jdBsPiu8SSmLRus:12000000000000000000:OKDOT:CHECKMYTH
1B1u18bC26AwNLUDWe5VF4o4XwVaHwTRmqnduWLEMLjgARM:12000000000000000000:OKDOT:CHECKMYTH
16jJbR4CArhgaKvszRrfScGxuew876H44hQjTtAgR77aq9w3:12000000000000000000:OKDOT:CHECKMYTH
12zPRK7L4xVpwfLj89mQSiaHZmFenaUmAv5eLPRqFooMFW5k:12000000000000000000:OKDOT:CHECKMYTH
16TuLmq9AQCX52rN88ndctn51T5m2d8iF9mDitnMqdVPQpE:12000000000000000000:OKDOT:CHECKMYTH
14XTaAJco89vtwQN4NLJ7JSCbKJFzfWRdq3zbziY4UQJsqSa:12000000000000000000:OKDOT:CHECKMYTH
13FaUW1wZzEBijrrFQPsNaNDtfD4YLMPbF9cq4NM95S7WeGV:12000000000000000000:OKDOT:CHECKMYTH
14BxQBHydpPkLoCzVXgRrqNkFxafRwCAhvJkTLprABEHKnwS:12000000000000000000:OKDOT:CHECKMYTH
1rtRNQHULgBnCf1und9RZxY9qp9L1csLiJXYV5bDBcnVALR:12000000000000000000:OKDOT:CHECKMYTH
14UqohRmSciUnc2uKNa8WugnnwqhWxhAsPE2jswfspZWtANQ:12000000000000000000:OKDOT:CHECKMYTH
1B9UDgcTPV89rVCYZMJRGiDoVKg9kZQpiuoMbycSr9PzR1d:12000000000000000000:OKDOT:CHECKMYTH
14BUHxvHSFcoYxbNrkPWNHoVyhyCLsoiSA3eKcpJbFfda7ur:12000000000000000000:OKDOT:CHECKMYTH
13ygLGxGEPqHcXGxqn8Fy4MH9WHS6WxDK7c23CrQ8pBLuQKD:12000000000000000000:OKDOT:CHECKMYTH
15E3UQfCvT34QFNJbLT9GZzwXXZWbb1wVHUqd24yPyPWWijE:12000000000000000000:OKDOT:CHECKMYTH
127ssA6yfp3tehiAyFZwHgekmgaWET7Lw54chPG4xkBkvzxz:12000000000000000000:OKDOT:CHECKMYTH
1E9Ye5ppbJT7XkEAukARu8kT6Ka8vw1PD3TEDuDALEbNET2:12000000000000000000:OKDOT:CHECKMYTH
1xi6fVDsb526WUz27twPztHxEqrLKG4do5Yt11s382d5gKC:12000000000000000000:OKDOT:CHECKMYTH
16fSroWZHEA68sFx6EbY6kA5P1Vb2PoTpSPjt8edpPyhshJT:12000000000000000000:OKDOT:CHECKMYTH
16b8yhDNNdrvMAzLt5QQaArqCbd2QYNM82aCUSTQL7qc1pWB:12000000000000000000:OKDOT:CHECKMYTH
14HwkPic14f7iExXgRu8Yu4E5y28fTwnJqARToizHccgJnLG:12000000000000000000:OKDOT:CHECKMYTH
16Ah1rok1X6hVpQMFmhvvEvAeSv6U4u1vvophVAtY13DRU8F:12000000000000000000:OKDOT:CHECKMYTH
12oYkPcmRh1zUNF4uZHd54GKH1Jhd9idLCAm3u5bu3oxxLWi:12000000000000000000:OKDOT:CHECKMYTH
15TNz4e7yxk1eKUUwKaW9G7ESmeP9tEo3mGP9k4vSidFUbCw:12000000000000000000:OKDOT:CHECKMYTH
14oBt1CQYNSEJJ94LbrarDfju16ckbwwmbssEpcwsGnur1Ym:12000000000000000000:OKDOT:CHECKMYTH
139FRozC8kzHvndppkEwY6Xug1NL3U8dCvibUXMhf11WoCoa:12000000000000000000:OKDOT:CHECKMYTH
15DWfazYk4XcmHuMWoxLvqTt7EFFMrAQv4Qci87N4xJYuLwj:12000000000000000000:OKDOT:CHECKMYTH
1B5M2DboHadoUbdGvyRUGjsEvatdfuNp4hjeKT5vEK4mNNr:12000000000000000000:OKDOT:CHECKMYTH
12om817R2gSpbtsA5TmUGztgQe3xK8LvmJP1EQ1oABZ9E3jR:12000000000000000000:OKDOT:CHECKMYTH
15TAcryMHZoNxAB4ft5oRn5fa8gaW2CTE2jzhcrJHutkiscs:12000000000000000000:OKDOT:CHECKMYTH
15FZzLfe9NQ8vAe57z8N1X8uvxduG72wQK1sBk1TuDvMs2KS:12000000000000000000:OKDOT:CHECKMYTH
13KzKjyPUKwQDcTvZZCuvXb7kH8Dq6QBgQDYiCrhQETLCYvk:12000000000000000000:OKDOT:CHECKMYTH
16h7K5mPGAPFwxZ13noYNHxfi4r1S6nQ1aTpa5BvgBSxRS2h:12000000000000000000:OKDOT:CHECKMYTH
1RBze1U9M1SzX5vcNN71K8pDdCF3VxutymCecv4T6vxJSu2:12000000000000000000:OKDOT:CHECKMYTH
13MGiho45thQpkpQL3vywWpFsnuZFDb5t1UyEbN6pskUhcSR:12000000000000000000:OKDOT:CHECKMYTH
14MaSzKhdyPUFiwY9V7wizdiYjS3VrcaMXycBRsoHnm5bGGK:12000000000000000000:OKDOT:CHECKMYTH
1535SXrCNiMLPedXsg9rNpKDpAKjFj6GXLzoDaKBLWHLAtbG:12000000000000000000:OKDOT:CHECKMYTH
15FgFs5cu9Yhn6aBtsiZyVqM89fAF3ZpWPvATvne4zf6rBC2:12000000000000000000:OKDOT:CHECKMYTH
16KFCcTqV4MeUPAoFX7D5Ai8ZcZwaz8c6gHUx1rzmJ18UCL8:12000000000000000000:OKDOT:CHECKMYTH
15GqwFZA3FvZjc7bzHHNhDBpf6pdDtaQj91jdYvNeMLoJ8cA:12000000000000000000:OKDOT:CHECKMYTH
1Nwe3Zeb9DkZe1ihycU5jie39cJRi86U9YYadmRJ59qkrzM:12000000000000000000:OKDOT:CHECKMYTH
14YuQvneGKhSdSHRbYeVcnxUCsvJe87H5vHUZSJXXDzSdwWH:12000000000000000000:OKDOT:CHECKMYTH
12VnyX5pUe4hHCerW6e3BfPMAKdQ1Uf4MQzi8FSHpDVudbj6:12000000000000000000:OKDOT:CHECKMYTH
123F81W1tsgjXDnV1sPzfZ9836trQCi5642nmBgcoGCRg3tM:12000000000000000000:OKDOT:CHECKMYTH
1KUkmcJqrNUSNosDju2BNUiZbLpS9mY7SssxyN68o5fV1Uy:12000000000000000000:OKDOT:CHECKMYTH
12FSLhPdwLCmTe283KUNhekWHpPHcWCJizJi59eSypXiMt6o:12000000000000000000:OKDOT:CHECKMYTH
12YVQpkmFHAH9nrSycVxPpdFd4HGstkSLW415dzrppVJd96V:12000000000000000000:OKDOT:CHECKMYTH
135vaSvFJHp17K8qp8ryELgeJwwj6o1oWetQQi6kYpaPw29X:12000000000000000000:OKDOT:CHECKMYTH
1657miM1aSoVtFL6fqmGVv4XD4ScyXH9DVpnuPnXSjVacq8w:12000000000000000000:OKDOT:CHECKMYTH
13QWJ9U3yAjSLRW3DcdDRpJxvdtPiReN7DRP4GYNWv6Me1wX:12000000000000000000:OKDOT:CHECKMYTH
15j66PA8cL2FV7Y1fpRZooj514rE938SwVpBww46J5GVcxhN:12000000000000000000:OKDOT:CHECKMYTH
15KwCAuEpZfKAnR1EvBN3VrxWYDyyykqaRaZ5J7wZphT8gMP:12000000000000000000:OKDOT:CHECKMYTH
15sNvCukkBJYVyNHQRDVAWP46faUp4p8u5STGvsZfQ71AcdG:12000000000000000000:OKDOT:CHECKMYTH
1k3qqGVueBEWYEFz6aieYxHo5JKi2UEvCwHbUxyeDV4D2pJ:12000000000000000000:NEEDED:CHECKMYTH
16YUxP57fmLV2vt1U4g38iQXat6EaKYWzYVSiP1H2d5KLcUr:12000000000000000000:OKDOT:CHECKMYTH
12mheifi7e31GrnbDdWFmFbH9JCChntoQTtheLkdhjU5juY7:12000000000000000000:OKDOT:CHECKMYTH
1Gkvadd8zQpGfEFGbgKDaaE7b9nnY6HrLTvaoEdPjoqKxct:12000000000000000000:OKDOT:CHECKMYTH
1ZtiHuNjhuCJPwsTXVJU8rLGniMQTW6iwc8KLahrvGJdxto:12000000000000000000:OKDOT:CHECKMYTH
13Jpe2eu9cciGnn92BQByna6TTofuPMwJBzjJCkNpgz12jUo:12000000000000000000:OKDOT:CHECKMYTH
16kQVtdHM92KFuTBUpSqAKNntMBN1U3MTSPVHdAUGRxqxyB8:12000000000000000000:OKDOT:CHECKMYTH
15ofbe3cSCqyzS4CW7ub64VwHsxYU5xFVg77KL1h5x2FdXze:12000000000000000000:OKDOT:CHECKMYTH
14mbjiqPGk3769kDVqJh9rDxMCiriAHjjzcBSqejBxfcxWq3:12000000000000000000:OKDOT:CHECKMYTH
12qS5hyEXRqMJibnugu6BeGCG65GYxEUYkkMdg1fgm2hLrKa:12000000000000000000:OKDOT:CHECKMYTH
12nhyafRJGfYbwTGCc5s6hMYdf4SuJGTbg1h3yHfDVHt3jvC:12000000000000000000:OKDOT:CHECKMYTH
14syEwQzS1qKranKya5oNPrk5cjBBzUMk5LWqcVsVd7mUEAm:12000000000000000000:OKDOT:CHECKMYTH
1UTb7xb2y9zWoDp8SmJhsLydUoZioahSJ8VV2pM4q4HTTdZ:12000000000000000000:OKDOT:CHECKMYTH
124u77ifo2kssBx84VFEtvdkoeyHVC6bnJ75Jdt6KPyxFpkW:12000000000000000000:OKDOT:CHECKMYTH
121APZYamJxTqejqDPUs1BdCoxA8omKw1xWQxD9FKkDFUx6i:12000000000000000000:OKDOT:CHECKMYTH
12gtTEzduBEbufGa6LTaGvjjNfbL3A5nqbRvty938m6c7fLw:12000000000000000000:OKDOT:CHECKMYTH
14SAqeSmqXBEJvp22o7mz5Ua7rF9Vo9pwswQccKsFpf47QiP:12000000000000000000:OKDOT:CHECKMYTH
161BBTf9inEMFoqxrP9cb8E7fHbQj4k673Q7eBoeRE4zKzTg:12000000000000000000:OKDOT:CHECKMYTH
13rugCkcE6YGLH5ruQPGaMUKzwD2eBw7DaEnhC6cHnCvWZmm:12000000000000000000:OKDOT:CHECKMYTH
12x9wtMZjR4BmkUwD5gk9dmm1Dfa3uw27gxfzveM2yb2oh3a:12000000000000000000:NEEDED:CHECKMYTH
15uoE348BgGQRqwrDvsqKcRgzXsGXdB8LFBpFpzWMWZrPDnh:12000000000000000000:OKDOT:CHECKMYTH
1JJjsdVZvpDHXXfD92UPzwmiKd9on8AQYRt75TdeavS5KNb:12000000000000000000:OKDOT:CHECKMYTH
12KtfLtyPb9cGBR3Te792QY4prCK6gyLidKzmsgXYsveiEgm:12000000000000000000:OKDOT:CHECKMYTH
1R6KN1ZsFpQT9LujY5tcghsWcQ3EZD2JoM3b6NnMkRLBmnq:12000000000000000000:OKDOT:CHECKMYTH
12niyAVc3zRHRggPx4R61GDZHcB7cEAim4obFXDtTdeuY92R:12000000000000000000:OKDOT:CHECKMYTH
144cPRy13DAi5m8HHWHmDvMbxa2Ri2PTw5N58yBQgm5nAqKa:12000000000000000000:OKDOT:CHECKMYTH
13MS78tpurxX3EKeFLw8sAeu3S9FpMWE5bNAW2t5YKpZMYnQ:12000000000000000000:OKDOT:CHECKMYTH
147ogUjhhvNnnqbPfqXtBorXu3DjWYycX2g3B9gUWAz5mQqm:12000000000000000000:OKDOT:CHECKMYTH
13AesCDhRWceNYghXH1QyjpH2C5oJiMMSPvZ7uDi3cP84RzJ:12000000000000000000:NEEDED:CHECKMYTH
15QkEBUoWUV8ngVf3BMJuzrLTHTT4FQvivAY2FbFE7ow5vB1:12000000000000000000:OKDOT:CHECKMYTH
15846HyqpnPVKdgKx1qewYCkoGaiGtMpaDLn73xqSN3qe7qd:12000000000000000000:OKDOT:CHECKMYTH
12H5xR3f7iA9gNGjirDB9XEzM3YPyuHrYHm4M4rKV6rpFEKv:12000000000000000000:OKDOT:CHECKMYTH
1uQEhrNS2F4aa315LcoAkqXojipMXERbykf4YZS5gtnAjzf:12000000000000000000:OKDOT:CHECKMYTH
156iTnn1jEFGk7gqUxKGZ93XvfaMp57iyMkaSsexXYhqLV5Y:12000000000000000000:OKDOT:CHECKMYTH
1471KwGTZ5GU4RtjmwgodTLKGHgNpv8zzYE26EeQCNeuwjk9:12000000000000000000:OKDOT:CHECKMYTH
14DPu9su1bosZLyuP9Wa14MzJKtEGvJx5ZXXbiVPgmfuYXLJ:12000000000000000000:OKDOT:CHECKMYTH
15RBVqS6DVjGEhnFtWYXzCWKjZeF9GPUhimNbPTVzAAfDxMB:12000000000000000000:OKDOT:CHECKMYTH
13YtHZD7ptPujETAYG1usqf4n7LBiuZRu4GJDro16rrzuT4i:12000000000000000000:OKDOT:CHECKMYTH
13GTbPfJ2i2vd8jWj2CN4DLxeMkBY4nSBftwrqhaoSt39kdX:12000000000000000000:OKDOT:CHECKMYTH
14oUZRqHrmZuNxXhdPSJdKqSVyMt9uP5UL6Fmge4uSLa3pYj:12000000000000000000:OKDOT:CHECKMYTH
1GLGMV5APyAMXcha7Giw58FNU8Enx7ec9ZSk6sMUWwdwSnh:12000000000000000000:OKDOT:CHECKMYTH
13VYX6pmNGnBJuC6PeqD7oJSKABr9Z1J5aDjD9CKHpHYgeSj:12000000000000000000:OKDOT:CHECKMYTH
15MUVCTYZ61Wxq19ZQoWJhB6ktngs3xZHFb69nKKcBz9hJnf:12000000000000000000:OKDOT:CHECKMYTH
13p4ZmfAGaNcsKRSa6TJLmuggiukbqsqT81PHayhvcjX43o9:12000000000000000000:NEEDED:CHECKMYTH
1e6RcqnuMQjDpDQ8h84yFLmJRDKh4Gb7v5hz5Lk1X6j52Yp:12000000000000000000:OKDOT:CHECKMYTH
127eZmbVWMtQ9cxL4wdVL3nZWSJnmsRjehn6BYtcdVhbiMij:12000000000000000000:OKDOT:CHECKMYTH
1wdFqsbmEJ4hT54Es8cJyDVtW4p9HHXVqfV1UGRCHhvxSXX:12000000000000000000:OKDOT:CHECKMYTH
13b2yFxW4VAnBHmvuyeTDXTFJMNmFp8uscwpfggBTDMFKQUZ:12000000000000000000:OKDOT:CHECKMYTH
12CdArm3DbfVYBKB41t5imn6VQ7K6uwmjucRmKxh4TcxFPPi:12000000000000000000:OKDOT:CHECKMYTH
12jhNwSbFGgM3Y4FoVduLrF2wNY9zrvKzHcLi1CJGsPetM2X:12000000000000000000:OKDOT:CHECKMYTH
1eqQhkaxuMWEMb4rSwAikYYgmaVZzehujmfN4gedMPYVw9S:12000000000000000000:OKDOT:CHECKMYTH
136SoRoLzaojBNy7kfYztPRzQ53W15VrdZPQuVc2pMJaQBQx:12000000000000000000:OKDOT:CHECKMYTH
1PZREL1tjyCztntNXbBwBs2VtqLXTh7bkzzFuEWYm9hFyUx:12000000000000000000:OKDOT:CHECKMYTH
1eZS1NEQMFko3SAZcNsbiUba4UKXJK7K8PYPYrn3CAAXVGT:12000000000000000000:OKDOT:CHECKMYTH
18xvrhac9ae8w4YzovP2Ed5B3286jdTLbLPBfV1L57Asput:12000000000000000000:OKDOT:CHECKMYTH
14mPr8dpGTBPSfVkHqbfNVtDo6gtHcAuRhipCkhZmvPPbmio:12000000000000000000:OKDOT:CHECKMYTH
14S1ZxKoVigdgYG6JahwU3bdoqfFjd73GFbMDvw6oMAPdpx1:12000000000000000000:OKDOT:CHECKMYTH
13FvhF73ycA1oNFZzDUipWk3YDwWjPFCsSgzjCPdVi4nSGJZ:12000000000000000000:OKDOT:CHECKMYTH
1pcWji6xr49Z8wm2SwEjLtsQa4QZciepRVQnUX2iwz7gQjf:12000000000000000000:OKDOT:CHECKMYTH
14VPAuCcHUoga5JPnWBiiBk58FwdhMmSxwjQcv8Hp7bFNb9b:12000000000000000000:OKDOT:CHECKMYTH
15DDqC5oKqEWfE6jX61t7Nk1Zt59sC79yMeLyVEcp44sj3Q6:12000000000000000000:OKDOT:CHECKMYTH
14M8sHGZ7fFyyMToRtGJncNgtfeNGoNPZmLQD7V163z7ojRt:12000000000000000000:OKDOT:CHECKMYTH
12ru1FPDqyHLVcdBdYnN1tarxtQLrRSZf1hHcp3tBLDfVm72:12000000000000000000:OKDOT:CHECKMYTH
14jNG57dEvCwhxd1Z9zmpTXJ2NNgd8imXLruT5R7NUMX3iUi:12000000000000000000:OKDOT:CHECKMYTH
14ybdtTcmffc5R5sAh8gW9KLDzDoDtRRDSze4L5k5dM9TpFJ:12000000000000000000:OKDOT:CHECKMYTH
13ivRvmF5pgbDBgaaQVCQqhaJsjhVUTsTwAogitb2bVwQbmf:12000000000000000000:OKDOT:CHECKMYTH
1At44xHiPWGiQyhJREpdt9S4nGRXcJQSTqsPrSwKDdhppoW:12000000000000000000:OKDOT:CHECKMYTH
16321s1PgBnUjDBF6hrJL9SXt5VGWxEuveW4i8dZsKPzEvwd:12000000000000000000:OKDOT:CHECKMYTH
14izBfPVRBiFQ95XYD89mHtQLG1C1CetqihVKCHLgZbc3Wxa:12000000000000000000:OKDOT:CHECKMYTH
13btpHWA1cnsZi29qm1JwDsfHp4yJMppX5KFYrHEcZgvgPYB:12000000000000000000:OKDOT:CHECKMYTH
16H3voQyrmLr88sGvrZMBRKTn145zCHs47Z7Vwkq45T1GTbY:12000000000000000000:OKDOT:CHECKMYTH
14SKEH9s2JgycqBQRL9YFCYhXbhsWLfKjfCz33uBeckbHt9L:12000000000000000000:OKDOT:CHECKMYTH
13iozx1QoC8ughcGrUZsNwuN2gowtuCjnKAhtrYSH3oP6eCh:12000000000000000000:OKDOT:CHECKMYTH
13HRJodxrAarUbew19RwEGV1RJv1acqDX15Mdvfk9dniCSDN:12000000000000000000:OKDOT:CHECKMYTH
145AHx5mrUdefMuwL9KGeMhfX8TrMYKyoXfdt4hwHAu3WniG:12000000000000000000:OKDOT:CHECKMYTH
13CATZSErZsAF7wZvEf1CXRfFG8DqzGKbge9Z64tfuaaAxkk:12000000000000000000:OKDOT:CHECKMYTH
12L9kxvtnc5iEaprwYHAkZvvziMWWhH3M19qdB2m916cY2fo:12000000000000000000:OKDOT:CHECKMYTH
12WbxvXtcx76hLHxi8c6B21i23R8SJKgzoHoTSGHEP59yKDA:12000000000000000000:OKDOT:CHECKMYTH
12qS94h6urs1TcEzQp4dyGgiEsPyoEqTASpzpLyXh9hVyAZF:12000000000000000000:OKDOT:CHECKMYTH
14apUKPv5GDwvjr3aoCT5QW6PFtfbkmy3H6AJsjodKGawvev:12000000000000000000:OKDOT:CHECKMYTH
13YtKKxFwQe8PjzuFiRoWPyFKqmcuHFQUPK8t7eYCdTH37gr:12000000000000000000:OKDOT:CHECKMYTH
15PcjV44qkGrmPf57tnubHKZi7KcuF2xpg87KF76VYQvZKVx:12000000000000000000:OKDOT:CHECKMYTH
161u6T9rXVdg2b2peiY9Cjmwaej9Vib59JXHpM3fTwYdbaUU:12000000000000000000:OKDOT:CHECKMYTH
16RWaKpMRyD4egkHTru1VHTYrC1jMTdq9GPzaeFTK6NuCHeq:12000000000000000000:OKDOT:CHECKMYTH
16ZZQaLALcNwm3ZghjUfpmdxSmLMjo4XALniPCjMPAwJVo1m:12000000000000000000:OKDOT:CHECKMYTH
12ZZ48dZfMua5guYJZj6zKaxFybgNzN292PZW1HemC3w6aYG:12000000000000000000:OKDOT:CHECKMYTH
123NGFv6U3NN4FTr53Sq2MERDqZUhk4ms5LdxyBYAyFShM1P:12000000000000000000:OKDOT:CHECKMYTH
14EQPF7M5hJ98Jmzc2GARFnovx5KmRZUm5Q2fr1iA8pzgtJF:12000000000000000000:OKDOT:CHECKMYTH
16Dyuq4zerKVPL2rDzDQfExtX2UgEeri71MHjcaaguZ5pW7N:12000000000000000000:OKDOT:CHECKMYTH
16nLQUr3aQBj4WwZshouG5q1jVzeQJN2LEQMZHH1eJVJmHEv:12000000000000000000:OKDOT:CHECKMYTH
162Hc2NgrZU15xRCsub4AHuFbsMCRPwTaeVm7NPZoAKimyVy:12000000000000000000:OKDOT:CHECKMYTH
12yi2hBaLTn48GTAbEvsQB8W5BvS5aMSWCvdRbEttZkWtbz9:12000000000000000000:OKDOT:CHECKMYTH
12UEbRQytU9dR4jcczmyfQV4r8KZok5oTSYybnJuEnd56M97:12000000000000000000:OKDOT:CHECKMYTH
13TcV9LVxLq3xJtQPCria8QgncMvNhygu69YxTUzmiCwFNRm:12000000000000000000:OKDOT:CHECKMYTH
169ZoXn3ZQwi9R1ZYPEXN5zgZp91mjSw5U7V5pMyUm6Kq2Cn:12000000000000000000:OKDOT:CHECKMYTH
151gGvhdHVQCSkLrFNHCMA44MKyuTUnPWNwFBic3yXRq7Aai:12000000000000000000:OKDOT:CHECKMYTH
14Jc6zR5ED7Je9K48iC97a6kQ75SYQ4N9W5LvFEQTEvk9Bow:12000000000000000000:OKDOT:CHECKMYTH
13jyyQTFcrWc5FqytKeXJVYuRrbrEZA88PTt8kJ1CeYULXvU:12000000000000000000:OKDOT:CHECKMYTH
1i28y2BmPwtRN1f47gCCDTkMjnno3VLiCczXvTppdoxkGvN:12000000000000000000:OKDOT:CHECKMYTH
13BPKqLC6x4KhCett8DJHW7o4TxW8NvmsxZgnG8Hz5QZXG9t:12000000000000000000:OKDOT:CHECKMYTH
15xrqpxJcAQHpAZWNSk8jj9Sm7ZGHJNJzw37czxuckH1hs18:12000000000000000000:OKDOT:CHECKMYTH
144zuLapQ1HYLPubT5jnX8bLD4Yrd555Wpd5JsqUPVQE8cVp:12000000000000000000:OKDOT:CHECKMYTH
14JinhRDVqtxvWMAe9HCmVZN4SKcK92SnGvtUPy7LJVc6GpC:12000000000000000000:OKDOT:CHECKMYTH
154HRURvvkyMCBhYfNhGkFQT5NebBQ8SMTGEg2EychRiffX8:12000000000000000000:OKDOT:CHECKMYTH
1ZaC6yQXjxFQ45fBHECXCVN98tpZMXWn1X9q6wtnZvRiCf7:12000000000000000000:OKDOT:CHECKMYTH
16RXJm4wwq4rHnPd3FTnKAjJMqvqsEWYZjQJz1YEkTfA7YXE:12000000000000000000:OKDOT:CHECKMYTH
14WBxutvM7RKaSJYMvg6hKTrHdqwt9YnduscMubr8AQ4v8N7:12000000000000000000:OKDOT:CHECKMYTH
14PJAhXL6aEbwWj5TvHuHoocCfQ5xcYrBMiHzadPRdNSK7Tg:12000000000000000000:OKDOT:CHECKMYTH
16FNWma84HfTPiWcT8uUdbgbMfQy4piZce5pcWU63u2vptMV:12000000000000000000:OKDOT:CHECKMYTH
13AXiVgpc3FBqY48jauMo9hQVQ3nesLKbsLJPTbynMGPHRa5:12000000000000000000:OKDOT:CHECKMYTH
16H3popL3FB3rJhiy9ZLgmDt37eEcLMZghQvgV1QtFrGvKUf:12000000000000000000:OKDOT:CHECKMYTH
1BbbfDJdwCTj4X6segWMNoAjqRYubSqZQXg8HfUxxqDR4Me:12000000000000000000:OKDOT:CHECKMYTH
1nQhWq7P6QQz8dCDZFdwLZmZiNrs6VvLjmphaLTeMxosZRo:12000000000000000000:OKDOT:CHECKMYTH
14NeGYs6ZpDjdDkTZJb9xbVeqLuXeF3tVwUepeiVW9uHemKL:12000000000000000000:OKDOT:CHECKMYTH
1464zRPf14rCSwQW2hbWZ4iZZe5imfRQgGsu6u7M2c8beWBT:12000000000000000000:OKDOT:CHECKMYTH
14byptbiayxTBp3NqTyzu3BTAW35ByZURZbiEavzV7LBru3v:12000000000000000000:OKDOT:CHECKMYTH
12bmDJPajDhKjvbSmmLfWEjyi5f1hSKZDTHh6LuyAt8NUU7i:12000000000000000000:OKDOT:CHECKMYTH
16C6Ss3CntT4Yd1RcuaatfF4YDceLLow8Nj4N6RNKNWws2aE:12000000000000000000:OKDOT:CHECKMYTH
164AHuE9g98MFpQP4su2r4T9kPVoSBZCWJ8vNvwsmFGcw7Rc:12000000000000000000:OKDOT:CHECKMYTH
13QRV196r6iW8DCsPdNQxEqcaJJrTcjpz8SgZKVshoCYggZb:12000000000000000000:OKDOT:CHECKMYTH
15WazVoLrWE9jKDVkbW7PQX1AdDgdxPKF6xutd9uJCioZrkp:12000000000000000000:OKDOT:CHECKMYTH
12FySSDQoVg4vrvGFZ3de9jVmu4LghoBkYa4MYkkqBz41jFH:12000000000000000000:OKDOT:CHECKMYTH
12H7R8MNtoE2fwGVQJKSUhKBhfFQN21Hzmdrhc8CgZArq1Xs:12000000000000000000:OKDOT:CHECKMYTH
14jaLGEEsgdSWK6iKsgwguiSxGfFwAJF57svaw4PHuU4JVGb:12000000000000000000:OKDOT:CHECKMYTH
1D9pHPaVn7mm124CsRvznJ6bh92oSQzjHe8aryP4VcHmXAM:12000000000000000000:OKDOT:CHECKMYTH
14YLVZU3JJsBgPdxeZTmcFdXnbX6WXYkhRXoyjMs7ws8zeTN:12000000000000000000:OKDOT:CHECKMYTH
13nFEGN5KkmhWxcUkHMipKnbhiE2pMzQrg89dVMHwW4y279h:12000000000000000000:OKDOT:CHECKMYTH
16bqr2jKKWKasmyTgm8wKEQMz1tq6MRpAQevzcvj1bQQ1Au4:12000000000000000000:OKDOT:CHECKMYTH
1dgKedzfjB5RDp91djsk85VHXXqbiBprdHCB1NZ5zac8u8n:12000000000000000000:OKDOT:CHECKMYTH
13rm68BvViHYE1iMbK7hd1KZUmndVgCe8HFeFVzf6SQWDz4P:12000000000000000000:OKDOT:CHECKMYTH
16ijmyy5Bwh59s7F7RZKzLhnuTmE29Y889i5SsjxDGH884yk:12000000000000000000:OKDOT:CHECKMYTH
14oXkbD7umKDSwLmZUb8xVWGk1wgMzCqDPvgh7HhDP7NgKuV:12000000000000000000:OKDOT:CHECKMYTH
16C9xpnsB8vBsZuivbP9JsHMErnaALjKuVeJd91Mb4xR9Uwv:12000000000000000000:OKDOT:CHECKMYTH
15Fj31k4f2qJt1krvFuFX1MCikqMHoEep3y9sLkjTBT24C8y:12000000000000000000:OKDOT:CHECKMYTH
13CmE6HhLCBK1PQYytc1eS1QRBJX5Loj5YkP2i81GUCUpUMd:12000000000000000000:OKDOT:CHECKMYTH
12RZUxAn2DwJpUwxVyFRqWB8mDEotrGgQoRLdsifhNVPVF4J:12000000000000000000:OKDOT:CHECKMYTH
175RmsKwNUPbRmqCeRbfpeGZA4ePnWrwQ6cLLgsZz3njrjh:12000000000000000000:OKDOT:CHECKMYTH
16U6aigEXkERBMNKjCYbJ1j7eYafBzo3LBMwWnRu6NWfcWjj:12000000000000000000:OKDOT:CHECKMYTH
128KKJ1VSecmUPPubs9drt4EBva9MoUzLDpf3ABGm9iimgV9:12000000000000000000:OKDOT:CHECKMYTH
1itJtGWkczhbT3uFJx1Myu19ccZUP1D4fvEDxnrwXsy7uZg:12000000000000000000:OKDOT:CHECKMYTH
1XuzzqkPitsSJmLifRUmJ61zLLkrDk1cPPp43pTjzMFJatJ:12000000000000000000:OKDOT:CHECKMYTH
14YHEoVTiqhESwVGGQ82JrcVhhzYmC5Pr3aGBCXaWDfhWewa:12000000000000000000:OKDOT:CHECKMYTH
14JjDXGguB7y25MqF2zM59GJNprKwFcbqhtUFkJzFzwv1evd:12000000000000000000:OKDOT:CHECKMYTH
12EiaC9yecNeAAW9C3hRXCmyFEnJT5xLA8oY18LRcc1kjFzD:12000000000000000000:OKDOT:CHECKMYTH
16JWEr2eZg9v76Ncu6v5wPJ9mwtDSpp1KxuFzh2BwQSvBygM:12000000000000000000:OKDOT:CHECKMYTH
14WxwM1NMRrGSZx22ZxrEBPSqN1WVK3aF59P86QmoxKwTC8k:12000000000000000000:OKDOT:CHECKMYTH
13NLY4hdohiDpuyZ8doyoVZPUAHNuui92Ey2ZDDY9M3N6aJj:12000000000000000000:OKDOT:CHECKMYTH
12uJyDiXDXbYod1YegWnq8yoJsBKsUZyPLT8A3ghTTg6GhtT:12000000000000000000:OKDOT:CHECKMYTH
13TgnJGTfkr1KL5hsFzNrC5Kwjse6zUP4AnavKAqyYssH4Ss:12000000000000000000:OKDOT:CHECKMYTH
15pGbAfgx8LmFBUd9Y18LJdNDUFCrD21tBKrpYcDBJpvAT5G:12000000000000000000:OKDOT:CHECKMYTH
12RUB5pzN2hpLpCJETi9aYVy8cbW3Scy2LPLmCzWNbfSQ4v6:12000000000000000000:OKDOT:CHECKMYTH
12A4Ujw9BeWv4v4utQkFUGPwATXzDFgV5NdBnkqDEnGqKyPk:12000000000000000000:OKDOT:CHECKMYTH
15YYNhRsVC7dBG3GM7thx5jr5EVNZFUX25Yb58kUhM3efrxU:12000000000000000000:OKDOT:CHECKMYTH
1ecpTqog7j9j6nxFhppE21mBLgKjKFoVGeoDTcFBKn3fLjK:12000000000000000000:OKDOT:CHECKMYTH
14XL24SkKq4exf3M4ZFjUQgvWTSCAoQyWDEXxJcjBUNGHPyB:12000000000000000000:OKDOT:CHECKMYTH
14BSkuT6ThcTjxSgekDqarPPUbGGD1Vhf4GkxVXizGAxZd4R:12000000000000000000:OKDOT:CHECKMYTH
14wvYD2nV5fKzh9AT2vTFgu3XpmrGdm3uuVJiNZDK58KmdNq:12000000000000000000:OKDOT:CHECKMYTH
15WMJS6fFXWgn3VLGhS9FfEnMm2MpCLqvxabWuCQwgpVEqDu:12000000000000000000:OKDOT:CHECKMYTH
13BQHmJ2BwtnhaCexWaSg3FSzuotVCYzsFcLXef9kLtit3cQ:12000000000000000000:OKDOT:CHECKMYTH
1mysJ71Sy9WR7rkVaNPpT75u9krj1wVwqFScysJDByzmMkg:12000000000000000000:OKDOT:CHECKMYTH
13gPpQCrRugRqAcGKPQqzF8QFdZcqey3RuziJkYkkz4WV2Uh:12000000000000000000:OKDOT:CHECKMYTH
16QwQYhzURgCG3PER5yeGsES4MEcSPn9e8QXDXXZw9JRrY3u:12000000000000000000:OKDOT:CHECKMYTH
12aq5JwVCc4WMVDWG7ZKrzMPuzn9otGrkXfKdt5sVx4F9JrB:12000000000000000000:OKDOT:CHECKMYTH
13ZGpS9r69bsAJ5DR9jczqYqAVBNaG8Sfm1WzpS3zHqRWxb7:12000000000000000000:OKDOT:CHECKMYTH
12b4hFsq1vYZ5JutddtRaBVqxKBK3vJ3hzdN8qnV5ftx1tNf:12000000000000000000:OKDOT:CHECKMYTH
149yjeoqGK3icWLasLxwe8GpvHzBpJBiDAAXSeHf9PGiBtR8:12000000000000000000:OKDOT:CHECKMYTH
13T77SgLr27YtH3TtLbBZ7L6ZvsxsioJAkuqUZ3kjZF2v1o1:12000000000000000000:OKDOT:CHECKMYTH
1pSfAnVCJhU6dqe7DaR5LB9vpqoUK7GEVEd3GsNihEqpiPG:12000000000000000000:OKDOT:CHECKMYTH
15iSynehVWxoGdoNKsyN1mpEimrTvQan7iVmwWaKFvsrEQ9X:12000000000000000000:OKDOT:CHECKMYTH
1eAZxuMNePgP4Td4mCTL64ePgkMV7zwJ2eq31QJz4sK8GA5:12000000000000000000:OKDOT:CHECKMYTH
122Jhuy8Dwfi4vs5EVa8eox8LZTt2SGE2KRvXxjy7cxQw7HP:12000000000000000000:OKDOT:CHECKMYTH
167GcRZC2vskdVokvXBKzDFCRzZ7CTdMqGZK6P1h6eioPQQz:12000000000000000000:OKDOT:CHECKMYTH
13YH935GFDqNPT3DpJyTwaiWgfk4yeynqAMyKGshnMJ4Pf1c:12000000000000000000:OKDOT:CHECKMYTH
147wvBMjeVwSuot7u3AFCiUYCzLh9gtPhxShzA7J5QTGejKj:12000000000000000000:OKDOT:CHECKMYTH
141517sDCLSe9rPWuVWXS4yQFPvnZF5oBYuXMFXFzoMddCm4:12000000000000000000:OKDOT:CHECKMYTH
1YTLQ9Z6fmebXeUty2xXqQzNEet3ZPVVm1oFqQHfKPvpJkA:12000000000000000000:OKDOT:CHECKMYTH
1UiZyVHz1nspZ4Ze41iJ16KPHif7ACFSCXWNvkBs7qi9jBw:12000000000000000000:OKDOT:CHECKMYTH
15qPgqk9FM1mcMuqV9ffcyzNZ8QzCdxuzDkhVwPkNxqxKXY8:12000000000000000000:OKDOT:CHECKMYTH
13zaTc2ZpaU8BSS27dBzKLbhNLKynRMWvAWcVkgKveqnd13G:12000000000000000000:OKDOT:CHECKMYTH
14DAZET2Pq1xvES4LG4GaQRzGkuxtEaKnhRoVMmuKaRgGZNw:12000000000000000000:OKDOT:CHECKMYTH
16MAzYHVKjxfMNRFqmGyj7KmQfV7sK6cNQG2fASut1Xbruam:12000000000000000000:OKDOT:CHECKMYTH
15nAHAyDg2N4oor82wSmtAmAuGFJdS1MMuLANjYsve23q8wP:12000000000000000000:OKDOT:CHECKMYTH
1416DDJ4X8GeHiP9e3GACZGyX6gcJiekvdqi6qStsPioWLWG:12000000000000000000:OKDOT:CHECKMYTH
1R4yPjHCfAhVq9K31RDcYgQnuxGVgtTU2uxandPkvfxYVya:12000000000000000000:OKDOT:CHECKMYTH
14kfiRv5mRMkF6PEyd8phrMBQjynJ42Qe1n2GgRPyriHuv2:12000000000000000000:OKDOT:CHECKMYTH
14puADfdisbMAeJnAqYGAcgRDsdJjeojNgN5JpzKiXf3PsrH:12000000000000000000:OKDOT:CHECKMYTH
1R62VGu8qqT24mEvYnGxUK1wxN8LuZFW4kiKEqFo9PWtsJA:12000000000000000000:OKDOT:CHECKMYTH
16SXhVfn8dY9EfXe8eS3mLRhcmDCjuDYhXh1aEWkbFf8pweS:12000000000000000000:OKDOT:CHECKMYTH
144jWdnqP63oFQqNuE2ueBpkYcgSCcrAbK5f3P7qSeE4tx4k:12000000000000000000:OKDOT:CHECKMYTH
155Ya8DGSzSQqGAm8LaxrZmm1hvjjcgjuzFsj1D46YqsmoM1:12000000000000000000:OKDOT:CHECKMYTH
14MrxCvZ6CFY8s5rVxpCuWidPNRHHFhE1n45Wd8ZaPKxBiEg:12000000000000000000:OKDOT:CHECKMYTH
1EQb83GBKW9y1aDyYW7om5hPxYGPM9BZDuW9YxgXrGxg3v8:12000000000000000000:OKDOT:CHECKMYTH
128uB3B1Y1TrBN2Ybxofs4eFwvTqLGrd7JwgjS2NoVbbGcio:12000000000000000000:OKDOT:CHECKMYTH
16i3bv9r2mbg9s8UFKmR7xcTPDSi5P6RTUqgz8p9dXd9Bkhb:12000000000000000000:OKDOT:CHECKMYTH
13WMTWt1yoXD7CzrRRk8Z89uLfkWiqvhijcj5zEhi76E7gbg:12000000000000000000:OKDOT:CHECKMYTH
14L98iWmB4JSxioFQReXrktsqJG2saYnE9CDZPdqdeHtFY2i:12000000000000000000:OKDOT:CHECKMYTH
16UdsBNSctZnCfwB4cEhmPuAGUetFckAonaAQnUQj8tgScRf:12000000000000000000:OKDOT:CHECKMYTH
15bxv893GaSVXQg6YcesrV5gGq7gfwTYfFH8pkYW878AcYLf:12000000000000000000:OKDOT:CHECKMYTH
16nbPmpypnvSDV1QRGSpu8z82UeeV21X42vdbcxFaiFX1fds:12000000000000000000:OKDOT:CHECKMYTH
136ShyY5hSnhzj5y6uj6EbeHuAB8EoR4gJkPn9CD1Z16k52H:12000000000000000000:OKDOT:CHECKMYTH
1279zhUkYUiNA7FYwkLKHKnjC2Qh1WRxwMR4bLiMzG2Zxbbp:12000000000000000000:OKDOT:CHECKMYTH
13bzNNZQBFKDPzNaeNnYwULn6rZ6HTiP6L9sq3Ajuu73JvrY:12000000000000000000:OKDOT:CHECKMYTH
1v7Rw7QYBiymC5oQGCW85MDP2E3gzSBX3a6iZ8eRN4NttiZ:12000000000000000000:OKDOT:CHECKMYTH
133eG3m2JYtz3KWdW6PmEbuYFQomenu9tNuvoXB9CTznJSLR:12000000000000000000:OKDOT:CHECKMYTH
1263XPM93ymWzPwo7j2bP8Uy6FLNR4EqxQjoTMwCQh98Cvma:12000000000000000000:OKDOT:CHECKMYTH
12qyBobsXYM11vS6epkrJYWbeQykMVaPCvkW5huprTwSXJ9R:12000000000000000000:OKDOT:CHECKMYTH
13gJkpKLGLNwG9vik9oaVsUQtdVRHo2xPyBYFscU13kpnumv:12000000000000000000:OKDOT:CHECKMYTH
1Rtj4Ye1znUt7t1y7SQkm3nQjrbowdjq4oVFECgb1s9dKXA:12000000000000000000:OKDOT:CHECKMYTH
1h54nV8yrJLQfiUZoHK6ZFVKfgiiizXkKVHiEH9dtJix6dL:12000000000000000000:OKDOT:CHECKMYTH
14hamTWvYUTezKRiK8gfC1LtwAVWdy5jv8Z9gjWjMisWFC3L:12000000000000000000:OKDOT:CHECKMYTH
1CqYvw1W8BuxdZbVvtqKNz6rppQEpbFUFG2iLtCWieduGFf:12000000000000000000:OKDOT:CHECKMYTH
15GSTAM4ao6y4aZCmw3DdoFaaytbxbzFMYo2x4BMhgvLsKEJ:12000000000000000000:OKDOT:CHECKMYTH
136EEn5RBkTnbo9P573Z4duULMBgWUgEJnsMmPCAG7dvGK2C:12000000000000000000:OKDOT:CHECKMYTH
12X5C1A44DCxqSmnCUN9ALU8MysuZCamJ1CkdPoJWpqXFxjW:12000000000000000000:OKDOT:CHECKMYTH
1NTLJNGCjx8cHFnCMztfWLvwN5KwacaYU3q9b7z5pfZinor:12000000000000000000:OKDOT:CHECKMYTH
16MdtQ2PhMkhSEWjMV4Dy6YFo5ZnnLaCjZe4ALBgMxaGzjEe:12000000000000000000:OKDOT:CHECKMYTH
12QsfFy7Uo6GTaCU73sKBBoeGsvYGeQArshrdZiXCZUf7UZo:12000000000000000000:OKDOT:CHECKMYTH
13j2jUy8HCpvLygssNXrQPm7AuCTVWgqCmnVnWncEHkVy5n7:12000000000000000000:OKDOT:CHECKMYTH
16PazFRU39NrEdUx3DuNhwugJuDirzLx1dinQTtSPgkUad5P:12000000000000000000:OKDOT:CHECKMYTH
1Ai8fRnxJdFENVQwXtRtXs8jWQgbdxhKCdGoEvQvscqrL3k:12000000000000000000:OKDOT:CHECKMYTH
127LFKLFvByhyZAqhcyPHrMLhsJS9ZPVyzUmyzLxYqwqCzyW:12000000000000000000:OKDOT:CHECKMYTH
15pN51UiCgZB3CRXBKw3d8aoEYWvR3wKo5LeGiU7mTvSdGCA:12000000000000000000:OKDOT:CHECKMYTH
12DsT5FVCW5BZ3XoVuJ4hGJfYAdqXx22QBwSMvYHCCLRven2:12000000000000000000:OKDOT:CHECKMYTH
1NjS4byg7g7cM9yjJykTsDhYAZyBegdaCHSo9wm3x2WZjxB:12000000000000000000:OKDOT:CHECKMYTH
14WpjpXcvXdGXK4isuvQLR9hfuw36DE45e2DksrAUJ2sBfxF:12000000000000000000:OKDOT:CHECKMYTH
128B79tpmYQod846cz9WyURhcthZwhZ59HfeqdRhQE8J6tzW:12000000000000000000:OKDOT:CHECKMYTH
163WtCkmZjmMefXvmMfva5xwZw22rF1e7PxqXrHDMbK78xjV:12000000000000000000:OKDOT:CHECKMYTH
12FAjg8NVuoUm1ZBN5Kbyj1Q5EnGU2kqLA9KtDPmZRsoVG9C:12000000000000000000:OKDOT:CHECKMYTH
1y92rhJ9xJX2cHfdy42MCaBwSDWcnTqzWjS23i3qpMq416U:12000000000000000000:OKDOT:CHECKMYTH
1Dqiy5L1ZPVNtEQA1jwHFheWX21Mki4x69JkAz55ygDdd3k:12000000000000000000:OKDOT:CHECKMYTH
158E1yU6CQqq9hEkR6GYh7RSz6TQaszRNvkHek5qZRLnNu96:12000000000000000000:OKDOT:CHECKMYTH
12byeDM5CNcy5W9USVuZ34BXVmRWZJTsYhBHhcoCMAsAmsH6:12000000000000000000:OKDOT:CHECKMYTH
15BCWVHAptZSmLjkbifDpL8DBRKbLfmF3a9EhMQNZe71pBdD:12000000000000000000:OKDOT:CHECKMYTH
13uBKCLY7wZmCpe5LV1RXBGGdffv9Drf4psfTqrxX1pwrXJL:12000000000000000000:OKDOT:CHECKMYTH
12kJdpyzZ7wToA4ZGRiDS3Y88tUvGNcEYBqjsahySfFZHhYn:12000000000000000000:OKDOT:CHECKMYTH
12EupgqKnZ6LCKXHYjpEvxuZSTMGXqH5PJoU2mWY7LVAHncK:12000000000000000000:OKDOT:CHECKMYTH
13ycBi7DGJR7DFazhdqZWeKed841Y2kxgepdMnfCGSjEK3E:12000000000000000000:OKDOT:CHECKMYTH
1QyNJWV98JQgjxBuqzgXMpdLS1XzymoKj34fzEvXwARyBAk:12000000000000000000:OKDOT:CHECKMYTH
12wBLjuCKztGBYiFVZaL9E1B2mSGq7vcj3tt4xMcst9zPfcy:12000000000000000000:OKDOT:CHECKMYTH
13eXPCwbGLre2Fn3VBsRKeF4k4DJvobrGDCHKc8UwkjLfkxC:12000000000000000000:OKDOT:CHECKMYTH
1TuJi8TYoXnsvrj5irWPWyDUkFnoJiorSqykE63cc34BX1j:12000000000000000000:OKDOT:CHECKMYTH
13NCLd3foNpsv1huPDzvvfyKh37NEEkGFotZnP52CTR98YFJ:236000000000000000000:OKDOT:CHECKMYTH
