12itBro2tL8YxzKEJieSewMjszsRTSUtg1yfx6aXNr7bPzgp:12000000000000000000:OKDOT:OKMYTH
16b6mxNztse4LG9mzEyV8hjtffK4arYfVmYJ12sxKU4cXdAJ:12000000000000000000:OKDOT:OKMYTH
13fUxtKmKvtkFMbeSHswz1qxBzRXsAFDBYXf1kdBDcYst86L:12000000000000000000:OKDOT:OKMYTH
14rGoC5TnVEpXyCnXW1vcY3LWNiAppFNfqWP8N6RmdkusNpB:12000000000000000000:OKDOT:OKMYTH
12GiGUvQHyZmaRbTQJaevQdprpgNd53pbsQxmvKvCPrMktzY:12000000000000000000:OKDOT:OKMYTH
136vkZWZ2Q9uiuDLgmDkqBBzWYggaYsiHFBgYpPeBiVgwgyP:12000000000000000000:OKDOT:OKMYTH
1zhc5XidoeKkMHLAi7hHoBrNEG7mMVZUJRkbJCn7ahRZDtZ:12000000000000000000:OKDOT:OKMYTH
13VkDYJz8sXu3dfyfFtH3oFhADNkv3evJxoXaPNwn3ok2sV7:12000000000000000000:OKDOT:OKMYTH
14u4bBuwcn7KrGEyn6HHGSYdFRnb6CBfgnvFsZwyDX5Ypdf1:12000000000000000000:OKDOT:OKMYTH
1CUKZA1XCHYko4by9GzP2taS1tWQCrEDA92quMhJTJdHecU:12000000000000000000:OKDOT:OKMYTH
15zyGeVckwCtHuf48PsNm5DexDb5nWYx28YCeSy72XYPFsgX:12000000000000000000:OKDOT:OKMYTH
13qm3GPC5yCty83Zw5KVCQyK2Tbb9RpBSwcbpttsiEQRzhK4:12000000000000000000:OKDOT:OKMYTH
1naRNTF2mJxkUYkyJfeJWVbWHEHV7DMUp9pHjwFzkcmkn8Y:12000000000000000000:OKDOT:OKMYTH
14YCD7CsfH3qwy5FA7TU4S3sn3NgTpuDQTubzeXXcPSMLVMC:12000000000000000000:OKDOT:OKMYTH
16kPfQH1jc2kqE8khXzPVgLMfyghxintae9pPtZMeEK1SdZ6:12000000000000000000:OKDOT:OKMYTH
14L3GoyF8xXeVZqSo7uYcCfJzd4VNjhB3YjNVy6thTJigryd:12000000000000000000:OKDOT:OKMYTH
155q8PVVcigqLBSTNfAC3oxg48NVqaaJWPjSPoeXjeFVaZm5:12000000000000000000:OKDOT:OKMYTH
1339Dx3WgwGdyxEpeM9V9tohZnJMLwvQArBneqsLR2guJJDw:12000000000000000000:OKDOT:OKMYTH
1BBhWYrKP5fzrCiuhcSiGiWneBLvcHQdL3hRzveYJUUAPsj:12000000000000000000:OKDOT:OKMYTH
15fbCqRfUS4gCcoEsst3WTWacCYsuy8YZ4CcZiDcPBR136uk:12000000000000000000:OKDOT:OKMYTH
164tUazJFrH6xtRsxZRmYDDK8sWDbFGKPdgeZ1u4WKDyQ9mL:12000000000000000000:OKDOT:OKMYTH
13dMMrsrtNFPc69BySfD2RXVnMkF6B9fNz9WsVtaZ3N5jsms:12000000000000000000:OKDOT:OKMYTH
14cHT3BbLFqgsHzBnVim76wTmQMcYCnKe1pScCv3eTJJQYr9:12000000000000000000:OKDOT:OKMYTH
15JsYKmtCzq3p8qAqGWPwyRBbEzWHmC1P3cvexG5K5ezduo:12000000000000000000:OKDOT:OKMYTH
1TzTJh9TZnhDyyZmoYfCr5SH4Es4CnMR9jnP5cmda5wVwti:12000000000000000000:OKDOT:OKMYTH
15vNpGoW7N59dBY9Bu8hWgqVmpheLazvb1TGqFNZU96H38tD:12000000000000000000:OKDOT:OKMYTH
15zpwiuz86NvCSziUfgHieFbjkUzZPBa68SpFhZpR5mERqy9:12000000000000000000:OKDOT:OKMYTH
161F3MCb1qRcecu7EbHDsU5R91agHQ8STfddg8ACHXGdv7RF:12000000000000000000:OKDOT:OKMYTH
15U1CgRMuAWkEu83WKdUYmTXu8cPJgtLZp4kQ9vsuhVYALFJ:12000000000000000000:OKDOT:OKMYTH
139visJu6cvNhpr6wPAybecongyc2ZcG8L2KBgQ94eEfav9U:12000000000000000000:OKDOT:OKMYTH
1jxFkrfJVo5MGzBgBdH8fWXVM5vyTe4TDQxyh5csSaHydzN:12000000000000000000:OKDOT:OKMYTH
13MaFa7Hnna9yZZFVzVXedURFhEt3spmsgQj43jjKCRsdagi:12000000000000000000:OKDOT:OKMYTH
15EYBJVrLq5tXNNLXeXjMG6QDDzrTRyLnPDYbR7wFxSPdu41:12000000000000000000:OKDOT:OKMYTH
12ZADYpVf1sZvSg74yyLoBHU6E2cRkervRTwoQn3JuB4pfMy:12000000000000000000:OKDOT:OKMYTH
16417VN2HDTfdeJ6zJQQx9TMR6hqhUdszeYBLku1chgEsAwo:12000000000000000000:OKDOT:OKMYTH
1FLNGeQJutUGxUn3hhkvfMWAoEp3Ca1GjirJiyVJC5orbbp:12000000000000000000:OKDOT:OKMYTH
165uAzNk8PRMCfHtXqP97mRYdB1pWGSS5V91LKcFoN7xfRdD:12000000000000000000:OKDOT:OKMYTH
16hXVpBtsmDBHzLq4M6R388pCwe9XyBH5mqoiZZg1u84Xb9S:12000000000000000000:OKDOT:OKMYTH
144D6T7t8YWLasbuKHS2dJ9TXjcu6ZJYF1AYDNKZuH9UdYyL:12000000000000000000:OKDOT:OKMYTH
15go3boBw54Lva4J8dU7qerSWfSG9aNXT5sU19MS94DMpdv2:12000000000000000000:OKDOT:OKMYTH
1jzrJn8dAiJVajcxv9UWBi5zatbGNkoS2bn1RS3fYWh7MWm:12000000000000000000:OKDOT:OKMYTH
1pNZF1qpf2onUFtSZFtWsWRPugH9KF8c7Ld14VSQSvofuJj:12000000000000000000:OKDOT:OKMYTH
12Y5i5TJkfsnT5fqXtExHV1aZ78E88pzhm7wjcx4kfpHSMbP:12000000000000000000:OKDOT:OKMYTH
16VhZMXqNze1R1Gd2kRBPwHF4wsqUMsY6b2zEbMtvjPvmpHa:12000000000000000000:OKDOT:OKMYTH
15wprTx2nMWzbUjTGFhMcqhzTxnFzms5ha2XZobKF7s7vhPi:12000000000000000000:OKDOT:OKMYTH
123GQUdTxZWSZTdGDTAwe2Ej6HnjmkiQN8DG9DQSwKy7Czy3:12000000000000000000:OKDOT:OKMYTH
15RrHvm2V5vW2WkDtGaGoqEW9PV5wxHGNNDw4YDDMAqGmTJm:12000000000000000000:OKDOT:OKMYTH
1eWMcByR5jyB6LnnDa2LfuHyT2S7EcWRhHHnMw1aNxvakwS:12000000000000000000:OKDOT:OKMYTH
13u7nrKLprXDGeD4Cq7haqPBF6CiJAsUtH8U9ENuKB4rG2V6:12000000000000000000:OKDOT:OKMYTH
149mvrMqGppjzEaBa7hGcPWEf7R4nocsbqGc22FLqcoDB7Eg:12000000000000000000:OKDOT:OKMYTH
16ixg5RsNXJRkF9LJfGCwXbENiN3UXE9ZkJXux4mZAKeGrgj:12000000000000000000:OKDOT:OKMYTH
13Y6uv9dWFmb1Ayoston84YUeJAkTXsYqZM7WeW6covjm2ni:12000000000000000000:OKDOT:OKMYTH
16SExMTTHGHWqkQUBz5gBzvao1ECgsaJ8mQddGkohWkamFU4:12000000000000000000:OKDOT:OKMYTH
13vzSh6ydQaeM6XBHofyksJaZ2ZMreTJhWjCGcjgcxRCjeUD:12000000000000000000:OKDOT:OKMYTH
1459e6o1WaPjZAtYPsLSjG8YyZDE8TV3jjX2oiYhUmrCqZXN:12000000000000000000:OKDOT:OKMYTH
163iVBWWm3k8qHvLPsTRpE1RNQPgNi33M3gCEJJ1YArfKQBL:12000000000000000000:OKDOT:OKMYTH
18HMWk1pLDQhdqJB12WtX3gtTZoCYYbTkgWg7C4hGnqqRrV:12000000000000000000:OKDOT:OKMYTH
14VGBztDFAr7gNhXWuzRwGhXMuiUZm5KSxCnohXBW9JeQCqq:12000000000000000000:OKDOT:OKMYTH
14b22Bp8qjZuRdkJ5TKGLtNbnTtTirQHMwcwHK724eh9HuVm:12000000000000000000:OKDOT:OKMYTH
13e6rpaFq3sYoNcU2mMedh6Fi3jgQJmp4SkAJ5v45fenQkRf:12000000000000000000:OKDOT:OKMYTH
13uCFLJbvbunZy7GdXxnRs4JvAtkzrGtdbXhAwqSPq4qpvCv:12000000000000000000:OKDOT:OKMYTH
15vizqDR4fucTi8CJ8bXbAbZHxQEYHuCqmuZw77pnjPRyEes:12000000000000000000:OKDOT:OKMYTH
16VJDywdNKPADh7twNwAEzBmVwgunffc4ZXjpcdFrMQrk5mk:12000000000000000000:OKDOT:OKMYTH
14AheGPBP8Xn3ntvfajSPNq4zNcQQsWCCzjTVVh7XgALCuve:12000000000000000000:OKDOT:OKMYTH
14GcR9uFqchKq6YnGDKDKkdYmbWXL1enhayYpaK2Vx9JmeES:12000000000000000000:OKDOT:OKMYTH
1wLSmZ7WxEJA5AgSXjwaGsmz2doThC62w5t1EQq5JK4ZKjF:12000000000000000000:OKDOT:OKMYTH
1WW7dmYZBgQZGjFv7risuYaj7277oNHQCTPU71zJzi1fdcb:12000000000000000000:OKDOT:OKMYTH
145gGmzZgUwdfCtFJ5eFTUidgqWM1zV5oQiY8khRuxQJN6EP:12000000000000000000:OKDOT:OKMYTH
15e74poiVcVVYytGJZ99TcepVegUdxDaQkAqskvoCCDtn57e:12000000000000000000:OKDOT:OKMYTH
1AE3qnmAk9utHztzFpYzqXn4Ksnez8Zf7N6TmGa7Li31cvj:12000000000000000000:OKDOT:OKMYTH
15aUU1cBRTe7koKEbC1C9S44Cz27E2mtZkuY7NLpeUkyu114:12000000000000000000:OKDOT:OKMYTH
15XDhFmRiaw64DmAYrxHkktT6B1wDnSACECGdyQwW1AGxExE:12000000000000000000:OKDOT:OKMYTH
1co8MC681oKCAbLmC5PF3gHgeeaU1gwPHRbtFZb5hRm778Z:12000000000000000000:OKDOT:OKMYTH
16HyU5CcJ8UVtEXy2JyjnJMW5WjPXJut2Ka1hbLUyrChMoJr:12000000000000000000:OKDOT:OKMYTH
12P7JDsP4ajQNZ51gwTdZSHJYHPiavjX3C2T1m39vUJDwr58:12000000000000000000:OKDOT:OKMYTH
15xuGwrcT5yj2ceyrWJAzjTNUvUCt3ZQVDZxFUh27Rc9QCKj:12000000000000000000:OKDOT:OKMYTH
12u7pnoEFM8jFiYSofVARmGCRzv7eeoEtBZGoF2v3rLsRcwC:12000000000000000000:OKDOT:OKMYTH
16dsGk6T9pJe2HwhGP5DhYdADdVCKmuJE52FdVJXampEiiwA:12000000000000000000:OKDOT:OKMYTH
16PYxXGnTKiV717Jd41VMh2kH1oJMUNPKDF6z9h9b3xtkdDK:12000000000000000000:OKDOT:OKMYTH
15wQ3xkuJijM5P8q8SmMu3TGMgRzi62vGYVCv7GhUfz4ijbk:12000000000000000000:OKDOT:OKMYTH
1yqg5D27xHaexnxr8Dq9vvSSv3Nx5apCENNGwyBiNT2Jahp:12000000000000000000:OKDOT:OKMYTH
12xcVeResj6JJAZxTR9rbS112h6vrHDaRoQoyCWJBKXxWU9J:12000000000000000000:OKDOT:OKMYTH
14MXSRfiCCNgzXatsb6Jgmc2TUgeYJbp2s7nxZY2tX6GW8gv:12000000000000000000:OKDOT:OKMYTH
165AEVcgapQ6SioVi3LuLULP8K7qpix5q2BvHvcLMskhzmUs:12000000000000000000:OKDOT:OKMYTH
16nBZjU5TUsiEEnYzvCARdttEvesujoEym7CFTC7TmJ6eNuu:12000000000000000000:OKDOT:OKMYTH
13rtfba42ameSWdoiJS4fVzRKre4AJjnKeZBY5SaV4tcixaM:12000000000000000000:OKDOT:OKMYTH
12Rt8zmTMVgNf5cwEN5R3Zy2ztREeMS3QGNdB7EdPazpnoZv:12000000000000000000:OKDOT:OKMYTH
14VugAksZP8ZBkBosWd1yqJE8iUHdcmnxKzqS68cCbKZ8ygA:12000000000000000000:OKDOT:OKMYTH
16HZnYDSLSgWGcqspwoL6dMdd7Gh7Y2V3HwqRVH8pBpWkZzy:12000000000000000000:OKDOT:OKMYTH
12Bq74NjpXNeaLYcPSKsmkn6GEAG6n5iirXp1W9XcK2qZiwu:12000000000000000000:OKDOT:OKMYTH
15xzJ9WqXKhiQRLNtHrJZYtueL6S6BFFDHsgCk9XN76rTLet:12000000000000000000:OKDOT:OKMYTH
15rSBaoK7XH29qWP5Ukie4x6pKesjzpUaR68j4dEJzqfZ1Fd:12000000000000000000:OKDOT:OKMYTH
15H1MpX9JSRC9hygM5uKQCb3KaiQRjwSLoUci5uAJd8vaYfV:12000000000000000000:OKDOT:OKMYTH
15JCysC778jUcwDnbRZEKrQEKnnHmGPGY9oyt58fMSVwvBU2:12000000000000000000:OKDOT:OKMYTH
1ArfUwRUuNGRvxm4fo8u16ib1GATau8b3Y46LVHn4k5qbqS:12000000000000000000:OKDOT:OKMYTH
14Hi7QSnRmTe6ymiEvzmaJKcdG3QCMqfNNY6gA7H3mFuUpam:12000000000000000000:OKDOT:OKMYTH
1BY8SWFZBsghJxeERLDkYdjSibwGUiVrGxgxNXbASPvMuPW:12000000000000000000:OKDOT:OKMYTH
14PYDgHXYKL7kQ6PwiGDbJht9Dh8nQYVx5uiEWyVz7tBzif:12000000000000000000:OKDOT:OKMYTH
12U3rcab5QJqKUpTuTgqk4aNcLaqmUqtjyVDmJYbsdcQ8Zwh:12000000000000000000:OKDOT:OKMYTH
13VsddTF66UMEDC5JLX99sCtSrrgp2ymUSJqcK1gVJAEtNRY:12000000000000000000:OKDOT:OKMYTH
15XsmU1PHuGgNWjFgnDjKgLaaFTdvDsHccvbGdAVKdkbSi8W:12000000000000000000:OKDOT:OKMYTH
168yHUufL4vzmi92uBXdSsjnRuMg8dEakSU4dEH3NwE8mkVR:12000000000000000000:OKDOT:OKMYTH
1dd4pHFQMBE93Pj7wb8XRbqpY3B8LiNfXdF8gMxQP1vitGc:12000000000000000000:OKDOT:OKMYTH
15UCQi5GP1b9VXu9nTVrhrFD9nhgPbi347TzCdzFd5CVuPQe:12000000000000000000:OKDOT:OKMYTH
16hDtGWUmXinHVYecD2QjhYuto7WkMxnMaz1WRtGTLNRN48v:12000000000000000000:OKDOT:OKMYTH
1znS1eLK2epLZRD4iB3jw9EuyGcFBHrrwVugJ6PWtuTPfXK:12000000000000000000:OKDOT:OKMYTH
167CMRZU75DuGKNddG2cnpELbnT2Fjs3gxe9MF9kC628A1rs:12000000000000000000:OKDOT:OKMYTH
15a3UnUoEfyTkkAiTaa7uCiq9ceQ1tj8bqSnguKdgT7Yhtqf:12000000000000000000:OKDOT:OKMYTH
14sBfQEDTkNNvx2cLkxkZb3x9uYkdhMZfSD11HrMyTdtowfn:12000000000000000000:OKDOT:OKMYTH
16Zehv1jRrQgppVukT5AuqMp7LuQi93fvALdnSTFT86GWGZw:12000000000000000000:OKDOT:OKMYTH
15Z6nyJtLXykJfypKooG66qxtrfrZGJLMw7bifAC54us9zKc:12000000000000000000:OKDOT:OKMYTH
16nJr6F18qNvpW9sKMNkQm6yngEk6BvJ1288jMC1oGs22U6V:12000000000000000000:OKDOT:OKMYTH
12zAHEsr95jEm9RS5Y4vF9zTWenscwKcAAcqG392rYM5ZaZb:12000000000000000000:OKDOT:OKMYTH
15tuKQJpPc86zmRzhGGgoyDqyu7dXFW8ywZvGjBpJQJrW3ar:12000000000000000000:OKDOT:OKMYTH
12VJyL4yKJMrBmsfdF48w5qxFaVYijGSgrQLb4ibucDndLk5:12000000000000000000:OKDOT:OKMYTH
151o5buhrFmjU73FL2cXKCefgBfwv8P8h94fMrCfwpgiX6Py:12000000000000000000:OKDOT:OKMYTH
13PwC1FWPPfwzn3uvbxVBMAJLdVrG1byb7VBHQGU1g4Rwatj:12000000000000000000:OKDOT:OKMYTH
16MeySJNv5Gy4VxMpAtHvco5zUnF9BQFy9m4xMwfG9TYxPee:12000000000000000000:OKDOT:OKMYTH
152xjcZynrZyCE7f4ZsQ6bfhccqXgsD97AZseozLowUpfAjM:12000000000000000000:OKDOT:OKMYTH
124hrj1c4hEQapBseCQv4uGyCX9Zu2sQqeuVT1fDFPUDBezC:12000000000000000000:OKDOT:OKMYTH
1HpXW9NdEC85htFmBbjpaquQYubA5aHLJLCQxD98rPBsUmA:12000000000000000000:OKDOT:OKMYTH
15gkFkchs2KGxxLjKBaQzCaUgUQ9kCxBzZHa6T7HP6TaYZmN:12000000000000000000:OKDOT:OKMYTH
14JTB2iXY2V2376gsuSsSwRymEfeU3RqkHhbn2XBGrnWSM14:12000000000000000000:OKDOT:OKMYTH
16GRwFC8MYCTzMNwW9fjAV36o7ykZyrfUZbGnmypr1urKm7E:12000000000000000000:OKDOT:OKMYTH
1xcAqwrdW6GSsNdsh5SvihGKWYsecuAv7YjmrikH1RbVcLz:12000000000000000000:OKDOT:OKMYTH
12xJr1fGP6QoFHRbSNSmHTryBYh1P5AFHEoCFkX8YiLa8HP2:12000000000000000000:OKDOT:OKMYTH
1VYmkskMW2VmSuxbtKiaQ6D21H7qAPDx2aWc5iBfCfGR3Cj:12000000000000000000:OKDOT:OKMYTH
14H6fuQ6zVHZy3C7qnHfYxaKNjUvzURArAQ8hLgcJr3WFFKJ:12000000000000000000:OKDOT:OKMYTH
12K8JbZbnxziawW6RnkniQ9rM1g5vnx1iZqQ6adgyz3Uk1zk:12000000000000000000:OKDOT:OKMYTH
14gbTBTNHgQRguH9GcRbiVn1doSFAxPm6L4TAP7Ys9JH3xKW:12000000000000000000:OKDOT:OKMYTH
12BFW4qdDDihoXANcftHVLhbEcuUH6FHxhksfhz69RHhDYsQ:12000000000000000000:OKDOT:OKMYTH
14YNruzHxPPd9vC98xF1zZrQRigBmNvVdhN7TBjAPQBcHojd:12000000000000000000:OKDOT:OKMYTH
15eKtNdBXpKGFzv8Fw3wLM7YT4J6NZDo5U7jzNBo9ua91tot:12000000000000000000:OKDOT:OKMYTH
1hHTZgjXKwexAK3KwLewHkQWSx7AgbhD6qMhRy1N8Yy9keS:12000000000000000000:OKDOT:OKMYTH
12u9MC2cGoDdru5GwSfSFivqSmcrJQf2ryNNBc2AB4GbqfAb:12000000000000000000:OKDOT:OKMYTH
16KpUf4n8pZro42PxnCH3EbVMUzU2hhGDBkbGgdCoCB7W3U5:12000000000000000000:OKDOT:OKMYTH
16QRsRS1Qj3CUQD9X419La1ZSfQ2FHxRN6ywSCANXTyz4EXy:12000000000000000000:OKDOT:OKMYTH
13LJ2SB3WUH5FmbpwnYEhoHc5GjYU3JLut7orrDdci7Ru49t:12000000000000000000:OKDOT:OKMYTH
1cmMNX5AyzHM6kJywgohoZPU4QqVp4WnS7KvnhXkqLaTZcw:12000000000000000000:OKDOT:OKMYTH
1QtdFYpDnJAVL1CWkh2DNZn8avJ7bzwWcpKws9uRJtjfN6v:12000000000000000000:OKDOT:OKMYTH
16TJ8qCcUQJ8LWzeJvZ8SjEfypKB1GpaAFif1Hpoj4sWeas8:12000000000000000000:OKDOT:OKMYTH
125YnKQy63E3YYerjp7nDzPZHCF5jNeAh1fVzrb5wKvaUoTL:12000000000000000000:OKDOT:OKMYTH
14NZ8bxydi59i3KqsWU2t79sVcJH9FzRSnp6E6sFDfg1dcme:12000000000000000000:OKDOT:OKMYTH
147AEAv6s7FTHYsVxMSUG5nf742fdVZYMy2VzSRTrpVzPTut:12000000000000000000:OKDOT:OKMYTH
1m2b4cQgMrPtrWqvq9SLdoJHpSw4Y4MJuy1ZSgmKyB8UiYo:12000000000000000000:OKDOT:OKMYTH
12uRyaevirFMNhrzrPsX9rKN66ScVFmMGuKzKowxTicnbf35:12000000000000000000:OKDOT:OKMYTH
14a54VRgzfHKVcQMQaR5NepUmC8UK9DDkgM15KQnWdh2jaDh:12000000000000000000:OKDOT:OKMYTH
1Yn8AcHEfzvxdph4tJQ7MYWod6ega2Du6MWuzPERL1qZth6:12000000000000000000:OKDOT:OKMYTH
1c7eKr4Ubtp53LsavfYdPP5skahCeQdbxMAfVZ2976sFhuB:12000000000000000000:OKDOT:OKMYTH
1tzMKhWv7wCvEQ9CUkGb5htqdPjJBGqLwkeRQgWZ8JGXyTZ:12000000000000000000:OKDOT:OKMYTH
15J74peP8N445XbrKnxzJ9fxwjeZJrBMicGw917tzLi8KJik:12000000000000000000:OKDOT:OKMYTH
16a6wHt8EtXzx71ikruZBHBtWmrswA42nCnCVoonN5Qncggc:12000000000000000000:OKDOT:OKMYTH
135mPyJfaUXtdTCzTtEYyzLfm2tpS2FJsvX1EAymaGhVYJpw:12000000000000000000:OKDOT:OKMYTH
14EuJ2pm3kpxEjdNDoCtFkJr4wKXArQcxn9j78a9JgenuJSE:12000000000000000000:OKDOT:OKMYTH
13rJgzfbYXPdajVxijVNj6zge5ZVugkcNDdh98PiFzsBYDMw:12000000000000000000:OKDOT:OKMYTH
15Z9T7r3yCW2p16zyC9QBbVfmd875jaFZc3DEKkbBLMRmixa:12000000000000000000:OKDOT:OKMYTH
14TnNwVQRfwz8qpXdSkYERzniyYBEXMxX4ZWP5yqbjDeWDhM:12000000000000000000:OKDOT:OKMYTH
13QU3LsuJ3JM8UMDyxVd5ywTDkuhdNeyJ24e6mbS7N1j9c55:12000000000000000000:OKDOT:OKMYTH
16YoLZfJzQLzWPbqv8BnG8E48XQ16tHMqdkHGxuFbDJ896Vi:12000000000000000000:OKDOT:OKMYTH
1VT64Hdj1W1HgSLTQ4VkRQvQDTvHrWjCFEhzBdEGE9CQgRs:12000000000000000000:OKDOT:OKMYTH
15wkaoirTzHmT4bfJ95699i9ok3QzYhbVwwMtzudtiJTKaMw:12000000000000000000:OKDOT:OKMYTH
1xG4DGHVCgHphgAcXVh3UCi2KYYfBvR3kcico193E6zav6j:12000000000000000000:OKDOT:OKMYTH
16WFLFeZUqEd7bKU3Q3D1cjtYRNszSZAdJKjSSrqjwf8tAVX:12000000000000000000:OKDOT:OKMYTH
12axyD8EGU7Zr5eszQ88NewpKjJDkwKMx7kK8JKRremKqhnk:12000000000000000000:OKDOT:OKMYTH
13zz4wbgj9VkeSTeECAZKMtY1D16f2cRzoZXqJ9yHSXNGgjp:12000000000000000000:OKDOT:OKMYTH
14ZpSvoohgoYxLRYKNTprYfRvygEqPdXurBttnnc5fAbJ5k7:12000000000000000000:OKDOT:OKMYTH
13c5YhvSdHnRzkCR6y9gAKDQL3FeSuudPXRKmsC3o8BH5W38:12000000000000000000:OKDOT:OKMYTH
135sDat4U2nvfTs8hGCheSaKBYVS43xkTtQUaay1rjTLyZP6:12000000000000000000:OKDOT:OKMYTH
15onMTNzgfmhVN4PemDcoSKeQkyGXWuBpAoHD7wsxW5A1e81:12000000000000000000:OKDOT:OKMYTH
16kFGGyaQ8RZKHFXbKoN5p1VMj8FK53eD5eGh4NV8ChsyjW8:12000000000000000000:OKDOT:OKMYTH
13hVdbN438Nz56NLGYqjF82T2wcg4Azyuv7UVPF8hvQQYDFJ:12000000000000000000:OKDOT:OKMYTH
12rB4vT2aKYmz7Qq7KhgeywcLjE2cLuqAXMiwNTNzudk7FXi:12000000000000000000:OKDOT:OKMYTH
14Ko6quTzanNMsKkrAm4VkEAusAqvrUar3FYHGQNh6t8KVfo:12000000000000000000:OKDOT:OKMYTH
12aykroToNFgSzacTEtZYfsaDEfhuPFkmFceeNfvZWDo5Cyv:12000000000000000000:OKDOT:OKMYTH
13ciEBJNfnDjEqBfBs6czEBayPeoj2mKuAmP1ddMGXj1xUKM:12000000000000000000:OKDOT:OKMYTH
1MnB2bMoCA67kTmc9WZaNPAtQ4QCvGP6LgJ8h53ZLXN1u3w:12000000000000000000:OKDOT:OKMYTH
13SL6g5swhtzzACjmnu6Rss4H2rFHK23VPyxjNEw9WZwjqqR:12000000000000000000:OKDOT:OKMYTH
1dkdob4aueGepXfHbKeoZJrcEBsnwYHj4MMRNHQYcx9KZT7:12000000000000000000:OKDOT:OKMYTH
14o8E6NKKRnFGn8McQsKBiPLtsQAqGpjo4VBUx4ZwvtrA9kg:12000000000000000000:OKDOT:OKMYTH
18oUh4u8tjDNRJgfw1o9vhWnNPm3W1QzEbfTgF9i5wfH9pa:12000000000000000000:OKDOT:OKMYTH
12Kk5Q73V2jGMvTGjUQQFbX1KrJgq2FafTeXZFgRJ2LhxJBB:12000000000000000000:OKDOT:OKMYTH
15cgLJ8keZc7SaB4tNDcwmUvmihJo2X9Tux1ooBXrx47fNBR:12000000000000000000:OKDOT:OKMYTH
129hML3z6ciQAa8nFVYJcVHEzHN3ru7E6FxUpCrDGPmoFtn1:12000000000000000000:OKDOT:OKMYTH
15KDo4RC79q9tFvRbPW5E1fX2kWmUuWA8SunmWhhBPybojJT:12000000000000000000:OKDOT:OKMYTH
12vv4DBaNaNkkFa7k724o1KrdwXfZZFXQzPqv7DvdPJvVZ94:12000000000000000000:OKDOT:OKMYTH
12nfNkgLBEX4Nx4tSoK3ST4YEoPM1QXaYTR1CiUedUXcrofr:12000000000000000000:OKDOT:OKMYTH
14Yjf1stJ2Ef65QFwxevkRouPRgUKNQ5L8zJBhRE6bErZA4L:12000000000000000000:OKDOT:OKMYTH
168hqi9EG1b5dFoT6AcTh95YAKKBRirswjHuwVGaimdfsery:12000000000000000000:OKDOT:OKMYTH
15CcaJRdtwRW6P3WqdjnsUB3jUMw6bMZ5t39a676vrNWktiT:12000000000000000000:OKDOT:OKMYTH
15qYG5FUJTc3KcNNi99ULikDGEWMvV7htNpE3mZPMp79Qyjq:12000000000000000000:OKDOT:OKMYTH
165Cupjtx72skssTbNWq4VLKR4ois2CsuhHQ7JWBAwdtE5b6:12000000000000000000:OKDOT:OKMYTH
12tewdK2kqzKC2Jue1U1wcukP1gBUUMpjwXP3kEmvZHm26ey:12000000000000000000:OKDOT:OKMYTH
14MRpCvBY1DCBknHqcNSEyKdGAWDXhqEnMs3FWgboWD4VR7m:12000000000000000000:OKDOT:OKMYTH
1etZJKRV5E7ANdZoEa2kFSAw4XV7whSHoyXZiu2h1CNsxFf:12000000000000000000:OKDOT:OKMYTH
14UWFaFS5E2x3dY4mLYVFMhLoe6n8chrLv5t44RNMiA7KrQw:12000000000000000000:OKDOT:OKMYTH
16PyCUwbbs4N43cBj7bweCuVT3pgkdRSnwTt5uq3QUQFEz4Y:12000000000000000000:OKDOT:OKMYTH
12NDgGbffjnynNW8kackvLJ9hquqGsHBRxRWNJVGiioc8tQu:12000000000000000000:OKDOT:OKMYTH
14MhSHfeSCNcG3nBAENiHBxohmgzXwNcFgAJJQu5PudCBwsK:12000000000000000000:OKDOT:OKMYTH
13CAuJ9cCScaJJvXSk9qxnvAiJ4TwYZFnv6hH6UMeibs7JCG:12000000000000000000:OKDOT:OKMYTH
13KMnt8WRhY36yVyF7jJmYprTTX4AkCEVgru761XeANsTyoY:12000000000000000000:OKDOT:OKMYTH
1wzgCTKe8wDyhyx6Gn7eZ9Ei9R6uV1SCFyg8rqs4bkz9gre:12000000000000000000:OKDOT:OKMYTH
12PzkNpraR1HqV6YPcKmzPsY97T25LjHV6qBc2wDLQTqEuuu:12000000000000000000:OKDOT:OKMYTH
134BtSvN9BcWDGT3HaeHiC7wLF4g8HfdmaFC3rtBMqg4XmQW:12000000000000000000:OKDOT:OKMYTH
12vobusp3GW1iGqKgxmCQHambPhFRvCtuefAhnXpAHRcHJAw:12000000000000000000:OKDOT:OKMYTH
14BN3uvZtZUbawZipyq9LEj6ZhkFJKg7eAb5Re1482E1HgeU:12000000000000000000:OKDOT:OKMYTH
1BTxm4tLefYQbihHtX1FmVEL7RJGkD3yi5gFY48hUajmk3D:12000000000000000000:OKDOT:OKMYTH
12eBN7L5EtXx5sYtU9iRXFJGMki2N5L1qt8MxYkxfTfxU2yp:12000000000000000000:OKDOT:OKMYTH
12SzV29MaUCMQSGByaVewdQ81hW7HtqJs5JDTxwviyqDUGcB:12000000000000000000:OKDOT:OKMYTH
14qXaSjEGboHz71G6fWck6nbH8eeDNeD2SvDuSY74qjkbMrp:12000000000000000000:OKDOT:OKMYTH
16nKr8QLCVvLx4uxpgHkLVqfdMVurNKhgejyFbSAQZu4HEkV:12000000000000000000:OKDOT:OKMYTH
14oivW5gM4uYaCAQZB7PDwSyniwq1PvQTpaSviatRYEdxFJN:12000000000000000000:OKDOT:OKMYTH
1644PsVCwsnesVLvzA1spkniKXHWDgKWCZQEfNF1vEkLkkUm:12000000000000000000:OKDOT:OKMYTH
15tR7Ai7sq8L4a2kNdBRjXSep7o1oXsSud3EitS5DztfP4Ki:12000000000000000000:OKDOT:OKMYTH
1LThZkauGehcgGNWLxc2WcuFyuevQNjtrUsJa5dU3Rn9sKH:12000000000000000000:OKDOT:OKMYTH
14kFCXWU82S3SKScttSpTPEULUQQAAwPbGW5QqdBxfx6NKYc:12000000000000000000:OKDOT:OKMYTH
12f73D4nADsHBHodC865o9KNvTNpqANagtYq4nVLZbLR6jTA:12000000000000000000:OKDOT:OKMYTH
136XSd82MYKjDZknwag2Ewi1NY3sj67T8LUtteAgbbCKutAn:12000000000000000000:OKDOT:OKMYTH
1oDQzPHpVw4FAHn7mESWDtx4S5Epd4Uwpvn3mc3P6yA4fe4:12000000000000000000:OKDOT:OKMYTH
12N3jBUVuTtXZtHXW3B2cYrfEYNEYpk5CrptUmmdYZZqMsRL:12000000000000000000:OKDOT:OKMYTH
14c66rHpoYiKqabtZq3fPYifcv8XW8TiSZEamPUps6TSEtkX:12000000000000000000:OKDOT:OKMYTH
145xUvduPnGaQsyyxxi6hc8rEmMhtYhZMEpWEcMLgDJSUPq5:12000000000000000000:OKDOT:OKMYTH
13qhPMVyKQBBDR9PqS2heGTXzDRyN91jheEy27arYoux3GJd:12000000000000000000:OKDOT:OKMYTH
131xi3MCjRwzTagjQjTrexcRqEFG9eJWXWP5KnQQ6DUYD9ou:12000000000000000000:OKDOT:OKMYTH
13xA9kxMHxMvStknfdxqD4qRVMAxVg2fiN9jHHgA4KXuZ6Vp:12000000000000000000:OKDOT:OKMYTH
1wMuSBNb6ztx4rxtsUWLnCmokQkMmm5a82hnJkWtg4gvuj9:12000000000000000000:OKDOT:OKMYTH
1AyGU4QX36Z5iTHS4wEoFbn45kqqw7FRMrnjQYGopkNEyZ4:12000000000000000000:OKDOT:OKMYTH
15oLVLVzJnoMDwPo6sYuGj6QzP7kJNFKKwwqr8PD2Y5hd7CC:12000000000000000000:OKDOT:OKMYTH
1HPDspE2d9qFsko8zukiS36dGHfHjsohejExpf9A2vMVr5Z:12000000000000000000:OKDOT:OKMYTH
13DAQM4m4P9rW3LfPCRwaTUW6YoLxRpjuiNzDFfq1uDSRJ3T:12000000000000000000:OKDOT:OKMYTH
12Gmq9YshrV2P8HjQktir45sa6KDCNDwvyscmxndmrXirvrK:12000000000000000000:OKDOT:OKMYTH
16SLsx56vwnvsRgbv4tsApmiRHioWyZzpAWouU2qAMChPpxL:12000000000000000000:OKDOT:OKMYTH
15zNQHBMtkV3Xf9yxjdhkwNQB5Tj45Q62w4i3V8CKCCbxvon:12000000000000000000:OKDOT:OKMYTH
11KNpxS2AZTqPkyKg9qSyguGxqDYB5sGJxS5qdpYosHsrqm:12000000000000000000:OKDOT:OKMYTH
13RGMxDk71cStP78DqkYh7arXpkwks1yktgnJG5a4A4j9WXP:12000000000000000000:OKDOT:OKMYTH
13oiZpKJgfdvYu16dx3FUuwmopCcWApE8PYgtKGrxsiTFb6h:12000000000000000000:OKDOT:OKMYTH
13Z41So1WH8UrJpETX1kS8qHKKYYrpZbDvYrDKuKt3iA2bWn:12000000000000000000:OKDOT:OKMYTH
13N7d1vT6csD6NribRhvHMWTXEzSL8UZ9JcjU9Z48YAzrnYC:12000000000000000000:OKDOT:OKMYTH
1g1yRsmArNg9d3cyqWCSioy6QYXqMSEb4x1KkXJAowqQWbE:12000000000000000000:OKDOT:OKMYTH
13fJbTn6tMRNKZLNNrm1oVxehxffK8WeVLHF6tHS3yxdqoVt:12000000000000000000:OKDOT:OKMYTH
14GwCo66FnYKLYBQ6hwxyUqeAsDCgXjsSGXdnGJL1zeQVPkg:12000000000000000000:OKDOT:OKMYTH
13qPv8iVwEFGynHo6Jn3StF2qAyiXwUN95QmVMWELMbJG8Nu:12000000000000000000:OKDOT:OKMYTH
12ZNVcw6M1P7TAzfxrFxyXP4HhPHPVqQLgdrZbaRHBfddyx8:12000000000000000000:OKDOT:OKMYTH
16BYYHBYv529gyvDM9hkvJbAtUr8BuwntgqCiFGN7rR5Yok6:12000000000000000000:OKDOT:OKMYTH
13Fd6c6iuqYvU8KD6qyWYLrFZBjko9n9YZWCuNridSBuLNYL:12000000000000000000:OKDOT:OKMYTH
17pP4pinRmyvDHpmiofeQU94k2DgweUhM9RCFreoMVYAddU:12000000000000000000:OKDOT:OKMYTH
13zBjffT4fWtsf6z5jQ7wB4uJnF8gxKWRCoyLz4egZZpkLDu:12000000000000000000:OKDOT:OKMYTH
165sJubZWtKFwXWFDob8hiCM7uqmMbJb9soGDdczdTyWoqkT:12000000000000000000:OKDOT:OKMYTH
14bSRjtQMHJAfdHoaQqApFAAyANamR7dLmgdt1bJuQvzqWb9:12000000000000000000:OKDOT:OKMYTH
15b59q8WrDWGDeQZQZsXsZ4jyWNfrHT9Gmqi7t4vukGNNYd1:12000000000000000000:OKDOT:OKMYTH
13Mob5AED58MP8dq45nN6x3CW1ZzQiJ8pDuqCBPMer9NqwW9:12000000000000000000:OKDOT:OKMYTH
16QN332ryFEoJZGVDs32yLhFGLJWAfMp2yQcghCp4nKoa5GJ:12000000000000000000:OKDOT:OKMYTH
13S8Hz3Xq4QxFAMuAECU9iFzTuMXBArNeKGdGWpomz9HMxCK:12000000000000000000:OKDOT:OKMYTH
16B249ATzbahD2kNUSzhUPVXT1BoGNM1qRq5bQv9uBho12mv:12000000000000000000:OKDOT:OKMYTH
14p2rTAxQHyBYWPNLgMk9kXuemQfxf4UFoX2zRB2kJDpogW3:12000000000000000000:OKDOT:OKMYTH
16dzFZH4fFmVt7gBkdMXYYcFwrDpRXJrsJbDLH1PKVeHsHWo:12000000000000000000:OKDOT:OKMYTH
15ofwdAbCmEXVDbNbzYR4Aa6w4NA1DDjYqyhHPTeJtt2GRoL:12000000000000000000:OKDOT:OKMYTH
15AYCFN9q1u5sYkHnseCh5Pr6anAQpvPGq2vbYBKA1Gpoo2x:12000000000000000000:OKDOT:OKMYTH
12n3Bctzz8NoKcbfLvex6xFxSwhECoWRCKb17rhaK2UqgKbB:12000000000000000000:OKDOT:OKMYTH
14NoPmPTbHq8oCKfUxUH2JftdRyZKvddUkqskAix65Chih1Q:12000000000000000000:OKDOT:OKMYTH
16c9UNxszvufFHjRfERrYHHENd8JAi8HiQGpcepoUqs2CiGb:12000000000000000000:OKDOT:OKMYTH
18oCMiQ2FFYNJrgmNQXsYFVhDez48UKPDMGcR6hYtqWceqB:12000000000000000000:OKDOT:OKMYTH
13SouZ6LuS3QvXVXXGRTGsyCwhqWy3z9hQYcjvwPY4iQf7gi:12000000000000000000:OKDOT:OKMYTH
14ZSFEm37WdurpHRMmXk1x83r9VS6hNMryj7s2YFQhTTt15k:12000000000000000000:OKDOT:OKMYTH
1cujhTxZVGEsHK91Qr5dkSia4oHyZSfGNpDh7AUboBC5g3w:12000000000000000000:OKDOT:OKMYTH
149iX181YU7WdtJFDKxbsgzunvJFpvEWjpyNaAW8XxSYDcYu:12000000000000000000:OKDOT:OKMYTH
1jkP5jxkyqq4FC2w61d4cwZQvvtwhA2RQkDcEVgeEYjogxW:12000000000000000000:OKDOT:OKMYTH
12xDTt6Eae7L6P2XY8LRncJfbs8CdiR9aLxr7RJ8hQy9mc4r:12000000000000000000:OKDOT:OKMYTH
14uoCUAYvzaebUmvRsvyqMLqEzvdb7Y7GxEtBSTckCdDLDyB:12000000000000000000:OKDOT:OKMYTH
13GyqooFUE5UQxP21oZWzsLfjdzyjoesDD8HATN8ZL8BJzgw:12000000000000000000:OKDOT:OKMYTH
11hcS18FHYBYeZvVa2g2pWA8p1ny9CRrPfmaWEvP9yj7uyX:12000000000000000000:OKDOT:OKMYTH
15rZqDoB8SCB9ERDnZrpbjEMtzhq4xtrUyeqGUR6wviFcsEV:12000000000000000000:OKDOT:OKMYTH
13VR3qY1bBnKqRAbCQBtP74YdfSBrvfqnkSR9rHFiRFu1ZGA:12000000000000000000:OKDOT:OKMYTH
1v9zG4TheLdYQxME6EJLHqaVgydVZXyQchctjpuNT9pVbRT:12000000000000000000:OKDOT:OKMYTH
15mjoSaU6ZFYjmNGFRHzsPf5RxJcHLVDK5pDHQw5rwcyXUvp:12000000000000000000:OKDOT:OKMYTH
1xR3XvnZdedYAviSFRKiyVnst7TM7iVAkHzBexGvRQ4qStV:12000000000000000000:OKDOT:OKMYTH
1cyLpZMu9cftdmKR396s5Df3LFZfmj9wXpvYukfan6BwNma:12000000000000000000:OKDOT:OKMYTH
12RHapM3DJnRYeAdHrBczB9kEtJgN4c5TwjW16yeuK8CHimj:12000000000000000000:OKDOT:OKMYTH
16YDr6RV46KsKoRdSLZbTvwk4c2Xoztto325W5FHzyNwiauf:12000000000000000000:OKDOT:OKMYTH
121j58N1RCxLEydyeJjiqYsng11AMVP736zXsJEedCNtTHHr:12000000000000000000:OKDOT:OKMYTH
14mQuUcHP3AUcmiMRuaGB6CwNgXxXyc2YRgedCBZ9pYXC2AQ:12000000000000000000:OKDOT:OKMYTH
1477gmRPavubXUTqFMFcjdoGS4ApYsjF7qpyDdUUjZTVA8hD:12000000000000000000:OKDOT:OKMYTH
1272W4H7gcHP5k5PtHELSWnfjqKkbcV663eHYB3dHo5jMQqD:12000000000000000000:OKDOT:OKMYTH
14fKbN4fRF5S9jRcv7VkskY2SMDmLhi4pAj9s26d9LzQjpTa:12000000000000000000:OKDOT:OKMYTH
1YbEpeWa5tG4pNEzsWZ9jRGch7h8BaeQGKS1vjyhPJ5psYk:12000000000000000000:OKDOT:OKMYTH
156pzdXDKqoTTCoHX795QBVAAEA6V5dHUKCi1gkMNqqpJt51:12000000000000000000:OKDOT:OKMYTH
122qiJSk4EGMbS6zdPegDviujfnB4pjd9cvXdnAfJxSTuoJX:12000000000000000000:OKDOT:OKMYTH
14wEF4Mjcjt8zGiSujciAz1QgZUUA7CjEj9TU1KaBWt9keZ6:12000000000000000000:OKDOT:OKMYTH
16aTFfBL3b9jmFzL87BkkuZyRypmtWCrHL1mpLub7wvLhNUc:12000000000000000000:OKDOT:OKMYTH
16AqFMbLm65L45yX4j74Gey9ZzyjYfYiUnubiqYLpJhnEm5j:12000000000000000000:OKDOT:OKMYTH
13AouLMYGszvv1oWMRgyMDzmBmzgpgwq9AwHv2Z4i8fkwt3W:12000000000000000000:OKDOT:OKMYTH
14EoywenenWzopJU1TFQmhUYi8iqrgSqzri1g19bCW2ktkiv:12000000000000000000:OKDOT:OKMYTH
165SNPoZYQ2UhKxhwsqJfrQyjUEH6urgBcnf6ZuxhsXzFdWL:12000000000000000000:OKDOT:OKMYTH
148C6p4YJ8ayR7AQ7HhnVvHuGaiC38boWMJJBZYvZN2fmZsB:12000000000000000000:OKDOT:OKMYTH
1434ZiDVUhHWbXJc165nfGNTkejcbvnQHH2MXsB9Yw7Bvvug:12000000000000000000:OKDOT:OKMYTH
14mnDiXBksNvmbdS53JwnturuJgYYtvUpUnxpmF58CWBm55c:12000000000000000000:OKDOT:OKMYTH
1BzYcZdymypxhFJ4Rwz9TsLJ6mELCnUDbVvKA2xFNFTuprj:12000000000000000000:OKDOT:OKMYTH
1629Hn3QFhZfPfV4eXgR4ndqcyZ6mRDvh4qz6SnsYkMj7QrL:12000000000000000000:OKDOT:OKMYTH
12D1AK2bU8QQLQZSDGQdzsvhkT7xzjua94e9fmo1eagGf1C5:12000000000000000000:OKDOT:OKMYTH
14kqnvgu6bqFPsnaKao5ayetjqx3DpBXVpxJs32bPHhb819G:12000000000000000000:OKDOT:OKMYTH
1wKVX8eZnqjjaU9akKEbRzgFF4yUAmDpFi2dMB1K8zVih6o:12000000000000000000:OKDOT:OKMYTH
14kj24tKS23uKzvSbXmLDY2mYYtnwnaeS9WQMt3yWmxhGyyN:12000000000000000000:OKDOT:OKMYTH
12XPZeZmjGwsodznSCVSgogLsf3y8Fe8674HeyodKCzCqyS4:12000000000000000000:OKDOT:OKMYTH
13MNgbnSi9c6tn5ZBkxW2rsuaSqthU6wQSSLWfas2Pg7NR3z:12000000000000000000:OKDOT:OKMYTH
1M74by2vGkE8eEmrDeCqcuDRXZ3XZdpmKbww8VLCq5ubfMg:12000000000000000000:OKDOT:OKMYTH
129VGFEq2oAbJfMFnLLrpz7M44DEzdTHi6DFYFgtorY2Sps1:12000000000000000000:OKDOT:OKMYTH
149Cj29eCoJM2M9j8CkKka1h8H97kFXfbuu4AfAqu3Hsp6aH:12000000000000000000:OKDOT:OKMYTH
1eSzV4dzY9ooFxyQQBmDxdJWYba9GLz6PxG1KVPWU62RS71:12000000000000000000:OKDOT:OKMYTH
13Bvm8XSB21TiF8yMR4euVoUEg5A7WHtGszN2HsTGQDXZuT:12000000000000000000:OKDOT:OKMYTH
14Jz4GhaMc6Pdwn5P6ojxQUnw7muH6Cv4Cq468MD4MNhZkxP:12000000000000000000:OKDOT:OKMYTH
13gaDevCHgQXWDN8WSj8jZCAsFqgwbdgvUAqFbG63B4NT2S9:12000000000000000000:OKDOT:OKMYTH
14DNTwFEYLnjMCrbYuhzJARgmkEuMULuWoW7FF1vRKxcyCPR:12000000000000000000:OKDOT:OKMYTH
16X31eZoMRdrZtrLoQgXr8AVHMuZxbqfqpbyGjPMqiMoBw48:12000000000000000000:OKDOT:OKMYTH
13kgYhJHQTWYNjbbERXEYfn2GgTsMfANC9BLCKJsbZvpvoSs:12000000000000000000:OKDOT:OKMYTH
159a9Fu8GNLZkgYRcYfLAdshUA62EFo8H1BTQq2W6u9xA13S:12000000000000000000:OKDOT:OKMYTH
12EfNGgcCsFCnhNvjie1K6WE9U2d5WzPGW4fHmZbxEnqJUjm:12000000000000000000:OKDOT:OKMYTH
1245aNEeWoSCexdCYCHbZtRzBameKpQT9nZAvF8rfK4RoEGZ:12000000000000000000:OKDOT:OKMYTH
131h5UsZUF4vcHuVvKN3YscN3CDuwc3iLeCzKRpg1zELVqwT:12000000000000000000:OKDOT:OKMYTH
15AW5DD8GtLSwWoWjFzWmZgTK33eECy1QSdT2LRAJ7X7vPQ6:12000000000000000000:OKDOT:OKMYTH
12h2XHDP2znsPDxYNQBf4ejdisxSBWrqzA2Mgc7LMxpD8efA:12000000000000000000:OKDOT:OKMYTH
14AY6Gg2Ma4EkmT5Hz3YzoPkx4JdoJgFXbYC2SG3CRM44e1P:12000000000000000000:OKDOT:OKMYTH
15TQRvZDckYqh6H7H2Eu2iRqgXA9g9Kpz3yvLWbmjiiipYMJ:12000000000000000000:OKDOT:OKMYTH
14FzBYWeh9kR3Lg7G8M89QLgNQDgy4RDSeGzqbx2XkjBYfxK:12000000000000000000:OKDOT:OKMYTH
1hyg9K8W5vfzi65UQqmKz6JSis6reHUnrF238oN9EYjdzfV:12000000000000000000:OKDOT:OKMYTH
13ddLAtjpc1L2Np8QcVzUphfJPRGZ42WqxJo3i5m3ok8H18M:12000000000000000000:OKDOT:OKMYTH
14AUZE9ghGth9MMRMUgWvsKKeUuAorATiTus7KU4iuEfCUQc:12000000000000000000:OKDOT:OKMYTH
13o9382uTobrCpyCw5cTQAK2AWs8vNFYkQpKUUki4B7NA6gR:12000000000000000000:OKDOT:OKMYTH
13JUeK3ijmSfMEBV1cstPNmMhF2DqbUrWTNgvbFKyHkfANah:12000000000000000000:OKDOT:OKMYTH
16V4ZTf9cB7DMmACi18o4oMKq5v7J8kCUTzz2dqHwi3hMUxF:12000000000000000000:OKDOT:OKMYTH
14cto43UG7DGPiBMtdXwjSXTsDfRcHy7x6aTihoYzLUuZe61:12000000000000000000:OKDOT:OKMYTH
1P9HbiGiSxdX47oGynTbTk3zpL4HswbzPQcoLNPHQ4cNY9e:12000000000000000000:OKDOT:OKMYTH
154T2WbPyCc8jHTj1DSHGmYuBoAQAyjvCctRsPrcDvRaDiTc:12000000000000000000:OKDOT:OKMYTH
143nhAqbU44mUX7f9TbBsnohM7q49emRAz3XPWJfmNuRuNu2:12000000000000000000:OKDOT:OKMYTH
13zoHPo2NVfaBmjF1d7b1Ax8JAL8pQ9z9VZWHyLBokdCt9D7:12000000000000000000:OKDOT:OKMYTH
1zbjXcbtJtyHbiu66JtkN2TBrVJnH31iTjvpiGGorrJMhC3:12000000000000000000:OKDOT:OKMYTH
15mQUG2bny1LNfxxcexoppbU6a9nZYHHHwKh4CD5ZNhVpdX4:12000000000000000000:OKDOT:OKMYTH
13DVroiZjsDKPrrzvJ4L3R9mXNy7i6NQpoxUConLubgdHKnB:12000000000000000000:OKDOT:OKMYTH
1EcSo5h83msM5kqgffD4kdn5WcF5oqwfsbC6A3aR8qG713f:12000000000000000000:OKDOT:OKMYTH
14wU2Di5jW1QCHdj3TY4sMApZHQvJNX5YX1zCHJm1XTnhpm8:12000000000000000000:OKDOT:OKMYTH
13oRAC9UjMwudXdpKexzhY1SyYVbZyQbmZc2747TSD8TxAyF:12000000000000000000:OKDOT:OKMYTH
1vHPM9QE2GAxd238sJSgNLTdoZNz9dx9zZoZJzwH7tynszo:12000000000000000000:OKDOT:OKMYTH
14msSEJi8xxyAhsfQPEWT7p2f9ygTneHJ7gs4mdvBacRmFh5:12000000000000000000:OKDOT:OKMYTH
15oLDXJXSSJmqHTVqy46rpr99Z76jWGCJrSUzUDCbXj2CjLF:12000000000000000000:OKDOT:OKMYTH
12iZKHWH36k5U5Tn1C9nKN38GwMGsb7C4nLkbaudwow7m1zF:12000000000000000000:OKDOT:OKMYTH
1zTqNhwWtRz6eYadtzGmrct2tMgU3KbeMh64fE16MqrXBuR:12000000000000000000:OKDOT:OKMYTH
12KAB29D5idPEPxLDUpTr1eKsoAGppUJBQm6jfnpcu7de8Lp:12000000000000000000:OKDOT:OKMYTH
14t7khnYNucR86EQDTfuCeUYmqppnPLqxHR78UVTwGBKZEFF:12000000000000000000:OKDOT:OKMYTH
13T1N6vC8ALKjei2kWBSoZuM7pJ8b3BXZnzM87igfvuQrG4b:12000000000000000000:OKDOT:OKMYTH
12w2VFNaDB8mxQ8CAb981rNbFhnwpn8c7jv28dfBznyVCr5Y:12000000000000000000:OKDOT:OKMYTH
1P5r5uSiAFLFXE4qhywBeoRpgLg3bLDPn4dTYJFed27Mmyz:12000000000000000000:OKDOT:OKMYTH
1VEqGSWk2ekTCuFx3CfCNR1z8qUTWyeGJ5g6ACeXoyjxt3h:12000000000000000000:OKDOT:OKMYTH
16mRzkUWnSDHqXvhJVMcWKQSHj8D9vEfzrPkh6mQNBWQ7jbX:12000000000000000000:OKDOT:OKMYTH
14QK6DveC6gZqozbut6vf7eVCsUUrU5z2bTimcRUgsm592KD:12000000000000000000:OKDOT:OKMYTH
13ruZJZobLL6PGTe5mdrL9ghVE2jofHMbNNgAogXPnu6GahW:12000000000000000000:OKDOT:OKMYTH
12bkKSjgFqepRwNzxjcmqkiuWbNmCQqeMqEhrny2pdpRYsdF:12000000000000000000:OKDOT:OKMYTH
15Eqs3QkPRPpaFNQ7jURuMkk7XE3MZW7Kx8pQYvXtjJW84Lw:12000000000000000000:OKDOT:OKMYTH
12fhEC2Piq9my5xYM99HCf8HMyJLRV9GiFkZk3KPhVYkPNVF:12000000000000000000:OKDOT:OKMYTH
12TS175pvSudexgej81LTYdDF8CM6XzSWpoHFSRZW7o7PdH1:12000000000000000000:OKDOT:OKMYTH
14RN354LyXYLFhMBqD34FqtbSZPPARZvLYH4TSKXjAoLzUCo:12000000000000000000:OKDOT:OKMYTH
16AqFCrvdz1o18xutnRNmXYbMDJqSdpyVdijK6MMr26CXJvg:12000000000000000000:OKDOT:OKMYTH
15jUARWu4RndqWsZgvcsDgYDdn3K8SFFwgBEP46yL6epFYFd:12000000000000000000:OKDOT:OKMYTH
15CaD5cGhd534zaGhLgoKEQCR2hsNSRXPNMnQ6yxo7Uc2f1X:12000000000000000000:OKDOT:OKMYTH
12twoUQJPY2E15rUztG2JWn2fcdGcCq7ZcgfZYrFvT75KVZS:12000000000000000000:OKDOT:OKMYTH
1LMBrt4CM16XBrm1WPnK739ARS9Ye97hF9BBWGUQdJVZRid:12000000000000000000:OKDOT:OKMYTH
127FAixwptFN3DemHNcm2gcVSqHBmnswRzCkJ4UCx3QC3g98:12000000000000000000:OKDOT:OKMYTH
16Kvz2F9Cz92CioM8PmXGwqevrvACYe6hvKnS6qhYqvy47ki:12000000000000000000:OKDOT:OKMYTH
155UumpbA76Mgj6hLDvqVjt9J2sPJLMgXupBktRBqaambgtN:12000000000000000000:OKDOT:OKMYTH
15QssCFeDMKfTBQcovFyKXB2oVwXrcR8aHaNqSpqWx1YQNe4:12000000000000000000:OKDOT:OKMYTH
13DgFLorPT1eGx7WPsZJQ9MXbb3ygr7jmA5sXafs2m66Aojo:12000000000000000000:OKDOT:OKMYTH
1MerCL9KKngNnuffsBjRwd6gv4c7iqyxRGMSWzzF14oySek:12000000000000000000:OKDOT:OKMYTH
143Yp41Ev5F2hmxxSt3NFYfGXpD2dUgoAtqU29PbgsXgBHDW:12000000000000000000:OKDOT:OKMYTH
15KVm6yZyQ14bqanu4sf2Bmhbfc5btsE1T4MxXUY4nPYMqwM:12000000000000000000:OKDOT:OKMYTH
14VKAW5uJqvZfErKVmMfU5DEzrTeyiRkkgCxrSDEoQa3dfs9:12000000000000000000:OKDOT:OKMYTH
1625P8DCE5LBi3ouEG9EW8bPbPmsHvch2CCjXZixuH9Qqk11:12000000000000000000:OKDOT:OKMYTH
12bDWc4kNJEQUyjdsvvzfh277v1GFLvEvWDt1AcwHZjmLBV6:12000000000000000000:OKDOT:OKMYTH
157QRnPgB2sjCnzj7dmvBwsRVNsuUApQcGBnRuMAGyjqbQcs:12000000000000000000:OKDOT:OKMYTH
16ZHFHhAJpDt9mFcy1AKvAhQEPFaPkBYe5rx1js3o9df4dHS:12000000000000000000:OKDOT:OKMYTH
1Y1W3HSbaUJRQ8sejfgTn8UR2U5J3gjJmjoiwzzwThe5hQk:12000000000000000000:OKDOT:OKMYTH
15rCwT6n7E5UPhmisX74HYoCHmCExkysgGaLPWkN1vKhtEjK:12000000000000000000:OKDOT:OKMYTH
15Mt5ooJrfpXbGwzxxhXEUWRQ171AnYWpM5e9CzoXFhTQLkA:12000000000000000000:OKDOT:OKMYTH
12WanHW2B61U8sVP863rJskKWMK3s7yVy44KGbjZEcGShyad:12000000000000000000:OKDOT:OKMYTH
134JvkgZvBgq8HMSaxhkdusGiXNDaFCTGepwcH8LeLsWEQsk:12000000000000000000:OKDOT:OKMYTH
16boiZvfPt1EBhs2PfeSqfESYumuszjw4qzh4qA5iT8MSVb5:12000000000000000000:OKDOT:OKMYTH
12F2WnKjFrGMvRK4ijPmtuzTW6kLmoKScZyDDmHi3WoLCKNM:12000000000000000000:OKDOT:OKMYTH
13NCLd3foNpsv1huPDzvvfyKh37NEEkGFotZnP52CTR98YFJ:236000000000000000000:OKDOT:OKMYTH
