14zUhEyCswhYNe7RdzcbukxNbp4epothaPTFKmAcXyHd7Jhz:12000000000000000000:OKDOT:CHECKMYTH
14pB3oX2vfmjJ1Vw7BBxtZYVgVGxj1jR1q7SF3BhymQDJ34P:12000000000000000000:OKDOT:CHECKMYTH
12zrRMNEzMstJpAL6g8CnxC3dtXgjGaYBTTdevWv4JrRr3jw:12000000000000000000:OKDOT:CHECKMYTH
15vfzHowkQGB2GBxvKBk2BW9b3ezrctiBeuoXK5AT5SHNXUL:12000000000000000000:OKDOT:CHECKMYTH
14wzyjpzc7gnTm4e6b4cLvrByjxYdwvJkWEghjV4o5DUJKsu:12000000000000000000:OKDOT:CHECKMYTH
136YRJjXD3YfHg134tFWhV5Qwr317NPnyHNPCnYcUtsBUE1T:12000000000000000000:OKDOT:CHECKMYTH
1HJeNgTGKHE4PES46f522y4mVA12sVZkZ52h9Vp9DQfmgot:12000000000000000000:OKDOT:CHECKMYTH
12NrGwMZdru5kjQvHv78Jwj2xdniSUY4unLzja7Kb1eVVznP:12000000000000000000:OKDOT:CHECKMYTH
166RGkFnwDSykUX2JzP23H9c5tJL69aGYm77hDxXqaprQrtk:12000000000000000000:OKDOT:CHECKMYTH
12c2CsoD5HRWPbnnACYJs85MFrte9G3LuRPWPUDdnGaBJhT5:12000000000000000000:OKDOT:CHECKMYTH
16C3s7KycTsmCBDHX23JmXwac1DJV7qungDPhm3N5eEpNPwb:12000000000000000000:OKDOT:CHECKMYTH
15zhj6JexaUFZKwwb8tNQsdnSX5ocXTrX6bX9ww8Mehx7WBA:12000000000000000000:OKDOT:CHECKMYTH
14vA2zqAEU9NgNgzMgksYrg9faR4ammXTDeaffJtVPAqmbgR:12000000000000000000:OKDOT:CHECKMYTH
15yqsfKByDc9HXRdLN1EuQ6jqkHsjvAAzvgeAZ1VViTLtww8:12000000000000000000:OKDOT:CHECKMYTH
16WPkCCkVPWUCorqNtXCf7X2zkYnws6YXU4ZHHUYp8mvDxUa:12000000000000000000:OKDOT:CHECKMYTH
16ASqipTW2QLrLqEGQs445yv55geAAhdLgkB1RNMHdo2SMhi:12000000000000000000:OKDOT:CHECKMYTH
14aJigiuHus66bSjwxpkjPd3mZVS1HavYwSDyqfJPM32qQDa:12000000000000000000:OKDOT:CHECKMYTH
13oYATyW5igXtgujATwcjdo2CVMd6DfN6yrsZbMRaaqJyUSv:12000000000000000000:OKDOT:CHECKMYTH
13sCvs8QjdxaEvDnfcyw9rJvxZfHwDfvdMNXxHWevAXEEjcL:12000000000000000000:OKDOT:CHECKMYTH
12iFDMWqcGaUa82nt3SsVo465ynGvK51kAfC8d4mNM6MvUNw:12000000000000000000:OKDOT:CHECKMYTH
16EsnajFRAeQgo88UL7oMrbdZSEuVnUxuKMy3hFwo4ej9oYp:12000000000000000000:OKDOT:CHECKMYTH
16eBBtnwtsuWz2U8znbRhcyebtXnUznYyWWF7nH7XchLdGwT:12000000000000000000:OKDOT:CHECKMYTH
14Sf5fHQL1aTFSqhQCq98zooY71cxp83c4d1kHy1X16voc4h:12000000000000000000:OKDOT:CHECKMYTH
13NPyv631zLm92ZFfis1sVJadtoQsoBpbS2hyTMeJAMKsgLe:12000000000000000000:OKDOT:CHECKMYTH
14MCR9psmrzBKhQ8Wma2Kj9z6Gfs3XdnoHbAxcbdvwviEZd6:12000000000000000000:OKDOT:CHECKMYTH
14MS93yzH6bsRKxiYNteqbxjUX8dsajVZP1jfH3TLH8jrK9m:12000000000000000000:OKDOT:CHECKMYTH
15WEpbmYzJvBK4Qgy4bfaZUKqBFi2Rgcvzjvt39f6wnCwjHA:12000000000000000000:OKDOT:CHECKMYTH
13zsXHtokfQsWai3kQHW5GHbDahGb3YgweQspTYyrsAofaHh:12000000000000000000:NEEDED:CHECKMYTH
15DHKXDPeobEhxHWse7wZ7PvKQ5m3WJThuTZf4Y9nYWiwsdx:12000000000000000000:OKDOT:CHECKMYTH
13Rj4RwbuGYwk7avfesTbduAv9CdUFSBAGHcxj7htscsaiA:12000000000000000000:OKDOT:CHECKMYTH
14ENy1nDLjipphBnsMCZ44PENvRE7EvZw1Te3GabwUnQhdxZ:12000000000000000000:OKDOT:CHECKMYTH
14op1gnHGEm9Aok69EpTCo2wFnGWpUg6pfyFj5mQ8ArDGQEh:12000000000000000000:NEEDED:CHECKMYTH
14oJ5Dw649WAhWGG1R4ixWfxG2NabEMWLAGj74j8aKGchF15:12000000000000000000:OKDOT:CHECKMYTH
16S8gtHUyPPz1imZyeMJ3uKHhWtaZsb9vLn4judxw9rtqEPv:12000000000000000000:OKDOT:CHECKMYTH
164Rt2Kd2cRnXpbYJv7oDhFJw7TKbJsBVUT3EDwu221msVDp:12000000000000000000:OKDOT:CHECKMYTH
1GzWDxaNRnaafPYntiwGfmpiTEYXp3AWicQWtHdp1tLDDo3:12000000000000000000:OKDOT:CHECKMYTH
15v4fZJKKjdjRvKTBrwD4PrBjvZBSzeRT4QQJzBDhPBumtgU:12000000000000000000:OKDOT:CHECKMYTH
15iRUg7gcqeeHp9Xi9vCgkYDCKBPNeXft1ZaQwQHnuPwa3RK:12000000000000000000:OKDOT:CHECKMYTH
13mqvad1zrbAJT16fQX5RyGqDHnRRdtFCa1BBCg2sgzWFU4o:12000000000000000000:OKDOT:CHECKMYTH
15SCaTLQgsMZoQCY1tRkmUabaA43hQJLJGqFQ5URUgo1D6Yh:12000000000000000000:OKDOT:CHECKMYTH
12Qg7JnjrYdJHFpXcxk2PDq9sZUq5fWCULaSVQ2S8UBZm7UW:12000000000000000000:OKDOT:CHECKMYTH
1jMzeo2PnnEfCDnkDqY7Lio4WoVtwdYMnnWetzMZs3DXekv:12000000000000000000:OKDOT:CHECKMYTH
1bQdeHWg47VWdYa9uxnGZLxdTEoNwEDGMGTLaPLA8DBV1b2:12000000000000000000:OKDOT:CHECKMYTH
15s8RRKUP1RsLS7TbobNXEmrqNGxNSbrJmGutXuZy9mBWg7R:12000000000000000000:OKDOT:CHECKMYTH
13xsruudPif6G3EhZfpUEbU5qkq1TspQXZeQZHCGw2QY8Jxf:12000000000000000000:OKDOT:CHECKMYTH
13y8vCKoxqTifqkmpKpCQ7y2DNpTFjERgYyDwwYaWn68HCFn:12000000000000000000:OKDOT:CHECKMYTH
1jHcQq9fCXLzEQ2uCXeEqJS5mb98hCWTCgg4hkJV4MPuRex:12000000000000000000:OKDOT:CHECKMYTH
12nj31yXmBfgSuZ5rTA3ci2DALbxEr5ADsJ97yn75BKm9AAE:12000000000000000000:OKDOT:CHECKMYTH
1k9B2F59pyeFykTh7r9weomPvp1T5HzT1oAC6mdW5RR5pAH:12000000000000000000:OKDOT:CHECKMYTH
122HKH4F4sBFEMqTFBnc77mZkiUaihi5VmiHG594RECH6TVZ:12000000000000000000:OKDOT:CHECKMYTH
12utdAesmTV4htXk9xdYmCaketmDp6u1BPYXQogqr9RZAxfG:12000000000000000000:OKDOT:CHECKMYTH
16EzGFZCaJ5UribVoUH44virboJdFKmWsXq5nxdGvCiQ1Lzz:12000000000000000000:OKDOT:CHECKMYTH
16cBKtdzGNX9xNXQDMKXFGWvGjrKGLmCR8bwsmdSVLzfd2Ea:12000000000000000000:OKDOT:CHECKMYTH
133NSp7s8PoQFqKG3kiTwi3vN7PjpMQ1yoTdE7gvMXLPLTZ:12000000000000000000:OKDOT:CHECKMYTH
12PPBEydFYHSFRDYdkmiSDiH7FSsCDziwVDtYfZbnPFxeS4q:12000000000000000000:OKDOT:CHECKMYTH
13tz9Uw7RcjacvDxidugab1zWJLwZFLGgX9rLTGehA4xYBCj:12000000000000000000:OKDOT:CHECKMYTH
15cDkik7Uxp2s8NPAHyNtRPGVgFhahKwa97JwAPyDhFid3pt:12000000000000000000:OKDOT:CHECKMYTH
13D7JN4Kp3UDmNrviWDvgTrC3jLdpVjYtSjhHXyUqBgVDhWD:12000000000000000000:OKDOT:CHECKMYTH
1xMvmRSdGGpdsoNB5361qFPsbKH8cYFd1AcCrwBur3CN1qB:12000000000000000000:OKDOT:CHECKMYTH
126kQkrb3QLkydZu2tyu1YpQeCmv3giEfZ6aCu4dmnxxgDaf:12000000000000000000:OKDOT:CHECKMYTH
13xNHPo71uU4KkmyCRn3AZq3WqKAA8VerYSGCQQRmUc2dVD2:12000000000000000000:OKDOT:CHECKMYTH
156wRv7LxJDtLbrtL6pfLEQGPMhCxFmRjT6jCzS75DxAvvhE:12000000000000000000:OKDOT:CHECKMYTH
15QwD7AaXLGETPPRAGcwufrThAmyQUaGkzvpDpZnEQt2HTQD:12000000000000000000:OKDOT:CHECKMYTH
16an5KWqQkcqKK1PARBfJG1Pm4A7YbrgrzfjZjtpjVbW4Fc8:12000000000000000000:OKDOT:CHECKMYTH
13LmAjozhpSx5fvnB9RthT8F7MaMdxPtCrrLStdDQ4rQ8xaY:12000000000000000000:OKDOT:CHECKMYTH
12s1MqnAwf4kE8TgcdtK7PHraZVZSrHfacQgVp7aomgynKY9:12000000000000000000:OKDOT:CHECKMYTH
14iuvJ1rhQQhu9v35thhvNCcoFeASKKPzYfVod2FgYqnQhR8:12000000000000000000:OKDOT:CHECKMYTH
12xkRPWJsx9gc6AKroQZtk9afW7BCjyqPwRU99hn1RUDrs5p:12000000000000000000:OKDOT:CHECKMYTH
15nc482pi8t5XV74VyooY5Z8t353yFjXmzL8L8hYyy9pCcEe:12000000000000000000:OKDOT:CHECKMYTH
13wEWMr4Pa76DVWjSeM8pM9CDDPNY3yt3CQyk1axUXExes1:12000000000000000000:OKDOT:CHECKMYTH
128jEp43guY1UVPEfDVNynCu1tEcknfe2GCaXyS8Q3rNDTcA:12000000000000000000:OKDOT:CHECKMYTH
13fWYuJNHqtw4iNUVd1XDnmvbcL9tUKnNGK1HKztjBJ3F27C:12000000000000000000:OKDOT:CHECKMYTH
12Dbir8e8VRbxzX4kFvNgGhXtTT5gChSmJBZrFoiBf9YPuPQ:12000000000000000000:OKDOT:CHECKMYTH
1A6Gvh1vYQFt9v7qfVmX86qoMr8kes3JAwiXwomAKLjdUqS:12000000000000000000:OKDOT:CHECKMYTH
143dFuVUdPr6qWX6WB3cSFHMM1hzV7kVnzVTbutjyqTmqZyV:12000000000000000000:OKDOT:CHECKMYTH
16dSisDMZzVBtZ73H1xx44PKZ7TkHE5VqEE7hsErJajzYBBM:12000000000000000000:OKDOT:CHECKMYTH
12DCRUe9vvxnaU76uDqxSFjJjqcH8CAKKjdQsRmRkG9QKY7K:12000000000000000000:OKDOT:CHECKMYTH
1pCscTbDCGQrBYUi7cYyjjd9nLf4ogTKqUXCWiEih74JJp7:12000000000000000000:OKDOT:CHECKMYTH
143WTnZxo8qK8U4HhHu758HUx12U2rrrWTp4avsHSAb1Pgsj:12000000000000000000:OKDOT:CHECKMYTH
12kVvYA5CWjyebZa1fLHdD5f7GTRweGQruC3t2beUdo2sdwF:12000000000000000000:OKDOT:CHECKMYTH
128tmN3cvpsHW3KaRDB1mbKwJmRnLV5CFkKV4x1qJXcXjJs6:12000000000000000000:OKDOT:CHECKMYTH
112ES4QNKXA669REpFHK7VJP5pfZnYyp6wPvuJzmD5CmuMd1:12000000000000000000:OKDOT:CHECKMYTH
13xv6haoYA4sENnZmTZcLN53dM3pRD6xWSYZ3ZCrWmtUHLFA:12000000000000000000:OKDOT:CHECKMYTH
13fjCDZHzoduTkniUgjMU714Pq8CtCJ4oC3P7J1HKFDf2aKw:12000000000000000000:OKDOT:CHECKMYTH
16evsLnfVXyT8tFc9xY4dwRSZTbAVYmsPfu7V6UzrnfLeLfd:12000000000000000000:OKDOT:CHECKMYTH
15nd82uG9xAGX5edg2omrzV6FfUs9A3iLJKm3mfeuVBdWndf:12000000000000000000:OKDOT:CHECKMYTH
13jio6MDeLePwg3CSwvf2Dj6ZgDtbhKeMGcmx9F5EcWLog1t:12000000000000000000:OKDOT:CHECKMYTH
15rxnt5i27d9XY3iPUki3WnTgQHiGQ5AasFE4Dy7jhABW5Xx:12000000000000000000:OKDOT:CHECKMYTH
166g8o3YaKjpV2vC7hNjwhvDV2SnpjdDPDxc81CVB17pyvW8:12000000000000000000:OKDOT:CHECKMYTH
13FmLrszfnCX8LEiV95Cc1ktrxn3RrskoJzoQj3nHpjSk1ta:12000000000000000000:OKDOT:CHECKMYTH
13sNjBT3rVghp8MCpJ5ZxvCwwGPzmMX5uqtkVv93rmw9Ze2v:12000000000000000000:OKDOT:CHECKMYTH
1iLYF8urHfWZrvuPEVSNntUTW8CdUe4RfwAqNJ1zi8gnpXq:12000000000000000000:OKDOT:CHECKMYTH
1dsQYyCD24j27oNPeVfWKWW7JmUmXmVBPGnYrkA6jcGMdLn:12000000000000000000:OKDOT:CHECKMYTH
12wcousQdfT4LUwoaB2unupENgbyGRFmeLP6aR6ZsfXmcaBJ:12000000000000000000:OKDOT:CHECKMYTH
15E1hprXVxVRaE4BR4uu9E8kbbiwnBzy4ZmrPeEC1LSg2zFS:12000000000000000000:OKDOT:CHECKMYTH
15zWJTLhMktvwvttWt7E7YUSfzFJnqb9NCSyhMDr3r2AEA41:12000000000000000000:OKDOT:CHECKMYTH
1icZguYN15wW49LomDDq4cbpubXFtj3qKtqEj8G3dVVtJLQ:12000000000000000000:OKDOT:CHECKMYTH
146v2VwJyBFNFBjmApV9YgyoGwEBX23mUPcArTqBXFK3ypRE:12000000000000000000:OKDOT:CHECKMYTH
14pirwvaege2mC4H5WZrGuVFRS6DtAJzDfgy1gLMACtRcxfC:12000000000000000000:OKDOT:CHECKMYTH
138T26nHvuh3ZNQkXVJ3X6vyjztXArM6d5GeaBjoayfJ6qh1:12000000000000000000:OKDOT:CHECKMYTH
157hsmESBmwpZ3jfJm9nmtAtXEWQkw2sGiDqhg4Vb1QJu2bh:12000000000000000000:OKDOT:CHECKMYTH
1smeQfsnkgCoeTvMe6KcQZ5uTtdkVEAvdUDMRJCNcyKQcyo:12000000000000000000:OKDOT:CHECKMYTH
12bN2gFpBDxSkGLM54JPzQsruLAu1hqsoyV2VKdy16yEGLdh:12000000000000000000:OKDOT:CHECKMYTH
1uQSkUdTgoMWhnGwMWPbzrX2AAmkTELVFj8FRWYPn6HDmMA:12000000000000000000:OKDOT:CHECKMYTH
16koocqUWRhXAonTkdchsKzKkPvUtEpFmbqiCjGzx39u1bci:12000000000000000000:OKDOT:CHECKMYTH
146tzxp1q3nW2wnjgFR5mCT54GfWhokePsmgUutFTHiYUcJf:12000000000000000000:OKDOT:CHECKMYTH
154tuHy1RgSZ6n16ezLh9vLaWZBkasfCDSF1MwAQrCZ5S6KY:12000000000000000000:OKDOT:CHECKMYTH
1R4hEN2Pge7xkg8oxVtRYvQb2s3watqUpHaSR3qNeE6MfcT:12000000000000000000:OKDOT:CHECKMYTH
12mf6Rfcq7wiDyizBorzDjFY2c5jr8P15aA32acjC5yF2Xzg:12000000000000000000:OKDOT:CHECKMYTH
1YFjp7az77f1abrX8rtaWrZfmtVyL5fkrevpgmNLaQWgBeL:12000000000000000000:OKDOT:CHECKMYTH
1W4z83pU64BDYBx2p6eAdbCAHsD2qwGWnDyUJAuaewnAfZf:12000000000000000000:OKDOT:CHECKMYTH
13YgG4SwmCzmaXjikQLVdKBkzKdjeLnr1RjP5yvpf6A8cH6A:12000000000000000000:OKDOT:CHECKMYTH
15VVKsngsDC6CEr3gQ7MqGVxQYQDuUZTXF8se5sVU5ogaejA:12000000000000000000:OKDOT:CHECKMYTH
1kGH7viF9rbPWgSfYUkxdn3oiBcJ6WMpqcpojZhb59Jt4dw:12000000000000000000:OKDOT:CHECKMYTH
1siVuXqF7c5qkCMFh83QbdTpM89KXas49YXZa6MrmtJELUe:12000000000000000000:OKDOT:CHECKMYTH
15CHwftbTwgNecxKBcG1RUMMnFomyUGNZQo3QqAJ4ctTYohp:12000000000000000000:OKDOT:CHECKMYTH
15GwTZGZ532tT7QgyaefkQPycVEhZLSAYDEgtorUKeyZfaby:12000000000000000000:OKDOT:CHECKMYTH
13TMqmXNu2o3JUgWLiv5WCaaRBBCBUnkY3QfSci2xka28Qdh:12000000000000000000:OKDOT:CHECKMYTH
156k6dqaXRREt9vFtccyESsWqsPkYtk2beDNCZC3tNdMcxvS:12000000000000000000:OKDOT:CHECKMYTH
13wbd6Zzr5o2XdUaF4inZeM4hwtkbKcb7xvvQdwRg2j6jFWL:12000000000000000000:OKDOT:CHECKMYTH
13qDmTLgVHv8SsRrnhX2MHAZxBCtQGVtYiiCYq4CXAM9XgH7:12000000000000000000:OKDOT:CHECKMYTH
1oHeszVrWGau6UB6zu19mrHniv5wkyGRKvcVbv82YtXnXaG:12000000000000000000:OKDOT:CHECKMYTH
15cq2QX9DSLr9mc7cmuSmnimY9MR6wP6JreVjCEdQ8ChsYoT:12000000000000000000:OKDOT:CHECKMYTH
12Xsr4wH8hcSYZ5rvjarkK2ReRKTUf3XwxZPiifSAkdZzzih:12000000000000000000:OKDOT:CHECKMYTH
162zP9uHj1kt8hNqN3ZP2TLCcdjaxDwAxXD3UvQUmCUXSNEE:12000000000000000000:OKDOT:CHECKMYTH
122FzMvt3eVNjEkDfggpFDW3MDBEjCJKuDJ3ZDN6rsYUMDBH:12000000000000000000:OKDOT:CHECKMYTH
1wfBLqr9TV2LiUMjJo8nyDUMzGS9MskxAHTVetxwXunxYdz:12000000000000000000:OKDOT:CHECKMYTH
143J9g7g2Lmbm8dfcHvmbXSxuuTKX4ibYCcz6CcHFnfS9hUp:12000000000000000000:OKDOT:CHECKMYTH
15j63NZwDT3gTae1KxxQSX6kqCP2qGvQko9dhbdxGnwQxR8k:12000000000000000000:OKDOT:CHECKMYTH
12Z6dyENNHPdsCprt2ej8YwzxRBbhD8uEGQWhbKRGSoxWip8:12000000000000000000:OKDOT:CHECKMYTH
12jWuypkiwXx9WscgNDH4A6SCKnj7A582cDe76baioa8Sgsy:12000000000000000000:OKDOT:CHECKMYTH
15KuWFiwZA8shov2vd923X5aJVYY46VCqm1sqLFnBwnGive4:12000000000000000000:OKDOT:CHECKMYTH
12VgdQXobXqs4SR9KaDAeyLGXGTR7BpH9fkxkEyM6MMSxS9r:12000000000000000000:OKDOT:CHECKMYTH
1W2stTWAqXbVYvHmXZ7QMLxUqKQan3EqgSwro4nWRrhboJs:12000000000000000000:OKDOT:CHECKMYTH
142qodFRhznjZH6WvHhwK4ccrtKnEXEud9pVXLE6CYivpLGp:12000000000000000000:OKDOT:CHECKMYTH
11Y1k2moV91hNfXFq58jYhvABHJ3Q7CuwV3UpS13UYqFCvw:12000000000000000000:OKDOT:CHECKMYTH
13E44VVtpvzPJDCqBa1LLehFtBfAqbYAdVSoxT2GLLyQmx6t:12000000000000000000:OKDOT:CHECKMYTH
15YCKWCoCSb3jNKKXu9Bycb1s2HPAvs6LgTGpwQ5Ab6ZB9BH:12000000000000000000:OKDOT:CHECKMYTH
13nT4qdmQDaQnskJbDJsYfhPxGcKNCZFwJcbbDvbkuYA37BQ:12000000000000000000:OKDOT:CHECKMYTH
13oJ1niEpR7Q993qHcqoQMYwpGGoqAquM1HXfP5YuGpcwJhj:12000000000000000000:OKDOT:CHECKMYTH
168f9VXmqAPpxM3CCMcqZB2PdzDcGcwDN2tcBfZ8udnK14Ea:12000000000000000000:OKDOT:CHECKMYTH
12DpYLxp3TiB36ob1oCm6DvnJ81ujaMhaoXGHUj7UmBkMvMK:12000000000000000000:OKDOT:CHECKMYTH
13kqTGS4UxsNgALMGFHaP2aasgViwRRZ6p1Q3x3FRzfB3LHK:12000000000000000000:OKDOT:CHECKMYTH
14r63kGhQU5cHptdwCEhcGhSAeMY4PdoXcQktoawmyx9gzF6:12000000000000000000:OKDOT:CHECKMYTH
14Gb54ifGYSCaHNPdPr6MqxNgMEoSKCnEn6gL4tcjwDX8wU:12000000000000000000:OKDOT:CHECKMYTH
13RRN8PqJd4UzHyoCSnio7o4YFoezJATGvuQ3Qv4HiYNUB64:12000000000000000000:OKDOT:CHECKMYTH
13Fs7KJQKioxYf9i7gXBsM37sr5HNFNKqbwDoCSidH826smG:12000000000000000000:OKDOT:CHECKMYTH
12URx9nvbTeyhGqs2XvGQsqDngkCL7jUKUx39BBA94VrkdLp:12000000000000000000:OKDOT:CHECKMYTH
16eTahPpM7iMVxgwiJJVguCbkHe8JQGGYQpWdChiUw69JHdk:12000000000000000000:OKDOT:CHECKMYTH
1rjbJbmVsDgoSwTWrtetLdvqvjgiFgpWSedpd6twuuLZ1Ak:12000000000000000000:OKDOT:CHECKMYTH
1Gk3xX3VbusGQdXmJ2Rr7kURygTNQFPB6dbJdii5nYg18Ej:12000000000000000000:OKDOT:CHECKMYTH
14j6atpUH3DHvcAb1iUNMVSCrCuKLiXfRSsN4M2xLquKcCh3:12000000000000000000:OKDOT:CHECKMYTH
13ffTVxRi2VuKgYMJMa1w17XrPDgkPk7SP4DtRzYhNrHjRKV:12000000000000000000:OKDOT:CHECKMYTH
1z6kVY2tewTHKUcd2J8mQP9fh5GBsmjpxSzwQgQab4xBbL8:12000000000000000000:OKDOT:CHECKMYTH
15McynqU3xvwF8CYynC5LySRoQaVZzXTHwiHJyA8P2GapWDU:12000000000000000000:OKDOT:CHECKMYTH
13rX7x7xqYxMy8hBSp2ab8STH8oTarLpXyVHQh93CqxBQsXc:12000000000000000000:NEEDED:CHECKMYTH
13493D64d9KxNVCJnJqdw2jHm6M1pev5N19E68jEnK4HuKtz:12000000000000000000:OKDOT:CHECKMYTH
12XNJzcUsov1k27jRWCC9Esdr2zoB6KpoTPRXwJKCiw6TA23:12000000000000000000:OKDOT:CHECKMYTH
123mM5diVCYmenz3aLLRiFnt4KaX3ubvq22SKek2sm3hXETR:12000000000000000000:OKDOT:CHECKMYTH
13sNRLz5SLSviiTD8Ts93dBxvfkgtBqq62nohS38K2oLwTKS:12000000000000000000:OKDOT:CHECKMYTH
143D68cApbzAE8FeFyFCSmLQSWh56aJ4tX1kU4trWvrE2RDw:12000000000000000000:OKDOT:CHECKMYTH
15bqPeZbva6pLcDPks2uviXTyThofCACeVTHJEhCjGDzBoDY:12000000000000000000:OKDOT:CHECKMYTH
12H19Z7UkH5DniEekXbMDdSm4JWAegrNsfC1QRdRcNiDZk9a:12000000000000000000:OKDOT:CHECKMYTH
15PPTuTNJTbv1pwZotZBEuDhGgibScMLhNee8d4n5ifUcLeV:12000000000000000000:OKDOT:CHECKMYTH
15QaCPj1v79VyBnczQBu5cayDjAsLNaSsxZoc3xqaaH45FRB:12000000000000000000:OKDOT:CHECKMYTH
13FMbzAQHUpLu9BvH35F4u6z5QoJPPjitnQh8PehLxWY9yzb:12000000000000000000:OKDOT:CHECKMYTH
14pLSmoaoLECmXpRQH5uupWZaHAPGyCSrRGZEFRffrwRqBVG:12000000000000000000:OKDOT:CHECKMYTH
15sAeRDX3MzPN6UVPZoqpNbm6BL83x2tH3EfSN3SsjZkK5kk:12000000000000000000:OKDOT:CHECKMYTH
1AQnAt6EguF9xWfKLPLqxKNZzqzTwysrY7qDeTNMFUDFbYy:12000000000000000000:OKDOT:CHECKMYTH
16mGx7kR5hLBhsff6vgbE8L9gCYjA98iJdYY3qwnig2M8UN5:12000000000000000000:OKDOT:CHECKMYTH
15ZVAA2UXgcjP69LnVuDp1oKkjPAAnMQcHb8L47ikxH9E6hz:12000000000000000000:OKDOT:CHECKMYTH
158NH2sSfLcdLCuQxC1AFV4zMdMcnQnNRZeeUbPpnv46BTdY:12000000000000000000:OKDOT:CHECKMYTH
14pNxGSfon6yzXh14kFmFrXyGkoUjjjjH6uEQhypPnhUPpaA:12000000000000000000:OKDOT:CHECKMYTH
1545xuxWT5Hyr5ebVxrdLAA9ckMBJkRfFbURgwzcnQyUKPeD:12000000000000000000:OKDOT:CHECKMYTH
14rehvmLUxdpXpdXt8Cufi5uFESS71eC1N8AA1e32pohGaLo:12000000000000000000:OKDOT:CHECKMYTH
1234geDJNB5vuafESty9Cxaem5fq2sML8sTLSLgE9pFZSafu:12000000000000000000:OKDOT:CHECKMYTH
13Kw71McFpDwfkhRMVrDxLqH6w2hQzFSpFYH6xeg2CwyEhsT:12000000000000000000:OKDOT:CHECKMYTH
1XDQkyiSs7qGYUYwj3YVj9WW36L1XD4tUN9E2mp3M3GhTPS:12000000000000000000:OKDOT:CHECKMYTH
15KaENqpfJfy1W1ST6BR6EQg5iqG7wV3PBWfgjLWtXknsrN6:12000000000000000000:OKDOT:CHECKMYTH
12W2UMnB5BMSbQFFopVctxkD2EVqCSnEG7M8Pj2Ke3BCA8vH:12000000000000000000:OKDOT:CHECKMYTH
12M9vUq8vQEiZWMZspjka5muHuDKtDHPeWqZS5L7PzSFULct:12000000000000000000:OKDOT:CHECKMYTH
1CkhECPVy6mWj43dZKqqtFV1sahTukeAcb1FQmnd4VmbTVH:12000000000000000000:OKDOT:CHECKMYTH
16Uhah3ErtXmQ3mTsAfvp8i99o8DQ4XE2ErmiB4qkq37csv4:12000000000000000000:OKDOT:CHECKMYTH
1RPhbPhKCnfVyQqw8ufWeodVueoS1MypEfoP8iwcgn6GYX1:12000000000000000000:OKDOT:CHECKMYTH
16JqeHeFLmePVnCFLWd1WNaAkzCwqMdUWWr3Li1B8bgZeSaq:12000000000000000000:OKDOT:CHECKMYTH
14vSj6vb3smZF9769ZW5YG7q1RvqUa8FKz84KuNwNutWKnvz:12000000000000000000:OKDOT:CHECKMYTH
15hbn1nS1ZuL79QHGyfWvdgQZFa2RgzUxJCqYR8NdLhwxiV:12000000000000000000:OKDOT:CHECKMYTH
142y7nTBRZnqJwFhmfUuHkyhDxPUNwa1f7ojKrsEB7FqXtdg:12000000000000000000:OKDOT:CHECKMYTH
15SnREv78G72egNAyLPgwnvSB29ewXtGQSWUGHc6kaYPoQ2K:12000000000000000000:OKDOT:CHECKMYTH
12TSc4LpbxJopxjpKB2CiewBkCSGrvn1A3zuwv4L5HZDm5Zw:12000000000000000000:OKDOT:CHECKMYTH
1MvRog48Taipvp79mhbxVXvXTZ4igzeonmq5hj5XxKX9prs:12000000000000000000:OKDOT:CHECKMYTH
12f5AhyLFZWoWRHq5uYZkUPHbVpFZVXr7bWLtVY2bbkJ6c6j:12000000000000000000:OKDOT:CHECKMYTH
15edB3S6ZZRyQU7VSv3ugZCa6n1F3LSwmwEtYDGpUfcneyvW:12000000000000000000:OKDOT:CHECKMYTH
13DtSbYZuR3n55JoEgxPFrKd73zK1w1i9YtDUk7U86fUHbQT:12000000000000000000:OKDOT:CHECKMYTH
13GxTsBksd5cottcckncpwPpcmoEv5PWshSHfG87DvFTziFf:12000000000000000000:OKDOT:CHECKMYTH
14Cxv2czyRSUcnJm3J24j3gCpWemTQmSEr1upgzpbmMP5YA4:12000000000000000000:OKDOT:CHECKMYTH
12vYThx2niMws5D78AQJcgvUQraTMSoS418y1b6ef1VPnj4o:12000000000000000000:OKDOT:CHECKMYTH
16SKokHMxE1PorzEGtfz6ZFjvkmRPjAyVgk3k5Q57chN2eVr:12000000000000000000:OKDOT:CHECKMYTH
13JmuKUtLV9rCN1vfBw9MTiKabspqibJsowjUKers7NgTqAX:12000000000000000000:OKDOT:CHECKMYTH
12T4uEGiJpibiXXz2TD7kpJufUYuAT9f5JR8st1YosnRHAtA:12000000000000000000:OKDOT:CHECKMYTH
133Qf9meTdt21QpK3zmBf3LwduRyE3yvx4ZrSjVv25Fisj3S:12000000000000000000:OKDOT:CHECKMYTH
13wCUy9L3yUUg7y1TYyDTJ2Z2kUcZJDfuXNF8U3bBo1djFAC:12000000000000000000:OKDOT:CHECKMYTH
1GU65CNc8LFRtrcDrEVpgCsS8eang14tQHa2mWb7PzRvMji:12000000000000000000:OKDOT:CHECKMYTH
14VuAWEZYKThDPCmNvyFxt7HcBZq5iyMK1uv91s4V8frkksS:12000000000000000000:OKDOT:CHECKMYTH
15gYuC9ntXEb3CahWPJui9aguNgYzo6zgaYuzpdW7uuw6jaV:12000000000000000000:OKDOT:CHECKMYTH
1RF3ZAKjh5rLkpFfy2QF1McHfA8fLUS4pmQr3XsiRQRDUUC:12000000000000000000:OKDOT:CHECKMYTH
1Cgr89VdyggyYvchCSZWEKPBVquTrgJpyiuHexNWgGGTq5B:12000000000000000000:OKDOT:CHECKMYTH
14c6yefaATkuDxan3iSQLCECZWf5rF5cEZxa4BfUCWnjk8qo:12000000000000000000:OKDOT:CHECKMYTH
13t1TCDtDCpbGpWpUpVKKYzXwL1aXpu6oHEFYBKUETZobG7b:12000000000000000000:OKDOT:CHECKMYTH
12s9RroZ5i8inWGxfqnMDFJDePp8GHHiQDK6EkxCVAe3BNye:12000000000000000000:OKDOT:CHECKMYTH
1KxiNo26jnyYKaDVM4LVEg24PUab4vojo32qLgbQ9JjpWQq:12000000000000000000:OKDOT:CHECKMYTH
15nyEaPzzXSzwqM1TZdJzFfbpjL9BrcfYgoEtg7Pup8K6ZXr:12000000000000000000:OKDOT:CHECKMYTH
13D1bGvYgLRmj9WhBrxTDpqKPKwYSff1YmKWAzpBRG9uzMBp:12000000000000000000:OKDOT:CHECKMYTH
123gy4RVAYnTh8veA5Ur3a9YLKAUtbnpXBVNS8ocbWjMUzgX:12000000000000000000:OKDOT:CHECKMYTH
14vgnDkbG1smNZRTGVvGE6osUYiJHhaSDpJK9uE6Vu3M4f5V:12000000000000000000:OKDOT:CHECKMYTH
1GqjxfN8Ed7T2nzGmnRM88nmHYeNH5yYzzqzBBPZWtvwKy1:12000000000000000000:OKDOT:CHECKMYTH
15VqBrQ7TXqQxGgML4GT4CKvn2BqDe8V6eHh9axuGNDr5VF6:12000000000000000000:OKDOT:CHECKMYTH
15FvNKJVXKeFmgP77MkYVqi6yMX2NwFBBPctk9fZwhSPhWHX:12000000000000000000:OKDOT:CHECKMYTH
123hP7HmP7dqG9RDaPeh6dcZfRqRv4sg4WnkmwoWfp7ySVHD:12000000000000000000:OKDOT:CHECKMYTH
1uPL1ouaKY1pNPicHG8TXA7KRb1ejxWCcAQq6rqjcbT67Cj:12000000000000000000:OKDOT:CHECKMYTH
1EJg1tN2rgMnZQU7FukmGASEa13teBbNyfqspQCScVZpZTs:12000000000000000000:OKDOT:CHECKMYTH
14TBP4zEfwauHLDMxYeqxqyan5DzMg8mGzc2QUCwSHKaTd6Y:12000000000000000000:OKDOT:CHECKMYTH
16Sgv2w5zad3zhADoN6KtYcVZHdV8jmRQSw4RC4CmTCQBrcq:12000000000000000000:OKDOT:CHECKMYTH
16Gbfydqm5YRVy8wHZfX352TpuBQEtDNZ94yt2TxFJwizvXs:12000000000000000000:OKDOT:CHECKMYTH
1YqY6ZPHZHVjzgJ3yYm9xv41kU9kwkK436xWwU7wKoxMghF:12000000000000000000:OKDOT:CHECKMYTH
16kPvXtnXRKiMwo5dzdTZ4zMtBh1ZX7S9UbXTWVDYQkp7swi:12000000000000000000:OKDOT:CHECKMYTH
13iwKyh3SiMUDRCcqT1Mfsznyrve4w2U2YrhBVuCg2SL62PF:12000000000000000000:OKDOT:CHECKMYTH
16McrHCimZmMd9SJvruaQdeSiDid213sbV2ibuKfWaZM7xsR:12000000000000000000:OKDOT:CHECKMYTH
16AmjUKFZmboVvMAeFrEZDGZ3zXLSfRfAEDn9GN3MwraY4wz:12000000000000000000:OKDOT:CHECKMYTH
12MuUvbM23HvQGcV32GS3QMx85XB164Bbto6sixV6g5C1Mmy:12000000000000000000:OKDOT:CHECKMYTH
13EHpBek1qdyVWp5eUdf9v3dfbEcycRfjoQsopuqVDHjDpkb:12000000000000000000:OKDOT:CHECKMYTH
14hdfKVP7fRKB4m2a8F1dqzQaMagt9jQdtVN6LzFWcLg9LCT:12000000000000000000:OKDOT:CHECKMYTH
14nGBPvVRVniF8Bx987BApDRK99osWNKkyMpC2U1w61GfGv8:12000000000000000000:OKDOT:CHECKMYTH
14p3zwEt7hvYCu99heD3jtXpuCv2i4M6xtcujnqLb4E4ECg8:12000000000000000000:OKDOT:CHECKMYTH
1HfoHgHwqUxGE9PdqketjLCPxKoeSvN4cfHHPkDj1qQbWbe:12000000000000000000:OKDOT:CHECKMYTH
12cdHFfdSNHhZce3n3wDqziyW5qfpQLgxoCvr2T9Mg2ShFA4:12000000000000000000:OKDOT:CHECKMYTH
16kSfnujKSneV9bVMtdSMWZAetqR2timGTw5uDKvREHYUkZm:12000000000000000000:OKDOT:CHECKMYTH
1ZgNDvARqDuYQ33gcNzSFmMGBQUb6CyQoLRzuvYW2DF7H48:12000000000000000000:OKDOT:CHECKMYTH
15HbZxVq8EvciZTphTr97cYfEuCeRRJQs2odZxSP59A6DJFE:12000000000000000000:OKDOT:CHECKMYTH
12w5VSgJWHZGYhScXCVFiZoPp2n3JnMFdr2Unv47ipTZUwKS:12000000000000000000:OKDOT:CHECKMYTH
15bhQNKqrqX8N3rZkuuKbyrDDAJ44gXpw7UPQbzvwDK2Sosy:12000000000000000000:OKDOT:CHECKMYTH
13G7nzMWxMRYV7Ujezii6UUSwovXAJ5BiuxyTYeA96dd8Hyx:12000000000000000000:OKDOT:CHECKMYTH
1JmfU6LXSTYmAmQprJNx7FDxdhQbJNbWbtx1yi8vgts2sHX:12000000000000000000:OKDOT:CHECKMYTH
14BryeshVStBnBwVAPM4ZqLMbnX4jCRXsozCXBfnxkbFzJzr:12000000000000000000:OKDOT:CHECKMYTH
16dXCTLUEC3CQzNz2hy233XY3JqbbGdt3raLsJydMm3kAAfX:12000000000000000000:OKDOT:CHECKMYTH
1BN9rjF1B56px4Z6xUbBwUA8cDMvBSYV8VNkU9sWKkPN29Q:12000000000000000000:OKDOT:CHECKMYTH
12WBWt3ZeaadfJ4FS2SHeuoTxHqFXtQ6GvdHJhPuYY5Mm1jk:12000000000000000000:OKDOT:CHECKMYTH
14EeSmrrttWLSbe3amjQyRiePELigxYAnRJmSxMkoRmLbj2k:12000000000000000000:OKDOT:CHECKMYTH
12nLhFeYnTYPbEdfBetsig7sbeGudfmvDxHNCN93VkL775sh:12000000000000000000:OKDOT:CHECKMYTH
14KMSCnLBhPzMdoLZQ9u78essL42LVXuZ3TmyfkLatZMTy65:12000000000000000000:OKDOT:CHECKMYTH
125pPfft2BU3RFWHe3o7idQXRapumw8NxdLx17tZ3zYqcQMY:12000000000000000000:OKDOT:CHECKMYTH
13bVXWftfFXrRibZsowR7rqQzC1AFB7KTY14Urbes8giR2hj:12000000000000000000:OKDOT:CHECKMYTH
15DbSeFRLuZfLDennsacWYsCdZwz9BJ8ZvjZcNA9kD9jHpFb:12000000000000000000:OKDOT:CHECKMYTH
15hwswBr9aAeBKYhPmJRbVpWNaD4TgMZhHxX9SpEdMKkV4Rj:12000000000000000000:OKDOT:CHECKMYTH
16AEJzeKpZBRysrbuyQ5ECu5tVYoATAVmnG2bgbyMAUjytz3:12000000000000000000:OKDOT:CHECKMYTH
14suqW77Kqsz558aiLcDv6SA9m4SEDc6uWUqd6LFNUGEX8id:12000000000000000000:OKDOT:CHECKMYTH
13Hmb2c6ktB19fKc9bDGmr1CLWRTwJuZfssGxR73E3mB47tx:12000000000000000000:OKDOT:CHECKMYTH
122z4AW25THr1FatT4W3dGk5rMeDmQKpjyAcZPB1Qmq3jNfm:12000000000000000000:OKDOT:CHECKMYTH
12RdaTCneiEBGnc3VeJiQ2QdShJ7ZRDpjXj5GZcipQgndWMU:12000000000000000000:OKDOT:CHECKMYTH
12mSYdHXMy66NghdcwSjZtykrhthdmqSFo82gXe4CTDgfc74:12000000000000000000:OKDOT:CHECKMYTH
13xaQwXqdVGL5guKQhBstroYty4ChLtK37k8u6X3D1nu7MnL:12000000000000000000:OKDOT:CHECKMYTH
162p2qQtcz4UNwZ7KNzWvbQ2jxDKTqYvMN27kPfUjkQE83BJ:12000000000000000000:OKDOT:CHECKMYTH
14MbUWhnTTjzAnx7enMC25pTGQ62SspF9tAKYpUxWnLyPStf:12000000000000000000:OKDOT:CHECKMYTH
1fxR5z3C9By1JiydGUKSCmaUwUy4qPStDRpEbg66sN1fTwx:12000000000000000000:OKDOT:CHECKMYTH
12yXxxQ4dJpvvWAze6W1SRTRDVnnushgAMKLU2Y49zkH5M1Y:12000000000000000000:OKDOT:CHECKMYTH
15RUK8nyqFaTR5JgEfg2jSN292LXhLpPQzdE9KFCPNLexjLk:12000000000000000000:OKDOT:CHECKMYTH
13AaKUmydTEuZPCV3giAo6UZwZYrgFB9PrsU6Mr4HM4SVJ1o:12000000000000000000:OKDOT:CHECKMYTH
13T1yd9t5n6SW1HN41bYu2oib4Mm1wUqzJ75XxrvpAL3RYtT:12000000000000000000:OKDOT:CHECKMYTH
14uoBSqTxtKmwECPsBZW13vgMFc6TETFNXQQ6nLeAMoKopia:12000000000000000000:OKDOT:CHECKMYTH
12k3kKM6HJB7nLCkpewTZ8SQspqBczjj97TmcNqcpWzLLNHb:12000000000000000000:OKDOT:CHECKMYTH
162k7UdDpYKzA7bN5ybrKKadbRg2cSGwtfZmo9isEk39z7gX:12000000000000000000:OKDOT:CHECKMYTH
12Arw4DMZ3SRvchUYZpwPCc1HiVw3t9czk1tSawdGBmg6kiy:12000000000000000000:OKDOT:CHECKMYTH
15N1GetsAPrZRY3qKBvWR9NjNm3xC73NWz4fxTK5zaZ4E4BH:12000000000000000000:OKDOT:CHECKMYTH
13G8DqEP9hpeAvfUaHcyQH564gMsU9Khka9KtiQf7FrDx16g:12000000000000000000:OKDOT:CHECKMYTH
15ydhVfpBwo8hkw5X77bbLS9mdtGD2mPimKpobqnDpDAmDsm:12000000000000000000:OKDOT:CHECKMYTH
12jnmE6fLtwhgxH2WNNXeuDcmmKhxT8kkCcw4xowVdgcPDnQ:12000000000000000000:OKDOT:CHECKMYTH
126soFFwFkdQZht23upcr4T8NZyvDsnPeSz595ipXy15ejRH:12000000000000000000:OKDOT:CHECKMYTH
13vfuVRcFZcjibdDJ6S9vr2W5ZVHzEoDTBr9mr46ZpU3fc63:12000000000000000000:OKDOT:CHECKMYTH
1W2PkBi6fprB1YekSRiFyqc2qv9pCR99BuPRT2ZmDPx7nG7:12000000000000000000:OKDOT:CHECKMYTH
14Yjnr42fM6GJjN8N4M4BHWvzJmyQ73WmjtN95ZFNvw2taMg:12000000000000000000:OKDOT:CHECKMYTH
1siiJEbmH9XK3ofK84MVEtuoPFNeeTCgkqXCvtuv3qMzeJu:12000000000000000000:OKDOT:CHECKMYTH
1KQ8c3Q8K9b8QcGXLnoB3GZsiaR5nqumfE9KnkhBUKy1Qe2:12000000000000000000:OKDOT:CHECKMYTH
16UeuJHAVaTynH6RAyGaoiuEDzV7KgEMwPhPy3sEKz2mw2Ak:12000000000000000000:OKDOT:CHECKMYTH
1H8wp2x8FjmJenCK6BboJEqdo7rrYkJKvzS4xGonJYwp9cA:12000000000000000000:OKDOT:CHECKMYTH
13xy2Kw5YD9yYQtuY1gFdeg1fja3cPvqfXkM9Yr5VSFF6vzZ:12000000000000000000:OKDOT:CHECKMYTH
13mcAcs3FwbM69oQ5AL4QZDd3nwHWT7bZzgcDo8btPz7H4bN:12000000000000000000:OKDOT:CHECKMYTH
15yZ7De4tTgRPbMv3WU9cLpsF8qMGVfnGxcSqGC9FTedoVEG:12000000000000000000:OKDOT:CHECKMYTH
15a1NXUFWR4BSXVM2WX3EHiiWt88XQBsK52XJF9Ux7L9hA1G:12000000000000000000:OKDOT:CHECKMYTH
12cQ5z7YSHi9qobA5A2aPfmKghTGACm5DN3dCA3G2fPC3vdg:12000000000000000000:OKDOT:CHECKMYTH
13rxj1b14PcUx4KQPtMbWz7szfCjxVDm2tkUw93Anfn95t6Z:12000000000000000000:OKDOT:CHECKMYTH
12ARSmkSKbDnHcb43k8sCL2ANuVz2yELYSgp4NqZmnyvJSWp:12000000000000000000:OKDOT:CHECKMYTH
14rmxuJZN8wUy8jAVNdr1ujGEWQVPAwprXqNKsTWi1RPuL5b:12000000000000000000:OKDOT:CHECKMYTH
14wgfVHtAQxdvFC8mERQuh9guKJmko4dZKeHYNAM76in48Fq:12000000000000000000:OKDOT:CHECKMYTH
1GsLkQZLXF5YNTGSMpM3sqakun2hVnaad1eTcZ6Tdv3nPaU:12000000000000000000:OKDOT:CHECKMYTH
15rKdH3EHgUF5eBVg8L3NDaNgzNvXQqE63Rq1BiY8tNEeDfu:12000000000000000000:OKDOT:CHECKMYTH
155ciKvJtgjvzpYUT8aebPdiC4AqFV4UwgUrQSLLug6pBJRk:12000000000000000000:OKDOT:CHECKMYTH
12RbxisgWWjQx5GTaUaWMkSi64HNNjKrsfx3vNdj3CLeDs5h:12000000000000000000:OKDOT:CHECKMYTH
121koUasxsr9iYh3eN1aXZj6VDUxrhhDkNJJiE86nGkcc83b:12000000000000000000:OKDOT:CHECKMYTH
15omNvjZr6zkDghtkB6MapSu9fuAJxwcinLFh5Ur8ZjXssdQ:12000000000000000000:OKDOT:CHECKMYTH
129o4rtLxsDppAa4wcGy1ZZCxTvwRDnbZ7aCMJUTEC5z4oCM:12000000000000000000:OKDOT:CHECKMYTH
13zqb1APeN2FFVn1XSTAEeXsXVjBFHrj6hppwCYzbUjzDgtz:12000000000000000000:OKDOT:CHECKMYTH
13K3zyonhrsyFzxkDNcQgctVUyKWrgwn72TbCs5L5PZapeeF:12000000000000000000:OKDOT:CHECKMYTH
12wBQQYN4wg1DJTBADLMpDJsWjHQLF69zUQKoz9m6Y8whx86:12000000000000000000:NEEDED:CHECKMYTH
14nuEfEuPZppJ2DK8fauZGMSNq2dn6vqwph7mGH3fHx8A9fC:12000000000000000000:OKDOT:CHECKMYTH
16k1mbRnJwBAYT5euYmVT5dw1GrTPhANxF5s6UpKz7xDeSmB:12000000000000000000:OKDOT:CHECKMYTH
12HiiqdHWWWPcwgeNAbA7jWiqCTM5gR5NDSBVxCQJcFJaRiG:12000000000000000000:OKDOT:CHECKMYTH
16azybDnbnNwoXmCAhRxnL22cxAb8Yy6o9HabkkQugiiQRqX:12000000000000000000:NEEDED:CHECKMYTH
12nAmprhBvP2zXNgDSfYr8d7tDP3KHKGaLRQotFetAHTR5LH:12000000000000000000:OKDOT:CHECKMYTH
12QiVi5npm56scrr2SUAUBbz5ccvEHaW6grEzACBn5bdpVdS:12000000000000000000:OKDOT:CHECKMYTH
13QgjsoMp4EHzKYc96cGbww69KGU68rcGayKoXEfySDxaDLs:12000000000000000000:OKDOT:CHECKMYTH
12xJKHtHf5xaLY9hgi8wpHDW44ZRnociWFCoePnyrk6bfmG7:12000000000000000000:OKDOT:CHECKMYTH
14ucXPq2nRmKWF3cf3KFAWrtHqjSWqpziB1txfynXUgtR2yT:12000000000000000000:OKDOT:CHECKMYTH
13yvHbUURi5bVt7HMmDUPtpBEkgUNW1ktY2BajioZyPF11Z:12000000000000000000:OKDOT:CHECKMYTH
1xz2rUyq6faLyygA96EfTCakQht1vYrmb7XQEJxqcTmMMw6:12000000000000000000:OKDOT:CHECKMYTH
14xpxQKnWwCMe4EdsfTGNynymVQi9yntmHnDbpCsr1FJmKEn:12000000000000000000:OKDOT:CHECKMYTH
1qHATBBZqjDEC4fw7mC4EnxsFSghhuaKjLwJpASXzrdxkmS:12000000000000000000:OKDOT:CHECKMYTH
132aiZSS3yEbnRYmFR7pHp2AAPe5i7hC5onChhkbXALXEjiH:12000000000000000000:OKDOT:CHECKMYTH
14U54oq97Ao1yKiRcnQB6TbUm1vBGMDVgQQk39QhTD46egf7:12000000000000000000:OKDOT:CHECKMYTH
14BUCLeRj9kh4JejM21BAVkVYqpKepHm6BzZH9bxZvpbqbJW:12000000000000000000:OKDOT:CHECKMYTH
1wX7LtEHBgZ1JLDkroByWjsrQ2oCqubUYMhRYzLMJLsM3Fo:12000000000000000000:OKDOT:CHECKMYTH
14CK865kAwkNHdufshULUoqHnhBa5Bg4GV9nwLpCWA9JiXpn:12000000000000000000:OKDOT:CHECKMYTH
12owBjjcphGHDBwTVDVFkGMrGLaAM4YoDCh3ieJMiLrmmkJ6:12000000000000000000:OKDOT:CHECKMYTH
1Jqu3Wg3Yse73pp5nfmgBM73w4Vzg3VwgWGyw61B9bJpNkx:12000000000000000000:OKDOT:CHECKMYTH
123ivsvShyW3ECkVxj2xw1mpFCzgLNbWSy4eiWtHrTrYZoUu:12000000000000000000:OKDOT:CHECKMYTH
15xRbYhW13GiyaEqZcxBQQR1QDr36fm4SwYu9Phr3XoAGLLP:12000000000000000000:OKDOT:CHECKMYTH
1sVNX8vHWcoZwXspk4aThL63dF2pvt9dpcXCBKcE4psib3X:12000000000000000000:OKDOT:CHECKMYTH
136KGKGFY8unx2Y7bjcFKB8srfDA4GHyriUCwVrLJHqqesvF:12000000000000000000:OKDOT:CHECKMYTH
14or5NaFmYofdmtESejtXqRyQbX48XLfJAJeYgi7kCmH8MRD:12000000000000000000:OKDOT:CHECKMYTH
14WRFK7pAkgaTgQL2kzAjSREKNJVTiuqYwuGfZTufaSPEAUb:12000000000000000000:OKDOT:CHECKMYTH
1QvgcMzwbaYedmTc85GrWAPuXhkvGT8xsmFn3rze1KcDHo8:12000000000000000000:OKDOT:CHECKMYTH
12DCbUPVUnwbMq6cAmfk8gugrTiweSXMKNGpCcCGDz79tGXg:12000000000000000000:OKDOT:CHECKMYTH
161rXLLpWb4DU8J6Vk5MhZtFpeRQdYSraARiUsMv3LdBsqZ5:12000000000000000000:OKDOT:CHECKMYTH
1CDMTvNr4EGDD3y8eGgb4aBVahQcS3u5c7Xh4mN8w58KmRn:12000000000000000000:OKDOT:CHECKMYTH
1sJmtbZDkmzzTZi4TbKrxzdAhebTgkr51iUt8sKb7imP86S:12000000000000000000:OKDOT:CHECKMYTH
15XUTYztoX2P8oqmXQkx3cofyk8tAqvf6LjPfhZUMUtEeevQ:12000000000000000000:OKDOT:CHECKMYTH
16Mtvwzj5DRchDzJAnt3b7jeyc4JdgJruhCBfFnY5cqUEHb5:12000000000000000000:OKDOT:CHECKMYTH
12pGebsFiEt2mmeSWbJuuTVR9SG7RY5Cp6LfLVKLbSXy8GR1:12000000000000000000:OKDOT:CHECKMYTH
1WwTgRygqj9XSvj2shwP4YDNRLmtW8PiGaDXrAvP733BEi7:12000000000000000000:OKDOT:CHECKMYTH
14iFhzcDGHrnTSzEigqQMsFDc9CpK1KTPKPNKLZ7Fbo5xmXe:12000000000000000000:OKDOT:CHECKMYTH
16c8XpN6YoVv5WKSqu25Yt33wwCEkXjVF6XUV7v3BsetE8Ud:12000000000000000000:OKDOT:CHECKMYTH
14ondWLv5CkqAjdxbXpXZWW1jamamfomBBQpLxwxX1bh9JtK:12000000000000000000:OKDOT:CHECKMYTH
1BHj66FcvrAw6EMGzWo8Zo1DzSnvnoge3A2UjKCjBmTcKDK:12000000000000000000:OKDOT:CHECKMYTH
142N475YM8Fjz3Ljp1BdT6YfHQATyomDoygV48PREihvAZvG:12000000000000000000:OKDOT:CHECKMYTH
13eNYZRTtQPtDerNWd7PvqXDpZN4cNQXfbE2Q6evQYp2Larm:12000000000000000000:OKDOT:CHECKMYTH
15piuS7EaHoSCCmZtx6KWFhdhDLsMdbTnAL2EJYJDbrAX5Ff:12000000000000000000:OKDOT:CHECKMYTH
13Rw7HmmtcdC8uDdqrGa7baEaChbCa7n1vR2UuVdeMKjoJNT:12000000000000000000:OKDOT:CHECKMYTH
12vA593AkDT1XvxPqF4dbcvXzy6B2fFDVhGi9m5sdS4W9mao:12000000000000000000:OKDOT:CHECKMYTH
16dthtKvY9GRCrWLJ5fYyxN585dQshftDJYo8kBGEUGrG2Ua:12000000000000000000:OKDOT:CHECKMYTH
1UXMzPhCLczA3LQYoqCvJiozLcMCoLPuGb2NZmLXF7wjKcy:12000000000000000000:OKDOT:CHECKMYTH
1ypetz2XrNcw6HQWBiZbaTSudryNivLMk1nnGmMqKyrbcim:12000000000000000000:OKDOT:CHECKMYTH
14dZ4jzK89PqZBgLqUce2UJXdwSy4sFnaatjpCS4G5KitFeJ:12000000000000000000:OKDOT:CHECKMYTH
15H4NxXqTiqkCguQeeB7CFcse4CeVTGchNK3fMdee2uNSpKa:12000000000000000000:OKDOT:CHECKMYTH
14jx3WTpwFhHNXDhuQGAnsh3BfGA331KpbmEZjeJaUzvRd1K:12000000000000000000:OKDOT:CHECKMYTH
1ZDAfLerBTZwxho9Kae83RXwPoscZ67nsK4fH6cNMKG9gg3:12000000000000000000:OKDOT:CHECKMYTH
15xg4oMvcLF9Tq1pUH8QCdJCya7XfXLuH9jv7LxJXgr4Szmf:12000000000000000000:OKDOT:CHECKMYTH
12KZxi6LScSZCChbkgn9f6c4fVxkrTMd7Wyb9D8eQwNWSnix:12000000000000000000:OKDOT:CHECKMYTH
12B5LKybwrTXHxXtyeuHTJcveiKDJ86Nvxxvo2ELJ1Kqiwdn:12000000000000000000:OKDOT:CHECKMYTH
14YMs31nQhyVvm1MBjXRK7GiGWesJYreKYQUbA6fXPJi8sMD:12000000000000000000:OKDOT:CHECKMYTH
1tQyzDBrmaBVSrJ169NTQ2v8RCqoq4VKyrrtH6CFXjRNLrh:12000000000000000000:OKDOT:CHECKMYTH
13Z1LHuqku3uCihhKFQK2F69U5Br2t4X2Jf8wxvh9bmJDYdN:12000000000000000000:OKDOT:CHECKMYTH
14NEmiVkMmC7zaeeehmP9iK7FM1a2gZWPP8q9DxgbvxxWUnB:12000000000000000000:OKDOT:CHECKMYTH
1GqNr1Z7nFBKCGTLKLiyzUTKXLLhwvDpQyg2dYEMaLjBs3p:12000000000000000000:OKDOT:CHECKMYTH
15cYx3UNXaeQvav3fLPSxBeTxW9AaMP6UkgC4w1SUtRwjUhs:12000000000000000000:OKDOT:CHECKMYTH
18jQ3n6iBSRVTp1bDifWiJzen4jafPDPw4jfbiJQWcSmbjP:12000000000000000000:OKDOT:CHECKMYTH
1Q5hHFCcoZbJ21W27LyxUB8iCDScX21WMLayGwU7KGvZyJC:12000000000000000000:OKDOT:CHECKMYTH
13dDAvnjr7vhKDQFvaqLHuCSWqVDXSPSPXFpW5A8T4pTttUV:12000000000000000000:OKDOT:CHECKMYTH
15Vb48BfwUmLmuRAxJ1cAJ7UfDRnkQth7sUvoKNPsuo4bGZp:12000000000000000000:OKDOT:CHECKMYTH
12t4BUMY7gfFU1zw2oj2CVvqTSQmnQUrarWKkromeVHpKt9c:12000000000000000000:OKDOT:CHECKMYTH
1X9riKhDc3JpBGaZRkwU4oXaeRJsLCo5c4PRpZZ9wNfMET4:12000000000000000000:OKDOT:CHECKMYTH
14xCjLA7dBikMwQTVjsa3QozC2AvYFvXMiQ3uoMTBg9XSaYi:12000000000000000000:OKDOT:CHECKMYTH
16Y8K5n3fxBr1ATNTSPMCJpurmjQ5ZyPNN6tBGBWaXNuwYpa:12000000000000000000:OKDOT:CHECKMYTH
16GbARH6mERMEVudfdfN7wqaaysLpzefgdrtYz17dZpRSSkm:12000000000000000000:OKDOT:CHECKMYTH
13MRZ7BDB3TncqXJYmURftqK97TMuS41Hvka8xmRW1451ZQX:12000000000000000000:OKDOT:CHECKMYTH
1n97DJrSVBmhvkiSSnKmuBibea9sVHLTrW27oL3dpzeFTvF:12000000000000000000:OKDOT:CHECKMYTH
14qT2D6mCBkprJGctV6gYsRsnjNWfjRCnRkJwSJT6tQCMrgM:12000000000000000000:OKDOT:CHECKMYTH
15hWrB3f85JUbtHmGzrP2NUQaGm3KtV95Mcsr6qMYwxoWcDQ:12000000000000000000:NEEDED:CHECKMYTH
13vK64eMbBmZjBT2T6JMYUvB5QHDwoBJjRLuVudfzWcGjybL:12000000000000000000:OKDOT:CHECKMYTH
12MoDoSYz4MtuADP2qKQVdp2djh4yWAh3wa7tBATAf6mXKeK:12000000000000000000:OKDOT:CHECKMYTH
14VwWF8udYH9R17mhiK7dNwV5TW83wH7Hd8EEnBvwPkvM9Qq:12000000000000000000:OKDOT:CHECKMYTH
121npCJMYPaZrtkbtjguEgVmzttShre4qQQoNYtCNGbXPfVz:12000000000000000000:OKDOT:CHECKMYTH
16B8u7a8PCzxuVE7nnedi3pojVzYPvTkQ5tZdonB8UMi5w7q:12000000000000000000:OKDOT:CHECKMYTH
14uhEyMBJ9rmSXfz41mkC5VaEAdSosXLW2Wpa1ZnK5uFZdHW:12000000000000000000:OKDOT:CHECKMYTH
12VsQgLpw6FGc4EHovUq7KzMeXQB7HSvAJN1MRziuj1xFkis:12000000000000000000:OKDOT:CHECKMYTH
13NCLd3foNpsv1huPDzvvfyKh37NEEkGFotZnP52CTR98YFJ:236000000000000000000:OKDOT:CHECKMYTH
