12rZazsgKjzq2xtWgNxCTNnYdixgmp7skbyX5VsgzVtgy4S:12000000000000000000:OKDOT:CHECKMYTH
149vdzrbUpSH2vpPHeTRQVYJxiDhLBCyYABZrFaLwzvxb2dK:12000000000000000000:OKDOT:CHECKMYTH
12EZ9dGWgGU4XwThqynZCK6m4HKSZAtQjWacyXhX6yQq8DSK:12000000000000000000:OKDOT:CHECKMYTH
16YkgpS2U61fR9ZPjuWAtC7S5ZMKve4Wf4HGyep27C7GFze7:12000000000000000000:OKDOT:CHECKMYTH
16Y2wa4mZVrQAmmH1haczWhQFP42XJCMD7JBmW5NPS3SEz6t:12000000000000000000:OKDOT:CHECKMYTH
1wTjkB5YnkjYK1rqAHfKrYCPvHVf9cdY4Eiw4XRiosHJWvw:12000000000000000000:OKDOT:CHECKMYTH
13DffoBqJA2naNzzVqnueAE8LDgfszKwm7Zp5DwupR6XpV1v:12000000000000000000:OKDOT:CHECKMYTH
12Yw7CLAQdhDy61wiD2vxcJcVhSQ5VU6D6BjU7fFG8qZrj5T:12000000000000000000:OKDOT:CHECKMYTH
16PSyXLgRXFJgEgFRZiNXoYZaTvdnxDFBFhyZrLtEcMqGnmg:12000000000000000000:OKDOT:CHECKMYTH
16ax36pr6jfSv7kbWBq3v19GTqmsYzKvT78cfQqWnFCWKzoo:12000000000000000000:OKDOT:CHECKMYTH
12de8g7wW4MPWrCCpdvBVRYnQTvfkoTqETcMsirv1L3uk9Jm:12000000000000000000:OKDOT:CHECKMYTH
13vMJed7QLdBVKJJRKHUDRbGv6bRcQEKeRTZ3u9p7Bt1fsaC:12000000000000000000:OKDOT:CHECKMYTH
1ga5KefQcA7U1Ca89z6y8wxBdtv6cYbUT7RG4CU7LhAxKtX:12000000000000000000:OKDOT:CHECKMYTH
15pmcYQheVZXwG4xbfhTiML2u1FPAjPjoqUAvnQWfrgz1Vut:12000000000000000000:OKDOT:CHECKMYTH
16iDV3UpP5SXijh9tNpugp9QxGfAKFHHNnrkQ2n3bCMTZaaN:12000000000000000000:OKDOT:CHECKMYTH
16W1yppXxhcetXP7ptvUxiz1UQSZuW5AgeLtq3kWF59DGT8W:12000000000000000000:OKDOT:CHECKMYTH
14rzjU19GUhd8n6kEnFGMEmhDwuUZoh1Q3jDk4ui4C5fboEd:12000000000000000000:OKDOT:CHECKMYTH
135CP1r8NFLsXWbnna2MkTcKGmPGSvSE3svrtNEJ8GsWwwvy:12000000000000000000:OKDOT:CHECKMYTH
155MNMejkyAhggiGceimMh8fZ7zNTNarn8dM8po5eV1HV7Y5:12000000000000000000:OKDOT:CHECKMYTH
12SUf73mjQ1XJHkdA3C447JnwZHreUJ2uYYNmij7sGDALyZ8:12000000000000000000:OKDOT:CHECKMYTH
14mGWeuf4yMCUkc8PE7JSMCH2WjRtisvtjUf4yUZFF12NTVV:12000000000000000000:OKDOT:CHECKMYTH
13yDgm4DGbQV5TfueC1vWEAAaPm5R9k5hKTZrdrRhvBQS8vX:12000000000000000000:OKDOT:CHECKMYTH
12fAE6t9APFYYRFZNUx2nAtSQAXH4vAG4S5LM3wt5bJSM87J:12000000000000000000:OKDOT:CHECKMYTH
1mh6uK9cJyRHtudW67WqGazFUq3KkFK2U8SdFtxh5QskDqo:12000000000000000000:OKDOT:CHECKMYTH
15RFxxyPira8NzZNhqo9vUU5RcRjhhB6QRoWi1GxaXZgj77t:12000000000000000000:OKDOT:CHECKMYTH
132yt3FZbJCvL8ZL8YXhpyqbMShJ1FFR4MTR5xerQpwXy9NM:12000000000000000000:OKDOT:CHECKMYTH
15Eeg7VtAMSRzsNquPCRoJp12QSZgftx6VHHDytY9gst5nQ4:12000000000000000000:OKDOT:CHECKMYTH
15JNHTqdW7kLjv9GCmDH96y5g9dxGXAahbiXNjk78iBn2fvR:12000000000000000000:OKDOT:CHECKMYTH
16TYj5AoQNtkDbDbA8LESudTpnmsuieZDuNNrz43wyhZ4FN3:12000000000000000000:OKDOT:CHECKMYTH
1Bt78L3G6ppxKxyYziryKngLqZF37mTmX9jqyyJm5Xr4ZNG:12000000000000000000:OKDOT:CHECKMYTH
14jwrUDnMdazmYkbQFSQs7xKA271QJjZb5LS1zhDFFEfWbdy:12000000000000000000:OKDOT:CHECKMYTH
133BTBFXaXsFvJLntP8kyronuQMvEjLajJwfmrTnaud2Vw17:12000000000000000000:OKDOT:CHECKMYTH
14fhvQbUwtZe7DNZbncKLS27gxbVeQckJ2gFH7ZeFKvyNChD:12000000000000000000:OKDOT:CHECKMYTH
12HKBf5c43JThPnvf33GH7vu2BGS8U4oXeSfWzpfDtbYcwwS:12000000000000000000:OKDOT:CHECKMYTH
12jThrH25BaxgYTaEEH1i7P8j3hRaiLJ7FTcx2KbS42R18xn:12000000000000000000:OKDOT:CHECKMYTH
16auRmLp7xCiXLVXz1ezuQ7LanPAssAVzfXG8ccLwf9pSMKh:12000000000000000000:OKDOT:CHECKMYTH
15yASiRUordbaz2PcWG6s5DHsPrsFwLfU6ZgLwWzcRNEj7xn:12000000000000000000:OKDOT:CHECKMYTH
16WPoFiMcEYkVjtf3sVN6pGXZiECv7Y4L4JB4wQv3295G8Qv:12000000000000000000:OKDOT:CHECKMYTH
12A1XV3p1hYRsWumij7yUirSHeuSdoBwpPNmYoBmdKZyznCg:12000000000000000000:OKDOT:CHECKMYTH
15q8FyxMUnso63HwQZqfWsd2ZaLVN8PTxaRgw71GWSQoWbsC:12000000000000000000:OKDOT:CHECKMYTH
13U4yyH6qseo49sSmfjtCU4p7CnybQpcSRoHRzTcfGoDj8VK:12000000000000000000:OKDOT:CHECKMYTH
12jBogGe58qnE2CmhMGZyz1UFRXhVzELjH8qAjCeeTNPnUcd:12000000000000000000:OKDOT:CHECKMYTH
1xcbUHkCx443zGxzgZC32cJ82VU4D2mFME2ApJHeGCk6ky9:12000000000000000000:OKDOT:CHECKMYTH
1naBg2kFxxGwjtrP1z5zGJr6FfkiT2rxhqiyz2BKvBzaKbU:12000000000000000000:OKDOT:CHECKMYTH
14NTx3uye5dHD1A9TN1RQLo393qiG8P5tjvDqNDtjxsMJxbR:12000000000000000000:OKDOT:CHECKMYTH
12PS7zeinLenXFKTvUEqGPaKUAa1WDnTgnqnRKzKbmnSWDMK:12000000000000000000:OKDOT:CHECKMYTH
1qVcYxRGxojasWkcEiCEsGU7KyrQrGQVrW2niJJkbsVQ912:12000000000000000000:OKDOT:CHECKMYTH
125t6pJvgSmKdJKsfHPuCCL9edCMfrWHGrAr5QQGdMv85vQ3:12000000000000000000:OKDOT:CHECKMYTH
15HqMGtiZKBgaj5itjxCXUYs8wsn62eppAoSSgqkhAuu3Ak1:12000000000000000000:OKDOT:CHECKMYTH
12rCF89AtEgw5UA8d3JzN4HUbUY4LtCyhZQZsSTFUTdHpXV1:12000000000000000000:OKDOT:CHECKMYTH
12b4v5bXzx52XBssSuMhBSFxLzkMDgVSK2ATxcA65o12upYr:12000000000000000000:OKDOT:CHECKMYTH
13cneq15EV8crDQVLmGpeNMRGVX5UiLbCaDYVDmYi7bshzT7:12000000000000000000:OKDOT:CHECKMYTH
147A62bBRdh3JrBeA7o5S7w1XM26UoYwhxRQyCzMNwyHFyy3:12000000000000000000:OKDOT:CHECKMYTH
16J3W7y8bqJswT91CB8GXh9J77ZLXnzk345fBq8L1WHo45HG:12000000000000000000:OKDOT:CHECKMYTH
15GFC8jyg7wkvtwG7jCuZW11HpHaXrzHrBxtBCMBarLZTkU2:12000000000000000000:OKDOT:CHECKMYTH
12qSbSEgUxj7gDxq3bQ9bKipJ8QBtYchJFSv5mqYwGK6mh1y:12000000000000000000:OKDOT:CHECKMYTH
15NeSnFkF7FhvGaYueKo3BDswRLz2uxHDKa7nzRULn8GuTSt:12000000000000000000:OKDOT:CHECKMYTH
15gowFhg47fXMascbzSTbpwWtkWYbfpZh5VPhXcoaP5m4CNa:12000000000000000000:OKDOT:CHECKMYTH
13riJhC8Kb2Wf8V8WBTLUQU5ZQAeeP749Yma5xtEiyxvVv2k:12000000000000000000:OKDOT:CHECKMYTH
1dBNcnHenAVmSVVAa5ZHTJMRw3amdGm6hBuE1ggYEHUeu7k:12000000000000000000:OKDOT:CHECKMYTH
1252bpWrAsH8a7ZTEhFFWiUKCN4orXA2nfVAv4r5jo5su4AS:12000000000000000000:OKDOT:CHECKMYTH
15V3WDhWGgppjv581HfmnaNydN1cFuK2FfySB6GaPccNfzLJ:12000000000000000000:OKDOT:CHECKMYTH
13EGtejw1714JfcP7Z91Apu1xmyfnLg2L5QMfuWQHXegdvB5:12000000000000000000:OKDOT:CHECKMYTH
16HHwiRnzs3mNHF26R9HFjJo5BtNfErJWy17JZxbvkdaqoAw:12000000000000000000:OKDOT:CHECKMYTH
13rfqkeU223FZvMVPqXZ9ec1jKYhFSF7aSGuJuech7SB5wnY:12000000000000000000:OKDOT:CHECKMYTH
14opnV4xrd71z7nWWwmAB7x7uY654phb8YufgSHFku3DsaVr:12000000000000000000:OKDOT:CHECKMYTH
121UitaccwjKZXzMsmfSG9422bgm53JUun2hbcuMiSVWmc3E:12000000000000000000:OKDOT:CHECKMYTH
16K9FEbcVa7QFdy79sinjfHQMDgYr3gXLzaA1VtGnaHCfznm:12000000000000000000:OKDOT:CHECKMYTH
14CWc42UnZRfzfc3naXZN4Nf41TakvkHSpi16Hp1BWb8XzTn:12000000000000000000:OKDOT:CHECKMYTH
15XwcvckGibWjQ79dNeAA4kaL5nB8ehJi4MxVmqtr6ABduK9:12000000000000000000:OKDOT:CHECKMYTH
14TRSkXiiqSAfgbzLHsFhfqHu4sU3Vxs9CwFcktM8oHfpmm8:12000000000000000000:OKDOT:CHECKMYTH
15cFWs5hXtRfpNGaM6CcSCpS31tSk16jzRynrn4v9BsYqSqs:12000000000000000000:OKDOT:CHECKMYTH
12iU89QbxxnRVcHFrSxRH59TuDcPCcsu3KZ7zR4EeN8R6UDE:12000000000000000000:OKDOT:CHECKMYTH
16fVgyrN95WJzomRF3ujZNVYwygqnPoPfZZD5JCDQqMTGM4g:12000000000000000000:OKDOT:CHECKMYTH
15muV6bC5fSvq46efFbDHxLuksBphei6rMNwU76UweaAPYZK:12000000000000000000:OKDOT:CHECKMYTH
12PBhTkwsVVjraC1uzY6xwbUg4WyW48pb5ArcRxPEUnSTeMA:12000000000000000000:OKDOT:CHECKMYTH
13A19zZqQuTqnvV2RA8J29HMtvpgveWSRN7XyPtACWeSjjjN:12000000000000000000:OKDOT:CHECKMYTH
1wzodBbMC2Zfr93xyXkfvVktMsrF1oczP7i7mChGBG5QbuP:12000000000000000000:OKDOT:CHECKMYTH
16HPy24BBrSxF9f3B3MQQwheLrt6NejcB6kfqWYewtW2hQaj:12000000000000000000:OKDOT:CHECKMYTH
13rYsPrSPkiWsFpaVoZ88HFYmR9f8dXcSwYG2XWDP6rjCCTa:12000000000000000000:OKDOT:CHECKMYTH
13cPGehtQbNJiTTFb7a9WpdVUJKgXGXYivu3qGgvFhWPbRpD:12000000000000000000:OKDOT:CHECKMYTH
14srXPzKCqupsNvuNx7HEQYBdqSjkMTG7bbdZYK64oMWsWpg:12000000000000000000:OKDOT:CHECKMYTH
1kWMw1K7WVtHiT7rmmJVFp6XJQMZeSRk5PGxN22LmsfBdoV:12000000000000000000:OKDOT:CHECKMYTH
1W79N3HZfshBTVHKw99YJ9uBLxGmqYV6gZytjycXmpjqcEU:12000000000000000000:OKDOT:CHECKMYTH
13BbRMuuNcqhCZPR9YPkC2fG9n5bwz17Ja1F9n2YUPmULihY:12000000000000000000:OKDOT:CHECKMYTH
13NAwv39mYyShF8C2VsTZ4oiUxUNj6BnSpdJQ5n5vKYfkV9W:12000000000000000000:OKDOT:CHECKMYTH
1Ju24zimHLPrGkbqrDV4jRLdtuPE88bnBgUmKNECPiMwUGU:12000000000000000000:OKDOT:CHECKMYTH
14JaEPUZuhVXhXQRaNuJJ6Yj1L1gWxCs49Fix21h47UEMkec:12000000000000000000:OKDOT:CHECKMYTH
13fBvKgvmKF9HTRWdKgr6B13Yc81h2Fz5Pqw5U9GnCV96ibD:12000000000000000000:OKDOT:CHECKMYTH
16bq1qrk9YVZ8QP719rLmAcZaeXnmfadqnnkifBxnZEnp2fz:12000000000000000000:OKDOT:CHECKMYTH
1346rz3KuFuqa59G2vjVC1yD7AHVcT4AatDT9pfcDEaoT1B3:12000000000000000000:OKDOT:CHECKMYTH
13q3sRs7mnprUUMwAdGdntaw7JCoUyHdsJSVFKFLTz7ttLoe:12000000000000000000:OKDOT:CHECKMYTH
1uth1FbTfU5sSieMpSEMnsNAn7gy83qReN9Lin1MGRNNrzJ:12000000000000000000:NEEDED:CHECKMYTH
133yLP5oSUG6YcEeR68dzE59ZAesEQ4EYbft6RNY4f4bdgd9:12000000000000000000:OKDOT:CHECKMYTH
12muW8vXeXXMC63Xua7HgYm4hTFWSj9YVKneE35mm6G3JhcQ:12000000000000000000:OKDOT:CHECKMYTH
1L8eGNyUjeraEa5yJMyRTY9PA1428EoiXQxRT2mjirt9EvN:12000000000000000000:OKDOT:CHECKMYTH
14aLZCLRoYYvRBeXRzSTZmzCdypsUyUyr8TKwFwQNaASYpUp:12000000000000000000:OKDOT:CHECKMYTH
167MMecSaLMZw2j1fbwDRhUf3CK38mkbdcSWNeHjMThTsAcN:12000000000000000000:OKDOT:CHECKMYTH
13faN9XAQQCfTfAMLx1YxCf4mbbigpwB8TZG9Gp8oDABopuv:12000000000000000000:OKDOT:CHECKMYTH
1Njkmeu9d1787v8Hwa8C5bmcScgL759oJEyAGMKYuhJvaCf:12000000000000000000:OKDOT:CHECKMYTH
13JsTdpHXnKwoPVjZKKfdLEHXH6cQ4cT2gyXw4jspLQV9dTM:12000000000000000000:OKDOT:CHECKMYTH
14uCCABoJg1J72wo8jASyog5fvJFwBDU21q3tgUv9u5HSqHb:12000000000000000000:OKDOT:CHECKMYTH
15yfqDdX5XXCejvyLZyfqRg3eTMHSskapXxyG64exXFzLQAx:12000000000000000000:OKDOT:CHECKMYTH
1Tno7iKoZSCiWbeBcNHFhUhQV7e3uwJAESaPtbtUPCkHx6k:12000000000000000000:OKDOT:CHECKMYTH
1SrvbB93x429ab2u4yozYXy69Sh8YhCqPEgFrSgPMFT2qNK:12000000000000000000:OKDOT:CHECKMYTH
12yE6EnshJzzxBdDQ6k6sRmYUdojk6xHRP6tZDFxXAnqiMK4:12000000000000000000:OKDOT:CHECKMYTH
123bo71dttp9vknXY8WJK3MHTjaoZC6o1uNCjmHJp76LB4o1:12000000000000000000:OKDOT:CHECKMYTH
1KrFzDbYT3FkdnHBhY8ZuRfan2z3uYAYazzNo3xY475eGM7:12000000000000000000:OKDOT:CHECKMYTH
15k6pxyzT8uEFLfyNNALowoeUNidUBhWxsZ5steyAMB1dryr:12000000000000000000:OKDOT:CHECKMYTH
13DJH2g1LxC2bBa6nEWoj7dRJNuoLLEnzEfuoiGMivvJ3S4Y:12000000000000000000:OKDOT:CHECKMYTH
1SESFYyeaFFmzvkGApmX4H7Zq52sSy5Q5y5TCu4PUCXnDn3:12000000000000000000:OKDOT:CHECKMYTH
148LK3PQGy9xp9kJ24dnnSU5hAMNZSYV7vwQb5U5EGcAPKX4:12000000000000000000:OKDOT:CHECKMYTH
13BoNBjG129GhDgJfffzaq3GmPFkmpwBWXAZupLRrdh41fKD:12000000000000000000:OKDOT:CHECKMYTH
15Mhgj6D2Uj3zyDLmPa1PN4GhndcQq4GnLxyS1t2ibwhEoJ2:12000000000000000000:OKDOT:CHECKMYTH
14TVdVZ8Qs3Ra9A7RCk2zwRmGX75syKseXDeb4W8WEkEGztN:12000000000000000000:OKDOT:CHECKMYTH
16Rwu82aPchiDci7K87q69BchLJDkWaRnG3PppRdAAfn1ndZ:12000000000000000000:OKDOT:CHECKMYTH
158G6C1nCRoNMgirCmepZKKvZ2aRYGdrbcmudUtRo1RC6b2b:12000000000000000000:OKDOT:CHECKMYTH
14ybEZfUB6Xn5LEdz7rKpd4SA5MQ2KDucRNGxaGpVAzbKN9r:12000000000000000000:NEEDED:CHECKMYTH
12pKG8wmEnwX1hTCH7bjLsUC5w93j9M2t5TrUWAXSX1UJkM3:12000000000000000000:OKDOT:CHECKMYTH
164uXhEYdn7wVzcdMcujU5dWD8XjgssDW7QrTw1t5abgVzNo:12000000000000000000:OKDOT:CHECKMYTH
13DFUJ6HRdoWjcRmjyXxJvduGvymskHr1kcuSwbaRm3hcMw7:12000000000000000000:OKDOT:CHECKMYTH
13FafPH9YCwqApo9gLsjnhgpMz6weWp459RYYAwFxGVGqhEc:12000000000000000000:OKDOT:CHECKMYTH
14ukJaLeFJVn5ev2Y8ZYihNssJabnhYAE8F58BF7VgrHdkDo:12000000000000000000:OKDOT:CHECKMYTH
13eGALgSStgrQXYERxpDmQ8WoNy9tdpjGEERiZowcPdeyx7z:12000000000000000000:OKDOT:CHECKMYTH
13ecaSNFf6Dq5W9etueiEp4CvABe6LKixcgdemWyEDUptoWD:12000000000000000000:OKDOT:CHECKMYTH
13tzh58AyUG6KahBQxrEfgmVUSuBKHi8YFZz9GFfju1LynJy:12000000000000000000:OKDOT:CHECKMYTH
14V8z42cRawEC4J3gh8cf5Uex8V4pwKUAaYMPb9b4BkoH8NM:12000000000000000000:OKDOT:CHECKMYTH
14DaQJqP9hi2Bkar3TFLePic2TXjDJJpo9DnFExVzzM2ssyj:12000000000000000000:OKDOT:CHECKMYTH
167dwA1UDmWSBRrFd9dXqXjdk1NRhqVjenT2FbHGDyy44GjS:12000000000000000000:OKDOT:CHECKMYTH
15QTqMk3FNTpafzXqp2LhoAyA1FkxdUn3fheEv8ejH3JReg1:12000000000000000000:OKDOT:CHECKMYTH
158c5DRbwtGKLgoyLnT6UBXTjgHZZDSa8qs3hcBrub4cLKfs:12000000000000000000:OKDOT:CHECKMYTH
12SacALL2oom5PsMUw93dxLsACL3REkWUPiqsduo7VoGRFqj:12000000000000000000:OKDOT:CHECKMYTH
156FZ9baJC2REUvoA8oD59nicmVATH4dkjqgn9oa73TNYM8P:12000000000000000000:OKDOT:CHECKMYTH
15V1jbunAE1SvK29jooWR1cCNTuF9JR2hFsGEtTgH4yWANA4:12000000000000000000:OKDOT:CHECKMYTH
1fLjM6N6aLgbKz5Po1EDddFpPFu7a7beS7JtpwLRgFUuNJR:12000000000000000000:OKDOT:CHECKMYTH
1to6k333KpssLJtw1gxhRgjgD4CgpR6gSwQnFH5ZZfSxtPw:12000000000000000000:OKDOT:CHECKMYTH
124ncZUC4WRgTNWjt6rhWh6zJPoGoXDxcLc8edW7RqRwx6kr:12000000000000000000:OKDOT:CHECKMYTH
12yxVC5LxKDyrwBCXpVDf7wg4XthWzDo2dFAPC5A23JcdCY5:12000000000000000000:OKDOT:CHECKMYTH
1XriR9No43YBJwgi3WdiR9bio4iweQeLuLujBJ9ASpkMqaP:12000000000000000000:OKDOT:CHECKMYTH
12zKeThf4yGqvPUpNU4ttAp5q3Su6hWgsxkSpXdaLWynh2Ew:12000000000000000000:OKDOT:CHECKMYTH
13MdKsaG8kmCbKqiTuo85kJnYNU7eFNyownum9tQasuW63qi:12000000000000000000:OKDOT:CHECKMYTH
1gJVA2QD3JnuT117ZrvHgGbCPCsB7Lenmnd5ta3g9sHokw3:12000000000000000000:OKDOT:CHECKMYTH
1BcsqT1YnEq9fGD1CjQtH2KTgkbJqgxm6hzPr9Myo4arU5c:12000000000000000000:OKDOT:CHECKMYTH
16mj6ENH6h8n8WVn5CPd8KStPGthYuQPVYeC6jtMNX2ToE99:12000000000000000000:OKDOT:CHECKMYTH
13zcZLma5FwmYnv74xHsAFPDsbWhFo63bx4LxZs2GrwDFy3A:12000000000000000000:OKDOT:CHECKMYTH
12eyVjpSGCxDcfPnYu4B6TQTZueh3QHR5faLdUcsa1YUnGZE:12000000000000000000:OKDOT:CHECKMYTH
16ebGkFJQPSAATPLeSpNb3R8Lp5dutzkzbffPUyjZDcDqLew:12000000000000000000:OKDOT:CHECKMYTH
16XwkbgSoyVj5RUGNDH12dpNYvompk4nxbYPxivZnXa4tMw:12000000000000000000:OKDOT:CHECKMYTH
13XKhx5tvSQerBYj4Mwbt2yRkWBQc4TQNwiZNPo8BtM4CAoj:12000000000000000000:OKDOT:CHECKMYTH
133fpjSKC9AYCH6pVsvAJgaLw3tj5PcyNBXjdhFfd7pBCpVv:12000000000000000000:OKDOT:CHECKMYTH
15bLsfstsCWsxS6ZeHSL7UVVfLbKDv3DxZeGZ8hocXrdDccR:12000000000000000000:OKDOT:CHECKMYTH
121E2mEwWHrfEVsFTrgNsvJr3intuiqiXqtV3ZZQYPJxM3Jx:12000000000000000000:OKDOT:CHECKMYTH
14yLQh612oNNFwgEyZn4fi3cdrUzfZJ6TGBsqPvGiHnDsaV5:12000000000000000000:OKDOT:CHECKMYTH
13EY77wrbj3VdjjyFvE7sa7HiqUYP5JFKn95AkstT312QaLW:12000000000000000000:OKDOT:CHECKMYTH
14FUSx7VZRr1cLVRDtAPp5rCnF5fnq3Lxu7yLxHqPuQNQt8q:12000000000000000000:OKDOT:CHECKMYTH
13rXc7HNVZnqdaRm2G6NgLSYPebhdAzFViqmXrWSfmDkmC9P:12000000000000000000:OKDOT:CHECKMYTH
1qeYJRJgWqqgwhGnNArwvxigeTosasuMavkRqhJ6sjPw3aa:12000000000000000000:OKDOT:CHECKMYTH
1266HdAYmF2r6ELiVqvAnVgSdh2dAuMpgrbE2FbKkFPMyfkh:12000000000000000000:OKDOT:CHECKMYTH
15oU9AVmwghy3A6X33RJ3C1yXJpvGrWXt7HEVNq7L2K5ggmj:12000000000000000000:OKDOT:CHECKMYTH
14r4hay2kQFwjH3FEvVtLx2z5bHjp9zVRocfRtfz2fcwDXdB:12000000000000000000:OKDOT:CHECKMYTH
13RwHRpufsCfWNKYH3g51TK3qrKT1q2if7b7mhmwVVEKxNf:12000000000000000000:OKDOT:CHECKMYTH
12x9oA31rFrsBPbGHbemd7syAtnrFUvvGPik2cxHBXoF3hbm:12000000000000000000:OKDOT:CHECKMYTH
16cJxQsMvepik5rjGQpmE4DEojBWZFkJdXDPdKg1RZ5VNW9d:12000000000000000000:OKDOT:CHECKMYTH
1A7FZqNLhmvbLvxdaNkMRhPTFKy2y3AkwCWQiAv8NzAZtAh:12000000000000000000:OKDOT:CHECKMYTH
1SMYmFmHFzwU4w3pdL47oFr5vmU2dYKQR9qzpzpQbNinjfg:12000000000000000000:OKDOT:CHECKMYTH
15a8jrTa5yjqERCGEzVn85Z6y4J7eUfgfWvKjsZukLjdVZiZ:12000000000000000000:OKDOT:CHECKMYTH
1YXnUyH63mjctfqt5T3DeDSCZrUa8NeA4B5wBiZ6zEuJ2j8:12000000000000000000:OKDOT:CHECKMYTH
1F92sYdhLEQrcv1CFGbaPdY3DENGSiK7QXgeNZgkFAyS6KT:12000000000000000000:OKDOT:CHECKMYTH
15sF9R4HNYXLtwbeNUgWLtdqdpRxPKHdWgj2gQfKMy12cikf:12000000000000000000:OKDOT:CHECKMYTH
16WmjCQCqr3XRJPJuWngqzbkwfJLtkrEGhcjKbvxk7smfpbP:12000000000000000000:OKDOT:CHECKMYTH
1mSy27jQuEvWChwYmWZLtpcPTD1UbbN2Mz5nbCbChbM9jaJ:12000000000000000000:OKDOT:CHECKMYTH
154PFaSEYrfYYDEmnrcAB2XViXr5KrVhhxiT2PidqA8q39yv:12000000000000000000:OKDOT:CHECKMYTH
14BFkT7s6v7Q7opgbhWfGBiunFyUKN18PcRMKcmz3XbamVPo:12000000000000000000:OKDOT:CHECKMYTH
1383jjtVEiCwV8YVjpyB83gnKJCUT2QvWoKzyvmgNj38eHRg:12000000000000000000:OKDOT:CHECKMYTH
1xh5v2j9TLkhSoZUwT5RLtPhripjWXYLGjSAyy8DWLWY9EL:12000000000000000000:OKDOT:CHECKMYTH
13pSFyiQaFsv9wwoGD3i7VbhcANWd1QNiQwVMstTg3Ej7HCo:12000000000000000000:OKDOT:CHECKMYTH
131V7CCFf6R68LNSQD6WM3amqdLm5tM4oSgXCyHEp1PHsBoR:12000000000000000000:OKDOT:CHECKMYTH
15xTn6iEm6U24rZxwwXavHTotsspxLDgnh9YjtUQATbFBwxg:12000000000000000000:OKDOT:CHECKMYTH
1BUQijbHX18YwgjEXBu7hdumJvoUWc41Mb3kruAZJbP4pfh:12000000000000000000:OKDOT:CHECKMYTH
1rxxSdeSzzmTe2cKvQfrqLXBC4aL5w4YbhDRCyyV5f6u4AL:12000000000000000000:OKDOT:CHECKMYTH
1582vXvguaZQbRftnCemJA6MCYE5qnkJzsGCMnAEBKZUT9wg:12000000000000000000:OKDOT:CHECKMYTH
13yZ5dScpsLV43yxg6mGRVEqfHVuiWrd4PyLh75WfQMeA8vN:12000000000000000000:OKDOT:CHECKMYTH
14Mmokv8J4RoSJweyHhsgUmpyLdgBh8g9ZxiR9onvDpEeGem:12000000000000000000:OKDOT:CHECKMYTH
15MPHWXUSUtUwvromjeNmEfMDQzDwdKd4APm92msUZiUfxA6:12000000000000000000:OKDOT:CHECKMYTH
15Ggma2pR7ibCsAJSrhsbkeHJybU1afEjP5vM5BX1HyYQEKM:12000000000000000000:OKDOT:CHECKMYTH
13QujVENvEGgaGPPLNeKWh111LxdEC5p2XCR25cZDzp19xdQ:12000000000000000000:OKDOT:CHECKMYTH
15sGiGZgJnuLxLFmQBGL24y4FbdYkYagF3CAuMESVhVADpdi:12000000000000000000:OKDOT:CHECKMYTH
16LArx9kgHWA8AuGz6bpWsrTL7oY7WbVC2w8Q569mBUUnfXk:12000000000000000000:OKDOT:CHECKMYTH
167Fte4gbaiCSXYJMFNwDsLZDDyT91XebvPGxeA4umHpu95Z:12000000000000000000:OKDOT:CHECKMYTH
14YB8h7z8GUU8TvFfLfVdDggruAfWhP9eiRznqBoDz7neRkn:12000000000000000000:OKDOT:CHECKMYTH
16Qqbb8hgUbBsnhiqf4JomehXspKpxxRhkiSNAvqGsM6X55f:12000000000000000000:OKDOT:CHECKMYTH
14EaLrF6H7dRXdY7PzSz38Ri1WzjTWcJ3ocj5y8jighodrdr:12000000000000000000:OKDOT:CHECKMYTH
15i97HCvGGA1zHBvw56CUH1nzyH3swpbS1C9FEKJ9i2zG8s5:12000000000000000000:OKDOT:CHECKMYTH
149oPMKfrcmDf5eBLK4qBCwe1mTRFyzwDjDBqS6qh5Vb8Uz2:12000000000000000000:OKDOT:CHECKMYTH
12s7hudqh5nHsRSPj78F9DF5geybPWZxXKcZfCXCNifHRQj8:12000000000000000000:OKDOT:CHECKMYTH
12rALNRmbUNU9GCYrsDvJznLsN1fDEJwR4UPrpAzE2EmYztm:12000000000000000000:OKDOT:CHECKMYTH
14gUuEwimH8JAzTSjKZpMPUhc41TqdSaz4CBsfYD7JhEsRJH:12000000000000000000:OKDOT:CHECKMYTH
15wuyPfLCsPab7sufHTMJKprGjAJKZYPJe63EWQSAVLw3ScX:12000000000000000000:OKDOT:CHECKMYTH
14Jb22qbBTULx24hX1HhpCa9tWeRcBzaM4hfhnLX9QsuyFHs:12000000000000000000:OKDOT:CHECKMYTH
12mG5Fdgm7yk6k6odbnNnv3B29ZbUEkb5qM8YxqFsZieRPTJ:12000000000000000000:OKDOT:CHECKMYTH
148MLmWFj4BXCF3MALfWkzXv3nDruH9J9zGBbWbTpQj8w1BR:12000000000000000000:OKDOT:CHECKMYTH
161yJQhqaGR7CsP6pCchUb2oJkaLtUeUZH1Zt9RtX1ZCq7PF:12000000000000000000:OKDOT:CHECKMYTH
16C2u4XUXqTNBUR9PuiQL2QjPs8wea843YA9aMRkZ4k8GHRu:12000000000000000000:OKDOT:CHECKMYTH
12d9K7LenapZB7urabne5Lgw4A9yFM3mbNBCVoBXPfDjFyA3:12000000000000000000:OKDOT:CHECKMYTH
155tLDHwCHmfriWV7fqyRcoP49T899RubG2KFofnsuTTobSs:12000000000000000000:OKDOT:CHECKMYTH
11ULPMps1q5dSCP3WAjTsjFxW4ZRRQ1bsy99tLR6y4NY9he:12000000000000000000:OKDOT:CHECKMYTH
13qWRpFeBWYGjyjPRQpJkEGcqHCkVn7HAGtPzFQeQcF9ir3i:12000000000000000000:OKDOT:CHECKMYTH
12UhznBEGbEvMLRc1EDpivKM8CFZmHPesfMB67kgtvZPXQMS:12000000000000000000:OKDOT:CHECKMYTH
12xBCGAJxFpu58gFXeyTsEgt3XCqXTPYCVPQeZY8hpkCA4M8:12000000000000000000:OKDOT:CHECKMYTH
122PyWRBgCcJatTqBGgdnv24QikorUpRLdoAkXt9gdcuZvWP:12000000000000000000:OKDOT:CHECKMYTH
1GMYm1F72DdA8pNkMQY37R3tZ278pkhRFESu1e25ehZsAnC:12000000000000000000:OKDOT:CHECKMYTH
13ePCSHepxGWmcd4jtx46qsp8i2Kaf5QApD4HEFj95Da5VfS:12000000000000000000:OKDOT:CHECKMYTH
159Mjdz6X9thaghPXhzn8zwGCf3vdySp3qiAeaKKUCk9Epkc:12000000000000000000:OKDOT:CHECKMYTH
12M9m7rBPRxJZvVzPCFehCq6gXd4pAwDGETtcMigS7CoQsiz:12000000000000000000:OKDOT:CHECKMYTH
13SfMdtTkteg6kx8Q4sHHERs75AmRf549Wrzrhd7rAKibFLf:12000000000000000000:OKDOT:CHECKMYTH
15s6NLJfHUJaZj2zmHNPzLwKdtTM6dNDMzKGZ3CCBQutFHuz:12000000000000000000:OKDOT:CHECKMYTH
15NsRAyQo94HaCM4BjjQcKJaJmfZhJygtPMNAyBT6R1Pswam:12000000000000000000:OKDOT:CHECKMYTH
143JrdwqPNuiVSQQ3r1fVT2F96Z8bKs1gm32MFhQ3mGvf1FU:12000000000000000000:OKDOT:CHECKMYTH
14VLpL5aj2rvPeQMNFBi3owdS2awJFMayQsqStDYiCLKpcvk:12000000000000000000:OKDOT:CHECKMYTH
12woNFCayfjhWgY4DGC6bJwhq36PEbsPNre34xW6YLgt4f3u:12000000000000000000:OKDOT:CHECKMYTH
12a7SZSfHFKg5xtCwoYYkTd15n4y79qZHVNvWVV5yERUVPrn:12000000000000000000:OKDOT:CHECKMYTH
16NFiuzA2oG8bNZFKh3wCUrPJF5VvCTaWUvXtekiUMLwaZMo:12000000000000000000:OKDOT:CHECKMYTH
1v9GJA1AVN1nkYLAgQXbtvAxU5cYURJamHBYuKYi3yxip27:12000000000000000000:OKDOT:CHECKMYTH
1473F85neCDunGZ6HaFttvii2rmTzNXAtFR6jH2eRaWq9prE:12000000000000000000:OKDOT:CHECKMYTH
1kdsL817njnRNrwMN67w9oArRfoV3eHwTweacj9RGtC7ntB:12000000000000000000:OKDOT:CHECKMYTH
12BbUHLkLXMQKt5HzwCVfBBsFUnr2TfUyktfRPPHkPPxukhC:12000000000000000000:OKDOT:CHECKMYTH
13L9K3FndCjvjacZKyCExK8myUVnm4vAWrQ9pRnzvydVemwp:12000000000000000000:OKDOT:CHECKMYTH
15J9MAaqTeH7cybmP5ABWfkkGUJoE7h88tXEsrBrGe9nzAyW:12000000000000000000:OKDOT:CHECKMYTH
14wp3dwV3m13gWj6i6LDtocpviNbT9XF1S3LRx3WtkkkJD8H:12000000000000000000:OKDOT:CHECKMYTH
15y3iDbLPKQsQxhwrjaoYezNo9DRaR47uFZfLpBvdFUK9X2u:12000000000000000000:OKDOT:CHECKMYTH
12pjV1H8RbJUVJ9UdNH6tJNCmYka8FzL9XzHsP2RwhJjjRyQ:12000000000000000000:OKDOT:CHECKMYTH
1eUm44Mu1wrLEMupscvSYJzSR5HjRGU8X6qAw4RLeoAXZgu:12000000000000000000:OKDOT:CHECKMYTH
13zxb3gmL2qCD12rS6RBPmB5CuieKRZYrBb9SrNeWFWMDo1S:12000000000000000000:OKDOT:CHECKMYTH
12LbsTYM6F27r3GVEQMX6VSfXNBeC343HRnm7rpWNYCV3HRV:12000000000000000000:OKDOT:CHECKMYTH
15uQCEyyNhuUY6XHa31YJ6fxHmzQvCXjQpXdoPVL4TfwxY8T:12000000000000000000:OKDOT:CHECKMYTH
16eqMhFnbSjRSM5j5umB1QHtUfjUg8EPgTunrTKF2FZJGx7d:12000000000000000000:OKDOT:CHECKMYTH
15rF3Zon3XAdEiTSs8B5nJzKRzz8ugHFo2nYqBTmQcT38zgB:12000000000000000000:OKDOT:CHECKMYTH
1Hjw6989J97dkswQfSQXMgcH9SF5y4F8ybTu4a7dRQmJqHz:12000000000000000000:OKDOT:CHECKMYTH
12htJuEJwkdiBTKAJ7M6716fuq19uyNmi5cCHrsYBi8hBP8h:12000000000000000000:OKDOT:CHECKMYTH
12E16ffcbjYMCkZKAuyBRRcHB3RTejcNo7fLpube3eAReDTD:12000000000000000000:OKDOT:CHECKMYTH
13JTTqncvtJY3qCNHtYRqMig8mCf6Y4HxauQsRF7PP2K2C28:12000000000000000000:OKDOT:CHECKMYTH
15cq5wTfaSr5QJoa7cc9hePsAhF7LhcJ7yGSwz9f8HwYq9NY:12000000000000000000:OKDOT:CHECKMYTH
14fVAzL5WiqJrZcCvWBPwvythffDvUxDMhgjvSKAhmQXeWM6:12000000000000000000:OKDOT:CHECKMYTH
166oyLVwJrTyDeyWsPUT5Z6E5YUeceY29aQDZuzYzrswSpkP:12000000000000000000:OKDOT:CHECKMYTH
167nN11urpSjESHuC3758YLiGPdxqbFTNRStsEvxvFgy7D4Z:12000000000000000000:OKDOT:CHECKMYTH
16icLaUfNqpx813p8mhCQCV3arrXNC4eDUWtZjJzFF49zREA:12000000000000000000:OKDOT:CHECKMYTH
14J661MAALJS2iUmmYpTwKfZ1ZXxCNY49Q7GEKct4u2zSBsN:12000000000000000000:OKDOT:CHECKMYTH
1q8ns82n2HncTKJMfMxfYgxb8rCErMnLi5UDHSnk5A5SkZN:12000000000000000000:OKDOT:CHECKMYTH
15ewX2AJyoRS3uyq46gFZi5ZxhvoAkjHDbhMkNifZSuh9wka:12000000000000000000:OKDOT:CHECKMYTH
18qpYHR5iURb2bxTx8BgHWR5UkkDoiJmWgVgT37QPDqh2LL:12000000000000000000:OKDOT:CHECKMYTH
13Nh9wrprFEowLr3oXAyvFDDQPdC6jeA1GQBEQa8gQfPW6Yh:12000000000000000000:OKDOT:CHECKMYTH
14CPxdX2UzKt96jfkewcoabJ3yUXy8dtBQEzsm1PjUmdvEcR:12000000000000000000:OKDOT:CHECKMYTH
151Fj2urZMsqXGYvvvyweEoa6JxEbi1XcAXyvTybgiCGBbtW:12000000000000000000:OKDOT:CHECKMYTH
15NAHUirK8ABZH1mPy7VMyuVHis5ym55VHFtZaqzJgybvjgM:12000000000000000000:OKDOT:CHECKMYTH
15nnn3HdmtB21uHHdUdoBZVxBZHrPctWiEkFLA2dhJPZEoBy:12000000000000000000:OKDOT:CHECKMYTH
15mMYt4J9B9ZoePLiKxUstUsUpWG3oQy9ScksRYVYAye4qfH:12000000000000000000:OKDOT:CHECKMYTH
1BmpfidZ15shyqRVnEuqtZQpzbXWuca35EBmB4A5ExMCKGU:12000000000000000000:OKDOT:CHECKMYTH
13x744R7sfUhiidZerpPBvzhYDQr52KtSi9z4nhnzoJUoL1K:12000000000000000000:OKDOT:CHECKMYTH
167hPW8CPfAbaNJMtPRQr67rDA1L55SqZS214ycRmZFkmmVp:12000000000000000000:NEEDED:CHECKMYTH
14PaDYhXDXvnMFQSGVJpByifbuyDGdwED1e2Pqiw8r4tmbTT:12000000000000000000:OKDOT:CHECKMYTH
14pF2usvPfkedbjt9fSwRyzxUxC5rrEJTeDwRhbC5N4BVQHD:12000000000000000000:OKDOT:CHECKMYTH
16kt8dFEBKcrnF3w53gBfsVAsGJbTzyw8CvdgTbd8CeU1oHL:12000000000000000000:OKDOT:CHECKMYTH
16TvJegBaPGeVKhiSnLWSaX24kC7KVohUo7iTuCZYgsBAMLB:12000000000000000000:OKDOT:CHECKMYTH
12UWsKhnJAhA7JmTmoNWJWw14773wRxETV9zUZoABRsyFgdw:12000000000000000000:OKDOT:CHECKMYTH
16gwikMXeWhnnLzUhTGHTdsmG1cMKNMTDvwCNAcoHQX88swS:12000000000000000000:OKDOT:CHECKMYTH
16dVU85W2F3uQLzVgD6KuUfJusFpNhgFo4d91cBfquoGwC8U:12000000000000000000:OKDOT:CHECKMYTH
13gCmXyAxirLWdsMGfRmkzYJw2EocjvARh5fu28s9tZ1Ujfs:12000000000000000000:OKDOT:CHECKMYTH
15sQNmMeT3uhfUeJegQV8ymSRqiVva9xtCNFuMPZgS1qG5UG:12000000000000000000:OKDOT:CHECKMYTH
12edYxkffBrXraaraAGreByCQeKjB3TS6MLBt4vX3Yj3FPAc:12000000000000000000:OKDOT:CHECKMYTH
14ESAvwbRT3HzwkVNDuhkBPej3Jhj1r3w3qkbMhdcMs3uCVB:12000000000000000000:OKDOT:CHECKMYTH
1uzWHFSD2vpNhgsjSBu42NTPnVJsMgEP3znxn7JKdTA7rvb:12000000000000000000:OKDOT:CHECKMYTH
15hewfEMTUe6iCSWrb5Wm58PbRAmVhPaUoDAF5AzPf6yYqEt:12000000000000000000:OKDOT:CHECKMYTH
1367DcAZsLZ1xXyuvwwYM7u7kmQEqnGTwphDy6z5iSzuDjZD:12000000000000000000:OKDOT:CHECKMYTH
15rajtBsSiJsQVsWzUY5sJyzqrmHgiKZL2NyPV4QbQr3pnaf:12000000000000000000:OKDOT:CHECKMYTH
14HypvDko2s4Bg8x4XDVDXMH4dNiACCj4bymEvgdayaKk3Kb:12000000000000000000:OKDOT:CHECKMYTH
16NL6Sm6HGZdNAJzw7YJCJjbbez88WwmMBT1bsEu9qA2YXGC:12000000000000000000:OKDOT:CHECKMYTH
16PDVSkMtP3Z7r75AcyEJxFrXzCgSugwv5JuLsADvtbXojYR:12000000000000000000:OKDOT:CHECKMYTH
181Sqzx1Q4ThbReSgzh5QtWqVVd1yEhpVPk8i2u7kQyoyRm:12000000000000000000:OKDOT:CHECKMYTH
12VhkzLDhKq8tc4PP72d5ijYXvPyBnZ3twWyExB61UE3NrPc:12000000000000000000:OKDOT:CHECKMYTH
12FQGDFx8dcoudcHiY8LiB44bqS4iacwRFjr9Tu4XR7v3r3b:12000000000000000000:OKDOT:CHECKMYTH
1BWkMUq8RX4cqFWPYW8hAqrX5DVETPrPCBvSVwvYwK9jduW:12000000000000000000:OKDOT:CHECKMYTH
13m2F2VoHXWZZQbfNDgMtj78uEQC2ZdpMhBSYfmpjjggajDk:12000000000000000000:OKDOT:CHECKMYTH
16QXSQtUiwDo5hVK3WYv98tkUFv6ocmiASRGUuck9RFZU9f5:12000000000000000000:OKDOT:CHECKMYTH
12QJUS534ABgEk9WBK1bSdZEUkM7EgwyV6q7wUTaXdVEccLF:12000000000000000000:OKDOT:CHECKMYTH
1zJGhLw96N6bZZPgNErL7CXFMr7xafo8ZRvWnWri2Td95cD:12000000000000000000:OKDOT:CHECKMYTH
1NT9xxZtqPJwfF3Tk1jj5Yfdmamkmte4ZDrGfxWXmdqP7um:12000000000000000000:OKDOT:CHECKMYTH
16pzcGdV1SoivLotqa2JwQHU2946uiXEVz7WtEUUaApEmfX:12000000000000000000:OKDOT:CHECKMYTH
16Ap4LmYa1MQCdr749v8ZZcQwvmj8fBUBetYn3M3wTuvLAyj:12000000000000000000:OKDOT:CHECKMYTH
1yM8ZuEqpHmANWjV8tsDvoVMNrGDtP1bLb8x49j4KwWAX6u:12000000000000000000:OKDOT:CHECKMYTH
12HZfXgPtreeYDsShECvudFg1wWqwFFs1FWHWzFN9WX3YutU:12000000000000000000:OKDOT:CHECKMYTH
12H9B6aZ9aE4xPVdLhWkf2HrUEAvX65UJppdFJLjRKpRTEMu:12000000000000000000:OKDOT:CHECKMYTH
12iL83WRF4AsjTKQrNzCB1ahg1nWKQNRhYwaYzyjq5BmxjV3:12000000000000000000:OKDOT:CHECKMYTH
16GWwrwPtyyDnSheZmAffdhPM2cUbfSUzbZpShsbXteYU33m:12000000000000000000:OKDOT:CHECKMYTH
125uiYuAVcEZMnorhPVnfEDuUb4hPLoqA8oUaqB6eXZHWExv:12000000000000000000:OKDOT:CHECKMYTH
16Q3Lpr38reHSvKLiUuJ4PrhCZMsLJeXQVytq2BEBMpk2hAe:12000000000000000000:OKDOT:CHECKMYTH
1GboeKVEqtoaCJ2qNxntzK3m9T1bbVU8v5Yn8SxmCm1znAg:12000000000000000000:OKDOT:CHECKMYTH
132LNmVMD6VEEHxeS7MSiqtJdZ2vHx2S8wV1GbDWtnaDUtyF:12000000000000000000:OKDOT:CHECKMYTH
14L585MgmowUVVt1m8nMfCLRpzs1oP6BmXrxrYvHkZZwrjRY:12000000000000000000:OKDOT:CHECKMYTH
15wSp5wMNnPf4CEqV1Ybt2TRkGeATqsYEAcDp5pbwXH9eyZM:12000000000000000000:OKDOT:CHECKMYTH
15aXjmaFHVNNUt37Z5CKNwprcwsbPGiSFZUUobMJN6rounwM:12000000000000000000:OKDOT:CHECKMYTH
15gG77g1vpUF8DTGMuX3faydZxbRvjKYse4VFsYSsKBs5GAQ:12000000000000000000:OKDOT:CHECKMYTH
15wwnLXhExhNutMdhm7wTpiDz2gJg1Z4XA25jmnXsLNhrtxU:12000000000000000000:OKDOT:CHECKMYTH
12K6R9HE4FsZNZBb2VmCJ8ny3LcAKKtk3Xan5eNWNsH37fn7:12000000000000000000:OKDOT:CHECKMYTH
15DvvLaXYEcPthGXnX1iF4Mhx5NRf5hxzcXYoQ6BCXPhRsFg:12000000000000000000:OKDOT:CHECKMYTH
1c21Toe3wm66gfLyi8wrs4prccGhZSGA9AxHWc2yJ1KmkrV:12000000000000000000:OKDOT:CHECKMYTH
13NcEKFrinzHmWHoqhyaTVsaTnZupwiwZQQJwptsaYMiYrt9:12000000000000000000:OKDOT:CHECKMYTH
16VvLhgxJuyQLGuXCzUaZhyzr9qV3oBChjDJX8qSe3y1n6LE:12000000000000000000:OKDOT:CHECKMYTH
151AQ8rnqXq8dPWyLoYkFDRQ1S1Ts3X1dszM9iPY1RwD9VcU:12000000000000000000:OKDOT:CHECKMYTH
13gi4nbBqaH97sReou7i2pm8Cx45xapuefntNwmmYswNVWqg:12000000000000000000:OKDOT:CHECKMYTH
14bxHh47Cy7rt2CTSJrcy63hvmAxRrcdYiY9wsQQ5z85sYz4:12000000000000000000:OKDOT:CHECKMYTH
12KGSz8LhjLLzkSPV9KQxr1Ai7nSqsFpQq88yiHomTxRMWLC:12000000000000000000:OKDOT:CHECKMYTH
1nyW1LXcHkCNLxvDNskjS2EvbfvZBfdESQHWZyTBfRXD4SX:12000000000000000000:OKDOT:CHECKMYTH
1WWWwrAoQerecMKadhMZEiDVj19XgjtMEJvkXK2zJpBxfqc:12000000000000000000:OKDOT:CHECKMYTH
16PGpzBVs7kACNBRTW9TtGciyYaiqpHFNgT9sXXRoD4kYeN6:12000000000000000000:OKDOT:CHECKMYTH
14i2NSMZNHWjT6NRaSbPbGN5DTCLrYMaJ9RH4Hd3mT57Mw3T:12000000000000000000:OKDOT:CHECKMYTH
14ov8mDSudn6KwAQoXiv2oAMZE2LsQrFXKN1qntjuASgdLrZ:12000000000000000000:OKDOT:CHECKMYTH
15fcSzn49cr8x4sejXu8SfmY6AnCZyvzy7QTcy7MM5YaNdCw:12000000000000000000:OKDOT:CHECKMYTH
1W2eQxL6abCacWShB94nYQJosxSF7AKEnRik6fJj5Y3bAvz:12000000000000000000:OKDOT:CHECKMYTH
13s2JPxUDAUveSDEvXcerU5RzywirzLLLsHHqgGbFXx7VZpx:12000000000000000000:OKDOT:CHECKMYTH
155m2JZrexh5iuTVU2oHHkCpNGDxN9t63eoJPi4HHzofacNm:12000000000000000000:OKDOT:CHECKMYTH
14sxmAcZSfV4Q5UJmwE2KhP5XxctfJjFJxM3D1NByZBv74P1:12000000000000000000:OKDOT:CHECKMYTH
12sx3KsP2sma3g7rrhWVmJzM9x2Am2eo2q5Cr8XCFokvBQub:12000000000000000000:OKDOT:CHECKMYTH
14XCSS54UwhxPV5VP8faTdBB2mSPpeVxXU3kKnMeEJqW3qBK:12000000000000000000:OKDOT:CHECKMYTH
1j1YjC6ekAkTqrpZ3L1epGwpmSRWhMscSTHWJDLrz9HH5T6:12000000000000000000:OKDOT:CHECKMYTH
14yArWDTmT6Bw2DFSx2vTR6bitWq39hAR9YsFQE1dHs4XpwF:12000000000000000000:NEEDED:CHECKMYTH
14YDXJ44CjFyRkesgp8mqbFjMppTvvdcBsQfS5xSm7MKs9LR:12000000000000000000:OKDOT:CHECKMYTH
13KtqihSwhjg5yBKiJgCeySVBCViA5UfGgfx3WVnLb6n98pQ:12000000000000000000:OKDOT:CHECKMYTH
157RyezLMtAS8JWkcokPuAgdLHpqcqCVyaUmrBbmzaPg6mDP:12000000000000000000:OKDOT:CHECKMYTH
15KRFjhZvLrWJQ77yNKP4NuBQ7yWApFsxoWVrzNeyYBtQQdX:12000000000000000000:OKDOT:CHECKMYTH
14pih1QUAZyxJe7UYkSqE1E61yGcE9amfoSktoUV6KDdapkM:12000000000000000000:OKDOT:CHECKMYTH
16G39DtHKLdakduXZQwXhBY1kqvCH7uMDogXBzYyQsVY17xg:12000000000000000000:OKDOT:CHECKMYTH
1k8MwwY1txJ9vWEYLr9CYqAksNpatdbGb6t42Ey9RUMtV7J:12000000000000000000:OKDOT:CHECKMYTH
16V8ZY8gpGHEWaUAACnzijWUb9Hfn4r1sFADXyu72xbrMUHb:12000000000000000000:OKDOT:CHECKMYTH
14hcFBea5PhHWd4YYtU8N7fJLMZpa5xj83gdoDbtSSNpJV4p:12000000000000000000:NEEDED:CHECKMYTH
16d9phtne6ege7erHB77sm6vd9cWw87LrruZg7d1g1zaM5e9:12000000000000000000:OKDOT:CHECKMYTH
14BeNgHnz6MgPmY7jqoSwWQ7PkHzpdUxMeqEP37d2SLPC52y:12000000000000000000:OKDOT:CHECKMYTH
13maPjHhihQEzYEtgYPQ8mYmF2pj6EfSyDXVCyndJ17bQ4KN:12000000000000000000:OKDOT:CHECKMYTH
1667gX1aMfjXkccQiMjvKUcybkuucdRC8dQ5iH5goCxCfrE7:12000000000000000000:OKDOT:CHECKMYTH
13T7Ag9MxjcjFaymZf3FviZELbgnD3p4hcAxGSWPH51XwUa5:12000000000000000000:OKDOT:CHECKMYTH
15h9Vah3zYfuLVWNQydbJzEmyQvooQBaALogi7ozFgoXB47Q:12000000000000000000:OKDOT:CHECKMYTH
151vv3msGE5MZ2nCLfqYsav8iDvnTjjNxWFyqP2myRvFPMSu:12000000000000000000:OKDOT:CHECKMYTH
13WjaoFV16Vos1xBPbfd9DZe2b8ZtmAcDizN3fQw5M9CCBVf:12000000000000000000:OKDOT:CHECKMYTH
1wpSP9Uz7FwTrd68TLihmUB1rM9P9EFZB1dhrj14kmoHgfh:12000000000000000000:OKDOT:CHECKMYTH
13iHH3qBpUkWpH6qeSCKRaLUX8RoCAsuBuNRFvAdGeSfNJ7P:12000000000000000000:OKDOT:CHECKMYTH
14qzBGmf9Y8KQCbihNWkUo5typHtqcGfemzoADpFA7ouBgjf:12000000000000000000:OKDOT:CHECKMYTH
15Pi7EghzdZqAuX95fNLs93vxwgmuV7r4KkPRfJYvUvYpqTH:12000000000000000000:OKDOT:CHECKMYTH
13fD7hpBDintAQuaAHno1rCXwRfbWJf2siHPCqvXCsjv1fp5:12000000000000000000:OKDOT:CHECKMYTH
1zdiiSEZtSxwj8jQRz7uxG6y2h4XNN5pYuzCuPUxvep1bEz:12000000000000000000:OKDOT:CHECKMYTH
15DKnMGt9ZiDa9RywaoZDMRoar6geWmfHNY4wN8hpvUkgjME:12000000000000000000:OKDOT:CHECKMYTH
14BWtsppUrirZdkBh2KA1Bjk8pn7GURJRBwZL5JFUJTWJeUy:12000000000000000000:OKDOT:CHECKMYTH
14H9xwsBCFAntSr5YTdX4WP9MgsfeKMUDguCkKgzedyMhYJq:12000000000000000000:OKDOT:CHECKMYTH
121pAPwrpQHz9sbkNUKdCV7V4KJ5L82aTAzeJcSqNzMsS3Sa:12000000000000000000:OKDOT:CHECKMYTH
1P7LVjPYVo38RkUhqBfzmzcMwTzwpZ66NGHgCZHGm7G9PAj:12000000000000000000:OKDOT:CHECKMYTH
16a8YBf7yHEdQt4DdRmib9jxNSUyxzNcZr8FeJMhi7XRbbFV:12000000000000000000:OKDOT:CHECKMYTH
14zVfMU7rRiAKw23y2zfzqZ1SY4oW1BcgwyFq98qCC9mWBmZ:12000000000000000000:OKDOT:CHECKMYTH
1xHrCCQhXB1RKUrbRBUvyQyjurXo1nKRu2w13mYudT74ppB:12000000000000000000:OKDOT:CHECKMYTH
148KemXgj3xzEXMMj2TQt7GZtyyahQcPjCPZLU1okeWj3Tr:12000000000000000000:OKDOT:CHECKMYTH
14rBRE9cjhUUbH64xqZz65MwPDEN1WyFkmafcN37wXE7JV6b:12000000000000000000:OKDOT:CHECKMYTH
1a6GyaiV3481gnxHJVMbXFYd3jfufdBJYSUpgu1yBMqXwZU:12000000000000000000:OKDOT:CHECKMYTH
1YEZ5kpcxpg4Zx2XAQGr4sh84Pa2vEW8KUtZaQh4Fx6UrwL:12000000000000000000:OKDOT:CHECKMYTH
12oJ8SjtJ5YfAqKzAfznRHe6WSDqqDRfUv3KFcFjHSz9T7jc:12000000000000000000:OKDOT:CHECKMYTH
143FgDTAT1sdTTNnF9SDYaVPTAucBbJtWK3yKBaNNibaF8Qz:12000000000000000000:OKDOT:CHECKMYTH
14syAAkjrXSLQtAboZzNwN2DKvELvB3KHunG5UX5pbmjVvZS:12000000000000000000:OKDOT:CHECKMYTH
16UrfXJ3mrjvtGDvgdUs7GS7mgkYM6RptZ4FkN7Zi2tFJfR2:12000000000000000000:OKDOT:CHECKMYTH
12u66erYzmbBNVgxyYRw7FfiFdy2q44QkHm5xmtqbyfR5knZ:12000000000000000000:OKDOT:CHECKMYTH
12QXjZg6c2QXPvwrC2nbZDYGwP9T5BFQfF2cSy2U5n4225RV:12000000000000000000:OKDOT:CHECKMYTH
12V3gGfbtdZYq2JyFTkXQassCVZKJmck3PA8hU5nmHexW4ix:12000000000000000000:OKDOT:CHECKMYTH
15qMNrcmBAqrig52MdpdX9WYU775QEfFegAwGGW7yf251L6S:12000000000000000000:OKDOT:CHECKMYTH
16RBxY5WnQKp2GSppXVKnSnvXSFRDyFFNHuyDv1Gt3SCprAD:12000000000000000000:OKDOT:CHECKMYTH
148iiMHwPu3g5RoEBM4F5E6DaWkR139Yp151GaSaZwFPqbZP:12000000000000000000:OKDOT:CHECKMYTH
1mjEjte7xa1wCGp2WHR2V2inJHsNSbGp2RpipnYmUM7ehNU:12000000000000000000:OKDOT:CHECKMYTH
13L6QdaTAPnpS1JPZAcAhJVnMSZNgpydPMqvNuvLy8V1Qk53:12000000000000000000:OKDOT:CHECKMYTH
15AH9jGsBn9dALmrwRDvty6v9jqYmPyNuPYN2MXufWNXnmm2:12000000000000000000:OKDOT:CHECKMYTH
13ak7jpf9FfScQDyzyZC6TY1sk5M7F6AWCvrSraPCseXiTSV:12000000000000000000:OKDOT:CHECKMYTH
12CCyiSaGCTkzXLFwHvYiUKVZaNjXGxatxCTWGzPXsdXjLRb:12000000000000000000:OKDOT:CHECKMYTH
1uZQ3cokaeKk528e41fm8a3H6ZSffDk7kU5efQXJPTaJ1qX:12000000000000000000:NEEDED:CHECKMYTH
1C9hVjkbZ8wpxGrN3qjP8c4TVA2LFrkbonCGsh4KpBEwdqk:12000000000000000000:OKDOT:CHECKMYTH
156EW4GVWwGexpkwUtxNKEWfYTv8sFRfLky5437H1mqsVi75:12000000000000000000:OKDOT:CHECKMYTH
15Y1cwXzYgndPhm4wNph26koPcLYPSo161AwiMMkZSsoXV3n:12000000000000000000:OKDOT:CHECKMYTH
14buC9cWhs5Xzut8Ty7BQcfS6kz5azPxP1bAwYRC8vD9Xdid:12000000000000000000:OKDOT:CHECKMYTH
16VCVnUYPyCMwuCssXvLX4WUuWx7UYmfMqBd5reWW2w5xrF9:12000000000000000000:NEEDED:CHECKMYTH
13FVA5evbwYnga4u8Ps1UY81nbqugFYrXPAqaHA3Ej2rfSfb:12000000000000000000:OKDOT:CHECKMYTH
15UD8bmiizqrMGgr8zW3nrGwapAJV7fQL5m6KN8AQmfZGSpP:12000000000000000000:OKDOT:CHECKMYTH
13NCLd3foNpsv1huPDzvvfyKh37NEEkGFotZnP52CTR98YFJ:236000000000000000000:OKDOT:CHECKMYTH
