16N91p1QHqwzFTDr9WCfeeNAVmdQN6g5TWVqBkp5EGWQW8YV:12000000000000000000:OKDOT:CHECKMYTH
13sRXp1RZAifrKeEt1e5N8R9akdj9eekzPzc8ixowFxjquaq:12000000000000000000:OKDOT:CHECKMYTH
12hpKBNBRCU5eHsZsAhyUdVwYhpD7c1tjaCR4hcntU5STSJP:12000000000000000000:OKDOT:CHECKMYTH
16ZC2os7kKpWLNx418WCXoXJgfXbQgdM7TSPLfkHLXhqgEXc:12000000000000000000:OKDOT:CHECKMYTH
14cnUivqbYJebcDoFKt69dtzM2m9NPuP4ydewS69Jxadj4B6:12000000000000000000:OKDOT:CHECKMYTH
153ngPPTcLcHqWW3H1HN6dFz9NHEERpLqWkotEXqeDgZ2gGU:12000000000000000000:OKDOT:CHECKMYTH
15afNSC3foWttQSo6MB8nKRy36C9uU6x56Q5fY7bHZQKopCu:12000000000000000000:OKDOT:CHECKMYTH
16JMiQ3Za6ao4me9pwsY8UxwVcN1s3qQ4YBwQoA6zFkH7GC6:12000000000000000000:OKDOT:CHECKMYTH
13oM9FJkWpTLpfUPaZURgsgyPq5jjwgc7ZA7Nt8N7rujwRY:12000000000000000000:OKDOT:CHECKMYTH
14ZJDXbMjgNaBAYZ2CbxwtExEAWgeXJBatws7r4EdaCXjeqv:12000000000000000000:OKDOT:CHECKMYTH
13yWNT81jwEmc2Ej1VdJiiZZNvQSK9u4XybEv4wvUUB7jHLb:12000000000000000000:OKDOT:CHECKMYTH
14kpGZeX2qbUDPjQjFmZXZaZsULU6c4sjcDbxJfCbrY5Xy7c:12000000000000000000:OKDOT:CHECKMYTH
14gLuPh1wpHT3BahQGcSsfP6oeWiV8JrMpuT4KCq5c7eCxFF:12000000000000000000:OKDOT:CHECKMYTH
1bQwUVADxrTf6Uinoauyxa5AiB3ts3wrvG5TosxyY95L9UZ:12000000000000000000:OKDOT:CHECKMYTH
1532ZhrXCdmdufQDahd74HtRBAwwsU2NDM934XKb5UcTYVet:12000000000000000000:OKDOT:CHECKMYTH
13MZFkkHMuAS832VDGdQDVqLw8LtzFt2bjupVeDiZspgrJhB:12000000000000000000:OKDOT:CHECKMYTH
15Si3mAsGF2rCnPK9WgCyaBX7Ra7mJWdwhD8MwBo5k3LPx1e:12000000000000000000:OKDOT:CHECKMYTH
14BYfvECg53Am1fL13J4n6XgQLTAyG8GtSs1odwGPEx2uW1s:12000000000000000000:OKDOT:CHECKMYTH
14SXYRJGr9FKKmNdmBadoc7t9TQUejS4vDrJm8u4dphVfpfX:12000000000000000000:OKDOT:CHECKMYTH
1hP8pbTYsCMGEwFqq7T5FgzeBsyyLzXUU7hRhVMMHpUWmDP:12000000000000000000:OKDOT:CHECKMYTH
14VPib2xE63wA4BSHCWs6y9JRmbQDvqmSEyLWqA5VUGDH1r4:12000000000000000000:OKDOT:CHECKMYTH
14tTSvdaBocEmwruVGyNK9SEB7ioZrf5keUuSCLQRawybkiv:12000000000000000000:OKDOT:CHECKMYTH
1HsGJiVJu6fBvQXJ3LTtJ3YyXVCWWFv9h3nJXzHYXGQRCNP:12000000000000000000:OKDOT:CHECKMYTH
14wXLXxFvxf9vF4MVCnJuG5HfrW7CU6YndGGurYq4jzkC2Z2:12000000000000000000:OKDOT:CHECKMYTH
13DGQTsz3s8uyAq2CB49XC9oAAHQqYpirECEa4T8LgkVjdi7:12000000000000000000:OKDOT:CHECKMYTH
16cV8aMc6heezQbWb2TEc2NK2iazmR2iyQLcYrWLNA1kHvUk:12000000000000000000:OKDOT:CHECKMYTH
13ftSgtLWMdRjQSNSFqA1KEoEUxsSngDWp12GtvdpUR5g9dd:12000000000000000000:OKDOT:CHECKMYTH
13fEMGmtnxwuvYXE6wiXCcCZn5BQ6C7tAx2J3B3CBTMvKLAW:12000000000000000000:OKDOT:CHECKMYTH
1RBfZ3RtTpYoPEiZgKkuuPnWVva8Dv8Ms1wyR9hCLNeuNPp:12000000000000000000:OKDOT:CHECKMYTH
16LdpA3gMpkeshBywEyzcF2Y9RiMj7RXrm149rGwhPsnMx7p:12000000000000000000:NEEDED:CHECKMYTH
12bgLH4gDW7FMPPywuqEC9kDVbR1xetzzWXdVp1JRFWXbM1B:12000000000000000000:OKDOT:CHECKMYTH
13expm9VXKhvKVyH68VVYaKSwGkUHEzfBJD7WdvZtUDKDFd8:12000000000000000000:OKDOT:CHECKMYTH
1wCCh9t54CxaYaEUkMM6QtWLU4wsdQk749x85cW29ft9Fmh:12000000000000000000:OKDOT:CHECKMYTH
13KAcmRrBuHCCmk9Rq7XJuz14SGwfsnkdkziSdQrAHsiqrP9:12000000000000000000:OKDOT:CHECKMYTH
16Pfsbx2UzitrxBes4n84sSTeNT6xJG1amqpeVQTWLFDEUzP:12000000000000000000:OKDOT:CHECKMYTH
1buUm1GnqTGwHz4kJCJ5GJQU7iUiB2HvXkbPuAYYW5KaRBv:12000000000000000000:OKDOT:CHECKMYTH
12cGpsk2Ef96qc7pdGTCBoL9t1BMsUvHhi9vf5N2Jp6JdMEV:12000000000000000000:OKDOT:CHECKMYTH
12BhxRWrPMZ31k3VkfgQqVPQ9eQhLu9CmsfsYTx28q2MFDvS:12000000000000000000:OKDOT:CHECKMYTH
15YZmZT78JtW8s5BghxWA7HnSShHKLkU26Wu6QRt4PUE1HK1:12000000000000000000:OKDOT:CHECKMYTH
1gKTtsn37uEBVEuT26Q7wqrQCGW6TA9uYmjD3VBDuTsLPW8:12000000000000000000:OKDOT:CHECKMYTH
16cNLwBTsKswETKGcCrEiLa97UCZA1Bw84mKTA3iirzmePBQ:12000000000000000000:OKDOT:CHECKMYTH
15NCbzKSgpLD2mKVYi628m4RBLq7rzX5TU1cKZZQNvrZasnK:12000000000000000000:OKDOT:CHECKMYTH
1B23oUq7NEHv7h49g5ZUN86TcvF7nVDcjqPc5LyPHGGjppf:12000000000000000000:OKDOT:CHECKMYTH
1KvoJrBSkhWdxp85ZEeFykbEFXpnM8RaCpr5yVLE54Nz1br:12000000000000000000:OKDOT:CHECKMYTH
12U4BQhuFLyVmBGBQLz41q2coua8XBbdBTmQ46aDW9XYeSGg:12000000000000000000:OKDOT:CHECKMYTH
1ZumBatWmC8zzJK1kuh4KjjzgePibLJNA9jTD962H2JgYH1:12000000000000000000:OKDOT:CHECKMYTH
13WShx22gkfwMTHmX6kAWKum4xTVwAgAkxB1zKFQCDWUReze:12000000000000000000:OKDOT:CHECKMYTH
15PvShgYWy1fHgzCpR1C7FUjubBAdzB2xzy5ttw5Tdr19c2S:12000000000000000000:OKDOT:CHECKMYTH
1U3RwVEXKhvVdhpF1EjCyS4nayhdzFeZS63KMHqodDbymUP:12000000000000000000:OKDOT:CHECKMYTH
12e81SqAAk27XX8sHVMnWiBSX7rJYVeiKFw1tp5uMtgjBpLE:12000000000000000000:OKDOT:CHECKMYTH
13SMiwXg9HjcRZuVV9GqNrDwiTGhqipYvVShiRAamGqvz3CN:12000000000000000000:OKDOT:CHECKMYTH
16RrVU8UbuwuRPeFtpFCcXrazTH2YroW2SYiDGmAHjoT11W8:12000000000000000000:OKDOT:CHECKMYTH
13dwHg1ozTFBoQPT3NYBB8seEdPp3YbZsuGYfXzZv4b66G2e:12000000000000000000:OKDOT:CHECKMYTH
12LLrb4bZMRKnKMm4s3kWP87qZ43b4oaPUjyVMRKLezRR4t1:12000000000000000000:OKDOT:CHECKMYTH
16bcgsbAgmVCQhAR53vyBDsU5xT1RH7ei5ZP4vNBbTEfCQSH:12000000000000000000:OKDOT:CHECKMYTH
16CNvLh1aEHUT3XXEWJoFjnqCxBgta7r62PWqpLZVwXcfjUv:12000000000000000000:OKDOT:CHECKMYTH
1mn6ouVqJurzXQeJzadFr4zfBS3mePd8KLTafFDVL3uXwMG:12000000000000000000:OKDOT:CHECKMYTH
1EaRXGBQqwpK6vSxN8snAWNx2LVrV2t9zy6VgtsZL3Runfd:12000000000000000000:OKDOT:CHECKMYTH
16dMkkGjZtDM7ucMMMgKmip4LvWnyF9kfkVd5nAgsdW2QXYM:12000000000000000000:NEEDED:CHECKMYTH
15JR1qVYzvTsmbzSfmpTfQTCVrC5EFg8V6VwPejjACsPybLn:12000000000000000000:OKDOT:CHECKMYTH
15QgL9djFuuRYwQRFL6RYivZWhEZyWCasZZJhBkCwwwpe4qE:12000000000000000000:OKDOT:CHECKMYTH
1fT3Rti2qEWR3tRA8Ve6pd8247oUZUE4U696FbhMz1toyv8:12000000000000000000:OKDOT:CHECKMYTH
12izXvLY1aNn9K6zbUagBvXFwz4VtP1vnRf79UoARdwSoz5N:12000000000000000000:OKDOT:CHECKMYTH
12ge2wSQ4qtEHxmpz2yRwabzvATRdw8vUtkiSwfXm4ez2puE:12000000000000000000:OKDOT:CHECKMYTH
12n6KEcZBy3CLqMsrpoh8yFdwigHqb4C79opW1squUzj8Dob:12000000000000000000:OKDOT:CHECKMYTH
16dEFE8zbodXzAQnk5XmJf6UwXjjJjoDNjdvdRxAhmz5q9ZQ:12000000000000000000:OKDOT:CHECKMYTH
154rzqdBSLc1TH5nyz9d8C3xRs9rdBeJhdkAhm7JNLdGRdff:12000000000000000000:NEEDED:CHECKMYTH
15U3gABcXdRQQEgHhJ76RYk8c3qE3bfHNo9wCetS5anrYu2U:12000000000000000000:OKDOT:CHECKMYTH
15DgYsUDmi9jNrhaWrMzV4dytiSK1DFW9UFKukEZJUG3Wet9:12000000000000000000:OKDOT:CHECKMYTH
153zS63AR25FPvgDsDUrMcjVR1nXqFiBaGSFm8BnRTUivWgT:12000000000000000000:OKDOT:CHECKMYTH
157pQj55qEWP8dRZNiC6a1EiPUvTUBTkqKoBpFBn61PUuUV5:12000000000000000000:OKDOT:CHECKMYTH
147xevyPS2CViw4khK4Xw4D6m4fgWvLgSFiCHgZSTVdQ1xcu:12000000000000000000:OKDOT:CHECKMYTH
15oZrTpaSTTduuYR54UsUN4oegLkEphV14KjEpehBK2v66nA:12000000000000000000:OKDOT:CHECKMYTH
14SZZY3XZXXHfrRAeGA9Bbc763yoF9WLXkLxbo21nBBEeWcR:12000000000000000000:OKDOT:CHECKMYTH
1UzDAd273Mb5ubWQLShWmxvrSb83SQeNxVntX8szFGAEFcD:12000000000000000000:OKDOT:CHECKMYTH
159egzjUBin1KaoX1ygUVe6cb2zhSepbH97THS5rMDcfGGVF:12000000000000000000:OKDOT:CHECKMYTH
14YXxbyQHf79DACf4AL5h25EkgMgWMhMvDQaSTyWjhW3ujbb:12000000000000000000:OKDOT:CHECKMYTH
126Uka73TNG8aGQTcpEYD5fw1fL7Wf9ftQhnpK7aicn95E4W:12000000000000000000:OKDOT:CHECKMYTH
122wsx29ZWeE9MrecX5GJNM6ULMgBVJ9bNc93jsjaRMhLERj:12000000000000000000:OKDOT:CHECKMYTH
15HTAfvUiNRnLUX6g1XEF2DmEXSBV3AD5qeokQ5w3bHeuNNg:12000000000000000000:OKDOT:CHECKMYTH
15PEBZnbxWLwWA5e5WkGWP11UcrLiNWfPdNBYss6qBG9obue:12000000000000000000:OKDOT:CHECKMYTH
12ba5rpzohEQim2uiez7JuGCB3nJRFgd18h8Qd47Af5GFwsK:12000000000000000000:OKDOT:CHECKMYTH
15z2zuHvr2gvL45b3ZZY4kC4p9H6AUiYQ5BXxJeezue5Tdm4:12000000000000000000:OKDOT:CHECKMYTH
14Vr1YXdR4PbL6pB7L9huiWmHUi8avhjMpVngnoxK1vNAU6H:12000000000000000000:OKDOT:CHECKMYTH
1gVupkviRSKKS5QBaeLdBHnSLMwbpuqpVSZvZXuv6FJCvKA:12000000000000000000:OKDOT:CHECKMYTH
15deMS59smD6RuzTAATHThSsEsyGMWkaa4MGVgRT2HJGUKc4:12000000000000000000:OKDOT:CHECKMYTH
15qy7irtJ8J3m9asMkSztMNxtu32Li9htZtNySx2zX1B85Tn:12000000000000000000:OKDOT:CHECKMYTH
13xx2oZi3LrEKDtTsT7SuRpzTC6Y6wS6CMQwrCP3dJbcCua1:12000000000000000000:OKDOT:CHECKMYTH
12tarWjPNzeBipcbge3AwnAvJpChAgiQpe9X2NmXURKF8wRz:12000000000000000000:OKDOT:CHECKMYTH
153J4cUC8Jg8r2Sgd6Z4qQex25XTrak2Rq8PLmSxWbsnVKNX:12000000000000000000:OKDOT:CHECKMYTH
15vwTErnPkUoFdeQgk5FzMapWKdo34s41FmhTDSnyUGUQAiD:12000000000000000000:OKDOT:CHECKMYTH
13kZeqZRZGPmkS1QUHiWcXXd8R1MpR8k9nftGs2ZEn4A2Cyf:12000000000000000000:OKDOT:CHECKMYTH
14miNxxHMJwzi4TTUvK3JRyYa5p8Wcb31G4e5MrJbLXf8oNF:12000000000000000000:OKDOT:CHECKMYTH
136wKVaBBeGvKe6zCF6VCQNW8ormRsZQ5FTFBPHjjiW6p1AE:12000000000000000000:OKDOT:CHECKMYTH
136RmUoA69HXgy77SiDUznyhKGJGS9kuwM2L6DsueZAo8v3a:12000000000000000000:OKDOT:CHECKMYTH
16fXiMRfVZ5TGcxjH6tXsBEtb6L1AzY5gngGuFoY7sw9RuzE:12000000000000000000:OKDOT:CHECKMYTH
145AkKeqa4VazgLq7XbirrgYqgzAVfE9x4NCyQaBfhW1ziRH:12000000000000000000:OKDOT:CHECKMYTH
13DfcHxJVBL7XpijE9jAQ2ReB5r6p2DGqn6NpynSXa45DqJn:12000000000000000000:OKDOT:CHECKMYTH
11fhm75RqmiN5rUrkbwqev1ETqLsiXHZfVQhVGQgYZr5Ya6:12000000000000000000:OKDOT:CHECKMYTH
16S6XD2R7rP6XsQ29z7hWTKD3YUmgYM23txkAv1xkbMbXf2q:12000000000000000000:OKDOT:CHECKMYTH
157zkALkzoFiGf2FzdaHerG44Cjsxcx2AwLiam8AXqa5qWus:12000000000000000000:OKDOT:CHECKMYTH
13uy4M4daVcrZjkxnxcEdzXkqrqwmfAivbcb6ms32tcjFdHs:12000000000000000000:OKDOT:CHECKMYTH
13RqnPBGNM6JrVBFfbod2dwTumQ5CBpB1NZnawjaA5h2Urdf:12000000000000000000:OKDOT:CHECKMYTH
12ntxZYmQdYT3ZpCbj9iY6cQbH56xog8zCKSuB8Yi58TnDET:12000000000000000000:OKDOT:CHECKMYTH
15PBFskPgyvSBYQ17WXHQirv889mFrGwJPuTxrkZr6ZiU5A7:12000000000000000000:OKDOT:CHECKMYTH
15VCevovT4ERQCyNCYkEogtzu8EUtUwsU7AtMaXepWPbKDWL:12000000000000000000:OKDOT:CHECKMYTH
16SU2Ga1KWZSisC78WJj88bpHcKPtSyp1uoS2UCfy6Kqhefx:12000000000000000000:OKDOT:CHECKMYTH
14YSWREQRNkyeoKuqFZQBNNsgdnsEU3TsxBpS68G3J37paq7:12000000000000000000:OKDOT:CHECKMYTH
13qQ88YxDJwrdBRDt1gipDgPac98ZhqZjVc29xM1wyHdQtRh:12000000000000000000:OKDOT:CHECKMYTH
14QgMhzHbTb2C6HL6NX164CbMKkjB5We8Ptg2jTRMWX47Kkq:12000000000000000000:OKDOT:CHECKMYTH
12CVDoLFsots6xEsNmGQWMJDASWQkdzkCbL6RDD8fWYC3oeW:12000000000000000000:OKDOT:CHECKMYTH
14uXNTJrFTdZZkvzxDQEoBWt4M3xXunVuW5GpJfEZSKnmVfS:12000000000000000000:OKDOT:CHECKMYTH
15HFrowohRbRr53vaLxgMPv8HnYLmhAhQ3hFhWion4qVZRZw:12000000000000000000:OKDOT:CHECKMYTH
15Aa7HeJ4AM369W2Wa97KMgPtoPQqKwwQ5tMnoniYgsm6oGE:12000000000000000000:OKDOT:CHECKMYTH
14Wx2JmbngfyborDsF4PhUwsWEZ1nPL3aPAyfLgzRn1A1f9A:12000000000000000000:OKDOT:CHECKMYTH
16PGdWJHkDoUojTmSi6woRoPBtmtksq44GzyMfgEs5NmHo1S:12000000000000000000:OKDOT:CHECKMYTH
12umtH7Sf46Y3pqgfx61ZKUVX7B13H4piTzff8wyVJ3XtzGD:12000000000000000000:OKDOT:CHECKMYTH
1RM68CJn8MFy8pZP5aFD8PMFHMsb9rfrmrLbfukd6USLcKu:12000000000000000000:OKDOT:CHECKMYTH
14ZMckTKbF8HYU9aGRkaA2PXusfrEWM9FFWKDN2xGXqRH95W:12000000000000000000:OKDOT:CHECKMYTH
1173eCWZdipCLNirw1gh76gRtqqivE6PQ5TxJ5Le4jByq1j:12000000000000000000:OKDOT:CHECKMYTH
14RmRtGbA36DjqEeUWzKnFY8Rp2M7pdArzcmZCVmrJJs6aJW:12000000000000000000:OKDOT:CHECKMYTH
1Fvwj6VzuqhoA3UT1k4a1Aopdu7D59LpYVvLPsa5FnsWTBF:12000000000000000000:OKDOT:CHECKMYTH
14D9XgGzriA3ePKG7zgZbfUJ4bWxbo9mifZyvnYSj5sv3DDH:12000000000000000000:OKDOT:CHECKMYTH
13444L5QbVaySHuJUwS2PrtdKoHCwLksQPPu2YRtYmbZFmJv:12000000000000000000:OKDOT:CHECKMYTH
138qvGg6CqG1y9Y5S16hLe8Q7hr892UuwFhSxw7QDNDB7cwW:12000000000000000000:OKDOT:CHECKMYTH
14xDHo9bLCB7yz89b51q3CMGG9q4RKnLciauuxGYjhcLRk8M:12000000000000000000:OKDOT:CHECKMYTH
13DUmkF98gcjovbkqLjaH8XgNgzGxtMozdnJU5viKEHEMzDN:12000000000000000000:OKDOT:CHECKMYTH
14BF2WbC8wact6ieeom3mus2oSnZrjdhbTS96MQSbRVVupY3:12000000000000000000:OKDOT:CHECKMYTH
14mcW6ZFpzUAfAfxqB8NALGnsP33iEqjv45MNuRTsrs49YPx:12000000000000000000:OKDOT:CHECKMYTH
12EUDLdJSjauXozcApi4H8jkpuYQCry2f3Mb1suMTu4DQpBd:12000000000000000000:OKDOT:CHECKMYTH
15YwUcfKtCXxrBWC3Dehnm3P7hQi5Xc5g38T7eHdNvaEvwZe:12000000000000000000:OKDOT:CHECKMYTH
15XVcmAvJSGjhWMUZzsGY9B1qRg3ZnemhvFjtKcSbQfcqoqR:12000000000000000000:OKDOT:CHECKMYTH
12qgwruLMmFsyxT1uLbp22W14KB7Rd76No2HgwN5u8xk1Ceq:12000000000000000000:OKDOT:CHECKMYTH
15JcVeQwe1WQGhWChCM7hieWSnjXtMKF8pYfBidrTCYZEAdi:12000000000000000000:OKDOT:CHECKMYTH
13t4ysBKULvTtJ3Nq9MPQjJuLMGswh2kzvTFDKYW4zthRHgS:12000000000000000000:OKDOT:CHECKMYTH
15v4AJDTCVVp3VeSx2SgVpMCVDnVUbDGj2ajeZvzTTtM5cgh:12000000000000000000:OKDOT:CHECKMYTH
15UYCVUy5qxRHcTNZ7ksd4eZLyyi8cyFyXH5ndrkktCyCgYa:12000000000000000000:OKDOT:CHECKMYTH
12YtayFbHpzYuLXyE4nGGs9SBUjBJCEjV8ps3KqqC7EPDHtA:12000000000000000000:OKDOT:CHECKMYTH
13N8eyQnVJ3LfC3qhfddP6fLgnMeMyme4TLUNJYhaiZojMuV:12000000000000000000:OKDOT:CHECKMYTH
1Yv8syY5ffB5yAm73t7KirLxALZfFkN6oWDzbXPNLNYeHrD:12000000000000000000:OKDOT:CHECKMYTH
14oJLpzp9oz19vaDzDDhu1oqW4jvWSBwXizi1JiwHuKLWTyQ:12000000000000000000:OKDOT:CHECKMYTH
16bdUptY11xzZCLyg9Lyxx3vBtkJtfh2Lugwd9zRQ1b25xA8:12000000000000000000:OKDOT:CHECKMYTH
13yKZrNxo3wTeu5gi8JdJB5g21FaEeRM3stodKxWKfJQiz1j:12000000000000000000:OKDOT:CHECKMYTH
12uJAwSFUxBtRdBqkELRSBsouaBh8ffmMvwcnq1KPp3RmTdB:12000000000000000000:OKDOT:CHECKMYTH
16PpacNKCPiw8opEoTwuNKst28jmWkZSQvbWy6A2Rog5YR7t:12000000000000000000:OKDOT:CHECKMYTH
16Amn1zJBFt9cy3V4MSSBYDYA6N3LmfSqAT8Q5cg5AJpNtwQ:12000000000000000000:OKDOT:CHECKMYTH
13n54JufgESG1cPiNc81ACjsheXpdWc1qUzp7ViLi2KjuLre:12000000000000000000:OKDOT:CHECKMYTH
13iNhd3LGW8biyUTmJ5UeS1JY3PT1Zac9aRyewWSzEVBhEHU:12000000000000000000:OKDOT:CHECKMYTH
1nmcz2ScoC9z5YXBU5sDbE5RixaZY6bpPtbPW7wP9bDWdFV:12000000000000000000:OKDOT:CHECKMYTH
14R6Fc6p9Ta82fjEZfHghxTnKoveHCqGkoWj8pQT6tVfRZeN:12000000000000000000:OKDOT:CHECKMYTH
128nh3nj7EwLexZvwbvy27tTgr89BarZvm28yFhBQTGxbxvV:12000000000000000000:OKDOT:CHECKMYTH
14kyz48siK5QRcbovhZgGk5D9W2apUC5ngvxmZLwrEuZbk15:12000000000000000000:OKDOT:CHECKMYTH
12aALdMcDFZrLzk1TZY55DR4aLbptB4Zkx533x9EpP3xEtEr:12000000000000000000:OKDOT:CHECKMYTH
1686T35FhgFSvSpqzhuUQLLVYromF3aqxH5CRF2xxGG7NiyW:12000000000000000000:OKDOT:CHECKMYTH
15622PQcNLg1XvvdXgYRDaoGxv2rS6vdF6X7A6sLQNizKchs:12000000000000000000:OKDOT:CHECKMYTH
12C1Rs2Fy54rX48BGKTrdh9fBxcVBDzhMgxJpVWkqTEucN9D:12000000000000000000:OKDOT:CHECKMYTH
14H1LyzKS76NYisPYYXjShnXDX4pFvYodng685SpCPEp4gHS:12000000000000000000:OKDOT:CHECKMYTH
13kRi1cuhLgb5K8RRKFwmBt6dLPfbrH5UgAQhKZeDE8wKjCM:12000000000000000000:OKDOT:CHECKMYTH
12UE1mht32MyxHQuRnM6pBKRt8LPTvejJUFgKvgR48Z7az8F:12000000000000000000:OKDOT:CHECKMYTH
17cMzm5zeqW2fgamzviu87hXzwigEqZQLuddwt6HNudrsfS:12000000000000000000:OKDOT:CHECKMYTH
13DzAdgXc1eroouqXPURVXSM2XC2hrHHPXhZfaG6t8kK7Dgc:12000000000000000000:OKDOT:CHECKMYTH
13ynF85GVzZ4Zv5ZPbtQsVHhfP2X2HpH1nrsZ2fcftzUPzq1:12000000000000000000:OKDOT:CHECKMYTH
14SSLZEZXGf47MTbKZQyQGV8vpArTP5YvnVZ2c1zdgHiDzTu:12000000000000000000:OKDOT:CHECKMYTH
12mC6AU3kD5Mb7uPWB1dUt7jGA5T5At3Ncyy6XrF3dRhFfnd:12000000000000000000:OKDOT:CHECKMYTH
15YESjb4Aq5LESGA3Ks8i3sb2D3azKj5hHtvEiddpQ3JCBmi:12000000000000000000:OKDOT:CHECKMYTH
15NAJVkvZ3Boxq8jNMJ6XCzNyjTUjdJdVrccC3ywgna99t5v:12000000000000000000:OKDOT:CHECKMYTH
132fXYyvzp73YBN9pcj2cbeUu2SZLTZhYcQfgJKjcEXbz2PC:12000000000000000000:OKDOT:CHECKMYTH
1esVWMwYyHRvTQPmwJFAuQRBtksv6UPbXaXWvVFTtPkhRmQ:12000000000000000000:OKDOT:CHECKMYTH
142Hvt9r4YnZXeUJMe6fcFkXzu3LAJ8YLj53ibAhn3nqhXXQ:12000000000000000000:OKDOT:CHECKMYTH
15PWyaTwXXYrRoxPTqidb8aiZgB2jdCqU5vrpCKkpiuCWY8F:12000000000000000000:OKDOT:CHECKMYTH
12ZMToC6g9bJ1EL92tnT1dunB2Ux9cx8RBKohHBYGM88TY1t:12000000000000000000:OKDOT:CHECKMYTH
15LXffV6oD2kkq8Kk6WGUDYm39FuXQnzkeGrt6LNRNxu1zzF:12000000000000000000:OKDOT:CHECKMYTH
14zyB95Wxw9HgCaxPdpG1MC6zmdbC6rgBG5j3rduMkXY8str:12000000000000000000:OKDOT:CHECKMYTH
13b7GnPzdpwPxy8TmnHAEURtFPpoAP3Vg5wE7iMX9WergqKf:12000000000000000000:OKDOT:CHECKMYTH
14P7vLH9skFAREFVbYGe57GUD7deCH5Gzn6vLpgx4BwK5ANe:12000000000000000000:OKDOT:CHECKMYTH
15bSN6sgp7jRNFwSszSiGafwg1y6MJRESzN6CxfGYGTrJxcZ:12000000000000000000:OKDOT:CHECKMYTH
1rY9AGzS9QcEehQePnV7isQpQzTndBGNu6jcFeZNL4BM12D:12000000000000000000:OKDOT:CHECKMYTH
1fHkJQL9Y846bKHu1qwZhamTANBQn7RWjWufT3R4N2P3ewW:12000000000000000000:OKDOT:CHECKMYTH
14uA8cEkFApuYvNyw1PU44tXyShHmab2kaFbbWz2WoLx9k4L:12000000000000000000:OKDOT:CHECKMYTH
15nd2FtYFZi9W6Lc1bWbJ5FYHuBkWBR13hXJcnqJ2aZ9rHzM:12000000000000000000:OKDOT:CHECKMYTH
1f2dPNY4A3CaaiGGuuyH6WQnStDtqvRPojyhP5mtZ314wf7:12000000000000000000:OKDOT:CHECKMYTH
1nxNBwdwpjAvFQzwJ3L9rU2xFWfLBVSYTi2gCH4hVsbXJuy:12000000000000000000:OKDOT:CHECKMYTH
15zDP5zFUL4Pd8uZFnNe8LsMiTeQiQxoq2HzMAwC42UbsMfS:12000000000000000000:OKDOT:CHECKMYTH
15CoUPB9DEuTqgiMS1cq9KUcu9FCh8QkKNVsk1U54y5ECVwb:12000000000000000000:OKDOT:CHECKMYTH
13pPny1tKmMuvz7SPtGbEpB68G8FzTk7TfxCT6y9W714kfF6:12000000000000000000:OKDOT:CHECKMYTH
168GH2NE7cHs35D77CLbFpne78MdBoGcaMHtmo1JspqZd7DQ:12000000000000000000:OKDOT:CHECKMYTH
12wAs8mwitwwgWqpL9wPE1oiCFRwpBaPnWRo85Bjt4UophiL:12000000000000000000:OKDOT:CHECKMYTH
14rWvBuh1pWz5hzNajAyFDuuS7QXiw1UosKGzbLP4eqQ88Jr:12000000000000000000:OKDOT:CHECKMYTH
1N46DrwBBF4gs2aG8q45eofRGsUXRqbneu1QjvAvqttH1h4:12000000000000000000:OKDOT:CHECKMYTH
13y3X8YagG4uuwGGbtDUiCp1Ty73YXdv8j5CWRK9F12WbEJB:12000000000000000000:OKDOT:CHECKMYTH
15BV8pK5XCNYVoD3m41FrxZqtAaSqCq4EPrtMkpncScmswRm:12000000000000000000:OKDOT:CHECKMYTH
15DkBzhWDy544y3W5Bu3uKrdpw9n2fAKszySjCZQL9QuCnoQ:12000000000000000000:OKDOT:CHECKMYTH
14byN3cFgaDbNNMYfL717HFwE7qxjCkmhKENUnpyJGHrFmpv:12000000000000000000:OKDOT:CHECKMYTH
13a7EAgYqiCMjPaQ1nLtnvxi7j2QJmy2Mtqw7WMaernwXcf3:12000000000000000000:OKDOT:CHECKMYTH
12NSF6RJvz1JzuZZ4yH1FvPZKHYyBg6KN4ptAwLnV7eqFCEY:12000000000000000000:OKDOT:CHECKMYTH
15aPd8P33y9zisGs6vGKwWtnPfJWkecaaYD43XFvd6ozS9gt:12000000000000000000:OKDOT:CHECKMYTH
16J3VeSMZfXrtobsmow16aQECiXzcP7CP66bY4MAhQyK7wkk:12000000000000000000:OKDOT:CHECKMYTH
13ifuQK4o3ZrNJN44ZLHxpYY8uW4mLygGWg24oyAG15BCSYC:12000000000000000000:OKDOT:CHECKMYTH
14yQHWQW4SRKtXvQ4Y3mW81GZEWc8V1WSpyUFKDVZeMcXqgH:12000000000000000000:OKDOT:CHECKMYTH
1ECPXSHp72qEH9vXtptpvcA5bpHVVjtUvnDAoPUJsRkbsTa:12000000000000000000:OKDOT:CHECKMYTH
13u1skVURjwMZBpPmA8BamNv4dn6uwUFEH9g918M2MNpbBxd:12000000000000000000:OKDOT:CHECKMYTH
13bAtbAc4rS89NWBZDG1LBpnVgWTpnVhbD5PUUd3D8V3Twy7:12000000000000000000:OKDOT:CHECKMYTH
15CpFrEq33jq1b2GmnyMdXqijJ64E98Lum9rcw86TUrhfV7o:12000000000000000000:OKDOT:CHECKMYTH
13moCPTmKm7sWNE2zytqvPZzqZzLboCYPm7Tq5dfgHViCxg7:12000000000000000000:OKDOT:CHECKMYTH
1QuHjhRoFRXRM5dYKn38ZfjuUYfmgzNg4qRBfWAcBkzFnns:12000000000000000000:OKDOT:CHECKMYTH
12NcSb8hmVw5b6QPYvdnLZUVdMJFqKWCxDaLQEyQ2HdMNzhp:12000000000000000000:OKDOT:CHECKMYTH
13yjxDK45Ac3NmXmyQDjWEYEJMwe5qM5qNK61P4hBxxPsWdv:12000000000000000000:OKDOT:CHECKMYTH
16m7HnJaKtjTZfUbUPY95firTvgmsX2KbL7wWd6QgAjB9cpe:12000000000000000000:OKDOT:CHECKMYTH
1AHLJDaimJzrznmmPR9wLJW57SeNmcXjPU5r2vYJbkaeEJz:12000000000000000000:OKDOT:CHECKMYTH
1o6xSdzZGT1wZYAM66X6ggR7Xqsyts2mEpJRGDvvdPVdyuv:12000000000000000000:OKDOT:CHECKMYTH
16Xe1s3cB7BHFUJPWvjpoXSJunrkgNrVu1v2RathgGQig3h9:12000000000000000000:OKDOT:CHECKMYTH
13S62n2ZHB3EEqfnhJz2FTe5dtgm8hniW823tN7UDR1Bdi2e:12000000000000000000:OKDOT:CHECKMYTH
14wgMzviJMxp3qJC1tNsRw1Qg7PweBaXMEE5UtWPMsKASd72:12000000000000000000:OKDOT:CHECKMYTH
1WdBZkxc82zc3mH4r4mecxjeMQcnV5rhzu9vzUA8np9wvgz:12000000000000000000:OKDOT:CHECKMYTH
14GYJExkNHf1WshCvfhBsrMBVdG4KouZfeVbfb61o6KUE3L5:12000000000000000000:OKDOT:CHECKMYTH
14zUr4KC4oziatn4M4eeW2GD4M1SWmCnwpj6rtAPAoNo89eK:12000000000000000000:OKDOT:CHECKMYTH
13yeRKJfqq7QH4SfBi9cPhRC5HQuBtH8TnEZCSY6nzHzemaU:12000000000000000000:OKDOT:CHECKMYTH
151Y9J7bTfGzkZoZLhGqD33Bu18H3FtSdmvjSyTeW9CjUGLu:12000000000000000000:OKDOT:CHECKMYTH
15eAkVX1aoFjvcSyPeQkKxawxWLPCjFzhG3SyNDGym8qWwyJ:12000000000000000000:OKDOT:CHECKMYTH
1N6sARgeNAuKq6CQKEH7oVQ9DJ4uNLNksemxHW2TajwQxn6:12000000000000000000:OKDOT:CHECKMYTH
13dGWKtazkn7rjcq8Te5Eo1ScKXvTnDDVwHSvLLFF2JFzLRb:12000000000000000000:OKDOT:CHECKMYTH
1Q6rKGXB4bJFz8PeieVdF15kkzghuGkWBk6Qz7mqrq8FciF:12000000000000000000:OKDOT:CHECKMYTH
1KfcbApWvzVfkquGBmU2xRRW174Pahq17rd74dPEtyQN1ft:12000000000000000000:OKDOT:CHECKMYTH
12V5WFUkE97mRsR3X3ZHavrWi7fykL4EC3Es745jtadUzAGL:12000000000000000000:OKDOT:CHECKMYTH
126YpqFpuJ6UCC5xjCNsxqfVUypAn44eFk8zZbENyx7WHoBC:12000000000000000000:OKDOT:CHECKMYTH
15AV4Pk45z7Uig9kasW5h7mDKqzKNidqtcMCMjqmKk5L9zz5:12000000000000000000:OKDOT:CHECKMYTH
13cka9j3Gjszgrm7y1XFYQduPUyLQd4S9zVohqweJTwcuyjo:12000000000000000000:OKDOT:CHECKMYTH
14vunfQD5KBZYNNSdTw9Q1tKrBu5en57rZV2n4vyssurmZ1i:12000000000000000000:OKDOT:CHECKMYTH
14p7Gb9dA9U3yLXWWt4dJvzhXEbYVMK2wF3NTMUYwhSESnMA:12000000000000000000:OKDOT:CHECKMYTH
1e7JrtoGiMgbWUs2X843TSrEYfduEX1Kihrf8FXbF1156Pv:12000000000000000000:OKDOT:CHECKMYTH
14W6MRvMgW3oLXRT9828GTU9FRst9XKXkdnmedqQV8TruYbD:12000000000000000000:OKDOT:CHECKMYTH
1i3GQPexe3kgC1V4MgqktYZYMuMtYUzXCY8Cozx1hqRN2iD:12000000000000000000:OKDOT:CHECKMYTH
1JzYbhXrXH8KphdJ5dRnvFQyi7ai98YgUTTaYbrbZbZERfT:12000000000000000000:OKDOT:CHECKMYTH
12HH8Y7b2Rj1n2Sj6xHXidcunbsMKLf1NaQynCXhCFKja5EZ:12000000000000000000:OKDOT:CHECKMYTH
13wW8ezn4iH2kgU1ypDELzyF5yNHeru4A7ZEJLLtwge7VsZu:12000000000000000000:OKDOT:CHECKMYTH
1gi4te5uS4qBnzetXhxUamvAxk47V1qwRXb925HgJjtAY7g:12000000000000000000:OKDOT:CHECKMYTH
16KT2FnnmLJ5NPDKRx682UL82PmX6BVb5PbCWJnqd6Q6QoUS:12000000000000000000:OKDOT:CHECKMYTH
152JPwq98T8oPTcvdRLQYHDe7oifprq4WVVxP1pRAjfptLGB:12000000000000000000:OKDOT:CHECKMYTH
12vDxoy438mhmvL8nCB2gwCwAdohMfiHiyaQMCjcBxrAkWEE:12000000000000000000:OKDOT:CHECKMYTH
14VpGy1pesacPwdprBDjfX4TzqZHEDNQwaoL9yCTL4U12avF:12000000000000000000:OKDOT:CHECKMYTH
1PXMf79N3x6GovwyyLaGVkrWB9rHKQJVTCRPvq3rTSic71a:12000000000000000000:OKDOT:CHECKMYTH
15nzokYfnG7phZsw5uMNvgwjq7oqu2CeDWmHKhcWhBGyHnip:12000000000000000000:OKDOT:CHECKMYTH
12LHUR1A6G58wZ9V6fzNQ2ifgqCVcrjS6vquRAhzam8KYaNk:12000000000000000000:OKDOT:CHECKMYTH
1w53euEhqLXdf35m8j3NiUCSckzfVUpKbJWYGEDCSiqrF7z:12000000000000000000:OKDOT:CHECKMYTH
12NGgo4VtA9ZYZrKq1BdrGvSedqA4iNZwCyAYKZVMTWW9cNM:12000000000000000000:OKDOT:CHECKMYTH
13Y8Q2a8u3cU6btqvChfWaK9orYr3ovjQgQpNt6X5aniUZEs:12000000000000000000:OKDOT:CHECKMYTH
15RFJ3Zs4jaSqtRzurJo8ySK2axgqTD45n4mu2JUbneb5grP:12000000000000000000:OKDOT:CHECKMYTH
1HazJ7z7AaaBUFbqRhjfe5vLCaLn9RL9LJBXkTVDr5UWuXT:12000000000000000000:OKDOT:CHECKMYTH
1569a3M938YrQZaGYjAMfgmAX3UEqFEhMaCKWnkhXttmZr3h:12000000000000000000:OKDOT:CHECKMYTH
1WmmSmZX9LNUMT3iYcwKzFFngN6EX85aGLhLqe14WdLdH7i:12000000000000000000:OKDOT:CHECKMYTH
14QRMcTpyqteCHkc9HSvdBr1ZWJ6fyqcQCXtg9k9EGYMJkNM:12000000000000000000:OKDOT:CHECKMYTH
1CeSrDNRmCQf4dQW89FrJC5t27bEcC1dsUdHwCP9r19VGHY:12000000000000000000:OKDOT:CHECKMYTH
15fiSWdqfq4M1mkeZVVnvuQqzHDVcYjtjFtTfSdPvZDeYhcM:12000000000000000000:OKDOT:CHECKMYTH
16fytBnEaurv9A62JyH2fd5aWccmBwVZSpDj33Lsf7DcZ1mG:12000000000000000000:OKDOT:CHECKMYTH
1ZpWrHrnoZvYb8u62hnP83X48tbQmJWZds8P21bk25ScfNL:12000000000000000000:OKDOT:CHECKMYTH
158pfBvf8FW6dmSW7v1Uyzy9jssbjcUdgTFPQvQYd5ubz7Cu:12000000000000000000:OKDOT:CHECKMYTH
15i8Frx8utZ7WPxwicwWUGQwLbhsxvWYUZd1YbkfdJQ9Bsjq:12000000000000000000:OKDOT:CHECKMYTH
1LG2jQsj5u4uQjtHvSoAdbTwark7pD6v5AU6N7Yxx2iS8Lr:12000000000000000000:OKDOT:CHECKMYTH
12NFF1k4bBfaYBzAfuQ5yndo4DhMKoEr9Ln2eXonkbQSrqp9:12000000000000000000:OKDOT:CHECKMYTH
14oDLLZX6DN1bvKc69zGktA5fE7thbzN91ZMZsxcCw2uHGfG:12000000000000000000:OKDOT:CHECKMYTH
15MBmV8AyqbsoDpvFkPTwKzzmZBA7HESDCxRC84oLte8YVQR:12000000000000000000:OKDOT:CHECKMYTH
12CXzY3EpZWkycmVRVjwtz9W8Eg9tPKuuyzhaTNY4fnSoHAW:12000000000000000000:OKDOT:CHECKMYTH
16RsmvqVPp7hbBKrrhaujG1v7nc7XYdvj5WaVXQm7Wn5nSxa:12000000000000000000:NEEDED:CHECKMYTH
13fd2rVrw6UfAYghpoPr8n7AwLUz8ZL7xbzQwa6PXwc2GCB8:12000000000000000000:OKDOT:CHECKMYTH
13jBMVwcy6mRVpHMDt7qZqaBsEYgNaemQ12fdLyQwD3gtQZs:12000000000000000000:OKDOT:CHECKMYTH
1JbJcfp4t7316LSS3LWBXSvz5iYWvd8PFAg7LR1P9mk1EjP:12000000000000000000:OKDOT:CHECKMYTH
1CRpMTQp5DSeu2QNKFyCt1oz3UbxVXnXi3nGZ2hiTGk2m2F:12000000000000000000:OKDOT:CHECKMYTH
12bbQg9RguDttCWnJyyk3Y5gcWiF4q8CPUzfTfzguss3ThCB:12000000000000000000:OKDOT:CHECKMYTH
14ogkDcJhL8AKvgXY7z9gApLdufhczny9aZnc29L7yoECjt2:12000000000000000000:OKDOT:CHECKMYTH
12mEES2LZkZtv18SrpEoW1jYexBqtijfkPu5CnB99CjixgSb:12000000000000000000:OKDOT:CHECKMYTH
15vxq2MUhLhD1r2YbPVnhxk3sJ4bChMRqd91wisKwEGXLr2T:12000000000000000000:OKDOT:CHECKMYTH
1S6s2rX8BB9MHTJTiS1xMPNbfnz1GpSd2u4egFufKakLw2J:12000000000000000000:OKDOT:CHECKMYTH
1rrzsHtM7Qa7vZsKHmZgZ5yoU61xpBCw3N2R4iVWnKWfeiN:12000000000000000000:OKDOT:CHECKMYTH
13MTqaG3gzTVbJs3iAcr8D3RBowYEL1zpfeaKwn5e7bYf7Bf:12000000000000000000:OKDOT:CHECKMYTH
12SyVSU45rMCH8HtkLZaCrG89tGMaaL3328fP2BrSJQ5qmjk:12000000000000000000:OKDOT:CHECKMYTH
14AdqDcxVHkQEyyHLEN9cqqHojmnw5WxyPFe9XD5ApcBCbnP:12000000000000000000:OKDOT:CHECKMYTH
12rws4zFnt7RYbdTRkN2BxLZDxtwfyipwuZ3E4Garj4xZcAD:12000000000000000000:OKDOT:CHECKMYTH
1T3zd9PP3x96sSRraGMBW4L9pE43NBGrYWKuZCtjJExMUMQ:12000000000000000000:OKDOT:CHECKMYTH
1EQzbux1ZTWtzM1KRffzZLJ8MKto99ZCumkEZqoruE1R1WQ:12000000000000000000:OKDOT:CHECKMYTH
128uHHwpyemT7C4xwmkr6Kjs1RwZcwx6RWFfhU623UXUxtut:12000000000000000000:OKDOT:CHECKMYTH
14aNjE65WCrafonkfWJ3iLbtrRsy73LvNnqDVc6dP5Lya5t3:12000000000000000000:OKDOT:CHECKMYTH
16E6RxRvkgwAD7ETBkGXqc74JdfC7mwQ939pAYQ29xCtTTbJ:12000000000000000000:OKDOT:CHECKMYTH
12StZBY5fnBueiVKUj9BC9HKHXU2yRkBbG2WpqF9d64obZGa:12000000000000000000:OKDOT:CHECKMYTH
1vRRdmP6tRNY6mvYHSutLzs6Th2X3DsMVkQrvVqCKvQsAKZ:12000000000000000000:OKDOT:CHECKMYTH
16ji6apGfLYz2vpCrRVMXnGgHrdTc5VHJNdxn7wN7v77Jvqe:12000000000000000000:OKDOT:CHECKMYTH
1mH3cvFyDuqLfqihm2oCRYxYnyiUBKHGXzA88cwwwEiQsLq:12000000000000000000:OKDOT:CHECKMYTH
1NNyH8KY5eP8W4PeVnQZChdUwowERHihMzF1WoQki5jXQVr:12000000000000000000:OKDOT:CHECKMYTH
16kMNPxTr3xeKtFUr6AQydnxaRSMPUCSHUUsR51tcnyJaTip:12000000000000000000:OKDOT:CHECKMYTH
15RWLbx1cg5rfTTLw3qV73E7BjfbembHU7LsTNBcZretFpMG:12000000000000000000:OKDOT:CHECKMYTH
121a1sWqGFc2SFRmTK5cKR5maXkDx5QGRydqN7AA9UonypaG:12000000000000000000:OKDOT:CHECKMYTH
15X7U14zTG3iZxgKvt2nKobbPXK2kLeZUphEHoA2L4WsDfsR:12000000000000000000:OKDOT:CHECKMYTH
1gs2c6ZjkxQLAHyXnHn1y7CudRwLkEeFSd56kAQGV4FURcy:12000000000000000000:OKDOT:CHECKMYTH
1E6txRZz1oRWXg4r61wYiHEnvKqpzwZyREvmAiDiKSeCsTF:12000000000000000000:OKDOT:CHECKMYTH
1dQrVGiiLTsry7HWUT97GzeoKx97XcWJU5BWiubJSQD84kR:12000000000000000000:OKDOT:CHECKMYTH
12QbdNFnfdqZ8sWFaYCGUz8Xp9LDSebv4GUDZACZEEEgTNnZ:12000000000000000000:OKDOT:CHECKMYTH
16L7BnUoqde317DCoyNisVUf97Pmhu6APTgLM4Hsys4ieNN5:12000000000000000000:OKDOT:CHECKMYTH
12iTiUnKvm74BVhn9d6hk8QBGnEC7qHdaTbWSyhdz3sdDLns:12000000000000000000:OKDOT:CHECKMYTH
16L6WtkLcaVVV1M75H4MvAh6wmexrJKFPbgeJHwpz5WwSsdx:12000000000000000000:OKDOT:CHECKMYTH
12vWkiujTchkso4XpA4h3D9T5zJiwhK6hmbkzNV9uMLBd4Vr:12000000000000000000:OKDOT:CHECKMYTH
13UJydtaSk7Yfp4kKQLEEvCb1HQzyKEhXzKTUqEzM7gVMHVU:12000000000000000000:OKDOT:CHECKMYTH
15dNfFZBSEmYQwr6URVRrQG2aLLpmRZjmVxkqahKUbqdkmCp:12000000000000000000:OKDOT:CHECKMYTH
14nL6nQPqxYNkFBUd94oxMaD22EaazMZLrvcrw8hRbuvjxrm:12000000000000000000:OKDOT:CHECKMYTH
13C3NkG2UFqKPLumiSkm7MAbkDtRKFcm6Hob81fPrREqZWTM:12000000000000000000:OKDOT:CHECKMYTH
12XUeKoZSbSyv15G9kdD6qNi3PeZBdJT2DyEG9Kx98xDmYR:12000000000000000000:OKDOT:CHECKMYTH
14UW6MwiEkLks3LCEFr1332xcbpzGGBjUVoEzevYWuKiASp5:12000000000000000000:OKDOT:CHECKMYTH
14DW9hzA3b9K8Mw34rNRfPhC4dTQfEAJfGNUQj1M1jJkDYob:12000000000000000000:OKDOT:CHECKMYTH
14H9ST1otC8mdE6gsxuo6MmJnGoURQNs1tLRMsLt1gpHEyuh:12000000000000000000:OKDOT:CHECKMYTH
13aaNpyUydiHEigcd9qEm8AbbTxD8vYXQcWtiW3z11WKwvX9:12000000000000000000:OKDOT:CHECKMYTH
12DjeKg9J24BRm5Y48aPecetg4cg1YHwynZ9StR2FGJ3wYAN:12000000000000000000:OKDOT:CHECKMYTH
1Qts4EDfBb3RLTegD7CAVtm42s8g8QYmVdowrQVpp1PDpBJ:12000000000000000000:OKDOT:CHECKMYTH
14EZUb2ZDHuEj6i6UmQRdZDymszB8ScaTDu928f5Xzx63229:12000000000000000000:OKDOT:CHECKMYTH
13caJXVr2sx758jQoGSV5GfpE4DjEuA1xhu2Zc5F658zo5Zc:12000000000000000000:OKDOT:CHECKMYTH
12vY3ZifKkEch5kA3Bzn3vhJpEU1oFxqEEtadamHRW9ZE51R:12000000000000000000:OKDOT:CHECKMYTH
14QDUT7dYa9PbDXiKN5TeVjNUK2oHcnYrsRRucJ6gzfU8xRR:12000000000000000000:OKDOT:CHECKMYTH
1R1FN4nfbjuykbAuQfMkPH95V6fbfngtpDzuEiqeQn38jyJ:12000000000000000000:OKDOT:CHECKMYTH
128QzbZNShShyNwXuVEi3oP569dBykgE55iQwJpfbhpuVY6i:12000000000000000000:OKDOT:CHECKMYTH
15KZmcZtpopJU714gcfDP4PAS6XHBd5v6XLnZ91UjaXa9YC1:12000000000000000000:OKDOT:CHECKMYTH
14rzbfnroEe3xY3D1sPxXBuFnEocaTAy3cvPTKwkbZQoNwfF:12000000000000000000:OKDOT:CHECKMYTH
13TknrfdgFsqYFMdpsY8Cvt9U6gqnvfkUxwHjrZWEiapFqcX:12000000000000000000:OKDOT:CHECKMYTH
13uFH6rbQJKzZU8jWPnZNu1xrTvnKXFcedZcYW41Affogd4R:12000000000000000000:OKDOT:CHECKMYTH
16WmjMv7DZVsujGWptiDk3HnQ1MVRxYRMnVaDASTLeSArhXa:12000000000000000000:NEEDED:CHECKMYTH
15mYnhwxgFeJBxqJsFiv4aS2RYs1CRBbEiGSMawTRfL5HRbj:12000000000000000000:OKDOT:CHECKMYTH
142EttrNHRPVstAv8b99fKNNeHqamuWRmYn4ouQTawxrM6oE:12000000000000000000:OKDOT:CHECKMYTH
14qdtpS6M8c2DFG4PyLpy6E1JNoSRboLohhyMQSmofneBfhG:12000000000000000000:OKDOT:CHECKMYTH
1EkuRF2S2NZ5NGWQktKBAhayM5NN5jBaoAx9fYvxMWfApsQ:12000000000000000000:OKDOT:CHECKMYTH
14DKf6NP95k4GgwbQ4mRbyAm78T5ckpwevunVzNKEpkdtyMN:12000000000000000000:OKDOT:CHECKMYTH
15sdx4ptT2mzCXVXNdoEVmce7CFGkDwErhL6pbSzrAZjucum:12000000000000000000:OKDOT:CHECKMYTH
14Mp183szbt98mpYSpvMngLreVCE9MRTiibZbyv7CFRZpVs5:12000000000000000000:OKDOT:CHECKMYTH
13fFJcMWVsgNJARavHjaYUhxuq25JaLxReaoZkUFNMAeVjKk:12000000000000000000:OKDOT:CHECKMYTH
1HQ48h7ZGg3jE2X6SuLowNn3amu154g7q36qnPFuzKNqiUF:12000000000000000000:OKDOT:CHECKMYTH
15LsHRUzXP8uxjtQWWa1EqEtt3ehUbiRamT5WtuB3xbwanJt:12000000000000000000:OKDOT:CHECKMYTH
12TQ8Kipgz6SD6o9MfAw8p2ycfRPed2DHLQz1q72RGuNkF5W:12000000000000000000:OKDOT:CHECKMYTH
16GSJ3Ujuyzue2rnLuPQXbR85Rb5bwgbHVETFu1NhbLt8qeD:12000000000000000000:OKDOT:CHECKMYTH
1qStp3FRnPe5KgLnfH29nNRxkwZXHd8J21VfJCKhghYJQWw:12000000000000000000:OKDOT:CHECKMYTH
15M2P6VsSXHaBEuwQv1EDHH7C1d41bHmxe1C18iWD9L4SFom:12000000000000000000:OKDOT:CHECKMYTH
169u6Wf7hVReuNJhdz6gDg7LdWm17x32kgdajbTAHKJaoQX6:12000000000000000000:OKDOT:CHECKMYTH
15Wsz8HN5qRg5nD6un9K9Q5DRwfVhaMLrx8TBdzArTWipVzL:12000000000000000000:OKDOT:CHECKMYTH
12z8nL7rusNoBKs9F1Swmpky2J1ANx3C6rb7CAUE7vH9r5Mq:12000000000000000000:OKDOT:CHECKMYTH
16GChB6rpEVtrmQrR7igbM3BEcPkPe1EVuqTgpES66q1Svzk:12000000000000000000:OKDOT:CHECKMYTH
15V21Q5MBvs1x8MCfSUG7naAzk7WNwK1cejo8TQ9U1xHVFJh:12000000000000000000:OKDOT:CHECKMYTH
12mVRrje6XTPiTGGM3sxC5QxWSEEHg38NfPQDWubfDmss7Hw:12000000000000000000:OKDOT:CHECKMYTH
15f4UdsnpsvYsAD2p9HraZ7fvV1mUbqNG1HG2TQ4M3gn7JoR:12000000000000000000:OKDOT:CHECKMYTH
16d14WjmA48ModLmqiBmWcaq8i7nmSgKFsQWjzf89pB1Ewaw:12000000000000000000:OKDOT:CHECKMYTH
14XULCEkrbHxm6aEd4s8TThFJfsy1X9RiSSJvoxGwZyeHEs7:12000000000000000000:OKDOT:CHECKMYTH
14rwcfS6WzSVKtPFC3Krivmr28PniXKGZivMxWy24hsrMG7X:12000000000000000000:OKDOT:CHECKMYTH
1zGaxurhft2jxyw8jG2uHewZGZSFHFdR5pRw9nqX2RFPYFN:12000000000000000000:OKDOT:CHECKMYTH
167uxc1XXRtFLN1aezr8tKEs1hzz5gsRqDDk6bA3Pi8PJZTF:12000000000000000000:OKDOT:CHECKMYTH
12q4Xv2bs47fpjitfoniS93sxTNyEzaPcevpgioWeejvZKVQ:12000000000000000000:OKDOT:CHECKMYTH
1hsZf4gZYzdkuMx1CcUjdjjQJKZW8X6KA3Hyx5fU5gEV1Hr:12000000000000000000:OKDOT:CHECKMYTH
14Sv2rVfQgtgBmjWrCMqws6fciX58rrZXjE1nBbvaCf8jDN9:12000000000000000000:OKDOT:CHECKMYTH
1Mv9xxPTTCqvR9gHU6kHYQsJ2yvcqzFsAwPbxA3eA3ez4mR:12000000000000000000:OKDOT:CHECKMYTH
14ro5Y3W2X6b1amimvFFD4qqAMR7MiBK6k9FV7yeDByUuE2R:12000000000000000000:OKDOT:CHECKMYTH
12c3PRvXCAsTcH33vRrFRCZrxQoHwfN5dK5WBotjjdFPCKhz:12000000000000000000:OKDOT:CHECKMYTH
124wBDmwEzqthErC4nny51fVxkmdmxrFCDzjJefoqQdKEywK:12000000000000000000:OKDOT:CHECKMYTH
12gpDUTwwHm1ah9Y7qzoBNRbuopXJB8WcV7Dqs9MW89Ye14h:12000000000000000000:OKDOT:CHECKMYTH
16rmnU4wJuaLsQiSbMZMUFrt3D1cdUptPntRnrPzNim3pNs:12000000000000000000:OKDOT:CHECKMYTH
15pBKafN3Y8UaS7mUiU3YQFXGjfGwLqAmZSrvyixaizLAKE2:12000000000000000000:OKDOT:CHECKMYTH
16HhiHKAcEukLAx6vDSe5JUMWYFdGE75yjA97eYZHzsLD54y:12000000000000000000:OKDOT:CHECKMYTH
15vy5Fc1E1HvSxRoBF5jnz8C5CMrfXTg8gqX816XRFyqU9wu:12000000000000000000:OKDOT:CHECKMYTH
161UopGbKunXrKrySkE5uWm1DNMyJwWmek6Mii9drzFvCvfA:12000000000000000000:OKDOT:CHECKMYTH
13hhNUn5L34QWbBAw5jGo3Q66eERmLoSd9AmvLjYLQ9yvpP5:12000000000000000000:OKDOT:CHECKMYTH
1531hbmqdc1MnVFycM29vLeGrFqdDHck8o6sMAeGPozwpgey:12000000000000000000:OKDOT:CHECKMYTH
169a8VpsXVU1YmpbeSRgatZkWAnpMLKixPdWnFeuzRFcQTZv:12000000000000000000:OKDOT:CHECKMYTH
16ZRpDwavkdLzbHN5yDCxiJovB5LGigRmvyRX37doSTfyohB:12000000000000000000:OKDOT:CHECKMYTH
16HXYmK144THcvzKgUPLLh9mt86bhty89k2Vx47Hy9fG95nS:12000000000000000000:OKDOT:CHECKMYTH
14tFNmKnQsmw7n8uz4gsYY3oCFMgA5LXx8HcJuWc5CaniFHx:12000000000000000000:OKDOT:CHECKMYTH
13AKDXXB9izu6vzR7eNM5ohgdaySQngvxRQnbSyvjep2gEAZ:12000000000000000000:OKDOT:CHECKMYTH
17X7MGmwFiT4vpJk6KASys7AAPZ48jHFiTVsXwyv4f177cj:12000000000000000000:OKDOT:CHECKMYTH
1myadLZz8wpTPEUF86S3WCiC1pKJqWTxMz2M68sZgzdxR8W:12000000000000000000:OKDOT:CHECKMYTH
16aAYHu6xCXmmtisXyNWcR5FoG5B4GbZ4zp95UuptZdH3Vec:12000000000000000000:OKDOT:CHECKMYTH
13p9LaxbrzCWNxkK1J9TNJGfAs2C1tskhzESyWpAQVjJ2Jcd:12000000000000000000:OKDOT:CHECKMYTH
132vytgQyJz4tCvrJfF48UTkFuT9F8G124MBSqPpFQ8Pza7v:12000000000000000000:OKDOT:CHECKMYTH
16nSYJWkWVGeofWCD7wcK7BzpSDMDqcVVm2K9Bzmd3R4qhDJ:12000000000000000000:OKDOT:CHECKMYTH
16Fgocqjz52ayHmbLWMNsVvo7xWvDzg5PotpveG66tfXatww:12000000000000000000:OKDOT:CHECKMYTH
1jPWP4WdYB7x21o28r8pZygHSfHK1yRMChgYvjiCoagcjyu:12000000000000000000:OKDOT:CHECKMYTH
14fWzKi1iiZU6W7SiVF5a9y7nTu4ChLnhH8rBSwE7FT7Cgaw:12000000000000000000:OKDOT:CHECKMYTH
14pJv2Sk4Lg7CvEsTDKysW584ki76Sa4MNEjJLPoz1vEMsZy:12000000000000000000:OKDOT:CHECKMYTH
14JFH1WfS8cEjTqHGPVXXk5W3wUoFWAt11HXfGbJcTxjdf5u:12000000000000000000:OKDOT:CHECKMYTH
13h7owwQSigRfsMyX97P3fwGdu3ERfACkDKUVJtdnATJt5ML:12000000000000000000:OKDOT:CHECKMYTH
162ubxRkypveyaoCgsHxMj8Kxwe8r5gGWWxH9f7heyB7Gpxq:12000000000000000000:OKDOT:CHECKMYTH
15WmmiSaHnB3Ppn7RZffg1AxFmb6ScxHm8EgQs51mZv6uRKF:12000000000000000000:OKDOT:CHECKMYTH
14P8gZhr4E8P3asHXrxwThcanqnDHAi9Dww3nqM4aUXVqNpC:12000000000000000000:OKDOT:CHECKMYTH
15YPFN1Ls2CdVrQP3X3V7H6wJUCYDbgqep2J2peXV2yq6hQu:12000000000000000000:OKDOT:CHECKMYTH
13NCLd3foNpsv1huPDzvvfyKh37NEEkGFotZnP52CTR98YFJ:236000000000000000000:OKDOT:CHECKMYTH
