14sWMXhP3BE3hv2KazxHTfg9YWoqsrh55XLj7k71mQVqvkUm:12000000000000000000:OKDOT:OKMYTH
139NF4tG1YL9pbVMdUVVmaKsQpZjDZqpLdZXF3QK53mbHKMS:12000000000000000000:OKDOT:OKMYTH
15B7EUsLKen7tezjZG3yUbVkmfDRdGzPR7WNGXEum7kjgkge:12000000000000000000:OKDOT:OKMYTH
16GKsxwFKQiYjYd3TsFizRQsNuEWDMKsMondVo5W9bvbVoMK:12000000000000000000:OKDOT:OKMYTH
12kniQ8caXznW41mJmGxte2PvrHZn7XAFsAr9XhxYnqQ3R4r:12000000000000000000:OKDOT:OKMYTH
16ZWRMnjuVGB7ewmQJ7uMTUXtMLKZuUoCYqzQV4FHfaWFn23:12000000000000000000:OKDOT:OKMYTH
155kZTdhhbw44LUNEw5czV2zV39Z4qRna5uCMzGFchjz1kka:12000000000000000000:OKDOT:OKMYTH
12jduvB4JRcW3tuhDYRgewf2CRLxkKLVexo5Zi9JN9wDiwd4:12000000000000000000:OKDOT:OKMYTH
15QvnnWRhfzGzQ5nTqNhVLkpupF8a3rz56fJUxMEburfoXd3:12000000000000000000:OKDOT:OKMYTH
123k3bRhayR3cUSLxQa15D9YYcFCZ7LRgpdA11BjD6XGyvv9:12000000000000000000:OKDOT:OKMYTH
15sbpoD2mK9rQqLdoFJKXSDCAM6kawPFRwfuCavHwywSkbXN:12000000000000000000:OKDOT:OKMYTH
12wHmLxEuYQxFAztPWCm4HmcTGWPk69FX1Hk8pxKbA4UiyDa:12000000000000000000:OKDOT:OKMYTH
1VvzjHsDWVhDryJZoQRz3D9aAKZa8pfaLdK71qvQ9JSr2Zr:12000000000000000000:OKDOT:OKMYTH
13io969LToBeTTWF161VhSSgUoeGZiyiXzVTdsnp8nqZUCiX:12000000000000000000:OKDOT:OKMYTH
13eGfS4k5g9GtqmSTAzMSVmsxSSKBGDhcrUfrAdwh3XomWzS:12000000000000000000:OKDOT:OKMYTH
13zP3P9xLvHbxPWAGkSUJefT2CwmQnWSDE9B5fyhc8Tzp4m4:12000000000000000000:OKDOT:OKMYTH
14wsNC34AsanGd8bTb27qHMauE7YKz66dm2DqfBseJaV9DuN:12000000000000000000:OKDOT:OKMYTH
12YQpyZq79jScqnxevVvNF41agLnMfrJX1wQfbUDWwGWp89x:12000000000000000000:OKDOT:OKMYTH
13tfWkkkvynF26NzbnMkG4eVaZLqswNeCsJXUGSLkvBn5r5c:12000000000000000000:OKDOT:OKMYTH
17ZHSC2yJ5RGbRAMKUYNovwncWfo4LR2Kj712Dbw3Uea75t:12000000000000000000:OKDOT:OKMYTH
126VVFHr6jJUomZsXKnan6Y6MBskCKV6kBwMJSvqgHgPgU59:12000000000000000000:OKDOT:OKMYTH
13G6r2qa7FVEdSbdiCQpxBzV693KYDD9xk5XoaUmm4hrdb2a:12000000000000000000:OKDOT:OKMYTH
154kMEvfFodN4CMUdY6tFiZGiVW8FGiufjhuyLLZKKLJm3wj:12000000000000000000:OKDOT:OKMYTH
13SsprrDy11Jkwhk9wTLmun2jDBeAs4yeMzE2QU3qEKs5DxX:12000000000000000000:OKDOT:OKMYTH
1686x8QDGfNShDjrbr8sa4MYXxwtoc6ssSUAzh8ykPcYsfLG:12000000000000000000:OKDOT:OKMYTH
13dEDNuWbKMjAY9ECZQJAaGdJRs8MKcnvYv5ce6Tt8hs7w7a:12000000000000000000:OKDOT:OKMYTH
1VLc3uq3Dckbi98NGBVkVRvK8X7NmW7cMAcZ6pDZ8mv3qTj:12000000000000000000:OKDOT:OKMYTH
156TRnDwRwbHPmTvpmV5y56NMBXxNJehJNnSJ3sBhXGjk7vx:12000000000000000000:OKDOT:OKMYTH
121GEhQWbpv4dhTvvz7QaJCWKvfc1nCkV9qKrMGM5uRMjVze:12000000000000000000:OKDOT:OKMYTH
13wWohXpzwLCM9JHUUSFaocN2Dacsb5YehXzsL8u1hWFDat8:12000000000000000000:OKDOT:OKMYTH
1boYV2r7v826FfjUavGhnhT1ZR8Ussb3jQKmvtUo8bygemz:12000000000000000000:OKDOT:OKMYTH
16G5LvoWbMtGiM4jM97DzLKbPNWut8Wq9eH2VLPH67kGvQtu:12000000000000000000:OKDOT:OKMYTH
14qeU4mqdUYDfabvEtn95ua5Cc78rXnpRVUCoB2exAYzaaeq:12000000000000000000:OKDOT:OKMYTH
13WYEZsr3uwFdhZdoeU7BDUtmQEcqJwK9aqHSRRHenNS8sbC:12000000000000000000:OKDOT:OKMYTH
1qTLDyrmHuER2JZCdXwXmxFGkHWwANUaRjMVgNhHxuieYUM:12000000000000000000:OKDOT:OKMYTH
13CMBo6VkXMNcxA6FpfrbZLjuBqJS4YczhhZc53A93KNvnhv:12000000000000000000:OKDOT:OKMYTH
15Edcb5qPsFYRDv2BZoJ428KLT9ToHsZtSLVnMLnH5Qpyi7B:12000000000000000000:OKDOT:OKMYTH
1eVpHQGiUZezxLAeEE8iLGxjymYiX1WmhJhAcfK5TSDRkPx:12000000000000000000:OKDOT:OKMYTH
12N7mc6wERtphPuubUzs4je53EoK4nVNXGGF92hgWsVfX9CD:12000000000000000000:OKDOT:OKMYTH
139CUXDT8sV6JUKF8kZZ4dH8BzVFCXnsaD1ki4xEYg5Rge5w:12000000000000000000:OKDOT:OKMYTH
13osifABbWm2PbiRrDvvR9Q3fPGCdLXd9nh9VXqkqaJo9ys3:12000000000000000000:OKDOT:OKMYTH
13x9MuTTRLrRPQXH4HcFwNq9shNYgvVuGXkx9618nCtus4Uq:12000000000000000000:OKDOT:OKMYTH
15FqGzvC6UtYeae623R3n1rZBsfcPq5j1i8SwJntRggEyp5a:12000000000000000000:OKDOT:OKMYTH
1gXed3E5BdkUHbr8Y5WJuJPCCVrcjz8PbpWspSdJBvLcHkF:12000000000000000000:OKDOT:OKMYTH
13cjtFEdzNi6Y2CnDxnRXFitsKzHE7w2BoGAwH7zeCn8L7p2:12000000000000000000:OKDOT:OKMYTH
14aL9cvrzL7GmSgjJkuMJfUmzeQz5MXeTukj4FEVYc1SbTGW:12000000000000000000:OKDOT:OKMYTH
123v3EuExH14VjjGqeypy8wqBjbhWxamGBb3gei95XrdJwx8:12000000000000000000:OKDOT:OKMYTH
15J62TqFoEUZ9sf7eJCfFTxLMVW8M5dUDYt33nxmdT1gAqhY:12000000000000000000:OKDOT:OKMYTH
1YbyATDfEhbZU2SDbuXUX7FEDG8wzEqQ7LPaUCWqMdrZvLh:12000000000000000000:OKDOT:OKMYTH
1Yywj2fx8ED4dqrJi1UZypvuW5Robn47MNLxHDjUK7RsjRb:12000000000000000000:OKDOT:OKMYTH
14w4vXkZqTU9mTCerSmxPwMhmzpLK8WArHmPDmuM1Vz21tKV:12000000000000000000:OKDOT:OKMYTH
14uNQpamRuSxAZdqSs92qk58a53bpeCLCqHbMeUYB3i5c3UK:12000000000000000000:OKDOT:OKMYTH
12jPcDmVT5eHAw2R1LFBhNgk6sQeMbCyN4FuSpgGEKJjUgEG:12000000000000000000:OKDOT:OKMYTH
12it262SQaFPhezjneirtHofePV9PoRepe721SccvLfdmBj8:12000000000000000000:OKDOT:OKMYTH
15yKBnuTtfq1xJRLqY6ZsXCBPM8AqJdsr52NRsqNsQUwSadm:12000000000000000000:OKDOT:OKMYTH
13F58hh53998X7h1uh8NRLfnGdpYGjw19CfF3NyoZKE8DoPe:12000000000000000000:OKDOT:OKMYTH
15tTskyXohRorhKcwSaYs9psW7PhGK9pBz9ei6o1vZZXWije:12000000000000000000:OKDOT:OKMYTH
1448nNqdHpCittbEJouGccp8J8mjGygXvxeFC3JS9w2myN6Q:12000000000000000000:OKDOT:OKMYTH
1HQDLH7TEqr65XiASNkohhRDNTpjY2ax1m3XHZwFiLLpLqK:12000000000000000000:OKDOT:OKMYTH
124QQsR2WdP5uopQApcHq3iSL87DMw7q3iyUfGyYBLPGzKpo:12000000000000000000:OKDOT:OKMYTH
15zmYyezxu2jRaWeFBVqH3ZTFPJzZ6qRwc8UcdZGwxjjyz4H:12000000000000000000:OKDOT:OKMYTH
16cg2os1r16VAi3ErpXkR6bELGDXs6WBrPYBZgiUGLYRAWEr:12000000000000000000:OKDOT:OKMYTH
1br4xRDdaP24HYSfB1iBRVNWgdx59Fbse3184naHMCnSL4M:12000000000000000000:OKDOT:OKMYTH
12pdY3EHj6NnZvDyzuVh6RyXK71sgrTUfdmiQ48ZnYwgH82o:12000000000000000000:OKDOT:OKMYTH
14oXDwMwnvUnGQe4QqH8o8UatALbeM6NKCZ4URYbV6sUEFqp:12000000000000000000:OKDOT:OKMYTH
141pDKWSGf9tqEZHRS2syS5Bp38PVjse25a5pNEqfvfSyPkx:12000000000000000000:OKDOT:OKMYTH
15fT3af3DSGNh9RtPdxu5zLeqLyaF3evXHto58mwTHZseUiR:12000000000000000000:OKDOT:OKMYTH
13QserCFSZW8EKFqNzZ5nE5M69CF7T5x8Qoj6ovz681BDdyZ:12000000000000000000:OKDOT:OKMYTH
1mQNgQN1reNrLE1TBQu43zSmDtDR7uk5pcsjoLkgyKN5jHK:12000000000000000000:OKDOT:OKMYTH
15J9JidWT8K7cU4HKs4hXHHgBHVoH6rU5muPy15ePV6YTzE:12000000000000000000:OKDOT:OKMYTH
1t19t8n8S3LPU7rnSD1Lbyvcpr6cMZi5wzuCVBpGMssBGB4:12000000000000000000:OKDOT:OKMYTH
122xkzSuX6K6fVFvDXzAtj7vXSt6ZfCGurn1uHuDfCHC1hcE:12000000000000000000:OKDOT:OKMYTH
13ZztrPk3L8qBFGWS1nNvXwmpSsBiddySoEU3DoK6eeEXnJr:12000000000000000000:OKDOT:OKMYTH
15jdkkNuzqr5JkgZKDJHM7Yi46JN7k62QzdcpkteHvoX8Ns8:12000000000000000000:OKDOT:OKMYTH
13iajwiyukJPDb6v757mrZSQ82Um5E58UevHR4bPTswjLxBE:12000000000000000000:OKDOT:OKMYTH
1sBoHVcZcrGgy8NSXkb55sjwmgWRLh98jZExqH71cEsTifD:12000000000000000000:OKDOT:OKMYTH
128go4gPDKCFi654XEYUQpK4KydNeXNYsC4mab61Ei3VhqV8:12000000000000000000:OKDOT:OKMYTH
14xYJzQzqNt4o3fyBYpPuEJECiSfdw3HEFomcZnQ93whjFJh:12000000000000000000:OKDOT:OKMYTH
12E5itNGRHvUYgabram2wsg4pRCKGboPsZLbPxHZobrhcTWV:12000000000000000000:OKDOT:OKMYTH
156qx1NTLyRahtia4BZ7BukjBH9YmuDT2xGJDnNXaapbAT4p:12000000000000000000:OKDOT:OKMYTH
13vYC6xvntLYAcE1jsMsZoFvaofAViXLHR6zicxJ2io1dRWb:12000000000000000000:OKDOT:OKMYTH
13kPeggJuXdXC3J8KoBd23P1FXr9F8LsV37phJBS9tBAx8wa:12000000000000000000:OKDOT:OKMYTH
16FTQdKfsKxgZ9Teh39mjesSgpxZ1tqKKPfEyi91XN34LmoS:12000000000000000000:OKDOT:OKMYTH
12LDYR93FzcR8U5hsn4Hbr1AevuA5VmFfDhyUopq1iuxYZ4P:12000000000000000000:OKDOT:OKMYTH
1fJ2Ceak5T9Ranmz8auoawKfWRqZ3gPGpDJdvEspvPx9Ec4:12000000000000000000:OKDOT:OKMYTH
1s35pHL2enzkXeq1K5wAy2nkc2WPdCcNZczKoVXswMjLcGA:12000000000000000000:OKDOT:OKMYTH
14Re7DwVkTbpFQSjep35BcNMErwKKxyq9LrRYejSvKQZ37dt:12000000000000000000:OKDOT:OKMYTH
131y1kTTTCq2Sa72MqfRfVPW8fGW3xzr4Ty8ZmPcbUoNKMTp:12000000000000000000:OKDOT:OKMYTH
13fYFXFaY22j2S448it8YkBK9oqsnMQSsKnE131cx4x9FCWF:12000000000000000000:OKDOT:OKMYTH
14HEhfHoR1PmMp5Y3HgM4KUwY8inXHdM7fFxAQHtT221DN1n:12000000000000000000:OKDOT:OKMYTH
141miepNkptuvdWr8cHGMQCfyxvupcW9u9RQTd847L3PMgSm:12000000000000000000:OKDOT:OKMYTH
14rZDKm2mb4GMdR5mdoe77ZddVX6Rew1PHsGYSUWJjAHvXte:12000000000000000000:OKDOT:OKMYTH
14M1QuSju5pUjdw5X9QMHLx3qHXNT3oW5yMtuj3SWUxhxMfV:12000000000000000000:OKDOT:OKMYTH
12CPzAZy3j3sbDKGpg1bemw8aEzXH92QDiTpD5ER7JPA887V:12000000000000000000:OKDOT:OKMYTH
12dR4f3Cp36z2jNLSdD82HaqGeffkKUDqQ6sVgsHAt1XznHQ:12000000000000000000:OKDOT:OKMYTH
12gbf3ZfMfR7yH1o9M2dqrTZU6N3vFUgWNRLG6YryySGteFt:12000000000000000000:OKDOT:OKMYTH
15u1chPyD6B39N2RqYZaqdgU7qJ7KTz32rjBJuaqBm3SXqfi:12000000000000000000:OKDOT:OKMYTH
13GAN7DXTYLrwnbGnKZPBFXtHrwTfX5mkc3B4yBCcv3oFPCo:12000000000000000000:OKDOT:OKMYTH
167roBYJGgd5ZnmZQTuPCHF1wP4Vdj6Xffhi4ZBNJJiknBRv:12000000000000000000:OKDOT:OKMYTH
14K4Tt7xV6YuTUPWCi7GDuWdGyZo9rxkiMSjZpKDA9dXA5Lp:12000000000000000000:OKDOT:OKMYTH
13cHMjJrnE6q1nY8AJqn2CDJP3eUtwEdi4YPbpG31DG5CnhJ:12000000000000000000:OKDOT:OKMYTH
13Db2YLDFqFQ65WAKDuDC3X286SaqNiH7m3TJQigHbfYjdKU:12000000000000000000:OKDOT:OKMYTH
15AUDwrsm2AAHDzHqvWnqrmDnwmuX83h7MHdMW5Koi75vN2k:12000000000000000000:OKDOT:OKMYTH
15Vtc2wPqs3WdgL4Q9F6Ri9xipiYhbysPhQyo91SRfukYz6c:12000000000000000000:OKDOT:OKMYTH
155qDVidMAfqjy5MGiP1BDD5jE1SDmr7Y1VReg3jPLMbusuN:12000000000000000000:OKDOT:OKMYTH
15RNKD3dcX7fiJs5VoUDziv1tDYrXhYYe7SyPKabxwHK2cLq:12000000000000000000:OKDOT:OKMYTH
14LvZrTARGfuRG6LQRrrmmjT3XiDwtc9Gt5JQaaRSA8G9jLW:12000000000000000000:OKDOT:OKMYTH
12vGaGuTLAa24Dy819jTkyLLibbUM1Cc1nHFCcH5z5UX4yrC:12000000000000000000:OKDOT:OKMYTH
1b14TZ62Q333g3LxCNCyNUCHpKrvX3DTz5SYijQLjUNmwc5:12000000000000000000:OKDOT:OKMYTH
16k7GEHsdfrZo768WdumLmajraw3s2KdTs3M68XH46UPqLRc:12000000000000000000:OKDOT:OKMYTH
157BrWyoGxfH5CkWekrPq5o94vt1EQ1VxnCc9Fp3Bi4Grkr4:12000000000000000000:OKDOT:OKMYTH
15Mmfow4kqfBxtw2CnFD8ZFCPYv6yuZ4cFZWWxF5tz2D4QAA:12000000000000000000:OKDOT:OKMYTH
12kL1x9gGVDf8RGULVnsyqdiSpmSFzsKfn5w6VE6x3fV2CTY:12000000000000000000:OKDOT:OKMYTH
14hWGKaTqUir1mXeiBvte4aeNGz9syLBQ3Lbjc7aN9sc2ydT:12000000000000000000:OKDOT:OKMYTH
16LDGtTh3SfLwHc9yx5DWvPeEB4B8zpNCd9HWAmtosaYD8Sp:12000000000000000000:OKDOT:OKMYTH
156qYiSsGBMPkYNvGp23XTvVUfLfRdNYpSEchUoqbnknEAeq:12000000000000000000:OKDOT:OKMYTH
15uQ6nYH7o9KtEq5BYS365jHLt7u1beEkwfkPWFcobL9HfdX:12000000000000000000:OKDOT:OKMYTH
1636U192MBjQtqLnxcgUGASYH2QQ3X4pjMcrjzM1pNA9kKm1:12000000000000000000:OKDOT:OKMYTH
13MQiYXwu26ondnr7xcZjwTjk1LA1TrqkFj4JxZ6KeVszR5P:12000000000000000000:OKDOT:OKMYTH
1tVAhnjDwW3PEfX2YXvGQmwW3Dd5EZitRReUhfLtoJKGEEP:12000000000000000000:OKDOT:OKMYTH
12R1FXFX9j1LfHMWLJiD1zcC6rPwud4ZTU7EyRYWENrozVD3:12000000000000000000:OKDOT:OKMYTH
13RZMRvAEao4phVqztN588kcFYEFHB7QRbemwAF2w2q27fyv:12000000000000000000:OKDOT:OKMYTH
12JVHyE2zZhdkohQi7HbadU5W4zNWuec2scy7iSHoce7DNzt:12000000000000000000:OKDOT:OKMYTH
121sPkcdUwj2u58VDZYZXWR5pEZYdgM8eRoeg2TnjGnSUHPe:12000000000000000000:OKDOT:OKMYTH
14m2DxvzMCvLgh5hkAFNCEUkAqNDuPe9sb4dgEErWtFiWjLQ:12000000000000000000:OKDOT:OKMYTH
12XPci4CudbLEWphzJBTEMt9Mbq3QpkyzTg5RZCBnPawZ42p:12000000000000000000:OKDOT:OKMYTH
1FFM3w9NLg2s5UmkMpgVw5w48nb2EdhJnwz73bAx9Qf69zN:12000000000000000000:OKDOT:OKMYTH
14jMZNKHPzBXMFx3vFRJv6rVK7n6ifTZUsKGr6b1js1qeEDW:12000000000000000000:OKDOT:OKMYTH
133CdzxpwhzDoQrLiz2bBTrg67is3o7a2BVvZzQkrGG9XQGk:12000000000000000000:OKDOT:OKMYTH
14voxJEUYnAekoeqEtA6ViRty54vB4AqCZZJ2agJqrb5cFtJ:12000000000000000000:OKDOT:OKMYTH
13YikwoBobHYdcqYdPcfs72cvBawGiqbdawBgcH4HwXYdgL1:12000000000000000000:OKDOT:OKMYTH
12NAbwzikzU5TJUqG78Efkcn37fT5UeCovHFEFTUMdFbztfP:12000000000000000000:OKDOT:OKMYTH
16m6u5H5SwERmrbNFjGjNy4M3Gvj2XNsEFg745GaCMyweSim:12000000000000000000:OKDOT:OKMYTH
14fMj2CMZTye16t8Ydt336ZGhgEgjLvji8xSpxfo753vpJcX:12000000000000000000:OKDOT:OKMYTH
12mPXj9uRbJDZqQVxW4PPVwCEa1hLPecDEJfNuf3faWPTajS:12000000000000000000:OKDOT:OKMYTH
16GQiN2x2Sf57jCwWDyMdf5wH2U2sgb3WrsSX1zmKNJkGzux:12000000000000000000:OKDOT:OKMYTH
14dtmNPSxNyzPuLsUGJb9sWpGztuRg5YMTc8eyAaT9Tti6G6:12000000000000000000:OKDOT:OKMYTH
1N3YuaDe3qbGpC5v2Tf2SGaduMrKGtXDyVmCfikLXR5q5GV:12000000000000000000:OKDOT:OKMYTH
14hQqStX8Eb8jdszigF7jGUeY4S8N7VY2rRZSPCsahpBLoha:12000000000000000000:OKDOT:OKMYTH
1xNqmsmTzeoLszUMu1HPGJzBkg8ZXhnkD9kjCbu81sYJg5B:12000000000000000000:OKDOT:OKMYTH
133dwbhhDugEdhMDMPgbTJLm18B7WjVqu2BnAkDiREhiFfLz:12000000000000000000:OKDOT:OKMYTH
12Gji4XRmAHbB8jrMNGuyfZ1NuRdxxYYnLyZgWMzZodZ3RZn:12000000000000000000:OKDOT:OKMYTH
15HNcnGB4VuuvZYkbQsfLdyWjwPC82gMoGWmHd46gWEosRZA:12000000000000000000:OKDOT:OKMYTH
15xPWbtCh552xU7CPPPpMZwMfJZJ7TANEEBeZTMTQEFu3DNT:12000000000000000000:OKDOT:OKMYTH
14ZafzXAnQunLcFy8jmEnzNQfXhh6QdhcoHJnGo2kBJ55XY3:12000000000000000000:OKDOT:OKMYTH
147qo3msV2ucgzzqsmrereEEurDEcNhChQGvW3P4TAY3uPna:12000000000000000000:OKDOT:OKMYTH
16X2uomRQ8oNbyD6EbuUdz9cT229tuaHdVZ4JDw4qup1g6UB:12000000000000000000:OKDOT:OKMYTH
14LB5UW9hbRXiBYhdcRKJ3MbnFTU9Dy1UTPYBAdfU84bpWKS:12000000000000000000:OKDOT:OKMYTH
13MLa2JyyzKwtPFJV33Ehu1Np5WGyg79QWPhynvkwmRwAXnV:12000000000000000000:OKDOT:OKMYTH
12eU6B8guTR4cyjCsFCw9SwQze6bpBgyMqtobwtk86nKTD9B:12000000000000000000:OKDOT:OKMYTH
138T7nGhSGARhVuB8YHWm8sgzmxeGPUcQfedTbgqmgQp3847:12000000000000000000:OKDOT:OKMYTH
13oYVMMBtUQ4pA3bHjZ9AkKMPqsXawtbNARvmSWTk352Q15m:12000000000000000000:OKDOT:OKMYTH
12fzZkSx1FocWaNcVH7nHBycFtvpXB6SYtYEV9t6L1tk2wnr:12000000000000000000:OKDOT:OKMYTH
15eLWCvoK1ZuEggVymViGHdXWnzJ57YvVbtCbfpTbhiRydGc:12000000000000000000:OKDOT:OKMYTH
15ekVLKz4zudXM7GoQXpBqZYa6hkmgHJ2Ftv7QL8fPVqKdpG:12000000000000000000:OKDOT:OKMYTH
141kYEwk5z4817xxDX9YBGjcDY7FjEmeJKVocifTyuEQfpzu:12000000000000000000:OKDOT:OKMYTH
12rZhQwcxTgyrzvc2Q9oTv9xA4dEvX5q49QXEGyxwNwDL84J:12000000000000000000:OKDOT:OKMYTH
12fZ4pf2T53MM2EQ21vKgoSMpDFqwmMsU4pyHomf2xZc8jid:12000000000000000000:OKDOT:OKMYTH
135wcRdrZ7qcVnUW4VtgurSCS5SgCS2GANA7LRsCFq2iYkJ7:12000000000000000000:OKDOT:OKMYTH
13sqw7KhyHrv6bgfGoNfAWSdedpcUwgKPuVyCWEGo7P1t5kx:12000000000000000000:OKDOT:OKMYTH
15PY5ha92gDfweB4uvZ3NKEA2djSgLLh6LiGDEC5y4FhtRQr:12000000000000000000:OKDOT:OKMYTH
13HUVGS6B8a7wxBec624aNrXvBQZkjxWMahFrbeMUtrsESDF:12000000000000000000:OKDOT:OKMYTH
138qsKCmE4Kx2foEAWu9JKQjwP7JiNqapAuWd9rNT7SaY9Az:12000000000000000000:OKDOT:OKMYTH
15XYT3j2cU3uy21amGXA78nJkW6d3uYeFViDwzB5suzzhZ74:12000000000000000000:OKDOT:OKMYTH
12d6A4df5La7zDHG5QtpkrE5wM1ya6CfYqu167hNsqkQtxR9:12000000000000000000:OKDOT:OKMYTH
132rrmoStm4XuyZozh8L36Qr2SxnfvGnkiBgKVGiNcN8HeGp:12000000000000000000:OKDOT:OKMYTH
1TWX1Jb4jDC5Ltb7oFt74PJcCpDSXARuDVkXTRZ5Y84vMqq:12000000000000000000:OKDOT:OKMYTH
16dTMTVzuki5y2YF22zpQcXUz7q396N4PHumNhjicHJp8tDL:12000000000000000000:OKDOT:OKMYTH
144NPib3nhDKhvhteqtRvVFukCM2YrFM2rF5xYGqHxaRj9cN:12000000000000000000:OKDOT:OKMYTH
15PiyNsJ5XbqU6y7afhFHYNFVdLv9kCSNPceW4qMhf15v3LB:12000000000000000000:OKDOT:OKMYTH
13FA9zRuLQBY9UKh55wY9qd5fBPa26yJJexH4WsVQsZWZxRt:12000000000000000000:OKDOT:OKMYTH
15Gzh2zZwEus7H8Zs2fKrDgWBuvHjwuYW5N9Zt8X7SdpX5LD:12000000000000000000:OKDOT:OKMYTH
157x5eYtYSSJ8F9y7wytkuZPsRQ1e9KHFsHWaFug17Q53dVL:12000000000000000000:OKDOT:OKMYTH
124x7eqVQwZF4w5WM6A7LN4amSWSrtqkLeCSDKXURv8GnK8Y:12000000000000000000:OKDOT:OKMYTH
15U1D8xs3v3J7NwU3Si9uvpEfmHmWRbahfJCoVX4YMuW5EVr:12000000000000000000:OKDOT:OKMYTH
162eRCzcwLmSPS8ALFpuu7Q5zJzT18EtZJtkYvzptpjELTuu:12000000000000000000:OKDOT:OKMYTH
12Keo7F4WWPY8teRAk4Y4Pu5dNV7XCUrXKLLQLVayR44RLc2:12000000000000000000:OKDOT:OKMYTH
15CpzoMKN38MXTVPJUmDSXRXCpwBzttsi5a8Nsz5hcKKFZ7c:12000000000000000000:OKDOT:OKMYTH
16Xhc8VkUmDiXdF3KziT2vVKLjbaxfBV5uWRjqRaeX7Gr8nd:12000000000000000000:OKDOT:OKMYTH
16b5hZQ2q9371DVAZHFxDrh2YGaow24EyChPzPGSRAPnCjer:12000000000000000000:OKDOT:OKMYTH
13xG73rCFYmzWdhkA4gE65zzAuQtxVF984g4R7YaF5L2BomV:12000000000000000000:OKDOT:OKMYTH
1XQnP8dteMVbStFwx9yYgjACXCaCfQQA8taBdE5J59pukXx:12000000000000000000:OKDOT:OKMYTH
14L5U4L68dA64PghpgCQ65bhu1Q9MQT91RUUdcaMYisWZWrR:12000000000000000000:OKDOT:OKMYTH
13cqYNrQEBguhWeToi6vyoXTH9FyHqxBt3sJbuF6UacAUToX:12000000000000000000:OKDOT:OKMYTH
158EdbWj9cJhKc8CXSG8936cv3oWEB7QAw5WURTpLa1R6cFU:12000000000000000000:OKDOT:OKMYTH
1hv8FeAUhL3F2zLkWcQmNAY14cyHXrtQ4HCqmc4m9hrUB9C:12000000000000000000:OKDOT:OKMYTH
149BHp2RgjxTPrf8FAYBofHCiFAikjribtdJqRePqw7t2HXq:12000000000000000000:OKDOT:OKMYTH
1dg5mCeYGTXQ7r8GfPbabAUoqbXqGLbastUBE2vZBNgoHkN:12000000000000000000:OKDOT:OKMYTH
1iJh5Cs5sXVoG868R8W7oHEX1cm54PkRBfuuuP3PjmywtWB:12000000000000000000:OKDOT:OKMYTH
167woTaqpw77wG82kLyDNs3cVw1H5TQ1soEZocdk7kKcD7DD:12000000000000000000:OKDOT:OKMYTH
1sefKWsk1USKMpREUdNRM2y2hdtdN9tVKdfLxSFBMQ38xwF:12000000000000000000:OKDOT:OKMYTH
1x2oBFVF28tRsoRhn5sBV1Mnip9Y5bjz79fpQMkfJGswDPS:12000000000000000000:OKDOT:OKMYTH
14owwW3co5Wg8YkNqzfD39rG6aBBEogxRf87xBcd6p1T2N6c:12000000000000000000:OKDOT:OKMYTH
15cZ9hUynn23Qftc48SijW4xxAjuqyF8bZi76xrLWC83W1sS:12000000000000000000:OKDOT:OKMYTH
1mjTAtV7VSfbhTPESR8eSFy3zZyrMkMBCVh1raq7A8k8gtC:12000000000000000000:OKDOT:OKMYTH
15ved3bRHg3GYcykCqtT1WXurkyVYdNijZPNCgi9swzF1fsX:12000000000000000000:OKDOT:OKMYTH
15CzhzQmXpj7ojqqKiTnfysLjXjsFWejrprYXA4Vc7NPC9DS:12000000000000000000:OKDOT:OKMYTH
13HMY9jmzB97rp1bX56rzHSwdzuXimGw91qeTyXLxPqw7wGL:12000000000000000000:OKDOT:OKMYTH
12hvzjKW7mmKvCazEF1j8oLFefP5uN5FWXLi6aZieQ7Vr6wC:12000000000000000000:OKDOT:OKMYTH
14Stv5bBtk3H8fdXfcHQsGqniUfBgLThw3DuT9PEAgnfSAEy:12000000000000000000:OKDOT:OKMYTH
1Tir1HwAYNXNs7zQ63TNG994ygDShpNiHGwsNoDWy9kcjrw:12000000000000000000:OKDOT:OKMYTH
167X5pTScrBcMzBFNMM3JHNPhwxt6GYaYPs9i8CLDfqfWFNh:12000000000000000000:OKDOT:OKMYTH
1RYMZoZ2tzLceW1toKfaCaA5sXtv3XhPp2zRHyqKJV6HVb7:12000000000000000000:OKDOT:OKMYTH
13CjquU5yZA5DkUSk56Cv4PS82uM2JoUBZyTPkZGV3YJr1uB:12000000000000000000:OKDOT:OKMYTH
12bz9QPC1aTqZvzmSUeq9Z2rDVpAYYwbQPVCckGpqJwVcAWY:12000000000000000000:OKDOT:OKMYTH
13x93UrDrDqa7UFRhYBhyyjmNiUpzY8xGaFFqEjXrHkgWwAn:12000000000000000000:OKDOT:OKMYTH
1eacDifXhv8K4GcZmWxnUdpLB69P6EDMsYNysrAZMbn6Knd:12000000000000000000:OKDOT:OKMYTH
15AWtPD33KpF5WngY7gNbVGNXb4jjN7nSZYFW1ceT3Cx2m5c:12000000000000000000:OKDOT:OKMYTH
12CExPT5h5c2GV6QFnLMUtW2RfKbrh3RC8cLDAS5sDWFE281:12000000000000000000:OKDOT:OKMYTH
14uEroLho7HEPRKwgY5EaiHkcKkg4QDdRdEsFbLucUZ6iyjy:12000000000000000000:OKDOT:OKMYTH
16mQRCc2QPWUp7y5Fw2b7ZREJrnJtfVDErm6KSNpChFiMs6N:12000000000000000000:OKDOT:OKMYTH
14tHrWhf2iyc8jQ8jY29GvSMNU1FrSPt3b3HTkfdk3n5n4c6:12000000000000000000:OKDOT:OKMYTH
16DP6BtLvgnze1zBTHSGc3FSMGGQLzgMcWWPqnjaY8zBKZvc:12000000000000000000:OKDOT:OKMYTH
1tGNdP3JdmG5p6zQX7uWnfywhbYj52dB3sMB9FfnnFXZMEo:12000000000000000000:OKDOT:OKMYTH
1M9n5KV2YZ6EHt7jNbitRPpN8nWGpTSM4reinj6UQmpiMpL:12000000000000000000:OKDOT:OKMYTH
158rCHik7GVUxiS4dPaTMQijkEz8j5N4Yzd5K76gCnWERyUs:12000000000000000000:OKDOT:OKMYTH
15rcNDTemXg78V2Rqjcmnn96ej9YMET5HqxVuLnmfvL9KxNZ:12000000000000000000:OKDOT:OKMYTH
13rdVDwSAfC4yXi4e8wwJUZhgZjJVYh8vEkjTvtAhSiqKYZK:12000000000000000000:OKDOT:OKMYTH
1sM2a3wGJWWuaK9ZYNZXyvWVN4pjEeWAEGmSbJHdtddnsRp:12000000000000000000:OKDOT:OKMYTH
12psZGwj4zPhTbxGpCsFBVc4g9hRnGLbcEnnZ1xVa8nz1eDU:12000000000000000000:OKDOT:OKMYTH
13zGtq96Xz3VEgmkubfje75nvyEMd3eaSfMqE7B31TV98vpn:12000000000000000000:OKDOT:OKMYTH
159svDx2vJaNkGUvJ4kjWKuRMsmRc1VHQjZVb5DqsHHTajid:12000000000000000000:OKDOT:OKMYTH
14yVhdEB8qisgPUitpgrQZFAgmH6FJohd9GoWqtAxESVi8jQ:12000000000000000000:OKDOT:OKMYTH
1s3d3BCmYe2jCKUdz8Nkb8K646r47LnDe3zQoAwXYgAdgFR:12000000000000000000:OKDOT:OKMYTH
1asHGLoPMM7hVrs4UDhykUAf1D1ViHRJC2s2YN4PhCi5hyj:12000000000000000000:OKDOT:OKMYTH
12pu3aDTXF8bRbqGU23m4MNt7bs3LAUoaiAzZbjhkLuMQUPh:12000000000000000000:OKDOT:OKMYTH
16B2kUh7PVCzhH3Txb2jn7bE4B9HpRryKyWE7Vw6yW6aPQpY:12000000000000000000:OKDOT:OKMYTH
126tqkoUp1kny39hmJWDzoomLGMd1EvJgyHb342Jk8qCxvqB:12000000000000000000:OKDOT:OKMYTH
14HawRWGBQBFzcGwzkoVNu6rdnqfkhEBC7qBAKL9yusRBLHW:12000000000000000000:OKDOT:OKMYTH
152qDakXaEKTcRtU5R4wLHUfB2kfuxwZswcyG9cdRf4tkaty:12000000000000000000:OKDOT:OKMYTH
14LKdrRb85yCRcbnRJKWhKvL8ZHfhBPeK1GivPNSkh1ehWT9:12000000000000000000:OKDOT:OKMYTH
1DUPQx8Qaga1XukDWGyiyX7mQGXUDdFbfpjJGJ6tWpXDRaw:12000000000000000000:OKDOT:OKMYTH
1dZkjrTWMseK9vWccwEiMenn5QtN9EezEdNe3UFbYCTHZB5:12000000000000000000:OKDOT:OKMYTH
15G5Nt6Mkh3QfSyWZSDdTvP5wDVWpqgSUTiYJmAJvSNjzCM1:12000000000000000000:OKDOT:OKMYTH
1YCXfUSqHwEmuncBn5pdWEE5byeLR6mAZaW2hPfrRv9zWuo:12000000000000000000:OKDOT:OKMYTH
14VHFr3Q5DewfBGJeXFaJmugkRYz6s7toW5WJSujMFYLWinc:12000000000000000000:OKDOT:OKMYTH
13KFM1WV72AWpbsCEXv9wW8WoK1SWsYEt6nMRmNxqtFoKVGH:12000000000000000000:OKDOT:OKMYTH
12vAQoh3xi6Hy7dBaRv5LhvdfrbMuxE76MSNZoPemKscVi8j:12000000000000000000:OKDOT:OKMYTH
13p5zvcfuQtEJFAJy3Wct14eUw7s4pgfS4ZMd7YLT9Z6EMxu:12000000000000000000:OKDOT:OKMYTH
1y7NwXhwqXb79TobTMuYPpzJUSo5g4xDjfrrjHFaLY54NXB:12000000000000000000:OKDOT:OKMYTH
12i4XEXq97iwBFG2mNq2jpgJiJqtRxBkBEkQgwmoStdzPtKQ:12000000000000000000:OKDOT:OKMYTH
15PfN9xfwSiHT8TQUhnRBHmtFDzVR2Zzv5BdeBnfz5ziVVXD:12000000000000000000:OKDOT:OKMYTH
1XzNnLKVSqACTcMReC83voywsUuYaiTVYXioWFsaCms823E:12000000000000000000:OKDOT:OKMYTH
14gYCJTCbkx3qE7ZLdVYSk71PrMFsAMwVjCw8LXRVWzE7d6e:12000000000000000000:OKDOT:OKMYTH
13afiydXevYMDav3dMoY2qHjUJozc27uUf6VC16eJWDDJFpD:12000000000000000000:OKDOT:OKMYTH
15cY9HXZoq8PwKnZhv9Gkw26YmC7jTFz4fgGdK4DqZzbkrFU:12000000000000000000:OKDOT:OKMYTH
134C3SZofGzK2FB29znZnHfT2eiE8nPN72BWXNqLbnkKhDMS:12000000000000000000:OKDOT:OKMYTH
12yTUqL9YNwcMmhGmoX5QhqnCYdBuCPgGZ7GdS2ri9TjyDoR:12000000000000000000:OKDOT:OKMYTH
15RK66MuH6QQjj9rFbAkjinypRitSDqNVm2ZXcCopHgobtAY:12000000000000000000:OKDOT:OKMYTH
14ecGaMjNoTiU1Y7Gpr5MXcweQEMi2rEjya4rCy1v5audrk1:12000000000000000000:OKDOT:OKMYTH
15pQVeFSqsMftBYqe8f14NwdPYLpYqNULSMHU53ijm2FowfH:12000000000000000000:OKDOT:OKMYTH
16DPp17ZcV49fxTSpqnHBNXFJRZs7hHFbVibTJNAFcystfUn:12000000000000000000:OKDOT:OKMYTH
14JnKt6NcDAsQe88iXRtUugSjXKGESvRfUS9uwsWYE62xEj3:12000000000000000000:OKDOT:OKMYTH
14AfGrK8iZEir19VNo6TTKQKFzLw349G5sh1R2KyxooedPAY:12000000000000000000:OKDOT:OKMYTH
16AfTAN83D1RnaRWqbxuYPNAYmdrWqk1pRQq2shVYWRb6JWx:12000000000000000000:OKDOT:OKMYTH
1adAU2jGic2XGdQMNqSqPcrfp6mg3binwqc8Tr6K4icapvv:12000000000000000000:OKDOT:OKMYTH
15S9kgTxRASPPpnQbz1JARzsSf3wJsMc4UpmvF3Ff8VnXQL8:12000000000000000000:OKDOT:OKMYTH
14kMvXf1wgauBdwLasaPQipVV614c1S95LiGmj37J3UckoU8:12000000000000000000:OKDOT:OKMYTH
13NqtZPLL7EkpeLVkAr7FPu5ZYymaKwYXezZVURBPLjq1nHK:12000000000000000000:OKDOT:OKMYTH
131ef2GVmi19ky1WBq9aUjGctw6h1X64QpMY7AbWDg3H4LtB:12000000000000000000:OKDOT:OKMYTH
1QiKMNY86j7AVTKSZuCTAm7yt2KzV6cHWo3iGSznPRhXvbz:12000000000000000000:OKDOT:OKMYTH
14bpdqjengpx8mJ2RiDuiGcddMrd7jxfLw1RJ9YS9UGoTMGM:12000000000000000000:OKDOT:OKMYTH
15tUTcDoW6WXdiCdyYDz6YTk52sDmSHCJ1rGx5UDQeuuQLst:12000000000000000000:OKDOT:OKMYTH
12pX2BgF3YE5cNXeWsB3M5CQnthJjd9dvtUGkFqpmxR49ZfB:12000000000000000000:OKDOT:OKMYTH
16GqR4ebgRQ4udqKymTnsNzTn6mvZgviQRCK6imHa2QYj6Pg:12000000000000000000:OKDOT:OKMYTH
14u8rtzm3XCkuBbUJo7ReRy47NRBYk4jV16zLFvgHuHjGkEB:12000000000000000000:OKDOT:OKMYTH
16cVAjAeq58THgkK1KCo1mkrVPqCbGvdmFmCZJ1SwcyU2uHe:12000000000000000000:OKDOT:OKMYTH
12Sb3NMf98Hvu51euKSB39z4cKTRowNQ7NsUZaiL2RxTsnGD:12000000000000000000:OKDOT:OKMYTH
15PP1q9YKBAy2t6mBBpLbSxYmFLEn6mM1RVdaJSjYjp4wZvF:12000000000000000000:OKDOT:OKMYTH
123ZMfnKFfiJvzpakuwJi88fXZSriDPL2eoXYbxRBdRQc2xA:12000000000000000000:OKDOT:OKMYTH
13ffhCMUznx1QcxUsoyCQWhQBebj7VQdgJbMs18UQUitN8SH:12000000000000000000:OKDOT:OKMYTH
14hPZENrFSVSQpWcacuzeM8anyMoBVEQBqr21MeWyMsiTjC7:12000000000000000000:OKDOT:OKMYTH
15YskNKhZCqkxHHWy143s5tCdU1pQpC9iMbnnjBQ5aNj78JH:12000000000000000000:OKDOT:OKMYTH
13vB65AAp7GCGhvv54AucGvnA5gandTE33TofKKgWzks5UiL:12000000000000000000:OKDOT:OKMYTH
16WAHjHGo8AAsQMAs1NFS3AkzqjwVXgrGq1CQz8RavXcrF7g:12000000000000000000:OKDOT:OKMYTH
13a2TcrQ49MpjVyfehFeHvUDJ6V86iWGxiFfB7YXLi5HSsx2:12000000000000000000:OKDOT:OKMYTH
15MEYeEtSyib2wnevn1XKvhdvyGsMrrigb6BXvWFZeZeagnZ:12000000000000000000:OKDOT:OKMYTH
14jL4Uou1W88LQcedXKD4q61fLw9XkYpV5d4p7ttx4CEuEPL:12000000000000000000:OKDOT:OKMYTH
16cbhj7remT2k9cz1586wgKYFt8TFdgNRNZMeFb1HTbxentp:12000000000000000000:OKDOT:OKMYTH
12Hs8Fa7HzbWD4DRoYR3LktAfKTF5QugwnAGRzVGPh1m87b4:12000000000000000000:OKDOT:OKMYTH
169WyYRtHtTDhYtectMq4nfwEUvoTxXJAjcXhFQ1CHyD5txj:12000000000000000000:OKDOT:OKMYTH
16Ck273rrWACqRsDUuRrTLpDbs9adh6pquovQyHePzWaUAQd:12000000000000000000:OKDOT:OKMYTH
13QUP4iHSJVShmgcSNksMe14xZ3BE68qeCs2XBvw8KCL8RwE:12000000000000000000:OKDOT:OKMYTH
1J88DfHnH6t9RLujp33VKAeF2R7GefVPYKPRiao3Q4jdhNx:12000000000000000000:OKDOT:OKMYTH
124VoHcmPVwHj5XnybqxYUjqWtjW5WxffN8CB52yHapKqSfK:12000000000000000000:OKDOT:OKMYTH
155vEvmtHhoPiB2JrkAS4A5aWnLZkpb7on7nV1UZdX6KVZMe:12000000000000000000:OKDOT:OKMYTH
12vj8THfg5dKo5KQ6dbU1CGeHpNhD2GEAGMRmwrW9BpGANUJ:12000000000000000000:OKDOT:OKMYTH
1PcZtmDkcYAfWeS75pFqLzSjv32NDjGEQoQsHMpBmZjuj33:12000000000000000000:OKDOT:OKMYTH
1NJFXedKKWhsSBuaVASUW4nL3iw89hH15gx7cwUpjZ1dT8T:12000000000000000000:OKDOT:OKMYTH
1mU1BENPpHjgQ2KdopKB9vZZe7RHgqfPqheCiGty5WcSeyo:12000000000000000000:OKDOT:OKMYTH
12ayvB1FGpUHumQcNkfB95RdRGAfMAMaSpys4egFT6j7F5bn:12000000000000000000:OKDOT:OKMYTH
12JCW69AYrFTy211szugo1jM22WvLNKxWwspX2CEuBbUki6T:12000000000000000000:OKDOT:OKMYTH
14UXcsWRSa3VzjpajybCGpeXK4f22L1gJs9SGBX9xGa6HxJB:12000000000000000000:OKDOT:OKMYTH
14uJJAT8cxtp4BdEpb9bw9GUmKjGrXWXLgLsSuoKjad2ioMy:12000000000000000000:OKDOT:OKMYTH
15GiedxH2vEPRjXgbjwtRibBuuKhjbtrfLpx2gNQWCBdMyjw:12000000000000000000:OKDOT:OKMYTH
14sj3Hh2rf1XCdJ7PzTZhUfmau69LErRapazzoAzTaHxK3r1:12000000000000000000:OKDOT:OKMYTH
14TxykPW8w6uqj7UXqPd2VJbnHFMefxmaHPjtCaNdFYQvvDv:12000000000000000000:OKDOT:OKMYTH
1AgJzYP64EnubXPXKg6Dw8TZpoJS8WkAR4WGd1By4N1Gdkw:12000000000000000000:OKDOT:OKMYTH
157n98f6wekTxgFt5SABH3TuxYz46ebZBJFqo2ZWD8i95BrV:12000000000000000000:OKDOT:OKMYTH
12efdYewLeRrMkNfy2n7gnx1Qjuma2A2TtfVA6mRHLeWELUc:12000000000000000000:OKDOT:OKMYTH
16dAyUoALTvcDmES7F2myynP3Tu9dVPuLQYP47v32yyUquPa:12000000000000000000:OKDOT:OKMYTH
158bh6t3nkuaD1rG5MYETopgBrPW2mF4FHMTJJkWCMeGmg1v:12000000000000000000:OKDOT:OKMYTH
1vs8XatytG5Sn16i3JN5zyScLMVdNvARpn5keKJPqPTfJNZ:12000000000000000000:OKDOT:OKMYTH
1271df9HvQtbperHe6U9QkCSokmpnaB2Rxo275NUJuaGggAK:12000000000000000000:OKDOT:OKMYTH
14h7PVGp5HqoXKE9VCVxFbAHj4ePYCbQLeroNT8V3iNUJurL:12000000000000000000:OKDOT:OKMYTH
16DueRP9L77NrZ7x8WNwCBWNUz6v1iSdjRU23hKAzoCwWpvA:12000000000000000000:OKDOT:OKMYTH
167JEZiccPFAkaJfHPdi9pqtGUbz5QYUwEamhhDEtxgWB7vn:12000000000000000000:OKDOT:OKMYTH
15w89gVAaXdZm3BaeVfihvjBDtYpQdwiyiu45YBKf1e31LmU:12000000000000000000:OKDOT:OKMYTH
13n1bRQGahtUMNVLuJ1msKgmbMPB5xx2xJqgpAkKf1V7orJG:12000000000000000000:OKDOT:OKMYTH
12ceCDZvF1mhBCchfaa5CUYpeGxGg7BuuhdLMEJaDo1cZV5z:12000000000000000000:OKDOT:OKMYTH
134GpVKgXZa6uzVLr36LZ8iw2S9iWcPVNYniaWy5WX2iDAKQ:12000000000000000000:OKDOT:OKMYTH
15G3BsgmW3qBXEzc7fvunCnaEEB1vEEhALwwFk2PgcSHGKsM:12000000000000000000:OKDOT:OKMYTH
12PPVteUpfABJ5d1Zt7ggEE82Sta8atMn9nHEteEehHhE8uL:12000000000000000000:OKDOT:OKMYTH
16FYw3sXiK5unC4vAfVtYoaSAkx61DhweXTBEXo6R3W1uFS8:12000000000000000000:OKDOT:OKMYTH
16CXBoM4yAxk27rW7AhoYNP162nmv2hNWqmrj97eyMUE6g3G:12000000000000000000:OKDOT:OKMYTH
14bPyyPhXvpjTurd4VNALkv6kx1hiLBhXdxiQawGF4PL2TMM:12000000000000000000:OKDOT:OKMYTH
13jPGWkBBAPUQDS28ASzDvniqha5dm1t5mfUtq2SqAdDBN97:12000000000000000000:OKDOT:OKMYTH
1Dj7Ln3iGbtUFaN1f3xgmydUyf8gsiN4GRTHUHknHKQS2NX:12000000000000000000:OKDOT:OKMYTH
16RxyokSFhMjQ3oPbCTdNNCRzjjEhRvkK1PKwbr8t8MmSvXR:12000000000000000000:OKDOT:OKMYTH
16Sdpd11LXtK53uANvJm9EqiEqVS73jB4MMQ2qFGTStzKHnq:12000000000000000000:OKDOT:OKMYTH
121JCtm9DSeh8WaZ67kyRd6a3HXx7eio7XFt4bCHH9xNshZT:12000000000000000000:OKDOT:OKMYTH
1Ux57bBsnKwJ8ZtELUf6zcUqapgq5iPFXWrj1CSDK3LmvzU:12000000000000000000:OKDOT:OKMYTH
13prZB5TmKikDiReXHkngBHP4QdTHKsQCoFAkk28YGN9hpvv:12000000000000000000:OKDOT:OKMYTH
12XUyN9soPuogQk4GZGAqnPQVh9i3GPCds6zLeuwhcGwvb4n:12000000000000000000:OKDOT:OKMYTH
1XHy3Tso3a7sZQU4FVKXQnNLELpqiKq1HGZGxekYiMc9V9H:12000000000000000000:OKDOT:OKMYTH
12DnLHjT72yJiE6ToJtgcvLBSfR3Fu6KW9WjNfduLxx9EtPy:12000000000000000000:OKDOT:OKMYTH
13pDXrYx14ny2Dnh1GXNs7JhaQWViZjygiRhavquQhVtSRm4:12000000000000000000:OKDOT:OKMYTH
16aruJAcMo2pedMLFYKEUD5dyU5MQJ6AVT1BSFpB9xVtjUD7:12000000000000000000:OKDOT:OKMYTH
1LSHJgMYe4bErVUw6H6sUumo6oPaP81CVhBgUb2e4SZD3nB:12000000000000000000:OKDOT:OKMYTH
15wbnh21riiCJGeXXWdr2KFivhTrMht7a9HrNjzN1sZ84c6U:12000000000000000000:OKDOT:OKMYTH
14Qd5vGHzEUDUAHPXsyLPEkMtpYm81VDwa3qnr8bzvG5Yrh4:12000000000000000000:OKDOT:OKMYTH
125m7XNAhe9GygFJ5Kz5eyHyxLKJ8t1QgVKt3VtvCSdeMU1c:12000000000000000000:OKDOT:OKMYTH
147PqmT1WMNfL689Lk63tMkkXpuferiNnmavr3s9AaKirfnF:12000000000000000000:OKDOT:OKMYTH
14m2M6J9ZobkGQqMDytgzPA9RhBEiL1NjffJE5HMKvt1EqsW:12000000000000000000:OKDOT:OKMYTH
12q18ZKJnNE3VaEwc159SeNj3Lv1sFsxnLKc53VKMSXvZ8Rn:12000000000000000000:OKDOT:OKMYTH
16ZrHamq6EF2J9hnUZL4kPRTotJY9wWpVohzg4QnAiCrHoHu:12000000000000000000:OKDOT:OKMYTH
14tEcy1gJ74gNtQYWVvM75APAmtVtyA1xXt6Gir5wxUCDbv8:12000000000000000000:OKDOT:OKMYTH
1nv71sW7ZFM4Poqp1AhT7JEaH9XyXjhWufUr7Dvv9ZV9Xys:12000000000000000000:OKDOT:OKMYTH
14oHZbY8Xf2nwzJhK1seRnBiAQyba7sVUVSsTJpys74S89xe:12000000000000000000:OKDOT:OKMYTH
15fvQhHPKGEWproVpu4psFuympoke1X7BYnTSS3PQJLwFPBG:12000000000000000000:OKDOT:OKMYTH
13yeXwi6acxPn8NqHGMGGsu7ew9tiyKzcERi2mcoQwbnA88e:12000000000000000000:OKDOT:OKMYTH
134zU5Uc1qmcfgPAbYZzzYE9d1iMbfxMBva7Fvby4EzsDzpE:12000000000000000000:OKDOT:OKMYTH
14uJ2ZNksnddWDGZhiqWbjERRVfj6iFH2RALMgzH8Wni4G3v:12000000000000000000:OKDOT:OKMYTH
13rNaPsy9UE46U9RG3dZtu4VwdyRRaVicRyycvFhrbfnjW6:12000000000000000000:OKDOT:OKMYTH
14WR7BukVzovtPqiTQDn5Xe7EdPaSLDmKUFVXNfNNjV7Zzh4:12000000000000000000:OKDOT:OKMYTH
12N2mfMcke6bVBnByLmYBK25jX56nGMAP8NdD1XFD2a8cGVs:12000000000000000000:OKDOT:OKMYTH
13xY3s2hfFdVDfoSsxjCZGAXCeUXau2X5zMQJ2T2CsfYzX7T:12000000000000000000:OKDOT:OKMYTH
15aFNAe1SeXF8gfHsCF6aD2Gpu6H2RjPXrmnM7dFLF5yohhk:12000000000000000000:OKDOT:OKMYTH
13K3j8v9k5xcF7oFEMfqC4wfkfbt8a6RSYVDntWFLFsibmmQ:12000000000000000000:OKDOT:OKMYTH
158hzG7vYe8129cDwQUNHzsVL1kg9MkRTUfaauFUCV6VCq8a:12000000000000000000:OKDOT:OKMYTH
15ztfUXHWgkYqMcLBiWQAWUdgNmNjgmbwtW3KhQzHwrB2sZt:12000000000000000000:OKDOT:OKMYTH
15QKXqJ7pkwo89KcfwxSCAV51yVtRXaQ3JbuBtDDghg9mGzf:12000000000000000000:OKDOT:OKMYTH
15bRqmd5rnLdUvnyeMggLzcR3XxF5kgt82nP4HN5p5LH7bre:12000000000000000000:OKDOT:OKMYTH
14pfZc5GPLuPiNn1orqG8du9A9Gkykj67QCs8TFK3kyhxidT:12000000000000000000:OKDOT:OKMYTH
15fFaafPDBhTJucJAuW7xz3HXQ6vuYYtrbJVtpGyuKtWcVLX:12000000000000000000:OKDOT:OKMYTH
13VKKsugdh2MyZxTqRNdLSoj7MnzGUmRXQG1tok1AD8y21Q6:12000000000000000000:OKDOT:OKMYTH
14ajmyCTXekvnsJRstJxpm9PZB18JiArHf5wcJX1M4qgxdRj:12000000000000000000:OKDOT:OKMYTH
135BjNQ2j9rDSUeHWUk6DmhFY1wKXVdz3cofb4fpVR16mdZj:12000000000000000000:OKDOT:OKMYTH
14KJzGVcAFunHvxXRtiinbRNxZN63LCpBWUR32t7QyyA17kP:12000000000000000000:OKDOT:OKMYTH
14tvMQ5Tv6E9aZ4nRFxmGndTJ19JG9Ld6qk29qzuSuKGbiVT:12000000000000000000:OKDOT:OKMYTH
13ddpaKr1puY3udDqiA3WEMB8h7NjMtjLLhbn5TyZKnvRNKt:12000000000000000000:OKDOT:OKMYTH
15zVBhVCxfoP6zZLm3FU8uo72spKenAbJ18H9A7CgpZocUZh:12000000000000000000:OKDOT:OKMYTH
15oeRcafTKUEERAZsi41PEKuAj4sUFUcD2v9St73ZuH3CXbV:12000000000000000000:OKDOT:OKMYTH
13BwthzPQjFWVRb3Lo4JbHsxcat8LHj2p9MUNfkNhh74vGr6:12000000000000000000:OKDOT:OKMYTH
14TRyNgXYQ6dgdmJpbXQ1VMBgvt2UfSkr1zdE9ARTuHRf6qy:12000000000000000000:OKDOT:OKMYTH
13QrK7iEzQLzeTHmBZxP4TpByiLp5n7Tznf1nHSPuatR7C9y:12000000000000000000:OKDOT:OKMYTH
142egsBKxjHKmLysomsGZE29iiyFKAwio6mjc4bQCe5ujkAQ:12000000000000000000:OKDOT:OKMYTH
15ndNVfasbCGdLtt4mQKQhXCfhjGzwyGsVEgZKr3QejHaR7w:12000000000000000000:OKDOT:OKMYTH
14maKboTa8U2tafB5Q9hKAA9SonDXTuqU2q4gN45nAWj6w5V:12000000000000000000:OKDOT:OKMYTH
14aLMrpmwv9f8e3HUV7ztRH8N4Pr8cgs77eZkqM7bCPBv4RP:12000000000000000000:OKDOT:OKMYTH
13JrxBEQx1KMqXK8qcXBNyRFYEwGGNNiJw8ek79qmXtk19Wb:12000000000000000000:OKDOT:OKMYTH
1XzExYBH3w27z2CPZVJLrK9Q2FKJv5KTEzMRSeVYhMCoWde:12000000000000000000:OKDOT:OKMYTH
15foMHosrqpjCaCvYujcXaLTjjNn3jKw8PwepaDi2PZDuMF3:12000000000000000000:OKDOT:OKMYTH
15AdrBVwahbE5GXtnWrtsSSYuPU26KUYfxwS1Mg7wr1VGZNc:12000000000000000000:OKDOT:OKMYTH
12fZzfahk76dW6spnQYEJw8jxSx54a9HrAD6JUSU4kqtNekU:12000000000000000000:OKDOT:OKMYTH
14SqLfUEHpsA4NXANC8kEdBHL2Hs5yGYN3DP95UPRxBsupCs:12000000000000000000:OKDOT:OKMYTH
16V7y694V3dYofB4v9pgD515u4R5g93N3FUv8hS3GwXDrjUK:12000000000000000000:OKDOT:OKMYTH
1j28eYsTMdhRuqE7VBAYsZ9Z71k1oJK11mLLEHFAeaUhuoj:12000000000000000000:OKDOT:OKMYTH
1dA9v6Tg15vZLA6p3sWQBvfYeV3yUP2qBgUKRYurNvC8E5W:12000000000000000000:OKDOT:OKMYTH
1GzgEuZDhKUj4G3y7gW37msTpg5kN87vLdCkoPmUZh1SfXw:12000000000000000000:OKDOT:OKMYTH
14Gs9cU5PAQ3AseDrDfrgN5p6hJdGsZ9AVcDyQjF4smcwhfT:12000000000000000000:OKDOT:OKMYTH
1gDvvQuKZMuZj88vSQunvqETzudrrwsAsa4k4SdqZLWFWJU:12000000000000000000:OKDOT:OKMYTH
126Uf7xekYVmsrMVJzR7oZT7oFmTkDf6rf3ej6LRZZzj7g4Y:12000000000000000000:OKDOT:OKMYTH
13NCLd3foNpsv1huPDzvvfyKh37NEEkGFotZnP52CTR98YFJ:236000000000000000000:OKDOT:OKMYTH
