12y4APWdBbXKJvfAxxVQVXGbXZB1PP51jkhUVA4S8p6NvFrq:12000000000000000000:OKDOT:OKMYTH
13rp6dEEw5mr5pWxrNiE6A9ZFrUadN7iHpqMkoA9PzQGTG4P:12000000000000000000:OKDOT:OKMYTH
157piF4pYJNAuuUdTzif15wBLpEpf4dP6AbJSuiThBERJGjE:12000000000000000000:OKDOT:OKMYTH
14UZXUyUoZDrFjcE7jY7AeMUhwYYupJ43aU2RhAAMVJpAq3n:12000000000000000000:OKDOT:OKMYTH
15i8odCReLAbdvXTxEmTF42zATL2nfbgvSrdCzjNzHszHrgn:12000000000000000000:OKDOT:OKMYTH
16eV7QL4RAcNwy8yixXv1aN3j4ZUFqLccE9SRbeGKPdP1QHT:12000000000000000000:OKDOT:OKMYTH
1VRZSfYxPrKg5NqMEMrRhmytDvjn4NRaKYRpiKJSTZH5f9i:12000000000000000000:OKDOT:OKMYTH
14XYXn5xs5iXQ1b2RJT47eqQLgGSsVKdGA3M354p7pdSCT7T:12000000000000000000:OKDOT:OKMYTH
13FA2dz5XbmVbtiqaT4M44As9r5hNQVuZGKg2UDp7oDQ7L8k:12000000000000000000:OKDOT:OKMYTH
15iK7xfdmQuwAptyCyPmPdAjLGQWJbzDVrNBrX1iywiDZvPZ:12000000000000000000:OKDOT:OKMYTH
1354sx1kD68cSHGqYRb43Xo3RpasABimBarCh9pxJM18rTz2:12000000000000000000:OKDOT:OKMYTH
15wTv6cffLz2tUomvvotyRVyWUv96ArAMrjQ4TLWqiYyKz2N:12000000000000000000:OKDOT:OKMYTH
182xAT3Gyx2HZiX9ex5wGs67snGnYQfmrkhbuBrhvQa9Yrr:12000000000000000000:OKDOT:OKMYTH
12qz8aUjvm1AjCK53LoddysgPnUZUaPFkYtrMqZ9HdZUtvQj:12000000000000000000:OKDOT:OKMYTH
15ak4z98Kxs9psXFvQSxiWQZhtKdNasepS4H5KS23TxZMkZC:12000000000000000000:OKDOT:OKMYTH
1233NEHBvM2S5VCq2B3Gq2kWTTYKeUv7uro3VCCHCpc8d3Jp:12000000000000000000:OKDOT:OKMYTH
1qH86Ru55PmbCmc8aCrtcGcChN9tnvhpkJcTPGvuCAgcBWw:12000000000000000000:OKDOT:OKMYTH
142VRrowNJxGwMDFNTahVTdg2EALxmR6b2uD9VmR4pmrZC7U:12000000000000000000:OKDOT:OKMYTH
16a8XtsAf9o8vj4u96F2ExDRB4C5HWgPvZsMQV5sjFYwK3Ur:12000000000000000000:OKDOT:OKMYTH
141mFJjGqz1LkWciNexPGwKNcEo4iBcVPwcbHXUtb44Ymayg:12000000000000000000:OKDOT:OKMYTH
13N1ejjPeRGd3sf87mTNPDXVBFALx4DBRAbSxbidfZ22yUj8:12000000000000000000:OKDOT:OKMYTH
14tce4gUYHyqAo5zbvs5XgBbDuhsMaSHXswzZgHkvSWXtw9u:12000000000000000000:OKDOT:OKMYTH
135sMCTAZfpijzsmKfsUQKSfnyYRdQHPrFVXoMNJRXifn9JG:12000000000000000000:OKDOT:OKMYTH
12cVSqMVr1pFeQPXehPfXQDzZrSpKETpt3QMSAMKTnkWJ8BJ:12000000000000000000:OKDOT:OKMYTH
13vQjWLPLDpREaqdXGQPkEB6e1zUM9qHvhXRUdV9vSU9k8cG:12000000000000000000:OKDOT:OKMYTH
1Yk1594vBVrwz1vnoV4NnycEz1aU33Vcg1D7HHdFYDn6Xuv:12000000000000000000:OKDOT:OKMYTH
14MM3yx7XeHrsyCzPYw3DZ4tUyFicWaAgiu6NeMoeX2qkTex:12000000000000000000:OKDOT:OKMYTH
1n32ra2JkS7i1vnrKnDphRyfXoFbcrvMDPMX4Lpi8juiVMK:12000000000000000000:OKDOT:OKMYTH
151qgVQQcTDDNjDhLyTgP1CunVJKWCeXiTF6Q7LH4CXxSNc8:12000000000000000000:OKDOT:OKMYTH
14dSV7V2HhKgsaXMyvmQRp77wbkRpHHioL3Qaga9CiybsMKj:12000000000000000000:OKDOT:OKMYTH
13J3JbFvu1CMDXcZy2MbvWhYuJoVT2Je4QYgtcsUt9jrXJbH:12000000000000000000:OKDOT:OKMYTH
123bqa5UkpAVKyS1YJWn7eZoHRGYWm3ZwhZpa1UkYdSJRWG6:12000000000000000000:OKDOT:OKMYTH
12a1yMxRTDHT37YLd2yrsGCWJKZcwYBq5mpRuJXTE7YTgSr6:12000000000000000000:OKDOT:OKMYTH
15Fg1rgjw353QBaSvezPLJ5Mz31F6VJfmPxvHGuTP7A3y4yU:12000000000000000000:OKDOT:OKMYTH
15U283WsdDKjqxq8TrdEdAAquQekwnocswCfYTANSs58U2zg:12000000000000000000:OKDOT:OKMYTH
167FaWSpM97NTtDU1EKnJpK8Qk5ptSb4anGt5WXLXJvk4u4t:12000000000000000000:OKDOT:OKMYTH
16XzjSKf5RTS1qWiCm25iPhZeviu68T8vxXSzQMj2R6bQt5R:12000000000000000000:OKDOT:OKMYTH
156w133Wk2F62C9vKkUQWf1BnwMt57DjPeK7PGPrgF7uaa64:12000000000000000000:OKDOT:OKMYTH
1s898a27T4GGdggYqWiDUA7qiCEi2iDnZsXbXDdib9yUtfY:12000000000000000000:OKDOT:OKMYTH
13Y6Vn2v8dKkeKWTnieg1is11gRDKru3DFHAZUQw9UtDLDK4:12000000000000000000:OKDOT:OKMYTH
16eU8w8igV2d3siTRUe3stQpkTubou4iy46xsrk8dW73LLnk:12000000000000000000:OKDOT:OKMYTH
1fhnfvjEKxZdTBKa7Yo8ocYSP2kE6JPH2F3NVjqYHM1ERAr:12000000000000000000:OKDOT:OKMYTH
1587HP4H4Y7Pfm5hCvkVusJaNFEJsYxq6wGu5LPqmVcxMp9d:12000000000000000000:OKDOT:OKMYTH
12Zb351ToeNSRgDTQpgbdDYniQtcqsrgSNd4Xcc6nPcgyPxB:12000000000000000000:OKDOT:OKMYTH
14LRuRgvNPaBsaojX9oHifPNhDK22Ctadu1m43Xuw3gZ4SA:12000000000000000000:OKDOT:OKMYTH
149wBexkLfLhyxoMVMLENAhCYs4JgZfTHA7Ghx1g6FLicZiV:12000000000000000000:OKDOT:OKMYTH
13MLTLBQ5y65DnEYm2xFRVpqKpeZmCJa79J5cpXRCX4eZ8CP:12000000000000000000:OKDOT:OKMYTH
12PiBwXN8UDj3CVszZR1zYtPe1zEmbefUru5u5irYNXxDD1e:12000000000000000000:OKDOT:OKMYTH
1y7RDyF8VK5wLMkju9NzH4EuYpSFjPQkbNZ7pfGjGyPxKpW:12000000000000000000:OKDOT:OKMYTH
12DKd4Vsi5XcJRbthaF13iQ1hB9xbtteEdtAhWfQ5mRuMdGE:12000000000000000000:OKDOT:OKMYTH
14kQBZVtwL1zugHvmmC23rY8RFyh6ibKtuqFqEGqbmhUCEdQ:12000000000000000000:OKDOT:OKMYTH
1WnYp14GQUbj1FxQZEt6hyRmwytZGa4bTNaxwQcE7TUmBAU:12000000000000000000:OKDOT:OKMYTH
16KBBmB24abU9XfCQXRaVSdGT6dRhW1v4oCDhbasSdsu7M6M:12000000000000000000:OKDOT:OKMYTH
16gk3YfHtPEFmE7Cfcpu8jq6MD9eGEXqJabFW8iBDRnMB16V:12000000000000000000:OKDOT:OKMYTH
13S7FCUPmpZsJhxu46hnSYcw5oDuxwU5h5CwmWeMnzbDWDUh:12000000000000000000:OKDOT:OKMYTH
1khZ9nYek6ixa93xc7Y3aeWYKHEKiGZYfngC3Uv5pecNwyG:12000000000000000000:OKDOT:OKMYTH
12PhofDM3tRYHKwuiRnwvkFJrSgHs4u7LaC57hZauH9iAzSB:12000000000000000000:OKDOT:OKMYTH
1xXVvjRnF6LeUPBbg3tDzd1fP6GZK8h8Rzfmsy1j9rPTuJK:12000000000000000000:OKDOT:OKMYTH
15GDXUD82UJ4mVDH8zsEAfiVRmhPhb8rGN5tfNcX5fGY8314:12000000000000000000:OKDOT:OKMYTH
14dEWqHBAwY7TmTkcyyh2HVj1Tznb7mBV4rk3EwLy4g4yNvz:12000000000000000000:OKDOT:OKMYTH
13JP696Xh9LAaFzzUaN7qp3Mfbx1TZALppSkBjU3VWgDg9JA:12000000000000000000:OKDOT:OKMYTH
156YxhujQVDdvrA2dqNZfsjXLEHjJXVtoYiMufrFKPJdJq6o:12000000000000000000:OKDOT:OKMYTH
133JLaFwJTxorfr1PdxgAFfxrTomBUcWxZqekCa3A7fgLcR1:12000000000000000000:OKDOT:OKMYTH
11pmEwnsCdUqyYmoXSaSZd9pLKwW2KSmUtKqz7qkq1NPB89:12000000000000000000:OKDOT:OKMYTH
165tbuhZbe3XYTjEa3svoxoykPfCdmMJsDRzqwybLjphbNPX:12000000000000000000:OKDOT:OKMYTH
15SCG9v6zzfTSrzMd4x2GZr4K76pLdadCt9TZdqmUTkXuqJL:12000000000000000000:OKDOT:OKMYTH
13sF9oLmeaPHPPULxupitqBvACR6TJ7MJC1qTtCApurX6uLW:12000000000000000000:OKDOT:OKMYTH
16KYbo5kcYBS9hvPwW4b6xGUfich2MKXyvr3d3XfSg3vA3Z1:12000000000000000000:OKDOT:OKMYTH
16BoEEd3MRWoFoFsjv9pHfGpKUgc9LdW68cmTMzt4ZsnJ5P:12000000000000000000:OKDOT:OKMYTH
15fSvZG47L6wwTsvz8ybigznn7JgAfppYKsvughewxWsm6nN:12000000000000000000:OKDOT:OKMYTH
16FGnCGtSjZcErnTcNW1YktUgZZdsi4CZwoTt9Hwtmcm4b37:12000000000000000000:OKDOT:OKMYTH
12uSbCD9894ZeZMBfVF2nBpheS9ghif2AWrYoKqBgvYKZ5WP:12000000000000000000:OKDOT:OKMYTH
14EvJW6agu5pFFKbQZToF8sCMo7KLhLXXHqKJZdrdtu97f1v:12000000000000000000:OKDOT:OKMYTH
16eA7qHvb5ca2nbKBMB2KU7BEQYagLxcVWGAiaEZUQCGzHGE:12000000000000000000:OKDOT:OKMYTH
12tpZCr8eLAnScqBN9MVuNW2LGZKGHRZ31rDp9BCedzSs2eo:12000000000000000000:OKDOT:OKMYTH
15YFfNTCAAdJ8a9c5VUxqSGUnqz8e5mVxqAJufbRHZPU92dv:12000000000000000000:OKDOT:OKMYTH
18aEVF7aRk1qJLC2MB2vzosMJj12GdW4fT1uSK6YkP5Rapk:12000000000000000000:OKDOT:OKMYTH
1626w22hogPMKy7SicjjyuK1nzjA6h6g7M5YfmzEzeSZ5865:12000000000000000000:OKDOT:OKMYTH
14yYtqM8rPecMCYwGUDg2zvkN7uxdpXR9nRnqGAtBPg4PQDe:12000000000000000000:OKDOT:OKMYTH
12pPbURPgysfzfBDgXUuAsmPzUM6LaeMZ4eqSfwbSWsWKgvJ:12000000000000000000:OKDOT:OKMYTH
12tcbWhmz6HxNoicHAEqaWn2vGFYSUwwmqFQyzDYJzXk6HjK:12000000000000000000:OKDOT:OKMYTH
12TniKwQWhWjn5VP5WUyJ2nUT7edRqv8wqtosr6X1noEx3D6:12000000000000000000:OKDOT:OKMYTH
14c7hntSMf82VsP1CrLUR8roZgMW7HwCaS97i9NwcW2ek1oK:12000000000000000000:OKDOT:OKMYTH
137mY2iiyeGhVDZNqXEFuEQHkfyozvC1f23S52GETR8Cz13Y:12000000000000000000:OKDOT:OKMYTH
1JToGrESCAcZ1GVii8bkvKDZA2CyYrKJEFFCdENa4sEu5vh:12000000000000000000:OKDOT:OKMYTH
14NJbgF2adiAtTggnThrAcijV533kyE5CCmjjYD8bxSAHKgd:12000000000000000000:OKDOT:OKMYTH
135xDkD7CvLuK6PmnvcnPahBKschZiRZTCcfKeaHUrDuJ6gB:12000000000000000000:OKDOT:OKMYTH
15tzedxMGnni4Lya4maQmRNTUtoc8iYHaJFZKRMV46oBkGTd:12000000000000000000:OKDOT:OKMYTH
121nUngiBejXjTeKvJzh3U62cVMehTQXgg22LASEaK8qnbE1:12000000000000000000:OKDOT:OKMYTH
13UYiZmpwQ2Nsp76Ap4ZTtmaHcb9rDTpv1sYNEUwACVHBgn7:12000000000000000000:OKDOT:OKMYTH
16Fs5LXjvXL3WLCxcmFrdpB5zpftCbqZraaV9jf4Ewoc2Yi5:12000000000000000000:OKDOT:OKMYTH
15Nd1WPQbqZrVnoRfgBBhCXk3LjZTVApKmR3KDFSH693KziW:12000000000000000000:OKDOT:OKMYTH
12s8sSgLcLNkNi2ozcWNJ27ULcK4KCorht7AKdyhAfAjRxD9:12000000000000000000:OKDOT:OKMYTH
16JJ7LKn8kAwNTyYAvw4YVYYFPrYhruECA9tCaWiwCDtWtmh:12000000000000000000:OKDOT:OKMYTH
13T6PBaQ4S2xGvxYU2dqCFQ5stDpYgyzxc6ZDHAAGvyNzS52:12000000000000000000:OKDOT:OKMYTH
142Sm9SrsUGHVBrw61rf1jTReUxSrqEwLskd1fjeYRZEfnwr:12000000000000000000:OKDOT:OKMYTH
134MgBMuKD9iBKHavEESm3U8dmM2xBdvw8zFxrmU5jWwNfxq:12000000000000000000:OKDOT:OKMYTH
137ekBLsyZb6oP17Z9NjE4HZM9JE25jGQDvk4xpMmLyzTTco:12000000000000000000:OKDOT:OKMYTH
16gC6256bBFwwtpRpMBBsmet1Pe7gZLhudznXvqCjhBzwfpo:12000000000000000000:OKDOT:OKMYTH
12F8trV29CJsJejvjasjX6zcNWy6jxAsUDjAfu45WcNXTeFE:12000000000000000000:OKDOT:OKMYTH
13ostPc4v3HT5mXg2HxqYeTNk2wLCsEiKasg5UMspbku4a2g:12000000000000000000:OKDOT:OKMYTH
14yFSxUovGLSb6hGp5CQBt4hewR6zL7Aad8LmQyvJE6BUdAn:12000000000000000000:OKDOT:OKMYTH
15dHuCBTavs8BrGmWnFeJorb56ao53By9Q6WQ46XApEB9hgX:12000000000000000000:OKDOT:OKMYTH
13sH8VhBQLDgw4unXw9gjbyfKgF8GS2ca2bD3xML3mY4w7jw:12000000000000000000:OKDOT:OKMYTH
131By7DXdgpQM8gAnGAN3XQo4Hfb8hDkv9jFkTE1TCZqfUZH:12000000000000000000:OKDOT:OKMYTH
14pwAViWBXt95enWZ7SskguVQ7zmPA7xQy5psxRZ2X5oTVdE:12000000000000000000:OKDOT:OKMYTH
13XfHNta6XHBVBGwgBQ6wNyRuLTc9nrntiFx4x6V3ChdjgyA:12000000000000000000:OKDOT:OKMYTH
14VAxYssEPF5CHPjonAq5m7aUvXvaxS2956dKg6NWyoPHEwC:12000000000000000000:OKDOT:OKMYTH
15q3DuWoQAQGqPT4Psj93NGtqYhPfLbCWgAboZ4no95zUGyn:12000000000000000000:OKDOT:OKMYTH
15kMiLcQ1VbrtxJ6icUNK4C2CPhu9r5tTd18YRmJBDG2a5Qv:12000000000000000000:OKDOT:OKMYTH
1B5k8KQwuVfAQRgtxLKbwtuVd7Mx694ffSh6Qta8RQj6i7x:12000000000000000000:OKDOT:OKMYTH
12S1QfKDazyYW77Xg7C85HdxV9wTswwcEatV7giqxVai12qb:12000000000000000000:OKDOT:OKMYTH
1qBXaW1oackQGcXA2rLF5iKdiPu4fWUU4WhetNoH3M8CLxF:12000000000000000000:OKDOT:OKMYTH
15im6kukemTtbsm8di9JwncxPy5Ki4dPd8azZZXPJ4tHqdw:12000000000000000000:OKDOT:OKMYTH
16Q7r4M6nGR4NB9LQSDXt2HteWR1sYrMQ7md8G3fhn2X7fZa:12000000000000000000:OKDOT:OKMYTH
1stdQ4NeMnthLH9bnrnffQciPfNnsLU11mUir5dDHqfrnRh:12000000000000000000:OKDOT:OKMYTH
15XHeidq4h1YTq17VhLdoxjZrthSDT6dDFSCeAK2amzXqc5U:12000000000000000000:OKDOT:OKMYTH
1cH5MYtBPg6W5TFv1JJX6iqBugJP5rnnC7zAkT74WJtpix8:12000000000000000000:OKDOT:OKMYTH
16PYi93YZwr7mxJvsGLcfGTKpmzfy6BZMWWvQPCb2JhMTn5F:12000000000000000000:OKDOT:OKMYTH
16nFhtS4Q5MC9ZGL2ZikCinmB1hYfrFNW1vzfcnGcdcqdXA:12000000000000000000:OKDOT:OKMYTH
15VEMtC9WRfJaEBpKN6xQs5DARxkJhfcgdXrsx7fYiEstwuj:12000000000000000000:OKDOT:OKMYTH
12SXB2A19LAuUGHygNNPTa5fAsZvnMAAX2QpUfAP1EMNDMSv:12000000000000000000:OKDOT:OKMYTH
12CZi9Nf6GkiQoZex5xS9Kb7sw8nKMvbTM5wyhV6WAWrFy7n:12000000000000000000:OKDOT:OKMYTH
16LcQUVh6ULh2M2SGx1n7cwwXRY7DNW8GiwbWmmRC5VRu8F2:12000000000000000000:OKDOT:OKMYTH
14HyaXj8gvjCmMubgrBYPKNqmtyn5QmsQMswExLmhVuNFtRH:12000000000000000000:OKDOT:OKMYTH
13j8c1ydwA6gC9mnM9xhS6yw8Jv9yEUunrzvA26kZmzHqkCy:12000000000000000000:OKDOT:OKMYTH
16Cw3DuzntDXgrHukcKSREgaPRCEBAuKGkpDeNgq2RK1JX5c:12000000000000000000:OKDOT:OKMYTH
16ckre3NMALxZYZRkiY2rBcSeWwTLf64Xu1ipjSjjHogzvjm:12000000000000000000:OKDOT:OKMYTH
139s2vizRLqaZc9d7UpXiVqARFGy4Htn5z7YPzkAg6LbHAFR:12000000000000000000:OKDOT:OKMYTH
13smc5oKyGnEevFRg8ELVYKiQrStSgmnzAG7gA5qE3U5yoZ7:12000000000000000000:OKDOT:OKMYTH
1ycAQ5VvBg4NynMJJSfS6bKMDHDRViCqJhCDKDTXJUw8rwx:12000000000000000000:OKDOT:OKMYTH
12ybmiL57iWs5T7BoRfo1c1dHrpeKqneJAiUi7qDEU9t2cZc:12000000000000000000:OKDOT:OKMYTH
1qF8impqmCiQ2GbYYPGmLLmQM871H48nS32LHoM5ePCT922:12000000000000000000:OKDOT:OKMYTH
16m2Y1Q18Zn6KciZNgU7j6LZWrma7vMJSMALsLVJZLj9nww2:12000000000000000000:OKDOT:OKMYTH
14YDpFdM99iV7AmRitnRQNhKXpkMVohvtwMxUbEVQDKrELM9:12000000000000000000:OKDOT:OKMYTH
12RPoEvyM9xmJKtR6GzpSmsTnmNxj1UuDeLDxQuc9wAM4aU1:12000000000000000000:OKDOT:OKMYTH
13voXeBRMExg8MrsLiZiD9UCy5n7w6WDFAJuS4sGMaacn1c7:12000000000000000000:OKDOT:OKMYTH
14ue8L7AeHeJhf8eCLgkA3H1wVYThgmbHXfHccTB9GGfBBpS:12000000000000000000:OKDOT:OKMYTH
16TK2av829jVuDDoCh2krzWRn1jbk3gdpBAe4D58EmYkRGmb:12000000000000000000:OKDOT:OKMYTH
1LYX2dz53QfijkJ2q7f6b1ATEHbXg2dfCaprpbFUMJWzs65:12000000000000000000:OKDOT:OKMYTH
14vWCEWXMzcAJXLZaNA5hLGqQR9fkEBr5XsSq3fahUfCAQo:12000000000000000000:OKDOT:OKMYTH
148cEDTesG5SRm4ybQHwLxyULnQaQPzBaLtjE3vUZFL6vpT6:12000000000000000000:OKDOT:OKMYTH
1619t6hnqWx9cfCB4d68pTBd9Z88NhTtHHtn9t8SuessaCac:12000000000000000000:OKDOT:OKMYTH
16QyEMCLzf31Mrqg6f4YoumjU5SkAjQvNvHUSnKiPRJctGKh:12000000000000000000:OKDOT:OKMYTH
12cTBTcHmpGtbcNcDwr46WqobN7yMtYL8KW6z1EZpV8B7TCh:12000000000000000000:OKDOT:OKMYTH
15yidVXUWjDjQSr8NzNtTywacyPmh9thUTupHU2ANLQC63Gs:12000000000000000000:OKDOT:OKMYTH
16JybFXdKLPQodEUVA3HeRdhmXyHMkmmrYNWFG9Y14pW8hkS:12000000000000000000:OKDOT:OKMYTH
15Ftnp3mCkaVRWYu2A7Ep4gW2t4LABV5DGASmB8ubDUHzAU8:12000000000000000000:OKDOT:OKMYTH
1yvdRuir3nDJNafR9ByXkz62zSTndv4zK1X63pq7ggtEJ1z:12000000000000000000:OKDOT:OKMYTH
14dkNyodh1UG5BK8rDVMcb328udt3ME14N57tu15YigvYAfP:12000000000000000000:OKDOT:OKMYTH
1pzsf7WbbNyURnV5bhRJSZcu2yqDWnK9ZkdwR2pR1LEpCin:12000000000000000000:OKDOT:OKMYTH
1zSDz6G7TbaARP17YtFN29Pvm289Bk8jYtaApfNid1QFz2x:12000000000000000000:OKDOT:OKMYTH
15cFKPudksHSQNzmZqEbawzPxiTw5WVAd5RTQHM9mBiuBJX5:12000000000000000000:OKDOT:OKMYTH
14knVAUQcVvjsR28PWEW3YwFuhaA62QxW8Tbmsh5DM8hq8uc:12000000000000000000:OKDOT:OKMYTH
12s8RLE2ULxGJzvxtLBF1FrAG2nvjFZyupesNsbGQ72Pg1aR:12000000000000000000:OKDOT:OKMYTH
13VApK7a8qyn9NSyhiyQXtp6sfAQ5CjBMzvk9zwsceStivC3:12000000000000000000:OKDOT:OKMYTH
13UWU3PdGw7fUZWvwS87Qk8zx65tuUbxRHeGr7JgLnPavd9i:12000000000000000000:OKDOT:OKMYTH
12jgKghec7vWczBy5EzLkRNU2NLhyNC7dEsLqAnfe6mm19mc:12000000000000000000:OKDOT:OKMYTH
14T6p9jMD32PQ9n1eSWTERWFAMMZk5fUm6uhfkFJLPrnvKdn:12000000000000000000:OKDOT:OKMYTH
15mFpPaHLkvesX8hfCNKWBizmgDW7PRhnC9dJSowWwBAu76E:12000000000000000000:OKDOT:OKMYTH
15xJrzFgDT9uycdy2hyM7WPcn1733GMbD6wbhCWRFzwXVNw:12000000000000000000:OKDOT:OKMYTH
1qMF6heZH923hpNhz4pxoHqVnVDQRpCch1m2iw88Znh5UmU:12000000000000000000:OKDOT:OKMYTH
15RFJeQw6KBpg3Nbq23AFoTEZvU4FXhoyWTHtghXcXCN3dm1:12000000000000000000:OKDOT:OKMYTH
14c2KrxMb7dAk6pFeEjpcD1wCPWismAENKtcujDegUzEzEbB:12000000000000000000:OKDOT:OKMYTH
12e2tov7ngv9rbUihQvtgw6x34DoVbexbkfDAyeqrZ6k8epx:12000000000000000000:OKDOT:OKMYTH
13pSDidg9bLJv7WUf52ogqMGMa2L61uhb6asr6cdUecY9izL:12000000000000000000:OKDOT:OKMYTH
135Ts5HPcDXDxjpfWBGhjz92cjYGQsBtQBvKVPpnbiJhoray:12000000000000000000:OKDOT:OKMYTH
16ajTbsU6MNLwg8nGcVSG9p8G8WJ432s3KJKEMd4BGFpxJWC:12000000000000000000:OKDOT:OKMYTH
13ibUp5fcFbUR5NurzTqk6jgMojmCnyN8Ts7jw9Uw6NarehE:12000000000000000000:OKDOT:OKMYTH
1xrYWvfjRxFVB8SrNRftUj5fSHQyxn6ZKwGggzYQo8LKy3R:12000000000000000000:OKDOT:OKMYTH
14W6LShALUmRFXbXRV1vuJvLyM6CnQvcgaWAvwDoEVAeEs66:12000000000000000000:OKDOT:OKMYTH
12hH6sJVdkHyLboJE84MC8VfuSnxor1PXmzaPfPkbQq7opga:12000000000000000000:OKDOT:OKMYTH
12afb1hCHBFMeEBDbaeQWzkjvn8QaSU4Hrkk3nTrdZ7bgHop:12000000000000000000:OKDOT:OKMYTH
1ZkBR98uRqQpDYahevftZVMopMJHvKhR7n7qRcvYvBV8fM7:12000000000000000000:OKDOT:OKMYTH
14ktEmqQUKXTT7KiwgscvNFHuwJFEdPdkYEYcx7tieNNYiKv:12000000000000000000:OKDOT:OKMYTH
14TFu7nqzcSnoEN7cSX8JGLtNejb69iSdsbVpt4CA29rXQwo:12000000000000000000:OKDOT:OKMYTH
137R5mRvFSJ7VhyX8PQVAeRsQK5f6tKgjz7v4AaKz2UEaH3z:12000000000000000000:OKDOT:OKMYTH
15XrjWamTQiDqBgT7iGXt2a67NiCkkAMDuNFUeLiZjS9gc8X:12000000000000000000:OKDOT:OKMYTH
15GPE2paVQiDzqj4Szcshhxi3jmd5qJWvvKe41DNjCvwd2eS:12000000000000000000:OKDOT:OKMYTH
15WZyyJXSeh3BTX2VHVmJTgSyoCjUGwdXZ4HmbSaWH36qx7b:12000000000000000000:OKDOT:OKMYTH
12i3K8JJvPCntsR4RZ38v7AG7xBrKhfNJPyPbdqZnHuVa34U:12000000000000000000:OKDOT:OKMYTH
16PqkCsUSiSw7T7TzqCGM3TdCx1eFWchuK3H2p44ygKczim9:12000000000000000000:OKDOT:OKMYTH
12SW6te9HZ45MYGowzVvNYDRpd7da2cdAp791VMkXfBey27h:12000000000000000000:OKDOT:OKMYTH
13LTHiYrnNaTLtu74MwchVvZa2VRepDAJ3Efd5zTJNRxwPcJ:12000000000000000000:OKDOT:OKMYTH
1y2ePVb43SvvfgXBL91eLcrL76DxU9aqHBQGzCokQMdNx1S:12000000000000000000:OKDOT:OKMYTH
14yGAC2hudwGo1pygXJofAnx5GXiY84mVG9XqeVyLH24GUaP:12000000000000000000:OKDOT:OKMYTH
165YQZtn9h2kyTegEFLM3uB6DP7SeqjzZ92Pnw4dkepsbKzq:12000000000000000000:OKDOT:OKMYTH
14GhkdwrBGyHHcCgYX3efJ2WtV4TtD7KM68gkoXLgSCDpyhC:12000000000000000000:OKDOT:OKMYTH
14FN9Ljgwo7wQiAkX39eGm9oXRTRTzJGyBuDwyAXgc92LH2g:12000000000000000000:OKDOT:OKMYTH
148uSghbKR63hX4aznjrCLmYuCQKfx37Xa8age8a2NPbPo5y:12000000000000000000:OKDOT:OKMYTH
16krTfaSjyb1nmzZ7sP3C13w85gcu4oqxCuc6xtCFWRvt4yC:12000000000000000000:OKDOT:OKMYTH
14VQ6eu1hxVkB1qd4urDtPzfz1DGk6KxZkMBULZhbFSRVzeC:12000000000000000000:OKDOT:OKMYTH
11tGT68ZmSi4JGFXAYUST2GtGyi6Fhid6DuJmVaDchughBQ:12000000000000000000:OKDOT:OKMYTH
15VMyipuZ4vXV5BTmZRSRNQcUA7CRdAi815FXiGArQRa82jT:12000000000000000000:OKDOT:OKMYTH
14Lyx6ZKSbEUQaBdLtEYZCHLv8JdozLPCoPkRoL2fHofKfZn:12000000000000000000:OKDOT:OKMYTH
1qdqAdHYYpzKmC7BUgWhRRDYVideqpPyTBGbqGnpCRGSskP:12000000000000000000:OKDOT:OKMYTH
1RNsLk6ZWbG9CHC5gGPnA6wmqXUiynMztPzcbzcRk98ZyUg:12000000000000000000:OKDOT:OKMYTH
12SsRZtRvrCWi4iyf3WFqMiK2WMPNcF4HHzG4JHA7iiHvFev:12000000000000000000:OKDOT:OKMYTH
13fCqUSJWgb5pSvvRYAnXhUA5JN4KjxGz187UwmjsDgaW6v8:12000000000000000000:OKDOT:OKMYTH
1ysZpYzcpEA25aeqKrz9RsFxD2Z77FAn1fQNtkfQoCozzVj:12000000000000000000:OKDOT:OKMYTH
14DzuSSpMsZ2hwZ4Y1UbY3DCvffVGLb8zqT3DfMH1jLj9K8U:12000000000000000000:OKDOT:OKMYTH
147a5eKc9E8dZoscf3bU1zmEXzNesjqtk6c8GYcUy2qQw5p5:12000000000000000000:OKDOT:OKMYTH
12N9HZWnBhBCqfi5yHCGa1s7C48Wt4bUgVKha1t9Khvrcpji:12000000000000000000:OKDOT:OKMYTH
16MZfDp6aScn8XepsQ7n5pcaKvxir1PJhfjNScUaB9b1dZSK:12000000000000000000:OKDOT:OKMYTH
13ppf89VWvTtTHnHCmN8415nTwzFGNRFQdzVNkUsGeg6FjMD:12000000000000000000:OKDOT:OKMYTH
13XXbo77a2GLRzvmtCxoqSqGcXKPzNP3oo5id36zKhr6XMoN:12000000000000000000:OKDOT:OKMYTH
14spaEBc1A6dZkerPQojWdfYDsHBQYfZXp3713A1DfL94DSA:12000000000000000000:OKDOT:OKMYTH
13VWz9nb3qS5XzwwSU3fiwvBBkBGyE7YxFaYwiBBqAu5QuNd:12000000000000000000:OKDOT:OKMYTH
122wGEWpV65qeXfRmXnL8GvW3fjaCXgQ9ucemn15kpTwSLQv:12000000000000000000:OKDOT:OKMYTH
16D3yZmN2f3xHQ51oUddWyhRUnP3iMYbyeLjQDN8aUr97WA7:12000000000000000000:OKDOT:OKMYTH
14QqPZMiXimmdKEL5sHmmk9N61DbEyvAiYoW5fVNwpC8GghT:12000000000000000000:OKDOT:OKMYTH
13fiE62GDFbHEtB493JWEbFr5rM4B6JmumNi7vmnYJcwhm8r:12000000000000000000:OKDOT:OKMYTH
1123SeSxpKcMxihG9S8AxJmiC5L1FzTnVBPUQGCFVTiMx26p:12000000000000000000:OKDOT:OKMYTH
166UUPcgcjbBJtPof4R1vjGDnCK4KeDGcyv6cxre4HbWfLRo:12000000000000000000:OKDOT:OKMYTH
148hw1iYs1S9ofinfoE62JdwkwRc7cfAp3wpYSwwAQ1aPxvQ:12000000000000000000:OKDOT:OKMYTH
15YKLptxLe4WdqKohfwNg9nGUZLN1tZZcDmce6V3UH67WAMy:12000000000000000000:OKDOT:OKMYTH
14A39UwdsVqAjrjYS8ausbYvC6d4mDDSbVfw1fhRMNkSdp1A:12000000000000000000:OKDOT:OKMYTH
19H5wx9YQvCfvYkdjcKYBY4ZNjEngqkUuJ4HSx1drXjP5es:12000000000000000000:OKDOT:OKMYTH
14DmLZ8LS8vojjEU64AcNgf7tJF8pvRLcW1XdB65aW2V5tQm:12000000000000000000:OKDOT:OKMYTH
146TUiDaoxKH7KREi6c98D1n1VhV6are15bmJ3pf64fNYhVK:12000000000000000000:OKDOT:OKMYTH
163REhWYsuEMyutxMGtt4QxTG7mgtDs1m2kNEebZ6L3MsEqD:12000000000000000000:OKDOT:OKMYTH
142x4fKeMZEFA9bvJtDoNUi2kdnAx5DJ9Gzggq4SvDQWYDfn:12000000000000000000:OKDOT:OKMYTH
13DR8ibhVwXpq7FsoJiqhNmbnMJXUFpSjZs1uxw3bJ3TVNCE:12000000000000000000:OKDOT:OKMYTH
193xYspHesvxSNJS2wo66pSn7Gy2b9fMSnQhibGXvveqoU8:12000000000000000000:OKDOT:OKMYTH
15hFzHgqmoSCzFs2uMdNZWweaNm9vgXeT2cCs4Yrig4Nz8BR:12000000000000000000:OKDOT:OKMYTH
14VyP1LUuziNLFB9xsV4fSfzQHgrSKBM8iBhBd5FFheT3PBZ:12000000000000000000:OKDOT:OKMYTH
14u65RFh51WUmKyziWzaUecMLJfFaSLk21k1AR3VM86WRFxp:12000000000000000000:OKDOT:OKMYTH
13vGUk7P2gTVKvEUa6NVDhd1NsWJVSoKvnewbiGKpT9FDWcP:12000000000000000000:OKDOT:OKMYTH
13oN2XXQwqvwiRj1b5ZRzbhpTP9kwirtk7UhxQMLxYZTs9re:12000000000000000000:OKDOT:OKMYTH
148ZiaBNjunUeyNMewtiKWVb4wRHWpDcweYCJnMYDJSMDarn:12000000000000000000:OKDOT:OKMYTH
13FJSdx9mNAPSRoNVsuriUNN3hY9b1RWkdDwBcyQXgR38Kwe:12000000000000000000:OKDOT:OKMYTH
15g7mC9YYLXD5EUbgnjExvy2Gs8W78zFTCCTNTytxi9hs6VA:12000000000000000000:OKDOT:OKMYTH
148zFyH1ZAcUYbJe35dhLN212Xyz5afJ24eGtfruGLRNGVtR:12000000000000000000:OKDOT:OKMYTH
159FLEbNmJzyBuy2dJ8fhHGES5MZSSLdsz86MdXeqKxAXy1e:12000000000000000000:OKDOT:OKMYTH
1TViaPChzyTaBNu9LwkAHftJNBqvH8zHqxm5G1R2cfmkvnr:12000000000000000000:OKDOT:OKMYTH
161Rm9aT41yUkX1ZsvxSRNik3KjD5tV6n3mmCansJSzaJqqv:12000000000000000000:OKDOT:OKMYTH
16L2xuj5spcCb4VktPYtRjjZmLTRSn1hbpaAka1PZjM867KN:12000000000000000000:OKDOT:OKMYTH
16SvXoMfrAPe57XZGNBfpKQe5KATn9EhhwUjWySocE6aay21:12000000000000000000:OKDOT:OKMYTH
14bFosaXnp1R4vcybRNzHCfN9ogjp5mXBR1qNkTXkjcyEVSc:12000000000000000000:OKDOT:OKMYTH
16krCrW4TiwhexDvuYDqnKtxbAwJP8vRcydsH8zcc3tXDe7B:12000000000000000000:OKDOT:OKMYTH
16PXXfgBMeqMkrNK3nzgGFpwX5xeoXQWxhYarWXUDDfFVMW8:12000000000000000000:OKDOT:OKMYTH
15arTZok1gUyfsNAj6zRG5tFtFnXSx9Jy7BCyy3qbdWTABnu:12000000000000000000:OKDOT:OKMYTH
13ikrKqwqjmryagseAqd5ZrKV8S4r8CTiTG7McTzvJSHyF4A:12000000000000000000:OKDOT:OKMYTH
13wCUTmXRoKiT1mRra6B7J8DSJBF2YQuHT2UChkH61uREoyz:12000000000000000000:OKDOT:OKMYTH
13MVAXtqdT3jS4r41U2CgK5VDoM2xx9imGGS15uaGUG2x5K4:12000000000000000000:OKDOT:OKMYTH
1MQ8gM2bTXE2MgNdX3vz6pHVH4ddH7zj9EASZxeuHbbKS6K:12000000000000000000:OKDOT:OKMYTH
13sJWDngAbBAS3ek3FmcBFkkBBoUJQusnwhanTFxHzEUADTR:12000000000000000000:OKDOT:OKMYTH
149TzuJrhbdcn6s6axbvsy1syioeihUSyEBBTNtykuBh2ZNF:12000000000000000000:OKDOT:OKMYTH
14qvjBquN5LwhDt72bH9svwRmtU4P6MNkpK3ZtDwDnYaTsg6:12000000000000000000:OKDOT:OKMYTH
12DoquHLUUgB1i8Q9J8nptxsY4mYetrYNvMRqDss5TV174RB:12000000000000000000:OKDOT:OKMYTH
14R5XmisKKxRWDXtP37ZX4EpoVSTtBWhGQKsUBnfTSqAyS9:12000000000000000000:OKDOT:OKMYTH
14pRrkedGX3mchwpt6a6qmvSABZHHYZ2fU1GUX9rjezWbynr:12000000000000000000:OKDOT:OKMYTH
16inekvtXcPXx5EPhsxsz2za19GRZgURGhLN3NdAiHLFCx25:12000000000000000000:OKDOT:OKMYTH
15UjRfSMDh4tcpQneUDAgTqdfyXMkZz3hVdQp5DvYMxb9k1w:12000000000000000000:OKDOT:OKMYTH
14qgqRTQk2ki9JHGMddM3STRgRhtM8KpNDmz6tyM3EDhjBts:12000000000000000000:OKDOT:OKMYTH
12fMU5H9kVE6qNH6Hg6w9snh5whPX8NfpWruHpsuwVzez1Ua:12000000000000000000:OKDOT:OKMYTH
1tLqZUNpVVEydJwLoyxmSvGJMSsSReQ4qw9pLkNdU8xNvAy:12000000000000000000:OKDOT:OKMYTH
1TFyenR93QmT8hPz9CKiqgMm5condKhdC21LQb9VnJoX7eK:12000000000000000000:OKDOT:OKMYTH
15ACL9EEjxEW5wW7oWeEyRJntvAS8rbeLxWPYFTBjesCJHkz:12000000000000000000:OKDOT:OKMYTH
1A8FGsB1rrmvKkuGkz4HejJRnmfVY8s7VAaCiYQrMvJbEiT:12000000000000000000:OKDOT:OKMYTH
17uWbe6BkYv9hWg7ngpbWWcj41hZqrWBkWm5nkkUQzuUhVL:12000000000000000000:OKDOT:OKMYTH
16YwEp2ZK6kMkjDeCraitnEVBdiYPTgN1Bjam7AEEnjZyGFw:12000000000000000000:OKDOT:OKMYTH
13iuQnpGiNJisMnN5qEujN9n9xXmbeefw7kuJFCwJhFVp6Nm:12000000000000000000:OKDOT:OKMYTH
112GR3oLC1nnq6PePLhEw115c1wMNkLRMtczuq1jJ2mvwY3c:12000000000000000000:OKDOT:OKMYTH
13R9GEsmaEE5DkXKgTfM6t4hMfWKCuGiW4knkJQG3SDpa4ig:12000000000000000000:OKDOT:OKMYTH
15VJHrRHJ1zX65Ru5VgSUw4NzXpizSd8EVDUwvmS5Z3pUKir:12000000000000000000:OKDOT:OKMYTH
16StQXAfVQgySJZPQFrXUZ6KdGfQ2yhTfYrFzuH26NZHpTu8:12000000000000000000:OKDOT:OKMYTH
1ZWyYgY8vbmm8T3xtpJZrLGCQvwWuKWMsmiSYpYmMyLkFkG:12000000000000000000:OKDOT:OKMYTH
12AkkYN6DT9ugZ6M2cPFxTSx5BCtfSRmXSetwCNtaqQpqk3M:12000000000000000000:OKDOT:OKMYTH
14ycSWYZStQRVbbhmdk63NAy2wjeZndd4wHTcCJ4KT1h4iFK:12000000000000000000:OKDOT:OKMYTH
1eK7R3h31JnT7FKD61gprb1vuNm5HRj1oYg5iqbnVo7jBgL:12000000000000000000:OKDOT:OKMYTH
132bS3Hu7DCYBLd4UzanQLFyZRKJZPHh7HGUMi9SDzTvjqdk:12000000000000000000:OKDOT:OKMYTH
1zLFLmuDUiXhopCxCh5SsCr6FAdAwcDU7AJeMCheuo718S1:12000000000000000000:OKDOT:OKMYTH
16f9a3vyG6WPLzXTRLh1tWCWxgdK5cfHhi8GH5i9LDu4QMuV:12000000000000000000:OKDOT:OKMYTH
13HzuvKVgtoRrxiw5tDNSigL1ioV95s2yeuuE6YpqRGmKhyd:12000000000000000000:OKDOT:OKMYTH
12H1XjPwbABQsByfYsEinXF6nVut1t7RAovmsi8w3C89qoN9:12000000000000000000:OKDOT:OKMYTH
14odv7WAD2FBBxnXjD8jKa77jtrnJd9HQdrs7GZkLCkX9rFQ:12000000000000000000:OKDOT:OKMYTH
13LRz3RktvHib75PNtuXXGrA6wSRerp3sgfsEhJtosQ6G31z:12000000000000000000:OKDOT:OKMYTH
1oVDrAciQnVmnTJtLzAtW4tSMKjcjHcuCChrL9b1L74S2sr:12000000000000000000:OKDOT:OKMYTH
13k8Hi6rCcofruCdsd6YfUhEMAogrokwfE1WZLcPSMitFADL:12000000000000000000:OKDOT:OKMYTH
1ropqogZcsxBCZXpiLKexbS3PwfxtWhdq5ymZA7aLCwnoPe:12000000000000000000:OKDOT:OKMYTH
13Zw2RPc8uNLWxaqrxuwBizLPG8ys2EWqjRVijfprKyZrEYA:12000000000000000000:OKDOT:OKMYTH
15JBoM3rVowG1j4QMt9Co7DiP6wYeBb7nDSZMx51j6LzTvRJ:12000000000000000000:OKDOT:OKMYTH
15cVReYq2VjpEzqMUQwovaWpiXpRVDkKqUSsVkKrdfDvEVHf:12000000000000000000:OKDOT:OKMYTH
1RVU8Uw5qyUDjh4Qs3cU2oNhkvYGxN4yYp7ckWkmD6UfSU4:12000000000000000000:OKDOT:OKMYTH
123EMms1Vmh22GUuQzYTqSo7fxLfxSQofn88in6WHFjukcLS:12000000000000000000:OKDOT:OKMYTH
1MxmWo9a32LJBeVnN3C4us9DqzWcbp1W5Z11c6UJfKkaKhe:12000000000000000000:OKDOT:OKMYTH
14opMqMzdpJHQmgWDhTKCoFqS177k9zJ9Hivkb55kLqJPsBd:12000000000000000000:OKDOT:OKMYTH
132KiD2Gm4kWpqbh1Dje8wQBZoRfKDz8BE439VZ7AQY7LJPe:12000000000000000000:OKDOT:OKMYTH
15cYTKnsgZHTBoahxAtsrn7Qt9Qh4rgB598Z1noLtKRVsjgA:12000000000000000000:OKDOT:OKMYTH
16Mb63HUEU7zuT96JBQshgV185sbKhGapXsC7qrFdb3GGCJW:12000000000000000000:OKDOT:OKMYTH
14DcjV5DC2Arnui6t5UYsbPKuxkWuSq3yvFM19WLVVRpXUC2:12000000000000000000:OKDOT:OKMYTH
13Ej6rKARj33Rc1N3WFtN63jUn4xxcE4W965hQ2yhZJKJwQb:12000000000000000000:OKDOT:OKMYTH
1eJDRpqBjpuppcPdqu3QPkWP6p5jvh71czFw9PyRL6ehykA:12000000000000000000:OKDOT:OKMYTH
144ZXZvBheXk4zD2Ub2szqFJQHqd7VGXsxoTnfEnHfnJxjRo:12000000000000000000:OKDOT:OKMYTH
13N2yFxY9MvFnqJM54hYwAWh5Jcn2dyMusmsWogy2RkJNg4b:12000000000000000000:OKDOT:OKMYTH
16HbQW6BFMKaDQ3uJaSREX9snGBfX7XvxcbQnA2fpU6UXr4v:12000000000000000000:OKDOT:OKMYTH
12v9G4HqLso6gdDRf5P6UJEwcuoyGnSjrboc2HpBR3HUHEN4:12000000000000000000:OKDOT:OKMYTH
1pVB1iW9R3yvk14oD6eEBWhSFCECdmRzpv6uWCpGnGdxq7j:12000000000000000000:OKDOT:OKMYTH
1pvTVmjNywZSFKkUpVp4k45PynavVRma34GpjGdD7LxwhwW:12000000000000000000:OKDOT:OKMYTH
16XmVkZZXZusbpZbtiFF4YfGqgJgDWAw2BYMdnB4s5ZWFQpe:12000000000000000000:OKDOT:OKMYTH
12Mmy5hMeucCc9vZDytjKHj69htmNaGU1H4b9vZj9eJWyeTp:12000000000000000000:OKDOT:OKMYTH
15ATDySPwbSxMWP1ArmdHUtzMHT9tgVJK21f86CR8dkmduVM:12000000000000000000:OKDOT:OKMYTH
13RTbvkHNxdMkH2KsqMgdrRm1aRvenjH7o6LC7e69A6mJkYu:12000000000000000000:OKDOT:OKMYTH
15jCXFwkpegkyAb55ZcCZmmn22rkE8iFVw4SpSucswoJr9WL:12000000000000000000:OKDOT:OKMYTH
12hZk3EEp9CkUBehwpMCSThR3J6LMgfh6Xxc18hWfpfRuoQG:12000000000000000000:OKDOT:OKMYTH
15zvS9kw3pNRu2Je4QxCzANw1mswuLDsjCgyxf8SQnxoHwJr:12000000000000000000:OKDOT:OKMYTH
13zTzXczGgfQ6naCaV6Hr34rZwBnxZtt49Va3j4BpUmbuvR6:12000000000000000000:OKDOT:OKMYTH
12VYRx6hAkA3SuenNzvQLdtfKEG8pQ3aADLBZddRXevxxq1j:12000000000000000000:OKDOT:OKMYTH
132uWje6LY8gNin7uvufN2MEU7KZpkGucn6KyeWknktbYPrh:12000000000000000000:OKDOT:OKMYTH
12fKAwX4oJco5CDCfUyi11EPEFtKEF8vR1f7Bnci7tJ5WZ5n:12000000000000000000:OKDOT:OKMYTH
1FH94sMHYny23VMx1hx6w9Kio6tRz9TDSu3oWX2SdsYtC2p:12000000000000000000:OKDOT:OKMYTH
153MFTavRCmBa7PU35HdhVbXUuqkxnBPnbTuxTLo8Za2Tffj:12000000000000000000:OKDOT:OKMYTH
12XbBirCPy6DmuHKixGdvjokRAzKg7C2nawcHSFDPHRsjPyq:12000000000000000000:OKDOT:OKMYTH
13pnKLerWjzYiQ41FimgFSrXU82ksXLdDAiQPW3JsXYpTbQL:12000000000000000000:OKDOT:OKMYTH
14mSj2PDednShgXEZBqquRhpRcZwN8op2rwXrriejbuvpXGL:12000000000000000000:OKDOT:OKMYTH
15g4EVwWfq6dzC8ApPqcooB3Rb287nYbzBtKnn1SHDRyRmkC:12000000000000000000:OKDOT:OKMYTH
1CFppKRf12bS2nD1waSAwFgf67DKk61qvX4NfDQpf5nSfTB:12000000000000000000:OKDOT:OKMYTH
12WF75eNx72i1XabMNB2gpAQsnQgQBoA7DxCuNJgjcrb4coT:12000000000000000000:OKDOT:OKMYTH
15hc7KRznXo4fZvbmJnYndiyFSwGRiAffbPrYroT76BodYC8:12000000000000000000:OKDOT:OKMYTH
14c9DkB394fZQDG2ZioE8U4Rnvx5Bfujw7uVZ7QoV6hFkP3t:12000000000000000000:OKDOT:OKMYTH
12xukFS6yrKXfJ1QzTKXPTGNw1wp79Hgu46ipgxJ331isMSx:12000000000000000000:OKDOT:OKMYTH
16ZwNZzgCJXX2cqjRSir4Koeg5D8dMmWEn8dHqVjdn87jXg3:12000000000000000000:OKDOT:OKMYTH
14hgAdMba9YEhmWehUDDUv9Q7J8XV7U9XAmjv5gWdkHcLLbF:12000000000000000000:OKDOT:OKMYTH
16mQ7VijBFMLgKpLpwyw2YQoGafoPc4aNseVAYvtexVLopMK:12000000000000000000:OKDOT:OKMYTH
15fgF28a4U9WQRMDTZVbdrJ6g3nhBanyR6sUSoNzHLdCCAKP:12000000000000000000:OKDOT:OKMYTH
15EP5uk8WWy3Byy97jW2KFYNZ7n4yDiC8DH9oDArsw24uk2e:12000000000000000000:OKDOT:OKMYTH
14g8z3VSSkTeoiVTdFFtXCUVLh3vdPx7zyRXQE9by3D3FPaN:12000000000000000000:OKDOT:OKMYTH
14cB5mooYHgNbf7gdQe3qoC9zDFETTZXCFzA26p19C4wi9mu:12000000000000000000:OKDOT:OKMYTH
1v9Nz3zPxpbEjv5ke6R3wBsWNbWQGUFmfk4vsjN9C6N8v5c:12000000000000000000:OKDOT:OKMYTH
14M6FFkQKKjvDbSXkaMuNps38vDnx6hrPzbe3vvSeG4x6PPU:12000000000000000000:OKDOT:OKMYTH
14u2LWmHxjhJxKDaGiVXhJatmkYwkAyTJWSgwnFBE7oHwzSt:12000000000000000000:OKDOT:OKMYTH
12h1tmKhj6rNSVaUvH4Ez9VHenHD9UBCgBdMj4vmkXGDguC1:12000000000000000000:OKDOT:OKMYTH
15RCgCWZcp2ujqSZ9vBQKTbHYq4YhLj46kg1h6D7UiXNvJUq:12000000000000000000:OKDOT:OKMYTH
1heCiSChG7fdBrUjn3sRn4M97cBewnK7p1NUqnhQtKEyNJn:12000000000000000000:OKDOT:OKMYTH
1299Lu6Rr6izeQysjMb1825GfJQ9FToaUYS8hKJX8bzQnBwp:12000000000000000000:OKDOT:OKMYTH
16G2YHWHWBYTtqy7SLdQtVVJtak5CUvHtZ9SZmaLYfR49MDB:12000000000000000000:OKDOT:OKMYTH
1S6aej8tWTmJtAkwtt7vovBdhaboQZ65eUmwLdhMh8h8Ki4:12000000000000000000:OKDOT:OKMYTH
15VbAzoiZNkHfoLorhos523KRxnKHNSbiKo2ngZimLqss7Eg:12000000000000000000:OKDOT:OKMYTH
12NBKGN9wt7RrA7fRg8Apr3Hf9GHi1p9QgEzQCB5X4miLpK8:12000000000000000000:OKDOT:OKMYTH
16VoW1AjRzkAJNCqcqL85a5M4jbRod4WH2bZeBkRrEjrHjbT:12000000000000000000:OKDOT:OKMYTH
14VLNCWifrh1hzLTDR4BBkXuPWjwE2fYwtd6AQGrNfpednKV:12000000000000000000:OKDOT:OKMYTH
16P1vhb6FCBY5iYcX3jtT8rcXjSBbe5jF1hyZMXiuaFGNhnR:12000000000000000000:OKDOT:OKMYTH
164eeYSezRpFtxwpaE3g7DAeMJ7vVyMbe48Qek3JFLR2u6NS:12000000000000000000:OKDOT:OKMYTH
139Wa6sC11PR7PFVhHQ4RtwuLTy7hntBNxUysEpLLVvCXMpi:12000000000000000000:OKDOT:OKMYTH
1FEcY6RAtEghAbjNqxaxEquabHTV3Qzc4MSCFkH6vC9JLrZ:12000000000000000000:OKDOT:OKMYTH
1QFyadPM2P2ukmfMPsiatrwsX4YZctxwpdJGgM6NxR4dCMg:12000000000000000000:OKDOT:OKMYTH
1R6RmtYAgV6QYPM5S7fttMK6jAgq9cz8emhemMLWzoTKfoY:12000000000000000000:OKDOT:OKMYTH
12zwbcMwJPwtcaFaAu13ZTPovPCUzNNChCb3hzF4GoKHZ91x:12000000000000000000:OKDOT:OKMYTH
13ahnKTYvogdyVXY6HgMuQrLA6s1367dRsgbJARhP2F74Ecc:12000000000000000000:OKDOT:OKMYTH
13bBGjcGTcR2vG3sFoASMoQeApP5oxdK2Zu5wpazRWn3PW7Z:12000000000000000000:OKDOT:OKMYTH
1h9PYiQ9bZHiKdSSpYMuBJYtbvyTzNCgjJyjhHYP2MKvHTB:12000000000000000000:OKDOT:OKMYTH
1k2UUTnpo5pv9V5daq5VGgFqTbkUJVQSebukuNv2FHnawPs:12000000000000000000:OKDOT:OKMYTH
15Z4VwU4YTZrt5wQi1r1ZD9gswHJxvVpggA3WkpY6H5VFwyZ:12000000000000000000:OKDOT:OKMYTH
13L79MWxnKdaDcZXV2PR8Bv3zaHs5u3zLFDveZS8AJXSmqYJ:12000000000000000000:OKDOT:OKMYTH
149mzzM1BGRr3jxzemcRoTUbu1TrXPKCBpw7PFRvsqxpeZPP:12000000000000000000:OKDOT:OKMYTH
14s5JJjBV3hoTtT1Gh4r5QaYMnaHXZ7iudBXB8LZxo7y4V4z:12000000000000000000:OKDOT:OKMYTH
151xe3B1EbpAJZCMyRmYwD3kn3euGEFCteuND6qzEytkosHH:12000000000000000000:OKDOT:OKMYTH
15cR6hp4EaiBSncqYzDaHtAPtUprsk7C9iNSNZRgEzXqwF33:12000000000000000000:OKDOT:OKMYTH
13m9dznBs9XhShRX7kNzipsLGS51jK3jeMkkKvc9RJ9aUDPB:12000000000000000000:OKDOT:OKMYTH
13gihsBVGChmoH54yhB8PQmtufJuiaLJv5v4V6cwtojXJt8e:12000000000000000000:OKDOT:OKMYTH
12xmFegHF7CA35czwMwAwsxyd35Aepdd57uSVk8Rrid2maL7:12000000000000000000:OKDOT:OKMYTH
1YnrZDnr2KBjKPh3PN5Rj25VvHM9bX7GPU8UU9cmw79LZpR:12000000000000000000:OKDOT:OKMYTH
14oS5rz5pqqEoZ8qcKxBirS8yuj7UMY4MDqhbv3H6wLqD9P5:12000000000000000000:OKDOT:OKMYTH
158cFUHm4YZg7ua9cxcitokmDuA7JKC6H5oFFW7gPAC16q6g:12000000000000000000:OKDOT:OKMYTH
14TizYmCZcSDrvFh738wrgmTAmeQ7bYv7f1SFGB8T1Liv78g:12000000000000000000:OKDOT:OKMYTH
15oH8KB6H6R57zQZqxauhN9JSepDVG9FpMYTDpVmXQ9zjXTS:12000000000000000000:OKDOT:OKMYTH
16cqM1DpFe3cz3ofeBtRaHHxaNbTjzkEKP9tTMSdtVbPSNyE:12000000000000000000:OKDOT:OKMYTH
14vUjwr8Ej467MXcdueoRQfUFXb4h8re5Vb7gPEiD3PUfaLS:12000000000000000000:OKDOT:OKMYTH
1dzmzUyuwZangSn96HsTiZfKcYBPqtfaQiStcJW1fjeUJt6:12000000000000000000:OKDOT:OKMYTH
14rPWGZrzrQ3fT5pRAF2dW8h5baRMgwNSRKbDA7ouXkirqtH:12000000000000000000:OKDOT:OKMYTH
14KyDv5DdPqur2vDo3vx4pWvWKjt43riZsuXodWCvdboQHRz:12000000000000000000:OKDOT:OKMYTH
13zoAHQPBRNtHJLTc6SkWL4TmDs3QzCcb6tsRv3kQ6Drs66B:12000000000000000000:OKDOT:OKMYTH
14JNpf3nYR3w89NbeR3TEoeirkAbnnramFGA3oSD9Sp5Vt4G:12000000000000000000:OKDOT:OKMYTH
14jKp4SYcJC5etnDqk28RnUgpjSBxScviqHZn3y1wy8uG8XC:12000000000000000000:OKDOT:OKMYTH
16G9R8Uy86G3cFwmJYsdfjJJhV72DYYH4FsBUp96MmnMB6Hp:12000000000000000000:OKDOT:OKMYTH
12k85Zmu2be2H7uU1TjeZri5TH9uw4mrfRurDaAFYFsg1cX2:12000000000000000000:OKDOT:OKMYTH
1BzkuYtYE2DucmywofeUwHpsAwTLeN5nDgvB3YH3UBETovz:12000000000000000000:OKDOT:OKMYTH
15tKVk2aFaua73qVDUAWBsiuvnDxL9iHnGVSse9n9Bm6jkve:12000000000000000000:OKDOT:OKMYTH
16LeoLYR636vn7RkDvHgUBaS9bKnGwcG64br34a3pK8XE8od:12000000000000000000:OKDOT:OKMYTH
1UQifnBcdy8PEyShTmLf1wzpm1NSsEx7E3cxqZdXSCLCTF1:12000000000000000000:OKDOT:OKMYTH
1k3DmPpKxSMveeoQ645eTj5tWZqDFvHKHZu41BW73Dzho6N:12000000000000000000:OKDOT:OKMYTH
16gYjzZyVWszszA5cwAMopoJULWDjBg5srgV7FUaZXyWRiY:12000000000000000000:OKDOT:OKMYTH
13NCLd3foNpsv1huPDzvvfyKh37NEEkGFotZnP52CTR98YFJ:236000000000000000000:OKDOT:OKMYTH
