1413yUpFY8vo1TshUgz4qYEth82tn2vB2M6FfkwYHmo9mGiw:12000000000000000000:OKDOT:CHECKMYTH
15CypEWmHSk7iwYcdBsDbH5d3rdX64ZFbXYW9U82ctzcGXhC:12000000000000000000:OKDOT:CHECKMYTH
1o5KrkmmL2wzwN9v1nyzRd73XWmr5gW576M8iqiMrBwU3SG:12000000000000000000:OKDOT:CHECKMYTH
12ywAitsxe2GkhQcqZcboNiFdWG4dG27B1AbJTAiCNaeMSQy:12000000000000000000:OKDOT:CHECKMYTH
15oUuMRW9fd2sxzXMRsq9AC7ENv5SrVAiLcBu9zen4fu9FcZ:12000000000000000000:OKDOT:CHECKMYTH
14zDJKxiTAwseWGzMRPjYy89zNRnnh2aTFAMnnwwiGx2FFa3:12000000000000000000:OKDOT:CHECKMYTH
15sN3Lbdg7UZDaXhGgHBbFTP7rM1vhFWCJ6o3BGPXWiYgbEt:12000000000000000000:OKDOT:CHECKMYTH
14J88YH3ek79Z2jjwLNUi9X6xUritGxNBQZVvHC4ec7BGrVE:12000000000000000000:OKDOT:CHECKMYTH
12WKA4tnPXiB6TNEWw2mGkF7kVsPRx1Vvb6BzivZ2DBDRPJF:12000000000000000000:OKDOT:CHECKMYTH
151fhodTYyYCLjKnhPnCqW9VszLpLoHwENN6cE9L18PGgUyu:12000000000000000000:OKDOT:CHECKMYTH
15v9Zw5e8sfmBUKw2tFoEVw4kcuoiWAoMnVHbJhQAt8prs9L:12000000000000000000:OKDOT:CHECKMYTH
13UVJyLnbVp8c4FQeiGW2YMfbGQ5U3BhZhXJTdgnE5nzM47P:12000000000000000000:OKDOT:CHECKMYTH
15VGRruZ4ycDDTkS6rNYwskuneohXspaHU2qVzK873zAn5pJ:12000000000000000000:OKDOT:CHECKMYTH
13y1biMWYEjFNubQL3Bcq7VuZrCv64QoGfogEpUf534LCHs:12000000000000000000:OKDOT:CHECKMYTH
15o7EoajEJijB956LzYiixPmUBh3XwVu9pRDgM5cEw7gcMa9:12000000000000000000:OKDOT:CHECKMYTH
15U3n6NcZqXcvxM3c9FvTWR5WL9ThTMFxXAf9Lik4SeXopvQ:12000000000000000000:OKDOT:CHECKMYTH
15ZLPjNkNx94aAae87Gpnqe1Nk4EnxNFc75Szha3ngZMuX8m:12000000000000000000:OKDOT:CHECKMYTH
1PMxLtvcPaXFj77iNd61WtYs4YY6x2o2qn8rRVNJyrPp54J:12000000000000000000:OKDOT:CHECKMYTH
13uC9QeVnBefrnUGMsQpyrm9rKMA3Dk7yQJZpSQ7dNXTDGod:12000000000000000000:OKDOT:CHECKMYTH
15eVmjYv8tfFsQHp6GWoaSguivr9Vr93ZjpUR7naqvgE243L:12000000000000000000:OKDOT:CHECKMYTH
148NkS1Jw32brum9Ba5rhGrqRmeE71agNeAQ7hfwo16EchQ:12000000000000000000:OKDOT:CHECKMYTH
141pEUr3eK29AvTxB3JPTe1YrjedzXxgHrxkJVTijp3Q1W88:12000000000000000000:OKDOT:CHECKMYTH
13Kx4hT5mPsvcxZArCk5b8nWNtU3HTz9rDDWUFk6GCUH7QaW:12000000000000000000:OKDOT:CHECKMYTH
13kcFJJZ6ggfsNs6XKmbZXigFxoTvXQA9WTwNMBUrt5Y3JiU:12000000000000000000:OKDOT:CHECKMYTH
13BjNvtcLjrYB7ZBHzTt1nbfaD62hejFtyc41PBtHXn1ZV3A:12000000000000000000:OKDOT:CHECKMYTH
1xsc1U6QkT6R6QHSeuAQ5SoToZptXwxjy47nBnPUygXpuJW:12000000000000000000:OKDOT:CHECKMYTH
12mEuR6a1iEzciAwwAoLC8NRHxMfwuhcooigC19NVRLAJz3y:12000000000000000000:OKDOT:CHECKMYTH
12phbjnFXbdMg8TG9Q77SCUbhcbRC9AyRCyg62Yg6PEwYoA9:12000000000000000000:OKDOT:CHECKMYTH
15MocUaXXrqMniYpjMFSwKzPFyAbbpn57Ex6Rvv3h9dcb6eC:12000000000000000000:OKDOT:CHECKMYTH
13wtvXPTSWg1NjF3DNptEaTp9Gqa4ySKedaLzDiwyjReQiJ1:12000000000000000000:OKDOT:CHECKMYTH
13gDsRaH7gMRcHPLuMA8R18kssJ7EiTEn24quJuvVfNFjosP:12000000000000000000:OKDOT:CHECKMYTH
1c1ndsqUWWi4Z1AhYF3CV36AXRLXCwMRvXXTkWSt7KK2dMt:12000000000000000000:OKDOT:CHECKMYTH
14n1W6JkigqfNB6XH6kBT7581DM84ZGZ1kK4yTcE6uVurxWr:12000000000000000000:NEEDED:CHECKMYTH
12xd5dyzAnfobf4qexRskVPxMXC4zf4wCKvdByw9KdMBnqJo:12000000000000000000:OKDOT:CHECKMYTH
12uk7PuntyHPJ5q2E8YJWJXayyyrpSTsBqmg374Smq6tH4tX:12000000000000000000:OKDOT:CHECKMYTH
1pWrF556fgYpcFxJL4nBmeAxCFb8rpTac291igKZ4jZuvQq:12000000000000000000:OKDOT:CHECKMYTH
135sQnetxsYxBoRKsoKY2E6h7C5ATwTyuCBHFczpGxiNzEm3:12000000000000000000:OKDOT:CHECKMYTH
12EZkEbE4LYxwyfGUrohV3PH2bpD9wvxctD9mKcZy758Kt4W:12000000000000000000:OKDOT:CHECKMYTH
12XbWAYW26NTyLjQkfd6B2oQjGG8vdeQ1sjHKmSzQmoAuSsg:12000000000000000000:OKDOT:CHECKMYTH
139UAuA12bZ3B89AD9ZUjiNPvXGYN8jbYG2FYoSzmEU7bmPE:12000000000000000000:OKDOT:CHECKMYTH
14B7NvmbFK52VefwqZGgiiN26HtBtLnC3SFMYJakHuZtYRUq:12000000000000000000:OKDOT:CHECKMYTH
16k4zqy1u1n7F2AtiFSS1radWCzSWwZdM2D88HrrXXpKfRgZ:12000000000000000000:OKDOT:CHECKMYTH
12G7S7zds93r5bGsBp2LLLo4cpCs3iPqBgZrvqUA2cSuWZew:12000000000000000000:OKDOT:CHECKMYTH
13cjXQhbbUfqohX1CGBpYSsQLfhfLhAxUTANLui27kWmA3QX:12000000000000000000:OKDOT:CHECKMYTH
15B3YVRF7o1RsgUmFfzn74KS8MqTR63afw1B17bcddeg1LVH:12000000000000000000:OKDOT:CHECKMYTH
12qnToRmtrsUqWqd5esZgwf9upjDLV6BMdCkmMyW8Mzxhmbt:12000000000000000000:OKDOT:CHECKMYTH
152gzVNkbqfiLz5HUzdRMtJEhnj8yuQuyxVQ8bMURzBXp3vy:12000000000000000000:OKDOT:CHECKMYTH
13dGb46jumxFYLwKxTJyfQ9gQ4nQKj28PUnbRByoixhcMtGF:12000000000000000000:OKDOT:CHECKMYTH
1AhfskCR4qbuUVX8UjxdGW9aYSVcVKz1gucrm9P35QFf7q6:12000000000000000000:OKDOT:CHECKMYTH
12hoixzWFkvzEtqpMfEL7JoH9J552kJhfYPQNGgNrKqD9Bdr:12000000000000000000:OKDOT:CHECKMYTH
164eTbMbrU8KSPgfcsaBaSkJ5dK9CPqi14o1xoeUtMkY9dwJ:12000000000000000000:OKDOT:CHECKMYTH
16Ycsj9G6VpvZV57cL3UncHUBkGwyabWT1og297S667EKbDi:12000000000000000000:OKDOT:CHECKMYTH
1FGcXSj6aZ1d5VdgSurhhD4WvmbV8yxuJ8fkP4roAtA9eWC:12000000000000000000:OKDOT:CHECKMYTH
12YKgBH74XQuUjonjJS36qnDdwL9LcNvoGomNTizHwzwENG4:12000000000000000000:OKDOT:CHECKMYTH
14YkPE7yDRVxyUbXUZRmL68fLxN3ko4fTMdGDmtk9UzxiogN:12000000000000000000:OKDOT:CHECKMYTH
15hs4HPbCAGPgWzMUsQmmRZUoG29rnFt2rp6qtUjPLww3trP:12000000000000000000:OKDOT:CHECKMYTH
14KG1xYQCGJ92WA7MNZHgyJ7vXfysXYuqUYaQVoJWacMA1nv:12000000000000000000:OKDOT:CHECKMYTH
16TFPRkJpv8pXZFhbFGoeENkp2hGMR5csFrkKdiEq54udysn:12000000000000000000:OKDOT:CHECKMYTH
14RNHGSDbw9i74LbeFXJDVB6RX1xrkTnjCKSA9HUzRJVszMv:12000000000000000000:OKDOT:CHECKMYTH
16hBoUfAMzb95SiCzRpRuehDjgPptRkyui86mQ6nemWDLGfE:12000000000000000000:OKDOT:CHECKMYTH
14sXh68SXVu988HeD2p8hq6LzaFrp59sTUCwCGCbw2jJpeLV:12000000000000000000:OKDOT:CHECKMYTH
13uXksfWAYjor9dVbHtRAJAokijs31CAeWuS7SBYXwt3bS6v:12000000000000000000:OKDOT:CHECKMYTH
164b2tzwKTicZYCbzkQ6pbWoAN9ipYqZrxVjHzPGAiBEu4Zw:12000000000000000000:OKDOT:CHECKMYTH
14oUQYuir18Wnj7YgVDpaDpjtUiScDjjtfFYMoSK3pDVRx9s:12000000000000000000:OKDOT:CHECKMYTH
12phfrFsVuvV1hVNo5rX7CNQ3mjAA7aMsTVAQfDyfq3rX7cD:12000000000000000000:OKDOT:CHECKMYTH
13gBrb3yScuPjZBZgik4ryQZH5tSENZg37CyuFwgkkRR9JTF:12000000000000000000:OKDOT:CHECKMYTH
14NXGxymrXhg2uMdKsM9qRLAwcFnv4DoAqDwG3eLLDsAxPDR:12000000000000000000:OKDOT:CHECKMYTH
1yKEyqrg6BETP2Tz42EN8KDdw9Q6DT7s17HmoetdmNaEXGN:12000000000000000000:OKDOT:CHECKMYTH
14toPxrctA7MHJproCYpafnVAZAEbFxEdn4nBrJV2U71hL4n:12000000000000000000:OKDOT:CHECKMYTH
14Lzc1FN689qnw8mLY97aiALcEAgc5StNfsGmfnNVASffSvq:12000000000000000000:OKDOT:CHECKMYTH
12FrMtzPQnP2t6TMdkZErGdvV8VELE1St2wypv53QeEDRfLy:12000000000000000000:OKDOT:CHECKMYTH
16JZSWeyuYaLdApi8FrdreXv8kzfe23VeWG2Y2znNZTBbsf8:12000000000000000000:OKDOT:CHECKMYTH
123iX78J1o15JWNNRfzBRDKn1bmZchU1h8ds1E9fmUXvygxS:12000000000000000000:OKDOT:CHECKMYTH
152Ky4yuDExkp39egLvPknEr3jtxus4Fmmmv1ZqLQchvfoiQ:12000000000000000000:NEEDED:CHECKMYTH
12Ni2hEb2EPYBBubExQ8wAVMYaqWwjtffRLzgpNmfWn584jk:12000000000000000000:OKDOT:CHECKMYTH
15HB1bPgSmNdLdmHrYYUXUnAryyP34R9PJzowtNkZVkjDk7C:12000000000000000000:OKDOT:CHECKMYTH
12j7XejLCvaSfQJBXxiwJjjrNRiNsqDKdgRPhU8NSWtauy2M:12000000000000000000:OKDOT:CHECKMYTH
138yYyeaSzGVbQYNLFNNPyctT2b64dK3HjPeEDkXrycBK6bT:12000000000000000000:OKDOT:CHECKMYTH
16ieCMEpieWNv26Es1Gvod3fHDHFFtU3i5z4qXDuop3kNQrc:12000000000000000000:OKDOT:CHECKMYTH
168vqNgd139RJwmxMxGEZbjAT3NfsUTgNikgCLW5rdsJkxow:12000000000000000000:NEEDED:CHECKMYTH
12RWJ9pPxFLXMSSGe72tRPcgAqPAPshsgdmsWxeR2rtkXsLT:12000000000000000000:OKDOT:CHECKMYTH
143dTSdCN2HnFMWpATm5DMjk3mGQ65GjT931u2gENUnRjg2h:12000000000000000000:OKDOT:CHECKMYTH
1fB38qwur4rq3vEaB5qNSYz2vfJ8ZuFpLcP11Y1dF75gMgb:12000000000000000000:OKDOT:CHECKMYTH
13uz1rFXPjYC5YzmiRYXSyeEbSuHvV5yqWrVRAZd5Mb1BYiJ:12000000000000000000:OKDOT:CHECKMYTH
16LGUkWZxYZ8pkRSSm8VgbGryoK8jpFcu7aUXh4fSDdCgPax:12000000000000000000:OKDOT:CHECKMYTH
1tmpg2J5wCq8Hm5mvFQsm6UDKcjq3sVU5Hv1ykKzorfxfJQ:12000000000000000000:OKDOT:CHECKMYTH
14qk7S2qAMoVCKaceDrP4abyh545pEiJBE3hykULFyMCf923:12000000000000000000:OKDOT:CHECKMYTH
13Z9Bo4nHkaXJH4cnV8zBK1b8g4AdHPgGiF7g6tZCvRg8whz:12000000000000000000:OKDOT:CHECKMYTH
12QYJJTQzHYWYK9XRuzDgQBnHJUfKAeNmHfXzvbT3a7CpAFf:12000000000000000000:OKDOT:CHECKMYTH
1LGPadD4u38zf22vLEEb7CHE6jsjfEciKjLyc9TRqA5jYdG:12000000000000000000:OKDOT:CHECKMYTH
13DUkmCZF4MbMsnd6igpRJUjpmQcEGPa8ZRbSkr4Nj7n6MCL:12000000000000000000:OKDOT:CHECKMYTH
16CbdkBHMBgPrU4Sfw7oYqYanY1vepevEmje3SicnP4M4jU3:12000000000000000000:OKDOT:CHECKMYTH
1EWqZChoJ3WuwpfFnvBNxQiQNvWdodyC9ydvPFe8b5tXt5u:12000000000000000000:OKDOT:CHECKMYTH
1bGUH4nMndvLH5hktmy8EVTHCBA7JhcfVSBDJMiZdZ2g7Y5:12000000000000000000:OKDOT:CHECKMYTH
12H61WHprx8Rc5UoSaEQECiGZHroBSBgKnq48T9aAUFdbm12:12000000000000000000:OKDOT:CHECKMYTH
13PZ4uHDKqEYpxBBwTxWek9wtHHzAD9UBgBDfLpjSm2zWjLE:12000000000000000000:OKDOT:CHECKMYTH
12gw5KCFuC86GusoUgE3Gyj4p2PC6ZbqhYUMUmaanY5vk5CH:12000000000000000000:OKDOT:CHECKMYTH
14r3K9dPeGqyPMuGuk6ecd9GyaciQLWpTnpaiVU3ht3ZC75o:12000000000000000000:OKDOT:CHECKMYTH
126BgJo11xJ7PyozbKF171i3JAQjycEuDFeWjs8pzvu4MSYn:12000000000000000000:OKDOT:CHECKMYTH
12jnwj4Q9WC7RpGdJiWtccXxP99G5fR9mPEYuyaHv19ZQkZ1:12000000000000000000:OKDOT:CHECKMYTH
13ZfTo7do8iu3HGsquTLaSgJhKZupYqhesdV1CySaeDsCZH9:12000000000000000000:OKDOT:CHECKMYTH
12dJmqcfPQoW6KrLWe73AoX2Pcg1c5pGzQCNkUqFG4s8pmfW:12000000000000000000:OKDOT:CHECKMYTH
16XLeZ48U3wAuR2qyeBcPEkkfDEdbjXDBKWM4gosWMjvMpzf:12000000000000000000:OKDOT:CHECKMYTH
16MNxinCq71y53ukSCP22S7gJJGodTTrvWcXztZCsSYJjyyv:12000000000000000000:OKDOT:CHECKMYTH
16Rkct51uJ8skaJv389pwMc8mFqPJn6VKYmNDFqd37Re7W1s:12000000000000000000:OKDOT:CHECKMYTH
16aMd66QbnafS7dZtQF5fgJAZHn4NZhZfgGxbi3VhtEmB4UG:12000000000000000000:OKDOT:CHECKMYTH
12pmvhbbuF9BKSxm1PUV2hmVZeygzgcCvVbsNqRBwvr4EnfP:12000000000000000000:OKDOT:CHECKMYTH
1iiNQt2VU1uR3BT3jh4NyKx13yP3NcxNdM3eeUDeEXuvDyp:12000000000000000000:OKDOT:CHECKMYTH
16h74Y17yd4HC6ZqtMqkdQntwLCPzbC1koMxir2PhCPJr47m:12000000000000000000:OKDOT:CHECKMYTH
13J2k6TZSidJKNySgsYQSh8sxd3xYrjhqGFam1q7wzQhj4KY:12000000000000000000:OKDOT:CHECKMYTH
12ArTWzynUapSbn6XokJtVSYRWLqzy4WD9uv4T8PNyPcnVH1:12000000000000000000:OKDOT:CHECKMYTH
14rXeuot4w9EuetiKsLW5Bg4RWxsbnogSUcJk2NCM8UovGz2:12000000000000000000:OKDOT:CHECKMYTH
12UB5JtLkFHaTksfgU5fWiUBFNc5De88xgp78z4BYxQxLWna:12000000000000000000:OKDOT:CHECKMYTH
14ytp8G6kmxYRoibCeXL5GtNFcdjajpZbQQzwcoWveTr6NFr:12000000000000000000:OKDOT:CHECKMYTH
1UnkELPTHuzF1xWES8wbrunxdgD6ebBaHUXVHCPjaJKY7GU:12000000000000000000:OKDOT:CHECKMYTH
16Wwu35nNozAfBp31tGY2oQ7WBf58YYvJBnijPQREZS882qT:12000000000000000000:OKDOT:CHECKMYTH
13vG5yunqkWz2EhbuBeCRujhZg1dBJdPViGxhwQXBFzdPf2w:12000000000000000000:OKDOT:CHECKMYTH
13CZ75nuArkZtuS24RLjrHTtHkjdoapjebtRgvB1saakVDY3:12000000000000000000:OKDOT:CHECKMYTH
13AKqPN1kPDaztU4a6utQPnfDiBrxqjq3aSX85zznVnjzSmD:12000000000000000000:OKDOT:CHECKMYTH
16WwYh6xn3N2aq54wm65k5W839KSxmVZ97mCwtKe1rtEMcgm:12000000000000000000:OKDOT:CHECKMYTH
14wbgzqY6w8buJUPkWJPoVUtjFunvwPhS4R6vrahkvNzR4gW:12000000000000000000:OKDOT:CHECKMYTH
14JeXADUFDsqqY1oCk1yJNwAzhZnKoehfwMYdEQeVdVcTRh9:12000000000000000000:OKDOT:CHECKMYTH
1sWakGzdQsReZUX9AgVQptsA3QmGLHLR2D2QZNSVbt9QeNW:12000000000000000000:OKDOT:CHECKMYTH
12mWZ3RX2SDp4xMkg1hzXv44NGpEaPw711gCrtsftZFCEjoe:12000000000000000000:OKDOT:CHECKMYTH
167FDPmVHcv4siXdJwjg8kFLLkKBjrxz8sAPKbUigJUJKZpX:12000000000000000000:OKDOT:CHECKMYTH
16haa5rAPmGxZpAk6BVMmSc26LaAdfD8nwyCLi5D2Qd4iLeN:12000000000000000000:OKDOT:CHECKMYTH
15TWnKuzMo7dj1Hi2sHXsoW3NVhQszLkirZjvHVF8hrnRv71:12000000000000000000:OKDOT:CHECKMYTH
14W1aw9x8pgyYEGDR7rzFcE3uYEwv3UoBu5kAVnhKjzN5qMF:12000000000000000000:OKDOT:CHECKMYTH
13Li5XikKeWzfFFovSfijXoawW3wQ2Bv2DqHe6q9MhAxCiiB:12000000000000000000:OKDOT:CHECKMYTH
13h6UM1FGA7JiKSokiX5kRuLH7x2zp3Qviq9VGJFQjiXdRrN:12000000000000000000:OKDOT:CHECKMYTH
12BdG6inQWjmdWuHsd3syo6919MQAMaUr8B5NpXqqpuSKfCY:12000000000000000000:OKDOT:CHECKMYTH
14TsbMWEJedrPA1KgYHzwTb9qjjquWrjsDs6jxY3vAwbixBC:12000000000000000000:OKDOT:CHECKMYTH
15PhUiMgMmwK81HrCS33LDnh72Cwamv4uBBcYLP5AAxv8tXK:12000000000000000000:OKDOT:CHECKMYTH
14Q9GSm6dCRz9QrpF3vHjtZrnEHLSWA71mAXRDfvD5r6wMc4:12000000000000000000:OKDOT:CHECKMYTH
12R9iVd3nWhiovTAUTKUgVwmSyyuWLu4K8ffM2RRmna4ZMC:12000000000000000000:OKDOT:CHECKMYTH
131kZ7JMfjodAt3Rrk2ywVkPvSTYZmd45uEn5nH1WeYRJgc:12000000000000000000:OKDOT:CHECKMYTH
13VoRRyD7YYQVamwZjUsEdhcLSaawEgs4d5Na2Lu2Vn1atzu:12000000000000000000:OKDOT:CHECKMYTH
13H9HRRvmavN1gVSXPVFAKZxzV1uhwe2G49cVfXmBymnVs9G:12000000000000000000:OKDOT:CHECKMYTH
14R47SmKw3TZkvEAbdy1tojLXXzQoJGT24YrXyeFHV1So2fA:12000000000000000000:OKDOT:CHECKMYTH
13ZQCAvxRczzf3gzL4xnqJiyNKEQVK8jJrqzLxbSAb7dWPNY:12000000000000000000:OKDOT:CHECKMYTH
13xsp7bJb8SRR18qrgjYJp8h67j7av4kxfA3XhezrzpgZ8LC:12000000000000000000:OKDOT:CHECKMYTH
12rcoeGQWjZBWY2MHBTdpMsQ597YqQY3qX9U9wMTpG2GbL5b:12000000000000000000:OKDOT:CHECKMYTH
13LreLNxQiDpeend9SNM5AmSDiBPC5Y8DJ2feET4fjhj8XuL:12000000000000000000:OKDOT:CHECKMYTH
15vPNna5fxvXMddp4yr9EWhAPmojJakGEAbWSqTr1Af6CRnF:12000000000000000000:OKDOT:CHECKMYTH
1Hnwx8zGCAQW3YXqy39WDzbLF9CYTei5iRgQ8L2tqkoZWgc:12000000000000000000:OKDOT:CHECKMYTH
15PweTwg1DBsYyQx4HUM1vgyAey692SJ3wXh5ZesbzhMTnWo:12000000000000000000:OKDOT:CHECKMYTH
148o1zZNvVZkrE5zQ3FnJkjZTChpmJtcHvurTHrcFp7CvszT:12000000000000000000:OKDOT:CHECKMYTH
1xAjufksQ3W3jMouWvsMmyuizZ9XzJ4kwNLSRu6bkhMfXVY:12000000000000000000:OKDOT:CHECKMYTH
15ZPXsRjWNF1h8gTWAEhPAqkDYg8GMSpyHMMhLGtiyY4BRPj:12000000000000000000:OKDOT:CHECKMYTH
1Y6tbRDTnKSyitFYGyLEz7LtYd6aUcD678RW8gKRS891kF4:12000000000000000000:OKDOT:CHECKMYTH
14euuYnpaXrMwnTFCcDnGC4v1iB3hTf47t3LxwHvXPQDBJKx:12000000000000000000:OKDOT:CHECKMYTH
14e4N9poPLxnZ2dZp23BkV47mGyEAC4oh3scgDHdZ5xB3Y4Q:12000000000000000000:OKDOT:CHECKMYTH
145jPsJs45nLqEQY66fvFQbcwucskr9n7eZnDgcJu7Uph4Xs:12000000000000000000:OKDOT:CHECKMYTH
18BhjpgHfV9Qoj3vC9cNZ5btmbVskT7N5JDMazXpKeMLyty:12000000000000000000:OKDOT:CHECKMYTH
13iC1k4TweCCbWxgPbcDvSWXL7t9fA5ifJrEPSDXsgpA7PXs:12000000000000000000:OKDOT:CHECKMYTH
15GnC1sWoRspcyZB6LzdMbxPU2YTitMJaivmrZpp1Cxj5ibc:12000000000000000000:OKDOT:CHECKMYTH
16FZnmpy4xpr7fzgKm1BgjUFZFjDdQ16Jx72io9fnMTt75kF:12000000000000000000:OKDOT:CHECKMYTH
13yzD432JBcnBoMXvEe7UZzBcBAi8xVnHbmuAEZ2uPNsuwpL:12000000000000000000:OKDOT:CHECKMYTH
154ye5jbu6YDdXUbhSwLTFqHBLfepw98jUfeTfofH3QDi4er:12000000000000000000:OKDOT:CHECKMYTH
14XewUdTvffdVjRE8bJA9xGDJZ87xhmwx3cfF1rZctKaMF6N:12000000000000000000:OKDOT:CHECKMYTH
14pjKoME6L5FdbsqqsQh6U569RpUy62f4Y2vLP37WocJQWR3:12000000000000000000:OKDOT:CHECKMYTH
13EVbEcP4Ma62vTjWGoRpA4MdMM9UhGu3v1jF2dEEAk33XiC:12000000000000000000:OKDOT:CHECKMYTH
153BNBmk5gEwTTYmxo3se6fMBhZnC99D3jzcWu46A5E6jXSg:12000000000000000000:OKDOT:CHECKMYTH
16VKHT1nWJyk32HPRwA48T6yxqkbJuoeinHviskopVPJu9Ms:12000000000000000000:OKDOT:CHECKMYTH
1DbhoyHXLYKjwa6ExudhuhBk66yuVX554mUEi6u77BaJvfe:12000000000000000000:OKDOT:CHECKMYTH
1ffC2zLi8yCcs4vRzShhsaAeNMs7kuMwVujVgKg94jF28Ep:12000000000000000000:OKDOT:CHECKMYTH
13YbXKGvypLrJhkLvovCy9gKZS6qTGMVUbzDYwMdxg3vGXgt:12000000000000000000:OKDOT:CHECKMYTH
13vi6kxgA3J1w1cZMmPyfw2eCexeFNatiezWw9QjSDC8qftN:12000000000000000000:OKDOT:CHECKMYTH
14ngaf1pwhDmpoWr3zHopxAXZCUBJNjtEHvTxD4nS9e2DwLu:12000000000000000000:OKDOT:CHECKMYTH
12YfEPwT9Jp966CxyqLTwsh8ooVeYQkCiVqKSy3svfnfXtTL:12000000000000000000:OKDOT:CHECKMYTH
1xNjPQLn1VCxDYEg3N46psrAjB6DQQMcJ4GRNtLTcteTGEs:12000000000000000000:OKDOT:CHECKMYTH
15QUurAFASSy9Ms1GjNs6iDjLcb5sRG2fVq95Tp39wR6rgn2:12000000000000000000:OKDOT:CHECKMYTH
1j6ymv1eyw1ZT2WAbhRSdpaC5tmCBa5gzDCusdJq4iauJGC:12000000000000000000:OKDOT:CHECKMYTH
1m5eDjXEfzbPTGkRBHqhDQu95ueNBAQBcBXwFpMV2Q1i7gd:12000000000000000000:OKDOT:CHECKMYTH
15CuhUPAebi9NeT9kdm8ivjQCB89UKsA4TsxcSUE5rHwHtAc:12000000000000000000:OKDOT:CHECKMYTH
15eDerSRGyf7GJszP32s4ryRK5WUqPqXVmKtKT6fstnDqhgs:12000000000000000000:OKDOT:CHECKMYTH
15G2CDYqLdy2faPxyEdoKGFGK7iRbtfzjhSXQgXRxzvKybTS:12000000000000000000:OKDOT:CHECKMYTH
163DmcqG85MCcwhHEumdMN42LtAuGd4CdzVghBwcAPc7UYPs:12000000000000000000:OKDOT:CHECKMYTH
13k582qKxjpdoVy7DiAX7RhMaMxXRvozkuvmrBm4FsB9Dufa:12000000000000000000:OKDOT:CHECKMYTH
13YrhhKJobzq7kQ6sxiEy55Retzjq9TVhiQDVG9RMn1S1wTh:12000000000000000000:OKDOT:CHECKMYTH
15LRUbD34tKcZ2W5BJ6katBiD4wDUCEEm3r5pKmnx2n5Bnkz:12000000000000000000:OKDOT:CHECKMYTH
12cPFHeoSdEzC8W4n6T34eqAZHaTZhxU8oYJwY7X1St9uLkV:12000000000000000000:OKDOT:CHECKMYTH
16fdE65Rff4dJLSWkRYKnpXH5vj1b3PeKdcGcPPsj1d9fJSr:12000000000000000000:OKDOT:CHECKMYTH
1PTgFS98B58vE6kLQwHuMedbwxeLyowUN1ukxUmveLyBvVo:12000000000000000000:OKDOT:CHECKMYTH
159pzi1ADkG8Ch3mrfN7fHApZ3vac4K1znkZDjZMsznahkXe:12000000000000000000:OKDOT:CHECKMYTH
14tCa6LCMsx5Tr87SHQLsNmz37U7Hi4XxiNK5ZU4aEUemYsW:12000000000000000000:OKDOT:CHECKMYTH
16aiNidPitzheNB1f22oP6ohcZxaGrcT2oPyFSkJLt1dFN7W:12000000000000000000:OKDOT:CHECKMYTH
13R8iR2NZSgzpyX1Z2giTz6mRd1Ca7KE96vTEVaS8fxo8cyw:12000000000000000000:OKDOT:CHECKMYTH
12cDgYVsJkpcXdkGGeyL4nSKub44wPk5VrV3FVvFRgKjdgvK:12000000000000000000:OKDOT:CHECKMYTH
144md6wXgEyrRWHBvqRLokcWx11hzvJ1oZjUitMBMcXCnFxb:12000000000000000000:OKDOT:CHECKMYTH
12tQv3LYv9AVmbPsy3ro7dDSF9Q2XnKhsL27AybbcctK8jqi:12000000000000000000:OKDOT:CHECKMYTH
15ygct23prD2tRoRLDTpajctBhp87YEVk1XuKsJw7c84jdCD:12000000000000000000:OKDOT:CHECKMYTH
14ZMthPM5GCBwC28EHLJjFdGw4uRoKDGSrfqLAmzAHEEUcfP:12000000000000000000:OKDOT:CHECKMYTH
1vK9tdtkbQYBv8JXPSxEBQdkZVyPoEEuXqHHuPvps8BJ5xp:12000000000000000000:OKDOT:CHECKMYTH
156rmS26ksCQaf4NjjbT612FQ3SWD1yGqXpYEvFvQEebDqWc:12000000000000000000:OKDOT:CHECKMYTH
12oxtJcQ9skPYUSgczAdyTpjFCA4gTVcefwvFHqtswYeB5Gt:12000000000000000000:NEEDED:CHECKMYTH
12bVVFaHFyoh7aYvTDYf8k4G8iR2s6ecXaPb5u84GgiM8WA5:12000000000000000000:OKDOT:CHECKMYTH
12XGQShpzo9655vt3gFsNQq5bCbcxUprfWxcBwQH4f7gE2bG:12000000000000000000:OKDOT:CHECKMYTH
12G8tDD1i7qucUiHySMw4S2YqtTCjs1hLyj9eHq1LR5CkW9g:12000000000000000000:OKDOT:CHECKMYTH
14eHCNQJYkELYH1jioAQXH12few1xoJB7RoAPAcb3faUn8cB:12000000000000000000:OKDOT:CHECKMYTH
14UEvZrPTqU1WbKTv4XheoyP19Ge4zn9royj9o5Q3o9z13GP:12000000000000000000:OKDOT:CHECKMYTH
169YC1EWuzT4YCzQfkpa8Nbqn4vp7jaVjBJ8ZRxMAQ6YPHYm:12000000000000000000:OKDOT:CHECKMYTH
126AimSBfChQwhXKnnW7LF4mqmmnoJgoR7e9kXXafA7ztTCk:12000000000000000000:OKDOT:CHECKMYTH
16XE6mUDcEPFUqiwQ4RAv28u7uwwFwqgdAte1yhQcxpkeeqD:12000000000000000000:OKDOT:CHECKMYTH
1VeKBNUgyw8nK4o621WPvf4mKqbDztkUHE8Vv5YLt7XXyQb:12000000000000000000:OKDOT:CHECKMYTH
12SWqL7YZ74pkYo2XP7k6DhPBS5AHG7sbJBMxEX6Uh3k4dgd:12000000000000000000:OKDOT:CHECKMYTH
16ieBRePQT9Y4yspfUd7FGs6LDcYDvBxpcfgmGsoirfsM1M2:12000000000000000000:OKDOT:CHECKMYTH
13KjWxShFaAw5Nmhz15NF1pAgRD3NAM4HVVFSDwqJrnDispB:12000000000000000000:OKDOT:CHECKMYTH
1NKgWtaNwah8DqjYaajwcZVDyRGRWtjTGos3SMDpStLGJfw:12000000000000000000:OKDOT:CHECKMYTH
14BLvCcdCUnr3wFGRJMgcBtFsuL2CFYgs9pFXRENUGVbHaV6:12000000000000000000:OKDOT:CHECKMYTH
15Y1TbuNVZEMgCQUQkT3yLWyCMMFoJzk5StFUUAhRA9UBdB2:12000000000000000000:OKDOT:CHECKMYTH
15k91pk1GUVToHjKfMP1N7A8RjfHN95nMibVX4ocNauBKXuT:12000000000000000000:OKDOT:CHECKMYTH
1ZmRCqYndF8SP2ERD7oR94umJuBBXkv2x8UUXRcuMwNjdiW:12000000000000000000:OKDOT:CHECKMYTH
146SNfm7Ts73xHQDv5B6gFsVQRaWfJpLYbAsBnxfQw8tqamT:12000000000000000000:OKDOT:CHECKMYTH
15qLBoa7PHYM2dthAhDvZYjsnKxB2KUoT5V4eoEuxXynEdH1:12000000000000000000:OKDOT:CHECKMYTH
16Mu1DSS7GSjpx8kzLhMyBxaAPYjw7PT3fsN3UqYHhAcAxbz:12000000000000000000:OKDOT:CHECKMYTH
1Kod5QRWF9c7CB8xMzYxShN8FMLp1BiC9wFzuJ43Bm7ibLX:12000000000000000000:OKDOT:CHECKMYTH
16YkewvrwL6XF1dRt3pCeSjXttrK8psULi1UYTtzJnYUwtF7:12000000000000000000:OKDOT:CHECKMYTH
13h2QGGk44q88ivhHGuQLTvBN24Z8sgv1g2ELp5oYjyZmZ5y:12000000000000000000:OKDOT:CHECKMYTH
1fbATEtxwuA7YGSmWM4W5GwXNVqfc3UPTXmfHG4xiohrwyJ:12000000000000000000:OKDOT:CHECKMYTH
14p17kRgYzS7TyzS9uUH7c81J7eE7mjpvDQ5vdnZtxDTu8Xj:12000000000000000000:OKDOT:CHECKMYTH
15j9GNWjgMes2KpfRqam6vJUTQnhRfehyBxDHYgGRNYYfu9G:12000000000000000000:OKDOT:CHECKMYTH
15pXu1qRoxJ8zJUhsUEei56Wd3wpKDyREqpv193FVyWmGY2:12000000000000000000:OKDOT:CHECKMYTH
131D5BM8DpJsuGZZeiUq916au6yriwmC45PSaVxc2u1C27bb:12000000000000000000:OKDOT:CHECKMYTH
151iyfWMPJTwqyHFrQn8ba4huVS4FEiacPAKzYX45Vm33KZX:12000000000000000000:OKDOT:CHECKMYTH
12nxTH6dcUXvHBZDXpWPx41KTwGU7Pg93pKUtkU4KgpwBwFc:12000000000000000000:OKDOT:CHECKMYTH
13b9oLbjh1sDpj8kaNCabQnPEEsD8FZEzwJKqmvFNR9zd7vm:12000000000000000000:NEEDED:CHECKMYTH
15TEfkYcAUs8XfdgHhaRn1eTP3S18KcdBLFGfS5Pz7EfSgJ6:12000000000000000000:OKDOT:CHECKMYTH
12iy5wRi4X4MGtPeKb27vbJNjGAvtSWBWuG86LYspzRzgsTm:12000000000000000000:OKDOT:CHECKMYTH
15z3kNgn3raxZCQVZ1Y2Vr8AqPhNWSuLEx2fJkEctGTJqNgG:12000000000000000000:OKDOT:CHECKMYTH
16NFHHzx2Px4wt2EFjkH8TAvVJEjwSzfXswSTbMsTNPEw2ce:12000000000000000000:OKDOT:CHECKMYTH
15TKo86Mn6TYD4fjJWiMPXqNs4WxTWimqXt68mBc9EuWV6Um:12000000000000000000:OKDOT:CHECKMYTH
16knxoMbFeALhmMeY6aUhwaEkswKjeYQN5qknhJvBCpNXDtk:12000000000000000000:OKDOT:CHECKMYTH
16Hes2TxgqBX149gfT9vpcrV4jHNJCjy7TRHTF9AUUUCYfBy:12000000000000000000:OKDOT:CHECKMYTH
139tg8S7u6UF6a4GCgSNRzwT4Bmc8goeD7EfELhFU1UW3jSN:12000000000000000000:OKDOT:CHECKMYTH
16Y3ysBSqwbXRsQ8b28agRW8aPFM6rXFAMQ95MaHkF3NSTe:12000000000000000000:OKDOT:CHECKMYTH
16Gc274fSHECDoJEgAgV8w8xZTqnrYZxyRTawuycwhdVRSxU:12000000000000000000:OKDOT:CHECKMYTH
1dpUqAGck2fYhi7bKYihzFkubCV48a5wZpsKm4RZSFp7Vq4:12000000000000000000:OKDOT:CHECKMYTH
16WCsR5VkyEWnxmjgRJA5NZNVN1KST9wM9eMdkknCpTXpGWE:12000000000000000000:OKDOT:CHECKMYTH
1Dge1Y23MA9ka6bxQiUjvhkLRHucKS4RGaqrL2GhR4QY9qf:12000000000000000000:OKDOT:CHECKMYTH
13jW8EE4sE6rCtwNnkzvj3qsTphdKTSWsoQSbhFfJe28iX6m:12000000000000000000:OKDOT:CHECKMYTH
12uQGPHBP4b3EG6jGPF2dEk5jAzBTUxoATZuWynF5ULjNtWC:12000000000000000000:OKDOT:CHECKMYTH
13Ekr2jpKCetByeB83upRB4jumfap4vzvKMADqvsdJ4Ss5bY:12000000000000000000:OKDOT:CHECKMYTH
1qF4AJcg2hhFzX7yU2ctqFenaAMLzGPpTJGvCTCoziLUR8Z:12000000000000000000:OKDOT:CHECKMYTH
16R99cdLVqbz2yEFsY9gWY4X9gSFmKvV7f2jrLXVqYnApan5:12000000000000000000:OKDOT:CHECKMYTH
12r11fLnJhJSkg4pUz5ntTh95eWQS4W9kwmt3xyQvrwncGLs:12000000000000000000:OKDOT:CHECKMYTH
13EA6gge1ENoCFvqkrgsXuGNLjUdKtaLDg6Xbm1k3RAzhUBr:12000000000000000000:OKDOT:CHECKMYTH
1KrJotsGCadbYmKCUba8BYktPVvzrUEqGvqZiKWUuBQZ7F2:12000000000000000000:OKDOT:CHECKMYTH
13hS6GDpJVJECiGT7krQShbvcUPwPabupgGbaKJRZy33vmWS:12000000000000000000:OKDOT:CHECKMYTH
16b3xvfTN6Ekj6YSmVw1S4VgQvwTQ2JvYAWSdmU9VmamY42E:12000000000000000000:OKDOT:CHECKMYTH
134pbjFdKFrrsgcN6jGUzZsartfoginrxY7be8zZxuYvoo1r:12000000000000000000:OKDOT:CHECKMYTH
15Zm5t6XEq5XK1ikXgN5Zhuz3MpU4kWuPP3AAqsZMLdbbniQ:12000000000000000000:OKDOT:CHECKMYTH
16AwHd9tn2vE2Vo88zx6RdaViseoYHHh9HSu5ALbzYYxXTSE:12000000000000000000:OKDOT:CHECKMYTH
12JpvqHzm39UPaaL6r2qiBUEaT2m7bFX4seabqst374rm7Lh:12000000000000000000:OKDOT:CHECKMYTH
14mdLswqeCCM93rFwD1bJfJtjzJob3fizNmM9HgiVgJG4iyB:12000000000000000000:OKDOT:CHECKMYTH
143CGhcP64NFKnW5BBzBjMSd8HunhM3vggm8oSw41kS9ggxQ:12000000000000000000:OKDOT:CHECKMYTH
16cmFkESNzs37FR8K3BJQam9i81mfkMpgFmBRT8WRRPcqCtK:12000000000000000000:OKDOT:CHECKMYTH
13iSZaB1aoaPNrmck8pf5WFrCMxhJdFpy1KJZfP4TSbSf6rk:12000000000000000000:OKDOT:CHECKMYTH
12vPAGKoVeYyiHiLQYxLD3PmtTfpvmYTjKZ9XgSfw2QcSEuV:12000000000000000000:OKDOT:CHECKMYTH
12sH6RenERDb4QFkMeYzMsDRxF9E2tM8VWQRT9zVyPxBFMmf:12000000000000000000:OKDOT:CHECKMYTH
15td9gz1HAya6fP3FkganEJHa1zMtbWzsiDcH88ir2JtjryS:12000000000000000000:OKDOT:CHECKMYTH
15j5twyXrh2urhwdURE71hhViCj4zYRXyqJqGH9ivakF2KuH:12000000000000000000:OKDOT:CHECKMYTH
12D7CR2CDNoCAQe9vyf3NLhL9P6XjXR7Y3GaALh6yH5TwsRx:12000000000000000000:OKDOT:CHECKMYTH
1231QTaBi55abKKsWZREACFtCphLjFJCWSw25XSoJZG1AyzL:12000000000000000000:OKDOT:CHECKMYTH
12AkCHB84nTzqXN7xrmjKAGL8Z516GRmDheUmjeYBnVq5qrs:12000000000000000000:OKDOT:CHECKMYTH
1VTkHKaVrfW543SXqdH5bRwdH5AT7b5Xbyft4FN9b9WXGoY:12000000000000000000:OKDOT:CHECKMYTH
147V6EJEgtAxs8XsGtJt9HL9eRrm6V3AB4t3tMjGRd92dbZW:12000000000000000000:OKDOT:CHECKMYTH
14CoHJ1KiFVeDHww7cB8fB3GW3miVV5zDmCoRuf24uYmkKnx:12000000000000000000:OKDOT:CHECKMYTH
13yxE4etnnE4KrmzcKeu27oBMXycJ3sRcRYAsBRHWv3vNgLJ:12000000000000000000:OKDOT:CHECKMYTH
13duwnJWU6rgVyf7zQ4TeioDC2KfnBgqGQHvtGGMMr5NuwSm:12000000000000000000:OKDOT:CHECKMYTH
13DeEhg8naUG5Qajh8WpTPxVZAekxNAqrs9tPpFgDLhao3rY:12000000000000000000:OKDOT:CHECKMYTH
16dYG6fbT2Fk4HUnScLSTXW8xed7P2NsCsaKfBJvZVeFupUs:12000000000000000000:OKDOT:CHECKMYTH
12bEComrqmKp7qxDLoCrfKzwdYsTX9R8R4xZpSnEweiaixuc:12000000000000000000:OKDOT:CHECKMYTH
14fF5XdtQdoZSbvfeiiTjHCcN8zH7s4DpKHRviTQfByvgE22:12000000000000000000:OKDOT:CHECKMYTH
15z5YjkwQknoYE8h7jub6gufMTCceKdb9exEMr2c8ca9JRSQ:12000000000000000000:OKDOT:CHECKMYTH
12HBfHhRP8ZNy9vSh3GdwHmicdR84aAJFa5m9Jz3rMv5Qqv2:12000000000000000000:OKDOT:CHECKMYTH
15VHNqDVAVRwt2aVH29ATtyqvAJoBr69yShuRnza8u1wXcAR:12000000000000000000:OKDOT:CHECKMYTH
14hZ1AxLi8BDv1NEDVVQ2eMtsC5t8zS6zTuy6biYP1XYZSh8:12000000000000000000:OKDOT:CHECKMYTH
12MkHP18PGpvQLZZroZux2AwbuGRVvLwsMmJNREpa1yhsQQ9:12000000000000000000:OKDOT:CHECKMYTH
14JfYtSxB6yxMzTu4iKU4Lgi7fK7cDuhcuMm2TEKBDGFT8rk:12000000000000000000:OKDOT:CHECKMYTH
13wBjJ7Deigg7j9o5359ghP4MQirgCrQvYDxZ4ABSPcUSm76:12000000000000000000:NEEDED:CHECKMYTH
14ZbVMheuZiEVf9ZaK9j2sXyHcwcY5TtCoSUfmTZBMwQwj3i:12000000000000000000:OKDOT:CHECKMYTH
12YBCvcNKaZGSWJFFZfABJZcjNgjLFR3UQ7bjxvBm5khTpf9:12000000000000000000:OKDOT:CHECKMYTH
14AFiHaZVbc7m1juRbA7c4bPBFyi6HSVpRjVw7CDLKFwzfG8:12000000000000000000:OKDOT:CHECKMYTH
163ujJGMcrz3xiU8cskriL1r3s2vyduEd6LuiTt5DiMF9LWv:12000000000000000000:OKDOT:CHECKMYTH
12CR6UkgFCY4SvFZxFeCQKAkfQcrfewC8qtCkyX3ot4adKLi:12000000000000000000:OKDOT:CHECKMYTH
15PLSEwChbjX9YsiVKSALvMAoUWVQvsWsWEuptKvnDv6ZGLR:12000000000000000000:OKDOT:CHECKMYTH
12djzquDjS3ooWz1iirVJHKFsVZuiWJ5pRAA2FHPf7qB7vay:12000000000000000000:OKDOT:CHECKMYTH
136L2z4EvQvgvFFMRAbsXsd8F9aEVncRUrjXeeKzpxDCQcjY:12000000000000000000:OKDOT:CHECKMYTH
14TDAvAGiEf8kjCj7SNXE37ChSwp9s1rKYfASiHJGCnsY2uX:12000000000000000000:OKDOT:CHECKMYTH
16GWV4bLLPgxJ4jtAmSvsRgpBTxR4B1s54Way8yGKtD4cwbM:12000000000000000000:OKDOT:CHECKMYTH
165EL5GruPLP7zkxYxU2KLbuGNsRqfEen2qAH3V3aCs8jdbP:12000000000000000000:OKDOT:CHECKMYTH
16WkVHdGAa3rN22RUGmJ7yXfpN3iqnJbdzyW8CHZDgcj56aQ:12000000000000000000:OKDOT:CHECKMYTH
14brPSxDAv8PfyByWFLDVdKLFtqk2FmiAywFKY42xkS4CMs1:12000000000000000000:OKDOT:CHECKMYTH
12Td4Bm3y1YAN1wTAJ5d38GkjEAWLURgvMMPZCZEhAxFPVtd:12000000000000000000:OKDOT:CHECKMYTH
13uG4MWR1cbBHVNacXjFpkxZu9gdQr89649kvjbPSnieZNcg:12000000000000000000:OKDOT:CHECKMYTH
12MMEJCjZZft7VMKAwnfGWvrfLpa3MWiNXBpqLupKhSgE8JS:12000000000000000000:OKDOT:CHECKMYTH
1tqJd7wNqkWpHKS9eZegLMVWJa2CmQQLaD7YdB17otck6Mf:12000000000000000000:OKDOT:CHECKMYTH
14xsCK4xYQ9XhYhd2n363ttbbKiWnjwhAc8MJLwoiNYM6Leq:12000000000000000000:OKDOT:CHECKMYTH
13EYTZDqjyr56DfATSoY5EtCpBmB6R8PRynNXBTSNz4AEoqP:12000000000000000000:OKDOT:CHECKMYTH
15Fkwe89oPjnnrCf2geSinazdKQmJt4hK2kCxQb8HaUWaEEY:12000000000000000000:OKDOT:CHECKMYTH
12Rjd5PFWPP6QsqcUxymiZQh78k9Kh43Xy7FCH9tPrdutvm4:12000000000000000000:OKDOT:CHECKMYTH
16Q2p22KjdKRf5FQLHXAEuht9ns6cLDrmUK8c5ZvaWiri82x:12000000000000000000:OKDOT:CHECKMYTH
14yignKJEw9oQDyMEe51su6jbtpiUF3h298FtAhNXSgfTJ9Q:12000000000000000000:OKDOT:CHECKMYTH
14nA5BKPBCZLh4V18fXTqFecZaCZqz4EG8im8jSUwQcEn9XQ:12000000000000000000:OKDOT:CHECKMYTH
1187Uh3oiZwAeEQJ6VYiM1iq7MzCpiqYSx6BSwbV9xqtBPa:12000000000000000000:OKDOT:CHECKMYTH
13UVJyLnbVp8c4FQeiGa5vxYXW8oqqXLfGDdrpcYtic3zQFF:12000000000000000000:OKDOT:CHECKMYTH
16fDVesiiMG1zQT11VaMHcd1NYC8NWwCDBzcgMtcERhmofDM:12000000000000000000:OKDOT:CHECKMYTH
12VXLvvAi7WLNBtB7KKarT7PqeuGo6WedrimJVKUcnwg3f4G:12000000000000000000:OKDOT:CHECKMYTH
16fUrYrkqXtxM3xxkB2Ked271HxE6oewJY8HMazkKxemaYXE:12000000000000000000:OKDOT:CHECKMYTH
1GUCc8TruhNFdNTfVEutnpp5sbT5mCdHT69Hp3rQWGdrjoa:12000000000000000000:OKDOT:CHECKMYTH
16bSwAed9qaug3tTqUjz62RWAxyUhinsbQ3KD9mS9QXusZeC:12000000000000000000:OKDOT:CHECKMYTH
12zjL9yd56DcgCCPvDBmNX93bBDKrbktXuzX5cMNrYdcNxaF:12000000000000000000:OKDOT:CHECKMYTH
14TPKUd8UHhjMwQNcTP9eBFXuAYQex9f78Tmm84XVLmNmSyu:12000000000000000000:OKDOT:CHECKMYTH
15GmvWMmvPopQwPMTYSoys9LRLgT7jc2vSbZPLvGjtqE3DHm:12000000000000000000:OKDOT:CHECKMYTH
1521mwVafWoeyGJAeVn6DCHmDkuWLYo3w51vawDinMUxY2S5:12000000000000000000:OKDOT:CHECKMYTH
1szbzLStT1KmFzvqY5qS3CewTjJNqWf2qEy2apgCvDeivvb:12000000000000000000:OKDOT:CHECKMYTH
12bCFfUtRjiXPvhNvVagHpS9nqebJNoHNYXeFahf2zBNFBuk:12000000000000000000:OKDOT:CHECKMYTH
15ianPyX5DsEPvGtE2Mpfo3sEmDi4nVBbuGbxppVmePkmWYe:12000000000000000000:OKDOT:CHECKMYTH
13UHWrRuu1YCbBNJjabVsVweEBmjwamPkksWtb3inoNm57jY:12000000000000000000:OKDOT:CHECKMYTH
12sCv7gGiw9n8iQYsNRheAz49szjW8zTJ4YeoUzzb532gTjL:12000000000000000000:OKDOT:CHECKMYTH
12NxfHnKyZAhjFBcKTNuvohZ3Ub2gSqggWiXxp7ackGjK9kH:12000000000000000000:OKDOT:CHECKMYTH
1HBtPDaMDdRfbQryePvqHnpwven8FyHheZWdGcFy1zL8Guv:12000000000000000000:OKDOT:CHECKMYTH
14s7rTX3QziccKSACK3qnUBYcEqLpu4x1WtXgL7ecAQ3QBmq:12000000000000000000:OKDOT:CHECKMYTH
12zysugBWsgDkkAiWAHvbc6xK2gPWzJT71kTnP1tYH3Mkx4Q:12000000000000000000:NEEDED:CHECKMYTH
1LGb8npY6h64okaxbdUyr4zkYsT5b2rDQenbBwy3rJVym5g:12000000000000000000:OKDOT:CHECKMYTH
13YFbtH2LH1FmNTxDneJ15BtEW5omkFUDL1c9ojoUrkjpmYs:12000000000000000000:OKDOT:CHECKMYTH
12VE3igst3ph22jhHE28FXgPq6jZLdhzLiiCFxDczoSfPLPi:12000000000000000000:OKDOT:CHECKMYTH
15vVppSkcEYbFnwVBWxt8X1LvPRzvGnPZsgwDFCQqZ2hAaMA:12000000000000000000:NEEDED:CHECKMYTH
15PWDfQx85asucGEaWfRm4PmMT8aU91kaNU7aeKqEPcumz1:12000000000000000000:OKDOT:CHECKMYTH
16LU3a25pkQoxucQkxjXQHTsKqCSTVYsXxTyz4YXqYP5bePY:12000000000000000000:OKDOT:CHECKMYTH
14FvSoo2LFhVSQ5d1h4kfRMTBqFLjydoTqFZwhgGpMGXMBm9:12000000000000000000:OKDOT:CHECKMYTH
14GCmT3xtLZqrV5J7g9gADsS7DSCswRLFva4DV13jvXvB8CT:12000000000000000000:OKDOT:CHECKMYTH
13ZjCM2WnNiG63nvzpd4ZygWhXg22toVoXCiS1Z6rdi1CRVc:12000000000000000000:OKDOT:CHECKMYTH
1372rKiC87wr6z4zZkcykLyYaugkrWVZfb9G2VGD63iGUiZi:12000000000000000000:OKDOT:CHECKMYTH
1CBCYBCTQwA2g9kkpktZnWx7eFNqymve17YY4yp1jRpknVw:12000000000000000000:OKDOT:CHECKMYTH
13gtoAj72jK8euUDXnWGoDFzAJbkw4QPs55PNa8db56ZRJAg:12000000000000000000:OKDOT:CHECKMYTH
12Mttn3cHFPbhtUFyNqkrAcFxN1aq7cmT8g86TR8v7ZVVA3q:12000000000000000000:OKDOT:CHECKMYTH
16ZdbrQCBFyag36DsDshABbsktuwJtpbPgedpuv2f3X3F7ww:12000000000000000000:OKDOT:CHECKMYTH
1612gK4wAcrc6CUcfdtQrZFH8AnbmtFtf3jFweTzBNy36w3D:12000000000000000000:OKDOT:CHECKMYTH
13qarbGR234wfpoKXtrcGcNRXVQutC9ZFmjaPGnxkwdoHwBL:12000000000000000000:NEEDED:CHECKMYTH
1iU7ijvnrf5T411iyoBKdMeK7DmvtU84Cn7zGjjpp2E6HVR:12000000000000000000:OKDOT:CHECKMYTH
16ePu5BQFJEvGoVPC7cWEiFERsNcxRgE28i6emdnUSaMfVhy:12000000000000000000:OKDOT:CHECKMYTH
16FkV6Mjw5zGQbbLkBU9S1BjRryGz9y7noVYTVAQzwHopVae:12000000000000000000:OKDOT:CHECKMYTH
13HuGwL9YkB1xnKdhe1XHQGhMFtYC114R9UE1Vg3rBRzC31D:12000000000000000000:OKDOT:CHECKMYTH
12d3y43Vn3TcZMN6FkZercn56nspbnBsj4zU3SyQAXoQMciQ:12000000000000000000:OKDOT:CHECKMYTH
16TFt5dZ1S7cxsbD2Ci9bUCW7uyafUnCJEs9vqpdQiBHG84z:12000000000000000000:OKDOT:CHECKMYTH
1MPbg6WrWUUZ19ctzPYwKc8jQskm6PfmFfW8wyiPUVyYiq2:12000000000000000000:OKDOT:CHECKMYTH
1bSVAnkyGwwPrvYG2zYWRLKMzLqwNLaZ2XZsG77nXziXosE:12000000000000000000:OKDOT:CHECKMYTH
1Wpzh1tAm4dK9aBiGBkBM6GoKG5Cr9ejV6MF93zrH92gEmy:12000000000000000000:OKDOT:CHECKMYTH
13tqsav6UbcBKuA6TAtAF9aPsXAEmBxZS9cVecHYno4twWwj:12000000000000000000:OKDOT:CHECKMYTH
169R9E9aDPk2b3s4u7G8NvNaHzWR7kFrCeMVYz9FKC5bo5n9:12000000000000000000:OKDOT:CHECKMYTH
14sRvt4m3A8nJKGzGbdUsE8htwdswwnSfcmqpUjJxntmb39P:12000000000000000000:OKDOT:CHECKMYTH
13b2vs2ZQa2ZURzVSXcxDjvgXEuRxspaJkLgGDwLT3RAfEE6:12000000000000000000:OKDOT:CHECKMYTH
13EThtEcfQm9Rw8rHAmcJgdYsy31n17j7A29JfxzpXNEWuQe:12000000000000000000:OKDOT:CHECKMYTH
14Qd1ZiEzkpeK1weq4HfDsU1LaE6jvt3rci4h5rRUAkEb8MY:12000000000000000000:OKDOT:CHECKMYTH
122KTXme2q7kdx84wjZUkiDKhjZNY2ypPSmBTNivWh6vUf1d:12000000000000000000:OKDOT:CHECKMYTH
14bLjcvV4unHbW22k2C1wLzALau1UtuZfULiok1v6m9VdrPA:12000000000000000000:OKDOT:CHECKMYTH
12UAUkcVY3pcqr5qujEJ8sWFecTJfboPgZr6jQ92bAqxSEKb:12000000000000000000:OKDOT:CHECKMYTH
14nQ7DPnQKwvb2qBC91p35k1umKqE2LpAJGgQSV1UfaqFuwe:12000000000000000000:OKDOT:CHECKMYTH
16eRV7JnFn1znofZANDrfsGaokuTGthqtxe5cs54A2ekF57Z:12000000000000000000:OKDOT:CHECKMYTH
1Vrp5ZKeKxesnA9DEe81StrzWvzQyUhRDcKQobzz36jkxTN:12000000000000000000:OKDOT:CHECKMYTH
13gFS9R1b3RKCNJaNGxXc8UDW4EgkdfXuDGh59e8rCjn7h3S:12000000000000000000:OKDOT:CHECKMYTH
16NAsd37oKa2p8P1eFzoYhHBfiy5zNWBDPSUSpm3cAaMbgx1:12000000000000000000:OKDOT:CHECKMYTH
16MWPgy3a4LZCGadD5UkGMgd6m48iczeGDA7t2GxVPrFGJEX:12000000000000000000:OKDOT:CHECKMYTH
1JA6Rc9zd1H1JELQty2RbEkt4A4ro3Pc2sa3Wx8FUEKwwZC:12000000000000000000:OKDOT:CHECKMYTH
15MGWUDnjuAkCY84z82rFPfg7UiUrvsh5S4pw1jVAS7UqRb1:12000000000000000000:OKDOT:CHECKMYTH
13SpAWLEdHuGeyoD8pjGkDNJXfBz7s7yS2r5k4QrSFG6nuKX:12000000000000000000:OKDOT:CHECKMYTH
146NhnEhs5EWpn2k81cfm1iRy9NMaN8qK5kL86VT12fjrgh1:12000000000000000000:OKDOT:CHECKMYTH
1219Djucg8woociHoBPXvReqAB3qScdicusQ4cNkrDdxBmtj:12000000000000000000:OKDOT:CHECKMYTH
15SD13EmuSBFbbGLKvMZeNFhUKP9aEE9M4iHhSZyvrD3uZuW:12000000000000000000:OKDOT:CHECKMYTH
169o826dndYV9Kf2VKa8oE3wPiCb388tZHxedpiBwiiKVeWd:12000000000000000000:OKDOT:CHECKMYTH
14KXJFaRVJqdG6NaSbtmMCvTdXh9MbMRRFT2y2L73BpuT8Fu:12000000000000000000:OKDOT:CHECKMYTH
16jMAtPrewhy4WUrMwLa7WS3Y33waS4oyVrbygTXR3XWsh3u:12000000000000000000:OKDOT:CHECKMYTH
15GkQHfuDLWHCuME1Hv7SvWx76RjLpfnUbgh7CtAArAMU34K:12000000000000000000:OKDOT:CHECKMYTH
13YJ5Fe2xidmCMp7VKnTuMK7gD1H6ZR4i9WDkaKvtZJEXKc1:12000000000000000000:OKDOT:CHECKMYTH
13rHaWybokYRgS6CRUqMoCc4YyfftR2SA6bnGtort3A4zyDg:12000000000000000000:OKDOT:CHECKMYTH
12D9UyXVp9WEbNr7P3ZupeB3rxzdzdYYCQMj7UDxHbqJg5rY:12000000000000000000:OKDOT:CHECKMYTH
14n83rCv2cXNVdf2kbnho8vCyVxRM749W6qdeCFJ7NTzwLM8:12000000000000000000:OKDOT:CHECKMYTH
16XvnLNisCiNCjoa9QJWDghBVu9n6rb46w33pUUjtRTMSQGt:12000000000000000000:OKDOT:CHECKMYTH
14fBbLvdFrMKj39aPXs3bFPqxq4zGRb9Yz4gnsDHjDYGNau8:12000000000000000000:OKDOT:CHECKMYTH
15MMLvhKSFGxUdYrzDKXuaXb8P9YkaPtAUT6hj3q54gJ6D7D:12000000000000000000:OKDOT:CHECKMYTH
12hgnaz4ttVicEgb8ZTeaaNjHDtvaGBQCiUCe4S71SJ5VSPa:12000000000000000000:OKDOT:CHECKMYTH
13NCLd3foNpsv1huPDzvvfyKh37NEEkGFotZnP52CTR98YFJ:236000000000000000000:OKDOT:CHECKMYTH
