16JX5QSdaeF2dm4pDhMuWZFU14gwcsxsnwuP7dzHqatr4Mpf:12000000000000000000:OKDOT:OKMYTH
12jbb6kH3XwRQ2tdDrVNySiK5sZ1gx6PS7qwfiQAaoQsMQyK:12000000000000000000:OKDOT:OKMYTH
165KGjhgG1SSNR1jpzSAHM6xkQqx8rqwumkWFaadAQtPzoLU:12000000000000000000:OKDOT:OKMYTH
14fdL7ueHR8UTCz2gcvQCyu6F1H2F7pJjd8YXSQLscqyUbYi:12000000000000000000:OKDOT:OKMYTH
158DUounj95U82YovdKsuqnGggfSVfpa3czHdmMej3HzHooo:12000000000000000000:OKDOT:OKMYTH
13gUyM6zqsaESnVX8dGXpprkUHxjFxuaAc9maCBVH3haUzq6:12000000000000000000:OKDOT:OKMYTH
14MW9fBmPxxbqJdXCfiMx9jeve3Gn8ABtYm7snzW2Ta4AjRd:12000000000000000000:OKDOT:OKMYTH
13dJ2EAodymPtL1evqVMa2u1QKpPnEdjvoQ23UCrBzw8MVdJ:12000000000000000000:OKDOT:OKMYTH
14p88Zn559ykizMt6CMVumnYxWS7tfKYsMdvHopSCpmTS9sW:12000000000000000000:OKDOT:OKMYTH
13AeDGNhgmURrrtDWvgu76MVk8bekaSxDyg8LepfHD9W4yds:12000000000000000000:OKDOT:OKMYTH
13uXaCxuhfXPDMoWbxiFAsCUq8qpVw6VQmNBfqcmxt8zHXWf:12000000000000000000:OKDOT:OKMYTH
1ZiQkQXWGb3EzwNo4Hz65Zt5ucfgM1i6DNkAywmp449zrzc:12000000000000000000:OKDOT:OKMYTH
1cXzDoRa9MZonV5wz4hFvQQ776adfjGAESAzESSPHD7QMdf:12000000000000000000:OKDOT:OKMYTH
1cbE8mRRHQjn863H3oR77mvy4L3ez4SQG8DGgL2diCG42PC:12000000000000000000:OKDOT:OKMYTH
129ftLPqdk9QA8sdRL6hkF6bF6mHfoqCZ6QasRCnpWbNVQ2v:12000000000000000000:OKDOT:OKMYTH
13KgBoapHLj1skCzuocnhJhFnWrxZMh2vyYgcHMtYP2W2FZb:12000000000000000000:OKDOT:OKMYTH
13MxbzPMFDZPZYi1gfQukA4NAxMpWd6WAFBCZ2Q2QinLkfCZ:12000000000000000000:OKDOT:OKMYTH
1617fkVMeCwDC5LKVtp9NdsasnSRFHVYj1VFTqRV3ShEYGA2:12000000000000000000:OKDOT:OKMYTH
145wTNqySYTfLm1GTdkaPVvYyjNia7h8VksGSfhfu7rt8P5C:12000000000000000000:OKDOT:OKMYTH
16AhZ17Rufevi9dt3KeegZZ7srFkTfYK788smvjyW4P5uHGb:12000000000000000000:OKDOT:OKMYTH
13qhndtBSnrokdJ3YN5iLokebnv3Ne8At53xmbNJcGoeEd23:12000000000000000000:OKDOT:OKMYTH
13uDukhdJBZzwgXFhtpD82TaVEudbzSmtjZX1KrTADKQ7ZP1:12000000000000000000:OKDOT:OKMYTH
16dwQesFsEo2wa7YvkCCUopoxpg16yNDKnz4dsGyHQm4c9e:12000000000000000000:OKDOT:OKMYTH
14as2WmF2JCXpDz2EVi5juYUEtSSjSowExN6BzzU8aa71bAa:12000000000000000000:OKDOT:OKMYTH
1ZF26ZaFfk9d3pVyPwK7hbruGx84oCiBh9eSWiGVm4BvRrv:12000000000000000000:OKDOT:OKMYTH
13j9z7cTMVKhqichzHjkivan6fF3Ht8LSFHb95vQmPEc1nYb:12000000000000000000:OKDOT:OKMYTH
12BNGehzcD6Pp2cdZZ38WGQ1875aQUEUA5pTsVjTCWLYDtLN:12000000000000000000:OKDOT:OKMYTH
12F4okMPVDUaaBeLZyC87eVe7CYHX4RaSRwAW5HD2EMLifZG:12000000000000000000:OKDOT:OKMYTH
12QXxjHTC89cuvYq69MZn7ZjDH5AcJRq5bvJRDKjfY7Y1nwD:12000000000000000000:OKDOT:OKMYTH
14V3bkaTy9pebyTiiXJit4yAXPjYCFLkfeCJzZ6QhKefcxfY:12000000000000000000:OKDOT:OKMYTH
1bkexAfss1mFsiGidFETS22sWWYZWMjNBADh9TEuASC3quo:12000000000000000000:OKDOT:OKMYTH
12qjJuGi77xLkCTzmSddC3mcFJNr587WXdQLY8Mq2re26Zkq:12000000000000000000:OKDOT:OKMYTH
14uybKyshJ8bJkKv9iaikFm5Ku1fzcWztqRMNBgwRKvmxm7b:12000000000000000000:OKDOT:OKMYTH
14PDzrvb3VqxDz9cbbPtU2y7kX6RaBBLz9APezRwoZDFC4CV:12000000000000000000:OKDOT:OKMYTH
13Tq2Toy2b3ugqibaNhuhJrg48eEcyYUfXqgEJrPQDfsA1W3:12000000000000000000:OKDOT:OKMYTH
142mc2D4Z7ZpSfhLtLDHYCu5zWQViPF9eLQ8BBxe2NNqmogr:12000000000000000000:OKDOT:OKMYTH
13k6Cdq6fRMd5WsrLWZFKQ6USYmna3vXcTYSbtj4NbNFxahk:12000000000000000000:OKDOT:OKMYTH
13noTpyAoCtL4DhnD9tn8FgBZ2er5ShxWUy6fCaYCLaU3jBq:12000000000000000000:OKDOT:OKMYTH
142soz8ADJNw7myDsba4Jy526h6d8GEiNUK5uAso9Vox8Bx1:12000000000000000000:OKDOT:OKMYTH
12Fb1tgh1RysF8yFz2vjosVN5ULYyaV1zdjXNQs48e3y7czM:12000000000000000000:OKDOT:OKMYTH
14Qiptrc9MvpVETWEZkTW2nFnapeQpMdbjN4W2b59R24cUmX:12000000000000000000:OKDOT:OKMYTH
16DWyVWsKmj1WMebyn2s4CqerXYuYPvdmYg1np3A9Yxs4jzp:12000000000000000000:OKDOT:OKMYTH
14tse3UdCD7VXt1xiEQvVXYZeBz6PW112VwwTF8JpDnr4Eua:12000000000000000000:OKDOT:OKMYTH
1E4xdLkUABYVSCcMGJi8xsTTE1usPcqAsB7XT6W2jfRZLeV:12000000000000000000:OKDOT:OKMYTH
14gXXEaosgdsYBTTF4XYARjNe4QuDCGM77K7ijESNist2vxP:12000000000000000000:OKDOT:OKMYTH
128jfitMFeEdcpi3xoivPJxCvzPi1KkjGhcux1Do29ZBWNbN:12000000000000000000:OKDOT:OKMYTH
13NAER1GboAUoJZtpMeceS8GupuYVrCHrat4uHncfSdixsFx:12000000000000000000:OKDOT:OKMYTH
13G2DFYkDjBhXSEVzzUMHmCmCo5sGPHCBgbg7CLVxMPD72ij:12000000000000000000:OKDOT:OKMYTH
15H52eKjEVMxy9NZwunv3mGwiNL8zbftsitfsdJpZFGgvDAb:12000000000000000000:OKDOT:OKMYTH
13S4PvdGsmHM5y4Jc2cJUrResek5GQt3U8jQPyA4HjetXPHy:12000000000000000000:OKDOT:OKMYTH
16ceRG4BL28mddoYichsFUgEFxdKmks9Z2Cp85Db8GJBUxev:12000000000000000000:OKDOT:OKMYTH
15Bn1fB5zLRfMbxKzKs5K4zz1W1Z9FWYyGE9dKroVFJ6dgGc:12000000000000000000:OKDOT:OKMYTH
13tDJGsC3W6ae2UQuiPxXdrRGA4uFrorCDjrHD9dxuD9VeuL:12000000000000000000:OKDOT:OKMYTH
1AjaCqgwZt7BYCtpwtAmQvcn2Zys1Soj8TuTEfXCt9p4jjv:12000000000000000000:OKDOT:OKMYTH
12U6ngy5pCwc3tykD7rVTo1M3Ah357nyMDRWQyA4VDL4iqjK:12000000000000000000:OKDOT:OKMYTH
1Hy5jGTCtQ91gTmrJo8hd8ezsNrgfmRFtNqiN8GsDN5r2BK:12000000000000000000:OKDOT:OKMYTH
16MpRMngCuqdtzsvjaKjJiXvFwBBZpsUyDeDaESsXha832tw:12000000000000000000:OKDOT:OKMYTH
15ZQUPBubahRdeinhFErh2bAh9W82SGwQ8M9oc4Hr75tkDow:12000000000000000000:OKDOT:OKMYTH
15pMfJ9WPVRF7DpfcnsqEmFRWfbKSGnUUvfjcmRdD54FC5b2:12000000000000000000:OKDOT:OKMYTH
12bss8bNLAiqFaUAeRBY3vBk3GvZEtCba2jm7kb6DAm9mfrQ:12000000000000000000:OKDOT:OKMYTH
15xoVB9oQpobKjeaeLaet8L1bvbKY75FvHjhP7f8yuq5dh3z:12000000000000000000:OKDOT:OKMYTH
1iF5PorrjCnqDKc5aYNQYishW5wX53tYRT7gjVphLnAVcn1:12000000000000000000:OKDOT:OKMYTH
14ZxEmHUngnHjQNLYR3WPN89nofyqLXe6bCtRLB2GkPL1jBS:12000000000000000000:OKDOT:OKMYTH
14jacCmUzb3DbhjAZAfxWNa6i9nW48CGFs1eyUH6yniPb94q:12000000000000000000:OKDOT:OKMYTH
15PRyqMkocUZ8ycnjcUi2gECJNtANSBu1x4P55NAoPHi5CRi:12000000000000000000:OKDOT:OKMYTH
13RsR9t5mDc8S7AUHu7Lziz2KNi1VodsKSH74gKbPBSjVhJQ:12000000000000000000:OKDOT:OKMYTH
16HafNeYU1WiLCjkszjh4uQRuwULZsfLskg5yKPwjAj6MwPB:12000000000000000000:OKDOT:OKMYTH
16Xwn4CmMZktCqQkgHhiUks71KquSddPny2LzjSzD9q7qCo:12000000000000000000:OKDOT:OKMYTH
14rqqQASamFCnKoRxeSjfkidfoMZuUEk9tnp4gh8SoL2FVN3:12000000000000000000:OKDOT:OKMYTH
15vbGx2nwdUo5F2z3jTKNN1wRQyLuSUyovEbEFJVKcDqd2hE:12000000000000000000:OKDOT:OKMYTH
16QHBffRzKiaHwpccoQTMNSpoGmLo9cMysaA9KP7EX5iEwPi:12000000000000000000:OKDOT:OKMYTH
1zMEmGKmaVWsXDCkmRD76bWqSanZ37i5uc71uUNmiDvXtRT:12000000000000000000:OKDOT:OKMYTH
1bLFPiH8guGT3HmBZ9XzYoB9cK4DccvHuy8QAtHg8dT7ycN:12000000000000000000:OKDOT:OKMYTH
13zgvMc26vvQZMJuspLk1d3RrbvDAGAy6qgMa5EZYyzrhavw:12000000000000000000:OKDOT:OKMYTH
12dExZtwquxB1TCUuGNjJuFjjMeGW9GkFsmv9fvGLxxBMTsm:12000000000000000000:OKDOT:OKMYTH
12ughMVh4N6UGpX99LheGc9Ng2gdnK8d6VRLvJqufZKRWsSR:12000000000000000000:OKDOT:OKMYTH
137Ftm3EXavfzQD9nNerXWZCCSwUQ1VSfkJykfbZwsRnC9Du:12000000000000000000:OKDOT:OKMYTH
15ePf7Nxc9GRZX8jzDL8pdKsfsAy4n5rQJeDsa2orbXq4m4m:12000000000000000000:OKDOT:OKMYTH
1nRfyVgefekkanoyjC7ZZxqGHtHT19q3woZwgii9eb9sz6d:12000000000000000000:OKDOT:OKMYTH
1BtAievnBtQGzeSU4Wc6A7myb4C5ENVi252M9REqJh3gWR6:12000000000000000000:OKDOT:OKMYTH
14DmgyL1ckktoPFLf41XssLxCXmGncnSJTWTRKRcp4VAMVE3:12000000000000000000:OKDOT:OKMYTH
12cuPqHosVmdseM74wwabjRGdp4ccMEzXRmdoDtCnhQz263b:12000000000000000000:OKDOT:OKMYTH
15hVyy3uRgUwV3W44Ab7YUT3gYKQ5Z36ND2FSgBV9uq8nx7Z:12000000000000000000:OKDOT:OKMYTH
15hTgXeyQ2mXJMfsrZWuZD99uhFJTiTHuT9kHXLdRMZrf7xE:12000000000000000000:OKDOT:OKMYTH
12SmF21sE8FGozVVSNvZ1ZhwdCyLhoPMZ4nEyuNtGwipfD7w:12000000000000000000:OKDOT:OKMYTH
1bd5nhrxf2fUPh6hTnLHYAKi2Tv5oYUyaxHJkZMVs3qzutP:12000000000000000000:OKDOT:OKMYTH
1JgfcJ6xep3cU4d5NZwMo9hgmmgeUM1qNsgbCUt3VwBeX21:12000000000000000000:OKDOT:OKMYTH
15mxQV7CxeUrhChHYs85iWApaZq92RVbTVFqZhiSm1QrkTFf:12000000000000000000:OKDOT:OKMYTH
12ektns8WMuv1Sr8NPcMbUTqgXfRskqBRksN1XdBp4bjBn4i:12000000000000000000:OKDOT:OKMYTH
14cHq8sNfhK46RMMy2VFkeXD6CLQR8vjKxKDGDWENQN7i6FU:12000000000000000000:OKDOT:OKMYTH
16MNGtzqbN9sXwX8ftZ4QYG8YZvhX1Gft2j9Vyg6NyA8iwLd:12000000000000000000:OKDOT:OKMYTH
15rFpateuVYVN3daiKQa1JKkRHD8kf7ERN48fm4eU8mVGmUG:12000000000000000000:OKDOT:OKMYTH
14qUCESRHDDPA7ftFx3wkmEm9EUeQQXYpEiAg19RcXL88MdX:12000000000000000000:OKDOT:OKMYTH
1xBK21k9JJDnoMCLaSafsBs64377M9VmwJ52nPf14aQqmGL:12000000000000000000:OKDOT:OKMYTH
15Te842XhuusxVakmbFGpMcBe29JtRHNNcDzLuKp1zrSBSBK:12000000000000000000:OKDOT:OKMYTH
13uZcdm4A49n3yJSxpZC9nuoUd1WVpyw9aUQBhXqcNLhGGtA:12000000000000000000:OKDOT:OKMYTH
16FJP4DgraeFqDJFJKMsKwU5HPTYt9Mx6LDU4V4vdKdyV2F4:12000000000000000000:OKDOT:OKMYTH
12XMaYM9zfAkCVKnQq77KHum3PvwqL7GiKmTizdKKTjRrTu3:12000000000000000000:OKDOT:OKMYTH
1DGsmpJYhsnZ98EFWS2nLyyskaD8jjyKHRa4ySAf4VJHyxf:12000000000000000000:OKDOT:OKMYTH
16jgF5m2JoMaCn1AXFbPjNj511dF3ivdXWCbbCCeq4VTpkZh:12000000000000000000:OKDOT:OKMYTH
1jcB21GkjiEAV1rS4C8kfxssgEQK2r6pAmjq1YGXJvwt2ZG:12000000000000000000:OKDOT:OKMYTH
1aQ3RaVACaGZ4SraoThBPDgSCZsszn5eWYvFfTRhhCpt249:12000000000000000000:OKDOT:OKMYTH
15c8LDyXvcVDhkkf2xVYYPPxzqPH3rKrPhoogh8ALViyxHr7:12000000000000000000:OKDOT:OKMYTH
12r4HbGNyrxu9W3ELEEPwVwF5jAahYpYjqrWdLDkhGiMV6xq:12000000000000000000:OKDOT:OKMYTH
13y3ZqbyVEmrtKfAoQo8YDrAf7e88P5pYAgh4fnvgfJuAELF:12000000000000000000:OKDOT:OKMYTH
127uZQF9wMiLSKUcEj94Et4YvWZa5Wjv1mkkDwVu74UdJ79F:12000000000000000000:OKDOT:OKMYTH
1j8UnZVcoLKaKdntH1nfWuaqkRaZuGJsAV6uAmpUUvsq8uH:12000000000000000000:OKDOT:OKMYTH
131FWNxbAPBt2GwQ79z5CL8HjHJEdj3JtT5M1cu3zxYfVmWb:12000000000000000000:OKDOT:OKMYTH
136VhEpwuG7ejHNAukoH66GT12STdKNUTp6pjkEmax1NiqpD:12000000000000000000:OKDOT:OKMYTH
1123L91wpjzYaaLSSDVBAZ5ixbC4UJK3y1GkRiQ85pwAoedQ:12000000000000000000:OKDOT:OKMYTH
15cX3N4vaE2wS8YLdLCijezEfHFwuhkczXoRnPn7BCVffDWx:12000000000000000000:OKDOT:OKMYTH
16i4tBZ9GwhtVUB25M4fUKpv5D76thmFtzf2KkZYNt2xnbF:12000000000000000000:OKDOT:OKMYTH
13dRK5HEKtZ9e35EnBpyMwjWxvudjPREQmUx9xTNq1bXdiVX:12000000000000000000:OKDOT:OKMYTH
16UjxwjVB2N9nGxwUevpEahFEB5fqunYPJsgcr8zHa3bi8My:12000000000000000000:OKDOT:OKMYTH
16CUZmnZCbP9f4wV9nkJYHvJkiGjY4qqA7xxyDRGBzL3HHMh:12000000000000000000:OKDOT:OKMYTH
14XetSFsbH3nLyqhXxrDbibFeA7pRWcLfXKXf9SxHqNH7TtN:12000000000000000000:OKDOT:OKMYTH
15L2im4J6xPQTnEPGsXqqbDnSvVjdqdbpsrb7XU6JxVuZoNH:12000000000000000000:OKDOT:OKMYTH
16T9MiTLsWVWQJEfoAkNCFDdrLPfx79QKt7xK7CUpdzMi1MH:12000000000000000000:OKDOT:OKMYTH
1QBE4QBp4CkdP42PnJc6HkiC9tdbW1jYTKoZ4XdSVZpDYGK:12000000000000000000:OKDOT:OKMYTH
11kH1Yy9cV879rHqxwsuLCDZCq24QMZfEBrPmRFGwmwbhqi:12000000000000000000:OKDOT:OKMYTH
12WVuAHgnAGKt6s44WHxrZJ2r1iATfS2HWhVUcZe5bTgB26z:12000000000000000000:OKDOT:OKMYTH
1pGqAa8dxThjT2PgiCAhJY3FBiXu2D2H3aJK3AFmQJidQUW:12000000000000000000:OKDOT:OKMYTH
13WVm1U5brMshRyc6TErHAuLvZ4W8S6wEjuXmB1Cv5EG2vYH:12000000000000000000:OKDOT:OKMYTH
14UBgyFR69fcNbFC1TWXuEGAWyxLLsKtCR915zoShuzfUwpi:12000000000000000000:OKDOT:OKMYTH
16MyeEUDHoVdrtxiDcLquzpq3PRmg7u5Gb4BN6vHmrkqotp2:12000000000000000000:OKDOT:OKMYTH
12Qr5HC553u26w1rHccX7PRZCDCFfcYPN5c4ikqSCd1in4dx:12000000000000000000:OKDOT:OKMYTH
138uUW8KFkW1nTwjFtGvZw2eMyVbYexmbyywFS7vdhyFNEn5:12000000000000000000:OKDOT:OKMYTH
15Qizrqy4AYnQzznPmhCq37BuHK56xhnWBEt3fh8BMATbeoR:12000000000000000000:OKDOT:OKMYTH
143SAZKEzqU6SX9hFL5Lmxkgvct9k3QiGxXgbiHMfmhZ97zx:12000000000000000000:OKDOT:OKMYTH
1oQ7ymXmBpFyT9pNsSsAs942rj7XihkiPiCvt8xf4EjeU3Y:12000000000000000000:OKDOT:OKMYTH
12h9f4GqKqwwqiAFJwde4TU4bkpwtwx7PoH4sjU2ZMQQBdjP:12000000000000000000:OKDOT:OKMYTH
15HtXrYzro8Suo1JuhWKPKK6Q2yyt4aieg28yEsWS9jeFJ2Z:12000000000000000000:OKDOT:OKMYTH
12W3bdbgmogTWNaaBdgKZpvN1wB7TwgXfcFWmbRJTwfm1u4q:12000000000000000000:OKDOT:OKMYTH
134HqbrNXGfgncfmJhvepdZ95mQaf1f5Y8TfHNzi1ZTa79FQ:12000000000000000000:OKDOT:OKMYTH
13R3YMQknvgaVEMVSbNyKsWJhc7LsMo4t84epc6x7RscyEpr:12000000000000000000:OKDOT:OKMYTH
1Eie18mK7zTEWXfnPyPZ4A8s6rLmt1nYw8X9UGQ6PqqLK86:12000000000000000000:OKDOT:OKMYTH
14kq2rHUd4KRGMvtWPTdcm91eA4vSZBEQvjSeSVUV3RhnDvg:12000000000000000000:OKDOT:OKMYTH
16fGiwSzxuscoCAtjpb7mDT1231tQJrZTDcRoSWmM7MvFD4h:12000000000000000000:OKDOT:OKMYTH
15ZgsU8SaSGxJYwU1a37nmK9BSZeFYjaMtVfxMynoiygk4Ki:12000000000000000000:OKDOT:OKMYTH
1411n7ttbAZxrDDDn8888GmkDPPs8aGv2WYz95VGuusnd85B:12000000000000000000:OKDOT:OKMYTH
14XrS8cVTGPKQT4epnZzDUvfKNN6m57eJE5Bu3CftpNDyfHY:12000000000000000000:OKDOT:OKMYTH
12icnafGVJUjJeyKigWsPVPrvTi2h2MCcY2fRmR4cWLsZVV8:12000000000000000000:OKDOT:OKMYTH
13E2zay9k2DPCEgqtaPkEpK1zaee6NMXmoc5Nz3c9KygcXhp:12000000000000000000:OKDOT:OKMYTH
132jxqqqAyeCoCxHPaiRe2p7TrLgjZfHaa3VzTh8ji1rfVHd:12000000000000000000:OKDOT:OKMYTH
13119CJFv7uTY4XdAx8p6DrzYyunmBMHsTxkDNTwUrmfzLfn:12000000000000000000:OKDOT:OKMYTH
14rt7M9aNfmhSuVbYb6aaZzHLFrg9MzkMJeJNqnks75n25KR:12000000000000000000:OKDOT:OKMYTH
153UkAsSMnKEQ5vPMi6tkzhwmhrZ2xvarJW2oLRN4jqF6tv1:12000000000000000000:OKDOT:OKMYTH
15qwkDhpwMFvFx9QH9XdYmEG6C5Qu2q34Xqv1cznjyQreGmr:12000000000000000000:OKDOT:OKMYTH
1YCBBTx2GBKVbNURGMwenhmwqrruz7YcMGBsKx8F2tpm4LV:12000000000000000000:OKDOT:OKMYTH
16CT2aYo9VPAuHnSnekDrgx3vrDXBDWHoEGTVeySbkm1YKM8:12000000000000000000:OKDOT:OKMYTH
13uZDCTcEFrz4kNHuxJ4gWaNdCv3enzajUdseswqbMqUPdeB:12000000000000000000:OKDOT:OKMYTH
14YpU5MTdSw3TfYJXAYobc2jepnGXXcCukV95yHBgxkx3qph:12000000000000000000:OKDOT:OKMYTH
14eqgjr4NZctPZwyFFfeZ1BwtYxWEfFz2h2TzZ6MWsvUK8tS:12000000000000000000:OKDOT:OKMYTH
14aF9z3JRebvVmY3fF7ELUHdXq8Wattu2GLJ9iHVsD5xVe9b:12000000000000000000:OKDOT:OKMYTH
1BwycbmmUoAAqSYso7WvDKnK7eTxFXRx833xGrgZKChaU3k:12000000000000000000:OKDOT:OKMYTH
14b4xpQaD37ysZ4NhtUHSJboXuSKZLb5NR73moYzfusu4yzw:12000000000000000000:OKDOT:OKMYTH
16kEK1HeZ73TL7hFwfwRE98EwftMDjEaPtN1i8ZmRXbM9ymb:12000000000000000000:OKDOT:OKMYTH
15Rh2YtTA62gPZuKTiydCWJs76yusaEV979pgdhhTyTBTBUK:12000000000000000000:OKDOT:OKMYTH
1KQZydrfFBWQjTWt9ggmdnTcFcfZx3KMV5tV2C5jdbiESfs:12000000000000000000:OKDOT:OKMYTH
12wZFfcJZH2nEumDFbKAcReCFPqTnozhYWwV45fkuFuDiare:12000000000000000000:OKDOT:OKMYTH
15PYevRhTusFL2kZunugD9p4T7cZswEstsdHWd6bgu4gfsAz:12000000000000000000:OKDOT:OKMYTH
15ns92vumcEjrF9rFnqQyHJawGHkXnda3Wh1hsJvngaXzGAw:12000000000000000000:OKDOT:OKMYTH
12mMQghgmCvmzy4W7fJ6fi6ZV7A61sxA92SuWh5NnhvJsnsh:12000000000000000000:OKDOT:OKMYTH
1513CWy45CippQ4Ewte1EDysSgCjcFowT3yW6rQAcZ6Sg8Kv:12000000000000000000:OKDOT:OKMYTH
14wr8rokdkySq8SnKe1woysYamZzjKBQByZ8N7Me9nkNMNJw:12000000000000000000:OKDOT:OKMYTH
15mjidLkZtkKkBRdLJbQsXUzZbCmn8uWFjWYcy8DTrtwgz3G:12000000000000000000:OKDOT:OKMYTH
13uLWaiDyFN1sSHd8mtNXRHUbifT4jyAoCBGLHa4xeedHiCV:12000000000000000000:OKDOT:OKMYTH
16LZKjNEqiPKcRLzJDC3cFgXNUtuESbdYy9BgNZSbRmUM9cY:12000000000000000000:OKDOT:OKMYTH
13rjRdtgG9JxCQYwdSZHwcCY3Zu8JrTwkQ5EuNYRnUzLJLbr:12000000000000000000:OKDOT:OKMYTH
12tAzwE4xx4GLxL72DtABexdqPqzTWXKWoss9yUq5hHyxxqD:12000000000000000000:OKDOT:OKMYTH
12igUJkj16UpwaVBhmk2DNuCYMSo7tVWZgoBsExSVAqY3zyU:12000000000000000000:OKDOT:OKMYTH
1519tJncCn1sTZUN5BLvvhTLS7i2NfdmTA6JSo7Sifuc9Cbz:12000000000000000000:OKDOT:OKMYTH
1s6E1aNGhrfdSnwmGqkTs9Th5VpJXbp24reZTZKdMDuofGS:12000000000000000000:OKDOT:OKMYTH
18pupzHpcsrHTMvR9r1tpi6ofUGGspbGZie8nXeQ6JEWBjU:12000000000000000000:OKDOT:OKMYTH
14nLZYCTwJBLB5AxqN6QT5btKQgsSYg8knDqy2GQ4RnzCgYn:12000000000000000000:OKDOT:OKMYTH
12QG7jkHcQtV9sXRy3aJk76eLyqpHwCcewzx8NpNxxXJwdvU:12000000000000000000:OKDOT:OKMYTH
15SnzpADriNZf7D4Qh48yDGtvj7kyqry33bGUFfrAn8EdNen:12000000000000000000:OKDOT:OKMYTH
12HDEa5W1Gb89B4uBwHAtypXzhuzMCVssmeTxReTNRZkSpT3:12000000000000000000:OKDOT:OKMYTH
1SzrjELxSkUz2fW1pRm2LgfysCZNi8cazyVbrZRS9zfu5UM:12000000000000000000:OKDOT:OKMYTH
127fhYk7V2e7qsZ6XCmqEm25tQDXiH6HCRGA3mLWXJrzj8NP:12000000000000000000:OKDOT:OKMYTH
14gm4D63KHcNnAfryzmGoq9T36EN3gtXZUAC9BTmjb3jmRMZ:12000000000000000000:OKDOT:OKMYTH
14wqNuxiYsZY2o34bvtBy9ssPBtyP7xwFpDxqCXUaJxDjcAQ:12000000000000000000:OKDOT:OKMYTH
1i2BnPxS4qb65dsBMwGBxM7fRpXsEeq57R1gmawCDxC49TU:12000000000000000000:OKDOT:OKMYTH
13iDXZKURpqUUPcGqMXXuUDtMFtr2nj3Qebku39gzHmez5ge:12000000000000000000:OKDOT:OKMYTH
13A7g6hMwwyiE91JvAhDdNNpZv1X9iq1PMoAthFjcpFupPzL:12000000000000000000:OKDOT:OKMYTH
143AUdMWan6vDC78ZRd6dC9KnGjJL2ZqvGb7mwoqdPb6EB8G:12000000000000000000:OKDOT:OKMYTH
13kcwETh8VwzBTiRXuGj2BWDQPQSqHNDUXqjSy6m7FWhsSK3:12000000000000000000:OKDOT:OKMYTH
165WHdxxkMKXVDsnpfxqBZutNKgzn8ctBGPMbJU5NcYeY6ZU:12000000000000000000:OKDOT:OKMYTH
137okUzzMgFL59KD6UMNCFDG2v8NwNXmgdkkszgeyfkYWuNU:12000000000000000000:OKDOT:OKMYTH
1H1jZzrMGEyHuxPBMpeKhcdKRxNAwek3VvaxAWaUPx6NJWg:12000000000000000000:OKDOT:OKMYTH
16PdbkAmjS6PGqiBr8fGxuYnWuDhvv7m4ENSMvn8g3iUXnpM:12000000000000000000:OKDOT:OKMYTH
1aqu5tFvieZnK2JhdZPU6jgFQKNeZkpHowNsvEHcUNaw2Vw:12000000000000000000:OKDOT:OKMYTH
125KzwhuagLt1vgPYx8AhGUkSw1HagwwKeq29WvzEGpwjUdN:12000000000000000000:OKDOT:OKMYTH
14eqV4dQhmpYd5v9QqV4BDq3ttuKo5yVU3YeW7kd74NxiUp1:12000000000000000000:OKDOT:OKMYTH
13f9xchAKvSUf9SyntnkKjVqUJp73v61bXjWymdnekzX5Ufr:12000000000000000000:OKDOT:OKMYTH
16kLKSGk4JAtYbC78huf9RJDWcRgDKQmL73Pob3DTdQ9Bm8T:12000000000000000000:OKDOT:OKMYTH
13BPi42wA56DQCx2TUuEwr9naf6aDD2NYTdUw8SvtqswY5dL:12000000000000000000:OKDOT:OKMYTH
16f98q6J8uwqVK1QM9UFEqv9qDZ3k19baYchBU9t8rNeu12J:12000000000000000000:OKDOT:OKMYTH
1kUsdM3Scyw64oKBBTRu66K2GdKibAnYn1J6jrKgHuqEE35:12000000000000000000:OKDOT:OKMYTH
151iQXffcdnqaPkjKAcEyBgWdGkh7qgANR7Q4LM1JQK6y5tv:12000000000000000000:OKDOT:OKMYTH
14LsFfcUbBmPPVMz7qnS95d56DAF2mGUrVoU8ZCMANMmxh9w:12000000000000000000:OKDOT:OKMYTH
18Kkj5baKMqHjthWymmMWuv5gSFPDrBPKmJnYDXGM8ewZHx:12000000000000000000:OKDOT:OKMYTH
1664n7kmQUtv8gMtAJbd4p1kyg1JQRWospJH9NdmUPA9DF1A:12000000000000000000:OKDOT:OKMYTH
166RiMvcd4RDu22MKP9c3A7SrbTBjG6D35U4ch86S5WykjEP:12000000000000000000:OKDOT:OKMYTH
14sBhkd8y6dcYS3JExrqXEjxDzs2ZfUnK5QNWfGqdrA7sm7g:12000000000000000000:OKDOT:OKMYTH
13Rbvndxou3rQxiqagXvfdZeL1c1krAXwFDhLW2bAqigJCKM:12000000000000000000:OKDOT:OKMYTH
1SMYvdGiz3xTxpX1fv9az3a7nK4KZa1LtZ2dCaxMnQX2VPv:12000000000000000000:OKDOT:OKMYTH
151Z22wBq5n2FdVZcWcAprGQ75SbNYBEE7wAcPdpinFnzF7C:12000000000000000000:OKDOT:OKMYTH
124Wz6C7cPF3RjQqDM4fEnFSr7AtYgFKm8ni1jzcA3C2xJbo:12000000000000000000:OKDOT:OKMYTH
14onf2R7kGUowypbgE1uCPKU2JckKqDocGozCSdU9nKKfEHY:12000000000000000000:OKDOT:OKMYTH
19mye3WpnGpp9bs7KYQVRpngB1UCc14aQBTtuBdYWLbBf2E:12000000000000000000:OKDOT:OKMYTH
16WHrjEBwM6ruBkuM95hapXY2LNbvwdDe5ez74Dydy69Wrhh:12000000000000000000:OKDOT:OKMYTH
14Kd9e5gexdnZP5ZshNtCkQBxqWMm6cLDP7CabhxUCB4ryv9:12000000000000000000:OKDOT:OKMYTH
1TuX1VZjzt8Cya35NjSwqAwPUnymVfqjLSFFJzBNmnz5pyB:12000000000000000000:OKDOT:OKMYTH
168YTusKU4Vp1XEtAP8oVNsw3S3QN1tvMK9R3d4uNFBJKQd2:12000000000000000000:OKDOT:OKMYTH
15LYEJRwHLDQ47Twe2f6MQHSxWRxomYb9NaQ3dV1pKqSz9jS:12000000000000000000:OKDOT:OKMYTH
13x2YLZXGhsZsBDArSKxgiYJ6SRLXUfWE65JdAkcKx8EKfGD:12000000000000000000:OKDOT:OKMYTH
1WoNc2jHHEw7fdpa5ULNpJA7vvSukVPPtJGgkCP8PwGgE2o:12000000000000000000:OKDOT:OKMYTH
122pr3PLRcYkPa7FRPTxRcrJCHf6uHCRg5Sh9V5xzTbPBYy9:12000000000000000000:OKDOT:OKMYTH
1gnuTrM2QGEjE12rJYH7MZazgbUymhqzqG2Kt2LgVcrx1PP:12000000000000000000:OKDOT:OKMYTH
13V48Qg9FGkypAMkH8tFwm7L74Ks4oCKtL2i5k2BRe4EJGWK:12000000000000000000:OKDOT:OKMYTH
13GnRRLsEXuuW9sbkg1Qys27zGEKiPLDSi1ksiExXSUCZmLC:12000000000000000000:OKDOT:OKMYTH
12DURFcejdLbnaBkeSfmWGAKFQ3mXrNgGSrzreVXVM9TPB3R:12000000000000000000:OKDOT:OKMYTH
132V2Swvt6wtacnbJoJvu6gUMYDvYE2vJFGiVNdawLNpj9Uq:12000000000000000000:OKDOT:OKMYTH
15WTzpWzRsXjTh6Hzj7Pjq6idYfizNy3XMvLB3oPcXWSQs4c:12000000000000000000:OKDOT:OKMYTH
16F6cQD6uhh95sbFbdAcPmrQK3R7awZjewUfbGT3kYieALRS:12000000000000000000:OKDOT:OKMYTH
12Sz1HARFwQ3rK7JMVSSa2QdJwULTMk9tDpHeZmwk9WvjGAu:12000000000000000000:OKDOT:OKMYTH
14BmGcq9zmugGkfM9c4EN31wqRp6ujnKAktpFoLZbQxNQ2Hw:12000000000000000000:OKDOT:OKMYTH
14LwDkm1eca54P4GSPzpQqu1Aw8KkGtWoC83uvdU8kwzt6C3:12000000000000000000:OKDOT:OKMYTH
15d8FE5S9yBbcefQCCxQ9N9U4mUYXWkU2Tw81DL31Ba9mKuN:12000000000000000000:OKDOT:OKMYTH
13RQJpyL4GWjk19RsccqUX7UK7SnvRz4igbhuDXhbGYvmKYY:12000000000000000000:OKDOT:OKMYTH
1nBaXjETHhrPeUdRoznNcTUP4Ws2iE94STFZDXwhJhA1rEQ:12000000000000000000:OKDOT:OKMYTH
1128etMZm4iZU57kCGuw3wu9CrLzmzYht9EFNZS3A21KVR2g:12000000000000000000:OKDOT:OKMYTH
121V3eP4tgUFxYEeAHcbjJzPTQniHU7kZRSdnD12upx5VMzh:12000000000000000000:OKDOT:OKMYTH
1skfGbwkkUsCpm6ucq5oUN8ccNR55U6ZaHMX4T3z2zbXb3v:12000000000000000000:OKDOT:OKMYTH
13o7sfoTe9JivJSW3CS1LQKapTiCv3HP3yCzCXJiQzipVNg8:12000000000000000000:OKDOT:OKMYTH
1sQmYk6VWndDUcVaMfCtNkAWkFywLV9um7Tp681E6QYL4wo:12000000000000000000:OKDOT:OKMYTH
1BfHv7VzLwxr73R7UUdLD4Pfd5cKxnyWfRZMFES1TqUWfdp:12000000000000000000:OKDOT:OKMYTH
125UeRnFPpWV7PSQn15gveCePPCnnTPTRJAzNqyWjLa3bKh4:12000000000000000000:OKDOT:OKMYTH
12TDSWuacfR9d7LTrLqmu7NrG51thC6MzMqEWdyPwir3oWV6:12000000000000000000:OKDOT:OKMYTH
12kLTsRNikGCZeyzJrsSE7d8kJdqAFfa7jeapditmtR1xAVR:12000000000000000000:OKDOT:OKMYTH
15JgDgujK4yp98o7MmrEoQq64gKMNLwx5jtBBvwjM5ryCjza:12000000000000000000:OKDOT:OKMYTH
16mXmtenAStjKN8S8X1qv33ZrzTH8vgckeUBpArgeNbPyd4G:12000000000000000000:OKDOT:OKMYTH
1F4L6Lrhw3m7CbdCioptWDGztFN9GtDh8kyZguthGSWisZu:12000000000000000000:OKDOT:OKMYTH
1qQLqCFMz1dtD31Mz7zCZEeSChqsU7U6whFLXLwvHjngiNq:12000000000000000000:OKDOT:OKMYTH
12VhauEPHbAKSaZ2Jk5tuCLmEoEqHp9tfsqWGRgfEL3uxPGh:12000000000000000000:OKDOT:OKMYTH
1gHLkLiwuEme9QD1LWGZ82NTDfJYqFc8ghKG1RTJwWNgEY5:12000000000000000000:OKDOT:OKMYTH
12euKx5LhmzomueezrAu55k3drAnY8PH2pt73GapV5skVuWT:12000000000000000000:OKDOT:OKMYTH
1skqhX2oQPChoYATUS8MZfsZD64ethV5nvzLVRk7rV5RdVW:12000000000000000000:OKDOT:OKMYTH
14tzdYTFD38LWrhoX4toZrPoQxaTykxwRKzr4tPVF3Rj1k9Z:12000000000000000000:OKDOT:OKMYTH
19z6bEiTGMYZHcGdrwrJtPbk9EDXd5szboVZra2b52zVix7:12000000000000000000:OKDOT:OKMYTH
15zdyWpUbwvFirgzLLFH1r2utTt3sRR3ttHJVTJnUAQMurk4:12000000000000000000:OKDOT:OKMYTH
13C1TatEJUDJaQBwW1sMWsKEfMEukDcvfdJ1RGKk3mLoF3mn:12000000000000000000:OKDOT:OKMYTH
15iHZKaBcrPe1xvbi9bsyGwF6qEM5UKmDGjUNKm4cBWs7xXt:12000000000000000000:OKDOT:OKMYTH
15w33CfvFzt3V45Gt5MjVcqW4RK942VAuEcd9ZYkNwuhk9ua:12000000000000000000:OKDOT:OKMYTH
1HHT2743DheYC3oQDWbu7dMXGw15kJ6HyfCWusSqLc6EqRm:12000000000000000000:OKDOT:OKMYTH
14aekSicf8ekjgMjfXxbbGuLWyHkyqtonPkY18So1rQnPHkQ:12000000000000000000:OKDOT:OKMYTH
15RxT4HZY7m58kCSeuemxBR4PHz3uVAEMRXpmRWupfeEcVEX:12000000000000000000:OKDOT:OKMYTH
16kBqWq9bbGvBnuecwr9Te33P2azEPmk4i82L4DnaZE2bQTF:12000000000000000000:OKDOT:OKMYTH
13adDtc9DtirAhNzeuFyvfz3xJGNz8y8bz2dmkCRuMyVcyuX:12000000000000000000:OKDOT:OKMYTH
15nnf1Ds4sgGxdV21YCvj4bbU5ndGkRUtRwmYDtJS21tjy4V:12000000000000000000:OKDOT:OKMYTH
1324vU2cpa7dyVsfdkVrJDk9TsK26dSh1MEDkmUPceoGmXT6:12000000000000000000:OKDOT:OKMYTH
12YwzJrJYsU5iQaMUenk2X5p8S6CkT41fcqmPfpZBRYbS7NE:12000000000000000000:OKDOT:OKMYTH
12FUwur78y7dWHS2Go2XYw5aCeyGoKKfxzBhS3EbX6x5pZpR:12000000000000000000:OKDOT:OKMYTH
12RqKM4QY3x2uRPNKQ48UhgVe26Xy9vSW2XHJvPD6p3i4JLm:12000000000000000000:OKDOT:OKMYTH
12FhVoLw4E7rUUGoLfBc4Wf6Dq43jw8UdrvwM2ZXLQKeWwu5:12000000000000000000:OKDOT:OKMYTH
158LDQbQEW5gWwE2bRmpEVTETNuTbscpdjuPXsJYYpFM97Fq:12000000000000000000:OKDOT:OKMYTH
1Fww2TmZhiNLQQj7LmrR3MEDFhHcuUfxTxshsWwzwp8Mq9F:12000000000000000000:OKDOT:OKMYTH
1vZf9qcbqjERmLCvkvQWSh2igLd2RVX14umC9Q7DY8raGSv:12000000000000000000:OKDOT:OKMYTH
13jewNZzbg1RbNVKJHkKaAdZUcK3sMW65kVXw9FdmFUzm8SY:12000000000000000000:OKDOT:OKMYTH
14Pwj16wib8Jkw8CsZx2vnkX7aCW682vFsYXFRj7Ji3JQizt:12000000000000000000:OKDOT:OKMYTH
1nEBVzUPjpGPmCuNCo6B9JNAGN3umCwyqrqN2WeVDg2sZnU:12000000000000000000:OKDOT:OKMYTH
12QSkePomu1GkghAD2wwV1o2TWGsUqPYyGhAG9QnXxhtwbbG:12000000000000000000:OKDOT:OKMYTH
15iFkb6m6VhQy4NNh52t7EKV3kx9f9ko7s49CY9fLNyaCeos:12000000000000000000:OKDOT:OKMYTH
1KSXJyEGF5Q74RPPm223qxWEcMJMtYSQ9JkyzbWXpY91kHa:12000000000000000000:OKDOT:OKMYTH
15ogbaz6cqNtyZn36k68EFDp1cV3u7R9Ex7nM72KqUFnHEHu:12000000000000000000:OKDOT:OKMYTH
13xWXEwSGX6yZnsdxeDgb4vhNTkipoWKL92HDmHvccgHuQU3:12000000000000000000:OKDOT:OKMYTH
12pGSymUuujkE2KkW1bYxY3QxrDciBoCttSFnhc5FVETdvWm:12000000000000000000:OKDOT:OKMYTH
16PwoaMk8CHyRcBScthHQum1F1rieJDAAbJimwWwavVeMp18:12000000000000000000:OKDOT:OKMYTH
1Hh4HY2NdJAR4uC6PmD4QTC1YjpDai4iZ5B69mZC3sNTB98:12000000000000000000:OKDOT:OKMYTH
13rwAiGhbtexHRgk38tse3YWWL6Q3WiTb29Ez3D2STpFuwJT:12000000000000000000:OKDOT:OKMYTH
14pdkU6JzFQGMHPeMgVU6X1yN6WFHUL29ZBgb8vqp6CTqBXY:12000000000000000000:OKDOT:OKMYTH
14gephvJhWYj29uqNE2kppMbDBSqRdBLTt1qkyr6mzRLaS8E:12000000000000000000:OKDOT:OKMYTH
13Xout9aK9pPtx1uFon6UEpWSd4B1BvWiaCyNRoPeFgwXTFu:12000000000000000000:OKDOT:OKMYTH
12zLUCTLz6w2vgqQJBd28Ah24qewiWMFsTVkz5MDa6uB7Z6a:12000000000000000000:OKDOT:OKMYTH
13w2q7wdjF2LiZeXyRzoPoFbSBkeST1ARrh4mvpAvgtj9E6v:12000000000000000000:OKDOT:OKMYTH
14B2qx3pKRzQx5hhm36KDPgYBTMBqZ41d3xMQvthNdVaopY8:12000000000000000000:OKDOT:OKMYTH
13BM3op3R6DmJCYzrMc323AiZD6UVjghTmw1jfj1qtYiVFLN:12000000000000000000:OKDOT:OKMYTH
122cs9CaSQSJ3W9ZHA9wgQ2PzA8X7aqXsYuaqHvCkxdJKR5R:12000000000000000000:OKDOT:OKMYTH
15btHeLRcPBqdd4uY67t4H1vijvZUnCx1h2vLHfKVCQfT2Lg:12000000000000000000:OKDOT:OKMYTH
16hb1RLiPYM58yMA7ZxYNvtz7ZJ5o6gxbUy92ZLZnffbdkFX:12000000000000000000:OKDOT:OKMYTH
15aiU519K1WqzGtBpvwCjsMRTDs7ZiEzV6WLW2DyyNksTZ2Q:12000000000000000000:OKDOT:OKMYTH
1QYPkS2Tyfxt8zY6hUvQRTXoBZ6iSp9w7hgiEd2q5ictxg5:12000000000000000000:OKDOT:OKMYTH
12pEDXPSiyAqMo6TjArdRnUL9CxWgkVESutazz1yrS4kQLbY:12000000000000000000:OKDOT:OKMYTH
1vKR4G3kx3KBrPb58Zxg797jr8fKsefETEXxecuuwCJjzUR:12000000000000000000:OKDOT:OKMYTH
14rtFuFaDrF2yLRpkPjdtZxVCbAmmixBicEQAz5qNNc9TECb:12000000000000000000:OKDOT:OKMYTH
12QbaS2vq2MNjqju8EjsbVMboUmRP86YSjRwas9zhkoEUbmj:12000000000000000000:OKDOT:OKMYTH
12hqsj29rHbHAtNRivTC3wMWKYEVMDpyVCDm8L7AG14n5pr2:12000000000000000000:OKDOT:OKMYTH
12TEXT81eiq3jg5WZ15RKHhBCDjeumb7Mu7xehxRvQjb4EVG:12000000000000000000:OKDOT:OKMYTH
16fFPgPNfaev7nfHLQ7nAPFBsyDLfUAjCj7Gxw88L4phR6Dg:12000000000000000000:OKDOT:OKMYTH
14dpzLM2nQs2cHGLsiFB5R97TkTp1P6iwbDiCErVLSEyQWV1:12000000000000000000:OKDOT:OKMYTH
164rEdvAbLFfKRhJPMpu8WmqwtQyzpwnXYhM8eWf7AtKStyB:12000000000000000000:OKDOT:OKMYTH
15zGQgV8zAH7e71ao7KWxh1vgQ8Es35LLwfmKKudGUeY7nhq:12000000000000000000:OKDOT:OKMYTH
14Ai5mBEJ1mkRqSbdc2yoGeNDUjRtC3ewd3k3j4atvpWsSh1:12000000000000000000:OKDOT:OKMYTH
12LGDggz3177hy3cq9YJqMadQkU8LS8wb77iFTRyY9CKmSjH:12000000000000000000:OKDOT:OKMYTH
15mjVRB1Jr3uaDGs2HT8B14t2s8Ey7yrkqcA73wh9bJoY8ez:12000000000000000000:OKDOT:OKMYTH
1gcSJuhopHJdeYHtyQNJMFEBvyPwgrFfEvCxyssaZ3VwbDd:12000000000000000000:OKDOT:OKMYTH
13m2xprY7fHewpKFxTjsRLGCRKgGXvjEVyWTC4JEnju1qckM:12000000000000000000:OKDOT:OKMYTH
14aacATyEYGmxf574pho6oqRqtHrhtMrbfwnijQJDHBkj6mQ:12000000000000000000:OKDOT:OKMYTH
15jjAG5GabKXKMcmXFx4Jpfkw1ipQqmedN2SWabqVbshxdwL:12000000000000000000:OKDOT:OKMYTH
1KsNgDCEBx6N9g2q7DLy5GW8jZFtNPGAkNNyoiFoJbpZ5uC:12000000000000000000:OKDOT:OKMYTH
16ZKfa2oxhgmQNrsJyvi8WgZuA3kGdYTzBE4FqT4yCESvTGa:12000000000000000000:OKDOT:OKMYTH
15y2m5qkyaUbSMTJf2qM3ZZChrtra1foDdarPJGVzuFdqoBn:12000000000000000000:OKDOT:OKMYTH
1xZM68J4TmFPqU7DVfmXF4voee6v2YgDMX69TJ8MqvPtZvU:12000000000000000000:OKDOT:OKMYTH
12NKBStR8gxy6NWMEkqPuMyg59fyHbY1s58kGoQMB9qrJAyr:12000000000000000000:OKDOT:OKMYTH
16Mc6UxcvEJoPrNWULyDCXXEFZv9nMCLPgdwwB4FdwkfWLNH:12000000000000000000:OKDOT:OKMYTH
13nEZ55ZEizGqPkEJ1JeLCma6ZatTduuYmmxx6zoRwRLkHkr:12000000000000000000:OKDOT:OKMYTH
1MrzYGnojjYU3g9j9bJAeV6MCFrFSJ5TWjV29uCEvJK5wE4:12000000000000000000:OKDOT:OKMYTH
1qfcLZjrhy9eJbLmuuHrqc9rVRPM8F7NxYkFPxGyABD3Xer:12000000000000000000:OKDOT:OKMYTH
122ujzqYyuqNPm5uB52nfBc3myeiNkk9Wnw83fcHdRngtVC5:12000000000000000000:OKDOT:OKMYTH
16Dxp64eG2nUK5haLR5zgNaqNRpVvJ92tT7EY5W7qnSbTJCE:12000000000000000000:OKDOT:OKMYTH
13brRyZUYpRfkpPKk8XFhkUEF4L1veqqPQ3R6wFcY5aXeMbv:12000000000000000000:OKDOT:OKMYTH
1PLFmxVJz39gB2ySS6udnRvr2ePUfZJ6varTNz8KG4iDur2:12000000000000000000:OKDOT:OKMYTH
12mgwDX1FA3NkcouGRqe6NdvZajNoktPJhN3vLkJLmJKMTpv:12000000000000000000:OKDOT:OKMYTH
15ZJ6SApnQbqJqk3dfZ2869WDm1ecH77ySVTrXQNr3YFngyc:12000000000000000000:OKDOT:OKMYTH
14QPPSEhSFHPBmwBz8JnE7NfhtmSw4E4a8ZbwEhFLRbNC1Dp:12000000000000000000:OKDOT:OKMYTH
12GMVmGuhVz2J8QgEfHWshvZdMmtvSVFAnSLkyukKDBR5xxz:12000000000000000000:OKDOT:OKMYTH
12nZnhZfN6YA5PePBsY9sH1DrghSpLZ4c7rwnyqU9pyqBLGo:12000000000000000000:OKDOT:OKMYTH
13pW2c7QPHei2ehaeYYSGqypdk93FhVUtVe11dAZXJpVWgYb:12000000000000000000:OKDOT:OKMYTH
14kg2uY5dTai3YkeQqtB1HmZMvsMjdzbMfA1pLqDEauhiWo9:12000000000000000000:OKDOT:OKMYTH
14Q2vPrUrPoUzVCNgi7uMmXSbdW1YLyx8eyzNh93DFMi8Vqb:12000000000000000000:OKDOT:OKMYTH
1H68osRgzYqhYrU5mJSC5ZXAp4eKLf7sEL89eAryYwfuhWk:12000000000000000000:OKDOT:OKMYTH
1dsrZZxjwndrVuhbZ9Y4czt1DXy6iMA4xyr2w32ytX8WHAA:12000000000000000000:OKDOT:OKMYTH
15WUN4tkgfb8WwSSsKudj1JZkBdSXkLtmPUkcrVXdUQ9HMBn:12000000000000000000:OKDOT:OKMYTH
12hK1kNCxdCxjgq6kSFqxXKXFX2WasuRbeLrabKwQrMYWvSi:12000000000000000000:OKDOT:OKMYTH
14QgHmmRKUrVzZJA4k6JKq11QELPYjWaqDRYupCdZCqtc769:12000000000000000000:OKDOT:OKMYTH
12Lt2aLAQY1cJcQD9yJ4j5h9a9JTtwNnBVjFJjDqkGjkRyy8:12000000000000000000:OKDOT:OKMYTH
14qybh83B7ccA4KeFLKvh7JdDhUe5b6ZFmQqG2tAcHp6QusU:12000000000000000000:OKDOT:OKMYTH
15rjBykkHqYVtRCe7q5zwnNccyaLWtnZtnDRjsFuz4WVceUZ:12000000000000000000:OKDOT:OKMYTH
16PDRZaghL9zh7TydtBM2wsHykyP1ixVmvPWEFgBVHwwxNyA:12000000000000000000:OKDOT:OKMYTH
13HXRXvNhRg2EH9crxfhcTioiRZsTithQPGz5jgBCWTRWRKL:12000000000000000000:OKDOT:OKMYTH
14PfXL9axMPxw6u9otqewSyuykWCYavCXCazBkhaBexzwfzn:12000000000000000000:OKDOT:OKMYTH
12L96Ti2ctF5SzyX8aYvPhkjmXZ7dzLYUerpXR8HLyiq5wxg:12000000000000000000:OKDOT:OKMYTH
15Hwsswx6Y7Y7A8fGHsDteLGPi7FbEEPjr8DjnRN4XsTpgua:12000000000000000000:OKDOT:OKMYTH
14arbRTwSvbApAYKopZ8ykRNoEbPQMNDVqxi7Duk6srXuaDj:12000000000000000000:OKDOT:OKMYTH
1xBCFZBKAzgMvHyWYJtC2DyWACAdVtHXNMJLmZeaeLEGgua:12000000000000000000:OKDOT:OKMYTH
1Zytfa9ToAWtNvMVKxSNaMn78w4wkUmoGBDAuN6RV3KrGz2:12000000000000000000:OKDOT:OKMYTH
145MbT1wUdoBj2896u2LPA5MzwkxXYZ4Jn5ZVKFU2oGE56mU:12000000000000000000:OKDOT:OKMYTH
15rFpu9v7qNtf9HPWwWkNfAoypANp2JZw5od4ecJ4LzvdUa1:12000000000000000000:OKDOT:OKMYTH
16G2jRuk8hfnnWLATZCqzP7xVwxYTPRzoQUHYTdYgBjjo46K:12000000000000000000:OKDOT:OKMYTH
13ihyxGz9PXduYSSgKRNCf3irw9sLQkBaL9BV4hKYxcHAkba:12000000000000000000:OKDOT:OKMYTH
16F34SWHFGyUamzPMGE1vYYRjzBsu32tH9ASeXMpnbs7EYPm:12000000000000000000:OKDOT:OKMYTH
12CKWDJHj5tSbzLVXdT1PLa5Z8A8YNVp7Vbzf5DAS4nuCDCZ:12000000000000000000:OKDOT:OKMYTH
13uhC7FjNqyn3T7uNJy68v4E7Z2oUjy4EjYKaVr4dNxzPSws:12000000000000000000:OKDOT:OKMYTH
16GBWVCH3Dhe5ymZZsiuv92RotJSHRgZc1JsBg44yTkZbEi8:12000000000000000000:OKDOT:OKMYTH
12Hj8thVgUa2T3UhJXzDCE8yCCxej4gGxbHeKrtzzXwZTjGZ:12000000000000000000:OKDOT:OKMYTH
16QDf6JYoYXycXzLYUWSw73qf4w3LuQvsncnKrcxJAhMPBJz:12000000000000000000:OKDOT:OKMYTH
12eo1xFdtfqYEuVmccDNVntBa7tJArzgzqkms9QkWPhw55yG:12000000000000000000:OKDOT:OKMYTH
1gdXLTA5MsitJuW1hrojX5F58Bi1ewEo51FFej7v5nZADwB:12000000000000000000:OKDOT:OKMYTH
1sWp4BRJihNSTAEaiwEJ3nLXFGn75xn7KALW7UEFXMEb7dM:12000000000000000000:OKDOT:OKMYTH
16Dd4ikUte6nf6Dg9tXUXUYE8R246LTucRaEVohqTQFBLBzf:12000000000000000000:OKDOT:OKMYTH
12YPcEV898peaefcebPmjPQvRGSa6Rd7aYSzcLp4vGB3ByJZ:12000000000000000000:OKDOT:OKMYTH
11JWgKnC9B4Fja6H76Uad6RSPfAchL61buvif3tk8Dy4GWe:12000000000000000000:OKDOT:OKMYTH
16E2bdbtVEcnNdsWaEQQ5bY7hbkd9GYHMTEPxk1KVdHjrd7r:12000000000000000000:OKDOT:OKMYTH
13vZyG9p9RJhV7SPiZPraZSoVcmPBPFFHVhPS25f94u2FCaw:12000000000000000000:OKDOT:OKMYTH
14NdhQSbcZdr4eyQUYjnengTkabY1mA83pXG9jeUx18LVcR4:12000000000000000000:OKDOT:OKMYTH
13Ezf25FvFuRfdwXFp2BorqMitDPaRET81njvztktNuYo11u:12000000000000000000:OKDOT:OKMYTH
12PZ3favKrXaETNhfGesXVrc2oRBcuccfvtcRy6sprQCs4Uv:12000000000000000000:OKDOT:OKMYTH
121zXkd84hdta1cFYa5DDvG7W5D6oRuuUtBswvDsACdHyWan:12000000000000000000:OKDOT:OKMYTH
12awug7sQiH1d72eY1q9RU7f3pFmMaK7fXrgXdyu8hTEHTcD:12000000000000000000:OKDOT:OKMYTH
12kcLRFXxr3BNNeTH6X4TsVXRAhFk6WLnvZWGCRdhM1nrYxY:12000000000000000000:OKDOT:OKMYTH
13dUiUD8TuKW7MPtWY2WLzcrya8XCs9wywHHKvojurCsD1dT:12000000000000000000:OKDOT:OKMYTH
126SufQQqzvZGVgFmRXP8mNmkixGndrxqNQ71A1fariDLyCU:12000000000000000000:OKDOT:OKMYTH
14jW7gV97npbRvRR3nqGe2x1STw7dnHwRwXJoZSfHug3M1id:12000000000000000000:OKDOT:OKMYTH
16DSa1ix4JRkn4D7vCP9bZ72uZfJaLx5MA3QV3QCGFi9KzoU:12000000000000000000:OKDOT:OKMYTH
15ajnkD4fZZkhGa58kM45v7qrNXiWkV4fbwPYiuPgrtqzrn2:12000000000000000000:OKDOT:OKMYTH
12WD1mgvq5o51feeCg6N3pAS9nmcaiQa5ZB6Kmdv9ezn7nym:12000000000000000000:OKDOT:OKMYTH
15kpi66LxhHUaNgBA7ksVhUY3jwx6rgCeJjMHDVPBvxCn4S5:12000000000000000000:OKDOT:OKMYTH
15puWhsD3FJkhBYQyCpgx2BLd9XqGyF6DCZt7AciCMNLVFoS:12000000000000000000:OKDOT:OKMYTH
13d3bKfvU7dChcxvVs59VEQFkmh4dUS2GQMXYczbfx2UFzfq:12000000000000000000:OKDOT:OKMYTH
14mmRhsEfUpR1kc5Ek3TPmnFJx5bVKKnqKWoPRDeEkqrWe6p:12000000000000000000:OKDOT:OKMYTH
14MPcmXVkKgVtkBGQbVY9EtVHQ1Wjf3Nb9ZjyBnoJKFeFo1T:12000000000000000000:OKDOT:OKMYTH
15pr5aQASNaYM9adUf38mjEem6yJJJbhP8cCHnZ8WFkXkeVX:12000000000000000000:OKDOT:OKMYTH
13NCLd3foNpsv1huPDzvvfyKh37NEEkGFotZnP52CTR98YFJ:236000000000000000000:OKDOT:OKMYTH
