14E5iFwUNveC9ccodQLYNPfoopWVphb13ffjxmsYNdRRyHQZ:12000000000000000000:OKDOT:CHECKMYTH
12VZymaYJiJF8khfFuWDsbyMMMFzrBY5odq8dywJomzGtBsx:12000000000000000000:OKDOT:CHECKMYTH
16KMUzr6oubAjQhPZjdEuNiHRDvrN6nY8tdYhqeRLFaJNUUq:12000000000000000000:OKDOT:CHECKMYTH
122d1jLFGA1oSeS82Mm7oZQeBMo6h5iT3GouwCte9Jh1GnHn:12000000000000000000:OKDOT:CHECKMYTH
1sU4zADHDwq9agMNgcp4kJhdgapQgjepk2rFcJhPM5iisv5:12000000000000000000:OKDOT:CHECKMYTH
138r7zdPXknnSVVMjXjkr9Jt9bFLmiaPhfbWhDxVSUMrU4XL:12000000000000000000:OKDOT:CHECKMYTH
1653ka8Hepev1afKbwNQASS8fYdki1xV4c5XKebBYU1LBrFk:12000000000000000000:OKDOT:CHECKMYTH
1314yLfmDTaqRt6KJhjKLahmpcH5EZ4iNgWvzsBV9CyaKmB6:12000000000000000000:OKDOT:CHECKMYTH
143G9vZbcxdbCxC7VS6GWK6qXbVuUBLqGp2SDFXoEAtU1ThZ:12000000000000000000:OKDOT:CHECKMYTH
12k8xYEXPtqCqN1ou395RQjJ9ZQmZc4ZissbrutiaMwukwPQ:12000000000000000000:OKDOT:CHECKMYTH
13a23cfTnaHz9HM7oDQU9W2BcrHw1s2K8eNVodSPVGHdpidK:12000000000000000000:OKDOT:CHECKMYTH
13HVyZeqiAMxcph5mYWSEtt5usrG7o7E4onXkTsseAdwmf54:12000000000000000000:OKDOT:CHECKMYTH
16935wHBRXfSCZq2ZbGQG4UBjBM2p67Foe8Jam8boTFuX7wD:12000000000000000000:OKDOT:CHECKMYTH
157uioHATifiskuakganf5ESdo5c9A3SVkoSfwTN3gSpmiW7:12000000000000000000:OKDOT:CHECKMYTH
1Hozyc1FAaNvHheyjeTuCFA5oCRnR9F3pXuU9QRgYXRGk68:12000000000000000000:OKDOT:CHECKMYTH
12FDEWqmX92NBVqBKpghMEVEbgugV95xc8nJusbHE78uQ3tE:12000000000000000000:OKDOT:CHECKMYTH
13UXGgPLNUFnfcv3Vk9H78dPsdVHAdhCB3QP6GUPT5jKoMzL:12000000000000000000:OKDOT:CHECKMYTH
12y4CKuzjBf2jZvFEcV2nQyT3PBjeaw66XwdLGdo5EX7VMeQ:12000000000000000000:OKDOT:CHECKMYTH
1nS6pveaoYycB8TM9rDPKx8QQfEpXbBuJwZjcetTNwm3Fzd:12000000000000000000:OKDOT:CHECKMYTH
13jKXc37ejK4wnfHQQ6Wt1ZDJ38DCiKghcWr63Cau8HeWVhc:12000000000000000000:OKDOT:CHECKMYTH
13Tbd3TbzxTSPoVDVRkD93CQt6PyUtNkEVpzcGqDqJht28Zk:12000000000000000000:OKDOT:CHECKMYTH
13C2GWggWiU3RVu3ygotCiQC72ZiJSCjkC7jtu6o8EMhVvd2:12000000000000000000:OKDOT:CHECKMYTH
12F7BNmM2xNzQFiMxd3xjRVqxdRHrfXJEcxSkNPqsi4kSpZL:12000000000000000000:NEEDED:CHECKMYTH
16XrePCCjuUfzQAybj2op3zmLmo327xJRb7jMZue6LLS2ZVC:12000000000000000000:OKDOT:CHECKMYTH
12jBbNKTfJTioqJo8uaQgwy7LseGfJegnRBk2wWK43wF7uhg:12000000000000000000:OKDOT:CHECKMYTH
14iVZGUTYnm9ZSv9ZW37UUFgwLiYKCGQn6N1sBA53hLmY6dH:12000000000000000000:OKDOT:CHECKMYTH
14QZ2YZwhcmEnurZQCUqp4DcUqbJEHvNqRZ3uaXkUCeayAjo:12000000000000000000:OKDOT:CHECKMYTH
13n9S4Uzg3sLc8pHWEJdmCvrYYxqgFye2FD5D3vGoPKuFqnj:12000000000000000000:OKDOT:CHECKMYTH
1rXzVQev37tkyegNLcuwnciaXGntFp5uGTJcATeHZJgYTji:12000000000000000000:OKDOT:CHECKMYTH
121M8GnxRQ64XAQ8Vn2YjjMQkwFzc7Gc9zZYkfFCBGdPNDTX:12000000000000000000:OKDOT:CHECKMYTH
13DEveVKbhJhheCXU8wnd5EDVH3z43UGvTwp24Ux5R5qrKyL:12000000000000000000:OKDOT:CHECKMYTH
13oBihVSsFTEwBqs5fDjNPxbypE9Q34vEtShdAFzm97XLdCL:12000000000000000000:OKDOT:CHECKMYTH
15ebxkyfYafgjLWzSeSzY4D66qoRTn8XeYoYNvUPMav2ggS3:12000000000000000000:OKDOT:CHECKMYTH
12L6bWcfNjnjg4G5i8wxy242g3z25nQErGQgkFeWX9GLxYdr:12000000000000000000:OKDOT:CHECKMYTH
15VRWjJFSMpH7Boi7ofqRBeTUoP8tGdX8xZgCoM6mbDJmr9Z:12000000000000000000:OKDOT:CHECKMYTH
14Bp5Wxe8orNwMCQ5NisYzHqsQv6zTEy4AFcNJuNnAcSC91z:12000000000000000000:OKDOT:CHECKMYTH
15pZM1hyM14EaqA1RQZg7qaRE59NdEhEwuxKBeTFrdCqwjdJ:12000000000000000000:OKDOT:CHECKMYTH
123RjQModSSfzFzrPVMjL588zAbZwgGSzt8gXrtky6ApKPGp:12000000000000000000:OKDOT:CHECKMYTH
15sjQXrE3yMWdpuWYZGQy1vWfMcPfidLJARkqtgmhtRhsW12:12000000000000000000:OKDOT:CHECKMYTH
13qzkFnH5ug7js1APwJmNqKXcehh1zoQb5VywyZp5u5n5eS4:12000000000000000000:OKDOT:CHECKMYTH
1457NVxfdfXBF5imnEcuPjRfqNbAwsXsHjxnHH9FQEuF11Es:12000000000000000000:OKDOT:CHECKMYTH
16R3WsixKuvBqG4pJPnugPLatgsUC2yv7dEQwyyQchJjEumD:12000000000000000000:OKDOT:CHECKMYTH
16UQtu1znr6h7b4eMvhumPHx3mo5SkzgxRxwG6fjQpPs4AtJ:12000000000000000000:OKDOT:CHECKMYTH
1WfyS26rMZ1irjmXJ5vDQht2JvrfpjXYWUeFqUXW1Mu3UAB:12000000000000000000:OKDOT:CHECKMYTH
12bSDyHvuQfTyukfBotSDjyTd7p9Ab81UA9fSMMpMPN6ADn2:12000000000000000000:OKDOT:CHECKMYTH
14FcMN2n2nRC31kgVX4hAHbAe2NRVdbyV9xK1r8UTsrZUt7J:12000000000000000000:OKDOT:CHECKMYTH
14u3gGPGSFdvQaTbCW1rMeeVCqeypRWhrAXusREMX6D4jMxB:12000000000000000000:OKDOT:CHECKMYTH
13PHMwsquPDJnVZKBChtmhXdSNHQUeNb8GifF6YJRMTb5iqt:12000000000000000000:OKDOT:CHECKMYTH
13xWN2cETt6qDB6R7RPodz2MDzvwVWcHWgbM3h9q4NC8Q37s:12000000000000000000:OKDOT:CHECKMYTH
13J1Tn4p4AtZjJgdLDgekiKJEuwTNyTcqVAdcpsvjJVtcDve:12000000000000000000:OKDOT:CHECKMYTH
14ZfMErxBKiQiv6sbXWAb7WYLzsJqNY2f4gkuY58WY65Ysag:12000000000000000000:OKDOT:CHECKMYTH
15sbXJXwT3zm1qYQ1m8DfSWMfTVcJY9ysYYaBsm1z8JiCuvy:12000000000000000000:OKDOT:CHECKMYTH
12sXsNh3TUxM5hr1f3qHfdVfDJCAaffXhD5x7mCwFea5qLyD:12000000000000000000:OKDOT:CHECKMYTH
14NdfV5cYxThVauzcgNHff5DAu3zMj5LHuZ7wJBEX2V3uC8T:12000000000000000000:OKDOT:CHECKMYTH
13NeZ6pa1H1xssamLew7SR2Xg4ngcKK86AeRLXwak6pRBwfq:12000000000000000000:OKDOT:CHECKMYTH
1ayNxi41xnpT67R9aLPkV4YN9447AuMKX3An5vc5vUGZTUg:12000000000000000000:OKDOT:CHECKMYTH
12rFS3ZHYhhm8SobNPRTWc28rfSeEiVioLusDDk4jZaRipo6:12000000000000000000:OKDOT:CHECKMYTH
12HEk94E3FGFesHYgXiisiBjHv4KW5PeCqYVnEccFoTYS24G:12000000000000000000:OKDOT:CHECKMYTH
16hgGBCtCg31m3wWBU8Sz5mVfVsrKRS126HP4vSQvQeBjdFz:12000000000000000000:OKDOT:CHECKMYTH
12wgF5w1uPk2RJgsjZxZ7rEZvSLhMdKNJu61HLGwSuCKFHC7:12000000000000000000:OKDOT:CHECKMYTH
1AcdXL9NRm2wAJhgcegrxR1zaS4z63Ax3KcHJRVWPd4Wh4c:12000000000000000000:OKDOT:CHECKMYTH
1NccmwVvv6wDtNHw1YhHHtwqnWpqgHQB7rbEJvYqhpVHnra:12000000000000000000:OKDOT:CHECKMYTH
128jFaU5XGJoHgu8UHkrpsPZ6oG4ZBQkUwQgRLF1K7tZCz2N:12000000000000000000:OKDOT:CHECKMYTH
13KZ9mpUYTHRaHmRFFd8HtJX7gZuWHt27fg1ikdP3WmTP478:12000000000000000000:OKDOT:CHECKMYTH
15gWMWfyqr2zzzv5mZWJx8i5bfJBjEi8bG4Lu12F6EVxj9kW:12000000000000000000:OKDOT:CHECKMYTH
133n9ec3kqkEBPWTjMyWpLFZL6VS47kCr65AvCfRmvssxKWk:12000000000000000000:OKDOT:CHECKMYTH
13Kt6B7a9iWACFMijnrnDP8h1aFQfcG2EMAB5aKYAtraZJWX:12000000000000000000:OKDOT:CHECKMYTH
13hEGVBE4ytwX4yYvWGp2TyFUGQurpxwjD1T4i5XgunoC6EK:12000000000000000000:OKDOT:CHECKMYTH
14LCNK7CWGikgKWATaDZks6mzBoeJ8mvYnXYALnhyLEcSqz4:12000000000000000000:OKDOT:CHECKMYTH
14PmBXNXMjpZfKFR7evfYbsgfvTVxAJWapUvDA5bTZfkNMDw:12000000000000000000:OKDOT:CHECKMYTH
14xojuWdKzCZctrzxQjWrd4Ve3YvUs4CfH2BFEuk4T43vXL5:12000000000000000000:OKDOT:CHECKMYTH
1378gxnaSX7SZeZ32bxmCFKw1uDDEPaFaomJfQkBFTDUEBLC:12000000000000000000:OKDOT:CHECKMYTH
16NPAs6hNKrBFsx73wkVLWpxX8yhBPNa9akWcBrqsjDGDaxF:12000000000000000000:OKDOT:CHECKMYTH
1DKp8SJswPriKZK8229LAnjbziiLWeksiRP7j5iU2Raj1aR:12000000000000000000:OKDOT:CHECKMYTH
16SXZFacR27XnrwqFcPb4CgG9wmizMeKtLM4p7nPhaNcYDxW:12000000000000000000:OKDOT:CHECKMYTH
14NZCNLiCXk7kCjz8evsRw89AvfbRUP5jX8opP68m6T4e1g5:12000000000000000000:OKDOT:CHECKMYTH
14ryUCv9MW4CCZhQo2sDnRzYkWFaWoQ5TbZ2oLcbw3g44rkx:12000000000000000000:OKDOT:CHECKMYTH
12By6QyikH5ogD4qNXv9vewyUzgWioXxptTTutY2Z6B5TVpr:12000000000000000000:OKDOT:CHECKMYTH
1AyCxehiZNJXgGdU1yCfEGs39xhYECyJAUxf2ryuomnAxRy:12000000000000000000:OKDOT:CHECKMYTH
13XizGbFGGW1KS3oZH9ETrTcAMb6EKpdf9vB2sJbULpHgxPD:12000000000000000000:OKDOT:CHECKMYTH
13T9TCH6Q1vxeVyKPBadhVsQdp9cmtLqkwyqw6WaP1Uz5Giy:12000000000000000000:OKDOT:CHECKMYTH
164hFDZKNxvtPgyJLDxwAxfyc9ZciofhHp9KY736xxom2Fx4:12000000000000000000:OKDOT:CHECKMYTH
12wjhH6Ue8Ns2V3uFQdg6bYrAj6iR2M3tSsJGRK1SydCdfGY:12000000000000000000:OKDOT:CHECKMYTH
15QUwkwSvrL9E3885y3vnAoQ7dFdAt1332Ai9CFj1YZ2nUTi:12000000000000000000:OKDOT:CHECKMYTH
13eotr3DcCprhUWdrYPGR2KQX47pi4SmUsAm4wfQPwxKNraQ:12000000000000000000:OKDOT:CHECKMYTH
12qSYvR5VPT41jXH72bJhwJLyy5JoT5pKFDePBVLo4yxJgh7:12000000000000000000:OKDOT:CHECKMYTH
1m2x3MuQ2GeqsiQVewFLF6oP3tJqJwk9vRi9xrSfuZtpXkG:12000000000000000000:OKDOT:CHECKMYTH
14HpUeCrgxeWkquWSQj1ST3DazEHawqJT1pa16SLJFEReN51:12000000000000000000:OKDOT:CHECKMYTH
1fV8Y7WrE4bJUGVNuCA3qCVxtDu6tN3MN3DrJJiaH5Zh555:12000000000000000000:OKDOT:CHECKMYTH
15iU2oNRHzqvoWQFvzqpMKdXsLLXNQCgGS3ZCtwZQLRz8RKY:12000000000000000000:OKDOT:CHECKMYTH
131XvkWNpctad8si6VWe9scaFywv2T3KQ1rpUT84LL1iSj9p:12000000000000000000:OKDOT:CHECKMYTH
14zWk95bHeRCyexfiUzejp28MrpZt5vJxJpryWV9HHRDnoV4:12000000000000000000:OKDOT:CHECKMYTH
1DrG9DFMjdAXMdopBLwiKdY7AorM7dri76jop81E8yoLYoF:12000000000000000000:OKDOT:CHECKMYTH
1n6kCKFCCCeh4zYaC64P8sq3Lpx37K1mJ4GbqWpem7hKhRA:12000000000000000000:OKDOT:CHECKMYTH
149wjXLwMN9X2f4uXrsWECad4p6SjojJZEcAZDMFa716m9ZW:12000000000000000000:OKDOT:CHECKMYTH
137oeZjvmZkMppqTCHsrUe657EPZ9CnoDNzfhAq4fX5npkkj:12000000000000000000:OKDOT:CHECKMYTH
15TMqpDQ9NBjTW1fbuPNdTDdhSGdgn7JNAQN8rNwSBokGvtm:12000000000000000000:OKDOT:CHECKMYTH
133kxWyTvhBE4noBHJpyHG8u9WDGrUBs54YGMCMxfdnSULhz:12000000000000000000:OKDOT:CHECKMYTH
12CL8KvCMfiHbsq7BgsitFhfYAwdbftf3UK6b8qgE96Fqmsa:12000000000000000000:OKDOT:CHECKMYTH
146RKQp4nJj9qB3hp1cbJm4LcyAhWDSioLKLnXxp9DNTUEff:12000000000000000000:OKDOT:CHECKMYTH
1KaQz9McVjR5YDPg4ZPHdSZar4vZSsLipZ9wrY8UypoPMQS:12000000000000000000:OKDOT:CHECKMYTH
12vPdV4UL9ngmCQCxikrpwgEvEGFGU46ksPkztpYrCFR212c:12000000000000000000:OKDOT:CHECKMYTH
16DuDkSNgWKoewFfymjzXZt9ctNgUFhJ4Zr34TzAxyJJo1WC:12000000000000000000:OKDOT:CHECKMYTH
1A3yzRi3V4Jp282PVTGxpTPu3BJQyVbpVnj3NiRTkoVP4W3:12000000000000000000:OKDOT:CHECKMYTH
14Jn5qopFUMGK86w3LacfGqTBUmdxfCMWKxVMsR2sV6vzfkM:12000000000000000000:OKDOT:CHECKMYTH
15JpYfJquBt9BTfQNHqGLBUhoWx9gJbFYoDH5WCMfwYroVht:12000000000000000000:OKDOT:CHECKMYTH
13SmbUsv6vi9g9nX6kcrqbhT8fNLHwNMyaswELxusahuEw7d:12000000000000000000:OKDOT:CHECKMYTH
1apG8fdPvhRiM8sjA83ye1ietWA3fsogZvXtQJBsB9pHE8R:12000000000000000000:OKDOT:CHECKMYTH
14idTisrKQ1vR7EsMvTD4GhDojGEvdVYh18mcuTncdssV2X8:12000000000000000000:OKDOT:CHECKMYTH
15GYzrHGxTHxLXAkjEEMctjukwPkApvM4LQCUpKL6aMt6bDs:12000000000000000000:OKDOT:CHECKMYTH
12H6byXkrEzL7KPjfttnmcNBzEGYy4YdYSswBVjEMnpH7k5m:12000000000000000000:OKDOT:CHECKMYTH
16HcxusuVNn4bKt7VWapjv7VtWmKHfMwt4yAfW4Zb2hJyvaz:12000000000000000000:OKDOT:CHECKMYTH
15etUiWstcEYRtvzuaxKxwkq62a9bXt8RPaHJcFDbkD5gbn:12000000000000000000:OKDOT:CHECKMYTH
13qEsxjGRh6BeSghpaEDyDSyrnd2CKsJdQywqENSfai33f5d:12000000000000000000:OKDOT:CHECKMYTH
123zhhDqmM2YmrMLtm6exNPnGBVrurx4TrMEt88CZrxkeHFx:12000000000000000000:OKDOT:CHECKMYTH
13qnY2eqouq11N2DzXdbs6ukHrdsf7jwJtbsdhb6v9ShBLYK:12000000000000000000:OKDOT:CHECKMYTH
15FMTPAX58TEcd3JX81czdP1L2ynWdNeDukohKocRHahkzaF:12000000000000000000:OKDOT:CHECKMYTH
11uyLTKHqXbZWwCoFKfLcgfsFs6HFUNSDhANH2znKCRzc4F:12000000000000000000:NEEDED:CHECKMYTH
13WosqZsZ4NBtjv9BFkBawUUiS3Ygr75DqNZzxEpwWQgaM2P:12000000000000000000:OKDOT:CHECKMYTH
1eJXQitk4tSDDLcQSY2WLQZj7uf64mhPPF13nK46j3EXFQF:12000000000000000000:OKDOT:CHECKMYTH
15riLzi94CVtGanhTLQHcZ35zRX1UVUXK9DJEqMXPUHVeVor:12000000000000000000:OKDOT:CHECKMYTH
14cBbzv4EcAPXTWrhzzAR9vXYikVigaHfEHjZjKALcxeCXva:12000000000000000000:OKDOT:CHECKMYTH
16fRBtrAAfH1beDseRya4iUQwCfuWFu9jyybWHeGjMCAQe87:12000000000000000000:OKDOT:CHECKMYTH
13DjRDUYWrTG3CwJqb299VKPcG57TuGjPPsqyJQiP4wk61xN:12000000000000000000:OKDOT:CHECKMYTH
12QSs7sE5bjJXrFkK6UXcaM4jeYhLLGwRZJfEUPRcTaMdiAM:12000000000000000000:OKDOT:CHECKMYTH
12Zyo9KBzNpTGieL4bVmv4rutaFLfMNCwLEVjbQoFX5JoBVy:12000000000000000000:OKDOT:CHECKMYTH
12h26j4z869njvhQrMBc4qxWKt7ee75ojv2CSrrQ5Pr3Yz78:12000000000000000000:OKDOT:CHECKMYTH
14xSo3NZrZvCZKQu4JFjc2iPaZEsi2LKZrektEokEhL4Miek:12000000000000000000:NEEDED:CHECKMYTH
15Y5Xyg4DvU39nDdAKGYuVSY6vQmUrimPvg1JXuXPQnnC3XL:12000000000000000000:OKDOT:CHECKMYTH
12F2PXY2hhDzHao5VDynzjaREU7P595jHvFhGuwYXAWkFyv7:12000000000000000000:OKDOT:CHECKMYTH
12oRhneV91hGrpz6RzJNvptW5bNCpAvnJdAGjSq7uZ8q5Bee:12000000000000000000:OKDOT:CHECKMYTH
12Hh6UavTtiFWJBbhMTKfsXLM9zMEYDv9YPdbADedA7gFjSA:12000000000000000000:OKDOT:CHECKMYTH
1hGrc6D8etExyS7eW5xd5NKAoocRnG33bfE3JhEVKZQGHn4:12000000000000000000:OKDOT:CHECKMYTH
158ma11iosgkak3BTVyTuv6iAHg8rUQsXCZeD7Nbpd2ZfNXp:12000000000000000000:OKDOT:CHECKMYTH
15TPbCR8UzeKEPjzUJLxuwZdkMqHiXv9vTQms4BBhVuRtKyo:12000000000000000000:OKDOT:CHECKMYTH
15Nsm9PcJ15ReZ3xhhkcaRUiyiRANQTWuY5ZeUisPe9dRqQx:12000000000000000000:OKDOT:CHECKMYTH
15syYW5hbZyKgABohSEjG4YdSXs9HF5n3RwQtNZPfGF9GNSx:12000000000000000000:OKDOT:CHECKMYTH
15WaqfhyePMaNpXHX8569kVmDTq4ZqPgQUjUrdz5N64kC24U:12000000000000000000:OKDOT:CHECKMYTH
14xtLdGMrFbUHyias7GRxzVEtJdcVhpsP9jtZBgC2nnngneA:12000000000000000000:OKDOT:CHECKMYTH
14nTSDG3pyxuEfPG1gypWMSB8wyBn6nq2iiJPGdGmsWMjKHU:12000000000000000000:OKDOT:CHECKMYTH
12hMiH13NPxBPxNYq1J77ocWhZbefQjZxeZXE4t5TrbpaMyi:12000000000000000000:OKDOT:CHECKMYTH
14b8b8cN9v7rd9QFdcNaNGm9Zye9EJzGDtkghSx5kqRMotAJ:12000000000000000000:OKDOT:CHECKMYTH
15fa1GqdR1oRbrCA9U7F1BVRXbiUVNhkJYxGZqF8ThFK6v4e:12000000000000000000:OKDOT:CHECKMYTH
13Kvc8vFxvq4LaBo4v5QStrtm1THVshBr7Hr6dTN3f1MVNov:12000000000000000000:OKDOT:CHECKMYTH
139R3a3Uj5uUxsWNdmMifCHamvWWvyQixAgfw1VqW7vbp5B5:12000000000000000000:OKDOT:CHECKMYTH
135MjxdnD8z8Whpf4wbwshbojnBphQnNWpLUQTmPdqYS6zWp:12000000000000000000:OKDOT:CHECKMYTH
15FmuDGuE6DxNHWrMapuBHbpf5yfK6RGDj2kz9S9fUUKC6pJ:12000000000000000000:OKDOT:CHECKMYTH
16hmQwvrD7arTNo8Qz5htFNmVSrHJfNFSNbbC4gyrAnqGD9V:12000000000000000000:OKDOT:CHECKMYTH
1SUdGBheAbjJsiTL51ct66jJC63orXf9Y2ctvCPx3zu44q5:12000000000000000000:OKDOT:CHECKMYTH
16ZmtpDLjDxNnJviAAfJeH5iFMEzttR1tjt7Ui9N6VYUFkFc:12000000000000000000:OKDOT:CHECKMYTH
16dYSo2Nz3sWNQmn4eLA4gtrEbDLB8NcQQu6VVng639FxahE:12000000000000000000:OKDOT:CHECKMYTH
13z91aHAU9oNfGAGtczn2w4tfDxyPijcLM6yhgd1E1X2GtSB:12000000000000000000:OKDOT:CHECKMYTH
13BYgEb9N73tQzzDwNui5pBayugC7ex7unvNWcrPCot82ak4:12000000000000000000:OKDOT:CHECKMYTH
127D4sX34UVj2b6chnJBkFAPzRppFin9oP1M8X5c7Wd33XmN:12000000000000000000:OKDOT:CHECKMYTH
11NvegwqFLNWfMT6U9VhK1WaTsWAaoim9AzqAKAy5zmSDyV:12000000000000000000:OKDOT:CHECKMYTH
16AENxKXxHgYqAXfdpCM7PJZBxHGhW8Q55ahc4nsn7LiQe82:12000000000000000000:OKDOT:CHECKMYTH
13AmaM6EjHmWRgkq6F9rF255t6839VbV7LtduRGZ9QLQMrt9:12000000000000000000:OKDOT:CHECKMYTH
14w3MwKj1ZnyXWXRkosPZcNGQwzteVU1mtdK5iYBGyyKZ3kx:12000000000000000000:OKDOT:CHECKMYTH
15QAHwKXhrp4kwbnZygkCpY8BDqr12ZNtu5jvQK8ABURqSw2:12000000000000000000:OKDOT:CHECKMYTH
131rZbMamFoFp8gvsZkS8dMDsuqMYGskHGBsKpq92pZwUv9V:12000000000000000000:OKDOT:CHECKMYTH
16gUwucaiqLxwLz6oXFZd6LUxb4CHbMayP3iPWBv3KnV5fXn:12000000000000000000:OKDOT:CHECKMYTH
13CYrcMAuJSjU7ZUxjMbfVvJ1Y7KZkAKhagE9PbZDkyhV3B9:12000000000000000000:OKDOT:CHECKMYTH
14v9xQ8f49TLqhPuU5S6vLKgwGa9vQfPS2yo7Fs8ewhDZwoC:12000000000000000000:OKDOT:CHECKMYTH
1K5yCWbzNFEkZBu2F1rJ51nMqayRJfryX7CvH4Kmq2DRLJF:12000000000000000000:OKDOT:CHECKMYTH
1n3cYDWNNwhA4U8oGQRs6D3jueC6Wrysuh7yPpr67uurgHn:12000000000000000000:OKDOT:CHECKMYTH
126CypbhnvfHyvkizKd7tbKefG8X9umBpbfp7nX2MrKRr9GR:12000000000000000000:OKDOT:CHECKMYTH
1WaXpkgi5z7NWJtXktJ7DcYwCCyAGXRvrPYXbiHG4YzDgwj:12000000000000000000:OKDOT:CHECKMYTH
129WrpNzm519koLorTSqAEbVLvpBW9Pb7GPtZjrPH6D4u7Vt:12000000000000000000:OKDOT:CHECKMYTH
13D1MsKRJSGpAfPGk56bU3C2BSuE3RsQLi7sCvbpGaikMsPq:12000000000000000000:OKDOT:CHECKMYTH
13Bd92DVZQr2usYpxKjvQrRssLJT5ooVngcNu4vurNXGvm8m:12000000000000000000:OKDOT:CHECKMYTH
16JZpUc8QwuRcjM1fjoo12emFnyRyZ886HdA3ysG1jUoTwMR:12000000000000000000:OKDOT:CHECKMYTH
16Q2CjSCPwEWFHPAmVDyS3YVsiETc15AjVeJaFWpUZHgQePq:12000000000000000000:OKDOT:CHECKMYTH
14PHq6aKLbxAN1Hrz7gRjcYVNdpdbffACMSNp41RfikTuR47:12000000000000000000:OKDOT:CHECKMYTH
12rFe6Meg61gkj9oFYziEAUnGmouih5CTAa1ogRx1JGPfvsn:12000000000000000000:OKDOT:CHECKMYTH
12yUJfPm7gXj5oPzQ6w672VqKuTkutSSQPzbT2cKYaJ2w8nm:12000000000000000000:OKDOT:CHECKMYTH
153CCxmDXBkwefKpVVakWd3fmejt9Cc8AyJmzWBYuf8eye4w:12000000000000000000:OKDOT:CHECKMYTH
1t4LzYdL5LyKqPUP4iMWNyHy9DthRKJLdx2dUfr25tV22Wi:12000000000000000000:OKDOT:CHECKMYTH
1u2Zu8oockRkcLKxLZXFvWVL8WdoPVrm5WvGAhgyNUeLjMV:12000000000000000000:OKDOT:CHECKMYTH
16edf7eoedR9asvwW6DypPfxMTLt77DGTzP45fYjssry9U9t:12000000000000000000:OKDOT:CHECKMYTH
1tZ4NkGKta9WXoXKuSYtrXp9cnh3jySoUSup9eHNHqn3Vgr:12000000000000000000:OKDOT:CHECKMYTH
145JDkrbsvfHrw2uzRpDzGpuqv253k8BqjUGcn6Cn751kQUt:12000000000000000000:OKDOT:CHECKMYTH
12WUJhdbtrZh6bSFEugweps97Z9EzE4wXwkHhqTquZnjD2Ps:12000000000000000000:OKDOT:CHECKMYTH
1w8TrKmJJEX2rTDhby8oL99Zo9882urZqLnGudoJfXxMYra:12000000000000000000:OKDOT:CHECKMYTH
157hduBeckj2BAMc6iFc6qvTYha3jJTJPUERXr67fjEqcVk7:12000000000000000000:OKDOT:CHECKMYTH
1yJDM9bFuW8FJYag855HQjQLCZsaAXR13bp4y3UQoURMGFc:12000000000000000000:OKDOT:CHECKMYTH
16YcwhQyiMDDdfcNamkqvj4zjLkw9XgvKUHh6hYFUZaFqzLX:12000000000000000000:OKDOT:CHECKMYTH
15dZ6iZpKSXVZ2wq9VnWHo4NbWZGXZC7Skex7Awi9wcVkXpV:12000000000000000000:OKDOT:CHECKMYTH
16ArVCffo7beEypGqctSHf1NPnBMfDzfeP5mRrSobezD8pr3:12000000000000000000:OKDOT:CHECKMYTH
13QmVUf3jd6gky99t9MMpg5qAo16Kzs3EmzSGZ4FDVtMR6rM:12000000000000000000:OKDOT:CHECKMYTH
13QXkkimZdMXEpY75FQtScdifjfxrHqEEXhdgnzEcCjS4GuA:12000000000000000000:OKDOT:CHECKMYTH
142j8G5Y3f2S9esaDSNeZyGS8iu5ZKT1ePGt4RKhTKSDYG2z:12000000000000000000:OKDOT:CHECKMYTH
15D6VCNqmty38W4bMYcbMtDkQZfc2E51AqksN13t3APCMWBa:12000000000000000000:OKDOT:CHECKMYTH
1DzYupt5tjPu4KiLMs2c6WYiU21pjziXXbE5cyLZbWdAbM5:12000000000000000000:OKDOT:CHECKMYTH
15NkfZJP2i46aaQJr2THzJqrNH6mLPgtY18ct7SYzHA9F8nE:12000000000000000000:OKDOT:CHECKMYTH
16BMmiuaTKGGWxGdohxLLbTdaUQGDpG2GSLaSpQKCFjD4MQ2:12000000000000000000:OKDOT:CHECKMYTH
1yFSri5BKCZmkKdu4dkxLpo2sh5vJTnyjrD9jzQSdvDE4q3:12000000000000000000:OKDOT:CHECKMYTH
12fZys48rmKooLPznfTFerthvZ73tLWLoHfVrxuzpT2ov2Th:12000000000000000000:OKDOT:CHECKMYTH
15xdbisRRN8FbtQgsmNVNAA6Ff2WJ23ma8gNqMvkDrpVW4Ch:12000000000000000000:OKDOT:CHECKMYTH
1x5porvJhC1WKkkZRLWDSQzZxv8BXpFN5URf71r7HxhUKko:12000000000000000000:OKDOT:CHECKMYTH
13dgv6qxYk3WreeV58zGzvuzCcHsT5GQeJcDC6KjkgJ9gfJg:12000000000000000000:OKDOT:CHECKMYTH
14S8yK2c5fBpowsjijB1u6j79ob5yp2fES9HCtvfL9iu5Ntg:12000000000000000000:OKDOT:CHECKMYTH
1M9zcmp8vpXdHkkiq8om2fscT47iJKTH1MPrnRX6ML8bPCB:12000000000000000000:OKDOT:CHECKMYTH
1wzTsttyawZxKrDADcDLBVkB3Pb8UuRvoSEUVWDY7Ek9jzi:12000000000000000000:OKDOT:CHECKMYTH
12o2c4zEPTKC5Gfd7VzBEh2rEg1A4oo2RgRngmBVVUs49YjC:12000000000000000000:OKDOT:CHECKMYTH
1pRn8gdn7PX67JkcAXYpYEvbFT9oeEWHuZbNarLqkcZgYc8:12000000000000000000:OKDOT:CHECKMYTH
1dQa6VRR9CUAdqY4XtsfmE8YZ3PH17PadaSFJuZJB4Y3uAg:12000000000000000000:OKDOT:CHECKMYTH
1581tVxSeopYzGhj55cksJz3nc5nnfWT1jT7fTi8S6W5jazk:12000000000000000000:OKDOT:CHECKMYTH
16Y85cm7WBg2CS2rxwu5FFFrR2ZvHg9Wh14ghmQXhUm3iiaR:12000000000000000000:OKDOT:CHECKMYTH
16nRTu3X8PwMa2uHQBeZW7HGCjeQRHB87D8WmFhhGaXEgK9j:12000000000000000000:OKDOT:CHECKMYTH
166b38xGJfMrmdoHcXemPjKSXejg3sA5ZDuPPenDTHXDZ6BH:12000000000000000000:OKDOT:CHECKMYTH
1L2fUF1CnEcuXoPMu9j6SkDWCQq9yUaDTNtNUQ5dJbX7d1d:12000000000000000000:OKDOT:CHECKMYTH
12XTzcbu1pLH7kExJ1CFYrDfGof6iMFPiX2iykvmZBa6f16z:12000000000000000000:OKDOT:CHECKMYTH
13LpVBhfz3SfKoWetuakVjeZCoVsxdwiLGGfB1CUhAYTipXi:12000000000000000000:OKDOT:CHECKMYTH
134UrbTQk52aFomh3B8mXU9nBHCP8xqfGDWEmwUg9Pf6dNek:12000000000000000000:OKDOT:CHECKMYTH
13DZGXmB1CHHxL4Y7YuhtQNtEsKUvFwyjpQsE2iQxvozjh6t:12000000000000000000:OKDOT:CHECKMYTH
16YqczStu5cGrY2xJShjzEEuWJvDULYm8VRpBgYhSVdKvQ1j:12000000000000000000:OKDOT:CHECKMYTH
13MMgSyvAexy6adNMoBees26KSCYrCHcvSosWyNoVgTEmTTQ:12000000000000000000:OKDOT:CHECKMYTH
12xhEdvTMnJRiNQnFDtBtV7tNrE6ycaLRkx2oAVEvv5U73dX:12000000000000000000:OKDOT:CHECKMYTH
1BwG63c6kpee8KxETaHxVSH9EvcPQGcbRZbcM21EqU4zsZJ:12000000000000000000:OKDOT:CHECKMYTH
15ojmsEZzBBUosCAB6rLoYiNRaG1cVpY4m6v6aVS35tdKwPP:12000000000000000000:OKDOT:CHECKMYTH
13qdKYvgc4cPkJqD1G4DrZyAjJxRBqfSbELswKxwtCAGyryn:12000000000000000000:OKDOT:CHECKMYTH
14f7gE6qmrLQjRzUmnWFPqXoR6GzTzKb8ygYMy3oXTCGzZX7:12000000000000000000:OKDOT:CHECKMYTH
13pRJyddK1tN9x5SsmqEeFGQwxXKXNW4zt9iqUf7Lsq9nHk1:12000000000000000000:OKDOT:CHECKMYTH
14CrZ3CpAmF6RFEVXk2BMWE67USuXyUQsGGox1hviePU8u36:12000000000000000000:OKDOT:CHECKMYTH
14FXtPEP5uGcF4weLDv7EZH5ifZGXYXqTDH51pJeTHpNw8T3:12000000000000000000:OKDOT:CHECKMYTH
13fd6DKa2ViNfVKiMnGCBYTyTeXcedE3pVvsm5Wm2AabktMu:12000000000000000000:OKDOT:CHECKMYTH
12EHyasA25dxGX2DyCnfT6xrmGRtts5SrH2EaBUBrNpbiYNP:12000000000000000000:OKDOT:CHECKMYTH
1pKuYAaMsagxUftPT4AnDGtrYRAmH6mSmjtXwomN89jjWq5:12000000000000000000:OKDOT:CHECKMYTH
14KPVHuSHNu7U3Wwg6GDamJXji2NmXFgU8S3bzMq4iAN5s4n:12000000000000000000:OKDOT:CHECKMYTH
14vJLNChzBPMZoCT7aG8F2UFpN5BWqaos9c5e93TzAewmFrn:12000000000000000000:OKDOT:CHECKMYTH
12mizAQkjhf2RM3zV2cJVNv462skW6ABd7LVtCXJHeu64bmJ:12000000000000000000:OKDOT:CHECKMYTH
12hDaAZvrSrn9MRuGpQGuL8iXrdjw1fjc8Tg5gvbT7QuEgQi:12000000000000000000:OKDOT:CHECKMYTH
15QFadeNk8zXSqPwv8NBx7fL6FTcaAYGqwVp8hS6BxysqLkR:12000000000000000000:OKDOT:CHECKMYTH
12sMu3BDgu8aXvEboUEzk1RcEhiuVavERUeFVW8p2tD8Rgdk:12000000000000000000:OKDOT:CHECKMYTH
15kniJgHcuTATgHodUccvboUjnJhPgwiCAraQ9KDZLBt34Yq:12000000000000000000:OKDOT:CHECKMYTH
1ASGfx5kvyBRJQt1LqEecfNLXPgKVRJXAqcZLbh9ap1tMnm:12000000000000000000:OKDOT:CHECKMYTH
12MctCmJ2hfAhabgzQBRHJSNNjF7BNE3VJ2FNTAdnkQCFTG7:12000000000000000000:OKDOT:CHECKMYTH
15Px8Brq1vWrE62fXRS86mjHK3PaCnuQgHaBn8bywFNF9TM1:12000000000000000000:OKDOT:CHECKMYTH
14Ke5Y8gegqqaWdnQgvasyYTQu4o7iftahseVUUMFpqj7xUu:12000000000000000000:OKDOT:CHECKMYTH
1fTzPC8sFWNPgSGPewfCERTkfJj2VaiQJ94R2fskrj48yiZ:12000000000000000000:OKDOT:CHECKMYTH
158MYtqkM8VM3NtEYtSVmsFK7BJQg5Q51T28yccKeVZHhCLe:12000000000000000000:OKDOT:CHECKMYTH
15hrPEKD5CHBytUYrR5MT7nswBYge5t2A2zTZnxLwsBApe4o:12000000000000000000:OKDOT:CHECKMYTH
15XVykQMupTfLaijgbuLihHZssmAaYKbcerP3hH2H1iFj536:12000000000000000000:OKDOT:CHECKMYTH
1z9v7XocsRYzS4aqkpurvG6qL4UX9yKRLVxMty954o3P65P:12000000000000000000:OKDOT:CHECKMYTH
15zfcxTDoKCWKAdKBSZkbMa83SZiiGxG1sXUirFkw61R9gHT:12000000000000000000:OKDOT:CHECKMYTH
13tt9DAA4UsBCdUW34CukqyGLXydeggPZPkoCYbJqAmfKPfV:12000000000000000000:OKDOT:CHECKMYTH
12ha6tscLNxnPnNtD66wRcbtDA2GD8ptrg4ZQav9A3Ew2A8C:12000000000000000000:OKDOT:CHECKMYTH
12SaqFtmyF1tsNKLbBs3NkBy9pVGpAVLDERj3Zks5KFyzhR4:12000000000000000000:OKDOT:CHECKMYTH
14uVUSuZBM98CCQFnWm719RsQ8tQnB2vMRSQ2vGoHHFxZokQ:12000000000000000000:OKDOT:CHECKMYTH
13Us77NXhNR7j4jBoxWvZxWKMUmUVE7AzDEagHoSkzdHQGek:12000000000000000000:OKDOT:CHECKMYTH
13MMNE9uZw8EFH5T4KMN7Mr9uvQuQm7U2YZ9C3tHMi5GoeWF:12000000000000000000:OKDOT:CHECKMYTH
1hdLaMRJhVeqzwXWeXED5xLj8g8BLCwTDJ4T5TtPPmy1MpY:12000000000000000000:OKDOT:CHECKMYTH
16e8qiodBecbr2RWZJJF7JZPtv8UNN5SqgwQM2NwU5cJCCBu:12000000000000000000:OKDOT:CHECKMYTH
15NqVVgxnRUqdsaq2a6fReeyRYGjwv758fN1wvX2E4DCCCju:12000000000000000000:OKDOT:CHECKMYTH
16hUQgff8uobTossvPJyS3EJHvGkBHYANBrAa5d15jJm6Yfs:12000000000000000000:OKDOT:CHECKMYTH
16A1tytxwUrw1PPD1UrqPKA3CCih2YVofj1jM3TUWKdTPPW3:12000000000000000000:OKDOT:CHECKMYTH
13pPg1yKeRgidJDn8b5dJjNoFCxNEY4Vpsc4AwNg2Fc1yb39:12000000000000000000:OKDOT:CHECKMYTH
14J9y1baELJcEr1UMXfFmEEes8STujnWTmSdu5D4YDPgWCGo:12000000000000000000:OKDOT:CHECKMYTH
12En5FuKkeZmT1hEuFXVEJ4KX7NEEo7fQRru9qr6XTQUJFQk:12000000000000000000:OKDOT:CHECKMYTH
15uJGLX7JAEQrWJDCXMTnJzXojVLMNi742GCGZ32PqLQL3Sv:12000000000000000000:OKDOT:CHECKMYTH
1zpx71tBMGwkSgAiaQUKd3efwuR2Px7DZYKWc7S4nVHyUsh:12000000000000000000:OKDOT:CHECKMYTH
19eejdVaKzqLsNtFRYQDvAWVa7EjeFbhDtahY6VAg9U3xLy:12000000000000000000:OKDOT:CHECKMYTH
163LWqLUWV3Tn682UqKvPBE7DVyTWSQwo13ShRs1RymYTqFi:12000000000000000000:OKDOT:CHECKMYTH
13MADbR1Y9isJzaKK1NfZVtDAJw16XDgKKbmmLycPEKaqfg:12000000000000000000:OKDOT:CHECKMYTH
145sfH6y4WTqpKxLfcgoHRY5aT6MST5MB2U4WBqqxixZBQdk:12000000000000000000:OKDOT:CHECKMYTH
16375ikxnLb7geUDsbwtEKj9aVhjFyo72Bisf5UZPKyRb34U:12000000000000000000:OKDOT:CHECKMYTH
12ZM1c6Gim2Wk51dGmGQSi3Jd7VUGikeWqyVmhVMSNcXRrzk:12000000000000000000:OKDOT:CHECKMYTH
16fjxpsw4LWvbiY8vaSeiUzcxCovZht5CgigGTJWNG6rWpag:12000000000000000000:OKDOT:CHECKMYTH
12g3B9jcPcoaPb1DxBCLaRPymajXaN3bgESy5yHPJkjp1qX5:12000000000000000000:NEEDED:CHECKMYTH
14Yh4geiAigyP7rq8miVaYGVFNEUFcYwLUCucYvwpN1LQbGq:12000000000000000000:OKDOT:CHECKMYTH
145eADhyqxrZnnrsuqJEy8GC6BBtkvHJrs3XhjAx4C72wijy:12000000000000000000:OKDOT:CHECKMYTH
12eZqnMXn6YMtvnE5scyD4r89YBpBt2RUFK6Q5p4t7S25WWg:12000000000000000000:OKDOT:CHECKMYTH
158eTdA5Xfv9FhkbyRpTgedJgveVzhAdvAMqLJ382HkJdAho:12000000000000000000:OKDOT:CHECKMYTH
15JugMfKmCVLRzP8t4ECZpe4p9bEBh555LiS9b1b2m1VhdYj:12000000000000000000:OKDOT:CHECKMYTH
14tZx2XHQsHfACzawHxgByBgFNkVyfWmgynR83H8ER3fnsK4:12000000000000000000:OKDOT:CHECKMYTH
13aNxBA6yLfN3tcfMMhYEmLApAV65b5RQndFdhUSdwSExyRj:12000000000000000000:OKDOT:CHECKMYTH
15e2nszZ1U49Z2hQEVS72rbofaMNLWXYnx1oRYquGdbNrt7b:12000000000000000000:OKDOT:CHECKMYTH
14yfrcQxEcP4d7ELmD6d5t4LE7XJwJPcBxU687WyTB7VieZN:12000000000000000000:OKDOT:CHECKMYTH
125kcwjG7Pt37xkvLRhQRDsheduj6Uyw8kXEr1DWXwdrvY9S:12000000000000000000:OKDOT:CHECKMYTH
1CdB9RAErsY7Po9sGz9Mzn7M1TuJ32d1cvXGaNjjFKivBnm:12000000000000000000:OKDOT:CHECKMYTH
137DED6k9e2WVn4j3GdhxKY3oUxEPXN46aJYqCMdxRWVcY2o:12000000000000000000:OKDOT:CHECKMYTH
13uPsY5eUx3EGHh4uG45DmuY2AhHfeNND3UEaMQoofQ76hyu:12000000000000000000:OKDOT:CHECKMYTH
13M4FjTe8LiFqBJAFJWpk2x9VFGDC8pmiTasfYnwrYXoZmpP:12000000000000000000:OKDOT:CHECKMYTH
12WExtMgvG4A1zL8n9naVNJ6KgjQohW2D2nThBmUWeJNQz9S:12000000000000000000:OKDOT:CHECKMYTH
16NA3omBr1KjrBikD5zgQpQD7pNXVY4CxwJn6o7BRUyJN2VA:12000000000000000000:OKDOT:CHECKMYTH
16hsnMGpcjXDTyotJzayo64M49evWnmPPQ9PnCie7bUStGdy:12000000000000000000:OKDOT:CHECKMYTH
14FDsPx7DXXqPE5HfoBPGaCnuJXirSXg4Rm3KjwQc44KxVe5:12000000000000000000:OKDOT:CHECKMYTH
1QMZkuywFncaQPodVozxVhHKXPxcKVd9TxUtJpSXygmJoZ4:12000000000000000000:OKDOT:CHECKMYTH
14NB24wVV44kUH5PW5LqA2Mz45u4SJQiC15zLGbFRyZVGmzf:12000000000000000000:OKDOT:CHECKMYTH
13zunY8XmvAXVwoNiRLaoje6oemkgTYQhT8ai3DVNcxL6xny:12000000000000000000:OKDOT:CHECKMYTH
12ksN32geNCVYeJyx7Jh1oQQ1w2FfWgdE3irpnRT5R2LvLiJ:12000000000000000000:OKDOT:CHECKMYTH
1492zn56dJQJD4NG5gTNfkvnQeFQ26iXpJNhawHT3A4eQifN:12000000000000000000:OKDOT:CHECKMYTH
16NirQefMWwgqpMXddrQaaxdECBP5YeXApCQR4hFUvSgGrxk:12000000000000000000:OKDOT:CHECKMYTH
15RkUHtKZz1MwJfWSTaS3Qt2k28tT39on5Hgc8aM9ihFmKkb:12000000000000000000:OKDOT:CHECKMYTH
1vaqnBP8wX3VQvPB2s9NCMCKc8x7U38zLcY9rLemE2rugaV:12000000000000000000:OKDOT:CHECKMYTH
19dNLN687LxonyMv6PJgKShgKF25jcR3xHTDqcEodzqqQBh:12000000000000000000:OKDOT:CHECKMYTH
16SQcAez9b35ani8GgG4723v7MjdUPFCEjKkcFxSTHqzLEQW:12000000000000000000:OKDOT:CHECKMYTH
16AFd1rPoXc9XD8iEEnAX14p4Vg9a9BoY3Ns4ehTwGyJegVn:12000000000000000000:OKDOT:CHECKMYTH
13jYF9nqriySmT1V6ACiMMxW9vZ1XBH13obExawec74YiGUJ:12000000000000000000:NEEDED:CHECKMYTH
16U2CzADNShkuPMzouiDewEkKiUiJUE9xe8PZLXvkMa6hnB:12000000000000000000:OKDOT:CHECKMYTH
1tB8Up6HxmvYfjoKeodr6DgqfojY41RhNrCKd7KhC7Nu4Y1:12000000000000000000:OKDOT:CHECKMYTH
16Vp2uViQtE16GurRYQBwVSDGBmfxziTqkFGx6AzJohC9DdU:12000000000000000000:OKDOT:CHECKMYTH
14A6ZB9HM43EYgxjMTkm7shvsgCvPU11XzfvCPgkiJLk7XVq:12000000000000000000:OKDOT:CHECKMYTH
1juHJQJLoUoSvdjepc4gCrPh8ysEf4PDkGzwFdq6wGpMLJY:12000000000000000000:OKDOT:CHECKMYTH
14vZzzPbF1kA1JEookvDutuHk6PfwZPNpZSsENzZWrkpceoh:12000000000000000000:OKDOT:CHECKMYTH
15S7P7tRGsfdL5QAFZnv8miop8gp48gmyCchqpeePmGudJUs:12000000000000000000:OKDOT:CHECKMYTH
14pZj94KNLqqBumkmqTcxdzxZmxPmRqxhKpHXf1m7njHeY5N:12000000000000000000:OKDOT:CHECKMYTH
1iPU49gSdhvoxoitHWsqMa9MxtUeUyHaKZRacgeTt9HiFcc:12000000000000000000:OKDOT:CHECKMYTH
12FPCEZmuKKA23QmuWz15RJbivd4xLTYYZweNHPSBssrTjqn:12000000000000000000:OKDOT:CHECKMYTH
1599eLDnAdcjAtZpfej8DuJZ9NEgxPTK9CoSbj882z63eL2C:12000000000000000000:OKDOT:CHECKMYTH
16K3ux9CoEEvzSGS6SFxcv9SzKgCDtWBPKj3ZWNoHkR3wNfa:12000000000000000000:OKDOT:CHECKMYTH
1v1xmPpYvqE24KDNtJv4AGv7af1m1fuHAX7s6KZtAQL62Ri:12000000000000000000:OKDOT:CHECKMYTH
13p2k86iB4GAw31NBarFbKHS5XdeAstXwsB1n1bwviGw3zWk:12000000000000000000:OKDOT:CHECKMYTH
15FQQEWPEiRfbdyRpGvaorKd3f2d7zoFAcr8tDpmwrgJ6F3q:12000000000000000000:OKDOT:CHECKMYTH
15s9NZRFz97QqNPZRgC3PZJutktExUUJ9BsvGawKAQDbL1hg:12000000000000000000:OKDOT:CHECKMYTH
15DtMq5TYcdmVgoTjg5S9UZRZEhSidk87ziUYMwfqQUtUHm1:12000000000000000000:OKDOT:CHECKMYTH
12c4TNhuk9oRP4Rt1BquqTCAoC4RYGh3f6LAm4qdBXbwmZjJ:12000000000000000000:OKDOT:CHECKMYTH
12N6BWoUzy3WW1VjHuL3yC4aYgta3BT8TMRdZQCwHq5aUjKs:12000000000000000000:OKDOT:CHECKMYTH
15hfsT7nd8NVYxJ1fFUiBkmmgBxfkn7sD4csjZzsJ38uZfVm:12000000000000000000:OKDOT:CHECKMYTH
15Ytb741dziP8fhhaAfJjRvnEvSwEvPf8KvdQUVXPujfzUqV:12000000000000000000:OKDOT:CHECKMYTH
12rawCrKPXV37nWktndS56y1ArwafnLZi245kYd7HXJSwK1F:12000000000000000000:OKDOT:CHECKMYTH
15DhUxL7nzHdnHVyMPc8TkzW7TznrQAYg8d6c7ARfS5xkZVV:12000000000000000000:OKDOT:CHECKMYTH
14nxRYvn44sp8RyLjPhx5MY1yrrm8KiW61hYH71y1fqZmEye:12000000000000000000:OKDOT:CHECKMYTH
12FLYpoLV4uGJJP5tB4myKc6gALyChJ5DZigqYJaNSP1NEfy:12000000000000000000:OKDOT:CHECKMYTH
15szefUwMG4ELn1ECUSZhcGm1rN69iuH3Hjy3sSuGAk1wBGi:12000000000000000000:OKDOT:CHECKMYTH
13diXXQVC9iUh2joGfTBwzqqFPyfNJjeJgMU7p9tzgvAhddo:12000000000000000000:OKDOT:CHECKMYTH
12fCMgW4paz9UqscfokWpD29UY8yCitgeGj5oiNer3DyFyfz:12000000000000000000:OKDOT:CHECKMYTH
13yfNGu116Yk8JK6u8dwGjAFQtN7nVBbNApt2tyzjKTamuPE:12000000000000000000:OKDOT:CHECKMYTH
17GFxYUy1puE4y5NU8gB441WzGZYpA6FCwZL7AsktfwwiYJ:12000000000000000000:NEEDED:CHECKMYTH
16Uqpz4ktLACRvYcK6PSh86Xvg2yvAUzTAdQjuwyfDPz74R4:12000000000000000000:OKDOT:CHECKMYTH
1566YHZar78mv7kTs7ZNyCgSVRcPfhFLETmrQ3AsE33nEvLc:12000000000000000000:OKDOT:CHECKMYTH
14HYLc619kfsCDcQ6Wm93ojs7bsq7LnNQDJMkQNPB2T7Vqfg:12000000000000000000:OKDOT:CHECKMYTH
14bsvnp7tAtDj4TB7ah8kka58ishp6fafgLc1j2H39eKqkB2:12000000000000000000:OKDOT:CHECKMYTH
15f7Z7ciGREGpPKb74hVEQ8ivETCc6V8QdyPZX7fi6RToJHL:12000000000000000000:OKDOT:CHECKMYTH
15DE7GbJgf5MrvR7k5t8Zj6mCLZepHX4T8WHnwWWYvasGWfQ:12000000000000000000:OKDOT:CHECKMYTH
13n15ujQbZeevwgSbFELRYYMnWcDgz6acexs7NFSmeEVM5ag:12000000000000000000:OKDOT:CHECKMYTH
13ZGW7NqhAdZYdgZcNCumtroPVxTh1trj1CkepCdAWXMdkQz:12000000000000000000:OKDOT:CHECKMYTH
12dmT9mqscDMyeNvNyoULUTGCY748q2gDz6BpTzRjfPWFjcf:12000000000000000000:OKDOT:CHECKMYTH
13e5z3YCd7zPpaMCUyeLxKXx1vnJVXS5FYdjKjNYLLL3j8Ae:12000000000000000000:OKDOT:CHECKMYTH
15oCPsKyFm3S4gCX7JWpgA2ayvd1uVi4VMyjDqFn63Kp3mWe:12000000000000000000:OKDOT:CHECKMYTH
16HKXmTssLmvvBYa6Wd7DfxsrWaMrSocibgGvTTjYrra9TmX:12000000000000000000:OKDOT:CHECKMYTH
13DiJsiySrJH6ofaDgoKtkvMBiuzTWDQGaJqhy4PvMTqiVmK:12000000000000000000:OKDOT:CHECKMYTH
12QczkPQnLddKFjC2xn6vdTyASYaYVg9JTD3pcL72F3Cmfw9:12000000000000000000:OKDOT:CHECKMYTH
113rmMdJoovd3MsvoJSKVmv19L8XKNthWGKUtP4FPEgMxfk:12000000000000000000:OKDOT:CHECKMYTH
154LGseWRkNTptcDBxdZWTkyYSzSDpPUBYbPaoSaf8oraoQV:12000000000000000000:OKDOT:CHECKMYTH
14cvV8fAwKY4ZLq8DYYBhiC6Vb7DoskdSW1pgGvXBjck3r3o:12000000000000000000:OKDOT:CHECKMYTH
14dsVzbSdMKtGgrTZaJnzXPoGN4spmJM7G4iYAChMAS3of67:12000000000000000000:OKDOT:CHECKMYTH
13xfFXk29V6p7EUfGtdya71pBgbr3avQyEYpo99F3pYy4m83:12000000000000000000:OKDOT:CHECKMYTH
15XFVhF5B8bAdnkjNgimyCGhsvYigPpW67QB4pwysVgaQdxY:12000000000000000000:OKDOT:CHECKMYTH
128tWiPUbKe6TsR51MqqRPAQkZSXWMyuXEE3tqT7ttVNeskT:12000000000000000000:OKDOT:CHECKMYTH
13xBDsHN8RhJyM9pZYLMQSrszwKADtYqgh5PUHSGYnXCJkSj:12000000000000000000:OKDOT:CHECKMYTH
1gtakndwDex2DwrDQhUZsRNH2s6Evina9QufWepcW3bGfwb:12000000000000000000:OKDOT:CHECKMYTH
13MogLfwWC8XJTp3PZJ5EGS9DtPH8yVxP6imWZR7XB7m4mns:12000000000000000000:OKDOT:CHECKMYTH
1nB2Xk6xdiAkhwzcertw4dRbmdrxxbhXcRwfkajUzZaEWSU:12000000000000000000:OKDOT:CHECKMYTH
13mg9DZF3AofYhstidRtYzHS7XfA8u2YcepSH8CD9xxhhVee:12000000000000000000:OKDOT:CHECKMYTH
1NM3qmV3wa2tfgpEVHBqR6J1m8qQZfM1TLFUUN7jk735Xct:12000000000000000000:OKDOT:CHECKMYTH
13XLmTXX2vkP6gDgCMhcLaJmQKYashTiGb2Q8bgCiw1jvzRd:12000000000000000000:OKDOT:CHECKMYTH
1GKSgqYaHymsN4kGf6HNFzzv6X5Xh2iPVRqkKkJkRgEy5Lt:12000000000000000000:OKDOT:CHECKMYTH
13JddMpQFLyk9TxwRfhHG56JuKkQYShRXiwhMeTSS73ex5wA:12000000000000000000:OKDOT:CHECKMYTH
1QBaAa1ir3bVzdcFZN1oWjjeYvvBbCARayuo97KJaUpTmxN:12000000000000000000:NEEDED:CHECKMYTH
1jTrNVBS4qwTgvW7U7hRaY5rvBcmKFqBjWagsxUDuaj7Sgm:12000000000000000000:OKDOT:CHECKMYTH
1pHTBUm5fcFwXvV4Zrti1zgcgd3RXceXGy2UZD2bL65HJd7:12000000000000000000:OKDOT:CHECKMYTH
15qmPMDvSSCPFxVcAnPmQ2eLgTqZsDkY1KQnMnm13AYJHHDw:12000000000000000000:OKDOT:CHECKMYTH
13KvcSU5nLCPkXuMZ4PhLtZ7RCqNRjk68pEr78NieCpetR5q:12000000000000000000:OKDOT:CHECKMYTH
14VUD5FvpiuqfFJ1693Ab8KQFBUzrkSNXAgfxtaCZ6vTyCQs:12000000000000000000:OKDOT:CHECKMYTH
137RZvYXVF8XAocTWQeS794FXn2UXanD1pXfG5MQmMq8XbxF:12000000000000000000:OKDOT:CHECKMYTH
12W93Ja4sBJsaEX2Wwu5x7BNSoCJhpqSuRJkDWwMr1MM5TK2:12000000000000000000:OKDOT:CHECKMYTH
17tsrToPCAikL8BzkZjK15DbSVH32HyQTrcior9ePA3rPas:12000000000000000000:OKDOT:CHECKMYTH
14nE8njDVALGk1ny6jiUWxF1eKict27LPDFaUMQQqGwUMnbh:12000000000000000000:OKDOT:CHECKMYTH
15zx4ia6iBRLAsiqCHX1w574k3vuufm1orjNaQsiXww49gBF:12000000000000000000:OKDOT:CHECKMYTH
12pYX5htNanJdAZw4C6xe2psyEU6gafiqExqaiFshMtkEHQ5:12000000000000000000:OKDOT:CHECKMYTH
16JurUD25Y44e5dqbdcTj5LYEUHQSsDmCLExDjbrgnnVNqm6:12000000000000000000:OKDOT:CHECKMYTH
15oYD28CDkL2JmaFfUcEMwc518Dd3mPcAJCUrVVzxMCQvzmp:12000000000000000000:OKDOT:CHECKMYTH
15E7ZxthT2oSnjBBDZ32mYSo1eh8GSiqVqiGhdCLZNTEQ9fX:12000000000000000000:OKDOT:CHECKMYTH
139j7Qg1rZ2PQgBPs3N6RSaXb3CknBDkpL71ffrLNSxMWEvd:12000000000000000000:OKDOT:CHECKMYTH
15k2C3LPZGj6cE3kpz49tMRRcUs5N7Y6q5pkrSqKUXr3XWbu:12000000000000000000:OKDOT:CHECKMYTH
1nXNF2hprrCWtY4tCgXgS3cBQz1kniRrYnnvdqdL8StHFAo:12000000000000000000:OKDOT:CHECKMYTH
15geRH71hh6LWuNUJDHgJr48mYF2UMX51BGNbZ6Ju68tnvbo:12000000000000000000:OKDOT:CHECKMYTH
13werMqMnq37YWRDUofetsToVSDmYzS4fhinP1LTK5n4PQNQ:12000000000000000000:OKDOT:CHECKMYTH
15NEBiXj2ihiqxxcQ3PW1PnnEy2P5WMDDxkXQXqRddMsQwJ6:12000000000000000000:OKDOT:CHECKMYTH
14pViTGnMYRvAASDcHCh7cNjYXxNdfUcHM1ANUEZ6AZKjzy9:12000000000000000000:OKDOT:CHECKMYTH
1428LnkdDNdjEj9Uz9hA7FMDBfN5h2yf8VQMNiHXJ4jpdUNv:12000000000000000000:OKDOT:CHECKMYTH
16aqhvdGdmLmnmt7F4iapNmKAeRgd8LbP4DoJSAvRxZgscLL:12000000000000000000:OKDOT:CHECKMYTH
13NCLd3foNpsv1huPDzvvfyKh37NEEkGFotZnP52CTR98YFJ:236000000000000000000:OKDOT:CHECKMYTH
