13uPZZXyQDkkq4v8cvd44R2wXkdajX5zrXEtksaa5K3szAJz:12000000000000000000:OKDOT:CHECKMYTH
14CwhMegNQVZMv6U93L3SRKWWWSm7yhQRzPQ672TCeYpFDcs:12000000000000000000:OKDOT:CHECKMYTH
12frYVWPaj1ci3p8KD6bRg9n7aPSy2sp1uJqDAEVdqMqhPjQ:12000000000000000000:OKDOT:CHECKMYTH
12A2jjCkrqmwfn9a6NrMyHL5inazc9rhwwbmkFsMhQFN1P3n:12000000000000000000:OKDOT:CHECKMYTH
14R5kc5UhBZY19MQALYQewZNiFqaX3crDj1WrYKFBeWbZB33:12000000000000000000:OKDOT:CHECKMYTH
15eh4TNvRBvoAtmWz3oTpyxjste59UVmvfS1U8Ztq35t5vEo:12000000000000000000:OKDOT:CHECKMYTH
1UA56iEYfjN8kHx3bwryAfbGFM8ob3iUR6BLwopAQecqrdZ:12000000000000000000:OKDOT:CHECKMYTH
14aSUuveX8J6p2G4mME3BL9rxtWK54NxnL2nMNiPmgFy1Ekb:12000000000000000000:OKDOT:CHECKMYTH
15x2xQWwiXTaxkR18qfUPzUCD68gVjvdyu2vwPRqqJbT6mpp:12000000000000000000:OKDOT:CHECKMYTH
13pUANXEf8Qj8cw12UgXQyLFWwvY7iwdVJTZMU5Mcv8Yvthd:12000000000000000000:OKDOT:CHECKMYTH
15mQthuxJMKoRMVnf6x6BFrRWKLi7jBAmcV9mDdMwyAaiKUW:12000000000000000000:OKDOT:CHECKMYTH
13F7BqvPECF3fdbGSZXWgY8wV2eXoqbzLr9PhZ1Sp8fdHsqz:12000000000000000000:OKDOT:CHECKMYTH
12e6C6iYwSW84aQxWJJCtvAJtjc2mtntonxSM2iBaEU5tNJo:12000000000000000000:OKDOT:CHECKMYTH
1rdsYZZAtvmBw8bjMrHWMHWF1Ay8EsaM2dGfNJsQf1hYBL6:12000000000000000000:OKDOT:CHECKMYTH
128uSfw1ngK9mHcXFLFkmd8QtVVwsiWUAaxhrfrghsc6jBKh:12000000000000000000:OKDOT:CHECKMYTH
12674MQMQWY27ffe5uUCCBjzd328NtPuiUhYYasYvmnuUyaX:12000000000000000000:OKDOT:CHECKMYTH
13eecFncxRPPvRaBocmMiVCLSoaJDx2FfN8ovXGbGhdfvoZz:12000000000000000000:OKDOT:CHECKMYTH
12VvkKsZtpHKWDgxJASrZi46e7DEu21tdbGFuDjTUUz5wYcu:12000000000000000000:OKDOT:CHECKMYTH
12bedvKL2rE8jRZGBoDs5H3MoSZAHhz7cfRF2H4UjioFRviC:12000000000000000000:OKDOT:CHECKMYTH
13xC2koPsr7BGDduZHKEhzeZkkHKymRGXxNNm94D9qoZ77TX:12000000000000000000:OKDOT:CHECKMYTH
1DTK7FL7yV5Wh3jwgzTBp9tsdYiDBjx8ra7eF7vZAt1jAUh:12000000000000000000:OKDOT:CHECKMYTH
11efhUXyRGMZEmZRaPaF3HYrVk5icXskJ3qvgFrgXUJjC8U:12000000000000000000:OKDOT:CHECKMYTH
12ZZGi6parWiMUQUMwGHZM9DZBb35PxXPk1T3bNxmNckVUy8:12000000000000000000:OKDOT:CHECKMYTH
1hcZjEgPqYVP2TZSD16vJo7d38qDWp3GBR2SKoxrwDpMUjy:12000000000000000000:OKDOT:CHECKMYTH
16bfndH6R6RawbhzwqbPKVpM5gq8ANhurTUu6W2xH3Xhgywe:12000000000000000000:OKDOT:CHECKMYTH
14Hswyivcm5NWTVNP3C6Xxu4KYrCnPAgi22sETrK78jph41X:12000000000000000000:OKDOT:CHECKMYTH
159M6PNJs1qq6DAVG2S3PvCE9X9LfiWdicWt8q8J8sa73LCg:12000000000000000000:OKDOT:CHECKMYTH
16RqRF6D1jWmpSuLLsb4ffPE23Sw92dzQnW4UErHRgsjaFka:12000000000000000000:OKDOT:CHECKMYTH
167uia6HpitZMzfymjtDMphH5va19GKegKJTniGjEPSs3wkK:12000000000000000000:OKDOT:CHECKMYTH
12NneB3cGSoxGWQd4tAgLMDcqFJ7HbgnTCWGQLDJhgzhbNE8:12000000000000000000:OKDOT:CHECKMYTH
1GtuJVGgGJY43T7sbs6Z5z6RchQYbs8Uvg5QagmUYukfvwE:12000000000000000000:OKDOT:CHECKMYTH
12WJKFfAhzHYDBBVK8E9LqWwRSqx5Eok4mJnCCZP2nppBpRq:12000000000000000000:OKDOT:CHECKMYTH
121J5H9dS34wLSnCWmJmjL1BMAcLr4CRGa54JdLY8w18zXY6:12000000000000000000:OKDOT:CHECKMYTH
14C9iKQiWdaqGsJS531KArjPXj76bLe9xKeyqwC5LNKQQKh3:12000000000000000000:OKDOT:CHECKMYTH
14sb7rkGtwxyiXCHzrwp2NC9puXNC5vh5pVEhAZRqvZBEhd5:12000000000000000000:OKDOT:CHECKMYTH
128FEeU2y9tiW2AQuWnV2F8vLWQb5MkowCZzXAkGRbVavogz:12000000000000000000:OKDOT:CHECKMYTH
12QzajJYkk8DxT3x85QJ42oPEsTE7npNuz6bmwPJV5emmcT3:12000000000000000000:OKDOT:CHECKMYTH
1Jh1CDYBMvpJZKXFr1uyKTjVk8sb5JaUksndZzW6ZySfuCi:12000000000000000000:OKDOT:CHECKMYTH
13YYmw1MyqTwxMbEdZsUv9hbydCbn7cXRZ9YatgBHB8R5wNy:12000000000000000000:OKDOT:CHECKMYTH
14XdUqSECqZPchj8LYABs5PrCxvVRebEuCLscorvd3CM1d5m:12000000000000000000:OKDOT:CHECKMYTH
13Ufzf7h3fVpRLFfLkEUSVWbawNJVfGthwvbV6eft7sr9bAT:12000000000000000000:OKDOT:CHECKMYTH
1cCSijyfJga6jxqCixdU7tv9kcQoUiHADzmgcaMP2W7LLYZ:12000000000000000000:OKDOT:CHECKMYTH
128CLp7pafVF5saHPs5EDvh1QyXxc4LXrnKbLjW2jWEUd59T:12000000000000000000:OKDOT:CHECKMYTH
14KZYX5DizAa1bMBXb2usUcLMJNtUkw4q2ncPs4JPQFP8Pzz:12000000000000000000:OKDOT:CHECKMYTH
12D1eWRic7fnEdazTPKXkEQzFfXGXCLWZPKRw5XLyn7amt3z:12000000000000000000:OKDOT:CHECKMYTH
124bQu1CS668k9oJmEZuVweZx6XhZVoxPq6dWjC35PCFetKY:12000000000000000000:OKDOT:CHECKMYTH
16M9UxanJSsuhB4LzGioPXaQTJSwY5wpyct5bJSHxZeX2jN4:12000000000000000000:OKDOT:CHECKMYTH
1HkaNkbRYKgL2vKgygu8wX77SiLCAWkjKvN9cppicppgHHw:12000000000000000000:OKDOT:CHECKMYTH
1fWYirLxHXfXnKPRsj2fjiG72TvQpmzbXaM2CvfuNx2RkqL:12000000000000000000:OKDOT:CHECKMYTH
13vMxMdwd7bnzixNwgPtx45oq28z4s8JYGKbZRetdEK8bwwe:12000000000000000000:OKDOT:CHECKMYTH
15rZ6uJs1hj11uLMW1fCXdRMJiETUPq3me2GHVEHwKvPKbc7:12000000000000000000:OKDOT:CHECKMYTH
15CkuVhtotCSGT8KQL8xiKmAiDdh2cv8jQpqDDE2787mY3d5:12000000000000000000:OKDOT:CHECKMYTH
12utsYdeMxbM545SHbP2HQqpvQvuYDZwnQQRfmiem3zEsiXK:12000000000000000000:OKDOT:CHECKMYTH
14DDjqnBpbv43mZ549BeWK1rpwrauvHREGhsTW5H8CSa85yb:12000000000000000000:OKDOT:CHECKMYTH
15QbDgadYfH9gBiDCoGVmkMhENQjQ313Z1HV3uGF72PjnNof:12000000000000000000:OKDOT:CHECKMYTH
12TpWEogdpYciyVbJkDbQxyGcjEopYV4c5Ej5FwjwtJ348Pz:12000000000000000000:OKDOT:CHECKMYTH
15ubxsMj3BZyxggxQ7mkhzauNMYX5jw3m4wVWyZgjbonEWE1:12000000000000000000:OKDOT:CHECKMYTH
128B5KsSrhoD3HcyMXon72wPiFGCV6iEpwfFM9WrgKpdqDoa:12000000000000000000:OKDOT:CHECKMYTH
13mKVdU6AjGuZPKsAJgbjAKyAzT1d6KAi4PHeg63yqTMe9MG:12000000000000000000:OKDOT:CHECKMYTH
15GXAFJP4NpMu1TC3UwP9Tam1hgPTt5iKuLBkKifxuHbLnSe:12000000000000000000:OKDOT:CHECKMYTH
1XVzVsrCW7CBJWEZz5jwnBRWuzzSxbwPVUA8nRHzYEKWfva:12000000000000000000:OKDOT:CHECKMYTH
166cmSkzyWVNq45QC2BkT2CpKzz85cErB3HvQy69xcMydUwz:12000000000000000000:OKDOT:CHECKMYTH
1LJPfJbndBr3R3nfvs6KCusveZF4QTx2VfQQJzeCfrrisa9:12000000000000000000:OKDOT:CHECKMYTH
15BgoVMX7fouttbtqmJujhyP53oZkCn8x3Mr6Lf7gJYmtTEu:12000000000000000000:OKDOT:CHECKMYTH
16ZVtARU3ioHFF1BhCuJjQ5XRU1jwVF6ua3fP4B26dSwuke8:12000000000000000000:NEEDED:CHECKMYTH
155MSg9V4w9cecM4P43KyssZBTgQfzQksiDjVtNZqWkh2u2h:12000000000000000000:OKDOT:CHECKMYTH
15Yx7hGFVNYyVaLRtVx1bszyvEkBKkpLgCt29WwonAbwQYNN:12000000000000000000:OKDOT:CHECKMYTH
1cttLLMUZpvsL4599pfHRua2N7xuKnzXeJN8o1McXbyN6GU:12000000000000000000:OKDOT:CHECKMYTH
12rRGyFFQmVcsZfwrqLbowzK55UvriCxxZMAMTvojwitFCst:12000000000000000000:OKDOT:CHECKMYTH
1dSUqHTZPNkfo9ZMZa2SsCajpE239fa2cJdP8EYbmJ5mnGv:12000000000000000000:OKDOT:CHECKMYTH
1vfyS2VzK27nDzf3CixbjoVKcwFAEduWBMqC3i5NiT4qzKw:12000000000000000000:OKDOT:CHECKMYTH
14ujbCsKJrUAnQpVnqCmR3aj69oceYgs2qF52zgebjvqch2d:12000000000000000000:OKDOT:CHECKMYTH
15F7Fg7nBeeLxRLEaneXNKBvsVxrfv8EvpkXWB17JjinYufv:12000000000000000000:OKDOT:CHECKMYTH
15BNvxBSi3oZewUURMLHDCzGRbwjhQaf6gRPXSjFA8jRumiK:12000000000000000000:OKDOT:CHECKMYTH
16LCsQqCeysxybt46MnxzzVacFpC2uBAypPqVGSCUDuUrPBm:12000000000000000000:OKDOT:CHECKMYTH
155FqYBBe1gticCA5PgoCWr1TLRkaHSTk9yLX4i1BLGPnGX3:12000000000000000000:OKDOT:CHECKMYTH
13FpTFkUMVgU7PdzNgM9zDZtRZBeczufGykCDH5bBCG5vvoe:12000000000000000000:OKDOT:CHECKMYTH
14CnGr6z26cjbgsvGU7bVSMP4YW2GJiW9iCt9h1NoiKMwHgN:12000000000000000000:OKDOT:CHECKMYTH
12TAjKGEpVEXX5sfULNxehQJxYbzzJUi4gmFNpfbKhDjCYD3:12000000000000000000:OKDOT:CHECKMYTH
12W1kBchePGD7U23aAAyKmhx2wMzpnQMUoMyELqW3boMQEyt:12000000000000000000:NEEDED:CHECKMYTH
15BD3CfoC3Ctg4FQHJkm6PxSrygeUr8LsZqnwXT5kBqnBj3a:12000000000000000000:OKDOT:CHECKMYTH
1u5W9wSWGaRT7CBqSKY5pfpYdxUsNVCxRZc94FsDeyG38DC:12000000000000000000:OKDOT:CHECKMYTH
13zwYPiPWuHQQDfnWjsPj5M6TTgSNfxwcKzcdFjxyf8gNrxc:12000000000000000000:OKDOT:CHECKMYTH
14etksm8J8YXL9QoSMBtdtZoaqzsQcZparQHXQ1h75qxz26b:12000000000000000000:OKDOT:CHECKMYTH
1EXmdH1w4nGTfXXymPVtZVLTCopSLtztcF3oZ19Ppa9sEit:12000000000000000000:OKDOT:CHECKMYTH
167AmZhv5mqMSnRjEfSz8THLF7t9tRUDeVg36an4XhxyfGnU:12000000000000000000:OKDOT:CHECKMYTH
13kAMUM4GsdXGn8Piu2B8R4xhDewnaycPfZyne1ZCFqqG4TN:12000000000000000000:NEEDED:CHECKMYTH
141fjQqXSChAZiWyNKpwR2yCyCxXiCuUicHsRbXBCko3FLsx:12000000000000000000:OKDOT:CHECKMYTH
15iyGZg5fP8QYtYkP3ML3BsMfkWzZCAJxoF6yrKAphZURQJA:12000000000000000000:OKDOT:CHECKMYTH
16MJAyLcTDpggYk95R7dXaTqYFUUqy9YxKtew3RHq6AtuHwm:12000000000000000000:OKDOT:CHECKMYTH
1bDpqVZF7cT4wjq8k5Urc3mFubp3d6c36oiD59AZs8gTkSq:12000000000000000000:OKDOT:CHECKMYTH
13zBXqFstFLUfS8JAEod9iaoWdmUyWCHhecaHkNjAWFmhJgb:12000000000000000000:OKDOT:CHECKMYTH
12nBxGcuTNBgJwGG3qj2ranVD8nFzvobSKh9PAvHoPmTMzy1:12000000000000000000:OKDOT:CHECKMYTH
129KzbR35p3S2WWtukpD8gS2o3LvsfBgYboye1UgCjWtEpvp:12000000000000000000:OKDOT:CHECKMYTH
12TRcJebbvcM3WCqpLn9L5vPMPQ3FqPAZ9iZHzJAyDWUQxL1:12000000000000000000:OKDOT:CHECKMYTH
12zcsX6eERqm5oRfA8NZxXprx41WcsXAuWqXPbjVqos4MFfK:12000000000000000000:OKDOT:CHECKMYTH
14Q21FzhVcwzUiUb9VSNr7HLCw19FHg42wHwvMe66JXhK6JA:12000000000000000000:OKDOT:CHECKMYTH
16fPB8kQjm4fDktXKH8ZrG9ar9y1r27jdMVUGf8kxoCfoiuC:12000000000000000000:OKDOT:CHECKMYTH
13PHyVkrop3MF7BKUdD57bQwAZNfCNMqxDeMbzX1r4Hfieoj:12000000000000000000:OKDOT:CHECKMYTH
13G4cFqpnfqovAuuShGJWX8jTAbNkjnjtbccS9PQ9DF5BRXF:12000000000000000000:NEEDED:CHECKMYTH
16CjyecxnPpHJdPzHUtp6Eg3ed5xPwxtF7xEBrazj8kUMSTH:12000000000000000000:OKDOT:CHECKMYTH
14uX5xGzE5jmeCVMiBXLGXEVyxk7jyxUxM73LyksAbxk7hBU:12000000000000000000:OKDOT:CHECKMYTH
128QU1BDrL1TkuDdqzHtY83eVCCjyjKrMK8GKgMyh6Q8myyC:12000000000000000000:OKDOT:CHECKMYTH
156JGqT6Ft8dPN7uSdzAEwZ4skfKwPAX2kTpa8L9ixwcVfMt:12000000000000000000:OKDOT:CHECKMYTH
16893cEB2DNDgW5LdzZYCYw6QtFp2dSGKux8gbyqRpnTfeoA:12000000000000000000:OKDOT:CHECKMYTH
16XZi2doUVJVV1byYbQFqpq94jMazUFgs3dm2kbLjtMMeqYg:12000000000000000000:OKDOT:CHECKMYTH
1L6zgtd4ZcufLgx8PKcHJenbGaeZysgKRaEDmaTb7MYKkEz:12000000000000000000:OKDOT:CHECKMYTH
16YXxDkasTZHS8fVc3LQVe5o6qYspharPyneq8W3CDnyHxWA:12000000000000000000:OKDOT:CHECKMYTH
15AMa7xFxBDm6yG9sJJhMHYUdHGgHTFR5zNzbmefwygPEDyU:12000000000000000000:OKDOT:CHECKMYTH
13TSc9MN3XrNuVfMXkH2EtRPeKPVxac1XBMoQzhjeK8NFTzH:12000000000000000000:OKDOT:CHECKMYTH
11rVeT4X1AcivVjZUjyEC7cN96PDSeUxPAPUGXMKfvKjnnU:12000000000000000000:OKDOT:CHECKMYTH
15AU2oqUeoBvFZCUuWhJHQPgnND9pdPGg2CLNifxjmrKtwKC:12000000000000000000:OKDOT:CHECKMYTH
134YbU7uDvNZGi5gyzFsNY7VmowQKnEvq1Myqiqsm9A4BMaH:12000000000000000000:OKDOT:CHECKMYTH
14raeaCwyuWb8uaXJr7cdVtsj7Ra1Dr1HccGomqCnFw6HvnZ:12000000000000000000:OKDOT:CHECKMYTH
12q3BVzr8HwsG1KHz84LibQExdHHrRvvvt46f3xmbAV4VwUg:12000000000000000000:OKDOT:CHECKMYTH
162tSM5bufgKLbksHBryrP7nRqcA3p5WNUexpPq7Fgwc1ngQ:12000000000000000000:OKDOT:CHECKMYTH
12XVjnzZ4twfYJuK1ESAziTUwLt5QBZHmKPj5iktBgmdRGNr:12000000000000000000:OKDOT:CHECKMYTH
12Txep3xBwnACDAHesw2VaSZhTgQm1EAyCmQcrZ5bGVqATb:12000000000000000000:OKDOT:CHECKMYTH
14b1jhX4guPYGeYYX77ZiLuPCjY6ycmJYne8gwwPT94aDrxV:12000000000000000000:OKDOT:CHECKMYTH
1YbGVCbUvWJriCiw4Nbd9AeMENBsn7QYVo77XjSUZ7noeFJ:12000000000000000000:OKDOT:CHECKMYTH
18NY6iwuu1cnY9j52HaCxo8xEbZCYDLzkMmPq1nN9zyBy3e:12000000000000000000:OKDOT:CHECKMYTH
12NpzBn1oALe1EawHp6bC7yQ9kjkJyopp3w9h8SHu38CpuCt:12000000000000000000:OKDOT:CHECKMYTH
1MQn38hZJZbZwYTNWTpKh91vBAV7s7X7Euv792HDHL5wyMs:12000000000000000000:OKDOT:CHECKMYTH
15z8uNNVpiZ76fg5VxLCfn2DQFSmwEpwnH7bkiHB1UanZevo:12000000000000000000:OKDOT:CHECKMYTH
1uGFwuaQqfWXNyv9QeJnTHgYivmJkQjbpZbHKmC3u2hkYda:12000000000000000000:OKDOT:CHECKMYTH
15e8T6y2PNQD9VjFmWKfPNucQtSueNbbwKAHzP246oCVPGTP:12000000000000000000:OKDOT:CHECKMYTH
1V4Ha6QbQx8XmvmDhA3q1i8riBLeV4nQCx8da3ZYuQRgKK7:12000000000000000000:OKDOT:CHECKMYTH
15PEpu8bMun73o6pNwkw6AdsqVNhPGNazSph6uJEx1kN2aDr:12000000000000000000:OKDOT:CHECKMYTH
15eKqo279kCs25h5E5pJHJqTwEKxNpfLD4s2LHjFQ9ka2oDW:12000000000000000000:OKDOT:CHECKMYTH
14Ha5ySP3HSrPsKHNKU5pYYGwQKGfsUCFPnskg7DAeiFz6e4:12000000000000000000:OKDOT:CHECKMYTH
1MB9i8bnnvQKafvi5Y93RA7GAkNH96x8PoVPcZtDMJt2sqG:12000000000000000000:OKDOT:CHECKMYTH
14AjVP6CneFDNy8PizgoZeGvHyYVqqYPJ6t9VRwtYoX8Lbzn:12000000000000000000:OKDOT:CHECKMYTH
13Z1MJYvdmxDtMQWCuCBRtaV949kkQgXnw9xbU6tAYxbJVTP:12000000000000000000:OKDOT:CHECKMYTH
14imzpaSzAkdgVq7V2aJoaH8uFLvo8rn5m7BicZHRVMyCCAo:12000000000000000000:OKDOT:CHECKMYTH
12eiMwH1QRk8hXyQA2CMzrFbWmGEgrmyVwZiiAXfsrpWFdmZ:12000000000000000000:OKDOT:CHECKMYTH
1xkuDzNij9fkeJSwwtws6jJNjHS9ugihxTVJXteQhz5obYM:12000000000000000000:OKDOT:CHECKMYTH
14Udiu2EAQs64oqS8c155ePYw6Gi8YmT6VT3rs4FSemenRqu:12000000000000000000:OKDOT:CHECKMYTH
15mHciDY8nRbc54ipToUtQtKG6aoNEW96LVbF8MfAN4vSN7K:12000000000000000000:OKDOT:CHECKMYTH
13UEv6Y2SmVyuuar2NX1i4dMw6KGv6Fjz1ns7poYVCUCTmAg:12000000000000000000:OKDOT:CHECKMYTH
15tRLBqp5XRNxr8bk9KcRkVmPskWgRCV6eXGwKC1i3mUEejq:12000000000000000000:OKDOT:CHECKMYTH
148X6M5T87gQArqFaAYWmgWS41ixkFHvJmPbrE25zpo8aMyE:12000000000000000000:OKDOT:CHECKMYTH
12nBDowxPpbi3itPLTK5tEge27J1Xkiwys5ZTmm7MKYuRYY2:12000000000000000000:OKDOT:CHECKMYTH
137YmsCgNLYkLT5RCU2r3NGBaGoJWDjNfLy4vaPiY4r2zHh7:12000000000000000000:OKDOT:CHECKMYTH
148td7rVtyDzWdgppPQAPzppfEaVKyfX8AzVzqZtRnRS78uG:12000000000000000000:OKDOT:CHECKMYTH
13S19SnPQrh7E22xtv2nquHpiUzTtJZAbNu1p2tuM8DUJFA9:12000000000000000000:OKDOT:CHECKMYTH
12Uz2UxE2SWMGbJURkj4dHJKnrPioFqGm15b7psZc996GjBg:12000000000000000000:OKDOT:CHECKMYTH
1K93m2UDSJ4RX5oZ3iL5txWsRE1q3tpL1chYqmZzAAjF2z6:12000000000000000000:OKDOT:CHECKMYTH
16htdGSZjpe3B5M6yb6L64dsP8fTvfz5pGcFy6BpGFQcmMdU:12000000000000000000:OKDOT:CHECKMYTH
15aBTSvc8ABmrwmtsRNVBmvMtkFa8LdZSYwrp6tDCB1tf6VP:12000000000000000000:OKDOT:CHECKMYTH
12vu8ayFkrViQREVWwdYhXWLioQjeoZydopj9mkZBCaX9FVL:12000000000000000000:OKDOT:CHECKMYTH
12i4gHwc5B4kHLaHuEdy7vkdiKcMtZK5aBxGUb7zoqDDaU3H:12000000000000000000:OKDOT:CHECKMYTH
1n7Tkn9oMEbq69i3N9cmA3HhrJGxkAXAWt3rRPuovBhdhaR:12000000000000000000:OKDOT:CHECKMYTH
12d2amkoDM5xWGxGnXV6B2BEQngTSoEy71uZcBfzDMkuverF:12000000000000000000:OKDOT:CHECKMYTH
15QhLNJe3p4rBcJbEKzXPeWgtw2JnQv46hkYx5bmtyzXmpXs:12000000000000000000:OKDOT:CHECKMYTH
13UF1Z2FWyo2oAuwuY2kUMpqCgQtBUgnPsRwekFbvAg9E8Yp:12000000000000000000:OKDOT:CHECKMYTH
16Aj5pxmGqBLvALsDTSnQBSkdfPgyBeJCJMhnfCSVjZryN2n:12000000000000000000:OKDOT:CHECKMYTH
199egBZt1xcEpZuUCmqcoYacNVDidAHq3RTaRRqngorv4V4:12000000000000000000:NEEDED:CHECKMYTH
1ddiaabTRSiqiLrvaHLLx7pXixJWyBz288W3wUGXVDG8ZGx:12000000000000000000:OKDOT:CHECKMYTH
12gwEL9cyc4eDDMaSftwayDDZHgWvwePsd1TZmg39h2ZvFZr:12000000000000000000:OKDOT:CHECKMYTH
13Sw2K6hhfF7H8nDP7CXLrjr8FLcax779tEtzpzX3zQzHhhz:12000000000000000000:OKDOT:CHECKMYTH
124bcP47srPMLirsuZAGunNNjtYfjzLPuUAFhLw9AbN3igfN:12000000000000000000:OKDOT:CHECKMYTH
14utCfJ2XjE6Pv83jfLLL8FZqdBeXUVG8weX2qMs4VL9QiRL:12000000000000000000:OKDOT:CHECKMYTH
1ovknx24qq2P4Dm3h1j3bPtwZ8FGUx2s7Hf7SjRhq1zdE5Y:12000000000000000000:OKDOT:CHECKMYTH
163zYxkKDEbnKk1SPbJTCVaHpxZZTQj5PKa9Fod2jD34mLiB:12000000000000000000:OKDOT:CHECKMYTH
12p5gCvfPC4gsQJNZqZkVJYmbFs4KD4xY5msVdsDZshbHpUe:12000000000000000000:OKDOT:CHECKMYTH
13HbQ9W7BU9MU59ZUXGHpT7YBrL9bMjro1B2r99BnZADQBwz:12000000000000000000:OKDOT:CHECKMYTH
15zHnwt2W9vRa81AGJsbDyjopB9mXcxZwZ6kG5ytxBDfJJb2:12000000000000000000:OKDOT:CHECKMYTH
12WEss8tT68kez1hje8JjrvWqh7B8u4ZVRuAbTer8fS7uGT6:12000000000000000000:OKDOT:CHECKMYTH
13vmEVPUKarnW6mdPh32JJ9UBK6rmckhjfDrDUxC4pSt3Lc2:12000000000000000000:OKDOT:CHECKMYTH
156i24y6PEDqFAVoWg5AUaEuxdaBF98Qn7iJ9Z4e1hQZXetH:12000000000000000000:OKDOT:CHECKMYTH
12ACJ9GG74ZUNKj7e1S9We81ZMw1922CQuVGzZtsKfNPkvHV:12000000000000000000:OKDOT:CHECKMYTH
1g3ZEkUMfan666SZDebJbK4EC6yo7bSjrHqu8dQeK6eT3YY:12000000000000000000:OKDOT:CHECKMYTH
12d5pVurtdvEjTDktgCQK1Rmk58yh69ghPoYw3sUrqPTMVuz:12000000000000000000:OKDOT:CHECKMYTH
12H7C5rpkre2RcaSswfXurc1CoUZrm3bhc36rnxUUfCXHwKa:12000000000000000000:OKDOT:CHECKMYTH
12N35dYwj3DZPEbvHVMvyS1mVAWs4nbpQF4sXiWGUP6TxPg8:12000000000000000000:OKDOT:CHECKMYTH
15rSdrTZJhayVo2yGGmQ9b24Dxo8F2qWS1BdPVmk8KoSQuZF:12000000000000000000:OKDOT:CHECKMYTH
15XwcwUeKTTSfKC838mWeJ9F6KFofrdmnJVZ3F2RqCTGoSkP:12000000000000000000:OKDOT:CHECKMYTH
16J8UoR6mU9ASG3WRp1L11NzXhk7ik6PycQRwwMqufSna2cF:12000000000000000000:OKDOT:CHECKMYTH
1S5vgvgWKRPJPSrYtFVJ21nqQuU8xtdakLsR7c5MsxMceFL:12000000000000000000:OKDOT:CHECKMYTH
122GHmJFDBH6C96wg22jUrckT6AZyhrLGpx76e9hpCpgARJr:12000000000000000000:OKDOT:CHECKMYTH
143QFeLFkAPRx3N1hGoif5sQfHErS9QBCVgwsbcPr5vWasRe:12000000000000000000:OKDOT:CHECKMYTH
15SPQdMAVcpiP1TGdtPxCJ2L9FCA9HWbx5ksD3UCzoPRdey1:12000000000000000000:OKDOT:CHECKMYTH
1E2PNsnPNbwXcaSpnmP6xGkHRvb4jKHJ9SQh6C8jpVa6LzW:12000000000000000000:NEEDED:CHECKMYTH
1krK93Kqbb2KzVquzmkyut9RjCs9S4JD7r71Xi7sX6xLGgf:12000000000000000000:OKDOT:CHECKMYTH
16NntLUYMwwdzjfGT77nsFagLodu5U1GSWKwNqR4XrDAW5hJ:12000000000000000000:OKDOT:CHECKMYTH
137G29rFnQ3URoNQqLm8FEKvPJ5Qa2pHzg8NR7QftC7E65wE:12000000000000000000:OKDOT:CHECKMYTH
148q6hHRz3ANLvWcxgcJ8hFVWQsMpuUYAuSuYTEdDkTiaK5T:12000000000000000000:OKDOT:CHECKMYTH
15eroFMsMGnxeibN7b6RtRsYEpMVmtxLm7gRk95Df8jKVAiR:12000000000000000000:OKDOT:CHECKMYTH
15gBAgDuD7uV6Xqkw1FH6DrvKze8s23keNa6CzDL3dkiDDsK:12000000000000000000:OKDOT:CHECKMYTH
139tNdqFuKsTNJHGjhYU5ZJ3qgnMSA2f7UiDp4sH66mFcshc:12000000000000000000:OKDOT:CHECKMYTH
15n2Bi3qdnkQaBSRFkMWeccb4YgRwbqx8z2WutQvDysgUYyy:12000000000000000000:OKDOT:CHECKMYTH
12c6jNzKV65E79ADh6p6F8ReVGSGWfiBZdvnPc1c9wuHNNnc:12000000000000000000:OKDOT:CHECKMYTH
154hcLFgtSt2yaJMYHbJ5Es89vJuZBoUKAGULFA1HVYtbA84:12000000000000000000:OKDOT:CHECKMYTH
13q4D57ZPxvpopQhXAT2kcVAjwLQnpNYhdCDnkLdbNmBYDDw:12000000000000000000:OKDOT:CHECKMYTH
133eEYHqbyEDstYxdZxeQdZHE3pBMX2omCMTmxpNYQYhDYan:12000000000000000000:OKDOT:CHECKMYTH
16fGNK66FSXwKBatybPDTLotsxiDtKmEvPonrihzZLWLeaDa:12000000000000000000:OKDOT:CHECKMYTH
16ZaL2S2wGUNGVKPoNJKtrCVWKMdmSb9bDix3AuMNWNbyTbL:12000000000000000000:OKDOT:CHECKMYTH
12FoYScDR3KVQAi6jEGig1RrtoGVBoKnMqfZsm3sfZ2iDr7k:12000000000000000000:OKDOT:CHECKMYTH
14uA3zfUqoSynwK4nEDmc5WwUf4iF1aZGjP4n4Nr9Bs7dZza:12000000000000000000:OKDOT:CHECKMYTH
1W86n1hLbiH927qX82XQzZHRq3j6Zb5VSHSxP6mBtBScPuM:12000000000000000000:OKDOT:CHECKMYTH
14cpEVrECiDUQGForFvZW5F73VxaPN1hWbjBBZDQFSvbSmK7:12000000000000000000:OKDOT:CHECKMYTH
164U1KDLrsmxKYBJA2P42WaRDduyy8FhBJrz3Qa46hfLaxaZ:12000000000000000000:OKDOT:CHECKMYTH
16AmLBf9VS8uFHs7oLoLgtyT5zHPR7hnqV4oGAXxwm8Q7gQ5:12000000000000000000:OKDOT:CHECKMYTH
15BuFbdGFxQKp1v6F2666UBZXLJ9VvcmWWapft98rpoqEdt6:12000000000000000000:OKDOT:CHECKMYTH
15Wakj5fV2bRfVbsi6kqgcwdxrnxvHKZKabWys4yC7QLYQgs:12000000000000000000:OKDOT:CHECKMYTH
14q4QX1cYX273UBxXtuH7SXjyAeDSk4dCAFvVgoKLAgwe1CT:12000000000000000000:OKDOT:CHECKMYTH
15NKdHTKN1ybAf14nBAMbJKUAEEGU53wraM7VCpXFgsJxu6a:12000000000000000000:OKDOT:CHECKMYTH
139RAEoE1rRsnfAR2qFcVTuZFUDYfVM18AvQWxsKLafoKrw6:12000000000000000000:OKDOT:CHECKMYTH
15STKFXZZ5CCBb8N2sJNLgcyfjavyrqwoK9mwUAUVBCGvdi9:12000000000000000000:OKDOT:CHECKMYTH
16fX29RidzUhycjt8EyXp9PtQDhnzJ3mhNSBJWwsXyCYqCvw:12000000000000000000:OKDOT:CHECKMYTH
12AtSD9xZjtLgAt5GWLfR2Fb5cGgGD8GyrC5j957QX12V7X3:12000000000000000000:OKDOT:CHECKMYTH
1gB8EYBtBz3VqnoBAXzSLUc7N5FQcq8Ud4McJFHtGSeRYNa:12000000000000000000:OKDOT:CHECKMYTH
136s5DdnrMQ6bj8SPCrfRkKi5iLhEVGGVfGLmijmfy978NzP:12000000000000000000:OKDOT:CHECKMYTH
157vXBPSbUpKvbmHfrtg5vDUawQ7JyZBTEpzwbPdaJqWY2WA:12000000000000000000:OKDOT:CHECKMYTH
13wLE6tYj65mDmc5sCWcE4VF5GcGAuBBEmYdrWzPSC6bMWH1:12000000000000000000:OKDOT:CHECKMYTH
15CnDpAW416hj1mZMVa5XM8h8FDfCZMvPVe3EXnHvMzCCPdc:12000000000000000000:OKDOT:CHECKMYTH
12XTNzSkdZbFtL3BtUwqdL3RK4ATYc9g38Ejqf3ccA8PYe9o:12000000000000000000:OKDOT:CHECKMYTH
1oziLHQDcU7H9Mo1EV8qUkFtALhJAK4qP6ig92tFFDBiTw2:12000000000000000000:OKDOT:CHECKMYTH
14ipaL8RYMtKkmEafrXXeDXBRBkhJRfmr9n45GbDrsBajUWD:12000000000000000000:OKDOT:CHECKMYTH
14o3t7jbAXfUHbs8S3kSQvEcQ7Da3kNwMNTDp82VbhNWeT2Z:12000000000000000000:OKDOT:CHECKMYTH
12C3SK49idG8aCN8cwPx37UJbAUaUTtoXTQBtCUKUojNzW43:12000000000000000000:OKDOT:CHECKMYTH
12duE3KjzCCaa9VFb1D6jjRQ3C4dH95ypn8LM1D8vAphPbYp:12000000000000000000:OKDOT:CHECKMYTH
12Y4z55BB8CQTscwRgHx8YNbVySdAtcr19cjTdVKEy9QXL1V:12000000000000000000:OKDOT:CHECKMYTH
15iAWqKrRAafRcAPftV3SNJuZpyHEuXsiCZqJx3exjgVBZKN:12000000000000000000:OKDOT:CHECKMYTH
15pbCR8dnAvAaouPAb8XzCjqBB74hziVJ549dtRqxfRs5DDr:12000000000000000000:OKDOT:CHECKMYTH
16NFyUWNyhpmDQ6mw994G2DzaHpZsyy82bAfHBhV993wCBVh:12000000000000000000:OKDOT:CHECKMYTH
164itEieTrP2ZogE1meoq2MPDKbFjTiGJnXwgxCCpPnVKL4i:12000000000000000000:OKDOT:CHECKMYTH
1Ui6SZudyGrsmdg6vwFtbCMNFx8BV2z48gu5xm1DfetDhmi:12000000000000000000:OKDOT:CHECKMYTH
16dqRpUhQKVrr2Cupuk16A9vE7ME5Q84kHQSTLjgJSdu4KMy:12000000000000000000:OKDOT:CHECKMYTH
15Z9Ajqa3aZpFA2eB1kKFRTakrYDYMknoabRrC1jtacaTBCF:12000000000000000000:OKDOT:CHECKMYTH
13n1rtd2ygotYQdgnRc3qpjWU5ig3fBqMUD6rUVEy64gLaSz:12000000000000000000:OKDOT:CHECKMYTH
14JGwBzqWhi5B6Gh8ZcPTw2obZAYRno26iY5kURdgcqSa5ny:12000000000000000000:OKDOT:CHECKMYTH
12AWTrSbX8LVceHBtAPkvmFPz9Urj5qCPGxJAUrSKpxkHFyH:12000000000000000000:OKDOT:CHECKMYTH
12jLjxfZGU3CSJpWkeBg4inSLnSUB8oNys4AjNvEwNcbjGJs:12000000000000000000:OKDOT:CHECKMYTH
1xgByGcRoN46BFexSGyioJyg3dZyQXqYqwX1JR2XGZpfqhD:12000000000000000000:OKDOT:CHECKMYTH
13QtCWwEvHeNaGDAQFbi2wFEHvToWBP4ahhpDdV3d9tEXPTb:12000000000000000000:OKDOT:CHECKMYTH
15iUo9iBivP38wqj1ZDSFVCqV1xo1SYjK31J5QAYJUuNWHC5:12000000000000000000:OKDOT:CHECKMYTH
14GTEE2teyghVtwv3UAyeo28XPB65w43Xv5NBAtdTBqz2gy6:12000000000000000000:OKDOT:CHECKMYTH
13bTggzbddbi5UgeqyXnjyz4cR3oEHZJVbRMaJBZ85ykD1hy:12000000000000000000:OKDOT:CHECKMYTH
15CPB5rgqC9LWJZKarwLTkfFFxmX6NGbbbwf3citjdWPXmB:12000000000000000000:OKDOT:CHECKMYTH
157HbMCVW5GscSxHZQMM59ZiKQY7uvzt445sdQniqbY5JYn1:12000000000000000000:OKDOT:CHECKMYTH
156sH3mLm7FRdgTnAZZEMpBnGjDXB8812DVbA3yHoqx7TJ9w:12000000000000000000:OKDOT:CHECKMYTH
1grrnpM6Ncezdx8UpnLNmbkLL4B4HtSLFKwJ3hkPbPAN3Ax:12000000000000000000:OKDOT:CHECKMYTH
15zmb6PwLC3bDjd5ejSPB998h2VShjskpWyd9Nua1d3kFX3n:12000000000000000000:OKDOT:CHECKMYTH
14G4v758TxEWSwwh1CDhDGSGYBhFX8iook8RiyDfspjHr7Jr:12000000000000000000:OKDOT:CHECKMYTH
14LMKR3hswWPXarU42KDK6QbCvR8NwmSvoz9H75jVFGkRDbK:12000000000000000000:OKDOT:CHECKMYTH
1Ea54Md6gZY9LzcWYGX2sVDDkTjJ9MCqfmJxgZzVTkKHes6:12000000000000000000:NEEDED:CHECKMYTH
1DYVSG6tQkBKUdCzePuXC6zdoZcWi2Xc11fCwdFJ1ViDAkn:12000000000000000000:OKDOT:CHECKMYTH
14VZ12enSXMVtgCsGZAuJqaEBf8i2arBNe9XWLM4npigZyXC:12000000000000000000:OKDOT:CHECKMYTH
125RYvHsCKq3aDEwS1ShLm37iCLJbhMuMJsPh8HYWmQNWDv4:12000000000000000000:OKDOT:CHECKMYTH
16dGuqZibgj6Vuiqb6F4kqoa4Mz9X1w5XhhMopyBJHdjYq3C:12000000000000000000:OKDOT:CHECKMYTH
15d4NN6jp81ri48sXVA8CoAoo6E1CK88Zq19vnLGTkS58FqY:12000000000000000000:OKDOT:CHECKMYTH
14TSDvjkptFm3XtLoVPf3nSctctruSAep75TRpdVsiWuYFEb:12000000000000000000:OKDOT:CHECKMYTH
13j5VrbQK5KWk3YiA29AENB1723RRr46zosJUYSmRCrHP889:12000000000000000000:OKDOT:CHECKMYTH
12tj9YkrUWoMM9C65ZbGf8ejv4Q4YZU3jrK6sR3GgeQ5NAtx:12000000000000000000:OKDOT:CHECKMYTH
15mBS8zHqBGkReEJATHzouSWDGQwvuVtLE38mzyfoVWMU5HT:12000000000000000000:OKDOT:CHECKMYTH
13aafuHD499wv54CK8N6tZ7DkLxEPfLwLVd9FPxdkjqy9cZQ:12000000000000000000:OKDOT:CHECKMYTH
12xvv3dH1rMZHhYnWsdJMyva5n5UfFNUNZk94VThdiRs7gwD:12000000000000000000:OKDOT:CHECKMYTH
142voCe3d8oet2QaBEgdtGqWT2NicSVtnq9WLzLaXSF6px6v:12000000000000000000:OKDOT:CHECKMYTH
136jgRNB6kcGW8G9FiRztRWmSUan1r7CH8Sx5ojJp2sn29dy:12000000000000000000:NEEDED:CHECKMYTH
131GPkkKiLHX12TndBQn4BK6Uw65gQkUE5epZ3F17sjudzvy:12000000000000000000:NEEDED:CHECKMYTH
15x5nZ3wHUbYYhnDnm2E13ejcdvMNycHVjE9hcffSGYwerJB:12000000000000000000:OKDOT:CHECKMYTH
15hspT3ZY2utEcdAx2jRP7ZhKeMKYbfUms7FUtr7cojwUVyV:12000000000000000000:OKDOT:CHECKMYTH
14ggMQGkf39LHh25HGsyPrqoUu1ymBoo6iJJonNevgmu1jgY:12000000000000000000:OKDOT:CHECKMYTH
16Tca4NidvDKzKcjigeYnqwiaNNWZnD6DX727mQ1WAxPfDL8:12000000000000000000:OKDOT:CHECKMYTH
13LsrE36Ktbo49RN6KTdCUX9WYCq7ib5yQ1Vg3EwRojCPWbm:12000000000000000000:OKDOT:CHECKMYTH
155Ht3z9GTcTNVWv1yQMG4azpkC2tN9BqkMFmvtWr8wbxec8:12000000000000000000:OKDOT:CHECKMYTH
1mjy3ZP4K2C3ZY9oBm3Hdn1k6zHy46f7WNG58FN826ELzXY:12000000000000000000:OKDOT:CHECKMYTH
16LN7HCqCtB9t8W1KrVR6VYUsSLtm9prWhsZZ97WYMN3Fc5b:12000000000000000000:OKDOT:CHECKMYTH
15va9mNk2oyVPu3DAxNxg5gDuKoiJYwTjQWcwFNf7neqww7f:12000000000000000000:OKDOT:CHECKMYTH
1EDUDaKWVkjNsXxgdxEa2RfR5atwoZ2Am7fKFzrU1wxvHtu:12000000000000000000:OKDOT:CHECKMYTH
14Ax1Qed33VLvFdLXy7cVWoKxTu1n8S2ZGhg92JtCrLv8XLF:12000000000000000000:OKDOT:CHECKMYTH
1hiwwfZ1zC4BG9KHjqL896dT4ej6tPZf1Ks8kW8J48MzGo9:12000000000000000000:OKDOT:CHECKMYTH
123of9a8AJPoyA3r8qLHWS9ukp4WRMEbd6yfjKkh6auqFmd4:12000000000000000000:OKDOT:CHECKMYTH
15c9wWvcDq6GjJm1AuPnFiow64UtV3wH3NnJ4X72fXUK1a8X:12000000000000000000:OKDOT:CHECKMYTH
14owED5XYeKdVmSx81BBitKFuZyhGc1RZQ9ZDSpiHMvsX9v:12000000000000000000:OKDOT:CHECKMYTH
13fhq6fL4Hf1fRjD4TNWGcZm22jiS6KZVokn9bbjLazE1htn:12000000000000000000:OKDOT:CHECKMYTH
13xYvzPHdqq6gacu4Uhf7K9wbEiN95j21vu9sDjzZW6LCkK6:12000000000000000000:OKDOT:CHECKMYTH
14ErYYsBgdUaBmuVi4MQyxwXDxH3T8WFRBvWFWK7JkJMUJHT:12000000000000000000:OKDOT:CHECKMYTH
12QjW2mhRE2vy8cV5nbQGTXY5HWKoKSqXFZrHMeSgFjmahig:12000000000000000000:OKDOT:CHECKMYTH
15G83doDotV2kwkrSJz2unvnb1JCGYde2o1w2Ctaj75m6sYd:12000000000000000000:OKDOT:CHECKMYTH
11obFcPs6MQ3QwzhJqmWw67oX1YBGCBVHYzJVWsgcv9KgZL:12000000000000000000:OKDOT:CHECKMYTH
14B6RYN8GS8SMiENVP3uDzb7oBGuPDZJFAYYc3HQUrnUfg58:12000000000000000000:OKDOT:CHECKMYTH
1gbwPHdy1Wte6V8kHFKkQJay2y17dfBAmVLjJ93QbKs1ur7:12000000000000000000:OKDOT:CHECKMYTH
16PmYkpWaLZeTzKiu9rTBok9NGmnCTTjJpcdi64cLF8uz22U:12000000000000000000:OKDOT:CHECKMYTH
13PWG57Y5Kd7TFbKGsgcPQ12ELC1Pa1dRJPLTHbm1pmGtHat:12000000000000000000:OKDOT:CHECKMYTH
152osHGqZag47VuVvwfARdPSMSLVCzSeBaejutUxnibe4fwg:12000000000000000000:OKDOT:CHECKMYTH
15JRQKc26Mwj2rkWy4HDV18RPGFfcsXDbZc4jm22qT39qmvX:12000000000000000000:OKDOT:CHECKMYTH
1z4hhdnioxpZQh3siV5cZcM8w7DZGCQD7QPLLsKUXdM67hT:12000000000000000000:OKDOT:CHECKMYTH
1soQUDAw1EkRoLvySABfkW55QaGgZs65pmLco6k2B5hxjrW:12000000000000000000:OKDOT:CHECKMYTH
13ybEqYHwfCrTtQudrSqQPLU3YQtfqDRLy8gNYhmfpwuSa1k:12000000000000000000:OKDOT:CHECKMYTH
15zZP3B3QqdjoCCLhYcVstAKcUZfUSetccro3rRzoW2gBRbn:12000000000000000000:OKDOT:CHECKMYTH
12KoEVbk3GNPWXqZj2rULwrLxPegqTtnSjVTGTLZ7HdNTfJn:12000000000000000000:OKDOT:CHECKMYTH
1RE2YgjLEf4onsuT9mRa5GA7gJDjnbtUw81qHdHP263EJbd:12000000000000000000:OKDOT:CHECKMYTH
13cLXqkmiEn983QXBoF4Z8KAxyB2ryinm2p43r3qzWrVYwrv:12000000000000000000:OKDOT:CHECKMYTH
147Z2EsZdpdd4emxGSy5SnA6f6RDHuMaiXt6ZbrzRYigXeog:12000000000000000000:OKDOT:CHECKMYTH
16GbfWwRpkSPPM12eLdobPXohXkZeBVaeuvxLaxUFY2dhEzU:12000000000000000000:OKDOT:CHECKMYTH
1Vgwv3uqzc5Ht2GpA2x6BQVSdk3wxVq3hjtXBCLhMgztUhi:12000000000000000000:OKDOT:CHECKMYTH
14q4gEcUu3ZP36vBEZWuUYqK2tRifxWJBNSBwt8QrVD5JsiA:12000000000000000000:OKDOT:CHECKMYTH
12sSuwy2xyPEHYSVVwgUeEM8Wqzjk19T57yVBxxpB4NYQPwp:12000000000000000000:OKDOT:CHECKMYTH
12xPXoSRN6Hako4CNCBenSZrFKdhxxFem2g5MaTRSWdxMHZb:12000000000000000000:OKDOT:CHECKMYTH
1jKfbVQhvD8bRyKsQYPihxZf1seKfZCzPwobxNQzPiuMcC1:12000000000000000000:OKDOT:CHECKMYTH
137vJfriqbCD1AQ2tTVpNvbmYocse4dYwUmiEWPePMCsPFyp:12000000000000000000:OKDOT:CHECKMYTH
1rB4BYEdEtQJMzcA638LxnzCB19dZqwdhT8aBpaKU87oyEg:12000000000000000000:OKDOT:CHECKMYTH
19hS7SYg93vvQaiiF47Tr6gRcrykKbdPtCaPSQkm9p73Jzy:12000000000000000000:OKDOT:CHECKMYTH
13Z1xysQJ2DTq7oXV4nspd8t4nohNKRoT3Ng3MroQWRetRWZ:12000000000000000000:OKDOT:CHECKMYTH
1W4F3r9j2GMoqViAKP3rL3cRCqXcR7iSoBJD7mQU3g2TmSx:12000000000000000000:OKDOT:CHECKMYTH
13i354euqNEn4QAAeRM7RMNTrCZC3V5EQPfxuG6rZ66RYSey:12000000000000000000:OKDOT:CHECKMYTH
15WsN7qJbWTiQY2CW6F8ZoHWpne6NBbBx4sEwHBaDPfqR5RZ:12000000000000000000:OKDOT:CHECKMYTH
12Mzcw7DL2cftVD1h2dDKFGnGTvrcijSiasZSnfz8FYmVhFJ:12000000000000000000:OKDOT:CHECKMYTH
1kaSDr6rKxPoAn4SR3kdzWMVH5CgDgWvaV3Ybwnxo6n3vnP:12000000000000000000:OKDOT:CHECKMYTH
15q1sJKd8ru1di8rzvmk4z3gNxChH8uCaiSRtAgGCsEA2SnJ:12000000000000000000:OKDOT:CHECKMYTH
1K7mcdQgWfNn2HjtE36DC6CKYPQkkYovGxWu9jRwBm7p1Z7:12000000000000000000:OKDOT:CHECKMYTH
16d1dX7rCvu6tvRJJ5G1rqf3jzxtUmWV11ahAo4PTY34KPuo:12000000000000000000:OKDOT:CHECKMYTH
1nBwL2WgyUuRfn3f4e2QZDeMzKjpo8UtCmrMEaMxWGvKERV:12000000000000000000:OKDOT:CHECKMYTH
15UvhiAESkV79pu1SshmzqnVonGzSuyPSmMKhAFfMcJEzajn:12000000000000000000:OKDOT:CHECKMYTH
157WU7sUT4V8bKGsLqEPPHTZmFcu1sBjjUfUc6wV9HFes74M:12000000000000000000:OKDOT:CHECKMYTH
16mxQMzM5VNUMY4JeYE5PLMacLhNwY7Qe9w5voDHYUC4HS8R:12000000000000000000:OKDOT:CHECKMYTH
12BCwebProj8pQoofhVz4msEhQb7FUgbMrvXMkHRQYYxWyUu:12000000000000000000:OKDOT:CHECKMYTH
13AzmBzdSxLKZid8j9mUURTwd2HtBguKGEJaaVQ6EG7fpVTy:12000000000000000000:OKDOT:CHECKMYTH
16XvziaYCGxo6tSXZo16DGUFHnQen3U9B2zZ8jQMW5qQfj1X:12000000000000000000:OKDOT:CHECKMYTH
12ULu3PmDghrgPkMZN2UvGUiJ7H6v1XYJnxyMj2hSuDYVSuy:12000000000000000000:OKDOT:CHECKMYTH
16k2EnjRKWrpv6QT686gwUAqVB82LPNC1HorzR69y11zJkTJ:12000000000000000000:NEEDED:CHECKMYTH
18hYTwzPyEz7KSD1mEG2E7JNuTrReZqA5UdTaS5PLLsnBNM:12000000000000000000:OKDOT:CHECKMYTH
124tt94Aa3PP9JrGxfgfFrF8Hm1sFXfSps82wvZYQ93yZKiU:12000000000000000000:OKDOT:CHECKMYTH
1TfXJbDmytz6y741SkMBMJCdas7VSNtQh3kBEhCwho2CYVA:12000000000000000000:OKDOT:CHECKMYTH
13bK2QPfKFuwc3EWX91jATqdVcKu3TXq5wQZ31H4hzipsGLy:12000000000000000000:OKDOT:CHECKMYTH
13f979m2E5W6xyDfpxVENtQWrgNKJYnx6ekxRv1pWxkW5Hfe:12000000000000000000:OKDOT:CHECKMYTH
12PFL67zpHBPzJ4koofYbQcdRnDraFv8G42LCRfVBBxw2qCu:12000000000000000000:OKDOT:CHECKMYTH
12rrWMaFPSvcSizwNb2FhtLMEbVE2QpvXvrEb9XTywj6r9Az:12000000000000000000:OKDOT:CHECKMYTH
163NPTLL37vz6B2Q7mQ94MDGeWJiuhFZ2LNzppUaAvPw9SdQ:12000000000000000000:OKDOT:CHECKMYTH
14GwabywrgZtxPmrouqQMJXUeuTySdnh5DN1K7c9n5vCkDv5:12000000000000000000:OKDOT:CHECKMYTH
1LAnZi4ignmrdA66yfWyRnYLUVJ89UqGBBCPSxtf7sbUVTn:12000000000000000000:OKDOT:CHECKMYTH
1JGdk5unEgHxXgJE97g58Z4Ldza5z5JjxvtBwwstjmA8aea:12000000000000000000:OKDOT:CHECKMYTH
131DqCVQRc1PzDwqrMeHG6NwZTEdTJCR4qQoSYQK1rGH2qti:12000000000000000000:OKDOT:CHECKMYTH
19UxXWTuUP8puK42L3cBduvkymmgiQRzLdLasSDYjfHAbX9:12000000000000000000:OKDOT:CHECKMYTH
12TBnN14zdoHG8DrCiJDfeEdnUcXoGsdNZ7wx1bBihDHPAYB:12000000000000000000:OKDOT:CHECKMYTH
1suZisS61hwH8DBeQUN2WLgpMoesnYi3DT5sdPNP9zrEtsP:12000000000000000000:OKDOT:CHECKMYTH
13KWXVeDudc33xtnBvkEoFzGwoQnmuEpRqedfKiFALsCXrVX:12000000000000000000:OKDOT:CHECKMYTH
1yyUgCVrCFnHd3SQ8dbSfDaFArYQ5M92mp8c2v5D74ykHmD:12000000000000000000:OKDOT:CHECKMYTH
13jvQujZkjyba9KP4v5ocGePmeFTcLf7KEVZK2phqVDBJFdk:12000000000000000000:OKDOT:CHECKMYTH
12Zs6YkA8mVBxrAy7pDo79vgXXbEB4D6wKy9bP4cnmSWfFTJ:12000000000000000000:OKDOT:CHECKMYTH
14bnFewszZBBNLfRMXCtfW6wDZ3inPFquFGNdrHNxC4hzsCP:12000000000000000000:OKDOT:CHECKMYTH
15ipJWqr6JJznxpTM3GMCWsKN94me7US6qGeH2ddkmRXUyYk:12000000000000000000:OKDOT:CHECKMYTH
13p18eSE1V9kFAemV3kqYGVSMSQcDvZSeiS5MkvfVV1TP83b:12000000000000000000:OKDOT:CHECKMYTH
15VhLKaWgESNCgsGcRD8wYnAD3uSPxfUex8WUGGch5ELbbbx:12000000000000000000:OKDOT:CHECKMYTH
16Xw113DByADT1iRJeWnMgxqjszQhVWNiE4yt4d16HWxpVoC:12000000000000000000:OKDOT:CHECKMYTH
138UaDSEhXpWGEj5jgfxMa1jyHQZsVXzSG7XGR1KFteSBVKQ:12000000000000000000:OKDOT:CHECKMYTH
15YLA949B6GmGS257qFEWzRveP4XgwAq2j1oAkLEMcGN53eV:12000000000000000000:OKDOT:CHECKMYTH
15WxdqTtGZmjzpKdnETHJYotAdZjFp3ox7h6SMhJU5VgtToq:12000000000000000000:OKDOT:CHECKMYTH
1ZzgcS4r25MaSxCu4KPzMh49muKcD8ayj7bFE27sm5KKzTS:12000000000000000000:OKDOT:CHECKMYTH
14EQ6YUrEgthfR7H5N6nJXFr5kA4JA8DSVPhScJoLaQxJJfY:12000000000000000000:OKDOT:CHECKMYTH
1g5k1oNozqJLarBJFpsU7mnztmrKq4ppjEYy7j5ZttXaRh5:12000000000000000000:OKDOT:CHECKMYTH
16m6K7FD3RJBgTBR4hxK2Q8cZTvRvrJNT438Em4cMDXJusnp:12000000000000000000:OKDOT:CHECKMYTH
147fDUFxmX9qhhUVoX7BaV6NEXYKcLGE5Ef72XotcrXe4FwJ:12000000000000000000:OKDOT:CHECKMYTH
14smsQftvVSoeN3Mn79kff1toxD2CHhZPhywRHDC8TYcgtTz:12000000000000000000:OKDOT:CHECKMYTH
13ThHWCchZYrYUrqTU6wtzPHzv3mDaTjaK4HUehmWwsxBMJd:12000000000000000000:OKDOT:CHECKMYTH
15umqwM39DqNcgAqnKGLP2mKFDXbEu3guxuTAyEqTsXhFa5d:12000000000000000000:OKDOT:CHECKMYTH
13Pc8zavQZFH39nqwPdUBQEv6d8vsFima6G3idjZ7f7UVtuf:12000000000000000000:OKDOT:CHECKMYTH
13K9iiqzgnGySJN7T5qoFbCtSEFYqswwW7L7vfh4CYawhxgx:12000000000000000000:OKDOT:CHECKMYTH
15CU3YE8ygwteGpJzgLM1FGM8wUMoE93k1hy1imiai2nwFGG:12000000000000000000:OKDOT:CHECKMYTH
12rBbmKeh7pv7eQKCo2UreLX1o3hWKYEhbLJKjKvrR1QM5k1:12000000000000000000:OKDOT:CHECKMYTH
14efjsdvRWeVzp8eG4ZwtKY2k5mThhWdP7cbwHfV2WErLwCM:12000000000000000000:OKDOT:CHECKMYTH
12mkmkFDX4M3mWXeVqyLXjd1ajPd12JeujqQ3HEQASpysJN5:12000000000000000000:OKDOT:CHECKMYTH
12izcbFq8qrL6ZU3YPVHszbaS7RKAeMA42mrbACyJt3HNqtK:12000000000000000000:OKDOT:CHECKMYTH
133FbJVYCaM4Mc3MiHVqkd6EjgARwdoPmvRu7dZf66mgmLqB:12000000000000000000:OKDOT:CHECKMYTH
15imnSNQiKfRASy9D3PoXNRFEBKTSLdPpcaTxaGoLMKFDibX:12000000000000000000:OKDOT:CHECKMYTH
15K8eiwYTz9Pndit8tw2X4hmHJyCzoZLajSTM8vohMXNgVGS:12000000000000000000:OKDOT:CHECKMYTH
14Hsm8eEhYsUh6EsZbumsbmLHmtxQcCEj676RveXLqH9fJXp:12000000000000000000:OKDOT:CHECKMYTH
12Fnz4mYLJ8pW7VLYRUwpe8YXcpcEjgGRMDPoeCXcDNP1WPs:12000000000000000000:OKDOT:CHECKMYTH
1tV4VxfwqbkCRvrHMALuSvtnxKiCzFfQoXLzqCkkFKoFxPD:12000000000000000000:OKDOT:CHECKMYTH
1569MetN9M9byzgy2sUdNiwc6aY4dEHwtj5MpXwqoFixmWZj:12000000000000000000:OKDOT:CHECKMYTH
16JQhGBqd8MJZ1e44KMo5H1vVZ4YM1gYvbKwa487fB3AMqsi:12000000000000000000:OKDOT:CHECKMYTH
157HMDApyKWmzi5h89fbxqi2oiirmizd4mZH5nXy6GR4SLSV:12000000000000000000:OKDOT:CHECKMYTH
13nT6oT4AUdSb3BH1wqZ5uQjxgU1bCoPH2ZHnXSaiJ9vPXy7:12000000000000000000:OKDOT:CHECKMYTH
12rx5orSH4GcTJ74Kxfy1fCnF4BPGwdG6GwBk3yGu7Z8NH7a:12000000000000000000:OKDOT:CHECKMYTH
132SkcfaCq1ABVcYN1JL4LxrYrPbJGdAN5E7SjABQFaNYm15:12000000000000000000:OKDOT:CHECKMYTH
15qim6GiWKWHiCTYz5Wb6ywW2bhtfwsGpXns9adrzq5Qa9C6:12000000000000000000:OKDOT:CHECKMYTH
15hbJufxRoX5AwiG4SKCSQSYYz8twceAVgku5fydAZzqcRBC:12000000000000000000:NEEDED:CHECKMYTH
14LPgz81dHgtQkbhnuRdcoGC7EbMKNnwG2UZtExb8ZQkNH3G:12000000000000000000:OKDOT:CHECKMYTH
12jdJcLbzvh36DrNu3TDBkfXbyNXo68zJF93bq7U7VZKFuuk:12000000000000000000:OKDOT:CHECKMYTH
15WcBYTv5pAKgFJDvsznFkD9fcFXRLk9fxokZBSxeFYkDSC:12000000000000000000:OKDOT:CHECKMYTH
16KfcFqFVGGyHQYPqotd4c4qi9UwN9J22EuRokcPLV9QHYEt:12000000000000000000:OKDOT:CHECKMYTH
13NCLd3foNpsv1huPDzvvfyKh37NEEkGFotZnP52CTR98YFJ:236000000000000000000:OKDOT:CHECKMYTH
