14RY668CTqTggHLhGfUpMHKD3CcxnQEtmktD3sm1nmnY5gM:12000000000000000000:OKDOT:CHECKMYTH
13iY9Qxzgc1E5SLGn1yBHzt4G51KbHhNNo4yS2J3YtMrMgZM:12000000000000000000:OKDOT:CHECKMYTH
12Ueiv6CGJoznT4MtKHgWJGLN6VVhicQkaL9PMWPjd2NtJx1:12000000000000000000:OKDOT:CHECKMYTH
13DgFJLEZ4gn5VMgGZxuFCeTb7F38V4uFWUVcHm8is9FiPAZ:12000000000000000000:OKDOT:CHECKMYTH
16kbCdKpXgZNjqDtQALXB1GyF1CckzXHBsDxdh9QXMFih9sk:12000000000000000000:OKDOT:CHECKMYTH
1nh9hnBzyEvLRUMry13vMypBU7JDEfyWAJ46LzZKDd6JVc3:12000000000000000000:OKDOT:CHECKMYTH
138YEJntiQC1txEJhmvkD6d8zqN9A1GNgpZBebRuQfaKarj:12000000000000000000:NEEDED:CHECKMYTH
13tF7cqerH8DYJe4aJ3UR1V8mRMtvcKTcxkXJJcRPN3uRH1H:12000000000000000000:OKDOT:CHECKMYTH
13gB8CeTRZRS43LSbhjcU1cjhZGr6gCw7Mf3ojeK6CqtSsnk:12000000000000000000:OKDOT:CHECKMYTH
13SQasce11jp72UYVsu1H4A4Ha4kmJLuiu82wrxRSCGbWx2d:12000000000000000000:OKDOT:CHECKMYTH
12xJjUv9ZmP2vDTxr292oTD3wt7Lc7oVijveofoV3JfqXXpD:12000000000000000000:OKDOT:CHECKMYTH
1319evSejB6WLHvP5Efe9aryt4FskE58SBFUMuTehUHDjWfm:12000000000000000000:OKDOT:CHECKMYTH
16k8HdzpM2NZSNibb87eFZnKe66WrGr2FprSMJvagv2sczGP:12000000000000000000:OKDOT:CHECKMYTH
1616qxxZYCiUXN42YAzhqzNyJGw8ByywvNHmJDrsGNBeDtoT:12000000000000000000:OKDOT:CHECKMYTH
15iJhvRBYGBtGCREuiEuqPqU8QXpzQKMRRssJV8zdUTbWU1v:12000000000000000000:OKDOT:CHECKMYTH
13hPJp7FgVo7D6eSWPBAD45mTxWByAZNpHqcauhUT39hMy49:12000000000000000000:OKDOT:CHECKMYTH
12wrgXfmXu2YNm8RLSXZbdUQbyfru8QbQLcJcfoWg7v8upYF:12000000000000000000:OKDOT:CHECKMYTH
15CiSTv7yKFfJKodwzZ2hBgLgC5mkBccBMpDfMmQHwmC23zz:12000000000000000000:OKDOT:CHECKMYTH
16LNAUg6qt3LxzsafbAQP5nk8SEZ6wHYF1TKZ61F4hbDdfjq:12000000000000000000:OKDOT:CHECKMYTH
12q6PerT6q1WZjBbwCqKuHZzfpK8YZdvcghkAdcV5Gn8h9dN:12000000000000000000:OKDOT:CHECKMYTH
14iqKctnzrpnCKHPkpK3uiukjS7QPekrbpQrrJ5rrDXLyh1g:12000000000000000000:OKDOT:CHECKMYTH
12UTz1kTnJrXHRDyLMPRVvUmAqvnbwcjZTWCJ1hpPxjUV5VK:12000000000000000000:OKDOT:CHECKMYTH
162MBq4fv4rdZEyKTW1PxpjafoBqNcjHxYYffTaV1E4hZBz1:12000000000000000000:OKDOT:CHECKMYTH
12b5mKqUMkfEdmjd9iPDmhyaYzEuXnrirpq1LB8uALHhGyYW:12000000000000000000:OKDOT:CHECKMYTH
131m7BzG6Yu7Fcc1iP7dukeEry3z3PvLpYD8t3wRo82iSevf:12000000000000000000:OKDOT:CHECKMYTH
14dp3CkFYjHC2AppopaNE5JijE1fZGqkxCrfL7sHCDcotfws:12000000000000000000:OKDOT:CHECKMYTH
16FQodJxUXmdpU5BD7X3qBGJrpRbq4zHMm34tJFYuRQqLdK:12000000000000000000:OKDOT:CHECKMYTH
127PAXGMsQQgFXhxL3WfXwheJZ5YsHgryca6Y2DZ4VUaBpuy:12000000000000000000:OKDOT:CHECKMYTH
1gf6XQXgkbgvhyQuzQJf4bDBtHRkm1cpndYH8KxSjrRKb9r:12000000000000000000:OKDOT:CHECKMYTH
16iKq29mhDia3xsfmHf2kf2khMzSVgGsSPu4xZ3bp5kQExt2:12000000000000000000:OKDOT:CHECKMYTH
14mfyv1MfzVvwGcPituovRLskDazAzziy3L4mtbPWTPoTvjh:12000000000000000000:OKDOT:CHECKMYTH
13n3kEapRJfnuBWgjugo2HTxTYhgb23GyvAzKJamxZTns2Js:12000000000000000000:OKDOT:CHECKMYTH
15r1nMTVwNGPvzwnaeJuSrUbZsDErPCxfhS8J2ZjvdkfPPhP:12000000000000000000:OKDOT:CHECKMYTH
15LLH5uHbhsLhdKfVL9uKk1gQuj8WmSDMxAcrgJu6i1aUPwD:12000000000000000000:OKDOT:CHECKMYTH
13N93rhtu9hgjV8JyRQqhG2VvUEpvT4a93giFYfP7CnzyvZL:12000000000000000000:OKDOT:CHECKMYTH
13bxCFAvvkLFDjCHkrPEyGmqmeR4B4NebRvHeRXPXSqBKVvy:12000000000000000000:OKDOT:CHECKMYTH
1SW5g57oos5w8H6qkahDoPYDhrWnLbLNHDZgzwBjRtYpb8r:12000000000000000000:OKDOT:CHECKMYTH
15YZ3ViD7moG7EgAj7miz8xyYYzje95Am94tDinjQLL8MefN:12000000000000000000:OKDOT:CHECKMYTH
16JTJXgAMb7dQAmLtyVCjuJV4QAfNqMVvEJwqTvTfLgFDxej:12000000000000000000:OKDOT:CHECKMYTH
12GpdbMJtbSJgqk7yFFrGh43yWmMN5XJCAwBQNFQszxTHxYy:12000000000000000000:OKDOT:CHECKMYTH
13PfjGCwBamtR9AZo1ygqRrw6vNsEzFTWB8reiBts9Lbyarq:12000000000000000000:OKDOT:CHECKMYTH
13G4zVJapgMnCsum3Js7tZ4w3Eem1YMer9LodVeTPHQ2ZHcy:12000000000000000000:OKDOT:CHECKMYTH
1hH8Vf9ZbbuL2v4RXbmw6pnzfgGddGgGmvAUDiqY7Gzt8T7:12000000000000000000:OKDOT:CHECKMYTH
14RmDHLBNegqwFWsd5pavuLkTXGhSusvjqCEM5jUitRfE94j:12000000000000000000:OKDOT:CHECKMYTH
1VBWjvGkiaEekiJfZjHyMwGxXm6DXSKHEPyrnaXXMKW2fjk:12000000000000000000:OKDOT:CHECKMYTH
15h7Gbpt39o9PNhP9Ttp9dkB1eqVELkUeqwCfjwzZinS2jTR:12000000000000000000:OKDOT:CHECKMYTH
12xjcTxadBHYKQir1cNHqzhqHSdHeDx6PtdtEojTkyAvGeju:12000000000000000000:OKDOT:CHECKMYTH
129NfF5TLUYuxA4gyiSj2JKBSdKydStj7icaea2htAy8cGM4:12000000000000000000:OKDOT:CHECKMYTH
14hyWTjFvzn5rzTnTRkCxFgMzDxQP1P3Q8U735akun6d2zBZ:12000000000000000000:OKDOT:CHECKMYTH
12EQFjDJpHQbgayTAepFUmMHs1FZAxCaQ7SJoFnQmAjSbrFA:12000000000000000000:OKDOT:CHECKMYTH
12QrUxLkemvCprizWn9j3buB4fephec6Pf7oLqzc6TimHpz6:12000000000000000000:OKDOT:CHECKMYTH
12mnwXd6gVbTT7rnpFiT232Z2rAvuVsJcyAUQcaCer1BNkUE:12000000000000000000:OKDOT:CHECKMYTH
16ecV83LWRvt8B7yEeoS4omJr3TorGY2rJ6Yt6K6x3mAo651:12000000000000000000:OKDOT:CHECKMYTH
14J7WXinWGgQuv1FTyMtXY8ymokGhB1kM3AMoVxPndeZGmD2:12000000000000000000:OKDOT:CHECKMYTH
1268vd1gtvovWqmptuGGMDjj1QknLLMHq2cYGoB1twTWBWvA:12000000000000000000:OKDOT:CHECKMYTH
13W9nAae9vjqHTNsJAixAGtpQnSfWgJ1258d3YwyfP77s8Ts:12000000000000000000:OKDOT:CHECKMYTH
14GALAvrHmLinKKcZCm2C1W1F3uLL5suuGH3rLkH2fxRebAz:12000000000000000000:OKDOT:CHECKMYTH
13PbiPmJAB4eW8cR5qt2PdyCdzz4U6cSeaEvtN1XskregCJN:12000000000000000000:OKDOT:CHECKMYTH
1vWG4sMfu182Hez7HkRQ9nWmovWN3V7afAyvF8r6vX4URPp:12000000000000000000:OKDOT:CHECKMYTH
1w4WHU7mkfUSmetGJkzAjCmw2keswbYQMtWe4PUD4ocDpKE:12000000000000000000:OKDOT:CHECKMYTH
15w6TC1RomsGDmTBRpCyrwzGJRmiMuGRxVGdFwf97yZ3NPd:12000000000000000000:OKDOT:CHECKMYTH
13DtKHXSiRaGCjzCYbAvpWTw9xaNPgs8oZmmhu7BgTy3b2Tn:12000000000000000000:OKDOT:CHECKMYTH
12zT91pP5YdN1aCvwTaQubqBxvz7X2o7Xd6HsZJWtNib6UzD:12000000000000000000:OKDOT:CHECKMYTH
12w4DBLUja9XPcL7VVpMjWmiPSTRxwDsV8GuxbnThkLQH1T3:12000000000000000000:OKDOT:CHECKMYTH
12Zkcpsy4GAmGXK23mHV3mKA27nrzYC8NYKnyezLwxUBZrCy:12000000000000000000:OKDOT:CHECKMYTH
14biWMxA7AgR82eCGhuwQGGyx59AAauQbKmH9mx8u3vqVFvQ:12000000000000000000:OKDOT:CHECKMYTH
15PkDac7wzT2HtyUxh1bFJgD41QJenTj2kDqeEtEKhk5AZhY:12000000000000000000:OKDOT:CHECKMYTH
1vCaTU8iQzqiZHLPqNKAq4yMTkEa5q9CUpxVR7Lg7WmTuYu:12000000000000000000:OKDOT:CHECKMYTH
142BMsi4cQLoHGRjnU3SHunBDFp5s1jsHQtKsEx3FbuosDEF:12000000000000000000:OKDOT:CHECKMYTH
14b89FYUHnDWssfYtwCqzMoppzRGPku1Rr2KfcJ1d8XafKQz:12000000000000000000:OKDOT:CHECKMYTH
15qKeqtYSG9Yd9XammUXZrtjZVKTeUZ5qfwm88UQjCsPVDFf:12000000000000000000:OKDOT:CHECKMYTH
15qsQ6kT6VDWgeRvFafc8Q4aN2U8vBKmmfEZ5jcjkoP9dF3b:12000000000000000000:OKDOT:CHECKMYTH
1qGNHjLAmMiAaD2cfoQhh5ejtT54Lj4aERom7tphVFuJ2Eo:12000000000000000000:OKDOT:CHECKMYTH
14sZnwdC1MXAj3sfvNWH4o5eSbXmpMVUVsjUc9EwiidJKvVg:12000000000000000000:OKDOT:CHECKMYTH
13x4N4EyRSGjbcE2gGBbvae7U3d4FYtToGxLFM6uLgvUgx78:12000000000000000000:OKDOT:CHECKMYTH
12fh5Dr7xKFxBvMuM7WSquNoojGTVcF84SaxFXKonycyJJuZ:12000000000000000000:OKDOT:CHECKMYTH
12C3gdNmo7bkwuRRCGV2vJw7E7PmLL6oGPjyEqxvmcYH4qTz:12000000000000000000:OKDOT:CHECKMYTH
1UQ4xkU11ZxuCMPWK3DbDYyKayEnhu8z4vAYEs6f3uv3gvB:12000000000000000000:OKDOT:CHECKMYTH
13VxuoUw8WJnTwSPadUfsfUbWKuH6gPQcyDddXRVia2STvo3:12000000000000000000:OKDOT:CHECKMYTH
16L944nkHRv5kqQ6nyLmV7HgaMiLiQBzzwrhztqkMFpA34y3:12000000000000000000:OKDOT:CHECKMYTH
12kEmZHegpYvCMHjVSEZUnG22srJDmwzpXqFDZJMwF2oPJAs:12000000000000000000:OKDOT:CHECKMYTH
14DtLvQtt7YM9KkojXaUHvB7eNoUP1NLxVgqteEB9Ac87MTa:12000000000000000000:OKDOT:CHECKMYTH
15vLBtStSm2KsfcvcpjVNib5NLRJzQF8seWv6t5pj1M57h6F:12000000000000000000:OKDOT:CHECKMYTH
152hiPzQ5Hojs53BdMLpbqikby6o5wpPWCUwe66uw7Exr7Vr:12000000000000000000:OKDOT:CHECKMYTH
127VzXnsC1u3qrBfpv6VCTAbckyDHwVKSJTS3o5NYZLSxdvh:12000000000000000000:OKDOT:CHECKMYTH
14P8M8bxf7WXo8DForuK9Hy3itNiYuXBVmbsS1Znf4hJhiw5:12000000000000000000:OKDOT:CHECKMYTH
13VCZKuSY8HcBZCPn4pfR1Lsdp1icBeeM3G3YuBCBEJMBG9p:12000000000000000000:OKDOT:CHECKMYTH
12sfPgSzdXoJdEbuRhkKS1WXMALpGKtMUog1YpLZq636JDFz:12000000000000000000:OKDOT:CHECKMYTH
12ptNX1E3fxiy7NAaafJm6Juq24ShfBSWwGoj8q5ruWTtKCS:12000000000000000000:OKDOT:CHECKMYTH
1BaboDqJutrxff5U83g7qmV1rZTUnvUcnGdgzn8iAZqLvC5:12000000000000000000:OKDOT:CHECKMYTH
1Rxy2198Ao58K4Z39fNvcXiTTPajJ7hEcmaaDw2iuJMXLwu:12000000000000000000:OKDOT:CHECKMYTH
14RegBfNgziRtar8aVDgc8gSmKjkEk9GwR6u2qDNmQVE51UM:12000000000000000000:OKDOT:CHECKMYTH
143k2QqDWCLzXSQBiGjw7iAUMQR51phi92JrKhpyxAm9R7zH:12000000000000000000:OKDOT:CHECKMYTH
15wEC8VFKkHwGstm2SvZ2Eth9PiDMc5C9XjfqY8goan17vxe:12000000000000000000:OKDOT:CHECKMYTH
12AmbfjhiYHj3m7SM7cSMHubu31RPvm4di8TBEad95o7DQav:12000000000000000000:OKDOT:CHECKMYTH
12JPmUzTSRyQSp1podqqkWZSMmSMxZ1rn3UDX4R94RhpH5z9:12000000000000000000:OKDOT:CHECKMYTH
12JjM4E5vDCuiXkSfwQ97MjGnSeh9WMdTgEW8EXCqLdwQq2a:12000000000000000000:OKDOT:CHECKMYTH
15m1Gr5CJZLmyCgokPsT1vD3ZzRGngDG1mRQzKqpMFNpKNW1:12000000000000000000:OKDOT:CHECKMYTH
14QtZR57fAY9Wyf197L8bW7JYS6RQMu8SraXSpMN1YGKj7rr:12000000000000000000:OKDOT:CHECKMYTH
157zU5ZGuqjnAedDxj35xdhrAXKRsTb9NbEzjE6k68SNs4WT:12000000000000000000:OKDOT:CHECKMYTH
1Emz5KGGR3ra5kjuZWKigGhtetNfjmvTucQKaLozu4ePTy7:12000000000000000000:OKDOT:CHECKMYTH
15sgtQGcRzEVYiVxoyFkC8bGBQs71aE4xHj9PL72PJosWQ3N:12000000000000000000:OKDOT:CHECKMYTH
13tZHFTKWPN9zasaioDX8LgoBGwExyrPMmd8eerzAaF29kfu:12000000000000000000:OKDOT:CHECKMYTH
16PC4fG6oFA1iYfPaXZqL9zUchwHmcM6o31i6qxbVd7cU3ff:12000000000000000000:OKDOT:CHECKMYTH
14r1o3xiRZCmBt12gqhZvgSPnMYVVEx8omX6EehxSvuUxQC3:12000000000000000000:OKDOT:CHECKMYTH
12yvnfDxknsEuVnY4uPwzQ8R8DK3uZpviS4ncZSY2uYb1vpF:12000000000000000000:OKDOT:CHECKMYTH
11E5DTBuNkUuJftLfofHk8RP5wSWV7A5LVjdVAyxyYr5Vxs:12000000000000000000:OKDOT:CHECKMYTH
12aHukdcUH3MBzHz5svqUPhDRUyryG8hkzU6NkSqi7p6fLAd:12000000000000000000:OKDOT:CHECKMYTH
14c1Grm99qsYssYf7YyfVx4M88SquFmBtmLmvN8G4Jnymwrm:12000000000000000000:OKDOT:CHECKMYTH
12UV2pag9PrLPgobzEsG7FcZ6SUCqJiLJvyE3es9gvhtzXfF:12000000000000000000:OKDOT:CHECKMYTH
13gQyQuAGQpYMbsYAAgwJRecw1XiBVs8YN9vPeg3yYa74Rjj:12000000000000000000:OKDOT:CHECKMYTH
14YEBi4ZgQ5SCfLgKCGesc8TCfkWoJM1aFQx99acZZG3scc7:12000000000000000000:OKDOT:CHECKMYTH
16nBVrbtN77LNPq51knXDDEKoWSo3LS1XF7YNMaHmU1MpCp2:12000000000000000000:OKDOT:CHECKMYTH
1sVzWsDmtKgmS3Rn9Vnnw6eLiBA25SB1AwcdLGucPCmyJWF:12000000000000000000:OKDOT:CHECKMYTH
15JxzMLjdyQRp6Jd5YpnJ64gqQBrHRduUDppyf3Bfm19vHrT:12000000000000000000:OKDOT:CHECKMYTH
15cgZNJZBWnyMTs3stNHJbWuPvApKc5WiuagU9eBrsJrVcPT:12000000000000000000:NEEDED:CHECKMYTH
1r1qPpj1NVqKE21gAjvzY5AUnN94BXumLXHqFaDjxy9ZMTV:12000000000000000000:OKDOT:CHECKMYTH
14Fhb518jwSvyCEZX7EAty22r8WjF1fkRfUVceTBiEE42zCL:12000000000000000000:OKDOT:CHECKMYTH
141WBY9DHz4UV6EufGY4QD1fiZEBeTQvjjNMqpaYaRdnnPN1:12000000000000000000:OKDOT:CHECKMYTH
1RzJ5AqikMWD4qec3EafbdG6hPVPfHnEcA8Uc8WYuHKZwLQ:12000000000000000000:OKDOT:CHECKMYTH
15UKU1m9b7atNeKVS2Yb2AtpFsW3V34nDU2boh4tUZMTSG1v:12000000000000000000:OKDOT:CHECKMYTH
14Y2bWDYHJF8QNfYh8CXASx5bVvXSk24ex7pwGvX2nQpu25Q:12000000000000000000:OKDOT:CHECKMYTH
13K8kmjht6GspdnswfxqjkwProQ8VEaB1fMyYGfSarPWfnsw:12000000000000000000:OKDOT:CHECKMYTH
14YKex2g7R5Hme54wWtx53Hi82Xm4hqgFTKUqMa6Xi55yxP2:12000000000000000000:OKDOT:CHECKMYTH
16gc4RmWyWwAf3PnEkUQpneTDJtzQko4ynAW9gFyyEaNHi38:12000000000000000000:OKDOT:CHECKMYTH
1C1hp2XbxTuL1eFbMJynFe1CuGQsfybeYoyi9pG6gMwUJMf:12000000000000000000:OKDOT:CHECKMYTH
15nP8r221bNZADAL5Xr3vC3Kh1QNSXLKKeMLThoguggaTMYE:12000000000000000000:OKDOT:CHECKMYTH
16Cn5NB6jD3zYsiWomfsNFpJinFxrikHSjbhMAU8NvzpRR39:12000000000000000000:OKDOT:CHECKMYTH
146RkhkL3yv7mgYeHhatnTc7hkCZTquebG4sYQBn3UjsZZrh:12000000000000000000:OKDOT:CHECKMYTH
12TNE64MAJ1EL4ex4GryXjYVoHwLwB1ibWBAfpopvA4PhK6E:12000000000000000000:OKDOT:CHECKMYTH
1mVQa7aoHWbymcNKyqHgqoFCTZ1QSztZgQs95ykXNECFknR:12000000000000000000:OKDOT:CHECKMYTH
12J8v3VUMFbfex5EUjDzJGcvHEM1Vw4pTNCBnxXxXSLJCaF6:12000000000000000000:OKDOT:CHECKMYTH
13PRUZzo3JGGzQzYBdSReH79AA2sFgBFQur22VxdY7JfFfVh:12000000000000000000:OKDOT:CHECKMYTH
16Nsnpb7xr7iKzBUzFdJtr1fAi8jLHwz7mLxpBjLmoTyfqHM:12000000000000000000:OKDOT:CHECKMYTH
13udedJQ1nhVJ2DNZGWparKRytNoBJTPaKz4yiGHw76YmiG3:12000000000000000000:OKDOT:CHECKMYTH
14x2zJQY4SjvUNK8V1QHt5oUmvjYuiMzKg4fRSjDo4je2DqF:12000000000000000000:OKDOT:CHECKMYTH
15KreXpqLYgA5f5H6eSdhWZeAHfXG9stZz4gQ3tcDU5beRq3:12000000000000000000:OKDOT:CHECKMYTH
13qoJGhWYYYWnQ2FzdGfTa8cso7Y5Ni5q1V4VWWE9CWTfMAi:12000000000000000000:OKDOT:CHECKMYTH
15uDE7KZPjVQCPNChJXSFKKCAUyTdmAQBCMGkHen6y5yFHpP:12000000000000000000:OKDOT:CHECKMYTH
16LZgW8bUkGyXqbz2KTqyQMZFHKVXRWFSGauVDDRj4r5osRu:12000000000000000000:OKDOT:CHECKMYTH
14ymJUgb56gviTv8oDvVfH5gL7bT1j1o9pdVs5DmmxLBsenW:12000000000000000000:OKDOT:CHECKMYTH
14sAU9o1rdfcf3bXPcUy4LbAQr1kJrpdBiiVac5hE3FWb7Dd:12000000000000000000:OKDOT:CHECKMYTH
14G6KsccqeUDSpX6H4ujXLkcAKR4iQKR9ptpSKPMntSR2FiH:12000000000000000000:OKDOT:CHECKMYTH
13Mq47GasNYieobLHLSHxacBEfetwyyDtv1HmSfSmiSfJizM:12000000000000000000:OKDOT:CHECKMYTH
15YJ2gTQnyse9ywBKz2Ux35JETMfzFRj7nwHewsJh8J97Pv9:12000000000000000000:OKDOT:CHECKMYTH
1YECZLj4qM1yfwXNFizn3wbxb4SzLsiCSfMFdsYa5kkqnQL:12000000000000000000:OKDOT:CHECKMYTH
14NABQDz43f6TQghsLQ5KdcBBrxb8Xz1hPBsw7RBQGRYkF61:12000000000000000000:OKDOT:CHECKMYTH
14gPuiVqe2mwUNQ1mf224GJpfwSob4mkSM2ZQiVkToeNkTJE:12000000000000000000:OKDOT:CHECKMYTH
1BAGinQsgDe41zC759Q2AJQXiZ9rLjFAutFw3Zdqm3v29Gb:12000000000000000000:OKDOT:CHECKMYTH
15bwvGy7EGY1nqGADn16mJC2nwu8HsYoU4fKkmo7HoaAwMC1:12000000000000000000:OKDOT:CHECKMYTH
15w37HxSQBnMfK7svA3YXY9cZvjmZKz3y4Z3n6iEdYpC1oof:12000000000000000000:OKDOT:CHECKMYTH
17VBBTXQUWf4tVozj5tN3VJPYfQKzNRSg1YZHnsDHBDSi6b:12000000000000000000:OKDOT:CHECKMYTH
13EaSLk85xrQdpMVvTum8C8hVHPYLCD5CTxmQezPeQJa5Von:12000000000000000000:OKDOT:CHECKMYTH
15BVMbrbo54UXerJSGGJaTJSn7qK939KKRs2hv6HNWjdTUUx:12000000000000000000:OKDOT:CHECKMYTH
1sAot2Lyiu5U4QZ6YXNRgJo4fnVPRT9XBSdh8XD2kJPYzzz:12000000000000000000:OKDOT:CHECKMYTH
13dqFnTvgjx1Mt1Y57BqPbTtiPbiNPyC6YHJxx47c5GtQ3vn:12000000000000000000:OKDOT:CHECKMYTH
14E3KXC2rygSTZqY6SHhbjKMmUiXgxq41BWb3KmUqvQ1cYu1:12000000000000000000:OKDOT:CHECKMYTH
12x3WedHuHDiDLEZ1o8sF34jzjbcyfK5NjN5gWpehV3waLjy:12000000000000000000:OKDOT:CHECKMYTH
1hVSiqvXiZYBL8kQBFW9KJpLaBRjVSvFNfuM4cXxHkC1bwT:12000000000000000000:OKDOT:CHECKMYTH
14A9rDDzkpUyBUfSWXKijoLAAFgXXPth7zHg3xk2s1ezPxC7:12000000000000000000:OKDOT:CHECKMYTH
14LRg77RmZuVZqbPFWBiARvpjbkUmPgbu7YZ4s55gR2o2AUJ:12000000000000000000:OKDOT:CHECKMYTH
1K882g2Sy8uYUKKbGtcQQTtraepEjTjfc3GsHUCqan5tXXz:12000000000000000000:OKDOT:CHECKMYTH
15rR6Cw5wTxyrKFsxdCbUWqaQsEHxC55UXKRdw6KPFDWGo2e:12000000000000000000:OKDOT:CHECKMYTH
14TJ5UQrnw6YGXSueTkBfVvG4ksR254Etm48E982AogVt2Jj:12000000000000000000:OKDOT:CHECKMYTH
1SiwUuTsQw1Vzsj2PYUHJnu4dKrnFuncdwm5F2q156onSgn:12000000000000000000:OKDOT:CHECKMYTH
15w11BXeSL5fDm7eGrs7Gi751BnmpX346k33Q6zvM6CNSfvD:12000000000000000000:OKDOT:CHECKMYTH
122KhiQBK8w3i35Z8jPH8BxQEHC1WzYCmaEpFCHnFPLZ9UBA:12000000000000000000:OKDOT:CHECKMYTH
16aCRoPg2fYUzyPnrhEXPdgYs92SBdQqSNr2fEoQ77vYWqof:12000000000000000000:OKDOT:CHECKMYTH
1yELLH7X9cPZGe2vQTatV5yavNjLvDHZpXGLkvdrej3ABnh:12000000000000000000:OKDOT:CHECKMYTH
13ButzGQfu2ecfb7CWr6hxzAxejP3i4Gseer94oVrHE4HMBx:12000000000000000000:OKDOT:CHECKMYTH
1GsNQbSNyimxc9uStEem8ce94Lppjm9rJDxMxrQ3qzneHKR:12000000000000000000:OKDOT:CHECKMYTH
12T69bchxT8RBNwKGfYwpAea9ayTnzUjqGzKC71k3zcfWFtz:12000000000000000000:OKDOT:CHECKMYTH
15sT54DTk5iemizAFLDVaAFvSvjniCg6dPawXjNJTf7F6yhc:12000000000000000000:OKDOT:CHECKMYTH
13zjr3VgspV2JG99BNsm2ihdgSacrQbkjmicXLZxdrwKWzqB:12000000000000000000:OKDOT:CHECKMYTH
14H2aJVSJh8KazBfjdzW52Ap4WeTmVGsraPEp6UXmZ1apcde:12000000000000000000:OKDOT:CHECKMYTH
15N9jzT1ATddSHj68QKjyXuvZrP9Br4FCi2SKFnDdtkCBh3P:12000000000000000000:OKDOT:CHECKMYTH
15SKJRWgk6SDbDGomJMLp4L2ZX1JZd61XUmQhC7mPoVmUt6n:12000000000000000000:OKDOT:CHECKMYTH
12fHoimnZxueBTsRJFiRWU26ZJ4ZLhvtPv9hsMJGDtBD9W9:12000000000000000000:OKDOT:CHECKMYTH
1RxBArsYUpSsMKRibTRhx9NRfCDq8BC3SiFSbdAdCkwjXoF:12000000000000000000:OKDOT:CHECKMYTH
14XTfeVzbxN9Lvp6mnk8XVnTgyjb9DxbpMKyVKJrS9A4NXBa:12000000000000000000:OKDOT:CHECKMYTH
13tfJHAjDDEFF7DuhG3orxhPr3oePKmXWR498NCKgmCxaKDc:12000000000000000000:OKDOT:CHECKMYTH
1a65K3Rm2JpqpsZCSc2L45TWL8nhpSErWBV22YeLuJqsFuz:12000000000000000000:OKDOT:CHECKMYTH
15vuwVD6RCJD4wUBGJjhndZFb2yoU3Ui3Ysq6sC7icdyQjKd:12000000000000000000:OKDOT:CHECKMYTH
164srHTJpEo3vnP6YshX4Ft8rigFyQopmpDTCD7Y6aCKur6N:12000000000000000000:OKDOT:CHECKMYTH
16RDTk7xuSEcibuzMFjyHx7wJ6tPHyQuHJe1WnGXUegNmcaC:12000000000000000000:OKDOT:CHECKMYTH
14k6yjL21K5MSq4UANAK3ZZDptSjhCs4SRhnLGnEn4bPBpPS:12000000000000000000:OKDOT:CHECKMYTH
1pLFziR5XvfeacVG2oFQwgPUUSGrH4vc4w4fGSKKGUUVRPE:12000000000000000000:NEEDED:CHECKMYTH
15pzusdoK2NqUVo9hvpk3qZGBbAMmRpP6LHVSzfepHtZpeSc:12000000000000000000:OKDOT:CHECKMYTH
13YMWnRwEoFwnTzN8RyHyaGBtRUwK3b9Bci6N2XArDft1Xxy:12000000000000000000:OKDOT:CHECKMYTH
14L18rD8bRd8pV4ivaANsUC44sTR19KyDoasYu1zfLYgVUcm:12000000000000000000:OKDOT:CHECKMYTH
12TaEFBQuhjG3kk9eErt9iZAnQivdbFLKkRbKkmaofokfTjH:12000000000000000000:OKDOT:CHECKMYTH
15GUyPYiFnYVoyKqwiZ4K5GrUSVKCEho6AhhWGhu5BgAkPSR:12000000000000000000:OKDOT:CHECKMYTH
12WrZMGfg3XDhEUw8wBooVzNZsp8TH5vjLT91EVw7eSpjBo3:12000000000000000000:OKDOT:CHECKMYTH
13irJrnVrcUGBzE9y6VhQu1fKpegj9NX84g6iF8syo95HN2Y:12000000000000000000:OKDOT:CHECKMYTH
16bVLcRjJQ8Ni2NjGrBqG4eem2yekapVUDf2n57V2iGvc442:12000000000000000000:NEEDED:CHECKMYTH
162GmNKzYCQUWr5Dx5u7rhghmYFvUs35YXPuA5aJWnHp2pRp:12000000000000000000:OKDOT:CHECKMYTH
15itajQbAHxuVbJ94cTXBK9Przz2PCMJcfVWZZAjzqeUepdp:12000000000000000000:OKDOT:CHECKMYTH
16ZWvMBaXF9oD5oRx7jB47qWDu9SW8o2PG6oL8ULSt75XuZu:12000000000000000000:OKDOT:CHECKMYTH
13fgFz7a38wq1Xv7sbgM64PKYW7R6ScDDk7W8ixeKL2npjbi:12000000000000000000:OKDOT:CHECKMYTH
14wsnuHKYByvmYZB6K3Fb4yu9he8A6YSrUq24ghripeoMQPB:12000000000000000000:OKDOT:CHECKMYTH
121EeWPGDwW2m4nCc5PQ75Sfr95YhKC7j3mLx7oiBr5WatP3:12000000000000000000:OKDOT:CHECKMYTH
16e65gdkKqUcd29prTn49AzVRfz6JqeZrnrUf3SsM9mPsV9u:12000000000000000000:OKDOT:CHECKMYTH
13JUAnbQiaSJNcYJYU2KkXiHHGvt668avwkmG33AKz18AR4P:12000000000000000000:OKDOT:CHECKMYTH
12SfaRNZHXFaZ7BztSNbhxcRisUE9FbMWwH15ND2fxQ2ASmb:12000000000000000000:OKDOT:CHECKMYTH
13caz2WQr2WvQZmmT8LVF1rjFpNmyyMBkLuKZUphEwjAoD3D:12000000000000000000:OKDOT:CHECKMYTH
12H3a7PLk2KdiCnaJcCQE2trYDHSdVkPaFUkfbA5oZGGVhEi:12000000000000000000:OKDOT:CHECKMYTH
14Ckpe6kqUDet47P23RhzUDJm8s66bs1cQxnLqBFRjcv4dhe:12000000000000000000:OKDOT:CHECKMYTH
12rkobJDB4UPncX1qQUFv9NV693wDY5Ma3uojYBkHfGyo9nk:12000000000000000000:OKDOT:CHECKMYTH
15Fcvpbcuf6zhyE8pgKoBfA1zd3PNmg7YgrrUGRDQ6nBt5JJ:12000000000000000000:OKDOT:CHECKMYTH
1g1G5wUoz3D9VopVt1EZDBxuKHicrbNiZyX7Kq9bCpj8v22:12000000000000000000:OKDOT:CHECKMYTH
1vwuJfQnJRjYKkhUhqB4nDypmZan5iivWNyetV1SNaiqLBF:12000000000000000000:OKDOT:CHECKMYTH
12Ydzoj8UKv6DNxKfLrmNmk8vLwBXQ9Ms4Jg4SR3RMbQXQ9N:12000000000000000000:OKDOT:CHECKMYTH
13KL453ZPnCXiNoujvCg3gDhz1xzHrCiyf39nfk6NSRejFSd:12000000000000000000:OKDOT:CHECKMYTH
15G1TNEydzhM3A99E6sKeAvVdGeuEPs8p2Gi1Xu3qsG9uZgM:12000000000000000000:OKDOT:CHECKMYTH
12MAXPacvqBHRboXGVG9xgJ1YGfQdXUpQjsLESXhBMbgH52c:12000000000000000000:OKDOT:CHECKMYTH
1431rCj4bv4MqkpAAMePT6Hn2ww5eU1o3o17kmCYnEYpW4pS:12000000000000000000:OKDOT:CHECKMYTH
133r43sGn81bcd3bDYPyujcn7ge1UejGvxKCTXDTsxXCefqh:12000000000000000000:OKDOT:CHECKMYTH
15b3KbSDNGdoiJwVCjYW28egT1Q5UBaRhgGo9KMECgPYSpQa:12000000000000000000:OKDOT:CHECKMYTH
15ntiPFbFg7EnbYhohn7RPLJExvQh1pWJ2fWbfzQh9E7viJQ:12000000000000000000:OKDOT:CHECKMYTH
14dfWbYRfm7CHykNKToHzFDZc39iGqATXFLckRrJuCun855m:12000000000000000000:OKDOT:CHECKMYTH
16Yq9BRwAjy5gbwp8xeJAD55H1w4VKpppKbLjv8A4KMDQ835:12000000000000000000:OKDOT:CHECKMYTH
14ZSCEUEm7VyprqBdcnPAap5vN4EiK2iSCctzhtjTboxsmoq:12000000000000000000:OKDOT:CHECKMYTH
14BDJBBWCkQvnQT2nzeod9qGURkRwfEHLWBaKncWEDVfZcrR:12000000000000000000:OKDOT:CHECKMYTH
12rQVXgPPbMoeNL9UHdG2H8wpgFFZmJqS6eYSmCuBYHS8GSt:12000000000000000000:OKDOT:CHECKMYTH
14W2ZdqzkkTFYkQ9ufkt6zAM1M14mghgoSTcy84rS4gPk9Qy:12000000000000000000:OKDOT:CHECKMYTH
12AN2fPjJ7FRLNp7UjQAQSFeqgDPNfPxtZEt1L6nULXc8wba:12000000000000000000:OKDOT:CHECKMYTH
14VZv5uomRYELBnH6azRAnJc9GbwHPtRHuhz5vtPghsmyeg5:12000000000000000000:OKDOT:CHECKMYTH
12XrdYekbFwLFsPF9J8pVs6CZiLmbeH292bwGt6KagopWFHv:12000000000000000000:OKDOT:CHECKMYTH
16G996gEtDhbPxTpDV1HhHmK7ejybueV4bW5zZv98m8nKgDK:12000000000000000000:OKDOT:CHECKMYTH
13QTJUgeBxJqt2D8wzd7LZbdd4mBzyEtGX6g9vYpbgRwCZBx:12000000000000000000:OKDOT:CHECKMYTH
15BPyDGQE11MdPvuncuFsTM7rVvsCeAczhU7YNqZFdzfX4P8:12000000000000000000:OKDOT:CHECKMYTH
16MVDDQ9eSjEW6a5RRNN7rKwW1KSprNAKhqWEJgYVgbcNZNv:12000000000000000000:OKDOT:CHECKMYTH
13ehZGR7krji2ZLzpv8JPySgjPMCxodk6zQuXM2wphtPGvhs:12000000000000000000:OKDOT:CHECKMYTH
16XUkhtnXYc3h1617u7oaTJQfReqxvpMoCBGCezwCcpnT5p8:12000000000000000000:OKDOT:CHECKMYTH
14pEsgRJ68CS3mVVsENds8pjE4W21ZWvY6UsExRXGiKbHpLk:12000000000000000000:OKDOT:CHECKMYTH
14dpFFN7T937aaWqA3xrRutqrVo4peBArfNQmJ5QN7fWhssb:12000000000000000000:OKDOT:CHECKMYTH
1pqH9NzPHaxc2VNTGzb9HuDtdru8Hwu3YrWia5cZb4cnt1d:12000000000000000000:OKDOT:CHECKMYTH
13jXw6dLL22QaHv8AVjnSQKSLQa9eBa3NUKaVtC7yHntXJHq:12000000000000000000:OKDOT:CHECKMYTH
13HJWV7edHHV1bfqnmRo4y2WwF3i6YspqCEuTMgsztiMVCYf:12000000000000000000:OKDOT:CHECKMYTH
12W4aWZrb5Rk46opbhBfd31jvoQqnNPvjcnmJVXwmcAWVkkC:12000000000000000000:OKDOT:CHECKMYTH
14wMTqWJnuWCAzhBzqc2Sy3ugKJhEm1bPDmy3XuLSL1Y8Ey5:12000000000000000000:OKDOT:CHECKMYTH
12WPWHyMx5DKcZKUV3svefHTpfTcUxKbMUmfiNvaYFHmVWev:12000000000000000000:OKDOT:CHECKMYTH
1c5o5wNGktKcsdCWFfowX5Q1UAtycZDpru1fmkD63eEN3CA:12000000000000000000:OKDOT:CHECKMYTH
141YhCuSEQXtpH2mDP3Yhb29yntf1n9fysNqqGtCmaq7YfTq:12000000000000000000:OKDOT:CHECKMYTH
1fdqMQH3xGr6z1fVkrXgfoKF6QWPgsoikD2QHjQCMMjAuEA:12000000000000000000:OKDOT:CHECKMYTH
14v9hPHum6xAD1gRSu5eCMke7ysTXjUh8fZFFBYHfbxjksFs:12000000000000000000:OKDOT:CHECKMYTH
137pCwENxY7mLLYv5nLe9xuw4XajGAKiLWUBiMqR9zhqx4Um:12000000000000000000:OKDOT:CHECKMYTH
14nug9C2PZCiVRdr7aLQ1U7zKbZJdoUdZnq9MgnmbqfihsLY:12000000000000000000:OKDOT:CHECKMYTH
13Xe9NwgzpG5nzSSrnf2crStEB6iVeBvSM4MQuPLpEgwftDa:12000000000000000000:OKDOT:CHECKMYTH
15ziBdzfdfGkNpzK1B4HYgUyUXov6FKTkLP8MqoXsDvU2dWN:12000000000000000000:OKDOT:CHECKMYTH
15SNg24Sibek6eVTb8WjHponSjoVrgRA9CgCaTRwgapCz8jU:12000000000000000000:OKDOT:CHECKMYTH
15zaJknvC6GesooBMoJGFSJ96Dc6AvGJWtsLAReRMJdtH1rg:12000000000000000000:OKDOT:CHECKMYTH
16CSTMimzpGHz8hnJDs2xHnGjHjSWT9T12efZ3rqoaNGddEF:12000000000000000000:OKDOT:CHECKMYTH
12UkBUhXfMojXt7MR3sL8wpGXRuxZywhM6NQKrJ2nh7rxAtF:12000000000000000000:OKDOT:CHECKMYTH
12mPKgqaHgqgMhTe9ZGxe5Comc2TpxjCL2ghEPrvSd6Q7ZEL:12000000000000000000:OKDOT:CHECKMYTH
14Bsx8oSHXvsqdvUE48aoGZK7RrkP4wEfYgwZLooMBsNqZgh:12000000000000000000:OKDOT:CHECKMYTH
16FmayP69jFbP51jMf9S4bE4Gu5qscHzW5sb9kT4Q46Xy1VG:12000000000000000000:OKDOT:CHECKMYTH
13NMBzWrQA2aVfFacd4rGsxVJHJkNpwAER5iUtsPo8PsXSpg:12000000000000000000:OKDOT:CHECKMYTH
12fGjvPsL84EaJHKHztCVyqsa4L3xfKYPVuuZmXGnr7smtRe:12000000000000000000:OKDOT:CHECKMYTH
16VxH4og3816nsGsXWwnX7SYRGLFuVeFBhbcWuNs1Wgx6VMd:12000000000000000000:OKDOT:CHECKMYTH
14BQmwKRbfpkWQvYe8y7vfYi56VMyw2BSty1WJbisqhG5vVp:12000000000000000000:OKDOT:CHECKMYTH
14zBZDNoY9GKiVYFi4JrRmGWpB3S2k8aNA8oLyzEA1M1G9pK:12000000000000000000:OKDOT:CHECKMYTH
12HknU2tP5wdgFL7GeTXjsP2E7shzgGxjCrBxRefsajCSFer:12000000000000000000:OKDOT:CHECKMYTH
16XzyLCPM858SZZWLtThTzkLFagJk6pMoPg2wE8sjbwhPr9f:12000000000000000000:OKDOT:CHECKMYTH
1636oa3jcj4rALda9EAWdbHWCYUcqhqZ1dk2g6ezM4FVPX9K:12000000000000000000:OKDOT:CHECKMYTH
14VuUY1RG1RkUsNZhJZqaeBoPzdDn3X1Wyj54XSeCGUK4xan:12000000000000000000:OKDOT:CHECKMYTH
1jktgirjwTNPL4cE5y9Dg7Dex9U8KS1uJSEw3SXu1qVueyg:12000000000000000000:OKDOT:CHECKMYTH
14RZNCVUoZ8xWWSv4oXkfxLg3FYQdPK7LrEXFReg1Yu6zbEu:12000000000000000000:OKDOT:CHECKMYTH
1w6hQ3swJHUrTLtHPmTk8QyJH26WQnR996BPXpGmgrsTK1p:12000000000000000000:OKDOT:CHECKMYTH
15eou93uEFgRdRW5Aft7iNbNhfMBDtUPb1DQLAVx3TzXybtj:12000000000000000000:OKDOT:CHECKMYTH
188LQ8U34cvbeEfZyqCiexfQw8y5gN8UwqBLKXwZ3Xfg5pV:12000000000000000000:OKDOT:CHECKMYTH
16axvuj9aaFzXkd2xqoc5bijSPPoqE78TJ2xc9fdeMPncYF9:12000000000000000000:OKDOT:CHECKMYTH
13dqhCymtH1nhoukvxCRVmVuw2oJAYNbTpPTkoR1KGGxNiMc:12000000000000000000:OKDOT:CHECKMYTH
13XrfFY5r9JU7mXe8ksbAR8MHDvBoJQGHULiAFmv8moMTN9x:12000000000000000000:OKDOT:CHECKMYTH
13jz2ccEoQyphc7qbobxBtPKyDK6RasWL7dSRQ9VZt5vRv7:12000000000000000000:OKDOT:CHECKMYTH
12BF1irBZ42CFEEtRrKfpA6x9T1YRMf8BSqUEUEG58RRdeGn:12000000000000000000:OKDOT:CHECKMYTH
15oEpAs3yr6tLJxsZazqXDH3wuwU79My5NdumokESHwoNFM4:12000000000000000000:OKDOT:CHECKMYTH
12uNNUDqEea9rZKfPzrq2wkjcQ1LR3b2eqP4NVz4WzoQD7hg:12000000000000000000:OKDOT:CHECKMYTH
16mjvQsc2HfV5eGE8j3rpn1GAxC4zMfp13HAximCJcVWu13M:12000000000000000000:OKDOT:CHECKMYTH
13hymXXopLsWZtRr6UH13BvTRhoS48JESvmVWYSv4nXUqmZY:12000000000000000000:OKDOT:CHECKMYTH
1yVWbm7YPdehQabL1LR9SHVgUFbeYMf68dyKNT5peTTX4Xn:12000000000000000000:OKDOT:CHECKMYTH
12MPppVFGGtH431n6JFZcAceyvcHXcm2g3FbyJH6ASi5cRpY:12000000000000000000:OKDOT:CHECKMYTH
12K7PBwRJT7jdKjmuqoavvnsPeY25AZ1QDWdG33XTfiTsUsh:12000000000000000000:NEEDED:CHECKMYTH
1cL5L242UpEdDk7fbYafTfamYrQkjRt9WW3PkCeSMqZc62M:12000000000000000000:OKDOT:CHECKMYTH
12RQVBSYnG75qWqN4mYtPSBLs6foYzc83GtmJiHFUS22Qyjn:12000000000000000000:OKDOT:CHECKMYTH
13qtdiveVSTDrdDNhQwy5z9UT8TBgaZ85C5brfV7WobPB1kd:12000000000000000000:OKDOT:CHECKMYTH
12RDbxxcrPTdrYHeSww673sYXH13RnaPjL5jMAFaKCNfjdXT:12000000000000000000:OKDOT:CHECKMYTH
1eFoTgu4sUjTeiNFQs8ojJFFNXn5kWp6ydDvRMLt6iwbQQr:12000000000000000000:OKDOT:CHECKMYTH
124LBmw47BbpqCgwYNFLrtnPGFjxrAJDjc2tyxotay7PhmF8:12000000000000000000:OKDOT:CHECKMYTH
13yBQbGNZStDHW6nesNGZoe4MSFy2rjF2bSwScYHNPKwgc3K:12000000000000000000:NEEDED:CHECKMYTH
15ghejd3eVqkHVpaE5bxhghbs4q1CVXKDxZhd5FX3bfGB62J:12000000000000000000:OKDOT:CHECKMYTH
15W5TgStEYvs6YHYJUJWs1rWYzVk9qUBszUie9DmGPe62mMw:12000000000000000000:OKDOT:CHECKMYTH
12nT9mWLcxbqyXMLXCwaXswb762v5hBDBK2CWDNLdJcyxaTa:12000000000000000000:OKDOT:CHECKMYTH
16QPMfbEiXPSkvvekDXgaUXMn4obX9AC5R6tBJyKy5AAHCmV:12000000000000000000:OKDOT:CHECKMYTH
16DMQzMHqqpkwuuwUWkhxm2G2pj8BtfXh3wdUsh7kfr7ESxg:12000000000000000000:OKDOT:CHECKMYTH
15gJRW9ZFBPK69qt2BZrPqev5TAVvZyjCk3UWXozzMkkQEE6:12000000000000000000:OKDOT:CHECKMYTH
14DytPZofiBvs25Q5QDHt46xBSjZj4vZrc2eZrJsUPLnaL8b:12000000000000000000:OKDOT:CHECKMYTH
12JkzFncNYv6W1WHRfTRPfX7AXhNNPHpA7iQQyMG2W4xYzLX:12000000000000000000:OKDOT:CHECKMYTH
13TK9N6KWtTaCXLST2BWh42NEGqahS5eYtM4A6RSaiPj4LDN:12000000000000000000:OKDOT:CHECKMYTH
1RzLZSEMjdbDNVBd7hUQ2wtbudtYC3yHbL1EqWH9gWjEgX6:12000000000000000000:OKDOT:CHECKMYTH
1MY73rPkpEmsDCRTF3Ki9DeDU1mPVtdqn3NsEAULBroPaR7:12000000000000000000:NEEDED:CHECKMYTH
1isE2Ep3N6hjSLLXYGc3Scd2JyV1KLSeXRvGFzh4pLxcLHD:12000000000000000000:OKDOT:CHECKMYTH
15uJWFywMYnPXtKTXpJYx1yELqwUxRMA2v1FfBiCwhUTRK7L:12000000000000000000:OKDOT:CHECKMYTH
15UdRsW72ehqdRJSWTEFKuByHRzuEk4z7yii7tDDhR19soVE:12000000000000000000:OKDOT:CHECKMYTH
1VudjdaMTyDbkzvcff9dXDFctXiqnaP2zEF54KfkFxj47z2:12000000000000000000:OKDOT:CHECKMYTH
14QjxJ53yCKWUyFBWMmbCqNwppKrBUKczTuMjvFvTGcc6jnw:12000000000000000000:OKDOT:CHECKMYTH
1FVKb1KZUNPzDNCWe99DQvJuggVXQgGaiJNoQsJzrGorPyn:12000000000000000000:OKDOT:CHECKMYTH
15ZsbGf6fZzraw6XJYTa6g3j7iphnBXKMm2LH4X7jR2eCbac:12000000000000000000:OKDOT:CHECKMYTH
13SHP4N2JbRPwtHcdt35KP61WYNKfvLB2Xci6DXSBpP3zPcC:12000000000000000000:OKDOT:CHECKMYTH
142TZ8wiMsUiVh4vJwtza1fjKc16EQFCrstZvf5yD8WgMwCh:12000000000000000000:OKDOT:CHECKMYTH
15PY22byMyd4T5cKexdPtQDrwJgB8ZA7xQt3vDbDb1EqTCe8:12000000000000000000:OKDOT:CHECKMYTH
14TFHu72NWoMnKwgYhg9ehRmy13Gd91S7UdvkPUQ8k3ewv8v:12000000000000000000:OKDOT:CHECKMYTH
14F68DZA4AR1sjpPSSeqfyQZkFSwHMWc7ktH8wMeE2bByTym:12000000000000000000:OKDOT:CHECKMYTH
15r7xyVSBRfPqcDLWx2yPRaEm4PcozeZzUs5ZFZmvEuhf5ya:12000000000000000000:OKDOT:CHECKMYTH
16ETvn7WUGdEmEHeg8B1kSZtE69jVvRm4x1bqhnxTetRP3bw:12000000000000000000:OKDOT:CHECKMYTH
143G5Q6cqREhq2KR56DJHorMjXfpLbbPBoZPiMkvSnV6xDqq:12000000000000000000:OKDOT:CHECKMYTH
15XHUrjyRXKrsLS14Pq62NwY4vUL9rbiauTn11LZk7nnERwh:12000000000000000000:OKDOT:CHECKMYTH
13vLBT5aSFbiZD2dCYMsEd3Pj56vpvuEzTwy7uSNPUXk6UfE:12000000000000000000:OKDOT:CHECKMYTH
15gBjhRHTJeRSvs4ECNRNacbcYcAL5unMQzxY88j4Xjp6H7v:12000000000000000000:OKDOT:CHECKMYTH
16SRWiv2XtqTb5N34FBPKtx7hAvXAaWT2jSCy1Du2wBGLFMQ:12000000000000000000:OKDOT:CHECKMYTH
1pYD7u9ocf36JFCGgWC75nhJsTTiq3eFHTtqwWpkLNNmdFf:12000000000000000000:OKDOT:CHECKMYTH
1zpxzNDwkuNqvLQxgQq2uE1ymKAZByTD7RpNpwQpefyKC5q:12000000000000000000:OKDOT:CHECKMYTH
13oAJZsESxPLjepUuhpz9B5VAQDdCf1HXuV9Los1UfBqYjZR:12000000000000000000:OKDOT:CHECKMYTH
16ZMg3sQwBkWWz9kXPDQkjjbXQWE9uFFtn7ZUH72mfDxeX5f:12000000000000000000:OKDOT:CHECKMYTH
1ZUdrGi7h2tebL2rvjbgmgVVQRotjLwpdWxmmbq55g2GBKG:12000000000000000000:OKDOT:CHECKMYTH
12g3q1wABqrb5KdNRh4gdTmoa78DEPUpSu4K6iuScRzDRtb7:12000000000000000000:OKDOT:CHECKMYTH
1uxFWxSKhs9CMTC2MGJBDYx1FRAwAxJCodPkAA4VnawANXJ:12000000000000000000:OKDOT:CHECKMYTH
12gzLeZpPKto2yBd4CFCRz79rjk8Z5gs5gagcBDcsEgm96ox:12000000000000000000:OKDOT:CHECKMYTH
151pb5XAGgf2hQhCiMgSpucV459jY8Esi3ED2LofqiknnNpm:12000000000000000000:OKDOT:CHECKMYTH
16bhSKBEhBCRiwdh5sSGoRbSszDbBBCrnWD2M958TAh41coM:12000000000000000000:OKDOT:CHECKMYTH
1Hack1R2Gip21mNVLnvwfpFEpbsT4UWHGKptQQg9JN9Xsxd:12000000000000000000:OKDOT:CHECKMYTH
15LKepzSermyvMbyWYtEhyDg3YM5TQuGvMTj5k91NwFhmvgg:12000000000000000000:NEEDED:CHECKMYTH
15N8At5RGtd3bHomcFHtGp6YoN6yo42aX7nE8gHCdjqFQFPC:12000000000000000000:OKDOT:CHECKMYTH
123ZGCv5JgLN3foLk4X3htym8NbMkeyRkvc32MvqJ3XNaSsr:12000000000000000000:OKDOT:CHECKMYTH
1e5zgAaCnNT2uyPUpSEj99J2DTHhzrzhGqZsy5iFVa1a3qq:12000000000000000000:OKDOT:CHECKMYTH
12v1i7fZwYyNq2CbPgWeBksMYxCyoL67TVb17rGRzmHtPVhA:12000000000000000000:OKDOT:CHECKMYTH
1387KcVN3M56MxocrSoyKQDfJdqhg4Rr4PMsMQmqVogJuxzo:12000000000000000000:OKDOT:CHECKMYTH
16MSCD9q7dx6PprK67niu7UUEzS7gms5Uk323ySBSbhRBd2u:12000000000000000000:OKDOT:CHECKMYTH
13JkH8HL21sDGGXpGFSBRBgqqxjZW2sWZG13YYaSeyA7RLBs:12000000000000000000:OKDOT:CHECKMYTH
168x91XE66yvbCjEY3junzB9xKe7biD14mWyvbNfg2kCyXmL:12000000000000000000:OKDOT:CHECKMYTH
13ZiRCoLDZMzuEskNB6jYd8D5u7mzDzmSSAfGVN94WVfACwc:12000000000000000000:OKDOT:CHECKMYTH
135fmZYpr6Bu8bTF1L9BzmnwPNTTaB9oxntWHNNyPjEQTcK1:12000000000000000000:OKDOT:CHECKMYTH
1NoxpwViWZHnSNxfBSPQj9evpZ3LxHBXYvfxe2BYYnLJ65n:12000000000000000000:OKDOT:CHECKMYTH
1nc76MdnGPB2Q4ovMkeBgy2AJToRCmSxsHS648xkdsyiW7v:12000000000000000000:OKDOT:CHECKMYTH
1zQAhAJUtTFrFJFD1H6hSeF2A7wsyptPTjSFvWLZf3kKqgS:12000000000000000000:OKDOT:CHECKMYTH
15URs4UUxfP1acAgKUVJ7W68kdgSA3SSE4c5iarwX9Pgr4By:12000000000000000000:OKDOT:CHECKMYTH
14iSS8JwFbSYXRD5TirnEnhAEsmdMDpVraqQMqb5GaMgD8AN:12000000000000000000:OKDOT:CHECKMYTH
15SExw8UhqqwrgpjDoyG9gPcyJEvRohKkDgRfUcWYWNVzu5H:12000000000000000000:OKDOT:CHECKMYTH
1ZNZhLj9bexnNfq7YZsy2cEaEgj5tZZfckC1BaZDmmBWTK3:12000000000000000000:OKDOT:CHECKMYTH
15qxiNKteb6AM8pjnaHHSbB9n5uk1ty7ysUNNYzrV3dzoTyk:12000000000000000000:OKDOT:CHECKMYTH
12JmfKt8wLrv7m1JTJoNpA1EaofcNZSevH1nbz6DUo857trM:12000000000000000000:NEEDED:CHECKMYTH
1n3grxXk6rKX7NvnGbdh74Yi5U6Sg8pS23ZVKr4eiAewA18:12000000000000000000:OKDOT:CHECKMYTH
12VuthTqMf9fDFEqN6zXLTEqqPUyS22nRvU42j9nP32VWdTi:12000000000000000000:OKDOT:CHECKMYTH
13CMh8yHcYUo1rMEcNTmDKx1QYvEdjH8NbQGRoYQPG9ozJH5:12000000000000000000:OKDOT:CHECKMYTH
13tywYJ64BMgjSpFtTuZoTqNjNs21fjftAypuVNk2xkdTvbC:12000000000000000000:OKDOT:CHECKMYTH
12B33u7eWsmc38r1QqMuPuZS26aJ5CVpkCXQDYwc2yLqPy9h:12000000000000000000:OKDOT:CHECKMYTH
12oMrKwgjg8k8ybCPAaVNgVNMuRWG7MYpG9Uu4PWDNvYu4o:12000000000000000000:OKDOT:CHECKMYTH
1L98WByW9zXoFLyUcsXk4LiGu2Fghq1f9a4pKA9Cg2FsJKT:12000000000000000000:OKDOT:CHECKMYTH
12KjuzHNydhSbTsFUCC8PoKfcr9VdkxygTXScHDHWVe4xptv:12000000000000000000:OKDOT:CHECKMYTH
13ikV41YXyp4JBNWfVUBNPit9Avvg5NCwzp64Pu5S1AgxbLU:12000000000000000000:NEEDED:CHECKMYTH
14tS4v8Xj3qH5DowcjmgjD6BZs4gFSbyWuyD1VqrYyiaKXVN:12000000000000000000:OKDOT:CHECKMYTH
12pWgAwSbs9e57qkxbTSsuK9AmTuTqULvbU8UJ3qFpPy9qR7:12000000000000000000:OKDOT:CHECKMYTH
12r82DGaT7T9MwyMMFX43D4soDWfuus5fBeE9tAcf92Z8N4A:12000000000000000000:OKDOT:CHECKMYTH
1zBSTeNWHYtv8eVvbEZrPYhfqTRoMvyZUsieFcoq28YZx3B:12000000000000000000:OKDOT:CHECKMYTH
12mKSia97PwpyizMP7M42XsobBX8momw2rpsqZhoSUusrUiB:12000000000000000000:NEEDED:CHECKMYTH
13aJ9Hmdib1WjFPCieKZsz2kP5xcb6LezgnanhEKNG4DisuL:12000000000000000000:OKDOT:CHECKMYTH
15jDmWDecC9LVhZhHv5w3W8qXDvCCQeCwXzeVToYay4ZLr9c:12000000000000000000:OKDOT:CHECKMYTH
12j5gcpvPsdz5acpVo4QK3SSryc3DrrEUnwqv5kVxa85UxiD:12000000000000000000:OKDOT:CHECKMYTH
1nLjLTFvc4azL6D6WPom8NFUzJFuch7JdsC13uwBVPCD58w:12000000000000000000:OKDOT:CHECKMYTH
1nTjzxYYNfMXyJivwkL8UQxstgPjE2dQyj4ZtTJM3hfkkL2:12000000000000000000:OKDOT:CHECKMYTH
12hXQ6ry1PDk8yzFsnPbzJzqvPvbhindB7q4wxypf73CzRW5:12000000000000000000:OKDOT:CHECKMYTH
13otPMG7JkUU9srwfMcim8QoQxnTWR1y99noegj5CwjSWxnV:12000000000000000000:OKDOT:CHECKMYTH
14Kx7fcvFR4d8GukuiQZXe6iKaTUY85xtvxtn8uVDp6cRyLB:12000000000000000000:OKDOT:CHECKMYTH
16gcpY7zSd3wU8u3U7PU17VvdKi46sEj2EwVaxset9cwwdW1:12000000000000000000:OKDOT:CHECKMYTH
15kLjNyMHVzEFSW2bBteYY2JEVw563TWWDLs5og2MqcE4SxE:12000000000000000000:OKDOT:CHECKMYTH
16XJT7Xyoaht3yfscq8SRACG7rRm7FPDsyUdtBNPoQQPL9yH:12000000000000000000:OKDOT:CHECKMYTH
13BzrPbUpLuiuY5GuWw9wQRj7QziHtwqgnetTQRjLFQ5FT2i:12000000000000000000:OKDOT:CHECKMYTH
1ggvzYYsCj2o6CTs5RgW5G5ErgeS8pMuoJsV9fReorqLme3:12000000000000000000:OKDOT:CHECKMYTH
16FtJxeTUxs8ejMgZngaNQxDoWdf5svqXWSL26rBtFPSf1GG:12000000000000000000:OKDOT:CHECKMYTH
14mNZBtUWqobEYCKUapwcjpCDpoEhHDgPmiqpLFkQwErtNux:12000000000000000000:OKDOT:CHECKMYTH
15rztXGmi6Hj39vAT9MdRzBg6BVygsTqvGoHYWZSyF5wmEKu:12000000000000000000:OKDOT:CHECKMYTH
15n3PFgBp1gLjdpnHcsFMikCeAr4EDL9cvS2FbAon3teo7Mm:12000000000000000000:OKDOT:CHECKMYTH
14yCPC9Zk1dowo6mzaSXtqpLuDdWdW28z7cQmAn9LgvBLdUR:12000000000000000000:OKDOT:CHECKMYTH
13NCLd3foNpsv1huPDzvvfyKh37NEEkGFotZnP52CTR98YFJ:236000000000000000000:OKDOT:CHECKMYTH
