14mHKFuzkPQECDviSNRR4B1jMgCBXkrM5hW58yBB33dYMYmf:12000000000000000000:OKDOT:OKMYTH
12fGULh35yiLQZZUJgxqmp6vsWo7PM1rkPvMeG8z7FfNyAvp:12000000000000000000:OKDOT:OKMYTH
1554jL17qSQatBNAeJ8KoCCBtxj3v41nrSGVovzGBiWPUpSH:12000000000000000000:OKDOT:OKMYTH
12TecH6P5uZpfqHiMufw6hoYpbutfkfGiwX4r25WJaLL6CyX:12000000000000000000:OKDOT:OKMYTH
159Gu8GdaXEjBtDTdpzgcy9ZvZZ9ZK3vczT37AirXPAtV1Vw:12000000000000000000:OKDOT:OKMYTH
14R71ege77QGQiDCEq6MWa1wzBEFXzNyuBaufTMRiPZLYqSz:12000000000000000000:OKDOT:OKMYTH
15efP8q3sDHVe8dXC8UdwQw2Qvjvc1URBecHSLaYiT6WTpBZ:12000000000000000000:OKDOT:OKMYTH
13kHqajTXvjZpmL97qVpfBfZYMF6QAb9AJbfKYaHeYaDDwNv:12000000000000000000:OKDOT:OKMYTH
1FHkawAHtJx8q2p9uZdqeqAhJ33eNTnet84RfLuaSmxhq4w:12000000000000000000:OKDOT:OKMYTH
12PEmAT17hW2AZTuQQGJo4hD6wRVZTxMgy3Xx3qzftGRXRFc:12000000000000000000:OKDOT:OKMYTH
15tFbS4XgLdLxJ2QHqUMgY7kPSU5sny4rHS7ARNdcHASDBYS:12000000000000000000:OKDOT:OKMYTH
1651mjcm1mQiCoT7qEbE6MRGjuNRSt4QhD5QYnvjCsd93o3r:12000000000000000000:OKDOT:OKMYTH
13aEZU9ivYZJfwjosABR8PSpyS72Fe7bxLXWs5W2S8gLUs6F:12000000000000000000:OKDOT:OKMYTH
16JuQGRhofhRt81MT3KAaefafqBCXL2Xj3XjSxdjhaLyEoaa:12000000000000000000:OKDOT:OKMYTH
146BrfpCwf1nrYjmFLm4FsXZu7utygVPEy5zMLciaeZ7LQUP:12000000000000000000:OKDOT:OKMYTH
17oE8qCbC4TzRkJoyJAd586hdwkXQc9wFWM8uLQmn3Sp8QX:12000000000000000000:OKDOT:OKMYTH
1333EJYdwBSARHBB9tKrczf3q62zUuoVksbceBDZTuEmbPuK:12000000000000000000:OKDOT:OKMYTH
12pxntBbW7qXB7oVtFQ4CdHNqdBoicnBGcLpS3s5RKCHtghp:12000000000000000000:OKDOT:OKMYTH
13Aw4vvanztdSF2AzUAvtVuqsS1mzcB1fZgkHE9w2AToqJbJ:12000000000000000000:OKDOT:OKMYTH
1JGwP2PyoKEzbPHGvzg9M3boyiSr6yDsTj4uSNaz7rwVJ7v:12000000000000000000:OKDOT:OKMYTH
1627tzu11MNgGpvghFqoMuaCFQjwfF7Zgu6LwrpggeFCkBi4:12000000000000000000:OKDOT:OKMYTH
13AdANw4Z5GJXc7df8LxiK3WEyMDXpfLpi61mfcqo3AvrwGe:12000000000000000000:OKDOT:OKMYTH
1rqkVjeqdQqsaAw1pPWiFw262vL1RPzPAPc4rdvuCoRfBGT:12000000000000000000:OKDOT:OKMYTH
129tXhQMETKxaxUQa458e5sJQdz7qBGfDvXXXWmRH2516XRc:12000000000000000000:OKDOT:OKMYTH
15PYaeCtRZZjnDCKe3BiN7nbbgwmw4X35WEJxESHah94qwZ9:12000000000000000000:OKDOT:OKMYTH
14h5fqXo6pPtL5UzWkfyoyxCMwoWSmdd7exLB9BQsA15VEYU:12000000000000000000:OKDOT:OKMYTH
13173T93SNRhCUeHkPr473DBw57SV5UVXgsxK94VFJqei1kU:12000000000000000000:OKDOT:OKMYTH
15u4riy43gmPTTV7xvFYgZaDKf8xC4omfzQ9Xqb5JRSCBGcS:12000000000000000000:OKDOT:OKMYTH
16KxJNm4ySeWNG4L4fq4NsQkAvVAmgGNB7P61YkSBNVoLrq:12000000000000000000:OKDOT:OKMYTH
15ZJsHZEPVea2sUSzhFFRySWT1QD9Sg7SydwTZxU4iMQDvTY:12000000000000000000:OKDOT:OKMYTH
13F1euS8jDXv2eJXHRTLFDpsWvpkam2up9CUEUAYvYxdujDr:12000000000000000000:OKDOT:OKMYTH
15P6RwzoqjaHAhhBSLPCGv2ZhTaBohBFPht4gukjinBSdDLc:12000000000000000000:OKDOT:OKMYTH
143Xqrf6Tbbzu1cA2B4THDqDCwGNsxYy9YvyUWuHWjbJXSuT:12000000000000000000:OKDOT:OKMYTH
15wCF1Rvj6iwkUcy2i1A7MeukVXcVTfwWdW56fNJx7fe2NUz:12000000000000000000:OKDOT:OKMYTH
13eSDuNJoZ42YitumFP7LP5sySxPHZTAWW2mri78ALHKL1wd:12000000000000000000:OKDOT:OKMYTH
12THazKrCyxXLdYt6AsCGejpvrR38K7HkHQYSALmm65ffH5j:12000000000000000000:OKDOT:OKMYTH
1rtQiZrE7TgQHzEyG6SCfAQ5B3AXYanxfsL8dB6u96L2Wvg:12000000000000000000:OKDOT:OKMYTH
14zotS4ToNC8jEXquAAmd81uymBaw4u7qdywZdK77M8g3rUW:12000000000000000000:OKDOT:OKMYTH
14hWiiYA3rZpW3rsQ49c4eS4TCYZ1hbo4FnLuUtgZUBZfdaM:12000000000000000000:OKDOT:OKMYTH
15tuWsRVAy8BrDPosrw82aDUgKKr9XWqKuhCzeVAp3oaSgi8:12000000000000000000:OKDOT:OKMYTH
163hUcVtQe8r1L5F1ZtuLh6j3LZjxBsGFsLv2sDxy5HrsUXY:12000000000000000000:OKDOT:OKMYTH
12ytXqJUmgLC4HP47pLmJySUpBKdMDS29fBPeWkHCxz7AejH:12000000000000000000:OKDOT:OKMYTH
16mb3bhxaWH6KkjR2Yd5CvnmTHZXRxXNcBSMhTYaPr6pr5Sb:12000000000000000000:OKDOT:OKMYTH
147ZvDBRFPNUUixMwwhPWtDFgBTz6D3jmkdVwWdsSNKTUf5J:12000000000000000000:OKDOT:OKMYTH
12mE2F4BuSH8dbkvQUwWG1WwZmvAwyKo4toP9U57XZHpFN7h:12000000000000000000:OKDOT:OKMYTH
14CBoHwThPrcg3ZfpcsnUA4sNKXqKiUShKbaQbs266juhhbp:12000000000000000000:OKDOT:OKMYTH
126AkQZ2m1EA8kNteRpkTRTc2GegXj2FoeEZrL2z8AazdCdC:12000000000000000000:OKDOT:OKMYTH
15eWLzazHnR6TSKU7BdmLvCLAzLj8SGwW8Bz5Us1iYVjBtRv:12000000000000000000:OKDOT:OKMYTH
13753aFiE2v1RDqRNmk5wjDc8nFZ5HHMahLDTZbXRXhpuJAi:12000000000000000000:OKDOT:OKMYTH
146B2H2AWG2Ph6keG324uzaVb7MYkZRPZCjNMxvugzwn6zWU:12000000000000000000:OKDOT:OKMYTH
141LUU83VTWkbq3m5rz17o4kFuMpqhPJ1Jhn8QFZqezZoTEn:12000000000000000000:OKDOT:OKMYTH
15okcd18JzjtDw8UMsqWgZcS3iz18V3L96DYxwzNEDQjia6P:12000000000000000000:OKDOT:OKMYTH
16eaHECyedsprEdv52oab3nmQwki5v7pS7vDKNxBrmUice7H:12000000000000000000:OKDOT:OKMYTH
1pHiqYRxFXUnAH7LiBDcyoQTneG2yG1rWmiXb1ZDiynYhvS:12000000000000000000:OKDOT:OKMYTH
18u15FENH3NiqkweRr5H8WWW5YHmyosojhNcJp9YyvQf7TD:12000000000000000000:OKDOT:OKMYTH
13H46XcGHmg82mC3jZNev5afuw6dthQm3JKdNB7y6swXL5fD:12000000000000000000:OKDOT:OKMYTH
16RXFtD8myMA7a2DzEMP9LLDD9VqksTMsAnA8W27pk4VJwYL:12000000000000000000:OKDOT:OKMYTH
13inpXam84AK5EG51mFwxJm6TPwRsDMmQ39nJJQW4fqjGCgE:12000000000000000000:OKDOT:OKMYTH
12Q1i3PjGGXs4dyPPrPftUoGneDnvEa8kvrucjeVwKVa5G96:12000000000000000000:OKDOT:OKMYTH
13oHui2x6PD12CRatdAvjWA34U4246SWNP5FqM49WbZ6gpZQ:12000000000000000000:OKDOT:OKMYTH
15b9eng7BcGm41X5YiM4cPcxFhGMmxBufmdyEd8FM8g1RdBL:12000000000000000000:OKDOT:OKMYTH
1SJC29JqyUrNyYxxQR587GSsuaAzKj2RbceusoLE1n4egE7:12000000000000000000:OKDOT:OKMYTH
15SQAAzNsiFq7adzWfMH81YARMh8J3k9ByHXZ1VTn6HqZjnU:12000000000000000000:OKDOT:OKMYTH
13XHEGRsdz8K1HzeHUS8pjCk4puc2XaiE6xVaC65vV8xX4Gt:12000000000000000000:OKDOT:OKMYTH
14gekb6ZPt72uN49dAyb6vngez3ypM7jBBYoPTrEysQEKtVa:12000000000000000000:OKDOT:OKMYTH
14G6xzuMH7a97SSpSgymDNBBq3s4b2wTkUPXv14DhSrTCQb5:12000000000000000000:OKDOT:OKMYTH
14MjpTbAQ1BTUCp464MRv9XuyRAYUSZb1epAn9MJjMzyHUkE:12000000000000000000:OKDOT:OKMYTH
1RhVGpwMnaVKpoHGaD3jd5A8dgFeuG63YHMHk4h8SpeYLD2:12000000000000000000:OKDOT:OKMYTH
1M7L9KQkRKrxowWX88wJxgwcvUaNYREmAvF1yFGSe6Pusxy:12000000000000000000:OKDOT:OKMYTH
12Vw9TUxcqfEs3XvLPzdo7VjZRpjPv5QDWkThwepn76xRSsD:12000000000000000000:OKDOT:OKMYTH
1iBJx7vyMmvdQMUPDf3Jb9TrMvjwqQaVJqyfiooAhWdzvKW:12000000000000000000:OKDOT:OKMYTH
15Bjic8ngEdyAE8FpcMEWBwqYryKQr2aKrEd2GAzhHfc4Yg6:12000000000000000000:OKDOT:OKMYTH
14GPGGTFnyqKdrXTNsxPZAV5BP9PPQodfA5sHzkzciQKcfCt:12000000000000000000:OKDOT:OKMYTH
1Bdq3EN59ofyNdjKhuy9kFPvsMS8JszDHfzB2WsVyBzSsJe:12000000000000000000:OKDOT:OKMYTH
13pLhaHfiBq2vF3TwS8686TFhtpbu65UDM8x7BuDk7s3iTsU:12000000000000000000:OKDOT:OKMYTH
14Bc721gGxJYxhu7g6FeiS575sx92LfjvRdfeo5stVtrCxqT:12000000000000000000:OKDOT:OKMYTH
14XbqigQmN4YydixbpX6BnqdqiREfWqpAEPFDFPRVFPjxA2L:12000000000000000000:OKDOT:OKMYTH
14M1PwYQxveJUNpSb3MWz4kzB6jdYCpmD18pw2vkVAjaUNZy:12000000000000000000:OKDOT:OKMYTH
14kevA2WpjbdRiwnfJgk16G33jnJs6bDGc78CA7Ftxse41kZ:12000000000000000000:OKDOT:OKMYTH
15TxdTez7TxoSdec1LYLz74sJRmVDAJcm7FyFHbFRwEQAytK:12000000000000000000:OKDOT:OKMYTH
1nmP95EcodbfypKJh8GowYmwcyqMv7atSxWSTV1xQh417pL:12000000000000000000:OKDOT:OKMYTH
15YaxoeB2S3beVtEGtjvy2q8mUwYH7sqb8TpotsM4Na8W9GN:12000000000000000000:OKDOT:OKMYTH
13Gtg12zM88Z3zd6Q6zt271QqLmmRWJTUmnW3dvc1q6KKnFe:12000000000000000000:OKDOT:OKMYTH
123iegaNVXnDXLqM1NUb36vWaCL73KY6JWjEx8XPfzeArF5R:12000000000000000000:OKDOT:OKMYTH
16DX1w4B2GoiCXBdbEgjoLd27w6dssPjWZGJN7mWruufhtHC:12000000000000000000:OKDOT:OKMYTH
127P8w8gkQ4LFk4vDubDnLfXGJRJX2jUzNcjXTkbAkda7k3h:12000000000000000000:OKDOT:OKMYTH
1Mn9C3mr1A73oWbAk86m6V5CLU1GHrbu4P22z3XfUWKGVjs:12000000000000000000:OKDOT:OKMYTH
13UjeVSSAxxTAR3JcakrocerAhq36WH2jFTF3h9Q8ZAtFdVJ:12000000000000000000:OKDOT:OKMYTH
153SwQgCMbbKSnBPfSBRBMcbUM2Lb5mBpxQwfVQt5T2Khobt:12000000000000000000:OKDOT:OKMYTH
1C5or4Uu1KFSVXnK6rT4edcubjWUHgLCYCTkQtdNHTnqCki:12000000000000000000:OKDOT:OKMYTH
1HLZYseuMfRACvep4gCeLsyErJvFcCfY2JDw7PuhRSJ1W6t:12000000000000000000:OKDOT:OKMYTH
13kDUjscVrgfHZPMDa1VJeib7MxNV1KABkXciV3gstF8gGBR:12000000000000000000:OKDOT:OKMYTH
1CLDfRF1q5guKXKdnxhRzU6arXf12WV2FHyur8K3SNxpcML:12000000000000000000:OKDOT:OKMYTH
14LsN2kUFVM4mAN7qitY5naJSpjBpTyco9DL3JkhnPVJqeBM:12000000000000000000:OKDOT:OKMYTH
15T6J7aMUo4xQbHuXRjKqyJmQVBQYLZ9GPoUZEHVAogrNDzy:12000000000000000000:OKDOT:OKMYTH
15PbbSqennPiCcLthchM5MmAeiHs7FSGrG9jPio63Ho1WtCB:12000000000000000000:OKDOT:OKMYTH
13Wb4wGx84qBSbfB8KQ82Euuhb5YSRbDWzcdM72L7hZNwtBs:12000000000000000000:OKDOT:OKMYTH
12LmWHmUWmS4aKck3uQbBCg6iH3Eovo98dU4JUDETNAGS3qX:12000000000000000000:OKDOT:OKMYTH
12BDc7MEDBnHVaiUWv6T53D32QTB4Ck7uBj2zvPevmqTdyN5:12000000000000000000:OKDOT:OKMYTH
1ytuN5E7ztkc42zpb4jDFufkh3WiX36zNAd48B5b8VzbR3z:12000000000000000000:OKDOT:OKMYTH
149DB57Vpb8wyW71nBkc6ZJompaMvUXcEPT9FY5Rw6tMT4HY:12000000000000000000:OKDOT:OKMYTH
14EtnbP8D4vi7V72igC8jF9L8Bw3UCgiFq3cBU2TnxyFUnJR:12000000000000000000:OKDOT:OKMYTH
12gXdo5x7DNnmLKQCJH1mwqymBhBqykhspnorfhiucvmcLcM:12000000000000000000:OKDOT:OKMYTH
12ZKAb1X9xiYxMVH6QLrh5BE1FDxbGN9AbVbhco5jVbfYVCB:12000000000000000000:OKDOT:OKMYTH
138jA6yAL93B7BVh8u1HVZTGXHKFYcQmMedqnxLoZRth7N1P:12000000000000000000:OKDOT:OKMYTH
144RsVatgUJDQWgwENAAL6e47SHgF5isiSNg4pcWuyXhjZEZ:12000000000000000000:OKDOT:OKMYTH
1555ENgRUMXzRCDejPLDQVPqc5BJaBSjPyNfT9p9ZwomRuU4:12000000000000000000:OKDOT:OKMYTH
14j5P8fHUGWGr66ve6YSMuBH9SJh8wrRbu7hzhfqjnm9U2Dh:12000000000000000000:OKDOT:OKMYTH
13164fNVt6C1ukkqB7pHzQHtcDETwzk7PBxNJfSXoRUbUMQv:12000000000000000000:OKDOT:OKMYTH
13rG5AvNdZiyhgLw2oDKcgxKNNPLQigdxKeW1r36ThQm7Mh6:12000000000000000000:OKDOT:OKMYTH
169NF2xs9bA3wQGoY2gzt4VPHJCkx6C7FGKk8aAecKGbk8Q6:12000000000000000000:OKDOT:OKMYTH
13M4NCkAXJ7v3TrkqdrZDn72okRNikNvpjVCsPgC2He2UysM:12000000000000000000:OKDOT:OKMYTH
14JBgueC8aE68J7TpxvrU9NQqwQfmhnPTbJgxgQgpY7jNQQS:12000000000000000000:OKDOT:OKMYTH
13iNrmzAJ1K96gQQbwrp8tDHvjK6uuBTZX8GkAVotXXW6W6d:12000000000000000000:OKDOT:OKMYTH
12jAKA7X2vhQW945EzCNf8AuAZsibHNcgLnR8BbQ83CZv4iX:12000000000000000000:OKDOT:OKMYTH
13W2AHTmh1wxgtpYWGMWeYDaiQhnMW3DXP8EDLmJi2HKzmHt:12000000000000000000:OKDOT:OKMYTH
14MwNveAtisP5QLtUzLPjypxdBhHRczAy1LWUcEKJdioUHkV:12000000000000000000:OKDOT:OKMYTH
13rFh7Atf8Q9C9GM6yqajXyUJngGKpgkpbG8QDvkQPN9Ug3F:12000000000000000000:OKDOT:OKMYTH
13qSs3m6mf6A1bFsm3sZGWVpApstmhWdmPNUEtHcr4mg64i6:12000000000000000000:OKDOT:OKMYTH
15M9XRMqNaev9gs5MURgeR9e7shLr9Xh8YGG6qmdhXC7MMTa:12000000000000000000:OKDOT:OKMYTH
13Zd1ki1pD94arPMvPTxkA8Gtn3H9veRB6283LHujvsXYoUr:12000000000000000000:OKDOT:OKMYTH
17BsoMJBnFnBMzVoFjE3GHq2wGCkxDEKDkc6bSqAMB7wnTJ:12000000000000000000:OKDOT:OKMYTH
12dP8nKYjcAdcYySxqPXpFUpqkhwaB6fgQYR2toin932P3eh:12000000000000000000:OKDOT:OKMYTH
128e48KSHS9STy5tLz7GywdSAhchsenzkzR52EXj2VNpXu2J:12000000000000000000:OKDOT:OKMYTH
14bjENvAuGhFfJ5Lp2Hq8XyJ7GgJMPgUYp1vJfsG5GFSuCLF:12000000000000000000:OKDOT:OKMYTH
1vi2xRRyMzFDGxggLFuwmdq5TK9Ac7u1VehqDS82e2uZry5:12000000000000000000:OKDOT:OKMYTH
1MLoNLxQmoKiE8qkVLSa7G6G8ZBLkQnoDkx8uPKzGVV95sj:12000000000000000000:OKDOT:OKMYTH
1CXru3fCLeNMQ4aaCGNBM7LeQpAsBr4WwrZE88WQUg5GPX7:12000000000000000000:OKDOT:OKMYTH
12wavoCYVKd15PNy9R13txL52bGAw3Kn55KDib8Vr8BpbupB:12000000000000000000:OKDOT:OKMYTH
15m7YhdzSu5keKD827jM4ksYDnLsJm3XNHwqVoqJ9HbryXZR:12000000000000000000:OKDOT:OKMYTH
16U8L2Q4WZgbGQE2PYCHnwYBnxK2cuRtGeZTKqk5suovJNQs:12000000000000000000:OKDOT:OKMYTH
17wfRottH2tY4W892n5WuLjo5vPpMh1t7LPPsLxBG7Jkome:12000000000000000000:OKDOT:OKMYTH
16ChRwgnKe2kj9LwvQaktStr5JCfdhEwYkXbSw7obpxFtMTY:12000000000000000000:OKDOT:OKMYTH
15KeXhpkoiarvXeNJENXmz4ZjvbwjQCu9PbvmccbPKHznJ49:12000000000000000000:OKDOT:OKMYTH
13wuVEznFZwFekZYncvum24wJfzEYgWs7TP9PCC5g3S9Ahj4:12000000000000000000:OKDOT:OKMYTH
1hrn37QnHVE3y24MzwFP12urC4QvP3qsxWu4qB53zisCXx8:12000000000000000000:OKDOT:OKMYTH
16Bc9JCukvWqMUFH54KvqzxTjxbFRdemcZyDJTveG4E3r8j4:12000000000000000000:OKDOT:OKMYTH
15HZMnbE5y58CfaaiBnwpJ8a33N5HJet4R6zjuAdwadPQqnz:12000000000000000000:OKDOT:OKMYTH
1jk7ZFD5Bxr7ZQwaQafJYX831dFgZAmgJU3K2BHxHWiJMeN:12000000000000000000:OKDOT:OKMYTH
12sXgcJFE4mANni9K1vYzGUysqLyEPe2Aouvju4AdjPL6TP4:12000000000000000000:OKDOT:OKMYTH
12xgj7B1vBLwWETgqdUGw2Jx9u7uDKUA24Z1kXbibaRQtVhn:12000000000000000000:OKDOT:OKMYTH
1GBtV117QbJUWW52u2bSGsmVJDonYBCbLEJnLGfLAjnLsSJ:12000000000000000000:OKDOT:OKMYTH
1NVJnXieXgWBN2SCT55ZhTXJEBUSsqTw1p76v5xyqbeLg65:12000000000000000000:OKDOT:OKMYTH
164o2PcHZziSXaNWHHue3t2ZpSY2mapSKYKeWxDX2PvLxxxw:12000000000000000000:OKDOT:OKMYTH
12i6ghZkrHw9sBFqtFHZAhzbnLqPKcZZpkDmYBobh9MPEaos:12000000000000000000:OKDOT:OKMYTH
13Wfqbk6otbh379SAzdFLiWMgZi1JdDbbttrKHUCmfTMUaHW:12000000000000000000:OKDOT:OKMYTH
14Wt8piiQEpBCshVva3DkbuQgC2f4QVrCt1PGbntHyJ55Ljx:12000000000000000000:OKDOT:OKMYTH
12196Fz887kET7T9BxpNyjy6tsvh3yNN2ccnPiXXoUcWPinF:12000000000000000000:OKDOT:OKMYTH
1576khCR9i6XMmHDiXCdXpnmJkGVVTBv4yUhwr8agwCqMBic:12000000000000000000:OKDOT:OKMYTH
12QAav8FFx4VkYN7q6Lq8s4UqLQozQRsdvq2R4z88aD1MUJx:12000000000000000000:OKDOT:OKMYTH
1hPAZ7UQeh4Cc6eavzWzeaUFwL9GVwQbF4vh1sexRevmhob:12000000000000000000:OKDOT:OKMYTH
12WnVp551sVBUu2ewVHrAvDs6k3xa1jVXCuuzaQkgGXx1GGE:12000000000000000000:OKDOT:OKMYTH
1hBw1ra3qGJuLnXNppHBNX63fMPuKgGFiSbqurE55gHdwBc:12000000000000000000:OKDOT:OKMYTH
125o13VXSsNF2sPpMtqMmaqBDDzRoYGtxUwUcJTQtFfzpFta:12000000000000000000:OKDOT:OKMYTH
164FMnEup7g4J4Uj9H7iDftyBTSUgWPgjXcXKVtNtPWr4JHY:12000000000000000000:OKDOT:OKMYTH
14z7tpeD52ixknpELgqMQA9XPvjKX1koMPg772PkpcKk4wj7:12000000000000000000:OKDOT:OKMYTH
13DpeW8A8ynMrUSCQzXpxVnXDcsus9Wj7gUtc3GbcYFtphXZ:12000000000000000000:OKDOT:OKMYTH
15sV9WpkYAfnbPt4TTPaUgJA39FBDgmgwZXCAD2h9hqiP9Mk:12000000000000000000:OKDOT:OKMYTH
139Rrz2SgFiBkKEncBW9uxb3cZ2ZZTb4spfWxfnmn2XSaHDz:12000000000000000000:OKDOT:OKMYTH
121iR6HFzjh5Xj4uKRJ6kNDexDsEkSyhFktQ21mzUfxCLnDF:12000000000000000000:OKDOT:OKMYTH
1MFnouMXK1pz816r2UaaWKyfxJzWgC8JikCvHaR5xAmSLnW:12000000000000000000:OKDOT:OKMYTH
1LcyHz9eviFwtWVR9mHc7WGCzYS5C97MExSvyaS1r1xPXtL:12000000000000000000:OKDOT:OKMYTH
16m45uwrAFKPWL2ZHnTf5XmTxFD1LL7dpEZdFD2tWEUsoAKz:12000000000000000000:OKDOT:OKMYTH
138m4wLFFi9gpS76KMCtd7D5kfB3JNWuKbC7PNkBhPyDTcy7:12000000000000000000:OKDOT:OKMYTH
13dM5FWUmm9am22wXF6h5yQ7gRQ3G5aiJkfQSzLbKsfrYMxY:12000000000000000000:OKDOT:OKMYTH
14U3z3oPc1BLYmBUGzDYPjMnXn3QGb8bmHhu8CeFTZXC2M4K:12000000000000000000:OKDOT:OKMYTH
169VM4JWRcY4BntuSr4fE3WxkHNK35MeHx8C8wd2QhM8o94E:12000000000000000000:OKDOT:OKMYTH
158XwqdeUHHaSubHphUUbF5P3gycMDbidQq3MoWFEJ896kYM:12000000000000000000:OKDOT:OKMYTH
143XzVc5V6Y8Z4VmncYA3itru87YuqT4kNuAcwnqvbg2DEgx:12000000000000000000:OKDOT:OKMYTH
1W9ZBdkvvcVDCfRJqiWZz3vyVsT5uskyixJ4sqFrMr9VmUi:12000000000000000000:OKDOT:OKMYTH
13sb71BWG6QVa8b2C4HCPhrqUapnYK5eQikhSZ4JNFC7EaBx:12000000000000000000:OKDOT:OKMYTH
125wRYn2cweSMunnJTta5dbZjjVc3mcpEaYQEcb8Xxtui9a4:12000000000000000000:OKDOT:OKMYTH
15UubGxbdq65KbMXvsxHbGz6A8ANSyedQddtU9mMNkoUhWYR:12000000000000000000:OKDOT:OKMYTH
1m5SZoP49Xmu3Hvw61UuEmBygHMqa5NP2T8w6a8AV8XW51H:12000000000000000000:OKDOT:OKMYTH
124tpMEzu386t7BP2FLbHQfte7x4fY4THytoLFYEAFgRm8ww:12000000000000000000:OKDOT:OKMYTH
14Xm5kgb5SKTJuVyENzzYcXLCVXqL7LYAr75YCD6x5K13dJN:12000000000000000000:OKDOT:OKMYTH
13xkoLREVhtZKNcHzmmXVUFqRBKib2YDfjMuW5BzgAgwpzkB:12000000000000000000:OKDOT:OKMYTH
15XqbStU8yxnnqLqTkefmdbtdduuJpH7DFGmzp67WuXrFrL:12000000000000000000:OKDOT:OKMYTH
145yg96xQ3b5zunqDLfNMz8yEJVxGZbWkTdeio2QNAXCNc5p:12000000000000000000:OKDOT:OKMYTH
16RzF8eubHUFHc6yftAnUj1MqSgPVdB6NiHoVHada6eLeymq:12000000000000000000:OKDOT:OKMYTH
15kaVEDGHcrRLUZcnBfsqeA9RqdrWLtRojZrAFczBtdaAxFJ:12000000000000000000:OKDOT:OKMYTH
1Wg9UGSLpBvBnUCKAADpdKp8tVSyQLppUtAv4LnDCqrtTcG:12000000000000000000:OKDOT:OKMYTH
16awvMqbPqckxskFuz9ZkpkPGSY9RcaFuuk95xyNA93vycGb:12000000000000000000:OKDOT:OKMYTH
14Jp47a4nPsURpWYfC5eqasmbZDQ81upRJWJUZwCxnZt6AWn:12000000000000000000:OKDOT:OKMYTH
15S2anUprXqfekucBhnAEu4123d4mWrQJun2Tpqizx7yLv52:12000000000000000000:OKDOT:OKMYTH
15SQ5eGdMTAg5YKuKjs9zCh53bbCcNmyDqwzbhcEGm2ai2Vc:12000000000000000000:OKDOT:OKMYTH
12GGe6wtGFcXxsnGFPr4n8uhyG6L8N2Ryn25XQfwtXcDDLQA:12000000000000000000:OKDOT:OKMYTH
14hCughqXvtzm2A2Dvf1fAqwCBJiiVb1ybVaEi2ZNzJgvDTD:12000000000000000000:OKDOT:OKMYTH
16LJfjXsy3WbWCn4GSqcArU4jWNhfPZ3261ngcaZVxZx65Kc:12000000000000000000:OKDOT:OKMYTH
122w4vHtJda6di1kiCr19chrbyGiteus1TM4JSF6QH1qGjvx:12000000000000000000:OKDOT:OKMYTH
13GfNw1cWnUjhA2bHjDkqi1C5QkLJo3xy35arxhySre6hMN5:12000000000000000000:OKDOT:OKMYTH
14JVcA6QDGKK3vWT7b8HGYDSFFb4i4SjEgVSYPKXjvHibaej:12000000000000000000:OKDOT:OKMYTH
14oG4eBt9xsis898rHdq9PcChVc7w8kHSWu3Jgnq6sGpZHw5:12000000000000000000:OKDOT:OKMYTH
1zuVuNoCi16Y5JDG5coUVr4pPW2bRcU3Cs8cfYfNf79emzc:12000000000000000000:OKDOT:OKMYTH
15S4ebtcrNL2hmp5gfVCEahihYLzVCsqHcp6RarrtvsnLd9g:12000000000000000000:OKDOT:OKMYTH
13Yg91bPf7gyPJDHKT8HyTKUB4LcWGY77r1JJ4faxMvdruwz:12000000000000000000:OKDOT:OKMYTH
13aknW5FozT9LJJuJcEcBxMnjp5Gpu7nwuk6V7ufLxhqQp9h:12000000000000000000:OKDOT:OKMYTH
167gS3s2fj7oJseqCv4oQxSMjxmYM3kvULPthLCPRG57XUnY:12000000000000000000:OKDOT:OKMYTH
15t9hgtVSXLJu6DNEMKg9sC9uCb3iBrzjE1fGUWokxuQdipw:12000000000000000000:OKDOT:OKMYTH
15QhSEdRTSZC1yaHPFU5EDnuubC4LvHfMT594MB14hK5rbLQ:12000000000000000000:OKDOT:OKMYTH
16nBDz2ctb9urHmdgwGDJpFapPzf1ScpmDdkdvytd8xn4ghb:12000000000000000000:OKDOT:OKMYTH
16Mzau8T8R5LXQMEJA4RWi2SCTDAYhNU4mHNB724EzwSyWQz:12000000000000000000:OKDOT:OKMYTH
1287vrZnLtUoVPoLMxsAJbE2AWtj882HRATbAFBaCi2vwJNh:12000000000000000000:OKDOT:OKMYTH
13ZdYeetFT2QAyCaWfAMcrJnJPFjqBY2yJfLr5gtFb5T4PCQ:12000000000000000000:OKDOT:OKMYTH
14z1dnGCXbSbn816dCKMyEEU9Ujqht9UuDuXS4TDpKoFAKTg:12000000000000000000:OKDOT:OKMYTH
1LCoEt2KBT7xET15Dqrj8MkpfWwdcHzDMqNV5hRAr63LLPz:12000000000000000000:OKDOT:OKMYTH
11T4wz7dW5XH3cQX42gdFXKgVZZdB7U5zMhReg4NxDZmTBW:12000000000000000000:OKDOT:OKMYTH
141DyUuVMaak1qaexmd7RARKhYw1vamNZF8Twd4JAEYbKQgM:12000000000000000000:OKDOT:OKMYTH
124UCqqcoPhHENhKPXC1wnaPxsNhLR9mTJGA9VrXA9UfTWQ1:12000000000000000000:OKDOT:OKMYTH
14VE8VkaHrstgbs2sSiQZq2sUg1NETD5DkboFHpByjLiAe48:12000000000000000000:OKDOT:OKMYTH
133BnZnmZYTnhLCxBHLJmzkSFesM83DHjtQ6oj7T7qQNoKCA:12000000000000000000:OKDOT:OKMYTH
14TEtAwXhbCZRMJVpM86LGeV4gR39zRBLmrvKpNEEpbyw4cw:12000000000000000000:OKDOT:OKMYTH
12ib7dnANsSuPHDyXDAwosKhnuk6mSgQeNmEWZy5vyeFH5Lq:12000000000000000000:OKDOT:OKMYTH
13ubXkm96UkbqBNNxNsYhhsJe3GP4xZtaePFkhUBxRDn8neT:12000000000000000000:OKDOT:OKMYTH
129JF9d27TeastWAYr3zz4A2xjT73LmM5EqHXCmeAaJY3Wjo:12000000000000000000:OKDOT:OKMYTH
14kPKYPSpCBhAy8dChohhTwd4wdPBYPGqT6B9qYkEwQqKR4Q:12000000000000000000:OKDOT:OKMYTH
13Gs7HqYwcjJXvGtu5MHyfsj8adaCtpBvBr6cCmF1kjxEUmH:12000000000000000000:OKDOT:OKMYTH
14amh6Efz32eqiGsp8UBzQ4woK4MYpJvgF46wq3cxWJkN4QG:12000000000000000000:OKDOT:OKMYTH
16bbA2qbCMy7Qfgbw6vmncGdDnZLdFdHC1k2htHkHKVJA5o9:12000000000000000000:OKDOT:OKMYTH
1m3LynPQYoA1f9cyJb2WDwm9o76ZEp13WrGfA4oawzQrnRe:12000000000000000000:OKDOT:OKMYTH
13PKz1VzQemysoMbMoG41E2a32UtjCbtRA1GUmeL8aBHujUf:12000000000000000000:OKDOT:OKMYTH
128ZRa5ViHMYQutn2nDWZPnxcwVAqt5sppb2AinNVbT5qvWe:12000000000000000000:OKDOT:OKMYTH
137QHKDZj8MU6i7wwWYJmf9tmoHBLowwZ78iCzAG5YHXc7g6:12000000000000000000:OKDOT:OKMYTH
13xAZWa2sA38hQ8dJuugnA45PgajCBnFGogwQV9pGTA83YNN:12000000000000000000:OKDOT:OKMYTH
16gi75gDtZHdUyTGdpnjuSw1ZB5dqciCyRXL1NUp3wPh1LrX:12000000000000000000:OKDOT:OKMYTH
13WfEKdFDdcJXiXJ6Q9QZz7JzdhYCRCQ4tgM5f3WG5V9gbvJ:12000000000000000000:OKDOT:OKMYTH
12VxNDvAsMGDBKWuhnK7ix8U4tCaE1YdFCNUk5KDwE7Yrnr9:12000000000000000000:OKDOT:OKMYTH
15hEMuLkUs8b9Qpjjh9ri3TVpsMGoKci58rKgLaF5PPEvZmo:12000000000000000000:OKDOT:OKMYTH
13LoT5j3tmUsQkg3HUHC43o9EQqBS8chGutrwc7o9teVciKW:12000000000000000000:OKDOT:OKMYTH
1t49zNr4xSxLEpVpgk61B1wv8AvkQrSUtUXkK23pq8m5JLN:12000000000000000000:OKDOT:OKMYTH
13UMpZjczb9Nem1PvgretcYGKPUH2C58TiDnHXjg9ZTyZQQD:12000000000000000000:OKDOT:OKMYTH
13jRM1kCFnfHRP3ZkEPjBodCp2HU5RvqTt9VkNv74fWr2iaG:12000000000000000000:OKDOT:OKMYTH
12gkp3Z4haffPQ9y6idpVvyfaLcnwesdDWGGENcA3PVwfAHN:12000000000000000000:OKDOT:OKMYTH
15sqDcdqYwbTRCmpMLdpUJYwFtQqGUadtM1H8T1DGLEehSXg:12000000000000000000:OKDOT:OKMYTH
165AoPKUDirJxwMYhAPVkEAVNkrBcsQLHJuWckV1ZMBZSG24:12000000000000000000:OKDOT:OKMYTH
13ZLGpdjH6pxLowEjBkySUfe2dAaNEzFRyzMgwtCuZ11R9EG:12000000000000000000:OKDOT:OKMYTH
12GrkZm8TJXAoG3G6fWRh4gmeJWMuzFb7hTmhrAuWa5HrA1x:12000000000000000000:OKDOT:OKMYTH
1vxCxncagTC9Y5igV4rZYNCsfx8QdTgFycvnmUC7Rzk7423:12000000000000000000:OKDOT:OKMYTH
1qYzEoh28SQ5zATEaDoikPJFUYuWNbEg79RT3xGc6BJ5WWE:12000000000000000000:OKDOT:OKMYTH
12b2sBYAx3P1gGzVHt4kZGrZu7dYirZnikufK1BSaLmBfDhn:12000000000000000000:OKDOT:OKMYTH
1uZaF9V6CfCd53wfkwoFezNTRxQx4NUP9VQjQG5Mz8LXu2M:12000000000000000000:OKDOT:OKMYTH
1Rim1cRewNc7a9fGPFx67zmoeg4tmjrkh4LDeqyyYBBt7Fe:12000000000000000000:OKDOT:OKMYTH
13ssj73RaNsksfskrgMQ2NW15WysVDpXPBi7wNogYsbrGbX1:12000000000000000000:OKDOT:OKMYTH
166FywCA7FU8EGjFSDPSGnyvZfotFGo7PF96DRnwfEviueJn:12000000000000000000:OKDOT:OKMYTH
16UPemeDyh1sseQYbm9eabghsPyBQp3c9fsdzawUed3BSZf6:12000000000000000000:OKDOT:OKMYTH
15MEERpqJ41nFWUjyYN3TiaTq7ePpueq1ocAFN3UV1P3SKaW:12000000000000000000:OKDOT:OKMYTH
15Y7DuzgFX5BZZpwG3GQpgkrMZ2mggf6sQzXQFJD6njj1mXH:12000000000000000000:OKDOT:OKMYTH
15JBHABVi7YKv1AoYwhhjZpEohhFdjSME3M2Z9FnAEVDMVCM:12000000000000000000:OKDOT:OKMYTH
15oQSrw4DgU9GAGQpWJ5z6iEuJeaSmXGHuJczisHwvu73BES:12000000000000000000:OKDOT:OKMYTH
14iLF6Whgni2em1VUY6SpHHeDUsnb73HWAqf6Dqy4FmQWEC8:12000000000000000000:OKDOT:OKMYTH
162tjNsi4UDRNyAK3zFEyA8d86UE1CDXzjhtTpYmTZebhpeY:12000000000000000000:OKDOT:OKMYTH
16bqygdjBghy7Nt5xBaXnDeEsKroYRQ2waFqSfz5ZSThytEs:12000000000000000000:OKDOT:OKMYTH
13nzqP6Zg7iSJtrUyKNX4fHpeTwb6jojmuNqDkpXhQcsnUeq:12000000000000000000:OKDOT:OKMYTH
14mXAV56Ltr8EzH12sanXEhGPtnFg6CsKy86qtPbA3DZLB57:12000000000000000000:OKDOT:OKMYTH
13R1Vt43FqB9fa9rG7c1BRiiJcnRPG24feK4o6LnnUKrxZbT:12000000000000000000:OKDOT:OKMYTH
13kMXEZ8mhUwW7t7PXZaejKGq9HgBNWaGbAVcKwqvKgmw1K3:12000000000000000000:OKDOT:OKMYTH
12EXseMSgtU5G6eHz8UEXoTpGbu5a3axb5GZuVhd1evW2bUb:12000000000000000000:OKDOT:OKMYTH
1pq2oeF7Ly1zs3m7QTTtZZMyeZuo6PGQUxy9F9rwQGNY6q4:12000000000000000000:OKDOT:OKMYTH
14YovK4BSBD7vW2XjsafumUkzkNQmGmKrooSoJbgjwRAPAtU:12000000000000000000:OKDOT:OKMYTH
14fzihQpWs7uA6ejSM8xJ6MJozC7GMUkfLK7VsyB3EJT1QUo:12000000000000000000:OKDOT:OKMYTH
14HkgLtDKhp6RFhtCfUkKEKRaZsK7yXEzZDEBnUkEwtW4qD9:12000000000000000000:OKDOT:OKMYTH
14wAZkttvfGXNAs7LMBi51NCnP7CVCqikoazwT9wMiYDoRDr:12000000000000000000:OKDOT:OKMYTH
15wEZ4Z7xpWsXXtbq5FhTRdVBao9vhZrEkuXXKAE5NS7SfEi:12000000000000000000:OKDOT:OKMYTH
13Y2vbtkEAaGY7bgiQ5ZFWpU35rxGNwLDwRBJD8fEAvcuSQd:12000000000000000000:OKDOT:OKMYTH
13VN1Gk32RsVpyuBuSPoEvgYEtZ5pjN63CQNrKexocZyQhGf:12000000000000000000:OKDOT:OKMYTH
15gD9ZrS43YWVAKgmYmXMvKASXAtiMNLCiakLd7cmKtcLbXk:12000000000000000000:OKDOT:OKMYTH
166tSSrzAa15EHdTPFDQrxW2UP49QuAs8VwXriiuPDdhpMxq:12000000000000000000:OKDOT:OKMYTH
15TH1LYSEzv917fgpNAPyjfCffv1H1uhz8ct6xheEAhQxpVD:12000000000000000000:OKDOT:OKMYTH
13VpV7dUYjiBspjQe5NCxyjmxLUQVAzpLVSvKpiV6Ap3PdMN:12000000000000000000:OKDOT:OKMYTH
12uYBZuPeiHSdhcQrxsbQW4AtP58f7RMJQbzYrRoxvzSU8SH:12000000000000000000:OKDOT:OKMYTH
14F4s8w3PwaqMXpsYeX1vFmmhBQUFLEvjokkAJp7znXCe6pA:12000000000000000000:OKDOT:OKMYTH
1nqMWmBGju6f5wDyMvk9yGCuKxXu8KqmqSAaYhXXvGjbymQ:12000000000000000000:OKDOT:OKMYTH
14abEypskH4BrGTexpynvD93yUan7crL732mbRep1tdb3uJ1:12000000000000000000:OKDOT:OKMYTH
15hDqUf99F2rGBbMYoPUsT3FPwe33CmvazDRS5aLUYn9AAcQ:12000000000000000000:OKDOT:OKMYTH
16mnntp6Po1nJ5jnsP6C775WScr9WCUfj98vjrutgE7xLqHy:12000000000000000000:OKDOT:OKMYTH
12WMZsbpad53qATgGUKd64t7VrmE5eGKzSLQcZxTvRoo4S2w:12000000000000000000:OKDOT:OKMYTH
1P6mfoQZajKjQysBZNcPTaLWpKRaLtVFBfmwtRorTWTBjCJ:12000000000000000000:OKDOT:OKMYTH
13PsTPnJGA2z3FrC5NDooctFpUF7PQFJgXWbSpPa2eHdYjYc:12000000000000000000:OKDOT:OKMYTH
14UH77cbrpTMBNwpUBPJ8J4VGj1VpCF1Vhb7QZ7DGuZKbC6D:12000000000000000000:OKDOT:OKMYTH
14Um2Qt2Zj7CD54j8SZXMfG9hja319uUrMcWmsJh5NoTXj5B:12000000000000000000:OKDOT:OKMYTH
147fMEWzSU6LC4LP86mUiuyozmKav7HbJCaVFSXuXaYi7kyY:12000000000000000000:OKDOT:OKMYTH
14soQqxDRtiKFitZz6cwRheET6oPb9toxotAVr3abhdZdVh4:12000000000000000000:OKDOT:OKMYTH
122Y22SVynCYnc7TeH1GftXvdcnjXTSvfXyvEtvFBJcS9T6s:12000000000000000000:OKDOT:OKMYTH
15Mh7anW1j7pE3CvMW1BWA793rmyPj4GP8koKkPw66ZvZ2Nr:12000000000000000000:OKDOT:OKMYTH
12UVdVRi2fgUUcewVUzqDsGSMqbXrkUoFzWDexDTv3PuM67r:12000000000000000000:OKDOT:OKMYTH
15kribBsR4MxWY3E2zYvqd8yw77UrX9swoNjpU4QhhjXNyso:12000000000000000000:OKDOT:OKMYTH
12yqXU5m5nJ5xtaApQjVnThrQhCz8mtSDMh7H6mHvqC66CRc:12000000000000000000:OKDOT:OKMYTH
1QAQkKmmCXWNejdRAaGuQvpxmcpoz6CQm9KoFCJ2pKJgJbB:12000000000000000000:OKDOT:OKMYTH
13hVAhpjrpogtXcnzMazXRRq5Pd9f4Z77UuwR6S85voUaKui:12000000000000000000:OKDOT:OKMYTH
12wtoGt1cNAYo332xCGAuNphQyVRvfc3rEa9jShawsrjVa1b:12000000000000000000:OKDOT:OKMYTH
1vBBf2pqeH5gzFTqRM2JBUgdYQnhD6dPAjHVCrT6CUgo9Pu:12000000000000000000:OKDOT:OKMYTH
14hitMwbTY99H7cH3Mcs8ucE7p5JKg23Htdrk65MNCnrbVHm:12000000000000000000:OKDOT:OKMYTH
1eShWYhjcPESmMTMYVS3F2M47bwjjxR3gFoVyf8RtEuhnaU:12000000000000000000:OKDOT:OKMYTH
162eDQgYtDyZdnJe8ZTPkKXFiLdgmBtGQz4XbB7sKKZkqzH7:12000000000000000000:OKDOT:OKMYTH
14eMDHxyydHMEFqYAi8EnWpZ6eHhvd1o7kAcBkjKaVShgFGD:12000000000000000000:OKDOT:OKMYTH
15cwYR3xdJG5bsxgY98LaqS2FtcXMRaVDFgE7VE5QoTz8Nmi:12000000000000000000:OKDOT:OKMYTH
14fN9EhhUQYJiBy55yWUT8atjufwALggp2u6XMpXvPJhj9gt:12000000000000000000:OKDOT:OKMYTH
15QDwi2Sy5r1ihURQYp6WZ6G4NGiJfn2FtntyKzBr9RKRAeG:12000000000000000000:OKDOT:OKMYTH
14okoqb61eSbL3c7CM7889cGEWgbkJYXSegPDrwsHzF1tdet:12000000000000000000:OKDOT:OKMYTH
13k6fHxLyAvAt5ESw29XfiZ2pF95sH4xGy58mWTn6JebWeFG:12000000000000000000:OKDOT:OKMYTH
14PaZs6DQVKo29YQ6UTkxJDo7EJ7P9VbcG9FN2PdxEoh4bSE:12000000000000000000:OKDOT:OKMYTH
15vStqhUK6PtrJbkcEdBjbLu56pdA6T8nc4Sscnivin1gi9i:12000000000000000000:OKDOT:OKMYTH
12ZNUshMUyFuUH4qDs1Djo3Wh6QhMrzgENDZ4FGxrmjpbnsK:12000000000000000000:OKDOT:OKMYTH
13Uk9F4C8MP6Zz4nT6N3WLmEP387XiYNmH4JXEtrVpsjMU24:12000000000000000000:OKDOT:OKMYTH
1wAfo95g6va6G5EYsyMjCmouq4oW6xRw797TMtB9YUuS6P5:12000000000000000000:OKDOT:OKMYTH
16H4aPDDfb1cv4mJ1wAu3Tf7UnUYREvqkchRqr5UixHGe24V:12000000000000000000:OKDOT:OKMYTH
16kTec87EqpF6ExVcpZBYh8njHQQ1V9roEk6SvJA2MUhY1tv:12000000000000000000:OKDOT:OKMYTH
14qA4igh9gCghGZSKftYLESmQseASohbpfkffzti8qNMQT5u:12000000000000000000:OKDOT:OKMYTH
14F3iQQhR9QWR1rjcYNrFnfGYLJuAKQZGXbj6Vqy7sbLPamo:12000000000000000000:OKDOT:OKMYTH
12nvHuFhrMGPh1q14dGTDeYDJPdbuHQFbzJy69xvyaS66XT7:12000000000000000000:OKDOT:OKMYTH
13Q7kfmofaz2aFmGrEdnXsu6KQUtpidCCNihgaLzyx7Qy76S:12000000000000000000:OKDOT:OKMYTH
159zpi8SdYZkTQKXVhJm3BT1HDsUh5Re39SSf48UCuzgGZbV:12000000000000000000:OKDOT:OKMYTH
16UmQjekFqrWVeKreaNoMmbfoZyzgzFM1yv7Npz8NYZVPa19:12000000000000000000:OKDOT:OKMYTH
12g3amXY3Mb1wwX8jLj4Ng3tSeu3zVmh8ozp5mU6ZBwCd1fj:12000000000000000000:OKDOT:OKMYTH
15BsUaTzuY13Dy8kY4rLPJ4RGFsmNYaW7soK3jPARRBmhMsH:12000000000000000000:OKDOT:OKMYTH
13mGbGZgfyanGpqn9zEja17qWkWnLy5auM9oG1V1S7ipQoKC:12000000000000000000:OKDOT:OKMYTH
13Kb3ZoZBoHpGeNJsAa71AaJdyF6qUqQHBttkKRgTzrGqyWJ:12000000000000000000:OKDOT:OKMYTH
13mqYa4K3GUmpeKi5PGQQgiqVwmimkTJX6LvvjHWij8sS71W:12000000000000000000:OKDOT:OKMYTH
15k29jsbxL51KaSkBtb59ktsLxNutXneqoAhGEq72CNpmbUn:12000000000000000000:OKDOT:OKMYTH
1DrvkwgpRAVPKNnuv4JPusQn1BPjuxSr2jP4G4153pa5QSK:12000000000000000000:OKDOT:OKMYTH
13S5SNWzU1vipeG8AGjLbvTggW5Atk9M2SF4CsRWjizNVVsM:12000000000000000000:OKDOT:OKMYTH
13fvyKCPYmGg53Sg1DQRWmY8sovc3suTv8oJWmPR9ZL8zHHQ:12000000000000000000:OKDOT:OKMYTH
16DvFVNmf9jNRDJ5prSqnbPt4NvxoDDZgEKgwNw2wQsooJym:12000000000000000000:OKDOT:OKMYTH
15WqbFfpa6cdLJZzFrSuRByNj8LY2Z2cBB1AwhQjaQZbUvfY:12000000000000000000:OKDOT:OKMYTH
12X2sZjXZ4oHSuB7vQMi5ow37ohVzjEeZ7fVRxMPpoYc7TeG:12000000000000000000:OKDOT:OKMYTH
148qyFhqQsBzF7SJ3j3uBQkcAo4cY1hVeehfKobLQkasYyRx:12000000000000000000:OKDOT:OKMYTH
12taf9YqUy2FHG1wUJojxTerDEwgJ68M9qsUXmeHN8RpcZHU:12000000000000000000:OKDOT:OKMYTH
15uEHEFRBZCULVx8XBC8WYfeDKGEwjDzTHGK7gr1VhmC79ve:12000000000000000000:OKDOT:OKMYTH
13oVScvtyQqzSjQHhAVg8RVD68Ct4nWVYNinex6EXiWsnDi:12000000000000000000:OKDOT:OKMYTH
12jkM2ABvjNeaqeabYrV24BMQuF1fUqv9Zdk3Svqmj5tfV9F:12000000000000000000:OKDOT:OKMYTH
1wezCwCbAbiKJrT5dRYsczmRtxPvnPHuk3B5FC1vw6jumwK:12000000000000000000:OKDOT:OKMYTH
1yfYJQJVv6UnS6b67LWp9yhzuoZz4c9wShLu5LCXEopxUnh:12000000000000000000:OKDOT:OKMYTH
1yKu69FV75KpnFKsbQhPC69h2PC2YLZeP2uEm4vZrur541k:12000000000000000000:OKDOT:OKMYTH
14D12G9scvtYjhJVAXc5vphZroxNWonRxPvmq65YLzidbbx9:12000000000000000000:OKDOT:OKMYTH
1657y99dXLeyH4uXvssWkyRAfkSDQzfUyJPfzRrbhweHWZm6:12000000000000000000:OKDOT:OKMYTH
13q92NN33cM4LrzEPcT1tEfYRTtA8Ttvjqfs4PQiQ9srvdXD:12000000000000000000:OKDOT:OKMYTH
13aSz2Afqtib4RiBw1DnJ8dh4FEnSvixz6bXVAwr8ZmU8QwQ:12000000000000000000:OKDOT:OKMYTH
1JAmuuGyhf9EnQ6YG2zYBrDCAwL4mL9jqSzsdg5JNmKkM4E:12000000000000000000:OKDOT:OKMYTH
14LsjgxaL3DYtiojKRUtptcCxsdRACMBZZTdG7Hic6iPt3UN:12000000000000000000:OKDOT:OKMYTH
16X4cJwEnWoqv71AJMHSD1rCrg4Na2YsDQX2x3gCK7JSdWXF:12000000000000000000:OKDOT:OKMYTH
1mfM2FQiAAsCjigN47wtdP6fsXPEE797JzThA2HvHDXT2uC:12000000000000000000:OKDOT:OKMYTH
13yeXdYM8N2rXEo9Xik1TGBuFnCs5ZyW7G4kfvmGyLVeBmfA:12000000000000000000:OKDOT:OKMYTH
13ZHGnoTCYcM5p6Qimwt6meQqHovcoRa26aEhxzHCG3F5jUU:12000000000000000000:OKDOT:OKMYTH
16aLJfCTzMAzGaDn9xoQhCYwvdjn1WtVf3XVVwDqCDeYTkV8:12000000000000000000:OKDOT:OKMYTH
14CtkNQCTHwoY1LxBAePP7yQpJMTQwTaP4M34AJVj68EL9SJ:12000000000000000000:OKDOT:OKMYTH
14fnr4P4W2VEE8rbk97XYJX7c7RXf1dFXKr383UbmoxY5eSR:12000000000000000000:OKDOT:OKMYTH
13knnPCRC6tA4mkMbxhM5wEya6rRgjrCHgE6UcDL14RqXzvC:12000000000000000000:OKDOT:OKMYTH
14FTpUUTqdu3Yto1UJHVNXVfmFmf5CKZoyyqVTWDkGUsPhj4:12000000000000000000:OKDOT:OKMYTH
15s6kKaTWDbgv5dkh3Rr5pq6wKKii8jCmbzVJgGVoLQP99YK:12000000000000000000:OKDOT:OKMYTH
1kt6egkyjo8DmDmuZyj6b3RaR3Hpgnt9mpM2C5D5ETkovF3:12000000000000000000:OKDOT:OKMYTH
13HRQQDWaz6QZMX4ue1qihAXhUMRCwgJnP4okrVzD7pyZQG3:12000000000000000000:OKDOT:OKMYTH
1Miais7Uu8kiyizdtEFB3URD9pD4Wx9BWjMSnuHttXzaBa8:12000000000000000000:OKDOT:OKMYTH
14U6GxeMwQKtyi9zPmCYaCPacoY7dqgwCtpU1kVEZkAh7CWu:12000000000000000000:OKDOT:OKMYTH
16hhZkSFEevcLpnvJ9knCjnivzqa2AH1PwHsKmuXLDJ2b1gc:12000000000000000000:OKDOT:OKMYTH
16YH3EPE6o4chuiEnJdcjP73V61PHKhjAgGKZSNSrJjNMw77:12000000000000000000:OKDOT:OKMYTH
138uWdv3AxvFJrperkE2M3XPgDPM7SCdii98zP9iQuUm2jjk:12000000000000000000:OKDOT:OKMYTH
13GHACE6qcgwXC8aySRHJQ4ZTR8MwsxjEFsoHRRbe7w9STS7:12000000000000000000:OKDOT:OKMYTH
14W4cEGc6Xk3oMw29NbsbMkUHgoRZQpWPoBw8bJkD4PW9YMf:12000000000000000000:OKDOT:OKMYTH
164VLQVPjEHvh9J1Sx1rARnPRpWy5YNT8oKaU4zKwwqLcWKP:12000000000000000000:OKDOT:OKMYTH
16ZQuVMLiU3bJwmG5HaviwXMn44pvbYzWifavmD9LwFgx2Xf:12000000000000000000:OKDOT:OKMYTH
14yniLQtV25y1yjYgJQLQ2fxMfD78k73JwNUkPvWzceshVAq:12000000000000000000:OKDOT:OKMYTH
15SfayMUeDet62Sj5HhmPbUFGw62wwsYtdpcpdrzzSx11ywL:12000000000000000000:OKDOT:OKMYTH
134zrc9UWSPmaReWdurGbPsnUPZvxbyW1cJCkRJEU5fUAJ5S:12000000000000000000:OKDOT:OKMYTH
1D1EzdskdV2nM4457NDE6zLZUzuYJfQX9R6hopZgND5N8Np:12000000000000000000:OKDOT:OKMYTH
1oxHKerrWGxLGpbc5eowVPqVdo4TdiPhn5pDdCWS6uL2q4c:12000000000000000000:OKDOT:OKMYTH
13YCqzdbNvbdXD5hAdnZ7kSMCjPUex18KyJVGL93XTMsV7ZS:12000000000000000000:OKDOT:OKMYTH
1poQ6WSiUHr1J6EePpq4878f7EUHbjYuz9bcUYLRpwMd5CG:12000000000000000000:OKDOT:OKMYTH
14SxPZh1Bwb5va1wFMx2tiNfPnFY75eW1voHJhY58fafnG7t:12000000000000000000:OKDOT:OKMYTH
14bCX1zM61zkaAW3VG9xj8UjSwnTzuJPuEoncZR7DbAdhxwz:12000000000000000000:OKDOT:OKMYTH
1ErqJHgcN5XdSaev23KMJHoU1ZnMdjoV7drRwbyPfMCGK6Y:12000000000000000000:OKDOT:OKMYTH
126T7K9NzRKjNjVqJW1oBKFZPbPwSKnw9K2qMmt2Fnw2JpDz:12000000000000000000:OKDOT:OKMYTH
13H1memaSGGKmYLBvgmPru2pYiYtPYpEKAzbvpDCkZ7QSx7R:12000000000000000000:OKDOT:OKMYTH
166icN9WAaNeDjNSSxfra7n7E4ctao6xyE8hMzvcvCoFRTqD:12000000000000000000:OKDOT:OKMYTH
15TGpxWhkQ558cR3JDJARe1AiCiGAZW3ixLaRSmc2RNc5dri:12000000000000000000:OKDOT:OKMYTH
16T1NVSpqFDYgdgG4acJVjh4rWqf2324CPUfQMK9N5wh7m73:12000000000000000000:OKDOT:OKMYTH
14co9YMt4pqGuYDo5p2Yckdf3KP88tS8THpW6itszkX1qh8J:12000000000000000000:OKDOT:OKMYTH
12jpzWxk6Va6Fbq7bVS1aATz6gjQk2jxY4gvLz2ywVT8h3yb:12000000000000000000:OKDOT:OKMYTH
16g14n6pkJw43LEf3ta5ZjBxUqT93VfLS1bGDp4SHFDonxdn:12000000000000000000:OKDOT:OKMYTH
15y2Nb598vbzQwusqyP9nBXoD5eboAeboFdBBnM9UCj8VT7r:12000000000000000000:OKDOT:OKMYTH
142uXSoDocSgJTvxeUVZ3UWhVZCioASHqqQnfjhRR6y8mVpK:12000000000000000000:OKDOT:OKMYTH
14chFABpXt9GDvYgKsBseykKvfZFvS9XK1jXfmcaB28oJqmX:12000000000000000000:OKDOT:OKMYTH
13od6AcxjCNuHu22Sp8icJGU4zqLkQL2pFovbWd7Whsj9onm:12000000000000000000:OKDOT:OKMYTH
1WEYF6W3nMGstpRYtEwiRgaWMu7oU3hwmA1ZtGNSqsncAd1:12000000000000000000:OKDOT:OKMYTH
13NCLd3foNpsv1huPDzvvfyKh37NEEkGFotZnP52CTR98YFJ:236000000000000000000:OKDOT:OKMYTH
