12RTGYbMy7fk4e87ByrYLrqxh9KVSUCio8ioHxoBvGPtEVgB:12000000000000000000:OKDOT:OKMYTH
14M4vrLP9gMA3K5q1fHpfunRPA9zbu56q43MgUUQb7jBJJ2D:12000000000000000000:OKDOT:OKMYTH
15kaSfVjcTiMngyPx8UG7XUWLfydthkB3N18LpRP3cut1sRa:12000000000000000000:OKDOT:OKMYTH
14de7ZBhXyhori88Fu4i41bXukJ7LKsQb32eHKAy5yUbzu4E:12000000000000000000:OKDOT:OKMYTH
12p5jJmCRmdxKe6zyUkxdnBxYMd2dMrTrGgG8KTpQ4WPt52o:12000000000000000000:OKDOT:OKMYTH
13AyucHVHw1XG4QM74bkxcrYDBuXYAMZjwHY8xnDGG8r4Afw:12000000000000000000:OKDOT:OKMYTH
1H9YZEoQth6pVZF7dAHkWD9w677ikso2PTMp6VheM5jZsJc:12000000000000000000:OKDOT:OKMYTH
16RG3t4DKjwZiiHTUJf4AifN1f1XPn5KwL1n5s3yzP4KGPEx:12000000000000000000:OKDOT:OKMYTH
13Vc3v147iNPEciN1idTy5VaA8d13KLw8dyvVuAPtKEnNrvr:12000000000000000000:OKDOT:OKMYTH
1DxrHWuA6k6Cb6oZqmAvYb5a8PsXSRxLagNFjyL7GwvG7n2:12000000000000000000:OKDOT:OKMYTH
15EArFGPWXBL2mD1xM5T9cfbFYXM5nLLUUXmQQqgWKBaGjrU:12000000000000000000:OKDOT:OKMYTH
146uvHFshAFU1Ujyow48zQ9Z7iZyeHzVsrXv4NH3pBTFuKPu:12000000000000000000:OKDOT:OKMYTH
15TheveQzn6Lz2gWk7jTSadr1P5j5ieR681wDUMyfBbkjxtu:12000000000000000000:OKDOT:OKMYTH
1571pipLymez1M2uqZJSrtfYQ9nKrzzAva7bA8xfdNDFskJB:12000000000000000000:OKDOT:OKMYTH
14R2NMsPk7ovVbbnZEftpV2YCMN1YzpbJSUwNv2Q8ieiLoYo:12000000000000000000:OKDOT:OKMYTH
145V31NEqtj2TrUAE3gPynLJXFV78Dg1wdUW6XF7LXNXgFD6:12000000000000000000:OKDOT:OKMYTH
12vHR3j6rQ6rKmot3myBeHwSUYmevy4SdDPKLB6DNRrcTv5p:12000000000000000000:OKDOT:OKMYTH
16XwhWMDMrvy4mSRj6qPtvVhC2nhfrJEqGMyZX49hk6v9BP9:12000000000000000000:OKDOT:OKMYTH
13ew69yeo5GqJsJpPyEFyzV2iY5WHUCVEah2VhZyo3svgbiT:12000000000000000000:OKDOT:OKMYTH
15EVakcGZxuUPPwQJTp8urnZN4ffEjJboZcbMKx21dfa5wUg:12000000000000000000:OKDOT:OKMYTH
13gn7KZwRfbRPfSbzAiiqq1KWdtKDjEEeLtJQjC3TqNdsHB6:12000000000000000000:OKDOT:OKMYTH
13bQ5rmPhxuahZvmCRHW5U7Kj4uhZbnL86RjAdXE9gn3rDvp:12000000000000000000:OKDOT:OKMYTH
1gb1X8mgghH1w4tGhFMsUdrvGoFEMpZ51QSsMxv3gNEQXDY:12000000000000000000:OKDOT:OKMYTH
16LytGT4BeQLvDqEyVrx3jwJKETGPqiMWPMnza5FNRmzNNpd:12000000000000000000:OKDOT:OKMYTH
12TzydVrmrnyt9dv95XmjRinh7WsmMUxEhVfXPMESpVywoy1:12000000000000000000:OKDOT:OKMYTH
157Tuses3nU41RRMgh7z7rhKQbcdiwFvAcFgzLSWUcxG7io1:12000000000000000000:OKDOT:OKMYTH
1UjrBBmsZoTwUwEnAeeQNnM76yLu3LoBMULH84WmfsMqeCu:12000000000000000000:OKDOT:OKMYTH
12or5UULHeDCAH63NAC9Nx5PZqTQLkt4sHTV8atVhnQ9dvg7:12000000000000000000:OKDOT:OKMYTH
12rgGeAvW2xffaHDMa3WEboHm1preCSeGc3KLxyA8ZWMH3hv:12000000000000000000:OKDOT:OKMYTH
12kWGA2QVbUxyPLYmw2qoKvrTTAjuR3cDJYstjCXS8iQRZgW:12000000000000000000:OKDOT:OKMYTH
1CZweCGzokvTrxt6pECYyvUPuA7nGYHXE2Z7zp16WoGVktc:12000000000000000000:OKDOT:OKMYTH
165LBDEu1W9Fo9jtmc4kgwoo2ccVEdULYscHj7PDDdxfN3b4:12000000000000000000:OKDOT:OKMYTH
12481976Kx2DsC7tDk6veD66tJf2DyZjS7kaBfAbfqyE13Ns:12000000000000000000:OKDOT:OKMYTH
144U688pbh5uRVJCW9VP9eH3hV9N3wi4714AboKxbfHkQkoX:12000000000000000000:OKDOT:OKMYTH
15Cb2c9VmigZHvierEzjBCp6Tkh6K6J3VQXeed1EaMECLcCV:12000000000000000000:OKDOT:OKMYTH
14WJrFFQ7nqnagoRJhR318WCUtgs6JnRwtckYPmBz23WZNdg:12000000000000000000:OKDOT:OKMYTH
14pLSGjwWU3NwTfGijVbA3d1PuVCMX9hE6cynKXLdy8cQ9SM:12000000000000000000:OKDOT:OKMYTH
166GnEu9Rm8BgQvF8pWXM41SScknbToCgPoS1iAZ9Z8oo1bH:12000000000000000000:OKDOT:OKMYTH
17L2wSzqCWMT41K8SM8XCSA44okLNvQoyEkMxeWsmPAuYrw:12000000000000000000:OKDOT:OKMYTH
13FvRjndEquBKB6EmG5Gmmbo4yh7EqgW9FyvSaBwmxtsQzC3:12000000000000000000:OKDOT:OKMYTH
13XeL3axMzvx4ji67w5xc1xf1mYh1puqZMpzVFx357asvwBE:12000000000000000000:OKDOT:OKMYTH
16LxeqXEwkGXUaMnAb7EiX7Gq8jiCQJQCeGBR8srBaJayhR9:12000000000000000000:OKDOT:OKMYTH
12qNK7UhtdQnzFeh7FbRxrsW2BxSLafx6jjKKJqFBJejLN2:12000000000000000000:OKDOT:OKMYTH
12Caj7ataDz1VbzCYhtcK13eRXt4hFcJJEnwiSzFMg7K8Lta:12000000000000000000:OKDOT:OKMYTH
13XA4rM35BZSEQkmKyhuPdhr7r55oucF8xirn9atYy3Vw4tY:12000000000000000000:OKDOT:OKMYTH
134fsAW2tQwAGTFakQJ7D8unmtoo6nT86Vza4D6XGqp1mkhg:12000000000000000000:OKDOT:OKMYTH
137WBfHoz753c4ByB5qExGQuVCVsArzHwURfeqG88V2aSHjm:12000000000000000000:OKDOT:OKMYTH
13jAJG4Thg5W1ftYs6QH62ojbuY9FrTEd4gTreGzKULAr4ja:12000000000000000000:OKDOT:OKMYTH
129mzEp4MLhnGhP5aV7THsxfYidZd9km8Rb9mqiGocPrTRMm:12000000000000000000:OKDOT:OKMYTH
13UVJyLnbVp8c4FQeiGVxyVvdxccTi2ccFYSxHJshcsYojFL:12000000000000000000:OKDOT:OKMYTH
12SVEKKRK2S4ac3D8gLCs1GfHxnBpHYBqoZv8NbWsnSN5LVJ:12000000000000000000:OKDOT:OKMYTH
12vHrFFvf4d32qX5EP5psYGfToNQYKkpa5wqp79QkqGaEX6M:12000000000000000000:OKDOT:OKMYTH
1eceZHLYZHxPeVzYA1DJNKMBJNE84NVhkDkhr33y2XW1JKk:12000000000000000000:OKDOT:OKMYTH
14UyFKWAKiPLYs36Va8hwWySuW3cyoukLmGeqfWXsvxWFFjy:12000000000000000000:OKDOT:OKMYTH
13488vErP8PKoyd91nT8qa4owzkrrGnjv9jaNJUi2kEhmGHF:12000000000000000000:OKDOT:OKMYTH
141s7wtThUZSnPXbXQA2n5r2sWaeFQpM9oVAfL72Y3ouPnha:12000000000000000000:OKDOT:OKMYTH
15EVYf6RejbxiSoLn7eMnchTDqh55c7q8QCa6FvU4YaCn1gT:12000000000000000000:OKDOT:OKMYTH
1haHsRuCUCkbkPRmSrnfP8ps6cTaR2b5JCU5uNPUbxsVPbf:12000000000000000000:OKDOT:OKMYTH
146mUQPZeEBcANt626dFTCz8cvEBGA3cm3fhhgdohjbt43FV:12000000000000000000:OKDOT:OKMYTH
16kwyaUqAXkqm6R3s5gDHVsPdFVaak8AFX15c83jDVSnbURn:12000000000000000000:OKDOT:OKMYTH
12jEC2NMNTza7LGcwqj9JKpfztLZeejeymoTQZdmtqJ4GtyS:12000000000000000000:OKDOT:OKMYTH
13kEGkuwMEwfwD1Vifu5TqYLvLYF85tMbjySVPVRttdTbYsD:12000000000000000000:OKDOT:OKMYTH
12bfp8PN8Ljh2GD8SoSm8TmNFC49HQJuHpEpZEujvhPbWXPM:12000000000000000000:OKDOT:OKMYTH
13qEjhfoEXBRhxxWgqmQBqNTtmh2bYPXPDvhJFP2J8JFGJyM:12000000000000000000:OKDOT:OKMYTH
14rttSh4akZ9ggu7HLhu2CMu1KWEhKwzZiahBPzue8qJ3UoQ:12000000000000000000:OKDOT:OKMYTH
12u9a9USLiEu6YdDZLRShPBay42vt9LTxqVraz7dr7aqX4zd:12000000000000000000:OKDOT:OKMYTH
1mfX57Qhv8aNDNSUcAW6SWg5iDAQktFojmaWjqYqgP7pHCA:12000000000000000000:OKDOT:OKMYTH
16eactsZVTeN8mziyF8KhvcSfqV7V7aQ5ZZBHP3jHcneoECM:12000000000000000000:OKDOT:OKMYTH
1CDfBJUps2d2XShn7gN7qboaVppbWNqY78VUE9ykRh2TZbr:12000000000000000000:OKDOT:OKMYTH
15pndqzDQG5h9YWjMWaigEwLBnKUE8uU6eiL6YUnbDm9u5BS:12000000000000000000:OKDOT:OKMYTH
1vy43JALzdXhXNJeApDipJjuCTRwSFz63g6PaNeEbfLTSkH:12000000000000000000:OKDOT:OKMYTH
14GYB2ZPkcHPcbuSyPLEBHX69LzoqADNXc7xoVeLG5RncXo8:12000000000000000000:OKDOT:OKMYTH
14HPpHitnmJXrx5cyxUUd5ridTwRfY6m2PaWU5uUDLdFfwDm:12000000000000000000:OKDOT:OKMYTH
15tLinRKxb3bLgZj6EfDzskUQbbbWce8ZSq9t2wBh9Q8EajM:12000000000000000000:OKDOT:OKMYTH
14ebFUrvUaJLstit3YXVXNbfjBRwKVY59ZT28R98hp2DuvyL:12000000000000000000:OKDOT:OKMYTH
13fnXQK9MwJ2VV7a1NzNWRmyUUHFd8b2gAqX7huBN4wvo3C3:12000000000000000000:OKDOT:OKMYTH
15Bh48i1gpSSp7qYNkH6QW5VjrSCPAtgDwEkvUAG4YYUMtsc:12000000000000000000:OKDOT:OKMYTH
14hRjP2s7aMnqL2A7om62YbCzLqehgRbQt858EcU1zng47CJ:12000000000000000000:OKDOT:OKMYTH
16LokHHYPSar1HnHdcKvU32xK5kDdaXJy4foWy52UuqezR5X:12000000000000000000:OKDOT:OKMYTH
136cKRy2E3uqYeNuntXTi8sCDkHgstPUG8CoMfPf1gvFgrUn:12000000000000000000:OKDOT:OKMYTH
13JJbSJLhUKKjZE1YZFsonz49Uc22ppJCX2KmPrkaiCEg4B8:12000000000000000000:OKDOT:OKMYTH
12DmyUaio2H4fkMvC8yVtcBzXbx4BcnfL3ZhEjEpwfJLssb6:12000000000000000000:OKDOT:OKMYTH
13jn9UT1G65wQPFfA4A8uP7NMk3DkkWgbZwoB8VKf6M1bkHD:12000000000000000000:OKDOT:OKMYTH
153X1BM5Ut9Gkw4uHk9HiCZRCmWKdL18EGKEYbGj3CfPR68T:12000000000000000000:OKDOT:OKMYTH
15uAP96bbTQik99qXhPry8kyes8oArKJougvXPCXb4HRyN7n:12000000000000000000:OKDOT:OKMYTH
13hDF9rxgMau3BVaFuEgFHy5uyNXPjRwTjdVeYptU69tYeT1:12000000000000000000:OKDOT:OKMYTH
15itWvhJhnAGByQwKu5m87WcbBz3abiD42LmLXreNsCjkAih:12000000000000000000:OKDOT:OKMYTH
14ihQYg2ZDBVAdZCzxfLxa8zu6pJ1AwTQ3hEQUCKFo7Zdq5R:12000000000000000000:OKDOT:OKMYTH
153bs7r24bC2Pdhouz2LPVj3FmJdYbGumCLg6QGevnPN96L3:12000000000000000000:OKDOT:OKMYTH
14nsUVFUkV6zgMCeeNE1gvnzRtZvehxEudpkLdDf12Qo7fpa:12000000000000000000:OKDOT:OKMYTH
1yd32awZsheQLDnrtPcRFE4p4zy18sBz4LykoHGYjJUU7r2:12000000000000000000:OKDOT:OKMYTH
1wztDYMbDcC3MMshGTs93cuZwu7fMMNfEpNs83fPQjxetmW:12000000000000000000:OKDOT:OKMYTH
14fmrGRsXf7F1NGX6WUDPEzthKi8YD7NzeMP3LSgTAcobKVd:12000000000000000000:OKDOT:OKMYTH
135eFJpgMneNZ9d62QcE4nRUStYg6RtVHSnZYqDbNfnv5SYQ:12000000000000000000:OKDOT:OKMYTH
14TN2f5PYPxsFNa1itwKZJRK39317M1tbGr6EGztSZiQ1AJt:12000000000000000000:OKDOT:OKMYTH
14UWC4RVxyYkpUuB81cNUCLTMBu6got2X6dK4HJpVpHREsp4:12000000000000000000:OKDOT:OKMYTH
16ZenWhg1iAUqScqSns7JFBHgmwF125TXG2CvdiDeeeXi8TM:12000000000000000000:OKDOT:OKMYTH
13a3rTc8VhkbDNAnqSf4D2emGXWYuKchcGSodtNi8boQcCtZ:12000000000000000000:OKDOT:OKMYTH
12riCJq2XAvN7xomUFDwzG5zGLz4wtDTeeihFv7HfPsdk2KQ:12000000000000000000:OKDOT:OKMYTH
16VcZnVXBoMFgWoaqwTxh82bdmhc9p9Kh6mJy8UTRGvDr4NF:12000000000000000000:OKDOT:OKMYTH
167TZGiquNpW71zSGEpiktDquz8wCFGxy4iezVEAcr1NPAi9:12000000000000000000:OKDOT:OKMYTH
16FurVL8xfXFAJypUXVEDJtqSx7poxTzboPRrx1CirEwBDxt:12000000000000000000:OKDOT:OKMYTH
15ybyDPiFnqzQrBdTXwgaw1UmF1RyQSQvGbcy7rfiiGWB3z3:12000000000000000000:OKDOT:OKMYTH
12UAy6EZEg7vcgftFHQmrLMtCKEpkbgQGeoH5d51fQtLwaM8:12000000000000000000:OKDOT:OKMYTH
13V7GjSR4kdS2frV8wL7FZs8Cpz4b5PC9cySDKGgYA7f3mes:12000000000000000000:OKDOT:OKMYTH
14pc1UBKAaHpChgHKz2ec2ZRb9iqduXi6dZ75BHP1auGFQne:12000000000000000000:OKDOT:OKMYTH
1YUfxNmqehuhypVbidMH8xFCQpWiY532Pg18YqetxndkuYW:12000000000000000000:OKDOT:OKMYTH
12cXmtoxW8p3RG6LCLCz7q4ErQw9yZxFwvAW8KMqQV4PkTJF:12000000000000000000:OKDOT:OKMYTH
14JnpzUv9MUs6bYog6hy9a5KUE2eBG1TzYGowW8m3jVvaDSW:12000000000000000000:OKDOT:OKMYTH
14mtU6CVjuhhWpVZJgW6WPjJR92SSvn41Y5fN8EjmdBjaBEj:12000000000000000000:OKDOT:OKMYTH
16TDpcJdfo5p1yugckNxD8Dps3LxkpEKU3XizJ45BfijrhBs:12000000000000000000:OKDOT:OKMYTH
14dycmDiQ4w84fRtkMkqAzdF2FbBYcL5vdHtYAqKyLE5PEYU:12000000000000000000:OKDOT:OKMYTH
13u8HCbRWTWVuNmmhqu4AQjQuC6kTUuW1vAvdNwE42LtpTK6:12000000000000000000:OKDOT:OKMYTH
14zbHayv2fq3ZpE5GGnJ4ivP2Mz4BBWdfp2CEn9kMXmQWAt5:12000000000000000000:OKDOT:OKMYTH
15iifqcewtACXcENAG6y6JZs4X7BKfWjZrYRwYqWPRqdNKyM:12000000000000000000:OKDOT:OKMYTH
15oSo1nXoPNNbsC8Vcf5PFBDSW2xfUKpcRTjkkuf7ex7KNsK:12000000000000000000:OKDOT:OKMYTH
12YgsZJoWSLd9P67t1hPrvZcg4kp3bAXmTJixfuSJ3o55PgK:12000000000000000000:OKDOT:OKMYTH
1322WVG3cKX8UkYL6Gcd6GDkqWsE3NDkX7zPktFCBfbFQhYE:12000000000000000000:OKDOT:OKMYTH
1KEEvvUqoFJSFtxHzrBKcTtkLJKEWfbdTo1KLwrCrBj4TBe:12000000000000000000:OKDOT:OKMYTH
13ocqNvcD2TShicS91USfdALUT2QBK2ggPkTvDGu6kdQVYKq:12000000000000000000:OKDOT:OKMYTH
1iBoxm2JDeTiC5iRxXhEHupKdS5xQCub3vAhJaL3pZ8k4QK:12000000000000000000:OKDOT:OKMYTH
122ioaZYC6offtavXqW5H7tiq2Z3ptDFzFies1eiuTnnNtSu:12000000000000000000:OKDOT:OKMYTH
14BrvMQZo4KvS28nKz4J5mZiyxBZ8FSTsCsfKZ5SjmmQToEn:12000000000000000000:OKDOT:OKMYTH
14dHwGkSAfv3njmUUNBYHvu7r6ysBabSSSgHzzoJ1FsULLWL:12000000000000000000:OKDOT:OKMYTH
14NAu8NMUUUSzNspmvpuMaaRGqM3FEn7zCm2rJwHYc3ZiM7w:12000000000000000000:OKDOT:OKMYTH
1D9B14aHF9DWbuLDtip6hkVWmm3ZSEGAN9eBaSCVfTeFtwR:12000000000000000000:OKDOT:OKMYTH
14dhNMio2ciJUBzScQNasocjSW4Qjj3cYoNyCjiGvkFNici:12000000000000000000:OKDOT:OKMYTH
16AMdVfhJ5pB4MeE5kyprbYy6UCs8xVADGqvMSdTDfeJ5Srd:12000000000000000000:OKDOT:OKMYTH
13Qz9fjSwy82Fxi8FkjPnpd8P86MjNLPETqdiW7u8fYfPvar:12000000000000000000:OKDOT:OKMYTH
15xb6kUkxksginJHDgdc2jgdQ4WGe9VGiAnmLfVKqekbRvqs:12000000000000000000:OKDOT:OKMYTH
14wHCL74sc66G1WUiWuttDEyzYc5mimgoRVz8JXQ1DirffbQ:12000000000000000000:OKDOT:OKMYTH
1PAYpEUhhkN7a64Y39e5rJ8X73QUXHmp7QwtJMQwvzYEYCF:12000000000000000000:OKDOT:OKMYTH
12N16FA2p3LDyxzMDviodNUFiJWXcK2Qmow6sU33DdZF4E4E:12000000000000000000:OKDOT:OKMYTH
1pEqFJWobXJfZjcSdqgWXS7r4oZ9EbG6sHhXt2HUYtVCkZw:12000000000000000000:OKDOT:OKMYTH
121GepKcmGyD1D4TQMk23ctHT5527M6Et1UzJgg9ZKpB9WSU:12000000000000000000:OKDOT:OKMYTH
1M2EYx5RgYhQiMz83dCaXhLiwwXDyCbCR5q9k4ZrJbmPKXK:12000000000000000000:OKDOT:OKMYTH
15Xh3Qs2mo1KubLQaB9ZZkHofFdFPdB9n68rgdcsASBaLbT3:12000000000000000000:OKDOT:OKMYTH
15MqZBq7MKFheEjNQ11Jq6PZAmwxBaEdBUWdxGV7Gc565EYa:12000000000000000000:OKDOT:OKMYTH
136w16F8xBsmLa4TemZ6ufoavWCqD2875SMRaAVsVucDLm4i:12000000000000000000:OKDOT:OKMYTH
15sMrVcTKyYmJgpwhcsJgXyDz3a1xqE7b1iMxxJvm9szi9Zx:12000000000000000000:OKDOT:OKMYTH
1c8bsd4ExUcdwjLMVswYafbRKgnH37u287GpJm7vwFeoJ1X:12000000000000000000:OKDOT:OKMYTH
1ibT2HLFtxwZJ1E9i6Qn8kwD3qQmufrZTJWex6QEenWUtnT:12000000000000000000:OKDOT:OKMYTH
14kyGMrqoZSRZ4BfPhFoALwgLirNszubhLRhSVYHTqqXLK3G:12000000000000000000:OKDOT:OKMYTH
1J9Kr74UPGhK6DXA3QzamMYvFVikUNjyp2wReMwcXATjB4z:12000000000000000000:OKDOT:OKMYTH
15bz8Eh3fHiARbF6Fx5W1YyG2UBsixe1bojrYyHUKCvbqGLS:12000000000000000000:OKDOT:OKMYTH
147yyNH8WpJQmnBwFXpUqpG1sstbj2jnuPWSb7HykrT2P2MJ:12000000000000000000:OKDOT:OKMYTH
12hZttGvaajVQPZBTcboRoea9NtWtE9kQm25wDs5VTyHmaPz:12000000000000000000:OKDOT:OKMYTH
16kBhkaMAMiMnYY43g7SPL13KZTpWYfJoWMCAYNw4Hp4BiCF:12000000000000000000:OKDOT:OKMYTH
13giTEhgfRBy32WFNqpxamtdCF4Tx65yFMBkfyVQud64BVxk:12000000000000000000:OKDOT:OKMYTH
13NNFz89ZK4rPAGR67hyKxR4pRo1cDETMg9aecf4i4qgoLte:12000000000000000000:OKDOT:OKMYTH
13j7XqL9UrG74zpYarGzyCjhy9DyAV92S36vqfcrS4aHKmh4:12000000000000000000:OKDOT:OKMYTH
16bqu2qsAoSwkk8A9rQkKwTUqRYMyZPTHghop8JWE97jQAtw:12000000000000000000:OKDOT:OKMYTH
16CjE3rzdEUxxfFRzPSvg8xbwxM7JVWx8jP5kBg4EhyzRUFE:12000000000000000000:OKDOT:OKMYTH
12ngSGA2GrvmdxuMfbyWdD89yoiPCdcQLxKZgfs3QMx7WHCW:12000000000000000000:OKDOT:OKMYTH
12AyHv8Ddp7eqqBeeNiPuXatBXANoMuSqpRJVQGk8wMKuZ5P:12000000000000000000:OKDOT:OKMYTH
13ocrK2sU2XwPVEMQTGURxg56JYw9Yby8K6qyXHNSQUQ5iFw:12000000000000000000:OKDOT:OKMYTH
12wbYiw3M7apWPhrEM5vVJgGKWkiMiX7PpK9L5a5cz4U2eSi:12000000000000000000:OKDOT:OKMYTH
14rYATZg114tXjFJpYXhvKaNY9tge5cpAdSZRYvxPbtnz5tz:12000000000000000000:OKDOT:OKMYTH
13oGbv9b6ogadEJzm17ocQ8xA4TiMCCwbQcZErr6WzP4Mbcq:12000000000000000000:OKDOT:OKMYTH
12gJaSZYGxVSV9ffqVv2FBdD3JxrcKtCLt7VyewcnDEqm2VH:12000000000000000000:OKDOT:OKMYTH
1r8dPVFesk3xG74MT6fx83eKxEBWLetRcpTxHy9ANqUWvp3:12000000000000000000:OKDOT:OKMYTH
16E88y8YkWm7iz7mqoVkWNn8Crxkcj8ZZUfx7SSzKwnmMRMr:12000000000000000000:OKDOT:OKMYTH
16ULygD6CRpfdkCvNWfb58TSDKJsY2V2zUqMYUUfniC6DTeQ:12000000000000000000:OKDOT:OKMYTH
15K2u1AEzquPcXq3CuTAsjuPkyoDEi1Fmu8bJcRgkwH6zsff:12000000000000000000:OKDOT:OKMYTH
14vgHsSebXJJdMh1UPrvoHjykqgx2sL8oiLcBmKAffpmwo9p:12000000000000000000:OKDOT:OKMYTH
13wqkTZj334sZajLy88STkZAKPy6bASbjyCqDAgsHtwzR6m:12000000000000000000:OKDOT:OKMYTH
14sACbhcKNjDRVAAJguqrmv81dwRsT7ZyfxD82ci38bdpXaq:12000000000000000000:OKDOT:OKMYTH
13BUgQNBt5VJvqRoAsTuo3ZnixTefwGnXW9gXucgqXgBJazY:12000000000000000000:OKDOT:OKMYTH
13esoix5m8tbL8ece1cPDpEiUguFVdgBtxZx5dTuG1Qm5cRp:12000000000000000000:OKDOT:OKMYTH
12hHgAi49RicszkYy2k1Ptfg7t3QWUGYYZzKCkD28EFfdXbR:12000000000000000000:OKDOT:OKMYTH
1qFjNjPe6GBowYD3eR9Fzc9PeK5SSQZKjur5qoWYvHq5SFh:12000000000000000000:OKDOT:OKMYTH
15yGgMhKV4CuAqFZjDnvkTwbZYF7wGTRFdWjQGvnhdjLt2Dr:12000000000000000000:OKDOT:OKMYTH
14BNKEfETCr9mWS3S3DhmtdBJi1JuNPax2WVSnBZKVZacqqX:12000000000000000000:OKDOT:OKMYTH
1h8QcBTJHXiDeQxRFtYFWqEzzwwa4MXRu2g57kuPvFJcMg1:12000000000000000000:OKDOT:OKMYTH
159b6npthWy5MXhNGXrC81uffXQqWqrMxGafcB71wM9vx5WL:12000000000000000000:OKDOT:OKMYTH
1EGipfeCouL6jM7atQiev17yUogPgaTTtP2LNN1ALAYVFun:12000000000000000000:OKDOT:OKMYTH
142RoCm7TpwMcs6FyqQaGxg8SxLvy6K7frjJj9ikVE8eUXP3:12000000000000000000:OKDOT:OKMYTH
14bQtoUNJo9b1kn9F6KH4u3VATTGEupbm6hGEGwLqP9eU8eK:12000000000000000000:OKDOT:OKMYTH
1eGW2HdG96d9wS3S3ZgJ9LWTDgAeL2M6wt4edbQc5XumdbH:12000000000000000000:OKDOT:OKMYTH
15qj8K52NJnKVzbAJFSCh7wHUHcaKMNmRAK6eWY3ZMGWfKjz:12000000000000000000:OKDOT:OKMYTH
1jKoNQqZL8DLXDznt3hSRoCnQxJGPJc4MYHbEf836Gs1YZm:12000000000000000000:OKDOT:OKMYTH
12AimrAQyszJcHQnhcGa8V5fMmB151qduhUpQWuBBnWGWS19:12000000000000000000:OKDOT:OKMYTH
14VCRKuG7A2vEQ6oRU5dSCw8cbCGpBDar3WTtjaXcVpMiNfw:12000000000000000000:OKDOT:OKMYTH
159whkpU29dRzBeG92nqKKq3C8q5Xozn8rTb6TzzBFhBuQNo:12000000000000000000:OKDOT:OKMYTH
12zScgsah13e37w7epTusFq3JFpX7K5MYPL5wWP4d63Tdf2q:12000000000000000000:OKDOT:OKMYTH
15Ldj3gtW4JXSdtY2XL2qH9qU9MKjoCKiZEsjyGZPyhswEbb:12000000000000000000:OKDOT:OKMYTH
13aqZkNdYVXkGzeSEpfsQ94JXvuczYZhtzEQoJUTWVkBirqu:12000000000000000000:OKDOT:OKMYTH
144NvWvC3uv3o5dfiHqHL3qgw9EGsmoQscjkyGKspoESFTEJ:12000000000000000000:OKDOT:OKMYTH
121x5pGzhcCpdGyPTNncWuScVuvJEcibH2XajX8W72ehUPdF:12000000000000000000:OKDOT:OKMYTH
15GWWpT6LSSpbw1k7XbTia2Y6w4cbUM4BXpWj1ofNEy6gSth:12000000000000000000:OKDOT:OKMYTH
16MUQ2VAmg61PkvpgwHy17zwrrzmpC51Rm377qxaMhckzXbq:12000000000000000000:OKDOT:OKMYTH
16PrJA35MpmRWUtgVSuf3WQi5Fiuqn3AieDnuQFk26UhgKKL:12000000000000000000:OKDOT:OKMYTH
14YMVG8UZWsuCXcZMDgFzaMQZL3cgk7xv52kTL9KHY9j5xTN:12000000000000000000:OKDOT:OKMYTH
14ijd4hxo1bbR1883Zhbi4Lf6cZj2fmc434TaLTJoFpADgsi:12000000000000000000:OKDOT:OKMYTH
14dXJHpdpFTAP6X4N3UzmUQQpwrnScHsrbtp6pRH8iBosvPG:12000000000000000000:OKDOT:OKMYTH
14HfNSYij67i6KqLXkScAQWiUUGJmcrZY2WztEod5udDanEp:12000000000000000000:OKDOT:OKMYTH
12di8X6mBrBbqHV9qQkuMy1184sKutur21tFcvfvqtmiw61D:12000000000000000000:OKDOT:OKMYTH
14yVzPhMMwu9yDMoTMdgstHZS3X7JUN9u3jXghuU3W2EdHBf:12000000000000000000:OKDOT:OKMYTH
16KE8P7R9msQ1QqsbHCAPrLBLfPyeDXYBQyknWxukqrmTGVe:12000000000000000000:OKDOT:OKMYTH
13HjcrM3q4pdMeFbAamsUQpgv2y7RKFrAmYxQcd6y9UZXC7p:12000000000000000000:OKDOT:OKMYTH
1daQp5iMypXBVPhMr6omQesUFz5eypdWsDfAePMqYZmzTfm:12000000000000000000:OKDOT:OKMYTH
16VAAEaNfcAzf18HTX8tAiKUDd8Yq6gBNWbPabHNghJnbyVD:12000000000000000000:OKDOT:OKMYTH
1FA5zK3Qi94XGVZ7TVhN5t7EcxSZSFodLhe1tJFrjVMQRkp:12000000000000000000:OKDOT:OKMYTH
12ZH9oVjx8Gp4L8GCr85ieG4PnFsVSGvyAn6F2hH1QJMbKby:12000000000000000000:OKDOT:OKMYTH
15JbW855nvdFdcGU9aYqZeWC1HyyGRN44nKZst2tWqBsphPB:12000000000000000000:OKDOT:OKMYTH
13downCCgGecf6FujtQkW9wZTymDDcC1WD8XMMDhKddkNkfc:12000000000000000000:OKDOT:OKMYTH
13YNXK3i6JgVAfQk3ss39GqTpZDJ9n7gUPx1A8zcSZ2AMJiP:12000000000000000000:OKDOT:OKMYTH
137zpjdmmJ4K2skLgH8DeZCWHgitskVs9bCJZeFiVMC3tp5t:12000000000000000000:OKDOT:OKMYTH
1s1H5DjfzoRiz3ZE766FFnkBjvagpEHfYvS95ks3eSEjCNw:12000000000000000000:OKDOT:OKMYTH
13ECFAURxEQf2YrEHvFoJLcL8nneDU5DL8VZhT53BJVkyjv9:12000000000000000000:OKDOT:OKMYTH
15hPZ2Zh4DmowanSDF8z4on5UjPAo2ybvm3K5p8WzVTmMjFg:12000000000000000000:OKDOT:OKMYTH
12CTLm4RVtQhas6r6ioRfLbTP2qNemqYQBdDn5YSs1khhy5Q:12000000000000000000:OKDOT:OKMYTH
12PenX4snbWe6kYsVaKvPpvx6nnzyCQLueFUZ1HxZEvchScf:12000000000000000000:OKDOT:OKMYTH
16TsPG6x3TC3vM1doGEFaN4apNXDaJwWpT87k4sB14bNCEV8:12000000000000000000:OKDOT:OKMYTH
1k17gh4yTvcMTrdeJxt5rhxxRbot72SYr5SV2gu1f2qr3Fy:12000000000000000000:OKDOT:OKMYTH
13rTKAeM7XQ8KQTYQS7NyUVTFduE3a2WSbmGkopqc7xmJoof:12000000000000000000:OKDOT:OKMYTH
15ryky6MX4kqv7XGp44sQrFQADwwzNrRHbkuHTZzPz6YqNfS:12000000000000000000:OKDOT:OKMYTH
12AmNT2zxTQyGR4CcqGBqWy6JrS2jNcHd3GZEkAdSFbp5q1X:12000000000000000000:OKDOT:OKMYTH
14bymwbH6oz9xizam1Dwrxg9q7KrgNh8Hgy6QoHjmZiahMHi:12000000000000000000:OKDOT:OKMYTH
1rSYnjBhwTQzmTAGLDeNAMwznneBB7H2pUuY1KwopfP5t9G:12000000000000000000:OKDOT:OKMYTH
13fYPQXrXw5k7uvR6CwBXt5ZMHqc46Z419eqFaADAiVFvAXX:12000000000000000000:OKDOT:OKMYTH
13Xc3iAsGnF3hqapK9bb9S2GCJUEzapoRstmQ55UG7fNCHpy:12000000000000000000:OKDOT:OKMYTH
1Yiybxn5WzTTnQVNast4hXKAxnoJpSapTnRjFeK5pxZZ9qB:12000000000000000000:OKDOT:OKMYTH
13QyYST9gcyCDecqpNxSfVBrhoYY6k6WJYNUUMRMzhLWTkXt:12000000000000000000:OKDOT:OKMYTH
1ie1VYa5Wb6tm9r6pCzE7moEYo98ojMoF5N9ZpaMsQz5ehq:12000000000000000000:OKDOT:OKMYTH
14qg7scEGbScLWzRm7M8SdC4zqmuhTTXALGNJr5ETQqNkSPW:12000000000000000000:OKDOT:OKMYTH
12uX7JbwbX32g1nLSYj9d36r3Eyr2fZmhNZWFrjBw46FhZBS:12000000000000000000:OKDOT:OKMYTH
14Kn5o3Xm86pwXpuYWEay6C1RhHK6pKFZ1RJk5LdRiQiRizD:12000000000000000000:OKDOT:OKMYTH
163Kboe5Hcki8xsKCvud44DnS34VijZLNZWQWpoS61s13kHp:12000000000000000000:OKDOT:OKMYTH
14sdztmyz5sQxjhbnUBJqeXsiQ35FSauNkq4aLKTTFcr9dxS:12000000000000000000:OKDOT:OKMYTH
13qNH8PLgFAARxD5soTNR3ukxgDztDcY4eNjeV8Qyga29DiA:12000000000000000000:OKDOT:OKMYTH
13WgRszzNQ2znCt23Pf4HniqjbMqtcXTvXYoWtthZH2sDc1M:12000000000000000000:OKDOT:OKMYTH
16ULVBmtWSmqM8LVvaBjmouJJyugsz2yKte5B9LWVDNkWz8r:12000000000000000000:OKDOT:OKMYTH
12ExEEuSukQur1FqmEtQgKKF9qwSJs3L53WwWq5qJYhq2Vvx:12000000000000000000:OKDOT:OKMYTH
12rqu8jJTpLVpm1TSA57F71Cf2ovsUhoaVfDe9fLRFXxMmVR:12000000000000000000:OKDOT:OKMYTH
16EQDmfiDP2a4Npd3nwv8wa9rFP4RijrxdRRjV7B8Y7hMD1D:12000000000000000000:OKDOT:OKMYTH
15TbC3MHr4MUUEV2mYesb2oLqiXZagAtAjRFsZhzq8uXgbJB:12000000000000000000:OKDOT:OKMYTH
158jAVdjC3N3AkAgaKEempD2zsPMsqbgvedopSnTbkPc4ADb:12000000000000000000:OKDOT:OKMYTH
14TLnW2GKkd6nHcdYqCssmP2HoyCd44aNnfVarrH755EFX25:12000000000000000000:OKDOT:OKMYTH
16ckvYcZ6FsT8sXCB56ryDxTNbW4QGXHD1uik9zkBPqcWhbe:12000000000000000000:OKDOT:OKMYTH
16CUBrZ5HATmBGJznnzhjPGAPwQmJyTq4hqXoAqvBYgQts7d:12000000000000000000:OKDOT:OKMYTH
13uq9sSmDSoKUEiGArtKNE6rD3rWCQFDJxhWgyw3U7vLzmkD:12000000000000000000:OKDOT:OKMYTH
12h4XePLcFmdWFmVdt2jbpRkMcdu4yKok7owei8hTex7yQ6L:12000000000000000000:OKDOT:OKMYTH
13vr8TZejgEf6mCYPGBt7jqZyK22LEAuSSYhX3GZgRGMun2m:12000000000000000000:OKDOT:OKMYTH
16dgDQrzD8eP7HzgrmTrzUHgqiTJnKj3zhg9Fjk2KxPt2LTH:12000000000000000000:OKDOT:OKMYTH
13yqb1aKX9VGGZQmb8wkQytd7v2d6u2wH87VC1FAbds2EjgG:12000000000000000000:OKDOT:OKMYTH
12sT8z39LHRAtLyWdz75YAEeEvjwr8ckd6vDJt6557WYJJrN:12000000000000000000:OKDOT:OKMYTH
12a3DWnZXrHaVpvLbMnU3SKUtYaJ6w6PpKf5V7YW7Cn55XKu:12000000000000000000:OKDOT:OKMYTH
15WW7M1vWNaSc2yyy1b63jeJQyVYrZRcLtD7Ft6r9rLb5CiG:12000000000000000000:OKDOT:OKMYTH
1nS1UaTTnxsQcnaqz9LpgWvbitHArjAxvZC1ygeQQ6KcXUf:12000000000000000000:OKDOT:OKMYTH
16bZiUdpfJHSsn7S7zi7sGwB2FzApVZA9dEM6BL8ksgoMTZG:12000000000000000000:OKDOT:OKMYTH
1g5VWYop1984efbnzwZfPEXNKDkCj9efQUwhPeSi6T4aqSE:12000000000000000000:OKDOT:OKMYTH
161pHLoq3DYSbdhkCvDQBjJTXevPnkv5urrY7nYTHDvbcqyC:12000000000000000000:OKDOT:OKMYTH
13sGenuNB41PE9Bz7vxftiFi8zKPRWrCd27AcC5XXDSSB5XD:12000000000000000000:OKDOT:OKMYTH
15C55aHe6Rqv2mGtgMvLu7jnvhWYozSMEGX3kjoK8PXPbL8k:12000000000000000000:OKDOT:OKMYTH
12mc1YbMZe2E5sdqjhEVC1GbSZe8tBfCrk1u46zo6eKtDCb6:12000000000000000000:OKDOT:OKMYTH
15gDvtyvfdavWECwguLqaX57ioTwhMsT1fcp4rjFJD5xfXp5:12000000000000000000:OKDOT:OKMYTH
1qZVc6QCxGmSyUxeHBPbqXSHR6ZbV9zw6NeoqTNzZWf7wVm:12000000000000000000:OKDOT:OKMYTH
14hmvre4Eq8qQDJGp9Q3VUBJnWyyjv2tHhGeAnxWXJb3csXB:12000000000000000000:OKDOT:OKMYTH
1dtDea6sR4c8DxEyVHXXNzN2hVJUWqxG95zKSEDnSJB9duP:12000000000000000000:OKDOT:OKMYTH
15DdaVcdAniqmR95x2SFcY1oSJQQWXvB6h9oKNi7bQ6Wg8Rv:12000000000000000000:OKDOT:OKMYTH
1PjA95G56wGCx16JW56JkZAGCKcmkb33S34TDZ8Locantsa:12000000000000000000:OKDOT:OKMYTH
1yHYNmBeCVzQrRWYfbEeoZHi84LL4cXt9GUzixRHn92zHVW:12000000000000000000:OKDOT:OKMYTH
163ULXfQDVFkxNZAQz8z1QB2KRacL6ZjoJVCNq5KL4q5d4hf:12000000000000000000:OKDOT:OKMYTH
12ZYrfxfLL6Y8dLhmNCoPeRF44NjxWupshSeWu4HQDwDYsyH:12000000000000000000:OKDOT:OKMYTH
16Sz9yP3ASTZppC73dDpkDSedaiFYbCxkhQo2VfgsXd8Ze3L:12000000000000000000:OKDOT:OKMYTH
1525BkCQiYzUugnYJqRAooJcrHWRXWWF497M21rr1Goy14Ad:12000000000000000000:OKDOT:OKMYTH
14SWESVBMLpTQehADLy6iVEvMvSpJBdMA8vht1fGwwRkC2bF:12000000000000000000:OKDOT:OKMYTH
13cVDQtohQ4xkLAokj18SmBpXvoGkS3iRmjDFNPb2UCPX2Pd:12000000000000000000:OKDOT:OKMYTH
13z2vH2U97h3xXrnrHSxcTFZziJwb8xc61FVYkxH7c7kPGiL:12000000000000000000:OKDOT:OKMYTH
16Deb8NzDJVQi2jcCyebtvEUyfG9M1gPtuXr4SCLEnnMQTkm:12000000000000000000:OKDOT:OKMYTH
1R3p841urfeUo1qwtyfpXXQZ3rUxoHPCrkDCcMzWjQFLbxC:12000000000000000000:OKDOT:OKMYTH
11FCZgbVgXxVWeGh7Wd9iR4jJX1PF5iLQMEWEkvDRyzUoyN:12000000000000000000:OKDOT:OKMYTH
14T661NZr6uQVib5kXYNr5dGfPdanHEQkXXbRK221NTGiEU7:12000000000000000000:OKDOT:OKMYTH
161cQd3JaiFFXBaaPz28PcJPBEnZ1ZEM9twjvVjBRyrYj2dR:12000000000000000000:OKDOT:OKMYTH
14m8cqqrAPsnwZY4AJCAasJFLaN1Ujdya9xpXFB6T5W1tCqf:12000000000000000000:OKDOT:OKMYTH
1N9AmiJuXY3UzHwChqvpWN7kf9U4p9KsavsbiBqPbRQ5MK1:12000000000000000000:OKDOT:OKMYTH
15GWmLHjtGMWmfGDb7GuykJH1jTsWHTujCz6ib6pK7UXAJgp:12000000000000000000:OKDOT:OKMYTH
16M4g1dk2b4JccW4PT6Z8QuysFagD6SdD3PaRhNvfWfHqHS7:12000000000000000000:OKDOT:OKMYTH
1M1fas3J1ypJaaZPejutjEgP6hA9oMQmWeUX6VxKBZ5vtDy:12000000000000000000:OKDOT:OKMYTH
12XzbECWnntgxYKzdahBoufKiCRGyufJKDx6417Ge1YXA3o7:12000000000000000000:OKDOT:OKMYTH
16Pny25iWcAR59ggDZbamADmF4wxX1x3EMDKpiXX5s5daBSY:12000000000000000000:OKDOT:OKMYTH
13KUYxcd5STNecwGrKwLPz1K8bhHnbq7g4cPL5rNCxefikBq:12000000000000000000:OKDOT:OKMYTH
12WmkZHSLj3Gjudta7dMkxF7SccGqdKBACpQop384DQ9GhLG:12000000000000000000:OKDOT:OKMYTH
12E2HcwirkXfQ2scaAS5a7rLAhGsX2afZAuH2sR7m6tRFReH:12000000000000000000:OKDOT:OKMYTH
17DMkd87HE9iJ8gzrYy6S9HeYW7yFBmMABthvwtS8sDs7nG:12000000000000000000:OKDOT:OKMYTH
149LkdYecSU7k9BLDNyMsecd3spfdXuhJEp2DCdKVfw6m9Mo:12000000000000000000:OKDOT:OKMYTH
12pQcKfxLHynkrP7e8yjWS3ZhNo9UGPrrJnL2EArar4H81jB:12000000000000000000:OKDOT:OKMYTH
12AmfL6CqqugvmoXQtodo26RdT1CYTGNVY9TYgfe9RL8iEdu:12000000000000000000:OKDOT:OKMYTH
13myabPZrwqLPshbWHfpRGnobsirxpR2UDmCoistEEFZrASM:12000000000000000000:OKDOT:OKMYTH
14LnVYoVcVpEZ1v8Ru6hAM9JzzADiawxoBMTzEq3MZKrqn84:12000000000000000000:OKDOT:OKMYTH
15zfu71nULXX4dpNWD5xSNvnAgh4dwpw2iHLR47ad6NdjL3u:12000000000000000000:OKDOT:OKMYTH
16JfMrKzNDkDfcaX7Regd3PKCKFMBeiQ2oNbqAjZoLnXqp8T:12000000000000000000:OKDOT:OKMYTH
14v4CaispnSmi1ysSahAHqx1VmhYysoP8BkEjF3BZUNKujEW:12000000000000000000:OKDOT:OKMYTH
13jor8QNSmyrZ58SwzpciXzDY7CbeKM2UNsecpVGLVyTz88K:12000000000000000000:OKDOT:OKMYTH
1294jVxz9kLfNsfiJxvZhK4mLZeE4LLwa43BNxmBRM33GaL1:12000000000000000000:OKDOT:OKMYTH
1MsxgbMDFyMCDnYZ3HYQufY1rTavUdBt8wbKutrVM78fSen:12000000000000000000:OKDOT:OKMYTH
13ueCmYJ99aSNnaJPyeFWAxVRJvvbc8ZrVaL7F9E2zcFbp4y:12000000000000000000:OKDOT:OKMYTH
1WiidofVXhvNkawoEXc1kpdoaHYXFkQAo2Hk721VMVfUMqh:12000000000000000000:OKDOT:OKMYTH
12gpyix3uRquGX9XgSVHXLZPD5eLoDnoxQw8UhtcWhkLpByQ:12000000000000000000:OKDOT:OKMYTH
1KD4vnEo1th9hbiuuUjN8gyBi7ojmCj8sty59F4gc2d91wf:12000000000000000000:OKDOT:OKMYTH
14bSCKN7DeBa3kaGQTYqMjM4skLyt6rYTZFEDy5LMKEJSggh:12000000000000000000:OKDOT:OKMYTH
13EEBMKtFTCky3zH5reqhX3xwKXh6KA4HnEhykJnyfTAodE4:12000000000000000000:OKDOT:OKMYTH
1G1b7ZeBFdtwPemGTZPgYvZwa6eoHw6i9XnnoHxt69bxGqL:12000000000000000000:OKDOT:OKMYTH
1muKvUDTvcDw8UEZKEC6hEaGTdhqTA7qDhQfTpuVb2SJ5Wi:12000000000000000000:OKDOT:OKMYTH
1vpDjtmytYXTrnVm8Wkssn57vPCjgTJYrks7u1aZX8ShuRs:12000000000000000000:OKDOT:OKMYTH
12xChhFKgJ4hPAQHddX83boBzyaig7CHrzD7Kt3bqnWJGJTV:12000000000000000000:OKDOT:OKMYTH
13uu9nMt1k1MVazzduAU519JoJSWU37den4od9gMQpBospQ5:12000000000000000000:OKDOT:OKMYTH
13nnwxH4kodLDvzPb7ty7k7QhVrqssXXDnw8T22Ts33wjkrp:12000000000000000000:OKDOT:OKMYTH
131SDuj6BWwyXYvNyh63pZhXdEVvqP6ZLw8xJbNgYsEudHLR:12000000000000000000:OKDOT:OKMYTH
1RoCEPM4S78UKiZFFADkeA6SaUFnFqcg9u6nZ89w3x6hRV6:12000000000000000000:OKDOT:OKMYTH
15UhmWPk9vsM87u91qtQ1yCpUKwG6k59EdPY2gA35tC5woB7:12000000000000000000:OKDOT:OKMYTH
126uai4251JexrbqArBfeCtzfqkmUqZTaPMrocrZCo7Xh6Mm:12000000000000000000:OKDOT:OKMYTH
16maafAgrsfHNUqfWaDvDRMaC2QSXbKhGmecVveLG3MQEJV5:12000000000000000000:OKDOT:OKMYTH
13s4N12ZxYzTRHZo6Dm3bksdKTYgZQ71o24Sohma8QW5zTSV:12000000000000000000:OKDOT:OKMYTH
1Jjbxw6mC26vtT3rUWVPecSrTawe1wM3HudZyLtWCw2r3dZ:12000000000000000000:OKDOT:OKMYTH
14ARrkg19va7Tm61iLJKQbQ9iUTnBt1mQ2tS9Hu9VpypTHr4:12000000000000000000:OKDOT:OKMYTH
15FvTcacg6kMLxXTxThFWNQkNRCpeya4j7gTgXZsj6ztZnQL:12000000000000000000:OKDOT:OKMYTH
15yTKWuC6ZcTqAna3ngj7LDztQGdiPRecmb5H2gbLjtnrJrG:12000000000000000000:OKDOT:OKMYTH
135zvdzc7ePs43zYUKqVzrKEJCKPWH1NeGi3cnoXycR9RFCu:12000000000000000000:OKDOT:OKMYTH
13RLARWKpKZaNMsKbP88X3FnEGaMtDTyNrN5c8fidbYxYgKh:12000000000000000000:OKDOT:OKMYTH
13V3t1jKcgriimFKta23Y6ABJiC47CtizTjnCfR4ZAwMW6dK:12000000000000000000:OKDOT:OKMYTH
15mdvq36WbcjHg8jzoTdNt8s6DsEqfcehgUQwJVaEKELyiTC:12000000000000000000:OKDOT:OKMYTH
13NW8cKUrvWo7cK7gEsRd58XRmPd69TtQgMwPNxoNXRKeygj:12000000000000000000:OKDOT:OKMYTH
14GitwW44x5H2nN8EYgtSFpvXXKG3GNY1iwZu4bcT6SJmt4i:12000000000000000000:OKDOT:OKMYTH
14PmAHNkiihv1cuztnQcE9wtMYHSUrkmqDrHyeedqJMbyyCi:12000000000000000000:OKDOT:OKMYTH
13c8RfKqvaxYZNH5YQaMpyEDe5W4cm2Df566ED2qhK4qdiA8:12000000000000000000:OKDOT:OKMYTH
15KC5adDmxc7o1BG7ZvbVCpJNtrQPodDSZUBEXA1ynqCjJys:12000000000000000000:OKDOT:OKMYTH
13TxMMGqjes8pJ3QA9Y6eajKzQXAwfubRCTHqG19nep4WkSL:12000000000000000000:OKDOT:OKMYTH
16a2uVsU1mqnFx6sp5p32WDbdk1B4XupTr11KkeHA8bBiYnm:12000000000000000000:OKDOT:OKMYTH
15htyvV4kmdo5LgwJUXKyGhTBHJTuo89pddSv8xMyqMd4LYf:12000000000000000000:OKDOT:OKMYTH
12Ppg3UZFmczp3cfMqXWGm5o9F5aUXoixQ8q8UG9tgkzy3m9:12000000000000000000:OKDOT:OKMYTH
14WAR8Fiahzb2BaHeiHeGXWfq9pse79qtB2USKvE6MzvQusM:12000000000000000000:OKDOT:OKMYTH
14pvztMvMZ1bv2cHQL99bJiWLpvprz5eduBY5ZP3dqnr2Umf:12000000000000000000:OKDOT:OKMYTH
14NoA2uVoWYS1FsBwWumcje89AAksPpXbiekEPWDAVNPe7w1:12000000000000000000:OKDOT:OKMYTH
13WVBjPsWvJjrhVCPQwAFnbo8B58CMf44eUxaesRMMt7ehq3:12000000000000000000:OKDOT:OKMYTH
13dr15jxYyufMaE29fAgQofx5aFDrrJdigQ84J8GvtaPp1aN:12000000000000000000:OKDOT:OKMYTH
14tecGFzyEd5omn7RGifn5yyngZrnoCcLWNG3e7FjVZJzvZk:12000000000000000000:OKDOT:OKMYTH
15BG4kDK4ZWJ2fDa79ApMyVCTKyqn46d5Y63uymowB2zxznQ:12000000000000000000:OKDOT:OKMYTH
1csoVRXv6SzbuVA2K6eM2tmhr8WrcakCRRkN4m3UBuw2h26:12000000000000000000:OKDOT:OKMYTH
16Jkksuk6jstT9S4YMVk2icsvfxJ9h4wz6rQWsw9X5YeecHs:12000000000000000000:OKDOT:OKMYTH
14ND47qKgGM8QeGEyjVv656kZjd4NSP9UKYidcHkkEDt32tS:12000000000000000000:OKDOT:OKMYTH
12SvZ1MHWh4gHRx4q5kFLi9MExp9h3pJrsW73UHSEpjwfZsJ:12000000000000000000:OKDOT:OKMYTH
12raptahwm8RANsKA7tYDpaLmnwcrxYb254n1mUP8pM9eyto:12000000000000000000:OKDOT:OKMYTH
13cNRQ6VtarxmTsccBQNrUY7HtCMFgkRpWoscYqmiJ6co6ed:12000000000000000000:OKDOT:OKMYTH
133GKsZJFP3XTEHjRWyctFtBVKDwsAbzr6z61j5sEZgeMt6E:12000000000000000000:OKDOT:OKMYTH
158Q1sai79qrCiYNAqMwHP81sUHmHM4nrg5MrKx7NZWnHBAW:12000000000000000000:OKDOT:OKMYTH
16i4m5FZWS2KU8UZSuhN72PfeJ4uFqySyozUYV4eXvoBbXvP:12000000000000000000:OKDOT:OKMYTH
14u7Rzdn5fKKrk6oWa1KZft2yLH1udDQpWnUt2DVf8eeYnay:12000000000000000000:OKDOT:OKMYTH
14UHVGsoUg6YwNTCeqYPtVoMrWXiR1yPxV63aLYQwFdZ7zyt:12000000000000000000:OKDOT:OKMYTH
162EwEVFVfpTd6WTehbUEM6wEprjhMmcAgTxXaQkoHobMM3V:12000000000000000000:OKDOT:OKMYTH
14zA9J3HMHmueJEV5btzRhG5YRMB16GSeW2Sc2evpwe1EzbB:12000000000000000000:OKDOT:OKMYTH
14s4pm1mCax2jZMSneZfcFHairoPx5zxUJtCeeUPri2D32Fu:12000000000000000000:OKDOT:OKMYTH
1TWc7yc3AL1PwiGEDZvk1U5n2duTmqaqkewQvBpNqficEHF:12000000000000000000:OKDOT:OKMYTH
12scafk9uHBbYy3tHv5pSjvPoPGwdndkjRco4NPcxq8Dmrzc:12000000000000000000:OKDOT:OKMYTH
16EaNwgwt78qz3qKPcwKGPvFLdJzTxpHhTHTfB3C3yqHsokD:12000000000000000000:OKDOT:OKMYTH
13AvteDGovLkcUCXXaNWBrGGAHZjKjERMZYCvgEWvXR27Foi:12000000000000000000:OKDOT:OKMYTH
14tQtAje9cY27ypQ9UzGCpSUcUbQEP6wh7noebXomumhEUz9:12000000000000000000:OKDOT:OKMYTH
16jZC6jvZD6TjKAjfcEkzVzXFiRSZ7zvGWEgRRCbkCoWYvUi:12000000000000000000:OKDOT:OKMYTH
16VMMa2KidkcndACXWeh53wUZxSopostJmuMhZBexZhzd8y5:12000000000000000000:OKDOT:OKMYTH
133JNDYto5Tu6ckhCXQ1arWeEZNuhFjhcDLmALnYdTqmpzCV:12000000000000000000:OKDOT:OKMYTH
16M9dd96zmBQtFbH8Zki1jMHKqpZLKE2vBJpH3k4yHBrxQ9H:12000000000000000000:OKDOT:OKMYTH
12vyRC2iVUXJGjyKNcuxijcWmuZ2Wy2D1LozYS1C1R2KVA1Q:12000000000000000000:OKDOT:OKMYTH
14WCo6U12gXEKvU1T7T2Ro98a2uA2JnTe6M214QZgnXCokiC:12000000000000000000:OKDOT:OKMYTH
151SRAQwopTByQvab7Qps4L5rPkGt1nDKUayX2uS7HJup499:12000000000000000000:OKDOT:OKMYTH
16KNE47fYybKf7fzktMmkr7EmbFA8BKUfAtyLQFLLAkCv93D:12000000000000000000:OKDOT:OKMYTH
12vr6RoSsHUP6GXC8PoCbAnxTY8vDLBuc3f3fsBEw9ZEqSPK:12000000000000000000:OKDOT:OKMYTH
157BapfJPidRR6Juw3xhCsKEFr6f4zwpq5diNCNDSgBE2ndC:12000000000000000000:OKDOT:OKMYTH
14Wn6Hzh6aaCEexB6Yh3q2WQkQcvuAv1RZ3tuyEyugfxVcC9:12000000000000000000:OKDOT:OKMYTH
1QUEj9DwnyGCHhwExNkD24UAVHc2czg76sqkfXzuTbjiwXD:12000000000000000000:OKDOT:OKMYTH
13GWNgXGBFxPWSMSkD1aj5PCRfjiQ65qYgcgVWCe2JyVHqXE:12000000000000000000:OKDOT:OKMYTH
12qx5BtWDmJRhFFmNQdo7hLZbz7TJFGbea36upLXZBDbDs5u:12000000000000000000:OKDOT:OKMYTH
15PXsMqTvGQBGJPbDsFaaom5JeToyuBGmSYJh9J8233fYDbW:12000000000000000000:OKDOT:OKMYTH
14ytcMVVCjqciTefVtSiNYJGzg3bmygEeeMtKtEoDMzSHRbJ:12000000000000000000:OKDOT:OKMYTH
12wT46K4hCsfk8GZkEpdHoMwLQ2xs9LS6fr9xPHupPLboAfT:12000000000000000000:OKDOT:OKMYTH
12ghj29pQbEGe8fkkmyc5hnDU8qFLXSjsCQrqpGMFHhHdPPH:12000000000000000000:OKDOT:OKMYTH
13aELUWTmEX66hPRtHsuMX1srT8jJZHWfRArz9w5zbVHaKgQ:12000000000000000000:OKDOT:OKMYTH
16jwHTpvK5Kxyh2KTXytUoz7WS6Czr3GFHWorEXr91BgNN2A:12000000000000000000:OKDOT:OKMYTH
146t7SPGNQjr2iS8EXmFFmpkt2UG3yH4SxLoNEu6VTMXzWLe:12000000000000000000:OKDOT:OKMYTH
1HXACLsYbjf6oYiFAsypEfYJpTtQR27nzDw4vA3kTbGzt9A:12000000000000000000:OKDOT:OKMYTH
15DdZpR7ZBCwiGHuSVBwSJ7GEaXGvZBf9rD9kb588nWyEGi7:12000000000000000000:OKDOT:OKMYTH
14Qm372EAVDgVUR4o9oc5DXWJWj3D6ypyyM3dMeZmdAhnQGd:12000000000000000000:OKDOT:OKMYTH
143RkZv3rNqmpUkY36roZ87K5q7X7QUcuaaEgACrJdrc7for:12000000000000000000:OKDOT:OKMYTH
13NCLd3foNpsv1huPDzvvfyKh37NEEkGFotZnP52CTR98YFJ:236000000000000000000:OKDOT:OKMYTH
