1CGQ2FqLjbumfvDfnMvPEC2qjU8hTnM193ga3ks7PPpMuFY:12000000000000000000:OKDOT:CHECKMYTH
15xs8yAp6U4BsXMNhmTt96jTcaB3z9fj3D5BNTasfJhYqG24:12000000000000000000:OKDOT:CHECKMYTH
16RoSPZfo2wxSTsbjN4ycPBh8sDjsUuVYUH5xf92agNTDdRa:12000000000000000000:OKDOT:CHECKMYTH
15qcAW8sVsCcs3j8MdHsoYr8UQpiA5yM1QXazxQNBB6DsPaA:12000000000000000000:OKDOT:CHECKMYTH
12gCXhtSnRZ9rejeA7PHpXn2Dv5wpVhF5LBLmwb5xfZqMZHn:12000000000000000000:OKDOT:CHECKMYTH
1Qj95cQJRhFHAso4crCTsHvRjDgPU5oVCrUFQ7YAJ25jLMA:12000000000000000000:OKDOT:CHECKMYTH
16ND5WmHSGnksCEJe4dHTP8htQehfzDWbyioReCZZ2jCauAw:12000000000000000000:OKDOT:CHECKMYTH
147yRqUo7tJVJE8uZQAA1mTRR6NMcFLH4pzazeDf9Vj27YrN:12000000000000000000:OKDOT:CHECKMYTH
13KwmHUzJAACSTf3skbXSJVcsX2rz9WzCyLQaZ5PNwTeK84X:12000000000000000000:OKDOT:CHECKMYTH
12wmtpXWEJmCRKz6TM1x3qbyoHFJ7bDEeaEnvTEGVs6DT99J:12000000000000000000:OKDOT:CHECKMYTH
1fshhMdZDWxfmghvnt3giduoPsRz7eFgWGL4eeREf1qWUvp:12000000000000000000:OKDOT:CHECKMYTH
14uMdJpeMv3YcW1B5nkrv7xW1o3L2r9eLyqZyGCAnbnB3MyX:12000000000000000000:OKDOT:CHECKMYTH
15NM7EQTC8uZVaHRfbYFR6SuCQ3u613jLvMJWfoCsxk7j87W:12000000000000000000:OKDOT:CHECKMYTH
13X68siHt7GESWE3vJCCVv2fEGX7TokRyv8SasiJ21CFAzUP:12000000000000000000:OKDOT:CHECKMYTH
13hEwi4fkRdsYLeL7gEoT2pg6y43C7cYoBGyUJPmph1ZE6xH:12000000000000000000:OKDOT:CHECKMYTH
1F7oAUdEqcdFG932vy6c5Uq6LtVnXpgTL42EQJ57DktMp6e:12000000000000000000:OKDOT:CHECKMYTH
15HU4SUdYQmvh9JhupQ9ELsMrHYKUqGFDeh42971MHtTCaGw:12000000000000000000:OKDOT:CHECKMYTH
13QcvDGGGfJbWQzNphYoAEdX8v3xtHVwL42fKunbThr5ZXsc:12000000000000000000:OKDOT:CHECKMYTH
155PyzW3pDNmHZFeQLCcDRoGnUyAe6m3RBUVLQ32sVCVmNkr:12000000000000000000:OKDOT:CHECKMYTH
13eyuWLdKNoCWeME54nDUqXZ1D3pAKoaXsNomsNdxTUyeACL:12000000000000000000:OKDOT:CHECKMYTH
13tMFPrQEffohPWCiW47bhzASGcS9nHvdY15XwwiEXTBK8pg:12000000000000000000:OKDOT:CHECKMYTH
1e6PTSZVTi7PJ386sxLeDEZnsDggqL2kSBDkwfk3x8ZDE46:12000000000000000000:OKDOT:CHECKMYTH
18bnQW2GjiEK8XPSxTcMWoz8Cz7SxxkdQ9Rhj9nwkjsGGqf:12000000000000000000:OKDOT:CHECKMYTH
14hzayLXdbQRtdTnegQKj5WRsv3ZarSwc6AenATJLbarp6N7:12000000000000000000:OKDOT:CHECKMYTH
15ut11uafSuutG51WqpiLq49H8iXxrUuoTXUVK1byXaJe2Rb:12000000000000000000:OKDOT:CHECKMYTH
15nWWMw7fEKaY5w8zXnnFhY2XZ34hhNakBdE5YR3FjK8zcgs:12000000000000000000:OKDOT:CHECKMYTH
19V3xPwbuhtbf5PpEspWUtTz75ETf6foBdRvGvrnRDKtpca:12000000000000000000:OKDOT:CHECKMYTH
12Bvtk5bqM9Jfan7ni3K8iLMjhAeH2Q6ye1fxfdxUq854DPH:12000000000000000000:OKDOT:CHECKMYTH
14mZxqbd8NVw7gj68htwSm926pQKs9p4jVjsg2KKtNyiymVp:12000000000000000000:OKDOT:CHECKMYTH
13YfzZKtDC5Qd7xe6MdMp9avRVzarkeLb1cWkXWJUMM8gguZ:12000000000000000000:OKDOT:CHECKMYTH
12CJ64xZQvYRAcEmKkXgH75UEQovnnWgry7D9zTHAs3X6Yiv:12000000000000000000:OKDOT:CHECKMYTH
13nBRE5QMWJx7x2AdCDgP3TUGyKieC8XRjEhbAXQbGhs2xsh:12000000000000000000:OKDOT:CHECKMYTH
1gBqZCHtJhvq8gQd4MZrQVx6Av2QRbFBbvFAMAfGiTDEkeo:12000000000000000000:OKDOT:CHECKMYTH
1r7qwarreZTUx2bF8TATK9KY7Qt9CgcYdtfqovDdVsfAWjJ:12000000000000000000:OKDOT:CHECKMYTH
12woRs3wxcb7QGd8ekQsJeQTQnn2KpJyXkMc2DZTwAohjEEn:12000000000000000000:OKDOT:CHECKMYTH
13QQu4E77uceBn82pq5NbMJfC7i3UXQk34Z89JNjW6xFKdPx:12000000000000000000:OKDOT:CHECKMYTH
12Tvaj7yTBxGBZKbWr71MTcwcagvdPaNjCtR1DSyE5VZ2M5:12000000000000000000:OKDOT:CHECKMYTH
15AJhSCfKYsJ4kQtoTYhpMrH6dwgv5BD9iHTWh9TNpS5G4KX:12000000000000000000:NEEDED:CHECKMYTH
16fsMWs4w6P8erJsdWfsFs7uwky7NRTWL4n8xp5ENwqVhw1G:12000000000000000000:OKDOT:CHECKMYTH
12DJUJAfZ4hWxP8jXm3veJyBfw2dLUkAJhwuFYtpa6aZnrK2:12000000000000000000:OKDOT:CHECKMYTH
13yvgZLG8ZyasXzE9pxMqwu7cwU73ZL3EGQefWAy9tx7aPek:12000000000000000000:OKDOT:CHECKMYTH
14JytjEJ5tEiP4P9bRZsVHAWRFgup8tTKxmSF66QmNBuZNUA:12000000000000000000:OKDOT:CHECKMYTH
12QkWbGpVK8QhM1MVfD7y1TfodL8awx2qsZL2KcQMyNeCxUF:12000000000000000000:OKDOT:CHECKMYTH
1amNAM5UZwgQzkMkk8XANTZiJbpZyHAxuUE7xL8bLPRxtjb:12000000000000000000:OKDOT:CHECKMYTH
14S1VukZnoywRsA9jrQ5SsHs8hEhCoSdPAt1NJZFVLQT8RVw:12000000000000000000:OKDOT:CHECKMYTH
14b5YYbXAGaSNT2WKwj7tWcMuqaQLKji1kisXwd2ZjtCkqo8:12000000000000000000:OKDOT:CHECKMYTH
15Uhf1yDuG657vPsmiVW2iwrmEHaDhrNwQharfguXajPqPY9:12000000000000000000:OKDOT:CHECKMYTH
12b9Sgzed4rz3FJBEV8RAXx4cS16x1FDW9W2S4BVjqnLeGi:12000000000000000000:OKDOT:CHECKMYTH
16NewZPtiGjdrVnJNJGSgopN6SRJ8moeqiHTpyJjJ2cDkaqb:12000000000000000000:OKDOT:CHECKMYTH
13fjs9RgnAfnxRuA1YWrsL3pJfxXqQFXeAMAGVtLcddSmjb9:12000000000000000000:OKDOT:CHECKMYTH
12Er5dWdJaFFKF4uXgAQS5ywXmBMx7rE9ideyLCp7e3DuReW:12000000000000000000:OKDOT:CHECKMYTH
14qDGAhtAEHW9TU7snKECY9Pe2v8hACzvrcp8Y9CjZQXpuKh:12000000000000000000:OKDOT:CHECKMYTH
15ZrHZ5JDuU2onro5Wp7RqUgZGdNpX1iGBxtgCEKnU7wWRTX:12000000000000000000:OKDOT:CHECKMYTH
14P8tSvuCgRvvo4oVktD6WmuH9NnnE5ZSY8Vs9vzfQQJgm1i:12000000000000000000:OKDOT:CHECKMYTH
15qxyReV34NLgrhYQbzdjBuEnXUNyTt3RKoTEyKBchzYL2u:12000000000000000000:OKDOT:CHECKMYTH
15VLSgbFyW4r2p91eN6pudxBzFPCLprAU5qDf8A99jnDviwv:12000000000000000000:OKDOT:CHECKMYTH
13jSHyocoEXwMNA6n4BGwyVfnVvTNNwdexMU8yoytFfAxpED:12000000000000000000:OKDOT:CHECKMYTH
1MdfTQd3woDRHrKNrJ52xSHcBE8VRgCLnkahmLCp33ySQ8S:12000000000000000000:OKDOT:CHECKMYTH
12vpxoxMHAZA4TqdERoLWvzDH4xwE43gBs5sXtn9UcvPjWnN:12000000000000000000:OKDOT:CHECKMYTH
13S7ExENZWPMP4dwBp8dEr8a66imADMz7xk8Xx99LW5PTBT4:12000000000000000000:OKDOT:CHECKMYTH
1VYmjW27dLyAF8zKK2oiBet6mMS9xuUX9Tbq88QSr5z2eXK:12000000000000000000:OKDOT:CHECKMYTH
15v7JtA5ouNELWzahr1utc5ECq8d2WE93EuTuw9SBmo986Y3:12000000000000000000:OKDOT:CHECKMYTH
16GUc5gHUYjPMXSHSyeR1QoVp8TwCkuE2W1AXNf88kegDAdb:12000000000000000000:OKDOT:CHECKMYTH
16j7yFxrx5PY9dJM1fYBZHPGtMXBgdEsfkoCoEzBng1yDDae:12000000000000000000:OKDOT:CHECKMYTH
135jKcG2gyD1wFSgKeNA3x4yEhovASWh3s929u2cMhYiMYZ6:12000000000000000000:OKDOT:CHECKMYTH
16XTKBFKg4kSE8uqWssKHnySBgUoaDACK8vqMLa2ze2a3E76:12000000000000000000:OKDOT:CHECKMYTH
1YNbh27RnqoJCoHzNdfK7VUYSjKGRXxozHLzYrRe3zPk2Rf:12000000000000000000:OKDOT:CHECKMYTH
12fAvwwnhAJmvLayCt8NngYpw5LF6ViZMKBKsffJwCV4ydFK:12000000000000000000:OKDOT:CHECKMYTH
15NBzftT8smQRSWsgWRLt9JYpJqpMnjupQ6SLJdCd5ox2YKH:12000000000000000000:OKDOT:CHECKMYTH
14GF2gCQ98ZSyudZgmo9ESTHymQscZH7kVdVRC3vDGqsTW65:12000000000000000000:OKDOT:CHECKMYTH
14xPTB2HhyWSNRuX28AY1fdP5tSFwumKQFUA5VdvBAwkWTos:12000000000000000000:OKDOT:CHECKMYTH
166xB3pYDRDtBwEUo6TFD9CBxNVP3JyFDNDrqYEzfLK6twXR:12000000000000000000:OKDOT:CHECKMYTH
1op8Ynu7rgcdcue7RbpCj4qMwZ7mJkzQ42oxKyertMhvrtK:12000000000000000000:OKDOT:CHECKMYTH
13SrAUtWJUGFMn7nJ6UwZcCQuKZ1YwjFVtwyWhYY6ebkng1n:12000000000000000000:OKDOT:CHECKMYTH
13D64gTsgfzp1fxQuBzVk82qshYoZsmYWS7wiLiitkTCp1pK:12000000000000000000:OKDOT:CHECKMYTH
1ucA5tVHRdTzSHbC29ywgZx8fxHKB9wswJS2DfY496b2PMV:12000000000000000000:OKDOT:CHECKMYTH
14QUsJefLdCutjx5Ufzz3gHYfh59RtfB1H4QAoF6hPKo6LnV:12000000000000000000:OKDOT:CHECKMYTH
16CyYP3XBtLgyXkQaod9qPA9vcS5fHrTUPXmCXkUuPdBzjMB:12000000000000000000:OKDOT:CHECKMYTH
16S9smfRwENciKFaAFaAfekG1dx1Tw4GWsUTavqwoCxN9TGm:12000000000000000000:OKDOT:CHECKMYTH
16MXQtczVDY9SsswiULBE7R1itQqa6ds9oXKxsQmirVCiBzY:12000000000000000000:OKDOT:CHECKMYTH
1426MbGN7M8564DAxPv3BpzdMwexjwyzvxQsSP2reuCJKcWo:12000000000000000000:OKDOT:CHECKMYTH
15JtnzyqV8wgeevxjTbQLjrbVc5iDbZvzVfRCzwjmSQWTY2S:12000000000000000000:OKDOT:CHECKMYTH
128PPkA2tR14V3sKU1iEWspk1ECShr4FWS2gSDkcGuiFRFwS:12000000000000000000:OKDOT:CHECKMYTH
158XjRhoS4ZMrSunbWbNaayo1ecahe8i52zWv2ZiotEWCkeM:12000000000000000000:OKDOT:CHECKMYTH
16BhH87VWKb34xndZy3dwkxQzTg21LA2ojVeY8suDVufABXB:12000000000000000000:OKDOT:CHECKMYTH
14u7mEWBM7nw2y8spxunG8uG4JLai9WAbrmXWbuNjM5aTNch:12000000000000000000:OKDOT:CHECKMYTH
14zxazifuBGHGDbCuv763bKD5E6XTzN4yfaSQBQ8UwKZEzoH:12000000000000000000:OKDOT:CHECKMYTH
15Tf7zaXGakjouN7PK2MGfnAcQBophcFLpWVs2bY7zhqoh48:12000000000000000000:OKDOT:CHECKMYTH
15Bv5wXC3amTYXc9ZEUWoCk8edYDEMkY1Hexzb35jpR9sD7n:12000000000000000000:OKDOT:CHECKMYTH
148o3RgLrZNitDX6PWRnCnMoPuV4pN44m1aC9C4FUxDVo4K3:12000000000000000000:OKDOT:CHECKMYTH
13hccRbxC7E4rtoA9TNRUVuxVBy8vFYVJFyngBvYPDNJV3ir:12000000000000000000:OKDOT:CHECKMYTH
15r2bAGifFdwLt1AyH7h5eFX1hNyNxvJCLcRaC5EmNZJJiDa:12000000000000000000:OKDOT:CHECKMYTH
14FZRiscwuHvUEfAnZx6GVmgfe1HreAWApfEhixGy3kK3hw1:12000000000000000000:OKDOT:CHECKMYTH
16Xc4Y29xC1ZsYyA6tLUmebWSiwnuR2tjmbHXGngc13dc6rr:12000000000000000000:OKDOT:CHECKMYTH
15AAXKn62Hk85GRVsdwhPNoDfiUjRkD6YDTFFEVp9P49K2vj:12000000000000000000:OKDOT:CHECKMYTH
16hUBARFPRNxJQMerJdu3FB7sV5r8XVV5uwp5YzQV8vCJPWu:12000000000000000000:OKDOT:CHECKMYTH
15wZdFLitgzoSTT7pS81oxZZvVqwv3F8efQ5SpQqB25Z1RV4:12000000000000000000:OKDOT:CHECKMYTH
15zWwXqccdPrsYyVjgV4yFdDEapYkGvKML3kuq8M6pFfJzjY:12000000000000000000:OKDOT:CHECKMYTH
13tBJ9H8W9urDkHoduncXGHEAJvAEqpodtnJz7pTJSqM6wsJ:12000000000000000000:OKDOT:CHECKMYTH
1HqJHM64UdvnBvQk35YaD8VViirSaZDMKGFjE6VjDYhC2qC:12000000000000000000:NEEDED:CHECKMYTH
12zVbvszoUjCyJuTMoG9QAU5dTBEJ91jf5Jk6KcmHv1GEnxy:12000000000000000000:OKDOT:CHECKMYTH
16byA5XWi7j8XGGakTZ4yMMoy7y6LXkGW9PKhMQ8XB1JcHmL:12000000000000000000:OKDOT:CHECKMYTH
16RUgZszYmoBNqheTxD7P6Lxngor895e8PVkDpMbtEjjU28S:12000000000000000000:OKDOT:CHECKMYTH
16dAyrkLrWqHWNWpR37sUmLopsGUUqqMRXVumHUGrxGG4usy:12000000000000000000:OKDOT:CHECKMYTH
13rLdpwnA6r6DtG53KhxDahAnH44TfZbVe7BNqvPAqgAVSaH:12000000000000000000:OKDOT:CHECKMYTH
15Sf6vMggs17PKhYXjBjB8wAKP8t4k5fvS3tVxVBzBfZKQcU:12000000000000000000:OKDOT:CHECKMYTH
15yuf84sMAhtpVHKjXz3jjyQGZN2v1yAFPuxjFux1KWCF7zb:12000000000000000000:OKDOT:CHECKMYTH
14WreJsrMcUMfUsyBjFPWfjYhM3g6oq8scLH12kx7q6AvwU:12000000000000000000:OKDOT:CHECKMYTH
12iN3VaFtrPiZ9BFUs7oLrFPcMuweq2uDDLTjYpeMuoG7ucj:12000000000000000000:OKDOT:CHECKMYTH
1VmYKhRwxbm7LCgDqmC2BcCwKm52TEiReKPrZTg8WBUM9Bx:12000000000000000000:OKDOT:CHECKMYTH
16ne5kGJY7FHKqJNwUQhQAEQJWRDYQnBQeWLXdUXwBvN1Q15:12000000000000000000:OKDOT:CHECKMYTH
11284brb6TqKJjoDQDbdB3se66VsGLriufDEsBR9nU9wn4aK:12000000000000000000:OKDOT:CHECKMYTH
14dPJ1U4jptibUX5ULJwQRxchfVmtQ7zfUx4tF6CBLbUw4wP:12000000000000000000:OKDOT:CHECKMYTH
12TRTScMpnqaQokxcTXTvVxE9A3MusWfXWP6Y7Be9HPLmMtf:12000000000000000000:OKDOT:CHECKMYTH
16SgyPq9P7245bUZCfLHJSMDgDE11CdEaQnLrVWbyGXHzrS8:12000000000000000000:OKDOT:CHECKMYTH
14YedVZmSgwXdRHZigQRcPBZrc9UBEEGziC9pCaJBFRr4TfC:12000000000000000000:NEEDED:CHECKMYTH
12vyHrijEw6P5wvLgtQSEyVNgsWUXreReXyxn58AcG5NwbvL:12000000000000000000:OKDOT:CHECKMYTH
1UfCk6DA8wEjsEBLjpk6WnMhz6HcRT7eMygUgUZK8JG3uAz:12000000000000000000:OKDOT:CHECKMYTH
128x7Bv5KeGTHV1P86tq5b7r8Mqn7BWyZaQoamvyX2HH7PSb:12000000000000000000:OKDOT:CHECKMYTH
13zyEpTdxNL9J94KgU9YC4dk7PhujBx57bc88jp8Z86AuNqg:12000000000000000000:OKDOT:CHECKMYTH
15oiRXFiFThU1f2bXY9FfpZqwGXz8w23P9Hau33NYHFdZt22:12000000000000000000:OKDOT:CHECKMYTH
12eX6Hg7GLQHTtgvkPDYW36qcmZcsy7hbhLnxZ5oymjP36nr:12000000000000000000:OKDOT:CHECKMYTH
13YeN9LAy49H68qaiaa3e1rhEefEuSDyLNw8T1rpLtKrpWi8:12000000000000000000:OKDOT:CHECKMYTH
15oaacJp87T9fDtNyPoRJHzZfDonK1qyuTrcPMixUgJpqk2:12000000000000000000:OKDOT:CHECKMYTH
133YYdegdS9af2NXf9JmZXYKpkTeLTMvmugmeQzmPmNcjJi4:12000000000000000000:OKDOT:CHECKMYTH
13PCegcoY9RmP6H4nNdh2VWrULdodZARrfTFmNwUQSSiK1tA:12000000000000000000:OKDOT:CHECKMYTH
15zfxJnq8ABAFRNBBekuNWAxYbPv9tWGfHx9xasYh3fDeGKg:12000000000000000000:OKDOT:CHECKMYTH
15GANyp9neFLCpAZEUXiGnHmTP9DdMFW9xVKBBE7KxNqc9x6:12000000000000000000:OKDOT:CHECKMYTH
13Z5icniTqMFr2JNB5EaCHKfeKxkWHJ9gpWHnSwL3Znaovc8:12000000000000000000:OKDOT:CHECKMYTH
1599Cy61km7aWqA23DvGRg4Zt7M7EQ5sEY7mtn4Y79qx78Sv:12000000000000000000:OKDOT:CHECKMYTH
15w6MqLTdsE3qCNzXqvwgEDSsqhQxnxC6AULVg9SdUux1g8A:12000000000000000000:OKDOT:CHECKMYTH
12tF3yBarD7ddLwKzsX9wbCwEPMVk6yNFKkZ1nWMj7oZYc4m:12000000000000000000:OKDOT:CHECKMYTH
1459K8DQn8s8syZTQD4Jav3V9g4JU2W8zT9Rk3Vw3Lcix3na:12000000000000000000:OKDOT:CHECKMYTH
15QpzXy6WybTDgrt7XdfbnX4K7tSNHzk19sZagxYQ92wpYj5:12000000000000000000:OKDOT:CHECKMYTH
14qF3rL73T5neq88a8AJfpfFxgrY1GG64wSbYK4ARcoywv72:12000000000000000000:OKDOT:CHECKMYTH
1yirvEuF3P2o12Ub77naUHiPQVdp553cViFH1UBvFQiUJL5:12000000000000000000:OKDOT:CHECKMYTH
155XJHi7Y3YxMd9wHWG9y5VEgfb4jGdkZUoupb9wXKzeNGHL:12000000000000000000:OKDOT:CHECKMYTH
1uuXzahxkAtTfmMJ8RiYeKgYk3ve2yVVKwu6ybAzEXAdvz9:12000000000000000000:OKDOT:CHECKMYTH
15N5Cuybpp1yMxryTtDAHSsBa513rEyQ1qz1E7AQYSxoc31e:12000000000000000000:OKDOT:CHECKMYTH
19cVQfiMRU3Md4YDUYCiVHkWVqgeMUxUgrrZbf7iMtnsowP:12000000000000000000:OKDOT:CHECKMYTH
16aPZnRVKrkRAyQq6KkzzUU2pyLShVSPvdKbQqLGRNT6tLmi:12000000000000000000:OKDOT:CHECKMYTH
12Wx81DaC8RDsbbSuv41fMMvv5534H3okq45UkeYKUdhGMEu:12000000000000000000:OKDOT:CHECKMYTH
15YzpKuQ8Bn2u7naLNAEVif6o4tYw5Gg1ceL8xx7WXNSz8Vz:12000000000000000000:OKDOT:CHECKMYTH
12gyMG8LgLeY4xesF3x6TTuYt9gbQoerVrTY2bAu2mjc3gXE:12000000000000000000:OKDOT:CHECKMYTH
12Z1D8njW5NB2s5bmVrdtm3mHpAK3YYxw6gk2jM2Czf7CsE:12000000000000000000:OKDOT:CHECKMYTH
13YvTAF4GpHHhs5w8FFh7gy6hXNafwKViNP3kzZ6TV3CSQkK:12000000000000000000:OKDOT:CHECKMYTH
14v9EXeefCKujPh26mzYKWbw77i2E4MmvQVZ7q4nMb1L4ga3:12000000000000000000:OKDOT:CHECKMYTH
15aumfinqjCuwtfyQ3DepwF2Kn57AbKf1kvnZoRHn4sa7DrD:12000000000000000000:OKDOT:CHECKMYTH
13aUzjipym8m3PRgf3o2Lx77y5D3T8yeR3DhXbbcZVouvKvY:12000000000000000000:OKDOT:CHECKMYTH
12SxzqbabDFJNM5AaQufgsDjB8MvxfuRqDLZ2duEv5VCeHRV:12000000000000000000:OKDOT:CHECKMYTH
1bZ3JMETiCQhZiMCZfQbR3x5zBAkXHXiWvDEaZX63juTvYd:12000000000000000000:OKDOT:CHECKMYTH
15qjAfNkNfcs2VSPaYwhdZpKsvVxMM6s7RgvWrNPDqhVoZ1C:12000000000000000000:OKDOT:CHECKMYTH
1oW7heA5RVVa5LbSRGo8ZcDSskA5TXU5swFmXKVJTc2wL6S:12000000000000000000:OKDOT:CHECKMYTH
16TDNf1mPFS312YndQskG2VbwNddxk1zPGu4HyVXahVLCqU5:12000000000000000000:OKDOT:CHECKMYTH
12eyehLouG4iJm132bhfNvp2p4Q2KxnETT2WbJSrZeHnFti9:12000000000000000000:OKDOT:CHECKMYTH
1Cj4NHcFE2LxC2nRqriigEt4dUv7BZKJSLuZ3DdiqsNxdKP:12000000000000000000:OKDOT:CHECKMYTH
13P9iLZQqMydoW36HVzckP3Lf1oAYcLh53FxJyjaeG5TRPEP:12000000000000000000:OKDOT:CHECKMYTH
1amRJDKBgf4D3a8UUnYEiKBUcAqpQZFZtPaz6gKAZdSoUuw:12000000000000000000:OKDOT:CHECKMYTH
14LoLU6bkPFDEuitZR6YUY9kagDaz1sgPmErkLv7BfkmW3Ro:12000000000000000000:OKDOT:CHECKMYTH
14vr3VAo6ExQoyC9aSbK1wiV1VXehhVXT8qTa2dcAPEFnU4V:12000000000000000000:OKDOT:CHECKMYTH
16ZWd7i8Wi7te1R5UZCgbqNpJsjH8Wfpu1HyWxptqn9u8r6m:12000000000000000000:OKDOT:CHECKMYTH
15sMCTSa9AHSsTWecmTD4XxXLiw4enTYnMNaHstJTnpwyTMM:12000000000000000000:OKDOT:CHECKMYTH
14TQyfSmXNoKjHRDmCapXo6whomo1JNAmtCoBtBFdz6iAT3Z:12000000000000000000:OKDOT:CHECKMYTH
14jupjaN26pUKqMoqy5uvX8coWAdJL4FcQUSkzg3EG3PyVof:12000000000000000000:OKDOT:CHECKMYTH
15CXzvsrrHJRdqf1cKaRdBfYHrxKymVuSJ43AregFTsMntcL:12000000000000000000:OKDOT:CHECKMYTH
13ky7oa6N9tSsHSqoPBvUW6NHdHopGwqXveWqU3MmzWb3mUY:12000000000000000000:OKDOT:CHECKMYTH
139Gteg7RCkkQZTQZDA34dhJmXiFGwpQn5Tyk4wwCjVz66rv:12000000000000000000:OKDOT:CHECKMYTH
1MbpMa1meAXB9pbM2UrYQwZTjkU4U4uYGfts7xBY1fVLKMn:12000000000000000000:OKDOT:CHECKMYTH
14d9riXJKXbQiWkpLKuqCJv9hSam5KNU6FCHeaSwiP6Y6tRt:12000000000000000000:OKDOT:CHECKMYTH
121KhZbe6B2N81FaU3eA2xa71qx5DT3wsFdjpBPAq7XhLTxE:12000000000000000000:OKDOT:CHECKMYTH
15AyDRtA1k22iDmBEL815pWGRDsCvvsfWb5WCxbW3PDTXkjz:12000000000000000000:OKDOT:CHECKMYTH
13664AUic8SWiFT6a2FpvwXRa3EwUFKsUJXm7xGvZPTuTUGk:12000000000000000000:OKDOT:CHECKMYTH
13Kzs9ncVNaDCCVtD1EXhgbzGn4EyiV7qG9HcR6bhD5iPtKP:12000000000000000000:OKDOT:CHECKMYTH
14vZva5dgCtQFpGt4NKHsSuszVW54c7rZsfPFFpzCC6CVATT:12000000000000000000:OKDOT:CHECKMYTH
13XNX2JEMZbJgS1HLDxjKTuqE1LsiYwH599U4wLEhUGJroKq:12000000000000000000:OKDOT:CHECKMYTH
15DSJKapjapWmmq48egxDaSDAcSULY3X1H6KgLTyLzpZ7u4D:12000000000000000000:OKDOT:CHECKMYTH
14fLzwQ1wmFCZNevvCMXVrHhDMqk9D3JFzRhKWhnoGQa8u5:12000000000000000000:OKDOT:CHECKMYTH
16Et6d7cXQ8TKY6fA2T8WXiJjxdY1JEcLJn31GLNnyDFFjFt:12000000000000000000:OKDOT:CHECKMYTH
1gqN8qiNLgxnrKaV1a75VhyK4v6HCzbDn5GP4ekerMg27ha:12000000000000000000:OKDOT:CHECKMYTH
15U5sVzp6zzaE9FMM8fqnZGQ5aC834p2UZoQx7D2GHDHviwG:12000000000000000000:OKDOT:CHECKMYTH
14zh9LxS4dhhhx45iNQvRZV1veQ4qkWy7penfmcZHoGhHbhn:12000000000000000000:OKDOT:CHECKMYTH
15mfe3jxhoT7AHTjhfAPFEubkDWjCA7xKGiQEB9XzLAhQEVG:12000000000000000000:OKDOT:CHECKMYTH
14p22gLARLqMun5rqJt8JQko7onrhYpC6PLd74zPrKC73HfS:12000000000000000000:OKDOT:CHECKMYTH
12oU1oCJNRgrfpWjaGv1yVc778zkUZuHEAifnMYgcxfBFErx:12000000000000000000:OKDOT:CHECKMYTH
1ETcFCnmy4Cm9FChkJpgdPqrLBgjC1AQ6TZr88SNnw6tW1F:12000000000000000000:OKDOT:CHECKMYTH
12iDEtudCd2FmWsZGThpLpLBjicJiwU8JfyWFLFrEHsH1r7s:12000000000000000000:OKDOT:CHECKMYTH
13BsbE5yhNVVnDnj5ANQGfe42uSd3NXeVi6H4ToMrNaVxLZt:12000000000000000000:OKDOT:CHECKMYTH
1516mJcqyWzJAZ9JKroeSbCPUf4yVvmQx88gWZhzywx4NCXQ:12000000000000000000:OKDOT:CHECKMYTH
13KhfgiC1TjLmgWqboxWcJKFiNcxBJvshsE2x8okRWsUvX4m:12000000000000000000:OKDOT:CHECKMYTH
1fuHMpN7zcVfy396W38P384oZGhrDh32WkxomeHcgJ2vQ1F:12000000000000000000:OKDOT:CHECKMYTH
13uM5XBHqV5154ya39SFVCdzyYAnaJJkeK3h8NW57s8t1PTg:12000000000000000000:OKDOT:CHECKMYTH
13QLWdLJ5zyQh62HwyeDeXobgYAZVnCg9eVEPux2nrLnHjDx:12000000000000000000:OKDOT:CHECKMYTH
16mMGAksmotTbnassH8RUGtBAuX5JfDBgWasp5kigbm22N9C:12000000000000000000:OKDOT:CHECKMYTH
1f5XPmEDz1wrzP6zWxABDAJykMYYhbAWVqc3JvvkacwaCHT:12000000000000000000:NEEDED:CHECKMYTH
11AzRKY7ZtEdpQkLmPotJKwVSxVr5j6xRWbPp7JKMAGkFcj:12000000000000000000:OKDOT:CHECKMYTH
14oQJ8CL8G5c6SyAYVmN8GMgeknLH3DFrdboZprzWYPga954:12000000000000000000:OKDOT:CHECKMYTH
1ZF1dU5Usb4x4U9jnovRpv4fQy9Q5TN1bTYYAZQUo89pwXC:12000000000000000000:OKDOT:CHECKMYTH
1533WzhTFvssQqvJ8TzqGyUou7y9Yv2Kq4iWRkwAqFRzcqt2:12000000000000000000:OKDOT:CHECKMYTH
1465z1W6zkqJyfCpS8bpQn379dpbsaH9jJm6vYPNYGtHEZiE:12000000000000000000:OKDOT:CHECKMYTH
14ZwXXDRqnxAtPWSXwUbfwfXKrb6LRfvNgfBYeKAcoAgAwYG:12000000000000000000:OKDOT:CHECKMYTH
15khXDcdmehQFpCtkyGEhpm9g2zEUGAJ54Ycf86qYepPzSNd:12000000000000000000:OKDOT:CHECKMYTH
141cJFV13pjd9KSwWTBaBbPsts27hWqdASTGaRqqXo2JMvc9:12000000000000000000:NEEDED:CHECKMYTH
11SbXh53NB3pkgLbreCAcDfxes1F3puB7qdVuQnb6MPYLQ9:12000000000000000000:OKDOT:CHECKMYTH
15HMHUbWR8aTAr8eH8Ko3vKM5ds1VMvZ3EfWTXskq9926zHw:12000000000000000000:OKDOT:CHECKMYTH
14TtKCsnjvKfeQjwktiLc8PibEivybQUSstJGM1MWDxNEYt5:12000000000000000000:OKDOT:CHECKMYTH
12Bz4pgcGWvJo44NBPnbKkyrjppNisgo5JXmzU43amkZu5d7:12000000000000000000:OKDOT:CHECKMYTH
12PaA7JJwCThPBbfr1p3tihWrk76EyVbFQhFbqHnubb47Wpy:12000000000000000000:OKDOT:CHECKMYTH
16GV3BzeJLUxrzRABZ7VySy6QcgnkAPPy8aEXRvLSF1bohH1:12000000000000000000:OKDOT:CHECKMYTH
14DCNfVxeZn6uktd6gWMAuXY3J1RQTBhd7uQeipheFQw4Htf:12000000000000000000:OKDOT:CHECKMYTH
12Bn1fdyUJNCv2S2VPeeUkaniNBTH2eFJyNRbfbVHA3hNX8w:12000000000000000000:OKDOT:CHECKMYTH
14y7tNym2TswiC7qnxMREM3T2F7E8rQzdgecurv8V1SKP2R7:12000000000000000000:OKDOT:CHECKMYTH
14AFnGMddCXGKwGG42P3SixoXNWs9aNTLuEm3TMStpgadmwR:12000000000000000000:OKDOT:CHECKMYTH
15B8uUY2f94t7mBs4qNBdnLYXLpoM4tzL7CikhQJUfwgkq6T:12000000000000000000:OKDOT:CHECKMYTH
1312oraD8UoKJ4qngbuv4qWqPYzBdXgQb5uAbmFCebKSvqbD:12000000000000000000:OKDOT:CHECKMYTH
1vMikcQCPa5v1HUCV5pgjHdSFReSxtkdudADYGyPLVTCFQ6:12000000000000000000:OKDOT:CHECKMYTH
13VSKguoVyrv1thLV3iR9kYKGHgWHrLyhKAbQEaguxjAfxMt:12000000000000000000:OKDOT:CHECKMYTH
13W99N5sqPgvQ9tpDunJHHhQmdVRbh82126YnUeUVGfGSo94:12000000000000000000:OKDOT:CHECKMYTH
14Udrhr8GGa5r76HtjQHeFKFWx4hm66HH7fa9S9Gp77worfm:12000000000000000000:OKDOT:CHECKMYTH
15QShJPgrTYGyEcuQxhAxZawxMfuHiS69rzrZmdfZtas5GbA:12000000000000000000:OKDOT:CHECKMYTH
16cv2JesJBSmvtk1beb2kp6GfYDgiBkWjun8PLqLyj1eSyPd:12000000000000000000:OKDOT:CHECKMYTH
16XSmC8WgqvbzJhRrtxfi8j2733aGVTEeb8GEatcCVxGU8xg:12000000000000000000:OKDOT:CHECKMYTH
15NepnbbPKFMSvEgo3efWRVNqtkmAQ1v9oNeM3WSDdfJYAUy:12000000000000000000:OKDOT:CHECKMYTH
15bCbMngtUUNBVgT5q7dMsXkMV8k6AUtxKAKzU8nWhAeoYf8:12000000000000000000:OKDOT:CHECKMYTH
15ckgeH3JjH8wSt2xZEi4FXBH2dsoFpaknbLfu2Li1aXtA4P:12000000000000000000:OKDOT:CHECKMYTH
12BxXYa6A5d9r7g85tHTA3bbUiTCq4tgDW3r3TYSdu2XaiBN:12000000000000000000:OKDOT:CHECKMYTH
14tJNBEb17yHxU2tKUgHE5HAh72zR8V93JMCCftDb9Ac3pwY:12000000000000000000:OKDOT:CHECKMYTH
124G9TUMsQy4qGd7SGeX1HpTHU2BYTDoGoFwd5ChtKYcZSXK:12000000000000000000:OKDOT:CHECKMYTH
16iKPzbHBscq6fjc4JJfvcUtPekgLnkCFfa1WJKFrapfuLE9:12000000000000000000:OKDOT:CHECKMYTH
16LeCnKfDt3CzfixR9MB1zsNLGKaHXUaBx7rBrGNy44ues2v:12000000000000000000:OKDOT:CHECKMYTH
16JWTyeMp6PSyAhsyqj5aP1TCzPfNzdQN6mCm6GZrkaaX6mP:12000000000000000000:OKDOT:CHECKMYTH
161w7kC6RCEC233rrP5TuSZKbTDKEcWK4JU27CXB48UwXcfR:12000000000000000000:OKDOT:CHECKMYTH
145dcoFCGh6bsFpwS5Fdd5X5bWAzhbA95dciSZvfMDKvUN8H:12000000000000000000:OKDOT:CHECKMYTH
15t4C7x9agk9FBdyY3QspnbcSSqG1bmcox4EJCTQL78Z2JWi:12000000000000000000:OKDOT:CHECKMYTH
15uwoxhYJCtBQ79ySbFHG2ugXJ5WmuuQa7EYQSpzjGu2ZkqU:12000000000000000000:OKDOT:CHECKMYTH
14Z8JMT9hH5Ke4Pnf1m6wK6BdkUuZfSrVn7gp7AHVBxyk6jP:12000000000000000000:OKDOT:CHECKMYTH
13RHTNZE2Es7R7uuf8jeTXF5LopVMBPKaCsGazCc8tcoMTMd:12000000000000000000:OKDOT:CHECKMYTH
16AXkAwDWq5F8geVMPm2yWNtB4HGc1gyrYr6tzW11tnShG6v:12000000000000000000:OKDOT:CHECKMYTH
12LfzwMtSnrtKkv8JfRCD5qP9euXo4C12qh2eP5VokVCUH8r:12000000000000000000:OKDOT:CHECKMYTH
121AFNEpVfjBwX3oEHMmnpHNSkB6HvNuwGvr5fVX9dKFc3SB:12000000000000000000:OKDOT:CHECKMYTH
156FfETRdYLrcTJmU1wL9WeTSFdT25Wv3LG5vyFHc4nyDFpV:12000000000000000000:OKDOT:CHECKMYTH
13MdvPdtPzmAY8zp9ZuWjf1dJK2F6NthVvWEDagfMidyVEi4:12000000000000000000:OKDOT:CHECKMYTH
13aS2mJ6vGficnsAeMdH8eU8GYurmameAFTf77yddhsbsLmZ:12000000000000000000:OKDOT:CHECKMYTH
13WjcE1SPhMB89CHQk6YmNJVLNRU1eNCpMatBS9AnSVs5Gib:12000000000000000000:OKDOT:CHECKMYTH
16L49d7qxdw8j8yTzPaQUBNT1QzLtq48kVNfeQSDtkYeSAQh:12000000000000000000:OKDOT:CHECKMYTH
16Gw7E6NALZ3P35eWo5a8WHcFzvidWMWiCn2EieLtT9sVt7p:12000000000000000000:OKDOT:CHECKMYTH
123Qv81uBzE33vRnoHpvKPoguRc5SdmGZDEhb3xEZutorP5g:12000000000000000000:OKDOT:CHECKMYTH
16Pkd5zhupDmwcTFPSwMo2FuQRZCsE3RhEPY6hmMt47KDaZ6:12000000000000000000:OKDOT:CHECKMYTH
1EysBGZJaXDvKq4rMCE6kfh4r3SqiRE3jiTXcKk8F5PRniu:12000000000000000000:OKDOT:CHECKMYTH
13B3fV6XLj777yKo766DcTDCAecbMhaETmRKQmDheqios4ky:12000000000000000000:OKDOT:CHECKMYTH
14SpVnpUC5oHZMja71jvVNKeb91ucw7giD1wm4GDH5aBeLs1:12000000000000000000:OKDOT:CHECKMYTH
1JYV2x4jd1wm5xJHxashZMMKB41WwKefwucDegjDN727V1u:12000000000000000000:OKDOT:CHECKMYTH
1ZYs3vQgq8HdUKXTLfkADQ8mLNXGsSak78vQyxYdwS2nme3:12000000000000000000:OKDOT:CHECKMYTH
124KgRzDRwxuk7GauofGPzaa7a5PnGmoXhKBaecthNRU2hYo:12000000000000000000:OKDOT:CHECKMYTH
15Ua8g7XoX743keYGGeiCi36wyQeXgH4jUExRsej1VuAuL6p:12000000000000000000:OKDOT:CHECKMYTH
1Bh5agAgwkQ2mPLvATgzB9TgCtT72Avc6xbdXsXx3oV98Cz:12000000000000000000:OKDOT:CHECKMYTH
12MEjtgMQEbkLzWnsKvav5CxtEhE1qwbtciBSCkk15rbNa54:12000000000000000000:OKDOT:CHECKMYTH
12Tb3gKhfp69Le1zGsrGg42vAsswAh1gubYVCQTPBpJfnkSW:12000000000000000000:OKDOT:CHECKMYTH
123nRFufmYy2YVbTeFJdJnV9wTSR5xmx6L1icjHxrfoUR6Gf:12000000000000000000:OKDOT:CHECKMYTH
14H4Bd3N8s989gw7n9m3FhhcjvEtiAoH8wBAniBEMyY5PMGi:12000000000000000000:OKDOT:CHECKMYTH
13d6TvaY6WrT48J9VZgWb8z9QBqfjYiHpscAFo56Yx9aW8Sh:12000000000000000000:OKDOT:CHECKMYTH
12MV289gffRCjEadCqcXTZDn3fG2jW8tMgfuK6Nf8oDgjaFo:12000000000000000000:OKDOT:CHECKMYTH
14VDBRq1zwpWTrrRjCbMDsJrvZz1YwjzpkZ36goQjeZGYrCr:12000000000000000000:OKDOT:CHECKMYTH
1QT5fgFMaMHQfTyxeAtXXHeLqWo7FpKPMt5t486tw1p4K6i:12000000000000000000:OKDOT:CHECKMYTH
13BJgfo9i6PuatPhWnKnk9ZXVF7z6pqWGHtedV9xSMafg9Md:12000000000000000000:OKDOT:CHECKMYTH
12Tohz5QMgpTCJ3grUt1gd7tDZZsE95EtXfqdA4TASyz3BuK:12000000000000000000:OKDOT:CHECKMYTH
13YmbsVb6MfvRm69nw5Jea8aP8wZg9xZ3sRtfEsdQsqTANCa:12000000000000000000:OKDOT:CHECKMYTH
13iFQ7ccKkQuZHViTes8A2PoFUJwzxuSP36qVyqXNe3LuGSF:12000000000000000000:OKDOT:CHECKMYTH
14N2Eg7WtRUhuGpCr5yZDwNsT9dzEtR6gke341Z7taJbx4Cy:12000000000000000000:OKDOT:CHECKMYTH
15JuK989PyAaeeTJnbCv8JRHb1R98oBJT68da6hdFAqo4g54:12000000000000000000:OKDOT:CHECKMYTH
13jpwMWfMzQaAriAmCE4vmNyZkfhTEC2jgVApbsoBJXNDb6c:12000000000000000000:OKDOT:CHECKMYTH
13WJy92WEX9gymYSzowisLriL3ynKfVnyCPrgQ5rHrCwjj92:12000000000000000000:OKDOT:CHECKMYTH
12KmMftsfwXbPnrczui9terJVEM4UrFMt8qbuuPspW1ooERD:12000000000000000000:OKDOT:CHECKMYTH
15iP4widSqPYEoJ7jgGoXP5s71dSFKAHc8kGx7rZc8qbLxnq:12000000000000000000:OKDOT:CHECKMYTH
12Phda8tnHcymbFdGKmyPgBFWfWyzr9dhJBC3gb4pusvVEpv:12000000000000000000:OKDOT:CHECKMYTH
151D9iyJ8xnRfBwmB9u8hkxQVVCdi7gKXmYzjaMynUxYa1mU:12000000000000000000:OKDOT:CHECKMYTH
14iGMaXPnRR9q8Z4Hs31zLPP5C8HVfUgQj5DroLnwF82y7wb:12000000000000000000:OKDOT:CHECKMYTH
1HAdwJFFaVsRekQmf4dvyXWGX7LVE9i9WuQqzZqic4iTdHh:12000000000000000000:OKDOT:CHECKMYTH
14MGRjqMcLCoVKq1XU2jLx2wg4adrBwDzB6FSQx7kmMAgCJV:12000000000000000000:OKDOT:CHECKMYTH
1SYixXDqdHQxyN3hbygGUdJX7jq2usrLXxJQLcGuXp1WhAd:12000000000000000000:OKDOT:CHECKMYTH
142hTDtyFm74FsoqrFjPH8umj21pKZnJZ378mkK21Qkrfn9m:12000000000000000000:OKDOT:CHECKMYTH
1415G36s8jpC63rZ2m5jkTKEoXS3qAyWKgFHMT787mh6Yt1K:12000000000000000000:OKDOT:CHECKMYTH
1cvWfnwHRnMdThfQoc67JFS9WKgfgdFch6NiaoUY3brf8ne:12000000000000000000:OKDOT:CHECKMYTH
129HVitpJ2xohG5ZhgSF3MAPprqN7N6BKpnwYfyikkcUJe7K:12000000000000000000:OKDOT:CHECKMYTH
124PBikSoGmPEkXs7A4Myv5mbLa13VTsL3p1hWevuM9RSiiv:12000000000000000000:OKDOT:CHECKMYTH
1YSbp6YuNqWwC5G7NR333n1rAnCGt1okNVLGac1MXY1rBJH:12000000000000000000:OKDOT:CHECKMYTH
1RdHMrA4xeXUcfcKYKyjD4DH1U5ExUMKxSrTLthx9XUi6Cp:12000000000000000000:OKDOT:CHECKMYTH
12nB8JUzhE9mnV9hLsDa1AhbRMQsdrB8ADGoWqHU8ybSGkQ8:12000000000000000000:OKDOT:CHECKMYTH
15UewwnSYrmKTUQQASegXrUg4dB2kv8MpTyektDTgdgLLmJh:12000000000000000000:OKDOT:CHECKMYTH
12jhYg9QB33zvMUVsTYSD2nmyjNDDZwxE7UsFvw6HsVfZWiX:12000000000000000000:OKDOT:CHECKMYTH
15CzLe2wFrtHdXR4kwzaNCezSWp5iS6CG7Cnu5jaBqRNEoFP:12000000000000000000:NEEDED:CHECKMYTH
12uSHwLftRHKv3E8YZJgY9qL7WWFWBcTkbF35gEUuSE5eA84:12000000000000000000:OKDOT:CHECKMYTH
1U6wHQCfYNDybzKzxUbortkxamCdg4cLg6grCQv9qiNXBJ1:12000000000000000000:OKDOT:CHECKMYTH
122gWLfTxLMeEhdRowaU3wF6Yp7FjW6fh8DeE7K1FhN1bzLd:12000000000000000000:OKDOT:CHECKMYTH
14JvUdYW7oRXhPooEJy3FrAXuo6nLoov5yEXLkNUwnbm8hsX:12000000000000000000:OKDOT:CHECKMYTH
1g7vcB9BM5L4eSvdUvNkmmmJD2zVBxyRWwBXEgbBJHgJHEg:12000000000000000000:OKDOT:CHECKMYTH
146caskZYtnM951Noj4AxWWprt9WmBsxs1jnfB82FhLANUQV:12000000000000000000:OKDOT:CHECKMYTH
138KgvEsE5qA8QWJdfyox3ypSCNjxZ1no3jRcuF3WH1uQDGh:12000000000000000000:OKDOT:CHECKMYTH
15oQBaY4d4M6R3EgqCdrN5szu1BwcbUgn3HtjcNwTtzVrfuG:12000000000000000000:OKDOT:CHECKMYTH
15TjYxK7pYeyWomWEYeTHfQdhhTQ4uAUEbb9iJMnEDKLbLXz:12000000000000000000:OKDOT:CHECKMYTH
13gPRjKp2qPQNHsHBQSv5ARM9Ys9HvPFhnGV4WV3rqNc8xF:12000000000000000000:OKDOT:CHECKMYTH
12YdQ8jGUZ7bPozdzTMdAqVXK4s4zFr3DEFuQwb1y8foZHx9:12000000000000000000:OKDOT:CHECKMYTH
16j45d8sezPG6exxhuHU2uahy4LgKCbpnS1uBh6AHtTa8Pcq:12000000000000000000:OKDOT:CHECKMYTH
13TpkU3rF8V1eXV5aShz5tu8F221StyfTftD5nW2HmXmHBeX:12000000000000000000:OKDOT:CHECKMYTH
1EL285jP47PnY4SYHzVuW2WMokHqJXLwKSNS4XDbfVwg8ej:12000000000000000000:OKDOT:CHECKMYTH
1KSGfY38nEFGcYAnGqkGJuaeia6fpt9f3gEiSTMts4Hao4k:12000000000000000000:OKDOT:CHECKMYTH
126su8BfkSLMLmW1KoMkdxvduNXssXkixjXHw1uQFQJawLuV:12000000000000000000:OKDOT:CHECKMYTH
1585P9Z9FdURqa2ktRXTUhkPotr5frgw4k1TfjMGMJdtt8E2:12000000000000000000:OKDOT:CHECKMYTH
16KcLGbFPBxe7YoE7Z5FWFJcbS6uskDjnmRt4d6oQrkMit8w:12000000000000000000:OKDOT:CHECKMYTH
1jXkWykWCJMYQhNSKiSmnzHfG6Rhr7pmc1TjStxKLqjQ2Uc:12000000000000000000:OKDOT:CHECKMYTH
149cbtnzZgkpoxyVAsE445z7rMfrJMWPVW7E2hkVkqp5UVzC:12000000000000000000:OKDOT:CHECKMYTH
14ywdntF9uz3P9bmE22sa76xqBdYSQyB5VUGCYtLFppMpmnS:12000000000000000000:OKDOT:CHECKMYTH
15EzaCjkhB5WDYQJd835bTVsqssD4TRVAHPtWZ5gnvfZxGXC:12000000000000000000:OKDOT:CHECKMYTH
1W5N5jPCm3xP5sZ7aYzvg8urdMBrUKgtEERVKApnFZHnqSU:12000000000000000000:OKDOT:CHECKMYTH
12L7hwFtNBx8RvFWS8d2WhBSJZhM93Fr6aLSkHsQhg42gXWR:12000000000000000000:OKDOT:CHECKMYTH
16GqtFjxveGw2PHQXMvx29wA8BTfzRwgGnJqDsXvBdvb3KnL:12000000000000000000:OKDOT:CHECKMYTH
15AjymnukyxQikzMKSaJMxCWmzKVUKxUasVgBieR1HBUQtag:12000000000000000000:OKDOT:CHECKMYTH
1323e3yEKF1FV2vzxbRiyEQ1dDtHzPJStwfAQ6VgkyUGiUqG:12000000000000000000:OKDOT:CHECKMYTH
12gKTWFNk14CfP2Xcek7FywLvamkYi1tcYbadVn61GpYsFVt:12000000000000000000:OKDOT:CHECKMYTH
13ZpkJEnJJQUgj5ApqEU5g3jXjyejxWUUfUz7MXfY8tjkKqL:12000000000000000000:OKDOT:CHECKMYTH
12i1eddmrKGVhSV9PcVWGCzYsYYL25gHy5NZEXUT3wzy9Mnh:12000000000000000000:OKDOT:CHECKMYTH
14ECn3QVFPAK54ftVRjgpKegeVhaQSquQLpcS4RsvxEaPw81:12000000000000000000:OKDOT:CHECKMYTH
12Sxd2EjMJXYW7DDjK8g95MqTPiSQ17RB9cmPrBvma8d7nSy:12000000000000000000:OKDOT:CHECKMYTH
12159RJHiCLyf25HBmuS1B2ZsZjQuvUegbPTKRHJ1FRqyV8r:12000000000000000000:NEEDED:CHECKMYTH
15mHmV9e7dNtjdy24GDs9GEfuSfZS5yeq6ogs7ygdcDoChqD:12000000000000000000:OKDOT:CHECKMYTH
16Drb5najrr3pQoC2Q34XtceG2Mggov9ZrbBnPFiVCdYnXs9:12000000000000000000:OKDOT:CHECKMYTH
158c6SPJm4mU5GcNem8DRf2przpBzADeBor2W2r6N9DSnDzn:12000000000000000000:OKDOT:CHECKMYTH
13zB2uw4AT8d8ZcR1RbYB6ScH3yiwasQpEoCSqYvvMbfK1Cv:12000000000000000000:OKDOT:CHECKMYTH
1rzEy6Gj6PM1P78CRtyzAUoeQmz4XmGKDkqDBWk4LSCVLrC:12000000000000000000:OKDOT:CHECKMYTH
1CWbJmqjMrVQFNv4dr6uKqwCLf4kFedQwQ5AX5vUvoLReaW:12000000000000000000:OKDOT:CHECKMYTH
131hVCuXsiArMBiqKwFQV6sarV9WaPpQ2BSVmtomhLnmGSog:12000000000000000000:OKDOT:CHECKMYTH
16AEkdgMvbemKsERyEWr8RsnLEt4nKtFw37UB247FUWxrRr9:12000000000000000000:OKDOT:CHECKMYTH
16iHEfSC112zqsYaBupPgZAVVrVypov4UxpD3y48Sth2XCx:12000000000000000000:OKDOT:CHECKMYTH
1jRaE1bF3X1Ah2gJGb6VuEzComdvSxNDShNzfRpyjC1kZYc:12000000000000000000:OKDOT:CHECKMYTH
163tdQX7JvztMqqsMTrpc14o2oLvQ8GahDNbtf6omZDtVrab:12000000000000000000:OKDOT:CHECKMYTH
12MzC1DWqFg5D2jgQZKJxMEuoURuQCw5ud7r3BH4zNuZPZku:12000000000000000000:OKDOT:CHECKMYTH
12EL8vwPPYpNSnpWtU4vwPse3KWKxWppZEJKuAGVj71vzfU3:12000000000000000000:OKDOT:CHECKMYTH
13jcxhcuWH5jVYTPgUC1mNq9f9CNPCp2h9jPJNyFb4Hckuoa:12000000000000000000:NEEDED:CHECKMYTH
129fSZFbRJot1KNtechcG4vJ3ZgiRzgDzeTxbCKLE3J1ehRq:12000000000000000000:OKDOT:CHECKMYTH
1A8Ho1dZ4ZjGBzNwzcLtoPYEz8xVjDdxmsavJDAdo7NDD8p:12000000000000000000:OKDOT:CHECKMYTH
14KF4dTm1K4AqVsgm8RwFajxnrwq1TPrz2iHA76XVEEsocZo:12000000000000000000:OKDOT:CHECKMYTH
15kV6uJz7iBDuHk72S7SGUU5Y7hWbBcNRp7eo5f89eKt6otB:12000000000000000000:OKDOT:CHECKMYTH
15xvoknXAy2CfXA62GicynyQy7dnyo4yPiwvsgrSq97FNhv3:12000000000000000000:OKDOT:CHECKMYTH
159vnkyCN7n752L8TktYYW4YpLfDPUkKbKXJEhdRNUj1CwsJ:12000000000000000000:OKDOT:CHECKMYTH
16JkMp8oWcNzyxj7CBNTruRavWW6vDiYtSzaausrH1Cdmja6:12000000000000000000:OKDOT:CHECKMYTH
12EBbXhzQ9Ga5LxgpSaZ1vcV2TyAs4BxCaevjRPtxmXf5Nhr:12000000000000000000:OKDOT:CHECKMYTH
157thd7CPdQh8jpHprQHFPcFF4ADNKE6NWfmcuuSJNNs5FTC:12000000000000000000:OKDOT:CHECKMYTH
12qU4J6Z1kfhxYEKuYLSAmhUbAntfT12KCfvG7v4CxhX7GYP:12000000000000000000:OKDOT:CHECKMYTH
13imtvSmqF8nQEEpcQUxEf8n5hmMZ1dcU2SJkBafrqxxPbTa:12000000000000000000:OKDOT:CHECKMYTH
13fYBn3mmemkpvPGWGWMQywHB9SRE3edW9Emjoe1vegGc3Jh:12000000000000000000:OKDOT:CHECKMYTH
12hWo9x8ijJwtSgTHnXd4MzKgrehEL8RhJyudzFdFt6dTy8q:12000000000000000000:OKDOT:CHECKMYTH
14mxy6fH1J8YYHQLjA4wM9TYqF94PyqAGgQvw9aC6E8hptqa:12000000000000000000:OKDOT:CHECKMYTH
12ZyM956Yhkii35Q6g7aALKq4TsaesBSpx2uTa9tfWt1aYnX:12000000000000000000:OKDOT:CHECKMYTH
12sWaVs2Yh9ir5CsxXYGT6TmyefXm8G8ke1Voo6rxBD4eReX:12000000000000000000:OKDOT:CHECKMYTH
16hFrirU7ad6gY386nSG9MngiytoNpnzDk8hsJnGKHE3ajXJ:12000000000000000000:OKDOT:CHECKMYTH
15adebnaDdLxx9KNWAsLnZephsTddjckUKEdA4bu7WqKvGEH:12000000000000000000:OKDOT:CHECKMYTH
163bHoGiVuDmUFTzJQVTDzHPuenVGukSVVJdLgpW1SDuLjp9:12000000000000000000:OKDOT:CHECKMYTH
16cSEZVfr5Bid3jVPz8oDVkDpbdbhEmP2yk8TEYRghKw9Ppg:12000000000000000000:OKDOT:CHECKMYTH
167kLVE8LMq8XrBEQb9Laa6WLKvumTrCH6LxLhQT4URN5uaD:12000000000000000000:OKDOT:CHECKMYTH
14dxd2bkZXf7MLDMb6f6ozWy71qxmSV5kz1gdYSZ22GfpYX7:12000000000000000000:OKDOT:CHECKMYTH
12c39w34Lr8ejjD99nQkAkEa8NXywmKD6GkxCJk9CuNm4hLR:12000000000000000000:OKDOT:CHECKMYTH
132fGzscVTCKc9Hp2REZchqPsFiHqiYcENM4HPkAT6wYreRw:12000000000000000000:OKDOT:CHECKMYTH
14X1rCUUo5u4PrYnE2qQaDVbGjzURDPvd4AXUtkpzXcMVQeb:12000000000000000000:OKDOT:CHECKMYTH
123JzCk5ke6om7WCnkrJroW8u1BzWaBLvj5U8cFfQnJjsoMz:12000000000000000000:OKDOT:CHECKMYTH
12u92AfPcdgwAroKc7kMNNgmkf9wdiJfgHtyKGYYTpsACmA7:12000000000000000000:OKDOT:CHECKMYTH
16g2RDR6821KNRCYjy3QuXogjZthgCmgxwUMagmCZJiQD4KN:12000000000000000000:OKDOT:CHECKMYTH
13hkpXnmCRFFQaPSA67Sj54syGbADtCy6VGvxRfm94pTV9tP:12000000000000000000:OKDOT:CHECKMYTH
14N71fk9shGYEovnNbz8CmdLJ1JdwPi8qa9x7UoYmCK6JC8X:12000000000000000000:OKDOT:CHECKMYTH
15iiqrpDun5iuzeMUMBxc4yNxf7zB2HH5NAXYf4FPXyeNy2F:12000000000000000000:OKDOT:CHECKMYTH
128sQqPAfu744JW1pyzhdBSUxFBgYY5Yn5iG5DssCQ11hZUp:12000000000000000000:OKDOT:CHECKMYTH
16m98vKBmxCWdG6hgMVpg3FMsoXo6L6CoH2Hem67Gkn6HkY2:12000000000000000000:OKDOT:CHECKMYTH
145q8EDDPpPHXoRJDASjeLkTgMgn7ttypiVE3SGLm9kVb5bE:12000000000000000000:OKDOT:CHECKMYTH
152XLT2XVpcfeiVdP4Rir9DvwGg8nsDopU7hMsNVMzDjHRX5:12000000000000000000:OKDOT:CHECKMYTH
14ax3B9sgDNBNhyBnKbyMFZKE5MBasS13XRJzjjTTCDzkbgf:12000000000000000000:OKDOT:CHECKMYTH
16iTaq4bWxtJUeBA3heKdv4TiV1SMcib9kPkFChfFdt2TBWt:12000000000000000000:OKDOT:CHECKMYTH
12s4LJy6UZanDq6gsb7v6mjBSFo2NsdjTZ9qxXQpnD6y1hjw:12000000000000000000:OKDOT:CHECKMYTH
14heLvMwYTHCW3FKjgRrudEiA2LP8s1ak5KCKESGm39Y8am6:12000000000000000000:OKDOT:CHECKMYTH
15bUTXwfZqnZYY9SchbsYif5Jxfo9sMUiDr1exunvR3TnBns:12000000000000000000:OKDOT:CHECKMYTH
14i48TWWMRGvDju9e5AGJFk5j2G7xoMfCw5ZMcucTrkbYsKr:12000000000000000000:OKDOT:CHECKMYTH
1LF55QUa3Li1Q7erUzffBaXjQw62HRqVR786wfR7kUP8iE3:12000000000000000000:OKDOT:CHECKMYTH
15SGkHVbhysZzWbpNvFoKujfaVV9f2XyxiFQ1phgX6WC8ReS:12000000000000000000:OKDOT:CHECKMYTH
12e3FJQePSYFtxqrDGsAo3Y8B5qREhvUFNRDMuDc2fuxh7xJ:12000000000000000000:OKDOT:CHECKMYTH
1q4q59t8k8kaC4UZAmjKLjbxeSogyDUy5ZmCHsAoBbhTUtK:12000000000000000000:OKDOT:CHECKMYTH
15MChFfMT8BqkxyvzhQ3KfDmJWRDVZFxBWFsbUJBiDSasoB4:12000000000000000000:OKDOT:CHECKMYTH
13NCLd3foNpsv1huPDzvvfyKh37NEEkGFotZnP52CTR98YFJ:236000000000000000000:OKDOT:CHECKMYTH
