13sWwZKAUG4dHJYCAGqniifGYWD57H4R8iprnHEr1yPHssAU:12000000000000000000:OKDOT:OKMYTH
15NUrajaNsbk9GXViDkjkkvkZDs2Rpm3ue58SF8jmMstovwA:12000000000000000000:OKDOT:OKMYTH
15BeUufBmoHZvwu8hbwsfiwfPejitKPaekFrUKYy8DaJWdVb:12000000000000000000:OKDOT:OKMYTH
12hF2LwXYDo4JbFLBL9LjF4uK7zyG9zSgv4mWQLdJSUXGLMD:12000000000000000000:OKDOT:OKMYTH
14kv8mrvvoHbYFU8zqHsoXuxw9EzPD5bjpSdQJKqy4ANej6B:12000000000000000000:OKDOT:OKMYTH
1567TkznXmd3QU9YB7tcuwVbZr4TcmEeYMstcwpm9DncURqs:12000000000000000000:OKDOT:OKMYTH
12R4P5zCjEQhwcLgebHMqsA8EknXBrxUSr3mDCenyKrhVoWW:12000000000000000000:OKDOT:OKMYTH
13sHWTea6sJ8mZcJzimMSaZKckVXdwE3QTDMU6AapPbbWL6U:12000000000000000000:OKDOT:OKMYTH
16L2nGvFvo8aab5gQEyarM6dVNmmjxABvW3n3CptAXHdi2fN:12000000000000000000:OKDOT:OKMYTH
16cjNXY3LjUM2tqRwHygoJRA6Ks5Quzjjqbt9zqQtWnjxe1:12000000000000000000:OKDOT:OKMYTH
15vYXXeyNff2A36LSpv6NPPYvMtTSZBqpd2oCLVF3XcR9CM8:12000000000000000000:OKDOT:OKMYTH
16fk3ijShtdXyqVC3dt9M7UofsuEHNmeDfmnmADpjzxr4B9A:12000000000000000000:OKDOT:OKMYTH
13T9xTBgmBXqjPx9iJAx9CEoZw5aLyY24P1pi7KJ2ibhwSbk:12000000000000000000:OKDOT:OKMYTH
13GjTxJDSHj1FadEUH8rpAgb6zNLkUcp17BNjHAh7zRcq4F8:12000000000000000000:OKDOT:OKMYTH
12bMXjUy7zcbbRi7E7njfs551KniSy9HxM91H2wYCUg8sh36:12000000000000000000:OKDOT:OKMYTH
1q6r5nbqNFaxQ7aZ9gMaBa9chU5AHojziNP7iCP12yzVtPJ:12000000000000000000:OKDOT:OKMYTH
16jK6RhZNRdKcAnzgNSu5hi1rR3Hh9FwaFtbixeYYAHkj5ZS:12000000000000000000:OKDOT:OKMYTH
1ECDf2Xu4NB89mA8SsbwXsxNYubhNkspkLFwnf9XF3TX7a7:12000000000000000000:OKDOT:OKMYTH
14aJdKW2ajnwNvgH1FKDUGs4j9qQ9Bc87nQbujjCrzUGumwd:12000000000000000000:OKDOT:OKMYTH
15ZxsLPzgwhopTA6gdiibszDz49y5BrPbWzEjp3TfqtS9Fvp:12000000000000000000:OKDOT:OKMYTH
1UULEoBu9kYPHSFMbpRJDehw5Mf44SNFaQnuxX2mUhm5hG3:12000000000000000000:OKDOT:OKMYTH
146fEiwrwfdvkTJByc7SBvk5SbTXwQNBtPWo2m3epBnrVDB1:12000000000000000000:OKDOT:OKMYTH
13HCaRMNnM4EMD1f8Gz9qNg31iksbwmwMepC2N8aDfAEWFWy:12000000000000000000:OKDOT:OKMYTH
14ks94K9ufF4kRir1UPK7Yd9iCegBFHPnki6W4jBEnUPyZgG:12000000000000000000:OKDOT:OKMYTH
12CPFN2UZTtQC95idrx7Ko9kwC7yapYcLKL7amDJUiP5rvUn:12000000000000000000:OKDOT:OKMYTH
16fMb5F2eT1FsSDNTjsKc15M84Kg9QERdMWkJVgWrXeHYFRG:12000000000000000000:OKDOT:OKMYTH
14bbpX7dS3Dp3bZzPfePdJY2bcNT175Seij2fARnkvELAxk1:12000000000000000000:OKDOT:OKMYTH
11bWw3oPDeeEfRhFwf2MXeL6CvGVw97NRTNTKRoeaijCSq6:12000000000000000000:OKDOT:OKMYTH
12io7fzJR1DQUn8SCfwwvkqUoHneFe6uQjB4ZArLZxDjXyWw:12000000000000000000:OKDOT:OKMYTH
12HdLmJhpRr8U1pYYRrsGEwcMUfypjggEEJx18MpEPYQhYzh:12000000000000000000:OKDOT:OKMYTH
13Fa2zwgr6kU3ov9ku15a5F8jVyVewbVQfmJdfG53vSZU4zQ:12000000000000000000:OKDOT:OKMYTH
15bfLuUs4FV7ohBCA54wQ9E3R2HFJoy3pqKJSd29XEiwh2s9:12000000000000000000:OKDOT:OKMYTH
12xqqHnAKJyYyK5E91Pn5nsjbqSJBHQn1Xfhs2Bk4kcJVGXy:12000000000000000000:OKDOT:OKMYTH
12BLS2Yj3ges23MPa1gF9A1ogtqRfVVwLZrf6UMTQBEe1Re2:12000000000000000000:OKDOT:OKMYTH
16bBDXFxrcvQDPPmMhKsSv3kMjC8QtAg6FSTi36BC3Lf2D74:12000000000000000000:OKDOT:OKMYTH
15KEZBYBwJYGCsR17JMdVJqPUL8n7ndWpNJDVzyS1axXg9tS:12000000000000000000:OKDOT:OKMYTH
1HEJtmdVUHzZAAURdHXBAfezzVqVKGgDj7Fi7kXUbGrY6cd:12000000000000000000:OKDOT:OKMYTH
1WxspBQeCsKXaGiR1zqTcC1Ko7np5EfLWKaRXPi7CjzNH5r:12000000000000000000:OKDOT:OKMYTH
15wET2XdsrsiqUPunCrs5n8m3atfbMXUKDFdG8QqCHVh9bMo:12000000000000000000:OKDOT:OKMYTH
14uNkxyroeZxW6ecjz2VDnGNQj59taSRakynGp2iiea7GE3P:12000000000000000000:OKDOT:OKMYTH
14nvgQympMEUACdDSge76fb3KVPWvQqynaZqBGLn8oqDVk5n:12000000000000000000:OKDOT:OKMYTH
141NSS2iKsfmur3eweMPdQhdgWiA5eMJXWg9VTqGWpAh3zVg:12000000000000000000:OKDOT:OKMYTH
1NKLd2gbxNk2BZ9LmNwVQTqUhYoknThT682vsnnE7VigD7V:12000000000000000000:OKDOT:OKMYTH
16SBgEt73tPzi1nRjth7TEEswD51FergPNrMu9XPJVQ1ZpYs:12000000000000000000:OKDOT:OKMYTH
137eWvUs9YU6WQTJncuiKoFwg86d4txfpcSdH6UtPkuK4zAG:12000000000000000000:OKDOT:OKMYTH
14ZRQNUVfQSSyF9FZ9Y2i8Z8pKgrXnVL4rNrda3nK2YHjNH8:12000000000000000000:OKDOT:OKMYTH
14jXpi2K1CevSeT1sFT2T7YUvJhCrrp57Yh2xzS3NeXESFpP:12000000000000000000:OKDOT:OKMYTH
15yecFmxLVfo48KHgL9tRtFsgHgAVHhCTkBaNeqpnrqgGJt9:12000000000000000000:OKDOT:OKMYTH
13N4yh1a4bAoV2rNi9Lte7HHFjM91YrTG9ZMS9epc8gruU17:12000000000000000000:OKDOT:OKMYTH
1wLgfmZ7quhsRKwgstJZB8VKvB9hykJDVP2CD2q4vnDCZAz:12000000000000000000:OKDOT:OKMYTH
13TimkWZ6qSZqaAewymA7RxdSNvcdVGk9gJFM81yzFZYVPTY:12000000000000000000:OKDOT:OKMYTH
12yuy4NrZcpqaeVWhaQQfD2wcQZ5eYGv7W6WtRb1mPuy8Weo:12000000000000000000:OKDOT:OKMYTH
12cr6y6WFF8jHMBQnM9vN2UP9f7dtRpQLy1yyFL18NAYR3kH:12000000000000000000:OKDOT:OKMYTH
14L1SuhMYcgZtkfVyt9Sjo4bSDJiC1ANQpeF7W3NfEzcajCb:12000000000000000000:OKDOT:OKMYTH
15dQavxptkzNXmiRvaxPJDg5Eztko88ZB1JnPS6JAVszC2QY:12000000000000000000:OKDOT:OKMYTH
16BHnr6YUp8gLqfCqk9JX4W8tk8VmxTwoVmHy8ydPCwuz5Ts:12000000000000000000:OKDOT:OKMYTH
15iR372EdKFsPK1g322prEfoEX7ivnsHNCi7wacf8hmgribB:12000000000000000000:OKDOT:OKMYTH
131rQV1ZKAREY2R4urejtVJD9DkDpR9kZWmJNc4uFaE3H5K9:12000000000000000000:OKDOT:OKMYTH
14cvDZmQ1EAaesGaMNZsbt3ckfSQte4j9yRSQaUpyjy3UHGL:12000000000000000000:OKDOT:OKMYTH
12JYtRrHWHvMe27BRFhERnWBExMJX9HUjK6ZbP7ejvkTN6Ww:12000000000000000000:OKDOT:OKMYTH
161jQ4K5N6bFheCX9qcRAzCtpEQ1e9aTY29JVHgFGcYpkQPG:12000000000000000000:OKDOT:OKMYTH
15oHDDgtJNCkNoKr7T8jVd1J6ygCbuPbXgQVxqyjw5Cn1TU4:12000000000000000000:OKDOT:OKMYTH
16KUaxHqnS9LS977EfwC99WerskpSX5moHLhWKTgKLpURRGz:12000000000000000000:OKDOT:OKMYTH
156aVSc9gEFNf5gLvrjQxrXpfL9euMuvnE7LnRp9yKFhRB72:12000000000000000000:OKDOT:OKMYTH
14dMBAg3rPSSZMNQi1PGFF9XLcdLV7a5HT59ygySvhdqHKhm:12000000000000000000:OKDOT:OKMYTH
1h9ZuKjd8FjYbFUWLm9nct7bo6jERLLDonJ8GEB7doojHuu:12000000000000000000:OKDOT:OKMYTH
1JM18NZVPnUMfZUTgp3LiqcgnWR5nRC3FvPqqexAmJR7h6H:12000000000000000000:OKDOT:OKMYTH
16SeyxpMB2XJ4aTZugmQGMMaizeFqrJrd7TQbx65TPiXf5F3:12000000000000000000:OKDOT:OKMYTH
13NaXrT5bXjGrhRWxM1cR9BykQP6T3n9RJtNeCk91vxiDZgn:12000000000000000000:OKDOT:OKMYTH
15JSaALtpPoe76ydLs7h4G58LWzyNwqTtPDauRUcdr2K7Wqg:12000000000000000000:OKDOT:OKMYTH
1Fw2FF6we5NZ3AAWnGiwzwKEbyoQFbXpX2awqQfAJTWmfb3:12000000000000000000:OKDOT:OKMYTH
13ztHcHHUpCuUngiLHgqswDWSzQp2fMAP8F5BveoRCGUK61M:12000000000000000000:OKDOT:OKMYTH
16cBzdU9REaYCjAR3SmvStXAD2iGbPeSRSsLJkqa2Hbs2Sqt:12000000000000000000:OKDOT:OKMYTH
16RsGPKJcQeXxEC9HRvwyomV8UPmzbcYGdzkv3J8KVc2XUYq:12000000000000000000:OKDOT:OKMYTH
11PxphrjPkeaSbGTMp8Vpt64DroJEJp8Z3jwacP1bq7KBgq:12000000000000000000:OKDOT:OKMYTH
16WupbVLQJsQFEBQWXSM8X6et6M4mG9unhGuJ5keBRjTLfjN:12000000000000000000:OKDOT:OKMYTH
1xJqTDZBKHfFtAvsK6m7KMiiSMA3dgNhCK5UDZrzNNQSjnB:12000000000000000000:OKDOT:OKMYTH
15o75MAnR5PBWfPA4rCuqWSzHjMFfUh2JSJ3vjDWidXD8wnM:12000000000000000000:OKDOT:OKMYTH
12hpAKa49QWshhfMgA4mgBVDtu7uVFbfptFhM2xEgxk9aE9G:12000000000000000000:OKDOT:OKMYTH
14ACJJUsAFtDb7evzC2i59jftMgq8JTPxjHk6zaVzWAXMryb:12000000000000000000:OKDOT:OKMYTH
14xTa2LsqYYxsLUUTmZmutqSpc9VKrYqBFVAWosYc9FJsCST:12000000000000000000:OKDOT:OKMYTH
16CbNt3ZaM5tKE63nk4ivNbjzZNWTKNvNjVDhF3mnWgMVAEi:12000000000000000000:OKDOT:OKMYTH
14gbKw52kELZn2pnFdPt4RoYVtoBsyPvEmhRu4KW9yUWXnpE:12000000000000000000:OKDOT:OKMYTH
14GTDxqT8qavJvEHyhMZBxMY8Uj2w987yDszYVWCfB25TGQs:12000000000000000000:OKDOT:OKMYTH
16YD7ibSVyuUkSrxSWTEGxvPiKnaS28cq7Wiip6EkQYVJ4wQ:12000000000000000000:OKDOT:OKMYTH
16gGUC6smZ9DeQJLdy5itiSuijB6turE9sWE2rNEi7Kauaue:12000000000000000000:OKDOT:OKMYTH
1uZgQvmVmWFgzC9ewzUHPkf3nsWMsXdnsSaMW2gaVo4ayBJ:12000000000000000000:OKDOT:OKMYTH
1Bsfd3CKgU944fvXNcXovDSs5eorgrK3mEAhcZ2cjdstP4M:12000000000000000000:OKDOT:OKMYTH
1RzdmA65Y8N6JuXk9ArKYt53U1gE3LhVs6PsNgjkjQ9nNdL:12000000000000000000:OKDOT:OKMYTH
147LhUCgxmpGNGUjZSBqm5MggHoFkgVMb6Ezp58ho2N4vbM6:12000000000000000000:OKDOT:OKMYTH
157duLGSASdbrcsd4mkG1CexFZueCucnEUFcifKD6U2YMGvK:12000000000000000000:OKDOT:OKMYTH
13xq2sSpHm1BBQYoqbsUkAg88Kuu3X1xLPD7E348CHUuHnyT:12000000000000000000:OKDOT:OKMYTH
126qm6LCTs2hddscR3tihSr63wejteSgr7p6sRco9oGHCadd:12000000000000000000:OKDOT:OKMYTH
1YfdAdfYrKGC9JFxJECVQvtX65WGo45p9x8JWCQVtc7jcVL:12000000000000000000:OKDOT:OKMYTH
13mKAtuT9daMRBQ5mhvgN7Z2H8zom5cHKq1gQ7RXEakUfbAT:12000000000000000000:OKDOT:OKMYTH
16gwKgPykimwE9CbEj8j8og2mvvQHezr2AF2gzbRu7ZarZiu:12000000000000000000:OKDOT:OKMYTH
13qutahrYkvnCdMc1V5Dpgmzenf3QiqJ5wG218dT5J1LzKpz:12000000000000000000:OKDOT:OKMYTH
18uwBDSQvJDVdJkDzKvCbgoQk4VmTgWggWw5AUtg4cLsrim:12000000000000000000:OKDOT:OKMYTH
149rUbXxCq91PthTXA6Fks9kLRnfSheeSMNZWEkUkyB6ptNY:12000000000000000000:OKDOT:OKMYTH
14ZV6vbUDB2cUBxKrd1BgMCFEbiLSobybpZnLNkVs2BcXzgW:12000000000000000000:OKDOT:OKMYTH
16izd2rjbmRwiUvfjfBTWRt4mtVyqv4c5DtPUBrwPpUpPcvb:12000000000000000000:OKDOT:OKMYTH
14YqgTFwTQqH1fpSr4UHEYZJ3njcg7aY7tZFxskqYfwDpWPW:12000000000000000000:OKDOT:OKMYTH
1D7gMeVrsosRXeiVbv2crmQykDLDaW3HCdV7CKE8Dy4JGXA:12000000000000000000:OKDOT:OKMYTH
1BbgXmivoNn2bMnQfegZSbSairswh6KwDPfi5oHn59qH3J8:12000000000000000000:OKDOT:OKMYTH
13bB78edxtdRdZUL2aSv5uXFst1kJh6Y5JMFT2zwHpDG8LJd:12000000000000000000:OKDOT:OKMYTH
1W3uubrmAtHznPd7AUtzPkgHcg5BEh7HhFra9aUHjkvpsSX:12000000000000000000:OKDOT:OKMYTH
12TNWbe3jKbtfmYbPaxr5zJqbWiDxRPpwncTzvhhmgvsTaFc:12000000000000000000:OKDOT:OKMYTH
168ZARLGWQYjBmn5oPsdPM3oRjfyynZTS5B8m7qDDTJdv5Wu:12000000000000000000:OKDOT:OKMYTH
1AinVwbH76ajs8a1pF417M73a9fU74Bo5VpMpgrLBtGqbVD:12000000000000000000:OKDOT:OKMYTH
1hzb9oUyKr4UttpVAvnE6MZkW7D82Z4vD1JiyPoFYHkvpUg:12000000000000000000:OKDOT:OKMYTH
13CPMkqdYWPGLNoEdNm4nSMprKXQ47TbeAKaB91oErVE12aP:12000000000000000000:OKDOT:OKMYTH
13CgFh2KHhM6PJmBu9AUc5uyemV3tNDq3tNCm255AfBL1NC1:12000000000000000000:OKDOT:OKMYTH
16MXS79r3SQW4VKCe7YoMHr23EUjtmJ5HXwpVsFgyppozr6:12000000000000000000:OKDOT:OKMYTH
15vxM4wUoRyd9nkjNYbNkAG1XV7D77dGeB96TZPj17mWnBPF:12000000000000000000:OKDOT:OKMYTH
15PrLWTJ8q9J4JStUzNmy1VudP1oZSCx15Cx6TV3CtsrAYEE:12000000000000000000:OKDOT:OKMYTH
15odVN5pPeaiXk1cAYsxLMGrjjAKuWTWrHRaSuDQsmMxQw1H:12000000000000000000:OKDOT:OKMYTH
15E8HACPzCb2cc32hHgzkN3TaABtiHhimW8AfKrLVRkgvxg:12000000000000000000:OKDOT:OKMYTH
15o6P6pwvoD8PAuJ1tNRguRLfX2fGyYhf7L4qAs7uPU2Huyz:12000000000000000000:OKDOT:OKMYTH
12VuFr4muRbFKLiVw8jKyEhTNtRKhVTSX9rGnpJxWAC93AX7:12000000000000000000:OKDOT:OKMYTH
14uXWgYuaZc3BWDjpANd9EiFJzeWRsgw3RZFJBKdMjkff1kP:12000000000000000000:OKDOT:OKMYTH
13Pr2GrZGeYzEsHD6KZNd9Nw6FhW3fa5EnuoX1sU6TKg4dX8:12000000000000000000:OKDOT:OKMYTH
12ycgy77ExPgXVcRE6KWWjP515Cjh7K9v24kddbPgqqbBHgx:12000000000000000000:OKDOT:OKMYTH
15iKiZ5k21f73sy51ibjwyZW3vAvxEfYF1SiWEoeJ74nvSR1:12000000000000000000:OKDOT:OKMYTH
13cF4EoK8EcrFopnmozMnz1AnAr16KBqrAbexLNkAMuLUxY:12000000000000000000:OKDOT:OKMYTH
1dkk2HFGwc6qFDtF7ZSzf6dGbkKYyP6pXM5nne74FNivDWB:12000000000000000000:OKDOT:OKMYTH
13FgnmA2YNfE4miefGRxwfmhBjbiLejbE8vPh5S5NiSBGoLn:12000000000000000000:OKDOT:OKMYTH
1bTWfbGFoMk2TEBBGTjmZR7TiJ76jRePrVdwWBVF1oCwFd6:12000000000000000000:OKDOT:OKMYTH
12uZQVDTS5zpqJYCPKhBsfKjxsi8bYbbdAd5yCjRp3f4htor:12000000000000000000:OKDOT:OKMYTH
15JpJx9acSiYPNSJpfvsK5U1bv8T2pf8QUASvGMeWTunYnEh:12000000000000000000:OKDOT:OKMYTH
15oqu61AaR95JNcBVPzxLWnHfHG3WvPYhUHaLytLaQ8dsoCX:12000000000000000000:OKDOT:OKMYTH
14zu94npA2cZb3vDM7n71qgXmsANvRuc24kJrmGZbfChK6x2:12000000000000000000:OKDOT:OKMYTH
121bgV1BrzR5hmhTKcdmNycuFH5MzuWHj2CdD686fTB32oiJ:12000000000000000000:OKDOT:OKMYTH
1GYSpq2ujeoeAgGLFSQWhzq7uSAe1L5EguATBvAtkcag1Tk:12000000000000000000:OKDOT:OKMYTH
13TiUTDn4eUHLhDaC3kndN2PKkSEZRcuvoLw96gBYecyf8eM:12000000000000000000:OKDOT:OKMYTH
13Y2WvutCh2AprEXXeqz74ErCLGWmJBgPQMQGusUanWawUXK:12000000000000000000:OKDOT:OKMYTH
12aKMMV3ZrEKoyrRqhNoN63NtzpAuBcX1NX7HnjRdSnMjB78:12000000000000000000:OKDOT:OKMYTH
13rmi6tj4EzJqVfe3VwsDaaPKvuG1BVEwUL79K13FYE8NJHN:12000000000000000000:OKDOT:OKMYTH
12Gch3M4aqbT7EJ5SCirpdn47kjPYZ5WEzynPS2QuShC8b9A:12000000000000000000:OKDOT:OKMYTH
14omnAgBD7ojsztw5sLiD8ZTDgKvgvjjRxNj8GaNWuS4Z7Nr:12000000000000000000:OKDOT:OKMYTH
12HPHVyuuVjVGaq97bydVk8DmdCoA9MbL5kTGJrRXnizoJe8:12000000000000000000:OKDOT:OKMYTH
14yqp1nWg9PUi48QhjrU65DUL37XvTNS6nUdaoVAYn3yZunG:12000000000000000000:OKDOT:OKMYTH
15mbwLFnKBpJrjUP53WgCoQFC7FcTaZzBB2g8tBR4piqdv7p:12000000000000000000:OKDOT:OKMYTH
14htrZQrra2sjnNy1FcAbhHuJhJzzhQHf9zpd1PxfFmC4G4H:12000000000000000000:OKDOT:OKMYTH
12Ei6XPd1Rpe8L26nmRFxLZKKbVxrPRzmF1BHK1K2BteVxor:12000000000000000000:OKDOT:OKMYTH
15AvYUGCXVaYRTQj76zjopJ6z1FMFQJiHYrpCuJ1RneQ2iTy:12000000000000000000:OKDOT:OKMYTH
13g8tiFzFTmpVhfqmCDdGGhESSjogsUZTjqqxmSSNZysxVBx:12000000000000000000:OKDOT:OKMYTH
1qNc1FziXeKbL9Strj8oZ7F65CCnpAdU1QRqFmxhnDnnzLM:12000000000000000000:OKDOT:OKMYTH
12vWbgzE4RiWzYxDJPTJ6Qz7uAeBKH3qMMrKmtnqC4JQRyv1:12000000000000000000:OKDOT:OKMYTH
18rsFVu9JnPfwRXPaSijGH4tEWqHhg4NGHfPfN4dkpqkA7E:12000000000000000000:OKDOT:OKMYTH
14TEPN6qwAv6F4qipA5KBqpnFNgz3nAntgTMrw7FCEh3wx38:12000000000000000000:OKDOT:OKMYTH
145gcoFdR4xQ4FyPpmUJK2XU8Cumvj16wfs9zD7yejUURvUJ:12000000000000000000:OKDOT:OKMYTH
14Th8S7cqYAvG8RRYEs7XjdGModWKwts9ui8itPgN38xmFCn:12000000000000000000:OKDOT:OKMYTH
157UzjvizWcSbWbuFdY5ER1HGpcu651yF2xWjquGj6FCjuyg:12000000000000000000:OKDOT:OKMYTH
13yjhGkgrbx8ExvVcNKG4MDdZqw1MSp8fktuRC7L4Sx5x944:12000000000000000000:OKDOT:OKMYTH
1QTVEppVYGs7w3GWiPkSsAzjp7p8KXtTBNqEWVtEJxTp6Jy:12000000000000000000:OKDOT:OKMYTH
13zcCQySGHtm6t5JhLe4MRUVLnCx3L2P5T4SNoY6wWS9ys7Q:12000000000000000000:OKDOT:OKMYTH
1FFUSeNmN4gasurBKXAkKSf9UA6KeoqDTKEvDoCnxacN55j:12000000000000000000:OKDOT:OKMYTH
1unHrpT5Nd1r1aT6mNoqeU5QZp6bh9fmAzU5V3zab67C3Vw:12000000000000000000:OKDOT:OKMYTH
1LDuiwPjdbGC74gK59iQMnhEG1Hvt3LvVdk3WmsnwNq7TJo:12000000000000000000:OKDOT:OKMYTH
16FN6hcfBveoGsECNKBKMjV7LN9agiSfT6ByXd2iGcDP1Cqp:12000000000000000000:OKDOT:OKMYTH
16So7WgMQtgFRXURWW9QQxfYJhqoLNVzm2TiooWSHzrL3VDD:12000000000000000000:OKDOT:OKMYTH
12uZAThpHWLvgBsFpfrnet75Pk1RCJWgcEUEA8fvrRSMYvF9:12000000000000000000:OKDOT:OKMYTH
11TQ95P4RXXCkmvLP68rExYFTF4WasaGQ9iMr88S87WdQ9p:12000000000000000000:OKDOT:OKMYTH
14XMiPTByLTMSsLr6Suixt4xXdCKw9gCk6zF4HJEDUC9Jbrn:12000000000000000000:OKDOT:OKMYTH
194o1o3EBAJ9crjTjckSH9457j1ihrvwviMupkM5o3F6Fxp:12000000000000000000:OKDOT:OKMYTH
1SEWd9tCMcX2JBcVLso4tQjpjvTdPG1bE7FPXWq5eu8HytU:12000000000000000000:OKDOT:OKMYTH
13KxAapXDNvyoswj3nftFbgEQYxSk4ds4bgM5yY1hFQ74Kh9:12000000000000000000:OKDOT:OKMYTH
12YFkYmQLuCst8HQE86WhF3vGZo36A4CCaohW4cj5nzTCSpb:12000000000000000000:OKDOT:OKMYTH
1DirCXeftyWzJpYrtALvoLh2aas6DQFQTx4TLbvt9oG66g9:12000000000000000000:OKDOT:OKMYTH
14pSPNC4tKL4NeYagPUjLhV5FB5eGxSw8FBYqw8h8qUK2AwW:12000000000000000000:OKDOT:OKMYTH
12nnNfAgE9FgULVH7d8KuaHuZJsmNF2y7HJCrh5h4PNqRgK2:12000000000000000000:OKDOT:OKMYTH
1V1RHTBCQzLM8T7CXdAVGorTeeeUZq3FJW7W82LZjMSej6h:12000000000000000000:OKDOT:OKMYTH
13YZQHFWHnJqw2qHpg8ijE8dHpd5VudXBbPFw1HUNZonEfqp:12000000000000000000:OKDOT:OKMYTH
1126iFfAsda493E2AHsMwncUKHbGhHyGEWetMc7N5iSFYAwN:12000000000000000000:OKDOT:OKMYTH
13Nf5dcJgn4qchbJQUVHRhChoGV1xeJpa5579ebhcSCPbCTV:12000000000000000000:OKDOT:OKMYTH
15aagLRg9HRzZoBzCZoEQh7MxdyVjBRu5ZFM55mhXvdeQzes:12000000000000000000:OKDOT:OKMYTH
13QAeiAqc78fuWqGXhtEoAoKDnpdrxcUJ7KoYnFpkZ1xvtJ:12000000000000000000:OKDOT:OKMYTH
16cKn8p1468rdf9uQBuGqV8mRKuKZebiLFsv5BPS1g92xus:12000000000000000000:OKDOT:OKMYTH
12bXkkzXvwwBwUR3dhKy8PrDJyspfFsmY5UeQ4PLp5rTt7fE:12000000000000000000:OKDOT:OKMYTH
15HH3mMUwUbzJWUyDhgDNguQr3RVGLBNvjwd7seoyN2GxV4Y:12000000000000000000:OKDOT:OKMYTH
15AuXQ2oBGcNCPeM1fSJsnvZQtg1rm1ss8z8kFB9wKPEaZsT:12000000000000000000:OKDOT:OKMYTH
1Yt6UmjxBZ95rxbyZpRoFB7jAvCDHDynDGk4AqsD1Fb6KjF:12000000000000000000:OKDOT:OKMYTH
13BVMZAH6hTqqC8DQoHv4bWCT54a6czMtZBuAVXLbmRbJDZN:12000000000000000000:OKDOT:OKMYTH
14GkvvkdhQTnFsg4Wy72a3vZFBbWKd6VU5AsQGne8m9NaTJ9:12000000000000000000:OKDOT:OKMYTH
1Pv6QryN2Mgm7svjAKs3KvcBmtsWKTiJrUAA57cgTHQFTQY:12000000000000000000:OKDOT:OKMYTH
13JRQXMRHtXo7gzrgKhRBuFv3MjuUCUf8Sjv3ut42fkFZMj:12000000000000000000:OKDOT:OKMYTH
161uqSdvRFZXdcp81NcX3dk3mE8J6qKKfxgjjZ7gYQtzpiGk:12000000000000000000:OKDOT:OKMYTH
148sfMKdzGLT5pz1Z9Mi8br1tok51ECG2pmyjTqp1n7m6XUs:12000000000000000000:OKDOT:OKMYTH
14qT9AGNhm5ZKkqUHuMtxc6dBBoufAEXJ6WnT6KiZeE42YRc:12000000000000000000:OKDOT:OKMYTH
15TsATzFmdVfxKe2VPcd2Pi1SZCYPkxS39o4BMiML5vipGcH:12000000000000000000:OKDOT:OKMYTH
15qDxpXeiBi65aeu4sfVZ7VPqX3LAavwBHViJ319fpZYmKT:12000000000000000000:OKDOT:OKMYTH
16i6bQQrmewwxnbfmuneLR3RNXWEEpGjjzxECqyBfMG6MvmG:12000000000000000000:OKDOT:OKMYTH
15G2axN2a6ikYh1LCwpc9z8znMVbuN4cM9mFr18Zh69SRqKx:12000000000000000000:OKDOT:OKMYTH
13TSzpZgBwaCyTe2XA1piESS7K5bbUPSeZCEw4fKWmubJRYT:12000000000000000000:OKDOT:OKMYTH
15X7CFBj1KW3bFBTDTuK4B6Z7gwBKGQJsadfeFLoi3ZjyGMn:12000000000000000000:OKDOT:OKMYTH
14ryXEqoLJMTHmTfdJ1xEeKbVprMFzXAybSc9NcQKSRtaNJL:12000000000000000000:OKDOT:OKMYTH
14sdKJVGXnh6HDrTsmBjumA9ZhgsiZ18MqUfzqW4fKgzQhF7:12000000000000000000:OKDOT:OKMYTH
144Wj8uQyy5kuSHLFwLwg4MgbiV6kD5uja4hkdQTyXRunXJe:12000000000000000000:OKDOT:OKMYTH
12Gyv71Krit1SxNhMWtAsK5dZjjx45gZXFQRQoEGTEv8n44j:12000000000000000000:OKDOT:OKMYTH
1xH2bnmnjd4Wkp2Y5nNn75kBiieC859M7SkUEmUZXtMmXsH:12000000000000000000:OKDOT:OKMYTH
141ocfRRWPkfHya4g47J8zoDGWgsKUJ2NJNQk42zWJqw7uAo:12000000000000000000:OKDOT:OKMYTH
12Y2dfGuYe7RmnnZhzD9bEdoq5L1FEK8n2qvpbJMwj3mrAif:12000000000000000000:OKDOT:OKMYTH
13yiwCA7sHHdM357fa8hfM8qAzjKsJTWa3UfhuxZX5jcT8hf:12000000000000000000:OKDOT:OKMYTH
16kwQ1AC4pMEfS7EQNNHYqwoFecwvCRLctF2SWqLLZ4Ax54Q:12000000000000000000:OKDOT:OKMYTH
12WuZkKHgrJUoTCdoDiaYnBuRK3kUTDw7c7RG8oQu9AnMvJd:12000000000000000000:OKDOT:OKMYTH
1rTgS84HM1GViMtg74zq52LnViRFS6ugvHbzyXytGh33ow1:12000000000000000000:OKDOT:OKMYTH
14vTnceSY4FCmYw8QFbwKJsyVqNctLCgi8t9w9AkmoKMpU66:12000000000000000000:OKDOT:OKMYTH
12huMbJjgBDrsArA8NGuMaBaNcMmkqb11sSBzS9GH56UaxKa:12000000000000000000:OKDOT:OKMYTH
16fRn4RbMhhWrfa2mktdxVZYN4muLNmKdCX95dfMiPyyLBPG:12000000000000000000:OKDOT:OKMYTH
1yr9XABCCgxdX5D3vcWv4Y6Eo4tYQ3jfD3THC4U2KT8vc7G:12000000000000000000:OKDOT:OKMYTH
15N1hUfvRxVwCrHkK1PReuW7DrQx4kbPGDqhKrqm9Syyaf5a:12000000000000000000:OKDOT:OKMYTH
1Hd5KaSs7xMo79XqkDpT46V4y8NXDdMK2nYxgkgFdbkTj5Y:12000000000000000000:OKDOT:OKMYTH
15zsov9re6kJm6eWMkyyo2vJFK2XdaMPnYuBQw7ruB95rvx1:12000000000000000000:OKDOT:OKMYTH
16iDqv1F9sdq4mUftmxaxNKEnVSF2wD9EMEap8sCmNkYJchh:12000000000000000000:OKDOT:OKMYTH
14u16QNMLa45cHVraU6hk8DzQNWRQCwJXtnzEhoRKzc1EZE9:12000000000000000000:OKDOT:OKMYTH
12Crou2rPCBK59ybyDdDJg4uzxBBDBTu74RyxAr4Qw78kpKu:12000000000000000000:OKDOT:OKMYTH
15JFxtUaLsyqAvvj7jRvPPgZJpdcfCGFuwh6PMGdJnf1h6N7:12000000000000000000:OKDOT:OKMYTH
1u8wMfbjfJ1GPqnKaRKyFnyUPTJFgjuigh7QxsxcwfKWfXT:12000000000000000000:OKDOT:OKMYTH
19FFYCviDWtGfWoCT1H8eU62uanFAmv18hJUc1heMYtWXb1:12000000000000000000:OKDOT:OKMYTH
128CqQhnxJDXrbtCKmJqoa36WnEmh74YakpFZD7B3pbeknv8:12000000000000000000:OKDOT:OKMYTH
1UKstAs4HAHMSJKUx7dUSQzBfWVRLDUpqvZqrW89tQHGrdA:12000000000000000000:OKDOT:OKMYTH
17Ywf9tNXURX6LUMaHDsTmaARGug3KdT5V82jh17ysdjPfY:12000000000000000000:OKDOT:OKMYTH
12gNYiHC8MABpvLQAb5F1SBhbNCUFcYcE5pkyLrao81LEJPt:12000000000000000000:OKDOT:OKMYTH
16R7cVtpHo8BJ3Ag7SRqS1k6wWrarkHmkYQRyuHjpSfEuyWD:12000000000000000000:OKDOT:OKMYTH
15jUkWvtfrHEE88iVEPuyEUZwd7EpKWxnwtbMLuc8fgS93yE:12000000000000000000:OKDOT:OKMYTH
16e6fh7sznL5GVhxY5pG8YLgX5BUtGG15k4o797Bz5M9zqji:12000000000000000000:OKDOT:OKMYTH
14LGVeXKc6YJrxcaZ7gFKZhhGoLLwqkn9PvYDZy1MjV1QvYd:12000000000000000000:OKDOT:OKMYTH
15wC9tP4dLzAuGB6hX38R3DjuKjm1beSRwY6iXp5T5BVksjp:12000000000000000000:OKDOT:OKMYTH
13s7kAW4QoRaXHSqSkZAxMkFB31py1CMEg4uyjjgY8QuuJ92:12000000000000000000:OKDOT:OKMYTH
12cfSkXZtJp4TL6XZ7L2ByvKpPAQwC1JERjXh9HD5F9x8X6c:12000000000000000000:OKDOT:OKMYTH
12XZbbV1xhHCfoL8wpJSaQAa9nMC4vXTVBqTQojNEXDW4LA5:12000000000000000000:OKDOT:OKMYTH
14Pv96nLDwi6mgbrYmtmCi2h5GGrRRMyFhP5H4DSmeu3XMtS:12000000000000000000:OKDOT:OKMYTH
1fSR3spdc1qjsxEN6ykKe7aepCfmMtxoATaZ87QSdCHjti7:12000000000000000000:OKDOT:OKMYTH
16TUSxJCMWTvJdt7ufvsX7YbJ2iRKtBEf3NsHTUDeXdQGF3g:12000000000000000000:OKDOT:OKMYTH
15oezBNstoetvDZ2tvCpVkUL5TNTcPJVcwM8PqFTqSC3EV1:12000000000000000000:OKDOT:OKMYTH
1539x9cruvmqTJHxwtwRPtD8rPE1zVozD5BSX89TC2wDQ3Ae:12000000000000000000:OKDOT:OKMYTH
14HEB9eCqwHpu7DnZV36o9cpJPt2HzJD6QRTVHmUzRu2PMNA:12000000000000000000:OKDOT:OKMYTH
14Z14KAWqkxZdhmiMuo2jrkwJ4uyURNvGBbbgSjA86CjgFUV:12000000000000000000:OKDOT:OKMYTH
122Ekgmgf7sYYYVUWhVwBi2X7QjL1bTxkqgN5grB8ycY5H2e:12000000000000000000:OKDOT:OKMYTH
13WWHZigAST6YV4j8JM8RtCQMiddRBQLMMSeNswLb17mS49Q:12000000000000000000:OKDOT:OKMYTH
16LmNqBjLTWUf558ZDvJpqv2fT5FxZEZ44xAcqTyVGttjHgT:12000000000000000000:OKDOT:OKMYTH
16H2biKFdogDTFgAhKnY4MypN3ejNxh81u6VnKEgnZMSQoD2:12000000000000000000:OKDOT:OKMYTH
13he9yXbiS9Li1VwXhStomivkfK2xfobYBiLEmBK6m54TGSG:12000000000000000000:OKDOT:OKMYTH
1bc7mddZKSgcc9RQE4XDniw86LBoJ7fUzZbf99h9ZtvmPBE:12000000000000000000:OKDOT:OKMYTH
13BhVuSSfWVbGXM233wT7ayn38mVeNHJVNAM4k7bS8qaPaBg:12000000000000000000:OKDOT:OKMYTH
16G3AGikBZNxreQTLFVTAfCt2CwHnauRDXCn16YiBCBGMzne:12000000000000000000:OKDOT:OKMYTH
12dhyUuedMnXqFeDHnf2w7Y2UGDtApMQtutKKNTbQhNHQu8H:12000000000000000000:OKDOT:OKMYTH
12QPJGSUwPjRfwiuQ5gn6dgPmfiSEPn5iSXobViTmkg4z9Wm:12000000000000000000:OKDOT:OKMYTH
1bqyQgtG4kqb2NfchTspUpyseE1suZ8m4hy9krxDXw84BZ9:12000000000000000000:OKDOT:OKMYTH
13fsafPysA32d4QiftpnXds5zrFXrkAHqejeGPVcRaydBXb8:12000000000000000000:OKDOT:OKMYTH
11yer7T2BcQSpuLgwD8naCAUY2HQoy9LnsAujBL3UPswCnP:12000000000000000000:OKDOT:OKMYTH
12cTLgT62MxB33eJKoEEanBWFF7Eb27qt1CZuEoUqxbppupH:12000000000000000000:OKDOT:OKMYTH
1MwbXX6GcxaBvwSzJA76Ri9YRKv3WZ7LS74yKAgEoPnfuKa:12000000000000000000:OKDOT:OKMYTH
13MyEF3z5ty2DeUCjKU4aBvtR6CLFfhyRystkvwe41zv4jTB:12000000000000000000:OKDOT:OKMYTH
13YvPdjHPq6s3dkobDobMoDJ7WeYJt5bn5UkwXTdwSzqkzTD:12000000000000000000:OKDOT:OKMYTH
12xwVJWsd6o3TTv1GbcMQiGpA7WdxHBspxHCCfPvvefk4dx9:12000000000000000000:OKDOT:OKMYTH
15goxgEWVXQbYGWVmTTpgNrKcdaVTEn3gbeMkMRTXNKrRBXR:12000000000000000000:OKDOT:OKMYTH
13ZuDFhMMce19UyTGJADdceqbBDbBD3pMd9ePyFm76RYmZk:12000000000000000000:OKDOT:OKMYTH
13DMoVWQNxnXB5ezA6ge4TF5Qz4A6LBrJZESt2KDLUbwN9Eg:12000000000000000000:OKDOT:OKMYTH
15YBaNsUDBx8mjxjrEmFKk85xZaigbViM4Q7YWw8DdQys3GV:12000000000000000000:OKDOT:OKMYTH
12fvKNKuZfvkQUd1A8g58xGp9ngcvjfh1jJLshUemUF84Vkb:12000000000000000000:OKDOT:OKMYTH
13kHu2mksqCMmZYzPWBQeWhsuJWXVVfeXCJKjmaCAqxK3Ywe:12000000000000000000:OKDOT:OKMYTH
14x9YsxMLPTHXJ5CFigJc2BswwHosovhEtWnhTthyPxBGx13:12000000000000000000:OKDOT:OKMYTH
12miSNt1oYN1aiBUcKsD6kemz4EczEPB2ekCPNYRjjF6ukUA:12000000000000000000:OKDOT:OKMYTH
14SHKodBb7qQKquSojhRST9in7RUGb4uBWeMpQ2nskZ7U4eB:12000000000000000000:OKDOT:OKMYTH
15hkQcJNp4BnFdWunVeTUzeGcshina4eGNSxpFeajABeVUvU:12000000000000000000:OKDOT:OKMYTH
15LxCi6ve9GUi1kWLYUo7sGVKsL5C8ZzcDiiqQ9pPbE5e36m:12000000000000000000:OKDOT:OKMYTH
16cwjyX3Y9ArViY5TWVS7c3WNfRT7916z1FZuoGZ7cSTZdHG:12000000000000000000:OKDOT:OKMYTH
15S2yC4MxyfHDWuHQJgPUMdxQG4w2BtmTvAuUu6WwPFqFfAk:12000000000000000000:OKDOT:OKMYTH
15w63ebkfu89k4btXvMefKFPCXDoKSFiWRh8YLsBZnKPBNdA:12000000000000000000:OKDOT:OKMYTH
14pYBLBg1f3aiXiK97YqYqBjKtBfMKKUjjj7Py5NREVyxGLv:12000000000000000000:OKDOT:OKMYTH
1z58rYkoZX3NcVQY1ssUdp3Z4hZT6jsz3MCKq3M3JQt1Euf:12000000000000000000:OKDOT:OKMYTH
1LuKpMjW7drTzJfWQWSLu2S9EAYSQ8u9RA2UgiGmWMU6hXy:12000000000000000000:OKDOT:OKMYTH
1epNRwHGn6UikNSqtooYSe9CERSzxKL71pfxkra5ekVUDHz:12000000000000000000:OKDOT:OKMYTH
15PHM4jsBj2xiRKpmea617jaNt8ETjpuWfT8ukMPhYaH1Aec:12000000000000000000:OKDOT:OKMYTH
16mCgkNu1Dmti95FDQpBVk6H7m5DRet9nVjJH2LGGwRMhHjD:12000000000000000000:OKDOT:OKMYTH
1rzy9ute4GXEsKyqj5XH7ibYiSDd5vTS9weHtwqfmUBuCiu:12000000000000000000:OKDOT:OKMYTH
16fQgxmMNXFnRBUQ6szsHZFKvfuevAcpc8rEpRiwcJWYe6NN:12000000000000000000:OKDOT:OKMYTH
12emyhmH7DrCDkyTvXxHgwWKeqoP3wHjqaFNpKacniSHz6Ru:12000000000000000000:OKDOT:OKMYTH
14yUSYFXSnGaWFF2X5QxB459Z4NQWL1KTcGdjLZdRMpPTouK:12000000000000000000:OKDOT:OKMYTH
13zzSUGVWN8AVePYNLZdBhtEUvE77jC4sjGsVXv71tBmuavm:12000000000000000000:OKDOT:OKMYTH
1UqRUSksmBzcUWFfeDxPBsbbLWWFLfTy8sNvJLwg7YckatX:12000000000000000000:OKDOT:OKMYTH
16CBqkMV3ituRRu7h1RzMGM5g9RGMA3EWZEcckrgD1xUVEuj:12000000000000000000:OKDOT:OKMYTH
148ZtJ8n3o951QNZ33k8Np4fcfVXzsej6ETpJYwmz9gCkPLk:12000000000000000000:OKDOT:OKMYTH
16JqnTJpkjStyh9mqjavtqB7UwmxppZ5ufR1Ku3HPWxZ3xY2:12000000000000000000:OKDOT:OKMYTH
15n37AZpZpb9wAxYYjW25FLSDYaRSSEsj4WTsKg6ZghXK9dd:12000000000000000000:OKDOT:OKMYTH
1QcctJhJxchuQXyjf6D4pqfQsBGziXyinXSZpwbPb2SiWhk:12000000000000000000:OKDOT:OKMYTH
14GPPDxF4KXabyRx3Dufoz6gsCpTfsfH1vfPWWGweTnxA6BL:12000000000000000000:OKDOT:OKMYTH
15GjWj8Tobhq9MnDGNhX714C6EdBsftp2hZLtGEPEYQqKTyh:12000000000000000000:OKDOT:OKMYTH
12zzfpyRoKS1dPvAkew9AeuY7GCvDHVCbXmdit2BgWW7pPAV:12000000000000000000:OKDOT:OKMYTH
1pQac6ox7AsRvtKA61a9FGqRUDU5uQcaTxYsh7uAy3zr6bB:12000000000000000000:OKDOT:OKMYTH
15yhdnsfFt9UznJJ2p5JnJRv3ukyk967yAVkcnYTeY9bSXgk:12000000000000000000:OKDOT:OKMYTH
14csuytTEZJc8jL68kq7FwKy7JrTBN1gy5LW79iHfC1msg5C:12000000000000000000:OKDOT:OKMYTH
15fH892vWRmAk3Mnwkh5TgYhsJNeU53ApijNZnR2K7r2pKt4:12000000000000000000:OKDOT:OKMYTH
13baCDE6eFNfFYpKRFWAvcywHCju7VbxSUW38WNQC6vymD3n:12000000000000000000:OKDOT:OKMYTH
144dasG1WiXwNFcugp3YuYXVvteW55JwtpjtnQmGGHfZ7ATc:12000000000000000000:OKDOT:OKMYTH
12abtrx5h3rL3eZFwEb29CaLqfNx8HpzHAPSGovj4ESaw6p8:12000000000000000000:OKDOT:OKMYTH
14GVi1FW1JTvUGcmNLo6NcrnXAUTmGmZ3tEEaK9C6Emn2GVN:12000000000000000000:OKDOT:OKMYTH
16N6HMErjkKk7opSCsRAQ7QkfBg4yyxkoPW5935V4z9cSFuX:12000000000000000000:OKDOT:OKMYTH
15YgiuxN9aRfZ6XpLH7gMUjznJztTJ7BDavsaEsJGkmc66Qq:12000000000000000000:OKDOT:OKMYTH
121FmmWusG8FU7QgSsNkRk8mgJX3UHrakQp1S2gCZPRxMkDa:12000000000000000000:OKDOT:OKMYTH
1343NJQdZa1jZiAc6mDk2H1xbEdAzoZUzH6DAxQAC8ubT9vn:12000000000000000000:OKDOT:OKMYTH
15FAAfyTovDQRufXw2QhA3e1NMm52W4DvtKLDzHbbgeWKdZV:12000000000000000000:OKDOT:OKMYTH
16VfQJGGDbsqLcuFPo5o6GQyWhq8MBcgMcG2VJwjrEHLrNni:12000000000000000000:OKDOT:OKMYTH
12ssh4Arn9awoqQjSKv1GuHJ6pxC2sphPCrvWhyUS5emwfUJ:12000000000000000000:OKDOT:OKMYTH
12TKccA3mygvSR4zWryfd4JLBGiqQgG5DEoRGFf4c4XdF4D6:12000000000000000000:OKDOT:OKMYTH
16UuunfkAf7BjbM3HLb2c1LxJL9ycr1bBvo2U4TMUSaH5SBA:12000000000000000000:OKDOT:OKMYTH
13CttchmJbCCgriWyhjJbwGxjBjYkfrbv4D9DJ4N4XwJ9jc7:12000000000000000000:OKDOT:OKMYTH
16bocFc74RJ6QXihhuiZWzw5XF2PK4upkU3gEZNrzopNztpZ:12000000000000000000:OKDOT:OKMYTH
16V2xEwHK2JQ3PkCKVQApj44wdDMwR5eDoHtdUfjLdKGGeQS:12000000000000000000:OKDOT:OKMYTH
13KuJBnYFDqe6b6LpKVoRHaz6zsuU6uXcSBT8nHj9pbE6kSG:12000000000000000000:OKDOT:OKMYTH
15LbB2thk9ypqBkhxPfPhWy34pi5a4AQA3UvfApoAjSh5dL5:12000000000000000000:OKDOT:OKMYTH
12fMJHXh1Pp8ZipoLcE1iA6LDuxP84CFp2anANFJpkuhemCF:12000000000000000000:OKDOT:OKMYTH
1WbBR3LgHb97uaUYHo4Fg7BrdkkSmW839XqUt9jMLpL1EcE:12000000000000000000:OKDOT:OKMYTH
16JnvmJutVwH6pwBZJQuSaQFxVnLuXR7gthbzaRqQQMe54Uw:12000000000000000000:OKDOT:OKMYTH
145AkK2omoCC9Dq6FQGibib8QsjmWNbzLHDeGFG8n7GRi2Dg:12000000000000000000:OKDOT:OKMYTH
13WMDJzUq1qmBUDv6ay7B7miTPzSXCStxV7PDjogHDAGMGAN:12000000000000000000:OKDOT:OKMYTH
15xzroqC7V4VU4FkxF9kQ7rfMDCdXWXQzuhVzEoZS82jSmS6:12000000000000000000:OKDOT:OKMYTH
1r5mAauXn99DE8G2B5YmzscsWHtdmao6gCSaKZGg8QQr2yW:12000000000000000000:OKDOT:OKMYTH
14M5iyJcTH6Vr9Qi3hoiXYVUVSLnwd2bg9Mw4zBqCCMt1WJN:12000000000000000000:OKDOT:OKMYTH
13NKeU8JgqfKE7d2ZU4N8sENULdYeTjKK1qCT1vc248x3UCP:12000000000000000000:OKDOT:OKMYTH
16KM4XMnWw75cEjbbMThdfS4ySHsSaagSEwoRAjyXDrsvuCM:12000000000000000000:OKDOT:OKMYTH
164iajjKS4M1Fhb3q4dgE3LV8PAtkCGbE3oZQFtvb21HX17C:12000000000000000000:OKDOT:OKMYTH
137AFq2prt98U23HUBFL8uJCxDczteXzg94f69aMKZnKAvXG:12000000000000000000:OKDOT:OKMYTH
13ijBFbQHmLBqQLQWyrUgbBR7DjaoeuRsVLYwR5bsR1qo3YD:12000000000000000000:OKDOT:OKMYTH
16bHjPQDJRr1yk3iHwg53VA7AfUu7UqcEmjY2j4qt5dBDPDU:12000000000000000000:OKDOT:OKMYTH
11aWeJxVTMYqywy9VXqs9o9aPv6Dyza3PoMzDeUGUFDHsxQ:12000000000000000000:OKDOT:OKMYTH
15phLGpUwTbGA2HUfq4Jxh3QH2oG2gSoJWvpUMVT5z9YNWm6:12000000000000000000:OKDOT:OKMYTH
12mmm7DLbVLVPQNgYdUBhTDjGHpgZ9no2fJxNzFsJ3uJg48v:12000000000000000000:OKDOT:OKMYTH
127Fr4AHbg41xTZDJgfYH7PfhvxaJD8tNKr6d4bpjMrpeVRN:12000000000000000000:OKDOT:OKMYTH
13znk8NYULvBytzyayX9hfxGhRTASMvk1TxA2h7rdo98WMLc:12000000000000000000:OKDOT:OKMYTH
19G3Ku7kTEz1hP4zemRgLe5vYVrFiD9THZtWfajX2KMVjsF:12000000000000000000:OKDOT:OKMYTH
1ewf2eJH1CTKmreYikaEQpiZjqPuRUWmaN7GtaqKSUACjfk:12000000000000000000:OKDOT:OKMYTH
1mJ1hftrFGRr7ymeffQ9hXrMXR9etbc1VGh6QMx6m4YrxWS:12000000000000000000:OKDOT:OKMYTH
15Jam4Z6qZnpykpYoANGZLTAjLPVAeysQ4rGhtJdK9HxbjqC:12000000000000000000:OKDOT:OKMYTH
1e9Hb9EHSMaFdH9bBpvcnwQXDtN8Gq9nUwxrtYU1mQopXFn:12000000000000000000:OKDOT:OKMYTH
13a3yVjstsARLYsGh2GWMZ53k8CcJTF4Byx3KhgAH7pzakZA:12000000000000000000:OKDOT:OKMYTH
12TnEhu5RET2dEAEiuD3r9ANVkKeFTZffirGLcCZWAJGxuVz:12000000000000000000:OKDOT:OKMYTH
1VhoFxYA48taDDxSsqXa6mLJohba5Zi63HGxwwbBCmxBxJn:12000000000000000000:OKDOT:OKMYTH
14hbzAeBHk1FrKmosQjn39pdBCDkBgr5Ft79BfJPncA9h56s:12000000000000000000:OKDOT:OKMYTH
14za61BuoQs2mpi2SkzNcsr6hvLpH9GengzmmEQkvZru4Bgq:12000000000000000000:OKDOT:OKMYTH
13bu3NhvvnLpivr7iHBdAw75EVaS84py9hHuGYzzNL65JgM9:12000000000000000000:OKDOT:OKMYTH
13BVGxL22XruNRkPZC15FBDUAcCiLXdvTFBbLLMEELmduozW:12000000000000000000:OKDOT:OKMYTH
15wA2FEbGbqy3BwLrY2wEPcvPFiThL73wWf2C7shCcfvXPa9:12000000000000000000:OKDOT:OKMYTH
132DoZ6hjkKUNh9Z2EDQqXy6DPvvE1yBz4p4GFiRpD5nU5ae:12000000000000000000:OKDOT:OKMYTH
16H7aeNbBv5SheyBgHGGfXtw7HYkoefQH6NnX58J6r7JnJEd:12000000000000000000:OKDOT:OKMYTH
1xNST4ferCJ5qBWRVyCyPdcUank9FqKMTDCNFhwEcqTJ3BP:12000000000000000000:OKDOT:OKMYTH
14XDZ9ZvNq78mo5BuLozCikdrQf64ZA1JdQ8Z7J7mf6fobFr:12000000000000000000:OKDOT:OKMYTH
1aaeCbtZuHHNT4BNYV9f642KRrZjsNG9qt3siP6JvMsCQVc:12000000000000000000:OKDOT:OKMYTH
151SN6a6jjx9HQ6pkcQyzJ5SYqhS1KhFtqH9ezXSKbbWQuwZ:12000000000000000000:OKDOT:OKMYTH
15V1mfLJusG5r6tNVPt4CA6iNTqx4qzcv2EpVuenNWfuGeXG:12000000000000000000:OKDOT:OKMYTH
15AQbf8R7SFkvrq5taYAr1YZ3vSP9z376DMaBLbrAPJuH1Uj:12000000000000000000:OKDOT:OKMYTH
12YRobDDKW6n8pCbbdDKQ498SAS13w95namwcRRiGkSbYPFB:12000000000000000000:OKDOT:OKMYTH
12B4CkMyQtpAvL8nuN3fyn8mFtDGA68bFRnbeAiNArjCpeuf:12000000000000000000:OKDOT:OKMYTH
12r5KVt1LJuxA385xk92LPQhykJQMmfjCdQNkEDmCcoKCTgQ:12000000000000000000:OKDOT:OKMYTH
12UF2unBoVhVVnyBVdYL92ZBgL6pCDahFGY6EvF6y2Yrpe6i:12000000000000000000:OKDOT:OKMYTH
1sXJbiKfhcyTtJARxbaYa1XCqf1DVv29HLXDqEoywNkvHgb:12000000000000000000:OKDOT:OKMYTH
14t3RSn3gZhDF4XxedsZ2nDyYc7j77XQghucPFcZSsDengWb:12000000000000000000:OKDOT:OKMYTH
14bCJRPGfsdffY25V1ZW3fCiVmKygzm52a42r99XSCUTMCrY:12000000000000000000:OKDOT:OKMYTH
1fWzG5hYTymeghc2Hu2R6izUegcuffjuMaMVrVc7D21yLEf:12000000000000000000:OKDOT:OKMYTH
15tWveKBWDrdJccQHyVe5BVT6C1HNrpbXZFKP6ybAWb2dTHe:12000000000000000000:OKDOT:OKMYTH
12vNZw7TSCDx8j29591RN3JeNaYPVcTRGYjrpN8xbeCMHyoG:12000000000000000000:OKDOT:OKMYTH
16EaC7G2JgVY4cT7q4ZxAkWkm7dG2aS8nEMCmLibJXRjzwXo:12000000000000000000:OKDOT:OKMYTH
14yVNXE6weLPecfAjw7vVLDWpmqVGaftU63hXiGV79gFHxzD:12000000000000000000:OKDOT:OKMYTH
12AXTfQyMmsGfYzaZGdRdQKtdhwBPaYm29tGLynVRcPSUYaD:12000000000000000000:OKDOT:OKMYTH
14DxWNaEqDJKb1Zw9wkQTjZvJC7FqmV4PfGFrJ86Z7eNGreG:12000000000000000000:OKDOT:OKMYTH
13sFTPWcgnUmeDNHCdL1PX1LZ7g94ZZq8o1PS6gWe84bYpp1:12000000000000000000:OKDOT:OKMYTH
12JmeMQrgT3ynN8CkMcr1awRE7h8XjrCxv7DMCqgiCkA8hYh:12000000000000000000:OKDOT:OKMYTH
15gFipn5BM1kuBwvQ5ptWg69Q9mKwYYSen3VRQjB6t9Tbb9A:12000000000000000000:OKDOT:OKMYTH
12r6EkNMqCZNzoAhyALnyPahZ2YD2yg6TZHznsUncbSxbbTR:12000000000000000000:OKDOT:OKMYTH
13xs3yJ9n3UM3KJkCmGHXoD3ANZRKu1jmJ8qF4tXJnaws5eA:12000000000000000000:OKDOT:OKMYTH
13zwfJHFUJMtvLrSWkGJvuNQs5qPkx7HgFWENh7so6ukUc8Y:12000000000000000000:OKDOT:OKMYTH
138s39GFKbKbCjzMhu5bTU86pp5vgYmNMwLkYbUh3Y2pqrZN:12000000000000000000:OKDOT:OKMYTH
129BLckwsrpfkksv35YnBrn61Z9bYqty5UWARmogjNnv8H9C:12000000000000000000:OKDOT:OKMYTH
13BpnC7GLjFLcgBEqSvvcNfH4ismJ9qNYtaoMPEiUvkfpLsA:12000000000000000000:OKDOT:OKMYTH
13uTN2Fh4diSE1xiVTxHzAWoe66iMLJwf4ikco1BaHB9q9LW:12000000000000000000:OKDOT:OKMYTH
15VRUi4UtecmjVZpkBBwa7ZBkGV3TaAwrsnrEvsnQJk7E9RX:12000000000000000000:OKDOT:OKMYTH
13N1MpyBTXx1aEi3VCtWxUsmJAk1SLeKfiowvhUenj41wHco:12000000000000000000:OKDOT:OKMYTH
12roheFhq4tiTU9idBYVR3gA5tapJ181rutnhys5FF7G96Nn:12000000000000000000:OKDOT:OKMYTH
153tAXh3wxD75TWL5YR9LekTP9hYNthhE2DZ98ScCnW4Bqpj:12000000000000000000:OKDOT:OKMYTH
168vBkEfdAAyXNkmgP52ffxDKjMgFf1d6vVCLzB3XhqdnxhD:12000000000000000000:OKDOT:OKMYTH
12MrBEW1XPibPMPu5oKhN3TypESS5qzbDo2vk1Q21aZPVtmJ:12000000000000000000:OKDOT:OKMYTH
1SCxVzoNHn27VWw1fNMuTGmZpTsDyxzMM3fnEtSyWkfn9vw:12000000000000000000:OKDOT:OKMYTH
13NCLd3foNpsv1huPDzvvfyKh37NEEkGFotZnP52CTR98YFJ:236000000000000000000:OKDOT:OKMYTH
