1pjwaJDB1xvpwepExsRkH7Bqs7S6qTKfxTsCn2qcMx3A6ic:12000000000000000000:OKDOT:CHECKMYTH
13FnV5pqoyxfFLNPC7MSKk9ybdCD5pcQSa3Ns9Y3TYVAqHHZ:12000000000000000000:OKDOT:CHECKMYTH
15Liuo9AdyxZ86kkVswr4hBqvNVzcDdgcfuRF5shUHchwd59:12000000000000000000:OKDOT:CHECKMYTH
1M1DuppG7CNjRyiBtcyPe5Po16MuQxfrp86b5oBDEoV8hEk:12000000000000000000:OKDOT:CHECKMYTH
1Gxw3VJCBYotaAXcKNwJmmBvtkW9BYafkZV89bFzUMtr4DA:12000000000000000000:OKDOT:CHECKMYTH
124AW2iJ1oyS9rSL6dGJSA7ayRnKQshN8epy2qfhaVF2tPGX:12000000000000000000:OKDOT:CHECKMYTH
14LvhCaq8B2nrrrWfPgSfF19LS4PwobTp3KxUXKfXcaDAubr:12000000000000000000:OKDOT:CHECKMYTH
14vxJ7g86JN66p9CDqPxf4uE7D1j4AG1iE5wUoKxmmHx9JcC:12000000000000000000:OKDOT:CHECKMYTH
158pYgGSfeh6xJ4aXQNHdDmeW5dcsK5uxCTEqJuXA58Xo6hz:12000000000000000000:OKDOT:CHECKMYTH
12jdnMsbKQuXL9HhfkMLxex1JD39e81DhjEyfm6KBpkM49Rp:12000000000000000000:OKDOT:CHECKMYTH
14SbS9EnG4iefWCxpqs1giZKv7vsXwwXHwKGwAnZE5M7L4vS:12000000000000000000:OKDOT:CHECKMYTH
1sCikXd6uwuHuqXmGHUsx7U1QLvYCUWwTBbWJQgNiMuG4FW:12000000000000000000:OKDOT:CHECKMYTH
14ihoEvR7gkNZNsJAVLyGWywqLXyj6haRY2LpiV4Kcxv5TsY:12000000000000000000:OKDOT:CHECKMYTH
12pYWkC9P1sV3txajiX9mrouY7ubMNVF4QDKbAJojH7zQm15:12000000000000000000:OKDOT:CHECKMYTH
1YVHevz3yTSYnxoKd5pf9UafyDn6isVKc1MSoR3Dbe6cBHE:12000000000000000000:OKDOT:CHECKMYTH
14zw1m7hWsy8uVv3gBhadMdMK2s7PUEZnEEcz4EV3jQbAPR2:12000000000000000000:OKDOT:CHECKMYTH
121oQturdifHJ9oqqVdTvevEQxqXtMfStdr7bBU8eMtYWGFb:12000000000000000000:OKDOT:CHECKMYTH
14mcntTk8ZzvXJ1tMyA4symkpM8osyyMC68zcCv5VUynNw3P:12000000000000000000:OKDOT:CHECKMYTH
16dD1cmFJnzM6pKaUeWVY8qkYcWw8AYzNQhemda4etGSJgm4:12000000000000000000:OKDOT:CHECKMYTH
13TehFWf8cvdwSRy5QG8dqzDmTCvLHSaeViJrpKiqGvAyBdB:12000000000000000000:OKDOT:CHECKMYTH
13vPShUit4tgRDLApfN2z8JxairvdzBE2d1sVPAvBrxrcBWd:12000000000000000000:OKDOT:CHECKMYTH
12ceixypXi2TWZ1VTqX4ZSGqaYtqSxGLYaJbkSyDUc6TvvEd:12000000000000000000:NEEDED:CHECKMYTH
1qVSY1BVd5xDu8pjivHwsY5Stzit3iqfwaqrXmVa1pgZ9HM:12000000000000000000:OKDOT:CHECKMYTH
15jknsTQzbRCf91GHBR5RxSueVb1qG6FY47cHfqxefwW4R7y:12000000000000000000:OKDOT:CHECKMYTH
14EjLVUVmtzEVwaCHPUTk3NCNNWQfgv7M61BXWjSdmHL1bfF:12000000000000000000:OKDOT:CHECKMYTH
13UWLeRRmAZLiGX69ZjeJu2vbGj9vEMQs5KgwGNtbjqKg8Rc:12000000000000000000:OKDOT:CHECKMYTH
12gwPV28QVnwnuJzjaS2FB1Sm7G4LfAkqiE1M1W5n7kwGB5e:12000000000000000000:OKDOT:CHECKMYTH
15KZfhNyE2dEcpszPevL4j7UfEfpgJyTHcbVyzwXeanPmz2B:12000000000000000000:OKDOT:CHECKMYTH
1xxkZ1PJPRbceyrNjSwAmRsSbwrhry13rPbdQdT7MMh93Ko:12000000000000000000:OKDOT:CHECKMYTH
145SwuQGhE4TWFYMdzp1ajohVBczXWXYDbgm82nG53zgSDxa:12000000000000000000:OKDOT:CHECKMYTH
1316xkQKniMsAzh5Q3N4LwCQrb5rU4BtbEpqjgQH2igqY7oZ:12000000000000000000:OKDOT:CHECKMYTH
13dcHzZoMqjbVp2hAZnWzbdmNwyqJYWXRouCJvX1CrKEuABn:12000000000000000000:OKDOT:CHECKMYTH
13zKw25kruZ7U72fLCZrK2cBQ3pST6pqWJiwqRCrz17CbrBx:12000000000000000000:OKDOT:CHECKMYTH
14ZvE8xFb6kTHkQNxsu84kFiTnYptCYrkjmQL6eDu1bMfQ78:12000000000000000000:OKDOT:CHECKMYTH
12eC3DWX74kBASZn1uEcL9mm8FBZ1LeET56JEKTeCbamupUy:12000000000000000000:OKDOT:CHECKMYTH
1BZG1at7YkXUucyj8u3zgAjoi9Xfg7hVCvjvnQ7YSc6D7ct:12000000000000000000:OKDOT:CHECKMYTH
12PNqy51ErPabCJzvhgAQT7rtxVJmpe6gd9D6GCd3GqUF4R8:12000000000000000000:OKDOT:CHECKMYTH
15NuDaaRdM2DrS9NYSB9aJkPxBP7BidrmMW1RTVdoMfMwC8t:12000000000000000000:OKDOT:CHECKMYTH
16Ver3ySbAjBqP3wkdyYwD247Rj4GdmzPu8iTEYyCdH7mGjr:12000000000000000000:OKDOT:CHECKMYTH
138vPN6MNx4Rxf4PKeRZjanXDTmkcQWeWjSnJwXpBcdS21j2:12000000000000000000:OKDOT:CHECKMYTH
12g5CSC99QJkzr26AqLWwp1Cao5MML1TomXgYPkV441cDCC6:12000000000000000000:OKDOT:CHECKMYTH
159qXBMg7vsWagjTk3uRgjzkMHbUT5S8SWgMK43Zfoj3BYXH:12000000000000000000:OKDOT:CHECKMYTH
15hr5KEZqVc1pr2eSpB1h5QrEZYTFfDXAU9WoK6H17T2fQf3:12000000000000000000:OKDOT:CHECKMYTH
14h9upXnxbheuWaySf7hijyRdUV7XaPjH9Uvc29rspbSswJ4:12000000000000000000:OKDOT:CHECKMYTH
16GBqeuZ2iGT3PnQex8d3w6L8ghb4xa8gAGKQAT8bfxbA4fR:12000000000000000000:OKDOT:CHECKMYTH
1royHfqq98yV4N2QwgCGiin9xi4Z61oQTQufE1QsHkp2j2F:12000000000000000000:OKDOT:CHECKMYTH
16UW5fgrG73PLFMCWjPTP1x1fuPE72pH8LndwNXXsnxhMjsa:12000000000000000000:OKDOT:CHECKMYTH
1449WoNUg71vCz7kjedQPsg4qVunQFU9th9Hkc64rNodgZoe:12000000000000000000:OKDOT:CHECKMYTH
13iF28CLB2YuLXaxYksjuC6obwnkhpMQ7XcwmT3EPZP3Hjt1:12000000000000000000:NEEDED:CHECKMYTH
14refmtbE9nwvKj676aRrch3YnXPa832N9gXFBfb9CaJDVo1:12000000000000000000:OKDOT:CHECKMYTH
13QwkM77EGLh4rePuW2iJv53fjMY8b3UUSuZUdeQacNrJbhM:12000000000000000000:OKDOT:CHECKMYTH
13kx3VjmWTdYBi8Vw7xbVjhqcgpcHR1zekfi4gUPvJ2Tjqf2:12000000000000000000:OKDOT:CHECKMYTH
12sCGuPSs7wnu55rVYgm6pnA4FLfi9j2A6LgKXMvbWLrNsAU:12000000000000000000:OKDOT:CHECKMYTH
1ErPV5Tbbx9AwpYMkscWaUZQC5gD3t8BSJbkN8igC2SuVbQ:12000000000000000000:OKDOT:CHECKMYTH
1oF8tvQHsb1oHRa2dTcwNboiRAmiMjZJc3u8JcAYMiYCANZ:12000000000000000000:OKDOT:CHECKMYTH
15uHutr8NoW7ZQSa579qmkoNQrGYTW6FmSALiEJ2Xiq4CJqG:12000000000000000000:OKDOT:CHECKMYTH
1y4iSNVuNjXThBMzqje3gcajqjVc5zRtnfmmcYMSNxoe1nD:12000000000000000000:OKDOT:CHECKMYTH
13F2HRqok8rGnoggbYXbcDDVsmjc5QFBoEqTJYVkNBQfVxhS:12000000000000000000:OKDOT:CHECKMYTH
128gqR8eZTzchviFcup5JsEBxYMvunTwrRW7PAUA8YukPLmq:12000000000000000000:OKDOT:CHECKMYTH
15Nv7UZN7nCuzaveCcVxJeegeph98spbfTfbhzcvQgb3KPrr:12000000000000000000:OKDOT:CHECKMYTH
13rAfUuNrtUNkM8k4RwoQpqwFjpsMCBYch8uEXJaCWWmXFmc:12000000000000000000:OKDOT:CHECKMYTH
1thm7uYV5R77AjN9rLYrJ7CypWpmwKtX4dJgx7PfvA9zUYW:12000000000000000000:OKDOT:CHECKMYTH
13hVEEg9FyuGyhZ15aiLiqy252EK66VxaK48MwCskeW7mLj7:12000000000000000000:OKDOT:CHECKMYTH
12fFHtfzBqSpFcyivyQFJuaKUKbFNCeU1LinjMPQpaTLK13k:12000000000000000000:OKDOT:CHECKMYTH
16dt7yNhJhZ4vH8VSb2To2hEoweeUQ68sWSbNmTMk3JsFkEd:12000000000000000000:OKDOT:CHECKMYTH
13eoT3B6rR6BjpF4LPQXLosGHvH5NHdLok8mhutxXHSKqaQk:12000000000000000000:OKDOT:CHECKMYTH
15WYMYqHNn7o3J8Z5TvTRyCbpYbnVceJdgUJZ3NEDHWyEhA3:12000000000000000000:OKDOT:CHECKMYTH
1JP9qVwyDFAkHV69SXRXrq3UJyaQPwEdT31pdNfF64kNvM5:12000000000000000000:OKDOT:CHECKMYTH
14kxyZsMoR3VcsZaR3NGWe2DVVp7YupddQoJ5XSYCg7U1KEw:12000000000000000000:OKDOT:CHECKMYTH
1fi3UXHLJxk5ogTTAMvgRFQA5Jz34T9aAj9vrWKdMkqC1bu:12000000000000000000:OKDOT:CHECKMYTH
166BVxBHrQq4wQgoi1124yznbXvGQmVZeaVdH3Eb5jQgHEuH:12000000000000000000:OKDOT:CHECKMYTH
1wYc7wuegpVPckEP6SUxdzuhjTmAiZ2w5j8MRNouV7memEH:12000000000000000000:OKDOT:CHECKMYTH
16XtUVGe59aRhStG8tJYwTz7bb4jDv1AQZL3hXdE3goTRPZA:12000000000000000000:OKDOT:CHECKMYTH
15tM45DVwd73HrMB2vpL3xMYXRHhgibsxWvcCRhmHNwi45gm:12000000000000000000:OKDOT:CHECKMYTH
12irH822KPV1e5BUNL3utvof2Pp2nTStzQ5jrCfQeVdgpRjZ:12000000000000000000:OKDOT:CHECKMYTH
168azpNQNXxzyKxYAFnTWhjPKRpFmJXWu9g11eWb8Y1ZC8YD:12000000000000000000:OKDOT:CHECKMYTH
12qY6RjwdPFAkLkikqc4ydevpFMMUkPLcrRNpTKjeXei2MH2:12000000000000000000:OKDOT:CHECKMYTH
13m8V11UuPQJ8VHPRdbHQeptREKUKVGZfRDCwp39G4Wdyp7d:12000000000000000000:OKDOT:CHECKMYTH
1Vs9fZRTmurKVa9nFcm3hSuP68pc3uuvE4xpuqfCsgarTBG:12000000000000000000:OKDOT:CHECKMYTH
15U6UhA6wFxeX5NzpZ8p5V4ZS8totG1vqSsxfrTj8e86d8jh:12000000000000000000:OKDOT:CHECKMYTH
1joQr9Ha3CiQsSDjRViGyQfEUcvpXMzCsYg8agFmRXVN7Ed:12000000000000000000:OKDOT:CHECKMYTH
15KBk3jGUyKPYggwywTr5ou4dnDdafyV4yTJgFoAazqnvQN:12000000000000000000:OKDOT:CHECKMYTH
14VGmkyaEJEc2MCMoM6ncnzHVYHTG3v11dGP5RsjvhssVqEy:12000000000000000000:OKDOT:CHECKMYTH
1h8Uq73SNDJJgmpW7XrZQjg74tMmhhkp1aJmJTcHKH2TWjs:12000000000000000000:OKDOT:CHECKMYTH
13paBJvQdg6gFEpBTCC5atqqWBWYViF5SH8zv2tatjNubga2:12000000000000000000:OKDOT:CHECKMYTH
15oNL4jXeqWpWw3geUmceV3CYkGipootZpimoV3T8jGGKzgU:12000000000000000000:OKDOT:CHECKMYTH
157hvbZeQbyvjCBvkhaj3c4e1tUNT5HFCPoMQgt9ww6RLLxs:12000000000000000000:OKDOT:CHECKMYTH
1AFvHnAWnZzHAHLZhVSVx7jpXebqT35x7zmZpr34N5pWGQC:12000000000000000000:OKDOT:CHECKMYTH
15U1BSB5QVFMPDQc9aJDnz4tx7ex2merC9RahLBf5bZeZd2:12000000000000000000:OKDOT:CHECKMYTH
13jErpJw21c41YPYm9E5Th5yN4EoSE6isAZEQcXfYoSr2UUE:12000000000000000000:OKDOT:CHECKMYTH
12BLXJkedQjdgEMfLst3X8bdHA3UN2arX5GzCpNjTqe2ZspW:12000000000000000000:OKDOT:CHECKMYTH
15k9QDBH6r8QPcoGmTeHxD5NoZf5nmNvmUgaveHy6VxDmmUZ:12000000000000000000:OKDOT:CHECKMYTH
14i8XXLKp7cJt4xdiW7L4JqcUJmkzm2iK1eRsKHiW1n93Sbf:12000000000000000000:OKDOT:CHECKMYTH
16cYxy1HVdCEUKt6SB1tRtsWJtvMrQaAfAWb4Je1xpwx8Yv5:12000000000000000000:OKDOT:CHECKMYTH
16bbY8m7G5nEnsikmhoPNafopV9xGxhFkVgaCFZg5yL5VP7Z:12000000000000000000:OKDOT:CHECKMYTH
13ZmUa49fmp4EhrSRzZWaYgpP5W9DE2teUJKE5WbTy8L9GsF:12000000000000000000:OKDOT:CHECKMYTH
13Eu1nADM4FY8RkWqw771A9YLMV1Gk3XiYcypnZBHbRD7TVq:12000000000000000000:OKDOT:CHECKMYTH
15hxRKYDCAHGtm7dxJEUqm711SbD2vpYtmQHA7dWiejUnqsM:12000000000000000000:OKDOT:CHECKMYTH
12vW4Hu7gm1i2NaujXYLwW9Gb3EikW3XMXPWcBnCEuDhepCj:12000000000000000000:OKDOT:CHECKMYTH
16bmS7cAXYioWU2pKrL1TG7qWdZKFs5VLryfWY9Fm7ZQLAh6:12000000000000000000:NEEDED:CHECKMYTH
1BdcpDfcGDnW4KGiHkUDevwcdhDQus1x9TzjeUpmhau7JDB:12000000000000000000:OKDOT:CHECKMYTH
153PR8arF89SE6pdChts7YGvJLzaJMXSrisSMY22dLmpzwUY:12000000000000000000:OKDOT:CHECKMYTH
14tXnTVcjzuVBCy64yZt5MpjpomTn8r55ZXVmnGYE9jfLqt8:12000000000000000000:NEEDED:CHECKMYTH
152SFAkg9AwNYYK2Rg2Gs1iAS1VNzrrNThoHAAiuo5nGweM8:12000000000000000000:OKDOT:CHECKMYTH
15ztJ8Uw8dje3bAzRzGCdJubMJUjxK2AdNeDowHuk2mpMz1p:12000000000000000000:OKDOT:CHECKMYTH
1NmEVf4yghGwW8jemNSkzH8qZ3gGStypxWd5RDxGp3ApEjz:12000000000000000000:OKDOT:CHECKMYTH
13Rtd4KAaWF6wGDSFuZEFMuLiiVtjV1wrEx1pZSWXzWaZUpn:12000000000000000000:OKDOT:CHECKMYTH
13bwzNYB74rs8Z7ndUcUgHpbMWUy5zSRzAS6TF6q2BU2nxPs:12000000000000000000:OKDOT:CHECKMYTH
1yUReEuWsU4UyCUC5KBcvcTAbQhgp82Y8pRXLaDNVLzhMxn:12000000000000000000:OKDOT:CHECKMYTH
14r4FgSZ3g1rLQBdeoYdV6U3G3hGbLCX7tpJCfNNDELcN7xb:12000000000000000000:OKDOT:CHECKMYTH
12pCnmDqs98aHhZWnZ2ofh5Zmu84nCZBMC5FQiCD4skGnJyw:12000000000000000000:OKDOT:CHECKMYTH
16HLRPRjij1g3KdpUys281FdQ1Mhg1ABpmRsmdQoemcUATJf:12000000000000000000:OKDOT:CHECKMYTH
16hPU5fPAEXwJfQwV1Ctqf4VAtpiLxhnB2ieEUk5dFRdW1KL:12000000000000000000:OKDOT:CHECKMYTH
16Ct5ruAQ41JDquMZG3PipzdyEVYjDM8671BkD3ZZwtGGkfX:12000000000000000000:OKDOT:CHECKMYTH
16cwq3jsTofEVFAcGwcEggVxeqYgbjjyABymT7wRtejkWsmj:12000000000000000000:OKDOT:CHECKMYTH
151r6oPLuWgDb9zDrxEeEjfFjwDeR5qy5tPpHybZpG2UTux3:12000000000000000000:OKDOT:CHECKMYTH
15ZhmJ5ACEgUot325CkKjwSaw96XJLZm8xoGLFA5uPXUgUwU:12000000000000000000:OKDOT:CHECKMYTH
14HWwjPF2xSVXZnjARtRJD6UuZK4G4v3eu5E6DKsFSwCD33J:12000000000000000000:OKDOT:CHECKMYTH
14ob5XptAkk9NfQhTB7ozkDezw5ocXHgrKSFZekyuactEoxo:12000000000000000000:OKDOT:CHECKMYTH
15cgWFwYAAiUkjcz2o8KAwcRFfDJU8UVxrRB1S6tG9LA1i2K:12000000000000000000:OKDOT:CHECKMYTH
12r3U7NJ9gs8j4wn9eCoAPudNWN9fEzkijFvo2LViZmzLRS3:12000000000000000000:OKDOT:CHECKMYTH
16F7ctEXF2UeG1KG9d1AongqQ1ej9zwvFarxgBMjgY4HnCzm:12000000000000000000:OKDOT:CHECKMYTH
12jSBW9ec8BQxGgj52rppnVyKbVNUFNHAExyJYEpVrAeqw3z:12000000000000000000:OKDOT:CHECKMYTH
14fyp8TES8gbB4n7rCuUEcRnVykhQgPTfhKGYMGcrEi9s8n1:12000000000000000000:OKDOT:CHECKMYTH
1yNsM2Wa1zJTQkTnmMbd6AS9V5AvH9BfRSnJ7NWT2ptUXqo:12000000000000000000:OKDOT:CHECKMYTH
144hinYgPc3QoJTVFKR3miDveYHJXgSHuFVEcjAoUdt37hac:12000000000000000000:OKDOT:CHECKMYTH
15f4JkRS7B2RSNWRFvSuMKa1DfosYRKxkxMTzphyXFbcFGw9:12000000000000000000:OKDOT:CHECKMYTH
14XjF6veou8RYaXEWoNL4yaR9BG7w6XDUzaAvBuLXL27rctn:12000000000000000000:OKDOT:CHECKMYTH
154Tw3xSEnYAG2D3QwuJBU3D17uG7wE4wB8TUa5y6GbPAmj4:12000000000000000000:OKDOT:CHECKMYTH
126rj7QRWufUeQZ413cVofDzNbiBcxBRW3YwuPYhELzyJvP3:12000000000000000000:OKDOT:CHECKMYTH
137gPAbt9gzfrJA6zzzWj8MyW5Zmbyv61rnityDnYGhV1vKt:12000000000000000000:NEEDED:CHECKMYTH
13EWdC3Jrpz1okFsdiPPzyFtKvv5zKd1oufEVdw3CKk8MPrs:12000000000000000000:OKDOT:CHECKMYTH
1eF9Y3Km8zouTgu11RMwKJoLY1yyGZLHJQtV9Lg7qPFf1MY:12000000000000000000:OKDOT:CHECKMYTH
12cX39WjBpgNUVMBueFPhcHAsu4hBRCAgPQ37bDzSPRkSpBk:12000000000000000000:OKDOT:CHECKMYTH
13gJ3ZRZZjthxiczA1oUF6FXScTsSE4uGuKEnqrDdn1Db8F2:12000000000000000000:OKDOT:CHECKMYTH
12cHwT3mywK4rdwh6zN5Sa9rnG2HJHkXFsLJ8rNGPo479fRR:12000000000000000000:OKDOT:CHECKMYTH
16CusF57qxoeKAhBJoZcUBrbzrof6cp9YUXk6HbBwwqwu8yX:12000000000000000000:OKDOT:CHECKMYTH
16EJt1zknX2FTiWeVy2eQGFo5p5maZA6FgUfbwdHnD7rfcLA:12000000000000000000:OKDOT:CHECKMYTH
16hfDt7HjAUKbN7wbECvRNtqz3LpxDoL28o15woFKsL6Rp4w:12000000000000000000:OKDOT:CHECKMYTH
14MbWC5cFW1KN5mNYoNdnTTUzhgCC7AR5ZiaXXSGAyn58dS7:12000000000000000000:OKDOT:CHECKMYTH
15MKG5tjTrBxXbHqNxrCtMNy6Ki1SdG2UbRBWxSMwxtTYbWL:12000000000000000000:OKDOT:CHECKMYTH
12mT3iSZDPHv9MArmNoMPiKxRJFCuZtRuXqTFjWNW2UwsLxw:12000000000000000000:OKDOT:CHECKMYTH
13swx3Q9jZrGLmVvmz8UR5LGF4aZ8rrJF7WR4eUH9KrBvSfD:12000000000000000000:OKDOT:CHECKMYTH
15RqscDBc1tqspkek2Zwq9f49R1eJX2e1WW1V7UcBGKSPNp1:12000000000000000000:OKDOT:CHECKMYTH
13xS7Lo3csEYtJ3disabwe9DiCNvH4hiRYgnGDv4TjCdpYQS:12000000000000000000:OKDOT:CHECKMYTH
12PLwtGb39upJMxf5GuwwsjhJohmNLkeC9xppwJRUKqEN69N:12000000000000000000:OKDOT:CHECKMYTH
13DvmtGGg163FRTkmrcqkn34BdifGoGVcArv8BZc1fjiadjj:12000000000000000000:OKDOT:CHECKMYTH
16MWDhu1FZ33x6AUKwoCEKdW5ssEa3zpzsDobcjnH6L8awKh:12000000000000000000:OKDOT:CHECKMYTH
13gddwmSbprHE8DdzEU8Gw1UKMm8EXFu5ysxd566yxAmy32z:12000000000000000000:OKDOT:CHECKMYTH
13d9B56bfCKM3cmTA6xd9dxXawRP19mHKZHUnF1miPfYfR56:12000000000000000000:OKDOT:CHECKMYTH
1TgDJ9akLHiBmgzKsBjrnYGVeDnovg9yuFdNQRbJmdQgLHP:12000000000000000000:OKDOT:CHECKMYTH
12qL3dKxbDdpENieYv2KDdBihuyZW9ay6ifLN6xqkb3qTM6w:12000000000000000000:OKDOT:CHECKMYTH
12BtNfLbYZUEcbiN6ZUx5x8XRzUh1fCPfshrynWyYPamwC5B:12000000000000000000:OKDOT:CHECKMYTH
144QxZh2wC1owxDRmGTmx6z5LQ6j6dnhWvCvAgqbVy48SHGV:12000000000000000000:OKDOT:CHECKMYTH
15a7j2uFijSoxZ8HskhPmqSs8CTCcrBzJUYumjovYJECvZBQ:12000000000000000000:OKDOT:CHECKMYTH
1ZLFCvKADbros9rtj3iyFUgoKQHj9aqv1ZMt4eJmhv58S1d:12000000000000000000:OKDOT:CHECKMYTH
13gBRppcnkPLsQBWaHNbADSmfGNF8d7btK67WcSDcipszGJU:12000000000000000000:OKDOT:CHECKMYTH
1dd2z4YvW5AnWWS2AM4HHzSvxXFZa4CbtvENXMNiYHB7cUM:12000000000000000000:OKDOT:CHECKMYTH
12eWVqUERVafgYENk6Knxyp2FMb9srzzQCLzYbEU27Tam4we:12000000000000000000:OKDOT:CHECKMYTH
1Uk6eZdGaJCgLK8ZpeYVhZn7x4vV9uRqpAM1oWf6rrNeFu7:12000000000000000000:OKDOT:CHECKMYTH
1CYWYc7wPeRujLBb9AbT1vxuxvaTH616U1qFsZeN4eRcfCS:12000000000000000000:OKDOT:CHECKMYTH
152uNCsSH7kDM3MamUX9ZgiGQLTGGAKNigcSLGf2gCzQrSvK:12000000000000000000:OKDOT:CHECKMYTH
14JdohNp2RrRXChsYW2DcB435ZrCMeT3KFTx7wHfjiUV69Ns:12000000000000000000:OKDOT:CHECKMYTH
137LDqHNC14iFLDbDGV2rXna8H9Cg57RK6SayKuYbnCBoK6Q:12000000000000000000:OKDOT:CHECKMYTH
1232Fo6JZ3u4eZvdDCM5AbtNarCQT23woHYGvMcUoK1J4BYQ:12000000000000000000:OKDOT:CHECKMYTH
133asGrzDPGJ235cTPgRsKhG9VtYe9bkvC6Fz9KvmBDGQ82f:12000000000000000000:OKDOT:CHECKMYTH
14p5MM8hKPoX1S5Hja1Qxx7wZDkakk5bRnpS7XUWt7DoZXF6:12000000000000000000:OKDOT:CHECKMYTH
14GpHrASZ8xPtwNQzwSQq1ax74kWuwZJrUNLNcVMnNwV7ReJ:12000000000000000000:OKDOT:CHECKMYTH
15wb5x9GQSJn9Uv1BPKpEWV3Uyma2iAxjFQo3E5kRwYRtycV:12000000000000000000:OKDOT:CHECKMYTH
12hdMEq3VJGj7BLkwiobSegPXQecaWCsKzbNBFcozozA83d:12000000000000000000:OKDOT:CHECKMYTH
1XcN5jcVDsU9LQbHAWpqYCm1ibsGS5RJ6QWNSPMMbBGuZPD:12000000000000000000:OKDOT:CHECKMYTH
1EFnZG4HCbNvLBorBw2J1zbNH5kS99mHrdTZXMTcYzGNBPZ:12000000000000000000:OKDOT:CHECKMYTH
15fXDKejwHmujixSi3nBWr6eSwCbu8AkhAE2eiaeJiXfLVAf:12000000000000000000:OKDOT:CHECKMYTH
13r45pmeQ3gv3HMwjnTecKax72pkSbDLpB4vjZZD2tXEKJ3v:12000000000000000000:OKDOT:CHECKMYTH
14cfDGBRFbTDfbWDSNNvAmKStnWzdnfjXcZ62vyeLZ9v64w5:12000000000000000000:OKDOT:CHECKMYTH
14QNfLXEWUFDP2E1B9oG9qbsT23GfSvXqUs6QuuBahGKCf9d:12000000000000000000:OKDOT:CHECKMYTH
1FMHqtix9PMnAk8EhjEYzcKaZ5D8qvgBfTVcwahCcS7V8qM:12000000000000000000:OKDOT:CHECKMYTH
1twM5KZMxJDeNSR3BBT2fU66vMa3KEBuSn7sxEGFrP5Axf8:12000000000000000000:OKDOT:CHECKMYTH
167pKDxf7nSCUfSCQmxhrAMrjcCAn6kXQZtfUQaxVbn8XesK:12000000000000000000:OKDOT:CHECKMYTH
12yDFDp22C2ArD4UNvK2WTsDzopxeYWca6Gw78uynJ4qBSQ8:12000000000000000000:OKDOT:CHECKMYTH
14QPbKa9xKqtn82477p2qBciMw8PUa9Ltkh5hFLMPDMA7ekg:12000000000000000000:OKDOT:CHECKMYTH
15RZrXf3hHqhtrNnCTCuhogVgFkBRvHQeGqJRaXRKrrchSKm:12000000000000000000:OKDOT:CHECKMYTH
13NepnP8DLAhU7Fhq5XkymsJaLYWNnqZqfKcDC5TnMuZBuRs:12000000000000000000:OKDOT:CHECKMYTH
13MNGrm95Rh3Wjo5Br5TT3S2944wtSNmyVZHbhtYKMbjjuCM:12000000000000000000:OKDOT:CHECKMYTH
149N9M3MZEvGK8R42WFHKQFBcKVwQTE5muJjLif1cQeQWCcJ:12000000000000000000:OKDOT:CHECKMYTH
14KQq4YrEveR7qSHwDbw71wcoL5PvhK2mCZscE48P4CkXpq2:12000000000000000000:OKDOT:CHECKMYTH
1jV3wnNQkqaE5SaS34M7oXbKG8R3K3jcw7HQP1Mrja5SP1Z:12000000000000000000:OKDOT:CHECKMYTH
15p25TAfGkyES2kk51PBn6Bgiyv1rnmLPTSj6tcKmLt7jdSi:12000000000000000000:OKDOT:CHECKMYTH
15tbSF1G2XGBHFunMAwJtpnibg6FZzLmRuKLucw39vkNJm7E:12000000000000000000:OKDOT:CHECKMYTH
1Rs2o1LozzagcgWionaXu3v1S5UxcnTkP9HHwVgL9wajvKt:12000000000000000000:OKDOT:CHECKMYTH
12SEHQpRzCoV92rEZ6pvaAGQZYhn7brArp8ZMpy2ki4DLoR4:12000000000000000000:OKDOT:CHECKMYTH
15ji47qDTBgLXiXnszgaUDt3qnyKha7ARJwQAfkFqJVv5DPJ:12000000000000000000:OKDOT:CHECKMYTH
15wBU3RiubpLfSbmwShB6ipqBp884WEGU3uY6fjsTY4R8uRQ:12000000000000000000:OKDOT:CHECKMYTH
15ZKD1DEoHGaCGCNf6kKeD4jTwwoEQ88W5dYyKspT3XtmRL9:12000000000000000000:OKDOT:CHECKMYTH
14XoT97KgJ4HwewheUjUKSjgKprfGbE4bVqDRoXxMWn62ZMm:12000000000000000000:OKDOT:CHECKMYTH
1u9xXi6GDEorEEDXZsjTUfsBMiFAUy3bSNEhg8hf4M8Mie8:12000000000000000000:OKDOT:CHECKMYTH
1YnMUdbFTNt3zHABHF9dUP7CYY1Z5r65TU3wSQ6jUeFmmEH:12000000000000000000:OKDOT:CHECKMYTH
126GGcqrMR6p2Vcwtx7LvggSKgzQxfpoLm3XLfedakDvQefm:12000000000000000000:OKDOT:CHECKMYTH
1EPRM8FTUvq72mfEYCgPRZCUKnRVWQXxnFn1g5a7j7DtseR:12000000000000000000:OKDOT:CHECKMYTH
1NFmS9sWmbGVL6Po8u9JVFfazDEFUBNig6ovptPif9bKYZg:12000000000000000000:OKDOT:CHECKMYTH
13WYNzGQnetdjqpjBk25vWVTen3Hgb9UbRVkpF2aLJtcP8ej:12000000000000000000:OKDOT:CHECKMYTH
12BkdMdDC1s9hVKGGYxBJgAqenFRpzgwzW4VyevHcMcHxKos:12000000000000000000:OKDOT:CHECKMYTH
156JJH3Gh4uxxRMKuAdUPr3WdYXB9VkL3p9XfsuihxT67hGq:12000000000000000000:OKDOT:CHECKMYTH
15TdznhQExBWSuKhwRZVNkFpnik9bQxRe8nCvgydn98n4vGK:12000000000000000000:OKDOT:CHECKMYTH
137XpSygKBHzGDV7McH9fw6sXaS37YzvkwVZHizcQyjmerVn:12000000000000000000:OKDOT:CHECKMYTH
15TPj9fNJ34xJa2kQqdKaA6iXUbkRCSf4F6MjmR2kmF58UfC:12000000000000000000:NEEDED:CHECKMYTH
16MPYV5Wqua6F5vm7Y4hH8PdLoogdmxKs3QZHb6j7PWgqwT9:12000000000000000000:OKDOT:CHECKMYTH
12KffjLzJW7Rr8NVjAYAU48Y9MSoxdPKDrv56MShWNDQxqcR:12000000000000000000:OKDOT:CHECKMYTH
153Nyvt3MpxUxEyC3KYB7VQv5xuCDi4gqPeBWi3Ry7wr2iAb:12000000000000000000:OKDOT:CHECKMYTH
16i3aV7U4nBNcfaH1SmEpYeadM52j1dfo3bsx7dqUvCaLpE8:12000000000000000000:OKDOT:CHECKMYTH
14MndQ5N1EHee7btmYpJk9Y94nu8hT8AgfoFZxMTvjEU6XaG:12000000000000000000:OKDOT:CHECKMYTH
13K5DfZ3qEkJ74efx8i7B5pyGRM1T4SXrz6ANMoG7eWYZkro:12000000000000000000:OKDOT:CHECKMYTH
12TJxNwtAukfPmK2F1F35KL5CVfM6oZME7zGszbuyR6f3qvt:12000000000000000000:OKDOT:CHECKMYTH
1HVopUoPN7HzKekPq2RVLxTzauWZx281jRJJ9Ap3JvSEGzZ:12000000000000000000:OKDOT:CHECKMYTH
14PxQJLpDqo3rBeXEWMSyofxDBB9VGfUjxdSj5XAR1fZ8NAW:12000000000000000000:OKDOT:CHECKMYTH
137H3ZH9rqfsF1ZCC4ez7wLeLsQm4SaaG8V1SPup2vaTFgmg:12000000000000000000:OKDOT:CHECKMYTH
15fyudzSQppZ5DWXL3RF85HnRhk5UDGMJF5UNJGbXBiyc6dh:12000000000000000000:OKDOT:CHECKMYTH
16EBZPzimffHoDbw73eWoLrEQEPo31R8aiijWic16TYnU88R:12000000000000000000:OKDOT:CHECKMYTH
15VGQE4nxDcDE3Cxo3mkmNXxppVdjzeVBmTSH675c1S2kGLX:12000000000000000000:OKDOT:CHECKMYTH
12BewrYQZts3RagoueWaxHw4D5pvTGPs4zV6uj2dKx8rwSSH:12000000000000000000:OKDOT:CHECKMYTH
12SiCGwZibc9SuvntC1U2zNajik31K5D8fNCJudECBEpEnuC:12000000000000000000:OKDOT:CHECKMYTH
13yvJQ9NfSqAeMKLJTZjPsfrdpEAKuLrw17orQi57atMVeTV:12000000000000000000:OKDOT:CHECKMYTH
16BAjih8gmJUyypbNRiriTMa5c9zBAGWQmLZ1tYJh2izPENr:12000000000000000000:OKDOT:CHECKMYTH
15XSU7QoVF9QRQeVtvnSSHDXSK5mCrx1sRMfdRC95Ki1gAtL:12000000000000000000:OKDOT:CHECKMYTH
12pTXXTbGdmHWWZy7a7BozAeNvYcZWnRgdWd6sUPJx5N2Nsg:12000000000000000000:OKDOT:CHECKMYTH
15R2Sbd1KXfaekrft8X83uuqugyEUyMWbEhDR1X4NQZmDZ8B:12000000000000000000:OKDOT:CHECKMYTH
14TqjLFFc5bk1ER36pvPWwu3d4ZmNfitAZ67KAdwcURXrgLQ:12000000000000000000:OKDOT:CHECKMYTH
14HzZpRfqc9Pgmv4s2STTS4DYAvjkNwjZNNYpRCxW5JpoYEw:12000000000000000000:OKDOT:CHECKMYTH
13np1j7K5gLQGjirTAuywEy2irPyLP1Le6qjsnTE7Xc1SYSk:12000000000000000000:OKDOT:CHECKMYTH
134VZ2mxkBDDBQvqXJFpFGLRYWRMHPr3htqLG22c3m1fHuZQ:12000000000000000000:OKDOT:CHECKMYTH
14MjFyycwHLwtGjoVgZXAEWjM5NCjuheksgkLNeHrK3Ldpcz:12000000000000000000:OKDOT:CHECKMYTH
12v1zQZLMfmCDLDtR3RXCWAGW8tsR7BjtKL67sPsZEQ9AoEQ:12000000000000000000:OKDOT:CHECKMYTH
15D7sHj3spvw8NZkdRiZ5Aiq1sJ8BZDA63ukMvggeoXkAwZy:12000000000000000000:OKDOT:CHECKMYTH
1FGq3GjchP8oPuQ5FjjkEdLGXVoH6nXBTat2hBZaE7vKk4C:12000000000000000000:OKDOT:CHECKMYTH
15KV57ZjpFS3itRYQVd1dNE2kgVVDqSEZbFJA8NKTdpRv3Vq:12000000000000000000:OKDOT:CHECKMYTH
135anbtZAWY1SBTXdek2rS9EX5wCPRzcmgyQByJJfQZt97My:12000000000000000000:OKDOT:CHECKMYTH
12whMvt4QVexMUGSrQHSCmjhjeSjBe16vSng9bygest9XCRc:12000000000000000000:NEEDED:CHECKMYTH
167k3p8MRZby6VEMDaS3v1ixRJ1hCquXLnbCqGFohvnZkYuG:12000000000000000000:OKDOT:CHECKMYTH
143QcW6N9cRSndSH3Kz8rWCmJ9sFerhpwPPdTSp8QwuxwpeZ:12000000000000000000:OKDOT:CHECKMYTH
15p24ynLPbH5BJkHQaDUSTuzm3RHRor5Wf3youpRrVpk2NP3:12000000000000000000:OKDOT:CHECKMYTH
157bgUEPp86vKVur9hr8UfD8fLvVg3NvhDMDnXRRYxyFUhqf:12000000000000000000:OKDOT:CHECKMYTH
1RM3mSpnvvtJk1YoViLKDVZTPCytwpk9yBsGxGnRB6m5ZBd:12000000000000000000:OKDOT:CHECKMYTH
15NHuwMP4pa4VaF6dT9E9UVfKL8RYCCJVyKVLwVFc6gvZH1Z:12000000000000000000:OKDOT:CHECKMYTH
1zDZx6tQLcnDtqfsHimmVckVQWPvwedtyvYApX6epX2VLM2:12000000000000000000:OKDOT:CHECKMYTH
154MongCkF4j5xE5mqauZNvdevXXEBfkmDuYxn6weL7L2pVm:12000000000000000000:OKDOT:CHECKMYTH
12NqwEAWiQkRkWs4DR5SXvAScUXwhNtwFsdPD4mphDMtfkfr:12000000000000000000:OKDOT:CHECKMYTH
18qMVgeDSmDYAfnTYjnxKv26ihLYncohbUSbkK64TzjWyu8:12000000000000000000:OKDOT:CHECKMYTH
134uBHjXXDdeS72caJymbib9CWyDuZthRN1MuLz66hRZrMSU:12000000000000000000:OKDOT:CHECKMYTH
15sqftTi4rK9okcjUQj9yjMdvX8wxwTPz4kwD6DKJHsDeVF3:12000000000000000000:OKDOT:CHECKMYTH
13YsuVi2z1eyBEAcHCXSPEcUgndou2V1J2nj3TDAx48bCQjc:12000000000000000000:OKDOT:CHECKMYTH
12TSfbS8JCvszQkMkTiBkErC7NF3YK9u6xXKzhZqtcV2bv56:12000000000000000000:OKDOT:CHECKMYTH
137Ts7EEtjox7oNk4ue47fnwZequRDjSu9nJ3KSSjPSMFZB2:12000000000000000000:OKDOT:CHECKMYTH
14npAe6uctBWGfrZghs2FDPaDY4XGKBkcXTBPych4XJjwSfS:12000000000000000000:OKDOT:CHECKMYTH
14WjGy3rzHj3rUNc7Qa1EYuoVpjDJuU1Muut7EfyaxRYUmwY:12000000000000000000:OKDOT:CHECKMYTH
15zp1wbr1cBXWdfHKwLHfNFMWs9QX3DYkHW6PHHAe8nn2UQ4:12000000000000000000:OKDOT:CHECKMYTH
16jinfbJQvUeyj3x1UvJW9epueBjXM9ykx1Ap8gkF4i7Xokk:12000000000000000000:OKDOT:CHECKMYTH
16553GA9AaFzhDbWyxVpPt4vybWuHXTXpdTnvUcB1G15YgMZ:12000000000000000000:OKDOT:CHECKMYTH
16BYfx8K1aye9omEJTBRzsov8TsQ3dVfKT6KeuHM8tXqLmcA:12000000000000000000:OKDOT:CHECKMYTH
15ydBMozhsAubZs4PPgLfRmEmgrkgRwynt4zzmi6Uk8Y7pWV:12000000000000000000:OKDOT:CHECKMYTH
16S2YaUMiuDTBTMa1b7V1hLoNits8K15na478wAo6qLjFMRa:12000000000000000000:OKDOT:CHECKMYTH
1JmY8HqiYvynCfZQCckQ2HVF2M6ENXKStNMer4xvmnAWa3S:12000000000000000000:OKDOT:CHECKMYTH
14ZoWkRobhvE3ChZ3Nfp96rUQBuomYTGfHKQqga9LM3z7M7k:12000000000000000000:OKDOT:CHECKMYTH
15z9fvD1zA9ergMXXthtd9cUTYwEWhtvHCx6DZDYVQyfbhLD:12000000000000000000:OKDOT:CHECKMYTH
12GrpZJUzZBXpWHmh3jgNKE7g4HSceJRA9wjpQXBrDkpHbSH:12000000000000000000:OKDOT:CHECKMYTH
14fZ85MvoSTn5YvWua8FaD1i9Y7CYrkhpU96RY5XadXErdeX:12000000000000000000:OKDOT:CHECKMYTH
165Kc6P9mnrYZiX966oFAPaFsY52cU2uwiLN85fWjberbfnP:12000000000000000000:OKDOT:CHECKMYTH
14nP6q6RPSdszGh1XwFKHRiQ2kiKReJhtti3D47kXW7FCNuU:12000000000000000000:NEEDED:CHECKMYTH
12JnXX12XgrEBLujsHDPHi7MSm3xSosS49QTGk1GMUX1G7T4:12000000000000000000:OKDOT:CHECKMYTH
15DeNJXzxTZfS2A2xY34Go4uFtWVdGU9nHX6vLn6Lizx4Bxz:12000000000000000000:OKDOT:CHECKMYTH
13GLX6vLb4BN4sKvBfLV2LVpc4j5QZ3wepUMQcZPCM6W3kvD:12000000000000000000:OKDOT:CHECKMYTH
13bHGUCANX8kYFwTbTqrwgYfipeMwDtb2g4Dhu9bF2VubRDx:12000000000000000000:OKDOT:CHECKMYTH
1MmLAH9HMQNMMUXKQjjGSqvQ1eeFakYCqH7pXvfyTPWhkHJ:12000000000000000000:OKDOT:CHECKMYTH
15LT3G2AZZNg56ecaEjZovL55PgcstxaVdfnwLQoccDvw1xP:12000000000000000000:OKDOT:CHECKMYTH
15MSmkacjKtY7xuhfsn8xjfemkuYFWsX6WZGH2LStGNeUeyd:12000000000000000000:OKDOT:CHECKMYTH
12bk6Dgw2rtB8uCjsXLjw8kG6Au9HSsmoiskmjtcca5hANtf:12000000000000000000:OKDOT:CHECKMYTH
16UicBoxH34Mg76EQ8ciop5C74UnyB6LArVA4A7uzGAKkCgE:12000000000000000000:OKDOT:CHECKMYTH
14DMkBs565BvNSZNhyqjvGXxRQGt9fJEEyEbsiDF9aj5C91L:12000000000000000000:OKDOT:CHECKMYTH
14TJ4xXyhdrU7S3dLPyUuPo2PxouKfjhrUGv93CZFBKMFhox:12000000000000000000:OKDOT:CHECKMYTH
16116nyBpbNiXnRPZ3q3BWVaeJVNhqCkdjRuCzLF5pjRex5U:12000000000000000000:OKDOT:CHECKMYTH
15JgfoomdCZZf1HdGVvhmajPHdba6h1CffyGGYdRgQK2p5NW:12000000000000000000:OKDOT:CHECKMYTH
12YHNTMoHivzjgHgcgjArigDTNRZXsqxX42AbzkTYZEjGvWY:12000000000000000000:OKDOT:CHECKMYTH
14SVESyWKab2zzcNqXXyQTUAy5BKqHvif1iyiUzWmNup2Qya:12000000000000000000:OKDOT:CHECKMYTH
16UW8wqMNB5oJBtaxJYLkiHLxv6s8hZyWaunjoCmhsVeKBr:12000000000000000000:OKDOT:CHECKMYTH
13hHWLd3nyQLUr2uC48Eh1D3nw4GTs8vtuc54V7tKLmVovHc:12000000000000000000:OKDOT:CHECKMYTH
15GsqPJg5gXVDhoJQr1gEzx1CwfjLg6brADVA7SNXdtcZ83Q:12000000000000000000:OKDOT:CHECKMYTH
13zYaxkwLZ8Jq4qyqX8Z6Cpenm9EftNmhGbM5buYjEXqKGCz:12000000000000000000:OKDOT:CHECKMYTH
1doWebdkCMHcV7r8Cxtx4mePqYp5AEBekx7QQaNdGVLdpkB:12000000000000000000:OKDOT:CHECKMYTH
14jd4kL1x2MhMSEjuJWG6KMosrf9MjJCqpBHJq1CBZ5Wn9oL:12000000000000000000:OKDOT:CHECKMYTH
14Ax9bXE3YA5Vy1ZC7fnyPPoCEdPwWBaQFgh5Zh3yjMmv1bi:12000000000000000000:OKDOT:CHECKMYTH
143bGXrfC6Xf613qcJvoD63MEJjYbVQv9qwRGdvYNrqn3J1q:12000000000000000000:OKDOT:CHECKMYTH
14KUgjBYTbPwTfTeRLG2jjiXZEeZz85DVm88KfRaD9J2rPGT:12000000000000000000:OKDOT:CHECKMYTH
15MuSyz68htyubWdVqTKdJa9AF1VAQDSJHUYLeq3fZbAPdEB:12000000000000000000:OKDOT:CHECKMYTH
13FFnSP2NfJTMCzsWLV6WAEHiS6jduDFZ13JqGkNxZJ9Gbh5:12000000000000000000:OKDOT:CHECKMYTH
1NNfta7NWRf331q61yhHbLfqzQGXYeeVYsfFM3NSPLix8xc:12000000000000000000:OKDOT:CHECKMYTH
13T5ka5PnPCeUTBQLvStk5VfAyzPTRXXqqJgNcTLotHGf1yt:12000000000000000000:OKDOT:CHECKMYTH
14NbgpGjexfzcke5MCMBbHPtEeu5muiwcEFqVv7XYasY4eu6:12000000000000000000:OKDOT:CHECKMYTH
14Zt9tPW8yQSUmZfSJ7jw2Gyyb28y7xZjkjxBAbxhLZsHFjQ:12000000000000000000:OKDOT:CHECKMYTH
13dzcz8NQzNcQKkixV7sqmbdAaTrGVBZyzYUsk6CQ1S59UPJ:12000000000000000000:OKDOT:CHECKMYTH
14tBH7Djw1yhE2n4BdDwj26hFUmBj3pWT8bF2FDqepQraH5:12000000000000000000:OKDOT:CHECKMYTH
1jURfCJP2Sxgp81B6qjeDjpCQgxB5N1NmxNxws6m9w3Yqht:12000000000000000000:OKDOT:CHECKMYTH
16XwZKYToj25yB7JspXzavVijMo2VZgRoUUjyXFMKoWAkatW:12000000000000000000:OKDOT:CHECKMYTH
15sxh52U2d8wz6PqM29quMPbUHZACxNFXcL7PMtCpeyyE1iY:12000000000000000000:OKDOT:CHECKMYTH
14fkx8ZvSLTKJsg7nrw6YdHVYDM6jL1nHPLcQDDiWZeavAkm:12000000000000000000:OKDOT:CHECKMYTH
15fk1VgANjoAK5LgBrgD2Dz5E4WNCTR3LyayvfwvreihJMgb:12000000000000000000:OKDOT:CHECKMYTH
16dn1jVykLDP7EWqPw3oWX2uTMxJxASh7YtGfXFcSnF4JYrH:12000000000000000000:OKDOT:CHECKMYTH
148dSB1AGBKfWrC8oXrJ1XYfcK4KUwuLEvhSkEUYyTkTXf2E:12000000000000000000:OKDOT:CHECKMYTH
16cjSsEksdyNgJchA5VDRoEHht5NtkacCRbhxseZQcg6hYKa:12000000000000000000:NEEDED:CHECKMYTH
12CRAkT4jSyT4KqkfHFafidm6DrgxFVMuX4axDDsMdTPxZqA:12000000000000000000:OKDOT:CHECKMYTH
13iEdwDQdE4Nucf2NDdgpvEEcRSYzWYL7eV7VEwmEz6QgUei:12000000000000000000:OKDOT:CHECKMYTH
14FHRvUpBah9nq22Zng6YRRCfEqJo5Ku8F88Jz9fVD127Rnn:12000000000000000000:OKDOT:CHECKMYTH
15DHzJGvfyk14z3Wq6TGnfxTZdBQWeaLqoBPCn94oe5UWocj:12000000000000000000:OKDOT:CHECKMYTH
14qYrjs397yiv9jx86fbUTNw2TUMmEik73aD1wJ3KQfWcaAc:12000000000000000000:OKDOT:CHECKMYTH
13hh7CTdb2qmUxcPen24kcX9wfc4jKzBYQ3C7ggDwgStBth4:12000000000000000000:OKDOT:CHECKMYTH
15GYPHUHLESSy6VwvNZdyqrVDn7mNYVvNj2vXXbLm26AKbYv:12000000000000000000:OKDOT:CHECKMYTH
14dExsyJcr1QodPtH9spX6ZvmJWjHrS2Rfvi22nBG1LVcQhR:12000000000000000000:OKDOT:CHECKMYTH
14uGztasLqBoMLWHigLE9Wuxid1UbyAc3D6YynVDdPYh4GPf:12000000000000000000:OKDOT:CHECKMYTH
16Am4CwCX2WGFSyiPx9JMcXHULHLR8seZ52hW7p162xFe3Sx:12000000000000000000:OKDOT:CHECKMYTH
15PhJkZxURjP9rREVZrMo2LWb4NPYEBVjawpQi7rYr4ZhD3s:12000000000000000000:OKDOT:CHECKMYTH
13CZqDMobK5LLK6posbgG6YiCHej3GSkEyf2AFPYyPjugJ97:12000000000000000000:NEEDED:CHECKMYTH
12HfKzSdcqZ5D46Zi6kDFNdpEnbVk9D7ckVr8PksqryAMZix:12000000000000000000:OKDOT:CHECKMYTH
13yG3HFjuUcdRkbgsdgA3hEMQK9dqJdMARw3ztNVmGpARsv4:12000000000000000000:OKDOT:CHECKMYTH
1mfg5jyQAMXoG1tn7388n2Hf5FZLg5WCLN9FKpsGYTUk6F4:12000000000000000000:OKDOT:CHECKMYTH
13dmRoutb3X9oY4ysJ1yjiHBFFrvBKSr5yVS99LevsszdSrg:12000000000000000000:OKDOT:CHECKMYTH
12Spd3UoRCvJ9R9d7SubZsmbpeNiVhYbsUXsHF4VVVgBUkWs:12000000000000000000:OKDOT:CHECKMYTH
15nByLfmvqnN1VQ12hFbKLrpR8yu2GbomwdqjzBQ2PtcrXS2:12000000000000000000:OKDOT:CHECKMYTH
13MnVyzUW3LhWH9M3nvQfabDtMsRRWZUodFqsSVx4q6dHYbW:12000000000000000000:OKDOT:CHECKMYTH
13pFAGsVN6LLDvL2Uo7SnVXz7u6HL9RoF4y1dCTEnugPboyg:12000000000000000000:OKDOT:CHECKMYTH
12g1Nv5y1JRbBDzyzCahiWtYiMxbsWHsjE7fcoPbce74KKAf:12000000000000000000:OKDOT:CHECKMYTH
13983GCnQoohkNeeJSX11g15TT4ucxDJ4En2uFP9KxQ3wQdP:12000000000000000000:OKDOT:CHECKMYTH
14zZ9zGkz9KtsUyKuU2gfiiMeSHPRH1bEkDtU3vB5ZUdy6FE:12000000000000000000:OKDOT:CHECKMYTH
18UqxtFim7fBfCPnzpWH8k8ToiD19tFPF57kH1WNziChKDc:12000000000000000000:OKDOT:CHECKMYTH
13YhcwtNuQ34jeubRDC1hwPCGpu5Ssi1wmSqR7LizgvWwmzH:12000000000000000000:OKDOT:CHECKMYTH
12Ces86URWeWBxqaHEaBimzXN7D8D4hpeaRjx1Yxh2kRXoq3:12000000000000000000:OKDOT:CHECKMYTH
1NuSbp89wYTN8DdDYmdNDbmjCDDp9tvkAdubAagMSefrv4c:12000000000000000000:OKDOT:CHECKMYTH
15NJXCaV59v6wRKemfb62UwVnxZt1GuGBGZ7U8dtXwojKKnr:12000000000000000000:OKDOT:CHECKMYTH
14MvH84dbGnizqkXrq61hDjehibt4aTTzCNfHnP3CQprb45e:12000000000000000000:OKDOT:CHECKMYTH
12rUbDT3mccfjfwiiEMCYekvCcApBXieeG74R5TfBxSu6qH2:12000000000000000000:OKDOT:CHECKMYTH
13qaoF8vnwLQsVJmYLfDjRfUKLdTWQYB1eDUp8ggC56b9Fbg:12000000000000000000:OKDOT:CHECKMYTH
13ghD7ShRqkNLb386ZASaP1buRhchLoRJmTUwbeUhjY8aHrL:12000000000000000000:OKDOT:CHECKMYTH
138gPb6KyT7k6nYQiPKw3NW6sjPycxMhiWzoLS1AJC9odCvD:12000000000000000000:OKDOT:CHECKMYTH
15mnwXFTnDSQKaTNm1yyeRpQ4G6XKYjuCG15kzKkUok47WbX:12000000000000000000:OKDOT:CHECKMYTH
145Pz4GowwqpSbMrciSNa8cYJRbkcoWgqT9GTHv9U4Y6XbRo:12000000000000000000:OKDOT:CHECKMYTH
146vxYdiBDuRa9ZWK9n6eX8iqF4kcifBEMeQVvAKrw7h4vv7:12000000000000000000:OKDOT:CHECKMYTH
12saypWuhthWjGhAvo13ekhjGtJeNSZ7wwGQ17pEHSy6M3zg:12000000000000000000:OKDOT:CHECKMYTH
14eE8dqtPckUbwusSgVR7c49mDhCbCZ1ZYGR7yhFGR1XJSyQ:12000000000000000000:OKDOT:CHECKMYTH
13HxfWRQkSP5kDzffYDcNBDnNpv5DfnUFCg4ez6D8V24RRL:12000000000000000000:OKDOT:CHECKMYTH
13BF5wC7A26x5FXSSdD4QWdb7e26zgRbKg1edUWP3naVa8VQ:12000000000000000000:OKDOT:CHECKMYTH
14kcWo7VpWZzBQy5wS775DxDpwLdzCMw4g6HsYbA69oRRGvU:12000000000000000000:OKDOT:CHECKMYTH
166zXDCTTMbk6qzf5B3R2JhN2HmAPbbCK8aZvUEjkWo7DTci:12000000000000000000:OKDOT:CHECKMYTH
15M8GzcSLpKRE4SdH7V1m8rGanupsQjteUq6FYv4u31s9n89:12000000000000000000:OKDOT:CHECKMYTH
15ifH9Vr91F23qBV3ysjAhbpKzPWd8H6YNC3aUvDiZ1xFdVR:12000000000000000000:OKDOT:CHECKMYTH
129SmxYiwW5sQeAM5GT91ab3JsuseUBv2Q2fF9K9vHz7fdG7:12000000000000000000:OKDOT:CHECKMYTH
1h26bZDmiYdMU6H9M36qXKLtXZ6Zv4YUk923fH1PA71m4Mg:12000000000000000000:OKDOT:CHECKMYTH
131v68nsxa7et5XNzy1zeJixAQcErxfHQGDiPKyRWSFhkxqD:12000000000000000000:OKDOT:CHECKMYTH
1243qSRkH54E7KFLFaL24uEQa7wejUtXTsB8pUxk4T1AYeK2:12000000000000000000:OKDOT:CHECKMYTH
131o1rXUeF9hyXzK5YgKt5HowqFXo3a4YuxcxokBCfGZ92q3:12000000000000000000:OKDOT:CHECKMYTH
168eFp9D38hojwmcb4R8Nbf5HM8ksnupSSvVgehpw9XH5oEz:12000000000000000000:OKDOT:CHECKMYTH
138UhJTQ9eh54H1Lice2inK7EpHsmwwJMZmytrfy8CfrNRCM:12000000000000000000:OKDOT:CHECKMYTH
13Z2V2i2At4uhRsGgpwAxeBu1rnUuZGM8xVrxSFLAX9WYrLK:12000000000000000000:OKDOT:CHECKMYTH
12gH9w44kWfqu5VGqeQNfFRb1YegMvNMogAygimSW8MwKf6a:12000000000000000000:OKDOT:CHECKMYTH
1PLHi9TyWoMbjJzGqpc9eHxpNzE5oBJ1krPEBDek2NJoSUW:12000000000000000000:OKDOT:CHECKMYTH
15ha8hgJDeoRcwX5F7fxKW4JJ3jeU2FkrPGGjFQEzyCd468u:12000000000000000000:OKDOT:CHECKMYTH
12yRNAH565HE8wTomChAAoxHHosiBPpq1cN491kY8utacRCb:12000000000000000000:OKDOT:CHECKMYTH
16PRhtjcSJiQzEkoUHMBmp3eS5wTUhFFeYJ936K3vGRJiiU5:12000000000000000000:OKDOT:CHECKMYTH
1FgS9WgCgSETGsHis9p6N1ncRV6RmuT1coRBBwMpbp6dTRu:12000000000000000000:OKDOT:CHECKMYTH
12GRWX6uN5vAod2wgFuQX8L5RiiYZ1QbN5m4KFivhPTDXKsq:12000000000000000000:OKDOT:CHECKMYTH
15UiFiNU4MV5x8KK3kN9apQXD9wqfesDUhDtBc5hn2rD35VY:12000000000000000000:OKDOT:CHECKMYTH
14VZ6iu5CSuz7C1bEjPTZKWUd34dJ2d6rfa89e4vGyCzjbdV:12000000000000000000:OKDOT:CHECKMYTH
15HZuUe9jvy7LyZdJJHMoN3tMq1ESkRfh3TifYvekNu3FHGn:12000000000000000000:OKDOT:CHECKMYTH
13m3H3tM11ddLj3fu3qYCJDPtBY9nd9PaxKQaD7CTZWN5L1M:12000000000000000000:OKDOT:CHECKMYTH
19xRdTgMKZ4pbtmW4oAr6jtt8sJ3YdGkSH5RfExQM6unCYc:12000000000000000000:OKDOT:CHECKMYTH
15visasqfQjVXrQRtqMQFvAypvg3EYtWHtCRQNHAdF5NnHeX:12000000000000000000:OKDOT:CHECKMYTH
14HeFibEZ5ZtcSAd7ofWDsz48X9Vu7NPYUQRVJxLvn7RHj7t:12000000000000000000:OKDOT:CHECKMYTH
18KfXoVbh6FgAWGoUBqVB4eFkj3h2L8U4icVtSALynzJmc4:12000000000000000000:OKDOT:CHECKMYTH
12v71sdfS8JSjUhFGeQxFhDm3tb9SZqAsFCyjoUAr5REqMzt:12000000000000000000:OKDOT:CHECKMYTH
16256MXEEMAV3vzvHp2J4VKvZPBsxWo8GGpkXj6U86DaEsmH:12000000000000000000:OKDOT:CHECKMYTH
12FddV5oTcvYzPBKLMy4Hjjv9zGPZNFEMPe4XaFxoS69Xm5T:12000000000000000000:OKDOT:CHECKMYTH
1486h7tF5amLKaBCZnEzgX71H2q1JNG8rV3tRn8bapnZh5oU:12000000000000000000:OKDOT:CHECKMYTH
12uzESDURCVwSiB3RyakZs96FXghTfUsHZJF6bfBjtNE8Xna:12000000000000000000:OKDOT:CHECKMYTH
1s4MshJ1ViihMNYxLRhUyA6vWh2Tt8W4TvQvfkpV3QhQtQp:12000000000000000000:OKDOT:CHECKMYTH
1YS8GdvK6Zmg1g9ztuuBet7TuUhtR6oAJwsYYYLsk7p145d:12000000000000000000:OKDOT:CHECKMYTH
1636V9h5f2KJmem6yWMz8JCggMs15DuajrAZqnUKpKA32ef5:12000000000000000000:OKDOT:CHECKMYTH
12Lv2efC9goqjhcReV6mWm3buxReaVhG95cCTc3P6yWLxiAv:12000000000000000000:OKDOT:CHECKMYTH
13NCLd3foNpsv1huPDzvvfyKh37NEEkGFotZnP52CTR98YFJ:236000000000000000000:OKDOT:CHECKMYTH
