15E1UVMfKjXgMfBt6MSHV9mt8dUEsVrDdE4yy5eNDWgSARdH:12000000000000000000:OKDOT:CHECKMYTH
14nC8EkkBhRqNkQBnynDuwuJSB2s3k8Nxk4rqfcZrVAV4TCu:12000000000000000000:OKDOT:CHECKMYTH
16aCQagDHHKpQjVRHUCfv7EpDwg3xASZBJTThkh7Xz39xxxV:12000000000000000000:OKDOT:CHECKMYTH
13qQBseX9g324qXBpKmjoxuW9NTrkXCaaN7cCRiBg8U8QLrg:12000000000000000000:OKDOT:CHECKMYTH
15iBedqCMGjs4k1eLT3GP5zR2VFwwoKkCTaZVpMxX6g2gzgK:12000000000000000000:OKDOT:CHECKMYTH
15wWZTCCymxCDm5QuDh6sBpEPUUtxYsRamY7rKyVoNXVTKWX:12000000000000000000:OKDOT:CHECKMYTH
14JpgoRXuBKAoHBLfooeAVupdBhP5JXcHCckitKWWFucw1Ay:12000000000000000000:OKDOT:CHECKMYTH
15vZFyDwSyWFS8mxCnWt7h1NXo8k5bjKwE4CiVAwBs9AFYWa:12000000000000000000:OKDOT:CHECKMYTH
1LYSDRxez5cSsYDWTJTGLhrHfaAcydYS6JtkVhUcYXHsBKE:12000000000000000000:OKDOT:CHECKMYTH
154HhvGqZTjhNa5BGJ5Y8RrunoAyRvnUYbwXboZfqnU8akhK:12000000000000000000:OKDOT:CHECKMYTH
12cm8xf8PWrbQBqWV14anLeKQaQHzt1T5kbtCSHJ55sHXAJn:12000000000000000000:OKDOT:CHECKMYTH
16XmsAXwvUDNkYiGUSy4p1BMRebyZ6qP6frnT88t5sWcpmuu:12000000000000000000:OKDOT:CHECKMYTH
164CxhPxBhtFmYJFbX2SJvz1VGqvo3eUsGX7VZbcHSuLb3ER:12000000000000000000:OKDOT:CHECKMYTH
15ZjmW4yR3U1PXztiy44iHQWWuNGeS2Kfkiny5m4zwGTP3nV:12000000000000000000:OKDOT:CHECKMYTH
1WcHtgtymRs21w227aCG4C7Es9sBFh2GCHvHhReKS4T3qCv:12000000000000000000:OKDOT:CHECKMYTH
1296vfDsNgkH7S55y6Qt9UoQSNrdg4Mh9kqK3fK8VGcB582z:12000000000000000000:OKDOT:CHECKMYTH
138MvgaECzaYUw2GhCTARzawPwd6MX6HzR3PGLZ5co1QXuDt:12000000000000000000:OKDOT:CHECKMYTH
14P3tUrMQ8vv3Q6NuEpQiEpvBgr38hYXeDehm2yEFzJNWNfe:12000000000000000000:OKDOT:CHECKMYTH
154XzJu3RV4bN8g94T2YdtSTD3poosM7ZZnMpBwgCYTSA75G:12000000000000000000:OKDOT:CHECKMYTH
12t95u6RhzwtVVeY9JsrfavP2wskL4tKwjtRakJGXKNunnkg:12000000000000000000:OKDOT:CHECKMYTH
12YoZT3fqNHAt8eRNVqvX3SepWryGvpTXckJxwBzwzcTZysY:12000000000000000000:OKDOT:CHECKMYTH
13abvHfGHJgT5dYWp8Vv75jHPesA2CcAhcNHi7pYQkgikqnk:12000000000000000000:OKDOT:CHECKMYTH
12jXFJFPZ5BfXqMgzJ8XkHSYmGHiaoaLVtcz4LSfWjcJSVqs:12000000000000000000:OKDOT:CHECKMYTH
14fh4DqRdF1cEXY2DuCSj3psnztx1KNmKUxgpf5WsHW9vjbn:12000000000000000000:OKDOT:CHECKMYTH
19i4RUVyYGgTP31jywiT98gpnnSWinju2F828Cyg3qWzyVK:12000000000000000000:OKDOT:CHECKMYTH
1p6ncLp2URbNN9WnsL3ydmMGk9XwbBySQpdZT6LAibUgXCa:12000000000000000000:OKDOT:CHECKMYTH
14WQJitVHGwSWzTv8MSNQzT32yRzxq2WU2taRi1cJ8tg78gJ:12000000000000000000:OKDOT:CHECKMYTH
12MrXmfNbFMxvYNv6K5c9txrSWU2XHhJQPshKaCaietLVoWi:12000000000000000000:NEEDED:CHECKMYTH
12c822x4Mv51xp65AbipzhYj4Vjc1mXTQqrhg7VscuGeyUQ4:12000000000000000000:NEEDED:CHECKMYTH
15ot6z1nnmyfcPEPp9e2EwdaLBjUKqSBgtkDRGQ53URJn5uk:12000000000000000000:OKDOT:CHECKMYTH
143QUDdvSBDDxqGxcCHTKY7rBGJ2K1GgtHfveMfvMZAUcgyS:12000000000000000000:OKDOT:CHECKMYTH
16PrCbVWRHGCwBPyfX38FSgLXQwb6FW9oJzqheGrso4u5N7w:12000000000000000000:OKDOT:CHECKMYTH
15kmtK4W7UVSTyvPBVjhFxxfyRubMEHDMDFzkDNVxb5oZEyR:12000000000000000000:OKDOT:CHECKMYTH
16Du9XmRgfvcYVo9btXE9kust264LCvTL77XiJwFL3zMkQYX:12000000000000000000:OKDOT:CHECKMYTH
15aPgVKNrVTSb4Cvx7tKc54gnmLXzTLwXEjcpuu6GFLvSZnU:12000000000000000000:OKDOT:CHECKMYTH
1BnhPuNf7x2UNSSABZUbL5qSVMdSSpZ1fp2w63qpf5kLD77:12000000000000000000:OKDOT:CHECKMYTH
14SjknNT74Nkf2rzG6urzjYWXPzWHZUBzP7VoLkVTo2sHngu:12000000000000000000:OKDOT:CHECKMYTH
1HoJ7E4PUUCxUyGzGrGytdRv4LfDm747ri5UcckifohQJRi:12000000000000000000:OKDOT:CHECKMYTH
12E9pUn7xeGaeaEvyiwy35GyPfBX3YGpc6nJNvUJPyQyQXkW:12000000000000000000:OKDOT:CHECKMYTH
12Xxsa7aCDUzWT7xi8YjcftU3VLTU3pNzFV6jS1W2DZx4RLe:12000000000000000000:OKDOT:CHECKMYTH
12jp5ftc8Y6QeP7kGuzp8iVP2L9HoZkkYct5qbuMHd3ZVRQG:12000000000000000000:OKDOT:CHECKMYTH
16nU63g2GhetnmaqwqLRiYLSGvgM1ye6FcK73FhWPZfqa8Ah:12000000000000000000:OKDOT:CHECKMYTH
16jwr3wAxDHjF1hVRuoNx4U84RBozhqqju7wNEzkQcYdoDwH:12000000000000000000:OKDOT:CHECKMYTH
15sQz1zAvCE5LmB4Eqhjqcf8LfTxxFaSPgQyuTuniHXob9gf:12000000000000000000:OKDOT:CHECKMYTH
13HTyDDP1TcqF26SnYV2WtjfQzBHtf8LSrjkwkksyZsnEids:12000000000000000000:OKDOT:CHECKMYTH
1625SxB8LGRAJuEuYPoNguK1QExb5pzXWjjXLB8VsV1XVdG7:12000000000000000000:OKDOT:CHECKMYTH
13o548fWqRJWyvrHpQpAh75E2Yfm5XuM3Yd2D9mFAAca6WZP:12000000000000000000:OKDOT:CHECKMYTH
13hvPbyjbpccSEjMRes44ij7Y1Ay59Ga9jx5Nreupc6urTEg:12000000000000000000:OKDOT:CHECKMYTH
13FWArMozWGtTCPvKPkYyif5LqdaPuHeHPNLDZrHLPPiqcrY:12000000000000000000:OKDOT:CHECKMYTH
1i1ToBiFn52LpJ4JxLBEaaXmaGR2QXjcC4M9wWZuwGDoWU2:12000000000000000000:OKDOT:CHECKMYTH
13yPr5CP6EUX1R5p1c8UUjLEV4vSuxJAVj29wLR1Cw3LVyPW:12000000000000000000:NEEDED:CHECKMYTH
16M9ARytyLYP8RyEjYqjQ5UryYywpTrsqsNpdmKRw8Td5tUN:12000000000000000000:OKDOT:CHECKMYTH
1VT9euP4sfZXAdJabUp8i8F69UbCJMtFg7mUmVSZesbU9zQ:12000000000000000000:OKDOT:CHECKMYTH
14KXjcT22gupSeUqHfVcUAMjvkUxvtvfUUYAAnZFZh4QMqmA:12000000000000000000:OKDOT:CHECKMYTH
16ZrS569uE2j5tygKiFzDTSyyGp6PsjXyGnEyEFMJu7eKz35:12000000000000000000:OKDOT:CHECKMYTH
16iMCYLqZYCsSp7Bn6a87mJpyM597KJEc9UpDWowQXccwK11:12000000000000000000:OKDOT:CHECKMYTH
12iYyrwF6c3fouRxEhXb53QTeAR11Ng2Zci5hf5dcJSnDh5K:12000000000000000000:OKDOT:CHECKMYTH
13NoZBFNFdgCJaLXaBRSb4Vin81v4Nq78bZawTro1igBXkpD:12000000000000000000:OKDOT:CHECKMYTH
1hYDTbkctKeccDkU3eY9F6r35pnbov93PtDsi39Fids9Uwc:12000000000000000000:OKDOT:CHECKMYTH
13f7owtzuFADP68xv62yedwCei1s2Wb6iofTThAWRTs4pott:12000000000000000000:OKDOT:CHECKMYTH
144VaLaAr9uM2cufPu1dg9QCW7GN2LaeeQ4MNT97e61Crhak:12000000000000000000:OKDOT:CHECKMYTH
12YwbpAzCzdJxWQFQvWfbLQemZ9ZepdVStWCEuPD1zUY3z4n:12000000000000000000:OKDOT:CHECKMYTH
14hBVpxmiGdd2EdfNBZv99rDtitN6EjfvUVCboa8EL61Uezf:12000000000000000000:OKDOT:CHECKMYTH
15bpDo3gEGaT5khSFu35MDwmz8HqYKeQfG48sxwrU8wV5ik:12000000000000000000:OKDOT:CHECKMYTH
13HmcTfwr3WWzB1Cc6uU4QQY2cgjfTRHE8p2o7wAXMik4i5H:12000000000000000000:OKDOT:CHECKMYTH
13zGjTza7x9tch6ZNms1wmkoqCeDQV3p36FxhDyUU1nXrfju:12000000000000000000:OKDOT:CHECKMYTH
15XmSB2vwW37CagJQjNuoytnWxKVFMrp7rV4iSK8pg4Qy2dh:12000000000000000000:OKDOT:CHECKMYTH
13rhpsjcC8UqNXqUoxvcpsViePXfH1pmLA4Swbn18hyLUog1:12000000000000000000:OKDOT:CHECKMYTH
14GMU85w6r1wMA4tXfdcnFkW7HQ8w3z9N2TrgSF3DFFS5bpt:12000000000000000000:OKDOT:CHECKMYTH
139JbPnGmkd78soYfKejhdHfWo3RcX3APECSZi3tKseNN39C:12000000000000000000:OKDOT:CHECKMYTH
12aUAoWgSoSwdAzABVSUSf1RzuXJsE7cnzBmAHi19qYJPmF9:12000000000000000000:OKDOT:CHECKMYTH
13t6GyP1SuyQpoTEkT7dTJncvmhRuV9Ah1bMtNWXv7zCXNmR:12000000000000000000:OKDOT:CHECKMYTH
14BqYNDxFqprmSi65opS9zy6tiwuFeQCaeAni53DvX67y1Kf:12000000000000000000:OKDOT:CHECKMYTH
14yCfjkkehCWN4RHds2bxWS3nMQusTf61tAMzSwujfSZ5KEU:12000000000000000000:OKDOT:CHECKMYTH
16dxRWhR8wLhbbsbf4dHsszNfxUCBvSbUm8XbdfDFTy8oRNp:12000000000000000000:OKDOT:CHECKMYTH
1pDuR9TP6MvEAZwVrTCGrcszcdwezESSj5Bfkp7Hj79Lk9D:12000000000000000000:OKDOT:CHECKMYTH
1B5rJYqpnGMZPNE9kGx4bPS74HhqULTTPBJrRWuYyWyncWq:12000000000000000000:OKDOT:CHECKMYTH
12MMtHg4gpVfRbvTMgBnDrwCNSXt1Mc6ecotwNhumE88hoCk:12000000000000000000:OKDOT:CHECKMYTH
13BzEhboVqD98mKd9oYYWtMyWJ5o7wMasuqCDkoL9DfZ8zmb:12000000000000000000:OKDOT:CHECKMYTH
13nPZQwVNCE2BhmX4kEtNgakN25pJok41ksHbdbtADzJjJse:12000000000000000000:OKDOT:CHECKMYTH
14GNiE4N69m1QqN4ABj1vna9EmNv3gFAh3siYuRjdppP1JSM:12000000000000000000:OKDOT:CHECKMYTH
14MSD4ywZWLazvXfuKWwsrJpXpGE3uZ4Pd9gsQWgoB6pNTQ7:12000000000000000000:OKDOT:CHECKMYTH
15LJXozX7xD43AaaceXuC1G75xaNF2ToTV1qqx4oT2wdyRBB:12000000000000000000:OKDOT:CHECKMYTH
1XpR8KCACEKebAZWNaV1C6bHdr7ScmmwSrQHJTZtbkocTF3:12000000000000000000:OKDOT:CHECKMYTH
12Pz6N1NtDU3qNwd3TirPsuKJjU3uiuyf9ytT23EBqg9Yxpm:12000000000000000000:OKDOT:CHECKMYTH
12tamgy1yisFuHp1yxRhUkozy1DkCkZvcqjTdfMZtVjpxt1w:12000000000000000000:OKDOT:CHECKMYTH
13W1Mw76XX52wqzuvqkKqmP7o1FRwRzm39T7a1RnKuzu6nup:12000000000000000000:OKDOT:CHECKMYTH
13zZiPQJTN5tR8ZxHMqPj8F1sGQvSEMKTZKVd3RGF6qnygwi:12000000000000000000:OKDOT:CHECKMYTH
13AckLkMyUJXv2xoBGKzsNozNzeBENvrDUhVss6GqxcRPRFD:12000000000000000000:OKDOT:CHECKMYTH
14qUZuuAtgwY1TxNqzNyvTz8JA1Wp5Sft1bpb7TUKhVZ5ci2:12000000000000000000:OKDOT:CHECKMYTH
12hJ5WrLFouB2cz89ke7zgNJn3BvwiL56P4DfYivDnSGv4cr:12000000000000000000:OKDOT:CHECKMYTH
125DnaxcWqqmhkQ1UNtarGtxvYj1pMaULP98KPERutVWymx1:12000000000000000000:OKDOT:CHECKMYTH
146opZxBmYb3BpbrJUNmQz45XMytdhm4HHg5oeVR1fMwAQTY:12000000000000000000:OKDOT:CHECKMYTH
13sEu2bS9Nq2ZeLtCJHtUfcyecpJUvBGUMc4HXhHhHP3gwyN:12000000000000000000:OKDOT:CHECKMYTH
1UKfWEET7zcJdKcCVddjSgNn3QeoQhhEauqMhx4FTD4P78p:12000000000000000000:OKDOT:CHECKMYTH
1yuXfZBiiPLn8QDi6t8KNrJ7wd7h7dDeiTogHmWzsgH2Fc2:12000000000000000000:OKDOT:CHECKMYTH
15zXUwrXVGbTz1Ptw3mSV2h4EjJ9hmaYTK6NusxFZ2fNRWcs:12000000000000000000:OKDOT:CHECKMYTH
146zDyiyCybW21pGqWLiLidqoN2EnZgbT7GHEXBWquvQjy7a:12000000000000000000:OKDOT:CHECKMYTH
12wuusKjNA3tLdtLvz3jhQZJbcreT8dw6Rjzeo9MXTPSmqKg:12000000000000000000:OKDOT:CHECKMYTH
12kbHerNxfaRj3K732bZAHHb7gizfAGXEVS37tKEq3SG3Lg7:12000000000000000000:OKDOT:CHECKMYTH
14eCLXWyTNDrpJDJ31R1dc6B1mAnJsV4Z1Cv4oUczt714mbr:12000000000000000000:OKDOT:CHECKMYTH
1nxnZaPyoN4tTFCeDbuNcrjgb9zh4NXZeHLApnUwK2m1CEM:12000000000000000000:OKDOT:CHECKMYTH
12JgVjGmLpBdy3zQ139VrLGW4it8CgqUaavQ2fdQXPkhhYH1:12000000000000000000:OKDOT:CHECKMYTH
13ThR7Vm8rLWiK4DH46VgaB2DceKCMj8tXE7ahtNGAbiV4KH:12000000000000000000:OKDOT:CHECKMYTH
158BpfTvasjF4VbGjECNmWeEZqJtQqSUF23DQN68s9wwocNx:12000000000000000000:OKDOT:CHECKMYTH
15A73mCe7KxFc44SvvwbrxyRRsdkVAyCPbQSpAjmay15Ty4R:12000000000000000000:OKDOT:CHECKMYTH
15gYXvbihiobfgUnC5TzCgi5uTcaGKrS8zCBJiPxVeoeg1t8:12000000000000000000:OKDOT:CHECKMYTH
13fDoV7nYGhyCofRS4utXH1PiQoiJ5F8iyxu1XCJGn52feW1:12000000000000000000:OKDOT:CHECKMYTH
12Vm7qypCDCaFXtRY1o59jBdP6EBdoMimFSVnXwXvTFJin41:12000000000000000000:OKDOT:CHECKMYTH
16idsMW2L1zLVWKa3kwmoN1kApTJW6V6KiFrFQ5Bhpm6MQhe:12000000000000000000:OKDOT:CHECKMYTH
12RBj8dwQApEHvwgykLCLppAp2FMQzifNxpWrp4LFjzRwEYh:12000000000000000000:OKDOT:CHECKMYTH
1dNzcbuUhfAqED2XWpKB7kAx743EZxemQBjfQpidxtFxyKw:12000000000000000000:OKDOT:CHECKMYTH
13bCeCeknMarcPT86qzjzW5XFtoTvqWHw1Gf5rMJFNPBjZtB:12000000000000000000:OKDOT:CHECKMYTH
13NLSc5qbguHXt2YP9q8SbZk3WrCqjwErwB8fX8zrF6JFj7c:12000000000000000000:OKDOT:CHECKMYTH
13myRw6ewBiKSDrPZpZGDgy7anbzjTsgS4p5MSav1BBD9cCP:12000000000000000000:OKDOT:CHECKMYTH
12RkkEvJ5jEsViRaQaayW1Ut9vDBeXtDZKauVCrSKjk4BNPm:12000000000000000000:OKDOT:CHECKMYTH
14XArXauLXTvyaoom3zGvGpiG92j95e1FCqKfWYzYS21ucth:12000000000000000000:OKDOT:CHECKMYTH
1xwA9hCACTPbKoSsSqjR7FsgrQeimsc92EAWivm5R5zyupX:12000000000000000000:OKDOT:CHECKMYTH
12LARDYPAsWJ2mxpzkkV7LZF7z3Pd9Ugq7EsDmnPB1bWR6jJ:12000000000000000000:OKDOT:CHECKMYTH
12LoZeEoRGiKsNnN48Jt2Kv9tVe9y6J6hCX697BdzYDSiXFZ:12000000000000000000:OKDOT:CHECKMYTH
162z1Z1cwDnkpRqhoQYZZqgGu5G1hmRJDzm8sPYS7H53ScS2:12000000000000000000:OKDOT:CHECKMYTH
13kY5uhseYEF1c9w8Cqmq2mX52MJLNrQN4zRbmtGuBuKTBys:12000000000000000000:OKDOT:CHECKMYTH
12WXoQAaos2Qzib8VodLoSdwt2d4441SweYEVk7dAZi3YLrr:12000000000000000000:OKDOT:CHECKMYTH
12ZEoLrfVTLSa8JwkGBAMKk8wkPAvpZmcgxAdM4GaDnFETyL:12000000000000000000:OKDOT:CHECKMYTH
14TNHiqxt2YtJAHSvDYqFNuTgUhkABfS2TH2kGEtG3J27vrc:12000000000000000000:OKDOT:CHECKMYTH
16m6rUjSrFp9ufszrGnbcxLWfa8CfskuHt9Wa9kbYvk7ftiG:12000000000000000000:OKDOT:CHECKMYTH
135dBbYAX3Msos1RJemqYJJqWQSzmEbkFMwX6bc7rVJuLVr:12000000000000000000:OKDOT:CHECKMYTH
13biWwao4AeLh1fbNbpbFreouxozPh8zG8hQ3KouKMGuXRa7:12000000000000000000:OKDOT:CHECKMYTH
16Sho6jQHYYu3znTq2u6xFivhPqE2JhkcvoPtLL6YtBx5WhY:12000000000000000000:OKDOT:CHECKMYTH
14wFxeJ8hRfurq1aUjRzBdhwSwq8mzc35Knst5nTq222jQzN:12000000000000000000:OKDOT:CHECKMYTH
13QNXyaijgSpMPEgLm21nCAFyq9anVopDVdmxKLRwbysc1xv:12000000000000000000:OKDOT:CHECKMYTH
14gWTJw3ocDbMWUEQ2X7Uij7biCax2x1kWomA8iKtvyy5LsE:12000000000000000000:OKDOT:CHECKMYTH
14Arbh73GPexR95RFQJGDaBLpdJT8hm4Gtcio8YTkvNE1yvH:12000000000000000000:OKDOT:CHECKMYTH
12p15nxKq2eEFHsrhiZ5QESCMKrz5ga9s4LpChVt8vg5ao7T:12000000000000000000:OKDOT:CHECKMYTH
126mqyc2rzLmJLxii6bmHA4Pksi7NRF7gLpu52FxkU9nAKaf:12000000000000000000:OKDOT:CHECKMYTH
14fLESpWWprYdtotL76aMgCbUQJ3TRkf1mBfUHirxie91Uhg:12000000000000000000:OKDOT:CHECKMYTH
127LWMvGCLLoZ9p5ErLc3vHyPEqSy21x8r7dWFZfgkMHKjH6:12000000000000000000:OKDOT:CHECKMYTH
16Jxnc1xkR5hZp5p1oGmd4HnAjPUes9U2A5jvmGugnhXAhNy:12000000000000000000:OKDOT:CHECKMYTH
16FsfmEKQ5G69se66rxM3VXyLX1zo96nUkKzLtnjMYV2TSDh:12000000000000000000:OKDOT:CHECKMYTH
14r9sMBpiV4ubSjyyhy5zPXPKfw1M7ryzkR51xiPrURR2siu:12000000000000000000:OKDOT:CHECKMYTH
14nj9Z5SH5cdhxzKdV45czgEFWTQEK3ZD4FtT2oC2vjtM2Pr:12000000000000000000:OKDOT:CHECKMYTH
14YAai8rJxZtyu7ZnGJi7BwmttBEQJKB9GkWt8Gi3v7QcKNg:12000000000000000000:OKDOT:CHECKMYTH
15gq7RzYgi6fZCTsB5C74qYJa8SNBEEauocgXviyh8ZYkqKa:12000000000000000000:OKDOT:CHECKMYTH
125xAzqecvjyQQxZpimgGA9kHvAW2ZUJwgDoyHC2VmsGS3gU:12000000000000000000:OKDOT:CHECKMYTH
16cuGBaN2zMeCJFjfyFNH1Hn9WsaUqAUqfKY3uEpE3CtVpt5:12000000000000000000:OKDOT:CHECKMYTH
157DfmVmFMtAxFcojDT6f3u88oqy5BwKbHWVXr26rMNb3vTk:12000000000000000000:OKDOT:CHECKMYTH
14VLW919c3gfVq4LA7huaz8uk7sUpcFcr3tpSAgG4wXxRY9u:12000000000000000000:OKDOT:CHECKMYTH
16ckTcKzDTNwsGWTjNcWmNEtmrzYHwykWyQLcBHTNCsthsUM:12000000000000000000:OKDOT:CHECKMYTH
13AYYo2jMTpDmse4XgFRxo1eUmNXd3qdypjr9E66ntVYvE3v:12000000000000000000:OKDOT:CHECKMYTH
16k5v9EePNzusvPkRgDv7hKa1YqZPsoEiAyJ7GfKE1zaXsYJ:12000000000000000000:OKDOT:CHECKMYTH
12NHLhhgsazwb4qjS6vzxbLKujMPk2zBpJ1L7fHKDt9b7fms:12000000000000000000:OKDOT:CHECKMYTH
1J2B7gJfGXWBdiBwVpWvxuNHhde6H2NypDQytNdE5CCvoSu:12000000000000000000:OKDOT:CHECKMYTH
15BLF2joUquuFokZcip9SyrnceYsK34JpmG2dNdhYbQpMaxM:12000000000000000000:OKDOT:CHECKMYTH
13mtfiueRtYo2pHBwwqo78wJ32vdGtSQgESe5cPzVn73GHrG:12000000000000000000:OKDOT:CHECKMYTH
12AvBEPxVSPbMfUEcqogEmsHMv9bAYy8U9xwAtxUSx8hqhhb:12000000000000000000:OKDOT:CHECKMYTH
163FjHLRRXSKyr6p13LEB2CXVruK1NiSDBSw8zrRyBV5crW5:12000000000000000000:OKDOT:CHECKMYTH
12JanG4mswiEeo4o766YcVsZc2kioCFiXejNbD9tieusgfQL:12000000000000000000:OKDOT:CHECKMYTH
1qQ4PGs8rCzgrEybk2cYijmwtBYZLd8NgK4FUFvHXtznyWm:12000000000000000000:OKDOT:CHECKMYTH
16aUvkWtnJuaGpuScaTg5UuG535UU5EmpwX81MsKVVUgBcZH:12000000000000000000:OKDOT:CHECKMYTH
1ZVQQ5dpzacsv1S6KstaHJeJBPRc9XC3H3viV5E67jYT8Fh:12000000000000000000:OKDOT:CHECKMYTH
126ajZpxzy4Lzx3TZGGzSMehADaYSR5drxa5Uu44NwBUDp7i:12000000000000000000:OKDOT:CHECKMYTH
1Z3oES1TPwLz2zddEiSBucCJYmAJWi6Y6bTYUKGRHVXmMjE:12000000000000000000:OKDOT:CHECKMYTH
12UKNihmLXZXKEhegy6QbduCBFYnp7HsiRf3P8cxMSQck2oA:12000000000000000000:NEEDED:CHECKMYTH
127b4oBDzcZn35xW68A2tTf3nUMRKZKB5URH7SFDakzzQMTB:12000000000000000000:OKDOT:CHECKMYTH
14C4B4Y6qSvoPwWMaVJGWiiHEHWapk5KVXhoUaBdvyx1xXqZ:12000000000000000000:OKDOT:CHECKMYTH
13H9XJ9Qr3dcyVXjfo56w7CLogYxT3KMjeDbAyxrntHPx5EL:12000000000000000000:OKDOT:CHECKMYTH
16MQRhBE6JaVui3n9MoRAcU2Vu6F9c9UxZaG372Qtvw6bEC6:12000000000000000000:OKDOT:CHECKMYTH
13fjgcVwAEYg6X1oXQWYRokUFgvMENLGfwVkc12ERoVVbwLp:12000000000000000000:OKDOT:CHECKMYTH
16PEuHRTPygQ3b4bBWTfqdfLtVwPZ7GZWNSr48kccBwgPYhe:12000000000000000000:OKDOT:CHECKMYTH
159fQqCizo1qGP7Hc8irSigtq69MGfmm8SRUMusMEu3gAqhn:12000000000000000000:OKDOT:CHECKMYTH
139Rj35M9SP5Ttw9jbCEsQqJD68RSr8SwUTfEaNGQKUP6TiM:12000000000000000000:OKDOT:CHECKMYTH
12XF7dP7qnMGCxx4eEFJKJaZy1jxDyokJHuDv6ziWgiBGS75:12000000000000000000:OKDOT:CHECKMYTH
12RPy5xQFHt7c7MRy2ox3PVsHBV4smswbCoYrqE9XhfvN1Qp:12000000000000000000:OKDOT:CHECKMYTH
14oEcaoPwEqrzXcZbZ1s6U5mjTDPXaVZgzPTGmHXFDc1aBeR:12000000000000000000:OKDOT:CHECKMYTH
12YYFEz2JWiwMpPrQpQqAMn9i32kxj24YAnQ6WMVd3mJ2Hja:12000000000000000000:OKDOT:CHECKMYTH
16P9FdAYmFnXCPjHBsSvQNAKUhXJ6h6r5kqDGgbNtJHo7CPN:12000000000000000000:OKDOT:CHECKMYTH
14vngMbnWwfZHzeyrb7uhzhjsztvVEp4NuzPh6XPVKWnadwx:12000000000000000000:OKDOT:CHECKMYTH
15ucwF1AsHVMMgSuQ7x8CUvzJC9KwU4ENfJk4m9tDgjcdc8Y:12000000000000000000:OKDOT:CHECKMYTH
162wNEzfXBa4h94KBik8JYTCNjoowjWvRMT7ZiXKZ4meMhnc:12000000000000000000:OKDOT:CHECKMYTH
132RnWgmmdsxg4jD3Sax36e93LFdK6NbRf1pTidESGt57Rfj:12000000000000000000:OKDOT:CHECKMYTH
158tTUn3ruwaMncGubsUekvi1aFP6JaXtwYabBiQZENo6TQt:12000000000000000000:OKDOT:CHECKMYTH
14hS3AywbZgwVwvWoYKavoi4SmA71GcagNrYTPaMqRKXxhBo:12000000000000000000:OKDOT:CHECKMYTH
14zFbVLz9prhpvm2rAnWZ9gANFynC7MTEboifjr36zkqavME:12000000000000000000:OKDOT:CHECKMYTH
14F4Yndix23o437iqjmj6cMWCHpSBU5AGy6cu1cH3neMMF9c:12000000000000000000:OKDOT:CHECKMYTH
14xbSRQq4w4BoiuGdqj2ymcwxDcQvfqT6kzAx2YLxoW8eMFb:12000000000000000000:OKDOT:CHECKMYTH
14RFz6SA16zcnBMLGZ5z7SpggNzb2tTCDwsEsvNmmxktmysa:12000000000000000000:OKDOT:CHECKMYTH
14EzhN11o3qSRuf1p4xb5QD8gEo7YUS71T88rMU442ta8E5v:12000000000000000000:OKDOT:CHECKMYTH
13nS5gLKcVnUWRkC1fkmpyAmH9UFKWC2bQProPL3GyGumHgQ:12000000000000000000:OKDOT:CHECKMYTH
16XoRm9oEwTPEuPvFS6rtQv2Un95WWnmqYJkFidVuR4HU4hn:12000000000000000000:OKDOT:CHECKMYTH
16ajcyWgkS84wy9GhKYUdyQ85dV6ueRU29VF34UxefdFjTUy:12000000000000000000:OKDOT:CHECKMYTH
1MW4fYvnAhxFA3iLWAiYcbq9cyTgetu8FVM8xr4ckWVjy4V:12000000000000000000:OKDOT:CHECKMYTH
12j7dcVs6PcJehivZNeEsKmFiaPyzyhexksN4rA4AHyFzAfz:12000000000000000000:OKDOT:CHECKMYTH
16ME8KkmsTZTkFKBxzxuNSguygf8h5uAdszK5NNnAtVPf9rH:12000000000000000000:OKDOT:CHECKMYTH
15h9tix9wQT7RSHNdTMDrfSknAQKX8D2DmbwVwJVztfbxRaW:12000000000000000000:OKDOT:CHECKMYTH
14GMryvyjzXjqfkjsr3FstT8KpCLnpcrVUhcHUsssbXBbE7k:12000000000000000000:OKDOT:CHECKMYTH
13vYQAmCsbSUEqpfaHUePCXcfn3Aw8woacGVTPre4P72Prs1:12000000000000000000:OKDOT:CHECKMYTH
1523cTCfdfakqu1ZWRt7ZR4oLyXAFwCm9BPM6C939fpT5JNU:12000000000000000000:OKDOT:CHECKMYTH
14No8DNsvr9zEiZHhevP3MbfrwkAW2LVH5w7P7rhwMiwPxkm:12000000000000000000:OKDOT:CHECKMYTH
13erjtxSfuuzYiH5nGkvtwejZpLQkrVg32bFAkdLbQ4MJKxP:12000000000000000000:OKDOT:CHECKMYTH
12ryybWZAnRskbsppKiRi7xL3M3k9D9QvzQvow29cvazyFCt:12000000000000000000:OKDOT:CHECKMYTH
112CxYMm75BFdjGUssEDdTKnx94JVjsy2t8S83Jgrikiotpc:12000000000000000000:OKDOT:CHECKMYTH
16nXnuz2De24uLRYWZebngw9jG3m2rBPBNLLoRz6rxfwNRyA:12000000000000000000:OKDOT:CHECKMYTH
12EYjqKD2MTunCNYBNk192fw7eZ54cTUMJxSUgp7oWANGF7N:12000000000000000000:OKDOT:CHECKMYTH
12AM1UQ4Qeem3kRPu4zuHCPiWFGF3cffekMwAwtRJJyLBPgu:12000000000000000000:OKDOT:CHECKMYTH
13MkVqbR6uLCqqB4x3PT7bTYCgmM8Vwyt9betk2KasohtJJF:12000000000000000000:OKDOT:CHECKMYTH
16VHDbTk7Eea1QSfttDyZazmi1WdCCioRjhF1GRtLHuRqQhG:12000000000000000000:OKDOT:CHECKMYTH
16df2VMd4UbvCixq3C36z23LZctTy2TZQvFhk6iYgKJM1yDH:12000000000000000000:OKDOT:CHECKMYTH
1H9J7GSLjXrnbZzjcNdgZYESckAbnzeX689z7QhKoZqsEYc:12000000000000000000:OKDOT:CHECKMYTH
16Y5Tt7WdjT4dpkPmqkpKdyArkJM1oLeMW9gVLjEy2M6XyNj:12000000000000000000:OKDOT:CHECKMYTH
154SA5BZ68S8CDM9XBeQ59WPgRpkeu4iY89DP6z9ZU4aYhyY:12000000000000000000:OKDOT:CHECKMYTH
16QLaBbswZc1umniKcyJQ5YtiutJ57VXiqs8CJUF8fZjfPmL:12000000000000000000:OKDOT:CHECKMYTH
16mwRDzy3MXbad3fvxUmRQvvWvfiPE3AkMpsSSWH5M8ufm7w:12000000000000000000:OKDOT:CHECKMYTH
13pReSDgKNfHjVdxPE1VLmFNVQV7BhyjV6ftoxJuCQ4RDZwz:12000000000000000000:OKDOT:CHECKMYTH
14hsSf8mr44CwRhBNKLSfAsdLc8f2mhenUjp8hyQdYpQfVWZ:12000000000000000000:OKDOT:CHECKMYTH
165QbaDwGXMJ44tRnrFAXtGGbwVSXKSCUjGU6RKQ9SXZ19JT:12000000000000000000:OKDOT:CHECKMYTH
1473dKb3ViqiSpYBuLuNCrt8KMRxoNWcRZkjDgYYa7nz7cY5:12000000000000000000:OKDOT:CHECKMYTH
14uYzYn9T6KcZkz1qAbQG76MHHL6LQk7Xijui8FNyZQnFA1b:12000000000000000000:OKDOT:CHECKMYTH
14w7zzZanRpBkv6jwdsDYeJxsMhYcMJfgrzGKJLLoe6Z2VPM:12000000000000000000:OKDOT:CHECKMYTH
14yYnzEKmr8CmCwXxZmJhjPtQ8LkZt5ht6YZyrsvSxqLhA84:12000000000000000000:OKDOT:CHECKMYTH
12LAGTiSD9WmR9RoBp5tzKRULSooCb9tJNFXokcH91TPJ86W:12000000000000000000:OKDOT:CHECKMYTH
16FgZJuwTHe8cV5LKC6NLarV7MfiRxoUNErKNQeyaZDpKD6X:12000000000000000000:OKDOT:CHECKMYTH
12m5sQd9TZxV3HYvkzXSAvCRESJ5KNgEK5JfT6eiiNMYhH6g:12000000000000000000:OKDOT:CHECKMYTH
134PtnNsSoo1VL6J9GQiwKecNm8SP6zmYUGKqGEfaMwgxYUB:12000000000000000000:OKDOT:CHECKMYTH
12nTgFJ7pPX1DKfGveNcA9QtadU9ZoTnwsBTd3QoqgnCqi1Y:12000000000000000000:OKDOT:CHECKMYTH
1ZEAQnxfi12X4SMVtwL9peKauj9BzFujz8Npoex8JZy4mGv:12000000000000000000:OKDOT:CHECKMYTH
123b4Bn5cVqjATP5dnkmBDYCZwqgdhy1AM7JkZM3Cb92G7na:12000000000000000000:OKDOT:CHECKMYTH
199nSKfThuU3SQtuntayqpznRbUBx5vWnv6A6djBjd9aKXv:12000000000000000000:OKDOT:CHECKMYTH
16kA1tBAmGw86AVPStPqwRNS23SC9SNRx33wJwpCWTu7UT85:12000000000000000000:OKDOT:CHECKMYTH
13pxvedrVuViiBWjBw4upRQmtnneEk9DxECppmSxMwx3xww8:12000000000000000000:OKDOT:CHECKMYTH
138a28mf69wsZDkGUhmnDWPPbDpouH4eJEXHCnu4MsipyU9F:12000000000000000000:OKDOT:CHECKMYTH
13oS8j6YC9yvhMoPhJeaqRsZ5LaoX57wARYSbNaAwsnXV3Da:12000000000000000000:OKDOT:CHECKMYTH
13BYieb5SPVcuSLxHfAXdp1k1fesKncKe6j1VVk5FxkcE27Z:12000000000000000000:OKDOT:CHECKMYTH
13YdDHETwaEEmrN1tvqY2TAGEaS8CtDVzfc4j7zzQXLGpcqD:12000000000000000000:OKDOT:CHECKMYTH
16kP4zHSq4V71EYrxp9ZwFbfwsDFipYrDm6bPo7cLNTEbJmx:12000000000000000000:OKDOT:CHECKMYTH
14gFBM3bjSvTdCkU4H1btuhQdxNkvFovvWPtFAfSy2KaQ5V4:12000000000000000000:OKDOT:CHECKMYTH
159hJUHwby2mZusjs2bf13BxZPUzduPUN6qR1GEdd9BuHueS:12000000000000000000:OKDOT:CHECKMYTH
13RkfYg6Lig5arDK3p21m4ifbDh7qr5HqQ386AHvjvr8pAda:12000000000000000000:OKDOT:CHECKMYTH
16FrWEWVzbaz8zVFVpQceZG1k1nRvdd8ANuay9bmb5GAWkTj:12000000000000000000:OKDOT:CHECKMYTH
145jTzbfZZnzkUBLHJNDyHxw6fK4Hc94zcGAMSbpguMmLivK:12000000000000000000:OKDOT:CHECKMYTH
14GCY5xYtcxxJgVFKayvAHhu2GqfgU92UBNkskDNTDC4TYp5:12000000000000000000:OKDOT:CHECKMYTH
14F37d74kpWNGeYKqAEASGzFvKiWysu4miEjGTCKLaMfwT8R:12000000000000000000:OKDOT:CHECKMYTH
16EciUYEaLhDWFTYukRhEGSesgun2F9pjCn5dEUomGMcjWP7:12000000000000000000:OKDOT:CHECKMYTH
13eeuHpXweuwDX4sEseYWoy2FjBmbNCYv9d4iCPTSU8t28hQ:12000000000000000000:OKDOT:CHECKMYTH
167YGJwGQt3cRNphXskutKvq5uz7s5b3Gmbg9ay7kZKKRrSL:12000000000000000000:OKDOT:CHECKMYTH
145y3EkNQWGZodMCfQ1XDhiqZ7SXHhWZZWNAyU9ZYqEQX5yx:12000000000000000000:OKDOT:CHECKMYTH
156NnsFqriSUDaogsZzusSa7dcfESZXuVoCuSp44fB45RfHB:12000000000000000000:OKDOT:CHECKMYTH
124e5H4ncd66jgbJuyfxKUg6A8nW3S34meKjLtJK1aBtoG9k:12000000000000000000:OKDOT:CHECKMYTH
14ubHG1pkhMWyo1UfPbnpRjsDF4Huj68cnHgxEPktgeDAXsg:12000000000000000000:OKDOT:CHECKMYTH
16hH8TcRqfDuh7XbfyKXwt1QkmvM7u1rUmM1JwrP2xu8xuji:12000000000000000000:OKDOT:CHECKMYTH
16dr2X2BrH9piNS6Ys3J9y2wVs8v2P1T2AzUJGx5mSs36F1u:12000000000000000000:OKDOT:CHECKMYTH
16DerLT6jq8bextDxuPPcLVa2YaDJDNQLohcq4SJZ7VQjGVp:12000000000000000000:OKDOT:CHECKMYTH
15AMQbPG4SSQzvwuZCvFVxKgptJLmb1Ki2sHC1unVZAnzuFp:12000000000000000000:OKDOT:CHECKMYTH
1LCMkJ1dARzyNX2CeNhyzvK34ccrPAEHjb7UM2FEhiCWUnh:12000000000000000000:OKDOT:CHECKMYTH
15gFkdziT5T3w94vkGvNbecSgxvSWVup6hJDcvGpBL2iWo5R:12000000000000000000:OKDOT:CHECKMYTH
15RLqZPVydixWN3FEnfhiHU8pnHr1oCE83r4AfJ4BQNYqb5Z:12000000000000000000:OKDOT:CHECKMYTH
12MEXQ9x7ri5DfZooAbSRYs2t4JVhg64xgvdeGNREzVyP1vx:12000000000000000000:OKDOT:CHECKMYTH
16mbcJxS9vrntMwMBXNWoU4uTYd4kLNveb1JcMssgjq9YoL2:12000000000000000000:OKDOT:CHECKMYTH
15Jj4j8WkFeAVJ2hxRzSvzZHMPe4Ap2ucvfWAqfFe1W3sdcN:12000000000000000000:OKDOT:CHECKMYTH
16mopLxsMUPk1QYuCCpz5JRtUR9q4zH9CHNmU7hrmDwj3TbT:12000000000000000000:OKDOT:CHECKMYTH
1zzWeakynBrVuYyrMhFLaQNCuXWjTyDe6WA87G6e23pzoCd:12000000000000000000:OKDOT:CHECKMYTH
14SCt2mLe72t6Jex63Wu5uoJVPcAggPX8ers13DcndaqKrKr:12000000000000000000:OKDOT:CHECKMYTH
155Fkb4eMxvY4vJW4tihkjiycUhdB6CSv8wcYvbSPcEekh82:12000000000000000000:OKDOT:CHECKMYTH
16LZnFJftatBMYU8BtQ4YfaZPvYkaeowZG1H9brf7t6rFAKZ:12000000000000000000:OKDOT:CHECKMYTH
14UyYpSkDhkxcUF4GGS9oQYEHAiXCeAa26SqQcScT3R1ps5K:12000000000000000000:OKDOT:CHECKMYTH
121Gy858F5oqHih2GJZ9z8ypXzMhFRfJgR1snFXck25sUdBs:12000000000000000000:OKDOT:CHECKMYTH
16PXz4y3fxP9pZG4J2tP98NahNLQ36qNeDyGTHsDrBSsvHb2:12000000000000000000:OKDOT:CHECKMYTH
11kGnwYJnicNiGNXgA1vu264PP6vQfnTVR5FoQgdNLkjFt8:12000000000000000000:OKDOT:CHECKMYTH
12Hcrqkvc1QxdZAyAtzcRYQSo9n4uipqXcvEaoHzMgp2pkBF:12000000000000000000:OKDOT:CHECKMYTH
14NHKiVALgf323fTtBvYpWh6K9QSuQ7Qwh6PXDqgwy7KmQ6x:12000000000000000000:OKDOT:CHECKMYTH
12aRGvpEsaoAqZmuzHP8peu1449iXZuwnAtEC6eBoeAM18eT:12000000000000000000:OKDOT:CHECKMYTH
15MUKqqwG2JtCuy7kSD1VqjdppxL4G9U65PD3aWZRKrazeU5:12000000000000000000:OKDOT:CHECKMYTH
1Kaa392UvNwd2Xb2YPmJNToBCh25c2iCjXkDGhobmemj8Jt:12000000000000000000:OKDOT:CHECKMYTH
16mnFACtnXui3NE5FVfKhyMTd9sTd77FUfT6khTR6dMR31ji:12000000000000000000:OKDOT:CHECKMYTH
15ZEbCGB1DpZukD2d5H94riLDsfqCpi98VEEWm6iVt4i8Ak4:12000000000000000000:OKDOT:CHECKMYTH
15aqPCbQmZgcDrczFRKMBiVSQ36VGWe6fLA7vmB11YpRM9wF:12000000000000000000:NEEDED:CHECKMYTH
15tK7dms8NnBUBKNV4uWBHfgw3SZ8q7hLR9cH8KMdUHQYJfR:12000000000000000000:OKDOT:CHECKMYTH
12Lg3tBhQ6AHaBBX5YRpFreUcxQsrvjkyNxgj3DqRnevD5ii:12000000000000000000:OKDOT:CHECKMYTH
12ysbRNFoJxyc77u2SDAJTrVJ5WLFpbNhaVMSKcPdjFFCxPA:12000000000000000000:OKDOT:CHECKMYTH
12CcGCFDfH3oP46DHN63QT3AHUEje3X3x1fYsBnyAEdQRq4W:12000000000000000000:OKDOT:CHECKMYTH
16hGAu2UF3oLSeXDytC8s6uzKjaFk7dniaUKUyL154pMQmx7:12000000000000000000:OKDOT:CHECKMYTH
12kPCKNPqrdXECBhukkNUvH46wxoKNM61bwS9WTaw5Uy6bMe:12000000000000000000:OKDOT:CHECKMYTH
15RqQ7VaPEc59qoVcHgnH679brDqvKa1MKNzJuZMBoW1KspS:12000000000000000000:OKDOT:CHECKMYTH
16CxPgp5ByQ9VUHWXhkeDkyq7BQdA5i8XRXLkQyUtPCDGQRn:12000000000000000000:OKDOT:CHECKMYTH
12ajMQzfh8EndL3hv394E4JZHsfu5YVKcUKQcrGdPHX4GPNa:12000000000000000000:NEEDED:CHECKMYTH
13Y2RfnBvs4AYKm3wxx2KCpoRgL3LhBQgAJtVnbF1RiJjDzy:12000000000000000000:OKDOT:CHECKMYTH
14udd3JsYHZQGuExAVGe9hxSUY3jJ77YeCLJDbgdJCKcNmT3:12000000000000000000:OKDOT:CHECKMYTH
1J7FWr4L5xXjXniDWHYdDooJwxQCAnwZ4CWqR8TYyYUG91m:12000000000000000000:OKDOT:CHECKMYTH
1Sberbb3XkFZcDYvw9RA5yoTmfyeY6LGUPCCHgdqs83DHQJ:12000000000000000000:OKDOT:CHECKMYTH
1NnvEaxrKN1VUbBu5YsGrzsHVUmPCCNxTTvySPfF9be63aW:12000000000000000000:OKDOT:CHECKMYTH
14kk4cRNCZsx3hRbHiD3uZj8j81nQBJhqv8kn5oA4PiXLq78:12000000000000000000:OKDOT:CHECKMYTH
14iEQAiCrBKrbLZWywcvPAPs72WACQjj6XrnsjdfrsBax3cr:12000000000000000000:OKDOT:CHECKMYTH
1Nkrbr19NVRPwudvFvEKbkSUVBmJuVnzYGPc565fNLdcL8K:12000000000000000000:OKDOT:CHECKMYTH
1661QCzLbkAvkdjaHCLNimCPADiV7da9naTDTiCfpFrXsCrk:12000000000000000000:OKDOT:CHECKMYTH
13oavXPB28kHXJ4yq4vVgLNB7cYeubMSU7UF3b5t7DzNZY6L:12000000000000000000:OKDOT:CHECKMYTH
127Q4BwYddpanr6ZYB6GBdMvCsNSYWUJqzZKZ5xoPSuju6uu:12000000000000000000:NEEDED:CHECKMYTH
165QhRNUYtHHPdjCjFT5oX9gmCLVJ2XCfzqTQaKY2hFYuM2U:12000000000000000000:OKDOT:CHECKMYTH
144DAnZa6ZWtcAP1AneBdaNDgXaEECEF9nXZ9U3W2TghrRkP:12000000000000000000:OKDOT:CHECKMYTH
13TaZqLEFTuSaDh1gSKJfRdqSUT7A5HXyCX7aGKN49bLjx1V:12000000000000000000:OKDOT:CHECKMYTH
14DF6LHjNEDVuYq9Bq8C3d4sZuT3hUiLZWjd435AqsTQdVhd:12000000000000000000:OKDOT:CHECKMYTH
14gtUphv3XAAwigD3xRAqhLnSdj35gkvfz67Q6WUdmv4SSum:12000000000000000000:OKDOT:CHECKMYTH
13mvy4kheeraDG9wTKJX6br5CgFHSaF4uA2HiAWMAqRAZddr:12000000000000000000:OKDOT:CHECKMYTH
132sNRTeTDpvbMtAnp6e9suJ3DE5iUne5AyaQ6gwW6y8DAD8:12000000000000000000:OKDOT:CHECKMYTH
12KXqovuLtAfabJFZtyZodFnWCoviZU4zr1aqG7kCU8DN6i3:12000000000000000000:OKDOT:CHECKMYTH
121h14tVQcJWBuGtgCkeRh783TKGkgu1zA9crNo8HymDHg8Y:12000000000000000000:OKDOT:CHECKMYTH
13uWW34QJdsBUupgAjf8RmasZ8mGYovUTBscpDu2uQs16sSV:12000000000000000000:OKDOT:CHECKMYTH
12UBkg9Yo9BkgKmHHhUBsWbTBkUxVa7dbgPXQVJKx7DEkz5E:12000000000000000000:OKDOT:CHECKMYTH
162uwUC8sdWtL8u2bNmQifxSnsPHXn3ctnei6HDwdyWdniQ9:12000000000000000000:OKDOT:CHECKMYTH
12ZFZjSSug2rud6nfRBm5nAZKMgcrX4XaXEaPGWbssXeS9gC:12000000000000000000:NEEDED:CHECKMYTH
145dD4XVwZ4TNb4ebcc5JeEpowdBVh6sWnWEicTwNKJPGf2W:12000000000000000000:OKDOT:CHECKMYTH
13pcCtN3ybSpLTGngeFPAE3xe1jxsbdU34RQReyhAWcXHieN:12000000000000000000:OKDOT:CHECKMYTH
1BYSv7Mao4mfPLMAjP56CuS4Wk2zMpkUrrkTXFMtoPFxn9N:12000000000000000000:OKDOT:CHECKMYTH
16dEh8SGQKYZnCLQGWtcGytq6rLi1mtNUSnH8V3cpFqW4ysU:12000000000000000000:OKDOT:CHECKMYTH
14f4HoNXFw5bMAD3zcLQgunu1p7yNVwtHzVmfmeCeCeD6184:12000000000000000000:NEEDED:CHECKMYTH
13moGjRnUggNvoFcC1JRZVesrhCzw8pcrs3Qd7523GYNtPyB:12000000000000000000:OKDOT:CHECKMYTH
1vytErXv2MfShQ1GLTSFxuH5xFJkQh4wc8qHrBsty2DvHz2:12000000000000000000:OKDOT:CHECKMYTH
14DVaTXBvMyAnioJyfG9EpnDe6URnvifZtKUWjwGWLnDXYhM:12000000000000000000:OKDOT:CHECKMYTH
1YznfGkDy7NhUJYNHEHXTHWPx6Lan4K1mD1oa3SVQbxdhDF:12000000000000000000:OKDOT:CHECKMYTH
1GkcsC1tGLk74TLD1UNLqVWPPiVKkj5MCWbZ18mMHJ4nmcy:12000000000000000000:OKDOT:CHECKMYTH
15HjiVLfuTZHK1wEvkPjJh7TZGP1CQs55NHfQyCM2fKx4M8o:12000000000000000000:OKDOT:CHECKMYTH
146Z5RdrmAJUpUBRu8iTWcCudTKu55cXiyCsAzBLhkcsYX6f:12000000000000000000:OKDOT:CHECKMYTH
12swMYQYXw7E6zHXoWyGZ5ywRz8LC5yAhtqTT63XMkFZ84jd:12000000000000000000:OKDOT:CHECKMYTH
14L2UQcHkosEL5YHHrDF9YdMaR6ifuuNhegh6h9uchh761S:12000000000000000000:OKDOT:CHECKMYTH
12jrwU4rjPjgKBsNLuSSSxDppUG9Fv5E1g7VYb7bKbvc1Thd:12000000000000000000:OKDOT:CHECKMYTH
14q2JzYFSmcP5JHCto5HVNxLy47aLhBY32bayL1VjWDojAYk:12000000000000000000:OKDOT:CHECKMYTH
14nfFwqGgTJRVa9QhbQU26iyVQpRHuRD7JRNKpiSVRyyWceT:12000000000000000000:OKDOT:CHECKMYTH
12at9MpsLzHLECzBLoeCyGjpaQTLrQhUjCCbptxazfMMnTgH:12000000000000000000:OKDOT:CHECKMYTH
12rEioZvo7H32Xtoyq8Px5UBZ8wjR3CMCiB9Vqdj4EM5ueNJ:12000000000000000000:OKDOT:CHECKMYTH
169Ksgo9vLQ3Rvukymr81gM7pNdpULvpMYg6aUYqu4FBQSi7:12000000000000000000:OKDOT:CHECKMYTH
16nJhisAVtg77Y9rxYJMyiVGemRwX6vvhb354NyQ6gQissxq:12000000000000000000:OKDOT:CHECKMYTH
1ELhhBfNmSrnEoAKG7XsJn7MbsgDCGhd1Uqfj96JWkuUyv8:12000000000000000000:OKDOT:CHECKMYTH
1EnE1GNBvksjMN5eWh8qEe4ibP45PjkZERcND71NypG5zM8:12000000000000000000:OKDOT:CHECKMYTH
14PiJSN8DpgyhWfTgNeVVnEKb37TWwZpBCcDD9UohSExKuBY:12000000000000000000:OKDOT:CHECKMYTH
14MiDu7FE1qMavhctWG1FP7uvW8g67PhiwKjtqhoT4xFP7tj:12000000000000000000:OKDOT:CHECKMYTH
12AVRgmz6Wr9NjsNcEHgi3YQxda7ZQGcpDfpG4KYPJ4Pxs38:12000000000000000000:OKDOT:CHECKMYTH
16m97Vsn3uW4iUstRT4dQrwwMkcmDfmcTxpgmmTCn9qrB2is:12000000000000000000:OKDOT:CHECKMYTH
13d5vnWKxrtsro2qFPHUeJXhEdBTGwy5WhFRed8ivM97qKfd:12000000000000000000:OKDOT:CHECKMYTH
163X29YnYMxNQk59kyC4nRt9dANJPHUkyq7YhEuoa6z1fXJy:12000000000000000000:OKDOT:CHECKMYTH
14sL5qNU2Yj9bqLjeR6CGQLwgkzRYZWYXWC8n3ga2khSP89:12000000000000000000:OKDOT:CHECKMYTH
14FKaNDsV6FdLJfRFBxLvRoLYSGje6wfj3nHYfWa3NeraSXL:12000000000000000000:OKDOT:CHECKMYTH
1hPN5NeNXvw26TLHtCxn87os89u7gHVbY6xQnEMQ25p3f1G:12000000000000000000:OKDOT:CHECKMYTH
14qC5U8VheMUCg7koy3H5VpafxtKiFiSHU2xPZAZfF4JA7gB:12000000000000000000:OKDOT:CHECKMYTH
16DU7kYstBFBFQvR1oQ5DdMT8EAGwdshvYdCDduziXZid1yu:12000000000000000000:OKDOT:CHECKMYTH
1cBqTmSnvBe3Z4G5ZDtaU1a667azAj7oMa9ALBYwXXnqBy5:12000000000000000000:OKDOT:CHECKMYTH
12313xrVaLqPqEZpSiturn8bcSnkZTEmkX56K2Vv2LxyGRWT:12000000000000000000:OKDOT:CHECKMYTH
1d2hDCGyVneWwQVXkWoQ3GkEJxJtUyyee81b7cipKuXQcwa:12000000000000000000:OKDOT:CHECKMYTH
14PWuzeGNSESFsrzugSSnoBbedXhJR8pHqGWjD9mGBakF8Ki:12000000000000000000:OKDOT:CHECKMYTH
1Qp4zL1hTL9AgRpumG8byBPuwdpEUtTCpgJ6Xhi25Zgqdqq:12000000000000000000:OKDOT:CHECKMYTH
14rx6Q94ef7Z7rue6LZWDVnxpjoJwRTzD8RfUXPVKnKnevDi:12000000000000000000:OKDOT:CHECKMYTH
155ECzfMfvS9nhpqq7toHAKyUNUE8GrJm4RvsxnzpDurSJCR:12000000000000000000:OKDOT:CHECKMYTH
165eDTC4yzfmaftW1f6Ky9ss9akWUSDha4sCRh3qLrWpQNjB:12000000000000000000:OKDOT:CHECKMYTH
16KZfHi2pDxbJzHup78xvEtNgv6g7CUv994JGG65QH3hYZsC:12000000000000000000:OKDOT:CHECKMYTH
1Vz4CbMK4DAMGdbELTqxbEQYthaPVZEEFYBsBoqFtCMDKsd:12000000000000000000:OKDOT:CHECKMYTH
1ybJLF37USU1EtazXp2r5wEJ4DgAitXsPVTAGmoAZTLh6Rc:12000000000000000000:OKDOT:CHECKMYTH
15QNrn1SrqHhfW3b1edK4AExJifjtA8KyPRbsYHvioZxXiic:12000000000000000000:OKDOT:CHECKMYTH
13jNjQfCUUcxqXqnc7wL87FUJXiiigdcGDK3539E3s6g8QPe:12000000000000000000:OKDOT:CHECKMYTH
15Jyh6uhQSuchzgvyqxTr77iZv452PhW8moXEEx2k3ZKoNCR:12000000000000000000:OKDOT:CHECKMYTH
13JvbQgMy37wEPqk8VhzDmpgmAsMui5bEmfDVAbSHYv6B22T:12000000000000000000:OKDOT:CHECKMYTH
12W2DNu8ZnzkRUz6LnPDTTmnLrQe3GRvHZaryEcgoDb4UNxq:12000000000000000000:NEEDED:CHECKMYTH
13VBhCrURdJrvA7uSFqVtqw6DjevPAJ3HeKTCVFzEdxUrGSS:12000000000000000000:OKDOT:CHECKMYTH
15HSNwzTo4BZrPfFa4r7CstcJFqdGswHRbYUdzZwjVwHdygj:12000000000000000000:OKDOT:CHECKMYTH
16apzW8CmzUBRbNyvtShCfT6hrVRPRnQeTpkv8VfmCwv6V61:12000000000000000000:OKDOT:CHECKMYTH
15arootB6DdT1GoYZAchN8Mp5javMcx3svoPPMiYS7MGSAbj:12000000000000000000:OKDOT:CHECKMYTH
15rvSsFFQ38C3qXf5j8528GCcqaYZgWJJAazaAY7Gwi97NeH:12000000000000000000:OKDOT:CHECKMYTH
14LUcknktSfBEbD47fNuHEubcaDYxoJnKTBwNDWaY62nrzMT:12000000000000000000:OKDOT:CHECKMYTH
16Ux273e22PDT2HQUEUFFnXudmrXAyLHsp5qdk4atmqoL9n3:12000000000000000000:NEEDED:CHECKMYTH
13cziLqBrddHWtq8bBx4frMJzD5uiJxPyni86FUEWbMP96FR:12000000000000000000:OKDOT:CHECKMYTH
12FL4KtdyKi2Sk2uuJf6UYESFfPGLdaanMiCZozSacpF3YUt:12000000000000000000:OKDOT:CHECKMYTH
126uo97KQ1RyCy6azMVyP2qGxRiBuqyE19573ZNFe2DpkJbL:12000000000000000000:OKDOT:CHECKMYTH
1Sk1vQuJzTPsBhhoxJzCTzzdFSPw1wvwYKt4JUbcpdxVS8W:12000000000000000000:OKDOT:CHECKMYTH
15WSpWwTWzZt4NXU72fjjhEzqCHBMMv9TeM4XHY59Xh82hAe:12000000000000000000:OKDOT:CHECKMYTH
14QwJyh5efSCayiwdkQHx6Amp2acbg91mboH7swC11VKqXgG:12000000000000000000:OKDOT:CHECKMYTH
13yqVszY6jAqqR8pwzjYNjhdo4zATqywMarXExZBoSkKG9d3:12000000000000000000:OKDOT:CHECKMYTH
15CN5uE1cSFiLwFnW1zftR3fK9rFUCh8XkdX769DrN8PkPAJ:12000000000000000000:OKDOT:CHECKMYTH
1NKkkwitwSKFjeY79FiAsSpRCbkqdRv3R3dRwygw7cBJrqh:12000000000000000000:OKDOT:CHECKMYTH
1sqgCHKt3ZLS9tM9kRBYBvinPSj6HivqrU8TkZNYSj396yb:12000000000000000000:NEEDED:CHECKMYTH
15aR8WH15azuh9zmJjKe6S18QVqRDpWyCMujm6LzjSKCrZg1:12000000000000000000:OKDOT:CHECKMYTH
127eVA1pFuTAKU7VqCmi9NobSywYtnqfhNQAdA4RV4vK8Dcm:12000000000000000000:OKDOT:CHECKMYTH
15TEzLzaAbnHGkhS9JittJvXxEkt31jALa63rcFX1vSYDUgN:12000000000000000000:OKDOT:CHECKMYTH
15m3WcPwgvL8E8LeP7dURdJCGu2eLLNEMe1YounjNr12G24z:12000000000000000000:OKDOT:CHECKMYTH
12J5JYF1sPGjmaLxz98FozBHx2hyfLz7o6KWXFobRfeCHDkn:12000000000000000000:OKDOT:CHECKMYTH
1J4AttrbZTYopD2kT4aToHQyoepK1eMZ6zhqLVC9psw1nvL:12000000000000000000:OKDOT:CHECKMYTH
14F2L8WddLUgWUiJbmEi1pFTeBmZFceEhkKZvZxFFa7RBncw:12000000000000000000:OKDOT:CHECKMYTH
16HbnXMzaX9NzJAtiELVdrWiApknJTTzsXoC8vpoFDMuZAMp:12000000000000000000:OKDOT:CHECKMYTH
13NCLd3foNpsv1huPDzvvfyKh37NEEkGFotZnP52CTR98YFJ:236000000000000000000:OKDOT:CHECKMYTH
