16Q5MoUR3L2nS2nLuUJbe2nYK7ZouGa4EgMwKT1tr7t9pNAu:12000000000000000000:OKDOT:OKMYTH
12Lkxw3V1y3zptpm7Dq7HsqWssmrMy2XSXu2c6CZyxifUXkY:12000000000000000000:OKDOT:OKMYTH
1Yr3JJN3MdifyobHgqe3rAr3sR3JkcxUFnTPQ4XDi78HRwH:12000000000000000000:OKDOT:OKMYTH
14iwmx6jKgu1AekytRT1HG1FR1jHHTbtgfthaTpiCnQcfKx1:12000000000000000000:OKDOT:OKMYTH
16Bwwksd948UAHm5SxfzB8sMhxNWWodgU4Nn979gBd7xh347:12000000000000000000:OKDOT:OKMYTH
12kDNS3MCtbYf6fke3Ff9n2Mp5BuuRTiiu6TL5MexHTgxmrm:12000000000000000000:OKDOT:OKMYTH
1tkiagwDGU5L9HdpBbATgiVxCSXCvqn953xwhhQUV6yvroP:12000000000000000000:OKDOT:OKMYTH
1CN4oPS2nAWGcn9CWTArdcp4SANf95bNbhbMgtNJr5EhRNw:12000000000000000000:OKDOT:OKMYTH
143dekUYjVik2pmm8bKuai9SnK2bozTbSPH5JJdTarTq7REm:12000000000000000000:OKDOT:OKMYTH
16SbqKJJutdmkyodtE6Hm7FpJu4UgGTdemy984zY78NRAax7:12000000000000000000:OKDOT:OKMYTH
14u79CtavB9Tg8dMPU8T2fQt6wtgjnQFq3EhxAM1KwUz8Sw1:12000000000000000000:OKDOT:OKMYTH
12TwKHno2btJB4iP1Z7czf8KiFVJNvFR69ULcofhGJKA9DJR:12000000000000000000:OKDOT:OKMYTH
14ryjPPmovfuqAke48LSPhJ8JhPow1ppwcNYd9hKLNc4wWBF:12000000000000000000:OKDOT:OKMYTH
12nEMZ17hveAdjL7t1aaDeL4VHo4wU1NygQDE9sBF2ZFcRZA:12000000000000000000:OKDOT:OKMYTH
15dmaHiHRCEkve5ngeUc6F8XksbHhYbbQuMb15b4yfPKba73:12000000000000000000:OKDOT:OKMYTH
16D4muAL8r6Co3XoesDZVaPSCNAx2sKKL2g29VGBq8oX7G71:12000000000000000000:OKDOT:OKMYTH
16a4iMWot1289SHZyraQmpigVAttyMGzXv18f6ZePRmT8gXR:12000000000000000000:OKDOT:OKMYTH
1s68rJup2M7WBLmfiPFyB7K4Rxq7TB4zDR8j8CJ2MMwgAwi:12000000000000000000:OKDOT:OKMYTH
1PC1YPGJrs5HtBVR8p7GgYGrc6kkCaCiPeURLnxTFZAjVHR:12000000000000000000:OKDOT:OKMYTH
12D6fatp6r9jPFkuM9kvV72wMXKxTVqhU2Q5emyyL5weEbye:12000000000000000000:OKDOT:OKMYTH
15D8tJoUwbJr5PBGNjAjgwvMQRF1tnbBnA4XeGubmeUnLBhq:12000000000000000000:OKDOT:OKMYTH
14g2aBdLq7YrEAVrfzHpttFQ4FgQ65vtNBNGJVkuCYT3buMm:12000000000000000000:OKDOT:OKMYTH
146UN3hUDdLB8GqhYCXYYbtHUZ8GGDdn6spsU7iQH3wRMR9D:12000000000000000000:OKDOT:OKMYTH
1AxigsQSkjJ84Xe8pxhtBU4nBNDtYas3F6wCmmyccS8azm3:12000000000000000000:OKDOT:OKMYTH
1Tvh9eDXAiCkwiePTQ4QJ9hZpxzh35kbbS7fWN9cuRJscCn:12000000000000000000:OKDOT:OKMYTH
12JQ4sc1FU7CiQP6B1R6NLox7k11jEC3cchB7i9msRZVbTNw:12000000000000000000:OKDOT:OKMYTH
13AMobcVFGRnxyHQChaUh3EzAnQLm6fie5KAJUYxaKQQzr8H:12000000000000000000:OKDOT:OKMYTH
128Ed5d9hRXDQ6TxvrKoNYAZvySwsSmqw3yidTqj6UBEpzBE:12000000000000000000:OKDOT:OKMYTH
167PCR6NQ5BPf3g4tubR2eKzE9UW6xEqjYWTbos5Mi6JXFHZ:12000000000000000000:OKDOT:OKMYTH
14yxHGuQVT6grgCXQS7xru1SWSN82JzEY3FBeiefrL1smroX:12000000000000000000:OKDOT:OKMYTH
14GBurxqbUzCVwAJqyShUsFBQdsWRiyEdqnR1yK1mWCWrTok:12000000000000000000:OKDOT:OKMYTH
17ZqAfBCo1r1aBhh8iuXTm1spkqK3qRN2dw6XL9FVUyweHc:12000000000000000000:OKDOT:OKMYTH
15BPSZeuXvkNfbijfDNFdsi4FYHcMwXY3VrZFiZQdRWewZwd:12000000000000000000:OKDOT:OKMYTH
15x2sLzPTVbv3bmppaCv2258tyADEskU6wJqNjYjpQSLSSUT:12000000000000000000:OKDOT:OKMYTH
12svTecgazwKGVywqExHscasdU4j4vn7DTknMzvNEzddiNSh:12000000000000000000:OKDOT:OKMYTH
13JJ6v1CH3x9TNBtVxwZhhNDR1zxKoBiHfyJdmSmgSXw3fbg:12000000000000000000:OKDOT:OKMYTH
15BBEbyUbdpr8fijbxryDXdnNP1LWMYas6khGf75fpSoiGRv:12000000000000000000:OKDOT:OKMYTH
14jv9TDrmrckhRe8L1QM8Bzsd1ZJ57CRxaahizpp8BtveYNG:12000000000000000000:OKDOT:OKMYTH
12Bv2J4m9NkmeifFy2z7Yd77Rj8W8y8UW9jMjcYDH21efg8u:12000000000000000000:OKDOT:OKMYTH
12d8mfzLmP6Q2XFRKamjz7ergvzzuaA469Zc3Au1UiCENEJm:12000000000000000000:OKDOT:OKMYTH
19i4i7yAyAi5ZjKeAZCcjEh2Ni8GJ5frNJ75tXx35aTQ87D:12000000000000000000:OKDOT:OKMYTH
13GtxxDfadqZuFo42UFJA5ESwnojhNa6rNPzdsTzvoemssYz:12000000000000000000:OKDOT:OKMYTH
1HHkNanTqEcM2KeiZFprTtNjE9DqnEHuRwYAEHciYLHghiC:12000000000000000000:OKDOT:OKMYTH
15De7tfYX694GoewZz5ASbPxQX9hM3REtS23vR1ERYE9zpJ9:12000000000000000000:OKDOT:OKMYTH
1yWPEScZUFVUrqPZ9LDPNqWAcUdLUwbAneMPGM7Aq9CQvVD:12000000000000000000:OKDOT:OKMYTH
1tNee6uoAmscEKLjRz5zF47KBp9G4QEBi4XSrwqZcnqaFxC:12000000000000000000:OKDOT:OKMYTH
13qoJ8zobFEDc6m2gvUS2Q7tgoBHvrjc7tBLfa2sSFhJQiDV:12000000000000000000:OKDOT:OKMYTH
14MxzY6yXhuSzndtGkGueUtyC5QedknZo57VyoQws8uALY7D:12000000000000000000:OKDOT:OKMYTH
13ixLXzEvGdPwiqSLbcmZt2VJRcGB2YSsAAvU6VFzDgYCrRE:12000000000000000000:OKDOT:OKMYTH
1kESRQcpXt294nVDasn2CWucy6QAV6ryRT1vMfJE5udoKwD:12000000000000000000:OKDOT:OKMYTH
1568BWP8dEhTCHeZctgRVhfUVqZBCdmnmXY2P7md9MQZwZLq:12000000000000000000:OKDOT:OKMYTH
133hUMLEHnxDqHM2BtGrNmLaYxYAQUSf31TYUFiyZZSt8aTn:12000000000000000000:OKDOT:OKMYTH
14K7wZ5MErgt8WcNr68LwjdCVR1odGTmvcae76wCyWe8har3:12000000000000000000:OKDOT:OKMYTH
14BGcJg7JtUk4ZoZZYjM5ZSLE2Q3JA7KuYK6ueJB2T9PYHkX:12000000000000000000:OKDOT:OKMYTH
12QdDspEDDXpuBGa4yWqDKT94vWb5rAotGFDqEVnLiD3rqHQ:12000000000000000000:OKDOT:OKMYTH
15KWMagppoTUsHXN2AMkCYUZKMfCdbNST9J5KnG3QDARciGf:12000000000000000000:OKDOT:OKMYTH
13jvKqzmJp3tCArKBtpqM2SbbHKYQQXFpAXVeJ1i5EQVBtY5:12000000000000000000:OKDOT:OKMYTH
164qMv4J8PfPAEc41GN6P64Zq41jeovvWUTCADPF4vj3KGnM:12000000000000000000:OKDOT:OKMYTH
14P15Z5QZh4Yuhte6At3gbzPXJmARTBn92L1wz6D7UNpQec7:12000000000000000000:OKDOT:OKMYTH
13VZPHZGYa1iqDPS395iBsJffBMg5dugALCpcKHutAm9PpjZ:12000000000000000000:OKDOT:OKMYTH
14A5ixMDfcT4vgr31ANDXCw1vExRcvU3WF9aRWD8nC99cEDu:12000000000000000000:OKDOT:OKMYTH
12JPV6ehHF7aZRNnKRxGWr5i3VW1KbeVE1RWF4GoemyNmF4R:12000000000000000000:OKDOT:OKMYTH
14deZPm7z365PzdG6ELxjbGnAatbCL3kx73NWeJmLZaGUtHA:12000000000000000000:OKDOT:OKMYTH
16Sxpzbwb4TyzocxP8DJfd4YvUCdZQvyxrq4U56pc14ptKeR:12000000000000000000:OKDOT:OKMYTH
16JLF8SYsRmRSUQRqdTWLHnusR4dtEHex1Jkz8UbJVj1xyts:12000000000000000000:OKDOT:OKMYTH
16eyeFW745DbwHGFFC65mfN6eWjG3anmYfqpaMdL6HoocWM4:12000000000000000000:OKDOT:OKMYTH
12zMP8WtF5j6SjPQZJWZVznEnwL4r57XNNecGu5z6PZhYAHe:12000000000000000000:OKDOT:OKMYTH
15BBjBqjJCdgMvLQi21JjmAfuTaQbEe8ui1SNqaHK9Ek1AQX:12000000000000000000:OKDOT:OKMYTH
14Q2uifLQtsPRLnXQ2YGTZYrz4zQQtGtJcUzGmeHSFtXLGrv:12000000000000000000:OKDOT:OKMYTH
14LwWzTUDBhygGdADMB9EHjqWs7LYHE6rbVG41yNH2P81SDh:12000000000000000000:OKDOT:OKMYTH
14YaTFYSjg4BR7jHxtvaV2Hiv4pYS6yusypDrmfA3rkYzzM8:12000000000000000000:OKDOT:OKMYTH
1nRmkoQMuxp62sh27Hj4R3zcf2y4KDTR7uyTzDY1cANddLB:12000000000000000000:OKDOT:OKMYTH
157xtyYzrNwpBunvvnNvBcNUi7FiDaZRQ8GDGyeKtiKf9EW7:12000000000000000000:OKDOT:OKMYTH
1fz84VBhaGJqqJrvu924YpNzeY2Pqv97SSeP8TrMRJg94aG:12000000000000000000:OKDOT:OKMYTH
13KPajVg3JgMoQSjhJgYvj16y28zRAqvNq2mQ2jrnEEgkZhb:12000000000000000000:OKDOT:OKMYTH
15sFNFmu8o2S1SNYWEVUnKQp61ZdA1XSM3Ak6XpwEQcZVd4G:12000000000000000000:OKDOT:OKMYTH
14fiffpSkHmAkkGAfspUNrgyF3Z9r6tkfA2pyQHYYwvurdoZ:12000000000000000000:OKDOT:OKMYTH
12DPaQ1UJsZxHoZ6S5kZP8nhEbPMfSBcUmgBno3aLxipYRxg:12000000000000000000:OKDOT:OKMYTH
1XPGJyorRaezHqboFWtrhgF9tHgeL6Z82hMZaSPvjGvMCk6:12000000000000000000:OKDOT:OKMYTH
12g5e34eJyiJCrwjZN8qnzZVy6WJas3y4dwNGqNxKe9PGJJt:12000000000000000000:OKDOT:OKMYTH
13PCsdnfmP75hirBUdfTvhigFAEi6pzfg6E4F9f9TB3eWYYT:12000000000000000000:OKDOT:OKMYTH
15X71qMjf2kEFYbwjKZf1YyfbFnKtvuwuoMYi632uMZ6Z8DN:12000000000000000000:OKDOT:OKMYTH
13LVNQSJhTE9Q9AkQe4pgs7ZiD1r6zstdBrgj2xU5a7ujNEp:12000000000000000000:OKDOT:OKMYTH
14RKiboetDdHtZykur2n6GtTvPVoTZFDgmdUvHscZ3dQhu7F:12000000000000000000:OKDOT:OKMYTH
1JcnXU6kbHNHdbn4FYWrfvWmqmvmzjiyQv8LVFGJCYQ8oYQ:12000000000000000000:OKDOT:OKMYTH
1riBYoyUutjnrpe6P8gfexocmejKRpfyKRkSGAEhPCiAYkm:12000000000000000000:OKDOT:OKMYTH
1jHPwHCU8CrbFdfUsnfXv3mXoXBd6Hm51bdb97mGxmbz9Wi:12000000000000000000:OKDOT:OKMYTH
12eKYGDVgfFKeCwPikLz3qtq3TD4r31pCXwa6aRpJ8HM1N3G:12000000000000000000:OKDOT:OKMYTH
13cuKGBhugUTyVtzJtxkSbPSh1yeCic8WeoiR29PjRRzjcfs:12000000000000000000:OKDOT:OKMYTH
15rf3bEis1wEC9pZDv52NjQqS15ed5ewPUQfruxsFhP757HU:12000000000000000000:OKDOT:OKMYTH
121bFHgnrERzUbVTDG9WK6iB4jDz47HwUbWWuudhvAwxLDHD:12000000000000000000:OKDOT:OKMYTH
16hWcyt6j31fTELoieG7wFusmNHFwXUwYC78ggmUomGEwFkG:12000000000000000000:OKDOT:OKMYTH
13bd9HsyL6xWDbHuDsJGtQim7uYE3WmW9Hau5FBZh4j6Bjwm:12000000000000000000:OKDOT:OKMYTH
13UaDDxkyHXVRjf45PFvZtktNjwiY1AipXn2AusTPUCvmPqV:12000000000000000000:OKDOT:OKMYTH
15gLKKAtBpJQv1kmVCehNrsQgqWj2pomZydDqmNRQpLPE7Zu:12000000000000000000:OKDOT:OKMYTH
15ee68rL8mCLC5q7wRExn6qjR8vTRTEMLrC3kaDiBLBSqx2M:12000000000000000000:OKDOT:OKMYTH
121JfwzA7HZdf38P5yyyfEJ5LSMJpVaqrr2arc3R8o2XzQaK:12000000000000000000:OKDOT:OKMYTH
16Ck5Ajsz1fXYS3ePWd1x1Vk4qryPdoRAaYNWPLiJvbVzYpo:12000000000000000000:OKDOT:OKMYTH
12nEbyAWQFi76mpnmWM3oriGm8RaCDQdkYRPr8Bb2FrS44cM:12000000000000000000:OKDOT:OKMYTH
15xXLT5ntNmBRZbs9RE3imHoxv3euXLCcqrq2mMwBWVKuEK7:12000000000000000000:OKDOT:OKMYTH
16YYVpptiodN4AghxzxmzSv4tMWkzjHqfQo9ssPTTKt4i6vQ:12000000000000000000:OKDOT:OKMYTH
14z3GeGeQN5TVxB34n3BV13pBu8csZVcNKBJmngsqQWBHiTY:12000000000000000000:OKDOT:OKMYTH
14ZMJ1DhZXpmDW3NM9LwR4GQ5CEbeAV5xLdeJ2uXVim4Fvif:12000000000000000000:OKDOT:OKMYTH
14J9mwzhVTtjaWJTD7xrZqPasWM7F3upH8Kj138U2Zk1h9Lt:12000000000000000000:OKDOT:OKMYTH
1pPCZxg97CEyyHCLSJNrghsEhv45sR9GEbjfWSupVtDg4cv:12000000000000000000:OKDOT:OKMYTH
14gkTEAarETi1s719r8JyLoL5S9BF6pNGvRnCcfa2sFL71ws:12000000000000000000:OKDOT:OKMYTH
13kGw49at65Tma6D6oyei98GvU4j1DXvrUKrJPGnuozPBCUL:12000000000000000000:OKDOT:OKMYTH
12qeHSHJiTEjJjRQ6qe8wqvTv8mYfBc5ZdM2USXDGARKNf1h:12000000000000000000:OKDOT:OKMYTH
16NQKLbwsYp457CoWoC3AL2uJSZv9RtGEFzp2EV6tzXAQWXg:12000000000000000000:OKDOT:OKMYTH
15v34PZWCzU2u8opMpUhmKVHUcSN2VUmeiviUhgTkmmALFFj:12000000000000000000:OKDOT:OKMYTH
159dKmjjUnDVpDCm28NxhdVrdApyLHJHnKKQsbwomkkJcirJ:12000000000000000000:OKDOT:OKMYTH
14YNZtqF3odwgR3bMuWBLpqmSFTbXutMPYHwyfzQAEcLYAdL:12000000000000000000:OKDOT:OKMYTH
14UGMErSopT9bo7wRmrcapJ5FGCEC6Z4jYbH2EMGUfWURhFm:12000000000000000000:OKDOT:OKMYTH
15yN6d4nUcJgByaBEjA7u9YZQwsZDPEsY46CviRMvjtrhK7F:12000000000000000000:OKDOT:OKMYTH
166QstFYXpWjJjptoqFnBJ2jYzvSkK6KtE1eqFnwPJKP4F8p:12000000000000000000:OKDOT:OKMYTH
15EXUqtKNqeaToQBf4ZfVQ5mqQd2WztLEjWpAjWAQ83KxaZK:12000000000000000000:OKDOT:OKMYTH
13eRpFWTBKXy6Ekh1rMQqyytrEjRYXxTeqSMzFEy46kPvPcS:12000000000000000000:OKDOT:OKMYTH
16UkihhH8UsQbyw29pEMiXGzDzcgKeahU4tsuUUH28BK7LPA:12000000000000000000:OKDOT:OKMYTH
16MrkUCcAcnuYNtkHd3wkeFVePk3XLmFWjf2FcDJXknAo7dH:12000000000000000000:OKDOT:OKMYTH
15tehFK6G5YrCf3fUo3R7GzSQ63JvzMWUo7wbPePnssHE6B:12000000000000000000:OKDOT:OKMYTH
14Kq9R68yiPRNGQ2KJBoyfGVJcNTDQnB3iKoH1HcLJnAVfAW:12000000000000000000:OKDOT:OKMYTH
13gsdT8aVrKBiVHGnU6ETAdeZ4mes5nFcaoz71tkDUqjYoHq:12000000000000000000:OKDOT:OKMYTH
112EHVKjuVCAoSGRcmK2U6TRXMx34yqARy8yyZGtAmXu1wM9:12000000000000000000:OKDOT:OKMYTH
12c7F2LGZTty5Aa9Pjxfzv8bvxdEqF8zAg3FkRsAfKCanNLw:12000000000000000000:OKDOT:OKMYTH
12Z7kqQvgVKnL7VyAx92YPeTvBHCk4GsQ1zyunVnWMD39QZQ:12000000000000000000:OKDOT:OKMYTH
15EjtU8pjvK7kH75XwypWY6V2m91atYDHMRXdwUAri7BU3af:12000000000000000000:OKDOT:OKMYTH
14KZ3sgzxnscAaw8wcbvmrmu6SQHbY8Qvjn6SsK3Yvz6VZhf:12000000000000000000:OKDOT:OKMYTH
16L1ohTHBuSXfroXAM5xz46sZkUWF77G7VwMKe7Y63zMRTz9:12000000000000000000:OKDOT:OKMYTH
11S4NHhw15vE4KbDGHjpLTXv1a8ii8JKfvSmxNHYKrs8Kmy:12000000000000000000:OKDOT:OKMYTH
14BUD5GKwqRCypcaGiYSLKr1wFLYU1GpGgeJ16atzJiHfy4B:12000000000000000000:OKDOT:OKMYTH
15ZgwNXQNHcJN96Tx7af5ZQ29D8mE1gkhN1W4t1uGZAbbH3N:12000000000000000000:OKDOT:OKMYTH
11YwwoPZsubkpB2Vs7d5hBfiyUS69jRD88iXbDBfjVYo3Ua:12000000000000000000:OKDOT:OKMYTH
12BvYh97QyYLJBNHK8VaTVFfjRTEFU22jKVDYt5uF87P2CoR:12000000000000000000:OKDOT:OKMYTH
1oJSdo2VE3NC5undaweRygQC4zCejXqpzJ4h2aTsadezYk6:12000000000000000000:OKDOT:OKMYTH
137AL6gj4tu1BVqS4GHd9VG41wW4EWbY8wKGn5n3sVYtx1jd:12000000000000000000:OKDOT:OKMYTH
15djLJVK2Mb8WgS1HVKgz9gUG9jWPvfmQRDRGLERFkde74to:12000000000000000000:OKDOT:OKMYTH
15H9gc9u5xyhCBcSDRKDGhuav8ZdqMa9Ya4cuEu8oUx7k2zo:12000000000000000000:OKDOT:OKMYTH
138hUuFdqX4K7E91f6f1QbduahmqnjiR4WPnt6NH7DmbTvny:12000000000000000000:OKDOT:OKMYTH
1aj93vcHtFmmi1zEEM33NYJcwjTC3fSNdiXCRGSevAQoiDR:12000000000000000000:OKDOT:OKMYTH
12XZVtwR7JZGgRo4Xbufs1j6HAbC7gsnUPA4hB1J6QXy5Wkq:12000000000000000000:OKDOT:OKMYTH
12bcZgK7u4Mt1CFZvLZWchtUKyXfFhxAN1BJLhXz9ssdRKB3:12000000000000000000:OKDOT:OKMYTH
14AtMZDyFCfv9TFKDJLnyQqRmuxg8r3ZD3LFqWQRrXE7oPMq:12000000000000000000:OKDOT:OKMYTH
16VGYZcwtLsKycUidq6Ba8BQbT6vcH4btSiv1AJHLbh1zkQq:12000000000000000000:OKDOT:OKMYTH
12A5HN77mBzJ1mcuiSjoAWaBaMiyGsTsPxASs2An5fa5gtAQ:12000000000000000000:OKDOT:OKMYTH
1WruGWB58h5sbGcA9EAZg8ceb8emqsBB4hw9JqLBLRHyNZH:12000000000000000000:OKDOT:OKMYTH
12FuLUVsmFdezERnFLVnoD5hf8ydUbLKwNytbZBsHSXgkmmC:12000000000000000000:OKDOT:OKMYTH
14BdqJ5RE3asxHDej1GhsJgQeLfP3r73g5g7ooaiWUboSBsS:12000000000000000000:OKDOT:OKMYTH
13xfysDTgpMemQgSdDNsMy1Zk4CVVgrEvXubpMRtFUahvRvH:12000000000000000000:OKDOT:OKMYTH
16P4XHD5KwFsBoDUbrqfjhsV9RdmHBGoKTFQYjJYurmxH6Ka:12000000000000000000:OKDOT:OKMYTH
13L1kwADLAtXFJijYWXhZ5m5Au6NiFyGAePZbAV7BvQgs7tj:12000000000000000000:OKDOT:OKMYTH
169DJysCqatWJexqkJ5cQyzsZgHN3AHLWiEy5oDuD5LYK2Vg:12000000000000000000:OKDOT:OKMYTH
13Sb65K28CSmg9ifkgCxpHH6cnAAxxvq6SEMDxjNZGfCoqP1:12000000000000000000:OKDOT:OKMYTH
12ApYdQ4i6BZMEMxU6CMv9LX9TEeZWhc1GtgzEt2tZUpJEoa:12000000000000000000:OKDOT:OKMYTH
1qihkKzKcBY8NS112oyVxdxLJXbRDMNuevuUUdM6djm2RgF:12000000000000000000:OKDOT:OKMYTH
12eXaNdXhB1WoWKyhSMxRCJeWZtiLLaVogsaWep43yn8ATkc:12000000000000000000:OKDOT:OKMYTH
15zYKZBpcp1ZWQcQJVKjQt7qVst1AWtTukDAgtCwqw65PAhc:12000000000000000000:OKDOT:OKMYTH
14ew9Mxr8t2mzwc9BgL6PKtkbjPvZRXFGZzJAGuXfsDWaeeG:12000000000000000000:OKDOT:OKMYTH
1TLpe5AvqH8hQLZygy9m1DN9uLc98Z3DmwS6HrcLUnqwm6b:12000000000000000000:OKDOT:OKMYTH
14Rv8kFHdBSyGCo4cSZ1bkNHvgQfwK6MJZe8JpAFr6cpnyEk:12000000000000000000:OKDOT:OKMYTH
16g28xC6FtnK8at4nzxH9yBD7kCy1wvRmtD2Z1VtMGkU98gc:12000000000000000000:OKDOT:OKMYTH
16kgz2X5kCBmfbfUz2RHGgfJKt4ZkWmk3vCtmz7aDFsZdp46:12000000000000000000:OKDOT:OKMYTH
13fCwNEDCbFKAPbT1sZ67TonkqoA8DPqbLHSdVLy9eCCYjPM:12000000000000000000:OKDOT:OKMYTH
13UVJyLnbVp9RBZYFwHZ1u4VhpzwT33tdhENqayCLGwtuUEs:12000000000000000000:OKDOT:OKMYTH
154bb5tB56oGjvzscfLYJjN2srMpc7kdwXmcrxSp6KaywgwH:12000000000000000000:OKDOT:OKMYTH
13b7oitv416PHdL5zDp5Jf3ubakX4inifx8UhXA3bTLGxSLV:12000000000000000000:OKDOT:OKMYTH
15fAFGKRF6E9z8C5gM3iAonTa27X4SwK314E751k9oNYYsDj:12000000000000000000:OKDOT:OKMYTH
13T1GkFog4DasyHFgJxF5Qcdrd9jRfiFRTWU1e66J1KVTaPm:12000000000000000000:OKDOT:OKMYTH
16GfHoMf6p1QhT1vtYMQc8nruT8i6FcLHmDGhzGFwrVSy2d5:12000000000000000000:OKDOT:OKMYTH
12mdpQojWagLdhJ5BkednM2WK86bWh7HFHq6hzookT7EP55m:12000000000000000000:OKDOT:OKMYTH
1279PRnAB716pMSJ5sm4cNZDGufUFia8Fkb1yYLX9hsEMeZX:12000000000000000000:OKDOT:OKMYTH
13HbCjLDG71zHabTwz71pL6bPRJzJtkDPSuMwHakLzMh9pDi:12000000000000000000:OKDOT:OKMYTH
12jPsfW6BiJVfUWWWExKUNawCP2GCrke4ZpbJHY5G7VG57Zq:12000000000000000000:OKDOT:OKMYTH
13HwkgLY8cQWduzEYk4V4KnyoKieAaPWnQq4S8T7mr9efam9:12000000000000000000:OKDOT:OKMYTH
16HMTgTRfvDA222J3aLYg3XvqHvjwxf2NpLpQkBtheFmif1d:12000000000000000000:OKDOT:OKMYTH
12hyQ2At3wLtjWviEdW1ZCurFrjh94KV3TGp2qrm6A9oZzSB:12000000000000000000:OKDOT:OKMYTH
15ewVimr7LKhmWdCNDeLdYoZWoNTstHdSGs9nZKTJS2qqq3h:12000000000000000000:OKDOT:OKMYTH
1xVV7aHGv1rV1ByU5ePJunsvhwM8qvvATepJN76pZn1mDkZ:12000000000000000000:OKDOT:OKMYTH
157zikKDPWVvBhXKfAyVeoZDev8wG1Vwm4EtBN6tZ65WbCtS:12000000000000000000:OKDOT:OKMYTH
13houuZ2qocpT4nVAdQBPJwRXbBw36sbJavDL6oAL35on3hG:12000000000000000000:OKDOT:OKMYTH
13wGSWJvGNpFxnHuWGm2wcj54XAGCAdM6Bf3H5fPLH4u9cZy:12000000000000000000:OKDOT:OKMYTH
16FQJhdqm8NdArD2pMjgCUHPZCCCQuZVpV3QMmTWi9Zxv7EX:12000000000000000000:OKDOT:OKMYTH
15EHRaSavugT3UYpjtAsGmQFKyvPzNtPKhMydTJFEXLyaRrw:12000000000000000000:OKDOT:OKMYTH
1N9Dyj3s6QLK5L4PbZ6hSk4wFRPUATv7t6LT8zE7rruZ3Lz:12000000000000000000:OKDOT:OKMYTH
131CQsST9YJbhvk1GNuTE9PdTdLRmGA9722HYM2DPMt7dKTa:12000000000000000000:OKDOT:OKMYTH
12zqDSdxmABdcK19UDUzVmhpgHVGcDJMLPip98b2TcTAFc1R:12000000000000000000:OKDOT:OKMYTH
13JzfeuVURaRxGjSMpsmW2KXVkqdhfaLMYRWJptj7iszwQsU:12000000000000000000:OKDOT:OKMYTH
1FJtZu2T92zBhjJsxJFSt5RYxs5TJtiwDjhARAYVqVBG56R:12000000000000000000:OKDOT:OKMYTH
14xKapojtfrR5THon3y3zHEHNRkhJnCX5kNnat5e4NsLL4pf:12000000000000000000:OKDOT:OKMYTH
1z4qNG6kVKzWNtksvqTvMAJ1i1jTPPZnWussfn9GTG6Yev4:12000000000000000000:OKDOT:OKMYTH
12LYRjuEgQc3fRJDzpUkfZ5DJ1wF4bNdD7dtPZKL8wfHiYdd:12000000000000000000:OKDOT:OKMYTH
1pn7mMwyj3mXvmYvEoeEuWLwGxFy5J9nRe8pmXvCUmMq4Ji:12000000000000000000:OKDOT:OKMYTH
15ZhbDueCsfxagDCouEDD1B1qajuWGyHrHyrm19pTniTFEjV:12000000000000000000:OKDOT:OKMYTH
128QAHN4hGNjLBogABH7nvoWLrH82GbRD2BoXK6Mu2Uixx3k:12000000000000000000:OKDOT:OKMYTH
15XkQSjVX6ZzoCmCUwAWjQ5nCpFUoPSg8QvTG9HktUPfUefR:12000000000000000000:OKDOT:OKMYTH
1SKeYeg1K3Am6UT3VQVAN4WK6mABZQ4BdhsZ1PaJ8hzqxUw:12000000000000000000:OKDOT:OKMYTH
15urWfnfiXy5QfohfTHAmniHUUzrR68ZgtQqhRhmfbyR9dP:12000000000000000000:OKDOT:OKMYTH
12s4m5AX8L1b53Qe6oYaRnQ7ujXKnQ4DyKCcYo7F8VJxHWqp:12000000000000000000:OKDOT:OKMYTH
168SNNy8nfKcXJekPXnB2D61BtVEaHoptnGMphRLKaqmatcF:12000000000000000000:OKDOT:OKMYTH
15GAek3BNT9KArLzZBxyFsZgg3HG2Geuz6vRwTruHxwqgoD9:12000000000000000000:OKDOT:OKMYTH
12mNtZTbPvUwjc6CJEGCrgcVbAXdhKiAn8syH6zhxt4KpWjo:12000000000000000000:OKDOT:OKMYTH
1x8zmAwbJ9MyK8kJUGhtQd86rVvGFQcrcqrQJTXYVwDrgff:12000000000000000000:OKDOT:OKMYTH
13mL36fpTDvW4A7vG3pbxgSeVriBtrRnjZ9Eoc2LikZbL4Ux:12000000000000000000:OKDOT:OKMYTH
165CdGbsiesNNGWzdzPysQ75VvnFqVbEo7TJKcCN6U3WKxY2:12000000000000000000:OKDOT:OKMYTH
13vMTdDVZV3HzriGchFS1Vrmx7D5LEzfTqWmSzPztMycyXbS:12000000000000000000:OKDOT:OKMYTH
14TXABe6uqDptkHczntD2VuX2nRLNKF7yKiv9Jy1gg96J7Co:12000000000000000000:OKDOT:OKMYTH
1pDmKcAKjuuZq9jjY8btm4fVZWaXyVqi9CynAaso3YXgiNs:12000000000000000000:OKDOT:OKMYTH
16PNDkfeD3X6XJbHhBXsjcvUeNEgkKp18hoUhGwBipHSa1tK:12000000000000000000:OKDOT:OKMYTH
15YjDQXHabg62BGgvCRiTjejNJEn2NheJE4Fc8Ev6BsQJBP4:12000000000000000000:OKDOT:OKMYTH
15EuggyAxppdpSLdB8Bt63kDpHsCKm9asVe9kQcNk4Upb4Wr:12000000000000000000:OKDOT:OKMYTH
12TEMipKY1Kray4eaK84zcDwLuCCb4QSN4KcEs12XQ8hyHnQ:12000000000000000000:OKDOT:OKMYTH
13SGEF7HpSnP14fo4bn1UFA7nxjzaxCqtbo6GkH7Z83B1joK:12000000000000000000:OKDOT:OKMYTH
141GzZCfZb3kik2QCvxJBaTD5sSrZXYHxwcKyGw4RLKbUvA5:12000000000000000000:OKDOT:OKMYTH
12AGpdGT8ngjZQEPAAdLt39enfH3W8bPWvvNug7ZrN5uxmJa:12000000000000000000:OKDOT:OKMYTH
15DxCxCNfreP7U3vs1E4w33zjDXf6y6YX7P6trRWBe3QkyFo:12000000000000000000:OKDOT:OKMYTH
132CHeMNV45xmgYdt1TNyeWWc7xYzc6Q1pjJY1bjSgnnUumi:12000000000000000000:OKDOT:OKMYTH
133XpoD5KNGcYWKD7W6QDtoKGcBSKjwM5Yc9vkH8X4n4AR9j:12000000000000000000:OKDOT:OKMYTH
1bMBsc1m3Q4YtVMVWZM3xdvNxFG7AgVJohE6Rwh5io9Bhyc:12000000000000000000:OKDOT:OKMYTH
14X3tX7SzGDpty6dwW33GGxsSFBVkWgCbfwnutPLvizGVMCb:12000000000000000000:OKDOT:OKMYTH
121RrK4r96Y2BazJf9mzMboLhbZbeEKWGTiT75AXjsTEp3m6:12000000000000000000:OKDOT:OKMYTH
1cket9iSRsp8YUp6TcJhWHSEAmG7F9ncT6p2dC3EuxUbQqn:12000000000000000000:OKDOT:OKMYTH
18jAYDNRxfXU8BRUTP72XJGNsLbS1bh7EsfteGeUYVxcpko:12000000000000000000:OKDOT:OKMYTH
15o2Xn9P4kE2nhzriKGgqXPbSLXyawgFSAWqSrz4hckvQKf3:12000000000000000000:OKDOT:OKMYTH
14yxNTstfDZdXBMyyLEJgkt4QneupWtNLExTjd732Aoocnx6:12000000000000000000:OKDOT:OKMYTH
16dzoWq7Nc5YBP1ibBPkHxueUE81NyipCcpJUN8rUi5pw8de:12000000000000000000:OKDOT:OKMYTH
178rfPiunhaxTL6TCLbMiaQYBUs2GDvbmEYxvPT1uzWfcyM:12000000000000000000:OKDOT:OKMYTH
1v1iqfA1iPEtaHNkCsX27z97Sh48jcnnoNqLKKPYXqqy5Vr:12000000000000000000:OKDOT:OKMYTH
15xZzWCN8qjsqo3LNLXr1YGsnwc2vQ4QWx2Tgpws9kzY1jVk:12000000000000000000:OKDOT:OKMYTH
1z7HL9vSdCiiWAuZJ1hUPpZ2mJr1m9poUX3CBezxqcsnJ8z:12000000000000000000:OKDOT:OKMYTH
1C1jPyTfF4sZpEzd1g1fGpWhgqazD8JEoX8DJnxPdXnH3us:12000000000000000000:OKDOT:OKMYTH
1xXUuX3jKgiDF9HXE7UhxVHUR43N3TcbgSJjTAKaPc9nWom:12000000000000000000:OKDOT:OKMYTH
12puJvubPWpiLrEb1hWeWwhoRjXKuSvPAcJznYzMC5ZeEydD:12000000000000000000:OKDOT:OKMYTH
15HEiCVgixYDR7UZUcB3xbuGxqJnAsMdTstpqY54PFfGDKG:12000000000000000000:OKDOT:OKMYTH
15yZzxuxSPWZ9cfYVpy2JdPTjwtzyr323gTuNaXSXa5pJSou:12000000000000000000:OKDOT:OKMYTH
12AmtSqVG6q2pGzonA7HN5fLWxABkLgM56thHdauzonZBubv:12000000000000000000:OKDOT:OKMYTH
1ufXTbwUMxELYjYpeTREdPrAk3ymWfsVyf2kS817TomdykS:12000000000000000000:OKDOT:OKMYTH
1mrU1pMYAGd9ip1mq8o4gLuN9JrVvxcokJFnV7YUJPDgN1U:12000000000000000000:OKDOT:OKMYTH
16cBy9i197aXco88zP9paxTrf9XYKcPHtCGwXSBGtRWXV22s:12000000000000000000:OKDOT:OKMYTH
15Lsabvf1RJUnMkDgQrYuarxGY24bsDMrJsdxTm1cpUqULY4:12000000000000000000:OKDOT:OKMYTH
17orq8pgrJYZb9n2Nq3TkvwWAsdnGkV2Yo6s6qCdKGuTYuV:12000000000000000000:OKDOT:OKMYTH
13pkgWoP1qdXFcRBVV4TizhiKRGxJYKHwaCTzaPpGvAQkwA6:12000000000000000000:OKDOT:OKMYTH
12djpE91JyF9dmuxBSshSVBtUGDVopj49veURMzmEZ7aQM7:12000000000000000000:OKDOT:OKMYTH
16RQmqtowojg6y9mtGVPrj7XqGUHrNRPN5si5LmnmDmeXwhB:12000000000000000000:OKDOT:OKMYTH
162ytXJiBj57bXoLqhUf3UiPVyEuo8zopMqAEpBC1BfJc4Ko:12000000000000000000:OKDOT:OKMYTH
136PEMUvQKbzKP68MiA3Bf6ibr3jVNYG1K16KWBReVZKvxq9:12000000000000000000:OKDOT:OKMYTH
165xRWy6Qv28YnhTdZpxhxFg8tjj4JFP8PwZuQL4HbrARWhU:12000000000000000000:OKDOT:OKMYTH
13xJq83g9jCWgyHTGac7hdb4CdvwdziG7yCVnGP3B8DtUkUV:12000000000000000000:OKDOT:OKMYTH
12W4fiHxN7UFC3LMbNXTEStLWfGCB9cT8XKEZd3Dc4Cf8efm:12000000000000000000:OKDOT:OKMYTH
1P8vteH8HLpZXNMg4mpk2gyAyciNZNNWXQjDoFdn3o7YHWQ:12000000000000000000:OKDOT:OKMYTH
1VunM7Yz2xsGW8eHvuKkiqDDnK6spVZ1a3EFL9YazYAQK9k:12000000000000000000:OKDOT:OKMYTH
14v333tnGtFnhtPA2ZjAtU63MCWK2pVJ4jxfYZsfagaMKGuy:12000000000000000000:OKDOT:OKMYTH
14gaWJp3ZtE6VD45vdRM43Vj2yTUyvQfkPEqWnNPv5BBhZEC:12000000000000000000:OKDOT:OKMYTH
13TDSzyq7Ke6x65BUQ2pta27ezWAfjNuWuRdJAipgSZsNkJr:12000000000000000000:OKDOT:OKMYTH
1sFLGFx3xpDnrexBkvpm6VN4kaYBWCutmr1yVN144N99E9A:12000000000000000000:OKDOT:OKMYTH
1scA7QhSr69BLBoxM3JvNUcX9FJJBritC76bA5GDjRxopzB:12000000000000000000:OKDOT:OKMYTH
15KQiKVVWfLxAotQbDP2wWHNtTKVKidaz7qzudpR1UMgvN4M:12000000000000000000:OKDOT:OKMYTH
13Q3nz5rxjeyr9rkoCRCQtgMDTbPZNC2nWfLhhM8cLaRzH9e:12000000000000000000:OKDOT:OKMYTH
163UE182mkbLyGq8mFELdTFPyjEeHDAJgU3WVRukVcPv7z3Y:12000000000000000000:OKDOT:OKMYTH
16Z23vD9V1p7WdJNvkrjRBBJvPM8XcdowfAn1MHin38yR7G7:12000000000000000000:OKDOT:OKMYTH
14iRVpWm6fUf2LZYA1nBCPq797BY5xkkTNcSBjGADeCrekZA:12000000000000000000:OKDOT:OKMYTH
16APoQYK1RJxjU9tSzYXoXJxDjqSFph7JpZeBUCGorZTbvR4:12000000000000000000:OKDOT:OKMYTH
14ARXsditRNtwsuNXZWNXJ5nrmBXZAuyKLhCNsjHAfvfk6pb:12000000000000000000:OKDOT:OKMYTH
13Qaq3an8G4Jc3JgjU6Y8Sj1J7mUgT3s5wDQhh9Uvdi271hq:12000000000000000000:OKDOT:OKMYTH
13PFLtvea19zJ3Wd26w4eWpUraNb7BjTKnq5qwCMggrAQqgk:12000000000000000000:OKDOT:OKMYTH
14SWTgWGNsUxxxbU9SGyetkRuMmVDbrq1HPvZZzdbDZKttQi:12000000000000000000:OKDOT:OKMYTH
14rEeLMA7LntAQVvwD61eTVPULsEhML4aUYFgNyEkYWcayZ9:12000000000000000000:OKDOT:OKMYTH
15PhN53dgKhM1A3oQr7748oXVYaRDo79tHYJoruEm5fNismy:12000000000000000000:OKDOT:OKMYTH
12KmAYSF4VjdV84kZKmDvtJmTSS43DKKwp7PL9YnCdtEEWJz:12000000000000000000:OKDOT:OKMYTH
155uS6bE4mWh35mvNoBaoBnT36ACk1TvgKanUcRkn57pvFNi:12000000000000000000:OKDOT:OKMYTH
12EuhNqDCvReCnvuP1GTu2rsG2zzNUpNREMuPnKncu4kH4w1:12000000000000000000:OKDOT:OKMYTH
16113rtaQ3aGs9m1qbXYf5vQ3UiJRhEHhgbY6CfwpoF815GM:12000000000000000000:OKDOT:OKMYTH
14mg66vsViKqmim4fafunTRxLFbxQ978cv5W18NbL5BjJjKD:12000000000000000000:OKDOT:OKMYTH
13UVJyLnbVp8c4FQeiGWeCw58LEjXLkZ8BKqX9TqUj1PkGvA:12000000000000000000:OKDOT:OKMYTH
13gDiYEZSPmaKf6qBthxtodxb4C66pLPNQer4PMadubDttxJ:12000000000000000000:OKDOT:OKMYTH
12BGUBZpBGDabXBhvaadxQXjoJuyiGhJESwuo4B8N2Q41oYL:12000000000000000000:OKDOT:OKMYTH
13qJZj6CwsgzMqE4FNGdmMcdoXxr8kdMVoLKg3zgp1yQL6b4:12000000000000000000:OKDOT:OKMYTH
155wpdyKjeAZGNrEzQjUpMrxFwf3r75uwRswGbDr8hMQmcve:12000000000000000000:OKDOT:OKMYTH
14TfKY6RbwACWSUxDwbf4Y8Tch4AHC7iZ84tabBeiJ7jjZMR:12000000000000000000:OKDOT:OKMYTH
16KPWm7evr654qUNbWoPWTfMyKMiYrx12Gh1r4TpJPjoQtu:12000000000000000000:OKDOT:OKMYTH
12YdkdssTkJT67TDCuRcqX5WNVMGSf7jK6gEJPg2Jwttvmdy:12000000000000000000:OKDOT:OKMYTH
1qRB76z6WHzppVf3BLqSj4kAYHDLaAV54VMs2V21D2kjqdT:12000000000000000000:OKDOT:OKMYTH
1abWupmDkpZGUoSJXXoWof7ZvLUNq1bD1XbTZzrFCzLkZkN:12000000000000000000:OKDOT:OKMYTH
14aKzGPTSFTz7zie6gvWAgqHnS5t1ZULVVvdZRmyZXNadawS:12000000000000000000:OKDOT:OKMYTH
1667FH1fax3pemo4DV8LKVVoxhvxxJxKDhyTLjdRmTMoDMhw:12000000000000000000:OKDOT:OKMYTH
13bTJFtv26JVeiTVU2D1EpP1VSRSdwya3Gm9BkwoHuVvmXaq:12000000000000000000:OKDOT:OKMYTH
16jw77bbh6jB3XDDAvJTnfWzSmt13WsdYApW82B3W9xtGM8o:12000000000000000000:OKDOT:OKMYTH
159GuuqvaxWnUR8RKfdcvBS3Yr9vqUhV3nCRebtXdWTsnW7j:12000000000000000000:OKDOT:OKMYTH
13fQWje7XqyJnEbQw8NWuitSyDj2RgjNFafqEsiiZ7SUmM4d:12000000000000000000:OKDOT:OKMYTH
146Rn9UUpT2vNugeTdVXHRWjv1P3QYqkqcY4hqWDxZefTpnH:12000000000000000000:OKDOT:OKMYTH
12sfpRsocF5YmqvSTdBaEneqbNt9bFb2doV44ZqewL6dXriz:12000000000000000000:OKDOT:OKMYTH
15ynnFfEz15pkoGpdVemygm3sbqWvKwFg5xYYryBwxM2Dcsq:12000000000000000000:OKDOT:OKMYTH
15SPc8camtZsJ7Si8813487j3RzAciL675LyP4PKSikCwJBb:12000000000000000000:OKDOT:OKMYTH
13UQJMyB1Ca128Msa2XZeB261cBcGFChwZ5d7MyXVh7sVcMp:12000000000000000000:OKDOT:OKMYTH
13oqS835LGUtCn5TbPkQgXgRp6gUegBhTSwErYc6Z2EAHuky:12000000000000000000:OKDOT:OKMYTH
16M7WBojQJH4TxG7gKerZBnz6PLQVdS8WjMTowPxwSB8BQ8z:12000000000000000000:OKDOT:OKMYTH
13rG8VdhYaoVXPeJiub7hSM9EhV49hhvWr93cbLtsULZPZQj:12000000000000000000:OKDOT:OKMYTH
13MxT7662rYjjECaVvaJDhbKCgpvWPVqh1mgB9io9xLQeXmp:12000000000000000000:OKDOT:OKMYTH
15L5jhPJ1bZ65X8izurbfj742pyF2VpwaAPj6TygwwMRKuH9:12000000000000000000:OKDOT:OKMYTH
12EG9Khfua8UKymkWNCNzTisFX9Y6MPbbgrh92AAuhZzZfD2:12000000000000000000:OKDOT:OKMYTH
1N9yA8K3c6xQ8Cctbs8JiDduEq1Qw8jPHwwJGWkmNK6QkHH:12000000000000000000:OKDOT:OKMYTH
12DXyiwTiiqFPQoJXbnBqTsqExN3hNjHGuKj4gRF1nNfdZyi:12000000000000000000:OKDOT:OKMYTH
15CJLYrJwBb2VrA6S45nHiokLM9pWxDfMJGuVaRVaoEWzUMF:12000000000000000000:OKDOT:OKMYTH
15L1DdT8cVo3euhryMpK13KpKSULP46tT2R8UTKMhQUqERKd:12000000000000000000:OKDOT:OKMYTH
13EH5tJrYp8BNHpktP6aDwZdLgYnZ5xzmavVfhjVudWdspZU:12000000000000000000:OKDOT:OKMYTH
133YZMFo7CnnhWkFVPfa5pQqs1MjVqMFDk1iyQHysYAoERDE:12000000000000000000:OKDOT:OKMYTH
16GBoQuXQy2KBHEZxTtw5HQ3reANpdMjRxvo7C7fqzTab98f:12000000000000000000:OKDOT:OKMYTH
13Ev3qQAL5ngwNTKjgM6kfYgQnsJQSv3i9EZSkCR8faFrQPD:12000000000000000000:OKDOT:OKMYTH
12GDWxbw3D7rTPqiEgPG2kEkGjWfN2xfVDgY75TFHf9oVviG:12000000000000000000:OKDOT:OKMYTH
15u7zG62zmwSMGJ8mfQbRdGEVTMpqW89UuJkWUGZ9GR7K1CK:12000000000000000000:OKDOT:OKMYTH
16TCFoGf3mRL2BsQBjjWWQ4wohZ7hLjXzaRX1wk3jK1AyDva:12000000000000000000:OKDOT:OKMYTH
14UevsmgXwThWY14XiyTtcznsE6jifWJLXmkYDsTQVatZ6PW:12000000000000000000:OKDOT:OKMYTH
12sQpLwiMpzhYTQG9AS4etCTZprq6MfECLMpiDeGojqAjvv8:12000000000000000000:OKDOT:OKMYTH
14ZeHGHAsWtF6xwKkNoD8YZfdRdrGaZUyiqVttrEBtsvgodN:12000000000000000000:OKDOT:OKMYTH
12sM593NbBgypwmQ4STHtZGW3VNf2tbxRMtoemxDvRwKapEY:12000000000000000000:OKDOT:OKMYTH
156N8twxFr8qRDJzenAuGKGittVcfDiWvgX4tbdrrbZHidN1:12000000000000000000:OKDOT:OKMYTH
12vBPriBbYUQgbzdtrSJwvwQaEjkLNMCGiebKGa8y9agSc5o:12000000000000000000:OKDOT:OKMYTH
16fCfkLBHeb4zHNh12bEVg251goML4ENfFUqntjk8UUc7WDX:12000000000000000000:OKDOT:OKMYTH
14RDXtx9khDuZyrp3XRsR9Hmj41zxNodtT4VfiVtEaz5RzFy:12000000000000000000:OKDOT:OKMYTH
15cWUrysYiFzSx1bLeiYZYwbYDDSSTi3K8jUpxLsBUn4eMG7:12000000000000000000:OKDOT:OKMYTH
1497MWfwtgL5Ly2gGrD7yDXmusHwr9NVNqDWJMgXKCgYUm6p:12000000000000000000:OKDOT:OKMYTH
14U8VYV3a5LR18JEn268NrdchS9KLRvV9k3BXF7vwhmc92Kg:12000000000000000000:OKDOT:OKMYTH
15dyECwdv4LAwRsUGQr9SNtuze1C5VMeqYqYjejmi9ktoat8:12000000000000000000:OKDOT:OKMYTH
14sx4oMBrMHKDDrXdULMtMd8J7EHYZAKnPTzRig2AEpNdve4:12000000000000000000:OKDOT:OKMYTH
16AQzMM7tTeCU7JEMwDx2FyZ85DnwqLfbuwXRHgkU9CqK3d4:12000000000000000000:OKDOT:OKMYTH
16ARThRRHhbJGHFxCqmZdctcd3BH7vG7ZsDDwBnHWGg9ooX2:12000000000000000000:OKDOT:OKMYTH
16PJJq8pi7ZE8uT4sLdjJUeYNbGe5PJodiA9t4A9Hi8RWAKc:12000000000000000000:OKDOT:OKMYTH
12HJkFXBhzKd6yTGhtMLquE4ZxcHBMS9kT9YQAxfH5osg4Zy:12000000000000000000:OKDOT:OKMYTH
1vnL3ccXXHHPGfd7ryxQYYn8ZngvRZmZMh55GYNRmRJKqwu:12000000000000000000:OKDOT:OKMYTH
15daPxVUEMAFi2wwS7NGQZ83nh3Mrm2nRCDhn29vbg6S4Xa7:12000000000000000000:OKDOT:OKMYTH
13fRuTWXu3kcnQAbo837YaqJ34bZtAjJSNvimC4S96EgzMzL:12000000000000000000:OKDOT:OKMYTH
16ADjb5H8bRwKDUfvJXGAmvinb5QmUARirdCJuE5DJjAmnaU:12000000000000000000:OKDOT:OKMYTH
1zN1qsWYpid9eXMwtn3r3uNWvvBxA3myJxjJLcUc6TEn4JA:12000000000000000000:OKDOT:OKMYTH
14okRuvz2khpmitRCiFzcjqvJRVzPJReKHiLJ5K2Nq4QVUiu:12000000000000000000:OKDOT:OKMYTH
15B9HsT8ac1pdegSa6ZRKyWLgcqwgtGYThSeBWqnicvEU69t:12000000000000000000:OKDOT:OKMYTH
1Q8WPaX7yfvJpCksXs9Vf3U9kYbEvMm3TPW5E5QTJNbhJ4H:12000000000000000000:OKDOT:OKMYTH
1PdiR1vuY1wujeNTLUfiao5dFg43VEDLkYRWvaYJREgXgeb:12000000000000000000:OKDOT:OKMYTH
1JNxMSMY1D8WnXjsBXcLgJiTqrRzBezHjSLe2qjqRfFj2Sk:12000000000000000000:OKDOT:OKMYTH
15GM6MFx2iMNqkVaTHPa42PbBWPj7GCrmqzSe8c9gQfSj1Qp:12000000000000000000:OKDOT:OKMYTH
14rrCRy2UMenrTP2jeEAt3yzykq9WTpqdVHFLLXoRnqtfVL1:12000000000000000000:OKDOT:OKMYTH
14srCqMeXxiQTE2mZosgKK7ErnGRGZaxApPUsdAJNp6gK3KH:12000000000000000000:OKDOT:OKMYTH
158TFjGo9dUosbjWWo6bbAg14mJeSgFckXTg65bAM4ieBPnT:12000000000000000000:OKDOT:OKMYTH
13A2Pyy6TwTecVkqeA22FRtwD375s5SR7akrpCH4S5znoqZr:12000000000000000000:OKDOT:OKMYTH
16JiyGX8WtATjbJiHq9xjNT2nw9wdvZHfR4ZvG5wsw1hvNih:12000000000000000000:OKDOT:OKMYTH
13ayXzMJX1Q9t3m6usEATm8d2DJDRSTGthtrXX1etF85rfFa:12000000000000000000:OKDOT:OKMYTH
13ZzAQHiFLL4DERmzXSPTW6XQbSZBG9qR9AV4uN5hospHKdP:12000000000000000000:OKDOT:OKMYTH
15YEAnqiwksGFeC2mdmQagoTMLVNXUPoXsoY7xXn2aNZZNst:12000000000000000000:OKDOT:OKMYTH
14vhomsxnodymGrbk9HAYT8t9gZwNP6YR82HztHJkz34KWQU:12000000000000000000:OKDOT:OKMYTH
1CGZh7iZzPhirxJBG2T2UsbTjZmEpFKwZQN8z6gQedVDPK6:12000000000000000000:OKDOT:OKMYTH
1dKbYwv2fEhBsnJ7RbqGiiafsaYfAGxZNn4Umg7wHV7pdjA:12000000000000000000:OKDOT:OKMYTH
12TiSnfrWDXPhcmhfiiisc8KyFavNEvtZHgZ38ugfseYGwE4:12000000000000000000:OKDOT:OKMYTH
1vbwJoFwhdAdUbfhJ8m9j4G6tCU1z7vBnq7kPWKtuJzgJis:12000000000000000000:OKDOT:OKMYTH
16Meh7HJvaKRJ8B24aUvkG7kFeYZMirxkyi5Uh6FA6sdPDxp:12000000000000000000:OKDOT:OKMYTH
14iQEHWDqpBt791qcMVQogrV8Eh4CqqBw1fHTxFzBdfK7hnE:12000000000000000000:OKDOT:OKMYTH
13TMoxugc2RBsYkfhYDtHzuwFSD5V5ZHx2cKWeFEdaVjggqe:12000000000000000000:OKDOT:OKMYTH
14N3dN8CfcN2NMnoenzr8bCLATc1RBQKfoHMPXR5KUrMAaLp:12000000000000000000:OKDOT:OKMYTH
16NwfmC5CAj9tbiBeBBaJTBsSHKgwo1RqGfE9Aemff6pD3H2:12000000000000000000:OKDOT:OKMYTH
123TupwTYXKZ7BoUzqASWsEbxYturEsmZ5n7DnP5WWC81SPS:12000000000000000000:OKDOT:OKMYTH
16RqFQyYLyyzLhRmAVnMtJFrbdAfRpYoZVEEd4y8Fpz5ecee:12000000000000000000:OKDOT:OKMYTH
16RBiiH4YyQVi2DRdAYVR5mABGENSi76JeJGV26gfGiNJRqW:12000000000000000000:OKDOT:OKMYTH
12YYfWcXY7nwEGvYWbffK7DWLXVCTNNqBDy9ER3hvjSUHtJf:12000000000000000000:OKDOT:OKMYTH
1P6vWt6Kq5AUC2Aewn9iCnHHCqPdtWfqyW1ApJQGZCfxMPN:12000000000000000000:OKDOT:OKMYTH
14bkbM1qJnp1jMSBDGZPT8YVd8vBzUkRHLTpY4RyKvgefN19:12000000000000000000:OKDOT:OKMYTH
16mY2p6EECAcHWwoM4auqtpSzLeiZauWdfgySgi9qt7pPX3L:12000000000000000000:OKDOT:OKMYTH
1gdETCChUh3gSy3rA3E2TVo1q3yAbyDNovZPRoUSo2LEHHF:12000000000000000000:OKDOT:OKMYTH
1t6ugwECXRQLcn8Z2A7i8xYS6msXAerWxoPx4VM4pmXbAvV:12000000000000000000:OKDOT:OKMYTH
159JY1KtbvR6U8FZ9HZh8X2z3ZYz4ucCDf5ahqPe5N2w795G:12000000000000000000:OKDOT:OKMYTH
1mcPrWGUYuCqEYRs7fkxRsu7JBv3e6LcM433rJYCETaqVub:12000000000000000000:OKDOT:OKMYTH
12oUV4B6LH1CyR8tdCDuynxKowvb6V1Ecm8v6yZTDqRhdxzN:12000000000000000000:OKDOT:OKMYTH
14tDfq59q8w3PcoBrgjGQ33ofCWC3QCAnhk1S2arGfWG2Fpb:12000000000000000000:OKDOT:OKMYTH
13ysc98MqtjH4eBrpQwf5YMmT4BR5qbC8TCxNQkWzccwoFVn:12000000000000000000:OKDOT:OKMYTH
1Kfm77q9gCUigidbi1vLWcoNhUQEN6SCd1zi9SuiywZfEfR:12000000000000000000:OKDOT:OKMYTH
15BYGmnjVUDMaAVGvoUFCKLHKNA4qB5XYRT58UGzfhR5Ncts:12000000000000000000:OKDOT:OKMYTH
1zY9t8XnTifbju1vej5z5uqLiFRJqrkJs744yVgoWCNQtxV:12000000000000000000:OKDOT:OKMYTH
157gADUwXcCGGu3HixRHuQ15bQ5EivjrJ6A7pcp6aBttL3xF:12000000000000000000:OKDOT:OKMYTH
13TujA26tafop9eprgExJWE3oTcshi1fzXyxTMheW4rfjN9r:12000000000000000000:OKDOT:OKMYTH
1CALbK4eZKhoGayqCWkMMwDos9yjLX3uae5KnEUzu5tKq3P:12000000000000000000:OKDOT:OKMYTH
165mUeoMruQhHqXC4Fah4gqqX1MyvMt2AhjZqvu2ZaRgSBH7:12000000000000000000:OKDOT:OKMYTH
14otqH4Y8iJzkEYLA5oHTfi8rvsKde899xYBHq2J1kMHxzjZ:12000000000000000000:OKDOT:OKMYTH
13Lrh6n47iarkuoAHQMEBkB8wgaNtDqvHXUWfnBhuCCrNeH:12000000000000000000:OKDOT:OKMYTH
143DL9D2QfjaT8gmJk5h6JVE1EmJXEy3Xufjoywcj7oce9j6:12000000000000000000:OKDOT:OKMYTH
1TC49ojQsVADZydkPJkYXc8KcqafMw8D8GPMNc1uvJiHJ1L:12000000000000000000:OKDOT:OKMYTH
1Nu1EJS6WXbFUwKrNhqFK2wivvBAj7Ckq9hgNsXLsUQmCQY:12000000000000000000:OKDOT:OKMYTH
12xcK32o1BthtgQf8L2bhVkpYHiHit5YVXKwLFtWYurBVYr9:12000000000000000000:OKDOT:OKMYTH
13mUdaD1vHxA4CFJYxEtw9ySsbSSnVS9iS3EC2enhshZuqRu:12000000000000000000:OKDOT:OKMYTH
13NCLd3foNpsv1huPDzvvfyKh37NEEkGFotZnP52CTR98YFJ:236000000000000000000:OKDOT:OKMYTH
