1588rgxKKhmVUDrfMHJFrW1yYcABdpQMYYComcemNfn6XVnK:12000000000000000000:OKDOT:OKMYTH
14B8fW2CQwCBqwNvPbTLcrH9gnwisMmj8VEMtCBP4v3L3fnt:12000000000000000000:OKDOT:OKMYTH
1CVt4EVKExD8bnd73vD7k58pFe3fzTowjgTDUBjFrP9rJzZ:12000000000000000000:OKDOT:OKMYTH
12H5JfXnMiN1PYKoFsPfSaZSqT7SQxvYM4gcbSj75uL9S1hC:12000000000000000000:OKDOT:OKMYTH
13LKGpRnC5MVgURp31ComPZ742iobs8WRRzxRVVob8wY3EEu:12000000000000000000:OKDOT:OKMYTH
1qyztXXPTtHfhQCAeWQ2hTv1tcAtHv5nQQwqAXvDDTiGYu4:12000000000000000000:OKDOT:OKMYTH
1oN842Ytf2MRmMn1jxs3idS3StsQ5KrgwtHp4zWvfBGav5H:12000000000000000000:OKDOT:OKMYTH
16d8ch8N7KzkFXyUr8V4KCj9zFKMWt9mcS4PGqkuQ2hpuhWZ:12000000000000000000:OKDOT:OKMYTH
1ygwXmbgWVerGYsBGRFV1tmoqENc5utA7eXgaEpeXX4NLCj:12000000000000000000:OKDOT:OKMYTH
14iVb1isUarQDTYC39emYST5SmxN1yDPwLnDj6jEtvK8hQP4:12000000000000000000:OKDOT:OKMYTH
15WwxvR5EN4rwLT97ivuLTiJsjfk7L3T3FkimAvhtdwcmxmw:12000000000000000000:OKDOT:OKMYTH
1c9xLH5LPZzpN8mHTUy7ChzRJygUjuaddwyTrsUTgTWLQUu:12000000000000000000:OKDOT:OKMYTH
14df9PjbLx8x8fi6TT42E4Wqs7RRyyiwptjPVp8UMJzwDYoy:12000000000000000000:OKDOT:OKMYTH
12LD2STpL8WzDVz7eJunMFaYMNxKmoqycbG5eEj5kZBqVKxX:12000000000000000000:OKDOT:OKMYTH
16a4VSwBMjdKKWh27xZ6wpSA7KFFgsVXXYqtpca5CgrueLxg:12000000000000000000:OKDOT:OKMYTH
13cidPjp3gtUh156s8gkH6skfGcWcAG5CBJ2CFYbXi4G7tc5:12000000000000000000:OKDOT:OKMYTH
16mYFuT6qq5nFQEuJe4DTapoFMxCd5bLTFiJZMkYVqDFhE5P:12000000000000000000:OKDOT:OKMYTH
16nFveFvZitAnXVSfWnerngLZTMUaFJCy99WSu78mbM9cWyM:12000000000000000000:OKDOT:OKMYTH
13FYAtyeE75FQkHHcp6bGfVLi7DBKyyjtzpetEhzpQhsg2oQ:12000000000000000000:OKDOT:OKMYTH
14uDJZghUHJF8R5zYt5bMNMsp8qUxtK8JApk9nq8TQzdUuBY:12000000000000000000:OKDOT:OKMYTH
16QXK5jVgU2ZChspWkNU3jCvLMbdCRUukoF7QdNqPtkRc56P:12000000000000000000:OKDOT:OKMYTH
15nt4XahWpFdvatF4rw2zUxEHNiVj33SpMehVafsZxvZh4e8:12000000000000000000:OKDOT:OKMYTH
165ZQqhpGZ2EtujEsipZknHKaFnKHdrpov9cAFz6XV5DkiDE:12000000000000000000:OKDOT:OKMYTH
1DzQE5fuuZrJQeosmrN45MKW7shNAw8yBizPLRW1TsrzbBk:12000000000000000000:OKDOT:OKMYTH
14BZWVGqvTVmSmcGPrkvip26DCmd4oY3oBquybSCiomgZdiQ:12000000000000000000:OKDOT:OKMYTH
1emRrpmtupVZSfdfuZNRx5zbtevVhShz3TcdvCB3AyhRagZ:12000000000000000000:OKDOT:OKMYTH
14xwwww3SaB1Y3wrdM6T533w5SJy66X5GquHsyiYGYufNwgk:12000000000000000000:OKDOT:OKMYTH
13WM7cuFgmuEmzCB3QpQzZX3teFtHSakKWNWLpDWo6i8SvYK:12000000000000000000:OKDOT:OKMYTH
1MaT97DMsxnZ7ryxjHg8PVZfG1oeZvHhuqT8XS9rPAru8ep:12000000000000000000:OKDOT:OKMYTH
12RUK9HkoVAA3YWoF5xeLaeeDfbhWKZVetPCwS6mKVvLV5dt:12000000000000000000:OKDOT:OKMYTH
12NjLhL9srD8kGCH3WmgEu3LhouefiKdGx7imH9mNMxJ4byh:12000000000000000000:OKDOT:OKMYTH
12q3FdrswXe6tEqhAAypmVLy9JLRZQ9NisRRHHqEAdFWhk6P:12000000000000000000:OKDOT:OKMYTH
1YWjeYN692StjRANnwTe47aEAUvXULfbNBdCLkzGeKu6P8v:12000000000000000000:OKDOT:OKMYTH
157u9MRAT3cHbTsKhLMcyAYp3o8uaso3k1UT7SDp1gdXV4q9:12000000000000000000:OKDOT:OKMYTH
13ztTrCWFNRxvrsPJRYsZbxzFKbh6yLhUaEc8D54XEHgGAA2:12000000000000000000:OKDOT:OKMYTH
12s6rfXEsDKMhJxUf3AC4A4cykJPrHFayNHGNGZRzfowU1PH:12000000000000000000:OKDOT:OKMYTH
14sBSistqWsgXkseRELiGnpXmNNNWVW5Ak4zo5DempanARog:12000000000000000000:OKDOT:OKMYTH
14QZH6X9CwEHx9G55vLx1f5T5jKBSYrRMnsaJjSTvHKeRibC:12000000000000000000:OKDOT:OKMYTH
1RoMiLgCDvTCVq68ZFoJhNxhUB17UzBRKymM9SHFuZ5dVAc:12000000000000000000:OKDOT:OKMYTH
15iRWcYzvphHrH3hi79t2bN9QBdQqf5uC74L6tt7eFcib5Bm:12000000000000000000:OKDOT:OKMYTH
1xwAT6r2Ny3v2ANp7wEnDkD3hupRp6RDoZJWCHGW5woNZHY:12000000000000000000:OKDOT:OKMYTH
14fxqzZW8BMr2GEW6pP4ZyX75DNUcETa8TKz2dWZZXdoTKdh:12000000000000000000:OKDOT:OKMYTH
1nwPsU4m3Ff1zG42phDVyNEK9HEbaAN2U5fj6Xihjen7FXL:12000000000000000000:OKDOT:OKMYTH
14XixTWg6nY73abDk9WCZtz9PRacoWeWWWxXGsYJxaG4ZTQG:12000000000000000000:OKDOT:OKMYTH
133ni2RTZEx6rjMP5b7qUhroGi5VjYjpTtqvykDWAX9pPEpJ:12000000000000000000:OKDOT:OKMYTH
13zvkoyUeQmkmSMi5cb1W55JyWGLR21kgrh7A7G1ABVCzWJA:12000000000000000000:OKDOT:OKMYTH
14zvYuw2QoZ8mh32tEy7SyrYFYSxHvMsFxRtAEYB9Zh143mB:12000000000000000000:OKDOT:OKMYTH
121drYDXuT7d4tQLKKGhH4Q59vucpaYH2eKECg2zaBPB9rx2:12000000000000000000:OKDOT:OKMYTH
13rtmvBW1qJQg8bWVVURuoEL5ztMe58shWo89xGhwj41LKHP:12000000000000000000:OKDOT:OKMYTH
15iMhSX8UoJW42j3HMs1Fz39x56xdNSD7wo8MnedP8QSfW98:12000000000000000000:OKDOT:OKMYTH
16Y4bxyCdneFxNtNk5wkTpmHbYXGAS7vDtzUg4pX5GtNExmV:12000000000000000000:OKDOT:OKMYTH
13VGvUxiyGj6W4pm9YmHcZyDbfeYKLSkruZXJXaaTneKnHFj:12000000000000000000:OKDOT:OKMYTH
1125EtPTH23ApGjiQtdEbCoNMiMGLU5bde59JTJoBNBo22V4:12000000000000000000:OKDOT:OKMYTH
15zy4X2HN9XDPKGHjrEBNnarRkAk6PfZqeXrxLngoMFPwvF:12000000000000000000:OKDOT:OKMYTH
15uWXorbkDDZTsh6Y81WnegDdShXJB1ff1H2RGkTKDQ2AwBR:12000000000000000000:OKDOT:OKMYTH
1W4adU9BeFYQXu3wKUXUF8XfMyhAnVd5bqrbRtPQj7c4sgT:12000000000000000000:OKDOT:OKMYTH
13rKRvHQNfiPcvghpZ1CrfpFryrHAvpfZz2VvMK3ygiuYjVn:12000000000000000000:OKDOT:OKMYTH
16ajgbFT7C9pKPbAZwo1AEqP5R3XX4BePB2VZ9DUpZXJmPSV:12000000000000000000:OKDOT:OKMYTH
121kAdHVfw25fXNa96vBAdkyoZ9eg8j7rjy4Gn7NMUdUcQz2:12000000000000000000:OKDOT:OKMYTH
16PCgkVsemp1kbjrnsVkyCP7MeTXFfNQdDRHXT17LQq8jkdX:12000000000000000000:OKDOT:OKMYTH
14SccBaoAYNfJdtFtpRcXLEMwdVbNbtuSdJ1KLouGVVJjun2:12000000000000000000:OKDOT:OKMYTH
1BmLJGe1QQkj6fTfGmERoM8aEZACcG4PEt7qHNLtS5QtT61:12000000000000000000:OKDOT:OKMYTH
15dDG5iY4Fn4giSSjP9b3rZHxzFAXiBzkd4mEV85CHiY8761:12000000000000000000:OKDOT:OKMYTH
15hfMTpis79SiZvoiUVrXxodPfyYqaU9cfJ37F3QjjH88xL1:12000000000000000000:OKDOT:OKMYTH
168zi8DWPeeWxvEkoLJsXRD21V8MGsKd8UJiRPrzNUJaxoCL:12000000000000000000:OKDOT:OKMYTH
14GqaEtzLG3dVQAfW6vgyWGrm57Fo1HDA9d1B4WQ2fjJTzKS:12000000000000000000:OKDOT:OKMYTH
13myfC6cU8g19ypmvy3iSkS6M5yLqk3k2Dsa3wGBkoBBakUk:12000000000000000000:OKDOT:OKMYTH
14Qwhd7nejYiVauJxspW8vtLk8JjeMHSCU5LuJT8GXhvnX4c:12000000000000000000:OKDOT:OKMYTH
13hgUFmBKvtak1RopmQnSAxGae4ak4YPqeqRKtCa79oDGDoT:12000000000000000000:OKDOT:OKMYTH
15mu7caTCqa71cuouadtY2mT4pHA3ufLxVNYftrjs5R5CUxU:12000000000000000000:OKDOT:OKMYTH
12DyVuzraak6ZT72dqpin4jVmxiJtyrB7UKTd5tiK2XLZqDS:12000000000000000000:OKDOT:OKMYTH
14ii21RW7LZa2GFfTFLkEbgGSToXjjtRu34XU6QejZpgUTdZ:12000000000000000000:OKDOT:OKMYTH
1TLp7LwSEFvtksbJK7cDsm2pbNJ9kn9FPbz65ePikryA1Uk:12000000000000000000:OKDOT:OKMYTH
13APCLTo23LJBrLpfhPQAH1WN1QMQyoUptnWGJNzoDZrxSZc:12000000000000000000:OKDOT:OKMYTH
16DwVviqWbjAAqa8yW4nsuyeu9bH9y7fz8UD1KA2Bw175X8g:12000000000000000000:OKDOT:OKMYTH
123kPe1Zpd7dGaacGFoUyaKasJGznsqdiNTFSZ3iuXB5G8AU:12000000000000000000:OKDOT:OKMYTH
1B8w93GbCkEkh5h1FWDACLGnUUvJeStKS1VqKpWRFy2FKio:12000000000000000000:OKDOT:OKMYTH
12hkzp4gR5gMpKxYZRc1z4qmA3BxdnBMXhkrEQNeom4e8ojG:12000000000000000000:OKDOT:OKMYTH
18BerdnLv9yB12BGxA4zBL9PGqUtGboBdM3g5utmLFxoLzh:12000000000000000000:OKDOT:OKMYTH
16GGomtmf6VDWJYnVzmyWkQnddXovbmFYw8VBKP4KJWkC5t2:12000000000000000000:OKDOT:OKMYTH
16Ubm8hb9pBzSDPj7g7uQNrwDzRZCzc8ycsGG2NriaWqN3Wb:12000000000000000000:OKDOT:OKMYTH
16YMP2Ane9xbzERZx7Y5tWzK7sv6sSGkeBVHRtPsSCKsGCSv:12000000000000000000:OKDOT:OKMYTH
12NauhjrKf5EyqtKXFyajQR6gr4ZKafa7aF54yUpriEFYSmS:12000000000000000000:OKDOT:OKMYTH
16NA44srsz7WoaTJMA3Rm4qHojP4uXaS59TMc76hFhNAqw5F:12000000000000000000:OKDOT:OKMYTH
13yc2Gg1w2pn4CuKWNDARtRSxrpsfHXSnAA6XiBT3YZG1Qnn:12000000000000000000:OKDOT:OKMYTH
14xDW3bQJhvaA6k43rGUFBEU5AXvpowp5zFn8Rhj6HemhQ7n:12000000000000000000:OKDOT:OKMYTH
14PSKkGVpptXrP2tTG89TcsWD3hwHiFHHgbhxPfZfcVg9gS5:12000000000000000000:OKDOT:OKMYTH
14C8aPizEh7G6FwtE7taKnaCtbeM3KuWes8fRPYmfFg86YQw:12000000000000000000:OKDOT:OKMYTH
12JLkGeZZeU9c2cnNdpwSJQkAV8DJfSgk68t7HDdKiBtQ6Wi:12000000000000000000:OKDOT:OKMYTH
15pwgpj1MwQE6R1tFfbYUk7Xxz1rfSm2d1KNTQ1ykaQAMxGB:12000000000000000000:OKDOT:OKMYTH
13voP4yq4HyMKtEiZ3qSqrmN2tcVKHxbBgG8Q8dNRKTgpTn2:12000000000000000000:OKDOT:OKMYTH
16TPLAzAa91kBc2hfQr5dC1nejKxz6ZAYuejMZuuwd8c1xh8:12000000000000000000:OKDOT:OKMYTH
13XRSK5oxmvDHZBouPoBKCGJpPUj21zxvHf4GuqgZYQcSQaM:12000000000000000000:OKDOT:OKMYTH
1dRwv8NUF9eZ7YDspNdL4dkV5KXjQbpHQy2W8yThjhSLAZY:12000000000000000000:OKDOT:OKMYTH
1216NKFvZsyXX6UbRRvDzWrJgBarZKD9XKEyHeiLL6GmAbVZ:12000000000000000000:OKDOT:OKMYTH
19pVHe6hxqcgFmSdq32rZSPD1hd5uwpBuCCGREMs2R24P82:12000000000000000000:OKDOT:OKMYTH
15WP1eYGcMT92SsxGSEwfRcDTVGh2haEXYacpYWmy8JCy9a7:12000000000000000000:OKDOT:OKMYTH
13ZdtpEW6VXBnJ89hHVA34EFqDWq7Ey6QtWoTst2z2SVPHKY:12000000000000000000:OKDOT:OKMYTH
13v92prZiGigWvMtjY7DvhCH2wZegcxVdgL5KJedByatWCML:12000000000000000000:OKDOT:OKMYTH
1DbJKXmtpDTNQcpGXrDjkGRY5ViTCzqZxoGv4BhrXmDxE6C:12000000000000000000:OKDOT:OKMYTH
1toih9HrihjnQ6PpPJ9xq7nmzJge7Xoiy4NbfATqk4SYuYu:12000000000000000000:OKDOT:OKMYTH
12sRQdodHYzxrFPBxCC4yRxxshtqQo17MD6XUZMi5cpSc4B8:12000000000000000000:OKDOT:OKMYTH
141Dibj8tSUE6dbEfvApwXbiGANYH1ygQGn1eRSxHK6jtS6U:12000000000000000000:OKDOT:OKMYTH
12QMUYtNZENzcDCCBWJjXvN4LYa5de3HLuxDRA8p6jkFmRLK:12000000000000000000:OKDOT:OKMYTH
1kR45ePdwdAbjHUPTnnBfVUsAfxBLrvThiWsjc6BXzduKrZ:12000000000000000000:OKDOT:OKMYTH
168opSdsy8fSfncEem3xm2HXkyctCqUVUNFCMKCZbgfr4xSw:12000000000000000000:OKDOT:OKMYTH
15PE6UwMXjdcer2AvjkMBePqZsyNfoy6AAysc6sWi7rxDtcy:12000000000000000000:OKDOT:OKMYTH
1r4sZG4wDuxzDmTEY7nVwF4prCmdd1RPz7oVc6u6eaT81So:12000000000000000000:OKDOT:OKMYTH
1VqqwSohMDFYiaWsFquAhRRuUrcpuqYjg357rtBFwC4ABpH:12000000000000000000:OKDOT:OKMYTH
12Sc5iLWKCQLXjeX8Ce2LCkeuVkzHDrMygW3eFx6qmN1csT2:12000000000000000000:OKDOT:OKMYTH
15qf57ki7NT1yjnRc1Unum2QtZt3sgQJ8cnJBc2JnNksoUNd:12000000000000000000:OKDOT:OKMYTH
1JJA3RWEqVY1FMpHHaLiikC5UgenqRhcnq62amVAnoKTenY:12000000000000000000:OKDOT:OKMYTH
1NBJYmJaq8RbZhaUggV9ikq7KsstzqowHatGH5bWSh4YaHg:12000000000000000000:OKDOT:OKMYTH
16U6AQ4RRWcK58LrYbRum1iseiZiUyjZhoMgTbMTpUahxqJS:12000000000000000000:OKDOT:OKMYTH
15gybZR3cpDXYNKeHfP2EutEzwYCkXd8pxCmgyHPs35fWdHW:12000000000000000000:OKDOT:OKMYTH
13cYEnGnn9JcXvx69pvTWDnUxvJc2Ag9t7MJ2fqW8Q3bK8u6:12000000000000000000:OKDOT:OKMYTH
14uXZM55RARrPT48uRK5Mehd1nxwRGTXLcaSWCU3H2otGqge:12000000000000000000:OKDOT:OKMYTH
121B21HmwARbDXeANhNkqn6LDrCscfZC1x3EkwjBo3KqK1aC:12000000000000000000:OKDOT:OKMYTH
14a7MPQjxF7YCeUowjBkQ2sduwNb4Woz9joub4U6NNbJJDRB:12000000000000000000:OKDOT:OKMYTH
14NM13uqPZ9gwRn38PrghQPnbrKQkPrd6wYcwmYFGetDKKH6:12000000000000000000:OKDOT:OKMYTH
1362pv5XCK2bhguomQPTWbr45DR5mF9CYPKsqCaRvvLAe66o:12000000000000000000:OKDOT:OKMYTH
1svLgrMsP2m4a96XUwrmdg3mhnkaAxTZyrNxmiz8v83Kkz8:12000000000000000000:OKDOT:OKMYTH
1zNtxNu3z2U58Z5TPNuoVrzGYhHjT8y5Sn6daq9mGxCh8Pk:12000000000000000000:OKDOT:OKMYTH
15xtA1WexckLSaPo7KFzdmW4LHcdYvY9ns9GKTyhnLpELkBD:12000000000000000000:OKDOT:OKMYTH
1558Atg37A3wXpAefHCSWU8kRGGTLvEGbn66YZBrmbzVARyq:12000000000000000000:OKDOT:OKMYTH
16HEreLuEroeM11kwwTQ48pHYnTF5yPtJ8BVNZ9w3xiUn4PH:12000000000000000000:OKDOT:OKMYTH
1583KXy8DcdWMWtETYDeB7tM4wbn1fziY6i61Zzotox5rMYj:12000000000000000000:OKDOT:OKMYTH
14uHMtdMYE6GxiSorPXD6Np3vH3t761m5rDyZ4arsgbVz6or:12000000000000000000:OKDOT:OKMYTH
1Ht1wJcEZcgAyJwoXEt2NNJdwKruwPwELNwGvzdXetKPyDE:12000000000000000000:OKDOT:OKMYTH
1Qu7M27k3cKVSZ8EdbgWomrq9RRNWc4GN6kx8ijZYztnc9r:12000000000000000000:OKDOT:OKMYTH
13yKbbarmdrwR1ukAiMyBvrYynBAmsUM2Nk8gSsP7NsxdNaD:12000000000000000000:OKDOT:OKMYTH
16QSATsTMJFS4KHo5ms2nFSSXcuz59AgobASNbBtBvm4j534:12000000000000000000:OKDOT:OKMYTH
13NN4oBvWP9U5JPa1wKPbBrFHh8qYaoYhNbQJfLmeZ7Hpa1j:12000000000000000000:OKDOT:OKMYTH
1XDbo4WydX7PhqroRMV4NuiRoY5CBFMcsDB7zBMMCpxfsDq:12000000000000000000:OKDOT:OKMYTH
15AuXKL7AdWacGMzVSXNsBbrucGqf9qApsyy3GsjryqSWNA5:12000000000000000000:OKDOT:OKMYTH
15dm6jdrtVjYxYJ6Mque6qrfFUQ7JiuiXMSM5pg53Rao6yX9:12000000000000000000:OKDOT:OKMYTH
1Yi8kCHzw3Qk7xaUcfm3MT7Z8d9bxmBTraeK2X87pgAq2pJ:12000000000000000000:OKDOT:OKMYTH
14bZapBoQfCKaFBwZNyC99Y6u6Sycjpy5r8TJicBgTEu8wy6:12000000000000000000:OKDOT:OKMYTH
13ECRgiK4NHAPFva2R57nWFNz8y9w4mX1s45dxcC7DvhkKBd:12000000000000000000:OKDOT:OKMYTH
15g6DbgrR46UvUjd8fpJQ8gWjajJ6AAkFoi5bGZtU1SQRg6x:12000000000000000000:OKDOT:OKMYTH
15QaBfHTYvFCLxRJodCJtBy9CoXhPc8hs3r91BjsD9gfY6zP:12000000000000000000:OKDOT:OKMYTH
16Mvn8ZzZVdbdvUkuLTb8VWxxP4MvWNn5mFmGqtKfxNEnEZH:12000000000000000000:OKDOT:OKMYTH
12bR5gaeakqBdP3Qq25BJmnR9bTUdhvq1tCnENHjbWZL7bTD:12000000000000000000:OKDOT:OKMYTH
15gmgBM5Gb5KZydJW5Qe71HmZ5q45fFuZy8KuYA6uwKKTfU8:12000000000000000000:OKDOT:OKMYTH
15B852cUVM9uY8gbaCJDrvsGG7yWgW6XkJYeXvSagTis2giJ:12000000000000000000:OKDOT:OKMYTH
1EVbj9kn7wbND1pSkVrAmjxC7eRXY2YZL78q1cExUwuNatV:12000000000000000000:OKDOT:OKMYTH
12og7fE3QthhYQWyjKMH6BCRBAhw3VTEAjQxhv3JAhs5Q2r2:12000000000000000000:OKDOT:OKMYTH
14gDjq4RuoTxk4HzNJAusbx61KX5zBs2TUaQ2tce4vrMZxek:12000000000000000000:OKDOT:OKMYTH
15nAeSNYr8J6Gfed6ysWnq39CfShzmSH1pmBuMPFLUgLfWmk:12000000000000000000:OKDOT:OKMYTH
1LTExtq6fn5JjxvMub365ALiYessbz8ZVeg4pdnTt5FfxzL:12000000000000000000:OKDOT:OKMYTH
15DedBKKZkYA9MpSEGoNZtDqo1F5NWcgixCeX65WGWyZZfoP:12000000000000000000:OKDOT:OKMYTH
15BeULZEZRdzYAwYi8uQPX12qCpsjsVyth5shaUFJxCbaq2U:12000000000000000000:OKDOT:OKMYTH
14W1QC7fvM82zUcLsRFeSDZNNMTaVS6MJZUDtCxnzubAXfg8:12000000000000000000:OKDOT:OKMYTH
127bsvqTb8QznyR5uvWxiJ4nJ1811yDkT2gGwg7ecq9QMfTd:12000000000000000000:OKDOT:OKMYTH
14YSBJExZfX4zVBSrqRYFjPkV6k1KeoHmmG8Zz5eHrB8Naim:12000000000000000000:OKDOT:OKMYTH
1ekX48trPgw6ML7VPxEUHtgmHgChHFoymXTwVs5hrVNAP1c:12000000000000000000:OKDOT:OKMYTH
1CNPDFeijDeRzkeknNMYPeufKxSwCpCQbePLite1xDfNnje:12000000000000000000:OKDOT:OKMYTH
12JzDD62zobdUNt9qnuL8F1gW4t4MNoLbKEvhE2kEDzoe9yP:12000000000000000000:OKDOT:OKMYTH
128h7uMpdhxcgUky4zibtycobiiqaFN11teVr83AjZ3pH8rd:12000000000000000000:OKDOT:OKMYTH
14CGDM7yJCy7DoMWCaruzLn76bytDfm42u6JcMN1xPSt13Sk:12000000000000000000:OKDOT:OKMYTH
1YfKiFaQyZ4hqk4ZBAxTRVtcDBA3oKrZFEjkVPViqRPrkyn:12000000000000000000:OKDOT:OKMYTH
12ziC3KgGcjtt5FpJrQLLRn2NzgF6MqjoZz6chExk3C61YmR:12000000000000000000:OKDOT:OKMYTH
12YN57LJnctu2vivET69rZbmMcovQsXJaejNoqUyFfwKkVfU:12000000000000000000:OKDOT:OKMYTH
12FSnb6WgWini9jVfkYi3cNmsWsTkk3LtiPsAwWqfQnwjebt:12000000000000000000:OKDOT:OKMYTH
13LXmohDtn8wqDjxxQYTVPBQDtNaen62EsHKrmMNE5Y75wbG:12000000000000000000:OKDOT:OKMYTH
142kw8Un5Rs1qZThuHC8QpdPgB5xtxtLxaXJQC2oy9PAYYk:12000000000000000000:OKDOT:OKMYTH
12fgAzgD1pbeaZf3ASewV7vK1S7t83EEDEc5jjQPv3iLCR52:12000000000000000000:OKDOT:OKMYTH
16ZXWMJeGfKRFECco7VmV1eP4MgjMAAKrdYEVADv6SEDRgtJ:12000000000000000000:OKDOT:OKMYTH
14ffoMJmmgpRU4JpNq16LkHDWC4fWtorQDvWiu4sSr4rLbf:12000000000000000000:OKDOT:OKMYTH
16WpiL7EeYYuWNSSDDAtKiKTrKMW43Bn5tShBkiBrpdnoH9j:12000000000000000000:OKDOT:OKMYTH
13Z8qEwdNM3Cmm5fc7h1jssdkmgarAC4vn7a6KgPbJDe4aEN:12000000000000000000:OKDOT:OKMYTH
1shAenU5JCC5NNxhsYueoxFiBarAm76xSr5LcvGvnd8izsa:12000000000000000000:OKDOT:OKMYTH
12JPhhhVmzvcTyLXbVnHCjrRkbFf8kUkmSz4dksyqNzWWtqG:12000000000000000000:OKDOT:OKMYTH
1Snc7bD3kcnLM3GRk5CyiQZyigXH58ejHvNNAmS5hMw24E4:12000000000000000000:OKDOT:OKMYTH
14mPpf3KNSUsomaVffFnLZSLe3FPkMnCZjGJhvRdYzGaywQ1:12000000000000000000:OKDOT:OKMYTH
14VQ1hEMmMsdZW4hcEM7LT9tEWTRTAAq7U6gmYeYQADvBPZw:12000000000000000000:OKDOT:OKMYTH
15bfN7nQ899iSR1nmjFkWh76jdHD246owuPsp2UZm7EFRn8f:12000000000000000000:OKDOT:OKMYTH
12esQc3L9moZLcSS8pXZoHa6TC2jwSakez6pyATSYnrMAnsy:12000000000000000000:OKDOT:OKMYTH
12TF5Hh2KjXLjS5jTBGa6dFDeJ6CQLfoX2oGUc1oQVmj1Wjr:12000000000000000000:OKDOT:OKMYTH
1sfhxj8igF3Wgo9XAbYYQH5ohq62vqs2JWz4mhyxe5nQddE:12000000000000000000:OKDOT:OKMYTH
13DXj3Zh7bFsuQJKSbgHgThdKmFP5z3toFcxLWcsusoQi65p:12000000000000000000:OKDOT:OKMYTH
13CSScNJyyhf2URiYmu1rQxDqqF8LYR4wbFn3mQhQPjdpr1c:12000000000000000000:OKDOT:OKMYTH
16PNsSYy6mAQ5cESAms2M2Lq23XCqKBobbDh6tDMiHZ2tDqk:12000000000000000000:OKDOT:OKMYTH
16Nq8JNLdYcAhqZ2tpwkpk6eWsjxH8B3sFMnRgSrXREczeHw:12000000000000000000:OKDOT:OKMYTH
12YLvUzYgCcAcLfai9v6MF5zhE3RJ6yyj2WzJQLm2kDReu7v:12000000000000000000:OKDOT:OKMYTH
13zBxZXQ771hNyy56cjffjSieDYSwzVuEoFYKdtRNedhdPMw:12000000000000000000:OKDOT:OKMYTH
1QuzEQa6xRp781id7J35rsXiFXwEuuSXpnQkQDyUd8kvuBr:12000000000000000000:OKDOT:OKMYTH
137MqKGAEht7hLAqUjuRaGF1Vsr5PGnTT6brGQjnvcGyf6uA:12000000000000000000:OKDOT:OKMYTH
13v5HbyW4uTzJv3hbQkHqMcxUhtoRUUUo6JZXN1Cv2KbV6pM:12000000000000000000:OKDOT:OKMYTH
15sVkcUnTLNxpuUsAHCfUod8HYXGrfTuoYneARJD5B1Ft1iu:12000000000000000000:OKDOT:OKMYTH
16Z2A4PKQw3CbebeUJSaUgU4ZYqNQAWCxG9qvwAf2YcfDs1e:12000000000000000000:OKDOT:OKMYTH
1Ys1ZY3ihAbKgAocDRyB5QKXgG7HgzwJHvS6FqiuWXjx8q9:12000000000000000000:OKDOT:OKMYTH
14zKgB8otEJNUvtqctCF5L5zFLGBS6Mp124drKFYfoWu52ZF:12000000000000000000:OKDOT:OKMYTH
15DFBbSbaG8tBNj6eCjHkE4c5cmy5dutybcFmynQhQ6NRiQ8:12000000000000000000:OKDOT:OKMYTH
1395kveuGxzsTwPemsMix7cBgdi4Ks667CeKPMF9AphLqAjj:12000000000000000000:OKDOT:OKMYTH
15pBdyKJ2JRm2dcpJZpEXncmdLi9UD7rbRJeBt22PRS9Fh7h:12000000000000000000:OKDOT:OKMYTH
1JtvrhNdYN1YNX8wHjtY11qBeLCyKPK6bYUjmDj4ZgRMs9J:12000000000000000000:OKDOT:OKMYTH
158googriWVc91SexAPQz6i3kqq31EnfYNRctnGyswiMzpNZ:12000000000000000000:OKDOT:OKMYTH
12zoMMeeoKofinvrqryY35cWtbQrwmLd2VK7ugFkNxAtRpXn:12000000000000000000:OKDOT:OKMYTH
14k35PhQj7VUdqTycxUePL7iMm9qWb48kwaAiPW79J4YiD4b:12000000000000000000:OKDOT:OKMYTH
16HRsouU2bgs35ybnhRW3Y8f52omiwJ7VyW3nA24B6e19DT7:12000000000000000000:OKDOT:OKMYTH
16AfSabdJaTxdAaak4AhK4CpyfrZQtmhbWjchbaYA48g7bZR:12000000000000000000:OKDOT:OKMYTH
12SoLhdNpXpi4sPdTPMZYJVUzdVQ8DadEpRBhZwQAVg24jnQ:12000000000000000000:OKDOT:OKMYTH
1T6HTgE4iScZWoM3B4n4Vj2EJ4x1yykHqmH77UX8aFSf7ty:12000000000000000000:OKDOT:OKMYTH
164xx4RLMJDR13bhipWA3NHJFT3MqK45qjsXo8DYqbiZNAAC:12000000000000000000:OKDOT:OKMYTH
12ghzFnSvSqQDqWRH6DZeSWtkGTtu6RiYRGk14wViUzsYM3R:12000000000000000000:OKDOT:OKMYTH
14qwcjoBWSSN4VXvVwMxwLtZRUWprmwEYAPeUfb8xzYNDTHo:12000000000000000000:OKDOT:OKMYTH
15ma1Ra9bHBWuHjAEgo5ZEf847Ev2Fv2dUoswDdXaRjACq2t:12000000000000000000:OKDOT:OKMYTH
16VfWegdVKxCQixiD3LAJSzRa3sVLjErUbEUFSiahdFDd6Wv:12000000000000000000:OKDOT:OKMYTH
14E33QutjmRCgQ3odBKgwQsAQRtW1pWKAM1MoUg3gJP7DfSu:12000000000000000000:OKDOT:OKMYTH
12rr38BhZRJPEuypHpYTBZASCYWdfZEdMoZgmQ4oag361v54:12000000000000000000:OKDOT:OKMYTH
131ykvdc6HqAMbLJxyYmagLEvhjfrJ1YMaxL5khZt7u9veSU:12000000000000000000:OKDOT:OKMYTH
13KMqBFqgEf4QJhwwhFsE1Nyh65ArHT4dSrf39kq9i8ZsSgZ:12000000000000000000:OKDOT:OKMYTH
132poSFuvpzdT6M29RjcyXSui34uuBzk7tae5uayRqtNKn7R:12000000000000000000:OKDOT:OKMYTH
1xxtBVsq9SJb4JqDfjrpazkT2YUgGveT3VKcbWkP4pKT7Sc:12000000000000000000:OKDOT:OKMYTH
1wxuhVEzxLxUqA2ii2fKWisD2VAX6s6J7hTRvGn7pTN9szB:12000000000000000000:OKDOT:OKMYTH
16CmeQcUGwqV6yRdBAuMh48nZhER9RgrgzfhTcySYbyq9XVN:12000000000000000000:OKDOT:OKMYTH
149Q9CPJxsX714Jhg3DibWPRtmRD3aXUHx3qD4AmXrXTTy6B:12000000000000000000:OKDOT:OKMYTH
1PY93eeGh16F4ewRARwczX6J1WxLdMRa1TFtyLAp7A7GcKB:12000000000000000000:OKDOT:OKMYTH
13Vpue6LVKF9GrYaPuALw3FC89AQVPkmNFKReV6pWcqJvvRS:12000000000000000000:OKDOT:OKMYTH
147b5zzesFgvSzBaGvV8cz9NhdDXeUHysiENHjwcvhrfmxc5:12000000000000000000:OKDOT:OKMYTH
12pJf5ofe556hZUCASMo4VVVD253EqnMNsXT2tLJ67eLrtmL:12000000000000000000:OKDOT:OKMYTH
13ZFn53HW3vmX78UaCbnaxUTmwyQFHH6edLHxjsPT4QEkA25:12000000000000000000:OKDOT:OKMYTH
16cicT7RFg7oL3tCg1JULvQEfaoWDbMkeuRJP5hVm8Q5mWbT:12000000000000000000:OKDOT:OKMYTH
12vjjWsa9PxwF2r4mYvVfQTnzxxi1Yvu9eNumh9aGsPHpBsk:12000000000000000000:OKDOT:OKMYTH
14QF7QHAWMry5VkTsqWZSjo4FotiWtR2ZqjFjAQnTTEVHe2C:12000000000000000000:OKDOT:OKMYTH
13R9fF9Gkqo5UJumo23cqoXN3ZceDFJfcQZNm7Hk2zB1m8bk:12000000000000000000:OKDOT:OKMYTH
13N2bHGDPVmSUW379oJ7CYkPgBxSo7eAXcctSTAzs1nWy7H8:12000000000000000000:OKDOT:OKMYTH
15VfRttqJWFvHPU93By3rfmAKuQxaHKAYVwrhkj55r7DVDks:12000000000000000000:OKDOT:OKMYTH
12KAnfwyk3sAYXZaUdatuodfvGPu98wdbUKBxdtyjyHbySip:12000000000000000000:OKDOT:OKMYTH
1Z73jeVfctgdkjVqvWZiK3XiG88KZpbWY5AK1kYt5QFLKwr:12000000000000000000:OKDOT:OKMYTH
12NN6GiN5AjJRX8rDsUK2JxKE7Ytf4mHoJBbZC7mFMDu99mj:12000000000000000000:OKDOT:OKMYTH
14pszar1xvmZyXCgv25rboozUHnpzxmoZBepYqpJujwzr1zE:12000000000000000000:OKDOT:OKMYTH
14NXuomDnK1XPPwe7i7oSbFE2H694UbxjGLGYpqcoF7rWAo7:12000000000000000000:OKDOT:OKMYTH
12sbAszrU71dMc3ryJwpWBiwd8FFGV56BqQNavfP7t3YuKEj:12000000000000000000:OKDOT:OKMYTH
13nTePnVPFfR6ESsKe1pCjNXrMH612xmqC2TLqqvcHyzXqvq:12000000000000000000:OKDOT:OKMYTH
13NNhdUBZBDiLQbrXuykpLwh1H2b8Y6TVwL2NfrwLcvT68si:12000000000000000000:OKDOT:OKMYTH
16XaQriSbNxzQ5V213y6t2oTkK6g6u8JH3AsN5mTjV9ypFi3:12000000000000000000:OKDOT:OKMYTH
15CHfNQSJ9267APgNmUTBkze97eS9d7ypdjhxr2S2hYtF2nj:12000000000000000000:OKDOT:OKMYTH
14NPU6Mm8BRT7KBn6JKVbPu9iDmHFZwU5u6g1MidDLPWxA4n:12000000000000000000:OKDOT:OKMYTH
14b7HsQvSN6kntNqvX4S6LEVYmXzimt9YHFu4HdsQiSPf9fz:12000000000000000000:OKDOT:OKMYTH
16TT143ASLQh2siNH8vhUCvQ6viu5mhumNCmyR51DttnndwR:12000000000000000000:OKDOT:OKMYTH
13bkDUbMRf5BjwGCeihr2UAQuuxLRNdVPYcam1KKXLCPT9uL:12000000000000000000:OKDOT:OKMYTH
15yps5gGr5xE2FTFfHATikZjGqPMYrUfEoBssfiyLS3Q3HjW:12000000000000000000:OKDOT:OKMYTH
14uUqoDqnjSXcsxMv3GenPbZUSe5Wcnkit2Rdh1oyWHAKn5R:12000000000000000000:OKDOT:OKMYTH
16NGdqJWxc9LJj4BxCwBvGhWVUVG8uND8EpuR5NvC59TYs9C:12000000000000000000:OKDOT:OKMYTH
16mhLbjs9j78CyseBR6LndgZTTjnY5bTgiLdAiLGqjvvH8o5:12000000000000000000:OKDOT:OKMYTH
12Diybsn9aDsC3hcuVHByjoHnKi4mbNrFfUTfkHXQjt3B2VB:12000000000000000000:OKDOT:OKMYTH
14BNM7NqwvoYXjCPPqVffFN6EiBDyNyTnA2pEKBkWLse2pN1:12000000000000000000:OKDOT:OKMYTH
16egAn8aUZFABxHj2NQeFdg7kKSyFTpBkDTf9Bzy2NWjMiKg:12000000000000000000:OKDOT:OKMYTH
16EWnxjCwoKhXXzFfcEmdVRitkfVnfw7DfuaMecJiYDBpfss:12000000000000000000:OKDOT:OKMYTH
14iHBihNr7c7EL8MZiWWpciQatDHka6XGQ44X8S7wAVWNMjh:12000000000000000000:OKDOT:OKMYTH
15qVEQ1bVStuvYH73ohWNrJwtdsRWd999mXM6wjp223ndLzF:12000000000000000000:OKDOT:OKMYTH
15denbrvjx7NpK7cz4Eg9qnvDtgEcqURLZqHQbToagc1tirR:12000000000000000000:OKDOT:OKMYTH
12p2YUEBJ6b22PXRRq3wpCFrRigaKDpbyoabgTqmCCUJ8dSt:12000000000000000000:OKDOT:OKMYTH
12xv6km8asjk2h8NbYEyY81ZoJNJeh6HtR1pb6Dkd5LvdVmp:12000000000000000000:OKDOT:OKMYTH
155tduC7ssNpX3JZeN986WLGXAQkN6riBMqGihEpiExu9GEV:12000000000000000000:OKDOT:OKMYTH
12HBjebzbH6KseqEiTT2SXbcjKG75eecDu7oMMn7uxNhx5EW:12000000000000000000:OKDOT:OKMYTH
12qBemHEZR3MK8P25Hzdt2K1BtqJZxBNbmnLB87uMPxFA9Ep:12000000000000000000:OKDOT:OKMYTH
1D4XDMbRSrSyY88Km7HJrb5XzhqeHe95DuJ7XqwHKRaPXq7:12000000000000000000:OKDOT:OKMYTH
13nLuAr3ce6Lqvx61RtZjhRgCR2TqGadU6axYEDs4osTKrqy:12000000000000000000:OKDOT:OKMYTH
133ni1VyG2MRRyJ53jR6cweQve2KpdeWkohYxatu1k1vE6qE:12000000000000000000:OKDOT:OKMYTH
15VUcWPaQTSUXdVTeydio44Zg6rUPFgva6imkhtGwJpGRhXM:12000000000000000000:OKDOT:OKMYTH
1Xf7YAcscJ5skzccvcsfg1vFReAGzYq79DbYozZHPwAdZAJ:12000000000000000000:OKDOT:OKMYTH
16ArLvbiG39gtpW7ShVZShwsBaHSMyLxzSmLRR5dBAvgoTmf:12000000000000000000:OKDOT:OKMYTH
129w1p4RpyvPSyAfKwSsNpKLZ9XosqR9wZ8xqTyEjisnx12L:12000000000000000000:OKDOT:OKMYTH
1x71MkHLmXXp1ig8d9n3z7e691AK3D6j5jjbi1jbG8nmHDD:12000000000000000000:OKDOT:OKMYTH
12ouyEYDX2A1thhKoLiRoKwvJSe28pVVuxp4vpJM6gJdvCQJ:12000000000000000000:OKDOT:OKMYTH
14pw84XKSMcxWgUAH6fTwoyyHpLVKBdDpDWjLQyRotWFEzPR:12000000000000000000:OKDOT:OKMYTH
14dG68F2cozt4ckATVR3kE4NVpBedx7kLTvUrLvFZYQjJsnS:12000000000000000000:OKDOT:OKMYTH
13NTkFLgSiBLbGUu2xHivTvBSBDhCkoEN8ByjdvqAmEbwATh:12000000000000000000:OKDOT:OKMYTH
1UMPTx1UqkardSocBtHP3EzEab8ESWkDN7zqrepe74ASL2X:12000000000000000000:OKDOT:OKMYTH
14jF1BQCwTxRDKHBaqsbVnYzEskL1FqmnAYr7KF6Ddthme1B:12000000000000000000:OKDOT:OKMYTH
12bbuJmBAxoBxjEJs4B8DCZY3fML37UFMBRWkqbY2E9Gir3T:12000000000000000000:OKDOT:OKMYTH
15GaCMcJHH53niT1JoEbMPebA5ytmhMoLCW7ENjiccuqDiVT:12000000000000000000:OKDOT:OKMYTH
12qCtKSGPLNW9KE3VseFAur91kApRR8R2X1zcsaHqHqhHDsF:12000000000000000000:OKDOT:OKMYTH
14NayVTT5MSNZJNo4C97hZhDV71BrujWtGzuutJbJRHFdYXM:12000000000000000000:OKDOT:OKMYTH
13R3DNLsR7Gwms9BM1njbRJBite2LVLMWSTyvxxwFACe2arW:12000000000000000000:OKDOT:OKMYTH
1q58EcfDHBDYtJSsRaQZp6f2RVZnsgei21BW6QeDNJVkAcx:12000000000000000000:OKDOT:OKMYTH
13bmJHhmksgFwF8Wk3oSmXTb4xEvoNWwQbkan4cQdk6wbmYs:12000000000000000000:OKDOT:OKMYTH
13cPk1siAppPpPkZz54AnDV9oPM8wfH3pB1VSzK9iv8SemmK:12000000000000000000:OKDOT:OKMYTH
12efqxaQ4YzWPvSm2cfBdNtPw6anKjyBfpPSomzZnWRHj7SZ:12000000000000000000:OKDOT:OKMYTH
15uBjA6bZwoe5bE1JVVwf1L5rLkNsL5jWe6RHQmCpgPRn3rq:12000000000000000000:OKDOT:OKMYTH
15QTgHfnVdRGbVpwPdUf2XwRAhXrSisMQDzPzugCHtTXH9zT:12000000000000000000:OKDOT:OKMYTH
162u1svprdHFn7zfDuD3ZWvDnGQ5gzjakQQ5QmaxMN6S6CL2:12000000000000000000:OKDOT:OKMYTH
12diFbGVn2ohTohn385b4XsALXZNFrBpdK6y2C2dw9nQKwZr:12000000000000000000:OKDOT:OKMYTH
16aa7qJuoGFrZ49XZLtTzUrTkcaALc7hBLDNB1CLGnk39oX:12000000000000000000:OKDOT:OKMYTH
15mCLRqSTUVFEjDj81rcN3KhVr8tv81aHphTMimVjeVxN4WE:12000000000000000000:OKDOT:OKMYTH
1L8oX1QD8Jh3MYXCoUxyrLPzMAkgBkYBZMmTwVe5LKgH2wd:12000000000000000000:OKDOT:OKMYTH
13ZSd69iqGWct9ahNLbbFQ76mwrDBa23qbRQVSMParCGqHFH:12000000000000000000:OKDOT:OKMYTH
16MayadKgtX87JXaNhw7XKFG772MzdGbd9b9UgLRwUX2hjz9:12000000000000000000:OKDOT:OKMYTH
13eJRpbz8v6oKGekodLfhAgXgBprjTvm6wcEVKHCq6gqZqwV:12000000000000000000:OKDOT:OKMYTH
15FL6sufdg2PAKrjTw3sn8BDFwniioYEAYXNC8TjyGboLMhm:12000000000000000000:OKDOT:OKMYTH
142pJLSHY4toTBBxTUuh3yp7wcESJXwSPiAHYVRMb4o6YvWA:12000000000000000000:OKDOT:OKMYTH
16RrPs1J6UktxsytQ1ndH3MWX1Dx597pyAWrnkisWEq3NDfX:12000000000000000000:OKDOT:OKMYTH
12QPRjDPPejag8dWDoUKLVeShDzHrZ3JHZRaRNgtGTdUxWf:12000000000000000000:OKDOT:OKMYTH
13wiS2rAvpFVSfq1QBjqxNQ94YUvjkDJcoaUPR18JCWN6eFx:12000000000000000000:OKDOT:OKMYTH
15XnMjShrSbQYjgs1R2TGLoEDBgswwctw5ZCkBW9mrFePVJT:12000000000000000000:OKDOT:OKMYTH
16goZxyLeCXZwav5meL3inqaXS69GvyW6zdw75a9D3E2Ds2D:12000000000000000000:OKDOT:OKMYTH
15CHU6hZz9TVXm4EuTqv4VGLtdu9iofc5MsM3C4kRkjrz8c2:12000000000000000000:OKDOT:OKMYTH
13mySNeADxDYCRsF4d7L8fZ9zE4zD6YL34ULbmCor7cb1KSc:12000000000000000000:OKDOT:OKMYTH
12cwqbkKrAP4LjJjfXM4aijXPcGqHkW9TR5oL9Z5tnbZdhuR:12000000000000000000:OKDOT:OKMYTH
12hYwhZr5CNkXAwS6KQrFfFgJsrnUj7KtDqKkgtpHjDpz1Mp:12000000000000000000:OKDOT:OKMYTH
129WGRkCfTEE78VeMF2TxdH6WLwkFt7j1nbZrFYWE5B2P5dE:12000000000000000000:OKDOT:OKMYTH
13YPx2A75MLAgxkrvGwfMzvnmFUQhQispq6PuyKVtAX85zET:12000000000000000000:OKDOT:OKMYTH
149DjbGzebQmCbDuME5Se16Dk7QxQcT4DrhBSwhTNG8SEbNy:12000000000000000000:OKDOT:OKMYTH
16bJHZ4mQA26bUgZm7daaDhF1Tu7uzBmhRzx8MzSHiEvx8tn:12000000000000000000:OKDOT:OKMYTH
15LpomjmegxcrVwT7zDPvScWtx6FVYoTLxEkSzqwr3po9TCc:12000000000000000000:OKDOT:OKMYTH
12dNTJvj16V9CtStxysgpVGHtqc1KTzPpvv93qihmUcEBeP8:12000000000000000000:OKDOT:OKMYTH
1sX8wVnGEr7fWFnYRuGfkeyeuz5sc2G6Zt4mEFKtW3zGFVF:12000000000000000000:OKDOT:OKMYTH
16S4uheXsr2uNrA8iR2pVdPuvBJ1uyvsY6A92a6Ar7ksMPQb:12000000000000000000:OKDOT:OKMYTH
15BkaFtiRQQdoYPDNvPxh6em7cLREGQpUQcKEVVmgmNtsSMb:12000000000000000000:OKDOT:OKMYTH
1Me7rCwACUREoTebqweYMRJHdifbsjez4zD1ujt8iiF9SZt:12000000000000000000:OKDOT:OKMYTH
136djDPsT35cokeknbiXVe65RznbSvArumPx4XCjmoLkmLnt:12000000000000000000:OKDOT:OKMYTH
1Hrzqah6xsHWVmFYC86m1eTxHAvhqNSNqHmXsqNAZD7GHJa:12000000000000000000:OKDOT:OKMYTH
12tMg22ddnjfwdNqA9qVGXENpF32EfT7i8KK5rBjgXnGqUJu:12000000000000000000:OKDOT:OKMYTH
13xGgDT26BWNHQBBWHccDWKQU5eALUg5eK3zNvi5KPK3gDmB:12000000000000000000:OKDOT:OKMYTH
14mLvJQt6fN6hVGdQMHPV2Em34R1LGWK6EMzb82ZsmgjRj4i:12000000000000000000:OKDOT:OKMYTH
15yXEadGgZrQVJs1PkX3tx8QnCAfVti6ynG4UeR2q7MxqRcb:12000000000000000000:OKDOT:OKMYTH
15NFfHD6uJ3w6MERTZjCqujzPs1tx56bUPL5QTG3LwpQMqpB:12000000000000000000:OKDOT:OKMYTH
13sDRWvhhfTWQrjgfQRWVFBtZMiG1SQvTAnfPJDvrxkqRan3:12000000000000000000:OKDOT:OKMYTH
16Tp8ihrWj6pkRZjqRpL5kBinp69wBRrdq55Ttd1zVBaPW3R:12000000000000000000:OKDOT:OKMYTH
14s2CxY4h2nYvCxd3NsvGH69MeiG94Kv3z74FDzx7jHV8xP9:12000000000000000000:OKDOT:OKMYTH
13NVAWVKYjfd8q4ogb7bfM6B2Ead4B9eRRKefJqaKgKqVCjS:12000000000000000000:OKDOT:OKMYTH
19ZYtpeUKfNMMGHSt9qrgopJEpQ5v3LyjRT6RzGYHjjVMMU:12000000000000000000:OKDOT:OKMYTH
1526k9JyxDTDznRTbvjKBhtvAS9S5zZa72E6AsnF8agUm5fU:12000000000000000000:OKDOT:OKMYTH
143PX3gAq7tAHiFoXeFtWiqZ5HSXYu82Pp5TAmotKUHxi56m:12000000000000000000:OKDOT:OKMYTH
12KT21GGwV37GX8pv53Pg5VrHuT5JTLz8a5J78iEUZpbrSat:12000000000000000000:OKDOT:OKMYTH
13pE42c2bUb1zYozw618e8yar8mr2MwfgeAYFuv2kReUUPaS:12000000000000000000:OKDOT:OKMYTH
157V4EHEABkUjf2BBPKdJAQG77RntMQowt78mMz43skGPJ7J:12000000000000000000:OKDOT:OKMYTH
15XmjrfLPFByu5urAp9Ub4msTQzjqcXceUB8atqmvcDLNJad:12000000000000000000:OKDOT:OKMYTH
15JnM47XkDWCCtSc71yQEmfbM2XJq6mA9BzurNnQE4R9yKty:12000000000000000000:OKDOT:OKMYTH
1w3TLPBknE3KUwKbfzfvMGhDRxFX6oW8hP13onWzTcr5WMw:12000000000000000000:OKDOT:OKMYTH
13GsNSJMvYfF1x8uSxiK6a7AxvZT4wA21CsEKrvvHsoWywW4:12000000000000000000:OKDOT:OKMYTH
154ZgvgACUhMYey8j3nVvexfWvdLCP4C2mWySdz6W86tQA92:12000000000000000000:OKDOT:OKMYTH
1t9SEJXQ7bRNPB1S2968i8zg2M4bRJuJhVAwJLz3wcCv4ge:12000000000000000000:OKDOT:OKMYTH
13wrGNkVZYssSTGkukT7AWLWutjQFJag3iMxa56vrmoVNxRz:12000000000000000000:OKDOT:OKMYTH
15zK1oYzgnjxeKvui1gyXuJ8c2MPzJNgeG8hWR4koQZktayd:12000000000000000000:OKDOT:OKMYTH
14pY4BFMvPZxfQxjMcgAF7dvQrfttGmHmxvTKCP4byr11AvP:12000000000000000000:OKDOT:OKMYTH
122LwtCHxzmtny3ed3T5tYL671KfRysVUKLi78Pg2UYmR3U1:12000000000000000000:OKDOT:OKMYTH
14zzyVZWXh1pRjQ4T39zqzFn9F1vSEsTeNwSejDeSrATGpZq:12000000000000000000:OKDOT:OKMYTH
16kSrAMo3CWHYQvjv5hMwKqX5fc3DkxymctvhBLWR3chZLDg:12000000000000000000:OKDOT:OKMYTH
14BRah9uYyLDWy3MY7UNU12MKCgRuf4uZcmwRgRFkkqfBQZ3:12000000000000000000:OKDOT:OKMYTH
132PAsFoN33ziodaAostiuMXmPuXj5erXYAs6JTvHU5unE1J:12000000000000000000:OKDOT:OKMYTH
14t4nw5HnwRhhCyJrs5Epmpq8WfGmhurb238efRsgHft6nmm:12000000000000000000:OKDOT:OKMYTH
16ctvhVg5on4nKwiShPsz1yDaUyYJxQGVifCqieKDwbsgyip:12000000000000000000:OKDOT:OKMYTH
141JkqrhK4MVR1XQQ6TZfBfwEuBRprq7P4TmPjK281vHVYNV:12000000000000000000:OKDOT:OKMYTH
15FtA2REXGHc5S8oeGB6UpQNxaKbenhPN8jCeXbXPd8b7f6d:12000000000000000000:OKDOT:OKMYTH
13PP56oMy2Vu8achtrJTSMKWBwCXoMcbMQqkPa2vN8bJubUE:12000000000000000000:OKDOT:OKMYTH
15h3RXq7p8jy7yMpnXgJipXEhPuEtW6zufK7MyADkRnEDm4y:12000000000000000000:OKDOT:OKMYTH
156ytSTQnDBQ8oeCm5BJCfBhtv3KyDo6RZau3SeBAkWB8UwD:12000000000000000000:OKDOT:OKMYTH
1265AfHwgoPPowHuzuAQtYDxKzqRxPF68NqMoRrpTvMbDmSg:12000000000000000000:OKDOT:OKMYTH
1VABHZRt2w4NzSS3qWM3jszEfE5wBSvmB46nwtYgDNVBg9t:12000000000000000000:OKDOT:OKMYTH
1521qet4SetMhkSJM2i2kuCayagL2oEmCSuET79LB3dPiH33:12000000000000000000:OKDOT:OKMYTH
15beXttVU6yDhzGu9Bs19frh7F3L3MpuYXWMbeC5MDUcPiZr:12000000000000000000:OKDOT:OKMYTH
16eQJoPxrjvDHgEMJkXkZ4pL96YoLNvH4nzdjSCpEhtKUsW5:12000000000000000000:OKDOT:OKMYTH
1ZjHEUK6fya6bABd5zxTFEDBKRgGVux7eBSEpQdjcMo2JLx:12000000000000000000:OKDOT:OKMYTH
12heEvQx2MLuU5Gqt81oabb59R2u2LirVc8Q1Rd418dQbWGE:12000000000000000000:OKDOT:OKMYTH
14tiRoh2PpsptiGsWCQa3okF8urEUxChehmpeJKpCtqctGEQ:12000000000000000000:OKDOT:OKMYTH
161ok99PNWm26Ntn47apFGdCmHmpzkZZDzLMknwEYdtPJpXX:12000000000000000000:OKDOT:OKMYTH
14fz5myvooocbMXuWSGjvDCUTnEx6XiG5SbG6V4soKs72EWm:12000000000000000000:OKDOT:OKMYTH
13upBmcD49H6QHwYAnPaMCXzpmRKAtDvM6KiyW5mUCAYfoHk:12000000000000000000:OKDOT:OKMYTH
15pTwpKvBcL5n5C94qWNPi6dcNgxRtTGN3ELXCLCNyeDqhuQ:12000000000000000000:OKDOT:OKMYTH
15kg9RDSVHyyr15wuJnoYTSinSAjWfJtSQha74N1KUaoZq3Z:12000000000000000000:OKDOT:OKMYTH
15UiNmoEwBhZb8nLYjySedpNHmnhnBfLsauzXPvrKbW2SSNr:12000000000000000000:OKDOT:OKMYTH
128X2Yq31wDC1Bf9MEW829e6jAhJ9foZvkxf3pCnMMfUca8X:12000000000000000000:OKDOT:OKMYTH
1fthbs13r1B3fFiUK9YY6hnJZzZ7cT73icyXdwyfmg3VDT3:12000000000000000000:OKDOT:OKMYTH
1fRSzbmXaXv6JEf4diRusT7J4WNpQGHVK6yHh9d8UuUUrQ1:12000000000000000000:OKDOT:OKMYTH
15QTPYuzNMe55dQ5knB4QpDYnFSefoEPLL9Xe3scNd1S9tjS:12000000000000000000:OKDOT:OKMYTH
12zKTtdCcFjCDcUUY7W2mJQMvVimQCkT7Rx5kCU1kBwLzvRN:12000000000000000000:OKDOT:OKMYTH
14QbGex6tzEHeeZ1FW2CvuNxDWuGQ3dZr5Y679keaLowQQqZ:12000000000000000000:OKDOT:OKMYTH
148Pf95XCzQEAagqqUkPhELFKnaMSiUvP6x4CRgztGVEqDHF:12000000000000000000:OKDOT:OKMYTH
16a8tGRTgtu5JfHfav3vZTJmKsoLnxgwW2uAEvugp34chkJA:12000000000000000000:OKDOT:OKMYTH
134CdejruNrBRFKFfgHkB1G9FJZX3Q53UBhZdqX6nfisVK86:12000000000000000000:OKDOT:OKMYTH
13enae1KFCX2GFFPfEgqCMZzeLvrgcYaKBiFx27Sey2ZUsEM:12000000000000000000:OKDOT:OKMYTH
16D6HHba7JdBcnBuQUcngefGizW2CdRaQA4GBYJhKyiHphDb:12000000000000000000:OKDOT:OKMYTH
14s39VSkzSAt1AmQAMb7T3YyMDdv8BnGEknPVUPGZnQn1VDx:12000000000000000000:OKDOT:OKMYTH
167kptaHVNkktFy1AjwxLV9rUxBripdfXYjbEYqD3fySWECQ:12000000000000000000:OKDOT:OKMYTH
14c14A6WgPapzhpLwFxdKs9H7ALLPCavZ2cHFP2fBKwXb3xr:12000000000000000000:OKDOT:OKMYTH
14KZJE25APZXVQbEUMH1QUqxgL4Lc9vyJwDRNcj97EcjR2GH:12000000000000000000:OKDOT:OKMYTH
1592FBdXYbNNymWTgAE5wrfmSoBRDNii11aKi4wpgsby2g8Y:12000000000000000000:OKDOT:OKMYTH
15whEfH51pkzXJQ5y11cbAfY7MsMjEDVGGzxDFccbtUBJQCU:12000000000000000000:OKDOT:OKMYTH
13zto1KCk6PBjYdH9d1XBESBzXH97rJHUKRmzpBZ7m9Mh3TL:12000000000000000000:OKDOT:OKMYTH
13NCLd3foNpsv1huPDzvvfyKh37NEEkGFotZnP52CTR98YFJ:236000000000000000000:OKDOT:OKMYTH
