1iYm6y3NrdUwPXRUznYYik53C6eqvkKYGSQWfS7Ta3mqSiD:12000000000000000000:OKDOT:OKMYTH
13XjqfJDFJDHmJPCUrdE7GYxozAG9onx7VzWEZ7BcdCovsq8:12000000000000000000:OKDOT:OKMYTH
14CpKQuDkBGwY1FJGoprGnGgQ3TaB2aAWnYnfgGa3Y52iBCo:12000000000000000000:OKDOT:OKMYTH
14rESWtaMYYjjJW42ZyrQfiojLqgUqMjJU8Ady5QzSca7a3r:12000000000000000000:OKDOT:OKMYTH
1fftQCj13bvEm5Zyb5ntpNTQj3YxU1Vc6hshSxEvqKt1diB:12000000000000000000:OKDOT:OKMYTH
16nNf25pNTrsZpwvJ53JzpqGkJVvPJDpAKY4FxyqoRJGqM86:12000000000000000000:OKDOT:OKMYTH
13XU34QuQ8bfQhnY5JuQUXqdsbFimvhw9NHou45Yyf3qcx5g:12000000000000000000:OKDOT:OKMYTH
12425CsrGDZHRGp61SfDtHJta1iLtaMoR6rQqrwYbUzPBUYT:12000000000000000000:OKDOT:OKMYTH
14dWPnfoKGBWWi8cmaCzjsGDoMohaBQkSvZQFvZZgmK2sed9:12000000000000000000:OKDOT:OKMYTH
13uzyvpyEdrskoeXRPGmzaVaGEbanmF7AATaah3gk9kH6R1Q:12000000000000000000:OKDOT:OKMYTH
12QSYDpiNUAXw73puL7zDZmjqeUtXqgEnv84ZqCo8nJU1FCy:12000000000000000000:OKDOT:OKMYTH
166FjLo3wtNPGnSwdW6TULAc7QRrQP12gxcaFWyzskmF7KCy:12000000000000000000:OKDOT:OKMYTH
1218ckFgQEwrjM6d4yydbRe6XCZQ3YnRUqhTtxhCpQuY4UDs:12000000000000000000:OKDOT:OKMYTH
1333qQPWfBfLr98Ui4dsXbdfzpT6y1UYiF6dP6e7ut2h4HDz:12000000000000000000:OKDOT:OKMYTH
131g1beqQgRPGF2vFWHYJBpBeRURX96g2pH1wBc1TcoTj55s:12000000000000000000:OKDOT:OKMYTH
12JRVNu2HVKWganrYC4mMjD7xgvNm6CsUpBzXDfURdfDuFNy:12000000000000000000:OKDOT:OKMYTH
19Qti9xSRqFridTw4rBzvs8kJ3hytJCB9jytxZ1SribRE3y:12000000000000000000:OKDOT:OKMYTH
16LXAB41wi9Sny3WZ5s42EwcD32yt4wDXACSFWzFAvDXiN7s:12000000000000000000:OKDOT:OKMYTH
15FE9Q3VmVk6mrdhqyzZ5F5H3PdyDRQR5tTEiRpHkQ1JvjPK:12000000000000000000:OKDOT:OKMYTH
16bx4UpHdJXrwGH6tQyXicUtbGWn9pu4vDQb468W6h74g8F1:12000000000000000000:OKDOT:OKMYTH
1ZZZXeWAR7cAMiXBhJtst1Af9BNHKubTE1ex9y7m4CC7Swd:12000000000000000000:OKDOT:OKMYTH
15mw1ZCXCSmzDBYKHBSQAW9s4iNHGc9kmkFemV1K2iTwNQFE:12000000000000000000:OKDOT:OKMYTH
15JnxhHsZjr8sttSedZi12Q1iM1rBjYgayDiRwkACJLJ42Qb:12000000000000000000:OKDOT:OKMYTH
14FgJPqmb3RjdEreGdh2Svhghx5xuyE7naW7ykoUEQyTHCKC:12000000000000000000:OKDOT:OKMYTH
16hLrTvjVXcSGhhei2MTSP2Ffx9KKoESc96NGYb1VfEdtAuM:12000000000000000000:OKDOT:OKMYTH
14m3mw9gWLnnEqi3vNVSBQzLjhZEyeBuaS6s5Y4ujnBtuSxA:12000000000000000000:OKDOT:OKMYTH
13iMjpbXMvEhGkyrmd9Y1vi6RZ6KH9d64osfYJNiq1uEtYvY:12000000000000000000:OKDOT:OKMYTH
14fAg8Dq4E1KBc1BcV4veyNRhDqwhw7Q7GxNgvSMRDvNobhg:12000000000000000000:OKDOT:OKMYTH
12QH47uceki3ocsxQF8dyngojcST39nghVDjJkChdbMUEJGH:12000000000000000000:OKDOT:OKMYTH
13H8YPXn4QD7VBEgXgvAYAPgfGtdkzYkA44KGPbtMwumjvSw:12000000000000000000:OKDOT:OKMYTH
13Ap6xALBZMtzavMMut77ZYBnoi2bZ6KFUZU7cbE9sdaWFiB:12000000000000000000:OKDOT:OKMYTH
1RsMeGHBLi5r4RVLqLqAWtnbu6U7d1H8w1Quap9XSX1tR3K:12000000000000000000:OKDOT:OKMYTH
16XRRXKXBJWMVr3QEfc5jzzPnLS3afYZ1Jvm4UsAiKLkVhHD:12000000000000000000:OKDOT:OKMYTH
153fB1sixkmvsAFdbPhheKAFQqT3KhqjGHDBZQGsqFes4Zhh:12000000000000000000:OKDOT:OKMYTH
1gYPYEYAzVQREovkeuFJLAVEVUAv7HYRDWok1MKxfhr3r4F:12000000000000000000:OKDOT:OKMYTH
16BfKf8MuzzUt4dudJkUYx7bTywWpMmstioLhMGeioDZUBME:12000000000000000000:OKDOT:OKMYTH
12gQWFUdNeYtMuG4acZbhxaA7dLabGqQ9o7X2Tg7KbTu5vnJ:12000000000000000000:OKDOT:OKMYTH
1cFzbQ3KSq7LC8MTh5wPoQgmAhgNFi3M2dCdeyhfH5gYMim:12000000000000000000:OKDOT:OKMYTH
16Wf8tQhaHJUvbuXEyTzCztnZ5T2RoViM9WaywkcVybijAx8:12000000000000000000:OKDOT:OKMYTH
1AiDqsPTPBoku5VKGAXZDb8dNoR8wW9segSY6HbRgB3PVpB:12000000000000000000:OKDOT:OKMYTH
15D9LZzEmyFC4ue47xQ8Qo6P8SXe4LBXikfTd8sj3GTFmW7u:12000000000000000000:OKDOT:OKMYTH
15ErguZdxLBuMes46gnU5vJaXgKvaFJdBq1HQ4gz48Spvcj5:12000000000000000000:OKDOT:OKMYTH
1Ef9wtyDzNcAHMkMzabTS9pBEgWW8cxnTy2vmkc6TZ4y7zF:12000000000000000000:OKDOT:OKMYTH
16T7ktTimRaniKYCtRuxZfm4ctD3m5Xp64gRmTw2Dx8oftBb:12000000000000000000:OKDOT:OKMYTH
1jARKiNncFSKJuMj3YjCyu6PDtSqiHfN3wMWqtmDYmVYEzJ:12000000000000000000:OKDOT:OKMYTH
12mCHHndmEVnCuRDhi4hYZtRMrdKEpnRaXjjX38Ex1W9jXLE:12000000000000000000:OKDOT:OKMYTH
1pRJgnib7rmx3QaEUjvXN88qfkadHC58WPnS9v6n8CAHBK6:12000000000000000000:OKDOT:OKMYTH
124RpiAuEirev7dje8BV51sHeVktD6L1DQosMC97BSR6EeWa:12000000000000000000:OKDOT:OKMYTH
12XAb6PHsg3zgtAwjPxUeVpH9K3rBEG1Wn7LbminBjseXHq9:12000000000000000000:OKDOT:OKMYTH
1MdJWSr7QuzruF7mUUrPHBX8VuJcfQjAVfbaZHg5dZ3vzoH:12000000000000000000:OKDOT:OKMYTH
12hNYvXu2E7sXpkQNrDJNoyRErXo4p5kywhNZLEXzZPMtfKB:12000000000000000000:OKDOT:OKMYTH
13vuTR2bHRWBpvVNuM1831Hk3qTNze5XkLesWntazB2AxSZs:12000000000000000000:OKDOT:OKMYTH
16isBPjfL5k34QkchSWyZ7TSSLBCESEpBAhWbk8mi2tx8gf1:12000000000000000000:OKDOT:OKMYTH
15ZbWmoCusc9mbn35JasvRo3vt2XngwXWq2C7KRRQVpK5Qgm:12000000000000000000:OKDOT:OKMYTH
13eFKKddpuCGu6PZ6h4F8pzxUCUz24xStjVh3NzbhxsNqngz:12000000000000000000:OKDOT:OKMYTH
1ZtrhgKnWh5CsMj2WBmqT5B1juJo41FmE36cNq8VNYkvvRa:12000000000000000000:OKDOT:OKMYTH
1enCSeMszcb5jpL9DMNX5Y88nx58eL1q4bx7jTdpWKoRQ3y:12000000000000000000:OKDOT:OKMYTH
1kX5EMy7AzejRPx8HBLRuzXuC8Zheym2Qn7c5yTa5o79xBY:12000000000000000000:OKDOT:OKMYTH
13sJfFCpomos9Bb9Aub8Tmj7jLbicfvMA2m2LPBbiaxwmGNP:12000000000000000000:OKDOT:OKMYTH
1muMcWbkzK3yqqhLNZ2riQVC4P3dzWWDe4h59mkWf7rPrrT:12000000000000000000:OKDOT:OKMYTH
13gzfZsgA6ixDmTqhWvfcDWMfJR4YTsmRu6K9dfKpPap6A12:12000000000000000000:OKDOT:OKMYTH
12GfjnESzna3S9K6VevkwNWFKfVt6uhX45MMEdJmRPqdhiHa:12000000000000000000:OKDOT:OKMYTH
15t8gQvLJvgrBf5TV8XhwqdHt83HsSKhUavz8uBpzjRXYAvq:12000000000000000000:OKDOT:OKMYTH
1LWmw3oZFtTfPNeuNXFppuforkXBfE8awnXbRWP3ZPzhsTr:12000000000000000000:OKDOT:OKMYTH
13WPruUpWmZM8uNUMb1byGf7a6ZpfZ9hnP5pYmkpaU8bRRPw:12000000000000000000:OKDOT:OKMYTH
15jvpdV1mhqFH4JCp9rYqWeJtw8X8wob3NnQJoHLAB9GvATq:12000000000000000000:OKDOT:OKMYTH
15ZVwk7gmbbx49Lpvr9zk1hxXZa1WZ3tBB9QFdNFpmDzSGNm:12000000000000000000:OKDOT:OKMYTH
15S2ibsKBVWSvuGuc4Qkv2stnsdMbaSpawjcBMKq1ERcEWjc:12000000000000000000:OKDOT:OKMYTH
15y98ifsfckywHLcM1KrozSEwjYU9m47YmfW6ie9aNsRfvgy:12000000000000000000:OKDOT:OKMYTH
15heQaLhDjyEtPSsPzGYkRFTb9W4GXYPpUkaRyfLcX7aukBg:12000000000000000000:OKDOT:OKMYTH
153PkMdvFxBzo2C4kaB8imMLjSjywmvp8BqSM4BSXbDdKFCZ:12000000000000000000:OKDOT:OKMYTH
12yWqeaxXzNXWbPUCSkjsGp5YqXJfcH5jHsvitxaqJJnY8Fg:12000000000000000000:OKDOT:OKMYTH
154jGQcxn7aTLBDxuJKmzDbvSNz4yGJsAC2tnaLmzZiQqoJD:12000000000000000000:OKDOT:OKMYTH
15VuPV6GeGxHwSaTYVs128G2pgkKpZsyeULvq6cR7hUHL9X6:12000000000000000000:OKDOT:OKMYTH
12uXjwhTaYPXt2TTvx2Tvb5f5YmmHfxVitvqVKLyFNkUQwDC:12000000000000000000:OKDOT:OKMYTH
12vyCVCKBjXaomqvJEKDCvATBmQTLPWXd3u8N2ZY6hRgLEpw:12000000000000000000:OKDOT:OKMYTH
13sLW8kQ9j9h7XnfMoqjmnh8ru927tTwQDin54xGELpUdtK4:12000000000000000000:OKDOT:OKMYTH
16mSGF2Dd5F5TJa459MKCoERnqghYCskzy7jCuWJqSzm7fSL:12000000000000000000:OKDOT:OKMYTH
128bGV1NCG4cbWb1CeiStHidvWsRso64SjihMc8rLKUNukn8:12000000000000000000:OKDOT:OKMYTH
12dTMuCjC3M3LGTGDxoBttCGvuMgdcM1FNv3bmEKLGfGuxB8:12000000000000000000:OKDOT:OKMYTH
1444DpeXw6Wu7jxFcbT2yV71Xx31UNpy8LBAYT7tpALJ8vo9:12000000000000000000:OKDOT:OKMYTH
13oc65Xxov2mnR2XrQnfNXaA5uQy2TLRQzuQYS3bh7wnYibL:12000000000000000000:OKDOT:OKMYTH
16m9QbPnK1G5nuJG9d54KSBzuvN1MZpySPMEkuSSXa4s19oA:12000000000000000000:OKDOT:OKMYTH
12MPB1cxCkgDzQrBqKTHu7U7y7E2wUaLKZh62rsRTPVsjLra:12000000000000000000:OKDOT:OKMYTH
13NYwsfTJUkiMMmGMqkuAFSSQjJjjPLR5CRzdaVpEuUYA5JQ:12000000000000000000:OKDOT:OKMYTH
13De8b1DGTLGYbZWhtmcZMCbPRxRm1yg4emjq7njYy5aziGi:12000000000000000000:OKDOT:OKMYTH
13NfY4ajXn2DnqpLz4v7hDWqe29mm5XNEkaVNMbz2RD4oyUW:12000000000000000000:OKDOT:OKMYTH
12KH15oqDbQRvubB2a8EeD4dC54zkRagRvKiYboir9jsMoDZ:12000000000000000000:OKDOT:OKMYTH
15zso8P6vwkTNPdUdC4saPKKDSwU7e5TC1Q76a1G8CFhpRkt:12000000000000000000:OKDOT:OKMYTH
12U8riujFFg3iRDSCJekUsoR7YakqPgnQCmcL5cvAuqt2yDT:12000000000000000000:OKDOT:OKMYTH
1fYDKZVAVKLFkW7fYYQ2Ht8UiV7qT1WuQNi7C53CxRNQTjP:12000000000000000000:OKDOT:OKMYTH
13QPgvCJDVLqafvMSnJ3AmLtjv8qGp74YSyXvzDmYsK3eA3i:12000000000000000000:OKDOT:OKMYTH
14KQwb4BXAt8NH1QPP8wQLNghW5N2T6h2MuBpjxA4V394x3o:12000000000000000000:OKDOT:OKMYTH
15gE5UAbGmzWBgKJqJ2vMEKjhjazsXmbXrYDgdevuweniEcA:12000000000000000000:OKDOT:OKMYTH
12J9HVmcU1kXovpfhWdkgEUAjmCjQdCwxJYqUPXh1rRSuPPC:12000000000000000000:OKDOT:OKMYTH
15GedGugSjbBz5uk9gnqgozG61VJjQ2FZow18AgEHAmWVVnR:12000000000000000000:OKDOT:OKMYTH
19KxqPYVpP9bjQ6M1etRBuBU5VatrRcoSFJSkG8SPBQ4zgs:12000000000000000000:OKDOT:OKMYTH
14Y3mfRngcLv9G9dmAE9XK2wBbBVyY8gLtAmurEhVhuAGvWj:12000000000000000000:OKDOT:OKMYTH
14AU9CZokdDyu7RrXAT9YotG42XyXuYGUocPFGbvd9obyZn8:12000000000000000000:OKDOT:OKMYTH
14b4WAzDeyFL2U5iqJPkZcBSbvCV7CB8pF4RRQ9a85HiFw2E:12000000000000000000:OKDOT:OKMYTH
15fpUC3t7HYctER8AKnCg3EAJi1W9ajWhZMkCanZyArZtxEw:12000000000000000000:OKDOT:OKMYTH
14DTHHj3cwWH5R8W7URKhyj2xG896ewZDAW12PiJjx7jAabH:12000000000000000000:OKDOT:OKMYTH
16MbttnJDpKnFYpitFu87WiFySM1AT8arcU972kCvq1mwhdG:12000000000000000000:OKDOT:OKMYTH
124XkuUm46k5BZeBQyxrXma88htmTUPfHDYNeQBzEHVLHbD9:12000000000000000000:OKDOT:OKMYTH
14juqu2JwMgGL29mCfARnuo5a3DQh1KRZSTRgrfC5NWhNLuE:12000000000000000000:OKDOT:OKMYTH
16Gx1LE3d75bdMKczdfKtG4NCXrWSpVf76turo2MKNMtKk8v:12000000000000000000:OKDOT:OKMYTH
16G4KoWrfPyLnsmme9nu4s4gNsSWoLNbvNC1afDnHSbBHhq8:12000000000000000000:OKDOT:OKMYTH
13HiKSHf6ZNP7SHGgm3ZYaYrQbybxWpz2hm4tzHNZ6zEBBN6:12000000000000000000:OKDOT:OKMYTH
1qe6wZ4buj2vEDKiiUeJFkDb5ZyjmXBF1hXyvb4zdGXnbhd:12000000000000000000:OKDOT:OKMYTH
16PddYY6KxqB9U6hv6T5hoHrvqHbw9QXioeAmwwuvBm3Xacw:12000000000000000000:OKDOT:OKMYTH
16Br4Puvu8yrPGBXVGGNDV2LbNbDe7x76RCNXTuzqH5N5LV1:12000000000000000000:OKDOT:OKMYTH
14QFynQ2U2BEUrr6F8ajaZvEyBWxzS4hNibUHiMPC6t6B4pC:12000000000000000000:OKDOT:OKMYTH
15wq9Hc5e4mbpMK3gXBbWf7WSz7wB4kGJHbF56K8UGKC4K1e:12000000000000000000:OKDOT:OKMYTH
16jX3RB83zNNRygk2ub1WBcjv5yUW8U3J3UMLccQF7jUeGnK:12000000000000000000:OKDOT:OKMYTH
16Cf6PLmpCHz9WTNDPaspPkvRHoJATsyLSmzL8MVRF13HCKu:12000000000000000000:OKDOT:OKMYTH
14xXEN7vzdE5fxa8iwR5ngWTZ6qZwamBXB9X4CtXmYBrBjUf:12000000000000000000:OKDOT:OKMYTH
16JN2Pxw2eoBe474RwG9ZE3WeSNUdNPtXRdY5ee5zKVYqvYr:12000000000000000000:OKDOT:OKMYTH
14BEVnwD162wR3JiDTCxun1paiVJSFnLkzfxmC7VaeEi2kNC:12000000000000000000:OKDOT:OKMYTH
1TcCt6yGpRaxc6nv7WtnJr34iKreixvvWkHmoAW7byUDWZP:12000000000000000000:OKDOT:OKMYTH
15rvQzZuwqm7RzTQrP644fnhrJmN1X6ScFdXJ5n3oHZjBoRY:12000000000000000000:OKDOT:OKMYTH
15ksYMn7CS4m3kBsAD8n2cBXuERVkzc1py8h7MEXgsy8nJSs:12000000000000000000:OKDOT:OKMYTH
15qKAfjePBa2N9xdcUj6WbNeSoRzod8qM9fUoVZoGi9qqNBv:12000000000000000000:OKDOT:OKMYTH
16g5Rj1ZQBx96NFbLadGpMQ3uD3dY5UnMArybiMq8DEBQB4y:12000000000000000000:OKDOT:OKMYTH
12bUbBCGdqQdeaNgFXQh6C2eNyhywzo4F4B7bYRGGSRPZvH1:12000000000000000000:OKDOT:OKMYTH
13bGnJdCi2KHaaxxD4VdaFVzJwXRD3h5tvzkTa3PRpPdSWNF:12000000000000000000:OKDOT:OKMYTH
12zvPXtYxg5BARMstLbZP5L85D5ayGQyNnujVZPs8z5y5289:12000000000000000000:OKDOT:OKMYTH
13bipbXh4HDJRGWj6ou4xo6dmvHci2KRgXpp1K3gkNpnvmmA:12000000000000000000:OKDOT:OKMYTH
1bihn1C4kCfmajS6zEKUqwUtXgBdqH5Ve7WcXBEnXMuvSoG:12000000000000000000:OKDOT:OKMYTH
15UxmcuDCuSKHnAEEpkSbgbjqrWH8Jx9AszLUdsaH9tBRzx6:12000000000000000000:OKDOT:OKMYTH
143L2a1Nb7gbvEzSdWUtmh6TQ6XNgj2Wa1ZKZcD3Zfm2Nfav:12000000000000000000:OKDOT:OKMYTH
16Kvqg8KDd8xVgRApiD2Z15sSXg6vnZbmY1CP4UaGk4FZ6jW:12000000000000000000:OKDOT:OKMYTH
16CtvcScRJdheiUERWDziuZRT6AYbNh2GpTQaukH7KCZxyAs:12000000000000000000:OKDOT:OKMYTH
15FnSxc4YAPRAEtrrCfeJuVcNj6HnTu3L2donG5JFK1pHvwr:12000000000000000000:OKDOT:OKMYTH
1CANLhCc8dQWVFMvoo7FLzo9EiDDNSbjRDTST2NpYDRpsnR:12000000000000000000:OKDOT:OKMYTH
1EZRgZCHNaPDpg7qWwpSvgqP4YBbuiqxvzE5zMBFvQwe3Tt:12000000000000000000:OKDOT:OKMYTH
16M8K2RUWQDeCKqcwUNeadFY6HRTkEcYDpAKB9Js1L9AxfkZ:12000000000000000000:OKDOT:OKMYTH
14MqJgvi8S62aVk4degjMndwpJGS5tcpQvxeLfc2oVTpcFx1:12000000000000000000:OKDOT:OKMYTH
14Y9sAofnf5ZRFpqPrgRwApXuuvR4e8LoZLLrszMnfrjz24g:12000000000000000000:OKDOT:OKMYTH
168ZkGhpyFkvhpqnyMaTFjHbDVFjXjXhfBnDzncrx1AzRGnz:12000000000000000000:OKDOT:OKMYTH
15fvRib45sshZKzh3oy6xKKVBdYwTtjDouohy1HSTaKxuhYk:12000000000000000000:OKDOT:OKMYTH
14LSubXm41RW2HRKVMGA93eR8ztz2NUp2ztC5gL97HSjVqgh:12000000000000000000:OKDOT:OKMYTH
14MkXG12anWpgQzA1daVnGmsdnQHKCpyVnozpUjY6CmPR7Nm:12000000000000000000:OKDOT:OKMYTH
15qx9MnXqLQXrmo9CmbckxZFvEZsMhwH2WtWvCBZfrkw6hAQ:12000000000000000000:OKDOT:OKMYTH
12ahEAHVWVLnDUJ5VgexqAGxWcEN7MEd82yTXKTnUebEhsLA:12000000000000000000:OKDOT:OKMYTH
164bQ9uzQDfuB6wTEG2W234JgVoYwXzFdFRY9H8xQVvVY8bd:12000000000000000000:OKDOT:OKMYTH
1599ytVdPnGsEwJm8fxxvvuKeJmrM6U8hd2BJ7PJDD5vh1pz:12000000000000000000:OKDOT:OKMYTH
12Xyg7K7uX61PZRH9RyakFmbaCE83vCFR5Rhhu7FJJotUuVE:12000000000000000000:OKDOT:OKMYTH
13PwPFBEuzS4MsjweS9zh3ctG6SKFBXARg57BbLJoCUMgUAL:12000000000000000000:OKDOT:OKMYTH
15V8LF6u3ZoVLGRh2ttpec52Dp6uvnr7CmYpG4mgzwfg1ZQL:12000000000000000000:OKDOT:OKMYTH
16gUH5VgzFBHVkS8ggtsvVhar4WjCn7aw4zrwSwGWUpGSmit:12000000000000000000:OKDOT:OKMYTH
16PAYqC8kCeRZiRg15NtKsMPKFhZ3CRi6zuJTEa7bFHZP548:12000000000000000000:OKDOT:OKMYTH
1mqbANnRssj8neyJ8taRjbMqe3QDUPn3i8h9zkiseAZUnvf:12000000000000000000:OKDOT:OKMYTH
1TF7AXa46Xe6vptn7Do9fY2RwSjDCfak5d59r4mPRjJ8wHR:12000000000000000000:OKDOT:OKMYTH
14DAUJjDmWo1ZoPqJAByxBSrDHEt3HaF7QZw9jdyVMhZ3jEm:12000000000000000000:OKDOT:OKMYTH
1331o5Ht1ne56CvzLRy9er8tD6D88i5eRVTx2TmFFD99WDXp:12000000000000000000:OKDOT:OKMYTH
15zJVm9W6xr9SAw3g2hmVh4kEyeLqxZshbnFuB7JUJdf2JH6:12000000000000000000:OKDOT:OKMYTH
14XxC6Yb3sUMwTiw9DZNdafxX4ZL6X2g1QwCD3sV14KK7eFw:12000000000000000000:OKDOT:OKMYTH
1436e64MzYvusMirrGcKdQDcr6xTBLqiznfnZk4rZJoKSVv1:12000000000000000000:OKDOT:OKMYTH
16WxJRpWXhhEcZVHtUVwgk9QVSqCixp3WTZFXvep9RTLTCeU:12000000000000000000:OKDOT:OKMYTH
13kH2vxAGe58oftGtPDHnV1dizGiQ4M9AdsDSR7BPEvFFdGE:12000000000000000000:OKDOT:OKMYTH
16Crp538fvEPY1bTvm8UEfE3CFhgLwgziP5mKM7h3KRJ7QnP:12000000000000000000:OKDOT:OKMYTH
12jdtNbjRzV1hXJnjoVpRzRzQyjRBZd7dHGokz5ZwHzQYNAf:12000000000000000000:OKDOT:OKMYTH
155ZfkFQNeMcxKtxMKhV5re4phzkBEihUvCmKaHkfPdd2vrt:12000000000000000000:OKDOT:OKMYTH
14kd9P5zgLMdXUF45fG52588hJonLtyrzLXCgA255Hkk2tjq:12000000000000000000:OKDOT:OKMYTH
153RvsNnB5fLyEZ8MPKrB6nspfC8LRsLtCg4b8PQ8Ram8psa:12000000000000000000:OKDOT:OKMYTH
12EFfo22cM27ukSRGXjeseC4JDTda51J4dcCKbxSc4QNDySU:12000000000000000000:OKDOT:OKMYTH
16Bp9wdoz8FSSqfQb8mZ8FF9uaTMFGPvo7ckgwhUxnwv9nZj:12000000000000000000:OKDOT:OKMYTH
15y6T38c81tRn1fWVQKSXou1mJDUbKAVQtxSNmhapYnb2w8C:12000000000000000000:OKDOT:OKMYTH
15HqFJVDZUem3rJ8hJ9DwPCns2NJDdiUmTG3oMqppyeZD9jq:12000000000000000000:OKDOT:OKMYTH
13wuu6Wt3yeJnyatLWf8knwfQmg1U4Li7tSB42kP3gZKuBoG:12000000000000000000:OKDOT:OKMYTH
13LN8QgBq17K7RN85xJePKfKhbW6m4FkZTiem9GCw6oV76Qe:12000000000000000000:OKDOT:OKMYTH
134iNUzb3ws7CFTKdTuRo9gD5BwRe894J5rKURwTKVFjZSmD:12000000000000000000:OKDOT:OKMYTH
1XN2Zz83zBNZK3iHjktK6c7H9zkc563qAMj3Q36UAzEhAsC:12000000000000000000:OKDOT:OKMYTH
14WLcPCwE9maxpWFmPgKrizZp4JLV8n79me3rha34SgSWHp:12000000000000000000:OKDOT:OKMYTH
138P4XGywRiqvjK3qZSvZwTCEfLsHaiJyJNvaHeRVtbJBMmf:12000000000000000000:OKDOT:OKMYTH
16aa6MnixNDtmjVYNEh9qxE59Bdt4S3rR9QKAjdcUNevVUro:12000000000000000000:OKDOT:OKMYTH
1kkwpoTWNV7cDCm892Pr4KXi7QDkLUNDcyF11i6Gkbxv4Wr:12000000000000000000:OKDOT:OKMYTH
12marzgxER2n1d2Abq9HgiBa2XgbE7JdoKaygTvgmhCzUtar:12000000000000000000:OKDOT:OKMYTH
131h3zuHbKiE7x22P62MU447iUbR9x5yjMw51nMJ9wncSoKx:12000000000000000000:OKDOT:OKMYTH
16SDsoC6nomBg541p24VhwbzJfHduXNwTiP5HRVvPqFFhdon:12000000000000000000:OKDOT:OKMYTH
15CjKUndsaiZo21gqpXsEXUgqy7G9x2X4te59GZmja3tZLz4:12000000000000000000:OKDOT:OKMYTH
15sdx3qYDfzQTUe7mjYjj2bzJ2HnUZBXftrnUuCZz6QcwYfs:12000000000000000000:OKDOT:OKMYTH
15QstfwK6qBDzMydbuG7HHbMRheqADRqq1wbhxQi4Mf3AWtw:12000000000000000000:OKDOT:OKMYTH
14815nFnCtWKiKJjZazG88SXyNnHz6osxoQYCpurbSoM93W5:12000000000000000000:OKDOT:OKMYTH
15QhGLFT5V7fdUGmgZKPRjYjv62g49JEpnLqyuPP6HpFkw8R:12000000000000000000:OKDOT:OKMYTH
15vEM9j3C693yyxSVNnf1cxasr3HVnmgZeaLSLj3NRQhE9YC:12000000000000000000:OKDOT:OKMYTH
14MGAW8DrykcjmQYkP9JKro3HYoWv7ingc39MuqJRzmnSxRQ:12000000000000000000:OKDOT:OKMYTH
12Z4yMrWa1yb4kBUSpW5Vgi1LLgCbcLcswF3u5vp2DYqGBm3:12000000000000000000:OKDOT:OKMYTH
1eQuzbzc37C7g4h5ysB9Qrv9fgbB4xYRZGZPXaxEyG6A5jv:12000000000000000000:OKDOT:OKMYTH
142AS1sNTvWw8kzj23AbT6Aaea4Wy1uPs3L5sAMjVBXqoS8y:12000000000000000000:OKDOT:OKMYTH
14DDXqYxeXEyzVAufms4L6BLuWzMuGwRyz2gdcXyB7CLgdDp:12000000000000000000:OKDOT:OKMYTH
15eQCWpAJ5LJTXHjpLJz7kgdyBmc6hWV3HQB3pMTXTVBQVPA:12000000000000000000:OKDOT:OKMYTH
1P34iUStxF9RysTduBAjP9Lju1hyLGysfke3UAmyK17UQB9:12000000000000000000:OKDOT:OKMYTH
14LG28k4zb1LV9hv1d33VjPgdjLe4MY3AwAWDJbmPkEGP3Yx:12000000000000000000:OKDOT:OKMYTH
1EzpZfKXqXb8Txw8VMkwj4Z7fY8aSduadDUEZJTLN5Qphzm:12000000000000000000:OKDOT:OKMYTH
15PH9YWVxY5VN5F6456k4gA8SyREKkoZMLXveVPKni3r59xw:12000000000000000000:OKDOT:OKMYTH
13hSGpLVphJmneotfzLYWvym7riqR7F6PHEJnJiEDijhJsQT:12000000000000000000:OKDOT:OKMYTH
123QRPDXqesAQ5o92PpLfwGTYonNq7jrLzxpbddtb5xXSxeb:12000000000000000000:OKDOT:OKMYTH
14doeHZLcshpNfcGQrF6GbUSgWYwcKMurUvZ4jCMacnzi4xq:12000000000000000000:OKDOT:OKMYTH
122xqwFbJBo39o3HWKFjRD5bohXYzkyZmZL66WBYGPR1rUZW:12000000000000000000:OKDOT:OKMYTH
12QBRi51L2zot6ZRFg28dS94PtD7nKohptYMsL3kFWQS9Fcp:12000000000000000000:OKDOT:OKMYTH
15CBKF9awi1ttFkHSmQzSW5o6A4vMVZmKE9vMEPuZSBNN7iB:12000000000000000000:OKDOT:OKMYTH
1fUoLjB633hCXwB53NeLSDBc9m7BK1UZ2tdMKFEJiJghMpa:12000000000000000000:OKDOT:OKMYTH
1afPCrnnT5jamNxZBqpTWsP6fV7pt1eDqT5XavzTmdyzt2d:12000000000000000000:OKDOT:OKMYTH
16dvQmZTMciHvXL2G8DKy8zwNGCQQZ5XZS3HGvEGgy1fvQ3P:12000000000000000000:OKDOT:OKMYTH
15fvY2kUCwQ4oeNHRVqJDrTWRUSCZDWCbBewDQLQvDGNKoF3:12000000000000000000:OKDOT:OKMYTH
16BFUuyyVjiaisPLE4PNFbisNoW8dfnq5WHFVsFW8cc8pKwj:12000000000000000000:OKDOT:OKMYTH
15zPjzfDcvWjrrwTsf3PBfH4Yeim4s3DkhYGh3LGfdVmTycH:12000000000000000000:OKDOT:OKMYTH
13UVJyLnbVp8c4FQeiGUvLvLRkHhN6NAMdswMJtUmjD4d9tb:12000000000000000000:OKDOT:OKMYTH
16AK3oD45NnWyGBX7ofQgjfgp47b9QwebXwv92sR7qc2D6m7:12000000000000000000:OKDOT:OKMYTH
16VzHXhKmPJ1cBdfGzpumX6rkiV6JhPVv7t7BWZ2Ebpt37Es:12000000000000000000:OKDOT:OKMYTH
15jxgZaP5KfJSYYfpySQJYRpwExZWVoqHKagfNcikhPB8fKF:12000000000000000000:OKDOT:OKMYTH
15nRbaJ33A1CFsMCDRoqommVgnUoCBeTkj85wnekty2Lhy85:12000000000000000000:OKDOT:OKMYTH
13yo47J1x1jsHZqf9Z5gYaiJdpAuD68Jfv6Yr78kUVZrbNP1:12000000000000000000:OKDOT:OKMYTH
165DnimT4K1DuCW8cvatPnzvtbNCWUHefwfcYkohwKbPBEFw:12000000000000000000:OKDOT:OKMYTH
1411cHaQPs5GvUAFxhYkF3A8JK4esmkNerPwE1VzNBiPW1on:12000000000000000000:OKDOT:OKMYTH
16TQ5XqY7E6b97bW69F2gJirQS5n3MBtDkaNhs2kEoJMD1W7:12000000000000000000:OKDOT:OKMYTH
169jGMcLByVZtF1vVeGanLSFwu3w1fEic6wx5TQ7G14ztLFT:12000000000000000000:OKDOT:OKMYTH
16BhWUDEZRJozxcCsPdqjwZERBJ2e2a3FJ5WcFzVNKdcVJHL:12000000000000000000:OKDOT:OKMYTH
12NDRY1MutmrKVdr7aPiHQXJFknnxQGVCunZHtayeyXcoXpC:12000000000000000000:OKDOT:OKMYTH
141osRxCqvn8tvknNVc8e9Qrchab4w9Ye8FZAZ2bAqgciaSu:12000000000000000000:OKDOT:OKMYTH
12AbG4FcyiEqwwWNB1xyCzavP51hkXNJtKTytVVsjfffQ4f4:12000000000000000000:OKDOT:OKMYTH
13M39bVAuoYxvwQMsQL69eGK4PZyMFKvT1T5AsHvfgnKArU7:12000000000000000000:OKDOT:OKMYTH
15863njHmo3X5MqFxgVXQco2Rrbnq4HrZ9uypZo7PMQVNbXF:12000000000000000000:OKDOT:OKMYTH
13rEkwRhiNn3QQZLRYULkCkeW1jn5J6cySRHUvs8Q4ncUHpP:12000000000000000000:OKDOT:OKMYTH
1eQQZkTJh5PNAG67wzV6p99LxEhtFYVo6sJQJDC9Qhse9ic:12000000000000000000:OKDOT:OKMYTH
14KRCA7AsXDmcDjB8LxX5Rkb1fRrpuZkusSEKHk3XSPnwPxW:12000000000000000000:OKDOT:OKMYTH
13LUTGbaruwrKtakB2X6WVMG7emQWFfJY7J1Q286kCnhVoXt:12000000000000000000:OKDOT:OKMYTH
13sR76gYLPSYAyjtFfVK1JoQ44Dm4TMuCrqz9is7KLjchjqF:12000000000000000000:OKDOT:OKMYTH
14b81cRMXnuyxJAUdhKRppPVhJhsHtaa4Xkz3NmwUoVyFUSP:12000000000000000000:OKDOT:OKMYTH
13QpB7EJuRykXGPoXYfDUJgSFPyDM3aDcEW2FWpmmDF1SZZF:12000000000000000000:OKDOT:OKMYTH
158CDZ79warRquo9hhbeu1EMnADnsQGMTBqvCWeHBLjP64Rw:12000000000000000000:OKDOT:OKMYTH
15NbP9qUVhtGMHwSSbnYdTicbJvnoL1vyd8dysF4ZGW8i8rB:12000000000000000000:OKDOT:OKMYTH
15qSCXnqN6HTwN1HtsSLENuxb5euTVLzLsVmwS68ggFdYghE:12000000000000000000:OKDOT:OKMYTH
12nfEA6tSeMgnGWTzb22xr9TErwyKhV8dvZMeZ7LdssnoKvL:12000000000000000000:OKDOT:OKMYTH
142EmsSRaZCvdFymTsEQ1uriVM4K8ZJYtSG3BoZLqNYfakVU:12000000000000000000:OKDOT:OKMYTH
17S1Ce2yyhYUWtZhTv41sUmKzUt3vA89wk18C6zLmCEV2WJ:12000000000000000000:OKDOT:OKMYTH
12M3SyE32uNBPc5tGoomtGarpUFvypU4BQD7WuWL7baGMin2:12000000000000000000:OKDOT:OKMYTH
16FzHtYdg1wKGM6NGPg9EPQvrrT2YhEGeegu2YQE2EbBe2Gd:12000000000000000000:OKDOT:OKMYTH
13cDmb1w1q2rJPQcb6zqwR9wfuwjexLkaKnLTNkR7j8rRtrm:12000000000000000000:OKDOT:OKMYTH
1puiRS46SSAp3usGoV3GVGEtAm947knfwfvMUJf4ZrfGPAg:12000000000000000000:OKDOT:OKMYTH
13aaJbVhog8RrTHBj5jmNXDrNqtHrEMV3F4u4rMW8gkcksF6:12000000000000000000:OKDOT:OKMYTH
12QRvQxUmWe2i62RyCXJU4S2aWddisGPetd6yCAhzwW8S3mj:12000000000000000000:OKDOT:OKMYTH
15yEsZQwwQDbNJPiHicXLAEMG7ZzJDNaW6JDkn3FEqLJcZkU:12000000000000000000:OKDOT:OKMYTH
1B5ghZ6B2pD7CdRWX8yvUa2im4Yrf4mgFV8SqnaSiDkyAgq:12000000000000000000:OKDOT:OKMYTH
15aBpf9YKZgsJgGyoDoixJyaynCdJ3qpyrXDB5Bwntj5YfdC:12000000000000000000:OKDOT:OKMYTH
14PmKg8CuDCdNFn4cuBNSXFUxC6JASfzJdvxytKvCQex6Tz4:12000000000000000000:OKDOT:OKMYTH
1DRHQvVqJ1FabAQMPvnPGMEutZAbMQqMu9TsghVG5Q954n1:12000000000000000000:OKDOT:OKMYTH
15rRnG2LnvuaaMZATmjZG2sGJRP2Zk9f7jMas2akcW5kznS5:12000000000000000000:OKDOT:OKMYTH
1PQQy1xYRkYaEc6bh8omsQmA8mq6PzNdQNxGVrGeTHsE75H:12000000000000000000:OKDOT:OKMYTH
1dTkc8LxD2nkdPaXpUHmRQUsW4zTCNGq3EnJTML2sLaoZ8d:12000000000000000000:OKDOT:OKMYTH
12xhZDvyvBgXqgMCUtk2BkDrYMKzeTtV1cFTpQBByzCcMm5x:12000000000000000000:OKDOT:OKMYTH
1JVRhRHxdFrRw2Stt8SrTZcsyQPkH2A9F6ZEaYryaCiX3Jj:12000000000000000000:OKDOT:OKMYTH
1L1ADk5RaCMykJBSeqjHrtoHJ59UsCX7Dqfd718j9ruV9KE:12000000000000000000:OKDOT:OKMYTH
13C6i1ZE6W4p4cDVbyXRu7UMSF29TDyDKqJtiRSkSpPxujEi:12000000000000000000:OKDOT:OKMYTH
1639yBxFps6VFn34whvPAcyEpvzGFLH8G54H3FhPdjmRQB4w:12000000000000000000:OKDOT:OKMYTH
12nno5LGFDTPStu3h13Fio9k7WCz5ELLMgEkJq2dk6ZvB4Mf:12000000000000000000:OKDOT:OKMYTH
14amj1Tok5Qe9NUfbaDJhMqBCoSFR3wF5j3jDfHsCwH3zdfR:12000000000000000000:OKDOT:OKMYTH
13ci4AdDduMAYzCeUusWtXgTumn4u4UEMYveT9xdJUYRQe2v:12000000000000000000:OKDOT:OKMYTH
16VzibNkTy4qxBYzymVMKwexD1VbxHUkZH5VDxWJVzHpsQfU:12000000000000000000:OKDOT:OKMYTH
12RW4QRw1398HAa9rsgHkb7v1nfEgmednu3RpCYAYtfPh4Wm:12000000000000000000:OKDOT:OKMYTH
12DhkArbwWebNqqXpV5qt7sHL9gxcVjp4kQBen9W8BobouNc:12000000000000000000:OKDOT:OKMYTH
124u3VVbdpdCoY2wprxGtC4U2u6bfVXH21VPBFZ5TWKnGQHD:12000000000000000000:OKDOT:OKMYTH
16MXiuU6mB4FuGoRSs8RtmjxbbRgGsHu2tfk4kDikC6EqeCo:12000000000000000000:OKDOT:OKMYTH
16bwPMckaLE3sA4YfkK8KKrZfxyvb2dBBoxFVVY1oXWkCfxs:12000000000000000000:OKDOT:OKMYTH
16DjS3NadbTdfN7TYvmVJfAdb4Vcw11ZuSnH6cmGc729yFgE:12000000000000000000:OKDOT:OKMYTH
1syEovtr9J4NfR8N5hUXJgayivoKBNVvusMpQtyvEdrnpgT:12000000000000000000:OKDOT:OKMYTH
15PLXasuLVyUsYZLtLSen1h5J54Wff4ovf5DBpopQg7w14eF:12000000000000000000:OKDOT:OKMYTH
1ASaNhTTT3b26pXjo9tv29FqjsNhYR52XgiZept8XgoefN2:12000000000000000000:OKDOT:OKMYTH
16L244WwAQ66qcGaC4HCbNDEGknrC2QA5ac9gQGrmgFcWbm8:12000000000000000000:OKDOT:OKMYTH
12C85XLPHWG6CedmbAUTNWzqczYTpaBGMx8b9sS7zQmCdeEk:12000000000000000000:OKDOT:OKMYTH
12rfUxeAbxqXh2CTDoRkFbthp3nBL8k15foGZrEhRgt1wq9a:12000000000000000000:OKDOT:OKMYTH
134WWyyGUbTmeoWK3q8JfvvhkCczv3SZS8qsL9pVQANkfmY6:12000000000000000000:OKDOT:OKMYTH
12rxCsSvZBF6gpJDc7KcJ4XKckDpMgUnP1vVcahGXBybPr5Y:12000000000000000000:OKDOT:OKMYTH
1258jNarvZ9siHrwyf6AKafbpBHFUhzK4L57ewGLPz2Z1AWr:12000000000000000000:OKDOT:OKMYTH
15G3jKkEs9NT7gz7MjYAr97Bw1DkYDS8FnsDMEoCA4oiBVGZ:12000000000000000000:OKDOT:OKMYTH
13sTbLuj15CuVKzhxTgB5C1gyec7cWf8rh8eV1fm2Lou5VC7:12000000000000000000:OKDOT:OKMYTH
13mf24YG2omwDdCm6AaVyWxbKjUqzBBdrsbUq91MJFEntvea:12000000000000000000:OKDOT:OKMYTH
16n8kZq7FCWJE6oTrRP6Kjq3gHSJQBBiz5it2jAnj32mp4Jq:12000000000000000000:OKDOT:OKMYTH
159WgMiYLo5xADc97cgFtspWG9dog4Qec2QTiS6KTJxAfim3:12000000000000000000:OKDOT:OKMYTH
138z2FQcoBQ2J7YkXtLoRf2W7iYcU1dFWCqnXLS2ACZ6X7hw:12000000000000000000:OKDOT:OKMYTH
12A48PCQyM6QPAoGw24skrs3gwVvjqo55eQGDfYx2uPPLq73:12000000000000000000:OKDOT:OKMYTH
13uCY1bhMTYSs22BxF6NuqX1jFU7YLbWuz2S8ywaEPoUwo9y:12000000000000000000:OKDOT:OKMYTH
15JvF9QnqW1bxFdVxpmYiYVSoUVQUbiL2gq3sXy955a5duCS:12000000000000000000:OKDOT:OKMYTH
138V54qfQvEHQNsoiSzQwF2F1SNnGUxPHhph6mivRNS6VCkT:12000000000000000000:OKDOT:OKMYTH
13g8AkG13Yod5F8N2ctv4gNRZ5SYRUFUKAscq6XLp1jXF8vv:12000000000000000000:OKDOT:OKMYTH
1WdwLqASDqYJxBqdLrf3ZbgGyu3DDxeYvZUKGgqe9WFFWfu:12000000000000000000:OKDOT:OKMYTH
1mStzXjXDAQWV3o5DBZTRoB5QSRfEJdDuu518bRo5aHtbT2:12000000000000000000:OKDOT:OKMYTH
17aSF79mp5CLmLEa5qyyNQKE8AtsTGhpeh1QigJdfcFrnQf:12000000000000000000:OKDOT:OKMYTH
16VQ4CejJStoBk7r6fSuNivsqjrLE3HED8DR3GDj9auaxgqM:12000000000000000000:OKDOT:OKMYTH
112CrPKjCs8YZaw8SUg1PEPkZL9h6gcfzMuMt9BfZXQASzAz:12000000000000000000:OKDOT:OKMYTH
15iJHdfVWqWJXrf1W1t3g2vjR8aRboqXFSuGCEysBsYH14os:12000000000000000000:OKDOT:OKMYTH
16buEMSinAGKs4rykfmr6jSP4mRLzgcJGrijQR5j6ZRYNnr2:12000000000000000000:OKDOT:OKMYTH
159hUetuAvkT4BLkyGry2sTuXmsUxoEWbHq7PsoXF99QxELi:12000000000000000000:OKDOT:OKMYTH
1nJkRRYuPXsUduePo78JzGghdz5oYW4F1G6f4V3PRgshwwi:12000000000000000000:OKDOT:OKMYTH
14AWJympM6PaB1WC8q8X9yfy1VKDXC8RJhedJ3yBwCACP9HA:12000000000000000000:OKDOT:OKMYTH
14yc4hVzhDYfGYE4u6pSkVKxBfHXgSm3xZuzJ8vMEk8TqxSv:12000000000000000000:OKDOT:OKMYTH
1494htPBG1AZfmE6VUGV5djsssgix3wdGqdxgQDVjJkHvruU:12000000000000000000:OKDOT:OKMYTH
1anWJLanyuwfgX8mrKtJLYBvBiMyztVL5f95JxAGgoEhm3w:12000000000000000000:OKDOT:OKMYTH
13UwYhy51tT1oH2MHV4E6pDufrBi8mZSuXQR1W88442yyYcJ:12000000000000000000:OKDOT:OKMYTH
1HECfLf99eQyU3eNMw91Ramv7oTfwg9cYSS9SuH7FMs9kKD:12000000000000000000:OKDOT:OKMYTH
13uJxSkHyeh2oQ1aPn3EbgcrcrUaZAT7WTSs2XaumjXueNhP:12000000000000000000:OKDOT:OKMYTH
12Z378yQ2Xwn5paBdc3k6hvRivdv97XJkyTGu9E8SzRVdtdt:12000000000000000000:OKDOT:OKMYTH
16EK4aSYPdvzjokorTmrgWVADa9Yc157HdLoJPfUquFYq9qb:12000000000000000000:OKDOT:OKMYTH
1UmR3mEC5DBHvRuzwLvNBWa7HffQ2Y9DjxM59Wnjw5SCB6W:12000000000000000000:OKDOT:OKMYTH
16mHtc1mTdJnqDHze7CQDW6UEwT5qgLNpG14EcrYfECt5fsm:12000000000000000000:OKDOT:OKMYTH
13e2nmbPKgZUoz6a6Pd8gBG7Fhp8n2CeXWhqRmnEZ6SXo6Ap:12000000000000000000:OKDOT:OKMYTH
12WFdoh5eepjf6Q1AwRfRw6K554nMsc3iCSeVxGRhmZXLS4i:12000000000000000000:OKDOT:OKMYTH
13HeCtBs3iJaMYAipjzLHxkoCDsNYshUvHJLjp7HTc99pP3u:12000000000000000000:OKDOT:OKMYTH
12jEdiZLxfuK2APEp4tWjGoDTBNgXGr9NdQUw3c8pEabafFb:12000000000000000000:OKDOT:OKMYTH
12f8zMvvtwrKQCWCsPcXGh2mSxD1ivWDeq1ebvEf3DottWie:12000000000000000000:OKDOT:OKMYTH
1skZaEHbRNXWVwzjiBqiEtjrkmA99AfcDUJtiWqBYzQVQhV:12000000000000000000:OKDOT:OKMYTH
121wHHFoBBSRcS4rGNy2LctZuRQDN8ZEWTKQQf5TacjgS85e:12000000000000000000:OKDOT:OKMYTH
1RremN7YbQ8UCDFTpo4fPZiqMVtyWyLCD9JiQPjEY1wjtos:12000000000000000000:OKDOT:OKMYTH
15syPNvuD27nL5uyu2BtPX5vPXXQuPUUokN65kBCBUVYgDkM:12000000000000000000:OKDOT:OKMYTH
1L1Bmu8gU5zU1tBc8cLjq8JhegWJaeZym9ejEAfPYu2t6Ro:12000000000000000000:OKDOT:OKMYTH
13K2anHY3n84nXgsyhBvpYoWZmpuYc5nsXZBLaPwSVa9CECh:12000000000000000000:OKDOT:OKMYTH
1GMfHRtnhbKZ8pp9beYaYBbxKX8HQxnXxbAyEMuuwBfnqx5:12000000000000000000:OKDOT:OKMYTH
12K6XtbgHu3kR5HSAxyQhGkY4jPAC2kbmNYffST91HPJUxaV:12000000000000000000:OKDOT:OKMYTH
168FLuGPRjQLfdfUZtvW4p7PpwzNZ1diDJ5XAEKQ9Qo92WCA:12000000000000000000:OKDOT:OKMYTH
1gi7CFvoBhzdBwM2pfKLcnGJijsc87aLpZpkFJvThVa23WA:12000000000000000000:OKDOT:OKMYTH
12mA2fF6hwYmQAkhQfWP766K3RLaSGwxqsg3kqpLxmQWUQdu:12000000000000000000:OKDOT:OKMYTH
13LRbrD1RSjyH9wXk2WykKxAFaEfGMwukYLdeuFkMz3DnByF:12000000000000000000:OKDOT:OKMYTH
142AWrxDtSYPd6qYqUfQUSbUnrpZyuoKJS9SNWkPVzcu5naa:12000000000000000000:OKDOT:OKMYTH
146wApckjkKSFPH9LT7PxCQJfKeyspsYaJUxQfXT9XsZdLfY:12000000000000000000:OKDOT:OKMYTH
12mterRtKGNWBVneMkEdTAWBb26yjMAFUoxbxcq8nC8j6DEe:12000000000000000000:OKDOT:OKMYTH
164GjkpgZovqVM8avkMtEkCDUPFmoTXjz4KvayHBuuuZ7fyi:12000000000000000000:OKDOT:OKMYTH
1EzgHpYqAVuFaye8niMUz4mdB1hnXqeWowD5nsMHmNSNY28:12000000000000000000:OKDOT:OKMYTH
1oQJKijCvkxn4zvp1ez3XXN5ckvhFUqy4pHtntxicQ8ccFF:12000000000000000000:OKDOT:OKMYTH
16YVn4bBonMdJjKFaTGfmctufUMAzBWoPWN8HV3CYAPCf61G:12000000000000000000:OKDOT:OKMYTH
15djWydwmWj7hqRJPizXThxsjoJvDRDdzUvMoMVBp18hvuQP:12000000000000000000:OKDOT:OKMYTH
13KXeCvc3TevBsGqWCPvheZtTsT4X3ia8YGKmdfAsg2yzpiP:12000000000000000000:OKDOT:OKMYTH
15maHeScLYkez62sV59drQZiHEEzkPMTG5g9q4DmB2i5DAu:12000000000000000000:OKDOT:OKMYTH
1YudQLpDdwan4EczSiESiNQCKq1452y1JFmmA33H1LDNG97:12000000000000000000:OKDOT:OKMYTH
13NYzffFFFEZhRr2m2BJq3UXuTMFyfEAJSK6knp4MBT77SvC:12000000000000000000:OKDOT:OKMYTH
1MMhJWzDtVoKtJe8LQ5B1nLKWWH7PVrPhx9Zj5SNotL1L8a:12000000000000000000:OKDOT:OKMYTH
14nrL7yUfsQ37nDZnXyNkXzWyQr9rVUnupYXVUmeEvrcc3HY:12000000000000000000:OKDOT:OKMYTH
16iWXo5wRjw9XbDFXVDiqiUUDW8ezDNTTLfZauGnxNBgof3d:12000000000000000000:OKDOT:OKMYTH
13pFwY7nEtzucuY7HGYQ3XQxnHLiaeMWDwAB1UQewWDtmEKZ:12000000000000000000:OKDOT:OKMYTH
144ADKa2mS7fNFbwtMgruRCC1RbJTBnCegBNchrLTTr7XSq:12000000000000000000:OKDOT:OKMYTH
1rdSW5WAgzW6DFXN8BXUUdazcWigvMokaeqMPsYrszngHNL:12000000000000000000:OKDOT:OKMYTH
15tCtVVzmT4HY9P1Dcfmpe64p3ogV6KktiA3Ti6gswEaydWA:12000000000000000000:OKDOT:OKMYTH
14XE6U66DCVLnQ6PAW8pAuWmbn4EqGzUXPZQERhDEY8eg3BM:12000000000000000000:OKDOT:OKMYTH
14iSVAAcYh4wJZwHcACS9hxFDiftAwsMtBEAN46hYU2QUimn:12000000000000000000:OKDOT:OKMYTH
14zhzVFt4ARraMyLk8KQFSHjVxDanUmeVMJ87TpqMhKzhQS7:12000000000000000000:OKDOT:OKMYTH
15KVsScCS83XMbvaVaZXPconjBHfM2zBY6sboVyCkic3yHyz:12000000000000000000:OKDOT:OKMYTH
1e8NkPCPWmpor7Gv9z8MQgN7cKApvm9z58PJpbfVp4pUFs1:12000000000000000000:OKDOT:OKMYTH
16BvCQQPx9MhuiPxBQiyr1YTNxP2HhAh7NLa1QfviEuKfR7q:12000000000000000000:OKDOT:OKMYTH
166pCed1mBxKrm7jwvqU5EbeixNEcpnjZD2bxqzJS7xm7bmW:12000000000000000000:OKDOT:OKMYTH
16YZP62fbcPGCMVUZuDStLQKf4E5Cz5p33bvxjWgNUN45a18:12000000000000000000:OKDOT:OKMYTH
13dCcjEhVSnJ8sZVAvsg2UQD2FKpBgRuR6p5bJdPoeNqKZwj:12000000000000000000:OKDOT:OKMYTH
1y6pCUMMxcqFCNyfxiEmJEjj4kRT7ECujmYeqAE5TWbUeXe:12000000000000000000:OKDOT:OKMYTH
1Bjaf5Bz5AH2pEGpCCw39Jo1MBqv2UseiB5uzTq11RvdCic:12000000000000000000:OKDOT:OKMYTH
16PFfqachhcpVECXp7hMiKSBEiATtqffze5nK7BU2YwygTDS:12000000000000000000:OKDOT:OKMYTH
14aCRrHcfYydaEsSzRx9LFbncxCwjWaVgTqBfRGnDnm5sVKQ:12000000000000000000:OKDOT:OKMYTH
14ufqa1M4U6dV9U3S8anhqRx7rjNRe8iqXPNMym91aw31uNm:12000000000000000000:OKDOT:OKMYTH
15qz7w8dAP9e48fe8BdNtmhbXmYm5mQufxuFYAXszrqYtv55:12000000000000000000:OKDOT:OKMYTH
191uqrxrj26vvntTAghhd5NhgNETwjbmmnSBRVtohJjFREq:12000000000000000000:OKDOT:OKMYTH
12aAtSFL3W4KWzw8pTMcB5jweHGdUFnZJZ7bxBYu3gymhgsi:12000000000000000000:OKDOT:OKMYTH
1QgaS6d9dYrdLo4S7nZ1PYrAmcXjQmB8sx9WYmxAuigMvsH:12000000000000000000:OKDOT:OKMYTH
1KuT8NoC9BUZbYefspDB2hgJGYyvaWNBrLtcwLrxWocPdD8:12000000000000000000:OKDOT:OKMYTH
1WhCTD6MVcAanZ6zQzWDt9CX7H7WWh5XPEAeE9HYt51VQgu:12000000000000000000:OKDOT:OKMYTH
13Vta46a2tQj8vfq6rFhkCCJpTTfyUHaFAMTCQfHRE4YD95p:12000000000000000000:OKDOT:OKMYTH
13bJgndi52dWywnZ9hXHjKzbqu24H14XXBndnEvDagecnkGw:12000000000000000000:OKDOT:OKMYTH
15gsexfs4pctmR5e7kvoP4ympKyJ9JKofoW5WEcJhetL6BKk:12000000000000000000:OKDOT:OKMYTH
12aunVU3BWgMk4zPhpGdjfWPN3rFaB6TTAoteP9FejTWE5rM:12000000000000000000:OKDOT:OKMYTH
1bk6GUM9qEPpFTwjhZ8uvV179CrmRMRaBTycomBrLVfK31e:12000000000000000000:OKDOT:OKMYTH
143gYuNneN1yjqqui7e19hcZvUbzBqv8rpNhC5XgbVFNGJFX:12000000000000000000:OKDOT:OKMYTH
14wwrMyLSKVLwgKKx1qVpgxj1n7ni1iMB18J2D6KDtTTXq8i:12000000000000000000:OKDOT:OKMYTH
126jpZ6gWDLyavyu8CB7n52Z7129QXNvCTa94o3hVbzQ3DdP:12000000000000000000:OKDOT:OKMYTH
16BQuAKgKGt8eHMo585qf7fMp2nqs94PvFQe8Tu6wTW7tCSo:12000000000000000000:OKDOT:OKMYTH
15sbjCRzBcckLUZJ9T9SwCbRG4b5y9HxF7hppQ1cGKwV1TNR:12000000000000000000:OKDOT:OKMYTH
1CCncRfdGVBjtQhB5qmhs7cKggwTX3Z1TiePEb38S8jV2Nt:12000000000000000000:OKDOT:OKMYTH
12X1TBQxnx6y8SaxQs3iPX2v6gcQ1csMrsnSbXPesyg51Bpz:12000000000000000000:OKDOT:OKMYTH
13gDu6a3DagJmMmhMxFQijzj5dbDS5bjzAqbJYWtHD1GWFjt:12000000000000000000:OKDOT:OKMYTH
1jNRuZzPCmCKsVPXytL2yVbmX4iTvtzYosKzQiS3ozDJTH2:12000000000000000000:OKDOT:OKMYTH
13NZiiyttyfzEW1UC7G9zAYqReJJcWtfyjFnRHr6GkRvBwp3:12000000000000000000:OKDOT:OKMYTH
15x4gq2Jk4QKjq1CYsmQSEb6W39ywcC6c1F931GgbbgZFLKd:12000000000000000000:OKDOT:OKMYTH
1ZVoCM343xZjTsiKCFGP6DKvgWFNRfKpERPNHrfy2fZ96Ft:12000000000000000000:OKDOT:OKMYTH
16RfrzHv6f5RcVBJ3uWbB4zy7suXaJ5eY8kkB9aKsJmxgLzg:12000000000000000000:OKDOT:OKMYTH
13ibpfuTia3Khbdggu5P8xa6ywRAXM5By8SGN2cq5sMqEZkm:12000000000000000000:OKDOT:OKMYTH
14dTGvVLpQePCo2qqf7oKTyUpWmBo5nyvdiC6AaM2ShPeAzC:12000000000000000000:OKDOT:OKMYTH
1mEtEwYF2FA52fwxZW8U6oT7XUM59mTNwAzxpgxG3uqX2kJ:12000000000000000000:OKDOT:OKMYTH
13NCLd3foNpsv1huPDzvvfyKh37NEEkGFotZnP52CTR98YFJ:236000000000000000000:OKDOT:OKMYTH
