16LfG2zJFJKcyWzdNg25cm9UiixjkD6tGVSwDAwWj1jhn8zk:12000000000000000000:OKDOT:CHECKMYTH
12uUqFC7YpLSnd5Ei2swKuVn2cqZoFqtiXuRS2Y2NkaLVkkr:12000000000000000000:OKDOT:CHECKMYTH
164ezMHwbmCFLVFNzGhgEfcHSqQs68111fQwBpFDkxFWKG4Q:12000000000000000000:OKDOT:CHECKMYTH
1dFi5ZLdYaTQaqWybjog1DsquMcg4hiX7NhDWzYQmh5jvSz:12000000000000000000:OKDOT:CHECKMYTH
12k7MqEPyJ9oBuCWE4qNE9PuKhLsAar56Whkv1BgDYnkNi2K:12000000000000000000:OKDOT:CHECKMYTH
1ESNisFK5qpyN9DGhkYxff9EDSRW5TbhZdmzNx7cmG9ry7Z:12000000000000000000:OKDOT:CHECKMYTH
12pKyr9JL8vT6etE5wggF9xxkXMLTXj4Y3ynTdcnZZBWLt1:12000000000000000000:OKDOT:CHECKMYTH
16bo18un4v7czpk42jZYjJTjxCEW2z8XN1NRmbrRGasYvKy2:12000000000000000000:OKDOT:CHECKMYTH
1cD94t7WY2y19NApvzeZopTT2VJwngziKEVX42zUbHzAjeg:12000000000000000000:OKDOT:CHECKMYTH
13nrtyjNDyjatMt8tfn9im1hxRmhMYwFQ9fTcVwgvCHeYACh:12000000000000000000:OKDOT:CHECKMYTH
14Xb3yvFytdaDXa6fRH28ZBY1QQzL77DTpHgMnBUJUJEWspF:12000000000000000000:OKDOT:CHECKMYTH
16dCB5wMBh1zBEG761Mzz2g3BywZ25uzTs1WxWJd5oej3rae:12000000000000000000:OKDOT:CHECKMYTH
12rvGw3LY5wHyQ84m21S8z2q2Uj8J6ydg1Zcdoc6LdjBbuyj:12000000000000000000:OKDOT:CHECKMYTH
13t2S9paZLFLpdPR4fbGJ9f6RgbSpcYUQHqMKVPyRRyV7LSx:12000000000000000000:OKDOT:CHECKMYTH
1265sAsn52Je5DGoVyrAkGdrgpBcSxB7S83ozHpCTCV2jms6:12000000000000000000:OKDOT:CHECKMYTH
12XsQJT2MZy84keVE4uE9aEUakjPSZrQ6eLFuwboqikVfoks:12000000000000000000:OKDOT:CHECKMYTH
14T7QUsnfEtYGUWd93nR6nYRvajLbpoNmkj3PEjHFp652dWe:12000000000000000000:OKDOT:CHECKMYTH
124FWDyQo4QdsERYQ7JysQszoZdK5wUbHxPyQAmdf5FYDkov:12000000000000000000:OKDOT:CHECKMYTH
14TdCg379RTweWhhjHzup9zYJ5MxpiR2WwnMYjd57yZ1PSzV:12000000000000000000:OKDOT:CHECKMYTH
15UtxFvJi2VnKH3nMVWRZAAbNdq2gGf2jTwK6jQ3aF9BqCTW:12000000000000000000:OKDOT:CHECKMYTH
14q3e8FYGPi1AAeZq1aHMQkt9FtMdU7mDY7dXiwxyvnCzffx:12000000000000000000:OKDOT:CHECKMYTH
15SdFMLBcdRcBTtQUU3qQ2kfUqdXHEGFNoCCpQNHXThDnTNA:12000000000000000000:OKDOT:CHECKMYTH
12HggLmN5AZcGtPpsbw4eYoth8ScpxjD8R5c7a6PYaLH3Bet:12000000000000000000:OKDOT:CHECKMYTH
16dEWweXgn8QJrR4dCPpj9qu53GqsJ5VmCEy7WysjJUtUyqx:12000000000000000000:OKDOT:CHECKMYTH
1xuVWFySmZogEz2scA9PqMB9mDKhXeuuzChUNw8sGUYmwfL:12000000000000000000:OKDOT:CHECKMYTH
1HXZYWvP8n7JTqFoB2GGrA7eTmAv9kVRx2hjrp91DcobeF8:12000000000000000000:OKDOT:CHECKMYTH
1dWwGZfEk2oLHGQUZvmLQ3UbkczfzAUq3r5ZEfPde2P9Wih:12000000000000000000:OKDOT:CHECKMYTH
1fKwM4HQttNw25X8kZrzWHMnKL8aa2APmi9hAXFh5Wm6PRE:12000000000000000000:OKDOT:CHECKMYTH
1PzmCciRM4WCip2ZrTP2mZj7uzpa21JwqPaY37YqS6wMGgs:12000000000000000000:OKDOT:CHECKMYTH
123D4B9t6moYhV4BNNUUxUuLpGT9x6RqBEE7fhCcWQwya3cg:12000000000000000000:OKDOT:CHECKMYTH
12smrmrF7zStBnZvSwkPvEngLM9d4MjFgRzny676RV2pLgJ6:12000000000000000000:OKDOT:CHECKMYTH
16eVrhdb35NuPBoEyFL7hKgzNVBk2dg9vem8NjsYaCDFYCw5:12000000000000000000:OKDOT:CHECKMYTH
16CEfYjsEniHgJtuFKTtM9X5VnyXjYaFhKrfcbNpQjyYWbhK:12000000000000000000:OKDOT:CHECKMYTH
12m5mX18gW4tdRFfLu9Xq5LegDFAQ93AGFUDBAg91ScKmY1h:12000000000000000000:OKDOT:CHECKMYTH
15xVHacchj1oLZbohk8kKDs8sX5LebHh281KStG9nhHpSVza:12000000000000000000:OKDOT:CHECKMYTH
1BNBLXPTMNf2ygF34ToqGXZJhjsKEjUDjCxy5shfNAd4mtS:12000000000000000000:OKDOT:CHECKMYTH
1aESC6dSXEn4nCEiQBHc8EzmXrHy6qqWgsZhTY5vfekstJT:12000000000000000000:OKDOT:CHECKMYTH
14bTeQSCU5qm2xCCxW5cYp3uCz2APgWjRL243W9mrppxb1QD:12000000000000000000:OKDOT:CHECKMYTH
13mbL8zhii9eSXytMpdagML6yt2cp2GgmixjKTuAUC9kzr8b:12000000000000000000:OKDOT:CHECKMYTH
12jfxJy6jVZAfYFFYbSNv9Q4gekYhhSUJ4ALYHygaABzPiYD:12000000000000000000:OKDOT:CHECKMYTH
12C3nC3ZNQ3tCvdLUF8VcVUYAqXo8o9K9RBSfohueufjiPRb:12000000000000000000:OKDOT:CHECKMYTH
15qp2UWhMhWd1AFWgtvFssFyq6yEG3763WHFA5c6mw9NtBH7:12000000000000000000:OKDOT:CHECKMYTH
14QeJJGh1sZxAv8vmaFcEqAU6fUQwRohCP6BxhywKvQfEmXF:12000000000000000000:OKDOT:CHECKMYTH
14otMpd6HeheGH8d3VAHyjW1u3Em9xyoCARjSVGL2FuaLG4u:12000000000000000000:OKDOT:CHECKMYTH
14QCnnoB8geuksBR5BU46nCBWqWiZyyhVjCz7QD8LSEqF8BF:12000000000000000000:OKDOT:CHECKMYTH
13NYwB2UqZzDtK7YhuxckfcT3GaLDxa2sQhixtPSHH9RaCfM:12000000000000000000:OKDOT:CHECKMYTH
1RdZraGSaHFDtfvVSoAA6Br14hhpCRgHEkZ5iPXh5nvZdQn:12000000000000000000:OKDOT:CHECKMYTH
15sHLJ2jLmEATDYYTsiZUekw8G6cXssx49zCMWDfUh9B9MVP:12000000000000000000:OKDOT:CHECKMYTH
15AWWwBbiWVTjZpdtd929As7E2YGFrbiGMRCiYmaHNaD69Ck:12000000000000000000:OKDOT:CHECKMYTH
15M1rkoETPDJn3agXVkWPdWK6PyBMhbkYoJQNebsQLBqYswx:12000000000000000000:OKDOT:CHECKMYTH
14CsX6gAHdEkSBuvez8LpsNA3Ni7CVbDQ1UePbgPRKkZsA8a:12000000000000000000:OKDOT:CHECKMYTH
1K4uQXbgiRXAuvh7R93onynaP21NHmpnp9i1gLrvSnMjKCQ:12000000000000000000:OKDOT:CHECKMYTH
15sxCr5DUbw9xujAScqMKRfExLErypWy7DH4wKGMPG5G2w7U:12000000000000000000:OKDOT:CHECKMYTH
164eytQbhY8JxRsaBApMzXBcN3JrujsCv9y14YQeD8P2dLSM:12000000000000000000:OKDOT:CHECKMYTH
1LLpATEEEX2M7pKZGpBqhRpVyKuiCxRwy4a2ooonPA43RPg:12000000000000000000:OKDOT:CHECKMYTH
16ZNv8CCVujTLYmPCq9WbkhZRqQJ68VNaSnAc5uTL3Z9W9hb:12000000000000000000:OKDOT:CHECKMYTH
16L1tWrpUp5Df84KkcVWBs92u4SG2F4PGkZfPru954BNmJi3:12000000000000000000:OKDOT:CHECKMYTH
14E5dYqLXGt5G6hgc49MeLrVFC4Rwwa5iSv8hq62ZkpXihyT:12000000000000000000:OKDOT:CHECKMYTH
143QWn7fkKpibdF84gTZRGXBzQj8P74CBR97h9U5fFnpq6tS:12000000000000000000:OKDOT:CHECKMYTH
13MSyhRW5H2FjsYPX39NoFPpiLJn1e37oBE9RMFDXD1kgayg:12000000000000000000:OKDOT:CHECKMYTH
13V9vv5rUTtzNfBXtKATcTFuy7pSa6bsC5JUpNd4TqNTTaqn:12000000000000000000:OKDOT:CHECKMYTH
1R8XFq24e4bZDmcSYrGoMnJKKB6nDCHi3S4V1eScxfBh3MT:12000000000000000000:OKDOT:CHECKMYTH
1kfnivvSpZtNYXYVwTkDJXrRPEv825sEbbTKt6T98NEkdKZ:12000000000000000000:OKDOT:CHECKMYTH
12FevHs7XJdWApVEVF9koE2HBQWcNuqBRRJ3LtbUjXftn9sU:12000000000000000000:OKDOT:CHECKMYTH
16AqpuhshGjsJKivPKMSpR2Xv4HJoPfqDc2sQNaXyzSqzmbw:12000000000000000000:OKDOT:CHECKMYTH
121bUHWzBe5T7b7Xu3JHPGFERjoU5gYXmFnSqhg6SWxGY5vB:12000000000000000000:OKDOT:CHECKMYTH
145rQWGc23aTAgrqGF1bvWRVUzZE5CRe9Aw4enKqtLBXc3wT:12000000000000000000:OKDOT:CHECKMYTH
12rc7PDuopqByyck4KpVFPpefYuv29oBnthFWxLqVyru6dZk:12000000000000000000:OKDOT:CHECKMYTH
166cYNaHNiGAwbaNEtYUs32hER9mCLfsyHYa1tgccYEDx3GG:12000000000000000000:OKDOT:CHECKMYTH
15KoHEUF4Z1muUFskTxTFyURSG5drhzxmAzSPf4o6ToLUYPb:12000000000000000000:OKDOT:CHECKMYTH
15KgZ86KZgf9S1zkM9hAHy9ABUr88kMGFJorevP1PtvefMbv:12000000000000000000:OKDOT:CHECKMYTH
13uAnrW9yBxrhGXhbfg6ht5LGctzRt1CuAwFkZWa7npZ3oGa:12000000000000000000:OKDOT:CHECKMYTH
138xMgiZxxtqZstp6rBDLMFazuwkeNKzAwagcoEYxTk2NJ9P:12000000000000000000:OKDOT:CHECKMYTH
15ALxLdxhesSXLrXsNnk8DmrjomPyKHnmeBLfcQm37gn4tLx:12000000000000000000:OKDOT:CHECKMYTH
13344qQ9pu5BnppoEK37JhZSmyZAfBu5Jms2v7mD8gzmdMHz:12000000000000000000:OKDOT:CHECKMYTH
13ERTzaNygNYnW989MheXbvb9RTznVx5mrBHweTSKV72yzF1:12000000000000000000:OKDOT:CHECKMYTH
13z4WKYyxX1kutamvNkHTJJAiBnPozNfZGbosp3ciMHZNTEi:12000000000000000000:OKDOT:CHECKMYTH
15ybuhdTw7jjMmrz6ZybcJM5zugzt1SktPEC1UUnf6bamu9n:12000000000000000000:OKDOT:CHECKMYTH
1kXXB2NpALnqDPzQXLxa5Q9VYpfUccAv6MsFdCpofS6Qou5:12000000000000000000:OKDOT:CHECKMYTH
14PmfLdMErbjK3MhyCaLgSihft99N7ytNSGn9tKqGJRgqbbG:12000000000000000000:OKDOT:CHECKMYTH
16MBXhaKYkDsQ3y2L8CpA2y9ckNthyABPdmom8JxU2827fYe:12000000000000000000:OKDOT:CHECKMYTH
14WjsnURqhcZM1jJbGpk761yg5B6o7EQsx9AykAApkbmPAUY:12000000000000000000:OKDOT:CHECKMYTH
15WpPjw7sRum5uawmTHKDvMtVKc41NA13Cki9L1FtQafiPox:12000000000000000000:OKDOT:CHECKMYTH
1rbQYUo1845QVbsJTa7JYRbgyS8b5kJciGj5xd1zTuN8ewz:12000000000000000000:OKDOT:CHECKMYTH
13sgXzhF8eTidZLSqWBVykDggEz5rUFYd9ZQygzdjqhDxaDe:12000000000000000000:OKDOT:CHECKMYTH
16DTXFhSGtosw6T4dfjcAY5cqQNnk16eyFJzdUNRirKwtRG1:12000000000000000000:OKDOT:CHECKMYTH
15pN36LMcP3bmFMEZHgkxBD4ZSr4hZBidJgQyDKqFMH1df4p:12000000000000000000:NEEDED:CHECKMYTH
15JQ6B1BMsQDr1eaFRDeV6qnXvzGFFGoipWyYTUjSMgmbHD4:12000000000000000000:OKDOT:CHECKMYTH
1ioiSFhbCbEr9zbJXeZPu6j2TW3P1edFCSU3i28wGuGqtHD:12000000000000000000:OKDOT:CHECKMYTH
14Jvw564MeHAnyKyB4qFKHHDveVrAxiedcMAhxLwS41kM6Ss:12000000000000000000:OKDOT:CHECKMYTH
16RMRKd1jJU2aaeWjMWNefvbTc5PwpXbM3uiDhKNyBJfPDvc:12000000000000000000:OKDOT:CHECKMYTH
12ozpeH9fVmNDw5VweWAsybPrsdxrnb5waYuSxDYw5QqzzJx:12000000000000000000:OKDOT:CHECKMYTH
121t69PbQf61UjbHu9CEQ42mSDyGzSZwohFaQgcM6VqCksuG:12000000000000000000:OKDOT:CHECKMYTH
12YiQ4WYu5buZgWz5vNCx2BR1n5FHjbf8upz281hr3162RVQ:12000000000000000000:OKDOT:CHECKMYTH
14uj2KwG1Vsk7sHXhC2WraBhsbwQRF3AVZXdxs6eAYr2p3BP:12000000000000000000:OKDOT:CHECKMYTH
16VGRsdb5QABChGQL2dkSRHqLKa6NFuGRqd9Ui926G7CHiPP:12000000000000000000:OKDOT:CHECKMYTH
12aXAan7Sv1nNiVvLrxRXJZTvC4dK4U9DxA35VUwu813ZgrT:12000000000000000000:OKDOT:CHECKMYTH
13hJtkx5BVXUBieJ8PuENpcBk5z7JGwkSKiUuy9ZqHvZMLLQ:12000000000000000000:OKDOT:CHECKMYTH
14fodGFPwjGcRCciLHdyDw6tG2U5gcGpu1uHVMriEjpNGu3M:12000000000000000000:OKDOT:CHECKMYTH
1292i4ZBhXE9PGm5t1YbixmPSvFa8MsEteU7pXHWPyV3tga4:12000000000000000000:OKDOT:CHECKMYTH
14JikD5gTVgGLq3N1mD5apUVijpr6cu4Q9xCC3S4XBSL9VP5:12000000000000000000:OKDOT:CHECKMYTH
14EpTztkuPiy98cq4YZxL92NoWF6Qz9khBCmYZMJvcGY3hCm:12000000000000000000:OKDOT:CHECKMYTH
13y5RsKHJndU31gakK94mVgnJU68Eas5KX7VqFzv38HU46iP:12000000000000000000:OKDOT:CHECKMYTH
13tsSGPBHfLQUFLyoD5cDVVb2rbwtr9sbbxdVNVGaHfmQJFb:12000000000000000000:OKDOT:CHECKMYTH
16TjVrVmDyL9e47TCBvt6tdmTUgGmb87MYWt9mRvVSN9pja:12000000000000000000:OKDOT:CHECKMYTH
16FxDSz3wkvTe8WfkXBk81ucwD2yVCE6VfmUWozBWUijohjs:12000000000000000000:OKDOT:CHECKMYTH
1prgX1sjmRi4Yb6AiYvuzrrFineC8kDjYRWeR8JxxoZK9to:12000000000000000000:OKDOT:CHECKMYTH
14QG9QbhSgwixtWqhSZbeed89zimnhYt7HcA83uVZ2hy824e:12000000000000000000:OKDOT:CHECKMYTH
13tRnkoXknckSVMSr1HqFAkmcZTvRgjmiv6uKpgJjFHyV8Kb:12000000000000000000:OKDOT:CHECKMYTH
12s7D2o259z1mFDUZpFszM1AeMppje8Tssvidqurx7AVfa3K:12000000000000000000:OKDOT:CHECKMYTH
1HmP8T9efYQhZ67w8q1kfcwGSZ38ydGUWujQ57inAngXe77:12000000000000000000:OKDOT:CHECKMYTH
15GNea5vsMtAXxTC6KuHw7XwPR5NG65YQq8kwJwdcF7u2eU6:12000000000000000000:OKDOT:CHECKMYTH
13cU9mSCfcdp8ET639ULKZQzSHwe3CfToWHh6cQ9DEgjHuFE:12000000000000000000:OKDOT:CHECKMYTH
13PmRSCtwscmiw9HkAAopoLSAgfC8ANt2EBNyyqjFx92uCGz:12000000000000000000:OKDOT:CHECKMYTH
1273Qv1NuZEcvkeahpa1D9JgUYMjsf8uAv7o9JwPj7ySWQV3:12000000000000000000:OKDOT:CHECKMYTH
14uy2u1QUbkaZfsuYQ95hTPd5NCarXdMxW9uaqaWujZHAMHG:12000000000000000000:OKDOT:CHECKMYTH
16g6hD7G8wLybqkPZqywXkTkyqY3dhQxYSizLte7eUwa1KA:12000000000000000000:OKDOT:CHECKMYTH
1kwKTBm3HMxpvymaTMUMzLL4c3Aw6pMrU5KYAfwxbQ7NfwW:12000000000000000000:OKDOT:CHECKMYTH
1592j6a1Z7Bs5cJ6BGqxX5BRB5L71WHUKEoRNWD9J3f4fnES:12000000000000000000:OKDOT:CHECKMYTH
15qf1DspbpujifreYxLLs4uxDQAyRxH2RAiKJDiESupVQkop:12000000000000000000:OKDOT:CHECKMYTH
19q9AY386sfcL2oJ2MeJdo4oYjxJKNgz7ZG7FrskvqmDBzC:12000000000000000000:OKDOT:CHECKMYTH
13kjC92nP3mr3WocT7d9Gg6FuY31SdwKnMVnUG1SbYbTXLCQ:12000000000000000000:OKDOT:CHECKMYTH
138qJ9DFp2hpAFV4itxCkiKwBRJJ3UaHkvrQ3qscVAGjTJdg:12000000000000000000:OKDOT:CHECKMYTH
15t8R6w9JpEKADswKrnUuKwXNYTSSSU9cSk8M7CCT9QZVTzJ:12000000000000000000:OKDOT:CHECKMYTH
12sAWUUohHihTtaJ6Vr8Rgk7BT99M3gUTEzT8LyqHMeh2n8z:12000000000000000000:OKDOT:CHECKMYTH
15jF3gZh5yTVSqe2MpMTyn5GZwvMrTrVuNFKZR3A4JPJLwXm:12000000000000000000:OKDOT:CHECKMYTH
13yEA45N9NEg4Zj1ZEbMKRHGi8RCod4osemvdvGU9N1Ht3sf:12000000000000000000:OKDOT:CHECKMYTH
13e5uMiqqTYtJjjPMHgYANzQ8h2swPDr1VmtcR7dbwDm2FYD:12000000000000000000:OKDOT:CHECKMYTH
14UBLYX8Nwbro64h22dSpmwgwwhnY3HGmrD1UqimfFijkvD5:12000000000000000000:OKDOT:CHECKMYTH
12KuX93CkM9RgaXm2FnTnNmh2jBo2ZaQoHvMaN4CG64SHpVH:12000000000000000000:OKDOT:CHECKMYTH
157B3BBTo4YPuGmTLUzQT8ru4XmVsNe6x36PYrueUQ5QwnHr:12000000000000000000:OKDOT:CHECKMYTH
1LK3JdMD9MF4KNmNBQ4XcFnmqNLMqFFpH7VQjdfg4JiUQMg:12000000000000000000:OKDOT:CHECKMYTH
14YkKQwFjN9bnUcoymfbM5MrcWTZ2pLZDWZCgyEeDYsA5yrs:12000000000000000000:OKDOT:CHECKMYTH
14i2KSXy4r59fyAME8uYxVxeaMUbQKbeGZrP5K2X8ECrZnNA:12000000000000000000:OKDOT:CHECKMYTH
12HGQHVY5Zr3oP9vHXTgxFAZ5kv4cqCLfjXCiC7eSA2t4Zmg:12000000000000000000:OKDOT:CHECKMYTH
13EbgdSCz1zmnfWWKMLf73V9din5d93DmkT8bDzRfo9HtRHA:12000000000000000000:OKDOT:CHECKMYTH
1sTD57xYQm9M7CLLnPWykvtytaCJdEi3vZ7CQ3FvHgpcWgs:12000000000000000000:OKDOT:CHECKMYTH
13zfnTygxrgDixgdhBzMYsr3RvBwxRtVeuTSkQxGXPoqzh4e:12000000000000000000:OKDOT:CHECKMYTH
13S4trYamc18VbrBoDQ1YCtbhmUdZps3VggqLJg9dasF329x:12000000000000000000:OKDOT:CHECKMYTH
16beE5EDRsHidWQaJPJRMNxKiXNPjBmbe9HBQkh4GzPkKNL4:12000000000000000000:OKDOT:CHECKMYTH
15QbMeN8NRpPGLTrEXTVZ2VR35pJsbLtZj9Hnmh1f7UPbaMC:12000000000000000000:OKDOT:CHECKMYTH
14BvsvunYKjP2iDwkQYGqpGhfkiMSM6fa4VSFJgJSgDyTLDv:12000000000000000000:OKDOT:CHECKMYTH
13EVgaB7H4TTLXHuZuAErdzrBCKbh2EmqmLV2ELeyfvCq9Wj:12000000000000000000:OKDOT:CHECKMYTH
1CCWYSJThztJWMcf3oFGZradTCiKswUMpMocmcufUuPADgY:12000000000000000000:OKDOT:CHECKMYTH
13tTs2ZkuWs92jEvTNWGy7VbAUvvVbu9gBpVp4vpVKWjGjhV:12000000000000000000:OKDOT:CHECKMYTH
16amHtinSdQS9rmw1DNxY1TbJVxGY5ywQ7sBpPKbDPpydeFM:12000000000000000000:OKDOT:CHECKMYTH
15vbCNuvWiXRVfQnzaa1mdEia3D72X8UzmfVjF3qzEqfRVsM:12000000000000000000:OKDOT:CHECKMYTH
13N1FVrCoUXmuAGc7EeHE4JGxA2eNif4CdAXiiVYzqm97CHN:12000000000000000000:OKDOT:CHECKMYTH
16T9hXobXPGcEf3JPtnyVbuMDpku4vAwdagtFSE6jLHnUarH:12000000000000000000:OKDOT:CHECKMYTH
15fos7BpXLQM6wnvSadPUErmRYr26vbovWQyvEuR5VbBD7Hc:12000000000000000000:NEEDED:CHECKMYTH
12HTqdHZy56vY7826DsfPTSUTk3xqb6ZoDZb9FjVXAcejv5v:12000000000000000000:OKDOT:CHECKMYTH
12HE5br33rm2kqj3iDfhQUdsG1nQgnoUTB2bjEhxiroiscMu:12000000000000000000:OKDOT:CHECKMYTH
1jRfbDDLYPzA6XC4quDM6gDL2zsWD5s1mWHWvdu9NRafxpK:12000000000000000000:OKDOT:CHECKMYTH
14UiwcFRWX6D7A7KDC1oRBp21YJc61XKNXTdNaxsXPw2Uo8r:12000000000000000000:OKDOT:CHECKMYTH
15o4J7dNsdEsFFcCZi7qkLxT61aby52Jwc8nodezf8muup3v:12000000000000000000:NEEDED:CHECKMYTH
13MQa3fyR5M1g6Hwc58HWBAMfpPym3p5czspEdHqKUqaka1N:12000000000000000000:OKDOT:CHECKMYTH
14Lao41zNjQ2Bj29fUCPtanX9kLUxNAxZCovHngQPfsCm85g:12000000000000000000:OKDOT:CHECKMYTH
13KF4f9TXmwQvmHc262EUEyphZqdZe31uQWDa78ueaknpzQR:12000000000000000000:OKDOT:CHECKMYTH
16SvxVxHVkKoZJsWB2fEqS6KWVLKWVVTWbKCYEnAdNXhgECv:12000000000000000000:OKDOT:CHECKMYTH
1uBTAJUvtFVhUm99RVm8y2b9yrmzfafW37X6ZXPwaK17b1G:12000000000000000000:OKDOT:CHECKMYTH
1h2r4NyVYbAsKkiUVVnewynMsct57j2yqmEUvcsYUZbtbuE:12000000000000000000:OKDOT:CHECKMYTH
16Ws12hSL72tPyPHU7J6YXGdzGBPozLAD8j45fXMBj6ZgmSV:12000000000000000000:OKDOT:CHECKMYTH
12JccFKjVCJi8th8ShUxiKPM2JkWbJnYfTgVbN6PNBfHGH7g:12000000000000000000:OKDOT:CHECKMYTH
1DpVXic1sScjZbgQYJweAZD2RfLB17QbPqxx6pHFa5Aceqz:12000000000000000000:OKDOT:CHECKMYTH
16F6LEes2YmW2cnYpgbhFrb9qVcFzWzBGuL33wrvziTyyq8B:12000000000000000000:OKDOT:CHECKMYTH
127nVuoCTRCdxQMT6BGLA6cGH7KxhZgnNeiZN5ucuZsFM6up:12000000000000000000:OKDOT:CHECKMYTH
15bZZkSU2cnGkPASR6Ait5v3nyAra7hnH7QECz93r4h83caV:12000000000000000000:NEEDED:CHECKMYTH
1HAz3ePL1uJF8DaxDgMKD7psN3qwRpD7fMQoVCChreJe6Lg:12000000000000000000:OKDOT:CHECKMYTH
1LyxEUgqibns7S4UJvgRaF2EtmnXtQ6KujCDVqJjz2AgMGE:12000000000000000000:OKDOT:CHECKMYTH
13Heyco1D3X3SQcGFnG2vqRsCnHKTP3RRQgYN7T4NNu588WJ:12000000000000000000:OKDOT:CHECKMYTH
14kSBZ2FyQgsJbrxUU7aN5ULbCyLf39ejpGANoMxtGV6UnXh:12000000000000000000:OKDOT:CHECKMYTH
16nEh7HWkbsFCjEAEb6xKj6B2tBQA5zwqhXFXArE27SDVsA5:12000000000000000000:NEEDED:CHECKMYTH
19kgS12eyHBN7n9TxZhpES2RnhEnm8KmeR5jXVrPoXRSLLU:12000000000000000000:OKDOT:CHECKMYTH
16cZXjMLgyVujQuAVmdUfty5i69vpQ2sKNdtCXy2agMkmQqU:12000000000000000000:OKDOT:CHECKMYTH
1dgbFznPCBERm9xz5oNrwWkj1CMt6eRPjSewCqGspCYqzNj:12000000000000000000:OKDOT:CHECKMYTH
13us25LxH9fk9bVzVkdMmrLdgREiAr5NN3FZ4FnBcmBXeMY4:12000000000000000000:OKDOT:CHECKMYTH
124tAhPifhFzpfXZG8DWg3koEsEGj4grCrcEndtvSWhEUztd:12000000000000000000:OKDOT:CHECKMYTH
13tAtLFzGZyYG3VUkpbSPXsQNW3XmCShabsLJ8y6d9qsdwGF:12000000000000000000:OKDOT:CHECKMYTH
1NMAk6BCZia3xSetbDWtrtTfUduWhvdWmgmnQHNER6GpFmw:12000000000000000000:OKDOT:CHECKMYTH
13R3a3HXZqENZzw1TsZi7Sw4yyFM6AjtNUSe4udE418GjPg3:12000000000000000000:OKDOT:CHECKMYTH
15qR2AFjn4dkkUfKe9sd9WtWFiiRsndio6VwyZ6kiMuHa3jB:12000000000000000000:OKDOT:CHECKMYTH
14K2Vzrhh9caRzUdND72ANCysXAxtLLzCAiBejTmmiGq8JUG:12000000000000000000:OKDOT:CHECKMYTH
14esjJqKg8P4zMdzLyogXJds4N5CEFHWMuBkZRoyhC9GeLY8:12000000000000000000:OKDOT:CHECKMYTH
16eWvRxGMjy8xzCYuzoZWhiwNYiAZ131m38PzJ5np66xZbcA:12000000000000000000:OKDOT:CHECKMYTH
126GiKUFKdEWPPz54RtKHpkGHdBznCz2ANsGzr5oZWJf6eB3:12000000000000000000:OKDOT:CHECKMYTH
1CYouHc4tpe5fE4Tz5Z5vYeXcPSRZ66UWy1SVR6on49vvib:12000000000000000000:OKDOT:CHECKMYTH
14oxNQ9HaX7nYR4vdDigofHPNjxXGr3Q7G9dBibQHGnwMKU7:12000000000000000000:OKDOT:CHECKMYTH
12cTVooXGh5XPqpLZgEbhwHHKDUPEbu3AHNEtsMo66sY3D8c:12000000000000000000:OKDOT:CHECKMYTH
16e2CAyHUgRiqVqLDQnfT7xxRNXEkopEXS7XsN1DCW6ur17N:12000000000000000000:OKDOT:CHECKMYTH
127dz6Xn4u5osDVLULMt15R93XH5TQ4VyR2VNKjBwebf5pmz:12000000000000000000:OKDOT:CHECKMYTH
14HcuwaKwqoYhMDe5mEPogmQyiMQe1AQZuJfyCRvaxB4uStB:12000000000000000000:OKDOT:CHECKMYTH
13NPz5gYfX34mz8itk4k1aeqW7QAuYiPjaFFCsPWrqBf28FM:12000000000000000000:OKDOT:CHECKMYTH
13SaoRf3sBPWjj1ve8dWXRFp47LFH2Sop62iqTQvVztbJnoH:12000000000000000000:OKDOT:CHECKMYTH
13hF5WGZZhEEZT9ffxHYaXo8dg62V2wdbjTyBbaNjhWrTEgh:12000000000000000000:OKDOT:CHECKMYTH
165AYU78qQMuTGX9zT4vgB7F1FgamVBRD3dQ4ejQLPnXExgn:12000000000000000000:OKDOT:CHECKMYTH
14Jbm8fcRRLPFKZLSgNwJPMLVDnNDZ6hRTSUqXWSUSAoTJXs:12000000000000000000:OKDOT:CHECKMYTH
1UkZYSpjvPyRGSuw4HrPxgL6cGvpQWv4Vk6fRE3NvpDFhmN:12000000000000000000:OKDOT:CHECKMYTH
12oPnm7vYxYhYRK1hvk18xKpcgn719UsmxLNbPT2PqP4nBMi:12000000000000000000:NEEDED:CHECKMYTH
14EVKRgh8xL8d3QkgjXKYQaGzcG2jBeNgCPn83srFddFErRQ:12000000000000000000:OKDOT:CHECKMYTH
13Qcn9ar8uCoMfPwcZCQXYQqX1XyxMze9FJLeHNTbzZg33So:12000000000000000000:OKDOT:CHECKMYTH
12BuLERrznN67HvCQGfqPMQPUyV6Gb92Smq3Zt6oTc5DfDiM:12000000000000000000:OKDOT:CHECKMYTH
12UT5e6iTnwuu5EaR7QAR1Lm8JepouthQw7W7L8TwNY5zecP:12000000000000000000:OKDOT:CHECKMYTH
15KFVKsJsf6reMkBZcTv8iHhM2iRFVTREQym3ipX6JKqimPd:12000000000000000000:OKDOT:CHECKMYTH
136M4mpBY7rCicVcU2Hg2xgPCAiX6GffoEuqUkuPrt9p4B7L:12000000000000000000:OKDOT:CHECKMYTH
12Zonn7U83DxB9Gv1ki3d5xPFxowtGAj6jSJp67cY1NRuw7D:12000000000000000000:OKDOT:CHECKMYTH
12Gku68jkTCh3MB93qyDFVqLdxMwhJVY8mMyQUgiduGupNvW:12000000000000000000:OKDOT:CHECKMYTH
17nb3V6JbsRC6tRAzvc19ea4gaWcRvpfyxqw4WqA6hxZYrZ:12000000000000000000:OKDOT:CHECKMYTH
16feWojMkaVntA7dH2ZjzCVWtg1EN5yWjGMEQAak4PbeieJs:12000000000000000000:OKDOT:CHECKMYTH
1NnQ88wcqnEJA5V7ZBFUELK76aa4H4XohcWxSrr5TDC8fMG:12000000000000000000:NEEDED:CHECKMYTH
12ABLJw1pZPULxMdED5sa9xrQGQW4Fnuv28Ep99WjgpShEbR:12000000000000000000:OKDOT:CHECKMYTH
12guW55MDjTGjcLwSP2WAKc4QjiTEEJkwqeUDRJy5BLDtjoD:12000000000000000000:OKDOT:CHECKMYTH
1gWZHC28CSqsq1DZZxLZiKjzSEZpPRvFf1rdE8ciRKSCT6f:12000000000000000000:OKDOT:CHECKMYTH
12ivX3FNSfSud9iJ4q2RhbuvjTDUmBUjcHVY4H8RkRvf2A19:12000000000000000000:OKDOT:CHECKMYTH
12smy8fMYiob25fQPTs5X4dKh5txSARfWgwLXTrgkUyvUweU:12000000000000000000:OKDOT:CHECKMYTH
11G9MvbiubwZVC4HoSthr2WWKRGxZx4uBgvTgf2SPKgJgTe:12000000000000000000:OKDOT:CHECKMYTH
12swWi4qJragoW6tJKBFbvGNV4RvYJTP7smRB4kararkGp5e:12000000000000000000:OKDOT:CHECKMYTH
13U8q1o4Ru54xeSk5u4FHYWC1yGSdz1vepj5zEeLkUW9mK9g:12000000000000000000:OKDOT:CHECKMYTH
1k7hXDSjjJF3pPwvx4XtCzSNPVQRysxUu4QrMRZtNMsz3xy:12000000000000000000:OKDOT:CHECKMYTH
15ZjfvQasptRstP6u1Gd3MkTpPtRmsxAtthQhpsXw8z46PdT:12000000000000000000:OKDOT:CHECKMYTH
13iR1anezkRei8FPmwP8T7yqArNFCuCL2HnuLDoj3CsmMuj9:12000000000000000000:OKDOT:CHECKMYTH
155U37oEMyND1EE4accUcCFzu39PQfSmyg84bdNC8xeT7wyX:12000000000000000000:OKDOT:CHECKMYTH
1RttmhQs4PjaxSCcjAvfySBvfHMnHYXjfCysRLX2BQuTsYn:12000000000000000000:OKDOT:CHECKMYTH
13zkkjD4725xZkmoRkVB973PCahizmxcYfzCCq33CPaXQQaH:12000000000000000000:OKDOT:CHECKMYTH
14DUsK4CatsguD6Ez8B4jkggT3aCLNTKYy6ioQTU7qRPKr6Y:12000000000000000000:OKDOT:CHECKMYTH
165o3qaoaHJ4vLQ2CLEn8cmZYq2r8ZNvB6U4sygCwbYgaJVh:12000000000000000000:OKDOT:CHECKMYTH
167qvmps7NC5LJDiXktq6KUjipERzYqWhAujeXfy41zc8EQR:12000000000000000000:OKDOT:CHECKMYTH
1559RLPXX3sgKbJKqoduUYZFiTyDM4QdjHhSPVAzZoVu22EG:12000000000000000000:OKDOT:CHECKMYTH
12xXaaDFzXYVBj6MUNjPGhiQeP8b1XfNbFoAwMe9o22dVPAD:12000000000000000000:OKDOT:CHECKMYTH
1MzygBi4pvnZsisZ4svcTF9XNTAfzDCE9UVbBsqscyfX9av:12000000000000000000:OKDOT:CHECKMYTH
14j9pwsrNcft3uZmMZYjZBp6LFjZa67Qu5H1hJhUtrn3B3MH:12000000000000000000:OKDOT:CHECKMYTH
12JdEbxx2DYEoaaRTqNhTtVZBeHLgK5W7RwR5bsCbSaNq3ZB:12000000000000000000:OKDOT:CHECKMYTH
1eD1x6vxVfHuW7eNTbnBhQfgEKLJyzzxJT5CXkbP3hJtuTC:12000000000000000000:OKDOT:CHECKMYTH
1pwhBYHHG5GFCf7QzBFYg4ZkBA6VFSZYJ3tEWPoVmXPHkDd:12000000000000000000:OKDOT:CHECKMYTH
12Z84QoR5E5eYyDwXY1YdV386kgG6Q9YVD6W9smu67kYXxgy:12000000000000000000:OKDOT:CHECKMYTH
16WXBxE9EC72wiLvfaGNJrmcEe6REjqXqGemuheuixWxdCjj:12000000000000000000:OKDOT:CHECKMYTH
1djK6JBpp8PcCwvaUo5qop6RMiKjW5S1zA9Tgp3gFSvt9cq:12000000000000000000:OKDOT:CHECKMYTH
1s2SNq5bNQumJ6umyiZTZPPCz4cDy2ZR1r21R1Pyg5JHm8H:12000000000000000000:OKDOT:CHECKMYTH
1MqySKBXfFrP5wxTPcKYihf5mSuLtsfoWnSTPWMVjNzjD7A:12000000000000000000:OKDOT:CHECKMYTH
12DrnjTmeZ4zWPz2JtJG6WYQGzpSTFmeQ2XDG6pHdfHJmBPx:12000000000000000000:OKDOT:CHECKMYTH
14RBsEUUP3cfx8EswGvLs71KBt3gVZXrTg1Mfnoz7enYPvV3:12000000000000000000:NEEDED:CHECKMYTH
1PbmCxPAL6MNsZ3dAtqgD5ALzvaE5CPA2CtXKTcoHCCeRt1:12000000000000000000:OKDOT:CHECKMYTH
14sdMLpaG8V892Zv3uDFt5oX8ynNAAhx3ajztkgnYwxfR2tH:12000000000000000000:OKDOT:CHECKMYTH
14D9feR5sFGYg7okAdQYh7iQtmTkm6zFmLhvVpzd8A4UJLBR:12000000000000000000:OKDOT:CHECKMYTH
12b9Q8UKdywS8h7WMAbmKFaZB2SXw4gRdM7N4vkjYr3JpVaT:12000000000000000000:OKDOT:CHECKMYTH
14YHsQ5aj6nbe24QXPsD6hhxaRNAqchKziamPL35R1bLLDJr:12000000000000000000:OKDOT:CHECKMYTH
14dyGt6PUASGFg9LibPso1H2icLcH6jDc3Rsu7PZkEdXBi7c:12000000000000000000:OKDOT:CHECKMYTH
15y9Y2FWzRv87fKGRd1ArXzip6ZChTKvokkJfNK8onMEyieD:12000000000000000000:OKDOT:CHECKMYTH
12Gigjc45o9rk3mkRzJbnrkfBETa3qrABrFpUD4LrXQNKgNz:12000000000000000000:OKDOT:CHECKMYTH
161eeTKAe6Ka9NFoJyxXTdCSo7Y9RJCNTbwHt19Suu3E3vmD:12000000000000000000:OKDOT:CHECKMYTH
15MWcFvR1umxccBbti3rG85fHeCC3SFVMRwtSsQc51Vgb5Ew:12000000000000000000:OKDOT:CHECKMYTH
15PZ22qhyqBezRnPfEa2tHKK2tTCUPFncLHGk1eCH1M8TTa9:12000000000000000000:OKDOT:CHECKMYTH
13JVUy9hj2GynnNo8jMgagDcCCNfmNqAghseJQ7RPL1DRxuB:12000000000000000000:OKDOT:CHECKMYTH
121S25nkCPd3XwowqyVwaKwzPZi15Qg1ogwu42tUHjuzbf1V:12000000000000000000:OKDOT:CHECKMYTH
15RVYFTpaugxPhAuZZGHDAXq8vcb3j9kp6JaA1Dbx19uAmet:12000000000000000000:OKDOT:CHECKMYTH
165WQp9fdz4M87jEwEQ38JVFja9BBaNo7grrAtTnE7LBa69f:12000000000000000000:OKDOT:CHECKMYTH
167deorcxcytQTsC1MZq26Eczm71dq5hFhrk4Ji66rJ2QCu:12000000000000000000:OKDOT:CHECKMYTH
14Wz6ociXfYArziMi4dxx6Nf7KbdakBJfiwJxVACSPMz1RX7:12000000000000000000:OKDOT:CHECKMYTH
12kwafoYYuLrLYSJv8omCWmNTi2ytR41JCmoDD144DLbQnfb:12000000000000000000:OKDOT:CHECKMYTH
14EztF3VgmkDsbaZhajiLwjQCgh6PjgsPoY8TNpwCvsgimEQ:12000000000000000000:OKDOT:CHECKMYTH
1fC5SbGBW9Def5JXVpocZvsht8EQB2WktuQhmbwfi6e6XhK:12000000000000000000:OKDOT:CHECKMYTH
1KTE2CCgnefuYxCuG96dV22HpWprdA7yXBx7vS3hFqyu31g:12000000000000000000:OKDOT:CHECKMYTH
15N1qbZeFfJYWaMtsd4agoaqKGcnpCqMZqFpP5Do6AX7pdTs:12000000000000000000:OKDOT:CHECKMYTH
1b67saPwfyHoJdNYnHVYufjKv3BDssnmXQMBxKRKY8rPqhj:12000000000000000000:OKDOT:CHECKMYTH
15jCEBnH36PDEDHWEbXKQ1qbF7BQVB8gN2C7XnScGfS2MX57:12000000000000000000:OKDOT:CHECKMYTH
1x5iwxJ8HRfdfADt9U7mZnfuDQS5gsvQfK2FK2VX5wonBof:12000000000000000000:OKDOT:CHECKMYTH
13RfR8DTR8aKPMdr8Nz9drJiaFpARWV6uYxt1T6poUyLkUDZ:12000000000000000000:OKDOT:CHECKMYTH
12yHnjEJfsHQXUsip6EzTDjhB9g6DYDJzUoMEzd1EEuQ6TPM:12000000000000000000:OKDOT:CHECKMYTH
14giN2P5j8xLkjKNoipgHhu498bcgUbnRbFiowzBaPMBpUpx:12000000000000000000:OKDOT:CHECKMYTH
12E3M5r3ijdS46zYBuzDoJPYUpghX9DU8T34JAJtiyRXTLuB:12000000000000000000:OKDOT:CHECKMYTH
16bzzZpoLA6pCSUFv8skMdbGHsNHEr1JFHa2e53s6KRf3CDW:12000000000000000000:OKDOT:CHECKMYTH
15XE5jL1ZbmMVeGdNmbVwX38VcQcCNNkBhUdE7kFgRgMg2VN:12000000000000000000:OKDOT:CHECKMYTH
132ZBDuPEhx91FtaSo8XTAFJwr1JGbsqhmANhsdZYbbL5ThU:12000000000000000000:OKDOT:CHECKMYTH
14Gbm7APdPJZnWSj232bebAMqfqWXv2z5v6ubGQLUz34o3jd:12000000000000000000:OKDOT:CHECKMYTH
14Fg93uDZ1nDAMjNekTxTL6tSTGCcq6eHM9XwdPpSyVFUMVi:12000000000000000000:OKDOT:CHECKMYTH
12XudvaPmjWSKkr7Ln4brGVmGG4Pz4AfXyzi7EXjJoSBa4SZ:12000000000000000000:OKDOT:CHECKMYTH
11DnS68GdVwCe9XZbtp3Qud5SagToGdmJF6P5vSUscpoiYb:12000000000000000000:OKDOT:CHECKMYTH
14FppzSfBfbu2Coy9TeaFo9hjBAtndpEVewfZyPA25rBM3Hp:12000000000000000000:OKDOT:CHECKMYTH
1GDvFRnihtCsGdGc9uWrh3tdRUngmnd8RmkPTjZVetHYFgq:12000000000000000000:OKDOT:CHECKMYTH
17yhWxQ52ZHXX7ckwHFRQRMpk4aukBw48YWZAy7XkRCqUSr:12000000000000000000:OKDOT:CHECKMYTH
15849vVxK2dwvWAEJv4YmWbGd6d8yESz2nVAeSKWDGLcqH56:12000000000000000000:OKDOT:CHECKMYTH
12abziCGkZKdytssPw16X4zTgZkjoKNacnfGbEd2BSgFwkGp:12000000000000000000:OKDOT:CHECKMYTH
12dko4MRQbxyjUq4jBsEqEPHUJzCERQwSMLHoGZzTuim7GJj:12000000000000000000:OKDOT:CHECKMYTH
15iVjbAGBo63BQkk8Yht8dvsBMU9TBUVHeYcpBcFPCdCNFbp:12000000000000000000:OKDOT:CHECKMYTH
15rsyjb4LhrHQDVd1NnqtC2XDTYGGAZbZ23HfxpxHZZp1E4c:12000000000000000000:OKDOT:CHECKMYTH
16cu55Z3MV1i19t3GidkntiwbqKw87vWdddR9CdMkDGNKdgL:12000000000000000000:OKDOT:CHECKMYTH
12sV51r2GJntALmLm1oZz18EQie6nEfh9spvWrGqhm6ApLDY:12000000000000000000:OKDOT:CHECKMYTH
15UsNgpt4DsTtvksQYs9z8cML3tyQxmWgaqv9N3xTTfxJFXj:12000000000000000000:OKDOT:CHECKMYTH
1D8xvG21NYZVxmGtLvXSFV54MmGmvF1gYd7DkiZqy1csWp5:12000000000000000000:OKDOT:CHECKMYTH
12kRA1pXS5n7enWXt9vv5pDwhWGA4TbnrMwZosuxQugmW4KX:12000000000000000000:OKDOT:CHECKMYTH
13wyKkqUAngDMTeBBcKWfeojFDicyAwEjrQkP5715ne8Epye:12000000000000000000:OKDOT:CHECKMYTH
14Sp3V8R4k8sT1zcA9b1oDHrjbTULXqCrGa1jG4s6ERveNti:12000000000000000000:OKDOT:CHECKMYTH
1655R4HRpf9um6MfWP22RE8qs244Vo51qu97Mtkym2hiGBWw:12000000000000000000:OKDOT:CHECKMYTH
14c9toZNPPcjw8jG8cqm9H5xud32zKJC2ZenQ1SLvTGBj7QV:12000000000000000000:OKDOT:CHECKMYTH
1FaX1Quney1bUDhfnH5Ad62S7UUcEN9HrRY9FcrKfCSrnpW:12000000000000000000:OKDOT:CHECKMYTH
123JLfrqtpyAUg5HDtvhe75FwpiVkgBW5rBPa8Xi9BGMWapd:12000000000000000000:NEEDED:CHECKMYTH
16kKLRkuNu7W2SBnhHERSBvzsuQ94uKGkXzbpjDQuwBrqnGV:12000000000000000000:OKDOT:CHECKMYTH
1t1gtRDpcGfBXdcngePuNBoakE6e4eoKEGN4DS5u1bizqF8:12000000000000000000:OKDOT:CHECKMYTH
12NCoZRMMDdXomZLmqHJPU6rUw4dfcaXqTHUEFiXv4PVSZUZ:12000000000000000000:OKDOT:CHECKMYTH
13aG2ajDTiLtYQ4BxuoETGh2kL2GFRHufDAJxgceCPWTpcNh:12000000000000000000:OKDOT:CHECKMYTH
13iK9GC4LaeLQjd3NTD9eenTxUoRNLjK8vYtMYnHUteUVjse:12000000000000000000:OKDOT:CHECKMYTH
15zRARyBzQFLCGWKovZZsgHXfBBMw7qzwfYEhvwPbebmMHPL:12000000000000000000:OKDOT:CHECKMYTH
14t6TVsThtwH8i3w8cmVjqvHtLBekKwU8mgHkBpsw8EXrPvo:12000000000000000000:OKDOT:CHECKMYTH
14p4Gypt5FBD6JQv9auHVR8JHqpccPR3Rmr7EhmxPsVhsJHE:12000000000000000000:OKDOT:CHECKMYTH
12bHeLNRyyrEiy815EpXhnzGQwPXgov4HSY6PK2XZ4GDBSRQ:12000000000000000000:OKDOT:CHECKMYTH
15UHvtWnn23rHdshmPWXPgjqkM4v2T2pzS5iWcFf5vrnzEtK:12000000000000000000:OKDOT:CHECKMYTH
13PBuTS2tfTSZMUJy6aeLjRe5dVFzTDWBdjWA8zSvYaLQvdq:12000000000000000000:OKDOT:CHECKMYTH
15mRfe4kAoUYwRMVqYoMbFF99D8rB4HqPxx87huksGFYUfuv:12000000000000000000:OKDOT:CHECKMYTH
12sQTBokQixHPGhB4FJkn3vkfefCKUFhNTbz7rowL8ycvmXY:12000000000000000000:OKDOT:CHECKMYTH
13cEeTJLYn8zbKPFAvEU5rgCNXsBumWR8SygH3H4f7xKwsKG:12000000000000000000:OKDOT:CHECKMYTH
125Ts5EhLLRjipz49BH963DFMtMT6egHKvRfavWWr5TwP3e3:12000000000000000000:OKDOT:CHECKMYTH
1thnymh7EbmaaY42qkEYeMoFgRViSwRtguu3DjKmyMGfH3N:12000000000000000000:OKDOT:CHECKMYTH
12J93iisWFsBvekq3dFDsStTJQyrogfcx5F5h6cDoxwy3UVn:12000000000000000000:OKDOT:CHECKMYTH
164VPN9DFXLak8HLHJUxLf5jyTZAQB55VsrFAyBh5WjwzZuu:12000000000000000000:OKDOT:CHECKMYTH
15HsLnZyW4my3RXrhCcGNQruoFSQiaUtTqDC5yVHMNExVFmB:12000000000000000000:OKDOT:CHECKMYTH
14TbxxNDjLRSPGHCAtpd4Tzv3jkAgb9eQLaC5sZuTzMP2Gsn:12000000000000000000:OKDOT:CHECKMYTH
16QybvJdi1JkUGAMWnoTyX1te7VECcz9UMFf3C41C6jkuhfZ:12000000000000000000:OKDOT:CHECKMYTH
12iwmPnedRi8sLE3ZJbSRhBkRodKMpgY7CiuJjDKgUcPfnL4:12000000000000000000:OKDOT:CHECKMYTH
1U4oDeDPDgAyy9wpmLZokkuz11Z74SLzmWVaPAQgm3oHWbV:12000000000000000000:NEEDED:CHECKMYTH
15yQHvYHpHX5VrBGxkdwbTvG56kti4GQ8rZYUNm6SLkMza4u:12000000000000000000:OKDOT:CHECKMYTH
13kUFESDWbkXmiNtkYffP9x8Q3ArCmQNwU2a1TDUdaK14geh:12000000000000000000:OKDOT:CHECKMYTH
15r18QspA5A895GoD1R7pXExhKijnUUCjiENqMvVzFEukbPU:12000000000000000000:OKDOT:CHECKMYTH
1xRD5GwoTUxZNgCVGK3TEZYqgHPQgDLstWJsrQMhoGrjtn7:12000000000000000000:OKDOT:CHECKMYTH
148SYd4gHretxtzPippdUDEXdpVx3mZvPoaVvA3NMXZnPV5X:12000000000000000000:OKDOT:CHECKMYTH
1367XuRbaSeJSyRHQv6SnFZhDkiNFPnR8Fucksi3g5GHqdB7:12000000000000000000:OKDOT:CHECKMYTH
14q6NqaKEspwcRAeDpUtvtQkB39ryqjq6UvsWqygDG7w2e5o:12000000000000000000:OKDOT:CHECKMYTH
12Qij1u8RKBDnnQTQ8oYSsUdqgssu1ruah6LdJLQQiUK7bvX:12000000000000000000:OKDOT:CHECKMYTH
14RaH7HfFijB9snP8JFStqa7x9cqc2cikbv41fbh7UejVfwk:12000000000000000000:OKDOT:CHECKMYTH
12QwCXbJVAdQ5HXhHvv2xzYQYKjPMUExuhkUSVZDVt6o8LCu:12000000000000000000:OKDOT:CHECKMYTH
13N1L4XM1Xb5Vscx6idziPARVdJLpiT3fMgtMzfNLtvjgiMj:12000000000000000000:OKDOT:CHECKMYTH
167rBxwi5eemhqH8jKa2KxYtWKMrVaiHtDhYUQ7ytg6kWpPz:12000000000000000000:OKDOT:CHECKMYTH
16RzUFAVAZZhtp7pcRvkEgSRT71SttQNY9AQghEH4hjp12eP:12000000000000000000:OKDOT:CHECKMYTH
12oXAKwh9J6sVyRBecyh6ka58R3UTZmrDhCAP6ww3jouymbr:12000000000000000000:OKDOT:CHECKMYTH
15aMchmzKtqU47dnLGn55KbtAUKdZcXh5fQyPypHaQHcVvBG:12000000000000000000:OKDOT:CHECKMYTH
14639fqKCpioiorRDcZWvmXQUUMTqcf197vhjhEiLavGgqz6:12000000000000000000:OKDOT:CHECKMYTH
13VtjB158fzNHSNa3H1efroLLsBXC4UipktSS4wXB3oR93TC:12000000000000000000:OKDOT:CHECKMYTH
15BzaUcZrcSQioL4m6yp6RkM3FarnWSTuN3XagEXDtj1ojc2:12000000000000000000:OKDOT:CHECKMYTH
1CToCaV5vEQe8ggru9vJuXua5Xxft4HcwttACREnaeRksp9:12000000000000000000:OKDOT:CHECKMYTH
16ZvhLhhKgXq3b4YjjGrn7DPrWNPZioiBuMaSkQEm2pxebCm:12000000000000000000:OKDOT:CHECKMYTH
13VKyo1cKLMjrRQrNe6ZxzGMNdJCcNWBq3tNzJFs7stBT8eg:12000000000000000000:OKDOT:CHECKMYTH
1cD1EHmLPLDxBMMrQGK17hB6B56bSjE4jeDmCfyA9Zapvu5:12000000000000000000:OKDOT:CHECKMYTH
12jwLJzvggoE4FYRTXtTFh2RAW6iro3aL1Qemzvg2Z5ymmug:12000000000000000000:OKDOT:CHECKMYTH
12D1aumSYGA6CfohZws9fvnDpxjSTkfdRGtqgj1RSX3GcE5K:12000000000000000000:OKDOT:CHECKMYTH
15Ww4vPWWUmVjzpvk6qRxwKaWgQusAa9i588XZonEVj7EgTP:12000000000000000000:NEEDED:CHECKMYTH
12rnqh4hizYmSrkEtcjsoVMoq8Xg7SsuguRokqWiQEYYwH6F:12000000000000000000:OKDOT:CHECKMYTH
1Vv5v8dXhQKkG8nbdKwjrgWT3VKydK2xAxzdZt8SfruzYdp:12000000000000000000:OKDOT:CHECKMYTH
1D6XMcdUjAarWNy3g2FohHm7PqYnSYZCsybjoZhYzZEQ4d7:12000000000000000000:OKDOT:CHECKMYTH
13TcnbiHyq3EHkEWA3yKeDoygdA8XhwzZq8MQG5gdGmdDLhb:12000000000000000000:OKDOT:CHECKMYTH
14ghEfqc3AVje7yzHMPWB43ydvTCGCAjcLCFN5YNfFVn5KMg:12000000000000000000:OKDOT:CHECKMYTH
127kWAky7Diq5LKAaT3PDXkWwARqQbNbhdNo8Zj4CbEDcPNA:12000000000000000000:OKDOT:CHECKMYTH
1TneC2cWakPLUh7YNL6TyTFeuos4xs9QeX3SYXtvi7Kae3e:12000000000000000000:OKDOT:CHECKMYTH
137PYZsXTP6NWuaSMit3kVMhCYsRNEnbjRxCRWivxJ3v9NS4:12000000000000000000:NEEDED:CHECKMYTH
12jQXv1BUhdPZyjvKg2zMTM8EruEQtyBEGBJ6smeSWotEsXd:12000000000000000000:OKDOT:CHECKMYTH
1zmKHfCQ1KksZR1Kj33BM4uXyQ3SRuLDZkZZF8VCi3yFRDn:12000000000000000000:OKDOT:CHECKMYTH
12JoWfrxRKSVy79YG9DZougXgzCSmgLRqqBu8b1VqxoaDuCS:12000000000000000000:OKDOT:CHECKMYTH
13rPA4G5aDwuJw2qrjkcTdTvB1HgDrjCrs4nrTBby96xacdm:12000000000000000000:OKDOT:CHECKMYTH
1qMjY1fcf6fCr4DHz43Z6Biv4vFtjaLiS6TZj2i6iw5m1ih:12000000000000000000:OKDOT:CHECKMYTH
13WNRA1jeUmvcndWoBhJGMx3PrJwnyMRr8LYx17z9GowKRd1:12000000000000000000:OKDOT:CHECKMYTH
1Az7T6MBLtDqtmYEL1q3WRoB3v5reyV9oM4V7wSiKDSKWKf:12000000000000000000:OKDOT:CHECKMYTH
14wbGsHZfwfE4etBgG4NW7Mk9LqjYXrtZM7FuUwu7hZQ2URC:12000000000000000000:OKDOT:CHECKMYTH
1Bczss8zGprWeUF8Buo45uHfBNuyP1DXcadv9PLEXwqM5WF:12000000000000000000:OKDOT:CHECKMYTH
1trFtMVc5RrpACjfZ1aQLAw9nFhxFftXyxVHpAJG6jxUxVc:12000000000000000000:OKDOT:CHECKMYTH
16YoxDgkesQYZBREe13MsfF5KSuXy8hpS4nFCpGEU8jCG5KQ:12000000000000000000:OKDOT:CHECKMYTH
157yWdHhKEk5Q1UuGGXW26iwzPTZjKLfckcn3wFgmLhpvzxu:12000000000000000000:OKDOT:CHECKMYTH
13TSsEFXzNeufTa1KSmuAJ8VQH4Q3Kr8CrD435pvNmzfULfs:12000000000000000000:OKDOT:CHECKMYTH
15Gcj3TqANPqJ3ZBMhg1TxehodSTAQMDxPYkyHmobkwCrzEo:12000000000000000000:OKDOT:CHECKMYTH
14ZtKiMXXSh6fYGwWmzeWQUUDU8s7cZhUDqSsBEM1vEssvEa:12000000000000000000:OKDOT:CHECKMYTH
12VPpwcVt4Qwx3b6Gz7ayy2jBvnPJCExpnh7CH1vWg8UHU2W:12000000000000000000:OKDOT:CHECKMYTH
1vrBEoNvBdupawTJiy2BtL3bBDdeqjFBQUPtNUvEFLYTmN3:12000000000000000000:OKDOT:CHECKMYTH
16B4mRBDh8vjyFKbLFwgYBSsNgumTcV5G5sqYVHG8TWPmNNv:12000000000000000000:OKDOT:CHECKMYTH
15q8JXmbdd6Vwg4TGJfRi5KR3u3xZAwDqVLvErXRbi35Q5DK:12000000000000000000:OKDOT:CHECKMYTH
13zdUJeSndUXnLYGW3Hg5MZzEnQ9h4r46YZJFagfbkAn46xF:12000000000000000000:OKDOT:CHECKMYTH
13r2soSW21Jg15LnrQ8iiEvzTiPrbkKpS7AhSpatiRbyafW8:12000000000000000000:OKDOT:CHECKMYTH
14L2UvixrFouQEsCBFQ4jAsuQAPD3631MCDUZ9kXkR7EB8m4:12000000000000000000:OKDOT:CHECKMYTH
15njY2xYAm8sxTaXeiPqUoVMWMEFro38VUMYxcMo7CQ9D9Gx:12000000000000000000:OKDOT:CHECKMYTH
14hCJs43c7L22EbLpfVafWR4NE7bb8XhQ9ALhhJoDohcaC14:12000000000000000000:OKDOT:CHECKMYTH
16c88oTY8s5ksZe6YkaFK9LZ5D8sS4ys9UZCYZCU9CX1gxtg:12000000000000000000:OKDOT:CHECKMYTH
16XxDjDKSqZgNJytxLHcPMc6rSvg7ZnCZ93osSYoRzLYjuw3:12000000000000000000:OKDOT:CHECKMYTH
1QjJNvuo5KjCRZQiAh2xNJvs7h4vNeDD76oBEAni3Ye6h1P:12000000000000000000:OKDOT:CHECKMYTH
13bgz4kXggw7d7gATto6WgiS8ah7RsY6iXGFa53aj7DA8nZo:12000000000000000000:OKDOT:CHECKMYTH
13kwByYP689n5mo1WrtDALDrSyUYjDXj5KbuEE1wmXHEHuSc:12000000000000000000:OKDOT:CHECKMYTH
128RcyyG9KJCjoQ4foYCoAeifNFswmWsFWxbQh1naXBphAd5:12000000000000000000:OKDOT:CHECKMYTH
16FKZNJNNW7A61vLooLQkPm3egh3oR9ZnDkJZKWQTpPJXWwq:12000000000000000000:OKDOT:CHECKMYTH
12hikxLHSwYt5myRqwuTfpgrnVVnmLbHv3nhzrVuAg353DVL:12000000000000000000:OKDOT:CHECKMYTH
13NCLd3foNpsv1huPDzvvfyKh37NEEkGFotZnP52CTR98YFJ:236000000000000000000:OKDOT:CHECKMYTH
