1yeT6ceegyMJtdZPsQpHwvfVDAYEqCUVEPHyvRiuGSs6HCN:12000000000000000000:OKDOT:OKMYTH
15weUfUzzX5Dbc8oNdJUNMnfwxBxVFuHDhpQdm7hrxJXt5w1:12000000000000000000:OKDOT:OKMYTH
195SsdGdkgkuJUDQW4XHZbuoWQ4new1X6X9A4qsHxXFVwKH:12000000000000000000:OKDOT:OKMYTH
13BD4q9RYQtxkUQLvyCksnN9Pa7sC5fGj5dcdxpojxGkoHMp:12000000000000000000:OKDOT:OKMYTH
1mZ4QEcJiUDL3yShezLua6oFwuTgHND3TPcfwJjFoH54bTq:12000000000000000000:OKDOT:OKMYTH
128AosNqfKpyjJFwWVtMjsGLEtgSqJWuBBNkgcKjutofWtqc:12000000000000000000:OKDOT:OKMYTH
14gBD9TNzEqxSskPzc2RgAnHm51ik4DazdvnxfdCvMt317pW:12000000000000000000:OKDOT:OKMYTH
12SzpFrsHfG73WcCDvS12tK4aEoGSyonwRa81ReXjB69yfWg:12000000000000000000:OKDOT:OKMYTH
15kV73T19FwfZW6UdkUHeQd2gbKKtRhq3WwgT4F12pPoQvXH:12000000000000000000:OKDOT:OKMYTH
13399vVD6dse84A1dyYGAMybvkSKd1MfkX46fiSYQVYmmAKo:12000000000000000000:OKDOT:OKMYTH
123PmG3VbdxT35YCrK2qmYek2CUeze4iAw39QUGPFWvf9zRg:12000000000000000000:OKDOT:OKMYTH
13fbRwZqKGGWTrDAzYhczoVEJcH5ocwxM3hh2WQm1CUS9r26:12000000000000000000:OKDOT:OKMYTH
1dKv2U5HtZ6BVJZ3zLj4EHPPpAZcq96s3nxYK46k2Baj2oW:12000000000000000000:OKDOT:OKMYTH
14QdoK9EdpqRBWWuXAzp58rDjfwpAvEQoYf4t6ypvr9duCMT:12000000000000000000:OKDOT:OKMYTH
17YoEe7jdEq45wxhPr4USaqukRHFv7UEd5JaU3RHPc8Awtf:12000000000000000000:OKDOT:OKMYTH
16n7Rfbw7JKCBh6V7e4YvvLDejbDFa7NtTG8wTCyTgELPtME:12000000000000000000:OKDOT:OKMYTH
127icPegxzVwr1bPgP8zGPEA4abM4uu26ZrB5gLFs6z3ocQy:12000000000000000000:OKDOT:OKMYTH
16i9jTLY2fbDxLUNxdhPdUzf4UknDrusV1PZAxkHnUvN57Hu:12000000000000000000:OKDOT:OKMYTH
13AyDkieCtnNQYqMc7jx6GpjPiP27Q9yJdtmGc9BV78A7Wqe:12000000000000000000:OKDOT:OKMYTH
1kCzsYcAsMx5YtYF5C5FSbDQzusLE8ndLxdx1KiWPLHSWAv:12000000000000000000:OKDOT:OKMYTH
12yzJ3jHvE9A88tX3eV74v8VoD5JszDNZWyCy8qBKw35EpUP:12000000000000000000:OKDOT:OKMYTH
1ryrkRM6JpsA3HRsicckPfKMLBWB2KtUJxwEtzpXhY5Zxsy:12000000000000000000:OKDOT:OKMYTH
12caHuMZBK5Rw4K5hxQyDNbvMvUdR63MByB1myGbvUNryQC1:12000000000000000000:OKDOT:OKMYTH
14GGi6wSzDvTdFWAa8bRGuJ7XnfxV44ej4y1PGdNXkK9VaiC:12000000000000000000:OKDOT:OKMYTH
12A51jB6kQbDZZ8f11B7j9vdLk6nE1ck16ewuxPcNhMvtaMn:12000000000000000000:OKDOT:OKMYTH
13Tf7YoCsoaAu8NcHehjyuFQWyYYgAShm6yAKv8gfG9u2Zp:12000000000000000000:OKDOT:OKMYTH
13mYdvqHaSpKneVVF6B4CjvZGHz1g9fkkFGSiMFiZcE1igxE:12000000000000000000:OKDOT:OKMYTH
14JzJb5z63h8eYWAL6jhWMX75o8B9CbpjnYmstaFXt7aP5uo:12000000000000000000:OKDOT:OKMYTH
14ZdFzjpR6hPiGRDr2F3subKyNux1eBoM3nDRp7zWT21PUrR:12000000000000000000:OKDOT:OKMYTH
13SytbrYixNoSXSLvAeqaa6tQ9ivN89HKyfHLQFmG1GbVV37:12000000000000000000:OKDOT:OKMYTH
134b5BJg5yiJHwrByLPn8b3x8jL4CS4JsuhQMujcAYTba6m9:12000000000000000000:OKDOT:OKMYTH
1VYMBV8ALYjPg9czwiEXxTfszYytjzYpEoig5X6kDHBegAX:12000000000000000000:OKDOT:OKMYTH
12WEjd1wE547h6iDdTQ7pDVBdg4ETP6jc53d9ox29mLYQM8Y:12000000000000000000:OKDOT:OKMYTH
15UmNM9KycjKtSWuyx5dsfJT3CVPDT75H82FmbyZDCSnV8Kr:12000000000000000000:OKDOT:OKMYTH
13STrY42kEfpq19NS84Uc78dcBmGw3AbnirxUD3c2BjehGLU:12000000000000000000:OKDOT:OKMYTH
1JCzQnpLKGYhfhbcWFK6WRXYMH7AFoutZHgrZmwWHeatyfY:12000000000000000000:OKDOT:OKMYTH
1kEEqH4wKm628zLNrkePyBesTRAWER5bqdRWxuU59zssjh8:12000000000000000000:OKDOT:OKMYTH
1666nDd1xQxRXa5m5wcrYU9H7TxnYAbcNn9i6uuXxtrm9Vks:12000000000000000000:OKDOT:OKMYTH
13oP6cDGHFUzSWqUwJFcHynYMbxYojqLjkczF84DFuEMjdyB:12000000000000000000:OKDOT:OKMYTH
15JGsAkF96zRw4ByqsrhNaWVjdTMZzBgirPjtvM9Xe6CpWdb:12000000000000000000:OKDOT:OKMYTH
1GrGkZin1x7QyZ8jEUiaZ2AJBx4uTy1G5ry6RWJDq7GMuxT:12000000000000000000:OKDOT:OKMYTH
1269JRfq8w1BHWPfyzcN1WDnapWCMqWvS7goC3uZKSSP33ik:12000000000000000000:OKDOT:OKMYTH
13ji7nEPp4jyFxCUELxvF9EAEzXqZecKVXAuHTA2p2ovW7RA:12000000000000000000:OKDOT:OKMYTH
131Uannvr8J3WHJjtKzrLRth7NScnmb4hPUZTftNY3uBoo6s:12000000000000000000:OKDOT:OKMYTH
1C9C7R5zBn3XSvfPhwi4EoLkSmYfX2rJVJCZKSCsntnfHpX:12000000000000000000:OKDOT:OKMYTH
12sVSDYj3ayH1GATkXsRjBRyVaCZVejBYUiFrkRFoFFxrpoy:12000000000000000000:OKDOT:OKMYTH
14XG9wPw2HRhYZPe4G7uNpxbJnvz3kHtQ7woJ1PtrMWfPTZ6:12000000000000000000:OKDOT:OKMYTH
14xhntHy8kVWYhrCPb8tBRKdtdiiEVovmUbSnbojQVUadZBU:12000000000000000000:OKDOT:OKMYTH
14xRZ4vkt83FePozTeQ3FPazHbguNs9mZcEBTRj9yJ2B2VAS:12000000000000000000:OKDOT:OKMYTH
14tgySPP2ZNUbEcbqNgJwWepZMbg6A1moYvjPgw62Br71Vua:12000000000000000000:OKDOT:OKMYTH
13wuFrdmzCw4PUsSTpQzXCpT5xXD3x7Jq5JbnDxiHhDbhFDB:12000000000000000000:OKDOT:OKMYTH
15jzwS5gmzeBAk3Vttpf7SYcbMZE4VxMcULWFYdKMRZXF8Kp:12000000000000000000:OKDOT:OKMYTH
131GiGRA3mqDJ6JB3dADQPJjqzxjjPQMheKfZSbNUs2H3VqS:12000000000000000000:OKDOT:OKMYTH
14SQ3ykHM8nnEigkk5VeinaLUNpUGaBwsRzu2GHBe499JfUY:12000000000000000000:OKDOT:OKMYTH
15UayggoGLJEB1wjFMiyDhhAY8doMCWvfxxrxTHzrpbD27Ff:12000000000000000000:OKDOT:OKMYTH
14ZsvGvPyWXKGZaXAwAnqYdnCk1YSKo6piJdcYtFT5XKX6Qo:12000000000000000000:OKDOT:OKMYTH
14enk5jfjgGkHqyuBPb73cW41ztf41pNcLZ7kjup28jC9sxX:12000000000000000000:OKDOT:OKMYTH
1kAPJpFiiKUbjbjoUFNyqQGAC4MV5XCKHfm2bp4D1M1qrrv:12000000000000000000:OKDOT:OKMYTH
13Dz3LtTKVG5HcyWFhKTGdQjLzM7ZurY4VzgGTuXXX6LbQ8L:12000000000000000000:OKDOT:OKMYTH
13qXNbfpTZXq979seESdXNcs5hDuVfaSszrongVb5oHYhbRM:12000000000000000000:OKDOT:OKMYTH
1h3zD6Xpa7YfV8WrZZ6J4dWgxtgZRJmb1vBXSpETcMw8JYn:12000000000000000000:OKDOT:OKMYTH
14j5HcnWAGvNZbhHFHJjq3mzQYeQGrFaaQKDzBW9CxdtZSr6:12000000000000000000:OKDOT:OKMYTH
13KjeWKcCJtxvtQG6UHy1XGUFc9uXBAEw7myJtHgb5bMFMCC:12000000000000000000:OKDOT:OKMYTH
16bDuwCwjanFrNqdYTAGDGbFdW7cj65NeAGkPGuE7hn4gr2m:12000000000000000000:OKDOT:OKMYTH
15QCtUgT7KHZsuf4ytMvRW5sq4GBu5Vnukaq5XbFZZaanBZt:12000000000000000000:OKDOT:OKMYTH
16TafMqZZ9qqppr4V3PHWgcArwd6rtcRNJM5JFApZVg9Je29:12000000000000000000:OKDOT:OKMYTH
1mezaiiDYvYQE3EzaSo7i8yDKxGusrjCZEwSCuprA2qVxKD:12000000000000000000:OKDOT:OKMYTH
14qDGo6v2SdpkZuC5tNm2KsLaUeyPH99FgsG3JBGAFPAzCV2:12000000000000000000:OKDOT:OKMYTH
16iYn2J6hyhpd1pEoqAgQ4fsmkmoCJsKfKNBqWagzFUkh6z1:12000000000000000000:OKDOT:OKMYTH
14jSw2hTpwynmFvALU8wjewRYcM8HwnZtUnsCN8S4E7vrz8W:12000000000000000000:OKDOT:OKMYTH
13fjjrG6aR8UYSdoGbn5NWH7pdTH1jQfUuCoX2ocMSnYpQep:12000000000000000000:OKDOT:OKMYTH
14BTvB8ovfAe7Cumkfhi4NyGNW4KTrucMGHqF6A6eECfbMCY:12000000000000000000:OKDOT:OKMYTH
16DUYferMNeZ5SjiBXwzWuhKjDvaieonvZxtcLWFUJKz8W8z:12000000000000000000:OKDOT:OKMYTH
16PXqbGg9mRu2d7776T5yzxMYZdDH8TePdmqb6MGkm31vmSo:12000000000000000000:OKDOT:OKMYTH
1QU915AwvABRnSDpmrELs8FMEmL8zhhQH4iC3Nw4kmtzHHM:12000000000000000000:OKDOT:OKMYTH
16KNiUFg3hyq9dJDhAB2MSpiqJECWCvaBau411v1BZFRx5AU:12000000000000000000:OKDOT:OKMYTH
14bkEbRZcpoHiSyw8rkR2TnZNe4WCYjtB1iARmAtXATxVA3T:12000000000000000000:OKDOT:OKMYTH
13nek35eVxxfSvZ2uimpc8Sgmgtu2BZkMKGyAi8d4y7Egro3:12000000000000000000:OKDOT:OKMYTH
13iULUKByMZyFj13UxoaNRvGgiqYzesx5mu5qVwcKSuEbifh:12000000000000000000:OKDOT:OKMYTH
12EP7e5L3wWRm5x8iiRKtaPyNBYcdGx2QwyfLmx8rphXk8W1:12000000000000000000:OKDOT:OKMYTH
15YXoyXoYQHGPPsXB2hxWXituDqt3vF6jJEBtTgvkgcojfR3:12000000000000000000:OKDOT:OKMYTH
16JQQanGo8RJTP7KKAWTG1US3fn5XZtfG5XbSNaLHu12i3o:12000000000000000000:OKDOT:OKMYTH
1QjAeuDf2jdkW3rQjDDqPNTpkTEYWcd6nakv2Cxzx6MLogG:12000000000000000000:OKDOT:OKMYTH
13TpmGBvW55GmoeUxQfkxiL85BEjegxDUYZNCrDAt35KTGG9:12000000000000000000:OKDOT:OKMYTH
12DCQMxkF2RuFBLnwG8pkGdvNsWR9huTEY9Ud1ZN3MjNGpHT:12000000000000000000:OKDOT:OKMYTH
12CcG25g3bqjujzCDywvya8JQJK9eeHHz6eS3Wt45RXyRdjL:12000000000000000000:OKDOT:OKMYTH
15VPxDNq3F7Sf94LrXvcP4XDukxNwjanUw4Psg89sSs6ba6L:12000000000000000000:OKDOT:OKMYTH
12pRanxCsFr2fxqAE8iTyzpQz7u94bgDb8EL2Vm4kcBA9nJh:12000000000000000000:OKDOT:OKMYTH
16A44zE7tVnDWdRovEDqz68tdFJVWGv6hhoKde8ytRsy8T5m:12000000000000000000:OKDOT:OKMYTH
16YPTWVxwXZiYybLY9L6hQdVkHEvNff92byVde2JsCqYdTu7:12000000000000000000:OKDOT:OKMYTH
14ibpPFT2xFwXVZKUJ39Uyzn2fMWiqrKUQ9Jikwnt55cEM6Q:12000000000000000000:OKDOT:OKMYTH
12CF5Z9xtgfg5KvTszfQRqHxB74aUSLBk95vRoSw3sCEGpvZ:12000000000000000000:OKDOT:OKMYTH
12CnRLjMRm6NkGxtWyia1fsP59L7kvas8RtriUevjGDKwn4b:12000000000000000000:OKDOT:OKMYTH
164BMZiVrESQN7erHpPj84ptUtV91Uip3rZvsBc3hMkqGfTz:12000000000000000000:OKDOT:OKMYTH
13DdG56KWJcM96BUkkZvuddU9fSWG7GLSjjg3Q7FnodcRuFs:12000000000000000000:OKDOT:OKMYTH
14CJLQnuYteqBvbsJzGfFXg2YVN7b1bzeUmbsoj7rRrsE4fB:12000000000000000000:OKDOT:OKMYTH
15ynuRamRZAFGxPLKf4d5gN84CjnrFh4iQ7BX14uuFtKGjQt:12000000000000000000:OKDOT:OKMYTH
14vRhFsV5VtuYPUD83ENcUKfaF7tcCvB76ywS7JHUww3TvJ9:12000000000000000000:OKDOT:OKMYTH
1574mL3MBKtkFnL2XXcgLwv62aQtX5xTdKiriegyJQjcuiZr:12000000000000000000:OKDOT:OKMYTH
157EsbQA2Y94Ai6v94mJeNFaJCH1oYQZRnwR4hGAmTtXtt7G:12000000000000000000:OKDOT:OKMYTH
13jwv7aoD3nwoFwasC5ar3eBrZvMHFzyjVMVgFDgh4sERg2j:12000000000000000000:OKDOT:OKMYTH
13t38vFpWXNmKcZwe1iJqpj8NULrcaCYNJYgVzhPk8rMx5cy:12000000000000000000:OKDOT:OKMYTH
15MW9RtiJ4qyT3AeBqF333E8fMnc1XkY97wLKrdKZifkF3Dc:12000000000000000000:OKDOT:OKMYTH
13ntsja1YVD5EbLmALhArc3ZWx1F2sw7YAdHVLNyA62Rt2uD:12000000000000000000:OKDOT:OKMYTH
13nv3Mk1ZJHCbg2tTT4MSUSgXh2Xym3WNG6hTEB8DAj485G8:12000000000000000000:OKDOT:OKMYTH
1Je8mSfxKvKUxhhzAbrwf18a4rdKaM4Rwhns9K7991NyDmu:12000000000000000000:OKDOT:OKMYTH
135JKsCBamkf7WymksjEjCcKU4i8RU5F35jz2eBVr8UavNdv:12000000000000000000:OKDOT:OKMYTH
1VCjA6G45mwmc7QtjHaqgvLoQPvwqKYFRM78XZMR8goUecQ:12000000000000000000:OKDOT:OKMYTH
15koLszaboaHTWsoxDBSpMcaXTu81jvgqxrn5JWRGhkzhx78:12000000000000000000:OKDOT:OKMYTH
15yD7u7NtYZfCTnJxFdEAViEiRFsWcpfe3wpx2Q1x7m1bZbM:12000000000000000000:OKDOT:OKMYTH
15kMgU5fQKBeqeyPBkKUWFVu7mbGH85G63oaVdJifeTYbqG8:12000000000000000000:OKDOT:OKMYTH
13C2zPCv4UGUUoeMHMtVcsuzB2oKgK5T9Kc1T2nPx8EPfiez:12000000000000000000:OKDOT:OKMYTH
16MYkqchCq3wj6auQRK3wpJRgd6Z5o9o5kQegSLQ9go5LMhV:12000000000000000000:OKDOT:OKMYTH
14zrZ3A8zrxotW947BA9XQbGfFy1eDV6DVw16FnRjWTYtC1o:12000000000000000000:OKDOT:OKMYTH
14E3oW9wmHt4C6UBdSwLFFCw4WaCuT2s6nxTQGHfEuxsTjDC:12000000000000000000:OKDOT:OKMYTH
1Kx4izBb6jBZgporjmGUCifRZCJWe6SDibnT7e4GZjrjATq:12000000000000000000:OKDOT:OKMYTH
13TvWbWkNpDC6BvwSLZhtRJGqXSUuPQBSbW1CTaJatBUQ5os:12000000000000000000:OKDOT:OKMYTH
15GeeTRtsSSahnKvQwPoLMN37hoYNBP5f18tjCwJuNzk6B6z:12000000000000000000:OKDOT:OKMYTH
14eSwhvBH2NoEdVjd3X88C9z5rXvS13WoUwufER3pWZjrfCu:12000000000000000000:OKDOT:OKMYTH
163X3vfSoGNxT5XNYkmZ4JmoSbRXJdY71X5SLT8PL5ieyZTa:12000000000000000000:OKDOT:OKMYTH
14AksgUtKFzC33moDyM43KtNES2E1ENBoQMLVWoUfvRikof7:12000000000000000000:OKDOT:OKMYTH
14SJn1DPfTPLkYXRMP4jEvo284zAb8v6CsFfMPgU3TpZUuN9:12000000000000000000:OKDOT:OKMYTH
14dzeYUcUJ2ionB3HLYdnnGSZPsuZ1zdXqKNQrmrw1nZYviC:12000000000000000000:OKDOT:OKMYTH
1K4oBXarBdf6gsRPSjeGmkLHfWrToGTT7XJ58avQaCW5zV6:12000000000000000000:OKDOT:OKMYTH
13xA41ri1Dud6Ep4i69joRcnxE1Wk7wQwVLG3cxMCh6Xkbcs:12000000000000000000:OKDOT:OKMYTH
13x2Tt63EvgJTYWQ72nUBax4Pbs72hwvAkytKnie5UsWV17w:12000000000000000000:OKDOT:OKMYTH
1ssUAYoR3Li5BHXLJFE53kTyMMeY8tLh6Z7sdHTyybC4HLx:12000000000000000000:OKDOT:OKMYTH
16HcuySw8q6FLiwPJke8rDDiqjTuD5aTfgcMVGDidX7j69vg:12000000000000000000:OKDOT:OKMYTH
12SHWAorQXCEpEoSDMXYSQrPvewRkxfZ92U4PEB37GxGYBqi:12000000000000000000:OKDOT:OKMYTH
12xaLgVo6p4n7kH1nodHtcAETiAwJbqgGpqqdDGkgfuVkkNE:12000000000000000000:OKDOT:OKMYTH
12KtG9gpFNMAF7t2JXpNKLYrrxJocArGaMFaoGfX3zon7Pkm:12000000000000000000:OKDOT:OKMYTH
14b12YPVde3SGqRjXKvFz6N34y9X3ZopueWvBjCjoRnNhrRg:12000000000000000000:OKDOT:OKMYTH
14ykr7pC6yGZyi4D1ptL8z1CzQuiC741zwWJPdEGubNwSns9:12000000000000000000:OKDOT:OKMYTH
16U7CR9ieV76BrSi8BfkcMR7ddkQv4vUweMBDRxyR1U1QhP5:12000000000000000000:OKDOT:OKMYTH
13RyLs2YWycXguztS3h5KUydPnG17bZfnQjE6WSoTXEgJBh6:12000000000000000000:OKDOT:OKMYTH
149ZboTMuD5xo1o4oDfspvs8WBvhUt6tPP3Ur5j341iPE6mj:12000000000000000000:OKDOT:OKMYTH
12GosR6H8NKJZmwWtMMjWhAGWfptUabLEiHHPtDswEhE2Pwt:12000000000000000000:OKDOT:OKMYTH
16HY8xyqVZBtxYFLSjuvJn4xchuDkcCSdDBicdMiSSiWHswk:12000000000000000000:OKDOT:OKMYTH
12xFTAbnS7gCaw3VL2y85iKJQVsf4bekmdjdAVZB5UnyejGB:12000000000000000000:OKDOT:OKMYTH
12G3PekNK18g98jp5dYCGQycCLSKQafA81hHivkQWPjnWSxM:12000000000000000000:OKDOT:OKMYTH
13HbFSSuPpiXEQ6Myo3TeTjmJxxygtRJP2vQf2374FY9viWa:12000000000000000000:OKDOT:OKMYTH
14BnYuyLh4mVEX9frfPuRTJRmPXXu7Y7BW1QL23nKdmx38fC:12000000000000000000:OKDOT:OKMYTH
13feZSPL49nKtnCtTW7zuNMQBd51MdyQYmRpAm9JajYvcU9y:12000000000000000000:OKDOT:OKMYTH
12y7atNKhsK3L2dvRAcTcJAxt546NnDPszGZZavK2386H8oC:12000000000000000000:OKDOT:OKMYTH
13Q6b8ncNFgMs7P5fpTnePncitkszHJujvgphVNQ5hJ45Ck7:12000000000000000000:OKDOT:OKMYTH
12ZgQMvuwdeVjLUmr2U8NXvQKhTRG6zivCQLCV3hpjPTyuM:12000000000000000000:OKDOT:OKMYTH
13KKwpVFGNy5CbMZwJyJEKZN4ir9m3eXr64R89Z5zoQ6Btcb:12000000000000000000:OKDOT:OKMYTH
12YV3Ja1d2Rsxh3sJaGMeSjYFyuamufGrxwGZXnNdSXUKAdo:12000000000000000000:OKDOT:OKMYTH
15krMVRvddUrcv9tcdUcqNbq2Ts1zKT9mMXUWduFL2ti31SK:12000000000000000000:OKDOT:OKMYTH
1qcRsZYxBFVyAKZWW6rSaHdrhk3KhrdWDvttUFHdE786s2c:12000000000000000000:OKDOT:OKMYTH
13fk3ZdGhEppv1EKybtspTe9CHhR3x59WJoJUzxn2uAtdoXW:12000000000000000000:OKDOT:OKMYTH
14VJP7mbVdVgnnv3FvD2gFEuxKx8bbJRJ3u5u5wduKpRmKdk:12000000000000000000:OKDOT:OKMYTH
12FoH7YbnP5zzUSg2ufwitapnHAvdPvP1m9gSk247RXbgkNq:12000000000000000000:OKDOT:OKMYTH
13GEdxNNrx4xSYzosHv9Z5pFBNtRnfJzdPmWzptpmkgfcWCU:12000000000000000000:OKDOT:OKMYTH
1425EwyGZUEbjbEQAGVuyEmrhjjMoAF775UrdChSe4LGSwcY:12000000000000000000:OKDOT:OKMYTH
159H6S4PEEU3G3Wo1P1RvXuUoueZdf7TnBTJHQpzSBQL7hm5:12000000000000000000:OKDOT:OKMYTH
1669MDfGSHZ9DTUWrVHzbqw4oi9RcpkPN7QEUrP6ufvTfbm8:12000000000000000000:OKDOT:OKMYTH
1Rfb53vYTWvfmassLnLxyjsTNRg6cTuxTtSQbxtSStHF5kg:12000000000000000000:OKDOT:OKMYTH
15DuLmMqkMT2QGx9PVRMbmrDUGaj1SqKGUuxi8J1eWT88z4Y:12000000000000000000:OKDOT:OKMYTH
16Qh2D4HTjz47NJyeroeh9BeMuXCstwXceS3iat1oARMbFbu:12000000000000000000:OKDOT:OKMYTH
12hwZRzsHatTEqS6ZZn7SdJixXEGuxYdPT62qXesxRxQiDcY:12000000000000000000:OKDOT:OKMYTH
16YNduNUb1LuMbzEjNeDg4fjJTHpRDuogKkVtmZ9F72UrSo1:12000000000000000000:OKDOT:OKMYTH
12uvFJJJ2paR6mqBViBcrbk1HokCHGjM4xP3YCwax43iYRqK:12000000000000000000:OKDOT:OKMYTH
1ieNvbjdbdmipEqJxuW8T9soZ9m2QXM7LUNyo5jAnBHTcig:12000000000000000000:OKDOT:OKMYTH
12oHuR2b45fdVFPepv7u8eXd8ebaLdysx5MWLr42fgcNTd2J:12000000000000000000:OKDOT:OKMYTH
14RoYwKyUN2jSxKRu8DS64sL7t7v3WmStq4oodgtb8DMkqgR:12000000000000000000:OKDOT:OKMYTH
15M8nzfYwh6ozsHMqQawuwMxLzT6HgbJyDpxvbbgmEMTMACn:12000000000000000000:OKDOT:OKMYTH
16AnjWZZ8usRgpQ6Pva8onFhEEssVwj8SGDHQLzndbeP6zdf:12000000000000000000:OKDOT:OKMYTH
13pR6M5i9NDd8AbEL6rMHgmMSwfSZo7SfqFNgZ47uFtCntZ4:12000000000000000000:OKDOT:OKMYTH
14u6pvgwoU9nHcgu9dtDSuUVrRq6cCo6ffJG3ynN5KRDL2JD:12000000000000000000:OKDOT:OKMYTH
12kf8wQxEeVCHvfLX4XBMjzAqbFYJuEMFziS5TpwXiuNzyeR:12000000000000000000:OKDOT:OKMYTH
1BAaZdW9Lr6duYbjiGh6AFWtP8Q7cjqgYmzMwxvagwPQfGh:12000000000000000000:OKDOT:OKMYTH
135idVR47FBGuhnhFjah63t5WF6jtBuFtCkTjkMRtWz9ZTa3:12000000000000000000:OKDOT:OKMYTH
13iQXudcpnxmPtCy7SEFLrpUZtZRxeasg3EJpQjwcqkUQ2fX:12000000000000000000:OKDOT:OKMYTH
15sf9b65Nd9GDRWFfTsX4CtxhuF7ecXZF13EQ9VDiTX32KFS:12000000000000000000:OKDOT:OKMYTH
15GZv4dQdZCDUuDvcVUGMmweTPZzYqubsLmFdpQyzEJmjQqP:12000000000000000000:OKDOT:OKMYTH
163zhuFKvD19sk3KgoiMD9hnWDzcKspXW7A7e3viDRK9X6MK:12000000000000000000:OKDOT:OKMYTH
14P7u4dFBd2QofVLSJumsdDbh3Z6aygP3cBeFLps2uYosauo:12000000000000000000:OKDOT:OKMYTH
1BGrvhYerMuVHR7WDqyiyhotzqBR996fsbjby1nyJpMQc3t:12000000000000000000:OKDOT:OKMYTH
14C6U2Hg57Qf7qQVFD9mNNoHoG5jHoEgLDm5BPGfWMQDqHNi:12000000000000000000:OKDOT:OKMYTH
13QTj5hbL6ntADMQF6z46xXivoaaVNVE7yN3wZz8cHk6iMst:12000000000000000000:OKDOT:OKMYTH
12gGrHLZtGHXiYmzp9f86WA4HXKb2go4G6niU2kHPaBk5Bnn:12000000000000000000:OKDOT:OKMYTH
14gjZjSdzZJEoBUC1Tw1xZoDTY5H8mDH5MPEqf5hE6UvF1Si:12000000000000000000:OKDOT:OKMYTH
16aewruCt23tyuX1fSG3cykmp8akzZHQLVA8cxc4pDusRTdo:12000000000000000000:OKDOT:OKMYTH
1JsBrqSxTod4mVSt6iTEmUR2gueyQwag98nPnwxR68J6goH:12000000000000000000:OKDOT:OKMYTH
16exNgCJky9zTWCe4PDGGg9PgxZxRuPjmuDL49PpsdWarUaX:12000000000000000000:OKDOT:OKMYTH
1642W7dc5G2JW5kLPrWqdunChpHZoY78euzFecQq1dvXwExt:12000000000000000000:OKDOT:OKMYTH
15agGdiqee1g3KWqZxZnkTfiCP9jW6Eng3WDdBinE2gdrtFs:12000000000000000000:OKDOT:OKMYTH
12mUKGDa86rA79HzTNPoKYbqWSW1oZrP9itvR75Zi7KDycM2:12000000000000000000:OKDOT:OKMYTH
169CrYCSkdQrCRPWmvWsaGpcH4P5tq6Ju9GaRh7NV7Y8Mxj2:12000000000000000000:OKDOT:OKMYTH
15dtZTHjX8fZN61bDi4G1hmk5ZMsxjS4DZKe3pxuP2H5Pnwf:12000000000000000000:OKDOT:OKMYTH
1Yj6BhmyydbMKmYqhoseGaw1yQmRVk9tztfqudHGPYAzNe9:12000000000000000000:OKDOT:OKMYTH
12xGfDfbLWNo2bgB8gJAS2G3hg1Eej6vpnf6BiU4SDosAKq:12000000000000000000:OKDOT:OKMYTH
13VVirfzNa9sX1uPQVV7Dw48ggQdRZK6PmiRKzVxPqyAUHWg:12000000000000000000:OKDOT:OKMYTH
14zoZEh9zUP4YgAvZiEb6nDtZgGszbwCBHLUuiPDZyhp8JL4:12000000000000000000:OKDOT:OKMYTH
13zhb5PBncXznrDBTaS7tWamkNtcsWLhfUeN7UysG1kGX38h:12000000000000000000:OKDOT:OKMYTH
12wtUj9Ln23FcWQRdQUiN1zEEXySdkfJsRpsTrUi1xEEjvez:12000000000000000000:OKDOT:OKMYTH
163LWhVaUjaRVajfVgPFRk8Wc4zDVQAyaFEusFEeb9AG2dbF:12000000000000000000:OKDOT:OKMYTH
12sPk9szCXVprpCsEMoQ16dfgcuLKH2hCQKAETjnsGcS5gZf:12000000000000000000:OKDOT:OKMYTH
14JjaXqeae5XNkMmo9H3XyoMrFPBhsdNZEoFhqaQDbFxUgrK:12000000000000000000:OKDOT:OKMYTH
14EWb397fep299A31iiM19XnbmeKUcxPV5ShRZEFuqeNASHr:12000000000000000000:OKDOT:OKMYTH
1UFePZ7u6bCaHfk36aA1wjNGAamCXdwZeHihQtJwG67hwDu:12000000000000000000:OKDOT:OKMYTH
12H5RFQYBuqtW36wWXLhnP2i4us8zfdy5kdG8Ehyn3ZqmU6N:12000000000000000000:OKDOT:OKMYTH
1563r75QBvo6ixDHGT5KpTtHJYdVQna1VAsA5eNDRAVQhLSh:12000000000000000000:OKDOT:OKMYTH
13KpWg4A3eWhnHLnFC8rAitRFhb9zqetRsBhsoB5uGu9GC3Z:12000000000000000000:OKDOT:OKMYTH
12Hk5Rr3gFZedxTn3BEi4xDh51JJjXnfHMEjXjfYL3gZNF7V:12000000000000000000:OKDOT:OKMYTH
1683kNRM4449QVijxHYEd3jdnheep99ThMt2w5ewW79gx9a8:12000000000000000000:OKDOT:OKMYTH
126Xv66F56M3otDj4BQaUVydu5fdnYuF3EtLhe81dZZWCYxv:12000000000000000000:OKDOT:OKMYTH
15LFBMjtVEnzt2sDDz8QbxJZzkLq4tnzHAhKZq8yfDcq3wvW:12000000000000000000:OKDOT:OKMYTH
12d1rmPyRvd9kEoTxU8fviUHg1vd7WJoqbhKWTZXBiaWfisV:12000000000000000000:OKDOT:OKMYTH
1495vjHUFtZajuu2tk8npPh8NfkV25MHTEMediC3rcuNmPBD:12000000000000000000:OKDOT:OKMYTH
14MFg3MUDFEy9WdHEy7maGxccfiPnfMB6kAziRi9o8KzTYtG:12000000000000000000:OKDOT:OKMYTH
1bivtt18CgZchsJELf3dzaNLKTC59waVNTFhSGTdaFPQ3Kf:12000000000000000000:OKDOT:OKMYTH
1wkKKk2gt81Hsvg9ooG28Nw3iXmPXwYeQbQawsgp6xap4kn:12000000000000000000:OKDOT:OKMYTH
1VGsz31rJcPtZ7rdTW3WeV6m6ve83saKzzHcBn9VKtqj7CE:12000000000000000000:OKDOT:OKMYTH
14dk96mbjTKhEK2mNtgCZDsroP8ECEsuneCkp3d5bRbuuYbx:12000000000000000000:OKDOT:OKMYTH
13WoZcz9k4gPUshBMP7NtwvUtscwEauMpde4TpagMaUJebjo:12000000000000000000:OKDOT:OKMYTH
15y2rL7ym2RLgd8bsNR1ZZfYH13fNrAqsX7aNmUuAnxuQswj:12000000000000000000:OKDOT:OKMYTH
13XkgcTFVUcKCpZ7F5ZgKXWsRcLhpVaD99WqQrRbDx2ZUxm1:12000000000000000000:OKDOT:OKMYTH
1gnZzJUnKPcuLTcEFz5bLs9ouLQyYQfS55btTYZdbS7mCJa:12000000000000000000:OKDOT:OKMYTH
12Xy8PMTBzJdxCCV7h34idTc7yMcyXUcho9eGTgcAtnYs36X:12000000000000000000:OKDOT:OKMYTH
16cQ4NvcvTMtzQzBvNUe57wxMNpyhBG5SYLAWAxYmYo1xSqA:12000000000000000000:OKDOT:OKMYTH
14N4UijrHG9YK8Vk5fdt9sQK7jYV397vvzNDcLsWJuXV3NwV:12000000000000000000:OKDOT:OKMYTH
15CnYthmhhf7FwXDBZR2rSHCd61jXTB8DNRXSBYATTPFxpzu:12000000000000000000:OKDOT:OKMYTH
12mbgArBERgabjrxn3FeYy1v59NZ63Q8zhKzWDNs6JtC7P46:12000000000000000000:OKDOT:OKMYTH
16kqVewUvLcZCJTtUU8q6Yfb14XUevFhTiUUKhBf46gs16iF:12000000000000000000:OKDOT:OKMYTH
14SUJNmdn2RSGbx4MB3vXG9xsoDk6FUinbzhSNwW1vfpYXWe:12000000000000000000:OKDOT:OKMYTH
12uDokUgVqxC9X9Yh3pVBoBfm9tWccTzYEGz8uNBvJFAvvoJ:12000000000000000000:OKDOT:OKMYTH
13YosxFpQ25gFHtUCM7xNqmVL6AWuFbL9zMFSsyfMeE1fY6W:12000000000000000000:OKDOT:OKMYTH
15rRZUgSgwejL3yCUJfRA3VNmHqALQBPLXS9fZxVzVG7RQqz:12000000000000000000:OKDOT:OKMYTH
15rYwq2dvRC8DgFX9gX26BDMJ829qddnShz8ZjiSm3svQUYh:12000000000000000000:OKDOT:OKMYTH
1KrCMhThRysHTvnUhQRNaUbikpo5edzCaCBrdgDgJv57y2u:12000000000000000000:OKDOT:OKMYTH
16SHuu7ZrjKRfL8WUJePRib5JM7B1KBHUngStbUzRBF7MCSe:12000000000000000000:OKDOT:OKMYTH
14trnYv7RRdQqviHVPd812NKN5DD7EXE6g2K8P7Ud5QN2hD1:12000000000000000000:OKDOT:OKMYTH
13xTdZ549V6vm5Ar64n12iUPFnqxbV2kapx8KKryMH9srd7K:12000000000000000000:OKDOT:OKMYTH
126iZpNa8Yeyhiyef1R5pnbuVmEp4a1JCtWrVVgEUhpTgne6:12000000000000000000:OKDOT:OKMYTH
12P11Dy2HZEpaMMBgzMViDx3wPXTqpCFrTSLswzr6hdiNx1m:12000000000000000000:OKDOT:OKMYTH
13QhDNxu5qKDM3dvVXHcV8umwPg4f5erSAWprBaXv8P4SoPn:12000000000000000000:OKDOT:OKMYTH
1BpoZxctEREpKDzQus3HqmTtTAjr3eAp2rqhHZ2HdmtAUNN:12000000000000000000:OKDOT:OKMYTH
1gEmXpFcSwExspi6DXp7N8SaAKxQHzgaVAUqvYR8gdB4sDA:12000000000000000000:OKDOT:OKMYTH
1Q6BUjNoWNzeL5A8U8d75bTLaC77991xwdQS6oWKqvgpBeR:12000000000000000000:OKDOT:OKMYTH
12tiaa2Px4GpoZUAWVFDnqzBozDtdmvjwBxdFbK9okQrbbK1:12000000000000000000:OKDOT:OKMYTH
12cGnezsSdVDcW6D3vZkENeUqxEdwJrk5FQN2xoewLUN2d1o:12000000000000000000:OKDOT:OKMYTH
1ucETcvvZSLbbhQpR4wxsSY7ev7w5BwjQ9BEkaw5DrNQ3nk:12000000000000000000:OKDOT:OKMYTH
15PqqngAAiEBHvvXDHU6qV8qFGR1GMmxwqcYgZMP6UfJihrA:12000000000000000000:OKDOT:OKMYTH
12tyNys7ZLbg9DUN581zwvBSQWVNr984Uo55gNN4RmBzqZH4:12000000000000000000:OKDOT:OKMYTH
11wfsKfNCvs6QxPP1nvEHPLbnYPjzoe2AHcmqdafXXAesaE:12000000000000000000:OKDOT:OKMYTH
168p5EehYfkrnUAkj1P9Xkf9hT4pWTH1zsMFVoFX9QU8kR1X:12000000000000000000:OKDOT:OKMYTH
13XfSedLwuuBK1wiZByk8xnH4jDvZg16jUGgtbNdo6fYJA1X:12000000000000000000:OKDOT:OKMYTH
15dGfHpNk2xV1TmZRRNb921kmuM4QiPHy9RSwF3kav7wARvA:12000000000000000000:OKDOT:OKMYTH
11Wov6mztPnYBQE4toDovm4zqhP1A8Q1fEsEmFPSy5Fzqdz:12000000000000000000:OKDOT:OKMYTH
15ToPDHEbEgJA6JNyAqyXqSmSxtJRrm3BMsqYgvP4uk9kabt:12000000000000000000:OKDOT:OKMYTH
12P96kGbk62ahUocn7v4VyXzRJCWNqNJCPtYYcLuVzQTEmnw:12000000000000000000:OKDOT:OKMYTH
15YcSsnLf6XQnkRkobaUzQeTo91cBD9hv96kwPwCaZjhNWiL:12000000000000000000:OKDOT:OKMYTH
1UMGM5YxDg1US1qtatVLyubh5YMGt2fMG9TTwuqnNmrXrg6:12000000000000000000:OKDOT:OKMYTH
16WFgSnkWXyJuseRoaHEeAR4BsZKzCRbu3XfQGGH1k7LmpaF:12000000000000000000:OKDOT:OKMYTH
15yJxpo5k47vR5x8XgSWiPHLaEmGHuNH9aTeQoV76UvLwbec:12000000000000000000:OKDOT:OKMYTH
1gCYZgyvdhYGga3ratuptiTVMQ9Sh3v1rLgkmZwBTPJ3tR9:12000000000000000000:OKDOT:OKMYTH
14uwnckUsREcDsfKXV3eCFKiyKLU1gVN4RpoQd9mhbW1odyE:12000000000000000000:OKDOT:OKMYTH
12tjiSmSGCRCd9SNT5JceHNNGMPRrFFZwuEmGKYd4sfk7WcF:12000000000000000000:OKDOT:OKMYTH
15VxSiMvMsQ3mCrbR53PsB5PxsTpEHwvH2q6VEKDDsfapzAt:12000000000000000000:OKDOT:OKMYTH
16bjF8ohiaWXomjif6qgWBRkJNnWUvDEwtKwVX6cf7vyXpTb:12000000000000000000:OKDOT:OKMYTH
12zPFzKvwQMdMgbKRozL2gJeoLB2dcpqG4Vysz44jj8kNjtm:12000000000000000000:OKDOT:OKMYTH
12QjtyiGF89WvuraJ3Umeq2qx96rCjDsD7Cn3JVsCcB1pnWG:12000000000000000000:OKDOT:OKMYTH
13K4i92uWyxWLqyjNhsVwRuwbGrdA9ajLJupS8AUQxcGaVbr:12000000000000000000:OKDOT:OKMYTH
1uzt5rKdqgz8dUXWZLzM2RSP6rdQdd1ABmRZJXd1sNA5KnE:12000000000000000000:OKDOT:OKMYTH
16iQQZGXjMRvMsFWzXSnkF86ADoEnx25Rd27p5MYdRKeuoBw:12000000000000000000:OKDOT:OKMYTH
1zdLuzPfxVpafEWyLXkW7v3uzHjWcV9LYM2CKmf5J8CJ7wu:12000000000000000000:OKDOT:OKMYTH
14uf59SUhnKxEWRdUioq1yg2My6i2cayaQ3gaMJk2XaT6SeN:12000000000000000000:OKDOT:OKMYTH
13TJZg6aX34HFmZP8AoV9SNiNesrfUcwJTqAjTT8bUSK3D3a:12000000000000000000:OKDOT:OKMYTH
12TReCb8tNGQx153uMU84ZXba5dDjMd9aCdkMghKg53RzM8f:12000000000000000000:OKDOT:OKMYTH
1Ju78BZtkqii5toQ4WZ8gWTNrkh9TyAHhGwRWsS2eG4WFyF:12000000000000000000:OKDOT:OKMYTH
12qgH8fjmfdjukqPugNpS8Jg5ZDbNLZsj433R7b6VYzo3yw:12000000000000000000:OKDOT:OKMYTH
146f5X2VtUCHApRENrEEZC1wc5ec2YHyiAW9FWFBBSUe68Fh:12000000000000000000:OKDOT:OKMYTH
12SXudajncoMLACnLDJ3Yf58jdnAbixhjNk2QdJmEVkLPkdf:12000000000000000000:OKDOT:OKMYTH
14DeeR4PAcZun1Td7zA4PtSdBQoJX9ZGSW4zY3sVTQ62Dk4M:12000000000000000000:OKDOT:OKMYTH
1qFoS6YVNoe75synAW147fvUpLXCTFNshyjLpFQcY4R5DNB:12000000000000000000:OKDOT:OKMYTH
153QBhN7tLxkPZWySYwAQyjsYGmCSFJSLuhjQtBybdfJTN6G:12000000000000000000:OKDOT:OKMYTH
15vCfnTqDCh5WigWXP9eSza1g5G5qGdPayk94Lh8NDrmc5QN:12000000000000000000:OKDOT:OKMYTH
12r4hYk6XgjcqSqQRyJEDAdJJCZkGmgmbEaa2zobu27P3dCt:12000000000000000000:OKDOT:OKMYTH
16NzxkW2EjeVx2BMVcgqrNqKXJMVSTeBJPwjjmwFiwkBHvki:12000000000000000000:OKDOT:OKMYTH
14ftQp4RexNfceeAb2hdtq9P2jq6uFYiEvDQMzVy3WVvfTsX:12000000000000000000:OKDOT:OKMYTH
1o1419XXdLbGA9yXFHStpRQFk9uD61d3p1MC5EaKJfpYbCF:12000000000000000000:OKDOT:OKMYTH
1LTFa4THnbAZ6qaysaZfTaCmpCBWxeQP8H34rNhGu2HWoDg:12000000000000000000:OKDOT:OKMYTH
15tSgbdRFScn66Fj79MEQ3jmFpbxVUBqKVb8uCypUzT4uN8X:12000000000000000000:OKDOT:OKMYTH
15wKMQ53CJJ68URNs2FodoF3pR5TWmQLBvY8wrCKYRT4jF6H:12000000000000000000:OKDOT:OKMYTH
1XYGGdQur5njb52RYXdmBTK4bokkDVbDNPXxU2V6GNEXx6k:12000000000000000000:OKDOT:OKMYTH
12uWU2yz7sdomaPXsisVQjvaeQ5JdL9wTmYCE9ynnpey9ehS:12000000000000000000:OKDOT:OKMYTH
15EG6yqozVFPW8kC3oV3dAfW7Wj1KrEV3a6dMF1Y7ujTZsNu:12000000000000000000:OKDOT:OKMYTH
13gtNBmgYK6VCyfpqwjn9YBDrGFuRoippGv1XQVMTTxrNK4d:12000000000000000000:OKDOT:OKMYTH
149NturFFKGzWrzYeQGu5n2fFUTxGtdmaSRitSygKaJJFBrA:12000000000000000000:OKDOT:OKMYTH
12sbk2J1s9vLUkc6vap1YqDdZ8gY56RkwX8NTQSKXkm4fbAy:12000000000000000000:OKDOT:OKMYTH
15RHRYhMgfc2Fpy7YY9r2Arb2Q6z2eTwzko26WTM3HpzHbGN:12000000000000000000:OKDOT:OKMYTH
15EHJ3hfK6uX51xvYoP9vPyTuXyHrP4y7Uo2bDhQmQNrEy7N:12000000000000000000:OKDOT:OKMYTH
15TfwcqxpxfcGQxDHerzHrfhQxtJhyLox712v8Nv3PywLxhS:12000000000000000000:OKDOT:OKMYTH
14vQQ6di6oWtuLiidnuHgEMDhL3acn1opoMmuEVr6bgDhoED:12000000000000000000:OKDOT:OKMYTH
12yRiGzbcsWKvNcb2Vs7WWdTaVA57Ynk8KRy4CbXtNzeANeC:12000000000000000000:OKDOT:OKMYTH
1cu9Mpb9jxnqe6939puwCjknMdqgUXhxCAYQYpQnvG46Ri5:12000000000000000000:OKDOT:OKMYTH
126h4f7Rpeg6djhVg52Q5LC6S3wFvb45cnS24TWbTvx5tKCx:12000000000000000000:OKDOT:OKMYTH
16anKaqKgDKMPz4mSPhgtaJfpmCHbYXyeS9yA3aFVPDxeTpE:12000000000000000000:OKDOT:OKMYTH
16nf3eKDLtvK3aa8nKFYAu4myC9Z3Zf4Mdhk1DaejoFXUTbU:12000000000000000000:OKDOT:OKMYTH
13tvPf82mpXzm3hqG2XRKrXBruGZWkD1G7ZjfpF2x1N6c2ep:12000000000000000000:OKDOT:OKMYTH
1XCjUB6AarAd4AJCSHxUvf7FdKVpP2jNgcY1da79tgnDUeM:12000000000000000000:OKDOT:OKMYTH
155L4jACyR9eJDq1yAoGnkfSk4kskSJ6pUVeu5abArZ8GfJS:12000000000000000000:OKDOT:OKMYTH
12ijqK87NVkoueqxsTLsAd84GGh6LqcP85Y89bFGzp4NENyz:12000000000000000000:OKDOT:OKMYTH
12s72kC3uU8RJNgY4RoTxahybDe3iDY8tqkFmnxqUB9EsqVH:12000000000000000000:OKDOT:OKMYTH
16CvtDwkVndNJbHjz6hv8Az1QSdtL31AA74QSwBqDJES654E:12000000000000000000:OKDOT:OKMYTH
15fErbwFgYUYq4SGKHPT6hZcbpvmpBTYXWm5ZxSs6rN1473v:12000000000000000000:OKDOT:OKMYTH
14GxWwz8bfXhjigWZbuP8eR38KDNEF5yaNJHLR63qQkPQnLB:12000000000000000000:OKDOT:OKMYTH
144A4WbdiWeVTpL3LVry64NFTFdn8MNvaXQvjY21cex8WQqG:12000000000000000000:OKDOT:OKMYTH
16BgUNt9bwhbNmdNnrvEnUn95ZtXAjPFfDDEa5wYHoaNX6z3:12000000000000000000:OKDOT:OKMYTH
15yVuqjbJ55FbisEeUPSe74AraU5sfXBpkd9W9X1Kakmw5r9:12000000000000000000:OKDOT:OKMYTH
16SaYVK2Y2jXY4ihchzLdgf1evZ8AfhZayFRCJVtgLLDHrNN:12000000000000000000:OKDOT:OKMYTH
151sFxVLMTbTrFdZXPBydd8tMMNDAzwfeHJu1jH3LwZ46ZzS:12000000000000000000:OKDOT:OKMYTH
14o7DQsFEcPDNjHqoJeXpsC7ULtCz9YN6EbBoM9bp1X5E33H:12000000000000000000:OKDOT:OKMYTH
16et4ziRBC6auCcEbpNy5bwVb6gbcL1qV7FT993YmzzRiuvC:12000000000000000000:OKDOT:OKMYTH
13dj5PkqvV83Z5cQYVBq6Mf88xttRcvd36A92ognnsJ8Hq9z:12000000000000000000:OKDOT:OKMYTH
1BxuCaKeGsqKkx8ajmWtkY9ogE4gz2rjNTZF714AL5aE751:12000000000000000000:OKDOT:OKMYTH
165w5mS6rMEnL56hSuG3tpEWQesKWyZvSSgez8oL67mQiWHE:12000000000000000000:OKDOT:OKMYTH
15nPbceVAoqRc2mZFcPcg5reN1gK3RSpfszYAH11ccZMqoqr:12000000000000000000:OKDOT:OKMYTH
16RubUp8uebYqahtMHA7NAk3EGx9G2FxaeTAbMPwyVMWzLRd:12000000000000000000:OKDOT:OKMYTH
1ek7jPxPkoEZ24TLakPSvH2SJVsdM1AcCQdZwAEbqrhBnZZ:12000000000000000000:OKDOT:OKMYTH
15ui4DNeNKFe1HJZbp68fSSFdsU3VJyuy3w8q1pTJrr3NRaV:12000000000000000000:OKDOT:OKMYTH
16Bq5pkf23sR7Co5GZwbM4YY925JAnTNq37Niju8wxEpPL68:12000000000000000000:OKDOT:OKMYTH
13wx8Fq9gB9yGh2MsWm6yhuKonQf1srdvevCdC4fifJDBWxn:12000000000000000000:OKDOT:OKMYTH
13aW75qwHmfvgMUW2CMgsMoRxbcFRSv4846xh62dZvU8Bd6w:12000000000000000000:OKDOT:OKMYTH
1gaXoh4eDJ4qWKSuD2i5d6Swg9wcvpZZYKdkxEENrwEqirc:12000000000000000000:OKDOT:OKMYTH
13BZgXcMVeyLE6N1t2932ivZQbCjVh6v42KaPxJoo2e2m6vE:12000000000000000000:OKDOT:OKMYTH
15nyMqnLG8427M5PKTByH3faqs8fAKjawFxRoNc9Ag7nuCp1:12000000000000000000:OKDOT:OKMYTH
13xJxJ57RqMGvQ94QngF9JGU7SGwMqfBRu7AfQRFPf6AW1jt:12000000000000000000:OKDOT:OKMYTH
13CKJVrE6Tzi93WUrFgUoAv45vZJBmPUkZePiDhDxNNaZ7na:12000000000000000000:OKDOT:OKMYTH
1UZ6JXBJ7gj9SZ3ymrDoJrQ89UrideaygmthCSiTMby35xu:12000000000000000000:OKDOT:OKMYTH
14GNF7xegn6KidCB5HEjmZr2woNnj5hhESeFutVtqKpuaBDg:12000000000000000000:OKDOT:OKMYTH
14zQTU8erf3mDcrBR9jV1MGTo7tcmRZgcKUK6VJX6vUtbdLN:12000000000000000000:OKDOT:OKMYTH
1RGMc44Et2pP8nyHAbCjH5kwAFHj8Av9QAvUydsMDyMG3Go:12000000000000000000:OKDOT:OKMYTH
15CbUQt2YzWxZJT9DpUU2yzWVhjLDYQDycqQwyDg3vcEN6Fu:12000000000000000000:OKDOT:OKMYTH
14fJgNW13DYW2h4BS98rVxS1o7Nk4jvcPu2TzDGPtrgu5wmV:12000000000000000000:OKDOT:OKMYTH
14CuapP8B8bmqp3ux6Jq3wUNqygJ9x661u9Xyb2yYmytmicr:12000000000000000000:OKDOT:OKMYTH
14TxMk4CWszoHQp1FA2wLoNBLTfE1jAL8tkLeSo35qNEKB1w:12000000000000000000:OKDOT:OKMYTH
16nNCqw1Kp9Pv1eAToMFaTqszMgjwnvYfmDLJU79orwAonkn:12000000000000000000:OKDOT:OKMYTH
16URNgCRczGZBCfiXV2Kp8Wa4vQ6qz5jVKxCz2x7bu4MXoQf:12000000000000000000:OKDOT:OKMYTH
14b34jMx1eard5y1vgA6HjL3zVsFvWRCN2FnAd8G6Nj5wpKz:12000000000000000000:OKDOT:OKMYTH
12WGULiX2aRuAQNbVXQQqViyPNgvcnRvZLJZMdT9M6nfpCoA:12000000000000000000:OKDOT:OKMYTH
12HdzFoLLwzd4R1JyXSyFpTgFjne7XQwChZx33My8E6h8sta:12000000000000000000:OKDOT:OKMYTH
14F7hijEtPhc4t344XSgmBgRWSrwpJeNYMXUeTKmcQrp6DnL:12000000000000000000:OKDOT:OKMYTH
12gMSSEULkctTod3P8QfRk8LnhbxLdjpYUiZSDvk28dfWzwN:12000000000000000000:OKDOT:OKMYTH
14z83ymDFdFiQnZMbK2JA3Z2GsR5KTs3gcNY5bhZKhAnLw2X:12000000000000000000:OKDOT:OKMYTH
13Hqg1Zur7MoEvniJVUTuvBv9VpRyc5RxA4c4Dm553JddE22:12000000000000000000:OKDOT:OKMYTH
1bLmPhVuUFsALt5FmBM9JN7U64M3NVbGrjdeaFxZh263taf:12000000000000000000:OKDOT:OKMYTH
1aRvjqzUCGDtAzdJzDSmaUrCLL6PPzdEuwXUxfDuH22ne1V:12000000000000000000:OKDOT:OKMYTH
1kFFm6cLygvxGEygYbKdgNTJNfFGbeFWD5TPgfnXKcw486m:12000000000000000000:OKDOT:OKMYTH
14WdEJuhbCDmnXjxkc6MRmNX1xrMSAiM7MrotMZ48r2Usayf:12000000000000000000:OKDOT:OKMYTH
1687yja3RikTJ8qvLmUnKzYeGTcYw6mWZkztiKacbBmUidhV:12000000000000000000:OKDOT:OKMYTH
14ZUsTow2LX7TFtWNHFbVn6DiHei1xvUmZLNzR6Fbyy1d7mf:12000000000000000000:OKDOT:OKMYTH
16dTmhtgioZwj5sEZRg88tYqntE5fJuoqoefpNWoa3rvvXAK:12000000000000000000:OKDOT:OKMYTH
14uD8J9jRthvrAvTV2FQvi34nEFgetm3nDzcAMNKppmwbTmw:12000000000000000000:OKDOT:OKMYTH
13Y7dgDhGonUdxrj8MQavoVoqYSY8K8qETvT4W8vAfDBsGDz:12000000000000000000:OKDOT:OKMYTH
158SyBA3ZUUWLfF5L31UiB77hv9bamFsTgcwiH31SGeN5qW4:12000000000000000000:OKDOT:OKMYTH
12Z4d8bq3JM5rtRFaeMw3dbD97dGN9Ck4HjNoMtxJSsbMukC:12000000000000000000:OKDOT:OKMYTH
12fTKXG9WKJXdNoESu8hvUQ33v2NPHgreKN75NMWrHc6NwAN:12000000000000000000:OKDOT:OKMYTH
1CBffwhk6nyNvqQ8nyLP42fb3VFAfRK4RjJJ3rBzzPaCp5X:12000000000000000000:OKDOT:OKMYTH
15sGKxDocA6nwP4WMNzdRjZdBxTTh9b1j7k33MpqQEbpvSXh:12000000000000000000:OKDOT:OKMYTH
15oMDmXsutccGAVPeS57SBaXjtkLpBsHfMq8fc2cNLS5n1ow:12000000000000000000:OKDOT:OKMYTH
14suPQx1W3qvWj5ueo5j44nrLNgEwu8sSWiWwDtfeKYiZubC:12000000000000000000:OKDOT:OKMYTH
14zDaAC9CQwxXvadgEwKbee2NkD8EyKS696vucumSY13MzoY:12000000000000000000:OKDOT:OKMYTH
16Nkh3SPSSi8ZXyZt27j1C9DqC1s61TVKdpHPfyYATtCGZgS:12000000000000000000:OKDOT:OKMYTH
16aoTyzcMeNHiYHFpeEymBKkr2LoXDwvBXe5zwCKLViGMbbB:12000000000000000000:OKDOT:OKMYTH
1jNat1muzhkstodwAj5gCurZaieVoUw5vVTq19poUgDKc1A:12000000000000000000:OKDOT:OKMYTH
1ToHJJ2aZAJGNk7vXNH5agM8nZdLE4KrrS6reYBf5XghZtY:12000000000000000000:OKDOT:OKMYTH
167qAjP4TaCFVxRq13rrGqfuPgsrsB3sg2QNgkesUj5VCimo:12000000000000000000:OKDOT:OKMYTH
13rwXGESZqoChYFwWEPHBMdf6NpfUZMQtzufoZJzDResTyv7:12000000000000000000:OKDOT:OKMYTH
12N8G94aGCiwjKSf68trA6yFqSZnrgYqQEzjYuLJYcQPZXEt:12000000000000000000:OKDOT:OKMYTH
138BVyDsVKKx36c7vSUvP5c5D3hdpqtfLSupP3GUXpcqp5UR:12000000000000000000:OKDOT:OKMYTH
1PH6xGundF2Rgh4pL1mRYg4c3juTK6FPvf1Aqa2ubnZqDrV:12000000000000000000:OKDOT:OKMYTH
14WqewuCexZfZcE87yJ6Ez7NdthgDCzgAdpPePkhnk3CygXE:12000000000000000000:OKDOT:OKMYTH
1yw4onzNYvLCz5mwEvFNMu2cb9J8GxzDx8n7SyfydLGEjfX:12000000000000000000:OKDOT:OKMYTH
14ZJPnmKcpZ73pt1E8f9P5dRVM3Fg4VeFK3f6tR1UmodXNvF:12000000000000000000:OKDOT:OKMYTH
161Ytk7WHdp3xin7W2SCTdZEiZsA6wVYLKS6173fbeVSy6MP:12000000000000000000:OKDOT:OKMYTH
12TePNv8hTZ2xvPJfxL87jn1VK2fK7FpQoSuXPqt4t6yokZD:12000000000000000000:OKDOT:OKMYTH
13nHiW4VwCS2HqWoXDgbQLn1Vf3bRVFkrEfi6bqVb2X52yte:12000000000000000000:OKDOT:OKMYTH
12yh6BffTACfvmzfuMY8CJAA1EdEjSuHymceFYLKXreLAQ1s:12000000000000000000:OKDOT:OKMYTH
1vNwYtdeRZgpunNgj6nJ6oZsVdKyd65ag7M1srWnjZsKZra:12000000000000000000:OKDOT:OKMYTH
14EVMNA9Y2RGntwR7DoL39c9eCMCn1DPy5GQeVWVL4744Me3:12000000000000000000:OKDOT:OKMYTH
13NCLd3foNpsv1huPDzvvfyKh37NEEkGFotZnP52CTR98YFJ:236000000000000000000:OKDOT:OKMYTH
