143PWyitpRLnB1AVjpcpMSpgi8FKxBMYoWcyYuzrx1hA6duK:84000000000000000000:OKDOT:OKMYTH
12Tna7GuGgkaiiCmsG6PBtq8dvEmd5zAhmx3axQP9Yv1oBK4:84000000000000000000:OKDOT:OKMYTH
13W8LYSe54v4azCcfsBkiYtXk5Q8ofEHe3zW5cdxznfNgF2G:84000000000000000000:OKDOT:OKMYTH
16B4FJtGoLm9zPgQTMukFnTyaNYM38cPq98nnp4qL7GawdZx:84000000000000000000:OKDOT:OKMYTH
165yGw8P4A6nduBfVJJHyGKFukTuv767Tgm8k4X61KRynVeC:84000000000000000000:OKDOT:OKMYTH
12eYMNExT6LL1agK7PqS5UW6VvUymMKwsATCe3p7FEYYyduH:84000000000000000000:OKDOT:OKMYTH
12BLX2AqSyfAsV1HbjvPojWWr3ekHjB9zz4k4XdSNQJCnKn5:84000000000000000000:OKDOT:OKMYTH
15T66d4HxTDbAA9VEm5oWkhTiHuNiPhnLbxEbTrFnJ4TvtHY:84000000000000000000:OKDOT:OKMYTH
13dZavL5aAVq4M5kCdjVZhTTvFFQirJFAShKtbBTBzpxdbJj:84000000000000000000:OKDOT:OKMYTH
14vG9H812ntbzoCfHXfLTqaAhcPvMCvVa6o8JzLSLRQm5Qb7:84000000000000000000:OKDOT:OKMYTH
12RU6Sdd4eS8s9WZ5AZVYMZ34h6VgZjnvrmD21zip5M84Ap5:84000000000000000000:OKDOT:OKMYTH
12jgpk2pkzDG5m8ZcAsY482BLYXxRU42u4WU1AW8YJWaT6jW:84000000000000000000:OKDOT:OKMYTH
13uEsmo6zrY5cFN7ng3Qoi1ySE9X639fgwp4qckeUbdMfM6W:84000000000000000000:OKDOT:OKMYTH
14rM5T64JhW3jSTh1wkYvUetAGDgX4RE378ZfXpFyaECbQFi:84000000000000000000:OKDOT:OKMYTH
15B3MAWPyfAnSiPs3fJzRTG95Rqo8NxMUjYQuKjUfhAKiSiJ:84000000000000000000:OKDOT:OKMYTH
15yBfDaLQJY2rMknPqwsMHs94eULLv4Koq55m8N9eWz2nBke:84000000000000000000:OKDOT:OKMYTH
14tuiJGiJpXBTswDWfRgTdKHcftAiPYtQhSSUzqMs3zueZ2M:84000000000000000000:OKDOT:OKMYTH
15MGJJNQJWjWpNJhY67DJkrwH1PX2eHqmVyykD9r6YroV8CX:84000000000000000000:OKDOT:OKMYTH
14BEPSYJ3WFihujZRqMt5pXGG1DqGtvweJJRQ6yZf4bmcff:84000000000000000000:OKDOT:OKMYTH
12hB13y7zCPg9uiX3UcNddb2YZrYSzxoF1G3aeU3HM2aBqAQ:84000000000000000000:OKDOT:OKMYTH
16B77Cw8JwUU6HmhMNGjaGbv6StcEcDABH4TM7pcYo7iAZ5F:84000000000000000000:OKDOT:OKMYTH
1Wxc9C4M5H1HsNU9b58eLYYo6tm5H3gfnAMvuTvcbVAJYUT:84000000000000000000:OKDOT:OKMYTH
148SkT2McTF8fkwqLF4JGrWrsjnWnLXRPym5oXCDf2WjrzDe:84000000000000000000:OKDOT:OKMYTH
19doaGwhcHzt8CWGWsB8uQAk1uhvP5NMVkHVkJ52sUGpjHW:84000000000000000000:OKDOT:OKMYTH
1x2NiQVY2Kx1xpFBE9yV5aFjdstCfES43bVZB5JNVkPdA7S:84000000000000000000:OKDOT:OKMYTH
1q9RsSLbMcQujrVK5qDiQuvsxDmvRNEfsLgXJ45amJMGUcS:84000000000000000000:OKDOT:OKMYTH
12YnG6hysMpM46HK8cyXmxKCUbwNao5wtCHm7p3fvNx82WnN:84000000000000000000:OKDOT:OKMYTH
13reAUjJezCL4MqwRp9YJiVqvLV67F1DEfiMULx2brfSDvvm:84000000000000000000:OKDOT:OKMYTH
12pmePHYEegUennmeqRjCY8TzLzxEVTiMoHGK4mBQVNh9o4S:84000000000000000000:OKDOT:OKMYTH
16B3K34zhtNDxRUHcevTYNV8jBNzYHq2UwY88rLGGCWA16qW:84000000000000000000:OKDOT:OKMYTH
15z45vFM2hNkBYzd4GiRiGUbAd78wMyKfQLHWgox3GbbQmP5:84000000000000000000:OKDOT:OKMYTH
12cn8AdskA5KpEEuTvaBhKQfDSZLeBt3qP6MfuEWvx6ToYQr:84000000000000000000:OKDOT:OKMYTH
16dSv218aoDC4yKcKysfXQNWtitXrF4ajdcXdx48my4hfCH2:84000000000000000000:OKDOT:OKMYTH
13QRtDi1CTTQD9Kr5Q5f9UEWMZrzqAKcZ5NLcB1asWfuMYwE:84000000000000000000:OKDOT:OKMYTH
12TszJceLMqNFRowMackeZYwP3XdVt5GFPGaZgK2EQLURchr:84000000000000000000:OKDOT:OKMYTH
13TbznF8EYVoNFvuTUnbTfUy1mfv34TUzBk4CG2SZwuh2hWj:84000000000000000000:OKDOT:OKMYTH
16UfFxE3xkdYQDoztGAYjd23Mpb2h9gTfkenTc8tiFnUN5Bm:84000000000000000000:OKDOT:OKMYTH
162YGY4G6sYySVpPCcvjGohx54hYrU4jPfnExh4UU47LTpjP:84000000000000000000:OKDOT:OKMYTH
12Z8bXWCwm8M6GZAYBm6387BMyCGDSQ482o5NBBDZyKwpcjA:84000000000000000000:OKDOT:OKMYTH
1EMXxbDT2ehSMpwpsKV7sRHkQgv5XgkvL6N9kADQfAHWen1:84000000000000000000:OKDOT:OKMYTH
12mcjp3vrDwwhj5aJvFaGYBEBAk3Z2iZuJnMuu3s8TZNs6bt:84000000000000000000:OKDOT:OKMYTH
13JCYN5Ew7EoTT11niZNwrXPVxk9mwKYAb86rBtKCRQAxmNR:84000000000000000000:OKDOT:OKMYTH
13N6rDKN7LWqDWuTBWBJwniQ8QFf37zQRgmtgfwbw17HRQtZ:84000000000000000000:OKDOT:OKMYTH
15xW1G54TUEJ5GpWE8LhTDbpgmam5HidDxJLSj11NCMN8zUN:84000000000000000000:OKDOT:OKMYTH
15GJRZSJxwyRdHEb72hGQx9fjF45MSWufs7oYnFYRx414Jsm:84000000000000000000:OKDOT:OKMYTH
14fYUPFxnRn1rs2pkMnzdFGqFNTCBmaZJCP54xKgUCsYa8TV:84000000000000000000:OKDOT:OKMYTH
15DqmAthVR6atE74E3mq8vPGZgDZe64N73aXcjs8Sd4Scy2T:84000000000000000000:OKDOT:OKMYTH
12hLZrhsA4h1fr5wN8cE3AgskS7sCtouTbW9nNAbAYDRsf4F:84000000000000000000:OKDOT:OKMYTH
1hG6G6CnZ2g8xL6pPRLQ381MzeyaG7FahuNK3QviShEpFJS:84000000000000000000:OKDOT:OKMYTH
1fYcZ7Skau3gaK9LSipiL2Rovh1wVhG5tazmiBmzRSqfjpg:84000000000000000000:OKDOT:OKMYTH
12CTe6RRypUDAgfzxWmeQWBKEVjRRkK5ZhwruazMQLZEA3n4:84000000000000000000:OKDOT:OKMYTH
15mW1NnFsKbR12C7qnuMehfmzx5Xy7umwRKxuPsrbfXAapVs:84000000000000000000:OKDOT:OKMYTH
1ZbvGtgPTUTHPpQDV8nuQUGzHxMjbrd8gMYTVkQ8LHzqwe8:84000000000000000000:OKDOT:OKMYTH
16AHyg2eUhqbUWj7XPyZAYNKprsnwMeSZYXcxaHgwMVtTvDh:84000000000000000000:OKDOT:OKMYTH
161LGdM5htEyXL8Ug8P7s2cgNmrZdpi5PKC9ejCgvX9sy5Y4:84000000000000000000:OKDOT:OKMYTH
13Xuu6UgTCu8frQ9VHzaCAEoKoBWHNaMUHQXRnVGL6M9WUZA:84000000000000000000:OKDOT:OKMYTH
13VKc5aPd1RaYFxyu8hhZ29jnap7qd1maU7mRvgJ129CT5YJ:84000000000000000000:OKDOT:OKMYTH
12KTnrXMe88i7XC1utcFGockbHtVD6jRXqYLiDnmsmKrhgqL:84000000000000000000:OKDOT:OKMYTH
14b9BL87UUhoKBv3h3yNrnxFBPBxGmAb54nRfHEQBZuUoxg5:84000000000000000000:OKDOT:OKMYTH
1HFq3DbX4tqanTLAx2CAToWnHXg6LRLMzSD4JzYCzCQpw5E:84000000000000000000:OKDOT:OKMYTH
1fBg1hv8ziJiSsvYQNokZMZdJm3pZCZkaeF6tUQr738fa8t:84000000000000000000:OKDOT:OKMYTH
14Voo8aX9Ds8m7Jeak8SfJaHKc8YkFDEyF3CfAXWXMnzLTc5:84000000000000000000:OKDOT:OKMYTH
16BCF56jg5tsBRs8p3BZNo3Cm341aajS1zREpeG9UhGu3mVr:84000000000000000000:OKDOT:OKMYTH
14Yfs3voo6zhDjPQifKNkgcEAa6cLDCzmRUbdGD8T6qrTwzY:84000000000000000000:OKDOT:OKMYTH
1346EWzAhat94fyhwrtjuvuj4echSPoLoyJ7f2spCC1Auq66:84000000000000000000:OKDOT:OKMYTH
12iUN1H9XPKsCZQqhCaVQKRTZdBApFcmSGpjYHaGmwrgU5EM:84000000000000000000:OKDOT:OKMYTH
13HEe1jLJtRKEKDRCX8TixkJmL1Vn3KtswdpcavT2DuVxpk7:84000000000000000000:OKDOT:OKMYTH
16cnxJUvsJaG3c7KKmU8bBmEp8VkoxmgMSgSaRJH74E5Gxd6:84000000000000000000:OKDOT:OKMYTH
1VzBLu4FduhxC4ivzSd1HJA7yvxMN7tw99Nn7WqjhdGkUem:84000000000000000000:OKDOT:OKMYTH
13TSUnFsiaAPnqu2ccR3Kx93AqhX8Jn73UEtY3oeJGoNbWx4:84000000000000000000:OKDOT:OKMYTH
16JJVqAMzMw9fqgSaE1ez1UwtEaDzebbVzYTHHQVUFz1qCwq:84000000000000000000:OKDOT:OKMYTH
16f4gQrEVwxp3KKZQDX6wRnKWyLMMjJHpowwWtTnarjMF5jb:84000000000000000000:OKDOT:OKMYTH
12SN3qbbEzSU1UFGFLrTfM1s9PrmfcUMVJhvN7NkoBrK2Jrc:84000000000000000000:OKDOT:OKMYTH
14mmNHvchkQMtr3wUUXPHCudC1BiKps5bdgKW82tXpNZMcSD:84000000000000000000:OKDOT:OKMYTH
12gpW5CZD9subnp8Cy2naKn8ajHK39XWf1enQfibQoMPZ5x3:84000000000000000000:OKDOT:OKMYTH
1557XBdWfsSA6LChSkpCpdwNxpLDZq63B1U9Yam1zszqVNMd:84000000000000000000:OKDOT:OKMYTH
15eNKMmHF2mu5mB34kP9zr2WWytWG3WPXUxGGi2z6RXHhs4:84000000000000000000:OKDOT:OKMYTH
14TR6L6CZCEKQs8dd7FfMDXzx8a4R9jHmZCVsSw83DhahJqV:84000000000000000000:OKDOT:OKMYTH
19ZxvJt2h2fEtrmZ1LJAiufkZG5M8K8MMScAuYFJGrrAYtk:84000000000000000000:OKDOT:OKMYTH
14AfoY2XXc8qUTUJkkbxhASRquavxQTu17vkZS8C3HPbxteJ:84000000000000000000:OKDOT:OKMYTH
14JYu7MVQHPL1JCDyRVSk8jw6HDJdjogfL4UTXEEoEUHDFpc:84000000000000000000:OKDOT:OKMYTH
14AfcEzD1LbH1pRz6e1wkmk6Jbkc2fzsdWYJfs5HxToYWLpv:84000000000000000000:OKDOT:OKMYTH
15wzW3HSYjcJBeJHurwu1a1w6c7maAgeSRuj9yhu8quJeKQe:84000000000000000000:OKDOT:OKMYTH
14GQeEieUQtY3ajLb26mZgF7AeR5r4vk3yMg4XKGpTDc8uRP:84000000000000000000:OKDOT:OKMYTH
1qDSMHRdW84rPVRkLmjZKAn1n158FZJxW24DYc3H6PN5R9Y:84000000000000000000:OKDOT:OKMYTH
1HTE6WR83XgpqJnhttmjzLCdqnQocLwzEJLS74nrjhEZ22C:84000000000000000000:OKDOT:OKMYTH
12mhQzG5vEVzydqJAfscvWfiMDRTwsZWh1y3VomZo2FBeKpg:84000000000000000000:OKDOT:OKMYTH
1HdNhikuzQymRuEime3evkbwKZphNDuau6wcWqhFT6dJ5YZ:84000000000000000000:OKDOT:OKMYTH
12zrSLgPBcdGPLmhCqRA4iMzdYVV3opYMAKhTydqTNGjEwA6:84000000000000000000:OKDOT:OKMYTH
14tpoqPFvtd8saETae5o8LvsysnJdw9rzC8zUP3WVKxQUh2d:84000000000000000000:OKDOT:OKMYTH
124WDsS2SqiA7itywBiv9iGTGyBEZKbhwBbLwQ4dG4Yca87u:84000000000000000000:OKDOT:OKMYTH
1z1WzQAu9ZzUHz4pGAryN994vq1Te2H2vAvi57QtVN8N1Ub:84000000000000000000:OKDOT:OKMYTH
13rFPH5wLrxXVKxoT3UpmofmAuS48PGBdRETK9dGTwadjZv4:84000000000000000000:OKDOT:OKMYTH
12CJESeHrZ2nb5QQgPnsi5zhxXXnSAAEqXFbj8eFeAR4fj4j:84000000000000000000:OKDOT:OKMYTH
1b8wnM7Jf7zFU76z2eHA8FqPbRXxVrjfE6JEQ1x4esoEhbt:84000000000000000000:OKDOT:OKMYTH
1Yhcxbvr6qg3iqDVGZHqjt7ytHcahP9AFbenAxHuU9trWvp:84000000000000000000:OKDOT:OKMYTH
12KBVJ5Fb57MR67XRmueJer6EwtKdBGkWn8RWCofuksuXv3W:84000000000000000000:OKDOT:OKMYTH
146KMSThxj2vnkcwot8BjmJiSLYBZ5Lo46vKe7YATUYPoXEy:84000000000000000000:OKDOT:OKMYTH
16ZomADHhL1FhiYCmeP9jMKxsw1KN69EBTyHd3v5X4hQpkMq:84000000000000000000:OKDOT:OKMYTH
12LH3iP9LmgnFK41JX7RJKAkVbeEBJRYzZg8FxnKKQfakeQQ:84000000000000000000:OKDOT:CHECKMYTH
13QwLJhbLfnS46ejA1vMXejUj2wExhQMD8hjtDEqrVqiyr4H:84000000000000000000:OKDOT:OKMYTH
1gwrQsnT7kJsbnw7A1rcSFz8Q3SRuwioKPHGFMa9Ma9TRHD:84000000000000000000:OKDOT:CHECKMYTH
16hUMC9enXaCArEU9BJQA3CTqR3z3aVTEZzPtWDAf9ANBmqN:84000000000000000000:OKDOT:OKMYTH
1HKMsMus2xojcJuLxocYi8pK2wYF1kqJggp6itKCQ6NCARv:84000000000000000000:OKDOT:OKMYTH
12udVQqD8vMB5KRDr3kCJKTbp8QVDNjTYQ3wWz5aCPHHPi5a:84000000000000000000:OKDOT:OKMYTH
1619DTRQCJbVCAXiiGMyCpjUFTmpYR2B52A227jAnTNtam3s:84000000000000000000:OKDOT:OKMYTH
16XDYMyvk35SqbFY6j6AfcdvDecdUdawTdS8UDpzx82od5sx:84000000000000000000:OKDOT:OKMYTH
13XxMuK2krwPwHB14N2UZFVT3A5yQFgDB2yzxZSUhiNn6knC:84000000000000000000:OKDOT:OKMYTH
14oapHRRF96UTSjrL54g6MbNNjjK4ZYEVzXJXeWaZFGmtUrk:84000000000000000000:OKDOT:OKMYTH
1yMXweRinPUPo7CcmuseCWsXAnMAhFov61d6SgwVt4CmQBu:84000000000000000000:OKDOT:OKMYTH
1247A5hpCiyCrxdyK2tdL6igm5xMzbbdKKU3iz2RVTWDQdSj:84000000000000000000:OKDOT:OKMYTH
14pAmsV1Zoqz4nr46212QLPEny7jVRC1BwYJJS3dFH4xhYaJ:84000000000000000000:OKDOT:OKMYTH
16Z561sn5QfuPATCPYnE1Fe9TiPyEcKqxVRex989iyzNA7gw:84000000000000000000:OKDOT:OKMYTH
16Geea77zwfiQXan3CzhRUHU9UaFKyzJx6XyWHFT6X8SMJhP:84000000000000000000:OKDOT:OKMYTH
16JXqtUbcBPskEQbiUBbPrgEB6PdgvGCRjZ6EiKCUFUyEoy4:84000000000000000000:OKDOT:OKMYTH
15VGJhbLABYXg97LJuCoXAQ3dRf8EocLF3qJuvZa62DzfAKn:84000000000000000000:OKDOT:OKMYTH
13i9NbYdLUPsxBBpcm6KQKD7novQzeW6d34xRYSXesVTxmsc:84000000000000000000:OKDOT:OKMYTH
12q4Ux1zCotA9o1TenGQRck8rVjj3ZYYjtTwwiopgSyJsx9D:84000000000000000000:OKDOT:OKMYTH
129mmgFjkRfdwFZtqPsEE2o37oyxBKWcrV58bRGeGCQAyDBY:84000000000000000000:OKDOT:OKMYTH
13wgzXnsv6hgDSH5RLgKpnDWU3FeCdRwHmq8XMzVgwKzBSwY:84000000000000000000:OKDOT:OKMYTH
12gxriodjzmvqnkkjGK79oj8LAnbWaumuZv3u5LQxDvjMEkp:84000000000000000000:OKDOT:OKMYTH
13Nsw71AKkjUe9XWjwA6Y3H3ERML1K4CHtgS7PjGuLNWfBb3:84000000000000000000:OKDOT:OKMYTH
146XTbm62vsS2rSnrXDfRMYn5syitq4k8Kr9yycCrGM4VVmm:84000000000000000000:OKDOT:OKMYTH
13sSvy7o1UhMbXoNypZeMmDxv65euCCbwQAabYL89x7BtGWV:84000000000000000000:OKDOT:OKMYTH
14xGpkwthqshzAMZoYGvhgg3hBcujoPGLnFrYkpQqGJKf1FZ:84000000000000000000:OKDOT:OKMYTH
17AbEP1S1SAYKS9w6TjHWJ1Brb2bjbmNnTFpzhj3YAfpPiL:84000000000000000000:OKDOT:OKMYTH
1n6LbE5dGAV1NVwGncBaz7k32hSdpTHYSB4rC3NN3T6Q1Ap:84000000000000000000:OKDOT:OKMYTH
1s8tLjzF2EosgsAPCuPHQqpcTXwp5B57kGb7GWgu6Cn7wjt:84000000000000000000:OKDOT:OKMYTH
16Xk4yFttP5YgoaesDnCrozBjmdEixogZwMjy9sMJrK1SyYU:84000000000000000000:OKDOT:OKMYTH
15keuAqen9NfNJXU2eXRueYsf5iLce9BL2a9dUqr9UCmAgpy:84000000000000000000:OKDOT:OKMYTH
13kL1M7okYYbQQs7HSmVTLfqc87EXcTBCUZQxAQjLwPeuVTV:84000000000000000000:OKDOT:OKMYTH
1pPr8scPNxfKNb2AzuRtrdq83NnHGu9A82UQkY9qKdvceBt:84000000000000000000:OKDOT:OKMYTH
13mL6wmjiNqNmAHPZRQXN2xoQgw2VTJKe6KurUtURCpz1Mpd:84000000000000000000:OKDOT:OKMYTH
12QjdYtjGL8fdcCgzAoUFUw6pZtYZP11GpnfvuGqi8DdCsSf:84000000000000000000:OKDOT:OKMYTH
16PTdjbNZ6qQVqBNmkUfviZ1c4VMbCEefTrjcLUbJnMbPkd9:84000000000000000000:OKDOT:OKMYTH
13FnFKaQi6QPMEXa3QYytKMH9btZB4N8mhankoEjqbgJT4mj:84000000000000000000:OKDOT:OKMYTH
12JeeSSihi5VWjFjju6U1zdM7g8d6JgCbkVQ2qLg4PAQpHK8:84000000000000000000:OKDOT:OKMYTH
1NQHyVABDGFz6kYNBBWYTNpFpjGAiK6b5Q78WDFw7ALnkA3:84000000000000000000:OKDOT:OKMYTH
129s7fkPUutoXnPuEtSstufDykrFBhMVj1txWjzNrZgyAUhp:84000000000000000000:OKDOT:OKMYTH
15QEnT8b6xaAZFqPiJNwYyHCCfbXhjbkbyAMczzkGKCW3Fog:84000000000000000000:OKDOT:OKMYTH
1498QxU5ZmoTTS6pqNH3rytXGcxp2iDLYozLjKYdaK2wBvPZ:84000000000000000000:OKDOT:OKMYTH
13adPM8zCK3EKY8HqKdF3KGxdbukTbQsU8wt1LjVP5LqA3QN:84000000000000000000:OKDOT:OKMYTH
13QpRZEwgvLQjeTNRaZ2VhEUMybk2tTx9d1HmmkyszWM6n65:84000000000000000000:OKDOT:OKMYTH
15rExL4ANjCSzipNnNpEmwb4kP9beCwAKGoaF51U7aaJtoKB:84000000000000000000:OKDOT:OKMYTH
14bSVzkXseTU5bBEXibDS6ygbu5UaYkYN28PR3ksHm3FrgjK:84000000000000000000:OKDOT:OKMYTH
146KVtZVkhGwJ9dYpuug3Lqeh2p4QvRoTrfigjUBhPPby7hV:84000000000000000000:OKDOT:OKMYTH
13ot7HpTRDRwiciVUm2RLXFuRuQvAvPfRZnfsc4Chxu3hMX:84000000000000000000:OKDOT:OKMYTH
14z2gL9gGaFQVEpkShsUwArV3bKkTvBydDkwdrPqUH8mdGcT:84000000000000000000:OKDOT:OKMYTH
13yH4bFKahAYWzE7k5Fy38XuiMZZYSBzSq2AW4tYYDyoUmwG:84000000000000000000:OKDOT:OKMYTH
135rbnSkvbPQNPkpadttgeBqYLm9PobTNcmvoBAkX8VAxVzu:84000000000000000000:OKDOT:OKMYTH
14bQM94JVXT1rZqvKBtrYAHk5qYB6z1YHaTuNpoJT299NWEn:84000000000000000000:OKDOT:OKMYTH
15qbk2dKrPb7jZaTDCW9kMAefTGRoJKmNHZMFSudpMqgcbPJ:84000000000000000000:OKDOT:OKMYTH
16DHyFMEGDQagvxU54d7FSi5pmsJzkd9BjB52CtCundiX48z:84000000000000000000:OKDOT:OKMYTH
132Mbz4b9SCGi8Y3b78WUEiydaiNQxTp9tUbfhYoEDA9HkWs:84000000000000000000:OKDOT:OKMYTH
14koPEBQuxWeNz3HVDX7HrWoswBEY1oyEnWPJTC635q16rh9:84000000000000000000:OKDOT:OKMYTH
16d5EdnukDtXP88jvvZba5GkbrKvc83P6DfLx6jXTrsofAEM:84000000000000000000:OKDOT:OKMYTH
1jL3tpXtVq7b74q17g7WWicyZnuygoshYoVw9vGfA8e7qeK:84000000000000000000:OKDOT:OKMYTH
13isKabXqikHfY76o5kF3vQcGuTwu24Lkpt41J5ZGbv9jQz3:84000000000000000000:OKDOT:OKMYTH
12cwnrNs725TXS5G75B46Q8mW5fhCZBrxEnSMjwBrcKv2Uyk:84000000000000000000:OKDOT:OKMYTH
13xF8xRsDTdchAvE7fW24psKzUNEhRqoyFJRApEiEnFzeERR:84000000000000000000:OKDOT:OKMYTH
1TVJSuXjxWpB7prkNRE8yPEVyfkzn5ErVL3euq5QNuieATg:84000000000000000000:OKDOT:OKMYTH
147zvUngioo6Bp4B84pkVnxyNvqQgVSLecaEv1ijQvHYZjaB:84000000000000000000:OKDOT:OKMYTH
12dwmsEMV8j3WLprC75FuZTZFPXdEomHWCx8p84UTUZWTNKJ:84000000000000000000:OKDOT:OKMYTH
143rHRv7BzWaUkiKTmAUvCTcvad4DUHGdHu5DLGXBMB4N6ZR:84000000000000000000:OKDOT:OKMYTH
16RwGwZPBrAbiiuH7t4EwFtMg5CfRcuYUnKairnTuugYJzMD:84000000000000000000:OKDOT:OKMYTH
15fgfxV1b3erd5wXrXN6C2ULjBpHCCHZ78sfBfmqgNpTzXc8:84000000000000000000:OKDOT:OKMYTH
12p81ph3rZj4oBF6UaMc5FJxpXjqMtNb3dgJxbv4W3y2i1QD:84000000000000000000:OKDOT:OKMYTH
13dDcLtPQVqSW4kodZj36HdJ68qyZ2JNhq8cFYAfxbMWmCfY:84000000000000000000:OKDOT:OKMYTH
15X1ko18xMHZE7EJ6rPdU7joovtWXqE7UuE3j4jBLZGmfNDr:84000000000000000000:OKDOT:OKMYTH
15LkjXRzPt2NrseoS17veyymmjyfxDARwPKvj3UBfoKfPpn9:84000000000000000000:OKDOT:OKMYTH
15fQ51v1sfkoPBes34Ky28Zvtg4wCNgjAMBxmpfmM6YpTKkV:84000000000000000000:OKDOT:OKMYTH
15otnQGAn12t5gch7Abc8nCkSRshswvNHqhnm3kMgN9jFugQ:84000000000000000000:OKDOT:OKMYTH
139XjBhAus4TSiF9JMgoNqrYYmFi6yPpur75txLpj39MmBLy:84000000000000000000:OKDOT:OKMYTH
16Ayq2gP9rdArjbs7LUryRjHBoRyEhx1DZxZfELLHikrQw7y:84000000000000000000:OKDOT:OKMYTH
1A4wzP6HSZViwqT3KRB4tvnoVbS4WLDVxoCRTEh2EdC5WYL:84000000000000000000:OKDOT:OKMYTH
15GN2Fcsg4HRWX9Z4vA9UsfkGjxYPTFkRwUR3bQitVCnU8ET:84000000000000000000:OKDOT:OKMYTH
132Xn7U3wSfUmvu6NJ4ndkgxweo6DxHBkzLMLuuxScKTmuyv:84000000000000000000:OKDOT:OKMYTH
15mVAYZZYtr3wWFXT2AFEzDNcuuikdfFDDxD6ysXwGGQyY2J:84000000000000000000:OKDOT:OKMYTH
12muuzHwsBddgG8GWT3ZXVrrFqimidKZP5W3VLDDQCUgUdQ4:84000000000000000000:OKDOT:OKMYTH
13wwDLbw5fmTQHDCoqKT5VLcfP1DVHzk2yX8f2WRfQyGUrp9:84000000000000000000:OKDOT:OKMYTH
12JWjAjLy8Kx4DFT6t6jszqvdZLHNCcGWFr9kZjradDBY4Ni:84000000000000000000:OKDOT:OKMYTH
12RUSkfaLyZacqKwjAc2nm8LRaw5wABZNd2Tg4V5JStXXiim:84000000000000000000:OKDOT:OKMYTH
13gzCdgqopXEf23dpFvEw5w5JZNQ9UYJzimW7zCHPaX1wAfd:84000000000000000000:OKDOT:OKMYTH
16CbM8SVa7TkKt6Ry36ZbXgpqvXZhErr2e4rt1RqeCsEDGCa:84000000000000000000:OKDOT:OKMYTH
1511HyBn3Q84z4XM63pa8arYG5Kk3txxMXrsiYsXvaReySuU:84000000000000000000:OKDOT:OKMYTH
16K1sPds25UfyJZKa4LsRap8kWQsJQuvyADDiTDcR8shxT9E:84000000000000000000:OKDOT:OKMYTH
1jrUXmVxtpwQU9xkGQWuxUoxvoyQWoscPk2A2aTFn1xgtHk:84000000000000000000:OKDOT:OKMYTH
1VtC4BeUEdopUYqgrM5xyeiVs5jFqEqSWD4JMwaj6hMewmM:84000000000000000000:OKDOT:OKMYTH
12rZxjogniRUUEjVmXeU8U6XBPHcdWnP9YHfVMXS94NnmuVz:84000000000000000000:OKDOT:OKMYTH
15qd7vGZ4mKphysu2m368KvYEN9GQV6f2xMavNUoCnNmuHoi:84000000000000000000:OKDOT:OKMYTH
14azzvA6yCJSEibbTFBuMR8F3cJwQvWPxh1KeoYxToBrM67C:84000000000000000000:OKDOT:OKMYTH
16LWFRhL9UxAEbyqaSRYU7RR8RBVBaU5DjMqnB3VnUa2m7b6:84000000000000000000:OKDOT:OKMYTH
123dfwPVcmpLufnDoXdXmiv5hhZJYnWfimpSEQi4EF4CqW8S:84000000000000000000:OKDOT:OKMYTH
15tG34tYeRMgu4MQ9faSX6SsDyezNkHcubXFFBxwUYk9ApNP:84000000000000000000:OKDOT:OKMYTH
15dZ6qMuGcg2wYWDN75Ti5cU5mkUKeKaKuDgpKqJZWBHEB2o:84000000000000000000:OKDOT:OKMYTH
15oeRRjjSGpKj5ti5WQoH6zeLPnCwLaLvDLpYmCyN9oURkuT:84000000000000000000:OKDOT:OKMYTH
13x572Nvi7gVUu3ya9rUfMoDiAD6tGucNYdXehD2hguzzmSy:84000000000000000000:OKDOT:OKMYTH
12x5G8rLvNyUVP5jd13a4aRctS3SRVTXizNLXdTU3PQhnLEK:84000000000000000000:OKDOT:OKMYTH
14fgm3W199BJUccNQJMEirotknZEWTqiF96KBsuKuyMrBAn6:84000000000000000000:OKDOT:OKMYTH
16M6SncW8vfXtCDGSx2fkx9cpNQLY4T7Af1mh3EvVoGnjQzj:84000000000000000000:OKDOT:OKMYTH
1TeEuApTFsvWCQuab6mA7jmUXPdG4uRq9xS1dyczTYtoF6F:84000000000000000000:OKDOT:OKMYTH
14uJL5xRLVyxJ6WogJqDP6RcZvNzEnqBQYPMNqxxASMKUFQV:84000000000000000000:OKDOT:OKMYTH
15K4ThvsU3pLwfu6VNQD2wawAfhXmAzdZsgkei83K5PB2XgV:84000000000000000000:OKDOT:OKMYTH
16fGHkPDogsPFavdrpa6Hvv5Pt3ayJC1RJDNmKy8UrnMftid:84000000000000000000:OKDOT:OKMYTH
1nX1Vs2WigRMPqWGeLwMX2umxf2QWf9j3zgokSotN9aqoxN:84000000000000000000:OKDOT:OKMYTH
14sRjrzUYTMeEwmY5AWjpFdA5vuhYhqv3mFuihbefo3XNNm:84000000000000000000:OKDOT:OKMYTH
13KCxkfKQgJwzF86fGuHnFnLVkySEwcMMfrMHKeYTfSspPWV:84000000000000000000:OKDOT:OKMYTH
14YUVyTxMXpxKXRRtahZ48r2dcVd6kDxUovfSZUnXGSfyqCp:84000000000000000000:OKDOT:OKMYTH
15MqdsotcMpqb1hQpjW5MVF5cuSghc2CR8Y31qU6pqRFF7T1:84000000000000000000:OKDOT:OKMYTH
14qDkWdQwFmVKtRGtxCzQp7Xq4vib4VQpDrkAmE1kqqufCUD:84000000000000000000:OKDOT:OKMYTH
15tFA4CL3p9U8DkDKhEHa1K4TnRyjcGDjPEaesKLYHNLHizd:84000000000000000000:OKDOT:OKMYTH
14MFsLkMMNLb7nEvAS19PXSErxYEkFU8Sz81tPmRFtGzHHgr:84000000000000000000:OKDOT:OKMYTH
1gauVq6VEdpLnEfrSy8gZSWUfP7oeP5iezZ1ZdmGjYyxYs8:84000000000000000000:OKDOT:OKMYTH
146FuA9K2xesztakV7oyGFCd7iBfmL8CEnYNHFqY1YBxVPbL:84000000000000000000:OKDOT:OKMYTH
1jwMWNRWV4DruGnrk1nRYG2GbB5CjeJSWaJk2SdQekZk5TR:84000000000000000000:OKDOT:OKMYTH
1n9xdZ1rdvv6ug4AmZYZxGTKpaX48GUPzTnUhpwGTzhAnfd:84000000000000000000:OKDOT:OKMYTH
12r7Fs43PrGRRSUiPsDazPxut2swusjkN7iFvUiBQEYUJKM6:84000000000000000000:OKDOT:OKMYTH
15zi7L2qS535n4fQtfCEmDy8Vakgktq7rp7hy5wh95nfiNu7:84000000000000000000:OKDOT:OKMYTH
14NFjiv71jpLB7stZySuQja6ShmxF1WRSZVdo7GdfeJTxqo4:84000000000000000000:OKDOT:OKMYTH
155rp64uKsij6hQ72Yaoh7i4UAUvhx2pyp1dEcQ8UtPFWoGF:84000000000000000000:OKDOT:OKMYTH
146kQT6pebRn4cTeYgmB85unTTcPGr1ZZqrySC9jkoV8azkN:84000000000000000000:OKDOT:OKMYTH
15W79xp3wbiJdxrX7iSfnmbix6ezt49nYYaQWfAkfGhBsW7c:84000000000000000000:OKDOT:OKMYTH
14Sz6EU5eERS2Dnnw9VKfqPMP4ntNqsQWbm9sCwdnQnrGoWN:84000000000000000000:OKDOT:OKMYTH
14ouAcNgH85BQhrWZRX4CQZs5FvPX6H6UGPNaqNtDw7jynN:84000000000000000000:OKDOT:OKMYTH
15AjapHk4fV9jgKmK2g63y7WQJd6ii8fk5ezs2nsFoUcSCL8:84000000000000000000:OKDOT:OKMYTH
1eaJPRFz7CQRBGmdD7vpgyyv33Ko1WgM2kCbd6SJjshywJu:84000000000000000000:OKDOT:OKMYTH
13deJYicWNTnWNXFVYp4NqLVdhhxSeYJds3v6ZcHXK7AGUxQ:84000000000000000000:OKDOT:OKMYTH
15qqbbo3hbGZncY1fJk4kJSiAnDGdzcvZTUH9vXoVMgJCvSj:84000000000000000000:OKDOT:OKMYTH
12mqB7wthJ54YAYfLCxKmgoQ9jNVWGUxncWvSiJ2ynT6UHwU:84000000000000000000:OKDOT:OKMYTH
12QXFKceFhAJGcvj4PeUBsVRmKDFZKHxmKbaGW4SAdg76Es8:84000000000000000000:OKDOT:OKMYTH
15V4QQjosoE27gRmwYmuAvoi1P7PpcdKtCDfRjVjSs99gr5A:84000000000000000000:OKDOT:OKMYTH
13wue8kUtL8HWpA82baVVzbYP4KGpTaZUJVevKfVLmZ9NyDF:84000000000000000000:OKDOT:OKMYTH
142m8oe4VYeXBZrFt9cAPk5APbPNVjc5N6eUVWXSQCjsnYzy:84000000000000000000:OKDOT:OKMYTH
14fbqHbH6GHgFfp4TdS1w3YMbrsmqC5cQ6cwXCe58nzuGqTu:84000000000000000000:OKDOT:OKMYTH
1rrb8U4GPrNudsur5mSvCCwsfcW4oJezxhPWyZxrvU2YxGM:84000000000000000000:OKDOT:OKMYTH
13eDfgS23aPVT38puBBYVs4vNYt2aUy8sNravicdgou415Q2:84000000000000000000:OKDOT:OKMYTH
12eWH5FAw4F9CsQDhkqG6xdo5AHjnqWLw4BzZ4mcYpq4ZUMh:84000000000000000000:OKDOT:OKMYTH
12T9Q8VNkSZc1MfHB9qvXr5V1rTwbSpAB2RQEqStpBnKL2Yv:84000000000000000000:OKDOT:OKMYTH
143st1JyXUuLX7Bt2r6gTmzhvapBurYavUMMdpHftEqjZTAb:84000000000000000000:OKDOT:OKMYTH
12HPW55S5JHPx2wahwoebVRccv7nTDQGwZ9hpJ3cgW8pZccx:84000000000000000000:OKDOT:OKMYTH
15aBPjecxWbwsWwNSmrMsNt9FGa9hVhWVBYCRuci7uURkJj1:84000000000000000000:OKDOT:OKMYTH
12LBeLvqV5BP5Li3i8kT9g8Mo3wUddh2coH67YeUwFwgsirA:84000000000000000000:OKDOT:OKMYTH
14JoZP4TvTK6yi2qDco6EcYpn7xtK7bFSjheBJ5sHdAuUt5c:84000000000000000000:OKDOT:OKMYTH
15gMGoVoeHNUNFNb7KhTZeAuy4iPNxyQX92VVB9zpTepP2Aw:84000000000000000000:OKDOT:OKMYTH
157auHE9GWjWAeBZ14UUPAmFHFJEEZEYvBPWFBoudsbGtuiT:84000000000000000000:OKDOT:OKMYTH
1KcUyKLJRdhXVdk7wob2AWAPmJm6RGy7GNSXyAyTnAw8xWx:84000000000000000000:OKDOT:OKMYTH
1395XtpwWriVaRYJigHGUDKfHePsaMZPrLdD2RPC1xb6KPmY:84000000000000000000:OKDOT:OKMYTH
12EtpirXFjZ6j6CwKVFA9EUtYc7kLELoCXTdCyTFusvLGrJ6:84000000000000000000:OKDOT:OKMYTH
12rmWUVwXpDgpKSjfZtv3SXRT3gzfZWPdFoFfsAz6BKvhRVD:84000000000000000000:OKDOT:OKMYTH
1Sy6AzwtG5Jimr7EtLw2q66tuHrGxGY9qcQa8CfabaNPCPL:84000000000000000000:OKDOT:OKMYTH
15ymZUzCv5jSp6Fszr76wxFCRe3qPEWaZ6NucMhUv8JKBm1C:84000000000000000000:OKDOT:OKMYTH
15LynyHVSE3gHmNuhg4C6dsN57Cqu4MzC4anXzXZWbSZoPFy:84000000000000000000:OKDOT:OKMYTH
15aG9fJPSRV5LPuiDMJCsAXx3E7SkbyENbGoRzUbZSViXXhc:84000000000000000000:OKDOT:OKMYTH
1345bFkdhbAgJZfxd5i82H3jDsBQynqyxYNsxEuJKxENMhFp:84000000000000000000:OKDOT:OKMYTH
16LhHz4jM9nmq779xJkCcuJ1FVmMxo56SPJrZ47tCXJqmvDn:84000000000000000000:OKDOT:OKMYTH
1378sWvx6Qp3ineB9n3MHuQSx3pCnnaH3QF1ZM8uFk1Z5peF:84000000000000000000:OKDOT:OKMYTH
1P1vPBGBXtEGjL8y87MmzdrP2GteebQK7b2Ve2rpju1Gx3R:84000000000000000000:OKDOT:OKMYTH
14RwL2kaW2FsDM4NKvwLiyeUpJNsvoxrQVQNTupGt4h42HSy:84000000000000000000:OKDOT:OKMYTH
15PB3tWGnn1kdmq5HK6nyADciaeoiULYDwkgUoVvTowkcom7:84000000000000000000:OKDOT:OKMYTH
1nGy6jxbJhkph395nKmwysJwvovNizqf3giXGoAjFodtgwJ:84000000000000000000:OKDOT:OKMYTH
14PbPMZdNKttFTY38BmeeoexUDkJTkgktmTpL9KB79DoWBU9:84000000000000000000:OKDOT:OKMYTH
14XWN4gn8hx22JCU2Ye6mm9rgqopeMJBsGfK5wXXPm5rCv99:84000000000000000000:OKDOT:OKMYTH
15GkoNvQo8k2p1JxxTYpmuoauYD8Hj4Jtq5KnkvLyahUVXNv:84000000000000000000:OKDOT:OKMYTH
1kBc9v35Dg9bB38supnZn5eELzPxcQmRyZhBARnsDUp2SM7:84000000000000000000:OKDOT:OKMYTH
16Zc7qeXgqDbxDyhn2XGmtottqdmP7P8VRb62dw29uQaHqhD:84000000000000000000:OKDOT:OKMYTH
13m7duMNNzdxGbaXpfCZu5nyyNZMt5bYmoyCHzjCTeRkeNN8:84000000000000000000:OKDOT:OKMYTH
13zpqNwn2BB88jXfaVswdXqUHRUXQtMdeLvHzuk8phTSk38L:84000000000000000000:OKDOT:OKMYTH
13WCJkB4ETzYWzoh3BYvYVVrQvdDi429gNuVRFh4xFTMRw2z:84000000000000000000:OKDOT:OKMYTH
15rztxTxLVEzbjU9TrycMMWEYdUE8b61Tn7JG86pW4YvAZqp:84000000000000000000:OKDOT:OKMYTH
14f8wahuiQFnQvXFTvCvttjmxa1bSy9Rgqhr75g57wU1rcy2:84000000000000000000:OKDOT:OKMYTH
16BXTe533z41c1ZcYwtQV819bSaTh2xfpbheGYFAXhuzZM6B:84000000000000000000:OKDOT:OKMYTH
14w9Ly1VbySfwA7cSYvaB3GRLurYzJAMar1dJNzn4mpQuU6D:84000000000000000000:OKDOT:OKMYTH
15MrbCxGpf7zfrEnVgczNCPhVwDkCPrA2fEiRGQvJWQa7Nq4:84000000000000000000:OKDOT:OKMYTH
16AuhK3tNZFzsvguukuLzPXxdevWFCQoF1qb6E66iEApWAkB:84000000000000000000:OKDOT:OKMYTH
1keY6s9fqXweDHnX3SzWodqNzHnZVRQ6yjVZsyCJWDoVpDx:84000000000000000000:OKDOT:OKMYTH
15KNvJQxjw7LtgVjSMe9iRDvHVpUmrj2eASTV9Hxune1ixTp:84000000000000000000:OKDOT:OKMYTH
16g2JuBn2aGRSLfykP9HNoahvvqNW24d3N17E6rXZBt4yuaM:84000000000000000000:OKDOT:OKMYTH
12Z7ZCVEBNrdNh99crAAhugi8ANvUFJj3KhUKSJCirgRJgyy:84000000000000000000:OKDOT:OKMYTH
13EWhi31skdAm6mZsqwxQZJeP9xYYkpHDpyHEAND7y496MyG:84000000000000000000:OKDOT:OKMYTH
16fvLZP2BY5e1W5zj4dsmEHNq7xaHBhN4Q6HoJkAzzJcVUQz:84000000000000000000:OKDOT:OKMYTH
12Zac6zj5F9hUrFLyq4tgWA1qSwbdKNXTmYUajpk9iEqmXzf:84000000000000000000:OKDOT:OKMYTH
14z2ySJUMqpSxSC1vQbB6Zeb3rYQAa6jh1Qnd8kyUE3ZURbk:84000000000000000000:OKDOT:OKMYTH
12Td1QpLuTtRQ2etU8z2iJd1gHEAMG8jpp1E9vrA66YiYfez:84000000000000000000:OKDOT:OKMYTH
14TFLHqDetywoVi133VQ98YSKPaewC5L51YDVxguP3WTPdsa:84000000000000000000:OKDOT:OKMYTH
169Z3qyQy3QxqjqC3TMmKnnqzBTtSzakfwn26tnFnwdVjecC:84000000000000000000:OKDOT:OKMYTH
1ZRRPxofbS7TmWUSZGjcHLhHLLLXxManKWpU9Sre92zxWzL:84000000000000000000:OKDOT:OKMYTH
15CQav1FsZB8yEwyRvPppSoUShmmaaBUM6udG817gRVdKic1:84000000000000000000:OKDOT:OKMYTH
133sxrmdUYoW5g4g5cirtr9tZ7UbBDXwiuS1FozLMepZnM7B:84000000000000000000:OKDOT:OKMYTH
1xfioYsqPTxZRc52sVinXac844qx8sCwnDNDGZNhUcKcA7e:84000000000000000000:OKDOT:OKMYTH
124Q11CZTCmAncwsGJVQ9pyti1UFwfN2oALE3PCaZode3UnP:84000000000000000000:OKDOT:OKMYTH
14Q9Hg71mcxR2iTfnknNm1hdB6s3dfZJ22tk1YZrw7yF4gqC:84000000000000000000:OKDOT:OKMYTH
12eV8vizsk2qNyLThmz9Z1sGNrxppHX6Bci2AHZeWMx1NQWz:84000000000000000000:OKDOT:OKMYTH
16Ujcux95FRGo2F3KEciJgNRLajV8ydfWjk5rycrGHeXBJVf:84000000000000000000:OKDOT:OKMYTH
13gJfJ3b3JGYNsXpWU3Tmgu49y25i2ttsD8t5h87nJNxvc8z:84000000000000000000:OKDOT:OKMYTH
19JSwVSZBXWKm2R5DPe8QDvqZqJRbZAoZDNYEtxzS9AMDar:84000000000000000000:OKDOT:OKMYTH
16kTYRzZhkebisN73xVnNwKTa4DJut4NuoM2yYpv7i163ZRA:84000000000000000000:OKDOT:OKMYTH
14m4RR9LTVWHutyUz7JcamxhaAxzNjRYtJu1Df5BAaVbYuqe:84000000000000000000:OKDOT:OKMYTH
15z2Ut4wvnhFoJxk9WrfNej7yReCkbcvhRmR9AZWxWSe8hCS:84000000000000000000:OKDOT:OKMYTH
12KMKixdU42pC2Fz1DijgxL4CaxPzwtfUeQphFmDDAyndvE4:84000000000000000000:OKDOT:OKMYTH
13eN9uwvPerzVD554dJUCFTqcsvJRNcuZ8m4WqwHpk2fGfAs:84000000000000000000:OKDOT:OKMYTH
15p2s2RzmcXi8eFewAFYVBhWb2r3SgquMyvtUhfKcrPJFpyJ:84000000000000000000:OKDOT:OKMYTH
1W7b9X9dYcucCQr862255YqZ8JhzYtEajJjS1oQScMc3oeg:84000000000000000000:OKDOT:OKMYTH
15Dwr2MXzNJ46GraEv9dMxfn98WXsrZn37JgyUceP4XsgQJx:84000000000000000000:OKDOT:OKMYTH
12or4YiRHkDvAQTVKKFVQfbqSZLd4ybsFYUnbakgi7TfjSaj:84000000000000000000:OKDOT:OKMYTH
12BGpMTE7jL2VqkipBj8CUin5XjNSoVX9sryYb293AqMELRm:84000000000000000000:OKDOT:OKMYTH
12NBJJ5sQzseujt2gzfhekZ41Ge3Nw1FKzAVDRvYqCbqS3hg:84000000000000000000:OKDOT:OKMYTH
1X2WkH48PE695EB3GdoYMj4PAM6vAebzt2sA4jgsNpfznvg:84000000000000000000:OKDOT:OKMYTH
13yfN6gkApXdjMEfsqJKC6gwHXLzZJvD3p6ZaMkJvCoDyZJ6:84000000000000000000:OKDOT:OKMYTH
14i6GCLs1oPNGGF9rxogPwjomFU6Tx3HiHysZqgmtMnNnuny:84000000000000000000:OKDOT:OKMYTH
136T1vRbDBtoRuwXKdZcqmx5QgCgsAff8c6UaXxsFKvBKPjA:84000000000000000000:OKDOT:OKMYTH
14DzVLoZrWioqoX6DiUvL4SsuCYqVhd2V91A641g1AJJ8x5f:84000000000000000000:OKDOT:OKMYTH
12xcHDAU9Wcz598cxD8Go6vae2j2kSCsXmGatjAKGGUhNQ4x:84000000000000000000:OKDOT:OKMYTH
15Uoc3vALdwmBEAioMMiF93wr19VpZTYTyauNcLBCMts1VLK:84000000000000000000:OKDOT:OKMYTH
15bfWnb3f32crZTkBcPmGNaDeF7gcVjYBTdhYE3M4nNuQTkT:84000000000000000000:OKDOT:OKMYTH
16Pa5DKZ3ky6sfyPCFVTzfEwP1TfhxAEZntwLk3YGSyGTerG:84000000000000000000:OKDOT:OKMYTH
123iCLzVgXWW7vWxKvVkkYQpw4pVXCrWJuyitgbugEfUdQ8Q:84000000000000000000:OKDOT:OKMYTH
14QUJs9A3JKCuanijfVT5YPCQ8EsvJwLXNEhSDNPVXezEtRT:84000000000000000000:OKDOT:OKMYTH
14MRU4zwtxvQnry8iBrHMC7srwxJW2f8L3eJkqtW76bhYPiZ:84000000000000000000:OKDOT:OKMYTH
117hS1K4h67A6pjysUNa6Vx7d6ZMmfFgjWwNh7cy313JnAb:84000000000000000000:OKDOT:OKMYTH
14txhzFTAqD2Du4CVsgVDHDG6djFsRZm7aQycF6R6VBLCNu9:84000000000000000000:OKDOT:OKMYTH
11z11iFSVvm6hPDTYnBXci4haeFtFtmfmzSiFWymxUrVBSA:84000000000000000000:OKDOT:OKMYTH
1Vx4NdEiMQdzNyce8YS59KPnrsL2UooTHkFN3B7n6wvCEEM:84000000000000000000:OKDOT:OKMYTH
1LTAghqn8U8qrBJ7Xfy61joWFUJLmEsfEeSjzXkhjqQ98pa:84000000000000000000:OKDOT:OKMYTH
12YFFeFZpXtCnhGquXzt2uLWocDmu7AksUoM9WBwsqmGcy84:84000000000000000000:OKDOT:OKMYTH
14nDnT5bpELzgcWCm99C3rDcCSd5A79V2cEsjUtzhRz3892i:84000000000000000000:OKDOT:OKMYTH
166ZNv7JRgUNSKC75HTLAoKHy6kpbnF7qfesTN32arVovPfG:84000000000000000000:OKDOT:OKMYTH
16LYgXmocazfcnxPinoNdJ8sjqprosq4EEtoooaE84FqZeRi:84000000000000000000:OKDOT:OKMYTH
13S624SCVUzvB3mTxiEn3fRwndWo3aQ8BLwfd6GkXXiyzxBW:84000000000000000000:OKDOT:OKMYTH
14Pxnc63Ss5STJzGwj3YV6R6UfXhy2axXFK68H4YWweQ2GFo:84000000000000000000:OKDOT:OKMYTH
15XdXqwFTdR8FvBbpYQW4kdKzBJSoZpb4FHtvtQztW6qY6te:84000000000000000000:OKDOT:OKMYTH
12WHPPGtCZwAxNr7CfppSyXq2go8SjucrmPvES988fmSWXTx:84000000000000000000:OKDOT:OKMYTH
15inaSRNyxwYabDifUDyhrHzAFhjPTYiy2M1KzT4ZyhRdhNa:84000000000000000000:OKDOT:OKMYTH
15o1dhmF4zgBEF6E1zrpuekeqF6znpjfiUJctXFK9ckC4sx5:84000000000000000000:OKDOT:OKMYTH
13rufLAsmS2hFpEeWwcdbRD9587kudAF7uBmG5zJgJUnUBnh:84000000000000000000:OKDOT:OKMYTH
16fK2YH8VFXC2CtusjyrDf9L6mLmqJdvQgj9k8HW5hsWnnyh:84000000000000000000:OKDOT:OKMYTH
16K4EYm6FaMXFZuAu7PWhjNGPXrR4Xxj9vnkeSa4fR78hBXx:84000000000000000000:OKDOT:OKMYTH
1uvuebGkmk8DZTWD9sTH3oNfqBJEdwFzy6KCNNRwwoapCQB:84000000000000000000:OKDOT:OKMYTH
16FaMyW3vi72vXER7uMpe7t6D9ehYWJaaGnkwANVVKgMPX16:84000000000000000000:OKDOT:OKMYTH
12bfm5zModNrLQncaz6NiUM2FZJfx57a29eVRHhCg7reT6oE:84000000000000000000:OKDOT:OKMYTH
12vG3CDcE4QDX5piKNYKVoYQe7xJLHzN1KBfHvPzqJcAargT:84000000000000000000:OKDOT:OKMYTH
19wVDY2aWcihQPac4Vy2v6yr2542ND4q2GSaaeEmTmarByH:84000000000000000000:OKDOT:OKMYTH
15gAz7MsTh9hNa9NBA878Puxwc7ftZ8PFe1AkViXmbvMfKMj:84000000000000000000:OKDOT:OKMYTH
16D7Pdd2NRMWyCkUf2RNd16pkQnxbHecfLsnf8YjfRf3UJMg:84000000000000000000:OKDOT:OKMYTH
13GDpBB9uiBrLb4zorHJKwsuLStzzyaYAF4RhCncztQ4kpH2:84000000000000000000:OKDOT:OKMYTH
15ojwzeehjdTvfXKVmuUUjgxLLWmEYU4JVveuNesBdMqwSaY:84000000000000000000:OKDOT:OKMYTH
13QmCZcd1dtTi2YbyBMJk9x2rqVNuPz7HX1ztUNRwuV4Axvf:84000000000000000000:OKDOT:OKMYTH
138nj4pzGx6S7YCsDYHq393gK5bptRAgR2ZzSVAVTDXwYZqj:84000000000000000000:OKDOT:OKMYTH
162Z3TPg7db9sW8ALHtP6H5Aqy6pchwUG9q6tf3xHRzNfhoH:84000000000000000000:OKDOT:OKMYTH
1pqtXcxbTN9EHDp7wcRmPJZ4usCYNUhPWEewSJ65tYrZmLd:84000000000000000000:OKDOT:OKMYTH
12n8tHcjB5tEe8JiFFYc2mwf9AbhG6ooDCz7H7jCHmpNjK8c:84000000000000000000:OKDOT:OKMYTH
14gaWqpjt4kUMiCiQnuuPPZM7pHi3BNo4AcYNsFWfiPxNXoz:84000000000000000000:OKDOT:OKMYTH
12g8AUgbGK7ckNMHucSXr3jbDhJKdJM6Hwxe2xEKDLKaEp4e:84000000000000000000:OKDOT:OKMYTH
12dyjMonYA4YurY1PxDwTZMf6tKzox6BhhWvpY8REBXtCSft:84000000000000000000:OKDOT:OKMYTH
14sU6PhWBnUtBE9353btpr8NHdfbDnZK8bRpqYzEtpiPrAwu:84000000000000000000:OKDOT:OKMYTH
16MKkpWsax5vJWjHVbHbsLRsPm7Ssbrg1g4chZ5amqMDKsob:84000000000000000000:OKDOT:OKMYTH
15FhoWGdzJRgjYm91N5wh7KJifgZQkRk8NH6PRkaNh5dkgan:84000000000000000000:OKDOT:OKMYTH
12uBJxLZeh1jVkFq29ARFxuXPkVy47JSvXoqVcFGkW8Tt1kw:84000000000000000000:OKDOT:OKMYTH
16adfBoYGC6hcut8GDMHGFTNZhryvWFpV8w7d17qH1Yob6m4:84000000000000000000:OKDOT:OKMYTH
14X2YpaCTaDeberhkp3X88hpf6y4aXMwYBBemtuvtJe7if9j:84000000000000000000:OKDOT:OKMYTH
15Sm4f4WB5tspTXa77sGU2xSCepyVQod8kob2QqtJtm9ZTjH:84000000000000000000:OKDOT:OKMYTH
16m7JnTN1DPMtUuSun2STQMDKi98TSfwdzpfEZ9eL7UzVbRU:84000000000000000000:OKDOT:OKMYTH
12T6Bz9aAcCVVAySKNY4bKcY1PAM4DCwswgexHE8peCZ9k5h:84000000000000000000:OKDOT:OKMYTH
14zwaPf6aLm4KD96zyLhZMjaVXovjEpr5Ybvui3AYJ1R8Uq7:84000000000000000000:OKDOT:OKMYTH
15135s6aVUjMJrD6qfcofpZKaDMZjxnry2DwUnw2XTxPByZX:84000000000000000000:OKDOT:OKMYTH
1xzySpEbA4zRu1HKk4vHP48tDcYoNm8CGceXAwrxwDkLf7A:84000000000000000000:OKDOT:OKMYTH
15wvU82499ZUrdeTVh8E8LncnaWmmGauZ76Nyahdh1ECPuq2:84000000000000000000:OKDOT:OKMYTH
12NJUMJ8Qemyoyaga7YwidVYu2bTP8FG51umv5rg6px3F7un:84000000000000000000:OKDOT:OKMYTH
14SzK49TrfzZX8pNeQxC3vDR2Xc2vx1aTf6cGeMH1DM5Rwzw:84000000000000000000:OKDOT:OKMYTH
148di5oTz6oTUSciofq9UTvDgDqQVmbHf1NMhDXq3gJudJf:84000000000000000000:OKDOT:OKMYTH
15fEEv6PrZsC36LSeawy8pXcib8qY2Bfm24a4U76kKSy6GyK:84000000000000000000:OKDOT:OKMYTH
1MyoEU825DTMNDwxSEsgjNx54N5TYuzH7VdcUuv2Mt9dDJa:84000000000000000000:OKDOT:OKMYTH
1eDtuLUvnMeK3B8qpNFWsaBBubJsNg8St5Xkfg91zqush2b:84000000000000000000:OKDOT:OKMYTH
14ohqwrz4ekLETgNQfoZP6Lmd2xQ5Tu5m2xdx58jsmNmKd8B:84000000000000000000:OKDOT:OKMYTH
1bAJ6xMJxgL1iRR7gvSkfDkrsYAw88i1HgEYzv371xUUbvP:84000000000000000000:OKDOT:OKMYTH
14BJdoADNSU2hM6xmtTPc56SxSjfL4rddrnpkTdhcY7WQxVy:84000000000000000000:OKDOT:OKMYTH
12VpMdk5NxLEV2znTExouphupATaiRaEvTxSjhJYp5zMzvde:84000000000000000000:OKDOT:OKMYTH
133QB3Vnrbvy4f8bdzWfm2a2sgsWcUmjtWpV6Dm1NFYFjNfo:84000000000000000000:OKDOT:OKMYTH
16CFHNJtmZRyZMLrGZNXvcRWMTKnTTdUiiH6DnAPgSHPJPAW:84000000000000000000:OKDOT:OKMYTH
12EJQL3WoCMgiTA1KxZr83NyJjbbKDtesgsBi48sfuQ2sWVm:84000000000000000000:OKDOT:OKMYTH
13xikNsVJdEKNmYaNyVgepZutPD1m3gbSpeWry4RwLq3ncPu:84000000000000000000:OKDOT:OKMYTH
14ovsWKi1iu6gXmBUS12XY75VAw7qRHDxGM886rj6sEiBYLV:84000000000000000000:OKDOT:OKMYTH
152rRej43p2fdsyYYK94xgo9cMQziwzpy5sEGUkjWKcnPeG4:84000000000000000000:OKDOT:OKMYTH
15fozuqNioDCfhKfM75e8jySWb2U8HTMitozda1piautuAvo:84000000000000000000:OKDOT:OKMYTH
13NCLd3foNpsv1huPDzvvfyKh37NEEkGFotZnP52CTR98YFJ:236000000000000000000:OKDOT:OKMYTH
