15F6CweZJ6cpy73dAkS4tpJVonM8nMaz536NVRTfeJuEBwSY:12000000000000000000:OKDOT:CHECKMYTH
15kJmL7oYhrAUECz753nX8rxNWccvuJN1ojjyAn4jradawNH:12000000000000000000:OKDOT:CHECKMYTH
1usnHZRo5bGCt35v2PBQrVqkd1UgUp6V1q3wLWuRsDgLe72:12000000000000000000:OKDOT:CHECKMYTH
15whqX47LHVJoLvZ7pYDnjfVnScLXJ2haLGZKZKGktFjJdA5:12000000000000000000:OKDOT:CHECKMYTH
16QEihNvSrztmQKYqfoGcPvcz84A1WF7SS1tUKzM1vMMFEQf:12000000000000000000:OKDOT:CHECKMYTH
152FuW2tnSuqkcCebNHWhkm2JEgRWQVJBHo6fHQJQYy1q3Jc:12000000000000000000:OKDOT:CHECKMYTH
14XjWyXtEcpYk7d2kHRT4Czs7Jj3sevj6fBsdvYWSbVmQYbU:12000000000000000000:OKDOT:CHECKMYTH
16dsRM91wcmSXZqsXwULaxn9soYVoMY8gvw2XbdpspHfamGb:12000000000000000000:OKDOT:CHECKMYTH
1L7LwCbLHWaEZgiDfRed4j4EnDzBgYz7kmtxDsZmPjjGVmS:12000000000000000000:OKDOT:CHECKMYTH
14UeHugruXtXk2yFsxBmrPgQaLcTJxDUn18x1PrhkjHU6eQA:12000000000000000000:OKDOT:CHECKMYTH
1VTTfHH6MV6BE4aVCa1NhLVbnCEuWHW5k7r4G8XKf4zSRii:12000000000000000000:OKDOT:CHECKMYTH
1eAYiRp3JDGydxQ855FicYwWnuWBpjuThPCWjtj47FMqNd1:12000000000000000000:OKDOT:CHECKMYTH
14vmhemmqtH4ntjJpQNq5HQ8Rz6zs5mXmUTDBJH83x5zW8iK:12000000000000000000:OKDOT:CHECKMYTH
1dEjYMepTKNxXcSSw3v6Y7PpaGUriDddrx3dNc3LDVJ7q3N:12000000000000000000:OKDOT:CHECKMYTH
13WD1QWPLvhAVw6MZDhu3kx6MBteEauJoV8wNiEhrBipuq4n:12000000000000000000:OKDOT:CHECKMYTH
12GhifHhMqADTeyb1mSMtrqc2S3tnNbVjhMrLyZmLBxszQYm:12000000000000000000:OKDOT:CHECKMYTH
1aMGXnRxfYUxhoLJrrY8sCheiVpfiDr6KeCs6uGMjdUmUGT:12000000000000000000:OKDOT:CHECKMYTH
16Wyky43LJHdEEDEQzRV1npTMGAL7BaNyRw9ySjY2mnYNUaG:12000000000000000000:OKDOT:CHECKMYTH
14ipWiuEa3bPi4vJ1pRQkYfpStd3MpJt1Pjd6FuQxNc5RGzH:12000000000000000000:OKDOT:CHECKMYTH
12rcDcnsTbskzjBYvD5vVS6maK9kSiZE41Qd6g1ESqsAZH4j:12000000000000000000:OKDOT:CHECKMYTH
13TTofrFr4jFuJkLArkSuY4Ng81SBrmZmG8MLEgBNMTD2ZC7:12000000000000000000:OKDOT:CHECKMYTH
1fPGdEufqHqwEBqV2nHwCfc6NAJez25mtocqX5uw5jjCd8x:12000000000000000000:OKDOT:CHECKMYTH
16fSHXShLsFuDRhBrTWf7KZ8n7ksQ74ej185pEDbEh5QqFam:12000000000000000000:OKDOT:CHECKMYTH
16DeVAVH3fupgCHfobw5Dmr1RDPpNgavco26Ww6FU75gCNfn:12000000000000000000:OKDOT:CHECKMYTH
14PU9UG5oTJFVDXjXJ3C9gWs3RSgYgjnUL4o4p6DEXvcAEjL:12000000000000000000:OKDOT:CHECKMYTH
1EZNeTYe6Re8QnVMVtfKg6WeSoQG3KDZV3tz2YCmjMNFi5h:12000000000000000000:OKDOT:CHECKMYTH
1uV16RNeC96DRCVck3Xsim2aTFUsuqhyJXfs1QDPokaeTY7:12000000000000000000:NEEDED:CHECKMYTH
12rSKsWyjSk3iSgfxKZrhJT1ZUP6MLk22fN7w7prXvGNiprj:12000000000000000000:OKDOT:CHECKMYTH
14nmncHA3sE5uy9PKALxPaHkz4tCJMruzDCG1iQAxMshCDpS:12000000000000000000:OKDOT:CHECKMYTH
15wytbMW4spZrAyxwp9VG9RHLw8ykqE4DVTcJKK5LYkBdAZe:12000000000000000000:OKDOT:CHECKMYTH
14Jmzez8rGqv2bW2xQyodoH8XsHTWNANuvyADbyLzdUq3eXc:12000000000000000000:OKDOT:CHECKMYTH
148qiaUphK84R5RTb5KpXhaY8vs2i7qCGZ42xrUh9DwoHf9D:12000000000000000000:OKDOT:CHECKMYTH
12Qwx6C398c3DM2M3K5cZdNm72qo5HVhLhmKNd6hxML9CZ7p:12000000000000000000:OKDOT:CHECKMYTH
15BzsH4Dpj3e9TChnrUzmnr5grU4MLeA84Gcw5qhvyPHJvFD:12000000000000000000:OKDOT:CHECKMYTH
13EVSXsFqiiLanE9VByYxguydJ6wFfRjFctx3tqRDU9uHTxS:12000000000000000000:OKDOT:CHECKMYTH
12uMDBVhFssNe1e3s2U6bCvKv719RzQE7ZFdnjKKLP4GAcNS:12000000000000000000:OKDOT:CHECKMYTH
167dckmAvdVCHnq8rBcvq8ACQWeajhdjcmPGKznjHopFi3Zt:12000000000000000000:OKDOT:CHECKMYTH
14Mhdk42yqrWeSfSgDfSNs3UwdsWksTbJ74TeBjZfyVMyqYa:12000000000000000000:OKDOT:CHECKMYTH
121pRipUtfvTTNZki1FmKFP4432iw8PLWKT79eEcEU171Nib:12000000000000000000:OKDOT:CHECKMYTH
12dV7nxjaMHBzHjhySc1jhrrCNw71KsMfYTHNNCwet73qT1x:12000000000000000000:OKDOT:CHECKMYTH
13V88BwjLoxMMys5hXHDu3N4mz2Q6JohhqNGvMVUkDeTaZHZ:12000000000000000000:OKDOT:CHECKMYTH
13HBWrioXzAW43EwmASfet4FEz7pdTZHCXxq9uuaLVprgxUP:12000000000000000000:OKDOT:CHECKMYTH
129GsWBdYTz39PJ73gsnVGUzcjg8sJmEMCgesQtB5PuHyEnA:12000000000000000000:OKDOT:CHECKMYTH
14ARR7itezueaXGvHMKwxRE1NHmCVBZwwSSxoXSjw5nywLYW:12000000000000000000:OKDOT:CHECKMYTH
12UK9hbPjURRGZSjdEMkA78eKt9zAbeTvRnmqEuUzH7Sv837:12000000000000000000:OKDOT:CHECKMYTH
17GwtpK5pSABQd8xNBKXN3RgLZEwmTyQ26vJQ8dBij2AoL3:12000000000000000000:OKDOT:CHECKMYTH
18pHFjTDHuPf6BFh5p3C5iEWELYjXpXammMEEj5UjDSG4vJ:12000000000000000000:OKDOT:CHECKMYTH
13PoWV8CouFrfC7UtYGG5RZF9766rpm4F8JpmwHJ8jihHJpb:12000000000000000000:OKDOT:CHECKMYTH
16XN4GfenetEMT72XbNUnBjRgcZuq1jMzvSHbZgWNmzVWEVi:12000000000000000000:OKDOT:CHECKMYTH
161tWuNtFoj7TJhPNseeiE54JWRASKczrk6vakkQTPc2D7BJ:12000000000000000000:OKDOT:CHECKMYTH
13d456qVbeDM4Tbjc912m2mqMfgoo7GYyxVeL6c5XgfSeyEL:12000000000000000000:OKDOT:CHECKMYTH
127inaCCzHXYnJKH19EE4Fvfa8orVvYTawKvekPhwenML4fN:12000000000000000000:OKDOT:CHECKMYTH
15w8j9cFD1s5ZSQoRGukhmKDn6uSGDmAuTtXZ4sEWgJ8Acxm:12000000000000000000:OKDOT:CHECKMYTH
1UAY6EkXavfWHtdcLVavfLFzW1dyjrBYbcRBunPFUzCmgGX:12000000000000000000:OKDOT:CHECKMYTH
16H35ku3DgRx97bt8SduEbrqUYR5S32enZkrwxZof6Hu6Y3q:12000000000000000000:OKDOT:CHECKMYTH
14GxxeZcMg4dA3iD4RMCHXYfCbTyTioHH7MTQomdGC3hVZ4d:12000000000000000000:OKDOT:CHECKMYTH
14NyWNWD9W73AK1BDBUXHjuugFUwkQ5r8MWBG8KqrnHnURKr:12000000000000000000:OKDOT:CHECKMYTH
1KZWZLHBj2bxzPm4ecg8g3AKJirUYDYxzg24bKUiTjRgFve:12000000000000000000:OKDOT:CHECKMYTH
1595XZbKoAgkKSMbdpAoWopNLN5CFV2GLvAGmutiVuGTVWMM:12000000000000000000:OKDOT:CHECKMYTH
168jbgWQqL8gaSjLVHy5Q3BQ8aH2oHMm9paxts39MmMt36Vv:12000000000000000000:OKDOT:CHECKMYTH
127aZcQNBbGbte9s9V3TyFV2JwUbnxukW74kDUT3u4djVejt:12000000000000000000:OKDOT:CHECKMYTH
15EWBRQXt9THCqZRKrSvsEeEzpo8nK69qz1GL88HxCsuSEfM:12000000000000000000:OKDOT:CHECKMYTH
16jGLgJz3373VZ3VMkEj3LZWea1hUgDJr5qsKKdKhfue6JTa:12000000000000000000:OKDOT:CHECKMYTH
14RPG6SUiZnXVnGrbe138QqezUrrRdraQhkx46dVyXaHBHr8:12000000000000000000:OKDOT:CHECKMYTH
13k5S9d1HvvCpCYKpSbU3dutCPro4YCFUQYQnW9ZS3goUJfC:12000000000000000000:OKDOT:CHECKMYTH
14hnL9HoQzv93ifnXCeMEp6fLAq1eCRUtKLgfD7sE6ex76C:12000000000000000000:OKDOT:CHECKMYTH
14fFmPnh6SUcrAjiyyK1vXzz81BFFsJCRTJPmhCK1pHr9mgY:12000000000000000000:OKDOT:CHECKMYTH
14cFJRHr4Sd5ySsjQ9EscqidBmvAqBBA7UGkmaWnYoohmSA5:12000000000000000000:OKDOT:CHECKMYTH
12x31rqJdCATQfo9Q4KDSzBJGyGHh5ytS6ATjBJMJXtU3xK3:12000000000000000000:OKDOT:CHECKMYTH
14MS8jsiQZSZHcuF346Fvzi22MbgQmpgsNHBQ13CLaeL9HK7:12000000000000000000:OKDOT:CHECKMYTH
15gSFYrx3JVJZYLgjiFPePghqBqqjGEczcWXWqacqiJ9pLDP:12000000000000000000:OKDOT:CHECKMYTH
13JFTQTDCPbpepZTSwdKHbxydf5UKfWfQSLmebg8RUbUbv7k:12000000000000000000:OKDOT:CHECKMYTH
14k6QvW3jQefDT2Fb5HNZfoq61UG64KXz1QKS2vVivPXWRUz:12000000000000000000:OKDOT:CHECKMYTH
15bsdPv4wrfH5CHxhjPtiVJ9bpJ6PZE8AuK8jaUQBDPPLKkM:12000000000000000000:OKDOT:CHECKMYTH
15VgGzJ74TkJQfiquQQkVX9XZHm4R8rfpUEVSCGaZTwryWSF:12000000000000000000:OKDOT:CHECKMYTH
13XMhEm9G6oBxvEPFxmFypCgT7Je6eTtjdCCh9ef3ALE1DpC:12000000000000000000:OKDOT:CHECKMYTH
12RR1MdU9nWNdrnGXHpLKTJr6C1kc6VAETSbrzNH6E5rmfVu:12000000000000000000:OKDOT:CHECKMYTH
14B4UpPr22CPwuXA3xVE45B9NetXGDty3BcurRBdu5fsJgcX:12000000000000000000:OKDOT:CHECKMYTH
15tLf25bvsrdKkSVvsqZ1jPVkx5WH2pgco2DtNVD2PJMddo5:12000000000000000000:OKDOT:CHECKMYTH
12J5C5ipp3nTZQUTXwK7vcnj59VZBS1CMuxLeyMaRmSzwgPb:12000000000000000000:OKDOT:CHECKMYTH
112FE6MBNi8dreMqgLUayV4wQfFjUCKwf5yWoM921Mg4gXiM:12000000000000000000:OKDOT:CHECKMYTH
13u7QZEWqtEVrxuS4osgr65VGqoxZ9LdboGfcejsWpMZF4eX:12000000000000000000:OKDOT:CHECKMYTH
15monvPXSzovomZhxmbTQweiJ1QhBe2GFkeYJZkGzadqSABa:12000000000000000000:OKDOT:CHECKMYTH
12KzCdyJWFZk1NivTAMkLnRZ4yCoyV9B3oQsuYyLNC7xMAyL:12000000000000000000:OKDOT:CHECKMYTH
1xHRdq7pMSRLBoZeuRZw9JF4EnpWEXUEqMm31ZGYPLM5vmp:12000000000000000000:OKDOT:CHECKMYTH
14XBCBFAjEaPi3nJnN6BT7h9hVZyP4HB5BjyJfvFjrTYudGo:12000000000000000000:OKDOT:CHECKMYTH
15uMGmJVh4eYDu7yR52EPySMz17L6eyn37vvjbiiWmNzS4pb:12000000000000000000:OKDOT:CHECKMYTH
169iWhJVmtprasmiXV4PGHEQyxDwpRLZ1g6NuUDr29tsgrJJ:12000000000000000000:OKDOT:CHECKMYTH
12mtaAH9fQcz3tRqR3eSsRnmGwXQijfGMWGPWchFdAtaay4a:12000000000000000000:OKDOT:CHECKMYTH
13LNssd67sxxt7vyHv3ex2rpXgB4FJJAhvfYB3TkSEwLn59S:12000000000000000000:OKDOT:CHECKMYTH
1WkiJpWngiiD6vDMZczZkm6ta55KSb52ZxoF4AKr5FQK4xJ:12000000000000000000:OKDOT:CHECKMYTH
12rju9sfwSPHoCGMZrAoubACH1ra55yhrtZAm4gdsWDFxQun:12000000000000000000:OKDOT:CHECKMYTH
121ccZFsHorjFLhdAey5enpLeTdMGY2DdsNhA1Y6gYAH9Rwg:12000000000000000000:OKDOT:CHECKMYTH
13dtW9zztq5m8nU6LHpz2G6gxFBHCq5s8AYBNo8GukQdSoma:12000000000000000000:OKDOT:CHECKMYTH
1aQih5kJhU35NEwh8VauTePxXLb2QYUN7mTr92wCB5vAcHf:12000000000000000000:OKDOT:CHECKMYTH
15jUWdXuYU1qp6P6UphJyvNgb22eP6A78ArpJPpyj2quu2g3:12000000000000000000:OKDOT:CHECKMYTH
12YxaajQMoVfQevPE8u23DEwhV9zJbYeiVzrnJuqm68HPdhW:12000000000000000000:OKDOT:CHECKMYTH
16CKaD8wizACZLwCxgzipdhKGUJtsYVZW7AjAjsmoMprh6jR:12000000000000000000:OKDOT:CHECKMYTH
158dMDWLt6TWot5b6TJnoZQtcevjxW9KrgQqa9ho7Dr4V9Md:12000000000000000000:OKDOT:CHECKMYTH
15bTvfkoPtzBZZkXYn1YqDrE2LJpJEnCCFHmf8Ks7pWf5KiG:12000000000000000000:OKDOT:CHECKMYTH
15w5JxHUUnS4nyCYjR5kAWxmnMvfL3YkeC7cCskGVbXy6yd7:12000000000000000000:OKDOT:CHECKMYTH
1uZGPFUHpG7QRXTfQRVtBfamLGyU6yUowHyvvYWCa5TKfP6:12000000000000000000:OKDOT:CHECKMYTH
1WURHPwSCsE8sGinAaSR4afYAxDf9w9zvFKJzTPGrxvJ6Td:12000000000000000000:OKDOT:CHECKMYTH
12FuvvD7dkLYUAWVmkDUbFdEFNkLpmbiGd1D6zbCwSDEnZoA:12000000000000000000:OKDOT:CHECKMYTH
13oKhRgXp1YWEzHXn97q5AxyUkpD9zzd2iC5QHEtXdaYfpvg:12000000000000000000:OKDOT:CHECKMYTH
14jRSMSQNYp2WYcpewjc58FPbSCDNqneLPFDKMCBtSEi48zw:12000000000000000000:OKDOT:CHECKMYTH
163DHadkNEnEvhuyAvxhSXKuVyCfT3AEHkcDjwwL94EwQkhc:12000000000000000000:OKDOT:CHECKMYTH
13zdCxVFxSsSX2WpkpozkJdTQ8hrCJENVByiA2VL3eSjusya:12000000000000000000:OKDOT:CHECKMYTH
1cXDQuSuXmQoFdiAvJKNf4HzbYfK8emwoDGWb6AQuMxyAKS:12000000000000000000:OKDOT:CHECKMYTH
1u3H5v46U62y94vBzEG97atGvhqHLYh7fbXVQDkRxywp3eL:12000000000000000000:OKDOT:CHECKMYTH
1mco4rs1YeLFfRgb9SJ4Cryt1ezxvsxxxVSaNeSKejyN4RC:12000000000000000000:OKDOT:CHECKMYTH
13nSY9pNzVVX3Qpuqxr99TyDLUg9gjS5HbhU1yHjRHDuNZmN:12000000000000000000:OKDOT:CHECKMYTH
12v6cMHF8btUuNKH5UCre3er2CaEjArG5T1QzozDunN6fC2y:12000000000000000000:OKDOT:CHECKMYTH
1PCyJWFE6fLcbX8MPsHN3Uhkuz1p4ppwXMLJacagg4csc1r:12000000000000000000:OKDOT:CHECKMYTH
13q5ZD36f6hPswoxiUr8gSRsKD5nydgNPKYwEL8k3WiKirBK:12000000000000000000:OKDOT:CHECKMYTH
1Peuv9enWtKcnJx93UVqfudnvhski9TFT5CzcXAwHsv9E3G:12000000000000000000:NEEDED:CHECKMYTH
13hmn2EyLbnWmKAVz4ZFRjcHCWAx13FpqQvMUdFALK4GFB3U:12000000000000000000:OKDOT:CHECKMYTH
14mKWSvE19rANJqVp8jXbcHjGUnn6Digu8oacV56pfXbdbJQ:12000000000000000000:OKDOT:CHECKMYTH
16STMCSUi2qiRcK7oku8ZbzgsGStZV9fwM4txpTUJauPiieJ:12000000000000000000:OKDOT:CHECKMYTH
138qXby5X7GefDCVBnFQ69NDaeN168oQmCHfRWzWtcUD7c6V:12000000000000000000:OKDOT:CHECKMYTH
13xUrWCnEcEvnxA5x88w89qqkFxaYjRsiSBixm16NxoZE8dD:12000000000000000000:OKDOT:CHECKMYTH
13pGZSadAUNzSmundAMtWPTvDapAiPAwmxVkYEEDRG9y9JU1:12000000000000000000:OKDOT:CHECKMYTH
155AcSeTQVVmanU8uzvM7bvQ6BLwxiKPnpNhLUCW5Fzm3dto:12000000000000000000:OKDOT:CHECKMYTH
13xRVdBqwujvBBKrPuFbfy1sNwgY6K6uPeNsyL8pvPoMeiJA:12000000000000000000:OKDOT:CHECKMYTH
16LLVkvcqcsvWEpyCxYiKSHv63VB7xan1hapGGeqq5iA7bZ5:12000000000000000000:OKDOT:CHECKMYTH
16LPVX341h6gZ1CBwqVBN3uvHr7DUeuVeM9wgkAwvm9jciMo:12000000000000000000:OKDOT:CHECKMYTH
14KYfpQq7YqLWfnXdY3aqkUxp9TZM2uzffmsEjLYd22saCCX:12000000000000000000:OKDOT:CHECKMYTH
14yLHtmh8JeHEQrE5bkcyRsa19bXZHE1cE6sDqD6FyFq34sV:12000000000000000000:OKDOT:CHECKMYTH
16f69hJXsU6y6cZ75sFGZihBL1n6z7r8dh9y5vuXkxWL6X4c:12000000000000000000:NEEDED:CHECKMYTH
12g8wA48z4mwECoNoWhSaUoWv7zsR4eJYxy3PfsfR9yHBp5P:12000000000000000000:OKDOT:CHECKMYTH
13Z7c52n5vA1kDV4mAMAt7G3KgHwujWHU21va4gGqucv5Qnn:12000000000000000000:OKDOT:CHECKMYTH
165SGS1PjFdSZYSiYAToU5Xmdahq1ApwbKUqCF7G2xjgKoux:12000000000000000000:OKDOT:CHECKMYTH
13dhH5DJngCSm9JUquzm6nZBj3ijoUzit9atiWL2bPX4KKMo:12000000000000000000:OKDOT:CHECKMYTH
143mE6WXjSEPpV7ffXgZVrcshvwZPsdhVKVipWnZBPEeLHBC:12000000000000000000:OKDOT:CHECKMYTH
12F6LMyhZRo6hGGotQx32vje8xB1pgKMatGsjkobyUf9Gwji:12000000000000000000:OKDOT:CHECKMYTH
16XynZ4ogaZSWkEvvXtLY4AiiGF5xsAYQKS7dkoMX3gHr6b8:12000000000000000000:OKDOT:CHECKMYTH
162DydhgKFLpvA3nqhBMcUs4n3mayvieUUza2Xnzzcx45cRo:12000000000000000000:OKDOT:CHECKMYTH
15ZbZvRDoYne6v9kyPhwLcR8CzNHdV8aSRBweQi8W1J5NLXE:12000000000000000000:OKDOT:CHECKMYTH
13gjLTc3pSTye8i6K6ft36Jz9YSyJiXezcpvABQ7ttchWdrM:12000000000000000000:OKDOT:CHECKMYTH
1495X8mtxGPwHH69EFL5mAWEy9v3umieU4kibXybyVgWXHAc:12000000000000000000:OKDOT:CHECKMYTH
16csbjYg8NzfSd6fggCzmeU5qFVpQ8wdH49NALVevZaq4BfH:12000000000000000000:OKDOT:CHECKMYTH
15GwRQtHTE7EQy5cTT3tSqNGTi4DN7gmVHHov1B5ZEBjjiab:12000000000000000000:OKDOT:CHECKMYTH
13krfFs3deGkP8jxWRi2dSka2s2bxWFYoYH5xrCy5cVnLb78:12000000000000000000:OKDOT:CHECKMYTH
12DtVYp2FJpkDACJHX1d3pfRfUK5H6N6KS4GMRG7ysFGGNGm:12000000000000000000:OKDOT:CHECKMYTH
12B9ZmYxrc2MCcYeBmBz9UouNUg3NTrxLiFMWcBkRL7ANK2D:12000000000000000000:OKDOT:CHECKMYTH
14MzNupWhcTHSKCiwkZtwnqu5H6LKtKXxfUBXhtBYQhtzRbb:12000000000000000000:OKDOT:CHECKMYTH
16kERf9Gdmtt7QFRagKbnrGqHuGhhFzDyDsiXVEjvsgxE6x7:12000000000000000000:OKDOT:CHECKMYTH
1bqUDGtV1gp73R5NwFNHzZ823KjNacC95UU7bSZLaTVEgnr:12000000000000000000:OKDOT:CHECKMYTH
128ghnZ95dW5UVtH4ephQcBJL7nYCvdr6sDdwsRbuVo5ADRL:12000000000000000000:OKDOT:CHECKMYTH
13UVJyLnbVp8c4FQeiGiSybGDCk8ckpxgBXigbyiKquwT4AS:12000000000000000000:OKDOT:CHECKMYTH
13H7SNvnmsCmtaDsLdHtzDRFRr5Y3nzn46QuDyazDNoGKuFF:12000000000000000000:OKDOT:CHECKMYTH
15d7s6TNorBU4yUnR7rj82CBEfLdMTaXgovsFuMCm94FkGun:12000000000000000000:OKDOT:CHECKMYTH
14Ck716uUJ6cuP4AcVgtDJxgakjN2YKU7wf3grJZQb9vAUYK:12000000000000000000:OKDOT:CHECKMYTH
15qZwJFqS1PjUe9FwEJhsaFTEPER9ndQHsTnuRiwjuiYenZm:12000000000000000000:OKDOT:CHECKMYTH
1Bo5n9Ugsy952cJcMGxwDcznH9oSwFGM5ghBQNki6P7oenY:12000000000000000000:OKDOT:CHECKMYTH
16ERa4zzvBvTamnQyDg7rPcUfkdTZPHAskgSqNu6hosZY2Tr:12000000000000000000:OKDOT:CHECKMYTH
14X2VVCrmUhrEZXHWT8QkoKenpRNPqJG37rKPow2dPnc6ELF:12000000000000000000:OKDOT:CHECKMYTH
12mTp9Qxs9sEnzUQRBY4rdfvaw2kL2syYmi35vfcBcrQ2ChT:12000000000000000000:NEEDED:CHECKMYTH
14Mw1LjfTNkYvmC8NbhNjHHR9ahfNUNJc3AixzdPBTobrZ8x:12000000000000000000:OKDOT:CHECKMYTH
12ffUvWTMAQZKw5BpYfHFaQCxLuDnnULeQGQCtPwW39Zht4J:12000000000000000000:OKDOT:CHECKMYTH
14VuFdbJcqWiyrpVLBJT221NwzdVn5PPJMXnS1jGcJZ5rKJ2:12000000000000000000:OKDOT:CHECKMYTH
15D7BgtEBojFWSuoM3KDigoXsNWtLMvtg9VMwUjwQgttg23M:12000000000000000000:OKDOT:CHECKMYTH
12H8ZbbubQ2qXtWGJFKTqUutazgigqe1cuSPLF4DimdCgYey:12000000000000000000:OKDOT:CHECKMYTH
1g6dwgedsfnaP5ADpmCrEup34wUiGzN8fAJhSjQGAAKgSx8:12000000000000000000:OKDOT:CHECKMYTH
134qhPFKQWEsS2YD8DVCezBZCujMBS2Af6odcQ3i5Wi3yB9j:12000000000000000000:OKDOT:CHECKMYTH
12vojjo3YHgy5Rt4rR1W5bkoVN2rVtkqDY6SaEAQo35d1ZGa:12000000000000000000:OKDOT:CHECKMYTH
16W5b23jvZYPgAnryjdMtYoAvCMtBpLmdKae36QPPbqUGB82:12000000000000000000:OKDOT:CHECKMYTH
14LLCGWAEB9YWMDPXsvNXACyBBAUXHasJDQjYd99zZZN2aWL:12000000000000000000:OKDOT:CHECKMYTH
14ZB4Y4Fu98g4kutb4GbZwfAVBZNvttbG49USAVvjUpU5oCj:12000000000000000000:OKDOT:CHECKMYTH
161C47ggAWEov3xhoWpLVjxBMLhnj7PS4nWNMtcFGXE8p3oY:12000000000000000000:OKDOT:CHECKMYTH
13rgnygWL7e1Ve9bkxEy8vHA7RgyoyzHp83o55WQse7PgU69:12000000000000000000:OKDOT:CHECKMYTH
15FhkFYDBtGoEkCXY3RchCsypTKNTKWHf2eGtmd8mJatzoBc:12000000000000000000:OKDOT:CHECKMYTH
13Fo9PF9Kp1QgdUYm7oCpzcNPtFCcPs99vks8CUmAyGDKpAj:12000000000000000000:OKDOT:CHECKMYTH
14cERy91TaECEwUDErDvgvGx559QYVcetgqFt8nySjr1jtPT:12000000000000000000:OKDOT:CHECKMYTH
146rkLb78QCf68q5dfXZQcBRHGEiffodYWLZSJGrdd3gUpgU:12000000000000000000:OKDOT:CHECKMYTH
1QtidKNHZcrCwCfq7N1CJjCwmFnt585XWyKtG3kqC4vrBH7:12000000000000000000:OKDOT:CHECKMYTH
14dJibRsLiySJegoTrWDvJnPeVhhnrXQfNgJQueg4KptCBgg:12000000000000000000:OKDOT:CHECKMYTH
13MjFxAf9Kp12SsQfHgeJotyibxNJ92fTaWML3Aeqrramv9E:12000000000000000000:OKDOT:CHECKMYTH
16mLEsRFyxm8pefqzULtawUh44TpAAhm92if1z8qED2ywXvg:12000000000000000000:OKDOT:CHECKMYTH
16CSywkJi86m58HS6GrxbKjDhGQdNtXMqsYPc85expWMkdXP:12000000000000000000:OKDOT:CHECKMYTH
15uEJGeRUQvdYUPtTrB4V2TP1nefQfzP6oKPVmQk2dYSsaeY:12000000000000000000:OKDOT:CHECKMYTH
16Va5HBER3bL5Wrqh5WQrduPFe9wtojBPomDDNegG92PGPJz:12000000000000000000:OKDOT:CHECKMYTH
1a7cC1pummy3sHStE7qYpPZh7UJCXHLMUXMVXxbV6byi4wA:12000000000000000000:OKDOT:CHECKMYTH
16EG2UxQgZHcahxagUL13pxDnghXnUa8NhhArL3aN4op1yRA:12000000000000000000:OKDOT:CHECKMYTH
14T3cpr3KwXwS1jmbP7HpJq2HNnMKyQSD7TEjBK9uvKW39T:12000000000000000000:OKDOT:CHECKMYTH
12vMK83bjVYv3RGPXcdzyNhA4UAT6rMovi2MVh7QmeK18MVM:12000000000000000000:OKDOT:CHECKMYTH
14AvNAPWeehv3kmk47UCnZ8zUD4oZzJCnbdrfcoM6YSJ1GCo:12000000000000000000:OKDOT:CHECKMYTH
12zCjjcnY3HF6CZKT4GPiDeLQLZMgfpVUD8GQAM2ewNrcDx7:12000000000000000000:OKDOT:CHECKMYTH
13UjEx6ziZirCwE21BTToE6DmYSrStqqdmudu2SRezGh1rvf:12000000000000000000:OKDOT:CHECKMYTH
169EwsWcWnNm4qNrDv418Ckeym8GUC2tDFFYM9Ggfh2pWShu:12000000000000000000:OKDOT:CHECKMYTH
1W9Z8wQXwr3Nus4AcqEG5J4ovt7AdduGXmhURZYWVfYhFRP:12000000000000000000:OKDOT:CHECKMYTH
15hz8FxW85xcr2X3ccdptcRDBhJGwk8ZYStyWXMYRXyQcgT6:12000000000000000000:OKDOT:CHECKMYTH
15rqFkuekMJgKFHBL6L9AuFABqztfsYQ48TVxFN7kwfurCg5:12000000000000000000:OKDOT:CHECKMYTH
1t2knEZH9cuGL1v5Q5YcW9UN22uGj1XAiisGLL5hnMyRkeZ:12000000000000000000:OKDOT:CHECKMYTH
1ZA2ht5eYkatBHhomsmWbh5kS3RdoUCivbauAZcFCM3qmWr:12000000000000000000:NEEDED:CHECKMYTH
15Hxy6Az3nVqMbQZu28euz2t8rrJUdvQg3gtbnriV7pzwBy7:12000000000000000000:OKDOT:CHECKMYTH
14FFwyLirhXmet4bBf739VpU8YGK3pWUp7rbFZY5SnkBGZJD:12000000000000000000:OKDOT:CHECKMYTH
14RHrkksDD96eWrExMQktMxpG876DLnhT8q5176zKjAPEPdV:12000000000000000000:OKDOT:CHECKMYTH
15jbDsJ93DgdvTpoo9Fx7mxgtVJeuLmF3Mi8U9ARnmDjC8DH:12000000000000000000:NEEDED:CHECKMYTH
16WsSa6KUP3xEVP6KkztL9Lr8Pd7H1c41ZVNc9d3M4Fmkwdh:12000000000000000000:OKDOT:CHECKMYTH
16bm72MnDrn5rKUNw5zG8Qr41ZnLV97hLbuFZDUKw5LTjPt6:12000000000000000000:OKDOT:CHECKMYTH
1hmM8YQ6Hw8abeGxjr8horDTbjcyPLfGPNypogZ9pD5s14V:12000000000000000000:OKDOT:CHECKMYTH
14XaiB6dMHSmtuU69vxtAaxMZR888QhqVCeoniywkcMsYZYW:12000000000000000000:OKDOT:CHECKMYTH
16UUcnfVoSm3QNQbhFdHBRYzYXGjTY1QfAJeCsbrf6yj7GAV:12000000000000000000:OKDOT:CHECKMYTH
1eivnFBmJ6cuMTXdxKy1uf3ixbvZXhrd7nuCapb4WhUefMC:12000000000000000000:OKDOT:CHECKMYTH
15mVznuHY2tGvRWGVrZp53ZTRack9RsQoQESWCA4L3THQ4GA:12000000000000000000:OKDOT:CHECKMYTH
13dM7br3VFNk3FZQMBmfUX4oaa6SqiH2BKheFBweYK7B5oVn:12000000000000000000:OKDOT:CHECKMYTH
16SKU4d3nzpK8J9DginDhTTHa55iwBCPmidAZzHSzs1PcH4K:12000000000000000000:OKDOT:CHECKMYTH
14ErgJ7PCWuZuynG3n2obHCamD8jKYUBByvGyHy1t9Ek5zqy:12000000000000000000:NEEDED:CHECKMYTH
12PQab5xTFsYp3D3k2xwAQisjNGzUeWhJiNR2WYHPxM2nKnt:12000000000000000000:OKDOT:CHECKMYTH
15ZHTMVs63RDakEKn1wCtpvQ4eFd9N5RSu3De73856Cxy9Ae:12000000000000000000:OKDOT:CHECKMYTH
12ktqbAxv8jN5iFTiKLa4jSFcY9kcP4ZQ2mk9kXqDZCG4PHq:12000000000000000000:OKDOT:CHECKMYTH
15iFtiN7hmmGRynhttKT1vc3g3NXvrHSjsS86VcFRySeW5rV:12000000000000000000:NEEDED:CHECKMYTH
14v5Es48wphRHjsJq73fzESjdDTW6qAUF7yyjvc9QvAfpa3q:12000000000000000000:OKDOT:CHECKMYTH
15KU2u9ouvumefk3kRXzVBKGwVN21vdaPsGc17oVQus5QTGs:12000000000000000000:OKDOT:CHECKMYTH
12jNAra2mYMK6aer9NrAFgApGSA4XN8Vppp9Auoq3MFEPsCA:12000000000000000000:OKDOT:CHECKMYTH
12nY7HocRRfM793ugBoC2jdWtCGj1rf8LDq6nJ9SxCGY81BP:12000000000000000000:OKDOT:CHECKMYTH
1NusCrvbSt9rcuXVQmnX7LRzr2iM1wYEyZ51cHE5Nmw6JGy:12000000000000000000:OKDOT:CHECKMYTH
15Y5qpU2ocsQXjuS8MkZuWxCzmT1meRDMQ5c3uhdcrXgkcY2:12000000000000000000:OKDOT:CHECKMYTH
1pfAmUxD7QB9upxRKmKKX72DxtdWBPUUaxzFVYxg1fnGL9Z:12000000000000000000:OKDOT:CHECKMYTH
148tjNEMmkgZkZjVUsYNHQrmURYRFCK5k5zbMxdRFWyUCUNE:12000000000000000000:OKDOT:CHECKMYTH
167i7a6WjmFCTpwtYWEBfpJk19GfHkUwRiCerD4rGsmPc8Pd:12000000000000000000:OKDOT:CHECKMYTH
14EDFVMHRVvSuzgK6GhUCmaXFDHZLpb72fgjnqjxiGg6wS6T:12000000000000000000:OKDOT:CHECKMYTH
12kV2ZXdtznkLPz51ph7NaNzu8p22633c1tVvKKH6o71zCcx:12000000000000000000:NEEDED:CHECKMYTH
14UxG48wzYKjRaY6SuLgGEkK6Q9HkfKqoXw9kkku7Mk97wAJ:12000000000000000000:OKDOT:CHECKMYTH
1bWadLb8C4iujMaPG52WNUtuJ32ayXasoL9GhpAAYsQLwjj:12000000000000000000:OKDOT:CHECKMYTH
15q4Ta7jkZE7gRjxWh4e1swpaDh7zZqfFZPA5EB5fVxu8csv:12000000000000000000:OKDOT:CHECKMYTH
15WWTQEGj1cFGGoNFx26VYX4mQP2hpDim6gNinvF7r3ET3Qm:12000000000000000000:OKDOT:CHECKMYTH
15MMnpVJpVJq1J4xSMyUBRXuqj6tpj9e4ZWdWipRo8oghuKG:12000000000000000000:OKDOT:CHECKMYTH
14sYor2RQMv3Ae5bvxsRbhhE4NPwQJztXshWQAzWeXjCdeGC:12000000000000000000:OKDOT:CHECKMYTH
13s8LJX8kVMPF9EmtNSFZnf1jL4PZB2w8Hb17NmU1ZSrw7gg:12000000000000000000:OKDOT:CHECKMYTH
13928eYVLgi34mKckmnkdrYw87JWBErsqEGVZjuEbwfpNJ4t:12000000000000000000:OKDOT:CHECKMYTH
12QrZCZdaFxcEehpagcywnx1gJJ7FxpzxV3fCPFPRjiiPqtQ:12000000000000000000:OKDOT:CHECKMYTH
14oeVrRdvEMnz2H84psHmSnqtL328bYrq8mrUyiagYSGgu8q:12000000000000000000:OKDOT:CHECKMYTH
15VoiZXXWsF1WmzaRZves2txsZsZzJctHqA1wY3szLX9qgaD:12000000000000000000:OKDOT:CHECKMYTH
13gsLwBvaYiTUNKzZBFpvruWNBQ6S8TEFWj8QbYLfdSyq7pd:12000000000000000000:OKDOT:CHECKMYTH
15y8zjuC3jYxUxBpEj6sj1FB1bN7YjdKwVonadbXsNr7SMw3:12000000000000000000:OKDOT:CHECKMYTH
16CAxRJuqR311VvfrCiWU53kiyipMdz8rMdC6GFH9x2VFR3i:12000000000000000000:OKDOT:CHECKMYTH
1Er5HDVCNebefEx4LvwwDTEhmczdYRKummHNJDw1hV8cuZ7:12000000000000000000:OKDOT:CHECKMYTH
14WUisfspQp1xJxAHYV4DgrzEh59ssKDGBsenkUuKoQEDJYb:12000000000000000000:OKDOT:CHECKMYTH
15YxFALiWLctCyPoxjnNfjwNKNj9LhjkXiK5cQNSYmF5B89E:12000000000000000000:OKDOT:CHECKMYTH
158jEL9zP462YgdtotgoLH14UoyerdKu8iPauroJbXfV8bJ7:12000000000000000000:OKDOT:CHECKMYTH
1539wdNsfgbWSHicpuoJVxiqGZfcMMLXx4fyp6KTSYbTWFWJ:12000000000000000000:OKDOT:CHECKMYTH
1686XgwgT5NFSYxLV4rU5RMx5xwN6NnXSorU4AY3yeQtWT6h:12000000000000000000:OKDOT:CHECKMYTH
154LebGHdKNRrkFVTyRmJFG1tVmHQ2sRg8sNfS9SmrqV83qC:12000000000000000000:OKDOT:CHECKMYTH
1brRoQYNmST9JY6AguZg8NojbDGK6RQj5xysXAXWbFrNwvB:12000000000000000000:OKDOT:CHECKMYTH
12meTzT9iP9RYotT9dufUSDD8cnGC5Rd4Sfnn4ez5xeUs65d:12000000000000000000:OKDOT:CHECKMYTH
16GWr511C412Y2wgwr9K8KRdEZvym7uj6sfaVkKSKXPUnPHd:12000000000000000000:OKDOT:CHECKMYTH
165D9tyi7h9FcNrePrQR6gZHvwgVH48E5M7ppQbACZ8SVgyi:12000000000000000000:OKDOT:CHECKMYTH
18s5Msi981feJdufycD5QXvYTXdJa8UcZnqJgL8e9i2JaDz:12000000000000000000:OKDOT:CHECKMYTH
1411Jyw9WNu2i8qdNA5m25E7BTMcqWsisqDBnEGuYviyn5ST:12000000000000000000:OKDOT:CHECKMYTH
14WE1FZ6NP3Ca1FFVb9hhASA98X1Mv4bpaHZAiPdykmQUwFz:12000000000000000000:OKDOT:CHECKMYTH
14EAqKTHdw4WsqKWrMvUnYM9JEcT7U18KcYkC9dHAWUvuihA:12000000000000000000:OKDOT:CHECKMYTH
14zDsenfT8A2JVQcozD6KsNbXPxS1nB3NfBDhH5WXUDJaud3:12000000000000000000:OKDOT:CHECKMYTH
15hPDA34EzqrQk8YSAs2uQQA43KX3zB4NaiXP3LgLYninTqu:12000000000000000000:OKDOT:CHECKMYTH
16TsYTqhhpxrzdryJyq2aWTgHbgL7B678yLcfkLziTxu924:12000000000000000000:OKDOT:CHECKMYTH
14oy1e64HZ4WiW1bUSEteLT4PZ74Evzu2dWwppWsvRb1CMiF:12000000000000000000:OKDOT:CHECKMYTH
14oMjFEfvochQdhpsbAD53QCuTJ5KDoC9Y76My4crdPrG19L:12000000000000000000:OKDOT:CHECKMYTH
13u2oBXYVDzLuRsGoenSLneUmWuSM6rr892s63T5btzLKoej:12000000000000000000:OKDOT:CHECKMYTH
15xHWnNHbsNEvKbvs4mwBo8dxnjSAGojSMNiLra3LzWWiQ3A:12000000000000000000:OKDOT:CHECKMYTH
13NbUakoZYa5coc7FVn3TiTHTtdGa5548h4ZgjesbidRewKr:12000000000000000000:OKDOT:CHECKMYTH
14zReV3sUxxHHW7dLPF56UB9B6m93dvcKS3feh5TGaiPA4Am:12000000000000000000:OKDOT:CHECKMYTH
16DAivay52f42kWemmLmsDQsvZivEqChBJ3DdXXJTV9yEhY8:12000000000000000000:OKDOT:CHECKMYTH
16Qpng7NucBbP9Ykzg3Mhm6mzBaYNf6C5ADp9hR3GTJHwB92:12000000000000000000:OKDOT:CHECKMYTH
16DAGya4pJJuivTvTY4r6vwGuKvN21aKmJ6JcZAanHRWMErU:12000000000000000000:OKDOT:CHECKMYTH
1kEB5sZkPDTmALqFpFXSRYtWv96XCNeiQ1kmmz8nLcK3GVr:12000000000000000000:OKDOT:CHECKMYTH
1JDKJJFcGVC7waBGdE6vP11huK8oXRBiqQeRYmmrsGogHS6:12000000000000000000:OKDOT:CHECKMYTH
14YFdqj5uUXNyqm2wxYGH2CPS9m6ragaGh5fDcJuJcSGq6sU:12000000000000000000:OKDOT:CHECKMYTH
1djemtnShXnnQnQffjn8LeyHuByS8CUA5GkdZCbbaGGuELE:12000000000000000000:OKDOT:CHECKMYTH
127YincoLShP2TV87MR2Fd9NT4WDKuaiouWvbTCNXHzsY2Kd:12000000000000000000:OKDOT:CHECKMYTH
15Gu65Jxdz8KqyzpJTgCAMTBxWpPb2Mc1BKzJHKaWDqHT6dP:12000000000000000000:OKDOT:CHECKMYTH
14ccu5mMLfT5FFREpiLCZxyUYTVFZtqFNiPK8jtmuER7knK2:12000000000000000000:OKDOT:CHECKMYTH
16NSvRojuaENXE4TJaGPKVs42HAHLnazvAYm95xxXavYHu4y:12000000000000000000:OKDOT:CHECKMYTH
15jFhk2EQVWqaQaJut5tzjKrpTJFwgaZULH9LMs48QvMJXKN:12000000000000000000:NEEDED:CHECKMYTH
132WRh2ey8aWEtXg4jfxS5xmhDf1Us9rgyVDWGdBWR5E9FWv:12000000000000000000:OKDOT:CHECKMYTH
13rH9Cz6aPxyjkTcKKSVodnaCDEJuT3H2MqLhbLWsJoEgYtZ:12000000000000000000:OKDOT:CHECKMYTH
13mtuCBLXfaXwvqbYY2meG5Dw64C9NmwyQ9dUmXKMc7oCbKn:12000000000000000000:OKDOT:CHECKMYTH
1267gXUkFLyqS5Bg5KfyHCiiUHHgbzEh3H6jEX37jX4VSShN:12000000000000000000:OKDOT:CHECKMYTH
14a9mdquWByHBfegHfNUQytqehqZyzwbBZUHDv1nnyU4R2E6:12000000000000000000:OKDOT:CHECKMYTH
14bWQKGC9p8piorAa8obXHRMhQXwD95VAKAxwq2YR7zZ1fnR:12000000000000000000:OKDOT:CHECKMYTH
14qurJxuGnRA4RrNPjZ3hHhCuoFcda6CkhV9wLAYhbedPQkH:12000000000000000000:OKDOT:CHECKMYTH
15Bs1U3RgVdJpmcXG72gqNdMgsnorQBk6Gjg1HUMJpt3ztPw:12000000000000000000:OKDOT:CHECKMYTH
14wEZasSYAEjxC4EBvdNVjSD2Kg8973dPKEVw5tny4r6h3mp:12000000000000000000:OKDOT:CHECKMYTH
14APHGDbawV1U37hoZEMfuABgJv5X6zq3pU8eA7LNRCVXA77:12000000000000000000:OKDOT:CHECKMYTH
15XyYDajY39vQkj2CoyL2GpaBnt6jB1PHj2sA3RUka8tjEdh:12000000000000000000:OKDOT:CHECKMYTH
14uQuiAxeEkA8UDpBHtHTrHKnzrCDa1GGEycGFtW2bZTtaBV:12000000000000000000:OKDOT:CHECKMYTH
13DcYR5qhXUDJk8Y5BPuH4MS9ChCbJiMfz7Ma77EnprLSS2H:12000000000000000000:OKDOT:CHECKMYTH
14FnqaTaKraAcyScjFfgrBEJnufqYaQJSr6NmxPHFbKG9NxK:12000000000000000000:OKDOT:CHECKMYTH
14CwgaDzaChpx6trrvAM9kBF83e9omgkpraWQv5TJcY215fS:12000000000000000000:OKDOT:CHECKMYTH
1rqVwLq47eEL69q8ANbZoxycDFmFKSiFgmphyzwSfauiFsy:12000000000000000000:OKDOT:CHECKMYTH
14B8g8DQEA2j5GE4DtKXFiscoAhsxk1hrnBu9GjQxAU1Fjgy:12000000000000000000:OKDOT:CHECKMYTH
16C4XGVBpHr9WvzYLTj6DPF5N3yW3PetTTBseLWdtLufrQ82:12000000000000000000:OKDOT:CHECKMYTH
15e7T2e2Yfsga5iM9ik1QcrGfoRjWjRUQGEVvoYvyf4sb8PE:12000000000000000000:OKDOT:CHECKMYTH
13Y3zTZ1w1pA3FGbp1SjAyNPb6deXTf7bt3tPbKcxNPuW1vw:12000000000000000000:OKDOT:CHECKMYTH
13Zn9UCeR9wravjWwuphAubbRZdg7Mt9zGouLo6VDvam5uaH:12000000000000000000:OKDOT:CHECKMYTH
15Zg3W5dcRR6Rjg5RsjX7RwSWpzDMTDRPesiHADHDoNUX6My:12000000000000000000:OKDOT:CHECKMYTH
15StYzTiWy4paqbNzxLSNdtNA1nEHAUqNQKxnYGVZ5Exot2e:12000000000000000000:OKDOT:CHECKMYTH
14WTVjLqXE3AYu7RVpWbsKQwovXGvyhQ366ixrKGT4Tu41yL:12000000000000000000:OKDOT:CHECKMYTH
12XwKfBC9FEdvGFscRBDr6JtuSmixpjZaGGTcod89rnSZnSC:12000000000000000000:OKDOT:CHECKMYTH
15MuvUwXB2BBrnDGKB3XGs7PRghMCn8RzFvw24bWLr8ZYpX4:12000000000000000000:OKDOT:CHECKMYTH
14YHGVrhXERnL7yvWmzo16FsoGuHSzMrBUG7gHtJS9qxKM7W:12000000000000000000:OKDOT:CHECKMYTH
15RyJUjFWQ1atnUU91uCdLexNvWbhdy7JUG9qKQbqNKYBkYx:12000000000000000000:OKDOT:CHECKMYTH
125ZQNCzrA1GokFHDpbhQUMH82DHunv5oEf4VW3E6iKE5jHE:12000000000000000000:OKDOT:CHECKMYTH
14fVhv7Gfq7fudxra4cChC99jkX1GsuRDdqfhcjhfYT9usTS:12000000000000000000:OKDOT:CHECKMYTH
16Stm4QhcWsSa5xzQpqFojAb9FUkGpPvr5JsUde6kueaJGtA:12000000000000000000:OKDOT:CHECKMYTH
1raqwTrBwJEarByAVieWH5Ft2vXKahUiLH4RmC3zdXm4MCE:12000000000000000000:OKDOT:CHECKMYTH
15CJhpMWRPkjbkBst5Zhnyi6r58fj68z6inW24Pnd327RX4E:12000000000000000000:OKDOT:CHECKMYTH
1s66XVeKrKRtToAS5Sd3sbi52bwjcDsm57DVanyqY9HDSLi:12000000000000000000:OKDOT:CHECKMYTH
1KrgxT96PdaQGGr6jF58vCxknBc3bNQ3Ufomeq6rv6vWzCr:12000000000000000000:OKDOT:CHECKMYTH
14PMBQt3w3MGNM9feLApMHyoadhyZWQHBcRkPRHjTsiMSzHa:12000000000000000000:OKDOT:CHECKMYTH
1tgpHmNT9TynSQW9tmRECF5jqLYNWmjNBLv7jUSQaxJQqNt:12000000000000000000:OKDOT:CHECKMYTH
13sV87cJD6XZkA1mwZMaGJQG9FscXqPAnbXFf9zHGxXSecWc:12000000000000000000:OKDOT:CHECKMYTH
16jKZNh4QHe5nW4aYsjAVPMv3LVdu1CnkavknKPMGFE5HiJm:12000000000000000000:OKDOT:CHECKMYTH
12nwn5eVssNGPgyPvtLES9eAYmqstvSFLj3dq6hNNMc6sTvC:12000000000000000000:OKDOT:CHECKMYTH
15QdUcekeDgBroNDMhSDQjfkHmfGPtCrAvGqA6Z41Dx2Ubfi:12000000000000000000:OKDOT:CHECKMYTH
12Si7fYB1dMicybbfikhqR3X7a98FcoENtu1pDMZ6NmaWCc2:12000000000000000000:OKDOT:CHECKMYTH
12rf35XvWGuM98jXe1B7dDTtoyxgECTg5TY9zFtyyQh5L7q5:12000000000000000000:OKDOT:CHECKMYTH
12nCbGrcvGNo6i8LE5tZTHNe2f8ZCHSpbzKR3i9pfYd4xGeh:12000000000000000000:OKDOT:CHECKMYTH
15S7KVGvtN6Qukw39MriLDt4ZbVFgEwiF1kYHskNsKVfzjmE:12000000000000000000:OKDOT:CHECKMYTH
15rpQGPUCi8eRXp8tsPcW5RcFN1qwNMiz7dEBaRJyTRBhGmd:12000000000000000000:OKDOT:CHECKMYTH
14KVYZSvwU3W3sPscvB6R6BFAcYCgezyJXqAAuTJq35yQUSq:12000000000000000000:NEEDED:CHECKMYTH
1ezbyqytHmw3zgQGdtHjwu8K9Hn5nMV9BserU2ZKMX2UwAV:12000000000000000000:OKDOT:CHECKMYTH
141MivEvdPDLvi9TzzMTPVK6AvZ1b7t4TYXJK61h8hx3G5wQ:12000000000000000000:OKDOT:CHECKMYTH
1xy75gRyGexcsHKzbZZRmmKBJd9cXo7TSgD7izLATsTJ6tG:12000000000000000000:OKDOT:CHECKMYTH
14V33c4nXjxgPKiJvN8aob6D79NCFkU4fr9vTMfzGPtu5FZr:12000000000000000000:OKDOT:CHECKMYTH
1JjofZBuXE1WtzVcZQpYkhn67CVfMsjwPmhBMdJQt1EU9Ps:12000000000000000000:OKDOT:CHECKMYTH
13z5UFhzDFsnWJc2YdTGoejr7TgJG2woqTuwijZ6TnwQgd8p:12000000000000000000:OKDOT:CHECKMYTH
1XgFNWt3SAwjWefju29x2K5teAVk3E5xRiUUgNVNUUZY1Ux:12000000000000000000:OKDOT:CHECKMYTH
1gvv2sw82oP8f7dyNiRJ5xpQD4dcdycvRMDgtLLGxv43NG4:12000000000000000000:OKDOT:CHECKMYTH
13ZPogYrqHgtG8tjbpg3LNPua5CtMKxFQpSbGSGkkV9JcA83:12000000000000000000:OKDOT:CHECKMYTH
157j8X9LhA18oYwciVfULnKrEvoeWsj66kU49etep7cPpuLZ:12000000000000000000:OKDOT:CHECKMYTH
1428EBDCQhwLGnomPx8B1umZTnBLxzKk46idWJ9C3fJE7K9T:12000000000000000000:OKDOT:CHECKMYTH
13am6sbAfxP9Bzq73Ap7MmPmLXypgLeaH2JELN34ws2r6b7F:12000000000000000000:OKDOT:CHECKMYTH
126Ajav9UTn7N8mnWAjqsJWPA5kXytSiUiaicnjKgTPtK49v:12000000000000000000:OKDOT:CHECKMYTH
15LDMHm5cBjUcQvgSgUbCFJEPbSeGwoNp5Xu6WrMX33bww5a:12000000000000000000:OKDOT:CHECKMYTH
12iBQZtVJ67a2zFvk4PcUKFzUxRMpwb9uApYCSrrvguWjC9F:12000000000000000000:OKDOT:CHECKMYTH
167PTCkH8y6uzRd41eirsdoyrURB7wfBdTgcaCZgXQHU8kAM:12000000000000000000:OKDOT:CHECKMYTH
12pUwUv6crs5zeMxcByUKM6VBQGJGrx1tjz72hv37ataew86:12000000000000000000:OKDOT:CHECKMYTH
14Jfqte5ch8PYRXnrPBMZtXWY3RdgoLMUSdjN7MgWiczLsrB:12000000000000000000:OKDOT:CHECKMYTH
12BcHn4PCEWDihijenL4DZkMmASgq5Y9EPTVNpDJZA1sXWga:12000000000000000000:OKDOT:CHECKMYTH
14AzydueSriNMB1tzZuEuNmGdGMkZpHQy7TZvLMosfhjSP58:12000000000000000000:OKDOT:CHECKMYTH
15tMiWGkLz1QRnvKhCrcwBTFE94GKKtgH9H84iH8gtbaiK13:12000000000000000000:OKDOT:CHECKMYTH
16Gs2UvFihHmP3Vo1nYhhVE8uU1Zft1f7AB6pLpUTS73CMyS:12000000000000000000:OKDOT:CHECKMYTH
1xCeCZdGv47TBqnTDvqb5r8gnwBVAVHLEZe71fJWYeREJXo:12000000000000000000:OKDOT:CHECKMYTH
14jcMaNocWehXZobFaQZBG9HzaBJfi59YeyD1XPXegLCiHHY:12000000000000000000:OKDOT:CHECKMYTH
16cYexNaFQXxAnLNykeFun74kMEWwhr5n4o3JrbLHZW5mfmc:12000000000000000000:OKDOT:CHECKMYTH
13YEyoGPWYecukHeb38p6wF3neJqXkkHb4jYeGULY4RiyaGe:12000000000000000000:OKDOT:CHECKMYTH
16VxA1pucTzH9mAkEKVWpteY6MHsJbw6Z6X36DDCBsrryWx9:12000000000000000000:OKDOT:CHECKMYTH
12BP2VgvvwKNZKs7XpepkUD63c8bRBr7jFtjkQu26heLB1xL:12000000000000000000:OKDOT:CHECKMYTH
14QGXstZ5kDgjc8G8TfGxDtdSqU8oKfJmcmNC8W53XewTh5C:12000000000000000000:OKDOT:CHECKMYTH
137Kdm2nQewuhb37juki76RYZQobL7xePQGj4QRJav1mcMdA:12000000000000000000:OKDOT:CHECKMYTH
15ZEXMaoiTnidjHE9NsyASTinGfznURDCJs5BpXJgLmdufpX:12000000000000000000:OKDOT:CHECKMYTH
14MjhcvXvwUPSwR6MyZ12C1kcJTjC4eZuxxXhuFVod4YKFPM:12000000000000000000:OKDOT:CHECKMYTH
156cVRRQdprjWB3sdesytKCAwybfdJCfTqjLECvwppLLDS4G:12000000000000000000:OKDOT:CHECKMYTH
121RHHczLvEmiGqdcMxrqeigsqpGX4xZRvaGxHKSXQVSUSjd:12000000000000000000:OKDOT:CHECKMYTH
13pPwcM1xinNsB8CF7AGJSjwpWC2Ji4uecptbXxiis63wyZs:12000000000000000000:OKDOT:CHECKMYTH
128idQRCLibmbqrRSktr22t4W4Ub2gcreeCeoWU7HzAUKS1F:12000000000000000000:OKDOT:CHECKMYTH
12znHjyGc7515nRjkBkipLjHDPsPf2bEZJgW9oe1uA4gjmxx:12000000000000000000:OKDOT:CHECKMYTH
16XhHiBDAEoVHwbEupa7apLAsCQHKG4TKZK6tq84pgNi3R4S:12000000000000000000:OKDOT:CHECKMYTH
126CU7pPed3mYJwSDe4QWGYncHNAzeynCdZZMatkEf5miHNQ:12000000000000000000:OKDOT:CHECKMYTH
124EwQ7GYBW8zwQRFqhqWmZ5vDJHg57HK6TnUu83B7DDth6N:12000000000000000000:OKDOT:CHECKMYTH
15Zkti8ejyFqqTkPUi5rkmHLPEU9YsL4DKofzMMbuMxRV18f:12000000000000000000:OKDOT:CHECKMYTH
1985y2JoeSD2rVcm9pdfkAAGUCtpoSsC6jUTezLdKAHLfUn:12000000000000000000:OKDOT:CHECKMYTH
16RSYWWtZjDbzG6ZRh4Qy7vNq2ofJRB2RnBHpcuEANEFog6q:12000000000000000000:OKDOT:CHECKMYTH
137854gzWvZthuERCofjzSkM7jAa8Aqhk9DHsEhk7d94HJjC:12000000000000000000:OKDOT:CHECKMYTH
13nMkGVpJjddLUGdeY18URqH7kX8hPnekpqwQurCSqEh2oEb:12000000000000000000:OKDOT:CHECKMYTH
14ifw7isWhmyUcAxk1HEEmDNVpoQRAaaqtKVWP2EU1fNq96S:12000000000000000000:OKDOT:CHECKMYTH
16jQAP3FWsohAhxCvLKuPSKG78XkMfupLKUJLHXgqJwcwNaL:12000000000000000000:OKDOT:CHECKMYTH
123cegjkWUm7pt2J9XGBRyzKqd1roFcvfdR2zdFAFZDMo4SS:12000000000000000000:OKDOT:CHECKMYTH
16JQbJDsHP4Rpt3jdeSLW49D2gWPJLTaMfVVw6TcB9DFi3Ms:12000000000000000000:OKDOT:CHECKMYTH
12rgHz2Kb4jU7onoD7XsRQG1uxLybhAjhMwXk79Hkmpzm8nM:12000000000000000000:OKDOT:CHECKMYTH
1TzhY1i4zCi5zQXbhQnhU3AU8yYkimApLSn2iNm3mTZyxR6:12000000000000000000:OKDOT:CHECKMYTH
133dE1yBYcqaJbENwVncnj391fAFuUMZYMsJXSrF9KeaJm9r:12000000000000000000:NEEDED:CHECKMYTH
13nq9em9pPmB4Ajdb5no2rRt7peKyn3EKBP6JnZscojx1AQy:12000000000000000000:OKDOT:CHECKMYTH
1DcjzdWhaqvvcbmLEwtxnnxB4DDHUAaLcEkbNbvAWmcoM1H:12000000000000000000:OKDOT:CHECKMYTH
15PWRYtrasDs6ohBiLorWJBuXP6uGrmDEJhxvWGZSMhct6bU:12000000000000000000:OKDOT:CHECKMYTH
13j42BiVVNtXgusMFNf9j7P8FX76AHB83HFYoAQ7MDMapFPa:12000000000000000000:OKDOT:CHECKMYTH
13xd6qH3h5Xk47tW65BiPHLuBB43XgFTU9NmuYA8kz3qX46y:12000000000000000000:OKDOT:CHECKMYTH
1GTxe5eo85namTt7fpmHL6ZSePGZPB9yVyDiFx5y88nQpqp:12000000000000000000:OKDOT:CHECKMYTH
153aMoF9GTKpueXKCTJEN31cX2GwJxnrVNhbUe5wZQv256Zv:12000000000000000000:OKDOT:CHECKMYTH
14kCH54DisbmJ2VyfDZdppVbXg9zqio8NS7a1wmQ8Qy7E1Je:12000000000000000000:OKDOT:CHECKMYTH
16PonPcTbAV9cQa52thSeSNc8BX7XrBSVe3ioz74KjKNrVHS:12000000000000000000:OKDOT:CHECKMYTH
15V2tcFqHoRaUaDnvERRiZPHYhDnFD1Y1iuPXFGVvFZiTXqr:12000000000000000000:OKDOT:CHECKMYTH
13NCLd3foNpsv1huPDzvvfyKh37NEEkGFotZnP52CTR98YFJ:236000000000000000000:OKDOT:CHECKMYTH
