16YqAFe73d8bLmiRssf2CWcSn564RJ2vQ5YyMfa389Y7qTZ:12000000000000000000:OKDOT:CHECKMYTH
137r9Ef2B3fw7xbTfqJ3ia5KLWH2jLwUB68y2pbJaWhJoMqC:12000000000000000000:OKDOT:CHECKMYTH
12xoXkpS4aqyqm44dWFct9q2mR3w9piCZdcUFVVJt7HZ21E8:12000000000000000000:OKDOT:CHECKMYTH
148gTZ3hY2QxVtCBniPp9YEhNrVD4Fou9T4X1tRNaQUeUaRQ:12000000000000000000:OKDOT:CHECKMYTH
12Kabo5jAG3j7529x9G7t9y3MNSRzNsaC2XzHnwabEGuXeeb:12000000000000000000:OKDOT:CHECKMYTH
13fWgP42WmANFJEUr3dUmestNTdMRYxCbDc56n3aBY7sqTu8:12000000000000000000:OKDOT:CHECKMYTH
162GfVrgx2PFX2Epq81aaEgKEL6GZBASXqLHn4R9jwccsZsH:12000000000000000000:OKDOT:CHECKMYTH
123BYUXU3JQjFQkdCcbTgnkRVae6Yc2GsfdRTGx9T6UwqG9K:12000000000000000000:OKDOT:CHECKMYTH
16DALKws6n91xz36mhUm7jBMVGEfzkufjZt3aaG8eCZEQvT5:12000000000000000000:OKDOT:CHECKMYTH
12c5mwb4rSRwWNSGSCMyjoWKtn1EnXSy3Q83NiMLydDigMyL:12000000000000000000:OKDOT:CHECKMYTH
12i2Z16cx9FS6vrJXTMPTWxrUSaXUfkZfDiFGRQoo7dcJZ7N:12000000000000000000:OKDOT:CHECKMYTH
1eAmX6Wm73f7E36gn9y8hUExYHKUHDjZ8n3ZfusSLzc2CZk:12000000000000000000:OKDOT:CHECKMYTH
15fendDNmgpHJYmF5KPEv2qMypUWauw9Whrh3rEe1UmTPaTS:12000000000000000000:OKDOT:CHECKMYTH
14zPrBKsz1GZBhu9TRvdVBnuL7fAcSQ562yqWaGkcuMsCFr7:12000000000000000000:OKDOT:CHECKMYTH
165jsgEqv1eFHoSVyDroRY2TsnhjwdQnK8ki5WrJmrM7n3Cz:12000000000000000000:OKDOT:CHECKMYTH
16cHt3ErLUGeKFTdiaA65BgEv5jTmXocxCF6L9CGZj4AEz3o:12000000000000000000:OKDOT:CHECKMYTH
12s9ZM6YtWtpqXZMSCSDRbstd2WZ5DpRabJ7hKx8U25WePEE:12000000000000000000:OKDOT:CHECKMYTH
155rM7ARk5BTpqXGV6B5gYDp5L5gWU1BCUYDqryk5WkSa7eF:12000000000000000000:OKDOT:CHECKMYTH
193cWrPHvK8kh2dvgXyd3e2nYNnt9EYHGiPC5GVJxWePHoX:12000000000000000000:OKDOT:CHECKMYTH
1JqiLxqk8hHKZSmvLjQ7pUmSstDarFB7PVtUkzCQ27VKozd:12000000000000000000:OKDOT:CHECKMYTH
12Kbwz6kQpV4CikNQJwZ1Tczug1Hrsg6c1RwX1rWRyHdx4Tg:12000000000000000000:OKDOT:CHECKMYTH
12n8o3mDqSRWoTBFCz8jLmUBXLD9KJxjiMwKoVhcEuhKgoPB:12000000000000000000:OKDOT:CHECKMYTH
14TR4u9F5wBQ7qb4izMpsyEHNdHMGZCoVMxk78CUHjfLVYJZ:12000000000000000000:OKDOT:CHECKMYTH
12zMvTo3dWbLEtDtcyTLSRRVwhDoqP3mDd4f3X1QBmtUsHmJ:12000000000000000000:OKDOT:CHECKMYTH
13ZbcaGmVD4bPSBGDz9EPWvD4xwFxUeYmX286yUFKfyA615x:12000000000000000000:OKDOT:CHECKMYTH
13QkCZDJkcjTmBGhUHSH6cEPyxbVgj3s7AbQ3zUMhB6tsYzR:12000000000000000000:OKDOT:CHECKMYTH
13rNktocGv2NgGbE9S4YWqZkwT7PbT4wczcyRiHpDsVjCPgq:12000000000000000000:OKDOT:CHECKMYTH
16HD6tcx72hRi9eqgLfUtL3YrzHToo2DRL7tJUoY4PpLeERq:12000000000000000000:OKDOT:CHECKMYTH
15pJxx5RoR8NAr8p6JZjSEWjn9UgmH5bTLbAJLuF3usiq8Sy:12000000000000000000:OKDOT:CHECKMYTH
15WfZ4A62zaD7CEvGvBQiL9n2xNxadreGWYHo5vLL1LKaJB9:12000000000000000000:OKDOT:CHECKMYTH
13XyrZAJcpikTpKX516FuGYi8MfaVWZz6FdyzViNNsQ3pGS9:12000000000000000000:OKDOT:CHECKMYTH
1ejWEFV5yGnSHXP6FrHWYB1Y1wMuKfUQFkoiRnpiF5MdXQ2:12000000000000000000:OKDOT:CHECKMYTH
14HDvHyFeuSqBGKhFkQ4BXAwwJSyVsvVEwSZpj2Lqehk9hzE:12000000000000000000:OKDOT:CHECKMYTH
1G6mX1Ho1GDTu745j5DmSjAxBbUHzvkdrKNCx6QQk6badML:12000000000000000000:OKDOT:CHECKMYTH
13hQJ9WynauujAUxjaKXQVopwZRguimKyMLfkVg4KQqL3d1B:12000000000000000000:OKDOT:CHECKMYTH
12mh8aRExyCesLn9mpdPTGWuD7ciVhwPvUdRuJGh5a2FmZ2g:12000000000000000000:OKDOT:CHECKMYTH
14XMfd57RosoYQy8PGr9msiCr8yeMqfyE1yaCqyX6oKbdLY9:12000000000000000000:OKDOT:CHECKMYTH
12vGRzYHX1bTry9urebhp8HRuUaqvtey2Gh7LvHMZaim6GbS:12000000000000000000:OKDOT:CHECKMYTH
155HWw3J9jyYphMm5is4vp9Bzj7ZRRd6HEzCPdWd8cq97KfT:12000000000000000000:OKDOT:CHECKMYTH
12mpBC6M75hRX1SvtRvN1XTbg4bFmHytn1Gqw6bVTYkA7jez:12000000000000000000:OKDOT:CHECKMYTH
15VHq5ngBJDCaY6EEb6ynG48jf7SChnKvFx6KqPhdZEToN4m:12000000000000000000:OKDOT:CHECKMYTH
13jWDmLueEPwmMCb9uXxT7YZ5uqxVf285qtsWENyeqpU67DW:12000000000000000000:OKDOT:CHECKMYTH
12NEHw7QgwX61xGe9kahhVqMGCi6MY8fq6iBcwNJvj3Y7Nwj:12000000000000000000:OKDOT:CHECKMYTH
12jeeF3XKRgZBaUhyrCvztwjXPSCH5yzBCGYXfmM42HyiCMW:12000000000000000000:OKDOT:CHECKMYTH
13PnjxNuCYpkmuBfYTLiESLf1ZD5ap7dU6bknkwF4hkpqEkK:12000000000000000000:OKDOT:CHECKMYTH
16DALbbmL2CyjGePFX8pWR4gbDB1oNF9V1Co7zMdH1xKy9ZX:12000000000000000000:OKDOT:CHECKMYTH
13poM9b6UeyP18xZUXLirGKpVjwSnGscMtJkHerrFANqHKyM:12000000000000000000:OKDOT:CHECKMYTH
13LFMAATngpRpoZTjStL1ZvXqUBUFoSB6hbKXe8F9QhYzdjh:12000000000000000000:OKDOT:CHECKMYTH
156u5q94SpYxSVTgJgntKbVjXpeb7QoQuteYoTEFKhDgXQ7H:12000000000000000000:OKDOT:CHECKMYTH
168Eao5haZsCNynNzfzQsv9TaJihjJLmUY6GbY1U4E79nrs7:12000000000000000000:OKDOT:CHECKMYTH
17YvYE8xfS8cAq6ouraa62zwCAiwc2pf7AYv8Q2cBwgucTu:12000000000000000000:OKDOT:CHECKMYTH
12hGq5sbRdPcp5FgXzAjpeEnkQaFf9vZP1reyfbPug9eouob:12000000000000000000:NEEDED:CHECKMYTH
15C7Px7M8ApzK76ADtgz6N91b1fvC91ZzK2ocSjD8TXUaYf7:12000000000000000000:OKDOT:CHECKMYTH
16TBmQ8PjnzvYVqukcwbDHhXz8nd4pKogkCFZSkxPeQHoWK4:12000000000000000000:OKDOT:CHECKMYTH
1e9nu7CEmmWnb5gz1gaHDnwKaPPMc8UTMyDbPDHKJST9SBw:12000000000000000000:OKDOT:CHECKMYTH
13MxW6qhYbVN3LxaKpkBw6B4kNtFyd1wA4k9C7gzkPK2fHmv:12000000000000000000:OKDOT:CHECKMYTH
15avonVKrE8oVAVrdSv7k4bTq1JLGmUpzjmXXuUZGdF85yyU:12000000000000000000:OKDOT:CHECKMYTH
147D7ejQChojspBGiDiB9d8SUEwkkBQMRwBsBB44iTAPuSYH:12000000000000000000:OKDOT:CHECKMYTH
146Wt1GdoVDkriB2ELykrTFiUconY2YAbddYuzW3oHy7WYZt:12000000000000000000:OKDOT:CHECKMYTH
14BcYDwFRQSNCVvZNUaZW7aHniarXwvmHYCQL5XVPb1w2pK6:12000000000000000000:OKDOT:CHECKMYTH
12FjkfVWjdH7MDBguRjBUzngAeMUZb1x7PK47coSFE5nfw3F:12000000000000000000:OKDOT:CHECKMYTH
15f4c4gQscumFNMuR3L7GfScLQbHab5E8xnAN9T7p7gvR4Hk:12000000000000000000:OKDOT:CHECKMYTH
1LR6qDLZdfAotcdx8ehobLfd6t6dCjhXrir3WCNU11Xir4P:12000000000000000000:OKDOT:CHECKMYTH
13MLBBTto7vYoYgHSsSKnLMyCncckCfvfuNmjz2hSVT7b1Nm:12000000000000000000:OKDOT:CHECKMYTH
1271NHQhwxYgTQ8c8wxC81hiJv5UYFWgPAshEknfbVyZt3vc:12000000000000000000:OKDOT:CHECKMYTH
14EFSsCk3sRLoEmMC5NpPCbuZjdPzCQJ3qiqvUBKB6cAPGUH:12000000000000000000:OKDOT:CHECKMYTH
1uakATjGu1MP4rvD1od238JwpFWbtdp8JYAk1Sys8jxBwvh:12000000000000000000:OKDOT:CHECKMYTH
162C4ftX4fPFuPyatwGMm591U16n1LB5kMHSvsw3V6ntKQ6k:12000000000000000000:OKDOT:CHECKMYTH
13RPtS5X8JjoH9GRS2eSfk1jV2EbtSwrHwAUWUymSwXvvFyZ:12000000000000000000:OKDOT:CHECKMYTH
13rwRMDsquubWXYfzT9Mdgj5pSRWawTELnbqYWK3eyagW7Hq:12000000000000000000:OKDOT:CHECKMYTH
16DfLU8GMFE4Gg24oFGwGnuJYC6P3iwF6oKLLZYPxBxQHDHS:12000000000000000000:OKDOT:CHECKMYTH
13AJ5wKicQ8RbjZqySMaSzrrS8iSk4L3oM2AyiXr6ZopTdU1:12000000000000000000:OKDOT:CHECKMYTH
1TUzoHGoSWb76Wsi2CpKGGASvK74xxfTb1LJk1erC1PfMVW:12000000000000000000:OKDOT:CHECKMYTH
16gDokB2A2v4Qxm7Ys1M6eNsNoXYtFtMHtmH9qY2pxA4fgXr:12000000000000000000:OKDOT:CHECKMYTH
14uUeNYuUVryakj1nR5jZLDTjNwNHsP7GsYW7Je6WNenYDZJ:12000000000000000000:OKDOT:CHECKMYTH
14LmavG62UhbD2mwWqpBPMrtk4FifvhWoAp4JbwNZGxYPz1j:12000000000000000000:OKDOT:CHECKMYTH
1szDTEpUBCVmFKxkHncimxzjthZJcvSHWyrrEbqvnFD98sL:12000000000000000000:OKDOT:CHECKMYTH
16isjTCMNoYUariEYdHvKriGZBanEodkB9XsdPiz5UMzYS83:12000000000000000000:OKDOT:CHECKMYTH
127CNATvRgpxz7UyAPoyj18UXQuvvfjGP5344iN2bgf2pRrG:12000000000000000000:OKDOT:CHECKMYTH
12dZcMe8mm4kfsNFwJ99R67phssawTDCWDbva3kzKLvNQc9S:12000000000000000000:OKDOT:CHECKMYTH
12dqnxRtK7eT2v496zFE1W8QwcZec9XDX684qoRHA11Ks6Wy:12000000000000000000:OKDOT:CHECKMYTH
12ZNnNi9bAvFnWXu4ba4LVyh54pPsZBMdWM1vUjFy446xjWg:12000000000000000000:OKDOT:CHECKMYTH
15ZnNmxA6UKxvWCFt1FYaKpD8BR7XNhB62ub9WthS44Vgynx:12000000000000000000:OKDOT:CHECKMYTH
12UqYW6MPeYzRkzojqcsDKRoHdDGfnW28ZggLq2wTcYHw3kX:12000000000000000000:OKDOT:CHECKMYTH
1Z4aSaVSBMZqQWXgBXyH67cy3jLFBATqj9owJR6vkkbVxps:12000000000000000000:OKDOT:CHECKMYTH
14tWJTh9BfXPxM2has2GiEfPJEvsTC9GSynm2s3xPM4539Fp:12000000000000000000:OKDOT:CHECKMYTH
12beviNeg33fCJA5uAuhZkorVhhuPhQECAFjHQB2g4jCpSsk:12000000000000000000:OKDOT:CHECKMYTH
14QJr3koDZcjy2SWUCS4RF3vWjs9FpzymY3Zrkvy5wZwZjJb:12000000000000000000:OKDOT:CHECKMYTH
1bNXRkVxxjuP6BNvCcB7Dv2XBtbck5YtT18bUmQNuafGMQC:12000000000000000000:OKDOT:CHECKMYTH
16HLUF8S24B8vgXbNFzy9haWsiYaLktowvE7Du9q93hjoKGw:12000000000000000000:OKDOT:CHECKMYTH
14QRNwqCFqmruvaevot3sxtFUEwXZT1khv17hNtua625Xbjs:12000000000000000000:OKDOT:CHECKMYTH
15RGRYphwnL7YU83wi4MyQSMeJtKh8PYeKU7Y12wkhv2GCou:12000000000000000000:OKDOT:CHECKMYTH
14bH17QqFGdBS9pAyoX1tHqUmwDaYn6DVzSsgG6Eeg9KXPak:12000000000000000000:OKDOT:CHECKMYTH
15RDjYv2HqxorynYnhpr6qRE7vDXwUWciRx7U94p6uZr6PPL:12000000000000000000:OKDOT:CHECKMYTH
14KW45b3KgDmDwpr2AwMbegaw1mTXDUTSYCVvHXBHEszAJuM:12000000000000000000:OKDOT:CHECKMYTH
14yEvRYSdttKgAPK3KrzLuPVjn982atZC85TH2LHt9MLAxh5:12000000000000000000:OKDOT:CHECKMYTH
12pShLHUrpC9MfQWLX6LbrJNvHxKRiugbefFkNmH3R1jQ6Mo:12000000000000000000:OKDOT:CHECKMYTH
12gLVAdUhUHNcrYEo1kp7pcdBHyny18h6A9iyoc7JX95AxEa:12000000000000000000:OKDOT:CHECKMYTH
15uV2VhRBPN7xf2VVUkGZqF9cfbqNRa2fsKPFjTk1BBu3eTf:12000000000000000000:OKDOT:CHECKMYTH
15B9bKiJkxUe15DqmGXVeiZANMdQ22Xe8UJKsf6zEv1RoeDm:12000000000000000000:OKDOT:CHECKMYTH
1TPrz324CqGdUGmoDAvoCa2ni6Z3igqT97JtUShDwF9k46p:12000000000000000000:OKDOT:CHECKMYTH
14QVjHYXA43hEZhktLSz7J9W9BY6jHZTA1eLtc39W5bBsg3e:12000000000000000000:OKDOT:CHECKMYTH
15jJ3reQRjbp573GruicbDP2LEt81rYZ3r94qfnw7RgmVJuE:12000000000000000000:OKDOT:CHECKMYTH
16QUyWMp9LXs41NmDyjg5dypvCmxdMLdRZhQUYm7dtBB2EZg:12000000000000000000:OKDOT:CHECKMYTH
1JrBxZBHPBLYB6tMcqcBHQTcPCirN59W22bEDhovhNDNrC2:12000000000000000000:OKDOT:CHECKMYTH
14UG7zTUMpFM5if5TY1kiqC1XjiZULVBvtMh2RKhBxQdBnrJ:12000000000000000000:OKDOT:CHECKMYTH
15TnY1MTgiJu2hoHqPc3s82J35v2A1EZBEKbQ6VRhA8APRLh:12000000000000000000:OKDOT:CHECKMYTH
1MKYrUArZcxjGDEosP7LYJW6zHYdy8skQcx6DWYrh78JqZc:12000000000000000000:OKDOT:CHECKMYTH
1n87zgzM96ULjyfTRhBiAZLzaqNsWXqvRTjGWJPTjeYoRst:12000000000000000000:OKDOT:CHECKMYTH
1piFnP4vc9mmpqCtDDJBmwiATp932N9jymMknaxxPYNTUe5:12000000000000000000:OKDOT:CHECKMYTH
1wtCL5XkYkockVVyLFp8AqkL6AwGHvaDtMtXDoot6LoNGMr:12000000000000000000:OKDOT:CHECKMYTH
13yCksk2Lu1Zq5wR78X2dS2wAfSh5dusEhQeQKtxfwXuDt1d:12000000000000000000:OKDOT:CHECKMYTH
12pYBDnjphtR1a4CZUoCtELb9u95bHgy5k2iBncziLZmC81Y:12000000000000000000:OKDOT:CHECKMYTH
1325H9mSydxSzsfGr8LTJ43mPpjknquXuZSSbAfFckfmuu62:12000000000000000000:OKDOT:CHECKMYTH
1tevhYhFkZgPm5Rs8vF8yrQr9FvntY9TTyTT2iVQKLZpnUY:12000000000000000000:OKDOT:CHECKMYTH
13CkHb3c17pKCrLT8zSuF2Siy1tj5ZSiFFMUmKbjQubmj2br:12000000000000000000:OKDOT:CHECKMYTH
16VZkSH4GnFU7M6ayH5jtE38YzHoHmpyqjxqxNchYEatrrdB:12000000000000000000:OKDOT:CHECKMYTH
1vawkuyeqT6h2Qai5c3n1DWRV6iPtoDc1brG5inoUf2sjUE:12000000000000000000:OKDOT:CHECKMYTH
1mruFnv6SsBzUJiYmrypdB4d9bSpCkN1kQXmNg9hYvMH8hv:12000000000000000000:OKDOT:CHECKMYTH
15UhjP5R1eBD7qCjRCDmGQtKhHtJYwFvnXFq9q9MwHqs4cPz:12000000000000000000:OKDOT:CHECKMYTH
16n6uhp5LaXQKpfp5NGd3PqrXdwzUGLN5q6vzAWkLHUTjDyW:12000000000000000000:NEEDED:CHECKMYTH
18Uz572BwBWSXBA9BgAZAwNK81mMGu42uXPMp9BNUUixS3k:12000000000000000000:OKDOT:CHECKMYTH
146CAQAyosWyvDqMUeHVcQMUffHwBycHdnV6UWKV1kWTtKWp:12000000000000000000:OKDOT:CHECKMYTH
15xFyUudwnGiqCstg1Q6f4MVLUEm22jPMafVw71PteBxW8Dp:12000000000000000000:OKDOT:CHECKMYTH
14T2LtJJ2P9x8osqgVGDHiYHqwTaoM8Swt2K18BpXmfZQfDa:12000000000000000000:OKDOT:CHECKMYTH
13jmSbJvwMDDUtomEmCfXmB2f1GJgyCP4Efd8QpuM1Frefmo:12000000000000000000:OKDOT:CHECKMYTH
12LBKm17JqyUcDqMtpEJfRxrAzRGN4LZXx6nuhzYuT1qFvSU:12000000000000000000:OKDOT:CHECKMYTH
12Zeea5g47nScCz7oV6XF8oCJDZNCRYYvN958xBUCddjhEei:12000000000000000000:OKDOT:CHECKMYTH
15p8rRcjnpAgQXrsEodkrMjz84WS8TkSogBJEFf5h8ozCVHv:12000000000000000000:OKDOT:CHECKMYTH
1Mhsyj177VVzApkBSzZ51at5ek1ZBz41wRK1wtkdFup9y6k:12000000000000000000:OKDOT:CHECKMYTH
14we7HMf7HBbcDwajQX7NWe9XTAbAX7RJwn3zCTyi8zeHPTg:12000000000000000000:OKDOT:CHECKMYTH
15XdqJA56hayp55jJ3WCLFSi1fnsXzjwu8UyXuG7kRdGDLf:12000000000000000000:OKDOT:CHECKMYTH
13uacscTLEXQfis8rHiudzpzr6CZE1md7QUemtugNMkD12YG:12000000000000000000:OKDOT:CHECKMYTH
12MjCZB2Za7Jv5LexeVKY6wmMhxkFt9ApGVQNBU7VL6kaQ8v:12000000000000000000:OKDOT:CHECKMYTH
1wT2FRTPmmNUgcYuTG1WgBTrtq5xFG8VmxoxgwvX9XwKGPs:12000000000000000000:OKDOT:CHECKMYTH
1uc93VfncUM5NDsCxmtFyDjTEC62kqKuK8UJSbFeNpzmNm9:12000000000000000000:OKDOT:CHECKMYTH
13f4UNm5EqBNrCRL3kpyysoiUfEMTFboL7c5oWmMbECU3Sig:12000000000000000000:OKDOT:CHECKMYTH
145jGRei7sgRUde2kaBTvshX3sbmAp2D7jgEKRqAHr7a3bEe:12000000000000000000:OKDOT:CHECKMYTH
13s8tzpMP4BwWB2eyLcJTqZouxWRyccoinW5zuvtUBKk8zqT:12000000000000000000:OKDOT:CHECKMYTH
15APSMhX9vqobyVeHLM94U7CWzi9V9U16cBvSCXT3WBKVht7:12000000000000000000:OKDOT:CHECKMYTH
14sMih6na7vDQJnTfcDssPGhja7AqoJdSxxfbkGrtGga9VA:12000000000000000000:OKDOT:CHECKMYTH
14tseMN6K52PWDWpZiZznryRvEgFXbTjsoz9RnwhQX2NDLJH:12000000000000000000:OKDOT:CHECKMYTH
15mKA2u43KfjGvsR7KyEf6ARFpWyB4CLihT5WTQeHek6ajct:12000000000000000000:NEEDED:CHECKMYTH
16RpGrDuHk8TJPyNdoHkauCwBSYBhRmdki46moJBdjXacT91:12000000000000000000:OKDOT:CHECKMYTH
16LxF3q9uLJnM8T4PhuwTyQxQNmnjd7Vk7qXpYPBqBUByzUD:12000000000000000000:OKDOT:CHECKMYTH
15DKRYJa32phFagRwCKvumNirqWgzFLWcNARi6NbhQx58Bj4:12000000000000000000:OKDOT:CHECKMYTH
128vcRRqV4kZCqwYXCoeTHgAAma1swBUSkr1kepXAfnWvXtq:12000000000000000000:OKDOT:CHECKMYTH
1vTLuybxoC5DR8sJG6aJdtGoou37nKeFtW32g4N9NGUskvn:12000000000000000000:OKDOT:CHECKMYTH
1289CrUZ7KryBoRDF8aMXfAaGWd9v6HYWJ3sqMQVFMnkXM3T:12000000000000000000:OKDOT:CHECKMYTH
13udrcDpDaQxEF1xxjFbFbyf5cfJSEe2PgoEF1B6Gc8wM5aY:12000000000000000000:OKDOT:CHECKMYTH
15oAkgGfkxbMu1FPnfgx8mJskMRRoAcAYbCWHALbpZvYjhVB:12000000000000000000:OKDOT:CHECKMYTH
15ferTX5fwrS7eEiLKFdBAn7ekUUrVzEXv6feU42qKUnbobS:12000000000000000000:OKDOT:CHECKMYTH
169WeemVQWdwz7jJNXadPccDhbnQQUDbG2vEP2UGFLy8sfbn:12000000000000000000:OKDOT:CHECKMYTH
16NTBVBgQJQQUycftJRaXYiWpNj1Bevfn3kT73TPj3gns3J1:12000000000000000000:OKDOT:CHECKMYTH
13pqHUQiEm2c5TBbnj1g1vEvPmmmUbgzoEnLetUVdocsKCcV:12000000000000000000:OKDOT:CHECKMYTH
14XmJkBbhza5ERDXpL1T6Cyht4t4vRgUCEMynqPkSpcicZQa:12000000000000000000:OKDOT:CHECKMYTH
13uYkNfEYhwYofy7hrAw2gFAPR4GNf1TJGNiF9ZJx7cxRpRM:12000000000000000000:OKDOT:CHECKMYTH
14WMUF839mboRv9xDLfje8djphgXqL4fCxczrmpED2KkUino:12000000000000000000:OKDOT:CHECKMYTH
13MkMR1yoZ1pM1iQ35GJCZzJdHXQcZn8iW73oLTug566WgVR:12000000000000000000:OKDOT:CHECKMYTH
1276ZTEUrb2CxCRfqXCp4YapeVQ2iPUXocBe5QpxU8aKk7CA:12000000000000000000:OKDOT:CHECKMYTH
12x7ZWjKHcf94hoEJEQvSNZwdewvMAswXWb2RafNzkC5sKzp:12000000000000000000:OKDOT:CHECKMYTH
14DipfBruX7HjpsfF7QrJyiitnoz7Lj3XBPh8emDTLhXRzox:12000000000000000000:OKDOT:CHECKMYTH
15NWsxdXtCudBkE8UVwrk4MB1wXjDaGAbeSw5yMMJcCpk49T:12000000000000000000:OKDOT:CHECKMYTH
1ZbfXkzvdLNy8bcorzhEVjoR6CGj6mHPwXWx5CjSpY1CEYT:12000000000000000000:OKDOT:CHECKMYTH
1262wxrdSD8X1VHQNjtxsfso1Pn8wrnEsieoDCxPZKfmGnr8:12000000000000000000:OKDOT:CHECKMYTH
12RjAfwCQ58pkUtPPMpAzHs8Ar5W2VEqVbxzQg2jxrzaKWte:12000000000000000000:OKDOT:CHECKMYTH
12WvwXJ1V34GT3pRNoRKCvNwqNbcbNXgJ6gqjq2iw76Z7b25:12000000000000000000:OKDOT:CHECKMYTH
16Q68bKrPPgLxT7QSoSpnS45vzdqgT8QAxg38Vb9kqAZrguN:12000000000000000000:OKDOT:CHECKMYTH
1EVJDzxcWmGTNadTe8H8tG89dEGHtg3SPSJy6YSN13buswu:12000000000000000000:OKDOT:CHECKMYTH
14gRBuCWkmJXXZBQoeHscpsqkvaCiw8f3w1bojCotFXMM7gH:12000000000000000000:OKDOT:CHECKMYTH
12zDyVBf8im4AMEV44ERmP3j5v5YHvEtV7UdpEEtc7nuUrgs:12000000000000000000:OKDOT:CHECKMYTH
15X7NtwnKcdZMg72pY2d426dazEgjmBZQz1b5n2sWCAR7nP1:12000000000000000000:OKDOT:CHECKMYTH
12dXd2rstLB5Vxr9FtWq378VxC2y2rr3fXXz9PRemeNKLrgU:12000000000000000000:OKDOT:CHECKMYTH
158wKGs48gdYWDrwYeNu9ShjPxFQGn97EJUTzQLqrTpA4GLu:12000000000000000000:OKDOT:CHECKMYTH
15ttmyb71cPpLAYAZb6P9sM6aeUyFrknNRzyZYWHnRMGpBbD:12000000000000000000:OKDOT:CHECKMYTH
12NkATu8ApL9idpjpeZ6xevdNdxg5SpNBaiaz6qQq4twbFy8:12000000000000000000:OKDOT:CHECKMYTH
13Y2K6GQehThArVrcW2oNvmUr5T8NYRriLqXXcQGFxnh5WCB:12000000000000000000:OKDOT:CHECKMYTH
161KG7X8kHUt4CKLVotJCY6EpqtS1FX5YgwdpaDnLZTZmMg2:12000000000000000000:OKDOT:CHECKMYTH
15taDYrPUfuke9Ek87ujthNCDjThfXx4JUbbnuNfW4u9yobc:12000000000000000000:OKDOT:CHECKMYTH
1k3aC8erPkEa6ppuVsjVG8SkSUwTadcZYUo1xWHpZNFDNtC:12000000000000000000:OKDOT:CHECKMYTH
15GoJvUKtoSPwq8UpQvP4DJCHx8HDGPw1wPamLpknLyoqtr6:12000000000000000000:OKDOT:CHECKMYTH
13XzjvFdHwLYd2HJat6BjByPxnWvf9w6tJknwKPskdNDHySu:12000000000000000000:OKDOT:CHECKMYTH
15a3GPtCka6qxXAP5543DWcgP61fsT3aQcqWe8zyPxPvd4sH:12000000000000000000:OKDOT:CHECKMYTH
1nN2FufHqJ1yD7GwD29wT87wRKHsGggyzDXrF2YgLGVQW2P:12000000000000000000:OKDOT:CHECKMYTH
138qT1b6j1mvXRkT6vKToNe5h9gXNaWttKA8zxGLxSWEYWN8:12000000000000000000:OKDOT:CHECKMYTH
15PuEh7d5HbhonfrjeouZduqf87gJM7SpD4mvyYuMaF9r21p:12000000000000000000:OKDOT:CHECKMYTH
153Ypj43SmsAWkg7VYT1GqsssJRFcon1sfRda85cokYRLNJ8:12000000000000000000:OKDOT:CHECKMYTH
12ttmt2dLNbrQzycUYvSLzdKc3nWRRcuHWoG9xVCTPwSYVii:12000000000000000000:OKDOT:CHECKMYTH
1CF4BxUEE7h7HLWVHPjzKCmhTZFHwJr8mRdLuNHURZSpsep:12000000000000000000:OKDOT:CHECKMYTH
1535MLX6ELJ8aT85Tgvd34ckYWA8AyreakJoeopPS6mCjmDP:12000000000000000000:OKDOT:CHECKMYTH
12uppjrktxM1jLDEXWXMeQA1yzn5tuGgVZrFnncvU4MB3sKm:12000000000000000000:OKDOT:CHECKMYTH
14G9CMCzgMBgHTQNUXQNtp3V1H9aKB9zpNzWspk3jJzrJvo4:12000000000000000000:OKDOT:CHECKMYTH
1xzAes4aS1EK2hDBcuK3ZSrwvH4Hn4b5hs6aKrsoC8scLGK:12000000000000000000:OKDOT:CHECKMYTH
1gUam8XMWD4f8s3X8NT4ZbtYXyAELZAz1V5Eb8dGyHp8LHh:12000000000000000000:OKDOT:CHECKMYTH
14oqBVCogdGeCkEZAqEHDjZihDLKk43zAyBHxLF6g2jgof9s:12000000000000000000:OKDOT:CHECKMYTH
14iKcj8CKD7XcyF1UZqKvpC7VBR9vXDat9LPC9hH3z9dU5n1:12000000000000000000:OKDOT:CHECKMYTH
13fjjBZzoxQqcrMdbKxVBGQWhSHCvMeyuAb75NWbsod8Hp6c:12000000000000000000:OKDOT:CHECKMYTH
13NTkwwuXAJ475A8MguH85RaTKdzEQ2yV5dRQUEKvRJoAYsQ:12000000000000000000:OKDOT:CHECKMYTH
13zJrWNegcRaJRXzYw42VXyYY92tqUXofDcJASw33aKz8yfd:12000000000000000000:OKDOT:CHECKMYTH
15DxTzdHepYrvMrP2ZdCdSsnvsqsCtxmchjfLn8qMUs7YXdu:12000000000000000000:OKDOT:CHECKMYTH
14K8x1BNcHMXa8k7j9fXfS9bGYGRjn4DUDuSQGPSTdBtNHn5:12000000000000000000:OKDOT:CHECKMYTH
14Sy2Um54sLkFbZDP1VQYPyc8VTpSRnsT6g7Sz8DRjEwRUEB:12000000000000000000:OKDOT:CHECKMYTH
16UnYg5MZJcvmwTLBTeKE85thVFUvP1SW7DJf9R3U235fNG2:12000000000000000000:OKDOT:CHECKMYTH
121gkWV6hhDYZDmxBbQDndt5psXLCSiFRc3EVmnsstyBFkz3:12000000000000000000:OKDOT:CHECKMYTH
14AGZDZ4T365DiwX2jeyzootdrP9P1og72JGGegcAgErHhY9:12000000000000000000:OKDOT:CHECKMYTH
16M7Y7pkajzgpaN7CmNH34VEiDKw3brNNYiwFgMKxnwo3LR:12000000000000000000:OKDOT:CHECKMYTH
14rUqavmG5zgeAUeiS3M2yNWuaLgbwkMpcdCUZ17U5RytdoB:12000000000000000000:OKDOT:CHECKMYTH
133YfEAz5JiiwuJs9aQnkFx1DQ19WrzsEUKS8vQJqYqBwAqb:12000000000000000000:OKDOT:CHECKMYTH
12K9XiL78CMv3kapidbN67XZvg9Q3jZDFmch9RZ3B9yoFiBR:12000000000000000000:OKDOT:CHECKMYTH
15PKnBgAHqkzEzac1zqEkrKCWcDBbnZ4P1MBmcqSBvJm9LmP:12000000000000000000:OKDOT:CHECKMYTH
14j8jRD7a2UfkzVx6RdnFhALXNcc1DBzbmgWQNAVZykaNo1A:12000000000000000000:OKDOT:CHECKMYTH
11u9iKJifjD4YvpfvoQ38Pfg5USHWuoMEMXbLKztMqwwnat:12000000000000000000:OKDOT:CHECKMYTH
1rDpRKEZ4Q8Ed7n85mAab6DvPQ3rNyEdK9r7pKSDFHTja8z:12000000000000000000:OKDOT:CHECKMYTH
1rsNgj54ayxSb4CpPQztzV5r8FWMVoNZa8rt9PD4ZKhWhmA:12000000000000000000:OKDOT:CHECKMYTH
12doYWfFyctkcaDKMnH8NypPrpkLUJdVnvzHWA2kVnQepadu:12000000000000000000:NEEDED:CHECKMYTH
14Ar3FWoiAvwjnWVKQ9oUQjFyh8SD4oE459EzmjBo8TYmpSB:12000000000000000000:OKDOT:CHECKMYTH
12Pqcu4YvdvUov14hHUcDs4P74S4WpG9SiqHuEqRtuJcsjE:12000000000000000000:OKDOT:CHECKMYTH
15zrxryUHPX5sfiwJ3NaU8aL4KBU8gzk73maRTHnaC2fKUhm:12000000000000000000:OKDOT:CHECKMYTH
15St58utQnM8aWQw54yZkBA5eNa2haVA3LnCCBwYbnBg9cSL:12000000000000000000:OKDOT:CHECKMYTH
164x5uvVZDvL3sevjiQSfgG2NAEUczsKwV75y53Esj2pX8zW:12000000000000000000:OKDOT:CHECKMYTH
1zZDMMqBSPiVQfEHfKuNMsSMN2fSH5JwtmyYSNsjzKFmoQA:12000000000000000000:OKDOT:CHECKMYTH
128bnYcBc3fhi2Mb1aZFVpnB5eX4q1cZtZD7KpqqLBNdthDp:12000000000000000000:OKDOT:CHECKMYTH
14L74Z3rbWGym4abdkamUT1gfz8tpyHLXSha6ekSF9bS9UQB:12000000000000000000:OKDOT:CHECKMYTH
163955ykE6duZyuDffpCsjqJQcgYZRdSGSTFESDzzfoKJfUq:12000000000000000000:OKDOT:CHECKMYTH
1RsaNCiQSsnqbECBC75yhL7ejd1iYrN25hhHZpizGEunxWy:12000000000000000000:OKDOT:CHECKMYTH
167QE8dEhj5SPCxrSWYtaAEoVq4NiFBHpyQEshFi7F3oHtPX:12000000000000000000:OKDOT:CHECKMYTH
14kh8jr87q7vb5N7JrgAQj18Cz5vBGGFPYndLjRyCwPAnQTf:12000000000000000000:OKDOT:CHECKMYTH
12hWKmni7i1QkAtwyV23eB18NzrdJbnX2EFxyJhTWMzo7TfE:12000000000000000000:OKDOT:CHECKMYTH
1ejqwhQ1PEkhSGvfdoFWQZRCxBf4oJazjDGtsWRLxLMfNdH:12000000000000000000:OKDOT:CHECKMYTH
12ei852MvZ1fvV7wU6d6ZzJFTzSMRAm8qkWiuEVMQCjfN3rC:12000000000000000000:OKDOT:CHECKMYTH
12HBJ85TQ321suCiSSaZCfcHNGQXDCN6rMhsRMjNoDn3cmbY:12000000000000000000:OKDOT:CHECKMYTH
15GEa5qmEV51vcjJuJU5ews72e6FmQefB3Pe3yxmowwwJA84:12000000000000000000:OKDOT:CHECKMYTH
15mDuc9gqRXaaPURHt6xtiThNr3JmYXu3hcPZnYvdrMa5ydn:12000000000000000000:OKDOT:CHECKMYTH
14eszxZp4yewCnb1QjANJaeqdnxLj3YiDx9wjktwSCVig2N:12000000000000000000:OKDOT:CHECKMYTH
13LHYLQKp9AHNh2FbrvAjVjcH81ATV7x3mGszLbNgKvSRDEq:12000000000000000000:OKDOT:CHECKMYTH
12EQHt1oAsm8RRj85ucdWKNeCZVmpnCXN6AoowUE6QMKJrJL:12000000000000000000:OKDOT:CHECKMYTH
167Z4613PpxqndsnEp5JSjetevtyxZhXgc7dAyPpnDKTKr21:12000000000000000000:OKDOT:CHECKMYTH
13bwHxT64AQjqJXEJEtEji2MymkzEHHWW7tA5aamKtCJuGnz:12000000000000000000:OKDOT:CHECKMYTH
14VnQHGpxJ8dwviENW7Tc58kcTCi29LzW3TmypyLiYpPr342:12000000000000000000:OKDOT:CHECKMYTH
1zts76VSDdizLUo8YRWebaYjf6EHXrZPeV6DcHfKU7VA7TV:12000000000000000000:OKDOT:CHECKMYTH
14XhsqCNimeaPfk5ieVCuPFETuB8MN9vuoeDYZbkrXVY7Wgc:12000000000000000000:OKDOT:CHECKMYTH
1YzfswJyh1p6XvpXa6BqG1kq6ybtiT1XcdUFqzsk235xfpz:12000000000000000000:OKDOT:CHECKMYTH
13UWxa28kkbwnNUkMXfArwqZoso2ioZDNmcQbi3m7vmnoTwQ:12000000000000000000:OKDOT:CHECKMYTH
12WM32LLWKAb2K3zhn65dFDWJKEj2BFHt2ggknPWHLPMYWAM:12000000000000000000:OKDOT:CHECKMYTH
15bbDSJh7ABsyJT8PhppyrfnTXkJXnC5qbozk2EbT3FXsBBq:12000000000000000000:OKDOT:CHECKMYTH
1LHnxBRht7zVGwxXcZVnDgjbGW49GTNPMz7hM3XLCWS9WD4:12000000000000000000:OKDOT:CHECKMYTH
14xDRLH3Bj9aYTBb7qX6nfUjE39GZSXtsC3fFiXvNwiLiwaD:12000000000000000000:OKDOT:CHECKMYTH
12j3xo5GFaMN3VwjmasKKRDYo8iGbkPWEeyaY7WvAy1LVZqw:12000000000000000000:OKDOT:CHECKMYTH
16nedXrXWNHDpfjYo8hukGCrVZeTyQntzAj5wopJxqnAas3z:12000000000000000000:OKDOT:CHECKMYTH
16ZEwoVC178xU2PDVsJeox7SnDgGAzopXZauXmakLKL1vL1Y:12000000000000000000:OKDOT:CHECKMYTH
13JnEaPEtBpymC74hnFcgY3oHeWzypH1p88rcVWoSfVcKwsK:12000000000000000000:OKDOT:CHECKMYTH
13parTp1GKgbUWqCawsaaT4YxQZpQC37skkrVhUPeRenEqCg:12000000000000000000:OKDOT:CHECKMYTH
13asCKAhXthGi3xsBYYAMnRK3fccskq5UBf3QY8rzYD5aGd5:12000000000000000000:OKDOT:CHECKMYTH
1HFFtEu2D4g2ue9F79aWSehXDXss16siKb259WU2PgykpJU:12000000000000000000:OKDOT:CHECKMYTH
13T4nu1jATqWpJc8dfk6SrtyaQeT18J8AxEmjNpvWC4ZDFLC:12000000000000000000:OKDOT:CHECKMYTH
16Acd3BcJSKUKy48TcqSmc4Nc3BZf6Gy5JWsiJGo8nt3kaTn:12000000000000000000:OKDOT:CHECKMYTH
13Xd7cKxJk7ctxrRowfR3dRiySseLcT3pAcGTTTJvTtSC3eg:12000000000000000000:OKDOT:CHECKMYTH
15qo3n9DmPB6GJ5BroPU9NgQptm6XBVY8v7Gk7AdoePtK5Cz:12000000000000000000:OKDOT:CHECKMYTH
1miZnvgjwHY83LwwVJsmxu3tvYAnA4Aa9Ujda3KVGGP7kLZ:12000000000000000000:OKDOT:CHECKMYTH
12dVSeob9Vhn3SdMgm7RqqQEJ3pvhPhnRK45FGjCdW28s1df:12000000000000000000:OKDOT:CHECKMYTH
15QqpinFP3hPB9mVQh8uGi2zQZ9TMSrobNK8E8F43Hesprsk:12000000000000000000:OKDOT:CHECKMYTH
1695tzEGrhufRbyo8btUuKz4VMUDZhonUBDTS6Bq6hJFu2Ym:12000000000000000000:OKDOT:CHECKMYTH
12FEkoAA5jnscCF2DC18TrJowguUv3wbicyTCjZkYXKDBdvK:12000000000000000000:OKDOT:CHECKMYTH
153hGYwAJ9fSfqA5EFKQoUcGZ26Dxhq6T8p2C5WpHkYxr8gc:12000000000000000000:OKDOT:CHECKMYTH
16Kn3dboocj17mCZBJNeAxgPm44yVZYGBChyGYsLcZKb1v6d:12000000000000000000:OKDOT:CHECKMYTH
1VzttcgbwMnozPZkvhgCYcJ9XC73eumZLiJrnDdyvVxHXn5:12000000000000000000:OKDOT:CHECKMYTH
149Qh9LrsrJKMqkGcuZyd6g7Lse53t1FLKwgC1ksikMbjkNa:12000000000000000000:OKDOT:CHECKMYTH
15AfdEviQq2dGVgu7CejzkpR3Z2ZbFeirpU7dmd1X8nEGzWV:12000000000000000000:OKDOT:CHECKMYTH
12kz9Cgk7sFtrTakhnePeAYTtrZkpDGoMjrnuWyERzwKecuy:12000000000000000000:OKDOT:CHECKMYTH
13ouK3yUHgf5jo82JGH8CtRqqxLjJnd87nqtyhoeUE5TFbni:12000000000000000000:OKDOT:CHECKMYTH
14rcQFE5bBQdg3jBHFGhfVWC1XyznSe2jZpwGvYAWPug3b2w:12000000000000000000:OKDOT:CHECKMYTH
14NeJzCHgFEWRdbratCcDry7z5cEDgDRDzJG7GaszLdzisA8:12000000000000000000:OKDOT:CHECKMYTH
13oxTjB9Cv75KY3HUWcQgmBj2oxzQoe5GfSwLqqqaWBe1NaG:12000000000000000000:OKDOT:CHECKMYTH
14AE8oiqvTLatyXvYUQfQ9ECYaT4nNRtGeY8tNFigETzv8Nf:12000000000000000000:OKDOT:CHECKMYTH
1bya5X9xAmn5J273RKv7JSDjq1TsRG3bgmdgMSgHPQvSQcn:12000000000000000000:OKDOT:CHECKMYTH
14rze8BBm8weWwEc3ahixAcMcXuoXYXy8WwbqqhBHqt9Pxez:12000000000000000000:OKDOT:CHECKMYTH
13hkxHRsNCN1mt7i3k3ZJgCa9Ps9W7yvawqErEzN2ajHXpba:12000000000000000000:OKDOT:CHECKMYTH
14BhfQsE98v3oJENMpChhBWR6QDrmHkDPgqtwqQnpHjhJ3Z4:12000000000000000000:OKDOT:CHECKMYTH
16hXvLmv2GWieWeMSwX3m1dbsTF89D78sAX6oQsjQxvkkGPS:12000000000000000000:OKDOT:CHECKMYTH
13xjCwHSE1oEPQCzxVoptMNRbeJcvHYE5nkbaVDHvW2JovFK:12000000000000000000:OKDOT:CHECKMYTH
14LnsESHyKq9tchj6peFCKbnxpPnKLSS3RaGMyNgwsPGV6E8:12000000000000000000:OKDOT:CHECKMYTH
12ixaMWFatc7TfFJQqpzDg8v9o3wxPJNRu7oAaN7Eg7ECyZn:12000000000000000000:OKDOT:CHECKMYTH
123cVtBterzFMJFxzBwQwLUtgUxsb995EkhdZPrvhVXGypHc:12000000000000000000:OKDOT:CHECKMYTH
12eGy7r2W5PsL5nFcPptonZo4dZUcFFXu3NwCLGyoDsefvgz:12000000000000000000:OKDOT:CHECKMYTH
15wSAVLQpfiJg4yf2F63raMXtV7U7ohJunvYwhboTEshc3nd:12000000000000000000:OKDOT:CHECKMYTH
1u97eF7hcTW7otzVuBt9bwZzpnog72En1N9eLbPxsFXh22A:12000000000000000000:OKDOT:CHECKMYTH
13KiK6YcoYrpcAKrU17oSFupNrmtr5mXbNqptPFiRgmzsM7e:12000000000000000000:OKDOT:CHECKMYTH
13T1N88Su2rXdtxnTKTyMnTiV6xLHpfRoR78wJaNNBs9kdmH:12000000000000000000:OKDOT:CHECKMYTH
11dyyUtLorTo3vxjhFAVaoG3jqRMVdvzsknobuMFEb666GB:12000000000000000000:OKDOT:CHECKMYTH
1ojdUio9jAzEenC76DPnBenjRJEXuxkLRpNB5yQVQHxuepM:12000000000000000000:OKDOT:CHECKMYTH
129PmnCGxTjQxTv7R79hQYsm2CFwn9wRtm3ZMjSgauYkExEi:12000000000000000000:OKDOT:CHECKMYTH
142yNdqrcRQfSkJLmHPAbybB9JVhLtf6W2bz7qCfoJjGR737:12000000000000000000:OKDOT:CHECKMYTH
15LyK657szqpupT1vbwcVpBdaHJJ2svPkR9BhArUB7faB9Ax:12000000000000000000:OKDOT:CHECKMYTH
153rnMJqR65XtQE9AcmqHXA6KnowybDM4ifXrHEDZMDF7sFp:12000000000000000000:OKDOT:CHECKMYTH
14WHYZTFq2j6aLvNHr8psr7Tqw2QNkGKPwk6XWfXorYaorh2:12000000000000000000:OKDOT:CHECKMYTH
14AR68uSpAkE6YkwqvXxec3aNiVGhD5kAUPr3f98eaaDm2N2:12000000000000000000:OKDOT:CHECKMYTH
16fqHk8u4bn4CJseuxDhjCy33RQutv5Dd6PzXEYrfTG1dwJM:12000000000000000000:OKDOT:CHECKMYTH
15dJVVK1sGYB1ySgat3BEAQpFcFgKvvCBfu78iG8UFvtgQrG:12000000000000000000:OKDOT:CHECKMYTH
12FoAim8B6eEwbo8JhohBsxDFTPipPTc9U37eG3o3A4iYXMW:12000000000000000000:OKDOT:CHECKMYTH
13KSexG9JJxVSpCtpQfm6SqcmDaRsd7mUAQDsM7vhiAqZ5YF:12000000000000000000:OKDOT:CHECKMYTH
12fHa4bu5sNGW6rHeVddWpLS34xwAcVRmqKS45Wb7VNavms:12000000000000000000:OKDOT:CHECKMYTH
135jAdks1anMXrGBZcDbWvuDaFMNK6j21t52757BdZCiSUME:12000000000000000000:OKDOT:CHECKMYTH
15uSnCokpb1koWjovofSh83n62WAmkQog1SRKtW9yXLYP6EN:12000000000000000000:OKDOT:CHECKMYTH
14EUUjqpgcNgNvMiadNi3dcVvvzL9LSW6sx9Nnxt9XQMmUed:12000000000000000000:OKDOT:CHECKMYTH
128pNwPmvhx2eACRAPTwZgpt39GocwRMW1JmJspytWPhkSRH:12000000000000000000:OKDOT:CHECKMYTH
13C7r5LYANWRZd4gjqfTDevyWoRZxXSbqDgeM4QmUvG3LBkM:12000000000000000000:OKDOT:CHECKMYTH
13f2pmae8WffZ6vZFmWkZuvRYJLyQZKMHeC1scVSwnv95pXp:12000000000000000000:OKDOT:CHECKMYTH
12zA7Sw4f2XnKoz5GUH1C4Lqfy6WTmXD9MR23PAQWVs3rCtJ:12000000000000000000:OKDOT:CHECKMYTH
13FsNRwhBGnvNNNb6w86M5ciRctK465pre8kBEGZLsnSN3te:12000000000000000000:OKDOT:CHECKMYTH
1XFDHGjDaicT8ZA41oUAU5BPKHmuJ6GYPd488fenpzysD1i:12000000000000000000:OKDOT:CHECKMYTH
14b3TFWpReQxaKysZyEhxMvtKHutDWEVCc3KaqPncwA7E93K:12000000000000000000:OKDOT:CHECKMYTH
17AGEMNnUaZkpC9zPRs9Qk51m6jQibzuT9iL3y5aHxqKPWK:12000000000000000000:OKDOT:CHECKMYTH
12MhbUEcK3TEpW77NCpWsQRzfr1b9PfkRoHA5uCcdVi5JDTw:12000000000000000000:OKDOT:CHECKMYTH
146F2XoiMA38rey4wf5yuqhyd6CeUZ3LB1icDrdodF7eHRd7:12000000000000000000:OKDOT:CHECKMYTH
1rRq6Vz8iDE6H6zZcj8t7Q1tQjQeCXUm7oPkKPdyioQqu4h:12000000000000000000:OKDOT:CHECKMYTH
16QXu8mxrc3K68MUUfE4osFBWGPYZnBzW1vSu9dquKMTUvuL:12000000000000000000:OKDOT:CHECKMYTH
121KHXv9jD7r1CV8dB2wgsjK4MrC4QqMtPTRFMARGexgUwGS:12000000000000000000:OKDOT:CHECKMYTH
14v3AhNRZXtY2CScTneEWnC3MyvctjYHzeYiwY6cv2dABGpq:12000000000000000000:OKDOT:CHECKMYTH
12JgpewrMskkKS8HQMGQHyXLr6t237NhyJg42WngRbyKmDZo:12000000000000000000:OKDOT:CHECKMYTH
13C1tCqa9dZLMhg7QYEvkQpydcPFiJ9s67MYB2eiuUfBGq7B:12000000000000000000:OKDOT:CHECKMYTH
15njvxv7CpQ16Xmc9uHq5shcNZNeG3vKCufvVF8YmTuJLpFi:12000000000000000000:OKDOT:CHECKMYTH
15PcAf8CAHZbsHuQNUNoeNY6DEvvL15KPtCWejkVyGFHJXym:12000000000000000000:OKDOT:CHECKMYTH
13xkv2bawfKpNUeMd7NWb9u4YHojRohbSpLKRijWTDyzoB83:12000000000000000000:OKDOT:CHECKMYTH
158dZ3Yq47CrExHNcBpzv9itUFemjj9ouns5LQSdYsynkext:12000000000000000000:OKDOT:CHECKMYTH
12xtNztycapPMriiks8Fe3zgLJNz3f2bYSfoVmupRspNkbVt:12000000000000000000:OKDOT:CHECKMYTH
15zZFLSyBDrYXS9RwmenhQCgtDHn6bbApYP8JVrUqCeoQPo4:12000000000000000000:OKDOT:CHECKMYTH
12tNE4iK3Es1AEj1wUcU3VEj4CWsbts4vogtNo9acct8oM1b:12000000000000000000:OKDOT:CHECKMYTH
16kmjgNjjL4VrqTznZAP2dvFKohj6Gb8Bg4qnANxRzQzCRDZ:12000000000000000000:NEEDED:CHECKMYTH
14XuqCcA6Nr2LC14aABmSS6aWMRDkw5L9ARVoRSTRxLJVDPm:12000000000000000000:OKDOT:CHECKMYTH
13KZFcfF7zFAAyH3MveKdbmEmDkLhLRnLpV3u7HwF4dngcXd:12000000000000000000:OKDOT:CHECKMYTH
14XDF626nJosiPyhKm5gssr2Uq58CYXhSScu6ckwSdLanuph:12000000000000000000:OKDOT:CHECKMYTH
15zQYegp1hk7RQgJsfJkZjgkS2VGwEQvhLVZzPTNDTJpLoTk:12000000000000000000:OKDOT:CHECKMYTH
13NA3ZvzP33jsVzfnZaFmV65kDpoxcx2ou8bCZ8sWfciw2ZK:12000000000000000000:OKDOT:CHECKMYTH
1mYLFmabSdWEzpGXard2szY1gxLHAMh18BcfY6MhUwzCD2Y:12000000000000000000:OKDOT:CHECKMYTH
12yXstVhULS2R6L53XRWcsNUybPu67aP4rJNhVqNTHS6EigA:12000000000000000000:OKDOT:CHECKMYTH
1s2E7gXFLHTwaEb2uP1PTEYq1MGo6LfVEGrsMznUXz65SP3:12000000000000000000:OKDOT:CHECKMYTH
1vu5g3qXSrJGj1jZpsMKypgXwAXCAzktPJyfLkkyW1uQ3wV:12000000000000000000:OKDOT:CHECKMYTH
15XTkbm9P8dLFkjDYkGPTTPeivVfAjmzJC2ZWE5UrSoxchHp:12000000000000000000:OKDOT:CHECKMYTH
1yojemsJ9xYHV3wQpz8xERJQcXGHUwNBUfbjqYy64sSbb7e:12000000000000000000:OKDOT:CHECKMYTH
16j55rEcxRXz3VKT3iajbY2zzrrwNDvUC3f1wugBAxTjGYfj:12000000000000000000:OKDOT:CHECKMYTH
1xatyWxU8BQr2PDDrDThuUPW2H1ZnqBTaDKEpde3SjFfBYH:12000000000000000000:OKDOT:CHECKMYTH
172aXyzf5LZ1F3xZmQAfvX2HqGjETKPDJeYpuEsxcjc7LDa:12000000000000000000:OKDOT:CHECKMYTH
169pKXShfcgT4VuBK9e9nkzahVV3EinVkAiz9qzWpAWaZF73:12000000000000000000:OKDOT:CHECKMYTH
12PhLfSjUNB22hj6fN64JPVQb2KjSxrKYb2MXu4WQfw9KstZ:12000000000000000000:OKDOT:CHECKMYTH
133cTBj1NfGdQR5kZnnyq8NiKz3RhKSawxLyMCcWo7ekQP5V:12000000000000000000:OKDOT:CHECKMYTH
16YYtvAj3uXzci6m5UFZ1AopxukaN6JCkPr6oXdGvvLQWesY:12000000000000000000:OKDOT:CHECKMYTH
1SvR7Gph9EjRuMH7ZLCCXN2pAF9JbDhXxkQnpEbbp9roN41:12000000000000000000:OKDOT:CHECKMYTH
144Gz1u15r7gcs2fQnmQd5xNhSCtPoqLqbB1L3H5hDJvUhRS:12000000000000000000:OKDOT:CHECKMYTH
1bgw7LgsCVqNC6rgR7gB8d38LadKiDoXvk2LJTEgK1b4d3p:12000000000000000000:OKDOT:CHECKMYTH
13b1Nv72kKrFXBisBPcz8impA45y3DdoJv4R8cwU8ZhxVyZC:12000000000000000000:OKDOT:CHECKMYTH
15pf9tJeE4YF3ty1TeonJh5sRftCRkYXP2wfEJPbWAxKyRS6:12000000000000000000:OKDOT:CHECKMYTH
15xhgynnR7Fmn5qfaENZKRebQw7PJQP2QjumSZdjv1QV2hXT:12000000000000000000:OKDOT:CHECKMYTH
15Ex5QUHw7mYnowFduYuVb43NXTciMb6tCRqBCVHNebysL7M:12000000000000000000:OKDOT:CHECKMYTH
15xxgiqqEMCvyPiudz2xG7Xuy29TxteimwCPwHDT1iYYGixP:12000000000000000000:OKDOT:CHECKMYTH
1xfdWauPJ1Jf9bNDs9Ptphoyvyb7C2PLaVsJqrsbZQZPUS5:12000000000000000000:OKDOT:CHECKMYTH
1qCKyfHHMeocrT2E1nY6u5CdhqhNiwAcZXMy4VkWiRHZHjK:12000000000000000000:OKDOT:CHECKMYTH
169suoJbSgFeGBbdaemvWLXyo6Ct5KPSxaHJxwSqfQyjw8ZG:12000000000000000000:OKDOT:CHECKMYTH
14zBRzyZk8ibtUqhoFDdVQCmNbbBWLShK1bWHTgH4pmBxSdx:12000000000000000000:OKDOT:CHECKMYTH
135SuUEdG7DUcorqy3WnJjrnqYpqvLYLwhm23Zw2wXqX4giq:12000000000000000000:OKDOT:CHECKMYTH
13bSKnekJuuKcUEXXabqoqakGaQ6iHKRw1ZeorLWT2gq9syJ:12000000000000000000:OKDOT:CHECKMYTH
13priUVSEFpBZF6QQfWhr32BPZ1iGfjusahjePev6itmfzst:12000000000000000000:OKDOT:CHECKMYTH
139D5etrtyFU99yq4AQG5STbAdVGg8c896yBMdBkfnNLdFVB:12000000000000000000:OKDOT:CHECKMYTH
16Gj65kRgFepbGRoQsMEEw39PvnX4yhfVTvBTNzS2RusCKsV:12000000000000000000:OKDOT:CHECKMYTH
16GH3E6W7JBJ6NJ5JGsW4CLwKz648zboCVpLuP5TZSbs4AUi:12000000000000000000:OKDOT:CHECKMYTH
16TujjeY94BbdVN3VFu1qSLL5m816Mapjvk6afapBmAnRcKB:12000000000000000000:OKDOT:CHECKMYTH
14nEHwS4raVitzfnaWSYPjuPqLupX5MjnJ6yYCW8KkSHe93v:12000000000000000000:OKDOT:CHECKMYTH
1kUf5Tee7nospJKsVWwW2zaCnTxtRYestmPAAf84gjjivwz:12000000000000000000:OKDOT:CHECKMYTH
12FtCQjmUB3wjujcii6sEuWwjzKoYHG9Ex4y5w8wETds5hNN:12000000000000000000:OKDOT:CHECKMYTH
15tdcHg8byrLpuUDRSnED8PYtFdFDPDmevtd4SJ6dLfSpAzz:12000000000000000000:OKDOT:CHECKMYTH
16P9qra7uqNNjtwZTDNW9SiroD35qGyytGNs88aKcebCgJYq:12000000000000000000:OKDOT:CHECKMYTH
18qHTQsfezBYLAHhDcnCiLrxqVvvSqcbqfBgrUod4Ct97DH:12000000000000000000:OKDOT:CHECKMYTH
13Rr64abqCzAqJWzXgPhX5PUjo9e3H5SUea4nUJXDKfsxApW:12000000000000000000:OKDOT:CHECKMYTH
13PcMrVF6N7hAr9mkcH1LFzWe6PKdpybofcFKYDTufgfpCS7:12000000000000000000:OKDOT:CHECKMYTH
13DDXm77YqpVqKGupjpu5dwAHrGXdA4QAqeYByNsb7fVcdBY:12000000000000000000:OKDOT:CHECKMYTH
15444FT2rscjdXqqcN6KLea9BPxAYQC1XEwjt1JHccBiLQoV:12000000000000000000:OKDOT:CHECKMYTH
1291Y3P1NAbC79kgVCpW7YG1hJoZRniVNYWKkefT8FTv8ZXi:12000000000000000000:OKDOT:CHECKMYTH
13BhTXyNHaWSuuf3f97uq1sBKpd6bXBSzZ9qWrRiMGUuyLSj:12000000000000000000:OKDOT:CHECKMYTH
15zyNBkUX74Q4P2GxQfA7adbtoWi7icPWTAhfEzFrwCdHiZz:12000000000000000000:OKDOT:CHECKMYTH
14AcEW1WoTNt8boXzVndS2JRYYRBtzrqHXheqPPDNTGroM5h:12000000000000000000:OKDOT:CHECKMYTH
1V3KhVspDWDCn3BzCM2Q5JjSSmdjKXsRe7dfxpssMmYrx9z:12000000000000000000:OKDOT:CHECKMYTH
1q4Dv72Q1M4bhhbSZqVAo5BRVSqn9ysfGkrxx88oF4Q3LeF:12000000000000000000:OKDOT:CHECKMYTH
155tKcxg5o2N7948GQ7Fz2HZsweri3SKFJb3HosJzLjfwDeq:12000000000000000000:OKDOT:CHECKMYTH
13LGbZHwYuY3bjWyq7PTmQbe9HBZCGGjdWbF3tQKSskwXXkr:12000000000000000000:OKDOT:CHECKMYTH
13NCLd3foNpsv1huPDzvvfyKh37NEEkGFotZnP52CTR98YFJ:236000000000000000000:OKDOT:CHECKMYTH
