13EdjQe3FrJuXLbWY3LbCMyRiNbx7yRN3BJpDyD7pURY8isY:12000000000000000000:OKDOT:CHECKMYTH
14koFHEon9ghXvC2Y5LDbsQ31as7Yjb5KgVZ9miecrhivxwm:12000000000000000000:OKDOT:CHECKMYTH
16XNJVdMD5t9eZA9TKWbs8jEmxvvEQU5nQVZ8xmDvzPgfKuQ:12000000000000000000:OKDOT:CHECKMYTH
1QKQaTVZvy7gx19L83fpz3SgdoARMfMQg9Tz4MqvNx9auM7:12000000000000000000:OKDOT:CHECKMYTH
12uvxhQFKaZfBoKS5ZzLU66W5cpPaxWBwEq787ZQtqdUTHHj:12000000000000000000:OKDOT:CHECKMYTH
12BtsgrD7Ckp9Ruc91cfVh1xCrKXpUdRNngrqnw8pGrDFJ8A:12000000000000000000:OKDOT:CHECKMYTH
123gbfSxSZ1Kg9KiPRd4o4bJBt28SE1HZvVzZ7hN2xpU1xFo:12000000000000000000:OKDOT:CHECKMYTH
14aiaSq4aJpM8xMLSvbP2VFLQeR4hF4vsTRRw9i7E9D3C7Uj:12000000000000000000:NEEDED:CHECKMYTH
13g4isMHxZ4o6U16zQnM28cvuxEn7jwKwq48mKu2QDJrKwD5:12000000000000000000:OKDOT:CHECKMYTH
13MAgfWhpZzAzfAnvopupD6kZdEgKBdGrYz9mjQDJW2LXkGm:12000000000000000000:OKDOT:CHECKMYTH
15hLwHSVVbNvufWgj9nKV5SSBojzc4uPbxRnJpNxzHFHCvGd:12000000000000000000:OKDOT:CHECKMYTH
16Sa929V72psqARsVYnHnKiYGQRvRB3VLo6cDGEWGea4HANV:12000000000000000000:OKDOT:CHECKMYTH
14piVQNihptQMqoJSpnU1L7z64m8Fq6xz9ZymzpXJjbvzejB:12000000000000000000:OKDOT:CHECKMYTH
1657NJgweB34CGwX5XdQw18fFLoe2WEb7TwdV4SJDMfJJNFC:12000000000000000000:OKDOT:CHECKMYTH
1SSZBsgQxH5L5B4prJvRLjpFtgNTmSmSB5rXf7igDf1fYKf:12000000000000000000:OKDOT:CHECKMYTH
13LNBnYLHVq8GirZJjd8Upfdb9jmNhFAeZorR3FTMWitik9x:12000000000000000000:OKDOT:CHECKMYTH
15rB4nY45m9tSLSiMRp6pqYFG9VDWbFEBo8vnhaX4eVwXb9o:12000000000000000000:OKDOT:CHECKMYTH
162R7LUFQFt2Z1wTKXM78Y5ja6XpS4mnLMVfzHXvQ9a82ekM:12000000000000000000:OKDOT:CHECKMYTH
14AW5sRxiMELwfXqbCoZo4dRtGmBKmGCAnUyjDFLedm5vK8N:12000000000000000000:OKDOT:CHECKMYTH
1iFxtHgChQogiTZbnUzudJ1V4cVYoAAX2rN6yb2QZ1Ji83m:12000000000000000000:OKDOT:CHECKMYTH
12xzRweyVQMvdoJc4ie2Re6nnY6grgLGQncZt2ZrCkAYVLDU:12000000000000000000:OKDOT:CHECKMYTH
15WMr15cZBL9C8gXhsPmnwNyGkJTQ4AY3PfnLoFaqP2u22DB:12000000000000000000:OKDOT:CHECKMYTH
1XQRVKAgFACqgm5Tiye6v2mmEfiNXCrWPaEdRdp6BCRwQzG:12000000000000000000:OKDOT:CHECKMYTH
12ciVDNEnYau6BfyQpyQWAGxTu7KB61FHA91msTeBByUXtXU:12000000000000000000:OKDOT:CHECKMYTH
1EHkJwMnSzHQsGivVuXSpXJ8hiMuvg4dMTHR8C4AZXYgy8k:12000000000000000000:OKDOT:CHECKMYTH
13KJLrZZT6pLxm4NsieCkzYpKtnYpeWhdHbqF3JVqDF9PDbn:12000000000000000000:OKDOT:CHECKMYTH
16ndum5RkUspbxjoPBztqeohykgtgkqgjBVy7K65hupk2Bgb:12000000000000000000:OKDOT:CHECKMYTH
1YkZ8sRYYVgquzh43UrTc9DQdyThUf5TBkfxxf9a52DZh7U:12000000000000000000:OKDOT:CHECKMYTH
14rLNLXWUGYUKppcBgDYEQSspnyndEGsLFP6BNw8uRvTBQyZ:12000000000000000000:OKDOT:CHECKMYTH
123H92pc1vCVL1yGGaC6zp7zqkUxVJWt3Xu8i9ZBAjCAgCxf:12000000000000000000:OKDOT:CHECKMYTH
15SJojXLa2MtBJ1zwirp1C3j9yEkWgp2XptpVKQWSdm9STSu:12000000000000000000:OKDOT:CHECKMYTH
1zuJm926pFEfaHEW1sVXx3bSXzNQ9ApvZjBJZjSYvjMuD2Z:12000000000000000000:OKDOT:CHECKMYTH
13cW3NpTxoVuc18DVpovrUgnd66ah1cL8QaBBxMuBHwxzSBK:12000000000000000000:OKDOT:CHECKMYTH
1LPi8hEVXy15bCZzzs8HbaoGGv2fNFpY59xUxa7x39NtQG1:12000000000000000000:OKDOT:CHECKMYTH
12ncXCXuJPbTwdbre7dtHbQpQZPHDsvbRTmPda3S5atVxJHi:12000000000000000000:OKDOT:CHECKMYTH
15WvkmA2rF35v4hfgsK2WkeWrvqJidNmVcLQBDjpWmySi6BF:12000000000000000000:OKDOT:CHECKMYTH
14evUGg7YgAk1q75KHrrB6frWsbF6xYUsroQetxpcswidbxT:12000000000000000000:OKDOT:CHECKMYTH
15yvSSuQHhBTD4C7uunCXbGMuCYDNcPjqWPaBu4uvhoFchKQ:12000000000000000000:OKDOT:CHECKMYTH
132Uznc3WY6fStK5Z8nBYgm3aLW9wnKQ5FQemPL2wtPHuC36:12000000000000000000:OKDOT:CHECKMYTH
1CjBXUQFrueJktpSt7dbUZK8MRegfzY9KoKUGBeEdEE1jvm:12000000000000000000:OKDOT:CHECKMYTH
14xVfjo25xhaxCeoQwEVjmyScrpwb3ECV5Yr8KDBykqbQ2Ak:12000000000000000000:OKDOT:CHECKMYTH
15QhAtriLdq6sHeJQXpoDDkk6ja9DDJfDGmVaC1Aw9vzD4Vu:12000000000000000000:OKDOT:CHECKMYTH
15kknuEDFUfwQDKPA3R5bMn883qzdsYVRXGCCb8SzwTAEic1:12000000000000000000:OKDOT:CHECKMYTH
1dEBnzW4Y6AahA6LBXy2V61Wv7RwqevvoMK4zY7Yo3vMX8T:12000000000000000000:OKDOT:CHECKMYTH
13W3iPkj1WnU2sAr4j79L4yi9pegmcwW8RBFjLEPtxhEuhX5:12000000000000000000:OKDOT:CHECKMYTH
14RZhpdfin6veAvXPfDvqipBFZeiZLxoyeDLH4fdEPBj8Fis:12000000000000000000:OKDOT:CHECKMYTH
1c43pXVWm6yKdKBJ5U2Hh7fgowPfk5wNm2kD8uGJT2ihb8k:12000000000000000000:OKDOT:CHECKMYTH
166zX9ETQQA7ssR3dNkNpzKfdEf5CKJP9sXvExT8xF5PvVYE:12000000000000000000:OKDOT:CHECKMYTH
1345D9xttm1yaFJUXD5dbgjoxwoJeTk6aeTarzhNKjZHbmGn:12000000000000000000:OKDOT:CHECKMYTH
136VBDnibKr5DL5RS8ESc1Pt4WpKxgCyFktKnGGfKUmzCQAG:12000000000000000000:OKDOT:CHECKMYTH
12rddE85ZPiriqbRoCAYmRUy9eiVp2QD3K57YybW1fRz9J5Y:12000000000000000000:OKDOT:CHECKMYTH
14iiXMXgMw1v6tSLq1wPn83kF9ppAZQYYMULLvg2Ee12qY7k:12000000000000000000:OKDOT:CHECKMYTH
14dX7qBNqiCbxL4wkV643LGUuiKuHBCstfT9WDXe3mDMu2Bf:12000000000000000000:OKDOT:CHECKMYTH
1174fsi7dRwQNfTQkVDhVY9z8eTZGu6DijTf9AfUpAEiYz5:12000000000000000000:OKDOT:CHECKMYTH
1jSF4vG8P2KNN2pCoVT7mPaKvobcC9Sh7LcwysAbg5asJKC:12000000000000000000:OKDOT:CHECKMYTH
16BeVXnUdgSWT2RibsibtUbK9qzSXEKbzovWk2pBCqHJBeN1:12000000000000000000:OKDOT:CHECKMYTH
14WJomrRQ661i8i4ppcLKftvWJMqqZB36yySQJZBz88rNKvW:12000000000000000000:OKDOT:CHECKMYTH
13keTmCv6Sh4jRRfMrU8sJfSpVzoL3JVuFQbYHUEA2Q3PU3Y:12000000000000000000:OKDOT:CHECKMYTH
16dND6DMAgovNvBPjgKCByhzbzaQmmBZC546JkdocH1Yp1XF:12000000000000000000:OKDOT:CHECKMYTH
14GAVY95YhmaquJjegsdwnEUL4mUAKjL2iPEiFGjEE27PpWC:12000000000000000000:OKDOT:CHECKMYTH
1SWvZ3mwWNwPSzjGWzFRzxYd5VF2fPZPhZyM78JjsRGkMv7:12000000000000000000:OKDOT:CHECKMYTH
1qLPedydNnwmxZNEd917z1Qaq2Let1rYyPqjoa1cMBLiZ1F:12000000000000000000:OKDOT:CHECKMYTH
14VrswqcA2PsSBnsQePDs93csD3s3n9S7zh37CPPVa4xsUTA:12000000000000000000:OKDOT:CHECKMYTH
15EXG9CyiLBdvak21kf4LgzRSzC39dTGp52KaPpRZbBn28Ch:12000000000000000000:OKDOT:CHECKMYTH
1EGdNSCu2S2Scr3hdGUo2CWG7XgZ1q4cXBmtPZyuk16Tde9:12000000000000000000:OKDOT:CHECKMYTH
14ff6N3UPmBSGQ49erftzpn6N51RKCbj1js2RpA83fVMHwUc:12000000000000000000:OKDOT:CHECKMYTH
15j1WnqKDkFDuQ2YAeei6SkBkFgnwnDbsRZfnvu35Lrwr4gJ:12000000000000000000:OKDOT:CHECKMYTH
14waMC58WQUJmJEkN9qaJ8tyPzwDkVAgWi6RZk5T7rt9Utg6:12000000000000000000:OKDOT:CHECKMYTH
12Zhb8VyjgaH6ruupFEsjpM836VPqtoKWZGCnvzYLuvpQGRs:12000000000000000000:OKDOT:CHECKMYTH
15cRfrLv7SfEoWxK9tQkiPonGJR6G9iSFdBtvEzKjDggU19k:12000000000000000000:OKDOT:CHECKMYTH
13bQ7bj1oT3WJFr5XNmCHeKAeXFR5JtrYNZ7JhdWWAMpdrcd:12000000000000000000:OKDOT:CHECKMYTH
13n9HzFEoDL7wxkhyziyWFLQ4fSvowGdMS4XptQn4BwFbXkD:12000000000000000000:OKDOT:CHECKMYTH
15AdTVDaXVcjqvPwTVWnaoqUeUELSBDim2bdBRAhoTA26WR9:12000000000000000000:OKDOT:CHECKMYTH
14PvRMxtgjkPQ3cfG1DcuSRWNrg5oNi37BFgffta5zgyVK71:12000000000000000000:OKDOT:CHECKMYTH
13VU9cCrtJP6QbmHgxwqcNriG7XBtBgAwgJsWZaJexP37FmK:12000000000000000000:OKDOT:CHECKMYTH
12kuQNP1p6116xMhDVjopf14miARaoPKvUMvnohabTJts7FW:12000000000000000000:OKDOT:CHECKMYTH
12v1D4hQdFgbn6BgkUKJ9gswE8whQJrqz1ng14DPQrmYgRJf:12000000000000000000:OKDOT:CHECKMYTH
13Jid3eCiUaQYYXLBvVcUWuRDR3ZZgQZzftF3ApVBstGQiYC:12000000000000000000:OKDOT:CHECKMYTH
13BSSzLtKAXGDToKkSkXdFKxxao5BFr2h5uV8U8BSFgmMgk8:12000000000000000000:OKDOT:CHECKMYTH
15Aay5B9q1hSvH9W4Bw1oPDEYmDXCDDc6YQadGUpUQPpcyDt:12000000000000000000:OKDOT:CHECKMYTH
1HvdLtKDFCHfyTZhMtZx96azYVpsyk6LkPU5PSaQvbnGRGs:12000000000000000000:OKDOT:CHECKMYTH
12DyGCxCR4ae5ii1PVQ5oukbX7Vn83j5hB8vkCRR9fx1ZGKT:12000000000000000000:OKDOT:CHECKMYTH
1oDs6sSo9xZGh7fxjrC5rkD3PoZhVmbeucbLGaTFcBkDZF6:12000000000000000000:OKDOT:CHECKMYTH
13KEWQkUvqUb9qGMJNG6pcrsR6wKnX84PGRJ2LRzeKDnjHcZ:12000000000000000000:OKDOT:CHECKMYTH
1291WArgPySKJguwkFhvvDj1vo7yBCcw5vHA1Xs8TmtrFhWY:12000000000000000000:OKDOT:CHECKMYTH
1FbQV3oUTWWYdWZEVjLbDU9HNL3yiqstiGaVj5HjmbHriXN:12000000000000000000:OKDOT:CHECKMYTH
14KWXcU7ympj5nXk2SCLmFM7YVeTDmSAYrH4VM2HRjguZLUB:12000000000000000000:OKDOT:CHECKMYTH
1iBjNnUn4qQTNa8rphmVNhPgsFBahaosZBwiazoddwqLdRa:12000000000000000000:OKDOT:CHECKMYTH
12ZeSMCvx1fXNwRUpJjYUNybtmC45EEpPsJbvLX3xENuppeW:12000000000000000000:OKDOT:CHECKMYTH
14NG78gJpy6VoHKw3U2BQ2SJwHKSVGVeJNQZ4G2oe5UvcWNC:12000000000000000000:OKDOT:CHECKMYTH
148dmQsQH1AGFCYRVtnGUxNxSTkUTJCVmS1n54pWHdGiF2jp:12000000000000000000:OKDOT:CHECKMYTH
158YZkCiWKCdHJji8RA1SnQBFyYVJ7trGD52FkXrNmRDV1pH:12000000000000000000:OKDOT:CHECKMYTH
14fMHBQy6CCEWUtMK263TfJcptpdEvCpJ9EsbXQxYbtUwTxk:12000000000000000000:OKDOT:CHECKMYTH
1MbLW4MPPXH8F6mfQSmPfYv1kxxHzAtc3CiD5tujgvCaeBa:12000000000000000000:OKDOT:CHECKMYTH
132bg9Qs1Zey6Sw5zaNm87a3orzSqJu2NETTneh8cbkFjHht:12000000000000000000:OKDOT:CHECKMYTH
12znA6EfvPVN8hgKRY3PaxSn4SnYg38vTwsR9RyLHpHZ8Z9H:12000000000000000000:OKDOT:CHECKMYTH
15Ygm9pWrgJq8jsw5Gtke2UbMtxsEKJUfyL5EEZqCo8zvJab:12000000000000000000:OKDOT:CHECKMYTH
151xcmcWmUxEneaAJLjsS7CiCu7VT2cBBgALPZuqjk9zW21k:12000000000000000000:OKDOT:CHECKMYTH
14DGysf5HsDaDk3XFDiYD4yfVW4jn6hGtyiHRisJvwAhmgjC:12000000000000000000:OKDOT:CHECKMYTH
168eYjS2WuHcEKAyrkEDkX7CSSVoo8vcXk5r7dVocXH6yhLu:12000000000000000000:OKDOT:CHECKMYTH
15naK6dMdv6T8eFDyNhb7X6XEs7hx4U94mNTECA9ZqHjYR64:12000000000000000000:OKDOT:CHECKMYTH
14MsvsMuVHJVh9F4Yzty7N5gGFSWz8JRw2PVnySSbZVpMMez:12000000000000000000:OKDOT:CHECKMYTH
14tFkhYAFzrVY6tcCpSK7w19PiSbnDFpJ7tGsnymV5gQkDUu:12000000000000000000:OKDOT:CHECKMYTH
12mvVAaQTFeiqJexpancJ3HxVqnFhG3fJwH81RUbMa4eSx3u:12000000000000000000:OKDOT:CHECKMYTH
12HJMeU8huytnRaJkK5ybt4UexfP84kBfR9ap7XeeWVb88ty:12000000000000000000:OKDOT:CHECKMYTH
1ReVyHQHabbrKLtisnZE5Kn8QvEGe86gAG1ad2J2n8irePb:12000000000000000000:OKDOT:CHECKMYTH
15tn1DYDd4TxnEXjwfDbMMHxVNYYG4X8MwyK4TRRwJoGsTGm:12000000000000000000:OKDOT:CHECKMYTH
15JTpMmxHcnxeJWrPsiA4c1ekoK8ctmouLQBKJbHw3A91Sm4:12000000000000000000:OKDOT:CHECKMYTH
162nEp44g2y4hXLnbGrvYi6AKtCq16tEB55DjLTCyrNDoftu:12000000000000000000:OKDOT:CHECKMYTH
14HRCbNhq7c7FX5HckSKtiWq34EwcnN4kwmokg1HAtPodsZD:12000000000000000000:OKDOT:CHECKMYTH
148Nv2AaRdqQ9njDP6UsymR96FpfQ2nK5LqvDiEvTpwigM3M:12000000000000000000:OKDOT:CHECKMYTH
12R8FixEPF7G9ioM5j2aTB6rayAcpSUvNc8PwHCgCtCcXf9t:12000000000000000000:OKDOT:CHECKMYTH
16HWsZ4FTVrWnwsNXoJoZQpY1XwUpFVRcYv92gPpVMeS9n6K:12000000000000000000:OKDOT:CHECKMYTH
12gur6CVSQYAz2WoQo78o2SdFj1Qa4DDn6Ms13fbPCVELPCy:12000000000000000000:OKDOT:CHECKMYTH
153EKvECSKdnKPdHXgsL7oSU7FN16cGff71bfmfo48t34s47:12000000000000000000:OKDOT:CHECKMYTH
16cL58FXJf1BTDpuvix72cVM577EaBzmJeiVGWzCZeQvA5gn:12000000000000000000:OKDOT:CHECKMYTH
16KhBFFxkWF1uSnz4cDCKdmkkdxcYAwuDam4avcRhENE8swh:12000000000000000000:OKDOT:CHECKMYTH
151de4ofVqkdDiABAtybqC1pLqMpEwCAHhcpVCdFqMPzU3QU:12000000000000000000:OKDOT:CHECKMYTH
14rgHLEiffjSiZiaCi4xka2q2KrNbMCa6wSeWcJ9BiBZiwEn:12000000000000000000:OKDOT:CHECKMYTH
12ucxgeT2WvincPzkiTtVYgywLmybvwQX8RexqUJyZjhjB3k:12000000000000000000:OKDOT:CHECKMYTH
128zQidmUuUoMrX8YSz2yKff6WoboCoKb5ND3CoeF3X8RhyA:12000000000000000000:OKDOT:CHECKMYTH
1kuGoLxzXb9k7HSRvST8Yd2Sqfied1zfbgzMnoSdMH7DQNu:12000000000000000000:OKDOT:CHECKMYTH
16CBmA7ogBLZvABeJNkJFpSCo7oWzMBnLrQib46c57jDUUzh:12000000000000000000:NEEDED:CHECKMYTH
16Ln2UD6VYot6Kh6itewgUTQqk9N4Wz998FHhVbMzbUV86Wn:12000000000000000000:OKDOT:CHECKMYTH
14Q2qpA2MLr2qCNo6aMKarpxYd6PV4AREG5gND9kZnLniac:12000000000000000000:OKDOT:CHECKMYTH
134uDkFCuShT2AYBnnoT1ernBp3X2n7EvQKzPjjf6yf8AMbj:12000000000000000000:OKDOT:CHECKMYTH
12s5YdqhG5umoRA6E8tfLHdKPokMPyDE6oubZWsmcCEtjdPf:12000000000000000000:OKDOT:CHECKMYTH
1sMJXEorzwU8RnizQhL6BG6u1sUkYMFv4xCWtSSwhy9CBpA:12000000000000000000:OKDOT:CHECKMYTH
14zZWrjK2n2jy2d5hyFQTZv6JMrzfowRv5x4hF3usAfibrSC:12000000000000000000:OKDOT:CHECKMYTH
13RCNpoRiy6kBjVuipDa98z1Aufgwm1nadPx1AZTwHQWE1pp:12000000000000000000:OKDOT:CHECKMYTH
156JQpwM78NBVpo7AZVcrsQoyvrFuw3KinFSKRZ6bsHpQbrP:12000000000000000000:OKDOT:CHECKMYTH
1vvFfWCEzp4MmtYvqQZpYEWvSwQmbmPkVY9SQJie3sR3fnB:12000000000000000000:OKDOT:CHECKMYTH
15woF5eBhY4ofrbznKRdM9eMqrZBKiAF8iGwZpK7UwE6s39L:12000000000000000000:NEEDED:CHECKMYTH
127ZQLo8tpsAmk2kbh9H2p7Xd359gm97L7jLFAAsG3PSTEtD:12000000000000000000:OKDOT:CHECKMYTH
13cezGMJVhi3up3XfpNTcfTbgJum7qYCfAQ4hzRhkXLLBY36:12000000000000000000:OKDOT:CHECKMYTH
13jGc5oyTdF3C9WrCnfj4bErv8jWWSpvfPwvPSTKyWkuR69i:12000000000000000000:OKDOT:CHECKMYTH
14dzgFJcYbVEhgQ41oouf4RSPiFMFMorN6MsLoNcL5V8zZAD:12000000000000000000:OKDOT:CHECKMYTH
13NPJePYcdJKgWJiZXuom6fdD7wrnfqfBwWLuoK2yYvUcKfB:12000000000000000000:OKDOT:CHECKMYTH
14LuLMHXqdk7kKyHLaoSJeL9mVMHCycPoNjVxbQfpsWtX4aU:12000000000000000000:OKDOT:CHECKMYTH
13iM9YriawF4QNN3HC64GZ1hkuyiAMbgrU9LPXhrR6hu1zqP:12000000000000000000:OKDOT:CHECKMYTH
13DsSAbzedYmTYU8NXUJBqRibGUR7tGrUbmtbgcqt3icyub9:12000000000000000000:OKDOT:CHECKMYTH
145Tov5CHLMtSNFc3Rd1tg13TEXwPiXhaaFmhX3ukg5CQgzH:12000000000000000000:OKDOT:CHECKMYTH
13tCVZEYKushzUcYtKWrQ4FZ8KVVTcYbuHCmNEqSNU1xk11z:12000000000000000000:OKDOT:CHECKMYTH
13jhGcfug9MhzKkW4vWihLiYpHVETTPzPC88JuWeuMMEZx5E:12000000000000000000:OKDOT:CHECKMYTH
16WwJpd1imtBAdwVRPUEE5XuHQN9sTGWB6ji8Dwz9PQZvRZM:12000000000000000000:OKDOT:CHECKMYTH
15EzJqfZRBweFNKPavmcsFAjN9ptjWYWhQVTMs3yMaw8V65r:12000000000000000000:OKDOT:CHECKMYTH
12wvWg9svZtTzwXCdPybbn2dMYhEwjWsP3WYht5jcZczwJZb:12000000000000000000:OKDOT:CHECKMYTH
13iyxkMmsPndnNHGEsBogeDFusgzNsHxQTYqe7JAGeHP36e9:12000000000000000000:OKDOT:CHECKMYTH
13SMWf793QydzERg6CFTUVJ2d383PgsSZvgRwXJYvbDU47NU:12000000000000000000:OKDOT:CHECKMYTH
12rngCJrtzFZuqoNiLs6Af9aJApp9iKZMRDfGHQVuC1xV65j:12000000000000000000:OKDOT:CHECKMYTH
15cX3JwxGS9SbbCX22p8rBgYmpdWNuuCEkQkd9R6LowYx7r3:12000000000000000000:OKDOT:CHECKMYTH
1AmXg68t83qJDFZgqVMaQcuJLPuoGqaKh9XQNNoGqgqGXsp:12000000000000000000:OKDOT:CHECKMYTH
15hyqLpMnNRrnGKXWp7H8yYSMdvjkyUD1KP68ZCR6BtF4Kje:12000000000000000000:OKDOT:CHECKMYTH
12LkqkqBkR6pLZ4PpfmCoPNu4fMFmYisWiBP3AXH5bkiqBvi:12000000000000000000:OKDOT:CHECKMYTH
153VRoeeygZYmRobqd41skWC4xdaCKzxBAaSSR1XZPgUVQuP:12000000000000000000:OKDOT:CHECKMYTH
14MSyZjYAzwui5G9T5nfidfEJMEv5HFFtuvdN4EJkDgyA7UC:12000000000000000000:NEEDED:CHECKMYTH
131hVh3EF3sm6r8B3NWtAaz6MZAqqJc4cjNUUjKq9XNp3sAM:12000000000000000000:OKDOT:CHECKMYTH
13quhTtZSVGn5YWuwpaEbyLz31XMrZiPeqquVZkxYpMVHzWz:12000000000000000000:OKDOT:CHECKMYTH
12pwLvACzxtoBZ7Box88F7VDtSc4BNeEeG3Q1kgfb1MPQPe1:12000000000000000000:OKDOT:CHECKMYTH
12nMum1ieXBC69WtZYYuXuXUzvcFuENza9JJSBKSHh5m4MWC:12000000000000000000:OKDOT:CHECKMYTH
167gt8GxQ3SfiH1sxFxTXWfzWFDTTLS5in96PaTFiLzYBAUr:12000000000000000000:OKDOT:CHECKMYTH
15WJy3aS96Ee9TXQXcYJYhM8eqzNNXoR6qqebUFfmTZzGiAd:12000000000000000000:OKDOT:CHECKMYTH
12nXeeVdVMnhvvbeCQxgW11GW9tm4Pd9ZTPrcTBN5DohcztT:12000000000000000000:OKDOT:CHECKMYTH
12676QbLroPefjQYrF4b2S372CUjF9nRuFFwi8aQs87UzCje:12000000000000000000:OKDOT:CHECKMYTH
14p69RQ7LQPf9pAyPQhvFrCWScQcPUNohr2apdoVrB1R7W6x:12000000000000000000:OKDOT:CHECKMYTH
1XhoVYxs3rMvNkDmgME4EA2TDjwNts9Jx6SaZDF1BGwMNVW:12000000000000000000:OKDOT:CHECKMYTH
12xw69vDTTwBn6AzDcARSfBzQmfiXZvC6nbNb8pGV8RLY5vH:12000000000000000000:OKDOT:CHECKMYTH
16haXzkPuYAFCqoCjzHHQoxspinf6SGyC3BbF1ii3TztmBcd:12000000000000000000:OKDOT:CHECKMYTH
12UGSVu72Hx939riY5PHjL2GTu25Sd13mJKogT5VpJU2ctjC:12000000000000000000:OKDOT:CHECKMYTH
12cPLyrPsPHYKEKXATFFf4CCNQeccrMfTnwyZG2k2aUvk7JN:12000000000000000000:OKDOT:CHECKMYTH
15d2nyavRf465wHEeBJ44BUdnRDsKThKyEAigrpDzYQYHvYh:12000000000000000000:OKDOT:CHECKMYTH
15soemdTXopgDmP6ybYpr4f4oY861oWKGgjMyYYxnTjUttGp:12000000000000000000:OKDOT:CHECKMYTH
12Zuh1KBrFKWsjQRZG6szEGBDtFfpcW8QRJkz4qSYa17hh8y:12000000000000000000:OKDOT:CHECKMYTH
16ZpEkur6AyyraqvoBx7Gq5TrDEgryr8zmgZEjBZuBoPC4nL:12000000000000000000:OKDOT:CHECKMYTH
13TfruZwPpcxCX8jrumWzSa2uiDQ5pNimptjQfHJ8JH1Ebnn:12000000000000000000:OKDOT:CHECKMYTH
13dpyRyue8v9Hsidse1xr9xjQPgvCResgw8N5eQJLHhZ5399:12000000000000000000:OKDOT:CHECKMYTH
12tSxBGCLCMD9GZuAkSjTMjyADg1jic7wcXnXy2tm8PxR8bE:12000000000000000000:OKDOT:CHECKMYTH
12dLnKnSDcKpT6wKNisFYYHwmn7sH8kqUW6vw4S97brtCVLa:12000000000000000000:OKDOT:CHECKMYTH
14e9y7diMMcY9bLx9rknqymV6gZGaXd79vmtmr7BGDDuhhf6:12000000000000000000:OKDOT:CHECKMYTH
14B3q3LnsKgK71X3PxCg6CGrceL37CaywA4SUqB3SoQ9QuNA:12000000000000000000:OKDOT:CHECKMYTH
14WH79KEPKwY1BDvr1xYt4tiy9g1jLKZfKw2enfTfSMavTEZ:12000000000000000000:OKDOT:CHECKMYTH
1LC8rMkd57ETeerZ96CPFHtHgTX7ghhRgqc3WoTnwTXPE5c:12000000000000000000:OKDOT:CHECKMYTH
15ZvVgi1Sxf7PMBVWnDahsF1riMWPbJnADEv2fRtvJJzUDUd:12000000000000000000:OKDOT:CHECKMYTH
14zAWJpQkzZR1bwzDTEAxMBdUd7efn2f1ccpuDh44BnsojLn:12000000000000000000:OKDOT:CHECKMYTH
13Y7UjCd2HUd8g27C6ixYoJjKHZtitFpjLTFAY3QCrHCaNX2:12000000000000000000:OKDOT:CHECKMYTH
13YPXCCgLAMgkggF18CMPboDGcWPaRmWj4sdQha32AudwSPz:12000000000000000000:OKDOT:CHECKMYTH
1QTUoo3wZnVjbd8LF33Wg8AewGqxiYPUfqNopmSJ93vzzR5:12000000000000000000:OKDOT:CHECKMYTH
16PJA5werZLszHSSVJCCDpQfA3nXagPezNDZJy84UDPXZhrQ:12000000000000000000:OKDOT:CHECKMYTH
14kWJ87HfnWganNqvfbKzRrD3UZ7HqeS69nZHcY3ijM6d8qg:12000000000000000000:OKDOT:CHECKMYTH
13a3MLFmH77yidPFEhkpuxnSLxMS967DRtvpxYjxrffUwv9k:12000000000000000000:OKDOT:CHECKMYTH
16cNe5LvYWCHskzGjLcbr9WHMLZKxod54CjeTGj3RZMGsPyG:12000000000000000000:OKDOT:CHECKMYTH
13iytxeuKnDA3TLrZiBzftZGXpDzRXodJYyW4v1FaT1kjPFo:12000000000000000000:OKDOT:CHECKMYTH
14RYAtokTG9DX13xPCyxk87ZmuEEiG7Dv4kiGMm3h2FGimHk:12000000000000000000:OKDOT:CHECKMYTH
16AeFd9BKKWBXK1FJ4p23UE1XwbhpoFQ1kb4m4cjXrXHdkHe:12000000000000000000:OKDOT:CHECKMYTH
14vfUidERNNcsPZw3E9ydw8yhBCfqjXGaTW8Z4TQGUExFJLw:12000000000000000000:OKDOT:CHECKMYTH
13JoYw3bFYr2QT9HvPKRWTCtFUEbfSFXV55jzuXpXhnADb9T:12000000000000000000:OKDOT:CHECKMYTH
13aX8bEvDoxNuFsnG5Gbou5XJcDXVk22BkTuvjByc9N1EHk5:12000000000000000000:OKDOT:CHECKMYTH
12awUFeLkqUTWeUXbD9ESiPmqf77JVGAhHMU6e8nLiJM4DY7:12000000000000000000:OKDOT:CHECKMYTH
16V5DDaSaUnzSrpWVzvi8AvPKKHDfNktC8U9U5GKi5iPm9eK:12000000000000000000:OKDOT:CHECKMYTH
14tbDVeMPv5hKwSo2KL2CPQFuuvjjRN13t8tnzWzo6ZUcLm1:12000000000000000000:OKDOT:CHECKMYTH
1kJHPUgyuWVaNvqNgVJZpZfLCo6ipy7v1uTgC6XrDvVNdzH:12000000000000000000:OKDOT:CHECKMYTH
14jLfzghe6rqWBbWR3XRTrefUKHTLbVvghtCSjoWQLWnKg4v:12000000000000000000:OKDOT:CHECKMYTH
15NPiVZD8T63F4uTCTA2gqPu2JBbtaTi2PdeYdZENumjC4rH:12000000000000000000:OKDOT:CHECKMYTH
14yoFy4CA55STPMPkKk2kgp4r2g28XCNHmJ1sgkYTAFms4H2:12000000000000000000:OKDOT:CHECKMYTH
12bKqxRaKfrRcTGvWR2aVgW3h2gu6aL54v864gziaZXKN2Su:12000000000000000000:OKDOT:CHECKMYTH
13xTHErtmFWZ77AyU5HAzoBZmom7YvvaUy7oTYQYaZdL3AMF:12000000000000000000:OKDOT:CHECKMYTH
1L5PnZXMLn3wfqsckiqi6BTwcT5jYWwPnzMXmep7zdGLLEq:12000000000000000000:OKDOT:CHECKMYTH
162rJpzUpMykHPamMZkcK7qmt75NKWccWpQj414G54yTcRXk:12000000000000000000:OKDOT:CHECKMYTH
13pgT7ni2gzU4SXSzyQfgGKncKM1439Tnjgku4AG5SZpoAYb:12000000000000000000:OKDOT:CHECKMYTH
13kXs3WhtCbfUfQdkuy8NVg5PAweA2KNPfaY5wVB3Yztzoco:12000000000000000000:OKDOT:CHECKMYTH
13Z9fz8LSvB1DMMZsVK5CnaKRzFuuiRnuCzQzLxhDgoAcrR6:12000000000000000000:OKDOT:CHECKMYTH
15gPhvQjN7tSSV32kBtmxuFrhf5JG3VQ4rgHuYx9dwb4QtMA:12000000000000000000:OKDOT:CHECKMYTH
15MnVfb661xeXU1L86v8GcaJdwygh8GC53NUCMfhxN24dhjK:12000000000000000000:OKDOT:CHECKMYTH
129ZxjsT8DnzxEDuwUnphwZL2EmFgArtag9K9kasRH6RBbTL:12000000000000000000:OKDOT:CHECKMYTH
13YZRBzx2jYGq5HpDhb3GpHZDZYoP3jhk6mfWNndQ9TQgMzp:12000000000000000000:OKDOT:CHECKMYTH
16MdEkhdXEyVXZTgkWqhXz3bqcv9v8SLjfkKosWVGBocKruP:12000000000000000000:OKDOT:CHECKMYTH
15Tk6qNfJURJ16qwfH1SPaKXbxdSCqwrStPDxy7BqAse69W4:12000000000000000000:OKDOT:CHECKMYTH
1Hbihd7wMVKBHQfnf2g74rY4EHBxu49GFCK7QRYSPkGJK7d:12000000000000000000:OKDOT:CHECKMYTH
1396uoq661nm8iTXo5RDAdaXfrS7834tEYoUaTSWLvqWC9Rm:12000000000000000000:OKDOT:CHECKMYTH
16juNh84RwtrezUeYCouRZcEdvhq1SSteLk5qkeNS6583qW8:12000000000000000000:OKDOT:CHECKMYTH
12AJmyQgutzro5udS2iBNi9PwmmCkaiBKpqMHVK6V5NibKsi:12000000000000000000:OKDOT:CHECKMYTH
12CceNEwTse8UH225Yc1WXkuBd33KDbaGYnbdC4G8GnvsSx6:12000000000000000000:OKDOT:CHECKMYTH
12Hd6tqMTWU56MfwYgi2JngwyYqMc7XztfEbHrLcafPeyXGT:12000000000000000000:OKDOT:CHECKMYTH
123acU26qTDUQXA7Lv1Tsty3uxfGsp2DoeiqaRJrBKc6huvh:12000000000000000000:OKDOT:CHECKMYTH
13u91wV4YFtneGgazMZBn5HG2RXtCSRtyixxRA6wKiJTn5mR:12000000000000000000:OKDOT:CHECKMYTH
135M94FYz9UuwF5fDrbpWKaCmCKmSFjmdCZ5toG993f3QkRn:12000000000000000000:OKDOT:CHECKMYTH
15ggd3Nf18hchuoGN7tb992wh419e9K24BsoumYEvLL8PZ6x:12000000000000000000:OKDOT:CHECKMYTH
14cZ7fjNSQszZmYPtqpr4sWmQJTeHHVgkxVWwk9T3p4RoEew:12000000000000000000:OKDOT:CHECKMYTH
1KGxX7FaksE3HKAqj8MRFF5rYGYGK3yneAJUybpcTitimLx:12000000000000000000:OKDOT:CHECKMYTH
16eskWe3sXu7rhynTZEiAoBnz36s4PoDKdWxGBQnx1kF4h2T:12000000000000000000:OKDOT:CHECKMYTH
12ARbMzJz6jrDSQ4JPKbpjFw86acdLJWYG1p24p2NuY2TmhP:12000000000000000000:OKDOT:CHECKMYTH
16ap9ZtAkGGwLyTkCq8hNEyRhwF1Sy9t6pKe5jMBaAHtnDsA:12000000000000000000:OKDOT:CHECKMYTH
12B5Ba8JG2EaPVyRxsggLemsgS417VHrejra3zhC6LapZAxX:12000000000000000000:OKDOT:CHECKMYTH
1RGMN9hfrgo8oK43YQHoEY9ugZLGah1ekircR1kVAkwm5XL:12000000000000000000:OKDOT:CHECKMYTH
1485133kKDmWKn6scfG3SgyuPqNBK8dAzNkVBCXamsWcA7og:12000000000000000000:OKDOT:CHECKMYTH
12inBQDQTpdqLpsuzZqK7jpUTtqTuScFKL6xNhSo8RmHcSE3:12000000000000000000:OKDOT:CHECKMYTH
15fPPv7VToCwQfQVwDiPEm1PV9Gb78vT9zN36V8f7n6Jb6qB:12000000000000000000:OKDOT:CHECKMYTH
1H1TWwqxz1i88N7m2AahYEkdo3odSMyUKss4QecxXrz3p7t:12000000000000000000:OKDOT:CHECKMYTH
1mfAnugYGP5X85WLtKQn9wa7fuk9hwX6XjLCJ4ypYExowQf:12000000000000000000:OKDOT:CHECKMYTH
1XFDf6DbLL2RzWRyrSeaNePa3442YJNrCGGe2UzVfh9ncJc:12000000000000000000:NEEDED:CHECKMYTH
12yPsW2zTJppz22tBMQHTXPcfv9Hh42aEwyotVnVQxhversR:12000000000000000000:OKDOT:CHECKMYTH
15sDFR8dnmsdfLHdWQgu35EeqEaJJFdh4HfXUJ4Fus5dfL3e:12000000000000000000:OKDOT:CHECKMYTH
15Bj6LKfx3ezRNjVUF2Cz99Ei6ThHJEpi8Tw9HcPATqKdUjB:12000000000000000000:OKDOT:CHECKMYTH
13ju6FtDPfkHuQQt1GZfnuz9CXDgu1AZm8e9pbR2r3ZH5BX8:12000000000000000000:OKDOT:CHECKMYTH
14LcDMy662BwkfdeMvWMhWaMx8vnVBH8wsGeqADzHhWn3Brz:12000000000000000000:OKDOT:CHECKMYTH
12hoMERkux5gaXf4z4kR1GpgWD7FmzbsJ8P4Uk3ntZHWQhLD:12000000000000000000:OKDOT:CHECKMYTH
15s2ZLt915hEN3bFRh9gATmpkfKZrYeqshCoHfxn2y7iHsR2:12000000000000000000:OKDOT:CHECKMYTH
1jnnGKmLTEefvxDkh6JhchpfazwWGoQyijP9nwASgsowWrc:12000000000000000000:OKDOT:CHECKMYTH
14KbkKDdhQD65NP3CqkrrwAS867WY1yiDeMoxf4oPkmne8Dj:12000000000000000000:OKDOT:CHECKMYTH
15tNfKvagrnvrtvi7gnsHCiC1hRLCS68cAzHqraeDBp6ZJts:12000000000000000000:OKDOT:CHECKMYTH
12uu5GJdSsU39acusvyYUdND5ZCxSvRmLyebQtgGZybj2LRG:12000000000000000000:NEEDED:CHECKMYTH
1589TFFjE9mTKJmBZA846n7XwRZnfUTzmoQqs6wBYzy82McN:12000000000000000000:OKDOT:CHECKMYTH
12jHXh2jmdJQwAmHJ3vACgxMEVChyU2SN4FUB9N45YujcdnH:12000000000000000000:OKDOT:CHECKMYTH
158ffoHK3yFTsuZQNBQtnXK1EzERL8HeZhVnWYN8fd8f2VCQ:12000000000000000000:OKDOT:CHECKMYTH
1W9TvAsJiukgRtAMkFkygo5mLSUhZ6TS34y7wPujaZ4mA7d:12000000000000000000:OKDOT:CHECKMYTH
1x5Q6HDZTFR3GHmgGi3VpLHi1WTQ6ByVmL1oEBtuKXQnTyD:12000000000000000000:OKDOT:CHECKMYTH
12YG9wumFtTipjx5frAUJseLcthNyF8oq9UvGUg2VfHoNDfc:12000000000000000000:OKDOT:CHECKMYTH
14ntxBcxunNcMbgBwLq3vgrTgQeYwDXemT42hP4VYxUEyWCt:12000000000000000000:OKDOT:CHECKMYTH
14tuCQzaRVDwU6UDxFTDghUoE9N2PyRy16uWdjg6nHgMEa75:12000000000000000000:OKDOT:CHECKMYTH
14LdD8XYcQL6vijrDiMM1ykQU9jLsrE9ncqJViwiuZrdfgsD:12000000000000000000:OKDOT:CHECKMYTH
1zaDHtm8xTNUPYVVtKFDdLQB6vkjUeXUdybom79ku6bdP1t:12000000000000000000:OKDOT:CHECKMYTH
13MsryVNKXDtRWCWsPGfXswUPRYfFYehHqfrEpVc1b9BNsZL:12000000000000000000:OKDOT:CHECKMYTH
13gZAWU7EmCNsgsuqeWtDnpBRDjND2jc4cFvWBrJ9uSYcnYE:12000000000000000000:OKDOT:CHECKMYTH
151QB3f7no1rJ5334a8u1iNFgwEMiKtUcDpsXET9ixyErtMX:12000000000000000000:OKDOT:CHECKMYTH
127XWou6AL5G1KVwYnPH2cBXWoacVMNFV3e63EMZRg2q5XTi:12000000000000000000:OKDOT:CHECKMYTH
13zW2bXuNqpL2vaJ6YD8RqjMN3NcJMy1WeEABraLxMeEvosM:12000000000000000000:OKDOT:CHECKMYTH
1apGEa4veFSx1AkyHYiZH3vHJhUWXVFffc6mWFiF4pf9fsq:12000000000000000000:OKDOT:CHECKMYTH
14gWj96Rg9TrdLJYZ5YgPKVcoSh1WQoajQhR4L36f1QU9DTo:12000000000000000000:OKDOT:CHECKMYTH
17X5F678KmE38DNnxV3tDPZwRj13HTiDrfyaupVVr3ZPfGR:12000000000000000000:OKDOT:CHECKMYTH
129eQg7nf7NCVgGdhNe5EVqj5vTE5BGfC9kJCMaY4xe9QHtP:12000000000000000000:OKDOT:CHECKMYTH
14AMM6nhNNjKfj9kpHxHS21T7Y4VEw8iExN5kmFRVyu91AYv:12000000000000000000:NEEDED:CHECKMYTH
16ZPVvEhb3pKhQ9BGgrUN7gfPYELUBjdUvK6J6eSWYtzkxdj:12000000000000000000:OKDOT:CHECKMYTH
15gFKGn9nNxitJZavkdamCk4mK1X14WyFTY6uTfNtSUxxTRX:12000000000000000000:OKDOT:CHECKMYTH
12UTFBEgsCCK3yDJXXKDnQybr8jzdaZonfaMYofPstXXFT15:12000000000000000000:OKDOT:CHECKMYTH
15SgzC6uhWkTs4NnPuL19mqVU35e4eW2GSWnyXPyMUefas97:12000000000000000000:OKDOT:CHECKMYTH
13g3zdaeWdSiYRkU8a63McgFaykKDQLpMwTFJuCj4GZGGRvh:12000000000000000000:OKDOT:CHECKMYTH
13jKvg6gVLfMK4hwdhcq9v6SXEQTigyfJ7CDQXPKFUgk1sgB:12000000000000000000:OKDOT:CHECKMYTH
15gSnW1xVVbPcvUFn9Ut3ufSTrXZNQFAQ7UBwvcJDa2xuAqF:12000000000000000000:OKDOT:CHECKMYTH
13dmMqNSZhtjVSRCrRAdEccPguAuhMfXUT96jhVxN7ZRN6N:12000000000000000000:OKDOT:CHECKMYTH
1bHvAmYpsCQuZw1Pe9wThg8HnH5uPT5UuoMtZ3vYj6XVZxN:12000000000000000000:OKDOT:CHECKMYTH
14pk1HW4SzeuBpf9hyPv34nHsBQt9wP4z9kkSMniejWM9Cpb:12000000000000000000:OKDOT:CHECKMYTH
1QjQHmLGPnVpi6Y638vnuohjSCaJVhmgnCj7nWdv2yVSe3r:12000000000000000000:OKDOT:CHECKMYTH
168yUFbBMiHDTKHB1eJyBwp8TXWQeqf9MBmiUSHG9wRXL9Fb:12000000000000000000:OKDOT:CHECKMYTH
13mVdvuuTGycxbuxZDJfYLrqGGrbZdSEEaQsmMVrdoxHFhEH:12000000000000000000:OKDOT:CHECKMYTH
127kS1zjMVkJzP8MSeyPxvFRb9AXEwSzpfdjf76kCcKJUM8J:12000000000000000000:OKDOT:CHECKMYTH
15Rc7xtm629EYgbkqEmvaGr3ecRuNs3ByEKERE35qek4ncC9:12000000000000000000:OKDOT:CHECKMYTH
1KjgMcWAMPgdoEaCjAnxCNaaE4Pjg1HY5vdA333n6G8UkqF:12000000000000000000:OKDOT:CHECKMYTH
12qmZywLuVwAmrgr1V71XWMQXi5yd3wG7V8vY6B7ET2oGgFi:12000000000000000000:OKDOT:CHECKMYTH
16RdevxnK1KNa4dDPX9MTTshJFZFo6Mh57m9HzyX6M8AMCSf:12000000000000000000:OKDOT:CHECKMYTH
1QnR343jadWzYnzHti2i1FQM79Z7rJzYVvgUj2ktH8wb8NG:12000000000000000000:OKDOT:CHECKMYTH
14fvqSN9Vk8NrSkBY2K8PdN7wK919m3GozMf7whcX83paCqH:12000000000000000000:OKDOT:CHECKMYTH
13fP4TfYPs8Jp3aP95oco55VqnA7UAhSaTZFP5eJVHKYpHeY:12000000000000000000:OKDOT:CHECKMYTH
12eDFyj4AG3e8SCxPq6xF271tHJuZgiHD4t8UuW5KR6ZynY2:12000000000000000000:OKDOT:CHECKMYTH
15dLEUguVCgixoLNA4vw28xUSuNpH17bfWVjHpK1oq9QRECc:12000000000000000000:OKDOT:CHECKMYTH
16LrqEALPB3x3GfJsybzsRJjcHK84Y9AQ1283ow1xDCd51nQ:12000000000000000000:OKDOT:CHECKMYTH
14osagcqTvUNAVZU56panVqkhoHe3C1YEcf7e3sbcAeWDp37:12000000000000000000:OKDOT:CHECKMYTH
13K6Sd6McrUFiCh3ZPitUSTKabmA7G6Q7j68Tr7ShLrxsgnS:12000000000000000000:OKDOT:CHECKMYTH
1cDjQJvYos8aNmwgtU8UT2ejaCKUQGMcB6syUJsLJbi2fic:12000000000000000000:OKDOT:CHECKMYTH
15p8mMXLndL1A1RJ8zjui6rbjCkQuu9T2aBAgReto8HeGoxJ:12000000000000000000:OKDOT:CHECKMYTH
14dNDcEyh9d3zfqcUrtAAtyG2mydiw2Pk47V5br4MEmDcRbh:12000000000000000000:OKDOT:CHECKMYTH
1nseuxhc4Pu1HZqjTRwC4z7m6PtHGNAc9srHVbTBcAWuwCF:12000000000000000000:OKDOT:CHECKMYTH
12BmwX7xosBvNLAHKRS8MsJErGbGJR5h4BXKVc5VUjaTt9xy:12000000000000000000:OKDOT:CHECKMYTH
12U4EtVhLfMGm9sEcjiWnJ6zzBmwLLuPgHnrjDZ8DpPJnEAJ:12000000000000000000:OKDOT:CHECKMYTH
15dUogY1SpAgvWnWZuGP99DNFoQyFtuiPH3RduyxDAHiuKE9:12000000000000000000:OKDOT:CHECKMYTH
15T7TczSbMCroHvQXLcx58iBvtKTVBpSUK9sXH8kvLBueUdT:12000000000000000000:OKDOT:CHECKMYTH
14FFLVs5Apu282yFdcGA5u7qx8ML5FLEGa8HexrsQwkCAv9N:12000000000000000000:OKDOT:CHECKMYTH
14Dg2tmB7952HYk7GVNPrhLH4hdGXingXenu4CRb532XaRFD:12000000000000000000:OKDOT:CHECKMYTH
16NjAPB9CyRyTzfYrykdxRz3naZQ5LmKbyW4UZpEzLboHaGZ:12000000000000000000:OKDOT:CHECKMYTH
13R8JmgrV99dJB8h4U46stysRenXccQeS45V8bk5wr8CVwi6:12000000000000000000:OKDOT:CHECKMYTH
13ydA2xgTEC37JZMiDMZMQuWUhypR7FxZhQxCxNuAWieAYXx:12000000000000000000:OKDOT:CHECKMYTH
165qEGL5oFVxYcMLmLGoQG2sy6LbYo9ZzGBWMswmrYikYbmJ:12000000000000000000:OKDOT:CHECKMYTH
15JXghTGHcWPoCnEV2zLQokmmKAkH777EhuB6i6z7rmMpdyR:12000000000000000000:OKDOT:CHECKMYTH
12Kk6wxnWtCXdJ8mJLGMFSoAnEidi62ukPvtCAKS8W7aqtUX:12000000000000000000:OKDOT:CHECKMYTH
12sRSJBBGcxtzKjF4VrMvEj7GwFqScMN5MrTZ88EQbtEH7uD:12000000000000000000:OKDOT:CHECKMYTH
1238M8GHyepmUWGR4Govi2wrcbySTUyRmV6WDszMQBEyJnQz:12000000000000000000:OKDOT:CHECKMYTH
14XQBvt5arqj6b28kT8eX27hZTQzM93sxFKUCCuG498tBjkT:12000000000000000000:OKDOT:CHECKMYTH
1uzrCqZfmcEx1pA3CvdWUwUhzNVVBLSqddzByXsM71AoQv5:12000000000000000000:OKDOT:CHECKMYTH
1i7QmKDhZQyP78tA3p7z7gGJ9oxrPN5J3uefgCL8qU9rao6:12000000000000000000:OKDOT:CHECKMYTH
13qAoyVZfeRuAdYoDiJM9qu1k6iH1XLRRD5q6zrAdSo2h8Qo:12000000000000000000:OKDOT:CHECKMYTH
13t6VjSKWYCpBKryX69MDgPDKK3quHjaykZKCCd7XPVbEpr3:12000000000000000000:OKDOT:CHECKMYTH
15i6zrZbM7wz2sJFP3hJfBGdZS2S54gfaMp1tfFzngwFY4MK:12000000000000000000:OKDOT:CHECKMYTH
15siZR3LsZ1dB3NCNWzGgM1DUc1Hpp4HpD5jisrWLYdA4ED9:12000000000000000000:OKDOT:CHECKMYTH
13BY5ZjgCjSMW6pJCkuznS9jbejh6pqh2NV3pP46vLwuSLRs:12000000000000000000:OKDOT:CHECKMYTH
13rdfSeWNg4wAUkUMamGZBQp1TY1p7xJTBvmnkgcUyski6CF:12000000000000000000:OKDOT:CHECKMYTH
13baAJvUTjdUpW3A7ALsxKFb5ZgLi9toRxHtbfJxKmHjY2vr:12000000000000000000:OKDOT:CHECKMYTH
14eZ2r86oRkF3U31zzemK2J8M9KNSf6SFiPbQEpYzbcV3J3y:12000000000000000000:OKDOT:CHECKMYTH
13F4ZBSYsY4vZkBDnTTHe9uXwviFKpBEtTtprTABpb4Y9Bn6:12000000000000000000:OKDOT:CHECKMYTH
12btiR3jrFRmmd7NCHkerGbFAsWR7oTpACRgZKC7tojz6fY7:12000000000000000000:OKDOT:CHECKMYTH
15TBYktp1Z8AdhknyvQJjDWzTTamyoEQFimxxSkCErYCCUF6:12000000000000000000:OKDOT:CHECKMYTH
157W1wF2ajLyokSfB7QrnXWj6THAr1jKwGdc4UjH49EpwQnj:12000000000000000000:OKDOT:CHECKMYTH
14anE2i5SxXDfF4Vb2argR1pKW3j7zhPoWTBZGikiKNr7Zki:12000000000000000000:OKDOT:CHECKMYTH
14zxkq8J5QJsoS4jvmxfWLY1ym9oFaBXdRfrSGC32sU6dkcx:12000000000000000000:OKDOT:CHECKMYTH
13sfhyEgno5BQRyqXKvZmMWqWDRzxC41g7ofUDCDECJSNqec:12000000000000000000:OKDOT:CHECKMYTH
15a9SeD86vabnRp3RVJYfsx31ujbgcdT8QCLXqvc1cYWEtKG:12000000000000000000:OKDOT:CHECKMYTH
13xzsEc82WG67xwJNuTiAzqe7ZnMFhrUhGUDh5gMTSBDDBey:12000000000000000000:OKDOT:CHECKMYTH
12rByNpaCvYQdawCJnf7V6ewb3btirSoMjwcBAR6tAcc8ixd:12000000000000000000:OKDOT:CHECKMYTH
195c9A3RN1viQJ7oS3VPtZnU4y2sq4UN981gzC25f6nCR3Z:12000000000000000000:OKDOT:CHECKMYTH
162uFpgvpCNajpzY4361ChmapDVo5w5BxkKrePPCS7NWk8Nf:12000000000000000000:OKDOT:CHECKMYTH
132X7YTPaj9Hgd8snCYzBMNybBD6qBdnZLf9dCYG66UTfRuf:12000000000000000000:OKDOT:CHECKMYTH
16RuYeJ7mUEMFsxMwBhSBJfXMouZZuqLZp5YuRaTWPERh9CX:12000000000000000000:OKDOT:CHECKMYTH
15znVJczsxq3sRYhEjPiENwiAuFSb75mBYcmF7G6WZnFoEmv:12000000000000000000:OKDOT:CHECKMYTH
13K9Zf1zTaJEerKXGvTwZGkV4vrdc6j9G16cscgfMDXMRBeb:12000000000000000000:OKDOT:CHECKMYTH
155APDxYcCwHDH1hR9ve6sbY7GgPYMh6ZEANpCmarxHRFnyd:12000000000000000000:OKDOT:CHECKMYTH
12hm4K6bwNHSujDd1RBHZoKW3xEPg9fnz3CgdhVznurpS6Xs:12000000000000000000:OKDOT:CHECKMYTH
16b5noi5MEbczpMkET8pWmiRz1ZM2gvjoYsgq2PtduuBNhbA:12000000000000000000:OKDOT:CHECKMYTH
15HSLiaGvJ59ik9dAheraUok5NBgtXwJCZkFqrC2LH2QJjhD:12000000000000000000:OKDOT:CHECKMYTH
14z2zzd9qa4vVfresxmL3G8Ekg5Er8Fw5kqBwX6ynMGZJoct:12000000000000000000:OKDOT:CHECKMYTH
12DfJFQc4Ci9ScBoJkAhAMbWbpgDkRD6wtsipTAF7gFk9mNN:12000000000000000000:OKDOT:CHECKMYTH
12njH58vh6bnkrd89mKqqM6dSXPX9oKwvbGbiuYMLoia6Wr1:12000000000000000000:OKDOT:CHECKMYTH
16Zi5d4C5CyRGhTG67pt99TVa4n5tQNeT5XYQDXPXnADZZ4h:12000000000000000000:OKDOT:CHECKMYTH
13wEmRCcJZfHKLv72TK3MmZtQYSfcXRxkmUeL5UqKb5ZcCd9:12000000000000000000:OKDOT:CHECKMYTH
13HfDU16GXgfXwDpgs6gSdrVVWJ1pUQSo2CRQ7eEjF6nSnAs:12000000000000000000:OKDOT:CHECKMYTH
13uJou3d1977WpqzPCj88dzDDnHQuEF4oWqHrcCoTokvb6HV:12000000000000000000:OKDOT:CHECKMYTH
14MVobUvd9R3xyBaS6NrxeJRTWXgPb7FKKsSK8Q22mLm1Mko:12000000000000000000:OKDOT:CHECKMYTH
14eFmeTjqb12ntsLTvuAGPTCd5zUbBToo85WDDG1GT4esexd:12000000000000000000:OKDOT:CHECKMYTH
15CJZrZ9tEDLRXpuXRZFRki7vKF9WgMnimkp52LJ9Drv9x5e:12000000000000000000:OKDOT:CHECKMYTH
13kHW7RCGVz261owgGucqKyy8S4ZXR6kXmEAj2PGaemcWvJF:12000000000000000000:OKDOT:CHECKMYTH
14WYCHw65d1cDmxtWE21NQHNboY1Pp4SBqAwdFbw8WTVFoxC:12000000000000000000:OKDOT:CHECKMYTH
14EANsxZEkVSWsh1eTz76eNiYrr6G4a56vxFi2dThMvKp2z3:12000000000000000000:OKDOT:CHECKMYTH
13SmjBiUSBv44earh35SxcxAXBTnjEJLaNaQ2Y9ZhVYKeeAS:12000000000000000000:OKDOT:CHECKMYTH
145ACF898DNAtN4fsJ1987e5Hp8SDUhSR86WdhQfkkVdUPdx:12000000000000000000:OKDOT:CHECKMYTH
1vwxaD9Gb5XyhBv5e87aze1VbKfTphyS1Z1aBMJEV9wXwKt:12000000000000000000:OKDOT:CHECKMYTH
155FVGaz8bw1AN5YBRd38cgS87RVo4C21KSQuSyHgVwAygQs:12000000000000000000:OKDOT:CHECKMYTH
1RSWhZ9AEhwEF99xR5CQo22F3cz8xZyYMjkPGH25BDeBqb9:12000000000000000000:OKDOT:CHECKMYTH
14nA1FvDT7myaEpXtnWkQVSpdv3YM3nupdEMUm3FbX5mwjS:12000000000000000000:OKDOT:CHECKMYTH
14uK3gzHfi73NiUSspXGMzFaYAEF7TCt3fy4uGUE1Bpn5kJ1:12000000000000000000:OKDOT:CHECKMYTH
16euWrQTahd7e4JpF5wQ5TLxhdnos2GrRQT9a7S1tvk26r6m:12000000000000000000:OKDOT:CHECKMYTH
14WugZD1xrBVP1JzLPbUdMtbD5gFbxG9f6yVUrttVuCyNQYE:12000000000000000000:OKDOT:CHECKMYTH
1337nBjZM7jJYBttxhUb5cSgjts5B8GLZkFtyTiUfMYaVDeo:12000000000000000000:OKDOT:CHECKMYTH
14vmB62k3rnGu1FPvEMrSxdhxaDT55D2dnyfLd96qxS6KWfg:12000000000000000000:OKDOT:CHECKMYTH
14RuzCsL613iazWUbfuJDFFjFuMfGPBQQErn8ZJJXsgoejb3:12000000000000000000:OKDOT:CHECKMYTH
12iEUUGCHjJreQwCYp9C4inZNtx6LtbUetJV9sWJeRLifeNU:12000000000000000000:OKDOT:CHECKMYTH
14S7tJ2Py2UgfKHtAFr4KXWELAEy8PHtqfTS2NjXeKNKudb5:12000000000000000000:OKDOT:CHECKMYTH
1MX5AN2AmDTwxXUM85JRQNXPmp6Ja1btd4o6kT2zcKB45wR:12000000000000000000:OKDOT:CHECKMYTH
15rEwYLn7ksCeGRGDLUve3Z1eT1qTP7ExqCn4j4X6iZYm7EN:12000000000000000000:OKDOT:CHECKMYTH
149yDfErtSDgKL9BcmvYv63LD9Er4jbRoZRSCaZi9qMcowyJ:12000000000000000000:OKDOT:CHECKMYTH
15SY7sDfnGKQTTjTUpT3FntQaYtCLwjYfyfDN6VHX2FGrubj:12000000000000000000:OKDOT:CHECKMYTH
1Wmqj3o8X946FEWsFZSMgBiF4iuq2jGKjMTNVRH8nKHMrv7:12000000000000000000:OKDOT:CHECKMYTH
164imAUFbhyxe3WzypbHtrJffuF4KCUtEjHLUaXcNvm31A4V:12000000000000000000:NEEDED:CHECKMYTH
124D1xEkchhYKnDsjynweQdZeARhTpSvVDi3GrZM7ZDu7f7E:12000000000000000000:OKDOT:CHECKMYTH
1b7N7dV38qGFUQ3x9o2zBPRZPkSMCvMEn8zLrzhP53wBhif:12000000000000000000:OKDOT:CHECKMYTH
16Y7ETALbroSh8aCCWwKEPzqVqUyTwsTkiPBw6kAq2SxM3qd:12000000000000000000:OKDOT:CHECKMYTH
14Vyg3BTLpK95EqomaAyEjZk2DAtKJPABtzUiFmtjix8RSsZ:12000000000000000000:OKDOT:CHECKMYTH
13NCLd3foNpsv1huPDzvvfyKh37NEEkGFotZnP52CTR98YFJ:236000000000000000000:OKDOT:CHECKMYTH
