13kesyiSvAaBjA5u7ms76ZVDUHr7g5Z3UGbyDzFbgZ8PiMEa:12000000000000000000:OKDOT:OKMYTH
16YZGYPHPLH37fJMimCY4F5kP53aeiXPfGyP55PDV2D9HdfN:12000000000000000000:OKDOT:OKMYTH
14UT8B1FUjvWHDPom8kjbgYVHSAGEQGtcp4zW4tkcAaGzJDU:12000000000000000000:OKDOT:OKMYTH
12A1JzaRm1iMxrw9myK9GNDibjkrvHxww6WMNMcNXZBRjnHT:12000000000000000000:OKDOT:OKMYTH
14z3C2YDKaSwXNRh1QiBgnMLsnLPCEqDqSScUwCgusGH54q9:12000000000000000000:OKDOT:OKMYTH
16skvriUUxLkKynj7p9cVEdnJeJGPQimcp2rfhDm86hyddh:12000000000000000000:OKDOT:OKMYTH
12Tav9NHuSHV6aBS4zL2SyWSsBD3phVkrNAgKmfD9AwVTvYD:12000000000000000000:OKDOT:OKMYTH
13utHCeWcq6rXnJH8E2zhYnFr9fgdH9kkBW32D7j393GzjJ3:12000000000000000000:OKDOT:OKMYTH
1YxB44QDvhzkFkT5eH65bQH2yUrJ4673ViqboFXCAnuqzS6:12000000000000000000:OKDOT:OKMYTH
1TaLxoY7y4o7nU2Yub4mi3ttxzthRiDMppjWSD1XX1VhtpZ:12000000000000000000:OKDOT:OKMYTH
1bkL2dbd8oQH9NwHrRpceifJNvQZcWtMHMb9QDpMMGTJKDi:12000000000000000000:OKDOT:OKMYTH
1kD4sP5SCu4ExXPEmUcPTKFiz2i3YoBk5vGiALLhkbxG1mt:12000000000000000000:OKDOT:OKMYTH
1E37oToWBXDcQBGweSPYeRwyPhHVNBgFrDJXYPe3DMpUh4p:12000000000000000000:OKDOT:OKMYTH
15zwfHJhLj6tU8gsAxeb5hJQbGEDfFQ9AAiXutd3zMjSD7xz:12000000000000000000:OKDOT:OKMYTH
15kdSbJ3m42NQPkhXwapQZS6vUu6QHneJFW69fMV5nqcL1pr:12000000000000000000:OKDOT:OKMYTH
16G5qAtbk7PK9cRcM5BokMxTpb81p8rfvNvVEoQWkRvdVt1v:12000000000000000000:OKDOT:OKMYTH
14ShAcykXecJnkcqWKwYQy37m2Y6mcZ3GnbUUEeNv1BVqMJx:12000000000000000000:OKDOT:OKMYTH
13rD2qACzLPVe62FJKDfKawpvF36RD1ucos8UKjbg7Vy5Er6:12000000000000000000:OKDOT:OKMYTH
135WoEu242X7zkG4TFbEutV4whsxGYtzrvNq9PFYxRoWjFEd:12000000000000000000:OKDOT:OKMYTH
16fHZPEm5YXXHHemJTGFkEo7QcZC325MN9zYvqFZTS9mwty7:12000000000000000000:OKDOT:OKMYTH
163eCh8anrcrYM949FWysiURj9aqZZHtZVtS1KDGWNWEgTAV:12000000000000000000:OKDOT:OKMYTH
16K33hpa75o6N4ChgXphrQeZeHqnNuc1mKhR45XQJFsgCbnt:12000000000000000000:OKDOT:OKMYTH
1hXiJiMeabcwfHnzpGhCMXPm6fJ6qYECAruS6ybSkm6okoP:12000000000000000000:OKDOT:OKMYTH
1PMPszhFBWDAa3hKVMUnDECFfBfPychbm4FRroNV1MqCY6K:12000000000000000000:OKDOT:OKMYTH
14wFuzLQUsJ22CNJ1xhesJh8TXBZEKteP3txzBGAqLUViYQL:12000000000000000000:OKDOT:OKMYTH
147tp4CYpezsCa7o2ijC1MPfDXy2nLgyTGNpkeN3jRVFXBnp:12000000000000000000:OKDOT:OKMYTH
158i4cQwPzn11bRabHT9JmN68oyRDj9xnJQpbd8uhMQAgdim:12000000000000000000:OKDOT:OKMYTH
151xwGy37W4jjD2RLnU2u3qoM4DDcZBG6DG1Uk5hRYVVohNv:12000000000000000000:OKDOT:OKMYTH
15zpwadpQjoD4A8EPn9rpDig74QwzHbKqZBM1K4f3ranCdmP:12000000000000000000:OKDOT:OKMYTH
1RBiYmZeHBZFDcsEA53oWs5ro2zUNjM2sZtthVXwcXbwN3S:12000000000000000000:OKDOT:OKMYTH
15SyFBpFfk1yn9SQpRWZbTKiJD87U4fz3Z5uDA3U5yPQcRSY:12000000000000000000:OKDOT:OKMYTH
15uYRVjxJHt6QdpAXkPvuqBcDVULVMZ4FmmNGvtA5z6QE3fZ:12000000000000000000:OKDOT:OKMYTH
162SdGPQwas2jhAESXfQ4XkRUcatRSF9UDwxvkru521p16wz:12000000000000000000:OKDOT:OKMYTH
159RpYFtDS2pANQYsx4ayURkNkRCJ9rjnrX2wyJiYy44FpqH:12000000000000000000:OKDOT:OKMYTH
164zHiTUcZpJ9ABJ3dabVV46gyU9CGcQ4CMt9jHKoyooRwRc:12000000000000000000:OKDOT:OKMYTH
13icecQbeh87Tp2Kdr5PhSh8Q6xJXnnt6qQqKZ8C1MgYmpMb:12000000000000000000:OKDOT:OKMYTH
13Cfpoi15mYXq2Ufah3soReo1XmPTsC2zVEQq1Lvm4iyiyQu:12000000000000000000:OKDOT:OKMYTH
162NKKjGz7K1dhMG5enUz284TD8H2hfaNjVb4YccfM8SJyyN:12000000000000000000:OKDOT:OKMYTH
12SPKSJKFykXv3DQ3g2CFW4FDcyYQR1Ub5zhA1snNcaPdraS:12000000000000000000:OKDOT:OKMYTH
13gh7qoUNXEj8N6z1hBsYaJKtCpf8VCZ5FfL4Sfu4jeSvrWT:12000000000000000000:OKDOT:OKMYTH
195rzEj98kPxKsrKLwWBFenE9yVDaj8EsdNvugMuJ63zKUw:12000000000000000000:OKDOT:OKMYTH
15pTgS8M97YxMtLvKquA8oJQ34eZmMRsuN4F6gRGbHZxmmyy:12000000000000000000:OKDOT:OKMYTH
12sHk1yPN3of2rTvoVcXAWBWuCfF3gnHSuzZT7qcJq33sbUR:12000000000000000000:OKDOT:OKMYTH
14WARQnZJh4kkjUXGQzNj8Mv7skgPhe3dz9dnQhYwP1f8xyF:12000000000000000000:OKDOT:OKMYTH
13dBvssgr4XbNiJzzVcSdBQE4jLBjBjV44JqG24NQBBDacrh:12000000000000000000:OKDOT:OKMYTH
13k77qc4z2nR3PVbzTxag4FUrDbkZSzNAkKJKC9EMoRSpQqL:12000000000000000000:OKDOT:OKMYTH
14669Ax6kmvQ3ZUNZy9SGNeC4uBBWpRkht2zp5cX9JneQdWn:12000000000000000000:OKDOT:OKMYTH
12bGWcquJ3hxTnG5qpouekJgm9bfLoCpsoH6TeHZAoEvLBr6:12000000000000000000:OKDOT:OKMYTH
123C28NYRknrEUGvM5gQaurJcceZeX4gxzL52v2b48SpsDyH:12000000000000000000:OKDOT:OKMYTH
1619TGQv79tmzZ9FRfjMEPRNzEyXnF4KRyck9saNhbj9XdLN:12000000000000000000:OKDOT:OKMYTH
149DSpBE4ircMBo7fFHqqvnPWHCWCtMsNhCkUS41hEhkwuMP:12000000000000000000:OKDOT:OKMYTH
14FbJgZHUij8ynyoEWaQt2aPgo7Uza8xn8RD3FFym6ChEQj5:12000000000000000000:OKDOT:OKMYTH
14Mk1YdSe6H2EdhSvMsvuGBabYcKVzUKaWeRwJGRw4ZVgH1x:12000000000000000000:OKDOT:OKMYTH
1EmNVeZ3Mxk8kmgZ7qa5aUxWWfxHkNKdXAkaZWpxnuir6nE:12000000000000000000:OKDOT:OKMYTH
15YCwpkD9sYNZTSAx4Mf53dRKMzdLoaP38smDsqFvXcNSW5m:12000000000000000000:OKDOT:OKMYTH
1xSY6ZTDbbVqEdNNjiHbDXqhcpTqkjo4qyKgkZnkGZ5XX6Q:12000000000000000000:OKDOT:OKMYTH
12vQCQNuEaNbS3m84NUuGk86F8cV6C2oQtFMNnevxdPz17up:12000000000000000000:OKDOT:OKMYTH
13PhVgQJ7bdQTzduSJ3ykxYGg9cDSXUBnQxKZMDdagBncWHZ:12000000000000000000:OKDOT:OKMYTH
134B1ng9MGWZExjspdQ3o9EcD5qjsiUu1E9USjbfoStQCcWL:12000000000000000000:OKDOT:OKMYTH
1MPMua78TZbhMgB67avxgza9ehXxjRACpeZd9BAF1Puo8AC:12000000000000000000:OKDOT:OKMYTH
14oVPm8DFDQsrYf58DUUyjwLs6LdRhJJ44Fj7PuduXydD7Pm:12000000000000000000:OKDOT:OKMYTH
138bzjArkhQWtXhPC37G54nRH8cJACdMvshxLxuwU8Zgvuzb:12000000000000000000:OKDOT:OKMYTH
16bWrbgcA7qasCmsbPu9pq8kh7GYLE9CPALBHgixMcTzEuc6:12000000000000000000:OKDOT:OKMYTH
16TZ148hL6LW8h5QEL7MEPgquirLZzC1VvMNdMgMZgXW4FLj:12000000000000000000:OKDOT:OKMYTH
13pS6fhRPCByvm5mzg17qYtCVppb9UBMUp9RZFSXcDNMkRKq:12000000000000000000:OKDOT:OKMYTH
12sVkcwVDwhB3RyziHF3oAcpjXyPRsjkYAUZVXNTsqC72yzB:12000000000000000000:OKDOT:OKMYTH
151x9LxLDEAoMzgGFjGqxRSwtWQr2UfBPQ25DAnwzTHKsB54:12000000000000000000:OKDOT:OKMYTH
14CUPVZpi8PQZTPHQDEYAm6mJFWGrhyBn8MXvVdLgL8N1xBW:12000000000000000000:OKDOT:OKMYTH
14fGLQvoWqeRqhLgy9jhRqkjrQq2xFUJ315VC2ahfS3VG3Xr:12000000000000000000:OKDOT:OKMYTH
14KDpu83JJGkn1cUU12q7ginfogjgFzEACHB3ZLyL6yyiXFj:12000000000000000000:OKDOT:OKMYTH
16AYKQZpZvA6LYKonV6D1t9WirPFg1r4zmjqVPSXd9BWkBCg:12000000000000000000:OKDOT:OKMYTH
12urZL6NL1jzomHqBFaXmi2g6QeCkugAMyRU2NG2TpiyebWe:12000000000000000000:OKDOT:OKMYTH
12hXY9UJbGYgXq46gwAM49AzcvRn1P7V2NC86ZUvM4Wgi5RN:12000000000000000000:OKDOT:OKMYTH
164XRiggXg1PDtsqvR9oUCpwSUBPPYesviQizLrbTN2xgJMc:12000000000000000000:OKDOT:OKMYTH
13SSkcLLXwzZhGa6EDVFzek4gPSJkJNJsNDxNuiR96ecTmNp:12000000000000000000:OKDOT:OKMYTH
12JhC56cNxCwaegdQyzzW67sAWnvkNVRA2uGvFJWd5uWzCfB:12000000000000000000:OKDOT:OKMYTH
14DdQNes3Gatkwwo7KiHTuBbzDTczQpmDSpQk45Ducy3sRrA:12000000000000000000:OKDOT:OKMYTH
14BhpEAEhYkenr85YAqX8s7rERh1jtxN3susM9mdufkGyq4o:12000000000000000000:OKDOT:OKMYTH
14pqEnqRkR49SgtDDSTKpViAou4kaJktr5iVRNZnovVpwCHy:12000000000000000000:OKDOT:OKMYTH
1ywSkyjicc19MBeauZxJW76J7eE6tVSuGFkgNYTd1HYQV1i:12000000000000000000:OKDOT:OKMYTH
1eu2jhCVGVAgVGuRp7QYZiS9iMmhzTNBQAx3aLk8xfFSMYK:12000000000000000000:OKDOT:OKMYTH
15cr4kDqtbgjgEspCo6xZwdPK2csdx8o8jVo4JSXpZ8eUhYs:12000000000000000000:OKDOT:OKMYTH
13mrs1AgFxpAWHUYezUyqkHBgxGttrGUsV5VxUN6bZxk3QRL:12000000000000000000:OKDOT:OKMYTH
13rSihqbGeyitMFRtnXwLZPJHzQgFKwX264KGKYzD4Fx2sBb:12000000000000000000:OKDOT:OKMYTH
169gF8wHEkFK2UMwRQqijhQFfBa4Fr1TzswD9drSt2J3nKkb:12000000000000000000:OKDOT:OKMYTH
14ichjhJhAvt1rGSmhCXD1F1SXotteTda1SygGLi6qreJzzr:12000000000000000000:OKDOT:OKMYTH
13EdM9ZuXrwiH985sjDdtyT7Z7xLaEyGCHKWjQxWyh7wH3fZ:12000000000000000000:OKDOT:OKMYTH
13kMRAvAcSBHazoJxMTu6hfLjw81BzYrgxAh6V8qfxH2bCZA:12000000000000000000:OKDOT:OKMYTH
15sPUhKPQt4xfA9ZtEZEncHyhNN6YCyQuLTWtsy1Ch9qvCrz:12000000000000000000:OKDOT:OKMYTH
16MLBZtCfoVJgZxMTeY4bw8xG3ZqKU1ehwrmcKCjAdaQbWhX:12000000000000000000:OKDOT:OKMYTH
155wEeYWigShwSM4fMiN97umnPYKFhtmBJsz7UZUJCdhPPrv:12000000000000000000:OKDOT:OKMYTH
15XJGQ3bj9phgyB7yGsjDkugQrcWPGgkaGdAn7XGtxaHvYYz:12000000000000000000:OKDOT:OKMYTH
15jvKdjs3tWx2A8jSUMLJH8vuXfZ8sAdxSZXhqRHWYhK82o8:12000000000000000000:OKDOT:OKMYTH
12TSzZBWqWrunfSBXM8aXrz7mqjikjfkAnZsV5Wm8ywn1xpZ:12000000000000000000:OKDOT:OKMYTH
1BuuWwTPUmiTHEobAD3c39p4XWpKa8MYc5Vw4UuusxgGJL1:12000000000000000000:OKDOT:OKMYTH
13ef3YvLkMC9hJxtUZPUs53P16hFSzEZwecVXiVdAi4dpciN:12000000000000000000:OKDOT:OKMYTH
1VsWigXT8nKfU4tdSsgQhfQrQdqDVhMceSYDUnJzA7JvtDw:12000000000000000000:OKDOT:OKMYTH
14YZg1Rr2sA7cSECr7RhbQ2kubbyYTKeBNRRy7Vdo5vwS5oj:12000000000000000000:OKDOT:OKMYTH
12pubxg3A4uL1z28npAF8GNbn1dEQZZfDWdeSatvD5HpdvAp:12000000000000000000:OKDOT:OKMYTH
16g8afoL1maUDSi9PoiJnwcfPBX6hr7kzGJErz4A9jtqroQY:12000000000000000000:OKDOT:OKMYTH
15VjFhR4BGzqevPQFNPfT9PJ47X53uccBQsF7nrwbCbDv2bw:12000000000000000000:OKDOT:OKMYTH
14rMPDygYiF8PJUrFK3tu751j7eoNT9k3bGthZ4xzBqPMjpV:12000000000000000000:OKDOT:OKMYTH
13wfj14ZpmtxHeQ5DGqq5RRKy1b485SXwvwbpGVmWAr24SvF:12000000000000000000:OKDOT:OKMYTH
154FZGeRFehdn1T3w3fFHEkvn2VfBn2WqxqQNGZHRzSN5SeQ:12000000000000000000:OKDOT:OKMYTH
14fYKUymJLefCTCApXY2dRXihczuGPD29cBqePWXHP9xJVKF:12000000000000000000:OKDOT:OKMYTH
15w8XeZe2H8ddKbbE3eFphYUuknhdsZ22Jxk5Aj3cdjU9ckG:12000000000000000000:OKDOT:OKMYTH
141jA5bY5fAf5Fdy3V5KrAPFBqsY2s1w1nP4o9XeZNVHk39S:12000000000000000000:OKDOT:OKMYTH
16mo7VvQEjvpSUi75GTPNv2vZWeabB9wUTJwe5gRgZhovWC4:12000000000000000000:OKDOT:OKMYTH
127MnM813ZjFVAw6MYRauYNyoNvsxJj2hfPLAiyHSj7Rim18:12000000000000000000:OKDOT:OKMYTH
141XcfehcR2LRdL6aF29ajtEWshCCkCgv1SH4QTdVCuGohB1:12000000000000000000:OKDOT:OKMYTH
13EFdvreEeT6K1J23dh4u8hsqM5wj425c5xX5b7x7AA86UCZ:12000000000000000000:OKDOT:OKMYTH
1c9wfnGqVPMhPWUyjTpmGDdmxzjvJyPvnmUxnaTQTmas9Xv:12000000000000000000:OKDOT:OKMYTH
15Ufjpm33wN6AKnYCdxE1S3cbFytXwa7ZFFhx4MMiP33aFkd:12000000000000000000:OKDOT:OKMYTH
14evA6L2UEcsj3QyqouQAzU46jD6DLwvygnKmZMMJFXa2GHd:12000000000000000000:OKDOT:OKMYTH
11pmHroG8Y6WzfMPL1Z8pXTHa69187dc4KxnhVV7psC4E5E:12000000000000000000:OKDOT:OKMYTH
14KwYiZh7zHYDHtKzrc82ikGsBnN2yztAkcLc86ociJ8yzEi:12000000000000000000:OKDOT:OKMYTH
14YCnxL7e3gpg6CH3u6sS5dw6oWewm4Ky3z3Jn75RyVhYKJB:12000000000000000000:OKDOT:OKMYTH
14GjqV9w2EC6HUL4jmzQo7ftEZmHWZrNZdikv74h2roeDWES:12000000000000000000:OKDOT:OKMYTH
1Yypu1TKyXBWkUCg72EcaWSXr5uVzrkZuhFCLbrwKjppind:12000000000000000000:OKDOT:OKMYTH
16W51DouEx3bnxbfx5o3vur9dY7kMjLM6sXrRvNt6xHAuQbv:12000000000000000000:OKDOT:OKMYTH
1QAzAFWjsYq9cLNGwT3Mvf3vrWy9SMr6gnFXETv8cxU7XAW:12000000000000000000:OKDOT:OKMYTH
14ZMRA7wUwBUt4yQUMPPNq9MaCUBzXi1qqBFbUe3X2etDoo9:12000000000000000000:OKDOT:OKMYTH
1YU1pWvDmcN8XgF2u92HjjctqSXV7dZS8yroHY85YCCZkVD:12000000000000000000:OKDOT:OKMYTH
12Y8ZgUDUK6xBLnXHsdUDopkhXBZZcirkRxKathy3SuRHJCQ:12000000000000000000:OKDOT:OKMYTH
1PcQPu9vsUntdqLmFHMQ8e4a66NGYF2zhGT6AGK2N3gAwEJ:12000000000000000000:OKDOT:OKMYTH
12szQRqPrvq9VwjfZnSQuW4CY5krBCfyxPB2FXjQxLU6fdaB:12000000000000000000:OKDOT:OKMYTH
15YXi7FfNs964kKGWRhzg16gkR9z9qSz7vaFv85W4hYRQj2H:12000000000000000000:OKDOT:OKMYTH
14kjeJyuL8crYzdbFkhp7A5i3raoUaEhFaJ3zUfkkZnUiXs3:12000000000000000000:OKDOT:OKMYTH
13E7zyT216UYXddUYUp2jk3KNR73UKDtfCgbvnvDmmzkgtct:12000000000000000000:OKDOT:OKMYTH
156MPM8nTDU9QXqxPDwCgJeeESkDTnZ1zXd68RdL64cSAwed:12000000000000000000:OKDOT:OKMYTH
1hvPgFboKF5yVG74o5SUz9astuQFjmSHNzRx6o1KAw6ZDKF:12000000000000000000:OKDOT:OKMYTH
16JeyKb3NhCcJ1qDoF2pxXYqumPs3XTvqdinc93CBAsAUGfp:12000000000000000000:OKDOT:OKMYTH
151Ju9UykzdZFoBjuEYvuDagj322FXGpvf2oVsv5m4QEjoJd:12000000000000000000:OKDOT:OKMYTH
13pCSs7mA3n7GG738cD4q7svoRMN13aZ46tZnxC4yoQitfxr:12000000000000000000:OKDOT:OKMYTH
13bcNfxMhLgBnZGriwtTR2zLoSstCLADoomD2ZHTEaicMamT:12000000000000000000:OKDOT:OKMYTH
12hPuE73cTVWTZ3yCbC6Ywm3aHWBpgQApJPhHvPcpLM24EnM:12000000000000000000:OKDOT:OKMYTH
128Tq5DX7FncZWpXSyL6CEz14nXoU87DR3A49TPb5B3YSPAx:12000000000000000000:OKDOT:OKMYTH
14tiKm8b7nEp5Sz7XpAmCGqrrvaZd5ZiXUMcKBFTWHvneMyC:12000000000000000000:OKDOT:OKMYTH
12nirj9dn2sSYWewGhot3PD2jpsLrFUmsNSEk826BiiKp9g5:12000000000000000000:OKDOT:OKMYTH
16FGo9WPg4PgmntMZV6jTmz16q8TWQXTAcg8uWvCRrku4RNt:12000000000000000000:OKDOT:OKMYTH
168LcW3ndck1a19EYC8GmfKUeW3W9iKYeMPW3AH7axNbG974:12000000000000000000:OKDOT:OKMYTH
146VKFTb7mpadT4xFTfVhm9iobac4vpAdqNuuSXcBm4DzUnH:12000000000000000000:OKDOT:OKMYTH
16GHz6YgVYG4igdZY3FhbSpmFNrN63KyC4Q2nMHXAQzdrgBF:12000000000000000000:OKDOT:OKMYTH
1622FEMpvTG5gXv6SSysv3mpSqB8QSgs2G1PWxnQ1GLnDvv6:12000000000000000000:OKDOT:OKMYTH
13mj7tyz3yaNbWBJGkiaSSMQtJxZz9M3ED48NjexMoPT3q2j:12000000000000000000:OKDOT:OKMYTH
16QjGS22yCFBneFSijw5ynZcbEVEw8hQgWHrth77fMbsJdsZ:12000000000000000000:OKDOT:OKMYTH
14M8gGgUeCqGrfK71TorJaThRK9nripkv8MUSE56FmpJjoJ1:12000000000000000000:OKDOT:OKMYTH
127EMdX8LinaW1KbiqdTEYHY37JjYYkQKxP1SFGiZYiz9FQ6:12000000000000000000:OKDOT:OKMYTH
146tJD5ftNRbared44S91Bm6qaHn6C56yLQU2yZpCefn3Pqp:12000000000000000000:OKDOT:OKMYTH
16DGpooqQJecTZW3Dsv52e5UJsUkFB1TU66BuopRV8PTvvtE:12000000000000000000:OKDOT:OKMYTH
13zA5pQeGZP5kMfUjfCKK3zHL8J5eYa2EYUnrjUyh7U8NDgD:12000000000000000000:OKDOT:OKMYTH
16cbJj3fJCcF3rd7mUF3DwTc2b8RqjWrGFJP2ViwVKudkvnP:12000000000000000000:OKDOT:OKMYTH
15PrM8cPXrJAUA4qDoED1BS885m6qpcPx4LPzhSv24QEV5Jh:12000000000000000000:OKDOT:OKMYTH
15X4wL6A4Hanv1EeWz2WXjRuozbCjfihTX6xKceHa5pgsKeP:12000000000000000000:OKDOT:OKMYTH
13DZkJ23gp7XMckAo5uZgoBhLAEpY2Bpoqc7JDTk6q4yowXy:12000000000000000000:OKDOT:OKMYTH
14NBs1RZJSKabrUrLEZoZqJuKX3nR2WC8MoJJcHLvF9Cw3Cc:12000000000000000000:OKDOT:OKMYTH
125zrKh3GZDBMNJtbFeoLrAFrAFEAV7L4oCcDpC9mxhAQJkZ:12000000000000000000:OKDOT:OKMYTH
14Ke5T2vnuKm14wGa4dz5RNKpeFntfNcfkbfcu5VrJ6DNfPt:12000000000000000000:OKDOT:OKMYTH
15kmHN26nSWeShUnwF7CC32sQrMXcpZyjqLatuJ8BGQQgYjK:12000000000000000000:OKDOT:OKMYTH
13AAT83s6BT4U68ozVruWykePbuTujUub29r7tUZgeFRHtX8:12000000000000000000:OKDOT:OKMYTH
16JZnofNMW2pnDqViUDzq3TyNWAQRsGa6b9mAEQHa48LYguL:12000000000000000000:OKDOT:OKMYTH
15GYyPgQa2vSNBscAmvtpRqFieadYuKXKPBHrbeLxuhTjdEx:12000000000000000000:OKDOT:OKMYTH
14joj2ZampK4PT2cx3ANea1jHbAuFGrGzemvWr36Jcs7Xxsv:12000000000000000000:OKDOT:OKMYTH
126MGFKhRGdLoCaZMLK6Rh46H5xLRoaJA5NzyPPYKZX2uSDN:12000000000000000000:OKDOT:OKMYTH
13DsU8FG7KM5mArgen7qcawC4mCpUTbadf8EPCf84rpRU2kB:12000000000000000000:OKDOT:OKMYTH
15UwVJPtbYeua9jkPBjdN2yxidxyaEGqD22nkzpErAbEqfSy:12000000000000000000:OKDOT:OKMYTH
15mQt8jxSPMwmw9WEDf7f7Zp9TARZ5gAzFCoWpiuRCp7YLs4:12000000000000000000:OKDOT:OKMYTH
1L9bW2ADQrNZZ9nW1E4DnWfZoQZ98ZxGatyEfhNF3BunZXw:12000000000000000000:OKDOT:OKMYTH
13Kxb1wFGqyBX5sGTC8DPZ5NH7HvULFyAGXoxrQdRrnNqN6h:12000000000000000000:OKDOT:OKMYTH
15SNTcwqMaeTXPyL57kyhTAFs3Ms9e763Z5LfyXMh922kV4V:12000000000000000000:OKDOT:OKMYTH
13ULYTJi52H8yPFLiHNCFbscWyDgk2RBZNFJmMyJPtBwtb19:12000000000000000000:OKDOT:OKMYTH
12r69XrnPUmXbkjbq1pVTzmAvwg4zJZkcufanK9oBD3VBAjj:12000000000000000000:OKDOT:OKMYTH
13p8dWGVsKbNtTEWrfW4VwBMuNrGKa7x5xNCEWytgbrwph85:12000000000000000000:OKDOT:OKMYTH
16FxNtYBnLw4rhu2xHEabppL43w39FaMD894si59ACnjd9BK:12000000000000000000:OKDOT:OKMYTH
1ncLA41Bgn7xGEFyqph9qUpdAoMgj6smnu8WptB58HVMRfV:12000000000000000000:OKDOT:OKMYTH
12KXSGBAckFnKxTLpN9mNw4kKMcHSWssJuBqWXPr1BNF43Ed:12000000000000000000:OKDOT:OKMYTH
13moMTk9w7F4G2v3bhHCqwzjd4xw8jUpouXEQdCi3hUxTAgk:12000000000000000000:OKDOT:OKMYTH
12imt9FMLyyc8W17ffoyqvXFysynd5JkG1E1E4mmeNpH9gC2:12000000000000000000:OKDOT:OKMYTH
1493u6kcSUQuM2LvXdSpPDGJmzyFToqt29nFzLqCejjQHcsz:12000000000000000000:OKDOT:OKMYTH
1FDajm74WBzZva32v45JWQg9byrdpNkLbTQdP9UWUME6VhX:12000000000000000000:OKDOT:OKMYTH
13izEntpqbsznWxdQDQ8DYt3SZBES1QxvuD1E5ZJfdRdzUxt:12000000000000000000:OKDOT:OKMYTH
1xZFqzaGeEqkEDd4wnEQgwjSkHTGzSfubaD41St9CNptKYx:12000000000000000000:OKDOT:OKMYTH
16dD5wJTZ9SBkQcZY7pjhKYcn8tHyM3Lm8W33G9nUpPfAfLt:12000000000000000000:OKDOT:OKMYTH
138qQ1dgxA7DDHbFQsNbY5WbB79GRhiuzGYq2KDRWjqymUE7:12000000000000000000:OKDOT:OKMYTH
14nd2sn3mDf4ywsuSePSum33bkCqSU1Cch4uokWNfa1C2V6X:12000000000000000000:OKDOT:OKMYTH
134tBebx4zfTAtQFJvGFw4aZRnmYC6pdvdpXzx4vym8BCnzV:12000000000000000000:OKDOT:OKMYTH
16ANfv2gufrGj6HPVCECuryRreuhmLYjoTVz6c4myXr5thve:12000000000000000000:OKDOT:OKMYTH
12YGjBT9oui1HtQMp3sqgCKxdTHwr7JzTWFvC1mP38AVbqbN:12000000000000000000:OKDOT:OKMYTH
1J8sCaKu9xMFerHycYcf58k7NqcxoQLAQfyZ8UyyenVtnSq:12000000000000000000:OKDOT:OKMYTH
16ZgM3JK4zZeqmiioc2fw4Pz8WYshfomQhpVsH6nUKnhYa7P:12000000000000000000:OKDOT:OKMYTH
13txRQDfNdErMcF3FZQHhNVNZLhDeXtRtenEsd6uj8nnzMtD:12000000000000000000:OKDOT:OKMYTH
1E1XLfRvJmMWwHgU88NL8vCoLcazukX9J48SGgg2E3QRYWv:12000000000000000000:OKDOT:OKMYTH
1XJmnfQ2q3YxwQmZG6BKg2eFLPHZbyEzfFvKKhfW7wTT3MA:12000000000000000000:OKDOT:OKMYTH
151ZpSSak7aUTYT4tEz5gsHoTk4ZPfks11dmYpgGqi9gcX6r:12000000000000000000:OKDOT:OKMYTH
125oDCrPekcEFdztCAihVdCoM5ibKWzdwZqmq8ZdGD5Ykhwo:12000000000000000000:OKDOT:OKMYTH
1vTddBQu7eg7n1Ah2booSM3qgLzhKUU683jZKHLicok1rLs:12000000000000000000:OKDOT:OKMYTH
12ueZgAFAuvL4R4tVKHgcjU4bp3xD51EEYGcrsRwwVAfbxxp:12000000000000000000:OKDOT:OKMYTH
13DZJEsy83oWEzsahmzFAnHuZD1vL8tgkHD9yoU5qJJR6nhK:12000000000000000000:OKDOT:OKMYTH
12zPLNLqfMGEg1DKMUQAsh4shGT9kv7FPit8VenzFMCNCBoc:12000000000000000000:OKDOT:OKMYTH
15Tbrdv5nkAg3cbbaSvBuHkSwHSciT4e2ajrioeoGybSz1Sa:12000000000000000000:OKDOT:OKMYTH
16CWvd1wJ1KEC2Uiib2ZubCVjDzBahQP54uU2NHFc7k8eL5b:12000000000000000000:OKDOT:OKMYTH
12w1LJfGHW7H5HtiYdwtkY2pVnbTEsjTkDsExbnWHKWfhnmv:12000000000000000000:OKDOT:OKMYTH
1EZ7Tc8sCBzZ91SMShJivsfzLV3NeQY6m9HYKWWxoZrhDGW:12000000000000000000:OKDOT:OKMYTH
132Qs2UBGhdKeNhyzNBGsETr3tVuz1VrzTYETC9ju8FuKdPq:12000000000000000000:OKDOT:OKMYTH
16ExcffrKqwwsqP7tLhg9B5ydzDL5HZ4gBTg1w38FCEqP8wC:12000000000000000000:OKDOT:OKMYTH
15fDku5eBLncxzJSdsF8Yx4JQpRciWxpbN4phHDAd5kTVGtB:12000000000000000000:OKDOT:OKMYTH
12qcLsk8U24FpF2YLCmd8HFGT9nkgjroQuK4Fb1e8dPv2Soi:12000000000000000000:OKDOT:OKMYTH
1QWi7LxmCybdKemytjpKZa7RyPnfnwNPkbeZKgA7rYCDeRh:12000000000000000000:OKDOT:OKMYTH
14cxpnoi9bsBfLK7GPbxvNDreByBsFr7MtvsZ1gJMEe4yyBj:12000000000000000000:OKDOT:OKMYTH
12rQd44deTq7Q9cp3M3s7ApHbHDpSASYnb4F8cU5nxLJe2wv:12000000000000000000:OKDOT:OKMYTH
1R96kDq2QXM53bQCndjsPWripjJvyjggJSVits2xWF1gYjK:12000000000000000000:OKDOT:OKMYTH
14Y11cdMtVazCVz2R4E3trwXvEFX7Q9n5MZdHVcDh5EZMyMf:12000000000000000000:OKDOT:OKMYTH
13ifypGi4juykhcVSHQELMVftZ3N5jVDVJwotAjJ6bYHskSJ:12000000000000000000:OKDOT:OKMYTH
13iEpRh6ZndLPBushQ8vSJ113kAJriaHup6sAGqJYHQ1L7pt:12000000000000000000:OKDOT:OKMYTH
14hirH1rwcoPDvQThP7YJ8RZZBQe5CCjCnWYmCPbkurzTYGX:12000000000000000000:OKDOT:OKMYTH
13MEnGKh5E9gYEnzuxNiE8xTLo5PjXwBAyCYMZRsKEruGqhv:12000000000000000000:OKDOT:OKMYTH
16tpJ4d1huPNQbqMukszJjmap6fLpdrvnGiReKNYPdpL2Ri:12000000000000000000:OKDOT:OKMYTH
142rrx22NXRm3wbdkcthcfg3fec4TMENwo8s5GrHYi37X6Eu:12000000000000000000:OKDOT:OKMYTH
12D4h8vtTsc48qa6YFDucfm5qbn9WGBR7eRERHh4iG5F1Cjy:12000000000000000000:OKDOT:OKMYTH
12jhgMSrVrgNqyg7uyjJfX42BZru2VfQnroEwNEeqgP49hMc:12000000000000000000:OKDOT:OKMYTH
1ErWL4X7AVhV3rtYbFDRB8W2T7KsEbyZd574RzaruM1UZJs:12000000000000000000:OKDOT:OKMYTH
16KDBXoZoq9k5xRo5jmEaHVTtaFqt4bRor3ixJw17m3Ag7MX:12000000000000000000:OKDOT:OKMYTH
12SUBt1jrnoko5BCk6kFbHVH6pRqP8ZrLWCkkGZ2YKcZymYh:12000000000000000000:OKDOT:OKMYTH
12uyxP97au24Hbhv9PoRtM8rQYPb8t6ZQAzjrvLdGi28LUXA:12000000000000000000:OKDOT:OKMYTH
168NKhKG2VcaE8b2t5Mpv2FmQVnd8bznRYwQjJ4C6zvMWrMv:12000000000000000000:OKDOT:OKMYTH
12h4AFhzXzTM4GC2SdaJmnwxbmoNsMEgNPBgYThFnYhusn6S:12000000000000000000:OKDOT:OKMYTH
14dvVzL5TmEWaYUtL3NgCGTrocMR1HCKMcEmwoiR1CEWPvN9:12000000000000000000:OKDOT:OKMYTH
15U8q1sA4FEEUSQYCjM6XUP5yFQfE5VfC6LzXeBMRYe22iig:12000000000000000000:OKDOT:OKMYTH
1K782qagiRCWyLLbS7HrZZonx6ouM3W76EXgCpb9gk6nkUJ:12000000000000000000:OKDOT:OKMYTH
12zjs8buhryXYSiZYozvt363BhhYumzAw6eEetKYW1cfqjKT:12000000000000000000:OKDOT:OKMYTH
14zTHJ4UDssmu1rAKXXkmzn14T1sC9ezR6RTrUzQqkLuL1WZ:12000000000000000000:OKDOT:OKMYTH
16KtBuMXhBTsgb3Snn67hRx8K3fjUMs6r3u7obkU3cMkR7ry:12000000000000000000:OKDOT:OKMYTH
13sqSM6Bf7oYTgs48q1iX7RNbo7Yi6cMFXckvsSDk9pJHaGo:12000000000000000000:OKDOT:OKMYTH
12wt9LgLgbVwmbHaGTfS1URDTsrSRLHHb2dR7iK6S9w8rtx4:12000000000000000000:OKDOT:OKMYTH
12zmjMRrkx6Fe8PJ9w3DJrkcvTtvsG5GJ46Q3TFge3Fktiua:12000000000000000000:OKDOT:OKMYTH
139DgnFStEgeaRdMRuNVt5N6FjZaXLZDpEjaDvfteuCqoz2s:12000000000000000000:OKDOT:OKMYTH
1jJcXCxMdzvee5sHvWNwvpvGk9V9AUYZz8ZHWv5RQJFBGQr:12000000000000000000:OKDOT:OKMYTH
14ZNNLhpmBwJxBFGH1ffM8tB96KSAiRqzieJ75SSZx3J7FgT:12000000000000000000:OKDOT:OKMYTH
153faCfE8J48fj3jodhQGAmmokUjXiJERBwCNwyWua4832LW:12000000000000000000:OKDOT:OKMYTH
16hYeq15ghAY9jPJLD9EkMPXQgKLrhbCnohNEvWWKGXyJ49q:12000000000000000000:OKDOT:OKMYTH
16hyhvkfD4TavP16Rjc6f3ksWTHjFbRJ6E46x7T8Wea5n2Q:12000000000000000000:OKDOT:OKMYTH
14AGbKKx61N1tGL7YyHGx6AkkPAgTfjHWznX4mwxrTUzfGnp:12000000000000000000:OKDOT:OKMYTH
1wUz3zPDVHRXbD6M9v6gCRkRDZqJebNKGWGerWGGXMDknyh:12000000000000000000:OKDOT:OKMYTH
14JNrcuBw79oeTG5zNjCMF5VD6UoTjXB2Tp6PFP6Fvs5NQxY:12000000000000000000:OKDOT:OKMYTH
12SYJ2oAqziM54nsFWqM3vuxhdn5MBRw2d1SWMs8Bvcg5Lx8:12000000000000000000:OKDOT:OKMYTH
19zPyfoRuH5wnNUJJMNCQdAn6zBjkCoT2Nw31u3zF2GxB4Y:12000000000000000000:OKDOT:OKMYTH
13U1Yvj5oYAJK2hCW79myJKaozRccNsse9tah54FU97gzFSQ:12000000000000000000:OKDOT:OKMYTH
16VishPMbEy7NgscztAP6SrbJSR7sk7qfQmYUiScUa1FU51b:12000000000000000000:OKDOT:OKMYTH
13S911ipvZmmrGRPbutdNbKtvHyrhLw2HweksYFofzyfY4F5:12000000000000000000:OKDOT:OKMYTH
14tfVFTVzZjfVm1zDZVMQc7TNVfLNrknrhtFTicmaXcJ8MXZ:12000000000000000000:OKDOT:OKMYTH
143xgaPxruvHys2YVQqeQUTiEHXJ5NhVWRxcXFDP9WxckdLE:12000000000000000000:OKDOT:OKMYTH
15TEwpX69zifUmCUy1mi5m7ukFrUdFABxXVFntrRuNNXhMgt:12000000000000000000:OKDOT:OKMYTH
13JDQjjXDNzRYFUBpNuNeVNcqJC61xkjt3EANFqetbca5gxm:12000000000000000000:OKDOT:OKMYTH
12C4imLGMuZY5BSbjq1kgM2oeuXRH9VL7HtJfkMPH2PCtWX9:12000000000000000000:OKDOT:OKMYTH
12Js4oM3ogSGpwV8JPArzNyvnVzHU2aVKSDr9snEiB4LEfwW:12000000000000000000:OKDOT:OKMYTH
1pgaJCvXUmqCqasn24V4qtaQjQdRPW5kNEBeL3tKR7AZaU8:12000000000000000000:OKDOT:OKMYTH
14XVgxFpyq72YfFvYvEU5v4BnveALvJD2ATfCLqqNRn1Tn8R:12000000000000000000:OKDOT:OKMYTH
16enJnWcanvivmSEDbtZb92wLnFMShxUsAZRcp1FMeYh9PFM:12000000000000000000:OKDOT:OKMYTH
1Qbt5SE51dPS5rPCZdheRDVeZ4cFGtaqi8BKx9yz3gA4rdp:12000000000000000000:OKDOT:OKMYTH
12BdJ9fsXtyGBXPeiLM2W5NZB6PvSMzJjSyNKT3YQZbQbfZa:12000000000000000000:OKDOT:OKMYTH
1n1bzK3XdH44FCwUQUZQxjnbVrNg957vLZ1yxq8bgmjKwdU:12000000000000000000:OKDOT:OKMYTH
16NVPx6z9ZbKRXkbufrtTu9V6xEixwfbZHVhdVEYkeaYpgpi:12000000000000000000:OKDOT:OKMYTH
1y7u2NCaFVWa5YFD7SvVUVxM899aEXtv8oA7DjaSCDaVuSa:12000000000000000000:OKDOT:OKMYTH
1ZRt6kypd3qyEXKsApt2jpnFRjY1BiPx4K7Nchec1zFMegy:12000000000000000000:OKDOT:OKMYTH
1ryA4sQX2rReu52XFv4NuLYuKhEdEKYFUt4uNkxs9s7sAhP:12000000000000000000:OKDOT:OKMYTH
14NAvH8zAS2pQa7MDz5BYRGLP84b8zsFtR81BHe2cJoiE1zy:12000000000000000000:OKDOT:OKMYTH
1LtvxQRyKyQT7QC7q7bQBQt63VMqv5K6EGBFduMYwCfsbLu:12000000000000000000:OKDOT:OKMYTH
13RtFMajDwQWk9C62WdaZUoDkjhQzgjREuL2sKWEG2Agt4yR:12000000000000000000:OKDOT:OKMYTH
1LT1NzfVqCyAUPAwMCYYmtVbFtXb6VSUoRw8qHYYA2tWd4e:12000000000000000000:OKDOT:OKMYTH
148BiQoFtQjv56kHTroaHYeHBG3gmvsZMyD8ZcSdTXv8h8jK:12000000000000000000:OKDOT:OKMYTH
15tEJowWMNaUTH8sdkwzJi3qUQ52ewPTvwY3QP1VPc31tD7W:12000000000000000000:OKDOT:OKMYTH
12nzvw53dL5LzSEYtRpg1ggVjjrv4bVduH7nixcTgHmZM5Qa:12000000000000000000:OKDOT:OKMYTH
14TGnxqVx2JpYqv3yYGwWVUopouDiSyBJ348779N2b9FTqZD:12000000000000000000:OKDOT:OKMYTH
12ctQWvU9fCTjUA4wEGSQ5EQULYRB9BNreqH3HwfwnaAfmWa:12000000000000000000:OKDOT:OKMYTH
15kRLDUfnNXFaozbo4fRRKnnEFVtKYnENYZBdYVZaCSQo7Cr:12000000000000000000:OKDOT:OKMYTH
13PuCLB69Vew7sMWFYh3JH2E1UHQGp7Grn24j1sG5oFbkDcd:12000000000000000000:OKDOT:OKMYTH
12Jbcrm8Gat6LuSoSsLcKJVqhEiPrXtpQBzyh4gJT9JtQen9:12000000000000000000:OKDOT:OKMYTH
13ruRPFgc6nc1hibU9Ke3TVBY3adNikzrHvXJGKaUuzKYhz:12000000000000000000:OKDOT:OKMYTH
13QbAxz6K7qxovew7UcYiKDe5KzhbyPWYimf8fCVE9grmzMu:12000000000000000000:OKDOT:OKMYTH
16HHEPK7ZLch4SFdwwVVUQNj6FYR8FV6ehweMnpeQeGjhdAK:12000000000000000000:OKDOT:OKMYTH
14p6kdnpHVKCtHKwnbLePQe6N8pudDeb2Xg4uPAicM44RRps:12000000000000000000:OKDOT:OKMYTH
14N2rwaj1js85Yj3ByBJwwSrvn4H7d5Zgqj1nsKYPnKrK3yD:12000000000000000000:OKDOT:OKMYTH
1zNSkko9egSrQqhrmEd7N2AoyAGDqPiqPNw8mS6eriuxcB7:12000000000000000000:OKDOT:OKMYTH
15Ab6WZhsx8NPCi7yEuvXpixBukeiGjRQMFSsDX9S8kXHEAd:12000000000000000000:OKDOT:OKMYTH
14J4PuqzWSgDbuVPqNgcTBPfXPUiX69oB9HayjB4B7iEi7P7:12000000000000000000:OKDOT:OKMYTH
15w8HMaohinXiy3KdRGYftVfB1WUC8FjcEuhrg1Aj4fXy2QJ:12000000000000000000:OKDOT:OKMYTH
125VNJAJpeoGkgrb48Z9FPwqc3xYC3vB965gzXwnBRJURfr9:12000000000000000000:OKDOT:OKMYTH
148r1GMHTncAnnk2gpa1Y2kLopoSj5t5nUY8upHHC8S1y1n8:12000000000000000000:OKDOT:OKMYTH
12TUp2Hpm3NTKDTzcwzdPNVjcW619Lj1MC92WG4NDErFrYuW:12000000000000000000:OKDOT:OKMYTH
13Dh5NsiHbVTc7CX68C4xJosC2k3LMsvuN4amxLCRi3NYtaF:12000000000000000000:OKDOT:OKMYTH
15LhojJqWKK2EZaHY5JigFQvbcQHsLxspabHvXCMRGHG9P5v:12000000000000000000:OKDOT:OKMYTH
12xj7g4cWWuMbFw53nnvXkMX5sgNWFVSf6aVXpt5hwGC7NVb:12000000000000000000:OKDOT:OKMYTH
12b9MKdi9h8fFF9pk4bTwMW2zy1MTugerCKcLrXdBQ2AtWKT:12000000000000000000:OKDOT:OKMYTH
1Zb2DzEpa7eVM8dPop9P4ZG89W3q6fGJbh4rsz5Ao8C8dmC:12000000000000000000:OKDOT:OKMYTH
14hj4SRxn4bBJGJ36JxynaPNzarS3KYo5V9QJFWsgxwxwZTB:12000000000000000000:OKDOT:OKMYTH
15ifFMsRTLNJt4zvZPCxLFUvrNpFonSHqPWGswpKU5nXZ5CE:12000000000000000000:OKDOT:OKMYTH
142b5THw33fWj7jCLZBUXmUoFMeCbM8qBDkXpYmihYUkccc1:12000000000000000000:OKDOT:OKMYTH
13EYcve2ui7ZLX3yXH5rgAQLEkyGHGCo6gkYfPiVTyC1unF6:12000000000000000000:OKDOT:OKMYTH
16VJxHx42o5tSM5So9yx4awrc92VxkLct3wAbQEs74y7Zc3E:12000000000000000000:OKDOT:OKMYTH
162LtYgvNuR9R2RTX2AdQ2ht2mm8s4ctCeqDzTYTrgXFTXDs:12000000000000000000:OKDOT:OKMYTH
14VGBQXF8v6R3KHjx7TaHg4y9jyBgnmQAuXSRiTZbRytLn9A:12000000000000000000:OKDOT:OKMYTH
14QyhjG9gGNFFxYoRkorq7MiQk8vXEwAsFySRFU8zQ7qz8QF:12000000000000000000:OKDOT:OKMYTH
12cRQzjui7KDaP3moMNwvmhmn7p5mUbw7jVkeSnXm7Jekd9M:12000000000000000000:OKDOT:OKMYTH
169k9PmrNUipUMSJF8bJR7Vnf8MhFjoWg2Y137sfQeGpAWuZ:12000000000000000000:OKDOT:OKMYTH
15SqXdw2eYK3whWAqjyaaDtHCmawdW755cn3yYVf6YAzRc4t:12000000000000000000:OKDOT:OKMYTH
13K5kR9MKUfrHY7EZrsVmeLpUgbgCzKJji6HSHEkfiBip9mh:12000000000000000000:OKDOT:OKMYTH
15at91mFRrpkopi78HAakTQ2A5X1LJahqdfekxNBaxcgYfus:12000000000000000000:OKDOT:OKMYTH
11pHU6oqAMHFRy7NffpBxQHea5j789F1qv2DMeQvVxoCKJQ:12000000000000000000:OKDOT:OKMYTH
14bZTucKCbQtKP5Aj7sQvHeJUJrGJ2SxnHgsg7tohNq46SNU:12000000000000000000:OKDOT:OKMYTH
14rU7SYZRTNFTEH9z2LsYeExqFp5ZimL1451PtKneUUXmyui:12000000000000000000:OKDOT:OKMYTH
14gpNKwFhe78qCWU8k672AdcAfBeZjYJmAG3nwNvkcKRY43K:12000000000000000000:OKDOT:OKMYTH
14Hpu6oWE7Qa4i8tYbbM5iJfMdU45ctTUsQtVQvEfYg2QKBR:12000000000000000000:OKDOT:OKMYTH
1nMHowF2THg5J3iLWpJmoLurPWKYgn2ou7PFGaBa5EePFZR:12000000000000000000:OKDOT:OKMYTH
12Vi4juHHurrivT2ABhRiERbKYxixbrXnnQxWzWEHvnU3fwx:12000000000000000000:OKDOT:OKMYTH
14ZxdodCZPKWoBQmG9aL2K2K12vuSNdy2UqNn3tLYinam3AL:12000000000000000000:OKDOT:OKMYTH
12bwsQrWApzzZseF3tZNMTkNioavYB2GUd793bfDQ5gCHm3p:12000000000000000000:OKDOT:OKMYTH
12enLKenW5sGoNeT2YuMzjNdVobEa96TpWm5dVN2RMj59ZoH:12000000000000000000:OKDOT:OKMYTH
13rLAXdgReu7gv7PqHcNq6MbxYtQvj7NWYWhD1r511TX1R8F:12000000000000000000:OKDOT:OKMYTH
14K8combstJQWtLB95aTmr7HzQjKpas2PFPH1FwooiKyex35:12000000000000000000:OKDOT:OKMYTH
16Mo5yy6JPViDDwvhjPUdf8dThEo3tbDy8BTPLXT62WJec5W:12000000000000000000:OKDOT:OKMYTH
1DcGCRhmft5Y2NgY2muXZjPz7BLjen5JCRJQVZnEno2up8D:12000000000000000000:OKDOT:OKMYTH
14a4nXw4qnzatgWArfZzmw2BEkUEHuaGenZYdV3UDLhExLEh:12000000000000000000:OKDOT:OKMYTH
12xyB8VE3HzQfPRoj9wtnujjLrAC363fHef39uGBEiqQNjWD:12000000000000000000:OKDOT:OKMYTH
14ikKJms2hyowBAUztbGBe6pzsGoJGvUzJhUZ9N4D6D1UMCP:12000000000000000000:OKDOT:OKMYTH
12mhsqxhe9V9UHozMFDcTN8nVK7o3iPCHqrLnzhCRobcSFZv:12000000000000000000:OKDOT:OKMYTH
12C5L1hxVKAuTLRJysdrPtgD61Ayc95jACGYUzacJARzhCD5:12000000000000000000:OKDOT:OKMYTH
15cKYU6U9SSZanSNgNRLAb4wxQdGJwpD7yZp4nv56vUv9kTQ:12000000000000000000:OKDOT:OKMYTH
1tZs1ro3hrcarAwar4JJoNLdzYdDRZdhkjxQs2ybYdG4bGe:12000000000000000000:OKDOT:OKMYTH
142RsfJ5rGdiPjbEy71HW4FhfuC6aVYvN91nPp2G7TBos8Tt:12000000000000000000:OKDOT:OKMYTH
13Y5QvWxyaMRU2ZzXEcRxk42xaw8FhsTieYHJ2AG2UYRnGKP:12000000000000000000:OKDOT:OKMYTH
14oESXEZ5diB8T6vpJ43QTqyVBCaQTpfvm5A4VUP9fkFMx1T:12000000000000000000:OKDOT:OKMYTH
1gfidpVBtU11SD9zS7atHvP7qf4AGt2t82YxNpLyMVm4dnR:12000000000000000000:OKDOT:OKMYTH
1Bc8P3WKQpjvGTQYmqFPDtMiP4zNg9KkwTsLnhN2J4CEaQe:12000000000000000000:OKDOT:OKMYTH
14JoW3CZpXF126kVLdYwFwLCfL4TRRGaEyXagULGhbyADsVi:12000000000000000000:OKDOT:OKMYTH
12bLYp3AM9ECHm65j5HMetSdYvKteexWH6QWbngSdgwbsGo8:12000000000000000000:OKDOT:OKMYTH
15iacFUGY5zfnp3dJQpZrH3JgQ5cc77Heb1DtTvCqwes8K2i:12000000000000000000:OKDOT:OKMYTH
14yjHqLDj11zePMkgfyAc6zLGDfiih1MrefV5XW9qg9C8GzF:12000000000000000000:OKDOT:OKMYTH
157v1y6NHLdf7rp9jjk2VpHZWCERU6GFwUDJ72Fp76vAiVGm:12000000000000000000:OKDOT:OKMYTH
15CQDfaWy2wgMCskxm3CCFtyiBBY2EQPaQxnNC649f4wrTwV:12000000000000000000:OKDOT:OKMYTH
164EPQbh6CiRSfy2fT1LfV9vgC4YSTDHT1PyBgMk6SB8z3gf:12000000000000000000:OKDOT:OKMYTH
1DR54FE8FVHT2LvCiHbP7aV1sbzCzDJKSKmyaeerhCVdVz4:12000000000000000000:OKDOT:OKMYTH
14wk5T5s5VVqTGGZX9XmpHecGNUCJTgSorFSzcMywmedQJtp:12000000000000000000:OKDOT:OKMYTH
13HJoX3FMZ2szLQyL4DzQGSGts8rM5pZXKTqX7QVjjkwnJLt:12000000000000000000:OKDOT:OKMYTH
14GR5m2U8V8juh3iSjouPw12qHvumMCmse2UdhZm9yGpVSy2:12000000000000000000:OKDOT:OKMYTH
12EbSctN5fac2NG1inEN9iY1FrzXBkGjsTd3syM5D6EsZs4e:12000000000000000000:OKDOT:OKMYTH
155LV2UKaiBLpSdEyJgBFGDr6Cji58b3PcvLqXK8NfDxLFxG:12000000000000000000:OKDOT:OKMYTH
13BqKpFzMvNZQEx6gavoM93gPEYvKHmPT3b9WNBNPs4BPkyW:12000000000000000000:OKDOT:OKMYTH
15m9ZxQsuUrSuBWAWE81KfhFABAhD21JwjGPNCCUfym9bctL:12000000000000000000:OKDOT:OKMYTH
1S2P5LvsiosSYJsBgmmsBR64y2qBCWKDbTesjVS5necPV53:12000000000000000000:OKDOT:OKMYTH
13HBM5Z1oZt45YB8AzWXTsHeHQQ81iAd1DRM1BzPvEQBLtra:12000000000000000000:OKDOT:OKMYTH
14Q353XkHPBBPPaR12WpfcNxKufcMA62hkkVj9jBKgaB4oZ2:12000000000000000000:OKDOT:OKMYTH
13XfWbr9HixPaunzajXCRdQKRTDhTS67JZ7DFKhNT8rqKAL7:12000000000000000000:OKDOT:OKMYTH
16VehtcwR7QXXb9DfGYGPFdDYkCUp6amkvzz8hegUt9JjQye:12000000000000000000:OKDOT:OKMYTH
137JVkdNzoyDt184TFccLTHCvpMYNLWX4buXdgx2vedLVV1T:12000000000000000000:OKDOT:OKMYTH
16TqLVNWs8AMAjHSFvbWyyNAA4NkK1gSV83J57EkXoJcTkmv:12000000000000000000:OKDOT:OKMYTH
1jH8KwPSvKozELveR5LicBypw8gDyuav2NLCPPdkoTpPipt:12000000000000000000:OKDOT:OKMYTH
15dN7FaL3EzNUKWWD4izRkH3WqKhRJ5prhxSGXhBc8zcKpeN:12000000000000000000:OKDOT:OKMYTH
14LPLB4QBdFBe3i5fJahcfq87WCybDEPnNGtVXxajtQoVz4a:12000000000000000000:OKDOT:OKMYTH
169oy3x5YYNp1WkLhuhXKsT2AL5UJ9LktTZMR5nMPShb6KDY:12000000000000000000:OKDOT:OKMYTH
16XpfT49byyqepyDa9zA4S1KYrxr9UiZs9FqQkiAGCdcHqLz:12000000000000000000:OKDOT:OKMYTH
1kMM61enF6UABYQEg3Z8nChCi44H1hpjKzTpJAXQGCh9vnF:12000000000000000000:OKDOT:OKMYTH
1yHgJnmBSyc7W7VVtnneZu7fuJrxPKQS5DwF7aSY143fhnC:12000000000000000000:OKDOT:OKMYTH
16jf4TWkSoqvNzba7qYQoxNjHvLGxckcxvtTCacyXRVzCmwr:12000000000000000000:OKDOT:OKMYTH
16f2C8jSUcK95RtDXuQ5imtEn58wzhwdbRDdj5sEp42xBh7D:12000000000000000000:OKDOT:OKMYTH
14HmSK71GPAfzCLoBfyZUtMnAfBJ12dYj2dAZaSxc364BMMv:12000000000000000000:OKDOT:OKMYTH
16QbgMn1u6ZjEi2b5VzrAC3UpnfnUGnw8exDnupcxe7HcLTK:12000000000000000000:OKDOT:OKMYTH
1UstwzHpVX9WU28XHL11dtz95xNsWpg5T4cvvuoRfuQxoic:12000000000000000000:OKDOT:OKMYTH
12EPCWXwQFifibHSvRodMToNVSawnzxcMa8pLKAuGuQhJM3g:12000000000000000000:OKDOT:OKMYTH
13iNcFNmF1zPkUh6Ci4Ag28KFhRX6kMZbu3tiCmgSotcz9kf:12000000000000000000:OKDOT:OKMYTH
13PfymFXRbkrehGCMz14W4tzXrBj48vuacXMM7goSSJ2aQk:12000000000000000000:OKDOT:OKMYTH
12428V6xS1UcpuW8UHoD73uDPCT6pCRfZqkr2wfpovXRuZY9:12000000000000000000:OKDOT:OKMYTH
15hnrC6FHLcfnRD76Uddi7EAKEnKUbUD2zv7Ba5Hh4i3RABy:12000000000000000000:OKDOT:OKMYTH
14cF3P5sEcRiWPpRGjZJhrSrLpb6bjtdnxhC3ZeMx812Bkw6:12000000000000000000:OKDOT:OKMYTH
16QKXVgTK4MegX9vDwL1gt2aYo2114NgKiHusgevvabfWMma:12000000000000000000:OKDOT:OKMYTH
1EHLDEL653V2F9K6HkZH8z1hY5eyzD5H6ByrzPe94rxtuj3:12000000000000000000:OKDOT:OKMYTH
15HCbvLxccqYWApsrNvHA57aoESe97siYTgwdR8dJmpGzezn:12000000000000000000:OKDOT:OKMYTH
16gYqAjppDeft6mUfG3ZgYyULD6dNPt3Cjmb9uUCvhXMmA5:12000000000000000000:OKDOT:OKMYTH
1288DJgxTSkuDb1yrcaCU24V4BZtd53p35CXwqriydoQdcrC:12000000000000000000:OKDOT:OKMYTH
15jjV7bEJgpePWBGDR3fkHngVjDSRVNeacdTiBDTLY6P9GEf:12000000000000000000:OKDOT:OKMYTH
162d6s8j4a9pwDtPYb6pKRNoLGUZhkWYgy6Sgktgr6M711MW:12000000000000000000:OKDOT:OKMYTH
13hAkzMZGeqR4BgDrXbXiVAniKN54gbfGQb9qP7dVNhc1tuQ:12000000000000000000:OKDOT:OKMYTH
15VHCp7xeAn954xuXi5US2eSoUCLEirYtnivrpSvMvwYMi6n:12000000000000000000:OKDOT:OKMYTH
13vKNvGSEXZYrKk2NX1CCHafdUfvy7djmNzN5Afq4wZskTwf:12000000000000000000:OKDOT:OKMYTH
13NCLd3foNpsv1huPDzvvfyKh37NEEkGFotZnP52CTR98YFJ:236000000000000000000:OKDOT:OKMYTH
