14ghYXWKyihQbHELLg4T2FvfJA8MWLSHzfy1gkHMPbuJpikg:12000000000000000000:OKDOT:OKMYTH
141E2SMizeWGAytdXW15m2dyvAR9PBUCbe6ntjoS8u6vcqw:12000000000000000000:OKDOT:OKMYTH
16Sh8WgbuMNb3eftkSDQdFfvQCb1Mq9xVzvw3srDfbgsLyEu:12000000000000000000:OKDOT:OKMYTH
12adxG9mnPuU2rakWLunAwkktQvN4y5F8SHvupR1Qm7iQUtw:12000000000000000000:OKDOT:OKMYTH
16AxHMtLbrpK4ffqn9ZWwYu3P61JcoxNWNUKiFyUMCsSkeUB:12000000000000000000:OKDOT:OKMYTH
1sKk5AHfnesPxaNhfJrGaRi1fEudN73bXDd4zXjkvTVCvnk:12000000000000000000:OKDOT:OKMYTH
141GrNUA4phvmyPbwnB84bgzJfVCBb7KPJwgST7HipPf7kpT:12000000000000000000:OKDOT:OKMYTH
12TpTdkACdHg7EoRdq8LaMQFF99DDaih8bkgWCH3W63TsTZw:12000000000000000000:OKDOT:OKMYTH
14xWuvq82wYGGbwnMBbYJBqUVpq9aZ2aB5KcWbEPV84UaYVF:12000000000000000000:OKDOT:OKMYTH
1YrmZETQcJbXYCcH8Xpg4HsBXyZKePV52etBAjr1sHddRNx:12000000000000000000:OKDOT:OKMYTH
14GfmzUNQu6QbbuS6kabJY13byXsBVXF1wSRviGB3uigPJTM:12000000000000000000:OKDOT:OKMYTH
13VxNoHu8adxD1bTSBhkcUu3HX74Z5YKbbQtmSjymf5oq5yx:12000000000000000000:OKDOT:OKMYTH
13TR4BuYZoZ5qLVF2Nox8oNBntAAi6Y64n9upS7oE6svtknQ:12000000000000000000:OKDOT:OKMYTH
12F4FfWNfi4PEu5vii2q3pQRnL4VpLHe7DAa2KZidxtY79Kx:12000000000000000000:OKDOT:OKMYTH
14oQYBHTY4TRJmmsn7nn3sA9xHv19e6U3KYoYbWcf5GSEnsE:12000000000000000000:OKDOT:OKMYTH
14yvXR9bVmNgzqH5m6KkY883gCgRbnGqUYe3sNkEPWQ5K1pj:12000000000000000000:OKDOT:OKMYTH
14WH4ukFbMB7grPKgAzqPDRXG5FeXhSWKFrbtCs5rTsdk186:12000000000000000000:OKDOT:OKMYTH
14boJ58WRtMYnuW9FmtoELmanhDohsmDuDaJiLKb8wHU5hJ:12000000000000000000:OKDOT:OKMYTH
14bHFaWQjworMuwKUg6Q3JeeNHrkvb7oL4sdJye6UKd3MTv6:12000000000000000000:OKDOT:OKMYTH
14YC38Xy6X7NDN1E97QwSWeRCtBEpazZaX4daoXcZxTVxtyN:12000000000000000000:OKDOT:OKMYTH
14UHwAfRsCiQJHQsCXs8MBKYKYjTZiyLA7cbkanteDjL8FbR:12000000000000000000:OKDOT:OKMYTH
14UhhtCPv6XPYodDZ4C5bjTC9ZzRqCScULhH3bQep2uF2eKd:12000000000000000000:OKDOT:OKMYTH
1XgBERoz4aXZrXz1feB9L3PYyU1Rs9LTgZhhRiQ4mD5qiG8:12000000000000000000:OKDOT:OKMYTH
12uUHFwJ1vVoQQ5UzEapq5umPEqRkjL3iPLVQnh7xCqmVb3i:12000000000000000000:OKDOT:OKMYTH
1iftocUZbXhTK8i2okodyqt7ocZwFYHC8arJ8NhKatECMni:12000000000000000000:OKDOT:OKMYTH
12wJXZ7gSJQ82HSfESBzGFUc2xYPrFyYvqk8xHNXauDF3HC:12000000000000000000:OKDOT:OKMYTH
132AVCuouCA3s9pjTCUki4Y2EgkDGEEfJn5qcSivcgF9aYD7:12000000000000000000:OKDOT:OKMYTH
14yUcoQGvc7Rn89X6V3PsLdvU2ZD9ywtdiph4rcD7HraNuDj:12000000000000000000:OKDOT:OKMYTH
13qFAhGpYQPewxkA2zkG6ogaLxBWjEHidDxh9AQeTi9RgWDq:12000000000000000000:OKDOT:OKMYTH
139UyPrVVoVWv6ZSLYTwepzZpeVRvFfTxmy8X2tHx24iq8Cx:12000000000000000000:OKDOT:OKMYTH
1oPgtgdgXwcUadHbhjXJPQbR5xpmGiCfQCgW5NnMLE7UAqN:12000000000000000000:OKDOT:OKMYTH
14Nnx7wHZGdC3TwWGTqib3y4wj637WPfSRcjJKkFdUCMNHfD:12000000000000000000:OKDOT:OKMYTH
1TtmBneoMhXf1uUXfz4DTUW19QVrfr121BdzTYqsYuWyJbW:12000000000000000000:OKDOT:OKMYTH
12N4pXPTUz4U6LjW2FkiKsD9WDDUw6WCRc2dvfWDjSiWZTBx:12000000000000000000:OKDOT:OKMYTH
13YvLZdRDWWqavwJqEdKnGFvbH42yaLcHm689DndpHV759A9:12000000000000000000:OKDOT:OKMYTH
13yxFAQg6X4aBQQM7REMXHuA7u7kQvygYvxDig5qMCoVPiAJ:12000000000000000000:OKDOT:OKMYTH
15RdDCDGMbNBGSQA8a1ZpRup21eLrcGibPJZ4zFPZ7wwquUP:12000000000000000000:OKDOT:OKMYTH
16PynLBB1Zd1SXGa4djsQgarR8SPo9Cw1KGBWq7D39QKPj6Y:12000000000000000000:OKDOT:OKMYTH
129dAyRzCWPNX4As64c9nnYqcqWUnpv8WX192wm6w6zc94Aw:12000000000000000000:OKDOT:OKMYTH
12QvLZpF7k1epjtAjnU2WXu2Yo63a1YjomuwHmCvyoS3dPTo:12000000000000000000:OKDOT:OKMYTH
13jAyEtH4tQZqoEUVB9cDndW6qcX3AiQUz4VS2NgXTw2Kizp:12000000000000000000:OKDOT:OKMYTH
14XDfvTQHQ4eLjhB3RqHJcjhMFg2yKyuiovGtrPcs8zZKJTg:12000000000000000000:OKDOT:OKMYTH
14NtndXGuu3EWK1oz4USxEQZ5ELDfZt6rJujf2JpDjacPa2q:12000000000000000000:OKDOT:OKMYTH
1rvSar2E1AijMmne4nghHJcckYfnVBpLa2S6ApCwcNz4Tou:12000000000000000000:OKDOT:OKMYTH
1de48oJ2tcSxCeW7BcWqsWQjoConPoyUcN7Kdz3pfsjSiQq:12000000000000000000:OKDOT:OKMYTH
16Mz1syAkYiuTfQ8Tre6Ptm1oEmDWVrs4VVP2x94NR6MK5sK:12000000000000000000:OKDOT:OKMYTH
12gMuig48wkv4F7VZmDdgZuYVb1j5ygLpDUNJz7pCgNkf4FX:12000000000000000000:OKDOT:OKMYTH
13yjFNaKdnunhG4KdaMJoziH55RuuNiq5WarbbrJvvxpNxPv:12000000000000000000:OKDOT:OKMYTH
1sxzC4cTSMLghSojP13VZwnMaq3M4VtcYYiShtbzZjuKsUh:12000000000000000000:OKDOT:OKMYTH
12ZQVCcArXfaZmVzwV97LWTHUUXKAgCby8gR87fWEG4HqLRV:12000000000000000000:OKDOT:OKMYTH
15B9coJxxuvcWKhY5mNnBxZUSnm2Mgw8YJgARqib5rNozFWw:12000000000000000000:OKDOT:OKMYTH
15EvhhdyTw7npyF1ph7qZ8r7Mzf6AB66RNV4AbLjKpCuvG5M:12000000000000000000:OKDOT:OKMYTH
16TPxFZayEbU2Upj12D6EJdtvPSwtcVwwvQZBpMaGz9X42qs:12000000000000000000:OKDOT:OKMYTH
1Qa3nPT1e65L7wPsLiJDVY35b9D2ozB9bae3gByk6A5aBFi:12000000000000000000:OKDOT:OKMYTH
1tfdZTKYtSf4E6EwwJhM5NzsRUiQirPdLehYF3YFXqXycA5:12000000000000000000:OKDOT:OKMYTH
12dxLGY4axm7LPe3RywEie22fFXdwkuCsXK5KMstGqP4hgwV:12000000000000000000:OKDOT:OKMYTH
1DqUFc7ASpBz9ezHzYfAYNswhQXDPHDzETCQGfkemE1HY3j:12000000000000000000:OKDOT:OKMYTH
15T9eh8wsH72wYRQNs57Ln3SNWSTKpGZnaLXuo2xzfLrcnyK:12000000000000000000:OKDOT:OKMYTH
14RQM9zxzTuytiKR2uXiDe6v6SnBfdvN5jJe6szWVrfzgajS:12000000000000000000:OKDOT:OKMYTH
16kqnQRzs7sNyEMLtuJJw19by9rBy3xFXsGouD2yti93QkXo:12000000000000000000:OKDOT:OKMYTH
1CmCf5xbw8K6PjJWourMmEzoDv5LoWjQRWTroDHBZJ8XwoV:12000000000000000000:OKDOT:OKMYTH
1jzo1KxvaKiZeYhMLBAUW4naqPjUcRVet8AR5vB8QqmtkrG:12000000000000000000:OKDOT:OKMYTH
15qVZj2bdnHVsZEdjUiswkWbEiK5zWSKp77XfmrSUjxsTYuK:12000000000000000000:OKDOT:OKMYTH
14BrTpDewtuKbB1ZqK9XRmL66MhdP7vUPDHV9FnWHBSmc8HX:12000000000000000000:OKDOT:OKMYTH
16SVqPE5hirNx3m2kuieM7f2JdEDZjCiSRWRiJyhxGAgDdmU:12000000000000000000:OKDOT:OKMYTH
12PRKadiQmJ3X9pL5BZxNwvvWr21yREjhptxB52fTsg7RdvW:12000000000000000000:OKDOT:OKMYTH
139BPjkg9cLX6ho9MnVNDPSyoAZhRAhra4hG5D4mxKVruqjD:12000000000000000000:OKDOT:OKMYTH
165WEKvogWaeVvU8WqDqStx8TBFjrpaL9vjhbpRgx1fgEXYT:12000000000000000000:OKDOT:OKMYTH
13QteJ3ipjVxrCeH1UXjnrBhzcBGzEb4VWJR5LuysKgUPMiL:12000000000000000000:OKDOT:OKMYTH
12656DurKT3eC2i8Q3PXmvDJN3yRPM59rd8fjo1mthhVvCJt:12000000000000000000:OKDOT:OKMYTH
14kzuUTzq8BPBzk4Z1QKmu3QxkrhRheBoHu2b1xxcQT8JYjb:12000000000000000000:OKDOT:OKMYTH
14fhMZBw7dF17pqPm7zwmD3d9dfdRxGENHjCFg5h55o4tzz9:12000000000000000000:OKDOT:OKMYTH
15Rc3fBYVfHSSht3oKCVmsNUNt74VRt9ztQUaUBGzkoFt94M:12000000000000000000:OKDOT:OKMYTH
13Xk6jNFV4ZPuezVhpscwLEtEqSMPS3Mx49Kt1hiqpZMURxW:12000000000000000000:OKDOT:OKMYTH
1x7dz7EBo4X5Wh15ZnLp9Uwt3ZoAhUcQgHLANy2armuEPrL:12000000000000000000:OKDOT:OKMYTH
12XZsnLQfxyvgwRtL4MybY1y8LYqBN2CnNpxTqex9ux6BgMY:12000000000000000000:OKDOT:OKMYTH
12Ucjrm39cCULEsyT2Q4gwDvyTucGgA8MV7GWEheG4BZtS8E:12000000000000000000:OKDOT:OKMYTH
12UYFqnFyUZ6Vzw7P57EerrTm56ogttP6RfnoMskh5YNcKtN:12000000000000000000:OKDOT:OKMYTH
15syeETQwNoebCgwWbAqBkG4L32379bjsHViCcCf69cTBx42:12000000000000000000:OKDOT:OKMYTH
12MRKnQzVirexTDj9UckUietxmKMhSiJgVL6PoKqPPacyHhm:12000000000000000000:OKDOT:OKMYTH
13mMfwhmZ95FE9wvGHkD2RKTrd1MzobRLbkZGcEiq72JzAnq:12000000000000000000:OKDOT:OKMYTH
12Q4DW9ufSjv9kMJS9Xua42mGvDPmad5Zth1i4amVk6Ekqod:12000000000000000000:OKDOT:OKMYTH
1Zj4hKTVBwTJJeonV1L9fUi8j4vnjgzfch8Ft3XMKucPcUK:12000000000000000000:OKDOT:OKMYTH
15kUNzs6nWtb3usxnjNRRJU53cH3zmsfe772MjgHbbNjLifx:12000000000000000000:OKDOT:OKMYTH
13WUp5N2bw2Mn4yzGnrmVVJHSkPxPRthGmHV2zMMAJSkMQCQ:12000000000000000000:OKDOT:OKMYTH
15Tb9Eo5bvYyvXqbrj8JwmT5QSCEwQFBjN4HVLSsTyp8pbaQ:12000000000000000000:OKDOT:OKMYTH
13onfe9L8vERc925jZhEz5b6izEW73yuZXS7zF7oBLAbu9R:12000000000000000000:OKDOT:OKMYTH
15ugSaDnHzgwVmBdq3r78JDPy6sL6aasHHZZEhp8ZGMCdqpU:12000000000000000000:OKDOT:OKMYTH
15aV6BwdyTKV3URM3H8jFiXXKL6qHEZVt7ERKtoTqhNCovF7:12000000000000000000:OKDOT:OKMYTH
1QMqDHbMufR1yfETagGck42dReRtEgGkE5frcp9p5pxFhjq:12000000000000000000:OKDOT:OKMYTH
12Qnt3EacafPfPFqP17355ozaJDTmon9ZRicK2qjsoNYywaA:12000000000000000000:OKDOT:OKMYTH
1wJtRRiKsugMXPQQ1NCwog6kippBQzrgXAgXmXq4vBtPACa:12000000000000000000:OKDOT:OKMYTH
16WsQzg3VRhVgm9WYxeTLKek7hHNSnAQe4B96UhxEeoDqyHN:12000000000000000000:OKDOT:OKMYTH
14r8cHUq6gEvXRnFYsXRCfEFEXWkxsRAK6bpiRz4X6iYAjLJ:12000000000000000000:OKDOT:OKMYTH
16TVFtMNrs9bRs2khzbA8HtWLU1XCUqFLy9iZk2JB3dVZTui:12000000000000000000:OKDOT:OKMYTH
1588KepsVJQCRVtTLhAoRH9wJVFp6bWn3UX8EoVznv85mr77:12000000000000000000:OKDOT:OKMYTH
12kVFbxhb7MgNTgiXvM2ywit6PkBSi6euCkmk7i15s4wC5Pk:12000000000000000000:OKDOT:OKMYTH
14nr6zayDLNnQ9BpphfbWkqK7yLQ6QFHkY3DqX49j7yfx4X9:12000000000000000000:OKDOT:OKMYTH
16CX8MZy1a3vEYYyQqfsqeiDXfgojtCBbGxBrbZLKuWQDiTF:12000000000000000000:OKDOT:OKMYTH
12M2q4RkaBW6bpGefGzaUUGTXBL6Gjag1CM9unLYZLgamRd2:12000000000000000000:OKDOT:OKMYTH
13cnBKqdecGXX1k7ZYsMweqNjVES7qsPDdooHumkQTDxbDb4:12000000000000000000:OKDOT:OKMYTH
18UnZXuLU75Au7MpMcj94E8pYySSzqJr2oHzsvmvtVcAMn8:12000000000000000000:OKDOT:OKMYTH
16c8xQn1Rc8TXBiEyVre92CnFZmaGQDCP2Vt5bfSQPvR7ArN:12000000000000000000:OKDOT:OKMYTH
12QvG6vtk2r8DTBu8HQzdj8mbpNFSKWsXnz8fLHjcUDmnncp:12000000000000000000:OKDOT:OKMYTH
13Y8QPBxDeWabdYvK3ctp6Cn3QtPLxLvxcpLejGm3QExAdE9:12000000000000000000:OKDOT:OKMYTH
1TnBc97ycKf3FrGPbN2aCtiDzcYCxC27uqEt4WbqfP5PNWG:12000000000000000000:OKDOT:OKMYTH
122kQZ8MBqUNEJdAoDizhzqxUJVW5Er8xfVMmHxDxqvwQs1N:12000000000000000000:OKDOT:OKMYTH
14XhVrpAk3tKjuUqjtVhdsBCtCfDbbZeoMs4jdE4XpFhnaEH:12000000000000000000:OKDOT:OKMYTH
13txhWeG3Gx8vbxK97zKbHLJcdQq3nH8BDRLL7exvVWbVTLi:12000000000000000000:OKDOT:OKMYTH
162SkXgRB8Lpdkvvk4Ni2iWg9kjNZakMgce4U3Gxmbzj8R2w:12000000000000000000:OKDOT:OKMYTH
1bbcZ5Uh3P9W68sU5a7X5sW9n2xQC2P2kxnzgLux1WiR4gs:12000000000000000000:OKDOT:OKMYTH
168Tzz18YmNXpJnqXrqVYyYzH7wKjaTLuLykmVrTeHLk4oca:12000000000000000000:OKDOT:OKMYTH
1ovKJAmJQ4NPKqDTzLM3fHBDEVHwsZSmvDYuzjC32ftj2ub:12000000000000000000:OKDOT:OKMYTH
1j2QvfPo1gW4uTwFZhiKiH8qK2Kj1Sj6jWYGwueaU8jsYZw:12000000000000000000:OKDOT:OKMYTH
13ypnKCJRkSdVcHw4C7W15Pi6XzAZAEqzvdMGLdTUXksgZK9:12000000000000000000:OKDOT:OKMYTH
15PyCPrZFUT6Vku2BdyLcnYfRpzTkNeE52rxjYZdqCisybTU:12000000000000000000:OKDOT:OKMYTH
14aASNgGFV8pJbFec2XfaFEsGt4c5e7s9v9MRXvinveSX3NJ:12000000000000000000:OKDOT:OKMYTH
1YWq2aPpy1W3YaLbU4uKKqmauFXxHeLQ66PNQ7XfLLDzYa8:12000000000000000000:OKDOT:OKMYTH
12L196yXu6edE4mXqZGiGwBUrLARv9hfiBus9jZBHovqMJVV:12000000000000000000:OKDOT:OKMYTH
12esQqxfeTSKiScyum4svJkVpRmrgk3Z2E7huhWBKYHVDJPs:12000000000000000000:OKDOT:OKMYTH
157dVSNwYZd3rHc6DY5ZpGJpUsmcmMb5YxFB6fHakkrGxZeH:12000000000000000000:OKDOT:OKMYTH
12QmMMNLPqub8ANa3kCbAzDDMY3X1gz5BPSiqU1Y1rXLABVt:12000000000000000000:OKDOT:OKMYTH
137quCYVp1ZYhpd6bgoR5rzhXQyj9SwTuUQwHZ7w9eB3bucP:12000000000000000000:OKDOT:OKMYTH
14GwH7LBfngwfxAv429sUNfU5bmzX9BvcctSArx5dpuryJzJ:12000000000000000000:OKDOT:OKMYTH
16awcQmLDReGJH2VGczPu5KrqyF9mwzVv8Zp9fNwyNx236hv:12000000000000000000:OKDOT:OKMYTH
16B29gZVFGVBVoQr1PxbqDcqRvUeYvp4ax81V6NT675HwPv2:12000000000000000000:OKDOT:OKMYTH
143L6d4iZQAJ9Mx4jaFi6ebKeEkKrtiQEH8UqtqpFahQxw5:12000000000000000000:OKDOT:OKMYTH
1sk7wxrNv8KFvrc9enaR3Vv9J2CnYx5mgn9DAjr16xcXCKn:12000000000000000000:OKDOT:OKMYTH
148o6pywzpcgdT5NL4raxLf7rdN6Rmtyyw1Mk2u8swm1cWd9:12000000000000000000:OKDOT:OKMYTH
12spu8pbbRMeFuGJUhpsTiYxCUknvaAivoBQwWwn7Kh7K8fj:12000000000000000000:OKDOT:OKMYTH
13fkLRkaT3bghSCqH9X5XExnxMWgwMHfNkpLxntQriN8oxGP:12000000000000000000:OKDOT:OKMYTH
12rqDX4FvHDc73dBbGCGdZQoEhKA2UToKRum26HH5yMkxmAR:12000000000000000000:OKDOT:OKMYTH
11owzzoCTqEmg5yG8Nfa6V549nFmQ7V8xLJogkT2ZCFrJ3x:12000000000000000000:OKDOT:OKMYTH
12RH48pQby9KFZQB7cLQxZkQNFtu6eravDTVbFRRHF2s2S97:12000000000000000000:OKDOT:OKMYTH
16Y6BMPqWrecY7UiKynfyMKf1iSKiS2nwz13ZLzqekbuWomr:12000000000000000000:OKDOT:OKMYTH
15HzfC5AUcjFFtcCXJ86jDEN6UQHQk5L91YxSaCNCCV7Qi6h:12000000000000000000:OKDOT:OKMYTH
14Lv4RCFsZXwqzPRPkDQTG5H5DizuzxzXi6VGXrYhcXmAR7t:12000000000000000000:OKDOT:OKMYTH
16PjVUVAquuM7ALCthc7ye5ThvDhaisEfDE1XaMN3hRpe3fB:12000000000000000000:OKDOT:OKMYTH
12d5nsG6cX3UPUJdVjJmVJUcnx8wFPv5V7g4ejWxrB2x7GAh:12000000000000000000:OKDOT:OKMYTH
14b55sfNPC568RGsin4kz7NV3XPhR2UAPQJTpWrtfjbFg2VA:12000000000000000000:OKDOT:OKMYTH
15cVd3n5KUhKBa2kNDHgj4NXTd4ifcDufdF9F71SLPscASSp:12000000000000000000:OKDOT:OKMYTH
166myAnjGfYPzykMGFoS87YcPHSMxnqn1LjnKvELzwfXdxx9:12000000000000000000:OKDOT:OKMYTH
16XXhpjLJf84C1yhfUXZHWTvsvSzF2qUFTJizNWexm6oxHvi:12000000000000000000:OKDOT:OKMYTH
13wr3foV4czRWtjcy1mBKGo2mQJB38PGj3ZAHfAeFvnZ9sS2:12000000000000000000:OKDOT:OKMYTH
13qtEauQYAsjMFUd9RwCpcqyZo61EmUaHPgPzL1z3TEyNW31:12000000000000000000:OKDOT:OKMYTH
1EGd5jJrf3nhN6FGSa5Hmu3K7icz2WfNPKtxzsDLzjooB42:12000000000000000000:OKDOT:OKMYTH
14sZdrDB86Dsd6CpVbMHRjVZFFsiJhmzdFHZNP4Y4LV8ncHX:12000000000000000000:OKDOT:OKMYTH
1GRm1689HRyVWow8xyRo7HJHxA9AbrQS214Cqybst5oTxhh:12000000000000000000:OKDOT:OKMYTH
1gpD1CQunMHXy52dZ63NN49kAndGdVfUnPYfGiTfqVwLahE:12000000000000000000:OKDOT:OKMYTH
13KdD4aEUdgqTuxkAauoRgCGvYtT2pct1kJgKqFRmus7C78T:12000000000000000000:OKDOT:OKMYTH
15WvqQKDVEbEqk5B75dFdikHokbY4S8cBFnT9Qrx4Dw9vsfT:12000000000000000000:OKDOT:OKMYTH
16Z2PCx6GmjLkgiGnNCGWV3udEa86XUCRez83fGeJ1uHur8M:12000000000000000000:OKDOT:OKMYTH
15tBorADbBBmjF55EYU4xY6mbu7c9XGuKj6W9gZfmuxESG57:12000000000000000000:OKDOT:OKMYTH
14yo5heWwrENz7LCvqczXyFgBfqcDQ5Gt8QAAuRVTniLjRDW:12000000000000000000:OKDOT:OKMYTH
14FtN5N7GSiUuHj1G7KfWAU6G9zRaM2zCpZZELJtinrhrqMZ:12000000000000000000:OKDOT:OKMYTH
15J9sxiq4mTtfwQFsS6HoT3rgFgeoVNhUMexEBr1m2fGXZA9:12000000000000000000:OKDOT:OKMYTH
12KaPNmACtqR91bFNjn4tfvYTE2HM1hWKd19ZSWtpGXNgHXt:12000000000000000000:OKDOT:OKMYTH
14fwLXpii7uQuu1HJgiB4xGM1eLFZjzWHVFU2dKUvba1Ttd2:12000000000000000000:OKDOT:OKMYTH
15VZV16v4N8edkQzErw85RBUvRrjCTtwrWa8992vrzei4MyK:12000000000000000000:OKDOT:OKMYTH
12Nk5L9PuTbNHaMVsysvkdfSuNZviGaMqNU1xjQZqchjb7eS:12000000000000000000:OKDOT:OKMYTH
14v8BabHoYFVD5y58zT5Eja9RybnZQNz2k4WDBpwEJpg6526:12000000000000000000:OKDOT:OKMYTH
13aXfJVYbuzLdRr98cBEqSWhuU25ke75zqcK14SShYNV68vm:12000000000000000000:OKDOT:OKMYTH
1ed4ZBoSRa2fCcKDWTLUXWLHr2eGwbfVhVLw2GFUx3WLMxd:12000000000000000000:OKDOT:OKMYTH
16UcTjC6uQJTDA75zmfG2fCzywJUeHxMLgVcNG5hcoRM4Xox:12000000000000000000:OKDOT:OKMYTH
15ci3akcBVhvc4X93BYwcNJ2bFJNTWqc2WU6AWFAGb5xweXf:12000000000000000000:OKDOT:OKMYTH
13Q2GLCFshJVezsmCidAUiQ3RbzftW5i3SLXYHGRQEr52TjF:12000000000000000000:OKDOT:OKMYTH
14X5cuRFihKpwa5nq9y2gUhZoSq7uvyqYyxpU78giK7A3ZU8:12000000000000000000:OKDOT:OKMYTH
15wiUFe3Lbi7wTtwequ2D8eS3rxCotxAghehbexUcHucjcj2:12000000000000000000:OKDOT:OKMYTH
14rxSi4nHskAKuNSEkFM3cKaxXSVDr8wTrmTu81VKHUi8K13:12000000000000000000:OKDOT:OKMYTH
16MqyghfRVeHwETLCJ6opcgukMMMx12ifrTqrGkvTyepJJwQ:12000000000000000000:OKDOT:OKMYTH
14MoEFaEymiH6DPPruzJvwbMJEztt8FjirmkCteCt9jEPCsi:12000000000000000000:OKDOT:OKMYTH
14LwMro81EvuXVphgYFEA2hYpJujsFka98oimaxWEVAEqH6a:12000000000000000000:OKDOT:OKMYTH
126gHmwUtw3dsEshWvqZBtDnPV2aU8vpbBkX3CCieUinn4Jf:12000000000000000000:OKDOT:OKMYTH
14dypbKChqgwKa6YsUTEbRHaGmXwC8ndxjxHfdqdrBuPaCPA:12000000000000000000:OKDOT:OKMYTH
158HckHGhgTK5ZqbLTv6ex7Fb8EYrZuLq1UCTvGkqYHfvZZr:12000000000000000000:OKDOT:OKMYTH
15uEBEAvBSoUhcfEpJawVqib864nofVmgdR7iG6HkH3mw4ND:12000000000000000000:OKDOT:OKMYTH
1BZfP1kN1CiHib4bUw54uqmrhJz9swxMJ7mZAwwGd9XQE3T:12000000000000000000:OKDOT:OKMYTH
15R6F16tcJmfa8qX2bmkmYcKwTak5jViuxUPdFsDcuexnyRM:12000000000000000000:OKDOT:OKMYTH
15zLXCXggrQdn21mrMke4LFbgcvGfoi57r14m7FRPTLrHNw7:12000000000000000000:OKDOT:OKMYTH
15UDcPW9t8vdPynYajM3UNeV2e5F281kW38BxTiEVxiirpyq:12000000000000000000:OKDOT:OKMYTH
1uhyiL3bBStk16ABAm351F3SL6kVG6kV89ggypyXMKEqLYi:12000000000000000000:OKDOT:OKMYTH
12Qmi3q2Hhd48AFb75kKwEeiuG25bBDJzQR4mjZmT4ZXU6t5:12000000000000000000:OKDOT:OKMYTH
14cxfMgToL33xgiTKnbRTX5XCMHXjkLPebLdYi8G9gh6x8SP:12000000000000000000:OKDOT:OKMYTH
16fZjL7rByQMJPBigid34hffGpT446EqcHT3hCufJmfK16yG:12000000000000000000:OKDOT:OKMYTH
13zHP31SDPbxeYbJcY4VTax1ys6WAcNrbujDKiT5qPX3Bu1x:12000000000000000000:OKDOT:OKMYTH
14GWfCvv323RuBuMKGMVfzRfp82mRFKFzBsm9KNfBp7oDxtG:12000000000000000000:OKDOT:OKMYTH
16kznVEEW6chueXV4fq4sUreEr8tut4KQrHN3LjR1ewfhfEL:12000000000000000000:OKDOT:OKMYTH
136G5pMmjTx45WABKhiNpYTumFKBfC73C3agHGYFPDZPsLhN:12000000000000000000:OKDOT:OKMYTH
162WPhWiLFcdB6jBik52b5TRu329zpGcW6fFmgbcH3PJYmtd:12000000000000000000:OKDOT:OKMYTH
12bpX6VCntsGiQprLDdrVZJYCEDYdEaMVjHUmM4EgQVAABkN:12000000000000000000:OKDOT:OKMYTH
16jYapLuWhXpTbavy9hT621DrUhZxEWTM6pzEMjqL2rxmtyj:12000000000000000000:OKDOT:OKMYTH
1aHdb2cPCKTBNt7GoxJQFujYxRNaBpTcFLWMo6tu8Dq2XAs:12000000000000000000:OKDOT:OKMYTH
13cQ3fwJAGjQF2UtbWARLFTCPm7M3bMBy7rpnERwsg8PUkyS:12000000000000000000:OKDOT:OKMYTH
16KmKTZ8txq3FwGJFAxngwLkaSY4QWwkG86PbHSTPK5S3p9Z:12000000000000000000:OKDOT:OKMYTH
135hbjNRqd94CN8Pvd5jFhbvJ82qhBuQWNFa3nGLcHZNBuyV:12000000000000000000:OKDOT:OKMYTH
15sXsnLTPANUqrZwv3XRfiz9N7reZKz5mqv7s7PoaV8s7KXw:12000000000000000000:OKDOT:OKMYTH
12zvUeugBe1N7Re6xJGAe434rJrXsgaMys5zoVN1aCCH68s2:12000000000000000000:OKDOT:OKMYTH
1mxL13wSKVeocWhHXem38TKKdh9k72r8gSmGKYr1Lg4SXb2:12000000000000000000:OKDOT:OKMYTH
15iESLKfRZd4CyEm7rdKNaJopUjcXMZYzrb1kSqJs39EPsmy:12000000000000000000:OKDOT:OKMYTH
15acZU4ZNwYuTnkzrEq6fjUaoEcDYzsnVUAN5Eauwtk7itDK:12000000000000000000:OKDOT:OKMYTH
15pkVCVDWpmRJffH4FaRWT2KAmr6Ua9JSvtd1dHc4TabDCui:12000000000000000000:OKDOT:OKMYTH
16HXtF5kwhntuBrMBGVWaVKbnygEjGPfvQxgchvhWHmSbmid:12000000000000000000:OKDOT:OKMYTH
12a5a2VuGEzPjCWe2DqMBqDRnbuPQDkcTxno1GZeg7KtQESp:12000000000000000000:OKDOT:OKMYTH
15aNmpkDvaVkmiLnztHCnxkw6dm1ZvbbuYWSfiVnXLA6GHZj:12000000000000000000:OKDOT:OKMYTH
15yfyZy7JjRic9vWpSTMrZJmBWfat4KxebLBKM93dGm2FPFr:12000000000000000000:OKDOT:OKMYTH
1237HKGiXpf27PokUtDgcHN24e71aGSZTnLzC5YqWybmjM4w:12000000000000000000:OKDOT:OKMYTH
16KYHTB477aaFSTYVcbDZy71jUbYpx1pxY66FA68wH31RMyG:12000000000000000000:OKDOT:OKMYTH
13khWeDMcCh8LS38cPnct2QU4f3NhuH352nGDucLYy73SZcv:12000000000000000000:OKDOT:OKMYTH
15d4L8gTYkghtEaoh4iQbuqzCFDS8d2zLLuvq5vEe5sgUX87:12000000000000000000:OKDOT:OKMYTH
14aC8n7b6PGjAiEWNSBrfvhPBT8E8eSdbxGHESApgmVB3Cgm:12000000000000000000:OKDOT:OKMYTH
161iDMt9pe51WCUsD5F71N9dZUNnLB3bwhgT4o371yNPfPz6:12000000000000000000:OKDOT:OKMYTH
1sNcTG9XmfPJRvP6AmN8vHKajSKPcb2Tv7d6KaYT8rn9D7F:12000000000000000000:OKDOT:OKMYTH
14kJxUNdU6KErz4CySJzNZHqTY7HfzdpphYV4WBcscHr6UPw:12000000000000000000:OKDOT:OKMYTH
1zADuP6svReEZkE1cJekmrLknqa5AqXYJ42272MDMmcgfcW:12000000000000000000:OKDOT:OKMYTH
13sPTcTAFHtNuMRc4v5TUezxyLgQQUUmkA4seDLhX8sn294m:12000000000000000000:OKDOT:OKMYTH
1Pq9cohgktwqtWgWrJw2f6y6yw1eDNKmfrCjb6NMdbqDdKf:12000000000000000000:OKDOT:OKMYTH
16aeKk992vCpNFkQcyuGZgnMM7uoApYaoWBFhxU8snsCrdT8:12000000000000000000:OKDOT:OKMYTH
12K14DTAt1wuTmj4frVyk24BykvhWrdQ3Bg19J6hegTLQWFn:12000000000000000000:OKDOT:OKMYTH
129KnBgTeFzztzdv4JR6G2HJ86P2zjvgrRhp8jNYjnNSVL9G:12000000000000000000:OKDOT:OKMYTH
1LLKxvUVM385Vf2VbMGWrnVtmpbsvm8Grrp4n38BkJvBT1y:12000000000000000000:OKDOT:OKMYTH
14qPsLw4stzbriosGQrENQ3XxSXNBEqVkXsuj8eY1tJMnn1S:12000000000000000000:OKDOT:OKMYTH
12t4BiiT6e5U4i8duNip3DnhVRH6yhmXBKo1Q926zynf3T29:12000000000000000000:OKDOT:OKMYTH
15kAiAA82gLF26rPkxJAyGfT5mpAhmyxeM4uXPJD2iFjRmyx:12000000000000000000:OKDOT:OKMYTH
1332x9HpV769sq4dAb8YaKLo3fzAkiWjNb56e6b8vUgdQTkR:12000000000000000000:OKDOT:OKMYTH
15szNbjLdisSFBgXdqdWNgbkEuQZXW3QC8xQGSdVQ5RWUBsA:12000000000000000000:OKDOT:OKMYTH
15N12iGQ78kyFbKx4eELsMRY2igP5zY4brtpCCVjDQySQ6Pq:12000000000000000000:OKDOT:OKMYTH
17Mmiix4XaR3Tha9H3P1H7LLasB2fCYvWmNhhGb36mykCRg:12000000000000000000:OKDOT:OKMYTH
13nJBphmbDuMRMSQNjJDj7ipsXGwJ7oWa8n41FJpLpgVCC3H:12000000000000000000:OKDOT:OKMYTH
161UpVNQbQgCsuonGidS3BJgszymzrbknUdvJm2kiSNV1SA5:12000000000000000000:OKDOT:OKMYTH
12S9sbPURAae3PdQCAaYSwfKiVvoK2CwtxnsYVeBgU54knjo:12000000000000000000:OKDOT:OKMYTH
12o66Ktx4ks5WTfpv35XyCPdUKvYjHKZzXYhDznDUR6Kd1JS:12000000000000000000:OKDOT:OKMYTH
14dTJXkDYaXfy5SPyDuzqx8kyjv4yzKXubLLMYGADzj7XqT6:12000000000000000000:OKDOT:OKMYTH
112A5RVp7RcJ4bYaw5tB9hB3xSpQwq1Qa64Ynt8y1B6Y2ctq:12000000000000000000:OKDOT:OKMYTH
1QGMYzmZrFmjLK2sQ85ne7CCkLvSkLsnvcizbf1VE8PTQJJ:12000000000000000000:OKDOT:OKMYTH
14LRVmbX9EbyUbgh81SyCLVqBDK3JkCLviEAbSH54ccgLZpr:12000000000000000000:OKDOT:OKMYTH
13Hrp1biti8ndr3s5Z5nrqBmUyQGE84m2V6DWNLqVgT1sMAH:12000000000000000000:OKDOT:OKMYTH
12dF1M2r88BAp1L2yv3ZvoxYcmFEu6PgtpkxZDJ2o2MP1ks7:12000000000000000000:OKDOT:OKMYTH
13uhhGRyfDw3DiPByTkxZv8dm2TLNT8pT1JMDtSVHXZ7J6XX:12000000000000000000:OKDOT:OKMYTH
1HrM4HTonUkCEXBQ56WcH3jbMDWtUjmp7nNXNhc5J4uDzUX:12000000000000000000:OKDOT:OKMYTH
1hG5DRLiwSAbWcW5r73HMMfJ7hAoTp4C4tT1BV4zSAip3YM:12000000000000000000:OKDOT:OKMYTH
14g8JsxSUgFRoEXKVijetH2wspQefXecCjev8KPRAqb8jiYF:12000000000000000000:OKDOT:OKMYTH
16XFRhSY52AMMJywpEco31RSB6WriXaWikmiu5Rqsvf2nucH:12000000000000000000:OKDOT:OKMYTH
13XWKeQnvNuijVPdhrqBcn479iYs4ai61fv13doCoPoAFtd:12000000000000000000:OKDOT:OKMYTH
16AHSCmknQryNue25fCDNynGqYm6D2v9xyBjZiEUWAQkk3B8:12000000000000000000:OKDOT:OKMYTH
13iXP5us9dQA1Pho2fdek7He8Wj8zCTxHbzi5vaTHCLpKPym:12000000000000000000:OKDOT:OKMYTH
1122q9XREpuzQkGRgAYXAZGe9X8GPobiSdcfAC73q6GbAgd7:12000000000000000000:OKDOT:OKMYTH
13UVJyLnbVp8c4FQeiGYN4wopvBmgb8wtimjgz3CBioisEw8:12000000000000000000:OKDOT:OKMYTH
13Af1ZoVpmbiyQtWpdNHHku63uUc4S8UtKhED4iKhZVLPWFU:12000000000000000000:OKDOT:OKMYTH
12CDLHXraoS74W61xdcGEHXijx54jJHTgvZD5xBJz5fTPuxu:12000000000000000000:OKDOT:OKMYTH
138v5eetim6uaKzTHtq7Sz1UfLwFC5tMh73PmhEgFtRwJdRr:12000000000000000000:OKDOT:OKMYTH
14MQuqotRgDnZ7tRRi9vhKRWnZvfw4t7uztMMpAXdMZKLNH3:12000000000000000000:OKDOT:OKMYTH
14XTfJUMZS829NDBD3ru37w2aJHueRNPVYLBD45qMXMQiQ3D:12000000000000000000:OKDOT:OKMYTH
122cgtNCQ6fdpAqYGNdtyKk6KcNJtpXQe3kXSqEx6qmZ5dxH:12000000000000000000:OKDOT:OKMYTH
123nSsyki5m2V93CYjaxrcEKndCfb2FT1g2rwNHXAzHNSwRA:12000000000000000000:OKDOT:OKMYTH
16TxBFeJ4ADXed2q3BocAhwDbp9EQLjY1nNCRrLekZqdpHif:12000000000000000000:OKDOT:OKMYTH
15QY3u767c9za5HZyXeEGuSL5jbPiQxnfPExpvaNojrxau5W:12000000000000000000:OKDOT:OKMYTH
12cE8tkgkJtogVQUrTK4dN3A7iLH3S5AWSbcMUs1LU6j7BCU:12000000000000000000:OKDOT:OKMYTH
1gNv343RGjvz6u1chrPGKtXfgAguFktkUZX65uirhBPG34D:12000000000000000000:OKDOT:OKMYTH
15zKGkie89s2RXc75rL77BmazJyqubeeiSijwiwULdXucY93:12000000000000000000:OKDOT:OKMYTH
13uUjGHZri66T2QGXLSrCHqsQuaQJUKW2YfNN8kUjyM1xEHX:12000000000000000000:OKDOT:OKMYTH
14JAgZoTnSgi7CE4BZGJf4S8MUR3waWgE32CZ1xES39PWMqt:12000000000000000000:OKDOT:OKMYTH
14VYAPeJwdjmBnUfERRWe6e4o9sYyKGum8J4EgZt7qMDvzrk:12000000000000000000:OKDOT:OKMYTH
12pTX6CR7XEdchAoJ1ukK1cy5j1z5FFA5nXCY22cuvzSsarz:12000000000000000000:OKDOT:OKMYTH
139sB6hR3Jam4mdaruKX4Ecm4zYijPgbmGHRt1ivawaKFesp:12000000000000000000:OKDOT:OKMYTH
1WXkKSNZhZPEQNFh5X7xFUU8RcPDHcz8Ma1ZMJfFCUDwB5M:12000000000000000000:OKDOT:OKMYTH
15KJUbdd8F9btdBCDb1JLpV29HgGKvN4MUeaRhPMxjoGurEC:12000000000000000000:OKDOT:OKMYTH
12MdAGM26HPxnYij2LoLih2jurCrUqGg37Xyah7SRubdCV2h:12000000000000000000:OKDOT:OKMYTH
12ee29uDzUviQAAicUASc6zuE9X646rSxQYUsL2WQUAQNKM7:12000000000000000000:OKDOT:OKMYTH
12EfgH8RtqhKs6mZDrEFzbDvfAqyPzJWsK3v2YrkqPRnS29D:12000000000000000000:OKDOT:OKMYTH
13hcjbcApFqJiiqA4REVaFnF9GvtQHvkzGvxvhdtrZuqtskN:12000000000000000000:OKDOT:OKMYTH
164jF3iVxkU28Fkih43seGAdMs38EncwvWBj93hSghabMQuc:12000000000000000000:OKDOT:OKMYTH
122WCycDqWcDrZ9KYFZcKT2pk18wkhwCsJ6sxwsPyosXyR27:12000000000000000000:OKDOT:OKMYTH
14zEmNa3KMLhJNZ6m21RiMQ1Uzm4GjXLDmRyGmsGLYaJKouc:12000000000000000000:OKDOT:OKMYTH
1rkgbGJjLjfW45iw681YTCR92ZvdYMr6dhUkedWsvJFUWn3:12000000000000000000:OKDOT:OKMYTH
13XEfxYMQzyc7WEpEu1exU5sBsPhrac4RXXZhPoNVwupvTwc:12000000000000000000:OKDOT:OKMYTH
16cbTNFD5mHdxx4zrP34vxVwjoVzCiacaBi651wjtwJnp58t:12000000000000000000:OKDOT:OKMYTH
14X1S4mo11j6vrtStH9EDSRK3p1ivxrVayGJFayRajTmiqxN:12000000000000000000:OKDOT:OKMYTH
1bULjJdMvNzedAddkk1scRo8Dj159mmdPNnNVZg71rEQDRQ:12000000000000000000:OKDOT:OKMYTH
12KZTen7zLj14RuDufeqzfL7M59ZnxEqeRGFA5DkaAGiR6rf:12000000000000000000:OKDOT:OKMYTH
13VWbxYgN2232kwBF8WKofYDavvS1wyChC6T5WSDEQVWd9J5:12000000000000000000:OKDOT:OKMYTH
1YssiXWApWZ1uyfcM1ARS3PsAuLpFdGuKhVXjj9iWioQujk:12000000000000000000:OKDOT:OKMYTH
12pJiwBt2RCjfmGpfS1GQw8jetobGLzPVitz9pfPscB1yFkb:12000000000000000000:OKDOT:OKMYTH
1rNiZjksbKfDzwkQUG2GHAkddEWFFRwoPhx1aUQNjNmg6WB:12000000000000000000:OKDOT:OKMYTH
13N57NaXMs1UGsmkZEjbrRBZT8iwDbofw6euqc37gMV4rNmf:12000000000000000000:OKDOT:OKMYTH
12SR11Qxu4xYYeZMFiapnCJQ6qGjQSCHDDFRvqAfmYLF8SEW:12000000000000000000:OKDOT:OKMYTH
142d1ECGrtYnvC9QtT8C2DsjhaQFTAhqMY4WAD2P71apgExh:12000000000000000000:OKDOT:OKMYTH
16JLP5tpjYQ1yHQULwusNiAyPZBoZUPn822mWTZeqiXKPRt3:12000000000000000000:OKDOT:OKMYTH
142fp678SHAC1dx6WHGzrFZ4h37Q5SQfFq9zJa7qdk49Qkas:12000000000000000000:OKDOT:OKMYTH
12Z9SqasJZ6QcUveJ6qFB5mDf83ggocBzo7y2PsZJXwpYFLe:12000000000000000000:OKDOT:OKMYTH
12h3Pj13Lh5fj8hQCViNMd9iUZZsWFwpjEr9MV9YskMUbpeS:12000000000000000000:OKDOT:OKMYTH
12m9FDnBmi5nk7WfXUqnpEsXJtcBmTjyQgcPa3cMmm68QedN:12000000000000000000:OKDOT:OKMYTH
15Re3QuWJRTYV4MRme5DW1bcWYvnyWN8cDAttpwMmrAY7hCb:12000000000000000000:OKDOT:OKMYTH
12BPFNUUDYiQAEtsDhTtbw5AhoNz2weNVrGtH7MhtoLbteA9:12000000000000000000:OKDOT:OKMYTH
12DtcZwJJ4DovDtb5nxhHhZSut8gRELNMKxTPGVxEwHSznm9:12000000000000000000:OKDOT:OKMYTH
14izxrG46WdbmPHtR835wACNKrRgBZGvkbVuo83nMsYzVPoL:12000000000000000000:OKDOT:OKMYTH
16LwA3wnw7zdiUg1tpmLBkJ3kxMvZzUWpAxfNd1vLMkUEAD3:12000000000000000000:OKDOT:OKMYTH
1UmQmk6ysJ3zWtRNKyoxdAVn8DMpvpKyHduCwxkxMeWnQ3y:12000000000000000000:OKDOT:OKMYTH
15DTEEZdvJxNcDYvQvrx4AZHxX5c2f2g2P3DePzvbjF2qrqV:12000000000000000000:OKDOT:OKMYTH
138pWNLRjxL9zpQHHzMCjT5iS1ceEQpggoNj7JDngDtfupPM:12000000000000000000:OKDOT:OKMYTH
16AgNBKSwhtiBie2C35s19Y2kq7WDVzrJDEN29TngYiepgry:12000000000000000000:OKDOT:OKMYTH
13ndtxGrgBdK56jr3PdSUYamBMs63yrLtM1XwgioJ29Yo4GJ:12000000000000000000:OKDOT:OKMYTH
139yo6zK6wmSnBQs4Mr536eQgXBjj16SqWUP4FT5pzfk8M6K:12000000000000000000:OKDOT:OKMYTH
15HJEW46T6429tcZXzMufyJdzHWVEa1BndVRnmCStCo34NeE:12000000000000000000:OKDOT:OKMYTH
16jyXGkshpX4bCbUgvKbXRv2RkGjqnWh3GHiPssUz15uXM2h:12000000000000000000:OKDOT:OKMYTH
14cYiLCkC3ksBwey7tfUkyBRcw95f4PRUQ5yNRnRWuiNrHBi:12000000000000000000:OKDOT:OKMYTH
15Fvmm38E27rztUYjQPzSJesd72uWQacB1upiyYSqvK9F1JS:12000000000000000000:OKDOT:OKMYTH
15m1cLWrKWbXMkwvprJTEBuJhdGtmVNUej3qgpoKpwCQt6dx:12000000000000000000:OKDOT:OKMYTH
136bocWxDwaw8VuKe8UZo9LScUAdcNF26bt1qTtQJnR44Dt:12000000000000000000:OKDOT:OKMYTH
143ZCCYjHTP7tqbCzHKtxP22wunWaygZFUpwbF5DQt3fSMTw:12000000000000000000:OKDOT:OKMYTH
13bJsp4c1Meiyydgfd53P4t62rMx5q72bh1P8hJYSt49CZGE:12000000000000000000:OKDOT:OKMYTH
13KE7tWh3EazMrM7R4MfmsiKvHszLqg7mGZ1yt7MoriDNiTF:12000000000000000000:OKDOT:OKMYTH
1zwYd2Cto7Nr3fu7re2kymzHMgg6Ma4vT5XmFx2mEa7DDdZ:12000000000000000000:OKDOT:OKMYTH
14uvEbSCR1ydDcGgBg9rtNNkCRvc62AA8wRhCWua2NgAjh9g:12000000000000000000:OKDOT:OKMYTH
1129qhP4DYHtmWeHMcLHi484W3iLgAPueGTxBwYWNkbFeVN7:12000000000000000000:OKDOT:OKMYTH
13N6csvjxRUSdWhy7kT8AsKtwF4pRZDKYpW3s5sFyDB6KqLf:12000000000000000000:OKDOT:OKMYTH
15e9VM8Z24cdW6q5wWZMk7Nb5YrahwPQRykRbPJjZRDuNR2v:12000000000000000000:OKDOT:OKMYTH
12NKc98Q88J4vDC2xsC9eq1kUpg8eBduEcTCoTBXTGepHQ3n:12000000000000000000:OKDOT:OKMYTH
1ys8Dqg3o38Z61sz6s39SrE2ngBvU48YkwKzVgwd8bTEoot:12000000000000000000:OKDOT:OKMYTH
15pkRhTziTkQ78T5yBZas7Uu9q6k4JXWCwwTPHJuHraFno9u:12000000000000000000:OKDOT:OKMYTH
13WoQvJ5P3ctrQL7FpmJM5e85zYutFeMieubDiiiD35XFbiu:12000000000000000000:OKDOT:OKMYTH
14sAeQhuojU9E4HmmEtTssSAWtbH3UKSKDLnnPJDrRyAdqe5:12000000000000000000:OKDOT:OKMYTH
12qaDNgEcvUSKr9zLXfTWTGEUtqrGphmEdG9MMTufNLZGhBR:12000000000000000000:OKDOT:OKMYTH
16NQAw7vSctZGvZxVnE5mDFGbxNKFxApcKmjwAHh8N8CVHUo:12000000000000000000:OKDOT:OKMYTH
123poCuaVUj8HYdfmqmo9cBjctNm9k8o5AnFQ3z9TznUTW84:12000000000000000000:OKDOT:OKMYTH
15X1hYMH4LChigAZQ8idqJRrfPJ9Q7Qsh6vg7queNw1UZ94t:12000000000000000000:OKDOT:OKMYTH
12HuYrqHjEkbKvbvTxvjZz764Gubj9NyMzkdnHTPxD5c8Vfi:12000000000000000000:OKDOT:OKMYTH
17U4XXdU3zdEhLPXLhWdPQTC4KnAWzpxUdMwJbfgHJiRok9:12000000000000000000:OKDOT:OKMYTH
12KmFwY5pv6MJk7DrJwY9rfxxsPzgk24ccaHGSRw8f8gnRJ8:12000000000000000000:OKDOT:OKMYTH
12J3MjBwWw1st9EqQHNmrQsLHMr4q1mXJ6XiUrSzbWCCV8py:12000000000000000000:OKDOT:OKMYTH
15G6tQrdxAVqKUKy5P76qNWgC8Pp1t4MCRvTU7YtA5mqKv9n:12000000000000000000:OKDOT:OKMYTH
14TgVHiUdwfTAzadeugX1sw7BwdSTuz1Tntz1kFAABa5if9m:12000000000000000000:OKDOT:OKMYTH
12xQDU1dt861aB93XibEQ5eDYZvVxQ4xtPSsTXkuK5ap8ya1:12000000000000000000:OKDOT:OKMYTH
13hxMmGuu6wQdmJ11iBAP58pSZ3iaefCGzPH2Su2Yqw6HFxk:12000000000000000000:OKDOT:OKMYTH
1s4XznW4CJKd9ZRLiT93JypYJe2FkSASx4dineA27rqYz5L:12000000000000000000:OKDOT:OKMYTH
14sWvK9V5o6nMNBszxrjM84isvmvqhH6QUeVoaPM1UbptJad:12000000000000000000:OKDOT:OKMYTH
15bgwDzYAu77aoqyzjSNRFRN8h7G6pUGq5ksV1XSJbQZUZEL:12000000000000000000:OKDOT:OKMYTH
1HdPtF4L4A9RsuKg6oU2cmUHuMNFEVMkQnCWHx9HTzF4MjT:12000000000000000000:OKDOT:OKMYTH
12qRCgiVZL8gt61bpcuMQwqJTDf58TxmyRQrL9cvoSQr8wxZ:12000000000000000000:OKDOT:OKMYTH
1qH74SMkWd3xDcbwNZLUTG4JtLmjorb3ChE9e68Vuo6JwKW:12000000000000000000:OKDOT:OKMYTH
12sCzCnrexoU4bh4HpggeFBRbVH7W44K6JmgCf8TMhu4iiRR:12000000000000000000:OKDOT:OKMYTH
13PHzpmg67SLJLgSvaDB5ZuQVjngJ2K4qFgr6b5CxzbXnLJ2:12000000000000000000:OKDOT:OKMYTH
16Z27ToZwj8ZXRVisRHF5UWqVrsnWbnSfDv2S2v6rpVUSa2B:12000000000000000000:OKDOT:OKMYTH
16SbiAw5k525L8Qfm1hyFPMVZHfEkH5d7gJPNuitCDEy2R6N:12000000000000000000:OKDOT:OKMYTH
12TTRmMbicN8Mdqbi8vZ5kBssePtGfF8bghZJbddagTTt3FG:12000000000000000000:OKDOT:OKMYTH
16ewaM8BMCS379b1DhLiwUbW4v6Ma1DWrKaNE4vjWRX7GVgn:12000000000000000000:OKDOT:OKMYTH
138hR47JpsLdQCy5wxDuDzdUoaWWfrUNXzXUqdzTMGvgC7fV:12000000000000000000:OKDOT:OKMYTH
1YSsNkJNYiUPsRgfkKY1RRwDbnLpDLTux7x4s1XpGuwWBSS:12000000000000000000:OKDOT:OKMYTH
131Kgeg4V1d2yjRzxxmjuH8Ud27PTaJ4fWoapvHpeZcPZdDN:12000000000000000000:OKDOT:OKMYTH
13zKjHsijY4UCSML1fBsrzmVHNssQWN4w93Lvg7VF3KrK4w6:12000000000000000000:OKDOT:OKMYTH
13GRnvcA9MmrSAssNJeG8zxDcCANpT5uu8pojp5Lu7WMaZwj:12000000000000000000:OKDOT:OKMYTH
1uehsFRui9ZeC4QshaNTyZLSsweu1gkG9VoXr9S83nLVevY:12000000000000000000:OKDOT:OKMYTH
15p2GUftqQgXzVbUtp6B6jS7Bcnx5Dd6s5ytcVxLrQs48Boj:12000000000000000000:OKDOT:OKMYTH
15QBQi3BuzX5Jx8aJuN8gPU2RDhTfJGz1dp4widsAk3UGydb:12000000000000000000:OKDOT:OKMYTH
11psgAqzGxfucNi4yy4tQsN7GMMrD4TvZPWjTE8GpwDzVDQ:12000000000000000000:OKDOT:OKMYTH
1RbC4cmue6qMT2iikgJsXB8fqsgipD2xfahYhUbe3RNL4Ze:12000000000000000000:OKDOT:OKMYTH
15Mk4Uxb8bhdrLzssMwDuH96bGurie4FbgA8C7gCM7GFgYBA:12000000000000000000:OKDOT:OKMYTH
1Ycs6SwompzUrFgVvL7A42dRk3G1nWn6aNSCQUvpktX56cY:12000000000000000000:OKDOT:OKMYTH
145xeXLo41gex9vJV2M44TM6vuXnMH6eYQgD7v76DwcxRHGk:12000000000000000000:OKDOT:OKMYTH
16GQcrSP2upEUDyXaC4uEyRX8Wz573mMuU3RoNWeB8jZgQ6G:12000000000000000000:OKDOT:OKMYTH
13novxEfwF7GMcbZRukRQVenjMSpKbwTQ2F5bJ25JuaxbMrw:12000000000000000000:OKDOT:OKMYTH
1gLiJn8C13Rez7TmMFftbak6r4mxGqmtRJsbsKh5g8JXrZj:12000000000000000000:OKDOT:OKMYTH
14ScUxXahUNhar62WHfUzVAyQvWbjG75RLvtAPjXFA1pG4n5:12000000000000000000:OKDOT:OKMYTH
13Umj2gUfUX683X5BVsGBddi9XTeZi2QQ69BHwwKnD3SXVoL:12000000000000000000:OKDOT:OKMYTH
14EJHjeWb9Mvv9q8PtXk3gosJme98Cz4RmKdDs6XYJMbf9cx:12000000000000000000:OKDOT:OKMYTH
14hB9XaJDtHTYgHCDHUB3RdkziAwQoLvRVzd2QowrGL9JjZ5:12000000000000000000:OKDOT:OKMYTH
167U7y2WHUpnkoKfEVqNSpQEUZ2NojrYq8P4TNXjeH3hxZcC:12000000000000000000:OKDOT:OKMYTH
13zETe5iAoKya5KsTJf3TYKbXPaxZ9YbinVejD78RLwNPryy:12000000000000000000:OKDOT:OKMYTH
13zUiLcALmKvhnzaLwwn3xgschLfLcirkSAdkFtU6t7tzyMS:12000000000000000000:OKDOT:OKMYTH
15BnSSsxc2x7JHUdV4jg4Jgtor5WCiTvX422zuWb3CcUD8wC:12000000000000000000:OKDOT:OKMYTH
11234wfkFrP1oVSPFVZH5WRFQddmoKemVCd6T5f8mFGQZZd9:12000000000000000000:OKDOT:OKMYTH
13VWfdjuqXZzQ2CiX5hsDddBhg227cTiEE6ZsRarjLJePC1Q:12000000000000000000:OKDOT:OKMYTH
1nKK9cvd8sWJ8bHnepacoubTMJ8tShxPzkkT3EAm1A116e5:12000000000000000000:OKDOT:OKMYTH
12iKxRgKrvgGjUbtHvBv4Tu8eTY8Mp7V4gremhXjakjdHT2H:12000000000000000000:OKDOT:OKMYTH
12rdinnv4JNzuKcMWkie92regy2NnGrSyAajWq2JtEf2SZbT:12000000000000000000:OKDOT:OKMYTH
13UE14uCNgGpsup5ZvuebTdun1jbuLpezQvP6uFm1SSkwe9N:12000000000000000000:OKDOT:OKMYTH
1MdXWJH8mjYwzvQ22UTvnedpSDcMYpSkc85o48vkm8PgGNo:12000000000000000000:OKDOT:OKMYTH
1Xu6wVZao58vWaAtPyF2DcWPeLiLQJNFHFnZ8ivwtZ5nwN3:12000000000000000000:OKDOT:OKMYTH
15k9LSKfkSjk7FDWoE1ajPH8jMbFdW774T7Rzkp4TfJ4A4BZ:12000000000000000000:OKDOT:OKMYTH
14JayEQ1hBhiMx1xtTRCvFr7QxSwJivaSagmAvuCBydDTpbv:12000000000000000000:OKDOT:OKMYTH
13b2WEY9UQ8Rr1Xvpe1zDEZ9fCim8Nrpgf4YqTFX7XLibVkb:12000000000000000000:OKDOT:OKMYTH
15pdBEMTSjpwXEFWaARyP1pEsbSeuLdx4xbaxx9vzfnx4Z2g:12000000000000000000:OKDOT:OKMYTH
15z5imTzEpBPKeGB2QQP7eowEcgPxiTZGaLDAWcVqwxoyHi7:12000000000000000000:OKDOT:OKMYTH
13k88yR8crtk1ZncFVj6zms68kDLgrVesM4KrpFRm7j5cRqt:12000000000000000000:OKDOT:OKMYTH
13NCLd3foNpsv1huPDzvvfyKh37NEEkGFotZnP52CTR98YFJ:236000000000000000000:OKDOT:OKMYTH
