16D1FZqEwiqkBAwtwWVZcx57DaXLD9Mn49RAifkSo4QiCK68:12000000000000000000:OKDOT:CHECKMYTH
16NEnu1FtrxBqvpu8VZY9b9QwyJ9HD5z62FGtf1k4XE4gp5w:12000000000000000000:OKDOT:CHECKMYTH
16jbXqC22RUkgkCPWWbXXftkX4VspAQyYZE9rj1x139r83yj:12000000000000000000:OKDOT:CHECKMYTH
1SJp5ZftvfDhER9UbVK8iphWGWGxvRZi7h4MmYK6b5ZCYLp:12000000000000000000:NEEDED:CHECKMYTH
1Ncqy55Ce3hMpc6wzQNZdmbmqs28EwAwMayehKMgxxFiso3:12000000000000000000:OKDOT:CHECKMYTH
15pn4Uq8Mx6xZ9P16ZLohPBuLh4L7D1vV6eKziST4hnNLM2m:12000000000000000000:OKDOT:CHECKMYTH
12gmBCz8pCeeHNTJL8peVvix85b9mGhnKZV5n73xHPEFDQV1:12000000000000000000:OKDOT:CHECKMYTH
159hQ8TJsMKdHUaVFMtcUjLLzGU3bNhtrTfiu1nd9P3c5opL:12000000000000000000:OKDOT:CHECKMYTH
13Y6N58iT2iXHnW5AYJ3SZxJQxP8tB5uvWVNRYe5TSAshLTx:12000000000000000000:OKDOT:CHECKMYTH
15phezU7r5m66DGWt24orSP2Cgay9C7NyqsorutvMZjXB2wd:12000000000000000000:OKDOT:CHECKMYTH
134r4cN6NJGnLozS11mDXr8APggWWzhMwQy1SATAij4pSHS8:12000000000000000000:OKDOT:CHECKMYTH
1341QL6sEQ3qyxEPMMq7mhZQbDM5nCyVxKwuqxJzJYo24Jk:12000000000000000000:OKDOT:CHECKMYTH
14RRtXwf8xLbkMY63f59cFPsktBZ2XakshYZAhopyWBwhqjn:12000000000000000000:OKDOT:CHECKMYTH
13i1CGoYqQBFVWfPdKgE2Lq6pHmDfSMW27S7BgZSfMPwXLvF:12000000000000000000:OKDOT:CHECKMYTH
14feaWgiLuMHFCgV3dBfze85WwMreWwTwXjJXWfiBpX8cPbx:12000000000000000000:OKDOT:CHECKMYTH
1E8yuMcSQ1qwuta36B99rLMvmtaJmwScTUuFZ9yycFimUVN:12000000000000000000:OKDOT:CHECKMYTH
13i2rpAEsDgDKBYmyV1upc1RUYkRzdPmqmtA3fwQygE1YSCX:12000000000000000000:OKDOT:CHECKMYTH
1FLLz6c59u8FhABBnCAi3LFaSDXx8Yz8pYMXWCTUaGrKN7e:12000000000000000000:OKDOT:CHECKMYTH
13CJdqGnTeS4Uu7WEuQ6ohHWnaajdbNCXHANNWAk8iYg3mRe:12000000000000000000:OKDOT:CHECKMYTH
1dcWs2uwY89WB7vnfbSnaHnLM5XGqwk49VkAc446dSPjdot:12000000000000000000:OKDOT:CHECKMYTH
12i529QFHV1W9quCnuZ2dBEqaUYnrYDkax6UcTJ5R6XYB19V:12000000000000000000:OKDOT:CHECKMYTH
12ovmPPp7oV98L9Tc1mDHyw3omJi1USREavCZyU9G7xZVS3q:12000000000000000000:OKDOT:CHECKMYTH
15m1PUGeWrjqFWDTaxESdHGhXbkz31F99Hs1qfYC1oi4WaEd:12000000000000000000:OKDOT:CHECKMYTH
1jmoUySm92PBaSePmh136nXMnLzSUsV6c4n1sbRXP92SF3v:12000000000000000000:OKDOT:CHECKMYTH
16G2EeE1BGZ9eBBUwb7TNhGk131GjiPk1Pps4y8v9xJBv5Mt:12000000000000000000:OKDOT:CHECKMYTH
152HAwbbpzrcq68j8cJ8cKPdi59DqtxsjaYuJSNWTa8BqZT6:12000000000000000000:OKDOT:CHECKMYTH
136LEDEaV9ebRnm7QW2BX7wmiVHusqDmaW1kibR3i2WWxbXq:12000000000000000000:OKDOT:CHECKMYTH
1498FgE1jcVQn9mg4UF7QiNeJRnpmyDR1UrHanT2Lhhqzx6S:12000000000000000000:OKDOT:CHECKMYTH
13TEUSD4haLVkeykrXsvz4jF5t4Vi9CyMuQJLRMUXe2bANuH:12000000000000000000:OKDOT:CHECKMYTH
14o7KGWm94EqMhJFFihDhVQ8cXWeYfRbwGSV9SXaKMzpkH7V:12000000000000000000:OKDOT:CHECKMYTH
15zxCFu2kByZ6e3yjZyKHUyj6Td4vnesztDBEyk3C5P51rfe:12000000000000000000:OKDOT:CHECKMYTH
12Z47bEZuGeA9EXzPz8quQJGxeeTjWQ4tqwkoLrd5pVt7UvV:12000000000000000000:OKDOT:CHECKMYTH
1q4bkw1huCuAPMRmJRGdk4mHVezSSUTUW77mJjRBUtPvhZx:12000000000000000000:OKDOT:CHECKMYTH
12BHCafqHnnMsSLdG53fGtr2uJnYRWqMyEEpXvMqJTynTERj:12000000000000000000:OKDOT:CHECKMYTH
1kzRSMmZ2QPF9YM2LPmnwYC4tQP7QFQA3ifVSDukpW3z8RT:12000000000000000000:OKDOT:CHECKMYTH
13bcREnmSo39TaunrthWZBjmCHsvkDZh9YzterPX5kuXwbPN:12000000000000000000:OKDOT:CHECKMYTH
143GRkeS3HKedpYZEz5npPiphSVARatHccW6XdZqjYqvPAJK:12000000000000000000:OKDOT:CHECKMYTH
15pBwJzjL7Xw1rj5urwGvQ4jSSNn17iHwBkumuz9bCfendu5:12000000000000000000:OKDOT:CHECKMYTH
15w83rXWgy8S5YZPy8zXQ8dtvDXVrmEavrDFZnTsXU9LaogU:12000000000000000000:OKDOT:CHECKMYTH
15eBTVthHmJUAAZof9YuJAxcEnmQBJaCq5YuskNiVoCLYEq:12000000000000000000:OKDOT:CHECKMYTH
164s5W5yZ37diDJAeHGX7q4UXEyyrvZgUruzu8CMeGEt2zGf:12000000000000000000:OKDOT:CHECKMYTH
162GHMQJw1XPzaT8FZp3eHxcdyvbBCivKaoGh6jHeQYjuREM:12000000000000000000:OKDOT:CHECKMYTH
13myACncwJXvL78uDo5Lh8TbRGvpoDmBssqt81cnTwmAkuQ5:12000000000000000000:OKDOT:CHECKMYTH
15YBCm3bcEYxoomPLAAtPSdBWXRCcz8T3Lrc5FSEkf7BFUPX:12000000000000000000:OKDOT:CHECKMYTH
1ReJjDAniNujx2uPq6t9HNedz8sZv1VKGzkAc2SoABmahb5:12000000000000000000:OKDOT:CHECKMYTH
15K2KedVWpJYSzF8TGpGyFzM2WcXGaLiGDUkRHXHtocH1Ejf:12000000000000000000:OKDOT:CHECKMYTH
14u9iENrVRAUJF2fsbm9HF2AFHvTCwaU8SM9tR5etHhxGyrv:12000000000000000000:OKDOT:CHECKMYTH
16VpGWPWG5AUeJQrYB2m6smNm6xgZ5s7WuxPLa6woXmUNjpG:12000000000000000000:OKDOT:CHECKMYTH
13YpTxY6U4sQQUh6tWwA9swQhvnoBFT94qkAGtKSnSkM49a7:12000000000000000000:OKDOT:CHECKMYTH
162yAy88wvLKGUt7UHBW9GdDobwHcepZqVxo8tuR3aqPNNrZ:12000000000000000000:OKDOT:CHECKMYTH
13p6GHdcK3jcax8eCay7Y838gDR9Z6N2kC1pK6xbCq1XWniA:12000000000000000000:OKDOT:CHECKMYTH
13B4p2DnrZHYnHPJFPLtXrGoeQQQnZ9RMNGSXMtkwutHbNWG:12000000000000000000:OKDOT:CHECKMYTH
1G5oUGjYgycJBKUg6W5QCBWKN1ZDQnReeBQ1BkfHzo6cfBx:12000000000000000000:OKDOT:CHECKMYTH
1TcCLCZj5rf3qQjSKAMMTGGpBqcq3WnfTSnNY4WZJ6JippN:12000000000000000000:OKDOT:CHECKMYTH
13sVFT1jgYKhVhKg1gnBSYEJXRbT2UDCcebXuDt6HSXzfNvv:12000000000000000000:OKDOT:CHECKMYTH
122K5WgcJho5q9csFoGPWoVUmS2shSkgQVqTfff95XfkFRgr:12000000000000000000:OKDOT:CHECKMYTH
146eg1gVaj3kwsqjXmQiaQr3fidae5UT1pMT1LQnYccn4vZD:12000000000000000000:OKDOT:CHECKMYTH
14nyHzbhVcEqEx71Tu6bZkMqaRi3C72bExZFkW18sHMRAJmT:12000000000000000000:OKDOT:CHECKMYTH
132cUEfXavj4nkiqGP8GZE6G2fi9jfaKhyPrbEHoEwf4imDL:12000000000000000000:OKDOT:CHECKMYTH
1616kJ91zPVZZ14FHaLLj1T9UPu1frEdft6u5c6K9MJP2BC8:12000000000000000000:OKDOT:CHECKMYTH
13q1qTUKqyPJS6GiBcS8ALXsDTLKJugCEorR3dBCx1moN7ie:12000000000000000000:OKDOT:CHECKMYTH
1sQF3WJHnasx5vkjvX5aBgAUsFAQSEwRtyHmaSsU5eECU3N:12000000000000000000:OKDOT:CHECKMYTH
13ZH2T6ZYRJsA1E6ANKViQW6MCJSxFdbZmTRwbTAALFuvkhx:12000000000000000000:OKDOT:CHECKMYTH
1285vX6XkKY5ues44TYYRpHHg6SU3Uz9pKuv7EXk4U4dmtAb:12000000000000000000:OKDOT:CHECKMYTH
12dwdQP1FVBPp81WAK5gQYE5fetGeKTkAksDa9Xm22PxuJjb:12000000000000000000:OKDOT:CHECKMYTH
137Ftm5Qt9QYrqEs1iiGj2Qda7ESD3NVbWbzzG5motHozVZr:12000000000000000000:OKDOT:CHECKMYTH
1FDw6gWUHREBtw7aY7uyo7oWDrHjL6QPnzyNEQGfVv7DdyV:12000000000000000000:OKDOT:CHECKMYTH
16PjDWh7fuVXKxpqqV2jib2QbFDK7iucw8ebFHA9hdT1M6N1:12000000000000000000:OKDOT:CHECKMYTH
16BFze4GeLjWCWu95xVEjonvkyso6M3Z4LzhEcq159Ady82d:12000000000000000000:OKDOT:CHECKMYTH
13veZ3ZKVaYNxgywjpY3LVD5VTzzgG4uY7VgfVfNuWpKPVW5:12000000000000000000:OKDOT:CHECKMYTH
14fvfY3e4VzFuyzrGTAakDcMfCmhVcAE4LsBCYVmADkd9pGw:12000000000000000000:OKDOT:CHECKMYTH
14McmHMTpXE6VvP7wR7vbKGcBEa3ZzvNor7qDbXgnuDjegCE:12000000000000000000:OKDOT:CHECKMYTH
14C6fatH13VL3i8tjD6snAhCQ5kFSw6wMuuAgJBKMTV6Gkj1:12000000000000000000:OKDOT:CHECKMYTH
164drEH1tPT3QaEvnE8CAbtXA6FBD2RsHNgcqJoJGfNrxUab:12000000000000000000:OKDOT:CHECKMYTH
15rwsiFme4x6Er8vvMDD7ugoNGs3gE1Nj8ThqbaQugnSbswy:12000000000000000000:OKDOT:CHECKMYTH
12mTGwkSix5DGmsMQvNgtG2E9Hx4o9dYXsdqKRAT3yDdqchK:12000000000000000000:OKDOT:CHECKMYTH
136V1Nr7rZrnZXKz1kFcRZJE73vGMFEUd6PGgMKf8Ldx5ccy:12000000000000000000:OKDOT:CHECKMYTH
1bTmQMoCSsafbiJciSZiYNcjSHEkj4VTqtS8QnhPuYvPYrm:12000000000000000000:OKDOT:CHECKMYTH
1jKPjKU3xcxJEwj3ZcD5gF65MgMutLDVFCdQC1LnC3kUSCY:12000000000000000000:OKDOT:CHECKMYTH
12S6BJh76W2L9KD2cvYMM8p64CCyoFTLyCS6T7mT7hgi8dDC:12000000000000000000:OKDOT:CHECKMYTH
14b3bvRJDEBe9TPE1G6yTctS2PiMWYgEk72ssZiyvstyn1ab:12000000000000000000:OKDOT:CHECKMYTH
15KPW9VAL9Lj7sZsAYyDTweucSWj4nUvhqnZzRdTReMmfKPy:12000000000000000000:OKDOT:CHECKMYTH
156HRqU4XQtYKD3GDofet66QHv6W2K9RD4VVc3yZ1wXuaEkt:12000000000000000000:OKDOT:CHECKMYTH
15f15net6GWVEMMQhoTTTtkJuUgUFoM24EXhQZfe3KzrAD6M:12000000000000000000:OKDOT:CHECKMYTH
13DB3jfpURdNbHR9M7kRHVAfdEet1Aji5pjyGUDHLgEmzWTd:12000000000000000000:OKDOT:CHECKMYTH
1123sDADZP2U7tZiUPezf1ni9wAzBfJ627HrdLKVx8gNuTyY:12000000000000000000:OKDOT:CHECKMYTH
13bwSsPGrRHh9Tj7nNo5LiX4ewfftEUyhH86DRpNP6RPsnvX:12000000000000000000:OKDOT:CHECKMYTH
14miXFd2cRrhpt7REZS9WPuMF2jv86YXNrGy9VbZa2Qaq9Rn:12000000000000000000:OKDOT:CHECKMYTH
1242XZnop5NvYtvBXjuKKuo2jNyv2sjhaTsDkGr8Y8qCd7o4:12000000000000000000:OKDOT:CHECKMYTH
16GG7Me3d7nc57F3kLdgu3xnXDHB5jKfT2rieJXH4YnqS4rT:12000000000000000000:OKDOT:CHECKMYTH
15eQ9hUTFhh1ZeyuEEenQZ7qyy8oPxt5PMyTEU9dDZXQskS5:12000000000000000000:OKDOT:CHECKMYTH
13mbifH7MVYtUkwMQzXaSw6PbE9AGQbx8yhtCbHHSJs46Bev:12000000000000000000:OKDOT:CHECKMYTH
15QnfZoXic8gLDp6dSc74w9T2L4dkcN3hcrRa6K1efapHKDd:12000000000000000000:OKDOT:CHECKMYTH
1n59XvrFATYPFYSsUXFxFejxfwhySL3o181F8SZn31edLp6:12000000000000000000:OKDOT:CHECKMYTH
1q4GRkQpDCcTmQvVGmQDDMdGetfpRstGDY2Q1fr2tnAvt45:12000000000000000000:OKDOT:CHECKMYTH
15KcNUwhbnHniNz8ExK4qLyfwMPQ2YXdLJJGKBJQstqPRYhx:12000000000000000000:OKDOT:CHECKMYTH
16Q9bkgdcN2WMVekyQWLWs2Qbxhdq6XZ1FyB1L5i3hWYdzZi:12000000000000000000:OKDOT:CHECKMYTH
15AR5bfmSCKNMckkGkmX3WPzXgYbA65aQtK8gnmcyP9f6Ldn:12000000000000000000:OKDOT:CHECKMYTH
14EBWV7SnRcfUBgzj4wjZQLp7avprkss84xpW5nQPyZdE5Xg:12000000000000000000:OKDOT:CHECKMYTH
16ePwKPJSrQfiSdHrthVkYhq1z6BuG6p35TjPU76RorkBonZ:12000000000000000000:OKDOT:CHECKMYTH
12qC94wVz5Sj1BmfE58mhTeGwsjixNEPNU6npnSW6HQqkR38:12000000000000000000:OKDOT:CHECKMYTH
15Y32Md46YJfEgxKF7nUCDMd8CPpCYe5y4KrZYwr7Catt2tc:12000000000000000000:OKDOT:CHECKMYTH
128zz8XMmqDaM7eEi47MXuXeWou4XiM8vkJ9JBmixXatK1iV:12000000000000000000:OKDOT:CHECKMYTH
15XyTUGLSVEG2AdmBRkFUAvxS9JC8CypZHG7i167aY1hChqz:12000000000000000000:OKDOT:CHECKMYTH
13ZJafwh986XonSgpK69NGkMp9cPNeABfqz3ipnFHsgsFhCy:12000000000000000000:OKDOT:CHECKMYTH
14C6rekriBwqDFpcDCw4aQb5EhB8W6rtwVD3JNpSTqtxJddx:12000000000000000000:OKDOT:CHECKMYTH
128JVyVBBt6cy6tvZiArreshah6ryVG4bicTvNFHpiTQjwPw:12000000000000000000:OKDOT:CHECKMYTH
15pVw7Uy1EHwWEEWnzeq6q7cQzy7hofNRk6FXUhXEMq6GKtp:12000000000000000000:OKDOT:CHECKMYTH
14U6U8w88BVEPqMN3yfzBEUsKhdmTcKSpo5BPDikyVP8EhR7:12000000000000000000:OKDOT:CHECKMYTH
13Xg468s3QrbrGmPnwGLJQkZ8aevd2mQB9hWXrZg7LvY5gMo:12000000000000000000:OKDOT:CHECKMYTH
124cA1XCXRdPo92jM7hBPkXjb7P7dehH6Ct36JNGoEjWmEp2:12000000000000000000:OKDOT:CHECKMYTH
14niBgw2ETEo1CCrJFYrdNpJbsTyFPAfpAJFQDvR4tDWsFuy:12000000000000000000:OKDOT:CHECKMYTH
12TP4XgCDFRGvoaXPBnsbUWNmu4jkBRdnc5AsaVt48HdLmZ2:12000000000000000000:OKDOT:CHECKMYTH
1Mh4fwRzDSbeEj9rNzrRv68RTNZkGUFptr5Rf4gv7vuRunJ:12000000000000000000:OKDOT:CHECKMYTH
16W7DEsQFmLVuvNdKdt4rHJyyrvqpNf52usNQHyPKZY6yqa1:12000000000000000000:OKDOT:CHECKMYTH
16T9egutZ5ydobQ6KH2T3N3zJ9G6QsB9xnfi8cY96SwUm2UV:12000000000000000000:OKDOT:CHECKMYTH
15kMtkgQvXRgP4NWQ5JW5RPCapSJgMNUzgQHNdKXCzb3YaBP:12000000000000000000:OKDOT:CHECKMYTH
13kA636fNMUJoMwCZ4DUrpb5nnWZskWUT5zzoQM5s1FY8gir:12000000000000000000:OKDOT:CHECKMYTH
1294jDQYdG79tHFZHTiXKqdw5UcqS5EMw98qrQFay72qg84t:12000000000000000000:OKDOT:CHECKMYTH
15AvSyWHn3dD8qFLQ7R6eXrvWnXottDpWEtmH7JhCcBAtTgr:12000000000000000000:OKDOT:CHECKMYTH
177tVs9cc4n27rQ8pRoPfkBQohi1jSBBcC1Lfo5BAjUXVVU:12000000000000000000:OKDOT:CHECKMYTH
12mzD96KmNwgS4pZ2BCBqVxXdS4KGAJL3Jyet3SkPcpncWor:12000000000000000000:OKDOT:CHECKMYTH
12QXwV68grkBzPHpZGYyNDqT1agRQNbTWBKTLCUtKqgpeVqU:12000000000000000000:OKDOT:CHECKMYTH
13g1Z2hza6xz6no9wcF4TkGWiWx4nxRLeQMRb8gyNhqce7ML:12000000000000000000:NEEDED:CHECKMYTH
13iTm7no7CzhciQ1gs8Fjo4FYX4HdWhiTQAfXzSrN1h6XqKV:12000000000000000000:OKDOT:CHECKMYTH
16WiZmExSxeqcx7Qc7BpZWTSZeSE1M9cjt5kkMF6q4YcygrJ:12000000000000000000:OKDOT:CHECKMYTH
16HoyPdcDRA4fqYtH29HAbFfYyCZnrd2qUYeKdwCJXtRczKF:12000000000000000000:OKDOT:CHECKMYTH
12X3tm586qPn8KxzmFQM2H76dpnqn5bgouG46mWWphASw9ML:12000000000000000000:OKDOT:CHECKMYTH
137xgV5gJPqR68wmJiQ8vC3a3EvvXRwxwxWL15Wfbh3rEAzj:12000000000000000000:OKDOT:CHECKMYTH
12q58i41C77QFLYixdhftxS7ZZb2s36rRAs8mb9ADXZEUoPq:12000000000000000000:OKDOT:CHECKMYTH
1zgck3pVx9JQ6LhSa9mZdZ3ty6FqPTzXsD6RM5xg5fWGD8H:12000000000000000000:OKDOT:CHECKMYTH
169BaGTH3KM8h5QGkRYu19fEg4pBqkEpbkx1Z5NHzqXKKi4v:12000000000000000000:OKDOT:CHECKMYTH
152TtBxumH98YeGRBts7Ve4VgBUygf8mQscKzHwReqYk9WNC:12000000000000000000:OKDOT:CHECKMYTH
15prWBARArJLhZL2pcvofJhUSCxCFdzrk9fT3z4DBxLw29hG:12000000000000000000:OKDOT:CHECKMYTH
149BW4Vym96Rs3tzTor8iWMTdgC3o1sgbJDgRa28K9ZPYudy:12000000000000000000:OKDOT:CHECKMYTH
16NqBSLrvcfZQhVGCgRWRquJ8FGqf9Xr5tTPym4yNh6ENThE:12000000000000000000:OKDOT:CHECKMYTH
12iBA1zBTadCEr5gsyswMVoVJaiuZSA6Cjo6mwykf4JMvCJ6:12000000000000000000:OKDOT:CHECKMYTH
15UWNT65ADLKHxnRzSfmszkJaHBfQRPekhs9M8asxKBWmeom:12000000000000000000:OKDOT:CHECKMYTH
13LnsqvDn6ozEhCKy5JsHX5u15j7JSwoDwnYEo8sCAb3Jkay:12000000000000000000:OKDOT:CHECKMYTH
12RvJzxbe9YUPabRCTPSeNeRyp4gAo6ud3hpTvGvCgHpUak9:12000000000000000000:OKDOT:CHECKMYTH
13YLeZNSyiHcw7EYG9NCSAjCNxKRcyyxyGVRkKD7DL8MNHga:12000000000000000000:OKDOT:CHECKMYTH
16DXBcvXQ3q81US7yd8J8Aqb8NwN5YHjVpYcjm7F2DU557RS:12000000000000000000:OKDOT:CHECKMYTH
154ehVrruRGStN8mMmCawALfuywv8w26hvWo61gLVj1g9XnM:12000000000000000000:OKDOT:CHECKMYTH
13vZqo32FxQioEELfzrDL7wTyUa3jRBbePwD2UqSU4dSguLE:12000000000000000000:OKDOT:CHECKMYTH
13z2jjQqiEK8BiZ1xnxPRv4h62Raf6xzZzdtySSgYFzxX5iJ:12000000000000000000:OKDOT:CHECKMYTH
1x9aH1uAr9sVqU5vCbpyeoj752voFrUDbfyuWJ4wyyUhU3N:12000000000000000000:OKDOT:CHECKMYTH
164wB86eDNnsuJQVeFTJce78Jh8LkzdXKvzHRQbBFmRMA3p7:12000000000000000000:OKDOT:CHECKMYTH
15gXYt323DqQRbrVHzY7DzKCMz8quH1oD49qzS63hPdnnBfp:12000000000000000000:OKDOT:CHECKMYTH
13iZTdaofMw2zkoRPVUn1eYb25sLJquiBzw69c6LhRJUDCeX:12000000000000000000:OKDOT:CHECKMYTH
1ZNEbq4Q3GiZpovCukFQs83RVqTwx3biWsnVeVTZtbNjNQ6:12000000000000000000:OKDOT:CHECKMYTH
14RSEyrkb6JHM2SiXZ3fKxdeBbHjD7uZdBSmn2nFiEZW76Pc:12000000000000000000:OKDOT:CHECKMYTH
12jbA4QJQeegzJoUVBCEiArZ22d3qg3nGe28yBnFV3PBjsyD:12000000000000000000:OKDOT:CHECKMYTH
14t3mkFypt2aBMXH4nok232xpEaDsVtCXHrFrmyvt3rw2tnE:12000000000000000000:OKDOT:CHECKMYTH
12mJFU5epzyQD5dVwinN6PVYigwdoRBDNcKF4Zkefszf7VFt:12000000000000000000:OKDOT:CHECKMYTH
15HgfpgqmVzXMveY1mP6YspTkpAggEyuPmx8jtYSqL3SUme9:12000000000000000000:OKDOT:CHECKMYTH
14X2ztLXwYjRSfNwTeXsPHvELQ3LkuuBt7bkV8qi26ikEfPi:12000000000000000000:OKDOT:CHECKMYTH
158GP7XvQgbrPtxm4hKKcWmWaBtovPev9NmiUQUKUftFx6cj:12000000000000000000:OKDOT:CHECKMYTH
15jcn1GcsPJX8jSUh8QiUyc65uroxXJ53uQ7iyCc6MKjmVgk:12000000000000000000:NEEDED:CHECKMYTH
13STARsGqVMCKiprqhSbyTbajBD8hCiCgqDwEximxh3bvbPY:12000000000000000000:OKDOT:CHECKMYTH
16DBgpuuCxwDJvXzm9uvXpsBAp4ZeGUitHsUZZit8shxNx5S:12000000000000000000:OKDOT:CHECKMYTH
12jMxmvt3TbmkMLYrEHcfvposAzHvaibwytn5TbA5dsqM4Hm:12000000000000000000:NEEDED:CHECKMYTH
16J4mS8fTfmqdLeGyHMqNhPAKLBi3dy6yyFr1xeqkS6uY3Qy:12000000000000000000:OKDOT:CHECKMYTH
14Vwc8WpRCnaD1vaAHVj4eHWsbA55vR5ezwcg3wMC76TfmJk:12000000000000000000:OKDOT:CHECKMYTH
12FbrZ9uc6QxVs4rcwxjzNzDaMUAZQ1Em7r9avDqGgPGNMaU:12000000000000000000:OKDOT:CHECKMYTH
1Ea59UiYTRrBM28vnMWhwesb4E5T3UvtJcUDTYVVfwHAyh5:12000000000000000000:OKDOT:CHECKMYTH
14veUJQkiDvbXzwhVo991d8Pv5Gyj9cbSgsjtJJTaPGdEXKh:12000000000000000000:OKDOT:CHECKMYTH
14MUMnxrqwSUpThZNGMVSFv3GxxU86B1RXg11sCcVWRFusEt:12000000000000000000:OKDOT:CHECKMYTH
1uXaBSqbohysHjhxBZbkFVpDHT9Z3CuFJMcP3fce23yWCKk:12000000000000000000:OKDOT:CHECKMYTH
16Jpf5YaYZqwDWonnDqcHrsgFGSkz3UhcVGoUYb8moHGrTTG:12000000000000000000:OKDOT:CHECKMYTH
12D1q3W5aUMd2ax6PBczAUxrCcPLDGb11YjQYqtHjadsw9m9:12000000000000000000:OKDOT:CHECKMYTH
13BXmdpWcmer6ArqsReDBVBqFkLVzxaPqGB6a5E6BcKmzCbr:12000000000000000000:OKDOT:CHECKMYTH
13EXTVWJbWFdsQU8SpJxZJ6LCnnamvZrZnhYjNUMAJyHe8g8:12000000000000000000:OKDOT:CHECKMYTH
12kf9yi2jdkx6FKXvigBg87nzgUipDB2tbyd6Fo1fQBZvRL:12000000000000000000:OKDOT:CHECKMYTH
122q7hfkohPuPGQzvhL5JDHoSYzZbVGK67Z2ZbQ7t8pV8m4x:12000000000000000000:OKDOT:CHECKMYTH
12KrfHHYMz5rP18jYYTvfphqcnUfvM8xtwLVgHhdcbqBLHma:12000000000000000000:OKDOT:CHECKMYTH
14UrWCJwsX6LYkRFUmFxEvnMo66xFt3ufyyoHaUqpy3F48Ga:12000000000000000000:OKDOT:CHECKMYTH
14tnd1rTQwT3KHxvhLzmLzUYLyCGpVeYcRwJZ33WriMCQHh:12000000000000000000:OKDOT:CHECKMYTH
14yvWLnmAs8D9D6ZMy5fSXaawqZJxKH7yvEEaTkqbAHRDhjD:12000000000000000000:OKDOT:CHECKMYTH
14YZX546ApyJ6su9KuB9reEnfqgZQMwbG8jo3PryecL2zqqi:12000000000000000000:OKDOT:CHECKMYTH
1u4yLn8xQ6WL8kq3mRMxff2aigivpnDKAGr24ez7MtPFavU:12000000000000000000:OKDOT:CHECKMYTH
1ohG66hDp81C8X3H6xhpGhae1yAbcrJnwih4ykGer1NMYbb:12000000000000000000:OKDOT:CHECKMYTH
1TUE9hR9TNP7S26ydBKhF6gBVwiw28EuaN4qnvHUKQu4KgF:12000000000000000000:OKDOT:CHECKMYTH
121vAmbXtMN9nQxwbGL7RA5Y2J5aKz9dmxS1BpQfzQu4nd8H:12000000000000000000:OKDOT:CHECKMYTH
161U36UpRLUGyrzcGeJpADWxUWFqb7Tp7SC3JPyThqYdTGPu:12000000000000000000:OKDOT:CHECKMYTH
1DRNEMRSjRxmpXSBT6E2uqRzKJKfUAKPnEqWLVji86RaAgs:12000000000000000000:OKDOT:CHECKMYTH
16X1rYxnjkEHv8MSJ4MnZGeNDC3pHDTbeTPkEYwezTVMMKA8:12000000000000000000:OKDOT:CHECKMYTH
13GcE9USXiDPHK5FKrhPckkAZKSvmrtDrApUEVojWyuyp8b3:12000000000000000000:OKDOT:CHECKMYTH
1642aypBuTqZYQQknLgfQHVZ9LnXRAVEZ3H8G4N93h51qsra:12000000000000000000:OKDOT:CHECKMYTH
13kYctHf3YgQFHt5wJWn3ZSfYGTVA5cy9x1XEuU9n9dBV9tk:12000000000000000000:OKDOT:CHECKMYTH
12fqPDWPaFXqpvYGbtHRRgHF8jHApmFxjxfMGJwTPedXwpMs:12000000000000000000:OKDOT:CHECKMYTH
15UqoNekC6xtfLapoeHbPKr9mbkAFqrVJkHtxXKXg9zRJpAy:12000000000000000000:OKDOT:CHECKMYTH
14VfdrxMSTkFLw6ohLTPVYEMKsnoZTYeEZbx3MeYBuf75szC:12000000000000000000:OKDOT:CHECKMYTH
135xEawKCdcz3qFMBUCF1wgu66YtWCjk2WhicX6C9ykZBC4C:12000000000000000000:OKDOT:CHECKMYTH
12T6unxtDvfN9hzAC62cRQQvB9PJLVmTiSVkMbyu7DgSA1Ua:12000000000000000000:OKDOT:CHECKMYTH
1377SB5kJyQuMnjjTTc8v14TSNTPiGXDH7S5z8NCfntfmKg:12000000000000000000:OKDOT:CHECKMYTH
13JeG6uenP5V7TCUboUXdesCnnSHWsMzET43DSvUhRJRxqXp:12000000000000000000:NEEDED:CHECKMYTH
16h1Q3G7hkLCk9F4eTAsMnT7ieJqXy2SfQkCTCUsz2aQBYzx:12000000000000000000:OKDOT:CHECKMYTH
14uKfWTCvAPCyfexNEsanJCw7DJXobqSpwnUzZqvux9of9Je:12000000000000000000:OKDOT:CHECKMYTH
12GurjPEgvpnbN9hcFDqq7gDbpEWdhN3rF7MNzrHbm4e5WCz:12000000000000000000:OKDOT:CHECKMYTH
14cG4TR5Jk2Kr5NksUtcaFxedmuv1UjTf6PxbRgKYrQ9pSHQ:12000000000000000000:OKDOT:CHECKMYTH
15zf2TsSeJMLp8g1ttzMuWb4PqdKVYiVFZyViadW3hDS88Ud:12000000000000000000:OKDOT:CHECKMYTH
12YH2cdY1XNgHjbwhgQPokg1mojarJQEx2dsoofxHJmi1usm:12000000000000000000:OKDOT:CHECKMYTH
16mopoDLvW34GWEQ6GKCabP2XM9GvKsktsTb3o3wxMiZV5sT:12000000000000000000:OKDOT:CHECKMYTH
13gFpLHuRtwneTcumbMSYirrCEoV6xSgrCjkjeP3m1hX9bsN:12000000000000000000:OKDOT:CHECKMYTH
13Cxz6jAfDwrstUnwf5okR7Kr7pH1AWDh15gVzzLXjACTiij:12000000000000000000:OKDOT:CHECKMYTH
145sDV3Sr6gxxPsWY7VFmRqU2ub7J4fJ8CGjNEKBfUukWrHr:12000000000000000000:OKDOT:CHECKMYTH
138M2b7taZ6w8NDXKjE3MwPHXe6TYp9AqGoG3qwxMiWt7ofH:12000000000000000000:OKDOT:CHECKMYTH
1dpFDcQZ2gHiYLPHp4rrYMafg8oPjfRSt4xpQkE99j71dW1:12000000000000000000:OKDOT:CHECKMYTH
15GUzXmYQKKHfmbhvD1cojKhrckXL2Un9a5S9Fc6RJkNA6GS:12000000000000000000:OKDOT:CHECKMYTH
15mubWjnrvvQJkNKAtAC8Ga43wiQWgUgwnC4pTRvsoSSSgRG:12000000000000000000:OKDOT:CHECKMYTH
14LEzn2DXd2QMz4VawqFFMvzvKryLStFDfMWtLTsU4yfSW1X:12000000000000000000:OKDOT:CHECKMYTH
13SCKBJh8QvdHk3aJ6wB1A4ZGc46n41JSDRXe7hnsMnaWDDB:12000000000000000000:OKDOT:CHECKMYTH
12trPEkuC69djz5yqD34xKfFZJFt7EGfciWAxEQgHP6TQ2v2:12000000000000000000:OKDOT:CHECKMYTH
14iVJ1z34tswug4LJPw28NE1DzGAq2rcJrQ8uNXXkSmELEdS:12000000000000000000:OKDOT:CHECKMYTH
15h3MG97UYimGRCifgKgbHWCv4zo8ek5KRDYQkJJqohRVjSr:12000000000000000000:OKDOT:CHECKMYTH
1qu3tDmSW1i9UnixvR1EXo3WPMTV8ievD7sCgfFWo7QvrJf:12000000000000000000:OKDOT:CHECKMYTH
13SNenRkcVk3vZQZdWBt1XMQu5t72ZeipRMoyVpHH5bxa235:12000000000000000000:OKDOT:CHECKMYTH
14kDGt4SBx6AeU23B1XnGjLtCA3TvgH9vc5TEG5ypxhrKqF3:12000000000000000000:OKDOT:CHECKMYTH
12sphkNVjngZtgGYuGyFkKti9PAo6ZjapKrGuYMGr1GVUh9r:12000000000000000000:OKDOT:CHECKMYTH
13docV6w5jmv1tv7FZJE8HHZA5aFvF6uS8TV2Yq6ePtyc6Gx:12000000000000000000:OKDOT:CHECKMYTH
139CHSvk2BejFrDC82TAf8s3JERgB8YzS2njzsz7BAnaZBwQ:12000000000000000000:OKDOT:CHECKMYTH
1Y11AVtWMXRx41pYtEXYGNLBvj1d6XfyWx9Ni39pk394rox:12000000000000000000:OKDOT:CHECKMYTH
14EN13kJeyz931sTYzEJgeopiAwe9nfKuPuVrDjheo66qwSq:12000000000000000000:OKDOT:CHECKMYTH
1SHagkhqc1Fw5eDpNJ8Fcihhk8mnQbb6m1gFuPSYBJicnP5:12000000000000000000:OKDOT:CHECKMYTH
1cF8VHdngTQCKy3Amv8Ftbcpd2wYhV1jCzYv6S5j54fXEit:12000000000000000000:OKDOT:CHECKMYTH
15kWusmBNHCmyTFVEhfh4x6W7HWZfJ8ZaZZ4G9SUBEnCBHAm:12000000000000000000:OKDOT:CHECKMYTH
13eBv8art41s64yPhLuaaqwqwbjaY5EFeRijhxEEVPdPk4QA:12000000000000000000:OKDOT:CHECKMYTH
15zfqA5qCe7zgjHkZK32RKfTi6mzAM9x4oPW3Bew8XZK3P64:12000000000000000000:OKDOT:CHECKMYTH
13CnzqSaZd5EuhznFYk8gia4GG5h21FwopWpj2upRM3c7Tw5:12000000000000000000:OKDOT:CHECKMYTH
12sADd1jkuE8uHKPEPFNycuWLQsiLyubHSSQMJtYZSnD4waq:12000000000000000000:OKDOT:CHECKMYTH
12QTc58s8Yd7Aug77UtjMdsJUZPzFPMtfsg5dGFoXTcmtL4a:12000000000000000000:OKDOT:CHECKMYTH
13LzC52iZtakENJ5oJsLnB1nymghoG1ntHc58EsnzPoasUYq:12000000000000000000:OKDOT:CHECKMYTH
12Lbu7uDpq2JrBAjwZ8FbNABbxHMdCdnMT8uFYcTrNZLABXB:12000000000000000000:OKDOT:CHECKMYTH
1488sNzDU8TqjP312XSJTH5L9WZMJUabGihtatQgkkXEauMj:12000000000000000000:OKDOT:CHECKMYTH
16BLMksVUu7fzpx1i1dDuq888NivDZ8B7eYNCG9kH1hjHDM4:12000000000000000000:OKDOT:CHECKMYTH
15rRo4esjVb71eC77RKT2XEJPxxEKHrnzv65RuAgEAobzqGZ:12000000000000000000:OKDOT:CHECKMYTH
12QdkWyAyoy8w73ry4Uek6ocjn612RTxJ4Tppeo4tdvZXLbm:12000000000000000000:OKDOT:CHECKMYTH
124s8LePwGCqrsR6HEzj8stWVHJuuGMz5zq7SeaNakEubQ3Z:12000000000000000000:OKDOT:CHECKMYTH
15woSmvRjotrFe9gDFv7fKAAMy8zCp5LAwHAKtyZLRstRvfD:12000000000000000000:OKDOT:CHECKMYTH
15pyTufi1hy5TUYrnvDM37uct8aBBb3o5EV6xem4vPZVLAcK:12000000000000000000:OKDOT:CHECKMYTH
14Jijk7pkDE9YzGMEVqauEVsCZeZzQJwPZuMVtAh7Mc22aKq:12000000000000000000:OKDOT:CHECKMYTH
1zLX1Vx2PoyKkFVaA6Fqk9vK77dbLUEC7yvQwtfTFvrtnhv:12000000000000000000:NEEDED:CHECKMYTH
16UbAAkmiMXo4YttCrWDrRckxQJiDPCTUGRLSSDUGguLiTvq:12000000000000000000:OKDOT:CHECKMYTH
16Dr6fiwWjb6nzK7vsWom221nBNN2NfojUjqmEhkZEWcxcSR:12000000000000000000:OKDOT:CHECKMYTH
13dv2UqsV7VwKhPXt15V4dwA71FJgfi1b4AJPpXur5uRCRJL:12000000000000000000:OKDOT:CHECKMYTH
121t2aJWe6oRDmjjun76zFP8gcvhBq1KkkFPcyoEF5kJfa4x:12000000000000000000:OKDOT:CHECKMYTH
14Y41nh2L7dEfVQnYEY628Qf3mbcuKwq1pR4RH81GZkFtng3:12000000000000000000:OKDOT:CHECKMYTH
15NQAoRZLgznAPBTBUcospF1gwGVKkwupqhTd2cUka11JMyD:12000000000000000000:OKDOT:CHECKMYTH
1Gxz5JWgAYA9PSrntPdGecjxNaKzGwwgfTgr6EjHPM6QQQS:12000000000000000000:OKDOT:CHECKMYTH
1uuA5ZgPGXrcWYcUSgHL5WspEeGTqqsotnzpmM1GMXqHoCq:12000000000000000000:OKDOT:CHECKMYTH
16S2P3wHNV4yiCGc6yNtjuh8JV9cZJKkZKVZs4XqGPCCZKbU:12000000000000000000:OKDOT:CHECKMYTH
1j8z31kzQK7eFc3b3pyrmu8arBdVJafw3yM2rGCvw6iivRa:12000000000000000000:NEEDED:CHECKMYTH
13tGmgbNLnF42QzktLixyzFCyyVtRvUnrha7J762v5fLUKQe:12000000000000000000:OKDOT:CHECKMYTH
16LSzWmuLH9qyAzAYUVwhmQvS4SR4o1UivNcFUJo6Q4kukzH:12000000000000000000:OKDOT:CHECKMYTH
15anWF5SS3XN9qDo4XVHTodVrzQhN7feUFtVLXNfPyk3ZSeS:12000000000000000000:OKDOT:CHECKMYTH
14KrBzgqxxfHoqBVa462ndfsp6oBjNB4tPg1VRg6VWuRskgr:12000000000000000000:OKDOT:CHECKMYTH
15fMZ69g9xPuECRJYfEU8e9yBe23TByS1QxfVnP45Qq92NHt:12000000000000000000:OKDOT:CHECKMYTH
15EQriHxv2gLsDDVRcJEETc6aYg4zjGxWjoEnmgQkbKrYkGu:12000000000000000000:OKDOT:CHECKMYTH
13QapUeebwvAx89Rycrb1q7SaAY2akR8LWjMYqNRF5NjxzCd:12000000000000000000:OKDOT:CHECKMYTH
15uKeB8Yhv8enwbfTuebkn9N7xvPfMPCfrHgdKLqgrY5Q7iB:12000000000000000000:OKDOT:CHECKMYTH
12mrDFmZrTtTdRKofgBYhirn3aE5sJyF35HaY8GejGQ7p5b5:12000000000000000000:OKDOT:CHECKMYTH
14S1XUdwshbhBxL1CfFoTexqA9aenVKNXATWHDBibgBqW5dy:12000000000000000000:OKDOT:CHECKMYTH
14ExZcPtaMH25itnyVAzvMtnC2yjgjDn5ySRL2sf8KLKQptL:12000000000000000000:OKDOT:CHECKMYTH
1242F8opRTCiQaooowAg5d7jrgD6zGYZRtFUN15xvxmizr8G:12000000000000000000:OKDOT:CHECKMYTH
1KNbmaq47sLutZKjFFMpxs74G3e3PDJKabyvue1xV1bhMNx:12000000000000000000:OKDOT:CHECKMYTH
16dk9vGtMZv8RqxFYYpNCCVNKdDSRCre367rPzCQjG33cmf7:12000000000000000000:OKDOT:CHECKMYTH
13jMqm1j7GLBZLeVCQUXno3heh9gFzqVE7ybEwwKfnRxaXCt:12000000000000000000:OKDOT:CHECKMYTH
12U7b6LrGJ8FHixsWDJc9Y6trtKdcVLArXhQdHy9ZHciB3AR:12000000000000000000:OKDOT:CHECKMYTH
16VCzrbbWx9jHRw93d36n3w3jJdJxwyGuQiQmkMmmbsdGJeB:12000000000000000000:OKDOT:CHECKMYTH
13hNbehwgrdNngu7SGqFzkZusVRKkaiEfAWBJbHqNR8ZG7y3:12000000000000000000:OKDOT:CHECKMYTH
137CDubLjGngcVhu3srA2KJt8NFy19YSrjCio9w6d8CNbo7A:12000000000000000000:OKDOT:CHECKMYTH
13oAoGdnyQzCfLHEQpFZGbCQ28hCQe7QVA7wsb77cmthhe9i:12000000000000000000:OKDOT:CHECKMYTH
13RV73EoMcAZp7HNq8KWuPdjJFsDyuZ3tyhPVnCaF1GFydC9:12000000000000000000:OKDOT:CHECKMYTH
16cZ7hdpykVZopXwB6KobR4xupTgbUiEXp4V1jYBDiMvjQ8p:12000000000000000000:OKDOT:CHECKMYTH
1o8AijFjPLyU4bNTuHuJrbX2cQ9rFdXrj2tRzrPP6HoJHV1:12000000000000000000:OKDOT:CHECKMYTH
14gKJJnYFPcgXy7uJwJPpEaWuxfhQsJfNxQcWvbrEL2G68iv:12000000000000000000:OKDOT:CHECKMYTH
15wBkKCPzC9Cuhx2kPmkrvT5MUBRyQK1f8ejkwKcVYZY8FKa:12000000000000000000:OKDOT:CHECKMYTH
1uZmXkvmpyT1qovUDAYTqfUHyu5BkDWCb4788s1LqbZ8Kh9:12000000000000000000:OKDOT:CHECKMYTH
1F5vDUPRhtZEcyAaQ9zE2q3XQaA89Tpmx8RVMrApBkZ2vRr:12000000000000000000:OKDOT:CHECKMYTH
154AbrwoVUVYotQGrUUEHJ27Mykk1YW6nPmRMXuu9QE7wfxa:12000000000000000000:OKDOT:CHECKMYTH
1YX6vrEZCwm6GypgQekFr3C1MqvQRo2WF1gByDm2YzBWuYP:12000000000000000000:OKDOT:CHECKMYTH
12bs1VkKcwqqQf2C3adkCXJ5xo1mhj6poS1NxWXVeMXXqyjm:12000000000000000000:OKDOT:CHECKMYTH
13QsLKx7vViM1L7EqcdvvL7qRuNxJJEJjoWHytg6idSp6UdE:12000000000000000000:OKDOT:CHECKMYTH
14heEG4AazTan2EK8ZXX6kWr1c83fzKABJsW3r2AiDPiRFnX:12000000000000000000:OKDOT:CHECKMYTH
15MPYc2775YUnFGsGun4Z5XCmmAucb6Wnd4EpLTS9nAoy8yM:12000000000000000000:OKDOT:CHECKMYTH
14ij3xNEH5GbY3ohUf8DhfgBHAB1ugx5R4vVGL5odYZqtGg7:12000000000000000000:OKDOT:CHECKMYTH
13jnzpDpvyjx8gGJXzAhxW4KiuxtWt8gxwouyEKCX2MMDv7t:12000000000000000000:OKDOT:CHECKMYTH
1VayMArXZsF5S4E33QhRZ6WkqMobFZMnXvqTrWcS5c1wvrJ:12000000000000000000:OKDOT:CHECKMYTH
16UUvdzFTVvwMfUCTCu7xdwVCjfoT5AT52CsE8DhXYcVmiM2:12000000000000000000:OKDOT:CHECKMYTH
15t4fHD3VvDVJXrUwZZsQoySggkwpazZeVPtuVqvTUvVRyNu:12000000000000000000:OKDOT:CHECKMYTH
16CmqGiUuFnettpdNhowAYE6dE3Mz5a8xF1hZ8iFVNhNxXFu:12000000000000000000:OKDOT:CHECKMYTH
126Sb9QGrQDmgXrBP6z3b6wzmfR6yZr1AxgoChBNoSKgYxz3:12000000000000000000:OKDOT:CHECKMYTH
1W4WVPyBgwGEUE1VAZkyofLyK6pPo1gATfYVmmiT4t1yiGs:12000000000000000000:OKDOT:CHECKMYTH
12q1nQaLtqfxrADjfEvVV1C1BXxJKikCSuGA7nkxbNS1eRft:12000000000000000000:OKDOT:CHECKMYTH
15amf25cVL4dnDrL6gtWguksKyoMADPf2UF7AQtZiT5Ri7rr:12000000000000000000:OKDOT:CHECKMYTH
12bNFccrEMiKfsNW3MH3DumcmPZTkDxPemkVcm1ZKEXZztrL:12000000000000000000:OKDOT:CHECKMYTH
13cqspPmr8qbA7woX6vSLSDJkD2YRgYLgbwiYMrDyXaqUEQw:12000000000000000000:OKDOT:CHECKMYTH
131HA3E2MywWxs9onWoLWzATLUFTog4sriy6zLD9dtA45ZoS:12000000000000000000:OKDOT:CHECKMYTH
16b1dWYijM7dJv7wYqxTNpgx9uRSaztBkY45jmdiJqKWK5bu:12000000000000000000:OKDOT:CHECKMYTH
12owVDxqDQ1kda3s2mvqkJ8i1WGcbHY3kSbihLHooNGTRapV:12000000000000000000:OKDOT:CHECKMYTH
15SEBb989rrGZduRWMQSXtGbG8t2y1x1FoZMpgit4JZhYHh9:12000000000000000000:OKDOT:CHECKMYTH
15fucZDjxjXZe2KMtwddbao5fhhBQWev2UdjJiiGMS2Cz5ak:12000000000000000000:OKDOT:CHECKMYTH
14vFw2MUHYmx3VJt8xaaz29zDT3X3cuPDqSGRQZiSJFFhUne:12000000000000000000:OKDOT:CHECKMYTH
1gEqBNg1vdKb7HvrvdUwHZMExZnJRLubsyKqnQCj6REgNrj:12000000000000000000:OKDOT:CHECKMYTH
13xTrmV42t8At4iAfqR71EVcF9neSiTJJkM3YZCeNjWhjUeC:12000000000000000000:OKDOT:CHECKMYTH
13CqJrpDsT4hRMbgfDqdmCQVV94puuZYURMinkCwcse3fdGL:12000000000000000000:OKDOT:CHECKMYTH
12csFUQYqWbYWiEct9HsvH4zee5vfGXPPrWUQu5uSfdaSkoJ:12000000000000000000:OKDOT:CHECKMYTH
12kwrW4zqhcgaxGCky4ZjVE2nFddgnsjPM52v3d9pXV125FN:12000000000000000000:OKDOT:CHECKMYTH
156VeSCsiRBW5vfFMqS8acHxtrP6WQjDRR3QaHzdTNFFty5h:12000000000000000000:OKDOT:CHECKMYTH
1FhPHFYWiJVVq3QemqBNdPZRxu7NgnK2QwLSXU9iAc8LGt6:12000000000000000000:OKDOT:CHECKMYTH
13RTaahy3iez23cLDM4koAnocFV7YPZYgdeUfyDACjWeHEQ6:12000000000000000000:OKDOT:CHECKMYTH
151HkZVSMeesvTRRRPLqSntnpdeBkUK78aG74ufEpzyHckRD:12000000000000000000:OKDOT:CHECKMYTH
125tEXihKuLoASJMYjc5wyKHhPBHjkBna1KnJ4CipuHwoAun:12000000000000000000:OKDOT:CHECKMYTH
13Hp3P7zdFi36uVQ1YBGfuNZGZGgHHSJqtYoMJyNfmMXg2KL:12000000000000000000:OKDOT:CHECKMYTH
15XCaK2nkudGGtkqt2jTUHRARJnKLpg1QBGG13FbZFRHkz5r:12000000000000000000:NEEDED:CHECKMYTH
1MwLunSj8SuaPQhNaEFurPF8PhSjfo3jam6ZWoSLKFh4CAH:12000000000000000000:OKDOT:CHECKMYTH
1eq4XEByMYcm7YRgGSnJcHtK5ZvmJ2KXMjHqtACjePW7tJK:12000000000000000000:OKDOT:CHECKMYTH
12CCA9C3aSfPbr8vV95HA6w3L54yeuXf9nyMi17KdWPDDzsw:12000000000000000000:OKDOT:CHECKMYTH
1hWoNJyB88Mq116e7hgfmoksaXDAQqMrDj3gSbPYn1JRP4V:12000000000000000000:OKDOT:CHECKMYTH
15DgNVpfG4BnSeBHXu6hw6ZQTKghCEQhGvtpBoZ3xLQBpiuf:12000000000000000000:OKDOT:CHECKMYTH
16FoLP2SAGxMdhgZRK3pGtM3AF8xJ5zEo3ZgKijvKJHVvHzR:12000000000000000000:OKDOT:CHECKMYTH
13KvRMJM8mEmJW78z72xD4AeTaAr68p2a3MNJrTXmJkLX9PC:12000000000000000000:OKDOT:CHECKMYTH
15kWL9E6QiNWHNu3ER6XRWRg1bqvhZvhK5ze5xVSGWvZxFTx:12000000000000000000:OKDOT:CHECKMYTH
1564RnzXcdw2isw9gknTnf3TQ3ekhXH3RerqjACQQ15Gk2sG:12000000000000000000:OKDOT:CHECKMYTH
13QMeQnj2oMMrq3tJgcnsTfD6iao8ckZXU9KzQxZyjgZVGPE:12000000000000000000:OKDOT:CHECKMYTH
14H1cmowmonhmUFKcxdTc7DuqbjrfBExVszMSDq5v9fM73xi:12000000000000000000:OKDOT:CHECKMYTH
12snGqGvRvFvPe28xgodG89T7yEJsHH3VBLteruZoKTyYhUx:12000000000000000000:OKDOT:CHECKMYTH
14oeCPf9GxBgduoVfrdxVqSqXB8q4ndUfYKfVoNsEms3vhty:12000000000000000000:OKDOT:CHECKMYTH
15wL8zKunwFJufAdbSoAx1nK827QEGdYau8fKtsZWiwhN2j8:12000000000000000000:OKDOT:CHECKMYTH
138ZiaxHFUDgAyEMbc4efQLHi4zJWnfpvTzD5ucQazdpPJ91:12000000000000000000:OKDOT:CHECKMYTH
1eMBfmBNc1ZBryPDuLNLaPoyp2WoeLNuiGWQDHVuwxCJC6g:12000000000000000000:OKDOT:CHECKMYTH
15XdbQ8Kvkwm92vgjEzr5zCSAYYSnBiXrHgQfbtPMaz5SSkn:12000000000000000000:OKDOT:CHECKMYTH
1YvZez9Q2FgAZASJ4QSbDm9cAC92g3H6Yoz2WFywLjChBf7:12000000000000000000:NEEDED:CHECKMYTH
15wowpjEz9LiRyWF1g6QEYx9S82yWotunMCinQXEoYTpLfQS:12000000000000000000:OKDOT:CHECKMYTH
15FZUD6rK2jHdBt5iCy3oUbn9seEh2nYRxGsTMFLsWfNpfam:12000000000000000000:OKDOT:CHECKMYTH
16FumgijpzAxDSSTwaMBgwUeaanYM1Y7SDHURaQMuyojTX8n:12000000000000000000:OKDOT:CHECKMYTH
14AUhRffpfTCcBLjwwnXSk34jbQBiN5mMqer8tMKLapnqRLo:12000000000000000000:OKDOT:CHECKMYTH
139UczPBNMN25WT6JVFXz4K6krXJCLgSDABiW53RgYZp1BWn:12000000000000000000:OKDOT:CHECKMYTH
1288aqH1rx1svxjwnhV6UYk4Gu2nE1QVCS8QDAp8nDM4xn3d:12000000000000000000:NEEDED:CHECKMYTH
1jxY74gMzRUYtcagCbweT4HhrPE6RwuFUVcfNXew6mDthan:12000000000000000000:OKDOT:CHECKMYTH
14XAo737C1UAxo5D5CS2JsdyChNEVhFDqqqv26XGiv9pDTDe:12000000000000000000:OKDOT:CHECKMYTH
1665wXwGnKgM4a19znH8syveKf17X5HPH7Te6qo9buzrXewb:12000000000000000000:OKDOT:CHECKMYTH
14esoftutCbiYtAYEES1LXqu1MTUoXgxGS7b6ibgUaj7WJLL:12000000000000000000:OKDOT:CHECKMYTH
13CnJDA4KhR2wmW8t5g84HmoJtC4ikbk4rtgRLunMGj46ydB:12000000000000000000:OKDOT:CHECKMYTH
138WtJz91AfswPX6rSE6vRdWbc7SzxhSkVpqMtfV6CyGi2bt:12000000000000000000:OKDOT:CHECKMYTH
14r1AKu2SLyo9YghV37ewEbguWKMU4ij2se7nvd54W9kaFhM:12000000000000000000:OKDOT:CHECKMYTH
16D8R6Rf8UoLtP5JqWqHjgpQiJXQNpnwb9xeSTtpwrEHkjdU:12000000000000000000:OKDOT:CHECKMYTH
14fPHcyv7dSTTDszSS7PR24URjBZZQfwBtrg9HQZFoi4mZby:12000000000000000000:OKDOT:CHECKMYTH
146JtM6WiVHZFc8vs9T57zjePBTCHSQN9vA7qSLu6Z4tmrfL:12000000000000000000:OKDOT:CHECKMYTH
162Dp67Udmqcs4qRHDDtqkEMLwEXac2rqen8cknbkYJqqonM:12000000000000000000:OKDOT:CHECKMYTH
15XLpjfPsmfnV9chiBaZMweGQA2rrie8r1aKNhxbQ1TjugCn:12000000000000000000:OKDOT:CHECKMYTH
16gt9uVeJh1WdVVWq7jSLYWzdKcgn9zqkUza6Y7hPfsnTL4Z:12000000000000000000:OKDOT:CHECKMYTH
16uEr5abJZZxUesdJDbWzVpGePBWntxNTkcerWhHzobpBDb:12000000000000000000:OKDOT:CHECKMYTH
15XesGoM8yeQgm64pWsZANuKQXPSXhkP7QdjPDQ2ohYuAUjS:12000000000000000000:OKDOT:CHECKMYTH
167hs2JFHhtY5uYb1xje5uqHFpqTieZq8z3hR8tpgdi2k7GN:12000000000000000000:OKDOT:CHECKMYTH
12HFhdpwBQMPiHX43u6Djg4iV8ERu39gQWsJNErgHXunwLDB:12000000000000000000:OKDOT:CHECKMYTH
129Fuy4wKTFxgJCW4tse6qTzoutXVebxa3Vff5yE62FepKCh:12000000000000000000:OKDOT:CHECKMYTH
1nmQoehD25veeDUbBE97M1E34cXHMLnL2GGLBUYMXWd6Z3L:12000000000000000000:OKDOT:CHECKMYTH
1EXNeUoVxWaYKAQmNpSttBcxdqu6dGVB6wxZmA4YQt4zyJg:12000000000000000000:OKDOT:CHECKMYTH
13mCNSyLof4aWFtcnwwuL5rB8GLsLQ5X58nP2eZv1KL5734C:12000000000000000000:OKDOT:CHECKMYTH
169nA3V7w6djnj277UfMRNnS7o5upGriXX5dHr9eYTTY4UU8:12000000000000000000:OKDOT:CHECKMYTH
16T2nU7QZopjJfcrF4v9pw8cBCxT9LSjNAucUZyk31Zy5YZ:12000000000000000000:OKDOT:CHECKMYTH
15thiiTRZtp4auqz5VatXDX8zitgwHS6vY67nFN7zKBP5jn7:12000000000000000000:OKDOT:CHECKMYTH
14oPwyCjswG1LomLWMxtBNWaHjrXncoTKZSsZ4hqTkN2jSE8:12000000000000000000:OKDOT:CHECKMYTH
1igJFNt6zpqFg8dcZ6R35xn3qYaDAtVJfuLDmZKpfR9qAac:12000000000000000000:OKDOT:CHECKMYTH
13SNtEQ7UpLJDjQSmpVLuTSdc4TuepbB2oPnEyxQyMCaMauu:12000000000000000000:OKDOT:CHECKMYTH
146PJaBtU3E2bhgtsLe2GH3nkjnSJtmYV35E1NeKyZpwb8v:12000000000000000000:OKDOT:CHECKMYTH
13sZri7L5F6vYJHZr8eBLmAjRVWikrb1Bvkj7ffnVTd6XEjX:12000000000000000000:NEEDED:CHECKMYTH
12hyKAdv18C7ArH6b9uuLcbjT1y48oDQtWtc3bfQ7btFUZ6q:12000000000000000000:OKDOT:CHECKMYTH
15k9QcQJ68xdvCScMhNwkDy3EEHkQDRBATkNKXvsAWYeCZaK:12000000000000000000:OKDOT:CHECKMYTH
13TCS9XVsrqDPP7VEY8jUnetYr4GHBgSN5XSALMJ8zsiSVvw:12000000000000000000:OKDOT:CHECKMYTH
16Tf7SmVxW7YAE28FLkM5PGNhFk6FvWk1AZpoygSZsTH1shS:12000000000000000000:OKDOT:CHECKMYTH
15UyfRKwX8vMygaK9ZUjH7SmGfiwfn9TZ8ARVeAa7arL2Hcf:12000000000000000000:OKDOT:CHECKMYTH
12useNpEoFDJxLa4d1SrfW5dgPoETThAHykT5fEXt6Em3ogK:12000000000000000000:OKDOT:CHECKMYTH
12SewmjoS7RxWX4kSSUgApTU4zo7Cz7T28G2dWC1TbeXVETX:12000000000000000000:OKDOT:CHECKMYTH
15Xt4t3o5ePpmeG5NMZ25r2qXjAP5JJ2t1FwrWM26ZXsNytj:12000000000000000000:OKDOT:CHECKMYTH
16DijknXeL59fT9eWXpRES7a971GpRngJPh815KtST6MBTpo:12000000000000000000:OKDOT:CHECKMYTH
13khgjCjXnQuKTbsCAQNWireeZ7Xvigfy8eF7nFWegf6cKdU:12000000000000000000:OKDOT:CHECKMYTH
13tS3nSc4BU4YthAYFwMLGrgogpsWwcJGzrHYLPZBJ7po1e6:12000000000000000000:OKDOT:CHECKMYTH
12nd3cpikzxSsNdWH1ACy2rz9BqsRjWpJfgzqMgANV5HiJmi:12000000000000000000:OKDOT:CHECKMYTH
16Jx6oGMiW5TDM5JATE11UMHxWZjcet58A7TEY57qskEygrD:12000000000000000000:OKDOT:CHECKMYTH
1Xvj8R72t4BwDHLimT3w82GQZehM6dy2bBRPsJVBTR3vAYp:12000000000000000000:OKDOT:CHECKMYTH
1PrujWsx2itCvs8biGxBGpV1cQRAG7HzAvJFbDeQ2owkxyR:12000000000000000000:OKDOT:CHECKMYTH
13NCLd3foNpsv1huPDzvvfyKh37NEEkGFotZnP52CTR98YFJ:236000000000000000000:OKDOT:CHECKMYTH
