13KaE6kxL5ZHjqUcCM4sbZgDqgagWVRt3Yz1bvLpUbfXuBuV:12000000000000000000:OKDOT:OKMYTH
12nLuWvtMLsVuTAzXN2JQzsvGSt3jF2GUaXiA5Ppo3Vz7dfo:12000000000000000000:OKDOT:OKMYTH
12CrABRNUpYA5UyF5zb91pkyXsNfKyvozAnH97TBUpWx1182:12000000000000000000:OKDOT:OKMYTH
14rzW7zJQqwseGckZTmyut7cWwZM8JvLQ5onYvr2w7qkDECT:12000000000000000000:OKDOT:OKMYTH
1eZCeKEUp4SGKiT5sQZR26czSncktysWHd4zm4CKPgywYoi:12000000000000000000:OKDOT:OKMYTH
12Mg4NMr6tijUAZmEekqRCkL6wyN5GiHHBDt19FMNhDzXQxf:12000000000000000000:OKDOT:OKMYTH
12Bbbd56DsjZZbEutNJeXM9JNmh9RY1LY7LLwLhYnempJNJ6:12000000000000000000:OKDOT:OKMYTH
13ioikXo6J6RGS9mfzEAtJuiuQaB2q1Pb5eG4K2yy72Yev9W:12000000000000000000:OKDOT:OKMYTH
16MecQ2uartdhfa35MUMAcPQfv2Eq2UQpNPD4VwKBUzHiDNJ:12000000000000000000:OKDOT:OKMYTH
15eoCzT9qPPQHg9sLCWUnioUzbQZteshaGXtFMcPEdjx65N7:12000000000000000000:OKDOT:OKMYTH
12Yiy3fhF4bJQexsUwrjkS97RteAxSnjpB41bg8to9GFfWwZ:12000000000000000000:OKDOT:OKMYTH
135C4V1fBVnASg6z1NJ6Ckb9myTc9gfQiaZcpJ35TfftJe4i:12000000000000000000:OKDOT:OKMYTH
16e2Su4e4g2UN9qJJ2E9Mi1CdsJsQT6B7GnxZTjZ5p5cGamC:12000000000000000000:OKDOT:OKMYTH
13xvPsAENMXjkkiXugaqD8yJS61quFo99wDice9fkQZr1mtV:12000000000000000000:OKDOT:OKMYTH
15mp9bSi8TdDibPLWdiPQutgCXdEApGX8rtWa6deKw5hPJoK:12000000000000000000:OKDOT:OKMYTH
14UVQivkt2xKsXA2BKXiGgks1qeqJTPsPZYJWwtQ9hYC7H2S:12000000000000000000:OKDOT:OKMYTH
123dL9VEtvK7MnUoqfY9MyjNsZQ7jYpjdC9tRrdu4hcMxW2m:12000000000000000000:OKDOT:OKMYTH
1hTEaqD1qyVrjndseJuMunYj3STumYCrsNcS46vu2Ec9qWV:12000000000000000000:OKDOT:OKMYTH
13N3GdQm3GTgknz9denb2qUX3E3LtUhxSJ98CDD7218mYqg3:12000000000000000000:OKDOT:OKMYTH
16LvbnmmKQsV1WD1XAC9uhqoaQa8BcwhjCoxYo8WQptrEFPk:12000000000000000000:OKDOT:OKMYTH
1XG5ZoYfcJtZFgyNBHbaddebpRe46wZwsBaf8BRUqnFiact:12000000000000000000:OKDOT:OKMYTH
12Y8huV3kwHuYijgZTxgzEAzmxsaJr9V2XBidyuPvjPm8qNt:12000000000000000000:OKDOT:OKMYTH
13igairN3K1RfsH3XiC53SGJeq7NQWFg3eQej2pguQZVsUv6:12000000000000000000:OKDOT:OKMYTH
15szRCdQUgC3AormCkeDhmTyzWQNLsLqLd6HNWBQ2527qm5j:12000000000000000000:OKDOT:OKMYTH
15rZ3TNmHzv3sXirVuEVk6pYc6SLFHiwcktRL7qMKKZ9Gaxu:12000000000000000000:OKDOT:OKMYTH
15qbfecESQjQggV3sJ2KvcQRzrUHTdLGozxCGiThAgRUzSWD:12000000000000000000:OKDOT:OKMYTH
129gZWNLwGv4UyzN3jpo4rFjAq1XHp3k1QNUkvtZBpz9dswN:12000000000000000000:OKDOT:OKMYTH
135tn9mPMWgqtRcdEvSsmAKCs6TxgE4DwZR6BX4XZb5CFRN4:12000000000000000000:OKDOT:OKMYTH
16VwMkd1kH9ouAe7owZs7mRmsfVjairAXptJgMZuiMR8ucWV:12000000000000000000:OKDOT:OKMYTH
152LPHMDhVEJtqAAZWwadPJM7Qzy8saMWBgS88c4PSwNzqRJ:12000000000000000000:OKDOT:OKMYTH
163QWtPVkNyhZUMwytfpJSQnnobuwSnJuQbcmnaKo85hV6Jm:12000000000000000000:OKDOT:OKMYTH
15ppw6ercXZapEzV5Pr4zUwfMB87kKV4VdBBsvRdDfJWjuvf:12000000000000000000:OKDOT:OKMYTH
152ojLjbPv8c8xCj74gtXdcqEFYwQHXkpK3vA2jwHQ4YJ7zm:12000000000000000000:OKDOT:OKMYTH
165h2d1nfijUezn3gsKdA4XwTpuFamxStZv7u1PXSigubW1Z:12000000000000000000:OKDOT:OKMYTH
12JX8SRdHavCSNQFCRjwNshGMZgTad1TU1ijYq6a9BAsogrf:12000000000000000000:OKDOT:OKMYTH
1M2KyRqFS3Exi4D9fUo2JqafbomZjM2yDpBVZdnRvmrf6qN:12000000000000000000:OKDOT:OKMYTH
16iJ914EyG2UJ21LcMyARH2hay38AwmwsuR28hdKkyPDMJEb:12000000000000000000:OKDOT:OKMYTH
13oNEmR3tZG9Yiimd2heqrmD5cmfAE4owjPSzcThtNWFoYwK:12000000000000000000:OKDOT:OKMYTH
15MW2sN5sbYS9mkPCZ1R91vZWbqXqWnWYngWYRF1SQCQ3T1Z:12000000000000000000:OKDOT:OKMYTH
16Zps5ses35EjYrZdSUobbjw743F7rn3yXuZUwB4fCP6GeZS:12000000000000000000:OKDOT:OKMYTH
14LerWa8v5ZSLpDXiQLwxB1QWVDrzM1hrxfnKJB2sgDqrZeK:12000000000000000000:OKDOT:OKMYTH
1V5CMag9bhEq4e8cWRJ335uJfEVeS4WfHuJ4UAkGzif8wB6:12000000000000000000:OKDOT:OKMYTH
16g268V9WYYr7tkTVW4WsCNZfLsXPcKFkgjkLBpZCaHXnVQQ:12000000000000000000:OKDOT:OKMYTH
14fdAiqyVJC3CAe9vuggUxSEGyfrK2QTU9fFoYRWknPYB61R:12000000000000000000:OKDOT:OKMYTH
12wQKWq3dPfypv9GroTYG41HnZ1ooyVYepR8qdNrCN8VZJLD:12000000000000000000:OKDOT:OKMYTH
123MePgXmVjTR5ZYuaJ8ZmQGa4uFQ1zWmmTBQbwVtwFMmxtd:12000000000000000000:OKDOT:OKMYTH
15HEVBG4t1LvXhKH1E8A48yZcyURjDcubvq4Hs9eL8iok664:12000000000000000000:OKDOT:OKMYTH
16FJTya9i3vFmjzgbxBCJNdGud4aUx8hvUuwbJvNtpxWqWEC:12000000000000000000:OKDOT:OKMYTH
14iB2kUKZR1Ezt64b9zrCcQv3srAyUqZouNGcDn7cmM7CpHF:12000000000000000000:OKDOT:OKMYTH
1ubC66BNXZJUGsDKJUScGKLzYJ29pF9SXc3VZtcQrFKv39f:12000000000000000000:OKDOT:OKMYTH
14s8uBntbuFSRnwMYwq2rg9QotQT8uQz21W7hHuGDo9LTsq1:12000000000000000000:OKDOT:OKMYTH
14FJHcdh2GFJUMykZWFuzDbJvWn1RDYiEPCK2JRE9j3A7kVt:12000000000000000000:OKDOT:OKMYTH
149biLrbeqKfPeiozqXXVwmRkYSgnxSsHpTDu7Pe3QhvjvXr:12000000000000000000:OKDOT:OKMYTH
12WMWrB62dU8xmWAMBB8J7Ym7Pq4d3R9qS42WwWbmtPrjhBG:12000000000000000000:OKDOT:OKMYTH
13BS6qKwSwnpmNqsF95jSF2YvSt45pnqQrLKccXb8wk88hbb:12000000000000000000:OKDOT:OKMYTH
133VR9Uo2R7DpRRJzC4Pmd5Ai7LdfdTsVPmHH7NS2SCjz79n:12000000000000000000:OKDOT:OKMYTH
16619ycJ3ZdsbnThMCKwDaR4RCwQ2YHFdC2mKJoj8HyeNavG:12000000000000000000:OKDOT:OKMYTH
16C1bgqeGJ3rxkzCgVgoL3DeQadKUVmfy2aKWsdofG9fQ1YZ:12000000000000000000:OKDOT:OKMYTH
15hwLZQCSWKNeAQD2zVWBJuhFbNnL5SLeamYQ7jKQLUu1Qo2:12000000000000000000:OKDOT:OKMYTH
13SbgkPsvunQoXCy1N6KexcmXiEnnBjUhqL8rHsw4rg2rAuu:12000000000000000000:OKDOT:OKMYTH
1TeNX58RTxXgCbrKRpMKYkRnBopNCaUWpNE1YcwAZAyqWMC:12000000000000000000:OKDOT:OKMYTH
15JnxGeLqPDiXBN5UVvpMB4ta1GsLQssbAuYoFVeoNJwkHnd:12000000000000000000:OKDOT:OKMYTH
15jpBJ3LKWq6gBwe9AZcyUCVQq7iWw6GVd1KW62SFbYikfjP:12000000000000000000:OKDOT:OKMYTH
143qLseCTX8Q5yAdCsMXXbrQ4GYGvbs4qLFg8b1zjniD3dP5:12000000000000000000:OKDOT:OKMYTH
1dXoDvQ2JUdugew716uPf9DgEuC7d6oPvzZACKzasxs9fwo:12000000000000000000:OKDOT:OKMYTH
15qyEDyFJU5QsFNZqk7oMNBFfEzgLj53nzTYbcc3adsdi8Wp:12000000000000000000:OKDOT:OKMYTH
15Zv1qYAQHLTUYeAFiGyAL73MzgQoREHku5bhcBuGz8mwkfW:12000000000000000000:OKDOT:OKMYTH
159ncnNuGpqW6iEABPDep1HDjt9o9qCoGjxrZQapkzdx5yub:12000000000000000000:OKDOT:OKMYTH
16XaKe5qBJRZedW6vZF4SV7jvGfytWWUMKK297xwXydBYdqH:12000000000000000000:OKDOT:OKMYTH
14FwwSiZM3GXscQA6MY6S9TgmmRruGPvwFFmFKeKCfqeKAGJ:12000000000000000000:OKDOT:OKMYTH
14hM8jZ6XEmb6yRh1CE1djdEizv37zEdu6r6KvUhkGJeghrs:12000000000000000000:OKDOT:OKMYTH
16jjekuvpMEgaAk34mLLy7faTrPftB5R5YsgxFPZJ3EZ16PU:12000000000000000000:OKDOT:OKMYTH
163Da8odAdJ7W79Zzi2vtXe82ToeARQrG9gP5fA64hvnX43R:12000000000000000000:OKDOT:OKMYTH
14GrqvPtwrfzH1eMea7xX5JA93oKDwXmuX9eqBDKEiJ5yCX7:12000000000000000000:OKDOT:OKMYTH
12bvouAfpkNmxYg5AhJ6GL8wA9dhnW7r69QjHZ6QEaPUXQ9C:12000000000000000000:OKDOT:OKMYTH
18tiEevACoALZVYUkCAawQY6svRVuWHZtQwFJH2jNNbxb17:12000000000000000000:OKDOT:OKMYTH
1985yiWsqj8YSpaiQPDFRfMHgU4xvJHM3nTLn8A2GNNcxhW:12000000000000000000:OKDOT:OKMYTH
1UWy3P7Tng8rB8xDajaRf626ccM1PBJYpUSDx8w7rBPprGk:12000000000000000000:OKDOT:OKMYTH
1ftQTJTpiKtKvY5p8NaAaLw5dGjUHpyQJiwHafArYdNtp4c:12000000000000000000:OKDOT:OKMYTH
13pZg7Xg6wVs635BZx46ioE5XJGnySakE6SsL75mpPnZS4WW:12000000000000000000:OKDOT:OKMYTH
15vk3Xk3vKVi2fG4C3cFbgjxX3Voc3sqi5kdFxoBzhai2MB9:12000000000000000000:OKDOT:OKMYTH
145dFwnfWmXDarBUS2VeEzjGV7SQZgqdYkQUoEY6HsvFZYwa:12000000000000000000:OKDOT:OKMYTH
1nvQBqqboHWDv6cDrFfWWBpZNPe6GnDZwnCueg4qmfgbn12:12000000000000000000:OKDOT:OKMYTH
14Lv2V4BQ98Qn6u2mUFXaAzo9HLZvc3nvME2bqkSWTyB2nv5:12000000000000000000:OKDOT:OKMYTH
1q5MwwTJv4eMBYQM6nSAXcjnS3XqAipdD545kYi4bb58Msn:12000000000000000000:OKDOT:OKMYTH
15VhD7ha96HMPDiDsFrZJ5mD9vqy1cHmgHttX4oxMb1KFTio:12000000000000000000:OKDOT:OKMYTH
169XumLBzFsHQ5Vgdu6ormSTbnuDbhmjkxAUbiQJcqKrH2N6:12000000000000000000:OKDOT:OKMYTH
12dqyN2UasN4emJf6xCZaritmmhvjefYSnXu48FPUeXYRXtX:12000000000000000000:OKDOT:OKMYTH
15bvKMejCd4i7HQC9cSgp9eRkx7wSfYKAazWpZtgrGSrjUWs:12000000000000000000:OKDOT:OKMYTH
14pHb26fYN2z4k9hKsWPED1oukKoaCczgtZXWaPaRQ7Px5L1:12000000000000000000:OKDOT:OKMYTH
1rcpAKdMKwKGGPCVFHdW9efySLQH5AVQKTTED8VSs7xLaCW:12000000000000000000:OKDOT:OKMYTH
15W9DwM999VsS9zzP5AeXSfjv8Ai6JcsZoVMh5PCcgE6SWzU:12000000000000000000:OKDOT:OKMYTH
15vMcn6CdB2ozdfpDuffpN8pmBPtZ3CtNBvFg6R8J1hrBqyS:12000000000000000000:OKDOT:OKMYTH
15gYSMteaoy7fser1J8h1Ut6LDxRzoNS92LxCVDUiF7z3z3H:12000000000000000000:OKDOT:OKMYTH
15hnTQpSZ1kTDgdMmfipEBHVHkfVPemFi2CyFR6LAGSFaKLR:12000000000000000000:OKDOT:OKMYTH
12iLyuMv5NJDyA6QRHqJvDSVD2JzfzqwCAni1u2Gyfgrqa5m:12000000000000000000:OKDOT:OKMYTH
16PewuRBTJksyRDFMNNjDjTEHmS9CuZYWA5gDP2QPFSSFSrQ:12000000000000000000:OKDOT:OKMYTH
15QyCZxectdqJ9tQxfgzzKdc6iRSNCttGhfWkVoActFaxXzp:12000000000000000000:OKDOT:OKMYTH
14gBMmK3yHVotENwBKGNisnQmJkdXwxpx6yhPWP5TzFY9ZE8:12000000000000000000:OKDOT:OKMYTH
14A1F1aFm81aSkq5EfEkQeQZLGg4LFhJJoCbibPUij6EBfiN:12000000000000000000:OKDOT:OKMYTH
13zpim7MZAaddbCqMVFrmwccAWqQQxwZmWnfqSMsjN4foSL8:12000000000000000000:OKDOT:OKMYTH
12dpJm2pjU8ufB3FM7KrMHXThbaFKfHu73aAmQMKDLo97Gk1:12000000000000000000:OKDOT:OKMYTH
12NUjxuVLFbqb6Ca1kUTBLhDUXYu6oY9xEtoF9qBu6aubz6L:12000000000000000000:OKDOT:OKMYTH
123UNFmeK85dRcosRnBaAKLc5zEWKpvdC3Yiybfuj6ev6khd:12000000000000000000:OKDOT:OKMYTH
15nFrcG5kJuC5e6HKkJUWi9oZ7QBnAtp6czx7vL8rdnmmVhL:12000000000000000000:OKDOT:OKMYTH
13SYFRtfyGn3E2XDdyYMibxtWLa8s6L8ffZymn98RZWfFBRR:12000000000000000000:OKDOT:OKMYTH
13X7sH3duSch4da4TMpCHYvLqXfci71XhpcYe3mu9N9KqYN2:12000000000000000000:OKDOT:OKMYTH
13VXfhM147V5Pq2sVsjgWBKaNjQbxP1EjAne9XZd27fGsZzL:12000000000000000000:OKDOT:OKMYTH
12gftXhV5cAker2uw2tmrQAvz3qJS8qqYouvabw7p9NTrPep:12000000000000000000:OKDOT:OKMYTH
1PD32jFZMycwTBxMJSpahswXzjsKuMKSfLSKMS4J6RRMfDH:12000000000000000000:OKDOT:OKMYTH
154W2yYcdGsbCYp5niJGnkivKAPZThC5GPSQR9XfvLRVc2gb:12000000000000000000:OKDOT:OKMYTH
144ju7CxRyJ9wWSjgkX7oKssUxnA75yQidiBd3NYXVVGPdco:12000000000000000000:OKDOT:OKMYTH
13W8vSojZNJLubqqnJyqUnz2JrPFSzDj2YyNTEpjcnYLpjvK:12000000000000000000:OKDOT:OKMYTH
13YwmvpV38mhUFnEg2yFUohXkaanAdCyj8iEh12k5BVK5C1a:12000000000000000000:OKDOT:OKMYTH
12eWBC12fUQRaqd6giwFx5m25CM72aspPnHRh57svmgN9SK:12000000000000000000:OKDOT:OKMYTH
15c9xoayhVHnXzovzFWJFavBbFMM8Em7vwr3BhKwEv9yBJMU:12000000000000000000:OKDOT:OKMYTH
1XEWFuCvwPfwhDS5pv6PLdy7Q3QLKQWhrGLhWDPHWnpc8j2:12000000000000000000:OKDOT:OKMYTH
13EKnY2hY1kLxX42pnnGw58Eosez6x2SRptaUjmteT9mhGaB:12000000000000000000:OKDOT:OKMYTH
16Sy8UVhqbAP1rRy62VTmekky5PPuaGMyWfBrwuJLPLUVfh6:12000000000000000000:OKDOT:OKMYTH
14AxUUobXtyjMZCrkjpTkBWH8QMn4BsbR36RGJbk61q1zvew:12000000000000000000:OKDOT:OKMYTH
12opCGCvyezcTfKhywS6avJ6pKVQ4bXSagioxC5sD4VW2U85:12000000000000000000:OKDOT:OKMYTH
13QmbFih82qmYFiipqKZduYkKFS7CLneZttsy3mgqjW3JDnB:12000000000000000000:OKDOT:OKMYTH
16VFo53F8LFfcqdi7cDUogUuV7bTmxKvGziFU3byv32rHdt6:12000000000000000000:OKDOT:OKMYTH
13tsUEryg2cF9cSKTP51iFmWiG1oVptGgfxegzPMbGVWCCox:12000000000000000000:OKDOT:OKMYTH
12EbBMsbPGG5Vy8apUWraFk8V2YKH9fCVES8CWC2Wm5kdwE3:12000000000000000000:OKDOT:OKMYTH
12zbYjUPTxZb1uL7jJXifgna2cPxqhrMs4LmBFec5VhxMUVZ:12000000000000000000:OKDOT:OKMYTH
1spAGWSTjBAvmh9cgqGRzWoyFfx5YZKV2MDx4gMyNEtjUCD:12000000000000000000:OKDOT:OKMYTH
1zQgXU6iSzHLbJEb5JsuYSrPugdJGP6dr8srKPzBzevpiNg:12000000000000000000:OKDOT:OKMYTH
15LtEH8LJmkTZj1C5MESF4XbmZnRNJU9jKc3hbAif1Y4FSSA:12000000000000000000:OKDOT:OKMYTH
14sK8rMsixDPZcm6t1W1SZ6Q1mtUokvcfLxUveSEZ36meJhw:12000000000000000000:OKDOT:OKMYTH
13VZWGYwsp6AY82dMbBujmDeEFvqhVuo4vEXJmxL6TFQWGjv:12000000000000000000:OKDOT:OKMYTH
12XC2yJ3cvWmK5Uq2PrpEMCn9JGp1roRRzyavEtKvjovPRab:12000000000000000000:OKDOT:OKMYTH
13JPhUNkadNEHGvcJM7DXD6mDeP3wpQFtC7Q1GSoz38dZXvW:12000000000000000000:OKDOT:OKMYTH
13UQjKsPr443NPRhuvSMYDWbEZJDE3kq7ePV1ESDrwW33M5z:12000000000000000000:OKDOT:OKMYTH
14TabR93rFjazoqTLRbKNXWVM5B7mZaNRo1aEjKvXd2AveQ8:12000000000000000000:OKDOT:OKMYTH
13ijY13DkwEY8FYBaxd9a4QtUikhckcqUHg7JbCZLKhRsq1y:12000000000000000000:OKDOT:OKMYTH
13SbAmi7WKmER1vP4LeMjhtwwWAeUN4pw5DVgmMzQ2E3imEg:12000000000000000000:OKDOT:OKMYTH
1ch5Jq5gWoHEarSAPFVZqaBU911RZSmp7itSKjZGp34GVyD:12000000000000000000:OKDOT:OKMYTH
16Zxd5bSWqXirH5F9meqRmeihKqnUT3LvzA4M7ycxhoLHX95:12000000000000000000:OKDOT:OKMYTH
14EnCySLzYmiVuGBz88XeuzCaGQxoD6zTGe8Xvbdv5ZdfBeZ:12000000000000000000:OKDOT:OKMYTH
14N8xN4znJx9ZN8QdQuq3xcsFnymRdR7kKVwEm838e8SRZuR:12000000000000000000:OKDOT:OKMYTH
1hWhamqS93Kzc6s9RGKZpX3VXawj1G1BuPjmQ5JbCpoT72u:12000000000000000000:OKDOT:OKMYTH
133sKabN6R9BiWf6Lqk9bNYDGLLDYs8tLTSJFeD9jUmW1bp4:12000000000000000000:OKDOT:OKMYTH
14BSk2dwnBzJQ3Dua3KuJoosBVfJ1ecETwT3xyKQMCMX3NtR:12000000000000000000:OKDOT:OKMYTH
13zGjGfLkiPX6S2iNtjSrusQqm5nyXDbcgcnS6YiiDj9i4ZP:12000000000000000000:OKDOT:OKMYTH
11HLjo6wdFLT35V4Me6WhxoJxvRiZMC61KMiWeCHk1VtML1:12000000000000000000:OKDOT:OKMYTH
14pDiqsBKVxVkVmjCHLghLu28jpQe3LbV5DfrhhF8wV7qwgr:12000000000000000000:OKDOT:OKMYTH
14v4qYGeTHviMaQu7F9NhHi4vERSs3zf9Wy7vQQj2GkS3cqk:12000000000000000000:OKDOT:OKMYTH
13Zhkcvwf15bua47wiS3J6popbfcboHxA2LKFehPsFvfH9pZ:12000000000000000000:OKDOT:OKMYTH
13daj6BTsBPKQDA62vpuHxVc8xPZt1gcMhnt7z8VRoBGHuSM:12000000000000000000:OKDOT:OKMYTH
14mtD2X5GeX14AJ5Hqb7rgc7mb1Q1v3fZyUvgNPqckpdWrqT:12000000000000000000:OKDOT:OKMYTH
15hLA4YeuqaoyiitDouT5SJm7qesL56gLCaxVBL2c9oEe6nm:12000000000000000000:OKDOT:OKMYTH
14WhATqa52U84aRjwjpeaj4yP8dJt6Nq5EfKdXiGBLbmEzUB:12000000000000000000:OKDOT:OKMYTH
161AtAkeGYJ2xjvbRZKpSySMjhVEM8WwC2m8G9MEy15NBkJ2:12000000000000000000:OKDOT:OKMYTH
154cJ2MSV7eNcELm6j4Vh4EWQAoLESuq1R9MxBn43TQSMJys:12000000000000000000:OKDOT:OKMYTH
16EnPQeySbmibRLafv4JppKdzqByKmPWbSefteqW7oxiX4Pb:12000000000000000000:OKDOT:OKMYTH
1224GWKHH1VDsUJvCC8smMhKAnquMeLXgWvBZzHmK7rPk5jQ:12000000000000000000:OKDOT:OKMYTH
13Dw1HiYDjJrnjGJPWxH2cYj8qs7CpoLSCtPwva6Kj9SC2AA:12000000000000000000:OKDOT:OKMYTH
122qsgN5ezdqg42oq4HfmqTQYaVN2mNhPveiFJcYTZgkuzVo:12000000000000000000:OKDOT:OKMYTH
13MNhnULBoLpWDt1sCPWB7zwxbVHg5yWcbLAzE9m57k5XVib:12000000000000000000:OKDOT:OKMYTH
16479YP6XJDUGBRoTww9jTG5VZd6sbqqrso2o6f1QJ3bSs1F:12000000000000000000:OKDOT:OKMYTH
16Y9DHjSPCWcP4Fm6WhacVQxzXakoFAmT8DKstCEspBMLTvC:12000000000000000000:OKDOT:OKMYTH
15FBeFNAeB28mb3MKVk9k6fCsGGSw8pHYgafLtfopXk7gYEk:12000000000000000000:OKDOT:OKMYTH
15yoAoh76cQXFDbyYAWCeRP6vwrkbqSvaWNyP9dQd6SLKbyf:12000000000000000000:OKDOT:OKMYTH
1692WFpDhcxotBiyF41Hy1fBEVBPpaXkbyfS9mMWzuqtbVxV:12000000000000000000:OKDOT:OKMYTH
14NoKyy6J6juxsiCmqdFZ5tSSAkY3nvMQmSEuQBe3Wu7ounT:12000000000000000000:OKDOT:OKMYTH
16TBB2cykE3Ssr1aZvoFbeKiaxKzkm7yXRdeai24vvhQPDTi:12000000000000000000:OKDOT:OKMYTH
13XZdNRUGcuFLhDFGnE33yLGtbmVXzdJE88LnqRWoKAdYKd8:12000000000000000000:OKDOT:OKMYTH
1CMeWdN1WCr1tKJJHcdX1pZkUJokLyKXFzomKbtWD3z6Gg6:12000000000000000000:OKDOT:OKMYTH
157QoQ5KQPSLJTHW1bW5HudcZntLnnc6cxz2Mnnp3RGrBWmA:12000000000000000000:OKDOT:OKMYTH
14KU3EtQWK2DrNi441y1v8CpU4jPo7QNY7zMVbQW25rT28E9:12000000000000000000:OKDOT:OKMYTH
13mNE18nZJXatgJ7nKPmEMNroDuqTQhxKbYGHYxzEhCUQXHS:12000000000000000000:OKDOT:OKMYTH
1XLWVAVMvSEYNXsQnV8nfsRfkJQk9PFEgkteArgKZAmci2i:12000000000000000000:OKDOT:OKMYTH
1NuTuZEdGWJ4gHP6KAzCsY2kc6LY6gnjV7EbmRamnF5XAJe:12000000000000000000:OKDOT:OKMYTH
14x2uRs2sNDjPxmqZ44Sh2NqjgBsJyvzBgQtMn1mAAoBrZEE:12000000000000000000:OKDOT:OKMYTH
124beNe7npuxjdK8T5HZgUDDTgMaE116AfDQg2ZLjN7ojAJr:12000000000000000000:OKDOT:OKMYTH
12bLGvQ7K8WeDXGp4aWam1QiqDLePyAhRQqfa5vXiPhu4yuU:12000000000000000000:OKDOT:OKMYTH
13VgPyrrL1mjFnEth4rDKg4LY37P6ba3ECGdmXQTH68J6pp7:12000000000000000000:OKDOT:OKMYTH
145JdG596bMQE2y3R6ssb6nxQrfHVeuaxT9pW8Be3CdNN76f:12000000000000000000:OKDOT:OKMYTH
13rT1i3CkhWMYLbcyh63bU8XoMHiMzKV9TeryZ4VP1ee7dfi:12000000000000000000:OKDOT:OKMYTH
1bPbgMNHqpytHbjY17Yeifg5nHN6D7supUY3mMNy7zf6V3X:12000000000000000000:OKDOT:OKMYTH
1536QqpTpVr6tJ97xeB9CinSNT8j7dqH1LrpYMoSLBhYABsf:12000000000000000000:OKDOT:OKMYTH
123xJ3eSoU1Gq6VBXbzsLEanGyt2NCdFiYGpXEhbBwub5hDc:12000000000000000000:OKDOT:OKMYTH
1451ugp2X4oAAUcZXUS4yK2KZdZd6YDZrtAdUhWmfi5imeaz:12000000000000000000:OKDOT:OKMYTH
15PF9PNWKv9kRw9dEcCejxziJSSBtrXaDDeJQp7KhzL4WUDT:12000000000000000000:OKDOT:OKMYTH
14CMD8QDeeQKnQdZsaermMz79dfoAPokkgRnwzHuSEgey7ne:12000000000000000000:OKDOT:OKMYTH
14g89hGXenATBq4J2u84E48bYi6g9fEkxtWP6WnBbYkoC6wi:12000000000000000000:OKDOT:OKMYTH
15RKNRLgybntZyKQL7ZjwQxCmM85Jaebrkb3nhj4cvaEAC6U:12000000000000000000:OKDOT:OKMYTH
14wzqCSEjY8w4AN2pYNJvDkLQeZMfdk6rq4yeetGNXyiHBVW:12000000000000000000:OKDOT:OKMYTH
13JEUFN9y4ScnhyrSwne7svVz1SiHhXd1APyn3jbAcib99X3:12000000000000000000:OKDOT:OKMYTH
1XAezV8brhdYaBAg3CcLuf6qow3Krqm8FoHeWuit3uay4xU:12000000000000000000:OKDOT:OKMYTH
1rDvbjCnBz68KDFyTfBYbRRcanHLk1ELDgb6XxMi1buH2Gy:12000000000000000000:OKDOT:OKMYTH
14u245ZAGizP4TQLqYvdgWeb8fev65RBDj2V4mC7eWtTCxzp:12000000000000000000:OKDOT:OKMYTH
14sAZQFBSgtaNy67GZnNm3xwbZ2xUe2WQJpzFJahBZt9eJRs:12000000000000000000:OKDOT:OKMYTH
1rk1xWErauwpEDeM8aJKL4q4C93UrFWpMPPhdT4wP1Vespv:12000000000000000000:OKDOT:OKMYTH
166NCsDV34HvJ7TsMfweRgYTyTB7v9Pzk5LhT3FGTskBZ432:12000000000000000000:OKDOT:OKMYTH
16gs3fLVCBaGRdE3P6R35BynswnUCXey5A67DXV5QE8J38DY:12000000000000000000:OKDOT:OKMYTH
16UEk37Y2NCsawVWVVJnHik2TmHUj3ceDUeWohqMfifhsBt9:12000000000000000000:OKDOT:OKMYTH
16Lzy8R8h1BoppVCmDe3Lmqo6ibsZFVsY53J5WThRfYmG5vm:12000000000000000000:OKDOT:OKMYTH
1uzy1ALUCUuySyna5cFCy1tgtP8j824cfiwqmYm3Yf6Pewf:12000000000000000000:OKDOT:OKMYTH
14DoAbBM4MbYj5xNbLLn17u1x7okp1wtMHDFUjaSDJAzHqE3:12000000000000000000:OKDOT:OKMYTH
1r7h6BxvuA8ixd5TLzLRWpdwEe2g5eB6vmgtm8jxVyETwVK:12000000000000000000:OKDOT:OKMYTH
149it7qaVydSctPScRQ7tQSKxTJP976vLwTSfKGvxfgSn5bb:12000000000000000000:OKDOT:OKMYTH
12RDADEgUvrMYELhptaPLM5hSKR7jvuqeXMoHxsRwNAM2W2W:12000000000000000000:OKDOT:OKMYTH
15EynGgQxEtYezg7efUf23yuuQnSsumrDUGZc7LPYJDWdZTv:12000000000000000000:OKDOT:OKMYTH
15crLVuL69uywJdQK1ECx9u9YHRgT5LKRAw9yuGPsij6GTPP:12000000000000000000:OKDOT:OKMYTH
15uRWNfU6JRVr69gHLeVBTHjvZ3ezqZoffx7PrpwXzhHy9kx:12000000000000000000:OKDOT:OKMYTH
12Mv7g3rtuts6wMMjjwH1WdjhktPeso6fRu2vZRsiDJsabQ:12000000000000000000:OKDOT:OKMYTH
14seEbyGXXUxiJHznfCkKrtjE2XNKVJ3SS2AhSng2mrVdZq2:12000000000000000000:OKDOT:OKMYTH
15xTWSrMVDDy93S48hZ4BoRQAAaBXn5w2CVcqTwM7HxbWNLY:12000000000000000000:OKDOT:OKMYTH
14MkhVAtZt83zYV4WsUgaMLsfNWhBKVDHUjpVqjEUauYXV5n:12000000000000000000:OKDOT:OKMYTH
124zFejpCGWVazPQiHLKWMiDCKiDj2ZsN9MocqWNpPGiKhCY:12000000000000000000:OKDOT:OKMYTH
1GSPt9m7fazA2oDmyvofux7ZfPGHUet6w713BGKYUdh1Uxf:12000000000000000000:OKDOT:OKMYTH
15X8JnRppB4P7r2SVqpZeqm3DEN42yYqPHufRukeuecisseL:12000000000000000000:OKDOT:OKMYTH
1NL6SbcyYG46VWdavGh2ti7k81L1tKtJ7xjmtTEHRyMgdn1:12000000000000000000:OKDOT:OKMYTH
158Un75FZTYcbErFninSzvT2Ufivx1T49MtQ9ym9LXRY3BqG:12000000000000000000:OKDOT:OKMYTH
14v9D4wHDjWj5pRYvnYP2J6QGL7BQ29eoSpSviGMjEtRrBW3:12000000000000000000:OKDOT:OKMYTH
16C73u9j8CP3ec6yXrTadCBQ9gs257x75yXs9cXsq1cAbHRJ:12000000000000000000:OKDOT:OKMYTH
16m6gd6GJu225ZHxiULVEfkTbEYYESuVHD2JfgZjpoPFNmoa:12000000000000000000:OKDOT:OKMYTH
16MsuAE2nJbbgGHcrehb2EM48woLx44AtM1zqyG7CmNjGies:12000000000000000000:OKDOT:OKMYTH
1pTpzxWMhx1F9VnR2hAfHGY1zTm55VKsguRKuoGxeTE89Nv:12000000000000000000:OKDOT:OKMYTH
16YCBSBS7GZPSy6Fy8M8SN8bD1HJyAEtX837N5zjdjBBW2xj:12000000000000000000:OKDOT:OKMYTH
13Pad2Dn1TjGbkW4HjTLMvARwndtGu3VQdzBb1WfsXKi2eMv:12000000000000000000:OKDOT:OKMYTH
13UrJQ43BevEvJPXo17mLenedGnYUtUTGghwXsZ4MKRyB7gz:12000000000000000000:OKDOT:OKMYTH
15zWjqhfDdv3KE8kFak6auqE8UfQJ1mzhgcAeQd928mQbtRs:12000000000000000000:OKDOT:OKMYTH
13zaMvHnACxaQuS1FGwbdYs557XTEyZUK5BCVwHrm9vENuUo:12000000000000000000:OKDOT:OKMYTH
133ZjjDKh9ZFnVt3rYV184PSxJ5ex3uGh9Y8w7AQN3xi4k3z:12000000000000000000:OKDOT:OKMYTH
15aVkN3GJBfVhPJjLVsZCuL4pHapdAFBjP5sMoDvMTi5YFnE:12000000000000000000:OKDOT:OKMYTH
128meMNLHgyANyoBVWiKY4qwYooQ7r992hqPwwVme6y5jyn2:12000000000000000000:OKDOT:OKMYTH
19T5k645FZydamXuhMSGmMkSy2DgsG2QHYQxYrrDJ6KB8LN:12000000000000000000:OKDOT:OKMYTH
12TGScfNxZfWsARQAcBaiz6Ngnq1mTtfcAEt9WstsWf5ffqM:12000000000000000000:OKDOT:OKMYTH
15ZXpoQz6cmq8HjvBasJ8YDYku33tYrZQwcxSEKJRzyyM4wg:12000000000000000000:OKDOT:OKMYTH
13wCVmA7QhtFPHMbqJWTWC7NKYoTgnb8D6zSqrNKPTXDJjRR:12000000000000000000:OKDOT:OKMYTH
13jvCxnTc4sreeZcpU4ycwuoek8JJMFpo3tg4wfWjjyvpX8a:12000000000000000000:OKDOT:OKMYTH
15YgGx5U9KHsHc75eht7hrsVizg1pgNE4HZM3UZ1VDpWsW3s:12000000000000000000:OKDOT:OKMYTH
12tC6ZV5WR4aRYnrMiz2WWUgRM2DZQh3P2vsZsso3cjxThjn:12000000000000000000:OKDOT:OKMYTH
16k8YPFEpZ21rKW5NV3yLuSMBbqPy68riniP7Mr4btA7VFqM:12000000000000000000:OKDOT:OKMYTH
144RdTqPGTCRP47TL7AVNLc5wrKdEUXosrHKrDuKyGHmqAP7:12000000000000000000:OKDOT:OKMYTH
12D6JTUWFkN1ksjqZkakab28txL6ooM3WmYHpNyfQvqYVTQa:12000000000000000000:OKDOT:OKMYTH
15mqTEaKRPqWvPkdKyDBhnmSVpUSeDJnvmxLcjd1BcHEqHk1:12000000000000000000:OKDOT:OKMYTH
12UBpVAVbtKqJzgwLArLB1oNEdk3xJtBs2p6oGh71FhWy1zn:12000000000000000000:OKDOT:OKMYTH
14V5QJc9wavfXUVKi4UMofPccrNocxbto2hUdXqdXsHtWRfr:12000000000000000000:OKDOT:OKMYTH
12EdSomoxf9PpB1c3o1Zxhb8kEo7rBWE9xMWp3Cbn1kDAfNo:12000000000000000000:OKDOT:OKMYTH
15g1LDKxnriCcz3KDMfsVSrZbWJTgb8V1NPmM864HrMz8vuz:12000000000000000000:OKDOT:OKMYTH
13WCp42FXtJpcotGsZTpQe5aZnErToiiccnKKBmHVfCE64LD:12000000000000000000:OKDOT:OKMYTH
14uKg8wZU4Np2N6rCfvegVXML9GZze4aVU4EebV6JXjnAccA:12000000000000000000:OKDOT:OKMYTH
14FSBdHze869uTgprXWK9nwzzge1Wz369DsfYGdwATJu4mFb:12000000000000000000:OKDOT:OKMYTH
14eRPembM8mPGMkocHY9eVptEJoRoLfAmZMbdXqmipVfe2D:12000000000000000000:OKDOT:OKMYTH
13kKakWQRW9Zyth7gdsBQozDPNXyRvXtsbjbRZxYuoEGxicz:12000000000000000000:OKDOT:OKMYTH
16SFzLtGwxVYjp4diDecBPoVrpVTvqewumt8VczoDrfQjBv1:12000000000000000000:OKDOT:OKMYTH
13zwi2z1iEvnCxZ4VkVBAEHyYLWTr2BnhHK5ku1qXnEdVyoj:12000000000000000000:OKDOT:OKMYTH
16h9MzrefqavvXzmWugdBgSgknxTtamvL4dqceELD8jkshVA:12000000000000000000:OKDOT:OKMYTH
1ZSTpaPAh1UAWsm7U6MSMcMWoSRp9GJVVn3NLC41y5qJutV:12000000000000000000:OKDOT:OKMYTH
13iA6UX1pbwsnhmoWqgFRUDzMYZ8AsXd1B7BEf4Mz5UH2MUN:12000000000000000000:OKDOT:OKMYTH
12dwD2ADZaJjUXJpUiZYwXCQQoAtnHCNUHXKBQHcpCRAsQ1R:12000000000000000000:OKDOT:OKMYTH
1vhtFFwJHdFDdGrDXDEPtYpM9otyZn9VucaPrYDQBPYyJtG:12000000000000000000:OKDOT:OKMYTH
15c4DFyBi1c3pbmoEGMtXSX3RgfTtoX4tQpxaPwNSLnm16Lp:12000000000000000000:OKDOT:OKMYTH
13iuLvw2465ohdhwTtNMEcFuHdZZ2cP5NRGy1XbqWpwPZ8Rx:12000000000000000000:OKDOT:OKMYTH
14yK5mVYv8jSiFcjqkGDAmQrjW2ZFuwrtyXBiF85x3xmNxLh:12000000000000000000:OKDOT:OKMYTH
16cJkQ2t8kf3Ugm8pFas5yDL4ypu4V25T9KsdRiEEZptukyo:12000000000000000000:OKDOT:OKMYTH
13GErSkxTyiLaHsVb4qHjgG7rQTQzPrat442PxuAeqfnbYsL:12000000000000000000:OKDOT:OKMYTH
1xEr3gdHiSYBoofmJXeo3TeU3HiZFt8NJqt9r4BwHxSpjaC:12000000000000000000:OKDOT:OKMYTH
1Y4jd536gj4A79bqfCZHWybUxSqv9o8hMC3DANrcBC9WZpV:12000000000000000000:OKDOT:OKMYTH
12YHc56yny3QRbSmAgG2Bp5LWw727kn6bSPbCXJ3FbD4EsY8:12000000000000000000:OKDOT:OKMYTH
1hStvXL5oxTUJqPfrG71tuEFzHk8ARSx5VVKSSvNcQAGmtU:12000000000000000000:OKDOT:OKMYTH
15DdVBSnvHUqQdS8WKdjcv7TXx2TQKfHNbXfxq4dJxk9RZJH:12000000000000000000:OKDOT:OKMYTH
12vEPoxsHukhQyhG1KVCLAqWGLKhRSLUiWLAZQCnatD4ym15:12000000000000000000:OKDOT:OKMYTH
12oANjNw4ssmWnYfaJ3MNrckGLNavosiKocsxQHQUtEKk79g:12000000000000000000:OKDOT:OKMYTH
14ceeazK2WVVDETxn2JLRLBdXVySeT3EXYrhff4NHYKGUeC2:12000000000000000000:OKDOT:OKMYTH
16etruUyejwycChE9APbJQSJkceibkR9s7L52qj3XoH3yveu:12000000000000000000:OKDOT:OKMYTH
14NEj1UkdLZRVxgJNvnWjxZ3dCoFcFehq76W4XfGyMVJCmN6:12000000000000000000:OKDOT:OKMYTH
14GYcqib3PoRqhzMbAtKjoDuwL5JrUD6Vgpq1xmfTKVjwGmj:12000000000000000000:OKDOT:OKMYTH
125VRmW9U7ucEu4dbNPgt7ABuWP75noZ751XdFaHGPry2mfU:12000000000000000000:OKDOT:OKMYTH
12w1J49JUQ5qLbV4Gu6J48Yq27y5QsxVcWJ7EXxvFV4mNY5z:12000000000000000000:OKDOT:OKMYTH
14GZctEverTbZhneJviGcVoWC1YZsZr7kf9N1cibPxFk7Y15:12000000000000000000:OKDOT:OKMYTH
14MQzkoLFhPFh3zZNxh6MshX6FNeE4tZR2oTs8XaDNg3mjgD:12000000000000000000:OKDOT:OKMYTH
15VazSMajZaxBWogPhEDy3J6FMVcncPmYoF5zSTK2EEcXV2x:12000000000000000000:OKDOT:OKMYTH
1tyfFJvJ3bhCjVG8VYiLPYZKJHyoiRByX2B8yypSXzFEgjH:12000000000000000000:OKDOT:OKMYTH
13JUBDdXYDnpwCkKdPiomkrvpGqwhav4bzETzEQRt9kBoqH2:12000000000000000000:OKDOT:OKMYTH
16SQUkQ8r4o4CnYBUGA17CkeRrYXzKBxesmZDse2nUSLJvfD:12000000000000000000:OKDOT:OKMYTH
15HXh7Cy5FJMLVrQHZXE2nVyPGZ1QqRzaUxdPe8THq4ieszC:12000000000000000000:OKDOT:OKMYTH
1H3xsDKQ4QWJ3x4W5C4t4NdzXWYd6myzfbNWykvsk1Y7qaA:12000000000000000000:OKDOT:OKMYTH
14v8WfxXCYnNGQ2VaESLUEBizJXrwhLTh9mLrcKX4Am15DZR:12000000000000000000:OKDOT:OKMYTH
14uKwSDnG2jgsZtRf1CpiNXGsP8BjWnxAPHpHRoWqdGGWNup:12000000000000000000:OKDOT:OKMYTH
18f2PZnvjMviNwD8mhHWkJoNQhoa1nCoyK8JXhwJZiniUMS:12000000000000000000:OKDOT:OKMYTH
1nzVSRbvee5fHx5Zy6xgJPJjihVoAYQ9PjnpHb8NiBi4JGE:12000000000000000000:OKDOT:OKMYTH
13Wqv2F2SgZmfkZEuQkogTTqCBfMUwiBrkJCpMx2ypWeJmcv:12000000000000000000:OKDOT:OKMYTH
1m1Fd2LsxZcB1BczGZcmsHZUha9NcXD4zf4ZJi2tLRb6y8H:12000000000000000000:OKDOT:OKMYTH
12VssYUzeY3i6xLytonNups1yFAN4vnrzh7KGC2xe83G2vwy:12000000000000000000:OKDOT:OKMYTH
1WW7smTZ2fAte61ThcwWqMLx4X1mdpUf8FLNboD3sFv9pKg:12000000000000000000:OKDOT:OKMYTH
16cxxaz4mjFdqLyaKoxtnjW4tgarWTB4QJtZ4U7Kc4GGag9V:12000000000000000000:OKDOT:OKMYTH
13xMj1sw5dmTC7N8zgaEYtKQFU549mFPTYe6GCc2AWNry5SH:12000000000000000000:OKDOT:OKMYTH
19uiXXvmofhX216psP4KsLL6BrBK1boJEquKquB2N1pY1wu:12000000000000000000:OKDOT:OKMYTH
1EUUBttbaBfzLasw3WshMqhnugT3iezoe7uf2J7sHj8ZUQW:12000000000000000000:OKDOT:OKMYTH
167AK3KmZD35RWDuWUNtwJz2Y4mPfJbZ42wXYQGpiJXKCA1E:12000000000000000000:OKDOT:OKMYTH
13PMTTUw5ckqtvkXQpRhuNpmNmAszEA87GDrVB5MTuEn5PZP:12000000000000000000:OKDOT:OKMYTH
15K1ervErJcsPTgwfjSGELrwhotfp4vRUKeTvU7UtDkspHui:12000000000000000000:OKDOT:OKMYTH
12FFQjBk756qDcQUJkC9jTrSXtMn2ih55Znzu7DCeuoo7Z71:12000000000000000000:OKDOT:OKMYTH
13pSgtEPCzhLJfixNvSySXDzzAfFCVoCHLyPFFXMVbLwfSF2:12000000000000000000:OKDOT:OKMYTH
14FBY5SFSqwcWfUJULkHiMnW3zKvBz2XXGY6UFSD2DPsvK3H:12000000000000000000:OKDOT:OKMYTH
15D3CaQjFqJyjj6pof2aqZJ6ijeJ4wtCNyfTrXz1L2T9T6iL:12000000000000000000:OKDOT:OKMYTH
14u2Z8fj1XG5Ea1SB1nK2iVgR36RvSyfFkjptM2P4Yx9tQvz:12000000000000000000:OKDOT:OKMYTH
14Ah2MBe7fR3res3jA7J1GrBfajHHDHHmK97feDLyMuMkBeo:12000000000000000000:OKDOT:OKMYTH
123YPDHmiMHyK1EZFHEsPMndCPKpeFaum8nbHD7mPsadPQrJ:12000000000000000000:OKDOT:OKMYTH
139EejGo814PdqXFJNuFNRqMqsL1naN8LE5WgBvR4xQDXu8Q:12000000000000000000:OKDOT:OKMYTH
13cX5rbezTpws5AMue2nGCY9KUCN8UEBqx8qfZtWehzAqQ7k:12000000000000000000:OKDOT:OKMYTH
12y4HsCcVe5hKWj3He5PmDL1LKmGRSz8L3t1u7BP99wwsEth:12000000000000000000:OKDOT:OKMYTH
155Aa8kDvrGX5cama1nxi1hqsB6YsNFeLuTboY29cuhxoYb5:12000000000000000000:OKDOT:OKMYTH
13A4FR6d3xNT5PfLQx4XaS3Bp3P37fXc4U2HwJbhv7krfMTq:12000000000000000000:OKDOT:OKMYTH
13oVC8XYoT9YUv4QNpk5bs1EgzMVQs4MSw95Ahkdt2iuLKfs:12000000000000000000:OKDOT:OKMYTH
153x9FGndjcfLnL5rH87VPQRx8xNpyH9h22QhLb2NoWB3hBx:12000000000000000000:OKDOT:OKMYTH
15azGLV36NqRq1JVQ6ET95Z1CvGRvML1qZEaphsYagyKABrB:12000000000000000000:OKDOT:OKMYTH
1AYMvcPNKRM3Fs5PhLZDfSCuQuKnhGREujK7p4qn4FYjPRd:12000000000000000000:OKDOT:OKMYTH
13vUQZpiiVapAgweZBNHeTjKjLAu3P3druaEQFoww1tTqQQV:12000000000000000000:OKDOT:OKMYTH
14755eFyFKjxXK5qPEDFrHXmK2k6prs6LECAJrKTikrGRANp:12000000000000000000:OKDOT:OKMYTH
135v5fNiqMr2JqHLCEthSQGcdsCaz8V84rWP8idZw2UuvJ4G:12000000000000000000:OKDOT:OKMYTH
13eBenk66ZJZ7NraSjhZP84qLdcQ5yojbeQTWa2aH7QC4XRa:12000000000000000000:OKDOT:OKMYTH
1Ryu8RghAkLcmKePW37t7fUYd66VGJw5SLAkAWzfaKAmUh2:12000000000000000000:OKDOT:OKMYTH
177DDF1ajH8BRnkL1fRyby3AmnNLLTkRdAAH72EPieBwbGC:12000000000000000000:OKDOT:OKMYTH
165ajh2d5nucVqwpskQmrZvDjmAvnGSwZkpCwGNLEqx5Vxe4:12000000000000000000:OKDOT:OKMYTH
14jmRuK7GNwPqbReihsUCK6mmTPYh4WgLThRnapCN58hqmtH:12000000000000000000:OKDOT:OKMYTH
12xwF9stioqCXghY2TTpTmTyNDuqC7pwCjvEdUn9z7q5gpKK:12000000000000000000:OKDOT:OKMYTH
1R7gencNNRVG3M1L3Sf6okGZRMCyhv6d8MiXAJANn6MX19L:12000000000000000000:OKDOT:OKMYTH
12Xg317Svii85RtTFYYUuSBiwaQGN8C9N4uh37boQMB3X6av:12000000000000000000:OKDOT:OKMYTH
1ooG7ogHPvVjzqPPDH27CZdkawkoS375nFp6TkFsi7aPo6E:12000000000000000000:OKDOT:OKMYTH
12YLheAtwb8Uk9Td3eNTPJp77BuBNyRkVoTHeHatL1y3B6bZ:12000000000000000000:OKDOT:OKMYTH
1Jy6RM4NRZZGGWYGeMofQwkcSZ6bNkC9Q1ejULe9sSs6HMC:12000000000000000000:OKDOT:OKMYTH
15hk6GH1xnrJEUFnR469EwGG7mJd2MfrowGKd3iCJmPMDDbN:12000000000000000000:OKDOT:OKMYTH
16DMeJ1tE7c7f2Q567JM1vFJmwgih19TVXNuyx169vjbhT8g:12000000000000000000:OKDOT:OKMYTH
1PfpTJiZNJszjksyxfAD7RozQiArMabLKXYs6fYHd6mQEuA:12000000000000000000:OKDOT:OKMYTH
168JGeJ2zpe12aWRQsW4XsjypxN1VmwzFLXcYhGzExeXX5UM:12000000000000000000:OKDOT:OKMYTH
15EXREGepMhRHdfJhrs4TD6zfwjmgqzibWhf93N4E3XsVeFG:12000000000000000000:OKDOT:OKMYTH
16eVKdQiGzQW1m5U58eHgbV5gqHVX5FcePLWwzzW7jfdgKc5:12000000000000000000:OKDOT:OKMYTH
15rc94FwFugo7oG94NizpAMAUd1gjGkAL8x7ytfBESYs9qdh:12000000000000000000:OKDOT:OKMYTH
13N2T7VKqABWF35hyCcf5U127V8ixmPoC85pg6aAMvybgvWx:12000000000000000000:OKDOT:OKMYTH
14jyYEEafWXdYX41NyehUJNKprPg1PrfZWFAqzVrJP8yLyTM:12000000000000000000:OKDOT:OKMYTH
14BzGnaDVnVVnp8kyDgWkrPgd453MS3wFLnpzLp8tW6HgiQg:12000000000000000000:OKDOT:OKMYTH
13qDZQdJMaDCm2RkToSm2bU1dZ5Qizm3TnhhYyAWywMApn7Y:12000000000000000000:OKDOT:OKMYTH
13555kXRLvDXbyUjrXH1CtETnS5haEp9jyDggZTzzPNiTdP:12000000000000000000:OKDOT:OKMYTH
15A6nNTyp1hUGREwrMJZ43JCFLiwWdqetn74ZH6AiXLw4ATQ:12000000000000000000:OKDOT:OKMYTH
16bnV4fEzsYPikbEBs3Ep81J8bnPxUcS89MzRZFX7dCWrk1c:12000000000000000000:OKDOT:OKMYTH
1kxi6pzhy8tAMWfh8PPXtWTw16VHoCd9VW9yfAMy9sXFENZ:12000000000000000000:OKDOT:OKMYTH
14iKFTEbMp5SozMkKVkoPU5cMfcqLHQyFQsKZPnntKjgP4RV:12000000000000000000:OKDOT:OKMYTH
14VJx1zC9rqPTJdH1E6hT5D9MCgNL719ZH7Q7WyqjJDR12o3:12000000000000000000:OKDOT:OKMYTH
1LcLNRN7AQSGti15AZFAY8kdvifr6pCHb6vqsMHgCK6im9Y:12000000000000000000:OKDOT:OKMYTH
16AhaodfkMtTFNqWvLDnPS5jYvAs92PuNUEx3cBbAAguEnGB:12000000000000000000:OKDOT:OKMYTH
16gatQBD52SG95sgsJuu45Ec5jnZSqmd12HkYsfRZnNTedSm:12000000000000000000:OKDOT:OKMYTH
1658wYokvuqk8Zo4ZZfwXgo8otBgmHKZxrZ9xn5QFtEQiZot:12000000000000000000:OKDOT:OKMYTH
1MgSVYsf3pGa3SJsxgLkVicydoDnr4AeZXSwKPn8eN64W1m:12000000000000000000:OKDOT:OKMYTH
1NX6g8v2ah6B9ft59VZmL1iPtxz7PGbxkbg67nkepA7t9mi:12000000000000000000:OKDOT:OKMYTH
14zSwAR7QJqQ83nRk8WZsFf8u8XecLngHLD5wU7T76W4u1k6:12000000000000000000:OKDOT:OKMYTH
12GcMwWzXCqP2Uq2L7xFaZ1m4bqwC5N8ngGWHAWvr3CysiRc:12000000000000000000:OKDOT:OKMYTH
1rUez4bCmFZ5VJPsFBjy8Bz1bfEeAM34KSYFGfsK92ar7HK:12000000000000000000:OKDOT:OKMYTH
1mP8ywm6Q6uW1cXuyvSpQzkmBGEyeHjpqphXs7q8r2Ar7oc:12000000000000000000:OKDOT:OKMYTH
12K8HRJy1ecuJ9q3pQfQUfhzSgQe6XZnHmt5uHcAyM85TYWD:12000000000000000000:OKDOT:OKMYTH
13R9iZXxjg8xmagc3ZG7dGSPKmSoeL5JbqxD1zFmaDBb8rLC:12000000000000000000:OKDOT:OKMYTH
12soeYoFj6gR4FwP3BKiAqzpUdxtPzcLeF13yWJuTsGnxK3P:12000000000000000000:OKDOT:OKMYTH
16TZrPNZEtTvQwFtab1fYAxE7ttHkt7M6yVqnonVpGu3f99Q:12000000000000000000:OKDOT:OKMYTH
12UyHFcUnTbLDaudnNU437WfiYR1QR8MJo3T7qfwzfitJemD:12000000000000000000:OKDOT:OKMYTH
13ea1REDs5WFjGsw9dBRftpCwXMrWfCc68U1x1MhBmhES3yq:12000000000000000000:OKDOT:OKMYTH
13h4prub5Ya2ELx7Tzqf1cVQ75jL3kPHpsSbKaMvFMLUgJCd:12000000000000000000:OKDOT:OKMYTH
14edQNoaJiZrArSWMB4nFVAfpmNCscBH6R2w9nKGYNBNziEi:12000000000000000000:OKDOT:OKMYTH
15KCC3c4SRMbFuUPhb4fyzKL36gzCxje1KRV8qpr7CCrHyoW:12000000000000000000:OKDOT:OKMYTH
13UVJyLnbVp9RBZYFwHZ1tPKUAA3ufwKHjfHYi1WFS6wW8Ks:12000000000000000000:OKDOT:OKMYTH
13ccASmgVgPYsVutpvTU1aLxCYeX8dKHA32rahQX1me1NET1:12000000000000000000:OKDOT:OKMYTH
14GaNzazbBWFk5ue7Q96m5JLDQUvfu88fkwUBrpQmS4znhw8:12000000000000000000:OKDOT:OKMYTH
13PgNMisY6avu8tAzZXDKUZbuSNdaTFxcvZSGanAVbHLGDnz:12000000000000000000:OKDOT:OKMYTH
13mLSM9z6499wz9KC3kKNERJtSoLoApx8NsxDy5cN5knuZzU:12000000000000000000:OKDOT:OKMYTH
16FG4PqGxsUVXWyGwqDP9dZS9Zf6td46gnZm4WJZPNYx4uUf:12000000000000000000:OKDOT:OKMYTH
14iW62YEhKchc2om4kYBJ7Ut8vERGbm3aFbSu4rPUGyTsmYz:12000000000000000000:OKDOT:OKMYTH
12zKgBQXvbF31ZYehgWLBzPVSYa242XDspgiWduW8YfLLQk4:12000000000000000000:OKDOT:OKMYTH
15o7GCaRq51A5mpZt9xmQ3BtgWWWsN7UFM3WPHJcJSAhvXS2:12000000000000000000:OKDOT:OKMYTH
139YosQSyLsyPNxLLSitciGYAS5amvvV43igv8iMpmVjDYRd:12000000000000000000:OKDOT:OKMYTH
15dEMv8FNmqV96n8e5BZfGvVjBeN9BzBiZLi2PxS6Uvn8sNW:12000000000000000000:OKDOT:OKMYTH
14HaJzbNqtfTEioMtDoK9yZ7oed2YvSPUCjdyXiTjVMygaMX:12000000000000000000:OKDOT:OKMYTH
12zkj6SqMzTH4gvbBpRgjA9kQ2FtwZsjWmPDtxf7kkPXpweX:12000000000000000000:OKDOT:OKMYTH
14LeXDSnxgpJKAGzT72HsvAnm5X5xuvt7DRZB5FAjRuP6Ek:12000000000000000000:OKDOT:OKMYTH
14FiaAZrYhJq9SPbHpmyL33pSZotW1dLRx2JhrfJX2yTrpPR:12000000000000000000:OKDOT:OKMYTH
12YkNYCcNDHpuPy63yuLrJRukQ8KfrJhgkcSwPukwKP6LNjm:12000000000000000000:OKDOT:OKMYTH
13aefVexKvb6FFJWA8Yv1pr2PuWXLFfHQMuBbgbTTEk87VeH:12000000000000000000:OKDOT:OKMYTH
15Ztbwcr9NkfhvbCqCqspYX67oH8d6MNjNx81nJCQeeyfHuv:12000000000000000000:OKDOT:OKMYTH
14qwS73MKazNyn56xxKxrPzmxuqEJxgSGhjdRpbZF4W7NjPB:12000000000000000000:OKDOT:OKMYTH
13AY4Uc57MdHGWsHjFSevYPgxfVAnEcoRiGJMF9L5hqHy35V:12000000000000000000:OKDOT:OKMYTH
13NCLd3foNpsv1huPDzvvfyKh37NEEkGFotZnP52CTR98YFJ:236000000000000000000:OKDOT:OKMYTH
