16MkxEeycZvDQJ8qFcN32sfhHWTdeWvQbHdBiZhY56FdhC48:12000000000000000000:OKDOT:OKMYTH
12mtefYog4KTGsNnRTRrimyBngnAtWTMhxCWe8PGM1szHDsY:12000000000000000000:OKDOT:OKMYTH
13sn4LxcCUhvDihYo9qLz8Hjx7KrjknBcptRFwPKhxEfXoAK:12000000000000000000:OKDOT:OKMYTH
13rd3Xg7vKLSim6LHYqoJM7ybVN2VH7BtinCjKHVFe9SPTZB:12000000000000000000:OKDOT:OKMYTH
13JwoRnUUTAwbWqNKc6o23qCY6yUxabaRqWCHKUGuaJNFbCx:12000000000000000000:OKDOT:OKMYTH
12Kr3NhonUXippJQeUK4UWKx4Xi1BPstkmvbamow4tEuWWVx:12000000000000000000:OKDOT:OKMYTH
14ap5ukSSPfHn5dH5TRvnT9j9WpHb6gUadMYTmEiPwF1Jygy:12000000000000000000:OKDOT:OKMYTH
12EsogC47J1D1RefANArEkhXJTPB7yteV3rrUenxsSNqux3A:12000000000000000000:OKDOT:OKMYTH
1a6xajzPfEZBr8eECt4AKkVxffjT3rezehmMsWCVQjSNWPJ:12000000000000000000:OKDOT:OKMYTH
162UrkHbWzpQdGErKnk55meLyMeLjH6vST8RJBaXF8AyFxUw:12000000000000000000:OKDOT:OKMYTH
15kj4SRZQgc4xSyebogUxHnZHYbC34jEp4aMvfXL4oZg8rYt:12000000000000000000:OKDOT:OKMYTH
1cCw5yfnTg5uWT78LdKLRYoieXJx5WS2vJdiP1EE2WXw3Gk:12000000000000000000:OKDOT:OKMYTH
14eQzFC8mK8TesuMjfswvbGU9tJWZzGEzFVJqvc3xvUGAUF4:12000000000000000000:OKDOT:OKMYTH
13kBJnayF5BwTZKQscVo327iz3EW9eYhQe9ai8QxhJBnuX85:12000000000000000000:OKDOT:OKMYTH
1jJbsPRXgFTBSGJbMRiWRA3yGeMfPsp1LwXuZBkZniyywku:12000000000000000000:OKDOT:OKMYTH
1tnsxMGJLHjXcFZEVj8UUSWcHgrxnNYZcypQyr18m97bp3i:12000000000000000000:OKDOT:OKMYTH
12N3Bboa6y5cXoSBXqT8TrLdv1T7z55DoD5cwT9WsFRzBog6:12000000000000000000:OKDOT:OKMYTH
12mw2sP3dtNpqXFajU9onT2W6CKF5whKnaLQ8KueLDRXVeQ7:12000000000000000000:OKDOT:OKMYTH
15cqLntDAh4cxqWrXqhfpzj8bA8gQNqKA9EpSwfNZ9R4McHM:12000000000000000000:OKDOT:OKMYTH
15bgmM5KipYck6MmFsJgeygbgmu5MjkpSovRbp1hBXJwF7ux:12000000000000000000:OKDOT:OKMYTH
16U9iW5s9h83XMYvRnUWFzSS83gdRyUJWgWEyUPbG9ZVi79p:12000000000000000000:OKDOT:OKMYTH
1RavmwqwsTD6DzWECnnyt1DyQXKCrcHZk1ChzisZjhUccpB:12000000000000000000:OKDOT:OKMYTH
16ExEhZ1xj8c2uoHcAFkSZfchorqfDZZLhjjxJT49akBLuS7:12000000000000000000:OKDOT:OKMYTH
14Jwxt37AzBsKNWVJaCdt6mri3BKfFJMMoR8evbmgbCW5UJi:12000000000000000000:OKDOT:OKMYTH
13XzwpsDnMPqhCaPnUM2UHDGBTWarwkHE5smCY6SD5XrRK29:12000000000000000000:OKDOT:OKMYTH
16RN5G7viiNR3SiGeDgxMCJt7pAkCS6BzeP9cc8B5wfAghTh:12000000000000000000:OKDOT:OKMYTH
1DcbwqRuw2BjpNrmecE8Swr5aj1PVPJg3jHV6JhePZuzodS:12000000000000000000:OKDOT:OKMYTH
1395u6xG94bVxF5cQmAvEaZYfnJpvuBcyuBSYR3huvyhcLDe:12000000000000000000:OKDOT:OKMYTH
16nKcqkXHS2Y1s7sfXfRsR2jwbE94MSZYAjG1L3X3Pd8fsAp:12000000000000000000:OKDOT:OKMYTH
1XmHTmuJVCp9fQUayYXiJNMevSWsGmHy7HyEWDChsSapTJR:12000000000000000000:OKDOT:OKMYTH
15amsAFDA5PYrMmAoPeoXHVcgVyTHMAV9m4XRXDJp7WvqsP:12000000000000000000:OKDOT:OKMYTH
15LbjhyxUVaGHWHwT4LbBP6jVoPBS4Mpf1iQAD7bzzKpSVNa:12000000000000000000:OKDOT:OKMYTH
15UMgptg9T1tXgpiQYviMoHsWLq8bswBDebae3BkXEdfuxxi:12000000000000000000:OKDOT:OKMYTH
13fRTKq4GKZnZrBhm9rPdPRzLrGcETsoqJAx2pd6tVTKSoDx:12000000000000000000:OKDOT:OKMYTH
16aq48c3G1QyRe9eUJvBsdHcEzJv3pfwQxL8jCXT7qofNxnz:12000000000000000000:OKDOT:OKMYTH
15s8NfdSeb5oiLagLneJAZ826rDrot5RckErYytyszkdNKK6:12000000000000000000:OKDOT:OKMYTH
16VzEEnbp2fmWN2pRvdGUibWC4LbKRKTNWacSi7MpkLYtEUy:12000000000000000000:OKDOT:OKMYTH
15Sw2NmEXrCiSCEAXYanDQqLxm1HHdwrJBDYgZrcfc2Qs2DJ:12000000000000000000:OKDOT:OKMYTH
13H5pdwBnXAbrHNQGd3MQYVbAogMB6XBiKYmTyeFriahYycX:12000000000000000000:OKDOT:OKMYTH
16Ps2S5rvXZHXyTUy1SexCBx5CNknDdQYcEH3NAd7S5QEQMH:12000000000000000000:OKDOT:OKMYTH
133qLupgc1JM95heZFLU3oFDC7M2iWCGno1qigmTJneFzgxa:12000000000000000000:OKDOT:OKMYTH
19wB6kBoysYg9KhiEY94ZUDmBcFVRc3AVtt9pz4YTYU158h:12000000000000000000:OKDOT:OKMYTH
13p762ZPfJagA1NjwwhkXtA7xJLeuBUZGwgX5fVyvgeuK9Ud:12000000000000000000:OKDOT:OKMYTH
15gnBzBeCkjF1j5Dg8rmUAErraaMDrgLgL4zaCiWYErrCVwR:12000000000000000000:OKDOT:OKMYTH
14two7UzdEngEbMjosEvf2DEzniBb7mJvCiwLWZvuEo9ST9a:12000000000000000000:OKDOT:OKMYTH
142ZWsgytvzTGZ9M4rjJtPLMbHt9hMjQkJaz47yKxYDjwRQJ:12000000000000000000:OKDOT:OKMYTH
1ZKXidUcaQXszDLvQM5oayXMxjw6CGdegxJXrLr8gwLAnSt:12000000000000000000:OKDOT:OKMYTH
156C72Uoi8PKxFZEk64fBbnBsnbh2m8okQb6nLbnSZgrHsiN:12000000000000000000:OKDOT:OKMYTH
12cSguM15R2deLrn38NMHeCgXq35q2VDRCfAS48SFq53RFgt:12000000000000000000:OKDOT:OKMYTH
1pvwJvkMqwH6ddFZhcLWRonVgKUAZGxAcChympZY4Gxvhzt:12000000000000000000:OKDOT:OKMYTH
153xicTsXha1EQp1vgBGc6QywBaisAf2zXFZWij2tFtJGWHt:12000000000000000000:OKDOT:OKMYTH
14FSsch3Bba69TEkvt586RnbrEyRXB3s1kmArd5eWF1F6PgZ:12000000000000000000:OKDOT:OKMYTH
12Qs2C1AZYSCHrBH1LdgkiGtxdGoX4Mj7bPheMdgCjrkWUYx:12000000000000000000:OKDOT:OKMYTH
15CU9ZKQpivx6bVrs95wMinUPyQtiDgBdEGnXuK73eSqsu59:12000000000000000000:OKDOT:OKMYTH
12ptTaqF98sE2akMYSM7Uk4onieNATVkJMXSNCy71CLARsu5:12000000000000000000:OKDOT:OKMYTH
15rGvUDkUtvRoXCoRu6EKLUY38eiByw6HoFfPSQSvziZWhrm:12000000000000000000:OKDOT:OKMYTH
15ZJBXJKsoSTiwHF1rkHyMMnh3qXH98LwbrhztjMrnnFvWqq:12000000000000000000:OKDOT:OKMYTH
14xmDYgLHATEAzZgq6hCtTSmPYgAroYBbzZ6nwreVUJUtLWu:12000000000000000000:OKDOT:OKMYTH
13znEC4bMrDt53R5hsPgJ4Cvo33UtwKefjM5KVaLeTr3j8BD:12000000000000000000:OKDOT:OKMYTH
1AvS8mXbhYwBnKgUaNS5KdBi8YPPCZzgWYnWVQYkS9cAuLL:12000000000000000000:OKDOT:OKMYTH
12D7U2yVGENygkis9n1MJf69fYXRXjoANijfUXR6GbBTF8zD:12000000000000000000:OKDOT:OKMYTH
16bQhweZTVWzbn21rkCmTuQouGgxjFDTwcBdpzmWqL5Z3Pok:12000000000000000000:OKDOT:OKMYTH
16axkBgUXScA82C7a9Ri2D8RUkaQs12Y9NR8rDfHU7MZFrHQ:12000000000000000000:OKDOT:OKMYTH
1H6HrFDRCtJyYApJuPtbC1S2tLo7svG3CVUhLhSK6PxTx4R:12000000000000000000:OKDOT:OKMYTH
12HZaig9rw3m1dNFxXaRV3jtvJ18PFodZ5LUxJQqDBL7SW78:12000000000000000000:OKDOT:OKMYTH
166u4AAWQBPKzuCHmdkENwbMfbpNgn9qmQEnrWKimzqGZfZ3:12000000000000000000:OKDOT:OKMYTH
14naCXg8cESx3cgUcx4Pt8Z1brqqB9XgbXKnnFXHbfLgFPcK:12000000000000000000:OKDOT:OKMYTH
1435mHQ7dsJuVRCXCuwcmeSemGhfvMLyh5LDiyQwf7VrsRzV:12000000000000000000:OKDOT:OKMYTH
1oxjhVY92EMNSTXUVegH77YSgFjPWhuCFgszrJX86uGDjuM:12000000000000000000:OKDOT:OKMYTH
1gsMX9XrKyVY2TLpWViw5ArvBGhCJD6HFER6o8nnWA83R26:12000000000000000000:OKDOT:OKMYTH
128i1xhNMmxq5vCnKqg2ta7bmak2BAnMpcdF4VR728TZJwKQ:12000000000000000000:OKDOT:OKMYTH
15eRPAxmx4D4EQHmdB1ZZ9HtJDTex4g3ssfUutgwhUbD68oa:12000000000000000000:OKDOT:OKMYTH
13UFptFjhGKxC3pqr5GK5yBBPCVfgdU48RVMcfJGqcgyQE3o:12000000000000000000:OKDOT:OKMYTH
16cDHPJ9rgmQFQDkZRaeESWJMktecSmuDpYjF5xQEV76h9iA:12000000000000000000:OKDOT:OKMYTH
16YAV5UdYPqcbD7orZVLTUm9CiHcjRWhkJjriEv3BHceKhw9:12000000000000000000:OKDOT:OKMYTH
14TUqRhsGzQBhtFHwZQVR8T8weZGzQoJA96Sz1oJ9DxpPGud:12000000000000000000:OKDOT:OKMYTH
13hbaNZQjY19UVug9ZwrWPYKbHRfpNXvQrv7YPUixqMVv5zU:12000000000000000000:OKDOT:OKMYTH
1GC3sj4z1xGtrgksusai6XxmH9RWKc6JgizzsmWJwH38fKB:12000000000000000000:OKDOT:OKMYTH
12X2zceuW85sJRa182WKNFRYwKg6becqBuT2p8wcCxHgdoRE:12000000000000000000:OKDOT:OKMYTH
16itFTcpYZZSEYYRNW8niBjYRVJwnSw6PTkiKoMSq29cbyKy:12000000000000000000:OKDOT:OKMYTH
12kBEuPGPQX8T4Xe1hjxvBqyTubNcD5qsVSyFruwYB7GzsJQ:12000000000000000000:OKDOT:OKMYTH
142rQN1RUHXyYTj9FgntfRg3JyHQr349Zxvc5PaNG4KuDtjX:12000000000000000000:OKDOT:OKMYTH
13ECjtAb6TT3AcCjio7ZouMfBAjiWjnC4CkkA2yPofzFCwpi:12000000000000000000:OKDOT:OKMYTH
14tapNovoufY3dKxFTuTButfuhmSCP5i4xhVbZgqjZipmZHY:12000000000000000000:OKDOT:OKMYTH
14XQxvLYUBBuCqgJfVCQnKUYKN6xEUpPmu5aJ8KUgde1rVCD:12000000000000000000:OKDOT:OKMYTH
13yMp3tyJnJQi2kSV5pQrxm1CCQddPgSDh2thanyStitXT4b:12000000000000000000:OKDOT:OKMYTH
165JvAnKg6AqeThwUX7KkYvCd7DZmLzWm1AvvA3xKg4RN2RD:12000000000000000000:OKDOT:OKMYTH
143UjbZiU2rTEaECJbDpzGLchSR5udKHf1M8UWURCurwgHsx:12000000000000000000:OKDOT:OKMYTH
14WhFNmaCeNJgX5416y8vB71ofLQi1pw7gr9QyBceUwY1NEA:12000000000000000000:OKDOT:OKMYTH
165X9iCgQSyDSEjsk4PGraEy1WFeRfoZ2Ty6vA9PRnesHfrP:12000000000000000000:OKDOT:OKMYTH
14gdv7H7cEJ7RMHiqBhheCZ7TdkNZMWY54HbcRNjuTWHsxTY:12000000000000000000:OKDOT:OKMYTH
12z1hGg9edtNtUqqp854skJkbfiAwpWprXgdgWtWg28dU5Cp:12000000000000000000:OKDOT:OKMYTH
13NJMTbhBCu29dK5HyYHfjuMZHZJp65xA1Q9QkVyE3LtqAUq:12000000000000000000:OKDOT:OKMYTH
13raKYqJanyVSasKXCAGfSa7pdUSoJTn41sMXVp3ehrFyeQM:12000000000000000000:OKDOT:OKMYTH
1LAgZsaSC8RUYQn6zNpm95bkvdHkSf66QF5EsUGrTgbcgmD:12000000000000000000:OKDOT:OKMYTH
15XsrH4FUJaJYSgFGues6eXu8x472L2LLjjQibPkpSnPqeHe:12000000000000000000:OKDOT:OKMYTH
14XkBDPHhZ9RthJdAC53JF9uyiYg1K6heELf7LMjLwgbMHC2:12000000000000000000:OKDOT:OKMYTH
14izx51QzQbMTnp3WTf4jcRdGDJaHpbBqFKCXB6V34Gf8Nah:12000000000000000000:OKDOT:OKMYTH
14nVrZ6n2EKy9rJVX2uQ8Cb1M7T63FLkwp1iQj47v4gr87Yr:12000000000000000000:OKDOT:OKMYTH
1NX9gVFvXDQBR73V2fkkK24GMYBjqutiCW36uYgdyJVBFcb:12000000000000000000:OKDOT:OKMYTH
14fHAMP9mbEEuQmztmjgu3VQdN2uxdWHYtfSyvrRQSjA2da3:12000000000000000000:OKDOT:OKMYTH
1xzYWFD2U67uhfFvqdHp4VVbrx6gBXWZfn9KexnAetTin14:12000000000000000000:OKDOT:OKMYTH
16EKpuxmY8XXrbbRDxTSCZBHWcyRdCEqGjAhjCr4n53UwKG9:12000000000000000000:OKDOT:OKMYTH
15jan4emHDRWn9MRTQK15ocaeRNTceu41kE1uYCquaSJsNBC:12000000000000000000:OKDOT:OKMYTH
155ntttwKbU3F1cWqUXLCyHoFN3HSZwuaqzJWS4Scaxq3Z8e:12000000000000000000:OKDOT:OKMYTH
13ZYQsFBUKZEcjBu8YQWvxLZDwzy3THSeKCLY9P3gMFzMXah:12000000000000000000:OKDOT:OKMYTH
14QEba2FYyrmQKgpqmSjaVKvCmrbqv4qAYgYfXbn265V6vEp:12000000000000000000:OKDOT:OKMYTH
17K6X2HFaJ3dVKyipz2wi2k273q8BVDbevZSSojwW3frK8v:12000000000000000000:OKDOT:OKMYTH
14oc2Z26ExkbEAN6RqDHwm8QuxE6KDS1fRs8wGJ3R97PaqWs:12000000000000000000:OKDOT:OKMYTH
16fjNzeeaveSrVBDStw882nRjUsjcTbDGGA7CsCneuM5VQPQ:12000000000000000000:OKDOT:OKMYTH
14zbdKQuDRmycdW7Laz7sXK83sg67DquUK9Mixa5V7cvBaQA:12000000000000000000:OKDOT:OKMYTH
13n5sLDb85NZ4TGvXVuhvpxpHbNWXoEp7mF9KAQY5dswfJAG:12000000000000000000:OKDOT:OKMYTH
1E7Qj527tHfnDbuqPJLDT7tAzUYVC8f1zMbd2pAyN7j16bS:12000000000000000000:OKDOT:OKMYTH
1jJACT6twKu8khGRAMRKNsgvaSpc5bUayZ4bYSyBqvjMrK5:12000000000000000000:OKDOT:OKMYTH
12dV5dv9BLZXwxUY12cdyhapcN4Q7o3Bc3hqxVhN3xcf6F2V:12000000000000000000:OKDOT:OKMYTH
14CKTiYyYWGtwAxmzCZgYvNXA1FxMJ2FY5PKuxaqxwMv86ab:12000000000000000000:OKDOT:OKMYTH
165qhoWg7k7Gb4h6pMScAgRuMX3GrY46F5AWacx7o2p9Midu:12000000000000000000:OKDOT:OKMYTH
14P7fHQZ6eYudTM66wHhhK9DR1KVFxDkueGa3QKf5cZv9Dg2:12000000000000000000:OKDOT:OKMYTH
12aZZgCAFQTzVcSm3KvUGvpqo7YSbDqCmiBn2Y9z1eWZ98Eo:12000000000000000000:OKDOT:OKMYTH
13h1JRyPHEvxtGg6YYMygZQAHq1o6gXPaVGLjpNuPWBXAgLU:12000000000000000000:OKDOT:OKMYTH
1UDrknRpvMQRFij2BpjZpNeamFcYtFjSqRaDyHyFqsUb4d2:12000000000000000000:OKDOT:OKMYTH
13nvpDvynZegXP6MHH3zWZKvoi6ViBxhQagBsfkd9VfBEUj5:12000000000000000000:OKDOT:OKMYTH
12VXUnGRJxsZuL2s6nxSRxzRJTjCB4jJ29TZzJrNPtZ1GLzF:12000000000000000000:OKDOT:OKMYTH
1625CCKnop7QR4FfbjLQ2RWMRvAoBbdSPkvtXRAjCRBMTqvD:12000000000000000000:OKDOT:OKMYTH
12aAEmS7FJWPrvaga3A7Ly7VqbQJrpAUR8vyjEfWn2TSuD4o:12000000000000000000:OKDOT:OKMYTH
14BvyWxUhfgZqSZtY5xYVDZkRofd8a9wTYEKmrRVyeJsAzKg:12000000000000000000:OKDOT:OKMYTH
13P8U2Gj5zbaXLSTj2HL22drQGf2i7nn4eqAPCsuevHcKR2c:12000000000000000000:OKDOT:OKMYTH
1fbsUCPreSybwGye5LezFhLvzp4xgoSvWYLepS5ph8kqSM1:12000000000000000000:OKDOT:OKMYTH
14Xz5iMJjhLqkURHw4nSMYFaiDv1Q8FvgUgCu9Qncig9bgJB:12000000000000000000:OKDOT:OKMYTH
156vLQEbsd72JRNDL2gmTLpH9HrLepbdwPp44F7p7egS7BUc:12000000000000000000:OKDOT:OKMYTH
14HYuBxNiK1xNJ5vSiXYTGUt3CWauBrM2uLACbZDUumEgv1T:12000000000000000000:OKDOT:OKMYTH
12etYiLXBkMabaeNGDW2tsUVaNJmDmhZzRGQkJ1e5JrFEhbt:12000000000000000000:OKDOT:OKMYTH
1BJ6Gc2oV3XxjzExtKLLwGfyR23otL7YpJyLqhHeUvmZYpp:12000000000000000000:OKDOT:OKMYTH
13WdnGyXNREJrcPCweiVT7KuCf8wLyrZJLyNwg5gnxZMQJvP:12000000000000000000:OKDOT:OKMYTH
13jRaaqMmXtUb2FJex5HQmUZceDcES3vok7uTuvEZJXgLV9p:12000000000000000000:OKDOT:OKMYTH
16fEAnaFcwHe3CRxYJzUfnGpJRAPhzsZExvvQV8Sne9nd696:12000000000000000000:OKDOT:OKMYTH
16LaaKSbLLTBCp8Z57NfE87rWd1eZ4oPyZnsYuY5TgmJCUYs:12000000000000000000:OKDOT:OKMYTH
14XAnA2GWJu6YF5W1defMEmQGf2XpAwXLEB6nMrFtijHUxCR:12000000000000000000:OKDOT:OKMYTH
1vQ2DyeZAWt9Jm6UvKH8BY71DLbGLbE23AJU4N5E7H42CTU:12000000000000000000:OKDOT:OKMYTH
12QreR9mCa7pCzfGhEdWHNdwSwPqhdoWifvLE7XYexnG93bG:12000000000000000000:OKDOT:OKMYTH
1FP2WJYiqqH1dfSGg1LRG6oNwAwtVY6yKYKt7ebVLWp88c6:12000000000000000000:OKDOT:OKMYTH
14t4UE3kWanH4sBkN9pXZmtHCbgR6HsadKRd8vjUWZTSD5y7:12000000000000000000:OKDOT:OKMYTH
131Tpx98eWHGtySHjuYQAVz8JiQxNG7ZpaoyNLB8gH2jbkE:12000000000000000000:OKDOT:OKMYTH
1gU3e6q7Feuup7NN2BCeoUHQjTSxuytb2XZrTLksfYVycUW:12000000000000000000:OKDOT:OKMYTH
1nUSr7ZksnZENJfdrKYjTpgvjWWZqvWC57MkL8YCsSJeXeZ:12000000000000000000:OKDOT:OKMYTH
14h7LK1rDAoCaMz28PBdnRGssDC7NoyPCyByd2is1WMXCPmu:12000000000000000000:OKDOT:OKMYTH
1eYFH4PaS3xRePJTWGSqhDzrhoVwTcJ9bZU19bTTohsPVsK:12000000000000000000:OKDOT:OKMYTH
15p8Vra7YPAJj9Wfjkzs8yDsUAFp1CEJJ6TzVSQHuw6wUFEc:12000000000000000000:OKDOT:OKMYTH
132kY8qUGWWFNZ4umwNcrbsRWRh999cJywZG1dAGZLBbgHXZ:12000000000000000000:OKDOT:OKMYTH
15BYLi2k48LvPHC5cPDsY3YMuwQBkm6uUTgMBk9HazrLUVbA:12000000000000000000:OKDOT:OKMYTH
12kYiXLRfV9C3rMUCkkXXjBwATqHtRL4iEYqFbBbNgkqmtKi:12000000000000000000:OKDOT:OKMYTH
153aHpr2wLp5n6HXFRJJ5mnZ9eFqiJL4FpA6nYMidVPJS8e6:12000000000000000000:OKDOT:OKMYTH
13xedQ9egx2TtXygGbNdwCHjayp2XCcYCB6bt4b9rXtQyPdT:12000000000000000000:OKDOT:OKMYTH
1ZXCR66ExTnJny63uekoKdybqDvwWuGeLPyYg8oshVoe6fD:12000000000000000000:OKDOT:OKMYTH
15zL6Z4x9JBc2RkHe6ZGbTsZmv8VUr8iwMFD7m7cNEFeSAoz:12000000000000000000:OKDOT:OKMYTH
159Xw5Lim7X3eetTjiMuUVgVWFSBfvD1QvZVvRyWeNGwhj3U:12000000000000000000:OKDOT:OKMYTH
152RGs9fHD6rfw62YavwL9VqKYxHPVDf4ba76QrTb7jD8ytY:12000000000000000000:OKDOT:OKMYTH
12vNTa6WKL8is3vSY4EDtdvzfrnYajo6hvg13hJpp3uTdXzb:12000000000000000000:OKDOT:OKMYTH
16VqbNxQ1rR2LympGydy6wrTSVpdASV66qUQWhq8bEdJtUBa:12000000000000000000:OKDOT:OKMYTH
137DykPKgCLXe9MzFtcBafRZvQhykSfZpSy7exDDySGkgmjY:12000000000000000000:OKDOT:OKMYTH
1vRkW9h4JEJNzTcEsmUdTP5h7gNvVCBMzezm2SZGJewjoef:12000000000000000000:OKDOT:OKMYTH
1W2jKGUE5G4LWvC8rhMerxfa2SCCeSFxamK51LR6sw8yzYZ:12000000000000000000:OKDOT:OKMYTH
13UpRtC6JoP5RYJUuy7B2J89S42MS1pvWf6CUP4dKSjpEmPL:12000000000000000000:OKDOT:OKMYTH
13oLv2fchM3nsTikcUts8ESUJhJQssWe7XxVS1TXa4fybcPX:12000000000000000000:OKDOT:OKMYTH
152HJAuGgAoNKZvium496uA4z8FLY4SuSr3eNa3XeyPZrEs1:12000000000000000000:OKDOT:OKMYTH
14XQy3pCqJtMzooeKdM6ue5TKtWmQyoaMjYBwP2jhvBL54z2:12000000000000000000:OKDOT:OKMYTH
1oyiuH2suepAt3cXacngPmYNYV9HC5B5tZLHgSsYFB9gkAe:12000000000000000000:OKDOT:OKMYTH
15iN6bUHDogQ32ZwH1jCqCCg91fcwWurfz4RDCugc4dP2dVA:12000000000000000000:OKDOT:OKMYTH
16L4Gg8KHhwLGoKi6r1QGsrqwdSwM15zkQWUtqtVttCnJxfr:12000000000000000000:OKDOT:OKMYTH
1oWUdy1H1WHeSqwYuvwdUh68krtbfeBpYZXP8ahgTnkTFbx:12000000000000000000:OKDOT:OKMYTH
158SRPRfu4VonUwfLbHR4cxmdqKmFKCY2zHHyd2A7R5gZjtK:12000000000000000000:OKDOT:OKMYTH
12acz5QJdEjqWXMFXnG14UJW2q2WKeaMZ8QEhpF7dj2xWYL5:12000000000000000000:OKDOT:OKMYTH
16SsRpPDg72dLsLaRmNaBRTzX9euDYmd2fc5uytnDyBy32zg:12000000000000000000:OKDOT:OKMYTH
15VB3aokJZZqJeattt6uznDKcLKWHdNwnHVHEkAErtWB7az4:12000000000000000000:OKDOT:OKMYTH
13WF3EQhnE7xLksAASe4yuVUpoJ53xr8N7kHtd3ryhhptqQ1:12000000000000000000:OKDOT:OKMYTH
12TxK72K9PnZux7H6W8Z8bXKqpRtKb979gbpzfju4V8k1LJx:12000000000000000000:OKDOT:OKMYTH
13wv5TttJ52FrewfuuxTSAPfzjBfRVsjSJd1hU4C74f39MhW:12000000000000000000:OKDOT:OKMYTH
1jwMYqzh7X4qqHZm8shsVdkEcKmTRAdfLa9YF5V5ovU1UvQ:12000000000000000000:OKDOT:OKMYTH
1RctgAj3jhtNkxQdbgtfPVhbfSjcP7fJ4FPEWDBB8uChhRZ:12000000000000000000:OKDOT:OKMYTH
13zBpcJEK2XkvDVeZwzmZZULGeqyFAhK6RFMkKgB9ReEY4gM:12000000000000000000:OKDOT:OKMYTH
1tquMH92FSaepDcAR3H3Nu45SaniXTrEp3cK8rHFtJtymr3:12000000000000000000:OKDOT:OKMYTH
157xCS3YxTUATmGV6k5X8rXvmjAUkqQQ139KqkX9mrmgPGMx:12000000000000000000:OKDOT:OKMYTH
13YEDDqYwo1UxEkQS9GELpbPUVU5sqz3WLdgiiketkR3ZMED:12000000000000000000:OKDOT:OKMYTH
15kurHLL56517PPzftPM19bS5mqebar8gR1sFtBYX1SSqsCw:12000000000000000000:OKDOT:OKMYTH
15yAUdZsMgXCrujsbsr4qY1EzzCWp5StUYPk6fxQh4gw2PTT:12000000000000000000:OKDOT:OKMYTH
166H6CxAv24pGRoFHTFkyFunJxb5tuLDujLvCHuFjJPHHcJv:12000000000000000000:OKDOT:OKMYTH
14mRxGbwDKqxMR9LvQit2NpJZnoxJ7vAGZWtidS64Ts2yr12:12000000000000000000:OKDOT:OKMYTH
14Mm67DteVAC2nTQo6XmEDq29C7Um47CWFryaisZqigvPUpy:12000000000000000000:OKDOT:OKMYTH
14SQ8HcwDFCsKXg3CD5j3wgP5DdiaYg4oL3xUpgKp61dd8jF:12000000000000000000:OKDOT:OKMYTH
161VP3PwovsDFFmTa9LL4WpH6wbPP25z67erF8uXgH5Lzc1Z:12000000000000000000:OKDOT:OKMYTH
14BjKGshdVccukR1rFAXh4KhVoBud91jQj2poNCuLqKrfceJ:12000000000000000000:OKDOT:OKMYTH
1ZbXBUCyf2oQzdudMrq4y91wJc65ic36wZuntQScoZYYcee:12000000000000000000:OKDOT:OKMYTH
13m7trfPkW8e8fx22DYdKy5ZPpo2dZnUMoyyhha6qRhBT1gp:12000000000000000000:OKDOT:OKMYTH
13ZCaYjEuM1U2EpKazSYC5y8hJ4TMTJuoVyBeYXamvwotetH:12000000000000000000:OKDOT:OKMYTH
12ZJpURFk7yydcZmwNnoiHW9t72necvKP6ur65CyWNQ6GrVM:12000000000000000000:OKDOT:OKMYTH
15NHzzve6ntivMdoHt3cMQWKuF54D4YxQjrYd6VpcbRjbj7B:12000000000000000000:OKDOT:OKMYTH
16ibR53bLjh8a6qRkDGfFvjDCLQ35yfBXRgdpkSEbC9sGGYt:12000000000000000000:OKDOT:OKMYTH
13LwV2wGp5v5SGyz8bRxSrUV6kLocXg8WpzgVcpJi2A3rrnf:12000000000000000000:OKDOT:OKMYTH
13FgYfv2RaxfMN3wsv6fToBzkgyPNtMA2h5dCCLc9C6ym6rY:12000000000000000000:OKDOT:OKMYTH
121cXHhT3m4Yk1ZNkr6ZRF28quPYZoHjipJ2wzTXnQfPc2Ku:12000000000000000000:OKDOT:OKMYTH
12n8FR72zenAhcAW8EPpxAbx8iDLPXiCRd83MwU9YTJqfKwh:12000000000000000000:OKDOT:OKMYTH
12QcFYNyUvKwNa5c7MTZyyVSmr7E9AcGQX2hycyTWMUETF9f:12000000000000000000:OKDOT:OKMYTH
15iUsYB2MfyUdcRcYVUYTPR2iC7NRLWEjSGBVwoUWmbao9du:12000000000000000000:OKDOT:OKMYTH
14oTjfqXKHtCPYJ88KJCQCnkw3X1MT6eujotRGv27Dz2AM5k:12000000000000000000:OKDOT:OKMYTH
13JhNz5PCaAhPj9MRKrqpkusTWStBMeVhhUc8F9UF1c1cU2D:12000000000000000000:OKDOT:OKMYTH
15VjWKFvMziGRVxF9cqx3kRcc5ZBYrvoX6KuH7xNaKU95KnY:12000000000000000000:OKDOT:OKMYTH
12uHD7ygcnSox5JKsRxscKjoRR36qPXPN4hSQw9HE4Ezhkg2:12000000000000000000:OKDOT:OKMYTH
1Mw4BvpTnmTBADtA5zQuwQrnW6w3ta7G1gc2GbQAmj9BdVW:12000000000000000000:OKDOT:OKMYTH
12TmuNMs3gCioAAqFLRvqwx7oaJx95XFreBacBt3aN2b9hqg:12000000000000000000:OKDOT:OKMYTH
12McdVvGBoTPhAhudb3WntT2hJdtQBCJn8FDnsBqVhKJU43Q:12000000000000000000:OKDOT:OKMYTH
127x5kWWgyfaamvbiqyfLH6GqLE25eQpaU51cmN4iqKzwHKM:12000000000000000000:OKDOT:OKMYTH
12KAQRBq4Qi2NTuGwaK3SBPogWWyVzUErHBHfaMwAu4vVRPC:12000000000000000000:OKDOT:OKMYTH
1PHvdySS3xPPtEPBFEGxD7ZzAx5riW5MAwPMDSZvWthwuiU:12000000000000000000:OKDOT:OKMYTH
15KDiiCGZ4pNpBbgU3iDiDVZMoWybsRS1AZCPZiwLpNbhizF:12000000000000000000:OKDOT:OKMYTH
14sXfstfiSRcgurbBcWoQKAPUsLDv9ghFWfUZqsgE3Pu8JHP:12000000000000000000:OKDOT:OKMYTH
144s1RR4zyPRupLHiiW4EyosPcMki8APFmG18ZJErCauz3W9:12000000000000000000:OKDOT:OKMYTH
1PFs646aL9RG9jLmsajUDtdTDZBCp6s73FBdGu9mMoMVSjz:12000000000000000000:OKDOT:OKMYTH
14NJJnwF7nKgXYwea8iHnKLQf1knxirFHYFZRz9u4UgxwBNW:12000000000000000000:OKDOT:OKMYTH
13Sbm7bLfceXza9Zbs836UFxyd7qpjF9o42vMs96AnfMbpsA:12000000000000000000:OKDOT:OKMYTH
15yXsSJojNbscV6crScuHN12G9dS7xXaJRF2euJ4Aj2vuz1v:12000000000000000000:OKDOT:OKMYTH
1321K6EfjCiftW1Hwq1zbxarEQiU14E8F1Z5nqKKEz7oj5F4:12000000000000000000:OKDOT:OKMYTH
13sF9hK5CjqHKaiDzVJbs5jr6AySis79QbJwJ19jwDsPdMpq:12000000000000000000:OKDOT:OKMYTH
14qVUge75MzA8SQuN9GSxVaHJWDWBLLkVk2PjfguGJriPQfz:12000000000000000000:OKDOT:OKMYTH
1GYSfmd5Z2wpR6YwF8XpvXJ2ZmrHPgK6k3GF8cpXZvqRwkT:12000000000000000000:OKDOT:OKMYTH
16FYtb1Lx9Be44WaeUbegkBT6VsgrjGNbALbxfccDvJrPCC5:12000000000000000000:OKDOT:OKMYTH
12kxNdRXLiLbdBgui86RCgSo5xWC7D4fEeieAprJL5nqNj3T:12000000000000000000:OKDOT:OKMYTH
15AxubMriRUbgKcCyUsTcE1TM1RM7GJtsAtxQQv1Arq2Pk4D:12000000000000000000:OKDOT:OKMYTH
12QuqvcyZmB2wZASKoRrqdVe4YtaGTAsMTaE8YEeR5NaWD4c:12000000000000000000:OKDOT:OKMYTH
12sp8AwHVWsN8krkaveWKg5MhHB4725JBPwPH8J2NZTvkKTo:12000000000000000000:OKDOT:OKMYTH
15QnjpUy9i1rRobQU78tji32WFwfDwzbsUT781kUweiqYjgL:12000000000000000000:OKDOT:OKMYTH
1KycSg4NQqFVf1gCyfNk8KYNJunmm9zdRRCCzTXo1Kiv9LN:12000000000000000000:OKDOT:OKMYTH
12mbBaoEHiswdz8rFjnzM8itwroGyVxpFcEmq2wB21fsiaiN:12000000000000000000:OKDOT:OKMYTH
12tJmGPWBQWGpvGDYcvnAJLwmCjqs2vGtUA5zo3jsbhAB89d:12000000000000000000:OKDOT:OKMYTH
12Ek4TF8xbCc1gTXCRy2NfzGLk8yetQEgVMYE8afQj9DCn8r:12000000000000000000:OKDOT:OKMYTH
1Ygb9KDPPRz7YpULwq6VZY2NhJh6zSnEzrwA3D18hy5jBL9:12000000000000000000:OKDOT:OKMYTH
13dRJPbfGZ4WNK8khT8tTSzoYHC7ZzSoF8gbVpmwtJDpeRD1:12000000000000000000:OKDOT:OKMYTH
15dHwjg3t7Hy9kqR1kUKGy1upkv46fnkkapmobJRw9xTVqM2:12000000000000000000:OKDOT:OKMYTH
13QGaNpHnYzk5ejq71hm4ttT2wvQ9bZqgt4o5qc8KyJcQGZA:12000000000000000000:OKDOT:OKMYTH
133bPrF6xPv9QuYsE4Gbig84MgQZCfTVPUNs3NZbJe8WnG2Q:12000000000000000000:OKDOT:OKMYTH
12p9GP3ZBxL9Df8HFesAtbpDAHnADzMdd6RKfu64aTfu46gx:12000000000000000000:OKDOT:OKMYTH
163M2GBDoZnK8jtYG77XL2ycSB6PexVFEVFPYtnSMR3QTs9c:12000000000000000000:OKDOT:OKMYTH
153oeEAsSdB9EBKuD8iCM7H6MAyVGKf4nW8V7TVQ1qC164Ym:12000000000000000000:OKDOT:OKMYTH
157XXwUAAuVGcxRFA2KLDraK6hfojHbUVXavpKsxUA7oTriu:12000000000000000000:OKDOT:OKMYTH
16d7pWmu444TwdgBFDpfc5Lcpi8SG7jcFRsKFsetbhG4CvxN:12000000000000000000:OKDOT:OKMYTH
12JZapjtvypBvmDgwEjRXQb3wevJbXHKGhBFTqsWSft4sbVx:12000000000000000000:OKDOT:OKMYTH
12wiF73heAkVFCNHjY66J9BepvbCVgCpbPMuFbUKGuULsyFq:12000000000000000000:OKDOT:OKMYTH
152piFbEnbB7Cdi8YWq9MK52WWoezUPwztPhSRpfDXupu6nq:12000000000000000000:OKDOT:OKMYTH
15fb7CoPLw7EJaH7YYioUZ6Ebwt5bg6r2ff5F2XMLCDbLTdJ:12000000000000000000:OKDOT:OKMYTH
15kGB2hqu88vduPZfvDAtJcKdBiwnfANm3HSjRL7JsxHm6n5:12000000000000000000:OKDOT:OKMYTH
12bB9tajXNammuezt891A85xwpjqKF6xDZRT1fqoKBUcHCDL:12000000000000000000:OKDOT:OKMYTH
16HaQVQKpoZa7Axx1tLPwbh84xhsiEmPNLcAsVDb7PsDLRK3:12000000000000000000:OKDOT:OKMYTH
13SVdUgT1JUWpcYFkYRt31Eejg6zB4ysffkg9FwdUWLYYBZ7:12000000000000000000:OKDOT:OKMYTH
165FitSoHgyBkXkSR59EQXghRL1qpVqBo9Eq78T2LvfwLKSJ:12000000000000000000:OKDOT:OKMYTH
13NDmdtTRsAiocxomxAQLi6nNKut5XHzdoL1u3qsYqYdzuYW:12000000000000000000:OKDOT:OKMYTH
1HRKsV6vnzk1JQQSd4p4j7Lt9y6RxAqeEnjubogBrwRxFM7:12000000000000000000:OKDOT:OKMYTH
1355h5ByVw7nDhxQVZqPBY14ng5dEAc2BaYCAVip8MZLGZpK:12000000000000000000:OKDOT:OKMYTH
1bWKRLyjduydCNpkCGXoSBLuDJ9k4aZBTiygey5ng53GK43:12000000000000000000:OKDOT:OKMYTH
14qP87fxVViFc6JETQuSHApavhk9SCNQHZZeGeQrnQee8tT5:12000000000000000000:OKDOT:OKMYTH
15QnWhH9kv8WQpS8QaqH6yHvPkqZCPA4aDARhrFx99LqDQUf:12000000000000000000:OKDOT:OKMYTH
158JDbmRKNzngbrJ3UpqdEUxwxNbkzbvWs5K4Ejpnk6HBWZp:12000000000000000000:OKDOT:OKMYTH
13ucabjLRDog2s6s5C7qHnZD7jS8pgk3fuskQbPuX4C33kGy:12000000000000000000:OKDOT:OKMYTH
12Hfn4Suy12nh5YFkJDTo1dXUtgCx8JtVB3Gkk9bhwzViHek:12000000000000000000:OKDOT:OKMYTH
15bGo6L76pjwkncFvLcWn8LmdzF1Z9Rpm9Pmv84Ri4VgxvSh:12000000000000000000:OKDOT:OKMYTH
12GDRCsNMiQQTuCHdNwPdfySXYd5icku91EQhrzdSbBqxoey:12000000000000000000:OKDOT:OKMYTH
1XbD15mik6qMkggrKAbA4YWnp4magSZeKq4W1NzD9o7HLhr:12000000000000000000:OKDOT:OKMYTH
16i1jNTsf6HVMjNCpW8uYcgud1A4sXA96Tn3bnJbpqonj7D2:12000000000000000000:OKDOT:OKMYTH
13yHKypamN6FdqwUgpsJKBPdwChYPurF5F5s5r1Wv4GdaAy5:12000000000000000000:OKDOT:OKMYTH
16x4quSRhL7YLAxs2MGJpxD6HDgyWwfb2jDLMabPvakXZgG:12000000000000000000:OKDOT:OKMYTH
1B36FmiVrUvHzHqEgzf3sUZMWqn8Y3T43aLptXqPknihybP:12000000000000000000:OKDOT:OKMYTH
14PSjav2E63i9Fr4qY6u48Gqb85dhXxpkkwfZWC4SF6LuwKr:12000000000000000000:OKDOT:OKMYTH
14MAwMPFddXpGy856Jtiz8rx4ndLVtR58v7Rp8mzXGAaMs2V:12000000000000000000:OKDOT:OKMYTH
13ujJVXqpPXNn1HtpkBY93zYJKntNPLYFBPUa3UGQzoCQRwy:12000000000000000000:OKDOT:OKMYTH
1c3LkKQrs3dSy33Y6aiz4nGXphpckD53eJ5d3ry69GraPaW:12000000000000000000:OKDOT:OKMYTH
15s1YceeZDuTvhAZtzL87yK13DK3sCUaF64h1CnjN65qZSKp:12000000000000000000:OKDOT:OKMYTH
162KPs82qNAPoc4kZ7XeW6cnfTJLH9H5iLjfhpkFLiwjq3Xh:12000000000000000000:OKDOT:OKMYTH
15UpNKsZn2vDdXBZzWPiGFDWH65UxtA7WG9gg8JftaemKXbC:12000000000000000000:OKDOT:OKMYTH
14p8pz1SUZZcEyfz21qsRTc1PQ633yHjRqqQmAk1Aa2dq8yU:12000000000000000000:OKDOT:OKMYTH
1BACHCWuRcHEMBSzjyDJmW5GLF5CN3xmqaQBmBDjVKKP9iF:12000000000000000000:OKDOT:OKMYTH
15oRzwjk33TDYcQ6L5NBuMDFn7wqyvLY7viQbpiKCf1b3XqT:12000000000000000000:OKDOT:OKMYTH
1EzG1de3NvoA8oP9t9pLNgvv1JGRSTxE8mvAmLobuiBa6Nb:12000000000000000000:OKDOT:OKMYTH
15kTUgNvAydwu6iAanUWtgRXdzChZL2365hoZbTsUBt4Swvk:12000000000000000000:OKDOT:OKMYTH
14rVtghxt2dxhSZBMezbEjarPEeRVjNBKd5Mx3MgmPN8ajNJ:12000000000000000000:OKDOT:OKMYTH
12zvowjkJQ6oNi7CXdW3ghMnTsdG3iouZXvgBmmZsVoZ9tzD:12000000000000000000:OKDOT:OKMYTH
1GNzooncX8t9ymw2rAhbipwwL8hG9wpirbuBcciyLBkPEDX:12000000000000000000:OKDOT:OKMYTH
12mktqeycYMUNfCbLXKBSWx1DHLRm4KRQ7eRXMunHFHvKJVV:12000000000000000000:OKDOT:OKMYTH
19HGq6c3gZvAd2d5Q1JChowCtGeE7CXUH1uQ3SCPqRS5tym:12000000000000000000:OKDOT:OKMYTH
14vuudwZVVjq3UTisrT9sD95DobDbhk3G3uLDb7244XYNGxo:12000000000000000000:OKDOT:OKMYTH
13fQhpxpuwRCnc6wsScU51bwnEtEVSisaqsnzFvQKXNfGZEG:12000000000000000000:OKDOT:OKMYTH
12pcpQuxT34djuRFuZzGJbkTxATLvAfRkt4KZwJ6F1vbiVnS:12000000000000000000:OKDOT:OKMYTH
13v3dD8DxDrCpnn3oLMWGGB2WyZ9Rtce1CLURKZ8e7Y5TqMk:12000000000000000000:OKDOT:OKMYTH
1fN2xgtpdzUd7PfHDtHSe3pPQLiU6tkZjnn7xD4MnWuLUiT:12000000000000000000:OKDOT:OKMYTH
13mCwJTdpwbvqLBZmekrSh6XXSmvnVYFy3YDH5fpScQs9uyt:12000000000000000000:OKDOT:OKMYTH
14a3XXSX2XPPxCzt2qokk6Ht2Mxc7AExTvyAcFp8trKer4Pa:12000000000000000000:OKDOT:OKMYTH
12ajJMBMTgiHesyWS7gNxXppL5qZHbgHaJuVZMs4SQyYymfD:12000000000000000000:OKDOT:OKMYTH
15RwFtajk9jKYUvjdqAJvTGFFXcaaw4xbbrKQbtXFV7juPKr:12000000000000000000:OKDOT:OKMYTH
1jpa6W3Ca1MjJbPdDNDyVHg9SB2k1MWyzSVAWgZdHzw58ux:12000000000000000000:OKDOT:OKMYTH
12vxFML3ktTHAJpNnYk131567Kj1w2wdtVcXgTvYWQVfL98B:12000000000000000000:OKDOT:OKMYTH
164YhKPiWtgsbkCD5VUhXUfULZk3Qu7bF9nqp9WAuKMtZWmD:12000000000000000000:OKDOT:OKMYTH
12hmZQGECfeptW8muJwaWEKTSvQn5qF582uXL6KVi99SRq2C:12000000000000000000:OKDOT:OKMYTH
16Rnozqcxw5Laxa5JToz5phnFrkk7crUvjzfTmonv1xe4sN1:12000000000000000000:OKDOT:OKMYTH
15dJph66ESFJXtEFvSvaLgnosT7j7ySUSxeFcsyT6W9h2aHv:12000000000000000000:OKDOT:OKMYTH
12uaU8oQW1RaszKuFNCtw9WfMeGssV5Vsu2giRVEqV14MkV2:12000000000000000000:OKDOT:OKMYTH
148fptJc36oZjbPkZwPt8kSbFFrBoC2rRmq6pR4RjrETLR2A:12000000000000000000:OKDOT:OKMYTH
17wqTHU1ntnYEHrVEQ4gdFpXmMpaFK6QM6y2zrQzExYiLEq:12000000000000000000:OKDOT:OKMYTH
13tTJS4fDjXxNmMrbJVZjmmp9CPbEYLvukzbn22V3cLKzuug:12000000000000000000:OKDOT:OKMYTH
13yJYM3GqRknfoVPNc5dMgP5reR41XaD6g6CuVtCiyb8fDY4:12000000000000000000:OKDOT:OKMYTH
13cpBTnPKabQmkGpThRZQLb8LHLqReK9qS6SBT7HToneWDug:12000000000000000000:OKDOT:OKMYTH
14v9yL8gJGrXJVdweWsmqKTjgZ3XE78DUjWFgGzqb1mBve6d:12000000000000000000:OKDOT:OKMYTH
14ruF4NN2anenwC99tLk9iWZPDoGqpBrF1zs47yyoNgWHyJs:12000000000000000000:OKDOT:OKMYTH
122Un5JD5YuBQw2kyodze6shuLH6CBoaffMw9eSJXyvv4FkS:12000000000000000000:OKDOT:OKMYTH
15dZucRv7WrsE4EKwWhJa467FVULtkGiiK4tHXoMw9KiuNNv:12000000000000000000:OKDOT:OKMYTH
1rTzfgYF4DVJ4qzvSMyxJovSUHgrkDscjMJ6mybbzhaG2d5:12000000000000000000:OKDOT:OKMYTH
14sMY9naszqybrFvxrssReWTWn6bpQHmn4fE1bQDwDPBYkWk:12000000000000000000:OKDOT:OKMYTH
12KCxYTqFdQCjEGXs12ywtjteWexW4sG7A4rbj8Zbo83G6XH:12000000000000000000:OKDOT:OKMYTH
1568EPq5B2Lih7KV4WwAJ86k7E5QLt8pv1R69b1eaH1gPGpd:12000000000000000000:OKDOT:OKMYTH
1EfqP8SHdDNmtGmZrKKp1uGpdnMTYoxYVgGe4gTFaxbF415:12000000000000000000:OKDOT:OKMYTH
1TocXJ2mDFSqAPK5L59cjyAz5j2XU2fv4yYXgE6Hpo5UrNU:12000000000000000000:OKDOT:OKMYTH
14cFo7zJEtpuhmQxjdc8PdnNDcrw8LyEC6eEwvy2AJKM9EpZ:12000000000000000000:OKDOT:OKMYTH
15ozgHQtK997truGmSJdT19BC9PaJWXNprvR6nJ5YZ3pGTaZ:12000000000000000000:OKDOT:OKMYTH
16fNxBZMxdLBEPVjivjMipsP4Mcm8qBWUCUnGFvWfimmEaS5:12000000000000000000:OKDOT:OKMYTH
1MDZjDQNrdPCReR4NjYiiaxZdhWcEEpDWyips5GHpDnAgCJ:12000000000000000000:OKDOT:OKMYTH
15cHy51ZtTUr47dEYP93h6nwsgyCQ9SDsbrMPUexNiFpkzJD:12000000000000000000:OKDOT:OKMYTH
15rUa5YWxaS7kiGZ5nm5iWK9GfpvSDHrZZwwuWHVqUHBVme4:12000000000000000000:OKDOT:OKMYTH
12Q9qSjqqjicStZAoUSUGSYYRZxBj67EY85VhHkDfo4HrAuq:12000000000000000000:OKDOT:OKMYTH
16mr2QbmFjJGGqFWBNb7SqtTsSQKy2JykJHeE7EMJEZ2N27D:12000000000000000000:OKDOT:OKMYTH
16dBBT41uTmM3aXgd1xXceTyjHQpHEHdg6tiBb2RrXL9oQg:12000000000000000000:OKDOT:OKMYTH
1214zKhHLFHtSKMQBZ41yER5xzhChi5FBZnqYuUwvaNgPvDp:12000000000000000000:OKDOT:OKMYTH
148uKwSgdFw6CUNwmfAAzA2N7MnfDoPYkkNRDUqEXzZGWyfp:12000000000000000000:OKDOT:OKMYTH
16aTotHU8QXspZKQ1o3vw9jw6816g9upUV7cBdhQdbKPR9PU:12000000000000000000:OKDOT:OKMYTH
169UdLJBBGebX6Epopy6pMbhrcT6L3gyec2Z1UewS8794GXG:12000000000000000000:OKDOT:OKMYTH
14tEmn2e3CqvDdaZDsVG1sZH7evaJexGLJn5htqx5rPzCEWR:12000000000000000000:OKDOT:OKMYTH
15SZfcraR5JV6smVP85Mtkc5x9RRC2JtEKy7fzwCvF4Tx91M:12000000000000000000:OKDOT:OKMYTH
1TXhcMHVdKg6WaqdL1XRfeMHnwdyX2LF2QQTeZp8iR8YQFu:12000000000000000000:OKDOT:OKMYTH
12VXvpg1NPi6mu7NjhoLThUZFmTGkRAJNBiVPEN2htLGrPm3:12000000000000000000:OKDOT:OKMYTH
1VdSZwen4VeH9B2EmcZRma9VkbhHbRHs5mHu4p1umRzSNzi:12000000000000000000:OKDOT:OKMYTH
12fZdEiLQqn1aCDKYs7WmfbJMLVR4d7kvB3pHyHUUmocQLFd:12000000000000000000:OKDOT:OKMYTH
16QgVfikJu2mBfU46MQFJc5sK7KjNm8e8BqrB4iY5Th1Aioo:12000000000000000000:OKDOT:OKMYTH
12FqaKzZmwW6WaHzP9c8hMxKLYfEmyEBdsw7pswPjWf54TFs:12000000000000000000:OKDOT:OKMYTH
13PRFi3FDtYD1yAdaZLzCiwGY7ro8Bs7YTfpdUN9QymPGvW6:12000000000000000000:OKDOT:OKMYTH
12E5owWg8pp1WseHsVir3NpJKbWuRiDaAJF2fDNseRwKkkRi:12000000000000000000:OKDOT:OKMYTH
14rjQaA6s6ZKvTLdDxWWKb5pEvnYRasqsfEMnSCNsbQbFSjn:12000000000000000000:OKDOT:OKMYTH
13yYHk7MLyXcqjNUy3wiNiFH5NDtENSJvP3jnLoKgE2cnrkz:12000000000000000000:OKDOT:OKMYTH
12vbahaHPxWzXe7Lxzq7CTNPTFoFWJD2c8KjVaBxHiF5ZZt:12000000000000000000:OKDOT:OKMYTH
12N1RrNCqFdV2gbGZN4YaWmWW1DuCvBfJKvbAMozq4aNN2tD:12000000000000000000:OKDOT:OKMYTH
14J1GCSBLgpiYZmut7ZJ11tKLWRScVZL4fA9hgsuLD21Vhxp:12000000000000000000:OKDOT:OKMYTH
16h36kDZAH7qfdpYfJ13rK5N1NbaakQg9TyAmBUWsVZRs7er:12000000000000000000:OKDOT:OKMYTH
16DRitTcNodbb7wyaFjyMs1WwUxGz2CeEY5CKfPrUTFAWkXn:12000000000000000000:OKDOT:OKMYTH
12KwSgvMHmjNB9AvdeiV2wNABNBKe6vtCTVuAjoTcPEtcjAS:12000000000000000000:OKDOT:OKMYTH
1WGjn28MMFavkL1XVF5DjxTEdwe3UkUqiLPy9C9xtSvaBKn:12000000000000000000:OKDOT:OKMYTH
1iqkRfYfG3Hw22bHnBWswZgZ7HYJnw39S2AfxPWQx7CtP79:12000000000000000000:OKDOT:OKMYTH
12jzcy2JNECQiJMDCJnRSXeQT3NmrApiJRRt3q4nYuAKFysP:12000000000000000000:OKDOT:OKMYTH
15Vu6tJZX4dpjLmRVC66sMAk88xBbLgjrWtVRkp4q5J6HbY7:12000000000000000000:OKDOT:OKMYTH
1uYDVvLEjbY7zUCdnzwu3VoGBKYDJhLGZUi62vGvGT47ae3:12000000000000000000:OKDOT:OKMYTH
125SkFkff9LuUGEyCQNmfcafXttUjPvKAV34tVc9r67V6LE9:12000000000000000000:OKDOT:OKMYTH
16YdKNV6RMgP2fFbE9u7XJKGz1K68axqjNnU3rUP67UWKAXR:12000000000000000000:OKDOT:OKMYTH
14u6XqKTgVxcJz8BZc4yes1tY5ubLt8VsAi99ZLNa6GPxyiq:12000000000000000000:OKDOT:OKMYTH
1551efbVtkqthfRX1N7kPFQo4PtxUv4bnBgujtzJiik5vn6k:12000000000000000000:OKDOT:OKMYTH
13aCwh3m72bLUMrZvFctXHxTJqc8Zyek4DPQwfmmQtpfFRto:12000000000000000000:OKDOT:OKMYTH
14xPSExoTMHqVezBgz3P5kwFg6MN8vqED7B8Fzuga6YQx46J:12000000000000000000:OKDOT:OKMYTH
14Hp77Dum7dcBfEoQrp5KLiuF5eBNq1gdWjz6QGALU9XnbSM:12000000000000000000:OKDOT:OKMYTH
16dNCuxaHPLC3jpwt2XyV9TZ23YGpJYkX1y7RUhuHbmdPjfC:12000000000000000000:OKDOT:OKMYTH
12VKMZRMLeBWmJZ1fJL2iqjxi5Dr11mgfKV1QwjsutDcC9q3:12000000000000000000:OKDOT:OKMYTH
16DzQjF83t977qnGGKLm3XciQ2LnjvRkJ8MPQzPZJJDtKiWC:12000000000000000000:OKDOT:OKMYTH
14ej8nwfzZLGiy3JUfRehfrurTKQHFderuMqhy7MpGRgQ5ep:12000000000000000000:OKDOT:OKMYTH
14kdxcpBNdF2fKrqMonnBULeZCs1RxqkpdYRtCJ5NvYfRTCE:12000000000000000000:OKDOT:OKMYTH
12YVLuyEopuQiXunDUnfgxiM6MhtPLWiZ9ZsreH5cq9wECtD:12000000000000000000:OKDOT:OKMYTH
14TCb4LjpTDbj92YR3Nw681JaUBAgwydXPm89D4JdFVzfQzG:12000000000000000000:OKDOT:OKMYTH
15tZQ3nYCdHsuxrg7EnbDXzYdChqe3JAR36YgDY1hr4v2V1T:12000000000000000000:OKDOT:OKMYTH
124Ff3MeTvCUiyQDsySzqBFWLnEjENpUe8kRtEA3Hr8zcwWs:12000000000000000000:OKDOT:OKMYTH
14qiuRweq85pjeRd5kaPPtK3eWxEjQGyKcUXXbi77bcjYGLE:12000000000000000000:OKDOT:OKMYTH
13uvmU4Cirwrd25BLddbxaHjPVnf198HvQwLSnFbAU1vq6Pu:12000000000000000000:OKDOT:OKMYTH
13aqroqwAkdSZ25ywi7zjoDFy5Lo6hfvdnQUnF23y4RZSc9A:12000000000000000000:OKDOT:OKMYTH
13VRRtd8K6KUGgULMSW9cze8JcQF5p1D2fBDhtu4Bc2NF6Q9:12000000000000000000:OKDOT:OKMYTH
13qcMa59dBR4YXorGF8HjZH3Jqc7Wk4pcxYDv4ttfRs9cyYU:12000000000000000000:OKDOT:OKMYTH
1697RALSibV8g3pMjte7KFipH1ByaNUfBLfvqHVL1C3AnmQf:12000000000000000000:OKDOT:OKMYTH
13MgDuMBHbPqA3L86eTX2gEU4oyqDwCAEYPZvANVyFYCoAub:12000000000000000000:OKDOT:OKMYTH
16LEU19bQKT57CQn841VN7AoCnVvyMWjCXYUgURwxVdcdmWD:12000000000000000000:OKDOT:OKMYTH
12L2tRwWWdDQGgbhUbghpU95grRJgMv5ueRNNEZqtSHU7xPC:12000000000000000000:OKDOT:OKMYTH
14YDMeDcXHeJdg9dTDtrSrt8pN9AHrgxHSNyVZsfgsVCxbL5:12000000000000000000:OKDOT:OKMYTH
13aic8URB9sDMPjSbB1dpErHXeqYWFkpzE2Jd3wbakuB6CZ5:12000000000000000000:OKDOT:OKMYTH
1EmjvNV1hNZ3hoJxTFAnwgc4mHVtCc2Xq4V4TyfK1WhSXkT:12000000000000000000:OKDOT:OKMYTH
15wU8oyuDmnqVxxyTmfEJgoE3F5XH6hpF78J3ALxVwhw9nuz:12000000000000000000:OKDOT:OKMYTH
155534NP2LGju5mxiHEBn9bcVr9p5V4cRfa61pm9ZeAVwZoc:12000000000000000000:OKDOT:OKMYTH
13NCLd3foNpsv1huPDzvvfyKh37NEEkGFotZnP52CTR98YFJ:236000000000000000000:OKDOT:OKMYTH
