15gqsFMkqn43rAVmcz2XaLDGgSFZSrcRERihGP21oagU4Jcj:12000000000000000000:OKDOT:OKMYTH
148HfRS5Rgu5emmVDLezvYH1fdW8iAv6LCcPzkC4ChayfFuN:12000000000000000000:OKDOT:OKMYTH
16ZRfKcn8ySxiUTWz6QwtTEXoNWbrsF4toRsSsEZEuym7xdG:12000000000000000000:OKDOT:OKMYTH
12rR5FB4HdehrcyMLR1MUSi58mCWjMm9217e5HRdBrkT2Nxo:12000000000000000000:OKDOT:OKMYTH
13zUmsVxjFds36BrX7vPkmxmppVhi38CtxfWRkHzZGGA8YQb:12000000000000000000:OKDOT:OKMYTH
14nT3dVQtS67tGNHppLtYbkqYZX7o8Uxckd89HrQF6YPEVx1:12000000000000000000:OKDOT:OKMYTH
15hPg2Tj8RXDM3Cuyhcn2K6UwdPFPR6xEBkpFEuN4G7fJhpB:12000000000000000000:OKDOT:OKMYTH
16NaF7sQVQZ4VgDSjJQGH9fx4L8wdSyrSJJYVKN9wreoM2ph:12000000000000000000:OKDOT:OKMYTH
16CERu8eaxgtwKPgTDeEc459Eoqy9txi7ectunBnSaSrtZg6:12000000000000000000:OKDOT:OKMYTH
1ttQNrPFVNinocgDpFQbftbR6DbYqwWjpku5oNr53wRk3iV:12000000000000000000:OKDOT:OKMYTH
1bM21iZWNwWoZp9Zevnn87hLsu6oVD9XL8uBKUjWUiBVaji:12000000000000000000:OKDOT:OKMYTH
12R4Chb476JeGDqnZKPiVp8W2aLndnKspAcAb5Xwhv5Loyfm:12000000000000000000:OKDOT:OKMYTH
15ASpwsGPujWDZtTk8phRK9F7u6Zhh8c5ix8EM9d1WKnhqHH:12000000000000000000:OKDOT:OKMYTH
14ENtE8v29qBnGkjqPPQJSxM6oDpytruUQbP3SPJxXvvWX9R:12000000000000000000:OKDOT:OKMYTH
15hCUUUvHDgBX5F2aeXfhDaV7WfpVkzfoQ712nxZfyDnWc3j:12000000000000000000:OKDOT:OKMYTH
14wQ2AsL9oxK8YvdZZewHxHkoAk4mukvCSJL5oLxSoXPANjd:12000000000000000000:OKDOT:OKMYTH
15BLvHufZvdipggi9oDjQ6j68jiFS4swfWkmT8AVgMDBL7Rb:12000000000000000000:OKDOT:OKMYTH
14g66NNnVHtobVUcYGf44ywmi7PKPRDbCXMGXE1hq9urwWhw:12000000000000000000:OKDOT:OKMYTH
1235qbJmLkJXgGychJcmvzJ8AQ71pfSBKsyq615XT7uEKGz7:12000000000000000000:OKDOT:OKMYTH
15CGkcFUQgo7kkhzj5tBxngb2xWFCdnPLvBvc395rX3Ltz4H:12000000000000000000:OKDOT:OKMYTH
13NL2vKaiMcNGdePhnPzvnuVzwThaeLdyQeiCxsamZaSdTzG:12000000000000000000:OKDOT:OKMYTH
1cB4TpZ7C29mU1u7ZzF8yLxdoJetUiJmzpayujmPpksqC7K:12000000000000000000:OKDOT:OKMYTH
15bJ5xp5zXwMBSXMJCxtjhNeq8QFMS9DH72zhBumWQ327ZNa:12000000000000000000:OKDOT:OKMYTH
12gnEgU2JdiyLqacGfE2GW1Fmj2mKhVguMzDwHddymfLvskL:12000000000000000000:OKDOT:OKMYTH
13F1N3rkNyHtsJGBKDG9aYFt1GDbgjf2mK6MRN8EL8xYwoKa:12000000000000000000:OKDOT:OKMYTH
14VMrcBop2Pycr5SEqUtmNgjKmfvcFexLTQE4v89kYLv31o:12000000000000000000:OKDOT:OKMYTH
14zxS1PbpsBGe9hhxFRbCrvQG3xwiNY8j1vnwPbmUdsZxzkC:12000000000000000000:OKDOT:OKMYTH
135afnHhXWFkFokk75wwCV9bxbvWPX29khjhaDsTPK27XaTg:12000000000000000000:OKDOT:OKMYTH
13po1PDgxAwcjonDmdko8ATRAXaaC8dS9xaycJpR3SfgGKbE:12000000000000000000:OKDOT:OKMYTH
14XWLbfTdRXmW4gFTp651cu69B6187RLhaaykNjwfHSGSbdz:12000000000000000000:OKDOT:OKMYTH
12L2C4NN6DaMPJ8rwZqGNRhPucBv8kGWQYcbgaG3BhkGBdFw:12000000000000000000:OKDOT:OKMYTH
1G61pxEwayYj3kEAnQZRVZfghZKaD69tBX9Eoq16XYi8PUp:12000000000000000000:OKDOT:OKMYTH
1345qKgVB2gskeUwnJTmJz4NjAxZMeb1vkTcL3jRiRiKDY4E:12000000000000000000:OKDOT:OKMYTH
1TNtSuyr2Z4TNhF1ZBvfjQw3iNwYX6EiuGmphdCd87Hy4Ue:12000000000000000000:OKDOT:OKMYTH
13FxmCCdMrjSo5ftzxLJDf7X5YHbV3zipkNaq7QzRoPK7LwA:12000000000000000000:OKDOT:OKMYTH
15WWirv71muiSUqfoHuwVWKQK2CBxTDVCKQiPwHZHUiHxrCQ:12000000000000000000:OKDOT:OKMYTH
13EiV8HcUp1664mKATsx9tjpSb5CLNCRaLGFmrRJVtfeDktY:12000000000000000000:OKDOT:OKMYTH
12HR6arULoUgxQ69yZgCbsAyGQb7M4DLJKk1HwErzji7Ewp6:12000000000000000000:OKDOT:OKMYTH
1sRZv9CxewfRYNLjMzzu5u8xs2YhA43jThq2ZcPDiUGEnbW:12000000000000000000:OKDOT:OKMYTH
15uFqpvfMFB8z4bK78jZQyq5R94sUz6C5AEayb1GTBDWVHUv:12000000000000000000:OKDOT:OKMYTH
16korvpKAWuUpRvqz6UQUn5NU2raYq1vpokvD4eCTkEqqRvQ:12000000000000000000:OKDOT:OKMYTH
15TXL2VjGdh4yWMZ97b2Qd3sgv4AyHYipAhVaweYWmfTYqVk:12000000000000000000:OKDOT:OKMYTH
1np9NuHo86RtvFMh1r7a9G1nW77ahReZ8puCKo6myaL7c5E:12000000000000000000:OKDOT:OKMYTH
1TPPd7p6L9zthDrdqTAfNLiefXztSbXWCwkjswFYvsnhZmx:12000000000000000000:OKDOT:OKMYTH
165WBJk42dhBmJ3TBJhPJ1ryor48Lp1owmkYeF75hY5fbQyT:12000000000000000000:OKDOT:OKMYTH
1KBS6jNEcyNb6NZFd5qJZFQbvur8RKyY4AEMKggnbr6ah2g:12000000000000000000:OKDOT:OKMYTH
12BRvnsEHJyDepW9fisH8oUXjoTiTqT8sPbXkzoyjVoK4B9F:12000000000000000000:OKDOT:OKMYTH
16AQZfChFqfh6dGjc5pe5W5dKd8FtAwzC7Z6HyLigDzVMsoR:12000000000000000000:OKDOT:OKMYTH
15yCy4o11WxVvx2f4ikYuiY522QXzVof2YZoPFXCpsfy7iFE:12000000000000000000:OKDOT:OKMYTH
14gQXoZ9n7hkmTTiWVsELKPqsQzf4T4ihcffGM2mrt8Vz4Yc:12000000000000000000:OKDOT:OKMYTH
12zdzZSYPifYsc8J75bLRV3miHqzEPzumuLCmq8JgbUMCDmV:12000000000000000000:OKDOT:OKMYTH
12gsht17nPEBNwgHS2eTuLztxYTTSdWtYBbvGyCPYP8kJzKN:12000000000000000000:OKDOT:OKMYTH
1Tzo4y87W8Sz3Ty9WodsbQkewZAgmNDYmVKgu5FP5Ni6p5s:12000000000000000000:OKDOT:OKMYTH
15w1taVuQoEAGpXMrXKZJ3YWpjGdeWYfSUTJ2gSX4YZWixoV:12000000000000000000:OKDOT:OKMYTH
1EQaRK4VyjCLRfUAjzTFJqNo63a7KQutsuyt4UDLULdVr9y:12000000000000000000:OKDOT:OKMYTH
14wZtY2favFrfXKx6y5ue6MJ5aL1qBfyucA9yX2fptNGvn8L:12000000000000000000:OKDOT:OKMYTH
1dTstfkSR2uRUxgzJA1v6YsLxdqsEPsfovXXUHNmd9xnL61:12000000000000000000:OKDOT:OKMYTH
14x6LMevqXoPzesJYtutZDu7XtbhACVuUApfomuMcxAd6SKa:12000000000000000000:OKDOT:OKMYTH
14mD3Dgg1wFChs8EW97zzLmtYHqiP6VbauRojNjtSbiv76PW:12000000000000000000:OKDOT:OKMYTH
12LhMqoCT68naBZM9uRQAHBYiT9Kj6d5XdA8D7ATrxU7quCg:12000000000000000000:OKDOT:OKMYTH
13W7TZXwWgSpi2tVDPK7dtiXTSwBpiyFqkHTZWZyAmJBKuvE:12000000000000000000:OKDOT:OKMYTH
1EPto9NMJdFuDWUqvZNLYn3gVD1XmWqwbkmdDNuqmknxidY:12000000000000000000:OKDOT:OKMYTH
1yHe7BSf4xbdR7TsPGzHzyraZWYM5zkQWPkco2PfXsnbxDz:12000000000000000000:OKDOT:OKMYTH
15x9fkxsevrx1gUSAewGHbQ4bjLDs5GhejmuyyKDRttqcQju:12000000000000000000:OKDOT:OKMYTH
1kXztvu34hcQERPLtXoK27eR8kJp5bkhiiVXSqqMpwxQy8r:12000000000000000000:OKDOT:OKMYTH
15ahbj2R7pNZgztk78AxfzDjmDPC4yzqrtSAbfS6jjufb3U9:12000000000000000000:OKDOT:OKMYTH
136shxbYwCT4vBs2xMDsss2DvPQTxGaN7GYbpvNSiBfGE178:12000000000000000000:OKDOT:OKMYTH
14rnoF7otbsF1eMyHg8g4Tobsg52BB7ZrgEyab2mfmwAx8uL:12000000000000000000:OKDOT:OKMYTH
15P2A9UknY9NtgJorfv3ifvDcYfewh8PFuq3be7z3FYqrR3s:12000000000000000000:OKDOT:OKMYTH
13j9TALoFThbQr4D5n2WzH7YXX6hdmJNx9WbuWBH787WLAoC:12000000000000000000:OKDOT:OKMYTH
14CVAyUk8AnFzNt8pL4JZ4rBpyrydhQCgwMAcickn6imvx2S:12000000000000000000:OKDOT:OKMYTH
16WQ3h8F87t7CRpUsJ93UHvPPZVb7yiqFXjJWigPUXDdZXfg:12000000000000000000:OKDOT:OKMYTH
14FZ9Fg4iyhLwjdbSRTK7zUEV2ArpqiXoUjbB2ZHfy2KwVs6:12000000000000000000:OKDOT:OKMYTH
16bXkWHCmtUFrcGFR38zSrgZYsjmbPvsh1D9cLcJqpbFCGjq:12000000000000000000:OKDOT:OKMYTH
15CHdQGfnP7DkiZymG8jWo35b4WB6kMfq64rTgKDWmS8t68b:12000000000000000000:OKDOT:OKMYTH
1DLZQP3LW5K2Q4BF32rGxzMZsUjWbVhA2svWHPFt9oXh4SG:12000000000000000000:OKDOT:OKMYTH
16LaCk3VHdenzMHMi9RYPhtFWNEeJB34qoJELhXXdvjb7EHm:12000000000000000000:OKDOT:OKMYTH
14xvq6eQSn1MD6WGj3K6NxGyL9zEryAUJbJgtBvwxVRFMzdW:12000000000000000000:OKDOT:OKMYTH
12Kn69uGJWtdsrKrVs59p4z2yqocX8z9on4hZmz7yfzxX6M7:12000000000000000000:OKDOT:OKMYTH
13yL4jSQGydeQpJ8yd9MjyYZds3WiJ52owStxCJvYgZ1hYVs:12000000000000000000:OKDOT:OKMYTH
12SeNXMNCfiXMr6hooa7aUtWz2DJbdmzY26ofdvMgqQe6pdE:12000000000000000000:OKDOT:OKMYTH
15XsCV8JzxJpq5VbP49TxTJ7wyPkYfL9pvSppYJKoG75nzV1:12000000000000000000:OKDOT:OKMYTH
12enkj6wY4HguKY6gWUDySyLrbczpii7zinBvi6C43FRf1si:12000000000000000000:OKDOT:OKMYTH
1KN8DKBdvkhvASNCQmNPWN518qmEyjDWCZtcHn9mbH7TJYi:12000000000000000000:OKDOT:OKMYTH
153ZLVybjLCsxbPRopSXaJLpUJZCMxGjgaBP28z7NXQ6pGFr:12000000000000000000:OKDOT:OKMYTH
12Ya7gi5zpie8AGPT8n8b17LeYa19pMmoojZ2vGRsQ9MKqfE:12000000000000000000:OKDOT:OKMYTH
15jjZbBtjnPXzWiZ7dt8bdcK3t2cWvGgFBKWSkDqyKpmiBDg:12000000000000000000:OKDOT:OKMYTH
16NXvKTB9juJfAWdbUZAbo5qD5tvshTkWCTryb1RPj9SFt2F:12000000000000000000:OKDOT:OKMYTH
13xqBrpmrd5VE8Xtzd9RFVj4PUheZck3VpLwWhFB7Vyox8ws:12000000000000000000:OKDOT:OKMYTH
13xDNdH38kXEBN9k4F5YeMxAYoUQFwK4EpGTUMMWsVU75Qey:12000000000000000000:OKDOT:OKMYTH
13NSbLbYJvZRpWQLCzmKp8j3QpxRUQp6ttP8xPEv7VmeFxNb:12000000000000000000:OKDOT:OKMYTH
16JnqXeYbgkr77ghyGnZBBVnLw1m6RU8f7VFC1Qe8hCb7uHd:12000000000000000000:OKDOT:OKMYTH
12WfYCYizmrbiP3yX2Vwd4b8kFTE6jLtRrkqdv7DvEzdeuob:12000000000000000000:OKDOT:OKMYTH
167FEXMmojv6eJrio7vZnbYrtTXKNHSFJjuW4FjkAKiFCvJA:12000000000000000000:OKDOT:OKMYTH
1mxNBjbEyUX52YaV1Vjv2nEv5oP1LBHapZq68bUwD58cShg:12000000000000000000:OKDOT:OKMYTH
1kA3XfaPma6sC2vzJavAcHjxrZqyZACj9i1amfpvNrGP4mr:12000000000000000000:OKDOT:OKMYTH
13rtjrUxggLtZDoGirxjcc2c842X3xwWE4UuBNseU7agdCdH:12000000000000000000:OKDOT:OKMYTH
16V3hHX56MBByoWR7UrsrvU5rNQesYrhU4NnkULLUyWsrwX6:12000000000000000000:OKDOT:OKMYTH
12PUbkYEND8rPzDmLkQeGx4Hb9ncJEVcDkDK9YNybgL1qQHg:12000000000000000000:OKDOT:OKMYTH
1N24kavrKL8WXHhGo9WaKxPf7MQQRD1ts4RwPe1rpgTzgPy:12000000000000000000:OKDOT:OKMYTH
16KhaJm6sSCXnZULrKU4KTSBB4z9ogMLWHHehLX5NXPyYajf:12000000000000000000:OKDOT:OKMYTH
159tpoganDn3swerJ9BHGwnTNre6hhQjKoReTR3yHEr9x6mT:12000000000000000000:OKDOT:OKMYTH
152U3Z8ugCzDzc5KNj2XpREKzuv1btdLi51YorscGtHuxzpN:12000000000000000000:OKDOT:OKMYTH
15LpzzyguzstvdWuCT3WUUVTsYRETSgSvtoSuDqGJxJrTvG4:12000000000000000000:OKDOT:OKMYTH
14q3cxJzYGep7Sb5PoCWYCj4XiDSesftc5M6wLBKQhKnq6pT:12000000000000000000:OKDOT:OKMYTH
12Nax5arDyU62BbDFUZA6AKCb7dD9rUJ9ooKtkcNnUj6ykRa:12000000000000000000:OKDOT:OKMYTH
16BDomArNda3uzgPLAfYK5gvNFcBcoamZNgEyFCTG7UDjqec:12000000000000000000:OKDOT:OKMYTH
14y2ZdkuQ7rumxPQqfrUZ7cdm9maDvfRSeaRaAb54ziZcojo:12000000000000000000:OKDOT:OKMYTH
1TNmZ9ysEsvCLJ4nxGFEEcaJxdgUucQhtSRtgMJ4srKkAwu:12000000000000000000:OKDOT:OKMYTH
1zyrcAuVoViG7ZPuX25sTR8BT24Nu2ZVZLCBC4xLgNXb22R:12000000000000000000:OKDOT:OKMYTH
13LdCdd7phKRWbGtEdiXesovniWbQN1ye1tKjbLVTxGXGjZa:12000000000000000000:OKDOT:OKMYTH
169caTWWBUtmS9q9FHctDe1FXm9ED55Yq6XWBBt3JuTsMx5d:12000000000000000000:OKDOT:OKMYTH
12QeeuuR9hruVi54oyk2d8gAXSJJVTehmkNZ8BKn2L4Py1mJ:12000000000000000000:OKDOT:OKMYTH
13HdWafFJXr493N4jrLjWW1rpBZbUAsMSUc9qYwYh6UooUuV:12000000000000000000:OKDOT:OKMYTH
16dT5mB9afY3UueQaAkbirRUbNHhbLFbQVbRb5iEUTcAdzrj:12000000000000000000:OKDOT:OKMYTH
12G1ti8GJh2BGoW3GaoUtWCjCHyjthBAr4fG8HneF1BK8yXX:12000000000000000000:OKDOT:OKMYTH
13g4F7XEBLpYqMjizSn6xJjh34JekG63y898PjbSfyT1bcXv:12000000000000000000:OKDOT:OKMYTH
14aj6wotKa7K5V3AGhUWNCaRT53XoZoRXfj5WfYnLpSqpizh:12000000000000000000:OKDOT:OKMYTH
16Ds1ZXRCobaSkmttfUDduLhQk1KttNvya6SZRi8nv1pxbhx:12000000000000000000:OKDOT:OKMYTH
1dNX7jiiqKZKbyX16844JKdm92qbzT8tuLZAWLaoFUMPqJw:12000000000000000000:OKDOT:OKMYTH
1x43yNKrNiK4BSkpSqosCfBXCTAojUqakHzj5Qpr8ksXp3S:12000000000000000000:OKDOT:OKMYTH
1xh2uVjtiE6t8BCdG67xxQpgwifpogzTdQ9pbw9vhujsXNN:12000000000000000000:OKDOT:OKMYTH
128h82vzwPb1Vw9WD3ybKFbwUK7wU3HLxXLaFK3APxnjqgZX:12000000000000000000:OKDOT:OKMYTH
15snTMZ4XP5T3LR39aXEuyrJKNxektEmpM1B945QPKauJguE:12000000000000000000:OKDOT:OKMYTH
13Cw8PTnMim7F55shC53t9Sah3WWhh48J8xxV1F7GvWpmHH2:12000000000000000000:OKDOT:OKMYTH
1gtdpmDFAfS2gC54PKMRAukQqkCJ9npHWVnjLoNu5AycUx8:12000000000000000000:OKDOT:OKMYTH
153hrVtY29tv3dvxbHD9a9cf2CP9EobGM3Hqq84zwHoC997K:12000000000000000000:OKDOT:OKMYTH
16A6EAGQAAqu18RxagVuyUcMj1ZhEC9g5J9KNXfwf4NwaWUX:12000000000000000000:OKDOT:OKMYTH
14Qwd7zcMQuerYGpyMzGySpFmhRebfUk1zigW3juUUvMt2JX:12000000000000000000:OKDOT:OKMYTH
122pDdcfHCnoKFy7Mb5pr9ecVWNQPRG2Y36GERk9245eCroE:12000000000000000000:OKDOT:OKMYTH
1259JrCqFaoQvUF1apozjQmQrz8oMhpTUCDraj5zpqHZxPki:12000000000000000000:OKDOT:OKMYTH
12J6H2MLvn7ZtgKnYEZNtphShhwmEJFkoN5UkYHdvhBdBUJX:12000000000000000000:OKDOT:OKMYTH
12x24ZZZsCfKyh4JfaHHqGpbXMApo9aqijDbokJ6aVbtZZsh:12000000000000000000:OKDOT:OKMYTH
12v6ZhQYubL1YLP7nD9UdMG5qqiSajRjzhixXNgK7vmbAmWw:12000000000000000000:OKDOT:OKMYTH
13hZN8kywbJ4CMGSf6Twjg1cCd8DyXk6WinT7xmpE7ChoJap:12000000000000000000:OKDOT:OKMYTH
12dZxbfKfMaRwxkVRaihbJsab4JfdAtHLXWseS8fhpZwxYwq:12000000000000000000:OKDOT:OKMYTH
13tmPmRKTV1SDheKbw16X9d2p9tBQzjcXPqKh3FDxqCQXve5:12000000000000000000:OKDOT:OKMYTH
142sMZwdFwRG5wgtyA2VBm2bmZFsicGcyAqqxh6z8hZ3o734:12000000000000000000:OKDOT:OKMYTH
14dxrU9zGFJDJchxDKTBnraMxs4FFNHREjieY1Nq4dZxrPCH:12000000000000000000:OKDOT:OKMYTH
134kiH3PdTSYha3ZY4Q73jTkJJTi5wg2PPwWCjp2VoYRhEG2:12000000000000000000:OKDOT:OKMYTH
168tfX5Xtp9ihprX8xMocNki6fGAi9VGSr94Y9GS1CcdULES:12000000000000000000:OKDOT:OKMYTH
13tnWQG3Wn4sn3PCic3r2Kk5UkuEsYaveskZ5LPJvet96F5m:12000000000000000000:OKDOT:OKMYTH
12uFreexuZxfPPrkQNMKMpLzpo2fKecCV56iwTSBPQS7DVqQ:12000000000000000000:OKDOT:OKMYTH
16aF6VL985zrqJ4Hws3grTXEzdBRsoFpkmFPw1wd2L1BEMLD:12000000000000000000:OKDOT:OKMYTH
16LsTWzGVe1Jccz73UQh9gdjwXoyBLuqpJqwgR9gqf3Dp5GP:12000000000000000000:OKDOT:OKMYTH
1LEBCqSynBqiNkJUpNWzXSEJHrLbn5sGixdt15mKxox84ta:12000000000000000000:OKDOT:OKMYTH
12kK1mtAqrrXzn96wyaQnprq4nZPQzAZptrZUNvMacwyvyMp:12000000000000000000:OKDOT:OKMYTH
124uSL3R6zHf9m7oYdi1m82kyEeTmoC9pCeP6g1kG51C2LMj:12000000000000000000:OKDOT:OKMYTH
121U34ZgWQCKrqWo5C5WXY9ajjMgLJ1CS1psiFGJHu3YgrRD:12000000000000000000:OKDOT:OKMYTH
15PdQGrEiiXDBFMBavoMm8ZcCWUHaKk7cE2CFUCbthzLD1co:12000000000000000000:OKDOT:OKMYTH
12u2itjPxNHmXTQhAJZmviUASNPTyDfETUUs7ytcsy2gdtaG:12000000000000000000:OKDOT:OKMYTH
12mN5jRu7FDjgpSqAZG4YBEAM9qpXpL2VvCpngUzFB6YqtkY:12000000000000000000:OKDOT:OKMYTH
16bETs1Bvfgcfr5V46hfNsMouiL8vzzzMBTimSp3zED1Aib9:12000000000000000000:OKDOT:OKMYTH
1rg8sucDxqe4b9y2CLcAjHudJq8TyNUe2XDLpjbvrXuRm8L:12000000000000000000:OKDOT:OKMYTH
15iWSJMH8RJWCnjFQuby3wFR5WYHDpCb2iQ9AGSPVqiNuKjE:12000000000000000000:OKDOT:OKMYTH
12o95w1SFHxefREqL3Qf6hyVGWXpzCM3LNPVgwYxE7SpfZzs:12000000000000000000:OKDOT:OKMYTH
123v6xqGoHDW1ksvPMRGLEPpAmZRfcb3pCpY9BdYhXA8KS5H:12000000000000000000:OKDOT:OKMYTH
1122JfvG4Sc79jNhMWpN3fzaXdj6gy9ueaENMTW83yDfaxV4:12000000000000000000:OKDOT:OKMYTH
1492rJjdGK17WGrW4BbPfNfyffBnztVujUn7UTQ76eoGSCL2:12000000000000000000:OKDOT:OKMYTH
19WL1xALTc69N1YmK5CJBEMgczRLQgQGTWmBkbcJbrjCJYF:12000000000000000000:OKDOT:OKMYTH
14ba12N56b45Pmx3eahtqtA4tHqwZkb4CDx7iFajeXbg3Gw3:12000000000000000000:OKDOT:OKMYTH
19CxFrDf3aTX9siLgaZ4s6dHLDWkg5CRZcsF37bznoz18E8:12000000000000000000:OKDOT:OKMYTH
157Q576AXagYictGycuoyF3TBrqtogz2oanUx2ACSrw8Yzgm:12000000000000000000:OKDOT:OKMYTH
14HR2esYyqXLKbHNQBQs5aQYcmLQPXDhKzTJXce3icFE9YSb:12000000000000000000:OKDOT:OKMYTH
15SNsMwqiKgEFJXN1E8hGpWeE5Xd1R8sNr5eBzaK1QgTXMcB:12000000000000000000:OKDOT:OKMYTH
16a6cr5m8JYT9rQKnf1z3ePhmJANotAR8SVMF2X3ZEHMh1sG:12000000000000000000:OKDOT:OKMYTH
16CvHiGax4FVwpXLW5BXqj5vBXrCVqfNtXoQZJWAkZZ34rZr:12000000000000000000:OKDOT:OKMYTH
12b7guBHeRHtSGCnrZRcmezG63xWebXoAhCx9JhxsKgyUk91:12000000000000000000:OKDOT:OKMYTH
16VeFG1i8HtxF5KupJVVnSAAoAkrBWR8Uf397ryHLo2T6gYC:12000000000000000000:OKDOT:OKMYTH
15sMrxRjyXfSnYfiKDB5nLcEfjZc1WzKs4ae2nL37nCdKp1J:12000000000000000000:OKDOT:OKMYTH
16JGiqfJm2JE9MYDY5yY3BggfxiZpBHu5GTCdnYEAGErSumP:12000000000000000000:OKDOT:OKMYTH
16SzWpLcTKAjbXT8qHuSxSUoWZEoReGykMrcXQSRqrzoqKYv:12000000000000000000:OKDOT:OKMYTH
14zT96aBBdJmTgMQxnCANVFdWcvYkvbsuDhAMEZ7y9N6DZqw:12000000000000000000:OKDOT:OKMYTH
1YDJUDsCvtJgYPAixX1bLELLbw1Uev99aYMVE3Jg2Qkd7GE:12000000000000000000:OKDOT:OKMYTH
13sR4MMnpvv7cJzYBSGsUWMUDpEumgXAnbrmiqjcYstegzCw:12000000000000000000:OKDOT:OKMYTH
15TBZXk5YSx56XW4YNJ3WRdPZV3bSHpKfKSKKM7LKqRv7191:12000000000000000000:OKDOT:OKMYTH
16SMgDmbhMpJGZJRNUVjCYSo9JFwTRGdBzVdyLzXyp8E39fb:12000000000000000000:OKDOT:OKMYTH
135y39HbC1f3xdHKuJ6uibhX1GxWwcZP1cP9uukQmtAK6ZMX:12000000000000000000:OKDOT:OKMYTH
15tZDeUfT94rKQguQYNjRCa7kiCFnfz27JQtNX4z8Xg3ugqS:12000000000000000000:OKDOT:OKMYTH
12R7PJNkbjeswpZrPWjE27wuBBYgTSxLedLZRV2f2r1d7Q57:12000000000000000000:OKDOT:OKMYTH
15D7osDDVW2yjr8C4fJdieCAzxbuMLvF7yjf8cwyQuKwtG5b:12000000000000000000:OKDOT:OKMYTH
1D4gkz3okwknHiDohK5wtik6DZDCurArxXqTyVGhDEro2WC:12000000000000000000:OKDOT:OKMYTH
15boT19buZcByXzbG4e5gmc83CnedFaee2KX236S4pSn7eC1:12000000000000000000:OKDOT:OKMYTH
13hT6VuzHuBkcVwBR58TnXYjadWvpB9oUaSekzKxCDpTTQEU:12000000000000000000:OKDOT:OKMYTH
13LZaKczF3G8c9Gv89twko7MHBjGRJs8S8MbNRmUdGVDWKNn:12000000000000000000:OKDOT:OKMYTH
14MAk4VWLjE9tNPKL4FjQsLB3J9unSeeKYEJE4qTSicsarP7:12000000000000000000:OKDOT:OKMYTH
14NVNLD38YbcJ6VeGn1ybUFTW7LXpR5NyZ3dDbMhU6pLWND1:12000000000000000000:OKDOT:OKMYTH
14NnvfhY8Sf4YzWbygVYCHNhr1yBadibXag1HbUxSVP725ex:12000000000000000000:OKDOT:OKMYTH
14fqBPWxJp8KZZyntei2Q6xVv5UJQWjLRHpcojzbcFo13ygh:12000000000000000000:OKDOT:OKMYTH
15yEVQfMN3QY6S9GUHWXEAByLLGaazQEkugUhEA5rTN6zv2n:12000000000000000000:OKDOT:OKMYTH
16nRZLPu319U8Yz1GXTap2VcKsaG4Wwhjm16oac5Wekv7ACx:12000000000000000000:OKDOT:OKMYTH
1D97VtwDavvbzDriVBEk99bWipYFfw8wxrB5kz8x4mztMLv:12000000000000000000:OKDOT:OKMYTH
14zHq9gGSAUMLCeCXKmCDg9fqehKV86uNrbbSjWYHG2j2LxU:12000000000000000000:OKDOT:OKMYTH
14hjvXV27w398JUFz9sBX8BPG6Ep5YD1SSbkKx3WQR2pSGCP:12000000000000000000:OKDOT:OKMYTH
16WbkTfDx5xWUakfW6bDJmc1KqBHhvDvVbjWQxMPNrNJoZTj:12000000000000000000:OKDOT:OKMYTH
1DZHEAMkTcZLgmVdgfP6LzVtcnU7sbpdgngMouT7hgFUr3V:12000000000000000000:OKDOT:OKMYTH
16jC1NQ6Qd9bW1RLij8pSuA839Y8GDoKzxUzN23RZLGJTTCV:12000000000000000000:OKDOT:OKMYTH
14hNDTngtwHeBpKDevFAhSU7XN2ri39VDVAqdPtyybymyUeC:12000000000000000000:OKDOT:OKMYTH
13VDwmUgSY4jYnvsDJsDgu5YizhrTYspKW9kXXu8XBnyyDCS:12000000000000000000:OKDOT:OKMYTH
14NmqRfiXUTC29YQi13RsvnNvXbnKJ2s2aMkzjiMBs9JdEaU:12000000000000000000:OKDOT:OKMYTH
14sVCqFUmo5qdPimaWGG9KBk7nZsNsY4uKTYyZPFCYTWLiim:12000000000000000000:OKDOT:OKMYTH
1YGJunqHsR6uioPsAppjS9BfWSQgUiLZZh7KTV2HdJsKn19:12000000000000000000:OKDOT:OKMYTH
15xHBSTVHaqKLX5AcvbNnF6kqQ4JydL3ZMmG9RK8oZA11DmA:12000000000000000000:OKDOT:OKMYTH
1WcMaRXsnSunzivK6JXHMH46Ew2SPmZQtivfEkARMj3rLNq:12000000000000000000:OKDOT:OKMYTH
1HK27PafeddTn6iJYFAbqLbV7amgvYf2Q7gUd1TLatFueZi:12000000000000000000:OKDOT:OKMYTH
13PnGgxEEyoJSreC98VrQDG9vLfXZZPQ9dyJ1ga8iL5HgEPF:12000000000000000000:OKDOT:OKMYTH
142o9cNAmR9ATWCTqEyFSzXWhyuHB266KZ9QTd3nrUtSdFbu:12000000000000000000:OKDOT:OKMYTH
14s9cj6PRpsPQZjcv6QFNZ8QrR44q89vxSEPQXTupSgtwWkr:12000000000000000000:OKDOT:OKMYTH
1YUmhkbJ3VJzKF4iSrvMWWHSCSNvJYzkQbfm3spSRh3uSeA:12000000000000000000:OKDOT:OKMYTH
1451ppGwL7UEZP58qncpAvxQpTT8MAzY1RhXPJQZdxSQjJat:12000000000000000000:OKDOT:OKMYTH
12hcfkQbfyeeMVDmSMXjNfZhsmKL8Ji5bkozUCNkXgbHFWWF:12000000000000000000:OKDOT:OKMYTH
15JS5YFQzZ742hhEpiRA1VCtN4Aw4JnJWmiAkdmL3eCV1ghw:12000000000000000000:OKDOT:OKMYTH
12fzGT7vuh4LmjvRvaUxBN8z5H2rax5j3cUPn3iGQGhDMatG:12000000000000000000:OKDOT:OKMYTH
16SWkxi9rCPoN9jA8nFQq7ADkbUU6AacrMgsSZo2FxbTctGa:12000000000000000000:OKDOT:OKMYTH
19NmikoksXUCbTHfNJdFJCKdreL9c26SmTCqqq6ATpgC7ms:12000000000000000000:OKDOT:OKMYTH
13TZeMMUjQT5GJCTLM5jfqzcjPc53KtnZoeUk9rnzPvXcwFP:12000000000000000000:OKDOT:OKMYTH
13raoeArHojFNHg7FoErjtmzemn4k72wgSzvqgFRoQRbbSsw:12000000000000000000:OKDOT:OKMYTH
12na6DuNEcmaMsVeyLgJvFpvzkZZypu6613RWcrR1ts4P6km:12000000000000000000:OKDOT:OKMYTH
147fGcdwbzyYXy4P4PbJ29x2yLneYYWqQuHgbKHCehqFiysh:12000000000000000000:OKDOT:OKMYTH
13KWQm1YQbkN2XH64g4u99tkZtu8JQwypKEevke2DDiXwVxG:12000000000000000000:OKDOT:OKMYTH
15yosU3N5woR3f5CSmVsHbM8kUJ7WkiLvz9WwZ5LQ9zFyGox:12000000000000000000:OKDOT:OKMYTH
15g5guS3FuVk75zzbar5fm5pdWFM8W4qrB1KsimHRwvYVBcv:12000000000000000000:OKDOT:OKMYTH
14NbXg7s9egRt7ThVQLK7XGCKtHEn1FR4rEm6wEDD8vhxHtM:12000000000000000000:OKDOT:OKMYTH
13xDA3o8dUCX7cQF3V51e9pwtaZ55woStR85MYJvvzUoTayA:12000000000000000000:OKDOT:OKMYTH
1Ea1zwuBC27zGkhgzYYM87mvSshEEjFtUcmdjKZR1xc5kBv:12000000000000000000:OKDOT:OKMYTH
121ibbDsKvmfCkvT7f1qtNXZBPqXYd2eHHbjrvTXez8rX6Tc:12000000000000000000:OKDOT:OKMYTH
14MhibSrY2iCVX2Lnjh7bDVfdvf3r5hDjsmA4F7g5AnXks7P:12000000000000000000:OKDOT:OKMYTH
16X24aMXvKBhmuEAJGZvFhPQ8tu9uakThSjfWJfJtrDfQJSB:12000000000000000000:OKDOT:OKMYTH
13CAMSVbxueFy364VpVKZRrwbJtnogjXsvuWy8Nxn6GMeCYV:12000000000000000000:OKDOT:OKMYTH
16LAtpy4MbJ4Aw9DcFrhKhtVTTEJXkt8SkVgrgyBBJgRE6JK:12000000000000000000:OKDOT:OKMYTH
1fjHm1fXvhbLVcVvbzYrcA2aqUkoXfrkh21FcEZ6ngqNwxC:12000000000000000000:OKDOT:OKMYTH
1dG8DKdoAJMrPFquLJaZxsxcP7YYSVhGcqwFgFiXsPDvf9e:12000000000000000000:OKDOT:OKMYTH
167oPkrdDHRN9L27hNLkoZXzSibVWwfcCFzrbUHpBPBdEosa:12000000000000000000:OKDOT:OKMYTH
12LCanFvWuSWaaGse8UepFtJHRPwyzD62xkeUSZCynDDNPns:12000000000000000000:OKDOT:OKMYTH
15ofs6HNsBFAzcTTUY55z6TxzWg5aA66GfycEmqKaYxuPr1S:12000000000000000000:OKDOT:OKMYTH
13oTKqTB4dFdk6mVF6RumaGJeC8Eiy4eXFR5kowKQvcmqxix:12000000000000000000:OKDOT:OKMYTH
16LF4A1fdFnRqRobgWKfbpeSnSViWbTdWpLjM2UzUDHmquK:12000000000000000000:OKDOT:OKMYTH
12sXHjnrUxQEeXCpewzQpda7oJdZL8JuPrZV7TaH3WQck2QV:12000000000000000000:OKDOT:OKMYTH
15X27GXRdwHXWkygiqiSRMPBhU5ANqqv6czxLTs6Uy7amrLy:12000000000000000000:OKDOT:OKMYTH
13MzLrFAZf5YhGeyFe92esY6EZta74eATta7LeMJ3DEomkAA:12000000000000000000:OKDOT:OKMYTH
12YjY6fSFH7KCjcdsi2HdiUgRvaDbf29Bv2Nn8puXEPEyrnW:12000000000000000000:OKDOT:OKMYTH
14Q18hTh93ZtabZ5NTMMdFQWtmYAHde9oJKwkoKPWSVZRvLU:12000000000000000000:OKDOT:OKMYTH
16PjhRqLkJgxyLa4iLcs8FmBSPhX5U8AueesiSUzZ6jbvrhC:12000000000000000000:OKDOT:OKMYTH
12ixs54K43i4nRp8iKQcCruXPJpXyw2eYJcWH3zNeC6D5vo6:12000000000000000000:OKDOT:OKMYTH
12tT9h2HGqS8yR9Ni8xyKuwcmkF5JjoLBdqtjUkocSmemS34:12000000000000000000:OKDOT:OKMYTH
15SCG5HsorxBjNFc2ZY8LeRXp1Qb2pw6rUqC9qfugqKdxyZV:12000000000000000000:OKDOT:OKMYTH
13NwswcFe816pYFyT3JRVgXphbNewh7tQE5WpA7vaPvHy2eU:12000000000000000000:OKDOT:OKMYTH
12KtgapBR9DA9oycNJUum5ParwKjy9Udvan843a85XS5uZGs:12000000000000000000:OKDOT:OKMYTH
16UeBEjCWuN3rzLEd31F7J5daarM8BMArHdVAZZ7FdMuGVdU:12000000000000000000:OKDOT:OKMYTH
1345pPvsvAiHWZsshu2Dut7E2MSLZHKByp2SauQsZR9imgcG:12000000000000000000:OKDOT:OKMYTH
13Q6LZ2TDLMXSMazkJZ64adkbfiVZPtyPSTriJn2z3RK95P7:12000000000000000000:OKDOT:OKMYTH
15ENAzf2gomkidwKTQ1a5XkGHniQp3ufhVyVFcRtbqsofoTA:12000000000000000000:OKDOT:OKMYTH
13DviS5czRnULkBQSPKcpXC3PVmT6fvbiohc1BNWK2KbrYTn:12000000000000000000:OKDOT:OKMYTH
1CD7o6H7C7ibip3zqeE4FnsbhGbVupZbPbbooxfKbUYX3Qv:12000000000000000000:OKDOT:OKMYTH
16V1GPAbRuMwqEZLi3MhcAWhZoayaYahB2w5HetrSqS7ph36:12000000000000000000:OKDOT:OKMYTH
14Z8aB4ZXEfEJRD1SpDY1iy4PGFsC2LAVUM3tZYbwSZ7UH3G:12000000000000000000:OKDOT:OKMYTH
14V9Yd6KCzbS8kdpjq7qKe9YATAvxeYVj8cLw9mLNCj1iuxS:12000000000000000000:OKDOT:OKMYTH
128wpRgpzf9uS9zgzqaxoFWyGgjmrw1ysZpyoyD7ujeBYg7L:12000000000000000000:OKDOT:OKMYTH
13v1KL6ntnfNGujX3H6bM7GMwBDKmCHmsdQVewGxFykozEam:12000000000000000000:OKDOT:OKMYTH
12LqYrbU8k3NTqYEVx1z5FCiJGuMTKtLJYYpewzZp5AvR71p:12000000000000000000:OKDOT:OKMYTH
12bMBE6e6wZERQVtcg4HoywsbvxyKZPrkKAuqG31EY6cXNS6:12000000000000000000:OKDOT:OKMYTH
14UoPnmakHC3qkzikhHEmNG8QVcHLykjdo3G1BCHJBnpKseC:12000000000000000000:OKDOT:OKMYTH
14Re5aMXjUv19MtmzTF7jhVjQNzRwtToMkwTiXcKjQeD7cxw:12000000000000000000:OKDOT:OKMYTH
12b4ore3d2U2vXmKJKSQBfSqQqfzobVRpV6Ue2DZXbe9iJJD:12000000000000000000:OKDOT:OKMYTH
15CHR7oqoPiffS3K5SFzKW5BMdDp26ifT6644YnLrhbAqT7m:12000000000000000000:OKDOT:OKMYTH
16mCjRd6sPBMJmdJoSFSoLXivHuErYqZ3479ugNhn15Qfspr:12000000000000000000:OKDOT:OKMYTH
1MncQfL9RHTt4PNawsjNXbnKqQdGGoEsuQy4ggUHTVoARWJ:12000000000000000000:OKDOT:OKMYTH
14RJifRyFfJyF3D9dad2A54osM8Rvmc8ApLwjHstZmJpNWte:12000000000000000000:OKDOT:OKMYTH
1vM27BjmvMY4aSv8reYJLm6eC56jFgx6HTxNJkK1nSmypd2:12000000000000000000:OKDOT:OKMYTH
1an52eD5umqoyCcktLSfESvT2RyQnpNafehQHsyLh8m62BY:12000000000000000000:OKDOT:OKMYTH
1cCGvU6JBvMQjCP6WUG4UrKeDfBa6W7ptiPTqwJFspPUHY4:12000000000000000000:OKDOT:OKMYTH
14Ms3aQfoCmM25MHDsNc2gj9VocK7spEhcdoGK7oPaJN8vJo:12000000000000000000:OKDOT:OKMYTH
12FTyfLDVVaED3s1jyAuXBUFf1sUwX4yEDTb85LcLGb2rGbA:12000000000000000000:OKDOT:OKMYTH
122gnAiKEJNh76h7dBWcYin5Jxvdtws29U2rFgqs2HvXshfJ:12000000000000000000:OKDOT:OKMYTH
13s5hkZVDtHAFt7sSX51tx3t42xj1E1Y1TwKRcqbj511AsUU:12000000000000000000:OKDOT:OKMYTH
16LtUjuLfFmF2yVGARh42xw2eboXbSJpU8BQriWkYP4ZE8va:12000000000000000000:OKDOT:OKMYTH
12uyJjWnhkdC5cwAZpDssrDkiF7Nwg9nEffMKSNMysPtHzES:12000000000000000000:OKDOT:OKMYTH
12k8i83G8sDnLSSG9BnqLvibBmFW7HWSs5WsEVQj9EFq5X7b:12000000000000000000:OKDOT:OKMYTH
13JxSwAtx6XsDSiA3ktMDRDaqGP8H4dDnUVd9YpL4e7zWgUn:12000000000000000000:OKDOT:OKMYTH
14LxMgCaMtW6179bGooJkjKqVk4kGsrYzrDeGXMgoJ2u6zKB:12000000000000000000:OKDOT:OKMYTH
14tr8H1ZmABfvqBxNrtNeZ6Log7FXXX4YvRPuN2YqYXxPnDY:12000000000000000000:OKDOT:OKMYTH
12ChDs2pVjErvuabp524dTTAWBksHVQFWxzUwTdhKpTBiTcJ:12000000000000000000:OKDOT:OKMYTH
15BxV9eGvrBXf4rn8YGVtSJpZMbZi8rwMCwnTVePTPoFvhBV:12000000000000000000:OKDOT:OKMYTH
16CDMFoUzgnYNAxnkNVS7k7LCydnHEeNoE1SRBuoyoWirDh1:12000000000000000000:OKDOT:OKMYTH
13ArdTziRonnM5nh8VBzw8ERKHHf8nfquZZPmp235CunoT3d:12000000000000000000:OKDOT:OKMYTH
12GhVZpxApSq7sHBgERcvKf1zce4yc3UYJqP4S8PSGyRm2Rk:12000000000000000000:OKDOT:OKMYTH
15rskR1VksFMkC7VHHVTKP5pyX8QLtnfnEHCcLGWaf4GxFR:12000000000000000000:OKDOT:OKMYTH
14mTzUaYjbjVxzXgXahmSF3NBiGQqjKL52JS3L3xeMFJSijL:12000000000000000000:OKDOT:OKMYTH
15dCcyNXKMyxBnJE49ko2BKEXNm7zGp3yFZnzwcgA2i5sru9:12000000000000000000:OKDOT:OKMYTH
149T9BGB8XUtfLcoAEcbakMLaHZLMuwaxnLFW6bH22bPM9m9:12000000000000000000:OKDOT:OKMYTH
158KyooXp1dx5UCK55gozFpCfbbT6tHRa9V1nUF3uMF3z66L:12000000000000000000:OKDOT:OKMYTH
12hEGmyAusSjxgMtny7HuW1i5AwLuxSvZxW6gJM6xGF4sqyt:12000000000000000000:OKDOT:OKMYTH
15fAN8s5dEk3pisGsxiyPb1EzEWcRKJXigQnbkXyYD1JxRN2:12000000000000000000:OKDOT:OKMYTH
12VTM2G8rUnvCftrFNVvMtkd9zNPEgtARFWHFpXQfaFTmoqz:12000000000000000000:OKDOT:OKMYTH
12CLUvHu1XYTePyoEgwQWZbFFvULm1XmA7tBjAv2HGPciEwb:12000000000000000000:OKDOT:OKMYTH
163BGU6K8NFUUKUJNHSBWQ6HviF66oBs1hQFrndjRTFxip6p:12000000000000000000:OKDOT:OKMYTH
165AgU9SgjdKxTWMJ29wFruY3DFGbazuLBnEBVuGs7j2wgUB:12000000000000000000:OKDOT:OKMYTH
1335f9p6MonFh3Asx5drhmxDWCPpXPcZW8YVBGnDjQq82pE8:12000000000000000000:OKDOT:OKMYTH
15zAykrMKCySbZZj5w6PpKuckRt5Lr6Xz41qWVks2xNgiBZP:12000000000000000000:OKDOT:OKMYTH
1415xY2RXJAGPBxfe3qP3KtH8qmSLDAzP4ySWcBz9ys8hodk:12000000000000000000:OKDOT:OKMYTH
1354r1qxnMCzzw8YYsTGip2uAJ2PmXUzdUw9hb6TqYzE2GAQ:12000000000000000000:OKDOT:OKMYTH
132UNQ7fqJp5mwqAsHrHaBbYCuKyqBoiXUwvzyQhiuzi4PkC:12000000000000000000:OKDOT:OKMYTH
131XTMK5D7EUgV6dC4a6UC6xFSvjQV5kWgg5Q8w6FUYHP1nF:12000000000000000000:OKDOT:OKMYTH
13V2Lu7M7qudeZRqA3WhShMd2Y7xJ4ZvC2JLwK5iiyhwyhK6:12000000000000000000:OKDOT:OKMYTH
15dTb41Cz59G28CxHprnmHF28Da6QdruZRjuK4tWWvF3Gaq2:12000000000000000000:OKDOT:OKMYTH
157sRaUmrT5dGYtU1AawbNPyqFLptxgXwrGCy4jQPwJT7CYa:12000000000000000000:OKDOT:OKMYTH
13k5XTpsdY4TtkGh2HE19CpcZjAwNEKVr725FaD3kErQ3EWj:12000000000000000000:OKDOT:OKMYTH
12VjQkUtDooQPyyWnRpsUUKsr2jv7GMFU5Xkf8cLqyU589s5:12000000000000000000:OKDOT:OKMYTH
166eWU4NEoTGD74o6Yzp1TqRxAweBL3ECWuHckGFJJsPFkxa:12000000000000000000:OKDOT:OKMYTH
13GDKrXHnuhtKN6swGBbhor5jEvNiRLuUrX3LneAQ79bZHSg:12000000000000000000:OKDOT:OKMYTH
16avBZsncueueVv6ZEESFPRkDBRnp5uLHGeYtBzMjJUkFnJn:12000000000000000000:OKDOT:OKMYTH
1KURMPbyvgAbtxhfoVgZrFggUKwsKTJ3W45wyU32MxXyPk7:12000000000000000000:OKDOT:OKMYTH
12bDvpTfz2qPkg8vP2qgh4yh3D3Nf3kZdFano4BTAqFDqLVu:12000000000000000000:OKDOT:OKMYTH
1617yDKVTN2bczU2Jvi1EWpoEgckyP4an34uSuqHNWdjK1Dh:12000000000000000000:OKDOT:OKMYTH
14msAZWrm9CN4RKUxB6RYtyHoErh4zJWFqYXwwNJFGyej7bJ:12000000000000000000:OKDOT:OKMYTH
16M3iPdbkYgKHAHUQK54wjsxJge4RRwUTLe9aRYRQYBBthWu:12000000000000000000:OKDOT:OKMYTH
16YCX2YF2ZTzM8qGwEMBkWeYZHz1dATgeGvcgovHXbBS9woc:12000000000000000000:OKDOT:OKMYTH
14bRfDiMsQthmbL2WEZqQExPpHyGcV6H2kbRr8twLYNWGqkz:12000000000000000000:OKDOT:OKMYTH
15BpeLENscqYnJsZLgEArez5gd71NZ5ZU2cZFZVjriwEr3go:12000000000000000000:OKDOT:OKMYTH
13sMLQaX6CvwZdSgMe41xdQ6PC9wepMnfZ2BDRfHTfcNVnps:12000000000000000000:OKDOT:OKMYTH
12GFaL3NErUs9Z1oJzCKRdGFhixnkJKHouRjhuvG91yhpy2N:12000000000000000000:OKDOT:OKMYTH
14Gtb5ZBPMGvY4CkPzPzypobYXoRaTSEEPyPDeAgqqsUCBxc:12000000000000000000:OKDOT:OKMYTH
1258ZzXyYzijCTyGxKwf5QHATCQ4F9k3xT6XSGhjZbLiMcDn:12000000000000000000:OKDOT:OKMYTH
13XZ7w43LBMQXGMyb8SBAPXpVZBRxBe6YTqQDYEfJNcPVMjG:12000000000000000000:OKDOT:OKMYTH
14T7rKchz8auvz9gGCs1kdRq3iyaLXJsCmsDHtsFEWMnGzYE:12000000000000000000:OKDOT:OKMYTH
12UddtodSasrs3G2Mp7h87yJmzxnAkjCFpxKrg15FHSui72q:12000000000000000000:OKDOT:OKMYTH
12BerpkgCDKnKkq57N74adxwPnARfQq9VHLZ2JBBvaUaxwvh:12000000000000000000:OKDOT:OKMYTH
14TbBpcVVd9BSkJ6qgsaApP3ATBGU7ojtDU5FoPViaL4ApDy:12000000000000000000:OKDOT:OKMYTH
166UhdgATZmqh12obTxQ7TrgqLh62sPbrnjNx8e5KXq6cgVR:12000000000000000000:OKDOT:OKMYTH
12mJe6JaiwSfYnqoE65z9XZSfQG8Bp3oN43EAyZtJwB1gqhx:12000000000000000000:OKDOT:OKMYTH
14SDA7hWa1Gz2KBJQ3ncPxhA9au1iq91Nd8Pm6brKahoJjxc:12000000000000000000:OKDOT:OKMYTH
16W3bW7xdVy3SxmA5jgK7qZzzSZXQPcUE1VxNSe5KfuqwpGh:12000000000000000000:OKDOT:OKMYTH
13FRjSwr55DnSvPPpWM8UAZQ6z5xQUbqoFHtuT95tKNoy2hM:12000000000000000000:OKDOT:OKMYTH
16j9fssAxjWzFWga9o47nC1vwuA1DiquKVeZdeYh7XiTq26j:12000000000000000000:OKDOT:OKMYTH
15RTuj18cJ4cPRepfQeb3twkJm93nqMEvTSNTsiEF9nMxkQw:12000000000000000000:OKDOT:OKMYTH
16S7Kb3fnGx4WN73RKp5Te5XaUPp3CRBJg2sBWWehN7TqXqB:12000000000000000000:OKDOT:OKMYTH
14T9HXTGYKHNmYXCDCF6NaSWEekZ2o82MwHRgkXVVarV68P6:12000000000000000000:OKDOT:OKMYTH
145KZbMWP5w43LAmVEqyFUUxMW6kspTSJGG11syoDva9UcHG:12000000000000000000:OKDOT:OKMYTH
16DTRpK5iPETRSExAWzKyGCRzxTzUFnPR6hgvGF81zjMD9SN:12000000000000000000:OKDOT:OKMYTH
1tWhKFxpW6gw3EbV392kLLa4ZEfE3D45wgZuskBDEAcwK9t:12000000000000000000:OKDOT:OKMYTH
16QXg217zLjX1AmyZ16hk8hwuwgvwhGsu1NZciu6qLKnMsQp:12000000000000000000:OKDOT:OKMYTH
13f9LTfqgDghfJUTx7poa42GSipfikSxv7dZn6MtoHMxov5b:12000000000000000000:OKDOT:OKMYTH
14heAkoCycXsijTi2pG6qKvfZ6bqeRnWDyTbTcwicPVYtesW:12000000000000000000:OKDOT:OKMYTH
16MnSShpdie3g7UJ3L4dC2zcXbwtdKDUWsUfSvES2XhJzVX7:12000000000000000000:OKDOT:OKMYTH
16SZBXskqoRji1nz6AbARyPVUSBTChSwSeidVD8FYtAFSvwt:12000000000000000000:OKDOT:OKMYTH
14Sbk1RvKa9x7k8CThWoEYKA21LDduRbcivnzkDdm2WnDutM:12000000000000000000:OKDOT:OKMYTH
12k2RRoGxDBrKc3g9ufp9My5EqAKirt3jTnaJrpMvipkACCH:12000000000000000000:OKDOT:OKMYTH
1XW9WovDeDKDEBs22jhJJE2bPqxzhAn9riFhZiMCETKFQRU:12000000000000000000:OKDOT:OKMYTH
16BnVqUn3tQu4Mz89PzPjrTGQvbKKUPwYeKYJcniV5i5oFim:12000000000000000000:OKDOT:OKMYTH
14PqWRXtj7pkEYPScLh4sqAbvX5k28eNnxbT6q7Ho3gKaPz8:12000000000000000000:OKDOT:OKMYTH
13NRd3fMvJaKDwLKKom61Q6ymDuofu1PjtpdkhPYMBAQRq6n:12000000000000000000:OKDOT:OKMYTH
14L8gFfzuEiUGzrxhtzHrri4He9fzoiDZrayWV881XPxWsAv:12000000000000000000:OKDOT:OKMYTH
1392tyqabZH1cnKZDtyxDUZBjxSC6c7EHjNS9iVoBY6cDsUL:12000000000000000000:OKDOT:OKMYTH
13apQMhGXnYBe6UQ6BTMCY7NQE1YVWDgYMrCzMe3edeG11hM:12000000000000000000:OKDOT:OKMYTH
1637qDBBMA6FPVvNxTkK1J4fFvUuqh2QxoWRXX8LsndMi3Vy:12000000000000000000:OKDOT:OKMYTH
12NpjTRKCprgF3sEvxE7Egq2JZ61HWZ2qqM7fKE1yUeXC8Fq:12000000000000000000:OKDOT:OKMYTH
1sr8wzLt413Kirj48HkRA7aty3YogAydQxjFCGNXE6obq3Y:12000000000000000000:OKDOT:OKMYTH
13hVsBHv7oZqXaCP3DRTByx9rADrCJfDbxCjNg3ceVMzzXU:12000000000000000000:OKDOT:OKMYTH
16KCc8v9qb54yUNQEXNWSYbV2ixFRmJCXtkxBKWtNDYw1MFo:12000000000000000000:OKDOT:OKMYTH
1dJ1V88bboXNxVGCBT52F1zq8subE3sfas2ShwWKf2qeLks:12000000000000000000:OKDOT:OKMYTH
14mpTEUcxu3foeQbUQ1E1sYAdv5g8vV7R3vgNHp9AittCCHU:12000000000000000000:OKDOT:OKMYTH
123RAi2M2Y8jvg1tdpM3TLnMFGemBgLu2uGHzXhoiFWZzVgp:12000000000000000000:OKDOT:OKMYTH
167RriHWMYFEJcvNRY6YcuHnmExwMVFiqjANYL1QqQ8s1Z1C:12000000000000000000:OKDOT:OKMYTH
135EKwkZaguvgTwe7kYNbPnnnRVozUucaGuE9ySMD6fxCmEj:12000000000000000000:OKDOT:OKMYTH
14Y4dqTnNNBSKFHS5xpwQgo44kXU1tLNk25Fr2styoaNF6sU:12000000000000000000:OKDOT:OKMYTH
16AjwQwU1r94DcEAxVqPvbwmbEXVY83kn8n8CAoF43fWhzhg:12000000000000000000:OKDOT:OKMYTH
14xMv7aJaphrsky72skAEA2FsDNWYHEDkpfppotKCazCAnc9:12000000000000000000:OKDOT:OKMYTH
13L93HqHmhGJYSToWzyiR6FcFTmmQBntg4Vjp4qdog2XLQzk:12000000000000000000:OKDOT:OKMYTH
1579anzbRTKreTm1ZmANk1KrrJusySmvKHp9fzkBcqz5ZM3u:12000000000000000000:OKDOT:OKMYTH
1v9Mj8s9KjrR5GBvFftKZem9bTTk2bBxBx6vH2BqV2tF4oY:12000000000000000000:OKDOT:OKMYTH
12SEEufgaE9nLKrHnAV7U5B7fWNQEcKyU8h3SY2JzHsds6uN:12000000000000000000:OKDOT:OKMYTH
13BzcPQeeCJpHweQU1s8TxuHf625qrVwwaChKXQYanAv4YQr:12000000000000000000:OKDOT:OKMYTH
14X4gU1udsEuXbiND3GEdKTunMMhNAeEUzckqUwtzSvt3utr:12000000000000000000:OKDOT:OKMYTH
139KL5dM9jsMfHo8fQ85UgSpL7jhopkbPkUSJFXEXoMdurwf:12000000000000000000:OKDOT:OKMYTH
14Mzqkb4ujXNci7rPmVKDoNdVsAr8cpSYysfhm9ZGgRKPW53:12000000000000000000:OKDOT:OKMYTH
15atyRX3mfVYwb5vZTaVZjCo4hj4AFGG33mtRCuJYJxJQcNQ:12000000000000000000:OKDOT:OKMYTH
15yfziQVy8nvmXK5fAFWEE1Sg91JCtBPAMD82gfTjy88jM8c:12000000000000000000:OKDOT:OKMYTH
13T4LPt99s5xHzZNf6xLTtjQCCCTnw8gE8Eax3Fkomr7XThp:12000000000000000000:OKDOT:OKMYTH
16migCdb85UFWPPUsTMoVhsLp6JHVQ7TPUe78nqHAMmjhcPw:12000000000000000000:OKDOT:OKMYTH
1qRmTtLu6eWLDTzCLXutYzWtbDzHmmgxNp2qi4XXpmSiLxF:12000000000000000000:OKDOT:OKMYTH
1TFCkvbfm5gbunGf1MjxkHJegt1EjToq4P9TnHuNKJzVjvk:12000000000000000000:OKDOT:OKMYTH
14RmRNZT8ggkFGPDhC5mTZ4w4LZMZmmsH4QmPuzDyWpRFGuY:12000000000000000000:OKDOT:OKMYTH
14AqxfxNvsrkEG9PAwybXBHBjs1EfJfC24AEM11yArXvpPNx:12000000000000000000:OKDOT:OKMYTH
13NCLd3foNpsv1huPDzvvfyKh37NEEkGFotZnP52CTR98YFJ:236000000000000000000:OKDOT:OKMYTH
