1687BwEqkc6HEtQgKwrnfpQcDFhtUwPXApfd5kXQG2RHUjJk:12000000000000000000:OKDOT:CHECKMYTH
1LYW32e5prYMGtWRHQB8NepY5iEBX8wcHTcdGKJ56zmGYZM:12000000000000000000:OKDOT:CHECKMYTH
155Pgn6wx7q3WLeNt3ayvUj872U9ExKNuFRiFPCzSjapw1X9:12000000000000000000:OKDOT:CHECKMYTH
13i2p2PitzEcosY7we3rGJ9Xc4AgVMDrXfDM5hAvjWjZ72GG:12000000000000000000:OKDOT:CHECKMYTH
182uQRgCJdjobQRnS1qFDdVdP8y4pPxc8Bf8gzQUTe2sJnf:12000000000000000000:OKDOT:CHECKMYTH
156CvzoLofrPiD3Eukf4Jpih9XAgbbuKTaZRydc5YjAmb1ss:12000000000000000000:OKDOT:CHECKMYTH
15ZVShQNGgW5cEGFC5ATN1Ei7GGAo2DP3Fvu7czh1TnM95kE:12000000000000000000:OKDOT:CHECKMYTH
12133vwXqJetQh4So9XBmyUb1EA2Rn5rCvPSPiEjTdM68t47:12000000000000000000:OKDOT:CHECKMYTH
14atirZoPcPw3k1M6pQKFqa6qFKCvWLAS2YRLhEQjNF4bFpB:12000000000000000000:OKDOT:CHECKMYTH
16NjqexXLYrGL1zgxbd6FC4RchWVnEim41aKWj1VrVQ7Kncf:12000000000000000000:OKDOT:CHECKMYTH
13wwwExtAPzydinyJjRhxX61GKC89GoCdXEB7KSHUqNErv5A:12000000000000000000:OKDOT:CHECKMYTH
15cfuKnkmGQsyurF8TbXFfGttG6EejkjUqpSEB4hpEaTty1G:12000000000000000000:OKDOT:CHECKMYTH
134u9bCwunDDMEutMosLrPAYhtnVJVPmNM67am9QiGsqAa2P:12000000000000000000:OKDOT:CHECKMYTH
1VYk8iUEefqJjuZ22C6NLW6zQMRgNiPcqYDn18gc3VwTYQ4:12000000000000000000:OKDOT:CHECKMYTH
16AhrnDDqMZE7dBtK4msgUH3jf1AjYhgMyrcvKw6gb7srWtz:12000000000000000000:OKDOT:CHECKMYTH
16LdHZEFiivw1CbZqjDqz4ZeezhYYQ2Knq1JH8PpVGqc9GQ1:12000000000000000000:OKDOT:CHECKMYTH
1e92T6pHpqtr9GzbpVcDy4UMZTa568i6QttH6NRoLcL55d7:12000000000000000000:OKDOT:CHECKMYTH
1uGJs6zJJCJ64nPPQXVE7e9N55RA12D3CqFNG2GDRcbHAgU:12000000000000000000:OKDOT:CHECKMYTH
15VeoDHABwLtDNLhYcCnNY6sN4r7jKBVtedtWRvEZG98JVZm:12000000000000000000:OKDOT:CHECKMYTH
15NqGe59oRrEyjM6TNMHBC39siAEVAKsW3tqK59ttWr4Xyqk:12000000000000000000:OKDOT:CHECKMYTH
1jCWJsynUq2J5CenjLz18jJamS9ETVVzJAay2L3dejWsvxc:12000000000000000000:OKDOT:CHECKMYTH
155zsHDCgybkFf9RHB1Ung9XsUy3MDrfu2TWcM361SNT8mLk:12000000000000000000:OKDOT:CHECKMYTH
12uBrfmEU66uQnGrGDeXMf5deErFeoYHQbDjN2DSXCe5Eon4:12000000000000000000:OKDOT:CHECKMYTH
12nVvuCPE9boYRnqwDzxSTbvjgEVSXWzPG12KHGjQcS3H2EU:12000000000000000000:OKDOT:CHECKMYTH
14uAvVgT7rPXQkDYCYJ1ktQaXFtjVEJW9zNCAEFk6L1WqfRV:12000000000000000000:OKDOT:CHECKMYTH
16nFoPdvXMQoQM9pCxBDYgsWaLvHritMbqQ7GCLnMiWjPzDD:12000000000000000000:OKDOT:CHECKMYTH
1swxQq3HTY5kmePbtCdN1gid6qp8dBKmNBpGBnqYSDm1pbw:12000000000000000000:OKDOT:CHECKMYTH
13gx8MXAZD6JJzk9rFsZtZH4WgZEMhfL9SvmTaBsZLZzy2kv:12000000000000000000:OKDOT:CHECKMYTH
142ZVEyE8rX7RxU6oGKwtpuMDtHy2ARYrgtWhxLJWGCTg2Pe:12000000000000000000:OKDOT:CHECKMYTH
15V1m7UVGR3gQHUvueYUvHtvnqLFAjAKGpMBgauq61p7yBww:12000000000000000000:OKDOT:CHECKMYTH
14TAHzGSb5iTd16zEm392wpTewqNxMrcgCW7YWMpi7XWLVER:12000000000000000000:OKDOT:CHECKMYTH
1vxY72X3YfEKExTYkxuAfzoiqHtDCYPCqhiYWPx2F7UWdwX:12000000000000000000:OKDOT:CHECKMYTH
15seY5vmpEp7jarmHq2udUojdk9R6uw1Zegyr63Qjg4fso7Y:12000000000000000000:OKDOT:CHECKMYTH
13y6Mm9BYh4dUYcaTU43aHGacQqbLRkoCKdMWDHNqe5korzc:12000000000000000000:OKDOT:CHECKMYTH
14qFeR7Tf4x4bmahB7BwS19G184An7msJvjVtnNRQioTu3jM:12000000000000000000:OKDOT:CHECKMYTH
12EcHXJud23TqDTJr7Yj2Se73vUYxFE4tQVS9MsqSkC6Ur5x:12000000000000000000:OKDOT:CHECKMYTH
1RuA9vKDbd2iV3mmZu2dxxRf4LPtyB1zBGDXC1dyr4XhQhk:12000000000000000000:OKDOT:CHECKMYTH
14C8F8owr2kQxoB33SvQ5x4tRfknCbEEbJecc3KdW8kVwKyG:12000000000000000000:OKDOT:CHECKMYTH
1Gq5qvdW2fUiYt6bCsbJCVszYa8MMmqs55PaugJwpuhuxox:12000000000000000000:OKDOT:CHECKMYTH
1P23oL4UxEzxpMVo6iWxwZku8Q8b2GLpB3gRz3pmyki316Y:12000000000000000000:OKDOT:CHECKMYTH
12DrUb8gtka4oKKqfftGYqoP5kyotHRd7BW9osdhvTXtG79m:12000000000000000000:OKDOT:CHECKMYTH
1mxix6iXVSfVSKnJoo1HthrC5d29ZJdt27uK1gNSdGdrRv7:12000000000000000000:OKDOT:CHECKMYTH
13zmubjN6ugftoHAEGWtmiripCWZSMHgAaeRfjEnygaqBvdc:12000000000000000000:OKDOT:CHECKMYTH
15uctLhcJxSnLenBvRgbgkJfGoz9pgm2HScEUYTKfN3xZzbz:12000000000000000000:OKDOT:CHECKMYTH
13rwhxSri98gEngcWr5vSmSLkLj8BQSJEqMS19kD9un34Ccr:12000000000000000000:OKDOT:CHECKMYTH
15xUv66mJPQxmm4cCa5zfP9c2mGDcVAifAC6Q16TpuXWAoq:12000000000000000000:OKDOT:CHECKMYTH
15VtGab8Ud6qY7jgdPdDp7zFMgEQG3bRHjbwvNswd7zKE193:12000000000000000000:OKDOT:CHECKMYTH
1ssgb749urG9LcBgPt9wAPULhZjSfzcVf9nWYD7QTP5SbLE:12000000000000000000:OKDOT:CHECKMYTH
15Fk6oQk4X6M8nwXGuDUkgVYvAo7T95TXknbbyzdUgMdFoV6:12000000000000000000:OKDOT:CHECKMYTH
15VQhKBvuZVSvUQnyftWLbB8cEEj5zYHNFNFtr2im2AA1hhw:12000000000000000000:OKDOT:CHECKMYTH
1648iisXHWovCjKDjEyB4iiGGC9fYVy5yf63fKwSYTnJB4iT:12000000000000000000:OKDOT:CHECKMYTH
15GBnmw46jjrqtH7tqSHNHkxxUw7AsFncVa4b7SmfuRMT38i:12000000000000000000:OKDOT:CHECKMYTH
14NSKYxsMkpyrqNLADSpUoZEBdPrMhcVeNHX9hBfdGjEb7dA:12000000000000000000:OKDOT:CHECKMYTH
148pATic4MHo1MCm94TULjtZZeYMfx8sJJq8KYb8L7Kx4Nrz:12000000000000000000:OKDOT:CHECKMYTH
14VGPbwX1mPqHTpcq3ieWRWixLyVipD4dvf9mQezNCnAoBEZ:12000000000000000000:OKDOT:CHECKMYTH
144PWzwEiaAGsnWhh9wjoZaBLYnAdpUdwSYaWdXY995A7jy6:12000000000000000000:OKDOT:CHECKMYTH
13Y64Xic8y8wjoir2wjo9uwB9Wa9BYXjs8UqxuEGMCAHc7DR:12000000000000000000:OKDOT:CHECKMYTH
14RBCKhmf6CG5zi8eeZvjz2ae7V3GsdWvaDMmMNLVCmj5WPj:12000000000000000000:OKDOT:CHECKMYTH
11RBNm4xbGqFTx3NGC8qYModrDXB6Cp7V5S2RF84SYPiiQq:12000000000000000000:OKDOT:CHECKMYTH
1LkpwaSMBYpKb6gZidrBAQzFHkcvcopwVHjicRZTJccscQg:12000000000000000000:OKDOT:CHECKMYTH
15ibk1qoCimu9mKNqA15V7tdoMwt6KvrRUSNVE1c3LeVmTG6:12000000000000000000:OKDOT:CHECKMYTH
15yA5ijiYb9Dy5N7PD8AHgD7L653sswKzG1E7u4pnrnyXhQ7:12000000000000000000:OKDOT:CHECKMYTH
16VdbHpYAK3Q17zjizPZ5v878EUnqjx6f68iEFPqpB6bE24G:12000000000000000000:OKDOT:CHECKMYTH
13owoxPaoSx4AphkTF8N8M3XAy2ichU2Hi8EoDQDDJL7gYus:12000000000000000000:OKDOT:CHECKMYTH
17fPSfpSTt2F4kUotUCncekXf4n3SM1ESTh4CKv3DbQJbjm:12000000000000000000:OKDOT:CHECKMYTH
12esYhNAchRfNPPsvfDkbd2N2zFyfdn4dtE9Z4Heqj7Eesai:12000000000000000000:OKDOT:CHECKMYTH
13PwckKjwr4dabCKy2SHkxkmhqDSPREAKuxrg5vuC6Nee5Mg:12000000000000000000:OKDOT:CHECKMYTH
12votA3KdRJwtyDrnN7cV3ghZVdhXD4RBhiFGZDtTptkcJie:12000000000000000000:OKDOT:CHECKMYTH
1ApMrYs4mJfDw1FjjYdA44jMa3v3DCh49DnpH9EgniCVtd4:12000000000000000000:OKDOT:CHECKMYTH
14QCXeBRjbpLvxfWmpY9EV5gfc4FGFk33Sy4yZfNEi2Eg4Qx:12000000000000000000:OKDOT:CHECKMYTH
1akjAYsxBsPXQ5i1g7CwzRuPHMyh8VceJGbS3D6gmHy1z7D:12000000000000000000:OKDOT:CHECKMYTH
12tzwoeXAorUsUDFkkEpB6Eiy1HX5Fg32FsoAXmpmZQf758S:12000000000000000000:OKDOT:CHECKMYTH
16FNRihMEZgDtgkf9bQaSgusAQ88fqdkKisFbqqg4GwpvA7Z:12000000000000000000:OKDOT:CHECKMYTH
14v6LRaCLW2NRuj2esBJSb4bpm3EzMzZi2Hu6R1bXh7LJnz:12000000000000000000:OKDOT:CHECKMYTH
14dk1VWdFrop4FnrLm1vuDp9Rjk9Ywddrm7zMupADNzeyFQv:12000000000000000000:OKDOT:CHECKMYTH
16PUo6pYY6fVkYanhkvXizE1fBvzwG5KHASqi8x8bxurawup:12000000000000000000:OKDOT:CHECKMYTH
16XYJamhBuKjNEXhWWrWhMqU5TrxJMbPThzzNuBpcoQ47hzj:12000000000000000000:OKDOT:CHECKMYTH
15VZ7Yk8bX8b1Hd2qud53GPdCFuiFnEjingGcf6ZcWgJe3eA:12000000000000000000:OKDOT:CHECKMYTH
16Fw7kAkJSba3nT7maXTcQcCgJaPFu6i4RJjnFr36rWkK1wi:12000000000000000000:OKDOT:CHECKMYTH
14X8KGGaFaAwLyJrcvw4ESS8CwhcYn429h9Pb1nZfpbTa7NF:12000000000000000000:OKDOT:CHECKMYTH
13jTq5ZQC7TUerUYowbBpi9mdwptmhRtz96bFDeLbVV3Tofs:12000000000000000000:OKDOT:CHECKMYTH
126eZSims6gNdke9s6TGsLPvqfHZdaKoCKUXSbTMAzeyaUcJ:12000000000000000000:OKDOT:CHECKMYTH
14pQb2SPpnS34H7s36YZzWybF2GA75tyT1rJazJjZPSUcaUh:12000000000000000000:OKDOT:CHECKMYTH
14yoX28oMeRQ1ZZGXE3j1fkkcZRC7MeJ1r4MPcrPJyBp1F3S:12000000000000000000:OKDOT:CHECKMYTH
15sZ6cXe7Q1KVmVoRn9KL2w6kTLe8iTXa3vaDRMdaDghwNfW:12000000000000000000:OKDOT:CHECKMYTH
143cfhLwt32mXe1rfb579CtwrYe4UY3ZyY6BCLbNvPagruoG:12000000000000000000:OKDOT:CHECKMYTH
15CkRyGYcBVrvgRiMbE7mZM11vsuGHgRiu124pYvzZMVKema:12000000000000000000:OKDOT:CHECKMYTH
14WkqqKfY6ZacsBaE1wyTdUV3HbrJ67BKfxkV9eKqYzqRHaq:12000000000000000000:OKDOT:CHECKMYTH
12f6nijEfPwDaRAQWtRPrJiLXM4CXAzMsyTrWRmcvhbhVoPM:12000000000000000000:OKDOT:CHECKMYTH
15mRgckHHwyi1UcfswvfW5NPqJqUN4xAYTiax9c5uM5QXEnB:12000000000000000000:OKDOT:CHECKMYTH
16gTTPkLonbHfVZ8pSkSTrctzXy5aqhGNtm91yVhwvxXegBQ:12000000000000000000:OKDOT:CHECKMYTH
1nxEr4vML5nnGgHtSEhivSMCCdviKMwDf9PanUbbPcbGxda:12000000000000000000:NEEDED:CHECKMYTH
13VP4XkrQTcr3XubXRZM4vYZiDkfK2L7vc63wLyKsVBiTVva:12000000000000000000:OKDOT:CHECKMYTH
13p6cypBfkFVVX13iA4QTLoKSHsJ2V2hZB73n1CdR7MKHhW4:12000000000000000000:OKDOT:CHECKMYTH
14KFBTqKRgrsyfPoqgu5fX68yHfB5DRnVhgh5vCgvpRGhoDt:12000000000000000000:OKDOT:CHECKMYTH
16QDvYhmsWWkrEdFN9sFN61JdRau7eHeRKcupRY6Wz9Z7N2Y:12000000000000000000:OKDOT:CHECKMYTH
16WKPp8oLXBbBngorrw6Lpo7pL1F8T9Zv6hQin4QF6HW7dBe:12000000000000000000:OKDOT:CHECKMYTH
1hLBe7Jme1889G96e2TCsP5mGbVitd8g9mzG4akvxzpKqoz:12000000000000000000:OKDOT:CHECKMYTH
14dh6JYMd6hL8Vsw5SFPsgUcZ1XcxKVCHTwhsmKsvs27FUK1:12000000000000000000:OKDOT:CHECKMYTH
12CcKTS48sK2n3nfjvbq4kV3cvs6kj9x4dKHwxGT45ibDzmL:12000000000000000000:OKDOT:CHECKMYTH
1XTKHit3oG228kv3fS2Jc3p7tc3eXQFihq2xrvp8m54hWox:12000000000000000000:OKDOT:CHECKMYTH
148yYahUhWUbgfdwW7JT4Xa7pSzkr5vFEU4NkL9Xsr9oxZre:12000000000000000000:OKDOT:CHECKMYTH
15vJnLXQPRLtzY5LyTAWp9GyYV5SHaHKChxeZ71v7z3j4N2v:12000000000000000000:OKDOT:CHECKMYTH
16YxdwmQUHj99pv9KwmMVdT1CcMhkqaHAC1XfStrJYvfJngV:12000000000000000000:OKDOT:CHECKMYTH
13PK6KGTuS6hDUmW3HmSU43t9ubT7r5yVmc6Vw2Bwsfzz12F:12000000000000000000:OKDOT:CHECKMYTH
14aULY1AUeuAsrtPUKro4F8suBdN2XVXZpSatw59EmQHiQfB:12000000000000000000:OKDOT:CHECKMYTH
12gBJyZSLjUD8KyDmyM5JshwceZq6y3gCh7ELB9pJiv1B4Rw:12000000000000000000:OKDOT:CHECKMYTH
15wbow89FtieYzvMFUPQAyHh7cuvPeSra8PKvAzNexdJ8QJF:12000000000000000000:OKDOT:CHECKMYTH
14neU3fFhAcAzAphwTJ1HNkpLagWDVjKnwF1oxraYqqyD7v7:12000000000000000000:OKDOT:CHECKMYTH
15NXFTHvfw3jcHiA5njzXr6yGvwpaxcYkdQMHJCwApAdke1n:12000000000000000000:OKDOT:CHECKMYTH
12N3pAkJiWHVpycrScDg9eqtQeJpxgZcLQFdnwLg4Pd6A3zA:12000000000000000000:OKDOT:CHECKMYTH
15GBqvc77gsi6MXSNu8X77vHUffSLQj7W59t36pQ1fYbPfcu:12000000000000000000:OKDOT:CHECKMYTH
12AUYY4n63MefEsvBZ6tmtxtG8PQuWuVj1dXjyLp3ZXuH5aB:12000000000000000000:OKDOT:CHECKMYTH
14nYBCjRpKrCgZtkWxazYwmcTd246aBLnugxq8seGmhu7r2Z:12000000000000000000:OKDOT:CHECKMYTH
16eXFEM3R1akqWbQ3K5kr5kJzjvCZ6pkVvZ2X1T1GbzECUbL:12000000000000000000:OKDOT:CHECKMYTH
15NEeDT2GkBT13oiyim4J79ePkwNBqxUvSPezKrR3F8c7BYM:12000000000000000000:OKDOT:CHECKMYTH
155E5feAg6iQ3EjE9c9viF3u8WCZypwLrnaVs3CZBxMkXq3W:12000000000000000000:OKDOT:CHECKMYTH
13wNMizs4a4vFD8gL2GJvNrMfDLuj6vCFnxhUZTVuSkUc7az:12000000000000000000:OKDOT:CHECKMYTH
14XubmsQDrbre2QbMmHPpPpgMBeLkRgdUWYXJz7XiKYB3sVL:12000000000000000000:OKDOT:CHECKMYTH
14W15jP4JpuePSdLxfzpXuuCTUt6LBToyNHwf7KMsSNEAiW3:12000000000000000000:OKDOT:CHECKMYTH
1528u6yaqv5uJCLiUoYt11VxyXE4mShzuUkvhZxkey7QnSrA:12000000000000000000:OKDOT:CHECKMYTH
1iSJAjA5woLazR5HLUH6wnPZPwqir12PAnVjHxipcrRE1VH:12000000000000000000:OKDOT:CHECKMYTH
12JH7rBLp2XyAFpnRAUMRroZ8M9E8uPFdVi6vo1Kqr5mGHDa:12000000000000000000:OKDOT:CHECKMYTH
12ZS3UFvtZ5BhzcKnXKVCfUMYyYe75MCm2pFmsQCPazj8tK4:12000000000000000000:OKDOT:CHECKMYTH
15ApUXnVpthiu3mFAJ5xCwcMzbjWyqRk5FjiR3MnvaELBuEG:12000000000000000000:OKDOT:CHECKMYTH
12NZPqNAvswbwFUe3aVi28QwQu7Y8tQGLU9ErbgTT4tSXmDY:12000000000000000000:OKDOT:CHECKMYTH
15JzPKAtwkkAYteaeCY1dbYwPjLqKnYtKwyJqr74VDbr9k5b:12000000000000000000:OKDOT:CHECKMYTH
14kniNUAxa2uCwcfFqpHg2C1PNRhVqfXW58Fy4XXbEDyL7Lk:12000000000000000000:OKDOT:CHECKMYTH
133hWQLaL5wdeKzihdSbbhsbeiQS61Wu88x1WMw1xoWry3hs:12000000000000000000:OKDOT:CHECKMYTH
12z3Hjhe3ktpWU4nsfUvFTdyVtVbKnZhri6Xh7pqC3RYWKrT:12000000000000000000:OKDOT:CHECKMYTH
1XKYE9NaCVLPs1ky7WPEXj5JUiYcp9xvY2sCeqGRxsa9yp5:12000000000000000000:OKDOT:CHECKMYTH
14bizmkzLLUPirSNCD9B1AAevAYauiK24kt35zRSzCv9Sn3G:12000000000000000000:OKDOT:CHECKMYTH
15jYjfqFmcBMUNWwwnTE9Nm9bmGbqpFbGDzRV1vYBjA1qR98:12000000000000000000:OKDOT:CHECKMYTH
13c2WdZmLchpV3qSXjxYTqWCiXwZfVofWWfcHqYpHULVQfoe:12000000000000000000:OKDOT:CHECKMYTH
13zYf4gm6aDGNmEGpWkSjSWkvSCRqEJjNAH4368zdjjsTD3B:12000000000000000000:OKDOT:CHECKMYTH
12pq4WpXRwTPaKEQo2oyJeg2cqDzA2yTqDaZsZGw9PVKh99g:12000000000000000000:OKDOT:CHECKMYTH
131LkKxpwkRG5T5EWAeigiS4Kht44gjiPdvimFRBKzCojqpt:12000000000000000000:OKDOT:CHECKMYTH
12JzMDKVkJnmziKKN3C3Q27jpUoDD1RcSV3oM5JDjj1KAACt:12000000000000000000:OKDOT:CHECKMYTH
13sj7meSqnriCfVADy2oXp2DxRaztjrQYKZGsZdRNNPPJuCR:12000000000000000000:OKDOT:CHECKMYTH
15f6Ccy9ZUGwnWJmNTPssFzWFTLX7qcYgpc1dV4Zns1gaF4h:12000000000000000000:OKDOT:CHECKMYTH
13HkUwTU6qQ5XjHBr34GRSddadEFJrc4PP4wc47v69m3TftM:12000000000000000000:OKDOT:CHECKMYTH
15fRCgoFcUXc9jLdLzi5ZwsEeU7y3hxfb632PW1NShBSJfYX:12000000000000000000:OKDOT:CHECKMYTH
1554D8dNWhchV3ZsuFxdjaWZPq6m7LHJQp8nfuw9eAUnW8aK:12000000000000000000:OKDOT:CHECKMYTH
12c5os4qjKzHvop4KfTuNEpvmdcbHtupWN5CVQ8RsXnceVEh:12000000000000000000:OKDOT:CHECKMYTH
14HizcbozwAHesjHr78xrDWTZvcxvYZ5AMpJFQgH93bXKPd1:12000000000000000000:OKDOT:CHECKMYTH
14ArfDdqtqKzyz7NcFSThKpEMGeSqM4FgkyTZ4dvQQ6Ecky1:12000000000000000000:OKDOT:CHECKMYTH
146nADxzTkaohQFfKnRHi6WtYPxnWTxJbPVL3gsnAfDWSnRX:12000000000000000000:OKDOT:CHECKMYTH
16LrGet21ZFJFWdBgQT9uDqEJj4EhQ5EwmeYEN5mqrYkfwnd:12000000000000000000:OKDOT:CHECKMYTH
1eDBqe3yfbNqwGtTcF67j1Yu8urPrQHtiq5ThRgWHfZiobn:12000000000000000000:OKDOT:CHECKMYTH
13svta3qshboTowd9CtA8U6LnT6jKxQ7jrce8xNY7PZWm6oe:12000000000000000000:OKDOT:CHECKMYTH
13HPs3DTv19aJdA66aJofaWEtgi7m1jg9PVBx7sF3vTHUpqb:12000000000000000000:OKDOT:CHECKMYTH
14EN9hkgUnoyikcQzvLUcbJ8uozGWYvdtuhF383xUw5rhMct:12000000000000000000:OKDOT:CHECKMYTH
15vMbgvRbLxjZHaJodfZTcrAzdkLbpmNhApHiwC2FJAWmNRc:12000000000000000000:OKDOT:CHECKMYTH
1VVUyxozcBSsbbMyUrqdiUUczr9gWBkHub4SRap8AdQkjaR:12000000000000000000:OKDOT:CHECKMYTH
14nG4XFdiNkUQBrLDrY22ZF3qcmezW9awdydGs5x4L4EpE7S:12000000000000000000:OKDOT:CHECKMYTH
1to6b6bc5u13dC91AvYTjCR6Z3UeEfA8Z1pzWTXUGTCtLgG:12000000000000000000:OKDOT:CHECKMYTH
1bFwm5aWW6WQJ32HNBjsPqu5R1L6s5VsoyuGX4jFj7f4Ho2:12000000000000000000:OKDOT:CHECKMYTH
14x4MspGrZmEV8boMnd5qUPFz2a53jKt9TffBEGbunhYMD6c:12000000000000000000:OKDOT:CHECKMYTH
16m7YgBHV1Cgzpjj7MSkUkHxDi8EFwLrscx4eGtDzvaoL1jS:12000000000000000000:OKDOT:CHECKMYTH
14LEZrVpqCSBK9EKt4tXQ1C7oVnNKrv6L8wqwN8XRsY58bpA:12000000000000000000:OKDOT:CHECKMYTH
13bBbtUjc3pALm5SkBe6yABuivwQjMA6fK93feFrTUNh8JBL:12000000000000000000:OKDOT:CHECKMYTH
14jn1QNNf7CdFENKySVYvm6Jk9TXunnk4EWKD9HKatqPFCs9:12000000000000000000:OKDOT:CHECKMYTH
14aKimbyyRV7Q95Ai6GtuWe9ALUVieKcb7nhg4gSpbXCGkDo:12000000000000000000:OKDOT:CHECKMYTH
14aHU9hHdUmgS2sMDSLrJr949dzFQjLWSJ1jUUJDc6rbdj8i:12000000000000000000:OKDOT:CHECKMYTH
14S5e1toUwuoLrWqf94PorAsGVoBWdDhTyUXMnz9FLREU5x:12000000000000000000:OKDOT:CHECKMYTH
1F95XECQ7YEMSkNnhNQmGpwqaEoy6E4PWYd2ikDow3FZyec:12000000000000000000:OKDOT:CHECKMYTH
15wz9RFjWVajkfhJ447SCkqyC9x8FJTWf7QPKms6xmNU8SKK:12000000000000000000:OKDOT:CHECKMYTH
13RfUt1t1wnhHvYD9rXjVteezhv4Aepu6RRE2nrndxaeN9iM:12000000000000000000:OKDOT:CHECKMYTH
13Mfs3p7eCiRhjwjr8TgxPpwafxFVtdiW2FHFjRk8AAg8bSB:12000000000000000000:OKDOT:CHECKMYTH
14GRwhV3xVXsUFg1kv84t1iCqAPzCHMXYP6VewvXKCKfNbzZ:12000000000000000000:OKDOT:CHECKMYTH
1LPxod4YsbC6y9UfQ6sK1x8uD6MxtBPQWzPeYJi3Y7o96dw:12000000000000000000:OKDOT:CHECKMYTH
12wK2BxhcToTD6sG6zPv7qtwHH5L8K6F6UfqBtjb66GM5aWu:12000000000000000000:OKDOT:CHECKMYTH
1onjPLrW9ASMqECHSePndrvgzoeDztncZo3e5NY81SDUVhJ:12000000000000000000:OKDOT:CHECKMYTH
1xPti5WRJbn9xZyVGsjtUbF9CGXPGPp6iNi2Px34QV4tLmB:12000000000000000000:OKDOT:CHECKMYTH
14oGDFN7kkcCwR3ARwhsed5aj2w2cWVvwLHYCG5ovr4TaFC7:12000000000000000000:OKDOT:CHECKMYTH
15MvF4H7T3VPDKtJpvNXSdfvVYXKS3g2JTWrKWxVbiAHv6wS:12000000000000000000:OKDOT:CHECKMYTH
134YsHwe3ef9xDRE2nh1xQsMamBNR2tJF1rqS6q5LjFuW84a:12000000000000000000:OKDOT:CHECKMYTH
155R1w76neoMfeWk7sxakXNXcEHsJ4Z5qTKragzmYmTs9NGA:12000000000000000000:OKDOT:CHECKMYTH
1zsAah6MHEvKek7c48xrQEJnW7e3EiZS1WidL1zcD7fENbS:12000000000000000000:OKDOT:CHECKMYTH
14MQHXVXx5oMwahR172MSiPKfE7gc2sugSh5bh2jB48hneGM:12000000000000000000:OKDOT:CHECKMYTH
153qc1Y6uRurUN8aWvp7BGTwwtpKXtDGuWzgqRtxrJ7yvn2Z:12000000000000000000:OKDOT:CHECKMYTH
13yTHgvA11D4WkVpLduMxpxRM3n1M158ctLGXCFRicCswCvG:12000000000000000000:OKDOT:CHECKMYTH
13ZgGTCHkkyoPGAHBhT6n5PjwoJf59FkV8DZj44Q9S98xuQt:12000000000000000000:OKDOT:CHECKMYTH
13g53k5KsESef5u6pNtBYJQYrsjBZ5hQwvP3EdyZA5VqiRyF:12000000000000000000:OKDOT:CHECKMYTH
1419h6AdujjJrgQfc3mBhRG4oBmKktGJomCLeKtzVACnnhQa:12000000000000000000:OKDOT:CHECKMYTH
14cac197A4mNNwRv1dqWkbqdNP6AkPmH9rMR2juytYP9TQPi:12000000000000000000:OKDOT:CHECKMYTH
16dBUGgQ91zRfhrb3JQVfeUBpFZb6vbf4E8TeAX5u3iox4AY:12000000000000000000:OKDOT:CHECKMYTH
157RjyyCE2qnirUXdWJzXUb3tyVhMzcUp4WiCkRZNEan1eBj:12000000000000000000:OKDOT:CHECKMYTH
16EFbHJ46RtJmrorJwkGYzQYGiW8CCPNWHg3nvw5DwCsZH2Q:12000000000000000000:OKDOT:CHECKMYTH
13cmBC2d1oySiDPFJE8R77bDAoUye14teo811pY3KLQdJfx4:12000000000000000000:OKDOT:CHECKMYTH
1dXXeypmgBLyBQ3HxZm4okqfN5BJpzoB29wdBbs4d4jknQT:12000000000000000000:OKDOT:CHECKMYTH
156LMptZbkAgcvhbv6jcCYjH5ghEaodu1ihcxS19WMtewN5B:12000000000000000000:OKDOT:CHECKMYTH
16cQiDtJFc6g1aBn3eF3LjVzNBmg4uA6kBo3939YkjSssZza:12000000000000000000:OKDOT:CHECKMYTH
14Kqcf5KWNoaEC7eP5KVL3PUBoDmWF1Ckrua9qVjyqgokpcx:12000000000000000000:OKDOT:CHECKMYTH
1XTZEWhX1ebCApmtfoodkUbF1xnVvnds3zNMma81hWa3w7F:12000000000000000000:OKDOT:CHECKMYTH
12gJJQEoWL9RvzhbjpRMmhQPeAhUUz1xNwouoYyubx6oA8Lw:12000000000000000000:OKDOT:CHECKMYTH
13SV12UZkxbZRBit8Ew2pZTMsDLcMUHtHWhzyoEreGgim4Gb:12000000000000000000:OKDOT:CHECKMYTH
1FWY8QSz6CXMbrX7AZZgqJexc7Vz4Uz3DcLvsnsZ6MnzxUK:12000000000000000000:OKDOT:CHECKMYTH
157EsbwG7BF9BkPGrYChQCp89vi4TKiPLC6gegWCCwXyf7Er:12000000000000000000:OKDOT:CHECKMYTH
16Rmio8XrzpLg3weJxovTwYjbq2TesP3gH88a3MxUc4ERCw9:12000000000000000000:OKDOT:CHECKMYTH
14r5XL9p4get8a5N6FzoTDEEet6mdo7Qr3B1wrFtGT82e1C9:12000000000000000000:OKDOT:CHECKMYTH
13EZeqMmjwXmZhTjmc3yZiq2mhv6YrdRgJVLwvuNdGcD5oT3:12000000000000000000:OKDOT:CHECKMYTH
1424rCHQJ1Y9nxsNrL7djoWdefRDDHmNR8AfTvfCVdA7stfC:12000000000000000000:OKDOT:CHECKMYTH
13nxo6kfJ6WzMASXD48BSKYHDfJUXgaxE7q6DVjSkU1EYJWA:12000000000000000000:OKDOT:CHECKMYTH
12UpbCvN7j6NJ7NEv4Cj6Ub5DvZDrsBGCdnKTGb8b6u81jPC:12000000000000000000:OKDOT:CHECKMYTH
13u3mPyDauWKukf81Bp8W6Vh6pq5kC1qAhdXSoN1BRrjA1DW:12000000000000000000:OKDOT:CHECKMYTH
12mdyeUdQxREbEGdeScj9AMERqwTwbBXJysY7JqfdkHFGVRf:12000000000000000000:OKDOT:CHECKMYTH
13mBRgSLEQKEzGxnoEm89Hzg7PA5qRSdkY4kdhAM4XdCkFNr:12000000000000000000:OKDOT:CHECKMYTH
122wk7aCmeEGYvYVQmdf9bBHud4dRMowP5yAuTgRvLERJR8F:12000000000000000000:OKDOT:CHECKMYTH
12a1tM1518hK94qixiwbwCoVpj55gFjaoWP3YX2Ppcxtnepw:12000000000000000000:OKDOT:CHECKMYTH
1mGS1P3XpcnhNu2HrH8f56dE9kYYNqjNqyv6zwqaTiRo2hH:12000000000000000000:OKDOT:CHECKMYTH
15CWX5QrZQaUDayWtVsX7yas4c4JFApSWZwkvLPaESzsno7q:12000000000000000000:OKDOT:CHECKMYTH
13SSL83KHakustFjUTkNZgEMpK33hnFKeduvqpPJE1uhYQxU:12000000000000000000:OKDOT:CHECKMYTH
13pPtC8CFXrrJx3NqT4Xv1V15s3PrJrZPR7nPeCZAahQBfWU:12000000000000000000:OKDOT:CHECKMYTH
15dUs3UoBFbFQbVnoUqHjcWCrBDk2ZNEywfE3jfnWKq8PH6J:12000000000000000000:OKDOT:CHECKMYTH
12JhT5CkwQ69JMqwi9tamPfRdWXU1ymkC4cJoukqKiqvRgYp:12000000000000000000:OKDOT:CHECKMYTH
15BLzzJybgMKmA5XpsAkZAw6WFRctFFyhsEA3N3sHksKQHuV:12000000000000000000:OKDOT:CHECKMYTH
1eCcPSuNSPsG18X1bTxnRmQMTgWUzKJCEofjAXHwSAMuXdZ:12000000000000000000:OKDOT:CHECKMYTH
16Pk8h4CGYfex3rKXR8jyPGDZozuDQMaZPhX9baAzVgcmJsD:12000000000000000000:OKDOT:CHECKMYTH
12RqeovrCezrK77Vhya5NQGyZxDbp8VaNTTsY2wZmi98LS9z:12000000000000000000:OKDOT:CHECKMYTH
12Fhngt2Nnv2dtCQgPpujQUr3aRWQjugbRPWz6sYJYrwqEq4:12000000000000000000:OKDOT:CHECKMYTH
13YM5XA9BXHNgdPHkJkCTyjF99XT149gvELQsJGGWkb3BYdz:12000000000000000000:OKDOT:CHECKMYTH
15ExvGHKv57hbGFiQ8Q5WKfb1J6R3xgAu8BvH8YkRx2V2FPY:12000000000000000000:OKDOT:CHECKMYTH
14Fdw1JS28dUG7hsXyLfp9WNJ9BRYb3TxWBTYcyNNYEHDHi2:12000000000000000000:OKDOT:CHECKMYTH
12SqyApUYk6pX9ChVZG9U5mRt6aVJzUZeDi1gnFNZYNQtL4F:12000000000000000000:OKDOT:CHECKMYTH
13DVrtGP1bUEDg4d3bRFMo4F5AzXiCaty5xVdFvLWBBsfCPH:12000000000000000000:OKDOT:CHECKMYTH
13dXNUeRBsGDfYDTgTHTetyoYLDGmjLQZrzcjsxBiybe3ae4:12000000000000000000:OKDOT:CHECKMYTH
11v7bDuLci7FreiLfh2C3ZfumosT2N3QUKBHaytSmuDocSV:12000000000000000000:OKDOT:CHECKMYTH
12RdmUFJAaph2bY7znAExtbBm4zMor6dqoF32EPG6FJTHknh:12000000000000000000:OKDOT:CHECKMYTH
13k5ZjdGGySK9muaKeZPir4w2wM7PqJ8iezL9QdTgoQvWNW:12000000000000000000:OKDOT:CHECKMYTH
1b63XABbGJXFnmhAUP1xfh2CZvwz5ME3iyGL7XFRhUpN7oG:12000000000000000000:OKDOT:CHECKMYTH
1jy2HNCeA5ThezQT44zL9xSMCcwSMB8Dq8JH3TcVoujWWYA:12000000000000000000:OKDOT:CHECKMYTH
16coEoMjP8CayXZQGwAKUExvbmHttq7MVKBu7jNZHouomynA:12000000000000000000:OKDOT:CHECKMYTH
12Mup94tcstcNho21kAedtokoUboHyXqApYuLJwdc67xgBqf:12000000000000000000:OKDOT:CHECKMYTH
1B8Ptfk2LRtLVnx2Wt8nzE9dAFL91sQKrosUKGtU9v4spBJ:12000000000000000000:OKDOT:CHECKMYTH
13UWg1U7Zf1fpMjA3ktBfZtJykYi44bS3pWFixY67BgNDUav:12000000000000000000:OKDOT:CHECKMYTH
1299FwSXyaQFgiUFjPDjKDQYxCm8M9jPtRMNFxLh8yM7gycd:12000000000000000000:OKDOT:CHECKMYTH
13LiHJSxJJ6Gunn4kFhhejgLPPDKDKVqGorrwqHwh3e9a4oP:12000000000000000000:OKDOT:CHECKMYTH
1KeSPriYw9XBQBmPfz5Rh1uxqhdyerWQuht1GiKiBs1XbN3:12000000000000000000:NEEDED:CHECKMYTH
16N3qWkRcqBc2tW5NyEfRwxyHxxKWH5Rp113N6FTKqTnkvEy:12000000000000000000:OKDOT:CHECKMYTH
1soRZxpRV2puDTMMWej7WYNR7Ed15vBD9n4WkRnqsYa9atA:12000000000000000000:OKDOT:CHECKMYTH
1318GzGoz1cqr8Lfbdo8GY9Gf78VNexU3eDQMYgPEwooYHGF:12000000000000000000:NEEDED:CHECKMYTH
14mNE4mYgqTKu2Qetqj85cEac5AdkF47DnHHrXDKY2MyBQM1:12000000000000000000:OKDOT:CHECKMYTH
1k3myiTcLMCjWXfwdx36tjMCsenqgZCzpMKDJXteYeLcZEu:12000000000000000000:OKDOT:CHECKMYTH
127vfs31mKvov8G9t2KKk5WJ2VEDRB62RH4ExXiYh2TD2A4a:12000000000000000000:OKDOT:CHECKMYTH
1UKAe1kdoQxucKhWYhvpmnVq9EpzSYoQA5Rp1rTeC1yQD1u:12000000000000000000:OKDOT:CHECKMYTH
12PZQr1yH3ELatojVbyfGjD7eYgWu8qaAfpHnYVDQajCJWHk:12000000000000000000:OKDOT:CHECKMYTH
12SNq4dhHDaExGRohWhjGqg8TbgghBHojVXbrvxX872KPpHe:12000000000000000000:OKDOT:CHECKMYTH
13zFYGFfSj228xM8d6CWyAcCmB4enBbGTpvn37tCVJmmidTp:12000000000000000000:OKDOT:CHECKMYTH
187W7SjM6mVjZjdTszMNTYoxqy112gYrSGNVzAeh2Tk3xS7:12000000000000000000:NEEDED:CHECKMYTH
12Up5qVn7UQp1nReEt1MaZW6t4j4Ymcy8K7PN9CyKfG8Qpuy:12000000000000000000:OKDOT:CHECKMYTH
141BSE6NzB5xje6WzDE2QnUi4EpkjAKTHobDZ4nkcY5BQ7Ch:12000000000000000000:OKDOT:CHECKMYTH
16Tt4h5HCbqwxLLkzZmbvzPqov9hkpJmE2q4DGkjtxUbnYdY:12000000000000000000:OKDOT:CHECKMYTH
12ztFSgKKByYVtGtgy1fVB7JQ5pbsTyxLXQwCo9Joibzz8uC:12000000000000000000:OKDOT:CHECKMYTH
14v8eAiZJc453gY8CSkV96RBgkmUtMG122JLvAS2uiGi4eVQ:12000000000000000000:OKDOT:CHECKMYTH
16SoB29GSWVSE9DENvKkLzbWRPPhEu3E8sPgYGGsfyX2egdn:12000000000000000000:OKDOT:CHECKMYTH
12AuY6CHBx8EpBzC6tqLmjRZZpY9aWJMDz51j59apyqfQgWw:12000000000000000000:NEEDED:CHECKMYTH
14dAhRkcMhxsTiDcfo8gyTVy2tq26fPsszy2BFcPyA3J6ks7:12000000000000000000:OKDOT:CHECKMYTH
14EZXvP7ecN2bUJn8p5WHgRo5M79M8rVePXjR6ESTgAzwrXp:12000000000000000000:OKDOT:CHECKMYTH
16F9Ub9DjwXh8BsJJCcWvcwTENnTqRzcB2ioV61h18LWJ7sm:12000000000000000000:OKDOT:CHECKMYTH
16V6M2th44RJZHsANob97xU8KJ33sFSxDhxFXwaTUhAHaKWa:12000000000000000000:OKDOT:CHECKMYTH
12FDJTRKE8p88q67F6Fo8GPTh7rzWpY1u4521PU9iDPzKUav:12000000000000000000:OKDOT:CHECKMYTH
12QnDRG4dkHTbDpTVT4R58iLLqKGvrk6bXC15zmA6Vc7pEii:12000000000000000000:OKDOT:CHECKMYTH
1KsEtFUzEpSimxJmwPVBQk8gagrqKtVV8DHsMTc9tUSaSbf:12000000000000000000:OKDOT:CHECKMYTH
15pFa8GjreuG57XqGhY9XEQtn5smtmjQ66dGRDPqbYqiV9Ve:12000000000000000000:OKDOT:CHECKMYTH
15YTKhKqfNzf7onemFUznDS5PtiLronYnTayQnzze4T6gPf4:12000000000000000000:OKDOT:CHECKMYTH
16NQw4sjNYAgsctauj1YQTJNApqSAfeL2Wds3zdA6rF6D8bc:12000000000000000000:OKDOT:CHECKMYTH
1FziKYpTUkUDuchEAHKG3wW6E83kNkeoebKb583xGQo7aNM:12000000000000000000:OKDOT:CHECKMYTH
1a4Zm91qhhJX4dN2ovtmmR7Cqxq6K9rMzj35efxnV5fWdUt:12000000000000000000:OKDOT:CHECKMYTH
15WtG3mpvpEGm1goEtfR19TxZgp4LtYQqAV2321y6Ejz3ECC:12000000000000000000:OKDOT:CHECKMYTH
14HuEB47Nx6kp1F9KTUfyHnQqMgEJovYJTWNyV3EVqCLQvSv:12000000000000000000:OKDOT:CHECKMYTH
12uMtNE6eUiiyAa1HKqgbwYidLJezrAcSgLw4Tz51A9yhBPk:12000000000000000000:OKDOT:CHECKMYTH
14Y3WtBfnbaLa3PPo7ovu13MYGtHQLU2W7wY2ZVFJ4VzEF1s:12000000000000000000:OKDOT:CHECKMYTH
1j6fVhLRVsBakyqsJ5MW8w9S1VU2Ff3Dv9JJqW4ZxHyQu2Z:12000000000000000000:OKDOT:CHECKMYTH
16am2VPNcdRj8D2eEqSwzTwH5MrwrPCwkxUzmDQb99hW7MwW:12000000000000000000:OKDOT:CHECKMYTH
13hewyY6fnDjxAkK3Xw2iuLHF2BLk7xFEgJPFZGeojvEWbTz:12000000000000000000:OKDOT:CHECKMYTH
1LwLXV4bzMKApmxR3g57kxqenxXBW2oLokqkNmAP7vMo2u2:12000000000000000000:OKDOT:CHECKMYTH
127ouLLUbPwE4bTwoTRZiKw9MTWrz6fHBb4S7TU4RWCNcZhP:12000000000000000000:OKDOT:CHECKMYTH
15YvpMerTsSPxQr2RivcL1AFij11HrG2K89ddg1rLG5EKQua:12000000000000000000:OKDOT:CHECKMYTH
15wzANQHdtnduxnMBoaGddKa2fZqfLsvq5poNPdDrdkoFFLZ:12000000000000000000:OKDOT:CHECKMYTH
12caWCzREV6C5UArdRThJEon1oXStpjNAYDqxHBsLhYVmG5J:12000000000000000000:OKDOT:CHECKMYTH
15FmhuWXUhDgENJxCPipzFFPxfqcCPumfYB9wT7PyHEANDf1:12000000000000000000:OKDOT:CHECKMYTH
13KrJpuKWB14ZMPbT8hQFHx6Tdt6PyvfaYg69mRgUEyM4bXL:12000000000000000000:OKDOT:CHECKMYTH
16VEi1hiD1pYviE6BUEgGPbHxgUX9fvbGako52ydZGjPeNpz:12000000000000000000:OKDOT:CHECKMYTH
15x9WcJGnNVnzHGfN9KoFdeyMF7ZEV53k2P8xvNzeRSJzD1C:12000000000000000000:OKDOT:CHECKMYTH
162DLg6cHwo5L1UNg1xCVFRw7q1DefSDC5EEzzYgXS84v7JM:12000000000000000000:OKDOT:CHECKMYTH
12xvzvJB5W1MC1f3kz3uddjKK5DWSBPELCWPiPth43xzg7af:12000000000000000000:OKDOT:CHECKMYTH
16ABNhg8zuQQSSobvfqyektcx2wAAaTZNKnUjbiZXobJKs2S:12000000000000000000:OKDOT:CHECKMYTH
14Tc2uahJc8huKdXP9piTjnd8JXMQXhuP4SB26A7nQatqt8x:12000000000000000000:OKDOT:CHECKMYTH
13qJGUNzm1P8rGxGT76jm21AZkNW7xrSYuDhDq2Bh3BF32xx:12000000000000000000:OKDOT:CHECKMYTH
1wwU3JRUobMkaYepemsiqAf9dVr9d1R55nhiP9Lu9nK7yjd:12000000000000000000:OKDOT:CHECKMYTH
13Kf4BTa6pCG6dyGauiik4xhYjEmSa8iiTnb4yo9z5cD5yn1:12000000000000000000:OKDOT:CHECKMYTH
1MieoFWhMMArE6rFNeukESvnXnpmkKRyCWrA7xYQb4tQHxt:12000000000000000000:OKDOT:CHECKMYTH
14V37dAQw8KrDfFbzhTuU9CbxX41yDF1qznvHJ8UBrc8HrQU:12000000000000000000:OKDOT:CHECKMYTH
15ZVFSPexKBs5vLZzHkzd18LkLguZpzcAf5M7XATHJ4ZDdPL:12000000000000000000:OKDOT:CHECKMYTH
1C1eBy9mJruiLHaA4KvZjfuyZN2CdbieYaZvNwVWCsjA4ZH:12000000000000000000:OKDOT:CHECKMYTH
141Qnt9LPnAfnurdY8RXcB8th5S5SNZbgk4ULpDJVdp5DSr2:12000000000000000000:OKDOT:CHECKMYTH
12JusYvGZinphzZSP8NSjXaRasjaxti55FHHZsrBfXHsZBwP:12000000000000000000:OKDOT:CHECKMYTH
13MgRB4QHJhYAyAjfoxDWkQ9VUq7NjH3MPotCvf36yTSa23u:12000000000000000000:OKDOT:CHECKMYTH
155kMBdmFsEvgc7vKk2zuPhRrVPCcPfh83YATPxq5m8FLZM8:12000000000000000000:OKDOT:CHECKMYTH
12Lpm9rS6PGh5Eba235NubmEvU9SFf54rvxjasMcq4hmCagp:12000000000000000000:OKDOT:CHECKMYTH
13m1gNhqjpCbXisRATtmA1nuzeFfDidXbsH3VnafL9CB2LWK:12000000000000000000:OKDOT:CHECKMYTH
13WWQVU7cXafLGas5vMMJRjfd5rgb1z7sous3DiFhJPimxf6:12000000000000000000:OKDOT:CHECKMYTH
15ZRefeiv6B1qDCep9ARAcxox557vj1snMFYfvTNcMdncPgj:12000000000000000000:OKDOT:CHECKMYTH
11FwaMNESnnGRBnWh8fCsz6NFCq8TrTMjpQ5458GavvWBS9:12000000000000000000:OKDOT:CHECKMYTH
1ZLz3otg2quv1knSWC3Sh6sXXEyNokNYjGqNt3tBMSsjNH7:12000000000000000000:OKDOT:CHECKMYTH
12Fmsas8oFnaQ7eTrmaZPoRHGQFpcygV5p6DLteyWjmSQA9J:12000000000000000000:OKDOT:CHECKMYTH
16bfpRufiQUFb5ucedVPP2imYQFS9iC16AnrPbWnKjcfjGU9:12000000000000000000:OKDOT:CHECKMYTH
165dFFe9FRZeLbwwmhChqDFyVUNKMVoTf8k1b1TAFm3nrenG:12000000000000000000:OKDOT:CHECKMYTH
14rNeAkPQb6D2cfWZoAV9mJjN7w2kvut6GFXY3bAkifMxq4J:12000000000000000000:OKDOT:CHECKMYTH
14C2HafrexCTy9UGkecw8uCCe7ADU9F2BSjGjrWxeso8Q4zr:12000000000000000000:OKDOT:CHECKMYTH
1k8vbRDByXftpVMPzqy3y8nJUeAayPPAmdbZyMjh3ysjMjv:12000000000000000000:OKDOT:CHECKMYTH
14D3zaf7UCzMhgQfXALuAxP6bPvLNw5EiXykcyuWh1rmgjrG:12000000000000000000:OKDOT:CHECKMYTH
12YGUf1841LMRryuhoJ8RgHFkp7Kt7y5EF6zVgdkkcvcuFxr:12000000000000000000:OKDOT:CHECKMYTH
1jW9eStbGNqABTEb4LAjBNsKFARvjhoDLcn56h9YswQC4WL:12000000000000000000:OKDOT:CHECKMYTH
128LXj5D6sMSKaghqTALWBUcvaG7Q57QEXsKdVkzZiXCERnU:12000000000000000000:OKDOT:CHECKMYTH
16X7ZzgFJ1wgCrXKyxWYan9sk3j4VjTzW6qyoDbVep9LFToY:12000000000000000000:OKDOT:CHECKMYTH
15PkRGoX4hRh4VaszGozqcqnSxUyTZm5ndfo58KxHnEpkBmp:12000000000000000000:OKDOT:CHECKMYTH
1FBkMjLuZHxcU5dWXcEyz9njHonMZgJGiLfKePqHHy4JT3s:12000000000000000000:OKDOT:CHECKMYTH
12QnaYabXMfEHDtgZnLU5a5KRT1X1q5ZcKF2bS4F6XhtGyXu:12000000000000000000:OKDOT:CHECKMYTH
14NSBNm9cEwPJxDz9PYqzPmwjPR5zeCxf5NgquEsRuDiFfCv:12000000000000000000:OKDOT:CHECKMYTH
12fPqxq75vwRnNxY7Luykh6xwbSFgjNHLNGZMt8h3GuBd4Kr:12000000000000000000:OKDOT:CHECKMYTH
1fKD92Lk4nQtuP9YN5kQYUjPWmwx4fdPeMa33xvFDVJWr6D:12000000000000000000:OKDOT:CHECKMYTH
12gGBvDusE1h6xTEuiJizQ2vZQucVFiGu2RCpToBvG4guJbv:12000000000000000000:OKDOT:CHECKMYTH
14MXHBa5xykd2jxHwMu2KCoRnLez6nVzBeQMJiBat4tjrfkh:12000000000000000000:OKDOT:CHECKMYTH
12U7vvBp149GRHGQq2xoR7PV3N87WzANAejSfipCNE3KcLHf:12000000000000000000:OKDOT:CHECKMYTH
148wtJbWRrqQUaaQKWifSk1SMifAvhfK7GSiCwB4H34qrjC7:12000000000000000000:OKDOT:CHECKMYTH
15rpqejDmBapRYGyyz3p3G8EUT8sxEDbbHm32YMs8EfhDQae:12000000000000000000:NEEDED:CHECKMYTH
13kMJRKrSz3CYr6pkZNK8gqcvqSvYQEmnwgDdcVXu5oPQwvV:12000000000000000000:OKDOT:CHECKMYTH
12Kvk5Mvhe7gskywYnTUUXzQtrvXNh7X66rnqzzZutnrfLCV:12000000000000000000:OKDOT:CHECKMYTH
14bc9DhTMrpFLqQEHLt5Ux6ZnvsY6YMxqzWRJk2VWuperXAb:12000000000000000000:OKDOT:CHECKMYTH
14RBrbJ4Jre4Y8WHRumg8ZpTZ8arHXwiuZSjr3JQWTXHcP9P:12000000000000000000:OKDOT:CHECKMYTH
14UWCkt3wpVu95AzMZ2hZyQMea4fLruXbdqUJzQi6t4atv94:12000000000000000000:OKDOT:CHECKMYTH
15okB3sVmSrjeDbW9QivPLVLdoXUTSxTwySKFFDyUwT8McFb:12000000000000000000:OKDOT:CHECKMYTH
15pLVAyekYuo8dsmesx9jDFA8paPb4dJDxV7yPQGG6G87MBt:12000000000000000000:OKDOT:CHECKMYTH
1jtv88gyezgm5Lcf4VXC7Tm4NvW5PApxsre2AxgaYQ7QU2J:12000000000000000000:OKDOT:CHECKMYTH
14p9SQHKpjgdkKmCMJ1srvS2Roq58byGKRezkaMuKyEMNkwC:12000000000000000000:OKDOT:CHECKMYTH
14xGbPCgwTQ2AH8VPz5DndQpqS5AFbY2K98tsHjdLYezZM9H:12000000000000000000:OKDOT:CHECKMYTH
13hrBBev2dvWubJBCRaNSMCFca5jCfd4UsbqJq4yCkmywNeF:12000000000000000000:OKDOT:CHECKMYTH
137WJUbWJ1D3sTqDW9vaVPvEoQT6GsMxTGxak4sbcDNkaj1G:12000000000000000000:OKDOT:CHECKMYTH
14e6BLkL4CvgaqvJwD4vzUmwcniunfbxQZhJAAad7RRmJime:12000000000000000000:OKDOT:CHECKMYTH
153BxRaT9u5c3qm8x7ZBujZts6SL2BNXYpcaARE4z3umUBAh:12000000000000000000:OKDOT:CHECKMYTH
13HNbbuvQCe3iz5CLtLqfeQh4FS7Tq4dy1ihtfg4JiRvdBrQ:12000000000000000000:OKDOT:CHECKMYTH
12cWmHqj8YTLTM8W2F2J6m1rTYJ9azQo3iFtuyadfEDy3e8A:12000000000000000000:OKDOT:CHECKMYTH
12MrmY2Xcjq97ZYe8RvqfgKUqaykqXdoyn2vgsCEZse9A4P5:12000000000000000000:OKDOT:CHECKMYTH
12gevhfFVYQZ1qwfoEDpJ3EFUfLDCg9BeGiUB47PqDeHinu6:12000000000000000000:OKDOT:CHECKMYTH
1jXAzELbx1KYwuykYQ5rbNDytyYxaXQ4LeoPAC6AQYgDG3f:12000000000000000000:OKDOT:CHECKMYTH
15beBnqZQneYEacMbCCASzaFCXMuha6oBoqjhcH5Wm9DYcBy:12000000000000000000:OKDOT:CHECKMYTH
1313E9N643pEd3nJc3hDarM8C8535kGvbnXG3G2PvpX7AZun:12000000000000000000:OKDOT:CHECKMYTH
15NnLVz1x13QatdqyWP8Sapf9XjBfWzDKRaAYJGkFPe5P55s:12000000000000000000:OKDOT:CHECKMYTH
12YtY3Kbxtjbaq2PYiwfavGTb5C6SP4wziaVEddhoiErJxXe:12000000000000000000:OKDOT:CHECKMYTH
13QA3wqaTZtvMbY2zEuvyannMttinMREof2UAA3XKxEbznv:12000000000000000000:OKDOT:CHECKMYTH
15BErRGhTb2MgKHEbxRyXiyv1xLkrKsjndYALPH9ctERBbss:12000000000000000000:OKDOT:CHECKMYTH
13ogHX7HcGqXSgkcR1uJHvAQZL46UAjLgk8hJELki1Ym3rw5:12000000000000000000:OKDOT:CHECKMYTH
1P2QxfNoUbd2ftfVkC9U71R7r7Q2isGTBix97kpYQ4cSs9B:12000000000000000000:OKDOT:CHECKMYTH
12ZZpXs8TsUCa6nZ46fS5fxjg2bjCAWuAP9AJ1SW1zwQxvt9:12000000000000000000:OKDOT:CHECKMYTH
148DHR7hwpdfz5WyWbpwf37EcY5uKVXT9GGcViDi7SQwoaGe:12000000000000000000:OKDOT:CHECKMYTH
12z6kSMSCPrCgE6EtU87AwNhxMeCj1QviR7eNezQzHhpcL41:12000000000000000000:OKDOT:CHECKMYTH
124XqG1P7ySD2E9TyN9nh46aFu2SUP7DWULpk3KStWtfFN6h:12000000000000000000:OKDOT:CHECKMYTH
165nj3BeptrRwkdX4ayUxBsCghLn9M15wtewZTGqwjFMMzq:12000000000000000000:OKDOT:CHECKMYTH
15HuYn9QU35t6wP3PP6ks8GiaWKPMVEBmeEizSr9tzyRvZGM:12000000000000000000:OKDOT:CHECKMYTH
13xqLQ47FiBVghD3PtY6aYyFnPVEgbcnYV3btxkdFFNBvhKc:12000000000000000000:OKDOT:CHECKMYTH
14KT1SDZVEKDu1KvjFpPGi8d1pBtzqdH24PSPLFx74WCCicp:12000000000000000000:OKDOT:CHECKMYTH
14p2Cx6b8PULcXJvazbtRJ6h2GsmVGgX7nU7sdeZNVC75NEj:12000000000000000000:NEEDED:CHECKMYTH
14cWPLfHzj2kayG6roZK1sM7ruU2eo2UivgyAvBciBm3VjjM:12000000000000000000:OKDOT:CHECKMYTH
15R3pxH4YWcciSAkpJbrHr6E9DEpb5UGaARc5NQsNKWy5P2n:12000000000000000000:OKDOT:CHECKMYTH
14S2iycG2skvpXA8ZhH6tp5oZkfRF5j15BpHzbDfwrKC9Ugb:12000000000000000000:OKDOT:CHECKMYTH
15fD2c2BbjbPaR7qTY6TX67Gwas8zVZY5UPkDNTJV7xVRMHj:12000000000000000000:OKDOT:CHECKMYTH
15mZoEE79WLac92KjTd6fVMxchx9v8FmonEcKje3irM3hhrz:12000000000000000000:OKDOT:CHECKMYTH
156urfVP71cCGJn1qAuzc38drjDvbRd8afLj3DM57BQrdMxY:12000000000000000000:OKDOT:CHECKMYTH
1mfKrp2WGqCV2rc1E3hsuunXFW94PThi4izXrdfVf1KG21S:12000000000000000000:OKDOT:CHECKMYTH
13FGcYAy38KGY48X9oD1xTkan5nyYJWYE5pG4EdRgfKvkiYP:12000000000000000000:OKDOT:CHECKMYTH
14dbipSN7d5g9ahzrKURxeJaLPWtphPNKgP1ecyc2V74vF3j:12000000000000000000:OKDOT:CHECKMYTH
167mkT57Vj8mv2QwCacGVyj6ffuaokM9jsNcpKT7uHRcGdtJ:12000000000000000000:OKDOT:CHECKMYTH
138EN8BAAe8U1guafVFUgG6FGeh3oVpvFru4aKu9DtX1HEZQ:12000000000000000000:OKDOT:CHECKMYTH
13VgoA2snGs4nNALQZoAf4uVaDxW26wVP68nWR8MnJqHUkHr:12000000000000000000:OKDOT:CHECKMYTH
14P6SrcWAGobSKeTpHiaB4bdoAYBfzz3Yqirs6sNQ1AoQxAA:12000000000000000000:OKDOT:CHECKMYTH
12ou3J619gUXBqYM5hpf2gfsSBRNkQEH25AoJ7neDyXARmri:12000000000000000000:OKDOT:CHECKMYTH
14o3ZQisqvcoZ3UrQ61p3gkVtf5cbjdXg6gdnDwSqyfvbTQ4:12000000000000000000:OKDOT:CHECKMYTH
14Wrfe35hPk8jx8MVCPK4keHWrD7G4ukKgBnSqTLxtvCp6R:12000000000000000000:OKDOT:CHECKMYTH
16SAtWkkWruC2UJQquX8VJh1fUiSGXxkNQee2Gf8ABza1Bqj:12000000000000000000:OKDOT:CHECKMYTH
142C96LVxKgdZVuKLc12Q9MH95wveQUpHE7sL4B1Epi42Vvg:12000000000000000000:OKDOT:CHECKMYTH
1zrjPrjutipFeXEAcxKiHPyRfFLMd9qKkFSgs32KqtmDWmL:12000000000000000000:OKDOT:CHECKMYTH
13NCLd3foNpsv1huPDzvvfyKh37NEEkGFotZnP52CTR98YFJ:236000000000000000000:OKDOT:CHECKMYTH
