12NaLXh32gLxtKWEPSLJBBXQ5NkhrgZRHQYE5riZvwChhbMi:12000000000000000000:OKDOT:OKMYTH
13waWqGAB8KRU2aemU1PfFeTQpucKT8pSGdQgz9QC913QvAY:12000000000000000000:OKDOT:OKMYTH
15y3GUj9K5rGyESh2qHBhmaxHrBNviX2vZ5fHAQqu4QDUAe6:12000000000000000000:OKDOT:OKMYTH
13WMq7rAaDT6SFn61cyjTkV1nMZeJJQQwyMWuU9HPdpsf7Eu:12000000000000000000:OKDOT:OKMYTH
125mNrbcuHacZUrBgHNBJJuhKW3LcisqA8BWDVYVcW7JatcL:12000000000000000000:OKDOT:OKMYTH
12pFeHJYrxg5gxN5aCQvZTJNYG4uRriZqpkKZyx8emqHu2yD:12000000000000000000:OKDOT:OKMYTH
14FPcmhnLiQ6sZGcw8hRxcQgqu8mpBvC9trGyKsi4N4MxkZz:12000000000000000000:OKDOT:OKMYTH
15v5zVKpqUccJ5fDv1XP58Pc4gvURiX4fp6DqpnMB3QHQcPQ:12000000000000000000:OKDOT:OKMYTH
13wgQH1q74JMnaDecdQqop5HWZxJtLhKCCWrcV1GZ4GAWp96:12000000000000000000:OKDOT:OKMYTH
16E7L5gXfeCYvMxf6zjF63xmE3QYFmgp6yoNtDDzrm76f3EP:12000000000000000000:OKDOT:OKMYTH
13YnaKBEXpTXReDRkuvrCLbypZytNCaR65gS3c2x7XpuzW6R:12000000000000000000:OKDOT:OKMYTH
12zAirPNiAJGanoF2R8w5HhLGZwQ7u6ww5czkf2brt359zMT:12000000000000000000:OKDOT:OKMYTH
16URMBZ33eurTKW6FUYJp14yAE5rUCLHB7exHCvQSunvtmeo:12000000000000000000:OKDOT:OKMYTH
145vvqGX9bccLeVCgwBUwBhNQApQNjvNrpnL6JbVkZqSY8RJ:12000000000000000000:OKDOT:OKMYTH
14R46N9EsRzv5g23Sg7haCadz6uM1yZggHTA2N2Wd9aViDdh:12000000000000000000:OKDOT:OKMYTH
1SPhtFwXcnKrYvcc4M4QTqt9pX6C9Cz3b59AQ68fNW6u8DB:12000000000000000000:OKDOT:OKMYTH
12SXWw1391onctwqYR2MaCnTr5oyNuSWw4Rf7wfzkrXq1oFA:12000000000000000000:OKDOT:OKMYTH
167pjiq2LoKeZcP1Qod64wfNQ8mgu5rcp1ehCKRtGo986B4D:12000000000000000000:OKDOT:OKMYTH
126g9vFNsnxQ6zThYniBzMZ5wKSeEt6Lupx7zbNHoiiZgRvr:12000000000000000000:OKDOT:OKMYTH
13KBpxepQxXg6DJt8Tz421jTL2zVxuPnmEgiAxHxp4fKtFXc:12000000000000000000:OKDOT:OKMYTH
12Kx35nxzCNvAxqoKR1u59CwULfiACXQM5b6ZF7Vu7bpn2v2:12000000000000000000:OKDOT:OKMYTH
12ESJBHfc1NZJMBTh5uednFiDhaWMVgEcBtrp29QCfSL5XMP:12000000000000000000:OKDOT:OKMYTH
13ETynNqBaR81KqobGfwx6dQ8K9DWrCovTcfGqcoiJn6VxYp:12000000000000000000:OKDOT:OKMYTH
1uHTvYBKVERs8ZmSbMCPXUSwZBaKgSzXtShciCBZfAKRPPx:12000000000000000000:OKDOT:OKMYTH
14UUwnawGayDVTAZUQ5eDoFxxyCebFkGWfgxihVktiyLmXjo:12000000000000000000:OKDOT:OKMYTH
13KL1W4JXpi6ejYfdnzNf2bLzhGXTj3zoyKdNPqpLHYKfmW5:12000000000000000000:OKDOT:OKMYTH
12CkXLMm3Wsz3AnuqVkE9rCv9wNDvFGwvTPAZXUzVWpY4b6m:12000000000000000000:OKDOT:OKMYTH
15v224Unw6efnZjdEkjYQ9dyR5jELF24RqjTECY6acn2Qm3M:12000000000000000000:OKDOT:OKMYTH
12z89uj3164t6AyxMrkMyuiw6We65jwPASYJ8mpbCoRPd8H6:12000000000000000000:OKDOT:OKMYTH
13pDah7eLV9P1AHswGWSsRB33JPejfVSVQ2spCiTW7wVrQkU:12000000000000000000:OKDOT:OKMYTH
1TDjANrvXdKvkxcTrHaV3ZLK2fnL3e8RuPWnaF5y61wX6td:12000000000000000000:OKDOT:OKMYTH
16nHT9Kw5B2KGkpikfLxuRkdXbaHqfCbdiJHmMHCRNbptFAE:12000000000000000000:OKDOT:OKMYTH
16JAARTxFp4NREaDTWNfLUgRgaWyVZomywfo13R11suNmnzN:12000000000000000000:OKDOT:OKMYTH
16t2XtyfLxyNsBnyzXVrzYUKzhwtjYt1aB8Has4rVJCS98E:12000000000000000000:OKDOT:OKMYTH
17QZ4YShEfjc2X9rXpJtFVRSBxsG81pZ4uKa5AWZD6aXspj:12000000000000000000:OKDOT:OKMYTH
131VyLjW9FfwfTuxZEuVWy7nRFsd4i8ACBdjJKnwU95DU6Dm:12000000000000000000:OKDOT:OKMYTH
13M445uj8HXq2NhRits1b8bAixV6m3gwqqjK454WtBAZkLuw:12000000000000000000:OKDOT:OKMYTH
14tPqBCHBQ1ScSy8ZAxmZ5Ye4jGAdfLiY5pT9WfeyrGPxkzE:12000000000000000000:OKDOT:OKMYTH
13vGUDUAbjpENgkTy8UWvHatV4wuFyR26eBBRT2AUYNNVwWe:12000000000000000000:OKDOT:OKMYTH
12AYg3v1Dmdfm3QCKK5YLL3ZeAPfQbHebtUxZe6zGonWVSqg:12000000000000000000:OKDOT:OKMYTH
1AAdo8aEwc3uxwAZJAVTzJTvPw9CDBmqw8AvSrGP9DKN3Yh:12000000000000000000:OKDOT:OKMYTH
1ac5FkxvajF5ePg1swZbcNUNocAgBiWMHAqJBQtBgVgyUcV:12000000000000000000:OKDOT:OKMYTH
12391S5wUsqm46BcUeJBJ5FmSS4EgsGxJqehLPbkRgSoe9yo:12000000000000000000:OKDOT:OKMYTH
169zCzwwWiv5wTKbt6NXkeU6cVPrTEy943QCDM6WXVV9QjoL:12000000000000000000:OKDOT:OKMYTH
15nXESWFFszyzhLX3ZB9sSy3rNN7tc6Rg8NMtZnvpVpvvHxW:12000000000000000000:OKDOT:OKMYTH
15mQQbLxLo3sm4UkSokBLS1oTPsJG86JpCwPd8jhtBZ9cwbE:12000000000000000000:OKDOT:OKMYTH
164faXZpsHP9gGiBTCZqSmGuBtKh8K28FNNoueEBzC9vcNHt:12000000000000000000:OKDOT:OKMYTH
1HAMynExKc6PBtUzAxFDKpvoUbVJAJq5uqgUtV8u5FF2pqv:12000000000000000000:OKDOT:OKMYTH
16bfK7cdDAhVKHiC2JmbCv79F6nZXhJG5P7MjyTJkwZxBBAH:12000000000000000000:OKDOT:OKMYTH
14VyE5ELKQp1yrsrtnvnkw3wh9UhYysKjMGxk1GGQ7RohC6W:12000000000000000000:OKDOT:OKMYTH
13UgvtsjpDaUK4S3JwsTDS8vC4w4j2dztpJvttwGUgUEvA83:12000000000000000000:OKDOT:OKMYTH
14QoebPTqNQue9mQT5AaTDGLMTTCeKnmDZ7VLxSvE4KuyFdf:12000000000000000000:OKDOT:OKMYTH
12gifPeJLXXjozPcugmGGUvGjRC6SPHoYyUddLXFNdA7PFgD:12000000000000000000:OKDOT:OKMYTH
16HEyWFGpXeiUugRcxXMXGcT2FhLCPSeve9trnaxLr6qk8uq:12000000000000000000:OKDOT:OKMYTH
16T6bhzDfJn98NwBA882WgH2sPqfsPjsdHv4pHsbci9fa3CD:12000000000000000000:OKDOT:OKMYTH
12NS9XR1Xh2VaTZXr9tYGNdhZEUAy652syUmxcqEia7eePus:12000000000000000000:OKDOT:OKMYTH
14xzwmd8wEjM5jDVCaUCpXNb8mqz1XrR7b7Za2ZVAEPQTu83:12000000000000000000:OKDOT:OKMYTH
15jxwMU4qKVGEsb3jWbdJUqnGakPXJ4cFUSF7TLXMwLeyzA4:12000000000000000000:OKDOT:OKMYTH
12ziGKb8iboXDSEP8mnNpH784DZkJWbKMj5kvyA77GBACYc1:12000000000000000000:OKDOT:OKMYTH
121ZQL9UfmpuLiPN3kfmRMe7o6yYLoyBKwXHnGsvPhzdhHSv:12000000000000000000:OKDOT:OKMYTH
15CQa34CF17wUriLb6aQsZhScsM5YScJtzZSYw28vAKosGxu:12000000000000000000:OKDOT:OKMYTH
14fpVp6BscLzSCyDxNjXw9w2GedodyKQLnccTmdy4Cox9uub:12000000000000000000:OKDOT:OKMYTH
13mjzY6x2yNCZYzp8qmjpxQPqsKvWKcuBGnDEsFbWT9p74kJ:12000000000000000000:OKDOT:OKMYTH
14Ai1MRLHn25XxGXtxw4ssnyVH1dcZNGdE92KHdytJqcTTka:12000000000000000000:OKDOT:OKMYTH
13BFV84xBmDRnwkLtnMbCP1zwbeUe7fnXmkDoRMpxhe3Kz9E:12000000000000000000:OKDOT:OKMYTH
13wrALwGeavvAHS1p2Xp6TzyYQeHEFe2433S4hkeKCDoH3P4:12000000000000000000:OKDOT:OKMYTH
12Fio6dxVnxmnZLBJaZiNYXHPW7cGtMJn9KhArpxuav2PFeF:12000000000000000000:OKDOT:OKMYTH
14aHe99vBjWKVbaQ3zGbuNam4jde2zYRo382pHQULoVkFvpU:12000000000000000000:OKDOT:OKMYTH
12HYfZJNLk1wmoGNFpPt6w9KuS1bpGnqXTnZphsYbdAUjr2D:12000000000000000000:OKDOT:OKMYTH
15M9gf7hZY9QpNBsaECmEzJDmraVzokzcgqucGJ97hdygYUi:12000000000000000000:OKDOT:OKMYTH
15dJSgdDB8UUtiSWDFrhSxBBnv8t8UEdLc86Phije7t4RLux:12000000000000000000:OKDOT:OKMYTH
13Tgm7kep4A8VXuis2e78drq5upRNXJZLUq1kyGTDkr72UDF:12000000000000000000:OKDOT:OKMYTH
15gjjjjinNzSZ87ZDSVEtxq2ZHYhxCCmgKh33KohJBG2HHsS:12000000000000000000:OKDOT:OKMYTH
1eVSJpk1gVZMQ8FqBXZo7UpE6s7UJYj1KcbCx5NsSENj9p6:12000000000000000000:OKDOT:OKMYTH
13qtpCxdCEiz231jrgVWJWD6qh4rb7vzZ2TuYgZxgNCuHUH6:12000000000000000000:OKDOT:OKMYTH
16S7SsmfDbXwezKUTen6twgFkyWFCHu9xGm8xBC7HjwnYRXf:12000000000000000000:OKDOT:OKMYTH
15eApsV3kjK6bCqoERL2Gnrubn9ubTkiyftv8tFDT4nw6xK3:12000000000000000000:OKDOT:OKMYTH
136W45pvrKd4hrdxQT2SFkqmBhwyetLEnzvWBwScFwyF1fzo:12000000000000000000:OKDOT:OKMYTH
1haYbFnaPwKgRdN3DaM9Hqvj1icsYrpxB678rLJsa3K89bj:12000000000000000000:OKDOT:OKMYTH
1JWNb7CW1JdTzgYFsHTufq2QoAQU92hcXc95QoqC6RmWUQH:12000000000000000000:OKDOT:OKMYTH
12uoBiRUMA2mDa4fMvDZJhvZK7gTC7JaqkNeg4bBUP99a2jE:12000000000000000000:OKDOT:OKMYTH
16nPHpNo9oyEe2CMqvrVJqNhAeoc3yF2h1v7snUr6vfTZy7C:12000000000000000000:OKDOT:OKMYTH
14tYwtNqUzZz4LGirp4kh3qoBwZbXtVC1TKBBLbBggokZ4k3:12000000000000000000:OKDOT:OKMYTH
15xCujkFwhTGcYzVS7rwgacDHiQkbW29wuzdDLpwFRKDANyj:12000000000000000000:OKDOT:OKMYTH
1bLNeKJ2U7MvAjRCCkZwDdw4VLU1Hx8WLUG2y566NTdXCek:12000000000000000000:OKDOT:OKMYTH
133LzHt9qCex23Hfo2RuDzkMfikPCkw4voSZyxePuCVa2q1q:12000000000000000000:OKDOT:OKMYTH
1N2W82wM5FCzPpLNdRw1nrSAj63DxCrsTB1ntNT56gT5juS:12000000000000000000:OKDOT:OKMYTH
126RtXmWRmSdqKyyh4v4qQMpeok4dd5tyGZ9XFkxpyPXxLiX:12000000000000000000:OKDOT:OKMYTH
12xS29ARuCezzkGKgT687uiXtesnUcnMR3L34iGLqZUvKpNp:12000000000000000000:OKDOT:OKMYTH
1jdkejm8qkiu1XD6hozyt2GRqEPCtXf8dcfQbSYrZGNCGeL:12000000000000000000:OKDOT:OKMYTH
14qP8RCzUbYFqiHyxUFYLuJy8zB1jdAQP9LxPUEbLNadkoS5:12000000000000000000:OKDOT:OKMYTH
1C6WQtpDHxE3v13SYc9xifpqZk7NLkitcvgzozaLkt3hYrT:12000000000000000000:OKDOT:OKMYTH
12NVi6CMkWd52v2jmJofw45bkd2hQBA8EZeQf5fAoTbQJP4y:12000000000000000000:OKDOT:OKMYTH
14V1dLuZNs9gFQ7ySrnFvbCA7WLBpUtcmqQmPuRWVXw9KnQp:12000000000000000000:OKDOT:OKMYTH
12AUsw6TXUn4kEuRW3TXuf6FfJpeETXfFNg1sbCnNPEwSz9g:12000000000000000000:OKDOT:OKMYTH
12LuAKBjfa3Bao9mHMKPq5BWBJsnTYgKfUj6oiGJjFW8y95h:12000000000000000000:OKDOT:OKMYTH
134e1k6W2Z6ULvoFhCeFsqhN3MdWcVuMGeJPko3CWzzUPAFE:12000000000000000000:OKDOT:OKMYTH
13kyuu8XNfZgnHAz1V1Jjvv5M9VWp5h23bxVzBZ5pvhNmiqg:12000000000000000000:OKDOT:OKMYTH
16SKfCABYA3GEg8Ni4bDy7BgwxYn8YjigqKbArRcKGWrBon5:12000000000000000000:OKDOT:OKMYTH
1yHb9UXUaUdCinkNwS8dUs7wZeiqBWAdDHyGAPLTzoFbSx9:12000000000000000000:OKDOT:OKMYTH
14V98D6GigBi1M4uNTTuh72AKKYTNGF5MfMuRKYtJnencAmW:12000000000000000000:OKDOT:OKMYTH
125GxrH5kQBcRdBiCcZVsaR6ZCwTW46NYEYErYG7XQ2iB5mA:12000000000000000000:OKDOT:OKMYTH
14hdPxMM7FZDf44PSYJ3K87jtgS2W5w8nEpRkt3T1gPent6U:12000000000000000000:OKDOT:OKMYTH
14Gqt9mPJT93XDBPYVHeT2KyMsBRo6PSd7aq11mACbWMs5Dv:12000000000000000000:OKDOT:OKMYTH
12ri5Sce3QzAnDBxuV1vpo1ZyMSWrckVcq4chwvCkTYjNoG:12000000000000000000:OKDOT:OKMYTH
15YmeK3vm89YJ79ymYP6qiddsHHw8axbTb5WHomxwfzzJbuM:12000000000000000000:OKDOT:OKMYTH
15o8zT7KJvGvt9dwFM1pRvzhftmMcyKvcdz5mdeRwm2hfYmx:12000000000000000000:OKDOT:OKMYTH
12YqrxhkEC4J2CposesEbR2rmmbGpfUwVm5sKog3y33EvdQn:12000000000000000000:OKDOT:OKMYTH
14C3bwMN7XYkuWiFMYgeZQsXd4wVDFVjHy7iHj9H9Ndh8r7C:12000000000000000000:OKDOT:OKMYTH
16bgWWSgFrM2bGcM8ZnXK2AoADX6igYbd8ttPUX4GWy57QdL:12000000000000000000:OKDOT:OKMYTH
15tqr6tukTMTuxcNYv1882KXGSDzEk2JA1ZRBnj77h2314j:12000000000000000000:OKDOT:OKMYTH
12LdFM6yXRhua5KmNnLJZwqzKD9u7DrgBP8YkGFYAthGMFfW:12000000000000000000:OKDOT:OKMYTH
1Yns6rw4XkgfpF6aRAA6wXHCFTvjGrakDVuCb8qygCLhw2K:12000000000000000000:OKDOT:OKMYTH
14okuuWbFu97BPmhpaQ4NLZdUE8fhtW1B9TGLAdZfHbQ27FL:12000000000000000000:OKDOT:OKMYTH
13uVKPatEcynuZDfe5jnCpPpUPjG2ncNZT97ZSKd3LpLCSDH:12000000000000000000:OKDOT:OKMYTH
125qJ1Vk6XU435pFzVQqBxWCoeYSCwFDu6BZ4XqNs2GpNc34:12000000000000000000:OKDOT:OKMYTH
138nwkyG3651vRUjU8cSGHKwJVb3KiaFoBVts6mmexYxmXRv:12000000000000000000:OKDOT:OKMYTH
15hSFP5cjgGQsQa2FDgcNDfVHzrbogfc5dBPZECxLkUN3Dc1:12000000000000000000:OKDOT:OKMYTH
16GBCyA3FipryPEokufEFcX7XLotzh6bYvx9FbAhoZMRx8kr:12000000000000000000:OKDOT:OKMYTH
12V9AkZbNKD2V8223QLwAy2oob665qob7AKoo5KcLCimtwei:12000000000000000000:OKDOT:OKMYTH
1Zo1GZaPYQBTwAKd3ubwmE4EGMygUMyE9oCL7dAnYX7Nqj8:12000000000000000000:OKDOT:OKMYTH
12xhSYQePTNGtnxYfJtNwE1JRzu76PuJfnxEC8Ay7Qb9evgP:12000000000000000000:OKDOT:OKMYTH
13zSKeED2dA8mbRCApyTUmpZc3QVGaeLnFgNjwg8g2jhemCU:12000000000000000000:OKDOT:OKMYTH
13R8fSQmVUxstuLzMh9iZVHHVbBnLs6HhLp8j5a8HuAUW6io:12000000000000000000:OKDOT:OKMYTH
125yU9aHrPC1gGVpayXnyqirneAZvF1DexL8rNfhLNzeRUBE:12000000000000000000:OKDOT:OKMYTH
16hVoz6exiGKvXgXL4zbo84KJQ27yeshdhZkSySqgt5n9Kqu:12000000000000000000:OKDOT:OKMYTH
15cxjh8cQcXbzBToMvYs9ByKcz1rRDd9uKqUTsfWrTJMmUTq:12000000000000000000:OKDOT:OKMYTH
12RKkM3TiiqtXytU8N4edshGbMgQHpXk1m9hiktX6CdaE7VB:12000000000000000000:OKDOT:OKMYTH
15unofHQ5TxSmdMAFgg7sER7nsMyJxATybx7NMga1256wKdz:12000000000000000000:OKDOT:OKMYTH
1591FJBKDE5Wx2STcsjCe9tdeMbsvjoC2kMFQvrMchcdFK94:12000000000000000000:OKDOT:OKMYTH
16mtfr6SKEbBCFr5rGVMkhAAZnXrWotdtQC9oSeqv52qnxeV:12000000000000000000:OKDOT:OKMYTH
14oW5zVkdEuipxF4Ax1tUS3gzBHzAujZca3r73RvHXGbSKBo:12000000000000000000:OKDOT:OKMYTH
16CxaymKZ19PzXR14RDtNLCzwdpxaz5ys2nprMDwqE5J91jw:12000000000000000000:OKDOT:OKMYTH
121K15m6gS3vrW4SmAHCfbDXPu5JcKkLhvrJnb7KfXiAy2mU:12000000000000000000:OKDOT:OKMYTH
12MkszCEjk6b6GVWNVXC3N5g758sAhxJHtz5kMtD7vvqGGvQ:12000000000000000000:OKDOT:OKMYTH
15Pt75AR3vnyHVbHvyC668m15b8RxL5e1w95S7AbooXc8GE1:12000000000000000000:OKDOT:OKMYTH
1ARWuH7wXa7qgGN6XnNfMdHaH9wVLg48DvmP7GYA1gmvtQo:12000000000000000000:OKDOT:OKMYTH
1y431jfz7SSbm5kKVH3mBEMhazguptEjRdWYrZkm53B7Pyh:12000000000000000000:OKDOT:OKMYTH
137oAKxKYA6WTc9b2mDLZZQjDvdZP1vnGgr2fZL4oHjNCzm3:12000000000000000000:OKDOT:OKMYTH
16jPWFvDKfpVfYPAdEmHnhDz3Fz5j1d2v2mt1MXABxTHhcdh:12000000000000000000:OKDOT:OKMYTH
125uxELqTiNe1CkmFwpCPfRS6TjVTu9397PbkDMvZVw8TJLA:12000000000000000000:OKDOT:OKMYTH
1VZ5STUmmGXGHTxCwGyPe9Gdi8HywANKFscjcny6utgpNA5:12000000000000000000:OKDOT:OKMYTH
14wG91KA1j4HxRzeukDYGnEGhdTPGWyfbhQGJUEsvUAcr4xD:12000000000000000000:OKDOT:OKMYTH
14Vk5PFNGrm6g73BWAg6WJw8M2Wv1PijR2qVoJKvU5VVbc2v:12000000000000000000:OKDOT:OKMYTH
12RCxdA1a6SLNsbJ6tB7vYn6gz6o6Gxv3AXkELaz9TA5r92d:12000000000000000000:OKDOT:OKMYTH
13DTcqGWnZduV3Mhxx2vaRzi8mXUcQyF71cFW8T2TfKqSgRc:12000000000000000000:OKDOT:OKMYTH
15ZCYXgKYdFmWbm7QM5nTpJJxLjpAE6Tgi191QrqWrGKFsVP:12000000000000000000:OKDOT:OKMYTH
133Fg96qLwoSmTNRQBPuoiK44AsuMYr212i5JYkaqh6xEqkC:12000000000000000000:OKDOT:OKMYTH
11jtoktJgTBXmJVZZaEpbKDnXGH2C5XCwcKbssr2R9gTQtQ:12000000000000000000:OKDOT:OKMYTH
12WtBHgMz9za2cqtcnzs1fo6HarbH3PEqpmS2aVBfJUZ426B:12000000000000000000:OKDOT:OKMYTH
157SCA4v8KR587uzQCaWMqdg69WgiCyg8iAMPDbh4pNCjXBY:12000000000000000000:OKDOT:OKMYTH
1VA2rQ6Vxty5PNtZntorhZz9DEEsJSyao6dh5P2YqiyXGoL:12000000000000000000:OKDOT:OKMYTH
12WhoHSX8pFhXemCDGrKw7hAECQZfByAyDdaWrThLsp7qYxa:12000000000000000000:OKDOT:OKMYTH
12b7sB84q1eGf7RMLJMJh54enZK7hwK4yS4MjB6XSts5QUWW:12000000000000000000:OKDOT:OKMYTH
1bKsvPRqjReBui2GsiwXUGL1Cr53fZyTrY5iG68dYL5hLka:12000000000000000000:OKDOT:OKMYTH
16GtGxwShUTGDNiJGzXKqf3yB21GidvQccS7TkijS75byb7z:12000000000000000000:OKDOT:OKMYTH
156JXgAV3sZS6bW8Hayw5PJgPZwgh7dfZ9rnmHw1iq3w3F9V:12000000000000000000:OKDOT:OKMYTH
13mpWB9ZwoBWXfRKeFui1Ya2o5tZ7sDeRUiMgFMeC4njNJ1a:12000000000000000000:OKDOT:OKMYTH
13uzaNZycJRGJeNFsqRZXTBnNS69DZxf1u4HkM6bXe5JpueB:12000000000000000000:OKDOT:OKMYTH
14P4NG587cdWoGPpbZV4ADGNqc5oEWB8TytKfrxuCwFXywB3:12000000000000000000:OKDOT:OKMYTH
12J4X7sZwGnhu54baSW74DGBzAiCyVyNCtgxGgQXddJJCdJV:12000000000000000000:OKDOT:OKMYTH
12BgvoGS76q9aqqjkDHkXRmFw1kiQ5xuVUXjYD7atxpiVn6v:12000000000000000000:OKDOT:OKMYTH
12v68Hxpup4XafSgNYhnDxriRY17gZN4CCsuMhArkbjEF9pp:12000000000000000000:OKDOT:OKMYTH
138k4o5gJXExxPnuoFwWKaXPN6m8HoK6mhbpspgwKNFUNJMw:12000000000000000000:OKDOT:OKMYTH
15M1DkGRKn38RMTt5zhSQxUD58sWy5aiAsBUcSrgrEgpdZ7d:12000000000000000000:OKDOT:OKMYTH
1n4hEqLXRTfumF4MaC3rptYs7tKuM6YpYKxkjXCRUhNgjxH:12000000000000000000:OKDOT:OKMYTH
168aL8N9MTXTMWT6sqMHYGQJn6u22cxC7kntmRNkrVGQAWUf:12000000000000000000:OKDOT:OKMYTH
15d3ZieDAHQpzQoXfLNWtudbHdALqTjjXfDDP769SQng4dzo:12000000000000000000:OKDOT:OKMYTH
13zPPjto1rxJD7Bg7tdiZXC2ocxigFYBkWTLZcEHQxiR9F65:12000000000000000000:OKDOT:OKMYTH
12dqea9ovHzifiwZgG5dkkB4Sj9Nqt1ApGV4HHAtJdXEL7NV:12000000000000000000:OKDOT:OKMYTH
14smkUZ2Vc387Xetd5r3un2tv4SbrJ7HbCRXFRpaXGz4Uame:12000000000000000000:OKDOT:OKMYTH
13HehQSf39vJVqFLJAzczLhz9Jw2xUk6PXJeVDa95F3UaZH4:12000000000000000000:OKDOT:OKMYTH
15tMrUQFe74dK3jk4FpDY8diFXAHWvV6VsXCtqT7quZdcXSF:12000000000000000000:OKDOT:OKMYTH
12CnAWSyzkpWKxsH3jr4SejAw6fNLgT15qEJGQR57Tc7jFHN:12000000000000000000:OKDOT:OKMYTH
1673yXuRf4rFRppDE9RFsXdf7qSSnhMeptKanzSXpn898EU:12000000000000000000:OKDOT:OKMYTH
12TXSna6NCQGvXfd9jqaPe7yKvi4Yvm8sGjuCrV4ACQ4aWKQ:12000000000000000000:OKDOT:OKMYTH
13tmLLQLWCn96Lrr78WRQeuaeDHFoKUxhwJkqxneyjWph5ip:12000000000000000000:OKDOT:OKMYTH
13SdAx7oA2UbYXdKWxneU45ZvNTvesVJQUdX27G5Rh2FQBen:12000000000000000000:OKDOT:OKMYTH
1RpqCtcXtwp92apC9XRB82a3XH6xc2fv3AaCM2hR1YZEFge:12000000000000000000:OKDOT:OKMYTH
121dHb4EQxaeWBvgy9gWZP8MWrUErxuyxWUV6pWoPqm5Z16r:12000000000000000000:OKDOT:OKMYTH
13m2jsWC2E6Sn3Vx5iMuPM8HCbmmdA3wQ2CxPbzqU6K8tNTx:12000000000000000000:OKDOT:OKMYTH
15Sgn1zz8AWcjvQmcSbWAbDs7jtEGpjLpGswuHQX8W2d91mn:12000000000000000000:OKDOT:OKMYTH
12fcTQzVwzbDTg1hnfVK9yXYP6LGLz5LhMrVka5qhArB5899:12000000000000000000:OKDOT:OKMYTH
13qhQsPvGbB9KRo76kBaLbdDQjZgqeHkDpPVSo966QztSC1q:12000000000000000000:OKDOT:OKMYTH
1vLFCX7sd35ZEBhVW2VRuGo2eSKgEtFyWVp16V33tFUYXHG:12000000000000000000:OKDOT:OKMYTH
13sepVToZfoYH7qJpeCJuamQdWpQicRpbmy1y9SAmAP23upi:12000000000000000000:OKDOT:OKMYTH
12Yd2o2gesNAU8QZWq5Eufyr6oSZR4UAaSAvQt4rs4tozGZH:12000000000000000000:OKDOT:OKMYTH
13hiW9W2QMHTdWhJj4Naku3iiooagPX7ymaLFPstVagmpFVr:12000000000000000000:OKDOT:OKMYTH
13XBApsCU9oZZVF5ZzeehkWfZMorGk13UYTLyestEfxZgihj:12000000000000000000:OKDOT:OKMYTH
12N15u5fHD6jDnbDdCaBS27ApTzK77KJhsWreWoPhd9YDYWD:12000000000000000000:OKDOT:OKMYTH
13dLcXrxTPFfDeEfCft8W3EFKTeByaFgRwZGZWEqkafFywmr:12000000000000000000:OKDOT:OKMYTH
14qHAjfqs1se7twUjsJMaUUYzyaAHEM9XMbVUoDnB2nChHC1:12000000000000000000:OKDOT:OKMYTH
138SY1XXUjp87bUzEhVtmhNjtHBR5sPyXsTM1wbzSQoiRKNA:12000000000000000000:OKDOT:OKMYTH
123QicqnJcEDzBFqWYryyMYb9BFaBoqFwRrxvBBTW3a9wBgg:12000000000000000000:OKDOT:OKMYTH
1WWLwwWYaa5QphgNGTVWBYXovm1Wkyraee39z6quDcM1yBd:12000000000000000000:OKDOT:OKMYTH
164uNacWqu2EwQnfHJkoT6jhbD8vxoTz5mhbWcnUipH7CJDy:12000000000000000000:OKDOT:OKMYTH
1XhPExYNEV5ckMaXpUz6qgZBGJy1ViJk4LZmiXwwLBD4e4U:12000000000000000000:OKDOT:OKMYTH
14grFD5bUEZ7qCpjkKDtDTjJ4fmwWKYUrw4ZWwRx33LBg6D5:12000000000000000000:OKDOT:OKMYTH
16E285jW72d6x2y33vn3xxfJScxgXXwrAbwHMUYx5ZJmaKPp:12000000000000000000:OKDOT:OKMYTH
14vrCBGUnPg2RZMeW4gTQZBrnMTbYXQbrwwiABR5zjeyv8XH:12000000000000000000:OKDOT:OKMYTH
12CrMwLuEwTdr29DmaSNWx7EftQDe7BCMnwPLuPHJkmmUFLg:12000000000000000000:OKDOT:OKMYTH
14YQEbqRNCKkZBpRJXu7rfin9DGjm534j2h2svPphG15KK4v:12000000000000000000:OKDOT:OKMYTH
1UFperf8fiUvK9BX7R8dJMn2pAbgpZPVGkK2bxeNJ1ULEeu:12000000000000000000:OKDOT:OKMYTH
133cUtmFCNW7SU8DwVvBZ5whySix3BYWzWoj7mGP4qqH1uXh:12000000000000000000:OKDOT:OKMYTH
12KyNbMwPPWkj2PFp8ks6Yv8SqgHEkakpBFouQraAZGAXWaP:12000000000000000000:OKDOT:OKMYTH
15Q1Y7fZcafHb1eKyAcrm8gxEE38F6biiixvWr1vP7VLHnZy:12000000000000000000:OKDOT:OKMYTH
125bhuPZ4yLPsdkEVwTUkgXC5QiLu4gEz9Z8beePY5UJD1mr:12000000000000000000:OKDOT:OKMYTH
15WBfyosJdAC3fDhhrbR8haEZzhNYBEGcH1iGSHEerzpwb3E:12000000000000000000:OKDOT:OKMYTH
162KnvSNaAnqiT2Cy3V1HHWq1ZmmH4Ns6umc6NLGqNp1ZeSn:12000000000000000000:OKDOT:OKMYTH
14coL9q78NpJGrQjAX9Y1N7UoofhEcFzgEv6ySd1GyfGXU1X:12000000000000000000:OKDOT:OKMYTH
15szQRA6oNhAHj9NJ57FsBnyLcJTmQDM2wdsDhzM13ExFyLK:12000000000000000000:OKDOT:OKMYTH
16WBPANuG8o8a6RrnNqJHWbcJUPcTV65phUBSpUhS3rrGbe7:12000000000000000000:OKDOT:OKMYTH
16fYY7gKW5gttxUiUE3mZXDFXrebeYcKQkkr8B5rFhQv711t:12000000000000000000:OKDOT:OKMYTH
16XD9cNc1htkJQq1UoQudxCPtHxW97C44AEUhKkgGCnp2tUP:12000000000000000000:OKDOT:OKMYTH
15uNZ355LrPjnKye2u3G2PPc1KBeZKKvt6cBrb4cVRHtL1pN:12000000000000000000:OKDOT:OKMYTH
13yCZ1Dm3e6nHabbKMiZN963nL83qPy4U5gqDquhrBnu8Z2S:12000000000000000000:OKDOT:OKMYTH
15taqef1RBp7y8yc5NfVRtBKuFrLq8jZWoM1ssLHCw4p2Ska:12000000000000000000:OKDOT:OKMYTH
15GjAeXRePv3Z9CyAoU1kp4TPPbDX3wuwJF6jUpZN8NQ6GEr:12000000000000000000:OKDOT:OKMYTH
13GcrharMEqeofXmPvQmPJ4HUfzcUHz5nerSdQxVxVoEFwqS:12000000000000000000:OKDOT:OKMYTH
16WcYKKQQM7bu2rzutUEHkGEzid2dysvip5DBeWWtafhg9RZ:12000000000000000000:OKDOT:OKMYTH
15JTBV2oTpyqaSdWqnvVE69kJpJZnyGTRonypiKMw6b2V8a6:12000000000000000000:OKDOT:OKMYTH
12Y4DVpPbY8tGShofDNVT6Rkmy2fMxdcDqp4zLxpdTU1QiqB:12000000000000000000:OKDOT:OKMYTH
126VwJ8iYW7Z943FRBZhmopX3ALSDuwFcEaJxjJ977mh7aq9:12000000000000000000:OKDOT:OKMYTH
1qNLoW4epYgnyasaGQHC2Gd51zNZ4FFwtXBbGGyTPLrAzFL:12000000000000000000:OKDOT:OKMYTH
14aZv9XE1BSGjZ7C43GfJEKGPjfqUNRZtTV4N3aPEeCM3DAn:12000000000000000000:OKDOT:OKMYTH
1jNpypwgF7t4pk6JM4LnXjJQYCiskM864jFH3rebaRybPW9:12000000000000000000:OKDOT:OKMYTH
1G5LLTECq35uLWngxPkKbnX36Tb2eRa6n6kHLDZ6yMnhkKG:12000000000000000000:OKDOT:OKMYTH
12Z4kDtLVpLmE2DAX54W8UPEeb2vL2UX4QtP87bLtEaRyGbi:12000000000000000000:OKDOT:OKMYTH
15YaHTtgnut8rmKhycMrUVPKUsTdhsxnR2GGbnG9AbKuN9md:12000000000000000000:OKDOT:OKMYTH
142omuNS83uZydqMJANpUHs9B9feizfK1qyk77vmZ6JickJc:12000000000000000000:OKDOT:OKMYTH
14GmbZxUsFyNQirdkf3pcao5jCVtwNsLDnLEeUt2yuxiph6N:12000000000000000000:OKDOT:OKMYTH
15QDRVwYQd5oDFG28oQzKtLsZ1EDGEw9YZdXF3W3o4cDeoRF:12000000000000000000:OKDOT:OKMYTH
1EzUta5mxL5MkGxex5ErojPDfw3T1WDmgp656rtBC1jhe2X:12000000000000000000:OKDOT:OKMYTH
14UhbJDXkwoFBAKuhTzo3TsHQpXgVWvYf8LCe9jVYyTaCr45:12000000000000000000:OKDOT:OKMYTH
15r6vdd9mVnDuo8hmndcJKpPg3rpEnPRSjZmN6UsJGY25Dbh:12000000000000000000:OKDOT:OKMYTH
12YvNDnRrksdUhcP1qfbL1Y7DN94EGuF66K7WK4DedtHBUvf:12000000000000000000:OKDOT:OKMYTH
1ucPb5Ygbq3nTEFDmRNXym3Asx4ZtgV2P5Xuk3vqzjM8LJK:12000000000000000000:OKDOT:OKMYTH
16Fxb9ubcpJCvWn8zh1SZGKjULWaBRngEA6XUxafdqzTSx5q:12000000000000000000:OKDOT:OKMYTH
15K718hMP3AZLvPgT94dxAXRzy8nLLH4pHYXudr76wKdYf67:12000000000000000000:OKDOT:OKMYTH
15sSJTJ8eSGiryohE4W3NDsKEJFuog2pRwjLucKECMS7sD7K:12000000000000000000:OKDOT:OKMYTH
13hf8PLM1EaLR4f7Nz6sWARUc4KMgxHoSmufzKCcywNqQEiE:12000000000000000000:OKDOT:OKMYTH
13BzWUAFcetUEY6K74sYCghYjebXBeP87vbuGYATmzR2Wy3w:12000000000000000000:OKDOT:OKMYTH
13tzkQ6zhXgGmoHoqWxHeoBogzh8iXbSqhjBAAwVq7JjBkFx:12000000000000000000:OKDOT:OKMYTH
16HiUqYFa3qEK8YoGjMiqcrKKrV6sMpCX6ZJhpcdVTVm7FY9:12000000000000000000:OKDOT:OKMYTH
1KfkWDradp2GWLdac61FbXAjmG2VA3oujXp38W75LjrkzNh:12000000000000000000:OKDOT:OKMYTH
12VATmaSHfvYRMfAtSpJizW2XCReQq5ejSp3y8YY4SsBZFhe:12000000000000000000:OKDOT:OKMYTH
12GGWrY8269FMqdpjnUWZ5QRDyC9TwLfxzHgRbCtA6hVZais:12000000000000000000:OKDOT:OKMYTH
14jdY5F4oXm5RpSBzreKD8rLHEcfqzpe9A5ZoL6qF1YNFNSN:12000000000000000000:OKDOT:OKMYTH
13W66pE9wLjPsuxdwpn9oWa2zwFgAcCVkVvZQqfsfJ7x9qAu:12000000000000000000:OKDOT:OKMYTH
16JRTE9mCpK8m5eUBwA4PCjYGVkN8sycCA1HgkVfUfrCFxkV:12000000000000000000:OKDOT:OKMYTH
1U4jBaJnDpmrMFSY8WU67CZcViw8R6N3LcWLwmTuYQHFsQx:12000000000000000000:OKDOT:OKMYTH
15c1nY3oqEtREzEQ46fwwhjeqsfjKDMoEKnGcnjAanbP3xTN:12000000000000000000:OKDOT:OKMYTH
15RBR1enffuScakXc7cDnWbz2N8cdV9WbAsC3qkycFXWLwnF:12000000000000000000:OKDOT:OKMYTH
1YknNYC5KjH9zzWJkb1EShCobVuei4xTCLPb34gyWrQphbn:12000000000000000000:OKDOT:OKMYTH
14qbK2yickwD3WU6xmGKerWckhsuwDYt84fw8DhvrosDPdRm:12000000000000000000:OKDOT:OKMYTH
1rSG5adinJDZiCJZYoP2vLPqanNRYREAuZwHPwJ9HYVhwJb:12000000000000000000:OKDOT:OKMYTH
13uhVhfcbWnJFwRisr9veEsLDqawdapihcUb7m4zBucLsgsY:12000000000000000000:OKDOT:OKMYTH
12ipC1aY48XQHxYXY6PaC1ostFKGj4hYJ3YgGB2NB1UhRw4e:12000000000000000000:OKDOT:OKMYTH
13yRonJaHfgJQdqdXXGF3v1GeuG71kz7Vu64xBA4AGV92NQP:12000000000000000000:OKDOT:OKMYTH
19B3wnHTx9MsjY6tmn6XtsaUcBKXqPQeHAZSrCu4rtXrq6K:12000000000000000000:OKDOT:OKMYTH
1WL5So3SJwWByFzhNYtu3exwNDEvFb4yTTkYmKfe2VYdUiJ:12000000000000000000:OKDOT:OKMYTH
13RtpZPp3pGFZR9UT5aqVUBbA3XWC4YjAh3WFxGroFeJvXuc:12000000000000000000:OKDOT:OKMYTH
15RuunXCyyLNUoujFGsM32XDyoucSxHd82BxkGenFFxfa1Fm:12000000000000000000:OKDOT:OKMYTH
12CMkAUJM5mdz3jCjJkHkvxURNiMsvM5KDjgnD7tQiNUMJXA:12000000000000000000:OKDOT:OKMYTH
12VcabbZThQgraWA53w11JeuQDa2eNQ2vxS5nKaGXQyT1JBq:12000000000000000000:OKDOT:OKMYTH
13LyCJhYPdRJ1w734cYfNYFJHFwTJZ1DunQyjGoNGJQ5uc3P:12000000000000000000:OKDOT:OKMYTH
13iGWtQuWozic6YG1Erdchwx2i6FKMJZLgKXGwUovryEF36V:12000000000000000000:OKDOT:OKMYTH
15GPLPQiRmF5ALzMA3Krhq6nfdiRR5kmsTCCcwyZtLX7s6B8:12000000000000000000:OKDOT:OKMYTH
14E7iLXhfgFcr82judQvHXWNemG8TPAcvGBW8aJJ6z732sbG:12000000000000000000:OKDOT:OKMYTH
12oXJeXJ35u3xVr7q2TtMxJi6UAv8NsEkWReuFhJKxx6UuYS:12000000000000000000:OKDOT:OKMYTH
14axGrw6Kj3CAZ5QDYStXbve38JfnMWfDeAqisiu8G1zq1to:12000000000000000000:OKDOT:OKMYTH
15CFWqsTSAZNaxTxWPEJEGQFeEheUk6VXBhHG69cTNFQW3tU:12000000000000000000:OKDOT:OKMYTH
12EP4KUtP2wNDCmjAjy2AFR31eJm8dUpXanX4qTdCQPt7cCU:12000000000000000000:OKDOT:OKMYTH
15etjUW1N4L66RVww2FYHWVhjS2nZijGEFh15yUU4q3xYMax:12000000000000000000:OKDOT:OKMYTH
156G6zdGqpCLSVbUBG5XdNVfghEnmtMs5JDBzWrxzALMZqf:12000000000000000000:OKDOT:OKMYTH
14ERPZTEGLJyftMJFdQJtzvVXc8bRmQaeVvun7iytA8gbK9f:12000000000000000000:OKDOT:OKMYTH
12YYB5VjroDMkBGnhHGnXAj7FVjEuUgH1KJmCzuXiou9rXG9:12000000000000000000:OKDOT:OKMYTH
1E8bdVgE4RAgJXFL41EVXi9UqUFWzZqaUvzdzV4EVqtn85t:12000000000000000000:OKDOT:OKMYTH
12zrfcsgwsEJEmTonmYdPhVKE1VB1nx1NkW5YrSWWbKHdAH5:12000000000000000000:OKDOT:OKMYTH
1EuoNG2qXaCuxBTuDeeXu68jKF9REmKmGzjoPbq7eg1z1fv:12000000000000000000:OKDOT:OKMYTH
14bcxcBX2Wjg7yaHKJ5JVuJBRtFARj45wMHJexuuwdKd7Dtn:12000000000000000000:OKDOT:OKMYTH
15dAkJyzB4EMmxs9cDDr3hMw3azPgCRB5iiEMt56uVeEKrWq:12000000000000000000:OKDOT:OKMYTH
12aecSASztoqGiNbbSg4hCJm3kDozrtnW1EAmRkoDqYqB3Ab:12000000000000000000:OKDOT:OKMYTH
14ZGJ5K1L256nzuEZaaoiDyE98mFMAp4prBMsXDUiDJQK1CE:12000000000000000000:OKDOT:OKMYTH
14TPkaTt22CGCMwi5FGoeTW62QnbEH1GYFyrhJE9KkKsJwL4:12000000000000000000:OKDOT:OKMYTH
15bBQAJWWGVJ5vccCE137HBFHu6bfHiYwwaLu9cDL4BVGYt3:12000000000000000000:OKDOT:OKMYTH
164oMuUMtUjiMmDdVdyGEX7Q8NQqRN3R23U49bgT5c5ZP8LU:12000000000000000000:OKDOT:OKMYTH
16TTYwe5S6pPzwgvx1Tp1eiw3QSaxJha1L3Jdeu9Gje6Uak7:12000000000000000000:OKDOT:OKMYTH
14CzfoaLXmM9rQD7pR9rEuGXHdqthaPtjipNFX2f7ZgWTjUc:12000000000000000000:OKDOT:OKMYTH
12htdBgAMMEJT7DHaJuSxUKMqBWu7nrVZRfLKsNk5m8wztN8:12000000000000000000:OKDOT:OKMYTH
12gFaGPTXZDFqMDvTDBqzoM54bHYPra9uLTo2S57p4voBL9f:12000000000000000000:OKDOT:OKMYTH
1Qf3ijU9TK28TFR3j2oB3Pbck7gEa44HfKC2EnbQcCjjv3U:12000000000000000000:OKDOT:OKMYTH
14ETunV8WnQQ9NoSVushFdZ398K4cvmBTBi54XSHaJUKsxof:12000000000000000000:OKDOT:OKMYTH
13dK5S1b4xMEs86Yku5pfR9ypvUKsFE7Tw2AYjsymprpYRs1:12000000000000000000:OKDOT:OKMYTH
12pj4pSxtohoAh3B7hW6To9E8eMgEN6hhiir8Ljixe7g4dkM:12000000000000000000:OKDOT:OKMYTH
12cQcCWRKP42iH5rGbm9hWzwrsPXAW7krV62J2akXhiVVawE:12000000000000000000:OKDOT:OKMYTH
13xaBYM2qrxxZNCZneAJBGzM6n9vifF2spA6BZ9VzwmJrY7o:12000000000000000000:OKDOT:OKMYTH
1xX9MpUszMiDp4KySD6FLuLr9mStzpzSbuTF9AN8wiMFFRr:12000000000000000000:OKDOT:OKMYTH
14t3wiRHDMaRe7HUe7rQurYR55HvWHzjbQxMALoCWqRhBLTB:12000000000000000000:OKDOT:OKMYTH
13ubbn9L7NVUavhof9fQLxenkj56Vrrghoqism4kP1257fHg:12000000000000000000:OKDOT:OKMYTH
15i9ssPgSESWRFm63CkQuUNaZMMbCvrWgq71PR4m9bDoJtP1:12000000000000000000:OKDOT:OKMYTH
16VaLThew9R4QRBu4CNEko2YnkJ43DxvUJD6Y1cwbpuQGF5v:12000000000000000000:OKDOT:OKMYTH
15QdrbEjb3mx1oPMhBqw8cD2Xzk6t1G9ZNaZ2UfqLQiPA6dp:12000000000000000000:OKDOT:OKMYTH
12fBJumEWB89xjbvba8iCKNCtFg8dRoXvYfQzLYrdr7MhnBQ:12000000000000000000:OKDOT:OKMYTH
14r4NgvVEfJyz9UeKgdFhkUZCyE4AS9k3nmWxX1jkRn24eoK:12000000000000000000:OKDOT:OKMYTH
15CpBtTHPNVGNqQKLCQkkzHL9SuaLump7zkQQaVPZ5Gdad38:12000000000000000000:OKDOT:OKMYTH
16367QQSFp2b5rRFPjYJrWsUwk38VmFpL3jbvu1RExmkrRYG:12000000000000000000:OKDOT:OKMYTH
13p88hHHVTAXMMkvFiM1qut2xwHPpNZsQnFj9UjDrUEKFKUv:12000000000000000000:OKDOT:OKMYTH
1Ejf9d29knUjmfFzxM3acSm4ZxxriWa1KGLaBHv5aA49N7b:12000000000000000000:OKDOT:OKMYTH
12GRQDmi14vn2eU4T7y4ndwZrvTSHbJ3RdH4ZFSwyc7pXaA2:12000000000000000000:OKDOT:OKMYTH
12ZiUxULcXuTcuQmyssqDtmkqR8H2Zap3xNvgbDjeNMe4m7K:12000000000000000000:OKDOT:OKMYTH
12ovXE1ZynKsdYsJNUyBgw1EGsunbm8rbN33Q6UNYxQw2qgh:12000000000000000000:OKDOT:OKMYTH
12ngEUWypN34YyPdLp193QB1U4Js5EhVqZMkGVozfBYbN8Uk:12000000000000000000:OKDOT:OKMYTH
14rme36mQ6JmpagYnRMpcARjCNPfFL4JDVMy6Te13ogRm4PA:12000000000000000000:OKDOT:OKMYTH
16HrjQfQd5nskRX2T8akbowTJZEZTqZ5gYgD4pcbBe1raj1e:12000000000000000000:OKDOT:OKMYTH
13hxqtAXn9araUUtUcJBYrBK1pVws5fG4T5Mg1d23c3AiD79:12000000000000000000:OKDOT:OKMYTH
152LJjAFCv7ZD3neqniaDV2y7bZo5wwipH5sDhKezppMT93J:12000000000000000000:OKDOT:OKMYTH
14ibAgjNLYTPYaR61nUKRSiWNWVqM6yY1U7w4nVNSCQ8cBRV:12000000000000000000:OKDOT:OKMYTH
188yjRRArqvNMq68v5rfdfvnPM2pZrHJoCDKjQW6XFRtFhR:12000000000000000000:OKDOT:OKMYTH
15WgdKX76vCgkmNzXQkSgxzzWftcEuCuqZXhz4NFGdDZMypS:12000000000000000000:OKDOT:OKMYTH
13s234wQP8oghiW86r2P6s84YS3WbrD4euLvg9eew28yVngU:12000000000000000000:OKDOT:OKMYTH
14Z1mWMivmUPLHbwKTAMSFuHRmMMF15W2Mrtdjz5hRUAY1AL:12000000000000000000:OKDOT:OKMYTH
12ioGPo1F22fpc2mEi4t66K777yjhaVM88bvKAFxi1MmrmyT:12000000000000000000:OKDOT:OKMYTH
1mQ1tXLxgDwtxEjH4GAk5rAMBucfo4KxPgUDwMAKe4JNjQG:12000000000000000000:OKDOT:OKMYTH
189gAiYh3J7XFkwpY7i8NnP7YnQzHoBRPzCTS6GZAcAWinX:12000000000000000000:OKDOT:OKMYTH
12Mty6NkETenopqr8DZcSc6mGTFSzuwSErqBzn6zeM1dMt1Y:12000000000000000000:OKDOT:OKMYTH
13P8ggmCZtZYofAaX2jnpGdvkVmotSWddmNwsCFVNZohexXJ:12000000000000000000:OKDOT:OKMYTH
16ZoeZiHtaWPQ6X1fdSiT6mvvELfGmL1f4aB4FALLq5EmRaR:12000000000000000000:OKDOT:OKMYTH
1234Mx7MHW8bkqwkFcPU9E3JfDv5nyjpGDVWEixdPehQZ3JN:12000000000000000000:OKDOT:OKMYTH
1K2L2ohvAqm5cc4r43JqtwKuWVFn4ms86ypvcubAmtvPpVR:12000000000000000000:OKDOT:OKMYTH
16DP2QwPeNzdNmKDJXLgLZ8WVdXQoJGpj24EHAoF3KdFJKvy:12000000000000000000:OKDOT:OKMYTH
1t1zAxFn5mf5oGRg7wRj2y2Wh1kcaNFS4qgS4NCGbRQLbCT:12000000000000000000:OKDOT:OKMYTH
14uDvghf4ppz6TyMmce2MbNqWpZvmeUDcESBQiD3c36mjCxz:12000000000000000000:OKDOT:OKMYTH
13FDoCh8efLFJWgQ5SWXo7iZLb4asJyGMzEid7MbHTjcUZbu:12000000000000000000:OKDOT:OKMYTH
14aQ4kgqM6AkHhDPBFfvcJwAisvnK3YSw743iC8seiCzJRR7:12000000000000000000:OKDOT:OKMYTH
15vxtRvqHhL6DLjK2x4znwuZrSPgdcm3ZMYB9URzKBEaKkf9:12000000000000000000:OKDOT:OKMYTH
13zAHNL2Xziyk3KZP9fFJ1VUJMcVgpN9sPnaXDgFkBTtZbw8:12000000000000000000:OKDOT:OKMYTH
16UBkDYxNyMac8atb3mn3PPjigHK2kFuAM3TVWKjomFzjqfu:12000000000000000000:OKDOT:OKMYTH
149JXmBxfFbQU53gzphUFYKudcFj4WgKbF6Qhkpu6QZoUSLz:12000000000000000000:OKDOT:OKMYTH
14sKeSsdrDEDdPLJ6HSJBaQaS8eBXtSFzZrvvmYxxterci3N:12000000000000000000:OKDOT:OKMYTH
1S6ZWhHEoq8V1EYbLzZCKsDFBaktU7QHN2AyfHJHw7WbqGR:12000000000000000000:OKDOT:OKMYTH
16f5Lbw6BEhvU44cyxtiYezg8s1NyJvtuZXnMgxM7nBV6eYb:12000000000000000000:OKDOT:OKMYTH
12rorjc83EkvxsoizhBasgmJBRBEUcGBoBLJY1HncK52FBB:12000000000000000000:OKDOT:OKMYTH
154mHEvL1aMutwfhmajVFSx3AcVotZrXghSGYJcQcgt62Bys:12000000000000000000:OKDOT:OKMYTH
14RMthVU7f4szmVpC88XF1eWDPauhks6q1fVD4oJ5aHEHkyh:12000000000000000000:OKDOT:OKMYTH
13Sy4uQLdRyURL4ZAdZRkwSP7DnaeKMRMK1Y5LR4ujTcx9EX:12000000000000000000:OKDOT:OKMYTH
15ZQM1r6y2NKTh3BBQ6xvYZTAmD9Bmbxpn9wUyCAZ5u2VKbW:12000000000000000000:OKDOT:OKMYTH
13yD8tDdyhn3Vzm2aVb9iRasHnzaY4jTYeZ728iEfozXtcQk:12000000000000000000:OKDOT:OKMYTH
1kM6D9EgjD6VZQTZoEEVdANhaQFFeVtvowzVFpgv5DbqySk:12000000000000000000:OKDOT:OKMYTH
15a6APYPE6bGKMxdKrexHGhsks6izrGsUkQtzE1MucBBJjYT:12000000000000000000:OKDOT:OKMYTH
1qajXFzcvZEeHtKNhfpdafCnnUXsWBCZt1nLfzf18FUHrPp:12000000000000000000:OKDOT:OKMYTH
14bZvK5tiMdXJ2r1DutvWYi2qhor1dCKLpS5hFU5Up7DzDbY:12000000000000000000:OKDOT:OKMYTH
13x5q6NrYtRcfN3fe91Zm6fZeUCYgwi7GxjnNZ3ZyhQRujRo:12000000000000000000:OKDOT:OKMYTH
12gTfCRtymN84tiCYWGNUDWv8XfFTSf7wAwcb6RZK8EMhrNo:12000000000000000000:OKDOT:OKMYTH
1X5T2GRPB6j3cyYg4uk67AWZgGKdbW2nvdbQmATAEYgRk37:12000000000000000000:OKDOT:OKMYTH
13DjxQvKexgArUa5VP4c8JcESRzqYrsAntqhZtcvRuYva2p6:12000000000000000000:OKDOT:OKMYTH
1giFdnhxqdQ9nUeQhGFnNH788KYGEP4FUffrbR1hn1u62iX:12000000000000000000:OKDOT:OKMYTH
14umk9mHk5o2LJzm2iYfeEDeQcrLrim3zH8x9cGoRTkPFAxh:12000000000000000000:OKDOT:OKMYTH
15BzoDKoEa3pvXpm96Hf98SNNXyQfsVSTmx5QWNRYsddjMar:12000000000000000000:OKDOT:OKMYTH
1fwNqpw4TEjNxKYUH73VCA2G4HAnDVPx6RPeUkPGddndLp4:12000000000000000000:OKDOT:OKMYTH
1MX8X6d2K3QLGB1XtHQjk5yjADG6V3d6VaDweeB4qYXZiJX:12000000000000000000:OKDOT:OKMYTH
15DiGtLWaVgwKYaShQq9NAsQaTxcXFEkfnwNxCNxePNMPh8E:12000000000000000000:OKDOT:OKMYTH
15i8PCJ8Qmxufqxr6WoET3zbBapD6MsKVJh6JdnYbhhoPaC4:12000000000000000000:OKDOT:OKMYTH
148ART1GbE8HV3HRcZ4XPbkvcyq5135Bo8xi3rBhwGtjoH96:12000000000000000000:OKDOT:OKMYTH
16nGDkyVh7MjSx9HHrN14APNZ2SFTZmaxwKUGuZwrYhPEKeM:12000000000000000000:OKDOT:OKMYTH
12DyFEP6mwauWZ6t21bPdsBi4kw6jTaBLYi3KmfXNA6MKiHt:12000000000000000000:OKDOT:OKMYTH
14xGd5WNKvQfka8Yf1x3gTWZ5Ju2YBqQ3vYhAJNPTrM9rAuU:12000000000000000000:OKDOT:OKMYTH
14T4QzGkBUnDzhHfvY1A7Wwc9r468pLDs7ftjCiQe8tQekNF:12000000000000000000:OKDOT:OKMYTH
1695JamA8TXscGCLB2KvCHaG24ZinTX7htXkzo4k8EXzKjBV:12000000000000000000:OKDOT:OKMYTH
16FDMsK5wDEWw6eooFEnv2jr4pughq2Vih4uC97chcgzYZ66:12000000000000000000:OKDOT:OKMYTH
12EhRJ4TioeueeSs8eUe6KM5hH59PuNE1HTzAJY46qP9JqEi:12000000000000000000:OKDOT:OKMYTH
14GQh1tyJ83BuFKQZQkPHMkjFw2Je4ZUmDCAvAGdaHiEyNxc:12000000000000000000:OKDOT:OKMYTH
13Q3Tgr7XftwqVafXftLay4TwbpU6uDjdgbscpD8kFSWhB7A:12000000000000000000:OKDOT:OKMYTH
14iwwM4b1Y4VrcZD6cAsbyzDqaroQDjiBgt1DVbMrRb1cVUx:12000000000000000000:OKDOT:OKMYTH
1593LCTjRcE2iF9Z5Fjc6rShs1LGnX3kYUvEC9YtnzgDyrGZ:12000000000000000000:OKDOT:OKMYTH
14uiLwuD22UZuoepAkAb9KSGrZ2X2tJ1sgdG93f8jy8G6629:12000000000000000000:OKDOT:OKMYTH
12xSYsaF4S9pemwzLUwrk17ogV87a4wJSxaQ4cPNBMG1uBJR:12000000000000000000:OKDOT:OKMYTH
14j8DkdetvxGu343bmNzoy1pJqMf7H3QMVuowJ5hZKJ5VN9K:12000000000000000000:OKDOT:OKMYTH
12HnPfdvu9La4Tn32NuE3kGhKGGSuZ2eWSesRT2fUMoCzcNy:12000000000000000000:OKDOT:OKMYTH
15zwHc8z6ph8mNMViuUEhAd2xR5nU823385JHrq1ZyRc2nyQ:12000000000000000000:OKDOT:OKMYTH
13KxXutyoeorppwNNvoRy9VLJ2kubQoz4DCBC5XJU7tVtTcN:12000000000000000000:OKDOT:OKMYTH
14rA2tdkYNdMo3MqZHm8UCycYLk6HVXcoZ5PU4mbdz4eFcjP:12000000000000000000:OKDOT:OKMYTH
15q6ee6iUcEQgB3xSeyDGDbdoZEV8kGaQRASmVuYj42sVydH:12000000000000000000:OKDOT:OKMYTH
13NCLd3foNpsv1huPDzvvfyKh37NEEkGFotZnP52CTR98YFJ:236000000000000000000:OKDOT:OKMYTH
