15zkpqj5GGcwoCgT1cybANAPpQczpzffyp7PUiPpFQjKwgqR:12000000000000000000:NEEDED:CHECKMYTH
14tUs1PpsjR12sXF6iUsLxhhTFxNgtCqQvp7tVeDuMeQbUHk:12000000000000000000:OKDOT:CHECKMYTH
18Zw5b9N5byGbWdJex3RgyNCaA2iF7e4Kk3FK5g6tufBngu:12000000000000000000:OKDOT:CHECKMYTH
18eyKdkJk9mA47yR5ZBL3PB3CqXN8LLNug1wkfk2HAJ36hP:12000000000000000000:OKDOT:CHECKMYTH
126Hdjvz5m3TAW6A4sDd8x7vE8MkFzaiAMppJYsvzv7JjvrA:12000000000000000000:OKDOT:CHECKMYTH
14MQf7x1K2ZEX62eNwuSJkVc8UUEYxfqj791V1u2h79cUXGV:12000000000000000000:OKDOT:CHECKMYTH
16AnibvxUeSuRouGTY73KceYKGfzUSudPzR1N3YjZCsafNKV:12000000000000000000:OKDOT:CHECKMYTH
13jhhAtnz7k8tocvgCrKRcpKuFjTVvTqHsroXyMVZsdh6PgZ:12000000000000000000:OKDOT:CHECKMYTH
1txXA7voMRYkohzjcjT9T6WdDjJMAr1TyxkTMxXCWFYMtDK:12000000000000000000:OKDOT:CHECKMYTH
1NtjPYMECfsB9ZY5E7rhfKEFLFDrz6bAdnRwVzwdUmwgvTq:12000000000000000000:OKDOT:CHECKMYTH
16EC578geW6kimyH3C29XNueM14rXTNFrNB2AXhqYoDEjnBR:12000000000000000000:OKDOT:CHECKMYTH
16XcPTpEwQEmgJUZKKB9WRGxJUhoAvzt9nxr3X3DCrufT988:12000000000000000000:OKDOT:CHECKMYTH
13ZG7w1CwQXrMYhiNN4bxh58xNp9ykb9DdqQSBV1Rs5cGL5L:12000000000000000000:OKDOT:CHECKMYTH
168sB2zz8HyuzXKRJjXWw6ZCHv3auRskj8HPrc42ZChJH17g:12000000000000000000:OKDOT:CHECKMYTH
168djkbKCgiAmBAcd5XKhuu2F1gHQbmiSeMbjYbhUT6YZzgU:12000000000000000000:OKDOT:CHECKMYTH
16CzVUgwh3ZAAmHiz3qwb4L2qSXLBgrpjDWpGMmCTuGXt4Ui:12000000000000000000:OKDOT:CHECKMYTH
13Jsg5DkbdbsLWxkz6hebotEwYnHejbwDnddgHfYaCosSvVP:12000000000000000000:OKDOT:CHECKMYTH
19efbsUTDM8BpE96FNjGH8vqrMdL8ibnqgqB3FPvzw5ztJj:12000000000000000000:OKDOT:CHECKMYTH
1ABuM6hCapwmpBjepbAAL5eNbr2GxUUERQPbajishyrtgbn:12000000000000000000:OKDOT:CHECKMYTH
14XmeXfMCB3WoiQUxD5H9r8H6cfx5c67bspx4S8zqc9QEeEQ:12000000000000000000:OKDOT:CHECKMYTH
13p67uJB4nVkJqPW4Z6KxFjDmQwi8ycMVKoxuq7c9XbVWzXv:12000000000000000000:OKDOT:CHECKMYTH
1bNqmRYEzJXkPjCHrsZmPvzyMqQ9sndPCJdpFmeEg1nemdg:12000000000000000000:OKDOT:CHECKMYTH
14GREFpW964Gem22ZAW9evfVyGv9Wzq8nBjdxXXEbTP5bF3b:12000000000000000000:OKDOT:CHECKMYTH
143zDunwMMByUCywM7BBKyrpz4brQGR1BxhapqEJ5JBXnBjM:12000000000000000000:OKDOT:CHECKMYTH
159WEyUtaEup96x5eKnyQmex1PqTSyAu3nEoaU2nHBvvJTRk:12000000000000000000:OKDOT:CHECKMYTH
16CVe5bsFT5EVNbDvHKQSQLJPzkVRNHt7cELViGHHhCiCoJY:12000000000000000000:OKDOT:CHECKMYTH
1FAfhVMTwKeTgerM2GxGE8wM4Q7jDaohzm2EKymQM2Uy7Qi:12000000000000000000:OKDOT:CHECKMYTH
16NYHK9m55yJgRZktrumPAXPb58tmxR9QUtA3jt4vcsrSJAc:12000000000000000000:OKDOT:CHECKMYTH
13B4cX8ZaSeK9KYRB4pzcVfxaKCh8TKuAjUzRSAKVn3SzU7i:12000000000000000000:OKDOT:CHECKMYTH
12FZCHCF99zzWVn37DNma9WZBiUZ2DRjHHiTaC2d5ZN79F1v:12000000000000000000:OKDOT:CHECKMYTH
13uWtdXtzZV7cKWLGxuCKnNQUsuSf9UHtrbr7kKRXiTHMi8L:12000000000000000000:OKDOT:CHECKMYTH
13dzbMEryaW73jKGAKYieHmHhfgYif8yh8Zoym7kTL6VBK5b:12000000000000000000:OKDOT:CHECKMYTH
12ivpk1iEaRwRjKmhtk6JfXWY3hLzDmFxiTDkWtcVVYYFsXW:12000000000000000000:OKDOT:CHECKMYTH
162NJWSzC1cwFfu64D3AS4mY2sUoJqRFxzaPc466hbNZ5Wnh:12000000000000000000:OKDOT:CHECKMYTH
12gUBU4hTFNEHuFJh6qGKZuK32ektWDZ8PhRdpvCwRYkiRaa:12000000000000000000:OKDOT:CHECKMYTH
16fSWzAZRNKenEQuKPGLcEKkBtH7E44FuzbFCTgQvpuTwMBk:12000000000000000000:OKDOT:CHECKMYTH
1313iUecUHbU1pjL6MNaa4GZSrNi1SepKCoz9StmdoDoXFhy:12000000000000000000:OKDOT:CHECKMYTH
15THWL8YNu2gXhL6EbRs79YrBLSc36jm5W8BWEVwcCvzy7bX:12000000000000000000:OKDOT:CHECKMYTH
1jGaDuVMxqMkwxQQyjmJeg4Lf2PqZSxTwRz658tFCztD4fC:12000000000000000000:NEEDED:CHECKMYTH
129pD3sUFkw9Ms4wPrMg82Jr67w51aC4LmSj3qaREcSfRXdJ:12000000000000000000:OKDOT:CHECKMYTH
12dGtfzejSx2fQoGVjVbFDEtvNULN84iFJ9zz4PBrMyUahSW:12000000000000000000:OKDOT:CHECKMYTH
13R1pDwB8AnzER6Ltvo4jfjKNNfBnzYG8BiLBrCq2KJgbXPP:12000000000000000000:OKDOT:CHECKMYTH
14sDjv6PXh3HoujhXUyDcYBi4D4AyDhJKBJBefyyvchNjAAd:12000000000000000000:OKDOT:CHECKMYTH
13EDoR1uourQ1Xq4hG1bkeUWEKGwunD3LvzQV4EyZXssy9jN:12000000000000000000:OKDOT:CHECKMYTH
16SNzFZb8C7Y9NhVTUptr1CDUGQENUbYFT97cAj1CJd9oQcQ:12000000000000000000:OKDOT:CHECKMYTH
1L1WQGX2FinuYjpKhVUyzuvmbN3DZ8K3SsBNpSKSmPqA6BK:12000000000000000000:OKDOT:CHECKMYTH
16goqUafPPiRhPHUDFi8Fhruh3jYy84vxVFvPixUYJQ56UCc:12000000000000000000:OKDOT:CHECKMYTH
1MhT4GGbayTF3Mys3XPfwuPRvpRRdzh1p28RBsBB47igZzY:12000000000000000000:OKDOT:CHECKMYTH
12iZmtcGwp24Loj9gezGjbwLGK81HY8zChZyRjnp29Lxrszi:12000000000000000000:OKDOT:CHECKMYTH
13tnxqnCYfse2vqwCyWk8nZS15xB8kfSq95qCUGyJW9YmEsC:12000000000000000000:OKDOT:CHECKMYTH
14CSPHtHb4GtE1yy4Hk8N5k6RXRQjXWatujdi9H9Ja9aqo4o:12000000000000000000:OKDOT:CHECKMYTH
124xsXB5z9YY5wNUr5UhnP2CAeQnJTtT4F8RiE6ZRnKgRcQy:12000000000000000000:OKDOT:CHECKMYTH
1bFK974ooWWEZJASjmFJbgGZpSWvAqvwNVyukXyww1KsUJC:12000000000000000000:OKDOT:CHECKMYTH
14bApfHiWi6Yi1Q3SvqUqDEUoSFfuCqfufMt2A3iWWTYmk4H:12000000000000000000:OKDOT:CHECKMYTH
15a4H53K8j3DtRoeGdS6vEdnJVemdb7p6CPTybVTTv9Q3CEG:12000000000000000000:OKDOT:CHECKMYTH
1GXoWNhUhZuqu92Nv8brSDKiXjc6P6HzoA5BA373cVe6Rno:12000000000000000000:OKDOT:CHECKMYTH
13k4ouJ728K5bdicLbXG96wHQuvNoTvq5GnfBKDBpGCcm8BB:12000000000000000000:OKDOT:CHECKMYTH
12XVsJa2fDbyLCL8qa1AEyfgBBTJ56nwcqjSYcxdMAprkCb8:12000000000000000000:OKDOT:CHECKMYTH
13U4jbY1NAgH6WbAogqru1dRNoe1R79HuDf9CdBN4ERrjyKk:12000000000000000000:OKDOT:CHECKMYTH
13sqFBju78D3MkUjSCvMGSQVfyAyNNZ5tjtXfgftJEpkhHyt:12000000000000000000:OKDOT:CHECKMYTH
163Vsfn7kPKL8FX6JRXnsYa81fbUURYH1SQeS1diCTjt5g3a:12000000000000000000:OKDOT:CHECKMYTH
1R5XcKFti3B1NRJFNTKvAGNL94dS2eTwgKUdXzQM2hVtG4m:12000000000000000000:OKDOT:CHECKMYTH
1rzXKZDrjgDXAeot9BwKrBMqE2D2X4ttoEax6ff9m1BzrLV:12000000000000000000:OKDOT:CHECKMYTH
14ZzknAPLE4UquubmWnNcc2vUA12jXkpNnU5pPBLdyHmh3cx:12000000000000000000:OKDOT:CHECKMYTH
14i94DVsN8Cgw2eycQ4yZqP7hEMxexm4HekpWVmpV2o4qxoE:12000000000000000000:OKDOT:CHECKMYTH
1vZVo4hRsdCkmrF37qEeVZ8iKsjJftvuESabAQbprFokcZY:12000000000000000000:OKDOT:CHECKMYTH
14FtVuagetp4byDkdtVCrdUsj9TpH4oXL6Y35oL6yZz76sGS:12000000000000000000:OKDOT:CHECKMYTH
13vjEK6KXWidj7aJ4s8oWP1qqX2g1k7pE29pnsuCDjLdWDvd:12000000000000000000:OKDOT:CHECKMYTH
13c7w41EfgN8r6QxEHGFpkcTUiiJvb21HWCtjHCpDpzoSj71:12000000000000000000:OKDOT:CHECKMYTH
15vwuMEwwFDMvGjh87YG7Y6NSFzqmbJ5qRBiefWvmbkYptnA:12000000000000000000:OKDOT:CHECKMYTH
13Q5xpmBwW6x5MaTM4w4LGZb5Qeyva9FaKnhJaV9hbQt73Pv:12000000000000000000:OKDOT:CHECKMYTH
12MaK9gQi4x5Bz4zFj3SVWWFvR3fUkJwymESkPTHRp1fQS3u:12000000000000000000:OKDOT:CHECKMYTH
142okrVVvWfbCtmv5PPquS23Ai3PC4dWyK1vmmgp5yu96uxe:12000000000000000000:OKDOT:CHECKMYTH
13aW8zHqF1jXJTMHH8BVBHT8YV2S1ZvQrc7iEys8fA5Wfibx:12000000000000000000:OKDOT:CHECKMYTH
12qT4Zk6LP8Sfem2n3nThYbSX9pDcHJzihW8SktEQXJ7TgyF:12000000000000000000:OKDOT:CHECKMYTH
162Vd2xmnq57AfsuBrTLBZwutF7iCPKJQN6SsDQ9NVPExE4Y:12000000000000000000:OKDOT:CHECKMYTH
12vxcx9obYFhGn4916YTN57JZJEKJaMcinP81sW8WoPx63o1:12000000000000000000:OKDOT:CHECKMYTH
1WucYSdxGyEUk8zkpUo2SWfpmvipvCUNe3pj8gRF5KDNx5m:12000000000000000000:OKDOT:CHECKMYTH
15xeNUxc4gkcj1MnXBXYa3uMJ4y1vjzTc53HUqUA3CtGiADB:12000000000000000000:OKDOT:CHECKMYTH
14fs5RZq8Ny5kGBosx5PuEeZX862SBcapTp9c5DvoLqMoeeG:12000000000000000000:OKDOT:CHECKMYTH
15XoJiEmmZL9ETBLxqd2ybhpDMcfSShsY9rsDckxUTf2vm3L:12000000000000000000:OKDOT:CHECKMYTH
124Lt7qJ6Yhsi7QLknDjLTNXMuahh8Rpos2AX3Y3qEkZkGVS:12000000000000000000:NEEDED:CHECKMYTH
1CpX1FdTTJaKcHD8QJaPShrKTfqqTfoHUHjaCdKGdnD8656:12000000000000000000:OKDOT:CHECKMYTH
13kXQNjjmzfPCZcqYPMwhQSFFjFCPcEAA9WYyYo5Fb7QTWVr:12000000000000000000:OKDOT:CHECKMYTH
14yHeLFcQug2g7Jvh4M9qFQ6X1duAvmVr7FN2QRtf8dfHyQb:12000000000000000000:OKDOT:CHECKMYTH
15g2YsQSc4dwZmFigjLedTZjbB69fhaUntzDgmWtTmAbazmm:12000000000000000000:OKDOT:CHECKMYTH
12Dzs3ANQAXvFuBuQ2ibuqs4Yr61qvYQqENkMYymvwJ8gy7A:12000000000000000000:OKDOT:CHECKMYTH
16gFieF17Z4e2xo6cBiBdAY2rV8FB6cbSH6GrTSa18rGiAWa:12000000000000000000:OKDOT:CHECKMYTH
167ssaW8MBE2368mN6CW3gRkXzkL7jFkVFvANMk1snafr54R:12000000000000000000:OKDOT:CHECKMYTH
14dieCBeQYZiaxjea6FxvN2D1puhUdyqCt2w8GvCUxbZfUSz:12000000000000000000:OKDOT:CHECKMYTH
19nFejpMQBYSJ6ykUrorKVxPDqpQdDTeFzJ727bu2SkvnjK:12000000000000000000:OKDOT:CHECKMYTH
14Mm2MubwopvMJAx2LT9T5UoQkYDpXvC8FNpfGDCv9v6pjv6:12000000000000000000:OKDOT:CHECKMYTH
15MS7n4JVAi4XnRnhP4X31s99X7eVry5WZJDox4wYz2aqnSm:12000000000000000000:OKDOT:CHECKMYTH
15oDa4L3gh2n7LDpB4KFKpyVfdNdG3SNBhmdvUGfy8zM2HJi:12000000000000000000:OKDOT:CHECKMYTH
1UfhBWRyT3Kyd3hJnvQ4LTEWLqMA4hoFvzURzGoWAVS5M2o:12000000000000000000:OKDOT:CHECKMYTH
16mv8Myj7vPb9mLpmbBFnEYjKcrNeGURMsUdizRf2o98AfAH:12000000000000000000:OKDOT:CHECKMYTH
12mtCZFPEUyp4UY8TMFqq4XJHLD7WuKBSsiDQRCvCmBKbUGT:12000000000000000000:OKDOT:CHECKMYTH
153EA9g6zi4W7aD9NpEZsBMjJif19XhQCENoymMEWK81UvLB:12000000000000000000:OKDOT:CHECKMYTH
14W3rzTvDWUrd3gdZnCd29j2DQJPepbNEPHaWZYShQPmtFn9:12000000000000000000:OKDOT:CHECKMYTH
16bBZHLmEBF1p4j8dD9NCeVHuWWdMYv3GeR58mZTrBF16U4Y:12000000000000000000:OKDOT:CHECKMYTH
12uz5JTjjKhMavH28U9c5kym6ihnu5u1Saj6vabEqVcfoFVE:12000000000000000000:OKDOT:CHECKMYTH
14X39HfDFGpZRNccZdCfgdZp2GxDHZ1k4gSNbCeKBmwUCx1C:12000000000000000000:OKDOT:CHECKMYTH
146JqwjHbeoFh6zvqCTcA6G5EBAgCg7WYU41RnA6zbEmX5dH:12000000000000000000:OKDOT:CHECKMYTH
13VuzNBsY3T6qBMkAYYfn5X6ABSonETLzfJfhACyDAumZ38:12000000000000000000:OKDOT:CHECKMYTH
12ZjaH5FoUFzusrMM7gdc9cVdnnYZuZuqi3fcso8BtcRYn4A:12000000000000000000:OKDOT:CHECKMYTH
15bePLTCuoPuumVyNuocZxj9D69kJtRBtRHgPET6cGS1RY6x:12000000000000000000:OKDOT:CHECKMYTH
15rYFzUXvbb4eXzUvXTvmLxg63t9xXRK6dtboK1qAAxL9W6e:12000000000000000000:OKDOT:CHECKMYTH
137B9RnABpLDmo8c8t61hLuRmNfN8GM426j5PcdgnWvFVuVv:12000000000000000000:OKDOT:CHECKMYTH
164DzxLXY6bW1BeFoduEoVEmJpRs1zoM782QTupkZen9sLng:12000000000000000000:OKDOT:CHECKMYTH
12qAEqmbPJdto2oY29ZcEXKFyHQNy4fS4exQcuRd7g4arivx:12000000000000000000:OKDOT:CHECKMYTH
166p9Jgw96uxmcqBEa2FhBcrus97XUVWniyFyADHdk5Lbe5g:12000000000000000000:OKDOT:CHECKMYTH
148vSUbFxNPBYyqVCwGvGETwhtwa9AFgwKvyS3Ku4PHzUCqL:12000000000000000000:OKDOT:CHECKMYTH
15DJY6QB5mCvQm64TRaTjGaa5jEBzGw472GRrqyzXA1vZTB1:12000000000000000000:OKDOT:CHECKMYTH
1gDFuJbrAMyUAe6RRUnSCZZoRqhYrC4Cfsnt5TTRW39eXAj:12000000000000000000:OKDOT:CHECKMYTH
1GZiaMinUYxsPo6UC7nCJ6RNsnV3uGrfpF2Yn8yFM6QR2k4:12000000000000000000:OKDOT:CHECKMYTH
14YPn8T8urbgp6E8nbN8wjJWLV51A5uJxm98MfeRZx3JcQM8:12000000000000000000:OKDOT:CHECKMYTH
12SbvhoPei95ShQYkJzxRHreYvKGE9Y9WvRo4HPc8gGAd28H:12000000000000000000:OKDOT:CHECKMYTH
142CiwrxUiry9xaGvoWBBf7FhG198AbZzdFSUJatrAWr6YEb:12000000000000000000:OKDOT:CHECKMYTH
13WPCYRb85zRB5qy4wyYWx5n6cssPwNtYNKrwKNZLcG671RX:12000000000000000000:OKDOT:CHECKMYTH
13o475GuDkUBxPHEeCa1weYWjiiKeykgf5wmzAH5tMT7Q48a:12000000000000000000:OKDOT:CHECKMYTH
13oX3XpZaQuWkb4cBjxNHHgEVBfLz9JcWPnFMvUKX2i1oemZ:12000000000000000000:OKDOT:CHECKMYTH
11nq6jEzC8eJJvKmxcmp51cmNxEYA5S8h82To8aiCAfKfyU:12000000000000000000:OKDOT:CHECKMYTH
15qxiKy7KRAQA4HswW2PLnu1H3y8fD1g4Z8GaHe3XCfPN5aM:12000000000000000000:OKDOT:CHECKMYTH
12tfV463h9mQG3xKhCnpngwnFmDjSX7f51WXip9SSwtSrkGA:12000000000000000000:OKDOT:CHECKMYTH
148bK5VfeWXofTUBGUNBJHLJ48Vbm3YzMduDvQkPxhNwmYKW:12000000000000000000:OKDOT:CHECKMYTH
1tmFyhNbASPH98pxEJ7tyG1iFF7aCy7qpsH1CKaPd9ZfgkW:12000000000000000000:OKDOT:CHECKMYTH
16HWWDcxqn96bmL2VgkXopkssPkvd83zdajcLNUYsAT9HpAu:12000000000000000000:OKDOT:CHECKMYTH
15wWztWHZmVzReKz8Gmbv4zZGYwUm7NQWBYTC3X7Ap2iCB4o:12000000000000000000:OKDOT:CHECKMYTH
14wBBVaGXDD1ihBs6xmHDQvy2sa6vTbgFNHBzV3Hg6Li8iYS:12000000000000000000:NEEDED:CHECKMYTH
12SeEW2yUd3Znqh7g4i7GDTaLCFHzNQQYwvT2m1YrXYJgCUi:12000000000000000000:OKDOT:CHECKMYTH
155JoxPVtFB1znnMo5j4MiqDtDs7s1THqvsUVAPsEjf3aAU2:12000000000000000000:OKDOT:CHECKMYTH
15ng2QfMpHedSGna96gvnV1WUbt7oRPHKDf4AcwKb9ivNoiu:12000000000000000000:OKDOT:CHECKMYTH
14hvY4yCxV8LuLAMriEqZKLmvG7mToPJF7kdJYgnqQSawfBc:12000000000000000000:OKDOT:CHECKMYTH
14k1DHpk6mG5YgaKk1w6CADMA5qyXyUUwqdaom9dwrXqQz1N:12000000000000000000:OKDOT:CHECKMYTH
16ESoMEvCaCJzgQ7aqzGHrY2DppkFUx6Ab29peUAvmeX3TX8:12000000000000000000:OKDOT:CHECKMYTH
13bBNYt7fXPbHmWVeaFThT5esoMKWjb3srsEButvSjx5v4a8:12000000000000000000:OKDOT:CHECKMYTH
12aCvdJfyUM3Bk355Qnq1Wa7dr8Q8iB3TaFXzm9KfzXnCbtR:12000000000000000000:NEEDED:CHECKMYTH
14zWM5rYSLknhhH8Su8dtz7Z2HkTWchgMTBmBJijJhJ9bkGe:12000000000000000000:OKDOT:CHECKMYTH
1z41GLaf7S1dF7cAesxYejp7vK1Nzujy2BmDvGdua3bD6WT:12000000000000000000:OKDOT:CHECKMYTH
16FpuDAZ5kvj3yk9occTnC8xsY1YYXxv41WKYzcxuaBj87X6:12000000000000000000:OKDOT:CHECKMYTH
133RrftUsSWPy2X7drXcBQ7y9VFGFVzLwC4hcaJb3HcmLEPN:12000000000000000000:OKDOT:CHECKMYTH
1QfeppysCvb2qHUgBk972XHGhMrrPkW4Li832DcUdP4VTZx:12000000000000000000:OKDOT:CHECKMYTH
12LH5djtYKoiDvqYXoPBSz3yNpCX1jbjsutQgQPgaVQ7Bt9s:12000000000000000000:OKDOT:CHECKMYTH
15sjjtbSKJG9ryG8pD4jfffpu1YZLSvtmLyxvVHpBC8Yto8L:12000000000000000000:NEEDED:CHECKMYTH
1Gu8deRahYbTfpLMdMveSzUGb8Wesh8dKm3TySwEsiT3SK2:12000000000000000000:OKDOT:CHECKMYTH
16GnHQc2fVuZ5ZTh9su84riwozoMWtm9JZ1cB5ot9TXjCxVL:12000000000000000000:OKDOT:CHECKMYTH
14AGq84KVHufRQuqRPApq5myYjPVBbtGcrZSwPbbcX3oPjba:12000000000000000000:OKDOT:CHECKMYTH
15YiWmvm15akVoCXQQibcvKc5A9zxnWCkkFS2neW9y4F58Na:12000000000000000000:OKDOT:CHECKMYTH
143wAZp8MydwrL62tFddYSjVpf1r2epbw1PQLkM3avTBJNsW:12000000000000000000:OKDOT:CHECKMYTH
12KGEmb4Q6ka6GfGy4TtLp5RUMsXTYXLJdfme1VbJYjERAUY:12000000000000000000:OKDOT:CHECKMYTH
16WM5vj5BJHeRQHRbhxEcamdvdkd22i6xRCpApmqB2sycvSw:12000000000000000000:OKDOT:CHECKMYTH
16NzhA5LE1qV2wLPbDnQq1kXh6ARcAjrbrP7b42muJBUHAqd:12000000000000000000:OKDOT:CHECKMYTH
13uCCwfhp1AfoM4XUsr1v6Rsv3eVuPV2keTr3uTJ2WSwxXfK:12000000000000000000:OKDOT:CHECKMYTH
12C3DnZff7mqRr48Zpt6kAhbXWtf7rot6z5XyFzcnhhBw3xx:12000000000000000000:OKDOT:CHECKMYTH
13aigNyQ3Q5t6UFN7PBrBLESA9bXANr35Z2fPAPnmJsyf3qg:12000000000000000000:OKDOT:CHECKMYTH
13bxqu1r81z61WqXSqYe3CfLyPpPgfALSpXZThwnzi5VubUs:12000000000000000000:OKDOT:CHECKMYTH
14VnG8gRWAQYe7fDbeakyWZLb33JrFpy2kr2GtnqMaV5Ymm5:12000000000000000000:OKDOT:CHECKMYTH
15EAGJWiWQvTA9ppf3j9WmT5a8vUuPkMe4wFenhTA6XaomCs:12000000000000000000:OKDOT:CHECKMYTH
12R2BsmJavqK6usqPATofiZUVnFtCBNWW168RNEaJt73vCEn:12000000000000000000:OKDOT:CHECKMYTH
16UkBn4T4LJva6jbvTbX48HzRqAr65dqqHhck4fUxigYd2wz:12000000000000000000:OKDOT:CHECKMYTH
12f9SKmksUdkjvHvxZ5ai512HpfFTT71nLe6yezChC5SMUfe:12000000000000000000:OKDOT:CHECKMYTH
157CXN5S2qL4QuYhrh5a56rZ1JrrV1MsFPMxEqc1s1yR1VYs:12000000000000000000:OKDOT:CHECKMYTH
14JHVaT3kZndbNJ64jbsQpvP6Ye9Bk9cBFhCgXuDDk8KtEBy:12000000000000000000:OKDOT:CHECKMYTH
16awFp4fsGph7izF4YXpe7jK77gw21dJsk3rNXLLoQxcHjsZ:12000000000000000000:OKDOT:CHECKMYTH
1vtRTzQNrxssJqThT81bqKBBKNkdGZ5UJAwGJDEtAjTxsih:12000000000000000000:OKDOT:CHECKMYTH
16Urk3g1oLdxgh7tEeUvDxbmqAiWGvzBtNux6L5S8pBLFA1e:12000000000000000000:OKDOT:CHECKMYTH
1cSp6d4BiWecnXyBaLD22cbAuwdvbwcZe1ELH3ro3wCpmw6:12000000000000000000:OKDOT:CHECKMYTH
126dXAcPYM8TY883CBSvNRN7rfFJ4upJEjxSHJ2v1tYRCm71:12000000000000000000:OKDOT:CHECKMYTH
1hPrhTnn9wY2CJv1rBye8JXHvL7yanWVYGmhHRiTqGGwbV4:12000000000000000000:OKDOT:CHECKMYTH
1NRahc2kKxAiq8aWrx5xP3tw6Z6GShoWiraQuMbR8xQxYz5:12000000000000000000:OKDOT:CHECKMYTH
149y71mhTXM92o2dgnPpa24qkt6wrvrnafYF7VZvTmGkoyH:12000000000000000000:OKDOT:CHECKMYTH
14Nta1Z3napqkjN8GUr8sUUgfgqcH9dTiJftghMTtxrXrN1a:12000000000000000000:OKDOT:CHECKMYTH
12WKwKBTHc4wxXQMc1Tk21rFm4jdpESZVhtNmdzgQhSjf6H1:12000000000000000000:OKDOT:CHECKMYTH
1z7ahtcUuK3iFZJRcD2CASRhtJs6JziY1AqbG7WXr5ydTXp:12000000000000000000:OKDOT:CHECKMYTH
1K5ZJuS4xHCtYy4JKNCqpKwJvcHUBUD73YjuDMZM1eBPe6V:12000000000000000000:OKDOT:CHECKMYTH
1MgzntNsDGdMd9osGcACt4AV75L8wgan7NqG7QuSqKUrxZq:12000000000000000000:OKDOT:CHECKMYTH
12vuajJ21ntnXRUFTsK6wcoE3i8ubyedePAv5vWrDcd1S5Dt:12000000000000000000:OKDOT:CHECKMYTH
13hGQNWsaqaGyx7hq4R9W6YPygNKteLASaM1yqS6rBkQ8zbg:12000000000000000000:OKDOT:CHECKMYTH
15aqQtKVE2duS5JbJH8X3Jq4gC8QcknevPvo6eagwjvF4DdZ:12000000000000000000:OKDOT:CHECKMYTH
12t97Ui5LW8ZohDsqneiRjFQWDHGb6s4W2suAWhN3Jub7zbF:12000000000000000000:OKDOT:CHECKMYTH
16Eh2hjxLTbUMKsqpetRQ4Rz66fu71EujyoDvWbYRhxutEx6:12000000000000000000:OKDOT:CHECKMYTH
124BRGhJUQ3nHuy9eQbN2tYwBvwr48UP8Enb1NKiBxZJyEj8:12000000000000000000:OKDOT:CHECKMYTH
16DvyWoWA9qD4Jpfbeg36roGPdt8WnnGC33MVpyXTo2Hab5J:12000000000000000000:OKDOT:CHECKMYTH
1TM7Vu1iaHKjL2JwAtMzhHwzZmpEo7eGNXwnXTHzuCnZuwW:12000000000000000000:OKDOT:CHECKMYTH
1WvUwNXhEQLNukNwT9KmkromhiWnMTmDzEUnu2cCghebFtx:12000000000000000000:OKDOT:CHECKMYTH
1NUJuBXcoYATYmAjimY4dx8LPLjUw7GvE3aMQdU11RjgM4W:12000000000000000000:OKDOT:CHECKMYTH
12YJZmJp8P6i5fardQbCkkgAkPb64V3WzHcpTkKUSce15VhX:12000000000000000000:OKDOT:CHECKMYTH
1592uGyjJoBhzyKYpJ9aEQByFJyqHRsV314HAfhVvsLBCJGp:12000000000000000000:OKDOT:CHECKMYTH
14Gh5YQqoVkQpXcsFfcHWnWuqU3Gv7xasNKS3ACLsb1dYktt:12000000000000000000:OKDOT:CHECKMYTH
1J7pGGAngeDrbhT2M3hBTrBebcztfwoM48Sx5MgkxR2fDsA:12000000000000000000:OKDOT:CHECKMYTH
1e3D8txVYXV9jAkQBjFwR5dRuJW5beARTn2rrgGXfcNWsDm:12000000000000000000:OKDOT:CHECKMYTH
1FNcB1F4sDGPaZzPxqfGPWiQyM9aZL5tTC1Pgx2LyjeNPJK:12000000000000000000:OKDOT:CHECKMYTH
1mBd9zwaV7MF7ULXVHGRaJ6f39523tRbF9wctEXuB9cdMgZ:12000000000000000000:OKDOT:CHECKMYTH
14wcminNC69f5Sd7C9oqP8o3DmucXHKaWLRfUjSzUskAXiZL:12000000000000000000:OKDOT:CHECKMYTH
12Qj18GgeW2LE6mxygTDuGnAveKxNg11A6VEB73DUdGT7JuJ:12000000000000000000:NEEDED:CHECKMYTH
12sW1YcQPZ6A9ZSVZ3843ipjyhYtxHnmZhPn1abnkF15WiSs:12000000000000000000:OKDOT:CHECKMYTH
13A5rpcxu2h6KHJCoL5UxpbvRwdeiQipoyVwCqC5hQkNLzn2:12000000000000000000:OKDOT:CHECKMYTH
13RZLpLJd5mNtnXwyeEAKTtRmCdonfEU77MowgFWaYKkTmd5:12000000000000000000:OKDOT:CHECKMYTH
12Wq2CpeFXUGUNMAdg1NQ9qXgW1LRkvhqYE7XExdizFEARnz:12000000000000000000:OKDOT:CHECKMYTH
14XojuUA5en7taxmDwRnFs4CLr9RmqFV5dzEMe6uGUKZnF5S:12000000000000000000:OKDOT:CHECKMYTH
12duVW4nBDaBe5XenPbeNd7FcreQ3pWEo8SyTwYz8KEQZ4Vn:12000000000000000000:OKDOT:CHECKMYTH
1fWqdhtsMHsUd2oayL8zUqGAY4Y2QXq1tvPWRm4nwGSw4bK:12000000000000000000:OKDOT:CHECKMYTH
13iXvcic2GPemBPdoo7H3vDUJpJY2JJe1bjiwhexiEtasaXU:12000000000000000000:OKDOT:CHECKMYTH
12Gd3qcx2s7PG1nfLMaVW4YS4QHYX3UqAWudj8YL2ACEwRWw:12000000000000000000:OKDOT:CHECKMYTH
1MBJACDnF1Kj6ds7NEyzUANGHyu4TPUYULWriiN2ht8Nmu5:12000000000000000000:OKDOT:CHECKMYTH
12jkjchY5fQnN9SUNTTjrVgKErfWY6ARojjEfLkoqA12p7xa:12000000000000000000:OKDOT:CHECKMYTH
165C6GMXfH3NsbdrU3EHGhRTzdH7MAcYXzxTC9HkeN7CnVyN:12000000000000000000:OKDOT:CHECKMYTH
13MwJhnk5d1xeLRwTw9S7ZydrMgRygzwREJN2zUrbiBGumKh:12000000000000000000:OKDOT:CHECKMYTH
121jZCMWssuZwFP9e4CDGAYsCAzpQ5T8NAASUsEhtkwYkUgv:12000000000000000000:OKDOT:CHECKMYTH
16bBVToYXAaNRscJKA8WciUtQwGq6AwUna5sHUeqtyT8T1xh:12000000000000000000:OKDOT:CHECKMYTH
16Ry4hEWUpK4j153FUCFgir3ac6J45byy3QqX3mvKicQ8eiK:12000000000000000000:OKDOT:CHECKMYTH
12MiwsnmoSM5EBVNobjnm7MQZ5ovrc6JxqjgfBs8FCoJriHA:12000000000000000000:OKDOT:CHECKMYTH
16Cw59F5bvPMP3UFRbstwHkDTkoRwEEr4ftvV3vXJJwDxySF:12000000000000000000:OKDOT:CHECKMYTH
13XnXdF9ws7d4T8TdaZnioF5qX3TJ4hRic95vn7VJDpLzge2:12000000000000000000:OKDOT:CHECKMYTH
138gfwCmDKMu8GDa84crAJxS6crSBAyia7E15zQRngVwGsfZ:12000000000000000000:OKDOT:CHECKMYTH
14B8cKbAejJi936rye29qL3oriRxKp8FbpvQNdv9P5hrgzy2:12000000000000000000:OKDOT:CHECKMYTH
16bhmcaLLiHBuABTT3KYARhL33oFhsAy32RLMrtNfN3LbDRM:12000000000000000000:OKDOT:CHECKMYTH
14h9PqT1WWEcWk9N7UbLsS7ufDR3kHRESYCYco1xs7w3uHyw:12000000000000000000:OKDOT:CHECKMYTH
12oTjNpL4dJRq57sSUAeXbH6svNw9nmK7tKk815zMcCGPvzL:12000000000000000000:OKDOT:CHECKMYTH
1bhu8AoRBhWaYBgF82whyuyEueuCVcJkPt1LtRZqxi8gjMq:12000000000000000000:OKDOT:CHECKMYTH
14WVSAniwedTfNL78hCJyBuzpdGTRXUptBAYy4wqPNmkicvx:12000000000000000000:OKDOT:CHECKMYTH
12hAYt7A4t7KiEL3yqGpPbaNja3uAmdb274QCX5pYyKGZeN8:12000000000000000000:OKDOT:CHECKMYTH
16EcybLMgYajwTdPGwt3x6o1bxCwrekfxTUZEUas5rFcHETt:12000000000000000000:OKDOT:CHECKMYTH
159JLEBYgWPrmWQokwoeETvU3jCe2CH3dN3SBNZpd22RYDLC:12000000000000000000:OKDOT:CHECKMYTH
145aKi5N27vTeohvidpmfdCt1Lvr6eZrKfYN61Jb1jVcT3yk:12000000000000000000:OKDOT:CHECKMYTH
14AorGRobg8bkojhXqAwEwKRihnT9HX7nyZYnh8ukrderYCg:12000000000000000000:OKDOT:CHECKMYTH
13dFxx4BhZT39ZpgB5QiiVWDJ6cjLqnyk9QjQkhs2Tv1g122:12000000000000000000:OKDOT:CHECKMYTH
13oPQp7VD2VWudehWq3VqvwDgE6x1dTaMtUAnsWfYw2buPHE:12000000000000000000:OKDOT:CHECKMYTH
12KViRUvmCu2ZW72aT1d1yg3aKGusVAig9HHhSQS2qwmdztf:12000000000000000000:OKDOT:CHECKMYTH
15znNYcJGDD1deGveSDxXgPSL3s3FmSxZSBmeqU75fjD85NV:12000000000000000000:OKDOT:CHECKMYTH
13nTV4ozhh6AzEeGsBY1bTr8nyCx4NwnK1TqYDYC6zLHLLps:12000000000000000000:OKDOT:CHECKMYTH
1bJuAs5rdA5abe8GhHhM1bS5QbF2aQv8Guaz1gAXzXmWhMV:12000000000000000000:OKDOT:CHECKMYTH
13cAxd6kWBMjNT1CdxisqHeJzg3gKwztEeH21ta7HfZgQ3su:12000000000000000000:OKDOT:CHECKMYTH
14n7PzcU9AGQCeshokuqH7CCL6QN9urtXaho6CR8Ak7TJj3U:12000000000000000000:OKDOT:CHECKMYTH
14R11G32VihYHPTh4eMwdS9rDYyAVcfRLNQcu74bM1WQcBY6:12000000000000000000:OKDOT:CHECKMYTH
15aSiuvR5QD2x5M3QnrqHqZSaDYajh8kpvfqmEftmpFfnKq4:12000000000000000000:OKDOT:CHECKMYTH
12tUSkc4mpfaDEsn86LRk4FPh6FLq9xXErSHR6pXRJLsQQdw:12000000000000000000:OKDOT:CHECKMYTH
13wh4ntSAva7B2p9SuVzw8Ujmvxk5apNMevZhxtq5dv5hp2U:12000000000000000000:OKDOT:CHECKMYTH
1BKRxFDhGbfCdxsdDMpBAsYvif2kWTEPRaPYeUqFA3ZGLHg:12000000000000000000:OKDOT:CHECKMYTH
15fgvQvt8FS9VXiKLnswM1emhykqU682C7pyE6BoT5hpMRn8:12000000000000000000:OKDOT:CHECKMYTH
16LSLHTtJufQbjNYmqX3joKupcEVmq6Y4ao6KcAVkcmE5uW1:12000000000000000000:OKDOT:CHECKMYTH
1zMCHyqaXpyy1did6QBN4CJdkn6bRDaCg7Z6SYLMhGDRAy7:12000000000000000000:OKDOT:CHECKMYTH
13E7fLDt8DZYn3UabFQ4D3yxdhteWkdvaWFjFXNLiVrWvkTS:12000000000000000000:OKDOT:CHECKMYTH
16RADkM5pk3jxvYFWzMjjhyhfyCtdgs2MUqx2QbFecePpFSt:12000000000000000000:OKDOT:CHECKMYTH
13wsM2v3c2RoK6v8AP6R5yop21TGeQQdbBGPgg67Pv8wHhpk:12000000000000000000:OKDOT:CHECKMYTH
15KvTR2xcYe3Hnfv6pHvrhAyxAzxSYdhZUStNL5NckAQFjU2:12000000000000000000:OKDOT:CHECKMYTH
1SuPa58qNWguSQjAJVqHhiQK4tVaqyZQ4iAX4kxVqKzzkHZ:12000000000000000000:OKDOT:CHECKMYTH
1uowBJenU8d1Y6rAsycc56SkMv7kasyMmEf7gcoHY5UCK2J:12000000000000000000:OKDOT:CHECKMYTH
16e1z94KHRUCu4mLLno494aV2uEWMoPjhaJaFgSLadPkcuTY:12000000000000000000:OKDOT:CHECKMYTH
13wspLJSy5xB4hHVd16syaxWJ7oQjkmuYZhXVxUQii21AfQn:12000000000000000000:OKDOT:CHECKMYTH
1Yh1KEsAFKWwSCPrTyFeQ3zhG9BzXERcn5FGiZcC6aYuLMN:12000000000000000000:OKDOT:CHECKMYTH
156HnZxhStQbxBcwE6yFkuEfmMo2p5Cds82SqSJNbFBkgNW2:12000000000000000000:OKDOT:CHECKMYTH
16jeRW7QDX6M8sEnvRDhnXbxLYStL9Rq44bkMPLrgWK4sq4R:12000000000000000000:OKDOT:CHECKMYTH
16U9bfBnbMSzroxHLtaiftuSvFMqU56rzVsxHWQ81kxXJs1q:12000000000000000000:OKDOT:CHECKMYTH
13qLhMSTdfBCE6Ge6VJf5Sj6yxQ5CmU8deokKoPGiwg5Em5b:12000000000000000000:OKDOT:CHECKMYTH
1HJiSzHqRvfxrhLrAX7Kj9b3TQ6pwEN5cZHm4W6VsavFZmo:12000000000000000000:OKDOT:CHECKMYTH
1ysdRyFFj7QHiF2YvDs17FhSSs3C4RfyEnUYHNMF49kiHnr:12000000000000000000:OKDOT:CHECKMYTH
12r3xjvz5uBYEfTst9HtjqMV6FPuY3NGkVV6GQj9dqV353Zo:12000000000000000000:OKDOT:CHECKMYTH
13fbR6nyBHRkL2y4masG3mpsF5ULd4bYNJC9UwTpEaNom4i9:12000000000000000000:OKDOT:CHECKMYTH
14Q6CpxS2SddszKeB7KPz7M6jcxAnKufVd3mbaRKZPkPX6VF:12000000000000000000:OKDOT:CHECKMYTH
133P8ZbhXwzhkRn8xFQmkyiW6mJXTZ8yopJu21tMxTMyzcdH:12000000000000000000:OKDOT:CHECKMYTH
13ZgkBP83uU1HR1QmQcaF72UUxFMsFqXnzxMV7PbbjV1XCrh:12000000000000000000:OKDOT:CHECKMYTH
134xBHxWUKiSBycmXdHWbcihizJpyGPtKPdA6YNStkr71AoC:12000000000000000000:OKDOT:CHECKMYTH
14BqmEET4Syf3KuQYqADsE9G4oZGooCAx31VZ8NMt7re1XDQ:12000000000000000000:OKDOT:CHECKMYTH
13gmiPdD59Ev9aLnhKKVArz7VTT615CrnjdZ7oii5GeVo2SZ:12000000000000000000:OKDOT:CHECKMYTH
12cEe81oMAZ8MKP1hJgu33bfEyyAKdShhHcrcBaLbhYK1Gfo:12000000000000000000:OKDOT:CHECKMYTH
12ZghwagjQtbUYFywxnBn7X4BcGgC8dnHrH7MgP8qMS9mNw1:12000000000000000000:OKDOT:CHECKMYTH
16TtC52e4Eammavx6pJC2t4Kguy9MX2RCrqmVQmrcPcGFW7x:12000000000000000000:OKDOT:CHECKMYTH
13DvW2Bwd5MXQ63jVSW9x1aGEraG3ybNv15j98wnbUaRi6Z8:12000000000000000000:OKDOT:CHECKMYTH
12vDcktkg3wD39fB8pkw7TCbbd6imVNc2Rh5RdzkyWndxVR4:12000000000000000000:OKDOT:CHECKMYTH
13gyMSiHuunJNzsQ9qfhMayPwpJ6pFCwqGWGh9FYP9U6qR1V:12000000000000000000:OKDOT:CHECKMYTH
14dS18k3TLZdLLm1L5x4S7wVL7eotgYujKmk8WFL3rC9DAWh:12000000000000000000:OKDOT:CHECKMYTH
13uAknFxLn9fZj2X1sHgWrBUfxur33yG6fgr3GN2wmjAaSLC:12000000000000000000:OKDOT:CHECKMYTH
14kxvHm76869wLQNaNrPx5skT8sbuoTfgydCRWU6LfVzJyRT:12000000000000000000:OKDOT:CHECKMYTH
16JdRqF8vvxA6BUkujdkEuarXQ3xBfGN4Zysgkii38SDe8LQ:12000000000000000000:OKDOT:CHECKMYTH
14bVhVifLFeD1erqGULe1E3Wx4KK3dtDJKS9kS7kprG5gDFJ:12000000000000000000:OKDOT:CHECKMYTH
1cyw8Y1xYfgCSLsYmmTUXMhL5PUV9UStnHYt7gmdTevWAoe:12000000000000000000:OKDOT:CHECKMYTH
14mLucx1n7Z4tAZ9XMn4FoA1E3XRRMSzEMfqaPZtbj6T8SsM:12000000000000000000:OKDOT:CHECKMYTH
1MkhwbAwZmrtan9T7ci6GtrAVqrELMR1BVLi7TSBcUMno6r:12000000000000000000:OKDOT:CHECKMYTH
16CA2mbFDy9NuQcfBwoxc5gTjukgeXvLzArcivFeJgFhowAP:12000000000000000000:OKDOT:CHECKMYTH
14MFyvZxdZBdaeg6kFPprsNqadYU3PryyrdCduwY4nMbVGRR:12000000000000000000:OKDOT:CHECKMYTH
1i8yQenAbgHYxT6E6V8bJbfCL11N24SmuMcMNiLyT8KQfPs:12000000000000000000:OKDOT:CHECKMYTH
15C5bWkhBCurjeYSt9hQPgexDiqMY3cFyNKAwQGGjytA21bU:12000000000000000000:OKDOT:CHECKMYTH
12yCU1m57Wdvrvt8efEyrKiVgZoVdJzA37LHj2cpPaX6rn6E:12000000000000000000:OKDOT:CHECKMYTH
13UVJyLnbVp8c4FQeiGgYR1JehShSWyK3J9FziGe3TMHhhJa:12000000000000000000:OKDOT:CHECKMYTH
123PMR3Mj6dEujLgh6GHEi2pUhaGqZgk2s4XrnDXR2LfcEBY:12000000000000000000:OKDOT:CHECKMYTH
15esYW1PLJazUHmKyg2NQkd8cZ7AJ9uYViV4SDHHSBJHZPVJ:12000000000000000000:OKDOT:CHECKMYTH
1txmyD7YY2PkRzpy66n1wNWNTPSSUehKcp9sf6XbE1Ngqxk:12000000000000000000:OKDOT:CHECKMYTH
141vWWoM6i9RJpC1qKnEBkwKqbnkikcJAP3Wo76YDX2REygk:12000000000000000000:OKDOT:CHECKMYTH
15hnWnAYKz53pnjVsunRfMqvq7z9Fh8LWGbcdxMYKAMvu11z:12000000000000000000:OKDOT:CHECKMYTH
12esDAu2zeS6yyjCuY9ZLZLdeFzqQKdtqpBzuen89ZuErGpW:12000000000000000000:OKDOT:CHECKMYTH
164igQayx4HdFKgqZJVw2C3oKxGueEH1C3UnJFUmow3XV5hg:12000000000000000000:OKDOT:CHECKMYTH
165kiDwjcwLaMvrHoLu3rbw6f5e94qJKdSq7cYJosKL3EDjN:12000000000000000000:OKDOT:CHECKMYTH
15AaGN5juJWcnLjjWLa1ruo2xHfqMGJrzEmQdKWooowbYpMF:12000000000000000000:OKDOT:CHECKMYTH
13oppvmTwsxufenqQrvoPFMaiXcdeXqNAQAP7fydK9HL2J5V:12000000000000000000:OKDOT:CHECKMYTH
15JYNUkmjdiFwiKWTt6R84mGcc3oXVc4JS9BMYbyhqjPuZa1:12000000000000000000:OKDOT:CHECKMYTH
16kQAUsxNgDwQH3oinP3PjiL2iSSBz8gikVqboCAFiZQQMg8:12000000000000000000:OKDOT:CHECKMYTH
16GdvXjbbGvAPPhUQMtvv5wYnR2JqT37YuJsZsioiZ3YsmmY:12000000000000000000:OKDOT:CHECKMYTH
12XUEDmxXEttbTWwiVNg8kixzGVcBGbHz1bvzz41VuuwAWAE:12000000000000000000:OKDOT:CHECKMYTH
14dTqjimCWUZLmYsNj1iFMQo91bcVZjkbhGHVwXbgfibskcz:12000000000000000000:OKDOT:CHECKMYTH
131N7Hgm84V3nNcapLvfi9fZ5odrnj3jeFi62VQufrzLV32U:12000000000000000000:OKDOT:CHECKMYTH
16jMYhzzwRPsKUapUHUPZ1zAM7WMhUzZHVgsMYsiXkuwE1MR:12000000000000000000:OKDOT:CHECKMYTH
13iztzjhBCx8WZrHYE139eRvXvRnhUN3YYDQJTd3MdHw9j45:12000000000000000000:OKDOT:CHECKMYTH
129avpBx1ekSuDmmamfNz429VaT5juo1zosTQFR6f8x47zST:12000000000000000000:OKDOT:CHECKMYTH
138m11CUJ1VfZrGvygZZQmn9Q7bk3KgzXL8F6NNU66pW8GAR:12000000000000000000:OKDOT:CHECKMYTH
15V4BkPr4W3Vr3AUqewdMz3bN3uNERUcJRGtDnQzHfHpPeP4:12000000000000000000:OKDOT:CHECKMYTH
1iPPYUxSHtnX1xrExVtAvN6EyDFxgixndRDafGba24HU4QX:12000000000000000000:OKDOT:CHECKMYTH
15KHycs3XTNbLbxosqmKu5poZua7WQKPogzA2aYqHCM26kCk:12000000000000000000:OKDOT:CHECKMYTH
13YQrVmg7wpUt4JPu7NB4E5xTdVuVW7Q4FNyvZ8FTQmGy1hA:12000000000000000000:OKDOT:CHECKMYTH
15MpaBBRMUFZ4wMGGQh9wyqJcKKQku3gxw3uDqoQxMHJVBXF:12000000000000000000:NEEDED:CHECKMYTH
13FdBRDWiKmDyHhunbU7hFkT5McvXTHDV5g4vQ8BLJQJHy4u:12000000000000000000:OKDOT:CHECKMYTH
13YvqM5G2oxAb7YxCNujbeA9v5E1FmdAuGrt4Ujq49HdDK77:12000000000000000000:OKDOT:CHECKMYTH
16P47RsC7YRAQEmtX4EKNYZ1o8xmU4KSoWFzdq6EWWHWiHNu:12000000000000000000:OKDOT:CHECKMYTH
18FxYkmJUEWmVWjzEJfnwpHTxBDw8DCS32NsW3VB1qSTSWg:12000000000000000000:OKDOT:CHECKMYTH
12RzsfYyC2S1dkkRerMGMfvJHrbRn2jSA3FwFzo3Yc5Rtr7a:12000000000000000000:OKDOT:CHECKMYTH
13ysqozcxWEv54fJvKPn1HCu6NBHDnmbdP9YaTCAX3pnpcP6:12000000000000000000:OKDOT:CHECKMYTH
16DfiQFqP2z8DHhRYw5LBLvSozRJPYcbbuovnhZCCCN7SMU:12000000000000000000:OKDOT:CHECKMYTH
136tbJ61hHBGjsyaUHC6t9WRK5iVGJsQox7TjBbkRQED2WF1:12000000000000000000:OKDOT:CHECKMYTH
168vcQyXsoMdaBBLdvyhxnkJrmZkPu5eeHKY7ozWv5YV23MG:12000000000000000000:OKDOT:CHECKMYTH
15Dkzu5ACaA6HjLrpWnySc2Mqzw8wKG7tBKDjD5PQT4cmBpz:12000000000000000000:OKDOT:CHECKMYTH
12w2JuodYxLQSA7BSPDciApEBnpaRTYffcn686gbUpLAeAym:12000000000000000000:OKDOT:CHECKMYTH
11D7VDMaYcXj2eXPfJvidPiC45vTe6RTnUHcawFga7BzCRp:12000000000000000000:OKDOT:CHECKMYTH
1sGyN3Yiw5dF5fvNe852e2N6pqHKnt5NDkRy7RBGG76682F:12000000000000000000:OKDOT:CHECKMYTH
13ZUBxR4rLTfs4PXbbCR1MdwQutZPMK23TDvmx18gDHNrtgW:12000000000000000000:OKDOT:CHECKMYTH
12E6m2Q19FBMtbYc2WFE8GczkXAMEEfzZ7HrJ8xBuJk1Lr82:12000000000000000000:OKDOT:CHECKMYTH
147RLJi5bWadhNK7c5M5iiFDmpmMcA7vJpEAsiYid9eU8jP2:12000000000000000000:OKDOT:CHECKMYTH
1NL1tyZYJSbuTkLUttU9AMcmr3j7XpPUEVAvfBW9pVcAZwa:12000000000000000000:OKDOT:CHECKMYTH
125DUm4JLvsEcueaiq5NoGHjZfUeiwBXvXkgBzmsf8CCpgNQ:12000000000000000000:OKDOT:CHECKMYTH
1D9UUmw4gLCppvUJuQoejLHF7CqauxmMqDW3gjezCpjDr93:12000000000000000000:OKDOT:CHECKMYTH
1b1vz2Aqt7ySYrvuwebt3297dYj3XQPJL455yutTCJZ5iH6:12000000000000000000:OKDOT:CHECKMYTH
14XaMdQF3wotq3mtkWfdPE19om5FzyCGhMuvCAKHW3zoGKEP:12000000000000000000:OKDOT:CHECKMYTH
15rubjoGsKbTkvGSm3AMtBU2wqQzRW71A4qZ5crPUSqouFW9:12000000000000000000:OKDOT:CHECKMYTH
12woyMgiwB2GRiXF7tC4VsLxFWtvMiCDWU8Q4KpjHGcUWexD:12000000000000000000:OKDOT:CHECKMYTH
127dehwujoVHcmzhVpiDN7tqerYeYQ5k6vUXkdEzHu5YEpJC:12000000000000000000:OKDOT:CHECKMYTH
13zMYqXNc3GP6fngYJKmWb3Gqk8i3hWK78FqoUih3yDLHaNA:12000000000000000000:OKDOT:CHECKMYTH
1MymL4vqreCa3j89WsqmyWcD9qjFVmowGSkVsR3Xj5nELPL:12000000000000000000:OKDOT:CHECKMYTH
15j2VfckgwMqx8DZ2J8o1kHSr2s9btur6SfR4ydWDZm755cF:12000000000000000000:OKDOT:CHECKMYTH
1senLhGEBvUexWFcoqGvyAsWh2Pe8mwNtWgc3vn1A5HuNbB:12000000000000000000:OKDOT:CHECKMYTH
13KKaHqa8PJYxn8p8svoVcoS61z3U63SUqXLefX2AkRAriNk:12000000000000000000:OKDOT:CHECKMYTH
15wboW3xwQUH3H7NVg1ZbdwT9yt8AXL7oSdkfJ13URu1uWaV:12000000000000000000:OKDOT:CHECKMYTH
136Ceku6wCWtvaGRLZi9GS1CFiargRpfG44i3Bevr2uqsdud:12000000000000000000:OKDOT:CHECKMYTH
1359gXYQBWosDGynmd1QaVbe5TABpB4nyb8Bix22XHbtXtnT:12000000000000000000:OKDOT:CHECKMYTH
15z7zL3xzhRiCcsBCvujA9eu5ce5N58LAfdi3bCQQyFGZk3N:12000000000000000000:OKDOT:CHECKMYTH
157TExB2k9nna3cwoxVU9WCmWGut8p7LPCdfsVEBehVoH5Mk:12000000000000000000:OKDOT:CHECKMYTH
13tSmvffQhyz4GBMSCX8kVxEs2DP8mCwH6ZnzMy7LbgeJGQ5:12000000000000000000:OKDOT:CHECKMYTH
13KjtAKpFahfkSN2SixLBrmBYc7EeZbNgQiMvUgcxjkQ7kCR:12000000000000000000:OKDOT:CHECKMYTH
15h2ra9wPs5QztyEw5bwwm7KpXfnUZnGWHyyRqdfPWyqRWwE:12000000000000000000:OKDOT:CHECKMYTH
16Rib2PfNZmUyoe64gitAyoAq11Jv2EkNeUa3TfV5AD1mSc2:12000000000000000000:OKDOT:CHECKMYTH
15FQFFbQ9LZhqWgKcNSFTNc454ZLLBGhmhawxQwT7RWJQEPg:12000000000000000000:OKDOT:CHECKMYTH
13oomSgM7pq4Go3VznHKowUDnU8Vtof5REve3M2i3TbxTaeU:12000000000000000000:OKDOT:CHECKMYTH
14X31SgybxjDdmGAEecE839CtnoDw3HD1DTiBtjaLvk3Whrk:12000000000000000000:OKDOT:CHECKMYTH
14CSFH4a3BJGEjsndhqXX4qmg9GVSCt2JdfdSSEQQMgCrGQ2:12000000000000000000:OKDOT:CHECKMYTH
126up8bZ8iJT1R1Wd7PAc2kLJBk1sPA47h9da9J8f4RL8Tnq:12000000000000000000:OKDOT:CHECKMYTH
15nLPkZcedhsAtEcm47pFVwgomhiUQfa43GD8SdWUjepvmN5:12000000000000000000:NEEDED:CHECKMYTH
16VcmQER8N5q5JFsb2Wb5Npje9RXVa6pAhuRUWTHfWDBMC5k:12000000000000000000:OKDOT:CHECKMYTH
12E7sPv2NQZG7Vm17xB9vatvr7NHD5UeaTi8se1ymGnXuAYt:12000000000000000000:NEEDED:CHECKMYTH
15Ucg8CWq6ovmDf6o4V4ibF3ig4VqjNutV3mhfbDyo8aHJsf:12000000000000000000:OKDOT:CHECKMYTH
15P6RTDyMdUN8YuxLD3mG31cTbj3DP7JLpnytTM83kFArZ41:12000000000000000000:OKDOT:CHECKMYTH
1QJE58C8GbK9NcFpwi2GDMV9tGLuUKtiVPgYHwhJJqEiexi:12000000000000000000:OKDOT:CHECKMYTH
13kr4bypEs1n5ocnh2sH4SLsiy29r7PEgczH7srH4TUUSPqq:12000000000000000000:OKDOT:CHECKMYTH
1YFbD9E2yGc8a5Ah8Bpk3fGMFaHV6RgpkTfR4j8vksd9KPm:12000000000000000000:OKDOT:CHECKMYTH
1k1xVwYfAfmFFck9v77Umirfdtpwtrc8oKjJWLvRWGpYxtb:12000000000000000000:OKDOT:CHECKMYTH
14sPLJpnycTLaG14PXsxRtmA1pgaxVq3d8xqk4m43B25eDxu:12000000000000000000:OKDOT:CHECKMYTH
13o6GNpFwPeMMRdSZ8XQ9jyiegEUasWqzjqrUoMWgMDDXQAi:12000000000000000000:OKDOT:CHECKMYTH
13vYu138Q8MmAgPo3ruDDaX3zpTNCJ6aXdYe8W6xfX9BuBvG:12000000000000000000:OKDOT:CHECKMYTH
12A2GX2NQB7VEUp9phGT3fw9WnU1qCVE8SbRL55RZTepvidf:12000000000000000000:OKDOT:CHECKMYTH
1276tFgyoF8Pc6m8Myoee1rgSyTMv1djYCetGGPmh5zk2JfR:12000000000000000000:OKDOT:CHECKMYTH
14rLfCtth2wzENfXyb4e1rkY8LT1tz3UT7Y32yEeoVkKSwKU:12000000000000000000:OKDOT:CHECKMYTH
14HxNvggdaKo6nRo5swXzkXJ4ZKCrdjYv35nKpLxbCtQhQZQ:12000000000000000000:OKDOT:CHECKMYTH
12CsDbCsvahvas4RCYD3uepqnt82dPnCUS1wiC3TfjTwUabC:12000000000000000000:OKDOT:CHECKMYTH
15fLEWZcjMavJFqhg2w1kxmKHF1u7PxMm2yG11a4Ewa98ND8:12000000000000000000:OKDOT:CHECKMYTH
1545nW5CTqFa32FuXhzYjZ2fZeBqGzn1tVmm8syme3LbWqFx:12000000000000000000:OKDOT:CHECKMYTH
1hvuohHYYVnzbgjR5hwnQm2WBiAx91cPzjkTPjjT5iUj7T1:12000000000000000000:OKDOT:CHECKMYTH
131w7LAotfapCRJPKZrdhpcY3rVHJ6mwoVXv8VrghdDbfMKf:12000000000000000000:OKDOT:CHECKMYTH
14qtnW7dY2Vc5dKrWPEYGqYEyEbUJrSFXoSLNKZoNo6gnn1y:12000000000000000000:OKDOT:CHECKMYTH
15uEH1joH5Cn6T7ArthyyiF1y3amTU52Ug1NECCy1zxZazZB:12000000000000000000:OKDOT:CHECKMYTH
12Y88ehApQ9eiZYKwQmrUUxB4jutGghPZDuYQnKAVTV1mFMo:12000000000000000000:OKDOT:CHECKMYTH
15qsvjS4VPSGQWrEGJbnqogDqztvxiihkYMEtBcMN6jEBUMq:12000000000000000000:OKDOT:CHECKMYTH
13RFKpWjkDHH2kk21M5EDmr62fxmDphx3aTxGbjqUE81VHYR:12000000000000000000:OKDOT:CHECKMYTH
12VyKkh9xrz4ngn2j3r4cU4ckJpGDtcXr7UxeVtumCcmcR2y:12000000000000000000:OKDOT:CHECKMYTH
13tyyWVXZa83rTzkqy1jo4yiQQAWYA3cTKRwLmmJjcshamgY:12000000000000000000:OKDOT:CHECKMYTH
13UVJyLnbVp9RBZYFwHZ1td3pyDox5jRraXH2qLu8ArTGx1a:12000000000000000000:NEEDED:CHECKMYTH
1E8ZiAArrVBwaaaudFZaCULBuBarZwtyiZUAStxgNKeFpej:12000000000000000000:OKDOT:CHECKMYTH
13NCLd3foNpsv1huPDzvvfyKh37NEEkGFotZnP52CTR98YFJ:236000000000000000000:OKDOT:CHECKMYTH
