15sh1j1v8d8pq7JmtBaYSduv9MzT6MTbmEb8Xe4wWmsJsmtT:12000000000000000000:OKDOT:CHECKMYTH
143QuqRZ1KJgvFoAZMvDYqLQ1asXujcp7vbRtcJPYdP718ED:12000000000000000000:OKDOT:CHECKMYTH
12Us5bjEyrjsP8RSFav1ufCam8BruvexonYFd7mgboFdqh6u:12000000000000000000:OKDOT:CHECKMYTH
165Kp9d1SfEhpFtXfn8r1ATBJ5aX5eDVuTmugN14WaqAK1q8:12000000000000000000:OKDOT:CHECKMYTH
14mN1n1QDinCx1sqwVDUmtRs8uvtmoqmcWgTwKdiDR74NNXy:12000000000000000000:OKDOT:CHECKMYTH
12eLTsC75VEjj4yFmWRHgQbFHjxEQeVQN4YPkpBC8vJCpuBj:12000000000000000000:OKDOT:CHECKMYTH
1qimucgpPKBtnDfxgyXtDVisL1j9w61QjxUuKUk5cCBaWJb:12000000000000000000:OKDOT:CHECKMYTH
13wNYxWASKXd3Wa3eX8skv7E5WpjcmU95mX4WhTfPA3oRTfN:12000000000000000000:OKDOT:CHECKMYTH
14ny5AJieyzQzwQcTRBHSVR9btKRxn2LmQb6oUSCFmJDRLPd:12000000000000000000:OKDOT:CHECKMYTH
142hx7L5N5pM32CpGtGZLmY73h347Mq3YTraKrs8YqmzjETV:12000000000000000000:OKDOT:CHECKMYTH
1f9WdXouV4iyB3MUb1mWyVB9UrxjkP7XVqw375LnkdGKz4z:12000000000000000000:OKDOT:CHECKMYTH
14CihPGzMT79SCM1WBUShDuN4MrsPaVhjs8C4Q8bWviJAL2d:12000000000000000000:OKDOT:CHECKMYTH
1W1ZNFFTTJQDFDWU58o9dAYrRHEjWXeMBHykQ57PKBg73pG:12000000000000000000:OKDOT:CHECKMYTH
16hELDPHDDUiihhEPJFhjuyNn4JrE5MZt1qZeTCGnSj5BfJ:12000000000000000000:OKDOT:CHECKMYTH
1n34neVs9KjZ1vE9hTa5LwDTc9tov6HCNSGTXfqo42ix1CM:12000000000000000000:OKDOT:CHECKMYTH
14zsQr56VGyFemC94oYtVYFEnjpyFZfqmRtML7GpA9pLdPKt:12000000000000000000:OKDOT:CHECKMYTH
1bSkfbk6zb9msE6yZaoujLKif3RQCqw7WXbPgmjFum334z2:12000000000000000000:OKDOT:CHECKMYTH
16RDnpvBEDgQw6g9zFEKE2r3PPfvsZT4QLpXRV5WaKbiAYfP:12000000000000000000:OKDOT:CHECKMYTH
14agiic5VFC8tH21m2BMrugbFfQS2xTpgLTgdN1fJApnhnBM:12000000000000000000:OKDOT:CHECKMYTH
12d3WcAUAJHJ1L2vL1s1PTPBXd9ghspqLR88HMoaDADCLz88:12000000000000000000:OKDOT:CHECKMYTH
15f4ZjLscmRnfAV9DvdFwcNDnNQE1pUKGYLdJkfJz4RNXCbs:12000000000000000000:OKDOT:CHECKMYTH
16HtapjjxhjxpUVuCagCdQxdQJqyF6PXa7Y455fZt3mLicsd:12000000000000000000:OKDOT:CHECKMYTH
11CvTypQxHE54gCLjADVsbGbgZpPHnMUGBBi3rMm7ArGJK6:12000000000000000000:OKDOT:CHECKMYTH
13qwErB5q1D2CGVQp5HpzB5mB7F1GRBZX3G9uCcGRpkHGViG:12000000000000000000:OKDOT:CHECKMYTH
14V8JT4V9ucRajHHuroVaiJfUARptNGMWS2e12qhytaLcp3J:12000000000000000000:OKDOT:CHECKMYTH
14GXNaNNKefF7yVNxm53iDf36iVoRH9iPBGYUioLSivPDzYL:12000000000000000000:OKDOT:CHECKMYTH
1MU3pUZuSHKWavnzf3VZPd7gFMbkYLLQ9553n9hq1LDtUgG:12000000000000000000:OKDOT:CHECKMYTH
15gVFScDb5wiovhFAdsobB3UXLkQY6Uyq6167fQU6GQrjjiX:12000000000000000000:OKDOT:CHECKMYTH
15FaWDuYFpY3JTndPT7RvhqSEMzB9QpuxKGGWG9QQeZax1hC:12000000000000000000:OKDOT:CHECKMYTH
12rokJNsRxUXkRRTeD5MnFRN85XpWS3WzUQkgLZHgDDXoHqG:12000000000000000000:OKDOT:CHECKMYTH
1hp4DnKAapSjpcgSv99kjRrDeNwqsoDAPVsowJExbDrNM6s:12000000000000000000:OKDOT:CHECKMYTH
1N6rxbF8FqaSyjJocuvVLX2uHyvEbJzsuw68y2tphsruAod:12000000000000000000:OKDOT:CHECKMYTH
1oybzLRtMYL6qTFrWxN7tFEEiJ6XbhmBwNHKJ8oWVWctBZ7:12000000000000000000:OKDOT:CHECKMYTH
16bkRoQtksg2qKjPUdchuGTbEJcrcfeFSWGatudJTbu9ULxv:12000000000000000000:OKDOT:CHECKMYTH
14XTxdAMEP4V4Bh9nmxsTnfAjSTWCtHDuJ1uM3dYsztdwFkF:12000000000000000000:OKDOT:CHECKMYTH
14gG8XUzADoLUHt4bSUHynVhdSMYAgCSCZ8MbDrsjQpmpPuM:12000000000000000000:OKDOT:CHECKMYTH
14WRXALZoLfhKk5ywWdmbd7kpUUBKA8serURhwx5K8nHbnhS:12000000000000000000:OKDOT:CHECKMYTH
1CbtieWR5CQiam5YgdQE8bMWsu8DqGpzCxsshxLNgu1PyqB:12000000000000000000:OKDOT:CHECKMYTH
138YJvzwSEqxyEpnQ4DCXaBQzHW89s1HRtexSJMAwsVf2Ef4:12000000000000000000:OKDOT:CHECKMYTH
15DqMYdngNM3L5Se2fUE9m7KpLd7w1dTTLTPtNa3oKuR38AP:12000000000000000000:OKDOT:CHECKMYTH
1TThJ3LxkmyxAV7ACyJ9WSTW3c4sQ8gCYEdprr1zoQLKCqK:12000000000000000000:OKDOT:CHECKMYTH
13UxPEH2AqJijBY2HbZmj91C5xVxVPn4j7ESuWsNw4GapveR:12000000000000000000:OKDOT:CHECKMYTH
12xoU16PvwnUGaCbbLiAwgNADyUyrEK4ZpYCLDtMAAzeV5N:12000000000000000000:OKDOT:CHECKMYTH
1C4Z26CfMjFfDyoTCMWA7FQiwwiS7L9gae51zt5MPAbfdip:12000000000000000000:OKDOT:CHECKMYTH
15JmfnDSDwJkRnF44GQjBXop8jcg43bZveTsB35YqswWkR6q:12000000000000000000:OKDOT:CHECKMYTH
12RtvsURZ3PRKXqiaAngW5VybrGWJRuWaeD4B99wxj4UFZqg:12000000000000000000:OKDOT:CHECKMYTH
14GBGSFWPpggBUVqLuPwmq3WmSBYxsnuq39WzA2SzqMvYe3Y:12000000000000000000:OKDOT:CHECKMYTH
15ZXUFrLA948P6Yrb5aPq7AABZLJMaFNanJpY7iuBiZKn6Ls:12000000000000000000:OKDOT:CHECKMYTH
14e6JDQRUwHpUXnU6VqYBk8Ca77B28F9JaqULagCFTtcDtPm:12000000000000000000:OKDOT:CHECKMYTH
157gYf2s6r38nrM8VbAR4st75tv7rqCD1QYCN8KM4Bc2gS2k:12000000000000000000:OKDOT:CHECKMYTH
15FQaW1rpgoFbcFXJWVTyehdfvLDFxDa9EgFDfc5GCCMv7Ww:12000000000000000000:OKDOT:CHECKMYTH
14j7QegFHxfBu1doGdoePAuBDN4B9UuhWfsNqBhBQL6ekyWB:12000000000000000000:OKDOT:CHECKMYTH
15c71tpK8wUjiSf26RYAkoWNCzGwiivRHywW5yS37VhjUN4k:12000000000000000000:OKDOT:CHECKMYTH
1uJijadpUxqSmPE13JPJWUi5TsaAqEX8z67Yu8gZ8ejUK4f:12000000000000000000:OKDOT:CHECKMYTH
14HL65M6evfNGgGwk6veXChQxw6noarSkU4eqVUyb6FymfZm:12000000000000000000:OKDOT:CHECKMYTH
13iW7g2RjyVaeM4VzbKSdj63ghA5XThiyF8oFYgSiQhbg6kq:12000000000000000000:OKDOT:CHECKMYTH
1NmZZxP1VpV587LQS8g7mxM521fWyaZ8brW3oo7kv8AENRk:12000000000000000000:OKDOT:CHECKMYTH
1CSuq4zLUzGTzSf4tNFJKKby7DyTmAcv5z7poLNwrqVi2GC:12000000000000000000:OKDOT:CHECKMYTH
12Pn3Q84w2MjJfjf7KmsfuYuPmWAYegruAP1mnTB4npUTjgD:12000000000000000000:OKDOT:CHECKMYTH
1k3WG3gXe4GapyqHrpzp1ixo6Qk3q5Cy3dftizCCKVoXB1r:12000000000000000000:OKDOT:CHECKMYTH
14q9ar7rzmX4rUpBhYSreBLf2usos1iz53iUmoff28Gcu2Sw:12000000000000000000:OKDOT:CHECKMYTH
12Xcz5R9WW3NfmSN5rrGLon7s3koLupcBhrvU2qDVgf44HYX:12000000000000000000:OKDOT:CHECKMYTH
136Npzk1XNcmAt26R1DLwnQosciC6iKYuo6sRA8qFitoMJJ8:12000000000000000000:OKDOT:CHECKMYTH
12BWHMcA2JfFxmhM71QtHayxfpjRXMX8ScmE2V5uTpRFHf3d:12000000000000000000:OKDOT:CHECKMYTH
14quhXbdxUuPWs5hJPm2Prt9CxvDhtzCspWHZP9tXY7NFN1o:12000000000000000000:OKDOT:CHECKMYTH
15PSYWZbExokeBAHxkwsBCyj6T1tg3AWhZndunVHk7qxbkpk:12000000000000000000:OKDOT:CHECKMYTH
13tv3qw9RksbWBkAbDTcePjtME4yvnJ8kNZ9VwmChtFh1X3s:12000000000000000000:OKDOT:CHECKMYTH
12LvMzmfagPZ4jrG7J7KdhpzVE55Rd4ozuoieBXfcW8V1VgM:12000000000000000000:OKDOT:CHECKMYTH
12RVKdmHBJvkVmULmwRsZG7kNkDRNTP8rXnxkWd4QWyjUWMT:12000000000000000000:OKDOT:CHECKMYTH
133oQFieGiWvReq6KaiheJq7p4UGz5daATjPCRooCQnD1BnH:12000000000000000000:OKDOT:CHECKMYTH
16fBC9yakstxPoD54jqXf6HJLAna9XbwMTCJYHwviBdoVyaM:12000000000000000000:OKDOT:CHECKMYTH
16812xGJoL6Uf1Jksgmiad3P16pUTVcuVsLrVSczES53ugV2:12000000000000000000:OKDOT:CHECKMYTH
1MwCJLx54S8GmDVkbNBcVjew9wAedWeERHfSVe2We2WLBXt:12000000000000000000:OKDOT:CHECKMYTH
14AVCAKjuGfmRvS6TE1kcKhVAZYbb3Qt88BN9c1hhn5HCJzy:12000000000000000000:OKDOT:CHECKMYTH
12XVyyuunTz1EoA9uiE83BLvZAkKqpT1j5HGgQmB73tWPz6B:12000000000000000000:OKDOT:CHECKMYTH
13a3zuWoaWeDRmhTQJsZdW1hE4Tdx63zaxStBvdFkqH8J1tm:12000000000000000000:OKDOT:CHECKMYTH
15pbAnLGFtW1hmCj6cAtERynVfYQYUcef1UcHgLDr4fcsGz2:12000000000000000000:OKDOT:CHECKMYTH
16cdrDSvER2dcSUnTrR5Z3MmF9vGyFPGFRJ8N5BRj93MHMD7:12000000000000000000:OKDOT:CHECKMYTH
1uUU2ny6XEBk8aKadw9coWvMZD7FHnzMasGRmaBxdGjTqhK:12000000000000000000:OKDOT:CHECKMYTH
16cn5MqdKvkKgH1nnf2EGUJtEsa64G8ktGqP7H5WCVkJbxkf:12000000000000000000:OKDOT:CHECKMYTH
11PFtuFh5vQkyF3oAQaqmqsqyN9J6Zo3F2U2vH3pfdRvven:12000000000000000000:OKDOT:CHECKMYTH
12bVDZP2yWuSrd4zxKqzeeKYjfHW7xeeS2tNNzJfB36e5uWN:12000000000000000000:OKDOT:CHECKMYTH
13C8AJF67TUuPQAbxe6EMJ4Jn4oiaLtkUf1ryqdiYJEGrc35:12000000000000000000:OKDOT:CHECKMYTH
13uV6QFUdYtkaxsxYkz6TEtmDRta6u1phpSJqz73mwA8fdbo:12000000000000000000:NEEDED:CHECKMYTH
14DrJ5fx3uZqf2uamvgVEa3cVrqsUjizbeNceeZKHuerCAAM:12000000000000000000:OKDOT:CHECKMYTH
13wgvTAYCXUffX7s3tnwCxDGd7B2K8eKYJPdfwwvXjiYuhRb:12000000000000000000:OKDOT:CHECKMYTH
156BzYcDfpphdtqcFK8vCUrEjMEQKe9M8dNetZ9uMW9bJYhV:12000000000000000000:OKDOT:CHECKMYTH
16Paka7awB7zudXhzKZ4JkFD8QAypQ7Wu48tACTzyg9K9TyK:12000000000000000000:OKDOT:CHECKMYTH
15Qp2zMm7LbwrzKs5PE8mNQXPVfAJQAkYr9UCL9X8vBuGcZ6:12000000000000000000:OKDOT:CHECKMYTH
13pGn82zp6CXBScX2kPGUYutmMBotnvcomNshQs4gcN9ZAxt:12000000000000000000:OKDOT:CHECKMYTH
13BiLifv4Bnu7oxzczUDsLXgXFwdaq2gYy9MoBAUTc1D3BA1:12000000000000000000:OKDOT:CHECKMYTH
16GrUfPpdMj1BnKZRaPgwtgV9L9wcpeF7Rhz1D7ebeL4bDXX:12000000000000000000:OKDOT:CHECKMYTH
14vKVDwK5HxMLbqKatMj3MR18TaG8NYSNqpYqSQsrTCftE8f:12000000000000000000:OKDOT:CHECKMYTH
15kbXvN5VVjyAm4dFXZ7BN6nrKz4BhoyYDnqxkKwZJMTHHDF:12000000000000000000:OKDOT:CHECKMYTH
14m4NwG1urnYd6txz5nqEw6SwkRWnUnosLZkddMtsWKnqroM:12000000000000000000:OKDOT:CHECKMYTH
1mvJw4bzqzpD2jmHz5Wvp3RVgUtkAoBFYsJjjCwV6syqE8y:12000000000000000000:OKDOT:CHECKMYTH
14gd2p74t5RC1zJHyCTqw1GNiP9nRVFtVjVTHRzk2A9smdpP:12000000000000000000:OKDOT:CHECKMYTH
12f6YYbWh4qWDcYcdBX8wVzuT3xrDxCxXC8Bv3J3u88vSikp:12000000000000000000:OKDOT:CHECKMYTH
13nA7NdtWNwxb9yKSa4Xuph3fbYmpyd6LRbKQxQ24ues9Jue:12000000000000000000:OKDOT:CHECKMYTH
13VyTKyLqmFKfmR8jyAxfm7gnzgort7jVPEqpSxLwzSgL2Sz:12000000000000000000:OKDOT:CHECKMYTH
15meifqST5jogd1WWY82xchgK5WbhQdsnCh57MEj1eanPoLL:12000000000000000000:OKDOT:CHECKMYTH
13bZ9n1VAokwkJKvy4oFUzKSuNd7JSAPLNwcZwHYzF3xrUUm:12000000000000000000:OKDOT:CHECKMYTH
15u1Vr8p52nKaNHbCXeUeLGai5t7C9GqcU7FJxDHTih3QA3d:12000000000000000000:OKDOT:CHECKMYTH
15vgBKobSFYUVaqghvPFnAKq6sfMLvok3RNNU22n1cfwcoPx:12000000000000000000:OKDOT:CHECKMYTH
125VyeusHDVwdzPME8UXAcJvD2TSZFycP85MnBXHhWhSykKb:12000000000000000000:OKDOT:CHECKMYTH
15ud6EdcPUZ5ZcssgoxbwCcGZyyHvFLF1wYDo9DdbU55uSMj:12000000000000000000:OKDOT:CHECKMYTH
15rTfhdQwA4nmdvPtFFGep1iV9x44utDz8hmYFMBdUYe2VGx:12000000000000000000:OKDOT:CHECKMYTH
141SbNRTUWzdJ84KJn3Rse2z9ECLZEtzBPpM8qDU18tcg9pP:12000000000000000000:OKDOT:CHECKMYTH
12wMMx4mKrzabTr2sdkq8C6WhEWjNVXbA1aENyyeUQaDZesP:12000000000000000000:OKDOT:CHECKMYTH
13jf9PZquGJKQfSXsVRSJfY8uNTyoyAoLAWaCE4gqGBsnj7J:12000000000000000000:OKDOT:CHECKMYTH
16YERmnfuBmHJk8oVXkGezLrqvM71JSoqjJ9AwRKSRy9kSqx:12000000000000000000:OKDOT:CHECKMYTH
1xEYxdBobiRgkiXW2kgZjbyWiyWhicQtYCR4uzTgYaBfV63:12000000000000000000:OKDOT:CHECKMYTH
12JyXULQ3VRt4AoJwrMnbZ8ntpVA1KEhHs9HQZ6qhCEx7wZX:12000000000000000000:OKDOT:CHECKMYTH
15aoDv2i9nqFybLpm28a8XtAoY9wN46fqkTDpPs7CAiqfDbi:12000000000000000000:OKDOT:CHECKMYTH
156Rkb77iuXeA1V44vn46kgnizrHB1AqQFpgaZw8LbKokaW2:12000000000000000000:OKDOT:CHECKMYTH
12AWq3nCDTXTw2goKhL43L3g219b2ezQ7UBdYH145yJZrgwW:12000000000000000000:OKDOT:CHECKMYTH
13SAK5HyMgzNXFnXMxia8NSNZDKkvooLdpJjjBokyG2wh9Q7:12000000000000000000:OKDOT:CHECKMYTH
14qfQADdxZgxa4qjMTqxJsHwvcGW1girpEXZc2xgCMn6xGFH:12000000000000000000:OKDOT:CHECKMYTH
12QvUtfFfGF6WmDT1dfDxe3fdHD57dDUF9UtrY1Gi6cR2G7c:12000000000000000000:OKDOT:CHECKMYTH
14re922MTnTDMyJn6obHL3pFDoXrMFhKDweGHdmP5gmKXS64:12000000000000000000:OKDOT:CHECKMYTH
12mVEB4mFuJrL1iZJVAS6gDwC1fTFkkC6VESFpoiBJctgJq:12000000000000000000:OKDOT:CHECKMYTH
12CTZvoB5u1rLLfNLepyP3bPgdLW55PpxTZwK72L7YBE7JFN:12000000000000000000:OKDOT:CHECKMYTH
15uEbimU1Gb76dcVCgRhZxFdVKBfMdmpkga7kgB8L7yVQDk4:12000000000000000000:OKDOT:CHECKMYTH
144eUhEqVNBD4mDPPRCjK6KhMQC2knohTq9UE56XRoFpYCFu:12000000000000000000:OKDOT:CHECKMYTH
137T7TV36LkCykdMV45FC9vj7zAD4ZnAYgxKRVjKNeXyT4i7:12000000000000000000:OKDOT:CHECKMYTH
16DMf3ZHnzdPxb1xm7fDef1GrCx3PotzhmTGbNQo6XxkraUZ:12000000000000000000:OKDOT:CHECKMYTH
1cHZQ78WYhjR63R8wo98LAqS2wggkGkgkMdcPSwmCJ3hFqW:12000000000000000000:OKDOT:CHECKMYTH
16gGDHpPUcg37vzTWG29G9ZDXkTxeYarVJpX5YSbntXigkMB:12000000000000000000:OKDOT:CHECKMYTH
1537dSB3scZ3yAA7sXcbLXu3PFowYhiX1ENgDW6W5FbQWNyL:12000000000000000000:OKDOT:CHECKMYTH
14RvAWWXoehjqRGmPo2AELtNBHaVcZaztJFuEwrWNNP7KS9a:12000000000000000000:OKDOT:CHECKMYTH
13j51sYrkVsCMBsPFr52v6fPiAmCk2KqZoeVP21TfLMWQRf:12000000000000000000:OKDOT:CHECKMYTH
14DKGjcZ95F9SjZ9HkJeejyEkJfCmfqXR23W8Bfvb62Bhbcw:12000000000000000000:OKDOT:CHECKMYTH
14zEzeXB19nfPCWbRe45MHSYCjEHLEM3iZA6JmtFUYriXvEU:12000000000000000000:OKDOT:CHECKMYTH
14udY48vCbPLtF2VEpUmqfJLHesmAZWi5ShzeKgnqkuigYaR:12000000000000000000:OKDOT:CHECKMYTH
1Z1jKvPCLponM82MFFKNUopKH8R4ubZcWuzZcdevgHPSkxT:12000000000000000000:OKDOT:CHECKMYTH
12i4nw3W7H86W8Eu6eQKBRskDa24f4BHna5WunFoBQCXkRfr:12000000000000000000:OKDOT:CHECKMYTH
13mdpzfYEUcCao7pEkYJq8nHCWD47RTkQd9pGXwdAaL2DSXT:12000000000000000000:OKDOT:CHECKMYTH
13zwHiHmLW2bcjNazKzkn3BghNPz5K7tooQpwdduGfhCv1Pt:12000000000000000000:OKDOT:CHECKMYTH
15giwpiS4LSi6ehshLPFNavc3LcY4cGVESDew7AoT7Z4dsTm:12000000000000000000:OKDOT:CHECKMYTH
12DoEXhRj5Eq3gNx7cjCWsmTRcF6t9CH8LBwujPcaTANoFnD:12000000000000000000:OKDOT:CHECKMYTH
14kyQDXvL5AoWSH7245PhmqNB6gfneZ86sKjyx1UdNjSb138:12000000000000000000:OKDOT:CHECKMYTH
14qVDr5vVtf8GLWf7ULnmC1m9xrDWU9WJ5XHrg9gJibFJSP9:12000000000000000000:NEEDED:CHECKMYTH
16fwmrX1b6nHhDxJokVJXYEtZ9zNJJ2yjhB2C4RL6VZZ9vfZ:12000000000000000000:OKDOT:CHECKMYTH
15wPpCmLJkCgbXaLmjKEik6hVBwPfDyxbKz8oUFc6HJ1aARC:12000000000000000000:OKDOT:CHECKMYTH
16EP9EyDPiizhu3t4CoQdzfhaULW5SEKqwEiazFd7YMSoex1:12000000000000000000:OKDOT:CHECKMYTH
145ns6pX89PG7rJn26rncbDYMYqfnruAT83E23e1uGkMD3nF:12000000000000000000:OKDOT:CHECKMYTH
15EBCcZPUpqARdiLWhskKtHMt3EdvAQQtiQKSfQYebxSttb9:12000000000000000000:OKDOT:CHECKMYTH
14uzLEYGE4rogR8T2xEx6RKXuoB5JNjaak9kUaApZj1Z2yzS:12000000000000000000:OKDOT:CHECKMYTH
1ZyW2qhUVhTYyEWQ4tx6j7v285mEcMbZJay7TvYBDJSJjkD:12000000000000000000:OKDOT:CHECKMYTH
14gs1BjQpxmXwXA9iov6weRXCPr8iACySjgxKNPkBC7jpicW:12000000000000000000:OKDOT:CHECKMYTH
12xTVCU55HHEJza1DXnZCjxi7qeb8RkhnPe6wv2Gzoq58D3Q:12000000000000000000:OKDOT:CHECKMYTH
13PMi9dxRKmrhiTD3g7g48KH2m7Ne6wiCDDeT8VyfoGu36go:12000000000000000000:OKDOT:CHECKMYTH
12RECBTo49CVqNJ1eQK71JxUGa9Z2TaCw3Mt3M6aBibs3ftx:12000000000000000000:OKDOT:CHECKMYTH
167VUimzwPFmHoVDkiazdoRZ2hwcwMGAje5hwUU3Kf9d2Hp3:12000000000000000000:OKDOT:CHECKMYTH
16kYhWgXEnp41HBDiTvoeEUVMcVnktjxfxNduX5gwP5yS3hs:12000000000000000000:OKDOT:CHECKMYTH
12LaTX1xL7e5E7AfxgHC8BK7Gpw4JyU2xS6y4Ay6mYe86wE2:12000000000000000000:OKDOT:CHECKMYTH
15qqm8jVhEFNgmaUhwvCN5YnTmvmgSPkgzjyHLZbLxiHemW1:12000000000000000000:OKDOT:CHECKMYTH
15oxMXn5QLmxYZy7tCwq3pYR39CTWPAvJy4BzsJUvBgpeSR5:12000000000000000000:OKDOT:CHECKMYTH
13FJgsB7HmBkUWYs2QNfh6aJwY2rVMWfVDcdu7KQHoSNYTTZ:12000000000000000000:OKDOT:CHECKMYTH
15aG3j1BojnucmrhbXxFnKVf4TQFY8gCkFNkP2d7Rqdw63Gj:12000000000000000000:OKDOT:CHECKMYTH
1vDXXsBbTEWBdzKjDJN5wf5hUZRS66tcobrEFHJvaQUQsJL:12000000000000000000:OKDOT:CHECKMYTH
15dbCW6wHH8DwiAecVtsLAhm3wBJcxenaUvpLEUKR1TucpV1:12000000000000000000:OKDOT:CHECKMYTH
16GaeR2chaA8zZDZkeX67J4syQ7zb49b8CaUeaaFYqGsRAJr:12000000000000000000:OKDOT:CHECKMYTH
13bMevwLRamJN8eKEBdGA3CNNCPBHhs5ZdTdLxJ3D7xJLpiW:12000000000000000000:OKDOT:CHECKMYTH
15u6e3uWtMrNymZnz79qAsjLpsq2G2d5arHmzdoV3tAUFbid:12000000000000000000:OKDOT:CHECKMYTH
13J421p6RrRGKNSYwPtCBwc51LgdWSXW5kXtCHEsFRKoZCLN:12000000000000000000:OKDOT:CHECKMYTH
16kRZFbL7G555ETy8JUmJZ9r6toXG2Mgp41b4pmhhPcHGhBs:12000000000000000000:NEEDED:CHECKMYTH
12Tb4MsX6f9Ae4BR8sk1QTVpgEBSEiAaPxCCM6gtPSVd99rS:12000000000000000000:OKDOT:CHECKMYTH
1WQatiCzLwcuXuroYuhpR1QaGjaxRCpJawkV1Rj4SZEyNwD:12000000000000000000:OKDOT:CHECKMYTH
16M3ZAkJ2vYZyqRw92jjBck2868EUvkP2dihCXEUcEkvsCv9:12000000000000000000:OKDOT:CHECKMYTH
14qgiSWR7PEt1RQyqrazEZjZgxERQqkvoF9eGZqb5YaeYhyo:12000000000000000000:OKDOT:CHECKMYTH
147UhzJLax8vgVqZ94KewaxmZgTA3a9a9nqCnnBSpXFVRQH3:12000000000000000000:OKDOT:CHECKMYTH
142bUdaNBNjefJ2CsqRXS7aGXS41n4GZFJjVeHsAxKE382AB:12000000000000000000:OKDOT:CHECKMYTH
16UX2VNfpGTvfcaTdp8LBDQVNZEn8J6M1e69ZTh9gxkHcDLn:12000000000000000000:OKDOT:CHECKMYTH
12Aqe4oyMrZte3zqU75DKyGK8EeWQdojVw2gMDQ2kXJSyGE2:12000000000000000000:OKDOT:CHECKMYTH
15zNFasSTfcfwHDRQdiYjJJyk9WoTWMG2u6zNKSpo3jDWC2p:12000000000000000000:OKDOT:CHECKMYTH
126rxWD5h39ms41Py3prPMkw9QmCbvHcmK3oDLXzJaWnKoi9:12000000000000000000:OKDOT:CHECKMYTH
16SYx928UDc4yMPGb7pxbuZ5EuhETGqwiPsMm6fuUb198Eih:12000000000000000000:OKDOT:CHECKMYTH
13hjRRFm6sAuDYu2NdBZQzFcKrKH6cp6TaoRHgJPu5ufxQvq:12000000000000000000:OKDOT:CHECKMYTH
15voiPMiQj5s7Ce1YzR9EDXbFaaKKmv932qSUrbYuKFew9Yj:12000000000000000000:OKDOT:CHECKMYTH
12K7ud4VwMFhx6No2B2smnnXBevqEQXCB29pPNYBWh2dcPWX:12000000000000000000:OKDOT:CHECKMYTH
14YhVCgscuRXHcQoKkaSeWgYYp1ERGGDxdvSsmYAn7iAwu9h:12000000000000000000:OKDOT:CHECKMYTH
14amEiJf7L5AoLTo1ZnNkwkocZYdKuU8BiZLHhpGmvXsFZXs:12000000000000000000:OKDOT:CHECKMYTH
13cnS7ZUbsFBsYDS5ZGzxFMkokPutcAQWANB38qQBAzi52Dr:12000000000000000000:OKDOT:CHECKMYTH
15sV4thfbgvVE6crXeP1jNYRGYopCFzRbcXcC7wrga7xeSS7:12000000000000000000:OKDOT:CHECKMYTH
14ArF9Ty8f3NcJD2vU24iENtUHsQv3hm5rFiD2uKBsKGiGXP:12000000000000000000:OKDOT:CHECKMYTH
15yZfiBTf7EmJcCm8BpcD54FCysy3mFAzC3ihMzwPCa93abY:12000000000000000000:OKDOT:CHECKMYTH
12peYYDov7unFLAyAphMyUEHaDtVkUhcBK4oVDHDeyu9WzbJ:12000000000000000000:OKDOT:CHECKMYTH
14oxYnTqiWeE96AoBBVtsVHbYEpJg6LwTX7YTyXTKUER3o9y:12000000000000000000:OKDOT:CHECKMYTH
13KFqnFjqm35q2X8gQJde19LPmHUJiESLodiXeKNoAPRkopp:12000000000000000000:OKDOT:CHECKMYTH
14wLaMpyUGRrmsbmNH6DGqV1Q8P9PDwSjBRhSr32oZZ3ypHq:12000000000000000000:OKDOT:CHECKMYTH
1QyjyK5euQC8xQ6o7Lmwr8ZJxaF9p2z5WmcVb6yh37Y6ZmW:12000000000000000000:OKDOT:CHECKMYTH
16Ffb8eE44EA45PFYScyu34iauG6oknzrTM9wc1q2npH2rS4:12000000000000000000:OKDOT:CHECKMYTH
16Jg8LKsdMpDPKozRr1cbCjg3hUj5RWV488syGtTQx8Pk5kf:12000000000000000000:OKDOT:CHECKMYTH
138NWWZhN2rAVQHc5DSm2jjmpaVn8TW9yRJYKVYXmqdcwVP9:12000000000000000000:OKDOT:CHECKMYTH
164Gs16EB7jhU3SqfjFQgaTKfJTDNgHX5t1WpwHCJKBxbS4A:12000000000000000000:OKDOT:CHECKMYTH
164k96mhi5yaiu4YimQrKgQJyZgLvUJyq4WUzzECvdWizjcU:12000000000000000000:OKDOT:CHECKMYTH
13R8GWzqp7Jsov363K4dUZkVukxa8XgpanRbEJedsHgnuMpc:12000000000000000000:NEEDED:CHECKMYTH
14oS55q1rt29cLjjf3fw3muKzKuqXKUeyVRRTb8iqkacEohv:12000000000000000000:OKDOT:CHECKMYTH
12LfhErtw1k7zhRsQYqm3s4njVcDyWK4XQL2M5VinMHSF3JQ:12000000000000000000:OKDOT:CHECKMYTH
13rfQc7dJRgyKgHCijdgFSNJkPh6n7si6rWEibFR6DBMEh5M:12000000000000000000:OKDOT:CHECKMYTH
16VwQ73J8ojjxq85pnHRgQFeGTtFGXDsoye9PfQ8DCRKrfUi:12000000000000000000:OKDOT:CHECKMYTH
16GeXgXryUB4gFFAHjDDpjQHGkDRqfYRDPCAzfgmFcGt2Axm:12000000000000000000:OKDOT:CHECKMYTH
12YUeb3cbRPQUEsCdDTnYMVwyVMNzFKJ4outbwUwxK5BeoRd:12000000000000000000:OKDOT:CHECKMYTH
1cdoPpwYJJ4Aw8juWPRnsHf3VngNeDMFBzvhy7hhXmGuyvg:12000000000000000000:OKDOT:CHECKMYTH
12TdpstRFnhyGEMNFneXZRJApjWeQECeuuNjUCGp6jZsN24r:12000000000000000000:OKDOT:CHECKMYTH
1KP6DsqDZ4cVrJyfvEJxBdudvugzxS9qLWEdLDPpKWrCdmy:12000000000000000000:OKDOT:CHECKMYTH
136Bn4vYCCNoryL34GvmkLWoARz8DcFH8gCdonprnSkQjAvC:12000000000000000000:OKDOT:CHECKMYTH
1NH9fbUNz1DLUMxwBgtbCTfVtBMvJtX4HBVBvSjWdV3RTMA:12000000000000000000:OKDOT:CHECKMYTH
13EbFkA1iZjy6mvNneF2ffSVVcABsWA6EF1TeYHQoWaaY58f:12000000000000000000:OKDOT:CHECKMYTH
161Tyhk2rcjQzBKiwG6o22eamaNDoTt8eP2sDE2JniQVo5Ej:12000000000000000000:OKDOT:CHECKMYTH
13dxLkEt6tL9qdx4iXLtjBNBmw2w3gVnV9rLNQuzetPRH9pr:12000000000000000000:OKDOT:CHECKMYTH
16JvRLXxb5JdsWyuD5QmhkBeFbSbZWNzyVqwscz4qHAUho21:12000000000000000000:OKDOT:CHECKMYTH
15NPyFnnRFzAZSQ45rKqbFunygEqUV9U2RBEJzgjvYGfjA7p:12000000000000000000:NEEDED:CHECKMYTH
16ejCaVYq9phAjXd6svLm3RzmQ1Noq62CkVQqGsg8BaHDKy3:12000000000000000000:OKDOT:CHECKMYTH
12aa9duftj2Ecs6s2jJJA3WYvy2SrnyyqGheAoxfWRL4wUxG:12000000000000000000:OKDOT:CHECKMYTH
16PpkxCWPqqaJyZLPBFcmmKT9U67NxoXYeB45pMJVMbuZRUP:12000000000000000000:OKDOT:CHECKMYTH
1nDz6tPuyYWY1khsM9vr7vQpKZjxhCWKbST3WgnXBg8BMJP:12000000000000000000:OKDOT:CHECKMYTH
12MhtWjCmQdyVaY7PYfTx6KXN19Vyjx3q5yqD1Lv8ETVuPk8:12000000000000000000:OKDOT:CHECKMYTH
126NXpGyuhNipz3NjsGwwR3a5v7fW9JGa3ZFWFJ1LWooK839:12000000000000000000:OKDOT:CHECKMYTH
12retTnPLy1yh2XsF4BB37LhqLbryPL7s49Ad8vkoaLGE1nr:12000000000000000000:OKDOT:CHECKMYTH
14FZ2WqgTJXvZcfiR3gTnkBbqQRC2eLYWKicavAfRtjVYopx:12000000000000000000:OKDOT:CHECKMYTH
15TYdCBd2ATNXikZQoqw9zSSWPtqh8pA7BGTGcFWa24sd7Vi:12000000000000000000:OKDOT:CHECKMYTH
13WQsvsXr9sTUyu2sutucFed6VgyAYiqo5xi4Yd9Pbd6bf2P:12000000000000000000:OKDOT:CHECKMYTH
14rHbM5YGuAWLzSEbQsPLZiku8EUd3Ao4AYuJAEakFadJXT4:12000000000000000000:OKDOT:CHECKMYTH
131Xy7XdUxsAygryXdVaJCTzsAfCS6ZatJng1BfU2GSq5KAJ:12000000000000000000:OKDOT:CHECKMYTH
12jTVCZJhE9b1KLUayiUw4aUhJe2y77wqWCpwcm5puxPo982:12000000000000000000:OKDOT:CHECKMYTH
1TF8yPAs4JGLxWBS1EV21m4BaVdsfduygaC1vRDbSWVvRj4:12000000000000000000:OKDOT:CHECKMYTH
16SsWWJrV4am6egQB8sfx8uXFZKag72jwBCypPTGnU4sc59k:12000000000000000000:OKDOT:CHECKMYTH
1EmpWdRrsFe8YC1yzgT9KXhGfEbWZHe1yJwSisA2UvVhgRx:12000000000000000000:OKDOT:CHECKMYTH
16S6tWJfZ66TRpFDKU7V9tK3Z3g6GrSnm9gNaetBs68cC29F:12000000000000000000:OKDOT:CHECKMYTH
12ctgtVy6Rc8L688JihGGinN3F38zR4KkmWR3YiCz7EdvCtb:12000000000000000000:OKDOT:CHECKMYTH
13myHxiPHe54ZQD9W3RsMUPPkwFWbzJ1B62zWjDLN4mwFkYg:12000000000000000000:OKDOT:CHECKMYTH
13BKCHYs3kNGnHNS4b2XqwYoy3mWiDBy93DLUj8BBSYNjFUU:12000000000000000000:OKDOT:CHECKMYTH
14VN1Uew9XK8Xz9rMowHPmCznwjqd6CfZeqU1bDHwL9bEDDp:12000000000000000000:OKDOT:CHECKMYTH
13b3XH5DhV7BAzTYZDentHxebXDgNNaDi4PXHRjyBtNHKto1:12000000000000000000:OKDOT:CHECKMYTH
16dpNo8FQB2BwVZfbWa7KQ6Jfy1t4Mt2A61CG5ZqKHyEuDFe:12000000000000000000:OKDOT:CHECKMYTH
1wAkiruXuRK2HLTywcmvszMm8jVihTKsURbfrcjH7JrezM2:12000000000000000000:OKDOT:CHECKMYTH
15bYhan7FrjRDVsfJAP7HqJ4ZCF37hT5GyrbeFK95Q4NAEY3:12000000000000000000:OKDOT:CHECKMYTH
14KZJRQqGiQuadMSctAmpsvCoo1hA4vozWYCt7RrqvcR7Eks:12000000000000000000:OKDOT:CHECKMYTH
1WAou4DydcCFgm1ja1C9tpREH6KghW7EGDQjrPM2TMDaYMW:12000000000000000000:OKDOT:CHECKMYTH
16cbKTeTUvLwKeVyfRs1K8LPVyhP7h2xyh4ZyJnqHsE7xvYf:12000000000000000000:OKDOT:CHECKMYTH
12noqoZwZQ84MLUdRhdjygsRRW9CcV6NCHQ8kv5CQYdy98Hy:12000000000000000000:OKDOT:CHECKMYTH
156nNQTGcePdbM26Tzu78BLrBG7HbCnjDYgHDtfbDG9omrko:12000000000000000000:OKDOT:CHECKMYTH
155eEf1GiJH1KrBVJftniTwj85VRL53RfMJ6oioqZ21ivMYA:12000000000000000000:OKDOT:CHECKMYTH
14PTe7S8ZiKJg3VqRz6PVvApjbSQVE2R8fToQf831CUZs81P:12000000000000000000:OKDOT:CHECKMYTH
13tJsb6bo9haH4c5ahkFozKRRsdhmiKBucmbEZNtmCL4Dojs:12000000000000000000:OKDOT:CHECKMYTH
15NzgeHzh6vM7ScYVYSe3b4E3aDXDrsBPy8APtDkDkeDx7CF:12000000000000000000:OKDOT:CHECKMYTH
16e2WZB8nxQgsQ3exTKEKBjJnBzd9pYuAmGp3zVuDNoHxRct:12000000000000000000:OKDOT:CHECKMYTH
12Qy6uRKW5pKqkSQXLW8HuHku4vVagH65ng9JPvj6TDToy4J:12000000000000000000:OKDOT:CHECKMYTH
15UDnyYPjVvZyi4rYZSCm8rwNJ3RtDgbngkDnuGnmfq95nd5:12000000000000000000:OKDOT:CHECKMYTH
132ujK7KkQGEndzy9iWg47hvuWhDzNeYQfvWKxYi6UGMc22:12000000000000000000:OKDOT:CHECKMYTH
16bj1j9gmPg6Xx7PGugHm6Sv8wXDRE62zy4f6Nha5srNFNtQ:12000000000000000000:OKDOT:CHECKMYTH
1itUR2pb3Y5uV7zYD1CY525R3LUtzQ5cTu433RZLQFNryyV:12000000000000000000:OKDOT:CHECKMYTH
1ZWrBm9GWKrSMGJmWoy3SesMpLJg48f8EbP8xsMMrBrWYjj:12000000000000000000:OKDOT:CHECKMYTH
12tsZ3sH9FQmMYBkCK4wunpucG7nurHdyvCjnin1DbrwiZAw:12000000000000000000:OKDOT:CHECKMYTH
12XZQAoLaAsvNwavzpfe8xjh3JyeQYVcEjYW6LYNwMLqTTK2:12000000000000000000:OKDOT:CHECKMYTH
13YHU4NDusATJ2EL1Sqyjew1H4HRF9xrKUacQoj87meaFvF1:12000000000000000000:OKDOT:CHECKMYTH
13rvbJqijXpJNVCocM1tw1EgfRssoVYMJ6DG5ykS5a9yLUGt:12000000000000000000:OKDOT:CHECKMYTH
13knfy14xK873apLjn4MARx2mw9j3w6L9SznY7APJ8aXKs3q:12000000000000000000:OKDOT:CHECKMYTH
17J2vhWAic6xt1oWzsPPV1qJU9BdekfG9M43MWYNVRm9RoC:12000000000000000000:OKDOT:CHECKMYTH
15jRCoTswPL89FdGotdejKcwWnwaYMP3DaqwXjMNSNaPadez:12000000000000000000:OKDOT:CHECKMYTH
13diCCEznnDQWLTjxHhehTRucCFEinrMgjHsCHpHMGJqUyQM:12000000000000000000:OKDOT:CHECKMYTH
13XQuS3FoWY5MPqsD7gVXkC8kCGgXBvPtwLmecS5ChnCMz3H:12000000000000000000:OKDOT:CHECKMYTH
1baRktmHrofTYT5fzAnLr9mVBukrmbLk2whf9Uxiftfm4DC:12000000000000000000:OKDOT:CHECKMYTH
12TbyfQqATDQTTX8X2A4i2TL44v5k3wakdkqPjgThEVaELpG:12000000000000000000:OKDOT:CHECKMYTH
13NA3imTywPsjWbNvXz8rX5fWjNm4VMub8db9boqt6DzGDAk:12000000000000000000:OKDOT:CHECKMYTH
1j4aTyznbP1aCSvW6sTGQS8YrD8FBg7ktdurWmiVV2aPNH9:12000000000000000000:OKDOT:CHECKMYTH
13cDdzRy1jVXeYNX75qdGgzEdX6pSCdsHk23pchyDmX2WkDc:12000000000000000000:OKDOT:CHECKMYTH
12L3HsXCyUhVTCUD12c1jEoWvKLtCov7o7jSvQhZEL5UKpUD:12000000000000000000:OKDOT:CHECKMYTH
13RNVdLWZVoWD9m3WbK8tVdodv2oZyfShbZhzhQWfNaAi7Ty:12000000000000000000:OKDOT:CHECKMYTH
13oAjqfMV1vj48UQGCRxw1syS8GgLAvWxFVPE1bibap4hgp2:12000000000000000000:OKDOT:CHECKMYTH
14JLisA8CAVJNin9GWx1VnL57rHpz4o8qCmHkaS9afwfA5bN:12000000000000000000:OKDOT:CHECKMYTH
1tE52NfeXN1wMLkxYhKcdJ6Mah4HWU4Cj5hjA2fx6uc7Q2t:12000000000000000000:OKDOT:CHECKMYTH
16SZuwYWDB29mXFYicGT6qtCTCaRFNVhmcYaEyrz4tJZgGN6:12000000000000000000:OKDOT:CHECKMYTH
15rAhuU2otTRou9rd78NQCCJjLB3XxMFZMKCUcrHtfhU4hFP:12000000000000000000:OKDOT:CHECKMYTH
16WLXXDWMwVesZrSytM3LBmPFKT6tCtJp7jkM9seBKeHkLL9:12000000000000000000:OKDOT:CHECKMYTH
13nhAmsG6Cp3Bqs3skXWxWyRyaV4wkNGYWm3XXyxtKFN6ko:12000000000000000000:OKDOT:CHECKMYTH
12TzDMiVM3XMC45vEdatMGrfLy6yE3aRob98sh92UiyH8paQ:12000000000000000000:OKDOT:CHECKMYTH
16XxB1rk3Axnart9uukETg5HmsaNYKAnTPQpaPYfs6k6ksEL:12000000000000000000:OKDOT:CHECKMYTH
162yvQ25MNua2wWMFbvYxginQpX3d9coqVNvnAhStbS6akae:12000000000000000000:OKDOT:CHECKMYTH
15NhcvXez2wkEMwK4EvAdynAKUkta3kG3BkakfkpZdyyY1mv:12000000000000000000:OKDOT:CHECKMYTH
13NXLzD8c4yetWCkDdfG9jGW1CEBdUsP3GMa3BwH7rCEKvje:12000000000000000000:OKDOT:CHECKMYTH
14JSf6iXKfDcN1XCADJUAkzk6ZfUeoU8RKtE2tDKLnjyS58T:12000000000000000000:OKDOT:CHECKMYTH
14Z4rCGC17BbAhywExrrwJhaYWnXR4jwKDwWmoTqTB9nJbMR:12000000000000000000:OKDOT:CHECKMYTH
1RiFx6LD3Hz3GAgycx4vUKc9MkPZuNKRrtZy4rzuEVs2pEQ:12000000000000000000:OKDOT:CHECKMYTH
14u6Gg4nokfJ4MNSxbhGzkMakNCxaxv4gMvx7oEwkPbDqvwF:12000000000000000000:OKDOT:CHECKMYTH
1HjTTpEeyqVZMQC2sBr9RnM1WQs3WzxGHD7Q1hW2XXJJGLr:12000000000000000000:OKDOT:CHECKMYTH
13kFxCyrQYmWtyiFdkJEqBeUzDLF2ucK91NvPTdN9EF8q7ft:12000000000000000000:OKDOT:CHECKMYTH
13Ad7zuYjSGnwczUcqFNNMVgiBJZ9dBGATETQfnENT2Byfz1:12000000000000000000:OKDOT:CHECKMYTH
14jnBH39zjmbKnqF7fUQi2thryyBjb2yRYQohKN7ZEJv12T1:12000000000000000000:OKDOT:CHECKMYTH
1Fz1eHifF5T8syktLZzY3SwY8PWjqXGQ4sFwmgmUNKzcGsc:12000000000000000000:OKDOT:CHECKMYTH
16Sn1sWfr5STHZ4WeoPEA7oMAVRjDXktMrvZUGQLaah63wdk:12000000000000000000:OKDOT:CHECKMYTH
12QMgGkcwXn9W2kPkSGJAmpx5hd4ZcXSTdNc74RQD6iAyP54:12000000000000000000:OKDOT:CHECKMYTH
13d9GeKTTb7prMFRoGegLebGRVPLLQwLb8jR89dzhs71c9UQ:12000000000000000000:OKDOT:CHECKMYTH
13inkTuaA7aVkL3MVDDfUW95iiM6H9guyKCgsXWcZiTUnF2J:12000000000000000000:OKDOT:CHECKMYTH
13ZnQP6Bg5qQ4CtJPcSG7soR8x1zqVkpeV1XsQvgP2PPE3QC:12000000000000000000:OKDOT:CHECKMYTH
13wzdyHPs5VLGoQrNfVQ5nrYSQJJQQhKa3RCwwhATXuYK8Uf:12000000000000000000:OKDOT:CHECKMYTH
13ge6XDyN9QPuwGmGQRY8dAP9EKCj9r8rN4b3axT8hvtLhbD:12000000000000000000:OKDOT:CHECKMYTH
13BsaRzi2Vif1GctCxs8YisXKCqMeuA9gb1WDLa2XGzypzv6:12000000000000000000:OKDOT:CHECKMYTH
12L7aUSLL5exY1yTfUfmDt2Sj4QBponE4QKNmbjQgCD6JHTq:12000000000000000000:OKDOT:CHECKMYTH
12GrtuiP5jTjQgvLGNaj2iYzPBPZzGG3wRdVex2MCojgvXGh:12000000000000000000:OKDOT:CHECKMYTH
1X3jErxb8q8XUioR1Th4peRaG3UT4mWirSSaMV9nt5auQLG:12000000000000000000:OKDOT:CHECKMYTH
15C8pkY17Ag3CAqPCv1sBdgqj1xdYABvUe7ttT6ZuD4tn54n:12000000000000000000:OKDOT:CHECKMYTH
13pqFoLRK5DHnHTDChZ1KqWZccss8Q27XovBSPB8Rdv7dgvN:12000000000000000000:OKDOT:CHECKMYTH
13iAXa6JUWZYZeeXDfVdBSNDr83zmHJx3PYUxvz3vFApPWru:12000000000000000000:OKDOT:CHECKMYTH
12tsMSNQi77oGW9JJV2MhStXWCSw26L8J5JnXUrGEm4LZ1Wx:12000000000000000000:OKDOT:CHECKMYTH
13z7Ki3DQVr1UsuNN6ueQiyUonGD3LkVUvn7qLDCrE7Fy9YX:12000000000000000000:OKDOT:CHECKMYTH
1366NamuJeacgPGCxq7d8fCM3AmQvuewFNvoU7Z6tMgvzgCJ:12000000000000000000:OKDOT:CHECKMYTH
15zJWtB4jw9XDhC8Y8UmMKKnFmv8vSPp3d5rZ9jGKVT7hZpR:12000000000000000000:OKDOT:CHECKMYTH
12uHyCdUXGMfVPrSaBozCVVM2iBvZg1JCqSRaj4Se8yLWvrC:12000000000000000000:OKDOT:CHECKMYTH
13Qbs52BVUzuodMCizvTNihTWaACKKe7LPqKbJuckQEWaLCd:12000000000000000000:OKDOT:CHECKMYTH
158w5KMQpypb1Kk7Aqs2rNxDpu4rptKdSRHSKJdY5cBRV1Um:12000000000000000000:OKDOT:CHECKMYTH
16DqR99qpkR8m9XxXtthhfWUZiRH1pEnLor9m9cC12qTWfYn:12000000000000000000:OKDOT:CHECKMYTH
13NJwJKEp47r6wRSDUtZCgbMpH488gRbQMC1ksmiSg22rVzi:12000000000000000000:OKDOT:CHECKMYTH
13tzU1a7s5SKdDy2uqvsH75PxWiNauDBAzXvWBCSxRcbm26H:12000000000000000000:OKDOT:CHECKMYTH
15Gj98UetvCCKm8Kr7eRb4g96Ucbq4JwyVCqeUPPAA6sPRLL:12000000000000000000:OKDOT:CHECKMYTH
14o2iiXrrzCGQDvyetWGZmMFd1RZ6iL5Yrczt5jvbRtkJcMM:12000000000000000000:OKDOT:CHECKMYTH
155FYQCjwNZXUrMKbvySaaH7TLYqFPBQWn8ZstYTn6nvWYWA:12000000000000000000:OKDOT:CHECKMYTH
14UEV7eXAtMqDRuCwuaJXQsjQw8ip3uxDMbDHsz3y4V5RZT3:12000000000000000000:OKDOT:CHECKMYTH
12go66iTHWCmyQMJZoXTcuYK1LRaYgr49YpTXgbVDT9GMc4c:12000000000000000000:OKDOT:CHECKMYTH
16AS96KRHbRmYSgo2Fd8GDmozNuLx1KBao7wiVcLazmqAZEe:12000000000000000000:OKDOT:CHECKMYTH
167sCsRg12J6D2Zoe9BDpFtxw1VqrsvEKKSSTy2QReJ3CAb4:12000000000000000000:OKDOT:CHECKMYTH
13TXeERfzThUEzn5AHZzTTqAS71xJaK1hBqXUWeF9bXq2RAT:12000000000000000000:OKDOT:CHECKMYTH
146fjmoW1DTbEsg9vNTf15cJ3RJVTCurBiujqCeVdMz3XXbm:12000000000000000000:OKDOT:CHECKMYTH
14v4dd5WhsQwnAGooFTCVouKccmA1cE8zRexsrmx3kFKHrRu:12000000000000000000:OKDOT:CHECKMYTH
1CPXEr4wjx2ynVCCJnSYMETPssFyRHk6GiWxNP8H1xBRfsk:12000000000000000000:OKDOT:CHECKMYTH
12SkTVuGsrwWToTpVmGDY8V7916orLaKrqRr8pDEHLr8WzAE:12000000000000000000:OKDOT:CHECKMYTH
1NAKZNizgviwoKnaGwT163TTScwGfU85sb8qye1KE6cLnSx:12000000000000000000:OKDOT:CHECKMYTH
166BMpnYUGDhJ9bKCmCfuF8St8yVbBfcdLZzteveEsEnPdth:12000000000000000000:OKDOT:CHECKMYTH
12yedxbC2kijUGo5mz2y4WvgGAUDBWMyfhsB8tGydD6AksbV:12000000000000000000:OKDOT:CHECKMYTH
15PvQ4T1WmdYQtASf6ZVmazeWkRiERFJJq1UFoEAWKaT5GCK:12000000000000000000:OKDOT:CHECKMYTH
14oCCsSWaPEYyjxGzoWXzAZdKwB8wTAQLWqYYpmeL6c8ofcL:12000000000000000000:OKDOT:CHECKMYTH
13wvJYjkT5hcx45dEAD7oJjGCMpTnzsvk1CYD3eTNeFf62WN:12000000000000000000:OKDOT:CHECKMYTH
14RWPFa8uUE9LTVnyYQsfYMjft1zTqB3V5PYDZd1sWdBsYNk:12000000000000000000:OKDOT:CHECKMYTH
13Vczg1Qz6WB8PEM4hY6pSMUZDY9wqSrR2dddQi2UHUAgbHQ:12000000000000000000:OKDOT:CHECKMYTH
13PbVExtr5DhsNgj5NRYjaKjzmKKjy5zyHFvYpLLLJGwpiP3:12000000000000000000:OKDOT:CHECKMYTH
15Q1EzkKjBYv7NqUzPAxzD2y4WCYtYvYt9Dp9brZxhv2BQFM:12000000000000000000:OKDOT:CHECKMYTH
153D3WYrd1TxCCcQcCbrN8iEwT8piMYWXeJPeBoucCTPSx1w:12000000000000000000:OKDOT:CHECKMYTH
154hUsta9ZpZrdRGxMep911kSPt1ypP2xawRABYfC1DQjw5j:12000000000000000000:OKDOT:CHECKMYTH
14oDKrBkbi3nsjxwZ9pK4A3o6zG3i3L6JEDXpvwXumq8XpYd:12000000000000000000:OKDOT:CHECKMYTH
12hmztjN7sdtp49CNGfqdmqhiFWjPBJ3YQ6E3Qer8YALx272:12000000000000000000:OKDOT:CHECKMYTH
144eexm2o2a2crB7Hix3fRwmcFGh1hvdUqtWL2DTxt7rk7on:12000000000000000000:OKDOT:CHECKMYTH
16QGpgnCchnQjmve9VCRC7axSeXkb6TXVtqSBubLCqbU4mys:12000000000000000000:OKDOT:CHECKMYTH
14oQpGm7zZE2eeVNWR7T1r7v9AmYKHAxkqsPV5E2zwQqhEea:12000000000000000000:OKDOT:CHECKMYTH
16BKUg9TT2otd8hP5uZibd2or5oJUYVfK8n2joctCg6fLtNs:12000000000000000000:OKDOT:CHECKMYTH
14fXahb3Gr9yfDXvREp818SJt7wYcpsqmk85TfeuC35PTDXr:12000000000000000000:OKDOT:CHECKMYTH
14AvkvC7SSF5wGoZDQTw4kt9REgroieg1YHejgZG4hp727X:12000000000000000000:OKDOT:CHECKMYTH
1e1zPdiajrY2v5LLfBmtzchN9Veuyhm7D5aCTAC4F8s5w1z:12000000000000000000:OKDOT:CHECKMYTH
14YvWtTn1dyCswhuecEL9f9inFg6Dd8hqw8Re3v3PBBjiSam:12000000000000000000:OKDOT:CHECKMYTH
13EvgupDut2tPxS8Rvc8zh5dazWTfF3ggBMUQyWzyJz8WBiP:12000000000000000000:OKDOT:CHECKMYTH
15mjVWS72dsWc5xVm2kHFRBXFaPbWETCsvvEvAWGnfXi62Hb:12000000000000000000:OKDOT:CHECKMYTH
13sTSxzEnEhMgv5mquiAgrNXVGFjZF9uxLy6QLa4KRS3U9tW:12000000000000000000:OKDOT:CHECKMYTH
19KcWaPbMFuPyuoUGqznD97WiYXLqzQ6ZGCdSNhXkgivP2x:12000000000000000000:OKDOT:CHECKMYTH
14wpWrymdZSKX5A9US91HQM8BiUN3y9gDXpvU7hYVFCddGNC:12000000000000000000:OKDOT:CHECKMYTH
14HG6Ra2bjueBUYFVioP9D2LcKxyThe795mEKH264rxrM9jZ:12000000000000000000:OKDOT:CHECKMYTH
16fQDeahpr9T9cAD7QDFBbfKJQgQheCpJW7coUYV3j7g17ny:12000000000000000000:OKDOT:CHECKMYTH
15n1qkutbPNYPVmkxa4YdYPmJx3wsWjwrwBCAH16nHJo3HQZ:12000000000000000000:OKDOT:CHECKMYTH
14RTt1DXVf82u9Xd3XLNiuQ85ZQs9cXLq8zz37xfviKSeMTL:12000000000000000000:OKDOT:CHECKMYTH
139tGijit7rusZK51J51vQjZ54YzTXTNp2ELooLMYdsEG8dw:12000000000000000000:OKDOT:CHECKMYTH
163QPzmrNBMRr1G787x9cZHQsB2QtjNJGLm8y2XVYaXrGbAH:12000000000000000000:OKDOT:CHECKMYTH
1Jt5KRcrmYCETby3Pz3FcfNTygPFG7NKKe86QSqNoi1yYnm:12000000000000000000:OKDOT:CHECKMYTH
15J4K9nKKMA8qLtTrqAHifvPEpQ1cKVG3ysYx2row1oURAz9:12000000000000000000:OKDOT:CHECKMYTH
14hDrZPSsok8dTSDBbuUev2yXmPBmniXLTH91uxyb8UjkzkC:12000000000000000000:OKDOT:CHECKMYTH
15DcdW4mXFGgKDZca5y8fCW2HxAygJNU2cq4BiYkKZBgsuUZ:12000000000000000000:OKDOT:CHECKMYTH
11zzTKgRYxhEFcvbXpEjxwyHR5CM4ARA1ePvvpRBRvb58fk:12000000000000000000:OKDOT:CHECKMYTH
12uUdvzKyqMq3wYGoHq9968Ycuh66KpxmGCKoJ6t94Ntx3SE:12000000000000000000:OKDOT:CHECKMYTH
15SmBo5zJcytVgRXMyU3m8dtj4qUC7q47qFQ83JRj275iGyR:12000000000000000000:OKDOT:CHECKMYTH
12TrqZrmPCxqy9qpCN5aapP3Zpi1VqaL6M6MP8oDQLCJjhxr:12000000000000000000:OKDOT:CHECKMYTH
12UpbSgbb1tWFX1oVTZWH7txqum3hziCqdEK4HyYF5g3yKFC:12000000000000000000:OKDOT:CHECKMYTH
13xrtTP3v8ZZrEuywNGJK5F6TGdLyy2Rsh4DTsPGgEB3iuY4:12000000000000000000:OKDOT:CHECKMYTH
12p9KtNRxiGZUEhTKfUtY1bJRD2d2u8CsXmo2Amfwn3KbM19:12000000000000000000:OKDOT:CHECKMYTH
14RQxUn5Rf6w118rdqPozoYy2e68CctxD4Zdsxjbxr67KisJ:12000000000000000000:OKDOT:CHECKMYTH
152W7TKRJRHKtB6P7AREma9Uy2To539muW4vbh8hmuMJCuok:12000000000000000000:OKDOT:CHECKMYTH
1NiUpz3MCNhgmHebHMyZpNmS32NcUtS9iTYxNQqYXmEeExd:12000000000000000000:OKDOT:CHECKMYTH
15VQg4uWKSM1j4WxxhAbFeQgC8f1gYAhMSros4FmTWnWsFM5:12000000000000000000:OKDOT:CHECKMYTH
14iDAWoTZEY7KJT3Lq2BYntMbdbt6xXPhzDuRTzN9c83Lw95:12000000000000000000:OKDOT:CHECKMYTH
16PfaTqRZHEYH3uAnvVpsvYuDKuduB7pQ7dZUjV19DPf9qaJ:12000000000000000000:OKDOT:CHECKMYTH
13PaxA3NiSLJfQwYsFBbmvVbunmZhx9PzaRBjtFEowEvpwnf:12000000000000000000:OKDOT:CHECKMYTH
11JhuqBwND1oPzMQifSGtEFKMXRywgRDKTduZmrb4g1X7kK:12000000000000000000:OKDOT:CHECKMYTH
16kzYodFWy43sVGFKGnpDK8T3P8F9NhyMKqWNFfeFVN4XT9K:12000000000000000000:OKDOT:CHECKMYTH
14U6ZkPh67AvY9xLgaLmLbB89qmpc8xntVbv6TLcsrLjK2Wf:12000000000000000000:OKDOT:CHECKMYTH
121R2hRtw4KqPkVBzbKC14U2KuqVrC5mA7oEKwqxE3aBDPU9:12000000000000000000:OKDOT:CHECKMYTH
13NCLd3foNpsv1huPDzvvfyKh37NEEkGFotZnP52CTR98YFJ:236000000000000000000:OKDOT:CHECKMYTH
