15x5VgtDmrBnyiBZYggL72ZVcbN5ZaKY2Y6JyfnxEPkxLeUV:12000000000000000000:OKDOT:CHECKMYTH
15QHwqGk1vVbavynNfLi5ksgmEWTuDJmZUxWr4Y3fZ6LdY4c:12000000000000000000:OKDOT:CHECKMYTH
146bSuPuHUgyK7WjPNUzKCeVpJGYDKBujfc76XYHGUHiiP98:12000000000000000000:OKDOT:CHECKMYTH
152KgAasaR8RDX6a8PMrCTeTyENZoBGw5gvi3BcrEpkKkhie:12000000000000000000:OKDOT:CHECKMYTH
1DmqgzicFbtiR8y9agyJDDrigktqipBrRqCaVnpudgwkSW7:12000000000000000000:OKDOT:CHECKMYTH
15E2NAiFwcw2Eg6rCbq3X2uXqkBbc8kohxF8XK6vUVRAzpSq:12000000000000000000:OKDOT:CHECKMYTH
14qBr1ojzEqDV59fHnraeYijV4XkrhuNLZUGAHxmcxzXUspi:12000000000000000000:OKDOT:CHECKMYTH
15QbCdhpi1ZYCviuKGzsTKYESsXguoqsifHukTnkgGAqJutK:12000000000000000000:OKDOT:CHECKMYTH
14PJKzaGHan67ZskmewqNCJDnr57muMLsDtiFBP6tWm4e2G1:12000000000000000000:OKDOT:CHECKMYTH
1gERYtoxabvndBHXzrgBF9oRiZ7v3TC3CaJBnTCgNHwHAX4:12000000000000000000:OKDOT:CHECKMYTH
1RqG7z72cdoBxbLpFYbCsNhagXekRcrdJMuBXbDFV3dx9K2:12000000000000000000:OKDOT:CHECKMYTH
13XGSkW1HLAKzWZJV9k1VG1s2WiaU6apfzDKnDfgavZoehuA:12000000000000000000:OKDOT:CHECKMYTH
15pH1mFDk65mQYwgzcDmB3e57ae9kjHdVdkhn5TZ1Ljt5gQs:12000000000000000000:OKDOT:CHECKMYTH
154CR1n8pQMQAC4ZWEu8hExjaVkU7Ut5sBK7eyAqFq9Zy19t:12000000000000000000:OKDOT:CHECKMYTH
12Erq4kzNAYSkv6G4rn7mY33QrrSVgtFjsNaioZNe6nhFF3K:12000000000000000000:OKDOT:CHECKMYTH
14CJYxgL1tRWc7Su1gBC46D4GtDgEzbuJKHqJVV8azveXv9i:12000000000000000000:OKDOT:CHECKMYTH
12zZJaFUVUsavkrzvkHTduddX4JYUGarPLRfWZUcFVqvWAC3:12000000000000000000:OKDOT:CHECKMYTH
13itLqjXJ6QkuFnsybgshfG7DUWJqXEiwXbMgQt4ZdWcv2AZ:12000000000000000000:OKDOT:CHECKMYTH
14GQzSPqVRdC74mddyznThGTytNanYRCFwprMSQJ6qdcS346:12000000000000000000:OKDOT:CHECKMYTH
14ugw5t9gNFeQeYdTnB4WjuPwwoiyXhBi1QiCs5MyyatErPK:12000000000000000000:OKDOT:CHECKMYTH
14QXXyLsfgjQzQnaNDtUFAtnTc9mnCPfFSvojnd8Lw7DqFiD:12000000000000000000:OKDOT:CHECKMYTH
14vi11LzFnMy4HA7u68xFAR6eikCbgtMWNHfT2egnnQPjgX3:12000000000000000000:OKDOT:CHECKMYTH
16AnqBt1moBxzXWCkiHfNjqEpv3YxrFy8MU96Bu2BCCg1B12:12000000000000000000:OKDOT:CHECKMYTH
16CwA27ayVNZu3agSQsLeKTQj8PaxLEJPTXm1pn5x4VQxfAq:12000000000000000000:OKDOT:CHECKMYTH
16kAZY75Lyeqo2QdQRBzNrx8W516inQLrGHiSQwCYs4UkGvp:12000000000000000000:OKDOT:CHECKMYTH
15H2sw5evcXHQKDBMdmDbbYFgQV6qHWwTLHbSGmM8RHA9neg:12000000000000000000:OKDOT:CHECKMYTH
13Syo3rUXV7WRF7ZMVKzebHHc5hNpzH2MKbvcfhD5GjAFp2W:12000000000000000000:OKDOT:CHECKMYTH
16PfkCkguVJ2HP5cj3yMMaqH8ksXmcKjc5MNRV4qQGnkso5N:12000000000000000000:OKDOT:CHECKMYTH
12EWTZ8nKu6HNRhrSsWK872tqUncraa2nSysQmhk5StsefWb:12000000000000000000:OKDOT:CHECKMYTH
13uwsSmyit6k7Fp49zL818ybw9kB89WSrchXf3CEfdBobgzF:12000000000000000000:OKDOT:CHECKMYTH
1WcpEDd7yrdqHYWB7VBbApHQKyVzvb4Yj8KpUDLPKuCn952:12000000000000000000:OKDOT:CHECKMYTH
12wu8TfUu5p4fmULXo8k87zhBnTwqUobzPWYVjnheEAdZFe:12000000000000000000:OKDOT:CHECKMYTH
15e2jbsPb6r6FwWPBaZV9DkyGTQ4yPwL4rN8KcCERBAhQpjf:12000000000000000000:OKDOT:CHECKMYTH
14YfAJUajXj9icTZZeibaRn7BuQU2MrqCczxUFEkEKpwffYv:12000000000000000000:OKDOT:CHECKMYTH
14Fw83KFAWge3qGaA8JJFy12gWTo1FwqrmCGU7JP8gT4Yzrc:12000000000000000000:OKDOT:CHECKMYTH
16SLgCaeJTp7EgvyjkQtg2e979Y94Ju6e6aH7BF6oV441yxo:12000000000000000000:OKDOT:CHECKMYTH
13jE9ycQKCdn3JuYMNaqyZdGQFNvh9TDLcyBWWhCVSiq2Dwe:12000000000000000000:OKDOT:CHECKMYTH
13Gm4uyauUCdSywcLhFXWicYKmszMHJgka7Um6kUzY93rgdo:12000000000000000000:OKDOT:CHECKMYTH
1BmK7QFE6vvKnC2GSKP56FBadioCh7pWbq4pdVwdv3hySr3:12000000000000000000:OKDOT:CHECKMYTH
13aCZ6qVNvRN5emkYBJ2zunS5cZFbA2W3rXVfQ8tTJimZ1Wf:12000000000000000000:OKDOT:CHECKMYTH
12EqVhh5JkkyKkrAqHL5Qv1ywnrCHE9kwPbxgjYFiUgY6bQc:12000000000000000000:OKDOT:CHECKMYTH
15e6ewaqCvr3jkGYQhWkrgzom1z6GNJMpRJ7D488b8Yrfg2W:12000000000000000000:OKDOT:CHECKMYTH
13Hqz5DUqVjGhuiWvZn5ySTr68Tg38iVUD9iusBhi2dxxRuu:12000000000000000000:OKDOT:CHECKMYTH
15YPZBncA66uWapnJ9KsbaBqdqShUQTBHX87sJLjtpjmG223:12000000000000000000:OKDOT:CHECKMYTH
15LLAKiawe7tAxQoAwwNe2Tss9MjDySMfjjk2FNEhtgo4Sxw:12000000000000000000:OKDOT:CHECKMYTH
158UybZgLjxvSaTtxQhwSRTLzWcQV283vLiJtyhEpbwvkek5:12000000000000000000:OKDOT:CHECKMYTH
15QSHTJeZT2Nkzndhn5kysrnr2xJyaoTexRiAEE7aFGhGMp1:12000000000000000000:OKDOT:CHECKMYTH
12nXcQ6GHRgbJPcL7zrZzNUVECVvXhm9sh1CtGLqJE7Bj5RW:12000000000000000000:OKDOT:CHECKMYTH
15zjhpTH4N33P4jz8i7N9DJRrYEGYuCZx4MzCFkCwpfs3nKU:12000000000000000000:OKDOT:CHECKMYTH
13DF6Evn4cm2q7MAZytTFnTP3mzua3Zhd3GFpitceKDA8GzV:12000000000000000000:OKDOT:CHECKMYTH
14pnAeu5bqmrM6ewC1NJTYD7Pat9XdhoJVo78dQoDfuu1ZiD:12000000000000000000:OKDOT:CHECKMYTH
14Gfsu8WrnmHodVqXYfgMgdCDSxYLmpuMq4frA5gxUR7YWxE:12000000000000000000:OKDOT:CHECKMYTH
16562iJtTx2Uj27mGUUdgErStwxP3FQ2dikbWYdrzjcEFzrg:12000000000000000000:OKDOT:CHECKMYTH
14eNjhjPfxUoYP344JoqbyoPH77QZGTcyQQRbFBCWfEnSGCo:12000000000000000000:OKDOT:CHECKMYTH
128QEpf2qRN87Aae1i41WcotZeMbJ3xNGYcPqXoaEHfnjdcL:12000000000000000000:OKDOT:CHECKMYTH
12U8o62tmNv3yEtbHJsz7feGi7gFsNQsmk2u9ZXnq7SsQFfB:12000000000000000000:OKDOT:CHECKMYTH
15dpW2WBAiFiZ7K7LNhbgftqfhEd3TC4suiMjwbMj16Sh5P4:12000000000000000000:OKDOT:CHECKMYTH
158aw482Uwde3X4iwnT2EizWawsn5cWAe2e2FjpHPbkrsCXs:12000000000000000000:OKDOT:CHECKMYTH
16SrDztYa1q6k9LKXrh2X6BeoTf7nQeThK9BwiKjuNymEtVf:12000000000000000000:OKDOT:CHECKMYTH
14AWJdo6cLsuxY3nvMTcnvMgrnrkyM4GLKaJLenFNpyaYYpJ:12000000000000000000:OKDOT:CHECKMYTH
15WyfgQ7JBiPc9n97P4fbQiuUGrk9hkRVn5Ru9amvnaSWfBi:12000000000000000000:OKDOT:CHECKMYTH
16H8bdBowoVJv45nmqeTqVvZwxMo7djgZgKdEcfpMCkEs5is:12000000000000000000:OKDOT:CHECKMYTH
16nXSTd1oXZZdHkQdhhzkeoN6dJN24tQXAAQLE2njBXQjCSD:12000000000000000000:OKDOT:CHECKMYTH
1L1Zx9CG3xxfwoW61WRqx6TXoHW2nogabuyanNGtqJaFP4P:12000000000000000000:NEEDED:CHECKMYTH
13nZQWZwdE9GKL8BcaZ7FSEaRNdQKsVxkLBzSp9yuCuT7pK6:12000000000000000000:OKDOT:CHECKMYTH
14TaenHFkYQbgfvbGF6FU37mcuK2EndhnashMLHwTiNiNyRr:12000000000000000000:OKDOT:CHECKMYTH
1PkZZSnNbNKkRBmtYutBMKBGAJZeK3SR8hLUNVab5D5iXUU:12000000000000000000:OKDOT:CHECKMYTH
15JdoE4StsP5rgdRd3ecR6Vk1TbK8TJ9k45eacNtxy3DtffS:12000000000000000000:OKDOT:CHECKMYTH
12DVAVE9bu46PtjJuxk928wjCoEabiSP3pzTgRfSLiZmC6DX:12000000000000000000:OKDOT:CHECKMYTH
1Q19EgrRJ2ewMo6tYMrobAVxvMeKXiNuEe2V3yGt4QCsBMJ:12000000000000000000:OKDOT:CHECKMYTH
14vMr33MxhTwPTE3DuXSFtSFGecLX5oH2prLeL16wB5H9aAv:12000000000000000000:OKDOT:CHECKMYTH
16XrFxGttRQHUpGZhgt4K8TBs5bdAcx2EVXdSsdiC9AADGhQ:12000000000000000000:OKDOT:CHECKMYTH
12VJbmpAVSmEhapjXRpTsuLiKFyCMP6j2neMqUNQCFrtuBQR:12000000000000000000:OKDOT:CHECKMYTH
1MSvs3vhkKfVMPKL76JdhAqvHvHPXJxgX5PXXSZkG8CkE3P:12000000000000000000:OKDOT:CHECKMYTH
15rESAAf2dt3ZWhTwzV8Kt9gwhZ4mSLxPhgx3TQygQhhmtCG:12000000000000000000:OKDOT:CHECKMYTH
14gTLXw8AZQoBg3mYCc8n4xuLgqQL37gdt9zn14TnLprB1xh:12000000000000000000:OKDOT:CHECKMYTH
13Qqh55SFyBaLMqqbjZMw5EEaUXKBmxU3ucDtpCBUPWDj87b:12000000000000000000:OKDOT:CHECKMYTH
13BRS676JZHTFgvBr4MPwuRtjogJy7V1zFGxNwJpn8dVDCxJ:12000000000000000000:OKDOT:CHECKMYTH
13vNpQLH6xxuzSxpm7AgsaPJTfGRFTXQoS3VHjaHEFUjbgRy:12000000000000000000:OKDOT:CHECKMYTH
12m42tgPkKw3nDUh5gCwvkGaNBSfyYqwhHTUReyavuELqQFi:12000000000000000000:OKDOT:CHECKMYTH
152H5MG86g995fmS7FqqcXmCHZAxjjs9BENZtMwR1HUr4pMo:12000000000000000000:OKDOT:CHECKMYTH
127eZVhZpMNHZGRcB6JkwU5qAf4xT7zFJ6axsDe9UxnkBqQg:12000000000000000000:OKDOT:CHECKMYTH
12A1HLPUDoVmVGcXBDmPrvtvY3zKWtC6cixpubYeew5whFmD:12000000000000000000:OKDOT:CHECKMYTH
168SRAYeNjRccw78gG8JfREQMsBNL8VC1RjDmMwE1Kw8skvC:12000000000000000000:OKDOT:CHECKMYTH
13gM2gtXQPsNyurS421EujVtoLkRbNSiGD5gLq6QSJNZrXQY:12000000000000000000:NEEDED:CHECKMYTH
12VawFtDHoynCAM8n6SVBtSrHWwQAaPo8CLDRLFYUEtn8HuP:12000000000000000000:OKDOT:CHECKMYTH
1668NayW6cPBeGaN5UjKfJePcYU3KRgtp8S5AwL8fY9JpRBC:12000000000000000000:OKDOT:CHECKMYTH
15QdPps2ChhWZRuUhq7PYz23TWXGubqUYQSMuVJRFTBYc1Qq:12000000000000000000:OKDOT:CHECKMYTH
15C2YddJC4tdkvJ41kkqTy6F5Dktugt67wAxMi9nAFQQiEoi:12000000000000000000:OKDOT:CHECKMYTH
154xdzeZEjzYzfYUdW9jj6Pcovyg7Ggf69vRJTtXpFztqfBQ:12000000000000000000:OKDOT:CHECKMYTH
12qA2t6qN6n93BeoVS5UG8jyQmpwz9Kht9D7qhrGqSjvjqas:12000000000000000000:OKDOT:CHECKMYTH
143Hagq5txNV2insueaWR6dLyD5Pntkb4yi9MGGBB9sTBiDt:12000000000000000000:OKDOT:CHECKMYTH
16Q7rF9rL2pzVMtaCb74JNpZVfqJaJhMYABfD4riVG2kbNRU:12000000000000000000:OKDOT:CHECKMYTH
16dTCSBcgY8ykAGa8HNk6eAHwVSGxzD1cqJc8chTEKZKDC9d:12000000000000000000:OKDOT:CHECKMYTH
152eNNAxTEFEFVCrGsTD5wzUZFJrAZ3bZkkwDcBW6CZWdEJB:12000000000000000000:OKDOT:CHECKMYTH
14kxxbF3cbyTGs5eyyT6i1WpHsBDZaWzS1DVynhyomWBtjZA:12000000000000000000:OKDOT:CHECKMYTH
13TLvCJCNzkQMpP3uHFKBtd82JCT4b29wi3RtiV6AYVw4NrP:12000000000000000000:OKDOT:CHECKMYTH
16Ak5qk6NdxjE6YMqzVMjBJV8xdqsAU7AmQ5GtbPogfxdyZp:12000000000000000000:OKDOT:CHECKMYTH
158wH4roGzFT59vER8UPHpZSRb1j6YumFq3bpoV88wzKyp59:12000000000000000000:OKDOT:CHECKMYTH
15LdxbbXeJ2fXmsyBDKH11hVtDbMLWMNwBFA1jE2mGkx1gWL:12000000000000000000:OKDOT:CHECKMYTH
14bGNGtGB4V4ZP4qd9GR96cWyKrQ4ErXSD2346dadR6ZbikF:12000000000000000000:OKDOT:CHECKMYTH
14Bs7b6ctyUX9eYvoHh5BFW3R8KCx551ENmop4xMTMuapDRu:12000000000000000000:OKDOT:CHECKMYTH
14cRJXbiHmtLsY1CcusDcSjxwbc27VsaobWawnechZJPYB6d:12000000000000000000:OKDOT:CHECKMYTH
12Ng8C7ZKU4He3ZEVUK3hGQpDwNiSAKDQhxip2zrmuH7Hk7a:12000000000000000000:OKDOT:CHECKMYTH
15jK2djfFuu7XmwD2izPsc2yUCNnxzkY12UGEw3NVZrnG9mN:12000000000000000000:OKDOT:CHECKMYTH
1sjEKVvyG9iRTBeykwVqUKyV4V6TgYmsumncosxs2DqYzZN:12000000000000000000:OKDOT:CHECKMYTH
15izvjc9w9X5bDYCwEXCPU8e3z4YAiYpiymEdhx1Dh5RF89E:12000000000000000000:OKDOT:CHECKMYTH
16UvKi4HBBmdZi34w3PGuWCKHQLSZ5pTemM6zpWXVxu1gsj9:12000000000000000000:OKDOT:CHECKMYTH
15AAn2kK9GtGTFSYaYrWjNmMbTHa4YEXsSChjiNmK18R94Xh:12000000000000000000:OKDOT:CHECKMYTH
12xzBDXqk7bpNJtr9uCLcHfCpcL4bF27rYpTVKemPrFpcRNY:12000000000000000000:OKDOT:CHECKMYTH
165CsSYoDqgKkCQiFrPLtKRageixrSHwmHkjkFyeYa2ojFAQ:12000000000000000000:OKDOT:CHECKMYTH
1249dQ6bgsKtg7dgciyqph3U8To6y1FhT8aXnQ3Mr6TafYcv:12000000000000000000:OKDOT:CHECKMYTH
12M6cXWNQL5xrg197gAMBQCv2UyYEJpTQ8TJPMSCm8WiKHTK:12000000000000000000:NEEDED:CHECKMYTH
1AnB3vuJiSz3yKogoy7FJD1P3Fzd1tCz113XzdfoZWnomAm:12000000000000000000:OKDOT:CHECKMYTH
1SRbhSVepjTKNfNMxwVFR91qAMggB8yWk9vPqZKq3HDnRFr:12000000000000000000:OKDOT:CHECKMYTH
1zhfwpTYYyFExDQyfje3fbuS4tepMgyW3yZn4vc4gzCPmEs:12000000000000000000:OKDOT:CHECKMYTH
151gp3uMoqjwF3ZvQDFMtitUqh7rBEmDvzVZHDoVTDvS7cCE:12000000000000000000:OKDOT:CHECKMYTH
144QiTuxaBtmHBwJJmCjejNKzKmXjLEkJFmmC9iUug9sdzkY:12000000000000000000:OKDOT:CHECKMYTH
14QnM7yvjVHHhNMs6RUQrTpLXuT3CA2AsiFiheZu6AHEn3z:12000000000000000000:OKDOT:CHECKMYTH
12yLMfZFpZHf7mK2YmpskGPnS29ENjokGwLwRvB7X82NMTjs:12000000000000000000:OKDOT:CHECKMYTH
1gjUDnRJyZLBfvzHD2pz7iBpvQb67rQSQnKfrzhasA84efW:12000000000000000000:OKDOT:CHECKMYTH
15ytiNnCz7aB5YYLMT68omG1AbGseb2rgmfd13uVeibFp2m2:12000000000000000000:OKDOT:CHECKMYTH
12G3fCHEyXah8MqinFKea3hTCmHrzfFVqbKh7W1sReYbj2Ee:12000000000000000000:OKDOT:CHECKMYTH
1xFy6Co1YpXn526xSKTuuejxYuXrVQ9SQZuEQtsPthsL8TZ:12000000000000000000:OKDOT:CHECKMYTH
15ubvreb5sMyPHkkRc3DVzPJSDEirdmHfRuodM1Fg49EbS3Q:12000000000000000000:OKDOT:CHECKMYTH
16mcsitBjUsEsfJnknZtVGpckT98Tf4pHYgEftSAc6jcQ5Qi:12000000000000000000:OKDOT:CHECKMYTH
1619NsArE3JLU1xg7nCPUdFKWtGBCjoNpyuJTkufc4dbRrdy:12000000000000000000:OKDOT:CHECKMYTH
14eg1iMSxWqGSkV5S1VwcU9cgnbd1mMg3VUg8zB7QRdxEErv:12000000000000000000:OKDOT:CHECKMYTH
12UrhDdKbpS5CRKvUEsjJh78baRHZoXcnBeQ45MkpovmPjjt:12000000000000000000:OKDOT:CHECKMYTH
1624TssfujUbfgrhXogL2SHLa6mJ2sJXaEueZf61vWjqRgfw:12000000000000000000:OKDOT:CHECKMYTH
14Z9oFNCgF37yWWAXPcAeRYx3VFpvJU8FwX9twwV9PjEKxfa:12000000000000000000:OKDOT:CHECKMYTH
13HeiTzi4xnYePHL7bHwdAWaB7DXjZUbsjKPRRcExQpz3gZv:12000000000000000000:OKDOT:CHECKMYTH
15GocAeMgLGRSFrc2H3zEdoQob2hLLL9qGok8tVQp66yWpBt:12000000000000000000:OKDOT:CHECKMYTH
16H61iFtHGEh1jtMJXp6scGwKwH8K4Dw4UfUG14ULkSmDR3w:12000000000000000000:OKDOT:CHECKMYTH
1jPFUNprkx1sXq2bdL12vc7PWimwWyd17WY3qPZ4GwJB9iF:12000000000000000000:OKDOT:CHECKMYTH
13gwMyGLTqNzEZ6gRqq7Lq39MCGn4ZKGf8drNtj3Ex12F4Aw:12000000000000000000:OKDOT:CHECKMYTH
12go46V21S5QgMBP5pVU2UxZ4L2WtNMfZz5do2oCap5u5rfj:12000000000000000000:OKDOT:CHECKMYTH
16KUZgx1u67JV1vxftpFvYwvDdijP5rJVQAezrhiEZq8R3Vf:12000000000000000000:OKDOT:CHECKMYTH
154mD3uzDWdERMYrGPMpNebCNRi1RxBBj7e15EDBz3p9QbMe:12000000000000000000:OKDOT:CHECKMYTH
15GS4qxmPHNQJfWPicb5pZNMwTEoECQxRdhUZgk13hQjUXbj:12000000000000000000:OKDOT:CHECKMYTH
1tCuSLNsuoQYtwiJw3YuEj44KcpFMSAmpuxoyRsbS9D32RW:12000000000000000000:OKDOT:CHECKMYTH
12JC6aTApqWioyAZj7zZXi23pri2fc2iJ4zqwQNaJYTvdxnV:12000000000000000000:OKDOT:CHECKMYTH
14zUVU85vU18r1sLAg6Z63bX5SG2cwHMxjvNDipj8Dq5W51V:12000000000000000000:OKDOT:CHECKMYTH
15sJpNrf5ZBPuu9gQbEx55ucfKLxhk7E2BsT1BY9WQzHRTnj:12000000000000000000:OKDOT:CHECKMYTH
1jpgA1ieQ4t3ohUcgJ4JNnUW3jbZE1BBpMxkhg65CYhTjnY:12000000000000000000:OKDOT:CHECKMYTH
16jYBt18jUHdtZhP1LWbjuFZTFe1fdTyCshdSBFqHXRFbyGV:12000000000000000000:OKDOT:CHECKMYTH
16YsFPVfSxKxdBZH4eZEGXju56mRrX9yKm5ZLEf6oii5uUru:12000000000000000000:OKDOT:CHECKMYTH
14vB8wxBnAex6jY6mxewsJYkeDJ86DwCM7FiePn1mWQXvaaJ:12000000000000000000:OKDOT:CHECKMYTH
1PYz1LxGFrgu9iQWCMfCSwS9FPcSNTwXa6X1Cm84YxkT4NL:12000000000000000000:OKDOT:CHECKMYTH
13kzsGQZ8wh7T4X96h2pEPqij92k8svE6ytWdno5CctJ9NmP:12000000000000000000:OKDOT:CHECKMYTH
15JkQHV3y1XbvhgVdzqUsq1ZxScHSXLDWyNUKrtFmANLCrQD:12000000000000000000:OKDOT:CHECKMYTH
1TvrAoLoRGyLTYNtNBgqmMbnQXvRbocNYDuyw5iSRMwEZCL:12000000000000000000:OKDOT:CHECKMYTH
15YEf7MTWTQzPbeHJKRj5X4SaomDZPqkgiZ48CnTbR5UCsBD:12000000000000000000:OKDOT:CHECKMYTH
13SDKfihUhXWnBRG4K3CMk1ta7QUMJVKXcXgmjwEYiFD2wZ9:12000000000000000000:OKDOT:CHECKMYTH
12oQL7eu3UgcE4EwufND8nAEqSxcqFa9FfqPpFHcLQ2dW3ew:12000000000000000000:OKDOT:CHECKMYTH
168bH3xp9EY77wEwhQkG3mZgPBPEtCzAj7mihrzhkW4mzDtm:12000000000000000000:OKDOT:CHECKMYTH
1338tat9uMmpoVWaKRnShjaPU6AvyRFANX2dmERKrMTDLeRZ:12000000000000000000:OKDOT:CHECKMYTH
12jPnUvJecN4rDS7yyz1ZFR1A5P7LXCG2UCcKmL73iLX1duy:12000000000000000000:OKDOT:CHECKMYTH
16UE6zWNUh8rbETQs6KSzagN9foybhSzQ2ZgGQ94bsUZqhVW:12000000000000000000:OKDOT:CHECKMYTH
15zUmBGy8qL4ztu1vycu2FFPbvNAdm1UxRcAcY7ptsbfeHpZ:12000000000000000000:OKDOT:CHECKMYTH
12Fh7kaJbY8yU1wt59JJcqgTsaw6i89151UAj9Lp57TZHZKr:12000000000000000000:OKDOT:CHECKMYTH
12XBr4NdymbMLaUGUFJmZnfsqymdG7kNo6M8Q2q4gVaTTvge:12000000000000000000:OKDOT:CHECKMYTH
1J6X84cGdMNaPF3fh3FmjR587F2xCyLkQRJtLLDxX9oACkL:12000000000000000000:OKDOT:CHECKMYTH
19PTvTd8TDtfeJT6FHm7qSEW9Ug9BWvPHr65zpJ4UmQsif5:12000000000000000000:OKDOT:CHECKMYTH
14gLJ84jR6coabLxigBve1M4u6ihi1Wc7g9FnUDR8EkzT2Py:12000000000000000000:OKDOT:CHECKMYTH
1beP3a5r4t421w9z1xgXUuQ4TbomJeJniCh62eg3mj7q7x7:12000000000000000000:OKDOT:CHECKMYTH
13LfsjPMPecT3Uay8i4FKfgZ4hBiUTfYESUbLBqBbz3Km7HC:12000000000000000000:OKDOT:CHECKMYTH
1bW6JZN3fJ99Tm4pY81zhbigvUoLgXfsdQDxWHcQMUyBJ11:12000000000000000000:OKDOT:CHECKMYTH
12ntRPmH2Ld8gFUBvcWZNif9VU13wRZSA5whYhSYud7Tpxkh:12000000000000000000:OKDOT:CHECKMYTH
13JPJ7L8s1CxgdjiRDvNFVWFQ4Hm669gc5Li9R6rqM1aNuAd:12000000000000000000:OKDOT:CHECKMYTH
167bmWPqAkaYSAgMi51oM9ByNsKTzCPkxRswWK8gZg7JAzWD:12000000000000000000:OKDOT:CHECKMYTH
156Bpt4U4xP6tfPRitEsrBU5PLmNPYWzA4QWosyQFWXBPQcN:12000000000000000000:OKDOT:CHECKMYTH
16FfYEX7PgbsbyJ1CwpMpw4ePP812nL8Q8v2PezWTrL2RnDA:12000000000000000000:OKDOT:CHECKMYTH
12CL64mf3LySxpn7pGetQj2jhXSuNNut1qrdyierFD3b3N2x:12000000000000000000:OKDOT:CHECKMYTH
1H8RRre6ZzvUR2vurpfDV9YhAHyxV4HYzMVvRgDx96kpfU9:12000000000000000000:OKDOT:CHECKMYTH
12xWXLWJYFESbULyWE7Q4Ja5fyrhCpiMj1Q8r1SCi739uB3C:12000000000000000000:OKDOT:CHECKMYTH
1hSt13nJ7BQHuDQkUvouZMHMZWsMfrVAw7wEUePPgSrc2dh:12000000000000000000:OKDOT:CHECKMYTH
14csWi4y2FdRL27HUQshG8v8UZM4qCYLSXEVSThVvDPNHDDZ:12000000000000000000:OKDOT:CHECKMYTH
14NxAgkEbMhQXftq1TU1GEcUP9srjfxQxDxwNNcfdAZHJakC:12000000000000000000:OKDOT:CHECKMYTH
15gfTh19qH54kzVNTXB9a8vvhAkkJXgoeKKt2ipfauiad2Qr:12000000000000000000:OKDOT:CHECKMYTH
12RfB6L5RhdwZbwTpbVxphhPnwS9akTMnDRvnSXunucZVdHk:12000000000000000000:OKDOT:CHECKMYTH
13rE5SFhjNWKovYuJQkaftu3J4Za6aEc59ZjDhnHPTLjTCpR:12000000000000000000:OKDOT:CHECKMYTH
163yPzkguBkGuUAB8EHQn5j8vfEd4FjkbWZmwfz1ZHYWHKPq:12000000000000000000:OKDOT:CHECKMYTH
13uDbcqniC8n6mzsc5yURsg9dYKndWeUobqgkzvBe4triZBy:12000000000000000000:OKDOT:CHECKMYTH
15VHUCJ38nHeptkS7w8tCHpesHTSaRvc57Nsb5gisqRouMUN:12000000000000000000:OKDOT:CHECKMYTH
1PoZhNMvVjRNquoZfjwU1eLCtFUBZDbwmUUnEFQVEfWmbvS:12000000000000000000:OKDOT:CHECKMYTH
14ZV5sKUNMr47Z6WAJ3fazpC3RC8obbtHrri6vQo2ushaKgi:12000000000000000000:OKDOT:CHECKMYTH
15GoScKEktPADboL5RJsWXhL6aVsqT8ZTQhHHW2XybfhvScW:12000000000000000000:OKDOT:CHECKMYTH
15dEfyEHtyCgrHSCqAcjmDpsAS15TYrnTgf3cMdmtZGfbPWj:12000000000000000000:OKDOT:CHECKMYTH
16WQbTVzktkWz7VQbipRwxBA545DEEv77nZkP7DEZ2CLzE3s:12000000000000000000:OKDOT:CHECKMYTH
12S6SBKAs2Cc49DX2ySdsy4oD37yd5LnPY1Y7jWouxZvBCo8:12000000000000000000:OKDOT:CHECKMYTH
12sy3SXdiivBsv5q3FB4oib75GzNG5u4ttnHkft6jPJ7vbfu:12000000000000000000:OKDOT:CHECKMYTH
16XG5sa5MQim2uisiLYzWqrzjD7XMi2Wm8dfQAYncctvZGkz:12000000000000000000:OKDOT:CHECKMYTH
14g948DxVGUm3vsgoqDfhx86eEeGjw3NyTi9Uva3W6Evpfm2:12000000000000000000:OKDOT:CHECKMYTH
14zBF2NY4BGhYNVjoDbx5Vfs8gnjZNw7nwMYmx4vrbb8a3Jv:12000000000000000000:OKDOT:CHECKMYTH
12wTr9vrMjz3ERBqHF63Hj9qD9uZktwjvYXt6rSKNdYN7mq7:12000000000000000000:OKDOT:CHECKMYTH
149jF2y9RMfA8jzTnhWvA6e8tYR9yhwxX6sa1bbfVeEB1FmM:12000000000000000000:OKDOT:CHECKMYTH
13Ck9B5vvWriHgEutznhUXZsiGcgyu7YFubgwezZr3pPc2px:12000000000000000000:OKDOT:CHECKMYTH
14qcx1j2Yo3WjBYawazXsR3k3PGvvBKz1A1kgYtXEH2KyDNi:12000000000000000000:OKDOT:CHECKMYTH
135zaRgDy6qXxdUrVm1xcctcF2YNiSH4BTACVUkGR7zyjHh8:12000000000000000000:OKDOT:CHECKMYTH
13kaFiJsjiHtBPGsRSxXSyCvyFqVT4rQ8ng8NsftMd31p83L:12000000000000000000:OKDOT:CHECKMYTH
13zhKLV6R4t3N2RQysAX7NwfsBkHvPcMPKjf5gJb7rzsNoRr:12000000000000000000:OKDOT:CHECKMYTH
12NvghQJs6vhoNze2BTWduJwHSwuEvVZxJMiXjd7ozg9RuHD:12000000000000000000:OKDOT:CHECKMYTH
1635ukJ1ZWsi9qPbwJimkYYqNm84fJ4Tfy9wdCLBzWrR9TcD:12000000000000000000:OKDOT:CHECKMYTH
14PHc5xhBPzNcRrekocGrstuz1uwjHbuSP3zCP8P1kmz1drR:12000000000000000000:OKDOT:CHECKMYTH
12ZiunPDHSHGA7AFwiTMHmXZwjth89fLNfk3ie5Ttk223itj:12000000000000000000:OKDOT:CHECKMYTH
15CASiHcnmW4D625X54g6mtM3Q6wmwZmzapZNpeVSJEKz3Kf:12000000000000000000:OKDOT:CHECKMYTH
16JyzmhSE5yDaEC1w9dmqWZTade9w3ztte4ncQwTLxptVcaT:12000000000000000000:OKDOT:CHECKMYTH
134UnrBywYwSsghujvatMqjuYEiPxPaCVTUckFRF2xEuv8Pv:12000000000000000000:OKDOT:CHECKMYTH
12atqrduLTgZgJCSJDkHki36Ut8me1bCAj65WMBuAiZ5oddp:12000000000000000000:OKDOT:CHECKMYTH
14KEBtAn4yHEHH8GdQRFceCothGpYaqeDj1XYBfobjeWgiim:12000000000000000000:OKDOT:CHECKMYTH
138SPPs5gjYizm2T7swJrKfBosDp6Dnn9im8ZFehzT6MwQxX:12000000000000000000:OKDOT:CHECKMYTH
1YVsZuxXywYCeKbSQQe29h1vLZURRTcr5GBYznpWU7rMtDV:12000000000000000000:OKDOT:CHECKMYTH
1QfX3ZGkSVQayN7uyoGD4GkgBTTxfR8Z9DuKepzehpdrbjG:12000000000000000000:OKDOT:CHECKMYTH
16P7SUJQtoTNfb16bF6xbbHM6aMrSkb19YKraHY76B4DWeqh:12000000000000000000:OKDOT:CHECKMYTH
15YhKes1tnSEsEV48fLV2NwHbb5oF8trZTZXXiSuixn4xyNK:12000000000000000000:OKDOT:CHECKMYTH
16WTFcsZcSt1CUexjNPeroCBkun3gDpLbFx9xe3jdoYAsDnk:12000000000000000000:OKDOT:CHECKMYTH
1qcsiyRB2STTn3trbDiyasw9fLxkwGHExuAPq3xLJB76Tvb:12000000000000000000:OKDOT:CHECKMYTH
14F25TC5gyh7nS4TXoBDip3jf8d2CUvFvVyzUrwPGMZVVDak:12000000000000000000:OKDOT:CHECKMYTH
16bJFeWpFuu3YYYX7SETj5vxhCAmvoMExAMuWH4LRxjsZ3Rv:12000000000000000000:OKDOT:CHECKMYTH
15REd9QyzRBn7XHuRrf5xQN8kXX51CEwTeGW418g2zNJZYNQ:12000000000000000000:OKDOT:CHECKMYTH
13Gaas2RNagRtWJLfGnE35kGR2pfYKXef7Pwg18crGoC3zHt:12000000000000000000:OKDOT:CHECKMYTH
13S9jrK8YriphWUdJxfsmyRcpfHYdokrUXPyahhVphHoKteT:12000000000000000000:OKDOT:CHECKMYTH
128iQVhJksGiq6wos7zed7CyJNDjZxvfgBW5mjCtZB5HNJJT:12000000000000000000:OKDOT:CHECKMYTH
14KSMj1zmGq11L4wVMbXRroJ9axYfn7C9N6YU2vhhk39bk2D:12000000000000000000:OKDOT:CHECKMYTH
16DF48HouRu6w9yrp3A66HeZZegnWDnpVnKkqvdrZ4yyykw6:12000000000000000000:OKDOT:CHECKMYTH
1LCY3F5ghh4RAcrPRiJaFM84wCNZuCi7K39Q3ApcFDTMh1c:12000000000000000000:OKDOT:CHECKMYTH
1jU5CazzgqJKCosRFH43whfzz6fbGnrAKXJMhMbCEBs9kAj:12000000000000000000:OKDOT:CHECKMYTH
1bnGMZFtdmAcysBGhfziFJj9jZ13amfJggQ12V1qVMoTWzg:12000000000000000000:OKDOT:CHECKMYTH
15PE6fN7sRK8FNsBGrkUnC3dJ1GT6RDc9mshts5DMM2eGLim:12000000000000000000:OKDOT:CHECKMYTH
14qXi5iqGN3ZirtAHAURjdXxArXJDwi1SfhvpQQQwCqZuuAg:12000000000000000000:OKDOT:CHECKMYTH
14NetCheTXcoX4SyJipMeQf4KQzy81CMeeUHKdDUAGs1Mf4P:12000000000000000000:OKDOT:CHECKMYTH
14bFN5hUC1Ts7fHoPXk5sG6aJH4yNKbZM6Frp7m18JERUoLo:12000000000000000000:OKDOT:CHECKMYTH
18uzidAi6AUiqG8mK7TsVaHzw8r5iF6mBC6MEsZnsJWwGtz:12000000000000000000:OKDOT:CHECKMYTH
1683vYzK7hpV7LpHoAAUhbvuM6ZMLhk2DNrTQecbLGCPchE:12000000000000000000:OKDOT:CHECKMYTH
16PrQ4VqNn7JuYjqoRUQE5aMRUQq58j27z8LKGAugMD3k4JJ:12000000000000000000:OKDOT:CHECKMYTH
15bS7DyQfTBt3QJoAyE9cFJbvx8wmCkotHCUU8taG2Kx5dg5:12000000000000000000:OKDOT:CHECKMYTH
1wSH5Rs3rUBKaTb46d1JkkCRPBoRb8xes9r96KMstUUK3Zx:12000000000000000000:NEEDED:CHECKMYTH
15FWZqLsyNYCHqiMBptqg8X8rEjmotAMDDfKzN2HFpJGH2x8:12000000000000000000:OKDOT:CHECKMYTH
152D9efFf2pwvUT8Xr8F2PdFHreKG2BXmHSVqJC2HsxQ1eTL:12000000000000000000:OKDOT:CHECKMYTH
16UDrQi6pBpe3PSa1w3kyjbggNz9Bgkg6J4Qjg7Si4MLXHEW:12000000000000000000:OKDOT:CHECKMYTH
15QYQg97S3BWcwCeqTa8pY52ujoFcT4bE6PkMaQAQBCPDG6:12000000000000000000:OKDOT:CHECKMYTH
15C6KpWLGJ64giP3dZgpXGVCovrKYE6XjmWnNAhwPBxrVoE7:12000000000000000000:OKDOT:CHECKMYTH
14GrL2kouevyPYq6WSakDuGhuy2zSdkV6qZfwskQSsrwU1Gi:12000000000000000000:OKDOT:CHECKMYTH
16LYuyY5c9maw4g1y2poDjZbVUrqm49CQm5icEH5ssJ7cKwn:12000000000000000000:OKDOT:CHECKMYTH
15jHhoyp47yiMP4pfrEq1otF7kjEcewxPyKgUpkTAR6Fz6gZ:12000000000000000000:OKDOT:CHECKMYTH
15asbtWzF6Svm77Qy9YMgZesSKGX3sbYvPNM135Jv4jryA76:12000000000000000000:OKDOT:CHECKMYTH
16gpNewzEcdnjci9hoSmTpsDnkhS1mrk92t8hd6Q9E32QiWa:12000000000000000000:OKDOT:CHECKMYTH
16hzQLPfbxe8eeSu2n78zXaahWqTEnoBMoyxTHsqjLerVfmt:12000000000000000000:OKDOT:CHECKMYTH
12rhsANmLTSkgae32AWUQApbmNz33josENLY1H9tCLQimjYL:12000000000000000000:OKDOT:CHECKMYTH
1678EZgM2tMzJrPqP5pisfJRVbP98t1udqoNbHGZc9cB9bmL:12000000000000000000:OKDOT:CHECKMYTH
12LTKDK4QW12jkVg6F3BtbmcDnHVBWt1LjofxCfjgwZSNMjg:12000000000000000000:OKDOT:CHECKMYTH
15vvMdvwdKKX8RdL6Zghv7aJBi8KDLtyhUnEqwX22hAQPfPU:12000000000000000000:OKDOT:CHECKMYTH
16SgKzmdFNYqjV9m41tw5x7BXHCQssBojPZFwYJxCk6Arqw9:12000000000000000000:OKDOT:CHECKMYTH
14r9Fqi5piayEAhR88d8Ye3KzANCiF9aAQ5ZzdpuxFsJfuaZ:12000000000000000000:OKDOT:CHECKMYTH
149wGCujMcWYhh5P4SiwXuXsfvzrHQ17AbgKkY5Soa28qbH:12000000000000000000:OKDOT:CHECKMYTH
12HtkcRhHZPkBRVg5aWZ2qttKq8zNbDreLWUNpfYNsrpQzSn:12000000000000000000:OKDOT:CHECKMYTH
1BzZjH4YTcnCQAtEmQot2jidFuf9sukSiyzBdaFP3Sartis:12000000000000000000:OKDOT:CHECKMYTH
15ifp5wQ78yFku6vEd2dXGgSEmu3nvu6KxNuw2P82MPsWMu2:12000000000000000000:OKDOT:CHECKMYTH
1PewcN3heY9ZFZo645TrzNohdmzMGUKDsLQcLHrvxB22eVM:12000000000000000000:OKDOT:CHECKMYTH
12QKyLsYEVaGsk1KaE1Ket6J6YW1r8cbzkfxc97EskVwTgC2:12000000000000000000:OKDOT:CHECKMYTH
16iA3Sqzpc7Rp4q8BnPueCA2DEaCjG7RW3J6aABEb6Nk3Laj:12000000000000000000:OKDOT:CHECKMYTH
126i7bSLuXAV52P9P7BuEdw9SZk2R923H5UAmiX4bNrLgTmo:12000000000000000000:NEEDED:CHECKMYTH
1LD3u2FkzPKYDjF3XgqMBVXio4ApNFL5B5jepAtNin4CCBx:12000000000000000000:OKDOT:CHECKMYTH
14bW3ZtsCHsv1Wvd2PJuTsCxSD3uXXHUysTxvMJJyWfnLtJi:12000000000000000000:OKDOT:CHECKMYTH
15p554EjrYWnKWEkETKvm2FgZv2zWff9DsbD7iipDQvU63a:12000000000000000000:OKDOT:CHECKMYTH
1FJze9BUzan5PEkAiY4ZfZ8rmxvTCU7svWZxXidsj2Ky1i8:12000000000000000000:OKDOT:CHECKMYTH
1bY9VkeMoQWod2CDLVJjfg5BiT7E2whJavBBZqCLU1Wdvyj:12000000000000000000:OKDOT:CHECKMYTH
16eBZNvq55xxQTLsUp8omYHi9Qej3io8MimLCS5aQ8tpSGoV:12000000000000000000:OKDOT:CHECKMYTH
14Ks8qRdrzVNgHTvCc6WFRcFq2DxaT2qVp7XPy5n1dYjQ7AE:12000000000000000000:OKDOT:CHECKMYTH
127U1Fn9qYTNreQJPNHnvH6oTPWAVPDDfaTvrrnctQ8xkp3W:12000000000000000000:OKDOT:CHECKMYTH
12ezbZpNGSZz7WqG2vZWDEdNt3WBE8DwmZKegqiW3LqjGCjW:12000000000000000000:OKDOT:CHECKMYTH
12nVswmkirmax55tQ1NvLua73khUo5BpAjuGxpfD2wcm48eS:12000000000000000000:OKDOT:CHECKMYTH
14sKmaUydRQ9z9CVdmkAUsSR8Ne2jv8xdhPMToZPECdQb8uN:12000000000000000000:OKDOT:CHECKMYTH
12ifn3ia13e7SfU484Kh8yhA2bkvo4nHNbU9E79XpD2NyScd:12000000000000000000:OKDOT:CHECKMYTH
1358WiyHn2pfUQ9te6LQgwxDyiHazJyXCJ6TvbpCrKG4f9VF:12000000000000000000:OKDOT:CHECKMYTH
148PyTt22i6ZtZTcjBNeMwwhvpgE1P7KdhGKaAYE2mFVr4SQ:12000000000000000000:OKDOT:CHECKMYTH
1Cg8PA5jSCRGSpHdyybcx53kAHzfrc3jMdGUGv2hGyspvdX:12000000000000000000:OKDOT:CHECKMYTH
12PTRTjhhDy62seSm6XZsNiFmRMMTFgQaPhet8pBUk8vEsCg:12000000000000000000:OKDOT:CHECKMYTH
1veL7aHUJmZviWNvinjUT56AsuqzKzrurkJXtJP31EDJZhS:12000000000000000000:OKDOT:CHECKMYTH
13N7iS3Ymnxdr6YjvRU9xhDv1JmC2zfqSLjYBKBfDPmZensq:12000000000000000000:OKDOT:CHECKMYTH
14kexKy2AkXV2KzNgj2PRqatgUUJ2XP4bL5ra1pwPfKKuPeK:12000000000000000000:OKDOT:CHECKMYTH
15igrzUWEbycKA63FXoeQ2MLGN6knWtijSKPR2Yp2zv8ShHM:12000000000000000000:OKDOT:CHECKMYTH
15Z51LNtCuzWnPnnTcZn7GriD5CSyghctnrbhbo6D8ZK4tNh:12000000000000000000:OKDOT:CHECKMYTH
13ZJEjX8KwdmmqtSUrMK1CJrwqxzET4rUsBcNpWiZZcxRRp2:12000000000000000000:OKDOT:CHECKMYTH
14mTwswkjMkTxQz7L5nSPESzsHJKkct13VU2PZYSp5kWqmQQ:12000000000000000000:OKDOT:CHECKMYTH
15pJGtLmX4PddDzhFUh923yLnV6Se6iMDZBdTGsWg9e9YRjg:12000000000000000000:OKDOT:CHECKMYTH
16W4w6KypfPPmyvVSiHdfFmuhbR6PDqLRQNvqodqj24y5QPj:12000000000000000000:OKDOT:CHECKMYTH
12r9qTy7Us49eGZdzCLoeUXTXLg7UzqidbLxxtkcgfkGspbp:12000000000000000000:OKDOT:CHECKMYTH
155Bg22cagqtfwBpM3MrSKqQuoY35HXUPeQJi3VQxcR4C4gd:12000000000000000000:OKDOT:CHECKMYTH
13A1m4nFcsteHYdfY3aUWimuKshJYb5PnxPD2gqkusN8XBTx:12000000000000000000:OKDOT:CHECKMYTH
16nB8YVNfXuo9hmsMvrFuJUjjMUNVK69u6ANj4isBA9mHFoe:12000000000000000000:OKDOT:CHECKMYTH
15mQAfauuUBmssFfd7FGqipRCsnL2iDQSXpia5kKUAbRX8ot:12000000000000000000:OKDOT:CHECKMYTH
13YX5u8WiC5e3AuwZ6Mor4dppnb7fQSms4M5BtJ2yzRQYdku:12000000000000000000:OKDOT:CHECKMYTH
1554ma8UnQ9Q5EcZnc82MVMmGpzZvKyxiotKaf5RnvDDkhd5:12000000000000000000:OKDOT:CHECKMYTH
13dCtq2bzZC945JxVNqNBucfMRJ5r23yEZkzEYJM1zJ8ehxj:12000000000000000000:OKDOT:CHECKMYTH
13cvzTXXYDLBKt3xE6LcWNs7fMLDzakFZAFekfKBUtyFn4fc:12000000000000000000:OKDOT:CHECKMYTH
13SPnRtHDZN9YLcBRFQssgVbmmgSsWFvPta2Eb1kd2bhWHKb:12000000000000000000:OKDOT:CHECKMYTH
16HTwjJDQec3pbn2uejixqwsVxj1yrgGg57QSA5gThLdFcNs:12000000000000000000:OKDOT:CHECKMYTH
13sSQYQiZL7NH2nNAYtbwne4vaw1bToRHpNzEUwD4EGULCJR:12000000000000000000:OKDOT:CHECKMYTH
14H5KTsuxGFsj1cazaVo6NPxpnmj7goHWN78sDusNv96ZcTh:12000000000000000000:OKDOT:CHECKMYTH
152MWnrQg5DtigKx1GTbbwFJaVa4i16tB5tcKFPqDScQyxEL:12000000000000000000:OKDOT:CHECKMYTH
12YrMG6ssfLTE3CbZPDwkVsCVtFAdUd8AEfcGNEx1JsKdR9D:12000000000000000000:OKDOT:CHECKMYTH
1sRYfygoLho1EfMXcjoERkd41FqHfgrFyhXU4maztdeAwEc:12000000000000000000:OKDOT:CHECKMYTH
15z7TMSWJyCkZx5SoUvzGr9uAZSVQZQ49YLpCWC9NAUkcQ8X:12000000000000000000:OKDOT:CHECKMYTH
1Mh66MiBoc9PY24kit7QoxaLeox7YFbiSVso14FxK8YGeX1:12000000000000000000:OKDOT:CHECKMYTH
13oZRNMBC73rNQUyNeNc1wsAsyirx7eBEsapo9BL2tGtviFt:12000000000000000000:OKDOT:CHECKMYTH
13nvDC4faHwQmzoFVLNbvxUy32mrASXdPiwFuVrz4S3a3SfU:12000000000000000000:OKDOT:CHECKMYTH
11W96wbUiFoVcDuzerkeSfV2er69wukGYSfWGRUTNEzt8ws:12000000000000000000:OKDOT:CHECKMYTH
15tDQMJ3gkvgEgs53E8XRZt9dLJXgMJiVTHeZS5BmUeUMoeD:12000000000000000000:OKDOT:CHECKMYTH
146stY1jqTFKg4BHS9NvauZtx6aPuR5VZGA76XrxHcRNi1c5:12000000000000000000:OKDOT:CHECKMYTH
12mnX8NGDohS4HoncPMw8Pvtz52qsVUQNe7wxw3uYJgxqVhg:12000000000000000000:OKDOT:CHECKMYTH
1MbCYaj8wJBeE5dhdMjJCbhUkb9Yh8D3QW3q4cEGJoH7cpL:12000000000000000000:OKDOT:CHECKMYTH
13ZxvymjMZh876VWasVSB84PJkqBiTk4fazqXVjiWLaNCMfp:12000000000000000000:OKDOT:CHECKMYTH
14H46y7kN7M1UkYjsSRMVmN1FXeWpKqueyGJvGNGQZJqZrNZ:12000000000000000000:OKDOT:CHECKMYTH
14LSEEqjb1y2ZnJ9sV9AU76q7qrTNzUYCK3mGFVRKiRYsjbr:12000000000000000000:OKDOT:CHECKMYTH
1KQXoE5aFgaxAWa6RQHQtmjFBKYATaga4eHzbhig5ZQowEp:12000000000000000000:OKDOT:CHECKMYTH
14RFJqAejtd6ddsNEtGTBmkfaNYWoAVMVxJnTwZ9fnxWzWU1:12000000000000000000:OKDOT:CHECKMYTH
16BLnyhbsLtYHXBZZdJA3y5HbtJhRKxuur9Z3e9NemuCovbf:12000000000000000000:OKDOT:CHECKMYTH
1j1StQVKsE8dcG6XfSj6NqeqiyYJ74vqTcVDfNMqqrSFhHx:12000000000000000000:OKDOT:CHECKMYTH
122xVMuGqfgAav31sMhmg8UfgRyTgHNXLr1TMTGffmRuA1fA:12000000000000000000:OKDOT:CHECKMYTH
15RjKHtUxE8CLE7gpa1iqhMdbPYi8KkwC3jDQpdjURM51mxM:12000000000000000000:OKDOT:CHECKMYTH
14nx4XbmeStUhA15bXTdFS841cYf2ih7P8syF1ZyuN4mv94Z:12000000000000000000:OKDOT:CHECKMYTH
15o6AgCKuBH7kFTsiQsDN37qcj2BjsEgxju7Kk8bAseensca:12000000000000000000:OKDOT:CHECKMYTH
12mKNwxLzxAJcyEdK7hZ6KxJADEQde1fHPdzJK3DsrAbxt8B:12000000000000000000:OKDOT:CHECKMYTH
1591pjENFhWi9nGadVJL7paTHmNuy8pp6cw1xqKoUWHPoY7q:12000000000000000000:OKDOT:CHECKMYTH
1bMfaX9WPs1ndSYUqfhhELNVZKQwsStjM13LMLBB3tVc2Qi:12000000000000000000:OKDOT:CHECKMYTH
13Xfjn16t46yS9yjW4TAhvU1WVYeVrCbgddsfiGfHE4MCbEn:12000000000000000000:OKDOT:CHECKMYTH
13QdHQpAT9Rnezd6qaCXkiTxdZGwNuXnN9UeJ43R9pfti3EM:12000000000000000000:OKDOT:CHECKMYTH
13mLPpUcZoeN8HX59q6Pt5Ec8RqD4K4YkKLtYV2YTiNoeUBc:12000000000000000000:OKDOT:CHECKMYTH
14PhPMsGeDfpVhctJpovYHRxt95EEgcJVzpiVJ7PH971a48w:12000000000000000000:OKDOT:CHECKMYTH
12oRWWsw745RgaCxonqTQiMhEZEhRFWrLHdV9UZLZjP3tM5R:12000000000000000000:OKDOT:CHECKMYTH
14EXmHkXKXKcWUdXuhq3eo2upgdVbuP7EYYM4HPdGXbM6zDq:12000000000000000000:OKDOT:CHECKMYTH
1w5Xv1mbt5biaPCyQRbQ6q7cTLR4e9UDUPyNQTyEnKHXj4C:12000000000000000000:OKDOT:CHECKMYTH
12n1KyjcBLyxpZ4keEQp8ATR2ZNXGS16qzLcfHxER4A6n2nS:12000000000000000000:OKDOT:CHECKMYTH
14TX66L2XcnaYuaLLHBBYeXdWmLeRYTMLeG7U3KGLubiiAqh:12000000000000000000:OKDOT:CHECKMYTH
129xnjcUvMcgD2zMJkkjVBSKLkraYLK9W4L76hxohDLpfF3H:12000000000000000000:OKDOT:CHECKMYTH
16R7ncttzENqtdgKYpZ6YBRNccEfBjU1sa4KQqP7ZUHEysta:12000000000000000000:OKDOT:CHECKMYTH
15HBwFEwz3GcS8UsqijRdTMZP65EFvTWZZndxcz91yAB6arw:12000000000000000000:OKDOT:CHECKMYTH
14VeWp5cYtkdgPhyWx7FAwhXpkthModnL2iABt7pLjFjBBZM:12000000000000000000:OKDOT:CHECKMYTH
13n59Ev5aLe1VuAUpHVaqR9tCXhR5VJob7KpEawvWP2ZJVH8:12000000000000000000:OKDOT:CHECKMYTH
16nCw8LZTaAucM2eroHy5x2C1tfoq7FeoJh3Eb1or8oqeSRf:12000000000000000000:OKDOT:CHECKMYTH
12CwDTbDS8cuNDq2wyRpLnhLc8mgzpNSn1spiZhsq1mpxVjW:12000000000000000000:OKDOT:CHECKMYTH
15sxmsawHf4wfujWtJHLoyj4cEFaDRmUKBkdZMekVxziZnMu:12000000000000000000:OKDOT:CHECKMYTH
1do5WzzYu1mwkfkFneAaF9MB9rJZDpz7RziTDPP8LuekfXc:12000000000000000000:OKDOT:CHECKMYTH
12oPmgYexzyrxxAgwtpTLbRBRbHM2eDJXjAyBwvftmS9TFMx:12000000000000000000:NEEDED:CHECKMYTH
14hH4NVFYGbEmmFpUHwTKCd58TMRG4SUGK3gc3NADx3KxuL4:12000000000000000000:OKDOT:CHECKMYTH
12UD2o28F7LDMYwKsR1wpUvTQPXMV7uF7z68zm55Up291vtq:12000000000000000000:OKDOT:CHECKMYTH
12KTkcEYhMAZ8N9FagJBNApoWWbL5e73teDeH4dy7nVvTVMt:12000000000000000000:OKDOT:CHECKMYTH
14hisjkCe894UvKEczYgXZQP1UtMvj7dBM9gSFzTGHiUe25G:12000000000000000000:OKDOT:CHECKMYTH
1gm4DqdwnUxD1aktLs3FYJLgsuAKe2YF2jjF458eNrUgh5x:12000000000000000000:OKDOT:CHECKMYTH
1JXFCf8eqxT66Xpuouj7QuUSanYjgEc1mKGzccKAc7UgHuz:12000000000000000000:OKDOT:CHECKMYTH
123SrAukvEphFuDJeKHuQkoxgC2nPVGTXWfqJ1p1GU5at6rP:12000000000000000000:OKDOT:CHECKMYTH
15PaVQARcD8qhdmTxD7NWiL2pidC7MxGgGZtj9kj8juYvpF4:12000000000000000000:OKDOT:CHECKMYTH
131L4cP4L1638B2mhN9KkmAMYCqwb9PPFUwhco6Hn1GSYNwu:12000000000000000000:OKDOT:CHECKMYTH
1Kuoq4ZMo2qz1AhJoRPnYayE9WTsWCxihajWabZiy8jCc6y:12000000000000000000:OKDOT:CHECKMYTH
1umVbJ1gZbSsv6V2bBZFyWToDxr5aPVedLTTEWBzcmdzFtd:12000000000000000000:OKDOT:CHECKMYTH
1Bqhb9TV3SZjqKa6DeHtmBENo3zfoMxS9XL6eiuENL7Rs5z:12000000000000000000:OKDOT:CHECKMYTH
13en3gTL1wgi3hGnMPU4PGtUYZqTivUyxSdTPVQD1QJ2M7px:12000000000000000000:OKDOT:CHECKMYTH
16DBk1t1SfcK7MA6tXdfPmf45mbSqsXDvdXKYXCr97B2CfPz:12000000000000000000:OKDOT:CHECKMYTH
16MSgimJcboVspHXr5qg6g8WaZ9UWUdrn5ZDdKpQqPjWTfma:12000000000000000000:OKDOT:CHECKMYTH
191bBHLeSaqFGxTocJJRGueVj4bzAkTL4FgYf6cMhDHZAYv:12000000000000000000:OKDOT:CHECKMYTH
13DNGm9RT7g4h9WczyKSojwAB42mecXK8bwyrrJGfpniz7UY:12000000000000000000:OKDOT:CHECKMYTH
12yiy9PuSLtLLgZFka8NgocqDiWWyZtPiw6CKhusqWf6TJ9G:12000000000000000000:OKDOT:CHECKMYTH
1b2y8RKabrne9ruE7cppx7kYzcJC1dhoeXSjXYxp2ERDBy7:12000000000000000000:OKDOT:CHECKMYTH
1aWXRrwXmpdoSCoQD7fBjdZATNtEhh5J2kPrKmkYs9H17cR:12000000000000000000:OKDOT:CHECKMYTH
12AVWZfjZVUYX8vYHdsnmR7aRCvcCfyzLq6zY1E94bAqnqQo:12000000000000000000:OKDOT:CHECKMYTH
13ADo4osL3UBADHNVn1erF5eT6wTYQtCvwDAk38RJPL9eKdP:12000000000000000000:OKDOT:CHECKMYTH
11Tk6MxCQy5EZ3DytVPuifCF6YEGsHRgH5tNW3jeesGgpgE:12000000000000000000:OKDOT:CHECKMYTH
12tLDPijKvuP9CVV9XcAFar9twNuCFEMfgXP3JBJYhGFqEBQ:12000000000000000000:OKDOT:CHECKMYTH
13exkLpHcJnQiE236PpY7MtG7yYawWWCeJNWrjPxmSHycHEX:12000000000000000000:OKDOT:CHECKMYTH
1qruBopSmPPpbWUuVq4YNVQ5QHvmqTA69CnV5e7eQCGQK4Q:12000000000000000000:OKDOT:CHECKMYTH
15GwAbznQMaqsDVxz23GnM5dUeLjrcKpNASVUNod51RgMQSp:12000000000000000000:OKDOT:CHECKMYTH
13t8vLZuizwFwb2khVhDN6dvs5tmG5uggeUcDDeSZAYbVSy7:12000000000000000000:OKDOT:CHECKMYTH
16aF73J62z96WgnD59aAR4T4Emk8bkVspoeowJo5MAi8yFtv:12000000000000000000:OKDOT:CHECKMYTH
1Rk9F73ETWuf6Zj3dugRHTppwrpZgQA6rJBJ97vMNsW4rUv:12000000000000000000:OKDOT:CHECKMYTH
13WMTaggWHbbUSiERedgnatrGUTCqrTDbd1i4E1y7V71mh9d:12000000000000000000:OKDOT:CHECKMYTH
15FHRL2HaFFp6r6SprArVwxBS5UEnzwTNVqXQGr2zLGL1Jh2:12000000000000000000:OKDOT:CHECKMYTH
1VoDoRPxLjogaws2e42dbk4VCkohf5inHUTFJ8wBzxpM6mk:12000000000000000000:OKDOT:CHECKMYTH
14qYYxJyfy3YSijvGso4LuJFRdwDcArw2ssJQ7vnb1WWx28E:12000000000000000000:OKDOT:CHECKMYTH
1FrxbAwCFaziKkh82ekh8MPvT8rnnkHw5dsMdVAuLFH6Ho8:12000000000000000000:OKDOT:CHECKMYTH
11224Nqtyh1avkczgCEAz2juVXFXgWWFWcqHEreXaCeBGq6r:12000000000000000000:OKDOT:CHECKMYTH
15FGh5cCuv7y7pPBfwy757PsWoroG7QDyLjkZ1zfjSUQocAp:12000000000000000000:OKDOT:CHECKMYTH
13NCLd3foNpsv1huPDzvvfyKh37NEEkGFotZnP52CTR98YFJ:236000000000000000000:OKDOT:CHECKMYTH
