154dt6JPCD9f95Y37Ujz9vC79R1bysSBkAFGZdSRHUtpawYr:12000000000000000000:OKDOT:OKMYTH
16Yd8ZU5UX8efNLpoFZF5J8ijEmYiRNJ8tms7FF6bGmsv9sp:12000000000000000000:OKDOT:OKMYTH
14Xoj6nHSMJnHu41tm1EyLLUdqutQpAYSJc82G2vDuu57RaU:12000000000000000000:OKDOT:OKMYTH
12RUWuZ97wAYhaQVAoVsHqNjL2hQGCnhmJMkDL75cn3o5muH:12000000000000000000:OKDOT:OKMYTH
14bzBtu7iecXcrgLHgThXMTTa8HB5Kdg297P1VJm616u7XZM:12000000000000000000:OKDOT:OKMYTH
13fKwNrEPqo3TYrgCb7Tb7adSCzzu7mH1yyhWiBvH7NvADVh:12000000000000000000:OKDOT:OKMYTH
146nzUxTEnunmNkftXo637N33hHpeFxmWsn33UzCMsihbX7B:12000000000000000000:OKDOT:OKMYTH
14xNcmoA6FBkaR5Gn5dymayHHTZjBQDvQ3hFSVuXSnHi2QKy:12000000000000000000:OKDOT:OKMYTH
138g9fexDbK2tiQrwNLi9ChNJFAg7pkbcj1xADLNZLPnLX4Y:12000000000000000000:OKDOT:OKMYTH
1272dzSLYqUGLXFWAVwwUeZQ5jh8Xsbf8pSmDmizD3D7ZG3i:12000000000000000000:OKDOT:OKMYTH
12MP8H44x67HyYqmXrXemU7mH7QF3MNChUgHJQQiDX1K1bq5:12000000000000000000:OKDOT:OKMYTH
12ckeYPuBAwXW9CmKgK7tdeDTVQX6FXeA8m1UC6izGXVBnei:12000000000000000000:OKDOT:OKMYTH
13n1xu13WvwvV8tq9UnhKFxrYgYtZokGs6eF4ZdogBH2BR7o:12000000000000000000:OKDOT:OKMYTH
1KbhBQk6zw7YUiC2QLSs7UoMfzkthdU1Kg7yXDgGyxMKeVN:12000000000000000000:OKDOT:OKMYTH
15dSmtdh6khvAneASAnZ2Ejv731oxnfSaSQEyVyLUn74eio1:12000000000000000000:OKDOT:OKMYTH
1FTpbyPPdWF2gjiAMVp55766E2iRrtDeyfupZjS4cH7XygX:12000000000000000000:OKDOT:OKMYTH
15SrGkvgWHMAZ4HkbK2DJLjyKbgrnnofMJ5oz7P73YG1RKKk:12000000000000000000:OKDOT:OKMYTH
1hucwVgC2gzEeuqH6mwBrDu9VsqwS8fVtBZSTvLnoexrCmy:12000000000000000000:OKDOT:OKMYTH
12krGH8aDeZWz8vAzLG8Z6qx9hgLBxQMCNw3pxmZ4EJuTM8E:12000000000000000000:OKDOT:OKMYTH
165pYmgBV6z83q3yqjK2ZchfbtijkTWq1FVw9QfTUi2QLUov:12000000000000000000:OKDOT:OKMYTH
15AzvRWu1gCn9PK51wf51f33FwLnKfQLZroDBuzCexWWhwdN:12000000000000000000:OKDOT:OKMYTH
1rrnTPifLdYc4taAA9iAzqqP6HjZ99YtNGJcu3ktVAjZmxX:12000000000000000000:OKDOT:OKMYTH
14y74JWsGSHvFxYLptFRJWfvmyEQNRvog6gM7kwnYY5bE9XE:12000000000000000000:OKDOT:OKMYTH
12AJdjgcY9fXZPf4weCVoViUx6g47hP9iWvB4wo8aqNsjC1f:12000000000000000000:OKDOT:OKMYTH
16LUqkhF9vSDHWu3zqaSNLrQPQsPV3Do3aaqvKtmkaXhRGZN:12000000000000000000:OKDOT:OKMYTH
16X8P68AgnqbyxN1a9E5NPvLLJFkHZXhUu1LJjYD8iVVj5NS:12000000000000000000:OKDOT:OKMYTH
15NtKzy9Q9v9srNYdGC4xkseg3UX4S2jABBfaokg85QZH7Uo:12000000000000000000:OKDOT:OKMYTH
12L2vhwcSdgMVBMV8J55AgU7LDwNQsUUT4V5KoJ2NB9r6xbc:12000000000000000000:OKDOT:OKMYTH
19Zo2iApXZynn1WWqhvG4eBXULSSiJB5gFHGa2EdniaSWJS:12000000000000000000:OKDOT:OKMYTH
15k6e664qWiTrh9yGu4nnN5q5LqfesHnEiZyiNE9NaJ7cwYA:12000000000000000000:OKDOT:OKMYTH
16CsNbSNUx7LzFnqfeye9bM2SfnfLEWhTyzesqFShkiwY59h:12000000000000000000:OKDOT:OKMYTH
1394MnkHFTxCxb3fbfaXGXiVSa4m14HQ4XbgisBTRzKBhq6P:12000000000000000000:OKDOT:OKMYTH
154MP38FtAsBcBYAhMdsyTbcQPtJVeCHL1NKLc6Q7vX3ncB4:12000000000000000000:OKDOT:OKMYTH
14166xQcKBsYJo6wM6K86eeeDgCPeGriAQCzAK1hGQCogFHz:12000000000000000000:OKDOT:OKMYTH
13U3EmcVRqSbWZSqS9aVquKQcqn7BGoiCP4u2gsFrc6VZ5BX:12000000000000000000:OKDOT:OKMYTH
1qeVLgs41VrvvWxrqTFr2RE6ojK2XSjfzQ8cCWugQk9dYkr:12000000000000000000:OKDOT:OKMYTH
144vdTF7Y5EXKY9TJZTmkPDDKHR9XyPVhDrxK6D8wKKYtX7b:12000000000000000000:OKDOT:OKMYTH
16NzNHZutbjt9W44vKsMB9eALmdvRgXxwHQxvwBJ9KXPff9:12000000000000000000:OKDOT:OKMYTH
14fjvSJukxXid394csrtwd6zRsqw4u2Gpf9uwc6RYjZZUbaX:12000000000000000000:OKDOT:OKMYTH
15BNS7T1G2T8DPwkYsF4ZxFNd4KEonCt9tjRTpGivt4XhNek:12000000000000000000:OKDOT:OKMYTH
15HcJ1SbRvKJbWd2WLeNYVKnvLHrEBoscLJaa3YjJMByCQSS:12000000000000000000:OKDOT:OKMYTH
14524RBeig9iPPYyEMhHot6RKRW7aUMfmTAZj8qUVbTWvq4:12000000000000000000:OKDOT:OKMYTH
14Jesf4MBJEKJid4vngPmEynqD68BGBijT6Yhhq2j8QaiCDU:12000000000000000000:OKDOT:OKMYTH
13JzsXmjVScX44bCS6uVXC5k8CUgeuBtTRBVni693E87TgNh:12000000000000000000:OKDOT:OKMYTH
13Z2QnDw47XqdvJTnKY3C1HRzJGHQ5zb5FpXJZGt8saqiymg:12000000000000000000:OKDOT:OKMYTH
14LgVKXVPWpnJsDwPBs4HKWkfZCtD9hWNjpY5WV8bkYaPto1:12000000000000000000:OKDOT:OKMYTH
15nK5r3CNeh7e7HVLSX4Wre3f6yvkgtqdDEpDmh35t89Zqg3:12000000000000000000:OKDOT:OKMYTH
12TxNfsjg4m33Ci1BEVsFMVodN3x8ShhPH3jZnShf1151F3C:12000000000000000000:OKDOT:OKMYTH
1v99QSZ4hp6CZ5JPsgCYyBb6NghrmCNFCDSCceiJTJwXwMk:12000000000000000000:OKDOT:OKMYTH
13HPUt8wmfN19qZp7tQ7JSanAbNobTnDbK3tY72az6DSiRB4:12000000000000000000:OKDOT:OKMYTH
15NhCFZzxi44rTkfEEn7aWZh9Frk4Do5H1ByCPtYJXRXyVCR:12000000000000000000:OKDOT:OKMYTH
15yxginehZHBx8qTsbsTeSAfWNjfM9NeTnFRz3KcomYhBLFZ:12000000000000000000:OKDOT:OKMYTH
1HGAJ8UDoED6pa41YssL59CeH42sKByHdYwLBKBrdbWzMaF:12000000000000000000:OKDOT:OKMYTH
1CSTp1LsAyAQHeA3QzG1hbRimNq3J1HYiHujajsYg1Zqqhc:12000000000000000000:OKDOT:OKMYTH
14VaZt8tYcsEPxRLY6nLAjz6o9SHS3EGY62stVfDAsHWHFW6:12000000000000000000:OKDOT:OKMYTH
1ZwMHqtP899QgtdWLid9SqqG8cJwYfcNuYdkfhC2abk181k:12000000000000000000:OKDOT:OKMYTH
14mLcsM9neuV4TY63Lgt1bPxeq8AXDRC9YkCYYiJ2Exr3yW5:12000000000000000000:OKDOT:OKMYTH
12TgKcdGdYSeSPwDJu6DJYj16nGDQFj9grpoTqXAQr5ZCnrW:12000000000000000000:OKDOT:OKMYTH
16Vh9UZpx1EJteENVq6xJYFTxdPHnYrU3jJ5DQdBWZHrcLCa:12000000000000000000:OKDOT:OKMYTH
1CJmdzRV9Thb2QYJ4jJPa6bbWPErmLpXTPFA7NgDsA3A5fd:12000000000000000000:OKDOT:OKMYTH
12DtxcYVYP8Vg42VtGmdwrmR4r2HLoHSR9cZmSqXgE1w72i1:12000000000000000000:OKDOT:OKMYTH
16cjcW2GD6mfhwDakTap4sufmfHvfW8SGVYkYdZYsipS8cH7:12000000000000000000:OKDOT:OKMYTH
1V4xo5MZVKQLVgTafJnw4jHvPxssipYpYHpr188qCtFm2WM:12000000000000000000:OKDOT:OKMYTH
15pP42ZJ96CW6worBCPp13mdMv5YGxMLxkRVu9rAMBtr4Mvd:12000000000000000000:OKDOT:OKMYTH
15mis3JQZ71tXGSWPjyTdpLWK2RJJvPXa46D2Yiyriz3Bdsf:12000000000000000000:OKDOT:OKMYTH
1R6HQHzTdi24HY7PuC7hnXnRr9LyZUARFHjJoQH8S5qaV1Z:12000000000000000000:OKDOT:OKMYTH
13eHPc9ozKM5sBdCAgqhempjzcEDiE95w6frUn4wR3zSeeb5:12000000000000000000:OKDOT:OKMYTH
12uVsEE9zZHQ1fqADakxEw4LUSDzdiPrZVoFmsi4X6QHuUrx:12000000000000000000:OKDOT:OKMYTH
123xkyobSR3XvaSTaPRpin8EL2xSGQ7H6cF8Fp6FJDsAfHM9:12000000000000000000:OKDOT:OKMYTH
12VbpSvmh4rbuDQUrYPPda9nA5bwgJaisPazTXRFfmasLTRS:12000000000000000000:OKDOT:OKMYTH
1189omVxMgobm13nsVhR9vdEhUqusHE7cCvkh69odMMp7bo:12000000000000000000:OKDOT:OKMYTH
1qaViFXnZxCkFoC6GYM8qAjKhqZ6KszQKvp4hHtxWMgR7Dj:12000000000000000000:OKDOT:OKMYTH
14KwkEeWsYNQBULiiDGPjdMn41NpXD9G5fcC7LQeHpb5xaL1:12000000000000000000:OKDOT:OKMYTH
13vgJqawfPWjeUZNJDHLbK2VD6cGgkPCn7bkz5g749TNKppL:12000000000000000000:OKDOT:OKMYTH
16S3kTKQNAfTaSRGitdYSmcNAPosMAj2muYHQsYQA8RpmbQY:12000000000000000000:OKDOT:OKMYTH
16PA17UXbi9JoyXb4rNrQ4TRSuDQpWT5DRPvBCXHKRAkGUTm:12000000000000000000:OKDOT:OKMYTH
12rotaSntm6Raa56HjDwxxNR4gTSxCeqjTg8GxYGo5Wz38P1:12000000000000000000:OKDOT:OKMYTH
13WFWRW47PVFSZGn8tWfGWvZsWS9irHiJ6HooSYJg6CWHrJk:12000000000000000000:OKDOT:OKMYTH
12nWVBUaqDLdroVj9VyiySTCzFz2x5DptvPb2mhpPttNELPV:12000000000000000000:OKDOT:OKMYTH
12dfYpmHmG89wxb3jgNuciKREREyQPtveYCpRtJFkb5MnJGd:12000000000000000000:OKDOT:OKMYTH
1vUJvpYB4iaMh8QwSw6gLMw1cuRpHhXJTyDUcYn343c6rax:12000000000000000000:OKDOT:OKMYTH
15dKcz59P5rAHkSGWBRRzBNUffJdQdp8wrF1FRCapDMYBHfG:12000000000000000000:OKDOT:OKMYTH
14GaEymzb8H4zMy49o4j9EeecDMsP3PrUMyEkr2BSkDzzcCR:12000000000000000000:OKDOT:OKMYTH
1492hQQKejQPqVXCaRKGmyRp8dku3Dy9LbpaYL3q6pH371eR:12000000000000000000:OKDOT:OKMYTH
126RzzGwSD9Rf39pDzLmRechK45NrVTH4fuYXg5LHfw8iUhD:12000000000000000000:OKDOT:OKMYTH
15VhkYSMoXXxMVfBggiR3JVy6ZbCX8JhU437CBZrV2FvuiBk:12000000000000000000:OKDOT:OKMYTH
12ceizXs2qB8sAG3rGAR2rNvB2cEdgGK6nSa8azesDJz1Vnr:12000000000000000000:OKDOT:OKMYTH
16HfMxNSKgNMWSHwp4UMujrJiskGxStUj9NUpwfpb2LGigh8:12000000000000000000:OKDOT:OKMYTH
15nGq9DBRedcAvgiS1jetkVUbYXmwoumDVoUAPqv6ApZJqv8:12000000000000000000:OKDOT:OKMYTH
13k6NeKXztcPAwzVK8uqcmJ2j4K938eLSCMXdx5XfBqXTzkF:12000000000000000000:OKDOT:OKMYTH
15fJ1jLWBURLpwoFspNiNq9n8mm26rqavNxRdU8mACY5N6eg:12000000000000000000:OKDOT:OKMYTH
15zmmE693poSbA1AtHbv8A3bATXm7cNfRzM12SNrn4CikMPU:12000000000000000000:OKDOT:OKMYTH
16bwcCfbPnBAvc9ZJJGskyJt3fzL261TSYsk15R3epuNWT9R:12000000000000000000:OKDOT:OKMYTH
14hVnrmX3tYBeyVCnvnB3T47GRNvMFMuzufPK9XFJ1FBceKW:12000000000000000000:OKDOT:OKMYTH
19o3xi44BYM9dJNQv8jGCZR9kHhaDmEnsCx6cn9ijfv8aZG:12000000000000000000:OKDOT:OKMYTH
1RLj9r5vBLuZCsuYuR3ZCpWfBFWJvTqHfD3gLeoEvk2jeJU:12000000000000000000:OKDOT:OKMYTH
14gP8MejmbyD4gfjnGbjTRJqxKEe9HuYJ2vpctNUUGywKGa1:12000000000000000000:OKDOT:OKMYTH
14qT3aAkJqqR9LJFAhUviR5T1Qpg6NqDmUeVqVrNuY6jqdvv:12000000000000000000:OKDOT:OKMYTH
1QnfhiuDbzNM5WDXji4NJt7WYMuzjDyQsjYw99TbVQtmrvs:12000000000000000000:OKDOT:OKMYTH
1E2ixR4KGKLZJq5UKyS3YeMuZtPctVMf727nmJqv1Yd7zmv:12000000000000000000:OKDOT:OKMYTH
12F2ndxHvmD8pneCQFDYsDmvpVnJhy5oqR1iURVpsnukVrHt:12000000000000000000:OKDOT:OKMYTH
149p1xxEq1voKAwpqoydLo92VcVqTwHJpccCsTyBpwPMNQXW:12000000000000000000:OKDOT:OKMYTH
1UPPBkqvncYKZ3EoumaoPv2tF3Q4UzwWoh2CgX6ofRDXSds:12000000000000000000:OKDOT:OKMYTH
14YfPCVKPnb5J63oTgq88U4fBnKwRKxqXQdph93MgmNcjy5c:12000000000000000000:OKDOT:OKMYTH
14LA26nBoD3hQnTXHntByf9tq51ybY8ei5vmqv8pxzN1DFnJ:12000000000000000000:OKDOT:OKMYTH
1Aux6nmCCqyZsbFGUm2dgexbCxsgyd5GgpXQeS1qVhPwq3Q:12000000000000000000:OKDOT:OKMYTH
14YHDKiipv8DMtwR6MKkSVXxzTwpD7jdJTk4QodaM2LsenaC:12000000000000000000:OKDOT:OKMYTH
14mnU5T3YDpAY4t9ygGK23hbQTN6C1EzEMQU9bG4KvQvGVox:12000000000000000000:OKDOT:OKMYTH
14uBWtFwdDkiMWypskBCECUPnoQspGwMhbbE7RgajLo5LmJ7:12000000000000000000:OKDOT:OKMYTH
16VTWR7g8LHLpqQkfod1e2cGT9CxHfEPMTqo86kMLiGZffcg:12000000000000000000:OKDOT:OKMYTH
13TvK9fXs7hZLCeRRr2V4S7dM2tjFYe4Cer9U5E2nuvim4Yo:12000000000000000000:OKDOT:OKMYTH
12M74A5eDza6jNuuTcQu2wpnGHzyCVc2YGguiEB7raYXBXJV:12000000000000000000:OKDOT:OKMYTH
14XKgbHB27AwZRKqfgg3vNBevtSmvTV3Py4BYv4cDG5HYK5F:12000000000000000000:OKDOT:OKMYTH
13A9CgPeVeh6zY9fkpFVtwBbfCjxc7muWpo6Bkh6ML99VVLD:12000000000000000000:OKDOT:OKMYTH
12rYPTqmDT1URjva3B8yZyHeJtKSG4zrzCYnJR1T4A1jCS1V:12000000000000000000:OKDOT:OKMYTH
12Sw7AjGCa3zynnevt4PKXVK3AFh4e66aow3EYd2t3DhrEbe:12000000000000000000:OKDOT:OKMYTH
16UULWD18croG3jUZQ8E1hbEYnNh1QhMuSUQvuobbEymJQgs:12000000000000000000:OKDOT:OKMYTH
13Vrd4mBrAmpxtep5BtLvef894YeAWNy9pojcH2usRRBNAeC:12000000000000000000:OKDOT:OKMYTH
166nuwwyn1xHSRBa15mVFp36k6f6Fn52RGJmAdKbWKGNoojs:12000000000000000000:OKDOT:OKMYTH
16iFYJ6ceJtpYjieAWeS7KNtEvUn57sANJMWFXBEFuHq2ndM:12000000000000000000:OKDOT:OKMYTH
13F3jTDZGDKHhNC4oMMUNXfV7ZXNXmxdkLZq9jJraNmdqLA4:12000000000000000000:OKDOT:OKMYTH
15N2LGyUuBZsrEtU1443TGhsiWVEKBTiT2aop1yJPVTdHogK:12000000000000000000:OKDOT:OKMYTH
15Wt7h5gw2SaWvGTMbp7DNVzSAgFsQuMf5H6K6Piz1Hb5Fuq:12000000000000000000:OKDOT:OKMYTH
1JQqKtALKt9gXh4zqxND496fhsKTTLtdVJyrnBCMig98oze:12000000000000000000:OKDOT:OKMYTH
13YDh9gipM9xEAMdS54jtbt3qiQW9axZcAv6AE3RrbgE7Nam:12000000000000000000:OKDOT:OKMYTH
146Qs2AedHXRhK5Eh6KDLaP4CVgBHDXSYygBUQpuUnskdgvp:12000000000000000000:OKDOT:OKMYTH
14z4cXJkBg7n2hv3LzBgUyLTEUrnAEoaF6v4viLL55ECEyps:12000000000000000000:OKDOT:OKMYTH
1299S6Ps9Z7gYDRnnC7rm8L7SXBGC7aoVmGSCQxM1xEXBXuv:12000000000000000000:OKDOT:OKMYTH
12WsJEPjZ7E4YQvR169ByRPb5PU4vdh3RZj2fize5hQa49gC:12000000000000000000:OKDOT:OKMYTH
12WqtruDGC9ATKBH9XEcituzJBCiDDRibGDCczo2sTkrKGBj:12000000000000000000:OKDOT:OKMYTH
13ccPAUhe6b999xEn6siFUYYqTHX6Wc6N1BEvQVTpuFZFUFD:12000000000000000000:OKDOT:OKMYTH
16Gi8DicDoU7HaLvWTaMfeiW6AyuZHFNsjNAKJsWV5CJAeab:12000000000000000000:OKDOT:OKMYTH
13sZuE3QpcgXVNspVgFWTgH6UXws9ZJkqtDDP5NBinCbotwP:12000000000000000000:OKDOT:OKMYTH
15E47a8fmvpY4EzugRXNDkgMyDpSGebYmiaUcXNW5zqTPuGt:12000000000000000000:OKDOT:OKMYTH
14mSqBDCjPaegayuLKFzDwmyb1CD1WEUzD9irBn89FkVvEdK:12000000000000000000:OKDOT:OKMYTH
13o9FkxD6vWE7sGfurnKHJAH9X7gAprAyeKSdwtZeTq1VAwG:12000000000000000000:OKDOT:OKMYTH
14HUHb79s2WvMdbGoCpSQQDqjhW6JrgVsjj7ynCtXJT1CDU8:12000000000000000000:OKDOT:OKMYTH
159TPes4LvgkiaVjnAFcdj24cgyLsmkwCVZtWtj7u38vcHVn:12000000000000000000:OKDOT:OKMYTH
1L2uVW58RiDvFT8nZGK9bJBGEN2WY1fmtG6Msd4bVLRtQvv:12000000000000000000:OKDOT:OKMYTH
16ajQJBEcVnCVhazFEu36RmE6jBsbYKGaXBZ6S2g6CrcvEC:12000000000000000000:OKDOT:OKMYTH
1zZh3C6L7L1qaNcEoUQJDS1meWioEehcd613etmY9ywN3sg:12000000000000000000:OKDOT:OKMYTH
124gRyJYt3L3wz736DozaivmU8PTnD7GW6MC72jkrmznGWi8:12000000000000000000:OKDOT:OKMYTH
15tpbu8Ny53NvWSpD1CCZ4k3DdZ5mecHXXR2NK8equRzzSbp:12000000000000000000:OKDOT:OKMYTH
15iMG3V2AYbCDu1gZGyqfJJZBD7dQjRPDu3qngvBzZiiFvzx:12000000000000000000:OKDOT:OKMYTH
1FziSocVPK46gbf1a6vkqAjJ2n8sE81o41rQi7sFV5dUipv:12000000000000000000:OKDOT:OKMYTH
12g28n5SDhWgd9DeRt2wYBkKQz1bodWYScP9NCUbQNtosXu7:12000000000000000000:OKDOT:OKMYTH
15mCJ9Z23uFojSNQFEmG2qLXRwaHmQadw5LnrHjnvbK14Qsi:12000000000000000000:OKDOT:OKMYTH
13y6Kw7Ad4kUa4DCf2ykM8CFoVK5ACXCVubk6rxDw5JXr2s6:12000000000000000000:OKDOT:OKMYTH
151QfrY9ifAedStYPjxHud8LL5aiPeyjp4ue95bEnbAiSrFh:12000000000000000000:OKDOT:OKMYTH
12HqR3hrDTdZBb1qb6Qfu9CcJKiNWv17QWyMiSV5YUKn82Wx:12000000000000000000:OKDOT:OKMYTH
13XQxcHJT9Y4EenUbWLnczzq1pHWkHtqeSgMMXBmJNZKGd22:12000000000000000000:OKDOT:OKMYTH
1VPxXK2UNQgaBg4DPht5cvsa5W2F5g25WfRMgjfpmvvWj74:12000000000000000000:OKDOT:OKMYTH
16EW47WD67kp2qhkr3tc95eT5fJejQg1eVt4pGAsTXkMUxGd:12000000000000000000:OKDOT:OKMYTH
12y8guZFMGqLFdbjRF58b61khDAGLcqH5LnjvDPg1ajTqejH:12000000000000000000:OKDOT:OKMYTH
12GaKoArdxx5oDkcw8fQBA4kMD3yj9p9gv2X7dDg6C6hUMvN:12000000000000000000:OKDOT:OKMYTH
16n8QXv12ZKayyMR7kMGJRYnrkcGciagVayxuBwiNgm8Xxp5:12000000000000000000:OKDOT:OKMYTH
13dV6obr7X382FGNhWLHZ6v7N3qxuBV3zttbrEarehnGWyKU:12000000000000000000:OKDOT:OKMYTH
126n4aaayek3mhsFFjeMQ8MTNqw3FmtFP5i4RiTcxF96Ximv:12000000000000000000:OKDOT:OKMYTH
127rwmcteyKbAci7vFK5ewHS3LchBpWLG7jPTDGxKS3KKSdr:12000000000000000000:OKDOT:OKMYTH
154DQoUwee9qsFrGTjohWuVrDxBbTpYaSjkPwA8i1X5XAf8C:12000000000000000000:OKDOT:OKMYTH
14mmCWZTxW3DBqHHDY8Ad4ikDCXWQLtmuq5Z3Br5yLK3GUwy:12000000000000000000:OKDOT:OKMYTH
15HxpyVwYbLrBkAqDtQWdnt3AwJaG7VFfrw7qHrTQu5bcGVP:12000000000000000000:OKDOT:OKMYTH
15nQnEbbnBN15Ru1hbUt8NG2jdAf8va3mWk9H2ajU6vMtgLo:12000000000000000000:OKDOT:OKMYTH
1BqcFPFtLSKJ64yVLSw4pFsA5qs5yrAJ7LoVE4Y1Qe3nXyx:12000000000000000000:OKDOT:OKMYTH
12iN1YZstukhDjtfaFYbhJMxe1DxuKWPJ6ZXeEbAjNtR9DCr:12000000000000000000:OKDOT:OKMYTH
14n91A6QgsQ2nRYaK9Nb5AghaWPmBjZtGZktMuh4iVnG2XNv:12000000000000000000:OKDOT:OKMYTH
16VbL7KTcQuGs3LXRaGorztgygu3izPKUxTNbj8hMXPGKFsr:12000000000000000000:OKDOT:OKMYTH
16Gi2FQuoWyNKQ2R9mZ1XBWgC3VAgQU5HHXjuPzzZ6P6mUzb:12000000000000000000:OKDOT:OKMYTH
14nr2T9FsiHLRoxWXaLFegfqh3ixUCTWrXzEFP2shcaFTMV6:12000000000000000000:OKDOT:OKMYTH
19K4XKLaFSEzwaNsufSarZWvNtGFUwR4fmgigveiYyJiUzN:12000000000000000000:OKDOT:OKMYTH
1p6M82vBLZ35VVF1KWqKoqU2gpX7qQWQcXbbK7WVreqcv4c:12000000000000000000:OKDOT:OKMYTH
15CGNjEFLVnwCx9yg51sB3N6X96deLL2iZjs2WD3Mq9VDArh:12000000000000000000:OKDOT:OKMYTH
14ESqvC1R4ahFyKPFYKzddJa2WSAuWHMEhtey8qUKULG41ML:12000000000000000000:OKDOT:OKMYTH
149RQY7ysRNTdJjZwUwgLK5mBGFKKhv3ehJNznQYU4UbREdo:12000000000000000000:OKDOT:OKMYTH
14V3TYWmwYF4wExhvDjgoGBhgnrPdXdN3KRCitAKB8xsD4CC:12000000000000000000:OKDOT:OKMYTH
16VhvoPqpuxcE1nk2JwgxGo91UVD7aaofMU58qS17Um6Q6gU:12000000000000000000:OKDOT:OKMYTH
14Kh5gLZTLALBpjUvwigQytEeYHAuT7fwP8XdH8d7ULULHTF:12000000000000000000:OKDOT:OKMYTH
15axhAgUyc12S9PkRK9ebMPAKcwF5Z5x2EsUTgUivMndu1G9:12000000000000000000:OKDOT:OKMYTH
16FS9VQXcBrUF6CwZzNPJ7kXru6i2uuPtbibunpjzp4dcZPC:12000000000000000000:OKDOT:OKMYTH
14vbEQtEoybXNhpd8Sbiof1FqupDLNTzP6Qr3obBmDD2ntyE:12000000000000000000:OKDOT:OKMYTH
1if7pHoht8ngJyGcxW6CQzHb87KuTM4upt8u8wgFCFHScwt:12000000000000000000:OKDOT:OKMYTH
15KMfwhLCBKqrDxTDFCyZFPctSpDvCmJKJMMEUD8iQhm3nc8:12000000000000000000:OKDOT:OKMYTH
14wknyAfCfoCnXrhtU8WfkBmcq7hik8WW79WCeAF4rs1Jpei:12000000000000000000:OKDOT:OKMYTH
15UxQhHPaUqAhjU4baGHS5Uz6YTvfZ1qwdd3VEUxME8g4PXe:12000000000000000000:OKDOT:OKMYTH
13Nh2sGqXGpxRjg1qoaVZSRS7H6WtHwX4h1xuEADtgYC5c8o:12000000000000000000:OKDOT:OKMYTH
133RyJWUooMAFtCa6ZdsKMY83c8F7GkcRkqmRA2cdujGLkEN:12000000000000000000:OKDOT:OKMYTH
15FXQKbMT3JatQ7RhDw8m4oLcyaGaZ5Qsi1tAe7QndzEsWbY:12000000000000000000:OKDOT:OKMYTH
1jD493Hq4GPWvjatGaBqqxP2zuGuBcTLS3B6zsAPfbcPpXb:12000000000000000000:OKDOT:OKMYTH
164XUgvpKDzaSrsKMgYBL63nfnevm5USs49EUsg7x8NxAxkr:12000000000000000000:OKDOT:OKMYTH
121GDhoMfEzqzwbrUxr5FRNYBmX6KA5KdPhgAaecdTWE7ETt:12000000000000000000:OKDOT:OKMYTH
13mEKUggfKgKr99KQbGoZigeL1Tzmg6ZjC5YKLE65fyCmtZn:12000000000000000000:OKDOT:OKMYTH
14MREpcCvZDtXAHtE5hAZd87iyCy277sz1zPJxiEavsmYs7n:12000000000000000000:OKDOT:OKMYTH
15Qzzi9ff3JZuDqwgutxaZsY6Kaoj9yvP87ySRmSPNZFBT5h:12000000000000000000:OKDOT:OKMYTH
12TPP2hiSxRuJeTedQxvFKumgdv3fLgo7xNTBzY63ynNuDyM:12000000000000000000:OKDOT:OKMYTH
15Y5YPSpTaLKb4kpfPinLdAy8HCB3s2dXUFunGJEC48E9VrR:12000000000000000000:OKDOT:OKMYTH
14DoPSd4JXBNgRLcBqbobuYfdxWinTmsptjH5mi67ENZ6RQw:12000000000000000000:OKDOT:OKMYTH
1y29bSBHdHLw6neKXEijisQGk1y9PpyVVpYjw8pqeabJPdp:12000000000000000000:OKDOT:OKMYTH
1z8hEiQPymbmhFnc4xvHJvTxN75mAfQYuqdNfRWjH9vZYiE:12000000000000000000:OKDOT:OKMYTH
1juXE1eqdXqsk5A1CNor9ixZkTo2H5Yz77V9iH2ejCDT46J:12000000000000000000:OKDOT:OKMYTH
12CQoW9Ydf8sPAUh9x4jpKNULD6PP8Kp8BkKSg8qoyziur5m:12000000000000000000:OKDOT:OKMYTH
163XxzspcBcfMjJ4TSetQDo5FrVdZ8jut8iyKkajoggENcXy:12000000000000000000:OKDOT:OKMYTH
14wg3cFwKP2uzuJrVC4WY4Beh9QuV41rhKby6yzMXWB4Fx7j:12000000000000000000:OKDOT:OKMYTH
13quSE6FpXWcMoMtXK6hcqPfaJUbce9TH8AQerJPYwzBdS1A:12000000000000000000:OKDOT:OKMYTH
137zgdJuBEUke2xpo1e5rV6rU8xQRr8o1G95HcMsteBxzarT:12000000000000000000:OKDOT:OKMYTH
13NRfw9cickE7wtQ6vjZqGfUn17osdsf8k3qeYGp5jRwPByJ:12000000000000000000:OKDOT:OKMYTH
12DMJh9cDc82Uz1Pw7Y4927mtSEqmmvDqCw4qApxnjdfRwvq:12000000000000000000:OKDOT:OKMYTH
1k8WTCXmJyaGsssVt6R42fWRECXott8bh5hiFQhNQqdGm4e:12000000000000000000:OKDOT:OKMYTH
1QqYhRGw779uYVNGPDP6JQqV6fQmYuJ4ZGWAK6RjZLv6oPP:12000000000000000000:OKDOT:OKMYTH
158K9dfhzuK7ASYJfm64f85jzH8PPBQGWPRVSV6EuPEZTo8t:12000000000000000000:OKDOT:OKMYTH
14coSt2uk4XLpQvFm2fdbemyvaYVJ61zS2URipJyhYPCTbdq:12000000000000000000:OKDOT:OKMYTH
15TtpBYBkqWq7RZ1FwZzCTujXhCSwEU7c28wzyaNiqUuWLJS:12000000000000000000:OKDOT:OKMYTH
16CxKYiDehiKc7hJC2WihjcKtF83VhEDjDthn4Ras44KAg6v:12000000000000000000:OKDOT:OKMYTH
14hFZ53kaCnXAXb2nNdrwqZoJusZ65oEnVUexQPyRLYNswR7:12000000000000000000:OKDOT:OKMYTH
12DT8fpYw3xob658WCixispL12SAtW7DbTETEHrS5bhyk5nB:12000000000000000000:OKDOT:OKMYTH
16sXTCiUUz4xRZREntB4KxdniZqLYinYrc7RFmwnD4ef8yX:12000000000000000000:OKDOT:OKMYTH
16MUbAo7tihijgQqwGSvm8wSbKC24N5icFTWXohrsJtBEJTw:12000000000000000000:OKDOT:OKMYTH
19WdMA5fTDKg9vyKNdF5VxQfWdvtbG22y96ZF3gjuDK6s2g:12000000000000000000:OKDOT:OKMYTH
15WTGFX8gGPH23eCH7PusKREtHNiCkJcmCoJCdzAvspFeu6F:12000000000000000000:OKDOT:OKMYTH
1TJ8e87yM24bwFv9ndMG9YPDiupuiGq3sDa7VeiYvd9SPFg:12000000000000000000:OKDOT:OKMYTH
15zBDwLthstGmabxK5NxzCuSi7GoafqtAdTcvNxsowiGGGUU:12000000000000000000:OKDOT:OKMYTH
15PutPQqTF9CcEWLKmUfnNvL6AeuhMPFqZAumYfWbHZhBQCM:12000000000000000000:OKDOT:OKMYTH
1uqoCmfTzQTaBrEQwuFKCP1Xtev9gvhN8wjeRfqxGf8KCjM:12000000000000000000:OKDOT:OKMYTH
1r9Nj74EeAPUXFcNhZmq6FJV6vUH2aQmU1t4Bq2JwdXkU14:12000000000000000000:OKDOT:OKMYTH
13AzqNPpKKKtCzVWoWrKA7ZHTYrCfRkidNhZSxWR27z97vEB:12000000000000000000:OKDOT:OKMYTH
19k7vfncUXKGAEUnacuyXBHKThGWv4JSyt2hR98V6kGUj79:12000000000000000000:OKDOT:OKMYTH
13k714DRoPWqNTwQM9Niukqr2NuVjaakmGqhMCjsxkf5xSty:12000000000000000000:OKDOT:OKMYTH
15UGtd9A3stZQbbxn474bxLR4PaBkdtDnUNAV2kW9xPnLeDd:12000000000000000000:OKDOT:OKMYTH
14Dt3756pUFHh5LfBLFxS3YDEAAwyTC9sExHEi1rwaJhqK4M:12000000000000000000:OKDOT:OKMYTH
15n9r9tLaTbvagKfwcbgMev5f461GhX5yCWVhNTsM1TXQmoe:12000000000000000000:OKDOT:OKMYTH
16M81PShhtow9TYJopRaJUb1J4mTY8nCAYcTPAvre4Vh5bef:12000000000000000000:OKDOT:OKMYTH
131Kdzut1BmkgKfh5gcBbsNA7sfvvLJm4sg1p6aschhPLXJU:12000000000000000000:OKDOT:OKMYTH
1iyFwrzGcXka4iG3XAUDgAAYDqooep1T1QuAAa6mc3Z6Uvu:12000000000000000000:OKDOT:OKMYTH
14pkYNqLuTeF5jswQBJQpZZr51CXi45bWc7UH7NpgkuBwsGT:12000000000000000000:OKDOT:OKMYTH
16kEqkWUntTSrNcqEjrqHzp8mPYfrbanbpb6HzQioGg2KMWk:12000000000000000000:OKDOT:OKMYTH
13bSxg9hHPWAKDHfNo5EA91sqjdtN6naneh6Vq7KnPw3VDw9:12000000000000000000:OKDOT:OKMYTH
13DxPGiA4Q9LKe4D71KpD4bxBxy2wvkXkVnToeJ4grwNfTT1:12000000000000000000:OKDOT:OKMYTH
14aARUxGBaqEiEcpqFKwvVWXoHLeKxddzVdsWk6gEUWiTpWy:12000000000000000000:OKDOT:OKMYTH
15EbbvGt9yvbNc1yQydzM6KoqatY5hCZwvQrp4DgmSos8DyJ:12000000000000000000:OKDOT:OKMYTH
15nJ1PhMGTcBuVCe1ZMTZEqHixyhKZyVvugVkmucwnGHtVmm:12000000000000000000:OKDOT:OKMYTH
12JMz3TjNkM45USbwZ6jv69b2w24s5jYDSGr2NVNUwi4DjFT:12000000000000000000:OKDOT:OKMYTH
1SShmZnom37zYHTgEGFSbwDFszX6xq34XT72brj75p76EbZ:12000000000000000000:OKDOT:OKMYTH
14MVk2t2fPUuhWz3aPeAQGRa2gVVVyUrm94nDgSYrPDNB6cQ:12000000000000000000:OKDOT:OKMYTH
12tKVrtKnpZJhD2aCkRW7R4WUTJKAconqnVAx2HAYrU1LqSA:12000000000000000000:OKDOT:OKMYTH
13HUBPL7iNZMUSS5agUcawUPz4qacJtetAygnPwP2hC8U1au:12000000000000000000:OKDOT:OKMYTH
14deiWkhJfPhCwtCqKbX9j3whkUyQBi39nBG5gr8kP9MZjbC:12000000000000000000:OKDOT:OKMYTH
14SwmJvU3NfwftChn4qKXCRatXvvge8ofCAizWXQWsSmwKBS:12000000000000000000:OKDOT:OKMYTH
14GBrX5UyWeH3iD3nC6F326pAFzTveJ77SZjQSp8mpcszgBb:12000000000000000000:OKDOT:OKMYTH
1WwZkgNgp7oaEibNwD84HuKAr2FmfsP5hevxxy4pNkyYz5g:12000000000000000000:OKDOT:OKMYTH
1Uobp9iS8LVwx4YYddAsk7YenXRM4GT6oX1NLQSFQFPopv5:12000000000000000000:OKDOT:OKMYTH
14Jq8cMD7uQkd1D6QobmA9FPR9rtpRGwMCZLZkPnLfhUsSnw:12000000000000000000:OKDOT:OKMYTH
14u8X4bc4qLpp8SQFFuAhdx2qT9JH4TQn6U8tkrck31TsTjp:12000000000000000000:OKDOT:OKMYTH
1bywE4Eo25v9vhY94jaUreLCBBh5MgDCavPZ3pvLSSQp6NQ:12000000000000000000:OKDOT:OKMYTH
13SnkYU7JXC7yxbjamTeEFL2yjUHJiXZ21A3SqRzQKrGty6V:12000000000000000000:OKDOT:OKMYTH
1LUjjbpmqNtGKmPu45ksRXvNyaXLaPWTs1SNrZ99dEuaYUs:12000000000000000000:OKDOT:OKMYTH
1s3m5uhdJ5oxbnxvLKX1utEb4mRXDyiAfi5NW6nAboazWEx:12000000000000000000:OKDOT:OKMYTH
16JxrnpmPMCfyZnjcKPkGiimhwNAug9EcDU59J6JBc9qftVG:12000000000000000000:OKDOT:OKMYTH
14UxaX4YbXHz8hPTNbhvrdqwWHHevJDPCxEJ2wU55bhxyct4:12000000000000000000:OKDOT:OKMYTH
16Gq1J7eEttV8PuTznx3jAYYwtbfEkJ28FLMpu5CpBRCEzze:12000000000000000000:OKDOT:OKMYTH
16a8BeVJsyu1MEBdsAkSpFXRuiMMxSpGJFpFVwhpLmwRQnpr:12000000000000000000:OKDOT:OKMYTH
14ks5yj89SNW8WU49Bf8GMgKPawukWmmVfmpWKnVCk6rMLRJ:12000000000000000000:OKDOT:OKMYTH
19ZZyc791A2somwHL3g8BTBnKTeZM4A9aJoQbJGvPd6uidN:12000000000000000000:OKDOT:OKMYTH
13dA7oXzAL4826FizzvnRMxdRZEohmMBPo3LN1jMDrRBaqAb:12000000000000000000:OKDOT:OKMYTH
15GfDGfzKu4juHNEt6hED77wYSUqSWhTnfYENhwn75H4nm8w:12000000000000000000:OKDOT:OKMYTH
14Jn6ikEyAqGWQqK1tfRH2gqh2nmRVVYPWqyuofGNoCvq2oM:12000000000000000000:OKDOT:OKMYTH
13agYCJPrFy23TwnV36hVvDVQrFqPvwsfjYdmzRcAcCL2tNw:12000000000000000000:OKDOT:OKMYTH
16YCrjwAxZ7uR5ZAwbXfZirMEknNwnoLhKGqHrRdrADRY9kK:12000000000000000000:OKDOT:OKMYTH
15z7tp1HxwTL1ozV2nPTVccA4EdHHDKKvzXV7RKbDqaLyDEx:12000000000000000000:OKDOT:OKMYTH
13BHVhqZAHpF7ig1T9DqUVi5ijVHpodjdg5LBPCKMptTcx9t:12000000000000000000:OKDOT:OKMYTH
16fYKNmaHWescP36ZdYkKxkkF8hrAUZgiS5pVSGjD4MWi5r4:12000000000000000000:OKDOT:OKMYTH
12KnP5veuyCjJ1GeuaXS3ZSwmeT8Jo9pLDYxHLduUJsX1qHZ:12000000000000000000:OKDOT:OKMYTH
14jakyHKYoK8ipStUnWhYXGHwza386C6Y3QaKdeWoVQwGzZx:12000000000000000000:OKDOT:OKMYTH
14oicnWVXvL8Py7yA7VPfCiXNzhUZJbWZXC9k8yTjP3m2Tmn:12000000000000000000:OKDOT:OKMYTH
16JtEDQb8BurRaViTvTbjk4v6bWakMznKckRDcwkcy4rCSW5:12000000000000000000:OKDOT:OKMYTH
13ruePrqc74Gy9Egf3xPuPrJdkqTQySmWRzaACjabiSB9wBC:12000000000000000000:OKDOT:OKMYTH
14YwFLHSY8FgAaJEsg35fD9mpBiSo6bf9YogwDNRp5FairEh:12000000000000000000:OKDOT:OKMYTH
13X9oPmFqV5YBEMquFN3ACFDJUARvNE3qQSqcfzEYhdf78kK:12000000000000000000:OKDOT:OKMYTH
164mC9AWptjwdUWiaR3hLe6sTaE3yBwn1r7gRP5L4RPt35NC:12000000000000000000:OKDOT:OKMYTH
16GPEetoRH4yUEP6hNvwsRJAx99LDF7WhS3cxCqVjhrJnxUE:12000000000000000000:OKDOT:OKMYTH
15zyv7pyANN37dNxt9TXDoVK3aTt98TZnuSAV6JN87p7oDBe:12000000000000000000:OKDOT:OKMYTH
1476mLrxDTFNCngzgqTZGGkZ72fWByLDRVQb18jcsPEeUrz1:12000000000000000000:OKDOT:OKMYTH
12qdbdTKvvNhxWa44odiyJi1LaLxZwp1z1g2NwGsSvKZ3AsH:12000000000000000000:OKDOT:OKMYTH
13Am3d9yiQTnEAn5QaksUBg6LHP1QTozgfDmxtiWry8tohRS:12000000000000000000:OKDOT:OKMYTH
15XVprc5iPMqi3wEEp7TvCwJrVDJJDx2QfJ5TmtJcTZS99sY:12000000000000000000:OKDOT:OKMYTH
13Nb9Leo6RPqWCyshKGHzrbw6i6c4Und9cFx7aXAG4X3ejpp:12000000000000000000:OKDOT:OKMYTH
16CHetzUDsoZPBqLbhscjDG1aRJf1XLLb2MoBvD9xtJ56aZg:12000000000000000000:OKDOT:OKMYTH
14XWyEVWcsZT6o3jGFc2YmYRiXAdWfnKgyyAnazmGsazT8h:12000000000000000000:OKDOT:OKMYTH
13QbgNGWmK7vaZ8onZbNvPsqauRym3Q2MHjX8i7vEB7A62WK:12000000000000000000:OKDOT:OKMYTH
14Gg5qCijQa3qRb4bszK6NrHXuwAH4LuJvFuHfBF3jaM3Ujn:12000000000000000000:OKDOT:OKMYTH
14AnCd8ZQ12qpsjTbc4NSQ7HcrsKuJFKAPDVtx48xrdgQs3P:12000000000000000000:OKDOT:OKMYTH
15raUtNJMsUJnkPth8t9AAdd8eJr5d6291zEAXjFMFKWENDL:12000000000000000000:OKDOT:OKMYTH
16EtPEmM5jkWn43gijYRgp6b1GdTjKCGkzzD7qy5vBaBatuT:12000000000000000000:OKDOT:OKMYTH
14rrUjuEVkV3EtxXbpYQr61rp26N7LvLUmeD8N855cj3Ay4K:12000000000000000000:OKDOT:OKMYTH
131jW5aiAZ3H5Nc1FMr6U9v5PfA6ASoHor7xNUvr2E2DoVse:12000000000000000000:OKDOT:OKMYTH
12ZNenLewosxvkf55WLmDjTEpqrPpSYdEdZrQHMQWjKHvKhL:12000000000000000000:OKDOT:OKMYTH
12qiccLuKGhFHcjQWmY2QbazfjR5zp5gmEWMQHRfKT2CM7Bn:12000000000000000000:OKDOT:OKMYTH
15DktmWQwutndjN54GTq5QyoFNhnoKnh8A7e13tii3sanFDC:12000000000000000000:OKDOT:OKMYTH
1hcwrFQ1bBx96rnCMB7kPWE4qt6EkRyGPhGr4qk4jTmaTkB:12000000000000000000:OKDOT:OKMYTH
16bgbJoAaLcdNG75A6dWgFSJmuP3k4pwGXXW3sDNe7MLaf8H:12000000000000000000:OKDOT:OKMYTH
12WNg8M9WhUESs5qSKXGznyYmQmu2GpDrXsBtCu6gryX11T5:12000000000000000000:OKDOT:OKMYTH
15MfdqeD49q2tw2JJRr2xcVPDSuVM2b1qJAV1Cg2Y3siGkwF:12000000000000000000:OKDOT:OKMYTH
1hAmzxg66BASCGcF4nmSFEQHtqghKhR21X37d1sYMJLxpiw:12000000000000000000:OKDOT:OKMYTH
1gtE7sBy9QCgajMcMAiUv71We366Kqpnct334MTPnyNa8Yf:12000000000000000000:OKDOT:OKMYTH
1PmSSqB3ioDCj69q5WSdz3dzc8hZzAkfvUT8SUv3NkaKuLC:12000000000000000000:OKDOT:OKMYTH
16M8cnD1GAVn3oVBwFpVHbM6W8XczKkkq9rDNr4TovhpUuSt:12000000000000000000:OKDOT:OKMYTH
12hYRrwZdmzPDkH4r3b8JuExeKFezimwZK5nQnpMwhv1y37t:12000000000000000000:OKDOT:OKMYTH
129Eb2cCtAkRzCxz1UPVA8kvyurGVz7wcJgqnQtkx9cqgDQg:12000000000000000000:OKDOT:OKMYTH
1vCByPc4Z8PBYJNka1Wd45qkVKF1f7vnwkxAWdNdTujGpQg:12000000000000000000:OKDOT:OKMYTH
1zwcFNHy8zBpYjH1pC5LqJzMFcLo343LKzTrpfathgxSHH8:12000000000000000000:OKDOT:OKMYTH
14b2CvppUZKvxAnE4au2e1bmdc6dDuY5WiN29dPZUuaDjRqv:12000000000000000000:OKDOT:OKMYTH
14dDZrBL8A69nykVNHVMimwwyb9hXxdj9YH72TYwS5BX1w3w:12000000000000000000:OKDOT:OKMYTH
14HtpDojTp6zXD11mq5M3yhaaXykUHjktTqfGMhoBHCBP7gm:12000000000000000000:OKDOT:OKMYTH
12q453mc9QW4hbMooDpoZy8Engo8iG8WRJWwgW4jxSiKuGxx:12000000000000000000:OKDOT:OKMYTH
12paayYadhZUxttDJqKtu1EjM2fQAMPxQzR5M5iMXYntHnXS:12000000000000000000:OKDOT:OKMYTH
16bACkNzonRje3KvFD7CZymfMuAXPkkeFQWveyT5aRVobzir:12000000000000000000:OKDOT:OKMYTH
15CLAcWNFMeqLCwJHP18amGWRwaB4VowkgeWC3NM6VAS5YFQ:12000000000000000000:OKDOT:OKMYTH
16kU7mT7mbAm121xCxQ4r2YKiLSVsdSKDuCFsXDbFnJGyhua:12000000000000000000:OKDOT:OKMYTH
1412MiW7GbkAwBE2zc3ktvEz3WfRHiccT85yyJaizd4rcvnR:12000000000000000000:OKDOT:OKMYTH
11cJAYEEaAdaquTTntFWw4Vx2Txj21jWrWB4yKF7LFzvdnW:12000000000000000000:OKDOT:OKMYTH
12xxb3vpmVQ5zawtWQrdqiqSCFKA2WcbsGC71TvLp58FWAQE:12000000000000000000:OKDOT:OKMYTH
16P9nUGe4oFfH3EyddnCAunDusiKaMznH5HBRmreXp9AJhN4:12000000000000000000:OKDOT:OKMYTH
13fZsw5K1nboAbstmFE2HbhC9tfiajRWm3mLRXtFnJevqi49:12000000000000000000:OKDOT:OKMYTH
14Q93exij9Cr6SdcHNB3hdJJDFC8kkG93pzzjGQpoPAdWxgz:12000000000000000000:OKDOT:OKMYTH
14Avd5axbWrXb435KaZuuGW1f2KKqxoaSwDzEn67DZW43nF8:12000000000000000000:OKDOT:OKMYTH
15Y611mzKezobGM3JGMYxN8ExWgNTvBtZALXukLCCUzHKfom:12000000000000000000:OKDOT:OKMYTH
1B5x4kphDF4e15WD5EaAQMHXZvM3RUjQ2sb1LbD7hrj3oSB:12000000000000000000:OKDOT:OKMYTH
16L1XAUSZzmJRVemE3WPqeUNxuU1iNpYHJCrpcQwrPmTbH23:12000000000000000000:OKDOT:OKMYTH
15fMkCgdqohuV4G81Ec47g7JRbwkotdkEvQt44GidDK6Y9Ad:12000000000000000000:OKDOT:OKMYTH
12LypiumVvCxs16WFJe2AnS2GS5Rb2yDcaZhaJ21R6pBkGxV:12000000000000000000:OKDOT:OKMYTH
14fgCogWuVadpq9PFY1DYqCrPoqrz4tcBM1iUm8RVDHGFZ2L:12000000000000000000:OKDOT:OKMYTH
1Ccuk8yuYStpw1KTWeifStCBuLD8HRQ2DYgq7nnkVqYboHq:12000000000000000000:OKDOT:OKMYTH
15zfc8W4bmsc5EA72VTc1ducCChTEivk7nnp9vm6YZs1HFqL:12000000000000000000:OKDOT:OKMYTH
14istG9qqz1Zt51yzLJDQeZbAA92dthhBmEQ1DPV7YnauK3j:12000000000000000000:OKDOT:OKMYTH
15VxunSNHTs3gCMHepZnx15HxXYZoGkQWzUKXb6ibbUm5HbD:12000000000000000000:OKDOT:OKMYTH
15GP153eXLWPUhfvJbZgjVxZxT5iHf26fPrRxS44E1vLfXNh:12000000000000000000:OKDOT:OKMYTH
14Z8BXoVicuRYUaFaRTH2Nt3QgToGnzW2hXyEAuU2ykGqXFP:12000000000000000000:OKDOT:OKMYTH
16fwoyKGt4qUNXjkNEf42QYjanBaBxaSFgjMpAwrd5e3Ncr:12000000000000000000:OKDOT:OKMYTH
19Z6QMd4sWJKi83NCUnUWmse7wbaFapJqYyRc8QUVVqVvuH:12000000000000000000:OKDOT:OKMYTH
14iqd9fF6yvsQkNsXYYKo6gV6vAV5GmbwSDBVroyrtfhN7VU:12000000000000000000:OKDOT:OKMYTH
14DbbXMi9NV7XUBabsy624vU4fMQxkRW5PTJuW9N3iTCHQtM:12000000000000000000:OKDOT:OKMYTH
11AGPBvsNGzY9CNsja5oqasAMqHE7y8Ap2XmftjC4YtQiN1:12000000000000000000:OKDOT:OKMYTH
161tx4krsgidY2bNXgoDbU4zQTEFex5WV4rTcEpUwpV3X8US:12000000000000000000:OKDOT:OKMYTH
13qZhzf25BGBPxSJ2UrrCj5Lth11dWDNsEnXVvRy1WJjSmBX:12000000000000000000:OKDOT:OKMYTH
14vVtWT2ifgpKGfR6rjpQDvRea9sUxotY3yBdiinRq4uFhry:12000000000000000000:OKDOT:OKMYTH
124HPcvTNHwsrjFZCVVuu4VyTp8hsfrdVVvfkwNpsEHFLeBb:12000000000000000000:OKDOT:OKMYTH
13vA89kdDcADygoXMYfbqexcaGdswMLQDhuGhYJD6Sy8JA48:12000000000000000000:OKDOT:OKMYTH
15pYbVX7sya1ok1Tojk4YQSwQU3WPpC7rX35XyGJjihmC4F7:12000000000000000000:OKDOT:OKMYTH
13E1gR7SvHZWWdmYX4UQz6jpUvWnYNQhAnXsSeWGhLknr8ef:12000000000000000000:OKDOT:OKMYTH
141ZKjrnwSP9NGzWs6Sb4PqqwHdmt3DuRHZ9udkM6DQ6n57f:12000000000000000000:OKDOT:OKMYTH
1upopDFzF7tEDJb7UpN1Fbz3N7oD4NrccVNECpYhxcCrzoc:12000000000000000000:OKDOT:OKMYTH
1fZo5C72NYAqyg7L5G1JL5XNgRk5SKnUvsEBa7QiNWtinAL:12000000000000000000:OKDOT:OKMYTH
14k4JunD6iXjeHf1kBq3PcDCd2kxcKKeirJUm1JiGmsBL5oT:12000000000000000000:OKDOT:OKMYTH
1rBMorFCANrZ3QBc8ncCncQGBp3Dd8WNJ3VVriWxUswi339:12000000000000000000:OKDOT:OKMYTH
13atLHrk2GP4Bnh9ouHeVqB8SFVCpK1Ak8qwCV7oNNnY8gXh:12000000000000000000:OKDOT:OKMYTH
16EKv21xJU5Rgb9aWNPdTRCjR4b3wB9pKT7h8H8mTQPCVuNm:12000000000000000000:OKDOT:OKMYTH
14Rr5m4ZUCUqwZAXHC6z8ngRH3YXZiPUtLgJB38e5XYpveEZ:12000000000000000000:OKDOT:OKMYTH
1j6FR5KuR9UtfwcZm7hqkrcaxkqpVHphP6a43ioCgFTHDH4:12000000000000000000:OKDOT:OKMYTH
12xbnEUcjovvUN3trixLfFPdBpW4VEuPDmsqawRmvPjocSUY:12000000000000000000:OKDOT:OKMYTH
12Ax3wL6Cuu49hT7YQDbismgpgjHNBxEQsodvRJABfGbRGc2:12000000000000000000:OKDOT:OKMYTH
14NNAfNwCJ2RfwTNg9kFFXbYWYDcfxwt6aWUQty9jFx7hcvV:12000000000000000000:OKDOT:OKMYTH
16LLxRe1QQtE4azD1x5yNEMnpH6soRK1Pz79dT1aPm3ZYnc9:12000000000000000000:OKDOT:OKMYTH
13ijwUZfWdvTbEsTevbTq8P3J5os4MQCNcPXieEmT2XK6XbG:12000000000000000000:OKDOT:OKMYTH
1dahVeZfzreq2QSGZZN3z2Zscu6B2M4ZvL1PmrRDPiEATmV:12000000000000000000:OKDOT:OKMYTH
12WPRd492BrPUhEebDrknZTC9fP6F9Z5uXVaoRcBND2mC1pk:12000000000000000000:OKDOT:OKMYTH
14TR1fxiXsm42vSr7EUU5zAyMPmD1vaacMKRQpYhKGXp8bvn:12000000000000000000:OKDOT:OKMYTH
12NvkZ3RtKzhCbg4isjA3zMbFnYVjo1eeqeNwzC5aJKuSnYj:12000000000000000000:OKDOT:OKMYTH
16jstbX6LJvM63hAXrQKAPMXiu1gZm3rMarzPiLe26butLpq:12000000000000000000:OKDOT:OKMYTH
122KPzR1NuBYJcCXBU59BYB2HToD4tMKY7zajeVqemm54iw3:12000000000000000000:OKDOT:OKMYTH
13x4BQNDcm92JMhzLzxEC5LSbTzKCtZdwx93y73nYmGfq3AF:12000000000000000000:OKDOT:OKMYTH
13RRxyNqkPXHLtrEXtWLMFwGJDfMmM8BkfTbT7cua3f9WDTf:12000000000000000000:OKDOT:OKMYTH
158eeLTrfmW6sn5w2kxyzjVH7E8EwJXf2s7KgY3fAx2hrCeK:12000000000000000000:OKDOT:OKMYTH
15DWUXjAt5weLETs7VufkQptFTWL1UQCVuCN6kMgodoEkhTD:12000000000000000000:OKDOT:OKMYTH
16RPdvxpqyzkTsej1jLnqc6S4WWdnNaJ1jh5TeBhS2Wqvn6c:12000000000000000000:OKDOT:OKMYTH
15CSCXTf95pyv1TiPuU9x6wvxzbigTunmk9YPgX3LagfMWw9:12000000000000000000:OKDOT:OKMYTH
14b5EM9TiKrEKPE9p6MQ1284sy3oZQ7rkBB3XNhDewWF2vq5:12000000000000000000:OKDOT:OKMYTH
14RaUyEf1UFcwqg8P7TfxJz6qTCyeSUqpBxsunZgUkb6ZgRL:12000000000000000000:OKDOT:OKMYTH
1695bW2E3gHr5hj5ZtLNC4ugi2woGdg98ENVQPXMuHnjsrqU:12000000000000000000:OKDOT:OKMYTH
1tpGaQiqqkBDN6CNnZon2o9T4xZbyKHyJ8AqHB4tQFnneMb:12000000000000000000:OKDOT:OKMYTH
13GxT6Hi5X55JPDKfcozRANQx7wG2AMD5f9htpXgX1wUmxsm:12000000000000000000:OKDOT:OKMYTH
17PWzKDuQM3mLBsyx1UZ9boaJSVxL7ZNp6U7WHxr4aAsjPV:12000000000000000000:OKDOT:OKMYTH
128xzHcEQBJ8PLCrETXDViA2RT8e2jTYRbFTUvVgTN3QeW8k:12000000000000000000:OKDOT:OKMYTH
12jhwpaj92yMk4T3VcLEzQLAAaLy2jL1wGHKr6weRcyU8H4H:12000000000000000000:OKDOT:OKMYTH
15R8TdryqqxXrcnWAwEQoR7fv4K7ghhtfKcbeghFFzvgMPyS:12000000000000000000:OKDOT:OKMYTH
15qWvg2CrakFqZxTsgJygbnWB9E3KCy88QqzBoXupKTeG7sS:12000000000000000000:OKDOT:OKMYTH
13NCLd3foNpsv1huPDzvvfyKh37NEEkGFotZnP52CTR98YFJ:236000000000000000000:OKDOT:OKMYTH
