16YTtoHKZoG7vRmhj85BzrhAMb13oG8F94vsxQYWn2cJjNiu:12000000000000000000:OKDOT:CHECKMYTH
14Eb5awhwPBDS13awvGENqP7EBHJepCPEjzHBwW9nbbdzi8E:12000000000000000000:OKDOT:CHECKMYTH
1432YQCuhZvZkuFNQ7igVk72r8V1mqdFmF5kArKNjZcA7y3h:12000000000000000000:OKDOT:CHECKMYTH
15bAH3Tbi8D3WzEq9c9UR3iUvgFPLm4k51Ctv4f7JqDgQ7TK:12000000000000000000:OKDOT:CHECKMYTH
15f26XDSuyGhoTFqQ54d4eojkTdDqdQsprEfmeQuhA21YHWJ:12000000000000000000:OKDOT:CHECKMYTH
16YqF9t6UB95VAycUz21LZmrFj2zq9jKRfKMNWnXJk9gTeed:12000000000000000000:OKDOT:CHECKMYTH
15RqKuuKgDAKd2okJ8HN8moQKPW63U7CqqdkU8pKbGy3L5YU:12000000000000000000:OKDOT:CHECKMYTH
13JpJ5JXWzRixyTbVA3aKH9qX1bspBYckLMFqk9mWMReXaYY:12000000000000000000:OKDOT:CHECKMYTH
153vavSZwNQitPbzFSJ1ehMNz6eBK5yNRGcYtpQNLXVDDFhs:12000000000000000000:OKDOT:CHECKMYTH
16FYS2ohZmCbHp52gCtobHtdB12LDzxSgUtW84yaXBisTdjM:12000000000000000000:OKDOT:CHECKMYTH
1Y6oTdD5egVLsx4S7vLLTYoAS8AiKZG76zSpqLwWKhp9aSe:12000000000000000000:OKDOT:CHECKMYTH
13uqabdWN43mwbQewQBTWEPuk5R92a6qgBGvA8hV4LAxPH3h:12000000000000000000:OKDOT:CHECKMYTH
13ELbxiZBW1tpDYNNJQ3obRHoGJ96Y44Gg1e1AigR6Pw8pR6:12000000000000000000:OKDOT:CHECKMYTH
15bL9zhWFQopjt9Yc9TkkMebGLz8rJC5oFD172KeChEATZ6i:12000000000000000000:OKDOT:CHECKMYTH
1KuzrijEEXn56ynoFQ8oThGX7GvqBEUs5YvagzZMGGKZ79W:12000000000000000000:OKDOT:CHECKMYTH
14EkDZZU9axqCme4ThXUTtagvdp2wN1KWD9rGbzNZkqHWkiC:12000000000000000000:OKDOT:CHECKMYTH
16Y3tcGEvR7vhQL2cQXABs8Fq9Rc6iU9jt8ihhz22kuf67XQ:12000000000000000000:OKDOT:CHECKMYTH
15j99pxACzETj9AshdgTyE2vb8jfCnKxQ39MX3KoYxMFCVBp:12000000000000000000:OKDOT:CHECKMYTH
14jvcbVq9u37b6U9cMv11wHDSnhdNo8Z385nRbUN3nDDWQT:12000000000000000000:OKDOT:CHECKMYTH
16VKH6wLzJg7ruWay45G6mfkMKA4Wez8x37gMW1zuKoP9JWA:12000000000000000000:OKDOT:CHECKMYTH
16eH7HLU8AQxPdWBRs3nrNbiG5knTrFPDe3bNECKnATYLxuj:12000000000000000000:OKDOT:CHECKMYTH
16UPj58BgwrsGTNxPhazjoL7pM1GrF183iedkPZXUhJeaUu5:12000000000000000000:OKDOT:CHECKMYTH
12ZYR3Pj488Coft3Kw56CH6pYucUhJ2GCUSEK5tvUnDiRyAq:12000000000000000000:OKDOT:CHECKMYTH
14t4VZjgmroR3ZQyzfRb5peQoP2EaoDZe3F8mi2jpN3XUk4n:12000000000000000000:OKDOT:CHECKMYTH
158bAYMMapP8iy4iBfgruh4oHsxPYErUUSshiGvBp1AkwXEr:12000000000000000000:OKDOT:CHECKMYTH
14eW4HaG7gfuLLPZ4LusqYAZtJrify6LbsAbwwXTjRnMZiuJ:12000000000000000000:OKDOT:CHECKMYTH
15Fcb8Rdnq6c66F7a1wbyRadfKk5sHMNve92D14yTTT8ZRtw:12000000000000000000:OKDOT:CHECKMYTH
16cY6qmTNFu7Pr76RE2d91PbyVTyS7fisF4FfvB1b7Gw2XGd:12000000000000000000:OKDOT:CHECKMYTH
12D1T4BeELyP9tfL8MH55YNMacYKAYx2yaxiaQqHqFT5iBqy:12000000000000000000:OKDOT:CHECKMYTH
141SFvCNXv6nehwS1QsT2QyKgEdrDJEBWg4GwtPB4GVZhLin:12000000000000000000:OKDOT:CHECKMYTH
15Es4cnVuD7VFoWUEnofCBnia9DoHjLchwLtHpHCnPvU1VMa:12000000000000000000:OKDOT:CHECKMYTH
13heXwd9hYdQkiyqLS951LBSuyzUZhQQYXy6PQS5wR1uHANM:12000000000000000000:OKDOT:CHECKMYTH
16SkcdR6JRwVa3hCw9afgZXSSo7fJUFEbUiehmeWkoWd8dr5:12000000000000000000:OKDOT:CHECKMYTH
14asnGNJ8jNvrL3b9Wpym4yVwDufQQTm9aqfUZZrLa7jwnz8:12000000000000000000:OKDOT:CHECKMYTH
12saSjP3ZaFW3BHj7Cp8dgkQPsWV3Kuz8eFeZA52aT5PF5g4:12000000000000000000:OKDOT:CHECKMYTH
15mHateY6jUxeBdRGJjMKAKSemhARv3iSPJoKwuiBsgKH5tw:12000000000000000000:OKDOT:CHECKMYTH
16g4uvppz8fhabW4rNAK2sQvKAaeB83FocCFXE71VRA8ZLeG:12000000000000000000:OKDOT:CHECKMYTH
12H8u3P18xsGCugB7JLcJDmjEQex3BhF35RPbzapVH7VaKTB:12000000000000000000:OKDOT:CHECKMYTH
14XRuGagFZrgPhtZyfp3BJM1eeeY7brW4qwvjyyqYkrknUJR:12000000000000000000:OKDOT:CHECKMYTH
14ekYoM24gndjbYEddeRAR1SMzNJFZEbZwSPQ4J7caB3Uqu9:12000000000000000000:OKDOT:CHECKMYTH
13MxGopDzhtC3aaAg8zmHcxF4Ec57QVwyYqnE9BSrKXWaVtq:12000000000000000000:OKDOT:CHECKMYTH
15g5CKWN1VR3fjWcjQb7QkmPE8XYavetegA7npuyHw1wE7q1:12000000000000000000:OKDOT:CHECKMYTH
16c3CfmoysL36RLHwbFZKbSbNhPp4NFr5pV3sXLnHbBgbX6F:12000000000000000000:OKDOT:CHECKMYTH
14oW6M1mKGAqhLPVs82U8e17EuyVkBe9ZgBRRS9ZfNMrXXXB:12000000000000000000:OKDOT:CHECKMYTH
12XTvjmafngTymmj5hQQ87CEDb5MuehZB8QE1Q1by5b58jXY:12000000000000000000:OKDOT:CHECKMYTH
15NjVbNaavNuWGU6hNeHsxphs3CSpXfMprmTTsWXZT7H193v:12000000000000000000:OKDOT:CHECKMYTH
149rKQrXMzkkYe9Y1WbiRQ1fEHKCeAyNjvi6sv9BRqtQqkMo:12000000000000000000:OKDOT:CHECKMYTH
14zPxSV7QWyMQ4TqCvqp6QGNr69GSnp5PNfw4DRqckceNwm4:12000000000000000000:OKDOT:CHECKMYTH
16P99iYe777PGW8SodroCzwjJSJ63KCSuyWkVWVK8ZysEHBP:12000000000000000000:OKDOT:CHECKMYTH
13DKPJcRHVU2G7jh2pPQMbWgQLhvykUM3wLSAbpBRNFn3xZp:12000000000000000000:OKDOT:CHECKMYTH
13cxKAyhjvqtrHaWpQSGEiMrHJzrVa4jgBmR6jjbMmnQhi8C:12000000000000000000:OKDOT:CHECKMYTH
12yttefdG5PU5gh2WSHdX5TaY4AEvkTqBLnmp8tmGExMp6p3:12000000000000000000:OKDOT:CHECKMYTH
14RBftuuXoGXqTkpuKUqNojXfj7m7Aqrq9NxfWJSHeRNAXqA:12000000000000000000:OKDOT:CHECKMYTH
16bxc6T7VsjUwHTSXC7E8e3FH54NJNMYcqqnv3nsa1pqKBBY:12000000000000000000:OKDOT:CHECKMYTH
16ZBwWe2fefFsj64v9McQYoo6dzZjbKShgvD4JMx3sCCLPvA:12000000000000000000:OKDOT:CHECKMYTH
1ReJ8Xytw8D1xGoEpJtUjneKpk3n1Cjyjvd1ygZLv7oU22k:12000000000000000000:OKDOT:CHECKMYTH
142WKipHLaGx3iSGbwzhDJiFECd6hZZsKj1sCeU8CLMyic1H:12000000000000000000:OKDOT:CHECKMYTH
14NzqLnN73kAh2S5518CKDFms62zxHwGeJLeqgGn43hMXTdy:12000000000000000000:OKDOT:CHECKMYTH
14pk8MRprefGAYvCNxMv7t75yQUhC2KUu9BjZu8RNKse9HKZ:12000000000000000000:OKDOT:CHECKMYTH
13JMaosVPVTixQ7ir47ktkJ3gPGqMWX2wKmwKwsLqs4AbDDD:12000000000000000000:OKDOT:CHECKMYTH
148WKHz8PbYZ7i6JWyyeNGSfdpMZfioS23TurNeadj45kMmP:12000000000000000000:OKDOT:CHECKMYTH
1orMbAa7s3eQGsnwLHkVydjMY7DwjebceA4KyqDUEwj46Vn:12000000000000000000:OKDOT:CHECKMYTH
1eTqmWjdhYAfQ74p2v6F9TfHFnbCpghPAUDNU4a7uDxQojJ:12000000000000000000:OKDOT:CHECKMYTH
1eWsTvDdysKpguaf8Yuo9suMPpAei7wiNYp8zZCPRDutDTY:12000000000000000000:OKDOT:CHECKMYTH
16VHJz24h6fwbQEsEfY8SQ1cNT3AtLSBH9ZJJoMqH2dQ4znT:12000000000000000000:OKDOT:CHECKMYTH
1ECDiBpdVbnUhsw922UEc74e6U8St4beddkPa63CsyBcL6u:12000000000000000000:OKDOT:CHECKMYTH
16dLkYTC8QWdcrWRXiVu5MEGj7XiivaUmeGeUNkpq6tSjZnx:12000000000000000000:OKDOT:CHECKMYTH
14G9YsCZsom3s6SbWeVuedUeEZczDnssgkcsL7VRJmeQN2F5:12000000000000000000:OKDOT:CHECKMYTH
14E7DEhdXtnfALwqNCPuepf2AvnZFBvTQFnUsemBRd32ttwe:12000000000000000000:OKDOT:CHECKMYTH
1SugcfPvGsxysf7fNapc9DYELVbukvzZmiRA6VJwoBVypGV:12000000000000000000:OKDOT:CHECKMYTH
12HPDJBEkHULYGtG9SmrxYe1YRq2qFwde7Y7iCFWYNx5GrnA:12000000000000000000:OKDOT:CHECKMYTH
14rbCDw7d69zUbWMmBUUWUCyEshhw6mrceYeRy37Si54KKAX:12000000000000000000:OKDOT:CHECKMYTH
14DRNwjU6vfEuAyJt6vX8ViQ94AsrwCXQMGeLszFUhxJTGAw:12000000000000000000:OKDOT:CHECKMYTH
12PzyLSdCaVVkrDcXX4feMJ9mfm6zLYZUEDNdvtYL9ZVQTjU:12000000000000000000:OKDOT:CHECKMYTH
14dFWZH85in7z1gf4ku3HoKS1vZrpg3Kf7b7DzHnQ3C6fWa7:12000000000000000000:OKDOT:CHECKMYTH
1XbaJmn1CTaHqe2UToCUnghcrNGjqFiMQCwNQNa9GxZDMvm:12000000000000000000:NEEDED:CHECKMYTH
13W3f51HhmNiYjxivETKo8AQWwnLWgWKJc87QLkogcuH5LGF:12000000000000000000:OKDOT:CHECKMYTH
1BwwnKuE5rUDgptaZcsGfo3hfgNka97Kea9XwfBRNGF7Mmy:12000000000000000000:OKDOT:CHECKMYTH
14nQRLQqMNogksbWFhcxJgDB9kMgxprofeRZngtR4eLYjJc:12000000000000000000:OKDOT:CHECKMYTH
14Vz7R18fDbJTVAVdzHZ35yq6DCKzo5NHDi6YuyaC7WTbhSf:12000000000000000000:OKDOT:CHECKMYTH
12T8Ee9FdXVxjoZADHMw3jSirPLuPb9qGvQVKcNBVa9YnAhm:12000000000000000000:OKDOT:CHECKMYTH
16eGURwd8TN3aa1cETQYqywixgckfTb4x9mksJEQA7RzvHjz:12000000000000000000:OKDOT:CHECKMYTH
143nfvRcL3R5pfRJBoRH4fS4qwcYQSnrZSFweziDz8muyggy:12000000000000000000:OKDOT:CHECKMYTH
12YYdk8C7STm2jzbsc8HxheZTMPLyoVScGmAW4miVzxqw49u:12000000000000000000:OKDOT:CHECKMYTH
16Ph7QX9LXxnbZLTwDy1hEBi3fqZmx1yuB9qHhNaC2wCr8cT:12000000000000000000:OKDOT:CHECKMYTH
16d7VBFJGQQtMPetCv7eMeZYWrBPF2465EeXKD1sjtq3HMjs:12000000000000000000:OKDOT:CHECKMYTH
15ewrnmyWKxQSLHf4GSVdUzhJkbif5oAu5GEKoBHzetf6aUN:12000000000000000000:OKDOT:CHECKMYTH
149JMuB239YSnSrzTxHHEnrqoCcint7KfmaVzFtC1T2a4eqt:12000000000000000000:OKDOT:CHECKMYTH
14EiWb9gwVwXhKV2omoPwREZErVzXjvUzt5kQVEa7PGhdCos:12000000000000000000:OKDOT:CHECKMYTH
14JTfynLV4yK9vcaQXSvhHJ2P4o11WovbHmfTnB9sAXXtgR3:12000000000000000000:OKDOT:CHECKMYTH
15Wyw6VR95Pdk9NQGUoMwiDh2nP5ENFa37szp75TzgAA1dzr:12000000000000000000:OKDOT:CHECKMYTH
12e3oz6twSkff7j5AdiUTxZzVKntHjk6aLk8piMepQD9JtRC:12000000000000000000:OKDOT:CHECKMYTH
15pK7DecgDsEVqMEdsSXiANcdSkkZmh73RbwPVgVRf6vkhcF:12000000000000000000:OKDOT:CHECKMYTH
12FrWZcCWiJMaap1NgHK3xiwzMWZgsqJV1wpvun3iXeNSPS2:12000000000000000000:OKDOT:CHECKMYTH
15AMfJ4FSqdhdcdaXgtEqghtRThftauFSu8UwfoGiCLi3jyR:12000000000000000000:OKDOT:CHECKMYTH
1NiNPeaeWwg9bmj3TmWQoTVa4aeph4AGdbdhbH8ow2y1f1w:12000000000000000000:OKDOT:CHECKMYTH
147Gf3AnDedyCo1uiHTS6hk7reEYMbdtAgMH5rnQQMeyqEvk:12000000000000000000:OKDOT:CHECKMYTH
134eimxWncebg2ubKeZjePmJSZibUrhqtFcRoi5UKegQiX8U:12000000000000000000:OKDOT:CHECKMYTH
13BDDV2A2BrySwKAz6CC1fioqvY8RFHmcdgbJyhhAP7xzdED:12000000000000000000:OKDOT:CHECKMYTH
12KYNfCWk8HHFoh5La7Rm5cnMXWemuKoih48ApPyHg7e7vFh:12000000000000000000:OKDOT:CHECKMYTH
16D64GZ6k2JXn3AdX8jJadWdKXofsdbdwrZBVar6rXvLB5xu:12000000000000000000:OKDOT:CHECKMYTH
1kZuLpBWu8LLVXH47eovZ33cWRZR8iKdfhqeWwfeGmU5Ffz:12000000000000000000:OKDOT:CHECKMYTH
1KtK1QtMTXi6jQbaW55XdU4WEeCw7w9Vtcws8YFPgFzgddN:12000000000000000000:OKDOT:CHECKMYTH
1WhA2SFuLhbmXDjh9LivH1GhR5wd3BaXnJMoQeG8ao67wBJ:12000000000000000000:OKDOT:CHECKMYTH
15M98k8Lp1DLRhAJXhUMB63u549NDZ2jG8T1rFEVTg7fhmZf:12000000000000000000:OKDOT:CHECKMYTH
1C6oRQsMhcVq4cREEkm51LdBS8CAHtMhXVrFKnFcRqE88EU:12000000000000000000:OKDOT:CHECKMYTH
16XrPyuFzqEBimeAEPwRBkbMbcJeEEVJxzmSmko2Qpx7nAYU:12000000000000000000:OKDOT:CHECKMYTH
14vRSzBghCpLHKox7fauMCakztWi3zEFZMJH1EByymCEeLTy:12000000000000000000:OKDOT:CHECKMYTH
13463dYDci6pBGvE89EmJv1aDX8ABAoPqEtHN6qhfx7LsU1b:12000000000000000000:OKDOT:CHECKMYTH
13S8eyeuCrEX3FDGVLV8y4jvn7DsN5suC9UmRUMoFmXHcTKN:12000000000000000000:OKDOT:CHECKMYTH
15fXrcD3CZ6SdQBtwH49rVCrcrcPZ9CK9MQyZTtwLsLczadQ:12000000000000000000:OKDOT:CHECKMYTH
16YXmAMG8ss14gK3VWhB1xAvEYG7gXK2yD1146CSFXMrX8Kc:12000000000000000000:OKDOT:CHECKMYTH
12zA7XRYeuB7U3q5RszESKPG4WySNvjomKpqoFfKRgR7Pzrc:12000000000000000000:OKDOT:CHECKMYTH
128S8x4Av62pvzKHgJDYRs9RR2suDTw9LYmPRpnrsUohLT3p:12000000000000000000:OKDOT:CHECKMYTH
15Hsi8w3TgmVFKFg76dWtcYnnE8MX8rzfNWQraJ33xfztFEK:12000000000000000000:OKDOT:CHECKMYTH
133Q2qr7yU3qYf2i97WHp8myMJm2UnMSLe8q5aRUCCzJYD2R:12000000000000000000:OKDOT:CHECKMYTH
15zaR14QGgP7nZFtVsbNU1MJ2y5pAYkZND4U7NwTZ1mENaQe:12000000000000000000:OKDOT:CHECKMYTH
14UepUTLMmNPZKYdFsjxGksZmkdH5VRxa35yDNfpFCarwAja:12000000000000000000:OKDOT:CHECKMYTH
161gjT3M3T4BELeM4pn8sPgXY6rCuV61U1BE8FRDvTJd3eYU:12000000000000000000:OKDOT:CHECKMYTH
14pb79hSHZ2pcUXohVM1LHzUtC3uGfRJUqGsYDfEV6nkvuk6:12000000000000000000:OKDOT:CHECKMYTH
13QKQgU2NEU5cJF4LfThReTFU8pAd4wVHLSQRmEeB2YvjPWK:12000000000000000000:OKDOT:CHECKMYTH
15EimNX48hJVmFfa8Gkuhg6PrQ2AANFsQSZs8SgtuZEZMCb6:12000000000000000000:OKDOT:CHECKMYTH
14qyn9b3hcf3U7dubUhkfCBMvju8ZRpY4cd67fSFPFhJWtAJ:12000000000000000000:OKDOT:CHECKMYTH
15yQAwVzPAufxqDW85comYfkaVvevLNYX9gJa2yGz7CyDeFz:12000000000000000000:OKDOT:CHECKMYTH
125tEUxTRckAvjx5wWSHK1iEKGdSNMpx3Rs55qdTrfCdjL9k:12000000000000000000:OKDOT:CHECKMYTH
14cnoCrwCAESJPNmjAqVfToVukAHh7HQktw4Su3huzWgynWo:12000000000000000000:OKDOT:CHECKMYTH
1z39sZsGEYBuYru526bb4WdrkbnviwGYjgjmwJFSTz8iGWf:12000000000000000000:OKDOT:CHECKMYTH
12zgBqBe2RRH3hJSdxa9AvZUUr2rFYFGcBw33oRaFfHZyszj:12000000000000000000:OKDOT:CHECKMYTH
148sSqBEbo9wh26Zqib5mNFeFSt321p1QFMFcU3dLsYgduGi:12000000000000000000:OKDOT:CHECKMYTH
14uP2YUUzn7Qu6zbWNEk5tE5EjXuQSfvTTBFxdSAGjzC92uZ:12000000000000000000:OKDOT:CHECKMYTH
14XkME35B1hZ8V6tJS7rNr5yv6VQWU1EPcb3TJsvQPos55DK:12000000000000000000:OKDOT:CHECKMYTH
14kEUbxijr1cMQZG7gotoPH3s5sW7qcJuNBsk9YVTnq9cCDn:12000000000000000000:OKDOT:CHECKMYTH
16GLVcvZJmifATebREGGGJPDyzvrpZtGmZcZsSyo9TaAAuE2:12000000000000000000:OKDOT:CHECKMYTH
16GH1p4NkPTFBZuuF865R513nto7eCDxLwE9fEEtQ62czF2H:12000000000000000000:OKDOT:CHECKMYTH
14yrpgM6uuURRoeyKr9W3UQVHwJJcF22S57SP6dBSPzMe5Yu:12000000000000000000:OKDOT:CHECKMYTH
16Yypj4yJbmRym3FqTxwsSE7XoZn2mQKwdUqtgbUcsr6czL:12000000000000000000:OKDOT:CHECKMYTH
13yZbtkPxf93oQCAGEB9fZx81NABT2MYrkGvji8aKcU4GfK2:12000000000000000000:OKDOT:CHECKMYTH
12SPAGQ2yUqauYgZLV2YegNDdfHm7w5PvRTG3bE4v28v27dU:12000000000000000000:OKDOT:CHECKMYTH
1UrThKzxmFtRxyXfhhpYQaXag9N468f35GkLshNTtvxXtzZ:12000000000000000000:OKDOT:CHECKMYTH
13ERd4PBztmow95fj99n3ikd2HZYFrrVSoxPUqWY7PtLhhNV:12000000000000000000:NEEDED:CHECKMYTH
16GKMgPBs94qRxSThRw2R6twxb69WjeRHUBT4XEEdBkHemkQ:12000000000000000000:OKDOT:CHECKMYTH
16W7w6P61pRiHKJ9wQx3jNZbynrPRw4VgJgh2qvfRbwDu3b3:12000000000000000000:OKDOT:CHECKMYTH
12h9b62Vsp1ZpRLqxRsBDgoVg2u3VC1muPCE5pf2P3KnDooQ:12000000000000000000:OKDOT:CHECKMYTH
12ihhmMLwrVvttXjvkbKxJZ79ycUbU6fmZahU5QmkWkYHT8T:12000000000000000000:OKDOT:CHECKMYTH
14bLxRQwo6HSU7d9t6YdFHg3Uzvfgm4DCKWxmwvTf2DCijG1:12000000000000000000:OKDOT:CHECKMYTH
12cZMHgxwzjnots5rNkKERbtxi1AeeBsAz5yMMB34gMNcXeQ:12000000000000000000:OKDOT:CHECKMYTH
13PfKQfHiJzCCYxsV6mjr1Un89iVzq4yjsdSN7gnLxGnJgxf:12000000000000000000:OKDOT:CHECKMYTH
161qhMLVyrLmPFSx3fGTrsx9Dx42D55zYoiG2A1cze3Ldaro:12000000000000000000:OKDOT:CHECKMYTH
16Y9MxxgjnmRShNDjjmoG3m157CJXhqAP2EHXQWvTCyHkieA:12000000000000000000:OKDOT:CHECKMYTH
16Ne5fEuKsKj6d9xaKKwWdbdMp7HRBMZCfk6wCvkzg6xS2fx:12000000000000000000:OKDOT:CHECKMYTH
16B9nLGqSSikrcw8ic6tnRZDeW2z9XW6tuf1PW93iw1uBtZr:12000000000000000000:OKDOT:CHECKMYTH
16aTdLi7FFw277jCK9roxPnyWG4brExjw1cbhkzRiZYVHPFb:12000000000000000000:OKDOT:CHECKMYTH
13adX9umX1h9cszjreEaSBiKT7THX5KQiQNE771gdADnvJJ5:12000000000000000000:OKDOT:CHECKMYTH
13puwY8KhWZVLmSZECZ1rgfRfEaPTsaSQawUQy5KQnu2kVdf:12000000000000000000:OKDOT:CHECKMYTH
129dzezLUBvMej6rS4xDYini7WSTzoux7tXeUoWrRSwknCAJ:12000000000000000000:OKDOT:CHECKMYTH
129vMmfVE9TLNVAMHabi26rhWeqcWgsZYcmc3aQiGzJ6H1nQ:12000000000000000000:OKDOT:CHECKMYTH
13v3tv5hkXhHuK85MM4GRA1jgq75BNsWwidwKJr8kukoudxt:12000000000000000000:OKDOT:CHECKMYTH
16aVdEHikXPSXeW1tXB88yoXoHErLyLQAPDiyoub3aBm7sY2:12000000000000000000:OKDOT:CHECKMYTH
12rpiXZS1cZMmcPXjwfiKrqhrM4vTuKoLSoi2M3yutC6fusT:12000000000000000000:OKDOT:CHECKMYTH
15RKC9eRVB9AwVA6p1cGna5pFeEHeAThUYXECsSLu5zWnsxH:12000000000000000000:OKDOT:CHECKMYTH
15PrQ5pEJiBkAztAysqGFFC5frHjDtTC1wXzhxu7a4GwEzY8:12000000000000000000:OKDOT:CHECKMYTH
16LKfT6eEkLij7HifJpvxAYNptP9mWmtJDvMgkj3j9qNSY3M:12000000000000000000:OKDOT:CHECKMYTH
16XxW7pYmMqU3HpymWPw77pfbPXS7orxm3ygByKhgfdmRqdY:12000000000000000000:OKDOT:CHECKMYTH
137hZx5e4YDaFNZgS5V31AcfvdKEHw4wC1PNeRcy8dXQQRwT:12000000000000000000:OKDOT:CHECKMYTH
16FuSQ5BhdTV1ExtRymRUw4Lecz1ZQahjpzwLaFHiYbN7W3Q:12000000000000000000:OKDOT:CHECKMYTH
18miU1prMXknkNYSmmeuV23m3kzMe5QA5LX3JUcncsqbWPj:12000000000000000000:OKDOT:CHECKMYTH
13tVKVxocisSA9PhW37bU26Q2xRDAKsutA7xqzR1Hq3JDTcn:12000000000000000000:OKDOT:CHECKMYTH
135i91pNVK9Pk6xkgr52PW4dhx11WF6EH8WiLLVL5cHBJBRp:12000000000000000000:OKDOT:CHECKMYTH
14XkVMYkSBS3Av9GqcNYVbrNPk8YChTWevjTiGeertod28hj:12000000000000000000:OKDOT:CHECKMYTH
131ZkoP3xt4DvGpWr8oJFBBjybtog1x9Mk6cbgVLCob2TdjW:12000000000000000000:OKDOT:CHECKMYTH
13fkdqqbbftHGpjZptMKSKnCYd4iTbnj46XDEChZGfpLMMxQ:12000000000000000000:OKDOT:CHECKMYTH
15Sh73YtyK3bHJrh2MNMkib2unH75m45Dd8tDVYe6oeZvAUr:12000000000000000000:OKDOT:CHECKMYTH
1vYRBAonyPrkgYhASLUjfkubKUaFDqcdUodXw6jyggCHMGC:12000000000000000000:OKDOT:CHECKMYTH
12PTqiGGJNeDq3SmfraUDgpdiwwpsYecCiMpm1AcDQjxefed:12000000000000000000:OKDOT:CHECKMYTH
14GVX41w4qpU2QN9vyNHRpCbcZFdkZaA8iffrWNTSEvUPU6F:12000000000000000000:OKDOT:CHECKMYTH
12oqGPfhhGsiHvuVsNj4whG6fXdSccVrN2wMiyY6s3Y6UiUE:12000000000000000000:OKDOT:CHECKMYTH
132wxQgphbXMCYXYDzTJjsJ9xPuBsqY6a9w1vjgphAP23VdT:12000000000000000000:OKDOT:CHECKMYTH
13c558gHeStvq7wVmqoZzzR3kLkUHqKcVJrEkwu6WCehueau:12000000000000000000:OKDOT:CHECKMYTH
12RmVUqRq4rrApu4dm2HbXAEFQkupz7qtEygj7hHSBrU3a1h:12000000000000000000:OKDOT:CHECKMYTH
12qi84h5APPSdEP9BmJB8WtfSz3bcb2xgVUwxScMdW5nAh7B:12000000000000000000:OKDOT:CHECKMYTH
13wp2Kv2GWJ3oee2tPpmWGKveGoaRN6ZMAAi1Loba5VqUzkB:12000000000000000000:OKDOT:CHECKMYTH
14KoBbJwJLJppD58N63TSUTfdgujKvmLxPSkDAXxyCgmf1AH:12000000000000000000:OKDOT:CHECKMYTH
13FLwYKzx3MaEW7igUwzrHMgBUJRn2djp9ZkFDnhDzms8kzU:12000000000000000000:OKDOT:CHECKMYTH
1LBaniYCHLKruRPX77FAbszUrPnA4wFjEBBVST99amaUV9f:12000000000000000000:OKDOT:CHECKMYTH
13JG183fa4JbQij8cETp6YWmGeNfjetrHH6nv2JKuCcAmmtU:12000000000000000000:OKDOT:CHECKMYTH
16idBE8Sy69yyvcPxoE68ob85XhvzkkgdRvFoJtxhgUtJ32R:12000000000000000000:OKDOT:CHECKMYTH
15jpHkMbZo6FmeS1sRgF8CkxqZZwPrwXVQoWC1R8iK4FTqnV:12000000000000000000:OKDOT:CHECKMYTH
13H8Q3P9Hc95ug92BUjxWe8XhSLpvrLZEjyRMNRjftwAS6Di:12000000000000000000:OKDOT:CHECKMYTH
15TQk8QYoNqwMeiQM5gKZsRLwJ7iTjPJviWkxefyL2zBLQYm:12000000000000000000:OKDOT:CHECKMYTH
13x2J5k2GJ74KwSimLLnaQJPQN2oHeXTQMQV1JiHq9oiorur:12000000000000000000:OKDOT:CHECKMYTH
15Jc2QMC21P1pBZHxnLtkz5pxmWViMZP6fhhoLeF589G9Duy:12000000000000000000:OKDOT:CHECKMYTH
122NTG8ZLfY9BhdkA1QEY8W51fz9YyHn1FvZfduJrLcH4ghh:12000000000000000000:OKDOT:CHECKMYTH
14CyKpcLkRq6FxU8cf9XHweG2FieK49tqKiGbMYsxvqj6xMK:12000000000000000000:OKDOT:CHECKMYTH
14Cgy2xbXtfnJo6wQVVhBqEweP1sBXnVoh1iwcBCP2z1CKeN:12000000000000000000:OKDOT:CHECKMYTH
14Yjt8r64cxa6gdnurhNsCmF6kX9oqtyEpJAzoFQwX1fJFRY:12000000000000000000:OKDOT:CHECKMYTH
1juDsuEHiamuZD3BjsCgV4uSi63LuAP9E6m1iVRs6r873zs:12000000000000000000:OKDOT:CHECKMYTH
13iuwJjBm1r7ei1v6DHuyia3hQhcQhjg4Ei4BTU8MsDMGVu1:12000000000000000000:OKDOT:CHECKMYTH
13HQZZFYAZ3QPcHuUUdA1weVF2a1xNdfAWJhkCmKFybj6b8e:12000000000000000000:OKDOT:CHECKMYTH
12xLFLpbKChGS22BgpgoEW31dPXYiCDdvymmRDXkzigKtBUB:12000000000000000000:OKDOT:CHECKMYTH
13Bu6t4DHwmTBYpB4awpGFzbwgGbiDWyFKob2oUkG4onq8j9:12000000000000000000:OKDOT:CHECKMYTH
13ETPKdhoUSqeAfyN9jmV8J2Fv4DeXv4BsGmvcppjSJiCTRs:12000000000000000000:OKDOT:CHECKMYTH
12xWPR91utpuU2QgF6egEgxwxTXjRVLSrahrPpo6DWQN2PYz:12000000000000000000:OKDOT:CHECKMYTH
13S1JDfEPvDN3TApKmP4asiP6qWWmcUjHJrTYMx86Wie3kZ2:12000000000000000000:OKDOT:CHECKMYTH
1gCMAX2vf9z3cfU7iB3tCqfA2T2cPSSMZeQ3SuZ9rcDuQtb:12000000000000000000:OKDOT:CHECKMYTH
15pHGXwNA86jp8YKeWJS3DUHdN2EZZ6uSQ6KZJRsxhPo11Se:12000000000000000000:OKDOT:CHECKMYTH
13e5GvauCxXNgrdcpzpqDHKVq6GcUSsYRiZXkTWm4sWg951p:12000000000000000000:OKDOT:CHECKMYTH
14NvV6eYpG9MRP3XaJyTAHmrDB94vyUyJphtjRmDg6QdxjA3:12000000000000000000:OKDOT:CHECKMYTH
15fKrZyQSuV5LgcMFvPgeYmQerLQjx3nPQTTFHCZHk6ymg2n:12000000000000000000:OKDOT:CHECKMYTH
16JgHY4T9mvVhm8LBy8Gz72suo7Ltob13KaPp4h8FB9pAwWH:12000000000000000000:OKDOT:CHECKMYTH
16kTbyP5RRtBgpVKRqSScDder3DATFdTecTzXwPwAsWhssMu:12000000000000000000:OKDOT:CHECKMYTH
14vZ6S9L5qHbfuaZV4bpZGpDoTWzHSSvMZGE5syTaMuYAS4r:12000000000000000000:OKDOT:CHECKMYTH
15MteidyZS12auHBQjCxrFGtVh9SgaQTddoWcJ4rzceeanZQ:12000000000000000000:OKDOT:CHECKMYTH
16j95VaLSrsp4xCUDkvP3ouGm3cVSXHHmivVrybnDmocxPAq:12000000000000000000:OKDOT:CHECKMYTH
14Th65HPF3MRaBhNUZPex5S2oUJ3EiUrbjng68gdWp3Ztxnt:12000000000000000000:OKDOT:CHECKMYTH
147LPhzjNuanq3fQQroLV97AJbj2VNYPWseJ6YSbuA6VEt6u:12000000000000000000:OKDOT:CHECKMYTH
12KMK3Unf91nqvRxxweYX5ctkH6cUf5LCoMBz3t3Rs2Mqd9n:12000000000000000000:OKDOT:CHECKMYTH
12sNXyVMKDPVsTZyfCW2LSH3y2JAVyMj2XSFxkumMCa8jsUG:12000000000000000000:OKDOT:CHECKMYTH
12P25Jkx6imun4HLNnBa5Jk8g2jRsx59dhpY2Sc2i92zGr3C:12000000000000000000:OKDOT:CHECKMYTH
16dpfRt82NmWUpkKrDjqzBi6zcHse9Rc3PPQ8VMQjRye4U4S:12000000000000000000:OKDOT:CHECKMYTH
144BEHtnsv9JeNg2Tnb34FVUNrZtsSuncLQfYWSiXb5ZrM2z:12000000000000000000:OKDOT:CHECKMYTH
1JYW1mPrvWC3x7aWExBzfQKQWF6fouZB1ZdeJWzoqmjQ6E9:12000000000000000000:OKDOT:CHECKMYTH
15mRTQoHfdJooJRHA8Yip5Zq2zZJFU4EJJ4y4fQ7PYqZmAKv:12000000000000000000:OKDOT:CHECKMYTH
13TbzvLheFqSxzssSigFNZtawgYxFUCMXaXi4QaySs4sgzDx:12000000000000000000:OKDOT:CHECKMYTH
14jrWSuupgqJw5vyKpstmZU7NppXkueWThSoDhV3j2Q7eMu3:12000000000000000000:OKDOT:CHECKMYTH
13T72BaCGgi9xsRkUPmBD6cbH7f7uWHtG7W4KEPxmdgJgogK:12000000000000000000:OKDOT:CHECKMYTH
1njrm5XFmUHAAtNpYbQWXPH1K8SbpXXtHCVpfSKD6B5n8nJ:12000000000000000000:OKDOT:CHECKMYTH
14MHfoqEUGM5QG6qc9yJ9oeHozcCeE6Gq5VAkmgbb9L7cjY:12000000000000000000:OKDOT:CHECKMYTH
15FhRiWYeL1pgBGgtq5a7Sh9Ewwng7ZTNLPbCkC7ZVXhEmyi:12000000000000000000:OKDOT:CHECKMYTH
1g8ZPBZ5BbZ8JiZLrs3zqJx62veYZY3YKwZTbASFFA25oxS:12000000000000000000:OKDOT:CHECKMYTH
13f95ntYRfYPS4tdxbEHqjNqWuogwXqB64dh6ovdrwRwEeak:12000000000000000000:OKDOT:CHECKMYTH
16GicmGP1zqwbzh4X8e9PKXUxF2oNKSswvVwve6HmsGHo4ro:12000000000000000000:OKDOT:CHECKMYTH
14ZCHq6L51hcUrMuYm7KcDvikyBNnGunq4viyMqqCZ5QaNxH:12000000000000000000:OKDOT:CHECKMYTH
13BDziQnzVYRo4sSG9WAS579R7TzPZykDCxxv1CspnnYqQAw:12000000000000000000:OKDOT:CHECKMYTH
13KmXAK4jKdjUJ3ZQ1z37gECqqzuPbxmhBRNiLw7SMmHWgeP:12000000000000000000:OKDOT:CHECKMYTH
16BL9N6WB4rFQCTf7mZRRB8ztq3hrC8rb9ECYLZcbm4FWHnb:12000000000000000000:OKDOT:CHECKMYTH
16NsH3MFgdPeju2Ei3gBgmNR3n85pvqKG9BEm6FhaMwh2cPS:12000000000000000000:OKDOT:CHECKMYTH
1TiYrR29L3daVMkgdd2JpddJF8DxbM6XDDWR3kKawoZuWw9:12000000000000000000:OKDOT:CHECKMYTH
13nTjmqFrMUuoemhfbc69wC5FKYq3Fy2fY3agYosQ1TsK42X:12000000000000000000:OKDOT:CHECKMYTH
12RJFVwwDL68c6kZvd55XR7YCXcHgZXyeWfWcC6Uk2wMCzEX:12000000000000000000:OKDOT:CHECKMYTH
14jEwxK3ZSe6gNrUMC9iG7SGa51ZWVyXvw2bpta674pZrjCh:12000000000000000000:OKDOT:CHECKMYTH
14YW6UGaet3VsT3aBaPwPcuhyubd3Q7qkuCkto1YwErW67Fq:12000000000000000000:OKDOT:CHECKMYTH
17Mpn9bBgekFKtHPcwtV3prKRGKa8DVP4otuojW32xz1DBP:12000000000000000000:OKDOT:CHECKMYTH
15Pc7DoXoTEnELow1TkSnfTRTP7FTjh2wC3J1bH6Zb3yJWWh:12000000000000000000:OKDOT:CHECKMYTH
143dC6fmCcDG5YkFvUpiWH8dGGsE9dDrC6ZNrDwnoY5Zj9kT:12000000000000000000:OKDOT:CHECKMYTH
14bSTziqmLJveM2cQNp7zaEYGd7kDQ2LVU15g7gyFDZ4e2ta:12000000000000000000:OKDOT:CHECKMYTH
15xiLNGoh89WoPzjcDhW61hL2mLWzJPLkMFtx8paep4hVejN:12000000000000000000:OKDOT:CHECKMYTH
16iPSyT9Jidt21FKjWUWM8uAuBXH3NUJEpwL28ByUrRAatHx:12000000000000000000:OKDOT:CHECKMYTH
16DbyuiXkW69qTmMRjWGcXHpAqCkE5bbLpp3dXYWRhUmJAV5:12000000000000000000:OKDOT:CHECKMYTH
13z4TrvKCiwEFYyqxKFm3XmtCzRqYkx5qK5P8dkUmxmRWQ9B:12000000000000000000:OKDOT:CHECKMYTH
15h1VNoTZcbnK6W6LNyRNpdRCuUwqX36diEcEwawAA2kggV6:12000000000000000000:OKDOT:CHECKMYTH
1Tbcteys2jSxkfgJxyQNQ9vhD57pF5Ei57pGz2fNAWazDky:12000000000000000000:OKDOT:CHECKMYTH
13dFZLiEPbYz4nvUnQgfRtxnytdrzxrZtdr2LEf22ub21vXt:12000000000000000000:OKDOT:CHECKMYTH
13RbYRKRFrwwT5ai6NY1YMvnqPgDpZD75GfsofUGbXAGhifM:12000000000000000000:OKDOT:CHECKMYTH
14m3PCAtDF9w7GL49hvo4bHXbrLDdKs7CtDtQuutxxG4Z7mh:12000000000000000000:OKDOT:CHECKMYTH
14yd1hVxx6AQLsi1G2N5n1iURmjmZBGfRacL1NnQGq8uH1BG:12000000000000000000:NEEDED:CHECKMYTH
1jHTqCfEBddxDsUB5bda8wG4RTwyL2bHC5RY3zSDVPeyW62:12000000000000000000:OKDOT:CHECKMYTH
146xE771tMxHZL7wY2AVrCavP1KP48qJECde19nk8rV6ujEo:12000000000000000000:OKDOT:CHECKMYTH
14T2gcAeT3e2QPnGSGVLLALMSACczkPCibC5YoJDRd9H9Xgf:12000000000000000000:OKDOT:CHECKMYTH
16eHdszuna3B4aRNxhMehvmSancrk9iPXNbqEKSF15R2Wtbu:12000000000000000000:OKDOT:CHECKMYTH
18T4TxCMUimGApLR2ZVaTi9Q7gq9SzYsjQcPuKDeLL2weaR:12000000000000000000:OKDOT:CHECKMYTH
1KgFA9nzFJ5ALcvAN5EsEvQ7hQdezmTz5U3qXoiSjJzNhKM:12000000000000000000:OKDOT:CHECKMYTH
1zwPyydY6EyvG8WbQANh3qQHmYVM7jujkcpGg3aYCseZcB6:12000000000000000000:OKDOT:CHECKMYTH
14fdrWTxTCXPsfJD4ZkeV2gjSnTcrBR7DHNR2cReZEQP9CeR:12000000000000000000:OKDOT:CHECKMYTH
14oDqo99h5qSgLr8FBU7PoLQAsRMcTZUXajh7xeruuAVLy6V:12000000000000000000:OKDOT:CHECKMYTH
15FXrnjh6gbm1MDKscQ4KrgMhA9rDToDVHfrfNQLsWeYYxAB:12000000000000000000:OKDOT:CHECKMYTH
14SktsZ3jFrEgckqyqjqA68WqwtiE8DDEUPNk2YpRRBWvosq:12000000000000000000:OKDOT:CHECKMYTH
1EsY3SneGrqrSb1CcMGD11U83beriYbr36ypGyPAGJPuYxi:12000000000000000000:OKDOT:CHECKMYTH
12u9o3KgJ5t2jN3jvZnv46AjyKxs1T6ZQGPVVJvXj1mGCQoS:12000000000000000000:OKDOT:CHECKMYTH
15XuTwtKo7oZyKqqt7xfAdFjkMmQUERpPBpyoLvHPWTwEPSC:12000000000000000000:OKDOT:CHECKMYTH
1GwZVTKJFecosNNDhGfZFEQmmrwXwCu2urqwaKFcAzDP74o:12000000000000000000:OKDOT:CHECKMYTH
15MPH78C1h2gGM4zMmWLUcFiNvuGRapvk7aeAHeSLj3tAqic:12000000000000000000:OKDOT:CHECKMYTH
15hojPrYdRnA56duhuENKCc1M7wnbFCeJHW9Lqk14h9fUvwJ:12000000000000000000:OKDOT:CHECKMYTH
132q4c95LjPfaLaA8NhRdTJ2A3NCQsmR2yLm8ovoq6i3H926:12000000000000000000:OKDOT:CHECKMYTH
12xjiioTSkgsZgCpF8uYnm7ZsPkzhJgpu3G3LeFMyBC4KJcP:12000000000000000000:OKDOT:CHECKMYTH
137XUNGYN4kcHA3FfKYeDWqcWrmZmz9qzBvBE42C9N68CypY:12000000000000000000:OKDOT:CHECKMYTH
13p2zqHeZe3cTW8Z58GBozupAhmzQxdFbKEFFLT3woPEAQDH:12000000000000000000:OKDOT:CHECKMYTH
13K3TFxKEoWtieHJEDPGeoCvX5NxJqAySnTWzYvnLGUsm3aL:12000000000000000000:OKDOT:CHECKMYTH
15C7w95TXqPu7aA9JsqQJn2oUv7T6Dvt6bjvsGRyMhbdcJFw:12000000000000000000:OKDOT:CHECKMYTH
1hkuwGuxaKiZZnDgkWHxj5C79fGnGgwyp2L4NGGBS3qyu5L:12000000000000000000:NEEDED:CHECKMYTH
13eQ1SunySbSpX8unX1Bo5G5sfKSvAjx4aoitNAVBkdyJ7bz:12000000000000000000:OKDOT:CHECKMYTH
12oWXcNVUBT8BoWFR3hVipiPK9DqePb7EgbfZwLrKmg8M5g8:12000000000000000000:OKDOT:CHECKMYTH
14t2hrSBpH3jrsErtzLXDVYjASqmANYdpLwhm5EmuWuURwEw:12000000000000000000:OKDOT:CHECKMYTH
126g1RQNxeKFk6pkY1ZC8BYBF62rBLoDjGCeSX2FM4fDBSAo:12000000000000000000:OKDOT:CHECKMYTH
1Np9xBKCBiVJcVcTcKefdiHgR7snwbjbHxba9dVaSzS88wY:12000000000000000000:OKDOT:CHECKMYTH
16jA5Nn5qb16dkPuUtPBG6ySQaMP592JBY5aopyuFFvZ7hDJ:12000000000000000000:NEEDED:CHECKMYTH
14Fk2WCGEV3TxeiHFoJvPFY5AC79HUVXCBfZzD2HjDfed6ts:12000000000000000000:OKDOT:CHECKMYTH
1451AtmCSfRsUkui9oKRbAJkm3MxRRcxXbtXmEH1PCWTKqme:12000000000000000000:OKDOT:CHECKMYTH
12zwBhLimApc5hBLvuhQnEtqUt3m4K2gC2jsyWjrPxgU2Pvb:12000000000000000000:OKDOT:CHECKMYTH
1sEceEFztvrGMQDEzpgRgQi9cPySdN79stVRp1jnBZjSoAe:12000000000000000000:OKDOT:CHECKMYTH
129BFa64PRepieTU9Gfafa7yMc3fLAVsBTEUpxyNS7iUdA8R:12000000000000000000:OKDOT:CHECKMYTH
1XxSSjgpKuVTJ5f5ahXYS1ukKFwJviK8AGYBkqs1rypg8Pz:12000000000000000000:OKDOT:CHECKMYTH
13Qa7Jz6shrZDuYK31UMm6Qdd5PoL4Dr29p8q84nUYCk5hoF:12000000000000000000:OKDOT:CHECKMYTH
12cKUvk84ZpxSMf59TSPET5BhacX5ZR15Wv4dRMNxc5tBvjj:12000000000000000000:OKDOT:CHECKMYTH
13ErxgjmdUWL48xERargDjXa3XoDYPKagHJqhyZX5sNe5asd:12000000000000000000:OKDOT:CHECKMYTH
12jxzJq4a3EnPiLkeCGUzC43nkUkDtPWf8JTwqQwNx8riVmx:12000000000000000000:OKDOT:CHECKMYTH
15sqfSmCUv5ZfnvjoyGArqyKfjhcnjmB7526kwvF7jHqgCLY:12000000000000000000:OKDOT:CHECKMYTH
16WQrqLSYJjWw5zc6uzAiEfDaF4cFUsSePyQvWDuTqvHMSjE:12000000000000000000:OKDOT:CHECKMYTH
14bZSQNnVRu6UpJVjCeJrnu5eiSubyao64SsRiesYGdNbiUD:12000000000000000000:OKDOT:CHECKMYTH
12kknwXwja2JUA6WehzA6KsJC7kxMdT5ecw8MjVzJXceMpaK:12000000000000000000:OKDOT:CHECKMYTH
162QfCQHRKZYtEc78936MnUNESP27xvrxNVpiASHKGkrLH18:12000000000000000000:OKDOT:CHECKMYTH
145541ZcQm67QRVqMnw3u8ST4qYM1McY9kHFRpcEBkYGawU3:12000000000000000000:OKDOT:CHECKMYTH
16FiXmYnveqFRjy5pWuEfoYbtfGBmtsD8U879Fu6BRwh5XQZ:12000000000000000000:OKDOT:CHECKMYTH
1L3idpMt9qTVv1iHBdr9ozr424w65n5rcqz5w4uDZRAhzmo:12000000000000000000:OKDOT:CHECKMYTH
16cgmenCjyB11r3z5Rmo3GQYd5ebevve12iRahG6htyhYd73:12000000000000000000:OKDOT:CHECKMYTH
13UkNH7XY8msVc5Dqt2qrfNXcgtp2wxPBqTitu7z4Vi1j66w:12000000000000000000:OKDOT:CHECKMYTH
14rPctrwLb228rXJtNjogGX6BiNkYrUKhJYibXPxLZV3aAiW:12000000000000000000:OKDOT:CHECKMYTH
14p9uEc5CjVEwHitpidi2niBRUwNcngbGzUFU9j5NZawnti4:12000000000000000000:OKDOT:CHECKMYTH
15K1gvNawGwk4oz2LLzBRLrZfJxpMTz9n7TjupYL1aaaaRRz:12000000000000000000:OKDOT:CHECKMYTH
13YrsWuQWRNAJVzW4f38qKwVcSvgFoMyRgUiFa6EkKAyjNZY:12000000000000000000:OKDOT:CHECKMYTH
14WbuBD8Kogmac1ihrcksate72k6uAguDGMfNYXrdPZ5uGWX:12000000000000000000:OKDOT:CHECKMYTH
1LHj4REqkiVDZUXgtUPBM3FiNJRtyD4vVtpbmia9Zpno3ND:12000000000000000000:OKDOT:CHECKMYTH
14YSmLQyJZwRYbP4V19HYr6pSAW4B74gsRD3ypbk8LbtZA8h:12000000000000000000:OKDOT:CHECKMYTH
13FNwsaBUN1Qjt7cRs2zTSCNyzSf9WWq13f5JnBWM1yu7mr3:12000000000000000000:OKDOT:CHECKMYTH
1bn7jd8chQGFvZA5NKVHQha7opJqZznUgSpKtfSr21Ur9KE:12000000000000000000:OKDOT:CHECKMYTH
134ezib6BeRFhUGu2DPvmFGyKfbE5DGoDnqtHiomuWfrvnYD:12000000000000000000:OKDOT:CHECKMYTH
137oguG7mJ2hgCgbZhvLNfGweGUjhmrUHCrbUPGR4ApPCw35:12000000000000000000:OKDOT:CHECKMYTH
13xEcHSUKAUDTuuLaqPZRjYwiarEztyqQczNuri5RfnBfa3g:12000000000000000000:OKDOT:CHECKMYTH
15vRyMs8FDbvkriofMM7vEXi5m11ZoFz8nEXJWyGYvEqhUHR:12000000000000000000:OKDOT:CHECKMYTH
13DS4fht9rPUjBNGMa5Q9iSHZEyY4tM5i9F4k6UfuWGNyibR:12000000000000000000:OKDOT:CHECKMYTH
1ZpxYFcj7kJpkKBvwqVjmPdfJHx7VRxHkGRB21w4JoBeUAk:12000000000000000000:OKDOT:CHECKMYTH
11ZLbygj181gT7Lq83GuQc2nSKgjS33dH8LHx6dkP9P4A1x:12000000000000000000:OKDOT:CHECKMYTH
13jvjdsmGq8nhasXVVPCzZogoCGVNzPKJhY8rg4tkx9wMVS2:12000000000000000000:OKDOT:CHECKMYTH
12KbZXrjKw1KoVMFoiBehNhGvUw5aRzVqVa6yT1Lvq6jCeeS:12000000000000000000:OKDOT:CHECKMYTH
16NGUziUhZYcuDeBdCPBs7eisHLcsmVSEDP9KE5oNunzX5nb:12000000000000000000:OKDOT:CHECKMYTH
126GNncdadDjBabDW1v8p1rbGrM9W8LpWMM2sUrBnpA2ijhi:12000000000000000000:OKDOT:CHECKMYTH
1jBSFi9dn4ES4Pw5aH16q29gRkmPig78UyobMEUsaS8TBh4:12000000000000000000:OKDOT:CHECKMYTH
1J6iaLKzn9NL8ScQXPVsme6xyYW8FwsR7o674iYAByFuXwn:12000000000000000000:OKDOT:CHECKMYTH
14HyUhMzsokyg7ArxkdCHDgU3XyM86LGCi4VapH2G2UZDtyX:12000000000000000000:OKDOT:CHECKMYTH
1C1NLqhhDyQEgcDcgqHqrqJT8LRMp7GCC5tW8HNhnt1wjY6:12000000000000000000:OKDOT:CHECKMYTH
14FfyNHasgTC85gWMi58GmmvxT2f9grjvjoTzHvWvyfMd6ET:12000000000000000000:OKDOT:CHECKMYTH
15GwnktKUkmsdcZhPg7bFsQtjNjNzMcxUjHdGWtXK4GQuqLL:12000000000000000000:OKDOT:CHECKMYTH
16PyeRgG3JSSCEcrpoWWKqcrQwGmGt6eBCMX862vzXtwejKz:12000000000000000000:OKDOT:CHECKMYTH
14NZCyh1eVBk2zViESsV3qvW9TAbABUfvnz1Tw74hQKR6dDn:12000000000000000000:OKDOT:CHECKMYTH
16NQWPrP8LZUQLF1zQTdD5LEdYWU4q6zprJrwt15uW6nYef6:12000000000000000000:OKDOT:CHECKMYTH
1SXM2uUriM5mWcRM779e9NGw7TgjXHcTzxB3PHPPSyM5ChD:12000000000000000000:OKDOT:CHECKMYTH
136dgVbsT5tW5N1PHfJZ6VdUBq6B1DtiiBjirCLxhNEVtQsW:12000000000000000000:OKDOT:CHECKMYTH
14uw1KnW9EwkXk1beeCHPnuMAwPEq7vR5b43iUGW6cpdhoLD:12000000000000000000:OKDOT:CHECKMYTH
13MhMkCMJLjpdjGTMeqXrA5kwpiwM1Qp59hThiToN9dhzJxV:12000000000000000000:OKDOT:CHECKMYTH
15GQh2wMfzdcYbtvTyR7r4JgYdWpMj4RLtJup3FFbc9zxEZV:12000000000000000000:OKDOT:CHECKMYTH
12bECJ55c8KJT6c7kgsGFwUq6tRHcx3ih4et5ibtgdezZtUM:12000000000000000000:OKDOT:CHECKMYTH
14jFzLZyzXW1UnaLMNJmgRPB36HhT4MgajnQbaagCvtswjdB:12000000000000000000:OKDOT:CHECKMYTH
151mHSVV5dut5vUgFgu6jinYJ9x3PUyPTtg5Pfo4VCME8uMC:12000000000000000000:OKDOT:CHECKMYTH
14WSYtEfQJSk866FoPQDzHbss3FtmtcwDFKgjUD6RV6eXU7p:12000000000000000000:OKDOT:CHECKMYTH
1Gtb5FbSjSoXa3bUGSAoYnbm91ZjMik9PAL3ncs6qREo9VN:12000000000000000000:OKDOT:CHECKMYTH
151G7tktdNga6UbL1czMFLrUcNFoKz4PsaLHT7MDQ9aKyMt8:12000000000000000000:OKDOT:CHECKMYTH
14MrBygVisXvAM8bvfTt2pppUZXoEqPxo7ortMaGFWxWMT81:12000000000000000000:OKDOT:CHECKMYTH
15JRERK9Ho2H6gUwjma1sGaSZeH12cNFKW4wcHvh79p13BwH:12000000000000000000:OKDOT:CHECKMYTH
16Zvn13K8ZTGxaN4VSk7uQ6mgVd4Nw9kj1B3WhbXuuuQXQCk:12000000000000000000:OKDOT:CHECKMYTH
13z66JZeL9T1gdoUvBmq46d39QkWb6DkGH2YKT7z9dggyRk:12000000000000000000:OKDOT:CHECKMYTH
1NeSyhdhQvgBAV2qi1UPHaFneyBSHDm8sSZpZXgMfFQtKVa:12000000000000000000:OKDOT:CHECKMYTH
14kkK5RPoQvBgAgzsKcTguGyZawbx1RRDY8XJuCee9CS9QRX:12000000000000000000:OKDOT:CHECKMYTH
13jsHwtFPLk3KaxoJ7s94nf4WriWQPsuFXiswXa1YggasMov:12000000000000000000:OKDOT:CHECKMYTH
13KNN72fxiUi4uXcnwR78iyzSbpfGSxeUXYYUeyrghoKzAbB:12000000000000000000:OKDOT:CHECKMYTH
12ZQM3Ft4ubTRLhTeytmybdy1UT3XVYmDK2HFPeUPjBUdGFH:12000000000000000000:OKDOT:CHECKMYTH
1q4bTGcaBqc8xPYoaBJAaLjGG9aoYg8EwKNk3SciZKEsf7U:12000000000000000000:NEEDED:CHECKMYTH
13bBA3ej6n6Epu7WVJjyhncW2qLhZMe375qKycSct6qEYf1W:12000000000000000000:OKDOT:CHECKMYTH
15ytpahRZ6HxvoVv6f3NnzaKwuvG9DA6UU18rjsXMVUddupR:12000000000000000000:OKDOT:CHECKMYTH
14xzF5S3oN7vbNV9LXUDbjhHVzfGTJZ68skiMdH4gRPcSHp3:12000000000000000000:OKDOT:CHECKMYTH
121CCmSqPPEcNFgNKFAj7w9mSRfLHG23u3xSBGyawtUmVfCn:12000000000000000000:OKDOT:CHECKMYTH
15zgHww81ckZnw3Aqed1QdEL3R1zRv3FewtChPZ6zBFJNcrd:12000000000000000000:OKDOT:CHECKMYTH
14ooNfCDqi3vhZFXYtRmYNELVdap3sN3vurtWnksR7B8HCGU:12000000000000000000:NEEDED:CHECKMYTH
16UUjcp6u15fJ6LzD9BtcCNH3kvriUdBQoXvxmE1hHaVaRuT:12000000000000000000:OKDOT:CHECKMYTH
14jicmqanyZEZ76E5ATbnc9FpvPdoMjemu8G2B57f9RUoWoB:12000000000000000000:OKDOT:CHECKMYTH
15m7d32vRPeAYPyG5XcWq41jT3xUEo1mbJTFkA177djVA9wp:12000000000000000000:OKDOT:CHECKMYTH
1uoG1MiojT7TAmUE3uaDzEmai9u7p8ekCfAfHhYzhux1kmM:12000000000000000000:OKDOT:CHECKMYTH
1yeBJKCAaArwAyHEsJXjs9DKoDMx99qWNFGCkEgxF5tvNNL:12000000000000000000:OKDOT:CHECKMYTH
1oZ624dgzwnJadroP3davL3NLXLZMnDYptVUH6MhqP61fTN:12000000000000000000:OKDOT:CHECKMYTH
144jF9h8UfLK5f21MgRDD2wKKvYV1dAf9uHE8Us4oMwcjJxb:12000000000000000000:OKDOT:CHECKMYTH
17ZfGwpzAVpsZbcegiYgjEq5DPSffdfb7q66nD4U6pnJGez:12000000000000000000:OKDOT:CHECKMYTH
153in9dLv814YWCxd2fpsrCN2WeAgsLvxW7wxmBbBLJVnc2z:12000000000000000000:OKDOT:CHECKMYTH
1QoHFoMgvxufBeuZ5X5pB5D2KKdMhMGGvYu2SkKjLToDMuy:12000000000000000000:OKDOT:CHECKMYTH
13afGWzDPeb7X2LXfbRQdvE2U69w4K5WudXGnNdnzR8jikuB:12000000000000000000:OKDOT:CHECKMYTH
12RTahdV4xiYuW539xGP3mQ8xby7ChfVTxDagmV1mEsES4Js:12000000000000000000:OKDOT:CHECKMYTH
16QuZ83MzEws4rjBHLcw7q66Fdj486SFSMK2arAyDvwC1EzZ:12000000000000000000:OKDOT:CHECKMYTH
13T6AD7c676joMG5GTg3muHUa8xbpqy5CAv6ZTkquE23jCgh:12000000000000000000:OKDOT:CHECKMYTH
128uWqhejVWHr14QmjBcwW4GrF1MkpUCq29e2WumLVSF5Scg:12000000000000000000:OKDOT:CHECKMYTH
14u5zkGvNVw6xsV9hRhB1ygKzDdkDd51DgPCdwRszB7y9o5E:12000000000000000000:OKDOT:CHECKMYTH
1tWexhBQMkHJwbF7a3AooZtBsPKuGjHM5ZEX2neBkmiZiQw:12000000000000000000:OKDOT:CHECKMYTH
15VUdAEiJc9qe2srudJSw3z83L763LnVqcZN1jSaCVRTPxjG:12000000000000000000:OKDOT:CHECKMYTH
13GC3rq6DfafV3KzTzce27QWhUiQEfj5eRSVvWTrXVHfmcjc:12000000000000000000:OKDOT:CHECKMYTH
12R2o55AcgFucYV32zeVG9EGcDkrtzJg8Yg1hFHHZrVjVkRm:12000000000000000000:OKDOT:CHECKMYTH
1KS9J9a2A7PGsvstAjpd3caTfFzAYhVbdkQZtv7UBPw4yHm:12000000000000000000:OKDOT:CHECKMYTH
14JULmRPAeprLMqwRWuBa3aewPJtXQGi6db8BDAjxNcVVVps:12000000000000000000:OKDOT:CHECKMYTH
13NCLd3foNpsv1huPDzvvfyKh37NEEkGFotZnP52CTR98YFJ:236000000000000000000:OKDOT:CHECKMYTH
