12L1dDk95424a9SaViKaA3PMiBgFw5ambAi8MU9wrpcdzmam:12000000000000000000:OKDOT:CHECKMYTH
14r8AxRATRn1QZDeFTir4GDGzdgksXrXC3G9CpGuPwsgNNx9:12000000000000000000:OKDOT:CHECKMYTH
16HQ72pxApgotaR7Jct1R8Da9oPJcFjYc8GYzqTKzCNcdCAR:12000000000000000000:OKDOT:CHECKMYTH
1mgyGiPEeo1uAjm2126BtM4sQmV4ognZfKNtChGmdkt1BRV:12000000000000000000:OKDOT:CHECKMYTH
1hhWV621encxPEh1EVDMqARUHkZ8pNQRnEAERbJVvzCeS6B:12000000000000000000:OKDOT:CHECKMYTH
15mcEv7hnEaLrk9zogHJrCApKRVWSi9GYhfSnRhyxygBUA2i:12000000000000000000:OKDOT:CHECKMYTH
14M21Efj6opFVsUqyJ11sc8CP4mZjsJ21EME4YzcyvmdH2zn:12000000000000000000:OKDOT:CHECKMYTH
12Gi9TpaZkB5FStQbFFiC5rzJVRNHYmDXrfqLrw3ADwmc2XM:12000000000000000000:OKDOT:CHECKMYTH
16PTqxr4GMd4i5RkcuR7AFC93aaUFKGW6CBvVaavyMTjUa64:12000000000000000000:OKDOT:CHECKMYTH
139S8tNJyaHjBrsofAW8rSsfjLG6y157kpV67BH64yTatvLM:12000000000000000000:OKDOT:CHECKMYTH
14J7BT6SaVNn7GDx5HFSrnhKGcRE6aXnGCGnmnS8UtLG1reQ:12000000000000000000:OKDOT:CHECKMYTH
15w3pDQF6Up3nYfF9FxyWXAdMh3ZKqXWMacgwGspL8V8imd7:12000000000000000000:OKDOT:CHECKMYTH
15X2oPW9KcZNfbsPLmVGN1RFDcfbfhkZdRxfjFTNWCTHNziH:12000000000000000000:OKDOT:CHECKMYTH
14oafysBeE7ZWqt82DGE9Z76LqjfMWTLxNu57yGYHkwtuUvU:12000000000000000000:OKDOT:CHECKMYTH
15iZcMMJaLNF69XUocqyhjcrsSVHjEUNCubf6K5CdBSwGTa7:12000000000000000000:OKDOT:CHECKMYTH
13m6g3XzrpG6irxGWVaoPaNQML6ZKiizjMqmCCj4CwLH8P1W:12000000000000000000:OKDOT:CHECKMYTH
14LUXxBAUcoFUVmdjPHRYsSgCum3AVJrkUFmaTSEqSpjG1uu:12000000000000000000:OKDOT:CHECKMYTH
15seTxJZU7ZFB2ZWZZxiCUhqr3qrfUxW2zCptnHTqpiR5SJu:12000000000000000000:OKDOT:CHECKMYTH
14fSJSZYoGfnL8ZLHD3TjCNQ6dDYnw5XgSso9MfiQYbf8GFS:12000000000000000000:OKDOT:CHECKMYTH
13B3XuRBvBgDLLZn1dwWad7cmpSHtZ9znejf9GAcYkYi5jqJ:12000000000000000000:OKDOT:CHECKMYTH
13q2kaPiGTCrLxD3yUN1UNZq1pEB7C1EKbbqXFSjLrWdycxt:12000000000000000000:OKDOT:CHECKMYTH
13rgYh7z414uf9SeFMPFuXagpF8477QEXUjJZW8cXok3H3MG:12000000000000000000:OKDOT:CHECKMYTH
13CtVtqSg1EYLW7thgRwReNyQMGoC6Km9CRxHn5dNzSjGgsp:12000000000000000000:OKDOT:CHECKMYTH
13pZmvciMqD1aDKy2LUuz5y6UZcBFFCum48VqdpAXQTRajeV:12000000000000000000:OKDOT:CHECKMYTH
1352RPq7f36vzTeBz1cyipXqbnadvoxwk6ijbcxsYWiUuJpV:12000000000000000000:OKDOT:CHECKMYTH
13aeoLr5gPoZtcLFrXtA9DYocwQ69ioQfnN8s3ZhaUD9yyPa:12000000000000000000:OKDOT:CHECKMYTH
1qVEmQVKiuB4rPbxc56i6HF3jY5Kuio7w4CnaUbKcR985xm:12000000000000000000:OKDOT:CHECKMYTH
13pPBjyfguZDRCz2mnLkNfQtXMAihW7ZVi3Zgqh9719oS4vc:12000000000000000000:OKDOT:CHECKMYTH
13bUa7pd6TcY12zuyCPs26WBcCYgzQEFQnvfGTKrc73S5ZuJ:12000000000000000000:OKDOT:CHECKMYTH
13MZ91eiLDcNXWiu7CJEy5igzPg4A5dbRqW7k2By2ZSmVoK2:12000000000000000000:OKDOT:CHECKMYTH
1SisBp9NNUv2dMsmaAvN7XU5vzSFC4n7nQne3CUtutB68qD:12000000000000000000:OKDOT:CHECKMYTH
12cSrEmRgmjoLCEY2PAGR9poX7GvDYZH67nzWm39c8QcF9tJ:12000000000000000000:OKDOT:CHECKMYTH
16AUphKVC2DdVGcHjy48NbMB6PezBz1TfCuC2VW6tGVFEBBE:12000000000000000000:OKDOT:CHECKMYTH
15ggtn9x7ZsaQD4v1hkPQrL8Y2uqzM2GcZYv6T5uAsaTejLV:12000000000000000000:OKDOT:CHECKMYTH
121kgbGLXA362hGLkFsPhXr8wa1w8GB7DPmjG5sMERrJA5yp:12000000000000000000:OKDOT:CHECKMYTH
1542ZZpZZAWZUUNeWdxNUY8RTMg4bPT3DQk5CMw72tnzJ6KA:12000000000000000000:OKDOT:CHECKMYTH
16EB5Qj715ocnB5BfLxiYuaCfi2bdjT9JYBT9NC7kFjctTFQ:12000000000000000000:OKDOT:CHECKMYTH
1DLnLuZSUDXFHQrt9BWcyGazhbVQJm31dxTWJpPjMvBRntL:12000000000000000000:OKDOT:CHECKMYTH
122kYZ3DCTrhthwJuuL9DmvdZefoGaeyxvw6idCTB2BVC5kf:12000000000000000000:OKDOT:CHECKMYTH
1knYTV4pFvQ3GWkDdMKJzkyFgCLyoZNz12c5Qc3D7FszVPR:12000000000000000000:NEEDED:CHECKMYTH
14Vrb6TxGAh5rtCErJwuavvCNhN5orYDqbLbFqpYRXi9kwvA:12000000000000000000:NEEDED:CHECKMYTH
161PvxMtGr1iBmwSeGnod7T1iDaZRWBn2t3V2x1DMohXbmk8:12000000000000000000:OKDOT:CHECKMYTH
1Xymauru1eUyhDjaYXq2Rd8xxX5n3xQxBQJFacqZk1USEnv:12000000000000000000:OKDOT:CHECKMYTH
15X5oSgnnAtYnjDdJR1F87pDpEQtmcmeMzaxmSgarsFyTRo9:12000000000000000000:OKDOT:CHECKMYTH
169f3m8iZQ8bMD9ZxmXWD9zyX13FzUCz6RZHCcQyS8hMy7gh:12000000000000000000:OKDOT:CHECKMYTH
1jozs2b6PCUHLynSXY82MHWcqTvBWKnvdFNLvrtNKDswXrr:12000000000000000000:OKDOT:CHECKMYTH
13ZVoCYpyyQ7685CW4fs82HMiSAcaMyZoJosV1BdV77BZ6uq:12000000000000000000:OKDOT:CHECKMYTH
1i6vbvuUQ2CEFnngiPjH3SnQ1Ab4FYCW8fsQvQUxQ5dqG5z:12000000000000000000:OKDOT:CHECKMYTH
164bLJdqPzGM15idM7P92Tnsw8sc8VN5y1oqPtoMem4GPwhY:12000000000000000000:OKDOT:CHECKMYTH
141pHuDPYvgjtoXW5mTo8h2jTPHRfsLw9uPetsnTuiwFX27t:12000000000000000000:OKDOT:CHECKMYTH
13BkFuwEPagFutW2Y4kkUk4cu8Lv5eeLJH6N388dQSuEW7K7:12000000000000000000:OKDOT:CHECKMYTH
15XeHJtmYJkRFoHkK1dBhjECAfYCxDSCEBnaUe3uSeYe3g4g:12000000000000000000:OKDOT:CHECKMYTH
164ttuW3ehS4kc5tu2g6PoPhSRzfuGC2JAK9JJtwAdp6LXUu:12000000000000000000:OKDOT:CHECKMYTH
1UF52Y1WG3p7cVTrGuEHXjVZVURqT1MSWkwDSMPrJrQ9Lxv:12000000000000000000:OKDOT:CHECKMYTH
16nS9XWNrickmZQp1aSMAa82BFoKAQQNBQGksioHbqDE1AZv:12000000000000000000:OKDOT:CHECKMYTH
1y5zyoAB8T3dAY1cmuajaQ7rMGtShyuojEG3yK7VagiLDrS:12000000000000000000:OKDOT:CHECKMYTH
1LzzPwWS5ybLdoj9gqqQtxvA46fQRZy8saePxNwfE2qv6KA:12000000000000000000:OKDOT:CHECKMYTH
14QiBjqrd3JmuQz89DgaZkkbhrxF1XKsKCumXwqhVc6D1qhW:12000000000000000000:OKDOT:CHECKMYTH
13wVZJRRSyF3zwEyQUL8emFZB3PttEFagdEpp82wQX4rb9gU:12000000000000000000:OKDOT:CHECKMYTH
12DQkqidKdvyUsmM1ZEgq1YJ71kH6MoipbDpcDiJrkaasMVp:12000000000000000000:OKDOT:CHECKMYTH
14XpA2UDvKNrz8fMZf84ZdwvNH8u8EKBvadERhVyYvdv9Uxp:12000000000000000000:OKDOT:CHECKMYTH
14ARM2jF9F4cPywAZKbQVKz7SZVTqCK46TqSdoGVR7j3hQW8:12000000000000000000:OKDOT:CHECKMYTH
15wyvMeKFeZkpaHanMqt5BxG53VFwBBDs9Yvg9L7wdchd5V1:12000000000000000000:OKDOT:CHECKMYTH
15n7ZnMbYCKfk5jiogCwcvpN53rDRj26KHNY74iGkEzo44hw:12000000000000000000:OKDOT:CHECKMYTH
13dk37k5baxwMnArQQczHed6o11gXeam5fhK5ZSY72huA23x:12000000000000000000:OKDOT:CHECKMYTH
12E547jmaQt3xD4DthXgj9WKVUZJjBgiFfts29hEseweh2pV:12000000000000000000:OKDOT:CHECKMYTH
13oxyELsBtVbVgHFqr28V66fgVSKgakBjbAr5YbqYrYGs2tq:12000000000000000000:OKDOT:CHECKMYTH
16jCrVWE3PZA2sQhEWksSBYywoPcyNW6us9ujXLsvuCHeKkW:12000000000000000000:OKDOT:CHECKMYTH
1211HLAAhxeKueXbz8GFZ83k9veSa1iq4ZmNrLPrvpmhjj9m:12000000000000000000:OKDOT:CHECKMYTH
1RVrmrxqVjJpwmiZbKY2EPj4TfiUxvn8itoG6yDAyn1VS8m:12000000000000000000:OKDOT:CHECKMYTH
15cDezzErdXrvALFajBBawPkhWfX46BgYtxDPidGkFAkDyF5:12000000000000000000:OKDOT:CHECKMYTH
15xh7a7GepXXn17ZfuXZq9rrSDeaD2NgSyCCNPzicymHe86K:12000000000000000000:OKDOT:CHECKMYTH
14tsArJUcpbDQCGDx4FeagafPWPvbXV8h1KeUpz9PudXGvkc:12000000000000000000:OKDOT:CHECKMYTH
12DFkBzBugNJcw7w4Y4EUw8qZAtQr1Nhtmr3YC7qWZiLFkGh:12000000000000000000:OKDOT:CHECKMYTH
14YpS1jnZ6assoqdaKPYfA5CDndMUmwektqgD6JypoaFy743:12000000000000000000:OKDOT:CHECKMYTH
12rme4dCMWGet7uzyaDjQJ3QbAdWqugAVze7FfuTEuxnPs4t:12000000000000000000:OKDOT:CHECKMYTH
14TugVRX1cXcsBjzgmrioMrDmWopjbyX11xUCGE6rvPMheZQ:12000000000000000000:OKDOT:CHECKMYTH
15a4ryN1TRw6FvBAsMp7KHasCdpMJ8s4qXPFhP9QzfR32ZYL:12000000000000000000:OKDOT:CHECKMYTH
14pBWPSd1CFFb8S3hSF5Ke2V6HKHbsZV2Q4LDXmvca4M65mP:12000000000000000000:OKDOT:CHECKMYTH
16gFSWkdpM2jekwJDHGNAq536bikCX7cvCnEzvN33Yy4oSR6:12000000000000000000:OKDOT:CHECKMYTH
12Kt6PbdLmQdFit3tKRh8rKzbS9RywY4pHcmxh6vCNqvUPcH:12000000000000000000:OKDOT:CHECKMYTH
151J1b1zmFSo1FwsxDCxxUaggXDpnjgaXhysDJKZqvSmahPg:12000000000000000000:OKDOT:CHECKMYTH
12451snhMLmD2z7Z91Ldv5At1k7VDTSudcfSx9wG7y655Ztb:12000000000000000000:OKDOT:CHECKMYTH
12Acz9yZPwZr6ovoL2BBgWSQiLxRYcKjxUPp8dK7X9uodmqq:12000000000000000000:OKDOT:CHECKMYTH
127fQqDReSFwxLrhaFV24pafSz1ARxRQ1gs55CKoG6nffAvh:12000000000000000000:OKDOT:CHECKMYTH
131c6mkN2d2qpdeJWscDQouyp37CxS9RzdiKcr8GkEREtbHR:12000000000000000000:OKDOT:CHECKMYTH
13dPHUcEJyYyogKQJ4jCzXMGyom6oaHAAeUq99Vj9tr6gyhG:12000000000000000000:OKDOT:CHECKMYTH
13PyJfmJvaisDc5fTjKgmAKvbqx4wvybme13Atk1S2niKVLk:12000000000000000000:OKDOT:CHECKMYTH
16nQnMt6m4pe1gUgiW2murLGwHs81c6h1jPj8twbr6TEaQy2:12000000000000000000:OKDOT:CHECKMYTH
18X4Rn3WuMKgZ7p6tNTi952FnbJzmV14jXZcEwTuGxGn74M:12000000000000000000:OKDOT:CHECKMYTH
13UquHAGAAErciy17pLxd9SqePyy7wAFxqx3m584vypsuGvL:12000000000000000000:OKDOT:CHECKMYTH
16T8xTgD69FpWTQ7fx4sA6shAPxjzdDUMPJg5VGYGXmfxK9M:12000000000000000000:OKDOT:CHECKMYTH
16jdsqUJhc32UP8XRTQLY4oPXG6kuNy3tigmZvwwhSPZQDeV:12000000000000000000:OKDOT:CHECKMYTH
13oR1L84x92J2h7hzHJt9M8jwervx1XFY3t4YNBPkTDb1Kur:12000000000000000000:OKDOT:CHECKMYTH
15Ni3PWwssWUHU9MWMhdxZ5cMwWWbMAX96yQLFPaoHXZmSvF:12000000000000000000:OKDOT:CHECKMYTH
14ZwjbP8MccthBXN23tFU53vj2sDuWqRToQ7gLLSxgdFfdP1:12000000000000000000:OKDOT:CHECKMYTH
142jrfVUFcJfPPvYyfU9AhJRvmHKFyiN4nweF6ctPeVq4ENb:12000000000000000000:OKDOT:CHECKMYTH
12VmDCGDVxfSbhu3zMteYEdQ88ZLWsyX3YWjzPkdTuuCaezo:12000000000000000000:OKDOT:CHECKMYTH
14J1i4owmKhTaiUtaghybUSjjAq9hXbFHXiAp72gCC7w8J1z:12000000000000000000:OKDOT:CHECKMYTH
13TwAFFGoGxEjU7h8QAi3rkpoqCDc4vYAE7ZmpyoVf5gQvNc:12000000000000000000:OKDOT:CHECKMYTH
13Cg9d62UHa1y1RkeVBr15svzcVbk7AZShnDjjs3ruiHCgda:12000000000000000000:OKDOT:CHECKMYTH
1iyJeLE9RBikcCbfU3TBM4gSzdFdxwXgLgP8FcnhVF9ZYXX:12000000000000000000:OKDOT:CHECKMYTH
15JZBi8LEXVEEdYKoTbVSLeuEC8VzQihHkY7tNvCDUkWYf4o:12000000000000000000:OKDOT:CHECKMYTH
155kTnZ3sebvA3vY6Qjo9u9GJ2qD8uruwdZh1H2cU8ZU4J67:12000000000000000000:OKDOT:CHECKMYTH
13mvZuN9vuRMa43njuC6UM74ZAQawykEfRFChpXjE6QYmPV1:12000000000000000000:OKDOT:CHECKMYTH
142W6RxpjgoBJaogB3ESFx3rQebYHb9VqKHcwoWt7d4Q4bB3:12000000000000000000:OKDOT:CHECKMYTH
16MDc6ZqQQdarHu4yTkpAyjZ979tRnWJSdnBhAjsAtSottxB:12000000000000000000:OKDOT:CHECKMYTH
1DaxZMDMAuHuVVnMaeZv2UQXFvpYLhQEBvkTU5jzdMRD4ZS:12000000000000000000:OKDOT:CHECKMYTH
15tAMye6qxJR4VWhWiTfdCLmkTY6hAhpn7nxxL2PYsEeTUQg:12000000000000000000:OKDOT:CHECKMYTH
12MpyMyp6xb8Z6DaR8wWsJ7SEkeEfDQHpsJB9doxEPK2bbMx:12000000000000000000:OKDOT:CHECKMYTH
1k3WFdHN8pdCGaHG2pRAACioPkMqw6hEdYnLoxD4LsjnTzS:12000000000000000000:OKDOT:CHECKMYTH
15qK9pYW9uXMU4wYnsDUYbXG918ttFhGisZMJ1o1jyrMZjGw:12000000000000000000:OKDOT:CHECKMYTH
13WvcSqP3ENQDKSz3UE7NfM4Ba7yRstWHXR8t5uF9S5dgBnh:12000000000000000000:OKDOT:CHECKMYTH
17pttxMhvYTekdxNUCK48P16Mat98nEmhZAwmje4BDwwM45:12000000000000000000:OKDOT:CHECKMYTH
1ECSbE1TMMifG8xiZT3riK68VqhVs1kk3K1BvtvA8Go7wY6:12000000000000000000:OKDOT:CHECKMYTH
12XFZnArKP37kGSc1aPDNFmuDCovWHNAFrhHjXvL8Q612Wut:12000000000000000000:OKDOT:CHECKMYTH
16tPXqNs5Tmnw4MH1zXuQ7wqYGMYkjNCC4fg3daH8zpZuUu:12000000000000000000:OKDOT:CHECKMYTH
12kbo4bVHWiPyrny9FZyaLcnUxhc1sqpMcQkEbo5iwYw9GPV:12000000000000000000:OKDOT:CHECKMYTH
152PfbkFNAsekFgsM7NUcRVGFbRYkKbeKmwnsxFnh5BFzSNC:12000000000000000000:OKDOT:CHECKMYTH
14QjFqV9pGGZY5XdXcP96W8wT9q8HE4JTZxULZw1718jmjg9:12000000000000000000:OKDOT:CHECKMYTH
14hdQTTnPpPXzV6ucraybG3rv5ScdZWB7oR1HugwtgMH1HPe:12000000000000000000:OKDOT:CHECKMYTH
16TjvHKHKKMJbdZKvB8gMPe1xBQCBqGcCS7h5pwdieyfsuRz:12000000000000000000:OKDOT:CHECKMYTH
1arigsAP3EaYa4e5Ea5Pk2r5TXLrpstGZLkr7wPhpPV21uy:12000000000000000000:OKDOT:CHECKMYTH
1e9KiMxdWGDcZzStVnjREZufPvXBA5wbzpjLHb6j9xdYU1z:12000000000000000000:NEEDED:CHECKMYTH
13ZzsQ7hQcBQ7J5SXLAmvBhok7nYwrNGPpLQEhSUYUCTeadL:12000000000000000000:OKDOT:CHECKMYTH
14XutKsK4nst7Yf66KBkotZEp71BK3v6j4SttCc4eaySzoJp:12000000000000000000:OKDOT:CHECKMYTH
1SX4c4FGucnZ7eacThZQ4AkKvaHuR3tEAZAM87M9Vqmi2xU:12000000000000000000:OKDOT:CHECKMYTH
14b4ZtfraXTZGPJfrAY15HEChfAnwub4X4Q2R7bA6nyna33x:12000000000000000000:OKDOT:CHECKMYTH
15rwwLxZPowShf5kbM3tjeMe5W4miKkUppES32x96mKVJd22:12000000000000000000:OKDOT:CHECKMYTH
12jsdoKwycjBwVXttazwd86xZ2QFvVqkRBTZGroe7nCEc6mH:12000000000000000000:OKDOT:CHECKMYTH
13ZQhdzuQCPLFAxJpCBdaAGywETGTkftcehC45YqwdXfah9D:12000000000000000000:OKDOT:CHECKMYTH
12JxFkvgcaamXwmkcKDhYyTYrwb4xPdw2XzA6VMAdiAQeT7p:12000000000000000000:OKDOT:CHECKMYTH
15NreKFHhjtR8NMXZrXTiSJ6xMx6hSGNcQNK3gP1yrs4x12m:12000000000000000000:OKDOT:CHECKMYTH
14nHFegiYJkbvKUWKe2nGZJ4ZisZ17AHTM54oRguL6y3mmg1:12000000000000000000:OKDOT:CHECKMYTH
16XDfaxpBEvneUgE1jQL6XTZWzqjZkuGPheVo5gwFUVwzw3F:12000000000000000000:OKDOT:CHECKMYTH
1ez186pXfRCnXMH45WSEuYKa47LcVVQLwMFQ47JPB4DkFjS:12000000000000000000:OKDOT:CHECKMYTH
151zXusCBXnR4bQkcacjUQFvX2h5gtGUXcVDTuM8hXJGNQZx:12000000000000000000:OKDOT:CHECKMYTH
14kUJ63XuAXzxeT42E4cxP5jpo8ERSy83fhYRZQWDAeaZzg3:12000000000000000000:OKDOT:CHECKMYTH
12fV7QUfinTqi84JyvA74BztSGTz9yNt5XcdPhAyvYe9tqoC:12000000000000000000:OKDOT:CHECKMYTH
1Ap7LTJdirRkEQtKr4C8gJWGw6WJCzy52oNqmN7wksjfxcU:12000000000000000000:OKDOT:CHECKMYTH
12pPFJR3rVeoF67tBzjUqetoQeGxYiKiEH24P71x2M9EA9fe:12000000000000000000:OKDOT:CHECKMYTH
1ByJHZPV3WbM8jYoL9reJKV6HZCmfJba9D81tkFTJSxqLSR:12000000000000000000:OKDOT:CHECKMYTH
13DVf8vBWK7PdmoRwHk4aNjvy3paGohQY3NXWMtLwuKEUgEj:12000000000000000000:OKDOT:CHECKMYTH
13eGpmctx4AAU4b8VTL8aafUvh4t49cXVS3okUPMyqWwHpSt:12000000000000000000:OKDOT:CHECKMYTH
1YKyptjTsvDiNw17KjtoH2d2htMMay6si3UFqUxvprk3axR:12000000000000000000:OKDOT:CHECKMYTH
12zPU7PFrZvebWT9ybrTBFYuBPuzdVetVJ6FzH6YSgEe8w1y:12000000000000000000:OKDOT:CHECKMYTH
1TjJQJRRZ6xSf94wefZBDBuxjDqem1aU3ctUM5QnBsQNmWd:12000000000000000000:OKDOT:CHECKMYTH
127PL9rB9Uj5WxkBsXdsT72fjNRA7JwXvKuZTDHd3VuJPCA7:12000000000000000000:OKDOT:CHECKMYTH
13ozY49VMbg1RbrQ3pVMuKqB8CKVL3UUiweLMf3hE2EM58QY:12000000000000000000:OKDOT:CHECKMYTH
13LWHAA5afazhsa5URbrBoAtNxLyqcTJTPFaKgttxsYM51fm:12000000000000000000:OKDOT:CHECKMYTH
12jNzxHfcbP2L1UWBZid4jSvLg56jgY3Agt4sd81oUZRGW2i:12000000000000000000:NEEDED:CHECKMYTH
1KzuwNGhxYiYQ5Jb3yZw2zBBVLcJ2u9QZbFiEsQVtY5721v:12000000000000000000:OKDOT:CHECKMYTH
12Ea7JZ65Lwj2yFi5aqGzenA5mxwHA7Xm1SLZaAVXVbsvwmF:12000000000000000000:OKDOT:CHECKMYTH
15SRsCJruNR3vjFZTdZazvKw3hMjebDraooBkkYELKw6ueHe:12000000000000000000:OKDOT:CHECKMYTH
1nNrsBYTfQcqg6yuEHUg8td7YpJizdQaavQrFSp3CWZfvjq:12000000000000000000:OKDOT:CHECKMYTH
16BV7wRzLkeqDyMbtGcrjDmx2BueFak2royVd9tQ3XJ7vBhh:12000000000000000000:OKDOT:CHECKMYTH
1u4rFy4ewc1dyee4WjAbHZSoGE6NcL4dsFVoNSYnpC5F7EM:12000000000000000000:OKDOT:CHECKMYTH
18nqfhfbVrtg4iV1sK395FNBzh1cebLRH5knvMXt36Dsswy:12000000000000000000:OKDOT:CHECKMYTH
15i6uXce31fzmMFwb6JfHFkqBgcHKrgu5Dysrz4LnpcKy8yz:12000000000000000000:OKDOT:CHECKMYTH
12fRWz1i96GP8jvt7DK53Cf7Gs3G9ywRwTAS54E6tG9H6uir:12000000000000000000:OKDOT:CHECKMYTH
15XchU19DTwJsYTnamp3ef6DXtBf8smrxM425wqTPAVDwWu6:12000000000000000000:OKDOT:CHECKMYTH
12Mj75HvAUQEnz8XSRzr4HBwKzsHxsjBbjwzRmtSrBPZrAVT:12000000000000000000:OKDOT:CHECKMYTH
15k8UXAoJQt7ZZDzMy1nQSQ5XGXbaR9DGHWvAzAhMWLbTcMt:12000000000000000000:OKDOT:CHECKMYTH
12EWfGcwq5S4uJnj1EYJXTSawYFtcdJvCeP7Hr2kztZfT6uo:12000000000000000000:OKDOT:CHECKMYTH
13gMCNbmo7xoSzUxoYJ7LccN8ShddqQpUPCoPHNcERFgbqN4:12000000000000000000:OKDOT:CHECKMYTH
15rpd46MNVLRDgcpD72Wx84gjNmqVX2AoNCRuDmA7MuQ5oMy:12000000000000000000:OKDOT:CHECKMYTH
14XBxgTfEzXgu3TDXfVzm6z8rpejbZ7ZrPQNVkxftm8eVHo4:12000000000000000000:OKDOT:CHECKMYTH
13y3yUT3an6rC91uonATpoZLY1KrXLDFT7AKrihePC9xPkc8:12000000000000000000:OKDOT:CHECKMYTH
15LN5g1LSFrofVU4twuf3MaSmFJubCxcP8xLTi7BVDz6dCcN:12000000000000000000:OKDOT:CHECKMYTH
15zGQFM7qaicRybiGZi8mC5AzpDXBkc2UVe9HjoLkauuB3pc:12000000000000000000:OKDOT:CHECKMYTH
16MVdT2BZYR3uNo7ApXGiwYJn2HvQefBj2hFnqR7MANKnjmG:12000000000000000000:OKDOT:CHECKMYTH
14XmbEnP8dBHQ3GpiKn7mv6A2JPhLnsEpm5RHuyiTCLH5E1K:12000000000000000000:OKDOT:CHECKMYTH
1ofcDk5E7Sg8YKBH2wd5f6qV1Tk1uMjZJwtpd5vQzJsC2QQ:12000000000000000000:OKDOT:CHECKMYTH
1UEJNuLodtUmrcGEzYdeMQgzbmKeb5bzoHqvahqEARosQFk:12000000000000000000:OKDOT:CHECKMYTH
13keAtiQvzB64byE33gLQo7ShEZJ2uPKYwu6PcYJPx5b1EbM:12000000000000000000:OKDOT:CHECKMYTH
13kRvSs7RULpzhMczw3JRmSc8b6JCeJu6AduaMi63xPfz7HA:12000000000000000000:OKDOT:CHECKMYTH
131VthZcZEhK4NsYbJsUhksN8yHYmk8WmCcbrkpGRtbv66e8:12000000000000000000:OKDOT:CHECKMYTH
159Bg2n7R3KJRy2Y7MjgeHJGzDchDesUWVV9FwhkVMTYpC25:12000000000000000000:OKDOT:CHECKMYTH
14jcwkvkhzebFR8hVuHLGtrDiVRNHJTDHbW8yxMxjxtLGRLU:12000000000000000000:OKDOT:CHECKMYTH
1BK2acwRUZ7NJKVSt1U3fAy1YpZNaqBLJ71a8e8AG9qLHSt:12000000000000000000:OKDOT:CHECKMYTH
12PQtdT1JgfRLaHaqaEiRWausWQo453ToD6XiUR3daFp9NQi:12000000000000000000:OKDOT:CHECKMYTH
1owqLMjkreqyeoRorrpeioaqihVqAfGSjAhux6wAxy2yiW4:12000000000000000000:OKDOT:CHECKMYTH
1pqSFERx3eZRZLr9ca1S4nwJE7VKXveeCnS7t3aXARFUQAP:12000000000000000000:OKDOT:CHECKMYTH
16XZQtTcPko9br4k1KdGVtCnEjuzn8uAr73AuNhA24vWXSB:12000000000000000000:OKDOT:CHECKMYTH
16P5zgu8697PRndPK2tBYjcuLiMMQJ1r3ftHsgT7UxMDVRum:12000000000000000000:OKDOT:CHECKMYTH
13PKEmXuKiMEuegdCDeUwGfgydWnhWm14tupyHQjQFbtpJ4W:12000000000000000000:OKDOT:CHECKMYTH
1x8HbFSCs1APQzrS16JeLoB3HoogUSYf4MVMddQwSWmVAxf:12000000000000000000:OKDOT:CHECKMYTH
12cGNxRGAY3VQEvLBJD8YX7jARdW19ruq5crYDBEaSbL1qoV:12000000000000000000:OKDOT:CHECKMYTH
1d5vbqWgk8wdxFdNnbj2GMASPphptPXM9fLGkiZCE9p4Hco:12000000000000000000:OKDOT:CHECKMYTH
18vSFyWqacSdmCspwbcsGmzFn2CyNUndpPBRqMQXP3SaKij:12000000000000000000:OKDOT:CHECKMYTH
12HDe4EitzJ5TU2cW9xk1BrSerrVxhdpyHNmXUJe96XQWJW7:12000000000000000000:OKDOT:CHECKMYTH
13JmC9Khg7yJWyJzZ5tNWBCwEXf6tZfvwjEEyLsXJjeAQQkM:12000000000000000000:OKDOT:CHECKMYTH
13E7RgCwV5oK5oQsvRK2oZ5nzBiypEpjmcZU3xd5qZT66hu3:12000000000000000000:OKDOT:CHECKMYTH
14tg8g9V2knoonTrUWnobiyurDSSh14cxqY14i2fPWN8hZjn:12000000000000000000:OKDOT:CHECKMYTH
14yeFL2mCGrq5YF8HAMBoTgf7uM8cwFnEAdcfpbVajGqw8xE:12000000000000000000:OKDOT:CHECKMYTH
15kDPp9bbHfQLy8tBqTYdvHy7PB7yCC2N5zmrkuG8Cax3jnj:12000000000000000000:OKDOT:CHECKMYTH
15mzL5duiRHWmUNPjZ8hyiovKQ9MTQPR3gnQuAukNC5LN8zB:12000000000000000000:OKDOT:CHECKMYTH
129ZQtdZdQErLU65pJu6F9ZsTErvKBqvJKzAsdarxwm78XTv:12000000000000000000:OKDOT:CHECKMYTH
12md1DZLcYJFTxC98TzHjWgH4dHK9GfD2DhtU3izyqatFqT9:12000000000000000000:OKDOT:CHECKMYTH
13dUb8BHfq1fixrHA2Dx1W2gLAhXJ1JAN7YqU4esRzoxsw5n:12000000000000000000:OKDOT:CHECKMYTH
13armJbhdWxK6k8JijirwtQR87TpSmDAR2PoTtz8cqE2jQj3:12000000000000000000:OKDOT:CHECKMYTH
13qqpVwr3sQgU693vXZpGqK3pbFsNrML6HYu6dZ44REPHXwn:12000000000000000000:OKDOT:CHECKMYTH
14zReyrnVqLLhbUyCTfa4mDwizUsLAaQKJkLjTbjo4FQz3UK:12000000000000000000:OKDOT:CHECKMYTH
112493foegQ3F4yUDBziofy7FQoRtZSbGr4RQrMsAR5s2Zhd:12000000000000000000:OKDOT:CHECKMYTH
1Gv8gDYd25dcEnSxi7s5XB8khp9LfJ2jxNB5TAN7258chf8:12000000000000000000:OKDOT:CHECKMYTH
16Q7Zj6xJaSeoR4qb4Lo16V1t9quwwGF1q3MLwy6WYd3WKqx:12000000000000000000:OKDOT:CHECKMYTH
15qprFaLJjFBKkzTEFwxGtSmNhq5eMXdbwKqEFxn7MHvS4Fk:12000000000000000000:NEEDED:CHECKMYTH
15vzrYhybFJnbEUFqx5jTXjN3YJqr1E7Jzy2pTgHZCPdDU3C:12000000000000000000:OKDOT:CHECKMYTH
1f2AHiC1qCSuBkxGzb6bLQ6txticF13ddydwoXK3Ks97vcg:12000000000000000000:OKDOT:CHECKMYTH
135CUJNQ3T5PXoo8NNnUXSZUVZrjvFyZNwGQbNtfZSJUetmZ:12000000000000000000:OKDOT:CHECKMYTH
13JV69efy2MFf9d8voSN8jqzVDcqM4YFhCsWGd5Bk4pgJknZ:12000000000000000000:OKDOT:CHECKMYTH
1sJVPf8vK8x4K5sYuUUA5RXsV2pyeMhoH3qZAPx6jv6Yo5c:12000000000000000000:OKDOT:CHECKMYTH
155cJxCiBAxZkPqsU5JU5xCFrN1yZttAJorPdbB1UFrXGa9A:12000000000000000000:OKDOT:CHECKMYTH
1ZYfDY5a6j1b8yLZD7nehNpMyAQfwaYZmModEciwziPD37k:12000000000000000000:OKDOT:CHECKMYTH
156Nd6HqmBsndT2uS7ohKnBQeCen5HRWzz5GbMcJMrZhSyRz:12000000000000000000:OKDOT:CHECKMYTH
14GqVdhTsmbE8sWQJDwTQRpQznvu3YYXd5FYjpfJ8K3oMnFq:12000000000000000000:OKDOT:CHECKMYTH
16Ln5cmBkjiuX5k2K2ccKMXTE1HiR7rafLEaywgcUCMhzUiX:12000000000000000000:OKDOT:CHECKMYTH
15uwzeoWHHf4m1MCWJBVMK8musSgTZU9R2rQPe6uoz6Tb3nU:12000000000000000000:OKDOT:CHECKMYTH
1TKi2UxKMth3kpHGgrRFVQsoRCeqsKRWm5jLLtPurUprm67:12000000000000000000:OKDOT:CHECKMYTH
12SCs4NqJETYCaShQkThhQHZ4e2ciLa2YfTZiDCYLwrXsLxi:12000000000000000000:OKDOT:CHECKMYTH
1vEa5XQYBafbCobbuxCtv9XMXyecTtDAWtCSUcF1SShB2iA:12000000000000000000:OKDOT:CHECKMYTH
128fhrcEcuCg9aT5eaGBk51Yn8swbqTgUCnEqzWvD5p5mGMN:12000000000000000000:OKDOT:CHECKMYTH
152cBSzmrCQRQgPRN7qLQrmaJiq5Ze67ScXjoxxtmBZKXdtY:12000000000000000000:OKDOT:CHECKMYTH
16hgdDpy6VJvAxbBVwPk5WGh4T5uwbeXTZUkCD5tVjf99MMQ:12000000000000000000:OKDOT:CHECKMYTH
16PmvrwvKVbdJnYtWipJUGwCNe82F9bNbV8nQGq4AG4bunJS:12000000000000000000:OKDOT:CHECKMYTH
1647JMiam3YzTSLy1GSuBoGEmkWfi4TKVzRSqumybAYnvxGy:12000000000000000000:OKDOT:CHECKMYTH
16Hg4BsgDkqQ8aeFVjL7SPRV9FAY2z8cNiHzLqSzTkf4t8mm:12000000000000000000:OKDOT:CHECKMYTH
16XdF9pfwjcULAAw5NmGxDEPKaCWgbCBdkek95rZBX8qdvpf:12000000000000000000:OKDOT:CHECKMYTH
14n299vd9JjH1R3dfffUGN8iPRAGjAjqpEydNN7S7uwhLeB2:12000000000000000000:OKDOT:CHECKMYTH
165GPAorNZZHKYcp22GWRi4MbDjKF9DnetGzK1AHkVcGWbxm:12000000000000000000:OKDOT:CHECKMYTH
13pAanuwnqngsUyzyRRW3JiApw8c2SNXAobWs5M2jS6os8Uc:12000000000000000000:OKDOT:CHECKMYTH
14SbNzzsPPuBBadAEgrxTUCasCvCStkfXYSPvFkagpTv2w8C:12000000000000000000:OKDOT:CHECKMYTH
153BA3mpJ1JvwRpkLdZxESnmkESFS2vWcoB9e8HuK7iku5EE:12000000000000000000:OKDOT:CHECKMYTH
14mnWvP2qxXBh2n1eY2yYJ5bF3W16HhmchgKvGQru4mAtMz:12000000000000000000:OKDOT:CHECKMYTH
15CrQuNoCugtTwEJN9JbW8rJ4Xs92B3F4JT2AmBW5zNxXZK2:12000000000000000000:OKDOT:CHECKMYTH
132S6quThBJriXMe4QArfBukMphXxGcqmusdEYcARHGVj6HR:12000000000000000000:OKDOT:CHECKMYTH
15ConWgEn8LcnXjQLxq25QPyYErMHUA9EbQRnXSjxuH1NB5t:12000000000000000000:OKDOT:CHECKMYTH
13rPjsPFxZSMLhAFjNkLRyft1t5KWWzhssQ3Z4P1x5iqtVd4:12000000000000000000:NEEDED:CHECKMYTH
16J72P7rZu2NbmpdckoZCbA9YUcAoXJbdPps7G4TdGgYFMXa:12000000000000000000:OKDOT:CHECKMYTH
13RZdrTcyjwte3jiBkrpz7HVZALeuyTFYTbvymoMPWfgZ9Do:12000000000000000000:NEEDED:CHECKMYTH
12MaoVXjSRQhdLeeFkhRo1p8bGP8t6xf1uKmJ5NQLujYS9qr:12000000000000000000:OKDOT:CHECKMYTH
12A1F6AjYjBd2keo9uZojeirRvTjErWKmGZLqLuhoLkawsNi:12000000000000000000:OKDOT:CHECKMYTH
15EVHo5kFHFGB5fY46K7QEBPvaWQgPdS34jKkXeydy9Q3sL1:12000000000000000000:OKDOT:CHECKMYTH
1HiVpwfrve2BPoLUV1NXWxHv2krpyZKAuJLX5ADTYiJVxsp:12000000000000000000:NEEDED:CHECKMYTH
14rYVCB2ZAY3fMASsmWMwZ9po6jAvTJr6qjUoGSyoJvs2NeQ:12000000000000000000:OKDOT:CHECKMYTH
1YCiHtpwZJkihxymBg5SQgfWXQtWBtGGQhQEJ1VAUqSMRUj:12000000000000000000:OKDOT:CHECKMYTH
13LWeT6XHz2ciDpLiQtGT5iR2ZoBzJ7b6Fu9A1Ezb8GBWreH:12000000000000000000:OKDOT:CHECKMYTH
15cvJorAszHAcReWTxU222M1XNkd68BhNgMHuiDt2V7isqki:12000000000000000000:NEEDED:CHECKMYTH
16CdRnBKzxEs7j7pi24iFSbo3Qnm8XT9ESYKy5KRXyxEdjPC:12000000000000000000:OKDOT:CHECKMYTH
12Vjuo76MG88eyMVcrBXx5WHK6ProBuDY4SKrRuKPyvtCZDt:12000000000000000000:OKDOT:CHECKMYTH
12ncEadsmK4zt4bLYeZvqsxG4DdB5aSieh4b2EZtcaav1hbt:12000000000000000000:OKDOT:CHECKMYTH
13yNj9YxwGHZcTCXnDMYpbN5xgcrfdkqpqR7VUWwc6kDJWnk:12000000000000000000:OKDOT:CHECKMYTH
13HRqLHVPaFxaQs3CckmagWhJDadA31RoqbfNG1Vz4GzVJ1d:12000000000000000000:OKDOT:CHECKMYTH
1p255LaaQywEg7z7sAwvuwqKqaWdsjwBcquFcoJGzouaREY:12000000000000000000:OKDOT:CHECKMYTH
14tqYdnbGyw2KNuDYzB9rxXoWGPnZ58B6M9hgsvgmZfbQ21t:12000000000000000000:OKDOT:CHECKMYTH
12ZawTEpua1biyrZ7rs1siFLQCwG9fAUVCHigtmjVpqNmFhL:12000000000000000000:OKDOT:CHECKMYTH
13Gd9YywxHjurSV21h5wBR8gXcQGetxYap68STQPuHzRindb:12000000000000000000:OKDOT:CHECKMYTH
1FBa1athCoNADrAVtNf4978AkZVTkni3T4D1yaiKWm9HR1t:12000000000000000000:OKDOT:CHECKMYTH
13tmKfuGNr9tbLSzSdQjqERGa5qA7vv6mh44j5fXxfRDhcs2:12000000000000000000:OKDOT:CHECKMYTH
13L6zNrDjahY4pgYvVLnCZDUA4fC1vjjeK6L9mv1RLPg9foM:12000000000000000000:OKDOT:CHECKMYTH
15TG4imdD3xFTz1J3xotGAG4AoDFcwTLs1eJjy6LhEi7Ckci:12000000000000000000:OKDOT:CHECKMYTH
13Jit7Bu8rNqZrfVnkGbzHgVoZoKtiPLyVqrdk2pQLCWNdx:12000000000000000000:OKDOT:CHECKMYTH
16D5JLooR45ESSu8uG8JhK8G1p8haxJjKSN6LMLPZv2We71A:12000000000000000000:OKDOT:CHECKMYTH
13yvTQgekbyb9LwarY3VaHkSAjYdDJhCEHuuHtz7tP1j7pTV:12000000000000000000:OKDOT:CHECKMYTH
13c5L4YxYwPmpm8bUKsC5FimoQBfFMgaRnhLWfEWA7CLJNUC:12000000000000000000:OKDOT:CHECKMYTH
15r2aDLWjLqU7r8opbM6NaTurssnMdSfeDBJGTmMqDbfCjo:12000000000000000000:OKDOT:CHECKMYTH
16jTG2D4iFC6s4NziPscE4xXcEj29M72cW4NoFZ1sB1RNGJd:12000000000000000000:NEEDED:CHECKMYTH
16NJmGBo7mF8iLREhnVmuzYPfxpBm3pek1Trz5WmHywHZruY:12000000000000000000:OKDOT:CHECKMYTH
15wG4f3PPXYPvwoZYL6Xurs4ubG5NreexSQMe2XQYA6ncexe:12000000000000000000:OKDOT:CHECKMYTH
15UaPbz6yb3w6e6zVPve69mbnx9xStsLSk7yMm6eC4bFnxMd:12000000000000000000:OKDOT:CHECKMYTH
15AcnaQ67hSm6oUfWMtYG41mw3XUdiryKgzZFZUTbeQkpKd6:12000000000000000000:OKDOT:CHECKMYTH
13KD9zyvqLDZUVCixr8DKN6BcQtSY9e4pXZn9BPahwPaveF7:12000000000000000000:OKDOT:CHECKMYTH
14EJVQJXyMZgufL4dEjCLDp4jnkKoMck8z5B4NUCEuqUt2r1:12000000000000000000:OKDOT:CHECKMYTH
15Egohdhba8cDaps6YEmB7vk7fQuT92ssnFXzeZ58VCAqJ5u:12000000000000000000:OKDOT:CHECKMYTH
12QyWPRA7UHdNpXvrskKDr1XsPbLq8jauSSuwvfDW3Z2aCka:12000000000000000000:OKDOT:CHECKMYTH
16cntMfxEgebBfZuAiLHwwYMZ8Jj25oWqvQL6DWoemA4oX1:12000000000000000000:OKDOT:CHECKMYTH
1KFFvBVwtrf6FJVGvnoys6GgYkf89DjnGp7GXtS9t7y5Hwd:12000000000000000000:OKDOT:CHECKMYTH
15G5UxTGaVQH8stNRMKep9ChsrohmDhKrBRLknvrTRt5HXHw:12000000000000000000:OKDOT:CHECKMYTH
16SNdmuKDVgWb3chuGiYrmjRNY9WpUdtT3Sxn7dUttj3BJno:12000000000000000000:OKDOT:CHECKMYTH
13dd6K1rvfb9LL2pHjFf4jLkWrwGgc8iDXqEva7fa3L93aLz:12000000000000000000:OKDOT:CHECKMYTH
12Ppc4yp9QNLBZ9QT6wGaxSSXbgTFFfchqRzXNYvqKGenKg6:12000000000000000000:OKDOT:CHECKMYTH
16m3d7fmpDriKiqoLptxpR2x5mVxnew8KnnnQ2zYcVnxB7UP:12000000000000000000:OKDOT:CHECKMYTH
14SJiaNJv5KErkn5DH6NXhfP2a1CYjPwc8HcN5y3qA6L1B8G:12000000000000000000:OKDOT:CHECKMYTH
17pB7HSUNzwHS4gKXxi8qNPupHyi87y2hymYnB2VcVRd4ag:12000000000000000000:OKDOT:CHECKMYTH
15ytYgfBjVEvMYRmYnwJA6eaMuBHBSbNcnuRVhvUifkn9Brs:12000000000000000000:OKDOT:CHECKMYTH
1d9jsBkM6H2pk21itoaoc83YajAomcZ6587EMy8NzqafHhm:12000000000000000000:OKDOT:CHECKMYTH
14jSjntF8mimyfUastSXHHsz6RmbR1TYEDgdt2zD84SbvoMa:12000000000000000000:OKDOT:CHECKMYTH
15LBtNCzyH8rJYfQyMKjWJJri5sU7VYHcwaqCUBjdoM5u7xx:12000000000000000000:OKDOT:CHECKMYTH
16ZuKbTpKnGEq8pKxmzZ8UWcAEscyeeMTwWaU42EVquX7wkV:12000000000000000000:OKDOT:CHECKMYTH
12xM8WdMigvsJBppUWahVxXhwVrS6xL1PCMMxUjQPhc6VeFd:12000000000000000000:OKDOT:CHECKMYTH
15hrhV8EUAaXFAgwv95SHJVPeeXsVcEx2t8bwZWdeJa34YKw:12000000000000000000:OKDOT:CHECKMYTH
15zGsxi1sfvBXmzGzRELuCkFHqv9qFbeobAy2WRQZhFotoFF:12000000000000000000:OKDOT:CHECKMYTH
16nnNisAhZ9p1V53uxqH3cAzuuiWqVdvHgkDmKeunmVyCeD:12000000000000000000:OKDOT:CHECKMYTH
122uWoT9SfQqQHfcgrx5ms62XPVr5nq3b5Tqop9w1TL3ceWk:12000000000000000000:OKDOT:CHECKMYTH
12ezfW7WaAyRZhpgtrPqMNeYp4Vd58eJFmWNjKkaZ6rvfrWj:12000000000000000000:OKDOT:CHECKMYTH
15Qaz55jdvo6QU8gqQVCERWJeCPdau9ZmNJ7HZ4dMsrfFD3b:12000000000000000000:OKDOT:CHECKMYTH
13x5hYf86hwmJV94kS9ew8ydkuMeWRxUBHfWZ1Nbcc7gaHqk:12000000000000000000:OKDOT:CHECKMYTH
16Psi4M3csBuq6enhkq6ifj47etGkTUGRdaXogqPY6skXXTa:12000000000000000000:OKDOT:CHECKMYTH
14hHekGXKpXfQgeEqSHuaiaNqSrLE228iaAGg8fFPF3Vqmka:12000000000000000000:OKDOT:CHECKMYTH
13BXHCbioxMJj3atP6qZX3D4BJdwj6ap7nEoPiKeGa6gSGzN:12000000000000000000:OKDOT:CHECKMYTH
13u5WqWG4jsZY629rD3kt61sRXHiYCe7FMPMaMAzj1uxyiei:12000000000000000000:OKDOT:CHECKMYTH
14sAegwBAqrwWtnN1qZ6fx7ZV9K3bBLZ3ipcPSkbc61v9SM2:12000000000000000000:OKDOT:CHECKMYTH
1Sb2oLmcyVHWXxevHiXjN5GYh9mHdfG23qvBAzGZxoaRReo:12000000000000000000:OKDOT:CHECKMYTH
1Yr9wUPt4QQ6AdXspcZp66UjdcpVJ7nWLNGEo7bEPmWf43q:12000000000000000000:OKDOT:CHECKMYTH
133FTxFEcZXNUXUjUPWnUw1woPF4HJvqHq95DEdfHfQpxmPJ:12000000000000000000:OKDOT:CHECKMYTH
13kku3b5zcUqfStSWerewBBMDpcSdDsGnST53wZQTV2a9HCb:12000000000000000000:OKDOT:CHECKMYTH
13TtmmtCKfuQMdE8DdQGTG9iMdjs5XWdCwuvzBQLQWjVFYff:12000000000000000000:OKDOT:CHECKMYTH
1ATqgrKNaVZM7B8RCEbCUafVh3YADp3AbK4ypr99U2Csh96:12000000000000000000:OKDOT:CHECKMYTH
12xsifkcGGPFCw8Q4fD8RtFc3JHJjCrktrnYJJ6me7B8REyt:12000000000000000000:OKDOT:CHECKMYTH
12kyozzkcfAyi5qr2yEjbdnR55YFJbk9R6M3VAMoJpUtuDSz:12000000000000000000:OKDOT:CHECKMYTH
14iT921UpsJKJLEgT4GZEebg46qieGXPmfzSFA63ZN5Wi94Q:12000000000000000000:OKDOT:CHECKMYTH
1233YBxLmmQpgVPnyRnaMXfUQ5yfEScJTNnruexeZ2ZmJ2kR:12000000000000000000:OKDOT:CHECKMYTH
14FuRz2Wc28SMqvZvCj9KUbfHbaBWq5tMGoVTasZSEwVTfC7:12000000000000000000:OKDOT:CHECKMYTH
12CM21seSwuxfr6jor7eohMFBvMYQjBZ6mYWfaeaFc1yRECK:12000000000000000000:OKDOT:CHECKMYTH
16f9tyo7x7JfM6AYB3Dj4mR1Y8QgN6ZFoPzDqNNJjgdHDLQb:12000000000000000000:OKDOT:CHECKMYTH
1tWDEWNfKs2NPAPofE5P56JhMTuCYuMw7yEGCgezgQdNYZU:12000000000000000000:OKDOT:CHECKMYTH
14TpARCBSZn7d8gzHQdL9hWqiAQN27UBqkxYB59XwpZTXvDZ:12000000000000000000:OKDOT:CHECKMYTH
12zDQ3EMvL2yd2128zuqKJSBeQ1EFbgGDi99SuokCwPSk9qh:12000000000000000000:OKDOT:CHECKMYTH
13dBcmYA3bU4YYT9SadjuLxnYqeSUg6bJFqES9EuuaSDwGae:12000000000000000000:OKDOT:CHECKMYTH
16RB5kcrMyifZzpTVRBo1qm1wu3827SUXMU2og2VZ8iZsdqa:12000000000000000000:OKDOT:CHECKMYTH
12q3jkpvZPdrFAjx3yDvj5NYQvjsQYQ4eLiS1JvmiHEQhznF:12000000000000000000:OKDOT:CHECKMYTH
14AJCVhGdjHgTRVyCpCHkzk7ktMfK2wW6bLvtA4gx3VsoBhA:12000000000000000000:OKDOT:CHECKMYTH
14fEDPHifgpS64VmMK6nLsDc2rXkm3w7cN6kqV2fzHXVfHXt:12000000000000000000:OKDOT:CHECKMYTH
15aTZQqGNL6HZYFMxD5y4QQESgSGz8JFHJmenbhcREKCVJd:12000000000000000000:NEEDED:CHECKMYTH
12j5xW7fvWH4cAUAQNhLttEwrMFz2GxrFtqv9ZRJcBqCRkst:12000000000000000000:OKDOT:CHECKMYTH
13MCUjFXUaM2yEW67ceCFU6ty84yVf4KmzUt3UrKQ79cyZLf:12000000000000000000:OKDOT:CHECKMYTH
1Eqb68dLChFwc9pojWd62UMydDVwo2VL6FKjx4r1hgctoQJ:12000000000000000000:OKDOT:CHECKMYTH
15cFaQFrcdd7VT4qRa9YJfMdjL1mWEbK5DfGEW1vtJ2qRtaZ:12000000000000000000:OKDOT:CHECKMYTH
156eZYv95sqChGDiPRcFesucp9eLt3tT6exobyyU7bCT4HHD:12000000000000000000:OKDOT:CHECKMYTH
16YzEa8HDaWUZ19odBweLMromm1F8m8tWxfrK3iL9xUyjG4s:12000000000000000000:OKDOT:CHECKMYTH
14sF2WG5TEGTJtaLxsJYgC6gBm7oGwncre2AaxsbRBPrJLLx:12000000000000000000:OKDOT:CHECKMYTH
14WQc3enWkB41rpMqE5DGLuRkeNeLxL6ondr28q2a3KG1YB1:12000000000000000000:OKDOT:CHECKMYTH
125tJiFfAeZDGf2ahMame9yQfQGRqVHZMy94Frv5Yb7aCi3b:12000000000000000000:OKDOT:CHECKMYTH
1J6MTKMwyDiV7vwCrVy95LNUr85fJgKo58zxLEvdN2nYDyJ:12000000000000000000:OKDOT:CHECKMYTH
15VVFuc58buUSSSf63fjxQ71VEDD15hoLLHxd8LrWveeZxLg:12000000000000000000:OKDOT:CHECKMYTH
13QzUNmE8k7qv3dHgrVUMtK4LeyFKWfkYfMzXWzEf59cWSWv:12000000000000000000:OKDOT:CHECKMYTH
1fhU5s4mTAScFcCwpwiFgj852Gq1N3Y9vEu5rXV5n449xNJ:12000000000000000000:OKDOT:CHECKMYTH
1JzEeJzJxH631RTEjmPYN1mT22dXNwDfMTW6i3sxSrXi8Hm:12000000000000000000:OKDOT:CHECKMYTH
12edPUxcxcLkbEtJBBZDXUf8s2cB5JQ6RZaBWr84Q2DthpsV:12000000000000000000:OKDOT:CHECKMYTH
12oRCGtxX8H9XA9PHSo9TjqACCzpA9bTLQuDBsYPKzjCVRKj:12000000000000000000:OKDOT:CHECKMYTH
12gzyJavWb9dfDsCCbqv348zGCbSXgoKmnNFbZKmRFrPj3TX:12000000000000000000:OKDOT:CHECKMYTH
141KksEwnF2J2Vbk2az6XLdF9n7pS1Kk27ASzQnnJxx8eEXD:12000000000000000000:OKDOT:CHECKMYTH
1ogMK38LExC7xvJhRKuhPbcd3LC5XPRGTa1yTdifqxv1EKZ:12000000000000000000:OKDOT:CHECKMYTH
162gx9ihzoWVsgyWG3fVuh1j6wmU7mFw5LeD7KtkVe5hxuH2:12000000000000000000:OKDOT:CHECKMYTH
1ZLB6WBTphMKCgoUXz4bgmWtWff8hgWqgLvHqwG6dWT9HFp:12000000000000000000:OKDOT:CHECKMYTH
149Bs131Z2DcxrA5Uwz5xDLMmDS2p2hWUv4iQvyjiVzp6TZv:12000000000000000000:OKDOT:CHECKMYTH
16JBHzZ2348duemgkRUSWMvsti9u3JsWmgz1HeQgTL9Vza1g:12000000000000000000:OKDOT:CHECKMYTH
15jRXxzXxRVGfcqURRtnRApQDofKxnTWaUD9b5T23PdWN5R4:12000000000000000000:OKDOT:CHECKMYTH
16hELFm7182YrWhoMCRzW1xTDRCY6KrNmV3De49EQ6Qu6U1i:12000000000000000000:OKDOT:CHECKMYTH
13Esu2JWq3vzPs4XKskU9My1XK4DNHSmrMybKsTKUSGZTNaj:12000000000000000000:OKDOT:CHECKMYTH
15cGvKkCwUqP8LckNAJ1PSLNszS84FKw8iHeCXheifFhyyzd:12000000000000000000:OKDOT:CHECKMYTH
12HoWAC9DQGrRnsb4FG5RrTZ9uDqfHvrdwvSdtipUPtgqdLb:12000000000000000000:OKDOT:CHECKMYTH
13xvvfceQpe6DM4bfebaX4E49yRbKr4bP7oEpnd6nK5cXjW8:12000000000000000000:OKDOT:CHECKMYTH
12nP11miZhMxJTffWSWN672Jhd58Tr7qirutPL325E5yqtQC:12000000000000000000:OKDOT:CHECKMYTH
15eeHK9Utdr9muDwsAMMngKeEi76AWKu93ETgrP9EVtJmmKV:12000000000000000000:OKDOT:CHECKMYTH
15i7AxQghLTRKbMEXHFD2JQU7kZfERuXty1PA78EsCrfLWbx:12000000000000000000:OKDOT:CHECKMYTH
14BNkGw6MmLc3xxSQTTUtnqXfr2P6zWD7uEWWG6W3eLGMwPJ:12000000000000000000:OKDOT:CHECKMYTH
16CXZhtZVh7TKg9KuSUCev3wj6rkqUvjNXPrCg3GDWXRbbYQ:12000000000000000000:OKDOT:CHECKMYTH
143f2oCP1hhAtU6qQmMmNEGQ83mSXk2pz6Xj5YYRjm3FWgxD:12000000000000000000:OKDOT:CHECKMYTH
13BqjojhLiRUt7iGFNj9x9VVFe1jgZWUz5xJGR3ozmcg9S8y:12000000000000000000:OKDOT:CHECKMYTH
15AVBQ8f6XuunZN6UHigtz2pjEMvMbA1C9Mch3AGHBRBVstE:12000000000000000000:OKDOT:CHECKMYTH
1hND1ZpFis6r5AT6ChUBcQ2HfjYDR24oPSbko318r3WUJkZ:12000000000000000000:OKDOT:CHECKMYTH
15mwqg5Uca4iyj9cJLZktpSkT2AC6M5A7kairpQBbiYFStvx:12000000000000000000:OKDOT:CHECKMYTH
1FzCdj7fVy6wYTVA6kJwSUUmG3Dm5fRUTyokb6Lb46emFFu:12000000000000000000:OKDOT:CHECKMYTH
153bT9fM7xAfApNDFXjCXaAFqGRB7B8eARiQSnwqhTvpxTNf:12000000000000000000:OKDOT:CHECKMYTH
1M8FBzaXpVXqgf3jAyy6yWMamZ2rR4MryFDtT8hbFF1Sfsp:12000000000000000000:OKDOT:CHECKMYTH
13SfgwT6Dv1dryTapRKPJW1qgFx9QZszmeccGRgUTHLZGzDp:12000000000000000000:OKDOT:CHECKMYTH
13DQQsN4LX5BeNJKTHkazMfpeAdK4ps4xQh5sJRFyqBLv4GP:12000000000000000000:OKDOT:CHECKMYTH
12ypbB6fs9ku172RAQJMkmdMrvQHfnxdefMVyeLM4qpuC5SQ:12000000000000000000:OKDOT:CHECKMYTH
14bKv5SUDf625qiUBwdPy6yWHC7hAZd39pLSQnFsxtzsHD5C:12000000000000000000:OKDOT:CHECKMYTH
1jKdSpDwYJf2q49n4Ld6CymzfLQLm1MWcKTRg7pgfEaVNDD:12000000000000000000:OKDOT:CHECKMYTH
12arWjtgNktnW2r1BiKTtSCBX5shDiR4tQnLdmg41RFCXLMU:12000000000000000000:OKDOT:CHECKMYTH
1FtijXmF3w7txTrxnwtCJojdqT17t8PBTx79eVCQXjocCeT:12000000000000000000:OKDOT:CHECKMYTH
13gWxBXPAgELfaQJbazk6ufFdLqmASsuSSzxyYYAFSNhUrQu:12000000000000000000:OKDOT:CHECKMYTH
16Tzay9UL5HFcVRfqJHS7PTdWg7GT79T91ub7WhYrM69T68V:12000000000000000000:OKDOT:CHECKMYTH
123ENDXeFFx3NPNRjzfJ1ymcUFeERUuwQQvJFJ7ZM8QgL1N1:12000000000000000000:OKDOT:CHECKMYTH
12rYP43YXwyQ9pWd6rUEqfbKQ7DYmDfBUmsR3JTVx32sCaBH:12000000000000000000:OKDOT:CHECKMYTH
12V5rHx2PxVXEqyMLiYkULc4vaXCz6HyR3aXJTNusPRxECxA:12000000000000000000:OKDOT:CHECKMYTH
12cyYUCth1X3HEQHbYHC2NmU49XKezuPas4AmRCE97rUi56q:12000000000000000000:OKDOT:CHECKMYTH
15xu8LsDxiakNh1i9MFif2kyC1BfE3qBWpcj41NUxjWKGSgB:12000000000000000000:OKDOT:CHECKMYTH
13okVvGyZDVsqMMNENqoKn6FXnaoHrErHheqaY3N3dbzjwBx:12000000000000000000:OKDOT:CHECKMYTH
16QKps64rBY2k1kJ3zMTqF6eC8U4KRCaVViVMEbLLQtFvCyD:12000000000000000000:OKDOT:CHECKMYTH
16FezSbTRwK2EmFJN2DE6ySpk6cDwU68roi4vFr88G59XcWG:12000000000000000000:OKDOT:CHECKMYTH
13NCLd3foNpsv1huPDzvvfyKh37NEEkGFotZnP52CTR98YFJ:236000000000000000000:OKDOT:CHECKMYTH
