12y6gJ1PikgM8xoZ1asgU1QFCxxhh8qwKPPnhC1zBMGF3ZRf:12000000000000000000:OKDOT:CHECKMYTH
12a3dufUguKa4zcDfCiDkp8kEqnpejQyx6tVpp5xENyZEi5s:12000000000000000000:OKDOT:CHECKMYTH
137jtpg9yLDAzM5ANk738n7UZhwPKbAL9WV18fgYCKF11vvf:12000000000000000000:OKDOT:CHECKMYTH
14FKwe5LwW8hNbokfFY1qd7XM3QipLnRYfyWjKyTThJg2kXV:12000000000000000000:OKDOT:CHECKMYTH
16XZAT2K9ha91p6FXtkYpv5M2LhNPLCJnBmzqhjNeB36GF3h:12000000000000000000:OKDOT:CHECKMYTH
16JoPC5SRPVGTnesyqePL1h6NbfKfYTmtqxPhNaQcbZ96ybu:12000000000000000000:OKDOT:CHECKMYTH
16cbfgS7ftcNaJi6UDDo345R1pV11d3VGL6aBg6YukLMtjSb:12000000000000000000:OKDOT:CHECKMYTH
155WyWqraEwduoFDfh1hdiL5USm2Rzyi5VuS653Ccn9EbVRo:12000000000000000000:OKDOT:CHECKMYTH
13C1QR4Cbncb51YdBoHeWb2g4L8hHVvnPxv5qwTXC2sofCAJ:12000000000000000000:OKDOT:CHECKMYTH
15w1syTCNKeDGSZhrKrsbzdJsdt8VPkiiJMKk75FScS6d9Zi:12000000000000000000:OKDOT:CHECKMYTH
144b5QaLTyBzF42Mw7XPpwMP98MznBcA578QboijTsGmoxVD:12000000000000000000:OKDOT:CHECKMYTH
1pxuXLugN6KHibskY2mf5g6DnNtMByx4HDDUUJYVAysqzE3:12000000000000000000:OKDOT:CHECKMYTH
13AYHPyytXf6QA34HZNZgBsxaxUgwC66NaKUdJ2DQjqBKvy2:12000000000000000000:OKDOT:CHECKMYTH
14mZYpsV5Lr6MgKGikT3LEUuy2qoyNnrT2B6eWRdaPcVG8HA:12000000000000000000:OKDOT:CHECKMYTH
12QN8nCTFYZyguuq3NmTv9uJqs7JRvLg9kaGCXpD2fMEWjKf:12000000000000000000:OKDOT:CHECKMYTH
12Ez9PDb7T2d86aLkGM7b754std34J56Trk5hxeHkQYPqBsm:12000000000000000000:OKDOT:CHECKMYTH
16YxKoDSaR8CkVpo3tnFab6qFPakkGDtzWTbVyjToWxuotgQ:12000000000000000000:OKDOT:CHECKMYTH
14yacZfs3iXrVJZ9Sc9PoDm8nxj6yWyhuFUmiKBtDJ9Mi8k7:12000000000000000000:OKDOT:CHECKMYTH
13EEwiaHH9UaWJ16GoSQhfDzowT75bGDwHfZ84rTDgiBm9s9:12000000000000000000:OKDOT:CHECKMYTH
13jmqmXBKfX2tcHHsd7w38fyYkofFUojXmiEQdLzCcDmAvRw:12000000000000000000:OKDOT:CHECKMYTH
16Ps8ws5vDyVsjfr3KbwgPBU9KV76L8JhWBCV6tDM1zv4BPQ:12000000000000000000:OKDOT:CHECKMYTH
14sd3eA33Bb5DkD1Z9frLom3MUdNoL5xTSsFW38UiSRBqsN3:12000000000000000000:OKDOT:CHECKMYTH
14mKxfUHZA4bwYytYZNeQ2Q6ZTezfNckFhDKL9Tf8wkSCMf6:12000000000000000000:OKDOT:CHECKMYTH
15r4Pagoen4EEEky3JWyDPfws1bgsj8btozB2Z7NWPttcDdz:12000000000000000000:OKDOT:CHECKMYTH
1Kej2zvkFz817e6pCgmgTXmRcPuQ2jgJtPwkRANR93cMm8r:12000000000000000000:OKDOT:CHECKMYTH
14q7dXrEnbmCPB8cJBzZo2srRYJrr4VTU9NSVRaJX1BLhSpv:12000000000000000000:OKDOT:CHECKMYTH
16EaMWgyASE6RbgTWQiLRfdsEeD542yVC6YEeyKDcCA85wVQ:12000000000000000000:OKDOT:CHECKMYTH
15n3kc2NKoMCyR1LSUtRMPE2z3C1jKEh3N4yZQAPJJE2J6A7:12000000000000000000:OKDOT:CHECKMYTH
1i6f6HnxhsdrbXT7fR4XDUzxXoN5xtYi6vGebd7XU9ohnLR:12000000000000000000:OKDOT:CHECKMYTH
13njxsN5985s3FzULw7SZLsu4h5hRpMxdNFdgjdfXTcvjPhC:12000000000000000000:OKDOT:CHECKMYTH
158LHavovTZJo7gQDhPfPdPSsUTmCZyUfxmFTxUVDK6dcXmJ:12000000000000000000:OKDOT:CHECKMYTH
1bpPJEn27TPq9PiUehh31t4o4Li3ujT3wGW3EsgWpqH3iYW:12000000000000000000:OKDOT:CHECKMYTH
12yXjYYdsCZvxPYfftEHgphCnjbMKmXdomtEnZrKFy6hnDu:12000000000000000000:OKDOT:CHECKMYTH
15romvAJM4n4nUmnB4oudZd92Ad6XpCWsyHGxbMPDoFCp6zB:12000000000000000000:OKDOT:CHECKMYTH
13KtWNvS1uPNLNFCJgngSv31gSSwqS8sVcxmUkx2Hh5cEtgY:12000000000000000000:OKDOT:CHECKMYTH
15VA63T82xgTkqyt26EFv5YfoUhVEPbhcaXxokES4f5RHHc3:12000000000000000000:OKDOT:CHECKMYTH
16FNFnpmnL4krveD8qGza7fATUQ7xKNK21hQJ7YsZpMpY1Xt:12000000000000000000:OKDOT:CHECKMYTH
16PV6QQvNeVLXHz3jS9n9vVkrGSgk4LtjbBEVE6qvSBRJ1Rm:12000000000000000000:NEEDED:CHECKMYTH
154MsjvAnJ7RBN12nmEGcwnDq7QsnrQAB6xPTPEnUyqwejHM:12000000000000000000:OKDOT:CHECKMYTH
1RLTPU3zbJvTWTDCzxQuq3EpegXPiEaiSDae9qq8VhEM1pU:12000000000000000000:OKDOT:CHECKMYTH
1ap5Rz4QpDRJn2F4LrceJxmJE5FfQFhzsxf5YFAXpKktvv5:12000000000000000000:OKDOT:CHECKMYTH
12tZ1XkDy8ihX1oBSnFpLzgAf5a5BYufo3PxLB7yX2aKKFwt:12000000000000000000:OKDOT:CHECKMYTH
14gzXWyFd5fwdYP82eHHnR8Au45HSgUYnnQRLM9aGjK78vWh:12000000000000000000:NEEDED:CHECKMYTH
12tRCsCf2V3jMvTQUyaVUSJ23Q4egUnof697eXQVrSzwkj1z:12000000000000000000:OKDOT:CHECKMYTH
12i4s1GKqhTHpedKaCLo5JdVQ9pyrEv97jF5nsQKsQaiQneV:12000000000000000000:OKDOT:CHECKMYTH
148frG52pMu4BE3QULPFSFSvMADW8mrMfHpuUPv5LKfeoJru:12000000000000000000:OKDOT:CHECKMYTH
12GUhGxXaM9KsnLTfP6zJkysv3YJrgygWANor3hKT5ju66YN:12000000000000000000:OKDOT:CHECKMYTH
13JzoDg4j2UWwoJQ4v36LepJ6HbQNALpNVFwrGce57XdYqjk:12000000000000000000:OKDOT:CHECKMYTH
15SmUYv2KQZRK9TtMTvFXB896PxedNN5QUYjz8jimRZLWWux:12000000000000000000:OKDOT:CHECKMYTH
14o6SLdDqsxkbU1TBvVCtF2CinCRAKYM2owHr5xhsgmVSnzE:12000000000000000000:OKDOT:CHECKMYTH
14s6jJWDWfNPL57Y9ZcBpoSQ6WqkW7onS8BLLxqGAmoxC9Sb:12000000000000000000:OKDOT:CHECKMYTH
14p3778A5CdvxvJEzXE5my8T5FfGLP3W2VUDPffgrcJn55pM:12000000000000000000:OKDOT:CHECKMYTH
15uey2wZv6TkBoaukAPa2oBA4HN11BkmBDRhcexiM6MUU1H8:12000000000000000000:OKDOT:CHECKMYTH
13MMgL852dKKnbi6vmYSPoAG7AUDBLgsRa1rq5vjmnDQE9K6:12000000000000000000:OKDOT:CHECKMYTH
16PUynZPfUAGe8f23pqzBG6ha7nkWgdH96uf8thSdibSkYqW:12000000000000000000:OKDOT:CHECKMYTH
16XJMQju1HbsjPZjYLoYnZLQJwFiWBHJFFJ318bVhbxGosdu:12000000000000000000:OKDOT:CHECKMYTH
15f32A32zX3TuL9HVWmX1wEVK9Adha3BoXjSwTxtiDN7gX1T:12000000000000000000:OKDOT:CHECKMYTH
1yfSz955FVF9b4weLrA5hJdbNqUFFDT9nUXEcZqo7vLhx1Q:12000000000000000000:OKDOT:CHECKMYTH
1sAuekPvAsR2PMVL19teAKyEbYhb6KDgNxSN8N7Qmcpc2RP:12000000000000000000:OKDOT:CHECKMYTH
13W6YRmR34f5AzCPfJphPQL2aWPQ9PY8X4xBPsnQK8kuyZoY:12000000000000000000:OKDOT:CHECKMYTH
12dV5xv1hA8wZ182NT8Pz9Johd8bA3CwNmHcUBp1AzHYr4bc:12000000000000000000:OKDOT:CHECKMYTH
14sUEcseT3Av9zTjvBHcLHra991bAU9gf36pGaXViRSHZdZ9:12000000000000000000:OKDOT:CHECKMYTH
129Kv3uKFsokcn9TbFRjpmFcZw88Q7AhgavFXKsibPmcANqZ:12000000000000000000:OKDOT:CHECKMYTH
146d8CcKRPZcNf8JUAj6JTmgdALzu1kjg4YiucW5QLCi9HKm:12000000000000000000:OKDOT:CHECKMYTH
14GBcdg56VjZr26vk4YbcGAkjff9QjsZ4DnXxGqdg4keWpLt:12000000000000000000:OKDOT:CHECKMYTH
14i8zqPkEGFaQ2nHeg6EHHEGb6omZ6A1dPWufroCUuZJvLYy:12000000000000000000:OKDOT:CHECKMYTH
12kXdHnUE3cVvpRDA5BL3dZQvtGn9ivaYdgFWTv6QcB5Kju6:12000000000000000000:OKDOT:CHECKMYTH
14VPvNvRTuB3L1eJxu2z7jp4X8B8QxGweeQTyBWC1ugYMrMb:12000000000000000000:OKDOT:CHECKMYTH
13KAPwwpEsdEMZGBCHGhaxexeUi8Fi4zboAckUb761ZYJwxg:12000000000000000000:OKDOT:CHECKMYTH
16U9xzbAByL7X7o8fjj8wSEDiN1FZ5VjysBW5df6EDY5pRVn:12000000000000000000:OKDOT:CHECKMYTH
1fVieg16aDp3MEVT9pXiFE1xVUbjf9QfPMnzT6RXtm8UUmX:12000000000000000000:NEEDED:CHECKMYTH
16EUMzEv9SPXqbLcbQcd3tTJwdzVYi9REypC9HZsUWAsbVVU:12000000000000000000:OKDOT:CHECKMYTH
16FsVfScUae3SrieLWkC7bmwgj36wD41KryrbmkxpSQ3g54V:12000000000000000000:OKDOT:CHECKMYTH
133A3zzBewErVkPAvpDnAr784BesKQDNvsqdDEv4Av7e93SJ:12000000000000000000:OKDOT:CHECKMYTH
1vQ9dTnQQYFUvXzoz2yNymNNbSt8aviaDQCP8qoB9AB5w3a:12000000000000000000:OKDOT:CHECKMYTH
15nQ6PRe2u7EK7Pmz7bKpQRDrypqss7QrieUEtQmcQXtJbEi:12000000000000000000:OKDOT:CHECKMYTH
12cphEbMorHHWvaEWgiYe8ZyiNwjn3eHSUSXDyfsnEEWnePu:12000000000000000000:OKDOT:CHECKMYTH
121kWxwvbKEo5njSrj4GoQyMqvBaw7pTFnmerLz4BwvSACLV:12000000000000000000:OKDOT:CHECKMYTH
1y1VA2JGJTCL2ZyJMj8RVkkCaiCsvARrQKCXWiZpio5k7g8:12000000000000000000:OKDOT:CHECKMYTH
12CFLnXutoXgH8bdhhSsoHvzsxSeUgrorQuoSa9rgm6Yie19:12000000000000000000:OKDOT:CHECKMYTH
14d3iiEVsz9u3S69t6XvvenxYNBKH6vf3aWPAL9nbpqNt9h3:12000000000000000000:OKDOT:CHECKMYTH
13XrouvdUvPHBVaYhjiNEXfWiNyqZqgmP2h9TNnEiWD7wvkU:12000000000000000000:OKDOT:CHECKMYTH
15cm2eUL7U1h1C9sLrNUpDLAJJY8V9mt5ttXG8EYKoST2KqU:12000000000000000000:OKDOT:CHECKMYTH
1U1XPkctjujTucm8eWoFaKVAeXPZrjDfxxWVkekxmXVG6BX:12000000000000000000:NEEDED:CHECKMYTH
15VaZ4JjVrB4CrL16ELVtKR2i1QrREvkNswGqmV6nkyXGLYE:12000000000000000000:OKDOT:CHECKMYTH
13XyCBCdFjkrLp1DzGF33NAz1gLEHk3fhF6XPd3reZku9u6Q:12000000000000000000:OKDOT:CHECKMYTH
12rgUMb6YHFYrcG8qkoNnCRJ7bvoztVRCh9qVVJt94UJiiWV:12000000000000000000:OKDOT:CHECKMYTH
12mjWNShphNpyLLZYbnRp6gZ5xHKWRgZTxzrdSqEyH3Y68Cn:12000000000000000000:OKDOT:CHECKMYTH
14YDpXCa5F7hk5NZ8ZDPdLh6ZM66pq2Y9Ki2XpKybcmXYZ3s:12000000000000000000:OKDOT:CHECKMYTH
1XdPb56kG524KP6KBKe7GN421nhmtkDtqiVYiiADG9CcFYx:12000000000000000000:OKDOT:CHECKMYTH
14eFFZyD6wjPvHY6BgfZtpiD9D59ZYrz1NpqRD2tJtdsZHqm:12000000000000000000:OKDOT:CHECKMYTH
16hRqFBczcc4SpMobG5L7icMYqNvR43G8nTKZG9h1PzGiayX:12000000000000000000:OKDOT:CHECKMYTH
16ifWA3D8uUu6nWHT5mHyUm3EHwnDEDorjZu9cDUuzbheRna:12000000000000000000:OKDOT:CHECKMYTH
16aSjP5MVENu5uV9bbd6v4ohYtF2Tn1fQHSUtfQLvWqFEpoU:12000000000000000000:OKDOT:CHECKMYTH
16Nidj8MzuyPcqcqgxFHQTVgKWjV3dXhVAUcTyfB6CxeqLgu:12000000000000000000:OKDOT:CHECKMYTH
15m88sZkgPcfuKi6ct8C84WZMTGnRBsFK2D6jVPo6LvBWuNY:12000000000000000000:OKDOT:CHECKMYTH
12VVU4s1gw2qZriXvBtigzZCn55PyGafesZT7ZfUmisWhWFF:12000000000000000000:OKDOT:CHECKMYTH
15T5C9fQwgGxDxpGgRAct3DSir185QN9oAtqzYmBwVfH2X8j:12000000000000000000:OKDOT:CHECKMYTH
162JS8qbcKujc6EacWZDwwRn6MmNPdUH1Pxq2RrQovwqQU39:12000000000000000000:OKDOT:CHECKMYTH
15HSztzXZJnsjoc6iAW5yjvc3gTLa6ZgseJdAryCeicbivr3:12000000000000000000:OKDOT:CHECKMYTH
13tS4iCiuxS9oWFHCcMWc8FT23ygMghbqJuBtMSBsTG7bqqV:12000000000000000000:OKDOT:CHECKMYTH
164tP8qxGvN7KgSPaBEV2b8PhZzivxGkcxQoeT8TkidiCYzB:12000000000000000000:OKDOT:CHECKMYTH
16XifVqHi8XAVwWSffZJdpQHhgZnLNMgMkTcDm8AJrC94hjV:12000000000000000000:NEEDED:CHECKMYTH
13EZFSnQBXXUv7wguGKPYNzzT2MnuMfvH1j4Xayg2ChrR9iw:12000000000000000000:OKDOT:CHECKMYTH
14KXLaHuW5iD7L2776kw9EZ2PnUPE4uU9BJfwjxLPtfV5RRQ:12000000000000000000:OKDOT:CHECKMYTH
16TA7xxzRutHAP2iC2dpvvFofTPFWKgxxt1Y5BnKx9U11GVz:12000000000000000000:OKDOT:CHECKMYTH
12X25zCTe3zmeyuh86f2jNdjVzBFjzBs2osMW3aF6bW75L1s:12000000000000000000:OKDOT:CHECKMYTH
14F4eNCT14mLZD3EGZzfL9gQzKJ2xtwpLc2f5HD7CexT9wbZ:12000000000000000000:OKDOT:CHECKMYTH
14mE5tqb5DfvuY8qbQhAkP6RdKSJxqXuJhksHCPJAQYSzEMo:12000000000000000000:OKDOT:CHECKMYTH
16iiwEz4WNMmUv2UySB4iDNroE6RAoKkPz9SwgcoK7TxEwcd:12000000000000000000:OKDOT:CHECKMYTH
13Juqa1tFQoUZenX7bkhnf93hkW1etoAp44EHgBEiBXC1YDk:12000000000000000000:OKDOT:CHECKMYTH
138rbEEv2DccqXP2s5jKs7mft2fPcg9171mjp7XTkHc7Yg3X:12000000000000000000:OKDOT:CHECKMYTH
14iQjcFLan1YoLSJFNMEWB3xppst5v55BYLHaRNYzPCfnYoB:12000000000000000000:OKDOT:CHECKMYTH
14iNPCbQpy39WCvKfxQXWAZH5TDsR6ZzgKWZEioHzaduRy6a:12000000000000000000:OKDOT:CHECKMYTH
12kPdXDd6utJfD8obUcz4An1UXJr75dDCktgjzry8f1y4MfR:12000000000000000000:OKDOT:CHECKMYTH
14eFwYVusCdAtVvceh2W7n8CPmdP6TzRyt1MX9qUd4J1rDAz:12000000000000000000:OKDOT:CHECKMYTH
13bHCuuui4Hn6c1MzaFz7qaWn2tmUHx6xfnEtHAo6QL4yjSi:12000000000000000000:OKDOT:CHECKMYTH
13HCwmeadjkurdgnMWPUX2T5oWqLyXVUczStDzT2edP6BQg5:12000000000000000000:OKDOT:CHECKMYTH
12i2vUT9GsxvdUDLKSwztPTJFyjL71xaQuuyF2XjmyARTUQA:12000000000000000000:OKDOT:CHECKMYTH
16TTiG9T76XXxemR26mzWQzV6BK9DtxFanVexpygTzEB2QNZ:12000000000000000000:OKDOT:CHECKMYTH
1GzcBgrQhJAGzjVXQXtRQy172ux4DU8d2R61EVqY57hNysa:12000000000000000000:OKDOT:CHECKMYTH
15jLsjmvPNQoZjRXz1JTiL29naZBTUZdg6vh7e7DQG7r29tz:12000000000000000000:OKDOT:CHECKMYTH
16iBpba8UGTvZ8AsJYNFzNMwaUKXqfuUSP94kfEgHPseyBN7:12000000000000000000:OKDOT:CHECKMYTH
12wASmtcsV8BbLPYFBDUcWeBzuKAGvXucisnugtMr84GCTBy:12000000000000000000:OKDOT:CHECKMYTH
12vgdKRP8uDYTSPNCDYEfXhDBzBnfJJtkVwDeoydGrhP9Cd3:12000000000000000000:OKDOT:CHECKMYTH
1615d8XEwYTd5zinCy6WmR5FBVtSXpor9uHstf4tB8TsWbnu:12000000000000000000:OKDOT:CHECKMYTH
14vknqsPu2C2SPJKPdKKNrqk2AP4injXQChAKBfQiQF6isAm:12000000000000000000:OKDOT:CHECKMYTH
15KVTftLPLHBjZakxmXZkvk7Y8qJBdqxQ5kvJajWWn3GGJ4E:12000000000000000000:OKDOT:CHECKMYTH
136ReFGJcgeuPLKPPUdLY3LyY5kZ35nWQrLp4MB7dRunAz3X:12000000000000000000:OKDOT:CHECKMYTH
149fuGXvJL85XtnCgQYPykQgtWW58WWNn4B5mowfF72mqUTz:12000000000000000000:OKDOT:CHECKMYTH
15hsHY8JUao5doSzHBjBTfGLJGyLcBUJwkC5Xoyz95WFFPnV:12000000000000000000:OKDOT:CHECKMYTH
12Cvyvcr8zNfKZfVp2ujWubnMUyLsFEAHqsd1DBbqSVsr2kf:12000000000000000000:OKDOT:CHECKMYTH
14KQSxBjPgyFeC4FZ9j9s3roGjugSipCqQuo1ZkuiWoDyTrM:12000000000000000000:OKDOT:CHECKMYTH
1614REFFatJXVb4MATEa618CW5zzNjcvMb7xRG8hkgBPqMUD:12000000000000000000:OKDOT:CHECKMYTH
12fW8FpUMwoZTcKQSKeHFGPzK3iqeCMDeGT4RuehqP3cdDa7:12000000000000000000:OKDOT:CHECKMYTH
1fS88a5NuVR1yKAKPfF8jR29boeUvFmmt13zbYCd6WLbwoG:12000000000000000000:OKDOT:CHECKMYTH
14f8brAVz95LV3x555TMkgpQ18QTiksaukun6mDW8cLyUBx5:12000000000000000000:OKDOT:CHECKMYTH
143AEYU91GrPbGs28Cc9x3TWPYU86fSPWBAFyNXQxhxpUB2R:12000000000000000000:NEEDED:CHECKMYTH
13yU8CiSaTYqk8hjT24Pixs5zzHhkPZyZo4Xzu691FDrZWu4:12000000000000000000:OKDOT:CHECKMYTH
14ntZDFdjvT5g9wHw2ZsuE49hyei1VC2oQ944vGzinsvFZNp:12000000000000000000:OKDOT:CHECKMYTH
12zzt82gE3sChttznV7Hec5yWjYikvJaEgsxUMFskFBoCkEL:12000000000000000000:OKDOT:CHECKMYTH
13pfR5PaVrXaM4Mfg3iUm9hXQ1A9QXfkutxkPRSM9YitLAgW:12000000000000000000:OKDOT:CHECKMYTH
14hxvfqzJsxZ8n4NmXP1rmxfyyqTzkrLgADDX92XuuyRNgqT:12000000000000000000:OKDOT:CHECKMYTH
16CD5LJ1WZ6T9bC7cZGuZP1bTB9dpmoGCPmrMLjJeP6nNZDR:12000000000000000000:OKDOT:CHECKMYTH
129tq9JeDhfySm9NcgYgp8BQmxVNEisAwcXyfGa8auiRRGGo:12000000000000000000:OKDOT:CHECKMYTH
1siaN1GuzcAatLSuUa4BMokSvKx3com46Axo1kmqQaruMnA:12000000000000000000:OKDOT:CHECKMYTH
16gPEoDN4jWkdtPX5LVn8TE2M9xVh31kjhbcHskA2FW3ryqZ:12000000000000000000:OKDOT:CHECKMYTH
15Rz1gFnxNcGuJKK7MW9pwDGmAi4M5b7NYjntcoHwUiZ5SJe:12000000000000000000:OKDOT:CHECKMYTH
13qYXRBXyqPN3JHjgeLAcQvPgh213BB9PJAkC5SYndSKf7o3:12000000000000000000:OKDOT:CHECKMYTH
15fnjKqKbkKjRboJamipWKMEkmGi9TeFgmPBUUAud1ddASP4:12000000000000000000:OKDOT:CHECKMYTH
14i4LZbqdnJ4oMkz64vvxQz5ydCdgSGqdiRKo9ZcAsigat49:12000000000000000000:OKDOT:CHECKMYTH
15hdFb2zYUmxMzPEGfoBkHteAG6Lxo7NmFe5KqEMf4gDF55A:12000000000000000000:OKDOT:CHECKMYTH
1qWGsYvWWQ227xGdUkzJXE5zZCWcwuZSHEYvU7RY3PNSK5a:12000000000000000000:OKDOT:CHECKMYTH
12uukAitCr3vFWBfTtTU4JjftB2xhgpfqKhwGwGb5wadge1U:12000000000000000000:OKDOT:CHECKMYTH
13rm87whmuVz4uPNe29DNEfqpWDnKZTALkyBB7jsNT14JeX2:12000000000000000000:OKDOT:CHECKMYTH
1bcYEpmD6rGt7BayyEcnP7PtTSfvMMdQU8FwhgxZfwXMxe3:12000000000000000000:OKDOT:CHECKMYTH
13TBTdda4mHsvY7XZpQhKTDEmvX5GVEhHoVfz9fr8TYtpQQL:12000000000000000000:OKDOT:CHECKMYTH
1LStEyHm5LgGRkPF2AHDmuvfM3BkZGQVdSkHANJLEohJ23R:12000000000000000000:OKDOT:CHECKMYTH
15xRbxE8Kzf2SDY5WSHtbeKLECx6r6CKvB1wPaoiFUTYedMS:12000000000000000000:OKDOT:CHECKMYTH
14LUPjZukz12Cp77RMrmgft5wHEppNHgFJ2VfkHGLiw9wsoY:12000000000000000000:OKDOT:CHECKMYTH
16kD7JXg3itZGN26CwSRetMX4oYVHhztALYpYALPcR9eqaAU:12000000000000000000:OKDOT:CHECKMYTH
15HZVsP2ToXRkKbj1oqPjWSdH6Zs8Dd3bryRP7iJidsiJZe8:12000000000000000000:OKDOT:CHECKMYTH
1NUCYrHPpFCQKZ77XkQFYjGS8v6RFf9VbbpNHTbaADfsAsM:12000000000000000000:OKDOT:CHECKMYTH
1Lym7wbiLd1RYQBhr6VbqAgjudu9gbbmLmfBdhHSjQT9FdQ:12000000000000000000:OKDOT:CHECKMYTH
13QxiWtv4FqqE1AmdgdYe3BbwGZNKRqMHBU2LBufPda7U6Nv:12000000000000000000:OKDOT:CHECKMYTH
14N4BALqHJUjzwF133GK92geokpb45FmerQXktpqHahPPZuA:12000000000000000000:OKDOT:CHECKMYTH
16Y1CGPNnSZDenyUdNR2nXS59a935VjCC9UNHUxGx2aKQvk9:12000000000000000000:OKDOT:CHECKMYTH
13oa833XHTEMswRkqGoZK7cW5Dxy1ivocw5dtBnRd28YnsV:12000000000000000000:OKDOT:CHECKMYTH
12XBG6UfHEwN42WZn6WLHTCBkd2LMY1FKXw4K9jNAtr2cwve:12000000000000000000:OKDOT:CHECKMYTH
13ZfAerUiUBAdtMrBqv4LhZy5uY64HGRU8s3bE8TnrZPdsUh:12000000000000000000:OKDOT:CHECKMYTH
15soz8fBstZrBj3GUkPAZeM2Jb6Hn74Ec1B42rMDFEUcdx1r:12000000000000000000:OKDOT:CHECKMYTH
1YX4bmDekcW8iJ6HoXsWkJ7CkUrbheT9Ac5ENtF26zns73r:12000000000000000000:OKDOT:CHECKMYTH
14JxkHSZyJEJsucUaruJS7DMdcUqvQcfiUR9z57GSEqEibTt:12000000000000000000:OKDOT:CHECKMYTH
16coEQt2sKvE16wJMS2ktUcTwGeacSJAbn48ZcBzJVkb2rvB:12000000000000000000:OKDOT:CHECKMYTH
14GRYDXWbAehZsVqG8tqvZZX5vJ6SGWDqfqt878Cw61TyQvw:12000000000000000000:OKDOT:CHECKMYTH
1r57JRctkLzmX5A5D6mCKK9aFeiDbttdUit8jBCntS3MXBL:12000000000000000000:OKDOT:CHECKMYTH
1xPESCp2wPkfFbQC7ygZJoTacPFQBtzxaN2Kggdv8dJuRb7:12000000000000000000:OKDOT:CHECKMYTH
16gc6A6foLQJCEd5N4A8PGbFk3PNWaELMBdXdjVNCUpbzNhZ:12000000000000000000:OKDOT:CHECKMYTH
12HdmjZDmk9eJUZtgtxiv2935CnQModT4H8hhmwo1xoCJAD3:12000000000000000000:OKDOT:CHECKMYTH
1Eu1tsnNtCKP21ejRrPNze3uoryXNtC1naMRGA6tKTribLE:12000000000000000000:OKDOT:CHECKMYTH
12RaJwFww48huwiWGD5QuHzMuPjBEU4iRXp1zwwmMF7xbZ1w:12000000000000000000:OKDOT:CHECKMYTH
12qTNSe9B5ArkzCVWUGZqjq1H6ttvcZNr2TgNeSRFh98ogo2:12000000000000000000:NEEDED:CHECKMYTH
12jcXpNEH7R7a4Txa5r7PWMfUdzKUFTGepgqoUCB4toknEzY:12000000000000000000:OKDOT:CHECKMYTH
13qRmEE5ZHjUF11oP5MxYyQ5FncJrGMMzpCdMtZQaG2CCrNo:12000000000000000000:OKDOT:CHECKMYTH
13QGGLp4hgV3rJUquAYwYU7R1Eik9Gu7Nte3ubyVernPtsch:12000000000000000000:OKDOT:CHECKMYTH
12MmcaDifyYz43CBrpn2JqHE997i12a17ttqz1j62sKeEtr:12000000000000000000:OKDOT:CHECKMYTH
13HDzdntX9dpMTZ1UiNadrGEgTVHXxvp7DGTGJXKEwaZXecr:12000000000000000000:OKDOT:CHECKMYTH
1yf9EyiQfH53Umh3iiNtGay6tK8F9g3MaRhqN437Bg4kYHq:12000000000000000000:OKDOT:CHECKMYTH
1DCmeT9ostDDEtkFE9UvJze43HfwQ5Uabr3YmwSsm6tqCX1:12000000000000000000:OKDOT:CHECKMYTH
1EzUuvwkKrMgC8MQ37L583hy98p655THiWietrMYfpL4QdD:12000000000000000000:OKDOT:CHECKMYTH
15JajakpM2FhFQNU3zdYGJBzZ6itFpk65desuVHgNNUp5nEx:12000000000000000000:OKDOT:CHECKMYTH
128b9kJ4A3LEXRaUHBGJY1qVBkZAdZDmh5xN8jmdqNkaR4XN:12000000000000000000:OKDOT:CHECKMYTH
12TBtSoPTnjFJawp1tPhC1X7dsGLwA1Xm6WBcBBtcNR6CcUN:12000000000000000000:OKDOT:CHECKMYTH
12iuWQjyLbrzaQkuUe1qpfYDdRB4zSqSC2cGCQUPFx9Wfjmi:12000000000000000000:OKDOT:CHECKMYTH
12NSuUPWhqX18SzQEWJJtUCQjKHS9Faxpmw6pxkDGD5muSN2:12000000000000000000:OKDOT:CHECKMYTH
12fR1n5pY6yLgJ3EXBahxYfEFHMgeHHAxfktFeXrhYCHgt4p:12000000000000000000:OKDOT:CHECKMYTH
16U14bShp18VuM6QxD7UZv4jrhebXd6nk7x3gMpzRpMGdFeE:12000000000000000000:OKDOT:CHECKMYTH
14ufAvxpfCDibwV3YC2APnFTUkbfQiXDmGBFZ9VQjKtwoms:12000000000000000000:OKDOT:CHECKMYTH
126KE3kcCzu1b9R4wryeKogBNDHd88Fspmy8qSPJdoRk2iTr:12000000000000000000:OKDOT:CHECKMYTH
1eVfHF6Jw6pYe4e8D281sxRWxgK33ye3TkfQS2MxSYjRfNK:12000000000000000000:OKDOT:CHECKMYTH
155KhgRGFWt7nyq2kJXGLvy38GekBuMW1kBoTgX3skRwxgYn:12000000000000000000:OKDOT:CHECKMYTH
123EmqLPZdruboPmKA1w3KLEitQ7GWMZzA21pZE5Bht8Lycd:12000000000000000000:OKDOT:CHECKMYTH
14rgmBK3Cvb4ocK17xVDPpZ8SPSBnUpf7R3yTYyaKFLuweZj:12000000000000000000:OKDOT:CHECKMYTH
15LRqzuWtD47Dybve5Hz3q3ksrARW1Lj2MAQhYWhv2CsXHGE:12000000000000000000:OKDOT:CHECKMYTH
14QkdTeKKrA5buRnULxQVJkXNiXTb3p5NYzwnNQfRgaj3bjt:12000000000000000000:OKDOT:CHECKMYTH
135pjaVpGPJkQqRQpi1DqK9V5XPZJabECb6fPmYVjuA6akzo:12000000000000000000:OKDOT:CHECKMYTH
16G8xFTWEcLcPdm2oj3TUevqVpZfL7gP2ADX9c5FbNtgZcjh:12000000000000000000:OKDOT:CHECKMYTH
144cfJWCHyiTq7Bxewrv6CiVxQGBCTaH2mhSsvLTJRkwvCvD:12000000000000000000:OKDOT:CHECKMYTH
1quZdfbcHKMRxKLXikDtubhrLRrfLNgnHLKKyVEXSSrNfwj:12000000000000000000:OKDOT:CHECKMYTH
13aeGZXCdwiPi2U92ruPwkJ2FjfVj7FJSLcXUs6yeHL1gKEC:12000000000000000000:OKDOT:CHECKMYTH
19ypj8rRE3L3bJqqXZkzwtY8xGXiJd6BAe5u2RpQZa93TKb:12000000000000000000:OKDOT:CHECKMYTH
1jUZBRhM79dx3xX4UKBa8p54sk6UFQghVywqaexfFr1gGgy:12000000000000000000:OKDOT:CHECKMYTH
12swwZGkosA9msK5GByRNRXG494QjHZ6aDFCTERL3XbEmZ9U:12000000000000000000:OKDOT:CHECKMYTH
1rijFoE6QSE99oGCJLgeaXFoCDQSJsZLWjAJaEw1gN9j2pB:12000000000000000000:OKDOT:CHECKMYTH
12zxtkgx1usQEWArDR5CFf4ZEtQsohYaAJQKu4zsCSyA7h7a:12000000000000000000:OKDOT:CHECKMYTH
15jMrNe93AEG839j1QjHTNfB8rLhK3BNLdZfwZGFSyXvSjH5:12000000000000000000:OKDOT:CHECKMYTH
1RZ7Xf2jvKRNZHjN2NhmgHmHo2vtqHCdvHuhbZmFN8Dyonk:12000000000000000000:OKDOT:CHECKMYTH
16i2h4DPqBRUhfxjEH5yLqjEXkQhRq6X7UQdwsw9hcVyZSVP:12000000000000000000:OKDOT:CHECKMYTH
167FvdV8Rg56cZiQ8yC7epYWawaDiVufWY9tMptWBpFBXRYu:12000000000000000000:OKDOT:CHECKMYTH
16AnAjAoRrb7GMcFYQKz9BVdkzZ4P2pJ5GtgALsYmNobKyHH:12000000000000000000:OKDOT:CHECKMYTH
16LcNRWG1BgXW5UmdHrDKkbhdnL948JTKHQ1qpP92BgnTYq6:12000000000000000000:OKDOT:CHECKMYTH
137h23GwnkdzSWKmTtxdUbHgJFwz32n7Ed14iLVAhMi7jyu1:12000000000000000000:OKDOT:CHECKMYTH
15XyRc3eYPENvb7NZGnoejQDJowYUadYJiHCuoN1mJAAUPNg:12000000000000000000:OKDOT:CHECKMYTH
16WHRuYgP1zYQwMQgxLntmMgss8J3CcZg6gyLR28oC3Wo6Mq:12000000000000000000:OKDOT:CHECKMYTH
12K3tCdtHnuoVmBWvZbpooNJCQAVwYda3RFKmEgyqsMGd18w:12000000000000000000:OKDOT:CHECKMYTH
12uzN8oojK8kUqZTJToEPBPC2Dyeww5r2Dwf9i84cphZ3bws:12000000000000000000:OKDOT:CHECKMYTH
1PPbW82tK6nJQnxfDZcMkqRhtozfyvetThX9GtRvoEwSbjM:12000000000000000000:OKDOT:CHECKMYTH
1345qhY2g1n9XjKNCVUJ1z1iC69VEy59hUiXKVpQvWzV28Fp:12000000000000000000:OKDOT:CHECKMYTH
14GhXkjJmfwkGnUAhQPCVJwBY16iDCnFLYaMBHZuSKrDNBVV:12000000000000000000:OKDOT:CHECKMYTH
13zDb9sx1GveLEGtvYCiR4K5YdgxDFZBhvWBTAbD2u19pSKa:12000000000000000000:OKDOT:CHECKMYTH
12mA5X6PK9sApJFcWChWwtENrEfQownAi59Q5xU8TvJ8gj85:12000000000000000000:OKDOT:CHECKMYTH
1NsSjBYx3hq7FzdV1D1AmJA8TecE8kwNhkmunmJ3qQ66pRH:12000000000000000000:OKDOT:CHECKMYTH
1325bPtzTWwYe9AEV5j6fdEd2RNcAevZnS47z8k23gJzdXKH:12000000000000000000:OKDOT:CHECKMYTH
15dZLGEotBS6MDV65dgGbPNmyuo79GTdZxRwa7ULsdufVyuH:12000000000000000000:OKDOT:CHECKMYTH
15FTrCVKUSxfVmjxnoiJvwZ3WyNBfbtM2ZbBvMUiLFHwBsVa:12000000000000000000:OKDOT:CHECKMYTH
15A7cLKWto57zopbnLDQfVJiKgZpS6vJ7jqAXo5a9r57T1eS:12000000000000000000:OKDOT:CHECKMYTH
16h6MGtPh4fYiexKcdh1twGESHuS59fo7jjF8xoAeXnBqFXz:12000000000000000000:OKDOT:CHECKMYTH
1UZuVsBn9cbP6hAaKVHxdqtRSQAxc12CJ4bsDXZX4tSFvtL:12000000000000000000:OKDOT:CHECKMYTH
149NwwtAbV1Mjni6thpapKtx7Fz1cdRL1bLbjYprifJnW5WV:12000000000000000000:OKDOT:CHECKMYTH
11HvG79e9fAPRCANsz6GvZCD82JBa3VG3ZM9eCjjXqi7A2f:12000000000000000000:OKDOT:CHECKMYTH
15EeW1JEjrc3ySpCjcDVk5PBuAyXYNLeCQqC4w5sEmjxHMXD:12000000000000000000:OKDOT:CHECKMYTH
13Zp2vu1H7zbbDxC6chX5bYQqeMcr6gDgq38rUNkPqzAo23f:12000000000000000000:OKDOT:CHECKMYTH
13Erc26PDAPVf1X8bR3w2YAYkGdsL1vJ7iiK9N51wPSD19by:12000000000000000000:OKDOT:CHECKMYTH
12KEkgvdMCjQvCgPFL54Fe82srZUUkrMj4BU91hfaaANVyDB:12000000000000000000:OKDOT:CHECKMYTH
15ELRHexRtYaMDVmGwvDc1QADqC5Xz1m9CMj29NtjvhXgFSA:12000000000000000000:OKDOT:CHECKMYTH
14Sx6JaNV17zTCF8oCv2Xrs1UBBzkrRYUvpPF6gBaFxPFBrj:12000000000000000000:OKDOT:CHECKMYTH
16jYikgmakiGHAYHksYgoshmGasW7SS1B1Tbu1NFDui453Xv:12000000000000000000:OKDOT:CHECKMYTH
13H3cZ4bQwNAp16WdWkqQtEWoyPHDhMxX4sxa6D4qwgc428q:12000000000000000000:OKDOT:CHECKMYTH
1rTPbMKRpQp38FvFeGS12UoprfQTDwKpwQDXJbNMjhLTTjU:12000000000000000000:OKDOT:CHECKMYTH
16AGcNHAGkiuauivxZQPR2868uo7Pm76RCWHYKWPzYx19tmA:12000000000000000000:OKDOT:CHECKMYTH
1YwJDNZS6jFhPb4ChjpEgw78aKoZjmxpfriW1o5SEMmm4n9:12000000000000000000:OKDOT:CHECKMYTH
12BMYDzoc4e43nSF9EECcBDsCnwYBXQ3atMVxK5ZCtWtkCmz:12000000000000000000:OKDOT:CHECKMYTH
1bXNNHJeLFwgbeVCWLDxVyeZd5Wi3sWGQCmLAG5bD8YDD3o:12000000000000000000:OKDOT:CHECKMYTH
16vdUdKjvUscu7dHM8omCcfZyKxts8Z78PMKcYGfdYksh1q:12000000000000000000:OKDOT:CHECKMYTH
12G3LzZ9FHEdoZmevxoehZuo2NWKGwfnrD4dbUxJ2sqpYhzX:12000000000000000000:OKDOT:CHECKMYTH
13zVDxocnDuvieaEMUFatvniCWtvH6A2WSAKG2W9ihyKYDom:12000000000000000000:OKDOT:CHECKMYTH
1TJphFYXzyUyFcFj99rquMwSGA1cxZaEKtsMDVDziR2mFDx:12000000000000000000:OKDOT:CHECKMYTH
16Lt8EGTRpTKhDnzNJT8Q79BtfQdfYcDVLZubHt6bs1kGzsq:12000000000000000000:OKDOT:CHECKMYTH
12S338PtZWThpRiRNTPRni4q49Dzbdtcq4e8G52QK9aHqbfp:12000000000000000000:OKDOT:CHECKMYTH
13eohAuhsk7h5iXiry7Zvs5e3mdywywToei95iCSrCzHuHSW:12000000000000000000:NEEDED:CHECKMYTH
13n6MYA7gLP84XbTPqQKMPq9nhtdUtBo4THfZoqAHgB9hWuj:12000000000000000000:OKDOT:CHECKMYTH
14EV5VdXzbgSs2xt6vNeJQqkdJKuLAUzp5M1xRSJHCvLnmRq:12000000000000000000:OKDOT:CHECKMYTH
121we19iPrSu7ModbXzWqFzULdSZq8SriGWBbYZYvJuCVVaV:12000000000000000000:OKDOT:CHECKMYTH
14EG4wxkdNG4qHCVXy4ADyFiBzDPy5MhZmjs5sseHpKhn31i:12000000000000000000:OKDOT:CHECKMYTH
1A1zeMR2AGjDnbAYbYsqaMYkmeDbP71LLgXKnkLPBWbgznP:12000000000000000000:OKDOT:CHECKMYTH
1ehDBACJyAVG9SNY38TXrEDfpKB81CcxXU9Njd39jQKfsqc:12000000000000000000:OKDOT:CHECKMYTH
1bbB3T3MTG9ENmQXqi5KaAgB82cBtZoMmiQkEZ85AmP6Htj:12000000000000000000:OKDOT:CHECKMYTH
16AzV5kqokxvxVbDj7RHYcSmbd7ex74Njwi3uYgxpEV56Y24:12000000000000000000:OKDOT:CHECKMYTH
13SKSEjAwuZcjcKgeUhpannWtP9GcH4RRmhb3dpr15nDosAg:12000000000000000000:OKDOT:CHECKMYTH
14jmMXW5TTcVdvf55LM7ng45b7oGrCiWhSYH1J4roDoQjAtG:12000000000000000000:OKDOT:CHECKMYTH
1szYfS2tD3tJScosCX3bF2KgKKsydpSXWL8YGtitgpWmAnH:12000000000000000000:OKDOT:CHECKMYTH
13bLakepHZLrPAD4bQrwjtpmCwn8zLUB8HUqLkqQNNYKJkvo:12000000000000000000:OKDOT:CHECKMYTH
16A3BX96ZCpsVWUwp4jxk4J5TEt15SEs4TDGauhgzwUAhDJC:12000000000000000000:OKDOT:CHECKMYTH
15mMyZofy2DszkEzD7t7DV7KEsxijLY9cE1ja8J15WfgDX37:12000000000000000000:OKDOT:CHECKMYTH
14PhkkQxT6RoGikCTYeduLHwAwRwEsiENC9zdn8ugKbJmw7R:12000000000000000000:OKDOT:CHECKMYTH
14qXkBRK1CWHEsjCbKKdQVwtP6XhDhxUX1cZbqDUhwpnUSV8:12000000000000000000:OKDOT:CHECKMYTH
124Kw9sxmagnQpoqsf9EC9JrXCSeZseueXNGvHNdFnGddy1N:12000000000000000000:OKDOT:CHECKMYTH
1JYHg5YTvtZtjBv7wDVjLpfbw4PWzEc26Stt8ZGsrj7DkUD:12000000000000000000:OKDOT:CHECKMYTH
1NAbU4qDrPqwJ42t96Y9mCTpvsuTxFwDjXnGNmR5wJVPEud:12000000000000000000:OKDOT:CHECKMYTH
13ipxtrofbqAYtyh9Cm5NWYby9zspfYi9gsV85mopU4EmUKt:12000000000000000000:OKDOT:CHECKMYTH
14QuJZXCV4a5jVGKLizLyk5KUaP6Pir3qM7eMxbn8K9Vs7KR:12000000000000000000:OKDOT:CHECKMYTH
14jwGaKKf1qCWQtZPjJG4vYSy3iM2ad5kF4yUPFi5K3vnsuL:12000000000000000000:OKDOT:CHECKMYTH
15u88uTmxgJNgnasLmn3PRLrsozD5M6EirXV59N7WjxzX7Jq:12000000000000000000:OKDOT:CHECKMYTH
16RUTVHVcrj8XC3eRBtj4kfZBNrE1ynAGuS5xcTwPdg7gfWo:12000000000000000000:OKDOT:CHECKMYTH
12B1nBaCrRwyXYBBYGiozaADo7JGWwpLZnHjTQY1d3FUSTsa:12000000000000000000:OKDOT:CHECKMYTH
16LueP9GiHeYqNDSDqqEvxJmM8Ta3fFPqRhNxP6tA9G66Xij:12000000000000000000:OKDOT:CHECKMYTH
1PirLGhzbjuMpzzh2M6zxmQrLmAc71wrXkcSnHAqwgGPfJp:12000000000000000000:OKDOT:CHECKMYTH
15NrczanEgoUunSZAPjQs8gpjwE9oF2t1bsYuRCh3yk3gRS:12000000000000000000:OKDOT:CHECKMYTH
1qGfV7Yi1UgrCiyD9cWJnVhwc2uyt3LKsM6M9fafy5ziZFe:12000000000000000000:OKDOT:CHECKMYTH
1scN68jh7DKno7mu3PN9Z7Eputb3nhLXyBRVwLDMGWLBXKc:12000000000000000000:OKDOT:CHECKMYTH
12TtmbNdroK87PgdWAaPPCDgw6jATdXZ7LjbZYupzgyaF7kJ:12000000000000000000:OKDOT:CHECKMYTH
1xE8MgBWXg9qrvgzRLS56cYAtmviBtC8qoSqrmj5r2qDLXG:12000000000000000000:OKDOT:CHECKMYTH
1P1mkMHrWXLWNk3CdAhtS9sU9ixjTjzDKVRDnJG5ktoPkUU:12000000000000000000:OKDOT:CHECKMYTH
165P5zhiHV9LCDuwHvNdbPXhAEC3dAvoPfoRyWKuEdME3u1W:12000000000000000000:OKDOT:CHECKMYTH
12EVaBp1DqkX61m21JzYwn9EVT7QxczxactFnBkVTAYfjAKZ:12000000000000000000:OKDOT:CHECKMYTH
1iMkdgKteMSM3uBc1AtGzyV3XNA9DhptVgMD3wC8Cpqq6QX:12000000000000000000:OKDOT:CHECKMYTH
14zzYG6Ne6e1gB8QYo4to8gm2SHmXTUGEosje5Uz9kS6bmfr:12000000000000000000:OKDOT:CHECKMYTH
1Bcvdy7b7iTJU4YuZscNYrhB4vUmcPxpZzv7FdYeGpprGqc:12000000000000000000:OKDOT:CHECKMYTH
15xm74TDTr3T4Wz1HZR4j58Fm1mwyq1gmiPF65YPWyS249fN:12000000000000000000:OKDOT:CHECKMYTH
12T1Twfi5vr973a6LgZpFQnKRcjYw7neXsW5jF6UtGoKPmGF:12000000000000000000:OKDOT:CHECKMYTH
1356raTbUwVZe9WB5fRr6sKqc3UScgWLfWYLpWw2QXriLkMb:12000000000000000000:OKDOT:CHECKMYTH
15FW7J6A2vmuWDizua3Ki5FFnrYmFMHYCFaj9s7jJeTCeiMh:12000000000000000000:NEEDED:CHECKMYTH
14ximeYwXjZawpGtDVBYZV2sfUkYMmGVHbTMiEbg4aD4o458:12000000000000000000:OKDOT:CHECKMYTH
15LRZJihPrvkRgJZpXSqED9t8qMTUGwKoERaDxWDqRckrvJ6:12000000000000000000:NEEDED:CHECKMYTH
12L7jJTF1W2GHfRhX5u6wSuaS7vnwUCp6szPUKHBur4U8iAX:12000000000000000000:OKDOT:CHECKMYTH
13tSKwFhwo2qqmaPzubSNVwz4uZNaFLGBPgBhCos87yMEAXm:12000000000000000000:OKDOT:CHECKMYTH
14Bc3bH2843dbSkStBuSU2PGbTv1dokXYngfQYzjQTkYSn28:12000000000000000000:OKDOT:CHECKMYTH
156VLf3eDdVzcZSEMiZbnJ2atTLwh8LckVMAMLCnKyWpzg9H:12000000000000000000:OKDOT:CHECKMYTH
15T3AefDHmaMbcZBTw2et85UhYRT9Lu4gpS7FdZrR8iWGqGP:12000000000000000000:OKDOT:CHECKMYTH
12hJiwW3y9uRnEbgAwadq4YGtMdzmz3JLbwNgLSWuR2JmmJB:12000000000000000000:OKDOT:CHECKMYTH
12ViFEvhbCUrP6qBTiFbAA1hCn8hroFvjjg8npZ6K6CgN57C:12000000000000000000:OKDOT:CHECKMYTH
14PRUgsTLFMKArbp1VvixZWn13o5kmEtAqtjDoTF2qYK8F9w:12000000000000000000:OKDOT:CHECKMYTH
15ANFRw9Uv3zRx5zCLDyN2pb9LzXFrnX6sr6WR9hcmn7Xsqd:12000000000000000000:OKDOT:CHECKMYTH
14RxiFjmiPfRT3zA2wYM8W7n3YhnkDvBDC8UxD51xZQYfHge:12000000000000000000:OKDOT:CHECKMYTH
1324NZunPoe6y6JgNn6i7c1jcNRvHuePGPK4a6WAkEoq6oZb:12000000000000000000:OKDOT:CHECKMYTH
167Cis4bMfUhx7uQfRDyT24tTjGqP6oJ54PdfmJ3XtPnmgUT:12000000000000000000:OKDOT:CHECKMYTH
14DQwHSHtJKMXDkvKzKJwuMddqjKmJDNK3VMiZANNG4biQZP:12000000000000000000:OKDOT:CHECKMYTH
13dPUBHdg8SH2H6XK5BqnxT6PzBefLsdi6LekirGPpi3GTSF:12000000000000000000:OKDOT:CHECKMYTH
15PZjJdHiEpSzjw9tsdLMayynFe5iKsoJuHTSMQGexNHpeYW:12000000000000000000:OKDOT:CHECKMYTH
12ZWSu2P1tJCW4LmaQQQ6o1hFW6TLdKxxrmD1seKrR6eWC7c:12000000000000000000:OKDOT:CHECKMYTH
141Mkr2wiXebZvgEvPHHMjGhdRF379pHMMoaDG7cybQ8e9zk:12000000000000000000:OKDOT:CHECKMYTH
15yRgXJTcibsDaNq9WVxrKzMLe7dqsgSt4AsMtKa9HQNfyNq:12000000000000000000:OKDOT:CHECKMYTH
15ot4NqHe3jMLXdksE4uLeUJ9hcgMp2mJTqLmuNUPGvEkdab:12000000000000000000:OKDOT:CHECKMYTH
14jLemqg1CPWBXbmur1NXwzb4q2YLXniFyUSjdyNZK13S6LA:12000000000000000000:OKDOT:CHECKMYTH
158XQnbPXkEoPyvm9ssQniKXwSkcZdoicxVPXdRo1qrBtHHe:12000000000000000000:OKDOT:CHECKMYTH
17QVMeRBWF1u3kSjzqcDyTgzhcpVHt3vunED4oknUHVNfkU:12000000000000000000:OKDOT:CHECKMYTH
13DSRXeHk8bSKoBPG6ScFaRKdr44dEVGPNrNGKRQhx8uvdNH:12000000000000000000:OKDOT:CHECKMYTH
13QmchfXSPKcbXf5QeVuREMWPXAzNX8J343rjWsJByTrotjV:12000000000000000000:OKDOT:CHECKMYTH
12UnSVJxUTysAGn5njG1VWT7kRELgYU6tNmgYUoehYZcj2Yg:12000000000000000000:OKDOT:CHECKMYTH
1PcMtpQPRsrQy6bybT9EkFRikRFLjbuwzrVRBL4dJ2TqqTS:12000000000000000000:OKDOT:CHECKMYTH
15JioLgVQyFjpzEYimzJiTMenpek5Wcxyn3AgyEJb47CxLH2:12000000000000000000:OKDOT:CHECKMYTH
1NuYFPQqynCYDZgjeHeKrRi8dTrEKeEfAqoEuJ4LsqF3QNL:12000000000000000000:OKDOT:CHECKMYTH
12DibD6A66vJoj94zc2oLTUzEydbN6pVZ5ewaTWEUrERqUcE:12000000000000000000:OKDOT:CHECKMYTH
13vwu73HyFsm6Nkp4MZnbfhmDw7FoWH46b7uzSu5XGfkfn9f:12000000000000000000:OKDOT:CHECKMYTH
13dFrxR4srnQrFTeZqqZ7ScgMQFrcPxoRz3GBRa5M4yokM7M:12000000000000000000:OKDOT:CHECKMYTH
12wovNQwoeTfP9oCRZ8zieXQY7AH3UP6vr3HDgkZyAjrDRp9:12000000000000000000:OKDOT:CHECKMYTH
12fkaBrNr8Uh5dtgSgznzYMVZev3zjNvJMKfww3h3er3HCBJ:12000000000000000000:OKDOT:CHECKMYTH
13Q6xXG7LuurhQYpVD4ceZKjX3VDYDoBNDcvzudAN83hwBCR:12000000000000000000:OKDOT:CHECKMYTH
13Jq7pWzqfxrpfNDXAnzL5cVcqN2VRPKNH2coPnqW8Le2TSR:12000000000000000000:OKDOT:CHECKMYTH
12RbJpcjYvBdzUZgwaNUknS4FDosGKVKmRdM3RudviqNuXfW:12000000000000000000:OKDOT:CHECKMYTH
15U43Jb4F9MyfXB6nJWvNHuwKA3M9SUCuByiqcK9vk9wgThK:12000000000000000000:OKDOT:CHECKMYTH
13dd57XEHWssyVidRPsjjEpjUpQSdtEh8WXYki3HJQ3XXVQF:12000000000000000000:OKDOT:CHECKMYTH
13Tfvn1d7iRpeubVLUJB9WoRAjNR8j1y2cRKejAsrjEobZDY:12000000000000000000:OKDOT:CHECKMYTH
1g2utmbAvmXEEmCVPae8riJw1hj7bsG4nMGKpBcus1Q8K2m:12000000000000000000:OKDOT:CHECKMYTH
12oQryC8XbSC1FyHpdpb1GXxkpU8hj5ntFhcDaMxp9KcusjL:12000000000000000000:OKDOT:CHECKMYTH
13oJP2hmaADVcMXmf4FUVtUD4M7M5HnSAMRiNzNx8kJR74Zy:12000000000000000000:OKDOT:CHECKMYTH
1Yba7CbbPoqN2BAicnC1a3CJZVUgDD1BCdBC2KH55cUZay9:12000000000000000000:OKDOT:CHECKMYTH
13Ka5FjC88BiEJGxAWp34yp2MEDDodnUbXjpZ1FiXDv4QHfW:12000000000000000000:OKDOT:CHECKMYTH
13SCeg8jo6MiLLmeoMFSAhCCiYGUufJTF58eboSbq3ARgTFS:12000000000000000000:OKDOT:CHECKMYTH
15UNiCfaRHa8KiZA3K1WAYtqugB29nkzoMBu2anu9y7ATCmB:12000000000000000000:OKDOT:CHECKMYTH
12axJEcpZvQKNBaEmgN6k4hNCfVXdRZpEHhVh3ujLQc4HuJu:12000000000000000000:OKDOT:CHECKMYTH
16fu9wzJEJRk2BW1NkYWXBQPKL425JJaff2AE8tzfu2DW2fg:12000000000000000000:OKDOT:CHECKMYTH
15GzGusn5ZnqXjd1gXFD8op7SxfgKFQjQNdccTw3UMVTdF1C:12000000000000000000:OKDOT:CHECKMYTH
12YCTRBQkfLVrVvEPTsnMjFy1otxJTWANcmDupM6QoXpndQ9:12000000000000000000:OKDOT:CHECKMYTH
13RbQXW86KVDRJocCsdMnEPLMga2jDLgUPouPusmpmqq82Yh:12000000000000000000:OKDOT:CHECKMYTH
16id2goFqMCTMfJiArn848nuJMUQUY69puyFXh1KpSk4gCkG:12000000000000000000:OKDOT:CHECKMYTH
1EVd9ECJWNvUSr9oRxiL4UtzTiydUfq9tB5NtEGKaAbJ737:12000000000000000000:OKDOT:CHECKMYTH
14uX5FpQrxDoaeExuBKPuSdqEU99tPG6v2GfpfbsR6GFXPyF:12000000000000000000:OKDOT:CHECKMYTH
138ioNTDDGoz3XnvATB32fqwGGmS8dCp6AkKdEPHhZDe4w3P:12000000000000000000:OKDOT:CHECKMYTH
1EPaqEFYBfinLePzQmuwxc1LUToH9MbesmFLK9vmPdpq34D:12000000000000000000:OKDOT:CHECKMYTH
12T3MJPDKY2Hyg3UgAXPr1pekyUXL6YkUGiPvWHsETkttALU:12000000000000000000:OKDOT:CHECKMYTH
16Q8qc2vqnYbWpWhzpRUi515BdwpJwfcAajU51RM1ogJQb8N:12000000000000000000:OKDOT:CHECKMYTH
13FAjLG2c7Mv11YUuMGXbyStkU4vn5UczsCKonpQcvV2boGm:12000000000000000000:OKDOT:CHECKMYTH
162hw2HJhPecQrEeDGSbkoTfEcK9SdH5T5T3jJXeaJ2GYLoC:12000000000000000000:OKDOT:CHECKMYTH
15L4cnJ6hM6UiTAp2AX4m7USEe71jyxpfdCjWoXHM5okmoBV:12000000000000000000:OKDOT:CHECKMYTH
14MXdjbToJ8i4sffBcQbCcSPbXMjZ2V89WGkvRGXeX88BqLJ:12000000000000000000:OKDOT:CHECKMYTH
15VrhMesaaSnnCJD25L5ZHAQek3TER5cmKVdrHA4314Zdwj8:12000000000000000000:OKDOT:CHECKMYTH
158SjGycZgYAUXiAq3xenWyiiQBFNZrs2kAzW2XBFTdy2pNo:12000000000000000000:OKDOT:CHECKMYTH
15XyfS8MTeqxVH8oCxHcTay973WWbwPfX3hs1ynKjfMUJNeS:12000000000000000000:OKDOT:CHECKMYTH
13s8PEJppLDKLekjkRAYLv4ao3VmC3AZDHTzAJPMwdFTRmyE:12000000000000000000:OKDOT:CHECKMYTH
16fJiAjPEC2yrnS6S5kWjyNWz6fFGq6Wd7Mhetj1NG3gwqyZ:12000000000000000000:NEEDED:CHECKMYTH
1A2gPCJpMy9xriwRrKbpFboGwKECjDJuqHcznXXoUcVicS1:12000000000000000000:OKDOT:CHECKMYTH
15HF7xvLNgaKyDg12gY6h4qxEaPppSdt8QNvtvARqAyDUKoQ:12000000000000000000:OKDOT:CHECKMYTH
14AJrnxvQi1tmm1NSKmjheBMDLMz7rvoBWi2Qw3DLGNKnssB:12000000000000000000:OKDOT:CHECKMYTH
13xQb5xryTVCAJ6wiTL26xBjUX9SJstLghJo5BfXviujpoD5:12000000000000000000:OKDOT:CHECKMYTH
1dcaFSp6kmacUjVmjyhtAvZfXpzAvUiicGbkUYXMWYoxRa5:12000000000000000000:OKDOT:CHECKMYTH
14UUoZKcUC4Dz7pmex1mNj3U2Zmoip7mqLmiZk5XoySqMyPo:12000000000000000000:OKDOT:CHECKMYTH
13X6HcSV9kc4BjLsNbzuXcdwuZFqBvrRqWo9HL86LHWGWxKi:12000000000000000000:OKDOT:CHECKMYTH
13a7B1Q6gbHoVuiWBXt2hzKs5mRMJfygJzaEVnPR8GxzFFH5:12000000000000000000:OKDOT:CHECKMYTH
16X9TZ3MWBBCA1iDYRrjyNRt9Uv5kFaD6PtQynihpWidsgCV:12000000000000000000:OKDOT:CHECKMYTH
16J916w1TReCngxJS3kfTTY584QH5eMA4TNSWFhzQoqmAj27:12000000000000000000:OKDOT:CHECKMYTH
15vKQFkebbvCgUHaw3m5bNoFjfcEkByXELEcHJEWyjCoKGv:12000000000000000000:OKDOT:CHECKMYTH
14N1hLfpgzz8mKzZvbrjUAaZ3rvenq4GcZe1mRFxQ3RiYTgN:12000000000000000000:OKDOT:CHECKMYTH
13NCLd3foNpsv1huPDzvvfyKh37NEEkGFotZnP52CTR98YFJ:236000000000000000000:OKDOT:CHECKMYTH
