14tcCfYiNgsEdsjZidZwwZN8FLeh7DXx39kpDJpKmNiExnMG:12000000000000000000:OKDOT:OKMYTH
16VFb3Em7oZjeaH4CgwoJRfGdeatjhUVthaeQYEcPJrXfSky:12000000000000000000:OKDOT:OKMYTH
12bBpJvzHuuS2Lw7erCfvT9VSveDbt3tCJTx7C8v55UC7quN:12000000000000000000:OKDOT:OKMYTH
142i6Y6Tb6DLezqLdSs9RtKApM1gAAuFnr3KDUWMTP2vFeTT:12000000000000000000:OKDOT:OKMYTH
14fewHHehVXRehrmfWFdnEmgqkLrZXA9N2hEo8UDeiGSdYWu:12000000000000000000:OKDOT:OKMYTH
15S9v16RLro22Az1WZSUTQa1zzucLhPkKHLDE8EmDjoGxhmX:12000000000000000000:OKDOT:OKMYTH
15eKVbUmh8QYYbGi3tuFYgJJn96SZnsYgCrHAFrvwGhtU6XX:12000000000000000000:OKDOT:OKMYTH
12CNAtaSFeXexMpfrapL7rBLPkbEHY4XbcW36YZFvcvcCghn:12000000000000000000:OKDOT:OKMYTH
1oiXqVzjDXt4jqCgsDX69naQtYdbsbLHS4uC639kLRYe3si:12000000000000000000:OKDOT:OKMYTH
14ZF5sFSTFuMYkJACiFvH2AwmHtCnNntofjm16wFSCbnudpn:12000000000000000000:OKDOT:OKMYTH
1jVhCSG4QfJYUHGfRbEg1XU6DaiSnJgX6BvbcVzthjRgmDg:12000000000000000000:OKDOT:OKMYTH
16i6LyMstfWQTrzdspRh7dsL4hsjdQ4v6ZdQVG51Bsj4Mg1D:12000000000000000000:OKDOT:OKMYTH
15tKMVFVzCUDXDaJU4qQLeCg2S51oU9szwzwrXhbMzEGuyem:12000000000000000000:OKDOT:OKMYTH
12r6seDmJU1Z2nhdUp2efeHf3cWdsmDjhy1eEhhXwMTR5JqU:12000000000000000000:OKDOT:OKMYTH
14YcVw1TVTEqZRick5SYzeJuRCEFEJYdxqQGPcEYzgmvTEtu:12000000000000000000:OKDOT:OKMYTH
15zzwKBx4vHN4THGktjfXHt1xmbzFTvaRWRQDE8bWbKLSUMg:12000000000000000000:OKDOT:OKMYTH
13AFe8u6KGvb2UfSArVQcoedk8Jj15684vdrkh7NNDoqyEgp:12000000000000000000:OKDOT:OKMYTH
14mGvNspbwFEtjcUWjcHzp7Vi8NSwVC9qqPgQjW1GwBpd4y:12000000000000000000:OKDOT:OKMYTH
13reLrvhSFxqFm4pb8KZ6qdd4vawgycDoWNQRGfqY5fZMich:12000000000000000000:OKDOT:OKMYTH
14Jnac3uHiAjQ9qLjvGzkywKWJjDTry4t8ghJ3GmdYVHtKuQ:12000000000000000000:OKDOT:OKMYTH
16MRdZLPuJ3FJcqkT8WsEEfwRat7Gw3fY17nvkWw3YLLfzZu:12000000000000000000:OKDOT:OKMYTH
1Q3QoocLoBBpGkqd6kzs8HSjJQC6DhGzPBQS1Gbi5LYTVhs:12000000000000000000:OKDOT:OKMYTH
15dGVoh27LnsQui8ebTYGXbgTt4Gd3mWHUweb69jhV4fdYbg:12000000000000000000:OKDOT:OKMYTH
136Bb3vDK2THWRhe7J1x6Nxs9Q8rJEW6rYrNmQE1MLrg3kqM:12000000000000000000:OKDOT:OKMYTH
1mEqrHz63psy6Fn6achMt8zYHnzjjMDL46zWyfqtVePxKsB:12000000000000000000:OKDOT:OKMYTH
1VGSe9scgDrZDb8UXnvtoUy2JGhtJuk5BxPH1CZq7DrbivC:12000000000000000000:OKDOT:OKMYTH
16kTVDgsWF57nu1aXxzferfQdMPuzBatZoU2m3jRmcuLCW5c:12000000000000000000:OKDOT:OKMYTH
14fZTCE6jEpdo4oiGg3RWp9xEByae343CbgfqZf3CwJkBHeN:12000000000000000000:OKDOT:OKMYTH
16Qt4bh5mig1Mtv3NvWohxTTUT6dESnQYg6M8g9k5phnUivD:12000000000000000000:OKDOT:OKMYTH
12BFpuGZQR6pyiDpgpEqxTejDXCuwxfGRtEx13iRm7cUfRqy:12000000000000000000:OKDOT:OKMYTH
15n9ygLVxM2HUBHXFhEkriMmoeNwApGWANkDLpGDWAMqge9J:12000000000000000000:OKDOT:OKMYTH
15EqerbXnx9zb1Rw1jSP9rJzDQvMcS7vXTcanCwKZuhSK67w:12000000000000000000:OKDOT:OKMYTH
14x36tqxdjJ3gTVaBc81UWSuZikvb1qLCTLfxZVCiHtQyj4N:12000000000000000000:OKDOT:OKMYTH
14WCKrD46cjxcFZXhFniVM5DYQpoTv4WJCCLEjvMZAV6LFYv:12000000000000000000:OKDOT:OKMYTH
1DjMU7tW8Ko6yvppgQtZieSh4Bg3VLpwWouCHfPuHe5LMFf:12000000000000000000:OKDOT:OKMYTH
151g9kcp6oKk8VveVypjtbHVkctVDUZEzrpfj4ZGNRiB9pKc:12000000000000000000:OKDOT:OKMYTH
15qL34jcu8ephEZPtYwi7F6v23xLnVTgNSC1di4Jr82CRYxS:12000000000000000000:OKDOT:OKMYTH
12aFFpGkeoRJ6sFcEqawhxmqSSD4WmkE8CQQ7EBjQzt83Kts:12000000000000000000:OKDOT:OKMYTH
1ofqwn1WuCERMrC1DNZWsCyroovug3nRX7KUMn3P5sz84y1:12000000000000000000:OKDOT:OKMYTH
13mEB5rykuQ6KKjFEss9GJrTL4wuAGjRtHgMxJt313UEBmMs:12000000000000000000:OKDOT:OKMYTH
12trgnabuFx475U8ws2TB2egzsrBpu4pHcGKJMTdP2q317KB:12000000000000000000:OKDOT:OKMYTH
159QoCzB8XgF8ATkv6VCHvsWn9w4hfBn9JbafzJpG2Qfebvy:12000000000000000000:OKDOT:OKMYTH
16RmBN8L5Rr7oUR2jb3nyFugdvoqizKXShkqHTzV5qaCk2oR:12000000000000000000:OKDOT:OKMYTH
15eimFrHiLHc4MrQ6PGpWkDKGqucTqX7AdWka9Bub5R6LU2C:12000000000000000000:OKDOT:OKMYTH
12H65WCbgKR8mvW7TiBCHvZScwgj3NgnanzHqSst366Xrk2y:12000000000000000000:OKDOT:OKMYTH
12fkmaVvba33uc5F7RaHutp2TCgbpokLarG62bB2bA41oXNR:12000000000000000000:OKDOT:OKMYTH
1B9mKTCgaScvScJtvutTkwscX7FwFF9uZc8ytVDg3EHimLa:12000000000000000000:OKDOT:OKMYTH
14wKci6WSfKUvKjwkMPREaMjdfM9xiU5Xht4YfJbsnvp6JvW:12000000000000000000:OKDOT:OKMYTH
1LXgLLRzo91mKawLJaoSTKgmnXpNsdUWuPickHjzvPqwPYy:12000000000000000000:OKDOT:OKMYTH
14gx1wZHGeBADHZPoKjBNkHcodwtC3rGhcaNhvKtt6DxATTk:12000000000000000000:OKDOT:OKMYTH
12UR68p6Jq2RKYmed4XMiTBs73uez4wfJzMDjWTkG4UjYNJB:12000000000000000000:OKDOT:OKMYTH
1583waFZi79T3eWKgqYHMar6qGbnTrq6pezKQCTRpad1kMcN:12000000000000000000:OKDOT:OKMYTH
13apgTu51K5eZwm5XVg5iB6pVCvF1bAsgMrpjLiYfitMK2TE:12000000000000000000:OKDOT:OKMYTH
1i2mU3JVXWYM8SLZKHReBnoD9Wtj17nJEjDSePEmgRQd1za:12000000000000000000:OKDOT:OKMYTH
1kduyvCaqmm5Xx1fV9VCqTcBMtUzpHCrnm8LtyEisD81oGo:12000000000000000000:OKDOT:OKMYTH
12eoMjjQhGgdzKZE7APkyZhax6FKHoHTCPgJAo4aQrfrujEs:12000000000000000000:OKDOT:OKMYTH
15YCfjP9Gmv5Nj2sR9LNX4fVHUWbqqbr8giWUGM9sVdp9FYQ:12000000000000000000:OKDOT:OKMYTH
19hYb1HXoRjL8UW8gGYahK4UDnA5qMazngwJJzFsajkEy8v:12000000000000000000:OKDOT:OKMYTH
13wysBSvocrkzdxGwFfE1AXqZLiHvsLBpheixBJWjToeNDJF:12000000000000000000:OKDOT:OKMYTH
16A6WmuowsJRNo7owwSm4T7bwGE3Fgr7Uuk7vEQs1oK5MDD8:12000000000000000000:OKDOT:OKMYTH
13UHSru7yqfubrqYKhqiiKis8cvSGTgYAepntf9NtfzYpSeJ:12000000000000000000:OKDOT:OKMYTH
1x4UechrYAy1W9HoDeWDE2y9S7jq39WFfUtkNxs2snEAxyK:12000000000000000000:OKDOT:OKMYTH
1231ADLBQbWS61FkUin7EWTx7bapwzndPGMeHFKHQ2zwiA6i:12000000000000000000:OKDOT:OKMYTH
1Bty5VwSCgMDdYX8ppsJECGfGFeUvGC7kzDfYWi2LEfMwda:12000000000000000000:OKDOT:OKMYTH
12CBKFzcqU4UcaUb6PjNSmcd6ekAmwUKKBZGW2ZbCbRDKgKZ:12000000000000000000:OKDOT:OKMYTH
167LyDEGFNUFky1bvNpn2umH7LfrUbTUQHy8cmuhTMkJttFT:12000000000000000000:OKDOT:OKMYTH
1zd3ozt5Fp4KgVVKyv9EefsZ6uctNm1DFTsnRePZd9Z8nrw:12000000000000000000:OKDOT:OKMYTH
13pSwrZydvqrmbzdP9XqVod1dX8oEjfCERckfA7ug2MXLxQ2:12000000000000000000:OKDOT:OKMYTH
13AmN8BB3BFFKWaMfGyvdTvKBB8mckUr9D9bTDwMmcB7vbNu:12000000000000000000:OKDOT:OKMYTH
1BmCaUViJbJreqqXzUhe6oA4A2EEiJU9DBQnNkeBB4fNkin:12000000000000000000:OKDOT:OKMYTH
16c2956B6NDeBC3HrunG7sv8N46TypzhUgxwF8UFh7Kb669g:12000000000000000000:OKDOT:OKMYTH
16ZND4UH2JGroiUsVogmVBJs313b2fns4BH2pauRZLqkFHek:12000000000000000000:OKDOT:OKMYTH
12RCXmTVe6ra6tJQC2UMTpyxfmHjan4HdHvXwDGbnG7FS287:12000000000000000000:OKDOT:OKMYTH
13ChNi9SqWMVQ9rKKk5i9bGPZJiavG8mk4JaNiYiMXafRymq:12000000000000000000:OKDOT:OKMYTH
16RYkT9KELQLRiLsm3AfCq3uboXeTGFpeofdw5muh4VTYXp2:12000000000000000000:OKDOT:OKMYTH
157gw5e9yAZBT4E3EpBuAbcakph9dcWvnZu7nExdGnvPtseh:12000000000000000000:OKDOT:OKMYTH
15vf67C658E7s4YgMeG6x17ZvMkpnN7zTdMvzGjc7T1jqsxJ:12000000000000000000:OKDOT:OKMYTH
1AV4DLVrNjX7H2M5vpJdA3WotnLieQt3eHFDjdEgC7kCMd4:12000000000000000000:OKDOT:OKMYTH
13k97keutTP4eEHHPqVTeU56vwF4p9XPeD8SXpJHWiv2eWDZ:12000000000000000000:OKDOT:OKMYTH
13nFmSB6moXAW4PLdvJiU7GhQGQVTs1zKJucWbx21wkfnUdS:12000000000000000000:OKDOT:OKMYTH
13Z2BxpSW2Ni7jVypWGDGvDBudJtBjHsuDu892prmGnzp1qA:12000000000000000000:OKDOT:OKMYTH
15mNrg5ahdTKJosXHScQEBmEHEqYmCrSP2LfdUD1XmNZEiBQ:12000000000000000000:OKDOT:OKMYTH
14GKy88DgBZRXMyiiF7nLnxSu2t6WB4faHEWR3UzFRshCQya:12000000000000000000:OKDOT:OKMYTH
15FDHrbwz8BV26ZE6fri8pbMphu67zxXfcVMknBQiMKRVikX:12000000000000000000:OKDOT:OKMYTH
13BW3CQ1pPJTgcLjnAqwotZ8iSKdZQZrMDNkNB7PcribX6g:12000000000000000000:OKDOT:OKMYTH
14wVtGt1RBRqL2uCXq84PXNdmFPLAXpKbMXhEtLnELHNMSmU:12000000000000000000:OKDOT:OKMYTH
15gUP2FwtDUVZopBHq9YRfTpb8RynN9Qg1Z4otgZf5nM9mMi:12000000000000000000:OKDOT:OKMYTH
14m5gy3buN98nCLj83itLv3SPkAfuQ8FrTZ8yNJcxHhQDDxm:12000000000000000000:OKDOT:OKMYTH
14zq3UckDRuiPm2MnFtxoC3zBCrmSQw8x4pY6cdG8fuXidbh:12000000000000000000:OKDOT:OKMYTH
16TWejtDXpAg8gpTjAqiNmPSqJfHY6W7Je2Ui4EceBVE53CD:12000000000000000000:OKDOT:OKMYTH
15k484W3iz86nPfPU7eYFLPyh294nTyGQw2kPrE77ek8983p:12000000000000000000:OKDOT:OKMYTH
14ffbau2bRcSbSnzTthDf7Qi3xhjeSBeBTqz34Yw53CN1HFG:12000000000000000000:OKDOT:OKMYTH
16aTLpeDEwzxqxnoApjehpT1E1zkZTvvK4HEGSx1UY3UPJkM:12000000000000000000:OKDOT:OKMYTH
12trDvcqKWPEXZtkhPTUX3JToDmt6BDdXFLKkQBGqUi4TNnb:12000000000000000000:OKDOT:OKMYTH
1GyWGoNz6oNzuP8ejPfpYzjg18S4fn4fGdSi58n2ZKi1CpA:12000000000000000000:OKDOT:OKMYTH
13zMB5CPrhqgRezpLPRPsu8Hjf8yic1q9jL5xMtaAbSqvahP:12000000000000000000:OKDOT:OKMYTH
13RoVmSRJTBQLP1LvTkApLB67eJpkkYCWqfTBptdAAQm9S6y:12000000000000000000:OKDOT:OKMYTH
1xqtPEhkSZMSW5piPmydeyGCDSmYg74iwctHjRm98Dej2b8:12000000000000000000:OKDOT:OKMYTH
15XouYaa1U4Pawhan7EgjxETF4yxoDnZr48LA1oapmrunKhk:12000000000000000000:OKDOT:OKMYTH
16Xxhrmem221aMbzfEsH3ois3cgFEYK7beUn6LxCmvk8FtRW:12000000000000000000:OKDOT:OKMYTH
12t3kHsgKq8oGN1n8H7TGpxAhJgpVQSEsqXcfxHPsstrcVkd:12000000000000000000:OKDOT:OKMYTH
14SCgzLeCHURvutXUGC5cXDcmmxD48W1Uioqh31FeVFTsft1:12000000000000000000:OKDOT:OKMYTH
13798my5WC3Tz3cGu9Wf83Mv4sZE6tZEXUB5CwLomzcxZBWh:12000000000000000000:OKDOT:OKMYTH
16621rSn37HSAK8RfHunyV2U21xwxpyCDzxSZ2FcyGRwkkXC:12000000000000000000:OKDOT:OKMYTH
1WWyVxHjqAK6CAUCQ8U4LPPJCGcy9GmSFJvGekojsEvyTb3:12000000000000000000:OKDOT:OKMYTH
13kkxxyKgx14JPggZ11ezTSTsyk4mYYgSFvfPi1zGLz2dNwC:12000000000000000000:OKDOT:OKMYTH
15Y7ce9uJnwaPraz2juKb5rQ8aatKGUhzpx2iit4XqoE9cFN:12000000000000000000:OKDOT:OKMYTH
14hkXi7B3vNxXjrnKSoUiDhEL2TNdNZQqKJFTLDyZGfo5RRF:12000000000000000000:OKDOT:OKMYTH
134ssnBbmSkPt19AkRXpqq7LbyqgotH54vmyFMmjYPtFv7qV:12000000000000000000:OKDOT:OKMYTH
1c7fQLxMTAB82NPiwv9Uk3asVgQsH2DHDnPnhcukLwJD4wy:12000000000000000000:OKDOT:OKMYTH
12URTwLDkaYsJnm5ghwKZTPRL3xgXV1vogqexahi7j7HisiZ:12000000000000000000:OKDOT:OKMYTH
15pP4GjvXXV7BRF1vNoaZeE1mNkhHKhMB8LS9eGhGDkf4CDq:12000000000000000000:OKDOT:OKMYTH
12QWzA7xMJXzH4Q48tiqrWxwY3VzTMovhkwUsXMGDErYfSrU:12000000000000000000:OKDOT:OKMYTH
155PTCvHGqhxFfEho5t5N4VCAmiuN6UKue2x4GpgGaghUHDv:12000000000000000000:OKDOT:OKMYTH
12ib255hjaFE5mhHuPLFbDKQhjym379aqLKAg3eK5S8TSuSQ:12000000000000000000:OKDOT:OKMYTH
16DUYz6yJyFQkZZkz2sofDLZv7s8FnyhG5eqCXXW7yKL1fCJ:12000000000000000000:OKDOT:OKMYTH
13DEbLyprcBiaY1WMqAdeHh3pvWFCnJjDKRMWgXbC6eeZSYX:12000000000000000000:OKDOT:OKMYTH
16AyBVN2cfrFGnxjaEvBPNtVHC5nTaW7hYpQkob6GfoQ7onY:12000000000000000000:OKDOT:OKMYTH
14bH1yoPohe2nv57Q6LvGaa3m2gWb3i8guEKeW8u7jSWswqr:12000000000000000000:OKDOT:OKMYTH
1yqotkmasHVhDvnHJMCiBWtJNhPGtKwVyAnWvY8r3nfpBUt:12000000000000000000:OKDOT:OKMYTH
13xuqMS3B1J89MZpa2G9GEEyB43G1x3M3Am9vx43x4gfZFkE:12000000000000000000:OKDOT:OKMYTH
16aYxfyhK2oGfTnJmLd5N6dGEqEKGD2QyB1xbb2Ef9QoQw56:12000000000000000000:OKDOT:OKMYTH
155X3r2ePCwjcbz238LomjN6mThoRW68h3EctnpjiCAMSM5C:12000000000000000000:OKDOT:OKMYTH
13FTWfecByCnaBxcw1PjyNkwpH7TFYYR9QGCzuo3HSLLs6GK:12000000000000000000:OKDOT:OKMYTH
12cXLcem64uTQ1DGp8vRo9gStbRsfM87e3gwSWDG1LFSA8FX:12000000000000000000:OKDOT:OKMYTH
14KVRNdTffHgbkV2di5YYYvGm4VNwAL5oT4dRrSu3B6NwRM7:12000000000000000000:OKDOT:OKMYTH
15KZJUXwLTwQgakGnWDHFwdhrDEff853rbWKckRsQP5Y3Fz7:12000000000000000000:OKDOT:OKMYTH
14oWcyPtkDZvGwfy5RFvVXsQSHJAjt3cnbvFP3R9cKe1tRDF:12000000000000000000:OKDOT:OKMYTH
1275inypJKfbjhpu73QztVyHuMnEpmY1tDJrig5d2xNuneGW:12000000000000000000:OKDOT:OKMYTH
152VxRwwZdw2iBvrHnjMdd4s3gaSj8dBrAaFR5w3ayTEF8oU:12000000000000000000:OKDOT:OKMYTH
15f2BetTxaAZVXwUuhUYyHxp2HdauoXDTD6fGAUrLw5tP9jT:12000000000000000000:OKDOT:OKMYTH
13NxRuEgta6SZK1fs9csL2nsX6aMBdJLPSzS8ZHxFPuUUzJX:12000000000000000000:OKDOT:OKMYTH
126YVjrSc3Y623bgYP29t22Vx5okFrhReR3iEwv7Sw1AaQji:12000000000000000000:OKDOT:OKMYTH
1347JkEZ678yp5vEprzfWxxJAip1sZkC8EjFdwZxcmK2NhbH:12000000000000000000:OKDOT:OKMYTH
14VUcEzFVEyxRjG8AxmLSkA8t4iS8XoSDhh4SKA23sdu46kH:12000000000000000000:OKDOT:OKMYTH
14E1onGZ39JJgwUMnHHF9feMAkNBNKjNqotVgmLBxMDg7UAk:12000000000000000000:OKDOT:OKMYTH
15ZiuuUSve1jFfyWNf25Whpid9vqbcCmkErvwwShhx8FyGLe:12000000000000000000:OKDOT:OKMYTH
15pwPm2XoiziWzHTKoNCy7uLJPS8nL5ZfeRDdPBsr7oaDAhq:12000000000000000000:OKDOT:OKMYTH
13VZ54Lg8uFjzbGRfuaKHRKN5mhEb85nf4YqWsqDscN5u6HF:12000000000000000000:OKDOT:OKMYTH
13fu8RQwEQJT1L7r4ET4YbJb3yGA6CByrAyzoGpYzuCxPSfj:12000000000000000000:OKDOT:OKMYTH
122gbP2NCyPu7DtW4K4xFyyvBdxYwghNwdBkKgo7XdNiTWm1:12000000000000000000:OKDOT:OKMYTH
1t4z8oMze5HMQ2iBsZuK9mYZLK8GUknkQsA4E4jhYEe1gjR:12000000000000000000:OKDOT:OKMYTH
15RjGiR8CCmRdkpdDpwig7FHKbVwhZsQVHDAwUPMnnjcqBy8:12000000000000000000:OKDOT:OKMYTH
13QGM1Ju5ktybHyu1tisLvWJq9DvDeCAVmtnE9YZASRN7FkL:12000000000000000000:OKDOT:OKMYTH
12SQ6CnndLaY8H4T5XCAE3P15MSBS8eaw79Fjw9xqDq1iCCH:12000000000000000000:OKDOT:OKMYTH
12jmKy3SgizVULuD8KzcDc6TPkQstfLvu54XzpYsjnLbt3SE:12000000000000000000:OKDOT:OKMYTH
16BE6vGvry6jNySCjh6274CC3AtqX8xpjaLAgi5ECtm4H7Tc:12000000000000000000:OKDOT:OKMYTH
136KmFJgzDnnCjPGAYGrY5QBPNteCKrrN9131N6P2PrpK1VU:12000000000000000000:OKDOT:OKMYTH
12sMHQJcgFQRJKWULBcLok1LD2HTHvT8aAoiPMaejEBN6ikR:12000000000000000000:OKDOT:OKMYTH
13Zuymn3NYEGpehgJNKg6iJ8tY5b7omFtrUtCM1qkwsVYUvP:12000000000000000000:OKDOT:OKMYTH
12StdrXR3eEYBMvhxqqjVGSQ29Uun4wZCesphowRwsyNLrnS:12000000000000000000:OKDOT:OKMYTH
12pauGqqAGC6qMGtZZxQTPRjo1y2Lxmzs4tRZ7neUfJ3qFui:12000000000000000000:OKDOT:OKMYTH
13XNXYpvqPecQySCY7JLNYLG895jq4MGQnfVGcPrTXG7yvEp:12000000000000000000:OKDOT:OKMYTH
131sXt3JqpZjb627iSFXpRLfFr6hjBEBhE7BNf1RQ9J2cvm9:12000000000000000000:OKDOT:OKMYTH
123irnUrH5KgnexvRYSZ5gakEwgxkiaFviELfkEcxwpyJKhm:12000000000000000000:OKDOT:OKMYTH
1C425GPNTZCba5gihnRhwUfNUF53wJVz6rrDfUsBZLuNQvu:12000000000000000000:OKDOT:OKMYTH
16WTy3rrGtwj53kWzfkK4ePDdqLdbxLayi9LcB7uoe1RJdyr:12000000000000000000:OKDOT:OKMYTH
16Fs2wuvEvAhAcL7DsJ8Gt54DWspL5iu4kkqnBzoE4wYqvVF:12000000000000000000:OKDOT:OKMYTH
15iV2CPAW8LZQ55gtK6LZV8ivti8UFbaB2SDo6UwdnBxUvEK:12000000000000000000:OKDOT:OKMYTH
15n8BGaRzKd6iWtgfXKrQQ3SqPft8TvfvRvLK4D9364awP9p:12000000000000000000:OKDOT:OKMYTH
12mZFhbXAs42kgpxvSdw2zYMpj2k8v4nfXgJVoGf3ZyKHNxd:12000000000000000000:OKDOT:OKMYTH
14ibJ9o6bsDcgGbFJ1c7JUVHtPeN2ay6hyV8iDdyUErax5z3:12000000000000000000:OKDOT:OKMYTH
1dhJfWN2ySV91VnKdX8u6Pg4UqNTQzPJnTEj1MGNohuLJo7:12000000000000000000:OKDOT:OKMYTH
15vBpZWXVcduikadhHwkGVGjFKFoHMWQqJvWGDssfUTL3thP:12000000000000000000:OKDOT:OKMYTH
16ktrfHvisEHZRCb3A9tsgFdDHSB11QDZK15sEgUYu7wpGbN:12000000000000000000:OKDOT:OKMYTH
1cgzz1TG9CfrY9KY4QHffPsyySHzktmZNCY6EC7yhPZZTB5:12000000000000000000:OKDOT:OKMYTH
14n5jvsFrcfp4tRiE2CHpgLELt5f8YiMWozcf8BJiX9bGiBe:12000000000000000000:OKDOT:OKMYTH
14MpRE4i5BRqQEqL8B3tTL1Hd94AA1szrcDUHmSeag8Xfuj8:12000000000000000000:OKDOT:OKMYTH
16Q1VbSgoyKHv9hKaKnxqjYdwiu2eru3ZHDK1DYPdhPXAhpu:12000000000000000000:OKDOT:OKMYTH
153SZ4FWMf1dtvPxJuh6iAf8uYD1JVMvcPAuGRtwVMtB3asA:12000000000000000000:OKDOT:OKMYTH
1ep2e4CDcUAkvYPYNk4xZoKEpi8yTc9eE3i2mUkdwaU9CUs:12000000000000000000:OKDOT:OKMYTH
15isBHaQ7xWTHwvx5Yzq7i8687q9sdGU9MUytR8YhzoAiPJQ:12000000000000000000:OKDOT:OKMYTH
1243wbucStSAg6f2YJFm4p3Bb9pcDzthJq11rSaqCT6bARm8:12000000000000000000:OKDOT:OKMYTH
16SsuxSipygtvbXypL3E24mhNiG9hkpaNH9UZY8jKg69RMJw:12000000000000000000:OKDOT:OKMYTH
14GFzyC2GuLWWFjmDGJtQUkMDXJ36pBuLrYdiLefMYWqAj7X:12000000000000000000:OKDOT:OKMYTH
15ac4tdz89qK1HNvWsxcs6UL2jG1kgDV845RxUdh3cdiVDae:12000000000000000000:OKDOT:OKMYTH
164MPoWPxooyHSoQU9jdWEG3ZYpsJxdY3DddKoket13RVLe8:12000000000000000000:OKDOT:OKMYTH
15UEjUHRwrcDfT55B6bmeEboTn8fG7p51f1ej5J6TXSqG9Ce:12000000000000000000:OKDOT:OKMYTH
16X6jdffYNeVK91EPJZFX78LBxBt8rTfNmvqJYGgsJsTafZu:12000000000000000000:OKDOT:OKMYTH
16PgTMxhDNqWSGixHSa7bcEJCKqFZ7vMx9B3jJLC4vpynb2b:12000000000000000000:OKDOT:OKMYTH
16CZaKqZMt5XkW14MrhQEpNpkSGfkSp26BhmuDzbPCMXhrf2:12000000000000000000:OKDOT:OKMYTH
15AUZzXG9wKDZ3aqG4DhvJSN3pUVu33RNCmWC2SEvecFTHWk:12000000000000000000:OKDOT:OKMYTH
14DhLKSvyKZF7NAPy2nfzmr53y5i9VF7QeL8PcZFo15MqBwT:12000000000000000000:OKDOT:OKMYTH
14Rh5PPHNfpx6wcVvsw8MZB6t6BFpA7XXTU4qCPcg4i8Wq29:12000000000000000000:OKDOT:OKMYTH
153nvF2dGGxz6yN1pbKiXQzBQbdBfFiST1Jt49b2EMczCEcS:12000000000000000000:OKDOT:OKMYTH
1NLHM98nfkDdKuJDPbjJTU5kWgD7K7ngMLoF8AtubKj5YLr:12000000000000000000:OKDOT:OKMYTH
1ZYapgvam6yARM8BiLfcvE5PXkDG5YNgfXf4rcD9uDzmgLj:12000000000000000000:OKDOT:OKMYTH
15GXTDf5SbzqWcTMCZ7dVka6J9CsR5v1zYS4A7Vu2aPzv51q:12000000000000000000:OKDOT:OKMYTH
16gYAeSCiTsUa8Y7Hkk11VUJe3Fb8M62ikoxBzzMa159dTBu:12000000000000000000:OKDOT:OKMYTH
15wtMGfroH6ppT2ohxJEzZfU8WTkXs5e4zw1i3hhkC32y4ML:12000000000000000000:OKDOT:OKMYTH
15uwSfMStvHJ7eMzvt7zhU1D2YNHBKwMW4kEKdD3fyiHm6gE:12000000000000000000:OKDOT:OKMYTH
13w55Te3deNh7Q1ErYRR8Erraofy1ttXHTb3om2zJM8wuQq1:12000000000000000000:OKDOT:OKMYTH
1129Tz67eVK9mZ6ueDt4hszJ3qW4NGK79pCUXzLM5YGEdWex:12000000000000000000:OKDOT:OKMYTH
14txteNgycJWVA19BqUYEhKd8SyyXjcoqGpHUYTfSaLjHy6Z:12000000000000000000:OKDOT:OKMYTH
12YHbZoC88rhEKEjxfycyrrSYZRzg9mTgy3QJJXoxJbEpHJU:12000000000000000000:OKDOT:OKMYTH
14qnJcjaNBxsG1ixUgi5jqSPCRgvUZ633y5U7uKzs1NP8eW2:12000000000000000000:OKDOT:OKMYTH
16YupkBwMqsgUtANWm6UoL4YUkkGZVeBa3WCeqrQcoMWmdF9:12000000000000000000:OKDOT:OKMYTH
12Zwjmgboyzdk53BFwVyTUbgYSeVMZeumCxNqtmP7M4ySuKF:12000000000000000000:OKDOT:OKMYTH
13JRWkB48zRdfecQB9mq581VEHAq6ACWFKgYWr745qitSc2L:12000000000000000000:OKDOT:OKMYTH
15YpS4wCdvjLTdnTqyGMsfmnkf6E5ovBB3Dc1ijjemnqa6nK:12000000000000000000:OKDOT:OKMYTH
166UuVrCKBrV2a5YXZioWbEPKZEz868egyz37TsM18WjvN5t:12000000000000000000:OKDOT:OKMYTH
1LT6Zcg3Rs8AveZTwxphcUN7wZWGjszEbMzEg7BeVo9eiTX:12000000000000000000:OKDOT:OKMYTH
12eV6PK4RvZusa7cSsCt6NGhBtcZKaMfdbTPMGpMsCCQA3nz:12000000000000000000:OKDOT:OKMYTH
11mJD4G9ah2dQv7oh2Qzyy6T1KWtwmmvBSf3NUXfdZcmrFZ:12000000000000000000:OKDOT:OKMYTH
1jzywumtLPowRTyT53JwDo5Trnrw8xP8MsTa2fpEKCJNbRy:12000000000000000000:OKDOT:OKMYTH
16Vv8BhwXSphLT8JoBa4Lf4R98DpaMWKvZNFwhGajHAkZLm9:12000000000000000000:OKDOT:OKMYTH
12QcZx72kmt5CNMH1UomQsHQWoMn4dPHGe7TRLxnc6DHG8Ru:12000000000000000000:OKDOT:OKMYTH
15snpi5BMZbCDsDca3434y6zyiYfMVwMBno4KT8s7u5CAFEi:12000000000000000000:OKDOT:OKMYTH
1FBCn2qaSLhXJ42FFMKUomRiGZuEkzbtZN9vaskcyEZfcnA:12000000000000000000:OKDOT:OKMYTH
1jCCc2ePGfbSqxw1A9TzJVFRvToptqzedN11KuAJvXrZ3Ti:12000000000000000000:OKDOT:OKMYTH
14ugqsPRCsGoBufU79bFv79qFWiV2wP2fCbyRQKh5eNGd6dT:12000000000000000000:OKDOT:OKMYTH
13pxYohirYJsFvFtDxZQbkmUFLcCCFT2MibYgNK7EEQSnXe6:12000000000000000000:OKDOT:OKMYTH
147z8QyjbwbyShnT7AsTVAW2Mwq8UBvr9CMGLXLLF8joaD1i:12000000000000000000:OKDOT:OKMYTH
16icrYDDAZMAtYZ5wBwaGbpMBdCEqndY5HNdPitGGDrjvVFe:12000000000000000000:OKDOT:OKMYTH
16E2wZEdq1SmMHzAAL9Dnb9hcAKkNc641htrJa5kC5cDu8FH:12000000000000000000:OKDOT:OKMYTH
14t61xn24GVajEZrE8rUh4ybiob9e9ngJqEsGhKTnNh8iFJZ:12000000000000000000:OKDOT:OKMYTH
13e5GzEFfNkm2UEpSas5y9kVWthadnAVxhg7X8wP2B9tTGC7:12000000000000000000:OKDOT:OKMYTH
15HzRrQvVP6FBHAs3YGpWCvMvcPgmVmY4we3JrZUcxUoH9m2:12000000000000000000:OKDOT:OKMYTH
182ktRC1aFbNPHKoNTHtNu1J1726GQmei22NK38D8FMbFWa:12000000000000000000:OKDOT:OKMYTH
1A7c6kn73VQySHu9jHe3eJJ1UFD6Ps8twWxP9CRWq5srPpY:12000000000000000000:OKDOT:OKMYTH
13wxqHggqjFZS83XCTXWCSQVRjw3atSBzvs5oULuU1qZK5h4:12000000000000000000:OKDOT:OKMYTH
1e3MqqZM65EmsQLqfDtk9bes5ae1W6NFJ2ppEGrxwcydGzJ:12000000000000000000:OKDOT:OKMYTH
12prq77zP3efuUjmrT4ajkvsApxJKMFfxA8iHXjcycT15r6H:12000000000000000000:OKDOT:OKMYTH
15YyYfuxapQ7jDUXNSntUDu1WdVcQBmiZGsLWqavBjJzK2Fq:12000000000000000000:OKDOT:OKMYTH
1tj5KhcaTzsph77kmDzfnLg7kQPXkKL9hacf9HM4puRNgw3:12000000000000000000:OKDOT:OKMYTH
15zx9CGL4scBRrqZeQYKsqDdoJwFMTqVLum918Jqw1fsVYSR:12000000000000000000:OKDOT:OKMYTH
1hEGKEzz53pYSBXYiDETboBWNTTGLicHYCTiaJZ3w8S1hku:12000000000000000000:OKDOT:OKMYTH
16Sz9B9kvtYNCmfNCVuCxKzwGN15oTVP2huCyvZyrbFuHChC:12000000000000000000:OKDOT:OKMYTH
16LfN4Lsv7Rf9REF99hqepGacBssq8BZ8e6x6C7tGrVL3fSV:12000000000000000000:OKDOT:OKMYTH
1c2gQ3CBwdF8aLGhxJSgAZuLpAwtHj5gavJr61GhnAwiL8a:12000000000000000000:OKDOT:OKMYTH
12XANx72qEEd1BWWsvqaH2kwtJL3bPjJRG6wzhwJgoxn1tXX:12000000000000000000:OKDOT:OKMYTH
12ZMQaamsF5vdqUxSFW5SZN5gGmxTgtsw2q92FZi5QftTT3K:12000000000000000000:OKDOT:OKMYTH
156W8TChb3BWpGMfC11KRLcRGC2Qqc6u24MDp4EKuzNJcJR1:12000000000000000000:OKDOT:OKMYTH
12XtCu7PNXoBRwZKgJDvHEcQHEa4ov3QQPhrwRUx2Qy6ykkz:12000000000000000000:OKDOT:OKMYTH
1vvHjSzAd15ZsTo2XHBeYBg4UYxaRP86kEDQp5VHBvqaYA6:12000000000000000000:OKDOT:OKMYTH
1bQmP5ZH5ty9uok2ircytDux8VbmYpwdo9mpMDb97cWAsB2:12000000000000000000:OKDOT:OKMYTH
12voJWPnbZ99vDbVPa7h9RZBf4crWzrywspkYQA9mP1mZaz4:12000000000000000000:OKDOT:OKMYTH
12rbL3Ku7k7Qk6zSzT2LmzuYmcxErBFSQPGYMovNt8vZfF7k:12000000000000000000:OKDOT:OKMYTH
1QqKRcVwwGRxkrJxLkGKajUKxYrwxi3V7mWAqm4VHYPvewu:12000000000000000000:OKDOT:OKMYTH
16HU9umcSYBF28UWqVrUHVWPRAF7EwsJ34BrpXkkBY83ViWf:12000000000000000000:OKDOT:OKMYTH
12kw842fpUQVFMdtZcFsLxPVR6w7gV5Gyypc6mvNA7QUfcDW:12000000000000000000:OKDOT:OKMYTH
13j4FPuZvEVvHuAFu5szVJ8dRet78NLFzFP7xjAA7hAf2ZEV:12000000000000000000:OKDOT:OKMYTH
13Ac8my22T21d3ULqpTrDPEFUvLy7yHC57x9pAksNPHiWjH2:12000000000000000000:OKDOT:OKMYTH
16VBGomy9GzGVJHY46SE21AhoDZ8BotUJfuRq7XfaYocqgge:12000000000000000000:OKDOT:OKMYTH
15Zko61KDF3yb27E32jYy1uCPGQix75bAEd9uRqZF9GR4SYj:12000000000000000000:OKDOT:OKMYTH
12mFp4Z9RzLZyUAtWZvLadFLiraMoRUZrNKDJ17n8Bg31pdJ:12000000000000000000:OKDOT:OKMYTH
141JtYnRfiYzHmfoz9aohb568UMmu9ku229fdvpodQYP6HvW:12000000000000000000:OKDOT:OKMYTH
1Fnffs7vgPvpnXerso6yaRhvusM37t1EaKGy4Rhc4UzPXXg:12000000000000000000:OKDOT:OKMYTH
16aFT7d5ZtDm5ck9xya5q5mHVxfSazrnAmMoB2WJzULrFQQh:12000000000000000000:OKDOT:OKMYTH
14jAmewY8BMgUXZ7dMgifRrywTrswTrrGcGWDmP4RtcSu9Xh:12000000000000000000:OKDOT:OKMYTH
15N51P1EBaajZiSgpB4rgNh82rYJuEBeEc1rsAs8rXYcgGDT:12000000000000000000:OKDOT:OKMYTH
13ovGCrDADY7REqoag5hSbHfVkA12ADQHzjJL6KWc4qNawAQ:12000000000000000000:OKDOT:OKMYTH
16TV5km88mdg8VD5gLLJGCVb8KYNoZGAJLe1KKN47PfUFdGz:12000000000000000000:OKDOT:OKMYTH
1Bsk4vRusBd3RjP67adSHv9vtv3GHnhCwYq88Z4YVwj11c1:12000000000000000000:OKDOT:OKMYTH
172a7PoEacN2wzU2APihuSPTDCrftyidENxpsyPJsir9i2h:12000000000000000000:OKDOT:OKMYTH
13jXjZ3TbhLgWzvavR7dvZYusCg3H1j7oUn4qdCjPQKVzQQP:12000000000000000000:OKDOT:OKMYTH
16FhhDtcmTwwFPRczQn9yT4XqARS83CLG22psNxtELAFu6dT:12000000000000000000:OKDOT:OKMYTH
12D9CDWJnaxMmH1xt44iMZjDc7xyyFQ5cYzMj2xjBooyqRDC:12000000000000000000:OKDOT:OKMYTH
12bHTyEMQHSX6G9Fjag6hP8c18nYdsuRxQwtcAkGi2CBtNJp:12000000000000000000:OKDOT:OKMYTH
1t95Y2qKpYHCwuMbtmdDdWdadvhjkE3WL9d1fx1VznM92qt:12000000000000000000:OKDOT:OKMYTH
13ywUEkiZCNbBZootd36yqiGCHP5kUvavLdyGeuyv9M1gT74:12000000000000000000:OKDOT:OKMYTH
16STHxx86ASVYFx3t2KtBRGn3Xb23ppcdZbX4nzqfQ8Fj3k3:12000000000000000000:OKDOT:OKMYTH
14rg6X4hXQLxaz6f4jduqvhuFc3kHucewKtFQT8oYXgtTM2J:12000000000000000000:OKDOT:OKMYTH
14d5XmCa88UffqH9ZEpVd3V8g1Y2RWWHcH624HZJNBXBA3yQ:12000000000000000000:OKDOT:OKMYTH
12Bf8GCMebyKwqyZ13wxzeHuA4zi3KjFWfaRgVLcXtZvbGyB:12000000000000000000:OKDOT:OKMYTH
12y4b9WA9ahdHm7kTw1ejGkP7TDZT1vL6sBtVBsuM25w9VfW:12000000000000000000:OKDOT:OKMYTH
14qBqE4ThDaHMXwBRJ485Q1zdwEQzdaUkv4mLGz7uuxGg7HW:12000000000000000000:OKDOT:OKMYTH
1Hh3iD8qfA1sgi5tRxwLoeJmbtYmMyrpGk8Hiquv69Mu3iG:12000000000000000000:OKDOT:OKMYTH
1vmKWSN2N14AB5gKYVzqooMuHokofumz6Y2ETpnmVUnJdYf:12000000000000000000:OKDOT:OKMYTH
152kPMHosZ6yoh5QzRKEfvsQfXU3zKLDnvBnn4sfND5hrNug:12000000000000000000:OKDOT:OKMYTH
16ZP6JFNWHCfQrzTQnvjSkNP71JNgD7c2UVisBnnQjDVerjw:12000000000000000000:OKDOT:OKMYTH
12uikndXavAc4t3NmsVg1SKJVkgRGY8uDEzr7y5qWPU5r7xW:12000000000000000000:OKDOT:OKMYTH
14aVjQy5akeQXwkB1PDFjXintWGi7Xv8XW8K1wGEcaLZbawY:12000000000000000000:OKDOT:OKMYTH
16LSYUh4CntzThPwZwCXuCJ3WYeS2ou4L9yeZSnffy9nXnu9:12000000000000000000:OKDOT:OKMYTH
15QRpHRX3N3uPDtG4ihfn66NKoBz3HkPtLF3UUjCa9diPQnZ:12000000000000000000:OKDOT:OKMYTH
1cQ8EPgKxYu1baARbJVX7NkLcMDMmfLpp1jBpeLhA9mVMun:12000000000000000000:OKDOT:OKMYTH
14X8YyUuXEcMofiVYmSpCr6v5kwMXJeyZ6LUU3oZrEhD8J3Q:12000000000000000000:OKDOT:OKMYTH
14ScSfSvzMTtFatWDH5y4ieuCxBJzm26irFcNBUmLMex6cZ9:12000000000000000000:OKDOT:OKMYTH
1APkbkxAqcnqh4aKTaeyB5uybg24UinsuBKWJDqXWi1WgcB:12000000000000000000:OKDOT:OKMYTH
12co2vRWmWDjXcQygbTNLnLqdyUsGzX1qqpG7hNB7dQ8DxJQ:12000000000000000000:OKDOT:OKMYTH
157tqEvkN3tJ4emM3hwu8xBy83aTWDRU9ANHQvcpxs4UvfLG:12000000000000000000:OKDOT:OKMYTH
14M8tinCdisRKQmqE2Qmmt7VdXaRbSb6LM3vgnsKzdmzJbr9:12000000000000000000:OKDOT:OKMYTH
15EbRAb5DrcBhPXu1dPyKerKLSQ6AHYTukyi8dqXrNbwZdN1:12000000000000000000:OKDOT:OKMYTH
1324V6nugmzLavADQEV75bBJVhkP5oZfeZJVEiJ2Yz8oRLiv:12000000000000000000:OKDOT:OKMYTH
1wQY68EmrkZXKLsqtrpNMLSFmJiPW6LtmgWQdvNvVdmZZp3:12000000000000000000:OKDOT:OKMYTH
1xBNfvcNuaXeEzWFQZrNYBhopPEwkhNDX2xzBFq3q8uZ4WW:12000000000000000000:OKDOT:OKMYTH
14BHbh1ZWL5obfe8LjZUYHsPRUNG9zLy7B4pUsG7X5f5R9We:12000000000000000000:OKDOT:OKMYTH
15UNpL1etQyopDjMVfPcy9Y2PpzqA97myv4ssii8twqBnZCz:12000000000000000000:OKDOT:OKMYTH
14bPJraAM87WpAPwcp8gaKxTzRewbRWw2nGRRAKDQ5hu3KXL:12000000000000000000:OKDOT:OKMYTH
14Nv8jtbhXgCipoQwGk62bwPBL9psesv6Qph6f1v4L9ZjWhL:12000000000000000000:OKDOT:OKMYTH
15K3yFBhQnrz1wrnpSa9dUCXNvgzNEuXPM8oX18QFeHKVP6j:12000000000000000000:OKDOT:OKMYTH
13sw3tDt6EE5igytnbDPM4SqZRgT45BDM8oUQ2wTnnAgc43t:12000000000000000000:OKDOT:OKMYTH
124uitBVUPUj19WiZ5HnMhmetJKtkXaKYrJeaasQKRNHHKuB:12000000000000000000:OKDOT:OKMYTH
15VgMfj7kmt2mFHTudPUyaTHTUcfKNPFG2Uxitz3GaJU36Am:12000000000000000000:OKDOT:OKMYTH
164dPsk4M6LsKpd5v1JrVEzXpFkfxyJpt2iVNNnKfkJV3duZ:12000000000000000000:OKDOT:OKMYTH
13QwFP4SunTdfRo8drTRTdxKZv6geLFmiLHUbytmXbiSzHyG:12000000000000000000:OKDOT:OKMYTH
14owuauofHJ5WLErfHy96zJanrhGAxwStdVCMqiqQWxzKMm7:12000000000000000000:OKDOT:OKMYTH
13Y8vovGxkrj86r6FhKpNKS4Lh9LGHKGUdzAzwdF76fDgUgw:12000000000000000000:OKDOT:OKMYTH
16MZ4iTfGjXwajeWJXkCHf6tXscrbAWzSkBwUY7FdQV7mi3P:12000000000000000000:OKDOT:OKMYTH
12DHTAG99itEEGnLyqMhp2HrpyoAnFeuHAPWUpwkwRGT2Ffq:12000000000000000000:OKDOT:OKMYTH
13gNmEyWvgxQLCAmgG7Zzw1tmWSsGKTwHqqYkFs7YNFBCk1e:12000000000000000000:OKDOT:OKMYTH
13ACEGgVTpcz4RVKue1ZbQQgj9LqeB3p2rEd9yrVgFhCanUL:12000000000000000000:OKDOT:OKMYTH
142gvdxop1Q2xbiByiHVLsTiWUNn9vcKp9tmGXx9ww5tVSeP:12000000000000000000:OKDOT:OKMYTH
14FsNBZoBFAF749mxQV5U8dq9guEeCc7nsrpX37AuML3ppQ1:12000000000000000000:OKDOT:OKMYTH
12FXarvcG8vShLSsCy5H5mY5aPbj7pjTzWKqu3YkWCCc3H6a:12000000000000000000:OKDOT:OKMYTH
15KPCv7SKMPYB1eFHjmLaf2x4uerJshzgC9gUaazPRyiT8JL:12000000000000000000:OKDOT:OKMYTH
12frTKPUMuXc8Y2ssxmntVyZ2TZ4UN7mKrj6KQx1iHyJaXz1:12000000000000000000:OKDOT:OKMYTH
15K7hHNgQBkiEoxLNTxneZnk7AMeHY1ztBsB4MXrN7y9hDG2:12000000000000000000:OKDOT:OKMYTH
12imQbAJFKtBCkSVufpYkhbHj6SRWUSDDf5GnLtHypiqvLHD:12000000000000000000:OKDOT:OKMYTH
1yixohZJQxDY6KzXMRZKB1Qdqn4GbSBquKZQxbhTVwwnUkh:12000000000000000000:OKDOT:OKMYTH
14PGsjjxXCoKoQ2rGJLHfSK4m38FQ72Uq7reHijmpRWdpHwG:12000000000000000000:OKDOT:OKMYTH
12Zhunk7tQ2bYrqhTancPUgxwe2KfEbJEF4Re3DtVXNQ68wp:12000000000000000000:OKDOT:OKMYTH
16iACcKQutaBL1sbY8uQGvKfqAJamotzHAWXYuQc5oQTWEMb:12000000000000000000:OKDOT:OKMYTH
14ND63qUbtTVboVJEXY3ff4ymaWpWK1LwWgusCXcMJiWmjW8:12000000000000000000:OKDOT:OKMYTH
15PkPLe3bXKqD24CARRfEVr2e4beZvCUTDDVjetfw2nsomRh:12000000000000000000:OKDOT:OKMYTH
15SHpbRigR3k3pEaWCGqr8ZBxbhAJ1bpF8sWU51EjLBMF4V1:12000000000000000000:OKDOT:OKMYTH
12yezLTju5MaFLZoyuppE7d1YKbuVv3N5NMWFN2f4VvrPa2W:12000000000000000000:OKDOT:OKMYTH
14Kaof9rTZkuUBP6gBJfz67SSKUhpqtaGJBxdXSwCRuSYGzq:12000000000000000000:OKDOT:OKMYTH
15Mt3RiYNf3osbY71FNQ4zrv7mGNanDCDXNWyiDZiNFbubXn:12000000000000000000:OKDOT:OKMYTH
13jpfuf47gWVuqdEaXrRCud1CYnYux6adYH4L7RaGj31FGk1:12000000000000000000:OKDOT:OKMYTH
1tXN1q98XCZByR1HJ6hVvkenxXobmrimGtjWWcweCBFpgFd:12000000000000000000:OKDOT:OKMYTH
12KW6C2E3r7Q6wi4qhcJ1gDw6SQSz1W8rZJS2yZmhhkdT8Ne:12000000000000000000:OKDOT:OKMYTH
151sFXJKTX99dnJdVDk8idTp52BW9Y1nHaM81T5v1X3iBSzg:12000000000000000000:OKDOT:OKMYTH
13UJjFKrek5NQZCgjHqttYqH5QXzPUCajNYzUwKzDzaHjNon:12000000000000000000:OKDOT:OKMYTH
1jrhcpTETsCNRgTxq72Poee8mPrqd8pGVrCXSJBkoJ5WM8R:12000000000000000000:OKDOT:OKMYTH
164vg3TXb5zw2wD7KryjaC6uEfedJuDsJmsrSs4BPT1RqX1A:12000000000000000000:OKDOT:OKMYTH
16BG8HiWjcDiUi8eXcu4EVWjbYzWHxEFXfi67wFVP9xPraCV:12000000000000000000:OKDOT:OKMYTH
16cSFpAVfSzheSCkJpAV4nfZGHyZrs2GyQbLg2dsDgM3LWTV:12000000000000000000:OKDOT:OKMYTH
15ipKUbgbWNpQ5z9X7BuRgf9EAXJXPKAtna7djBZVfdP891Q:12000000000000000000:OKDOT:OKMYTH
1M4WRcmVpkE7wZa6s8GQKtRCtjruJCzTP4a4Ftj19nKo9Nv:12000000000000000000:OKDOT:OKMYTH
16df4PCWeoMUsTqXyraLNrUTESt8ubuTbMxNgERvjQLt2SVw:12000000000000000000:OKDOT:OKMYTH
1uv4XrioHckLNx7NtqRB6LL5EiRgnXkCeJs2ZiRWiSqQ26s:12000000000000000000:OKDOT:OKMYTH
131m9MRi1XTC1smF2m2Z75mh7hF59YdgsTv9mKtkDqCr4eBa:12000000000000000000:OKDOT:OKMYTH
15C86Qez6RZoWYBbyRPZV8kEn42Ttqn8MNcLV8FKg1pjbY9v:12000000000000000000:OKDOT:OKMYTH
14szgaBusM35asyBx7HnmXWX8GGFQMzrRdugLpPSf5tSeveX:12000000000000000000:OKDOT:OKMYTH
15fpaHq8v7KoSs1PgK6as24KE9tLWh2QLe8qAmSgbnXxxq5x:12000000000000000000:OKDOT:OKMYTH
1YZhwnJEaCKNisXfKDQyShKCKUTX2qkPfWDQAqs8uVGcnzQ:12000000000000000000:OKDOT:OKMYTH
15B6F8htkAE7F7UbjDpJr2D3x3teD1k9yxf4Y2SDYBAtNccd:12000000000000000000:OKDOT:OKMYTH
132k3p4DyLnjx785b3hR8eiPyKjKFW84tFed64ExMnEohBB1:12000000000000000000:OKDOT:OKMYTH
13Py4v8djqzr8kYHT1ug22KgWfD27gbyEEqfFh8RiTRgSthc:12000000000000000000:OKDOT:OKMYTH
13mch3a2UgkDDqQuzwvt5WenZazoyh3gccTixyHvAcELDr3n:12000000000000000000:OKDOT:OKMYTH
13oo4bdpcFQfddDbhH3KWNbUvuZa2fDzw9AuoXzs16EKshhV:12000000000000000000:OKDOT:OKMYTH
1EL6bPxTeG3MiHTQrkx3qw9nthHP4bppkwDhCgKhd7MMsVS:12000000000000000000:OKDOT:OKMYTH
15U1zRsfxJXGjecn2KC1zWubHX856iyGxAH7PBD7H1HXFcYw:12000000000000000000:OKDOT:OKMYTH
14e1sBtCGFDFyRD9HprJ591ukJ2WCdw4qs6nxqRzsyECcja:12000000000000000000:OKDOT:OKMYTH
12YNDDA9dsrC5zPNCC6GzPFVekWotgtx5zoz1KmjFu92gh1m:12000000000000000000:OKDOT:OKMYTH
1SnbSmLw52Kr8ZPqX8XA6tbT89ncmX3Hh7pBC1VzdohNC5Y:12000000000000000000:OKDOT:OKMYTH
15PezvrVBKQfWNqjA72SzULfBmkyn4PvwqKK2RE2jmhmYzMC:12000000000000000000:OKDOT:OKMYTH
16YxG4o3TTUJ8wXhZ6bx81SFngNjCzyhTd1evV8k1KrokRsp:12000000000000000000:OKDOT:OKMYTH
15rg7YKYw2ZBg3cMExkcw8j9deWftgg3T8KUuctwqC75N26i:12000000000000000000:OKDOT:OKMYTH
151UbDBLQLigfXe9ZWmHTYLd25unPbzfktzKpkJFEM7BBbD8:12000000000000000000:OKDOT:OKMYTH
12thjhUrNhchafUfrhdS6CQ5adbE7GAeoghRYhv7iUhnq2QA:12000000000000000000:OKDOT:OKMYTH
15QHGxPUR1N75Kmoerx22ZhLED1vq5hjUekED7JsCSCzkMAx:12000000000000000000:OKDOT:OKMYTH
13zibJfzsoz5oym1pLC2S3nMaok6gSzDD2pdUL2RAPNMmn5y:12000000000000000000:OKDOT:OKMYTH
15xrsQ2zZ96eRsTT88rj9akBq8bW5NEhEzi4DC8TrRqSvp2o:12000000000000000000:OKDOT:OKMYTH
14BSgRuMYaDyaKwuwqUbap6nRcjdAjeJ5uqB6zSo5RfwUYBD:12000000000000000000:OKDOT:OKMYTH
12ywDUCxDkpKkvmrhjxxxQfBt6ALgavJ5yUDSP1LorN6mpLD:12000000000000000000:OKDOT:OKMYTH
13DkQ7sc55ZqbVcbtL2Q3DnqtcSALZbYHD2XVfSu99jhwkzr:12000000000000000000:OKDOT:OKMYTH
15eQfyc36PqXyzZ9dpBJiqTEwuo99K35aQrwWJbY3NvCeXox:12000000000000000000:OKDOT:OKMYTH
14FegL9gr6F5ZbifW47H3me4fJks56TYiXtVtnXaASp68Mkq:12000000000000000000:OKDOT:OKMYTH
166Xfa8jiyNoBW6C7dpMfY6GhAwiv1J6Gao3ZhnsfF6oVp8o:12000000000000000000:OKDOT:OKMYTH
15KYtJkDevQDjCXBoUBdUaEeShxCWF5qdUy8aLAKpgaAZ7Hk:12000000000000000000:OKDOT:OKMYTH
16Ju5REKPdh7HF4qayFHkKc2Av3Lt5TQc7FCodWPm8YBDzR7:12000000000000000000:OKDOT:OKMYTH
1QW4Kan2aCLqCsDxdMEqHUFjYfby5toujyETEE3MAUazHES:12000000000000000000:OKDOT:OKMYTH
13SqV24cfG5g9JKdMVFDHuRabJtDF9NaX21hmM9P3dD8mFt9:12000000000000000000:OKDOT:OKMYTH
12i4NG9Pm1CYTVdXajW4xcjqZ9Hx9JunyA79wcTt5r4A48iH:12000000000000000000:OKDOT:OKMYTH
1RSBUUYfXMjoMvSppADGiP1TaKbURvyWHnuQFbWKSsfkiBs:12000000000000000000:OKDOT:OKMYTH
132ZisgCziCJQxnMCLwnuTHbEP2v6EGeGaynwbBewx4fiAu:12000000000000000000:OKDOT:OKMYTH
12TeThoh1qbZ6rZDzPkXtAsnCuq1rS18TW6immttf2VGAvSC:12000000000000000000:OKDOT:OKMYTH
13cu6fv3SkU7UMfXvHupqswma952gfLqkSogoWZThZQria9u:12000000000000000000:OKDOT:OKMYTH
15uYwR3LUYqR6FUjGyueUJUX5a33kYEiKQbvSx1rTKDQ2nn3:12000000000000000000:OKDOT:OKMYTH
13FhvWzizw15jNwGhGQ65PK48rpy28wH2bDRmJYDMBffA2nF:12000000000000000000:OKDOT:OKMYTH
16DtA5X2iHhRBzL7HFjoeB5L7qDp3yFzBDoPuAGB8s5Z85Q9:12000000000000000000:OKDOT:OKMYTH
15EVscG5e3aCGBUSMQCUKXvekGxPKsJUQWf6T8TKaviv9cZY:12000000000000000000:OKDOT:OKMYTH
14K2GjENU1rDSkUTHb5ekfNSwDcn3pmkBMQ5B37mrZyXBwUJ:12000000000000000000:OKDOT:OKMYTH
14CAbJEjaNQMHUaxvi1hhEwaGrpwAr26tcKGtf62sy51JUJ1:12000000000000000000:OKDOT:OKMYTH
16GHAweMV2T5ivUjFu6gB1j5dTEjNsQ9dRiNQvtDZh9iESYq:12000000000000000000:OKDOT:OKMYTH
129dNt4k99yx4UmoV235dM587std3bJH84gP88FsYBxoh6sz:12000000000000000000:OKDOT:OKMYTH
1f6suY1Z2o8CsBzGty8s7CUpwew7bcPUuLUQGfDNWS7fSGM:12000000000000000000:OKDOT:OKMYTH
146FCBFBq44zpb32PuWsc3rLz2kSRwCpETx1mk5kovSwc4Gk:12000000000000000000:OKDOT:OKMYTH
14DRSqQdsNmaN2hEBwAck9CtY4q3iVGy4rcNZ7N3iZ2yN74G:12000000000000000000:OKDOT:OKMYTH
14v1fPmvLJMKHmYUBN6o333PSLWcE6t3gb4m5S1ErnHcmJf7:12000000000000000000:OKDOT:OKMYTH
1aKawUMWCaL6Vomzt2DDCMmLacTPVcRMbAyo4nmJbsipPfm:12000000000000000000:OKDOT:OKMYTH
13NCLd3foNpsv1huPDzvvfyKh37NEEkGFotZnP52CTR98YFJ:236000000000000000000:OKDOT:OKMYTH
