1Ns5JYQqrfavEzQ4U4SSwEsN8VkcdZTsPThT5JEsTRcRRLL:12000000000000000000:OKDOT:CHECKMYTH
129YzmWqtE8nV5nJhohnwzGP5c6kpQzXkJxW5Cg3mx6YauZ4:12000000000000000000:OKDOT:CHECKMYTH
14vwxaJ8KivvnwcbwALoHJyfZDXU7fL6d9VhQFJyayPR3AFT:12000000000000000000:OKDOT:CHECKMYTH
16Kk8KDnjDR3tq7ubXedC1VN2BdnzaFyYHH6JchN5JW9aBm2:12000000000000000000:OKDOT:CHECKMYTH
1jWzEsWk2nP1rpWMaV6LsjyHqtZm7PK23LNE6nak1N6Z2Ld:12000000000000000000:OKDOT:CHECKMYTH
14AWxm7uBRNKFhAipKzu8tz4pN9YM19KcVYTTT2v5s89p43D:12000000000000000000:OKDOT:CHECKMYTH
15hLZcD5M6aGPraELBCtr4wSES2Rmd7U3hpim1r5JvfpPwob:12000000000000000000:OKDOT:CHECKMYTH
19w4j3H2dLUAzvthY7xV3MKVYuC9SJNg6dumyz2zr7V67WV:12000000000000000000:OKDOT:CHECKMYTH
16Zc5YsDawQhsY7UaKcbV3yHwKggCQSRuN7CpBjieZtieKLJ:12000000000000000000:OKDOT:CHECKMYTH
15MuXVYmDAy7DrF8ca95A7k4dykcYpzd6esbP8jEYUidAGmR:12000000000000000000:OKDOT:CHECKMYTH
14kx6jskApJP4rgfPSq34AxoqduCTMLRozdDtvmHWi8r5sZH:12000000000000000000:OKDOT:CHECKMYTH
15Wd2ZFdxJ9gJ5zi2kT1knG7KTJM7hYoFm7UmBuJSJ7wZtn7:12000000000000000000:OKDOT:CHECKMYTH
156dWx23DVqzkk75DJSjqc6VT3UhvmydxfEnZB3jSTZykgtw:12000000000000000000:OKDOT:CHECKMYTH
139t6prnZH87jQ6DB7AVbPWXkZiHwU2fUH9rnL2gavZR7R1C:12000000000000000000:OKDOT:CHECKMYTH
1RMfvZwJcuvXS6gyN9cU5D4NYDudA5K1FR5raN1FuNZZANh:12000000000000000000:OKDOT:CHECKMYTH
14vJNvBLEVZxGUNqpezhpnwx86pUE86rWSNVh44XAecfCZ5J:12000000000000000000:OKDOT:CHECKMYTH
14Zv4wVkD3G8f1uVi3WEuCJSst1Cbgm2TaMJavPZ7uNgEoCq:12000000000000000000:OKDOT:CHECKMYTH
1vjRWHwXTRpBNBVCpA9Y7ueLFuXcukD31tG3FoHix6p8ddA:12000000000000000000:OKDOT:CHECKMYTH
12K9GtRiie9AcK8UoZ7CgYnv5n4A6EFJ61VtJ2wAJ7njdrv:12000000000000000000:OKDOT:CHECKMYTH
15yfUAp5Qch1Gis5JevCtSfjgwgQuzj7RpJWUayR9TK8tbCd:12000000000000000000:OKDOT:CHECKMYTH
155fdpchERWmNFEGsMPrz5fo98YitEu7shM3ViHxgCCuj1ay:12000000000000000000:OKDOT:CHECKMYTH
169H5JynRPsCnryLuRN4EdkrPMBHNos253oQ5cftEri8SnPB:12000000000000000000:OKDOT:CHECKMYTH
1JptySNb1dxjhLvs7zMXtZa5EpN4DNatU7FN2jcfT197T1a:12000000000000000000:OKDOT:CHECKMYTH
142iH65JHJHuSDZP29T1J1j2RewhTwkGBMjyvGyxYJZnXLCk:12000000000000000000:NEEDED:CHECKMYTH
15VmDcoK4evfznDcnKft74o95C3RXF5dodoMLVa3XYUqTWKS:12000000000000000000:OKDOT:CHECKMYTH
16FrCF5bm64pAtP8bKJMbSkLfGeJnUmMc3NhhC3aWFwy5jDR:12000000000000000000:OKDOT:CHECKMYTH
15aFhmHG2sHZi5hiicjufDKMWzg5qDRbmeB2H4p71WNfViw:12000000000000000000:OKDOT:CHECKMYTH
12pgPaoQfBtzjECSFoc5Kgk3TYVdWN8Kjp8oA9xbJTJpXhGC:12000000000000000000:OKDOT:CHECKMYTH
13K48Z8MBt1auPC7YVyU5ut6fv3uYrqRFjvMh7v2Fbe7sToM:12000000000000000000:OKDOT:CHECKMYTH
13GEW2HHvBATgxzjWQG9EApWnFS4zaREYFrvddmwQZsPc8aC:12000000000000000000:OKDOT:CHECKMYTH
16V6dtYRCVwkpSak6rq45hwg8yw38tVuVMbnyBYytH6Fz7mN:12000000000000000000:OKDOT:CHECKMYTH
14yf4As9A8S1vUQJsoXimkFxrErfamukDs8eWw4ePU6BNJLB:12000000000000000000:OKDOT:CHECKMYTH
149j1ASiMA4rxnKN2ed9SMs28mWbHzmdvBi9RZk15dBfREfg:12000000000000000000:OKDOT:CHECKMYTH
13SvXqqmDE8ZDH8gHJw38tFa2MZ7aFZ8bxKsXQbBPBZCRJoc:12000000000000000000:OKDOT:CHECKMYTH
14kUkAT3sN3ebxLoFzCZD7VHiQTQcknYnW7PM5jZGWxufrQV:12000000000000000000:OKDOT:CHECKMYTH
12zrR8norYiZTjrd45QW5jcZJKJwoL1fSKVhvto8YtspaMTd:12000000000000000000:OKDOT:CHECKMYTH
14Z7ssVYPfCySTkpLXuSM4YBErTNP2FTQMZESVq7wfEBwUPD:12000000000000000000:OKDOT:CHECKMYTH
1YoQ5T2P5XD9HUcBXVzhA57KTy6sX1WbF3hB76XS2dCnqfi:12000000000000000000:OKDOT:CHECKMYTH
13r6435J7n5Az4GMeDmbmZX9528vHu4drBMggd3f5QNzBSwz:12000000000000000000:OKDOT:CHECKMYTH
12jv22BT2qAK23xTXEXp4WG6RNSrrd95AfDgoTpU3w9W4tbg:12000000000000000000:OKDOT:CHECKMYTH
15sM4ELmpZ964jzsfybWUjgf7d6QB8xXHjETAhMLv5uyCg4N:12000000000000000000:OKDOT:CHECKMYTH
1p2zWoNXaQ9cv8twqoFTv1tabTa2Rvzri6yH6bE49JRaje6:12000000000000000000:OKDOT:CHECKMYTH
1NMNq2uv6ZCs895zacwhfiL59eyoijsJce5SgyvUJg3QPse:12000000000000000000:OKDOT:CHECKMYTH
12dcdE9rCjXhCTwBBVFjDvwto4qst2W7tHmuyfVq7HBjxQP5:12000000000000000000:OKDOT:CHECKMYTH
15QwqjBU3uv1XqzC9JEyUsmjtzWfmwU8XQhCoFhbNk9mo3Bo:12000000000000000000:OKDOT:CHECKMYTH
12zNQqwXf1dWnkVxywSenU7CtzYA8BYkLJLe36RHEb3pBX3o:12000000000000000000:OKDOT:CHECKMYTH
14PyTdDcYSXDoW7Szy8vBeGQtPrjtrHAfpDRqsw9xZRJ4hCL:12000000000000000000:OKDOT:CHECKMYTH
1UFjLFT1etktrp58hrgVQpsPiinRWN4xJwiWAoNMjE68Y54:12000000000000000000:OKDOT:CHECKMYTH
14ZgVDmQLvicNr5kJmbA9PZ4oXXW22ifJguJ1z78QnggNKjr:12000000000000000000:OKDOT:CHECKMYTH
16JgSEJWVLgqMcjQrHQzQKa754pn7VnQoKHJiXhh9LRLyUVT:12000000000000000000:OKDOT:CHECKMYTH
14FhoR685MMmCKa4TQL4mTMpLB2VHdeLWTa5jU5RSzagwLiB:12000000000000000000:OKDOT:CHECKMYTH
1cwRE46E5fSkH56TVTfng4XivN5KDLyTJSngZDmtxbBUHRi:12000000000000000000:OKDOT:CHECKMYTH
134t4iB5mhWCcGM7auCZfcicwh9bccy9Uu7tYj6VphQ3VMTs:12000000000000000000:OKDOT:CHECKMYTH
145uL5Fu9Degy1YWK9tbLkiNSeokDQPT4sYWM2ZKTwG4zHmc:12000000000000000000:OKDOT:CHECKMYTH
12p7tZFGb2VUeik33WVoaigdSe7k2tDhux1AUDBXiDRVk5hD:12000000000000000000:OKDOT:CHECKMYTH
16hssaWtRjJ9fR7AYWKD7Pkt5MzaJDKBzXd7DdavfecMvKaz:12000000000000000000:OKDOT:CHECKMYTH
14J2e1RuU1cFakMY1bFEYmXKKfPGwEvabWjEW9UJWHqpaCuk:12000000000000000000:OKDOT:CHECKMYTH
14bDZ4E1maNfG4fkyFyEr7urctPzEsmuiyNnqBVbX7KVesDq:12000000000000000000:OKDOT:CHECKMYTH
1h1DqgMFRFa53SBn3XTnwAwiS3V5fNqa8R9hAVW4Kem7i27:12000000000000000000:OKDOT:CHECKMYTH
18R2Duq2YLNRccMXPbrmEGD2WE7fijRhb9J1cNYAQmwbCY8:12000000000000000000:OKDOT:CHECKMYTH
12dYtujgmPUKLTJgKe3nngZhMYxgQYR7PKvZz1Fg6JjEVcsT:12000000000000000000:OKDOT:CHECKMYTH
13Mq6iH1ynatCD1pdE36QtgVUEyBgVf9jFzp2VMUk7DcnTHS:12000000000000000000:OKDOT:CHECKMYTH
146PhMkHvRkAc4SKsxiDku9YyeHeutTo3qYbuQyipA2zEDdQ:12000000000000000000:OKDOT:CHECKMYTH
13cvHJYw4AVTP645VfwKpx3u2NcHt25u9E4A4QGaWLwTp1xh:12000000000000000000:OKDOT:CHECKMYTH
15m8w3CyteT9vbbSFvRrVKQGxcjyU6UE3Jd6CxS7cm7NnGTL:12000000000000000000:OKDOT:CHECKMYTH
14Dy378n9AqTcPWveUZ8yfauL2oFhirbJw6xukryQpCnqArA:12000000000000000000:OKDOT:CHECKMYTH
147HPhjQLruSi6LLvEQ5r6sexDTqQaMXXC5LmdYPdfy8ny1q:12000000000000000000:OKDOT:CHECKMYTH
15uSzXoDVyaybJAKB6SzBxvv5rAP1V9uFnQCPKfPXaF3VNoY:12000000000000000000:OKDOT:CHECKMYTH
15x5Hm53dqtgDaXjFLEEBytEspVNDoRULFMHuSjQSWj17dcL:12000000000000000000:OKDOT:CHECKMYTH
13iVe6Tq98jhwRF27DLc3Vf4AgcnjUZ7mn9Dz9pHPRu1bVFm:12000000000000000000:OKDOT:CHECKMYTH
1J6Z6nVFDxXNeKuoWMZK1Ek1G5Pp2GpwTnRmAF4SiXTjscs:12000000000000000000:OKDOT:CHECKMYTH
12dkJJKqNMHwKpaFXb1tSBp5yJSdCyaPTF74CUBkDAqc4ZG8:12000000000000000000:OKDOT:CHECKMYTH
1jQQyYQfykm3Nrp6oCTa2yYoqMaSuYgsbuNCNVjLx5h7qgJ:12000000000000000000:OKDOT:CHECKMYTH
14mCm1xhhQzRsRi7Uk47LMyiFghuvn3kLzRi1fDwubsWVgha:12000000000000000000:OKDOT:CHECKMYTH
15UPXQiTjD4EEa6LB6aCjHoW2zRmBvWxLvtcAKcnzY2uaxC7:12000000000000000000:OKDOT:CHECKMYTH
12xZRkQ6TEza2LZ4XPQNpTR6deoPMCF12HX6SbK79vtk8ceu:12000000000000000000:OKDOT:CHECKMYTH
15bq9QuPdwf1iEzBeVCTfzAs53ErfavfcsMYizDkVQ1FLZAo:12000000000000000000:OKDOT:CHECKMYTH
14MKWt9G3swJKUQxf1kPUuMG2LAXTefMXzfuuMNu9wywegxk:12000000000000000000:OKDOT:CHECKMYTH
167wDp5LYdcfz6Kav5N3YgZsjBtzp2dsBK1rSMEHpVGxMPwX:12000000000000000000:OKDOT:CHECKMYTH
12d55K3N3Ut7sdWKsVL7Ah1apfFZTpf1xCD3VZtpo1ypMqWV:12000000000000000000:OKDOT:CHECKMYTH
14jdMpPNzLrUrZP6cwawthMi6XEQytrVsTG7kse4ao4LRN5H:12000000000000000000:OKDOT:CHECKMYTH
12V17GaU99jNMv1EH7NiKDkp4T3STXr5oGm1qUqwg43W2MjW:12000000000000000000:OKDOT:CHECKMYTH
1G7p4pENhjxAdLA5utbmRNGAQ7urvZSXSfRweESyzbWA8oE:12000000000000000000:OKDOT:CHECKMYTH
15CsAyC1iDZ4tvZtZ6vHYbXx1MHEJXogHknU2Xi6fNEamhGv:12000000000000000000:OKDOT:CHECKMYTH
15rpB2F9RfntjcNjiyX9RiHmntzx7YUPXLZ9fSh8sPs6ot45:12000000000000000000:OKDOT:CHECKMYTH
163pcUrirL6DHuuZsFcmAaUt73dEvVPD73PDw4EjA1zhY79y:12000000000000000000:OKDOT:CHECKMYTH
12Yrd3AijDkhFXMLE9GbEW9MJ31GXHZm1EEc4Mx29pZpkqES:12000000000000000000:OKDOT:CHECKMYTH
1gV3trGjHM4Ku7K81Akub9dmFSSqGrfq4hPDtmZHAPsxZi3:12000000000000000000:OKDOT:CHECKMYTH
15E4y8JDzVtnTQYKvtWma9CCjNVoGdSwyhiLLzDEQgEWzhAs:12000000000000000000:OKDOT:CHECKMYTH
15jgHhdgG1B31Lf48pri88vKSX1oaxWfsoUp7A3PQZyv5hsQ:12000000000000000000:OKDOT:CHECKMYTH
15ooUkDAymyXngAsxaUCH9tzMJcc7Das2w8CeD36UkuyCr93:12000000000000000000:OKDOT:CHECKMYTH
12v5916LnAhpFnYcHfobNrWLCP6km9wkQ6Uf1CZWkVkTNqkb:12000000000000000000:OKDOT:CHECKMYTH
1ruWAhMKLTWVaBSUzz1MnvEQyJA8vPKJLvwsvoj2tGRwWmb:12000000000000000000:OKDOT:CHECKMYTH
15zwJCmsKNF3qeGBVXRZyN4W1UHHVZBVEL2XDQkpKvpiT6a1:12000000000000000000:OKDOT:CHECKMYTH
15kXzxCoymvV9x9MjWPeMWkCYWZYQKweaUR9CDMftspfc6HJ:12000000000000000000:OKDOT:CHECKMYTH
14HBGp6B7QCpiT9JPcjusEfhfHnbHPnx2GcALeaJ4EpLjHFL:12000000000000000000:OKDOT:CHECKMYTH
13QeXLHQ9whq9mxHFsoWGAh2xPFgkAPXK7J1NsmjKz3YWSxt:12000000000000000000:OKDOT:CHECKMYTH
15aQmsdQyhocFYE9sxzoXC5ypbqXxFFswS2dFwPnVnc1TNsy:12000000000000000000:OKDOT:CHECKMYTH
15VDkwWgt2kZw6doa3C7qzmfFzDobeaxcgudVDnJJCHpZZ7M:12000000000000000000:OKDOT:CHECKMYTH
12NwMtZk97JNVZ9QqQHSoTU1YsxBehRkqwVkabDcRpHpVnXu:12000000000000000000:OKDOT:CHECKMYTH
13oTvKSi4zrV9ZDPwbAv7qcPLdqedKoVGASbeZLpH3HoqRLE:12000000000000000000:OKDOT:CHECKMYTH
1NvbDMsEBcEkbu8qiB5aMCGgndNMPzDXptqzeHhoq1o3DXJ:12000000000000000000:OKDOT:CHECKMYTH
13rLXSQrnsrDfYphP11wGbStvUX2zYpWnU8DjuQwoc6NiMXQ:12000000000000000000:OKDOT:CHECKMYTH
1kk9ucEXc13kUwukJrvsyf3xLnpn6vm79APZzpFvq2GXKvj:12000000000000000000:OKDOT:CHECKMYTH
15hsygM5Ggj45HZMGAQ1K6UfUi7gctP1Zq1ug5MfHRBrMea8:12000000000000000000:OKDOT:CHECKMYTH
13Fh3KGzNsjU7y8YoxZo6eBov5tZgY71VyBz6HwEDsSV5ZWc:12000000000000000000:OKDOT:CHECKMYTH
16bMffBdYQ6qi5eP7ER9RnCp6gDLKHGLS2QJ2saJBVpVZkeZ:12000000000000000000:OKDOT:CHECKMYTH
13EsHjcW1HPUzaLzr8E5K5L3n4k5hTGApZNXy15TpSLVGret:12000000000000000000:NEEDED:CHECKMYTH
12N5M13U8DvBYGYJ767pMrCdqvobbvxMqbCEurW2Yobpkerw:12000000000000000000:OKDOT:CHECKMYTH
15xhFND72Csks3RRqb5yR3mmHZxLpHxSyG4yxTfQ62XPqBfx:12000000000000000000:OKDOT:CHECKMYTH
14YFp3Y7Yn2bQPmVpRBvSF1vAcHFiAPfso36QNJWFCvSesQC:12000000000000000000:OKDOT:CHECKMYTH
16Drqz9MiXzhxYMzQHmTLJofNA2SNdvmvy3CimGMQ9R2Zpno:12000000000000000000:OKDOT:CHECKMYTH
13zSZYyDFvPGTn92AX28Q2TnQDv2CLzjw2GnnvG75yEmkyLc:12000000000000000000:OKDOT:CHECKMYTH
12aG4yrodxq3VNwUS7pD97aiMLrhNtMaeyWL7ge5kkrS5HmC:12000000000000000000:OKDOT:CHECKMYTH
15ALLpyS1dLcsfyAJaucnUCq6S4Htd1u6TBR6vJRLBDFbmDH:12000000000000000000:OKDOT:CHECKMYTH
15Q1TxABhsXcduYJ2FBXs4U7u12tLYjPqQfGMyhb6kTUG97p:12000000000000000000:OKDOT:CHECKMYTH
13FKdSqTXXbCBzvPPEijsQwTqG1Eppa3q7ubgi37LS5vKyHT:12000000000000000000:OKDOT:CHECKMYTH
1N7cP3FVPqhpwjcoAgxj8PK4FpWupzzUv8rwAsQ4ej8FKFT:12000000000000000000:OKDOT:CHECKMYTH
1pp89RWdP7H2aNZAPX1k799F8e4VmrQJLNmicRn2WVv5Lv4:12000000000000000000:OKDOT:CHECKMYTH
124fKbCZ9j1qD3wDHpkx6SHELWQbfqsyZ1Rw7XVnZdyKYA8T:12000000000000000000:OKDOT:CHECKMYTH
14hcT6Z5AjmuHwLLAPjozWRi9a1ee7V6XzAZ9ogk69b7BxDU:12000000000000000000:OKDOT:CHECKMYTH
14qs8X4MLeVoG3MiadVm6RjgzW83iwjw3S4S78RsBS2igyX:12000000000000000000:OKDOT:CHECKMYTH
148wp6maut6jWyDGUchWC6MYXxDUzkSsswJyWUWLQ4U7po3N:12000000000000000000:OKDOT:CHECKMYTH
12qQyMvpsA2cAHfq49CccoZsb8NJFaLgEP4Bq1iQkQ2VAab5:12000000000000000000:OKDOT:CHECKMYTH
14vMKaj7DoGjzRWoFAatWzteWVJdyZZHu3ey3Spnda5L1LaU:12000000000000000000:OKDOT:CHECKMYTH
13Zbt98Bh185gFcrs8eJUCQaxwQxhSZtdMvGcfBiR8FCAUAA:12000000000000000000:OKDOT:CHECKMYTH
1k2MhK1fAWhtNchT1xa5p7QGa7aqgUr2TaVUmPvBXpXbTU1:12000000000000000000:OKDOT:CHECKMYTH
14QGU2t7qVCzmNT43BAiYncXdMWodwBQgJHwRgnXiNT3FDSM:12000000000000000000:OKDOT:CHECKMYTH
1d2JUVwoVrTbHnVWZM8reWhzZooyWSAAH5wmCWAzL8LszUc:12000000000000000000:OKDOT:CHECKMYTH
1536apWwMccsAuvXyY5Z7mtcLYNGKX84TAbjvMk2ggWUQsa6:12000000000000000000:OKDOT:CHECKMYTH
12vXy1eXuBepby6vU8EBw7AWWZuBNp33gCm9Sa6oDhQgLFXJ:12000000000000000000:OKDOT:CHECKMYTH
1rgvNiQoJ98D8vZgVuz8WCTet6DofJ4DvSJjwfmwHC5r5bg:12000000000000000000:OKDOT:CHECKMYTH
158eTVqk6ubwZU296iF5HBPshM4yGQiDPa4kWx5DumtFNVvn:12000000000000000000:OKDOT:CHECKMYTH
15xARLsr7MzuN4DRxBSnFCgR2CANGzkjTkjLBrEHQRaGU3sj:12000000000000000000:OKDOT:CHECKMYTH
16iBunqtLNLSamdn362932VMMFFWAHqsZAqGqddSxUngyTZQ:12000000000000000000:OKDOT:CHECKMYTH
16LiMPCe9SJKSXgPaioaGxkSNAwULAosk1b9UPcQRVWdgbGw:12000000000000000000:OKDOT:CHECKMYTH
16RnrRhsGiLLAg3Ca9reh887Rqdfk9HkwV7VcSCJHGV9XGGK:12000000000000000000:OKDOT:CHECKMYTH
144YsqktDgxvEbRybDCkVjg4VhcPv2F6gAUPfSX4zPUHEmp6:12000000000000000000:OKDOT:CHECKMYTH
133nL8g6fiL7DrFWSBixCAYT3P9K2d8w1q2NpLZNa7aBYnXo:12000000000000000000:OKDOT:CHECKMYTH
13N3Rjndpkn2CirkYP3V3G7f82nKSLuYTnyd2mktnoPVghsS:12000000000000000000:OKDOT:CHECKMYTH
122EAFriXTke41aQ1HUREVjjJbJgX2VQf2n7Wysc7MmHmtmS:12000000000000000000:OKDOT:CHECKMYTH
153KxzLWcBDRBek4cPqt3ZriAuK7bfXqjj4sSJPwLuzrrQSr:12000000000000000000:OKDOT:CHECKMYTH
13HSJM2724KMuQ3P3BKnQtYJc4S65b611BdNpxR7x5HzgbYU:12000000000000000000:NEEDED:CHECKMYTH
132ftGz7XRqL5Nsx17ydJ71t4Tpm1E571XaSmYwnfYPyPxa8:12000000000000000000:OKDOT:CHECKMYTH
12jjLFqoSQESBqU9DTEh4uv9xTDQz5b5wxRXMRoYak2eYB7H:12000000000000000000:OKDOT:CHECKMYTH
12giMxrnDHUGbe5wb9zfe7ubPpLS5rn27Jdbd4DkJyhzX2f5:12000000000000000000:OKDOT:CHECKMYTH
13KSrT3fc1diuLHwzGhF9ZRJV6Kw4QnhqSjqXuaytWquSdDf:12000000000000000000:OKDOT:CHECKMYTH
16cWiUEhPDkwtnoLSU4a48wTCos2kGtc9GGBjpb8aVxCHhvG:12000000000000000000:OKDOT:CHECKMYTH
158sJ4HrZmUvX73ko9iJs8LfsHEoh2xYB1j1VqeWDzwKbNrR:12000000000000000000:OKDOT:CHECKMYTH
143BC2itvEkPJaJa82RPr8JTmwjgUdeksU7asvXRiNKizb9e:12000000000000000000:OKDOT:CHECKMYTH
1NAry5jy7SzyTvXEYdfbQmJv6cM9Lv1t3L2xpMGWeG7pSAF:12000000000000000000:OKDOT:CHECKMYTH
14gaKptEmTx3FZgP9KW7ZqECqaZPRSPBioSpbUaFWgcL9KLk:12000000000000000000:OKDOT:CHECKMYTH
1X2eYGktNEBtPGFUJMnyF8Tgs9AYU5abuy7rXzCQ6psr7dV:12000000000000000000:OKDOT:CHECKMYTH
14kfuZvDJpbQYeN9tjF82bNk9PmhYK21GGLiDFcpQNXT4Zgs:12000000000000000000:OKDOT:CHECKMYTH
12E93mknWnaU1eU5Ab5uFwA1UxigDVAkyw7Lo1mGuXtAzSKh:12000000000000000000:OKDOT:CHECKMYTH
15jhf9M2H5oQHjYzn1TAmSRXEzk2HKS6foqZhZYNNR6CZWJ8:12000000000000000000:OKDOT:CHECKMYTH
12P9GmhHa1JixKvVKZYhmLKoY6W73h1v7h17RmwMUYEUD31V:12000000000000000000:OKDOT:CHECKMYTH
14aWVvx5qsvEE5Xk4RwuAWeoFUi25VYyisZV1QdgM6PjtD5g:12000000000000000000:OKDOT:CHECKMYTH
13F4jp9VGBMtFKFTLRnYAbiCEH12aGVxGh66To61h452Ffi1:12000000000000000000:OKDOT:CHECKMYTH
15XQ3KynDD1BbGPeNtHJqysBb2mrJHkrTy2k9sf41uNgjZQG:12000000000000000000:OKDOT:CHECKMYTH
14mZomPf8hf4jA3rqzuxFPFYv8nu9czxiLx4jZbam49Ab1uz:12000000000000000000:OKDOT:CHECKMYTH
132nu8qz5FfVwJxT8NsbpEyjWVUjmn7KijJSDR8AAq84CKPQ:12000000000000000000:OKDOT:CHECKMYTH
1125PafjKhEuWdopfvwEj9H7ANVWFGRU1ScazQeSr2c6mndm:12000000000000000000:OKDOT:CHECKMYTH
13KLi5Bq9UegaNhVUSn3GopXMCpLzoJQhTEM5AHS3Kg8srpv:12000000000000000000:OKDOT:CHECKMYTH
13Ny7x5TAeaS7pCvqeh5MymJvzVXcAk7VJ4whtXiStyFY8Lb:12000000000000000000:OKDOT:CHECKMYTH
15UybBPg5LcnFgZoBBGDTyGcHeo8Nbg4GSodNY2wHiS4t3MA:12000000000000000000:OKDOT:CHECKMYTH
15riPBBkewsRTNJ9ExEkP6Z4Y8sGRJScq2ycrjWLzR5jB5vc:12000000000000000000:OKDOT:CHECKMYTH
15CH3wM8cbYFu5tRD5KjhJjFJCafAEfaqeXXtyYKrWWwZn34:12000000000000000000:OKDOT:CHECKMYTH
13g7dVf1ijXkyYjTQ36dP7DAoB89hYGhXBvoJWTBNompgpuq:12000000000000000000:OKDOT:CHECKMYTH
15UBGb69WXvCog8JBihfzWzktQEAtxovJgwDFJrVWaccUYTZ:12000000000000000000:OKDOT:CHECKMYTH
1RgxmcX24rBq6ZY8ft4fUYv7z7kNLgBLHfhJqSkJmAvHrC7:12000000000000000000:OKDOT:CHECKMYTH
141Vj74TxckPxsZjLFkKM6w9bxtdpkajtepERpod3dcv52Gx:12000000000000000000:OKDOT:CHECKMYTH
15G4z1hTrjnyXcm6DjEP2ByoMsZGWSJBnaXoJnKXCNRbayKj:12000000000000000000:OKDOT:CHECKMYTH
15BUiwWXzEg8xQahd8AyYjvkkf3KbGdZmAg8Z3MWumuSE78Q:12000000000000000000:NEEDED:CHECKMYTH
12c3QnKrmRFsVM5R6RWNHBMPX1c1bHHhECt69wqde5WK8qG8:12000000000000000000:OKDOT:CHECKMYTH
1ezY47o14yRsxJAXnEbaqtdutTZbfNmEG6Vu8CwMedoBZUz:12000000000000000000:OKDOT:CHECKMYTH
14z8YrZ8TdZtGSLAX98C5PteAz5iszrrqzeh1rPFV4PW3exo:12000000000000000000:OKDOT:CHECKMYTH
148biNRcF8dwhk69Z2kQv9mzNLrhxSQq3zDFMzyNCYRjGVLa:12000000000000000000:OKDOT:CHECKMYTH
14euHjyPua1ddk8wFUwDvdkT1B2214GR899SW8aQr4MzypnU:12000000000000000000:OKDOT:CHECKMYTH
16CzDuViHmbdrfZ3v3QT8FhY7zYNTVzWZs7myy7dvx5Wxe5z:12000000000000000000:OKDOT:CHECKMYTH
15XDU8X1KDgqRoedguEkdfrxXQ433AJivetXGjkg74Xc246r:12000000000000000000:OKDOT:CHECKMYTH
14TYnND4WPmiBq17SRW7ZNBJbpxtQtQZPJVrGVr63NsFgQrF:12000000000000000000:OKDOT:CHECKMYTH
12J8ACz67UuFjvUw9M425rdBFrFUUnf8FMN5z7RsCPgQfktt:12000000000000000000:OKDOT:CHECKMYTH
14ZCL3z2b4tf6cydUENvCre7Ycc4MKzJ9gWu1Ny5zKpGQ6aX:12000000000000000000:OKDOT:CHECKMYTH
15tdFCxzaKpEANDpfxyHqxQcsAYfpCXX7WkVS4jV2B1YNk5o:12000000000000000000:OKDOT:CHECKMYTH
13pSwozPxTRkojLgCg2cztcypmkT8sqFMzmZ6KzbyHqrqFU4:12000000000000000000:OKDOT:CHECKMYTH
13uGcdzVEMQLo7YZpE5ph7nDjFXsVHkXSiQS6NmsS3RR1MUc:12000000000000000000:OKDOT:CHECKMYTH
134i2dmKdDsUDtbhANxouVQRSDWnkyHLysCsFAET2PfKVgqM:12000000000000000000:OKDOT:CHECKMYTH
16JYULgDwCM1VJGt5mYaKAvh5Nrkit36rCdAjy4gabWfB3rK:12000000000000000000:OKDOT:CHECKMYTH
1Y4qWLgn2PvcjvVXBHMi3wNvz1CcDAcFtNuvoCtaP4CEsuf:12000000000000000000:OKDOT:CHECKMYTH
14kmiNnpsApvLGdJYsMV9jhELvzso1T12rBHQZgwigPKaNLx:12000000000000000000:OKDOT:CHECKMYTH
1NzoQneZHqCt86Bzr6pTHvFzhDqjuF3wkLwK3YXE8MQgoLM:12000000000000000000:OKDOT:CHECKMYTH
16dh17yy29h63eZwYJqbDY3k7N9yi4agX8WizcEVp4M84wJZ:12000000000000000000:OKDOT:CHECKMYTH
15Lchh1i1wyaS615cUs1xtgQ4GYZRchLAwBQKQ7FL7qkQpeF:12000000000000000000:OKDOT:CHECKMYTH
16VuZAARKcoqYtKN9Xm63Vzu8eAkq1WqiNccidLnvq2dyFBF:12000000000000000000:OKDOT:CHECKMYTH
16hqDT1QvsduCnYQCyUYPg4xPP2wA6nH2CYXgHu62G1PWp8j:12000000000000000000:OKDOT:CHECKMYTH
165mGMLvxTAMBmpCrrmRmfiD51jkzCUXmZpwkArJn4b5DwRr:12000000000000000000:OKDOT:CHECKMYTH
1544F3NWJi454xJhNWGEb2viSBWZ76qK82aKZVDKMyYFfu6X:12000000000000000000:OKDOT:CHECKMYTH
12TcAFTVVkWbv4yX6SXnadEKYS5ABSstBVnqqoZJaMLBfGwL:12000000000000000000:OKDOT:CHECKMYTH
12twEdnp2mrfjh5kaG5PYQ3GhHbRaRLMg6a1zW8CHW1Aa6dQ:12000000000000000000:OKDOT:CHECKMYTH
16YaxuDzgnuhTTEr8fx4dGKe7YgvJ7yq1muq4nSLYqF81FSd:12000000000000000000:OKDOT:CHECKMYTH
1j7cXg8CmvsF1Bf7GLR5CFnNBhPMVfxoS1N8n7NDJwzK24L:12000000000000000000:OKDOT:CHECKMYTH
13G9WNHcfky4h9i8Yo4s5avv5tfHzJQhM37pztXTtMugBWRX:12000000000000000000:OKDOT:CHECKMYTH
13BGSesaD196DLJP8P18KEn39WPCUzCjtociqQnS6QM71x1n:12000000000000000000:OKDOT:CHECKMYTH
14CqSvbcDfPzuAc8WvSmD72hqkUcHPC6fw8nBBSuz4mq6YCd:12000000000000000000:OKDOT:CHECKMYTH
1XQZJ3Y3LvYVbQ6XEPNtaLxoAKFcc1RCf3THh574CWYdf8a:12000000000000000000:OKDOT:CHECKMYTH
1ngCPPNbaCh1crYRnoaC4akSDuFkJiLz2dVvRBnCeQUefbb:12000000000000000000:OKDOT:CHECKMYTH
16Wj44ANaWHjXVmNn5pQ2anVBU7qYa2iCztpnjnHpepFxwCL:12000000000000000000:OKDOT:CHECKMYTH
12NBZAv7e6n3efTrJKEt9owfTF12otfXJ4MUMD2b587jeh8h:12000000000000000000:OKDOT:CHECKMYTH
149fMiwY7Cw6MhRW1ZGv6S27R6ERSBQHBDysgqa5kd2KMQus:12000000000000000000:OKDOT:CHECKMYTH
125LN72MtBvvZq1yZVngoqEogSdNUbZ5h9TE6o6KFe9HD7Ew:12000000000000000000:OKDOT:CHECKMYTH
15kh2z1Mkr31tNKyv4Ci52JFCyGQhRUcKqgR6f9gXLHFDHC4:12000000000000000000:OKDOT:CHECKMYTH
12FBQdqbzoZabQ7Ywwk7C69XgDJ6HG4z5R7N44fje3tpukKq:12000000000000000000:OKDOT:CHECKMYTH
1n8qN8NpvyhMomxR2rVeW15vwW9oDzoTHJci2U2njGQF5kv:12000000000000000000:OKDOT:CHECKMYTH
159m7HomNiVkwU2acQaTv2yatHsnuM4KWGAAepj5cT5Motj7:12000000000000000000:OKDOT:CHECKMYTH
15twFGj9G4mgHbYqaczFrrnWjNsXoraJALHx28p8Q4TToBeb:12000000000000000000:OKDOT:CHECKMYTH
13zu61QeJGDMLUXZ9tANytpyJovnEbGi9ZBQ3bDnouQBo4i6:12000000000000000000:OKDOT:CHECKMYTH
12uBo7ZUeUXxWBPxNmtFHQFZRVKn9v7fqebLv1c9oMMAH2bu:12000000000000000000:OKDOT:CHECKMYTH
12gZadHChEdcpLKqjRMgpDQhRAtxr6p2fdNrKJTEjh8MoGxd:12000000000000000000:OKDOT:CHECKMYTH
14BaPAobkvxT1Va6Q5dcKsZbXSmY3MK3nu3mrjkdwSicuhcy:12000000000000000000:OKDOT:CHECKMYTH
16FCbLUv2LDLXG3pX5c9PxTurbrKAo2T3jADEfyzXiyREZcP:12000000000000000000:OKDOT:CHECKMYTH
14a9PyCsnz4LDfSy4L6Bx3h8xfniUP6UKjADTREzAFZzESzH:12000000000000000000:OKDOT:CHECKMYTH
15mXLoT7BbmSdZApxSoPRZ6y3Z7svpRNDV3CessALShYcETS:12000000000000000000:OKDOT:CHECKMYTH
13aJqkrEzBsi4E3ktqRnh3y1ptYRhxw8kaawzM1guz5hcth1:12000000000000000000:OKDOT:CHECKMYTH
16ChrM1NFjFyoE8vDDSwTxZaMCtuzd5UgLrC6FWbDPH3MG6v:12000000000000000000:OKDOT:CHECKMYTH
1R2KCSsuc2Wdn3kFjpYGFi2FKZtdYKfrRifaTjvEaR1QDyP:12000000000000000000:OKDOT:CHECKMYTH
16Bb61Y77ikVDxqbAGxo45RddT5wJ2cqpjkHAQvkmKv3zw73:12000000000000000000:OKDOT:CHECKMYTH
14oC18zfRkDNRpCfrY9ED198Rr596HBK5mpDVAr1UZcbzSbB:12000000000000000000:OKDOT:CHECKMYTH
16J2RiJJkLVvxMKNLxhX3wnitwUHraGHxqpYSCqLQKYcoYbv:12000000000000000000:OKDOT:CHECKMYTH
13q54CC2vBmQjmzer8JDzWV5XGsKWrWC1e8rynEAuHmyERmE:12000000000000000000:OKDOT:CHECKMYTH
14aDrMzJNBhVVsWfCY6Cs3b9shTAUMxh3ND8FLQPDjssLhDo:12000000000000000000:OKDOT:CHECKMYTH
1Bz2LbCnN4Q1LGf98VsargAsPj7otAf26q4ejZFxiocuqYf:12000000000000000000:OKDOT:CHECKMYTH
1mTCxrMQwtRC3k4LdUUqy77Y13dz3Hh6oSb1QyN8javdTMV:12000000000000000000:OKDOT:CHECKMYTH
1kc8D4PZvX4Xj3eJQL6S7gj7huDnsNJok5fFvfMccQRwmrY:12000000000000000000:OKDOT:CHECKMYTH
15DATJvDtowHxwpbZwuQ8EfpTdfrrXaSToeqoZp3mKQd2zTm:12000000000000000000:OKDOT:CHECKMYTH
14GuSasmy85Jno3211MSiDZw9tvRLd55ywXk4zHNP8qRBq1a:12000000000000000000:OKDOT:CHECKMYTH
16QbREA6P6B3bJkGoym5Qac7ixa6HsjvwWr33MexZMDiLtoF:12000000000000000000:OKDOT:CHECKMYTH
15hzUazdFCHgjC8QG3NTvjGNapK6RYp7sMR5eLhT4AcRd2k:12000000000000000000:OKDOT:CHECKMYTH
14hwhhWabo7HhAB6PDGzj82Au4he66tZfTT3j8ZLGkrvBMsc:12000000000000000000:OKDOT:CHECKMYTH
1yMZEsS9BM7pdH9yceakTFuXEodHzqLRoCXcajdssnBCozH:12000000000000000000:OKDOT:CHECKMYTH
12rXCFGg6YyGk3nTNCm44g2NXzJrK7Q1A1eew2EGexHvKzDs:12000000000000000000:OKDOT:CHECKMYTH
146gjDfKJVpBPUQBRa9wcnGNEqVjVWjCdbLAwsuULH44DU3u:12000000000000000000:OKDOT:CHECKMYTH
13cXwuPq32aq946RnwBeRB2D2WddgwiFkNu3KG3M4zq42GQw:12000000000000000000:OKDOT:CHECKMYTH
13bAKTAhKZM36iUHt1onYqrfT4FrmiYgTWY4jhbGYYRXBQXx:12000000000000000000:OKDOT:CHECKMYTH
14i5dDAjUPTrAxXJvxTXUfPtXro2ywBHSRdZE1JKGB2mgGx4:12000000000000000000:OKDOT:CHECKMYTH
138S5YM1jTihZJzJUogfa5TS3qhxxSzR2UQdAeGGxeYPujMg:12000000000000000000:OKDOT:CHECKMYTH
15PYqSUrGa4EpVgjTxNhakuZviUZRAggzz8JJLZpmPpnRsp4:12000000000000000000:OKDOT:CHECKMYTH
15tAdqisq8XvBZrywZjGdkPNJBCFm6wto5XjYhyvNAZ16iJ:12000000000000000000:OKDOT:CHECKMYTH
1cQ4inHygjYxDRzY7AabDh5yE1H3eRTj4d3Jw2EeifsxPfD:12000000000000000000:OKDOT:CHECKMYTH
1R2qU64UaNtvhSNMcDJF4kJ1k2dHw1AMcrRWuVLA4aqbM7L:12000000000000000000:OKDOT:CHECKMYTH
15LPk3T1FJuWwMbYpwA5JWtNyDaEURZMiYZjWaPruT9wCfAc:12000000000000000000:OKDOT:CHECKMYTH
16DFBmMvmDrV5sjnFd4jTrJHkN7wBs3wHY5oYa6NmXbfyk32:12000000000000000000:OKDOT:CHECKMYTH
16jKCWvjsYbetJSmGWzrPtCXkku88BdQsYh26dbmDAdhFigy:12000000000000000000:OKDOT:CHECKMYTH
1Ff79x8sMwHFxMoMsPvzegrNvqNa8XN5JBF38Gt96dVBFLN:12000000000000000000:OKDOT:CHECKMYTH
14TLgU37gktMZBUUzTwrNzZ5tNoMGybigLgwH9sHPZryRWeF:12000000000000000000:OKDOT:CHECKMYTH
1399CJiPnxxTqtMXkcBnq72oiPVVxsHQJBZmVpYNjwdkwuGf:12000000000000000000:OKDOT:CHECKMYTH
1fhUFE6Gkfm4Te2fZH32SyS9SHAys1U1yATtJEbQZyxcDvK:12000000000000000000:OKDOT:CHECKMYTH
12cG5RsUMiqUHJtJ6mqKpPuuF2BfLKcn8C3oajMD3ujVEG7U:12000000000000000000:OKDOT:CHECKMYTH
16apbmzNZZ1qCTKBuezCdxDY2Y261dFhP8v97kGR1nm3fUp5:12000000000000000000:OKDOT:CHECKMYTH
12gYeR4vXVMS1qynt2AJUDJmgJ8GrvaGVd1ngvqCk6oLZy2j:12000000000000000000:OKDOT:CHECKMYTH
14V5bzysp3i82hHrTrDZpaNWXtXLT8F3ckAUT7BTJ9gEWZpe:12000000000000000000:OKDOT:CHECKMYTH
1RSLbRRwYGyJ9HN1NFH1KjZah6tF8aNFd7WtZte3NBg5TZn:12000000000000000000:OKDOT:CHECKMYTH
13wqarbAmVZc2vPZ8F7hfezvZGNjGJaquPgsRD6hyTSeApWX:12000000000000000000:OKDOT:CHECKMYTH
1416tdeyH86dAaDqZNcjdFWypxz8uypi6fUGrsNMYqzp9c3h:12000000000000000000:OKDOT:CHECKMYTH
14Qb5peZwP75gfy9h7pzQ5ugCR8KDuT91DUEdn8LU4Jzi6iP:12000000000000000000:OKDOT:CHECKMYTH
1G1FrvLdXeGCp2D5TWPArBGKaPfF5CBgzNcg3hHfnNuhJow:12000000000000000000:OKDOT:CHECKMYTH
15DTAFpAYudYa38hq1h91mE98GUvbx7hV457Wqpa7h9CFNB7:12000000000000000000:OKDOT:CHECKMYTH
165bbM6zggdDJRTYUkdqaTxJjR3QWnK1ryD7t3qMWjtk6XMP:12000000000000000000:OKDOT:CHECKMYTH
15BNWM6WMiXezxBMijLYNotZLmngg24Q1jApjTFPXZik69EE:12000000000000000000:OKDOT:CHECKMYTH
14AfyT8bQUUA1zwk6eVxSJkQaSAkwSeEP3QgAGgm455FvQcc:12000000000000000000:OKDOT:CHECKMYTH
16PP8bT3hu2T7tUac87b7BbTXKNgzygZMWkgmDCkzGzWePNX:12000000000000000000:OKDOT:CHECKMYTH
124VZARruVF5gP2wijodsLHQWg4YqzGtzDwgpCDsS6boRA9U:12000000000000000000:OKDOT:CHECKMYTH
15sJ6mHN2DtJrjyLwHqzYTASAxV6Y8C7oWPZEqDWcSXtKr7Z:12000000000000000000:OKDOT:CHECKMYTH
13QzV32q9NELEQndSRvMwqWmz9GJnawAK6oCxE49C49xLcks:12000000000000000000:OKDOT:CHECKMYTH
19oGBvHPFs6e9F14Crvdbprw2G9L8nP5EcxkQkcwVCtaKv4:12000000000000000000:OKDOT:CHECKMYTH
12NgBBXEWAFLSiqajEy3dn3JAorkx8SDpdfnjhGDFbeWLWhu:12000000000000000000:OKDOT:CHECKMYTH
16Sxeur1C2fYRvwGooWsofXguQS9ACdK2gSUXtub8nH84Pd7:12000000000000000000:OKDOT:CHECKMYTH
122jBTPamUG8qHpxFFdQ4KguRx1QWJjb4wmQ1CrCNH2GEoMW:12000000000000000000:OKDOT:CHECKMYTH
12G95yQTFaPXqJFQnRQDvfg9AykG2XD9MxhNPqdc7r8mzcYs:12000000000000000000:OKDOT:CHECKMYTH
1toSGxteumiyrsVCPGKCNvZjmz63UH9JUVA5vLnuDBN4AR8:12000000000000000000:OKDOT:CHECKMYTH
14Cx6bNrrNRVboEwjcjJec9MhmBkp3geztmG3876Cbzj89AV:12000000000000000000:OKDOT:CHECKMYTH
13zq3pi8Pye56yh26JBCZFXFkL5aofFQuTebvNXiLsydqS5b:12000000000000000000:OKDOT:CHECKMYTH
148mHbp5EwYhCuBicAq3SPuf5F5LUQwjrh7QUTanY7nNn6Jo:12000000000000000000:OKDOT:CHECKMYTH
158f4Q4Ta2HYQwT4QZdmRdEnncNf2Au6bjCazQTc4Y2Y9gS8:12000000000000000000:OKDOT:CHECKMYTH
13GYot4qxJgsSQmUiNT56B6ZfUFdoN873KLpHkAkF12co8Z3:12000000000000000000:OKDOT:CHECKMYTH
15PSZDkoVFneNVVo9Qp9RB3p1hiBoYoPSxL9KcMkxXXt9hk3:12000000000000000000:OKDOT:CHECKMYTH
138WMwx3DLLXimaEuBdmb37p6CF9pZHK3DxaH8cJJQ8VdnCQ:12000000000000000000:OKDOT:CHECKMYTH
124gB592soR2E5Vxza1bBRJ7UNQCAzaGx9T7bRdjvxjQrB2n:12000000000000000000:OKDOT:CHECKMYTH
12bDSZxjiyQUwMMyX7ziMQyaVsRxyWqH59eaWEUor24MVwWZ:12000000000000000000:OKDOT:CHECKMYTH
12d9U2qee2aW5WqE5cEc17MaCLRDU2wEAHXnbYPwWWV9Gr3n:12000000000000000000:OKDOT:CHECKMYTH
1nAU9T9PGojvUhsmrKgfskHZSVscrgpTXuNdG1wVPYApvH6:12000000000000000000:OKDOT:CHECKMYTH
149h2Uu2gBgaXgDzYK8JdrB7duUYTj8EnFpW3n4V6eGmXxQJ:12000000000000000000:OKDOT:CHECKMYTH
12SmLiea4tF9fSdJqBs9U5Cp1x2engExyzz1mHMz6xAvKMWt:12000000000000000000:OKDOT:CHECKMYTH
12DXufAcmShwB7T6uqqVsFkii4R6UDQ9ETh7uCbP2XkS1qrY:12000000000000000000:OKDOT:CHECKMYTH
1Bsswc4UYq9JNmFdVQNY8i31yCtGUN6jEbYs6ckQokTCMRP:12000000000000000000:OKDOT:CHECKMYTH
12UVDkg2CpcUk2vi3w5XjWRCJXSips46bzoXzeCMV1ihSkkv:12000000000000000000:OKDOT:CHECKMYTH
15CoyaqZovkFA4ttDZParGmjsx5jGoXTF1eJPyrMFM3MiT7x:12000000000000000000:OKDOT:CHECKMYTH
12ujE7HZMw5uyEyE9W2Phj3oEJ1EYyhZwTpCjd9aMinCJqGJ:12000000000000000000:OKDOT:CHECKMYTH
16dKuBSzXCs83s1D9tYrFAzz5TAm3TvbryhPnhd7cxiT6K6T:12000000000000000000:OKDOT:CHECKMYTH
15AGGZv9QqNJjitijc7XD6NTs8fnLhvnwo7EpLmTcuZV7oKt:12000000000000000000:OKDOT:CHECKMYTH
12eUupX1zPpX3Dsf5YZuWHNPJzE6xmRpPRCYEWMFi4HtkYRy:12000000000000000000:OKDOT:CHECKMYTH
13WaEffDYY4N3Y763eTAWQPFpPMZRYfzSC3fwaFWi6P413qC:12000000000000000000:OKDOT:CHECKMYTH
146VWDaNAoNNEkLwZHRnCE9qYbRRYYtVx72MvCd5x6TzcHbz:12000000000000000000:OKDOT:CHECKMYTH
12hWgJkicxBX37hT8K2A9EFuivbzPGnmUxLNmZY2VeHNX7FM:12000000000000000000:OKDOT:CHECKMYTH
16PiRm8PLnAPU3sfgDBaeG2KzaxYytTxNd7dNDFhKoMWPcfJ:12000000000000000000:OKDOT:CHECKMYTH
1njzBXnuDK3ePdsiwiPN3rdv8VVZH3pzD2NUqXAwTN5LurA:12000000000000000000:OKDOT:CHECKMYTH
14HWKCoCbtx47hp4VzHdECQkszvPsDyoKZQdFhiRSmXRb4M2:12000000000000000000:OKDOT:CHECKMYTH
12teQt2mFgjsAHySRnhkSEyLDXGhtDJZvjoNH1XRz1KVLQLP:12000000000000000000:OKDOT:CHECKMYTH
12JWrF2zNd8vVk8xAXdfUUVGQnEncT89q5Tx8SPbmHZwjy9N:12000000000000000000:OKDOT:CHECKMYTH
12v89EUWPge6UTWpAYnEYiFzv6rvkP3SdmWdPMgFzn3AzjRX:12000000000000000000:OKDOT:CHECKMYTH
16Ri55xR8vAFhz7az3mw9zHLrzXFYfnfvigsakvbhxLQroVq:12000000000000000000:OKDOT:CHECKMYTH
1275M5zpaVT3ivX2VBMyWEZkkxvnw2NZ9FCtT9bnPda4fgKQ:12000000000000000000:OKDOT:CHECKMYTH
12A1pGGiskbd4n42Ttmxjbu5d3vciqnPNe5ZaLYHvHhzvGFZ:12000000000000000000:OKDOT:CHECKMYTH
13HJNynZg53Dw68Y5rmJXShR3hbuUgJ7tAZxZDEHRRXf72JV:12000000000000000000:OKDOT:CHECKMYTH
13Zf2i9nMfoKm6RFqoCnXgHdr5dMFA9yiDB6TbP8NEx4ZLL9:12000000000000000000:OKDOT:CHECKMYTH
14RpJnnB7SNkEvqvoEgctDpbP7CgZFZw4pA3ajwCVjThh2Zk:12000000000000000000:OKDOT:CHECKMYTH
1QZFMP96ueGtfemW8ujobXHDadA5eA3ekBwjBd6W5WpGku3:12000000000000000000:OKDOT:CHECKMYTH
12dkLwjTj3hs9NXC62spcEmRjNLkjQWEGJmPnS97TeW71wfR:12000000000000000000:OKDOT:CHECKMYTH
12TaJuhtsNeP49ETbKqmj2x7PcJh7bUYAC7YHRqcwkkRc1V3:12000000000000000000:OKDOT:CHECKMYTH
1AsJJdHnb9nYgpa4yzGR6DeXufQ3FRkPxFS24QqsSd8jeaV:12000000000000000000:OKDOT:CHECKMYTH
15bLLUDyGgSTjwb2ziNfQzMffHgpUPbfkApi9Wo1MJzfSXx3:12000000000000000000:OKDOT:CHECKMYTH
16HCqo5SFfuC4NKsCpz5W6p2D93eqgHF9CA93PCv5J4HZsMt:12000000000000000000:OKDOT:CHECKMYTH
17N8qT1nzoew2PYqwThW93WNejHfa7T98eSHuomZdFDrm2s:12000000000000000000:OKDOT:CHECKMYTH
14Q1WgYZkFNH1uDE9bmKTpqsSS3XCvKZBhkf3kUySYJ7RL8Y:12000000000000000000:OKDOT:CHECKMYTH
14GJ8JXJVeF6FQWwb1CEykYrU9B8SHVt4XzAg8CgbS6Lq6r8:12000000000000000000:OKDOT:CHECKMYTH
14dPCMa4Wd8haT2d1evAcrr1wmqtvLY5vRtwTi3aJf9dsAFM:12000000000000000000:OKDOT:CHECKMYTH
14TzKjGb3z3gte17zCubS47v8fBopza8UR6NuCphvzXrePmg:12000000000000000000:NEEDED:CHECKMYTH
1GcQCvCzosgUbCHjgPKiakk3q1UFqWRA74c8A5b3vxk17Xh:12000000000000000000:OKDOT:CHECKMYTH
146uz2X5aZqM99s64K6inVes4ePk5VGAfhPhrPr4rdp1DX6P:12000000000000000000:OKDOT:CHECKMYTH
13fBwJfZAZ5zk1rdcCQtPiAJYfmhz2epcKbSJFZYqvvLTkgL:12000000000000000000:OKDOT:CHECKMYTH
12Wju7rTQvqW3oTMtCo9LENHHaorcvAtZhfkCFgyUHc2vbK5:12000000000000000000:OKDOT:CHECKMYTH
13cKrnup3yhdcVpT4njRi9jdTKbru9UdE653AQiUfnoi8qGP:12000000000000000000:NEEDED:CHECKMYTH
13Qx65nLd6SwdtjrRyuoEtp9CKXhF651xdHBPaXcvhwKm4N1:12000000000000000000:OKDOT:CHECKMYTH
156b98FWV7vZ79eaVe9RY5JVCKvGg15aRcrS99YsHJHabo3t:12000000000000000000:OKDOT:CHECKMYTH
12eB2rYXX7WU3sBLWmPpzKNn9gSYesjxCYykobyUrKijtKws:12000000000000000000:OKDOT:CHECKMYTH
14ZjjFaUpurAjm7vViMgNV4rg9TFHGMY8vQXXqpJLsY7Ejfh:12000000000000000000:OKDOT:CHECKMYTH
13d8o87QVadHdAkWxoWgPs4re8aBrkCgCeUGGrKyhG3nnANP:12000000000000000000:OKDOT:CHECKMYTH
127zZnDpAULim3CV3rxoX6MNYgXpUTvjDC8MXVUhKcWMwF3M:12000000000000000000:OKDOT:CHECKMYTH
14B9tRUGHyedJ4ycjPUhgGJSz3qyWaU8TbDJDJZyFCKSXBXQ:12000000000000000000:OKDOT:CHECKMYTH
15Zv8U7fX6yXtGwzUfMbVZojy5BLNdnbEWcAhB3Th6tiuyWp:12000000000000000000:OKDOT:CHECKMYTH
14NZVidgu1CvthMStDRLabVg8P77fsUeAjnRog38Zh2Hc6eF:12000000000000000000:OKDOT:CHECKMYTH
12Nb3VVeQ51iN6dY4VXaiF8xzSrteTErCB8d6YWqfLKeQgdd:12000000000000000000:NEEDED:CHECKMYTH
13W2b6pKfbmTPvRoyjj1NdDU6X67t4HGreHCrGbSauKqfM2Z:12000000000000000000:OKDOT:CHECKMYTH
15RvuwiP4486QBGB53bGHk6EZrvTNxPe3qfaNXgUztpfKawx:12000000000000000000:OKDOT:CHECKMYTH
13ty4TooNy96f1wmBPP1o5LH77GYLHFBdwg3gVS8vBRCv9Uz:12000000000000000000:OKDOT:CHECKMYTH
151GghdgdDd7ad2e1sYG3MCGC2vft9AUu4TmthsxP4kNVqQ5:12000000000000000000:OKDOT:CHECKMYTH
12EvNGseaJLHmhSKnGdqsG8DC9LNpGUYXwBeU7jUengEG9EN:12000000000000000000:OKDOT:CHECKMYTH
12dr27bfWei2A4AB62zrF2vsQ7yA815KmcyS4NAGctTh5WsV:12000000000000000000:OKDOT:CHECKMYTH
12ycNd4PbNtrWJrcJ3kenfCwF58VrWJJ64GtHUAWVKLEkJR2:12000000000000000000:OKDOT:CHECKMYTH
19KuKeQw7k719ax2mCEqMiNqMGoDFf4bWZmcenhiHrhD1Gn:12000000000000000000:OKDOT:CHECKMYTH
13xb2W23KByLjKqvzpovgbSkbs3avpxos5EfeAdoo5T4bXm3:12000000000000000000:OKDOT:CHECKMYTH
1t41ek11aGYCPVypkRbNyTbAtobPm4UEdSCxpiLQpHUDqRS:12000000000000000000:OKDOT:CHECKMYTH
12ACX4Uy4A1KKjAzF3zJaHpsJQmRmMsBPcbj47TC4SzGMV94:12000000000000000000:OKDOT:CHECKMYTH
14EYpuSXGsPoaRwE9mfn1f6KjYU4eMtHexNBsjbbp7MMBqnP:12000000000000000000:OKDOT:CHECKMYTH
16MCNYtNdK5wzgsF6T8oh253qNCJmJ2ukvn3Lt16EU9JRqE4:12000000000000000000:OKDOT:CHECKMYTH
141SQJPq5EB1pM7ziSzK5ZfMChcVxEea7cst1pZ6C4fBFMHE:12000000000000000000:OKDOT:CHECKMYTH
12n6TTLZ4TYY6j8eS9HY5nPHPFxJbunW1eg4RsVD1C7SKtGh:12000000000000000000:OKDOT:CHECKMYTH
12W2DxhfJMjHHecEobmaTgbkT9i26rjzvWRxPJsVHu8Mas7p:12000000000000000000:OKDOT:CHECKMYTH
166pG2p2hdMu4geJWhHjisij1ktMgvJ36T7PwiBus9wi1xAE:12000000000000000000:OKDOT:CHECKMYTH
13TcAV3t9qErppT28p7SvTbboxvv1uhUS2qM3EZqQhJpQ3sS:12000000000000000000:OKDOT:CHECKMYTH
14QioTeg6R8fvVegoF5XbbhkjYfjjvWEBK5W7zgDshE6PhwF:12000000000000000000:OKDOT:CHECKMYTH
16hRAJFavZvjr1UYYwfdLVao5PHNQvojM1qzfR7MCaULE2w6:12000000000000000000:OKDOT:CHECKMYTH
16YMwNAXokoDyBPDTPgAUVj8m9oQ1nMCKk9Gm52VevbsVU6B:12000000000000000000:OKDOT:CHECKMYTH
13VfvnSQ8T8RtKZfFcvhkNRxiXYqUAcJ8crQGp6Yuw8RTCbk:12000000000000000000:OKDOT:CHECKMYTH
12yZ84VKJr8jieTSeist7jryivcqwSkSjsxT3baXCQEGLxVw:12000000000000000000:OKDOT:CHECKMYTH
14WXnax1qBz49MV2aoZaH8E7X8QN9xPPFEbXiYMsLJnD6jMt:12000000000000000000:OKDOT:CHECKMYTH
14jW7EeZVpWn7HDnFhkids6CJPssnwXJukbu4T4NMEMPk1zs:12000000000000000000:OKDOT:CHECKMYTH
15QCv4bjf5Reah7bmqvhbydiLLycDLJ8dDGajtBtHdtxhPoi:12000000000000000000:OKDOT:CHECKMYTH
16k8z2Xw1NYTuhjqBgeiUXASAQ1pyLuHSC8eqCLqbqRbTKqC:12000000000000000000:OKDOT:CHECKMYTH
168g93zdETYYRBuaVRL97jkeCb4Q9HbGDDSMVVUSveAJTRFi:12000000000000000000:OKDOT:CHECKMYTH
12mkwSSRYP3FD79xAD8gTBctKjjL5CrjLwGMhXknucp3cG7t:12000000000000000000:OKDOT:CHECKMYTH
13R9dubxfQydkALDoW9WohFnvn2gPea8dwCNKPkf3LoGKQ5f:12000000000000000000:OKDOT:CHECKMYTH
16A9ewgYN4KVwnWnnhuWJkBE5Lva1DHVXqTn9HVuKDGFfAJ5:12000000000000000000:OKDOT:CHECKMYTH
1EGz7QEpoyEAb6XSvhBBHChVimDyAAyVpApuWae4HJyQX9W:12000000000000000000:OKDOT:CHECKMYTH
1F8QcQRL4VHcsTqhxgREdLSsFVsHT3hkzoUEUQecs7Na3aE:12000000000000000000:OKDOT:CHECKMYTH
13mox8V6gQLz88byvE35SFugcwfbBR1BnN56GiaVJCRfid41:12000000000000000000:OKDOT:CHECKMYTH
12f5SyzKCX5gL5JGG4pfzqFUJA1ohtmrnhpzjTrMtam2A8Z3:12000000000000000000:OKDOT:CHECKMYTH
1sWeVFkbgD4jyCFXVRSiLYZaYay4ijbG3hdMwcTw5LAdLZG:12000000000000000000:OKDOT:CHECKMYTH
13uUhgkDq42iR8r6DX7euEsdgyw2jYdk46PFFRMdsEL2pCQM:12000000000000000000:OKDOT:CHECKMYTH
1kKYRCHRB1W2Cv6cw5RKJk1cEQ5MmdpxvhDHs69U1zZMjon:12000000000000000000:OKDOT:CHECKMYTH
16fddWbFfEKyehZoz6JQZSQg3bXCeL6JjNnmmX82SAKSMJ5z:12000000000000000000:OKDOT:CHECKMYTH
1y86amxG2ohF2emrVMBQeAZa5qRcSpFVM8cXbgcMstcAbbT:12000000000000000000:OKDOT:CHECKMYTH
1LKaynk1748w5Ltm27X5UGhmJQU57gz411tLfuzXtQQ7LNz:12000000000000000000:OKDOT:CHECKMYTH
13NCLd3foNpsv1huPDzvvfyKh37NEEkGFotZnP52CTR98YFJ:236000000000000000000:OKDOT:CHECKMYTH
