1NUeSVx7Efj3JwPQ6smNDGGL2BrUjpnp6AsZ9innGa9o2eq:12000000000000000000:OKDOT:OKMYTH
1V1NVMW8WoziEqjHaVZgqZfYgx32jEtW9iTohSiwYWriCoG:12000000000000000000:OKDOT:OKMYTH
16cpxWaLGTm1PE78Cd5maEqsXTZmACdMJYNLPjJHFVNUHxrh:12000000000000000000:OKDOT:OKMYTH
16TWWwsWXLgTbvHdBLmKu4jwgq7pLTNA7utnNWLFLRAMejqC:12000000000000000000:OKDOT:OKMYTH
13jxpreW22bSK3C2Mr58Nc8pxY3Wz4QEu7Hjd7VxSKCbMfdn:12000000000000000000:OKDOT:OKMYTH
1vdEKgDaHwXWcbA2NGesojMUWqprjn2wNH1TMoP75AesSfY:12000000000000000000:OKDOT:OKMYTH
163tEZJbpeaZUQ5W786TXkUoP47rC3y7dFpTyaEzT1ApvGa8:12000000000000000000:OKDOT:OKMYTH
1mwd2TJc72jYSFKv227nNru7ZMz6Tmc6jkwPA8RWQSMXk9M:12000000000000000000:OKDOT:OKMYTH
13FziikUUFF96osS8Co6gqn851xMZ9SdNyHfHVqnXbnNVbuX:12000000000000000000:OKDOT:OKMYTH
139QqDfZUpaAuhgE7VhHAg65jQoSxpGpGWqtrcxTuyu9xKCM:12000000000000000000:OKDOT:OKMYTH
1TTZXpVb7TDkjhFKXEfw86Un3sbmYuJ46moHebE4o7kemnj:12000000000000000000:OKDOT:OKMYTH
18vB8hnCdB7v5UMHkZoannRtYsyB2cgRcCKfwtHM3zeBXWy:12000000000000000000:OKDOT:OKMYTH
14f5ofBxXzBNxKHS43UdX1B6qszVFwG7Ra1GqeeLFuVRKZw7:12000000000000000000:OKDOT:OKMYTH
15fV3CsFSp3XztFEcL5qhz8NGCPgZ4rwEpijxJ6eYtjPYvSu:12000000000000000000:OKDOT:OKMYTH
14EMf3fzRePBZv981WtbbguhiuypAkyuSwCxoLJbLhJz6Bkq:12000000000000000000:OKDOT:OKMYTH
12sMymNN6stkn3pLBHnqQ6ux5cFmBH1t967bwg9MH1fjE6yu:12000000000000000000:OKDOT:OKMYTH
15oAgDqkEC6VBMeNWacRGMYgqEbHs3jSor41zZnM3s4rLV8Y:12000000000000000000:OKDOT:OKMYTH
16PegwBxWZxM1djuXoKbZwYNmLMWnowzb8i49j1zqhyBY7QC:12000000000000000000:OKDOT:OKMYTH
14dwXVEKq6vhKTuxgCEXUTMFvFxU7ejeX2NYZAxMmMaENqFs:12000000000000000000:OKDOT:OKMYTH
12yuhMjrmkHZXU3ABEZs1kgAh6sMHvzCbf1WbTh9hGyyBzeS:12000000000000000000:OKDOT:OKMYTH
16B9R5cbWvoaXamTof48JNK6qTQPHiKwtMvjT4Pr8REwRtP:12000000000000000000:OKDOT:OKMYTH
12k6BPDbb7MxutNk4SFc6S63q8c2CSH9VSh1DqyutyTJgsdA:12000000000000000000:OKDOT:OKMYTH
15AbUd3erMhquvdp6uEqqYG5EAFinhvMgXoqzQ9ZebyLrMUh:12000000000000000000:OKDOT:OKMYTH
142VBq6QeWK2ogF7ZXwhfHiL5v7X1DSL1y9pwND7Fbqrc4RX:12000000000000000000:OKDOT:OKMYTH
13H9TH9KheFjyZ5LLu3Fk2gerkYspxeYaBbTKX99v34eMm5f:12000000000000000000:OKDOT:OKMYTH
161hFVJqg9AqRJ7yzsedKthsTANPuBupay9sj5bf8pzpvd5e:12000000000000000000:OKDOT:OKMYTH
15YxbYLFqgLvmNXnE7kivGqL83iUiFjRfCDHnP8ZHxr8Upxt:12000000000000000000:OKDOT:OKMYTH
13Mqs9gcXz1Rp6JbNGa88vKT3UHivZcynEtCy4q8hwNMaVua:12000000000000000000:OKDOT:OKMYTH
16d1ZaXzzpjF67h12vDp9DqckC9SBVuCRRDF4K5rv7TMFy6Q:12000000000000000000:OKDOT:OKMYTH
13Be4S5u3dwP6cdmPFcPB1xz765xpVmUMayZuz3mMFZdgBqM:12000000000000000000:OKDOT:OKMYTH
14Vx8MKkWjHCek8ayqzT61KWmSNXbRSn32WZKLjaoLUvecia:12000000000000000000:OKDOT:OKMYTH
14ytM1uTguiJ6JAhnT6325BYFwTrhpn6jaS6QDXYSZoMow3R:12000000000000000000:OKDOT:OKMYTH
13uaChBzi9zxLP7437NHPtydUdyPnvv91VmbQJCxGdVbtVbn:12000000000000000000:OKDOT:OKMYTH
12zXGaGTjyrJ7LnNjk191J1MYkRi2e5ycb7ihkyikKjvSeBW:12000000000000000000:OKDOT:OKMYTH
1MDvPoDWrHMYx6dmE2xmLNZJ1BmEEaSJpXpE6Qj6iKxS8PZ:12000000000000000000:OKDOT:OKMYTH
12EF7rqCZokgjTSwqA6Mjx8NDSxX9dq9F8mnbhhMJvPmKHps:12000000000000000000:OKDOT:OKMYTH
11271qHTBeKTr4wPzAAXTX41qbYJf6ZN9nrMCdpp76Phfzxj:12000000000000000000:OKDOT:OKMYTH
14txSwboUnV7n7sNgCPs15GfgivGSLQCjhhtmyouThkNyQ8R:12000000000000000000:OKDOT:OKMYTH
1XW5abJZECeLMiWx9wSQSpG35GMqZ8HMPLMx6sm1aM1thv6:12000000000000000000:OKDOT:OKMYTH
14c8cfAmgZFH5ah17AKwb4BmfKPvKWTG6M3HHYthUqm5oLSS:12000000000000000000:OKDOT:OKMYTH
14kD64HzhYZjorQwq5SMcCdxtpHAVwHU6wLAEYqE32QU5cib:12000000000000000000:OKDOT:OKMYTH
15HT2iPACVvuz59YM1h7iM74FyY8jXeeHY3yRAyyTfT8mkwk:12000000000000000000:OKDOT:OKMYTH
14SXxkMK7zE8YJXZqTbtoYXzZJuDDunTXGpNbj92yxPBHpo2:12000000000000000000:OKDOT:OKMYTH
129LKtFo9k9kanoZAaaCTsn9a8qyMjjYzpjJJbNgb6yxmNLe:12000000000000000000:OKDOT:OKMYTH
15NCNEVCmCmSEvLgaa9hV8W3KjgDNLSsQrzktVo73xfKyDad:12000000000000000000:OKDOT:OKMYTH
1qM1kX99Uc8rVehGhsKzi4A1NoqSbjkunBMGYYAc63rCJGZ:12000000000000000000:OKDOT:OKMYTH
12LStopTjuAr9fVqN8N9A2SNbQQ84i3LvSGZXbXugKtFDUeE:12000000000000000000:OKDOT:OKMYTH
12afacNxHovFDh9ZAfZYS3xyf9K1GfCbZR7JcM7A2THNBgPD:12000000000000000000:OKDOT:OKMYTH
16AWGSiKzsChxKAdtKcpL9MDgiqB79EXBJZJNuTakAvvwZA7:12000000000000000000:OKDOT:OKMYTH
16c3i1GvpwWQfLchSYT4QAfBc1w74BY2RmLCmE4uxjfv8TRo:12000000000000000000:OKDOT:OKMYTH
12LSucimokt6RVSHzgcdCjFnRQJYTuBApvSoVRnF1cMHXdZ9:12000000000000000000:OKDOT:OKMYTH
13DpKrgDnS1F8N3T7fQCwZJPgU3PBzPMcWPvs6RwdgBQYkgQ:12000000000000000000:OKDOT:OKMYTH
1JEyPdhuNyWngtBkHHcG218UNy4feYxoxbDjWMshhMCrszr:12000000000000000000:OKDOT:OKMYTH
12ysDMYivc17fkkzUgFTK59akhWDEHXJjA7b5gDdBVCoTuyT:12000000000000000000:OKDOT:OKMYTH
133U6ghT1UG9RVaKurNDtbf28iwTJt2g6fRW8jsp393oovw:12000000000000000000:OKDOT:OKMYTH
12Nmp67WEqAtU3KrjMotujyAcZXJhF6UCZighv6VnjD3okC1:12000000000000000000:OKDOT:OKMYTH
14u7kadSuFcGaDgxHJFSvLYufHqpVdz4GRAkAQyH1D4rqrUM:12000000000000000000:OKDOT:OKMYTH
16WMeH5ywJybyuy2dEjz1SfTymxujtSPLyPFRPvRCnUYrAhq:12000000000000000000:OKDOT:OKMYTH
14ptM972kPubUkgbSRwXTpzxHw7GGdJ7hSTaQ2Jt3eDNctC2:12000000000000000000:OKDOT:OKMYTH
12HGhwRk2VzQ2jf8gayWTT7P7ZmkJUuDmG9h6uF18om2p6mS:12000000000000000000:OKDOT:OKMYTH
16KicKb7cnc5bQCdayuRxwioUPCZYhwTZBZ6jHhfpbSazaSh:12000000000000000000:OKDOT:OKMYTH
14H2TENgrCar7Nk8UBXzxc1tKvvqNRcapbAbzsqZYLHysgak:12000000000000000000:OKDOT:OKMYTH
12X31kg8d6NMVCb51oH86CPbVQPQfr8NNYWaH5P3cZX9xEej:12000000000000000000:OKDOT:OKMYTH
141XRDafqvfAJHBcDiTu2ZnUxPvkUy19mUTuMo1vErgEAnKT:12000000000000000000:OKDOT:OKMYTH
131Qe9mF571ThiaxYCEwcK3Vx2vznxGrT7dpxh4iSbEaHwi7:12000000000000000000:OKDOT:OKMYTH
1xEwohwnhYFcLFHpLPfbDgfy52WYf2p6osBXYUBvpJCXguz:12000000000000000000:OKDOT:OKMYTH
15yLUqfg8d1wrgZLTKaa9zWpRWRkyDAC2K1KpfVQM73G2aqg:12000000000000000000:OKDOT:OKMYTH
16g2WmnALiKtp1PtvXU9JTq8XGoD8L1SFw4ERpzKgUMWeNeq:12000000000000000000:OKDOT:OKMYTH
15fhTXm4yFh1WjdshfaYDxc3EYSXAEvhTVAnwkaTEaRz2Ves:12000000000000000000:OKDOT:OKMYTH
14j8hoWPPg2UhuYzqUmGKqxsQ9Caj8Rrf7pVtNtE7MLxprLP:12000000000000000000:OKDOT:OKMYTH
13Szc1B1KDicbsND9Dyjb4v29GhEyza6RFPyoEWJPKSaY957:12000000000000000000:OKDOT:OKMYTH
16RNhGY4kfcA3xdNmzq8zPmpDKP5WfjjKEnukAAqJr49UMiB:12000000000000000000:OKDOT:OKMYTH
12VcRqHQW3fwNaZXpaRW8kDaJyhN3qJDPVnSZuZ5wQ9MbyZT:12000000000000000000:OKDOT:OKMYTH
16BC3hgWzHLf7pqujQndBZ8dmD3D32qHZGLf7iBrrHyJRBPQ:12000000000000000000:OKDOT:OKMYTH
16knxGozXMzhXzXxsXNxEtfhRdKLsnWJFyq8F6mKLvmhKnkm:12000000000000000000:OKDOT:OKMYTH
137ZwuYNiNTzSqLa4QbyJNfwYaxa4hiU9BGDPwmNQvmbEke1:12000000000000000000:OKDOT:OKMYTH
1LXLM3JbHsFE5x7Cj8Uwa5gqAUhedeTBnyHw6G4iQfU5gr4:12000000000000000000:OKDOT:OKMYTH
1C8iNhdGBgaBrDeWUHSnwiDhxQzuw5PMv1FozpMkmUdYmxQ:12000000000000000000:OKDOT:OKMYTH
14vRPiQTHrUaLbjpbhNCmmxgqgjXr2Wnkg3qDzgZX9jrsvhr:12000000000000000000:OKDOT:OKMYTH
1344qgkU1adyGw3o3HKK74fgaEqSTCznQh5d6Ta3hNjmnc4V:12000000000000000000:OKDOT:OKMYTH
15pD5TTogSVi5ebGNcJiHvvu1dBQ9wgAf5HWH3oGhkyDzhyw:12000000000000000000:OKDOT:OKMYTH
1vx2CifTNaFDcRcd8gjwW6e8M475Z1Y146TH7GvxcqX7aWG:12000000000000000000:OKDOT:OKMYTH
133TfYzAt6zmo4xWwK5Mo3qfVkjkkt7fp65v1PSB2JwXr4Fx:12000000000000000000:OKDOT:OKMYTH
132e6i816uPYgo3JJ2cpQL81qkCijwQrgbdnZSJboyK5Zwe5:12000000000000000000:OKDOT:OKMYTH
15E9rWEAYE6oeLZ7CFizmD6Az3pn3EZZgRLoBm6QMyore4XW:12000000000000000000:OKDOT:OKMYTH
15irCdMHu3kNC9uEFQgjTX4aA9tbNWrBvEw7mY6FuXabNWx3:12000000000000000000:OKDOT:OKMYTH
1XfRtrCs7iBb8QRxMV1123XsV3kZT2VBa5w9bS2G4ESKk7Q:12000000000000000000:OKDOT:OKMYTH
12T1L1ASezJXNX81SWzUrhDQXMMdetyndPJrphrVzg94vdJe:12000000000000000000:OKDOT:OKMYTH
14YKsvB7vUwmZsRScn32sx6Aur2CmUv3FjUfGz4F6TdzA9HL:12000000000000000000:OKDOT:OKMYTH
1WMYWyzqAcDheYiWNsjpk7LXZBH2yyyDPy4PGuCna53fbZ4:12000000000000000000:OKDOT:OKMYTH
1VfESSNSnDH8hztNNxFWnteE52adTpvDPTJtydLcScTnnGA:12000000000000000000:OKDOT:OKMYTH
13RHTaeZcqVvezJFGG3K1XVt14ZkfQnLRAwzJTGXRveQep77:12000000000000000000:OKDOT:OKMYTH
12xsiJ5gBr1MbB5dhLadCy7D9uBxtUJP2ZnYBq5VKLU8GZUB:12000000000000000000:OKDOT:OKMYTH
16MLc7YFLWXWFAAbtePJHNCnc6QpwTGQCo85JUjuRFh2numw:12000000000000000000:OKDOT:OKMYTH
13WJQTVijUnDJEA4ZNN8mEf65gpkgThnvfoEUQrqdP7CUUBo:12000000000000000000:OKDOT:OKMYTH
15F375CTKE7xG2qYxvnQrRVFKmNYgQfzzzDmGzw2bciQA1Yh:12000000000000000000:OKDOT:OKMYTH
12H6VWvZPYzzDJLgMKotYfpXjC8tLDANkacRtB7pavthhofB:12000000000000000000:OKDOT:OKMYTH
158NqbqQauSWTnUBWaiFYPWuxhMPQiQuPCnkbwuNG1tYa2Qn:12000000000000000000:OKDOT:OKMYTH
12GbBV7Ru64NJStAUnFSmWgyyFwJ5qBnvBVrtBZbNy1p2L3t:12000000000000000000:OKDOT:OKMYTH
15QsBhWBPgc56WsT2SpfmVcGfc9jgQwen9FEGgMqr4G4YDEy:12000000000000000000:OKDOT:OKMYTH
12jx7R6bmVGoxCeerZxKnozWo6shTp3LSmg798jNvzAo6Muv:12000000000000000000:OKDOT:OKMYTH
16hwGfAAmT6ArnoGytyvQ5qsC1BVB9qMp7DY2AxH28LM6U5A:12000000000000000000:OKDOT:OKMYTH
13mkwDzDM1h4vYapVQJ4N7xjGpunEmnsq7w1VGU9vfaEk9yB:12000000000000000000:OKDOT:OKMYTH
13bGfy5jWYacL61f7gRD7iDUjuzdAuAoRrzb7DBQtKE6Aj45:12000000000000000000:OKDOT:OKMYTH
12KHAurRWMFJyxU57S9pQerHsKLCwvWKM1d3dKZVx7gSfkFJ:12000000000000000000:OKDOT:OKMYTH
14zQeocaBR6RYE5z8ns4khPvEvcyukhmcGhreLRcFTELFtXH:12000000000000000000:OKDOT:OKMYTH
137FJeieE46T34iCkYTuAA1k2foBufxTekvrMeWJL5Y9Gv7L:12000000000000000000:OKDOT:OKMYTH
13o3uCnsXB1LVovjofPdEidHubHitHa5gFxtAwXCHRR4dHBt:12000000000000000000:OKDOT:OKMYTH
16g5oZxbTfTabg77quidii8YKRkA8RdivrV8B8Z8qB5Zt5iz:12000000000000000000:OKDOT:OKMYTH
15BqPtXDfHHhahQQ6YUhMDcfyzCQqxmQbtGL4rfk5ZUhDfKu:12000000000000000000:OKDOT:OKMYTH
16EVB7LZFYhzJGy5bEvu6RviGJTQTLNht4j7geoAP7cVVGQi:12000000000000000000:OKDOT:OKMYTH
12qvDVCeYcVJ1FKyMZjsS3osWy3ffM3EH3HAaznhc1you4yn:12000000000000000000:OKDOT:OKMYTH
13UVJyLnbVp8c4FQeiGgbys3c1EASr8Pzk87W4eYZvGjF1jS:12000000000000000000:OKDOT:OKMYTH
1DkGYV8T8S82f4cJ9ET5qGwYY3tDudDJGYQmdUUNkAXQF8s:12000000000000000000:OKDOT:OKMYTH
14jYZkwBTz4C4eFtCwFbopcHE6ToRXWrjSkoi1FCm1WMzDa7:12000000000000000000:OKDOT:OKMYTH
12pq4H8Jg37A9x2dkiFMPN92PgWRK5xFEjhozHHqkA1K99Cc:12000000000000000000:OKDOT:OKMYTH
1YPVTNVGs7oQF1xBQwiHzK94zKaPEScdTa49GudZxc6B5vF:12000000000000000000:OKDOT:OKMYTH
12UiY1557P9GZndkz4K6vfcZZn4QRXJzbwsG9aert93UJytL:12000000000000000000:OKDOT:OKMYTH
12Uei11ZR56fwWW9AN71Xz8rH8JoDMPxbDsgy33hBf3mU5UL:12000000000000000000:OKDOT:OKMYTH
16a4SSnu1dUn8w6SM3xM1n7cuZ2Rg576GavZzG8AuJcuv99S:12000000000000000000:OKDOT:OKMYTH
12PcEJX183CUV7yVJZf6QXzovHStDwKeVK6mM1hcmbDWW3yZ:12000000000000000000:OKDOT:OKMYTH
12rb4uG31vBBfMq1iGBd2yxRJJiycCX7qUCnh36YHCUhrWAW:12000000000000000000:OKDOT:OKMYTH
16sKTLXrBEb9TAcpQnBvQVJsJFDpGqNsfhHdPDqsGeKf5EY:12000000000000000000:OKDOT:OKMYTH
14DfcA2o6fucVqusT1i5NXPjJ1SH7svgBmKFLcT9KeQzh9xg:12000000000000000000:OKDOT:OKMYTH
1s2CmF6EDSXVfUZfvFNBfK68jKDZgMXWVdjbB2PuFhyf8dS:12000000000000000000:OKDOT:OKMYTH
13GC34wUeqLHb8eLxgxaW7HSpKonfpcYbXa4jTSdwGtSUns6:12000000000000000000:OKDOT:OKMYTH
14eRBXhwFWoKTa1yBWFkJNYJ6K21vCBfXDE8o51x5MxpW5K5:12000000000000000000:OKDOT:OKMYTH
16ViQ6mz5s8kaKqJ7afSmhi5w87PkYAM54awWAFqNmU7Wzx7:12000000000000000000:OKDOT:OKMYTH
16SofhUk1Du5jwETXVAoB1BNUpGLMwssnuL39FR6dkDRcMU6:12000000000000000000:OKDOT:OKMYTH
13C1wcLSZ9SwZ51hquZuun7tn9ewzogJUwcWKea6yMH2UsWc:12000000000000000000:OKDOT:OKMYTH
14fpBjd5MgvW38yHxBhmc9CvS48DMzqS1jsprTDqqSwCGXBW:12000000000000000000:OKDOT:OKMYTH
12SYGBoWaLrCexmP5jcnF1vQhxW7KNeT77867dXAfc3mJuqT:12000000000000000000:OKDOT:OKMYTH
16S4gAUe1nP3gKYJX4rwMYUJrqUQd3TUfepPoEKA7Q8JZ8oz:12000000000000000000:OKDOT:OKMYTH
15LbUJ7pw6hjBvV9YwjAC31LuvvtN1H5PjdSbvJkFgRYZkga:12000000000000000000:OKDOT:OKMYTH
15QRk1acQhJtYneZTVQzkXRYr9JwCA6HaBtySd87smkT13oY:12000000000000000000:OKDOT:OKMYTH
159gzX2ExR7Eq2SamcuBgy3r4sHDgvCoqbXCt3n4q23BDF78:12000000000000000000:OKDOT:OKMYTH
16LPXwmGfzGBjhtwgpWX597Cg2jiFzmJcHdUPeLVEBJzfSLx:12000000000000000000:OKDOT:OKMYTH
13EA1pBjihRKZNsaEXQuf5zK1TuEMBhfcKLsZWKPvv5eiQLJ:12000000000000000000:OKDOT:OKMYTH
12Jk9RU9U23EW17irtKEkCmWZV8G1WM8Qy5BoWLKV3rE89Pz:12000000000000000000:OKDOT:OKMYTH
155Yhjs8EgqUGqgjgQmvxsX9kU2H6kUUu84d9MnydN2m4RfC:12000000000000000000:OKDOT:OKMYTH
14d5XhFQeVhZFjBgmGpxM1oUbA9PDtYhZMkMNy96PG7Sm8XX:12000000000000000000:OKDOT:OKMYTH
13ptDGidaQmRgHishaM1q2W65Sj9PF6W2KBU154gDLqwJhEo:12000000000000000000:OKDOT:OKMYTH
15nDMP3Zfta4weryaUcxbWMJeH7mPnLgDcBNLA3ZH4uLXGm7:12000000000000000000:OKDOT:OKMYTH
1RJea2rv3ph4kMzPG28W6SjdVtr7Y561D9RtuFAtC6Eys81:12000000000000000000:OKDOT:OKMYTH
12i2rEP1KNKFPXMVkuq8pm2HTFGGxmGUr36gqaAn2YzZn3XD:12000000000000000000:OKDOT:OKMYTH
14AJ1w3nKUpY9TyCTFzQA1FDNKcHrpiABbCi7AaZPbDH6DgD:12000000000000000000:OKDOT:OKMYTH
14HjB6iTYo2gFcqFgJABhH9i3tmUk9z3bc7AQfDMMYizpb2n:12000000000000000000:OKDOT:OKMYTH
13L9X5tLqPDAwCUHA1gPTsN2jkn32sLrgvjgELvVYHTdK6r1:12000000000000000000:OKDOT:OKMYTH
1gWCqRro2C3iovrKXdkTU4hALBzp84ouvx9ZjqAFEAcbrwt:12000000000000000000:OKDOT:OKMYTH
14M3UmafKXpW88ozxicn84ysTG4d1Acj6V1Sk2Jwb1Ym89Uf:12000000000000000000:OKDOT:OKMYTH
15NopqLppndmKgHkLBcC46iAxyLBVQKp69FLupV6bitQNWaY:12000000000000000000:OKDOT:OKMYTH
14trKuSe51MN9AHTPhkH7TrHTKwjQ1Xuz3ao62eK6YatgqbN:12000000000000000000:OKDOT:OKMYTH
12tacfJX7gRBe1E3CsrZGsd72kPu3hB2BWtNwDXPuHm3GcqD:12000000000000000000:OKDOT:OKMYTH
15r6RXf4TqGEieSMeVNh9GcHaPDTXWWeAndCxR5N5WB5Aein:12000000000000000000:OKDOT:OKMYTH
14D9Js9shyy9HmPah4qW43rD19XKgrhUKZiFG9UAHfHVVEAi:12000000000000000000:OKDOT:OKMYTH
1272BLo3ZfURPzbApxttt9SmiYKg8xddPWhnvymecSYthaGg:12000000000000000000:OKDOT:OKMYTH
1MZLkyJNRBsaLns8FDADaDLi4kRUAEbJEvJsKrnG6KADd6p:12000000000000000000:OKDOT:OKMYTH
13QgsLVbxmAMbjE4i9XsYfGVZk57hZ8GVTzMcs8EAg8vtyxS:12000000000000000000:OKDOT:OKMYTH
123hETp33TZHfF88SDgxkumPRipPwxSKb7G9rt81VFMrc7ca:12000000000000000000:OKDOT:OKMYTH
16FEZ1jzCasUC191xsu2XGrdLAsgnhaQxaQS4t6MZrvtsAQg:12000000000000000000:OKDOT:OKMYTH
16Uwsc9S64mSAWqmZbGYqw2xtcNhHjt22bZ6rGkZ3Hd4ZfSF:12000000000000000000:OKDOT:OKMYTH
13jV57HXDgGiWqucjkEKW2wJXYTynnGTPs4L8wwAp2Yw5Wc6:12000000000000000000:OKDOT:OKMYTH
12jkNpagXvPCeeJh6GZRSWpTkE91CuD3rnuDyDjyaeQBNggB:12000000000000000000:OKDOT:OKMYTH
166t5ejqx6Fi6Nnr4rJr49LvADrxcLqAxXcQdtk1tp2UTzzx:12000000000000000000:OKDOT:OKMYTH
14GHLFTDWKQAXCrSEPSEp4LSxmxbap1nJWK9x4iwM3giW2H:12000000000000000000:OKDOT:OKMYTH
122kZCiX55B4BmAMEFUwLxs8tmg5dkJhro8bPbKreaeAbQKX:12000000000000000000:OKDOT:OKMYTH
161vVg6vm7WutRCa4FAyfdw3Tbk6Vm2s8ZPzeEeUcksc6nRe:12000000000000000000:OKDOT:OKMYTH
12NDCHdc8XCUou9x4wHRudeAC58JasfGJjuvEzN1XkvdKq4e:12000000000000000000:OKDOT:OKMYTH
1hcef9wqLisgbrKS9o8uknJdVZxPtwCVPrNc3L4PzanQXtx:12000000000000000000:OKDOT:OKMYTH
13gPJThtf7fnwJGWhQmcdxBc6WkaXPyGBjNnTXbRkpZ28nVy:12000000000000000000:OKDOT:OKMYTH
13XZRJWEfFNp7y3rYVEZkBGLhKxM9zUBPG6G1Jksr8HTwTFv:12000000000000000000:OKDOT:OKMYTH
14EJQf2szkkGRbwH7Vt6HsPAxaF7h6qrbbVeGpTRC5Yn4U27:12000000000000000000:OKDOT:OKMYTH
1chfLYDfy62AnZwT7pM8NbMCGwaXsR2SqiWg779AaVpXUC6:12000000000000000000:OKDOT:OKMYTH
1YmTyi3adsRDvgAfRgLQmSV1iUZFfhs86yp6NXBRsfX2fL9:12000000000000000000:OKDOT:OKMYTH
15cXnUapH36YrKuZhQKkCUxk7nYAGMQF29mSrJpDTK8H6L7:12000000000000000000:OKDOT:OKMYTH
14V9s3XAhgAL4v4bvR7rdMMwCLtr8ZRvwdR5zJSddExwtFzn:12000000000000000000:OKDOT:OKMYTH
1GsFtVnSWrwvSLxrHKQpEXA69KbWxBogusUoHg2XHURtTbq:12000000000000000000:OKDOT:OKMYTH
19HSCUoFo2paZ7Zt47nobFNoW3vv8hWxvHvfNgHDx7JguJe:12000000000000000000:OKDOT:OKMYTH
1Ws1mNNCPaACb4xpSHHmyfUJHvuSQiRDbhiC1msWCRAMct7:12000000000000000000:OKDOT:OKMYTH
16bpfSjhr9oGXKx5RWpmKo21SiFKtxUGcppPaaWMtFtZin58:12000000000000000000:OKDOT:OKMYTH
15LAhk9NuB59wbN2Wk6iZzUm1vPdNMHPAMhfsSmkRzXjhEdA:12000000000000000000:OKDOT:OKMYTH
14RSYxaAdw9W4bWDssNoG1WeaXG78SBUmG2raJxAm5cf4BCC:12000000000000000000:OKDOT:OKMYTH
136EMzDo8i3waQKyNsYpXQ9G8bBd7N18LYhpiJTnfEwnVR3b:12000000000000000000:OKDOT:OKMYTH
1185oxtJq3gM9pA3wetfKK1UYp2LUCN749WxrRQm1V5VLnB:12000000000000000000:OKDOT:OKMYTH
15aSGh6SCZ9CcQFprtgmhnZHDUERxuuz2d22uX3rGAF9K94E:12000000000000000000:OKDOT:OKMYTH
1Nri1UX9WC3bYCQgMoBqf6sQ4YWiGeB4Pazx89F75sw7w5f:12000000000000000000:OKDOT:OKMYTH
169wUFw9FZKE31uZmzGifGwBXjesAuAsPgbEzJ7j8z3nukCQ:12000000000000000000:OKDOT:OKMYTH
15yzmLHnbfPWxK3QrdV8GAHenhZNJEy819ArD2QFPf4cN8pB:12000000000000000000:OKDOT:OKMYTH
16aaJx4r6KFunCwktqLEnxbYF3UEqnjhaB7gFzeV55J5fpgE:12000000000000000000:OKDOT:OKMYTH
14mCNsDpZkc32HJ2J86EMt5n8FP8aNzoxhxCStK5qPBbwPjV:12000000000000000000:OKDOT:OKMYTH
14AcPxNcu5gmaLnK8veUmo1rrS8UhFJHHX3XZRrQxKgDq8TX:12000000000000000000:OKDOT:OKMYTH
1M6jzo4aAdZWN1SqDsmRmtfXtyqCKb4CPSP768U4LciEaMc:12000000000000000000:OKDOT:OKMYTH
16SFuQYZEZ5npEgy1SFM5143QbEQjJv1uKoKdNGKdT7xrM1F:12000000000000000000:OKDOT:OKMYTH
128SaaWPkMUXbqiP2Y3pQtuiJTXjDu5zKWo3ezFHRpX5vAoJ:12000000000000000000:OKDOT:OKMYTH
13TjbmFqPaDfSF4GmXQ1Qa8N32F9WaRxZB3mdMMUe8f49Rpu:12000000000000000000:OKDOT:OKMYTH
1gHUPUVESzuQBte1Dsv9TGja46To1VS4oomzR3EjYNXx2Qz:12000000000000000000:OKDOT:OKMYTH
1mkffubeipZjn9JS2J8cLtk81CzfGKZHSKzr9uMc3atqDFb:12000000000000000000:OKDOT:OKMYTH
14ArKTVrgTupR9MP7Km8cKVJrFTxt3XwW3R6yEzmpsmgEMKa:12000000000000000000:OKDOT:OKMYTH
15XQp71SsDeqk5gmvcYPn37F2zQLV57gQqaQa8WEjjei43qb:12000000000000000000:OKDOT:OKMYTH
14CbcHkEVNijv9vBs5UYrci3mKK668Nz8EMEsdPq7sUxFriV:12000000000000000000:OKDOT:OKMYTH
1hEEKLJNx3fyxD9Yf85LFVS7smdTWNTTo32ZnbNpp2FZZXy:12000000000000000000:OKDOT:OKMYTH
14Max8rucGN35nFX3QELeYxdY5pJcE3ZioNa74rFn5H8gStS:12000000000000000000:OKDOT:OKMYTH
124XUL81en4v5qWiWkUy5NMby9SutaUatPJbsDdCWqvSdNyD:12000000000000000000:OKDOT:OKMYTH
17S8BuUk1PkEoN5tJxqyiVhLKNWU9WGXqisEuAghtAthekp:12000000000000000000:OKDOT:OKMYTH
1xonP3UxiiVCmsbLJzjkmtCueeMxwTwveEsykqqBPB3rFKF:12000000000000000000:OKDOT:OKMYTH
145umaoYyAnfFoip7ERtAf1Gd6F2cqgdFerWRS8cWm5wHSFm:12000000000000000000:OKDOT:OKMYTH
1322riJ6Uv374PU8LF5uL7qbYrZLSUANQBG22DinaveCBVBB:12000000000000000000:OKDOT:OKMYTH
12ii59Qk4eG9ZUSnAJQUkMc9R9TFK7D7ox7jUEavKpgxVJrr:12000000000000000000:OKDOT:OKMYTH
15cb2otm69vhgMrRs1gCGCwoMJxccjch8XRRX9naQymFmvQC:12000000000000000000:OKDOT:OKMYTH
14psjZyHV1b3cQoJZK6R9QdhUCRyoFQBrVDqrcWmnWpwWZdt:12000000000000000000:OKDOT:OKMYTH
12S8BBPRtGUHguoBHa7PTbAgYmC8mtZdZaR6UxcxJVaRJ3FE:12000000000000000000:OKDOT:OKMYTH
1VuSBuGBfgcf7p5JtvT3R8AQHEFrp9TzKsCJUbFUFc2nzcJ:12000000000000000000:OKDOT:OKMYTH
16g23iWyKji4rqbghzhuhiURQqHCUdZcrd7pdBravejcf783:12000000000000000000:OKDOT:OKMYTH
15z9hVQcrfG9HAhWccQM53k1ruYyeZf3SgjbvQCaNFk8aZae:12000000000000000000:OKDOT:OKMYTH
15p2bzRkFWoQWa9oKxthRUJopXysbLtjbXvoZUWPUpUFYBfx:12000000000000000000:OKDOT:OKMYTH
14sCNNULeTYRM9hCS1iUhgdTyxciBinYsQbuwtF3PZet1oc8:12000000000000000000:OKDOT:OKMYTH
16Kc4TCt7jtukbY5RPqWZ5yzyE3oPYHUibuiejZSgSuKHAoF:12000000000000000000:OKDOT:OKMYTH
16a7Pu7HVPGPVCDJWW2qg5o4DxnSkYYncMWPzzT2EV5SB82Y:12000000000000000000:OKDOT:OKMYTH
14YbxTV5o76KSiZGZxAC99cVEf1GmUdYgYsjiqctgSsXbCL8:12000000000000000000:OKDOT:OKMYTH
15WsQENe9aSTtx6jwgeRVNCUkuLbYAkCYxrJmdxYa7tQPHYM:12000000000000000000:OKDOT:OKMYTH
168RJB7ELYSDM9RRji7nmen9b5qJtbJkd4rUGEMGxbycCwcc:12000000000000000000:OKDOT:OKMYTH
125DZNk9S16vRmZR34B6xLbs1QEBW8C8mF5aXqhzzyLAnK6k:12000000000000000000:OKDOT:OKMYTH
16fYxYPRV4VfKqGAUVhbUuHjzJXt3y8HFEBWVX5ECQMgxbsw:12000000000000000000:OKDOT:OKMYTH
166kDcvkpuTuQyyz7yJm1z3c1dqD3uYd9dJ8DdbxN1kU5LMX:12000000000000000000:OKDOT:OKMYTH
165BTaSJtnCinxvxFWTxtaX4hLH1s6feRjyFiPnW9KArMLhq:12000000000000000000:OKDOT:OKMYTH
13Yf1gJcc2MzHzpEF3wsQkCZGyraa9r3pvgbbi6RGNnbDKzT:12000000000000000000:OKDOT:OKMYTH
13EhK993nNyYJN3advtEyt2V63ytCe7yufoWxJ8Poqkd33r2:12000000000000000000:OKDOT:OKMYTH
1VpSTpKrw6xU4HoE4tTjA2VmptcCcfQw5r7taqEJzMEGZpT:12000000000000000000:OKDOT:OKMYTH
16HMwn2Z5czgJSgCSns94ZoEau4Y6mD69Xraw8BwDVoeLxG8:12000000000000000000:OKDOT:OKMYTH
14w9FhrzJJejcTBBAWsLiYbsCNZ5UeMbcB5jsnMn5Jq3gigN:12000000000000000000:OKDOT:OKMYTH
161su64s4AhXa3cJFG2bLwEXZi9vStnocuoo71xgYMjQj3Pc:12000000000000000000:OKDOT:OKMYTH
149pN3oHQrnQo9gEN8QVvkjfkhGRsYnEtsmYxAXkx5tUHRSr:12000000000000000000:OKDOT:OKMYTH
1yHi4DZydQjYwWtXCK5iGBnqyuiMjSyGgmqt8eygJDPyHRF:12000000000000000000:OKDOT:OKMYTH
16bxcSy9Pcq93BoC8yikFX5LMA5dGA3ds2P6F2jyxXL7CZJA:12000000000000000000:OKDOT:OKMYTH
15zrGh6N5ZmuaaWMb5UhN3sugTudTxPh8nCZMzeSXvmjyuSp:12000000000000000000:OKDOT:OKMYTH
13UMwjT2tTgLp9c55bYWBq9BCNoSKHYW7Z3edzzfa3bPgS9m:12000000000000000000:OKDOT:OKMYTH
16G5p4sNAGuXRcLxnfuLNKZv91v8HCLpJYfZiw6ACgU5QCYn:12000000000000000000:OKDOT:OKMYTH
13TpHU2eE9m6U2g5jjyne9yZwzLdWaB8yLrfdivJhAxmUA3z:12000000000000000000:OKDOT:OKMYTH
12fNfjtZWo6PgUxMLgB59gmPJaZZ7EqxyLkfGvcBDt4ZYQvP:12000000000000000000:OKDOT:OKMYTH
1WfL7DizteutC81WwTBhn7np6ByzQziruyk6Y19BXuCHJmL:12000000000000000000:OKDOT:OKMYTH
16MMCPwqSifJ9E5SubGyBhmMUAT8E5M4nfSm6EfxnYgppvRr:12000000000000000000:OKDOT:OKMYTH
15VcXnZyEEVdE7VRbBCi5bVAsTCXvF83HxZYPJpL6Kj9BtB7:12000000000000000000:OKDOT:OKMYTH
13G9zkjd7fpJy6GehDQgaQSkyL5uGMmnrpf82m16FmvTvEeb:12000000000000000000:OKDOT:OKMYTH
16LnKb8ryvUT2dfu6qNgsyMA8kTLRkvFdpWxWMYYQvXYx1yh:12000000000000000000:OKDOT:OKMYTH
167jWZ35ymfLxJyDzryiEgj6jFCb1FNTnzRzb4C8JF5AWjSw:12000000000000000000:OKDOT:OKMYTH
1o2afN55m2CtP7chRTsDdZsuH9thAdsHfL5t9MpmENRNgAR:12000000000000000000:OKDOT:OKMYTH
12vHGod34V8aTJpu6zKtMropnEyKjse7gqNcwhxcGovMdGCm:12000000000000000000:OKDOT:OKMYTH
13e6PpVcenuHzuT39PcvfDtMre6szgbqBihgZ7p8a1MQL9u5:12000000000000000000:OKDOT:OKMYTH
14i9SLtgU6fMG6dZfrrbYY5yy3vjA8Uz2SnpQzrvbW2Nr7dN:12000000000000000000:OKDOT:OKMYTH
13GtSnhiPfdzTQNVY8HsfwbLDNNZaw6Ck2HqGk6sMJYvXfDr:12000000000000000000:OKDOT:OKMYTH
14aFoy92Hv5TGbi7ToecpiL9g9fGtphxny4AdYvThSYDoUnS:12000000000000000000:OKDOT:OKMYTH
16LqBpj8vznKuvZzCNCFMez57GKHdFYTiCUDepDjS44CckYm:12000000000000000000:OKDOT:OKMYTH
13ntk7ar222HKbjkyNNMe3N31nhzLMRqhLYEnmGh9HT9y9cB:12000000000000000000:OKDOT:OKMYTH
16Pm8m4wqp715ePRxL3tbBcLyLmuRC8Ju9HnSL8UGYnfN8v9:12000000000000000000:OKDOT:OKMYTH
128NKHSAgPKyLuCNj7ByvKzuqTYNt1E3PXbRy6GGTybjdQmS:12000000000000000000:OKDOT:OKMYTH
16eYEX7UpJe1kdc41TDrcnni5Mwk7QbSWHAeFiHf9dk2wuop:12000000000000000000:OKDOT:OKMYTH
15GGKacQNBs1LxNxSh4BV5PRbB42bVwwHDEvVr3CAVzmEDwF:12000000000000000000:OKDOT:OKMYTH
15nUQjiBZdgp6XWVxRxuyGGibJmVt1RmnWMBDGALchptz7SC:12000000000000000000:OKDOT:OKMYTH
13MKeNTj53scgf33qLKBDSVfAy3KLTAzwE83mpPAGsVFJ26a:12000000000000000000:OKDOT:OKMYTH
13KvQnk7mxyabYzKcTbmvzgTwEANSAKqiDcKrfeqvZJPMDVc:12000000000000000000:OKDOT:OKMYTH
14nYyb8BsA8gNWUyM3KGBVcn8PTzAk1cjfqs6gQ241xatEYY:12000000000000000000:OKDOT:OKMYTH
14AUhhYxbUEdfKo42LwMMyWs3sVZW7xNKkbyHoCsrQm73sxW:12000000000000000000:OKDOT:OKMYTH
13p1j6KdNjTpmxkGFXLBukb5uB4pv8Ga2sHhFX6ibDzmPma8:12000000000000000000:OKDOT:OKMYTH
1VWksC9b7YNfjNjnRbqyALjZChHYiAG79Rv3i38teWir3mT:12000000000000000000:OKDOT:OKMYTH
13zesokCLYhv6s1Q6avVN3pxe1u27EMK14KvNFqpV91BmmoM:12000000000000000000:OKDOT:OKMYTH
15hKuFD3CqbhT9pzcqcYPbMTR26xhTwPY2PLuxxn4qADrBiR:12000000000000000000:OKDOT:OKMYTH
13tCPQHT724XDEsGXaiRgsUVLcDx7MKYX7HqWdfFgFqoBhFt:12000000000000000000:OKDOT:OKMYTH
15jYPMVqbZEbZ1WyWa4ZHSoqhq6bP3mCNMxXdrZZ6EFSD6f9:12000000000000000000:OKDOT:OKMYTH
12y5dv5bXCji5rBCHqjJXhTT29QVwJFH4BML5svvZQb9Nzpm:12000000000000000000:OKDOT:OKMYTH
14MXfowuRKzrZdF4mfPBw2d8iGPiSSd8Sm713Janj3D5Zmeq:12000000000000000000:OKDOT:OKMYTH
12ayCUnqtXNgqFycrDWnYnf1gsyTUPPSiHmZBWha7XADPKnN:12000000000000000000:OKDOT:OKMYTH
14eaBj2sfg3h8srGEBN35MEnKqz2VAxgDAVU7JKjuVzQenkE:12000000000000000000:OKDOT:OKMYTH
16b33pBxbnwzbsYeidzmjRCEm8TByCTVaKp559Dyq1r3dqFK:12000000000000000000:OKDOT:OKMYTH
12T1T7Y16tpQJv9xmjQKFhPM6ZzBw9TD1eAgX2UiSyEk6KSb:12000000000000000000:OKDOT:OKMYTH
162Qu8TcCdCGx7a1UgVXk2Q6G6RRqc9Xvk73BkHAV13cCAZ8:12000000000000000000:OKDOT:OKMYTH
14webjj4tRB9VMfbnUrj3vxaveb6Z87C6o2zdUZ5whXZb1m9:12000000000000000000:OKDOT:OKMYTH
12CP2cmcye9MqyrmgUCjKd2N2iqYjXnRwfffniqYchCyZF2M:12000000000000000000:OKDOT:OKMYTH
16PyJa3TyFSkJHH4JxbnvEtSQHheYa2w7nMdHzBtuWujCMfF:12000000000000000000:OKDOT:OKMYTH
16AkcAyvhuBdDBRJy9K47FYehFxMw76cSwFANeJWEx5F5NKV:12000000000000000000:OKDOT:OKMYTH
136kGbz9vdJjEBsHzvi23iZNWYUJAcJyFveKBD4FtgVUj8Ye:12000000000000000000:OKDOT:OKMYTH
13jYcPtfCubtMQJfnfJF57yXNU7cj5XoXLoyVW56kjd3Ta59:12000000000000000000:OKDOT:OKMYTH
14wLDdETZbsVV79qvc1KJxSsgmpsR5Daocxe1GGjiJSkqiRV:12000000000000000000:OKDOT:OKMYTH
1bmeaK6H2YVZEqAVWTHzgwzXpU5U9DvQg584fxorgzGkgV3:12000000000000000000:OKDOT:OKMYTH
16D1LHiS2BhJ9fayGZ5rLFog25wZjymNN4JVr9wys7fbgC6W:12000000000000000000:OKDOT:OKMYTH
12qXP9BsBV4CvJfBx4oycwpfv8neJKieUavvkttcK7vvgbAX:12000000000000000000:OKDOT:OKMYTH
13ZwY4iS7zdPSmr6NP2VmjzT7Jc2sN4aBt8eFk9Yrs9GCZfU:12000000000000000000:OKDOT:OKMYTH
14ixMRAgi8U8q9ULWyYHdAFserPt3MPGpG6dXMhkn5jDfU8r:12000000000000000000:OKDOT:OKMYTH
15qs7TBjexaokKsjuGnYA4i8nak35yDLUsg6jGR6sKCFnMxV:12000000000000000000:OKDOT:OKMYTH
12qNx7mnFvkvYNGnN2DpHuP84WufDRaLFxpXLXAmxUH98cir:12000000000000000000:OKDOT:OKMYTH
14A2Cg8K54N3yWcCa7GzCAYc1TmwZMhbwxbUFKtd8TAjd19A:12000000000000000000:OKDOT:OKMYTH
12uVVNBMnH8zoFErngyn6uisid6MnSwz9fVSK2HW2wndW2zP:12000000000000000000:OKDOT:OKMYTH
15cSgDJ3aV19Sk1SGUenqhPnBVAYq87DwTq5aiRDUw8AATbF:12000000000000000000:OKDOT:OKMYTH
16f8MwbzcfgWQrdPL3YLiXFq3Fkk8oQwL4GKmurVEAHhma6T:12000000000000000000:OKDOT:OKMYTH
16ite8gX69Wb6aiToBUNjPjbysxhRsLDXExTUaiPFCBBAZ6R:12000000000000000000:OKDOT:OKMYTH
13heAAJsNjHSX9YnbAD4RJFybER35B3mf63jqLrPZKyBZ53X:12000000000000000000:OKDOT:OKMYTH
13qy9T2F9JzxjSLeyhyNuGP5Eomazeodq9YSa81Z8ETBkF3F:12000000000000000000:OKDOT:OKMYTH
13v3yV5bUKBoearLYoRWPnKo5En5phvTggasd4sL4m57u4EU:12000000000000000000:OKDOT:OKMYTH
15kibmxNr9WzCodWXtupBFbMCdHV49oK6BTCitAuTBejt1f8:12000000000000000000:OKDOT:OKMYTH
16Ve8xjLoEmJHQGwNMRQSJyKziV8w6FKsQfnygWEgD738oNH:12000000000000000000:OKDOT:OKMYTH
15cwPLArfN1rGyQDusiiBzhH4gfYUTZWc6ask8Wf4AhJAEa3:12000000000000000000:OKDOT:OKMYTH
1eDTngiM2sjHkyEhHh9BnrsELMwCYY8xa4cWRW3531Kzvtj:12000000000000000000:OKDOT:OKMYTH
12C3G37pkq4nteSg4VHdG5AYYBuaKMj3uj41jnmxe3968GWC:12000000000000000000:OKDOT:OKMYTH
15UvJUoYfmoyBBvzRnpGT986ZL8WVhdGQh1BmW9281TZAYxe:12000000000000000000:OKDOT:OKMYTH
156nS6p1Tu5T7664yHQVHXzjL5on78np6xTZSvDV4Nzzw6eL:12000000000000000000:OKDOT:OKMYTH
161Xzaiv9uEJHmENsLBsUJaKviqV8NvWbZYtXQwuCqzDbtey:12000000000000000000:OKDOT:OKMYTH
15LLdbDnHWmGYPwXVBsDqA5ieGutdNW6pnRR4K1ySifgRi8Y:12000000000000000000:OKDOT:OKMYTH
16EkYsns4A9hsEbXV9cz15yQjnVnPx3AB8HPGogQQaeht2Gx:12000000000000000000:OKDOT:OKMYTH
16FftTeunfBvu2RkoE3o5ds7GFkYALZ87PpxkUfCuQkGeEav:12000000000000000000:OKDOT:OKMYTH
13ZwgxjXJRBsYhE9SRJofrEhsxd1tczWdkpumHxovm4wihcq:12000000000000000000:OKDOT:OKMYTH
14kgrDiSzB4v8NpzgMkqWuvedRRVnQYja7SXomucuJHbvR4Z:12000000000000000000:OKDOT:OKMYTH
1orbXiJKafcD3KVBrhoT7W22pLMdM62zxnrQG7b5388MyKM:12000000000000000000:OKDOT:OKMYTH
12pqzPrfBCDrq3AqoDgyNQVvYPwm9dDqsZNm1HAKV1jtTWbC:12000000000000000000:OKDOT:OKMYTH
14fov72mSYRoKNyjDp5PQ6eFaUWJPG5kDyi5agjMHS8HZdMz:12000000000000000000:OKDOT:OKMYTH
1C74aWcrBNVWKKkxTMFoQSFUZPGrb3u6vzkZGtYwKCnVgdA:12000000000000000000:OKDOT:OKMYTH
16ZkRha2B6Fb4AJtrY6nBFdAeB8m2NaZtzmZGfNaZUcpDSPU:12000000000000000000:OKDOT:OKMYTH
16MrtCL8JTujqeKaDFJuZa4eM17WWUUa9HoSjtM1q7t5eepd:12000000000000000000:OKDOT:OKMYTH
15nLraFGSFMoKgaD3z84HRsJGMtBHRHRcDPxfWQRAheiHitm:12000000000000000000:OKDOT:OKMYTH
14BkBRoTtpoKFT4PzCnWDA8gUQAWk4tvwNarnmsfu3QYoYK2:12000000000000000000:OKDOT:OKMYTH
12oW3gdquQfXwHfStgPu8emz7oiusg5xpx4d9E8RE2Aq1pQ:12000000000000000000:OKDOT:OKMYTH
15BCSNu5GooTS61JbxUFmicarL6U88mKBg8AmcTagV4kCHK4:12000000000000000000:OKDOT:OKMYTH
16a5hjvSLetzkmVNgXgqQcDKLzpGNFtTCQY4ncbZgeVmkhqs:12000000000000000000:OKDOT:OKMYTH
11YsM3ftwJeRZ42Sg7y3nyE6t3fMVBQw9q9QPMbgjKpC1ei:12000000000000000000:OKDOT:OKMYTH
15EsWrsGNkhAK2Gfy8LPTZnJhQx2vGUbi97K93CGS91YveAj:12000000000000000000:OKDOT:OKMYTH
166WMKVXUkhqnLKYyKCrHzPLt5dDtSKu1ssMQU6tPF5Ppg4B:12000000000000000000:OKDOT:OKMYTH
16865i7Yo8GHMkK1seiRLCJVoYE9xzSpyA5VgbZiCvdg12dr:12000000000000000000:OKDOT:OKMYTH
1TjUpqthvgKJuRLnVoyDZ4izvnWmVeNNGqvkKkh8p6xpbF9:12000000000000000000:OKDOT:OKMYTH
14nKwG16nR43gUZs3mvBeKfLAUM1tjH8w8DAajgUoj3wMRzP:12000000000000000000:OKDOT:OKMYTH
15ronJPAivKiUm35325xNN8idz7X8Th2PeLaZ8suRfdtDbrT:12000000000000000000:OKDOT:OKMYTH
14ARWqq1WBb1d7GZofWqwUoeJeAHnWwmRQPAWFJWauvvinLA:12000000000000000000:OKDOT:OKMYTH
153bzGSdAtYdG8EwPSnpMW5jQvqVLAsoHE5L42ypGTwCtH8S:12000000000000000000:OKDOT:OKMYTH
12S5Tz5YEpa9esH7T22Em9whuNYpu3VLzCs3Uu5Q9CVZkMER:12000000000000000000:OKDOT:OKMYTH
12qma8MZSnPMSB3VWUShZg86jkPrkn3TNgA7KmP8F123JtwF:12000000000000000000:OKDOT:OKMYTH
12LW7yVACpJH3UUckBSjEDHetQEgveNXPA14dcLJV5J3AvH3:12000000000000000000:OKDOT:OKMYTH
13ynD9fE6DuEH3PxYXwnNC8zF5Fmf1BFxYrnvDiY7fHjQP71:12000000000000000000:OKDOT:OKMYTH
13rNhxaVHSpwu4PPQYMy3FSFqwkngpbVJQpQfdzVG1Dwpw43:12000000000000000000:OKDOT:OKMYTH
14VFHeKoA2xSqPjHRgsnikf2XCnGnhnYKYx8DCebW5CmhrkY:12000000000000000000:OKDOT:OKMYTH
1JkdwapyhGcLLF52pzoR2ezN1zbTbFeXmXfn9NK6GiDQzVh:12000000000000000000:OKDOT:OKMYTH
14BzGYCMiXmAciZVTR7ZS9aE1br8DFuqPGUUviSCwNEt9JB3:12000000000000000000:OKDOT:OKMYTH
1q2Zjs3cthecc1aREZswo4Ta9Z9g9HCpLMKtXNnMPQ2HFUo:12000000000000000000:OKDOT:OKMYTH
13aEmVy3aS7ud6Sq1Nr1KuVXwKjzJdiV17LpCj8ChVfcXDnv:12000000000000000000:OKDOT:OKMYTH
1tk3e4MTnXkaGwhAkmek7KZUjvoArL74APMgH9UQdMhxcni:12000000000000000000:OKDOT:OKMYTH
16BJjNhs9PJeBM3HfqSUpStLWPkLeY3er39v1UZJULUG1L98:12000000000000000000:OKDOT:OKMYTH
16VPJ93UnmseeWRgaU94Xcm71bhuvEGNaMsKUzw2ctgoZxGn:12000000000000000000:OKDOT:OKMYTH
16jTnyr9SDECaKfSPLUmZwqrwzLn97NQZQCpPWWfCuYsCpgp:12000000000000000000:OKDOT:OKMYTH
12pPuTVup8EXZUFfAhm3n4K7QtzJipvH4GQGUA5um5LPjntM:12000000000000000000:OKDOT:OKMYTH
12E7fpebYXDjHW5zqr8tBEPNjfcq7au4ZC3NUWvpfsypkzRb:12000000000000000000:OKDOT:OKMYTH
13bszHkss2oExqjuCX2ZCjgf7wbZ7LD7iDKBZW5V5JSRTWfU:12000000000000000000:OKDOT:OKMYTH
1bx8AoT9nwizXZhuWB2x6RyspCxq9H9oevCwpAe6Eo19rYd:12000000000000000000:OKDOT:OKMYTH
14ukFA4KuXHyLVEbQzn7a5QBjbemCVG2b5fyVsB2ZseLmUWT:12000000000000000000:OKDOT:OKMYTH
16aQX1qvJPceSfyo1hxUZXpwdi5HASNqTr55GUDhjZtcmJYT:12000000000000000000:OKDOT:OKMYTH
1PtdoXcH8HGN59gSTFbJnRJqySPHoBNtGpxpQJZGVL76gHt:12000000000000000000:OKDOT:OKMYTH
1eKbeC1h1M2gTLrgM2prHEXGqPDtGtnaiNvkfTBFJQ1CSXc:12000000000000000000:OKDOT:OKMYTH
13u8gKn3DVMLrXKHagUySt5beDba7daHgVPDr3vhK8ZJDC9b:12000000000000000000:OKDOT:OKMYTH
15szh4kef7JHezXxpA1pE88BWukHFMZ7EnDY3oriyS3kXnDN:12000000000000000000:OKDOT:OKMYTH
1ogVjTf3dEVfsN7nEY7H1uwtimzemCaFaw2kzZrAAtWJstv:12000000000000000000:OKDOT:OKMYTH
13GovbLeiBt28LmhKBoQDqSJRqpZ7QsVVsPqoKSF6hiWaPef:12000000000000000000:OKDOT:OKMYTH
15xRa2fAmxjGnPBU3q7aVVCchPKBfJ9jdqJkE5iEmKi4D9Xn:12000000000000000000:OKDOT:OKMYTH
13pqD64SkFyGNef93T26X7RyV4C9K1pMEPiLuiHVxPXdjouu:12000000000000000000:OKDOT:OKMYTH
154Ydz27DCqtheaMqng6WZ8KcZUaxzq2oArcXLwkKTeq3sSf:12000000000000000000:OKDOT:OKMYTH
14tvATY5HpZcJEr28w8UEAsnLAGyLFWzfqpG3NbBq4ws7q2c:12000000000000000000:OKDOT:OKMYTH
13GSc6grsKtgCZRRzbsKMY3TmK3c4Ft3vi97oSyAaL8mUZY1:12000000000000000000:OKDOT:OKMYTH
15qF4aieXXhc27H3byJMwdSmJe72fCCMEDjbV7kmphUPW5mZ:12000000000000000000:OKDOT:OKMYTH
1CHVrgPBqSoTfv67yhpRBs6Ek2p4hzbYhZMgbUkym7Mo26D:12000000000000000000:OKDOT:OKMYTH
1ahsQgbdMkjR3C2UMQBc5F8r66uSki18vzh76LPDKCfhTvF:12000000000000000000:OKDOT:OKMYTH
12kxN3i5dHdwzxKGWzJnN9qQHnSyZLLKLk3JhVa6j8o3wye2:12000000000000000000:OKDOT:OKMYTH
15SKprv3BQMPtv3sKWypDksCTAUZZxpC3psFJ1fyEus11NX9:12000000000000000000:OKDOT:OKMYTH
14CdccPBG1q8HEM3cYDNfRfr2muwJyHXzExz6DxRAM4dStgT:12000000000000000000:OKDOT:OKMYTH
14wu51GXCBYdi2Q6XqGNhJuM213A6izP2pF1YuGWJsVpk6td:12000000000000000000:OKDOT:OKMYTH
133TCTFQ99cjHdCvyehQoChmZPxuvn6cAUmJaxwMivzz3fAR:12000000000000000000:OKDOT:OKMYTH
12jXpBPHCZ3WWuiXiM7FVExQBES6dfCNqGdgsgQcDSDts5eT:12000000000000000000:OKDOT:OKMYTH
1gGWJaWXTZuJ2JhFHck9Tt44T3V43cvfkSU74BXeAWyhXSz:12000000000000000000:OKDOT:OKMYTH
16cVCt3nViJWANvMjr7P937NzHAYnHHPNEk9aETw9wUCi3FE:12000000000000000000:OKDOT:OKMYTH
14sXT2HLuqXR5nPZmqkCuVtxtmAjhRbMT3zF7GXzSrkFfxeg:12000000000000000000:OKDOT:OKMYTH
1SXCrurJZa8kK7nKUeqX6FmCSckiKuxRKiegoCcERZCK4ja:12000000000000000000:OKDOT:OKMYTH
14Pg6GKNfpTuNgu7sEbBHy8wjvoFsRNjf8WTWgPcbmJPmfYx:12000000000000000000:OKDOT:OKMYTH
15dezCiypDMAZ5MLYEsi8n8kyXcJrvFgvQo4ZWBrknXQbXXr:12000000000000000000:OKDOT:OKMYTH
12KmWttKmZPbhYEWHfJ4iFoSP7wuPXq8PTPbuJ5TqbzAjPvC:12000000000000000000:OKDOT:OKMYTH
13mPu6fySi8yCsqQWumgTJtjFkgWySpNpiZxe7nHzpja1kMJ:12000000000000000000:OKDOT:OKMYTH
12dVAdwVUzwJuae8nPk7LMGFBRETvCnkAfSB1s25LXL5iJq6:12000000000000000000:OKDOT:OKMYTH
15tZuL8u35K5i4aKmVCSYQQrXRwiAmtNJurFj6H723DjUAnc:12000000000000000000:OKDOT:OKMYTH
1GGurDFQASkTZApQuzKYy5yfKsSmQNCfJ4iYnQRzkxx2XyG:12000000000000000000:OKDOT:OKMYTH
1zTnRCi4qzHf1M8weTbwEfupWyMqN8GFDv94Hge3JQoxMcK:12000000000000000000:OKDOT:OKMYTH
16cy8QtxoJvbWHDrKmoB5Kfz3BYtHQezh61P3767BK5GCDHZ:12000000000000000000:OKDOT:OKMYTH
13NCLd3foNpsv1huPDzvvfyKh37NEEkGFotZnP52CTR98YFJ:236000000000000000000:OKDOT:OKMYTH
