148i3aAzfHDzV6ceLJBbgKqZgBNLnY3K7kvfdUA5qnxnMDYG:12000000000000000000:OKDOT:CHECKMYTH
12eW41ByB7WGK9FoZSaQRzu8etLk4LpsGBKBCVXo9cUCgx1N:12000000000000000000:OKDOT:CHECKMYTH
1YkMXEyy4fGkFxSmvJYAWgBY8jgTpuodE5XnmYT6sv2nrKm:12000000000000000000:OKDOT:CHECKMYTH
1669q1t32UC3ZdcGfPz8K9x3NhiSmNbLBpZSxb3P2sw2nC3d:12000000000000000000:OKDOT:CHECKMYTH
15WiKVJQa7DKhk5hT1fqL33UqcirhzubPnULQCrCRoLycVLr:12000000000000000000:OKDOT:CHECKMYTH
1448Ah9aci6WejDaivovAApPbz3JVjstdQdv9wFBVDBM3zHB:12000000000000000000:OKDOT:CHECKMYTH
15wWRwuJLMERyDGPNx2pU7423eGRvSC42JdcmYf4FR4jTga:12000000000000000000:OKDOT:CHECKMYTH
13EyZbTduJLRV6TgbRyKEo1wbgQPHSUoYy4ktZsGZLXSg8Vw:12000000000000000000:NEEDED:CHECKMYTH
13WqTKEXEz6QkHsWMf4G1jCTqLe1oasvgXScK4EHYDYmZxUr:12000000000000000000:OKDOT:CHECKMYTH
12gD5W6B4AiqRxNQvpkAeXXQ6Da2hQZyaYbm7K3vCwGPQHrV:12000000000000000000:OKDOT:CHECKMYTH
1QmLXp9Q1nv83J275iGrrouPo3eyHeJPtA6zJyNQoZbF6hH:12000000000000000000:OKDOT:CHECKMYTH
16K8MTBxzXCCvykw2x4oTF6egw9qN6cXSiVRLWTZ8jkYYSga:12000000000000000000:OKDOT:CHECKMYTH
13GUh3ED94b8sjk7u47i1B4JifPvXSD4HwVM7uBF8G7UL9QT:12000000000000000000:OKDOT:CHECKMYTH
1gpiM639BJ6DxDUwcCPnDKXoutUxWbFwxVRURuj7jSgUz5a:12000000000000000000:OKDOT:CHECKMYTH
12EMGZ7ZGCv5u9tRAGWsA29LEA1M9MKxz5ijJdxHoKg78rVH:12000000000000000000:NEEDED:CHECKMYTH
12eTox97j2hDRbzVfQfnD4h5z9rNd9GWzbrHXRRMiZeta539:12000000000000000000:OKDOT:CHECKMYTH
13EuQLFbaSZdzDD3jRqnCqZL19o8oGVbjKU6B6QUbT5tMRmM:12000000000000000000:OKDOT:CHECKMYTH
15rEMKpMvJ7oEGTD2TNsxmLmbQFVQn2VkYJUEFAHkhoYBg4h:12000000000000000000:OKDOT:CHECKMYTH
12Mdhpqbek83MHqgdfzzn4PtECmUNWoRwgJBVLCgXnSLd4Gj:12000000000000000000:OKDOT:CHECKMYTH
15U8bQPCwkWyVeJNTQWuDS9EJz326YpsXJZXyUmScb51ACw8:12000000000000000000:OKDOT:CHECKMYTH
14GQN2kfwrzHkTaXLRdQKwB5m1meRk5iwScdKBJ5EAg7dtQd:12000000000000000000:OKDOT:CHECKMYTH
13czjJG1Ya6kV2oNqyvayWB73KoiCQkDyBwN7srfB4yxAfFA:12000000000000000000:OKDOT:CHECKMYTH
16kKTuJNPCUH8BKkJB3JNwNEG4VeVrrrdRh4M3dp6v4FBpiY:12000000000000000000:OKDOT:CHECKMYTH
16dbuUXQcATP1HuTdysyZc8ZGSpVQTRbZyUNVhxjYcTfiy9c:12000000000000000000:OKDOT:CHECKMYTH
13uGo8nV7vzQgbNNvGjFnQu1Yr7xNe96Y6XNysnefaHRTJ36:12000000000000000000:OKDOT:CHECKMYTH
16ZeeV6Sn5reuqWfajUZv9XfWGeLvDj29sY8kH9MtzMtyyqw:12000000000000000000:OKDOT:CHECKMYTH
14diWQFFjYqWgWEVYhogt4qtsRHsD9R2C7qzegPhXBTvBHwx:12000000000000000000:OKDOT:CHECKMYTH
14b7Sz34VHJj8od4GEAY3nE8AZPHd6M7arHGBK7B3WRP2Kja:12000000000000000000:OKDOT:CHECKMYTH
14hK6fhYWJue1wc6uxD5kDyNAEYGkFvVMYVqtWYwqdPpUm76:12000000000000000000:OKDOT:CHECKMYTH
1n6YQKML3qB1tyZz3ZAM5sM2UBgDt6ksRDpkFQnMGFsexGU:12000000000000000000:OKDOT:CHECKMYTH
14PyP18nvdAfLpHFU2AQRqcpMgMoyDtTPbKgj69s5h8hiK9u:12000000000000000000:OKDOT:CHECKMYTH
14pEaWJQGKwDrB5L8ps1xmVbVuKKU9gP37HmPDfgN2F64X6k:12000000000000000000:OKDOT:CHECKMYTH
1xHUDYSvrTu3neiUm45dT46KR4Ak3QhFsMXdJqLrvXsKrFr:12000000000000000000:OKDOT:CHECKMYTH
13SPqsJgZpnePEXsZHrmvha2nfdNZv2D9NUonR7oSNkbcX2A:12000000000000000000:OKDOT:CHECKMYTH
14iHdLc7GkKmiYHy4NxYXm3vfvVgsqNDTPaMu8VZoEoNeXH2:12000000000000000000:OKDOT:CHECKMYTH
13FDbDz7Yf8Kriwz3D3mKzUuViNSLBccwh8gHEuNX9EUfcQv:12000000000000000000:OKDOT:CHECKMYTH
13XrqYwdMeR8xVk5ViuTvFvAz2bTGeSY9Cb1whLcg9vob8Wu:12000000000000000000:OKDOT:CHECKMYTH
12LPhCpV86yagfDTxv5MijcKyb6NrWejDf2pFvY9M5eo3Jid:12000000000000000000:OKDOT:CHECKMYTH
147xsd112VhytQb7Sw4hb3wfPpC4jf49TdN9VkfsakemAbFG:12000000000000000000:OKDOT:CHECKMYTH
14S4RXBxQJMcoHcPs5qUYm7WcQBvKTJ9Po9wtEJgKpRGD6j:12000000000000000000:OKDOT:CHECKMYTH
14u7w4GzojiPQhTxsJVa6aBuovVTRhFk2tfjhyeqAa75zKZm:12000000000000000000:OKDOT:CHECKMYTH
1vDWC86MfJqf1yrp77WZecQGXxZAnhCdDwatRUtYKTbAbRw:12000000000000000000:OKDOT:CHECKMYTH
15euehUpkWeo2MWcwp6zeT8gfxiUjiteLMucta9n2fEFq2CH:12000000000000000000:OKDOT:CHECKMYTH
13rEPjjpj34jGYq6ym7BcDCErvPbsXBBByd4zNBMNo8Wv3Cb:12000000000000000000:OKDOT:CHECKMYTH
1U54sXt541MtxMJ7FMQangRcKFmUCPujY73TYPBj8QMj1pv:12000000000000000000:OKDOT:CHECKMYTH
14PDYKDMkR41huHTo5h4tzCy8g6hfGSvPgf677xYGVF1Ei39:12000000000000000000:OKDOT:CHECKMYTH
13eq9NMNbN6XWPV3F1VmKnXrVehxNsqp8RuhHKpra7gw3g2b:12000000000000000000:OKDOT:CHECKMYTH
147wWtdssCQCGBdoyFzaBNASck4epHPUptzNQp926wP9Tx3L:12000000000000000000:OKDOT:CHECKMYTH
16hVhdfYHDWKBLbmgwb9bAa8geZCrw7tmW8SPjN31QYkmN4J:12000000000000000000:OKDOT:CHECKMYTH
16f5kExotA953ChXpFaQ9dhisV8357QCxnNjkTKYWFpS9uPU:12000000000000000000:OKDOT:CHECKMYTH
13EbRAd5XoP1QqTib5HmESmVXXJ6T33odcoe3z6wxBG22fYb:12000000000000000000:OKDOT:CHECKMYTH
12uVr48C5AG8CoD35Q2j8kcyEAHLdA8g7wKsSH5nZJg6TbVE:12000000000000000000:OKDOT:CHECKMYTH
15MudhaXXwWhpF5YqyhbbZoMdbMm1QrTSJonh8jXe5YuANmD:12000000000000000000:OKDOT:CHECKMYTH
15R2dsX9oqbpBqcyAX4pXKUvVQqdbdm8MWx1JM16m644XqLb:12000000000000000000:OKDOT:CHECKMYTH
12CsbrTBvyhUu7QznDupKvpinKgattMaeTaDscVMEXEANvAk:12000000000000000000:OKDOT:CHECKMYTH
1jSRnyyCy67xQHFDTy1VEvgQFYzLjcBp64Lt989kKtJHKN3:12000000000000000000:OKDOT:CHECKMYTH
12SHfHh8rPHTCb1jRh9yXE7SxXaWPUAC3BD9V8Cy3nRqi2vS:12000000000000000000:OKDOT:CHECKMYTH
13VtZp1q7pFD8epGWQgT7kzDkq35rr1ACuBVbZQxEi3Wp9so:12000000000000000000:OKDOT:CHECKMYTH
14bwUUuMyzK4xTRvUnXbKHzderC1NJZx4Qcj8YkEWPKXRzDr:12000000000000000000:OKDOT:CHECKMYTH
13jJDevZ3CCBRhur4soZdaDKrsrBWG4BA3BMsQCo122VuqTX:12000000000000000000:OKDOT:CHECKMYTH
13JYt3h98nJy4bfrsVrXtBUUF3n7cFEFPZ9496GgaA16r9W1:12000000000000000000:OKDOT:CHECKMYTH
134mwWUVUYyBhKq4rUfxUai8tbRyGKe5Bnv7gQhw4dkkWdWE:12000000000000000000:OKDOT:CHECKMYTH
15vvWFazyDhyarEFZDXsGf6KmeEyCD3MAK8EQxzyeN8f93Po:12000000000000000000:OKDOT:CHECKMYTH
14K6SApURXvn9q5SoFWwnFJuXF4ZUPcVErsLUN8vdkVPxQoG:12000000000000000000:OKDOT:CHECKMYTH
1nn8WL879WFUAWhQhswzDFXfCRKkLeEG2EYrYonHGCXg3pw:12000000000000000000:OKDOT:CHECKMYTH
15yjJQvBFJpeAsDsKAcvYkZve9HkTbr5sUe9TXevsFdnpqHF:12000000000000000000:OKDOT:CHECKMYTH
14KCeTZUxoUgJBy6r874fdftxdtRRMWDY1SzyVRJjmmfJFcA:12000000000000000000:OKDOT:CHECKMYTH
16afk7uaA8nYy6wRngECn2wF7U9QNNgXVj5TESr8TRh1o43Y:12000000000000000000:OKDOT:CHECKMYTH
1CWmQf4JVMfhtezqPScZvVmq1ja6vNm5m1gvhhtBGwb2Jws:12000000000000000000:OKDOT:CHECKMYTH
15pGeP4mbTS1jPhvCGSvXqRDHqVvLS4vkcfa8hhpN78XRSS:12000000000000000000:OKDOT:CHECKMYTH
16gZ2jamChvVhYAFSNgiLVc2feERY54DnCKxJLamLCEZRyse:12000000000000000000:OKDOT:CHECKMYTH
12JXf7D1vTYicRtfh76nKZdavtiSDgQqz3UFkQPn828rioAd:12000000000000000000:NEEDED:CHECKMYTH
142gbL58ZdCqkoEYfpVXUpWFH7PFYEgxBQDZqJJ6QykeV6Q9:12000000000000000000:NEEDED:CHECKMYTH
12Lrhe8aem5bYKG5A8ppPL3czCPb1eSkNczMKJxGb6f3JLuo:12000000000000000000:OKDOT:CHECKMYTH
13kUWmrYfAQa1XvpqdhHfEjbrQNxdpWeegFyTC4Gy7r9L5zC:12000000000000000000:OKDOT:CHECKMYTH
13rMBFvr175YSBFz1CFnjbe5GDBuRM4GxpExKeyXEDoGr5jR:12000000000000000000:OKDOT:CHECKMYTH
15FGYL4fwVCfXHyfT1NF9Eu9a7AspQLVjZC9uqtj32NyP4iq:12000000000000000000:NEEDED:CHECKMYTH
12JNg3m5NZu2TFCwbpNzix2Hx9Tww28vbKPCEzQPtHdrrM5h:12000000000000000000:OKDOT:CHECKMYTH
148L3XQw2GMPJumg3hKu2vKevfdqqERd7bbVKL2pRgfpf5z5:12000000000000000000:OKDOT:CHECKMYTH
12k2f69wxAN8FmKLtgjznjZhtCaeK56vyEfiqiSBTjcesY5b:12000000000000000000:OKDOT:CHECKMYTH
16g2HQw1wPG2T6qiG3SAFWYX1wRMMzwkLQhaynDF3MpeHnXp:12000000000000000000:OKDOT:CHECKMYTH
13jEwR6nfj8FLCjuW8t3SX78cMunZUEXsAeNExrcsfV5N5oX:12000000000000000000:OKDOT:CHECKMYTH
12c5EvsFrFbfJd7Wbbd4JtYEkH9Ht9L5SQk7XETUHFdm329a:12000000000000000000:OKDOT:CHECKMYTH
165BjfP23snLZ4mn91r62irrJ9rLUmiEfcwY6mNXTThC2Zvz:12000000000000000000:OKDOT:CHECKMYTH
16Kqq755WJ6CKzAeEaichGaN4KAVaSsiLFequA9VmZta4aga:12000000000000000000:OKDOT:CHECKMYTH
14frLPCvatyGDXpT37pcLU9RoyDiscZJ3nCjVwAmAbWpxTqQ:12000000000000000000:OKDOT:CHECKMYTH
16ZzJKezP91Pcc4RdcC12SeaJTW3weUfFhBt6opTMMd4dGLo:12000000000000000000:OKDOT:CHECKMYTH
13ejEYTJLc4JjkPDPkH1Xzh79psC1uzuBrbQhPchWSYeq3ai:12000000000000000000:OKDOT:CHECKMYTH
171Ki64Nt3wuz6SncwxABcs8AGQ8TLNHSrXTzRDeZmE2y9K:12000000000000000000:OKDOT:CHECKMYTH
14s8tQBEckkkbRnXQG2s3nLpVpu8s1cxYQhZ51CFWuNt8Qyc:12000000000000000000:OKDOT:CHECKMYTH
12GZm53RAKJufe2TFyyVj6sMZ9TJRz5HbdHLTrm8MKSM16gV:12000000000000000000:OKDOT:CHECKMYTH
151ZZR72yuu46wFZP1hFTDRizsaQuacve1r73as5onmPP9Z7:12000000000000000000:OKDOT:CHECKMYTH
15SgKKLUHoBLwXdDCrg62QLknPHsLQVv4HTaxxvyFMGUN4ez:12000000000000000000:OKDOT:CHECKMYTH
13vjT7V8WEHdDecMqpWsPjiD6h8zbz66Bb3qgU3DRdkWtRSC:12000000000000000000:OKDOT:CHECKMYTH
15wMU2Mqh46VEo26cvQnb1JUak7WLKZZ5PMVQSJsfQUZEdyn:12000000000000000000:OKDOT:CHECKMYTH
127nBWKZ77kjeWuMVZEGDjr9NeC8LZ658YbLYe3pcxvgFqV2:12000000000000000000:OKDOT:CHECKMYTH
1Zh84wpMLZxMcc935cx8Gn3AJsCremuHCek3p9rABnnVYqV:12000000000000000000:OKDOT:CHECKMYTH
15FLbnMBv7BMZW7Tbdi9NnuxcdDTDqEm9gJEfyLtkGgyJKxb:12000000000000000000:OKDOT:CHECKMYTH
13nmkjnPrN75VvzB4tWbrgP4zYDCc6AcQ73WQkwwus7HjgJQ:12000000000000000000:OKDOT:CHECKMYTH
1UmvwkpGe9joKx1MHKRuE2HHndrn29MmEXV3C4VkgPdbx8E:12000000000000000000:OKDOT:CHECKMYTH
12iUxcTsRZUBr8pbDGMVBSgHgv4uDXd4VkWt3vuxogRParwU:12000000000000000000:OKDOT:CHECKMYTH
14Qr4t9oZsf4xL7P9KS46pF9VSpKv8VUnKkFwiacwNu7E2Nt:12000000000000000000:OKDOT:CHECKMYTH
129eNmpCt4coxidemUtbT1ST1Cnuy8G2EqVg8dHx6eKhE2VD:12000000000000000000:OKDOT:CHECKMYTH
1n638Tasj6n27w51ihrRZvSwpjzUVCxkYkRKuuw8aKDzmTh:12000000000000000000:OKDOT:CHECKMYTH
15qPwhBvtpffmNTxFP4qUwbrhFcYBJz32TgHgXZwmmFiBgok:12000000000000000000:OKDOT:CHECKMYTH
16d1XaVjdhwQVsMskhbgciAeuifdCV4RyezB6kYp9dEUWrb8:12000000000000000000:OKDOT:CHECKMYTH
14hjNMUeib9tN1X4hVEFzjDbebXfCqPngmZD1rukwpQGfYDX:12000000000000000000:OKDOT:CHECKMYTH
13GhQLVjUZij4PHTcz124mPNKCKdQ2FEVDwPjVWsq7zhgfwC:12000000000000000000:OKDOT:CHECKMYTH
13nXmS7YSuBiunnutcfYZtZcYZGw85wg6d8mQKkcJBSNUKQD:12000000000000000000:OKDOT:CHECKMYTH
14eHDY8MJ41VHiSRb4p566wRPzNwi6ej2MQ1KstyXdrZSVSt:12000000000000000000:NEEDED:CHECKMYTH
14iPoywnLHUM4RZuDf1ExxCrVSvhvbrCLQ2PH94TNAQteSch:12000000000000000000:OKDOT:CHECKMYTH
143247AAGt5NGxwgQ98gRKgdDJScCBerNN2e2bXyeBRFUv12:12000000000000000000:OKDOT:CHECKMYTH
14nedNjnamAtXjnLPK94YGjewx2uT7uKkid69imqDQFWqcn8:12000000000000000000:OKDOT:CHECKMYTH
13t4SCjb2j7gHHiRpHvFwyoiYaGyFWsHWxfzEwvqkf5viu84:12000000000000000000:OKDOT:CHECKMYTH
15kFCDqfyiXHX4Uat9oe2ghduyxXXBRspTTjxvSHtWgwg1or:12000000000000000000:OKDOT:CHECKMYTH
12XTpxASV8oTsVNrprESBNLu2tU7VTfJbLhZkiPxM7KTeTEc:12000000000000000000:OKDOT:CHECKMYTH
1L2FVjiQ3gCkAfRoDrVvQXVyfYP376Y1CNxxnNmDSYRfRy5:12000000000000000000:OKDOT:CHECKMYTH
16RTu5VXR3zDFyGEXqPjmSxvuCG3uitZ9U7dUx7KfbH9B8zQ:12000000000000000000:OKDOT:CHECKMYTH
158So63nyf4AD8bKHqMzxdqVDEkk484YBEJWW9BT3f8T8dBT:12000000000000000000:OKDOT:CHECKMYTH
1ceijuHWvFo7TCb78UFZfsSH9tUCMddCjtmpCietJXQ1E8C:12000000000000000000:OKDOT:CHECKMYTH
1x7DGSu32sumvZZYK89KB79L5RHdHXfTHTgqB3GKUaKu5m7:12000000000000000000:OKDOT:CHECKMYTH
1XKPtEVWnn4hiwuYByDd1uThFzvEzt5nMMorsuon25CHUWJ:12000000000000000000:OKDOT:CHECKMYTH
16juEF3kfYDi3zCeRZM3tpS1kbEDahhANauTGV8H1QLU8kLF:12000000000000000000:NEEDED:CHECKMYTH
14sPdTSfgQCrHx65uk4CN7nFnsgrpkZ5LPDRh73B8bKfzk6d:12000000000000000000:OKDOT:CHECKMYTH
14jfw29HmQWaTNePHB5fpGkpHsdmptfMx9Kch35kKdQUzGZq:12000000000000000000:OKDOT:CHECKMYTH
12KE7zLyrFnM3B8FbTVgGW6WmqrnhChG53bisvAG5FDkiy5F:12000000000000000000:OKDOT:CHECKMYTH
14FswPELdvrwCoHRTniE7m6UXgSpRpViFYhvfZdtGikKmAgv:12000000000000000000:OKDOT:CHECKMYTH
123JdxCt3UW5FcG7XxooLPFzsH8PZmsNNGujy1mTv7o4gnvB:12000000000000000000:OKDOT:CHECKMYTH
12nFEtL9dHJeyHAKRoWUiXvMfhi4qZrc99TrhKT1868oGkep:12000000000000000000:OKDOT:CHECKMYTH
12bHX6cZJGX4smyWEbHDaMDtxMipXs54pMMKEgpsQrX4Zi1w:12000000000000000000:OKDOT:CHECKMYTH
13i9yPKLtjLGBifXoMe1Pxfh7aTJB5fL9mvdip6MdurzELVi:12000000000000000000:OKDOT:CHECKMYTH
15mL95j7jkk2fgKf3aFBBiUwrK3HgSefJdeVFTTQfmULmoqt:12000000000000000000:NEEDED:CHECKMYTH
14BzLTuWd1zMZBXMNWNKXxWVtW6UUs2hHQF4hRRmY27CtJ3E:12000000000000000000:OKDOT:CHECKMYTH
16ieLYABvUi2DG8RQBTHrFrZGVnSNQ51jogYdJEAK6FYNB9c:12000000000000000000:OKDOT:CHECKMYTH
15Dwk9WN13WZPSo7s6959B5PA7M9tnPXUuZ3gDYFohc3UjBW:12000000000000000000:OKDOT:CHECKMYTH
1awpc97STvtdmCyrbrE9n5dFm617N5UCLyr9ZMJq5SHkPjk:12000000000000000000:OKDOT:CHECKMYTH
1Do3ozky9v2wrEtv5WPEkrRqgYNKhUx6fnkpPZeRve7awq7:12000000000000000000:OKDOT:CHECKMYTH
15SRfFCZAAsxQH1gUz879985iBL1GNERg4PyP1aJcL7KtNB6:12000000000000000000:OKDOT:CHECKMYTH
12xkaGiM9RxoeBS3jBANC3e1TehHBTm6WAXT9QveAKvHaJVS:12000000000000000000:OKDOT:CHECKMYTH
15bjAYmfbsdTfdyn3znMhefZQMnHAdCFRkGYVsRMxYYXax1z:12000000000000000000:OKDOT:CHECKMYTH
12VVjdEPVags6DE8SFY4rnw1zdaW12CuKXeM6U4BUwyuMGCx:12000000000000000000:OKDOT:CHECKMYTH
12i4iquShLvYQnd1PrvcWJmG48urXoaeXfe59QYXkTuz5GQi:12000000000000000000:OKDOT:CHECKMYTH
1CSSiFdsp3NWWLrLmvXNi324AZGuCHyQ69js8F3yZSEzY4S:12000000000000000000:OKDOT:CHECKMYTH
164cLeNjxqjajs4d8b2VUCPbDhM4pDoz3b9JhacBKWRQh6QP:12000000000000000000:OKDOT:CHECKMYTH
1keYXcdoyVNE9KEEDFFrQukfmRuk1LnGtfw7z6jwGKV8XLD:12000000000000000000:OKDOT:CHECKMYTH
13195k5KcHiSg9geQKsUvVKJPstmJuwsXsfxCR4DK5Nkv4e1:12000000000000000000:OKDOT:CHECKMYTH
14w7eYfbqD8Ly1Xc6WfMFTgEvVQMcCLgV4xhoTWVvrpjwrEr:12000000000000000000:OKDOT:CHECKMYTH
12R7ddNAyd32teBKyoBNbcBRhxVaVHvHkh5GftVWpohSyUda:12000000000000000000:OKDOT:CHECKMYTH
1565KdqN4RArkfT1zK4rpriAjtncEHTqL3SCfGP4NayCHpcT:12000000000000000000:OKDOT:CHECKMYTH
12eoTyPaPqTmQwaMNcyVmPa9fRVNAjB1pvzSNbHHQGvpmnGy:12000000000000000000:OKDOT:CHECKMYTH
13ZW9RvbLuQYsG1nqnwupx6oXKqRZied3nCPh8htcAmEcS4D:12000000000000000000:OKDOT:CHECKMYTH
16YnPT4GhbCoTV1eTTQsPshTspFSa61Sf5f1EjEk5VDUornx:12000000000000000000:OKDOT:CHECKMYTH
16WZrqEcyGUaAcBL37TLznWcKotyAs1LJEmxe47fKpA2YmNS:12000000000000000000:OKDOT:CHECKMYTH
134mGRjiPUZxABew3QhGk9usGsBfeXnKc8N4NTXGtBN9k4nj:12000000000000000000:OKDOT:CHECKMYTH
16dJdaHeamE5aZgDuEgVRSR46iJ5AnE5s8DwhLnGgLAU3MiX:12000000000000000000:OKDOT:CHECKMYTH
15LEqUB6f68Uph2Dz5p5r5KDFoYNKmVi7L6qGDgn6YJ6wioa:12000000000000000000:OKDOT:CHECKMYTH
15eiHYxxvQBjLRRrrFD1NWeshjCdR1TV2dG5FhRaz1qA3F4R:12000000000000000000:OKDOT:CHECKMYTH
12nDmWzXWxjKxfyP6qunjL3nopTk9ycbM4u9jonSgq7wytx9:12000000000000000000:OKDOT:CHECKMYTH
133PAYPw8tCnhot1mK8dJxWxHkKHnZyYHkRQHWmyDuDEvuYJ:12000000000000000000:OKDOT:CHECKMYTH
15RUPZs544EfyRb31bo4NtFJTcj94EEsP1EcCec4QkFxXpbo:12000000000000000000:OKDOT:CHECKMYTH
13rTS1NSXkLtxJJWWZXdvTqsF9W6Qge4swexG67gJHUb7Pxk:12000000000000000000:OKDOT:CHECKMYTH
14HLDgwMqaHecM59hmQWRAyci6Fht33m57aR77ABbN1tyC3Q:12000000000000000000:OKDOT:CHECKMYTH
12VNpfzp63QRVGYEvVxfdkUfAc44yUp2CfcZaSk7ohSD3EHF:12000000000000000000:OKDOT:CHECKMYTH
14867WQc2ggDJHxktuU6EDhFXzNiGF5VyQyyM6sivB7MyNv6:12000000000000000000:OKDOT:CHECKMYTH
1haft3oubG8USBABD5YwobpukExYvTAnaoLqbEXPjN9xHM7:12000000000000000000:OKDOT:CHECKMYTH
165WsbxoXQz9qUrD5cM1xHfrSoqh55Rv2Sgd77kNV2B8BVXg:12000000000000000000:OKDOT:CHECKMYTH
1DLMEBX8tRpgqFN16os23WsWrBxK8jXv62Qf9YY35Ro8Nn1:12000000000000000000:OKDOT:CHECKMYTH
14D7K49ujk3J574Awv6UhxxKHsJuXYGP6cZCuRmbLoVZbthe:12000000000000000000:OKDOT:CHECKMYTH
167wTe8qDEmmtfKpnNUdqS1RE42V1Q6NPQTN27e4eimupV7Q:12000000000000000000:OKDOT:CHECKMYTH
12ZXCxRwp9aqnv5FLqRaGzp5FqZijdznQrzEGGJ56NPDNq8H:12000000000000000000:OKDOT:CHECKMYTH
15Fa9EGPZQPNps5zLwLQ8TrWDTUG5jzjspoy85udo35R61Jc:12000000000000000000:OKDOT:CHECKMYTH
12sKYf4gJPavnTu8SsGKdf2YFwxrDT7tWuvuwh7srAW9ALbi:12000000000000000000:OKDOT:CHECKMYTH
16MKjA4nxJFu7ygyJRqYVNyfsGG5ESKKXP3ZdEC6hHDSUSi1:12000000000000000000:OKDOT:CHECKMYTH
1nqo4xj9QqfmQ8ukBKcjNBJS8E1pfVsdg8Da65kEN9YXYEn:12000000000000000000:OKDOT:CHECKMYTH
13rtwuKFMT3cGqTkTSnowby7KhtKNN7qzPTQUj9hFBNi3rvX:12000000000000000000:OKDOT:CHECKMYTH
15BUScYAJcya4VAj6sanaVrV1VCwabojTSdXxFk77S2tgM1f:12000000000000000000:OKDOT:CHECKMYTH
16PiUARR6StbP2T8jYDq1iXxMnkjcHQ8UYaaaeStVoFKZCuv:12000000000000000000:OKDOT:CHECKMYTH
12t6kkPvRPtCZZB9D4HtVmGmjKjZrRuj2P5uBbsBpTwov877:12000000000000000000:OKDOT:CHECKMYTH
14nTaMuQRUGLfMiZJDBo4fxveHGcT83NeKAXptZC2ireX9H8:12000000000000000000:OKDOT:CHECKMYTH
1oyQr2sQwoqnAGNKu8ZFqABSU1CJ5ko1VxXb4QnZTydib41:12000000000000000000:OKDOT:CHECKMYTH
158HscWWSn4DafsLnakQa9JyYN436AUJSn5S5Uqi28TM4T1J:12000000000000000000:OKDOT:CHECKMYTH
14rDFcLdDfr5brh9B6hXdJH3STYJLuXUV62QZZveZ25BEpaZ:12000000000000000000:OKDOT:CHECKMYTH
16U5xVeiLdYZj7yF7b2D7VMNzJzBw3dHKT8DWBQBXb2PbA1G:12000000000000000000:OKDOT:CHECKMYTH
14ZAVfQD5r2q9D5Ku9ZKpofriSuoSyNphinSv1rhotNB4GVZ:12000000000000000000:OKDOT:CHECKMYTH
13hUQjCmLiqroViQ3FQEW65wfavHDUZBTyE9273TzjUxmuAJ:12000000000000000000:OKDOT:CHECKMYTH
15aFiyXrmHkAowyNkR8AVW41JoSbvF2sKQxQdU9euv3fEPZ6:12000000000000000000:OKDOT:CHECKMYTH
13HqB35XK7pcjmwchZcd2QPMQMrxpJ8DCyhaifd9Tc5QEFcd:12000000000000000000:OKDOT:CHECKMYTH
14P1PYz2P1UANhLNh6xhiJbHQ3B9PbQPXE143ng53GuTiYyk:12000000000000000000:OKDOT:CHECKMYTH
14rGhtQQjrsfGHUusW77yyAbZH7x4azxWmQDE2XQTF3rEaJZ:12000000000000000000:OKDOT:CHECKMYTH
1KRePnnuVgDmxYuw49u6BBvC9yKXy16spaD289tw58fxhby:12000000000000000000:OKDOT:CHECKMYTH
1j6sKxsekBM5V2iDWVuGwqGtDuRSVFAofpx8fPPmYUHtzsF:12000000000000000000:OKDOT:CHECKMYTH
1543FCpmuABGd4b32gATN4Km6M6MtCbA9ECSwmucW4nsmRoD:12000000000000000000:OKDOT:CHECKMYTH
1fB3QQfmz3T9GVKcEC9TPBmzcMpypgzL3yEhJfbEbeh3iy4:12000000000000000000:OKDOT:CHECKMYTH
1HPTNMwA2HvDz3d5AaeJscyD6QQuoZwtwKU9qz8PKF3N5WJ:12000000000000000000:OKDOT:CHECKMYTH
15gW2EvLJj3dbcMUJ16BvYoPQHGFhgmw7NCNxyfb5qzomEKL:12000000000000000000:OKDOT:CHECKMYTH
143KaKVTudgnQBigwo9KZRqt26m6FiAGfefFdgc9kLec51BP:12000000000000000000:OKDOT:CHECKMYTH
14MDP33zXxt4t8QdK76PyYNGGhMPggAYy4Eouu6wyvuPPSsf:12000000000000000000:OKDOT:CHECKMYTH
16hWRVBZtMfquePVHy6MfTTqMcsnjsbKWtxKBxAK73N76c4P:12000000000000000000:NEEDED:CHECKMYTH
12799XrXCGSgAdXk5JtFHy35YCWDFFjrBHQSseLVnXoWSryy:12000000000000000000:OKDOT:CHECKMYTH
15q9Gupo4eSJi2dkmaZq4ovHTsX4xBuLmiX2QiZBHcUGAmnQ:12000000000000000000:OKDOT:CHECKMYTH
12HLkFdSRpmoLGqpjmy19JxHPHybTqXt2b1UjwKtL2ZPN7Zw:12000000000000000000:OKDOT:CHECKMYTH
15YBMNbt1viEhLJ39uE9cy2ai94jaa2A6kaXwHXeqdSyWKyo:12000000000000000000:OKDOT:CHECKMYTH
125PJsKS5j22JrbirhZbhKs5fkgP5PG78KPLpc6fgi45YGRV:12000000000000000000:OKDOT:CHECKMYTH
16T65p4axBXYXj3GyMdagCmMEMsvkBGCznDtjNt5pqaPS7hR:12000000000000000000:OKDOT:CHECKMYTH
13YtTphHfczedQ2AjrZoubaFCF1C3HQagbxNvSU8wGvQxcLq:12000000000000000000:OKDOT:CHECKMYTH
15ruWxvL5gZ3yDigAKMAdktLdMcQAj4WV9VZ4StZXK5gBTR6:12000000000000000000:OKDOT:CHECKMYTH
12s2oLP11yCGqxTFRHUBwjTG6LKYNMzC9AsRMG1Ya7T2eeu4:12000000000000000000:OKDOT:CHECKMYTH
15Mckmfaw8RULfbm6xXH8QiR19cB4KiKKjdKpFPVSmUsqboz:12000000000000000000:OKDOT:CHECKMYTH
14kEtuKMmmGEjs11kULxYX4XFayYHxa19nxYLKvyfeabT362:12000000000000000000:OKDOT:CHECKMYTH
16PN4FvM4aGP4a6fWL5GAektyh1cGM45bvdzSMxRDhRn3QtU:12000000000000000000:OKDOT:CHECKMYTH
14qyujVtVe9SYhENrcRZj7VxgN7pdF67TFkgXtvupxTRbDS2:12000000000000000000:OKDOT:CHECKMYTH
14So2BEeEvy7usqFjUgAh5BaX32rjDSqCwHA24E8i1tvvUsz:12000000000000000000:OKDOT:CHECKMYTH
14K9PDwjfDh22oVACmu3Xa3UyKYTcVJ5o1VNUmE4SMiFvBeQ:12000000000000000000:OKDOT:CHECKMYTH
15xr6wA26GRdNmt8FHR8GkuY6J4ne53CGSKXRxZSutSdc5pt:12000000000000000000:OKDOT:CHECKMYTH
16HpkBr7gawSzyBaCzJGyibNjhS9uXH1ypYQB3z1i5RsAYGb:12000000000000000000:OKDOT:CHECKMYTH
15BPuMuNd93RaACC89BW2uoqyrSPoq7NKDV4NANfTh79Jiyw:12000000000000000000:OKDOT:CHECKMYTH
13ibJmkETmgB2CDqaTpLrMnbwrzHHc8f1iYmEbvNpSyRML9p:12000000000000000000:OKDOT:CHECKMYTH
12Mx793FZeMX75MC4AbGWPFt6h2C4vxX2NzGmJU9yrrTKUhs:12000000000000000000:OKDOT:CHECKMYTH
13sYDrDorKJ6YC4wMFmKZq3D4PtQht1KrWfkLzUtppyqNnui:12000000000000000000:OKDOT:CHECKMYTH
13BtcNhFKWBg8YBwYvXz1wi9PpPJy4Ap2FGAtpfpxf1aDRWz:12000000000000000000:OKDOT:CHECKMYTH
13Q463xBQm43izhLmiHnPaYTbEFZUNCPcaZ93aeAVHRX25gk:12000000000000000000:OKDOT:CHECKMYTH
16cdmQFPXjR2z9PxzxS5Y2NU3svxSZy8WDTVYEsDh2DMLtUG:12000000000000000000:OKDOT:CHECKMYTH
12q46HnBrMnbJKRc7dqLyqYdwGpTtPEiMFKu4VpFdjod3PLK:12000000000000000000:OKDOT:CHECKMYTH
15gqbMVhG7a8URqJgdacZSWUDpt6Hsx9pZntQh7xDJ4UUR9v:12000000000000000000:OKDOT:CHECKMYTH
13WWqoNF4nMoYmsJLFxagPwPNt1pbGGiWxT7ZEpn5vJ6VeGQ:12000000000000000000:OKDOT:CHECKMYTH
16NSTQZT25sVHN4fPQwKpTWvuqpngNdz5cbUvrJfBSoA3qPV:12000000000000000000:OKDOT:CHECKMYTH
15oe5TAXGWmQqm5X8hcC8WvfZC5s2CcvNoRoQML87oWZPBcd:12000000000000000000:OKDOT:CHECKMYTH
13XFnAEZtXGDPnZq2midCUyzhm1U3eDVx4cLrVtP95fYHCVj:12000000000000000000:OKDOT:CHECKMYTH
1ZKSXiwRGkybVj2VeaZJGfB86jcniERBw5QHp1A7cx7HqLj:12000000000000000000:OKDOT:CHECKMYTH
14XvEd1V6GtdmBnr2AKp886iGppx4ryhpVU7RAbNoAVfmX3n:12000000000000000000:OKDOT:CHECKMYTH
16QhHNB8W7PEDEja65u5f8Lj4qBHkfL5KCnoBjarMgaxXcFf:12000000000000000000:OKDOT:CHECKMYTH
14MkqxwKNvrBtByBfAxpPTEp4SCi46MMDzmCezxrJ2UuR9GG:12000000000000000000:OKDOT:CHECKMYTH
14LkFcf6jWUFHdZxBM1jLJMwmDVtqKpNoeG8f3Y7XJgbHSS4:12000000000000000000:OKDOT:CHECKMYTH
16MXHHNkVwgbaJkSusfq2VisKhDGY5vrTnMwUnKk7sbMMaU9:12000000000000000000:OKDOT:CHECKMYTH
15KaLgukxs7mY3xKpFpuSqMPGw4XXy8wq7vGBkB2EbBRiCyi:12000000000000000000:OKDOT:CHECKMYTH
14YmFt6AKSgK3xQsv8YuV6SNREi3V6q7AQJGae5BPF3qKj5E:12000000000000000000:OKDOT:CHECKMYTH
12RUNog7HcMLQaBkJKC5t9ejzNfL27DbYK9iBqrJokyJNHoq:12000000000000000000:OKDOT:CHECKMYTH
14EJ844xBU84QK24BMssveg1wtrDGCLdL8yQEL3Cj5QtARjT:12000000000000000000:OKDOT:CHECKMYTH
12TJuEA5LbD12yEEj37ZfSGkwMuJufv6EciZ2x9ww7PwNQKB:12000000000000000000:OKDOT:CHECKMYTH
12TboYHNDWPDdFMtJZkdU1MyveHrwPDGYwWBvBSVT2VQYavg:12000000000000000000:OKDOT:CHECKMYTH
12AUqRFRbuPnpBkMNFHoBd4NKqYCeDdByEbhkuWgWeDuxbR5:12000000000000000000:OKDOT:CHECKMYTH
168zhDAmN9NBHtb7wdVizFzWLhRt8AcnNRXFd3LYizvwVnnA:12000000000000000000:OKDOT:CHECKMYTH
13RnPFzvHifNSNGcGUUp9EZghKCmWMJBXZwy3Uto4fHrWUaL:12000000000000000000:OKDOT:CHECKMYTH
1JsUKKMSa8yYqRDZyndsDecorpUN268pYUoYw7eQAWe3Y3E:12000000000000000000:OKDOT:CHECKMYTH
12FJoDjKGdUwkR6Cod7EwHGD4DmY8m4cMmBzghcTTPNePeLe:12000000000000000000:OKDOT:CHECKMYTH
14Vi8YTy39qVoTH6hyMUp57Aj1nBJS763XNsZaRdkLkkRGgB:12000000000000000000:OKDOT:CHECKMYTH
154n2WfjnME6Hs4rQYfYcGpkzpEzonb8ww1h1YVxxavqNLgY:12000000000000000000:OKDOT:CHECKMYTH
1228GLP8R6JEpz99R5Soz3sSrNXJz9FKzBkiYAHxqxrhnhTz:12000000000000000000:OKDOT:CHECKMYTH
15rjcPYYvhyHHDeA57nAeTBUKVU5mq3B2bbgutZvGn3nqbQs:12000000000000000000:OKDOT:CHECKMYTH
15rs7GwfjB5sprPUg9KEfJrwXLbmfKw3zeUVupnszitgTnvq:12000000000000000000:OKDOT:CHECKMYTH
15xM7rphwg32Cyp6MM3nxVnTQv1uEAcJRNkzeWVp2EJzeLxR:12000000000000000000:OKDOT:CHECKMYTH
12P3rEC1yNeH3246KFkEddNZkQzEkgcTbNaspE5S9oyCEsRF:12000000000000000000:OKDOT:CHECKMYTH
16PG8nJu8cjzm59HKqhxj2WSgzY5fDTfYqnSNTvF4WqPSXWV:12000000000000000000:OKDOT:CHECKMYTH
13sCzxpJhZWLFAXPMvtfKKWmmTYDjYYfAKPbX5pw7yXLNSrq:12000000000000000000:OKDOT:CHECKMYTH
12Hcr4ywVozFR8jsUTLv7Rp3gKVbWPtLnAZtZtGijVa1PdPR:12000000000000000000:OKDOT:CHECKMYTH
1DABVyFBrFbSKxKHUdk3ppzYpt3ebv8DMaXJcdSWqu1sC95:12000000000000000000:OKDOT:CHECKMYTH
151bawt6RcYLEyN6bzzvJAzUqrBwKp51egpAqUzsYDgXhqJb:12000000000000000000:OKDOT:CHECKMYTH
13edGduxjjNkwqSCwEKm5JBoVHeNijaNTszALvmm9iYK5MMe:12000000000000000000:OKDOT:CHECKMYTH
15h8zVVv4e2CtPtm1xQUUSrZc6toC39w4rsxvTwxhCCHtaRv:12000000000000000000:OKDOT:CHECKMYTH
1ijnLYonKBn2aGRtL2iHJP9b5axMo3i7e8T72muDGCeC4Tv:12000000000000000000:OKDOT:CHECKMYTH
1RsQjL41mxHvyLUGU6s2CiFywjKNniutEFnA5LdJQmKNoy2:12000000000000000000:OKDOT:CHECKMYTH
13PmGhwAvNvgJ8fRf3jrQXkrPwmbATvuvZYidNGGFBhMrgez:12000000000000000000:OKDOT:CHECKMYTH
13C4vw3VhTzTTSiEXJKSKBKVrw5QGw29jCaKbfuQKkewCFFv:12000000000000000000:OKDOT:CHECKMYTH
12Cm4dfnFMP6C8nr6yN9F8t8vMGK2yLTdu2p6TcEzUMoo31v:12000000000000000000:OKDOT:CHECKMYTH
16eVcks4ZUZmwyt8GYuhWwbZQwEaYTdMadgcKKSdLxttrZgV:12000000000000000000:OKDOT:CHECKMYTH
1Xi7pcRm1W3TgA4oFsiEEUoR13du3X7fRZePA5NswzHMpHv:12000000000000000000:OKDOT:CHECKMYTH
14Kr9ABSQt9ktxxSk7yhpLEsxKoMorV6DgCRxonQLcdBLrpq:12000000000000000000:OKDOT:CHECKMYTH
1538kA2GGhveGrVQHaSgccqMHxKEZonGSmsVpZN5ZYgxVk89:12000000000000000000:OKDOT:CHECKMYTH
12ot9r8GGzmFwwmdYyLTfBSx5WGju1vrGMdrAsFhzamrpWYw:12000000000000000000:OKDOT:CHECKMYTH
1uxzcbXqE5xQr2qT5mscPwp4oo8aJHw59UAMHQyw9kjd2Mp:12000000000000000000:OKDOT:CHECKMYTH
136rdTRHmkAF6XXQFp51tuBW8f1DdTNS1kx9aWEWiMPjNjme:12000000000000000000:OKDOT:CHECKMYTH
1416tHK39hpRfGZUTCcMcz7PMuijNEeUKBDKE4BSHFT7d92u:12000000000000000000:OKDOT:CHECKMYTH
128aBB2W1yhWeFYW8e8mU87vBGHGkyqtWrexUXU2kQ1bXacZ:12000000000000000000:OKDOT:CHECKMYTH
126gYahX6jVkqt1YY3g9qBfcuoK6YFFRVXXar11MN4S4nQCg:12000000000000000000:OKDOT:CHECKMYTH
12ka6wGESN8bqG5DA3xduxQy9DqRghWrTF9fxcgfn4Yrtj4T:12000000000000000000:OKDOT:CHECKMYTH
16CyBEqH8XevH1YgGrXenhLxtU8KKKN9gaXBCZ62HDGiiWBR:12000000000000000000:OKDOT:CHECKMYTH
13kWsE9CfY1b3xfqdX1Vqmv3Ckkb9WqtGZn7VQtutcDPDw5U:12000000000000000000:OKDOT:CHECKMYTH
1iSPPfVRcm81zEwNhjK3K1wY5QVxvVhd2nayhgB3gzNhpUk:12000000000000000000:OKDOT:CHECKMYTH
16aZ2311yvZzCUBZn9WMpXahzUuhhcv9DSFxiPEJoCPPzHY7:12000000000000000000:OKDOT:CHECKMYTH
15wrc9d3JdGju79YcipSLd8Q8hHy9FtDN1KCBKxqu7mYUzGt:12000000000000000000:OKDOT:CHECKMYTH
138YFy9cSvZzvURvznmPSqAQqGGF7Kpj2NFEQAGbrTDzUfLd:12000000000000000000:OKDOT:CHECKMYTH
14TMam9ycA9Ae12jJhLQwqEdwUpFYrPypTK3rwwzgmU2SQkr:12000000000000000000:OKDOT:CHECKMYTH
1419j7TAHvFSnyqyWiXezBoCTgD9gCZbL5ifPVSfaiYqB4jK:12000000000000000000:OKDOT:CHECKMYTH
1Jum2dsy5ETWN2Z4i9vZ15xs7CbUercg62UYuXc46rGv4jS:12000000000000000000:OKDOT:CHECKMYTH
165nDc9b9SuMiKEFBFWfnoyQF5LSdVYTr7EHZRzHYxh9eAbV:12000000000000000000:OKDOT:CHECKMYTH
14zfu5P8vGey4whVXDzwYydqjTtZUQRdU5UCefT5CFdMSxz3:12000000000000000000:OKDOT:CHECKMYTH
1hTPJnHXTsnUfmPTTW1oigf7kW6wNwodJBQpCmFvwHQYWRT:12000000000000000000:OKDOT:CHECKMYTH
16dj2W2Rt84CwoPWGpZhaktEMq8E5G8fU2Gyb2xSzCvQRxzQ:12000000000000000000:OKDOT:CHECKMYTH
15mMiCwsZvkikZnEFZXPcPzTHM4AkbLrx8i5LewDVGrzord2:12000000000000000000:OKDOT:CHECKMYTH
13xn2KHHcPEeqcvqEYr1354XE79QMg74otaSf2gdL3PwgyRW:12000000000000000000:OKDOT:CHECKMYTH
16EBqoJqfz7Pt3s6Xf4rGrUXjziy2wcLvjeyeU1qFrmdTqQi:12000000000000000000:OKDOT:CHECKMYTH
13KAy2jcss9EBbwVqPeRpD7ervAwMsRtgHNVKMYmDLvyZ3U1:12000000000000000000:OKDOT:CHECKMYTH
14ZbxAGaU4PkgomuvT3C2VcY8pDQehosYbpy1b6sbDHJN8y:12000000000000000000:OKDOT:CHECKMYTH
1xD29RHD9cYFMJpVsPj5DBJ3216xrkwh6LDhkPHRQXqxTh4:12000000000000000000:OKDOT:CHECKMYTH
15kEZWm5BiURRhUf7pw5AbzMY2oQJkd6a2i9CuCMyPWpVuwU:12000000000000000000:OKDOT:CHECKMYTH
13AjRi3d1YzeiSruC9yj2SKbCueqXET7nfko8iprNXeXTvVU:12000000000000000000:OKDOT:CHECKMYTH
12o476yNgRBobCFDt4qcieATrJjuoZzhMFQFZ9YPWz1APUfX:12000000000000000000:OKDOT:CHECKMYTH
14gFMekeJRyVgxVge73BAmQAFHooT7UDapEzWA6WfuY4EefP:12000000000000000000:OKDOT:CHECKMYTH
14EHnC7kbuPXuH3diMNDkJ4PyL47FCkQbbt68v5Gz76iyysu:12000000000000000000:OKDOT:CHECKMYTH
15wL9GL5fTmnHogg195rW5HkB2PJSjsUycdvL1wLZ5FDSK8Q:12000000000000000000:OKDOT:CHECKMYTH
14597j3wQp5YszNjXsMGAkk3SjrsnSow3Do2pudE41iWCw5m:12000000000000000000:OKDOT:CHECKMYTH
14hqg6hHeRdUecCyMUcCu4Djo8eSCZpq7AYP6KFQ3hEgnrfo:12000000000000000000:OKDOT:CHECKMYTH
14m34oc4Yzt7fChr1mdHNsdVMoAEyH23n2Th91RtQZH477Hk:12000000000000000000:OKDOT:CHECKMYTH
1uVmuLDSkqh1J6PecA8sbHSEvp44kc7YtzZ52xWyVuuNtuf:12000000000000000000:OKDOT:CHECKMYTH
1294WtJNJU1Qt693uHj57GS4Q8jJTSAPCjU3yyM661nax2rc:12000000000000000000:OKDOT:CHECKMYTH
14kWis7JFjw4b8X2GzVSHoiv2VUZqPrqqcnzPpyisVzSXtJ4:12000000000000000000:OKDOT:CHECKMYTH
12uEt2eJd1XA1h5KW6xLVvN9tYpqDUmhSvSFcGZ1YgDiCVuE:12000000000000000000:OKDOT:CHECKMYTH
14fzfvWf98YjXjRqAyjxhe4N1jm53q5CzMh1j3HoYShus5ny:12000000000000000000:OKDOT:CHECKMYTH
12NkA5MjqipjffftTTJbk16QZNX3uVjgWgYbxL6q47T7rCXJ:12000000000000000000:OKDOT:CHECKMYTH
13PLPJRUpPwWuX1xPN7dFSW9kjEkgRspsfafmmE5u9tvV6UQ:12000000000000000000:OKDOT:CHECKMYTH
13BWbgYuQUf958aRzxuqCUAZnd7ECVGg2ufs7Z8BC8Da8mLw:12000000000000000000:OKDOT:CHECKMYTH
1wnWobxAYwhfmYKn9azqgVZfwSsHbwCoatKjLc9SAy1Xupv:12000000000000000000:OKDOT:CHECKMYTH
15MQQm869dEgq49cGCSzwcRZq7QztmtSX4m2L58dCmxufYfY:12000000000000000000:OKDOT:CHECKMYTH
144VvSrFBgkNRcepD8g4ES71nQzf45Cf316t9AoF8YpWte8T:12000000000000000000:OKDOT:CHECKMYTH
12YYCtFHD57MB1aoU11zhVkjb9UYnHKvjpywAwChSvbrdWJX:12000000000000000000:OKDOT:CHECKMYTH
13aaL4r8g4CPPny11NpN8X2nUx9mw2D5vkT6FjGf1PH4AX9h:12000000000000000000:OKDOT:CHECKMYTH
12i9kFdRTUUg9yWsFhNFzmJD26ie9jFL3vaZ1qzbiB3gGByi:12000000000000000000:OKDOT:CHECKMYTH
12pzdxeFARvdp3msyDhBzAQaXuj8pP84FhfDZDgFi4Yzo9s2:12000000000000000000:OKDOT:CHECKMYTH
16fmiZ6CCgVHrK9znmLLECqnc94phRyufisdocw1yanMP14p:12000000000000000000:OKDOT:CHECKMYTH
16hGkcJiorwt7mW7dCK5M9kdbdiPQD3PG6exNut5Rn7T24zd:12000000000000000000:NEEDED:CHECKMYTH
12WtnGuDqVvii5NsU3bZmYXeza3VZ3uN1LBdezk4BjJVaTwZ:12000000000000000000:OKDOT:CHECKMYTH
14ddYKauHMvN8sN8PmisNY7jYQAtSYNXL9wSueB6BcNSGcUw:12000000000000000000:OKDOT:CHECKMYTH
15C7tsJyn7otE1YtvWShVZtZQbrDCBEHC5PfKmdWBwkMcDut:12000000000000000000:OKDOT:CHECKMYTH
15hKnUtLiiYLmRAV3HEQ9KgsqndM167eSxG46d2E9CgXGfK1:12000000000000000000:OKDOT:CHECKMYTH
13zbjs6oiAwW7wmzCzr76eFpDNNZ1iKMZUxBoHj8qBvBPFjX:12000000000000000000:OKDOT:CHECKMYTH
124Eu84mmAD5KN87zMCDrU3iD6vacfmuE1a6ACfLin6ZLJsn:12000000000000000000:OKDOT:CHECKMYTH
12oYqL9a6S9VD3w7m7aHKQEqcKHrChTW5b1Ms9mQkqMRujQL:12000000000000000000:OKDOT:CHECKMYTH
151Dab3XyE8scPRDpG5mkmPyBbBrgnDVgkGrepBgKSgv4Xig:12000000000000000000:OKDOT:CHECKMYTH
16AfXXvz6f143QR94iuk5J8Dx6gC714FTM1821ycjW3ZrzBy:12000000000000000000:OKDOT:CHECKMYTH
12ZNRTZ2QGEYGyd9QoRhbg7Yd5Rfxa15DqmRRfHJSphm7urX:12000000000000000000:OKDOT:CHECKMYTH
15Krf6Rq8THXr2xWEtc427XZjhY5xFeJy1fTpaS9rKw3GGpD:12000000000000000000:OKDOT:CHECKMYTH
1ajvnp3hyTjtXjUBxpsePtAaJyNdXSMmJrC3vYeMhoKUqxK:12000000000000000000:OKDOT:CHECKMYTH
12QNHhiMysSf6ssjHwXYxaLZGAN4RWR7P8xonDUgDzuEwFjh:12000000000000000000:OKDOT:CHECKMYTH
1nHCCf4M3PTRCjwbk5yZaZwwdJ3wJ1WDypCyKXN6zUYDh4L:12000000000000000000:OKDOT:CHECKMYTH
16KGW9iK9eZswhyWGj1bXW8GHDPh1hF4hAVZxkNjAq9bTojR:12000000000000000000:OKDOT:CHECKMYTH
15Zg7Noy2wvrakg85858dUyJ4jLoMScezy46PGevGrDGcT54:12000000000000000000:OKDOT:CHECKMYTH
12Eon5Bw4zXuJfdmSGMjs8Kkp9EAaDUxwWfCo9MhCBP4mcFR:12000000000000000000:OKDOT:CHECKMYTH
12TwwHECuSFvmL8VyS9Bno6xwvKqMy52gPRnTEGkWGGzXS7j:12000000000000000000:NEEDED:CHECKMYTH
14jjy3vz4ETxjncCPKb1YQgNEJhh5gi14UhUpz1Xfx3fVQto:12000000000000000000:OKDOT:CHECKMYTH
13LXifdK8aH31DKgfCBq73FuTMsn8aFxeBEzKc3erruUsazb:12000000000000000000:OKDOT:CHECKMYTH
12KkPHsS7wtVu486wHT1tkdP99JFok3gzfFFigrA7BtUwcJw:12000000000000000000:OKDOT:CHECKMYTH
16eDFARoCezXx7ojaNdwRCmc1y8jbi8FaV3F6D4vLtXGTvF3:12000000000000000000:OKDOT:CHECKMYTH
15HyyBjXzL65tu1aJdXwRJQ15PYQfB2QEKmTkzWLm6dTd8pi:12000000000000000000:OKDOT:CHECKMYTH
14U51xWCFk4j83nJFpi5i64JxjGB6gqnDZUeoUuQVxhsw6Nd:12000000000000000000:OKDOT:CHECKMYTH
16jQCBq5C6CeJc174gCMBRBAw5K934aNBjv9Q6jbzAYa1VoH:12000000000000000000:OKDOT:CHECKMYTH
1c5e8c65uDgQk6Sj9zUZNkyXjiTNiCRoJSjg8gkRiKDB7z4:12000000000000000000:OKDOT:CHECKMYTH
15b2uGDgw9sYvcddSHZgrGfYR5MCmKD3oAiagn51Nq5AUivm:12000000000000000000:OKDOT:CHECKMYTH
1YZmCydzRU3xWHumST7cJUoB8RH4Ns6NNJWpTSc1PxMHCrm:12000000000000000000:OKDOT:CHECKMYTH
12S9ZAbUmQopdPMuCc4f24X81VUgiXcbX6YyFyoXbY4NKUZ4:12000000000000000000:OKDOT:CHECKMYTH
13qpD3f6JAnAS6WYBi84oCS1Fmq1u82Ac6bBbYUA7hT2CZxF:12000000000000000000:OKDOT:CHECKMYTH
139n8QkZADKL8yFGmhKQJC8sRwoDd8HE4hXRyMp4tQSxW33x:12000000000000000000:OKDOT:CHECKMYTH
14uDfNgrft12btUVZ1vxcmSZngXHgRFvGc8PMPd3PCNtF13S:12000000000000000000:OKDOT:CHECKMYTH
14Muagb3nNEj8dAeMXjR1k1nEQc6AhSZVov1ZZikTcQtCLFn:12000000000000000000:OKDOT:CHECKMYTH
16QVC1swbMEPU89xYKiXDSF2ohPKa7zBHbVATyX57dyvaCZ7:12000000000000000000:OKDOT:CHECKMYTH
13WRZVfb2yZE1RkcZwZdff2rJqWgQbmJyvonee6sKtT9kD9M:12000000000000000000:OKDOT:CHECKMYTH
13hmpZyPjRpLnRDWwxqk5BFYbmLZQsoLuaBoVCpmZ39VHwmK:12000000000000000000:OKDOT:CHECKMYTH
16YvDRtiWsP8NjprUfmh6ZH95Fqy3Lv7z4eCcHGDmWXDoaKo:12000000000000000000:OKDOT:CHECKMYTH
16Bmmc6KnRe8ovgpLhQkTnNim2uYeHum3R4Wjj2idFNf2M4m:12000000000000000000:OKDOT:CHECKMYTH
15CbxxNebAv351keznFmM8yE1MsryCKQuwoNhHXC5tB28T53:12000000000000000000:OKDOT:CHECKMYTH
17CbSti6MjCj8z2oJtf2ykhkg6wjo4pY7Z5k2AhBAcUK2dz:12000000000000000000:OKDOT:CHECKMYTH
13JDbEutb9YR7xdDzRskGriFz4vVPDUQ9HJqE6r9dzkDXHh:12000000000000000000:OKDOT:CHECKMYTH
1w4h5PtaFYvt9WUa9JgFZdSwAGiDLEtefkqonfxjQ2t9vpx:12000000000000000000:OKDOT:CHECKMYTH
14Fcwxo8LH8oQf1vypGEMpCbpuSV8gNdn8bEUMdwDbYKjKM5:12000000000000000000:OKDOT:CHECKMYTH
14MLNoejycrV7xeyD9EK55ytkg4ihLZDJhg337wjDtUYfKGj:12000000000000000000:NEEDED:CHECKMYTH
1spFHAVCT7VpJjfE4mBuRpBfaNe8azx1D17FcZzEPBxcFaz:12000000000000000000:OKDOT:CHECKMYTH
13TezbpKGVG5KCvEdKTwBuQXir4UALsGnG7SgzNaYfWrtenT:12000000000000000000:OKDOT:CHECKMYTH
14MENfsndU2hpn7YmjRuVS4Fczqt9E8KyR6oajsAhNGe9VXn:12000000000000000000:OKDOT:CHECKMYTH
161Lw3v8nrDBGqSrDVLJd8gbCKbKHnvA47JsmQ6PAFyYCck9:12000000000000000000:OKDOT:CHECKMYTH
12kk7CZFfMaaH6GYJqX5X5V5a4VyPDmR5Ftb7GFQptK8dmzG:12000000000000000000:OKDOT:CHECKMYTH
13u2Uc6QAfc4496h7LwLtqpGCU6gB7gCfPUgNThMb7YwdrRv:12000000000000000000:OKDOT:CHECKMYTH
15XPx9jgK8JvhoteiGYWkedy3GuWC9tbjSftgnxbjat6p3Bh:12000000000000000000:OKDOT:CHECKMYTH
12xpoNZ2e7aNhurPYq7boi9pChsySeGKRdp1n2WAt5xgFmTQ:12000000000000000000:OKDOT:CHECKMYTH
16UfzHFXXoH27m9URHp2F8VxWDdnmVBehMDJer1KCjFrSiqw:12000000000000000000:OKDOT:CHECKMYTH
13NwaHPM9mr7EmSHxUhmzMF98gqAQ9BLpaSD7en4P8TVr11r:12000000000000000000:OKDOT:CHECKMYTH
1394N9ddmZcQp2bg99wtN7GVGLVNCsCbGNgnJK2b5QVLcPf4:12000000000000000000:OKDOT:CHECKMYTH
142Z58ZUZDhG3dmbURD9Vf1J3DEg3nJdnCMiwkhsyHvEkGAw:12000000000000000000:OKDOT:CHECKMYTH
13GBvUVJLXcXq1ceYU6oMMcwdpbXNQBtNirZ4ptb9W85Y1Do:12000000000000000000:OKDOT:CHECKMYTH
15kmeGTPvqNVNSDVYepGHZUhYhxWpoomjDEnJoBMtrugYtCn:12000000000000000000:OKDOT:CHECKMYTH
14EtvmQf3QtPWEyNHiLSZpkFUXK3uTZLq7pdMTtnVpvigp7E:12000000000000000000:OKDOT:CHECKMYTH
15yzuC16qNuLgxuVds3Vof3A9ipgCAuHCUieWWCiGMXx8AHR:12000000000000000000:OKDOT:CHECKMYTH
13u1RvLSPx1kxwNVzCdw4EasoxpJRj1vcSMByTuDBEhcojcH:12000000000000000000:OKDOT:CHECKMYTH
161fcSFt4FiaEJiCxLR4iESCcMKnFEZM2iz1hg7hE2EdGrLM:12000000000000000000:OKDOT:CHECKMYTH
1Pk7AHte1UN4ZoyrJTybyCWSjgR1a4W8rgnD56d6EZ1ADUH:12000000000000000000:OKDOT:CHECKMYTH
13NCLd3foNpsv1huPDzvvfyKh37NEEkGFotZnP52CTR98YFJ:236000000000000000000:OKDOT:CHECKMYTH
