12bWDXPpUmPg6CWyncGKiFFzC33dAwcSxs5LcwLuh94kcmE5:12000000000000000000:OKDOT:CHECKMYTH
16TAZHKpidcjfo9spzX7fDTiWfap1n8saRVT4PPdEtrYmDYm:12000000000000000000:OKDOT:CHECKMYTH
1b6Deykvnm29fQCw3U4LLHB1sDfGgPoV7sfpAGRBHKNDnap:12000000000000000000:OKDOT:CHECKMYTH
1soTUYRxmqYVWFNX8V4YkDM2cRPCV4YXRMerots7iS3iF8D:12000000000000000000:OKDOT:CHECKMYTH
131cJxZiXeqFjVjgPCzjh1KhVnRAnVeZPFKuDGWDXiXtgwC2:12000000000000000000:OKDOT:CHECKMYTH
13MsUtGib9Rm6bWNuLUDXzHpURqw7ZJpeh6LtGNeq12V8g44:12000000000000000000:OKDOT:CHECKMYTH
14nTEhzYvQNX2fmYz26NmGu6UZ2vG8u432B2ZkDzyDCArigW:12000000000000000000:OKDOT:CHECKMYTH
14Znj5FkNPfEB6gFfxWiCbvAEKMMY3Kwqfc838hdzSgEWro4:12000000000000000000:OKDOT:CHECKMYTH
1nqDCTY11U7H5vhvA254YRwVhRE9eCeCUMHTPyRoZPoRPtM:12000000000000000000:OKDOT:CHECKMYTH
12A2Lkk2patmmp81UifHFq7PgsY5YpoKye1Jz7Xr6zT5Yego:12000000000000000000:OKDOT:CHECKMYTH
12ehqfoNrxLkFE6Gf11GjXfDqQibmDKVwBLitcAnjRd8RWnc:12000000000000000000:OKDOT:CHECKMYTH
14v56Lz28k7LNmB8w84fEXq8NwhtVoftKHxqr1SYkFR69THH:12000000000000000000:OKDOT:CHECKMYTH
12muwZs6PanczXytJH3QqKP7DkM1jDdobLZX9FyhrA6EMFY5:12000000000000000000:OKDOT:CHECKMYTH
133njjxFureDsadUX69ih6TzFxEy9Js62QLTc7Mn858oQEmF:12000000000000000000:OKDOT:CHECKMYTH
14YTrVt93akNhUMthFgNfbn4qbvbsPYoj2BpHoECNWMfdFcj:12000000000000000000:OKDOT:CHECKMYTH
12t3guFav3m8qnmqPnHHVTDiGNVuyPJZoT7xKdXZyU2axyof:12000000000000000000:OKDOT:CHECKMYTH
14UeViCYNjn1asnPTdKJmrqCgu9UoRqXK9JGcEfM3dCmsGHu:12000000000000000000:OKDOT:CHECKMYTH
12wh5gX5nC8m81B4s2j9EibPHQZkNgA68GCbdBj79LqKRprG:12000000000000000000:OKDOT:CHECKMYTH
14WK6nJVTB3U1aK5f1N5VhTncKvMwTwDjc552DBi1ZyURv3K:12000000000000000000:OKDOT:CHECKMYTH
15m3DxeMjLNJgzprCcExAe2d11adtg5F5TURiYtmUwr5RNTJ:12000000000000000000:OKDOT:CHECKMYTH
15QFLh8oGuoLgRyLBQtYzjFAsB7GTM66UehD7ZDf5yLYg6NE:12000000000000000000:OKDOT:CHECKMYTH
12WXUmTWntuP9JhV2SL3gDfNx8pwvszmfpdaGcLPoFc3chPf:12000000000000000000:OKDOT:CHECKMYTH
13DDFWgCxWbqeBwiFy1Q2DdZCV4V3Lajs5somiZvCpNqpMba:12000000000000000000:OKDOT:CHECKMYTH
13GW5JZYtRQWRGsgHUdLfavaYdANL3W9fosgXQtsfdLvXufx:12000000000000000000:OKDOT:CHECKMYTH
1ZYBmfuoVTjdZS1GbcCcVfQRAauVFXvZkex5UnQt6huSxex:12000000000000000000:OKDOT:CHECKMYTH
169euXn9pGCMFezWx4GcSQQpRWNH6CYY5VHsE9ifmWPPgP9e:12000000000000000000:OKDOT:CHECKMYTH
16LvrYDKY1UmNVfFRX3AbbwkPGQdDpiCGAu1mxwWL4RPiizU:12000000000000000000:OKDOT:CHECKMYTH
12y6b4KWfL6rGgB4LXrmmVnu1tnzn4pVAWE42s4ckE5yrwus:12000000000000000000:OKDOT:CHECKMYTH
12VkevpcBaECBUStruFSoDgqGjqx32KPfHkN533B4Prwfo8a:12000000000000000000:OKDOT:CHECKMYTH
14K8CLGJXhJtoJXosWNeD85RtvP9dVvezw86z43sKfqqh4JU:12000000000000000000:OKDOT:CHECKMYTH
15wXAncLWZje6VK2tHHswVfcoH2eeSRt8myDSurgnDru25uF:12000000000000000000:OKDOT:CHECKMYTH
1DWPDqLDJDHeq2TpQJEhuTwt57FvJCJPprMDw8W22kiW1Zv:12000000000000000000:OKDOT:CHECKMYTH
124fF1UKPZC2Ne5YHhUjNLratP3qXLLDn4P2vTe8SKPX4E2c:12000000000000000000:OKDOT:CHECKMYTH
16974Wae9BmF12eiyiCmNo27DzRHM6dvc6GgB9h8nD26khk3:12000000000000000000:OKDOT:CHECKMYTH
14vxBt2VP5SR3Mmsh4z8vNGVzpGgX3Uue9XoDvB6vx9HvUit:12000000000000000000:OKDOT:CHECKMYTH
1dMRjE5fpdXxGkbJ7vAN8mADYVcfG9VduRFAMHA2DoGWd44:12000000000000000000:OKDOT:CHECKMYTH
15SuoiPBXQ2f2WRcjaeXr8yXh8vAuAi5hnjuT28Ut8gGmkWV:12000000000000000000:OKDOT:CHECKMYTH
12dmhyKUaAdMuyQqDR1cF71tgnHJS25PM7ns4EbJbfQYt82m:12000000000000000000:OKDOT:CHECKMYTH
15WiH23heiHUFHS77BnJJA3ucpAfudtugm7k3nTAHZBKtjYg:12000000000000000000:OKDOT:CHECKMYTH
154RADfn4RECWmWYMmKCtFeKRJj2cDmLbEjV4E2rXNPw2gWy:12000000000000000000:OKDOT:CHECKMYTH
159SgbyFrAqyJCFcHTffLeXUhERK8jErzY4jxKYMrRB3V41W:12000000000000000000:OKDOT:CHECKMYTH
15p3bSgN1uijQtMqP8CHaaVUoLJBALiLhuiZqMdnteQkgDMh:12000000000000000000:OKDOT:CHECKMYTH
15FYz8e54CZN8j94oGKeLfUAVZVyUY8SGNbHhyEtCjd6qxHE:12000000000000000000:OKDOT:CHECKMYTH
15nyb3CgYmLMnWv78gsKsjDzpAsHw8H4RwmikoS3uL1y2qtU:12000000000000000000:OKDOT:CHECKMYTH
16QCQSCuoMjP21j8qsoXMG9Ay6k8i5KhS46NaNUKNkG9QWBm:12000000000000000000:OKDOT:CHECKMYTH
1B4CZpxWBqKecRr21G1VcGfWqxQ9BGUr26eh9NtVwUjhZfL:12000000000000000000:OKDOT:CHECKMYTH
1EL1894PZDGhN2inMcF75J7XavhcJPfzbW4AirHjYojMQGW:12000000000000000000:OKDOT:CHECKMYTH
1bmkTtWMWNDD8MwCZ982V1YQgB2dfaWJRV3B7yFtkyUUxH6:12000000000000000000:OKDOT:CHECKMYTH
13Qbx6i48qLoJ9ukbKJxUADvZ6Lj4no1SrSwQoGw5UBfEM22:12000000000000000000:OKDOT:CHECKMYTH
16aDSPjaqt4R5RNiX7RZnwNHzVp6SDtquEM9hG4dqB4dQCq2:12000000000000000000:OKDOT:CHECKMYTH
14rgt6FM8g4rDDANueFSbRNF91ck1SNCWqawxvudjFPdgyW1:12000000000000000000:OKDOT:CHECKMYTH
13vaiChN9dJmRbVa5i5RaGfdU5CX4DyrgrvUhzDaw43UoTwm:12000000000000000000:OKDOT:CHECKMYTH
12Kwd231rMxJM931MNmvMbe85st44kPPp9Xwud3Hn8ucWmaL:12000000000000000000:OKDOT:CHECKMYTH
145LKHC3HivHTFLm2Y5acdEPE8mUhHDbphzbaiESTD7Dqmq6:12000000000000000000:OKDOT:CHECKMYTH
16FGNhV5Zmw1PLAHHFurpeHtkZZGBzs443KW8iVY5BpPKi5u:12000000000000000000:OKDOT:CHECKMYTH
11a4S8uNq2rU6Z8gFdFRgMC7nUnVt3bz2Fe3Qj1ssCb6UjU:12000000000000000000:OKDOT:CHECKMYTH
12JVw8V29uBtijo6T4uCXikysxWcCCSzu6CsJCfnRrYK3sot:12000000000000000000:OKDOT:CHECKMYTH
13S5BmyvN9E4o4W9UmzUNKVgf2cACQsR9p2L55Z5SaSvmYFN:12000000000000000000:OKDOT:CHECKMYTH
1fqwKRNvvJhmn6ZtT3zLiaHtMcL5c4GHMXLnvC5EKqpirDA:12000000000000000000:OKDOT:CHECKMYTH
15Pi7yTzmphCaQRH321KZ4zRim8GoRJ79TEo3yFFoJSFjwks:12000000000000000000:OKDOT:CHECKMYTH
14Fz53V2Z6AVcqNcEpC2f8iR9VsRNgZEgDdZBDi2Pdr9eCLp:12000000000000000000:OKDOT:CHECKMYTH
162voyeAev6J14WS7m5yWYvqf8QyqXoJcHQySyfa64Tc2kQk:12000000000000000000:OKDOT:CHECKMYTH
12q3gP6Z9zpRAFgoVv2mWXHmjAM8atWNeSDzSPYN1hLew4Uo:12000000000000000000:OKDOT:CHECKMYTH
1cEDi4g99kfY4rxsQWcTwQyjgNPkioLdoXG9ejTuFdWryxC:12000000000000000000:OKDOT:CHECKMYTH
15XzzwhpbzESYqdUfcjoG9PRymZbjZPuHVoskd66Mzgva4pD:12000000000000000000:OKDOT:CHECKMYTH
13fHkUgq2bcmrKtnrrwLdjQzcaapRDFnYY6tDebwRuE9ZhjR:12000000000000000000:OKDOT:CHECKMYTH
1561j66ubc9zDtK4Ght28zkdb3S4sSrxVYV46no7h9pRKMYk:12000000000000000000:OKDOT:CHECKMYTH
1283B2Z14b4cTWQ1QBEePbT3DCVTBzr5CEC45HdtAycNkDob:12000000000000000000:OKDOT:CHECKMYTH
118Z1DBXZ4WjFcYBQSbSN4hDNFUEQjFhekp8vcZ6TpeJHDQ:12000000000000000000:NEEDED:CHECKMYTH
15wK2pLVxrXqcmYTgvCa463zHXgunJd5dwxRnkn8sH3jnpTe:12000000000000000000:OKDOT:CHECKMYTH
16b9ibo2mjDNX7nTANgQ1ty41wwJUfp7o3RVtp3xT8BgoPxA:12000000000000000000:OKDOT:CHECKMYTH
14QV69fCrDPpcYQyWfUqDa4yeP5Ltn78ZEa9Sy9vE9VFs52e:12000000000000000000:OKDOT:CHECKMYTH
136yeBFDqxGHdhKvxsE4mEUXK5rThJNeuZBAUqdWsdbg78pa:12000000000000000000:OKDOT:CHECKMYTH
1eoKsrtCnZtY9kpHDEhhxtGfA4uQUTHhM23UwGGn8tf3mJS:12000000000000000000:OKDOT:CHECKMYTH
13STYM367cmgiK5hWYWRbrectonMaRw9eTcs1ghmo1GAD2d2:12000000000000000000:OKDOT:CHECKMYTH
1N1Rz14bfy4S1vXVhosjgK4f7MPkKCM7UNWYbEQPxYpw2kD:12000000000000000000:OKDOT:CHECKMYTH
131fcmoPeFsQGAopje3vV287qn2RrrBDcsxyzsHUjnRmkDiR:12000000000000000000:OKDOT:CHECKMYTH
1BNKBvzbGaMYEQGtdmL6qeqaKtD6eymK6BVATQQhd6YeXDD:12000000000000000000:NEEDED:CHECKMYTH
1Z22kApvwPKVX1crJfJvt768BbsFbkA7iQvN6Tr5MYqJ5hP:12000000000000000000:OKDOT:CHECKMYTH
12XxemCEUg4WGisWrrDPkpRnrHWSaajVMLwHXGRx7LFDr9eB:12000000000000000000:OKDOT:CHECKMYTH
1YDx1v1DF7CLToEBPSFDYfiFrqssrbWPLwdsxEKb3Vr2sNc:12000000000000000000:OKDOT:CHECKMYTH
146NEheGdWxnWG8G6L1oRZavGg3H3TTW8nMPeWV4sXQdJsvS:12000000000000000000:OKDOT:CHECKMYTH
13LHVUAZAMDgUdf9zDfTC8GRZroPyfNq89FGFvJpdW8W5yfY:12000000000000000000:OKDOT:CHECKMYTH
12TX5cEGPPm71tCq64RKSiRw3vj4jq7wjo7iYFMJZQdxNzKk:12000000000000000000:OKDOT:CHECKMYTH
16HK7eNkdPF5QUV9mfyX3KUnccDdmpugfNLierECXNXFbvD:12000000000000000000:OKDOT:CHECKMYTH
1EZZFURutvuya45W4yYe6DgL1N1mpH5fLYduvRJypWLDNqw:12000000000000000000:OKDOT:CHECKMYTH
143pZtmYNAT3KVhQ66899LTc9ZRWfh7ZRu86sy3ZdFpq72TX:12000000000000000000:OKDOT:CHECKMYTH
15tTQ5nBVotYerRG1p7UdzKuigP8JX27WZtNs5dXNiTduQ3s:12000000000000000000:OKDOT:CHECKMYTH
15UiCBYZJrMUhduNBq3iLnTr2JymYkjHnJp3yYrcqD8B8uFD:12000000000000000000:OKDOT:CHECKMYTH
12D5XHsVaZYN76Xy4c5RoUfR7jdjwe2EXksF5ndcsLKd1nzZ:12000000000000000000:OKDOT:CHECKMYTH
15JKx7snSqxRv8KpJ9wDpBxZomauFepNu9YodwrFzStxTWFV:12000000000000000000:OKDOT:CHECKMYTH
1EKW4Bwy438AZz9wazGUeho4gLBiTMwCiVceKgxsgvQ5Ngj:12000000000000000000:OKDOT:CHECKMYTH
1MRauakd7ugG4wDq8B1XuXK82Qgohrtz2n5utpHqE2vTcBf:12000000000000000000:OKDOT:CHECKMYTH
15S4DnMpvUwjJ5PWxQkEGTCna2NXfLE9DkjvMyBe3igXEys2:12000000000000000000:OKDOT:CHECKMYTH
12aeCUdDqReBT3okULv16ZG14Ah6Mgv8b1Rm5fzB13HD58of:12000000000000000000:OKDOT:CHECKMYTH
12NvkTwhsgw5MTs4Q7niBXWAGzdFktNxa96K1P7kNucYcoAE:12000000000000000000:OKDOT:CHECKMYTH
16Xavjf7C7HuhUgGzji91uMGVWmYUhoQuH6iuyBRoXsKQsco:12000000000000000000:OKDOT:CHECKMYTH
14LwGmG65tGpdwQJpNa4sPuPmqHCXjttatC27wLLtUsjyHAq:12000000000000000000:OKDOT:CHECKMYTH
129DAY12bfk4h9aYLoYv66otay5Tp7dKEDJJqAvUQ3rnMERh:12000000000000000000:OKDOT:CHECKMYTH
13WQiRmsRTcpYboqJ1RfbeD176mdUYgpHM7haAgpo3BSJgsG:12000000000000000000:OKDOT:CHECKMYTH
15pW23Um29PQAPCiFBPSNWnwqeUx7A5C2ij5Vy2WBpzG2ALM:12000000000000000000:OKDOT:CHECKMYTH
13kf8bnhaNMVw6kDq2gA4nzqq9WzcLgTqVNWXnuCTqEhR49g:12000000000000000000:OKDOT:CHECKMYTH
12t1L1dQrGc3XVTFpUqCPanbTKTT7h5eRf9F52Y63KzqgAP4:12000000000000000000:OKDOT:CHECKMYTH
1M8AGMCnpE2tGpnb6t4dKxz4vGXwoQxCXqsWeiBMtSJJHmp:12000000000000000000:OKDOT:CHECKMYTH
1d5PzW1TATEb8sMxjZs8tH9FjN75NfZLQhU6S3kyWrRNYbe:12000000000000000000:OKDOT:CHECKMYTH
12jLiFKVhRmwXbiQYWMXDhB4HBZ1NYA6mmKNvtqGm4Q1LMD8:12000000000000000000:OKDOT:CHECKMYTH
1Qf6WBCS4fWZkwqgru8uWTt1MmGxLUztDKvNGaHWtSccGJF:12000000000000000000:OKDOT:CHECKMYTH
12dCXaHrWH2o8XQ7JmD3PbMx1yPVkebDJ57TGiWLN5XnHue8:12000000000000000000:OKDOT:CHECKMYTH
14knU5Hi2VMrCdB6z9mjpVA8ZgEzsfbBC4cv7BysDYdozGpU:12000000000000000000:OKDOT:CHECKMYTH
15GmzQAuq8vCWoHpsb1xA5MgkR5EMBy1ncvzpwpU5jtpmZxA:12000000000000000000:OKDOT:CHECKMYTH
16mgBThcFLFQq7dipjFNpfihAos8bWWh6P8BcWMWp1Qscmp9:12000000000000000000:OKDOT:CHECKMYTH
13CXYdcT1rsj5Vyk5v2Vpis45WeHKStnsUERLmb5ZuwAuvVB:12000000000000000000:OKDOT:CHECKMYTH
15CokRezTsNsRYReMUY7BLcG1G8Kyvatbwh7NpB8KbbQxchE:12000000000000000000:OKDOT:CHECKMYTH
15YkomwTveLagARQeytLnVHP4aMwZvDMeoug3RTWdmqKDQek:12000000000000000000:OKDOT:CHECKMYTH
16mxeYw4emmBfojpxUwJL1Zwo1jqqzH7uTL5y7cMZKMAuCfX:12000000000000000000:OKDOT:CHECKMYTH
1orpoDZ9mv88wjsRuTGuFj6Ky3a4GDiTFQqxDxAzFj5YpPA:12000000000000000000:OKDOT:CHECKMYTH
13qXhuXFCpTM2DNLXCSYGAS5xAvKoGQoZRaK4y378MotRncM:12000000000000000000:NEEDED:CHECKMYTH
14MsxEfBVuehtzdHfdfjCm3VqSKtQmpVpX5U8UJyPXqaQrCj:12000000000000000000:OKDOT:CHECKMYTH
16jmToK6xieUALepnYXxYotjdW9DcrZm4ugHLy6UbPZMrDvs:12000000000000000000:OKDOT:CHECKMYTH
16f9Ek3gHGBMujEDfrnqZKUUvsbnyrA5KohxNvaS4QMzDDou:12000000000000000000:OKDOT:CHECKMYTH
16X2Av4UjF5KBiYcmnpYoQawZt46iyAsdMtrsJHwSuSSx2pK:12000000000000000000:OKDOT:CHECKMYTH
13yw5ND1SaDAU7LhkAyWBh7qbth3KCSJePhHnkFBWKGy284E:12000000000000000000:OKDOT:CHECKMYTH
131wbgoJdjiknMsf25B2KqWXmDnw7w4nrhi6b77xAW6YqsTp:12000000000000000000:OKDOT:CHECKMYTH
14tBe7pPkp2qzqTPDYWHdUYx9rwAkAGQ5sv3Uf45y3h9icHD:12000000000000000000:OKDOT:CHECKMYTH
12Ka8xrmkBY1ANsMRwkAVtHa4GeLCVF14WPeQafp51hAeAbW:12000000000000000000:OKDOT:CHECKMYTH
16iF9GcH86NJGdw8oRt46jvdHspmnQn2LK9obgmJyAz8jcs6:12000000000000000000:OKDOT:CHECKMYTH
14gh8Xsgck7Qe4Hnear2PVpTz5tevMhobbQZZqdYigvEbMrL:12000000000000000000:OKDOT:CHECKMYTH
164pdbG8DUwW7FvkQF7WptHkPGo84f4f6CSgQux6hefx7Rwh:12000000000000000000:OKDOT:CHECKMYTH
14nhQHq1iBHkb9X2JFNtQFP4KkBbXboow8Dot32U6cN7LPma:12000000000000000000:OKDOT:CHECKMYTH
15f48pqp8tbXhgyjNgBPRvNWaVNLKz4Be9tNmwMR13LrfXZR:12000000000000000000:OKDOT:CHECKMYTH
1hiE7witubos9fwWm8aiqzhnzYGj96ZeB87AuRLdQvVME8q:12000000000000000000:OKDOT:CHECKMYTH
15AmvTiv6un3nJfhxbPKJuf72T4zg1GQzNVNfkbyQq8JCGSF:12000000000000000000:OKDOT:CHECKMYTH
12zgaeBgGvw5xv2F3ext9FX7JE5C9sg3UQwH36EeJakbGoZN:12000000000000000000:OKDOT:CHECKMYTH
12ffG4XKro4iAfEdsbGnqNUssMyc4Wzuf4Mp4Z1RhAGTSyNT:12000000000000000000:OKDOT:CHECKMYTH
126EE6PBXdB774AgfP1EpvDeXt7D3SSx5NJ2KwdpXXgC9D8G:12000000000000000000:OKDOT:CHECKMYTH
13s644EzkPRhxVjx3tjGwxg2HvVFq4JdChJA3LzGTpT9yzkH:12000000000000000000:OKDOT:CHECKMYTH
14bCVwnsncM2MErcACHWikQSzWsnxwM6EYgZvv79qwqAkGWJ:12000000000000000000:OKDOT:CHECKMYTH
15cUyf5Zir67aaf3W27MRjj17tbEGGHcV5NTVUyuPhs5uxkC:12000000000000000000:OKDOT:CHECKMYTH
13wZ3cntja2nD3N4FLYAbnAQ65gobVwAHj5tziudcdmRwXvF:12000000000000000000:OKDOT:CHECKMYTH
12NpYxLVgdvYyR3ensX6VG92CePtjDWm5F7B1jKFMj8Lh5h:12000000000000000000:OKDOT:CHECKMYTH
15mwfNWLkuMmgvmE1TT7RJZMtdwyxcHgaHAkjkf7wuC3L9ge:12000000000000000000:OKDOT:CHECKMYTH
14SqnXvd8XPibxPfDhpaCHF88uwsG5qUWQhNrnznh8XYSSvx:12000000000000000000:OKDOT:CHECKMYTH
15q6ik6M6PFKNn3GNHFMABgmUjzs3rCAuaeRwVH58bt6Xcv3:12000000000000000000:OKDOT:CHECKMYTH
15viRchR5bX7o1ouSjbSgp5TvZ5kFf4NCAr5a5XL3ypoJzJ8:12000000000000000000:OKDOT:CHECKMYTH
15k1qpxmP5cKdjiv3EBuQiVXKH4dXNhMXk994qJLutvLzep6:12000000000000000000:OKDOT:CHECKMYTH
14rKzPTWzGk5Hwo2aAsQoAa1ACAbiDBNTisbZoUAxQNmGpNY:12000000000000000000:OKDOT:CHECKMYTH
13bHjt3DNXvcVFdskCzFuMwZptMmCvtv9Mv3zED53w6neUeX:12000000000000000000:OKDOT:CHECKMYTH
1N6bXeqrEBMqgat7wraMZsRzHFRpbSHvdUKu44FTX3B1pZe:12000000000000000000:OKDOT:CHECKMYTH
16RGogGt3RDAbL6YUUViw81JYp89ppeSLDS1R745CQByGcwA:12000000000000000000:NEEDED:CHECKMYTH
13U2Sgs29Eyy3QXzxoSobN8wbjy7Z3uxVnntn4P2fUUaTJyA:12000000000000000000:OKDOT:CHECKMYTH
12WPc1hZR3gQyjVF9ESLtPgwSM1UyA31JW636erNRRCn12J4:12000000000000000000:OKDOT:CHECKMYTH
12qpvm5TbwEVfC7WgbbrXvWFdnv6iHQ1yY9mXjMaE9eXF63e:12000000000000000000:OKDOT:CHECKMYTH
13uTWxo8YfuXXBQx577NPwoyz9A6XoFw3iLJJ83RVUk9PD5D:12000000000000000000:OKDOT:CHECKMYTH
14EJubSwijo9CGaEfN3rzTxYS1EXp5ZDutqtCBD2auBdzovf:12000000000000000000:OKDOT:CHECKMYTH
15rUwsKNvCW17t9Pm1Y9ZhSGmfgkZy3HjcVLf1MgCFJYBJix:12000000000000000000:OKDOT:CHECKMYTH
15FY3dEj8gRxqADvDURuCcvidjovYRBri2W1t8NJL53sFvaq:12000000000000000000:OKDOT:CHECKMYTH
14hbSKJDNzDbt6AuhaWzb4p29xgFT15UBbusCSbPB9MubYvA:12000000000000000000:OKDOT:CHECKMYTH
14VVWnR8mcvc5FFQx4DkKd3XHxVwQ4mB3rhSLPmTQoT1HAaY:12000000000000000000:OKDOT:CHECKMYTH
15vXxXxMUPrFcHAXanR9Xv4eKebAwQ35bHZSNGcih1KnvroS:12000000000000000000:OKDOT:CHECKMYTH
12HSehGaiyoEWLgj7xzeYihMMsBfSupjENfdxznU2o3fHm1R:12000000000000000000:OKDOT:CHECKMYTH
162ERpX5afdcHV5TgU7tQivBVfXAEfqDrvEyDD6EwpdecMs5:12000000000000000000:OKDOT:CHECKMYTH
13DkKvJJYNBa1GGBc3Kij6SzwnUGK1hLfYMEn3GfqXMTaa2W:12000000000000000000:OKDOT:CHECKMYTH
167NamkdYYbKXdijaC1ghu85DismWHcPD7x5aWmRzmc7tPkM:12000000000000000000:OKDOT:CHECKMYTH
15T2jsSVdQaiLcdypcNnHXsmdfDtZnkhF6ABPrJwSHiBc4je:12000000000000000000:OKDOT:CHECKMYTH
15j23xmp72aT83R4QBuQsrg7dD55pBrJBJhGaj8cVyScSACp:12000000000000000000:OKDOT:CHECKMYTH
1i7CzeQWVGQfwM3HyN14BfbbyDpAjQKanvw39jQy1ENGnQA:12000000000000000000:OKDOT:CHECKMYTH
16M2F2M1UuzLyQVZM7FwnXE5uYRJKfxsgHZWmDXsVLZwn2h3:12000000000000000000:OKDOT:CHECKMYTH
15wQzfQrB9JaaQYzyfdnJ4hYaCj59BjuFj49bqkwP2V4Uu4K:12000000000000000000:OKDOT:CHECKMYTH
1H8HzGmLAsCWAQLFRf7eEiHW199KJNPFFUep3TogXJSeEfL:12000000000000000000:OKDOT:CHECKMYTH
1jAsK2TdBvoBTiqYj3HhJng3oR6X3PX9FXhof12wjCXGd3Y:12000000000000000000:OKDOT:CHECKMYTH
16G8dXQwBHCxXqvbWLxmq14Dr1pR8ZCSmJCtzM1UL9HjFqyu:12000000000000000000:NEEDED:CHECKMYTH
12rmiemEf8Jy7UJYnGfEC7vtKQ9pgWonv8MdB8efj4Nc8LCF:12000000000000000000:OKDOT:CHECKMYTH
13n9rusXAfjS5cAPnrUZQemkRLuqTysjwc8wp11vnbH1maFZ:12000000000000000000:OKDOT:CHECKMYTH
14Nb9twxwSgsiFB6DhNefn8UHRtaoyYUV2Hw57hKtp8MF7jh:12000000000000000000:OKDOT:CHECKMYTH
158hMfUKjXv1bidEnsFYHoHXan2eiZprpq8se2A7oK6iAk6Y:12000000000000000000:OKDOT:CHECKMYTH
12TcJogDUBxHHqxFhj1Mg8zD1x4dTbd6CBxUvXC39J17m5Uz:12000000000000000000:OKDOT:CHECKMYTH
15HJkkzDGavcTrMjxQFSK9XBkCU8Uo9ovdRAZfXBQfPYymEo:12000000000000000000:OKDOT:CHECKMYTH
148ALerQaFZ9Vb8gkK34MjXy1os6RokNsL4pr4VX1cPcS7Mn:12000000000000000000:OKDOT:CHECKMYTH
15t7Pcrm8iM5jsvhqu7QDZbCrmNAkxcrn5vQnhgiR4whxdgN:12000000000000000000:OKDOT:CHECKMYTH
1tMrEjzSMASUoDytyWeKuuG22VgzUSmFyRo6yM7dvQgUfDe:12000000000000000000:OKDOT:CHECKMYTH
121MdteLsQ7DNSijhs8ZCbXBy2zntR7ZzEmHXhYE7tcfuJK8:12000000000000000000:OKDOT:CHECKMYTH
12deGhPNQopottDJRdj9EXMUJWefosCeEjS1gTtbxQVziFcb:12000000000000000000:NEEDED:CHECKMYTH
14gNe53RsP6pHJ9RfoFSPcg3ZiwpBTCWHDUo6boasgNYbC5Y:12000000000000000000:OKDOT:CHECKMYTH
16kgHXXR4S4WrtyXEeNQKgRW7kLK5eWbEzFWFgKhXqw6hNt8:12000000000000000000:OKDOT:CHECKMYTH
145i9AP1dFjX2FyxnMMQ2M8JnmtBbrEmLLva3BzzAfB6bou6:12000000000000000000:OKDOT:CHECKMYTH
16gVXKRSX6skqFwhKtqYFadjC1wtw4YPeGpV21Phi1GncYZh:12000000000000000000:OKDOT:CHECKMYTH
15jwTYxAywTjNEzihWicaERW9b1fdRAPpj1qFCu71VPtAwQ6:12000000000000000000:OKDOT:CHECKMYTH
12AtZGvJbuhTUvnCj9dj4x42mdcjgsmvhXR6aDYxPZq6LMcA:12000000000000000000:OKDOT:CHECKMYTH
13NnV6iXX2zjit4mb8CWNe7pbkQ4pg4JqvC77jmbf1cU1yvf:12000000000000000000:OKDOT:CHECKMYTH
1Geb9Fz7DFVVKrQtCeohMjixw3DMgESP4FygnjcG6gTEenf:12000000000000000000:OKDOT:CHECKMYTH
15rUuDa64dX2TE1RuoX5C1HCissXP4X8u3kcPw5zZ9rVi9sz:12000000000000000000:OKDOT:CHECKMYTH
13hnSbDjVJEtT6BknTxKERooAKjfxSJVCwJ4kSc9pVeAVjeH:12000000000000000000:OKDOT:CHECKMYTH
11dusj56RDXF3YMGsWfDrCY3QDiwocuFatbTNAsyBfttHi1:12000000000000000000:OKDOT:CHECKMYTH
15zG73GfMRKN7bsc9SEPAcPBca85jnF3hdLvv9F3YvVhZ9Lf:12000000000000000000:OKDOT:CHECKMYTH
15MHebK6qZndyE8fDoEYkAuupEzfAwVPHdHDR4yp2g5gfeoa:12000000000000000000:OKDOT:CHECKMYTH
15QtsZ1nXVnXd56jLyevdujJd4tqCFUzewMFU8HHbNMo168j:12000000000000000000:OKDOT:CHECKMYTH
12f7ZnWcZAD5rPMiZeFY965zgYzcy4ahxrJm8RzrGoMEGDFn:12000000000000000000:OKDOT:CHECKMYTH
1pP1LnQ9aSrV2eoCWWB6MyqCWBTub6z7Rq8Xon7GsCLJNiQ:12000000000000000000:OKDOT:CHECKMYTH
15HJq1H1Xyuv9pLmko65MtpgHPaqiozAFQudmNWf86JJD8xo:12000000000000000000:OKDOT:CHECKMYTH
146GnsyuDfxU3paYY8gSBn8HMcn8ZoaALwqvM7WfHeWToLhg:12000000000000000000:OKDOT:CHECKMYTH
14wUkYrJf5iwZbFcuEwjtaYTSAwDrG2C8NwqLoH3xQGuHpdT:12000000000000000000:OKDOT:CHECKMYTH
13RZZNyfsVF2v7THjRiPKqXud7p2FTJobzXVPttwVErZbGSv:12000000000000000000:OKDOT:CHECKMYTH
1T7U9YXxoDKiJdk9KHDkzT7N8P96e1zKhZ6xrZCRnVKftXE:12000000000000000000:OKDOT:CHECKMYTH
13YSsEuHJd5KJnDUGSP3HqT5WCxBAYWxaDWUEgyyuTdumFvR:12000000000000000000:OKDOT:CHECKMYTH
16bJZcsjBxaPteABdxmyhtdEVREYiAFUMCRkV6ShBc329vtZ:12000000000000000000:OKDOT:CHECKMYTH
15MVCoaikmJwGZ9TAPtP3Zy8HAHWsjtVP7vPyHyaPK59NXKt:12000000000000000000:OKDOT:CHECKMYTH
12WehQHtuk1FXcCkHvwwHh52JKiTpDSx4Q9P9rhJQ9xfFNLq:12000000000000000000:OKDOT:CHECKMYTH
134BZDe9imiv9KNu6HmXtQm99WSoeysawWufYy6jKr3jBiyN:12000000000000000000:OKDOT:CHECKMYTH
1WmsH7FAzwueruex2QZvrgzKo8vbfmJwLdZbTCMBmX9tHZt:12000000000000000000:OKDOT:CHECKMYTH
1HEnWLPzafUqsEhBbBB5DUqyw2SrHjWCNUxshZX4bzmGPB3:12000000000000000000:OKDOT:CHECKMYTH
15Qd3a4ZJVtQo5UQ4mMCzdJnf8FjWoPxN4GNTT211PYsPyQC:12000000000000000000:OKDOT:CHECKMYTH
13AdeVhof1H9g5QuuBTRNMdNfmfrVXMKYM6nJLv4YZmH5sNo:12000000000000000000:OKDOT:CHECKMYTH
13YR2sBJKX18GjdzNrxmcXSLwy5fnvvBcjzBYfjNggxuFT2f:12000000000000000000:OKDOT:CHECKMYTH
15M5xJwbySZKHSYXHWNmGY7U6JZGdST1SMSLEQMc2cLNgNbh:12000000000000000000:OKDOT:CHECKMYTH
139k2TuRM7gvyo5Q1fxEG1jjYpYaHXrpVmdsN9hX8r9EKTyX:12000000000000000000:OKDOT:CHECKMYTH
15wFLQPeSSM8KiZR2ZVTUsW1p2VjNrpei7y1iV7Xs8y9pVCr:12000000000000000000:OKDOT:CHECKMYTH
12Ag3SLz3tTGjQhZbNktoBdXeyHoM9k3YFLsbnCSxKLQnWPT:12000000000000000000:OKDOT:CHECKMYTH
16AiLayDkoMWFeN522qMnivVP32x7hw51nXHHCHa2Ru6aBSB:12000000000000000000:OKDOT:CHECKMYTH
13Vo2E5ZyYwuVJgUhdi7LoNgLmKzCNGewGv85LFhbcurB9qB:12000000000000000000:OKDOT:CHECKMYTH
12sQ3vwoRbbBL4ST4q81yFbbKQULTdfhLrcr6KqqvsdUrmaR:12000000000000000000:OKDOT:CHECKMYTH
12D84PNzGv2DRZ2cYgGiLP7UnFMw27Px7BgYqYLA49f8TZNW:12000000000000000000:OKDOT:CHECKMYTH
14jUNCicNHJwoM1W5DJPfBKE8NrzjzZdmBfGuJSjdKdUK69X:12000000000000000000:OKDOT:CHECKMYTH
13mY2q9eVCGZQwpwYyTYygzPueNvwbqmjeoc99dKfhZHXkPG:12000000000000000000:OKDOT:CHECKMYTH
15Cje1g83jVLHieuY2vGGQ17RPo3vkNVV6k1mj1kR4yaXdDJ:12000000000000000000:OKDOT:CHECKMYTH
131pQ2iPK9VCV6Y5eLQiJfKjbN9atD74LffMBqCt2GSXfmCb:12000000000000000000:OKDOT:CHECKMYTH
16BU4wiB5xShSeyezRSKrknd8YsyHvDQFjkqd6bZ8ztCUng9:12000000000000000000:OKDOT:CHECKMYTH
14XobQyi5EKQwVY5PmYt5orxiiEnLWuYQCizi2v4hUiLpLU8:12000000000000000000:OKDOT:CHECKMYTH
13WKGhUot1D6WCWWiZ1q4R8FKnzsNWLMcjTC7QXJTHVeAzx6:12000000000000000000:OKDOT:CHECKMYTH
129JqRyiHvaRYvTrgHScHpoPu6pNAbeJB5irnxtEJeCZfLSh:12000000000000000000:OKDOT:CHECKMYTH
151moHBwUjxFCziSomGkbBv9DsjfZNbTsD3NjaFdjXMERs23:12000000000000000000:OKDOT:CHECKMYTH
15meCiap8Fj7qyVCvS54YwHuGKEJATKRRjESCMsqevSMPMhL:12000000000000000000:OKDOT:CHECKMYTH
12geuww54f8sXsyaEh1cX24qJYYL1Df591oEc1g9AhisAYMN:12000000000000000000:OKDOT:CHECKMYTH
16ktVN9cQ1rWgGeeBr1s3jSDdhkjyACNuEauNMwpG4HYihvs:12000000000000000000:OKDOT:CHECKMYTH
13m4Qw8iDr9EDc9WbRNoEak6BcChgupRHoRGFKWfoBCujAUB:12000000000000000000:OKDOT:CHECKMYTH
16VSBXwTHNaLzdy7fGq7GkxQAZSb7zRUkPqfT4zmgrqcQzRx:12000000000000000000:OKDOT:CHECKMYTH
1kmCP4268QmzUsdKgvC4ALSJ8SYrDkoASFE8oLruWorJrk2:12000000000000000000:OKDOT:CHECKMYTH
16VMRZqqvnj2mAtSjH1bNTVaHcvmTDsuJBJAs6RnAqSBNsyF:12000000000000000000:OKDOT:CHECKMYTH
14cKcCjxDtxTg6ViVyX3VjLmbRKwNju1zLgVd1XJcWKXo4cF:12000000000000000000:OKDOT:CHECKMYTH
14v1sSZbY5BMN2nKmiZnZSgPoBR5TccSxUvk1X5LgJPV6MyF:12000000000000000000:OKDOT:CHECKMYTH
15rzKwrZ7bTqJe1Km9dt5BKAApvap9XLkwRcZeCLna4auTqm:12000000000000000000:OKDOT:CHECKMYTH
12v6654Yve6iqYCNmYF7xtRi8Nrut5hEet1agfCSWRbC6Veq:12000000000000000000:OKDOT:CHECKMYTH
15tbTPyPKVpW54YK4b7RXE8oZEMz8k1DupDbcFMei3hhURfH:12000000000000000000:OKDOT:CHECKMYTH
15GdWFhz14meiCWvk8ZGcq7w4VuD4XVTgMBL7Nirs9hj5mkv:12000000000000000000:OKDOT:CHECKMYTH
13gsWEQP1chNNqkSDhnA6zDixBZmRxna4N953AzPGVG1hsTu:12000000000000000000:OKDOT:CHECKMYTH
12uhDSSj85Vs4rWqLL7zBHc2KUVtVykMts8p1M6QicxjDs64:12000000000000000000:OKDOT:CHECKMYTH
1ayVb3zBVLu9bQksbL9iwdjM5E1MHaZ3sNyuNeQYjMLaw1x:12000000000000000000:OKDOT:CHECKMYTH
15Rx7FjxWPj9i2Q31RFqVvZ4j9hGFCtdcxhz3rDUcffJsmb1:12000000000000000000:OKDOT:CHECKMYTH
13nBTAxeTtav87sRNgNYUMEdroydp1buChxH6qkPPYRfZwJU:12000000000000000000:OKDOT:CHECKMYTH
165rp4HWTMbaRam3oVjT7qwAdNYaYtTF1XeT34WDgQxj7Y9F:12000000000000000000:OKDOT:CHECKMYTH
134SysnT9NU7EttJhPJ5cqKFAjSZY5PhnZqUMLMHZJuVNFNx:12000000000000000000:OKDOT:CHECKMYTH
14NRHb1UY4h2V1EMRufWFDExzMgNnDvLDE165nGDHvYTEKn:12000000000000000000:OKDOT:CHECKMYTH
14aQriMA3NAypqgoSRb4JY2s5hXgzX3YS8ErbwvTeTghaobf:12000000000000000000:OKDOT:CHECKMYTH
14ztWnmTHyoWjrds3ocWA2s48PjeZpbmHq2PoKEZHfkKuud2:12000000000000000000:OKDOT:CHECKMYTH
16eXTgTqDd72iMhSGUv6Kaz7WbH8BmA38eXBMcE1WXLGBQfk:12000000000000000000:OKDOT:CHECKMYTH
12HfTxYyRrEdUayHtS8TgpwGRmujyVfBAuWhk3iuRZt7rAND:12000000000000000000:OKDOT:CHECKMYTH
14Xm3pjNzRaLTyiHwL9pVjV5ignV87EGwBaFU17dsDW6G41N:12000000000000000000:OKDOT:CHECKMYTH
16mrov8wzrHbcWVtfyxoGmdrFf45GubvCdHujm6zTK8dJ6yi:12000000000000000000:OKDOT:CHECKMYTH
15A76vzc3cy5WrCVCm4HnG4t2fJs2KcVpyGcgm45AXG57MTM:12000000000000000000:OKDOT:CHECKMYTH
15whzGcFMxZpPjXdb2uotvKsKGx8oj2mu94Vtz1zoyFRDd1E:12000000000000000000:OKDOT:CHECKMYTH
15Rb4n3hu6z48sFZxiKyTb6XAWbXXXqu6hcTKMAJ41Px7sSa:12000000000000000000:OKDOT:CHECKMYTH
17QpHosp7PMFZ1qeC8y5CG2g9tZU2cAEj91geu1Uw88gSps:12000000000000000000:OKDOT:CHECKMYTH
14oCtQGRubLmg7szEhxtgpQgRhZr8V9HsG8Sgv2Rf9gPbELC:12000000000000000000:OKDOT:CHECKMYTH
15Fg7p6pzLo6uinCFdsx3HTWdAx4vFt8nnw2E3JWHHwh9NCn:12000000000000000000:OKDOT:CHECKMYTH
14nxELx1r8LL3kudrkiX8fLdrTMjq5v6LGyxqQTNAv5CqFHR:12000000000000000000:OKDOT:CHECKMYTH
14Mat2ogFyqWhMQLqMLvfmPuo4Yq9sVkuyj6pW2YEdRmcwav:12000000000000000000:OKDOT:CHECKMYTH
16WNp6twTRgPiRQ5TPf2ZbaqKPoLF4t93gVRKKhMcafVumdj:12000000000000000000:OKDOT:CHECKMYTH
1qx7TiWockvvNj3sNE7UrT5DMJ1S9U9fRJTompKsLpos1Sd:12000000000000000000:OKDOT:CHECKMYTH
15y31cvA9TueUX6wJwGKZhxioNz8Nj56XXum9sS4UtjGjsjN:12000000000000000000:OKDOT:CHECKMYTH
1ntaZv1UUBv6Yzi9ewe9QYX3LsBRedC8WZS1BtVJgtfENtk:12000000000000000000:OKDOT:CHECKMYTH
12oghJPXBRPx9y1SGorrYAzHDHspeuhwuuhGVsi5CH5w782d:12000000000000000000:OKDOT:CHECKMYTH
1L7JghJEKQRUkDRUtXS4buEWTcfKsGsJLZwZBqSZ44CpE9T:12000000000000000000:OKDOT:CHECKMYTH
14Chwr6QKgvhKCSewJ4mZuw5LjJiHWt4RbP3rnTr46VfpW2R:12000000000000000000:OKDOT:CHECKMYTH
1396o1PmduUjxw3A85t5g18S1q6FZ3SG1SszMEmTQrQkhZSZ:12000000000000000000:OKDOT:CHECKMYTH
1ab1sArmU1nsvsYH4Bro97aKfptBXxVaZkdVpLEqGi9k32Y:12000000000000000000:OKDOT:CHECKMYTH
12ToLr9Pykfsd3R2J7DPyyarD5jyGnKpVjC3HngLug6xGVPW:12000000000000000000:OKDOT:CHECKMYTH
14onCnFxa4CGWL7mnvCVmwxYGjQVDAkjDU3ce7euFhWHyth1:12000000000000000000:OKDOT:CHECKMYTH
15CfNc8Yr3ocBVwe5wHCKxfiQPyUP4TYeU32B2qPXBSAho4D:12000000000000000000:OKDOT:CHECKMYTH
1226v2vBNW2nMhYFngtAqAemXHuALyq7yRYFYsEax8M2LcxK:12000000000000000000:OKDOT:CHECKMYTH
15V91XgE1PD5rqAvbc6SeXdEVDC4VNz7dxXDBnjioHyBmiWg:12000000000000000000:OKDOT:CHECKMYTH
14AUtmhm1JtxBDFTaXZj55UUoGifxM6rzBM4KW11KkU44B9d:12000000000000000000:OKDOT:CHECKMYTH
14VTm9fDzRnL5EG91Cj8eR8C4Ve7pomfAqVh9TKgE3uR6mDd:12000000000000000000:OKDOT:CHECKMYTH
15D8CLipAKdaStFZLmUhTpzCqW3hus5HQPitVuqLMyJz6uUQ:12000000000000000000:OKDOT:CHECKMYTH
1NHZB2iYkHynFjKFJ2GH91pmJ7YAE2YmhJnDpoF7JRbzDu2:12000000000000000000:OKDOT:CHECKMYTH
132h9GHGGfbQdM3rRq6VsLXwvnrtLnLEkzJVLVvhjwXcTpRq:12000000000000000000:OKDOT:CHECKMYTH
15SmFFA5J3nHE72JkU9zCsDAftKkz9A1cFxQVaG7w4ZDq7ak:12000000000000000000:OKDOT:CHECKMYTH
16H8rPYi66EZwbkVpyqdkvKnVF4kPckTU8c69T8KNGkAauQ7:12000000000000000000:OKDOT:CHECKMYTH
1315ZT6PWjj6QBV14D6r4AubwoM3czG1LDT95xStwo5WdfBm:12000000000000000000:OKDOT:CHECKMYTH
1BMnPhjEckxpJursuZmRWdi3mEQqFApyCV2SnYrQ6CT92DN:12000000000000000000:OKDOT:CHECKMYTH
16j3P7Hw4hqoPTNgJYAr4cFPGPKYGqXR4rPwiBtVsc2R4ckh:12000000000000000000:OKDOT:CHECKMYTH
1p9YReBbZa1qSvck9THqs1V5HA9s15JamfH386HNUi8RjFu:12000000000000000000:OKDOT:CHECKMYTH
13cZ2GZrMXVfpRe8MUyJ65uJCrwB8M7QanmigJCNBgqSL635:12000000000000000000:OKDOT:CHECKMYTH
11MFvjLiLHLPV8AJJNxnNieEHaKnsq5LfzJntUnjLmUqczu:12000000000000000000:OKDOT:CHECKMYTH
12McABq8eBhXxaFoCoJoR3eydu3yttT6thW2s9L7HkYrf1zz:12000000000000000000:OKDOT:CHECKMYTH
12JeGX74U2qHjyY144JbR83Ra7x1YQNXZ8B6E9UgugYtKVsN:12000000000000000000:OKDOT:CHECKMYTH
1wfJH6nYYg2ywx74AaSVcC5ADD5F4cuMMPgnBsXsEa1mupk:12000000000000000000:OKDOT:CHECKMYTH
12YuXBGbxkXg3pFAqHEbBmQUDYgmfNpwH8EwSk5MWYRBDTuR:12000000000000000000:OKDOT:CHECKMYTH
123xxBD5F5wetNnauTCsbvxGq2nH87JvSW3NpxhnQ9aGz6Re:12000000000000000000:OKDOT:CHECKMYTH
16FPz39mMa2e3WMgKprD6ky7mEX2vTEKQNRztYJExUG5GM4J:12000000000000000000:OKDOT:CHECKMYTH
13BPGKrgAMsvL8bhERSRT3kFNyjXWEDdqfBAprhwze2fM6DW:12000000000000000000:OKDOT:CHECKMYTH
124jWiyb5qQsj8U7fidBjQ9GyKBq27qfTobYD7b2BmR8odJo:12000000000000000000:OKDOT:CHECKMYTH
13H1qCu2KXaXw14YYrxeJZd6HUAwhET4TcqRGETWxecUa6uB:12000000000000000000:OKDOT:CHECKMYTH
123tjqwzCa9R1sSPruXp4drFFbzDkTXHDgNRpZygVPwAJZMj:12000000000000000000:OKDOT:CHECKMYTH
13Hxu1bbK9SrPjBFKNp99doQ4ynfRsRvppS3EPrG5NX8v4Tw:12000000000000000000:OKDOT:CHECKMYTH
14T8znHntKZrFuZitthR6ADTAnxxYgVfHyBzjq6Wf3iQHN1y:12000000000000000000:NEEDED:CHECKMYTH
14NRzrrsoEg2YTrMsEraaa8jqJv6JC3q6C48xaWrc1afN7hd:12000000000000000000:OKDOT:CHECKMYTH
13nDDhmvT34pTEBZ3T9c248i7edaVFzNoD4jXgMuw9LiJXJm:12000000000000000000:OKDOT:CHECKMYTH
15KWyuj2Det7ByQuuSeKZoQSkiG8VqghsK1jhkrub1oDittT:12000000000000000000:OKDOT:CHECKMYTH
14kA26s6xVXhLCgJCCZSeDV31V2ACgRyRxGYvh4XcN8byY6Y:12000000000000000000:OKDOT:CHECKMYTH
11xi7TTe6UTpR97hqz74oHtJBUUJv4r47z783PhKbwJ1fRX:12000000000000000000:OKDOT:CHECKMYTH
16JZfNsh9YKyh81ox9xT8Y9yhcgdJYaFDjpW2Nd6MrW9gmHe:12000000000000000000:OKDOT:CHECKMYTH
16fgBV51MN1oFx723o7y2Ao1MHET4JpQXWGgKa8x5XEXsAxj:12000000000000000000:OKDOT:CHECKMYTH
1QDYTzVJWJCM4qNAmS1jFqbwBNUdZR1gNEXqH3kxsQ4pB89:12000000000000000000:OKDOT:CHECKMYTH
13mXDeoQgGZZLp4mK6Apdy5WAi7v9eMgmjoJuodkAocKUVzt:12000000000000000000:OKDOT:CHECKMYTH
13iiVvVZWrJWkCXZwerbBt8mEgrB1SCeWXknEQm6cpr64C7K:12000000000000000000:OKDOT:CHECKMYTH
1xBmDGfCwsuWCPb7ZY2NJS5DNwiuM5M3YjXrRr7rQQw5KxF:12000000000000000000:OKDOT:CHECKMYTH
12mtiEcFXWxdyZfRmsnjZJ956meBLamgZnnfH7USttRU781:12000000000000000000:OKDOT:CHECKMYTH
16kaK8Ed7LwmFkkNYcGtkq4vFatfqbZMEodXYX9wJ2YByP5w:12000000000000000000:NEEDED:CHECKMYTH
13gHczEwfrSpQbvHGtXzaf3waLt4WMTJiMskcjYfqhRProuc:12000000000000000000:OKDOT:CHECKMYTH
1GdTZTpbhDmLuDJbgMwv1tVKuBt4XAu3H5THDuER37T7nY2:12000000000000000000:OKDOT:CHECKMYTH
14bPRr6MFUeMMjQGMSTTfMzhZQGx2qkCiFPScRLYwWFuWgdV:12000000000000000000:OKDOT:CHECKMYTH
15BX1fr3Y1Am35V2cAAAVUYwxgPEhUtgQXAjWoz1Az6TRD9N:12000000000000000000:OKDOT:CHECKMYTH
13VsTVRmQ8zVasdhvmoegQvbycBYmqLAX5LuTwPYuuur97u:12000000000000000000:OKDOT:CHECKMYTH
1BDAz4xhAAQiWpNXr6EFnVXARWRbA6uYUG3oMp4Fpu3CZrx:12000000000000000000:OKDOT:CHECKMYTH
165u9t8kb7pAtmzYhT96i9DVoNKAM8jpsjwYAerEpCtGLFj5:12000000000000000000:OKDOT:CHECKMYTH
1Y8NScVYuhffYuVWg5toz2i7jiAXBh8uzwVQU7kYEwpzdX4:12000000000000000000:OKDOT:CHECKMYTH
15dPkq4o2Mg6AjFMCJJXZTEGkCAyzFhxbqiSEEJ7D8cziJjn:12000000000000000000:OKDOT:CHECKMYTH
15PTUMgp26VtVSgLz3HRuqKu6efrn62z9aQFgdxTZpNCdk7B:12000000000000000000:OKDOT:CHECKMYTH
1REm9cqMeXE6UW72yv9d9xMC3VHqrV7FMqqXfVHxfFeyUcC:12000000000000000000:OKDOT:CHECKMYTH
12LPHdDaX74qgSaJVNoBQebTgDmkDoQTFH2AHDLdYtghVcgJ:12000000000000000000:OKDOT:CHECKMYTH
15DBJJiLzj4unJ8ADjWAoi6x8eL8mrHM2cZdNFPnwo2HGgGi:12000000000000000000:OKDOT:CHECKMYTH
155saXUEAgEV6UJSRxdEuSMHknrdS2dEZHt5JRtpUTNULhD4:12000000000000000000:OKDOT:CHECKMYTH
14onh416UxMK33MY8XGqBNHg196M3HovuNxdYipjb6N5AUrF:12000000000000000000:OKDOT:CHECKMYTH
16P2KZ5cqLwoSZ3pqe86doueqfELcg5rpxtKdmDSXd89Ukz:12000000000000000000:OKDOT:CHECKMYTH
16DhDu3NrjZMgtzGnDcXunuNtL3iii7RDY9ESpPpk29etE2A:12000000000000000000:OKDOT:CHECKMYTH
14CDzR2QuqYd7AvYBf4DV98xtnzqU1Xnmk9S6s8w84mCYjAz:12000000000000000000:OKDOT:CHECKMYTH
13xSqkdjxj99tvj2cHruYigmTdyMDC2o4LCy95LyhsteTgwY:12000000000000000000:OKDOT:CHECKMYTH
15xd4g4LuCCo14zx6S8BMEodXVFZwGEpNcS32cDHc414J9sW:12000000000000000000:OKDOT:CHECKMYTH
16SBLYLEMpdhPET1NxYR8EECn17B6XDGVeHSx4VRtEEDFXHY:12000000000000000000:OKDOT:CHECKMYTH
1W13Qs8PVzVkVN5fATz1j1LspXqsUfMduFtPti1jNiR5uJf:12000000000000000000:OKDOT:CHECKMYTH
13pcr1VVEZPqEUihG8CDSGoULfMtgKTP25c9GxRNkY1dNxcV:12000000000000000000:OKDOT:CHECKMYTH
14qXqiPrA1vmf33kNMtiaJxP1YAfbnZyugL6tKHb2EEr5fUc:12000000000000000000:OKDOT:CHECKMYTH
14ops7waH1yMkYzVSFVXk7Nrfw5i1YeoY4ZWjwbYJxDJdG5B:12000000000000000000:OKDOT:CHECKMYTH
1NrFQ333Ms3KRZscWsfFgx5BUWudmPD8Fk4wXGD3yfqrkpH:12000000000000000000:OKDOT:CHECKMYTH
14kM1LAC5jaFcJGPY7q5SWMFEZeF9gro9w957JcfMT5bDRRp:12000000000000000000:OKDOT:CHECKMYTH
14gYJAr4UCnKYtAkavqmkvWPErGCAajKcRruU8VYjppJeT8g:12000000000000000000:OKDOT:CHECKMYTH
13WPmjYqcqx5ZqrbiC8M3qTyVML3RrS1gQQTpqgzWZT6LXiQ:12000000000000000000:OKDOT:CHECKMYTH
13xs32CZ6gNvWTh7apX3XnoPZciRFFK71buBCSYHsbyrPTju:12000000000000000000:OKDOT:CHECKMYTH
14YgbuHaH8oXBd8odb3j9dqRYXF51TaNisNRVomiXb7H6nZk:12000000000000000000:OKDOT:CHECKMYTH
15qz2TpMJYojKUR99FTU1PALhyPxFtyxR6xyVsxJsahRxzwG:12000000000000000000:NEEDED:CHECKMYTH
14jGJov6jYFThXV8KfpXdiPM7W8NJ9sCWazm1xQgdeb4JYRB:12000000000000000000:OKDOT:CHECKMYTH
16ULicsXdXQUfnTuY6V7N5M2H8f7cr3ddWG8UcgLkYs252qS:12000000000000000000:OKDOT:CHECKMYTH
13KUmhE6fz1fHuTbKAMfReDHvxoFgRFhPJX6Qzeaw7ECVejG:12000000000000000000:OKDOT:CHECKMYTH
13KbAgLw16ZqU27GQWYnE3HVQYTcEAEUFy4VqN4vv4Xwtpqn:12000000000000000000:OKDOT:CHECKMYTH
13Mnwsv6GPt19qfFGujUUL1Kf3zaV3YwPHZmvnvCUK3C9PhR:12000000000000000000:OKDOT:CHECKMYTH
13JmnHTBnyL76jHbWJKfwpTEqqfqF4QxcsgpnmRaUcW6Bgxb:12000000000000000000:OKDOT:CHECKMYTH
163Lkc2p9KkoxZakKe8zomk6F97FFfyY9cmHt4Ga68Kg8qoR:12000000000000000000:OKDOT:CHECKMYTH
15f6XcFkTb8RuC8dEwSAEiBVoAQvMU2LQs8ZiWabpxyzHgLM:12000000000000000000:OKDOT:CHECKMYTH
16gXE1iZ5pYz3gA5B6SBJTgaSx2nStjQur4wUR32eupVSc8v:12000000000000000000:OKDOT:CHECKMYTH
16RS8bpWpwHNtsgEQVokWuGx7JTj23KWrxrEAqy27KTkzE2R:12000000000000000000:OKDOT:CHECKMYTH
13gC3nVhKrcJFe3eNeuBdRUnzsCx5i8GxSMiT5HXn13y4BLD:12000000000000000000:OKDOT:CHECKMYTH
12FKiVwfKJBHL6KNdKs7LA6cWoT3xMBsdwsUoBDRY23VtG6k:12000000000000000000:OKDOT:CHECKMYTH
13zbU1GR5Uo1sDNKH6tB9EGtfFRGCg93CoDCD6hvc297YmhU:12000000000000000000:OKDOT:CHECKMYTH
13Qm3SMk8dgvbTxuBabm3G2p3RsaZoAus8HY6Nigp5TEotmY:12000000000000000000:OKDOT:CHECKMYTH
14C2xpL6BG73SfBFfKLnDrUon1czMXsrzjCuBNooeU8SrQuT:12000000000000000000:OKDOT:CHECKMYTH
14WSiGVfQQgK19waLcNVSz5UQUhxfTkKCVYTLzCfWprwdywr:12000000000000000000:OKDOT:CHECKMYTH
14BsMbXmNF7CxEFj6xWNhkFXtDVK5DUS1mokjtR3qJpwbLeT:12000000000000000000:OKDOT:CHECKMYTH
13U6TneiHJSTLZ6jJrNcveNi6VMt4deNd2fHpyuq6HptGCeB:12000000000000000000:OKDOT:CHECKMYTH
127jqr25SA2ittv1FXTonv6qh6gpUJoHBJGfmRZE3cTxsMrK:12000000000000000000:OKDOT:CHECKMYTH
13AmYvFfsHLXubUg9JgbUhyPDKx7vmF6YKyXny7eoxB1aXvk:12000000000000000000:OKDOT:CHECKMYTH
13HTRWHEG1sBLwnxB8FyUsF3zpSEf8RUduDqCAQfmR77g6V6:12000000000000000000:OKDOT:CHECKMYTH
15woj7TmGVTVomvRKjBR6qEnTPhJzBDvaz3DJFvC4jAmWP7C:12000000000000000000:OKDOT:CHECKMYTH
15wt6mLERYcJ7EHAWMZ64GzhKt7isY2F7rJHs41vGCVJqhBs:12000000000000000000:OKDOT:CHECKMYTH
1B7BMQmTfwsTYBFSWZThMt1VNtTZEehFJXVAHaXWjmFqvQp:12000000000000000000:OKDOT:CHECKMYTH
12WQgD3rMnpUcSbqVXFrHYH5kkjJfRpzTGKaszkUF7DHMLe7:12000000000000000000:OKDOT:CHECKMYTH
13Xug7DhhuX8EwxueQ3EyHNMKJSSewdK4RKcqrHQTwwQbmYw:12000000000000000000:OKDOT:CHECKMYTH
13LT9QRzLoP42JBsqyg1PaVM66xRCiUH6gHKczq6BNKVWRKw:12000000000000000000:OKDOT:CHECKMYTH
148KSeYExk4nXRBUZrxn1sDqLYwbB4hBwKwZ5CKJCk6NDhxF:12000000000000000000:OKDOT:CHECKMYTH
15n45D23THuZTk2i8cYT6CUDtTL1kkVrWJLEsQJj7C4VWMcE:12000000000000000000:OKDOT:CHECKMYTH
12yvyBQk5oaGf1nK88fBPbMwSv553UmufZ7ULN6gkAzCnTsP:12000000000000000000:OKDOT:CHECKMYTH
15wpbt6TS8TTHmeMKqYJmQdJrYJbMWwshyCZXorREeZ644cH:12000000000000000000:OKDOT:CHECKMYTH
15W5ogFZQTRjXrhvup5n4LKSHkfvJ9xtkJNVzrPcWunSJK1n:12000000000000000000:OKDOT:CHECKMYTH
12iaVVfzDrveiCcD78AXS22wgb3NMqkuoNTpjthysqL14Dfi:12000000000000000000:OKDOT:CHECKMYTH
14KRZDiwLPh6xMtypQGJrCGmhkXXYeUTwp81JfoDw3Rrum8V:12000000000000000000:OKDOT:CHECKMYTH
13NCLd3foNpsv1huPDzvvfyKh37NEEkGFotZnP52CTR98YFJ:236000000000000000000:OKDOT:CHECKMYTH
