13rfYhTJCJXCR1iKgegNhtcLVbvvEq3MSGe49anhG7kaTfWJ:12000000000000000000:OKDOT:OKMYTH
12vDj9T6KjB8aJARF1VSpZXLTasDo6aLDhCUreBYybTBYVVf:12000000000000000000:OKDOT:OKMYTH
16CNWBe1kM1cctzn8rmBjUneTZ3nd5CwufdpdWmavivmGJ6X:12000000000000000000:OKDOT:OKMYTH
15vB14fMkDxWZWTDHTDeD69gQMp1YQYv8bZZUVfYs5kYoYdx:12000000000000000000:OKDOT:OKMYTH
14DGvUN18o1SoNwu61igJkxXPuUPKbuNMzrMcMvs5KXmDQX4:12000000000000000000:OKDOT:OKMYTH
1tsA1CWPSkB6rzhdG9ZfpCwuc5YQhQ9XAYHmxNqNwvg8swW:12000000000000000000:OKDOT:OKMYTH
16gVsHbzSbZ6TRuG7K9RNBByDyCw4M5BGUh17odtPUGPuQQY:12000000000000000000:OKDOT:OKMYTH
12RCetnAeS9twHyKsUT7CxFjUkKpJZjd14KpapJyjRimA4fw:12000000000000000000:OKDOT:OKMYTH
14GQzgepPSzPLPwxb8NEJJ8EU6fDqFF1vUwBQYJ1VA9K47HJ:12000000000000000000:OKDOT:OKMYTH
168FSDgQx98atUR2tnvSuPwHU54Dhj7Lz4EBfHpH8D9uoRVF:12000000000000000000:OKDOT:OKMYTH
165veFV8Qz8L93RLSjvpNnPgbMvmuEbzNYCJYD6FyAj6Zpkz:12000000000000000000:OKDOT:OKMYTH
12Lh4p3WgdiKgQR4hXxwrbvh4GoGFWeRgxdV3zogzJ4nBLNk:12000000000000000000:OKDOT:OKMYTH
12gpyJ8mPQFBqWRgoa2ModD1sPpC9XE5pvTEh9VjSgfp2pzn:12000000000000000000:OKDOT:OKMYTH
153kQGEGsgMPxAp2szT4Cw4qkULqPEaxNqpYKKACqV3LoBrj:12000000000000000000:OKDOT:OKMYTH
14pz2Aamf6NfKu2Cto1JnwCE1PjzGrdhm4WTwDfkFZnhHVGN:12000000000000000000:OKDOT:OKMYTH
12L9PqP3pdeqfX1yyBEskJrev5uMZuSkYxc1egDppyQsQt1P:12000000000000000000:OKDOT:OKMYTH
13aicYZ3BZEYswZJ9KHuWxeTfsDMr2Ag5q486w8prrd3Gpof:12000000000000000000:OKDOT:OKMYTH
15xznTT8ZYx9d6Qm1bescyScjJWqgBy1qkxqB5ENFBjjoYhS:12000000000000000000:OKDOT:OKMYTH
12P6kg21CaA6yRpcnXwj3KRxwnSTW8XLQSvxVJiPX2JCn1Zu:12000000000000000000:OKDOT:OKMYTH
1a3QKFLk1NdCgxvyuAeyRF8u8wkVdtYXTVgE1BB8aPao2F9:12000000000000000000:OKDOT:OKMYTH
15tgE7sLjUNbyTsdYBMiGmSfbiUVR7DWXzSbPAY6M85jdZZW:12000000000000000000:OKDOT:OKMYTH
1JdHzxK8pqexRu8t39gxcnSNNSGTZL39FYNiDWmA2UGBURc:12000000000000000000:OKDOT:OKMYTH
13XrWent8D8UaZn29pVueXWa9Yc2mezDi9kYvpqwbAKCsSDx:12000000000000000000:OKDOT:OKMYTH
1DjvvwR9VjjK5ijD14UFWkkhoNSiJaCpQpJjBs6D8ZsZrDb:12000000000000000000:OKDOT:OKMYTH
126YLq8raTfLBWqTx1jP5WzZzVK1YtjiXBZWVH3QKnwWSEQk:12000000000000000000:OKDOT:OKMYTH
16ZKgeLT8HgnoZqUJSx6xzyLm6QZU1K552XEn8itWsuoU2RS:12000000000000000000:OKDOT:OKMYTH
1ByAWP1n3gF41edSY8euMChpRhq6q6dfj4H6erMmBhK387D:12000000000000000000:OKDOT:OKMYTH
14JthZrANy8krJxjoFqZWjidLWFjsQNngTsG7oHNfQ89A36s:12000000000000000000:OKDOT:OKMYTH
1BtsoFEZ63oHF9RTVswtbsJ6kTqYVkkcZXUAmVx76WV6N51:12000000000000000000:OKDOT:OKMYTH
16nRXmHRuZQUgx9xzPK9hxKFgcSPRirxGSNv3gtZ8iaex2B8:12000000000000000000:OKDOT:OKMYTH
16FJb9qii8wFDMcTBuKxu5bSQ4N7oGFrh66sYs1JWJMGsiXg:12000000000000000000:OKDOT:OKMYTH
13ARxq3nPgmbSWa2huU3XjDoummMjX8YsvPofKV3LUa9SVof:12000000000000000000:OKDOT:OKMYTH
1CoRZN1mm22qZWziqSYM9WMmkNeeEQLQ4Yt6c1jVqgTuRN3:12000000000000000000:OKDOT:OKMYTH
12kYiktPEMguf1EvtiR45Zbz2jZpJB2zxURdS2hWYraYL5ko:12000000000000000000:OKDOT:OKMYTH
139Rq3vPTcvrLAsn7cuZz1SKs1xQh7F2MsRiyfFfjXYdPkoc:12000000000000000000:OKDOT:OKMYTH
169bsA2poy2aVUV62LJdYsquFUToKs2Zu59FPhJMjoYFvjtY:12000000000000000000:OKDOT:OKMYTH
1jNMhYs2cHYDA3y6FqKL6WfxJUVRGFgSpT88MNQbd8bE8om:12000000000000000000:OKDOT:OKMYTH
16TXoBcisoA6HFbpyvgpcpVyqGkr6b3HZxxM9UFuoLM6wdJR:12000000000000000000:OKDOT:OKMYTH
14bMhG674s9YSFNG5btmgsL3SFvSpH813BCyTPEJkbyEBa3g:12000000000000000000:OKDOT:OKMYTH
12jGUM3oPZs8Ynoqg8gHaPrQCAn3gfs1ivBDUPhVPfNJtfLB:12000000000000000000:OKDOT:OKMYTH
129FyjkJE8EeU24A6YVhH56GVAwDmY5Dvn9BXjV4dM6igzKp:12000000000000000000:OKDOT:OKMYTH
13coc874AirgCAGMBKLfMT1ceCqAAwqQVPbHRPEJPBe39wbv:12000000000000000000:OKDOT:OKMYTH
12gDoR5RSkTiVeMW7w2L5N3WB326SDeSYxMnG1hpX76GKVhi:12000000000000000000:OKDOT:OKMYTH
14DxqvwsNbzmUnh6SayhYrxTN5HGo7KKzxeZ9tKyL1cGkSma:12000000000000000000:OKDOT:OKMYTH
165JwWLog2hiFfpV8ogsihqMehUZ3WKSA9U2SHBY667cRbHM:12000000000000000000:OKDOT:OKMYTH
13TD6WkJ5GRKLVYf5FqbTo3CeWYXpQHUwtg7kfaSveR6RPLh:12000000000000000000:OKDOT:OKMYTH
13L2EinZXxQT6XpitqqwWLDovQVze2UmL4pDyj7x12J19AsS:12000000000000000000:OKDOT:OKMYTH
15faLWpiBggYHb1rgjXAxHAQPziRR9WBA4gWe6fZWAnb3HAN:12000000000000000000:OKDOT:OKMYTH
141risPapbjKAwVsx7eMQnH1sPZSmzAWZEjkYVhTzAkYwVjT:12000000000000000000:OKDOT:OKMYTH
163xVseX9bNeW3ADPQecdQcn7zLzoAxQvUzdEddGQwpr6e3c:12000000000000000000:OKDOT:OKMYTH
14GkfJJzERiSFfBnThYmL2BQLeT9W4K4iRhs88PP5XLTAHnZ:12000000000000000000:OKDOT:OKMYTH
14CqaAhejWSsJQ1eW5zh3GSqynRBhD6bjT4KKJUH8pQgjcay:12000000000000000000:OKDOT:OKMYTH
13jgtCdYpXA8kswKyr2t6Yez5DRz8GcnNszjTs5nRUrR94iz:12000000000000000000:OKDOT:OKMYTH
1zbZdAS9qekEX8iE4NDfaCTKktTcMRCBH7KBpTVjcAKx91o:12000000000000000000:OKDOT:OKMYTH
13vBQ1ZXc79TXWdUfRuyr4U676vBaMHJE8K72xXEQhsyAhLR:12000000000000000000:OKDOT:OKMYTH
145oJndd9wVS5q971cFJeSJrFjkT4rqUiA5pn25K9rE11Mac:12000000000000000000:OKDOT:OKMYTH
1MSRwBqkLL7au1ZNJVoHBihfehNkEiobC7WdopJbgmgU7ce:12000000000000000000:OKDOT:OKMYTH
12jiPZR2Sb1YUmG6HnNZ9djSq4E95DXgA462BeCbFuraQwB1:12000000000000000000:OKDOT:OKMYTH
15VTneeqtz6Xh9kH1gbVhNNzGeGNF5mkD26yrssRt1zkwUZC:12000000000000000000:OKDOT:OKMYTH
12JuCyYfWWBgxfKEdpHyPrDFFtGjtZzx3stNC7SnQseBLk1k:12000000000000000000:OKDOT:OKMYTH
1Te1bnXaJnsCSUMgmsb1YGGJuiHuLXwvxL5CDdRYQK6oaaA:12000000000000000000:OKDOT:OKMYTH
164t1jTQayNqdK5DUi2rJ8aeLc8euoZ1C6hFsSk4iWqyeBLK:12000000000000000000:OKDOT:OKMYTH
16CDvGrqqyr3P6LEq7XY1PXNWV6SMcc42pR36pgTk6SR3u6y:12000000000000000000:OKDOT:OKMYTH
12GumPv521GjQtxzTzBt6Mucw4iBjJKhRF3wvstnkY3VVMce:12000000000000000000:OKDOT:OKMYTH
14Pn8sUxdEMgFRDgZ5J2VfcUVMLaMQhst9XuvCj9mKJYUAN2:12000000000000000000:OKDOT:OKMYTH
16CsJQ9RSc8z3KgSdsKX8F892fc5FYyYVpeCHCP3HR3ihRTE:12000000000000000000:OKDOT:OKMYTH
16eh1DwhMHAboLUe5eBjwoD5qeR9hm6f4xd4ckFGAnXAGomJ:12000000000000000000:OKDOT:OKMYTH
15YCWMgof1beyS8wbJcH9juxeJEwYHZYHnvhEHGwu3BGLbMo:12000000000000000000:OKDOT:OKMYTH
136RQULsS1FWcTtD1rm3R6zW2VHWNJb2qQQKdkpheDbaYsd3:12000000000000000000:OKDOT:OKMYTH
16TEpyxCM6zYsKnMLm8CQxj8iTJmC55xx8FbCwzQvaWWkokU:12000000000000000000:OKDOT:OKMYTH
14nQ1W4JUMKiXAsm8KPM7UxuB8iUBa71onG6WEpgH2DTvxAa:12000000000000000000:OKDOT:OKMYTH
1htkCghcjtXbGGqx3Bitw8QKxfLCJyy7WqHeHVbTHnfbit7:12000000000000000000:OKDOT:OKMYTH
13b4MXCW961ULR4FaN1ZrtNZJLzoGYfuj3UW12w4qgFPU7yg:12000000000000000000:OKDOT:OKMYTH
12s9UZRrkgwfopBf6uopycYr4o76KstG31KD2YTHuY4n6uaB:12000000000000000000:OKDOT:OKMYTH
13venSc3hkmHf93EUZXqWkVs7BDLoti5sjzy2ss4j89MtfEL:12000000000000000000:OKDOT:OKMYTH
13umAbqENSWcryrQAtmhVnZ46NewWucD5YpstFzG3kf9nt9:12000000000000000000:OKDOT:OKMYTH
169gSXVroVfKqqDV54NkS8YerCGgGV4eacMyGSJA8SwNacLd:12000000000000000000:OKDOT:OKMYTH
12nmtogEz3HYLWbQoVLL55ncZHtTPWBfgsurnSFubpxagRTC:12000000000000000000:OKDOT:OKMYTH
13Nx6neQTm3rzXHYYUTuAiuc5ZTyorLWmoZggaukkvEpkPFv:12000000000000000000:OKDOT:OKMYTH
163t3ZkkVM2BAUBYmGRPuSdufEhR3LHhP67cmQ3TUPeK9kyF:12000000000000000000:OKDOT:OKMYTH
15y5UgRbhDPeLwiZiqcXpieiqiLmDTUYJD2fedWAr8MbWbZy:12000000000000000000:OKDOT:OKMYTH
13QEf6Fd9pvtzTWQhUUBTAyWXPu7xRXvGCbAZWYe9ieRjs3G:12000000000000000000:OKDOT:OKMYTH
157Fd1sqZkDbPaxjVKUzJLFfdZW5bTHwvPYqpDX4C86qxhsm:12000000000000000000:OKDOT:OKMYTH
1c4ouMGZJcPgEvazfyYc1fnmuedtyT5M8Bx1RSQ47Zx2wYC:12000000000000000000:OKDOT:OKMYTH
13fw8H3T1p8VqjmKs37auN6kWurwCdiECcfdzdCo5ed4YjjJ:12000000000000000000:OKDOT:OKMYTH
163TzKxA1xj9weWQ4qCG8oaJkmB56EdQY7tGa8pdAhdnjFjB:12000000000000000000:OKDOT:OKMYTH
16f799xBHhNJbkNSUWwchxANxFKRALWAaUHe5MrvPFRzeNCB:12000000000000000000:OKDOT:OKMYTH
14bczdrWjXWA1SzmdZQmYrCWFgriv8pbJypdq2un84trjzZT:12000000000000000000:OKDOT:OKMYTH
128fJctPgy5A3qmaM8g71uATzRAar7sFG1MpQMzpzVgNPKRs:12000000000000000000:OKDOT:OKMYTH
1K94xjno7EVNT8A3x8p3enA8y2rwJ8qG1gsHTpHfPXYKEDi:12000000000000000000:OKDOT:OKMYTH
12LqyXZMvouvQwtvhQPrPvqstQcbjDbubs9Qy3nnDMbPXdJ7:12000000000000000000:OKDOT:OKMYTH
13bEUJf3VnDhXLZQ7XqZtwefE5Bo3Zc42nSJ8JfT4pfrAA3f:12000000000000000000:OKDOT:OKMYTH
14Dmm8pvpDeJ5jkMpea7Jecix8RJGRykUEiQLSLA7xSYWDoT:12000000000000000000:OKDOT:OKMYTH
1YugJhzZy8zfKRTfyRam46rmfYGoBBKtbWDWRCA93GzxWda:12000000000000000000:OKDOT:OKMYTH
151M2fGtNDNbo5wBQxMkWRCQ1T26SDKRfdJNeCzzpVtGoT53:12000000000000000000:OKDOT:OKMYTH
12z9WJ98XmGZzgunRpwjfNxMnWr65wtG4yvYpDLLSEuN33dd:12000000000000000000:OKDOT:OKMYTH
15i2dYe2X5XZGf7X5wE23v2QpLaaGEKd98qTFHpp9YioR8xC:12000000000000000000:OKDOT:OKMYTH
12rfTS6zaNULX12JwhfbjkdmW6LJmuwVjNL9JprMa7dBq5Ek:12000000000000000000:OKDOT:OKMYTH
16Hv7MWfGUxJ3d4FGF1Qd8irRstJ6FtGJU3vXNXqhZtmkhUQ:12000000000000000000:OKDOT:OKMYTH
13uRSJ3apMj6MF8wn9MGXNG9xExbNyRYctdeQfoHzymfnAvu:12000000000000000000:OKDOT:OKMYTH
14v7K64zhGY8dhgb3HWcxaorASfV6ffhQjFZ37nui7dH4mgd:12000000000000000000:OKDOT:OKMYTH
13AqigxG4xsuvdmuwb2zRPzwm6nNQ9GkbdGnkRtKea5reNPy:12000000000000000000:OKDOT:OKMYTH
15rDmxGkENonWXjp2gvTUc3cHWqt8W6RFN8UUJQ5wXXV9WFh:12000000000000000000:OKDOT:OKMYTH
12ZYGcUox2cKe8118ETPtUCNGyA9SmG5KkdpPxLsfAUoRqoT:12000000000000000000:OKDOT:OKMYTH
12RhRzaa2FhDPDs9uAQr4LKMzwS8MYa5ut6XR6U9tTGYNgT:12000000000000000000:OKDOT:OKMYTH
15ixNXZRyrjtuMpsJMsxXu8ENZxpZzGRB3ZqmiMHjczAgshN:12000000000000000000:OKDOT:OKMYTH
14bHrVAVxeqehesBjyQ95QaoCcG5PzYwZesuLb7yRMPagz9N:12000000000000000000:OKDOT:OKMYTH
16CnmXpFg1iVj8RFNmBpT3AUqG7qquJq2BEEk3HRxGB1wczp:12000000000000000000:OKDOT:OKMYTH
12srU6myShRTurTopGjT6rnhFThn7baeg5BcuysQQ8GEGh18:12000000000000000000:OKDOT:OKMYTH
15QnrS8fvdyFT18T3dSwASkVtSZ15na3BpB5MezTzNCprR4Y:12000000000000000000:OKDOT:OKMYTH
155uzjhRCwA7wAGHxGZbGgcxTmziAeFESy5mUbu1jXTnHFKP:12000000000000000000:OKDOT:OKMYTH
14P5GRebpXtC2bEYZ9fFz8usJ9vY6e1qQZBzoQRbn7wuzi76:12000000000000000000:OKDOT:OKMYTH
16MrWxTcNYwiNg1gWmD2UQxiehtqCso6Mm8LypefbtkjiGSG:12000000000000000000:OKDOT:OKMYTH
1SS9zJ3CZH86JNse38pCK1FkkELe1qP69uEDHP9NFTviuY8:12000000000000000000:OKDOT:OKMYTH
12pUXJpB6cnLe36XFgnMDRJe7a4re8ASFua3reL8c9cCt3S2:12000000000000000000:OKDOT:OKMYTH
13GW55ipHK8hc1z6Mu5jefJMJeR55i9z9WyUd34spy7R6TN1:12000000000000000000:OKDOT:OKMYTH
1362bwrjqjbFZzhqom2Dvr4pSmC5Yj1HT9kaauPLK1W3giVJ:12000000000000000000:OKDOT:OKMYTH
168B5Gv5irfRbRSUEsQFbM63EDpdgvuqAE7tdzqdN6suw3Rm:12000000000000000000:OKDOT:OKMYTH
16m1tD48nhJE5vgdTfdYSacrBrohALPxKJup8xVZxasjw4qS:12000000000000000000:OKDOT:OKMYTH
12SHedLdGMNhv5UfPqSw6GNZpqc77tJ4ZLkuEep7shA7X82g:12000000000000000000:OKDOT:OKMYTH
14S5R7Ct3YSzq8gpNqtSirAXZZQhE7FwvZifJGiPw5PDEEiL:12000000000000000000:OKDOT:OKMYTH
16LHFwL4sSKtoybPRDHNby1BxvieHeGdbmaUWUeWa26VCx2E:12000000000000000000:OKDOT:OKMYTH
12XPW7tmrEd9oSYq3TU2wSo7p8qXQsMZxm4Ksi3wHGSQ2A6y:12000000000000000000:OKDOT:OKMYTH
19RkQfY6fgMHHazbciqgaK9B1tLgJ7yXTfaLd8B5fQETVzD:12000000000000000000:OKDOT:OKMYTH
18EdFtY1t3dk77P3bRKdaS369ewz5Ws7nYSKec4H7vVQXy3:12000000000000000000:OKDOT:OKMYTH
15omJ1jny47FSZk8bTwrNdHEDAgMX4SaNMBbevmmvA3s8XJX:12000000000000000000:OKDOT:OKMYTH
1426ieWEnfSDsHSGndPZarVCydFvbvDeP8kPSeH97Kv1TrKr:12000000000000000000:OKDOT:OKMYTH
13P93Rc7kAHhknb34FKDS179xkHsiSqJGAFmwHDxpmtPqj5D:12000000000000000000:OKDOT:OKMYTH
135W2pczCLTX7uBWiBGTsX5DahdCjtjofnvYcB5UD8jAUAgv:12000000000000000000:OKDOT:OKMYTH
1c8GmTeqjUUUjCbBgyKn7cpaJYzginqjWaZVJsQPnbkKiFQ:12000000000000000000:OKDOT:OKMYTH
14kCkakwah8jqDwpBavV7hyNRmi1ofV8uwoH1aZPZz81xSL:12000000000000000000:OKDOT:OKMYTH
1kdVvJqfL4ZDJpNSunDcv1Gizv2pPkH3uhi3HRvaThR7sUT:12000000000000000000:OKDOT:OKMYTH
13rLG8h46b9LSJcLvoffC5VZCP6J9ZTGbNnQtQke9G7BqUXu:12000000000000000000:OKDOT:OKMYTH
13QiZnUL9gMkZuPFsnTcFHCiL5TX4AD5QkjYvKXQffjDAZWJ:12000000000000000000:OKDOT:OKMYTH
16itU7UquxqcFQgThoesmVVT3KQLFpienn4qDz1UU5vBkiLp:12000000000000000000:OKDOT:OKMYTH
12X1LMBd9vvCDNefjaT3dvxsRHBJPvHtuzGNv8an8rkPCkVx:12000000000000000000:OKDOT:OKMYTH
12wvCaw36CtknuCDY9FzzUrMDPDH5FFB3gFZU288jmTzLXAg:12000000000000000000:OKDOT:OKMYTH
16BWy7sroFbYB6rLaHZtf47XXkaTmFekY1QrNT8imT3FmtJ1:12000000000000000000:OKDOT:OKMYTH
15UqPCU9KGf9VgCKW7Hw2zFmhW5wY212mZ9cYf8H1SGiQdSy:12000000000000000000:OKDOT:OKMYTH
15VDmaTNsP8ccgjJM4egCdQCnkDUnJJtGNE6e3RuXh7zmEbW:12000000000000000000:OKDOT:OKMYTH
12akfeERd9RuTd2YygghFK5CdmjGmAYH9bxewBjj7y9RirwY:12000000000000000000:OKDOT:OKMYTH
169dr7kWQLiM96fdTP2D9bxzXaP1R6kh11HhVntNZheeCqJd:12000000000000000000:OKDOT:OKMYTH
1BQXauXGqE62F9pi3ymg8L3TXfDNZJ7bGQRA4MUhZqftk2N:12000000000000000000:OKDOT:OKMYTH
14pZR1ywoe2Z923TR7xxamPv5Yv3zmX8MUAQfTX24mSDXy6o:12000000000000000000:OKDOT:OKMYTH
14wZt3RGBPg1zma8MqF8D3fBWuPwWbMKNXvovQHDPMsWWJVc:12000000000000000000:OKDOT:OKMYTH
12oT3vLACxTZV8BXu1fg6qro6UvM1bMwz29rszvQDYYPcKhV:12000000000000000000:OKDOT:OKMYTH
12zUYBxGNtMPYbPHZJB9QvQYmsmQ4UeFMoMtZYkvXbWf2pJV:12000000000000000000:OKDOT:OKMYTH
15jksdALF3eFY62vexXxY6UryGauagBwvDmXAAgte3Gvuywj:12000000000000000000:OKDOT:OKMYTH
154qHbt3mLBrHoNWBHmAZHNk77FvCUVjx6bL1PyMnU4p8wk9:12000000000000000000:OKDOT:OKMYTH
15bzEGid8ttP1GZ8CQb3tFsDpvsXqek7sXqDTV2ezfDW146F:12000000000000000000:OKDOT:OKMYTH
13LFYvioxUsfWZiyDoMewsXybieSGAZ73czG9obzGwiQ2YVc:12000000000000000000:OKDOT:OKMYTH
134XaHjLGxynj8u5tB51UXyJdPNqrLJXY5qvXf4owrqCsCd3:12000000000000000000:OKDOT:OKMYTH
13f4Z3qCjMKZWcSUCgHbTK8E4t8pynE8Zz98fqtcRhFHQQKS:12000000000000000000:OKDOT:OKMYTH
1JerkQ1NZURFxbs5DD3K1k4MZ5tKZpen4jKdDr5QSTRoFMr:12000000000000000000:OKDOT:OKMYTH
151GRuV767QnSsFqrBVRnzZzNmQwBQfeAbsGKGSvj6m13JSm:12000000000000000000:OKDOT:OKMYTH
12BEx7CUuYEpXCjreNwnYt4J1z6rXBXdUzj5xmNxSuhHzezD:12000000000000000000:OKDOT:OKMYTH
1As6ikPPr5DpM2hYi2oodgWnANQi8L85FRmKapv9pXZiGmU:12000000000000000000:OKDOT:OKMYTH
146PRVKU3Hgh2fohowF5osMehzB3CpdvFmsy8a9g7KHqL7t1:12000000000000000000:OKDOT:OKMYTH
15381jy3YyLxUqaZdhvr3teXNNqV31UnmogDDn1HwoeLaE77:12000000000000000000:OKDOT:OKMYTH
16C9qQUnBjNN1esdFdyuBfSWa3tgzKVridSJ66zQBUSbhxCS:12000000000000000000:OKDOT:OKMYTH
15fnbUkef4cwEaoM3g6eXHeMUMLbk8hPBR1A5QExnUXCwdx4:12000000000000000000:OKDOT:OKMYTH
16Ufzj3bgwe4xAn6h8UXyCAJzSZDR1mJRFZFrj1PzrmJ9LM6:12000000000000000000:OKDOT:OKMYTH
14u24WnrwxGhJuUBXtx9y5xjLU2RkxN1Px32Gj7rwzW97SY8:12000000000000000000:OKDOT:OKMYTH
12K5ZCYHSDYcTwRJYmJCeY6HKXLNp8qqtiwfPG4ji1Gw8EyM:12000000000000000000:OKDOT:OKMYTH
13AAD25iuhKTpvsy2CUbM7x8mpMxW1DVKYm4qfapuNkZcq8C:12000000000000000000:OKDOT:OKMYTH
143y36dT6joVN9TxjvCgAwgihEQmmfA5Ld4ebAM61MM2ocDQ:12000000000000000000:OKDOT:OKMYTH
16T1i6L1QXoDJwpJ6UGejEtSFefWcQPjvYtMf6f6qAB2WmCh:12000000000000000000:OKDOT:OKMYTH
13P7RQZTPzEMG5gmyt9LEyhoumTTbFKYvj7UoAsKYzdwXjJm:12000000000000000000:OKDOT:OKMYTH
13dbtKcKwY6scHxH7ho5yNWWecua8D9zhfUcmWL4wY58iiUo:12000000000000000000:OKDOT:OKMYTH
15dCGMWoH7pqdqBWdi1UiifisVHuMMwddxhwEKtSE9Eu65Ui:12000000000000000000:OKDOT:OKMYTH
15rTMD7apAf86D8kruBPfnFAXe6txEgD5ESVdRfZZt54jKYG:12000000000000000000:OKDOT:OKMYTH
15etkCpps2j7ctjWHqRs3af8nc2tz78yt3okGkw9g5ZKquGn:12000000000000000000:OKDOT:OKMYTH
1V86gTQ4fdQxXTuPhVa8PDQZZnxXGZMaV8GNE5j6Z4MntYD:12000000000000000000:OKDOT:OKMYTH
138SeZ27XN6npLhzBewLjL4vGzAVkP2Fj3U6d8ijbbtcLgy8:12000000000000000000:OKDOT:OKMYTH
13A21Z81zt55DFoXBQ5snzhxPVwNT8ths9y3GhDGRx1UwnWU:12000000000000000000:OKDOT:OKMYTH
16ZcBVgXKeQjEhq6P5Sb9hG7Dm5pGQdU2JPJjMkUXp244di8:12000000000000000000:OKDOT:OKMYTH
15r4miSiATPpisKXFw4kgA84ZzZ7RkGurCGMUAqzWA5zqZgj:12000000000000000000:OKDOT:OKMYTH
15tc7Bx5JZvyX3ejXaHc6DszoKHjE8pgnQK2mCxwP7ThpZUH:12000000000000000000:OKDOT:OKMYTH
13ip2ZhEGexifXKt6jN8JgCAC1U8WFcX3tEAbADyymFzzfQD:12000000000000000000:OKDOT:OKMYTH
121qK1HDMUgbbQd2SRDwpPnAseVRWWab9h38B67cE1BoMHfh:12000000000000000000:OKDOT:OKMYTH
14EFEZenYEvLRdBiJyeWQqz69Niu1CaCUGpdqDtqqah8qdLm:12000000000000000000:OKDOT:OKMYTH
15JAhVTMTxytoTN7XJWcAaV37dm2GB6faAYhseZG8tzB13cb:12000000000000000000:OKDOT:OKMYTH
15ggki4R1i3fa4Zp6waT949mvJncw57be16ytm8nPcDQE7Vj:12000000000000000000:OKDOT:OKMYTH
15EybRAyfpKxUkDHmzH6TBt1vagQ6jJWED8EDJmiHetqEJqJ:12000000000000000000:OKDOT:OKMYTH
16C5m3KA9XefFbgNxdcACAc7osftF4e6rtExNw6Mg5cPytcR:12000000000000000000:OKDOT:OKMYTH
15qQoSaQ8AdCDknF625TWrSEcbNZqsf4B9a5DLrdwyyqewVd:12000000000000000000:OKDOT:OKMYTH
1fQY2huuPUmbKNVNACMfHGS3ZNv6Epw8fuGXTYH73Kygqgg:12000000000000000000:OKDOT:OKMYTH
122qJb2XC32LfV6bxBcybsZGSkngdCTZ9JhgviM2bo7vtZ85:12000000000000000000:OKDOT:OKMYTH
1D7iwjRZjh2kgPCLUm1C5QDUDSLrMdgVuPxsHV2QkMoXnqo:12000000000000000000:OKDOT:OKMYTH
14qGHykWqWEVd9bSzcfLA7yqz1eU5E7JpYPCBmmrWN4EKbEW:12000000000000000000:OKDOT:OKMYTH
16Mq9uqr2pmuYVqrPaXvUymzec3v8hz8KjsFyLrhBKaMEkAT:12000000000000000000:OKDOT:OKMYTH
169YPgzdbMyygShQP3ksXpZTzNV8j6DDUFA5JUMS5mhqxjss:12000000000000000000:OKDOT:OKMYTH
15UyxSbyeBmekfsSXbzRjJBvDaupHoGpuQAfxhjHXnH9BWGN:12000000000000000000:OKDOT:OKMYTH
13q65anjR5HbdygQZ8xFqmudoFyRdgaBF25N4Z34iE9oaa4b:12000000000000000000:OKDOT:OKMYTH
12BSsBq96KigPsoFdVeEwgk9i9MW6bpgBJpt8rQbJEu2bXg4:12000000000000000000:OKDOT:OKMYTH
148X36ojWngR89QvVhGBifKyvLgikekxJjJEpoZyuwpABcau:12000000000000000000:OKDOT:OKMYTH
16YVdoFhXMvveXXLEvZQSGZLqWNj4KMBJd89s8BVQmA56vHu:12000000000000000000:OKDOT:OKMYTH
16FQ27ffAMfRzU8Foo2K3VXLYer4y7ye5kghEf54dst3qTBM:12000000000000000000:OKDOT:OKMYTH
15qQc3iEofBDeYxT6xvkCQFTZ6XKSeUz55PqYCh7baeX7XcS:12000000000000000000:OKDOT:OKMYTH
1217BQBR94QT5cgfSL3d7hAQ6wJPr1jZL85wPHMXkV79k4tk:12000000000000000000:OKDOT:OKMYTH
1GFdEDmbLNuaR1qjhqkj1PEth5ND9K1X4mzJ1jtiyGt2t18:12000000000000000000:OKDOT:OKMYTH
14cgfaqh9bQ76Nt78G62k1Y8ckdJwiYhNa3gfy5a256bKoiL:12000000000000000000:OKDOT:OKMYTH
1BRThuPtCaCbCT11GrtUs1GQWCTrhwVhhhcNrdpecgafeG9:12000000000000000000:OKDOT:OKMYTH
16f3EuZPPkGq6PdfcXGSscqRGuwtk7CvH8hj5ApgDXFvmbq5:12000000000000000000:OKDOT:OKMYTH
1bcd5F71GrmjTguzc6EJSnrHqXoXtXQcJgDnH6QKPESVHHP:12000000000000000000:OKDOT:OKMYTH
16J9f6xy4aDMZAjQw7SecH3FVzdtzuZKihYLhSVZNCQswc1k:12000000000000000000:OKDOT:OKMYTH
14u7uYZxTuHHoNwhsMQjj5HZxbJFQPMQgDGzcj3LECfk1HkE:12000000000000000000:OKDOT:OKMYTH
12bELFBGjBUM9mzQvUy2jV357MqmMF7qFvU1R51N1zayTCPt:12000000000000000000:OKDOT:OKMYTH
1axAZcg7uSaHcTvRoBosoXNdD4P9GLPx8fM92k4pW41Y5BE:12000000000000000000:OKDOT:OKMYTH
153Zi95vZctVmFxc2ttBRKfM3D73k4pnJGEm6yTvABSy5kj7:12000000000000000000:OKDOT:OKMYTH
12siFSjwf8PEBpbWC5nfHuUuSDss4KQmkjyThTCrBeHgrE9w:12000000000000000000:OKDOT:OKMYTH
16mt2M693MLtnzbDWRSCSkaAvEVKQaEtTG8XasySsPEvhq9H:12000000000000000000:OKDOT:OKMYTH
15dCrnNhyFScnGKmhc349xyB8P4GmPL6U4ACzkCef81V6RLS:12000000000000000000:OKDOT:OKMYTH
1rdW6YhiQiuLADFyiYhDuaJF6Gst5atqxmTUdoGuP9eB4c4:12000000000000000000:OKDOT:OKMYTH
13Ly4GXQ77zGr6M7VrPMB2aEWjrK8qMjnDnpsZU7YR4a84kZ:12000000000000000000:OKDOT:OKMYTH
16BjEmoBrzsfmAN795oS8YJf5jrzAG2Ag7c3iz4J3U3MFbkQ:12000000000000000000:OKDOT:OKMYTH
12NLcj6UvzAH6XvmfNiPR6ZSVG1nXiTkNhBZnaMUHvpvHRBK:12000000000000000000:OKDOT:OKMYTH
14TUm8WJ46rKgnq77dbXv3ShdGttGWh9ebeMx384n61fQVr2:12000000000000000000:OKDOT:OKMYTH
1HNWPrNVABwfB4dHixiC4hQXGULXU4UvY41TVCKXq2tHuHh:12000000000000000000:OKDOT:OKMYTH
15QQGwxc8167urjVT81oAQ3EeFC1m2gQ41SG8Jpvs72uk9tn:12000000000000000000:OKDOT:OKMYTH
165yxg3LC9oq9DMmYf4Qsp1dgdYXzpqkRm8QhdPd81QHFNUH:12000000000000000000:OKDOT:OKMYTH
15VDDEXiJ14iLgUDRDALPMfXWkUN5MeKHLrC6GGbDkS1gNAP:12000000000000000000:OKDOT:OKMYTH
13mn9K8ukqruthveb16sXUFdDwh9r66nthwiZhGmchDwDdwE:12000000000000000000:OKDOT:OKMYTH
1Awc9F58eU1yTV7XF5HTHyWiXVvL4d3dtsYAyo8ELghKGyK:12000000000000000000:OKDOT:OKMYTH
15x1mubsoMA12QRScMMnrRCMLEVVLRkkjmc8KLk34ZJjLiyi:12000000000000000000:OKDOT:OKMYTH
14MVShik5v6zB1yT64Uh2h9SqzihMy7m15BKCnguTYQn4MJ2:12000000000000000000:OKDOT:OKMYTH
13EnnhcNBce9dgb3njYwtGKwDuPE1DYwNXDfWFpuvDPMCNvy:12000000000000000000:OKDOT:OKMYTH
143qRC9woCNPG2DnXTjc7jiWXn3cMPKkcPQ8KcieioiapMcH:12000000000000000000:OKDOT:OKMYTH
16DsDToAuJhrJnLiPSkWdXVCzQC4v6G9TFNPPgj75K21Tv3:12000000000000000000:OKDOT:OKMYTH
13E9jnhhu2Zyb25JPa4tTp4NrbNq2o64aiw9qc6YuodL4tpM:12000000000000000000:OKDOT:OKMYTH
13tBXMVipoVXd7SFzEQ26Vr1e4qhKxeDSdNXHGyfQn6L4pvp:12000000000000000000:OKDOT:OKMYTH
1VF4JaxRJacsGqpRAXkjrCaxxC72ik4bj4w5coJVkstS7cV:12000000000000000000:OKDOT:OKMYTH
1631a917RQWktoJekoVQCsZEPoLh1P2U8BoJ6CwtiqdvSAoZ:12000000000000000000:OKDOT:OKMYTH
13XiY9EGhuFpAQfSwQobtxvxxLc7LhJSjqQYEXBpAeTkU3Fx:12000000000000000000:OKDOT:OKMYTH
13rbGxTHhgqY6nBqWTdN6gSrCrjwocCV8fqTjccwuL4eD8Xo:12000000000000000000:OKDOT:OKMYTH
149zSCjFdE8R1aTbcY6JB42fX38VfLTNm6Sr5RDaYmqE7sXt:12000000000000000000:OKDOT:OKMYTH
1NS84z5sCTYvzupn5kkUQHRffX6TijScqENWtwVyvDkHAUc:12000000000000000000:OKDOT:OKMYTH
1moxkeMbJ6svMsQAMtKHS5yrr8TafL1CRs9urE4vLunpkuj:12000000000000000000:OKDOT:OKMYTH
13TR7mDv1JXwZxY3LfnQ86J8VfjCKwKYdcv1jMGbQHsg9UfX:12000000000000000000:OKDOT:OKMYTH
15riA86UyvpYsbU9qzgoUVEuy5WLhDBbqUGk5aAzMoG1nt2y:12000000000000000000:OKDOT:OKMYTH
15r2cZ7te4V3n9BXeBg3gTSArqMixnU6zV52CKqPXxzTDMTn:12000000000000000000:OKDOT:OKMYTH
14nyUY6SoAebDhAYY1kYT5WhfRYBcHVrrwFHuK4T8HGfk8TR:12000000000000000000:OKDOT:OKMYTH
12S8ivap9L9jYPKmrbtreECUmYpETzStmAbD92rZBY3919XF:12000000000000000000:OKDOT:OKMYTH
16iqguyZTs28C8gXfFq5KbT8hCVFZzLnSVkqACbhN98ymU5w:12000000000000000000:OKDOT:OKMYTH
12q8UXzUGhVwAfCw8advnQhC4gWPPtWE9SSGjdeYZdmjVYo8:12000000000000000000:OKDOT:OKMYTH
144sHssSHWSaQtLqTJp2YcVWYtfa6TLWMWMobw2EcFPgnsys:12000000000000000000:OKDOT:OKMYTH
14sEum8Eu1Kp8mWQUfg7Wq4N2tA8t6cnS6mMJrMCGYgec2q5:12000000000000000000:OKDOT:OKMYTH
1gFc6WSvHnwxkG3sTvhHXq5waMXMxf5uQzCQgNrASpcW7eR:12000000000000000000:OKDOT:OKMYTH
12ukBgXrQDxUrmXwAZ89UMH7eiWRP5DyPoBUJ5bWD4JS9QXA:12000000000000000000:OKDOT:OKMYTH
15kH6NBNNy1BSoj46XACawjucnEht7ok5CbvpvcdNA7rr3JY:12000000000000000000:OKDOT:OKMYTH
1bDd1FrhBiTCsDskZmvU2cTpBukmjjbpSjF9RRueQLS6dAR:12000000000000000000:OKDOT:OKMYTH
15ij6Ks6o8ckD2dCb41LmC59cEkKWyWUUi9W1sceGM5s2N4f:12000000000000000000:OKDOT:OKMYTH
14ECoJJAd1oacZ44bD5NL7VGWZp8o9QYnWeVXrnLZnLoQfy2:12000000000000000000:OKDOT:OKMYTH
168zhpihdCLsbPAJhRTJmfVAerWp2Dy7g555ufBvakgfi7rB:12000000000000000000:OKDOT:OKMYTH
15XXgn6ALSJWWqpuzSKiamwYwSHwyBUmnnU456nFAP1bTfZA:12000000000000000000:OKDOT:OKMYTH
15TbnKxSLxa6URznRkTCHMCW89cGYRs4xPvK9Ag4JMik7Urz:12000000000000000000:OKDOT:OKMYTH
148ZKDCNwKsVj3gCWF7KQ77KajEoQ6Kq4XvP7GPWhBtEEyCD:12000000000000000000:OKDOT:OKMYTH
16AG6VMdRkX9pHDULKtuq1LFwqt6QpNjt7MqiKUpXfhSZLXY:12000000000000000000:OKDOT:OKMYTH
1fUzDzjfsTDbe1frTFNv52S9x14c8PbqDjdKDCntqwLc5BK:12000000000000000000:OKDOT:OKMYTH
15zLzqYCQ8rzmJe333QcQZAjtaAZPtxLJoUbPiiNEKFuEVR6:12000000000000000000:OKDOT:OKMYTH
16H4SeL3WJ8CSvkzeX7YTTpbtmST7Jj5YyEvT6obyRDRP4eh:12000000000000000000:OKDOT:OKMYTH
13Yo7ruwjLmJnXGKQtafXkzhZPZQEMfQCrAKXN8o33x7QDDV:12000000000000000000:OKDOT:OKMYTH
12LVpneNJSNh46YzH8LAvUjrHEZgWz3ZpUeftK8ie4JG4jVz:12000000000000000000:OKDOT:OKMYTH
1NxQ839SibsXQ1pfxdxy9s6noRShUpmEcCuZRbZoLSnynUe:12000000000000000000:OKDOT:OKMYTH
1k4G2edWBdJahoRfL7VUUm9jW4313z9igDppdrrh87FwFcQ:12000000000000000000:OKDOT:OKMYTH
15JdB8SkPZbjjErceydFeeJTjN9eey2kh5hrHuhcdAbPDB7m:12000000000000000000:OKDOT:OKMYTH
16TGucUk9mnLiF1EwKoHyi2M4PycZ2me1RGvo9mFmvQNadpt:12000000000000000000:OKDOT:OKMYTH
123cQFucyNRqLYxf73Su6SgrpxEC5Nj4Nr3KTj29r9kmjNs2:12000000000000000000:OKDOT:OKMYTH
13GNBpTLh5rq4cBVPqW3kDFvNwWGLBT9dkMpoG7fsPL8GPmY:12000000000000000000:OKDOT:OKMYTH
16ZbTX7wrk7DqNhnfa8zknF8zQx25W8LuQBv8amtBqHBEuCp:12000000000000000000:OKDOT:OKMYTH
1HpfJABxHtCsfwHduRaukFrRFw2tScAHXUuGMhkc8ww1gNz:12000000000000000000:OKDOT:OKMYTH
15e5bruRTRBtwLQ16MwW8dX2fkMG3uTowCqWk7DHXYrAdEwK:12000000000000000000:OKDOT:OKMYTH
16geFb8Vr39F3B77qtQL7Tp6DXoQxgvKtRT6Rh4oTnWc88w4:12000000000000000000:OKDOT:OKMYTH
13kcg5pvakXoU27tAgdMsuAXKWNDWn57xC46FwwqwFrr4MY:12000000000000000000:OKDOT:OKMYTH
15BcuZkke1eYYHsFUmeRwhdcUCsJ3jYAS9TamiFZgUbMscLn:12000000000000000000:OKDOT:OKMYTH
13WXHPV41BvEVX2BGJoU7gQayWcR6mQUHZFQ6HW2duDCMdmx:12000000000000000000:OKDOT:OKMYTH
12sDpmzkBgwBHhJLZNQUhvNMeNspp8j7UWAfTMZZSJUy85yM:12000000000000000000:OKDOT:OKMYTH
13koCeJ2WYc6eot4hXx4b2YVkEYexMt3aspTuRHFpFfPxPyY:12000000000000000000:OKDOT:OKMYTH
15mHtpBq7Gafpe5kfSm8G8KGRtWNEy1pfygG74bURYU9Jrus:12000000000000000000:OKDOT:OKMYTH
157P8hKxKqxmAXqJCjkP12FiU1FMe2EcCbfDagrrrhTQepZr:12000000000000000000:OKDOT:OKMYTH
14QNZBVM6R4bQ13PxrtSJziTiCHUk5ZfLwujxMRkLEKwWmCe:12000000000000000000:OKDOT:OKMYTH
13gDAdA2Q4jS4er4mukvDh7JisTo2HkrsDk8uVqi5voGyN9L:12000000000000000000:OKDOT:OKMYTH
14mbCrWNsrop6Ym7CMxQxZzv7R9CjZ1s9FvJhVyDAaaMMX54:12000000000000000000:OKDOT:OKMYTH
13n5afo5TpsVTQrHAwY4iD6x6dZNfYfDy4ZD5wg9bKwcBhNd:12000000000000000000:OKDOT:OKMYTH
14DWTsPuPwnCgHL5wW4hSX5dGwknLxa6R3BQ56CXPbU6xWWx:12000000000000000000:OKDOT:OKMYTH
14VnXmwMsiYuRARjC8QBptsJXNmW11j48uSYLu38yULgQrjo:12000000000000000000:OKDOT:OKMYTH
15W9hjaaK3x1BVNAxxQL5MauUcChjR1coeJJqhzD5Cy6E7X9:12000000000000000000:OKDOT:OKMYTH
14FsDmMynU7wNPJdVfyNmSxbaTHLsBANokLWk9Ngn8NNHntn:12000000000000000000:OKDOT:OKMYTH
14VYXbaGez5UckPdTN6F15uTCXfUtxSC41HFSj5kLgRUroKs:12000000000000000000:OKDOT:OKMYTH
162NrZXJzBqajDmZGsyYMgRHcEN5hkng5z2hvCCA7GFxeQag:12000000000000000000:OKDOT:OKMYTH
13S6yNeHm1ESGaesynxZSx42rHk7YWf4QMh5KhL4HCqBNM5P:12000000000000000000:OKDOT:OKMYTH
13YXeNEN8HVKR7tBQaRfp9G4D53wasvf9neYDz7sdd7vHeC5:12000000000000000000:OKDOT:OKMYTH
1YsM8QK7sJDEbgQwXdPE5EXQynygatNquKoc6MaGirq3QGi:12000000000000000000:OKDOT:OKMYTH
16kWFcvxYpFuuPq5oUNLQbAvhfVLTBDDHiaTNLRoMiKdfGzs:12000000000000000000:OKDOT:OKMYTH
14izwwkdHcXfthjJYAEBQ2q7jM2pnpDosgjGmZUzQ8BoG9Mm:12000000000000000000:OKDOT:OKMYTH
13w76w3VmW2Srxj7qHeVffiVQUX1HdQc218ujr6q7qrLuGJ1:12000000000000000000:OKDOT:OKMYTH
14pZLuhr2zKSoe9WRKtr9NTmG7WfysENXiGhLYiv5krJyWZR:12000000000000000000:OKDOT:OKMYTH
12pcgVdmaw9jr9MbdcZYm9LW1Tej9isBWeA3BuXSBSpXZhEj:12000000000000000000:OKDOT:OKMYTH
12zTBsbqEVULVHMRD7k1r3CTfmKzX489c5PoqLRBWZMWF7y1:12000000000000000000:OKDOT:OKMYTH
1XdUkETTQbyQYBVcyvoA9JwWuRjLAYRhxNsL1c6r7KKY3qK:12000000000000000000:OKDOT:OKMYTH
16UoP7owKAxAaADecdv6QXXyycu7Xgm8EANdAdqtEo92vJtM:12000000000000000000:OKDOT:OKMYTH
14BzkxetbTqxdyRoYnEUtR5Hg1AGRMZZZc98jHuLkewVLdF2:12000000000000000000:OKDOT:OKMYTH
13qaN7554HkNr4VXLNuTqgGbsttyPnD6QHMuUaHBuDjHi3FA:12000000000000000000:OKDOT:OKMYTH
16GbPbaDTidmkAUCwmcHn7xFPBj6MSCnXVRcHVk53CnVceWz:12000000000000000000:OKDOT:OKMYTH
13yAjzs9zqc1fj5HmHtuXBMj7BYXQWpaRKmUS187x2i9A1YP:12000000000000000000:OKDOT:OKMYTH
14VcXEZRTaNQL9s2W4UAHWaXqaU1Aye2SZsPVGzSQ8CKmDVY:12000000000000000000:OKDOT:OKMYTH
12F4q3WpVHk1HfqUb4Gi267buFc3WrEcZZxCbLwu9Tv3KdpR:12000000000000000000:OKDOT:OKMYTH
1mq6ZuM8tC7iLkuAYhQrrfDxYEjNMf3SYnCEAZL3C8qEj9t:12000000000000000000:OKDOT:OKMYTH
154dkLdRsZeNUsxdin7xxnDRpQYrkcQeB2ne4v74aubDApKs:12000000000000000000:OKDOT:OKMYTH
14QmKA5nVa4pFFpGZ4VpRXQwkELrzSnguWmzQq8Ng5KzuENm:12000000000000000000:OKDOT:OKMYTH
13aDGzQyhmfDdkJNSzodYonM82PitUGGjvRNfB5yDwxYF8W9:12000000000000000000:OKDOT:OKMYTH
13Ai9si7CwvLWDyKhp9UbPGMhJmv4ChRSiXpRJkEKTuCQZn4:12000000000000000000:OKDOT:OKMYTH
14fngJpDTuqBQF5EFjseHmjnSQfD5TccsNrReGcFFgwjh1DP:12000000000000000000:OKDOT:OKMYTH
15RdCQFVgo97HVVzV7q1D1cy9GGayckY8QEMYaNPi6FLjzkA:12000000000000000000:OKDOT:OKMYTH
14E8oeaHRp9TDi7Xwk4L2qHiRczRiBG6Ht67w6h9tZYrPL8S:12000000000000000000:OKDOT:OKMYTH
16VHPA8YGS2yuNuw1jRekVcWqFikKKf9roYJqHUVEoB8z5i8:12000000000000000000:OKDOT:OKMYTH
1epzxrGDVWSJV1hygX2r54d4YXwAy7nPH3TaG2fpmihoHSQ:12000000000000000000:OKDOT:OKMYTH
13s4yeFJW2dLFCYvUUotAFcLHCAyoMSKbyFaaaibwXw9RoHE:12000000000000000000:OKDOT:OKMYTH
12PLzAkT38PNbMStt1Tpm3YiZNoz4Rb8W5WumRa9WUvjuTRX:12000000000000000000:OKDOT:OKMYTH
16PvuQ6fB96WvGUniwC8E2P8YpQRK2esSb9o1xYVA9Y28Tgm:12000000000000000000:OKDOT:OKMYTH
1QqudT2zDzDVUCf1DNzucqB1Us32kyiVA4yGo24LMFM6Emr:12000000000000000000:OKDOT:OKMYTH
12CkSdQcsXSRbD4aMFmvzVKGYwDSXo29vPHHqHdwvF1YvMrG:12000000000000000000:OKDOT:OKMYTH
15cHwPhAs6L4Re3vYk3CvifSRF9YUBh1YKQ3SYUMHRChs4vU:12000000000000000000:OKDOT:OKMYTH
126AhBtoKEXAQicDhpqJjK4FeXzyBsCiCtNJ4TL9Aa8t54Gf:12000000000000000000:OKDOT:OKMYTH
16mDmNaiC6LMNjDLJ71qzBqw7yiCBMGpH18PgJZ7gpTpgKnJ:12000000000000000000:OKDOT:OKMYTH
14xodRGyz6LHZpn1p5Gh9HX9n3GPdf6kfPMu1Q4NtSwbLtMw:12000000000000000000:OKDOT:OKMYTH
14vULNMw4EURThKph54oHkefqn8M9Jx7xKqcBg63NMf9k2Ke:12000000000000000000:OKDOT:OKMYTH
15BR8fGYnLhmiv6mjotmXJDz8Frb1jxp52undZWv5VmfPcii:12000000000000000000:OKDOT:OKMYTH
1hATDG9VEhrQj36QeUEjxfBE7Mn6ZPxohRPSHBji8roJBE9:12000000000000000000:OKDOT:OKMYTH
13yBsaFth4URjpzXSpkGZRgSLhEvpgLizViJ1S1Ammni1Gof:12000000000000000000:OKDOT:OKMYTH
14dqm2a2WKudwQFKsbbsP8YmBATjvkLdb66Juys2yiyw5wz1:12000000000000000000:OKDOT:OKMYTH
13i5GXoY4cKgnW2rXR94qTA5M1FZjxFjVRt2pczBWud66vWM:12000000000000000000:OKDOT:OKMYTH
123zc6AYgimjqcScGAYzPcvQLmWpsZRaLpVenMvsVxXEyoRB:12000000000000000000:OKDOT:OKMYTH
154wBkm8CybhEj4AdUazutHCTu6GN9DceyE3kDeYYQodWHQt:12000000000000000000:OKDOT:OKMYTH
12LFNAtjLssiaiYj3HhUUZheoPrQuXYuTK2YPkNgFfHrV8SU:12000000000000000000:OKDOT:OKMYTH
142juWiHCtXvBS3aGkpjYWj6f6N2zE1XkjdX6tCmgWC5dbr9:12000000000000000000:OKDOT:OKMYTH
13UTy3HYYcrM5qQJMybWDcZ6SZ5mjkUgqsNiLmGHNrYwewgk:12000000000000000000:OKDOT:OKMYTH
12mG157A7EQm44kfCadgLFnU5oUYSkpqLQUdPHqXqQiukmcJ:12000000000000000000:OKDOT:OKMYTH
13vm13DD1nKN9SnzvETrjpBRYH4uc6HDEFMT9PwKFRXRA7Mu:12000000000000000000:OKDOT:OKMYTH
13qpUYRiLqnQnHUGmbWUpf4LnnqaaHuJDJsC4E9sE4ecen6G:12000000000000000000:OKDOT:OKMYTH
13my1bAWYrfnZsdp5mGLsvNmBqivCD6WC5NnXSmsH5JPLNF8:12000000000000000000:OKDOT:OKMYTH
15eSkXqBWoZBcUPQiugkg7LTs9cmjFCJsjM6NKQsPA8u8nN5:12000000000000000000:OKDOT:OKMYTH
1Q9Ev2oYGJD2GTebCyQLHNprcN5Wtk9nQhH1npHWgErLBuj:12000000000000000000:OKDOT:OKMYTH
14Nzo5x2BovHcQ7SCrWuMntfyep1rrM7HRYNT8aXGrw323sF:12000000000000000000:OKDOT:OKMYTH
15xN5xUd2HBRBAgYtpFvPvwyURoWkcRaPRZ56gsMzSpta3Ag:12000000000000000000:OKDOT:OKMYTH
13bjEzz6xCnK5nQpuEFXTV6GPoiQ7Xq83Sf24LQoCkomX6vy:12000000000000000000:OKDOT:OKMYTH
158AcGjQchtktycKSBQvNJArq4DppERXSSmcqPAY9swnZrKr:12000000000000000000:OKDOT:OKMYTH
13jd6udFGFkyhDPS8Ri2o1R6etUkH1BqtsCx4GbLNRSm6BUz:12000000000000000000:OKDOT:OKMYTH
124M1kjPwJrAmhhXndW9V7rMQZC7dLjHrBiTTw4gMLh4uDCw:12000000000000000000:OKDOT:OKMYTH
1FnsFBGhDTeRs2NRSGtxuQFafn5zuEwWsUW7UJVXKTNQRVB:12000000000000000000:OKDOT:OKMYTH
1N2xeFwt76V7cXGwDn8ArYHLHyk9CnyiU9UpZW22QLAFcNx:12000000000000000000:OKDOT:OKMYTH
16jYJ7WVgUxFuE4oLiV2gKBFEzU1yfPh6bHpbK4yzrdcGK8o:12000000000000000000:OKDOT:OKMYTH
12gazRr6mNdkDB4bLRs27E2hnGFT5NXspppB7xafSmkBPrSa:12000000000000000000:OKDOT:OKMYTH
14dyLSz4seiLDpur3NmPXRsfGiSjnobYTs4hDLeXFo83bvf1:12000000000000000000:OKDOT:OKMYTH
13HEsPDX2T6gqt4ZQMU2XCwTQvpLyMyoKwffeLmLyWvUCy7T:12000000000000000000:OKDOT:OKMYTH
14E5wTT53hAEfkogDtoofh3TDDVaZ3cSu69PN6dphBMTmWvy:12000000000000000000:OKDOT:OKMYTH
14Td4LLp3u6SRdbi5fUr8Zs9kL8NNfS1LuktWdpHwhTzukLd:12000000000000000000:OKDOT:OKMYTH
13KVRxmSqQCdsxu2Zduyx2UXBqoSk5w83eT3osDVj4yxaGCP:12000000000000000000:OKDOT:OKMYTH
15AX1PBpC17sJF3Hegyon2Lc8siNrXEzpDAffUr5ekj6esZs:12000000000000000000:OKDOT:OKMYTH
12zRUze4JruYPsgSRSFKY7QL6J1def6QqMQFDKsThVFiHHGS:12000000000000000000:OKDOT:OKMYTH
12pfncPB3hRwtXStP8dF5FRAwUxsSjU3mxhX6kfGFTaNYSB6:12000000000000000000:OKDOT:OKMYTH
168ZJNmXdxHz7chihMoGf8aNsKnc5woWoUpRYFZfX7pJZr51:12000000000000000000:OKDOT:OKMYTH
155qj4bwkx1GSVZyTq7WgDezkHWF5cb4Hh1TgjSJpi3ZyRRG:12000000000000000000:OKDOT:OKMYTH
1TQcrZfzZzGBetFJDj6wQ5LRBf3T4ii45EQFawZBeC6LmKx:12000000000000000000:OKDOT:OKMYTH
14avJPnxYei3WjEMVLkvghQrmdhNJYrhABHPXS4WcvgaW875:12000000000000000000:OKDOT:OKMYTH
14qcsKrDiQcVpdg4HTkHNWnw2jNW5coEmFVeYPhb6Gvx4RQH:12000000000000000000:OKDOT:OKMYTH
16P3qE1GDNnmxQpxoVvKWg6YDveZ3hgUhhwRGqhLA6JmducQ:12000000000000000000:OKDOT:OKMYTH
14FCViCC3d5RLi7ZUsRBmbxDhrsed5dWwz8wUtrAv86ugFmM:12000000000000000000:OKDOT:OKMYTH
12cvuiRaZQUhrH6Lmu9o46LsZyPJpZYcEFeQBcD25NzL4Ngu:12000000000000000000:OKDOT:OKMYTH
1GeDqxQYp44x9UfFnFaCsAvekmXGKF2bW9NrGYvWryBR7iJ:12000000000000000000:OKDOT:OKMYTH
12isu7LaGzBVVWqFZLdGsP2nfz3a2chDgGvpkT6JNddDVAvn:12000000000000000000:OKDOT:OKMYTH
14AKf8FgbSrFnDa9VWnsdXmjyiLQhwfNGCkUSntYXMiRjs9g:12000000000000000000:OKDOT:OKMYTH
13UsSWm7MUKBeVbNk2cMpPvJCELcqrajKdXdPa6upwernmW6:12000000000000000000:OKDOT:OKMYTH
14rx9NjcUqtcGFA7BedVAnunAE27j2G3gUDJdkBg8evpdzoe:12000000000000000000:OKDOT:OKMYTH
15UcidF15wckn7qnTEsznEtK1XdsLKTZmk8dJTysLJHKEwAm:12000000000000000000:OKDOT:OKMYTH
12dn71syqgrnArjVwojhTLksKZbEVBLxXQS2a8LxEF4SqFrS:12000000000000000000:OKDOT:OKMYTH
14fSBKikNFkJXfASCiP2X2NYCjhK9gKzbcTbA598g8f4kJXo:12000000000000000000:OKDOT:OKMYTH
13fFBb5CU9khZBUbPdCUbf59qCVWBxtqkAvgDWj7mYu3tBVT:12000000000000000000:OKDOT:OKMYTH
16YJ34FDnu6iNFzHpLp6aiibTs4QKEUVxrpHXWEyYME3NHSW:12000000000000000000:OKDOT:OKMYTH
142xb3Fzt6doEMAHoW9XwawYJVYNkSNvyyts7rs7gpgeoyC4:12000000000000000000:OKDOT:OKMYTH
11rDwm6JQ5oc7hX78hvvdSazfWKUjRcchPYtRu5nrVwFsKz:12000000000000000000:OKDOT:OKMYTH
14urT6dj9zC633V8HNX8RsDogC8M9cM9CSmvUqKXy5EAXLyY:12000000000000000000:OKDOT:OKMYTH
13J7ebR6kTBEUuMES4J4DZbT2qsVKjgYyYKFQEEdk1qdWTJP:12000000000000000000:OKDOT:OKMYTH
13NCLd3foNpsv1huPDzvvfyKh37NEEkGFotZnP52CTR98YFJ:236000000000000000000:OKDOT:OKMYTH
