12xW6PG8RjwT7aRcs4dvQgGmKk7xGCF4dwCXhms5cU1tD9bx:12000000000000000000:OKDOT:OKMYTH
15x7dYGYhJoXdJKbBhHmroKuK31TYYWhPV3Qjy8mn2JAS7dU:12000000000000000000:OKDOT:OKMYTH
13KUQq2U2jtAbgNfTp5TybqBUMoQ6PyYfZhPStzePsYpkw3K:12000000000000000000:OKDOT:OKMYTH
1674cMKzbXCvkJGXN7XGGcRQBAoVY7ftg1ixZptXacA9YKk3:12000000000000000000:OKDOT:OKMYTH
1vVbNvFDV4GH2nczfwi8fs9DwW2dBJsPPWp3wxHRBXGubY7:12000000000000000000:OKDOT:OKMYTH
144GeFgppRRA4jQoqCCrJUfZyxdq3pKUKkzjXMeiP6oB8wKR:12000000000000000000:OKDOT:OKMYTH
1FtZXAjCeN9Q7txEqfUgz7Us5z2ecWYYELEanwUjYdeBiFk:12000000000000000000:OKDOT:OKMYTH
16cqCJfXfovHzLMgvjucwqFaMawDVDyXWLgeA7955vwhF1x2:12000000000000000000:OKDOT:OKMYTH
132t1yiPMFjmPFgPSJQ16odgdiR6fWY6RcqSNJ3DqewnZv2K:12000000000000000000:OKDOT:OKMYTH
12bG8YzGxSBo61j3kHZ9GKnMjyxGdkJzmCGnvBEN7PtcDmf1:12000000000000000000:OKDOT:OKMYTH
13w1KuzCdqKu86DCNjshTdhJAo7bgkweTVqfcZ2eQ7h3yfYo:12000000000000000000:OKDOT:OKMYTH
156Yvxn3553fYTcZihvE1qfutVTkyoATV18kuWqQRHi3CBVz:12000000000000000000:OKDOT:OKMYTH
14LAuiwyKKd8xtX47dLDbzogwxYwhu1cneGd6gc5H1VHmn2D:12000000000000000000:OKDOT:OKMYTH
16XsSMP5o43EkWk7uPeh4qYnj51qhy1o9oKSmueSt16NLsFh:12000000000000000000:OKDOT:OKMYTH
16aNMzqi1DdSvtAo1xRFFeUJDoPuGFe56dh9x6tnLfnvLH5H:12000000000000000000:OKDOT:OKMYTH
13Ra5VUAr7qd8BavKenwA1MhhDDdzfbR67bS8G9NfBsZ9Mop:12000000000000000000:OKDOT:OKMYTH
15KVXrsPQr3avmzmcRPQMXisVcjviHQD3mgbDfi9xoiZznNQ:12000000000000000000:OKDOT:OKMYTH
15awXWvpc8ZHPoa4d9JBapweTFiWcLZTUV2M5Mjqws5FABEV:12000000000000000000:OKDOT:OKMYTH
13HzAFvhSgUnzoFVTPMSj5mp1wL7hQBcPQocUwUvm742K7PL:12000000000000000000:OKDOT:OKMYTH
148nLYeRh7nenry6hyGAXPRbekqLkHKaSQV41L5Xr3pqmTk7:12000000000000000000:OKDOT:OKMYTH
12VnDy3au9SniSXbYPoABDPTFR1BvyfTGpmCQVPaTKf1SQb5:12000000000000000000:OKDOT:OKMYTH
14HoQu1QAuQQEPXcKBM4he6dkxcXDmG5VqshFHPAABFXDVge:12000000000000000000:OKDOT:OKMYTH
15q5gW2SWcT8fGSAmJUMhtERUrGeR5w7gCUioMdi41n7XiG7:12000000000000000000:OKDOT:OKMYTH
14zhuGY1rJPCxGBi2JRb19JE6wyy9BED1JmMgXXkZxjMsjCG:12000000000000000000:OKDOT:OKMYTH
16PgCMYu6egXE7L9vyb3VaMQvvhtpz5fm8cQaRDhSzozUoPM:12000000000000000000:OKDOT:OKMYTH
14BzCcuTS33QK1UkGgqXEn5dH8oD1pBBtsMM6jvfnvftnrrX:12000000000000000000:OKDOT:OKMYTH
161Ko4Yuqt1sL6HFiDkNLphyQUqYH49fRkiFJwcSqtEpgJ68:12000000000000000000:OKDOT:OKMYTH
12j4b3CxK92KLwHJjYP7fCDdGS4nPUphrqvwtehEkL8tik8L:12000000000000000000:OKDOT:OKMYTH
1XhjoFyQAKXELsSVMs2pYNTZmqjS6xppjMimAjYK2bFSjpa:12000000000000000000:OKDOT:OKMYTH
16krq11C4CJzTUfwa1uP27mWbUULyAFNG4i5shyafwr5VDiM:12000000000000000000:OKDOT:OKMYTH
13VafvWfWyHWogKa9cHnGbkskLodEUaCHGeAo5NAJURtLPdM:12000000000000000000:OKDOT:OKMYTH
15CWD43AsnhjE7XSkKQpgpHZ8Gc4PHDENjMnPDxbuE4jGn57:12000000000000000000:OKDOT:OKMYTH
15LLwDfSkE3yEV8frLcA9AtXThwftWfRFTyaMqwmPg1zA9P8:12000000000000000000:OKDOT:OKMYTH
1YyWvzbMrnTjSfSUTps7VCNGpekBftjUG2m19gQLt7RyRuL:12000000000000000000:OKDOT:OKMYTH
1W2La8SjELCXncQrFNS1S94EpDn4zKPnyY4FHmv9tYsCY8t:12000000000000000000:OKDOT:OKMYTH
16mLr9CpPsFpsqWRu3Ug47QpffnB6wpE9wkxSGdRE1Xb4jYQ:12000000000000000000:OKDOT:OKMYTH
14fqmqx7a4hZW1TnkJVqVSh5qPZfVQXLiyGj6d3eQ4k5mZ2z:12000000000000000000:OKDOT:OKMYTH
15K58xoS64JQ7NFZvJso4rjCRpDZ5NDkTN638zjfnPSkvwAU:12000000000000000000:OKDOT:OKMYTH
13GaBMW6xzvmYvYZZKynvtuyEDKxzxfm71V5oRXH3DBG3unV:12000000000000000000:OKDOT:OKMYTH
15Z9pKzRn9JLDeqZf7YtyMbKfLe14tL7C2LyEiPAaHkC5mg3:12000000000000000000:OKDOT:OKMYTH
12bBA1JMAJgXBjkKi1Pepky23gBPFqWm84cGtG7epV1M1o3j:12000000000000000000:OKDOT:OKMYTH
14U7UPmrZAKLRuHzhbXq5sqi7hePKo372dfrTsHBxzbGgdTR:12000000000000000000:OKDOT:OKMYTH
12eQgKGWawtv1UszD6DQrTSjM7dnJNXsGYfkznu9XF9TcAn8:12000000000000000000:OKDOT:OKMYTH
1UdYVwVB3yPtyuPfSsTNShL4g7EPaqK6pDdwQumzNNnpXsX:12000000000000000000:OKDOT:OKMYTH
16VYK7Sqxxs5gUPxbxPVVPAfvdbuDp6e4z4LPAMPqK2npkSJ:12000000000000000000:OKDOT:OKMYTH
16LTp4ecJP2XnetKiRaD9oLDwPhTb5TzkzQJa1ivz5G5gmq4:12000000000000000000:OKDOT:OKMYTH
13DVDBXkhiR42G6isu8uqgwKgsSQcwEwmxe2ETLk7eKBqNc8:12000000000000000000:OKDOT:OKMYTH
12FrchF7TcD8X37Ltf9iw28x853cYAEqgFeyRVssqZwf4TRX:12000000000000000000:OKDOT:OKMYTH
12NJrGu3b37ukCN2WTdgrqs8MHyZ5TJgvZweTPBWoxQArAMu:12000000000000000000:OKDOT:OKMYTH
17DsfA3C7kyfo5G4DisYWP3M5DRaKQdDiADSKsUv9Sj5DdZ:12000000000000000000:OKDOT:OKMYTH
12tv9yoFcv8WE8zmNntvDZgF2tgu5aMJ5S4zAV91FufzVGp1:12000000000000000000:OKDOT:OKMYTH
122AZhPigRpqzYDUrJawzzu2pSjoRqHQ8fJq1S8QYKZzUXNH:12000000000000000000:OKDOT:OKMYTH
13jTJ6Sk7BkeZMJzmQ95sQapKC1rkygZpLNgDxEFGztQzbJg:12000000000000000000:OKDOT:OKMYTH
15XjtxyAE4z2yztqq2wLNYb9NiVG8tDX7wvMvixNLV7GbgM6:12000000000000000000:OKDOT:OKMYTH
14XoXrYjDvV1pSKyQ7Fm63DnFLrwc5FRq3BUdR85V9QNdHgn:12000000000000000000:OKDOT:OKMYTH
16ZRDTBjSuuaGMZFqFigkcvMBLLek7QRcz5tSyrt6qaBeT6V:12000000000000000000:OKDOT:OKMYTH
12bqKRVfvKHYeMvkg7wa8nZ8sMZuNkAkqqcfAjjzgmWymksN:12000000000000000000:OKDOT:OKMYTH
16KBUe5ctZFbmAff3ShcuWC8a7o6ut7gX4QgTR2eHw1Xxjq:12000000000000000000:OKDOT:OKMYTH
13gFAiEuLytBqMXRmSQ7CLYW8eYDDZmCwEg9TJuvaKhMQtrt:12000000000000000000:OKDOT:OKMYTH
13WH3Fd1AQKt8wPC4qsiVgKNBx6Yo1V8QXokJmxqHBD1WTdX:12000000000000000000:OKDOT:OKMYTH
14gfD7hrW4UhKj6oBzCp1Y1KTK1pJNDwgCX4ZsBY2pNmre2R:12000000000000000000:OKDOT:OKMYTH
143SrXR9FK5FxRC2kMWYeeRYYTTPkW6WK3NGqMgrntcySqvV:12000000000000000000:OKDOT:OKMYTH
1CzfwsX8UGrbGj2TKu28p3RbtyehJMqM6WS8YZdtvN5fgbi:12000000000000000000:OKDOT:OKMYTH
15Fg7Zy4RduGwkVeSMwvrEV6CnXbgQUtG1eoeEysQwxpjKYa:12000000000000000000:OKDOT:OKMYTH
16mn7jfB4Wo5AXWLE2ErkwSqPoksCviLwduLj6pSKCNgGn9Z:12000000000000000000:OKDOT:OKMYTH
14D7yvPgUnMAqDhfNrKoBTAytJWfdcAZk8mwZubs9Bkpgi1v:12000000000000000000:OKDOT:OKMYTH
12xkAtxB6AvLGFoedPDueUm3RWZApLNgRpyEYyjHRZJvmMC9:12000000000000000000:OKDOT:OKMYTH
1zev2DeGUgoeEMdbTa6kF1k4MLNbNuFaKwoXAveEbXTZRtb:12000000000000000000:OKDOT:OKMYTH
16azt1VtS52xVeih7aRkptjx4xmu51LVxTXW9NhFDbZ7omVg:12000000000000000000:OKDOT:OKMYTH
14F4qrx3PQ9c47LgQVcRpNkGEZ16ZseAiEVugqK8XVxsSokQ:12000000000000000000:OKDOT:OKMYTH
16fi7av7CgCGVgnbf66GFuP3fjYNmvUwNN1AgKuLWf5CNaya:12000000000000000000:OKDOT:OKMYTH
12Bo6iEkQXS65jSAA4QMHibha81YHo9bwiXoU4kQZEbjCax5:12000000000000000000:OKDOT:OKMYTH
12LZ6ZWUhcfKCJd2GPhKbA8MfrJcJJifYEeEHV1gk48ogmnT:12000000000000000000:OKDOT:OKMYTH
1Q1UUSscySMgGWTC7WmZ8kPW42Rq9LDJ7ErSaFiuRXNmpfS:12000000000000000000:OKDOT:OKMYTH
15ixiTxbQKj5BLU2CHZ3r91KLbm4Jk42cHSepHF9yKNiCbov:12000000000000000000:OKDOT:OKMYTH
15N3VpXJ6C1iDjAzHFvgS8eFWLqyYVWZsDTiaE1tyW1KALgW:12000000000000000000:OKDOT:OKMYTH
13QYt9ZC3pX67UA8t299NUgLVGEsW3sghA3AAxVHwgd9PWcN:12000000000000000000:OKDOT:OKMYTH
1Lr5TCnd24E67XKeXn1pRWyAnj3gYVeLy8SG6xNJydffZcM:12000000000000000000:OKDOT:OKMYTH
16BM7ZHXAW73dadRwFwar4fA8Pa5KM6gZkLfCqTry93LySSY:12000000000000000000:OKDOT:OKMYTH
16eXdAczXtpQMSnue6Wuxuf53dFDvNZ5yDXdZtAjyUssmkDY:12000000000000000000:OKDOT:OKMYTH
13VYzszW8Nry7PZCYG9GNp3QREvDjEt6NKfavUKdq5yXdcz5:12000000000000000000:OKDOT:OKMYTH
13DqDJw57eDAENMJ2GzPLJQ6NVcxhF6N3uxQBPCTRQUY6DnW:12000000000000000000:OKDOT:OKMYTH
133wQtCzbc1kwJv7F8NShzwfs4NhFhrtxNbpm6wMh9Y8oRA8:12000000000000000000:OKDOT:OKMYTH
16WiNsHwDCimgS9VrZmrz99WfMvQDg2vbJqRqTUKjmMv8JuX:12000000000000000000:OKDOT:OKMYTH
1juYU5uMjkVH3g6MvWVegb9Mfj24J5azY1ckisT2Bzn2QGS:12000000000000000000:OKDOT:OKMYTH
13if8jBDQ7uh7ziwiBupwojwwW7mL3pu2s3iYJN15yMUGuED:12000000000000000000:OKDOT:OKMYTH
12svnF7qJ6nPcedxPFSHrFHLWn1HgBE1e63BDSBvkJzSYsmA:12000000000000000000:OKDOT:OKMYTH
15H3JJDrNsyMxrQnzs9jmW2RiXyL9GbobzdQ69B2fmbdS6Bh:12000000000000000000:OKDOT:OKMYTH
1bVHz92hofw7x4vye1eCsC4gnAzhgLnXJnsyqoywbSJsJFE:12000000000000000000:OKDOT:OKMYTH
14LgLr5rAnF9J3bwUkMUKTS9XhJ4d4vozJFusgKY4Rg9Ztyj:12000000000000000000:OKDOT:OKMYTH
1bwDvMJDQBQH9LC5Xd5wyGEMgMYopDaRhrTmhE1iKF99jmE:12000000000000000000:OKDOT:OKMYTH
13qrdyUy2WMBS73kDsZNn4D6oGcc9r9TWfWikdCXuvZ1AD7S:12000000000000000000:OKDOT:OKMYTH
16aPYYjxKvwSLTs52oVnCE6Xdpb2NyQDZ8ybkH5bkbDP3xUP:12000000000000000000:OKDOT:OKMYTH
1npWHMwE1pEebyCoUe6iLddGcMD669FRWctt5NGUEjRcHuT:12000000000000000000:OKDOT:OKMYTH
16EsujrB7VJZfed2sA1ZfwkNMMEBWmcxshGSQ2L43HkHQ9jU:12000000000000000000:OKDOT:OKMYTH
15vwPEwy515EJFGLGT2ZpmEp3znC4WtDwuVESybVC1zgX3EZ:12000000000000000000:OKDOT:OKMYTH
15gzA1YgTmLCR1B44KPkVHAxm3v21Zqn72tjBA47xrkkANXq:12000000000000000000:OKDOT:OKMYTH
16FdfM73i2DUuvEtGqqbmQrNrnjZS5KqwAXUDUK5DCbjS7e2:12000000000000000000:OKDOT:OKMYTH
16e5pYqafmdGUnm5fdfDQCPfwzV4B4s9HH91ci7zp6EV4RSp:12000000000000000000:OKDOT:OKMYTH
167YeFhtreVsgMiTdnCrGYy7n5SCcgSsBKHohKnQwWZrcRYY:12000000000000000000:OKDOT:OKMYTH
1Canf1LCEGeNSgY5VZNkLzeDzrpoPKyPKSfaDY2XFExdepf:12000000000000000000:OKDOT:OKMYTH
13QHkvoMpVBnFmShHUAyGoDGZtAFtbiMbTSmg1yByumXoATq:12000000000000000000:OKDOT:OKMYTH
142k871aYAYMcHDyM1Zpc8s6K5dTZ4A2qG4TYNhuhTfeCbZH:12000000000000000000:OKDOT:OKMYTH
15qQ9eC6zBYA8yyqqUtZuyY3MtKC9KpB6h43uiPNonGhdmK8:12000000000000000000:OKDOT:OKMYTH
12zqGcqTu18bWqqPNqiu1biVpssXjEvQnYTAmx7XLYikbB6V:12000000000000000000:OKDOT:OKMYTH
14fYDJt12zXgXuyDxx4LrZZWcX4pGagwmwbt51WLKQp1JahS:12000000000000000000:OKDOT:OKMYTH
13DnTnXm31uQSGEcALjk9aeh6rUb84uvVYATZpubv31YANab:12000000000000000000:OKDOT:OKMYTH
16ETXHEtGpQxmme6qYpwutLawWv3TJF4iDwPwacuE43fyQFC:12000000000000000000:OKDOT:OKMYTH
14XhmbKeeyK5x85yjb9Rd74kL4qSdsYZ6Dzjk3T5jLkg2u4H:12000000000000000000:OKDOT:OKMYTH
1L56qd311hjz9sddQAeLHBGDa2GHLFVk2R17iFH2erVriiE:12000000000000000000:OKDOT:OKMYTH
14Ao9DefYXzV7BhH5uaCwUNXXDkMKAeAuTQ2NWxA9neqcp6E:12000000000000000000:OKDOT:OKMYTH
16FQpJb9kwnVLtmsGM7yahuRbXC2id9ZBKZnuJLQSSN6hHUg:12000000000000000000:OKDOT:OKMYTH
14NqrFE9UtBwE49F9AruFAQyaRRkLyRNuRhyye3zBwteNKYe:12000000000000000000:OKDOT:OKMYTH
15xhAesd5a1omh8xHiRsfrbx89ty5ULEqgGywGHDhp7wJSDs:12000000000000000000:OKDOT:OKMYTH
16dyjBSmeZt9mTVdryTvXk6iUWMguKGJpitbsNqKLhrWPmry:12000000000000000000:OKDOT:OKMYTH
14goE6THK5TTpGe864sqeCwbbn78B9pKMrf4eAyy3Xnm2R4c:12000000000000000000:OKDOT:OKMYTH
12EVUNRfuwMWtgYnG8o1ekKTvBCM141wXAjiE2pQHh13t7fG:12000000000000000000:OKDOT:OKMYTH
13YMK2edoXm7sJtTJ9EsoGh7FfcPgesZbQEQpxHT2zveL8Bd:12000000000000000000:OKDOT:OKMYTH
14in3o8kjgbpAhho2QvtW9BJMhg6tUcos6Ze6ECtNFDzxoEP:12000000000000000000:OKDOT:OKMYTH
12jPVNetxWJtJLBFwYKMxwyGpUJHPXHrhLyEMTDbVK1aCcrY:12000000000000000000:OKDOT:OKMYTH
15hM9LNn1T1A5KS1P6JRk4vRTC9hS2T6mnaWwEgA6VoTSSoH:12000000000000000000:OKDOT:OKMYTH
14HomFb4AEPCM91RkNhWspwUMkxqvmc4a6UrPmsXkyVoTcGU:12000000000000000000:OKDOT:OKMYTH
1645GkqVZcXVdkfYwbUHmhS2wxHreVRuwyv3msWkLbz4o7hd:12000000000000000000:OKDOT:OKMYTH
15SGaCvcCYkS6oWxYpHbiztKRxpSHoPMPHX9q2KVzVfytTjD:12000000000000000000:OKDOT:OKMYTH
13VzYA3QbAyZoxwEZ4jibSjatKEEaW3XxMufdSQ1a1eZm4LZ:12000000000000000000:OKDOT:OKMYTH
12c5wLzZehH7pQvATTyXB742FJKeTpSQ3pNrwgwMfrWutBJs:12000000000000000000:OKDOT:OKMYTH
124Y22MGa9Y7ugEbYdrNtSvn41sCSoFJHRpd36n4XH75tBix:12000000000000000000:OKDOT:OKMYTH
15cwddzeNPHz69f8RpfbtZEayZUADmoJCjyW6oRhWUbx9XoS:12000000000000000000:OKDOT:OKMYTH
16ekvs7e8ipdCVvmH8SG4s7b8F35L3Sue7eDCxRezuZw9Zrj:12000000000000000000:OKDOT:OKMYTH
1TqWWKzd9HB2MNZcFmaFAFXjwGQivYudxEDunuK9GWSNKXD:12000000000000000000:OKDOT:OKMYTH
16AvfDPJqZz2Tkoi5jMJVG1uzCZs9DR4tqQYiBat7viukb3W:12000000000000000000:OKDOT:OKMYTH
15mUPwYUhjxubcjm1WskSAqw7kMncjCsjXWwr54Qi9AXfFBB:12000000000000000000:OKDOT:OKMYTH
13dgNP7RnKDcoXD773nwfkeKficQAD98ay7586z79vUvskKe:12000000000000000000:OKDOT:OKMYTH
14b4wcti43FniB9T6HkMPcSVBehz6EXMLLr7jt9yuyEy6cWE:12000000000000000000:OKDOT:OKMYTH
13Bf4mGBJeqHju7vzryYYjoArciDvVxPbnSzbDVWLkcEjbDu:12000000000000000000:OKDOT:OKMYTH
13NZXAdXTJXtUXWjhfxFdrvGpf6zLu5aWqWCjBjCDQbHkhVB:12000000000000000000:OKDOT:OKMYTH
14jJcfUmqPeeeBAHM7yvkQmtXWoTeCvebTYWcsdTgFBHj6CN:12000000000000000000:OKDOT:OKMYTH
134TRTFh1zkRhsdX35Th5zwY3FK2muV5HdBoop76mKrjBPze:12000000000000000000:OKDOT:OKMYTH
15XvC5BdW4r7MBsojzZiEG1VPHsTAv4XNub3FEyAVai39d8F:12000000000000000000:OKDOT:OKMYTH
14rh6FpmsqxkGwZFmJPJiE1NNPMvfJXc2vR1wTSqfDLtoZab:12000000000000000000:OKDOT:OKMYTH
1GPi2rrspMNDFi3Syp3iBAL6YqQkCvEdAroc7Pgyb72Xo8Q:12000000000000000000:OKDOT:OKMYTH
12pWoWxNBCLcyJMStodwSTLKYiAHgTX22F5Uii9cmNeWWCEm:12000000000000000000:OKDOT:OKMYTH
15Msh5BXn6rJTPdXaCpVuaJ9TpcYtSTaaPSrfJo8zuxGxiso:12000000000000000000:OKDOT:OKMYTH
163GRULNSnQYnyvAD4ieBt9bzEWoc8c5fAiUcr6epimXhAH3:12000000000000000000:OKDOT:OKMYTH
13nmtpAJ8EJ3zgf8oWy9DpQFbTvss3yX6rxhbwZxzt2Sf8Qn:12000000000000000000:OKDOT:OKMYTH
12pMkhUsn2CnSHhAhaCXe1pdCTLEkzKNGsE3QmmgtTB6cwBG:12000000000000000000:OKDOT:OKMYTH
159UfkumwUetwxnxQmiFHebcyHtAeFp7Kbin6Ee4f4g7vFQ:12000000000000000000:OKDOT:OKMYTH
126LGJjzZSuQyDfaJ5nLPqeMxGuq2Ym61jYVQ6PXHaLQMfCf:12000000000000000000:OKDOT:OKMYTH
1TVrABtbeEHwV8AGEerj9wiRv2iP9oRKkHVtD2fMfsnwWdj:12000000000000000000:OKDOT:OKMYTH
141Nps1metAyikkC9sRkE9A632QMzeB61M6cj1vrjgvU17xD:12000000000000000000:OKDOT:OKMYTH
1Jjwf2BehXJeHdwvAGBXPsTh7vBSjGHGLS5mVt1c9dnehpp:12000000000000000000:OKDOT:OKMYTH
14jiPXSoeYgqk3TwRAWoEHZcgU8MhqBAsrTe8oPsxmgWDRun:12000000000000000000:OKDOT:OKMYTH
16W2QwYBKRcrByYfCgFu1aGqaYAacxzbj9ig5aaJvYvdWgrX:12000000000000000000:OKDOT:OKMYTH
1caLRkc9QT4NfXJF241XY3cvDaFeSbkiPZGFEDnoEtJ1ojJ:12000000000000000000:OKDOT:OKMYTH
12dV91DwErjBsYPjvvG9z7YWjDMcbWgGb5QqtkLTM2xMX73Q:12000000000000000000:OKDOT:OKMYTH
1VgxuruzEwrVGEgkGs7z8sXodoTRM4GtmT6f5vE5nNCniQs:12000000000000000000:OKDOT:OKMYTH
16hxamdCN4SogiAWaqiMKFEoW38AG6MuSuqCCmU4P7uqBWyc:12000000000000000000:OKDOT:OKMYTH
158rX7C2329Px7a1DANe2jiQ19GdwxCtdhGnEsQ5YfLBoPJu:12000000000000000000:OKDOT:OKMYTH
1Hy8h5yxYkAKJz3cKhB7YzZ88VPrSRSJAtRPa7XdVYMSLJs:12000000000000000000:OKDOT:OKMYTH
13WWNtUocVjQxq4GDJneRDVnKXQx6Pd11zk7tNsXdC2bSPXu:12000000000000000000:OKDOT:OKMYTH
13dCdonRcjKXjj6r8czdc7cD5p1erL43GhUWRBriYvP9MT7G:12000000000000000000:OKDOT:OKMYTH
13yyci6GTSFdMLXTVgCNUeFvXNiGP6WEoniQZzG2uxxYB23B:12000000000000000000:OKDOT:OKMYTH
111AzjtJoCm8RtBncd6YCbhkNYpEPuL2T9n82C3N9aq8xoi:12000000000000000000:OKDOT:OKMYTH
18GzousNECxiJDwwqfusPKk3fMW8whhmufGwVGroYg39Gp6:12000000000000000000:OKDOT:OKMYTH
12mZysJSjnczmnwZzcaUqaGiGKwsZxzZbvVDWdSGPwMnLYsq:12000000000000000000:OKDOT:OKMYTH
12qxem8HiKQyR4jUoRSgFd2CeWX2M8QMgPaFL78Rt2BHGRjs:12000000000000000000:OKDOT:OKMYTH
1pXVnvUqvrEaeSskEjJUGPUxUduPpcdVQC3EpfyhhbeFXxC:12000000000000000000:OKDOT:OKMYTH
13EStDfrf548Hi38HCn2QiKbF6i5k9wfVFue2B6g8MTFsgHs:12000000000000000000:OKDOT:OKMYTH
15GJR7tyswz56cTQuvruDPVNpNoD22tFw1LvgVGuFrMbNqyb:12000000000000000000:OKDOT:OKMYTH
19ue7aXjqbMoihw92fENp3ckQmYs1gtci6LniyvgHHDfi3T:12000000000000000000:OKDOT:OKMYTH
12Vb7ZrNjgsaTRjyqaqQid8ws82VeVJZyFYqPshzC6pQjjVF:12000000000000000000:OKDOT:OKMYTH
1iHTAerStHm7V81xvqvS4tLEZEBAhqgfAmjyU7Jdk4LU9vd:12000000000000000000:OKDOT:OKMYTH
13xCT1HnFUck6hmvZj5JgEc5ScQeGd2YpemzGoEXCzLVpyYo:12000000000000000000:OKDOT:OKMYTH
15JxZgj1apkUdxBfpiMo7fAgbgt8zbgCNCVYS9tn1UF4p8bb:12000000000000000000:OKDOT:OKMYTH
16n4rhgomEcvDXZYysQwLJ2rs6oYEPo6QXqqNkkxW7TdmZp9:12000000000000000000:OKDOT:OKMYTH
1XWhtjyXs2KvVtQXhKvWgpZFcVsPJaLuvpMJLixzkGfsHGz:12000000000000000000:OKDOT:OKMYTH
16HSNgPWpv3RSpET2KEDjFPowbNZhysv7bUMMZmMang6PAzS:12000000000000000000:OKDOT:OKMYTH
16iokMxyq3EdPkKn2BQzz5Z27jQNMGqKctizQckMt4mETHg:12000000000000000000:OKDOT:OKMYTH
155W2FEECTs2gCtjvpVKNLMcjYU5VfUpNgpP7qjCw7UFowb8:12000000000000000000:OKDOT:OKMYTH
1DSSbXmwHyQYCLkC8HNgrjrFuJdWV9TRk94vZ5J1LC7uNmg:12000000000000000000:OKDOT:OKMYTH
1vufdKoAZkzzCSJiDrBLM6G9ps8TDnTR5usaC6ZgLvWYysj:12000000000000000000:OKDOT:OKMYTH
13ubxb4o6LoGotVHN92odsv5Ua5m1QGCRn3N6xcBbxg8aH2U:12000000000000000000:OKDOT:OKMYTH
15R7zFG3iMhDcimPeTZpJMrs6pioJY7ssqEsDySRsXc9165S:12000000000000000000:OKDOT:OKMYTH
12LKgFjKd6qNEf7vMTLtcZZUbBs9i6FBeJNZ4xgz3LB48qWV:12000000000000000000:OKDOT:OKMYTH
1WkKwgNoXHThUYPvZYPKKEA7xvHByFLgCg4idWXiRXet27f:12000000000000000000:OKDOT:OKMYTH
158NNVvPY3EYgWovm5X8tQq2ruiFT32gJ92krMRoxmKZCz6V:12000000000000000000:OKDOT:OKMYTH
12kbShRci1rqZ6hy37LvxbhDAoVH4gR2Au5FKzAvWYEaigvw:12000000000000000000:OKDOT:OKMYTH
12SSTaSbPW7uAJTuhzSrAtf9swx4VxvxvjC1B8emEoCkcv7r:12000000000000000000:OKDOT:OKMYTH
1pUNAnHwVV9HHR3yurYH3PUaMj7rdoBGtyj6e4UkBECcLzx:12000000000000000000:OKDOT:OKMYTH
12QpzBEUNfEb15ox4HhYvEGsx3g5perEwFWx8ThudT7rJC7F:12000000000000000000:OKDOT:OKMYTH
12t7iu6DVMit8bYztQDzCzuDf8YpqwRiNSxTC3numdrveTST:12000000000000000000:OKDOT:OKMYTH
13tJ5SD5xotBMFkLn7hnKaegoRrL1wvvXWPHknRhE1Z5WKrQ:12000000000000000000:OKDOT:OKMYTH
15ttZVWgrrX6oETAccFRxfxRuTeY7xrAHVeVafcwmg4bjcv5:12000000000000000000:OKDOT:OKMYTH
121Y4zUXg2J7SZtTstBLyi1neiB6SSNvT7CWmQkDYDbHdFgN:12000000000000000000:OKDOT:OKMYTH
14PNoHQtPr2SrW6HuqacDvCBP1X9BX1zF87HfeXLowxu3GSF:12000000000000000000:OKDOT:OKMYTH
13bZUhD1ujFbsiB7sJPPARsTwrzC9MZYjNMm4SgKWojBC97n:12000000000000000000:OKDOT:OKMYTH
1wAGwMYNLBGV4GDqXmJpAD8BM4cuwVri3yzat5gtyc6CYpb:12000000000000000000:OKDOT:OKMYTH
1C5YMkgitjphMKjkjZY2qCg56xMmi2dPWysPrbGqnMjBu9u:12000000000000000000:OKDOT:OKMYTH
14jFrGr9DTguzoYzidAhrBQKtVYpC1CUHzjf9SR6HYACTJ2z:12000000000000000000:OKDOT:OKMYTH
1jr16gasm46di4T3WGzWfqZozZg3ZTxmsXhvPbAHqTw56E5:12000000000000000000:OKDOT:OKMYTH
12JpVqRFoXdemayYuVmANm6AFg9HgnoJvZNwTFnmzTmz3QJZ:12000000000000000000:OKDOT:OKMYTH
12RWtbTWQJ6WqkAjELhg6ECBovrncBstYqnACpq61MXhBEXQ:12000000000000000000:OKDOT:OKMYTH
1U3L35z6D4PEU2hWj3fRU7xgKi4HmpFicSNgUhqeBe4hXiG:12000000000000000000:OKDOT:OKMYTH
1655cmg6uwDxd2tYXv6kGUWtR5XMyykWdzrmABmmWQ6j9px9:12000000000000000000:OKDOT:OKMYTH
1XQiLp6NDETh9mUer8KcELEQn4tBoZHVQtCxkS7x7JnVNCm:12000000000000000000:OKDOT:OKMYTH
13TJVywZEbqXHABsBbPPJ2nWWgk5HAwFjQPy4tERYnPqdSvP:12000000000000000000:OKDOT:OKMYTH
16PpvwL3WDtn3hyf91wXGhrDsgTEh9eMtb1ZkyT9cgyRVexn:12000000000000000000:OKDOT:OKMYTH
15aRLz68wo7m3XVAQJvhxFQAAJWs3d3eW5Mbbuc7ZhD7WYKn:12000000000000000000:OKDOT:OKMYTH
15vb7CHGfivZRAZdGv7ZGGdvwVL4k2UEajqobP9Gt4uM2aMJ:12000000000000000000:OKDOT:OKMYTH
12swpCzxfqzGBtfHgss1tmPxvcxH7yUmdUB7XTM2pS3uf6aN:12000000000000000000:OKDOT:OKMYTH
1MzGCv6Z3hyn5QyG3u8pU5CgCsieYQK7Y6EqU7cxBr9qjNb:12000000000000000000:OKDOT:OKMYTH
15v38vuLzuueotdkh7t8YMZvMPJQfxfuGuNxaBeCAivp2vbR:12000000000000000000:OKDOT:OKMYTH
15DTmLyUUD5DxUVdZSeJerFjjMVM8KA75n9pQFH3WALXsSCD:12000000000000000000:OKDOT:OKMYTH
167Q4eNsdYY7hrnyNXuhAejoGpcGvJ5XB7wQNDbbiWXu1DKr:12000000000000000000:OKDOT:OKMYTH
13f7Gs6j88AvEQx6UQoys9L1MkkCNpbyhre7rFfDsXLXrRVr:12000000000000000000:OKDOT:OKMYTH
15Z7mEd7FVcfsXH6Ytiz34a9CmBv9UYDizb2Bj2jQJe2oP9P:12000000000000000000:OKDOT:OKMYTH
14UHKHBXEFfJDbRjzPmhHPN8eLvepRchaxQA2gqXGSmYS98h:12000000000000000000:OKDOT:OKMYTH
167riM79YJ9MXMUQViXoMKfayWSJmTQj2SgDhyVv4kEKqA5h:12000000000000000000:OKDOT:OKMYTH
142DCiXzmvWd5iYbFpqZDKrt5zuGnsg8da3WcVRJPxHBBz36:12000000000000000000:OKDOT:OKMYTH
13ULkN4CETeVY19AufGybwFy7hktqqbpbMxXvs8gCtbRHADd:12000000000000000000:OKDOT:OKMYTH
15Y9hzS4sT3mSPJxeXf3woHC6wziLZKGR7eUhKcGbvwEouTw:12000000000000000000:OKDOT:OKMYTH
13mt2Hsq6BbqbFRQHge7MnmE9LcPwaVh634XvU1rFCFUQoxr:12000000000000000000:OKDOT:OKMYTH
1GkNgXzMsE9kRMwjesSmpTueEzH1NTyB7VxMGDhmHXMK6ix:12000000000000000000:OKDOT:OKMYTH
13RJndWzCAcp6StzSaTtR5yA1gPyKH8MMkWxqaLRzavaDJpt:12000000000000000000:OKDOT:OKMYTH
14SVo7yLqKc5pHh8DAEh6jjRwf4Dt17hoeYEoRTpTdhRpbsd:12000000000000000000:OKDOT:OKMYTH
1JgBx3BR8RXHA6aGGZNY6PbeCEfqFfPNoiwoKVjmKXVY9eS:12000000000000000000:OKDOT:OKMYTH
14h6BpSdJZYFVjprenrWT1uYBtCK78kn9XGagdxEyKrAVdk1:12000000000000000000:OKDOT:OKMYTH
13vj7VZtjeDqgLDTByMpHYjfXUgGv1e483twUMbAzsbmoACx:12000000000000000000:OKDOT:OKMYTH
14BLTbUZNHTuFJ9qxshnoJgiB9Vqn6T6cBqVhLmz5JDb8TsV:12000000000000000000:OKDOT:OKMYTH
162Pd9QnC3NRfHUDaM1K1F2oWNi228MNW8VirKrDeAguqRPH:12000000000000000000:OKDOT:OKMYTH
13ct43jQBNw3wcgWg5qFEsTcFXdEp7MvQVNTs8qQ8oy918MV:12000000000000000000:OKDOT:OKMYTH
14QHCc7B4qwaqNdvcAYfN9YrfpSbFB2nAZ1TLBMopDgNrWwP:12000000000000000000:OKDOT:OKMYTH
144wHry7pcjuA9oAFN1YAo9xzntRM1ChGKs2BmVi4g2cDX1V:12000000000000000000:OKDOT:OKMYTH
1hYeuYWS5azYSmdmQUEAYepi27hbTxhwYTC9M4K3FZoN5nC:12000000000000000000:OKDOT:OKMYTH
12vPB7wGKyoLFBpAYWeej3CTjTWJj6J6QmjQRfkJMUwX57bj:12000000000000000000:OKDOT:OKMYTH
1ZLUJKwHvafzT8c2YcaYAYDq5ubDFA9eKYqHnLurDFd1Ypx:12000000000000000000:OKDOT:OKMYTH
13SkG6bd4PSHvQ6JRZDQe7G6Z3oYcRse97iKQMJmzsVN7Pkx:12000000000000000000:OKDOT:OKMYTH
12bCTUoEBboBDzSj2Ddonyrj4zww4ZH3YmYbmamAA47wf5Rj:12000000000000000000:OKDOT:OKMYTH
13gTgBVgzR9w5ZXFHSNs4u4wP9ZXArQGvfGs1FrBGYkSDNzz:12000000000000000000:OKDOT:OKMYTH
152WrYHW9EJhLEnnGWqu27Ffy3iDo1RtLCii2MzJNSvRTKvN:12000000000000000000:OKDOT:OKMYTH
124L3N7SHFxktJicFoYdRv5XmjaXjjmD28mVEFymkjpnTgr3:12000000000000000000:OKDOT:OKMYTH
12495tJYyTmLiskD92d5onAh1vEE4Xw9ityDaA16qQBgjTMB:12000000000000000000:OKDOT:OKMYTH
16it4v9Grhvu5bzG2WUSc3BkyNVQgF86yJsZbWdSMBY3Dtip:12000000000000000000:OKDOT:OKMYTH
13v6mtsGuzu8ytnMPpYZXXQoKB3QkjUbdr6okCjRUSyBtyny:12000000000000000000:OKDOT:OKMYTH
15yctSeuqokvcvYQEoJ8ugz3y8cjWgBX8Qcr7DFBVpdpR9vn:12000000000000000000:OKDOT:OKMYTH
13Da21YjNEZH2TQDnYnjnx6qHBjwVKRSpcvwDfMmmyzcZ26w:12000000000000000000:OKDOT:OKMYTH
15z1Wmmnven1yoPrBFKEfw1AUM3mciXvjrE2KmKdr2HnYBZJ:12000000000000000000:OKDOT:OKMYTH
14RDBn5F4cJ1G7rda3NYTaU9XbGD6hCXiZ6bvf29t9gK86wo:12000000000000000000:OKDOT:OKMYTH
12NRUsyKBLyZnUCYPp7CTg17P7kEho3kPB2Vapd7wdd4g1uS:12000000000000000000:OKDOT:OKMYTH
14L13QTrRW7C4rWTcrEESStJEHjr7AJTzRd4U3zbkL6xfmFp:12000000000000000000:OKDOT:OKMYTH
13G9XVp7Wuc81xiySdMx6VsHWcPyWK49SLfxCVEDt5nLxLpr:12000000000000000000:OKDOT:OKMYTH
13ZJ7Mm1Lt7VJA9Wnqozu3nNZT7Ji8okELhzzUTiiNQuJk5M:12000000000000000000:OKDOT:OKMYTH
12Nn4brJFXozKEUf8Vk5ry8XzvtAPW6U774UNr2w1pRjQ4fi:12000000000000000000:OKDOT:OKMYTH
12QedhL2Tkx9vH7CAY41rFqHm7iaRHqH1GRJKW6KmYGsvCiy:12000000000000000000:OKDOT:OKMYTH
12R8j1p1KG3zgDGYWSfS3LNqUoHcHbeB8jD812q7U3rnUHde:12000000000000000000:OKDOT:OKMYTH
16VeUc8tuG6UXeQZjDBbDwQFG3utfRrsveXC91fZLDcUUPfA:12000000000000000000:OKDOT:OKMYTH
13231yPhcGeJeEd7SLu1VyaznSC4oDxCPdCenEaV6sgk7eQ1:12000000000000000000:OKDOT:OKMYTH
1ZDubwVybQzSGwFtRPaUtfpXdukB3pwR6Kq5ZVHpmHseZ32:12000000000000000000:OKDOT:OKMYTH
14DA3UvszRQ5nwXN4Y6cmuhRd1sGd3xx5nzsqeKeuKuZUrvw:12000000000000000000:OKDOT:OKMYTH
13gdGXT6zrz3fxEehqDnrcdAE7crabY1eT1GdK1LvCJH315i:12000000000000000000:OKDOT:OKMYTH
13H2PdXznMPexSwYa6TJQzozwJop8Y5iVXuC5KVcWEKJri1G:12000000000000000000:OKDOT:OKMYTH
12yHeBNrScxwq7JVyfRyyGYMuunRMVc8Y18q3EGLYHgNfGoe:12000000000000000000:OKDOT:OKMYTH
13fAZRUAiSGMMCH9WzhFsry616Gu7uhFaWiWnHdAHEd4MpMt:12000000000000000000:OKDOT:OKMYTH
12BcuNaZ71XndBq3PYY5NHcuSCkCZfT3X7kSEx9GUdFapLKv:12000000000000000000:OKDOT:OKMYTH
17AGs86oD2Rnvsh7jxGjtpVZBXkDkwG921u6QsXRmtcXG19:12000000000000000000:OKDOT:OKMYTH
19syjfXuu6Xvixw83ShefkpBNXiv7VNp4rgXrar2XaHYyBK:12000000000000000000:OKDOT:OKMYTH
124pZoi7Tcd4b8JkdzZ7gQzC1e53FuQCyUCc4ezHjnG2Q9Kn:12000000000000000000:OKDOT:OKMYTH
15VnQehv4T8nxDSQenDKzqYCDSeVJ9hHa1S6FuN7axr5KSWg:12000000000000000000:OKDOT:OKMYTH
14NK3wQFjxqk4wTGsAUJpUWWH2ErN1EC5R7MMHHSoEwUAV4J:12000000000000000000:OKDOT:OKMYTH
14s7JsHN3VBZGJsv6KuDZ2Bc475buVKFunxoEFTJ6AXUsnfZ:12000000000000000000:OKDOT:OKMYTH
14TDrdiE9KnFmi4Kpq9WHhHrXGUFPDtnbfWJ1cwTiuWbfmKE:12000000000000000000:OKDOT:OKMYTH
12G6ruQ2LvLpgksCz2fTLeB6UQKSSH5fX3dFpmpGyBL3sE7x:12000000000000000000:OKDOT:OKMYTH
13GvqYJQQEC4i8LhJFwHvQ9YFQDuTmnwJsDQ9wmiTQPAVEbN:12000000000000000000:OKDOT:OKMYTH
131g7hVRwFMjtBNDwkPHcHxyDYy3avbraF3LoUjVreMgdxK7:12000000000000000000:OKDOT:OKMYTH
15g9mFo3T79j3bt8LAdHameokMTudmrhopp3XdnCw6JdK6wU:12000000000000000000:OKDOT:OKMYTH
12zfpBxo45VE2xAsxn1qizkBYt98YHe9W5fQMtRA558zQEN7:12000000000000000000:OKDOT:OKMYTH
16jRWb5m9G4K3XhUNr3hA6vr1ATQqyAsvum3xqaZWR8gCyUm:12000000000000000000:OKDOT:OKMYTH
1LQE4bXMcd3q91z8zVtUnoJLY2AT8AJAjDZFPps2f598SCL:12000000000000000000:OKDOT:OKMYTH
14C9iFRozrB2AEKRtTbgTwUc5GZ3ZGB7akbHa1CGyQbd35Ts:12000000000000000000:OKDOT:OKMYTH
15JmnXENPE8sjCCVvSNSTb8HUJy6jpcD3SBF23BRLarv1Wku:12000000000000000000:OKDOT:OKMYTH
12r7puLwRiys9m98L1nXkMrMFT91QkWfiYyXrmybcUEoUjG2:12000000000000000000:OKDOT:OKMYTH
12dnfKL3w2bug2wQ5ZKjoAGEc3vKcKYn1mJttgjcXiqTNfnN:12000000000000000000:OKDOT:OKMYTH
16J6NPrAEgj5eWDhUCZAjcJep9ZkRm2foE7SBw3y37yUjD1W:12000000000000000000:OKDOT:OKMYTH
15M7FAKrPjzD99Z4MrJRnxAMNmKsaqgv2RiWDKHXVKPnLajZ:12000000000000000000:OKDOT:OKMYTH
14CwLUg4VL86v4apf8Y1nfpbC73J6XoTYB42uzvPBEuX6usp:12000000000000000000:OKDOT:OKMYTH
14Xff5kr99HPFiCngAhJzV1vs2aWiDApx3hSCN9uypWJ2VDn:12000000000000000000:OKDOT:OKMYTH
1QHNuVqKxdRpiyJE535X3eukHp2dLzReGndVytQfqeAUcRT:12000000000000000000:OKDOT:OKMYTH
165wahZtCzmsjkSdvqhyvW4Sd4FrtgeSaApVRpKCL4RgvkDw:12000000000000000000:OKDOT:OKMYTH
14quL61r3krUfT1uSEYe2gi2KUmnjA9qu3Zu7XH2g42qjaAZ:12000000000000000000:OKDOT:OKMYTH
12Y5e36GCSY9HCki8sTuGiRJSGCEGPPaMWfhCu4QhRmsuWSP:12000000000000000000:OKDOT:OKMYTH
133x7TqNE9Bpsww3sTHx3PK5zs1C1KEYFTZFMEo87CaBwouy:12000000000000000000:OKDOT:OKMYTH
15MLrRisCUUYAfuufJRTeKK6tUbLQS3QV1JncMMsBW5cavHp:12000000000000000000:OKDOT:OKMYTH
1tNjByqJybpSMcxdWUAj4Vhfmt2FNQZn3ZTT8GaKzgmVXdT:12000000000000000000:OKDOT:OKMYTH
15VPV1J5cnvEhELd5BzUXWGqXokW5qQ1V4uk7oMM1xEAQ7eZ:12000000000000000000:OKDOT:OKMYTH
12Kr9XmqHxfQsHtxaoowU4QU6Qs8xF4H4GJEDpAyYo4yW3Qk:12000000000000000000:OKDOT:OKMYTH
15ZL1qy7sYE9nGKZPnS9bevuN1kaBmYgdpx1pXYVpDhkLc9r:12000000000000000000:OKDOT:OKMYTH
12Vcvuom3a2pVA6Tz41cBREHVZpiQQX2XYKW76VQBWBxC5qN:12000000000000000000:OKDOT:OKMYTH
14ULeJ1fxpvUtTLiNyBwKxPTS1L2oNm8wwffZ6akoTVa7oM9:12000000000000000000:OKDOT:OKMYTH
124JtBeF9E6EQVETwHHnxKTdsGCcwpcj5nmPXmbXK5XUWWNR:12000000000000000000:OKDOT:OKMYTH
15q275dHrcafGwDDphud5rdTYvZ5yjMPeRTdSxy9TWUC7qCU:12000000000000000000:OKDOT:OKMYTH
17c9jDLxwAZCNf5vjdMRVe1M8afYXYJ9YM1ov8aA12eVbWo:12000000000000000000:OKDOT:OKMYTH
1tb9Gz1ctoUdHCrAp6M9T3anCMSh4R3gy7CKR4rDbhGZL6B:12000000000000000000:OKDOT:OKMYTH
14bwZ6Zd5ysGwmsCWTy6rCDBCebXz1AyikHMbtU2R3zDunCE:12000000000000000000:OKDOT:OKMYTH
12a266gRimWGwA5pgK9mAs4D12JVxcUFSqEjCDjSkcKaTWbC:12000000000000000000:OKDOT:OKMYTH
154PrTCb6R68kkJzj6scuNG8hx18abgywBCGiKitWEmo9egi:12000000000000000000:OKDOT:OKMYTH
13WXvZ8b7szSPUW5jCheBr7jNPT2VrUbVXMR33a54EkawkhZ:12000000000000000000:OKDOT:OKMYTH
13r4HjA7vt8Mpv9eodNX9QPLY7pYsSAXiiUABPigffVuoucS:12000000000000000000:OKDOT:OKMYTH
15XMPTv4uSfc3msrdHEyP1N3H1AnrueyMQ3xQeyQ7hs27BzX:12000000000000000000:OKDOT:OKMYTH
12NbetjrcYxdT17eAUK8kMFGATMLf6b4t7csQwARAHdFw5za:12000000000000000000:OKDOT:OKMYTH
15tc8qoMk8pHBMkCWKPKdJ2MZRd7Cn8g4B3dtD7TFTj6DXDG:12000000000000000000:OKDOT:OKMYTH
15ZMbfPChdC21F8sFC8zFu5EAgDLqhxcHy71krC9Cyz1GcQG:12000000000000000000:OKDOT:OKMYTH
14qyZk8TdjDLyu3RG1g8K4Mn1WAkE7JAtxdUPxAjNcEhvkP4:12000000000000000000:OKDOT:OKMYTH
14m5AmFDRY5RcpaDAJFXmq5vgJZ4j58CGTUsCsD6JAktvSp1:12000000000000000000:OKDOT:OKMYTH
16XTWb7pVEvCrGPtW6VyFZZ5cQ27ZqgrWs637XjhLieYBVu3:12000000000000000000:OKDOT:OKMYTH
12LYnGFLhGymAcyNy9AJzUgygo2hf1WQd6CFvxj7utx9p7AV:12000000000000000000:OKDOT:OKMYTH
13nEQuKMg5JY2hpEtoiCVeAQbYaSDJovMC4jSmMqVrfPKAR7:12000000000000000000:OKDOT:OKMYTH
14Mj9bL48r6Ec6KsgAQGn2wHvd5krFpa3fdLbkyGJdzeGJMG:12000000000000000000:OKDOT:OKMYTH
123MB44eYR5fjwsLcSvRubcufCz55YDPMJQg89YTP3vsQBtX:12000000000000000000:OKDOT:OKMYTH
12e1QapYHjDNa2Pi95sSAB77A8c1VAr6sdJree36ssbdxhXw:12000000000000000000:OKDOT:OKMYTH
13Ek3JpWDxFyY7Wq2UVY1HaGNgB6nmdjpJFE5cSAUGiCWqnF:12000000000000000000:OKDOT:OKMYTH
14hUaPYcD4CKDMk2q3daxbsoTBYd8PcdTcuaS9TyncG5oRXs:12000000000000000000:OKDOT:OKMYTH
18DpyBYzojhVvJ9g3cFzDH8GHe438ypiR99S87tCMJ5Vcmr:12000000000000000000:OKDOT:OKMYTH
16G6FwM52xytfq4X61EKgHUhZcqb2P9HFgyknPe2AEMdKBZk:12000000000000000000:OKDOT:OKMYTH
1MkAtKHHd2VbyDoKBprr6MMzKHKzr72znvurjL8Aje2aiVm:12000000000000000000:OKDOT:OKMYTH
147GaxbZHmtxiavSUnQZH9WhsFFwet2hJZHC6Dq7zjtbSAu9:12000000000000000000:OKDOT:OKMYTH
12HVTY3nw6Pxos98KEi6VnJKiuLhffqkDEoHMiS4qUKQEsBR:12000000000000000000:OKDOT:OKMYTH
121WyRKpSGARVujy9GQF8qiK8yXdtaosotRzikRAPtyFC1Hn:12000000000000000000:OKDOT:OKMYTH
14gyjWfsKF3sJQcLx6Urd1UrM7b3Eoz6zc4JLjGBXponZLt3:12000000000000000000:OKDOT:OKMYTH
144Uebo4836p8xVRNcYPrYEycAByVTS5KKpFJkaHK1NmtAQB:12000000000000000000:OKDOT:OKMYTH
16h8tpDqJQCQVCrgwBhtHvTzJoZDwXGV71dhCuiJLMbZVAvn:12000000000000000000:OKDOT:OKMYTH
15WEDWd3kYd7zW1DVMd7QfxPSes1UwGmN9EdG4Cg9mUDEkVC:12000000000000000000:OKDOT:OKMYTH
14DSDJPUAysU64ow58pzpH8fXzJ2LdbqB7s5qSmjptNoRvuQ:12000000000000000000:OKDOT:OKMYTH
1t8bCA6JqM1mcrgirJUASScvWJPk2cdMmC4whkaJfDRzvf8:12000000000000000000:OKDOT:OKMYTH
1TbwUzEY8ZisUy6rhSktvi3UwD85XanoVFpDgCnVTrofwZe:12000000000000000000:OKDOT:OKMYTH
1d5FqSY3P9w2Q5QKro47i4mYzqLwoo6uWZP3ysjXa7fzxLR:12000000000000000000:OKDOT:OKMYTH
16UwfajuD7Dp9idPdY9fe6TvHikQcH2wpZjnnS2P5a8Ypj5K:12000000000000000000:OKDOT:OKMYTH
16mtZkt5rpQ5HKcr3oriQ5gJ3bsG7iJjQfqQY7jMkxbfbPJU:12000000000000000000:OKDOT:OKMYTH
13a9b2LLZ35b3bcqbiQcBJdK5uKN3nzLSpRg9XqgcjmS2Sng:12000000000000000000:OKDOT:OKMYTH
12uwr6aGZX7a2A4CutX4xwrBmcSoYnZm29wHVEeSgdGnvbEh:12000000000000000000:OKDOT:OKMYTH
121Ex9AVSnMqHNpiDdyu5XNrfkvJtXhP48gweUk5MmtFFhJu:12000000000000000000:OKDOT:OKMYTH
13UVJyLnbVp8c4FQeiGaaTpU9xQXtUn2Jr4Tuddo6RyaKCwf:12000000000000000000:OKDOT:OKMYTH
16K9swsUnZ96gqkGBdJQ4UfS31WHY96AqRvnM1bqSptaUjG9:12000000000000000000:OKDOT:OKMYTH
12dNWzihH6S7DV7mSbh2Y2Jq41ZRZwdGze5nve8SLpyBRjBx:12000000000000000000:OKDOT:OKMYTH
13RMqPiTAdWchVPGACfi9oUJqUBqHCXMWg44WXwym4i2235x:12000000000000000000:OKDOT:OKMYTH
141uscnG68VBLfgaVHrb6oizbXFJWXD57hSaURMdhzgo34vV:12000000000000000000:OKDOT:OKMYTH
13XiU75M8689d93sfZqWSQ92XL3k5KrgGiuQJUXn5U6X6bnN:12000000000000000000:OKDOT:OKMYTH
15VrJKszbcqbV9QaGD78tfcD2f2JcFaZEANbZVodP4P4Gby1:12000000000000000000:OKDOT:OKMYTH
1459CmELm84E1uLzKEhN5pmem5RFFr3whu277C9fSFztcDvR:12000000000000000000:OKDOT:OKMYTH
16YygTpvtAJbvn2Mb4XRKt5s1Gc8gZfQi6AQJ6T3bA6kxNRs:12000000000000000000:OKDOT:OKMYTH
15u2ouv1HHbRvgrcuLTVG2Hc1NgJSEguPbkxjAQ4o9my7PB8:12000000000000000000:OKDOT:OKMYTH
1tgvxR5MMXzZrRnecA4ZwjeBqAfw7bocKjLx1mxPfe7jw6j:12000000000000000000:OKDOT:OKMYTH
1p8z7oQRkzkSFvibHuYzoL7Yaog8VrLZUUMcWLanYLmJoCD:12000000000000000000:OKDOT:OKMYTH
1JoGiAZH9HcXMrTahQJpT655hZ88oJDqJXHi2t5KzqkqZ3z:12000000000000000000:OKDOT:OKMYTH
13wLDrmuTYVzcbZ33JsXgQbc2YZeje6WWnKzJBKDrTfzRSYm:12000000000000000000:OKDOT:OKMYTH
12eEK3uAgs9zZqM41JUvKJAEtEfDWWcDQQaXsyxxtpbFQpLj:12000000000000000000:OKDOT:OKMYTH
14eCgxYFG88N318TWHFLtewZgySDVheDLnxTPHcLjd5jw6TK:12000000000000000000:OKDOT:OKMYTH
1rKj2D4ph5XCP3VN1Jp9LAiKwgHXSu6tjBv6vEXzZ9Rh33E:12000000000000000000:OKDOT:OKMYTH
18FwbYh7aTJTQxZzRULnjNtw9jrixLE4R83qEFeJXaDZgsB:12000000000000000000:OKDOT:OKMYTH
141PVKMvZwWgQM2uUixvXybZfYFYRDhaUpgi5SRRmnQKyqVY:12000000000000000000:OKDOT:OKMYTH
1owXFCiVEujhhvamKbgYK8ntTmiZpA7xk6P1HkGsFSuvKaa:12000000000000000000:OKDOT:OKMYTH
13XxKHvyhZCE3fmfnAzDQSgQADJvGKV9r3pDYYD38KCfTc4K:12000000000000000000:OKDOT:OKMYTH
14izdLbUfjnFV1ANqd1m8Dpgx7hnyngUbDXgbNiTz9AFQaNs:12000000000000000000:OKDOT:OKMYTH
15ZUvZ6W42vVVUbb2THoKshJCFpPPuBXr7B4EPTVCFEzksbd:12000000000000000000:OKDOT:OKMYTH
12RegvjWZGBEo8cP5mPU8f1g38KPejdHhvx3D4Ug5HQG4rLW:12000000000000000000:OKDOT:OKMYTH
1imjj8HsPbRySSZSbTLdibc1PjtyVpyqqDkKYwTLvF65NkH:12000000000000000000:OKDOT:OKMYTH
13LSMNTgKPtJYitqTpDFTAWLpqzuncCYFD19WP268efQ75F9:12000000000000000000:OKDOT:OKMYTH
12ihBujq2krDS7AHfH1iaGNN871rnzhwyc2kFMgofnEGAdas:12000000000000000000:OKDOT:OKMYTH
13XpVjtsFaS1EReHoWUwTuCxN7uf4uSDzBiu4BDGj9Yp8QY5:12000000000000000000:OKDOT:OKMYTH
131SFyTtToLzEodo8xcdKaHQgZY5TuJNPhGzUS2zrXjqKd76:12000000000000000000:OKDOT:OKMYTH
12LqJCQhZuHqSYp89u7jZTwx75QwhtybFTw8s6rtyPw6Wfu5:12000000000000000000:OKDOT:OKMYTH
16iSkNgLqeuNzeTHhDK6ua8GmPr8tJaK6Dd5wi3ibyuWxLSJ:12000000000000000000:OKDOT:OKMYTH
14L9Td2zAJNDy5AYPV8SrV7nU6CYyZ4MhaZJDjNJtFhZhZdf:12000000000000000000:OKDOT:OKMYTH
1345FWtq2uDYnRRv5yyLuMPKxzGDCqRuJPYbwZRtwcwkQbSt:12000000000000000000:OKDOT:OKMYTH
145pV1Pd9dP7REt3b2HhDc6nMikGCWVUTruUww3NZcVPkJBi:12000000000000000000:OKDOT:OKMYTH
123gFxUynVectrUuR4PaRLGKGZd4mGEuBNYypho2pnFhywqX:12000000000000000000:OKDOT:OKMYTH
12Ku6KWJNqf8YUBM4rDq8nvg4tk9Q3v66mbSM2CjNjgZG6ew:12000000000000000000:OKDOT:OKMYTH
14ETSwK3orzcmhZLiFH8GLH15Kt7F2Gw5jXDxWMfqDvSqSb9:12000000000000000000:OKDOT:OKMYTH
14G39q19LCWFRmY9LS4qPvijB3WRyCeejzavVe5xDQjJVQF8:12000000000000000000:OKDOT:OKMYTH
13KoYsd2gmy9fNJ1ck83j5G281rRQ3JNXvdT4HrkQJhLCQjm:12000000000000000000:OKDOT:OKMYTH
12upPgVNJ31Kij1KrkA7DfiJEjYcRB2ifvYuFmXvQ5a9WoTS:12000000000000000000:OKDOT:OKMYTH
16RbyXyQ5ykTV7yDFqKohoroo1HHsUne2aWycYn1jYZzTPrw:12000000000000000000:OKDOT:OKMYTH
14x1k3zaBRMy2wdYvLhwzNiRYSLQMDxEhU9ebXBUhFpb3u2B:12000000000000000000:OKDOT:OKMYTH
133ZXaqDAu5UQdHbZCEnCvpVBFEAuxwkptDeQgi9xgUAQbGc:12000000000000000000:OKDOT:OKMYTH
13NCLd3foNpsv1huPDzvvfyKh37NEEkGFotZnP52CTR98YFJ:236000000000000000000:OKDOT:OKMYTH
