163bDKuRs49e3Eovf9G1bjrp38Se174V3fgrZrLPEgbUdPXA:12000000000000000000:OKDOT:OKMYTH
12twA2DZLW2QCnW4M3ktDaEBkrMEPHzrTDftJCPg8tK3epX1:12000000000000000000:OKDOT:OKMYTH
1NhCiRBahqJb6Vh7oDTd3U4dQHtsNav3ZjQDserBZr3xNGc:12000000000000000000:OKDOT:OKMYTH
15ExDcMAwkzeyudjKiQWNduhkeRRq3x2GHQ2LkVCJuuoXgSr:12000000000000000000:OKDOT:OKMYTH
15TpbeHQEbBhg6aKzJe67DADDxkqnGQW3QhJQyuJXEPhF1rj:12000000000000000000:OKDOT:OKMYTH
1gbsfYt5h2vjnbkhtPTqkzBGnZL2eAErpma2tWvzsTWbFNY:12000000000000000000:OKDOT:OKMYTH
1651UEGRie3ftokpq5PcDbCbHWV86jXto8JnKbeRm9effvgn:12000000000000000000:OKDOT:OKMYTH
15Tgtn5MYroz7HiyVZDBCtiqwVgh3Jf5EFqRiuvQeo8vkJku:12000000000000000000:OKDOT:OKMYTH
16SdTBRBwwoLvg3fMFKNDq1br36i2m4656KLVcdAtcci6p5R:12000000000000000000:OKDOT:OKMYTH
13PqreVLhnk98cjhkK4r7suwy7aM9ehts7FxGuCSSw238Pz7:12000000000000000000:OKDOT:OKMYTH
13SfCXRnL1fbg32xRyhmYDa6GAKTH9eskzAwQsc8iVc9kTxt:12000000000000000000:OKDOT:OKMYTH
16mBuFzvTgekbUoLanCAgqCnjkVkKPN1d3v7gDs69eqJmzVR:12000000000000000000:OKDOT:OKMYTH
16bA2io8SbqwyuwhxMKdT4vHEMP9byt7AdJHHN51RagakgoQ:12000000000000000000:OKDOT:OKMYTH
12twavzkyRqNW9HYs2BtRKmTNyVYtZvEmiK3kFbqA9rnG3Yy:12000000000000000000:OKDOT:OKMYTH
1zGMvtE4H8SPtTB6xNh7BrDyieLqUvVVBwJMuzZcbs5ZdpA:12000000000000000000:OKDOT:OKMYTH
12HtCgi4VopPehZ9a1knZaNwj3g3GtcpLE5ExiEeqUaAFpoz:12000000000000000000:OKDOT:OKMYTH
16CtpzYMCUn4eRAgQ38beGZeHiQdhaqmyhro7V2nuqw6tnKC:12000000000000000000:OKDOT:OKMYTH
13x4S3ShLKwvgEuBUpDzXWtJVz2otCxoBAACwtsRvdUqLf3W:12000000000000000000:OKDOT:OKMYTH
13z5TR8UvRkjckk6JKXsPHKas4mZDUjdZjXoQ5GWkHiFsA2v:12000000000000000000:OKDOT:OKMYTH
15kZAkxrpAkExfeyAz7AqAMHrUdgz9P8WAUopuWcMsNoC4TS:12000000000000000000:OKDOT:OKMYTH
12rXxpUeR43xWvHKUfFcj9nti9tGXpqcSc5AjgNC9doorxJT:12000000000000000000:OKDOT:OKMYTH
1Xc51b2vBd98ucm4uVgV5puQzHHkftNcGvh2P6g1HKyDfeS:12000000000000000000:OKDOT:OKMYTH
14z2gzYav1atZpRXh2ffJJcpe3RsivBtKiF32c6F6T8Tzsd:12000000000000000000:OKDOT:OKMYTH
15uZ4v5uKpG63ZYy33oFbCQKi7v3E35a3HFK7NcscPhtMfNC:12000000000000000000:OKDOT:OKMYTH
15JJcn7umfuNV7w3xsD6vMti2Zznxn5eCFSuWxSX6gpE9f64:12000000000000000000:OKDOT:OKMYTH
13fW4pUSNXLWaXNHvWrKHu4qi47ETQ4wWbYpE3wAtApgR7BS:12000000000000000000:OKDOT:OKMYTH
15ygf7SqBDyS2ht4rMQSJp7sM9VPE6MB4dm3nPErB6rhsG2C:12000000000000000000:OKDOT:OKMYTH
1VTTVhceJjAi2biRZfnyV9hoRbmLSY3Q848BYFhmrjebjnM:12000000000000000000:OKDOT:OKMYTH
15aXruxz9fJdWqgTWHRVUUFEgmiX9PSNxWiPeJnNm9SRGtXd:12000000000000000000:OKDOT:OKMYTH
14SRLf4iQjoFeRgpaVTHixqiHxzszNfvvJMK7D8Z1QX33isY:12000000000000000000:OKDOT:OKMYTH
1LAPjMBHbSGWtLRRmar4cutFhL4EeCsVozqF1vuGZ2ERw8Q:12000000000000000000:OKDOT:OKMYTH
15Tay7K7kzEoourb8vReSFa1x2pdt1oSomXdKhrcGm1MZthA:12000000000000000000:OKDOT:OKMYTH
132PCbqoAaqW8uj6xUUK6rnes7hgjk6KSNvkuNnHvn8j6aQM:12000000000000000000:OKDOT:OKMYTH
15W6EQDJSVovEgV5y3hEboEwpXHk9DBzhJDep9tZDDQ4eYNN:12000000000000000000:OKDOT:OKMYTH
15wNALbaxLyZxTq4bMYUXp2uj8WTHxY9NtDkWNUmkanbJ6Fr:12000000000000000000:OKDOT:OKMYTH
129FKXsGWLGxkARyqXtaGMWzMop6p1yVJ4tLRaUk2jniKXpc:12000000000000000000:OKDOT:OKMYTH
14rrUpM6Ww4WwiA8uZbKiEJpZAh2WbzDibf4tm4HhkrG1AQo:12000000000000000000:OKDOT:OKMYTH
14EYXMz7psfxMrvYJXqWDMuEmz6vPn1frXYiLJvGRgtPHbDS:12000000000000000000:OKDOT:OKMYTH
13wJDw8XaZo3EoYmg4f2Yhqvc9KcfgvnDPvYvjMBczBtzvGw:12000000000000000000:OKDOT:OKMYTH
16ZhTegwZnihzVBwnAhQULpSvwa6hEU7LYwUSubUaJ7CUj4C:12000000000000000000:OKDOT:OKMYTH
13sFEg28vDc7TxvS7e9w6XudUaMTYPPrDx9t6t5acsd1aE63:12000000000000000000:OKDOT:OKMYTH
13TnKz4WBBhp6ZPUGdGQyj9tx3JKFxH312JSqC4UsXzz6os8:12000000000000000000:OKDOT:OKMYTH
12KUpQcKZ7kB7YPZNFjuQ2vzfqtMCvXhNQ1zRLbChP63JZJg:12000000000000000000:OKDOT:OKMYTH
165XccPX5zZ8xj9XqgPGBxaxKcjP4qPAwWn6Zu1J8zUFw594:12000000000000000000:OKDOT:OKMYTH
16NpkRgdbbq7njnJ9x7r3tnBb5ozuusUTHcEXfRRCdnGSJae:12000000000000000000:OKDOT:OKMYTH
1TY8YGmRG6KyVi92rWTwubeNmtiVGtDB1sKu7ycXeyF2pbe:12000000000000000000:OKDOT:OKMYTH
13BsKD7XavhQZmFqn1YHd63W7X2WZFRDn2XWZwsVEipJq2zD:12000000000000000000:OKDOT:OKMYTH
13VzuuvZo6qrLtmeE4wMFyzhT15ufF3LgU1UU2K3aMiygne8:12000000000000000000:OKDOT:OKMYTH
16Bg139bYixTCjnJPKrTVTtVvcJCVWpwExjGqzUDrMgatWK7:12000000000000000000:OKDOT:OKMYTH
12NnQy2hV1Soc8Hi6MeKuxPkYy2tnVvTLz9txEXdGdymhiaz:12000000000000000000:OKDOT:OKMYTH
16BFkCTmKExkqD2VJzkqwZKHYadHm1gp4CrusrHCisYnseEk:12000000000000000000:OKDOT:OKMYTH
16Gu1aA1EmiKpVPCng7gAkzY9mQXQS6eZ14Ui1PXFGZKVj44:12000000000000000000:OKDOT:OKMYTH
14Jv8Q1cwDJRcqTkj9k7se7JVrTKfLx3Q9KBMAP78d4J6VhG:12000000000000000000:OKDOT:OKMYTH
155XcHd2UHFcukFxiYZU3tWyWUUfG1r2RSFb8s9FfWmu5pAE:12000000000000000000:OKDOT:OKMYTH
19kF4nMTLMyKt39DG9SZMB2btJmNVc1BnATv3brZTPja4r7:12000000000000000000:OKDOT:OKMYTH
14ECE4JCwv6uPuDrrWCPmg3Tsg9o7xmY75guVDes9FUzxp1m:12000000000000000000:OKDOT:OKMYTH
16APRW4Y8qESA7Z8aXq5YMHeRheNxBEhiy7YEEoh1xZZi7Ci:12000000000000000000:OKDOT:OKMYTH
13BTfAK1PaonqSMDTxi91JkEBQrvAJ4Y1ULGzipdskWRX2rz:12000000000000000000:OKDOT:OKMYTH
16XaaiHabnUyLaK4cLWoEJ7kLTVqgAhBbbCtCFWcVu8RHqN:12000000000000000000:OKDOT:OKMYTH
1V7PipsnN78f2AvjbcMLHXEEX1FpcBnm1QdR9hskv9kEXn8:12000000000000000000:OKDOT:OKMYTH
16bRyxBFgetrDgs8BbzCCMEwhhKjMoGjQR38z8UzBBwaSv6z:12000000000000000000:OKDOT:OKMYTH
12KQki4V1raqiG4PG9jRcNDNtDdYtmtTE8vicTYGYL6gaXwo:12000000000000000000:OKDOT:OKMYTH
15usX1hGUgmCvhF9sMiiUeZHkjPZ3v7kGzPzX6kbpgBneRFF:12000000000000000000:OKDOT:OKMYTH
13ywJRac63vKNegDt38RbcBzFBrbL3Zszf2gMuSv2j6NUQGC:12000000000000000000:OKDOT:OKMYTH
15AF1Zvhwn8rYosFN5rri9GhfRoviVL6w5z75LPT51HRgZ7N:12000000000000000000:OKDOT:OKMYTH
1u6d8NUwNdiar4pjS8oQRPFUpysZPD7GtCKVfRekTZShyYj:12000000000000000000:OKDOT:OKMYTH
13UXEXSRcjrjsa4NayHtgGDgmdWufnj75oSvuR6fRshsDAeS:12000000000000000000:OKDOT:OKMYTH
1e1oUNB5YoBn7k21odotrH2UpS9Ami2bRfCVyftFR3LEgV7:12000000000000000000:OKDOT:OKMYTH
16FaBRk3u3dqNaZhhmXnKidxtw3Q1SRx3Tr1n8VAJKsCWrJ8:12000000000000000000:OKDOT:OKMYTH
1Wt9bP5PDHKb5QAUbczt81tD9sWBiNSboHhpoQvqjfvHZtW:12000000000000000000:OKDOT:OKMYTH
1EBnyu9KyLERji6kZ2KL5726MNrVEV4WWMdxtneJMHaBAnr:12000000000000000000:OKDOT:OKMYTH
14xZWnK82HFSiiNN7fxstnyQKEQfQcUQDUX5LvtQXMiFLy6R:12000000000000000000:OKDOT:OKMYTH
15ut6TkQE28Ce61gsBTpFigN11Fh7yrxN97p5PZvs3ZHZgT3:12000000000000000000:OKDOT:OKMYTH
12ZKFnBS46LxEuiGkpES28sHyTgCzJbRsuLTJsu4aBuHVMXb:12000000000000000000:OKDOT:OKMYTH
1RK5N5Te96krZyoZBBgcCo89p4zsuvREMgWeYrwSA5jw5Ae:12000000000000000000:OKDOT:OKMYTH
14F8ScKUvg7UxoQ62PW58G61YoQg5XuFHtuNVYmtwxgWnyGM:12000000000000000000:OKDOT:OKMYTH
14tYUVXVw2idE3rNx5pxYfrkJhe3JPwkAt2pFpN2tqRnSZTd:12000000000000000000:OKDOT:OKMYTH
13YuA5owJnQBgEHJaPBqaUKyGMHtzMoeNxhCTdKtxdnGFYii:12000000000000000000:OKDOT:OKMYTH
13tf1HwaRVLkdJzzHu4yNsdvqEFvKcA3PNqoa47qDmiMMi1L:12000000000000000000:OKDOT:OKMYTH
1FJDytLiFiueXb3hEnsaH4TAJJyA4XLJSZixdPxYNNjex3i:12000000000000000000:OKDOT:OKMYTH
161DY2cpHP9KAHzLJehYR4N5cQHsnBSp8xSC2b8XGh6zedXR:12000000000000000000:OKDOT:OKMYTH
16UDExkKABUjXpNZ2bLmaULkwUPgddWYaGctgHJCmeEjVqH3:12000000000000000000:OKDOT:OKMYTH
12KpePyCu3umLooFAqVdEziyiQSFPTzTNyPoxHnLnJkXjnot:12000000000000000000:OKDOT:OKMYTH
1Fqgg8yRKgmioyj7u212XZCMEnR9SGDQEGFQUgBhiDTo7H1:12000000000000000000:OKDOT:OKMYTH
12odhFQrkD8LcsFMSh7RL7YFUwSupDfwZ86aUNAe3yJsDjyu:12000000000000000000:OKDOT:OKMYTH
13nA1xCwkrvt3j4PKUJ7heiXyyGNnEbo3B1BKoSiS7PcfnMn:12000000000000000000:OKDOT:OKMYTH
12cZkRQkSqHrhCVP7UGRtw8d2f16qK5inBjW8eMehDKpvvSW:12000000000000000000:OKDOT:OKMYTH
12RvLUzgAUSjt6VphREf7wapdae9j8vGjhLKJdatdKTf171f:12000000000000000000:OKDOT:OKMYTH
13cfZpQijtCUgpLyELTtsaNgsEFd36kPHZLRwvFwNVBsSvWu:12000000000000000000:OKDOT:OKMYTH
15yiusUrMGQ5jiqXmkyRVdF64LeaFTxdp1aWSWEcHBMS3JYC:12000000000000000000:OKDOT:OKMYTH
16B58cQ4hXti1dCkC3Hp7RrLpMxk2SXYfu3WaqxK5S1miWgB:12000000000000000000:OKDOT:OKMYTH
12SfYWZEYM3nbv4AYMDXatmWeRTfR4PMhhe2u8cYTnq2JJ4G:12000000000000000000:OKDOT:OKMYTH
16Zb4X82whSVCXLqJyMLo1LCHxVSbzc3qpJb88XWhEMVRwmG:12000000000000000000:OKDOT:OKMYTH
12eWWMbmjHAkcBAMKhdwGTPGKpzqKLaJphtrft7hgXnjExJM:12000000000000000000:OKDOT:OKMYTH
12NEZuVXz3bgtNPHAZYn4ayHLrVLNtnZXdYNDahz9XkKWpfx:12000000000000000000:OKDOT:OKMYTH
16AVrTZmVrrHqn7tZjEDnDYJfgtH17mW19183gYUpun2VYRv:12000000000000000000:OKDOT:OKMYTH
12nUV5a9E6kE1suEirVygN7tWquQJJXZPCWo3d1oEWWADTZc:12000000000000000000:OKDOT:OKMYTH
14ewFBY41ZJaSWo9nGiWjyd44XohW4NcHisBbtBgk5JXnYkT:12000000000000000000:OKDOT:OKMYTH
138kAa4pauFwUySK6kHi339ggswynZmUWjFvcRDVR9e6XPNu:12000000000000000000:OKDOT:OKMYTH
15t4N5a2xW3TmjToDHMrLqbS9yyMksSRqafj4yGqfH48iNeA:12000000000000000000:OKDOT:OKMYTH
15fBeDYFN6UPT9A73Ta1TfbHB1rBiSYFSwKy3pinbMJ9XPff:12000000000000000000:OKDOT:OKMYTH
14bTGb1o14Dk1nWUk3ixvTi8Z3oFiNLQvzbc7xQoGC3hZCSS:12000000000000000000:OKDOT:OKMYTH
14iEnPikoTX3ztxdDpCQnhHvuzSwqdDsnAKfuKHTj3E2gHBk:12000000000000000000:OKDOT:OKMYTH
12RoD8s3GR4Bz26cwFm1Za83zXhQJLftMrxAqx4MuoiqefSf:12000000000000000000:OKDOT:OKMYTH
1UggmUCrCXEd25QqoSTg25tNonWxattWP8CugXjz94dsHis:12000000000000000000:OKDOT:OKMYTH
14Mk3QvjRtLkbTNY3x5TETfY7Du96eSYw2VdHWZkw3Y7iChV:12000000000000000000:OKDOT:OKMYTH
1618TbiSa5egZhiHPHNaGMs1nGotSdaLNJRZcj1GDnMzMNn:12000000000000000000:OKDOT:OKMYTH
15oPrbd4PW4qvPPb2mKZofvPQozCyZeThfNWxRMD9UQ3trrr:12000000000000000000:OKDOT:OKMYTH
1Hqw1VP16aaLnhfkZDxezWGdNm4CNeynf7bzE1jtUfw1S45:12000000000000000000:OKDOT:OKMYTH
1E42McX9xCWTQGQeJb7RaK2rVMikrXgZEaefa6AtGgBnyXW:12000000000000000000:OKDOT:OKMYTH
12LtE9ffBffVNhpS3zRuWiQwbNs2jX3V4gwH8CvmYdE6fRdP:12000000000000000000:OKDOT:OKMYTH
15d8NduQU4VihwDf7cr6EHWVahhdfcbygvKYUeMJdRg73m81:12000000000000000000:OKDOT:OKMYTH
15rhW4b7TNq933kq4p65bAPtTzRYTcs4ArESBPhsuh8QzhP8:12000000000000000000:OKDOT:OKMYTH
12QpDUgGBMCcYGyopuhLqzonE3uBpnYe1GG417jQ1i9Kzb7s:12000000000000000000:OKDOT:OKMYTH
16BhTz5PaNeVMPBZQ1bBcBd3R55KWyjabSdRMXpXoa3GRBnU:12000000000000000000:OKDOT:OKMYTH
161qQNdX3aNhQmnGDVVVjbixgnF6uffkET7QhY81Jw56B1Bp:12000000000000000000:OKDOT:OKMYTH
165Paa9dAm2ZkXX5FyFdJXbuM3RZd2fUJJqZUzUzAozb1bpq:12000000000000000000:OKDOT:OKMYTH
15rpEwqY7apoGywFK52fRqaq3rYRqnzx3KiFwEJh18FsXwp4:12000000000000000000:OKDOT:OKMYTH
1ox8YzUeBQw46BPCFsNce3KJdKkoxDjPiBf9bPaMnFpJAJz:12000000000000000000:OKDOT:OKMYTH
15wpHbBQi9wMpQ4ehznagLDxqjoscNJGezcriq4Zw9Qbtezb:12000000000000000000:OKDOT:OKMYTH
12ngsC9ARXTyGy1SyygEkok1xzMBAxKjBpwXzVGAwNegYSzr:12000000000000000000:OKDOT:OKMYTH
132Kzm1MRCv1Rsg2zWLBjdBT7ovuf9g4BeYdh8uLrXKRLQU5:12000000000000000000:OKDOT:OKMYTH
1dEgadd5Y88kSZwHrHBEhsnc13YdgH4CerwZzXEkfS4Zwzg:12000000000000000000:OKDOT:OKMYTH
14GT61hutVDzTz9Tsehq9ib6EHsbVkKS9WS5FRy9WKupFznu:12000000000000000000:OKDOT:OKMYTH
15Sbzkb4DR14NMPRfjk9xMLBwkfZpUbjd3pXdHLByeWcBhm3:12000000000000000000:OKDOT:OKMYTH
12jcVTNPjUi4VoF3Z8Z1o9yTbunTwfj8VKJMSRj84bA7gpYZ:12000000000000000000:OKDOT:OKMYTH
16i5WDayVNGYMVtLwJfLChttuteBnf9tgBcGDkB54aLXh5kC:12000000000000000000:OKDOT:OKMYTH
12PffujgqJoqhAaJjAgHpvYypUGYyMTxjNNA8rH5JjNx5axk:12000000000000000000:OKDOT:OKMYTH
16aJ5FzDtHBwnzjPTctCnbXW4VjPR6Nv6qnk5hUxvVTJBgZN:12000000000000000000:OKDOT:OKMYTH
157JMLgiRNJuseaVsotGiJwMeZXRBG9iQa1WouTUix1MfY3a:12000000000000000000:OKDOT:OKMYTH
12M4iKky5QZgEj5hLgTdWVGtUaK64LXVuLsDeV2hEn7fb8ng:12000000000000000000:OKDOT:OKMYTH
16TAH2QMhx6H4ozfcFcXQVMKUDgV4bjz9YAJntXj2krs9jZW:12000000000000000000:OKDOT:OKMYTH
133zLepKCKh3QSQiYFonbyz8CucTabDDWeuSDLkZvVCX8ifd:12000000000000000000:OKDOT:OKMYTH
16PJ3X1ggpxQCY7cScKqZ4dvvKC4mRC8HsrBCG1drLVw3RMy:12000000000000000000:OKDOT:OKMYTH
12ptDsGRJJEwW8UYcHuH2B52aLseiXyibKuNM5DPPSmkCuXe:12000000000000000000:OKDOT:OKMYTH
14XscU8v2B6LmFrEGCDg6qodzyrS2x6mUFbUK13NEYjcuzpN:12000000000000000000:OKDOT:OKMYTH
16b1tFK2fSRSiZ8ixB5Hjs3LcJDvzGiv9Xp96cD9evGYc14u:12000000000000000000:OKDOT:OKMYTH
16QKaUyiAPPWX7opoCzoC48s79baF3on9BjAqpeVwn6WUdTu:12000000000000000000:OKDOT:OKMYTH
14KeT9K1YAegaPZkDkT9rodBNB499VcaFFF3iRQJCcKcHup8:12000000000000000000:OKDOT:OKMYTH
15LifUq1bp41r9b8UFJACWwhVDb2TbVc2FqBCehg98mch9ki:12000000000000000000:OKDOT:OKMYTH
15v71Qf5KxCXn7ADsTBdVBeUMKm11LtgTY5dmkE9khZxrrca:12000000000000000000:OKDOT:OKMYTH
15r1WL7Xpuo2UDDj5mzDJkv9mczwWShofYi1U84QnPEs2kbR:12000000000000000000:OKDOT:OKMYTH
121TXar2YDeBmxTFvXJPaF7eZSgPcE7qnfUEMMU68xAbbwYr:12000000000000000000:OKDOT:OKMYTH
13jJaQoxsq1HjhrHtn8996cA8Z9N2MUFd3S9Zh2hQ7frETTh:12000000000000000000:OKDOT:OKMYTH
16HhpYyQztARKEGcPxxBsuDGyq7WML6yJKxTaNpnMGGChKQD:12000000000000000000:OKDOT:OKMYTH
148XmrKmXx11tBAqZzmR9HAmGbrdTNXzCywHyCQvV3PaqoY6:12000000000000000000:OKDOT:OKMYTH
16QNQ1VPJhZCkYKATXhJEENqi1b3MXwQDB7W9J6ejX8PQyhy:12000000000000000000:OKDOT:OKMYTH
135DnqqFR5Ntw6XpfMg4FreosUB9i81YURTSCMB2bPMQKVcy:12000000000000000000:OKDOT:OKMYTH
13pVSNkEgAZ5Titwciyb4qALkaHYsMWTiU4qpGW3HvqLvpH6:12000000000000000000:OKDOT:OKMYTH
13YfuMactsPfn41nbnPbbbxCZ1zJiWWxcanATPbm54gLeqYZ:12000000000000000000:OKDOT:OKMYTH
12hRdFK6nGnDo347adYHWXywSyHih1vs6ntJZw1GpFctdten:12000000000000000000:OKDOT:OKMYTH
12Wdu4iCXi2CK1zFBQ8jWTgnbX4nKennGsZEyEnrh3zvHTy3:12000000000000000000:OKDOT:OKMYTH
137qxSAxTX5bVAMuU4ZPYAqJxSyhMWbVXgntNfN5jVfRVLGR:12000000000000000000:OKDOT:OKMYTH
12j9dVVfw7SDgM8gVznG6M7F8iKsLdohTQbFAspxPSUspz6j:12000000000000000000:OKDOT:OKMYTH
129p8CnMCg2et6GkhDQ7LwcWBou25YhhiqvGCy9bhmdUGL6F:12000000000000000000:OKDOT:OKMYTH
13gPqLYtzt6J4Aseey3mi2B1R6XBBGFTwnm7MWG49DuEbwZa:12000000000000000000:OKDOT:OKMYTH
15eBMHLnDrVSJKqbEaDnrTD4DwDZtDTnAeX5MvE1daoaxyfs:12000000000000000000:OKDOT:OKMYTH
13xshwvedP8peJRSx9Bubfafryx6b4hJzDxjEcvp4hLX3RDc:12000000000000000000:OKDOT:OKMYTH
1TQh1gKXLvo1xL6buazZek1wW749iJDc4c6dM8AKpX9wiXT:12000000000000000000:OKDOT:OKMYTH
12vnLu5G46S9rdyF6Ti95VQG8J3w763DJoYRbnMPFgaWr3zR:12000000000000000000:OKDOT:OKMYTH
14ZwJmuJ5wWQjZFYZAxrZJGZteoYVXX3ABKAoyY2if5Bb8sL:12000000000000000000:OKDOT:OKMYTH
13TkDVyZKjELgYk5AMGWWm5DerZ6u4DNRvfNGD5tVxjZ5gjm:12000000000000000000:OKDOT:OKMYTH
12C6L6PrS3bvXHWapsxWvta3tJzaKs65Bxkogd1YorhMsCbW:12000000000000000000:OKDOT:OKMYTH
13h8FNCS3ihqsSxd5iL12g4zoSZxK4Fi6cLSXJLSfA7Tgu1k:12000000000000000000:OKDOT:OKMYTH
13v1ibeJTnKKDroSCNmneEuE3Wo6vF6i6XNEE26MSoRRfMMy:12000000000000000000:OKDOT:OKMYTH
12PJF1AEV8ALXgib38fhTQLsAxJ2TCZEwRLVcG98TGMTxoM4:12000000000000000000:OKDOT:OKMYTH
15wd2P9mbXpk9k5jeiEFjSqmcER5iYo9y3giA6opXvEZr4Y3:12000000000000000000:OKDOT:OKMYTH
153r41vECFgpyvKgfF2j7Rq1GqzRbY8fyxAhhR3J4EGvMPp8:12000000000000000000:OKDOT:OKMYTH
15rhqG938kd7LJrz7YQBPmkVC2JZzunXsNhYMin2aTGZcvKg:12000000000000000000:OKDOT:OKMYTH
15ghr9wAwmZ5Y8s58aWhLFTEphueg83FqwyqgNqQWnZ9UJX4:12000000000000000000:OKDOT:OKMYTH
121CytV7vFtpoo498r6DJUWU64kYQAHm5Q4ryUBSDd3P36G8:12000000000000000000:OKDOT:OKMYTH
15AevcVyQAYup9Z7EfSTpsHvELi8n1jbzqcM2av3EnnS3GQD:12000000000000000000:OKDOT:OKMYTH
13278YMMYvqy1kBMkgJYi6Y5F8Ub1UztkDGkKof6vWAYBbRq:12000000000000000000:OKDOT:OKMYTH
14AjLPiFodboStEMn1VyH63WNe6XN19Wcefv3ehLxGwTcgAY:12000000000000000000:OKDOT:OKMYTH
15GMFbpTQGkz8hvfzQf5YeTA35KiyKxXpq1psqx9tC97CGH8:12000000000000000000:OKDOT:OKMYTH
14Sge3TPqGGtfYbPHPCfpzSvZ8Fg3sc8kcT16pZRW48zWVmk:12000000000000000000:OKDOT:OKMYTH
14TG1BgM3K3EJuVRZapD393PQs4ssDVkW2VLWt8StgDVi2Ti:12000000000000000000:OKDOT:OKMYTH
14BEiFPZrpXLv7pcJyVaXU5jyhRxDY49i2SvParbfhXP33Ks:12000000000000000000:OKDOT:OKMYTH
13SXCjgsENQgNwVjuXxaauEFJGHNMJBSh78pFFzH6SA861to:12000000000000000000:OKDOT:OKMYTH
16AYfhLDP7VX7vd3JLd1XYLMUcF3CzSo6CBnN4gUhcige9Gt:12000000000000000000:OKDOT:OKMYTH
1647jnE53NW9wJZWaxyFxY9sKrz8ZEX4RRF1m1xyTqYuwkCC:12000000000000000000:OKDOT:OKMYTH
14FJfnvXdgTbtatK9eDFDMqorqmPiRjm7ocm3kKPtccyoDwq:12000000000000000000:OKDOT:OKMYTH
1eceJWQGNZYamtqr2nFNcYpXbSSfzcq1hn1WpmJg7PBj6tk:12000000000000000000:OKDOT:OKMYTH
167i7VxgHYbPjAnr8MjZ5r3H5h8zRsaNAYHk4r13PErsytcr:12000000000000000000:OKDOT:OKMYTH
15VQKQiSw3KnMUb6NKL9w4PfPYACmFgnw5ndj7a1VnnhvTZf:12000000000000000000:OKDOT:OKMYTH
16RLazXhgsMLeNQ1mBYTze3su5kTaS9jyS28HJA4NKKywKpS:12000000000000000000:OKDOT:OKMYTH
1324U7so876ndEXmex96UaZNbx2YjpF8A5bgGtzdtpJQ22Hb:12000000000000000000:OKDOT:OKMYTH
1veSwCDRf2WTM1dvdSpGcCefrQG9oZBQjNxrxbCmctpFGc2:12000000000000000000:OKDOT:OKMYTH
12ifULEi2TG58JR7AVDRYN7tiemBg77oCibrv9fyZFpo3oAV:12000000000000000000:OKDOT:OKMYTH
16K5Xn1RvNqJyEHNaAiaZQ4ZYtG2okKsUAsuptna7BCsz3ra:12000000000000000000:OKDOT:OKMYTH
16VHz4ozBY6XbUHNaDmM4KSD2N7NwEi3LXBM4j8u4GU5fgbn:12000000000000000000:OKDOT:OKMYTH
13UjQg3w3EdjrCAq6RDsSHvVTjYyWuGrLyvRZ5vLnTPK247f:12000000000000000000:OKDOT:OKMYTH
15M4NeHi6UrNxDP4f4mbg6bgoZF9BYX1eJQGySj1UrWZ2V2w:12000000000000000000:OKDOT:OKMYTH
1511gvSVj6re1DjFka4swN9Cr7xFQZJBQrudfivBfHDAbMeB:12000000000000000000:OKDOT:OKMYTH
1EWH3HpVbvtE7HS3CXvf1668MM59dA5bwFJk2szcwopG4Bn:12000000000000000000:OKDOT:OKMYTH
13f8Ct1xew1CWaRaLdpoDhdp46YE5cV2iE7YWnM4juB9jymL:12000000000000000000:OKDOT:OKMYTH
1bt6C4tFbf2KBqZaMzBigQ68jMY6TXUme6F8CAJmBMrQa4N:12000000000000000000:OKDOT:OKMYTH
16XfhcK3ATJuAHFHAjXBq6GjzwCEzYNLyKviAZrj6NT3Afv5:12000000000000000000:OKDOT:OKMYTH
12CSXSi7xDZ5tdnoZWKyGdjA5MQx744gMCL9d4NRyqt89hdC:12000000000000000000:OKDOT:OKMYTH
15pb8DytstuANceuHqhfMWxU8HwR1SdXtGpAtAQXmq4t6FXZ:12000000000000000000:OKDOT:OKMYTH
14BUDMqNxqpByW5X3RxP2mTbgmYtkgEFsGvGbSNaqqsFtpAB:12000000000000000000:OKDOT:OKMYTH
127PzuAS9Mm8nDkqrPLiwpBYSCM5nZ6PgSMm3G1oPwdn9qpk:12000000000000000000:OKDOT:OKMYTH
13W4P9nXyf6Y4BZjsm3t95dvqiqfCdAjb81xfQmyzBZN6BRj:12000000000000000000:OKDOT:OKMYTH
1574JwZtypTunCvbpkTvfKuDkghbSHX3KQzkZnkXzJ4nvqK5:12000000000000000000:OKDOT:OKMYTH
13j1DCTd8QU62g9qcR6X9FDym1GFuxhoje5WyyuJRc3gY9rT:12000000000000000000:OKDOT:OKMYTH
15Fwte7EiNV79K4djx4eWUqcVBxunDK3xFeYWgwcaUMRpEjS:12000000000000000000:OKDOT:OKMYTH
14vb79e2YDKJStcLPxXnMFdcxBzz3rPsM9bGrbWeQvxhcuEg:12000000000000000000:OKDOT:OKMYTH
15zm6zzBdvt6gidcPAy4kQDUDG5YFcFVsagkN3zDgzJUMdFk:12000000000000000000:OKDOT:OKMYTH
15ZAbYLY68DUGTCCrrtxVD7Y2t2qGXsNopKUrjdZuxbcs57w:12000000000000000000:OKDOT:OKMYTH
12vFyYjizp4gkHykFzMTXdRvjfAQw8m94cuXYYzwr5swc5ow:12000000000000000000:OKDOT:OKMYTH
13XtMiABpQ3XNMMp16bftCokpApiYM9PV18SXBcVxach5H7Z:12000000000000000000:OKDOT:OKMYTH
15tAhxRashvBTBkQoGRhszZR8BFy2jbYcP8tHYLS1fEEeaR6:12000000000000000000:OKDOT:OKMYTH
155wuGUkcaE3uWjgH2Ynzf6iSGXHPvPmUxqfTLn512ZQS9xE:12000000000000000000:OKDOT:OKMYTH
12NpKASJEvUo6cx9in2Jx5fN5Lp2r2W1kZnCtgFkBjQT372p:12000000000000000000:OKDOT:OKMYTH
167Rn4jihJD7nnmVsbRzCAwEU3MWGBifVH434jWy5vw6yGk8:12000000000000000000:OKDOT:OKMYTH
12SeNiHj5SPRgwZctAQ44uQG4fwuAsiEXZdjuaeqi4k14Cpe:12000000000000000000:OKDOT:OKMYTH
12DLkkvWWQVd9LqYActYshAgB49LEajiSzyzNjcnA3HbamdB:12000000000000000000:OKDOT:OKMYTH
1568siVZdNqvyBko1gcTE6YHU5cmpGkz6gyPbw27dmERoKRC:12000000000000000000:OKDOT:OKMYTH
14EsqCfMG8JEQpdwfwaScB3zu2uFT69Uy9bzwFW5f6ZsdBr5:12000000000000000000:OKDOT:OKMYTH
12qj67ZUHeAZNSmJmRvF4Hcv5frS1XBrkGgrYdyeRghXKp8B:12000000000000000000:OKDOT:OKMYTH
14YjayGwtkTgUXJsAyYmmiDpJbivNYg9nj8rTMHqBrwaFb8M:12000000000000000000:OKDOT:OKMYTH
14N6hoMoJ6PqQPUSUJWBzmR3RZFPkuf5xdVYUph5RRjpuTMR:12000000000000000000:OKDOT:OKMYTH
1E1Nb4teKkch2nhNULsHyLm27otUqYeu8LbQ1urDRwyoy84:12000000000000000000:OKDOT:OKMYTH
16RvLZavJ4JVEwFPro1wdQtrxSeZF46AvWwMFKycmA7HQLpj:12000000000000000000:OKDOT:OKMYTH
12zX27yFYav3DvvPCr6E4hwccKiSjXriy1FKKDMwBpoJ6iH5:12000000000000000000:OKDOT:OKMYTH
166Di1f6sCnpMhZF1CGNSBwNtjtzaeqHQAy7wjzDzWCdLuN1:12000000000000000000:OKDOT:OKMYTH
12byDfeR57fTy1TD3sCwrXcmWtHWwmjM8R2qPgtru2KZHrx:12000000000000000000:OKDOT:OKMYTH
12K5anAaqG9MUXHNZremYJWbTDFVQXmkKbjbuBhs1kTFLzxN:12000000000000000000:OKDOT:OKMYTH
12BexfMaXbTJEi9La379sxrvKtfdjyUtneBd1zove8jYS9Di:12000000000000000000:OKDOT:OKMYTH
124MyTwr1Vq7ugbGyKvvouubo9noTf4jqzVgJ58siCu32YTN:12000000000000000000:OKDOT:OKMYTH
14EMrxqYYBiMVUk7UhnNSuCubf4t5YjjM2iJr9bY82frCJgV:12000000000000000000:OKDOT:OKMYTH
16aVh1YHKyDKsE34yRuU7QXCiooK5u9QBiN2DVmVPAKrfqBU:12000000000000000000:OKDOT:OKMYTH
1mHhJQHUbopb3CAVtEB2aLoRbBwsZ1tJUmAQvwQRz6kAu9H:12000000000000000000:OKDOT:OKMYTH
1251nrQRr4GVUcJVg8PLjfCKE1BQmJML4iwT2PHWRF4Uoux9:12000000000000000000:OKDOT:OKMYTH
13quZGMr5Ero6ygUnqSPMnhc3g2PMo96e3ntjX6M5rNTa7Fb:12000000000000000000:OKDOT:OKMYTH
1vAD9fmTChK9XvipkvV5TEyQLktpNdm315qAAn3feqDWbrT:12000000000000000000:OKDOT:OKMYTH
13x7x1gvrUKbBqBh2AhwuPwZdGMUPgJUsif3ekvQbazjDJVk:12000000000000000000:OKDOT:OKMYTH
12xEUZ1Yf1BhT3h4qVQUeBCs626u79KxqNJXawyqUws1Br1K:12000000000000000000:OKDOT:OKMYTH
16VW1GyPkk7Loq19KsRumjKou5iHvDrsfED4BXLFx6wWqyzq:12000000000000000000:OKDOT:OKMYTH
14pWCVwzWFMM8zcvkftK3oBiRHyHf6GVEg459R7YiJEcdbfc:12000000000000000000:OKDOT:OKMYTH
12fV137YYp1jm5VqnBQAiFdnDwEHwZ2zv6bdPs1i5AgKW7Ka:12000000000000000000:OKDOT:OKMYTH
12swYT29MxMeRouqtVCzZWLAK5C168G2Jt4PYeNSiMQgQZq7:12000000000000000000:OKDOT:OKMYTH
13WPbcVGEdQhzmK9pjU1W5sohjr74weYxpcbSKxDTTAHqcSG:12000000000000000000:OKDOT:OKMYTH
1eEhQeJPaSw4j9SCt6LnwYnuo8u9NxCe9AHJd1jtTbgD9ac:12000000000000000000:OKDOT:OKMYTH
12tayaChnnnATmCfU5hrpt7Fgh7SCpp7cSoqZZTRABHvK66G:12000000000000000000:OKDOT:OKMYTH
13ZfttVzY2K5o35swoVff2cnKnDEJbg9WjzENNxTtEuJDfGZ:12000000000000000000:OKDOT:OKMYTH
13oyq5d5HgLisS6pAZE5eEpH1W7sZpGKhWtSAfvpKNDMxVRk:12000000000000000000:OKDOT:OKMYTH
13HFMQsBaAFsCLSohEGEteRTynkwQKMR2DUAi6eNhKpS7fWv:12000000000000000000:OKDOT:OKMYTH
14CUpZci4LzbqEpm4jGZEbCHPGGzq5a5V5bCe8PzWz1TNjyJ:12000000000000000000:OKDOT:OKMYTH
13K5gZrSXepC3pwFDjh1L7bTAAThc1Up9W2S856DVbdtPBeh:12000000000000000000:OKDOT:OKMYTH
15mQ3F7m3euYnHfLE4foswsWPpcih5LH1j9jrAgZCSrNoQ9A:12000000000000000000:OKDOT:OKMYTH
1YrAtQAPUxyE3VQ8FMn6rgje8kmgfj4VuwQKTS65VxfCmnu:12000000000000000000:OKDOT:OKMYTH
13R7zZsNvJTrxm1MSdLNu8grpXeBkGwnbuqM37Bczn1JQHwP:12000000000000000000:OKDOT:OKMYTH
14Hmj2C8hssoZ7XWNgxTq9tUS6NZka2KSviroFAoyVfbBk5Z:12000000000000000000:OKDOT:OKMYTH
16KvrwYh3HWk9mVx6dHCBEHmsvooPgkwKw649p8hEPwWMvB9:12000000000000000000:OKDOT:OKMYTH
12UDesU8dN93JeVmyhtGkwVv5qhNaiR8yPqrqmGtoo2iAmKe:12000000000000000000:OKDOT:OKMYTH
16DdzidMLynSxkybr96ZxMWu2M4dZLeZUQt53Dwr7cm4SRwC:12000000000000000000:OKDOT:OKMYTH
12N1fxyr5nTVfDDd1dQYCjgQ5myHMXD4dvTzc7DERxNGR14E:12000000000000000000:OKDOT:OKMYTH
15axRFoQQfQ9J2Juu72xgqPDdL8Kea6WY9sPuMKbBDCe2K7w:12000000000000000000:OKDOT:OKMYTH
15MjBxQ8NzbZzJzcQZj3X9vDSGcWW77TJKqSN5jxxbiycgQ5:12000000000000000000:OKDOT:OKMYTH
13uPc3pDCrT5E9HLzciCTmuqus6gfRLAfkqHsDNa2jFNSZSu:12000000000000000000:OKDOT:OKMYTH
145PadaVM3q6sUhkiba7aDCxRK7nGpF33TzhqLDHCyMK744u:12000000000000000000:OKDOT:OKMYTH
13mJzmpQsHdezzL1gopqwHisciDMHuPpHysZ1r2osYwWy3M7:12000000000000000000:OKDOT:OKMYTH
12p4cRbnc28GnVNSYgQ1U9JMbjfjWJF6aH1QCwY7Snzss3R7:12000000000000000000:OKDOT:OKMYTH
15MUQQQ5t7dxLbNrYPYt6GwzrrdQYAYxavqDp7a1CvMUkewx:12000000000000000000:OKDOT:OKMYTH
164pLe1kCQLenndTWAYQexuc7UChusMpMf2tuwXxsa2UdGRN:12000000000000000000:OKDOT:OKMYTH
14sErcbsZVdN5rqxPV5ygeCBCj62QKzXoDDrZtfBTaNVixG:12000000000000000000:OKDOT:OKMYTH
15dAUaqfcFEADtd7paYZgfmLejk2umBFE6hJ9vFV3ppNY3xc:12000000000000000000:OKDOT:OKMYTH
16DYJcwe6KkxwdB7UofKiJtuQGsjouoWZzpeKBd1CM1rucPg:12000000000000000000:OKDOT:OKMYTH
15XWDugCxHFGXBy1ZxLmfqC2pGLxwtvAKyVVQvoCoLGRFnfK:12000000000000000000:OKDOT:OKMYTH
14fhvneFYoNeaBs1hQyVYP6UGn7vw3dJTcv9aZiDAWhfBwoN:12000000000000000000:OKDOT:OKMYTH
12AoLT1v9CTEV6wSc9KXqEYtAVZ8Ar7vcr5btSJGxuH3aiYF:12000000000000000000:OKDOT:OKMYTH
15WEYCdtZ2Y3hqLjKYXafSAA8m7gFe3GH3eFvnQ6FswEpCwW:12000000000000000000:OKDOT:OKMYTH
12sb6RQhVo2F2156ktyLi5BjEdzqF2xbrmQQUSSKdFFex8Lc:12000000000000000000:OKDOT:OKMYTH
16VUxKv7MdJ7kUoaB7jpuD6n2prVfq16WDXYfn7n4yu6Zvt3:12000000000000000000:OKDOT:OKMYTH
12ZcXGTXD4zNpK9U3dLUbHpi9JZfFAVf5b5eujitC7UMNkRt:12000000000000000000:OKDOT:OKMYTH
13BrKpaeJaPoQSZzyiQQGmBBHsMLCrNFJgdptzirkYCTuAau:12000000000000000000:OKDOT:OKMYTH
14BixypKyCWihP353wieTRpdrUCUB7S8B4S5ZqxU1V3j4pSR:12000000000000000000:OKDOT:OKMYTH
14pQbUaL4PUNpRRVvmDJSWPVyKSN7REceGjp7PNMnU2MskJC:12000000000000000000:OKDOT:OKMYTH
12AqNnMVRvJCHy1QwUWc4wHwtNGGEex1mcJ3XNvohQ7NU6bP:12000000000000000000:OKDOT:OKMYTH
163fezdXNrGyvd7SZcGYC3skrX2E8P3VVxdsxDpmANXdbBww:12000000000000000000:OKDOT:OKMYTH
1aZHZhBtfD6Msk3XtEC2FrjsK1jUPs5C9GPS8R8NNNDW7Zk:12000000000000000000:OKDOT:OKMYTH
135ZPyLzpK3j2oBQwAJHVxBfPgMu8qnRvU5NQA1esCwAtSGg:12000000000000000000:OKDOT:OKMYTH
14i1DVB95F15cRYUdyj9QqEURGokSaBF9aizEPDbTX9Um7gU:12000000000000000000:OKDOT:OKMYTH
12AZZrJ77dY7Ye8hy4GtWKAeroNFWUngbTwgCGaqRmigewmU:12000000000000000000:OKDOT:OKMYTH
16hHKbTL1ny9aVyCG9n8WGCAmZmszSwduLNmzpLRPCs31in5:12000000000000000000:OKDOT:OKMYTH
1kXVKD9xVLcZmjH31FGu7dmfLQ5Aoqp6g7xsCDk3dJLN7dZ:12000000000000000000:OKDOT:OKMYTH
1gKRTEVUVFtbhovdqFDFXPELCC2YPmkHZJz39PP1btDbHG3:12000000000000000000:OKDOT:OKMYTH
13tCmEHyhvRezK52x6Ud1FCBq1tdPVHBpfPJHP3bCEy5DPpy:12000000000000000000:OKDOT:OKMYTH
1Zhwe6bM2UJLzN6gAtiiCXAbYdTKfDccvjaXxSGHvKGnweK:12000000000000000000:OKDOT:OKMYTH
12auDD1MzGRv569eav1XrTn4NXMN5LTsKWdy1Yy631zsunhr:12000000000000000000:OKDOT:OKMYTH
15dHHyJUM7dKdHDN39UxFRj8TaKWTTJk6BYVJD1K5kXeMz7j:12000000000000000000:OKDOT:OKMYTH
13sYjYS49EsxZ7duyeC9Q29Jc2N7yoWki8KoAemsokqx4EFD:12000000000000000000:OKDOT:OKMYTH
138yGq2bGUUkHF8csieZn7nRct2xGZJFPk98Jrdgbx5Xt3Yz:12000000000000000000:OKDOT:OKMYTH
16ZGTS6HiDRfkof7DfEFqSojKoRGJNwh4DeaDjXh3WjqdHNg:12000000000000000000:OKDOT:OKMYTH
12BhzkikifLRZXyppxvAFkKCwFVfuKvYk1bRvNjoM3sfcfyy:12000000000000000000:OKDOT:OKMYTH
14pKeBbQoqEQRGuocu7ovnspQTLeHRXQ3Ymjdz1hG2pVGM5d:12000000000000000000:OKDOT:OKMYTH
13iSNZUpMhpBQASR7vLhHt1ZPXb753P5P5vPGc86efb3r14d:12000000000000000000:OKDOT:OKMYTH
13oPyZmkCBaGjvHAejT8R7h2BmmJkhx7wwTEUtSSYGg8eAsu:12000000000000000000:OKDOT:OKMYTH
17htbZNJyVnt9T2hhDK5dvBBVh3ywmY7KsZ4t71hRasskxf:12000000000000000000:OKDOT:OKMYTH
16QM7RNsqrmJfubYGfHRj3bQp9fncp2VeBVng26TpkE2oujM:12000000000000000000:OKDOT:OKMYTH
13JcbT3pGxqAwovnUwTDFSvr1ErKpWUenAz5a7VRew7PbmMi:12000000000000000000:OKDOT:OKMYTH
12pYPE3K13FUHkyEv6HSJsZNV3NC5wLvXGkvDhb7HGFNT5dN:12000000000000000000:OKDOT:OKMYTH
12s5BtBjdxDu7ZwUbHuJmKTivNuYbzzvBDLGrRLwvZSSkQ7R:12000000000000000000:OKDOT:OKMYTH
154qnYmmdEDv8wJz1YFAnXg3L4MaEu3zVXCSvgod6sUgH8uZ:12000000000000000000:OKDOT:OKMYTH
1ooG7w1Xh6jAvYedoUKLnoaLCrpg49kffTRsDuNVtC7D95R:12000000000000000000:OKDOT:OKMYTH
15UVBYy8XKTn7k3YFeytgxHoqKvW5WmtPo3bht9xyLejEYr5:12000000000000000000:OKDOT:OKMYTH
14YvavFJv2GXMsSSggsgjuNHWsCpyEYuzPnFyVA6rHgLFAiv:12000000000000000000:OKDOT:OKMYTH
1LSGk82KUr6A88dKjyWa29e85yjXkbVb5bHpKRqM4T3uSt9:12000000000000000000:OKDOT:OKMYTH
1hZ2DXUAa1oGi7vAfRXD7CvjNdyp1Z5mh3CzYSyeJFWzs4N:12000000000000000000:OKDOT:OKMYTH
129JFxRPnqtPgWtLQyuvsiRgxSVaDtqurenrwBibxpQKgoBK:12000000000000000000:OKDOT:OKMYTH
1i1qCHDrnUWeGup53t98tNJEgBfGur3pBmHw1S2S6BNvX9S:12000000000000000000:OKDOT:OKMYTH
1dmpMYLToftY7wDEagvz9NT3wSfCZQsgN4ekpt8zidhca54:12000000000000000000:OKDOT:OKMYTH
122avQJoc8gfC1UKeutmzA1bHUCVtUeK7vhRdPgPFvKP4M7A:12000000000000000000:OKDOT:OKMYTH
14LsuiuHxCwigap9wHgaeRNAaGyUdQsT5fPVMFYuobK6apLv:12000000000000000000:OKDOT:OKMYTH
14Kt2xh9ZpqdM2613HWLkVpizagzdENz5DgqcGx7UTYnMoWM:12000000000000000000:OKDOT:OKMYTH
1yAy71BRTiAbGUkeuXxCLnmtDEexqyTRXU3voADesxKV5hr:12000000000000000000:OKDOT:OKMYTH
13XWVSShyY5Bk88HynmfRsyneFNWZ3EE9pMqNPS98ssK7dTW:12000000000000000000:OKDOT:OKMYTH
14nVo9nAUWzd7FanRoZAzV6RNgyh27jzRzeWquxGzt9Mcvxp:12000000000000000000:OKDOT:OKMYTH
1qcA4vJHFcf58hx1QTLnWFU2v85dVGzpsuDgkQC2CDz3mKE:12000000000000000000:OKDOT:OKMYTH
16MwH5hC9aAXG2WXo4M51woESzMB243cASpHGL5V75ryedFj:12000000000000000000:OKDOT:OKMYTH
13YUBn34uZEoZHnL97jE9fh7TDyX8o1n2UNB5xahS2DbLtwX:12000000000000000000:OKDOT:OKMYTH
13gCDZXRe6z7ccH3pEuzYa2xPHEDgizVfb4TfZ7QBkRMjsfq:12000000000000000000:OKDOT:OKMYTH
15MMqN4NCVkqxGUaz148PYFxPaac8doigRe4aJcvMi9ouVRF:12000000000000000000:OKDOT:OKMYTH
13u9rX4p9y222TMVKEGwry45ZPKcadvBdAZqJZ3rta7gZc31:12000000000000000000:OKDOT:OKMYTH
138pmZNz9NZ5E6TCbKvLdq8aWYMyP9r5T3tWHZ1D6wqUueXZ:12000000000000000000:OKDOT:OKMYTH
1dCRih8arWhiGhP16yc42rF3mwsF8W7T9jj8x4B98ne7PVb:12000000000000000000:OKDOT:OKMYTH
155GHMjQ69UQZk2hKSrbhVkgLqMnEpjju6fudGPYMQ3wfiXF:12000000000000000000:OKDOT:OKMYTH
1nWC5UW1oEz2VPgZNcgjcv1DrGLj9HC9w4VMVeY82sjJBcK:12000000000000000000:OKDOT:OKMYTH
16jyeCex7VEtEpuaRXRE2GP7uk4zo9vFwMrEevc7qNPXWNEL:12000000000000000000:OKDOT:OKMYTH
14Bux2wJcifaNmK5Nxyo9TmfgMvxvC9xcP3AaT8vLNreJ5Fq:12000000000000000000:OKDOT:OKMYTH
138KucRxJCZQPC7JQXTkaiteZ2ERCVk4ZzvqqtpmFdGAna6G:12000000000000000000:OKDOT:OKMYTH
1mftkKeiciGtgY844N6J2MKAAwGF2oswJrYrekeXN6U7T7e:12000000000000000000:OKDOT:OKMYTH
14koxjwfZTBZp7N5Z5GKErVBdhRE9XjJKY4U7RPf7X4ctoDt:12000000000000000000:OKDOT:OKMYTH
158E1vhSJo8kcJo9GBpaEnByizqu389kUuuDCvzstVw9KbGm:12000000000000000000:OKDOT:OKMYTH
13wkdhmgCt4LjibMFkaD3KQCaqexzVETuUzunQ4W3zngcSgv:12000000000000000000:OKDOT:OKMYTH
1vnDNRzijFhca6qinS19ja7etZCn553gYaiwjvGQnNENb9E:12000000000000000000:OKDOT:OKMYTH
15KWZW9poh8EotFdjx7LzdzNdMDq9FvQzhSPgxgDUuviRxSH:12000000000000000000:OKDOT:OKMYTH
1K8cuzG5vtyaT4SAYEFSEDPc5SY2XHNE7nEeVdMBX7yjacf:12000000000000000000:OKDOT:OKMYTH
13ArV5j9pzGtYUc48w95qvyq3j5NERqM1ej2H72yo9j9nsBM:12000000000000000000:OKDOT:OKMYTH
11rnTimebvS7RsUGsN6u7N6sR1gqWtXiUVLG9nSeSon4Q7K:12000000000000000000:OKDOT:OKMYTH
153PMpZJg96QLQ5h7h66TLpXWpvEFa2WmVo3kkH2ASYUEqGj:12000000000000000000:OKDOT:OKMYTH
12s256RMTyU2X4NbMznVqcX8FmoFrQ4ouxSWmv72v67UJrhx:12000000000000000000:OKDOT:OKMYTH
12qmA6Sz8CzXxP4GpgyfacHCFWnUGzJi5dJCzkZGFFeD8q4q:12000000000000000000:OKDOT:OKMYTH
13C5KibXftijVoMipt2iFHR4PwNZTmF198gEbL9BsCwsNwLP:12000000000000000000:OKDOT:OKMYTH
12JcYSgnnEYx8RMoX5md9TaNZBwgNDR6VgUJVkfE6DFexxD6:12000000000000000000:OKDOT:OKMYTH
1btqzZNHYnicp4rphqkbNvWTPsC2EVftsZ7SsK7KweeMQ8P:12000000000000000000:OKDOT:OKMYTH
1cxKFE7D9pauee8fXumekr2ibUr8m6eqNkuke7DAq5UX2GW:12000000000000000000:OKDOT:OKMYTH
14oQu1ZVNhdAxKmGSP6ua4wA63VKaGRUPW5g9LpQQcgDJBsb:12000000000000000000:OKDOT:OKMYTH
122J3FeSLeJP63NcHT9RCeCkCY6CY6BRdUQWzadicHqqhoD1:12000000000000000000:OKDOT:OKMYTH
16AyMoKBjMeKt8hBYfozvReYs54K7wtSuMcbcKtPnwchD9Rn:12000000000000000000:OKDOT:OKMYTH
12d2zVxKQSY3qKDGK6eqx9TWHcqpz6JE2Uq3wehjduu8FBUq:12000000000000000000:OKDOT:OKMYTH
13J4rMLgKzwG6HkuMFpL8JWrpusrgPUrizy1m7nxChDPjczu:12000000000000000000:OKDOT:OKMYTH
1sGg6vGHev33Fy2YDV9uxWM9wjnza93Q8wU4TCduryVsetc:12000000000000000000:OKDOT:OKMYTH
13bzKYLm8Qm5o8UZMzaL3c3ghKDNX1jCeZwYcY9AKcaKBD4y:12000000000000000000:OKDOT:OKMYTH
12CJBzCPXhJyA4ip2gGADUm8wZ2fcwZ9rEgpH1ey5toMcSKP:12000000000000000000:OKDOT:OKMYTH
16Hxr4aZTuP2QL9KF7RFejohM6VyuSLxPe8vLqWDoBa6RwZR:12000000000000000000:OKDOT:OKMYTH
15JDAVbMJik3Wzt56eDiztx23fhmDha5Us6gY9j6Wu3ggcMt:12000000000000000000:OKDOT:OKMYTH
16RJPR9gpdgFXXs7GwZmVuWHD1zj8R7wZYgzeEBuDNDQPhxw:12000000000000000000:OKDOT:OKMYTH
16mQrvMcfnRmx6d33P1LiM1hccVrnEUAfqvHmb8Qq2bZBoN4:12000000000000000000:OKDOT:OKMYTH
13mmeuCaooWDgbVXugfwY5uJHoybjA6fGft29zWfeFJxDDGH:12000000000000000000:OKDOT:OKMYTH
14xVuGEzWbg8qpAuWoGDU4asprMBLv6pnxSj4sNZ9K3S9unj:12000000000000000000:OKDOT:OKMYTH
1rgUVXGStdXsXda6K2DmLBqsDC1gqNwWpVgEYaSkvUG2tDJ:12000000000000000000:OKDOT:OKMYTH
13F5KnzVncsquMYPDqhL9jH21YjE2ZZyhHaHNFUGyTDRiUr8:12000000000000000000:OKDOT:OKMYTH
1bGXadiWrCHhqaD4EReuj4QZSbuCFizYaLZWFEV3mVu7vHY:12000000000000000000:OKDOT:OKMYTH
16b71eYw9gMmnPFRyiugjjrBZ8wMtLrxgSZHxtyiRYhoVMjz:12000000000000000000:OKDOT:OKMYTH
12qsqqDpLFTrLaBKezESuTS6puABCgCyW4XtRsBTQYMvwuM2:12000000000000000000:OKDOT:OKMYTH
135qFnbW3myYhkiD9jEbBjUwvwNg6rpaoc4CgF2N8VBHuUa3:12000000000000000000:OKDOT:OKMYTH
16e5WDFMSg9WBZYbJziyArsJDxXoKYwP1XKGUTNx81TkxXJ1:12000000000000000000:OKDOT:OKMYTH
12Y8WKkmkJ9VmUbSHfTYaidwRNRy3m1SuAUaFgQb1c1BDjuQ:12000000000000000000:OKDOT:OKMYTH
13rBWbe9LZd6iFYHNXmyeQpTC4MsZFRi1T4PU83hFAFaGqxE:12000000000000000000:OKDOT:OKMYTH
15duMa3S1JEf5a72RCq6TbqNTkrnHsmSRNNtEBhZhYVn3RAn:12000000000000000000:OKDOT:OKMYTH
13YxdAhpjnRwjS81FAcbCAqe77vi1Jmtu6ehcS9LnVTkr3xH:12000000000000000000:OKDOT:OKMYTH
1mpqwWNcwfyQVKUqVuMCaz3hLeaJiXdZRmhw5hgEZckpB5E:12000000000000000000:OKDOT:OKMYTH
12xChLSVT2mjti3ymkn91wUkLxzqfnfoLKW4AxKn8DrX1fdD:12000000000000000000:OKDOT:OKMYTH
1M21hPLJRFRkFL5dfR7eUvpKPvBu4pAEEDWxwv4oevZu7Nr:12000000000000000000:OKDOT:OKMYTH
16JDhNxeUVWKSYqKdLMhDVoAXEgT3XmToiQHVTU7Nn44YFie:12000000000000000000:OKDOT:OKMYTH
136dH77hojBV9WYYq5LPJgELyLSPbewjBB9oRc6SjMjoFQtv:12000000000000000000:OKDOT:OKMYTH
13VzU7o571fKfDASsP9QdPunjNPib2kJcLLLEMbhRkKVRdV8:12000000000000000000:OKDOT:OKMYTH
1kZabBbqanV8xFFVhVaYByY893K3bsWMctbifEo7r1Bdyzk:12000000000000000000:OKDOT:OKMYTH
12hSwpCWdDzaedY6gajrmsGGyGMBBvomcqVpqygNXRrifBGA:12000000000000000000:OKDOT:OKMYTH
14GvPwDfkwSYxo6iuitGPati4EKYSZCaDioWSQ5Je1XMPifS:12000000000000000000:OKDOT:OKMYTH
14iwtFey6ej3gbXp3DJLeNh1dmAwpR6JDCm4vfZzrfM9dr6V:12000000000000000000:OKDOT:OKMYTH
13NCLd3foNpsv1huPDzvvfyKh37NEEkGFotZnP52CTR98YFJ:236000000000000000000:OKDOT:OKMYTH
