12Q7SKnmWYECZeAFJkGtH1uTRh1uV5PzCYedTXr1xD48X7jQ:12000000000000000000:OKDOT:OKMYTH
13PDNJr1JFj1WD11DYqJmTp1Ly83AmrgW5q7yGDnbwdSgKLU:12000000000000000000:OKDOT:OKMYTH
16YDKX3Zy7cV7Y92s8pFaFxJLURy8Lds68a9D7v9gVKCjJ81:12000000000000000000:OKDOT:OKMYTH
16696hA1yfejz9jXH449fqfG92jEijaieNDHvDKHT6b2Ja73:12000000000000000000:OKDOT:OKMYTH
127xX13D54MDG3RsiaKHYbMLe9JiQrPheAG6422TWGq1xXmw:12000000000000000000:OKDOT:OKMYTH
15NcaEym6jMZ54ApEno1QAWmPG2LDf3NcQXHRKHV6bN8aMEs:12000000000000000000:OKDOT:OKMYTH
12QKNq2wEjmWCgSmqQTAuX2Z2TSq5oHNMA8wGDFdPor83AXd:12000000000000000000:OKDOT:OKMYTH
15GM1pSyHwQbTH9aYM8pnxm3HkuQi4zpvcQZGQ9JZWvLmrrM:12000000000000000000:OKDOT:OKMYTH
1qVf74T7ziF7o3YiZrZd5FTgUQin8rTWi5Sw2Q4LHytRs1W:12000000000000000000:OKDOT:OKMYTH
12bWCMpux4iigcChDARPETxYE6bxHQPXDqdM4uhjSyPddnx3:12000000000000000000:OKDOT:OKMYTH
1x3hCiGkJsb3DHeT1LhgwidUmbjEHqjaFYMTtAyCmDrSJc7:12000000000000000000:OKDOT:OKMYTH
13WCYYAUbLeA7xQrggvwJmy6NMk4oFE433TQFC3cP9qj3Eqx:12000000000000000000:OKDOT:OKMYTH
16QoVEeD4X8crnvBVYTeZ6BYf5VU4ZW98Tdqi3ZHSYwb2xoD:12000000000000000000:OKDOT:OKMYTH
1WPcmLDPQ5BZj2TnNJ6XrpE3LvhovhfAoaWhR68keMPfrea:12000000000000000000:OKDOT:OKMYTH
132eu4y3TeiTEynRLA1fDNjhhHxnGNRKSTYVa3rE6fb9ppyh:12000000000000000000:OKDOT:OKMYTH
14wSQq2srzWoC1jNrhgGWmyKNEmAVoxeADLTFg1XzywgS7Xc:12000000000000000000:OKDOT:OKMYTH
13g15bN8rqAurc1HMv4j5KJqzqkiLqpVWY5wDnKP4e7tWDJt:12000000000000000000:OKDOT:OKMYTH
165sQyTf6XDQrZQSGFZJAnPnp7rYqWUorH2mTUK7gEuxPmmo:12000000000000000000:OKDOT:OKMYTH
1pw4fHiSUbNjkjxkydMR1yQY3e7FE2W7gv2ToCJvenXaJH7:12000000000000000000:OKDOT:OKMYTH
16nYRy7KimNpQ4uAvk1fqwtLCTV8KNzxvgPZRr926ZJDtoVH:12000000000000000000:OKDOT:OKMYTH
14tmaw8dGoct479xYcZAEL9XPsJkaFzhYYR1JFBmr6mhYB18:12000000000000000000:OKDOT:OKMYTH
1NGw1KTFneaG1BN7RmS1SJxZoSpnhu92Uc9wYfdZc7SMDNt:12000000000000000000:OKDOT:OKMYTH
13gf91AaQtiDddPnt8nmcDa6Uw4qGA6xqgn5zz8RHMBZFvZj:12000000000000000000:OKDOT:OKMYTH
14vvryFmJSLXbfzxRvqez82RAcGeDM1YwzQzka9PZgU7r8Cg:12000000000000000000:OKDOT:OKMYTH
1SKhV51PrGN8kMwgb6AU4KnesmjiPck1bUieka3evxBoQzj:12000000000000000000:OKDOT:OKMYTH
13fducpVyqzHuUMvDGtcsaTfk5Xks4CQZpJHm8H6EEd6HKte:12000000000000000000:OKDOT:OKMYTH
12djwGbUUpWF1VDW7H2fe5FCdBwdEvSXCUvQpEwYXFSzWyHY:12000000000000000000:OKDOT:OKMYTH
14JRtAGX8fTiCBJddJrxfTKj6HKfQfFJv5NxnVifJeTtk83o:12000000000000000000:OKDOT:OKMYTH
168hHv4VfNAFdaauRh7DV4m8yR7wm128AB2FyPJgVmMpz3rf:12000000000000000000:OKDOT:OKMYTH
13KcHfgmiSRQPEgkJcckUbqRKs2DdUdXRUPah2kSTXtfe1HN:12000000000000000000:OKDOT:OKMYTH
13B6dgimj8CLhT2bmbbnYvb7JbipaVkm6HXUCZZLkhkZyQqj:12000000000000000000:OKDOT:OKMYTH
1Km8aQn3qt9o7sdC8ePYpwSXSwi4dhZbTQBLod8ZpHKTuoM:12000000000000000000:OKDOT:OKMYTH
13k4gKnXZ7bjN85PiD7YV45FiXfmpMZEjDyAWA7k9daVaNoF:12000000000000000000:OKDOT:OKMYTH
13zpUfRfd92QSSNhB6Rzt72FW75mC8aZDqR1DRit29MKxdQ6:12000000000000000000:OKDOT:OKMYTH
1FVYMevvhFN4QarqDyRWnw42AtF1SbCSY9KKvobUo8sQSt8:12000000000000000000:OKDOT:OKMYTH
1KRqCqDemSBz4ap9agN8my2XAfMXXujgVMXUe3E59UFSsUb:12000000000000000000:OKDOT:OKMYTH
1Mz49TDG5kJV5iqyurV6QoAdmCV7TCkEjWwQEcAdAao6Dxi:12000000000000000000:OKDOT:OKMYTH
15GmF47oQiJvLkXcgbh1RVoybkaeGTiL1G2tzFvHdbkbFAhK:12000000000000000000:OKDOT:OKMYTH
129DkDP1sF1WCko1VotwePwct7uMvPFLZEhQBf78UvTg8AP3:12000000000000000000:OKDOT:OKMYTH
15Akt35EZEbm4gKnPC4qpq4e6E8AmV85Dzro2QaD2rxU8Tf8:12000000000000000000:OKDOT:OKMYTH
16S6DZsCNrdb1szoVoVPCUHdmtLVYn1Mai63ohffmyCDqjwG:12000000000000000000:OKDOT:OKMYTH
12pjqm2xF2cJNGhvzMnW73QL1rswrbaNRUM1ZtfYzSurwCJk:12000000000000000000:OKDOT:OKMYTH
13byzKpHRmt2hR3y8b3jstN6GFM9cTJvaknZoJsg2EcdA2Lp:12000000000000000000:OKDOT:OKMYTH
1Rf85BZwGrZroFs7hmV83MdQPpzuhamVwVFyqbSCwsBeoop:12000000000000000000:OKDOT:OKMYTH
1TKnf8chmTGbUQ9C6oi85cZM9fGZf4kSs23FUxvZQYvowMg:12000000000000000000:OKDOT:OKMYTH
12CYBVspSnqKXz6ReNMpc69C59NTo33QRkf6ktEYM2C246mh:12000000000000000000:OKDOT:OKMYTH
14Smk2Y3hEBUqPu6Y28cM1nMSSB8yipx9M8U1mZqnaDtMkuq:12000000000000000000:OKDOT:OKMYTH
12KpnzHhPFq3tDgdZMh5pHCvbERdgFtuYQXvgj8L6tcq4Gn8:12000000000000000000:OKDOT:OKMYTH
14BG8s4fLvBg9p6GX6UkrWSjnxpTJXKkoXaEpfhRstnNoUpD:12000000000000000000:OKDOT:OKMYTH
1wYRuf3X6sueKPuZpLRpBYds2roTz2ya442DKzwYvc185h3:12000000000000000000:OKDOT:OKMYTH
14DT4KHJ31fiRUbbF11eKh1v4cPcRpBuLqwGg2PJJZCGPUKb:12000000000000000000:OKDOT:OKMYTH
13Vd8qs2VsCLYpkXJ51ziWZyh9eDyxhVFePFuwotCjYZWfen:12000000000000000000:OKDOT:OKMYTH
13kcqH3jdBeC4RykKzZoE7MpYXyzGe7gw1UYB4wFrjS1NyCd:12000000000000000000:OKDOT:OKMYTH
13N86zXgShG9JR5aXdc2fuJ75WPkpTxGP41QF21xMZSkyVh9:12000000000000000000:OKDOT:OKMYTH
14crJmqxEYyxDGSnt8LnKPrNm92GW21Wea2df8SF8pgKWu6L:12000000000000000000:OKDOT:OKMYTH
16LLMDrezXFztwfvcaUPEe4LRsnmSKs7YawT9P2PrizwwFmR:12000000000000000000:OKDOT:OKMYTH
13acfFzQgrUkvwtUgetF1ht6VD1DQbPmpxFwxtXZpoU5aHkX:12000000000000000000:OKDOT:OKMYTH
14KjAPDdaoBZXwL9mYRqpbufDY9uYCvJppoeiWBz31wgp4CD:12000000000000000000:OKDOT:OKMYTH
13xCQLzGjbc7krNn3iDKVtexS57pw1Pq81UHt9gCmoom4Ri2:12000000000000000000:OKDOT:OKMYTH
1ddgnkKEMYPFvqM5FVE8taQwDKKd33AZDD9cJMxCpMLCbAm:12000000000000000000:OKDOT:OKMYTH
121obHUKSbroxRNU4JdeCC4KMgeAb5tvMMctPGMYKnV17ssE:12000000000000000000:OKDOT:OKMYTH
16Y69JyhbzMKChidioWBEW45Hzov4XkH7DEDkioPTKme4UUp:12000000000000000000:OKDOT:OKMYTH
1PwWV4XtiPPA8DwH68vV1ie7LdFSE42EDb1tYRxt9HuppzS:12000000000000000000:OKDOT:OKMYTH
16AxKaKEJhFEYVVETSgqUUzVPe4iUjMxqJ5Z61vdtB86S27Y:12000000000000000000:OKDOT:OKMYTH
14VDoveJu3VUp5aB1iUesuTdcHUQFWNNT1mcvNBMwgFzcZNG:12000000000000000000:OKDOT:OKMYTH
15h3uinkxWUVho29bBdZuQECjZ9sGg1yMKU67embtJnXi89H:12000000000000000000:OKDOT:OKMYTH
129K5FcFxs4YPuBEF9ZuPZA9hoiWUZRrZYyYUtc8yzR2VnmR:12000000000000000000:OKDOT:OKMYTH
13kKSJUMy6dHSYY5WzQh8P6MUK2cM9uCNU4HXYmwTEpJYJY:12000000000000000000:OKDOT:OKMYTH
12JdGYeqgMCAJ9756wboeggnMSEt4VrGm7yfnHxpHvm4H2N8:12000000000000000000:OKDOT:OKMYTH
16Sk3VafVU9y9BByErfKu4CiBTerTUym2SovqeEL41pHymHt:12000000000000000000:OKDOT:OKMYTH
12jwS21ivWZrWFut6B3VoFAng4EgAQ9zbmrinYErTtjCkGbX:12000000000000000000:OKDOT:OKMYTH
15uVxRA1XdYmnBNEiQc1E5s8Z8rchNEEqwWcAGwBUNAbYsgM:12000000000000000000:OKDOT:OKMYTH
12jC2UrekPGPrmnGHhTJ7k5CW3n6N5sNR1MqfBaTCYUL5gd5:12000000000000000000:OKDOT:OKMYTH
12vA5ciwdJJwxRpvzpUZXwFW6Unx2gFQSvbUddzcvLMtoT5E:12000000000000000000:OKDOT:OKMYTH
14yPVBYz3SGqR3JQGXBZqSr7fwoeN7vVV77qiELZhTUeUpoN:12000000000000000000:OKDOT:OKMYTH
14SaCbQgDexzG9UoHfZifhuWvMpuz2RC8s3X5J8v7KtMr7G7:12000000000000000000:OKDOT:OKMYTH
15YWQXXfoLFgVVFnHhBZWxUb2KkrRwXQSLDKLDkzZuEEuLzJ:12000000000000000000:OKDOT:OKMYTH
145m1V7YmyhSZygLWKbHggveDx593Kp7Q6DnVnq2T3aKqm58:12000000000000000000:OKDOT:OKMYTH
14av9gsc4Rttd1Xu8Jj5VEgxcHUUp5dvRRD6bBYayZqEocDn:12000000000000000000:OKDOT:OKMYTH
14GejJHREF5meyfJNRZozY2w39aKoHZkuYs2HHGG3d5hytVn:12000000000000000000:OKDOT:OKMYTH
15Q2mhWnDT1t7xu9yxvKfLZXe72iGHJBjMnkUHx1V7Xsje2q:12000000000000000000:OKDOT:OKMYTH
12m3z6DRPkyHzZwcAVrJrbphHuDRwT7UztBaMgwVB69ZRNdf:12000000000000000000:OKDOT:OKMYTH
15GaGgGVikBjd1inyGCJ3FnRmeWLy3D9PtDyLxq5Deqsj3dg:12000000000000000000:OKDOT:OKMYTH
1LtSeXMY56MHVFgNA2Dy8hE47zkM8QerjsSPXeoZht2X4gZ:12000000000000000000:OKDOT:OKMYTH
19kC8vydizNMPCXX4DbkP68DFs6UZCJrLFsxPivoa9FEXNq:12000000000000000000:OKDOT:OKMYTH
15JACaMu7DuexvCs4wn6igXpT6CBVzuDfdSjRJBAMRU7Y4xD:12000000000000000000:OKDOT:OKMYTH
12q2N5KHe5sTB6HKsEZiJs4JT1LjDUAgR3WdLQZPjUjp963T:12000000000000000000:OKDOT:OKMYTH
15zpDnf5GrDsVAn9g77fELY31WwZ7PLiMqaY6P1B2xH3iWWE:12000000000000000000:OKDOT:OKMYTH
16Jw4BWedeoJhjVy5nzUu4CTEjZU516NBUjDY6NxcuaWvQyW:12000000000000000000:OKDOT:OKMYTH
16NBJ5RdomZrgMnCwnEkFUXFaCZXFMENEJffs89meie6rd1w:12000000000000000000:OKDOT:OKMYTH
14GRWQAsDKug7FpoHWF9u4HZoHezni3iEkpT9SThd7iZ4LEM:12000000000000000000:OKDOT:OKMYTH
14W2zCBkpm8WBXoom4vh7VotX8vKuKsdRiEGiCfYjbKuxawB:12000000000000000000:OKDOT:OKMYTH
14iNgQP6yRGHithmKf4vQjDDm3PQtePguJn5Lioo5iWBgVjt:12000000000000000000:OKDOT:OKMYTH
1WsAR2KsoxHAKfACCJHYmNZPsdiNZuB3YATkzBEMDkSXQwC:12000000000000000000:OKDOT:OKMYTH
162KjXJAHsPDk7rbE5Qg6emD8dPQ1aLSGXEmYweEJgEgXskp:12000000000000000000:OKDOT:OKMYTH
16QEN6Z37gc9wpM1m9HEqVY27fPf9SYJ726WAyF29HqL3qtv:12000000000000000000:OKDOT:OKMYTH
13DrPLKk7t6GGzn2qQ6cT6LB7LJEHVQFoo95WXdGE7TPrRmz:12000000000000000000:OKDOT:OKMYTH
127sz3DPtU6HG1G8KXS4QyuLg1xqnLeT6TLWpY4rSfi1NA8U:12000000000000000000:OKDOT:OKMYTH
1TUTPgqk4wWtay57LG9WkACrqk4d2hGqtZbZoFEivarnSng:12000000000000000000:OKDOT:OKMYTH
17sWd9FmremW9L5oQSG8gSDqYmmVBnrzZYhUUGnYz2Jm7gX:12000000000000000000:OKDOT:OKMYTH
1getDNwh55QRKUvdQA99gg25YcRvmBXe8hj6H5VkJbQTWza:12000000000000000000:OKDOT:OKMYTH
16HYsfyPr5CG7NGXbKnecMN75sxNyMhTfk2fuo8qUKSg2DWh:12000000000000000000:OKDOT:OKMYTH
16gppbJEs3X396nWt7wjtBpHNEQ8ssee6vqxYXAUCp6D1dec:12000000000000000000:OKDOT:OKMYTH
11DGpGUMWFBkUwbQ1H96Lt9oAVZkHCbUeYjVi1Lf6ykdZMc:12000000000000000000:OKDOT:OKMYTH
16GdSrea2yVDatm5Jk3Sm18EXLj79JBGfCUU3gdfAbFPwkvR:12000000000000000000:OKDOT:OKMYTH
156aJo4B6x8MveiaDBVE6s3A8c2joCS55tT3jmdZRfaXUUsL:12000000000000000000:OKDOT:OKMYTH
13brfzFg4YB1zrDeDR7SUeuJyaMzM6HNtUjmzaFcSbGczX27:12000000000000000000:OKDOT:OKMYTH
16DaJ8Ss852dr9hdWicsWKqda1LFN4s4LKRdyS3tbMPm356M:12000000000000000000:OKDOT:OKMYTH
1uF24573NUYkYpVZYTckum7vDj66cLcN9PYc1oXVZXcYkje:12000000000000000000:OKDOT:OKMYTH
14Vk1TNcmLuPiH9acjmG33mcHsD1BBT2P249255AfVxchdCj:12000000000000000000:OKDOT:OKMYTH
13RfJ2FjVGpFTttQoVZ1kLUcYvRnNNb55waCBGAm4Up38sCB:12000000000000000000:OKDOT:OKMYTH
13VJUWH6xpBHfELMRNVXrmK8KDuZZpGz13gBZm56PudrvzA5:12000000000000000000:OKDOT:OKMYTH
1wn577NnP7ihLPkUZ1xE5brZzvB5H3v5LKLrASzN825z5wj:12000000000000000000:OKDOT:OKMYTH
1aFSt719YNcrNfeRKF7kezuEyAJuvU3Z9RqMQTQ1uqj9n3M:12000000000000000000:OKDOT:OKMYTH
1nsFkBP1SxHgR9u9pa95E9DshKEMrcSgJ9g77Cj8KqknHyC:12000000000000000000:OKDOT:OKMYTH
12EnFpFYjfrLUcSQtDkxzp5ZTzq1tZUkRdxCsazYcFDpjUgs:12000000000000000000:OKDOT:OKMYTH
12M7MGW4m6vcNnKEgY1agfntFEaqKiKfb9UegSVWizMQn5hd:12000000000000000000:OKDOT:OKMYTH
14doDKPorqWqnSxdM8x3n2z61R3XxjoPX3bukvzqyk6ZNzNV:12000000000000000000:OKDOT:OKMYTH
16e8sEToSPT1LPqtBSjCKM2oTdVERtuwFPvTPuTDxNFmk57C:12000000000000000000:OKDOT:OKMYTH
1XadbCn5voTfubJ43bXa7yZD7axnCjXfztTKd8s7X7cZowB:12000000000000000000:OKDOT:OKMYTH
12EKz6WWkdjpRrsrKbkxJ68T1ADEWLsEGfeeWYrvWHRfMW5f:12000000000000000000:OKDOT:OKMYTH
1VhLZrMgMPsfdGjHDa7YLAVub6QcLdGhTbh74kyHujZQ99p:12000000000000000000:OKDOT:OKMYTH
15nCNxVLUUv7LW5xnxhB51Xu5ep2Rf9hSc4AyFUpGWrt1gTV:12000000000000000000:OKDOT:OKMYTH
1kUESdg9vXorRMxMqE7nCC7yU8JV49rkpQUcZsLMx3hjxQe:12000000000000000000:OKDOT:OKMYTH
14Xcx11qnRjSy6CjbaTiaZuirFqrYSQEhzXSZcWHNuaU8E2s:12000000000000000000:OKDOT:OKMYTH
13NctpgsGyWjEwCnn8LMEu1FBXTpW9BqjoVZ2QDwPdcV8MHB:12000000000000000000:OKDOT:OKMYTH
13ibLUmWNSRaMobpQxJFfTyggzTwBrb4dzpvbLXrP7y3MDJY:12000000000000000000:OKDOT:OKMYTH
14xD7D2b6aZahKp6kjibEnfs5RTsptLCBS1DLhzL8u2tAwYP:12000000000000000000:OKDOT:OKMYTH
13W8FyJrs1ioAf2r2H4dpL8xnh1CsQ737nSvCSHE5pD3GFPG:12000000000000000000:OKDOT:OKMYTH
14RD1u4yZs2mMLoNRGcpQHYHzS9fPi4xGFKPj4E75XWCZZMb:12000000000000000000:OKDOT:OKMYTH
1dMDcZePgK3N9yCQk2BiNAcHZuU9fjqQJkNLUfMuiVxDJiT:12000000000000000000:OKDOT:OKMYTH
15gyDHByxQvnxphadynNzmG7zBZ9NVx7Rvbr8GqEp58kKF3r:12000000000000000000:OKDOT:OKMYTH
15vA4GDPMKJQuyWnqQ8ysKCzR2TGckTGuyHBUWQfhJFhHzsp:12000000000000000000:OKDOT:OKMYTH
13322WJ6LgBnCX17yoSYYriJAbRkVpyRwKoqHMfkZNPhi5x6:12000000000000000000:OKDOT:OKMYTH
14SgDQmhuLBJPDpsB6rmBahsHx4LRieBGT5cYyBn6S8hLCtn:12000000000000000000:OKDOT:OKMYTH
13R5MVpWvfoQSmvsMxoVEyerSRGHNTUXK35auFhsGys1TSBd:12000000000000000000:OKDOT:OKMYTH
13MTgYcnUCpNdjHSm6uPAJLpsJ8DkD7jjNBdPyT8nnDZDvY4:12000000000000000000:OKDOT:OKMYTH
139rYZZkDSzVmLVkpYAvmdoMPi8XF34rhzBtoPfgxLfAtyke:12000000000000000000:OKDOT:OKMYTH
14eixC67AY9ET8yYs6M4E1vHX9c3eTY74kc23c46Urat8LtU:12000000000000000000:OKDOT:OKMYTH
1eQdU72uCKLPueevEYNDR36ZkWQ8a3mq4snBH9fYriVXdX4:12000000000000000000:OKDOT:OKMYTH
13p26uBYNYz96MPZy2CxKsY5xG5BSmh5xjtrEP7iFNG6dhUT:12000000000000000000:OKDOT:OKMYTH
14A1XvgJeDYKW1xmvXTcvoaz2pALh8E6epZ6T8CHRfpNQhLc:12000000000000000000:OKDOT:OKMYTH
14jHbpazFgbwQj6j3YYDMaFgSwojsEkXKem2Ph1KCM2xtUTh:12000000000000000000:OKDOT:OKMYTH
15YCNwmTbG5jF5HEXxsYwZGqCPLP12Vt1tKeUF5fi9mmHtQt:12000000000000000000:OKDOT:OKMYTH
15v8nbZnWUv7rpTxeejqq5tpBUfJayjxwXf7Y4jo1LdPDtzr:12000000000000000000:OKDOT:OKMYTH
1o3yjJaQvUEbWXx2ESisTbwMsFppq2d29c2ScjJrNMAwv2Y:12000000000000000000:OKDOT:OKMYTH
13FsZ5xZt5C76TVYyiqihfdPjcWdxDccovQuXZ34hdsPzrwt:12000000000000000000:OKDOT:OKMYTH
16ienk6hYBxT6JYtU4uwMBJ8Z8NQfvK5DtppaXHGtjjQmoXe:12000000000000000000:OKDOT:OKMYTH
15Lj9YZDZQfiZHyM7EJAbbbn2i898RPTjDPvcwEK44J5a45R:12000000000000000000:OKDOT:OKMYTH
14WAqWVm72A9cC2Eso95kcZgDZYy5yn6KK4z57S6v3wHLQfH:12000000000000000000:OKDOT:OKMYTH
16H6UUdhTm49EkJAgCEgCC4JbfDZyPAkkUvx8sVUsuxzHhQM:12000000000000000000:OKDOT:OKMYTH
1227wiMnPPgYWMgw1nv1oagJAoLiU4WVs5KcmWDHJyeNF6bN:12000000000000000000:OKDOT:OKMYTH
16KaccFxF3S5fbgSngnJWo2eaUtibwMR4UZ9BWVMfS6gTGQY:12000000000000000000:OKDOT:OKMYTH
14LX4S8jfrihjoFGQV3oqvSfR1konFnbNCV1Jx5dbLYRaKKD:12000000000000000000:OKDOT:OKMYTH
162vFwoUuW3yJg3JsXyymCY7iQHQgAdLjNfC9WMFuEmu6ycA:12000000000000000000:OKDOT:OKMYTH
12QUbhkvLPcU6T2vVm7PMku5EiJWBxJfqFbzfFhjkzUk8vyR:12000000000000000000:OKDOT:OKMYTH
13ptrzwgdB1eEZxXGoBPJWPc7Tp7r9gKB8dmuAUfyUW4Y38k:12000000000000000000:OKDOT:OKMYTH
144V9X21M8hjdoeu5sqDc2pW3xKX5YgAZdLqNzvahDwivC3m:12000000000000000000:OKDOT:OKMYTH
123e28jif6YiA6w61jVPfX5eAkyK6LqHFxC3gLRo1uHfgchu:12000000000000000000:OKDOT:OKMYTH
16ezQdMEqoVPz5aVwCVqWoJeyuupkecSrDD5VY2co8kdmtUx:12000000000000000000:OKDOT:OKMYTH
14ojSzer8jiMggm2nrYQpzroV856Y3pmKuJM4neAUbtzyjqE:12000000000000000000:OKDOT:OKMYTH
16isPpPHghyMpcyfGbWXntCJvA59RFfEUoXXz4BtFJUtapAg:12000000000000000000:OKDOT:OKMYTH
13F2xoG2TTNEq4CaP62kyVtXyjTnqrdor9SA15U2UtVHCLcP:12000000000000000000:OKDOT:OKMYTH
13vfAVT5DjndBDADdYUuYJuEhfiHQuUSG66crtHX4kw96pDJ:12000000000000000000:OKDOT:OKMYTH
138CABL5xvxkp7v44K27UGC6KmzKoLtNwagX7XHXz3VqLwwb:12000000000000000000:OKDOT:OKMYTH
13v3Qz9GW3tS2W6XyP77LQAKJEy9dMn8fDkodQ2ZYpqSdy3H:12000000000000000000:OKDOT:OKMYTH
13wpfa4yYWZFXo495gmH18mkqFjWHLb3xpNSCVrXjZubeCDV:12000000000000000000:OKDOT:OKMYTH
13cKwNMbWuFT5K8CYDpY4KxrJXACp8dLH3ECsfsGmTXRF56Q:12000000000000000000:OKDOT:OKMYTH
14usg1J1JXQBfXGp8kH8P3H6o8ph4W5Hkb3ScUK2joQnxb26:12000000000000000000:OKDOT:OKMYTH
16X5CcvZmmAfnR7fjAqodwUqUMtLVkQp186Wck1h8DaB7vvP:12000000000000000000:OKDOT:OKMYTH
16CUzQa1BuxoY6sc4goCJ6Z1vZtYJW3mHgARFmjbS7mpJTHy:12000000000000000000:OKDOT:OKMYTH
13xZr1d92hoPcvVqjyBbXvTrY3eAjsu4nNtEEu7hM2Lbczgs:12000000000000000000:OKDOT:OKMYTH
16fJTdwG4QPXv6L6EyuboNXKcPEcWLxSkhghNzyKcC2NneZH:12000000000000000000:OKDOT:OKMYTH
13LeAMX5kWpA46ZZFUV1JuemQdAFXkg7eHgaphrogxCEdsXk:12000000000000000000:OKDOT:OKMYTH
16PByXJHJ5wFAArbub3vQZ5DJfWnz5ewcEo6pLMfgpmhYmNj:12000000000000000000:OKDOT:OKMYTH
15mHJ7yb6z27eYRXVouUQP6zc9FaYDH2t7oMFBA1ohavQ6j3:12000000000000000000:OKDOT:OKMYTH
1pUiLv5YGrMKaBPCMUjLivHw8ZRPMCeoxHYb4TSCA6y39oe:12000000000000000000:OKDOT:OKMYTH
14rcyapxhyXyQsYpn6gyy9hQMCmVZ7ggsX6myABeVa2VPRzv:12000000000000000000:OKDOT:OKMYTH
153YdTP1ZsjinrQqVQrRT29th2fLrfBGLkoSUfDEaQPwNhtc:12000000000000000000:OKDOT:OKMYTH
12BVx8B9TJvHDsGVdSdsqzDFXKi3D1ug7SapkkA9zZntuacL:12000000000000000000:OKDOT:OKMYTH
11ZE72etP7CyztT1dZgg9b4YbT1QaGLe6iKyDi8mtbocdHN:12000000000000000000:OKDOT:OKMYTH
13R4o6yubJtVi248AfMhHqLnQZHap5KPKJBcWJYPakpgQZNS:12000000000000000000:OKDOT:OKMYTH
157FCZM8L95y4eeZaAnBNmzScWQBY52Yfdxjx3P6YFC7m7ox:12000000000000000000:OKDOT:OKMYTH
15mHLi4igzSWevb18cLPXSKXcwDy88wfprF2czkCvup6CLFc:12000000000000000000:OKDOT:OKMYTH
15i6rA3cxNTvCa9d3hwhQtPcQzo7gRsM4AghW2nCJnYxdDB6:12000000000000000000:OKDOT:OKMYTH
12UaG8VHzDMhdgUEnsYMq17hTBpDpJXcFN9PsZAkCnnMoMVe:12000000000000000000:OKDOT:OKMYTH
12v4P5vaECYsSQSNj4qbewpU9PZtsvGGFPs27sH2wjNHWWt5:12000000000000000000:OKDOT:OKMYTH
1ugySknwj11Md6xgt9SayzZfG8fPgCzotqcnYugPd1h9xZt:12000000000000000000:OKDOT:OKMYTH
13pjcZDV388vgC4HrTkZmjAmJe5j8ViRoTR3DJKzSAHCRY1m:12000000000000000000:OKDOT:OKMYTH
15mWaguS42ytKzkbyDthuW7psi51YrzkboxQAtiQ8FLLHEzu:12000000000000000000:OKDOT:OKMYTH
1374UHrUt52yP7c3sbUuRnbWtZVDwDH2mc5ZgeJs9MqfstaJ:12000000000000000000:OKDOT:OKMYTH
122EPUcYv7iG3stK4UWxvLurdnH4V4JJV4eL94dHzJTdTFLs:12000000000000000000:OKDOT:OKMYTH
13NposWwWmRhhjaVx2sZcV4cMwg7Dxpe5TJKYbYgQP8fESoL:12000000000000000000:OKDOT:OKMYTH
1kFVuq2miaaCqnLDbmDoY8UzDRijNgWK1Z6q7aV6HKsEmoz:12000000000000000000:OKDOT:OKMYTH
14axLDK3AcHn53PRSfLrn4t2hh82t4C834FsX4TMFHLBucr9:12000000000000000000:OKDOT:OKMYTH
15Wfo28KXDhCh5TJCzATBWqud5DRJZi4kQCUtRfjMxYURqVU:12000000000000000000:OKDOT:OKMYTH
13GimeEbYAdB6c7N4L1VNCdyF8NbNQx14kutMDM9nXqHSqMr:12000000000000000000:OKDOT:OKMYTH
1XprBtDMKJUEWCqRKJkKHMqjvy4o3peiCycsmYJ3tEK5rFw:12000000000000000000:OKDOT:OKMYTH
14AnU5wkQGTBmRuKV3h6cVrGExBbUXCV11EsgXXAs6HjMCDh:12000000000000000000:OKDOT:OKMYTH
16XK7ir4pc959HsZDMNfd4N88Bnk5xuoqDcieTcDRiWCrX5q:12000000000000000000:OKDOT:OKMYTH
14LU4eDVcNctqPhBMmUXERhcKkUDYzHX3dmwnrXWbp82sk16:12000000000000000000:OKDOT:OKMYTH
1ARM1ayrYe4EMn3LsWtLFwFCE1ZWfCmnG9uoJZDDbUG3b6y:12000000000000000000:OKDOT:OKMYTH
12PAkH4jUQNjQwdnEGVZ1raN9zxQBjDh5bSyzXWLZBHyQ6j6:12000000000000000000:OKDOT:OKMYTH
16aaERScjL9hvsFtDvT13Fwfk3oFBegXXtwdcQfssHDU9Nb8:12000000000000000000:OKDOT:OKMYTH
162RZQRysitoUdNTKZr4QJHRhN3C9yEh9qY4zjZzJGLsoszW:12000000000000000000:OKDOT:OKMYTH
16jePKDcMuAgvmKtL3KTJsoKiEhdDxCAqskQUesD3y33NPQs:12000000000000000000:OKDOT:OKMYTH
15Zn1XJQjCshDwSoBm2shJwtBT5h5mn4raXwphUqpPxaGrZP:12000000000000000000:OKDOT:OKMYTH
132wEMWRFe6LdBQ7iiSPe791tEmyTngv7rRcYkGmbSKjoDa3:12000000000000000000:OKDOT:OKMYTH
15vD9JnFtRMkieBni2fzLHX8DkXPDb4S4N6Rmo8TuKPvFw1z:12000000000000000000:OKDOT:OKMYTH
15Rdax2fPkygG45oAXKZwHtzLfragS5MkP49DoByCz424fzB:12000000000000000000:OKDOT:OKMYTH
18NXKGSGWVLZpQJfuhrLFCBSCXbPtzfKAyqKQ96rMCkjcaJ:12000000000000000000:OKDOT:OKMYTH
16MW42oJQpBK4wTiqWorR2vadJgKAPeVy3hgVtUpvATWSY7i:12000000000000000000:OKDOT:OKMYTH
14yDr4E4rgwUYnsvwCva4GWWBd3hM7s6HP6itfwNZp1usuZ7:12000000000000000000:OKDOT:OKMYTH
13kqKW8uz3p41zH4zzaoKLpfi9P4gKWvNgdmkU8Uzq3JXVKF:12000000000000000000:OKDOT:OKMYTH
15Y4yagGwL6xyuqmcRekwWxSDz3NjBC8DVmer6DFQhqNgg3:12000000000000000000:OKDOT:OKMYTH
12zwP9LRiTXmeQQqMXbAPr7k9hXh24fo3dJXG4UvhaSQmpmQ:12000000000000000000:OKDOT:OKMYTH
12eGnTiwhwuEffhJrgAWxq8KBdfN6UPr1KetsWhgBnCkiJL6:12000000000000000000:OKDOT:OKMYTH
12dAkQPLoLrZtAQoeWrK7NkWTQzuRhNVzsjQBp4W7m9onpH5:12000000000000000000:OKDOT:OKMYTH
12AtySavY22zwizEgz3nDZYoSrH4xm5rRWzcNYpCQ5gTtgPz:12000000000000000000:OKDOT:OKMYTH
14bZL4rjwnntDwdYsb4saueacQqxHZ3LenfzDfyPgvQ4Frpt:12000000000000000000:OKDOT:OKMYTH
17768MAdjtrKAVVTUh9MWZoZCALLczt7cnX9KjXndirT3Ly:12000000000000000000:OKDOT:OKMYTH
13P6NrBFrZ5Q6n1Bz8xdtotdVKgcUSyJGbMGKbzcn24v123M:12000000000000000000:OKDOT:OKMYTH
1Ww2eLnvwdHxojcfeWtcxMQYR7Q7SBPDYoJLX6Qg4rrSiF1:12000000000000000000:OKDOT:OKMYTH
12Tfk1Qw3rJf1ydzNyzGhuDLFiJSTCUJX9Ba9oBdKeKwmGzn:12000000000000000000:OKDOT:OKMYTH
14MAKvqBYCdJSuKJFQkuCv5NeexFKpKZqMmcSkm2P2sy2aMz:12000000000000000000:OKDOT:OKMYTH
15BGiSvvFYvGwFxYZDnKGJ9q2yRxTnegXyreugQRLw92MKJG:12000000000000000000:OKDOT:OKMYTH
12D7iKjd75dXQbp5Yxrb9sCCohojhQYF8z8KzLNjYH66hiAe:12000000000000000000:OKDOT:OKMYTH
14hZ5NcMSTwJ1rfZmcRWQZeY587nHAyVMLH85R1Phmqb3Wi4:12000000000000000000:OKDOT:OKMYTH
13M5TAGyfPYivregLLztWiG6stxArgLeKoBYJQmeVUo41hui:12000000000000000000:OKDOT:OKMYTH
16XzVLcty7XwMifNiM9szXfpfiiKZx3oHfQkmZvKH3iMTUkC:12000000000000000000:OKDOT:OKMYTH
12BmzQ6XazJ2WrhtzHMy1koQquvo8Qp7CsQ2qURv7qzuA8qv:12000000000000000000:OKDOT:OKMYTH
13LctwtEV51XzKMfPsdgpx65bjWwA22Vg7WHcU9eFPHWfMF3:12000000000000000000:OKDOT:OKMYTH
15JZpd9guWPS7Rce89LShBEsPyfLaszwDWGsmTPsYTpnmmE4:12000000000000000000:OKDOT:OKMYTH
12U1aG2x7mcVFCsb4amGUUh1St7JhhAG5K18kKSo3WZHwPaY:12000000000000000000:OKDOT:OKMYTH
12Qyje9XGD2bk76d4j8S9jPkDh6twetPHpGnWa64c4y2F4FY:12000000000000000000:OKDOT:OKMYTH
1hULsKQ6EZ9yhbfi6Js5s6jnz8jKvivT8FFPDd5KAzLmeub:12000000000000000000:OKDOT:OKMYTH
1273mP6M3CwcdCwvnGhmAm4Td5hStQensCmDcu5gtbuTAvjJ:12000000000000000000:OKDOT:OKMYTH
16n1mrcjmQKNyNQsBNZYYRwcc1Cx4RuYzVhHAA1MdSWGB1ch:12000000000000000000:OKDOT:OKMYTH
15LkunQWfXZoP3Y29HVhjn2EZnnpu4FHFKHKcPCUirithxRX:12000000000000000000:OKDOT:OKMYTH
15JvBMRQ9awzxP3pTeTpP7vb9GcKEtP6MLWZKtMtiQShxWF3:12000000000000000000:OKDOT:OKMYTH
1XvVcvb87muNY7Qj7jwbFLxmPTViFj53xN599reAsdaXfeM:12000000000000000000:OKDOT:OKMYTH
15vVRDPA1CMJLSiU4YDsyUtEpaVbbs7uUdX5jhUF4pF9vG9j:12000000000000000000:OKDOT:OKMYTH
14qjzheay7ZfSqquzRnNQPXT8cqTw8s5DQ3298q34Z44Qi7Z:12000000000000000000:OKDOT:OKMYTH
12wi73PBSxQnhNCATGrDH6eFuJBacq7yooArtythcFdQX1y9:12000000000000000000:OKDOT:OKMYTH
1scK9U1puR6A12wKvhirBrHoZxUgQpVGDWovNnpzpDwfZ93:12000000000000000000:OKDOT:OKMYTH
151fHy4gEEFpPddUNWVC41sv5SF5Mch6A5Y5anyQLsLEcZx4:12000000000000000000:OKDOT:OKMYTH
12Qt7Wtx74Su6nJd5sVDZEmL64ZBBrx2DYjmsAzpQHm5MFjo:12000000000000000000:OKDOT:OKMYTH
13jeDX1wbGX16T78SCWNu9KhHv4espbJ4aJaU9gLZNP5JpgH:12000000000000000000:OKDOT:OKMYTH
12m3vVnzXLBZgaLSuSGLnXkUUKvviNKTqk1UnuMQ9bckoWvk:12000000000000000000:OKDOT:OKMYTH
15qnBN24W4Loj5uGRmcxUaDGBdyCobyMWuJshWTPx3iaoLcb:12000000000000000000:OKDOT:OKMYTH
12CmmVYwmYD146PSytboWc4ahwSPE18MsvE6tXN2q459vUxF:12000000000000000000:OKDOT:OKMYTH
19HGkwjBxXfRrTUjvjUYE3Uj1Dx81Pm7tc6LYf841Pm4G3Q:12000000000000000000:OKDOT:OKMYTH
14dP7jM5SgXzi2DLv3yYaVT73P1HcJNdpdpvseYoo7a7xdeT:12000000000000000000:OKDOT:OKMYTH
1qJTzLcC1i1PYkuLFXHR2CVLwybgKFSDYkyJcyV7N5TDD7Y:12000000000000000000:OKDOT:OKMYTH
17A6GhpGnmnfJjZbUzqxbnND8ech4eucdNZkZ9FcPTXKkS2:12000000000000000000:OKDOT:OKMYTH
14wYooXpnkSYFA8szoqtuB3DiPzLZuXda24ZogpADKNSdhGD:12000000000000000000:OKDOT:OKMYTH
12GwWTtC9y3PaQBrvNFzM1Ngm3cRZeWHw9krLjzwADG6gQ35:12000000000000000000:OKDOT:OKMYTH
15S2Y1FGA6HhgXkLTY8DESwd9M67fVTZTm9jtaEbpLhKHf2n:12000000000000000000:OKDOT:OKMYTH
14ckVGmKQdAqnBNYmggXARoT5Wgya1qwZko2G8rMTmauqoc7:12000000000000000000:OKDOT:OKMYTH
13eb9595pGiwBG4zQDtQt9umg8TpDKQn1q7S3Shyyu1CPtLq:12000000000000000000:OKDOT:OKMYTH
153dembRZRAZnnsHtA62qgnLuFemE1xu3kTSSNqZaFh6NpFo:12000000000000000000:OKDOT:OKMYTH
13qYhRdSQMWXtTpEUzSzBGN33g3yC4Z8WWEtBafGfy2GmcM4:12000000000000000000:OKDOT:OKMYTH
1mj215biQgGifRhfm2yGzE7zAPgkeQfrb2BtLEbNkjWKAsD:12000000000000000000:OKDOT:OKMYTH
13kYakZyBAyZXzh7oFmFP6D6awJPAnPzAMFEchSczt5XmxQ2:12000000000000000000:OKDOT:OKMYTH
1hwqdSBsDYcC9pnLbSMgJo96HyaJndkey7R46yoZMaFFRA2:12000000000000000000:OKDOT:OKMYTH
14qUJiWADsv9TLAnRYo29yMNAjyKJECUYYSm5rVPNuEGuQGX:12000000000000000000:OKDOT:OKMYTH
139Shzar9R9V3tPsLiyCdMHkcGb2dRSvUfL6AVgjxF9E7GVY:12000000000000000000:OKDOT:OKMYTH
15FUudiWs1BxzmhHKDM2LCmUpFny1vVHBX1Z7mnH6mCtarBY:12000000000000000000:OKDOT:OKMYTH
14xkeVkJixmkHFpj3hZ8mDeqXpVPthW6AsKMsXt89capNQv5:12000000000000000000:OKDOT:OKMYTH
14nv6kjL8MPWuCtxPftKFkSN67hfAHxTnD23RroSBGrJa8M8:12000000000000000000:OKDOT:OKMYTH
16yc8SgmqBsZkKq7rFmuxsAywyVUzeL367SZoRoA1dDrJqZ:12000000000000000000:OKDOT:OKMYTH
12seUNMKXQu6e1aAaQSTNr76KVFJnRwskX8MyYrN1ikvwW8E:12000000000000000000:OKDOT:OKMYTH
14bXRoVKHtPRH2dAyfz8c2Y3dw1soKhHxrMSwxWgTdedJxWU:12000000000000000000:OKDOT:OKMYTH
14ujDN7MAgEB2yLz2CkhJmTTJrTtgaxmxKsN2Sfb9ecxttmS:12000000000000000000:OKDOT:OKMYTH
12eqCF6zLnKTGsWKEzmZf89N9MEeEeGaZZoPe3Nm8M4PyJC2:12000000000000000000:OKDOT:OKMYTH
13HytzdFugRXL7zDrNqHo3N1cJ59wezMoHCbfjL7kdYcP71t:12000000000000000000:OKDOT:OKMYTH
13okvZ8DhcUTP12ZRWDscuzjuxDawjUbNCgBgKw5nw2DA3Sd:12000000000000000000:OKDOT:OKMYTH
1L5ASJ8xFfU4bfCx7rTZjZDQkUi2KX8rx3zyTWJiRuZ2L7y:12000000000000000000:OKDOT:OKMYTH
1nvs9M1Ljs4wgdydE1GdDikffPwFjRaQKz1Rgio7BCCSX51:12000000000000000000:OKDOT:OKMYTH
1RYZA6gMbDFueSXPboczLfmQKuR2Ed7uVrzKmWz4swD9ZKr:12000000000000000000:OKDOT:OKMYTH
16kbgoPpfTPy5HrHX6CitE3q7nSki2hzv56vjJFPy8U78m4A:12000000000000000000:OKDOT:OKMYTH
12vdjyQzQHGANLdSED7C91JT6viLdgo64duDtxPUpDnS2wiv:12000000000000000000:OKDOT:OKMYTH
14rViuAVGfDATd5cuGkVhX6UksYQVqXrEeGC3gJWMdkx69yj:12000000000000000000:OKDOT:OKMYTH
12J6cftzrxf8nE1NjFmM8XAxQYbWYWFigZxRySG9sPYRAvXn:12000000000000000000:OKDOT:OKMYTH
14nusCcbGo6SBaSPaCxnxx8n5rD6vjnKwKgnBczMfQZJfh7M:12000000000000000000:OKDOT:OKMYTH
1iLdtdHYQNDp8cSmftWudEHPc4aX7LKeSQuxwUEPW19uxJ4:12000000000000000000:OKDOT:OKMYTH
13zHtDTHSrTUWi9MUqUMFfeLhXaoq4NwdZJkoHWfCnCih8Vx:12000000000000000000:OKDOT:OKMYTH
12FyCh6iPEaEUkXDdgxXkLCK5nt6dbsq1zQThHVQKAoJaKbr:12000000000000000000:OKDOT:OKMYTH
136GDrUeNkgfS6KopUK5Qvqf11f6SWfEQB1FDxciy389i85m:12000000000000000000:OKDOT:OKMYTH
16MZ68fmYqzAbJXNhdvp37pUo9CAUGkkqKQsBgfgDpfEoFJG:12000000000000000000:OKDOT:OKMYTH
12NqpDgTxHApJRe9mNTghtqvKMwX1XVPzpbYVx9RFbb3W9Tz:12000000000000000000:OKDOT:OKMYTH
1588Vs7w4iZaGxDVuFCnTdpbbf2WdFwgQRgdrcdwcsf3FWza:12000000000000000000:OKDOT:OKMYTH
13qLk9sRDo5tLn8dxTZK4ZCf89ta28eB2aTXoTYTtqZHFwdt:12000000000000000000:OKDOT:OKMYTH
1szx4MW1JLV3YJb5ZwTaLZmaHPH9WY94bq2usidwKSTc83f:12000000000000000000:OKDOT:OKMYTH
15aYkshKX2Ky5CxKLDFvzd7CvXuUNQ2EWko1xWkuxRy6niwh:12000000000000000000:OKDOT:OKMYTH
15zgrhoArginBwBEYto5vVHtaGxG1W7y6kYt7uLHMjXg9TxQ:12000000000000000000:OKDOT:OKMYTH
134V8eeccdRAccfqYoBFarekiaPv9DwKhThq29DMFjzCkP2B:12000000000000000000:OKDOT:OKMYTH
13U2z2VW3cJKtwGPhaTzeF33oP1sCk23xu5fcDaEr5fhgptx:12000000000000000000:OKDOT:OKMYTH
14YGgdRq8jEKa2qSML3PsruTSmR83dWdnwvE2BigFkGVvXox:12000000000000000000:OKDOT:OKMYTH
1zGM83ucEPZDXUZdWwUkif76MsXPYfvFnhzT83MLwPwVV8H:12000000000000000000:OKDOT:OKMYTH
13QtmQu66FHYzoFmEBEPKdJUt9pnexiRJspVhvD2grmk66Yu:12000000000000000000:OKDOT:OKMYTH
16f3ukrwXMUVPHYcwak49cQtdFc5aRjDTgkYTaNCEs89wrSB:12000000000000000000:OKDOT:OKMYTH
13QZeDqKvJYPYVQ1fGA8TYzLSeTFWqneGqExiukAxWh2dYnj:12000000000000000000:OKDOT:OKMYTH
14n8SR4sSS6TYfKvrfzdxowEkBD3BPfvXXwmQ1YyoNsHW9kp:12000000000000000000:OKDOT:OKMYTH
15cfmuBeaH2dEXAmt3RVeNzv3jrov3WgfTsgQ1P6w6sFrNLW:12000000000000000000:OKDOT:OKMYTH
13JeRhNR7SbfbvnBrrTeVHG8BmphKy2fShHw7SqK7eo7rjBR:12000000000000000000:OKDOT:OKMYTH
1YDLDXDqoz3P4BUgTEnB6VPjA3EeQos266G91rWUn2JmVYD:12000000000000000000:OKDOT:OKMYTH
15KKZCroLBVQ4FUm5Dc4Y49Ym2RaG4qyp9HsgZ77cijLbNLa:12000000000000000000:OKDOT:OKMYTH
15U8B9w5eWTkyPKqYME6HgbYppxw3nKGpA2kLXNojayt2RRC:12000000000000000000:OKDOT:OKMYTH
15mPn3rHZ4mGgCsv4h5zHdW86QGaEjRC9nQTENydmD5iuSQn:12000000000000000000:OKDOT:OKMYTH
1HebZR9puiyNvNumw6scsWJ5B47wiwybeUKXHYpnn9qcTQs:12000000000000000000:OKDOT:OKMYTH
16g2WBaNbjVhEnid3a2r1yjBvzt3vPXECtdBeoF3TeZBn4wM:12000000000000000000:OKDOT:OKMYTH
16VWPqYZ4BBJZbbnTpbzgYARwiExZCqpXwLeobdQ4oWDDw3f:12000000000000000000:OKDOT:OKMYTH
16gyMRoh8VmmJ2yzs8A7LLZo65neaFfpprcya8fH449YvH19:12000000000000000000:OKDOT:OKMYTH
12KDqS5wgZ2srCx8YNQyFHHVFxZirYSTSYWmBMFximfy56vm:12000000000000000000:OKDOT:OKMYTH
16bda83NEWp557jJjKjDSK7a64sY6oHXvyrkbiEtQ4YTP5UB:12000000000000000000:OKDOT:OKMYTH
1ht2DudZJMAdTRRjTP57mCgswfx4RNYsXUoHu5p3dEDcmos:12000000000000000000:OKDOT:OKMYTH
13iZagT8huBX1dYhEpLyDqdqmyBKCma2cNQLaTZLJq8qfd4h:12000000000000000000:OKDOT:OKMYTH
16gjj4DWoZ6YgcK4VkPyajB6CL9kzri716eyqzPQZsZBVDhi:12000000000000000000:OKDOT:OKMYTH
1UvjGwDgEA1LwJRJyHctTYFBDAbScHhZbfqQ4wephZoi8Es:12000000000000000000:OKDOT:OKMYTH
14TP9W6ZP3wxwCkngkhem8PQ5ZLwCuPqH1skAQxQe47f3mej:12000000000000000000:OKDOT:OKMYTH
15g2WputgUxWryxwvqtg98pBFUxi8VAgjSZrPT7CGwyh6KQ6:12000000000000000000:OKDOT:OKMYTH
1F88QmT1hvzPSaT3FCd9GpFLAXE3jR1CDCv76qin8RYznVc:12000000000000000000:OKDOT:OKMYTH
14ozo4ML89JMmQrdnWQCoaYPWmiuvCpJc7wG7tuzspFhAuLY:12000000000000000000:OKDOT:OKMYTH
149iZEin7kqsjYbjJNZcu1QEh6NXjUvs9qFGfvPLdhJYdANa:12000000000000000000:OKDOT:OKMYTH
16Fg1hbAExpPn6j1KzfCPVi29kwyPe42CY7a1XsWqYnKMgYr:12000000000000000000:OKDOT:OKMYTH
14m7zE2QzHsgiRCkC8mqN9di7ohz4LA746xiX7QcLD9SfRHH:12000000000000000000:OKDOT:OKMYTH
14EKoCr4rARzzDfECMnTahhErbVH99G6e6PpfZB28c7JQqMp:12000000000000000000:OKDOT:OKMYTH
16hJjVSp7hD3YpTHMFzGGqkQpK688RDcj2VWGrQfv7UUZQ1h:12000000000000000000:OKDOT:OKMYTH
14fpU3KjSyGtqGfbFBoSceC61zrFJTqtnEB9hg14sFXiGRGr:12000000000000000000:OKDOT:OKMYTH
13kg8XxFTS3PMpmDFQjWpjZDncBXgrFXwHwEdymmKyzzzrkZ:12000000000000000000:OKDOT:OKMYTH
12rfp3AN5KZ3B5XHrzh3d9MzwdDxsi4mN8irG7xuZZjhFLwM:12000000000000000000:OKDOT:OKMYTH
142SazGayeWLEYcvkGFb9RwCsKM3MQCjiCH6dJPa3EnuLKb6:12000000000000000000:OKDOT:OKMYTH
13bnSqucbrSp7py1MWMtq3HotBM5FXT1vvNZSPRbPA5GMFi:12000000000000000000:OKDOT:OKMYTH
14SNDbh7JcU5zhwuTsETTQxvqdCzkF9TDCcMLMKcKcVsmgfu:12000000000000000000:OKDOT:OKMYTH
137TYYzHaS1Kf2NJkJbytXU54J4dWTktEq9haFuavHJUtWPH:12000000000000000000:OKDOT:OKMYTH
14dpGzoCdDk5ow1TKiDRnyYWvt5d2xj17GA95qh9HncVotQc:12000000000000000000:OKDOT:OKMYTH
12pWL7wnv2yR8ZiyYcngCr3hvtH8rb1RY34c9z5nGZFrxcVk:12000000000000000000:OKDOT:OKMYTH
13EkNHA639qaugCU6xW9hDhZsTGno5fW6K7nMpDsjm7AJ7wY:12000000000000000000:OKDOT:OKMYTH
13LvYtou9EfGYqckEa4wCM5k6vMQCGk6f1MkYfg33GaGQdA3:12000000000000000000:OKDOT:OKMYTH
133VHMhULXURAbSHU5tecQrzK781dq4AuUJiY7P3AHp56BsS:12000000000000000000:OKDOT:OKMYTH
1HSneXZaKb51kDhri1dErZJejrnB2rfhz47e8sAQ66LG1Ep:12000000000000000000:OKDOT:OKMYTH
13X8DC59WbNESRVMo8jPq1xzrpnxsoNbHL8za1TTEKKQi28r:12000000000000000000:OKDOT:OKMYTH
13ydHNh3NjwkAsMEgg9FrtT6PeS9TqAKuwms9dSU6Qfdkhqa:12000000000000000000:OKDOT:OKMYTH
16JCWwtANZEdv5cFTho3dhkN1YpPEgQErmf9mGxUE7ftRfsB:12000000000000000000:OKDOT:OKMYTH
16YRrXuFzeZ5mhvPSxi9twjkJnHDShEwERw9brw9oKbaW6WW:12000000000000000000:OKDOT:OKMYTH
15VU3aLr7hDzJJgYfpshda5HDmS2cuzAMBB9BDaJr4nKGqCy:12000000000000000000:OKDOT:OKMYTH
1g2fX2txLuftDoGY6xcHF43ToLdc8L4fwrN2LJ2z9Dq6j1m:12000000000000000000:OKDOT:OKMYTH
16XTkHdGLRKasrozrHv3ZYsQgYkEiigzJhoHrX4ZovZ6hNgD:12000000000000000000:OKDOT:OKMYTH
16eEVePcEDxoSZfUuEvyBaGTefyjedh1SGtCMTvFKt8bcXVF:12000000000000000000:OKDOT:OKMYTH
15VDbMkib8UppxU7sPC73ht7W3aEJgsX6wAGcWzmyvATQQHK:12000000000000000000:OKDOT:OKMYTH
16Vw2Cj8nHfzayjJXL1pxXXgCD1JdTknAiq7ZtLoxz8vRiRu:12000000000000000000:OKDOT:OKMYTH
161mMX6pQvmQvtdaAqtWo77JSfWNVwkEseM9mF8g4nu9XQDu:12000000000000000000:OKDOT:OKMYTH
14nu29Xy8TGZ85WrKTFS6sQjeuRzztx855ZymCKUusU7pDwd:12000000000000000000:OKDOT:OKMYTH
14kYhqnwmqKrXzAGyqMjWzRHAmbrMVT3cXd98WWozTH9Sdio:12000000000000000000:OKDOT:OKMYTH
16jN9AqAn9VShLZ7CRRUqP7q9fW5DzfVyK4im9WKinpa69ja:12000000000000000000:OKDOT:OKMYTH
14h97zGkkZrxE2Q5t3ML8VePNvWvpESKKrNLg5sfHHbkU8MV:12000000000000000000:OKDOT:OKMYTH
1dovnkijbruRp1w4n1YSeoQjzn4tXtRR3Yt8hf216kzzbd1:12000000000000000000:OKDOT:OKMYTH
14iUyssDBq4x4VguMQyDnAFejuQEHLrRarXZVfJwD65zkqKR:12000000000000000000:OKDOT:OKMYTH
1532agUSuz5jhF9zCYEhxAbLiHSCpazy1degUqSJva4ei4XS:12000000000000000000:OKDOT:OKMYTH
13tTJ63bsaTowwDPyzSP4XnkWH31rGyLBWmqcv94hNSk1Lnr:12000000000000000000:OKDOT:OKMYTH
127GEZNYaob6H68wxyShNinnJdM731ymsGgU58NUgwASEKcN:12000000000000000000:OKDOT:OKMYTH
12gTBJ6mujfBmCjnHFndBzC7qarMoVGLtfCmytPgbyciqypb:12000000000000000000:OKDOT:OKMYTH
15uNtCT2QrKTwPBFrLwQJmL2zgytgqzCXhnsVDPd9bvGvfNb:12000000000000000000:OKDOT:OKMYTH
1eCiJxJ61K2Fek4mCgP82q6HN5v2oxkLQtoyVJsbNekrpAV:12000000000000000000:OKDOT:OKMYTH
16D6vqddSMrCGznYCXYc9Wm2oDWwPuEnpHviDHXCaVTA7h3a:12000000000000000000:OKDOT:OKMYTH
12prGXf44LRp4moUTJCnxJ4Yef1CmETa9FbNjoNzsVSDgHoY:12000000000000000000:OKDOT:OKMYTH
1SdNnX1zeXcavxeEB9BM8Prua3pp5rFrB2sKzsqwQopR6TB:12000000000000000000:OKDOT:OKMYTH
169x8F5xdpDHqRemtJNesiSve1FjubJpDbAhWBrCzff53cM3:12000000000000000000:OKDOT:OKMYTH
13HZUZ7Cj2o6YzdG1W2tuVwQMNqyAoWMfzWzwArTSuf94VT1:12000000000000000000:OKDOT:OKMYTH
14wsmxv6YCQ1qF5bS59SZPZwx3nLa8zJgmmHatjbV9mMgYVY:12000000000000000000:OKDOT:OKMYTH
13vEkBK2gbPr9L4rYaK5t8FbsvqwDS4QG3kjDYQR9fz1cvBX:12000000000000000000:OKDOT:OKMYTH
1waXCr65yZZhqw7e5KfP3oLGySY2BLSSSNZNBg9zghW68nd:12000000000000000000:OKDOT:OKMYTH
1CdDHXJZVE67N3JJLyLk3NZnCmhxeHYAgjGPQaT3xDRLzwH:12000000000000000000:OKDOT:OKMYTH
1TJnhZuTVt5CDMBUD5XYnwVSzoJ9ydHt9MUyCKQXFmpgEdf:12000000000000000000:OKDOT:OKMYTH
13cQYdQJt7VZyAJbMohWDMY2m5MSyCbxbzidxtHfF9jGWfbB:12000000000000000000:OKDOT:OKMYTH
14oUBGSkmfdkuBQr3p9H5xAKzCRCHk7pKfjJk1NiAtFjZQJk:12000000000000000000:OKDOT:OKMYTH
15ohkz2zwnBMxQ1E5ntCseHEEdDjbLvPF4RavKKPpkJ6ydB3:12000000000000000000:OKDOT:OKMYTH
12S371v55bb841BggREErwyk41HhX1NCnmHjbsFXnZ5SXYi1:12000000000000000000:OKDOT:OKMYTH
13YzBMs41m3G9tAsrWvK5JDk1m2b9R87CWhkLPYnBNZ9469N:12000000000000000000:OKDOT:OKMYTH
1Uc222Z98FJcqsiLKNYuprTykSA4UwGTYta7mZC5pw7pyQC:12000000000000000000:OKDOT:OKMYTH
131KtFdTfenXLRYYjFzyggAYcmijgpdkPnPgBsteRwKjCpUc:12000000000000000000:OKDOT:OKMYTH
15zqFB6prDSGze1K3upr5otApxBdsbJ5qV5hRSQ4wHghs8mk:12000000000000000000:OKDOT:OKMYTH
13NCLd3foNpsv1huPDzvvfyKh37NEEkGFotZnP52CTR98YFJ:236000000000000000000:OKDOT:OKMYTH
