132VvHiyM2Z7n9uwFLGA69e5jTFnKV2zbeoe5E1JNDhSQqY4:12000000000000000000:OKDOT:CHECKMYTH
1penzDcnssBKSLWAbrLiuoPMkjhEfXVWjNc6TegwB8Fe5Ud:12000000000000000000:OKDOT:CHECKMYTH
1VNfSAiReoV4HWaEL8XBVPMEFieptgZVivKDfwEUhmQffdk:12000000000000000000:OKDOT:CHECKMYTH
16Kw9fBEV6V9wpesSqXzMSa1z6Tti1q8jB9PsJehoXUX6PV5:12000000000000000000:OKDOT:CHECKMYTH
1AFfy4qjNYpUSeSnTicuRdSTPAQ1e8uTum8BNFCsqPycKQ3:12000000000000000000:OKDOT:CHECKMYTH
1588fS6xgTfcq111kfNSydD1fR5s1Bfh3yCaEzCagUjXehj3:12000000000000000000:OKDOT:CHECKMYTH
135Yzpo7Pg2PcDuK65Ajp9DZXueNAzp4bHbAnywvizcwJ5x1:12000000000000000000:OKDOT:CHECKMYTH
122H9k4RBNM5qWaM8bRosxZYmaxvmmbF514V3EtsG7fm8JXy:12000000000000000000:OKDOT:CHECKMYTH
12VaHZpBr8ztJZ1jXAAS9JK6M13stArmeneFuwaZk3UcAcGT:12000000000000000000:OKDOT:CHECKMYTH
132oQYb3E9oWcKCrNYEn47hjisjRrTWjhcsMpHwfSAJdM4GF:12000000000000000000:OKDOT:CHECKMYTH
127cMT87QdWY5REwp8PLQS4om7DiSEC23LZ4QyvZtKGc4xKN:12000000000000000000:OKDOT:CHECKMYTH
13KdVtgq9LQtiDm3nnpfJ9fkCubg7yTURKh9jLEmUnsy5ASR:12000000000000000000:OKDOT:CHECKMYTH
15YHVmfXq5BMhbGGfQZupm5L9GZNE3P915sgBiqDVwXBSS5v:12000000000000000000:OKDOT:CHECKMYTH
1c6TfrrgU1zgbGznhJxPsqXN1zTofqPe8dDXBDW1ZCWLHRz:12000000000000000000:OKDOT:CHECKMYTH
16cdZu7uPWsUBK194i3bZMp8KdJGLbnugfgtEvK4VLWQh8bP:12000000000000000000:OKDOT:CHECKMYTH
14FKqgQpDmKcaT7BQ49FzkPieW7hmkdJ7Lwb8QupuMtF9mfv:12000000000000000000:OKDOT:CHECKMYTH
16fm9U3qh24tz6sBpthgVkNNWy4ABCFgQko7jVnMC9MRS5sv:12000000000000000000:OKDOT:CHECKMYTH
12EvpDP9kxJRZidxM5nStEotH7hDMY7QqSJFAYJxMBSWKmP6:12000000000000000000:OKDOT:CHECKMYTH
14YbGTshEcrwx3AXxQoHRkbKvi6n9dRpVJQry9ExYCuWXEpb:12000000000000000000:OKDOT:CHECKMYTH
14DfnHLPa5QVgGU6ud3nsWqe8bavpSKDwHM3mpCNCQYaPbEc:12000000000000000000:OKDOT:CHECKMYTH
14GBWenaG5tB6WarzM84BpBgEQ4vDMD4KiaV49SBtEXnhJTi:12000000000000000000:OKDOT:CHECKMYTH
145ssqKGvQti9BieNcZfr27VaaxYuUnoEE8A8vFq4Kz25yVY:12000000000000000000:OKDOT:CHECKMYTH
12HzxiaAkRhqPUBQj7ZrEWhDW62WXCFEuNW46ZcUWbgEtAZF:12000000000000000000:OKDOT:CHECKMYTH
15TapnV9yn7VBEf1C91we6sJZ5xoXPRv1Y5y3G3ZqHQYhT6e:12000000000000000000:OKDOT:CHECKMYTH
169yYM4n735j38frUjNPrxxUVJwCtJkzczNex1sPknZw9o5p:12000000000000000000:OKDOT:CHECKMYTH
14LDxwaptobozenJjyNcutAjfndmSbaTbCgwDbCzWSJavfVK:12000000000000000000:OKDOT:CHECKMYTH
15t8mrB84PLnUTp2P1iXU4T1ncYtNvWWpPid32pPvptvzsgr:12000000000000000000:OKDOT:CHECKMYTH
1126Js2RP1oo35VfLncDTTRuYzmFodJh2RDwxvCKnnumt4Kp:12000000000000000000:OKDOT:CHECKMYTH
15Gnc9aPjT4ij27cedM9atBg2XuxvwdLxQxky2fW6HVrTyPv:12000000000000000000:OKDOT:CHECKMYTH
13kQLDYMNheqT8hDVhosbR6SyJnxSinjAqJjgEABdAeWNqcv:12000000000000000000:OKDOT:CHECKMYTH
15CXPjsKd4MC4eNfX6kghqj8Rkq2p19HjAP7fuGUGeEyEQMu:12000000000000000000:OKDOT:CHECKMYTH
1249tLrqf8G6ZUnmmKgGiieyo9JwjeMQv9SFKaNArAaK2DEN:12000000000000000000:OKDOT:CHECKMYTH
1R4sw9QUnb6i23uDVJpwxPzKNCoNN8mQ5bH9J75zo9BT9pT:12000000000000000000:OKDOT:CHECKMYTH
19zM9JJn2GgcaXVB6mMRPLLjiyZ1NK2atamSBW3J5FTJKj6:12000000000000000000:OKDOT:CHECKMYTH
12bXmi6RN5rCxxG3sLGjz6sB87tTnbyx9vYHzMNjJqtzwMDB:12000000000000000000:OKDOT:CHECKMYTH
15drVVrtE7uMgjrTcnPQCx3pAnYpp7yySZ8AFKKsXxAdRWgL:12000000000000000000:OKDOT:CHECKMYTH
146EGufZPYvdyh8FuAcaYSAqAhffYHPwzQtEpPH98zu2eHW5:12000000000000000000:OKDOT:CHECKMYTH
14Vv311NSE5A96Np8yP3gJDx51ry2jwg1B7MRzt4inaynjxb:12000000000000000000:OKDOT:CHECKMYTH
13egNJrTQQRMMT12oCBgiArojYLehmcXXvQxKJ6pPuVuiLy6:12000000000000000000:OKDOT:CHECKMYTH
16Qhkt46qf1DX5ffnAC3tnXEZLgm1ohmQnSzTMCas772Hzcn:12000000000000000000:OKDOT:CHECKMYTH
14Mzhc2aaz5bP8y7WtEK31vEkdEMrGVXFtqd2sgfwZzBFvKT:12000000000000000000:OKDOT:CHECKMYTH
15R2J3k1EBNUC2XRgVeykWsP7JyFTNXNv158uAKxviCRLCMt:12000000000000000000:OKDOT:CHECKMYTH
14GJ8NoxqxEe3EoYjDuPi8UL4fZVZ6kN2nSjjk7ub2oeimwp:12000000000000000000:OKDOT:CHECKMYTH
12m94L6te6uV6vG5aD1HBFAjXpZtA41zFLMFCLnXmVHdZkrZ:12000000000000000000:OKDOT:CHECKMYTH
13u8eKhcfStoeUUhrR4zfmsWD1S9TVaQLrLn5xTPboxa2cjN:12000000000000000000:OKDOT:CHECKMYTH
14CALbp7Dis3iveoGgHuoq41oPjZPgdFS3qFvXLs6j4vUdGw:12000000000000000000:OKDOT:CHECKMYTH
13t6hGG5wymMfBNZD9pNJfuYmgYnxbGvNmsnauwUTw4BQkKV:12000000000000000000:OKDOT:CHECKMYTH
159X4MfPBPDnEJsZybWAzL4rPngPywBc1g4DUDcT9NvQ4agt:12000000000000000000:OKDOT:CHECKMYTH
12rhWnsbSWX5bFm1fJkJzXjaMUqz6F9mStxYWYAjydGz6MyV:12000000000000000000:NEEDED:CHECKMYTH
13GtuPSumPFF548UuRdjsXJfT8yGmh874ALr7CH3NktYUyLE:12000000000000000000:OKDOT:CHECKMYTH
13chjgx2DX5eCtTdYB7nqz8cA4JqRSp2WR13jt9KNbDVuALt:12000000000000000000:OKDOT:CHECKMYTH
14EzmgZd96V15Pkjox1mjV2rHPezM7mKjfcAmDiMVvbfGPL3:12000000000000000000:OKDOT:CHECKMYTH
13Qagq1TAeuWPcQksTmf8KTFrpdfbM139sB6wGfMG8BAbhZc:12000000000000000000:NEEDED:CHECKMYTH
13QgPhGVdBvLpMkw2QczgReKwyRh9jcPmpFmnWVC2oHQ26KB:12000000000000000000:OKDOT:CHECKMYTH
15VKhkGY25dNnLhXRf8rkRJDKEUxGFs56NUGR1DZDgWoyGDz:12000000000000000000:OKDOT:CHECKMYTH
12CSsitx7nixbwZtwqirXmkmkAXTpTvmGnzCHfqV39NA8AZZ:12000000000000000000:OKDOT:CHECKMYTH
16D46yRGVjSmuG33bRfhJBkVaLQ1V5kTVzSwipBSM6fZdLwm:12000000000000000000:OKDOT:CHECKMYTH
13Q3KKo6p1Z4qDvNfadG7UGsdrTCyMgvqo4GSS2JtTFuEyko:12000000000000000000:OKDOT:CHECKMYTH
16hrEiK6WzoGEPaCL7QPTxMx2FhvEFgfDbY54281QNkpz7H8:12000000000000000000:OKDOT:CHECKMYTH
16XpA3BEKDVYAMwyLEA38KtPmJxtFRj6KMrmBtP86Zf79UUP:12000000000000000000:OKDOT:CHECKMYTH
1vvWzThsf9Rka3a7Uwr6V8DPkC1bGoyvdFYh3MfMUMHnpZz:12000000000000000000:OKDOT:CHECKMYTH
1xgpwP1GRaNffvj8ToLx2HQCD35W5bQj4mu6fLSrD7x4VpS:12000000000000000000:OKDOT:CHECKMYTH
15FbtkuFyFGqkNyar1Coj4eg17d26FBtpijkyhi4kqjJb7zR:12000000000000000000:OKDOT:CHECKMYTH
1FNi2zrQdRv8Xmuztvv1Z8UMH6dmfd1BG2abJvNBkNiuopc:12000000000000000000:OKDOT:CHECKMYTH
13QypwAzW7nk3zmLeTjpLLxVQLFMnaQZWchCAF4bLsHSZwfe:12000000000000000000:OKDOT:CHECKMYTH
15xFuVA83x92aiTdajnBNVDE8vWRr3GfDNsg3wk7buBTsWDu:12000000000000000000:OKDOT:CHECKMYTH
129FQfDax7cvJPbmShZMEddHoqaFSxWhnQ7TzjM1BN87BJcx:12000000000000000000:OKDOT:CHECKMYTH
1eCn9b8KaNPByV4FXhT2BW4bk93KMgWHNqZqoLY433rKLXb:12000000000000000000:OKDOT:CHECKMYTH
167CQtrKThdX9ZuucksB1sEL3FiZU66CP53gHeCnYwz5ZVmU:12000000000000000000:OKDOT:CHECKMYTH
13gLwqn9yDHxXqTRNH4db3cdXqRGzRmRYXrV3vUhMe2p6hqy:12000000000000000000:OKDOT:CHECKMYTH
14ZAmqSkkK8t1ESNm7PjZhpnkFqFheNJbUfz7rz1wG3LFqm1:12000000000000000000:OKDOT:CHECKMYTH
15xWFsxiqShbAPNtyS1TQjyT2bXgPqPeXjUctM9fYGfjb6dU:12000000000000000000:OKDOT:CHECKMYTH
12251rEiKodGYX7arffkiXzFJS6XSqWpwv43sy1v7by1tKZT:12000000000000000000:OKDOT:CHECKMYTH
16ZEXcyfTmrmQRue4cJC8Nwq6kMTJ8jH1GzDkbj58wcQVzZf:12000000000000000000:OKDOT:CHECKMYTH
14EhEG6eVoBWoo3SSVVjjwfXtSUjrGH8n1Auh6GyUofKwKeM:12000000000000000000:OKDOT:CHECKMYTH
14X2bjRydEYAjFHGYoNEjeLYKetfQyQhPU1UdafqzYrRfFSu:12000000000000000000:OKDOT:CHECKMYTH
12Bna9WxEFQELVgcXN5P27j4GnCoBimbpUwpGhzZbQ93hDtk:12000000000000000000:OKDOT:CHECKMYTH
13EtpcEcPtiQW1R2RG5wzpcyiedvZW59i8pLg9xKHuH7nvu5:12000000000000000000:OKDOT:CHECKMYTH
1L3ebZU3Nsj7RxKXdJb5BEPD1NNNws1sYMC95KffBtFBWr1:12000000000000000000:OKDOT:CHECKMYTH
14sP5rkqZn2HSikj7DbzYa573FwRhTqWKEFjuknnJNctsV8Y:12000000000000000000:OKDOT:CHECKMYTH
1DbGbkRUCjwRWsNMMBK6iQuqEwuoGsmmm3MZVrtnjuvrWwN:12000000000000000000:OKDOT:CHECKMYTH
15TQyhKtesSBwAZoTyiwC4gzkmfM7ZP9wBKRLf3B7v2g8DHN:12000000000000000000:OKDOT:CHECKMYTH
13fJ8iXp1tdZPfZKQEtzB2Kaht9Y9jomjVg3JEju4jaD1NQL:12000000000000000000:OKDOT:CHECKMYTH
12rjYtrhZdQweJU16JpBXFXoJwLLyxDQz9NzTpc7wuh6GiTS:12000000000000000000:OKDOT:CHECKMYTH
1Z7umdpC2E9P1tsgDhFrdjTVqrvYB8TqCeVSJbPcP9QUoT8:12000000000000000000:OKDOT:CHECKMYTH
13u87EG5VQaJXnAWecsfMs561EFsfgix5nubugGYaDeaSG6c:12000000000000000000:OKDOT:CHECKMYTH
13QqvbEZ1sVDzKSzbD2dJSfFzYKQ56QxvqSyqyQ4EWdrjLbb:12000000000000000000:OKDOT:CHECKMYTH
13vV5pfbE3Nh1mQQqB19hkYkBx97YmLLdQQpD7XY3Y2vGozR:12000000000000000000:OKDOT:CHECKMYTH
16XWn3TUnaoVQwKRcKJ2swYWGn9cJ6EsrjpaPaALdcWbTywB:12000000000000000000:OKDOT:CHECKMYTH
16NpJctXz11PYRXHmh9sD6v6dfYtaAtzr5NQiZoAQMSH13Fg:12000000000000000000:OKDOT:CHECKMYTH
13YP8yBcpqaMdwb8E5U18P3EhkdMcmfZJ7sRkCJVZVoLcm4w:12000000000000000000:OKDOT:CHECKMYTH
1ft3dx7fycfJDq9yHyPAyAzwX4DWtcmpLdDrQQTrijQpBHd:12000000000000000000:OKDOT:CHECKMYTH
12V73Uw7G5Ak9gBZ89hb81Lk7CgsWpmkz7rLBDczwq6p8wji:12000000000000000000:OKDOT:CHECKMYTH
16KevHnofpPgfEK5EPT7krLRnmVxeU6hJzLXmcw2PmWGMUMZ:12000000000000000000:OKDOT:CHECKMYTH
14tpgYUAXBx8oun18yXoiFuWKU2AbqxdGoNtTCN2ZqFUbhjE:12000000000000000000:OKDOT:CHECKMYTH
13uzWTTctC2u98JM1gsjsGbiAFSCy4PAgNpuLgVDooUH9WyQ:12000000000000000000:OKDOT:CHECKMYTH
1259rQTa2MUfYVpRkagyfKPwJ34YbixTYwTo9rSxHgfzYMtT:12000000000000000000:OKDOT:CHECKMYTH
14FPKmThAKGeRsWUmCSMhLFhAEsMiCYLrgBXm8LsGZMprHcD:12000000000000000000:OKDOT:CHECKMYTH
12rqTJtjnU9Woho4Lr1xAQRdJiTafDUw3aXZ8PcedRUWFfRM:12000000000000000000:OKDOT:CHECKMYTH
12Rxb93ESLVAC9BDJX6hjoXmJXnHfkwhc19TpTPv7SNDhrn2:12000000000000000000:OKDOT:CHECKMYTH
13nBTU9grXMBXN4aXSJQz9cwJdAsJwBhWmBjscvWTxXbXNKY:12000000000000000000:OKDOT:CHECKMYTH
12kBPLkwMy44mCkefmE5qXdsJi1N9mBzhzp3oLqaVJtXT2g3:12000000000000000000:OKDOT:CHECKMYTH
16FjHSAwi7a2tkmKwGg3BaqJnry2xraJcQYPsWFQvbdQUJjs:12000000000000000000:OKDOT:CHECKMYTH
13k1NRppKMn5ooMzd4RZSGLT1LJRd3sHGxyn6GGYAzzcRfJ9:12000000000000000000:OKDOT:CHECKMYTH
13ZFfePT2oqP7PxWqCbAwXCzUgL6WB8C38ZLwpjnuFpCMHKA:12000000000000000000:OKDOT:CHECKMYTH
158A7vXkWt6zcL7tpXYbyT17Mz7ecpVNdgwDboqXVPBFqsVz:12000000000000000000:OKDOT:CHECKMYTH
13A4GE3J17tkWCfpcWmEjCQ7JVXac3UBsw49tVDzAamGViZ2:12000000000000000000:OKDOT:CHECKMYTH
159DfvUW8xF1Txmr4JBu7fN1GjidKoZPdo6koyrAQPiwFkUW:12000000000000000000:OKDOT:CHECKMYTH
14XnUgMjSyukYHyHmMgmZ2nnKsd8PyctJbo4L4dntDumFQ5m:12000000000000000000:OKDOT:CHECKMYTH
157vJbUj5nC87kgkftDDkUrgZw7WqQ8zPZLqopCHrNAchpwP:12000000000000000000:OKDOT:CHECKMYTH
14hg2JLy9P1yU6AiWfJmddRZDyZaB3vDbCSgwV8ziHEs8nT9:12000000000000000000:OKDOT:CHECKMYTH
14FEdJBfLQPSKRfTG8A85L65HrYy37FeTxDHyajP7Hy8Wm5M:12000000000000000000:OKDOT:CHECKMYTH
14QCBSrpJMk38Yxi4ijZcThseBEDe5UMUjTCTNrsqjkd6JWt:12000000000000000000:OKDOT:CHECKMYTH
13KpchUQmUp3aY8d77ZWnkipEpHPEHGU2VDkjMMS8V3iGK9A:12000000000000000000:OKDOT:CHECKMYTH
169WJxrarN7wtorHjRMJAzJSduzbzf1X7KWsz86sbbF1ZwHP:12000000000000000000:OKDOT:CHECKMYTH
13czQ7iKA54LhYMdoGTq8zkNW8mDzYJYSM7yDJwvHtLGqsPJ:12000000000000000000:OKDOT:CHECKMYTH
16XQX7hsT51awCoi3wrRRWwGy4c7F82K9hFRgQDZV7QyM1oe:12000000000000000000:OKDOT:CHECKMYTH
151iepZsUQAjJuCzGEDnkoKWewa1Bk1ACHHXMcSskXYyFXYg:12000000000000000000:OKDOT:CHECKMYTH
1zQXbMuDYsD7T5s7JhE8w7JoSjF7QvsR6FeWrXkry2Lc1Fa:12000000000000000000:OKDOT:CHECKMYTH
13QXdhhNeBbYWKRea5gzpaoHzEsuiKAxqUhhX59ogwb72xPG:12000000000000000000:OKDOT:CHECKMYTH
134cMpm8pk2a7hbWvz7vWe6nYwcE5Y6Cf1Q6dNrzfamtJoP6:12000000000000000000:OKDOT:CHECKMYTH
128QshyTK2QKkRxSgM8CSfUwNjLhAfvNobgQ89132RJRz5uL:12000000000000000000:OKDOT:CHECKMYTH
14VY9C4jH1WeEKhV5zB3cbHTiMLVCyFZwzgrYZv2b8frhJta:12000000000000000000:OKDOT:CHECKMYTH
12PYRXoohKygwJhJ9xbMvGNt1cR1KKpJvrgmWjQEpdomGgT3:12000000000000000000:OKDOT:CHECKMYTH
12kaZWZ33CvmH5EgzE9ffk6w5ZewjMLxskVUokuXnGp95bg9:12000000000000000000:OKDOT:CHECKMYTH
14HBf8aN2fJeNCkBErhYX2xw5FEdnt1pCV4s8QeP32LmUH6i:12000000000000000000:OKDOT:CHECKMYTH
15XZan9Rr8pJZNuE7CXuQsxjijkXA7Fi9JC5Av2HoUTZEoVj:12000000000000000000:OKDOT:CHECKMYTH
14ZunccQpa5CnJvwqrzvin19iTPc27DCk1ZN8UcT3X4NM9c5:12000000000000000000:OKDOT:CHECKMYTH
14yvcQaat7HesCfnESd313WLThAyZ7XaigW6MufMrQxDeVRC:12000000000000000000:OKDOT:CHECKMYTH
13W7dYaie5Mteb6g79Uqa38Hug5iPd5w294KgYGk7vgrWJe6:12000000000000000000:OKDOT:CHECKMYTH
137S3o4Cc3K7deZKu1aUNkJCPZJe7fZjMWGByXdVX15LJtJF:12000000000000000000:OKDOT:CHECKMYTH
15cZRhqkLSktRWAV8dR6roMVFCbrs7GRDdKvpq6DsYgvWMjG:12000000000000000000:OKDOT:CHECKMYTH
138XUPQ8BB337zV5v8SwRTe72pDo2frAJwQ9gHbfJsfvtAy6:12000000000000000000:OKDOT:CHECKMYTH
15FvevdHQGwUodSMyHC2naozRZTE81xSj2ZxeYmZDA7Npct9:12000000000000000000:OKDOT:CHECKMYTH
153vwFcQULYpZrwZd5iuHgNvXesHtA1kLmWZeeLwLLdA4jVc:12000000000000000000:OKDOT:CHECKMYTH
1dLi4YRV4n72MkLGmH74LKUZFKF7mkTEFr25YXdNrgRJCg3:12000000000000000000:OKDOT:CHECKMYTH
14SX8Uur8Jw4aAmU56qqHq3vBgynMogYipXVxPhWApojuLgK:12000000000000000000:OKDOT:CHECKMYTH
126czBhUfYrj4vbMNBNt9PSDiGMrvJeHdp2VwfeVyeuGTFgV:12000000000000000000:OKDOT:CHECKMYTH
16NAjtWADxrkcxbcRYguCZrc1coEYQqVvfLLJ3mERuyZQbC7:12000000000000000000:OKDOT:CHECKMYTH
14HMydidjfSJx3m78ixztAfcFtUgMX5vqghTvYfK3tjwL1SU:12000000000000000000:OKDOT:CHECKMYTH
1CfCN1tZEryJXVsriDqW6giQMSqdV8BE1JUTHYKsvxxX1iP:12000000000000000000:OKDOT:CHECKMYTH
16U6fVBPGQMQDj4mXwGnHnk77ZTihzLD4EAPdLacJGBWLmKy:12000000000000000000:OKDOT:CHECKMYTH
12421P9jUWtgPDbfZUJwNg73vZfNSQ8MNajZGHazNUKiERS3:12000000000000000000:OKDOT:CHECKMYTH
1bvEBbFatMHsCGmtQP4jjiHduU1KFhh9MiqkBsxmCedtcyC:12000000000000000000:OKDOT:CHECKMYTH
13yaXhYctDELK1Dnk3rvKGJBjbFGwtnojFdtQMyVB8XjSWmc:12000000000000000000:OKDOT:CHECKMYTH
127MoykUTSMY6qiYPZ1KttfjbBg8NPBvhnLkWHANwt9gtW8V:12000000000000000000:OKDOT:CHECKMYTH
13Ye6E6QMyVxiKnKZqRAsftPCNetJ74TwGVmMkWMJpuFRzmc:12000000000000000000:OKDOT:CHECKMYTH
14CqF8T1A2s5N9foSCpzPT2XYcbLhfr9o5Cnz9hWr5PxKJQD:12000000000000000000:NEEDED:CHECKMYTH
13pA8MsQnndDdCKTbSHpBAQTqJ4kFqd26ihxSxZfq3KbrNJq:12000000000000000000:OKDOT:CHECKMYTH
146ZWfqcP3K7EMwB2ZZbiyk88w2RxkyVboZHPh48sJsXLpH7:12000000000000000000:OKDOT:CHECKMYTH
13gVcYA1so8HEJ5UMrjU5yhmkyo42Nbf3SU5AvXtSUqL3aqY:12000000000000000000:OKDOT:CHECKMYTH
1tmDzB4n5rWcdTBSxyFn991QpbP9JzkLM9wVwb4HKKV2rwq:12000000000000000000:OKDOT:CHECKMYTH
12Hcriw65FNLf3rKYQh6muG7t1JvjCBMd7y4h2orgLoacVfB:12000000000000000000:OKDOT:CHECKMYTH
1QFa4r8ZX9Fu9rHDWMa3RtzDfZvYt2AYyLH2fECrDfDkAc8:12000000000000000000:OKDOT:CHECKMYTH
141TfnkVWfjjckhWDYeZWusG2CbUGCkyezwSqU8Hvb4oL8Nv:12000000000000000000:OKDOT:CHECKMYTH
16fcHgegMHr97eoStZxeZvq7RQmYi58bqKE8SrTh1AA3BCwF:12000000000000000000:OKDOT:CHECKMYTH
14VJHr4tZvdxMa9crKRYbxzh7fCioMscGB1Sh5GqdscSEg3b:12000000000000000000:OKDOT:CHECKMYTH
168yWeq63pfM2fXgUt4e76kXgKKWJuqiV9yWqh1vQYCUHiEp:12000000000000000000:OKDOT:CHECKMYTH
134azCEuzw1k425PvDNCVTo6ac7ZUNZKHQE5oGc653cF15hi:12000000000000000000:OKDOT:CHECKMYTH
14RzGqrEiZgK1wugomsXP5Qu7ehxcjTvjpLkrK5Wkbk8xNEd:12000000000000000000:OKDOT:CHECKMYTH
13ZQ8MDBrj1tKTzvcHgA7nWc6xyzSJTvU8FD7MkyqoKUSZvp:12000000000000000000:OKDOT:CHECKMYTH
16eFJPTgEJ4aw3W1j1jCSYrLLxLio43zJh4FQWq3wun5Es4u:12000000000000000000:OKDOT:CHECKMYTH
168aSREWKU42fn59FkXbei8AwtNpvS4JjmaZFPPc3dFibD5F:12000000000000000000:OKDOT:CHECKMYTH
12v5CtJpEDPNUyjEfiV6XdjqrLcraVbPGLmaU69wrVXFEYWF:12000000000000000000:OKDOT:CHECKMYTH
13eqTsH3538Csjks2Pz4jeh9wEEH9kQwiNxn62TGt7avhsxy:12000000000000000000:OKDOT:CHECKMYTH
162ZXjSPtrA3Wo2t3MZ2GGKLiUrS2Lph35W3BvC9GzxqWYv3:12000000000000000000:OKDOT:CHECKMYTH
1bB7D9DHYcgCR1EfJXw5L8sW8P5DrA8ym4Jki4KcaMT3JQn:12000000000000000000:OKDOT:CHECKMYTH
15fkyYHZ7sXzw8uzTxyTqL9BFJir8y42QW3Nx3PzdFWmvmbn:12000000000000000000:OKDOT:CHECKMYTH
13MjrAVstE7s5h8Gn1BSuyx6ijy77udow6Z2aLsCSP9jsPCN:12000000000000000000:OKDOT:CHECKMYTH
126EkMMEEHekwmHT58QhaJ52AhaDfycgyAZApG7HG7virB9v:12000000000000000000:OKDOT:CHECKMYTH
1uKacyBXwewDeYGgzCzbk6qNf7eNwteNHLcLENwzsjEzjYc:12000000000000000000:OKDOT:CHECKMYTH
1vRbwXfeuj8cYgwYmaC6NJE46qNqGWj9WtwvNxWbjLv6GU8:12000000000000000000:OKDOT:CHECKMYTH
16G5DWvABGLZHfJEzU6FXu6npKsrJWq1NmdBJkHei3v3xtkH:12000000000000000000:OKDOT:CHECKMYTH
13gQ6z6xcBHikLH2Kq2WEaCKR7wc8kunXELmHErwHszErEQR:12000000000000000000:OKDOT:CHECKMYTH
1bc2GqcsN4fgQZgkNxm3FUcanCVG19hqS13efCwjmBfV4QM:12000000000000000000:OKDOT:CHECKMYTH
14re5U1AW9PzjNStzd9sJj2yhb2xonmiYAd9onYwRqqG6xfy:12000000000000000000:OKDOT:CHECKMYTH
137saeXPun99nhmyM7UEmUXwpKAEeb4vqTDgaL8Qx3BXKzC2:12000000000000000000:OKDOT:CHECKMYTH
1jxdJC6gbPQi89cEWjJB7xet19A6hozuZGvDUCsofZYKMKS:12000000000000000000:OKDOT:CHECKMYTH
1G1ykEVegbnGP6Q2AEwyRAoY3vUV5XDeXkaynpvCus6UBUS:12000000000000000000:OKDOT:CHECKMYTH
1Rdc7yb7qaUx6cPXnwgDAXK4fhMJ3tggCwxHrs1Y8g3YuFS:12000000000000000000:OKDOT:CHECKMYTH
16MHznQUQPSsSBJCNuoz8wNSwvrZb1Le62aDRotcaBRyQEx2:12000000000000000000:OKDOT:CHECKMYTH
14KU2zRiL68qu5Y6345EpqAkAPUfP161g9bkhgasy5VjE9oJ:12000000000000000000:OKDOT:CHECKMYTH
12qXmo7i7WTKyuH3rmkHbnkDsQ2X5Vgfy2pdJ4UuhLc8EQbR:12000000000000000000:OKDOT:CHECKMYTH
12Yt83LzJkq6e7ae1mZeFVPmPpyBCLV8ZBdfvXupKrPb9Jvr:12000000000000000000:OKDOT:CHECKMYTH
1jKeM1x6yi2c5TJqjFj7cQbXE1Szwt82JMyiZiYVgag5sBZ:12000000000000000000:OKDOT:CHECKMYTH
14v3EPox5EGsdDNqoMXc8FR85vpVbj3rh2RkE4FNcuYib8no:12000000000000000000:OKDOT:CHECKMYTH
14B75j1enZ63aem1j7hciAbxXGNp77B68fagvojefgu6zsoP:12000000000000000000:OKDOT:CHECKMYTH
15gyn2H2QvEQLXA5tpGYQuWxGzWM48EeEkckxejcpyYQBRoC:12000000000000000000:OKDOT:CHECKMYTH
14Gy8grvBjWp5smNF8BTcr1AkfwnEJzBnrpg3NJau69Po1Kp:12000000000000000000:OKDOT:CHECKMYTH
13viudVC2FuWJLUcV1dFA7twPnfzpED6FxQ6Nfvx3mRox8dh:12000000000000000000:OKDOT:CHECKMYTH
14HAKnb3ShLR6HXoPQX9u7wQQfr2Mhyq714H2mhYLc9bFvcd:12000000000000000000:OKDOT:CHECKMYTH
16K4ibRPqAxSeA8SS4dru5LGHxmBz364MsLCL4J7bAH3exwS:12000000000000000000:OKDOT:CHECKMYTH
13qBvTNBaDbq86P4x43pjNR9sSTmt3dzjqhH4Vf3XnvttHGP:12000000000000000000:OKDOT:CHECKMYTH
13KiNt4FypAHC4kSwZWnm2LrgB8RDNDyyAMVy83m5ByRJyGC:12000000000000000000:OKDOT:CHECKMYTH
15AzL8aBS7bDC6z6QP9QTYFCuDtL7pcXCM6wToaoGcHmLVxV:12000000000000000000:OKDOT:CHECKMYTH
14t7KLq6T8wZvH3Mbbkuv56Kp8P8NCdD7RqFFybppJdtN7JW:12000000000000000000:OKDOT:CHECKMYTH
16ZuWULCeb5ztSSFvPpxfzNPR6UE3gSyVy1iVeVKQKhatVVQ:12000000000000000000:OKDOT:CHECKMYTH
1GxbJsZs7K6qmGDhG9DHD87dsAfDFfx91JbPYytUsXHxwAL:12000000000000000000:OKDOT:CHECKMYTH
13TiZz5ohvc9br7XXBi1BxTwLCW4Kzp6tAmWgZa7vdr7Hhbd:12000000000000000000:OKDOT:CHECKMYTH
15CQueHziEdjB9YuR9TLs1yv3tuwsajg8JQcmhT2fVe5okQJ:12000000000000000000:OKDOT:CHECKMYTH
153Kg8CsE5KWiBCW6zsnMLsVpXNteghXSmDmhhoHoMiSTz87:12000000000000000000:OKDOT:CHECKMYTH
16cUAfUMNp3BqW7mx7EFtikuhtrvr9HpWnJcMkUwZpDPpkUR:12000000000000000000:OKDOT:CHECKMYTH
12b95M4qbSgJr3PtkgqiBZhekDMXfAuXYCYqXvs86yX4ftRk:12000000000000000000:OKDOT:CHECKMYTH
12HnoAhTRAgJ1eigYAMo6vAh9SBo1yznQTxTeniMSWPm1bCE:12000000000000000000:OKDOT:CHECKMYTH
16TiR7j7KaFBWUj4FGNXNAeZPeLzQ14J2pNYr8pxAM6XHZN6:12000000000000000000:OKDOT:CHECKMYTH
1PhUEuKL6DNQKVb1GiNB85WzmXHEm5jVrb7dqahXp2adxaV:12000000000000000000:OKDOT:CHECKMYTH
1u74cLhKHTXdSqkDkYW6EkaoNgknvgeuzrxorhtFJ3guceg:12000000000000000000:OKDOT:CHECKMYTH
155v74JndkKbrBX5mDnkJJHHDsuB585pf1Y1Me8jdVZ1fMaQ:12000000000000000000:OKDOT:CHECKMYTH
1LzkJsFNnxLMUsY2Q5L7hrpz7FerhkxrVmUpoiEDvP6GUhF:12000000000000000000:OKDOT:CHECKMYTH
162canRaPD2qaqNaQ69egsNYdaW1PbMsNTgyFNgaM1o7VPdP:12000000000000000000:OKDOT:CHECKMYTH
12UozByd5VGNK2zrLjvGmKiiaoyEmxWD8jMnMEEBEbgxP3gy:12000000000000000000:OKDOT:CHECKMYTH
12twmCvqe73D8waoSfiFtaDc3AQD8r3JRgmjMFFGeaEVt21s:12000000000000000000:OKDOT:CHECKMYTH
12WDeGYCzggr1zJjBsDMoDYGy9Py7iKzKQrZFN3WJt9ctYXV:12000000000000000000:OKDOT:CHECKMYTH
1SDkTQCPKXdjfbaso8WWKQkcTRCEwWwQTdEy74BfjWyPxoJ:12000000000000000000:OKDOT:CHECKMYTH
16WFXCVvzDG7ZJ2qAMv2MuAvonoYQ44jdMLSF7bG6jQM9Z9s:12000000000000000000:OKDOT:CHECKMYTH
1xxEDVq8jDbBNZin6CZCbjxjj7hdMBLUFk4vbboY3xwGAbj:12000000000000000000:OKDOT:CHECKMYTH
121z4ECgUfGBwjVd3uNWaswDNpk6RnertC6t6QcU1vvnxY7P:12000000000000000000:OKDOT:CHECKMYTH
13QAgWEWfPazxURYkTp6DWUX27YcZQQ5GFo1YJj9SwREFJNX:12000000000000000000:OKDOT:CHECKMYTH
167jVfEQdZsRZAWnXjHa5jt67z4jU1owxVozieiaNijMA3hB:12000000000000000000:OKDOT:CHECKMYTH
13StTs1J95EEdJnfEmLL9nA3D5VUuUgbPev8YZ641njuotmm:12000000000000000000:OKDOT:CHECKMYTH
14pYVKUqGDHhphk4u9XFafSoXo4CBzDuMeoBQMQh8EreHpqx:12000000000000000000:OKDOT:CHECKMYTH
13yM6pBxB1N34MpZ21EuPsvmjWq5ZYDKzswHXZi5T8n66a9a:12000000000000000000:OKDOT:CHECKMYTH
14X8wDu2ULPQgPi5FNCKQr44kPQwNEBUa3tavLSJpe78733t:12000000000000000000:OKDOT:CHECKMYTH
12mWuFigaNsEnuQB9vuXoaG46o2EggjwyeqKLHvvgrLsYmsE:12000000000000000000:OKDOT:CHECKMYTH
1338R7NvQyS1rPkXpqQ8RJqfYEvw6xP28v156v9eTCdeDQws:12000000000000000000:OKDOT:CHECKMYTH
14Np9qwWxjkBT97ZnH8BWfmkWr4yjtPjJ1yDMNiJ86BHqY5v:12000000000000000000:OKDOT:CHECKMYTH
12PE9DxRSGVXZ22KHLcGq6Z2ybURpaM3xLkWxya7jtWTEh6n:12000000000000000000:OKDOT:CHECKMYTH
16AvmZQJsUX1jReJNNxTAMRPUiPcWmCmn2vYgNQWZ9UwYuy:12000000000000000000:OKDOT:CHECKMYTH
14BJM5gA1UVD1LY7ZkGKradsqeNcwMhti51oxo6B6A4zomkA:12000000000000000000:OKDOT:CHECKMYTH
16T7mohRjf97gHe2cENsqoBmMYHzcQYnQxoAagmCSqwBQeMN:12000000000000000000:OKDOT:CHECKMYTH
14Ge21p84UDD5YTHXyPmCAqDzPk6EMQDKS2TBAWVgDJmvpvk:12000000000000000000:OKDOT:CHECKMYTH
13kPoViiDuTEb2VQVBLViqY1VwZdf76oeTNFThQB8pSadVn2:12000000000000000000:OKDOT:CHECKMYTH
14abzXCh966f4wJHDNw39GSqEpjqsMmYRxCd9wcPpQeasHWV:12000000000000000000:OKDOT:CHECKMYTH
144Pemu9Tq63wDqaM7zBXRdwVzvBvB38B5kPqtFKmDenbHHM:12000000000000000000:OKDOT:CHECKMYTH
15fu9UAdosb1whz6AcTiTGrJu11ExkPKcRBawC1MTUUPyVxk:12000000000000000000:OKDOT:CHECKMYTH
15xuGho37jUe1ouuVKucy8Ucpp61pNWVoEUmXGc5dTs5TxmS:12000000000000000000:OKDOT:CHECKMYTH
14viLxT14XhXwnWwgF685zf9WicSJ6im9Azj8uQwhiogdqpc:12000000000000000000:OKDOT:CHECKMYTH
1XvmJcqY4rJyq2Z23psU3bGVmK1qufpW8g7fp9WPCp237ZN:12000000000000000000:OKDOT:CHECKMYTH
13GzVd1mha8pEuarzn5sNBJiqYAuRzsaUFRV4utCsqDXYiJ7:12000000000000000000:OKDOT:CHECKMYTH
15nkSitaJyrfqZNXyQwrrpWT33YKoSRqVyHtQSCXEZYYtkX8:12000000000000000000:OKDOT:CHECKMYTH
14MzAyJNsHMoXUQuBf6vQ8TYtd8RCPAeKXMPVAs7rXCHJGic:12000000000000000000:OKDOT:CHECKMYTH
16EAwHuC2RvY7FNLFTnA2syyp2XDbaff6RN9erjQPeqeBDuu:12000000000000000000:OKDOT:CHECKMYTH
12DzpxyiV8oFSoghuRxNsFEwpF2UdR1JwFpwfuX9GsdZo5vo:12000000000000000000:OKDOT:CHECKMYTH
12kCNSpj3xjMLPpRXmkP9pvg4znTiy7GsAXqs7mB2uGjaQnk:12000000000000000000:OKDOT:CHECKMYTH
15Z3wcuNkBG1hQr8XQEByBnNmQmw1h4MvG9jBuQ8VBZTsXZP:12000000000000000000:OKDOT:CHECKMYTH
13NCPZtXcFMqv3aqghvFAswnTXMvyrP6aL1SaDUvSM4uLdXd:12000000000000000000:OKDOT:CHECKMYTH
13GzR76rhZSoTGPVKCqmvXgPYzxuJTBtHhccxapKHu6GtdYq:12000000000000000000:OKDOT:CHECKMYTH
14x2VqFPGHnW98sT6HVasipqAhLHQ7fGKNWDKKHFtpB1xg5C:12000000000000000000:OKDOT:CHECKMYTH
168LpDnH2urj5LiHazTGsCtQJLJfHcXZpLQFHC3m86C3qThr:12000000000000000000:OKDOT:CHECKMYTH
12bmjkuyX75L4nRSsvmAxuXtyCKMnXBQZnMrGKkJDWMMo181:12000000000000000000:OKDOT:CHECKMYTH
15vcW5eNDWuzLdywTJ27Aygbas8ZDRHq4jMGHX6yZTFMVGE2:12000000000000000000:OKDOT:CHECKMYTH
13Maycr6GVTvta5ism4WNLQDL73MLDEwcCviz7ccjj4LnMhr:12000000000000000000:OKDOT:CHECKMYTH
12nN9tpL6bmVyVQj1mGgk1dGfPRjLJCbYQgiJ71pPguqAeWA:12000000000000000000:OKDOT:CHECKMYTH
15D9Ti6ri3u4ZNieeuZy9KpEUfzHoXjUR8MA8awQb238FhYN:12000000000000000000:OKDOT:CHECKMYTH
15GzZoFYmk4ebN4uRK2PxCReaMBbcoHy7PihkGskuQpytrhp:12000000000000000000:OKDOT:CHECKMYTH
1pokiMrLvzFKgYHg822dcvw325A2CzatRiCsqXts5Zh3VzZ:12000000000000000000:OKDOT:CHECKMYTH
13YwPhsX7pndYmbMPNqKQ2B83qo55MrQEt1wRZZQW68RBhYS:12000000000000000000:OKDOT:CHECKMYTH
12MGNEAsKup3hQTC1UXsJm2dZZ5YYuUkcpdsH9y9UXWCKT88:12000000000000000000:OKDOT:CHECKMYTH
1639cidZe1JMC92ZvFGJEfLfQ4Sadwbg8CaeJm2Sn98M7HCF:12000000000000000000:OKDOT:CHECKMYTH
1krZz3KJVw9vMVpMCJF3h5cUWnUXx99GMK5Lrd86jA87ELc:12000000000000000000:OKDOT:CHECKMYTH
15PYTjFjwf6b4N5NLQWedGvzDgU1kEHUnmjtDWkLEAfyjPT4:12000000000000000000:OKDOT:CHECKMYTH
16XbFKRCNgrEx7LFTUQCgQPYLBXLJ3CVdxC9xBSzEdzaJC8U:12000000000000000000:OKDOT:CHECKMYTH
1t3MzFP9EWLxQYCDD35Miga6uSmXpc6r7QHNJ2T3oiDVxZT:12000000000000000000:NEEDED:CHECKMYTH
15pvGmehM3Lxyj6E9Y291tXrELG4YP55oC5bYXhTnjzgvJuQ:12000000000000000000:OKDOT:CHECKMYTH
16ZxEsNWgxpifHnLrrC2PvGh1AYUTKUJuYPNCp5ox6gV4fHt:12000000000000000000:OKDOT:CHECKMYTH
13GcBnpCw1sKPDDMDt6aDBsrvh9reWnBTCCoYm4cPuubDs6g:12000000000000000000:OKDOT:CHECKMYTH
14HbGKahPUhUZUjizEUhpNC7bhCJXZVkqczyzUsnyvsMUcUF:12000000000000000000:OKDOT:CHECKMYTH
12u9arLx7Xd3zzCFVPp13VWZvnVSit6rM1urZa1eDerXvXw9:12000000000000000000:OKDOT:CHECKMYTH
13YEJgJEQMmTJx5WQ3rM3WQRRrtfnjD5MwvXrgHNakE9q5iL:12000000000000000000:OKDOT:CHECKMYTH
164xjwNYJ59tc7Qfi9boeAsSkckMoredz7wjVkBiTgxGLzZ9:12000000000000000000:OKDOT:CHECKMYTH
12DVQ48dXFMsYoMPrP6AVNbw52BDaz37BeNpiG7JCqeyEtBe:12000000000000000000:OKDOT:CHECKMYTH
15sHNdisxWhxdBPPgdg6FiNpTRL5Kb4MAA2FLKxACV6YiqFP:12000000000000000000:OKDOT:CHECKMYTH
12c7av2EHPeVDJYCTzdahKvWiHYBZYaqLuAtF7i3NTnAvctR:12000000000000000000:OKDOT:CHECKMYTH
14TRCQiRvgMm8BnMtwpU8pwpBpSFKtGAxgrYYqWy4Hcpqatq:12000000000000000000:OKDOT:CHECKMYTH
1PTCr8tEFsv9f2HkwiH9uMWG21nMLFTovQQtMxgiMUryYwu:12000000000000000000:OKDOT:CHECKMYTH
1vGTHvfENj2jRWBVLh8eThHJWQQcEK3c41WBfTnBcJVdSuc:12000000000000000000:OKDOT:CHECKMYTH
162E2g746PVbrx2nDSuJjEc4G2Hsk3aZJwwNTWW9sCCPM9Rs:12000000000000000000:OKDOT:CHECKMYTH
12iHLK1ZuFRrZWsuP4JpMdE6CNdZUZy3sUXv2zQw5MPzCQZ8:12000000000000000000:OKDOT:CHECKMYTH
15Z8J3Uw7SNwzV8RKSsWqtg4SVPebAJGMXkqCSsW1ReqBYUH:12000000000000000000:OKDOT:CHECKMYTH
13cNBVenyA1snowHRWQSBKoi9UMtyTHCDuYsMovfdCiZTy3D:12000000000000000000:OKDOT:CHECKMYTH
1a6YTpV8LBAqPNAEgrEoC3fi9PM75iRvNunUZ6MTzqBn2Np:12000000000000000000:OKDOT:CHECKMYTH
13pZkW7mT4uoyemjpEE9PmsGNpASgMsDiY9A97QcLLYVUVfd:12000000000000000000:OKDOT:CHECKMYTH
1567eU3K94Ccui7kzX7qYe1YEadpJGqLEBQkLnoT94QvFtSo:12000000000000000000:OKDOT:CHECKMYTH
13JoGWh5Tc7W6ohgm5z5WupP5jdvAr89o7w9d1ecaoMDtc85:12000000000000000000:OKDOT:CHECKMYTH
1YcZ2SsTAcCzqFDtQxeEtP2UAenZuP1wLuGuvroQfiCnCyo:12000000000000000000:OKDOT:CHECKMYTH
1265osVHQNjN5yWFCbkjGXZ57n7kNotRfBBV7MCUetcSc1D6:12000000000000000000:OKDOT:CHECKMYTH
16TqGkNH9QKE4ir4ihw5rpdAJBR89rsn81BXsDn84fkXLdLX:12000000000000000000:OKDOT:CHECKMYTH
15wDUSMRhiLU4aFKSw43Ph6NfrZUYyRvup4BNQTjsWBZfnGC:12000000000000000000:OKDOT:CHECKMYTH
13qi35z6YT14tBDxXPwQ5zBdd7PnNK9qVduu2JBFry5BueqX:12000000000000000000:OKDOT:CHECKMYTH
13Si3Xg5j2GKs8u181zyzznjVQrVkkMdL6vha1qfWymV9HKs:12000000000000000000:OKDOT:CHECKMYTH
132XPXxmkdFF1jPPeqXGZ5PEn1Ah5WQKDxYUFXeJQxgw2U2E:12000000000000000000:OKDOT:CHECKMYTH
13ar3Ci141ZrrzFyaJVti9BNud3qdEZKvbj1gNHt4Sehx7Pg:12000000000000000000:OKDOT:CHECKMYTH
1p2LDpoSMYWaPPfHVVyyRne6gv97SYMTc4N36nbqXnyBouq:12000000000000000000:OKDOT:CHECKMYTH
12fYMWzyuRvrwTYaXRPdain6LXAVwBF5dQQJUXGy3EBBeynJ:12000000000000000000:OKDOT:CHECKMYTH
12QjTDjZT9z5P5LSe71ZBjYTnLaQoA8FJaMgtckBk4BR7ZKK:12000000000000000000:OKDOT:CHECKMYTH
13SvHnB9UaRneidBfyroyuQcK38HVtXJoj4gmGYaVvQ8Tg9S:12000000000000000000:OKDOT:CHECKMYTH
159daDjS9sCJWy7tGQotSxUXJHSQZyASme4AEYtaeDn4S7Tm:12000000000000000000:OKDOT:CHECKMYTH
15Y9Q9wQWp1kwH1UuFQHDRLkKS6jdimAGSS8sDLwraTBo8er:12000000000000000000:OKDOT:CHECKMYTH
16CaxXSvY5bhZdP59K2C4SA3ZHVbdhLbsg8gVe2eaBJAcEJW:12000000000000000000:OKDOT:CHECKMYTH
14DVwXgAWg68hLZoMbRt6cyi9dL5Fs1TYuMdCZGKrEt8PPc7:12000000000000000000:OKDOT:CHECKMYTH
16M21vqJXpojge1U81JYjqqR5tyq6DGvsGoqKneYYL55p1zj:12000000000000000000:OKDOT:CHECKMYTH
1BXhXpU7AXEcmsLf6ziobZWpyS8e3GGPDMEXLdFKhsq8bXw:12000000000000000000:OKDOT:CHECKMYTH
14yiQG7AMv35cDfXgYc7RPcQDSFkC7KMaaeRFtrATZyhKL3m:12000000000000000000:OKDOT:CHECKMYTH
14V1FZXvwMeNSoWKgo6ae9uf6HiDfKCffKovDA3nJjF6fKCt:12000000000000000000:OKDOT:CHECKMYTH
147BwAcqLn2cGf7KruAZUPUjsKnNwb9ctBittbjFgTMyH51z:12000000000000000000:OKDOT:CHECKMYTH
1u4Xgu7XvYd5DTghEAJjwLNy4zU6LjLUKBtSUmavd6cwhCm:12000000000000000000:OKDOT:CHECKMYTH
13J3RxqGbZEmDe1CCJjp9kB61F6DTMaDkSQvQQriZHRsHP2J:12000000000000000000:OKDOT:CHECKMYTH
129Hkngi4YDbWVEHCM4YaR5TWYzDsBrNCckwwYw7rtd8HHWi:12000000000000000000:OKDOT:CHECKMYTH
16mPQZRAgtUskss2juChtYyu6LaddsziEMPaEiWrG3tBE4jQ:12000000000000000000:OKDOT:CHECKMYTH
14QyciM89xgte8RZJzCBZAG5VHqBc8AhMq4cJDAM2v1U9w16:12000000000000000000:OKDOT:CHECKMYTH
13aCmz62fiD1NQkCgyyLZfZZen15yBgyMmYKVaa4zSMesuqx:12000000000000000000:OKDOT:CHECKMYTH
14VpPPmAxPaRv8WsKrUuyVzvkPyXvHVocqeR4akE3TAFufP3:12000000000000000000:OKDOT:CHECKMYTH
16iyPx6P4xRJXPfF7sjwnpWPsRyTiiaNnqFfCrCWWey787xN:12000000000000000000:OKDOT:CHECKMYTH
14VwALBqL5BUXo1xqHvZiq2TuGcr2HCzN6t8VQPmEvmnDexE:12000000000000000000:OKDOT:CHECKMYTH
165C7cnkbkPaZVAf31Qij8fhTPTxp4vf83Asogb1DvfJ5gew:12000000000000000000:OKDOT:CHECKMYTH
15xjgxLRVpzeotLKd98GikX78L1zS8eJqruRv8XKx12ShYuE:12000000000000000000:OKDOT:CHECKMYTH
12kAENwNYB4EAaj15mFvZhrd4gUGJXE19TexLVgweoS8hKjK:12000000000000000000:OKDOT:CHECKMYTH
1RCqREVp1ujU3WXB8HG8KkUsXYkKuZ81dVRJ9ghiTBcpQER:12000000000000000000:OKDOT:CHECKMYTH
16VqHnofcpcaFEu8S8xQTJpatjdfviszqCrUKenSnQKC4zwJ:12000000000000000000:OKDOT:CHECKMYTH
15WJShux4vmdofvTBibhJ3Kkx6ZLabwmaFPzkj5Eaoj8GqN2:12000000000000000000:NEEDED:CHECKMYTH
13MYE6YWywvRp2zYeUAirV3NWYEUnPGyyDp4tbCmt8x2bYwF:12000000000000000000:OKDOT:CHECKMYTH
15cFnyENk4pmDEDywrm71nMUy3an7ZXk8TcrU4zzZJ5ALvzF:12000000000000000000:OKDOT:CHECKMYTH
128t97CWzNy9A8xcLs8TjJx5KvSzYUcWAK8cHdrkPRD4nBVN:12000000000000000000:OKDOT:CHECKMYTH
13BMU4Jf6sqNbQmpoUScFAY36kRdPuKEGEkRjCbxZhBWi5jL:12000000000000000000:OKDOT:CHECKMYTH
168dhw6Pr17kdiVovjrqMt4jQgDqX1zV97SHjan2PfT5evYe:12000000000000000000:OKDOT:CHECKMYTH
13pGA6rTCj6teWaweKhq7F2ojqKmCj3pGf7m1iA5mqoJkjK6:12000000000000000000:OKDOT:CHECKMYTH
12J2T8jxEbGNBTFC5Fjx2VZMPXJh8MNqaa68mhfvgEq1rfnT:12000000000000000000:NEEDED:CHECKMYTH
14EvQC52oxpsVozc51yHho7f9pd5SJYZqjy5MBY8KwVjq2pX:12000000000000000000:OKDOT:CHECKMYTH
124QzRqxyMyu4bYN44nwRdkNsxZA7qE8fEkH5DhQxTpUGQ8b:12000000000000000000:OKDOT:CHECKMYTH
13tGdqU4YLCp2qSVPvctHywP59oxyU4QeW8naR4vMvK8ZuR1:12000000000000000000:OKDOT:CHECKMYTH
13jRBh8JeW5nj6YeFjanwgrbF2csAasoS8nCGB1wRyekJfkc:12000000000000000000:OKDOT:CHECKMYTH
13misNLedENQwTcLkAxRiKXvx7PpgtDF7bL4BEsbRZ4jvNEV:12000000000000000000:OKDOT:CHECKMYTH
13UTEyDEmDLLYC7iwzbjJNbCuDEAPciCCNE145bURVX69zRA:12000000000000000000:OKDOT:CHECKMYTH
14425AaR4GaZjisLaHkbUEemYBME4SDCrEYdmuArryx1sgD2:12000000000000000000:OKDOT:CHECKMYTH
1howG52VbDZRBGUrGFvxeGfkWP1HmHcYiAXZfwEWWcTSeq3:12000000000000000000:OKDOT:CHECKMYTH
14LeJj3tak5UALTBSJXbWA4uJ1QUSmffDMkhnBsW12BHwsDK:12000000000000000000:OKDOT:CHECKMYTH
12Hb2wJ8Ev2NGuncahUAoqWiuZu8hBzcB14kVDLfpvLu8JFA:12000000000000000000:OKDOT:CHECKMYTH
14gLk6rKS1ovrThmw8SKH6YLAKLBMt7tXfaUyHJPL4CFBpJt:12000000000000000000:OKDOT:CHECKMYTH
15T2oT6beHCEWTxjHPLUBRBRcz3qUy55tWRC4y8st6FsccfM:12000000000000000000:OKDOT:CHECKMYTH
16MKcMNkhoDYX7zoFYgAkpqmzaHiiZdyG1hvL8qCGtmcns77:12000000000000000000:OKDOT:CHECKMYTH
1M7D2ACqLZMJpBK789KWFbv4BtSkb5C2NPqT4hZiz4EVEwi:12000000000000000000:OKDOT:CHECKMYTH
15iiiZWtuELHxEGqdYYJUZQC8kmLwP3pde9XcUm2bmAmfCvY:12000000000000000000:OKDOT:CHECKMYTH
12ATsbm2eFjWvz5ZL7r7RMDnHr7RAtQuRZ6P8k532pEaKo2y:12000000000000000000:OKDOT:CHECKMYTH
15deRrbAX5TPkwsrz9X6YiMgosK4LprLBvSNEVSsgWmL8Ggz:12000000000000000000:OKDOT:CHECKMYTH
1AW7AzwkSDrwiTmW7hbTczwb3HaSAhevjJNPaCACFr5HJom:12000000000000000000:OKDOT:CHECKMYTH
163QAJV6XXjPp5d2xu8gw2fcBdRbR1XZfTfY72xFedjFUkCf:12000000000000000000:OKDOT:CHECKMYTH
1mS9PYYPAEVNB5Ja9kwdftgWcbEsHaydgcv4A7oFmt8hQGK:12000000000000000000:OKDOT:CHECKMYTH
15VRGgE22fNMNPiYw3mJHHcnNeVz5TViGQvyr3hiEic168Xm:12000000000000000000:OKDOT:CHECKMYTH
14Uk7bRqsvwwtxHa94hDE56UMQ849kGeZnFpfiYEyVaDh8x6:12000000000000000000:OKDOT:CHECKMYTH
13GjGSb3AeTj59vPSgG5Z5QHkhF4xNFaviyoudue57PoyfNR:12000000000000000000:OKDOT:CHECKMYTH
15FFra5Ss9XUhSGPECiPv9DVFYYRAKAW7GPJcuPNNnJs9DEM:12000000000000000000:NEEDED:CHECKMYTH
16ctppioCsUwSQVvby7x6JdLosu1AKmgtR1QvH8HHxufXknM:12000000000000000000:OKDOT:CHECKMYTH
1jwGVvEvQKwWxsiaiDuyweZRG1VJkcdWvdx6MShosDkfnKw:12000000000000000000:OKDOT:CHECKMYTH
15i4kw9BBM4ktbWdxRZPxZrQYZ2Ex86yrcVbwvWzNCY316pk:12000000000000000000:OKDOT:CHECKMYTH
1GFyQHUF8pX8umpRVQNTsL4uJyPbEjWXMG1REU6Sz8opE6B:12000000000000000000:OKDOT:CHECKMYTH
14LaRmrDXsF7iY9ZJhhKLqcvN8zbH1w2xw5rthMC2YRSdB16:12000000000000000000:OKDOT:CHECKMYTH
15quuQz4BmKGkR9f7SGMKZfgK3czkxQ8EaVkobwogp66jFyN:12000000000000000000:NEEDED:CHECKMYTH
12iDDQkFHjUqeZH4AxSaWoGji52R5GRkfPR8WXp2zEoUcSqR:12000000000000000000:OKDOT:CHECKMYTH
1oggKfjrSprdxUJmADpBCGpKwthPBq17jQbNnWG972tZBTW:12000000000000000000:OKDOT:CHECKMYTH
1R3WM7sfdqX9mYCzfZKipt73GMTNhg4VyDhooj1PN2crF7S:12000000000000000000:OKDOT:CHECKMYTH
14NJhpc3XR3tS5gbU9X9PCxt2t5bLq1duZvrbFMPNTrfT1d:12000000000000000000:OKDOT:CHECKMYTH
16EuQxEiMaZaUdPo1xFZEoc4WFJsxMWT17dC9RfdxY384dA7:12000000000000000000:OKDOT:CHECKMYTH
13pVmX6oEGqqwk56LzAPXiRBTSnk6zDHBwjoJKpuJrrkygR4:12000000000000000000:OKDOT:CHECKMYTH
13PMDMTF8gbNBza6a4jfr2Vwy6vpNBJsLPAsLLYLtGSpLR8a:12000000000000000000:OKDOT:CHECKMYTH
14aybzBbc1ozTSejYCYo27z5Kj91CXZos1X7NHWZmdobkH9z:12000000000000000000:OKDOT:CHECKMYTH
13fhD5yh5tiZs4hdenGwSqqpxasUmb1JW12jHAxcMZg8p2Sb:12000000000000000000:OKDOT:CHECKMYTH
126BXmLUQPUP2AUunUqwFfDdAMKTYC4JDPiS6KCZVMMahJ3v:12000000000000000000:OKDOT:CHECKMYTH
12ir4j2VdLeQHn7K4xfMAX8joCAKjxx1Pe6s8aDSqAUsUmRu:12000000000000000000:OKDOT:CHECKMYTH
12qP42NaqgK5jFqmWad6YYwZAwv1TAhkB5D7v4PehMWnQFVs:12000000000000000000:OKDOT:CHECKMYTH
14ywVQic7LpkBt4k1Xqp3nNxpvTxBNPg9d42TYC7VeczFZ6p:12000000000000000000:OKDOT:CHECKMYTH
15nzF3q1GQj1MU9aa31bknJPn9nqecAEHRiAfyTxRC9sDMkA:12000000000000000000:OKDOT:CHECKMYTH
15CDs92oTuRbL7N9wEETcLdCWciGyeHdjXLvbBmTvWP3TSMe:12000000000000000000:OKDOT:CHECKMYTH
1pN1h1VdDy9fSrB2CK77g38UiwTDi3PBbANzJ7a2SNTYHcB:12000000000000000000:OKDOT:CHECKMYTH
12WZSjDGnLCnQA6AZLzLkMBjmyCUFsX2hZfv9nj5ghwjQE27:12000000000000000000:OKDOT:CHECKMYTH
156HDUtGur5fX7E8GtzYwBHnwRYtEqxhVAYZnut9wRYagP4H:12000000000000000000:OKDOT:CHECKMYTH
14BUEQhqs5TNTcH2TH9spS8sewnGtRfqwwF7cXW743QoadQn:12000000000000000000:OKDOT:CHECKMYTH
15Brs35FvZXfmXKjBW1gmLXnUyCQABmY1A54dmb5gVJAroDE:12000000000000000000:OKDOT:CHECKMYTH
12ZnW2oC1yfdBekokYcFVx8wMD7XxViCc9JSqouJGoxhTHn6:12000000000000000000:OKDOT:CHECKMYTH
16Yoaip44bM2bqABC4MAoGohDNsD5adxNPVSggH44WU7DgzV:12000000000000000000:OKDOT:CHECKMYTH
14LVaMmdqchNxzqHRKiZUiusWUrTEkFRyv92KHJGrDNFg5Hf:12000000000000000000:OKDOT:CHECKMYTH
14ymqH2w1zqv2SVpWYXHxC2azC3UNa4B3dEuSbxd4Q8LZMLp:12000000000000000000:OKDOT:CHECKMYTH
14YojBaKn3KcvTaC4NkookmZJHHGYN3F5je6NBGiMHMUknu6:12000000000000000000:OKDOT:CHECKMYTH
13pWaZDphxTNUHdnJK9SDm25anZkxDWg54LTrrB9ww6b2YXY:12000000000000000000:OKDOT:CHECKMYTH
13NCLd3foNpsv1huPDzvvfyKh37NEEkGFotZnP52CTR98YFJ:236000000000000000000:OKDOT:CHECKMYTH
