13k6sWJsnuR2dQy2aXMjtLWookjjK43ogYyz5XD8w3USkmcC:12000000000000000000:OKDOT:OKMYTH
1dcUk6VbeCWRPFNNw4V33HVgNt74zMzz3T9vwwQaouGMsWh:12000000000000000000:OKDOT:OKMYTH
16Md26sXJvt9fMNFGrtgFvUn9MRAtfMCMpMQszhHs6FtCYxK:12000000000000000000:OKDOT:OKMYTH
16UWdpszucvdK3fJ2sis4Mcb7Vj35YUdcoTRVwxVfQhGEjn9:12000000000000000000:OKDOT:OKMYTH
15DDVLL58LbisFFw3ND8W5Q6YrLAC1U2aygpfVUYUDCj9ypL:12000000000000000000:OKDOT:OKMYTH
16YaGSemoaCiuKNHBbXD4BmFfGXinCD6H6dNWANd95haveiG:12000000000000000000:OKDOT:OKMYTH
14fVgAcp3hJEkdNk5o7U6BSiMWuWpeNaKz4y89iXzpNxeq37:12000000000000000000:OKDOT:OKMYTH
18LNXJaCsevZeUaiSyKDHcJbiVCYjs871nNYUPyAcmB5bKy:12000000000000000000:OKDOT:OKMYTH
1569ttt7TaCaVy8QEP1utPuVuiub4HLqYSTKj1tFJg7RNLig:12000000000000000000:OKDOT:OKMYTH
13X8qjYh4d45wiQD46ioy6YejXxbNp1PfpngnYgNwCSiB6d5:12000000000000000000:OKDOT:OKMYTH
13rDkDq3WXt8khstrH9geqYVEibZGQMzC2kMySEMxt3Q38JU:12000000000000000000:OKDOT:OKMYTH
12pa7kGMV7GMivrJaBdK1CGfz1dR1aNKSdS9cgDw9oAN7UbW:12000000000000000000:OKDOT:OKMYTH
13hwSUrDk1W2Hgh24rpFbYKj7erKjG1BeEC4drjrF1ouKr3f:12000000000000000000:OKDOT:OKMYTH
16MH42WugnK4AofdSiv1WsDYajwKKj4jhUmmLVkzjNfgMvmP:12000000000000000000:OKDOT:OKMYTH
137St878Zv3ymrCf7TaPo1KY93E8PNZuZLGTV9hqrESG2HpQ:12000000000000000000:OKDOT:OKMYTH
1mHoZgnscVBuR5D767BqkV1XWL65TepsfSJjsJKKht9Z8ty:12000000000000000000:OKDOT:OKMYTH
12LV6uNwpny53cbAryfUxjZWvC7Lx3ugeqHCxYdv72K9oSsF:12000000000000000000:OKDOT:OKMYTH
13Vkxo4LY5VkxV9En1JdgB58jKZPQvFG7aybFLq7JseRwm3U:12000000000000000000:OKDOT:OKMYTH
12vPDe1GpAJEXeydLEhFxCovn3E3jfQGHo6J6yTGEPBLo9Ng:12000000000000000000:OKDOT:OKMYTH
14X8ZqfKyTHUd2gxwdNZm8RXerKeLEnSn2hbyYFJ9nXjJHj7:12000000000000000000:OKDOT:OKMYTH
15uSLLNU2i7p8gdrCdXnyLTCc18kFZBto1dVBt7ejp5Vt8Zf:12000000000000000000:OKDOT:OKMYTH
154sGFaSozf8YgzmqigYrTS6Wyp5vZ1dXv7gWpLQfC9K65UZ:12000000000000000000:OKDOT:OKMYTH
14tZZafYvZUqi4tTq77QvgFMeKCuFGLnqWyo72UbLVy2PPDx:12000000000000000000:OKDOT:OKMYTH
16GtUsALe33JUKoayvBVVn5geWemp42kK8iKdTLvNbec8VLF:12000000000000000000:OKDOT:OKMYTH
13D9gznghHWVVjDEoSHunbnBRftb9n2szHT6wm8mcUEHkbr1:12000000000000000000:OKDOT:OKMYTH
1SsjFXNJDK6KWDU8QQR14BvwxaxbemvXi4XSbBsGqKXT6Dd:12000000000000000000:OKDOT:OKMYTH
156y6ZjycJC67BotD3RwgDTwANQHH7tTKH3bfymjDt2GRXKN:12000000000000000000:OKDOT:OKMYTH
12KGYkHKiV15XCKD2QiDoTiyMdZx5aGb4i5JzfWQKJcTbseE:12000000000000000000:OKDOT:OKMYTH
16ZdgqU7Knv8EAHAm3Du8NGYUkt7QivTDLAKPYYuvB6uNbhp:12000000000000000000:OKDOT:OKMYTH
16V3s6pGbKQMow87wgXiJMppnkcobZKH8oi7VVzLwPUjvVB2:12000000000000000000:OKDOT:OKMYTH
168wVEF3uCGQ5aK3S4G7JJhXtn8EmgZiEYxq2o8gTiR5qG4y:12000000000000000000:OKDOT:OKMYTH
12cPoq9pZSzW8dvykuhTvwXhpKvtbaDkzgQrH3Xs8cVgBfNm:12000000000000000000:OKDOT:OKMYTH
15bRKBEb1EwAqhAqp4ijUQ2hqHZZpMXagwHZsLDG97FE3UQ:12000000000000000000:OKDOT:OKMYTH
16hB7gyeTqX7MPhvqGcyKYnZhRx45FvtvTxDybhYCpKMb8jW:12000000000000000000:OKDOT:OKMYTH
1442gPebToEYwozmc77NdGFMMdqwFgpKHfWLAsxtMLYBBixb:12000000000000000000:OKDOT:OKMYTH
15gZMkzQqEofPbxXpkAnhW3aH4aT7WNCQF6w3B37umhuc3B5:12000000000000000000:OKDOT:OKMYTH
137wYiA1ZFHGaGhTZ3NhLDNMUjBrFXMfeq6453urX3pnARCc:12000000000000000000:OKDOT:OKMYTH
14NagN1D4GS9C1qVNdigBemUwjwEJPzE5WUhfyiGAetYCH6m:12000000000000000000:OKDOT:OKMYTH
147tronRrcaMXcQeu9ZXo67XMrRatF2qVzn7J5N59uAT4cDU:12000000000000000000:OKDOT:OKMYTH
13R3nyyks9L1xry2bTkDaghN7VS8JCcCsbud1QW2QKMTNMo3:12000000000000000000:OKDOT:OKMYTH
13tj5WVVM5L3hhGXFQLpZmxch82JLVtbXtQransPn2XjKvkU:12000000000000000000:OKDOT:OKMYTH
12PZGYWEoFPGo5aXNPAZNnkT5G9Btvzu1VV4UWUEKiUaPkfM:12000000000000000000:OKDOT:OKMYTH
165SUonaunmqsVACjb8HLPWG91Q1r6wA1XMssnQG8Npau5s6:12000000000000000000:OKDOT:OKMYTH
13Q3uKp6oDSsyGGFhvCyA23wNVNf3WPzJMKTEUGKFktugBwz:12000000000000000000:OKDOT:OKMYTH
129adarVEZFMYasrnCqk354rMLZc8f5yqYF44dMxekXGBwGx:12000000000000000000:OKDOT:OKMYTH
15y83RHgs1rF5Nuo4uTo21TswnLEnBcC9QrGH6MexbrGsxoU:12000000000000000000:OKDOT:OKMYTH
15dguYLi5KBunL3Rdce2VHEguDqrwBLAQ14jaxfVtTZcWE31:12000000000000000000:OKDOT:OKMYTH
14i3mLrvxrruMopjJrCCQA4Z69mGQkL9gA97LpPgYrhCk29k:12000000000000000000:OKDOT:OKMYTH
1Z6DLZwUQcamt6uxsKjDnAD1HCVV2M8nh2PT6H7VMRdvTZy:12000000000000000000:OKDOT:OKMYTH
1FTRcUcMoTTuEVRURuQqGsDVhvH2tg8dTqp1ZRwWnLbRU1e:12000000000000000000:OKDOT:OKMYTH
1hhA7HnLRQao1Qa6fQHsSfdQCsjidWJrqs96cdQtrYAHDba:12000000000000000000:OKDOT:OKMYTH
1D1auzb18eT9SBc9v1RyyPifBzqcchFA6AbdJswXHWKK2m6:12000000000000000000:OKDOT:OKMYTH
1WXyujPpjeuiGcxFYxdapaxE5n3jzYS1wYVzdPA58cW3jdJ:12000000000000000000:OKDOT:OKMYTH
15VWMd1MD8Qj5V5STMyAeAPzyXTbFDk1FNFVdnmTdJboRA2U:12000000000000000000:OKDOT:OKMYTH
13tHTrGxyWwCjZ9eDcLYnDYcbtsVN33GvymkGtrqzz7at6SK:12000000000000000000:OKDOT:OKMYTH
12nYE6ur9idNLJ7JfY1Xgbd2EwgWLCE6KVnYm82i5xDxi7jt:12000000000000000000:OKDOT:OKMYTH
13gBWzHBJA368GnmrAhZXjrjUdkVg3EUveisiUdt55tJXn2V:12000000000000000000:OKDOT:OKMYTH
15snAZndcVNVuEd3bH35yWtoRjqKagAZ7nN4YX3Q8cLZwBcE:12000000000000000000:OKDOT:OKMYTH
12Tb71iyo7BsZnNxAooxiLa4bcv47D7dMcw2YSSLfu982uts:12000000000000000000:OKDOT:OKMYTH
12zXV1A5HA5ztk2JecVGVFqMGuXvKkwhGfUHbirHWCHzqrDB:12000000000000000000:OKDOT:OKMYTH
12nQuw4PzXNnTNhHy5TCxf6cUBUCL3y4n8rWaZ7DTbo19kpZ:12000000000000000000:OKDOT:OKMYTH
167izhzJmYa6xmHVp6qaCzGE2v4vj1LkSJxKhvvif6iqM5Lu:12000000000000000000:OKDOT:OKMYTH
15WZW3jeeve9cjEkwmgL1TQCQXE6vUQ9KzhCpvQ3E85TF8QY:12000000000000000000:OKDOT:OKMYTH
1YxykPb5CwbgQuKgyMR54tqELa1mNLVN86qwXwGA4EnfwzC:12000000000000000000:OKDOT:OKMYTH
1hQTTXgB5sH1Q6iQWXKU39hiy4kGd9duvJhsTgv2akyWUPk:12000000000000000000:OKDOT:OKMYTH
15ggBiqADiRps4znRRcdrnDB4ZXCnv3jxTiNqQZJwoLvVuWs:12000000000000000000:OKDOT:OKMYTH
16D289TBNsLq9YSW44qNP4saAnbzEyJ5ZBS5BZhdLk9XrMYP:12000000000000000000:OKDOT:OKMYTH
162Ag2fKse6Bvvp2248QvKRgJWccCAwZwuFjZCjU3BwpyKcd:12000000000000000000:OKDOT:OKMYTH
144Rwx9wW9oscYTKwnjgWEM1uAdjocSnQhPxjP9kVYoEd1Pf:12000000000000000000:OKDOT:OKMYTH
16QMaWAi8Bd4XeMz7MHQEEgvjrLLtUCZEhMtC66rE3UsgErJ:12000000000000000000:OKDOT:OKMYTH
16GR522pU4ks19R3VbQCYHGZn5FTHAB2ThnE4rJLpL6QkHYY:12000000000000000000:OKDOT:OKMYTH
12ESsdKWyFtwYboCso1ewQEoGDmuBNjK5GFtsciL9eatvAgt:12000000000000000000:OKDOT:OKMYTH
13A3DSzFDjK6UoYJUFQyKntDk2yhMmfvoGM73e9C6xzmC9QY:12000000000000000000:OKDOT:OKMYTH
15BzftBchWjAQbxuJbamHbF4RVhQMPZSQxhjmuiUBKeEkXfy:12000000000000000000:OKDOT:OKMYTH
15z89jew7xzXLcnne6dL3YpNUeYwz2E1cwwesP46fiSuuiv:12000000000000000000:OKDOT:OKMYTH
143aVhFWEj2q1imnWn1XhV7QFq1kSbi1x2sdvXWKkb7DnxL9:12000000000000000000:OKDOT:OKMYTH
14dudx2u1bS23kjvPMf31ahMFJPQe2HkDiPfZQQRrY8WTBQV:12000000000000000000:OKDOT:OKMYTH
15CLzJk6TMCjbykh39F4D1mTbsL2D9V6eLE6gSK6Gg3c5c1i:12000000000000000000:OKDOT:OKMYTH
13CVr4U3CJz4o9orMfeY8Rg6MeJHQPr4KfLpTyJPAju5fnGD:12000000000000000000:OKDOT:OKMYTH
13NCyC9MbKBqU8JgqxsGVYKf4fYMmEdgwdkBCHEYH5u15HJ9:12000000000000000000:OKDOT:OKMYTH
16fwMpik1AHDmgRDcUm3xxLxJc4HR8omsXr2UBXA2WyW6KcW:12000000000000000000:OKDOT:OKMYTH
12jE8ckUqmcWZ3Dp2t3D3MYzoUmhUcwwwCNziyjSF1wvemAW:12000000000000000000:OKDOT:OKMYTH
15GTygFpSqXRAnX8a4XwkkxD274FXNz1Vox64R8NvUT2joCN:12000000000000000000:OKDOT:OKMYTH
12U9n338wgU3JSnHBbNAR3hvyLVJZnc3ZSYzDMwWvWPtTxvL:12000000000000000000:OKDOT:OKMYTH
16i9EE2owcUeZi9Ygxa1SW3oHAHdVLgUFPH15vavzgV3zaRN:12000000000000000000:OKDOT:OKMYTH
14GJ8ar3iqBKeRGVgKFgrRg6ZfU8HVnzUK99C4FafUG9oX7A:12000000000000000000:OKDOT:OKMYTH
15GwpAGpGyKhoLV64CHB2PgCUiFnSCSAbnVzwMD1MhwKzgST:12000000000000000000:OKDOT:OKMYTH
16MA2AJ6DxTz36NJEvaoh7oyvqzcWSRtk8fpdKeBsYN2rsHQ:12000000000000000000:OKDOT:OKMYTH
15Nrri8kYmYBdkd6ReDP1m8RreX5ZMBBDTw6gpcPAD8yL1Pj:12000000000000000000:OKDOT:OKMYTH
14KpAcs3FtuHZ6GT851dLpcrfHzWzUZGkg18qUtJKL3nFAYs:12000000000000000000:OKDOT:OKMYTH
15GKatrrKpKaMb5k4Q8Mb2A119FYhgidK7n8AhYhZGaYXdN2:12000000000000000000:OKDOT:OKMYTH
12WDDKH6bJk3BPaMyF5daxyppMrgcTh2KLHRj4tDVzeo6fZb:12000000000000000000:OKDOT:OKMYTH
13mNgBisCKM9RKPqSTVtCDfykvCSQWXqsrdiArTkvpSwtfzx:12000000000000000000:OKDOT:OKMYTH
14cEuDqsyu23dckcjHac3Ydgmw2BKw6sNKhMaonfsSZxZz5W:12000000000000000000:OKDOT:OKMYTH
16Qozrf137Nrmua8jhtygMpAoMVVAJZHj7qu3PdKAqs6eA2s:12000000000000000000:OKDOT:OKMYTH
1XkV7KfBgXUWyEFG5JpW9gtSYU8i7832T4r17VEDrfY895H:12000000000000000000:OKDOT:OKMYTH
15uiSQKqpM563NTYx4JJQHSyRgmpv7hVfRqGnC9cnW2AZnpf:12000000000000000000:OKDOT:OKMYTH
152ys7z88j8MDAvuVCwQQFx8WZ4VJzxdoVVjPKQDZiLkcdV9:12000000000000000000:OKDOT:OKMYTH
12JdByLgPThocwCjVVm817vzhBFwQTdGWwVpTT6GuzFr8qeg:12000000000000000000:OKDOT:OKMYTH
14vC8cWk7N7vEZW8VgvXdjxaWqoBqqeQtkiEg39zEaLShdn8:12000000000000000000:OKDOT:OKMYTH
12KW9qQf4ALdYLku8VnYkh8mxaH1D2MT6U364ZLF5Jbz1T2n:12000000000000000000:OKDOT:OKMYTH
15XJAa8XqHoauDpYkZ9Nu1i6XT9s7ueFdWRc7qaNzWszFAJB:12000000000000000000:OKDOT:OKMYTH
137sic7wqYmvLX1FPSgwVkghp6LSWxTa5NeEbbzSKvYLxt9M:12000000000000000000:OKDOT:OKMYTH
14dKW8nnwurD3ZCQUMs5uVMFihZ388xsjv8deuQrdsQpmry8:12000000000000000000:OKDOT:OKMYTH
14HTvcmMQSgXJjeT7iGD9vk3wAXR2RvFc5bh7k7xofnBBWDm:12000000000000000000:OKDOT:OKMYTH
15PucCYZf17KdbxTCzns3nSb6WE5Mu2wG6W7BjnQwUFSjdSv:12000000000000000000:OKDOT:OKMYTH
1zv6e3VsWBsTntvdNWqbteGky2MqSJUrCVgxWXybWmafK3L:12000000000000000000:OKDOT:OKMYTH
13KsCt7AxBvnYrqDWfVxfArvo5MQqBHyGS69iTfqsba89z7J:12000000000000000000:OKDOT:OKMYTH
12hG8cQ9Nr4pbS3Ne18EKgf2WaBwX2cpNfMyNWUPRZqFwWCT:12000000000000000000:OKDOT:OKMYTH
15JZ6r8a5qRHZYSffYBMSoJFbXrGkkWPtSUBkBGn1QfK8oSx:12000000000000000000:OKDOT:OKMYTH
1512CCw8kMkGV61i1RkbkJiZDFs2o3ykBL9Qi7PEownWSVm3:12000000000000000000:OKDOT:OKMYTH
12tuiccpd8LKYAnCDZfnArqm4so4NoR1zcMQYjedJsz6zaHJ:12000000000000000000:OKDOT:OKMYTH
16DNDEC2qkYS8mQs3Ygjn9FCcrJJq6eJeQ12mBVFzj1CvLzZ:12000000000000000000:OKDOT:OKMYTH
12M5ngsiDP6qEPXS4icd6vCbwVpqRTWiDw3hGr6ZMdW5DUdU:12000000000000000000:OKDOT:OKMYTH
13qTvC41cTQib6hi2EsiRt4775S4gPjKcbZuzj513nWkBxgj:12000000000000000000:OKDOT:OKMYTH
13tKL4ueQCKEEXx3Wbnsprm64mAuDxB4JwLK5cwqEzfsepzn:12000000000000000000:OKDOT:OKMYTH
15xir8P5PN24gY15ZjGnvKF6HSUA4VnZa3nj6ncQhUCbkmjK:12000000000000000000:OKDOT:OKMYTH
14B1bJSL1ePoZMdDJpyr4RmuinTWr22ufjJ4p6wQfRJnFqyH:12000000000000000000:OKDOT:OKMYTH
1Lt48neVrHrRT3sTpPmpi5StchKVxC32jbQFHWqsNAcmRzU:12000000000000000000:OKDOT:OKMYTH
124NQzmK1K79H2vDTeAtdA569j4kv5o7ex93MxjN88hXFMD5:12000000000000000000:OKDOT:OKMYTH
14347KAzJVtyNnpBm63PcQ4WnuW2jLLoRJz3R4XbHjS2JAAb:12000000000000000000:OKDOT:OKMYTH
13akjXKjRJM1uW2bbn8fVCREYYmH4tab8BHFvVUy8nq7pwAR:12000000000000000000:OKDOT:OKMYTH
13pPhhmTPk8JkPtQmeSbFqYXinfWJAztSD9TzhEz7QLvkBWg:12000000000000000000:OKDOT:OKMYTH
12VBrkWMdMgCshmX5b4qQs3tgv451F2eDwcqNUoLLr7vAEPh:12000000000000000000:OKDOT:OKMYTH
15yKsfaeRVykQ1eYXq88KBjyHUTzRHypvgWaHEazEXEp8tTH:12000000000000000000:OKDOT:OKMYTH
14dGNA3YEMJX6FioFiLLKkBqkcF6EA9JNELorUgMx5qq39px:12000000000000000000:OKDOT:OKMYTH
167JgWe2WcxeNDAh3wCNMijc9f9sZaECKVXxUW4SRDpW9mtp:12000000000000000000:OKDOT:OKMYTH
13tLgXW9jw4Fp2PLQgUtqjfKiPKVnTs9ncR1HBi5g2XjHQ91:12000000000000000000:OKDOT:OKMYTH
17cy72FQJYFvTZEp6YieAoaysXL34rfyQSprX2kdpowyQLx:12000000000000000000:OKDOT:OKMYTH
15F2BefNZ1ETTShzXRDVuW9V3F79y55PNZDsRdmTE82ZArKp:12000000000000000000:OKDOT:OKMYTH
12uYHgQPuvFixhNHxhEhpUr5kLkZGAh1uVpWYRvUK9omz1B6:12000000000000000000:OKDOT:OKMYTH
12GUeqWLAQbzCjMt9aHNbQazGAWGYStFDibrd8Adcwt3ULqS:12000000000000000000:OKDOT:OKMYTH
12srPVCPFworYYgL4hrNUdNpLKbtpv1Ks2zpjQHQQMxKqhWz:12000000000000000000:OKDOT:OKMYTH
15rLWGNi2nYhXXfaETqZDB7z2ndFPfu8bosomUAKTT1MGoCB:12000000000000000000:OKDOT:OKMYTH
12vJ5L5GNCv7GAjzEnzpCfwvcBjn4nvdjkyJt21zy2HmZaEj:12000000000000000000:OKDOT:OKMYTH
1t7hq7zyErtxdHQvmXjEKxgiCABAzZ6ERuVc1aUxAmRzYbT:12000000000000000000:OKDOT:OKMYTH
14etgCAjrF8KRMLxrEKTkKNusRWACa86M4QMKuQT1otgQVMN:12000000000000000000:OKDOT:OKMYTH
14dVt7M7D9wBDXJJ3rcKqmrQBxg97Ae6oaMekcce5zZKF6U5:12000000000000000000:OKDOT:OKMYTH
14qxYXN8EKzmuHpqqzx9JvVY8D8hdkEQMqkHTc7NSpdwrxfg:12000000000000000000:OKDOT:OKMYTH
16aXQ3KyDCAVfnMGW1PFzPaxzx3gdLp7eDrPsiQtPs9RBEQM:12000000000000000000:OKDOT:OKMYTH
15FCRT2A99AK4hYVN2hgkpjdqfzmKRf4MCLBbM9bRe5QDw9F:12000000000000000000:OKDOT:OKMYTH
13UVJyLnbVp8c4FQeiGbSPpqWFP3y6yDh7nQzYvUSvsjsiUk:12000000000000000000:OKDOT:OKMYTH
14mRMFhk4bCDh5dVpS1bXotRebMDg6joNUtad31U6PatxFmZ:12000000000000000000:OKDOT:OKMYTH
12X5CgyiRutnrx78xbHHDP6n9butG2S1HoJ9HgU6RsjurEso:12000000000000000000:OKDOT:OKMYTH
169n3QccboobvkmEpTxzNh9dg697BE7KNAiurWDYpPKdia8Z:12000000000000000000:OKDOT:OKMYTH
1fPXFaRnoKtHLJKJgggLdMAjSTfkBiLM95P35nAHhH3ThNW:12000000000000000000:OKDOT:OKMYTH
14ttYs2mFeo2cag6fTsB9eUuyQFD8GxrzXy6zTYK13zy8YCC:12000000000000000000:OKDOT:OKMYTH
13PdXd4heBhNT4D1z9Wp5Rxyzafb2KPF31u8V7JY2GwoXGYb:12000000000000000000:OKDOT:OKMYTH
12CdsyGeLqHv1ZdPFgikzjUJ7q71AxthMudUM3SUfDoL9Anv:12000000000000000000:OKDOT:OKMYTH
12a7GxDAV6PcZ3pTmBdjrwVvNevFgbe2DdCyUku9kC4pYp9u:12000000000000000000:OKDOT:OKMYTH
1ZW4gSnoYypjNbQKGD33cArby7RhBa5nRswBD5pvxybWrLX:12000000000000000000:OKDOT:OKMYTH
158hK5QbAmxeCvfvn29mHTaQaDA6DCZDbtE8heEAri5NS7r7:12000000000000000000:OKDOT:OKMYTH
14rezYUcq4qPFhPYP5iTqC7HAPw5jHuRhmnm727dPPjL485h:12000000000000000000:OKDOT:OKMYTH
13rhKJxAaymD2WBVEEPk51xFKABDpN1gBCJ2hjjPRBVdYkAe:12000000000000000000:OKDOT:OKMYTH
13wVTCiUqPnovBaFvLYiLXGQhQgm1afo3fMmGs538ztyzXQw:12000000000000000000:OKDOT:OKMYTH
16Sw91cDf24ANZomyzd7ohdz2uD9V7n14XzRftjjot95FcRs:12000000000000000000:OKDOT:OKMYTH
16TY8t1dgiMR48kDwzAjfjhjjMp7WY5L3GhrUyvc4AV7XDc6:12000000000000000000:OKDOT:OKMYTH
13ky95HR8tBRAkTWcZNzRCnWjEFABp3qxLuBwN6sJe1Rh1qg:12000000000000000000:OKDOT:OKMYTH
12grg9MF7UkNweefXpZTb2XuadfLsYfe41qUaeNGwoKRbrmN:12000000000000000000:OKDOT:OKMYTH
142svEvui4RF5mXMdRE8ZbeSaCWSikc1KbdWYCsvRJ5eicwY:12000000000000000000:OKDOT:OKMYTH
15yCT7PuLWHuJsGQnimA1afZVAXgLou5P5CKrmwgiR7W5g4f:12000000000000000000:OKDOT:OKMYTH
13YSUWrGmH6A2LJeDEo16UP3o7tygeyLykw7shx6arnVTL2z:12000000000000000000:OKDOT:OKMYTH
13K2ofFYyCrKMm7wnkQjxqq12JNYRQbmXdrRLz3ghGsXJBd5:12000000000000000000:OKDOT:OKMYTH
14tVBWXLavT9694LqP5KYMM8XuLpdnEFyCooQxamosz2k6hu:12000000000000000000:OKDOT:OKMYTH
15Z3VbkjWCamSWCCxyp2BiBy3pre67HjeVB9zi7dokVibvNa:12000000000000000000:OKDOT:OKMYTH
15p1WEj3hokD77i4vj16AfW5PxCYB1MoKhzvybx4ampKqSRh:12000000000000000000:OKDOT:OKMYTH
12XBS2jHK1xRSthgxBa3b46gwrUUzcZMcVAd2i8eL3rCfZ4m:12000000000000000000:OKDOT:OKMYTH
12MBRt6KYRio1NQFit6bCnECd954Lqis7RiR59rpKi39o8zy:12000000000000000000:OKDOT:OKMYTH
15PXUQfgrogyBEGKfzDtnJRqitZ6ytXN2xm4L9txtv4UZL5A:12000000000000000000:OKDOT:OKMYTH
15bSJuGRcLEPqiVRrvzR8ScbJMPXsqXfZQDgMiVeiZjS3RRb:12000000000000000000:OKDOT:OKMYTH
16QT5QhNmH8q4C3HaXZxg6Ag5uUxVtACKTLh8YryVGp3w6qB:12000000000000000000:OKDOT:OKMYTH
13ZHtyJkc98aLBG7vWaPRcTBch7kCEXzDHZfB2nvwie6RHom:12000000000000000000:OKDOT:OKMYTH
13xjkJKcPBqufmp7uvb42triFYe3TJyJFwsJffe1m8gMowd1:12000000000000000000:OKDOT:OKMYTH
13MWALLPEAtrv5MQuAHTezypaCttZJDfbVdcvqGEg4h6WM6q:12000000000000000000:OKDOT:OKMYTH
16N85Kv2UiMaZ8CR6RwXru3PLF2b1W3UKM2nnJ7ynvbTCz1W:12000000000000000000:OKDOT:OKMYTH
15uwHTfCGNP9MQkSvwfMwArBJm6PZQnekP4DLFU5rNhPq4md:12000000000000000000:OKDOT:OKMYTH
168Tqkwi6K7PShcZ1D9Zs8eQuJ3z1YG2YqqtiTvT5h2xenV2:12000000000000000000:OKDOT:OKMYTH
14vnNTDUVrMXqm9a8t6TmudjpGXFoPboAEnaZ1BMmUWdnB1W:12000000000000000000:OKDOT:OKMYTH
14jPiNmVdXJ7KDUSTrfp9fJ993dVSDf9Nd4p7oWiJpqpLbFw:12000000000000000000:OKDOT:OKMYTH
12f5kmxP34v9yAze7Z45nDpPXVod4s3w6EyRoDXGUDHerqXS:12000000000000000000:OKDOT:OKMYTH
136qD4xkQrD3VwqdcQvAdPAYZEhHZHedb1wFZyqY6fNvWPbE:12000000000000000000:OKDOT:OKMYTH
14AkYNv8orrSJ7D54MpqnZ9JEsnndeZscHCA25nUYSnTZCT1:12000000000000000000:OKDOT:OKMYTH
146BaFatFf2YsHFC2KobhyG5f3RsZLJmufEcyrgJeF2i8Zpc:12000000000000000000:OKDOT:OKMYTH
1NAaKiEPi2Je8o8b8jF6hM6sKK6gHHhbSiAmRPbrFqBCBX2:12000000000000000000:OKDOT:OKMYTH
1ftqzoreayASKGXfTC4XN3b1JVeo1GrgJXonppGRKhjnoFS:12000000000000000000:OKDOT:OKMYTH
14xb2x5Qyz1QNAUtM7agZNg8noaL34Ksr2gb8KvzLnecYNku:12000000000000000000:OKDOT:OKMYTH
12Kq4z3EaFq8oFf76fHsMc1onC4i8Lede9ErGdyxhU1NSSpH:12000000000000000000:OKDOT:OKMYTH
1uA2T3ocUTyDsBQA3zDzkE3KVULkd2NmsCKidYwrZt4yTrh:12000000000000000000:OKDOT:OKMYTH
15RX8Dqnkr5E5a2Np6KDhTByvuL8FCpitwJ8Ehr9pCwRqdZ3:12000000000000000000:OKDOT:OKMYTH
1599YQgJDrKZyCrmLdJbXVFmJCzX1Z8mX1w3VYquUhj25Rxn:12000000000000000000:OKDOT:OKMYTH
12BfY8VjRYMpMLa9M2AV1wM74Q4YVTD6Bme7oRbJENJCjshL:12000000000000000000:OKDOT:OKMYTH
16GCkHihLLzHKogd9zBLPgBmjhLC2V6qd9MNwiF8TNcfTbhy:12000000000000000000:OKDOT:OKMYTH
12a9qqqaJdk2HQhcDABibXBaLY2hcbvGiaeHXtM5oCahWxnm:12000000000000000000:OKDOT:OKMYTH
14oQ3keL6WnEuN7LU1C5Gf24bEPQabYUVaM5AMnHe4nsAkh9:12000000000000000000:OKDOT:OKMYTH
1orjDM2Y7jEUETN7v7zmzHYk2mUTxajKAGkfgsmtatR6CYn:12000000000000000000:OKDOT:OKMYTH
12RbyjnuEqzEpVMchYVd2PxAwbMfu8FwPtFMXvSPk3kqc4wJ:12000000000000000000:OKDOT:OKMYTH
12BfncY3Bqj9AgmWfugz2vC3nJaPZGvdupMeTASFA6WSoZFC:12000000000000000000:OKDOT:OKMYTH
14KzvuWVp9eZuuppxoQaR3mywfbTS8jZQ7Vk2SpTvKq4UgYn:12000000000000000000:OKDOT:OKMYTH
15shvzEzbbkqw1qdZeii8GMjdMdPbnEke6QvP45gDa3URfJZ:12000000000000000000:OKDOT:OKMYTH
12xnqLFPmn7riXz1nTXECngQ1qcbfhecQbKYoJYSgtsxzwSA:12000000000000000000:OKDOT:OKMYTH
15Ai8k8B3JJJXxWzZn2FzhCoTtT8aKvV9zQcYFviE5optT45:12000000000000000000:OKDOT:OKMYTH
15AmEJea7fpz8zyRoti9k9JkbLgcF4XEgCt8QePUWAoZBetz:12000000000000000000:OKDOT:OKMYTH
13ashRyfyauJkaZC3zuH1JHsFLcs6sgxj67HkrWEpRmZ3ijL:12000000000000000000:OKDOT:OKMYTH
14wqVSJ7d9je7fybXgSM8WphcZuA8QAAqrpUkrRD5fys2oYk:12000000000000000000:OKDOT:OKMYTH
13R3ezVQSZvynVzL6W5FENRjmfoTuEEnj83FmhtkL6XwAjzr:12000000000000000000:OKDOT:OKMYTH
1352PXTCbdwrR3Dv7qJeDLNQH9gox1SQj9gdG96w96ktN5kn:12000000000000000000:OKDOT:OKMYTH
16D8gkQbABv9ed8LHeHejW3HUECC2Yz8wGipyHLXU5M66sdv:12000000000000000000:OKDOT:OKMYTH
136os6aUBR7EMkRtCWn19G67nqyBzxSY39y3QEHb9eFAd4eb:12000000000000000000:OKDOT:OKMYTH
135qaLM7CpeSJc6vvhwQgcqdb6VXcqtvkZxdGPxWaPDVf5x9:12000000000000000000:OKDOT:OKMYTH
15Kpf2uAjVmfzLcjtiR6RMqtNugoU9dopqHAtyqyTyv4Czxy:12000000000000000000:OKDOT:OKMYTH
16JAqHG7T6sDRfpWoXwLUCTLbPCBrSJhYwAUDbcBw7aKuHjp:12000000000000000000:OKDOT:OKMYTH
12bLEWorQ4AsPnYTe19LxaSGxseMSkD8SQPdoSN9vpgmRjvF:12000000000000000000:OKDOT:OKMYTH
13UVJyLnbVp8c4FQeiGaTL6zFLqbspTrPx6ktvsz3W8hEZ8b:12000000000000000000:OKDOT:OKMYTH
15ZwDgAioazkH2FkaQ13C2KMQw6gMfoAWqMuntbAjKgGgAv5:12000000000000000000:OKDOT:OKMYTH
16dfCNKUEEQauQ4xUWmY4nbzEUrCW5oSBZJLMrQbczUVbEF7:12000000000000000000:OKDOT:OKMYTH
13naorALBuFd6LPMoKLw2jPGv1F3xk9wxYpw8DyBY1veTuRn:12000000000000000000:OKDOT:OKMYTH
12kq7bqyEPfSRS6dKEtjauVc3zN5GW8Zp7gw6Fx1VZfCGmL2:12000000000000000000:OKDOT:OKMYTH
14uyGfP1EwoMNPZVp2L8VwYJzXhrkphAbZ3vqDstoAsJ9fNx:12000000000000000000:OKDOT:OKMYTH
1XmPED24EGhwhKvmrFLd1ySm6dBawwCieyh17N3kDabwNeZ:12000000000000000000:OKDOT:OKMYTH
164M4gSXYsjdr4iUUpQuwGCCGkYEQNciMHzScLkGAV7R5AJE:12000000000000000000:OKDOT:OKMYTH
12XAVJCXq7zm8KTefKEqKo74SDA3r5TaBvodECH8RhUAYMNq:12000000000000000000:OKDOT:OKMYTH
14aFzgk2ukHKC8mYb4qqjjRHFzB2fi9xdQUcp5c7Gh91W3RH:12000000000000000000:OKDOT:OKMYTH
15pFctJ1168qSKkmmZe6ggA5GD3RSpGrF2Ux8yNk4Q29F9c6:12000000000000000000:OKDOT:OKMYTH
16PxYNYs11fDwrSLk9XTsUvLFfcbEfgemmNssaqdacPpxgPa:12000000000000000000:OKDOT:OKMYTH
13Jjz4TrnGPuuV6s24HxeVqgsqgBw59zVxQzUwmvoAN87ry9:12000000000000000000:OKDOT:OKMYTH
1HR8MwDH2Qw9iq9dBrH9pVwgFtTUqzyDtq86bzwgUiuRBYD:12000000000000000000:OKDOT:OKMYTH
12Nnu9DdgBMpWccW2JvJvbYdpxZ9RsZX3XeStskNJWmuQdn1:12000000000000000000:OKDOT:OKMYTH
13Z3EVzNTeZcakRwt2woWegV5dPEw7svJqNUPxJMRr6pu2dZ:12000000000000000000:OKDOT:OKMYTH
15ggszSTcoNzTmk8pZrsnWUBejFrrHKGP7jAXpabi8dXdwDX:12000000000000000000:OKDOT:OKMYTH
1xsNUiRLT1c58P2wg9Ksrh4PnwtYDJrgCAhFszh8cNQtLpD:12000000000000000000:OKDOT:OKMYTH
1NKXrfywsyxpUhtzh5QuVNVmyuE3o5YwsyQntWXVT9qBuNf:12000000000000000000:OKDOT:OKMYTH
1iwTm9irJksz4QLoUuCb2PTws5DvZcabcv6cKMHNamCbSc3:12000000000000000000:OKDOT:OKMYTH
13BjUEWzHp8dA6HWYB8D3K8MEGcvWpwoyUwVMN7hgmkEH1jj:12000000000000000000:OKDOT:OKMYTH
1685TitkdqiR67M95E57WURgHSEW858YcQfbdmpHxT2zVVci:12000000000000000000:OKDOT:OKMYTH
133HFm34Ty1MDpdspjVyqkj4D6U4iDKXRECoZCvwGkLsGStM:12000000000000000000:OKDOT:OKMYTH
166Jp8Devu1KejN2F4S8LBe9RBSJFmAgcUZbALixaqGR2rEt:12000000000000000000:OKDOT:OKMYTH
1cJronjNtAJMFb3kzFrzwhRTnArRgfkDHf3Vvj9NY4ypksB:12000000000000000000:OKDOT:OKMYTH
168hiiTCXdCxuESULmoPLBXTAN6Gp15oStezyxRFUkcHrVfX:12000000000000000000:OKDOT:OKMYTH
12TbdzsoHRPsbsvD2XHmHtN1htmTyMscmrGr4177M2H5ftxZ:12000000000000000000:OKDOT:OKMYTH
13HfbBPggmeMtGxutCvBjuZH4pDtB6AAKk3oDfqnW6LJRLLi:12000000000000000000:OKDOT:OKMYTH
15Gz1hKPuPM2RGE4UvnDXMMaFAz5kyAGAhRatdr5RFDjqP9s:12000000000000000000:OKDOT:OKMYTH
13JTKsDWri2QWAk8W8qx5TkXgf2nkXcdwH7KDQLNfMbob515:12000000000000000000:OKDOT:OKMYTH
135hPVGYCq9ZaicPCCkQP4c5TCQGBaBNA4RznLS73UQCkQPt:12000000000000000000:OKDOT:OKMYTH
13CC4UMqHxGyWnrr4mpZHkon3HtjyfXPifeJzVoZXWJBakc2:12000000000000000000:OKDOT:OKMYTH
13bnE3EHLwcKqkZxgcT4Bm2BdzNw7q5gKrhia8mYNxwWGToZ:12000000000000000000:OKDOT:OKMYTH
12LFymtrQavNh2iZ8mRHfycN2Sz3zN7KN1hZaozTrUDbHXAp:12000000000000000000:OKDOT:OKMYTH
13JndU97CRfXwmKehAqrwk7Lu22Rougmdqtfn6tiZ2QQUfyp:12000000000000000000:OKDOT:OKMYTH
15EACEvRNWi7j3Z4xss5NoBZPX34pSrQN7iec2PcPPrm6YD8:12000000000000000000:OKDOT:OKMYTH
16mtR89u9zRUmY2btawvTWZEWC1g3Y21DY7VkbY85EuBaiP7:12000000000000000000:OKDOT:OKMYTH
12zL2ZgkwtYQCxh8m4r3a2ajsCuCm84MXXmwxEo87Tq3B29E:12000000000000000000:OKDOT:OKMYTH
1v9qwnZ4NRHUd8GNfRhqCKD3LJZv85aGGtY45YDgF2r9UUd:12000000000000000000:OKDOT:OKMYTH
13bbeZXY2tcH9QELAwViMXPMWCaQitGbZHugFueWCKZjVwvc:12000000000000000000:OKDOT:OKMYTH
1EDByYyJEPUQPq1S6qH8KKPNJDpTYr89714TkvSTUBGDhtQ:12000000000000000000:OKDOT:OKMYTH
13PTVmsWLVvH3Awuwomx5PgxxvNg2jMq7om2WurqHjkBsxgR:12000000000000000000:OKDOT:OKMYTH
1wHniC5U3AT2cDbUM2tqnQTffnyvbrimSTAABb8mcZMhpu3:12000000000000000000:OKDOT:OKMYTH
12b1hMT2LvdAPBLLZfVSzQ4n3LomwdeDUaRRAU55a1syfaLn:12000000000000000000:OKDOT:OKMYTH
12AZMRBmT8SrqfwSdFT6k1koPY3a9XcPYL8dCKmjK6FSJNiG:12000000000000000000:OKDOT:OKMYTH
1nT6FaXjbj64SpyX7JNgn9L64wgbV5uYniDF2KEkq5jc7GA:12000000000000000000:OKDOT:OKMYTH
14ciXfvunQ9mZsA4ZEspDKrmWfT2AmBGk47QercmfyHKzVH1:12000000000000000000:OKDOT:OKMYTH
16kPfg9NsG62tuy297eHM4bM24uAzQGNmMxwcjNKGs8hWhKg:12000000000000000000:OKDOT:OKMYTH
12MaNeUk3k2pp56E9JcDH3h4aGVextJbvz8ahvieXMU7pA4:12000000000000000000:OKDOT:OKMYTH
14snyi8vhuJSJXcajHTB9X5muf2JYfXvDgpxwaN4oCroiYzm:12000000000000000000:OKDOT:OKMYTH
1653yDhd2F3yKsW6w4yRaP32TAYQUVvUvWB3tkZf9G7YD8zs:12000000000000000000:OKDOT:OKMYTH
13xHnX3phQfXgkR84SkjGwbFMDZSmuUiFWUMqMa4Y5Tpe4M:12000000000000000000:OKDOT:OKMYTH
16FQgW1eK3j4PjkWrnBttDrrnYQwd6th6W1Zg98KSfpciBFa:12000000000000000000:OKDOT:OKMYTH
12o1ZN2yuj34Dup5js3SSGf2gh2SnQyaBmVn7HVHZo5Tf1mn:12000000000000000000:OKDOT:OKMYTH
14Zr1hHgjFyHaHpchJ4tvHj7d8iD6mAkNyZYGtSoW1rwqRHy:12000000000000000000:OKDOT:OKMYTH
13gf9QtBKc1aXhCsY4bxF79Jp9yeW9gFzyUm8r3RMvobo1GU:12000000000000000000:OKDOT:OKMYTH
13BQjDkzWoYySWuW1gsjgcKbq41tQr7azDsNPmHo44vb5GRf:12000000000000000000:OKDOT:OKMYTH
14mFRy3L7hLgzg359bh6LyUbUfheBxJBARwZCeEjJCryzjvN:12000000000000000000:OKDOT:OKMYTH
13gbGBEy9dGa6ZzGdjj5XdMXqRmoSBAkoRC1dvBJKnv386pZ:12000000000000000000:OKDOT:OKMYTH
12jr4EtisRwKcswRL7K6H1sEytPTBu14ga5tJYNcJQXfdd9r:12000000000000000000:OKDOT:OKMYTH
14V9VUxhcde3WL2fcLrTASaCrCdU9xwCZYAKHcX7wLzZDoUg:12000000000000000000:OKDOT:OKMYTH
13mbvBQrKThLaX5bU6ZTgz6LDAF8P9E3ckWdHRFq4N3zgMnp:12000000000000000000:OKDOT:OKMYTH
15yV3dRjdAhVLABHmbUgA6JEwZYn9wpCrhSyjyvCFCZEL69M:12000000000000000000:OKDOT:OKMYTH
12AaSBxtjHs8dmM1ZMDpoa2L9XtvJGgN4evazHJL8VeTSaPm:12000000000000000000:OKDOT:OKMYTH
13p3LArrNJnzyNyjFupc1PJFspAbZ1emqX2WZiDmYLPnA5F5:12000000000000000000:OKDOT:OKMYTH
12HSprXR32Xq2oQYrbzswyR62YtP1FXHCAJ65wrE3SQP8BU1:12000000000000000000:OKDOT:OKMYTH
16UWLhPkAkqxgpx9C9cKDzZBsDF4q9F6VmPEbGARjotNzjpL:12000000000000000000:OKDOT:OKMYTH
13fJ9A5s3o4MkexLRBD8WgFqAUTee61bAzhJxjC7nBzg7uQu:12000000000000000000:OKDOT:OKMYTH
12j3e4SBYXFJNSKCyucmp4UpfRYYEj2m1oc4S4tDJcE16kZN:12000000000000000000:OKDOT:OKMYTH
1t44DZuUEPBZ4x9RYQjrYZdpDzngMEDPmQ1MeymvKRn5pEn:12000000000000000000:OKDOT:OKMYTH
144T9jWyK1tdai6NH79gKhJ6w6Ei4mcLMUwi1SAvbV4CGe54:12000000000000000000:OKDOT:OKMYTH
121WPyw6PLjzWU26jFE7LZDyZdcN94T3zVbmwHevS5m5hxCn:12000000000000000000:OKDOT:OKMYTH
1MuQqHrbvFL3Nq8VQG9tnbu6XJ8CSLgKkcE7KJNMgcfjgGc:12000000000000000000:OKDOT:OKMYTH
14n3vzXRnDEBVFKSNRzZcgxGin7CQgLf95r7dQ8ohoEmk8zc:12000000000000000000:OKDOT:OKMYTH
14aNjxELCkCfMxK8jZDJXfMPApzpwjBjrMGvcBtTtGqMz7ou:12000000000000000000:OKDOT:OKMYTH
16BZCokBTzkrXW536Pa5oafragbVhjG7ebJ64fWDyAaxE9ZW:12000000000000000000:OKDOT:OKMYTH
15pJypgTvJAnZMti99hG7wDt8w5dgM5mSbqYQ2UNd3bQWDnD:12000000000000000000:OKDOT:OKMYTH
16BKEFmG1Z2BRyy62Cmh8SCP11ah9XvXk9BCWyRzPsz71Azc:12000000000000000000:OKDOT:OKMYTH
14cGir9u1y76bF3uTkRV6RQss1ybhr84e6SSMMhSMjCe6Pdn:12000000000000000000:OKDOT:OKMYTH
1qdLGrRLCBBB2n2m3RrgPeVwLjybiFX8XAPZ7h2m3X5GLpm:12000000000000000000:OKDOT:OKMYTH
15GZBoZpX6WJGPd4MpCf8Z3KRgUcfRj5YDkFjS8YQChcYbsR:12000000000000000000:OKDOT:OKMYTH
15y4epxbaZXojAJj1JDdhfUe4tX6MxDvy98SGTieJ7Xt49j1:12000000000000000000:OKDOT:OKMYTH
15FubSQ6JH77Jqgb9dBvET3Gxy2jJshYYZBCnoj4mk4rWJtg:12000000000000000000:OKDOT:OKMYTH
13LPdXuHGhtmYN3unaxc9gCG7tih1ajrJHFP3K1GkjXSVUL1:12000000000000000000:OKDOT:OKMYTH
14R17stKYXmAYRko6V7CiWe4RYubRwEcSToA3ePAdsyn5ehN:12000000000000000000:OKDOT:OKMYTH
1411u4ts33KZWrnAij2aFmdqdQM8mayqQU7cTV31qpPVo5L2:12000000000000000000:OKDOT:OKMYTH
13FDRsorTMy1SjjVtgZPKDbjnVQAsEcBztfAZyNzUz5enLzK:12000000000000000000:OKDOT:OKMYTH
1LJCv962qqDEGa9kUcQd8aNJPNQSTmbCqmRXWJ3cJjcRpuQ:12000000000000000000:OKDOT:OKMYTH
15wkzue31xjQr1mwQzbkUNtvsPDwzYE2WaJDTCtKdFXsuAca:12000000000000000000:OKDOT:OKMYTH
14vuPtye1FqPrDLQCQ3XnVXvBVF7bpb5AikMT8YxazbxwwDx:12000000000000000000:OKDOT:OKMYTH
12Pg5SnAxGxWw6JHkPyZhuZodCVSV8uCUh8PttSCjjjDgkQX:12000000000000000000:OKDOT:OKMYTH
13LJzRpQcJKxebwcZxzGxZzzQsnBZEAsNkmsyWPrkqY4KdA8:12000000000000000000:OKDOT:OKMYTH
15APysZHXmEKB26XpcCHW4kPzgoEFp5PdoqUxfXvWMq3XrC5:12000000000000000000:OKDOT:OKMYTH
12j9j92Rbfh7j3UDDrAkVc8s3BUjPt4v9qdnxnEJ9Rje2kBP:12000000000000000000:OKDOT:OKMYTH
12BWCojPNZMt1PcXU8Qg2VrhsgACWxB7LpZxNrSBNvikNT6p:12000000000000000000:OKDOT:OKMYTH
125oTQNP9UcMHhYRo77gGusJdWjHZR8Gp63CEswsNxbuUZ6m:12000000000000000000:OKDOT:OKMYTH
16Lb7sMaQu85ykxKC8dc9D8cj4Df1v3xPkgKSbEdz6e4k8TU:12000000000000000000:OKDOT:OKMYTH
14JezNxa4Fqzsf7ef9prYrNy71Cd1Ff3cZizFrntwviVuC9m:12000000000000000000:OKDOT:OKMYTH
12wmfm6DvqSGAXACpq6d6spd2BkffqPveuP8eGmkGP7aLQhn:12000000000000000000:OKDOT:OKMYTH
15AxoPnbfcbS1fxZzJ1Ac3UokLc2geJ9sess4fNrjZFiHgwm:12000000000000000000:OKDOT:OKMYTH
1dC1CxEXZ96YZq2nJMnYREL4KHKSMn4iZQ2YWcxZeyGC2YV:12000000000000000000:OKDOT:OKMYTH
13gDXatKQ6VGwiake1uZVAcUgzabt467javhTtLzCzfvRDgd:12000000000000000000:OKDOT:OKMYTH
14uECosKLEysLojZAnz8XqL8o3e29KRk8NBAjkYG5snxM4Y1:12000000000000000000:OKDOT:OKMYTH
16dQberq1gznPhXNMo2ZJTnLQVhq7QJiAPigX5k4bYx75QMJ:12000000000000000000:OKDOT:OKMYTH
1kdsKTuBxZn5PnWgSLvZXxqJLGGKZko3ZJMVqWTp87uaaWb:12000000000000000000:OKDOT:OKMYTH
15VyGnKSyLx8o3Crsgq7LbRrX9okTvj3mb5nUyzfWq8DqCM:12000000000000000000:OKDOT:OKMYTH
1bUpQUsBCCn5JUKNTdLa4fuqfknvnaDaPJPHxuXo6Rg7DvC:12000000000000000000:OKDOT:OKMYTH
13H54MK2UghccdBqd7vkiCs5ydKR538QrybsZzgCN1ZYcofx:12000000000000000000:OKDOT:OKMYTH
15JMzuT2cbiq6hLDdMeGciyAeaSPbqWndmD9KyyFcUMvAK3f:12000000000000000000:OKDOT:OKMYTH
12ZDyd4nPfLgbC7ZfbHmt3WHwcZrF6tK4vWj5boka1mwruri:12000000000000000000:OKDOT:OKMYTH
1J8ecGi7tUtTRXg9rzie4r1EJpWAMi65TJ69yxMs4XQXCiH:12000000000000000000:OKDOT:OKMYTH
12oaP4JSSjeTUB2now9PZSuWQFpDveYVRFHeJc8fiPnh5ZJa:12000000000000000000:OKDOT:OKMYTH
13wGrHM1h9mkc3ngvsjshEnmKv5mbVhW6K1A5GhkUs2ktoDC:12000000000000000000:OKDOT:OKMYTH
1hwRQkNfeDo5Ev1awUPNY19XHfgXChKbqpatRDuprHuN7Gu:12000000000000000000:OKDOT:OKMYTH
1CNysvJDteTD59GiH84uynS8YaNKf2y6RMrYw62sLuaqabc:12000000000000000000:OKDOT:OKMYTH
15ev63YeYWCduQPtKkTHqVz46MuBTSwH42jVJDuy8NzYzoeH:12000000000000000000:OKDOT:OKMYTH
13gM51ktsnSXbuNrtpXc7Lvp6m3DauGCA5Lposb5fWzVjQHV:12000000000000000000:OKDOT:OKMYTH
135quSMGj3rTByfC6gQryZH2bagAiCXwcASvSUkorJeX75Ka:12000000000000000000:OKDOT:OKMYTH
1Lb4nCaRQTEAYJWK7YBYButAUraDRKBqDNuwp9qZGzYt4ut:12000000000000000000:OKDOT:OKMYTH
15ukevhpFSEym9vmG2ZpxGoR4z8ZDmb1mrQyYzZbrEWHPQtL:12000000000000000000:OKDOT:OKMYTH
1K9aeLtjvta2kBbaQm7A1jjFxTFDEEf4AiC3oaJDiANFJLq:12000000000000000000:OKDOT:OKMYTH
13qr2f7rmKHp9MWY9Hh745Yg7BhAVUx1yvWqnpkgkxYC5hHY:12000000000000000000:OKDOT:OKMYTH
14zeebBQrvcnodBxLmYVt72imqVYWUBmvrfMm1N7xx6WMNZ5:12000000000000000000:OKDOT:OKMYTH
12QKLuHNgTVkhKgQhTMiYTyJCJx3fyM9f9aeB7tZAc3TobZ2:12000000000000000000:OKDOT:OKMYTH
15RwzYdVuUUNSez21qu88sU5iHHLrnp7FVfXDSjipvG4P94P:12000000000000000000:OKDOT:OKMYTH
148PgRy8Ug7twYaJ89QbmzGnRqXVuxFgAJNdcXfXFAmwrDsj:12000000000000000000:OKDOT:OKMYTH
12iadMqsrUtWuQMsc1o1tc7XW51kHNwaFU1Rzv9ZKERqpuMm:12000000000000000000:OKDOT:OKMYTH
12qoGQbwtBG1LGgTeG8XoGVCLkZaKd4ktqvHDQjdRVVyirtk:12000000000000000000:OKDOT:OKMYTH
13Ye7wvsZhBUYtSEzNkcNg8iRxDisNn611uhZa6zbBcZanWN:12000000000000000000:OKDOT:OKMYTH
11cVM5EFaTxFmGoNtBMUcfQP6EGwcz2TobhthUqxNPj65Pf:12000000000000000000:OKDOT:OKMYTH
15L5HVu7Z8a3LHZBE3rmEcPPzwECzfWyJkEb4ERchjUQVSVn:12000000000000000000:OKDOT:OKMYTH
14gWT5X1MhLKq2h1omsdZuNLfZsFg6odKsHsNGe2GpceJmiK:12000000000000000000:OKDOT:OKMYTH
168twa84C4BNmM6cLGUXT7fesP9g8uiHHoxAM3uxcwtdRjp7:12000000000000000000:OKDOT:OKMYTH
1zUpXPMeXp2Truae7LbC82Y51LFmWdttvGJRqvevuEEZGVy:12000000000000000000:OKDOT:OKMYTH
14co1fdyt7Nb9sghuSTo47JdiTYHZAzE8khgekdaL6BnHMi8:12000000000000000000:OKDOT:OKMYTH
1UzDjgsEkJ1Thzifurdpho5WLjkEV7wN1eoneeN9pFD8G6a:12000000000000000000:OKDOT:OKMYTH
152LMdgrEjLnufPfDUpQGpzVynnx1cy8hE64PNHQSPRWZcXE:12000000000000000000:OKDOT:OKMYTH
15QXJKoGmzTaZeQ6nHq8X1EtK4N4qpbvEJkp6LDiRSVg6iSW:12000000000000000000:OKDOT:OKMYTH
14jHwP1bJfwrSH6tgNisXBA56AbLwanA4uUyVqUXy2GN8JFn:12000000000000000000:OKDOT:OKMYTH
1hQvTqf9aQUvbvdqzW9R5oYE8nuagQ3VFNSoxUMzmvGTxn5:12000000000000000000:OKDOT:OKMYTH
1mHVjicgQJCUDwXtPm2ruRAiJxByf19vR5EKkkVm9Y8d3gs:12000000000000000000:OKDOT:OKMYTH
15qsX5ZGR6b4DiZB8mFaFm2FC5qUGseiU3BJ9dSrSADEveJr:12000000000000000000:OKDOT:OKMYTH
14zBVB3FDiu4wKKrnrusf7oMas6xqNVydZ5wSRknsHumWnxn:12000000000000000000:OKDOT:OKMYTH
15Dcw4UFHQaSMiDuWqfHaUFJEk4NQ2JLztxx2gKHc7B3naXj:12000000000000000000:OKDOT:OKMYTH
13R3nGiKtFrckrJSpKFpYGLw6oL1h8PufxozB4WayTuZGsB9:12000000000000000000:OKDOT:OKMYTH
1qNvmnnnuGq77Uo9ryJc2ghrYGaR8xUskXrccPYQFK15qKd:12000000000000000000:OKDOT:OKMYTH
1MYDvSpG3ktxeXRvKQSjE1WVHSg16ZRbXc85pXf5cjE7ynL:12000000000000000000:OKDOT:OKMYTH
156nAGiJYV6BCo3QoKw4632P47hzgLGHgLyYHiQmow3airGn:12000000000000000000:OKDOT:OKMYTH
138wnVMJbibUusfEY5FDFt6Fa8SLF276L8gY6umHLCzDXTXt:12000000000000000000:OKDOT:OKMYTH
131iVVJwo6r9MXLqVhWJMiz7gJn3GJJ2dr6TCZkNXoMBT6h5:12000000000000000000:OKDOT:OKMYTH
14PsJLTDB8Hk5EEKbiCZhpdWgxQNcxTZH34hWnHqujSnvsKr:12000000000000000000:OKDOT:OKMYTH
1226SUzpwycxF9DDdHhUToBNkXbET9AcUAeq7Yn66Gte7VSf:12000000000000000000:OKDOT:OKMYTH
1GAR23YmzeR6noMpZGTi856CbQ2jTf3wVn2yR1YTfmtcgaR:12000000000000000000:OKDOT:OKMYTH
12T4Q3CiKBMnju6W1ixFLcy9hzb8EmWf3t7AiZh3dJZjgW4U:12000000000000000000:OKDOT:OKMYTH
14ahFizQgrFe3iu5b85FXkrTPxAbuHYYusNqXmXtQbTqht31:12000000000000000000:OKDOT:OKMYTH
13JtKLfnDrwZfWwLXR1tppbbpQ6CbpWi1BUumsnVEH74b91e:12000000000000000000:OKDOT:OKMYTH
12JqAMVBMnfj3FqweMfEichT2mLPiLPWC7xc5m1ox8ninrg7:12000000000000000000:OKDOT:OKMYTH
14r3Kk8ik5SzMbLMq79JZwPGtiE1DfZevyqeMwafeYzJVLoo:12000000000000000000:OKDOT:OKMYTH
12eSYBsgqiGd2dNrVmPkbHd25eTuCWxZVQa8hwzQLeFpQJxy:12000000000000000000:OKDOT:OKMYTH
14TJTnuK2uUZnsEuYWhz7ohd5cv4qPE1vn9f7Vj5c7YLP4eG:12000000000000000000:OKDOT:OKMYTH
13bkrXEjcSNdBEgndGVpyEExTSzURVD5kjQenmSpozn7exy7:12000000000000000000:OKDOT:OKMYTH
16Tow3D1Y7zSFshSZYTD3vAfdA6ATKy3JQ7g44oTJH2LKjiR:12000000000000000000:OKDOT:OKMYTH
1ufVY8M7Cv1adD4zwY4emdx4A4Q3BUfd9ygPLj4qpr8A6DZ:12000000000000000000:OKDOT:OKMYTH
1hf4rVbyUW38zz3ABGFfBzQMsLQG2bqHPBCbrwK3TbCRswQ:12000000000000000000:OKDOT:OKMYTH
14XwryQAgUgwzEg3GoDH9c82aSssXkGbWgDjfyxCXX7VT9K7:12000000000000000000:OKDOT:OKMYTH
14fsv68D4HVsVxDGA3KYkiYezVp1ULdecmPnbR6h4SQSPy3W:12000000000000000000:OKDOT:OKMYTH
13veEGLpUuBVRmcmsJH6d3k6vG29d7uQ5BEPcLezRbMCYC62:12000000000000000000:OKDOT:OKMYTH
18uLRFPYjfFSC18zkBMbhoxSkQGZy65wcxTWjzdXw29jaNW:12000000000000000000:OKDOT:OKMYTH
13NVANwWYyAE7FvvNqH5gHKnqExe1ZFfY3W6j47ifSbCpG2U:12000000000000000000:OKDOT:OKMYTH
13mNex9dnMLdCrTRwvASsDCXpKNJ87XR8596KkoCs9HNuoQh:12000000000000000000:OKDOT:OKMYTH
15jqK52jAvvcgBVT9dGjHZr4ooe9jxDJyrLhhbTfZm7mu7zM:12000000000000000000:OKDOT:OKMYTH
13NCLd3foNpsv1huPDzvvfyKh37NEEkGFotZnP52CTR98YFJ:236000000000000000000:OKDOT:OKMYTH
