13rFgpXE1eRwKK327dvX8FS4bXiSdyhxf6uJH6P27fwsAWp2:12000000000000000000:OKDOT:CHECKMYTH
13LxafhMpor4ujiz2nt5kKB9GEtwtT2buYPfwY7gtYr2sMDR:12000000000000000000:OKDOT:CHECKMYTH
14ZGFUayUBE3JMfwZYqni57qvnHx64uSryrVnAWvzfHkVy8j:12000000000000000000:OKDOT:CHECKMYTH
14Ya16DnGDMY1CCMh3Y5sfbdc6BgjYs2vMsUxiSawqaF9usQ:12000000000000000000:OKDOT:CHECKMYTH
19Qnxv6kCW2tEXsxnXcL4fE1nTNXuyzsZGWtSVMydgD5PRj:12000000000000000000:OKDOT:CHECKMYTH
14rBKYPBjwkR69EYtw899tf7aHdfsZmivMo79NTxVcCyEcjf:12000000000000000000:OKDOT:CHECKMYTH
16Ycips6d8UnsCasLNGAcLyDGqC2xn8LzpxHc3QJYJ4Sb6Rg:12000000000000000000:OKDOT:CHECKMYTH
132zCc3K6UBUUBtLrW5BKZgc2ZS4LMC47S91rXNWvmE9jU4F:12000000000000000000:OKDOT:CHECKMYTH
12ftpafwsjZ9kw7aT9n9cQewNXDb8MzGu4R5CZ7m18tJ28cQ:12000000000000000000:OKDOT:CHECKMYTH
12XEmKeuNPyYzCcUZGtMJkqvUsxitUAifag1uNjWZv9z2vJD:12000000000000000000:OKDOT:CHECKMYTH
14wKt2rwB53t6YxFsE8AWabCsd5bAgumxMsu8gWskbR9NoeV:12000000000000000000:OKDOT:CHECKMYTH
14iEqTVmXDEMMk96Lc6PbqrCfcEyUcrmeairgDHeZd1RrarS:12000000000000000000:OKDOT:CHECKMYTH
16ZfCKsb7b3C1pjAh6mVuM9Gzm2ptHeCj8s9LPoKf3es77Af:12000000000000000000:OKDOT:CHECKMYTH
13zdn3k9MKh3x47Km7azDGrCNfqpZ6zc3PvKurB9VPTMAKDw:12000000000000000000:OKDOT:CHECKMYTH
13R67Cw8p1hkc7eu6UwYcvgBcJ6C3ut3dyJgzdPAmJFcNH5p:12000000000000000000:OKDOT:CHECKMYTH
15wH9JpPVbgcDqFj8Xf5LrNEWjjYxmc3Jw8sF631UmEmhGbB:12000000000000000000:OKDOT:CHECKMYTH
13WtQoPNAQWGYSNeFboav5TCbSQQHveWndXqfSnX2rnrmfuo:12000000000000000000:OKDOT:CHECKMYTH
136eV2CjpMqXHVPyxM7kT16stwskx171MPpXpyfg557A5kW6:12000000000000000000:OKDOT:CHECKMYTH
12KZ8eE1YSVEgD5HeuoK8VZ51Uc6bsPYjXwRWxyeo3fEMiHy:12000000000000000000:OKDOT:CHECKMYTH
1PxBbn97Q3HtyczLPLjHGRhPnBXcBcfidGvDQMfefGdbc6i:12000000000000000000:OKDOT:CHECKMYTH
1GCeFGaEXofcFnLDG4NFsuY8JHFPYHwHaVJETwRb3Emk9MQ:12000000000000000000:OKDOT:CHECKMYTH
16Vi6FFJg7prFN1jF4sD1XAPLNQs67cuR1kTdBH2QcHuzmWA:12000000000000000000:OKDOT:CHECKMYTH
15x1tFGbZvmhQ6ujyQF3FdVXEbgdFJEGGvYcoocCrSpePgcu:12000000000000000000:OKDOT:CHECKMYTH
13m8NZ74412n9hJJVqN3dJgn6Mr2Nus9bL2L7tf7H1vweycD:12000000000000000000:OKDOT:CHECKMYTH
13AJPkSi3bKU6kHe1j2LArL4moKLHCWdp5AgyeudZsGowti6:12000000000000000000:OKDOT:CHECKMYTH
12WRexudaJkke4uU11sAU2rePeRFWUKcifWB4MQ9385qQgC6:12000000000000000000:OKDOT:CHECKMYTH
14g9djS9YK8sHwaM98Rq5wCSmbzHgogZDk8BY8PKkZUKAqRE:12000000000000000000:OKDOT:CHECKMYTH
12n6z4yV2ukRcvMrhwc1kYTGyz99tMNtEwHRX3jW69chysGR:12000000000000000000:OKDOT:CHECKMYTH
151Vje9AAjy6DnmrVwyUjjx2KVkfsL7nVJXjZRzSKrxQeJ6c:12000000000000000000:OKDOT:CHECKMYTH
143L9z3U2LVwJLjcTL35XfYWwLLaHgqnTm9TDRehfJgyqUMw:12000000000000000000:OKDOT:CHECKMYTH
12TkRHp6M8R43CJszqVC5tMCXYb9oqqHWV37y2gvUSB1j8xk:12000000000000000000:OKDOT:CHECKMYTH
13pn9Wk2KK6NqVURtw4HadjfhNCNJWycSNQ8Hk4u3GkCMkqK:12000000000000000000:OKDOT:CHECKMYTH
141z2AmmD7v1vznzUKup1p6R2nKhPHKp3bb3c8hLF45MqE37:12000000000000000000:OKDOT:CHECKMYTH
14jTufmrRwz6q6oyna6AmZVnG3r2YgEzQtZJmXQJGWcKrFbQ:12000000000000000000:OKDOT:CHECKMYTH
1GszjSwc5Kcw2HqMb1MJHQNPctc1h6CeoL793cwNrnbuhLq:12000000000000000000:OKDOT:CHECKMYTH
15xfy1jdmcFwBNnoVQ8M8XC2pMir2s3FcvkGnPVY8pUUGM9v:12000000000000000000:OKDOT:CHECKMYTH
16L3ueittYW5J7MRAuemqphuebw7245w5bP6nF95LqmcGdk6:12000000000000000000:OKDOT:CHECKMYTH
1LSMACHzAXv3xdesiE63CrPRjYHfruVDLYL5y6psZBUgX4M:12000000000000000000:OKDOT:CHECKMYTH
12HVyKxWGjZeEBeCaR5pFj15YZHUDU4BHc52i4usXeKST1kZ:12000000000000000000:OKDOT:CHECKMYTH
12QwU5py9jJCHmwomyEAEYnLTZf4QGBi5eyy5gBaQgviFEuZ:12000000000000000000:OKDOT:CHECKMYTH
123X1LJVpkqMxCx6gYp4gpNQSb1ZHumc59VHAD82t29WvAJJ:12000000000000000000:OKDOT:CHECKMYTH
13njGmUiWVrr9ykhWgmt1bL5Qd92C5Tt6rXJdn8CufLnyhuF:12000000000000000000:OKDOT:CHECKMYTH
13f5fr6ScK33PqrU7yWCnuN4agDLUn9WsbD1585ieFCnH664:12000000000000000000:OKDOT:CHECKMYTH
13zp6PKYZJQm6NAjMEQPi9KMfFbATqh6eTaXG2z9KgzteSwt:12000000000000000000:OKDOT:CHECKMYTH
12ydypz1jLRnoAei3cfcexcAzKzW4Uvgz5uyHrS6bLmE7Z5a:12000000000000000000:OKDOT:CHECKMYTH
16LXxHbCWqCMthghfsJp11Gwjpo6TBf8RVhEofxp9FmSQycs:12000000000000000000:OKDOT:CHECKMYTH
12Tm23gqaWMHjXubaZA7GVYBbAU6SZAAV4BRTxuHKY7QNSnS:12000000000000000000:OKDOT:CHECKMYTH
14G2PsZucrKXsAo2HG6xoT7MXTrN2qLjyARSRPQmnL67vx5s:12000000000000000000:OKDOT:CHECKMYTH
15LNwsPfy8PrSY7YmDxqnVyAj6zyrq5Y47mxQHEfNA1mSL5d:12000000000000000000:OKDOT:CHECKMYTH
1YeE9JSMKbHBafqnnqYwESZfWqhSuF3vcxcjJZNh6KteXSA:12000000000000000000:OKDOT:CHECKMYTH
158kF6SyXxHfSgkL1dgeKAVGqYHnDEY9GbPKfHeeAu3QQnpM:12000000000000000000:OKDOT:CHECKMYTH
14NUamFTa54q84pHfv6gcDTAr1dParGhdauNrsN6SJQgXYh3:12000000000000000000:OKDOT:CHECKMYTH
13nfh4RF7EM4GoQc3r9LjNG3fjSYyarCqpydVd5cwb2agV1U:12000000000000000000:OKDOT:CHECKMYTH
13mRreu9ZF9k3TLyMcYJhcmavXyxusoophsVZYRx9LefhqtG:12000000000000000000:OKDOT:CHECKMYTH
14WEXqGhW39rjxqRTpnwGmrSnmEkCwAgUJYz9NXTPjjBfzyP:12000000000000000000:NEEDED:CHECKMYTH
13Fu3y5fMJWbffjXfkFiWr4RgapLDzLDdU6HZG9Mxs3EQ55N:12000000000000000000:OKDOT:CHECKMYTH
14KH6iRpHxAAbdQhZbTvGGPLsqc1TLXMxFWvsRH3tAMogTBQ:12000000000000000000:OKDOT:CHECKMYTH
14Z3EwK5MmuSxDi7qGgJ1aPH6HDH29VscZhvF1WXQLnjfn21:12000000000000000000:OKDOT:CHECKMYTH
11uywEbA2VgRimPLqL8tTNWErDE7sZXe7aycnErJu28bBTx:12000000000000000000:OKDOT:CHECKMYTH
15bmyb9M3ErRhcNEQ1SYmsZ7WGnCvJLb4mwAFAQd7W4mBfuj:12000000000000000000:OKDOT:CHECKMYTH
12ewZdWuAzdazmVJSzyDdCeFdWtrJhFMmUfhJA6E62AuRgFj:12000000000000000000:OKDOT:CHECKMYTH
147d8AvVTSU49iFRZtJGmLSm2vkfAgEAMyu8fs1KBLd933W:12000000000000000000:OKDOT:CHECKMYTH
16dQrUhCgsLeiCi778qx8HPZrExe73F5y6ErCeeVAAsj6vfr:12000000000000000000:OKDOT:CHECKMYTH
13pKUgSf7aLBvVr1p3qp6ayMXKCZJjLqP9JysZeJG1SnzDeu:12000000000000000000:OKDOT:CHECKMYTH
16mFZ317eJhMXnzw78tEf1ZxcYXC2hZpEbCKrHH9QZtxx7av:12000000000000000000:OKDOT:CHECKMYTH
1JF25HqPqt8iW3E9Z8jjG2WQHhjzszMjE8krR3uz2i7ye22:12000000000000000000:OKDOT:CHECKMYTH
15SFbaGDGi3d3VqgBdeM4GtbEjJWBym9ycPWUcLjR9cAAFJK:12000000000000000000:OKDOT:CHECKMYTH
15mJN2Pvi32vFLWhSrMHLTSciAa6aFXjYi6gKZyJGnafugcS:12000000000000000000:OKDOT:CHECKMYTH
16gywkKrNT6ne4CQLT6pSDPSQ1V3doMyxjB2WmbMx3u2Patp:12000000000000000000:OKDOT:CHECKMYTH
13rVqvsTiwDfboyrir5oAau3nAq1yp9UT2CcSRqGWwk45mU7:12000000000000000000:OKDOT:CHECKMYTH
126LnRjXQEfhrSrm5bQsmMDziceeW7RsPSBkveM9zEWFcWv4:12000000000000000000:OKDOT:CHECKMYTH
13H5bBKSwLDUyw11QudizLZt14CfJp6p3W8BPhbDNCJCCN7F:12000000000000000000:OKDOT:CHECKMYTH
15aBncD5Z4yvys9ZvtoAaB3kCTpXN8Vj6UXpCixWnYUh76b4:12000000000000000000:OKDOT:CHECKMYTH
12M9jvGB2P9iri4NyWAtiVTcBCDFRbeGzkUFskgofp3DjtC1:12000000000000000000:OKDOT:CHECKMYTH
13UMVg1YCicbbjunoarrqTBxAFQW9q28qutoynun4qGN2Xni:12000000000000000000:OKDOT:CHECKMYTH
1SrCeDVAaLSaHoiCPzxLbSagqVCrgTygfVXscFosbNeUzH6:12000000000000000000:OKDOT:CHECKMYTH
12c56w3uoxd7Rz15sqGguAzDXYjjzPcoTDPShbRpBpURERtK:12000000000000000000:OKDOT:CHECKMYTH
12mQz5q4C3iuYhWWqB6jEXLpPg1C7M9gmSCfZJxrBXdvgfpf:12000000000000000000:OKDOT:CHECKMYTH
1uepFEHnXeGrhXqhpiA9oxX7XMVvwquzg1L8X7mmZFB2NYP:12000000000000000000:OKDOT:CHECKMYTH
169a5SKkzDfUUFPC5hQ1sYPmZPLxRz69DWVYjnTixTvHCGph:12000000000000000000:OKDOT:CHECKMYTH
14bxKYwK83Hh3TDjfK4Wnk9mbJFtzYUiTJfDHjZ41keEB6kT:12000000000000000000:OKDOT:CHECKMYTH
13jebsuNDbgGD9W4vrxmnNvA12aasZSJbHq3S2bZDvWyf1hM:12000000000000000000:OKDOT:CHECKMYTH
1ZSFV67YgoASbJREPZiZ15sbJzfs29m4tnerMjsLzX9u3pN:12000000000000000000:OKDOT:CHECKMYTH
16K5PBUn383aDMJsokczUPC54EoSaW6pHArAmPw3i2rJPTY:12000000000000000000:OKDOT:CHECKMYTH
12UmWcxunr9611AAJ6mWKn9UsrT175JDShncexFr7nK3DbSg:12000000000000000000:OKDOT:CHECKMYTH
15vGuNe9uSmzJpwF7MqCn39WwGvLY4avDUp5htTpqVsWrWgs:12000000000000000000:NEEDED:CHECKMYTH
13DouN6ujjFEYMXRuemtBBniUcVL6LuZ2sNMChDR6trnLDum:12000000000000000000:OKDOT:CHECKMYTH
14T1KwVkhyKDkQHSSTwrvUUBj7J2BgcK8tQsyvi9FJNF9LxF:12000000000000000000:OKDOT:CHECKMYTH
1SrQ9yaR7m8amubYmtKz8pcWTyB7oidXJtYuXfhpubiR1mc:12000000000000000000:OKDOT:CHECKMYTH
127dpR1ENKLSNLu7ertaP2XCAkAeQpWstAkjG84RPrAz34B4:12000000000000000000:OKDOT:CHECKMYTH
14DggeFFKjnCi8UcSi5qdZEUzZk2cfBrsw2keegkpgRnksD:12000000000000000000:OKDOT:CHECKMYTH
139C1KeRNrgYHRDMa1AdKEXS79VAPiTPUxuiaZfv3yhkaEp5:12000000000000000000:OKDOT:CHECKMYTH
1vib5w2dnyuQPHM1XyCrSZThzqP5fBBWAbjuyZwUqfQc1Nf:12000000000000000000:OKDOT:CHECKMYTH
13UmV9yfkXp27y7W9KFCAgb5pW8rKZ9UAoD4TNF6VGaytkzM:12000000000000000000:OKDOT:CHECKMYTH
12PJLXQ5RYwLCMrSL5981DykzUUiGmHc3sjauaUgpVWVYh4d:12000000000000000000:OKDOT:CHECKMYTH
125dNnKp34c1CwPQX3d1nrZHwNo68jbdbtTfXGxpxSzdbUKp:12000000000000000000:OKDOT:CHECKMYTH
13XWxvdFZbaCSGHCR2okjLXnYDcsfoSktcPgcj2xNoQCDCNk:12000000000000000000:OKDOT:CHECKMYTH
16gKERfmqFtUWprZ2Htd2YZqQCnJiYEAFNVCeouyRxavwzzp:12000000000000000000:OKDOT:CHECKMYTH
13XWbCx1K4e9njhsYThCPb8CZd5GL9DVCpUtaoyrdvpsEU4Y:12000000000000000000:OKDOT:CHECKMYTH
12eMmXph4rgNTq6atFor85nS9F2HMxGSM2MA4iAoXvwmfD6m:12000000000000000000:OKDOT:CHECKMYTH
16HTNLa876r8Ti9CTvQAHeVgcd2WKYHz5icTR23AJ8uc2Jt8:12000000000000000000:OKDOT:CHECKMYTH
1yJ8R64A71VnqqHDfG7DuqqfcABivUsCgvduGtf9FrB7LCZ:12000000000000000000:OKDOT:CHECKMYTH
16g4JNteVsiYyeiRESfHH6dHQ7DX9kpo1WhTUVVpuyL7xpmA:12000000000000000000:OKDOT:CHECKMYTH
14puS6DJQyqWbPyAzsiTp6cVSAS5kUNwETNuri7eZQ6zDB3Z:12000000000000000000:OKDOT:CHECKMYTH
15Kr2yCUVFsZkFGa8dHWwUYBqDQ4tS5Asyo9FnpSybsFF8Au:12000000000000000000:OKDOT:CHECKMYTH
1zEADq7Br2HXNYZmWijmPczYpJQGFztzt7nwq5C6KXVodza:12000000000000000000:OKDOT:CHECKMYTH
12ecqtkSBoNfCAHmXUaXetfbGttgCDNbSeR3YGrSopdZDLNC:12000000000000000000:OKDOT:CHECKMYTH
146MTiDpzVAT1PHeNimGfhT3DhcM6D96BQp2iR6ZSWbeFRGv:12000000000000000000:OKDOT:CHECKMYTH
129gVcWioUSeHNjYRsWyWqzNHZVHLBowdrnC4HhdYdgRogQh:12000000000000000000:OKDOT:CHECKMYTH
1547c8tb1LxjESbvSKVTJoPWB4EZbvDtaPjbZMkSidHX2Thf:12000000000000000000:OKDOT:CHECKMYTH
1BDwcDN4MxmuGxx7guJhSbPG4VtKjAMuhucRntypG9vv9CA:12000000000000000000:NEEDED:CHECKMYTH
16NQMJ9tqC2TBQEmDhg6YF4yjBk95GV8vUNnoChPxp9KCyMt:12000000000000000000:OKDOT:CHECKMYTH
15covQqbyFtjbS15ATS8w9UP7ZcDshLympkXseqFvnvSWwoA:12000000000000000000:OKDOT:CHECKMYTH
1NfV3U8VWvZJDnDFFN1LDXXhS6j213JfqBoB5zRKN5RBgPy:12000000000000000000:OKDOT:CHECKMYTH
1rp7zFQxyMQZERFytneneayr737CMNLS1CYvvXdBCmNd6mx:12000000000000000000:OKDOT:CHECKMYTH
15tXp9w9ZXWAjwji1W3bVWBE5wpxUSvenjcbf9ToBtcuqP86:12000000000000000000:OKDOT:CHECKMYTH
15DsbtA5r4gQHAgG5ahFt4sTpshbeg97rvavVj623cDrJ2vt:12000000000000000000:OKDOT:CHECKMYTH
126ofNncgcsTpfh9p9GrAMyAysUBYtSLGp27ZcoCB11DpFPt:12000000000000000000:OKDOT:CHECKMYTH
124tmmvtphdea3x23gD6y39TWkGTRSu1MdGb44nnN83dPoaY:12000000000000000000:OKDOT:CHECKMYTH
12e5FWgAYr7QYW1wohYd4ad65kwovttdWuVrY5qGdUrouFsP:12000000000000000000:OKDOT:CHECKMYTH
13uChD6ZYYDupmbgE9WiJ2CMgjYV7xmiNNo7zvt11oM8TR1W:12000000000000000000:OKDOT:CHECKMYTH
16LP7qzsbz1Mn6aJNk44AuVnpTJFZ3zs9tubhLXbJxCWsRti:12000000000000000000:OKDOT:CHECKMYTH
14LuG3xEtNwVqFCQ9Lt65W51DvDMofW6yHpdu8chdywmKHyd:12000000000000000000:OKDOT:CHECKMYTH
15ZdnuFCo819BaHAbB4zkmhTkvpHhR5VfGnBsx67C47o17xk:12000000000000000000:OKDOT:CHECKMYTH
15stSwxnn5oUYAPhPwFoFPSAbjamvQaCSvc4YNderymrxW5X:12000000000000000000:OKDOT:CHECKMYTH
16MPxnunbiyLh5GuGxQoJmskipQeBjkM3Q8KyGNqWM1afwpP:12000000000000000000:OKDOT:CHECKMYTH
15zxP1ggTNuhHWeUj16ZU5merQouseWWcDM6FQcdwh3agSxv:12000000000000000000:OKDOT:CHECKMYTH
15EZ2ogsU4bcW4MftMTwRkvdLBW9d6B2jftn5WQmVwwUA5zN:12000000000000000000:OKDOT:CHECKMYTH
15JxZds6Rz8RJap1HoHZFFDG7xbbkvcCPxmEXrrJm2r9YeFY:12000000000000000000:OKDOT:CHECKMYTH
14R7GVMa4m5y2eZBECFohPsv1XZEoBUCjK23D7QVRdQErP5A:12000000000000000000:OKDOT:CHECKMYTH
13juYwr4ezWd8JAL1Vz7hniRvZcHEm5rcyfWA3hZ8zxjVZUB:12000000000000000000:OKDOT:CHECKMYTH
1SR2yp8DevFRQcBuD5PD3Bv8VeP7R29WQMTpUEVG4gHeC6H:12000000000000000000:OKDOT:CHECKMYTH
16f3wWhmHWqyR5YQLeLnztgTL6BSAxDta7YLVPFFCEkzPrB4:12000000000000000000:OKDOT:CHECKMYTH
1XjxEjHAT4i7JwVyu8SZwYMnvD5S9PwKsb6LinktnEzWEW9:12000000000000000000:OKDOT:CHECKMYTH
1v1Qqq1yF4UqJ9y4cTLsZecwNDFwem1je5Xkf7ueAnRmn8M:12000000000000000000:OKDOT:CHECKMYTH
1TUagP16TEeRSSQmnQNRPhxeWmxj6HHEF8BLSmkVJTPb3rk:12000000000000000000:OKDOT:CHECKMYTH
16n8n2GPxx7Wm7D83fnp5hhAtvVtTFLgyzMTwqdSC6Rboi1F:12000000000000000000:OKDOT:CHECKMYTH
14f9DvFEggYJ7hGyDnRCFDU9X19q5JAE9CRwg97Ts5uymfk3:12000000000000000000:OKDOT:CHECKMYTH
12yXRUiUqeNbscLss3vBzx4QCkd5ZvdWh5FMs2HkBMWz4h93:12000000000000000000:OKDOT:CHECKMYTH
14VWQAno94MdCrrEgtQ6zXu8gmrRkRd6HuHDDjsQkUcgwryx:12000000000000000000:OKDOT:CHECKMYTH
16Pr4EUxefL11xw5MyEz5WbxxSf2zUtt2SrnFU162aqFjyGA:12000000000000000000:OKDOT:CHECKMYTH
126WRXttdafbzfJkah8wM7SezfGPgrujvTbhnC3yyb2uKWR5:12000000000000000000:OKDOT:CHECKMYTH
14iT9VWi1MEVKfRFA1LzEhf5gjSRf8KyDkkVHWbTCtWP6wv6:12000000000000000000:OKDOT:CHECKMYTH
15ifNbP3sfcsKh7UgVk8ZQaPVmoVQ4eLXhx8G64MHPLav3a4:12000000000000000000:OKDOT:CHECKMYTH
14MeQCfSURArjxJ7ckVaGb2B1nDKsDRikjwNvYQoe6oHbvC3:12000000000000000000:OKDOT:CHECKMYTH
13zJ72NturzBbVCTTxi1tchvKdrwYhE4J2hc2JKLuXqpP3ZF:12000000000000000000:OKDOT:CHECKMYTH
16D6g936oaQ6KZb7bN5QVDVo3W2Cq4a4REqQeZx4zr3tyGej:12000000000000000000:OKDOT:CHECKMYTH
13ovxASsPqHd5Yf8mxcHgJqegcsJ1htcGvsZxbNTjt1zxdbf:12000000000000000000:OKDOT:CHECKMYTH
156hWCPfFkDHBEq5oqVpgupH2iAyGkYzDND6aHkX9uN1D5yk:12000000000000000000:OKDOT:CHECKMYTH
15bgiGLVAELjuNM7gawUcTjcotezp98ZhusQe6fUmEdyJeVQ:12000000000000000000:OKDOT:CHECKMYTH
12utmUwHPhv3Xz1J1sXgJUn37ENSV5SEt44rMbdKn7ZhLSv1:12000000000000000000:OKDOT:CHECKMYTH
1MauuwkAsLZrXQoKwjFhpApSiRRh6EMJMqpXp2hjAFsqt5t:12000000000000000000:OKDOT:CHECKMYTH
14m1b43uQAecYztK8zX5MvrvDpnRfgrRYnsbojHHg7d2cEBF:12000000000000000000:OKDOT:CHECKMYTH
12JhGWbR9n3xCT8XtZgyrD6741q2tCJjNxbYiRohoQDPkkRS:12000000000000000000:OKDOT:CHECKMYTH
13wEVziNE59ozHSNTixDxFW9ufuUfeAEMuBoYbwqitZjhaZR:12000000000000000000:OKDOT:CHECKMYTH
12qVbdJjRAaB1qGmmMyMVk75E5fvmV5zLZWfsw47oSAqdzES:12000000000000000000:OKDOT:CHECKMYTH
14CS7Rxu9jJ1YmDVCPzmRWjJMNowbqCmNJnsdQhNppwU1wGy:12000000000000000000:OKDOT:CHECKMYTH
148eFGACUsrHRowJukE7Nsi31gEh53jpS32g1iz7ShhxbYbJ:12000000000000000000:OKDOT:CHECKMYTH
13gijvFYuM51aNgBH6CxjyL8HraP5gDMnVELQZoaBwkUM2zm:12000000000000000000:OKDOT:CHECKMYTH
1bozH1iGiPvCmF4oH5xWYMRcxaz6KTp4h7EDfV9uAQPyJb3:12000000000000000000:OKDOT:CHECKMYTH
1Yr7tukQWnZaRdSPXSDaMEYmqgpnK3FoZT4BCtDpt1H4d9G:12000000000000000000:OKDOT:CHECKMYTH
12VNaCVT5wMvdCEQPQ3PxWQyHeEwiKbirztDEjGw7rPh7gA3:12000000000000000000:OKDOT:CHECKMYTH
12BbuJUEtHG7NQARqtughJUozSFFAX8YQYbtbbzbx8uNCK25:12000000000000000000:OKDOT:CHECKMYTH
13cPFAKuzzHML69zMbW3Lz29rANM33u3V2BAMbjh1b6fZbAi:12000000000000000000:OKDOT:CHECKMYTH
1VZatJ6RyuGkwGLFxpRhYM4MwE5PMtsuvqhsXKWBdLNtWAZ:12000000000000000000:OKDOT:CHECKMYTH
14QuXSJMDz1qskmDsLZogtbpkUjzzpHAYeaXF586c7FeyApw:12000000000000000000:OKDOT:CHECKMYTH
16jyr4CdVfkBAb4Z6ceVnrDDTHdAkS29mHFyJPiSfsaz5tmB:12000000000000000000:OKDOT:CHECKMYTH
12zzrMse2qsWLH5GB8avjteLTg6mYjErFFnN1RZ774jBHqpi:12000000000000000000:OKDOT:CHECKMYTH
1YiBQDhvkQ5L1GAbNWhkk5p5b8wYQQBPZ5d7xkDE2PhPRcK:12000000000000000000:OKDOT:CHECKMYTH
1fLti2gNaK9gnTnT8nY3UrZjWEyNWyJbihHY7mGjL31UQmc:12000000000000000000:OKDOT:CHECKMYTH
14VRGaW9mdZc597fD5CumgHGAdE3yZAVaMrLeJVjiP8HLKCN:12000000000000000000:OKDOT:CHECKMYTH
13LhbcJeNvd6AUpcdnL218vGapMdwvoqtVDJdsMGBZztWff7:12000000000000000000:OKDOT:CHECKMYTH
152Q9tJcGnRPerWHwKpjPCAUDKhzWVWoqqZQq2c8TXNV7SRR:12000000000000000000:OKDOT:CHECKMYTH
1mrjGus6uKKiTomtbV3zU4kWcyJYtyrTsjQqLHnY9kYmt4s:12000000000000000000:OKDOT:CHECKMYTH
133EUKFMcRis89DEUgh1sj7N2KKEtha6tRzf5qHEfgMbRLh:12000000000000000000:OKDOT:CHECKMYTH
1dTDxd57UU9s67PYfXje3EZwAjZAJWXmfRaD6nbe799FpvX:12000000000000000000:OKDOT:CHECKMYTH
12fdczD8FPC1GTh3QMjiFjAf3YdMY34REaFWrMPSUC3xMUgJ:12000000000000000000:OKDOT:CHECKMYTH
13ibajaSSLSisz12M25Vm5YsM5FUrT1Czer9gzYyx8r56dej:12000000000000000000:OKDOT:CHECKMYTH
12Z7wBko1DinTSG874dTjpcVd8rh9DwYqP1586c6e4pZenVg:12000000000000000000:OKDOT:CHECKMYTH
13qnDTZgtdvvvEY2n75KWyue9SsUfhybYfA2Ti98diUoMj8:12000000000000000000:OKDOT:CHECKMYTH
12bLeM2LcTurqvTBudBGapuWufZLvcA9HW9vPVRbCsCRapbq:12000000000000000000:OKDOT:CHECKMYTH
12K8VfYqYvqTV6Z8udNZkAqh6axWYGhrj997bjW9xo7hThCW:12000000000000000000:OKDOT:CHECKMYTH
15qoBeGpnUZdGarK99E4XCQKca3tUZogxLLEkcs5quAarJuB:12000000000000000000:OKDOT:CHECKMYTH
14AMZQAY6WeFgqhSyAzEGTQhd1dGAGM9RADpuuoyjk1kXLTd:12000000000000000000:OKDOT:CHECKMYTH
13NCTV69mCHXyH7F7X8DewLFCocj2WWhBo2uzDnGwz7mw7zg:12000000000000000000:OKDOT:CHECKMYTH
12TopLf4UnWLFuz3a5hNo1tB4hrHTc8eJ7W5FDU85RLbA9cU:12000000000000000000:OKDOT:CHECKMYTH
12NjWP519K4fRHg3k7WDUweRhpinU5LPxwU2h75utdguqYrm:12000000000000000000:OKDOT:CHECKMYTH
12TtwPSgEmmo6dAaDPr4Hy6FmN4xcsS5UWuBohuBWEyRrw9w:12000000000000000000:OKDOT:CHECKMYTH
12ucCMa5wxbiCzYBWLUSz5A4oMKdB6Awsg4hc9VX9exnCVHz:12000000000000000000:OKDOT:CHECKMYTH
13QGhvAwNXtLwG9BegAVLhY3bJN2fk2m3biGTNd1it2KxAiF:12000000000000000000:OKDOT:CHECKMYTH
15JKbcoK8tYGLrJdbZvjxtjemCVJ2hryYToweHjRVqZrW72C:12000000000000000000:OKDOT:CHECKMYTH
13dXfDEMQdb664jghgAAN29w8VnkrXvpKY1eWmVUynfHy7LN:12000000000000000000:OKDOT:CHECKMYTH
136AMXnZSASd1vmuYYQx3r1AaTtnGNwqjh67JCpoifQ4Vfh7:12000000000000000000:OKDOT:CHECKMYTH
14B4CeD86kcmHJjfbYVJVpUVW4CfdAKKvtmx9c7JsWV2n4HJ:12000000000000000000:OKDOT:CHECKMYTH
129eueDUYTc5jwqB8sR7YWsLvadEFC4n87AQc81yVmxhnhnZ:12000000000000000000:OKDOT:CHECKMYTH
1qYXMawoKaDAwARvXN32tVnNiY7uvSNWozPwUwXHzqcSqNf:12000000000000000000:OKDOT:CHECKMYTH
12zxssv9iwPCmka4edU8mGp6M8592ckNf3ApHDUAHUSFzkda:12000000000000000000:OKDOT:CHECKMYTH
16ausdF6JkZvtkLHXrAuYSLEbPgiS5EdcEY9AKdSWPgbRpao:12000000000000000000:OKDOT:CHECKMYTH
16jfxDnrDaKXBKCNyd1Qm6qksPL2QjiQSkDuyo9tt5feSwnh:12000000000000000000:OKDOT:CHECKMYTH
13MohRi51X9EU7n9fsnVNGzXPgKfhTh5Cko5as4HT7nxi23S:12000000000000000000:OKDOT:CHECKMYTH
157V5yxzxiUjUs74n99rGxJGrKr6oVeTRtqgcKVf9RTM4Vv4:12000000000000000000:OKDOT:CHECKMYTH
125MrUtZMUwapoXuWdJNzZkytaT4GcUDwFnEUjT4iFCTSYK7:12000000000000000000:OKDOT:CHECKMYTH
12rkRM3iTwpQLjMtj3rkn86dJj2vUSyuDYTfEpBEN39bJKn9:12000000000000000000:OKDOT:CHECKMYTH
12LCDztPxe6YfYsQtSVJEnMjpGwDN7TgkjJrC5ZJwEEWp1Hy:12000000000000000000:OKDOT:CHECKMYTH
13HZT38H7nE6uinZzNFinSvkuJ3sbCLsuHcNPxTYygVdQCFG:12000000000000000000:OKDOT:CHECKMYTH
1jtHYn6Zo1knvK4FsRqsuULghZEG2VGTiZRFHwXrVGem1zU:12000000000000000000:OKDOT:CHECKMYTH
14V55GkDccUY5JPjHSnMha2LxXM99SVYq3mchq95U56xHdDY:12000000000000000000:OKDOT:CHECKMYTH
14eR15Xo6HyG9bXB3KhKYuWNTgZkbTpPpxoqUqi4w3VHG3Mu:12000000000000000000:OKDOT:CHECKMYTH
143j5WHJwmJ5RptF7TidEAcQ1NiZqcNoQxYxQDQTBpXfhDC9:12000000000000000000:OKDOT:CHECKMYTH
1LehqWYv9JB6hwSrYR6bzk93hiAuPkRbwpkGbNGrxTRxaov:12000000000000000000:OKDOT:CHECKMYTH
14TnJayXD2j5ydFarxxYGStcQ8JBkWy9uxG2Ljzmuaj5toF6:12000000000000000000:OKDOT:CHECKMYTH
12VXhTKuEUgQbr9DdmJpYXoPybuqo4yc1zdDMc8KPPUN48Jx:12000000000000000000:OKDOT:CHECKMYTH
15ehq2nWXFTvLa1zsnXcVq1v5LaeCkURRjRs1MtSxM5r8R9T:12000000000000000000:OKDOT:CHECKMYTH
16B2mAcxuw65R5NtVagFgRNLo7vgBYHwo9KJs1i7oY9gjixW:12000000000000000000:OKDOT:CHECKMYTH
14zEaCtfGxM2gA1zh24xNC4GZMDRoNrBuzte21bAgXkH4yUw:12000000000000000000:OKDOT:CHECKMYTH
16NUDyzJFBsoCowy2gko1sHwBnZbFP5gpy693MCYHgysjKqQ:12000000000000000000:OKDOT:CHECKMYTH
12c1XfGy7Q8aMp5WDeni5zbwMFqSUPY8tnns9PYHWokmhiCk:12000000000000000000:OKDOT:CHECKMYTH
15jBbsA83i73ZtoFuZAdBamBzqESmHPCAwixGoomg2Wm8uPA:12000000000000000000:OKDOT:CHECKMYTH
1SBQYbauvkPH4AG1nuv4uu9mLJijp8qqM4Wgy82AzRgRhdP:12000000000000000000:OKDOT:CHECKMYTH
15QcbTujQpzcak9HV4W7oneLDxhZarBskbfpg8fohvVdnPQc:12000000000000000000:OKDOT:CHECKMYTH
15RmJY7aAjBajQn6CoENZPJRVLiUnLWfyvaS7qqch7MBG3nF:12000000000000000000:OKDOT:CHECKMYTH
13tYvNpXXq5EzTQTHTXWcQXVJ4zmuXbycgEmZ48eKx5EBr83:12000000000000000000:OKDOT:CHECKMYTH
1545fpHvdvuwEAQgnDWnkstpzK4py3z7dM3xsTS7NLSbzfKN:12000000000000000000:OKDOT:CHECKMYTH
16AdftKmxHq3xAGKGxt6XB5fo3GcwQ92S4BKjMHpnqS9E3Jn:12000000000000000000:OKDOT:CHECKMYTH
158CcX5fMGoJeYsaVSNrF8iTJVWc831Jcz3TD9wKhofk35M4:12000000000000000000:OKDOT:CHECKMYTH
13ZdHFjWkr47AcMCAtqfZovWtdhSnpLoBa5jvjSGJL5MprnZ:12000000000000000000:OKDOT:CHECKMYTH
13EM5zK5wvfXSXTisycJPtCiGYYhXn98sdKGX5Jf8vuujFEh:12000000000000000000:OKDOT:CHECKMYTH
1L7YZge2h7bZ7Ge6hizNwmTVRT2p1am5dzTxGUtAoEWHh8F:12000000000000000000:NEEDED:CHECKMYTH
16LiZQVXgkqLbDxqFmH9AuEHFnk2HGGcr4e9aYxBxJ6wi3kj:12000000000000000000:OKDOT:CHECKMYTH
126HjZu4ggGebxvKyhkSJ6iuK3Y8umqb8xzkqRxMXnPNJ8pt:12000000000000000000:OKDOT:CHECKMYTH
13YCD78Ey1Hn4mS9mXR41GrLAZSpmtCCKuSmhQTckD3uZbc2:12000000000000000000:OKDOT:CHECKMYTH
12zhD9Ya1o3kkvcMXSwiNnpQ4tTogVPTQrgDp5txHrQJKoyp:12000000000000000000:OKDOT:CHECKMYTH
12Fid2sCFvGNm9AjMNiwC2S2mY6G1xPYSGqtGwtFTk8BJaiM:12000000000000000000:OKDOT:CHECKMYTH
126U2zqmrbziSDLCz7Hz4sccKbzWgTcDoLu9D8aBBVX6HHoc:12000000000000000000:OKDOT:CHECKMYTH
1L8hehYjySdMLFaXAkRCdQPHxskZpfupj2pmyv7xZ5RsMXY:12000000000000000000:OKDOT:CHECKMYTH
15uwEVcab2Yf4LgA3W9JgiCkjjGM8FMFiLkKTXWReL5iWhLs:12000000000000000000:OKDOT:CHECKMYTH
14hxEU5oYEdjWSxtXcCjzarqkbziUaPwoKfnG2ghmN9S4J8c:12000000000000000000:OKDOT:CHECKMYTH
12Ye1nX4vqj4H3xAp5h9YtYdiLXLeMN7e3PWKSKSVtY37q2w:12000000000000000000:OKDOT:CHECKMYTH
14QH5yTJQL8FRx1QYznngETfCW7g7dsokE86XPgSM9LyfL4h:12000000000000000000:OKDOT:CHECKMYTH
14zKEqomWxMtFM5WzB7rdsFLPtj34kirFhM7BvQ46PW1NwzA:12000000000000000000:OKDOT:CHECKMYTH
1oiTC3N1EobF6Rnfd8fNRP3gqrmaxZxKoaiMTEetqD5d6wG:12000000000000000000:OKDOT:CHECKMYTH
154LUcCirr8jSULNmKYL8DgPSWATK53QakVXo8vHRn2NRDh5:12000000000000000000:OKDOT:CHECKMYTH
15JG2gy9Hs2zH2vjRQggQXReU2XhbPc41ZXPdd3TvbEanz9y:12000000000000000000:OKDOT:CHECKMYTH
124KWtV9tCkHs8c5fCN9o7ZnTWgMznYM64nSNDJqowxu2wTP:12000000000000000000:OKDOT:CHECKMYTH
12xvkhqKc6QJsj9awa1YU5mv4PyVyx3aLAicpxMGtz1tSG3h:12000000000000000000:OKDOT:CHECKMYTH
136AvgTWpX8Vxi3eJjS5mxkmskFjTrPJoSxvWgGBHwqWhvFs:12000000000000000000:OKDOT:CHECKMYTH
1sxm87zpnwUxDGW4XSttLgKJjysv4pkmhD4AbBhVZeuMJQ1:12000000000000000000:OKDOT:CHECKMYTH
12SePLdqmyJHnX8c2jSTwaUaYpb8LKibDvRmZPWGFwVchWH:12000000000000000000:OKDOT:CHECKMYTH
146tmVjCQAmxED9vir9p3HPFrjCTkeMX8zrPD6WZjCAZNVJR:12000000000000000000:OKDOT:CHECKMYTH
12o6BtVNCwAWHhben3UAar1xUcE4AKRDNGFZVGCVYJUE2NT6:12000000000000000000:OKDOT:CHECKMYTH
15o2egvNhqs5q4a6nECdaptK1LV4qVn4mJoZXiMeZmqSNYEg:12000000000000000000:OKDOT:CHECKMYTH
15VSRwcznyCiHG1odCrXR7uLjo3gTrMfxZLkLBzVM4MLoLKj:12000000000000000000:OKDOT:CHECKMYTH
15y9Uj8H67b5ArS3DRossj6QKNVDX7yFMP3Ud9gBh7mu3Gwc:12000000000000000000:OKDOT:CHECKMYTH
16cmqoiiS83gY4YKggRdh8r2qX6nqHkmqHsKjeAc2m5FF1gH:12000000000000000000:OKDOT:CHECKMYTH
19Rxw23KQWfsGWvB3cpto1nsLKv3eiH5DNNrsuYu9UgfoGd:12000000000000000000:OKDOT:CHECKMYTH
14hLgdbNdt4usrahUVVgBmhMgTNH6NL6Dj4p5x36rzj8ViLM:12000000000000000000:OKDOT:CHECKMYTH
14MQ2qjbfre6onQfNre3f5rDhgu4NsAkoyfPzrGeCBsEN6Di:12000000000000000000:OKDOT:CHECKMYTH
15dCfSM1nuXcE9sjUxcVPk5duCYQC3Mf5HQMvbipn7kPz8QE:12000000000000000000:OKDOT:CHECKMYTH
1WrFdZsmdjbtPbdZ5xsTxgzXX3D23bD5pT6rYHZBMNMCvPq:12000000000000000000:OKDOT:CHECKMYTH
15K7DfKUHXsM5K55vV82NNge1TVyaE88EAYryWfB4TjXUJUS:12000000000000000000:OKDOT:CHECKMYTH
12pqCHKPum8PBp5yq63kq6TzhMg6TZE4XhKQb1hy9aeTXy4p:12000000000000000000:OKDOT:CHECKMYTH
12fCyJ1ZpQBr5eq6Js8iujMqVwnRfD8R2DsiPbHtKWnDakPo:12000000000000000000:OKDOT:CHECKMYTH
15p5mhiAN9xZQPDSFPWzF6FcFu8GJUsqHtiCYEVtzCuyWGnk:12000000000000000000:OKDOT:CHECKMYTH
1edowekhDTT2zRm1enveo2qieaSkztZbkNrT68R4MnHk5vw:12000000000000000000:OKDOT:CHECKMYTH
13rY9j18fbwi77RcmQD9KcfqdprpeUQsnHYuupHASdNwTTjj:12000000000000000000:OKDOT:CHECKMYTH
1xyH1VafVvVsHY8dVv9ZkQNyB12yEnBvD7uPoc1hQTEH7t2:12000000000000000000:OKDOT:CHECKMYTH
169udyxctAVrHZSeH25342HWnSwZMqg5wGdZwFxPZi5soaC9:12000000000000000000:OKDOT:CHECKMYTH
13BVAKxsE6a78jiTomvegpk2HvWtUEYFKmACvKz8Wvk3MgAK:12000000000000000000:OKDOT:CHECKMYTH
14AqvbCBpmc5JwovXdGCL9FhHREHsrSj1wzq72H7N4h6Psxa:12000000000000000000:OKDOT:CHECKMYTH
1MK6NJQU1tdPrffdJmuLjxwCVCN21j8bFELR4LqWXotzrrx:12000000000000000000:OKDOT:CHECKMYTH
15kr5DnY2TzmsbyckE7jU1XeTV31fCouXFH7YA6XiGzcrQU6:12000000000000000000:OKDOT:CHECKMYTH
16EU7bsqXECRppQmmcntNaKRvsMCyxccmFKgRzpQRo3auo8W:12000000000000000000:OKDOT:CHECKMYTH
12zzSwFxXJzUFGAyNdSsJN4zErbqnJfLCDaquy1haontrRoJ:12000000000000000000:OKDOT:CHECKMYTH
1QHp7Vc7MmsQz5dtjTE66o95aDEamcRmuia6jNkJydbVy3F:12000000000000000000:OKDOT:CHECKMYTH
14v2Yqg3GamNN7MevCXacQtxymGW7BuUVuNFboLk6wxN6cbz:12000000000000000000:OKDOT:CHECKMYTH
13uVpafF6v8wEzBQg3CdnFcjbRj4mbx7oGoitAVS6Qi81AYe:12000000000000000000:OKDOT:CHECKMYTH
14cts59cgJoDtHRWtKUeLdJbDYQboPmgpdKB8EryVwcCW3GR:12000000000000000000:OKDOT:CHECKMYTH
13CY9WkpquoNe95HwaUVwJFC76fCGEXS6Qp7Z3kFtCMubvsB:12000000000000000000:OKDOT:CHECKMYTH
15vQvqbtak5eiX8pdrXBSggpoFW2j5u5cJwW6JeiocN4S3Vw:12000000000000000000:OKDOT:CHECKMYTH
15dbPyEpVPeXyqoERitRVry812UgvXxi1Xu6wMHZphwHC6fD:12000000000000000000:OKDOT:CHECKMYTH
14dZRJ74C9gZ7VBjB8jxFW9pdKAxYi8QUEaNuH32ibq5NF7c:12000000000000000000:OKDOT:CHECKMYTH
13SUq4DakLGZgx1XPimUEq4U2nMXp478ALY8KVv2YgyxZEkm:12000000000000000000:OKDOT:CHECKMYTH
158xnGvAVwbyocfFkwdUpExnA8FYWcXDGqyJeauu1Fp1vXiP:12000000000000000000:OKDOT:CHECKMYTH
16mis8Ys9KTHPAerT5kaBFjAQKK336QK4CoT8X8mNvEtYa9s:12000000000000000000:OKDOT:CHECKMYTH
16MCdfMcnug1aMPftCvqjBCqqwZs8GNkTVQ8vAnZbBrcNewT:12000000000000000000:OKDOT:CHECKMYTH
1549yqcE4HvgX4hZ7m99tuSm4GdHqc9XT4HRYbbKF1fGJtkh:12000000000000000000:OKDOT:CHECKMYTH
12EtCKRLHdbTocZ5gSt4jvbUSryvwsbdo5w8cxYFZvrRQVeA:12000000000000000000:OKDOT:CHECKMYTH
16HmL3NqdN5133ZheR8qBmxf1otYPdjx7VkbECVp6AXVXKQv:12000000000000000000:OKDOT:CHECKMYTH
122AtxBbfxYa2YdoD2ZwVaQzVUJBe6H96UrEbdzadReoWx5c:12000000000000000000:OKDOT:CHECKMYTH
14fFoWVe9k8G5RteTnUoWwxoW5TtFM9QyLYAbeoYCKoKbqy2:12000000000000000000:OKDOT:CHECKMYTH
12q6dP9gUiRr1kxJEJMWn45c6gBr9m66DfJ81Sc5HuFSUmWv:12000000000000000000:OKDOT:CHECKMYTH
14mVdyz2niRASz1XmpgseKiT4Bp1e71FDRjGsmSTdhYBjLKz:12000000000000000000:OKDOT:CHECKMYTH
12nw5xwFZKAwbtt2HiMMk1RjHBiYPHof4mdvKWBaUXvidRG3:12000000000000000000:OKDOT:CHECKMYTH
13meAyXy815tvkheEcXWTG4kCdXMwAQLn7TPjCekVaAotcjD:12000000000000000000:OKDOT:CHECKMYTH
15PCPYDBa85eZjnYc9jSWVAyxDHxfmAMk3JdhpTJhKZxwumX:12000000000000000000:OKDOT:CHECKMYTH
12pDATAH2rCakrYjo6UoYFtmTEUpSyePTum8U5x9QdySZuqn:12000000000000000000:OKDOT:CHECKMYTH
15BuLdRdfKVRq6RKktzmkWfUJWtngtjgdvcc4t3BikdXtb46:12000000000000000000:OKDOT:CHECKMYTH
13JEregw2yMDLPzfePcczg7XW7SjDHFSRnbK645pPrHJEJR:12000000000000000000:OKDOT:CHECKMYTH
13diDYbs8tzwEBUmLResCSs3DebcoBafTU1g13NoCWk6wuPo:12000000000000000000:OKDOT:CHECKMYTH
1v28ZTBDni8DtZZerTJiTdjnhU7e7EcVVCjTkXrwrvvY947:12000000000000000000:OKDOT:CHECKMYTH
11hcYHCt98Wyw1E8msmcPAnNU6ePxnPAo9wvszZ7c8a4NMQ:12000000000000000000:OKDOT:CHECKMYTH
14P4eb5tJCWaKiT3tCBHn16P3HUgV6UCveQjBusjc3WNfWPj:12000000000000000000:OKDOT:CHECKMYTH
14u2yVBER1d8xDUFKPyNpFaT46KDDGjCEFzDFyfZxvF8LfUt:12000000000000000000:OKDOT:CHECKMYTH
13PSzVgnUU1uBvUfCFqU6ACdhGned1HSncd12L4U5Lr4x8sM:12000000000000000000:OKDOT:CHECKMYTH
15oSfxqS4RgqrswtmtdXMbXqPbVsKGzXBBpJwuEr5hSiBVVo:12000000000000000000:OKDOT:CHECKMYTH
165RL3BmXC8xZYxrpR7zaXLzR3yLK7S3g5MEENotKAhXmvsi:12000000000000000000:OKDOT:CHECKMYTH
14riZ7umB15TZPeWXGXLQTW8H2a6DszThqsQmMoCKwNpFat3:12000000000000000000:OKDOT:CHECKMYTH
1461kJoRMXGGRswCTjpYjB1fYxELsNhfyRkFcXhTz1ofvtJF:12000000000000000000:OKDOT:CHECKMYTH
14D2bkM9cLHza4SL5X3LcB3ZiXpCRYjGGbBtUJsgtnvA12rd:12000000000000000000:OKDOT:CHECKMYTH
152Yr6JgeBaRLNArayBeVUAV8bCZhe927H6asLakfx6gg3aR:12000000000000000000:OKDOT:CHECKMYTH
12qxz8wrtq4mEsN8pP8K9qrjEkPn6tjkUKnRivryytn6Xnsc:12000000000000000000:OKDOT:CHECKMYTH
12kwBGbdAcCkn3WodDF9VQ6NssrUtWZNML3CPcfSuNZLL4b8:12000000000000000000:OKDOT:CHECKMYTH
1ZMZjiF7wYU1Z58zkf3PVHwZkZvj25TwyGa47zTBWJHKQoS:12000000000000000000:OKDOT:CHECKMYTH
15J2QD7PajTpsyny9qfvdM4ZP7pQJmKDFdirDcebd6NVDHHC:12000000000000000000:OKDOT:CHECKMYTH
139Csv2gx6fYtLnZK1dZnPjiNSjik6zsPdKn7TcCJeDXAabe:12000000000000000000:OKDOT:CHECKMYTH
1WZPA9DTy74g3PzRLCV3JwbiuVuLsJn77QE6rQPSwktdmto:12000000000000000000:OKDOT:CHECKMYTH
11ck9J5NEdoL2Bea7RNH3cxJvPT7SomhBNG2SKRpgzhEHGz:12000000000000000000:OKDOT:CHECKMYTH
12wAgWNzj37WqAGJH6ahYHBXWwCeN9TEq1ytA5CY5JozMajT:12000000000000000000:NEEDED:CHECKMYTH
134jDFnYzEtzkJcE8J4QCCRkHVEgkwdHs6WwDNtPrxUXVuva:12000000000000000000:OKDOT:CHECKMYTH
13X6wTryYXygtaKKKLRPjetSQA1tCjzB8vcVFUkjT4764oga:12000000000000000000:OKDOT:CHECKMYTH
14LQDN9TxY8uCqzRW4QZhoVDoMr8baHLrvYn7mtEQAmrVnE9:12000000000000000000:OKDOT:CHECKMYTH
15z85m8oPAYnwr6NDrYcN3r6s3czcMqKhuDFk7v45EnNe7ik:12000000000000000000:OKDOT:CHECKMYTH
15agxwoWeYQH7ri2kzLCKxcRnTNp3AiEKeaagkDaC1PL2qHj:12000000000000000000:OKDOT:CHECKMYTH
1QvRoMg89SQgc1MuAnAYbENggG3ZEkPLJppqUXxDpYY4s5A:12000000000000000000:OKDOT:CHECKMYTH
1CtWnAJ1euHLXeUP9F6huUArNFn73m898ULfGPBstUaYexD:12000000000000000000:NEEDED:CHECKMYTH
16LL8JbejR3ssxRQ5RkHAXetrMMYzTgK4hVvCPsGHh1QUsLS:12000000000000000000:OKDOT:CHECKMYTH
14Ur5uzSRxEWr6DcBLRsCKNuLh9GWZV1fKbVKBWnoH5587ue:12000000000000000000:OKDOT:CHECKMYTH
13LRtuEE7h1MHsQg9RnaEe7FzrDQsUz9A361sQXc88VdHbWi:12000000000000000000:OKDOT:CHECKMYTH
13QTE79HA8y4QT6rbonhRm6C5Aj7yeXhVbGQPMw4PodFDBh9:12000000000000000000:OKDOT:CHECKMYTH
1HLmA4X9wbpEEH9JsdLLQw2FZCBVBzRG5PMZQUBLV8DMyHt:12000000000000000000:OKDOT:CHECKMYTH
168YNZHnVVsbA8X2UnVBNWy6NxmqKAgkJoGoV3r1pswYhyiF:12000000000000000000:OKDOT:CHECKMYTH
12sDZqVYrc5sh9K8kudLbXtdjpwB4vEFCVPDQgsH2EpjXpKC:12000000000000000000:OKDOT:CHECKMYTH
14ZGH1wizT4nasvsSiT6gksrNBMFzKCYbSXqdcaKjcmgfBf1:12000000000000000000:OKDOT:CHECKMYTH
15iBS694g975tTBnxNQqHfkNTrsg8kgikzbXY6ZYR1UgAKjV:12000000000000000000:OKDOT:CHECKMYTH
14NCKKfpm1cPb57uhX9duiw2K9qVZmKF2RntqAmQSW6HfWPP:12000000000000000000:OKDOT:CHECKMYTH
1XCetRev34F5ezwxXDASLrpzvPv5BuTbKpESiY9VrgcqtLW:12000000000000000000:OKDOT:CHECKMYTH
15xxd336ejBLq3pippGaahC8ExHF5W4DkHx7W4dcZGrkAjLX:12000000000000000000:OKDOT:CHECKMYTH
15bmrNRvCKbqX8qEFwmvyH3NDhXumfYdaS7Q6QUFaaRRRBnx:12000000000000000000:OKDOT:CHECKMYTH
13TAc1oKT72qtdqhWXueybW6g1VmU1kwyMRemGfT4aGmvASA:12000000000000000000:OKDOT:CHECKMYTH
1Qh6UUBpxAaDyUJrTaa7GTfycvpFQcwo99RMJpjtReesFqF:12000000000000000000:OKDOT:CHECKMYTH
16RiJCXApN5Bqmbr2HcA6AvuxRcNdPtf5UKLo6A1yMmpVQaX:12000000000000000000:OKDOT:CHECKMYTH
12ShCknqUPVspG1hqA9A1fJar4AaBqr5qfCWynFTnrHXrno7:12000000000000000000:OKDOT:CHECKMYTH
15dEMXkGdryuRuPESuRBwtwbHZuzPzKuEt7tHwsqYX3pZtYT:12000000000000000000:OKDOT:CHECKMYTH
16ADaSVnehkwF9dW6yqeQo8NA7RfFeq1jAp9ykot56CgnwV2:12000000000000000000:OKDOT:CHECKMYTH
16RiecC7rfEXTLQbrjJxyojByhjFgAkTt5gngpDaRVbw2fSv:12000000000000000000:OKDOT:CHECKMYTH
14stBzBFCE93BKgdsR9tCvAG1kRWHBVSh4YCq8Koc7gmyRzH:12000000000000000000:OKDOT:CHECKMYTH
15w4bWbM96voEurLAfYDE7wznrWZELzP6HmYzj3xpjtMUDVR:12000000000000000000:OKDOT:CHECKMYTH
15afJB7esedb4obYtafGrWRo1fNf5zdNnCo33Gm6cf8Bopgg:12000000000000000000:OKDOT:CHECKMYTH
14G6STbSrvTEyYq1NEmyrSSQrCLcFRuC4s1qMz4qwzsnakXo:12000000000000000000:OKDOT:CHECKMYTH
13qi2zoP2kAnk9mFAnDcdtBp1bQ5WDUSnbyZukatXUvwkFCY:12000000000000000000:OKDOT:CHECKMYTH
14C7DKrzvC6ssugjLoKNzFwyunYiQNuzPot9SGFiaiWwnWbh:12000000000000000000:OKDOT:CHECKMYTH
13yBmvYnxZJxFfgx3AGumxYic9zGL3mMi7etpRCnjXnu1uJw:12000000000000000000:OKDOT:CHECKMYTH
13aDyEEHzFfhZV7BKbDMY8eUA2rduYJRnTYGgZYm7FbQZfYk:12000000000000000000:OKDOT:CHECKMYTH
1zDYZ7HkX4FyVg9AUYjLrmaw9eSc4ETRXJMRU4V8Cc2BpYv:12000000000000000000:OKDOT:CHECKMYTH
14NtZGdYmA7a3CZG92BJ2kmYpiuVxkgTuxMG2XHkwMsV74YE:12000000000000000000:OKDOT:CHECKMYTH
12FP4jX41u1P5KpBmCcGRdDuCYpN63KcTwV4RjdESQjMjw2h:12000000000000000000:OKDOT:CHECKMYTH
1iQ9WupScDyrmPa7fWbRxzjpFwZvNmuXDp3gSkUwZAMdGz6:12000000000000000000:OKDOT:CHECKMYTH
12GDhNhw8fcaNBwGrAnCULqXBw8mxJEcHRbp7HWcjVJ5auiP:12000000000000000000:OKDOT:CHECKMYTH
16ZCnXtbaNKWeKBL2RyteTzN37dU4GQwTSvCCdbLSGiR189n:12000000000000000000:OKDOT:CHECKMYTH
1KiFEegm645Lgo9sVFZiffLoJLuvfLMfyzvGgD5cteXZvQ8:12000000000000000000:OKDOT:CHECKMYTH
15VBaYWjo18kv7UT2iSwLXGmz7UetnfdTz3jP7apnQK5C9h4:12000000000000000000:OKDOT:CHECKMYTH
13fu3HGZKa11b7JbcRjUwZbSyBosWmu9Mq2DcBmfqgG4C9bb:12000000000000000000:OKDOT:CHECKMYTH
16QEiDG8ERsG7NWtLQ8zruo7WCURKkv7puUWTDcRQC5nUWt4:12000000000000000000:OKDOT:CHECKMYTH
16KVKVjKLVcDdc6uDr66zQMbZE1ayHGRsUNzT2Z7h4aeBivZ:12000000000000000000:OKDOT:CHECKMYTH
1679DoenxuAT4qh5KwXcQYD6XvKSZ2CHZ3TbtBoEtCohFqxp:12000000000000000000:OKDOT:CHECKMYTH
15zFvfGaTb2JVDD5voEd85mLsipAm76tukq5emBntUtDdvFd:12000000000000000000:OKDOT:CHECKMYTH
12DgnBEtbM5sEo1iy11jxAQcNNwX1XLuTuTvmvrQTXQmz7GQ:12000000000000000000:OKDOT:CHECKMYTH
153122eisQwxubAQzU6x9wVbJi1paBwe9NTSy2M3ekReMruS:12000000000000000000:OKDOT:CHECKMYTH
12KDx9DXQZ5n4ujoY1MHrbGVEREcdGUBQBzuhtdf3awsghL1:12000000000000000000:OKDOT:CHECKMYTH
133QK6WeimoLAHsZY2j3CfmpyYb3jyWf3NDGbDaYNZVd9gxw:12000000000000000000:OKDOT:CHECKMYTH
166VSSKCmFCtBb7MDS9WC3KApB2yYoT6CAg2cRvnQkHdRemq:12000000000000000000:OKDOT:CHECKMYTH
16NkMVhuESMLmRzwhcB3iHxhVYwxU2UdmGto8Hikk4M5bD6k:12000000000000000000:OKDOT:CHECKMYTH
15GPMAYeNorNVmt1oE55PXMK5CcxeXGbAtx73K1oYrdR32wa:12000000000000000000:OKDOT:CHECKMYTH
12GBMjr5x8xMLEj59JmxJroKCp9q3d3DnCJyyztQF9hdTyCM:12000000000000000000:OKDOT:CHECKMYTH
13ccp78QgaaNDJMtxTUnhY5DRetnAAwVYgvRgqjR39xHDLrh:12000000000000000000:NEEDED:CHECKMYTH
15wsiWGAVrbqWm1X9YDorUL7Ea3MhH8txqZzxhymRX4DE2T:12000000000000000000:OKDOT:CHECKMYTH
13fXdMHNUmc17vv2HX2B5BBnHy4DbDQZVRUciCnc56RJaj2g:12000000000000000000:OKDOT:CHECKMYTH
122gE8LUEfvgbcAoGq2EbgPC2Pk2wZXkzQasTZJBTGw4ACZE:12000000000000000000:OKDOT:CHECKMYTH
15fVmdre9xcgXzS86wYnMAdDAs8KSDtraRmBenLKmqRvLfNu:12000000000000000000:OKDOT:CHECKMYTH
16EZHs1JKehCD4sAR66zdVSUbWXKqrxVciwkfno4hepjGgNX:12000000000000000000:OKDOT:CHECKMYTH
15hNHNk3BRDs1a2MJzY35pxyFDiazku1UJuygE3Cbr4kcuYL:12000000000000000000:OKDOT:CHECKMYTH
16XAx5frXEN9oy2e4MdTECmVybwcqkANDyLitnMexLZYcvDw:12000000000000000000:OKDOT:CHECKMYTH
13gv2euzaicHSK551kyuWL4igSDk5MCRy43pcEJSSNmFVm6Q:12000000000000000000:OKDOT:CHECKMYTH
13NCLd3foNpsv1huPDzvvfyKh37NEEkGFotZnP52CTR98YFJ:236000000000000000000:OKDOT:CHECKMYTH
