16UYua1hiqSxZR28ZsnEUcxbawM5Y18xzanUkCa6Nazgi6vX:12000000000000000000:OKDOT:OKMYTH
1gE23Y8Cq83RYBECtgErXuCQUCWM8VmMoFB8FE4kyAgCrpD:12000000000000000000:OKDOT:OKMYTH
16MVaNJhFveMDiD8u6jp2ZEsXQAoQm1Ybi3StrANYBP8k4Fj:12000000000000000000:OKDOT:OKMYTH
15jZNik7HXo1TZvRuG9Fv4TEPnY2iwmnubME416pJDokdp5W:12000000000000000000:OKDOT:OKMYTH
1LYYSE7vJQbvt5vmJLMMPNqqAsSKNoUx84ykkWNCeemJTJG:12000000000000000000:OKDOT:OKMYTH
123T2G4iZaDoSRyqCeBjrys9p7vFUy3xipRV6kUxf5M4UvCT:12000000000000000000:OKDOT:OKMYTH
13WxKv8aNoTSouD64Ggh4pFE6PtH9nUHSnrZiSDyxAEZ8D9n:12000000000000000000:OKDOT:OKMYTH
16BcwQ8HY2Je5T5c7x47xcmnziqDFJbbMMNgzXQkLZYfnmvq:12000000000000000000:OKDOT:OKMYTH
13a1HUhns1YDRCVmewgiKBBeRWo9idgr1iwtgkMq1s16TVpN:12000000000000000000:OKDOT:OKMYTH
13MR5ziYasc96RfzjEPJRt36a1k4CMnHLz4xqAVyAiZpaBY:12000000000000000000:OKDOT:OKMYTH
14c7BgAJ4ergVEJfToMU4kaTgfeh7SsYjC3yKEsTpYmMpbr7:12000000000000000000:OKDOT:OKMYTH
13yERe3zKf4Cdk66Wz6bh5mf1MFfqTo5V33RbBMt6uzq3aV4:12000000000000000000:OKDOT:OKMYTH
129HgDKyzP6stKmVMWLUNPJNkU6nKoVegoKfjfWRXAtzzhbU:12000000000000000000:OKDOT:OKMYTH
14QrXKJ18HDfxqoWrppvVrN4S5ycNFGNBhhq4C4VKkaApPyy:12000000000000000000:OKDOT:OKMYTH
16i17E1Dvgmjw3hYVhkYStpLAE7NCqtsynxfhxaTrNwejDF2:12000000000000000000:OKDOT:OKMYTH
14NjMr8WsVL7s6hxzygRZCux4BkDhE84j19W7bwmaui3Fo77:12000000000000000000:OKDOT:OKMYTH
15Fzjv1JGE35UFRfhF1QYHdjgTDyuxgLT942cEaP52yiT6fJ:12000000000000000000:OKDOT:OKMYTH
14MwzDavTyCJJhJf6KVKyn6U8TWD14jTnFn9JNVQ8zZccY78:12000000000000000000:OKDOT:OKMYTH
14er35zFapdbDffNiYyMyqsTWaeUE2oPHUEwGyHnT36V5QuN:12000000000000000000:OKDOT:OKMYTH
16BD7aKLcJobJz5QKbvgf6GeTncwwHhCDGWuPtxpZ4idXMoJ:12000000000000000000:OKDOT:OKMYTH
14KG8pEJESaSpEciMAcWnTcaVTpGuSbu4J1jsemxrTvFWDVb:12000000000000000000:OKDOT:OKMYTH
15A9yQqU1eJC2nYigxQMU7ssqgLdkgN1wxA1GbJy4CmqYvH:12000000000000000000:OKDOT:OKMYTH
13T4b4hng7nk1ENmb96HwSZhCENQPZ3f4e9kiXpSmzuTvZPT:12000000000000000000:OKDOT:OKMYTH
14aib48ycLjsvk8htS8NVttsSXfdjjiY1ZSqyX599xf1gJbT:12000000000000000000:OKDOT:OKMYTH
12d8bCpQEvY8GZpLoJY67cB4M9LLFgfUNC4YkjCEa2RUcMxo:12000000000000000000:OKDOT:OKMYTH
12ZmAY141CNHYof2fi12q4DpLWqAajX5HXJ2s98x2eMswG1w:12000000000000000000:OKDOT:OKMYTH
1pxvaEe75rjAME6TL6VC8R3tRSc4wmuivnKMH6VHshhJxLH:12000000000000000000:OKDOT:OKMYTH
123HYChLeuh5Wu8gpxyzf39MU7wy55o8dLeWYk75jVxNp8uB:12000000000000000000:OKDOT:OKMYTH
162LQ5wWwxisL3bri2g91ApM7Lpimq2dvTULKmKFrwDwMGUr:12000000000000000000:OKDOT:OKMYTH
15QVdrgvwthGT9LL3fHp8XiVnjus8XgCtZtLbN3K59coGbXr:12000000000000000000:OKDOT:OKMYTH
15ygGVcVPmPr6gRuZw4sPvrSvzentCPWEaAcA8jkLiyfg7vm:12000000000000000000:OKDOT:OKMYTH
164ppq9zBFFUn72oyZ5bNp3jdusK3GKFT3o8gpPe6N5qsqWV:12000000000000000000:OKDOT:OKMYTH
13aB66U9fMgMF2ipCWNdoSqdcmbQdUjUFMMAesfTNnXWY9wd:12000000000000000000:OKDOT:OKMYTH
1rvDaY4WjvGKqSyYCwNkvKTMNCsTrEzJcCQRo3GXv8Rjubx:12000000000000000000:OKDOT:OKMYTH
15v3PGVBfwsBtXZXNti8nCPtDXrXpZqomATKoN81wZNAqXPr:12000000000000000000:OKDOT:OKMYTH
14pkJL8obEWKNfT1HUbDQma1WQxQgmLjAhVvoTLmkBckiHc2:12000000000000000000:OKDOT:OKMYTH
12AXT7N6ewK5xqqXkbJSRsxG23p1q9VdyaybjTe5mfs2XzWg:12000000000000000000:OKDOT:OKMYTH
15YrAmP9pxDyknheFimkeBWLvyH3mfh732WpYyF7Q9PZLYLp:12000000000000000000:OKDOT:OKMYTH
1rfwjFt2STmMpC75xFWFCZu7WuV46qpaBPiQSZMKTS3azbs:12000000000000000000:OKDOT:OKMYTH
1zgDLi28UV61QwMBoy9okzX2n5wKZKytkpJCmLwyNKBBLNB:12000000000000000000:OKDOT:OKMYTH
12P9AFmMu7dvuSzFUZvBb6SS9V69wyFi2uKRentCT4NyQaaC:12000000000000000000:OKDOT:OKMYTH
169vqjipFa8hzy1CcykxNv9c7ygCd8cDmWEoKg2gHcPrc5CH:12000000000000000000:OKDOT:OKMYTH
1bCFDhrgnUd6hEKmkAPFSs8Rz2bBQcozajwDnBE3jhFNdJt:12000000000000000000:OKDOT:OKMYTH
15E4DVykQXvYKbmzfWxSYPkvy5uY5gWWEZTfsBoiG4GyMqEY:12000000000000000000:OKDOT:OKMYTH
15wQTbH1hY6aJDaoUhBbZumAiQu6Xc7Y6VMPnKFDGDt45iSG:12000000000000000000:OKDOT:OKMYTH
13vHp6GHe8Cc7ZqmN2oe45vTm8bZBKGoBV65oBtXFvdHfUJq:12000000000000000000:OKDOT:OKMYTH
13fkfUZGwNkbic8MczNGJLs8tj91rQ4S7vJBs4M9zDpqBff1:12000000000000000000:OKDOT:OKMYTH
1cGABesFJHudquJTvUPiKGZym9yzdAEV6U35KSbdi3nB8JZ:12000000000000000000:OKDOT:OKMYTH
12ANw8DZAnNXFTugvvcAshoJYro2LoBswLd6P2U9Ckpx9x8Q:12000000000000000000:OKDOT:OKMYTH
13qRTwiMHZm7Kk5SwDwjGpBysWixu3hoWKNbQa79vrieMNY3:12000000000000000000:OKDOT:OKMYTH
13iXg8J43AUE33WCohYC5SZYpE79tjrmNogx7xq9AMRY2YiA:12000000000000000000:OKDOT:OKMYTH
157fiFtkUZy7Qc9UVeGQzgGpAWYGHMJkar2KBLkm5GRji4rf:12000000000000000000:OKDOT:OKMYTH
15Mfhf3vgodVdsALKj8DiR8HGB8qXzz5eY9drj8NKojxDxBK:12000000000000000000:OKDOT:OKMYTH
15SosV7CqSFHSDoZPNtw2LmHNjH5Mfaw6eg6p5vmkJjh3R2Y:12000000000000000000:OKDOT:OKMYTH
15mdEWBCHEwgRE7R6AgC15gf7BgMvdhQHmfpHToYXXaMXWnM:12000000000000000000:OKDOT:OKMYTH
15cCB1FZAsmGLQjFu5UMH1CBK4w6kWeMM2Gr6PLsGy6ghwWU:12000000000000000000:OKDOT:OKMYTH
164otMTcxn6K48Ja3Fz1PRRNWyB4tFQ2vrdFXYEaBQjjf798:12000000000000000000:OKDOT:OKMYTH
14sA7n1bMN6AVRcXMrZtHRUFhQhJCNg9xRdxZgTPENQmXAfY:12000000000000000000:OKDOT:OKMYTH
16YbeT1cNN3LsvbdTLn7g7RSacDYyarwkbqA3MAxvVK4Np6z:12000000000000000000:OKDOT:OKMYTH
16dBfb2KiLFFD2ucLEd4XzkPgnK2VJRjMksgLNZ9nnQRHAPc:12000000000000000000:OKDOT:OKMYTH
13yhTVxhLAxNWZqNxWnBNnDLvZypJLdsfKJJXg8cSTPU96xi:12000000000000000000:OKDOT:OKMYTH
15m4pGtiLP6vm81ZKNvdcp1P4CafSKwnPW6jdFoW6D1CnbUC:12000000000000000000:OKDOT:OKMYTH
16cn1ATjHXCESFQkMk6SL31s3eFJC6ANsMAuJmbRhDyL2N7e:12000000000000000000:OKDOT:OKMYTH
15miw86bCkZ3ZquFVwanE248wpYyvAcVvEkURyxpcegWXQ2A:12000000000000000000:OKDOT:OKMYTH
13Jbeh5vLWT7x7fdrYrxZxyGJGRiUSyHgBpUSQLknMcsq9Cm:12000000000000000000:OKDOT:OKMYTH
15mchyoSCfWxEdMrDSzJepwSzdZKmxjpkNbUeHmvGeHwHuke:12000000000000000000:OKDOT:OKMYTH
16ezqHeUUmet5Q4zxCsLdwNQNAnsV1m2UZfbBbe13UYhL54x:12000000000000000000:OKDOT:OKMYTH
152JpJEHtXoSzhSgMXsZCAZbwLV6crD8JDmFYdf8mq334j5G:12000000000000000000:OKDOT:OKMYTH
141FAErbAAtdvz44eYs9jrtNNmCF9W6B7Lb1Q935SNjXK5jM:12000000000000000000:OKDOT:OKMYTH
15iEVvThU7DPUXYRRqtqEkjuvYUYLRC3o2D6DwrctN174QEP:12000000000000000000:OKDOT:OKMYTH
14LcZCwLaEpJ2GbayUnzvM8q7ESPynVYhnCRP6AvzuWPG9eb:12000000000000000000:OKDOT:OKMYTH
16UNv3DAQ6PpPqRzU4zbvFVj8ywbWjhyUKc1TqHkjPT4o6Gk:12000000000000000000:OKDOT:OKMYTH
15qdTKLWzwXn1k9bBPbCLKiJHMzfTBDtdPpRM3PGUgNtYW5M:12000000000000000000:OKDOT:OKMYTH
1EjxUjLxXXudt1XmL9TY89U1UgWkh2vXbJr4sWY3CsQ5hCn:12000000000000000000:OKDOT:OKMYTH
12ekoVnkA35WxUGszrp6MNrpYPNqXP4uCjRbGqCfVQaNRBns:12000000000000000000:OKDOT:OKMYTH
14tc5dVFkUcM5BEVLYk18C9L9ZWkvyH8sLnNyak2mE6itiT2:12000000000000000000:OKDOT:OKMYTH
1JmETqZQ214ijMkvVqJTaJ1o8hbFZyhdsE4sVm4H1tvJmLw:12000000000000000000:OKDOT:OKMYTH
16af37Ru5YJ1PC6PKUqMXHP6XWdbZjDZrJoTeGcPo1t7Hqew:12000000000000000000:OKDOT:OKMYTH
13pVwseKfq8sJPKehAj1hXDkzHSsQxf51pbL289vYFUZdYRu:12000000000000000000:OKDOT:OKMYTH
12uwvfHkQ6Rs269jS9ofd92TpUszMBhB1TkMEQeRH84HyVuX:12000000000000000000:OKDOT:OKMYTH
16JsVhMvpt61173b7aPzBeUfrd72GqLKcK6WxvTPZP1bnsHn:12000000000000000000:OKDOT:OKMYTH
14ksvSWmgpU4zp9azboyWTGbYvRbFikTq2XYpfw5YX78sRBL:12000000000000000000:OKDOT:OKMYTH
12nAHnirUexwi9J1LLz3kEij3GsPjoSuLKnq3FxAW6H57uWT:12000000000000000000:OKDOT:OKMYTH
1FismcWyyFP12gG9W6Nn7rvaCRnWETqPhmqxEahjeKmpL1R:12000000000000000000:OKDOT:OKMYTH
14JoH9XGeA1TcPKNNYJSdr9zVXaxppkWMAsayUwYPFr6XoVu:12000000000000000000:OKDOT:OKMYTH
13vPmgXj3U6ELkvxEahp7Dmxw4uRWYoXGFL1F2Fiu9TqjMEV:12000000000000000000:OKDOT:OKMYTH
15VHKMXqUdARKCE5zTAUjmag4wfQmyyVMtndV9S7WA595veB:12000000000000000000:OKDOT:OKMYTH
1nYoHNXjEApqgC1w1VQd8TTSU7PLMqMWoYw3MthFxY8grm2:12000000000000000000:OKDOT:OKMYTH
13YZe16rCfdHLPPT3Uvo5AYHDFkrEoC6FUre8c5HN5jY6pd1:12000000000000000000:OKDOT:OKMYTH
12vwbuKezkkDkRqjjeLDh5czpMjf9ipo2Hy3rsJxv5AvS5kk:12000000000000000000:OKDOT:OKMYTH
13JC6B3FSRmFUGuBkFjXnVu6ujtMWNBhAEoymiyJYxeCKSkP:12000000000000000000:OKDOT:OKMYTH
16gHBhjbRzWp7vKpCyAZrVAoVEC4r6YHnprPK5nobmW5X883:12000000000000000000:OKDOT:OKMYTH
12X3Hij9A5ejxWqhoP2QtGKYBzA3D4W7kfYCf27ybZ2QJm9H:12000000000000000000:OKDOT:OKMYTH
12rFda5fuZqcijgeCYPjnxRAKqPGmQAa6o8YQd2HzTSYZne3:12000000000000000000:OKDOT:OKMYTH
15wZKowVyvXzsByQGKZ7wVg6DfczhAeocDj1seGdvRaTYrJJ:12000000000000000000:OKDOT:OKMYTH
134rqsLETYqfwYKTnXR1Wxgktw4WprtZaAmyDLKiRQmXP4au:12000000000000000000:OKDOT:OKMYTH
1r5Vab9LN98XJW9wheYbeP641Nin3pMLg7DasTnZhfRnqRd:12000000000000000000:OKDOT:OKMYTH
14bSq6H7U876XDfYmQ4PbmUsNL9VZorhweZwrw1RchNDNvAd:12000000000000000000:OKDOT:OKMYTH
13gEGTMTztHjb8jDoiEp2M7HhK1suNa2auJ1xV1waCNRVHrw:12000000000000000000:OKDOT:OKMYTH
1ibwS3pK1hGfZHETPRX6Ypj5eecEjmPyb1BZKLqkjp7T4Q5:12000000000000000000:OKDOT:OKMYTH
13NQm6uPjAhEym7yBRoQz7QrbzowTdHSXeF8si2cB3s4sRxj:12000000000000000000:OKDOT:OKMYTH
14CF32tkvoaezcWH2iF1nvJ42G6pgSh44nUBW2vJwU54kJDr:12000000000000000000:OKDOT:OKMYTH
14gBSGEVKTHwFZkCw7KW6AqmfbLLfvcrqBrXSaTeq7GhcV22:12000000000000000000:OKDOT:OKMYTH
12jW4fzfWwqrHVqpwTfAKmxtNv4takGBHKx6x4bqg4FZwdFj:12000000000000000000:OKDOT:OKMYTH
16QkdeAVrzCjKessirSr1gTF6dXtFkTrfXrsvx14gwd3XcfX:12000000000000000000:OKDOT:OKMYTH
13zd84iT1He7rGM9CZFGtwqPTPP6EYYgYeMuTvUVHYeY9QAt:12000000000000000000:OKDOT:OKMYTH
1Sp4KfJHPJitvzKGMqiAAr17Ke4T8y6Ffe8sGZa4gMCBvqF:12000000000000000000:OKDOT:OKMYTH
12BQfe5Wfv3hPuLGthQbjxUmwqvfpu3vfSoSXx1FHaqtNwwQ:12000000000000000000:OKDOT:OKMYTH
15B9WTBfXEWg7hfHkLBZD2ccCAE6UD5ELacBKzdKNo6KUBog:12000000000000000000:OKDOT:OKMYTH
13Mg46CisMjcKD4Kkt65555mD5fiFetM1hoMZri5q7UcCshP:12000000000000000000:OKDOT:OKMYTH
13sr6wZApJXjME3hmYeXXc3nUSmibKdTQe6H6Ccc49AK7PKA:12000000000000000000:OKDOT:OKMYTH
1FNjnJCfBiqWdogvprfgsL9LJCZW1Z2Xbk8izQUn9qdWbSJ:12000000000000000000:OKDOT:OKMYTH
14e5aGxLL53e4NYDSpDBSLoitBQ2vRQh5o75pK4c6Bua8BW:12000000000000000000:OKDOT:OKMYTH
14qybNfAA6RzPPiXPM2tpMPWTSuFoaEnrSDPcmZcSEsZ3LEy:12000000000000000000:OKDOT:OKMYTH
167fYr3LC8yTQGgy1esbf8LjRZYnmN9oiGQK1oQTuM4rr5UL:12000000000000000000:OKDOT:OKMYTH
1wcujCDvwkkpjUWB5HEZZTXsjZ69gkovJ8DZfWD1xj8CF9N:12000000000000000000:OKDOT:OKMYTH
14PKWLL9eiH2MTSGj8gVoWEDt7VU7CyPsw7k3VvPksAYoxE6:12000000000000000000:OKDOT:OKMYTH
16VcWsnRiQz7No4cfDkuNwRiThf43d9YLnjf2PrjWp16btWe:12000000000000000000:OKDOT:OKMYTH
12XEk1i985C6j121EKMMxPxV7Ye64XWtug4DqPkHPPuADB4G:12000000000000000000:OKDOT:OKMYTH
16SWdxuAKUe4qeWo8E7A3pqFDYnhQ6r5mXriEN1vcyK5xP4Z:12000000000000000000:OKDOT:OKMYTH
14Q6Y4QCJtxHyhUqykf61UtdCtS5ugMPD6yCBbLNN3V7hU3E:12000000000000000000:OKDOT:OKMYTH
12axbAmAmPZAVMfg3RCQR6uvXGedjXGzs4XdTtPj3pnGqzDx:12000000000000000000:OKDOT:OKMYTH
124RqzRS4Nc6pcxpTAs7eJAgthdwK9cbqQFigzLJJBMtX38J:12000000000000000000:OKDOT:OKMYTH
15PmHXHgLdRj3FhtsoEGGaQEykWMZuZHZJq6Jgt1BhWE3ALK:12000000000000000000:OKDOT:OKMYTH
13gvcrNkMfeQAEDcS7aoKtZvC3xAnVsbAJiA3yuFJKU4sNNi:12000000000000000000:OKDOT:OKMYTH
12TJfqXeAisxPhnmSjTcMHfvbxkmFeLqbAvx9F5BAkQPGhbJ:12000000000000000000:OKDOT:OKMYTH
1vjzpZwjAgj9vXsEGco1dCK7nEmRc4WHmZpVAA8aETo5yx9:12000000000000000000:OKDOT:OKMYTH
15iVfDZmsUFxrSVfy1WEuLYYK6eGT3xRx5XQMHW5o6z2yZCY:12000000000000000000:OKDOT:OKMYTH
14g45qrZok5yzhfM5pEBGEcmQRfouVmyJ24qms5t1D6edTD:12000000000000000000:OKDOT:OKMYTH
12jTorSH7ixXCHWxeWNs7xHd1p9xTzJiNeva3w1H3p2k7Y2A:12000000000000000000:OKDOT:OKMYTH
13mT3B3xBjyxoZto4wsaApDHPrbJD3eDKn6oc1g5yq9paj1i:12000000000000000000:OKDOT:OKMYTH
13HqfgE8QW22tEUG8J2Gim1MYySgYGW6KUorCxdKgnuJnuPa:12000000000000000000:OKDOT:OKMYTH
1bSiH2PLcsoNC6TZvCwvwmTC3cibVcByNwwrsfuRvqWsSwW:12000000000000000000:OKDOT:OKMYTH
1xgDfXcNuB94dDcKmEG8rE9x9JVoqozCBnnitkN9nAe3Nyx:12000000000000000000:OKDOT:OKMYTH
143DSZpBvUBRk4PTaq5SojEmYF2qxEe9NNgV3WwvdVPHj4xc:12000000000000000000:OKDOT:OKMYTH
1Ms5cn63C9uTThNaWmYScFr6FVKKryUn4QgtzFMcqBnzUnE:12000000000000000000:OKDOT:OKMYTH
12QTv1unE2UtgfbnzwdpNgD2LqiBQ9kAUKdVvTq6xnBSBU2i:12000000000000000000:OKDOT:OKMYTH
168YxxpqoFohDxn8EdjVFwMo3fLDbi1fYfosGCz7SF9ad5UQ:12000000000000000000:OKDOT:OKMYTH
1522Xdcv1jKEhQo2bHaigsfNWi5bTUCocVZWNuCw9gaPxaYe:12000000000000000000:OKDOT:OKMYTH
15ZWhDoS7VoCmzeLA7gx7iEdEksMo1toxRMRrkdK4j9eqdb:12000000000000000000:OKDOT:OKMYTH
168dADaMySto3BtCQLwaoTB2eg8qudUcrmdjzm81ggD2FpLU:12000000000000000000:OKDOT:OKMYTH
14XQbzZ5n3CdagKKbcQCs6uQ8gVKrK4iPdsSYHuWsrWnGCQ7:12000000000000000000:OKDOT:OKMYTH
12pz7ojyzabypQWzDP3RkPMpXkYHnVM8pZrxH3QcyMQUi9sM:12000000000000000000:OKDOT:OKMYTH
12B6Qu6CnxxBTa1sEmSy6jt5s6fMwU3Zd57TR2pYM5JTNh9d:12000000000000000000:OKDOT:OKMYTH
16VFguJUmvHzANZSCiG64enGSwnkSRt9tGdDmzPEGVMcZMDT:12000000000000000000:OKDOT:OKMYTH
16XmcTxhZw7Ljea4BSj4LuiW2Cw6BYcpDUWPdkASRuQBSbBg:12000000000000000000:OKDOT:OKMYTH
15BRRpDcsfTkx2ZskuYqMfUH6WdS2JLRK6KB4iPjQ1PH7QHv:12000000000000000000:OKDOT:OKMYTH
15X5FBgo5XFUbBK2yyE8NYhmARTWGnWRmFHzzcEf7J6V8Cxu:12000000000000000000:OKDOT:OKMYTH
15HFxiZjq3WqEoBjB63WpUDQnLEVetjeTBvt88hEiZG9UToq:12000000000000000000:OKDOT:OKMYTH
15Sd4WXUkvoDpMuNSSiCk5RZeiGhzGZZgYnFPriZWajUfJdf:12000000000000000000:OKDOT:OKMYTH
1PmYKuTmxGMjocCAqknojBS3NEVTSSjDRKz8heMKVcL6jSJ:12000000000000000000:OKDOT:OKMYTH
13MqeCwd6KmkvU9wKt14k7ZCPRs1yqUwh7z6Prv9G64WDYK6:12000000000000000000:OKDOT:OKMYTH
1xhrLuQbzSpWtRz1JXFdb7ocZUnbPNDrGjbVWUKjsck9Yaj:12000000000000000000:OKDOT:OKMYTH
13p5LxSvSC8K3rqxAX92oeUF24N1ifApSnXbiBGTcLxfXp1c:12000000000000000000:OKDOT:OKMYTH
15RXRiGBJqFkZBgz7oFtuMdQbFJ3tDbWYuF4DBi8TfL8BLQq:12000000000000000000:OKDOT:OKMYTH
14626fBJMHZFHD7fTNDzUBWqGzJsXDqerDHBcoQCXqQu9QH3:12000000000000000000:OKDOT:OKMYTH
12dyT5R8UNYDgS655Ve8s2VkfrM2iQEaT1h6Gf6Hi9bEi9Sb:12000000000000000000:OKDOT:OKMYTH
15oXj69LYxpVtjNXcqeC2gRdqw4QhfT5tKjHgtSq3F7hmYLY:12000000000000000000:OKDOT:OKMYTH
15Lun4dQbb9dRz3poWCRkJZWTGs8npUSag9jcy6pAEdNMqM4:12000000000000000000:OKDOT:OKMYTH
12QR3UmxcMsT2RhULQqLKqqNdJjAf2R33aEEwwKibYUwqqtB:12000000000000000000:OKDOT:OKMYTH
16mPae2zVd8SceDMg9uJey3BxmTk9BDmTK9NN7eXz4ysvqNX:12000000000000000000:OKDOT:OKMYTH
1KSVcDgW79LqNHRuGJ4ULmt2f3VcnZzwdfDTZUuG6Czzmbb:12000000000000000000:OKDOT:OKMYTH
14BddbwnNwNiH5W7dJZkHhAQsZ5iPzK9pkSjKTF3iGJmv1rc:12000000000000000000:OKDOT:OKMYTH
122aNTL45ubfWumi6RwzJf7c8DsWdfbjb5uEZbAeeLgE78jv:12000000000000000000:OKDOT:OKMYTH
144yA3Yma4yy5F3cMzpSLAoV7eAgqFyQUKj3xrFJPqZ8y5b5:12000000000000000000:OKDOT:OKMYTH
13dKyvQqK9ubeXD56a3ynPToNQPeigyAE4JpyG3rDu58A1EB:12000000000000000000:OKDOT:OKMYTH
12iRh6hxvpLEimSymQMPDuYbHR6rJcxhcbvPsPSQT8VSXRLe:12000000000000000000:OKDOT:OKMYTH
12ZhMEBTX9yyQMx2QHdBee3gdYQ1oKrTZKSAndxCB7JETabL:12000000000000000000:OKDOT:OKMYTH
1AXip3XnYxy8Wo1JwWcUxbGsggoTkS6tgGJTDzLsMZCQyiu:12000000000000000000:OKDOT:OKMYTH
16LsP2D3svDJ9oYS6nESJxfGg7962abUsf5rQU4uKrMb9EyU:12000000000000000000:OKDOT:OKMYTH
1ET7xCn632CAxf48MUTGGZsw3t94WuCEJ1WhaJbAcKa9rGA:12000000000000000000:OKDOT:OKMYTH
136CjJdJQWgR8Pie3TUamjtzbRhGwEEz2JFj2obLjA7L58qT:12000000000000000000:OKDOT:OKMYTH
14BCnZ6ZgaTWXNJL8o7X6cZkvsAvEKPDK9jg3dSEvMgrMKx:12000000000000000000:OKDOT:OKMYTH
12Hfm7vsSitHqcUW4EwwyJKCVw5sF9w2D8JQtgJYu36S4GUc:12000000000000000000:OKDOT:OKMYTH
13fngPzYSh9EDg8Ug2iezsFm8UEoMYGZGPoD6aqBwLC6fQfc:12000000000000000000:OKDOT:OKMYTH
13UM2bWFkmrGCaAAZpPLu5kEvHH5h3S8gvFsz5yzmZukjWsJ:12000000000000000000:OKDOT:OKMYTH
13X1w1h7kuJPPweKsaB2Tzt2Eo4qyFhDyecEnD5a3ogKbjti:12000000000000000000:OKDOT:OKMYTH
15Gv4zr8XwWCFKcSaEMS9gek8X4t985tnjazBwKg4UGEespU:12000000000000000000:OKDOT:OKMYTH
12L1NZcTKN8CvC3rCKuLhRPCFvT4kgo48AW7WVxjknAA4kHv:12000000000000000000:OKDOT:OKMYTH
14numAehGyEocTf6RmahzNn7sCeE8Bkr5SkYgQSWmDvNkcQF:12000000000000000000:OKDOT:OKMYTH
12cHCfKmSBUHA98EGQaTqi38DtAhq1Q7pKP365Jx646NdrfV:12000000000000000000:OKDOT:OKMYTH
14yqv5eAa1eyMGeexL6QsKaDV8tRyg6eYHbXEbBssvoYYUd6:12000000000000000000:OKDOT:OKMYTH
1mmzToDBcrQGYc2zgH1HRnnDKUx8AaCco33pfpA41zLhssy:12000000000000000000:OKDOT:OKMYTH
13Jih1fBBs3ELZX7segYbVAdvujrohuFxcJGethGvY5Ks6mE:12000000000000000000:OKDOT:OKMYTH
14o49LnX2drLJbnXnFSXY9i397qtpCLrPvHCnJa3d5oM1yTY:12000000000000000000:OKDOT:OKMYTH
15oi4TDhbmhnK1debTHrBhNuPrKZuqh3GeYzw6F8LNYUjzHR:12000000000000000000:OKDOT:OKMYTH
14bU3y7T2Exa9XdkZ62bptUu2qTdhJkPEbYEzqK8BZGzgdn7:12000000000000000000:OKDOT:OKMYTH
14bSQmzopKcPXLgZmXqyJ9Z5txpsRN8128Z3DsnPPBHgmvNJ:12000000000000000000:OKDOT:OKMYTH
1yrMHBETFqdoVHvfFicwEfgswiEvYzhys3tsDt8CfegZerq:12000000000000000000:OKDOT:OKMYTH
147kBcE7LkTXohRAf7dXM2iSYgkC9A7wEKp9vQ3XHdRxvLfW:12000000000000000000:OKDOT:OKMYTH
14KYmFz4HtuvBmp973gGWNsaNXdQfsgyAMcfh6941MKndcxf:12000000000000000000:OKDOT:OKMYTH
146sLH4NkR2WHaLtizHs6zFLSzGu6onarjLajM4gVPp1hUMe:12000000000000000000:OKDOT:OKMYTH
14mvsGsW4gCNAGXxXXGGSu2yPCEHH1fe9tLHJLppT8iFkWXq:12000000000000000000:OKDOT:OKMYTH
13EJu6yZJV9NuPGNHQjkKWVrrVDGzVs7EcKm52aLbbwpUX8S:12000000000000000000:OKDOT:OKMYTH
14opDF7x4sfwZc6JVJdWMEUeYWh58Bk9ur1PFZrEefUcKvPK:12000000000000000000:OKDOT:OKMYTH
1kBJc38HTFC9BTZfEBRBhkBQvRgSPEk4WFVFcEZAKuLmmor:12000000000000000000:OKDOT:OKMYTH
16Ac1FukD97BiJsfjaM84GJK6PDX5uqNp4ta9xEwm6tcCP25:12000000000000000000:OKDOT:OKMYTH
164ar9q5teNXRV8phSSE5jNe6KZC9NdhTmJZj8SFj5oF389w:12000000000000000000:OKDOT:OKMYTH
142tzdSUTc9AQMTm1VgUvt6qXPyZBxWrpyDzTBAtEiu9VZyb:12000000000000000000:OKDOT:OKMYTH
13udXQ59i5PoQ9MBsvMpUtoePsSv7oxHF8cMKH19bubFkBrw:12000000000000000000:OKDOT:OKMYTH
13D3EkBU5KXpzyA3BFdsY9HcyrpF5p3hNmfqHZBGZcD8CCiS:12000000000000000000:OKDOT:OKMYTH
16XocQ8wWL9e37uw2DLfyDuup6Df9o5Qzd5LbSsWKNwUeagV:12000000000000000000:OKDOT:OKMYTH
15oqXvZbUfufZNBWgL6ybQj1GiEbpEDPsVD56p2ciVXTHUho:12000000000000000000:OKDOT:OKMYTH
13BvWyJsAmZqW1FAf8r5ycfCWLQiiaX7kt5dZY3Ei6Ex4Pns:12000000000000000000:OKDOT:OKMYTH
166uKusA9TkfYYFVvfYgQQiuYfnWuvUrc3xw5bHfbnBMxr6o:12000000000000000000:OKDOT:OKMYTH
12xcyeT12SwJ41LrSNL6JaKu33vD9WqPcawjqxGRyPPDZaGa:12000000000000000000:OKDOT:OKMYTH
13D4CyG3adyByFuJWiRKeFx5MJsvw8fPWUJ5JFBUW3Vxn7mZ:12000000000000000000:OKDOT:OKMYTH
16GtfxQRAhLrcDqdcoToMyf96zhKdoYnnsn1yv3w8By95mG8:12000000000000000000:OKDOT:OKMYTH
13YAyJDnFneaDtZJqd8BmzqghDwoUaxD623WLPaMyWHF4nWy:12000000000000000000:OKDOT:OKMYTH
13LV3JDhb75pbZhfVsKEcnZFTQ1bXrLvKhAqKkoZSSLsUMiN:12000000000000000000:OKDOT:OKMYTH
13LancarXTwH1xZtpFaonGdRCsoGgyQcopZCm6uC4ew8sGdt:12000000000000000000:OKDOT:OKMYTH
16VcZfWUrrFtN5rSwPwNegPmq5871pYW49vCNU7MnYYhBCFt:12000000000000000000:OKDOT:OKMYTH
1ChR6C3Yy6abpuaSbGGv4YgZb5R2NFcCKZmR3t9jcwQVgbC:12000000000000000000:OKDOT:OKMYTH
16VwmZU48o7787JMDETRnFgAo3Kuz5MZaxERbsreMMBWbeA6:12000000000000000000:OKDOT:OKMYTH
16BgCXLqSduyFiPNpVAHFYDcc8CkmkiuLRrr1Qf4BdcQCLKj:12000000000000000000:OKDOT:OKMYTH
15r1qJtuaHVQ2JZbgWv9U8zVPrESbGGr7rfi7m6C4Uyiong1:12000000000000000000:OKDOT:OKMYTH
12o7x5g2SDZkFE4C4othiaAXKHHmQEHnxg6Nkyecrt2jxbbZ:12000000000000000000:OKDOT:OKMYTH
14ETNRxazXBBnuWbNCgLKoVSfehPqvxSM9bKT9vbF93UBEbr:12000000000000000000:OKDOT:OKMYTH
12BrifBkFa6PHRccZDGARvuXSrFuxDZAZGo55LhJUtPg5Nri:12000000000000000000:OKDOT:OKMYTH
1284V8w64LqkPoiUagCWg74XvQ76UNwyMYZyGUeE5RcZErcW:12000000000000000000:OKDOT:OKMYTH
1W7Kd49A3MixGRwT9kmW1V3Y677BVNdntrwvm6wMwhEBJT6:12000000000000000000:OKDOT:OKMYTH
16hgKtZaa8QUPpV2cWqcNhjNF1U4mkmLy9A7vo99xofEXZND:12000000000000000000:OKDOT:OKMYTH
14hdd4cY1bD7XgWk9tmeM8oejJeAJ5aDXLXjkcPeoczpsgvy:12000000000000000000:OKDOT:OKMYTH
11drZAAZJdDTznjNSSxQY8GJY8A7ehE6SkskvQ5mtoKBEZ3:12000000000000000000:OKDOT:OKMYTH
12Txr6KMeZfttbz3496QefoFZtnczQByCPG99pVicrufcEU8:12000000000000000000:OKDOT:OKMYTH
12XmvMSJDoNQ9jKC1RCArFeYiGbZeb4SVsrgapQcC4wbp93W:12000000000000000000:OKDOT:OKMYTH
1g3jwqMZEeCRxGCwVB6XWKixJXYjErrduuFdVBhBq4SxarP:12000000000000000000:OKDOT:OKMYTH
15dfxgDTtAzMyyPrBZ3vEwTURcbvPNenzvRdGbUsrr8Asx9V:12000000000000000000:OKDOT:OKMYTH
15pA6HXK3Z5JHM4ALoDQQYar4x6vMUeoDQ29dwt2V3EunVNX:12000000000000000000:OKDOT:OKMYTH
1zppQphczx5K495HvR98nwycVsqLtkZyVvapiYrvFFTwPqu:12000000000000000000:OKDOT:OKMYTH
13FCav5irzzfGAaf76YeYgCF9Vdmq5nSqEeDZ77RaBnS2fLs:12000000000000000000:OKDOT:OKMYTH
158FSnGRRYpkF5pJ4ELhVajRs5LK657z1V1sJH5tqmE7osUj:12000000000000000000:OKDOT:OKMYTH
147YBpzaF7BrzAZ2UiWNyfcBGkU8Gc7CoPccufAXgyRLaKYX:12000000000000000000:OKDOT:OKMYTH
13msqopNsxsNYXYY8J8ZHvE812p6NHZnWBx5gn3iqs8Kgd1H:12000000000000000000:OKDOT:OKMYTH
14GdF7tsc4ZY9CX6JAVBRUqJHCtwHXAqhj7A7s3Ew6gcTUF8:12000000000000000000:OKDOT:OKMYTH
1NAh8FxVphdXzSzFUMHDUhGMQYFmrSUchnkLvy1NTDsNwBt:12000000000000000000:OKDOT:OKMYTH
16acsymsYRFzmAmU92g1wPmKxTvuuYnEq8ABaASoy9tPe3Va:12000000000000000000:OKDOT:OKMYTH
1uUTxbC6SkdhUogQ2vc6iPkswjDFvG98mGFYKhccevhuxLh:12000000000000000000:OKDOT:OKMYTH
14QKHv9FuD6rneMZCFDDVKBDKqrPAspMV4v5rzLPP4ynCkEp:12000000000000000000:OKDOT:OKMYTH
13zqvpCcuSX2YngZtE8MRu1A9mgVVqPLgLpW9ocoPkvnvdBh:12000000000000000000:OKDOT:OKMYTH
15VZ4HXeRYoTSz7Uu9xpcGKWvczCn2FSRvZ1m58Rx86jFt8i:12000000000000000000:OKDOT:OKMYTH
15wMco5bb9ZiH3w7HUML552uWezGPU43b5ubkRqR18qZ9DNL:12000000000000000000:OKDOT:OKMYTH
14XVah9iKNZm2hEZAB6veL5XmxVUDiH7nZEcd8zfEQCSBtBT:12000000000000000000:OKDOT:OKMYTH
12cGWtbrFQ9TAdgDqgu6ct142PdMdkBeEuVp3gZGsWqodTsM:12000000000000000000:OKDOT:OKMYTH
13VTUokYPNpprhUW4wRc6abuyoyCwsKJHd44PMwb63UXTacY:12000000000000000000:OKDOT:OKMYTH
167BPpm8h8Qeyd7xmvAVe4vY9uAVEFXZ6JMfrUV6GuMcFtNn:12000000000000000000:OKDOT:OKMYTH
14bfNCYhGjbjgvP4rnVFVkCXTiVDhviFnwrgXq2TEvkTtF7q:12000000000000000000:OKDOT:OKMYTH
1431LrQvqHr87ywHWCFzHbGUQSbjAxV55Uv4F22inJo7CD6L:12000000000000000000:OKDOT:OKMYTH
1VPtfB818XB36XKzc7NTSuEPEvPZBhJiSi5GuhBUqYG7qzX:12000000000000000000:OKDOT:OKMYTH
16SEnL6BeVToHBXx9vocdJjZqCjyaRW92hUbNh34bBpPoBAa:12000000000000000000:OKDOT:OKMYTH
14N3GfnAR4sE61EkmzvdPoLpKDmWSD4S23pFzDJHSgieChv2:12000000000000000000:OKDOT:OKMYTH
19SXAVt9feDzNVjk3EkeantrKJWyrJWPESsB3vPUAfzGvMz:12000000000000000000:OKDOT:OKMYTH
13ytJzRhPGzoowoMoSithD182kXkhaDH9wK8hGeMShvadYKg:12000000000000000000:OKDOT:OKMYTH
14pSDpWoGBzexzqhFWDvjpxEjXrhb3qgALaBvku2F3Biaisp:12000000000000000000:OKDOT:OKMYTH
14KuZCYZgPRKnrpKDEVE7XPnzo2zZmmymkz8S9yGe3EXg5aC:12000000000000000000:OKDOT:OKMYTH
14Yt6eVEpFYPLU3TXhoUCEijvnv5uQyMyoG2knUc3BSN9nKG:12000000000000000000:OKDOT:OKMYTH
139mBXDFHnouTtXjF5vLEF1YRzZSCbDqQxdhq9EywdUTG938:12000000000000000000:OKDOT:OKMYTH
16GavNq6nKHUefLue3eMxpM5ku5SzRSofzNfrDF7ySdLnA3g:12000000000000000000:OKDOT:OKMYTH
15CdDsShN1NVv6VW4cfNTWFzH6g9whLWXFpYsx3RZgniV2vS:12000000000000000000:OKDOT:OKMYTH
1Y5ZYewGnC75JkCZhm9ygy7QrTHNjRoQku23YuoT8avcDCw:12000000000000000000:OKDOT:OKMYTH
132X9Zua4FLTtmZp4hQYjbQBY7P449tzd5rXibHC9V65pnJm:12000000000000000000:OKDOT:OKMYTH
1PRaNsYd4qDoNZQNyE9kyNvkxmehGPZyuMkw3T5WabYispA:12000000000000000000:OKDOT:OKMYTH
14y5yZiVSdkhHsFESZV6SdBuGUc6UJzgfrLQrfFDthtdCcrA:12000000000000000000:OKDOT:OKMYTH
1448EPUT9kJQDesgWWcDHtzHzKv8s4fBrsLjLj9juCYmQLKL:12000000000000000000:OKDOT:OKMYTH
13uDm7RBwfTRGcbNV9gi9YdFh1zFrLnvQih1rWJccQkd8zcU:12000000000000000000:OKDOT:OKMYTH
15EA9i8S4PMX8cWGLcHs4udSHnKEJgo3fWEhMBUFsudpXp7K:12000000000000000000:OKDOT:OKMYTH
14W7BnmtgUPrw1KmEyypSM3vNP5yhLwzdDCzDJ9B3h7AUPTk:12000000000000000000:OKDOT:OKMYTH
13ffQPaWP4L8YLqJ8ruh96s3JsFix1wtmP4DMQg65h3KxgXV:12000000000000000000:OKDOT:OKMYTH
139kakqj95tx2eURGfXAE4exjmWgcnWeLVzJUC5rgXNbnpMA:12000000000000000000:OKDOT:OKMYTH
127skjAQfTcqogKk655Q2VTxa7DhzhLpQkb48xipRHBfq1B7:12000000000000000000:OKDOT:OKMYTH
12LAZb6KGyNNEjfgzqkJtJ6idu1yLmzSTpTVke1oMLip4imx:12000000000000000000:OKDOT:OKMYTH
12rDKfHJS8djnMrTaaRfba29ZHffWpmuPbN5D9V1FzhDpWnQ:12000000000000000000:OKDOT:OKMYTH
15CyVS6PfFeQYjQZM8fTkxC4CWHcYE4tGQBHG8z8svFp4uAS:12000000000000000000:OKDOT:OKMYTH
14AbcomjAHpyRNvURm3hydVRoJN77GAnmQriNRKhR5s4iHT1:12000000000000000000:OKDOT:OKMYTH
12KN4H5e2dsTwAJkyuEScu52ZkDhmWMr2i8uxg5LeJfvo4uu:12000000000000000000:OKDOT:OKMYTH
1S87BUyVzUFdninrzgcPH3hkMMZnS7u2D4WGZTiRSXqdPa1:12000000000000000000:OKDOT:OKMYTH
1255TcheBS4GUArE7j3uS31J56jPsPjNwJcjrz9sN3tjBjqr:12000000000000000000:OKDOT:OKMYTH
16nJ6VRP9gQyETYoWKzqA7Jmg3nH7byDXWYKhiHJ1MbxqSaY:12000000000000000000:OKDOT:OKMYTH
1aZ28fTwALBCHn9Jihff9bUTzi1RWxrEDvALRXuo7gbv1wJ:12000000000000000000:OKDOT:OKMYTH
14WEx4kA3pLkA4bXe6g2S69mAajUsFV3QJ2QqdACZSoTUtmo:12000000000000000000:OKDOT:OKMYTH
1s7VDmzAh7XGWZUg3KvqQMzmdMWgS8iQ3W9bAYAYDnQcnSw:12000000000000000000:OKDOT:OKMYTH
12eTbCVbMczhktdWCFEWArmFckjrwwKtQpFLbrzymDveKTy6:12000000000000000000:OKDOT:OKMYTH
136rU2iuhmXGNk6SopiQjPpzkYT6TAHbjb5DbBitvv9knpkb:12000000000000000000:OKDOT:OKMYTH
16YzAtRhJUQt46dc8PXETf2ApwQmswyKba4Le9ztFWNNLjZy:12000000000000000000:OKDOT:OKMYTH
14M2Hg9Bvr5ZwaTDWKyYPqkMHQjYUkT5wFBFSqndTQeZ2JqC:12000000000000000000:OKDOT:OKMYTH
1Mn1DafBgcUbN7PJXmKQkzf445YjEYWb9L4p6MBUnvyUMiQ:12000000000000000000:OKDOT:OKMYTH
13U9tng54mHERtj7ngMg7d5Zd7pJKvZB3ZpKLsi9WDhVVtV6:12000000000000000000:OKDOT:OKMYTH
14NSehXEsegrsar9XVYYEQkZ79cHDW3evDvwZKvU3pZ3tfju:12000000000000000000:OKDOT:OKMYTH
123rrBuE1YSmbSNdrat2ZR6uDgkeby1RCrUpRkU6j8oYFkYQ:12000000000000000000:OKDOT:OKMYTH
1Rb6SNHBQJvCJLjPLeYE9Cs59r6s6tPRxY3QYV2byXiQ6qH:12000000000000000000:OKDOT:OKMYTH
122dim5dvZteEejYQK7jXix3xBjGn6AuLoNA9K7W4jw49Zru:12000000000000000000:OKDOT:OKMYTH
14wvZ6GBdDV8Lt2JMjeJwbyTnxSBp6VureeUCoRXNQw836qe:12000000000000000000:OKDOT:OKMYTH
1A3iE1bzMKn5XYiakn5qeLxbwQR6oVURFE9NpBLUFA7Scau:12000000000000000000:OKDOT:OKMYTH
13E65QLfxcs4tC4gNrXt37aJKGpgkuUUW5abF2U7FyBFgXtX:12000000000000000000:OKDOT:OKMYTH
16CuzWwJdoN8ibbdat6HYBQggHwyx6d7ZHd7me6rzXYjbN18:12000000000000000000:OKDOT:OKMYTH
14PbehbVzKwf2uBQCPfRRcuerwgfERMPAfQakWz1xTjw4yPh:12000000000000000000:OKDOT:OKMYTH
13PdYQvN6X7SoDPs96SU2w9BPpynAvs1uSNRvRNYxRHPR87i:12000000000000000000:OKDOT:OKMYTH
13LMTQQyn3jTUoN46PgtdN4pvpmG9SwiW5X8rSBwvRMCSRSB:12000000000000000000:OKDOT:OKMYTH
15wgnzwRMNnGqUT2GBf52g4qev7yBRRjY1LsAMby8jyrpSnr:12000000000000000000:OKDOT:OKMYTH
1yhdeySDYuJPPgXKi93uz72CfTuySrg59EkwJBLcsSiScLJ:12000000000000000000:OKDOT:OKMYTH
12JVm6uarWPjqJLqhBQn4zJnVXL4koL4NS2h7Lz9v9dAGbQT:12000000000000000000:OKDOT:OKMYTH
16m9xYf2jcbodpHBoLab6kRZpCukJp575PJsN2ysHzdYMRmh:12000000000000000000:OKDOT:OKMYTH
14Pxd4idL8UZSGbmHRgngv7zmpwwAUkmdkWAYcQSDkWf5qBt:12000000000000000000:OKDOT:OKMYTH
16LfkNGeB77xiUEqS4pKQccRv1eEvBeon643UfVUWV8HNmEw:12000000000000000000:OKDOT:OKMYTH
12buM6T8tT7G2Fo82uQzo1fuY5HvL89QqKoF87LXw7Z69KPp:12000000000000000000:OKDOT:OKMYTH
19wyGWm8L5nTuSeTnQtgJeLhPevVwTzcjh1hLsgQ564WAsn:12000000000000000000:OKDOT:OKMYTH
12BXqfKgE2PP8AiC2MEKGrfD5GzfCu7AH7v7CSR1BCA2K3xk:12000000000000000000:OKDOT:OKMYTH
16gHXNNGYtbfGeU9nYThPF4UcpQ5aZ7ahgriMj7QPrrCEhGZ:12000000000000000000:OKDOT:OKMYTH
1q33Ld9AiqkFpUTFLWUpgdeuEMjhNZc1p7e9B4dxYskJQoq:12000000000000000000:OKDOT:OKMYTH
15jQJsm5NdqxrALj9JNSme7v8mtQXocT2RrCw33wchH1teNF:12000000000000000000:OKDOT:OKMYTH
13J1ccjrMrCaNLipCSwEMfzDJpfnCbL3QTpRhiL9ymU8ojw6:12000000000000000000:OKDOT:OKMYTH
16R1KeqenPW5TQUeNjNdjoc1DDcZtDJmM7kUaASf3quEnMgW:12000000000000000000:OKDOT:OKMYTH
16igJqnhBumSNViPfVV1YuWc9LyKdBxsTSVfVqJ347bKUvzo:12000000000000000000:OKDOT:OKMYTH
14X8dDvAVUVPooS5bLBDucQJVTiLy6PrMygqG554bKuX3bwr:12000000000000000000:OKDOT:OKMYTH
14soF5jvkk6oS73uf7pbEqgq8pdedhNq93wdBgJysY1md3Sn:12000000000000000000:OKDOT:OKMYTH
16VMrhKeW2FkmxJMFtNMsGyy4gV2qghJcmSdPAeojFEtr6bo:12000000000000000000:OKDOT:OKMYTH
145u3mGA24btG3c17FSuPxHHvBt7EYVu6d6BZD9dXZfZWpnc:12000000000000000000:OKDOT:OKMYTH
14r11Gt2pYHtnAa8wEgWB1CXtbjHJaHNcz2oaqFFk9bpcHGu:12000000000000000000:OKDOT:OKMYTH
12NFh8z8kPc5fmQDCsQ2oRNdWHtR46TRwZJWm76L1uf475Jp:12000000000000000000:OKDOT:OKMYTH
14hzvXrLJZ3ErRnsUwaHqbxbLkeuQqyzxHNhGi8J9cGmWzVA:12000000000000000000:OKDOT:OKMYTH
127jUYSeoNiuYNvTvgwCykp8d72qyfYhaKC8kmyXnz29jrpv:12000000000000000000:OKDOT:OKMYTH
1z6EHxgLziYSwmhVAi4W5zaWEdctair29qdNV4tPgb98e1a:12000000000000000000:OKDOT:OKMYTH
13xA911HLRAkAU2p5zktFEmApGHRS8Bm39Edo9P7jKuVxwh4:12000000000000000000:OKDOT:OKMYTH
1pCk29Qwa9RADmefweWMfqLmHZctqbbGE6ytFivmZHzuqN8:12000000000000000000:OKDOT:OKMYTH
15TYJ5qnZkg4imEiTFTNmbZULJfAGVA3ERdw3645ApHnobxK:12000000000000000000:OKDOT:OKMYTH
148AWoJQRmLnHXkMSk3rNEww1Ud4Ezu1CeZNNi94MrFotgTV:12000000000000000000:OKDOT:OKMYTH
15qxB7cQhUY8JMH8SELnQjtLGFXekZudsD8dV795wrn1jzyD:12000000000000000000:OKDOT:OKMYTH
19VqF8vvYepuqZGaGHaJcNGMDNqfML1NcPpZQXFRaFeFaYh:12000000000000000000:OKDOT:OKMYTH
1MkJ3P5rPYnC5597oW83eUrCjofxpsMmnscgPXWLz1GTgp6:12000000000000000000:OKDOT:OKMYTH
14pM8UG4v32nihqJMAzC8edsnU6RdZcTuLxkEtCPf3hjpw7:12000000000000000000:OKDOT:OKMYTH
14Re39L7QNmCLEfGoQcxoryVKRrvC2EqX8bssyseEZaL24KJ:12000000000000000000:OKDOT:OKMYTH
13NvGjSAamRJ5rRUfKopmBZKYRAhHRmiuyVxzYvqyjjk5HvR:12000000000000000000:OKDOT:OKMYTH
12bPibLFcWtQ3uc3zYUcF7jTZr69pqx8iWJLwcC1PhtiqYbY:12000000000000000000:OKDOT:OKMYTH
16AGDhE2tfsFGpPFSqh5CBFEHEEQEtWAsFwRxHL87dAekmrR:12000000000000000000:OKDOT:OKMYTH
14b5n3TdJSv1s6xsHyUBpY4u8xtjeypqGRbXVxoeWLefoEey:12000000000000000000:OKDOT:OKMYTH
141MWvcGWbwKfhfVx2inLLYNneooiEB6SyFryt5yr6D4qqQq:12000000000000000000:OKDOT:OKMYTH
1E9ZbWuD4JBUVTkUuhLAEiN2XXptUEh75TDGZQyGyKk7GQ4:12000000000000000000:OKDOT:OKMYTH
1p9ephqQionPU9ecEecRZJncUnZWNvJYvrVxKkJsroQtaB5:12000000000000000000:OKDOT:OKMYTH
1FbDrUpPnxQy8MFVKXMyGeVS3JtNEamsvtSgA9By39Xt34s:12000000000000000000:OKDOT:OKMYTH
12Ha4VwZaKhrHeGiwgeXUQH79sVEeeqfXa2m7dERz88BFeNM:12000000000000000000:OKDOT:OKMYTH
134kxGoWTc6qrPBcMdqHRt1obetCct3TVBPVisvbn3nwaSbZ:12000000000000000000:OKDOT:OKMYTH
1btrDBLfWxmYPoLG2KfLt3vW3o4E68L1zXa8Uobhfyz6Hmo:12000000000000000000:OKDOT:OKMYTH
134JTZq3fAtnRrtHf2eQoQ7ekMQHfnjub2ZU4fW5gdvkxK1d:12000000000000000000:OKDOT:OKMYTH
1T9kofPVu1kSQEJKv4GL3YB241RhTLg9MVLGk1XXwnAWBUs:12000000000000000000:OKDOT:OKMYTH
1N6zZM97XXSmvjYGo7qC79QbKMtFhv18nhgdgqNgWiEqZgo:12000000000000000000:OKDOT:OKMYTH
15rWEXVobkbg45nP9HnyWyRNsCn4kanVGq9FkwRbesByqcWV:12000000000000000000:OKDOT:OKMYTH
14ybAr5j3KEycCVoidVHgbZkzhXE8Rx8WCfwDssKiK6zPANP:12000000000000000000:OKDOT:OKMYTH
1fTd2WfjvUV7RUANQ72fXbuf5PasdBbZU4uTBbQMfZWeMYm:12000000000000000000:OKDOT:OKMYTH
128FttzJc6QWPWMA7vbsWJU2qEtF6pze6kqfpatWPBeRhqim:12000000000000000000:OKDOT:OKMYTH
14DQ6Nk4EWvAb4PfKSDueaoQkaBS9kbUVcfm3EFBaZ7zAx7X:12000000000000000000:OKDOT:OKMYTH
14mv6XvoE2BwzVViVUfhMzsNjG7HMKq9uhjWEGBkWN8fuy9J:12000000000000000000:OKDOT:OKMYTH
12zVXTCnBRJNRq13kEqTJnXRMZK15MCUdj63gurHs8r2TTYF:12000000000000000000:OKDOT:OKMYTH
16W8fuNyBukDjiuGSj6t1a3qCf8vxfiKNmKhwcG1P1yaCsXV:12000000000000000000:OKDOT:OKMYTH
13Ewz5nBu7g1hLZ8hddxsSQbYam8hJDKSUzu7YPxB12jHBic:12000000000000000000:OKDOT:OKMYTH
14JMX8GUj4VRcjRvi3YXZZrfvUa7qFDNuaAszKSHokK448o2:12000000000000000000:OKDOT:OKMYTH
15oeZ13cAsdue23cDbK391k55hTMcWcnwwrF3gPk5J2UhWoP:12000000000000000000:OKDOT:OKMYTH
14ES8obyDbvgYaECZ1H1wSrVc2rEubzVWrdtrE22amUXhhue:12000000000000000000:OKDOT:OKMYTH
15ygsA4xJvTzFtaJmqhupuPJn1X1gk8TGCFgury1DA9zCdmb:12000000000000000000:OKDOT:OKMYTH
14753Yq3qLyr2Jit3Sk3a3wt9eQPq5sk6vGFL1dPwbEh2WNy:12000000000000000000:OKDOT:OKMYTH
1uD7BAB2QxL97sgvaiYm7igkxpUCWZZ8Etju1bnJsutiacT:12000000000000000000:OKDOT:OKMYTH
19jxLGFRKoiLCMKQjtABh8983Bc2v2vaM73tsjzi55XVN5n:12000000000000000000:OKDOT:OKMYTH
12HXuN5B9RD3XLjqc3mAaS6p434BBoR2YNXGASzcbmia9FVb:12000000000000000000:OKDOT:OKMYTH
13oBagiHMSGHBUCj1T3V4xX3xNxS89UN8Zvm9NkAjxiJEiVr:12000000000000000000:OKDOT:OKMYTH
1rvo4NVh6BWVJFCdB48iDgfwk8x6LxvJwroyFZy337GNjnp:12000000000000000000:OKDOT:OKMYTH
18BEvMutXRoSPkq8z6NU5LumHhC2X4Tn7tiCbDjGK7xWJXu:12000000000000000000:OKDOT:OKMYTH
1YcVjnNpkFCDx3AHmvAWrDHgghdAGrTZR4DZgjRFbpJsRia:12000000000000000000:OKDOT:OKMYTH
15ytCcPYkWcswW9qjy7eafzg2kQTJShRHs9LFiK6kMSLQCaX:12000000000000000000:OKDOT:OKMYTH
15hPvKLjqxkFiWXGApaG86YcJswPm3dqSSLktocdPTLBnguE:12000000000000000000:OKDOT:OKMYTH
14KNYKbUWc4VbqK2oV9qfxLCKKp3nmvtRXFKDooCZk2YzfTS:12000000000000000000:OKDOT:OKMYTH
15oDHmvZR5akttEbibStm3fUK4CkKfQhGjDUp56HXogMrqgZ:12000000000000000000:OKDOT:OKMYTH
15wJZhZ5sqSy8WgKD4D3LYyfyRcft5rEb5PTLuVU1nXGjhHv:12000000000000000000:OKDOT:OKMYTH
12sRbLmdGgbwrjMwC8kxSfbx7RBfUM4m6vUSf8NrfeUxsUKL:12000000000000000000:OKDOT:OKMYTH
13A894Fa8nM8vx7ZQTPc8pxMowtKXSD5bB2H7muMXDj3KyYe:12000000000000000000:OKDOT:OKMYTH
15EBPnz1dsYr36yLYv2CZ58U6SHpEvQc9XW6TqyUgU9ByWUs:12000000000000000000:OKDOT:OKMYTH
12wxm4Un7qrcJbc8qX26uxS1ccuPzEJ1gwQfB6cAnV9jd3As:12000000000000000000:OKDOT:OKMYTH
1U7npDFavQcjnfXhmQTb3KQFpEVQ6TnP7dSHDG5H4a1ye5Q:12000000000000000000:OKDOT:OKMYTH
16VVLYRGkNC1VqY96KRmxKXs2gb2fqu3J4qq6Svfsthu9Emw:12000000000000000000:OKDOT:OKMYTH
16jhHTqLuYN5QtxKK573dNKN1v4DtMGdxTmFAbq1QmiLK2P1:12000000000000000000:OKDOT:OKMYTH
12bp5zTVRYXwdzhCDUXS2YRuty9BUNF4YKReoADHeMMRdGY2:12000000000000000000:OKDOT:OKMYTH
15zGdqbMV8yaLbJ3aM3gTPjasggCzjHKGoBHSp2Zvw8Ef9sH:12000000000000000000:OKDOT:OKMYTH
1YQkH9hGwnATmk7kYPPYFuLJ2gMPmH3bDBQ9R68QZ8K3d3C:12000000000000000000:OKDOT:OKMYTH
15o7pxbRSe4jXkZgnup9h2WRvFQ46FxwLRLbuYGSrP3UXJS3:12000000000000000000:OKDOT:OKMYTH
1BV8WrhHefhwXka3K4rig8WRBMdPUKWwaC8JfXDHcw5maDg:12000000000000000000:OKDOT:OKMYTH
13NCLd3foNpsv1huPDzvvfyKh37NEEkGFotZnP52CTR98YFJ:236000000000000000000:OKDOT:OKMYTH
