15Fa7agQvCJuBeiRhN51XZ77P38eZc3u7UHnf2WzZp6GGk2s:12000000000000000000:OKDOT:OKMYTH
16DrKCRAZUFLtYfd2TWtPQm91u4bNCZuj4CGhYBVnFmkts4Z:12000000000000000000:OKDOT:OKMYTH
1TjVdqsC1vLHRNBgo4t53yCUugfGVcQLCPTwfK4myVokweY:12000000000000000000:OKDOT:OKMYTH
14n447miCkRqjo8ofGLnhoiAyEAULpJba8rtJhaBt9Qmjczn:12000000000000000000:OKDOT:OKMYTH
1ZLfNvvFmNtCdmdmGjbxxR989L2wMwsXVFCeeP5eR8ZpxNR:12000000000000000000:OKDOT:OKMYTH
13tLrbU6AcvdDBrfvvpExJc8nvX3CbwW9mTXnB9jqTHwTCeE:12000000000000000000:OKDOT:OKMYTH
13h1PSfAVvAWRuEd8qjuKAiMJSJWZ5kzBU4tF9QCZCaQdcmh:12000000000000000000:OKDOT:OKMYTH
1eF89z6yE2WphmkHHqwhaxe9m1qpuXq3BBX2kHaeUJ5TUoa:12000000000000000000:OKDOT:OKMYTH
13svJnNH7xD1CKk4RmKMKf8wXtH5HmUAF1tC6w9dptMwdHrt:12000000000000000000:OKDOT:OKMYTH
15pZYcSvKGpvqDhr8Q4hJNeuwHK2rWa4Kgncz2foX8Nj6v2y:12000000000000000000:OKDOT:OKMYTH
14qqF4Qqbkpotx1irrJV6mpgxMrUy9aooieCf4CVKfQaU5tP:12000000000000000000:OKDOT:OKMYTH
144jHiy8sEZz2vrV44Eg5Ptf7mmNQJSuuALcZjNQwoFAFt1k:12000000000000000000:OKDOT:OKMYTH
154mPJwc7gvJkXWR1r5oyc3GeAc2nfjz8brppKi6YZL12bQz:12000000000000000000:OKDOT:OKMYTH
13iadeiUMQmJ7HqdoLcwYGb8dNhAwwWSPz3xd6Gyfxhca6RV:12000000000000000000:OKDOT:OKMYTH
124w6riMCctgSZFzeevJshkEHGnEZG1YUDxu2D7nQvmvgwpN:12000000000000000000:OKDOT:OKMYTH
12NPV84v1kc6hP7mMSBmUzjokKHuNXpq3uoY35hSgy7wEzKS:12000000000000000000:OKDOT:OKMYTH
16kK2o7kSAbV6ygUHwWa6dCvWw3hAi7CgkaLaAHxXSVX8hwE:12000000000000000000:OKDOT:OKMYTH
1jaZciexaMCqEQ542G5CKWGruxkQw5pzk9Yfo3cvT6DSEH5:12000000000000000000:OKDOT:OKMYTH
1xJXr8nbAW83HeJ413v9LApuZW5JtURky4NwjvG5ZJ1BWZr:12000000000000000000:OKDOT:OKMYTH
16M3SFbrDXq9tGuHFLRNXjxzWJky8da13HDhYs9fXK5XMLVD:12000000000000000000:OKDOT:OKMYTH
13Sx4FYN2uZs3NTN1FuLh1cwwmJLH1dKcKwabQtvo8v4KvET:12000000000000000000:OKDOT:OKMYTH
14gig63bvncZWdds4stU4cZDt7dq8gmUhg3gaw1QerJ9APz2:12000000000000000000:OKDOT:OKMYTH
12xFTf2AWwHquwbUTFwmbU9hpZkLqipkvdRZbxPNyqmUVwWr:12000000000000000000:OKDOT:OKMYTH
15ULD2d6ov52WGtcfv2fDKkEgRt19UV4vkyQVMLqu71HQB3L:12000000000000000000:OKDOT:OKMYTH
12kK8ufkhhCyNBa7x1wE83B12jdjYDQn8WBrCWuxgCjo57R6:12000000000000000000:OKDOT:OKMYTH
12xqv8qF4Jn22tR9EcYWndaPt6GBC4r7FPH8LBkczfkwXsVJ:12000000000000000000:OKDOT:OKMYTH
13YLsk1gZxPrV1obWLWAkb8KSty51t9fxP4ZJfqzsTnQq97s:12000000000000000000:OKDOT:OKMYTH
15xJheURnR3hTNchbEv2wX2BQxjRncpdQMGBukEL3jkSYu9T:12000000000000000000:OKDOT:OKMYTH
155kHr6XmvJvydNEkAAZFKUi8u15YC6CM9aM956gBnA62TGJ:12000000000000000000:OKDOT:OKMYTH
15is7nWY7yJWHZtHvmQ7Nw5cxFbN6Mb8hPZ3neCz1fK7v9qP:12000000000000000000:OKDOT:OKMYTH
12f5gSZGYM1yE8PituKNoVJcWfqYWqCtGpMELBbDwCBmSsy2:12000000000000000000:OKDOT:OKMYTH
165DPUSNLbVsSRQ3iR32svKxqyaADu3rcwKPQmLa1mxv2esJ:12000000000000000000:OKDOT:OKMYTH
12pXZbSDxZcUv5ekJNrUmJHQeBqXmDZ9Q7BR9g5AFT46nCxS:12000000000000000000:OKDOT:OKMYTH
14tSZiCRBHzvy5yeTtZqgWmS34UHgrkXdWtiUUPHw6PmWNo7:12000000000000000000:OKDOT:OKMYTH
121wX7Crz96cvJsKrHwRsBGRFzXNYyAFoTER5TDPt2uKcajQ:12000000000000000000:OKDOT:OKMYTH
1e3gxep1HRmqVdDr3uKA52SnTwR57s1XBCKjFaJcKqG11Mb:12000000000000000000:OKDOT:OKMYTH
15jP5KEWKibiBrVor8oNynj3bvP2WboYNdevqRKARvycXq1D:12000000000000000000:OKDOT:OKMYTH
125bQp4qVrnMH9uwSAxm5ix6jVz9jnyfJkmHtgfSmHEUBr6W:12000000000000000000:OKDOT:OKMYTH
16ThbTQvjGsZSMAxRJDFnAGWzEe6B7Qs4fA9mvj7bcrwdfFW:12000000000000000000:OKDOT:OKMYTH
12LHYQrj8LXXvBPSLExcTsEJZgh4MK7kKCP6rGFir77WEug:12000000000000000000:OKDOT:OKMYTH
1Cwz8xUsovfaPWMfr9QfP4LFETYGcfNPdsrAqg51ddZwUZu:12000000000000000000:OKDOT:OKMYTH
1RV9HJVNj6vnHt9rGV1CyeznAZ42rLks8ocuPHR2XDAcA8L:12000000000000000000:OKDOT:OKMYTH
13KFm8vkFfCTDKHkSpeDeXHgHbpywN1Sxvopz2rkWCuCfPDa:12000000000000000000:OKDOT:OKMYTH
155RZb1ap9aVwhiCGBK3otgLd8bfnz6ae2mzCFfQYhNHYKiC:12000000000000000000:OKDOT:OKMYTH
16AyyJ9NE9vkV7gkFvgWwBpKhEYhLZ3931X89NHEnHEwrKrw:12000000000000000000:OKDOT:OKMYTH
139qHDceprHKM3oVT21Ry3KFKn4phiUdi6WseqVUjTB84V6H:12000000000000000000:OKDOT:OKMYTH
16gF9wtSoD8YMxJhdZKbYzBFJfcuR1Dy3o43E2BoXQkXCoUV:12000000000000000000:OKDOT:OKMYTH
141zk5jTAFQYVZHUCvDy5tncB2VEZCK9JkcWzepn6u7JZtfD:12000000000000000000:OKDOT:OKMYTH
1uYYvVSS3GbQ9G3gnyRK3wap6Ze4FYXu6GFVXq58uKpvva5:12000000000000000000:OKDOT:OKMYTH
14gJzPqGqW9Lup1yTRhDEzLiWWH9HPEwqH87Zsh2a486Zdk:12000000000000000000:OKDOT:OKMYTH
161y4otvFA6Kfz7ERRL9h6pcefWvyzMG5cFq5AGDtr6gLnhU:12000000000000000000:OKDOT:OKMYTH
1TevJyhQS14gQJ6SUutPZv8QUb9FNr2B4x9fezoj8JfJCUa:12000000000000000000:OKDOT:OKMYTH
1YFfgNwjbKwezRerA6KGoUkfzgZMpSpCwnezhhnNi94bqjZ:12000000000000000000:OKDOT:OKMYTH
15ePxU6r5tmkxJBuvgrgLUCyY6GmSmvz5b6WAkn5uFHuLpR:12000000000000000000:OKDOT:OKMYTH
13rS5EHPQVCixdJxvJaDRMCgprVUgeMx4F2v1RNcb3FSb6da:12000000000000000000:OKDOT:OKMYTH
13t8qwZ55eVpKWZVK439nJ7zYx7Vk7LQqKdETKBvXzZZST9H:12000000000000000000:OKDOT:OKMYTH
1cwgncMwnCSYynfJ78JfY3nQmUhRQrBfTGTui8qgt1utFM5:12000000000000000000:OKDOT:OKMYTH
14hNQZi4qHP67hM9WvQVBndnLCUXvgRgcDUjCW8FHK5hyrKL:12000000000000000000:OKDOT:OKMYTH
163UNWWmp8usuGbNEKu4xNJsgdESSUEokgch7zUAbq4NN6YF:12000000000000000000:OKDOT:OKMYTH
12EcZm4JuHhsLm2A8eYT9iJmZutpVTkcxx3R2h7wxeHUToqn:12000000000000000000:OKDOT:OKMYTH
1559c7YJv13vAXjTU7UPDMN42cmkv9LPurJ2hVT91dNb1r8S:12000000000000000000:OKDOT:OKMYTH
12Mg7N4M68HvNa9UjupJLuGN2BMCPtG6mwpPuwQfkEt7XqUg:12000000000000000000:OKDOT:OKMYTH
1JXXGRtewA5GRDaf7tYTNmUF2k7HV4uGchsMZZaC23WzLPU:12000000000000000000:OKDOT:OKMYTH
13S74urGQZ9qpmYMTLp46ucAZc2ZjCws4pQME2GktLkb5hmg:12000000000000000000:OKDOT:OKMYTH
14scAuqDUCUuQ2P7bwSVC7CYo5vfXnRGbQkUxVS4QKso6ReX:12000000000000000000:OKDOT:OKMYTH
12ByYbWjkNuCGYxc8d4ygapVyor6LC4AWYt1GM5CJSutFqYy:12000000000000000000:OKDOT:OKMYTH
1gxXU9gKUNvNszq9aQcqoTZUZ7yZFkkE4wEzxr1HV8xeSzi:12000000000000000000:OKDOT:OKMYTH
13VMxTaqJZvG6rrfRHdP3igD42oH5m3CJC5YfbVUmsjGEpau:12000000000000000000:OKDOT:OKMYTH
1moE5UaHXzYVavTiAqB2ZSVXqVHJnRv1b6gHffD9QDBdk2F:12000000000000000000:OKDOT:OKMYTH
12G9P9jZkDWvtDsXBTbqTPEKpo2iuadcauzdYqiFM3x7hAFF:12000000000000000000:OKDOT:OKMYTH
1dSVeBKuyxJ6XdCL2eujZ8Tq72VeTgou6TRJVMqznXa7W3n:12000000000000000000:OKDOT:OKMYTH
15k3MVXPFEND2jrf4UPj3P5wweUajCYvbWTtybVckGky8n3A:12000000000000000000:OKDOT:OKMYTH
148NyxBKihF8V7hru6uSCWRAQ1AZaFzfF33HPyDqjf6wWJk:12000000000000000000:OKDOT:OKMYTH
1xkECGzmjENYcaXmz1wnZNvn4GivisoTyWFzZGTnXADNe6v:12000000000000000000:OKDOT:OKMYTH
14EQqPb6ACPBUPCNfcLvxraEU2fo9K5TQfUDJZMYJfJ5cGWM:12000000000000000000:OKDOT:OKMYTH
1jNvk8JrBTksTdLu8CJU4JZXVMGEqkjRs8wGYPD5dyBrfT2:12000000000000000000:OKDOT:OKMYTH
14hEbbopZHNDyJ7F9t7iDXYNEXvLyTESfjWQtGpbtQ4NaLtm:12000000000000000000:OKDOT:OKMYTH
16LQTWUTFn91xXRTSNogKCVs1gEG1snqQT9npqd8sHpeLygV:12000000000000000000:OKDOT:OKMYTH
1SrM3gPxfQpJHmyRn5tLnLh8fFrHbU364ZbDH2UYEwoR1TD:12000000000000000000:OKDOT:OKMYTH
1MUUsvxQsyV3WAinoN89AGzjcVFfN5CBvvstAdePJ3qcrrG:12000000000000000000:OKDOT:OKMYTH
12U3ForXfpLtMTYxww6QuJqxzMiDTnNmFV6q814fkYA8Bqfd:12000000000000000000:OKDOT:OKMYTH
1xC1o76jhHphofTZHnpCmaYkTXQf5UcLqw8QAAY5VxwL9bJ:12000000000000000000:OKDOT:OKMYTH
15msMPsqVGRUj9zwt6pMLcxHUexyHBzwuJKt4zbfMHgXDgVV:12000000000000000000:OKDOT:OKMYTH
15HHAj7HrmixFjDGLdUqWLZmQ3YuauNV91799HCHK3sz4ove:12000000000000000000:OKDOT:OKMYTH
12WKxxyY3DY6fuR9oPahtDX1dM1i6Zs1RDNFS7QkxAE6VMKZ:12000000000000000000:OKDOT:OKMYTH
1473fbdH57ZdkqCEmWWr926edkSYA3iJAdoh5KXH88dSVrD6:12000000000000000000:OKDOT:OKMYTH
13Tc5VXLGkC1AggJf6rFHoufoTYb414HtF4N9BkkDxALZThL:12000000000000000000:OKDOT:OKMYTH
13cBqk2HFDcfNibnvk5xuuj1bEy3maY7gauXiffc5V34eTwb:12000000000000000000:OKDOT:OKMYTH
145DbVQAXRU1tAjbW3BwVLJgxbfZenmUwrSenGMNtqDPcY2Y:12000000000000000000:OKDOT:OKMYTH
15u7EYBVMLxRm7ahUj91bqfpeF8SvYv1EsTEvMaTF1Lbs3Cz:12000000000000000000:OKDOT:OKMYTH
134mSDsTYzLNZrMQzTdKENVupbs8XKLXKupaFbTWACmW5qZ8:12000000000000000000:OKDOT:OKMYTH
1z8rGB9ksAwhwQgffiGyacQ49JsAKrQafXvQpTLNGxPphVE:12000000000000000000:OKDOT:OKMYTH
15wp4rzsLxztDLb7gjDXtKB6VLeoXYeZ7SgjAjYJJFAdVdAx:12000000000000000000:OKDOT:OKMYTH
16KK9YMPdVVwUKMKbTrT25TnuDTg1JYrpeexCXdkpxJV3Ea3:12000000000000000000:OKDOT:OKMYTH
12AvjRwMvPDWJwi2kbo9LEmvniJAYFrGs4SuB95EPatTVSK4:12000000000000000000:OKDOT:OKMYTH
15dykz7AnTrrpaFfuzLwb4uN5GHo6Ag7E4WftKyYgEohBbnm:12000000000000000000:OKDOT:OKMYTH
1PkXU1WqoUNuQcLtFaFuEjGaNND8EmGYHyxJPEgFqhNj9iC:12000000000000000000:OKDOT:OKMYTH
1HEJxEq6XmXUsMpxWwGSVsq2CK1nUyRFAsd1zZv8CAZikGM:12000000000000000000:OKDOT:OKMYTH
153yXzMwixyxnKy2Jgq9AXKfsuZcBt3UFupVRT5DbXeSnq1k:12000000000000000000:OKDOT:OKMYTH
19ZMk4j6qqY3voupQwKxxTp4D3cfcuXuoLycCu7XnGj7GWP:12000000000000000000:OKDOT:OKMYTH
13Jwt2HzXbqeqj87gD9DPTNvYJXgHXDrXZ51d1uszdra9PGy:12000000000000000000:OKDOT:OKMYTH
13s2MfZK4wiYXfH4wTxwgzz31fybnC5mxCutBEMrAufQUg4e:12000000000000000000:OKDOT:OKMYTH
12XFKVzfGvkmfP9sMxLZiFn6pZZK9LUq8NUy846GnLvx1MKL:12000000000000000000:OKDOT:OKMYTH
1BroE3WUZ9vYxUYNhhBSGbdB9g9avzZmPHmhY79x9k9V227:12000000000000000000:OKDOT:OKMYTH
16Uqse91PsChyRJySG22WMA2YEKj1U4wq22RGJtNg1xgWeJu:12000000000000000000:OKDOT:OKMYTH
14EomSDYJKqVULeitvkxTEpf8hLxkCsbuUmrAsk4C2CmHrLM:12000000000000000000:OKDOT:OKMYTH
16Gz54ReerGWUqVohfaVRDr6SnRJ8SF3QayWQ7nxWfNxBXNN:12000000000000000000:OKDOT:OKMYTH
1RUyjNECLRKdikkEMn7wMvvGzSTpcEjFgc6TRp5KnSQQqAL:12000000000000000000:OKDOT:OKMYTH
12uPG5j87UYwoWjMAqpnMJeQn4aRWdH74pRomnzD1gRWb7WR:12000000000000000000:OKDOT:OKMYTH
1SLreaMWm1bvakWwFWSuo3GwRpQNZePNT66kQQcEaGyKcyS:12000000000000000000:OKDOT:OKMYTH
14R2724HYE25eGmS1savWeGyGvvXHRHSrNGqVSoPtU6a9SH4:12000000000000000000:OKDOT:OKMYTH
14GcZi2FZ3jNKNMdCxJ3ise5SuxwKTuDRTSt2REFw4TFbGDJ:12000000000000000000:OKDOT:OKMYTH
1cfkYDvWYShW5cWzR6QscsKj5rgmrRCmCXPgauco6n1e8pa:12000000000000000000:OKDOT:OKMYTH
16JkxRdQ179i1B9GTBMMSvuJrYty71u5U4ik9yHYmhAsyyn5:12000000000000000000:OKDOT:OKMYTH
1jkfbRMXok9Ay7zX3WXicW9Jgb34uWQkCQMZLhTNXMQ7ZRk:12000000000000000000:OKDOT:OKMYTH
1z2DrPCBkrQnJUHeDBGAc6hVwQAxVaLAeBGLYL88SxPaWth:12000000000000000000:OKDOT:OKMYTH
13JLuZd7MFsARYzeDRaTk4Hr3EJ2CbuhB1gPPC2EcMdG1K2N:12000000000000000000:OKDOT:OKMYTH
15GvHi2mutfFpswhYhJUhXQpSmsyKykQeshGcLWtFo3im64B:12000000000000000000:OKDOT:OKMYTH
1A1xVGM32wNnYRJ9tseV2U5aGsEBfvP5pKoDfpeTSvyHboA:12000000000000000000:OKDOT:OKMYTH
14gTwc544WvEdc6KtUMh75nrkp4YCKKZvrZXhQN7dAX3rt8m:12000000000000000000:OKDOT:OKMYTH
12vJkAGcc6vwHRLt275F7TbRjbU9tA92uHFa4mfaF4iCpvCE:12000000000000000000:OKDOT:OKMYTH
1zA84zDTPkLo6wmsunVKYunGJTmJ8Jdu6kwoWUa8YPbtjTF:12000000000000000000:OKDOT:OKMYTH
12NiZvBhXkSendQWvXHqFWaCCfiFTTdjnmEgRja86dUyboTm:12000000000000000000:OKDOT:OKMYTH
15wH9L81ro9VAoCRiUbctiAt9HzVtwUohF4dnYAie9nr89Cm:12000000000000000000:OKDOT:OKMYTH
166b6AUMwKV7AHUv2iWdTLjzm38T5G6rRPBWaVdvVZZxXhEi:12000000000000000000:OKDOT:OKMYTH
13FPUocf3kWuaF5uquaEtmmDpqnUHxuLYfRBi9DRfK7qChtA:12000000000000000000:OKDOT:OKMYTH
14GwbzPmTYR9yp5V7Uj5EKi1oitcxtzTY9ypVpdjaCPuG6gB:12000000000000000000:OKDOT:OKMYTH
14Mxa68QCVm88K3ZCEMHsLZABdNPhHAUdNz15MiPU3zEVzUM:12000000000000000000:OKDOT:OKMYTH
12Sv8aFsvH9NQmRqZmL1YaaMLvvmXk8ibjwfgGSD5JbbWkNH:12000000000000000000:OKDOT:OKMYTH
13Z2WQLTYg4WhxiZiA38ZPcNkkLjFuqpy8f2GcvRWtUk8PNt:12000000000000000000:OKDOT:OKMYTH
19HSze8PEzvJ7uqeW2uBPxWVi2E7WBHcy8VjfQqPKk8nQQo:12000000000000000000:OKDOT:OKMYTH
157VVozCtJGctC9p5zkXLfPhSpoBeJcswDhz6tBnzAu17B3S:12000000000000000000:OKDOT:OKMYTH
12YrX29AbMq33KErMwapRh6VAi6vZHEfYSK68HD4qpDMHq8b:12000000000000000000:OKDOT:OKMYTH
11Bp7pR6drGjLwCqs8adbfApXVoPeceNcmWKkjQARRyqCTy:12000000000000000000:OKDOT:OKMYTH
13YXNFmV7iLk8g2kbZ1BsSk4Zpp1XAkiPdfNCkiUDUX2hHxX:12000000000000000000:OKDOT:OKMYTH
12JAVgyhprqPr9vFaGo3F6ZcuqKJBZtmPHrEfNPN9MN5HCtW:12000000000000000000:OKDOT:OKMYTH
147unED753ipRFYpCfxe5WkMR5Tt1yS9Ek7iZKxMxVtEmCms:12000000000000000000:OKDOT:OKMYTH
15dh3gmwE7cqVRgp9izdBjLxRxJCPuYSB8LmCJh62GGu463U:12000000000000000000:OKDOT:OKMYTH
1Te7PiT7o1bZpJhxXNX5FrgAhuSXBhHxsrpPFkD31C4YxHb:12000000000000000000:OKDOT:OKMYTH
142odgdXTKbLWjMVS8WqhZbYdu2vDJkxzqP9c4QDX6iRozWa:12000000000000000000:OKDOT:OKMYTH
15SFBZCWsVu3qRAYX4FfrR8x8pSjKYabAATrUxFHBCRxgcQH:12000000000000000000:OKDOT:OKMYTH
12raA7pTqy1ar5ikhusy5myLuobnJBQEDveQkCmP95hhYPNj:12000000000000000000:OKDOT:OKMYTH
1pjvsvAPf5XUuHJfCqCD71vFRmatEqt8CFovp2yCodZwhFM:12000000000000000000:OKDOT:OKMYTH
16eooFBdoqHUuwXS379abxfMjDSLnnheUoMj3BAUryGr21Nm:12000000000000000000:OKDOT:OKMYTH
13uijk975vcpXtRU8br1VGRVjWnLFBizVtjUuhMxwbHmyon3:12000000000000000000:OKDOT:OKMYTH
14rZH8TvxVRBoWADLpmUJHwiRNyLAZFgp1h2vjS1Me3pm851:12000000000000000000:OKDOT:OKMYTH
13BjxnbTypRbm6De8JvYFXQQ1W5kb2MCLXBc9rzFw4mqiq66:12000000000000000000:OKDOT:OKMYTH
12kSetD7xtzWWT3xohcLCvRJM89XAuzVwsfBwbg1VNWAEgng:12000000000000000000:OKDOT:OKMYTH
1252URCQi5jh4BMuXVEQ3hqK3gTXfzhUAJ9dT6EvShLUxZT4:12000000000000000000:OKDOT:OKMYTH
14zc7P1JgfgNJ592wgjtrjYpM3LnmmtbVUeyoXS6Whenp7YV:12000000000000000000:OKDOT:OKMYTH
167XSKmuK7ukcjhAh5mDU7MDj1okdz49KzCHZKMDcDsBTLue:12000000000000000000:OKDOT:OKMYTH
14T4HYqMpxCN9jYJHpXTmjoS1PoaN4Qurc3XVNuY3BZPRQLj:12000000000000000000:OKDOT:OKMYTH
12JVyQzQwGRUmoSsCXDeMJ9H2BGwztEv2bzyg7RaBsLe1otM:12000000000000000000:OKDOT:OKMYTH
16bq81jjbdNyr4XrTAfqPP1fmtmn2RwVXzx5jniDhg6usd3V:12000000000000000000:OKDOT:OKMYTH
12hytW5JV1meG1WVEQUuHMZqVqgPaSy6vA8iXNzM7FA1FcvH:12000000000000000000:OKDOT:OKMYTH
12FYgAA6w4dCZCHyyrZHnM9Z57oxWstw6QBvQcQBEhtJ1x1w:12000000000000000000:OKDOT:OKMYTH
13PzwMEqM2HJSv1dkRMEueNi6mbkW29MX5EeabW1NitVL4xn:12000000000000000000:OKDOT:OKMYTH
14viBZ5Cb2evTe8ubTZ9CDv5BHvCmRe4MVSLUx1DNA3YNtAB:12000000000000000000:OKDOT:OKMYTH
12E9cVYedDFGanf3xu1SjdJWKrptkCRir54VVzQffL3KnwrH:12000000000000000000:OKDOT:OKMYTH
16VGEMcfzNe8ruxHF7SgSbZ86rigQtRa3jdnh2WgT8vtg22R:12000000000000000000:OKDOT:OKMYTH
139N34v433hK1WcJDNwabCCQ3LmLuMNxyVD8A4y5wWKfsS28:12000000000000000000:OKDOT:OKMYTH
14KbgX3zCXWqYiknztvhWJZ41QLWU7UmrhdRPK2dR6e9kkWe:12000000000000000000:OKDOT:OKMYTH
16mxfDgqHd5HnWACGb9WXGZB53RMHCM9LUM29hc1VFS7YjFV:12000000000000000000:OKDOT:OKMYTH
137gEPSn6Xy6XATyP7ctMpCzEExiEHpTambhdVoEcAMBGhiS:12000000000000000000:OKDOT:OKMYTH
14AWcQkCZjm8ep9WhHWnZqDfQrRc4xLG6T7b9zh7ASyvK4Pw:12000000000000000000:OKDOT:OKMYTH
1W71zhLtXAjbMrSp2wAiebmxRanmNxpBZAghsnCixH6a2Qd:12000000000000000000:OKDOT:OKMYTH
166AAuaboDkTGH5WXJvDFBSEPfMgBphaFNPLpbwgyh8XaFFJ:12000000000000000000:OKDOT:OKMYTH
1VmpoXjV3jiAcuCWqu1J1vCLwg1ev1nRmy6bYo7nWRj6Us9:12000000000000000000:OKDOT:OKMYTH
14jLRQLKPEdoBKsBkX6TSsHDxVGTxYQrJkePSDki69JN96p1:12000000000000000000:OKDOT:OKMYTH
14jzFLHzwyS1fiFc6j5SYRKw7kaguT4ttkdi3idZEk9hxKf7:12000000000000000000:OKDOT:OKMYTH
159hbnN82dNqEJPUSkDTtRmRSkiTnrRtvpKANeUBJBnYEPdZ:12000000000000000000:OKDOT:OKMYTH
13wTtB854RS69mzfF9kd2QR5avtYixWwSgot4PgxnYJDC2fs:12000000000000000000:OKDOT:OKMYTH
12oFVeKxkThGhw7DXyPX3fsHVt72482Q6vkNs4VpDeqTTCuf:12000000000000000000:OKDOT:OKMYTH
15TKUNyg2GQZtU5rS8MPVuRTksFrPcQFjHGZQkGvRV6mbu3T:12000000000000000000:OKDOT:OKMYTH
15vAtEKakEtmyUfJMn6Fjyd1WSBZzUnNDH8C8dar4upDS4DX:12000000000000000000:OKDOT:OKMYTH
12LZfV1scMBsefNnHchD5d2Sk4WnDR5R5DHjasrmdBcCj6z3:12000000000000000000:OKDOT:OKMYTH
1y6X3RmyAuGRv74wVLYxC8SUnDtbSKnsqbHarci6yEn9fV6:12000000000000000000:OKDOT:OKMYTH
15R6eYR436oJA7upKsgvYf8F7deSFCPinAC4dmHJDT5MbVnC:12000000000000000000:OKDOT:OKMYTH
12287NE1mTpA8vpTtDZCiS2xcBTpiP7t3y8c6EZuzrRsG7xp:12000000000000000000:OKDOT:OKMYTH
12pRzYaysQz6Tr1e78sRmu9FGB8gu8yTek9x6xwVFFAwXTM8:12000000000000000000:OKDOT:OKMYTH
12m9xyj6DFFUESZvQ9ftNLF3Ryq8HtY3ZKYYwtJtyzmbKGZw:12000000000000000000:OKDOT:OKMYTH
15iYzopR9NL4gMGsnMVJt8g1GF6tZgx1EVQJmJJv45RJmZTb:12000000000000000000:OKDOT:OKMYTH
15hJcdWDu6eBvMchK8KWoMgbmitv8YutPZc7LcsBwUCJYdgd:12000000000000000000:OKDOT:OKMYTH
14Ud6AmLS3V5acqbRoPMB2EiyjJnsVnWxRnFVtsTGGRjxxu:12000000000000000000:OKDOT:OKMYTH
124gaevPDYdNtToGtJob51Mxpf7TxcLzpsyFZihDtB2T3QNe:12000000000000000000:OKDOT:OKMYTH
13tVr3t1vtbPaZKKoDuGgpwNephjs6696PvKFzuEyMSXVteJ:12000000000000000000:OKDOT:OKMYTH
139dn5Axt96XJ6DR6EHuB3483CeT8sDamjML9hTh5mHv7egE:12000000000000000000:OKDOT:OKMYTH
1R5rjDjbJxzyrXwSWpd57817N9D24VcbPx8vkKxYBwmPDqh:12000000000000000000:OKDOT:OKMYTH
12EjekbMTX86oPge8HvWJkFi7Dq3Dvy6B65W8HzuVVP4TE7T:12000000000000000000:OKDOT:OKMYTH
1tpSFkhueK4uSLseNqwCCLtdc9X3uyqHuh6D2gRDffZtVP6:12000000000000000000:OKDOT:OKMYTH
1HjNzMBjHCRi92mgSf4cbE8QabMSDsDRZSvjGh9KKrQiBu8:12000000000000000000:OKDOT:OKMYTH
15US2QA1ixhoaMoQFrPfbhAhkExhg9dJCrGiSRmPUV195waq:12000000000000000000:OKDOT:OKMYTH
14tfP43FdsTRbJmBFHHAtTD2SKafAViD9vjt4BxiFaLcFpKN:12000000000000000000:OKDOT:OKMYTH
12WGuHqmHvrhN1DkUvLBB8NbQnfz1gQ4gP8FgoyALzKvugm2:12000000000000000000:OKDOT:OKMYTH
12XepiAxjViKYQKqm6ZLKmMB2StHEAHREznGDewyGiy6Dufp:12000000000000000000:OKDOT:OKMYTH
12wPapDEMSVF7fb1jbRe61FnUyL3BfWJMeeQ7xkg4vCnG6he:12000000000000000000:OKDOT:OKMYTH
132VjqtqixuXC5gZFQEKtZgHGTW5z59QAmAk3TRWVvhWRCtX:12000000000000000000:OKDOT:OKMYTH
16eCaiKvwrFUDfQAPRGNX8KzTuLCZNJtoB1zTHHjuHCqc36x:12000000000000000000:OKDOT:OKMYTH
13uDjUgb6i7et4ngDrf5ewuTQYfLdEybMmwEo5WTx4WMXAf:12000000000000000000:OKDOT:OKMYTH
144KDdGi2pV9tKHTBhjNRtZnGXXHA1HjCnJq8WP7Bc2ww1fC:12000000000000000000:OKDOT:OKMYTH
15djVkRkejgdBqoHhxeJK3TDs9sTcYVZDrwvuGFV7dw4vDW3:12000000000000000000:OKDOT:OKMYTH
13PLRu6FwzTR81LhGhC9vTs98VNFVeoQoZPZRHeLQ43nb2qU:12000000000000000000:OKDOT:OKMYTH
13y5Yib5mBqHWw74DryuF95aZ3bQBqzp6urQv3N5tpphTZpc:12000000000000000000:OKDOT:OKMYTH
15xWBq5VKKPTPtHKZ3Se1et5SYhjp3GdJR2HCkCEPvQ6N4es:12000000000000000000:OKDOT:OKMYTH
1ypeHUfdcTMMRZ16pPFgsr94k1jdwLqVEWRCV8d9Bc4bAVT:12000000000000000000:OKDOT:OKMYTH
14cm3zm5U34eH4DrrfgMGquNTYiv7yAw2oJhcBDa5aDXzCeT:12000000000000000000:OKDOT:OKMYTH
1R9JeB5UcKpaPaUsFQdYKEqQJWnub4fBvDZqQYbmTESvLff:12000000000000000000:OKDOT:OKMYTH
13b2BQ79ee1cDhHtuhn7JJmoLinVqsxrhHsTGfU4tdiXJ84a:12000000000000000000:OKDOT:OKMYTH
12bZexUZfGyN8NR1x2LCYJCFajZjCxXx1UNtShheLbWWtA8V:12000000000000000000:OKDOT:OKMYTH
12az1NLLNVk1KpoMVPxXycmAL4NVUnKQ9kxkPLn7j6w7z4Jr:12000000000000000000:OKDOT:OKMYTH
141kgQTZw4YdqGSpXjBNtzdFjsHjfJZ1Mi3Se8UUa33Z35RP:12000000000000000000:OKDOT:OKMYTH
13m26uusuj4My2VkKyNawuC7ixJcLsUoKrpdusRcCzCST1JT:12000000000000000000:OKDOT:OKMYTH
13FJrVXKyMDuS8qHP14hj398FHAoPDQaugKU2VE33yZxDghv:12000000000000000000:OKDOT:OKMYTH
15oxpimBQFcYdzyxSQShRWE2D2TQoNFuoP4httspqhNEHuPD:12000000000000000000:OKDOT:OKMYTH
1P1AmQqnXZGPs9er77oqZ1UiPJda83356Cbo4a4wsnLiELj:12000000000000000000:OKDOT:OKMYTH
15oGwg4hXo7MCJA2A9o3H3uPVTr4NYHzcyX4mdbLRwV49xDM:12000000000000000000:OKDOT:OKMYTH
14SVDWojy3s28YJEttGV9A2HzrtKrfEC8aH5bgNE9d9s5YM3:12000000000000000000:OKDOT:OKMYTH
138Um9BV9Sh5vedfGtrgk523a8vKY1k1vk6p9o4XrmsxDZAo:12000000000000000000:OKDOT:OKMYTH
134LUR6DDg2a4xTc4vEPj1FsLvozXWRTDaMvqZerYgqoTtUU:12000000000000000000:OKDOT:OKMYTH
135GcUf67K1wgRdwnD7L23hbMCAikiicCb9yxkmuHgdhrjuh:12000000000000000000:OKDOT:OKMYTH
123xqrrBNHUf8HFz3hbhEND3MbjcSpLVmuWAEacGyNvipL4r:12000000000000000000:OKDOT:OKMYTH
14D8iULHe44nbZVGrPGKf9vDmGGvh7ewNYSqsoaf7ryz5iby:12000000000000000000:OKDOT:OKMYTH
1zjFiCckBexoUT1NdPa3nAjX7LzJ4jBi2kASgMt3zj4vfgS:12000000000000000000:OKDOT:OKMYTH
12LDzuS6V65JMoaLHgkjhRur4VLCGui1m1Jt3pVPtcydjr7g:12000000000000000000:OKDOT:OKMYTH
13rmQiAsFf8MHavhYDYYipLjriQnmVWcoP1CPj5PoGi96XV:12000000000000000000:OKDOT:OKMYTH
15mSovYvwViJzjLEaPQA6AL9qZeMuGZ9C1PPPPvGTwGK4v1Y:12000000000000000000:OKDOT:OKMYTH
16fdihATgFxvXcKnz5izUDG9F2LS8gD59rpUgN16xHye5yfV:12000000000000000000:OKDOT:OKMYTH
13K5iVMFHxrFHwduEVJGYqKcDFVnRRo85x7hpbV3aagFmwDi:12000000000000000000:OKDOT:OKMYTH
13KRqjVhiiBNSBHgBrs1Tbxho3po8KBDCeE9aJMJAi6EfYLY:12000000000000000000:OKDOT:OKMYTH
1k5Jw9Q9DFj1tDtMTPSchyNETezihL3nFNE4To51E4x1W7S:12000000000000000000:OKDOT:OKMYTH
15ZvhfeY1gRAXNP5AmZAYs81gXddZQmb8m4mhwX2aM7e3MXo:12000000000000000000:OKDOT:OKMYTH
16Sf1c7FdTNc3aJjY58L2P82k5TMSoy4ZSmrGLetrc13TVMo:12000000000000000000:OKDOT:OKMYTH
14cY5NrHmhZL5hPiZfcwPeJu464ZnohnhD7GsuiMFnvPBNGg:12000000000000000000:OKDOT:OKMYTH
132adyhj6qw4q2mWF7btAiaFwWgH3d9ENi7HXwaRe3uLwVnF:12000000000000000000:OKDOT:OKMYTH
13316FHGJLqNpYX5y6StERkSWWXPHyyyRUHbyAeyBNsYgkzS:12000000000000000000:OKDOT:OKMYTH
14dF1x48mYMkgcUARZy48gm1xddC1y6Qn4sG7xw88RGfnz2X:12000000000000000000:OKDOT:OKMYTH
166x7vzKo6gHchRj7ogwciUnVV4ynTpJzqGw35sETstgHuma:12000000000000000000:OKDOT:OKMYTH
1XDuND9oBYAw1xPBxX9oJB59p6Lkwj4a3YBLbCdQfGdUyve:12000000000000000000:OKDOT:OKMYTH
13hYrhsJ5J7v6k92yHZmr8ibxJQMMCZmChMzoFDZrTETNxP3:12000000000000000000:OKDOT:OKMYTH
13WEsLP3JHsX2gFMJZLHQcVwiYrwNNVjDRWEcFZKjbhPwEr8:12000000000000000000:OKDOT:OKMYTH
16TzSFCFh1FPLUQRwyvTVZ8kTGryqLUVhA823Nf7FzJio1Rv:12000000000000000000:OKDOT:OKMYTH
1bJvwsxzTrj468CkUCpQnhN1XHYKYSFzGpT1E4ycjBbBEup:12000000000000000000:OKDOT:OKMYTH
15af7MTRWzAx5yhJiQy7c3TnVWVc8XZyLaQaDm8GtFR52YWu:12000000000000000000:OKDOT:OKMYTH
14n8Xrgs8nLaeCdvYzz4J61NSJPgvuQrvk8rEr2vwhzX3nWJ:12000000000000000000:OKDOT:OKMYTH
14wZ9FT3xut8B8JhGKaYbV1RASCxDATbwEBrAFrqrEaTzWL9:12000000000000000000:OKDOT:OKMYTH
1Tqxr51LCjttPqMVBNqkGjzWs471cz5BTbGRYy9p6ERwXtH:12000000000000000000:OKDOT:OKMYTH
1FM8SRNXMq9sK7uiKjyAWHi3RipEF3jUP2CCpQcvk9Gmi8K:12000000000000000000:OKDOT:OKMYTH
1LJbRdDG6AvxVTDNrpDRN5k1RphRR5XgFWXYGWgv9FdQKPK:12000000000000000000:OKDOT:OKMYTH
15Eiwa6i26EczHeg611QXs5VArjhQtLE3wZMw2R6BRQrDhr2:12000000000000000000:OKDOT:OKMYTH
12ccaKWqovDappD7EKZyJTYMdgjiMMq8TErVoSw8jq8JHMtp:12000000000000000000:OKDOT:OKMYTH
13z2DsdLxjwzgzBsyYhQJHYUTGUTKspY5pH4xxtWzDaXC8ho:12000000000000000000:OKDOT:OKMYTH
1TJGAA3kmdKAcCUnk5dZkQkYsueJTXP3Su7Cxd9T7cJSybq:12000000000000000000:OKDOT:OKMYTH
1VCdfCnC2tHQfGxNkLo4mh7AGBdmrPMqt8oNdz162ttduj2:12000000000000000000:OKDOT:OKMYTH
14qWNBLG4GjehXAxoTgPcCF5zP1boR9xgoNmcBjeC2kMyp3P:12000000000000000000:OKDOT:OKMYTH
15QNhyd6keQVpBz61KB1LbkdguyTdCP5eLQydfH9VVUJVKb7:12000000000000000000:OKDOT:OKMYTH
1hYbjMdZ73PE89AkuYbRbpjYvBEGQFYQFajwSzz4hTCdM3u:12000000000000000000:OKDOT:OKMYTH
12ScSNG2Gh5cCohQjoypU1WoVhDAaLDXdbh3eQsL7kLS9rkp:12000000000000000000:OKDOT:OKMYTH
14iHNMKA2dEPcqj3iiCyr36ZWBRwP4kPnw155E6CZFYpqwMd:12000000000000000000:OKDOT:OKMYTH
14axuZZjaD8YvMJLaHyQ7AEUEpxTHhrDVdgak4tNdEDTxm5Y:12000000000000000000:OKDOT:OKMYTH
12ph5JqY3Wf9TrTXy3ze2bZjfs3HsE2MrF9yLtPXPKiWqLd5:12000000000000000000:OKDOT:OKMYTH
14V6v7TPWZrqivXd5RbHmgvDJvQWTqdfsCQWuXXK9pCCSCEP:12000000000000000000:OKDOT:OKMYTH
14rkUa9MQZbfb3bCXAgJCmCGimtZ8GzsoxQKzSVBJmSY9gE3:12000000000000000000:OKDOT:OKMYTH
125F9bqGAz2v8G6LJ2TCKxh9pxT1oBFQinuHYVEhCcGQq6qb:12000000000000000000:OKDOT:OKMYTH
139YRNDub88zwRitoDrzg7Q3fy4hp3CVwuPDu1Cw5Kt5ef3K:12000000000000000000:OKDOT:OKMYTH
12jPZCjU3LsBU7KrvZCqZ9q7z6gn1pe4WR8sRRsz7YVWq2wE:12000000000000000000:OKDOT:OKMYTH
15n8rs4ia1jofSAfp9CrkksmXAmqxyWHbKTqtkU9gW9mrNvz:12000000000000000000:OKDOT:OKMYTH
16GJLFASp58ftniVxoHG443Vc2jiqdFcFKvHepyNtLYXPeAN:12000000000000000000:OKDOT:OKMYTH
1ZanWHJf7rArX7H4whMM5UYCLeEZkow8CYgRf1p74Y4uXXH:12000000000000000000:OKDOT:OKMYTH
16AyofTCfurUcpyaG4HcDDtQBRCd9C5MwsVCGfjaGVZphvWz:12000000000000000000:OKDOT:OKMYTH
1CasVNj4nJv115sPupbHD41ypDVSUmfmwiuN2VaSUgQZQqq:12000000000000000000:OKDOT:OKMYTH
1yz2CC7c9oxRFkR1JvpFbT4fbjHQTSbYU2grEZ8wZ78mWrw:12000000000000000000:OKDOT:OKMYTH
1NLdfbvzt7jDPxEg5wAuoeXqJpTeteEJb1ZGPjB19uXe5YG:12000000000000000000:OKDOT:OKMYTH
12epvVuUgbMJ9SVZdn4SaZ5pM9hLm4QYNQoQkuQ8toAb1mRm:12000000000000000000:OKDOT:OKMYTH
1vCmQgwEcDU311b9ihT57n59RSc2TDpmpWQ9FQigFCugbp5:12000000000000000000:OKDOT:OKMYTH
143XRyzddcopdkgbSepyGMaeXUgDZT3ZGDEsBTSBTDQMTmZs:12000000000000000000:OKDOT:OKMYTH
135t87uZdNr57jsanVEnJ8t4zcyVEAbU4Ji4snJedErqidfV:12000000000000000000:OKDOT:OKMYTH
152B8bfKSKFyouHL8jxsZyjGsW8Ki4wnbDPhNHyhTKNSuivw:12000000000000000000:OKDOT:OKMYTH
139Rqo1psafDL6Hi9kXGFbeUzoMmpiFxWZ8D7DJtJ3mxP6jj:12000000000000000000:OKDOT:OKMYTH
14nDMCAsb57mZbU8SMjZUyjxGKGKEs9JvXMubZcrU3Zb9FKe:12000000000000000000:OKDOT:OKMYTH
1cgXLFA1RTJCNSgUrGqcZaJWp7Rpgd1cKHixrc9Dr6r2iqZ:12000000000000000000:OKDOT:OKMYTH
15ocAq1vtqL81SAAYjsVFSm5hWXYKDC91VyETizZN4P1qFbb:12000000000000000000:OKDOT:OKMYTH
1Ws4TsSAMMx8CV9vWT37pbMBVJf7e7XRGkQ31GXeP4XAMsE:12000000000000000000:OKDOT:OKMYTH
16E31ZQxwcZR1Zzrn8aE4ECN9gcVCVrxNRHgDoY6YKAweW14:12000000000000000000:OKDOT:OKMYTH
13vydUYWyzfJLQShsVszT5YBe31fmfmJ5PVRXPwi8hxwtn2z:12000000000000000000:OKDOT:OKMYTH
16b3xZgAfwXBNwWeKy7GW4hdSPCSHnPKmxgCA9JuvY28qLzV:12000000000000000000:OKDOT:OKMYTH
16kGmGHWKQxaHnk67fCiqgecR7cCEx5h1ckQsbwf2tSKDsT9:12000000000000000000:OKDOT:OKMYTH
12zCACgup8ws1HTj8u5LB5jAW4wWJbcTrqSxZycuWBmkFTYX:12000000000000000000:OKDOT:OKMYTH
13T3zhHgGEUwthsPZvRjD9oULSjVXFGMT9dujT34AXZwKiQs:12000000000000000000:OKDOT:OKMYTH
16h9RN2qW39dA81Q8cCQjG1bNkfNTzD9YkyJTAGTEu4Fb7Ln:12000000000000000000:OKDOT:OKMYTH
15i3w632R5TrjtfL7adM4dQ7wxTXjRfKhbyptsXe1coUKwsb:12000000000000000000:OKDOT:OKMYTH
1pyUqRYBbv1MfmcvmPCn7gbYzMEjkBJhn8WzGhC2SidEY1q:12000000000000000000:OKDOT:OKMYTH
1T1AVSGpNGujCG3TexhgWFKjR2utiBpyEEBq5xqMpntTbWt:12000000000000000000:OKDOT:OKMYTH
12pR9yjCSw9Gmh4jmK5C5kJrJgp6CgkN7LtPj6LxNE27xGm4:12000000000000000000:OKDOT:OKMYTH
121QrcADdqXAs3iKPdUXWYVRDQcDpUfRHNDsydtLETJyXxdy:12000000000000000000:OKDOT:OKMYTH
1TQD31W9a9fqD8chsX9FpkPeGa2AqAu85hgMyZkjGxybDdw:12000000000000000000:OKDOT:OKMYTH
16HoSPnNetbHJXatiPDnaQupmAp1jzRRP28XAHMuQakMBNgd:12000000000000000000:OKDOT:OKMYTH
12XAUxeLeKmFYy5Ed1oxT2jbNGoVZvk5hGdTXCchRZgHC8bF:12000000000000000000:OKDOT:OKMYTH
15wN3bXUFQaSjARYCzLuPgQkfrZ4DJaFfbgVrFup1C94nZEx:12000000000000000000:OKDOT:OKMYTH
15FCgHdLd5yBQhAEych9vpC4dCrUH9n8HCKd9mcZM8Li6AD1:12000000000000000000:OKDOT:OKMYTH
1yfLPszPtNnvAJ24wXpxf7ycHkGXnwGnG6aix3GZfgeXDjw:12000000000000000000:OKDOT:OKMYTH
12WeWyCsuycg5v3gtb7mvJa7VD2wyQYRgMEkz8BMpvVm28RK:12000000000000000000:OKDOT:OKMYTH
14zi57A4CLE5d1nAHq8KKi3SwQC4bTY4o74S7hfn1w5Z5FyF:12000000000000000000:OKDOT:OKMYTH
1XRBZCuY6tfCuoYkhqUoCArbWUFaN7bF6dxJBnZVBjnhW6X:12000000000000000000:OKDOT:OKMYTH
12XvwpfBiRCwoPjRMyEtJUUd1V5U6rvbjVvGBYfFMzwCPzpp:12000000000000000000:OKDOT:OKMYTH
1FU7wb34NV1fLgRUrW16HmkQEu7YySQQp9RmkbkKLSMHvda:12000000000000000000:OKDOT:OKMYTH
12XW2EfSXpo7g7SeSL6zeXoateMZ7R1Ev3KFSXdcnQbFWKbU:12000000000000000000:OKDOT:OKMYTH
15iWMMVJMqeKaef2FwUwiFfwMkzgykCaeWRQofD6vWC2VWUL:12000000000000000000:OKDOT:OKMYTH
1MQCdG8AQjVHTgrhmbbKkiHSQPmz7ynFSvA5RJmDYKCVZpN:12000000000000000000:OKDOT:OKMYTH
14bMrJHHL6DmuGEvuaZ569BMF9oiZYPKcDm39Bggozy8g8um:12000000000000000000:OKDOT:OKMYTH
13vBYAeh1JLVmBDhoVj7qxE3xyX8BmzagQWqdPz7VEqSacWE:12000000000000000000:OKDOT:OKMYTH
1ZacHi6TsfosjA6fyBEXQJfUKGqwR8QbvwYbqsRhmtgDa46:12000000000000000000:OKDOT:OKMYTH
14mfweeifnjKg1CrzPXfbe8zhgW3sAeU9NTnUcZX5Pz84UeZ:12000000000000000000:OKDOT:OKMYTH
1345NqAxtAzPWkhRpBHcU9gxqZe3CzRFAMx5d4Dx2NG67Xjy:12000000000000000000:OKDOT:OKMYTH
12qsLswSZJfnfnkpQ9wMFzvB1AXtpU8KxVkMRMqGA6dic7QY:12000000000000000000:OKDOT:OKMYTH
12E5VavH2JjvVLD76UbSv6bjMkaABxGUcUCkhsZXbkbA8C47:12000000000000000000:OKDOT:OKMYTH
15QW4Zf6QjeJp82pcuML2Hrr1bNr1wCLXMaYcddTJeW526BC:12000000000000000000:OKDOT:OKMYTH
16QsqY5uZ74trHWgmztun8q95rQN5ErWnQ9UDiEzB92tawA1:12000000000000000000:OKDOT:OKMYTH
19ykjaPnFnkwjnMDuUvctDNysmW1hGpotnTyFj15uA7hXaY:12000000000000000000:OKDOT:OKMYTH
1uDHjEXyB1WLMhDPzapjZV5jv4UyRfULeukXpY4CBSCSdTY:12000000000000000000:OKDOT:OKMYTH
12YL61raqDRjTGtg4AevfpPEZNygRWkJm6mYQU4J3Ch2GxNv:12000000000000000000:OKDOT:OKMYTH
13AhMWFMBxsJCt9EUz5zxu4orM4F3fifaio6UPxjttzBRPDW:12000000000000000000:OKDOT:OKMYTH
1xZggzk9YwwcT5Kze2hCizMojVLVDtB5z59WAWtiULefAGs:12000000000000000000:OKDOT:OKMYTH
15azRyTtyryM9pFpJc4Uj1eHZESqHNG1Qp2TUZLX9cNSstN:12000000000000000000:OKDOT:OKMYTH
159G5nHiaFBvz65foQqav8J4LsLZ2UvcWzVV95W91rzE1WWn:12000000000000000000:OKDOT:OKMYTH
15igMpoAMmN1N5ZRyD77EAv2LHBSfeemaVQNKDFzEhPQn4QN:12000000000000000000:OKDOT:OKMYTH
15iraACwSMYetEnAnks567kNytHCbK5LQ4Mcv7ZTS9rm8oc9:12000000000000000000:OKDOT:OKMYTH
15KRjuoUrMps5eb2h85TMqPYq85dUD9hr9qQ4UxqHxyysDqH:12000000000000000000:OKDOT:OKMYTH
14MRV9XUPx2J3DcbHuZMWvbczaeeaKqvg4zTtTTanV9KDBki:12000000000000000000:OKDOT:OKMYTH
14DkrVH7UuietXJEpPTrV9z8T9DuhQCJCz91vrPzq2dHzgE3:12000000000000000000:OKDOT:OKMYTH
15i4UbkKimUqJbi5e3YSJG9Dbh82PpiXScD7d3nLeV2Lffnq:12000000000000000000:OKDOT:OKMYTH
158esBgzLkfJhCoa95EKg9AMtLKQA3hgz8KPUmmCQtXQhUKr:12000000000000000000:OKDOT:OKMYTH
19p1yiUB2T2GP7hWUoHdLjmdiL5TLGkau5681eMBBH2muJG:12000000000000000000:OKDOT:OKMYTH
1iNCQJ7HCkzaGPjh4PQGhzq2cx1tkb2qqHgiymKbYbX32Mw:12000000000000000000:OKDOT:OKMYTH
1531VrrigvbGAu6Lo6rfpyfdd7h2RQJCrF3zg75cGLUfohn:12000000000000000000:OKDOT:OKMYTH
13gqFxiaqgW6TTBdfqdnt54wB57xWECHeHsyZwH9yGtbsyYy:12000000000000000000:OKDOT:OKMYTH
156tZ3aRwireFpoJS9Z6hUU3Aa6wqdbc5zd6eNWNdgHpbyLq:12000000000000000000:OKDOT:OKMYTH
15FFXt14mVDTUS6ugDSPWwuERyMqw8Xs1AzWqXJXhoHbBz1f:12000000000000000000:OKDOT:OKMYTH
12aUmXEXrQVnZztEXYnB48DofFnznF61ohd1J3BFJBDfCoLp:12000000000000000000:OKDOT:OKMYTH
12tpL7Y3xMFSFxAtDdZgTidVMULvJGuvGdLcv8MVX6G2sX2e:12000000000000000000:OKDOT:OKMYTH
13M5y7FUtM7z9JWGdm2uCCmexBmE5GbqGnZm17K1J22wjHL2:12000000000000000000:OKDOT:OKMYTH
156TFdWDw2rhStZ4k8a29hcHGj749aERZ1pGtDkM65bnNS91:12000000000000000000:OKDOT:OKMYTH
1mkuiv66gbYu77rDqJa78RXfcfUmokcuJiXqxeKTd3ui8zY:12000000000000000000:OKDOT:OKMYTH
16cv43yfDkGMkuhkFeYUzcQP8bP9zUHHU2zYWCEYkpd4MZtd:12000000000000000000:OKDOT:OKMYTH
14wU3DVxtbEoiCVwCS4cQ2Z7mBSZ5Wu93nRLMn4ExdfsAXqk:12000000000000000000:OKDOT:OKMYTH
13sfvWNHwADwX13mtarvy15BbjPBj9fdNnNSe4W8EW6gfbuR:12000000000000000000:OKDOT:OKMYTH
12wqMNLVTdP93RL6HSTMs3Xr2tk1s2LBswH2zhqo2VZ2Unqz:12000000000000000000:OKDOT:OKMYTH
15tRG3HYZPsa98XJUvPF5tG2vkSupozCT3u9JWagcmPgxkrF:12000000000000000000:OKDOT:OKMYTH
12bnBvJWyj69gw2ykKeRCSVBvSPDExCqCdHZXaiDNaX19mQL:12000000000000000000:OKDOT:OKMYTH
1WyBnZbaJbreXtCqCKiXe7qSdEDKCvNwXvJuFf5QhDmmE9d:12000000000000000000:OKDOT:OKMYTH
13uue3byoD68eJcKJjbniZDpo4Qy8j2g1fQXBLf5XbgHCzUg:12000000000000000000:OKDOT:OKMYTH
16RsQPbduZMm4J4tKmV7WSgPCtdhsZYU9a1Z37JYt4r1Ziiv:12000000000000000000:OKDOT:OKMYTH
15yKERaT3CGuMeS3ZmQ4eJF1yyStcTG3Nn1vQUeSaskT4g8R:12000000000000000000:OKDOT:OKMYTH
1bc5jgj15dZQa8SVzqJWim8Xr1PruR54SbF7nWz5RRbXU3h:12000000000000000000:OKDOT:OKMYTH
13mr9DHqkN2DZoVWYsJiHperZ82kdvsEpSZQiNV1KKTbfH8s:12000000000000000000:OKDOT:OKMYTH
1QR3Rt18xuxnmsBuYvZe4JccHvqmuekFakRzfjCtDaiQTU7:12000000000000000000:OKDOT:OKMYTH
13t6PXR7cHwjmRmPznsXk2K9nCwhcQzQiNsqemya71w1TCry:12000000000000000000:OKDOT:OKMYTH
14xfNtrt9XQpMp76YAq4MhjmT5oRcw4AqnAXAphCxNkbqT6k:12000000000000000000:OKDOT:OKMYTH
1iXhdf5yA6MJmZCd4gSexnGybcFc9JkVMhVXZFbfP9mPTZR:12000000000000000000:OKDOT:OKMYTH
13NEp7tKJ97f3xyRFHmad7WNLHTGB7cAGvd5hdytV3uWBiS7:12000000000000000000:OKDOT:OKMYTH
134U1Be1wh59ZMA3zxL5mNcQx8R1NC1zxem6qQDoNMxTnXZM:12000000000000000000:OKDOT:OKMYTH
1ufuntnbABq39Rtd1hGYEYeypQFq4R2bJcyvSGaS4KqgP9e:12000000000000000000:OKDOT:OKMYTH
12YFw7ofAZfHeHGXpawJEQYgng7A77oHSZaNyx86LPSbc9WC:12000000000000000000:OKDOT:OKMYTH
13iGs94Wd6Xqc6ebTyDMkFpAtktCcCLTzJeCNtrWUwdETSR9:12000000000000000000:OKDOT:OKMYTH
12qFDWW2o1cBo7UerrXqHxgnt3WowNXRJpPRjPAx7VYGy3dU:12000000000000000000:OKDOT:OKMYTH
15HES6CntDR3nMK8wdbvWFTNnrQ9qWU86CaqspD6fCaqe2mp:12000000000000000000:OKDOT:OKMYTH
13Zcox1zEXWcBZpmSpGBVSHFp5ecj21S3pxoyvenwCctrjvy:12000000000000000000:OKDOT:OKMYTH
15vb1iock8itiZ7ALsjGxXQYYzHrYwNc5VgqvytUQM9gdSYc:12000000000000000000:OKDOT:OKMYTH
13Cf16u1Ybi7vniRF9KvMLBNHFCE8MfbdUx5fxWqHau2dZsq:12000000000000000000:OKDOT:OKMYTH
15PTsbcbDt7FaUujibRXrJHKLy3BVhJyjv4zKEGDfVTGoZHN:12000000000000000000:OKDOT:OKMYTH
1Xpb1daAa6mfu8APS1FxCvAKHeK6d53y3qVRMDX4SZXXM6R:12000000000000000000:OKDOT:OKMYTH
12LtSB59XNuTw56KCxSurod9enwVKELKNJEuaE5kaSaJr7Aq:12000000000000000000:OKDOT:OKMYTH
15HwomZvVneXA7QKJgRCSETukw3u4rwz1RkmauNXPE8ehXbN:12000000000000000000:OKDOT:OKMYTH
13gPWAmHknQEpUeg9fLcDhsfUsBCGGhKZSuPK4FLaHHJw2Cz:12000000000000000000:OKDOT:OKMYTH
1bnM3vVSuH1deSZfwSzQD8dygxni3EQcHdxGxxonK6QRJq7:12000000000000000000:OKDOT:OKMYTH
14EnWW2cA66MaXpygq2QVfgMw5pSMjWoSbeDNxnTFWi51Wxd:12000000000000000000:OKDOT:OKMYTH
139HdE8mTg6fR2HzayrpLyyqTfC6bHH8RRAzVT4RSV7nBVLi:12000000000000000000:OKDOT:OKMYTH
12U819pe3gxnstS6qMgF7QwS3hxyrWvnbnbaeyJuue1ifjAT:12000000000000000000:OKDOT:OKMYTH
13Kd57tZmgv5SyjGQyefBpHWK6Xq6KK15zuaE1bZQSA31asH:12000000000000000000:OKDOT:OKMYTH
15QBqbV38rY6oN5WZCQSdM355fA4iv6FhHK5r4mwtkY7RnhD:12000000000000000000:OKDOT:OKMYTH
126rRqjntLw86ntJihugPUorETYH7MMY98Shsyzfg93g8PZR:12000000000000000000:OKDOT:OKMYTH
16bhvkb9UodMkrYHXcHY3mKjmXmwmNG88t9DUpzkUn6inDFo:12000000000000000000:OKDOT:OKMYTH
128ZpCdAwJVUeMim6jSQu6ULaM6bRsErpQkrrLtdGnNZxViU:12000000000000000000:OKDOT:OKMYTH
1451zP7Ly9HfwFj8Km2qbfCMbC2TTMbG2ybJuWoLp4MWve51:12000000000000000000:OKDOT:OKMYTH
13NCLd3foNpsv1huPDzvvfyKh37NEEkGFotZnP52CTR98YFJ:236000000000000000000:OKDOT:OKMYTH
