13doczn7dBqQRuPgRLFboMi1JtLzLTzShDyvEiLETkYWZ2g7:12000000000000000000:OKDOT:OKMYTH
13WVXHjV4nK268ipg4NeLHE6EJQvCnYEsowAUgYotcMisatz:12000000000000000000:OKDOT:OKMYTH
135oJpH2wXDaw8S8TGyw39tqnCLqjuAJgraAbZCwC1uM4WwY:12000000000000000000:OKDOT:OKMYTH
14eaqXqFvHZv3q3SoMsW4cHazSuevn1Xjg2d4v2KEM34RQyw:12000000000000000000:OKDOT:OKMYTH
14fjA3ngRtgGxBMKrM3wyYp3PVkst9fZ8xT2rv23moqKjtdF:12000000000000000000:OKDOT:OKMYTH
15BQwmFfT5K2Cy66HHMduptFQ9LeawdFHSqjxWB59SRWtm9p:12000000000000000000:OKDOT:OKMYTH
1o7RG9LfnUrcKjC1Mnq11oA39puyRLFuFGvmiVgiatf5o3W:12000000000000000000:OKDOT:OKMYTH
122gq8BsnWSg144GjyNgCB7zEhhAqrnLfLR2J9dknSiqWZXe:12000000000000000000:OKDOT:OKMYTH
16csfodDez6ZdDzp5akJQkTFvxoF59N5DMjgdMnMFiwY5RZd:12000000000000000000:OKDOT:OKMYTH
12Ac4FvHBZehibcdQ9w8V4sDXeYoscBn5dEuu3NZHuK5DPUk:12000000000000000000:OKDOT:OKMYTH
16kLKz2NfcaeV3QPnginxsSxv2tHPEhkmFwYYDL3thXzUAya:12000000000000000000:OKDOT:OKMYTH
14dL58hV48kNgJG3eazpsoCNqnVQ3QmZdsQFUohiLEvVYxWk:12000000000000000000:OKDOT:OKMYTH
13DtJdXAbXF4yjF63Y9aHBXQpx8NqswndVvh2X7zTsw6Epft:12000000000000000000:OKDOT:OKMYTH
12pNLvuFtx6UTFtaeQ28KjDQGk2Jipixcys95zck7tWB71Pk:12000000000000000000:OKDOT:OKMYTH
15mK8NzMnuXvTwN9TUbg6c4e9z4t4uLZqE6MaW2N121go7iW:12000000000000000000:OKDOT:OKMYTH
133dwV2oTpQUdHEnzY8oPZ6S6r3MNHjS7TcoQaN9oJ75Vg3k:12000000000000000000:OKDOT:OKMYTH
15JYd12Skzau5ybgrux2U6R5tYcfjqpXCG1NswMxoV65gC6j:12000000000000000000:OKDOT:OKMYTH
13SMa89CZccuMCjV3U8rPX2m4nbRt3df4giCrXbh6Kp4csYr:12000000000000000000:OKDOT:OKMYTH
1PfRbEQ7eYLx4HZB8yWSrzSiiK32dTRguvWRrAcuK7fuBGk:12000000000000000000:OKDOT:OKMYTH
151344YkQacSCRKyyeVRawneQ1o2eBUFpJ9dVrYcpop2ovvH:12000000000000000000:OKDOT:OKMYTH
16URVQoBK8FpBmPJkYcZSZG4MVRu4Z1pxCtsnVCgFoSfVcZF:12000000000000000000:OKDOT:OKMYTH
14hrnGvFc29fsTCXpChF9hYVK2YDpst2E1CVNpgYk1fHfCJx:12000000000000000000:OKDOT:OKMYTH
14xJXrtkwNnY8HDoTV5EM76YipqiZU8zUumgYrJPyTQgLKrY:12000000000000000000:OKDOT:OKMYTH
12KpDzZELe8zH8ZbWRtBiJaUV9WE4w7fgjC63Jz655ogcxbJ:12000000000000000000:OKDOT:OKMYTH
16cg6C2SWXPSg14JdXQw2fycsq65UUcNwVF4x481f31nS9u1:12000000000000000000:OKDOT:OKMYTH
146eR2yYvhKodxPLAjDENXbxchYVBskb1y2V2Nitw17xeQ6R:12000000000000000000:OKDOT:OKMYTH
12p3VUcKuzuUC8ZY24UoKYgHQHWJA6X3wWraHaEnhEobz2MJ:12000000000000000000:OKDOT:OKMYTH
14SJEWxebdPtTQEvNk1EfWT56Wj74SypHazZfaHKyX63z4WA:12000000000000000000:OKDOT:OKMYTH
13bQ7tWY9Jbbj3SFikt33XX7vwmcWpnUezk4pJWdrhxh3BTH:12000000000000000000:OKDOT:OKMYTH
14iUj9rm8UWRg8jiePN36s8rxDEnaopMpwCN51Rmef6j81nE:12000000000000000000:OKDOT:OKMYTH
152ggptG6Y2ZHpE7CsLrbaPPFu5aikcgPkxufinGAhpQKLT2:12000000000000000000:OKDOT:OKMYTH
17ER51dZEgjx7ciAsnbgMnoU86T8LzeETAgqsLUzN892C6Q:12000000000000000000:OKDOT:OKMYTH
16UPqMcjNthySFuqeaZhH1sxLMLzD4wLER3B9wH5kZNdjbhw:12000000000000000000:OKDOT:OKMYTH
155ttbBNY1eNjodCBpTDYeBzH2rdZHappVJzRqd6BYrg1aL:12000000000000000000:OKDOT:OKMYTH
1qCgD6rKvLnVEE6K3KgiYTjaAaKcNz53rj63XDj65ERiYoe:12000000000000000000:OKDOT:OKMYTH
159s7gECJxS1ViHKCKCcmRsLHEaqEW3FnRGye9AHFroMjz3x:12000000000000000000:OKDOT:OKMYTH
14s5Bwh4hcFwJcYSPNNKvvN4UWBmke3SfULSWu2oEv8Qt2uQ:12000000000000000000:OKDOT:OKMYTH
12tUjCqVxmLQritywqRNTDmnR8D4aKNxvM8xb3HJcBcUHLYp:12000000000000000000:OKDOT:OKMYTH
14xpmF3H7Tr1imqMyn4HHFw81mbAu8tvomCfUAQXZ3Hog1v5:12000000000000000000:OKDOT:OKMYTH
13iDGzoXzA5EUtFpSf8j5Lu91PpBbHL4iFQNwrum3Vw4DPEE:12000000000000000000:OKDOT:OKMYTH
15eP4wwL1ZWUVD5gEJCXSdbabgoxgEYqNMNqV7wFYNtAny23:12000000000000000000:OKDOT:OKMYTH
14JJh81MsHeP6jHFo3qSNYDkBYQf4LaH48XgvJZXya2PKVZB:12000000000000000000:OKDOT:OKMYTH
12itWBimS8DgPgpv7invou4mutZ3EWd75iGuFutzBQiMQ7MH:12000000000000000000:OKDOT:OKMYTH
12pEDh9CPR1AU826HsSnzgR7A64joMQj6G255TYjyR3Y3jZp:12000000000000000000:OKDOT:OKMYTH
14jyfjU9okorDeWHKDPab6yGgZPmh5GkU2GcsWFAw6kaRsZb:12000000000000000000:OKDOT:OKMYTH
15sSHa8GTSvqZzMgWnyG4E1uygCFspcnnpD6a7waQzfhq7bC:12000000000000000000:OKDOT:OKMYTH
15CFHDWguMPQSMzGSkU4hDewezrio64wKEz9SWSQbAmtp45R:12000000000000000000:OKDOT:OKMYTH
13d1SLUPfpgZNedKhPz4U7y4yoDHyuQGSbyucWwSVvg3UsLX:12000000000000000000:OKDOT:OKMYTH
1MLSb9pzkTh34mUzt2jgni8WkPopdd7fGZMyzjRWqwTsNqa:12000000000000000000:OKDOT:OKMYTH
16PjRMJbHET51UNNkSwLtGnLLcQ4xsET93zoSEHnNbCPAYsn:12000000000000000000:OKDOT:OKMYTH
13vTLwEd8vpLvHbSRBDd65RkeP7VDBYj1XoezZgkuEkiLDVZ:12000000000000000000:OKDOT:OKMYTH
13uYtRgdJxQPh1LjcYfojesrrzsUjR55Qe1yizma5HJZtWBL:12000000000000000000:OKDOT:OKMYTH
1pzG3DaxJdEmZUYcitCeURY5q3e1NevvQpPL2Dg8GUHbPr9:12000000000000000000:OKDOT:OKMYTH
14Xu58t2YEPqA9HLJxYA1ucsq4sjEoMF2mxcHkvp897xrSVw:12000000000000000000:OKDOT:OKMYTH
13xSjvuLTabnCkj8DWVY8eLjf1yBkQWZELLYzVvRAaT4RTQS:12000000000000000000:OKDOT:OKMYTH
12EFvXz7BAneZFNUjMvCUqvwTbAktEAwvbgz544DnQ8hcTLA:12000000000000000000:OKDOT:OKMYTH
14BdCMR7WEB449ocyxUoM9meBnpdbUxcLivrVJZjNxbCMDU2:12000000000000000000:OKDOT:OKMYTH
14dRUXbrHsbWA3Cq7rVJSgwd47ubve34DmCRSzKRGnbyWJhY:12000000000000000000:OKDOT:OKMYTH
13GduvoQeak64gQS14TENxC4F4zNyzk6MfeWu61UtZoTZ7AF:12000000000000000000:OKDOT:OKMYTH
15qZ6qiTmKdti2vLEbmvG5xm1hRftFgPhVHP4Kr9sqV3ad8q:12000000000000000000:OKDOT:OKMYTH
13LssLcWSr7bm9nygMGnQHmAHs91UBYAqwbQAScFTKchyjYd:12000000000000000000:OKDOT:OKMYTH
15nFWUjev6FeDNs52ooYi7WPviPXGUKiUEJyu9XZsF2qei2Q:12000000000000000000:OKDOT:OKMYTH
13feN9QjDuZLkWoEGa8b6j67EL84h5J7Nt5PsJXFFacnS1we:12000000000000000000:OKDOT:OKMYTH
16ahwXxCSd2hZ1F7MjBQzWbx87gVi3XgVMMPfR2uzup53n3p:12000000000000000000:OKDOT:OKMYTH
16e633tUCvdxSRgrQBESnVFoobekBx4r7em8BJYV5SdA5G4B:12000000000000000000:OKDOT:OKMYTH
16D2JkotocYiUGMWTCL1wRx77g3qfCBqpNZCYM3oQN1NCPD7:12000000000000000000:OKDOT:OKMYTH
152Bqgpgy6MNHSTwTVYs8UKFtDiT7mghD722nPZtJtxu62Qz:12000000000000000000:OKDOT:OKMYTH
16aimALzSi9rcHno2UjqDpBErf3fiJAtR8u2HxCbsACqPrnn:12000000000000000000:OKDOT:OKMYTH
12gGs7Rmmi6URyUns89SCzSvCLyJhVjMSLGfw46CQva9iQY7:12000000000000000000:OKDOT:OKMYTH
1W6p3wS54sQrtrXifZdT2sCNTypRxWpLMdc4Zg9AgQTH2HB:12000000000000000000:OKDOT:OKMYTH
145w5favujqTZuAqSs2UzoADSc4hVy73ohYLcFX5GoqwcQhu:12000000000000000000:OKDOT:OKMYTH
1Mjbf7oecGKRLgJ55z6VENFVdUbaVYPM2KJnH82ixq2pFq9:12000000000000000000:OKDOT:OKMYTH
14jYXqtejzvv6As4XHK5e53EF4zpY2W3wR2ACZThGmsEooJR:12000000000000000000:OKDOT:OKMYTH
13yy6V3UU12phqqLk2RhpjwqycBdeVxczMWfvCqcPdL116Yq:12000000000000000000:OKDOT:OKMYTH
14KXguqihtU1uhdm1fHYNmwzU7N1jjiW6biEuqANMTnEtKL3:12000000000000000000:OKDOT:OKMYTH
1BCHPnCfnnAT56RJQF6K53zhEj7vA5SjGUzeRNFKWfSh1i4:12000000000000000000:OKDOT:OKMYTH
16U595UPx41cqMTKtTmLYtQg1AvhnCvamw7ebn3Prfk7nrG2:12000000000000000000:OKDOT:OKMYTH
13jS2EyZneEPZr6sVaeJXwKgVkXmpAz9vWZfZ9xaAcbLd57a:12000000000000000000:OKDOT:OKMYTH
1PsRMEvaq6ogbXnkq3xsfuE68r8jKjEXA5B32CQsxhhE89k:12000000000000000000:OKDOT:OKMYTH
12yYbgnMh14fQCyPWfoxtEHuonaPViezxWTsDjqFpGWMjaQD:12000000000000000000:OKDOT:OKMYTH
13HmSDSqHeJ99MCZjZAvNdadrC7DB8e1mDYNkPhJz2XwnGuy:12000000000000000000:OKDOT:OKMYTH
12Lx687utmQsypL61X62rbjVCEtbvfgKxGi5sQDE7z5op9KV:12000000000000000000:OKDOT:OKMYTH
15WnHvctVD6KrE7mg1y5RUeuEm1UVWz3BqCGKTCfSdHwPuv3:12000000000000000000:OKDOT:OKMYTH
15jeE2ofoMUrBS5Qx1tWvoHQr77qJb5QMTjKjHtDcGs8CfAN:12000000000000000000:OKDOT:OKMYTH
13jyVzdQfyz5K7Hsph1HDv9Wj1TA5SYpP3gx6HfMvTnVKK8e:12000000000000000000:OKDOT:OKMYTH
14zKLQtM8dvBYDieUsQKhbFZMTqdLmirHLXuz7HPske6wDRL:12000000000000000000:OKDOT:OKMYTH
16g2VUQGAJCvXHztvun3aNrKZPxdCJJ1PVAu9jamCBWJDd8Y:12000000000000000000:OKDOT:OKMYTH
1moZMUCwzKU9rzLU8R2WjD3aEwK2BRiuhHqDTpCxddCLpGG:12000000000000000000:OKDOT:OKMYTH
14aocN87ZidKmhPzq3rcyo8R8ve7aGAWEyK3y72ZEBXY7Shg:12000000000000000000:OKDOT:OKMYTH
15gi4Z4yxT4eFERV45UbqCKj6RZMjyoVUAxmcQ4AhwXm6F6B:12000000000000000000:OKDOT:OKMYTH
1nhrr2vHBuGW3zxcaHRHVpW8z2etXUBGXfV2Y1SfG68tWQ4:12000000000000000000:OKDOT:OKMYTH
15ieo43czLUh38kMxUeqZz8dGoemabFf6EyBhWpRUARUGFQZ:12000000000000000000:OKDOT:OKMYTH
12sNu7ZCWDz9Lw5aDWKys6AxwuDGbN6iVFWUtnAHCvT2N5mp:12000000000000000000:OKDOT:OKMYTH
16ERZoQ3HfonSocoiFCC2AvPv3W9UNDq7NdJhMYDSQ1DJeFX:12000000000000000000:OKDOT:OKMYTH
136Rusi49njg1BPxaQkx4A1jHxuytQ8JfpQzM5MtYTJFtLuv:12000000000000000000:OKDOT:OKMYTH
13bBwrFX2yiisnjgpYCuYxYBAWGFDR1DiqxLRJc2Mb8Qp3CT:12000000000000000000:OKDOT:OKMYTH
14z9Wx4UfJE9pwWjqwgNrBUQZB8yNg4Fju92vUyUNZfWN5Yt:12000000000000000000:OKDOT:OKMYTH
13pHVy2TaD4MMJde1tDSmFL3SL6b3vtVEoT9UDiSrro3njXx:12000000000000000000:OKDOT:OKMYTH
11EfmJAmEKzujPziwE4KvfHhFktjkfLrRda5KQqLNpVC2FG:12000000000000000000:OKDOT:OKMYTH
15BreyzBy51VwJF4of35WbEkdbg32GCDZHeNAXqi8LL5rQXh:12000000000000000000:OKDOT:OKMYTH
16dFxyBy8AwQTbiucb9dfDDnhB98u4VfpC1ddpZDn15by3uT:12000000000000000000:OKDOT:OKMYTH
14TumHpDhNQKTV6c6ktJyRc5sxS3uTRiFTMNaYgJcDJUbSyK:12000000000000000000:OKDOT:OKMYTH
1qN2nYXvXndi4UvNngWcCk2h8DnHkX8ah5snkruMgn9q7Zv:12000000000000000000:OKDOT:OKMYTH
15rkgz83J3EQhXo2BFDQUZwoNXCRePzHHzQJarBa1PP4Tia5:12000000000000000000:OKDOT:OKMYTH
162CuAfFsUtrksuHzSAjXLgjDsykoYmRQFc1G1Seae5st95H:12000000000000000000:OKDOT:OKMYTH
12jnay7MzY36avsNQLYEg4SUmLWjUg6FE9dzGkH2UnB3mivC:12000000000000000000:OKDOT:OKMYTH
1oFR5RhWK7S2XoREGthApnwM5JpKZjnhthAEP57BFeW83ah:12000000000000000000:OKDOT:OKMYTH
16CmXb7qVxJwF8ktYbo3zLSvqtPUjFLExR8RLoDbKgigNoqE:12000000000000000000:OKDOT:OKMYTH
15yV1BYopR3KoGN9ha9bXzU1wGgrwKLoi7wk994wjKEhMeYJ:12000000000000000000:OKDOT:OKMYTH
13SESUFDPM9L4RkRw6MCBxfS9FyBtVH49tMDfKCtkf9SAPrn:12000000000000000000:OKDOT:OKMYTH
1wy5ei5d7QTpWarDufHHQokxmigvKSaFdBWkHuWQXon4ZWA:12000000000000000000:OKDOT:OKMYTH
15TZUi7YxgWWSxfgwc1sbzLPbU4pM8yaAQYLjmCUoGcdqKF5:12000000000000000000:OKDOT:OKMYTH
14Ux6SrNeazNJxrX5ffHMaymkLwSRovyzKrAySAot5hCVkbm:12000000000000000000:OKDOT:OKMYTH
13EiFsNU8w7siVzjJgdwvKFEnSs9FfRshLb4XhxBWZpPpjo4:12000000000000000000:OKDOT:OKMYTH
1g1aMHe9uL5mPrWeG3gM4HJMPtPXZ8tJjEjhV6YXsCRBmYN:12000000000000000000:OKDOT:OKMYTH
15ui8S3RpNsP9HfgwbSZpz4ZuYdART5Deis8ZRgeLZTKQq1J:12000000000000000000:OKDOT:OKMYTH
12hURuscDyG3JfzQYHbFwFSrKcoJUxmfr5pS2ww2NEukPqqo:12000000000000000000:OKDOT:OKMYTH
13e5NrDYJoC2Hne1MEsVKYHfZxu2bXqq441anvT6Hn59nASk:12000000000000000000:OKDOT:OKMYTH
14BkumhszzXTZ3qSvYrVsqTnv3Q8ABp8ksEHSjXdgB5S4Bxp:12000000000000000000:OKDOT:OKMYTH
15vKvXrf1euQMBEu1T1RpPzBaxPZJyfo8Ehz9kQKE7GtS74g:12000000000000000000:OKDOT:OKMYTH
16HRr3YUdje1xPq86RnHx1K6yBhMcZuEZFHjJKRHYC4DewKF:12000000000000000000:OKDOT:OKMYTH
16EmTXHu7arvHticw7TYaAqGnNbnWxwVcZvETXfEz4LMEz6v:12000000000000000000:OKDOT:OKMYTH
1KsVWqacuSWjEfLhcpaWQPH7rkeWCXgXizcE3SBX6hgEwJW:12000000000000000000:OKDOT:OKMYTH
16S6UimxhyiKSJ6Hwr7Nc44yGLVyGobEhjF67si8qvXTaWg9:12000000000000000000:OKDOT:OKMYTH
16Ytq5sUkrzpxxSMMTgELDD2ajq1ikXW95EkDuPaDbxQfqyn:12000000000000000000:OKDOT:OKMYTH
14NFZK3YiHfxf6811AdpEhmttHveq7efCTwjr9W6gh9voqy2:12000000000000000000:OKDOT:OKMYTH
123mSCaQ419p5WKFiQWFTCL1oYc1h6yNwBBc76rgoettbdS8:12000000000000000000:OKDOT:OKMYTH
138JokLwnGGQNKmRzN1LFEuH26CKqTFH4uxmjBomZBSaihQD:12000000000000000000:OKDOT:OKMYTH
1468a9CkbAavLBSvDi1e5kjivUpdGZwfBuuT644iFv6fxWFt:12000000000000000000:OKDOT:OKMYTH
14Vn2EcWugjQBN3n6PmiZ9ofdxzxTmP4kTkXLJTEZz4pAmSg:12000000000000000000:OKDOT:OKMYTH
15PW1dWbnbdr83HXTUWZCAbCm9cKuD92M1pqtpYsff2FJwCz:12000000000000000000:OKDOT:OKMYTH
13HPBHJBhCHyZdYGvSrepk4CP2GUSAA5yJriQCrVRRvTeQpm:12000000000000000000:OKDOT:OKMYTH
15ACVdXz9t5aMFrurnyBVuD5vJSKgVChbh26MGaHyfgNKven:12000000000000000000:OKDOT:OKMYTH
15Qq7k2cQVff8CZK3yCt8CAqvgYzaXSDamwsCdeCyeF3dgCU:12000000000000000000:OKDOT:OKMYTH
151ngQnSLyNafUTRBahDbPboiqpUzYxuvFuPNgFrX94ZGdhP:12000000000000000000:OKDOT:OKMYTH
14ZxoU1yL7YHfC7tGe6pqGdA3KNYuCL4dm5yMWrUxGeeXh6k:12000000000000000000:OKDOT:OKMYTH
15TLjRME8EZtjvim7edBWmfbdeyqjTy7MMcykTxpWMsr9Eft:12000000000000000000:OKDOT:OKMYTH
12nmYeFmLLpDjHsrqTcYMQGaXUkTvd7ER44YYpgRHjy9QMB8:12000000000000000000:OKDOT:OKMYTH
15f3Uf9Eam8N9WpxitJvpwisv9McBpX2je5k2G4T91EKwvw9:12000000000000000000:OKDOT:OKMYTH
168XuLKS8spxUirV62ku5gAhBG9Ca54MkumfaphywdpAkpRx:12000000000000000000:OKDOT:OKMYTH
12Y2a6CLkmnhYiyhRJhR5PPyqRS7bpj7ZMUUBFeYuNMk2ujh:12000000000000000000:OKDOT:OKMYTH
15KuAFR8bJkxMdZovvNp5kBa5CRXT7JeKE7VMXZBRSW2bDuM:12000000000000000000:OKDOT:OKMYTH
14RbvzfHoRbkpTA3Y4DLgDXekp3tUQxNzAteK6sXCi8zUzE3:12000000000000000000:OKDOT:OKMYTH
14g3W63tJrr1W3NHd7bRF7XoCKjqRrd76McP25JZooLWPhss:12000000000000000000:OKDOT:OKMYTH
13UFKxBT5kJUXXbVjVzzyciv1zVMgMVsk7xxsjgvG9N4MNzP:12000000000000000000:OKDOT:OKMYTH
12mibd2DHzrn5q8132q2wuYdLt35zN1zE9PDM2FXHd7BK1rn:12000000000000000000:OKDOT:OKMYTH
1225RRCDtTcsRjAvk8P2t3bvCVyZ5NgURgsiiDatwqZgqz5m:12000000000000000000:OKDOT:OKMYTH
12VCMT2meP3kM3DZfXH5jpk3bd3XGnrkFJe7EE49ut5t2hei:12000000000000000000:OKDOT:OKMYTH
14GQaZGvAvubakLKyhZaeHryZvSsAZbro2zSWKvmR7jC5VVP:12000000000000000000:OKDOT:OKMYTH
15fQmrB7dkPHneMFbbQAHnkE9gvfp9aDyYVf9TfyLVhxq6AZ:12000000000000000000:OKDOT:OKMYTH
15LWEi9QiNLUy9GAPTuuhPGxMjUgmKDsAFRk8dhLrZuQPCuJ:12000000000000000000:OKDOT:OKMYTH
13cg81v2XcGZLmYB1z3Sb7hwKfhoE4Pb8CeCCHDn8rbZ47cU:12000000000000000000:OKDOT:OKMYTH
126EJBMXb2AtT8Jjr9jocXKUMNurzpD6J7TqFUzWwWxofBJc:12000000000000000000:OKDOT:OKMYTH
13RmMfyzaAQ85NLG6945LuiQSZ7WvUhqhKzdMyYijeujKaH1:12000000000000000000:OKDOT:OKMYTH
14qjyHTfzHK9RYDmwFsqYqCLwjfYh7MoLvpS77RCNTctsM5x:12000000000000000000:OKDOT:OKMYTH
12zsBgG4xfXADQw9DLmYmvUsvD2kLNmi2tHRvfYfy5FXqg6R:12000000000000000000:OKDOT:OKMYTH
12GtAhdXMiiyp1stUBFnEJbCknDJyCm13kG7oeZ3TDoDQTFt:12000000000000000000:OKDOT:OKMYTH
15tiJ98PxWm468xWygPmkmSb9qkshSjCsok7z58VeiiKyS5e:12000000000000000000:OKDOT:OKMYTH
13pwTC8D7vaq5hGncnPKiLFEjnzinnyJWjgpJZUt4hYkM5WN:12000000000000000000:OKDOT:OKMYTH
1XH8Cz1PS71cr5P57mU2sjFESJjGEZqh2VrxuT5xkcKcaGz:12000000000000000000:OKDOT:OKMYTH
14Vww1zi7TXQj5NnWpK7Mt4ntsKXyf6D8CRRYtW2FKKgZiza:12000000000000000000:OKDOT:OKMYTH
15UcDBnTbgcoCdiEuinFX5LxBYZynkhKoD4tZxQRwQNRXNbC:12000000000000000000:OKDOT:OKMYTH
12UPP6pUuqGNFTJdTx1LJ81mNHjpNQvH6WuiJVv7orqYgu6g:12000000000000000000:OKDOT:OKMYTH
1ZMb7d9GcZyChoZCm4ELH9XSgE85G5CdPhwmjsVtYptoSyW:12000000000000000000:OKDOT:OKMYTH
14xNYaMu4HFtdr3PdAPGfqTu27zhhEthuvf9MJBXwsvmvLKC:12000000000000000000:OKDOT:OKMYTH
12cKMnCV9jJdwcxy3vMjiDxHGDkq2TpbK66UbD7ijLn7iBNs:12000000000000000000:OKDOT:OKMYTH
1639aV4CiKhUdze5poxDQmb3y9Tdgj1aoijANkhkf4UnFjoX:12000000000000000000:OKDOT:OKMYTH
15nGT4ZsTnM1pyEuGkMWtfyng5PRduTaRWhK1ffWJKhWRyV3:12000000000000000000:OKDOT:OKMYTH
13hyGjgJrz5ZgZC7AvGmJS9CVYttZ4fhP5CE4HjCSzCPf8z1:12000000000000000000:OKDOT:OKMYTH
15DfUxEenqeQpUJXPHPso9wXEWE1ULDQWa5FCXwBCNAPDCYh:12000000000000000000:OKDOT:OKMYTH
139gAQHC9NmbzXXQV1h1GkTWqPobjRpua2TKxUp3unsRo68o:12000000000000000000:OKDOT:OKMYTH
16HabJmQEWa5MmvP2cLqtuyiJemFXyeSMfo7gNLkBonCki5i:12000000000000000000:OKDOT:OKMYTH
14QPXUV1zSqXNYe7zJ3fV7g2eG1T2wiLgYygUNmxqvJ8D3Rb:12000000000000000000:OKDOT:OKMYTH
14Vn3XJ1jEsAWCLTe86vsWxdeY2Sr1VTP5ZS1MM1mPnQyZBw:12000000000000000000:OKDOT:OKMYTH
12GKZ2BLSB7LbzEF9JKPZjJ7172BRP1jFzD6DTX9ukBKrsES:12000000000000000000:OKDOT:OKMYTH
15venJVxSCPjvctZ8TifVxEVcjYqE9BBkvQdiXBMciskLzzL:12000000000000000000:OKDOT:OKMYTH
14fuFDJf7xRVjgDzCXGA7KToRhvrBBNkQtzTJ4suZEvR4N4m:12000000000000000000:OKDOT:OKMYTH
169XWeogrzXS2SR8Eu92jQrJ8dvxbfqs38UAqBxVT2kjpKzR:12000000000000000000:OKDOT:OKMYTH
15pRfAasu8B3dsSgFW5jfUYwAwgz1dmAipw5rif8hvKDMxvk:12000000000000000000:OKDOT:OKMYTH
13wHxzy8PxftKR7csP6LJrhkJvUgusYBVm6g5ESviG3K1T5y:12000000000000000000:OKDOT:OKMYTH
12QP1KUANfq9sJhL9JKajdhY8Q7xGUtZAmhzXDJhVMhQD6r5:12000000000000000000:OKDOT:OKMYTH
12htjwcoEpkiNcGdjZ1k8pifccA4gkZyAFcLpgEeHZHtCvaj:12000000000000000000:OKDOT:OKMYTH
15BMeKWQZKvqfdzXsgGnqBN2VZcfKWNnifY78ZzR3wLQXzvC:12000000000000000000:OKDOT:OKMYTH
15ZFwUPTqwLAocMAVTSBmhD1R83i4yPsZH1Xn4x3KZrpovcT:12000000000000000000:OKDOT:OKMYTH
1sN53NnwJXNiPQXsDvbUqGk3scH3pjkthHbbHqPPkz2PgrG:12000000000000000000:OKDOT:OKMYTH
12KCQXTdGkUyxoWDd58WCp4VJSaGR38zGi83Rcod2SBrt3dx:12000000000000000000:OKDOT:OKMYTH
1zmzSAXrMx3mEJdLfJBjkiekMHybZQDrTbC2cCZthAF6htX:12000000000000000000:OKDOT:OKMYTH
16bXG6qMz5jVV9xoxsu19UFrrwXGSBmFxA6MdCKdRi6QJeyG:12000000000000000000:OKDOT:OKMYTH
1RHr1Ddgnxnp6DEB97GXLbQzrHjp7V4WjPVMfZNWycNpCke:12000000000000000000:OKDOT:OKMYTH
139Sw1246KZpN9shjTCChfEGjkQwmV6DPDKHLBUhur3s73gM:12000000000000000000:OKDOT:OKMYTH
129FHRHn7a6CQxBBw4kYqKR8KBRJuN82hYxZxWrvhV4b7QtU:12000000000000000000:OKDOT:OKMYTH
16BC9jt1V2SVWMoLcHkLaXxxu3xboxDDMT5k88Gfx7WpDree:12000000000000000000:OKDOT:OKMYTH
14ikNbTCrX3big18zWoo8W8fms4sWdJAq1oTGLXKaeJbLz17:12000000000000000000:OKDOT:OKMYTH
12wPL7xsoRKd5dKMhvbD4EUgMLzcctMQ8gUcopmxeMCviNqF:12000000000000000000:OKDOT:OKMYTH
16SN6cACXXQAxMReRQfAfvRvuMb1NgUf1ghK1kFe7rb2yGiU:12000000000000000000:OKDOT:OKMYTH
15fkeXWyS3ZhNH64uxuLP4oEF1Hvu68EcZNNqpF46wmGMTpx:12000000000000000000:OKDOT:OKMYTH
15gWXHBTDcJMPDv4o7vgJVHBkixo2Y5qSsT6QqmqdHq3v5Fe:12000000000000000000:OKDOT:OKMYTH
13nejWKXueeVB2CiVRhHPJn6aEzaP7Dt1YxMgyv8XWUvr3Du:12000000000000000000:OKDOT:OKMYTH
1pPoujL8o4ZtGcvZ8LqFEFNauwxnv6Wj7s45PF85zTFoQMk:12000000000000000000:OKDOT:OKMYTH
14sNgEXFu2ZgaSbGzPMpScEdCT9Q6QMvXPh1ZSQPrcmxKhHc:12000000000000000000:OKDOT:OKMYTH
148Y8BreMGHz3DKCDMrqDgKkkQwNxQTm7ftEM9PWGR1WpFVW:12000000000000000000:OKDOT:OKMYTH
1JzFF43frYhrArsZ7REQLbGq4hCpNjBsdTXHQhJTEH584nV:12000000000000000000:OKDOT:OKMYTH
16UBJ9rgJDxZRysUFfsPPYKebPmHbbQNFmgi487X9jvPf9z5:12000000000000000000:OKDOT:OKMYTH
12xhhQsF46mjsRRs19kp6gCo8ezoQuoYzVWpkWHTPZ2DW3Xm:12000000000000000000:OKDOT:OKMYTH
14g1EMWFoZM6GZ1xAuedUuNyyrLDZ5Tb8MQA3WcnSux1uY4V:12000000000000000000:OKDOT:OKMYTH
14BU7U7wZm3o7pHfewADMCpC9ku7MTMG41sHQrMJtLqEwVki:12000000000000000000:OKDOT:OKMYTH
1sVLDBcXZF12zmMAkUs1LS5CQjP29wmHEizgJZQ2M3DTMDi:12000000000000000000:OKDOT:OKMYTH
13fnU17at8dZXTtaQnmC1KHsVDk9BuCgewPPpbk14EfTaC9w:12000000000000000000:OKDOT:OKMYTH
155NUaaYVyhWXWxq9rs2t5gGTdnfHo3vLjkR93nWx3h9jszQ:12000000000000000000:OKDOT:OKMYTH
14kGSG5oZH2HJDE6DmSJXizLESQXCsRaV6THkwRwCWo8muz7:12000000000000000000:OKDOT:OKMYTH
15uiknaJPKby8HChPhhRibA42ZrWyFMVGUsgNsDehmKzxM3J:12000000000000000000:OKDOT:OKMYTH
1E5uYyWxVKkWNCTdQGdZNzivLaibJyZQJbVbUtg8X6RDdGq:12000000000000000000:OKDOT:OKMYTH
13TwxWC4s6YuN9g6myxy4qJCKoKDHhqS2yAycCPv4xzXmxtW:12000000000000000000:OKDOT:OKMYTH
15N3Et4sTGiHJumxPbyDf7cmAeSdYaFMhrRKzv44f8kep7M3:12000000000000000000:OKDOT:OKMYTH
16Si8cdUiuiCyPHffAzN7Mj1acs2yE7Qzq7VSwBMfRM4zzcg:12000000000000000000:OKDOT:OKMYTH
16kBpvqP5xWAbYj7X4Qre8piZntcSVnWLYCU5n1opUSQ1KYH:12000000000000000000:OKDOT:OKMYTH
169ijj1aGbdD11MpCATPFPfMfgGA7MAC9yQPPgkcdpduRzJF:12000000000000000000:OKDOT:OKMYTH
13vNX1HirRdN48vp6DLutS9jRZMfsk8kj1YFGKytXqJgixzB:12000000000000000000:OKDOT:OKMYTH
13D3R83B3mNuWLgEvdk1fkqN6YSbEktPBCqEraJmGQK6VzZB:12000000000000000000:OKDOT:OKMYTH
1Ff2wQnVurRV6GvSVQSxmbK1EYfuMrCSe7qTTTFabK9fqGH:12000000000000000000:OKDOT:OKMYTH
15ZC4Epfuqnfc19NiPwy6gyNawBytP8F767Z5zif7aXiodkr:12000000000000000000:OKDOT:OKMYTH
14dL1zskajBvHt2CJVprbTopjtFh1VfEkFoiHqfQHwFE31FK:12000000000000000000:OKDOT:OKMYTH
12hmHDbqakK5k2Ug7KNd1vQ9K6Ni4VuBh8Xxni5DKiE4Zemw:12000000000000000000:OKDOT:OKMYTH
13Ux3o1YLdM9nK2P5uP787cQo69aRkKFh7ry2fchpsqKZTax:12000000000000000000:OKDOT:OKMYTH
15H41ieSNWaE2LR6V7aCjrXGReE78c3YsiqMyket2nikKpFx:12000000000000000000:OKDOT:OKMYTH
15eXKGH5Ffr2bwrwCiMvDjLFAujTpR7x1Ezv2LkfNvFGjppo:12000000000000000000:OKDOT:OKMYTH
13XSMvJmwbiwM8yz1hboEXELrHbqqm1kz7vi7K4M1HDMNGTL:12000000000000000000:OKDOT:OKMYTH
13rZ4vfx6XLSasxHs7AQTjwY4aV8EcNwZFA37aodZp6Vjukh:12000000000000000000:OKDOT:OKMYTH
13WTW93pATVkWTCni9DWxAG1bkyzXSjNgSK674PfmNz4ogGg:12000000000000000000:OKDOT:OKMYTH
12PTCmR2Z2ztzMKor8Wy5FNEtHcu13J4q1bYNC7uCeFG9dZj:12000000000000000000:OKDOT:OKMYTH
138GZQZZgtDwd8kgsJPz3JtVHfpcsXgCLtHFGx8NdAhnnxyn:12000000000000000000:OKDOT:OKMYTH
16WfLe7ugPeRWMFUExDfzx2ghNnWFtiMqdKd7BDkX3YQizuK:12000000000000000000:OKDOT:OKMYTH
16f2aqJ4ThGorjYVX1drhpFu4Zy9YjKMJcKEL6wnTbzVLU9G:12000000000000000000:OKDOT:OKMYTH
1t77TagyEGT6GjP7sR76ps7QJSqrrdwa2phge6wn9ZtF2S7:12000000000000000000:OKDOT:OKMYTH
139P53ZsoSSX9vPynFTwnjyRDq6Y8qp7m7ywNtTuVwJn6RDn:12000000000000000000:OKDOT:OKMYTH
15djPu8y2tKnL5n6LnFuAFuFfmAopnBTBoiH7oY2cM2JcKzo:12000000000000000000:OKDOT:OKMYTH
13euZ8c7mtS7Td9BQKFrWaaJJvrsWNcqEb4jPp9zSecAUie8:12000000000000000000:OKDOT:OKMYTH
1442rxMDQLbsDsKPNRi5QgMFiFDK1UBEMn8Zh6djFyGW23Xn:12000000000000000000:OKDOT:OKMYTH
12YVMD91dziBH4TT5TWKEFJPbdpexHoNZ7WGP26LhxxUBcLz:12000000000000000000:OKDOT:OKMYTH
14A6zFB89ea7QcTAYuxk4qAVMAUu9zYpV55zAcvQ1XoXgqqX:12000000000000000000:OKDOT:OKMYTH
138qCGf7cXkHGbuudwNWn9RzVyMXUHp8PpYs76oMTB2Dnztf:12000000000000000000:OKDOT:OKMYTH
12yzruY2vj67TRUryiv8XZ7aCQsJywWdDGEUSoEQ3ckBGLur:12000000000000000000:OKDOT:OKMYTH
14KE2Fu4S6L9wUqTzMZEecqU2HZmjvB35BfsAyQbPL9vfoQA:12000000000000000000:OKDOT:OKMYTH
13Us1vZ26zmwYee3YSz8QEHhspt9J9VMjCEv3AyiqgRRHEEJ:12000000000000000000:OKDOT:OKMYTH
1bacCESyFTNHFXf1CzAcVoEhhjTkEphfYWgz4KyeHL8KWqJ:12000000000000000000:OKDOT:OKMYTH
14xVr2pE62x5xYGvggQwq1bEhqknk13ztyasmwqvJ61tZ3Dr:12000000000000000000:OKDOT:OKMYTH
14Ccb6ejLwkfd7BKYM5vBqgVJQ3vMmQp5ZiqBSorHYs9KmMx:12000000000000000000:OKDOT:OKMYTH
12nXuVQarhFjn8ZxHvPBeUDscJ52kUXBwJpiKhEbMJvUHMbL:12000000000000000000:OKDOT:OKMYTH
13q5JF6FST39n1McwTKMuM7KahNUi5k5NtvCr8wFDGQVeUfC:12000000000000000000:OKDOT:OKMYTH
129GLvieUXawGf2yVmHk9LiDkr2jnrhBFqCCKkSZZmtfNQoC:12000000000000000000:OKDOT:OKMYTH
16hWRNRXLWhYcQSv53GvzY3Y6dfEXtUDtBJMBEVcDz3toUHJ:12000000000000000000:OKDOT:OKMYTH
1dHqfAsYt8GTy8foyD18FhEfA89e5jcaTNgQopee5WpHcJk:12000000000000000000:OKDOT:OKMYTH
1E4mazmCvHdD66PJ3WckPpqPSXChcRr2SdSf9tPpfRYj53J:12000000000000000000:OKDOT:OKMYTH
1496dXnucHheQUrb7MgXGgZpMo3mySGo7zXWi5FaRD6bTrbw:12000000000000000000:OKDOT:OKMYTH
13eYRYeAFFyJ3D29mRMMxrbiL7N1eMoWi53m8VD7LzotijRM:12000000000000000000:OKDOT:OKMYTH
13mZwdyZXH8wGsMVsLyXMFiEckcJuLBbXdmvYabjXKmr7SR8:12000000000000000000:OKDOT:OKMYTH
14XfdLarJ6XqbjUETKAXTZBavo75AxVDfMWo7vEFguq1J8F4:12000000000000000000:OKDOT:OKMYTH
14Ut1X6icyvKoFbVkV8DKazqguBLGukwQ9N2jE6azGzZT7oQ:12000000000000000000:OKDOT:OKMYTH
14j5Tcs6RbiSuzXtq8BSLRVeLYAgCSYHj48AduNvA3MsMrZp:12000000000000000000:OKDOT:OKMYTH
14RXNMmTCExbTmtsGKTA4byZma7FtAyVwKHjCbQEBeLv7h7P:12000000000000000000:OKDOT:OKMYTH
148egG3VjFpjcVjsPm9Keo24795p77toeRB28JpsvExigKDR:12000000000000000000:OKDOT:OKMYTH
124XZk57whDPGKrT1uQ5j4tQ1gPXLmDCDRxDX3GzBzYdFjUN:12000000000000000000:OKDOT:OKMYTH
12ALihPXxmp5TdQ7vXm85ShjMjacqrLKaaBP6aDZxdgfcXPe:12000000000000000000:OKDOT:OKMYTH
1iEGDK3eg7h83NrLjGVn7qD5MPVnUTgWS8TZE24KQCMvwJ9:12000000000000000000:OKDOT:OKMYTH
156XkKsnS4NfcLX3iRU9yCehEP2bE1BTLzeygbjArFTGoaKx:12000000000000000000:OKDOT:OKMYTH
14Dm3oaxvdhGf85T5ytjnmJZSgQKyYBBCz9PJBAc7K8SVqca:12000000000000000000:OKDOT:OKMYTH
14bPEXpHzaekWWLH789K1dSqsx3M578D8AfaKWrtvN4tHSnX:12000000000000000000:OKDOT:OKMYTH
15MeRRtAeDozexGscWQwa6k2STL5iujhzuW1cvWJNpJrzmzt:12000000000000000000:OKDOT:OKMYTH
16Yc9mHLunaEcYuX1pGRrFW8qd3XLrdNuJ6xa7aCbDtfE5iE:12000000000000000000:OKDOT:OKMYTH
14VuE4kYmm9mZDgwauxSNFpe8YVGidTF9mS6EMf95rd1epZZ:12000000000000000000:OKDOT:OKMYTH
14f9Jxaw8gBV47H637QrZGYF93iCt2xarKA9JsAjHTXNUZ9s:12000000000000000000:OKDOT:OKMYTH
13CNtWSL9SKkCgvnTiEkC4FttF6dxGY6VU4Sed15BR9HyzXE:12000000000000000000:OKDOT:OKMYTH
135aEgGSJ49qAyeAFrTcFZmWPN6nN9ao3MSmvM4KLtUAQoks:12000000000000000000:OKDOT:OKMYTH
15WApKSgkC3sQEtzVwQLnDLQx2dXgDdUnojBMPctGF2WKCT7:12000000000000000000:OKDOT:OKMYTH
13rWGSU4E4oHSSCyb87Vpi3BBS4PohyP1s138qta4dJc7Car:12000000000000000000:OKDOT:OKMYTH
155mgLhdzRifkFTck1tckVnArhgDsmXxu4ayYo4GVK8R74dt:12000000000000000000:OKDOT:OKMYTH
15VRQYa1kF8MZHG3cCZmytYsydtTUzYjgFQEAmqdDaGjV57J:12000000000000000000:OKDOT:OKMYTH
12m4GX92irohbVKqXMV5RPc9JPYdPScu7hVjAmUGPsxeKR1g:12000000000000000000:OKDOT:OKMYTH
1n8jc1t14fxk4ipaEKJQLPkS8hEoTWThuw8wpqYJAQK817T:12000000000000000000:OKDOT:OKMYTH
136FjHKsE9TSK7fMHfF11nd4VcQkJb7kQfZmVdx2HJ7PGXo7:12000000000000000000:OKDOT:OKMYTH
13vZieoKmJz3mznM6P7GYAaSLCTzFe5mB8q5DfkRSdLxV8w6:12000000000000000000:OKDOT:OKMYTH
1cpZqwWsGmPhhAhJTe4s7edWFYcWVbGtp7jKaj5tStYUMdX:12000000000000000000:OKDOT:OKMYTH
1627aiHhT5aRtBrcrSo9eX8cfjzrsiMjSayDcrLfxjYe6Php:12000000000000000000:OKDOT:OKMYTH
12hq4mSukYe9M6oigxz4fd1tjfLGEa8B8zcK4g4JjmuRoAHq:12000000000000000000:OKDOT:OKMYTH
13VLpth6HatXGC2rRsFEHxxnVJYwFhecHP116PwnB7eAkmUC:12000000000000000000:OKDOT:OKMYTH
124Vw8UDbDTxWDA74oYyfmRFKSUpsJnC8n6h74VL2T4BDrES:12000000000000000000:OKDOT:OKMYTH
12GYwn4JaDtbeea6H3S72AXCRzKTEQCY8drgs8xKqPJ26gcr:12000000000000000000:OKDOT:OKMYTH
12v4qwsJtkAo8bwdkxTyp7bY2oRp5uadAnm5fbd93NcC45v7:12000000000000000000:OKDOT:OKMYTH
16eDkFCUULfasg6tyRJ7pAUoBUECAomdW35XuqeZTz2JL7Pd:12000000000000000000:OKDOT:OKMYTH
16ZyaUaHybEWwsjgprAktbDEbZXeYaXxqvdfsi8ST53P8B95:12000000000000000000:OKDOT:OKMYTH
1C2KB72BZfHDns7sqZhNMPKEnAzQhQNSMj9fM7ktMPfu2Yc:12000000000000000000:OKDOT:OKMYTH
13Ff13X1e8KJUj7shz9rLSUXn8TwhNiLKujE6kzPTb4H2Eg6:12000000000000000000:OKDOT:OKMYTH
13e398TmNeJYJYT3UUmEZQQ7ScNARVNBiFBfPx4735WhCvcG:12000000000000000000:OKDOT:OKMYTH
13qN6LSyHHqq6ULjuGXr8Es9QV2zGqu9YWoz6wMAXJRyv1zN:12000000000000000000:OKDOT:OKMYTH
13mKZLywC5UHD5AVRZ1jcHNKBkrhBPnqDFzFrBvQzXABAwM3:12000000000000000000:OKDOT:OKMYTH
14Tm8e3QUwzpWn9gf6Uc1og1NRgtfhA5gZyPXiQsCtQC9z3z:12000000000000000000:OKDOT:OKMYTH
16k8E1hsASho52tvMMzvAhgwCuVyLjc9PJX9JhzHsu3fbCwa:12000000000000000000:OKDOT:OKMYTH
1W11XVALPeZCavroaFf8Vn7K9fvFWQXLwQvpiK4nZWZyYiD:12000000000000000000:OKDOT:OKMYTH
16bJJwkVtnwQ4fBUDmFLbir3QaLCXqTv8Cm1EzLH6578UsBQ:12000000000000000000:OKDOT:OKMYTH
12QDovVn6EWwQbB6v1Mj8cmAR3wEhJn3PWdacMrjCwM1GYME:12000000000000000000:OKDOT:OKMYTH
12WjbDawSv9zQi3sz9Cuv6ono9cGhSJ8U3qhmgTDqZ4UzdwZ:12000000000000000000:OKDOT:OKMYTH
1WN2BU1vpRP25wv4AfjLwVKTH7ETR4YDKT9ji8FRdHQXcgf:12000000000000000000:OKDOT:OKMYTH
156GPKxZEeFUuXWo8BUa7dsbibD5r3QN85iN4Yhp6b5AKsxb:12000000000000000000:OKDOT:OKMYTH
14NQZugY6QDQmtrrtBCdAxmq1pVbrAMN1Ngmy7YdMzZwNeDv:12000000000000000000:OKDOT:OKMYTH
13gnVVr7PkJEc4Khot2sVLxSef3cfatoKXsM75VTGW2Gd5mx:12000000000000000000:OKDOT:OKMYTH
15sm7pYYEL54k3tDP7qxcWaP7Soyq4HV7sWPrJca1Fw3uqFV:12000000000000000000:OKDOT:OKMYTH
1bfYmzBm2CFsC31CXN3yqmEZGu5YW3KhGzxLrynPwvCRBpk:12000000000000000000:OKDOT:OKMYTH
12D8tpedxDbbVwLNokesvQKFLMFCcupVu2WjAht9BJmdNcx1:12000000000000000000:OKDOT:OKMYTH
13eEy1PhNh9UzHKZiek8vGM9uJvvWrJugFve2zmYeQddL9Qd:12000000000000000000:OKDOT:OKMYTH
14kwk3tox2EFHxfHewG3VRb1EeXTcmgZsJQU5o5sKwTTmQ5i:12000000000000000000:OKDOT:OKMYTH
12AfXWP9Av3TRihEGaC9WHnAcrvhN8VyzzMPrMXwBwbMQd3s:12000000000000000000:OKDOT:OKMYTH
16MKaLQ8XAmtjmu1reYxeVQSMPcBhCtowbEvqZ8fy9tk4Y32:12000000000000000000:OKDOT:OKMYTH
15DhLbQrp7uLeNtU1Lo4mYzp2K5HgqL7vjmhS59Tx5i25uUu:12000000000000000000:OKDOT:OKMYTH
123yEQn5txKdxAMzv4stKpj1fKs5BDaNs1rWNKaFLUGJoJes:12000000000000000000:OKDOT:OKMYTH
1kMZPpzD8j5NgoP9qWpdURi8Nq1iazdxFQ8k5dG1SnpEBQY:12000000000000000000:OKDOT:OKMYTH
16DsRNd3RiksyqtHP4v7bVwmNtdaEjSvBcdCyAmTFdXVVCy6:12000000000000000000:OKDOT:OKMYTH
12fzSB6rDhAbQhoDNAjoWWapUYjqHf66LgCr7PaFi7XbnJY3:12000000000000000000:OKDOT:OKMYTH
14kQCHdbK9rPwu6rYkU6eqjysiK8yGiNcD6GPgCUwVgQmtBX:12000000000000000000:OKDOT:OKMYTH
14B7vrHzUyn3tkjGRJgi2dL5w7aTJWHdJxgRu1fud6ZVMy7F:12000000000000000000:OKDOT:OKMYTH
14DNpoWAJsFEBFrYeBNbdxkffCTqwM33fd9YMhReNpLvUDxH:12000000000000000000:OKDOT:OKMYTH
15azeyjhenK1ZF8aGWdZGsM62tUyMsfqE8vA534rUtBvJXqn:12000000000000000000:OKDOT:OKMYTH
1XXbH2DHZv9A18jonbGrpZeX9JD9t486rHziQEJvCxi35aX:12000000000000000000:OKDOT:OKMYTH
12mJyvcfskSPZBWwc12bpwevbHdPc8H1T4j9xk3Zhg1QZf5p:12000000000000000000:OKDOT:OKMYTH
12QS72egGrgoRCr1HcYQPYHB3GkgLrkPzqRr7CHu2w9H1eCy:12000000000000000000:OKDOT:OKMYTH
15Hv8irwFfNBZD4juQgMrwnTGG5rKxDrVf5HvYvgGTaCwDFs:12000000000000000000:OKDOT:OKMYTH
1VJw9sv4RWZKYVxeJe6oepWZYKUaNPVLxDWQ3KwnFKtmtWd:12000000000000000000:OKDOT:OKMYTH
12PKDxLTrs9EsfhnDd3ZBAZTCfnryiXj3PG2M71WxfgEW9Gt:12000000000000000000:OKDOT:OKMYTH
12szxL2Q4wYPacjo9RvmNPbt4yCV5QiAZUGhyRWFnnVvT1vj:12000000000000000000:OKDOT:OKMYTH
126ibdHTU2hCZ8XcTMjD9eL6XYoAGU8mkboLFGnhsW4VcZNA:12000000000000000000:OKDOT:OKMYTH
12k7ncExqtK3SyEp2bzm2HEo2bZ8SgXSDMGzBtXyp3NjLWmn:12000000000000000000:OKDOT:OKMYTH
1sndUFX4pHFgdejd9zdePQQ45dYKLYdUCZQQcnxFSoEZP1S:12000000000000000000:OKDOT:OKMYTH
14QXEW54ap57vXXz4TqdwJJpJuLvTqqeWV4Axw7yzEkJ41sH:12000000000000000000:OKDOT:OKMYTH
13MjCZXYq6KPqsvXGmMx1KCm6K81sbpr2HGF1Vk66oJ67A97:12000000000000000000:OKDOT:OKMYTH
13VGJCZxVTXwxAnwzaBw9H66xJmRnoYV82uBFeLZc93kZvnN:12000000000000000000:OKDOT:OKMYTH
13v9EFEKjYi7bWJSgsNRw5G8BEYWdmC4DmstkeX2obXwPhN:12000000000000000000:OKDOT:OKMYTH
1zrjsLULPaYKo5MLLtfik8L1K81UY3i8RMwuwGZB7mzyBb4:12000000000000000000:OKDOT:OKMYTH
14gLvpuAtTZc3NcDjdrJixqeisbnw4RWQYXe5J4a5ay1zcrq:12000000000000000000:OKDOT:OKMYTH
14QASzHvmjreSgV9isnNVCzj8CZX5CVG2SaLzF5VwCN4dXQL:12000000000000000000:OKDOT:OKMYTH
13K5HNCZpiN3LFNmtukDYLYHZ1HkbmHvkQcZdwJowLgDgxVL:12000000000000000000:OKDOT:OKMYTH
12c9gmDiafwMpN6rq3GXjp63jfMLZ1PB1jSu1iCkaWquqe1R:12000000000000000000:OKDOT:OKMYTH
14fPJGtsJWzorqcBuar4ZBovx6X8FpfoJd63mcEV7Egc6jNN:12000000000000000000:OKDOT:OKMYTH
15Bb1Ny32n93esSZ9QemECg1A6A3a8LmduHsLBkapxApGVZD:12000000000000000000:OKDOT:OKMYTH
13vdVJsVuj6uThAtudveVRB4WNKNr8WcMdiyjkZapiAnun4K:12000000000000000000:OKDOT:OKMYTH
15SohhsqVxw9eJ3qAd3WvZf71A3yuRe3vzAKJMktJnBirrKz:12000000000000000000:OKDOT:OKMYTH
1qPy3s9WpqwprQjzPJb5suD5iJuJZRky9Lt5uyYss8kwGmZ:12000000000000000000:OKDOT:OKMYTH
14yNLuuAfHYnfrrWiFCDPpHV5emwJPZUaz6YggiNNhBD46Qt:12000000000000000000:OKDOT:OKMYTH
13F18wd3Smd3wqcACTKq3aYhp8YewBCWLg9QhbGFtp8csq9R:12000000000000000000:OKDOT:OKMYTH
13kSJChCi7nWUv4WCLiCv1rJxdAxxGa5VRUMfhqatfhvCv8H:12000000000000000000:OKDOT:OKMYTH
125MWVWdtqQh94RqVmepQz5PJN3jqaowPgxQFbo6JZxJ44TE:12000000000000000000:OKDOT:OKMYTH
1cuZiH78L74bf6vUtXXQxfYBgcFtHEfQ6vSh1A8i8CtYmUq:12000000000000000000:OKDOT:OKMYTH
13Uuedq95C8Ewm75QgGf4t55TrscqfcCWRgefTM1cA6zGBy4:12000000000000000000:OKDOT:OKMYTH
14bPpwBVayDz3ety3vjdZKoUswqS7Gp5mxEjgWgGn65Edqm7:12000000000000000000:OKDOT:OKMYTH
15s9gE8zLNCeao8tQqpKH69eme19fUtwqaCYQ9u4VCSWrEm5:12000000000000000000:OKDOT:OKMYTH
12xxRUVtVKVhB7oniCzowiwChBSzwfZfNDaTYDy1nnxnVo5g:12000000000000000000:OKDOT:OKMYTH
14btDiwmPnUuwEuQxggV7t7fiY57EGCvvAbGBNrHNrR22Uc:12000000000000000000:OKDOT:OKMYTH
14fabonWEDFe3ffzg44mKaysSBVV3FREW6c2jT87tbmBRgjN:12000000000000000000:OKDOT:OKMYTH
12VRoxpUn2j32uTRA5uLjbbsdhe5xfvhuZH2MqHJRhbWoZYC:12000000000000000000:OKDOT:OKMYTH
14oCajhBPcL7EamR2NFz9nhwAUTT5r9aiTFCG8WQVR6xGf4d:12000000000000000000:OKDOT:OKMYTH
13LUNRrG19aTErSfrh5TyScmFiUJVv1tTTxFzUay1HGxm3rm:12000000000000000000:OKDOT:OKMYTH
13onvNgArGdEc1pRQRRqNC3SGP8RGhzpU6LzsKRgFfVxwQx:12000000000000000000:OKDOT:OKMYTH
12gfzK1qfNvfjgAubSERYHnPqzi32hK4SqyDUxnWDqUs3Zr9:12000000000000000000:OKDOT:OKMYTH
16jmYWBekMsJVTMc1uzSjd9LnLHckwR7uXHRyw8PMiFkfuhu:12000000000000000000:OKDOT:OKMYTH
132MDXhqi3io5NK6y8EWigM5B85mJ34rw863m3p1mADxYTdM:12000000000000000000:OKDOT:OKMYTH
123T2YUg5zEyvbMoDAJHcm8sPUWA4bUjQSQvLSCmXLPXZkEw:12000000000000000000:OKDOT:OKMYTH
12ppv21CT8dejZsZNey2vQNxcy3P3Jvk636eomL926qs2iXw:12000000000000000000:OKDOT:OKMYTH
15dAB63M1LPDkwE4Q2hWrRF1aiiRgna14GQj6kWGSeitjC7z:12000000000000000000:OKDOT:OKMYTH
12KYqXTfSUpipGuWDPAfvmSx7efuoZfkY8rTmgDEhxjakFtR:12000000000000000000:OKDOT:OKMYTH
143jq8zQ6G2ZBpSLz9gBAMSbnqXhYwQSmajpVFXFKjBqaZPs:12000000000000000000:OKDOT:OKMYTH
15hFSGR3gDqD3GGgrADuTAmLp5mjXTBT7EFkYAe2x9P3ejyd:12000000000000000000:OKDOT:OKMYTH
13T5gXCHpNh181ewLoegG8VkwwaM5zY5mLusTagStkBvyDWw:12000000000000000000:OKDOT:OKMYTH
14sAJw4CeMqfwB8iCngBprkp4bvepexSFGgg4NS7Qp4MKVfX:12000000000000000000:OKDOT:OKMYTH
14HrvSm3qahP2wUvaAcGGYnWnsFTFyfp3RW7ems7kCukcdyQ:12000000000000000000:OKDOT:OKMYTH
14WMtc5zBWFuv9RuJQdSkEZdztwjhCTrgsqSNSRkvU3nMeBq:12000000000000000000:OKDOT:OKMYTH
16Y7yhdFc7tS4k56CJiutL3qzHRNzXNxE8QjKu4seLQnw8Ge:12000000000000000000:OKDOT:OKMYTH
146zmuuaSiyUnm4joq8TzqQQtia7qyvRhedybWyNuhZdZYoF:12000000000000000000:OKDOT:OKMYTH
15phnCHhqSKz8eh47QP3R1rakgVGjgJTSugTNx6dNtueVk6w:12000000000000000000:OKDOT:OKMYTH
12CbXVSxMcRJnZV5Qe9J6JYivdM4TGR3PMXH1Td1s7PhRoy6:12000000000000000000:OKDOT:OKMYTH
138xaapCfvCmXEEQ3wkbnnXy2NcjxddbvzJR4SdVjsRH11NP:12000000000000000000:OKDOT:OKMYTH
125QFBAijAbRYGtu7gcfTXgh25vPg3sZyW8vk6kxBgqNWFxU:12000000000000000000:OKDOT:OKMYTH
13n52GAxtCoRefoSGED5LZbuzANAkNS9AMTHeHD6NebZ9bfN:12000000000000000000:OKDOT:OKMYTH
13hGsGQH7HrJDgvKAWkSAsEMb6CYb6YRNPjyjUzwSShhdhjP:12000000000000000000:OKDOT:OKMYTH
15YWzLbGiYBfTt1Mqv69Ehj2EhMwYEkDhj9XX6aCPpjdVgj4:12000000000000000000:OKDOT:OKMYTH
149WjzX8F7HQ3kUTk2ExPbYzQcWU4GwV33bTwHS9T2ULYKHN:12000000000000000000:OKDOT:OKMYTH
13NCLd3foNpsv1huPDzvvfyKh37NEEkGFotZnP52CTR98YFJ:236000000000000000000:OKDOT:OKMYTH
