1541JME1A6PNeLJWwhvjHJgWqRMSiYnL9vprEzKAnio3KSQo:12000000000000000000:OKDOT:OKMYTH
14ggT6JQDKifVd1H9TJ68KQ25XT4JZP16B1iZNjn5togUfQb:12000000000000000000:OKDOT:OKMYTH
15tnrRMiwxwCdsMAAgaKsAaxNC4n4AWy5MF6mmRA1f8Cfmv:12000000000000000000:OKDOT:OKMYTH
13JVpqXrDHZkg57SJCj7NKcgtjLjjYZXNprAUow5N8xSsPzN:12000000000000000000:OKDOT:OKMYTH
1DzDuCuPcBEAsGZx2pGE5DAX6h6xmGeqUnMomLTfTC3dg2q:12000000000000000000:OKDOT:OKMYTH
16CghJbtxX7u1QjDHhvAkE2E5iZ2xwR1G1s38pFMPiDGJdKS:12000000000000000000:OKDOT:OKMYTH
131tiEmwmpG2eJG1e7ddc5nzakM87SWtZ4yy6EXVt7ZHRAoE:12000000000000000000:OKDOT:OKMYTH
14DRgf3Ncj3ZBJ6BuwxK973Q6Kcq6WuqmESze9G4Zc7gXhLn:12000000000000000000:OKDOT:OKMYTH
145Sw8G3B9byToc2vtcbgtecEBuTfa2dmioGRcjoAxmYNBKQ:12000000000000000000:OKDOT:OKMYTH
13ttfuTYsYXqvV5JYwTT41p3pQ6DvUEZmA6XBXUJF4xTUiBy:12000000000000000000:OKDOT:OKMYTH
13VfGzg6wYA8en98XnW33wdANYfbpbdMvTmjyUpvXFFnJ1fe:12000000000000000000:OKDOT:OKMYTH
12uLNseXgbkyhVcvVePAREsy7NfuB1cLQ9ptCoZkDo3e5VN3:12000000000000000000:OKDOT:OKMYTH
14jaWudWiMGrHqnCvQuNPqgG6Cd4Y3MWpgZjcuv5169CQQmj:12000000000000000000:OKDOT:OKMYTH
14B7QL7Gwaw7LVGLQgixNButc7U6mezm5YXnJ1uiQpZFBxPm:12000000000000000000:OKDOT:OKMYTH
16Xh7W6oh2Q1qxnYmhi2T16oVaiQYHiGvACFHNb6bA8GAdGM:12000000000000000000:OKDOT:OKMYTH
16ev5kFHhmw7s3tUeGr2awexXFUh2mdVf3f2FyeASHTJeafr:12000000000000000000:OKDOT:OKMYTH
15rnQkm32rCzuFMXcsvGf6U4cs6dxFzMTGMGBErc4CZaEHfN:12000000000000000000:OKDOT:OKMYTH
12DGCmw67n1sSLtN25GGCGusLhmyKrA6835obzQJ5mYothEy:12000000000000000000:OKDOT:OKMYTH
12SapoRyY9Q9Y7Zo7XEGQ6UjZKHm4rH9hH1po1xbf2L9qvds:12000000000000000000:OKDOT:OKMYTH
1yPX2CqcDj5afnz2b6dYAyndCwCt7JE5dH62C4oJprcZhKo:12000000000000000000:OKDOT:OKMYTH
14koX2AYD4EUE2129NnNpe84kMEtSYEk12Lq4YEWCZwWJrSU:12000000000000000000:OKDOT:OKMYTH
15Nn7XFQdpX1MFSsNA73zEe2qkP5U5hXtgZ1U8LWs7H72WL:12000000000000000000:OKDOT:OKMYTH
1peswh9mDVsk84aCL2c3gsjCK3XfrPxQ4sh1rbQFMWToEeE:12000000000000000000:OKDOT:OKMYTH
16ZJZaCcQBWnfqd3uKa2Fx8rVmPHBYsiNrQ3z6dcX4mwni3G:12000000000000000000:OKDOT:OKMYTH
123F2CCf8WxWQoQ2cVwve74rFMDFfKnxz3WRtaGM3SZFEGLd:12000000000000000000:OKDOT:OKMYTH
16fRExJztwpRcKVXB6sruvK6YyZ8vfMt2CV2SEYv5uNPKLJZ:12000000000000000000:OKDOT:OKMYTH
1P4FKRwBujFgCMLwSfvudjkf34tXymQyMRgfHz4UkzJp942:12000000000000000000:OKDOT:OKMYTH
15Y26cNCkbZqxJHKH6ugXAaAmWNWsbiZ36NTSH87BLVPaQnq:12000000000000000000:OKDOT:OKMYTH
16iph6uLUwjguQBicPsvDXu9K12GFbFNK3fZG8gxhTXjQzUU:12000000000000000000:OKDOT:OKMYTH
13PKgza42VKdu75ZNyrGZ4A7sUF8Y1HrizrKojCsGejHoLRc:12000000000000000000:OKDOT:OKMYTH
13j7Tc5t7jsxDT6qPLp8geBBgJ8K2PoK9iR5P2AeWJLrgwyT:12000000000000000000:OKDOT:OKMYTH
1486jy4DfiJXd2hqZRAWWZY3uuz2TfqNfHA5Myt8fs3n9WMb:12000000000000000000:OKDOT:OKMYTH
13rDMpfWjqTTLo33A4VJMSYyLP2XME8i44yfasAgAg9hZbQH:12000000000000000000:OKDOT:OKMYTH
1245nHKG72FQzGchXNzqSEv2GZn4JcNrw1QXRiU5WidhUFCc:12000000000000000000:OKDOT:OKMYTH
15M511pu2n9bpBDksJJbF8nkXEo3dBpUuEA4AjZnxyPjnhaB:12000000000000000000:OKDOT:OKMYTH
16C6688cPEP44BqJFT2titrmVFKubRA4a4Z5rg4B5h46BZrk:12000000000000000000:OKDOT:OKMYTH
13Gi6piVQyWwdZUWZDmYXPuEAXiq8LzZ41p29iCEjxd1Svjj:12000000000000000000:OKDOT:OKMYTH
144K6KYih5piYDb5sk8tvYgXXtBwpQ3CjKMtTBkQZnsVMPhG:12000000000000000000:OKDOT:OKMYTH
17o7zGJWhLXr85EmH9Ruhc8gaVxHMK7RHyRGY5GRFVA1Wmn:12000000000000000000:OKDOT:OKMYTH
157uwJBz2FYjQMkgrKW7DQc4LdkpsS7k9ZxXUmPwGb6zYPmZ:12000000000000000000:OKDOT:OKMYTH
1xUMXpxRJKrg6uVcivYYSaegFmofzofc5wq1ve5TD6Lrdw1:12000000000000000000:OKDOT:OKMYTH
12Gf2HfVozyiT7W39gkNz6oLuQH29mDSoYKg7KTcFmzXSbjD:12000000000000000000:OKDOT:OKMYTH
144JCYgAJ1ovhDCinrvKMg5zCSQM58MJzxpjonWgF5jpoAT1:12000000000000000000:OKDOT:OKMYTH
12rCroEaBxHGgckqQZyXr6w2G993WprgvpyPxhxe4qtTW7XY:12000000000000000000:OKDOT:OKMYTH
13sVtet8FDjNthMBgt8FW4Uh4QdtabeGwRvH85UfekPktaDE:12000000000000000000:OKDOT:OKMYTH
1466QHaHVvvBQr1TTJwJJxphg3M2tKmVggKiFwSr35oog1sW:12000000000000000000:OKDOT:OKMYTH
12veXGzGGX3Sn5ddShPwoCiKZijuVc1rZvauqMcQt4Co27qv:12000000000000000000:OKDOT:OKMYTH
1D8H216Kf7UW1cmbB3eK9nEUUzEcRPp4pfsx6nHv7VifvRQ:12000000000000000000:OKDOT:OKMYTH
15hEU9LFPfqwSp2erp266ATzq9k7zjd8z7syoTNYjXdz8NQW:12000000000000000000:OKDOT:OKMYTH
14C6Vv9t5XtrMFyJCFG5eJBMDszuMW7hdXNUZYaunemiHkiK:12000000000000000000:OKDOT:OKMYTH
15PvX7RMYdUk6xoCaH77NLzmyshWtXHz4PWZ4wgMTqeDPuDb:12000000000000000000:OKDOT:OKMYTH
165caaZLYKaVhhYFqTarDW68KBadkzyKRbPRb4mmHWs1yp4T:12000000000000000000:OKDOT:OKMYTH
1bySR7oF4UTzg6s1fwLdWDAYmJTSK85U2nm8hyWfum1hnY4:12000000000000000000:OKDOT:OKMYTH
16NoeprAGNYL9aEAyHmGgHotM4S5H35sT7ziSnAvc7rrDifX:12000000000000000000:OKDOT:OKMYTH
13w1EnWLVqupdjMbesobWjKkchp2ucVjdcEN7Br7KysEbtjW:12000000000000000000:OKDOT:OKMYTH
133qdrJWmzFj1qcUar26Y8oFxasyFsecY1QYJ2PRv4JB3LNa:12000000000000000000:OKDOT:OKMYTH
13DxxVfvBbJ5jeYnhm3Z8mM7CT91zFKUHksVYKD51NAPCrzW:12000000000000000000:OKDOT:OKMYTH
12xuopV48YiAPKPgchcNB6KeVNkLMtWcWrDfoRhdUeLLKqy4:12000000000000000000:OKDOT:OKMYTH
13X4XbWafSdW8zhS4MmeGGAUfymupGP1oX2Eoe9PHQyto24w:12000000000000000000:OKDOT:OKMYTH
13qftr44W5o3WsupjJ6PSzKwwbfdLxLSZupDY2J31k1YPQYC:12000000000000000000:OKDOT:OKMYTH
1CU26ceHebAYnUPhBT6RQF29zPkwKjtMMg8WvLi5FjQyuyw:12000000000000000000:OKDOT:OKMYTH
14sorxehzGu1JNFpe86sVeRm9EML5jiB7MV2d6W22j7DLWTR:12000000000000000000:OKDOT:OKMYTH
13ibuXvGpmcejh5hEHC3oJo6fsybLJhrrTHs1YgyoyQKdB5X:12000000000000000000:OKDOT:OKMYTH
15jWBKm7rY21HYQhZEemS5M2zkBbk5XbJfMHAzCfXKP7tZJS:12000000000000000000:OKDOT:OKMYTH
121LqELGkGoUeTw1P1yZpHpz9x6sMGhiWMrrTatZE1h6gBwe:12000000000000000000:OKDOT:OKMYTH
12oS9K36QWhRcLUcv6kkBE2ZLFBdjAS3ZjeWPvZa5QvrMX9j:12000000000000000000:OKDOT:OKMYTH
141tp5fiABh7pQNb4qXndyUNq6KT4CeKggDjBWY3f7PoktcV:12000000000000000000:OKDOT:OKMYTH
16VhxRcuerU7QVkCcQv4JZL255gcJY885HkBQTYzbjc37gXv:12000000000000000000:OKDOT:OKMYTH
139aNdcQzKjmsVbSURskYDRMqFxK5emtt7APUeJRhKSks3tg:12000000000000000000:OKDOT:OKMYTH
14ZBMrtRxnqTaoThhKhsnxkm43tvJLZ3cCbqR3bMqQpcBmmo:12000000000000000000:OKDOT:OKMYTH
13NZy8wuW8actRvBXiavSfm13i9TgfSiPdZtgQaFKJgHM3Tp:12000000000000000000:OKDOT:OKMYTH
14Y3pst8mEvbJB3i8jk64mRKSqC4XbkNstLZ2h85XUS8eSRu:12000000000000000000:OKDOT:OKMYTH
16bcCZmfyvHxoDZvznkYpy88NLfgzXVAPYcp16v19etTxQKZ:12000000000000000000:OKDOT:OKMYTH
1U7ABjzqcrfH19W2gjwK5XCrqYTxAxkZdQk3rs6gtEbXN6n:12000000000000000000:OKDOT:OKMYTH
15V4oTFXGk6qjd6NKHAiphDor1AvDnjfqHttHRtQM1dyuXxj:12000000000000000000:OKDOT:OKMYTH
16kTsALYsa8DYWoJWBA4R6RkHG6p8yeB26XHsWR1MYpbZoNU:12000000000000000000:OKDOT:OKMYTH
13UBnX1UwH43fWBqf9iPFP2KTWymmp9EPtXzdR4BxQ2PFooZ:12000000000000000000:OKDOT:OKMYTH
15siKmd6D4AXqmMejLRJHPQYsnJjb5ZwHeTVfCDyqwvCoYYj:12000000000000000000:OKDOT:OKMYTH
1xF4qL5ELNQZY6yLsBYAjF3kyVqwitNSiXmtjJbvJaFTrpd:12000000000000000000:OKDOT:OKMYTH
13ZnfiVvoij2waRJ899y2PoQ5YaB3VUZWi7nAMNfs1pA6Nuz:12000000000000000000:OKDOT:OKMYTH
135LJ5eQTZAiWWAEETiR3MbKriMWfVYXt7xVo9RaHsAgNyjj:12000000000000000000:OKDOT:OKMYTH
1fNMS5rxLrZ8BHoLxVYJ4ZNhJGhHu9ZCTqSF6gAHScygUHq:12000000000000000000:OKDOT:OKMYTH
13SCfX2YcetxP3gKfzsLaE3aJPTsVS1MSbxf9SYYZZ6RTCSt:12000000000000000000:OKDOT:OKMYTH
13a5fgDofmRFw5uVif9bhzyLgLNGCjJXq12fJZjTWqaZVDMZ:12000000000000000000:OKDOT:OKMYTH
134S75Rv5ApyBubfKMnhmBBneXgT5rkWMf1q8JeJJUsF8XL3:12000000000000000000:OKDOT:OKMYTH
14KQK67Qzw2S9CCUVK3fr2pGQx5Ec5Y8CWDPtjryhMpyqtgS:12000000000000000000:OKDOT:OKMYTH
13pwMnUBfDwbUueHAivRHaPu91nysuUdzsWaqm8iALwTryjE:12000000000000000000:OKDOT:OKMYTH
1L3JZ7hfnw83hWxrCeBw87RmmQXwftzFfyiTjNrzdSHQqxv:12000000000000000000:OKDOT:OKMYTH
143y6Ahr9oRFyquTZtskipX91A2RmCZ86SUr8oMhZz3Afe7e:12000000000000000000:OKDOT:OKMYTH
1jbSwB2EfSpj4kk26tTtswad2oUnUptkPA9WA1baFH3aw2K:12000000000000000000:OKDOT:OKMYTH
1g4tVBt8DkDSjNL7buFfxpMDrRezjuj5iSvppoDP5hLjkpU:12000000000000000000:OKDOT:OKMYTH
14bcfDW6rpGRtsgb4XpKPp9Qfxw2UBdNyfPZMT8rWm3djKWq:12000000000000000000:OKDOT:OKMYTH
128TD3t37jyFABZNzGzjdi7xX619YG7nEVgMN7vcmZXFCQ7g:12000000000000000000:OKDOT:OKMYTH
12BkgBStCkbT6o4RyuMXk1nGsJ2D2bT8ECGt77C1UKnnGqrv:12000000000000000000:OKDOT:OKMYTH
1427sZUeStq85VBUv9UL2kFtcqAWyLLcc1UwmiQLj33cxxFf:12000000000000000000:OKDOT:OKMYTH
13GGHXUHgMXRTLuv5inJmgv4mYGUrZrUuzXXW5pExuwtmqdY:12000000000000000000:OKDOT:OKMYTH
16586UGbiXLms4NamJfaZDDFW6ZZ3PhEZFcdMGtnk9ScT9zH:12000000000000000000:OKDOT:OKMYTH
16cF9kUpXs87JotBc4UjSMng7A4fh31AfZHiuPBi6CF65ZVk:12000000000000000000:OKDOT:OKMYTH
14YmxsdD6GBGorjT5UT386UhohiESCLjo6pfindwwB4PuzWd:12000000000000000000:OKDOT:OKMYTH
1yG929z83Gw4teJrzB1sL2ekJ2N2eneWspuK6G1M3bpacRc:12000000000000000000:OKDOT:OKMYTH
14ihLjFMwjqDqzAYu8ojwq6KUL7hADwbWr5Kpyoie9JaQDAo:12000000000000000000:OKDOT:OKMYTH
16kSxTwfCjGiN2mcUTsDcrqivV33tDcu9TVzYsUrXucLFtsQ:12000000000000000000:OKDOT:OKMYTH
153LvZLTxCTRhazarxyQgsAJ8Ttc6fvCEninGAf2DZFnBVvo:12000000000000000000:OKDOT:OKMYTH
16h82Pk6DzYGea5yDpSENHhApqznik8u6dYjB5GvWTNTdXdN:12000000000000000000:OKDOT:OKMYTH
1NSBjUgV4qZoiAM8TcdrJLsT634QcHbkyH1Py3XYamyz1Sk:12000000000000000000:OKDOT:OKMYTH
13oqTAFw5qcWnyDrn5KRsEpnfNiTJmGSoWvBVWiGXQaF4BjF:12000000000000000000:OKDOT:OKMYTH
15qjPKYYqDTWqP1kV7w2Akbm2VfJTp5XryBjrP4jQJuemKLA:12000000000000000000:OKDOT:OKMYTH
16aQwcH3kASLtodcPgoTmBhk7XShhmkzJoFHWH1kzfdGKiqU:12000000000000000000:OKDOT:OKMYTH
11FeuoyLghUNTfrj23ba8H1tBsjUoYiosE85ryAeQuk9hDS:12000000000000000000:OKDOT:OKMYTH
14wb4YBU3TMXpeELNWbGjbtRkuMVdB3XdDyYVHsAv8GZ6eFX:12000000000000000000:OKDOT:OKMYTH
14RmGji3Gaa2WBHKKnpcdL3rDx6Y6e4mxt7aYxsPHpqRzhtE:12000000000000000000:OKDOT:OKMYTH
14WUupV2uy75J2WQLXJVpQRFEvuWqa94FHFhcgW6o2fCqvDT:12000000000000000000:OKDOT:OKMYTH
1VcaT2T7miktapDFwQfYfTyLgP3Hh2zakr4FXyoX995aCbP:12000000000000000000:OKDOT:OKMYTH
12keafd9iS4BKfnmNPXpXV9hMBAD7eqZyaSDrTGe3wXTqkCP:12000000000000000000:OKDOT:OKMYTH
16Fjgfu23Wd3753ZaULK5uhtpSV4ouWeMcEgCnkK88d5Pnv5:12000000000000000000:OKDOT:OKMYTH
15DxigBDDm12UVQFm2bqUaAqTTHXPYWxv6H9DSXwruAEDYAk:12000000000000000000:OKDOT:OKMYTH
1qpxjGuCMGhEvrwBmN5s5EBueW6SpimpTgHBd2VNEfk1t4V:12000000000000000000:OKDOT:OKMYTH
152QkuiJBgaxkJYfageRbAj6V98NFPDoF4Mf4wDz6PDxAzJs:12000000000000000000:OKDOT:OKMYTH
13f3VfEResh76DCGk19xAz1aBfXFB2bm4WBnxmyjo7My4hEr:12000000000000000000:OKDOT:OKMYTH
14rz2BAfnU2poGS1ERK1KXNccyzwku3vQwQiEfbAtcwUTSg2:12000000000000000000:OKDOT:OKMYTH
15byeFgWa8cMtpY6NEiYxw95BfFffXoDAmahqVZsiBCFuoRP:12000000000000000000:OKDOT:OKMYTH
14APVEJ6Ch9U7ssuHBHG6eT8jz7ueynUZWrKz4SSYU4Gxwo3:12000000000000000000:OKDOT:OKMYTH
13wFWsmWBVW8qEVyxwWWssvwsAPE1eiwU8mQKuifTsF5nm17:12000000000000000000:OKDOT:OKMYTH
12xD52GAQFvDtvooGu2pFaHYeWC373qFa5WGKmxEA7tXjXBD:12000000000000000000:OKDOT:OKMYTH
12nssFmorqFJxCdwXMo5dD3pus5EGiAWWHwWJzmBGpoFDg9q:12000000000000000000:OKDOT:OKMYTH
12wxbP4t6ad3goU7UqsR1kDMKLXahY4tKYPQ4ErPsiVALS1r:12000000000000000000:OKDOT:OKMYTH
137VvKCjwNKKykvJMhf7umRL9qQ1ZDZY6LYtQnQLWFNpoQiM:12000000000000000000:OKDOT:OKMYTH
13Z2UeXDDW13PvkM3yguGPwRXrYFwTB7FosShu1Kp85DtvDo:12000000000000000000:OKDOT:OKMYTH
12rpy7ymCskWG4xewBiuPD7h7JjhxNkRo7oE7rB7JjXwpybY:12000000000000000000:OKDOT:OKMYTH
16TkgK67iZgKG2UzyV2td5NWyjCdqpg7tTakvSyJoGXsY5Nf:12000000000000000000:OKDOT:OKMYTH
12fESAm2fb6MZnBs9EsMd2X9gARjuh77gzVc97EDXbFMtmoK:12000000000000000000:OKDOT:OKMYTH
15BzVbQqbbvXfRf28gSXBF1sxbBFMk3z7bm9gpvQYvJSpkDU:12000000000000000000:OKDOT:OKMYTH
12FYGpra4nzAqhHcfieC6en8fiPwjqGY19Fao7VGQQE9NRLN:12000000000000000000:OKDOT:OKMYTH
155apwgm819qLrXQAKfApAf6GPTgXhjhBuTLfktuaCoFG38x:12000000000000000000:OKDOT:OKMYTH
15sjNokGDc3xBcEg4uuhneDAnUPipwWFhM29DRyGwVyu6WsE:12000000000000000000:OKDOT:OKMYTH
14MgWNZhLAgk5rixNbiXNUZgjiBAbJSevMtE1QARM95JRFft:12000000000000000000:OKDOT:OKMYTH
134C4CktposDV3XRFuESvJy9QRoy7xmAc3dhtYXdvbK8L75J:12000000000000000000:OKDOT:OKMYTH
14Z9jXBHhYUPFeZUauMPH5JvVDo9sirPkh82UgzjSEPvwKAQ:12000000000000000000:OKDOT:OKMYTH
16m6L5JgQHZ5Fi8ocGvY8jaRxXFPLsp91R9qspr6Zei73WBk:12000000000000000000:OKDOT:OKMYTH
15u2H9jP5ofBx1Y9AiNP1bhz6y9nYKcuMfUqdpjgw2MUz5cF:12000000000000000000:OKDOT:OKMYTH
12QBcg6UyFrBJENjCLQeZK2cnNDnoiTMAmkwfyCFjK2N6Cvn:12000000000000000000:OKDOT:OKMYTH
14dCTmddtQNL8wCQRznuVn6BAufMHETEfzxX8F22yERJTKzM:12000000000000000000:OKDOT:OKMYTH
15kYiUJJwCMHjmVJjvTNDzdmyozbmt46d1nQsZonVSoFiUD9:12000000000000000000:OKDOT:OKMYTH
13oPHXv1vkkV5oTZ1bh7hvWUK3tjTaeNyaWuqkvRMv5psCbe:12000000000000000000:OKDOT:OKMYTH
14wGFeVAkY8x6eD7wgiVwXYzLDvo2kH2ajFQYijBK4HugHdy:12000000000000000000:OKDOT:OKMYTH
15oWqdQcdRamDQxJ7kDBWfb8fQwe6R9ZjNJvpEVd5GyYeYrC:12000000000000000000:OKDOT:OKMYTH
14oPir7DvrzsgmchPrk9ZBFcMKPcnKndZJuxsHDAmWtaZo3T:12000000000000000000:OKDOT:OKMYTH
1TSgYT856waBUtxc32YPbVJjFNK1BBJ43YbeGBJZnugmXRc:12000000000000000000:OKDOT:OKMYTH
12AwLvDjcMdTb5LmXkyBcZyNgWxDykKNJBg3aatXtNnX8F68:12000000000000000000:OKDOT:OKMYTH
13p5JyjiUVZ2B5AFYFisH2sU3NqiNtNHFV6bQBZnKEayp5hM:12000000000000000000:OKDOT:OKMYTH
13MuZxEgS77Mnr4rCXV4mXSNTApjfR5Z4t1N4iPWouHmyuto:12000000000000000000:OKDOT:OKMYTH
12c6dTWDexa3rCuVBeNd7DHaCVCA6JVLNm2Y5V5Zh66yjhtz:12000000000000000000:OKDOT:OKMYTH
16iVop6Bv1ykDDtEBuJbYdP6HcNA1j9ngjX9c2wSzJKaRWz:12000000000000000000:OKDOT:OKMYTH
1GkfoMjLUHBY9uKCybEvYtWu6WBRzjEZewUKgPgp291t5Cz:12000000000000000000:OKDOT:OKMYTH
16nScBv6Uc6qSLUaAUBXNVx5bTCM8GzCSqPF9nZ78fFaSYhy:12000000000000000000:OKDOT:OKMYTH
14m7NhMNh5PKRhABgpWnKv4zPoxL7Sw6MrSh75Jy7pvYJ25r:12000000000000000000:OKDOT:OKMYTH
13BfUw432yqeNzyRmzRVeyLY4YMaMXfvTt8KkbrKnGstmFWg:12000000000000000000:OKDOT:OKMYTH
15MV97TprBJNbMiKDnacNa1y66J3kcWGiVrRoBjBbB1EkdB2:12000000000000000000:OKDOT:OKMYTH
15vECzg8Tr1v8su4XVjMVLbfqEvFtY76h3DUeYM1WbEJzh9q:12000000000000000000:OKDOT:OKMYTH
13oK7uh8M9vP6Qf9MiBtkJdjQZXvCepBbEBZi3j5hsgWxzNQ:12000000000000000000:OKDOT:OKMYTH
15fhnnbLrVqvFgzBWaa8NiDyXwhzAsMYZ8GC9yfK3S1dh35H:12000000000000000000:OKDOT:OKMYTH
15HG4kZkmbRKg5Kh5rN9fb1DvzD1iuqi4YqhLPdEWUenQooh:12000000000000000000:OKDOT:OKMYTH
15TvJ2Z6E5Rxayut6S27hif9Lbf3ALSrs6MAjGWy685L6D9L:12000000000000000000:OKDOT:OKMYTH
15pxfGM3BdkhD4fratPqXXSWWSJQXEH1xte8i6mTqiQUhKUg:12000000000000000000:OKDOT:OKMYTH
12NQnAEqi4q3rRFPN8x7jkGcLg5bLuheLv3LAZE45Qpuioj7:12000000000000000000:OKDOT:OKMYTH
15uyQND6akugdndzVhVrG8vSNYSBpMVVkMxKpNMmCP6MWKSU:12000000000000000000:OKDOT:OKMYTH
12jtPn4v3MkSSv3DaxKAznAK3UrmbGAPnXGCNtA367gBpBA6:12000000000000000000:OKDOT:OKMYTH
12YfkseM1zY7HhKJUoVYMhFrD2UEpQEZYEZ2ipgUVUNH57sq:12000000000000000000:OKDOT:OKMYTH
13FshsNkUdudgNMkSkyXLBjzzJtF4HqVSzaZyeF2W4RMMdwc:12000000000000000000:OKDOT:OKMYTH
16dntbHetw3SAnQziuhSuHht7xeY1esc4NXBY3rC2nNgfbZV:12000000000000000000:OKDOT:OKMYTH
1oZp4HVC39zZXjkmFGrCctxFJQN2HQnuD9kdUMsPmFAiTn8:12000000000000000000:OKDOT:OKMYTH
1uSxdhV4dQQMtsAswtceToMQj7Rs3nBQ3ddonmTi7x88Zjy:12000000000000000000:OKDOT:OKMYTH
14vQ7y9E3hM7tvBebkjbuAPgaSfpayGEkvcWtMSueFe3E48F:12000000000000000000:OKDOT:OKMYTH
16JwFp7UBknURF1uByoAurv1o2fFwkxyUdmYYxkYorMXyZaN:12000000000000000000:OKDOT:OKMYTH
15K11mLE8mYUm9uEJ87eft94RRdWUW9vyNmjtyqSba3hdQip:12000000000000000000:OKDOT:OKMYTH
123icxghvDeSMuv2jJqgGbU3ChYuvoVcoPq2mfnE2b8fRggF:12000000000000000000:OKDOT:OKMYTH
14fzTgtbMApQR8cEpnwAFtMcTaSA5VEV1tkWZiGAJ59GX7ED:12000000000000000000:OKDOT:OKMYTH
12wrcinticcgbsNQUvzKFzxFSqKp4C35N75XxAkyvPHGjJQX:12000000000000000000:OKDOT:OKMYTH
14Ar5x6L1R5jmL5fPYkCdbcRAtQfW4uWSyo2aB8UkQWLGDYs:12000000000000000000:OKDOT:OKMYTH
15UqfWkVxwqMrCd1G3Dj4ofaePwBuDkiEyc1fsB2d1ro5SLm:12000000000000000000:OKDOT:OKMYTH
15BNACghkNpGR8Hr58VVu25rCu569GqChXphuECpJvasKWnU:12000000000000000000:OKDOT:OKMYTH
12QrrB7x7wXF5TDEfmom7gWMXP7U36A8pT3JYnBPmKcfnr9V:12000000000000000000:OKDOT:OKMYTH
13zZ86EoVpj4LvXRzw6Xm67sWGxmtnuWmUjDh4F1oqiYJUeK:12000000000000000000:OKDOT:OKMYTH
1KNYcvBM8WjhkUAyG8xeG2WUNvzQ1rYqX415spqoLyBP3Y6:12000000000000000000:OKDOT:OKMYTH
15tXGFSJVDrH5DT9U6sMj9rZA7V5GCrNzwXAPWpmZ1WYZYHR:12000000000000000000:OKDOT:OKMYTH
14S3u6duwP5irKhuVytwd1jCojTcGGCtd1nLQDtwG6MnGLCe:12000000000000000000:OKDOT:OKMYTH
12t7csUPu8oXvrEEqDP4NijJJDR72HZcJ1V2V5AkN1j4VEsQ:12000000000000000000:OKDOT:OKMYTH
14edWam1wC6it2xtCavkm8Wf89H45o5e1MEXyyv7iLBgQ2ue:12000000000000000000:OKDOT:OKMYTH
121JjA4QRuu7RdcJzXkZbiecKNdC4ch2D7ciJVCzFdPVrwi2:12000000000000000000:OKDOT:OKMYTH
13SVhr5oxs4h79v2isPXQPphtFBcCcdNJ5ZeEYaZtAqEL7Rt:12000000000000000000:OKDOT:OKMYTH
13cv5vHFz4vy16shUe3v4LAnro3iLM3EoTNRnRdgTKQCAgju:12000000000000000000:OKDOT:OKMYTH
16HxAdeMM1Hh4ScNKso5yp9odb5rzjQMpD3rJMC9DHUTibvt:12000000000000000000:OKDOT:OKMYTH
13AwTV8cpnycSCHgAQUWyXZ1EXRLavzKgoUnpcC3ZSucDaqE:12000000000000000000:OKDOT:OKMYTH
13dQdEp8g2g5a3agp5UySFbLnrkLh4N7HCRRrRM2LJ6aEnwA:12000000000000000000:OKDOT:OKMYTH
15xj5Xhay4NadW4spntwawqV1tWqkZVe38u8M8SKFxrJskQu:12000000000000000000:OKDOT:OKMYTH
15BRRdRtsvJxkD8z6cJT3XzF6i2YtfkAkDV7bKKNL4Nys7aC:12000000000000000000:OKDOT:OKMYTH
16753eNnt7cqZP49AJAzHZip1zrUZv1UtrSZtkfw5u8sMkER:12000000000000000000:OKDOT:OKMYTH
1sdN2MbG81F4wA59g6Dgcighp5baY2X6gekccT1nNzsPD7u:12000000000000000000:OKDOT:OKMYTH
1vNqRpBmLpb2znVq8kLWW3hozVvvSJuKf8WBfZq7kkgtEYR:12000000000000000000:OKDOT:OKMYTH
131SZDBeGN5DjoPEBRZaxzxuvqvpZeh2dRyaPF5rZXJ8WtDD:12000000000000000000:OKDOT:OKMYTH
134XhQWBrQcXLzrEgqpCQwfQYvELvpPLuXFBWVHKXNvRXRFW:12000000000000000000:OKDOT:OKMYTH
12BRP8VgfVDFLKhK1c7s2LxbMYatpbDzXB8rgkDYWSjzzf1t:12000000000000000000:OKDOT:OKMYTH
1PY9wrWoUuc3gKkNtnefeNzkNeqUKhz7QFwuJTDFs2s81s5:12000000000000000000:OKDOT:OKMYTH
12wKtm52FhpcqvPPg3QD5zZdyW99FHbZcDzSDGdaAry2miZY:12000000000000000000:OKDOT:OKMYTH
14g5DKfetvZNYY2y1ZtTip1AeSaaZJXM611q2JmTnsJQJsmn:12000000000000000000:OKDOT:OKMYTH
1ZDBfr37ZoU7iPeDNd5dE66xrrhUHURB3hDmE2HeUVBFyrc:12000000000000000000:OKDOT:OKMYTH
126cVDyPQiN5vFTC2Dr3Dr4SWhpyYMDq64pAvFm4yyqSNvGT:12000000000000000000:OKDOT:OKMYTH
12RDSm68BMi1E416YAmKMCWjePA6v7pE6dvuVXq1DasbLE4Q:12000000000000000000:OKDOT:OKMYTH
15ZNTk2JWNyXK4xucAzbSWBiUsn7CduGaewPqCw4FMtp4NTE:12000000000000000000:OKDOT:OKMYTH
12JVuJ4n8Z1c9PFnFZjF9QbGpRHPFZmHKQUrCvBQAjSGrKr9:12000000000000000000:OKDOT:OKMYTH
14mLWTedrz2CqMC1K5nSFRUNvBJkpULS5d3XtRFp4ck6nzHp:12000000000000000000:OKDOT:OKMYTH
13v6AqpYVQCuNFmYg2McwzzaScHN8xhc1FZxdbUwrjWgXQxM:12000000000000000000:OKDOT:OKMYTH
15PT3rndZBHYX9XUf68Kmu7fRTtSMVZLKKwEt3vroBUGXcKc:12000000000000000000:OKDOT:OKMYTH
14fw3J4QnHK9UoEVM2spYDreQRYCapgG2yvyf8WLmTBfiw7N:12000000000000000000:OKDOT:OKMYTH
15jeqsZby96xAcJVEAFwSxXGGQ7wvtwb71jmhjscbSgsX61S:12000000000000000000:OKDOT:OKMYTH
13iXzLza2xcb247ffZ4xzkSsBxvSPHgN6DxdbSvrU4CXJcre:12000000000000000000:OKDOT:OKMYTH
15hVTXBfRh5St9q3ZzqJH3f5MoL3ZYVaVrVWvu4bd154yYri:12000000000000000000:OKDOT:OKMYTH
14uiy2CC2kEUhzFaL7XVPVfLEJWcVtHoaAwd8ihPmZZLCEMU:12000000000000000000:OKDOT:OKMYTH
14fDQfqDuntmqGn4uduNWHcYugBrKWJbKcjcwj3xK1s3b8Rh:12000000000000000000:OKDOT:OKMYTH
14Gub9tDYhqYUT7StqRjbo9KhiuSFR2rwLPJrCv1Bo77g3Li:12000000000000000000:OKDOT:OKMYTH
15GM93q8brjgxNiBg7bn51jCYqjTanMfSDk3XQNhDAiQeAqc:12000000000000000000:OKDOT:OKMYTH
14GFVG1Pr2Y7PimRobZxhePg1gHeRze1vWvhfHqyf4fN8fzV:12000000000000000000:OKDOT:OKMYTH
14QAebw6GneyMHQGPPDHfhHgxDg3YiUEsHTQRfvFgLV8KKkd:12000000000000000000:OKDOT:OKMYTH
13TEvLMtrZQqWJnQsbkRgyrMixTxAZR3cWpiriHJiZRgiwKA:12000000000000000000:OKDOT:OKMYTH
16crAFbEcABnroXbTvUduwW6cSvk7ZH8ZasyhoMB1snorYaq:12000000000000000000:OKDOT:OKMYTH
16kaeS4M3MTSNVsgbbAhZChARxtpAmbChCcnBj5kDwihRbRP:12000000000000000000:OKDOT:OKMYTH
16R3iS3AQF9YNLP9QvRmDYH6C7QUJk2L87UnFMc8kHd24SiF:12000000000000000000:OKDOT:OKMYTH
1vDMXuHYJU5JgHy6xBZshpeux6Nk5pp939ou47b4oG2eFo7:12000000000000000000:OKDOT:OKMYTH
12sAraB7Amo9fPXFjd9AKCfb3mfjfSWQqibsbgZMxUnHNNYV:12000000000000000000:OKDOT:OKMYTH
131uaKWmHZLiUtZbtAnxGgBVoF2ffn9z87qfSwjV6rBB7Ej6:12000000000000000000:OKDOT:OKMYTH
14feMHFy5S8nJynSgL5nGVYFzn73snDRDSGX41jxx58G7Uec:12000000000000000000:OKDOT:OKMYTH
14raSZmGnfbyVDUPPLNm9nwU1Js7YASKMX6fFk28cP9FUTef:12000000000000000000:OKDOT:OKMYTH
125wy6LzodtnmureFboiCYV3RDAi1fwsZoTy69HrAvU2xaqz:12000000000000000000:OKDOT:OKMYTH
13o9gHQSozMZVQ7C2ZLT3JJv68VZDG6CQdnf82zk3QkaPaPB:12000000000000000000:OKDOT:OKMYTH
15eB2pSPwVLw9CLYsVy4sLzZJN8RQfzuz3Xg7NAJzikJPj2h:12000000000000000000:OKDOT:OKMYTH
1WgHzRY4VsQTSsC5yZQsRcAGAyPgAsTf2YkZBiZp2HDHMnr:12000000000000000000:OKDOT:OKMYTH
13h3KPUS79xuyDonswk1GXBrgboTuNSsGffBqmnPfyD7Vf8v:12000000000000000000:OKDOT:OKMYTH
15GLVd59fHBWEvrZ4xotUMjeSynZLxUKYLyKC4joMky2HAeM:12000000000000000000:OKDOT:OKMYTH
12a4L9xVyQErvrn9WsL2rW34q3BqTD4Eaz48AM5heZPw3QwN:12000000000000000000:OKDOT:OKMYTH
12eC69aGn4EBUzkbwWUpp4TyBGHPM9g4JTjPuLFowFGi3Ssd:12000000000000000000:OKDOT:OKMYTH
16EYiJQJK65hYRehuwjEqpUeRBdLDb71C1P5XeZqMNzMmSUV:12000000000000000000:OKDOT:OKMYTH
14fXrNsuHJyyrSRLeQQBnFjD6a96Phi3jrpz1cVG2no5W9fj:12000000000000000000:OKDOT:OKMYTH
12HFpDFfn1rpaitcMwZPfuPLf6b9DWi3dHdmEFZfHj4rskyr:12000000000000000000:OKDOT:OKMYTH
135MZ3tgTWReC4tYXhf27QnXDVTeqeETkB3UntopCEQcp1DL:12000000000000000000:OKDOT:OKMYTH
16bWC1CErkA2ik3sTQJKjobafqtYbqJXARxGVteiwm8xbHER:12000000000000000000:OKDOT:OKMYTH
162UY34zes6BZQnfQfzXMwRKy49Y5LzJEF1wkAC7Ze2jHUpw:12000000000000000000:OKDOT:OKMYTH
14kkMpvAiWVdiGv9s4PzkNdhMJVCG25vQrLuvWhZjzdngKfU:12000000000000000000:OKDOT:OKMYTH
16haxDjAoTCxzdR2LJvACsdmNt3rWpJyFeP36bLuvyvuj4sw:12000000000000000000:OKDOT:OKMYTH
148SaiaahGTaXEFkxLefwPViJTRQ5DuDRqf5GGhh1YK5KRLc:12000000000000000000:OKDOT:OKMYTH
16PGwLtbxggGGA7QqtLDDfjDKkxFXWjsWKyYTc4NJWNP9a8J:12000000000000000000:OKDOT:OKMYTH
1zfZGDxKQGxPXuXAbJgRADmGRXDog8xgs1ubkguTMaMMXcs:12000000000000000000:OKDOT:OKMYTH
13GKEsUiNeMDDYg1srpSPkiszdHAhjnBwZJEVLFwUzCNiko:12000000000000000000:OKDOT:OKMYTH
139igPzQGofXEfHAT7xpsNiEGTiRE47TYgg1ruyVfch5HsGB:12000000000000000000:OKDOT:OKMYTH
13wTzCvrzaeMz26u4S4XWtt56XLL99VHXRaRNJD2UnFPgPEn:12000000000000000000:OKDOT:OKMYTH
12riUHhpeWWBJVPitzdCr1uVecqYidQehZUuxYNskyRcU7zG:12000000000000000000:OKDOT:OKMYTH
13KVtKc84eSC8xtgbzHmWKd13HSeiPPJ4WoZKZwojN4dduYm:12000000000000000000:OKDOT:OKMYTH
15JiZ7T3GPYnDLav6kUEDfMyoKHg3sndgoTdB4XdmvAqtiAk:12000000000000000000:OKDOT:OKMYTH
14egAtdCRKVoZPNY4wC9ByXoa8CQ3uZcqMyGQn1aUVbzoszb:12000000000000000000:OKDOT:OKMYTH
1MXPkZdqCa39Z45zw1mLEKkEY5LG4Ri3nZFUwvZCBTp3x4M:12000000000000000000:OKDOT:OKMYTH
12hBfM7m8kZf1JRKamgHuR7ng7UnbPzALaeCsmZZGzvu4PfD:12000000000000000000:OKDOT:OKMYTH
14cVwvAijou74khuG8igo4jJBYzWRBAfnL4wWEUiN4wGGqaF:12000000000000000000:OKDOT:OKMYTH
16TqcoSE8RWSD5THGYPSXAGVjAbgramtvKomXQxXonVbjTTK:12000000000000000000:OKDOT:OKMYTH
15S3fUYTgvJT7QtUeSGrhBoyJPLZDNt7MqdqqmFzwmvTx8fa:12000000000000000000:OKDOT:OKMYTH
141NhAho8Qa77FDdJo15k1w7xdViDkUpZ6hTaJmptfJRqcUJ:12000000000000000000:OKDOT:OKMYTH
15H1VQLpgc76ce41Sq3jVkxXiJU7eUrz5MQp2rxbGd7GPyTw:12000000000000000000:OKDOT:OKMYTH
14MdoYKKVM73ev2wRMT9het5eXhvduzjXZ6PDLVFhCiwN3G3:12000000000000000000:OKDOT:OKMYTH
15qJZXLtgyVSZKCKcfS3DozfcFWHfsuXmYkn1sqQRnA3zVCU:12000000000000000000:OKDOT:OKMYTH
13YVt1dpUMwKK6U6VUqs6gbgNtYzYSkdT1oJ34D2CHZdALJn:12000000000000000000:OKDOT:OKMYTH
1CXUeh5rwZPV6CqFNGpcxuFpn6B2CNuqHRCkFDranB4jikV:12000000000000000000:OKDOT:OKMYTH
13d8REhpqsAtAoxYZVjbBmq4Yyspvpo15tHdjUYpTExRPs8B:12000000000000000000:OKDOT:OKMYTH
164n8hbUs1u58hrVKu21EjY9v97q4fgvbF3k3oTiETffJ6fX:12000000000000000000:OKDOT:OKMYTH
13w85p4T8ovLZnKMjPGuuGQmkeP5HKV6FaDXx8Bf4BVvJnyD:12000000000000000000:OKDOT:OKMYTH
141SptZTqHvYGDHr2Jte2dfRL85PGvsDiQM8ic73nbCmQcRJ:12000000000000000000:OKDOT:OKMYTH
162xBbRueZzRuJhTWS6ZsKepyh3aDsgyALqhXc6MqeKBLazt:12000000000000000000:OKDOT:OKMYTH
12C8y3mpgCNBGKUEJuohB8k5MR3AqncGztitjxWKh7CHMn2F:12000000000000000000:OKDOT:OKMYTH
16mFv1FMmAqVxjA2VhVgNi5kS6w1EjcHw7Qfsv9yWkKG2vGX:12000000000000000000:OKDOT:OKMYTH
16JRLBMKovKvnNdgdUzXXkty9wu9yRwvKz2wrtHum9VyLboH:12000000000000000000:OKDOT:OKMYTH
15Q5yQeHYEyXKq1ap56tkZMZomQNr82GawYs5dBPBJDPjeRN:12000000000000000000:OKDOT:OKMYTH
1LAt7ZPH9mXjbJ5svTQhcMUqSyQcFoyERq9oymez8QvoGTB:12000000000000000000:OKDOT:OKMYTH
1264Yp3iGpNHy5DF81BJmhssNgebQkxsLKLenAqwNvSF9SpB:12000000000000000000:OKDOT:OKMYTH
14UidJpUYBT18db8kgHUZVbdt5jL45ou1NzQVPrzPWjBHUqA:12000000000000000000:OKDOT:OKMYTH
16SKX9manX2pDm3q99fH1dLxMXvGtExn4UTgZueP5u4yibdd:12000000000000000000:OKDOT:OKMYTH
14M9Tg77yzYdHaNC9PFCNyDF8BSRuYU1FJpPbuULR4djU9po:12000000000000000000:OKDOT:OKMYTH
12RPyu1BbBpnru7C8VziMFuSbpiWAAc5kfakzJxVk9jHJPU3:12000000000000000000:OKDOT:OKMYTH
12MUkTMTwPegWButb6yPnVYjbuPDydPfvawJmLyxvUpQtdrf:12000000000000000000:OKDOT:OKMYTH
12bfNBDRG3R5Jw5VjuxHfZ5bgtpH9a7hRF29ia2jJkrkEPxj:12000000000000000000:OKDOT:OKMYTH
14MitrSAGA4BQYvFrCnHZUPnoeu4VHJ6s2NtU63KkjMVrQF8:12000000000000000000:OKDOT:OKMYTH
14rr1rmg478EgqHvN8pa5os94pZdcbLWTAhuPX9FCXSsGWHX:12000000000000000000:OKDOT:OKMYTH
1PFJFthjVxzro4xKPVv1rEsP4fzghKUmQg7PYiDSBJ9bdLG:12000000000000000000:OKDOT:OKMYTH
15vwRCtwq2qziG4howQuZdnGeDnvbuYejyrfoeaS98nsLZaB:12000000000000000000:OKDOT:OKMYTH
16FRBNPmL4Q5LDYJNwQTSyGS2Mu8J5FddS1VMBBEqzs1JPhz:12000000000000000000:OKDOT:OKMYTH
14MFYJwXQSyo3LXDkBpVP5rrpmSRX887oz7RhTxzpp4MUdjo:12000000000000000000:OKDOT:OKMYTH
16Q7xkLVPyhhcPVj21QTRs4NwKP46qzBuFE6rEZLia83fCeL:12000000000000000000:OKDOT:OKMYTH
1EuriLixPbF97Qbv2rT3vQQNVXPQ1EfrjszrSyskrfuz62w:12000000000000000000:OKDOT:OKMYTH
14NMffP8XfahDmtjz9biPr6QwdmfVkK2kujEjbsKQ9wcdCnM:12000000000000000000:OKDOT:OKMYTH
14aXRTLZiTs7ntVRqnaNbszV9fZqhDrsLUK9fLNcxkfjdQQg:12000000000000000000:OKDOT:OKMYTH
12deuc1b2nHvoosJ2uFxs8HLRAc8qBAt3Hcyp44QVJ2cErdH:12000000000000000000:OKDOT:OKMYTH
14AwTXCFJUnSVd6S2Bz5dkP8dZ79xpRG5H6BJXXYaEp1EwRh:12000000000000000000:OKDOT:OKMYTH
13gxU2emGSK13q2GPo89BSaw4Wpi229jrzQrEFn4dxvE1Kpz:12000000000000000000:OKDOT:OKMYTH
12Vsoyy97PQuXR7F4T2vhsmi8aX7Km3Z9ppQWuvbr5zhwhnv:12000000000000000000:OKDOT:OKMYTH
15hjEMWx5jbv52bJ9Ww25tJuTR4YJesxQRsBFG2faDefrwLT:12000000000000000000:OKDOT:OKMYTH
12wLx7k1NX9hKMBqBitqous7Eg3dxaTDaGFLYwBTwhq2C6uC:12000000000000000000:OKDOT:OKMYTH
14K9bfbxVxQWV9LaC9PTPNnXCrpFZNzb9S4LXgXCVAL1KsRk:12000000000000000000:OKDOT:OKMYTH
13VbDKzWHNEsaaS3NorLJtf1sECxGf6RChjWDygJqYhXnxzU:12000000000000000000:OKDOT:OKMYTH
13y56yNBStLuyaUSzdFm3ppiFcU6Gn5YEj5b8c9sk5DqQzo7:12000000000000000000:OKDOT:OKMYTH
1QvK2r8CxCxnrJL7rccU1p6YJBxNZ92gDFgxunSTfy1Ubsy:12000000000000000000:OKDOT:OKMYTH
1KpdjrVvkUrqCxyqdSUqbaLcWPs7mLijqmnirsoQfhg1Ac6:12000000000000000000:OKDOT:OKMYTH
18f2nygS4PzNup6KGu7Jufjpdt2bccCSTXWAJuVdWFPrwyx:12000000000000000000:OKDOT:OKMYTH
13NPfKY1xccGKHxdZppJSCLvmuCp3SZqy8gwKwmfeBhb2up7:12000000000000000000:OKDOT:OKMYTH
1dDSST8na2P6XrN3vr1q8VVSqUb1T8HH6YN2jhb2ghmknQH:12000000000000000000:OKDOT:OKMYTH
12eUc5x7u56yL5BNNSn3uDVRxZeHTfk5GxTnr3vWr4CPHE1p:12000000000000000000:OKDOT:OKMYTH
12cNW8X1V2ss81gYKcqqZZXzdzXTVP9ohRmcv94quqPG2cre:12000000000000000000:OKDOT:OKMYTH
1kRsCQ791WVHrANDiSbiyDamQf3QbSPns2Hr6QkVQv91WvR:12000000000000000000:OKDOT:OKMYTH
155bWsBLNHEUgYJm7MAxjbBkHiBT68KDKu8pnx8di6CQq8w3:12000000000000000000:OKDOT:OKMYTH
14qyDC5C7dJkK9KMM7CQrcPYY8WQTN35HdBAU1bXAAKNvX1r:12000000000000000000:OKDOT:OKMYTH
15APQgu7j2Fn39ppRLnrtLzZLfpm7Qr55vezQt966jzKkisr:12000000000000000000:OKDOT:OKMYTH
12nY9AmMBwhAppAmaQyiFNNpSLorcYxYuhAiNbE7Vg3XnVMb:12000000000000000000:OKDOT:OKMYTH
14ha6jJj7hfiqEmUF2Bt9ToabzyYHh24hRjPTnrnTJnMJFTR:12000000000000000000:OKDOT:OKMYTH
13aL2P7qS8oUWKWQt5tCL57BGBHUh3Mz2JWCs84DxVDnARzg:12000000000000000000:OKDOT:OKMYTH
11kJ5sf7gg1xAB8fbNskC7tnAVfYHq75FeXwe8ZHcTsteqC:12000000000000000000:OKDOT:OKMYTH
1h8hTi8jb7WaPeiJZ5uCe4UW5aBCH4y27e8afH9H7tzEBq6:12000000000000000000:OKDOT:OKMYTH
14JfAr3dvpyAMkgizBdMHE9fRnPTmT9PTcpf9qHCnkDW47zh:12000000000000000000:OKDOT:OKMYTH
1B48SDsn3fGp1MzwJNaZTv49jhDBfwcRHw56Khx9kSp3F1B:12000000000000000000:OKDOT:OKMYTH
12UpgwKrqAdFkpxeCubV1XrqZ29bC3pqLky3xj6wmmhqfSYZ:12000000000000000000:OKDOT:OKMYTH
16ASi79Ny6zbakNUN45FwLhUmEtgoqgvCPeMo9eZ9xffTwMG:12000000000000000000:OKDOT:OKMYTH
1odejj4ag9XdBbANDTEe79i8nUE15rHNr52TykKUk3ECbSn:12000000000000000000:OKDOT:OKMYTH
14mFCQ2aGWNKqp6CNC7SsxcAmdhHw3XE9kXcbxZXV7RMoSks:12000000000000000000:OKDOT:OKMYTH
15HGFyFSqJA7s1QirPWEUYXjvnJahBiajy5YbKmi4MnBrbfH:12000000000000000000:OKDOT:OKMYTH
15UwsyjsqtHGYXuJG7wTqeUMMFcJnmjmD839AT9PQroh4eup:12000000000000000000:OKDOT:OKMYTH
159iPdREhfQ7zr6EonXEKX4stVmKxwVUjbBjCMFzYqL3FfGK:12000000000000000000:OKDOT:OKMYTH
15ifoM8YVv4x24WTWekd9Jq1nCoffPU5i9KL6kY7cXdDMCqp:12000000000000000000:OKDOT:OKMYTH
16mF6A5JbvnPBKgdNhvLEGc7bujfRZ9XX9qCaUMstQYJsjJj:12000000000000000000:OKDOT:OKMYTH
12ieNf8D6B6UEnrHJWWfbWH7wUveFLU929Cj6BezAVGwt323:12000000000000000000:OKDOT:OKMYTH
14FAU4wcv89u1mN42XPQQFyWwsWtKkrjMiL8LdiPL2f1gUv9:12000000000000000000:OKDOT:OKMYTH
12p9swsfMjjn2g2ncp678NiXfaMMgRFpEXpUeNtLKC2iCG84:12000000000000000000:OKDOT:OKMYTH
1FpdpvWtq2VaoYuboBQH8TnSNtBRiGCUg4QC5YcVuBFVttz:12000000000000000000:OKDOT:OKMYTH
13tLc6TF8L2tjuDENTrYHhtWxMpWjJi3Zzrmrom9LZQLwjtS:12000000000000000000:OKDOT:OKMYTH
15N5cQnZNj7b3Cjbxk3x2wQj4FL8YrYuqJ5AsZUEfq8kqgBP:12000000000000000000:OKDOT:OKMYTH
16Pxs4fcrmZm38SroLPxKELG54jZWPeFiER9NeoW7rP3CGu8:12000000000000000000:OKDOT:OKMYTH
14BaG31SH34iUkPSt3VUYfWMGeAvNGBicQJMGEjc5EWpB1km:12000000000000000000:OKDOT:OKMYTH
12gAkAEcaWq47UZa6ivP3ZjNmMcAC38UhWck9Kk1h7XKxZbL:12000000000000000000:OKDOT:OKMYTH
1srTrQSw4EHXhc7WvUouoHA2cGvaDB4L1kYv7YbvhC6iuap:12000000000000000000:OKDOT:OKMYTH
142u3kG4A4KvWqA7KxPBFNCkKatJqm4MH4F4v4aCcLAsNhEo:12000000000000000000:OKDOT:OKMYTH
12GSH98K2JdbGjhvBHmcLvq9WqnJAPvNsA8rjpP9AJpBkBfb:12000000000000000000:OKDOT:OKMYTH
14RbLuPzygff7C1ZShXQDxzBMsR4PSj34pjpugCbQQB5Hu3r:12000000000000000000:OKDOT:OKMYTH
16J4BGgjUsW5Jqq1yRJazQ59wva56LDYaX83YQEXvxmRhAxE:12000000000000000000:OKDOT:OKMYTH
13w1vAFidrqcMMAtGNacqmE7aBfQWKmidAvtFMgoJqesfrdf:12000000000000000000:OKDOT:OKMYTH
14g6KGHzbep4Qbb81cSHYspFS67T8D6wAdKfGGUubBkTz5ja:12000000000000000000:OKDOT:OKMYTH
1YJQp6T7eiHaxk7amChHMzoj3pjXcT1wzeVvwHvvgW9tixN:12000000000000000000:OKDOT:OKMYTH
13HLZTsAW7vyCvA93MyPz9iosyCp9sdPoikkQSbzoWnLGebA:12000000000000000000:OKDOT:OKMYTH
13TW82qzccB53zsmV8z4egYC4g7DtKHKCXR8yLi7khCouB8p:12000000000000000000:OKDOT:OKMYTH
1EcQxkN5yXhPYyPa8Ddf3JQrQQT4YEDLBN8NMFtKrqxwzT3:12000000000000000000:OKDOT:OKMYTH
1znJGC8K1QofszKEW5zYy9WgKTohwN8fZ4DsjG1EuQs6orV:12000000000000000000:OKDOT:OKMYTH
15fW5dgtd5W9MFy7f9uHbtdmwQ64ioZPczEdx36UKBGXK86h:12000000000000000000:OKDOT:OKMYTH
14T955R3fePYaSjJGoqcRLhikTeYCbMesu3EpdhUd8VD4npG:12000000000000000000:OKDOT:OKMYTH
13B3gGMRwSR1vLhBuPhMvRMQKzRbJdG8F8i4nxCGXwGRUV2b:12000000000000000000:OKDOT:OKMYTH
14z47G39fRXhJr7v2g8abQvZsqxWPbVwNJPhanjqiHw7sdYd:12000000000000000000:OKDOT:OKMYTH
1w3pASuiUDZcdB3BBU8kFHfjRtnRfNfdFSJPJ3NGmp42aDa:12000000000000000000:OKDOT:OKMYTH
16QYqCAYxFPz5kSr2qbKx4HFdSkkybq3b3AVb6nDd2kZYovk:12000000000000000000:OKDOT:OKMYTH
16FEw2Rg4wr25bxTcnJwQERYegsgvUaxhGBtWoFVLk6a15Mf:12000000000000000000:OKDOT:OKMYTH
14fddYg7ufwSsZFXSF2ewrp6h7YY9HQWL44SS64woX2iQmJ5:12000000000000000000:OKDOT:OKMYTH
13xeJVvz3LNRfGVHjwpSjhCYxEP5JpS5GQb7yScSbE2wKP6x:12000000000000000000:OKDOT:OKMYTH
1C8TdAo2XnJ45H1hp3QHKydPTsWufCNZgd1rmXFiPYZ1xRt:12000000000000000000:OKDOT:OKMYTH
13uk7TGgxbihcbFL36mbdenCkspTPJ5UUSStkBeocbJ7ocWy:12000000000000000000:OKDOT:OKMYTH
16kVA4ju1LagDytyqP8d76sAk7yQ4tUYkSdBB29Pp77C3c9h:12000000000000000000:OKDOT:OKMYTH
15yoV9McZLFAHvoAeTnqRdkreqYi8veMUep76Tkm7UDRqsJ4:12000000000000000000:OKDOT:OKMYTH
165TQfY9JUA2EcVi4goY53EtniXDzqCeLtgfRiL4UxFEoegw:12000000000000000000:OKDOT:OKMYTH
153patQiyXuoJJgWDYg7tYens7LnDyezGGEYwRPaHhxgtjyE:12000000000000000000:OKDOT:OKMYTH
13WuV1stTWnpGYcLRah7BFTAL62W44QXiAub7VFCjvU3FgXP:12000000000000000000:OKDOT:OKMYTH
16DC8Unp65oxSooEdSxqqw8PseaPv2VrDD4XmVfhw21PTgmx:12000000000000000000:OKDOT:OKMYTH
16cvmoJSYhSoiT2J2ohwjbNqExSA8KjUetiRg1RXjbvQQRX:12000000000000000000:OKDOT:OKMYTH
12WfkFfgZrJ6YhfwQukHCjZQjoPPu6eP8qmUEUS4tN28t73Q:12000000000000000000:OKDOT:OKMYTH
14KaRUbGUAD3MWmyPVVwkNpJuHNQFBKNw5xHjRtRZq1RJ31S:12000000000000000000:OKDOT:OKMYTH
13eHNdMmkpmYSoMfchXpZZDhtcG3SQtpGwt337CuTVJjwutu:12000000000000000000:OKDOT:OKMYTH
1XSPD142ovCUngJxZiGaMhbyLPeF5qVfu2ECPJVZKLLPbTW:12000000000000000000:OKDOT:OKMYTH
163ZZjw8HcCRA2gedsVRPC1nUSFUKZQqq9Cz3wqkt2DvzFis:12000000000000000000:OKDOT:OKMYTH
125munQVvDFcbsneVdQpTb1PNen4G848kuJmaNGmVTD4SUkT:12000000000000000000:OKDOT:OKMYTH
1yjxe9q1o8RGoEpHqWbDyTExzKjJwz2zrC3HyMoiSUZhHRn:12000000000000000000:OKDOT:OKMYTH
13QaRBMVPCM2Tw1T56tZyAJhSGDqWx9sFtHNYYqe4hieog3G:12000000000000000000:OKDOT:OKMYTH
13SjLV88z4s7o9vD8PxgCzC4zcSZnCNKoFy9kFNzhwqckrkw:12000000000000000000:OKDOT:OKMYTH
158mjsbzNeuVyuhkBnzme2F55t6hfYYWMAFfLAjcRnBkB1EA:12000000000000000000:OKDOT:OKMYTH
13XoZQV88FgPLVqctoFVmyV2R31ipQtP5bCcNXpJd2eaGyCd:12000000000000000000:OKDOT:OKMYTH
13TqXXfyyawri71yAbqiYptTWUuFgtgUcPS6xhByz9pEgeYz:12000000000000000000:OKDOT:OKMYTH
13NCLd3foNpsv1huPDzvvfyKh37NEEkGFotZnP52CTR98YFJ:236000000000000000000:OKDOT:OKMYTH
