1YxamGfRG8CZ8U91e1rBW9gFf3eXfKYKZR6UYyNdAMGRSNi:12000000000000000000:OKDOT:CHECKMYTH
12JoCq27YUXsYLTcKYvYowoBcMNZ64NQQYEeWeoM3oQc9MjJ:12000000000000000000:OKDOT:CHECKMYTH
16hgervy3xwCuGBi4TEC5pLbteX4ydV6HiKZLbn3PKBT7H7Q:12000000000000000000:OKDOT:CHECKMYTH
16MQSkL2cCELWcF4hCyFLmWKaooNEWFKjMSoPag3VXS1uZvr:12000000000000000000:OKDOT:CHECKMYTH
121bnMdz6WgqbcaLR9iy18mf8pGC7TnQJBbhjYGBxY7dB8VJ:12000000000000000000:OKDOT:CHECKMYTH
15Aid6GC6Uc5Hk6UV7PPgXWBwiPzFRmER4VCvrrEcHmfa711:12000000000000000000:OKDOT:CHECKMYTH
14vyjpTHqDXqKEhK6Fq5q7pArZmenid79sHoeMJ4VGg7xaEA:12000000000000000000:OKDOT:CHECKMYTH
112HNTNvbBB1wPB2wx7Nmb71xAdo9JxKYF3GgsNEYPg7Jm68:12000000000000000000:OKDOT:CHECKMYTH
1nsnTe6cyutc9hHoxKqq9ZZgjnkbfEiwPNxfgsKYvr6WiKL:12000000000000000000:OKDOT:CHECKMYTH
15dKXAqdB1y5p7hLeQw5nPc8tJfit59FNT26RBCxYWnN54tV:12000000000000000000:OKDOT:CHECKMYTH
147j9ULy9dRtYFxk7c9wVZLg9SZwExViHxujjDkkKvGTvcHa:12000000000000000000:OKDOT:CHECKMYTH
16KWuPebWJKAVsqSSMgwFV4SJnVt9kFiNShoozKNihFfFoQV:12000000000000000000:OKDOT:CHECKMYTH
112CfDh9Jxwi8rfHx2qiwJqouuVMv37Dfxfb65wcwKdwjxK9:12000000000000000000:OKDOT:CHECKMYTH
12ZirwRZQSS7jsZoNvjDYXCZDHRfpaNG4LAcU2QRS1gMT8hc:12000000000000000000:OKDOT:CHECKMYTH
13G5ptgPxGZmjnSzm7iBcX1FzcDagFLYmu7iSUtB3ghE3LET:12000000000000000000:OKDOT:CHECKMYTH
14qkv1shg61tMsyXvWVHTp1iDETU3tSLKnGW4PZrpUWiA1p4:12000000000000000000:OKDOT:CHECKMYTH
13BJ6CstxQEA7F3iCBTmMSyJQpcQQiv7fWpXUYYyWhmroC1V:12000000000000000000:OKDOT:CHECKMYTH
15T3YVTjrgYBUUrbvf6QHuNMNNRyympgTiL2Dn6R7ZiPDfxU:12000000000000000000:OKDOT:CHECKMYTH
12u8azvsU71HLr1YuF9LsydPwJ3QGdex7FzJpAPoELyJjWPa:12000000000000000000:OKDOT:CHECKMYTH
15Y3MidmdiAGzfEExBzvsTfi3d6gVrAFRCFPxdp8jEhrB6UK:12000000000000000000:OKDOT:CHECKMYTH
13EpgHZfXg5HedjWFcxUQhmCpWviV7TYbehe4PZhsgjpes41:12000000000000000000:OKDOT:CHECKMYTH
12epXuRPSVLMqCnnptPpeQngX1zFbvuxVmSYLmFPFJzM9UwH:12000000000000000000:NEEDED:CHECKMYTH
15VAs3g17h5XLMWWD4ejnvEEK2LAtNc74pd55CXEaBkqTY5N:12000000000000000000:OKDOT:CHECKMYTH
1LcD2qkRRoeMrYPUkzfY1dzmGCjBG87bWPRNbB38Svc8514:12000000000000000000:OKDOT:CHECKMYTH
12WaJZn3Gf457aBBN9LK7SBDV8o3J6beSSdWajJwaJEtzWC3:12000000000000000000:OKDOT:CHECKMYTH
1nNtAUWJDMpauLCZmzMHaY9DkPuQq368CDbbtXfVzWmSeir:12000000000000000000:OKDOT:CHECKMYTH
14TsgDYjTGJc97k2Z9JkLjhEwPXXiuDgGfF9tymyxaMvWqyK:12000000000000000000:OKDOT:CHECKMYTH
142FmyNzNHQ6CbSTuhbcEmV9HLbNT6iBYxmhdpBed3FZv6VP:12000000000000000000:OKDOT:CHECKMYTH
14mY7ybdhsQoSPntqcWonduC62q1Dj9KaXCqKA3G2JJ75MQ6:12000000000000000000:OKDOT:CHECKMYTH
12kyQZQzaBF8UjHHXBvQxuD4GEj7xnJenr7HSYxPnP8J6Fnk:12000000000000000000:OKDOT:CHECKMYTH
13GgzeYg6cJavACZoEykz4w294Nhc7xjWk3p1ppeEYVvLGsy:12000000000000000000:OKDOT:CHECKMYTH
1egHQyViiyZ5WahqPWaGFQ83T73BwUUsjNNK18eucowpFWq:12000000000000000000:OKDOT:CHECKMYTH
13XJumkm15QfX7vVMkqv3Lxshfd6M71NSaQe27JU6Hbok6y8:12000000000000000000:OKDOT:CHECKMYTH
16Runb8JEwwA5fFWt6FS6d2Dt4ijMyYGUdXtwqAAzirpQaXB:12000000000000000000:OKDOT:CHECKMYTH
13HxzPSdfBbqLwhTcrWGKV1aTBYPHe1RRYLbmqnjjfWUiKZE:12000000000000000000:OKDOT:CHECKMYTH
1MYkNadL99vkmn7pmd2ZLXBZDkkqUqp18LA3LVe6kFnXc2c:12000000000000000000:OKDOT:CHECKMYTH
186veHxAL9PRMqn7NyXeGcVHGq9Van9XjoLqmhT4jy46Aci:12000000000000000000:OKDOT:CHECKMYTH
1dd1JzEknp9hgEt3opCrTLGmYateeV78jTSioX5NiGdaciY:12000000000000000000:OKDOT:CHECKMYTH
16QcuJ6QKqQXrfWvEpRW7gw9c2ZTWweHV8CWfQCgPEcAvTf2:12000000000000000000:OKDOT:CHECKMYTH
1S8SZqKhWuQ75mPjZaKNtYiEE2p258U8ZFEfoJ7dLqS2vxU:12000000000000000000:OKDOT:CHECKMYTH
13YuppgV9WNy8Yk5PJCKBFEuutfHsjRn9P22chAAsvuycmJS:12000000000000000000:OKDOT:CHECKMYTH
1KccMgi2DTNua6Heu2bkJsM9d4rjmQxASptwmgHCNASDotJ:12000000000000000000:OKDOT:CHECKMYTH
16esSWWMAoNvA9Uq28zM4vww62gFKR1u8gs7EkX7bz75Hp6p:12000000000000000000:OKDOT:CHECKMYTH
12nn6JWdAzWzoq3er2WTavqStY2yLbYSNcGimrB4ojGKsdoM:12000000000000000000:OKDOT:CHECKMYTH
172d3uFK5GjKyAiX5UecDgCr5gC7we4AR2GBJRWrjJ7uF51:12000000000000000000:OKDOT:CHECKMYTH
16AFwacahzH47K5rcxkXVDjGeEpWEnJkqLXmb5KDXFZf8TJo:12000000000000000000:OKDOT:CHECKMYTH
12bowTCmZsWGJKcwUP7b78jCQGNuUYbny7mqWqH3LyrsK3hJ:12000000000000000000:OKDOT:CHECKMYTH
15SC1M4MJNtHKxcrEc2yTtwtbuSPAcifvkaPkKjh3WYAJjAi:12000000000000000000:OKDOT:CHECKMYTH
13KdFXkuWSZy4YNbuNJgyByWn885aq5Nwi84HRvng5JaRZaq:12000000000000000000:OKDOT:CHECKMYTH
14upm5fvFGQ5MLJyEejxg47N3sxuyno4yxXnRX4oL4fGnck7:12000000000000000000:OKDOT:CHECKMYTH
15dMBcTEwrsetf68MX3rzy7Zwg162mwZ4UCF4o5K4F3vzNC6:12000000000000000000:OKDOT:CHECKMYTH
12Uaey56dqqkcSU8BbvdxVM4rmkxbW4dnFjoUKZSNm8aYCfQ:12000000000000000000:OKDOT:CHECKMYTH
134P6Mgm8HbXnMoQXM8eFFgZz52KS8Ya66ZZ1Nm4Tdf37oxJ:12000000000000000000:OKDOT:CHECKMYTH
13WhzhaW3vFrziZ6xDyRJhFCa25xJDwWJKFyZLcraXXP4FE4:12000000000000000000:OKDOT:CHECKMYTH
1Dp9mQxnARkRgbm4SH1Y65c9BATAWg6WmqKieCfpvWhMfc8:12000000000000000000:OKDOT:CHECKMYTH
13zs5vHf6wQawqyLTk69FMeoT3czL81hTMdE1TT1ap8Vii8v:12000000000000000000:OKDOT:CHECKMYTH
13GDPbAEwEvLUFWnPQ6PnFqmsEZT7ggYzzkzL5cXbp5yap6G:12000000000000000000:OKDOT:CHECKMYTH
16bLNT2qgTR7Zu3HXzR4GHJr9XvPj3VWDxEuAELz2AoUoxHM:12000000000000000000:OKDOT:CHECKMYTH
1YjhDuXZx3ys62ej2g4Dpu2d8nkFCkcBbXmHCHGJNHMgvE7:12000000000000000000:OKDOT:CHECKMYTH
169X47nKcRhRhGg4fsZbckorhq26TLbFFF9uC5AdfJjbQP6R:12000000000000000000:OKDOT:CHECKMYTH
13jZVyiM35gzbnDB5Z7VLEco5h4vTBwaBqU75XVq1YEXPEyd:12000000000000000000:OKDOT:CHECKMYTH
13dDogUGzF3PmrYsVQo1sNkHeyQD1SMcniDEWsjTnf5JvBmU:12000000000000000000:OKDOT:CHECKMYTH
12ZRX9xKPauorpVhJaCY1jrPpM5V1gUcTshVKeVL65uF5boK:12000000000000000000:OKDOT:CHECKMYTH
135ArBmREKrenruxTkbASbYqqv2n1gv5NhgfDB22YFtQbsh:12000000000000000000:OKDOT:CHECKMYTH
12Agszmz6YBMJKK3447sACdSDXNQKs96TRUW7t21S15RsDFT:12000000000000000000:OKDOT:CHECKMYTH
15MAMnphpH14NDGSMAgQrSSX7MsfiytXvsPss57HNXfBvCMD:12000000000000000000:OKDOT:CHECKMYTH
13RZzVsDGNcNuVsbamqSggcm97sfnwajzQMZ9srNdjxHn8VV:12000000000000000000:OKDOT:CHECKMYTH
12XMLyF1N8xdmorjzeKmNPWJv6WUwHrtMmafPK4rgUxaqNKg:12000000000000000000:OKDOT:CHECKMYTH
1259bzrAdNHiVUQrqjm9wwMEr9K7aBRsQRKWWwTy4aqC6p8E:12000000000000000000:OKDOT:CHECKMYTH
15bZJGdCh5sTZb8KWfqyGfhRJsG4LVD9iPF6URnUrThY5fff:12000000000000000000:OKDOT:CHECKMYTH
15aUoMgY6tj5mxYkJP9WjbCnSEQz7iCz1uRzc6iGLt1NGpaE:12000000000000000000:OKDOT:CHECKMYTH
19LAJ6cM2PFgkjnDd7wJADJyzkx7bb1KfsdjFPsXm1q6ypp:12000000000000000000:OKDOT:CHECKMYTH
1626h3LXSpi8uWr3YZdfHp98QCTXaiFbAGxUZLmECW8Zn3KR:12000000000000000000:OKDOT:CHECKMYTH
14BE2ZkTdwpa4g8PCnbV6ZqVdtZ7Fbj4rsZThmnhVBkVk1sp:12000000000000000000:OKDOT:CHECKMYTH
17ZPyu6RR6t8D5prRajXRg8thNZySYyYdomecystMa7LNyp:12000000000000000000:OKDOT:CHECKMYTH
15GTXV6gGynv4LBWZSeYPF5bqRX43hsZshWvYjerEkwixxWC:12000000000000000000:OKDOT:CHECKMYTH
158AFTQYc6iaghUwqrFpHtPEr15crDmu36XSK7QvgaQo7dyL:12000000000000000000:OKDOT:CHECKMYTH
14zmgRY9fgaQCW95Unnx7LKaWPq1EzoFTGqDxVxyWEAXRVBH:12000000000000000000:OKDOT:CHECKMYTH
1GLb5zrc1LyHMEYrz1h5VKzjUJxoD3KjDXeWbKV4P3VQhcw:12000000000000000000:OKDOT:CHECKMYTH
13BxFk9KD6SSK9qX9D6eUiXsPNzxjyhymY33fgQVwRMDwxur:12000000000000000000:NEEDED:CHECKMYTH
16gdRmqJS3ibFtef23ZhzAHbrQ32JbJoVTBMRbHEazirkWJW:12000000000000000000:OKDOT:CHECKMYTH
12fodh1ZvuVxeWd7BP3o23npMiqc1E4KyMNECnFPq9JumHN:12000000000000000000:OKDOT:CHECKMYTH
15feeJCJWGRfRByxgmPjsRtNG7sZwYE2QeKApX2d9MHWvnqe:12000000000000000000:OKDOT:CHECKMYTH
14aTNAgMKECr1V5yefHh7wb61ugbJBEHBfqZ3bX8TGZhuUBG:12000000000000000000:OKDOT:CHECKMYTH
16Eh5PrWG4LcLDPrH5wEsYX2j12cn9unLJsbGhDi1rAyf7NS:12000000000000000000:OKDOT:CHECKMYTH
16QcUV7YxfMjcP9An2VMSbvpFBMJK29FsNZfWhPnpWpuakgy:12000000000000000000:OKDOT:CHECKMYTH
12j5taQLRUKF7bsdw1cEsgHKH6THYEEaEntuzFbU2pXWV445:12000000000000000000:OKDOT:CHECKMYTH
16c2sh2U2iH23Hog7rXZiJXFS9mzY3TTM1C2iKXXmU2XKV6Q:12000000000000000000:OKDOT:CHECKMYTH
13bCDPUUBPRFATZHnEh7phuzByXseaG5JUzNguBZZvytCMkX:12000000000000000000:OKDOT:CHECKMYTH
12drTkQ1jFiWdQnUhtu3FQXMCKk3zJkkKhvqm6GekbtAZQdt:12000000000000000000:OKDOT:CHECKMYTH
1swvq71JoczhNQmovTAr2zjPQA1jhuPdifHZzMGkhCXGQVb:12000000000000000000:OKDOT:CHECKMYTH
14KBXpWkVX9pXs11UwJ9itfm84zHy5kACGAdSdd5BL1dEBai:12000000000000000000:OKDOT:CHECKMYTH
12ky1DEtEMK5FpYrQvpBNCYkNU2fTeoFvr7egJNhoD3cDvJ:12000000000000000000:OKDOT:CHECKMYTH
13XQ7XrbQRXpEEHuNj9UiHKRSYMU5oweRvqjfDZbAYKpAoj2:12000000000000000000:OKDOT:CHECKMYTH
16Swr7RnHS15z85f4qPM4s5sdwP8YuqsZUZfnTsDkKPvPJbh:12000000000000000000:OKDOT:CHECKMYTH
15TEFB6vbZbtir2WcGiZ54fHdYrkwzcgJzQCBvgURTyPS67F:12000000000000000000:OKDOT:CHECKMYTH
15Rc4zqp1wbfggD4xcVJpY5Loz7gp48hKTWMEMF5UBTbqUgh:12000000000000000000:OKDOT:CHECKMYTH
167Hp8zUyCzaaMLjse7N6NP6yBMo5Hn7fKqr6vjzD81sg9Ni:12000000000000000000:OKDOT:CHECKMYTH
124xMaXz77A3YjSjzK5XKijqZVLPZAKrMCwUJNa9iZDjvZty:12000000000000000000:OKDOT:CHECKMYTH
15Q9dtNiGfgGuvuyypQQNpEpRxM6eDgXRajBETVrkNrT7axc:12000000000000000000:OKDOT:CHECKMYTH
1x3kDNCx7WEHNsg8UuNfZx2S27fTQMmrmKYFQ5zeD3XMtwZ:12000000000000000000:OKDOT:CHECKMYTH
14MKyCNh9gwt9hyvszVm7aGyqPLuA1aBwkWbtDnPWtGP6jCb:12000000000000000000:OKDOT:CHECKMYTH
13zDgeMWe1oCTAsEWHPhuVpVg5ZdkBwavFUtMTGEpHy3kTTY:12000000000000000000:OKDOT:CHECKMYTH
145k5V46HBCLveo6ofuRHWzBFCzx9kXZRC46r6vTMRbqBx7y:12000000000000000000:OKDOT:CHECKMYTH
14bk3Gi1eTkcdfkt4MvbCTEQwehQisMLAzyytkX5t9eRsxmy:12000000000000000000:NEEDED:CHECKMYTH
159qYGncp5V18njXhUjepui8XRsvcK3RthHphXDmny2zHt6y:12000000000000000000:OKDOT:CHECKMYTH
1547Q5nQSjZNv5CHHXEZopC9SNUN8Udh63pX4D319G4ixybJ:12000000000000000000:OKDOT:CHECKMYTH
155TZkyNETfN26r8bAQrBuN8jWZ5bAUYkmskDqsTaRyhej5Q:12000000000000000000:OKDOT:CHECKMYTH
12wRtC2M43UtL8nLE5rwZR383wD2V98xr164aGufsgSmFXHQ:12000000000000000000:OKDOT:CHECKMYTH
13cLQp2PKNe7vpSNJaUz4VVtK4viYYD5e71MSAXzsLzWYRAs:12000000000000000000:OKDOT:CHECKMYTH
16m2evvfcjA5fqWBT6rhvK9ZotF73sx5rp99eSiRviT5PndZ:12000000000000000000:OKDOT:CHECKMYTH
16cHUWVKRWhB12uhFLZ1n4QkxsxQUCywUxpdb25fX45MjXGp:12000000000000000000:OKDOT:CHECKMYTH
14W6PSmqHuMiGKF5jBYqk2xur4fEmEFeA7YV7bCcSYvog6Da:12000000000000000000:NEEDED:CHECKMYTH
13ocn4zPpK4LtLAgTU7MEyt9uQLgFEf9GftybA9KU9VFs6bB:12000000000000000000:NEEDED:CHECKMYTH
138Dsb9t5zgLpQw69JBzdjQYt1BWUb6eB3Ri8ptoY9TsnnZU:12000000000000000000:OKDOT:CHECKMYTH
1QYiTPReT71MpkTW1v1QaDcueEq6mJFBHYxynHFeav6AqD7:12000000000000000000:OKDOT:CHECKMYTH
1669amd5xTuLLzGQP5SCbUbWHmmjGnjAs4veqkjvDiTTVnwe:12000000000000000000:OKDOT:CHECKMYTH
14iv4GHv9SQj5uaVA5q3mVnZhdzg4t7ayikjsZFqfm6eVELH:12000000000000000000:OKDOT:CHECKMYTH
13CEYMe1WJmHNjfqfeM5MGK9GLPbpmVg4uTqHUxC4NsSh2a7:12000000000000000000:OKDOT:CHECKMYTH
16QoRW3QsRHwc39UM56gUZH3zBNYaBQFePVTTySuQdaY2VvK:12000000000000000000:OKDOT:CHECKMYTH
143BsJ2aHujheheUz3LtxW1F1n9H7WQNy3kJAAinoYgWfFYP:12000000000000000000:OKDOT:CHECKMYTH
16KUCYhKL2hBDSZ6fQy8L22N294TPMrwxsHuk3nus1c8T7bN:12000000000000000000:OKDOT:CHECKMYTH
125AC1HM4uv6Wxf9ACNv3G4NoAMfE7zBFN4Dw8Z1P1zQqonK:12000000000000000000:OKDOT:CHECKMYTH
14rhftd9U4QMQ9qzoEvqkob36h7dEQ1Fz195XyekbnHpvPnC:12000000000000000000:OKDOT:CHECKMYTH
1Kcur18NCv9HsLUNowkamkbUUHpRw44nMBhK7qc2xQaHrbb:12000000000000000000:OKDOT:CHECKMYTH
1qyLkitc7VP2myPkdu1NhNJDEbWCsnM4s7YqoW71imfgESo:12000000000000000000:OKDOT:CHECKMYTH
135MPdLn9UkEbjuKJegynfya8KtVcaJ64GbrxFq3RGzuL4DJ:12000000000000000000:NEEDED:CHECKMYTH
15o4iLKPavp97CYUhEAdK8TFjMkgiAUYArrrTfcDzG7nFdz5:12000000000000000000:OKDOT:CHECKMYTH
15b3KRHWB3WhhvLCm44seWw9aWLdcUMN5X8P998CprbTv8kW:12000000000000000000:OKDOT:CHECKMYTH
14Q1FWR5RubUPpPvqoVcxoskH4GrwGjvZHb8JsRbdaH5oDdw:12000000000000000000:OKDOT:CHECKMYTH
138v9Yd5vjcXSZ4JRwq38REjT8UxZB2MxmMaQuUXSF7EPgFG:12000000000000000000:OKDOT:CHECKMYTH
14oLiVEE3Tgr3ZtqYWWUjkJ3TqtQmnzujFPtUyDinD939Y7j:12000000000000000000:OKDOT:CHECKMYTH
128Am6fec7NFuTjnsB6SC3fAYL7Uo8k3KY3RNdLHXWXb3xz4:12000000000000000000:OKDOT:CHECKMYTH
15DDm2V8FdZh2q6AmbR1WETNKiH3REr5w5rtG8LSCYZzdJeD:12000000000000000000:OKDOT:CHECKMYTH
12hehpRtxwVRheLhuuBfrn3edKWf5ZkwxKzEPufjM9Nd2LMV:12000000000000000000:OKDOT:CHECKMYTH
13tDuaQjosD69TV7PCJLgqEwbfy2bXSQtugBiT3koprUqbwv:12000000000000000000:OKDOT:CHECKMYTH
13NRGgvYTKKJxPWvDaXNwcxT7iMjTFNRJEFELwFi8f31Sa3T:12000000000000000000:OKDOT:CHECKMYTH
127MVcmAmtr1ZBsggWf9ksE9RLuJ4bGqgTXjHmpeCbZ2Lfgs:12000000000000000000:OKDOT:CHECKMYTH
158531SFkJFdjebwxiQf6ZJkA2y6NtxfKNRAbcxTFwGnGVKe:12000000000000000000:OKDOT:CHECKMYTH
1LB6jwqy6tEzzFL5bwZnc1kR2cMn5avsKyczZ41ctsPuK9G:12000000000000000000:OKDOT:CHECKMYTH
15ovrH2CPsCwkHz8pMPCmLrhs4r7LHGYzZhiNGSTzcSZxtLG:12000000000000000000:OKDOT:CHECKMYTH
16arE1txZbGpWRbrhajjWFcZkLiJAfsfzFLaYr1z3AUcoLxk:12000000000000000000:OKDOT:CHECKMYTH
1VkZpprtokiLSPdogBrefT23kNdRdkD4syStazashFAYsZD:12000000000000000000:OKDOT:CHECKMYTH
15osvtTTgMP8P6JKYgQm1JmAEe16HcAazfFbBpTqHcikuU8p:12000000000000000000:OKDOT:CHECKMYTH
15AbHqeFjhrQzxueu8Rpktvq6E7zeBp31pgFbvPH9dKgZjL8:12000000000000000000:OKDOT:CHECKMYTH
13HbVhgxcpuWRe6SYtAQyjk3xjPz19auvxCBLQWtjk8jSdaP:12000000000000000000:OKDOT:CHECKMYTH
15wh2q3fxk5DNZ1iPAnFtFBHSW2rfqnz6y8vs8JqmPQ9mEAm:12000000000000000000:OKDOT:CHECKMYTH
15Ekes8ALHufhG5bwgC6ndfwbczyHC3sYwE7re4pN6g3HvM9:12000000000000000000:OKDOT:CHECKMYTH
12gZiNiEy6DLrQGgJmnu2xsVk7roac1AuuXWLzHc3qBrvFKx:12000000000000000000:OKDOT:CHECKMYTH
13RTFx5BBuWUoqmuPgvVRKdQFyo6LH2W3vTADP48qLj5hhg3:12000000000000000000:OKDOT:CHECKMYTH
16fVyL1vFr5fgfaKm16MW1VvgooA1h96ywWJuhianYGnXXNE:12000000000000000000:OKDOT:CHECKMYTH
1psKfMV1Nz7axGEKAvtwd7eaJw1CE1ZULMg68px4qTGMUSU:12000000000000000000:OKDOT:CHECKMYTH
1nF8Tzx8E5LW1e4H6ZaszM5WjutVonsN6i6peURWQv1RGK3:12000000000000000000:OKDOT:CHECKMYTH
12X9uYxUGX9aWNFDZSuGHBUt5FpUtYd7HcvsswnYYTgnQHMF:12000000000000000000:OKDOT:CHECKMYTH
15nzuxFyJGgq6MntwP93x3HZM86yDiVmY4u14dfLRtnVNF1z:12000000000000000000:OKDOT:CHECKMYTH
17rvGaY4Jvmmi9Bcy9me54e8EB6gPyacz3edb3vprGG53bK:12000000000000000000:OKDOT:CHECKMYTH
12jfLZJ7s1QZuwQ9DnhfBwPR2cR6tFCscnUY1mwSKSXuWw5y:12000000000000000000:OKDOT:CHECKMYTH
12oVgoN16FmdqszHpmgbWu57vNvcmoR2hzLd7WnfzuT3N14V:12000000000000000000:OKDOT:CHECKMYTH
12FnEGFnZ5DBaX93qLDjJR3KT7KvDshMNxVqxghWbDQpaZqS:12000000000000000000:OKDOT:CHECKMYTH
14FBtxu6BdLNxJPeVKw6orjWvYTeJEN2BcmJLwey4C8oJqEC:12000000000000000000:OKDOT:CHECKMYTH
14ih5BXBehagvVYB2yo5RYcGuBH1fMaKNVTDF9TopXfSCRnG:12000000000000000000:OKDOT:CHECKMYTH
13SqSVEqNoHXCR9oKJJ8iV5MwYba9xG3VyiyFG7LxJrPWqzo:12000000000000000000:OKDOT:CHECKMYTH
15fogrAvNgkRJ2H4A5WH5jHtaQEUTq1VFGQPWQ4xJ6uyCCn7:12000000000000000000:OKDOT:CHECKMYTH
15okQxzVErD5F8CyoszXrfnFDU2sGF3TzJyYkyURUxDNCLQ1:12000000000000000000:OKDOT:CHECKMYTH
12Em9i3jaRoiUvMwF4WTR3gg4gdrWTcHGrXGPBZxkQfW1GJZ:12000000000000000000:OKDOT:CHECKMYTH
14NgnvS5HBH883enZf3Ydghxhs3jf2m9eziVaq5sWMTBeA5w:12000000000000000000:OKDOT:CHECKMYTH
14mDhpZZeQi95HY177qP69RMoBUKAw8fGo3dfdZLDfJpuMNG:12000000000000000000:OKDOT:CHECKMYTH
16bt6hq4i5rqoovyms1C1BMrFeaUg1h2bVp9j1TyeVVZTrR9:12000000000000000000:OKDOT:CHECKMYTH
16Z4qGhC1fCMZNn2P1eJUkDEtkQN8SSmAtTPdwwdd8AE2HjN:12000000000000000000:OKDOT:CHECKMYTH
12UJDXRbP9WLdPV9ASvWQNFGvF4pLL37BxVfTgALvZQ1xEMC:12000000000000000000:OKDOT:CHECKMYTH
164g3hqzAAAHcvdRTYrPXG63Dk9Etc3XcdpxSqxifDaURAE:12000000000000000000:OKDOT:CHECKMYTH
124rV2yJov6xt5hzGDvR9QuPg611QHBbSteXeynmrtMuDZC3:12000000000000000000:OKDOT:CHECKMYTH
1Mg24VGNL4zja3K4tdTDhRJq4dQD9gbfpfTmMhA8qqb7LJ8:12000000000000000000:OKDOT:CHECKMYTH
13856QYDjqnECMrAJo65Ve5o8EN7dqt8vtiwpWLjSjWfpYb4:12000000000000000000:OKDOT:CHECKMYTH
14enQHCgDFhjq5hK1hHq5GSeWwfmY8yjtyvaQy2dNBDwnd8t:12000000000000000000:OKDOT:CHECKMYTH
13Qw2A8kgxaQ2KNP11p5F47DtHNujDNeFSFnsRxg22gFWpXh:12000000000000000000:OKDOT:CHECKMYTH
15D6AQbrVJFVG86NxnFoAVHramS4mECU7z3QL6TzYkA5g3Jy:12000000000000000000:OKDOT:CHECKMYTH
1QT7yhn3Fhac6T18RWA57GdK7aaxJYAektB6VWSTiwfWeye:12000000000000000000:OKDOT:CHECKMYTH
14vJ1A7pzMmima9r8jC5rHBmDmtkmZ2hHGsU4WcQZexY26jU:12000000000000000000:OKDOT:CHECKMYTH
13iXEkk3oHcc5nsWPVf9gRZf4UTmo8C8c4Z9yTmbwSyiVWHt:12000000000000000000:OKDOT:CHECKMYTH
15BQw6uDkyMTfRcyjiGj7CkqUCQPHukwjSyyRuN6s4SxbeBm:12000000000000000000:OKDOT:CHECKMYTH
148XokLdKRxq1j33qhTBxxoRUGKsqSs8x7jofnX5XK4cepXT:12000000000000000000:OKDOT:CHECKMYTH
16JSX14hYiWdJtTnCRvPCM481k3ZvnnzAxHsWxjTKjUaxsBr:12000000000000000000:OKDOT:CHECKMYTH
12xXQSJTRqt8v81KRVGzT73RqJvxLjdF9XFgdfgMSeLCqKKm:12000000000000000000:OKDOT:CHECKMYTH
15nDQPDjWyJo6iEJqJF151JyupQ5aScqfqY3Y7HRKzN91Cqb:12000000000000000000:OKDOT:CHECKMYTH
15YeXEmDPm6wTmVhfvWZpN8YV9Fs2ZvRAmsnU5w1nxf3rCRJ:12000000000000000000:OKDOT:CHECKMYTH
16jhFWEHtbNMFVGCGyhWSK19Q5xNU9GGbiEBnQqh7eQUQS65:12000000000000000000:OKDOT:CHECKMYTH
15ih7dDGGFnixseavAkwDtJ7BvbgEowwkqRcJ54gA5uVK2P2:12000000000000000000:OKDOT:CHECKMYTH
14KMQqxBNx3whVLjHsAqqTQUX8r3qxyUudTbbkAfshZcYtpq:12000000000000000000:OKDOT:CHECKMYTH
16PGVfMKUwc1td24sszNkiUnRXHL1ik9TYu3SXFuYCvy6RNw:12000000000000000000:OKDOT:CHECKMYTH
15DjkZ2kREXTYTx11czrMnTg6aKofboc4SohLJ19nEHW6hcW:12000000000000000000:OKDOT:CHECKMYTH
1655bj1ECW2e5TvmWAt33MSV4CxAgvyytujwVmYzUn5VKdNg:12000000000000000000:OKDOT:CHECKMYTH
11RsV5AbHdGTEhWmGph1YtDrkWf1ber7p6pBCzkMnpEepD5:12000000000000000000:OKDOT:CHECKMYTH
15ME1FCnZz7ywQZE9ccrvkjF3jqqj6fxM9uH9ptcvqaNRMky:12000000000000000000:OKDOT:CHECKMYTH
16APX4eyXBRLaRoTn5jjkRByvqUNfWnrwsmw9YJoydTfUJs9:12000000000000000000:OKDOT:CHECKMYTH
13gbP8tHPHPxPZQRTXmqRZ4ts9zsx2USXpYhdC6wpTLBwzQo:12000000000000000000:OKDOT:CHECKMYTH
12KHMusujnJwJtD3D12MeBESiSZYs3BwRC7yTjZuLReDNSC2:12000000000000000000:OKDOT:CHECKMYTH
16Fqfk3hRsr9mprDcd7mRUDJyjjrfbzxCWriz6C3SGtNJmr1:12000000000000000000:OKDOT:CHECKMYTH
1mZD9N2Nn5BxxfdJR2cozhfoRexxmWPFUYw84BbN5qxAJYW:12000000000000000000:OKDOT:CHECKMYTH
15dZ752imJYGqvGE2TYVwvhY5aDxgv3XxCPGa1Q1ssVvmAiv:12000000000000000000:OKDOT:CHECKMYTH
12nQgAAW7xy2LkxLXzVR2Vpeif8TBGjTYaGccAr5645ZYE4E:12000000000000000000:OKDOT:CHECKMYTH
14FANz8gDyzBcM9D4jCTuFPZNpJ4pVt7cFjz4occDyGg4z8m:12000000000000000000:OKDOT:CHECKMYTH
1b6364DhEPzPbiH8i9awnL8wmbWV2qB3jokYc4FFmimtfPW:12000000000000000000:OKDOT:CHECKMYTH
15UdzdwhwAb1XReBBLFkaNKWqP2sgUirhfF1iBdu729raMqn:12000000000000000000:OKDOT:CHECKMYTH
15LSQkFtkdtHuN1LJEnqFCJBNVgdxhTyF3DXU7T4Dn7qb2q3:12000000000000000000:OKDOT:CHECKMYTH
15QGr94Ljv4K7Hvahi1QQBgGLCxmyVemwkyZGBVCQv6b2s7d:12000000000000000000:OKDOT:CHECKMYTH
13cEfW2ah4ViF2Vbj3JHfYTevgbiivQgVxjMZWQLYgbif35o:12000000000000000000:OKDOT:CHECKMYTH
14UxmB466MgAuLrvUZUpzpcKoKMJroRbinzJXkrZRVgStgzv:12000000000000000000:OKDOT:CHECKMYTH
156vZxxsd3QUxoaonsKWCZ3U6M3AEvfRapTjikRP62izozt9:12000000000000000000:NEEDED:CHECKMYTH
13x1EB7xKctLa88YFFQpyVuQpTYWSkTEG3rkkYmgEJtunZbZ:12000000000000000000:OKDOT:CHECKMYTH
1543HhfbJ4jwpj1LBnz4C59BsNCigZjuRVjVwMprggi1LkFe:12000000000000000000:OKDOT:CHECKMYTH
1V8NGshJLVdtgJpkZJchFCw97wDGgFgKGApZjzJze1MvqDA:12000000000000000000:OKDOT:CHECKMYTH
13un1SQvrpuqPBji7ReKhUGS8jYbh8fyYp4GYDoAJV2rhFaJ:12000000000000000000:OKDOT:CHECKMYTH
16Wz4Vcfpf5wBveFnvR8dx2WchL3GNDujZjnFKKsbbnkYZxi:12000000000000000000:OKDOT:CHECKMYTH
13KwxiVXj4tYVLLZ8FYdTVLuCAKX92dL6pfacVbqR4Bpi8WD:12000000000000000000:OKDOT:CHECKMYTH
12zp4rKGxDo2EYW8QEnDENGFa1vpSFg8UHoCdYmrASYz8ysT:12000000000000000000:OKDOT:CHECKMYTH
13tKjnWLSG28QTRkwG2EL2wHbAwcWUzD3Ke2AVtn9HWj5rpd:12000000000000000000:OKDOT:CHECKMYTH
14Fif1cDcKsNsMWUgCLGuCd1VEwPNZE7fr4zc5pgNGTgKTce:12000000000000000000:OKDOT:CHECKMYTH
13YNHyEQgT8yVWxwd35KnXag3hqCLKa1TyuLjd6YCBRRjf5Q:12000000000000000000:OKDOT:CHECKMYTH
14GZZkbJTaij7bKMMPg3Fpyhz1hC8pARa4Nx8rn8sNWqmgaT:12000000000000000000:OKDOT:CHECKMYTH
1HCo9UMvYNMAdD3TSuWi41CZQq1dFwjJfaiqUC1QRJTqJYw:12000000000000000000:OKDOT:CHECKMYTH
15ZYwoQnoes5N9pZume7UwW8Hf14xKZfUoe4QwYWKTgBDCUE:12000000000000000000:OKDOT:CHECKMYTH
14R5ut4FT7VWbQFexN2S8izg94k9C57jBwQJG1rPqUkP6Uie:12000000000000000000:OKDOT:CHECKMYTH
148xmQhSe1WaVgWd7d6op5KZiwbfKp83Cofo18hFcNbJvPDP:12000000000000000000:OKDOT:CHECKMYTH
12ggGAPMPukUZeNpdgBpXETcD58Um21e4xEo9TsozBYFgF5f:12000000000000000000:OKDOT:CHECKMYTH
162mwBX4xDeUoVBYazJLug5My1gLu4ijWxVMzQoP1dFtoUwx:12000000000000000000:OKDOT:CHECKMYTH
13jnqQqhZ8nV83rgBCBXCqtcccRJ99VDwv4eVs1beDjtA5mk:12000000000000000000:OKDOT:CHECKMYTH
14gNsrW5CDo7nguGkcTNBh4e8mMxrcVQesUQfiUBpbV5yFYv:12000000000000000000:OKDOT:CHECKMYTH
12TdzmDugJw6az3iqZ8EYm5fkcNbUyA2FNMKvUbbyFpbXQP8:12000000000000000000:OKDOT:CHECKMYTH
134n7yTgpDcWirGSMtcDWXDzMwTDx2sRYjqr24Kfdowd5KNU:12000000000000000000:OKDOT:CHECKMYTH
14Nh2CXDXoo7cVKj1SmGBMMcyG2UQMiU6uaf4eSBzQuD1quN:12000000000000000000:OKDOT:CHECKMYTH
15ZoomWJ8enwtPW6e6XzumLdY7nhW5fVKSq1RoFG9bbubskx:12000000000000000000:OKDOT:CHECKMYTH
12PAftVSsijJ8eKKTcXiDPLVrwDLV5JpfKHLYrQLywXG8UXd:12000000000000000000:OKDOT:CHECKMYTH
15vRTYhzCsrtyuzxjZ4Az5GQwUawyW3KNmNhkV3PtdmwyV2c:12000000000000000000:OKDOT:CHECKMYTH
14cRNr8r1A9YJivSoghu5sZYQWTwVo38Vmktc5B2YA93Vmzx:12000000000000000000:OKDOT:CHECKMYTH
13645RXprANYoRcxPXygbEazfdHEzrNEnauX1ptGPooYvyaC:12000000000000000000:OKDOT:CHECKMYTH
13B3CYNqdGkrMqo3ByfgY7DKZmLZAZYF82JcBk8s4VVqqQ5G:12000000000000000000:OKDOT:CHECKMYTH
14ccCsTyNFYAp6hbp3pf5KzN5Bc4RiuqrYbdyZbdKuLcerpF:12000000000000000000:OKDOT:CHECKMYTH
13JbF5QzRZy21tH1EH3oQn7UJi4LgvbKjgVuhaP5PKcDZMBi:12000000000000000000:OKDOT:CHECKMYTH
14DDiQ8sCzRrMpBNu9Vf1DGfxXXNt4gtJrLFwBrJDtxWchxL:12000000000000000000:OKDOT:CHECKMYTH
13yZHDw5LXaWqhio7z5Z4nTGXVc68KDpb9FiajNGmDKoCKkU:12000000000000000000:OKDOT:CHECKMYTH
139fJ9b1SXXbR45keiFwoPEtGHgUUTethrAa4a5NvaSW8vdN:12000000000000000000:OKDOT:CHECKMYTH
14DsbQ2up6Rmi6fMpsemmkHezL7YH5g5zp7CxjkU9pdmrdR7:12000000000000000000:OKDOT:CHECKMYTH
14LfZKm8W9kSheG7TjPe69cW7BbBkBPXfQjdxwNBPndYanuF:12000000000000000000:OKDOT:CHECKMYTH
1pC8JJECfvCi74uskM7zZuY5zNxHtMzdSXodXaWzsHoNDcQ:12000000000000000000:OKDOT:CHECKMYTH
14Lzidgay7c3ig53rzWBNxvzomBZFZzwkPrUmD7rnwA9iCME:12000000000000000000:OKDOT:CHECKMYTH
143rkEYYQVuYfydQFTuVT16sKccpASJBhUTsKa2syW19W9zr:12000000000000000000:OKDOT:CHECKMYTH
16cvC3AbyKPzXmbqTz7Vh3pSqfs4WXZu9J35YqY6BMH1WguT:12000000000000000000:OKDOT:CHECKMYTH
14qphqyqNq25QZAUvSSNDsEKYqhFtY79eA4s4dbFr7xaySZD:12000000000000000000:OKDOT:CHECKMYTH
15KNycVEJJ7hQQ4v9uexdawkhBBeUFkgnxMhpySsMaSJYJkq:12000000000000000000:OKDOT:CHECKMYTH
13eDnUegKL33i5KStjRWL2HQt89xjFEENKmKQ3in4e8pk8U9:12000000000000000000:OKDOT:CHECKMYTH
12DdHXYtJwVgN3xy3xCFRkQvUaekTVvEaGEdQWnfrx1VtTU1:12000000000000000000:OKDOT:CHECKMYTH
151h47GBjmEMFvwsckJfU8Nx37sRF4wKAnBE77iHVDeSuBgw:12000000000000000000:OKDOT:CHECKMYTH
16DhSqMP5h6Yq9FYabQLixZs2TnH37c215QvYPGgi7kTWc7q:12000000000000000000:OKDOT:CHECKMYTH
136rrmEru7dgRjo6VnZAA26x1H9NtcVvXFAgbLzu9TwUWM2B:12000000000000000000:OKDOT:CHECKMYTH
147dSDwD85xWD1WoAHyAZp7DrLtQYShRUMEQwxoAheDTdkp1:12000000000000000000:OKDOT:CHECKMYTH
16DSpn6K9SRijfdSE1kkY1WQhwFaBMA34jnX44SaCWVk83Qg:12000000000000000000:OKDOT:CHECKMYTH
1tJ95DUPM7jngqqAdrxxvai96AkDwxQipExmtbRd3EhYXp4:12000000000000000000:OKDOT:CHECKMYTH
15AX29ZfLYAWrNhgxgZazaxR8Na94aoZ7TBAJipUeDkEfV9y:12000000000000000000:OKDOT:CHECKMYTH
12woYy8ZCsLW4oLYEXNcwnHz1GLnsLDLw3VkCwSxjkpEf9as:12000000000000000000:OKDOT:CHECKMYTH
166c6aD9oZh6GCeMbnJe3JXgBR4eqEGqkkYgYC9SfhmVT6SL:12000000000000000000:OKDOT:CHECKMYTH
15eSZFUq2GxDUNg2Qrxp96r7ePNtwHKiY5up8NVFWfCdacnu:12000000000000000000:OKDOT:CHECKMYTH
12gGvwxJVFuvCL3Yrd3C6d9k6vaWMBQTPJ9hZ3kZ7dtqR922:12000000000000000000:OKDOT:CHECKMYTH
14Z4oRQQcjTVZqs6LqzgqbXBdLVqi7SAz2KGBgVjJBKFf7Vb:12000000000000000000:OKDOT:CHECKMYTH
1f1wK4nqzeEzbDgxDC55KRZjMkzJcY8N6qFWNmoGnzVsGkb:12000000000000000000:OKDOT:CHECKMYTH
151stz3DSe9P6oApHfQaGTJmAKGQUirLkVTN4YXeMCaT2zVj:12000000000000000000:OKDOT:CHECKMYTH
16egy2HFjvVHYpXgweyBf1L9gAv9HrLqNkL1ycrgMyYbWPAn:12000000000000000000:OKDOT:CHECKMYTH
16kSbN23bakeUqbbhSSuWFKycPt4nyo7d5tE65XT93tGn7Dk:12000000000000000000:OKDOT:CHECKMYTH
13bmoQEyfuWpYYVecBU57FS896kkXXK2ixqkuMAKpGDsEack:12000000000000000000:OKDOT:CHECKMYTH
15fdJNdQmcS8ELMsFvwwupiKFDg4oVv6nn2JJTUEw1MDAeDB:12000000000000000000:OKDOT:CHECKMYTH
13dQKRV8xdduc51QXYWcPBeTL7wLiKgEDvjCYGQPDBgm6aF7:12000000000000000000:OKDOT:CHECKMYTH
19WKXNyD1oquarqHuNqv1j7drrFCJmcNTTQmBo52fhDb77y:12000000000000000000:NEEDED:CHECKMYTH
14qwE3CJoNPjiSVmLVoaULaaYjP5bnumLZnVWBdAcJQnwdQm:12000000000000000000:OKDOT:CHECKMYTH
155Jf2XpxzQVCuYHpBELTRiRnBbhL7fHKMM8ezWcjwbZPnsG:12000000000000000000:OKDOT:CHECKMYTH
159Nya7AVuLTnAEsGYfSwgxJRJFxbV8xzz7FrPcQVLnTxHWr:12000000000000000000:OKDOT:CHECKMYTH
13BaK5xUggj1ZFH6eFtppkHC29SjAhDMsGPSYVNN92rsF4E6:12000000000000000000:OKDOT:CHECKMYTH
1S1X8wJWMqJwV5LkPzEg3psnbdX4hV4khoh1ZcofWvtjDmv:12000000000000000000:OKDOT:CHECKMYTH
166ieapUtbVckCLo4ZUAhio98Lo13ooMg7Ufq9KTe931KaQH:12000000000000000000:OKDOT:CHECKMYTH
14xzap5TZiLC2TyutQk3mirBMkxpix3SfqYZieU3uH3zyShu:12000000000000000000:OKDOT:CHECKMYTH
14hYe5DkzAsojmoT6o3ZKAWrpVPCD2TUev5fh2EhTZjmU9hp:12000000000000000000:OKDOT:CHECKMYTH
12y4m7tBzHi9dSNwTCSi1UJZDuxFpXTrqCbpaXeT9nYui4Vg:12000000000000000000:OKDOT:CHECKMYTH
12cimXALEXFgDADsMjrQku4rkUyC2RY4eopdL3D47nJoirgw:12000000000000000000:OKDOT:CHECKMYTH
13dmrnRUra9gTddwFX7cnSe4CgUBKn2j8Qg4kHiLAuSU6QNT:12000000000000000000:OKDOT:CHECKMYTH
17FeYtGg5jbymzMaQ6fnFs8cBCYjdoTvhZoeekrxsXim3tT:12000000000000000000:OKDOT:CHECKMYTH
13vTtNCXLn3scwMd3SiJJBK8MvDCMRt1eaM5qZ3pb4Sz1yit:12000000000000000000:OKDOT:CHECKMYTH
1HZWLvHpw2ZaRxYKoCnXTTatShcmJ3UDY4dzCqz2t4DJbL1:12000000000000000000:OKDOT:CHECKMYTH
13xMhiHig4U2RdCiLci1qwHodyPPk2FV1n3GMDkJoEwiy5S:12000000000000000000:OKDOT:CHECKMYTH
12GosQFbBrrDRVwzhXvzgQ7HuGJ6vMAgH935AhuBShvtbXtZ:12000000000000000000:OKDOT:CHECKMYTH
16Wdk1K5gGR8xfePgBZakBAaDkMSAckeUYZPcPKnxvTMTCTq:12000000000000000000:OKDOT:CHECKMYTH
19782CBrLHXaKEnVoo4CvSoaingYJ59diSwmW5Y6QREPAEX:12000000000000000000:OKDOT:CHECKMYTH
128rXZZy3V2vTPHAiZrsGfREMDnpVFaTSsm34iWBsUFETmof:12000000000000000000:OKDOT:CHECKMYTH
1R1f1ffLvRohxczAPuAu45iiCHD9XA1jda5aUH5vHr3JJXt:12000000000000000000:OKDOT:CHECKMYTH
13vu3woNERcUgWLsK5z7rseWiCbE1tia8rW8g6BN8keqB4wA:12000000000000000000:OKDOT:CHECKMYTH
126wuYMX5TeZFtZLCuGpN6U7vSCsA6NYg6S32h7Sxyeyx135:12000000000000000000:OKDOT:CHECKMYTH
16U1QZoFy3uhehMBtBQH6V1Qyxz9N9abtmEKw45YVESnEnU8:12000000000000000000:NEEDED:CHECKMYTH
13qAvq1FrgbwrxgU6Sjy6JPirVrhCj356zCFn1sd2VVbBVYb:12000000000000000000:OKDOT:CHECKMYTH
14of8JFd4C9MEGBuueKYCgDXWH4XtT9FEfCFCPoxm6dWtZk3:12000000000000000000:OKDOT:CHECKMYTH
14gUuXQqdipF2FLu4kvmbibbMNtaDq6gVP51hgizPTeVcuGL:12000000000000000000:OKDOT:CHECKMYTH
15nvTTwfnvthz2vwL8oLYa6gjV5nj44SttcT3doiSfcxcUjr:12000000000000000000:OKDOT:CHECKMYTH
14z3P6bcdez8Cm1DSfSZ7S8dEpgbgLcxWZ8u1C6Nqq4Cjf16:12000000000000000000:OKDOT:CHECKMYTH
14btWPNPNf1HpxANJejS8X46G97RrS4bhtzXQmXAubhU34Ua:12000000000000000000:OKDOT:CHECKMYTH
14fxJ3Zz3wyKn7GR9N1U1wyuxDgXQhYjTvETjLz2xEyhWCGw:12000000000000000000:OKDOT:CHECKMYTH
15kaacnt9eV8rj7zPGfzBKG6QVRSX2gwLyzs8i1mzCBpzosc:12000000000000000000:OKDOT:CHECKMYTH
136kEQ5rtr2py8QCTZp4rfb5Um6LknZsYsFiujCT2PpqNfaV:12000000000000000000:OKDOT:CHECKMYTH
12jdwYmPpnfVxG4frJmr31VwNdeViLYBBspgZGXD6qV92oq2:12000000000000000000:OKDOT:CHECKMYTH
16Sa2TAQMkUpbevjJH98oTzFcCH9kk3ivv4WQDhBhEUhPB3Z:12000000000000000000:NEEDED:CHECKMYTH
14HR2QJT4JxLXFzHHNN8XnKDVQ6ZG5Ge8cvpyTPdmSD3J6wC:12000000000000000000:OKDOT:CHECKMYTH
12dvZCsUH7hdfCk7uJmRfSRmF9PBwtFC5YFpAZc4gbsW4hun:12000000000000000000:OKDOT:CHECKMYTH
13vKYq66NKemTdXz43e1rVvPmWbx535c5rC8TdZQbHRwgZvJ:12000000000000000000:OKDOT:CHECKMYTH
19w77SQTLqNSqwALj7HwZexoFgpfezr5T9kignaPMUEWTJ6:12000000000000000000:OKDOT:CHECKMYTH
16ctjyyEGSbLdq6KCr1oHu9GqrETMWRVmK5t6cWhFMWvZxxk:12000000000000000000:OKDOT:CHECKMYTH
15mCbNQbYsgyFGJ5zFwAWrnBb2C21DuS27x1QeWBF6Cg3xkA:12000000000000000000:OKDOT:CHECKMYTH
13bpU4GYDJCS9zSrDNGMzu5V3MRqycGBQmDxSjjbgAe7vQ3j:12000000000000000000:OKDOT:CHECKMYTH
12mTzrpA5Z2b1viqvh3qeab6A1mGpu7N8rAVSrwbi9SgXDwj:12000000000000000000:OKDOT:CHECKMYTH
132PsFeeASK9V54bsmeUxoFUs5eVyaXq9RiaUN9mFVJGBrYA:12000000000000000000:OKDOT:CHECKMYTH
16iJQAVBAfR3tyuDYpFGY9y1f1A44c3rjgEco2bZotkcBb1T:12000000000000000000:OKDOT:CHECKMYTH
12RJ7p8VEjASvoRHPnhM3iGLU2f9n4BBX2BW7Q2ktsMoJXca:12000000000000000000:OKDOT:CHECKMYTH
1xUkKj2MWt3x4DUFnp5GYvEvHsTDs2ZGenkUMqFi5H6hNQw:12000000000000000000:OKDOT:CHECKMYTH
15oghSm6fxCuqR9WDbreXhYGT8HyZrCzocfsur2dtc9UQ4Xb:12000000000000000000:OKDOT:CHECKMYTH
1ntbqA4DTPWCAtBoKsSHdSqFVyPrHZhujniBpLaYxkaVwmJ:12000000000000000000:OKDOT:CHECKMYTH
14iW413gF2WM8SMDcFuJnddma86TX2iLaFJHGodZDjRKYfjB:12000000000000000000:OKDOT:CHECKMYTH
13xUCb5GBA6eMxX9fA4VMnahHJPbKPd6umKaJHFuJXkWKvaJ:12000000000000000000:OKDOT:CHECKMYTH
1xnocPLGVKkiNbJN4tzWWCoQXQJCEDKv4td7LcRHrUqqVGk:12000000000000000000:OKDOT:CHECKMYTH
14HfJ8N1ZSuZfMVmAhxUBMwVeL3baC9g4DmCuMvUmRHsx6AG:12000000000000000000:OKDOT:CHECKMYTH
12JrDmNdX8mpeSGaUMcGzgdUHS31RpZjmvApVc6tW93tCXSq:12000000000000000000:OKDOT:CHECKMYTH
1fEjtBvHQq2KAV8roZrMNTsmnuFgesyAdoY5HMmkXS4dsDG:12000000000000000000:OKDOT:CHECKMYTH
14bWeQiL8Br1aqeZiWCE9Yvr81sU3oMqTjFc3N7J8YrrytuX:12000000000000000000:OKDOT:CHECKMYTH
12ADbKWFtnNFfahgb6t7D1EvMPXP7xpjmt7CB38kJy9qB9XH:12000000000000000000:OKDOT:CHECKMYTH
15tyFpvKGM9dRhr9iA31cqCq6DxiajLQuRVmiLQYBZs1Ezj9:12000000000000000000:OKDOT:CHECKMYTH
14SC7Y27uNQXJ5paybg6MizrsW4qGbjSUwFxrwVnvdm24X9y:12000000000000000000:OKDOT:CHECKMYTH
15BXDwWBRej7G74McjujNiVSLua81m5D7b7RPkoMKxoRSU2M:12000000000000000000:OKDOT:CHECKMYTH
16DsVpeGh2dCSJuGE1vM7zjxxXF7C6H7FpnngrnVQksEhHLg:12000000000000000000:OKDOT:CHECKMYTH
12Q4csn6APRQhwwMFRDG1GvmFWk31sDUjF3mfWyCfWw9prcr:12000000000000000000:OKDOT:CHECKMYTH
15WQVbhnu5jXNXEjv2M5HBntnvUQSPtP1QNJvG3Kt9J1RV72:12000000000000000000:OKDOT:CHECKMYTH
13ps1PWRaCuG2mb7kUbYY6jRzT87bWgeBzg8whpBh7mKUP8x:12000000000000000000:OKDOT:CHECKMYTH
15FQT3SbRQvAcPp7LyTYhaNwZgEsnDGd4dcfBfEdNfGaWV2h:12000000000000000000:OKDOT:CHECKMYTH
16GUyeGYA2R9bhruJqAtsakBT8DSHue1G2QUqqLaQrJtkGTP:12000000000000000000:OKDOT:CHECKMYTH
1PDExBCNyhfcs13DTjrK6nxGoPHKApG5z4gmw96EkUPYvhT:12000000000000000000:OKDOT:CHECKMYTH
12AjeMdvewrmSfKvhut1NFqSYVw47UYVE2ichvxUbSZqsfBS:12000000000000000000:OKDOT:CHECKMYTH
14DTx716kLKq9xiNsmgTGDgNPAnaBkhxdbN6Qms5UKGcqsk5:12000000000000000000:OKDOT:CHECKMYTH
1GFNTxhpqrf3ArWaXicVKX9NAn4QmwknGkg47JHeojhDGXA:12000000000000000000:OKDOT:CHECKMYTH
15m9EP7MX9r8rxbmNs8bRCgGmK1iboGYYaLzU3rsTytz7rQZ:12000000000000000000:OKDOT:CHECKMYTH
1453L9ZC1yubx2FDvPK9hWMsyhGd3JpaAWnYwboquVR4bojq:12000000000000000000:OKDOT:CHECKMYTH
1pWhTAnqHCbCVxtAB6CAM69teBzp1ZGNiQ5jdKpdja3faaj:12000000000000000000:OKDOT:CHECKMYTH
16Z9KF5Z1hT1ywRFrp7eiQmst6bv8jtUKRjbywxnLgGeTuzR:12000000000000000000:OKDOT:CHECKMYTH
14cJhspcjHZMYxpkJLRdTWkCp34n89tTqFJHZ9GGgVWAp1qD:12000000000000000000:OKDOT:CHECKMYTH
16UyT1vKExgvB18JQTQwCZCSV78qXjkAXCe1k4zVgkZYva39:12000000000000000000:OKDOT:CHECKMYTH
14PuES2bjyqixmvvRiMdKD9z6zksAZDAn4SKMCGKmHdh7hAT:12000000000000000000:OKDOT:CHECKMYTH
1KtqTHuUE29qaYPeTvXc8QG7CRMwz5Uuv1xkK1RcfeNZswg:12000000000000000000:OKDOT:CHECKMYTH
14eUhdeQagfotrswnLadBwop4ndDe1nNDepnpKk1Kq9G8aMv:12000000000000000000:OKDOT:CHECKMYTH
13urTg3suQxqiGrorfveuoF5RhpcrUgpAiFU7QHUkoxvsEQF:12000000000000000000:OKDOT:CHECKMYTH
13bzuVVWqoBYTyYEJdeJa4zzbj5gkDmqajQZAHpM6d11khCg:12000000000000000000:OKDOT:CHECKMYTH
1317295hUu5WhMFFsMB5NXdFJWR1gLCVSQwGYUrtJ4vquLnJ:12000000000000000000:OKDOT:CHECKMYTH
16ghaeJuBXhKF8W4xt8ygXDNnDjPsdDg5JMxaTTgDErP9YU4:12000000000000000000:OKDOT:CHECKMYTH
16WhN8HxGbUnMECFFL7jo2SS2ZgehuNKyJA9VueKzQmq73Xy:12000000000000000000:OKDOT:CHECKMYTH
14d1vPxS85ChMkNpyKfRgiBPyyb2NyD2xLsHAYuDb4bvfxEm:12000000000000000000:OKDOT:CHECKMYTH
15UcZp36eCxbPPV5a5ahNoZweKL4yp4zVztHKbeHJbebUWCR:12000000000000000000:OKDOT:CHECKMYTH
14yaoBbEmY9ZhzfLZP7sfBo6LsNmvYHZkKctaJbMcwfEyF1H:12000000000000000000:OKDOT:CHECKMYTH
14HAfErFBcdaYTMq8x6pm7UMFPGee41TWiuBp9hXMZ1qVTrk:12000000000000000000:OKDOT:CHECKMYTH
13axFCihJcsyVi5HKaFR4r6m5FLv1iGvVcKEJLuYayhmx4zd:12000000000000000000:OKDOT:CHECKMYTH
13WiXLrTH3irUqi3wB29GRs2BPN2NABqRuWfBgNv8g4PbP35:12000000000000000000:OKDOT:CHECKMYTH
12vgXNci7w94oJCLg3umQEutZwL5M8SzFtzd1UJE3PRXxp1R:12000000000000000000:OKDOT:CHECKMYTH
14sfMuPjPEy98tHmTP9YApXtQekjjrF9CrMvjoBXQgTTWTXM:12000000000000000000:OKDOT:CHECKMYTH
1nz7PcAPWUCy8NuFecMVpWPhFGjgyuVAVxP39jyBpS9oonV:12000000000000000000:OKDOT:CHECKMYTH
1R52Xv22mJCky9HHFGdrHKSCTsNtdPnczstvhMbc1EWwzrt:12000000000000000000:OKDOT:CHECKMYTH
1347JhkKqswnxNJYfqapPFgDgsTvhGNrLcjaA3DkT75zV51J:12000000000000000000:OKDOT:CHECKMYTH
1RYN6EYdJKzjHViGnJR9xzaQvBqEaA4UvtCc9wB1Nd1yA8i:12000000000000000000:OKDOT:CHECKMYTH
12EfBygsMbeWVcjo1HCYYARhyReAKqJ8nxAwgow6q4jnsjRh:12000000000000000000:OKDOT:CHECKMYTH
1254RMRB5k6w316n7dKBFnfaDYKDkPp9EESUYC7ABKwMmHfS:12000000000000000000:OKDOT:CHECKMYTH
14tCqfvyRnnqkYSPm5LKRoYywfAzT1Pna9JApPJLFSxaTKJ5:12000000000000000000:OKDOT:CHECKMYTH
12ga4D3RKBf1N3UTusArKTYkb2e39rJ5on5qmCtCyJdszd8U:12000000000000000000:OKDOT:CHECKMYTH
123aswVYynT7eAJ4kSJQvoNej2na6jRNomEYnrmJKcVhWKBo:12000000000000000000:OKDOT:CHECKMYTH
15PgaVpLAzrbKxxyG7MyUit3xVJGsYsP2utKTU5uSKtbT2gj:12000000000000000000:OKDOT:CHECKMYTH
1LpEPNsatxGDkAEr7FHjAeYJUb1FP6SwkSjCzm2zi76PZS2:12000000000000000000:OKDOT:CHECKMYTH
1xwbhrhSp28D8rck6sVgDdEWrLA4AFmENcUky23xHwF8NzW:12000000000000000000:OKDOT:CHECKMYTH
12uYhopYWUrcEGquyPoAxQMw45ryNZuRZj4A5hwaRpvjFG8d:12000000000000000000:OKDOT:CHECKMYTH
13HaM4Jr2c73bxEQ1GMmLzDwPsZUkw9bTCjeJJayiG5Mw8JW:12000000000000000000:OKDOT:CHECKMYTH
1zdXfdqxqDjGa5DCvxBYgPJTG7oSZVwgEvpaWaGkbFsGtaf:12000000000000000000:OKDOT:CHECKMYTH
14TLHVZKVCXVbswj1y5D2F7KUquH7zgwfWjYBUrfVqkVXd8k:12000000000000000000:OKDOT:CHECKMYTH
12xwGQRzCMuGUYsikM4irmeeYEVa9XbCEJ3R7w8mF9MPtmJR:12000000000000000000:OKDOT:CHECKMYTH
1bFP6ZBRoseMgQFZkJN84g4k7BzL7m7Ddr9KqmHHVMwstFe:12000000000000000000:OKDOT:CHECKMYTH
12nAfKuqekhK9AepzEDzbGN1VAXiUsHVg8SWtMFWrKjcfeNo:12000000000000000000:OKDOT:CHECKMYTH
13fefEV4DvPuZkHow68XPG1aVsmgRKRMrAPeNBKQwaew4JZC:12000000000000000000:OKDOT:CHECKMYTH
13NCLd3foNpsv1huPDzvvfyKh37NEEkGFotZnP52CTR98YFJ:236000000000000000000:OKDOT:CHECKMYTH
