14wW5A8dDzoMKmfoFRvBTkfckppcSsh5pwB23T44xAYR7es6:12000000000000000000:OKDOT:OKMYTH
12eA8cS6Eo3VdmWufo2WSQWSMxiw7fbNazAm3MVUdZTgaVPZ:12000000000000000000:OKDOT:OKMYTH
161nJVDFL5gguGqz7FJFkgqvP93bd34mHMZ95ocSfgUTzBsM:12000000000000000000:OKDOT:OKMYTH
15vrJXQa5p5mNQShYrQQRKt3YxqtFnFqbVnd5QRRaCKfGb1D:12000000000000000000:OKDOT:OKMYTH
16hQowReaZA1huyFVnCMAgczTPHJowYEbCnfjPuFTFXrnVSN:12000000000000000000:OKDOT:OKMYTH
15uXEBCpEQKcLxDQpHjYJ6sMSyGJkWbNXfgvjnd8pFHc4ZBf:12000000000000000000:OKDOT:OKMYTH
13pv4WHrenjyeUwXcqNfsS1bKYfbHGp2V1Bs83rvDEatNW4F:12000000000000000000:OKDOT:OKMYTH
1y4W1whd8BzWqpexrZvMWDG7kMaSiRjPUuybK3xZBCjsUdh:12000000000000000000:OKDOT:OKMYTH
13m5vPns3RgQcRxNZSNu7ZVzxgi3oQSBKzYoccKQAtUqMk7h:12000000000000000000:OKDOT:OKMYTH
14yd3EozxnYA8BsuvQymH9743NPfJrrtHwmpnggWDGQWMqTD:12000000000000000000:OKDOT:OKMYTH
126QNre1UyVTjupdLFJSN6ZjwTHPo1zWAP48nu7L75bpBVRr:12000000000000000000:OKDOT:OKMYTH
1yhT2DGZ6SvNxghYLT5ikdCuBBgVBE23JN4A9wgdc62v2xD:12000000000000000000:OKDOT:OKMYTH
14Ad8tpz4wguZTaJXkU5VepbsKhHKQCuX1MLi9rAnmBjFXpY:12000000000000000000:OKDOT:OKMYTH
16YtNyQYtQZUCLmfCbRAjiGtji1Sk5Vk4j4fKwfspWqvCxxu:12000000000000000000:OKDOT:OKMYTH
13ovoKB8KmgxvnYJEsFnAvfasvRyvfcf143doao36bCsxK6f:12000000000000000000:OKDOT:OKMYTH
168Uzb9DUNYXsHWiJPHt1f6wjqg6j2pt2aZYrqBjS2jjLrd1:12000000000000000000:OKDOT:OKMYTH
144FpUGCMGLDLL4T4TjCqjuYEPTb8z6fNDvrgD4taY8XmbGu:12000000000000000000:OKDOT:OKMYTH
1emPUGXD6RjwR4saVGkxkErov4ZvJfeXCpBY3GY2hmB1Zbu:12000000000000000000:OKDOT:OKMYTH
16iFmrJ9nCMs2KBMu1qPB4ybkkrJQpz88Esng3pq3gpf6jk8:12000000000000000000:OKDOT:OKMYTH
12xkKQy2UdAnCyLT64cZUUqPh2sEN2mPQJjBtfbqtrFiAMoU:12000000000000000000:OKDOT:OKMYTH
12MUyuDuPvyBbjRoRge3SZsxKCmsYbW9bvQ4XSTeMpwFZyUc:12000000000000000000:OKDOT:OKMYTH
1LNxg41Tmw757YtfQ3vqDd6LhMb2eQQYqWF4JFawQY6nfqR:12000000000000000000:OKDOT:OKMYTH
14a5eQbvvqeZJARmaTh8VrVTckaKEMU7fLXfT9fPuVSH9q9J:12000000000000000000:OKDOT:OKMYTH
13QJtJazEewvNn2qha7w1baF9GuSbaNDEod6EeVERNZTGYvA:12000000000000000000:OKDOT:OKMYTH
12LunTWCAD3WG4dAxP8QugUuQz1LyKxRhuxWdvNHaqZDSafE:12000000000000000000:OKDOT:OKMYTH
1ogQaUwgLmB2nCrWGWHNRKr3oCCw7ojibUquqp6CqPj1SGH:12000000000000000000:OKDOT:OKMYTH
135N2cFxHQ1q3M1FNkJa7mGzxwybBT6fiDgLpJNgHpAmh7d1:12000000000000000000:OKDOT:OKMYTH
13PceEiaZbtMN4cTqdmd3xzPLTer557VGBe7NEj3zc7i6Hph:12000000000000000000:OKDOT:OKMYTH
17ELuskzyWXqydCrs6KFky2SERcfXFaMoMoVafoC6afibFP:12000000000000000000:OKDOT:OKMYTH
14WE7teBe1eqj18XPbzdiDCpZf51VJknfk6RWAg1jVQtu1Cc:12000000000000000000:OKDOT:OKMYTH
12MFZgfYvE8pCrj6zmXaQJXwyt92rissHwKSJoqtSWfDZ7m3:12000000000000000000:OKDOT:OKMYTH
15Tx6JE7DyKmBvMF7rsKHCu1mMnaCdjQSBc56gMR4PK5VYQF:12000000000000000000:OKDOT:OKMYTH
133i5r3Rek3LutxLSGNEXfuQUMnGeSjuL7E8iHMNZ398DwmW:12000000000000000000:OKDOT:OKMYTH
15w3Dix6e5r9grU1qP2QLzrugqMW7KJn222gA9RWKXGQT6wj:12000000000000000000:OKDOT:OKMYTH
12BoajeME9Y2EhW9ZQZmSN3sHR3YAs3WctfF4n5AkYrV3Tc4:12000000000000000000:OKDOT:OKMYTH
12CDDa5a5UDA5egRs3BbUCHbgTLJjjPkTkwpp1r2tsgzmXaM:12000000000000000000:OKDOT:OKMYTH
13BjYPZGyq5JzFPScNhUABvfuo2XttDqQBHcg42E6Suz68qd:12000000000000000000:OKDOT:OKMYTH
12Tjrf7NSGgeRBat1DCyzjuLT1TKTS4qw8d9fejcmcEnXcNp:12000000000000000000:OKDOT:OKMYTH
15xha2ApD6QHsEUBL4q2Zj6R8A6RJPtifnBinMrkv2bue45Y:12000000000000000000:OKDOT:OKMYTH
1FCoJKQcaqjuBz4bsQMwbk6YdjV34w24LqJsfRSne2cL2BV:12000000000000000000:OKDOT:OKMYTH
12UWMvYY4pP3KGiQ7cAZHnxndURNa5mWrJRswukEUmkw9fc9:12000000000000000000:OKDOT:OKMYTH
152zXvEKXmCucQNMvG7ZtRJk32S4XrZb7C3kVMLmeQ1Mwkw4:12000000000000000000:OKDOT:OKMYTH
13mtky532tiTJjkx68kVBG2p6SRUhvy3punwVztHXpiySTJf:12000000000000000000:OKDOT:OKMYTH
1sto4RsFCXaMiyLsZixzvGLfhDduFyf2EDjcP718H4xQK15:12000000000000000000:OKDOT:OKMYTH
1VbhP1pNEEXJCyL9zZTmL32Ft28xnYX1XozoUxENE1pKKKV:12000000000000000000:OKDOT:OKMYTH
12kupaMiv9Epowg6iLM22CKbwF5umRDbRdwhNtvbAGUHyaAE:12000000000000000000:OKDOT:OKMYTH
14mobg4J3JmgcGj35YALK4yeHeYeqqMcypwPTo85BbwvpPMh:12000000000000000000:OKDOT:OKMYTH
133EoWVvwnPYHGT24LyaCC67KsXKb7ECACiWt66LHkU7GjUv:12000000000000000000:OKDOT:OKMYTH
15xA3TxCinVvyqk7JuP6y21QhhWWXw1qRQozqyAX9YjjswEn:12000000000000000000:OKDOT:OKMYTH
13LDwKvsuNc85bPJkNHEdbdYuAccvri5DnitcwZK2h5bgu9x:12000000000000000000:OKDOT:OKMYTH
1hTqCFbyMeiHMbnEEj67r54BbJiNRCaDmA8ffSASutuwSsP:12000000000000000000:OKDOT:OKMYTH
12CHAK3YxJG5pGW6JAGp6Daj8ruRfPwCNbPM7jU8mC2zh2qD:12000000000000000000:OKDOT:OKMYTH
14YDSR89V12aKzRPDSk5NrBbQGEXTu34nnBHHDYj9XvvHJxk:12000000000000000000:OKDOT:OKMYTH
157W36sbDL3rHvDbnASTLvsaYAds69wextkpaRgzXW9XhPCi:12000000000000000000:OKDOT:OKMYTH
13mLhFeZgacWfiFKaneBqSGVfRyJWaivfNpzX3YCKrCg1XnY:12000000000000000000:OKDOT:OKMYTH
15bWHfe3sY5UpehL8sCDnHNg8361X4pY3vyapqiJ3zgUFeja:12000000000000000000:OKDOT:OKMYTH
16Ajs2x6ab7rv4BX7mfsaVB6dS54t7Khun2zPmAETxKDkhBw:12000000000000000000:OKDOT:OKMYTH
12uav5AKaRNubbiq4mxfYwc1XGkBMjResg5MxD4rswa1qpK5:12000000000000000000:OKDOT:OKMYTH
14KcoFfqgC8DcpXyckfXNB8558vtSdgisxVDKKeEFU57ZSq2:12000000000000000000:OKDOT:OKMYTH
15e6ctrGBts35KG8DQrv96ctygJW1pT34nyv3BEyZWwAEjJZ:12000000000000000000:OKDOT:OKMYTH
16XYQJnPnbJGYSdDyYPZoqfUbm8GtSSdd6TwVgzJvuVtt8eL:12000000000000000000:OKDOT:OKMYTH
1634hju3BXZZdLYosB1vKAomUc3uoEBKzuqNb5bTxn3U88XA:12000000000000000000:OKDOT:OKMYTH
16dxPsTYi8SHGszn5yaDXma4arPb9DHAzNgFrUAEshdcBB72:12000000000000000000:OKDOT:OKMYTH
15PyJNgA9iFYfNBeijeonWT9f7CcG9zWp77LNCAQbabk4pBz:12000000000000000000:OKDOT:OKMYTH
14B3hdiRVdcDhgHie4txakWnDb6AJJ9DBsp5C2LCvR9DUim1:12000000000000000000:OKDOT:OKMYTH
16fZ2oJHQXskZyESws2SV2sHnKFV7yQThgJC2bKoiWg6f9EG:12000000000000000000:OKDOT:OKMYTH
12QcxKoJqSMnH2QEZZnamTV3zcjNDC8EYxtTeckgXTtM7Avo:12000000000000000000:OKDOT:OKMYTH
15ZJ4uNrefiembrTPgrHcys7ApTUUMjfQwFZFtcfeRzJLTi5:12000000000000000000:OKDOT:OKMYTH
148sRqR73Hdu4TzjnEHi5doJ3AAGBcsRwGv3Zq5qzGzCJgCQ:12000000000000000000:OKDOT:OKMYTH
13vCJ4MBapctfJwH4PVxeUjfszenFU2xR56PDrYzjxW2CsHA:12000000000000000000:OKDOT:OKMYTH
14jdARV4Q1YHTZVFeVvKAXd8pVkWzTpt4XXDF2W9a4E7zdwc:12000000000000000000:OKDOT:OKMYTH
14rYiiidW52hQrtauPwPsjNJUF2R58DYQi8VrWiE3JYQ3hcy:12000000000000000000:OKDOT:OKMYTH
12YiXfsb7eWvVYbL5xH98udbZeZwwXrJNj55QqXA5KPhWrW7:12000000000000000000:OKDOT:OKMYTH
16GiJxpFz16qWPEZqQ4j8xjA1CGkfkjsXGUNekzVWM5o9Aof:12000000000000000000:OKDOT:OKMYTH
13sVN7oZLnPn3KoPpAYojwPcViFh4XC6zjeNEEcupRL7J2WD:12000000000000000000:OKDOT:OKMYTH
14NgAzcvSZEJuYaLstcG3ZbEzMZUR6ynH3apyUZ5YUqPramo:12000000000000000000:OKDOT:OKMYTH
12RoMRBq42P79xUfBfvDTwnoV9FF1uRbpJa2mVnNtgitxBCK:12000000000000000000:OKDOT:OKMYTH
14P4CqXd5VVdGB1Wb3hJxx6ESaw3LJhGJKA5XWXvA4cB9zKP:12000000000000000000:OKDOT:OKMYTH
16GHSbUMCYc5c7YRSmH1fz9hj7qNeBQYtW1x185ZdnqaVn3v:12000000000000000000:OKDOT:OKMYTH
12KtYQgsj7upVujg82bYp51MT6TcLAQKxE7bBrAuYkJhmmSi:12000000000000000000:OKDOT:OKMYTH
14BHZjFgX2GgRvEtPfuMJ3Zz6bZc7AAEhk9p2oqZMdJMhUT8:12000000000000000000:OKDOT:OKMYTH
12PTfqcBikxQuD5UoQ7YsHVBBUQ8XN4f99aAbuYu8HepiTTz:12000000000000000000:OKDOT:OKMYTH
12yDVu7TbkYzUFWQkCDUAd5N1omdyKWgecoEg4T8eUpdqvQM:12000000000000000000:OKDOT:OKMYTH
1GRAAZFenA1wsdZTHSyGZxVqQCLa9Y8wMRiubjDb5kqTULi:12000000000000000000:OKDOT:OKMYTH
1TFd6crEYtLwVZm4Tmex44c5eJ3VCyWei8iC9Ag37oZzp77:12000000000000000000:OKDOT:OKMYTH
1BAAN7fHfKggbFRFmxsd5WyDF7tFVwrwEXGFocb73kum6bQ:12000000000000000000:OKDOT:OKMYTH
12wnZzZdCFXtKDaznGsdTp1fDp5kCVu4AQcRUTgjzxGWdffk:12000000000000000000:OKDOT:OKMYTH
15c8uzzFtNQdSG2nU3iDiQTFchHjiSkSdys3n3D6cWA7DUFf:12000000000000000000:OKDOT:OKMYTH
13EwykZn61camnYzqY3LMupgVX1rfb6tB5RRAw2LKTQBRDyJ:12000000000000000000:OKDOT:OKMYTH
1C3ZazbTR78SDfGMTeLCugM6jzRyjyHZdukZHzEevh4Jpkf:12000000000000000000:OKDOT:OKMYTH
1NQCBQ4mEYFj1nipPfQmj7NqJdhg7BRFVoEKgGH6huQFU5U:12000000000000000000:OKDOT:OKMYTH
13HC9GQdZCU1rZ25kCjL6aqjgZhRPqkjk97wBReWcg1JUa6M:12000000000000000000:OKDOT:OKMYTH
12XcQ5j2Y9DjQDRZCkLb9Dokq9igRQUBKWNJhg9J9iRr7UMM:12000000000000000000:OKDOT:OKMYTH
13GtgfHMq9g4rkfWZq3EJWFU8rHGSmaXuuk21jckkJEmyz8G:12000000000000000000:OKDOT:OKMYTH
15C5dc3YtzapHdeYqP3FPAbZZXEronmkppHLPfNsv9pMQf6p:12000000000000000000:OKDOT:OKMYTH
166X5wo87iz8UnSj9BZMpW2C2hwVuMWkK417t92eGoPV1bnu:12000000000000000000:OKDOT:OKMYTH
14s4364ZUHWGJqkDD151B6vFQ14uMNoMnBcZdMwkZMdJPhQ3:12000000000000000000:OKDOT:OKMYTH
16RjDs5GyVdUEpPvbFzfS4ZLwmR1dK3bhuYgGjaCvaJkVJ3r:12000000000000000000:OKDOT:OKMYTH
123s9gx3JaSHR9yB7XDLpHNiR8rMFW1P55J4ks27tphppzA8:12000000000000000000:OKDOT:OKMYTH
14kn4jahCvFwBC42d768KLHqCa4CJsGqh4AhCJFM15kSFkBG:12000000000000000000:OKDOT:OKMYTH
13HDUo4HyFZDtK1EpjvXpU7NUT4g8cuyBHbK5Wu2Q9zyMMKW:12000000000000000000:OKDOT:OKMYTH
12WbeMtfySwf4bNkKqUzeviJ9LYzbphtsoCAN7oyXXZihbSN:12000000000000000000:OKDOT:OKMYTH
14qYYxjnhHeBH5mX2qroWY7MWnzvLYg8Cove7QmWYqRPAE2a:12000000000000000000:OKDOT:OKMYTH
16YBjwMrwCxqPBtUQanuyAEfpwbpJ2F8nwxwxn8PavR36REu:12000000000000000000:OKDOT:OKMYTH
13iVcfD7XStVM5V7R3txEZtz2ohaKX3py3YMNcBjeeQscKiT:12000000000000000000:OKDOT:OKMYTH
1n3iioH4UkuofLzgPdmNH9oXSHWgeZd9GcieMNJjUrRiiHQ:12000000000000000000:OKDOT:OKMYTH
146HkVJJnRPaGCgYS1cjFAraP1YYDq52B1xUHNaBx5aRX9V6:12000000000000000000:OKDOT:OKMYTH
13g6DYjdf7DujbmhVDCy3u4w1vSYmQgXQyzc6bcuiZtBhL6G:12000000000000000000:OKDOT:OKMYTH
19baLNh7pHyCZnwspSxC5GAeQAgT6h2xAGTQ6UKUV1r62kL:12000000000000000000:OKDOT:OKMYTH
13FcFA3iy4351QdeudfvokeD2Znot6fBvYFw6oKMjDCBjKtk:12000000000000000000:OKDOT:OKMYTH
138mXsjnTuZb7koWaoGwhmRHRx1bPnJsA9FYMVRgcyMSq3eM:12000000000000000000:OKDOT:OKMYTH
13uNnNZdxP2dX3zB939QwN2hYi3coxr9N76YqqGSkfXy9ZRR:12000000000000000000:OKDOT:OKMYTH
12iPbp3nG72GnhQw6xosQjptz8G9TrVzwLJMnPLzVkxrpofv:12000000000000000000:OKDOT:OKMYTH
15TSJU5JeCnFKrDwZXBuAmkLvmxNaz4e131xdKULc4k9SRdX:12000000000000000000:OKDOT:OKMYTH
15DdwENZD59sLJLAB5A9WYVzjGyq2PwU2YPxnutsssmdfjaJ:12000000000000000000:OKDOT:OKMYTH
15eD5qpPdJxfSE9vurdHArdFmy8x3wjgYP9PbVzuZqsqU8zf:12000000000000000000:OKDOT:OKMYTH
16iUCjrE9BoKp3w9KqTmTciWBb8DbZLBSSESmaFvHBrKDYik:12000000000000000000:OKDOT:OKMYTH
13nyGTaYYWnezrj3p1Nkwgy6gyav9z6EfUy5vHpySi76P7r9:12000000000000000000:OKDOT:OKMYTH
14fFQYK3hRHCf1kzeKfSLC3TYLBRe3okqnCmJpyuuycMFad4:12000000000000000000:OKDOT:OKMYTH
13V41qaf7KNFYKPVtZDp6RV5bJaCNXHTtaY5YcQ5Rw4vvKLV:12000000000000000000:OKDOT:OKMYTH
15HSmHrJiRY7K3PtvV68U1rEEBFG9Q5diM8suPzLrjcWVQmW:12000000000000000000:OKDOT:OKMYTH
14gbYSce8oBqotyjwfmnpA2TPYFbQqQFATa6ZCFNFkPEB1P1:12000000000000000000:OKDOT:OKMYTH
154eUzHTZM4pGSj5ErYxH9s92YnKmed4obeAozF3PxmZ1DRf:12000000000000000000:OKDOT:OKMYTH
131XztSjdc5r6VYxfZC4EsbJsSgcqH1wc6nZEYJ8Xbmim8cA:12000000000000000000:OKDOT:OKMYTH
1qEog3WTAGqRtxoEaYxK4Ep2Dc8wgUVvcbwfTJhABWBJSsj:12000000000000000000:OKDOT:OKMYTH
15id2VGJ6VDLh73NRNQJZFAydYdkKpzam7KdYoF2yDxRi2gu:12000000000000000000:OKDOT:OKMYTH
15WXAxGFqUKaHKU25FeqMGtuE25PmJGBBvB63UApbhQzmz2:12000000000000000000:OKDOT:OKMYTH
15PCSgKseMytgJUoh1uBbQ8RjeCmxQbqUK6g866ST5ew7nUd:12000000000000000000:OKDOT:OKMYTH
14hkXPhhhEGqBXuTNLmWPQjRLmHGam5AK6f7VxfWg5HaHZTQ:12000000000000000000:OKDOT:OKMYTH
15Px6FrwCoadva9k6KQZhbtMqpjT1MJTCF3cd3xqibLLDdW4:12000000000000000000:OKDOT:OKMYTH
14a2K7aAXCoxQAobsFU9tGxQ6wDLxZuTwzFHq7MwFbgLwHpi:12000000000000000000:OKDOT:OKMYTH
14CuXGWZXZjkf5jLfx2yPTdh87Znaok2avxbTQv9sESyA6ZY:12000000000000000000:OKDOT:OKMYTH
13zt59E9EPHeiT4SvwYDk9QokhxyWQSVv7rwuUSxkmCkZbWQ:12000000000000000000:OKDOT:OKMYTH
1571ZsBk1TUFHD24ydGrwGpzoyjDgD6ddRwW2DrNkYhwqX7a:12000000000000000000:OKDOT:OKMYTH
1HGZK3KE2gdZQx8eaxkJvzLSdaM1N1qHqYixKJuGGBBTLeH:12000000000000000000:OKDOT:OKMYTH
12q7os3GWYbvS9HA2UV58RRKYAC4r75uaLJaa79L5Vv8wdr3:12000000000000000000:OKDOT:OKMYTH
16GnyBVho9tM9RzYMCNWgHxUQXH3ofUVda5EfnLe8AFnaNny:12000000000000000000:OKDOT:OKMYTH
132Nm8h6WgrTkhAdLgMjJD7h7pHiNQXSegdRgajJWf3yS5bX:12000000000000000000:OKDOT:OKMYTH
129qSquSNy7kr3h9kjs2oMRmK1P8Zehb2FTGcMZVqsbjnHZh:12000000000000000000:OKDOT:OKMYTH
15gNJRdBMErM86EKppcacVjafCU1BXQsjoBHrBgJcYhcuMo2:12000000000000000000:OKDOT:OKMYTH
1S9txi32BxQQk5tuqv3DEQQAV7zUpqmq1nEJasQMJNAcAq6:12000000000000000000:OKDOT:OKMYTH
15YDpDmekT3Ek2XsJhes8jm4if6Sgh2ZPyRYtBeihMd1kQxi:12000000000000000000:OKDOT:OKMYTH
14SP5dFVoYUSGyNn42me5der2ZZJY3TfbeqfuWCnVRo5prQ2:12000000000000000000:OKDOT:OKMYTH
152XNYZZ5sBaUcj7c652DrcdqgLgvEiNdrwWB9RNawWsdSdy:12000000000000000000:OKDOT:OKMYTH
14FvXzj5d1FoEYi1oVspxjsDYemZ9KZ47e7io9iApYeY7WQD:12000000000000000000:OKDOT:OKMYTH
16DZJspYZR8S3oE9DfTMYPKZfiAhZSHubFyHqtAsw9Rk5epA:12000000000000000000:OKDOT:OKMYTH
138xpDShAuvXqZ9Zh1HvJtFS3X19KZvjSckV6sdP9LDT7qva:12000000000000000000:OKDOT:OKMYTH
15WMqnTegAUT49Y45iHTxjYy5N38bbxTBupFUo48PfVyGMm:12000000000000000000:OKDOT:OKMYTH
16ArKDJi3Ry48uaBwfBdk3Cx9TPEfXtfWPiCSSV6isaSo6Vc:12000000000000000000:OKDOT:OKMYTH
12WCbNsgU1seeqGHjZZLEfWNaFF4KVWzTQvR1cSSYa7LovUZ:12000000000000000000:OKDOT:OKMYTH
16hAVJsZirMg2Ej9XMp1SRT2JuQaKLcN7B843tQ4HGWWn38V:12000000000000000000:OKDOT:OKMYTH
158d9rJ5pptiDHpFMZ62f5rHZzseQW8x95s2X8WcCtDhf47m:12000000000000000000:OKDOT:OKMYTH
1bL6EVgrEfmZDo8dMDfKymEt6QKjG38JGKepCYPKUDiKoCL:12000000000000000000:OKDOT:OKMYTH
15FX7ifVQio84jmbnNXB3Ui54XFJzXjTyF26KghDULsi2LSL:12000000000000000000:OKDOT:OKMYTH
13YH1qHgBhTmScHPyXK4TeDMfWdogY28vZfS3FGXUhkjcmoK:12000000000000000000:OKDOT:OKMYTH
143Tbp2NcWhAKV5RsvfNrJ2DKjP85QJupJe2GD38RbcaxTRU:12000000000000000000:OKDOT:OKMYTH
15RHjktyczm4SuawnsqS2hzUaPtJoVCkaMWL7BBszFTNZExJ:12000000000000000000:OKDOT:OKMYTH
125xeXSsFGFKDMe233w5EUQBRuMZpxEhd3irApqdi2AnVa2P:12000000000000000000:OKDOT:OKMYTH
1RHkqNobNd4EwjzRDefv4RGdCFREcKDi1LUadkzpcYm4Woh:12000000000000000000:OKDOT:OKMYTH
14EdPbBTBv5HDRLKUJTkb6mENXuiUsroM2UZ2amJvmTJrk2Y:12000000000000000000:OKDOT:OKMYTH
1AhTUvChaav2VZ9bUF7aeiPSdwXGetAJBcMhE4x48KP4HXU:12000000000000000000:OKDOT:OKMYTH
16iif537uwFYBmuNyBn9Ut3EBVrcVc3qiKrAZbjRyQAyTrDb:12000000000000000000:OKDOT:OKMYTH
13TR6yp7GqZvLWoxzSapbidC4orBsTeF6VBrons6V496aSsc:12000000000000000000:OKDOT:OKMYTH
1t7bMtiNU97uvQ2tLrx9DCXeDLvsdTgcbBfgPfq9BjdFPow:12000000000000000000:OKDOT:OKMYTH
15h1JMGgptLjqYdEQ3JsuN9H7LzcAcDnEGq92oBuseYmrNHF:12000000000000000000:OKDOT:OKMYTH
16ggPGGxqyBGuiaGMBDyy1jcdGHBiaq33rZAajYzvJaKce6c:12000000000000000000:OKDOT:OKMYTH
15p3SpjkM8ANDs21e6pKTqFY5sxKsuCZWLTkKeXe2xNAnkUB:12000000000000000000:OKDOT:OKMYTH
12asrYzHLXbXMsnW2MfBFNScNgEbXZr9XzZ2s47ZwVBjxcqv:12000000000000000000:OKDOT:OKMYTH
13vHhHx66N7T7jMShDookhfaKR7ByaPDhbVTriuZ3Uxw3Q9r:12000000000000000000:OKDOT:OKMYTH
14GNGCH3RwoDih2kP5in51wnH7xixgDBnP7KbqqJgnNCjy15:12000000000000000000:OKDOT:OKMYTH
16VNrV2KeQZzUUY3S1yNi69dafixiKQJ4zTvut7msnJc6SMR:12000000000000000000:OKDOT:OKMYTH
13gXwG1WhfJA1RfsXDqFcDf4YGtNcjeN6zmcUWYabV1u5qF2:12000000000000000000:OKDOT:OKMYTH
14mbgj534GLNic51kcuS4hnBNguMSJe1yBS7RL8WEAC2WkLH:12000000000000000000:OKDOT:OKMYTH
13MLBCPhNRCJmJkHgGdH3c4rHhWyb9bRhP96Ldny5LwQxJ8U:12000000000000000000:OKDOT:OKMYTH
13DaaipB6zwL44Jq555KMZGsbBmae7TB2yRs3XsFCb1VMVgQ:12000000000000000000:OKDOT:OKMYTH
147LRZv5FByDjQUoGSD8aVtmL8VjUA9S7iJV4kVp2VRwiiAW:12000000000000000000:OKDOT:OKMYTH
146rnAzZ2gUsZ1Ez8kFbhPg2UmM1xY3MSW3TKPGPrLFDXX9:12000000000000000000:OKDOT:OKMYTH
12aLdx6RQybNzZ4qbJKHezJbbVZ581PeY4gAQCLGrP7KzZfX:12000000000000000000:OKDOT:OKMYTH
15a5JvQnws1nD57Cr4qkgSvjw5XUTYyvhA3keguB46Y3xxaA:12000000000000000000:OKDOT:OKMYTH
15aNSZm67JzGhJF4RGtUU3dxCCu3rb54JwPRZHhkNQBzaqMB:12000000000000000000:OKDOT:OKMYTH
16DUBhigYXKfBQZ9Xke12XJTTMcDDCf2FA6Qw4SH59KLiBrk:12000000000000000000:OKDOT:OKMYTH
13zBQx9njGNypqVVUL2dJQCBRKb1svwh9Y7BGxQCFp1ornoa:12000000000000000000:OKDOT:OKMYTH
1bWgzSRLxWqVv2xuqdQzHMAzfVi9N9T6cvmTXQQJLsi8hQt:12000000000000000000:OKDOT:OKMYTH
12kPAC823qSSGF8Z3FG8SwHQCR1QVnoRsv9FVPz19rxN7nna:12000000000000000000:OKDOT:OKMYTH
14BuqAjEaj3xMBgPLuFpgkXHdmTeURGFvmjCPXerc6kqKV3r:12000000000000000000:OKDOT:OKMYTH
1rCeSRr8CupVYEFPCHgxoREnX4C7DQr3SKsiLqcCP9sznkY:12000000000000000000:OKDOT:OKMYTH
16eUj78pWNGtHshaBimru66NA8YU96xBDmoKmLFXFVHvBQmt:12000000000000000000:OKDOT:OKMYTH
162Lyk5HMSZ6RYNEJeAzWQRCVNVwjSHqNGQjzegS5gy6tFpx:12000000000000000000:OKDOT:OKMYTH
16a4LQs5Cuen9P9f6NdRnzfmxQEnyJvajgeoafAUrKgdb5q7:12000000000000000000:OKDOT:OKMYTH
15zhjMQqQyeTYTH4Furruc7oeEzCBTPw8mizzE4pCLHtJP1m:12000000000000000000:OKDOT:OKMYTH
1jGHn2ktpATNSUNfvqNCKHyWwFXpARLYEnNjFYCAT3XaSnR:12000000000000000000:OKDOT:OKMYTH
145aPaRHhiCjfR56YDXQPjteVUF9MKsArgvXtWz5t1PkEqY:12000000000000000000:OKDOT:OKMYTH
14k7wFjWhVvYZTqXjE9LmDVNWgxVmXazaYraa4iAG78nqMeN:12000000000000000000:OKDOT:OKMYTH
16T9MkAxjWyzeUY8TKS18SzykSRLNz1taYgygLiTzbN1LFBk:12000000000000000000:OKDOT:OKMYTH
1TSfdvviVC1ihEv2tShLbVavwgXnyvQwNMUEab4VFWGXx3m:12000000000000000000:OKDOT:OKMYTH
12S5mbDntEyy21YhYYKctEQrbaQcciwt3xNauhyKFrG98whP:12000000000000000000:OKDOT:OKMYTH
112FNSRrhYu83dyo45VashMT54dYY7KunNrxbdVLAJmdRu6F:12000000000000000000:OKDOT:OKMYTH
17hncoLHcPDpTgFCAqJefGebwJua2xiRuAy8gjkpghSv7jm:12000000000000000000:OKDOT:OKMYTH
1iEy6QgEjMs5TvYTGg9Titggot1dM7cHuYM2LVosGx8dzS6:12000000000000000000:OKDOT:OKMYTH
1GGAzQLhdnC3dTrBHc1nK9JDVtBRVECP4PqjwxzNoFrbxXG:12000000000000000000:OKDOT:OKMYTH
14cxbpYL4TQC37UeXAPGytFzZHZ11xh12uFzmNDPwzfA1i5k:12000000000000000000:OKDOT:OKMYTH
12Wqt6rAVavoHBehT3yM6QvQPtZRBqnkTbUmC9XTU1UWvJgJ:12000000000000000000:OKDOT:OKMYTH
16VNsAiNsaihM29vKjXEM3vpf3eQ8DqsrNKk9uErRNJf9Uao:12000000000000000000:OKDOT:OKMYTH
12So6xLYaftjyLFNNrFbGqJRrPCHtw93n9dGNXy8Z2QwKnB3:12000000000000000000:OKDOT:OKMYTH
13LGcCyTjpUXzK4kiUGL8zqHfdsLp1GibW74F5RPzFKdJFLG:12000000000000000000:OKDOT:OKMYTH
145yDVgj411h9o9nKRvjem4rSV4zHxLVwjVYNXuEeZYbJGaP:12000000000000000000:OKDOT:OKMYTH
14xWG8WZEbkFy5GAa17MsXoDgHwurDx7rVtcU65MSfHtpyZM:12000000000000000000:OKDOT:OKMYTH
1jfoJRHqd6726Gmec5No5mWvGtm4NSXXBXGyZTFJVgRJYZ7:12000000000000000000:OKDOT:OKMYTH
147723FvPQ3CwURvE7qqgrsDaZrEVVVFUUjP2sW7Xd12rtPk:12000000000000000000:OKDOT:OKMYTH
141BbcEMtotE2mwN7YqMUo1RVYaARqAXdVuinGpfe4tawFZN:12000000000000000000:OKDOT:OKMYTH
13weDmHn3mo5WzChr38tCLpHENXPJnTELZ429vhgULWTzcHr:12000000000000000000:OKDOT:OKMYTH
14WtY2GgJY73w5tNHPt6P6GXdEWEvS1nLxmHpAJ4nMXyXrKp:12000000000000000000:OKDOT:OKMYTH
15CVTthG6nviEF6VmDfAx4Dqre2oTYAhyAh8YYwjAHUQ4EWZ:12000000000000000000:OKDOT:OKMYTH
15K6FjfLpwkzoUmr2qSXi6ML2PvRqA1zy62a4aA1KVyuS4Pf:12000000000000000000:OKDOT:OKMYTH
12dCzJDpiwHbhnUknj1R2Ha7eJfZB2Xx3kVQvtaZ1PTUKMkv:12000000000000000000:OKDOT:OKMYTH
12nJ2cANPu5FYzUxFGYpfqDHnsULv9ZLLb3vdJyumSKeMfrd:12000000000000000000:OKDOT:OKMYTH
15PhgvzPNi5ndGFnYmhYwL7NFQr7W8R8svG5b9o2gbDjD1jv:12000000000000000000:OKDOT:OKMYTH
14wt2WbjsF44XRKcpBy2ETjk6C76JwDnCBZuGWUMxMhic7vY:12000000000000000000:OKDOT:OKMYTH
13U31dffsTRS9Cq6Y7UmwHFsvKU3pLu3eCbtxcn7xceVQJ2B:12000000000000000000:OKDOT:OKMYTH
1Gv3QsMQokGUzKX7idQMQFV84xQZBrdgvHJa7daGWQP3quS:12000000000000000000:OKDOT:OKMYTH
16gyvVxxNtq1TJEcPbcin4cMPVM3Wh3hzrACUoDoNzok1JJc:12000000000000000000:OKDOT:OKMYTH
1AgSabVDoqc43aK9ffJoEW3fMsgq5SaYKnWyzDmeYDq4Zsa:12000000000000000000:OKDOT:OKMYTH
16SAjY5mBjZwSgi4xMxjE4jqLS1KRohXJMn3BuFunkmAFhLr:12000000000000000000:OKDOT:OKMYTH
16Q8udRK3XWqR193j95KTKBgyKj2bGsUrkN8mbNHCZKqtdvh:12000000000000000000:OKDOT:OKMYTH
158hijotCJJWHJVfgJPWJcSMJJXy4Qvx7Pm2aX3iozLUSGUq:12000000000000000000:OKDOT:OKMYTH
16FbaRyVykaHS58gHmGrgJmHVcE5DAwu2AqdnVHC8enz3Xv8:12000000000000000000:OKDOT:OKMYTH
15X5yTTgYLdB25bcP9qr8N6k9hdpi3EpzGyVRqPXQFm8oWaa:12000000000000000000:OKDOT:OKMYTH
12XAzLCMPa1J9A5LgN6w4aBJgpdVL7Mf6Sa6mtUSBqYRLx7s:12000000000000000000:OKDOT:OKMYTH
14RELtCHtCkkjRZ1F4A8xdWpxLi5zEMVfkqhZaKQM5v3wWb4:12000000000000000000:OKDOT:OKMYTH
1wXFpvcgSZT24sDQgnNdYWcyjZ74o7iXk8kPNzNGvmpuXem:12000000000000000000:OKDOT:OKMYTH
1MbTSwQuB5YbqgpuABwjTHd8ZkFEfdweGDJequXJoRQ7fkz:12000000000000000000:OKDOT:OKMYTH
12yKkSmhF1DShHKk4YovqY7oQG61DTCqzvv2dUkfVqhPe6VQ:12000000000000000000:OKDOT:OKMYTH
12kueKVoiv4buHcqbj76nXbMg785AfdQikGWdP2YGsuQ5bzg:12000000000000000000:OKDOT:OKMYTH
121tf8MsovYnfHv2Rb5PfWEg7zSrVoePkfBdwSzjxvdwSXAT:12000000000000000000:OKDOT:OKMYTH
12wrm4H5VRUiqXW4jRypmT1NVTqcf3GoSPt2xcb1f8ZrgEDA:12000000000000000000:OKDOT:OKMYTH
12XEUWZEwtSVZAtK8SpDLbd5ji4ozb4wuEjrvo6XZ7XLNDXr:12000000000000000000:OKDOT:OKMYTH
15Z419qF3ku36t7W1r2iWqYHPRgYLMZPzUDbP55xDtUJfbH9:12000000000000000000:OKDOT:OKMYTH
143SHAZVvFYJ6SSLceg13uYSLBkUFebHm9iXmz8yKYEH7T16:12000000000000000000:OKDOT:OKMYTH
14Mk6vaNQ4rTtywfnECbF7oFG6pzVSbqbZXnriGWwWFYyz8R:12000000000000000000:OKDOT:OKMYTH
12sWjWf1waRfLeg9zmK11kgmMAVxs7VHz7kGZoRG7uYeUSWu:12000000000000000000:OKDOT:OKMYTH
125oJG1uXkqSadsMMnysT7d3KbsZuqCpnuVupnxDCCQDWJi3:12000000000000000000:OKDOT:OKMYTH
16kXNbkHTUzYyc8D9MhqMuZwoWz8634TbDFzL6fu5sVLoDU3:12000000000000000000:OKDOT:OKMYTH
134Z3BCHeWxZGikYsFs25voEvJN88e7gBR5Kq4A1dfFpAVJJ:12000000000000000000:OKDOT:OKMYTH
16UeyzNLX7GfGePmCg23nhggp9fQRsGd32u122LJPx5YnaGG:12000000000000000000:OKDOT:OKMYTH
14jE87shwEWmhrzUpum7jBXHGD47PrBTqHwPbv9RYqQpmkRt:12000000000000000000:OKDOT:OKMYTH
1247r4bWn4b89gMUptz3dndTc5dGKoPeLqQBoqyTTUPfU65Y:12000000000000000000:OKDOT:OKMYTH
13MeaTCuGbvtoJH6nMxUuJngFt1uRqAuZYeqw6HtmuhuSRYV:12000000000000000000:OKDOT:OKMYTH
1pQVheq9ZLSG9Y35K2jbwK77QRjkbg2b4vDPByVPMmgvGRc:12000000000000000000:OKDOT:OKMYTH
12T66hZxA8UDBku3bPKyhTzHGLb7FCLuTS9PY1takFVGLctS:12000000000000000000:OKDOT:OKMYTH
12U43AR7TFbTsneQBRUU9LfntT4NZp5LjYtJd7zdrpozQGfb:12000000000000000000:OKDOT:OKMYTH
16admCM6Xs5E8F66KaZwsEpTQ6taUg1AP9BHhkAMToMqL22L:12000000000000000000:OKDOT:OKMYTH
13nWSHJPHmYNGsCQpj9pk5GgyUZkk7XsiTYzLe66oU7vPxWf:12000000000000000000:OKDOT:OKMYTH
12FftFh2roS5sFqx6NtgrDsTwKF34HrR4B7DKH2xWsFQTNWb:12000000000000000000:OKDOT:OKMYTH
1mQudiZqxfFwXkFrXTmzRKFbC3eYpWH6djJ8XYQrCEGqv17:12000000000000000000:OKDOT:OKMYTH
14gASFkPyXNneDi4XUsVEjt5oT6oAGGytodVTLWATbDCAPkE:12000000000000000000:OKDOT:OKMYTH
138MjthQbxRcMcmNgps3XQL6z76cZMADj9GGmEtegbXEzAvk:12000000000000000000:OKDOT:OKMYTH
1j1V88E7qAfBz7s1qj2vqhTtGWn1FqvcLmuBrSnksjdninY:12000000000000000000:OKDOT:OKMYTH
15VC9XjtgvY36SY4K8q9pfv4gv6ksTQ1MycwNpjcweYc1sHz:12000000000000000000:OKDOT:OKMYTH
13YCkofuLRWEGESeqysp1KecRxGQd8frRppNyZiRgwK8D2yE:12000000000000000000:OKDOT:OKMYTH
149tjuJPUu4gTZhpxbLPkVWDMBvGRJaeKVtPUxguEpM5arew:12000000000000000000:OKDOT:OKMYTH
15DLSE8qDsNvtPKsEqkQ4nvj9HhWj4y7mBCYMGsvJy6XMPhh:12000000000000000000:OKDOT:OKMYTH
13RQeCRunxqxt5PFTcbSEJCG2ZxqsTVMb2gDR7muKK4t4vRJ:12000000000000000000:OKDOT:OKMYTH
161ZdVgfMJxYHAg1VgSf9h7tz7AGS4ZzpYfJD38tvgbpGp11:12000000000000000000:OKDOT:OKMYTH
1KSADBz36jmFwtuoVeXze5vrMnhFau7mNUsUmt5qwTkEegm:12000000000000000000:OKDOT:OKMYTH
12TxPnwdDqVLRUyxxroSxyvs7T9wp66jogNsj7b8XrLp6jQV:12000000000000000000:OKDOT:OKMYTH
15DZ1hHQkgRU1cF6z7nGSivqsKS645pgghizT2SXoxUthZJb:12000000000000000000:OKDOT:OKMYTH
1EFpvpZyM7ZkL7QwjrVnMgDQ4coXN48eSZa3qhcqbkxuTCH:12000000000000000000:OKDOT:OKMYTH
13GmdGbtFuME5UB3kgXH8NHPM7n4dyygu44NpHaKdcFWxqAh:12000000000000000000:OKDOT:OKMYTH
15gtfBVcwcLqyi9e6zaUjZU2hGzwCFR4CxXahiTDHgV2wPrZ:12000000000000000000:OKDOT:OKMYTH
16PohqPpe3uzp83oMw5HFZ5fShfsMqzirydSJpSHPpKJSRHL:12000000000000000000:OKDOT:OKMYTH
16ckSWytQ5KQkoR9CxYd6soZUZopfWZVs8qNpr89undc5SRS:12000000000000000000:OKDOT:OKMYTH
15afYa2cM6j6V43f2UAtGu24yDWxhs6nkRgKm6FqBX822SR7:12000000000000000000:OKDOT:OKMYTH
14Lw7ttAAZff5EcFggA7SUQxydQM93AjdwHiWL3M9N4FeFa7:12000000000000000000:OKDOT:OKMYTH
14fVj4RjTdidu3xPNhwaiwECFPU43pe9z5ZSx5bt4rUyrpKo:12000000000000000000:OKDOT:OKMYTH
14zW7mTUQLksGyCd4DBopjdMxmiVRQzuyQncN1KpovxuYkUp:12000000000000000000:OKDOT:OKMYTH
1iP42T78Fqbt9HGENRx7N1Qb75HSrzGipKyrLKJ3UKWjCTL:12000000000000000000:OKDOT:OKMYTH
13rZ7jf81yZ6vqA6zhNnXbx5XwrwgadTFBMwyN9yq2kGnMvP:12000000000000000000:OKDOT:OKMYTH
13cv3SHQsRUA5148gy5embJD4Mkf1vJHpmxgoHGaJFyCcPu8:12000000000000000000:OKDOT:OKMYTH
1mEgJYf3wHPjcHFYkzYFkFnMpbtK7YdNeyBSCAkxiaTbHZp:12000000000000000000:OKDOT:OKMYTH
13SBPCgUMEHjkQydcc2Mz3hqhkawDhnuYjvL1WBQUjj8yn7F:12000000000000000000:OKDOT:OKMYTH
1432C39iCchas21uuKua4dP6pWMFN7hc1bJjfqh1hNng2gdU:12000000000000000000:OKDOT:OKMYTH
14U1Jge2AE82mjGYayNGcSzmETA44LTa6VJhG7P7yY3Ubpk2:12000000000000000000:OKDOT:OKMYTH
13rhS4o79dSiAvwdomyaZGRmxfRhy6wqqtHuEGYhSCWtE7iZ:12000000000000000000:OKDOT:OKMYTH
159jwp25yN3nrRVRwUVkJgiPbXm5Tv526iKz3MLei8yVHnqg:12000000000000000000:OKDOT:OKMYTH
16H2UY5RnC36n6YcuP7xFcGcw2zyJmkrdQNPwPthwWd4Pteo:12000000000000000000:OKDOT:OKMYTH
16KEtFr6ZZwSyw7bDN7fatNTTx9akx8BANpjo5z1qfZ3Tkwo:12000000000000000000:OKDOT:OKMYTH
16C9GAtSAumWR6xSWpDvMmDXpE3gzuB4bFBbqiDCZtjEAi7N:12000000000000000000:OKDOT:OKMYTH
1uRpsyyQsxfAzDNeFhMQTBQe3Hs2umxSAqRNFxrLpaFdw4S:12000000000000000000:OKDOT:OKMYTH
13pngyfiY3FxgF68dKbNH4tjA2X4jpso4JPUeGfck1B3Qs41:12000000000000000000:OKDOT:OKMYTH
112G4R27XvkHqNmRoFLMuk1LMXgHhRQNuDZJDczVWaGDaEPV:12000000000000000000:OKDOT:OKMYTH
12jfQyAtNhrtc985hVMKnBkCfMM3zaqixC9n9RabrZSpSE9n:12000000000000000000:OKDOT:OKMYTH
1rJ8J6G2AujJZAekWr2CxpqDWnTfk7s94xrpLUNyByL3M1i:12000000000000000000:OKDOT:OKMYTH
121LYMRvuBAV1NKahPw4hdYTujALPEkhRDM2iiPvzvb679se:12000000000000000000:OKDOT:OKMYTH
168S888zbiQcAncYatSfwpWNjSW5rUCpdwSoBKnNpg2EfZ8a:12000000000000000000:OKDOT:OKMYTH
12SacupzCuzZQDvNm9jTuF3mziR9tDumoedCA8rbDZ9ngxXT:12000000000000000000:OKDOT:OKMYTH
12pmcjnLPHovoCo19pfu65AMMfVy6yFHC9d3B2VwvWUUSDG5:12000000000000000000:OKDOT:OKMYTH
14uEEDPwtd8uZipC6Qs9MSoWe4xa8iEsWbqU2JsLn3VaYz9p:12000000000000000000:OKDOT:OKMYTH
12v6a7of5QZzMpk7fCvJ1oXquw6Lg4ZPesGEvKaZMTT9FUv5:12000000000000000000:OKDOT:OKMYTH
1Ds5RaKtEoMW7xLSWYEK9mxYLuBnnFKSzRs1kH5Vd3ouUf1:12000000000000000000:OKDOT:OKMYTH
148yzS5ucByG92Cez4FUBYMVoPVCFy27jSwqSxJuo6G3fs1q:12000000000000000000:OKDOT:OKMYTH
13E99mvHpV13B6Z2LUhMrLoJ7C8swqLrkrxJNK6cqCeH7E4D:12000000000000000000:OKDOT:OKMYTH
14PwC8cRUkzJd9cV5bDZLnjQuqz6tmAB1y4ayn87xd9GugiM:12000000000000000000:OKDOT:OKMYTH
123fEdFWoibu5c5AJD6G5fT2SXAyQi53gAxVF8A8wZjLTcju:12000000000000000000:OKDOT:OKMYTH
147sf8rxXtuzDuaVtUuLWsYMNLY9Yo7sk3fUBmPRnWjsH2Q8:12000000000000000000:OKDOT:OKMYTH
12auBT9NRG3q8Ab4Dn7MczuxnfLsU2e3WYGJrpSJbtCsm3rx:12000000000000000000:OKDOT:OKMYTH
15fk8NisLLoKvxPnD2MFZsQvyJcj4GRMNw5qthXXs7w2ZgXD:12000000000000000000:OKDOT:OKMYTH
141zGKSPd1Qjv7SFLQMLwBmLGpNd1pdDSH9QK2UY927yQ3EZ:12000000000000000000:OKDOT:OKMYTH
12KoSd7H8vkkVHLN9RQXBeXHP7UFNpnywBiDRUB1hCsd1Gd1:12000000000000000000:OKDOT:OKMYTH
1CdidpbicpuuUgrgYfDTvZHhZ2fuX9yJ9N4qEgshYihzfBR:12000000000000000000:OKDOT:OKMYTH
12dKNZoXaaKGSAEKQeYUjRg6fzxs7N4C81iW1xNosuPC2TiB:12000000000000000000:OKDOT:OKMYTH
14LK7pq5BanhcDhuiWN5yrgRr4vywU3MDcd159t4zDZehEXL:12000000000000000000:OKDOT:OKMYTH
15Ci5nJ87fsS4NhNwt5nSsfTaAhjVcsJWVmaBSna8miLZNgW:12000000000000000000:OKDOT:OKMYTH
1oBwQEnyy7kWGXs8Q4iQqubShdjRUh7ViocimPp41nVgd9V:12000000000000000000:OKDOT:OKMYTH
12vuawzJSQcjd1khgGx1dWp2DfARQsNPQrf6gJzfSmw4vQuy:12000000000000000000:OKDOT:OKMYTH
15JJVuL941NFjuF8GKZti9Mgs8mSAKgPsTekBaijaz4AuzQx:12000000000000000000:OKDOT:OKMYTH
12S8FYQ9SPXNeBkBLCN49bCuNdkxgdcdy8t83NhHwpBkYsGZ:12000000000000000000:OKDOT:OKMYTH
15pNHU7HP6UEFV1VHkxaTqtwfSzqJWKityVexPiMBtqm6nuf:12000000000000000000:OKDOT:OKMYTH
12yQXLUq7qpBUkBj5A2sDBx94qkkN4GhwpcyoDSAU8ZF1jt:12000000000000000000:OKDOT:OKMYTH
15rb3nAcF2bWNkQ5XE2e286dZpEp2zULbBoxXYmNKZ65KBww:12000000000000000000:OKDOT:OKMYTH
1e3aBFPwn92b2VdPNARUmtszhpELYRe3EFy6VyZzKaX4ETz:12000000000000000000:OKDOT:OKMYTH
14KEawzq9CMSqkTBevCQVUnEJoLRUFJBviCEMJxrzUsnbv8o:12000000000000000000:OKDOT:OKMYTH
165AsnLCiFFCcLZHKCijQ6Cg1LVvzsD4boBWQKPF3jEi2e1x:12000000000000000000:OKDOT:OKMYTH
169xPg1HnFGFgy5WD4MdvSPqzDM8qNp3bAEPgAAeFLwaRdVr:12000000000000000000:OKDOT:OKMYTH
13LBBer2PuM9dh2rtCuV2u41dGDxnJ88TMD2Tk5Pouvy6nE5:12000000000000000000:OKDOT:OKMYTH
13fAJf8hfFse2c36SayiPHnA3tbGnZDMX5ofb8XpYe43Sktp:12000000000000000000:OKDOT:OKMYTH
13f6Xacbrhk63vzA6wDVkcvADkN6BRwfd7K1tXMqDKxC9gDW:12000000000000000000:OKDOT:OKMYTH
13ggSCAZEWsL9GAphssjecDmgCnTgisxXJNDWxKXzc7hQMpC:12000000000000000000:OKDOT:OKMYTH
16iVtryg3gYX1Fo6JG9JwqkwTuh4mnKVKywNpT1JL3wZHQ5:12000000000000000000:OKDOT:OKMYTH
1nHU3Wnp6rxsdC73P4BSBnKR5gJm9HCjpjEJEw9vkWRX4yf:12000000000000000000:OKDOT:OKMYTH
16WyqtRmzVothkKm6tJPnXYfrmHapu4Uy5CkG7oHH3fwPHqs:12000000000000000000:OKDOT:OKMYTH
15vjYEGw3SCuQ7WUdRJu3QxDJWVRzRURLQdrnj9CajnJ8vRT:12000000000000000000:OKDOT:OKMYTH
15F8qbkLuKNBfj8cUPhuEYbHhfZZGjC4F4kQj6VjHkoQ3udd:12000000000000000000:OKDOT:OKMYTH
12swoP7yvbTCopA61XwhPUph1nayv51ma8A7bj2nrALawaFM:12000000000000000000:OKDOT:OKMYTH
13SXBpMXoNQSkc3LaqsqemRZ6KU4wKhZG75ZLCQttCDxt6JW:12000000000000000000:OKDOT:OKMYTH
13VRnG87gKBza7Y4kdGpeMZ33y6C9riaonrRfozGEmE6VmKP:12000000000000000000:OKDOT:OKMYTH
14EZh5bKUQwLTrW1MMNM6TaYdNpqKLNW3YhbmEtApmigzRNM:12000000000000000000:OKDOT:OKMYTH
14KGbKEgGPfQQSNZYEueVgHxXjovbtKpFLyya7gFTqhtW1vR:12000000000000000000:OKDOT:OKMYTH
14hrzT2ogAHDxQrWLPEBRvK1RCspxdg3nx7Z8P8VHiJtaBqE:12000000000000000000:OKDOT:OKMYTH
13sMMQPxc3CosSs7tLHjiEP3exkCbzFJMXUNhGf1ATnxo9Wh:12000000000000000000:OKDOT:OKMYTH
16hRcrnQXz7sGHv5noy31pAyby5Ft59wqMDXFPxikBA5YPPC:12000000000000000000:OKDOT:OKMYTH
14p3kcCcSWuFbnN1vrVc5C4vbYC47g4NENjQEgMLaWd7mvgg:12000000000000000000:OKDOT:OKMYTH
12asirCyYr3gNSBkYpf1BRhMQX8UMnciMXbDTuKmSmrwB378:12000000000000000000:OKDOT:OKMYTH
14iHpJmCavv3iivtcg7KCupRPAiXC4Bb1tZUUfekDaebZhS5:12000000000000000000:OKDOT:OKMYTH
1dkTDcfFwhNvVrcTAi2F4gy4NbTFJzW6qzvqnDzk1t5Waqf:12000000000000000000:OKDOT:OKMYTH
1NGVM31ft3NLzhjdEFy4THLjsg39iXKGmRTap8i4kaKCWSq:12000000000000000000:OKDOT:OKMYTH
13y1p9tDmZHKsMXFd8hbJAMsVMByxpHKugPC1psbrW6fbKkk:12000000000000000000:OKDOT:OKMYTH
14zmgotYSwVSbbv5xAz25N6M2HCY59qFmCzy2mVFQZsqR2S:12000000000000000000:OKDOT:OKMYTH
13ieJ3mbpBaWat5deXsCrhB52v3tt6XBeCEe5sMEbQdGcsFZ:12000000000000000000:OKDOT:OKMYTH
14HStJyuVhX1mQaDG9dtmVL2U6szLfLKBguJcYFWpTXxo4qS:12000000000000000000:OKDOT:OKMYTH
16M23zhrzyD9BXLwpSriNzQpfMMNKDhvqXKaLWvmCd69VKgC:12000000000000000000:OKDOT:OKMYTH
147taYf7Mvr6ZPBVVbay7iURueeHZSkyKXF5B7vY3kbxnggY:12000000000000000000:OKDOT:OKMYTH
13mME58ufTVKyaWQBe2LSuyfNWzUiacqD1ZDbacJ6a6p8Nm9:12000000000000000000:OKDOT:OKMYTH
1321jJYhNTPyG7ygkHoVRZi2orHMqoWeRveLckwoUHQSbQYP:12000000000000000000:OKDOT:OKMYTH
12NG5PtUy6YXK8g3vgW7Auqd18TXaDGkfRaN1otF2pamucpF:12000000000000000000:OKDOT:OKMYTH
12gAdeFWxifojn4py4e3txSTb9NsxSjJBExLg8wW3N43SUR8:12000000000000000000:OKDOT:OKMYTH
12yi3UgX3yvUdofZLhFALGP14J1xMk6EArrchARa5mKetHzz:12000000000000000000:OKDOT:OKMYTH
12SMtBsa3qE1etpzsQ3aVQUpji3tMUtYY5zZsmLGV36C1rgn:12000000000000000000:OKDOT:OKMYTH
13inDHmBmrfV1U7ppNmGvvaq1J5fVPrPaNwf5GXHc7ctRF6z:12000000000000000000:OKDOT:OKMYTH
16M2VfvZmwh3vSesAfJNgDyJC3SNMLAbaxh5Rs9LDMLfmjHM:12000000000000000000:OKDOT:OKMYTH
14ypq8cQ9RbpPJgPpm7NdjVos4ifCgNuFHPpXnKDwjFVZDg4:12000000000000000000:OKDOT:OKMYTH
15DSZ51tsvY3aPvt5Ah7EfqJQYmxQQGj1wjREeEL9BGVGdMC:12000000000000000000:OKDOT:OKMYTH
15Q7YG5Poj2h4ssqozSV6yzi3SpHAU5vsn7xByPoNGRccd9K:12000000000000000000:OKDOT:OKMYTH
13EubwBVQSmqLg2SJqw2KzRPSXGjXxSyc6r5QC2oE7j9CyP8:12000000000000000000:OKDOT:OKMYTH
1a6ffpGZyt5VSAdM16rDXBhfaPq6FEabhx5Uu9m8QNTTntB:12000000000000000000:OKDOT:OKMYTH
12QTTWWjCJ6M8m2AJxrgRV8HhGN5ej17Yzoj5TPFBHNasXj3:12000000000000000000:OKDOT:OKMYTH
1sQvCkbotMfWZq4ory835RWhqWE12Efw3Kd9wJBihD55vcF:12000000000000000000:OKDOT:OKMYTH
12cTgJXZRi8JHVQ3sKQaY5y15ZQzvoEWw1xBffDshhvsS2aU:12000000000000000000:OKDOT:OKMYTH
12Q9XzwPwu7aKiP5uP64WxGKRm2USzVJFowJRrydFb2hyxUj:12000000000000000000:OKDOT:OKMYTH
12pHU9tPZSGxSA8FZv3ZtdJNdjVMQHXV2NXXWME3W6ETRuko:12000000000000000000:OKDOT:OKMYTH
14sSXHs3p2K7cGcvfyBgBnnZoGMCNrEnr1AcNDxR6PsHuMfS:12000000000000000000:OKDOT:OKMYTH
138XEfdEWcw5snwccLq14HzHGMLz7tF4DjyqCni857RsroAP:12000000000000000000:OKDOT:OKMYTH
12fjyqFYgQwadqfDk4zckkbYsPG7qxRMyzcEUqTC2BPgcEBd:12000000000000000000:OKDOT:OKMYTH
143iLWaQ5iNNCA2vbFMB6x8RtpYa1BRv7gMJuHCXR174oR1j:12000000000000000000:OKDOT:OKMYTH
137ZbiGk2UzR2rs5MXfApp8PBGZcvJ1f2KjDFFXZ6E74s34u:12000000000000000000:OKDOT:OKMYTH
16KibWTeMyVSiK8GZkxe7zSgrjjZqfaQpg5QYdovPsho1NT5:12000000000000000000:OKDOT:OKMYTH
14HuxMytDRrN1cUStizSqNrjhRyjXvBD93KU8zz5YrUAWD7i:12000000000000000000:OKDOT:OKMYTH
15et4DHZmz2FxPUaxbDgCYrSa2KqeVDV2wxLgzvFP6qFFbjm:12000000000000000000:OKDOT:OKMYTH
155B8sfVtWSwgGWnEciXKUMG59ZsqsaDJYWZrKA5NdbC87D1:12000000000000000000:OKDOT:OKMYTH
12ZPAKp2QH2CnqkM6P3GU5Ps7eG9Y9GW6M5wF4SUX9bHWAJ6:12000000000000000000:OKDOT:OKMYTH
15c4dGCN1ea4yEFnu4vM2uTWMpS5uBACZwqEWbLkPnfbHCCb:12000000000000000000:OKDOT:OKMYTH
16gtPWqsqM6Dv4PFNM4po8kuxmxvbhBW4jaED9PuHwuVmJxb:12000000000000000000:OKDOT:OKMYTH
16LoyKjgduW8YQGv7fUd8rCSLWxEv8winaE8Mzwc7LHeFCgz:12000000000000000000:OKDOT:OKMYTH
158yLfjc3a39yV4mdyGvFTNpo86QXcLQVshHG577T3Wswu7r:12000000000000000000:OKDOT:OKMYTH
13NCLd3foNpsv1huPDzvvfyKh37NEEkGFotZnP52CTR98YFJ:236000000000000000000:OKDOT:OKMYTH
