12AWfc5oBW9ce1WCowC7kR8UPYPewHj6GnKXrPqNzzw5SXV6:12000000000000000000:OKDOT:CHECKMYTH
13xcuBQ9mKof2dWF4Zobc4cAfeWxicPWzhxCne4bi1ATXCaQ:12000000000000000000:OKDOT:CHECKMYTH
14Q2aSQ66kf1iHuXVJCiB3N2kaJN478xvz5CDpnoSunUSfTa:12000000000000000000:OKDOT:CHECKMYTH
12KP8ABBkhN9Zip2F1Urai9vYj1Fwr92L2M2zNhnATWa1uJm:12000000000000000000:OKDOT:CHECKMYTH
1KvUe9btvbFBLnxkpW82C7zTaS8WcBBCwL6jdZeC6W2sd68:12000000000000000000:OKDOT:CHECKMYTH
16kW4X3vss9R3Cv5GCYMyc7jcZXQumPY2CBV72PWfZcjuU32:12000000000000000000:OKDOT:CHECKMYTH
16BbFAhmEnnTZDvfaTF4MCxcDTdGnEULUqevdzDDenbatD6k:12000000000000000000:OKDOT:CHECKMYTH
12EUcbNnreSePfWD9pGF7MJGKAc2sRsDqfJkFgwj23LPaNc1:12000000000000000000:OKDOT:CHECKMYTH
14f1vS26AJbrrNFs3djLoSRbDxCXJDkZs8umsWCjuQTYPWK5:12000000000000000000:OKDOT:CHECKMYTH
12vzszZDumpmdZcLRyyAUGKmkGbEJeiChnyGRiXcdyg1FiwW:12000000000000000000:OKDOT:CHECKMYTH
14ijdqwGQZ6YP6ftbE3KnyNZM8RfXion1FEXQXLTxVGyBWnu:12000000000000000000:OKDOT:CHECKMYTH
143SfkjtVxUZj4GRxo6bib55nbvJwE5nqnimdnun2NEs56uk:12000000000000000000:OKDOT:CHECKMYTH
16Ks1AjRr1JWTG6SNvozZmjECk4zhmwQHMzNCaeo5Pgty4vU:12000000000000000000:OKDOT:CHECKMYTH
15tzmSNyygYVjegWZKygm4tCvKzQ1choLzdei4mvmhKnjZh9:12000000000000000000:OKDOT:CHECKMYTH
16jXCsdojaseGSzrT48uqCMPWc9iLiuv9sZejvoeDLz5Nyph:12000000000000000000:OKDOT:CHECKMYTH
16RmKLnb1hxMzfa4sf3QC92HKE9h2x5qJMedGSffnh9Jr5xu:12000000000000000000:OKDOT:CHECKMYTH
14HoQsFhW6uYLowy4qRNroeXiAtbExokgttj5G3eP34pzNWD:12000000000000000000:OKDOT:CHECKMYTH
152TV9qCGNaZkuHxUBYhpWVxMmtArcpikGS8VFhSH7jF4w2A:12000000000000000000:OKDOT:CHECKMYTH
146xfY5JsxQJkC339VeXC1jLj6e9Y2oAeUizZjpRdhvPfu9p:12000000000000000000:OKDOT:CHECKMYTH
14Q62J4guirUAAGvuzuu3f5kTGgJ64GhdtEMp4vZWX4sU1D8:12000000000000000000:OKDOT:CHECKMYTH
12LJGvDH7HqJqY68KxXbrp6JMYdcmZZ3qbFa3sC9QBRF2FmB:12000000000000000000:OKDOT:CHECKMYTH
152pXX7E5ULD75LXATsZdvXRb8eVB8Cfw6j22mDcm5DQZT1p:12000000000000000000:OKDOT:CHECKMYTH
12SGHGjLzK98MpYX7qRmRfHwRes6HgiNRNgkcZiDsuTxY8xb:12000000000000000000:OKDOT:CHECKMYTH
13RyDPimhrn8eGaR3YfA6A3pcDAf7WXHuGjKFcEbeeLcBdy5:12000000000000000000:OKDOT:CHECKMYTH
1U65NV9yPUR8uAMHJhHoHq2zA7GT7EFz47aoYQhSAmuTmYC:12000000000000000000:OKDOT:CHECKMYTH
1223YWqP1CHryWBeicSkZ5Mpwk2x65CG5r4ayzjHTyQwe56Q:12000000000000000000:OKDOT:CHECKMYTH
135mcsxUDBpV23XgsNa4vvDQrus5Prmpt1nEfqnghKL6415a:12000000000000000000:OKDOT:CHECKMYTH
13M9yApU93pfJ8qvsZbVGNEKeqsifCLnQ8nu48ufrscFGzys:12000000000000000000:OKDOT:CHECKMYTH
16jSPi3vC9dpPpW5gCAu9RtiNEN85X2x8GvQs7s7YmpK5t2X:12000000000000000000:OKDOT:CHECKMYTH
15YPrhJHk6EGNLLFWtUtLJEtzcCGKMmABrCtar5KGTwNePK5:12000000000000000000:OKDOT:CHECKMYTH
15T8yXjaFt72vvdmkjCMwqEE5Q9npLqPy3f4zDU8WbuWxFCu:12000000000000000000:OKDOT:CHECKMYTH
12wxqXwLpT5RwjVgTu7KWrp1VamS4NLMYNgs4wJoZUirzpeS:12000000000000000000:OKDOT:CHECKMYTH
16kiUpXHFxSsJPjpattQ6moMrYTDPQkeGgDpDgSXnPXQBjjX:12000000000000000000:OKDOT:CHECKMYTH
13ENUHxkxEYgQGg8W2cKjFJmLv7wPZE6nryupoQQiHMquSvS:12000000000000000000:OKDOT:CHECKMYTH
16n1myw8Rx99vdUgjDKzq2qRdsFuVs4nLQYdxi8MPEcNdXa8:12000000000000000000:OKDOT:CHECKMYTH
1hUDUY9BrErFaGb1bbvoX6ucNX4rnF38VrvFxrGqP5QAmQz:12000000000000000000:OKDOT:CHECKMYTH
13LYBXD1audU4SCcYJ91SAcmUbu7qXL7cS1sE3uMKrKiAbqb:12000000000000000000:OKDOT:CHECKMYTH
1YSgnd2RyGHemJxC49nfwjh5crQFmsGyGjmkFN21GSyzvvL:12000000000000000000:OKDOT:CHECKMYTH
12GwGEX4P2aUGHbC4AuC85xaP3EU2RaQ6Vkgda3sScg1ffq3:12000000000000000000:OKDOT:CHECKMYTH
16LMRtUVLiKcpugvJGGjSAuzqxMV32cmx43A57JGB3nwu6go:12000000000000000000:OKDOT:CHECKMYTH
12R6hditknwnLkNx96BjBTUWXsYCNL4LrBKcqynqcnYgCtg3:12000000000000000000:OKDOT:CHECKMYTH
14wFUhq6haUx3iYQ59rQjevqaGCPGE5DGiENJ4oPX9uemZXG:12000000000000000000:OKDOT:CHECKMYTH
1G9jK68YsePHPc4xrLj6e4qcWDisFYDdeffkn99aVvopViY:12000000000000000000:OKDOT:CHECKMYTH
13gqseFGb6yFgiqhwVrJzgm8sePYMWBG8S4YAceeScfCYQt9:12000000000000000000:OKDOT:CHECKMYTH
14TXkm42U8CLbxZB3gp5Vth2fwAQKcRUVx4Nq4JHhcBQeBxL:12000000000000000000:OKDOT:CHECKMYTH
1Jcu5bV3bgwNSwe6bVKpCZeHdMeBxWkDmLK2PzRK86AtNGF:12000000000000000000:OKDOT:CHECKMYTH
16QdME2a1wUaF6bhaM1BVwyYzdw92cCT5Wc3pLYNqYSH1RkD:12000000000000000000:OKDOT:CHECKMYTH
1JY28qsJsyaDYb2ybGxVk6wpFgYhaJdCDsZenYfhk1UMkG2:12000000000000000000:OKDOT:CHECKMYTH
134mJfmUwdYu16M6Gp27iscspbGmHNTWwiuPqDhdVT6Sp1Wo:12000000000000000000:NEEDED:CHECKMYTH
1HY4NiyM2YARYsxwfLhcqRY2w67r1QA5AwNE9kZiR99bp8F:12000000000000000000:OKDOT:CHECKMYTH
16AnfNenRJT26Qii4zMVnEXPmEAN6jcnGMzRdBFvgqFQ8Lmn:12000000000000000000:OKDOT:CHECKMYTH
121P6kFZiZbdZdArLqtqtUn6wTkpKxPuCzRabmXtyHbYLYSg:12000000000000000000:OKDOT:CHECKMYTH
12Vx3M8eGDsFYNY3zLeEkTLCSuyMNGduhZhy65RmprAGHN11:12000000000000000000:OKDOT:CHECKMYTH
12GBwoSDPq4GyavKVBDY3G6euCteVXvyLET94tcSp6Av7YjM:12000000000000000000:OKDOT:CHECKMYTH
12D5MnvzWr7iQMj4bo4s9ip9HpzHKVEbkGuxWXwyYLNNVq7w:12000000000000000000:OKDOT:CHECKMYTH
13d7CiessvUv2HPbd88Ja9pbWHhDqFPPQnLtEvi3riNZR9cK:12000000000000000000:OKDOT:CHECKMYTH
14gNX9EeofhMJp8irfDSXfsVLqftjpFT4nhFiNJWeG8p6Zy2:12000000000000000000:OKDOT:CHECKMYTH
12QtYUjjsVC6E39HC5fHqv7VGz8PfD3JvHdV9cvfQz6qngm7:12000000000000000000:OKDOT:CHECKMYTH
12Ydc5CzVWzrvnwYukFfEYcv6eLSaovr8PiBxZEoNTUocfQK:12000000000000000000:OKDOT:CHECKMYTH
12svf6Tr76EN2PFeDcGrUvPX5AEYAvuDL2A89XXBt159wfcG:12000000000000000000:OKDOT:CHECKMYTH
15pJMRVPJ8snod9pdCTkjLUFCN4aZcP8QM5gDSn2GV9s8MrR:12000000000000000000:OKDOT:CHECKMYTH
1GGXZBuV1kFianWQx8CLmGCbnyXi8CHWHNN4GGoTyR9eh35:12000000000000000000:OKDOT:CHECKMYTH
16RMpJGcDfYaqqeFAm2LLC8znHsSyYW51dwQBfRxdrCJY6kb:12000000000000000000:OKDOT:CHECKMYTH
15edTGWCXW5tVCbo93P6NT3Wn8R1LpbViKKV67M9cxqLcY21:12000000000000000000:OKDOT:CHECKMYTH
16dD7H6wtHqXdXUpXY9CCA3MVEaecb4Mf9fLX4jt47rphrzu:12000000000000000000:OKDOT:CHECKMYTH
132uFau7HFkZFGC4aRc8EXMbSatU7ZcWMdf3MWXffF89HvAd:12000000000000000000:OKDOT:CHECKMYTH
14YjpJj6EiJCXZKkNokFnS3MyBfdTb2nDVEVfysUaZ7K3JoD:12000000000000000000:OKDOT:CHECKMYTH
16gSUixPmH5DyvBY5RQCJ8EDNtnk6bcASLzEhbnaitRNx658:12000000000000000000:OKDOT:CHECKMYTH
13UXXuEisuUXWJCYjos5Jv33nQisHeu4wUYVqRm7ePgPd34k:12000000000000000000:NEEDED:CHECKMYTH
1eyHCceBtfvap55dRaaKPxs4EwbC8CqGEuTeZVWKGWEcMKv:12000000000000000000:OKDOT:CHECKMYTH
16Lri8kbE2DE8eFMnVxK8eBidcv515tP2PuscdGWMzge8vMR:12000000000000000000:OKDOT:CHECKMYTH
1Gwg3Zv58rYPiev8K4JHGddpYVEHCaoPrzW3iZcpAPq64AH:12000000000000000000:OKDOT:CHECKMYTH
14Yn9yV947cnnNuHPRszZwhK1YHGvrAfGtLcjp5YifhEddoD:12000000000000000000:OKDOT:CHECKMYTH
15mJmW4Qxn3tbwceohTa8HHNU5vBYfpDgjvibtUNrGTzKtmF:12000000000000000000:OKDOT:CHECKMYTH
15iFyfjm4WmAokVHr41Pomo1KANwkk5GU386cMq6Bye9RE8U:12000000000000000000:OKDOT:CHECKMYTH
16fYuSvsefZNtbtKB4t6FhDM486QAXdRYJJu7xRkP895DwF4:12000000000000000000:OKDOT:CHECKMYTH
12iwfDXtE4Wwjv7iCzPeNwbyhEWyfgU5E1dVFX4UBKDjTVu5:12000000000000000000:OKDOT:CHECKMYTH
14zXgAH5odZoy1ndJkfp8PvYau8USsYujfM7hgcDgJBFwY4K:12000000000000000000:OKDOT:CHECKMYTH
16dBjj5SBfg3xkqueZ1eQ7tH4MihuBTPAaAdiyRNvyuWh5dH:12000000000000000000:OKDOT:CHECKMYTH
13zxNoLsEY9pwGoYcA2sVhwUE8idtFt4uMesLfZScWFbjgvH:12000000000000000000:OKDOT:CHECKMYTH
1fs74zSjGSza5CqsXFRnmDXVjDnCuMrvP9Y1L5dWKDquemV:12000000000000000000:OKDOT:CHECKMYTH
13C6SpMq4DzAKMGQBZWx82FWHx4vEBVxtisS5Pe8U6NTjyeE:12000000000000000000:OKDOT:CHECKMYTH
14eim4KKHXW6fpLRD61vNzqrjfeFC2qDR484XqEjiKBNVGks:12000000000000000000:OKDOT:CHECKMYTH
13dy5azeai25C72xX6MTxaLCh4ArGn3e3SxXAxLmp4L24iZJ:12000000000000000000:OKDOT:CHECKMYTH
12SZh4xLv2RBdtQFBhw4zchL2rJaaTgteRLiSFV5JgWNQdQQ:12000000000000000000:OKDOT:CHECKMYTH
145hyYcAQNu1T7xGLZCfHXaJedAcciZhZfKQAevXkbfZGN3D:12000000000000000000:OKDOT:CHECKMYTH
1uDAzH9csjYMq1sDfJasDS379QZNCo5rrWFbySLghsoDgWi:12000000000000000000:OKDOT:CHECKMYTH
168FMbS78c7KCNW46j8SKDhUTqnTWvVcx7utLaXj8hp5SymD:12000000000000000000:OKDOT:CHECKMYTH
13L2Gv5JiJksQqBGo6cxgRp3GvmurUsyGeRXhLMi8HLufAVs:12000000000000000000:OKDOT:CHECKMYTH
14MHm178Tk7kBRgXWayGbcPxJawRs4TNvzt1bbSfhoXRXyrx:12000000000000000000:OKDOT:CHECKMYTH
1242gtiMNdm2enkJHFNv9HxLQYzk9gtBtU8aGuRh85swv7mt:12000000000000000000:OKDOT:CHECKMYTH
14Jt3HXGwtV47dJkZ1AWDced1QbroJpJi2Z6ZgqaFpLdv8H8:12000000000000000000:OKDOT:CHECKMYTH
1447nPoHUBWkb1nmepmjaufeEfw2VWk5tWtmFSJw3Vm5pAKd:12000000000000000000:OKDOT:CHECKMYTH
1SWZ5J9fTHTtr5bbtaxADPbQfPGzroDPRWuAp2LcAUb2MZ3:12000000000000000000:OKDOT:CHECKMYTH
1qWcaQZKNyc8JxXyHhzUjTKkGmZmsXWnmjU9dZ7cipiCoSm:12000000000000000000:OKDOT:CHECKMYTH
16eLPuaTv6FiptRfDvVwhSniHi7bCv4Vsn14c2JezQnyfT3v:12000000000000000000:OKDOT:CHECKMYTH
15KL5is6jEhQ34cKemSzcSHQAP3dgfWG46xUw1XVbuGAFohM:12000000000000000000:OKDOT:CHECKMYTH
13qvh8mbnnD61wDKS2gfa9bj4E59dvKZyzRXwmSk1kwsBXex:12000000000000000000:OKDOT:CHECKMYTH
16aaPRfZMYtk82z93VTUF3hqYwRF1ryE84ZSRU2DwQAqZotg:12000000000000000000:OKDOT:CHECKMYTH
15vb2g4WEah4bPFoiBjEFUuCjg4WsaEj9TQtJW9XgD1TGkrF:12000000000000000000:OKDOT:CHECKMYTH
13rHLqQdN9YsPWhbj1iijpsy8fzqDAcQAU6eCg8ZP9nkPFki:12000000000000000000:OKDOT:CHECKMYTH
1cG7pCEMc3qPvhfmQAzfZsKUqSaa8g2591z1oQKjC6Epcbq:12000000000000000000:OKDOT:CHECKMYTH
15iGiWCBJmpxY7YM9BFXqmvzKoRUhjrzrpeik8DG9jus1Pk6:12000000000000000000:OKDOT:CHECKMYTH
15kWgqCijdW14tNJDRM6KwoZveYMpyNwxwRojo9rsC39NP3w:12000000000000000000:OKDOT:CHECKMYTH
14JBwpBHK6vFMB7dLg2KqH5JwDcGHnkE9qQE2TwgzPbZKTAq:12000000000000000000:OKDOT:CHECKMYTH
1W9TbCamXprxbspp3ayNrCGpfXy62jfZDv3VvyYmsYX7HLQ:12000000000000000000:OKDOT:CHECKMYTH
14gT3mfTmLdGUcFdnfuUYyGpWMVWWTyt19j1jK7fBAyVdTPX:12000000000000000000:OKDOT:CHECKMYTH
13fSmZabwV5qh3zGHCgeTxKnif9MBjZdR7cxPb429zUDx5f1:12000000000000000000:OKDOT:CHECKMYTH
12qqYq3rCepsyviFrVjBaDf5gxM2Df2bSCsRLWgGFtUfuBBa:12000000000000000000:OKDOT:CHECKMYTH
149BnfzCUBZzxKMX2BmezA3n244iL15SyDMR3gC5BD13bxAE:12000000000000000000:OKDOT:CHECKMYTH
123KvvKJJCu1ovd1T6kZaPZ3j5PEQ2czsYrL7ek9xTepgvmj:12000000000000000000:OKDOT:CHECKMYTH
159NfQifFmbwre2tpjDpoxZxDsFS6DTJruC15wrNcndvdTaQ:12000000000000000000:OKDOT:CHECKMYTH
14U1uWQYXGd82Xr3J5PjUKT1fAXEAYksgGzN8N3HhReThhCt:12000000000000000000:OKDOT:CHECKMYTH
1zZt7H4dkpUnBsr6Y5pjCe9cka4snF45Ahtmg9oCBdYK5db:12000000000000000000:OKDOT:CHECKMYTH
162LGJgeZ5qKXuLrgpHSvw8zEjXV48MYsyknzqu7NFUsLswC:12000000000000000000:OKDOT:CHECKMYTH
16n54iu3B2xCXoxrAGTNBNNNV7XaVHjacbCDhrew3ja5c4e5:12000000000000000000:OKDOT:CHECKMYTH
1usqZD6ayuBpuRXjWqi4VJDnjRK8gthjyW1stBjBAxLqwGE:12000000000000000000:OKDOT:CHECKMYTH
123L5PwpjFoa8weFYuaTPnCg4ZRbBJGYyq9iupFma5GdJnB4:12000000000000000000:OKDOT:CHECKMYTH
13d4wDy7dKJAdea7MyPUUVfoQ2ystuxL5aJBdG5n8RE1ibca:12000000000000000000:OKDOT:CHECKMYTH
138QGKei3irTTm7VPoLrhHXiyaRCZB9nsoLwjScmmHdTXKj7:12000000000000000000:OKDOT:CHECKMYTH
13mK1JHF7F8DrowvQwow28APABP7NmgapF6xt47DiwWtb4td:12000000000000000000:OKDOT:CHECKMYTH
12RWExv78uxZC5hpWrz7nqYy6GM3pgdYk3bXiSmZenbEk3D2:12000000000000000000:OKDOT:CHECKMYTH
16MjFNkjUKrXWvZRav4doAKd5ivpN396pRVJXVDBscP9rqck:12000000000000000000:OKDOT:CHECKMYTH
129W5nDPQMxwCYA6ZwqZYNVFGiz1HxGGs77u2KCoNTfNdbvc:12000000000000000000:OKDOT:CHECKMYTH
15hdBwsnZDVV4GBsG6rowD5W1T36yruxxDnwCWuxMfQkHA44:12000000000000000000:OKDOT:CHECKMYTH
1i2trmc7eABxmsfEjHZCieY35CoFXmZowfd7B8xy7AkJo2J:12000000000000000000:OKDOT:CHECKMYTH
14ici9q9uuAcskijLDMG9yZBBqcuHrM9XHehYXDi5DMxUU9G:12000000000000000000:OKDOT:CHECKMYTH
14E5jTjQr3uvpKBi6oBSHLXZ95pkwxiUrCeDcZGYQSSJpkVw:12000000000000000000:OKDOT:CHECKMYTH
14bM1veNXE4cta6k8ENYaJkNvFiZHWzziPAa3yNaJyvYkQvc:12000000000000000000:OKDOT:CHECKMYTH
16FzMzps3XqnRKweK7Vj9SQaJGVMqTUzeNPWuzXpyofLQVuj:12000000000000000000:OKDOT:CHECKMYTH
13kXvzfh2HbVswXRgLbA8Z2WcLy1LSoyEKVCpoLDmfENxrTf:12000000000000000000:OKDOT:CHECKMYTH
15u4UkW7qZhWg4tjV2HXioWozULZW69cvjgeNG9W1GZQd3tE:12000000000000000000:OKDOT:CHECKMYTH
12jmyEQ8H7LmpxkvBGdifSC8xXGsqhgBsQ9owSfqJZLN5pTS:12000000000000000000:OKDOT:CHECKMYTH
1cWZyTg56Vwd87jEHwVgLQKrvZzygM1zoa9jZ7CMuKhmMTr:12000000000000000000:OKDOT:CHECKMYTH
1562ufo8DvdQJVb9XLKogMRQfr78uCNEF7M4EMtwaEKNkLoz:12000000000000000000:OKDOT:CHECKMYTH
12xxtPhRbPHw8pU11RQptWoSRqsEeANv3Tpmns5QjpJkrZjb:12000000000000000000:OKDOT:CHECKMYTH
14QPupc6eFwZBVCmtkX8B3MhNM8xoWvCYbpCXDvuiXYZ4aCb:12000000000000000000:OKDOT:CHECKMYTH
12rWUy6XXepGRqL5mussMp4ZkbQCmurNnLgKWzwpZEEuyZhK:12000000000000000000:OKDOT:CHECKMYTH
15G8FbwH7DWNhyNiPy3Ay66QiSeL4SJCncBfnNFJ4DCakMv8:12000000000000000000:OKDOT:CHECKMYTH
15XBbQBDk4nA3dH6zz17pSACxyDVrtiVkpvNbQDbR6WdsWYk:12000000000000000000:OKDOT:CHECKMYTH
14nWAKH5Zo8KCrBdybjvWyhT2BKGz2MdAYDLf1hY1Vz6hGCm:12000000000000000000:OKDOT:CHECKMYTH
12arJDRNnbLutGwKBoQ9VCibos5o9pKfTdXanmrp5tzduaRm:12000000000000000000:OKDOT:CHECKMYTH
12WhFP1KfdwMSjA5Tos1vGmoPmt6EqUzxj8UDizVBRbPM4V5:12000000000000000000:OKDOT:CHECKMYTH
12GMSBiAisUKTgqsxrNZtEhBekybhu2Nvk8FuuEFLWokQM52:12000000000000000000:OKDOT:CHECKMYTH
1m7RfN1rG3CS3zWDzwYoRdGXXPUJkP9iyQTYpPTM7aSTeKk:12000000000000000000:OKDOT:CHECKMYTH
15qsW4Rn8aGGsm6Z8KE4fHb3u4T6Cm6jop9oQpqVDgfo6Zvm:12000000000000000000:OKDOT:CHECKMYTH
16RKmgtWa8PkCv3kFQsoJAxUVKHWo2fFBj33pVJpL7H2qzmV:12000000000000000000:OKDOT:CHECKMYTH
12NrhmZM4jFjoTi13xVmbzfRUhhTvfpFZBQLzE78TF2kP8su:12000000000000000000:OKDOT:CHECKMYTH
151cPNtFT3JqSGH3dAQfGDK2oqRCGgLd2P3ojFrZQL72Jiua:12000000000000000000:OKDOT:CHECKMYTH
12BQFTf1hNdmetQRA4qWP8fCgQEoeUURYRXMmdhSHiEnm8aS:12000000000000000000:OKDOT:CHECKMYTH
13jztPqb8fxnuoc3E2UDGUfTSqJ4YTMSgeAFYkyUaPPb2iDX:12000000000000000000:OKDOT:CHECKMYTH
15tNThsXYR94xSk8k5TiuW4rTwgx8w4KxGgnjQPEHUMnTGd2:12000000000000000000:OKDOT:CHECKMYTH
13Gtx3rr1JumZGPttmJUopF66DeAdHbzRHF7CX1Czk1LNv13:12000000000000000000:OKDOT:CHECKMYTH
1iAejnAxV7VvSCR2GzJUYnEVzVoHLgmXZ6o44RHoXh4Xeqe:12000000000000000000:OKDOT:CHECKMYTH
13LqmwuKWEMDvX2ty16gpZfQii6DtFaZRNR52r6VDbgf4iXj:12000000000000000000:OKDOT:CHECKMYTH
16cyZdUr4K8P8VXq4uBP4Hy9WdmD1ozNxFgWH4sd7EA1zEX9:12000000000000000000:OKDOT:CHECKMYTH
14BR4Sate5eJFJqiAthu8BYfuDjD3X9meg1xoEi7Foq2UWii:12000000000000000000:OKDOT:CHECKMYTH
165gPRLkCT3fEDkBTHAZxGQ9GnBF5mwcgD6XPM1wga47By8d:12000000000000000000:OKDOT:CHECKMYTH
12dJ84W8Tc2iis9V8YukmVdw22jZcMNCjbB3aYrLvNAJ8jPj:12000000000000000000:OKDOT:CHECKMYTH
12VjKqruPhneNrxfHNxHXaEBKnhj2AoG9aLtWF5wrAtByU9z:12000000000000000000:OKDOT:CHECKMYTH
1dpNNDyJKbr6ytgJqQHd1gme4wtNBo7iF7sz8D4P8p283fs:12000000000000000000:OKDOT:CHECKMYTH
16XNV7QXMpSV6ngxVx4wQrwEZqoApgv3BZdzQpcx4qc4RBKi:12000000000000000000:OKDOT:CHECKMYTH
1ndqUAA84F3kbkjToTJ2GZNzND1R2M6Dx8dN6nHkmDkdyCy:12000000000000000000:OKDOT:CHECKMYTH
13dpGnjuh7krLur9CmK8hChdN1Hf64ocX5g6tHUC9EQsxfez:12000000000000000000:OKDOT:CHECKMYTH
15dhze6rCXZ5E8zGKxz9AB2Q2EG2cpZ78VTx45qcc5gYZTii:12000000000000000000:OKDOT:CHECKMYTH
14KQydMRcviKVZfbDY7UsEVndx2LWoGMhouVQqU53KXKuA5:12000000000000000000:OKDOT:CHECKMYTH
1gvLbPxj1GjE7UujPkgrmA5Uw92MqDk3dZhjGrcEf4aPniN:12000000000000000000:OKDOT:CHECKMYTH
14to4YTCRCPA2yZYfC12iJYdyR5E5sNMgoo7p6GNKDdbGWgy:12000000000000000000:OKDOT:CHECKMYTH
12E9MiSaetKNMJsQ5EktvmUUE3A1zjMD9TA1sC6fnvvdBpy2:12000000000000000000:OKDOT:CHECKMYTH
15aMqcsnQdrm9xNbuoXh9zhaGKNAa3FD7CsQ5nTa29nNFoTR:12000000000000000000:OKDOT:CHECKMYTH
1QpcARGGujNnYQ4VDKf4AnopF7mAWsDyu9F8ZwW5SDoLHuT:12000000000000000000:OKDOT:CHECKMYTH
16ELrKMewVuCedvYsvVUGrsxXjFxnVLh4RegzV4ajmVg2EG4:12000000000000000000:OKDOT:CHECKMYTH
12NCZy9cKAf5c6Ud15rNaRh8AajQvWzbzZ6WbnbtNPPqGuSH:12000000000000000000:OKDOT:CHECKMYTH
14uVy9EcegJ4k2EEYDxpZL5zeJuRXmc9ZUL6UCtSjFgCHczb:12000000000000000000:OKDOT:CHECKMYTH
14jyxuddnYgaq9H2mG9F7z99y6udGe4MiRtc1MtB3nTdrCUC:12000000000000000000:OKDOT:CHECKMYTH
15LHFo3Y9R2xQkeeAwDpaVh2KpmNprxmjvBU9f3kYqqGtv3U:12000000000000000000:OKDOT:CHECKMYTH
14myha7eajUK9QC61XUVBJuCNgBwaBpFjzrj2q5UChTcZAvT:12000000000000000000:OKDOT:CHECKMYTH
16bY9omFLUABzUEazD2M1X1Fa628TnF9NGMVsu8MKTTfyjxa:12000000000000000000:OKDOT:CHECKMYTH
16Zoa2kBpq9yDCeCgNM5MUFc3KVskmQAyRLHtRQdkFNQDNmP:12000000000000000000:OKDOT:CHECKMYTH
16KR2YR3vLqwKg731vp6DbbeAbdCdVEzfZ5PABKaHVXNJK7j:12000000000000000000:OKDOT:CHECKMYTH
12A5hCCRGA86F1JPevE5TmxqUo9hfHd9Wsj5T1qK8gE5gN1J:12000000000000000000:OKDOT:CHECKMYTH
12riptiXvpz1HD4JjwrTCutbKa7zkPsoZqDE6L8Ndo2RFbiD:12000000000000000000:OKDOT:CHECKMYTH
16je6jxvH9CEoXz7TdtxYTWiTEKcTNZ9wPxaVUcfy55W8Cjw:12000000000000000000:OKDOT:CHECKMYTH
152QceRpzG6vcPC3JVjzMUCQuFa2zRXTapjvxhqH39rvBscs:12000000000000000000:OKDOT:CHECKMYTH
14m69HKRzWWNzsgmk8EuHbwWxHWTkTCCcUTTUffmcHNwi2W1:12000000000000000000:OKDOT:CHECKMYTH
12nw9mwmjy3agnkSoZqrTSCFkxrWBcY67qPfnumPYTALKi4E:12000000000000000000:OKDOT:CHECKMYTH
15pGcffSUUceWsaJaWE6CPHTzbxGnY4ixicy7Nbu7rMv6LEW:12000000000000000000:OKDOT:CHECKMYTH
12BQAdBS9YzkzLfNeRMN4AN8UUExSpnCxEZkZrVJ1Qnse2kF:12000000000000000000:OKDOT:CHECKMYTH
12oY8HobufN9EeRYX7jsKEnGtY16NDEQy2cXLMwRPSXx3qd1:12000000000000000000:OKDOT:CHECKMYTH
1XWyBGEzk1CEgqKT8Tiyfw2kx7MTjPeViTCBpSGdGs1LDDs:12000000000000000000:OKDOT:CHECKMYTH
13dPUVGACjF72grf3xgHDFGmZk1gRUX6ec35Am77iRBgnhiG:12000000000000000000:NEEDED:CHECKMYTH
14pW8kJf6fTVrFjNPx2grVRPRg1FzWmuCtnDnJnQshsVXZgJ:12000000000000000000:OKDOT:CHECKMYTH
12mvFD6UxBrqGvamb5onpGMYkebyYj2CQ4rQxpaT87a7ArN3:12000000000000000000:OKDOT:CHECKMYTH
1MAakeaofwztRXh7hHPHP8j2bRQGYTzq9AkNnyjNgGc8NCY:12000000000000000000:OKDOT:CHECKMYTH
16ToL2YDaFox254ijeYXwa78iXeB5n224CLxQ1xzTPvie5fq:12000000000000000000:OKDOT:CHECKMYTH
14g1GoegiJAkci8K25ZYmt3fNKk8TnkAEjrinoXWCruyF3Xw:12000000000000000000:OKDOT:CHECKMYTH
13thP1tNSniVvcJDC7edGSFS92FuExBN2gq6W9u9DS2xJFKP:12000000000000000000:OKDOT:CHECKMYTH
16DBXSdhX4d6aMLCHgZNW5zyJjuiKU2PRbZy6kx2cyEUNguY:12000000000000000000:OKDOT:CHECKMYTH
1bZZ3XgsGxfa6khsncKZmzsx64RKVsRsuJg7MS1ZZdxhzcf:12000000000000000000:OKDOT:CHECKMYTH
14wHJprPAhdZ7NV5wpQAMU7WV5L1UuxjLqVwHEH9Hkfssst4:12000000000000000000:OKDOT:CHECKMYTH
12SbPc69um2AgRR2qK6vRpMEZqZPjNnidfdHWc4HCtjQHxWe:12000000000000000000:OKDOT:CHECKMYTH
127MYN5ediotJTQLMaokg9Tq93pKCU2u1kZ8e1k9tvT1ZpTa:12000000000000000000:OKDOT:CHECKMYTH
13yyTDjfAYsiRaAuVJPzTb6AoKNDwy9mNT4h5w948m6kxrAa:12000000000000000000:OKDOT:CHECKMYTH
14yrkWFb7X3MDZ22qwsEAwkd88pWA6H5Xt9UHZ5ugWpx2Ywr:12000000000000000000:OKDOT:CHECKMYTH
16gpCZ4RsEsXc7LHth2fu9mWhHAs2cAaPWzUpLAvtKztTBuB:12000000000000000000:OKDOT:CHECKMYTH
15y8Mmwnx2A9EqrebdWYAmdDNNaZhJmqiJwkfDZSjadg22xJ:12000000000000000000:OKDOT:CHECKMYTH
12Qb4sGjp7qPq1baDp1R5vi1KLkpbwnkv5vW2enfm2jnRSs1:12000000000000000000:OKDOT:CHECKMYTH
149sB754Htj51URYmV5sW1pHgrvr9V3UB8U3NeDy4888SEvx:12000000000000000000:OKDOT:CHECKMYTH
1ezQ7fkY6MnKvbcbDG8Tyt5fejUet8Wky1dMTNtZNPvPG1z:12000000000000000000:OKDOT:CHECKMYTH
14nCX9UaFbYa5so2zX5EzbqiYyuVqdhU5ANj1vQ5rKzoBGF7:12000000000000000000:OKDOT:CHECKMYTH
16hroSkYuxob3de5YJCyLeYLuCbrF3bnyEDCSgCLHzY1mgmy:12000000000000000000:OKDOT:CHECKMYTH
196kPAg3tvKFLjhvQQ7cZjgryCH5KvYQ7ESG3tVGRLmUWKM:12000000000000000000:OKDOT:CHECKMYTH
13P36RVtFQXsJ8GDkfsjFeQSTfhe3cvEvvaUTYpeDJSCW7mS:12000000000000000000:OKDOT:CHECKMYTH
139bZumhtDTS7pTNSKm8uYno2VBH1mwiDoruz241ovgGgfE1:12000000000000000000:OKDOT:CHECKMYTH
12DtqfZCi4uhcRsGwdQSc9xGshsiBNLugZCGEmutgMMjKZxW:12000000000000000000:OKDOT:CHECKMYTH
13TztZj89CUVVV3uqhzsxtLqNLYiJmqCwcXW36nEisz1mKMy:12000000000000000000:OKDOT:CHECKMYTH
16gi9uKsfesJBezrGseoTh3cXAk13UuGnkRacF5wEhQdxbcH:12000000000000000000:OKDOT:CHECKMYTH
1ZbzCgox2p5GqYRkt5S8pEt6zC4S8x5dNXEsNEnk7QP3LaD:12000000000000000000:OKDOT:CHECKMYTH
15YsrrKU2ko5zcyfhpFyXUyWapQ279sXqEyHdc65KWTeYgoh:12000000000000000000:OKDOT:CHECKMYTH
14dAhSSAs9aMd9CRzuFWrPuEoEwWkW2FKdsJwEz7QB5pLsba:12000000000000000000:OKDOT:CHECKMYTH
13V4nAC3UXfz6WNp9zxw8sr1eJQeucCaXCNtSxjEnW7LpWQA:12000000000000000000:OKDOT:CHECKMYTH
16cjZXUBP7UDnJJBR5RnNBuA8VzoEvX3UDiqpcY5okQNPych:12000000000000000000:OKDOT:CHECKMYTH
15BxE4AvAaeVsa2R16V6pPozu9XF8UQF7ZbFwHtMXK14bHPS:12000000000000000000:OKDOT:CHECKMYTH
15S7VeA4mMuRZbCQTkrCGQNKTwb4votFR3vsb4F7v8psn8Gg:12000000000000000000:OKDOT:CHECKMYTH
13i51sdN7snDr5WzH9AtyDPM1JhfRz4Kke1VN4McM8hxmxbc:12000000000000000000:OKDOT:CHECKMYTH
132LcYSuQ5EfuJjXgJCZgtSeGXdFCdia9eA8pV9m7WWCU8kV:12000000000000000000:OKDOT:CHECKMYTH
13jgSUUMB36XWJfVfF9GB6WHS7RaaLiY7XwxveHXMaGH3tBn:12000000000000000000:OKDOT:CHECKMYTH
131P9Nhd1RiGrWnQYH9hHwWWVn5t8ndsp7eTRRaU39k3zoMS:12000000000000000000:OKDOT:CHECKMYTH
14u6j72z4LEXTD6Q7QXFciqiCjpthakaLpov4bB9pJTJx7uq:12000000000000000000:OKDOT:CHECKMYTH
14HVeGiUd3WTdsLTS91hs1BY3HPyvB6Y4y5fThfDacxk4EsB:12000000000000000000:OKDOT:CHECKMYTH
13azRHMMF8mNxmDLMxTb8T8tEpCtU6j4m6eSxj7gyaepr2Lb:12000000000000000000:OKDOT:CHECKMYTH
13a1fLz5ZGAm9TNSXG6VEhRSxMxsXVTPt4DEB167GzyxpSzP:12000000000000000000:OKDOT:CHECKMYTH
12Kdsv46KCgvYEdAtYCSdUAS8puKZ6FNeBJg9bCa1H1PtpuR:12000000000000000000:OKDOT:CHECKMYTH
122V5otXPHr81RnizsHoJ8uCnPso8h4FobDLqFtgZvfNkzG1:12000000000000000000:OKDOT:CHECKMYTH
13GL5rgAxpbZiHayFFT8YowrwHfsMLudqTeQ2cxe4sY75G5Y:12000000000000000000:OKDOT:CHECKMYTH
14dXTs4juGM9KySdLxsjNN3B51YWNABF2fteW36GMsKhGTho:12000000000000000000:OKDOT:CHECKMYTH
15hbsQW66Ef9UMo2dWjX6WtrK6UvTe376ZkzuDRbDgPkKnHH:12000000000000000000:OKDOT:CHECKMYTH
13YqPTgimfG6mr3wjeQhKM3RYSH4HWBTnx1SMXhSkW9okaEf:12000000000000000000:OKDOT:CHECKMYTH
166tNPAyAVaZHT2zMF2zhKz52orqWB2XCi1HNmBKo87M9vX9:12000000000000000000:OKDOT:CHECKMYTH
14weTmfJWY74uuxZAnVGGwroRLGVtWiTTRQj47r9ReFkCnqg:12000000000000000000:OKDOT:CHECKMYTH
129hsrNCqpxWUs4vP8Dgfhcd5qbLucxL91bzB98FQMsmc3x7:12000000000000000000:OKDOT:CHECKMYTH
1tkoq8gBTb3m8s7rVRqxdbtjRXmXYTwwLH3JjVANNKgjncs:12000000000000000000:OKDOT:CHECKMYTH
13WEfNqUrBpifdDNwjNxnQihRTAcw4Fyc2FFivzS244AEsyn:12000000000000000000:OKDOT:CHECKMYTH
1QufgPhp5dJqjebEbLx3f8i381op5Uphk61AhM5Qwxq4jdc:12000000000000000000:OKDOT:CHECKMYTH
14TWwur8kquKpBMCXQDs89KVvDDhqXZ1KeHuARSg14h8vQX5:12000000000000000000:OKDOT:CHECKMYTH
1DNV8K7EfPhEd7AmmkhQcuw3MZcbu8V37Ne8hrLvSCP8W3w:12000000000000000000:OKDOT:CHECKMYTH
14eBvzRHzx1NFjCkMepns8ybh5H42raZqJz86gATqQuY7SpT:12000000000000000000:OKDOT:CHECKMYTH
15h2UVNm4cpox6JVY5kQtNd1mEFmrCqeREXA6y54jzLUTcgy:12000000000000000000:OKDOT:CHECKMYTH
12rJYu54D9uqbEhwEzvNFCAAthEx7Po8rCtksmDYB96ZQuna:12000000000000000000:OKDOT:CHECKMYTH
15SNaF9BY7a1NoKrwSPFkH1YGvLfU6t1EZYy2t5NKTcrWQL:12000000000000000000:OKDOT:CHECKMYTH
14WtxiuSYtbXRu9GmS4cJQ2y5KWGZmC6vzPzPyxSwpbgd5Db:12000000000000000000:OKDOT:CHECKMYTH
15KGd3ur3fNpyM16JFV9pcpPNJwc25byXkxAsqXnbyibZ9zY:12000000000000000000:OKDOT:CHECKMYTH
12Yk7JbnuMb6TZwGHkmWySdPyK19DSA9kvNq7sdTktMuskru:12000000000000000000:OKDOT:CHECKMYTH
126Zhv4LFPbC3N61J853VZBAxcj2XNhjf7RyCp7njaUAgXFx:12000000000000000000:OKDOT:CHECKMYTH
15zDYXh4tDePFSwT5P67CLCByF2FdPkizzCtM5BEvPuonJe4:12000000000000000000:OKDOT:CHECKMYTH
12xfrULAJ3nczEuGfyNgz69pRnLSLe3ydxpqkkmJUB4QQUFQ:12000000000000000000:OKDOT:CHECKMYTH
14CxyEmevQQjPqtzNomjeriE9Rjb8jL9jVBYCBhoHKwDmhJ5:12000000000000000000:OKDOT:CHECKMYTH
15MEht4fZCogVbLbAHGoZR9Z7EA32sTSSbypd9WEHJQ5jXLM:12000000000000000000:OKDOT:CHECKMYTH
15ShUyceKZa4A6GMUyKCf9qWi5i4sYJ2fAqd9P9c9UC1BAyd:12000000000000000000:OKDOT:CHECKMYTH
15yqjyuMfDLzBKqBgwtxx62oMZH945cPLabWHw7V6RsmvKMU:12000000000000000000:OKDOT:CHECKMYTH
14nBo7F5pgp4KB8TJ9zZagcK89KoJf9oiCo12kEYhK4Ahy27:12000000000000000000:OKDOT:CHECKMYTH
13SKK9zT8FzMUHNwwyJM57nwmv9nRPYw5gSkcpwJhRcyvPhM:12000000000000000000:OKDOT:CHECKMYTH
138tcjzDrLWxPmos58DSDoKUBJ1egRzsY1x6LTidbscPYztp:12000000000000000000:OKDOT:CHECKMYTH
1UTXpg5dcRZfaEJNanJ1UqHD6bak8YVHgQH3ZAupyoHCqwa:12000000000000000000:OKDOT:CHECKMYTH
12k3Qa9gUQsrXpy4rjR8GMczFw2GMx3Qk8tnivvjismHujgA:12000000000000000000:OKDOT:CHECKMYTH
15LHUcVrtbDkco8SuiD1tGVtNLJDNNyEYceqYaaEAsburmtR:12000000000000000000:OKDOT:CHECKMYTH
13VPtW3YF7fSJa9qjSPS3hXRqL53EArhnEFwRjPmA9pt7MWL:12000000000000000000:OKDOT:CHECKMYTH
1HXYUD96hSceNmiZc4kMHU8xaVkJZ1as4L2Rp9UWRfynHfM:12000000000000000000:OKDOT:CHECKMYTH
15r8mv81H8EK4D7XNwj8nykyfKPhzYajJpkWkjW265N3VCZ6:12000000000000000000:OKDOT:CHECKMYTH
14L6bKsWA9igNBQpKfdSPC7UmfxFVD8h7zzZAWouBhs7Rvzd:12000000000000000000:OKDOT:CHECKMYTH
15DQ4AjRiu5jXHDk5RkKQCGeGfQtDs5ZUbw3ngCbZaJWJxYR:12000000000000000000:OKDOT:CHECKMYTH
1vNoqqhGfitJ4v7LEkfc56PZbrRF2CAsygK3r2jum6GAUep:12000000000000000000:OKDOT:CHECKMYTH
1wcqsD2fDMqkUxi9Dp98QtnZLHAcAZreAeDNjeoNftTvUQe:12000000000000000000:OKDOT:CHECKMYTH
14zVx8J2xdzkVQmar8fD9CD9nbUPvtAXYxxLGwsuzDsTBhmd:12000000000000000000:OKDOT:CHECKMYTH
14p4FB6kHPrQEaeM6PSM771TcbbuGNRiMJB1AmjYnZjqVEcX:12000000000000000000:OKDOT:CHECKMYTH
1Lsvs33tKmKQ3zBzJBf4cq1UFskBZaz1jfg3Gpwta4Gr8Vu:12000000000000000000:OKDOT:CHECKMYTH
1aPQP5kTdToygaUw4Qd7gwNj3SaERHsCHE8wE1wXwNtbTt7:12000000000000000000:OKDOT:CHECKMYTH
15rRMRpYeD5nG83BPeuxYqmyXqSSvFTH1nrLv8bTMSk3jHzZ:12000000000000000000:NEEDED:CHECKMYTH
167SsJR4wEZMiZ1upTb4Xac4c3nuQZDnLe9tBfecVQpdHpjb:12000000000000000000:OKDOT:CHECKMYTH
145mXTLCG5M7jLMuHzLN7rX5JooCkkCafYtn2KAVBVfBw9m6:12000000000000000000:OKDOT:CHECKMYTH
129daCPh2dqZMuoZ5KVFyvSB95sVYcBMK7dzidis5biWTrHd:12000000000000000000:OKDOT:CHECKMYTH
1rVzQBircpeuRq5vVXgf2VJjeMys2BwLoHijuZQAqPsxp1Q:12000000000000000000:OKDOT:CHECKMYTH
157AkX79HTjhZ98g9RVpxkrAovT6uty6CFfSWA8ur6QmNyu5:12000000000000000000:OKDOT:CHECKMYTH
155SqQi5TdWnkWJHJmRsMF6EHMXQdvc3UfAzFap7EsXoYo9s:12000000000000000000:NEEDED:CHECKMYTH
13mgVJcoTEBKAZPPMUZ89fsqKLxsgF5wdy98sJABBrEzmZNm:12000000000000000000:OKDOT:CHECKMYTH
14WrfFJ2ZoxZQeWHkED8aQbVGDEsQiWVDV16zpsHSBbrD8Km:12000000000000000000:OKDOT:CHECKMYTH
15K5TvnqtcxBjNdUT2Kgd42R5bgpWLKEY7k8CsjGdUPfUjeH:12000000000000000000:OKDOT:CHECKMYTH
1CimXo99kWsXrFMMe3WVVrx6ftiGpGt43XY4pEEY9Ag4VXj:12000000000000000000:OKDOT:CHECKMYTH
12xYxsmunyajPzLkjVqVCHPVKqQpFgY6eSLuywM6BoQpLNcR:12000000000000000000:OKDOT:CHECKMYTH
13oxV6k6TVNx76PjuHMdWAUysXAQa6JpMa8Zk7iontRLtUf9:12000000000000000000:OKDOT:CHECKMYTH
196pXWijigQSu5gtSsKFDpGec6ptEdRx4NR7QWJ9rRogbuN:12000000000000000000:OKDOT:CHECKMYTH
12EQMNwNvk2aL69cDEmPuRVLgMvjfGMagYyoSAn24bLqjLPS:12000000000000000000:OKDOT:CHECKMYTH
13xQNFgpJzVKBL5b6PxxYmv11pwdVe9jq2ZBwAtESYp4Xts2:12000000000000000000:OKDOT:CHECKMYTH
161ZFHFzH43NBZdEaTaafnZZHYFNW4q8hd3Dbk1ts18J7Ffo:12000000000000000000:OKDOT:CHECKMYTH
1BSqmWZgBQ45uiSuDHxjiuxgySZh3wyrAR8HADBBmV5Z7UE:12000000000000000000:OKDOT:CHECKMYTH
1jWAaAY2eHiZMVUmL7mCnkHLasJisMo4tYx6C7QvxNkcEQJ:12000000000000000000:OKDOT:CHECKMYTH
12Zx1TU5Vg9L3pMo4WW8dVHX4Y8X8uXqLMyZjRK8RAcqMo35:12000000000000000000:OKDOT:CHECKMYTH
16WQy2ipZWr4YeTqZsCkSZ4FpweehKWktGQBkYUbgF1azLda:12000000000000000000:OKDOT:CHECKMYTH
15UpCzBXguPUMSa1hD5RXoP1z57JgXLiFhrWew89fSwCMp3b:12000000000000000000:OKDOT:CHECKMYTH
1XnLJSaqbvrBCDpvE7xsG8MGAzAEWe5FtuyCfU8fXJsyphY:12000000000000000000:OKDOT:CHECKMYTH
15Vo138bdSy7MBdFKVuaa9KgmQh3otVnsxEib5avDTVhwDV4:12000000000000000000:OKDOT:CHECKMYTH
16SfzLmas2rr9dMGYzEsV6p2xeJmsmC5h7Byh1y6P1kBA9P8:12000000000000000000:OKDOT:CHECKMYTH
14BEL84Vvw7aSoqAq3ic7fRuoZQn2tY4JJHUTxYVdyucGMxj:12000000000000000000:OKDOT:CHECKMYTH
153Y5PPpTsyw7uNasKugS6YSEMVPC1JKrV16678NeV759kDS:12000000000000000000:OKDOT:CHECKMYTH
16cCP9SwhafuADwNPuAevgZy9KMdKisbxcPNFThrAzosg9pv:12000000000000000000:OKDOT:CHECKMYTH
1VVnjJ7Tdnhe4RxjAWWamL8983LjmY8TqcT9C87357Ahy7B:12000000000000000000:NEEDED:CHECKMYTH
16Cnf9aUyiy3FCW1MXVkfFKTAW9CgdmizpPwfD6nAvTQCfEY:12000000000000000000:OKDOT:CHECKMYTH
13DqSXShwcxFH9WHX3PsLtp877vZ1QdHXBqZip9dP3teM31X:12000000000000000000:OKDOT:CHECKMYTH
13zLXD5Q4vizQNoqS7QceuGoD6JhmLHXGDUbkjEvAiAWXEFz:12000000000000000000:NEEDED:CHECKMYTH
1591rnHtgLF9aazvfEZhEzXecZzMrvA5ZZEswJCAnRiT579t:12000000000000000000:OKDOT:CHECKMYTH
16CQQYvV1eRAwqinjL7oGGpBA5zg6hSVeCRpqcv1QFGWiv2N:12000000000000000000:OKDOT:CHECKMYTH
14i7VVtVFvcWqEdWpDcmpUvcFJz8eHgV9R1gLsrixGgbxfoY:12000000000000000000:OKDOT:CHECKMYTH
15onWqcvkY9eNZE2SicKkoQrgraZdQAn4YyQqwcNULPwiar5:12000000000000000000:OKDOT:CHECKMYTH
14syRRgncNJonskq7uh1BLgShoR63xt5HTnQqzq6YWxCAMya:12000000000000000000:OKDOT:CHECKMYTH
15dnyYfuZELWfFwBsmM2AmiqPZJQ3uc34jVuRi4Cf6xRXvko:12000000000000000000:OKDOT:CHECKMYTH
1aGzGdb3GGvgKiKatLvb2DZQUKDvrUC1vRyhvtBzVZjSvFk:12000000000000000000:OKDOT:CHECKMYTH
149RMnv4Gw24gr9bbvfyky7ypHnMeK47iuSzDviDxG5jdzrF:12000000000000000000:OKDOT:CHECKMYTH
16XZFcDhapcsKf3LF9nQ8gUdCTuV6GRjgyzA2XrTxm7XMcgq:12000000000000000000:OKDOT:CHECKMYTH
14rRHYKnYZyxKbZ7UhNL8D3o8dox7bKb8U7XU7D3ZY4qqPyC:12000000000000000000:OKDOT:CHECKMYTH
1ntDbcSry7p68AFvmPvTc2rHPk8mpMue5RSdp7jPLoYKjZh:12000000000000000000:OKDOT:CHECKMYTH
14TDDhvTCy3q9Jwcvh4H3NaoKuv8XSaATQwVsTsWCrmuUX5x:12000000000000000000:OKDOT:CHECKMYTH
159cxA9fANbJm2YtjEmrkQKah8p5Mer83pkfQ9zrZFwxxz1f:12000000000000000000:OKDOT:CHECKMYTH
14w5fCc8EeTFuR4GLsoddeF4jq8ezPh1UvarKq4ESJk6RiXQ:12000000000000000000:OKDOT:CHECKMYTH
16SMftBrLVEuW4arJCA8yoEy84Svd2thEkuFSNvY6aq64Pc5:12000000000000000000:OKDOT:CHECKMYTH
13Gr3HEBKL8g2fi1qgA8hQR4CXa9ekqnwf4tYo3Ldip8foSj:12000000000000000000:OKDOT:CHECKMYTH
126AMq3BFLL63j5xwveT2mbGBhT4DRgeGoPGNGF6KNSPF82n:12000000000000000000:OKDOT:CHECKMYTH
12jtZZvpCZwMus21nzhJgba3PuVPhbxW7Uami5yYbGb89i8A:12000000000000000000:OKDOT:CHECKMYTH
12HHNPkdYAJusiB4AJpit5mXNi3z2SBnEUbi9U4QGPtNJ9PH:12000000000000000000:OKDOT:CHECKMYTH
13nQhQuxMcgNDb2WxHQm9C1hz5zcYXXuYL2gVtGJbFoNPUub:12000000000000000000:OKDOT:CHECKMYTH
13hN2vo2FYUoZnYK5r9FhBLU97zuAa8tLbKPicab9CUDtXih:12000000000000000000:OKDOT:CHECKMYTH
16SqbxYCokcy9Ss67oeHbymy6xLWpvbT7y6nrW1WghvDyLoL:12000000000000000000:OKDOT:CHECKMYTH
15iu7SAfLER6UzkxjrZ9fEojSAvyNs4k9eKm7XpWUzHDnzoD:12000000000000000000:OKDOT:CHECKMYTH
1Qrt7azvycGF7Sctt1CM9f7MMk5bM2zuvsxAZoPDgqPNBkC:12000000000000000000:OKDOT:CHECKMYTH
147fMJoWQNomn2yEzdCVjq8HHoh7QffqJqGyLtbN59646ycn:12000000000000000000:OKDOT:CHECKMYTH
12j2Nr2AbRqSXiyE6GZ7HAGRWZKFC469Zi2gXsbiaLTcSvYg:12000000000000000000:OKDOT:CHECKMYTH
16YbcFK1xLmVzmaoV6t4PGoKwnmGez1mMa6q2XYvXgHAvUYZ:12000000000000000000:OKDOT:CHECKMYTH
18f7qWLc8GRJX5S4gcxz7sG7wnE9m4eCH9LaRYAdB9DrCD8:12000000000000000000:NEEDED:CHECKMYTH
12c7L5xgPVHdDPH7HBxDWJCCiKWthLNDftBrTYELUmDkNTxu:12000000000000000000:OKDOT:CHECKMYTH
1tSy2o65trw371tWuMh6P5XgRfvCkEXr19pxL79JB5wMi2T:12000000000000000000:OKDOT:CHECKMYTH
15uvi42Y1teswrFyNksTfo7ZdZnq3gGx9Bxvfa9tGGRfQrno:12000000000000000000:OKDOT:CHECKMYTH
13GPqeeLVKNC9KzMgWvLXRGBB7aXdySB5AmmpnrqDuyc38an:12000000000000000000:OKDOT:CHECKMYTH
1bQevZnW3DhtMqSD3cSAVrEtqspAVTFRdEWiQUc3XsCZcCg:12000000000000000000:OKDOT:CHECKMYTH
169TU64WBth9S7AYWEJk2unAATcFx99UDx2fTEtVEKpvd3ZF:12000000000000000000:OKDOT:CHECKMYTH
14dPYV53RGYUBqi5DRTg91YvDxEf7ozneTrMwRmH3RRkWhVs:12000000000000000000:OKDOT:CHECKMYTH
1bEBqsCHbWLjj5FFWVWYYaSpKeFow7ZwY5GqjnV6PYPLGmc:12000000000000000000:OKDOT:CHECKMYTH
12Bvw4vJNg2SUppoBr9Cu8RvYrZY3VvV1aG6X52x8EHBABFU:12000000000000000000:OKDOT:CHECKMYTH
1319DyyTZ6RquGVFNieuPugbxmvu6ZArUKGRKEY98ReYBYEY:12000000000000000000:OKDOT:CHECKMYTH
1Ha8nHnfeGxVy3r3JKspTPrycv6ZhRJ6jrfsMAdu6KVQu8o:12000000000000000000:OKDOT:CHECKMYTH
13N1xefvYku1JEmqdTv7gFmAmhhYYGZYrST35FHdr5jiJsrf:12000000000000000000:OKDOT:CHECKMYTH
13daA6RJDdQunrPAddfTkwygTwq9J9UFFroj9sKJ9TQWiwjh:12000000000000000000:OKDOT:CHECKMYTH
14ZWu7VTcpCGqqR6NBFFEtNh9PQZ1DfA2snupiwmxhmzrRPk:12000000000000000000:OKDOT:CHECKMYTH
15SM21RuK2W6CZ7JiMamfd1JopPQg9skT153GQ2x3PGSkfso:12000000000000000000:OKDOT:CHECKMYTH
14Nfwg1kzBfjLDgrZpSjn4Z5yKZ6B3UciufG5ipNNpR7Chpv:12000000000000000000:OKDOT:CHECKMYTH
12QQJz1ZyrXCud4HzQsLzRPbsRmYJ5zZqGqpqkp24tE3pQVj:12000000000000000000:OKDOT:CHECKMYTH
12c6aaCqoVhVG2zhF2Evn76HMhaqfB9XQQxYBoFBF15LtGzy:12000000000000000000:OKDOT:CHECKMYTH
141sVz727rA9dWZrjefHuntETynxnEA7PrP7xDGBBdeBVjZ5:12000000000000000000:NEEDED:CHECKMYTH
1U1g8hzGp7yRhN6wf8B1JRqaXHGS4kSCpiUQqr8YVZGzryE:12000000000000000000:OKDOT:CHECKMYTH
14q761u7Pm6gUcr5L7Ae4xVLsCKxypwijMUMtNRxm5wJ1X8m:12000000000000000000:OKDOT:CHECKMYTH
146ARkyMptcrHzJoyaF7UeSf6Z3qWzRn1wJfUWsYfUferRr4:12000000000000000000:OKDOT:CHECKMYTH
13Vo5APnGy1Nw63PovqVZPXxTeEWotufcW1MSLDkdacUeTrP:12000000000000000000:OKDOT:CHECKMYTH
12gtg5fFuifqLrnbcKBwkHyjsPpNEJCpBgUgMetXMzYNea9k:12000000000000000000:OKDOT:CHECKMYTH
13gNUhfLpzt8p2dohFx2iAFQsNAbmP4Mv7ZrEiAoQY69Gc2R:12000000000000000000:OKDOT:CHECKMYTH
1JTPW8GyXWdqjCogDrvvLkufE5vpfD4DoNSXU49tFQ21rws:12000000000000000000:OKDOT:CHECKMYTH
11xwmUcCWDVrnG6Rxe1ME76ib8Qh8UqtY7Y2DYMfuWDdaCJ:12000000000000000000:OKDOT:CHECKMYTH
14pWrajVmJVFLj5G596EivtrYXRkmJTXGneCuYpVM3srBSEj:12000000000000000000:OKDOT:CHECKMYTH
136CsdTPHHjUDM6Er9AQLSLhNmprzfe6uEs7fyju8bwaTuaB:12000000000000000000:OKDOT:CHECKMYTH
147P5D48GaHuZmnkPkDBi6v6gdN9kQnhAtiNJAP3oUdiFP9V:12000000000000000000:OKDOT:CHECKMYTH
12GNfPHvfHsJQN1rRLDTTqrUwKFddNaUjru6BqGrhVvrenRW:12000000000000000000:OKDOT:CHECKMYTH
1QFjfx7GQvGed3s6GHSdneACaKtWbGGRsh9CZWJSwFm3kkp:12000000000000000000:OKDOT:CHECKMYTH
13RjdJxk4FUFKUB5fo3rLunpyRSppF6FeRXkLcKN5E89XLws:12000000000000000000:OKDOT:CHECKMYTH
13YC6SxAv37DnNFNghsBEZ4BhsBYEALkK4H4JVR2YH4FZwSK:12000000000000000000:OKDOT:CHECKMYTH
16PY17ttqgzttCdZynSCh8TMi3NCdqoP6E5uZdMuHynUgkJZ:12000000000000000000:OKDOT:CHECKMYTH
164ygmBDjzxJDCZUrnmW7Esc53zNetoYvx5JCrwsRFGk79zq:12000000000000000000:OKDOT:CHECKMYTH
15ickX8yiUNPTZZaMdtxDUtnAQGafV4i9kPHHXgSYzVyywc4:12000000000000000000:OKDOT:CHECKMYTH
15X6p14A8j3ivCnKaZf2R5Vn3m8rbNzgUzPSj795jvmrNC7G:12000000000000000000:OKDOT:CHECKMYTH
15p8GB3EJbqGmwVfGuA3DmwM6jtdzJ5QQGH5GJXaJsdaxjvb:12000000000000000000:OKDOT:CHECKMYTH
13JufbE1fSwUeoNJpzSM6WkgEzbqfoswU9bofip6zoThMybf:12000000000000000000:OKDOT:CHECKMYTH
12DWBEUjhrx9aNEE4jQn48pdPqAFHgLkhCxfEaeK516L58qe:12000000000000000000:OKDOT:CHECKMYTH
1LX3MdfRkpXPEchqcNetzHakzW3CM9Za38ca7WD7Ev4rTq8:12000000000000000000:OKDOT:CHECKMYTH
145NktTZJnGVXEnHZgHPKnphoNXRRap4a72KD3C23LDw2CkJ:12000000000000000000:OKDOT:CHECKMYTH
14dDpa7v1CeZHLjrRQDixWMBjCbBERC3bk26M1trwhr4t357:12000000000000000000:OKDOT:CHECKMYTH
13jN41vjihoQuCNxC25Y9iEHPzoLpUiTLTmr9qh7WBY5BfRf:12000000000000000000:OKDOT:CHECKMYTH
14QpQKtzmQtNyKJvLcWAFSFrxY8exWhmcSdHJopdDvBLUaWC:12000000000000000000:OKDOT:CHECKMYTH
13NCLd3foNpsv1huPDzvvfyKh37NEEkGFotZnP52CTR98YFJ:236000000000000000000:OKDOT:CHECKMYTH
