1jZBsWgyBYvvycwMA5robFDBQR6BGhg4yrP87CJv784vgCZ:12000000000000000000:OKDOT:CHECKMYTH
1iTDQ4uagPVEXXBUnNsJfLJR4s8uM7bdnbr2WqfeVC3paC9:12000000000000000000:OKDOT:CHECKMYTH
12CFtYb6GMTyV9QdyYN47p5UZB84TJnEcAGNBszniw29HWxK:12000000000000000000:OKDOT:CHECKMYTH
12BQ6ay8difxFKAniKvcHrAarH9D1gupwvULCuKz57nTESAt:12000000000000000000:OKDOT:CHECKMYTH
13JJ3FTDFtjUUsYRmDPzb6hqSjMsiNy8TEG3G1cqzioPLrJx:12000000000000000000:OKDOT:CHECKMYTH
15dmiPoNUvEvtJNYNsUAQ2AHZtRKRf1xpgyyyNt7VtTmHywK:12000000000000000000:OKDOT:CHECKMYTH
13WSNobnwffN8UTiZfVumNjJ5gZwCQAW8oi6dR51pQJDjcyD:12000000000000000000:OKDOT:CHECKMYTH
1TctPxNqPMqm59obzE1zeJb9G5AgvBaJbm3ioxv9VSud334:12000000000000000000:OKDOT:CHECKMYTH
169qzaBoV3Q5LoiPpQUwptik5m7edrTGuj9tXJDTCyJw1u3o:12000000000000000000:OKDOT:CHECKMYTH
1NWtnzbUAWCAhdSu74jcXEwjxVpxh2EUpdxhipzeJXwgL5p:12000000000000000000:OKDOT:CHECKMYTH
1iTJmZxuXYQTC3spMcndX6Ef6fN3jFuQeUFivGQDq6bXJi2:12000000000000000000:OKDOT:CHECKMYTH
129t8dRsQVhN5CMAC3KvtsSPgfvh9QgW6hfP6E2z2DyKpBRK:12000000000000000000:OKDOT:CHECKMYTH
14rLy7Evv3J9fLGE5JYhbhN2Lux8cuyvmDfY9ZddVBDxPxdD:12000000000000000000:OKDOT:CHECKMYTH
169KGwpdU8hoiPwWRWZo9gbP7sfVbfRZcvQ398XpsJe6poPf:12000000000000000000:OKDOT:CHECKMYTH
12x5xCrJhgkVRY3YEPtUMqieUm5hysmcecwidk2gV7U8JesC:12000000000000000000:OKDOT:CHECKMYTH
12298VZXQAgY8Y2SiDnyeXmgF3KFZgvuAxnkKMzo4zrY14J7:12000000000000000000:OKDOT:CHECKMYTH
15BF7iPSpRMcUTm481RKfeypvm8VTRAnMgP1aMY8agBYuTrM:12000000000000000000:OKDOT:CHECKMYTH
13trzPaWYxQj2uox8Ry5FXmQvMfzoZWSemDBw3V6exQYjDVe:12000000000000000000:OKDOT:CHECKMYTH
13bHPkXS1GySQ917fMJ1eQgSCr3pHAb62uds7kPkyNkUPT56:12000000000000000000:OKDOT:CHECKMYTH
14HAtPahAFHayMSQrM6vE7vthWz6LHC563n3WGHWG82s3sQX:12000000000000000000:OKDOT:CHECKMYTH
15B32BLhk1d2wt7bYeqhXu8Vg6yMk2ir1Jdr5fPDkhLvktGn:12000000000000000000:OKDOT:CHECKMYTH
15GFoJJVhVrMAhaFpmm6KreAtCn3pQNkhoEYtU2TsKxCRm46:12000000000000000000:OKDOT:CHECKMYTH
15tPjuhXKnVdW6TZnuAq7U4KY6dUetD98abWy4WEgRrnJKVF:12000000000000000000:OKDOT:CHECKMYTH
1BhidmSxoDGbcwDxKVisbhdQSqji1g7sMPx2NpyQ3iZWymG:12000000000000000000:OKDOT:CHECKMYTH
15u1UgGu9SP1WzV4mjABvfjZV31je5sRpUXXvoyxUPeDvood:12000000000000000000:OKDOT:CHECKMYTH
15e7pRmyi7gmhsyBRQ2iZ1thhvECr77jh8WXChxBe4ufyh9V:12000000000000000000:OKDOT:CHECKMYTH
13gS8u6JM6Jgm2f1irFsXtxkNLTr8LzdZwmiA5BfyHiGATjM:12000000000000000000:OKDOT:CHECKMYTH
136EmCiyCTMrpe4YEnA5abJmWRGR5ft1vPw6LEd8E5J5qV89:12000000000000000000:OKDOT:CHECKMYTH
12QDWt1nWNcQbS2zdsQoBTuGXEzNS6kVZvV9MedvKfgi6LAh:12000000000000000000:OKDOT:CHECKMYTH
15SAPg3vW4vkszUVW2skS9tKcvfNEGHcsYPEg3FPnyiHg22E:12000000000000000000:OKDOT:CHECKMYTH
14g2ZMb723e6k1KGcqUEfuP7aghMbTq1yacG57quqUqnDaaD:12000000000000000000:OKDOT:CHECKMYTH
139VGFmuYmLfrpohAqF3BnqJh5Sur62C2mW7FhTVUnFBMggg:12000000000000000000:OKDOT:CHECKMYTH
14zYPkeZQQ3fjnvb1oThu2wvx6w4NGWN4ftbo7xzbnCqRoZ5:12000000000000000000:OKDOT:CHECKMYTH
16ZZ751v2PpSqi4PAJyThtV7NP93CYAkPKQvAztngQk1EeiZ:12000000000000000000:OKDOT:CHECKMYTH
16VLBk7NFeDKzzG9Z2xKKvbFdcX5VM5RVKyrDDRUgYVpVA4Z:12000000000000000000:OKDOT:CHECKMYTH
16HXzb3ceBpnFgxHbzx6N41RaWSSJVHYYju69nf5SW2TSaGB:12000000000000000000:OKDOT:CHECKMYTH
169e6M65bu9dh8nvS989irU4dzHD9u8GU8eA6xd2gu2HNcv4:12000000000000000000:OKDOT:CHECKMYTH
137AMT2EJEijapT4xNXeRQRUs6HCyGchQqDbjGNYREMgngdp:12000000000000000000:OKDOT:CHECKMYTH
1k7Djhv5yqHwoAGzUFuuTRzz57ZHBtYfBHj2Ka3WgPo1Tsb:12000000000000000000:OKDOT:CHECKMYTH
14ggb5RgZcmA7ttTvmSGxDjTTfE58mYUjGCspf1Kn5rbqECD:12000000000000000000:OKDOT:CHECKMYTH
1Wsjc1rNFF9TjZvXwH5vWZzMNaNH5vv4sZwhf91FB3XNBaF:12000000000000000000:OKDOT:CHECKMYTH
15Z7TcSKiQd3wUBH3XLVBuQk1ZFS9hrM5NHd5Uy6xWPzYWWe:12000000000000000000:OKDOT:CHECKMYTH
15EVe8VSFBe2sQHMbAxHeKHUUr4bqSDHXNFUhwHB2fAJCA75:12000000000000000000:OKDOT:CHECKMYTH
13GTgy7NicXixQHmHJpJGXyscciMrYfAFADy6p1r9jdBi47n:12000000000000000000:OKDOT:CHECKMYTH
15Nkj2bZvRp3iVrHHqPmkpp2nZYQ5v7jsc7mGU6xy8eBt5KW:12000000000000000000:NEEDED:CHECKMYTH
14vwfSXUz94SExv8QDEWmXq74dy9yYUz6Qp7jUkaz5FZjczK:12000000000000000000:OKDOT:CHECKMYTH
15B7ZHLmEQUuSSNXq9iZ1qxdXCLtNBWLmukGw9tehRCoSMJX:12000000000000000000:OKDOT:CHECKMYTH
168U9Lywfqo6hcyHBHwzdeY5pdoF1fdaJHcbyMT1Q1JWhy2T:12000000000000000000:OKDOT:CHECKMYTH
12Dgn43UDt1A8qTX4cWmMtXMsGKCBWRu8LHZZpqBTX8fqpxv:12000000000000000000:OKDOT:CHECKMYTH
1xvNVMMhRB4KuDhny8c2kq9A7LYryKgNb1r6xHeJb3Gi6Tj:12000000000000000000:OKDOT:CHECKMYTH
133nSEEEwX9NCzyddT37HjeEuiNuhASVJzHfLUc2h4Sr7LCF:12000000000000000000:OKDOT:CHECKMYTH
12TostnVa6kAk9p3w1zMgDfWUpoQ77bhkY3rvrjMLG4r9TMT:12000000000000000000:OKDOT:CHECKMYTH
1t9UcV9wNgNvxGTgs47Dgsq5JCBf68DWQhVJVR9S3e82Yhy:12000000000000000000:OKDOT:CHECKMYTH
13rBXp2FfeXRZ1Q3atDf1CMwr7TSzR58b6qsujnUr3RFMMzB:12000000000000000000:OKDOT:CHECKMYTH
12jnonVr8PSKJKY9JeFkvmrta5cZVPA7nhWiicCoRw4b5DLi:12000000000000000000:OKDOT:CHECKMYTH
15eSxSHR6yK3DVzg642dT5X4DH4LNUKQZxgzDpcWu3Vr6Hoo:12000000000000000000:OKDOT:CHECKMYTH
166ZbYu6jo4hiqHTq2e91kd3pjmRFuUqpqzwbeFtMD3uzsHW:12000000000000000000:OKDOT:CHECKMYTH
125fXzQnG9pz3RMcRTRjmt2yC48fiEfnGMdj91eNHk3UJh9J:12000000000000000000:OKDOT:CHECKMYTH
1paiJqpzVPChRom2sJHTP6hapKVTCD59AoZ9KdmMw8KikSo:12000000000000000000:OKDOT:CHECKMYTH
13pmafgze9LKmgyULnJpAYqskBCb9HBE9ZFCEepdAUwKuE5Y:12000000000000000000:OKDOT:CHECKMYTH
12HJBExeHbUfaMPVQRmx1jvuzjfvcTjMAaPhr8jPY6UkyWyg:12000000000000000000:OKDOT:CHECKMYTH
15kJsLU2jDbgeXc7oBm94zRGcqjMvEWaXR4hm6fxpsjjB6cX:12000000000000000000:OKDOT:CHECKMYTH
12ePF5YUWcQqqTzS64JNbm6UvyuhL2HsYsaUprngnuT3i7nw:12000000000000000000:OKDOT:CHECKMYTH
1oAqaZx1zHRH8TBGgeC2GQz57amHxbnu5CA4CRJ3Lgyxg2n:12000000000000000000:OKDOT:CHECKMYTH
16UVPejSR7GQs2JtbDRD5NWncjV1Ytsjs6cWuwwwagCwb53C:12000000000000000000:OKDOT:CHECKMYTH
1252SmR2SWFGMW46V3oC75Y35g74bkoXn4gVeGgAMqpNciFv:12000000000000000000:OKDOT:CHECKMYTH
13q3zQtcxyycfZvLfojyTER64wkFKtFgkPEYcUwUewX5fjgJ:12000000000000000000:OKDOT:CHECKMYTH
14o49zoT1HqoKMmdDJh3xUXh1jFpU8LLzHmJJbgxnsgySquZ:12000000000000000000:OKDOT:CHECKMYTH
16XXPzr3Ew9mvwFXY2bcFB5CfNRggVjPKSAwnJgWJnBjjUqF:12000000000000000000:OKDOT:CHECKMYTH
16eh7qMQHxziHnpu2mmCpv8dDSiJ8FqmTmahrgufdBPFZa5Y:12000000000000000000:OKDOT:CHECKMYTH
15BMDaZLVbe6Jg9nL91JgN3H862QTtepUKKJ3cNHsA39DmNq:12000000000000000000:OKDOT:CHECKMYTH
14ZdEa2kvpTx9Qo1LuujtX92dhib8iFmD57wrpXKqa2orS6s:12000000000000000000:OKDOT:CHECKMYTH
14yCkPnUHpkpeuL5DebEPTkkbK3V3vHcHWpR4ci4AHieGqy1:12000000000000000000:OKDOT:CHECKMYTH
1276JisW8pZ11Zci1GUVwm6HHV9oW7EifEyRCQMiw9CaYTNb:12000000000000000000:OKDOT:CHECKMYTH
14gfPZZ2zsFmLWFW5hZBvc9Qf6sbCeMBXEbPK6SoKN9g2rK5:12000000000000000000:OKDOT:CHECKMYTH
1AkJ1Eu7pMFgVoACfGmLHQ1RiCbonS1uHj8r9YSKuWAA47h:12000000000000000000:OKDOT:CHECKMYTH
168eXPRpfkRT5sZvjMJSXUEHmQHHngboYBaqKJpWTx9RTLbr:12000000000000000000:OKDOT:CHECKMYTH
14Ys8RmGBNpKsZrbQLxgpiZtXsvUGWxvfH7Cus3s9Z8dNSKn:12000000000000000000:OKDOT:CHECKMYTH
13htD9srWkWcjJ3sAaNQvq4L4jGauhFpeQP5fpLUeFdDdKrc:12000000000000000000:OKDOT:CHECKMYTH
1A1M5V4tZXxxfJKPxbZfdL23Ryy9nB8hFWAyEZSZXp56wuJ:12000000000000000000:OKDOT:CHECKMYTH
13TPGvQ1mmuGwZ6z5xUrhH5eCfXT5U2iuAyw1RNr8aowD354:12000000000000000000:OKDOT:CHECKMYTH
15gfDHrkBpRAj8XjtJFFX3NmLGZZjHPPteCcnG7tKX4BJ3bB:12000000000000000000:OKDOT:CHECKMYTH
13VqX24MC5dtLRZ8ZmVZzwC3HmLj3EZEiPSaHQhuiB4Yq6G2:12000000000000000000:OKDOT:CHECKMYTH
126M2U8m2EPPWWFJY4nAjKwGozwgs3W7HYmrFNuRmzBeHq3t:12000000000000000000:OKDOT:CHECKMYTH
16NBkvF2fag7CeBMiUKa6514YGmDFo1EAjVvQkVK1XvTYhWH:12000000000000000000:OKDOT:CHECKMYTH
14gWTyzD8uXozrPJY13Yw6JnM4af5uj59KzVDuQMZsmWLBHP:12000000000000000000:OKDOT:CHECKMYTH
14mo1vxKDKapUbUcqMzhHLF968ioUuomo1SX9paAcFjfDEJV:12000000000000000000:OKDOT:CHECKMYTH
1A5tFUJmkYexAtJHeYhEfNR1Ga5GetuXdf2eCDoakh7NYzc:12000000000000000000:OKDOT:CHECKMYTH
16EqhB1zHfkcfrAkkDqBXxtNyQLz3gsnLKuAw1NGPGracet2:12000000000000000000:OKDOT:CHECKMYTH
15BxBZUwnLrnt86EQDFVp5khyNBqTVN1Tr7LSseTULk5oyyb:12000000000000000000:OKDOT:CHECKMYTH
15vrLASQExfcFDX3xuH4xC3r4htTf1DNJu4ZKMGaDGsAfJzp:12000000000000000000:OKDOT:CHECKMYTH
16GQcoJ2DKnVWVJ2UtmwN1pZPkDgRdnAKLPMBabxZu2mxhkr:12000000000000000000:OKDOT:CHECKMYTH
16cn7tCYAj7UcQWk6wuTzhL9mrmqL6p5v9PFrHvuNTsERPho:12000000000000000000:OKDOT:CHECKMYTH
166TR2YrYqsiUuHLKxkpSurNrSLcik2pzGKC5DMUExhxoL7q:12000000000000000000:OKDOT:CHECKMYTH
13Z4f1qWZmqjgEAbtdxuPaN3JhJmaj37KnEr3BVESV2rxpKn:12000000000000000000:OKDOT:CHECKMYTH
12ih9bEuAtYwbASHzatB8gzYkii9EnaiMNLqnsdk428YTtHY:12000000000000000000:OKDOT:CHECKMYTH
14T8eh1zeNYaNSNpdaeLFugDoXoyS65zVE1uURKYCGqarizj:12000000000000000000:OKDOT:CHECKMYTH
13WKcyDDUMSsuZm7TsSkBAf87y4rmfqAymbrqVSxdNsvmuXK:12000000000000000000:OKDOT:CHECKMYTH
16Qfv4dxzqqvJzkCEzQTTKUZ1nCK5TiS5gdcn5kZXhNVVsEo:12000000000000000000:OKDOT:CHECKMYTH
16WmpLd4QsMn2QownepJUqwYi7ja8zh3X862CxRhwZq9es7f:12000000000000000000:OKDOT:CHECKMYTH
13hBSPkurTL5PP5JmpV7nFdbdieHXwXGHkCsotRdQbxFcFH9:12000000000000000000:OKDOT:CHECKMYTH
1bePZwF8tcgLL3FjgaKdqKbenTCq3ua8qaGAwFziJ7hTeaF:12000000000000000000:OKDOT:CHECKMYTH
1Jw1CKpKkfTf9wE7aDuGdxufqJZ9QfCGKwWxGvgAXoWbd6P:12000000000000000000:OKDOT:CHECKMYTH
1AuJTqPKBKLEotzq5aEt3h38J2X4un4NzRniZv7Rh9X4zbD:12000000000000000000:OKDOT:CHECKMYTH
16GzRgiwp2QBfaYxWwfHcVvyQhzH8RW4hxLoYmkRSYos9p1a:12000000000000000000:NEEDED:CHECKMYTH
13ywYomcRtFCgKQe2gqGH7iCWEPBhuQyfbGWKrEfappC222F:12000000000000000000:OKDOT:CHECKMYTH
16THnAuQVTsx9iCvFTGugwXA5cartyHDDUtsXKsUjRYP9TSG:12000000000000000000:OKDOT:CHECKMYTH
14baG2XaPJVWMYMaR5gzahXbyt1bakT6vNfAhrPiQSk13Fo5:12000000000000000000:OKDOT:CHECKMYTH
13i3cHvywGCww4x4FLUWAtJ6WvgAFfb4M13qaBjX48L9juTV:12000000000000000000:OKDOT:CHECKMYTH
15tptqQu9QhwJezeQfBqBstFMififXjdHe5ZhyBqT49idiin:12000000000000000000:OKDOT:CHECKMYTH
13igN9ck76CZ2Jz24JiCKtkyuy4AxXA3HFaJnZcVBnTBNsc2:12000000000000000000:OKDOT:CHECKMYTH
13C4pkp9wUWT3tDHjmCibfKc5Fr5S3r774rJTGepFDbcNEND:12000000000000000000:OKDOT:CHECKMYTH
158k8Gs7byzvPyNeykxKqam6yj6Q9NbfTa6P2fiKcjwKAfT6:12000000000000000000:OKDOT:CHECKMYTH
13pKx9wwGPTF7xwDSo5tMzSRr2HT4Sit9r2DifhWK3AhzisG:12000000000000000000:OKDOT:CHECKMYTH
15igfuLxXyyGLLzVtzNcsZWdW9HWVSWBPbvNx4fEoMVvqe5u:12000000000000000000:OKDOT:CHECKMYTH
1j6QttTTZmYyGBWyLMCBYg5H3xPgg8rXFJwP1AaYCbFoL8v:12000000000000000000:OKDOT:CHECKMYTH
1NgSw8fBqce3zZZjDkSxGGtJMCJYZ2kooYHBqsksXfsfjkQ:12000000000000000000:OKDOT:CHECKMYTH
157YPyGXgurPJRbciixAGKJ4PZH59k1mjHEnArpC9RYsfyrZ:12000000000000000000:OKDOT:CHECKMYTH
12jRaGGCGZwgXvqZRWjk1H2WGkB7RQ3AUpynAZGjiS1ybJe2:12000000000000000000:OKDOT:CHECKMYTH
16ciHfysxr6BLYg4SvDMv2uYkoYWmiXsmLxGxKkYsSbK3YUH:12000000000000000000:OKDOT:CHECKMYTH
121avdvM8H6BUgxFrg8fVT5mH346XNYW5YEwdo3xvLnhL9rn:12000000000000000000:OKDOT:CHECKMYTH
13Wui2ZLdvmFTMz8bsgcA8WzhjFVC2iPQLtyMTBrZuZxpFqW:12000000000000000000:OKDOT:CHECKMYTH
157kQG1TeaC9XfgGxbKawVkTCQKeGcUugFwqbRvCFv22amty:12000000000000000000:OKDOT:CHECKMYTH
1uUBo7wyyCHkTnHLhXXgpVqtQxJ3VXqb3n8wsh6Y4uMt3NR:12000000000000000000:OKDOT:CHECKMYTH
13VnVNYeMVUtNvxQ8T4K3JrYbe8v8emS7c942GqQNnswcER5:12000000000000000000:OKDOT:CHECKMYTH
12P93LVT66i11rM3C98mnoRt4ka2wFvhp8scqKwEu3RdV3t1:12000000000000000000:OKDOT:CHECKMYTH
13ZwdSXDtJkcudSJDDdCaLMfeeEZp65D8LNF6CWD9MjeS4QH:12000000000000000000:OKDOT:CHECKMYTH
1n1KK5gMkmTYK34ppNgATBqoG4aug1soeAQRLMkYJTXANXo:12000000000000000000:OKDOT:CHECKMYTH
14LzScLfudhY6C7fVFegwwrbuwNT3zKbNbgwt9D1KfHBacU:12000000000000000000:OKDOT:CHECKMYTH
15SKtCMFQ8D4yEfcSak3t4FvLfTgnES1uurUoYJdVLTGpEAm:12000000000000000000:OKDOT:CHECKMYTH
13XAKgLEyfZb4z3hAe7LG4BcgfNBhaCLgkfaK8dez3BCPxSv:12000000000000000000:OKDOT:CHECKMYTH
13UkctwKmw4zNaYpFfz4YoY2UxozBw31ZastfB2qAzD2cSKh:12000000000000000000:OKDOT:CHECKMYTH
15yU42TPfkW5cd7m3yhDvcWycTqSukaALJYzr8SwKSGH5sW:12000000000000000000:OKDOT:CHECKMYTH
13YeuQYMjXLyo6Y1jj6Gt6hL31xj5xwqqFFb9nF7C2x44TMR:12000000000000000000:OKDOT:CHECKMYTH
15M5Cv6xD91bAfeqxYBmgBavTiDMHoCXyrYv3Pdna8dV8Afy:12000000000000000000:OKDOT:CHECKMYTH
15u9a6Zs9TzvKacvuzPcSve8c3LtJqhscNepQGKU2EeBpGk8:12000000000000000000:OKDOT:CHECKMYTH
1gVsrRk4NBsE6NSrfrFmaJqiA17e26F2pYG7TLfBoUpjP5R:12000000000000000000:OKDOT:CHECKMYTH
1oVzTgwszqXHFPKPsZdakq6gqWPTMuYVpiAxawpmZ8mKe7v:12000000000000000000:OKDOT:CHECKMYTH
13uEfWjfhEjNHDz4GfDLZQBh7iSJZZSfamgC8GdhofYxvaHh:12000000000000000000:OKDOT:CHECKMYTH
12te5YttosuX2s7bR7nfpUxvDtbHxdNeg1J4Swe7LC1By5Zm:12000000000000000000:OKDOT:CHECKMYTH
1acFW1uXj2jZ9bAufVhY6wmXGj19cgvkhjTpGuWFringHdF:12000000000000000000:OKDOT:CHECKMYTH
165tazJkB2VRF8dsJ3B6dKbJFsx2StMhVfFkiS6MnDYfyLmj:12000000000000000000:OKDOT:CHECKMYTH
16RnV3KQkqcEmXHsp24iqLpqehBKk33aib6V589LzKrirzTE:12000000000000000000:OKDOT:CHECKMYTH
13TtgzbduzeAd68hhAeDWDfRvgAY6mHKL42yyR6XLZqT3Eq:12000000000000000000:OKDOT:CHECKMYTH
1ehawwCsATgYp2UfeFnn5kCaXHyNt6MPcTC2GGcDXp6JVCb:12000000000000000000:OKDOT:CHECKMYTH
12ZWYgYiYYbqH1aa2K75rGu99fXzW4GqjtcgtaDJFLnbjGCi:12000000000000000000:OKDOT:CHECKMYTH
16bQYc8hWnanHqgufKDnbpa47pPPVpvf9mjFebULRtNKea6V:12000000000000000000:OKDOT:CHECKMYTH
15dJF98JjRGLsmERt1eLgLjKPErQG1VW1w6ywut42oJmR2cP:12000000000000000000:OKDOT:CHECKMYTH
14pBmk7Kx2T78TJdmpBubLLktsFh8PBSey6dp6igZ5ENxwTT:12000000000000000000:OKDOT:CHECKMYTH
13Ukx6afXKcvLRY6CeSkijAwXifR5fZBH59S5b5p9ZQtwZP5:12000000000000000000:OKDOT:CHECKMYTH
1k55wSB4EvpkwmiMqoWTmfGtTpjhhYQmKAfZo56V9LQ1PVN:12000000000000000000:OKDOT:CHECKMYTH
14VsCU8Di5raepoHjr9VKhm45EudiToff2WHXoyzfZZCMFRb:12000000000000000000:OKDOT:CHECKMYTH
13Dr13MDGHDXDyjFFwrUVTJyP4H9eYL8WFPTUg7xEmzHquNE:12000000000000000000:OKDOT:CHECKMYTH
1GJ5d7D1kT5oq9g8e4avf6kJYACS8RaRs7KJKvTqPBwR4RS:12000000000000000000:OKDOT:CHECKMYTH
15o2pceTtkTVwPVfkryhfWnyFpEH78W6vo4PVwik8czSaBKG:12000000000000000000:OKDOT:CHECKMYTH
13bPN17p5wjFHHbRBUGtP38gHPH5Sdp5R9wUAEpk2rfZeVFp:12000000000000000000:OKDOT:CHECKMYTH
15BHAN7smk1ySoSwmskBkQeNNEw8d7GRYMd4oQzTsjARFyUY:12000000000000000000:OKDOT:CHECKMYTH
1Lxncr8tyhJaKrRN3qN1upxHb8UNi6UGkGx22rUGBwjcvW3:12000000000000000000:OKDOT:CHECKMYTH
1239UUmSsH2WyXCawZdNi8dDUAw2uHY3Y7u61Vk6tanXkZ5B:12000000000000000000:OKDOT:CHECKMYTH
13NPCkPRb6aiSf1DU9v9RYCD9UjuiK8Yb6vvumDXbekqA7fq:12000000000000000000:OKDOT:CHECKMYTH
16n4mihkJUipjy5heD3yjjP4y4z2AoU5z266tZs4WoMWCCSx:12000000000000000000:OKDOT:CHECKMYTH
14NUkikYqefHejNdnMYU3JEH18roNyV7rDXKhRmVQ1YvWDkX:12000000000000000000:OKDOT:CHECKMYTH
153fh1d4TtE36fs9DwpgujwcL17MEqZjCoUqGDK45VWvCuWR:12000000000000000000:OKDOT:CHECKMYTH
15mn6JbmcmsBHFEdmCzRkRMbNqxRMnUV2TALkExSLPBrLSsG:12000000000000000000:OKDOT:CHECKMYTH
15u8Cr4xbqMDpUnPR6qpr3ySegC7VohEu3wg44AnijTphxLY:12000000000000000000:OKDOT:CHECKMYTH
1UxdRokqkeFN9CUkYLVgK7agHnKXrYkFYfWZbLQSEARRrFa:12000000000000000000:OKDOT:CHECKMYTH
16DuQwVDKNqfZFmKcRG8uEfNegyWSZh31YHa3X4TnnSVp3Fc:12000000000000000000:OKDOT:CHECKMYTH
12znXYwJzm5CX3HjZ8N2kKvTH5aLwwHud14QhEkSonHb3m5K:12000000000000000000:OKDOT:CHECKMYTH
14gLWjudYcsv2rikD1iv9YpR6USciB94TgsNzF5zYokMyeEU:12000000000000000000:OKDOT:CHECKMYTH
14jHqbhfY1MqUG3sM4dubJm1baPXi4ZBVkTUK8YpLF7jmjrC:12000000000000000000:OKDOT:CHECKMYTH
1TKQron3E6177xjpFqCU3ZRJUUCuhJC95EPeX8C2dvTQj4U:12000000000000000000:OKDOT:CHECKMYTH
13W1XxfmEFhGF3oiSdPmBuqRmiExixAuPDnXZfuV29ZMuWBL:12000000000000000000:OKDOT:CHECKMYTH
1ehDec8TeyfNCSx4ZE7mcQgGyCVfZhmwTcz4pi4mq1AFkgn:12000000000000000000:OKDOT:CHECKMYTH
13e76dc3rLBTbgY14YDp6PKjveUvfWdKVWy4cNHiNUgTRrPB:12000000000000000000:OKDOT:CHECKMYTH
145K6comkkmUeVVxr6Ch5smPn4nCcZMdwQRZA6qrVWkSekAH:12000000000000000000:OKDOT:CHECKMYTH
1uV5rAKP1HcDZ9wyx9MNpVypGP8KJ6XbLxWuqr4LRaSYCTA:12000000000000000000:OKDOT:CHECKMYTH
16JGzkmuymHRSkvqyGf2dJ2em1xDaZdoTSY7TC2C1fGBN7Kr:12000000000000000000:OKDOT:CHECKMYTH
14UKyqrfr7dxdjTM1QQrRCFmbPzqEvRzkbCQpgAGqfY1StWc:12000000000000000000:OKDOT:CHECKMYTH
12qJoAVSbxNBReGd5pkh3RYiEj9HyuKzHGEZkEai8Gg35crp:12000000000000000000:NEEDED:CHECKMYTH
14ohmAQTZmYzzEYUBDwRVNnYBDCQtuHsfJt584fKZAzEvQxs:12000000000000000000:OKDOT:CHECKMYTH
157pHXHVQSoyoDbDUzwy5dk1XUSGowYQcjF6eRYf9p1wiyiL:12000000000000000000:OKDOT:CHECKMYTH
12sM8xgT2o7mwWUNDUdjMr2MEN3Z8G14mbg9vLv4ig2tnc8Z:12000000000000000000:OKDOT:CHECKMYTH
1jwk3X5wApa53rPCPkXPgKFcF7bfk3SGzJRo8L2bJvzE5BL:12000000000000000000:OKDOT:CHECKMYTH
153jbVDXZtijoFjy4BRuFC52hDu11ZoabEnkva9uXU5PY4ok:12000000000000000000:OKDOT:CHECKMYTH
1P6W7KYg186b9W2Jktwbr9oC7yCjRGhjdcQXQmfqPaosueY:12000000000000000000:OKDOT:CHECKMYTH
148QCaVJM3YzAwmjDpQiLWdpoUDdAAk8RYd5iJ8eUsZyAQHZ:12000000000000000000:OKDOT:CHECKMYTH
139UueTsLbX4dVSPBVmURkyAcLr49CrL8Fgs912BKCV5oKqf:12000000000000000000:OKDOT:CHECKMYTH
1G6myhuUFNGaYq2Xve7kcFMpLLASq3j5MTkEKXbYjuRrN7r:12000000000000000000:OKDOT:CHECKMYTH
12YhV8fPMjgPtqeh9hejHwu2FkXc3gC4BWWMUNkAXkdEKmCa:12000000000000000000:OKDOT:CHECKMYTH
15Woi8n1sdAasCDABCHjEyGz1pH7Khfzb48VmBHMTD395FSC:12000000000000000000:OKDOT:CHECKMYTH
14CLvi2YR9aFSHnVDPVidcFXp1vo8MbdufPRuo8rmjqiAkHQ:12000000000000000000:OKDOT:CHECKMYTH
12fFTEA7qnmsbYhky7vALtuhCTCuj7zQFvwX4KGwVNMz5CRU:12000000000000000000:OKDOT:CHECKMYTH
12BcKzg1eicU1MFccH9aEocDsJkM3PRVXswSeaue8bMJhUwQ:12000000000000000000:OKDOT:CHECKMYTH
1YYW1TysyhGAMiTXJw43Mya3YoqmjKGdxfZXcfoyPQA1Si8:12000000000000000000:OKDOT:CHECKMYTH
1uXCex8GQSUwqsaJ2iAGng6qAhXxdcwaAeCKJDXF9g4QWZG:12000000000000000000:OKDOT:CHECKMYTH
14v513TtQutQj3j5H58KM1Z5ZNU2nNtMRtCp85pnp8HoegFh:12000000000000000000:OKDOT:CHECKMYTH
12Lf2DNCfbF1sdqYRqjZG33B4524LbRP3xmmrL9SQsr23G3q:12000000000000000000:OKDOT:CHECKMYTH
1CNbqt4CGoVST6GUuYPYAsQatXqYsm97uLZe8fgfWaTgsrq:12000000000000000000:OKDOT:CHECKMYTH
12BmRZdRvDZfgKtzcvejyuVTpv8QW8xXM5XFwZoTKyg8n2fD:12000000000000000000:OKDOT:CHECKMYTH
15PuxSqHaFZjcGTtviMe7H1bMiePEYnQ9wQKf5EV23f6nD4h:12000000000000000000:OKDOT:CHECKMYTH
14sSmSCbeX3ih7QA3XaWBvacDiouJuszPovXBSd4pPByVYKn:12000000000000000000:OKDOT:CHECKMYTH
15JKfafnDfTnUBwSP3dby5YiRjTy9ZnBZovPD9bAioM5Voz7:12000000000000000000:OKDOT:CHECKMYTH
15QmPp3YPSqsGRDztzLpMnP19vaZbXimtTA1xC49TZfvwkWv:12000000000000000000:OKDOT:CHECKMYTH
15pqETwmb7upzaQvLo3mizyfGS33dSgGARQ519zjiSQbAFK6:12000000000000000000:OKDOT:CHECKMYTH
15BJHeRHfjNcVgvaQMEWpD7pmiebWeuuB4ctWip7kvRxWxnN:12000000000000000000:OKDOT:CHECKMYTH
12Nzu3j5jcYiHpuqzYnQtSUf8LDcBrS8PiHfo9pQxsoM2faD:12000000000000000000:OKDOT:CHECKMYTH
13vfc4bpvWqE47xStmmnrve1pxEGxyGVLYSEc17hdcX6BJK8:12000000000000000000:NEEDED:CHECKMYTH
13BBYVKDzLzE5AkF8wT7m6dXJNhQRAZjYXJRB4ydTH6ms1JW:12000000000000000000:OKDOT:CHECKMYTH
17eyu1dFEj7He1m9PuRcjboMXUd8XyjwnTmfNS89FvrmA7H:12000000000000000000:OKDOT:CHECKMYTH
14rBRsSrS6hLkcoVXSGKbMfTsypPRgY4mNsJEuZfEYBE2XHZ:12000000000000000000:OKDOT:CHECKMYTH
13QtruV71B1Qopirh6ZV4wmMfQXosW7BgYMXhkEPSeg2gpRB:12000000000000000000:OKDOT:CHECKMYTH
12Z8YuE6UVV7eKJMPctKr2zmokKK3ForY8AWSuewKxGFhv6c:12000000000000000000:OKDOT:CHECKMYTH
13v6sHAihBhhdDgR44PMkKR2fN2TQb3qRfZuWeLbLsEGcT9j:12000000000000000000:OKDOT:CHECKMYTH
15fXc7vXYY79cHpy7Wi6KVKFUP1BA1tiVutv6y4hBCn2NqFy:12000000000000000000:OKDOT:CHECKMYTH
1LGVwuhuk8TDwViDqSfYrwsEuJChESf78mPUyGpPeLFXt95:12000000000000000000:OKDOT:CHECKMYTH
13KHAnvwY1QcqUJ1HLb5J5zs929jfSwvPgpbdJjTMqLCGfk4:12000000000000000000:OKDOT:CHECKMYTH
15SPsN7GGz7JUQv6GrdgsZqJSPuFByQTZGKhMbJif8xnY8jE:12000000000000000000:OKDOT:CHECKMYTH
12gZhFGL4EPyg9KBVGRAouwc5TKnz6fymBwGsw5b4QdrxpMd:12000000000000000000:OKDOT:CHECKMYTH
12PZ9cAozBLg4x2h9w6T6bthapmoxXRUigqB7ETXLQ1KSumn:12000000000000000000:OKDOT:CHECKMYTH
13EqtMgA1KQroBfPvWAe8pFb45H4HzhrTEt2aiJ3WF6ZWu5n:12000000000000000000:OKDOT:CHECKMYTH
15yGP9sQFnM9gJsMkmRD3pvsB9nwUBH73zZ9NeB49536Ftx3:12000000000000000000:OKDOT:CHECKMYTH
19H1RvFpcJGTehU5ta3KruDXSVHjzJeDqH5mH8K2uz2PyTH:12000000000000000000:OKDOT:CHECKMYTH
123m751JfQCFRHJUeZsB89GzE6HPQu9D5yEG3E5wbhGPWdxu:12000000000000000000:OKDOT:CHECKMYTH
11axeSFt66hErjtikdRgJdq8HTm2nYPxR6zcjCKSzVifCML:12000000000000000000:OKDOT:CHECKMYTH
15FQHC9qAFTr52tbmUgauX1eDuESoSuUBfjP4Xtkv6RNbXci:12000000000000000000:OKDOT:CHECKMYTH
141LYj7J38Wh79a1LSXUYEmXYovEQ6wcFgswyp7fxrkmpwFe:12000000000000000000:OKDOT:CHECKMYTH
1bCSMHBH6kDPmFH5UJ5rprnfRgqNvtkPAymjabcbuBUQ2xN:12000000000000000000:OKDOT:CHECKMYTH
1PqCYiRSp8ZnHZ5xdV9NrDQVw4YL1JNFttiPCfkoZjhkwjC:12000000000000000000:OKDOT:CHECKMYTH
1K5E6a4VTdgCtnNnGi3TduhLiXvVdS9YryfUJnZG5dBg6WC:12000000000000000000:OKDOT:CHECKMYTH
15YT317XSoz9wpAnA6ixPhMfniS8kmXdG7sa9jnFkpsXSKRU:12000000000000000000:OKDOT:CHECKMYTH
126GzsWGfw6CTiRywLwmQbRSoSpZkC4HCvaqMDBuQwqBa4Te:12000000000000000000:OKDOT:CHECKMYTH
1XpuLvMteZPX1tNzjBBVG5LiGxvFMm9fJmN7QGDcsEtuxbq:12000000000000000000:OKDOT:CHECKMYTH
15smzjtaZYKDBEiXJ1wxYhLpzbJK91Ks6cLe7TfdB4dJvupa:12000000000000000000:OKDOT:CHECKMYTH
15Jr6eGm8LpT36nbS33PoyB8aqgKsPWVsST9fw7V6Z7Urjkb:12000000000000000000:OKDOT:CHECKMYTH
15qu3bvqS6hRwz1qrqKCAmiuXmz11aAaWCReyMTka2vaQASk:12000000000000000000:OKDOT:CHECKMYTH
1534s47iHnfxr2zhtfafchUBMBbEW4H2vBRTsPA8su72tmns:12000000000000000000:OKDOT:CHECKMYTH
14UT2cJoYuDA397PpjkBvC6RddwfVfCgBgs1wKh41r1682ap:12000000000000000000:OKDOT:CHECKMYTH
15aM92qdv5ijwd2PAym1zq4fKdrsk1Tn939DN27NAUVmc6N5:12000000000000000000:OKDOT:CHECKMYTH
15MWvKKf1oh9QnbsztPLGcTgvugpRqgLHhYG4EZkfsD2U35H:12000000000000000000:OKDOT:CHECKMYTH
1Ee2iV3rfvh8WKmuMvU6s5ioay2FfcQdpwHkPS6QpTXuxY2:12000000000000000000:OKDOT:CHECKMYTH
13kmLacfC3vUMXPjC3crtQNqfvM5ndQPZNSeiuhmma6ykXsx:12000000000000000000:OKDOT:CHECKMYTH
14iVkDSHUnH3z2LTFaawqhGHg8Y9rrJYy35gvHL5aNJafJKo:12000000000000000000:OKDOT:CHECKMYTH
13ydW6LB1ubcwxY6AdWgMZLL1YHXNzpwXzsmptknajHofGZY:12000000000000000000:OKDOT:CHECKMYTH
16atZbSpQwBQNLMVNzMbKNvvCrYahxNvfAtjJ7TvpRhihWcx:12000000000000000000:OKDOT:CHECKMYTH
14oovrZMvSsGA49m8p7gVCixeT2hrMbFGoDzVCDdu3CdttkC:12000000000000000000:OKDOT:CHECKMYTH
16akXPwn4rTXeL1pHze46L4EBfjiBFfwdLSnkiZ5A8NHkaxf:12000000000000000000:OKDOT:CHECKMYTH
136mPQyaeJWgezacTLYNS213B8CejCaxpHhX1BcWfsa2NwcY:12000000000000000000:OKDOT:CHECKMYTH
16hskc7erHDkA3jAMvDonAqqRpztyrPrjf2JWoNm6m9GuUsX:12000000000000000000:OKDOT:CHECKMYTH
15wXCfyh6irnHEPd9GR5RWXocJbfqaPETuvfKXWs83Sy6QBe:12000000000000000000:OKDOT:CHECKMYTH
1QpaCZwmmDQXYA3ng28LCGnVMMbXY1S8eWpkF7x7xFktqjd:12000000000000000000:OKDOT:CHECKMYTH
12ipU5PiRdm9APjRm1wgp2gkdAhm6kJWsdnuhEhbuADEH9wS:12000000000000000000:OKDOT:CHECKMYTH
1sdKDjavcQnnvPE7sDmEREB2BE49onnCR8g3hrcUCvjiAG1:12000000000000000000:OKDOT:CHECKMYTH
13KRUyh8pjdUV8SeR34dQGkYuS8YJNw5ukZeyMbLArJdFLJ7:12000000000000000000:OKDOT:CHECKMYTH
13gXXr3zqHkqbeJZtSTbk1AaZ9aHXRYcN6v1dBhm7NHRniP2:12000000000000000000:OKDOT:CHECKMYTH
15G131yhb2vMmNd5MAQBF6EtuUfZg6hrVJCeLX2AyRQmfaGz:12000000000000000000:OKDOT:CHECKMYTH
14x539DvBSdBFBjszB82Zd4j26NfVrXFEmcRwxFgsgKr7FFR:12000000000000000000:OKDOT:CHECKMYTH
1AxqRBpKoDrtKhtsoFLvmwQ5F8oEJ7ttQE5o9MW4Hywhuc4:12000000000000000000:NEEDED:CHECKMYTH
1HixnUBGNcHx5H7AaYK34Dt57QqyaBp1zrGzc2qnYXxNYSx:12000000000000000000:OKDOT:CHECKMYTH
13NB6W9uy57FdZYm32JcKmSgusCLCtTrXyCa459LPY2RvnHd:12000000000000000000:OKDOT:CHECKMYTH
15EJuiXTMkbUVWXartfKsizk1mTfoE5hpyAvauupeniHyz4e:12000000000000000000:OKDOT:CHECKMYTH
163uDYmWX5RFXuPJVQKDWkqGExpbiSFBQJBXZrQRbo7MVEkm:12000000000000000000:OKDOT:CHECKMYTH
12CpA2EZQtVoLETJFk9PDfjyTU8R9EMYHG1hBUwg9TYSBc7E:12000000000000000000:OKDOT:CHECKMYTH
127pQd6WnBEQ4fWmDPod4oRMzwnMF4dBMdDmEFHsNL1BmFPp:12000000000000000000:OKDOT:CHECKMYTH
12bTo5xXvuKbxQVrohUJJmjWkFE4TeqBJjmsFPv5RivdTDLt:12000000000000000000:OKDOT:CHECKMYTH
15Fi32TBj1kJBzkQ8pNxb9VnRMiHc2eKkPsvj82xCKaZwzMt:12000000000000000000:OKDOT:CHECKMYTH
14pUm9iJ8eLWvngWF9osddwTAqYnxTGBosbDxjNysy1ZzoZ7:12000000000000000000:OKDOT:CHECKMYTH
12a6BhkorfHtybncgjpKGSXCrCrBwuDY3gB6xgFMZuKLaHWm:12000000000000000000:OKDOT:CHECKMYTH
1DuHxvRv9St4mrQEayxrjMEiFfwjx4NvVPF76bxX4HiuSHA:12000000000000000000:OKDOT:CHECKMYTH
14pMw1odSQjqfFrdF1wwAvkWykgZpEsJYdrCWEA7htWypbhZ:12000000000000000000:OKDOT:CHECKMYTH
137ToLU3FGf7LSv6GfubZ7uRwnc3VUkThRVbN3q1VqtUbPZF:12000000000000000000:NEEDED:CHECKMYTH
1nSBxtz2uHnTAvx6RGSEtvQtN9AhY2RH4R7TgaCkTattqf6:12000000000000000000:OKDOT:CHECKMYTH
16Pwb6y926tPvQ8pafqpEfUqCpjYRXfnUmUr4CTcL9ZgG7wF:12000000000000000000:OKDOT:CHECKMYTH
15q9KssV9vjQDPgffag6etxprbVADznnA5xTkvSe3c5KWWhb:12000000000000000000:OKDOT:CHECKMYTH
1g2okEpW37yHtwRuvUTYK95CPdpDkKsNf8oGZDKHb8Jt4wj:12000000000000000000:OKDOT:CHECKMYTH
12JnyvNZqKKaCtnficeec2cyqS8FfRZSx2PDTmKLCP2YDLdg:12000000000000000000:OKDOT:CHECKMYTH
1i7Cgms5xawuT1CT3vWQyZc86MeFYjf9ZopD5wjiEtt7RBu:12000000000000000000:OKDOT:CHECKMYTH
15GgpUfkE6mrBis1SSQWb4ubeQYXZJucJ97pQppsSnqJkAUq:12000000000000000000:OKDOT:CHECKMYTH
15nn1rrjBh3cSarMVkrhMPbEoWwvhDP2Y6A3TCLrNxbtWzbw:12000000000000000000:OKDOT:CHECKMYTH
12ypv3KauxfYtQjBnjfyfo2NdQgdDshPjRKgAZAcd6CxuLeK:12000000000000000000:OKDOT:CHECKMYTH
15AMSALCoLPymwdVYsexg92epq5Sz8RtghmEy8tWh1HY39qD:12000000000000000000:OKDOT:CHECKMYTH
14AEvoqemmmZkEjyw36zJh6WDmWZB63DbcZBzdpUN9mZXSKC:12000000000000000000:OKDOT:CHECKMYTH
12HwqG1mZPGqX6CJjKvxKcnE4sjPQzjWJ5gHGy49tJr4jcFy:12000000000000000000:OKDOT:CHECKMYTH
133S5aDoX7cK8SLkjkMM92BJDikcsGgBJN9UpomGyAKiFsbd:12000000000000000000:OKDOT:CHECKMYTH
1334GJfSqtKjkHwxmsqVZJUQn3K3kL5qqD3JqPE1yh4CVhMM:12000000000000000000:OKDOT:CHECKMYTH
1JVhovWWpVAGQB6NxryqiZwhXmoHN3aSxmnVYSFAVLocSUr:12000000000000000000:OKDOT:CHECKMYTH
14A4JWta5RAUCKKCMqvb3WZsELvKTZ8fYoESCD35zKLGVJM3:12000000000000000000:OKDOT:CHECKMYTH
139tRBK42ysqbLDPKrWDAzCXAkeSr9ysXWs99nNpsa3Cggx2:12000000000000000000:OKDOT:CHECKMYTH
1pWbAXouTPizbtLcPME3dCHMhFYQ8sNbgL4355cwXgzbDBY:12000000000000000000:OKDOT:CHECKMYTH
13C6mnWAZtL9ncihEFGyjHmnndr5zCTKX6MGV6GonSSJpuo8:12000000000000000000:OKDOT:CHECKMYTH
125Ctm84VihTSeeHy4SCrrtzDDD9MUb1baeER4WFv7KZd35c:12000000000000000000:OKDOT:CHECKMYTH
13XvUVi46w8LR3iEa8iXTkMvBjnxgYNSoiGF3cvEcsjywUom:12000000000000000000:OKDOT:CHECKMYTH
15MSNHvPkuGgkf5ZBeXcWx9yS4phekpqUMgDaYrjbgsCLCAv:12000000000000000000:OKDOT:CHECKMYTH
1jHoAjgvfFgN16AFagTxpfThp4j5bNbgrjd6KCYCecZH8m5:12000000000000000000:OKDOT:CHECKMYTH
1aQj3JkxBGKJyVbsgqRB3LpwDinbXvtLet28XjPUZ4T9rtX:12000000000000000000:OKDOT:CHECKMYTH
14C7Eib9YAVrkG4A86ioiL5gkqVfYxpsPkqy7ZTV4U2svmS6:12000000000000000000:NEEDED:CHECKMYTH
1CdRCDmUVvR8gADvKtC5eAeMq6nhQRd22QKTX9PPieRaVPd:12000000000000000000:OKDOT:CHECKMYTH
15aAhofeVuYTro9eJ9jxSxAtWAHXsoQuGQztgudtfw7ZbmRr:12000000000000000000:OKDOT:CHECKMYTH
1oLZoT3J72uDiRUj4bAKicASY4MrhRVj3eG1UYmbMt98XE9:12000000000000000000:OKDOT:CHECKMYTH
15VdP44gmi6Q5ehXeiDKMvBxsQRVZ2Nd9QoBqjX1gpJ8yWcF:12000000000000000000:OKDOT:CHECKMYTH
14xPwdBpg9J4BHv4C4DYvp3BuJfrYATdZHhSNuX3rhLH4Jx:12000000000000000000:OKDOT:CHECKMYTH
14MP59JY4YWzoD4NqkWYus3v4VvGthR2VFv9ptThvpCgS7yY:12000000000000000000:OKDOT:CHECKMYTH
1E7NovV7AhT3JtaKpeum6H4Zyj3wWKhVq2MKgUAznMbVQVQ:12000000000000000000:OKDOT:CHECKMYTH
14HeiHr1MwYzw97x3yUjpknug8JuDtAf1UcU9uc1TGDXtXQa:12000000000000000000:OKDOT:CHECKMYTH
1TjwDJ84utFmV7swt8xfXGpMMdRn31gfWz2ZcTpEemhCbxS:12000000000000000000:OKDOT:CHECKMYTH
1h7JfJP3MgzbhtaSfKPQvpMJuc6pYMtXKVCNAtRA8xzuA58:12000000000000000000:OKDOT:CHECKMYTH
15YWcWWjbiLdnESmAXYhLiex3EfZqPNrqpdGqzDYD1wwYhbG:12000000000000000000:OKDOT:CHECKMYTH
1PxMvD5xxFKKCfpoBRYcMqq5tVwgymrShDuC4eJVX7cB51a:12000000000000000000:OKDOT:CHECKMYTH
1Fky15Pt6mXZK7k9kMymTqfxVpEJU95qu4wszcc4cUi6NRF:12000000000000000000:OKDOT:CHECKMYTH
1hKzDAChU1QmJUPfbEgA78tfnKQyP7ekiAn1AQy7PSWYft6:12000000000000000000:OKDOT:CHECKMYTH
12umAEc8qdNSUMGqyYWRgBLD1wXTpQjmXiH1H4WxiDMKWUaR:12000000000000000000:OKDOT:CHECKMYTH
14BiA5BD4MttYW2vc7xehiqKuXMqFkcc23cfpkAbx9PCxDDR:12000000000000000000:OKDOT:CHECKMYTH
129NnWZ2vXgKuwKeQGRonBAoGw8ZYgjQWV9mLVWj1JLPB2oV:12000000000000000000:OKDOT:CHECKMYTH
1YFXvhmQ9o9RzN4hzhsok2CBBVtMeNoj5yYZjxos9tfACX1:12000000000000000000:OKDOT:CHECKMYTH
12bwvfADC5hSVQ1RFihu5kRsnseQkJtMzKqs3JmmJfUkS3x3:12000000000000000000:OKDOT:CHECKMYTH
1463HMMDFV3c4w4X9S8osnFyfrx1STA6ZERpxgLssa8vMyYr:12000000000000000000:OKDOT:CHECKMYTH
15STTP82zuqgQbmQRd4vKqkZyeAhWNvUwYxeKt4WaU6zBqY9:12000000000000000000:OKDOT:CHECKMYTH
14GmLgZZGqmoBnrRkDD8AJg5yH8FNgi9cy9KYdes5bAmpiYQ:12000000000000000000:OKDOT:CHECKMYTH
14Nnqi1XnZGuoS793ZSWgBBMkLqT8SxyzXXMzJzCP138zhP6:12000000000000000000:OKDOT:CHECKMYTH
16Chx8kyQLVzJiVHWRkgUcsFDpJGNBdrW54u4ySqpurgKZfq:12000000000000000000:OKDOT:CHECKMYTH
14fV5ekTTggqt2ieYob1EYxSKs711j5udH19eHrHm6sA4Hzr:12000000000000000000:OKDOT:CHECKMYTH
1nM63Lj3b7MEkcKjyrFM1a5zkXDYccSy21WJFgZRMxhqV22:12000000000000000000:OKDOT:CHECKMYTH
13xVpX7LHaWnD4KBJn1tnGZtB1buN66sqycRr2VFgNG2N85b:12000000000000000000:OKDOT:CHECKMYTH
15wA99RNm3Dv9fd1xVU2yx9QZu6PqENM3nzr88Mbquv4anvU:12000000000000000000:OKDOT:CHECKMYTH
16EEVe7BoNhTnNJAgeiq4SYfutFvRnpwaUa5n28pfq98fACb:12000000000000000000:OKDOT:CHECKMYTH
16b1tUPcecsSmjwmH9AZ8dZzFkjFJiSxrbyNioQTMs4oCAYu:12000000000000000000:OKDOT:CHECKMYTH
131Lb5XAEoXkheH1FBQW2ytnyC1cM3tsUBmbvf7pzZgRTKSh:12000000000000000000:OKDOT:CHECKMYTH
13uuMeCYisAtUXX8en75z9yyWM12vrJ4Xp2VGMjz99MUyr6W:12000000000000000000:OKDOT:CHECKMYTH
15b1f8G4pVzrpFFRykTmgtJYANFNRFNbyzGYnGsvLinoY4ch:12000000000000000000:OKDOT:CHECKMYTH
14gjnZRM12iZ8F9y3ki2p14tyM5Zizb2K634yeHSGuqY5efe:12000000000000000000:OKDOT:CHECKMYTH
12pSbBgQBXQePbSN5VdrDANBAaDeS5gKRL3kXGcg8RgjkbZW:12000000000000000000:OKDOT:CHECKMYTH
127KZ2UMHdLtzt9RSGdtik43ch7KGDD1abZFihHn5w84bGyr:12000000000000000000:OKDOT:CHECKMYTH
13yeroQpexZcRBe88dwb4Gy3kRdjq76MJtmCxrn6x4hYnurU:12000000000000000000:OKDOT:CHECKMYTH
13MYUQZxffmmHgKjV22W13qu9GAnR9KoJFLX25Y3Wi8gv38p:12000000000000000000:OKDOT:CHECKMYTH
16Rb2aF6Uapp8ou6LDYLNtFFAHqQ4jbJkZbQA7ujWkQS3KaK:12000000000000000000:OKDOT:CHECKMYTH
12TrdKo5qq6S47fKrgHLTgDeZSegihsGBRaajy9pyEHd2Sjx:12000000000000000000:OKDOT:CHECKMYTH
15xDPbn2BEuVxaHyKpXMRxzfN9xsz7fmrkT3uJjcJdyjZZje:12000000000000000000:OKDOT:CHECKMYTH
16eAfWmeWxarYE5AxJTfVevCSkv495SRBq2tzLxVvcxwQaka:12000000000000000000:OKDOT:CHECKMYTH
16aAChTzupiQxrNVjnGVKR2qdAErURfiQSKycxduJYMWZAZi:12000000000000000000:OKDOT:CHECKMYTH
148Us9hTrdr7uoa12GUiPnf4Kx2rSWxzzCHRfkS5oimGVMVK:12000000000000000000:OKDOT:CHECKMYTH
15roRvDoRQPnGFWubM6H8WrifvX6NvG6YKoAKkSp8vCRMMCY:12000000000000000000:OKDOT:CHECKMYTH
13Q374CnjUbTrJ1C2ajfvVkcAEhkS1mK6LBj6vJxq5PuLjN5:12000000000000000000:OKDOT:CHECKMYTH
14HmpRyGMkoWS46keTsYTrXKnzp3ZP4DLWXZdn7FyZWWqxb5:12000000000000000000:OKDOT:CHECKMYTH
14TgMN4xngcfoEbQ4gCUtv4iqztGaYRTN4j4tB2iWvDe6481:12000000000000000000:OKDOT:CHECKMYTH
162EUHLymC4nKzfBTVZX5LTqZqXVYhscVz1DNyiz9T16ZG1j:12000000000000000000:OKDOT:CHECKMYTH
13QNHN8ZnCB3DG2zzKhc2n368Pv1TzLgqJBqbg8AfDuQ9MPN:12000000000000000000:OKDOT:CHECKMYTH
15Uja3KibP4zz2Fs5sDmYpTfWzUxtaDjJ21ABxX28jNF1H12:12000000000000000000:OKDOT:CHECKMYTH
1fLFPfBPz3E3LEfspTCbGviRXb4J8n5pRNEMscbEdaFsJHK:12000000000000000000:OKDOT:CHECKMYTH
14g4XivoKRZmC4PvwsL2exaxVP17e4SELbbHpXgZfcug5qWy:12000000000000000000:OKDOT:CHECKMYTH
12MWMoCSTCK8XijgLuRmU7c8LndYEfnCLB9ssMCLyayJqvfv:12000000000000000000:OKDOT:CHECKMYTH
13FSRPpmVE1kFFWamVo4pMXbb5AcJ7PxX7sJLmBjPxMco1HE:12000000000000000000:OKDOT:CHECKMYTH
12c3z3pKHZ97bqx3CNdqLcxAAKJAMf1P5qTFY4UzN88G7W7s:12000000000000000000:OKDOT:CHECKMYTH
15bbbaeF1KEPizfHicgkkKUAdnKikHMnMnqBBXzFMgPBAnTX:12000000000000000000:OKDOT:CHECKMYTH
15Fgu6gLoW8x2Ym9krabpYssx13enmzV6LWMBf1oWrx7Jx7F:12000000000000000000:OKDOT:CHECKMYTH
15WK2JjjfKyeekg5Aemcov1vDhxSRkbFuZPVDzeiHrFczC5A:12000000000000000000:OKDOT:CHECKMYTH
1H7LoS6rzAvknqS4nAhJnZhF1HtZXrRkbC7o1e7AHJquVPZ:12000000000000000000:OKDOT:CHECKMYTH
16KRfP3BWfPLWMjenDWoJA8s9Syc6XpmLR5pjupjUCfS9zZg:12000000000000000000:OKDOT:CHECKMYTH
15sypfQosxSdR3CSDubcRXyQHmNGSDHeu7FMENafNHcKixHg:12000000000000000000:OKDOT:CHECKMYTH
12MAuzVqLDaA4otkPm92AVZBXQSXHd6qDnFCAubuyL1VaXwn:12000000000000000000:OKDOT:CHECKMYTH
13jChu9rRQMELGm72VFDu1Guoko7zwQwfJdSZv6Bm4gzpbt6:12000000000000000000:OKDOT:CHECKMYTH
13Zy1oMa3Z6ZLdNqNCih8xS2raS4Fo3iuNtvmEB3kkSrvQFt:12000000000000000000:OKDOT:CHECKMYTH
14KJfMfE9bJgPM5X2YXFdkZArsCoQJPk5XGKB8P1WSBKioxB:12000000000000000000:OKDOT:CHECKMYTH
16fyX83pbHaph4VVUDGQ4UYXWgcv1e4gt5deuorSp55nV3BY:12000000000000000000:OKDOT:CHECKMYTH
15NDsQ1bMaRqEKXHUr3by2fDrGM4zatDSzqqywuPmy2U7ugx:12000000000000000000:OKDOT:CHECKMYTH
1457qnnFyWcoxRxPoWsxyKDphVtGMXwj3wHY9cpBqsf2X8pb:12000000000000000000:OKDOT:CHECKMYTH
13h6Z7pxPN2g1BNipGySXXxAPj6vxRghWZFcDy54Go355zoH:12000000000000000000:OKDOT:CHECKMYTH
1rFfwUnym6jrcAgSt3nQ56b7KmxkJhK68De3jhi7SNvN95X:12000000000000000000:OKDOT:CHECKMYTH
16YoQ1fPEDtMx8bSGQt9VEnPj8tKU78kafHxgyRtP49ByKW7:12000000000000000000:OKDOT:CHECKMYTH
15KUtBXTe5Qxh88YfY9E9HTDt2FkrpjQ1FvtqwLSGUCV9UEU:12000000000000000000:OKDOT:CHECKMYTH
12RFDLUr1P2b4CngjMYdGkZiVuJd7QCfLMsJPafxH2o2y3wo:12000000000000000000:OKDOT:CHECKMYTH
13YUUkjtjFrpBQCpdwJe1JTa9Bi6yGDzMTTh69sotGQVytFr:12000000000000000000:OKDOT:CHECKMYTH
12H5vNYj7SF9SprpQeYiMUwGvey1gLgEo8995hvPsWoqiZyS:12000000000000000000:OKDOT:CHECKMYTH
16RVS3e9v4iuxs1pQDtESzHnuP7WUjaTT4gPfbTg4vMvinby:12000000000000000000:OKDOT:CHECKMYTH
13EDgcw7C9fHpaggyUZvZabSR7ANob36Ci8CrRQBqMiA4Dax:12000000000000000000:OKDOT:CHECKMYTH
12pPtpXxXT417paZpFwUNpwu7egiZMoDbKyEFWRSQ4vgQbt5:12000000000000000000:OKDOT:CHECKMYTH
13RwprWgBZupo24thYRQvM92KpRXabshKagnJP2aB638LBnA:12000000000000000000:OKDOT:CHECKMYTH
13WymZhjoGd6ygbYm1wYrmoN5VyLmHJPjAApTQ6Sg27tMvPn:12000000000000000000:OKDOT:CHECKMYTH
15ntzzgPku3sHtcWqYh3WMrWAxDGhyk5MgLxH8T9CaQ6auDM:12000000000000000000:OKDOT:CHECKMYTH
1vPZQPYFWTkrE665USCrYPdkgbNybVfz7zYvBUdMFT1Vxuw:12000000000000000000:OKDOT:CHECKMYTH
15w8Xzh6ndUfBRU1CH9knvUWHbPETaWXrCfAdpxcfrZeDTcX:12000000000000000000:OKDOT:CHECKMYTH
14TAKpfhwqfoGejmdRFAxPjnzUDjvzusM6qyqYj85Zmkx1SR:12000000000000000000:OKDOT:CHECKMYTH
1edkrU2rRAEqBH64gBvfbG3EKR5bpomiLbJV6UYwV435oim:12000000000000000000:OKDOT:CHECKMYTH
15Yjb5An2oremZjmhBNR7oNDar5V6gjYtzECzAsWXadgEoco:12000000000000000000:OKDOT:CHECKMYTH
147kbSVMPc7g8PJT2evSGdaaGUUFPsvBp56nMi4UE8wwZ7Q8:12000000000000000000:OKDOT:CHECKMYTH
13NCLd3foNpsv1huPDzvvfyKh37NEEkGFotZnP52CTR98YFJ:236000000000000000000:OKDOT:CHECKMYTH
