14KaRTnoDgpBD97oXzLJ4JXLLj9VrJw8RyB1tE9zBkLX4UhV:12000000000000000000:OKDOT:OKMYTH
14Wm2ugC3tne6yi7bPM8BjvDTsBskwW81niKGs4nduDiq81y:12000000000000000000:OKDOT:OKMYTH
12h4CNwtJo4qtwbYDSpbfiQiFn2xKLhNsj3WXNayTZo9p6Ug:12000000000000000000:OKDOT:OKMYTH
16dyQntWSg8CniEp2EcYHKZckxomo9sWmUd96Emo1VviGYQt:12000000000000000000:OKDOT:OKMYTH
1kJLtBom4p62PeRN5HC9iMmmW6kK6C5kjYuMKu7Z77uvmh3:12000000000000000000:OKDOT:OKMYTH
1TQEsxTZSubSNAwd43fprLXkPVNaxJo2N6ZvqE5rzkGVYXV:12000000000000000000:OKDOT:OKMYTH
15VRfLm96tQ15z7vJsagBe4r2sczvJdXycZmw2cT6B9knWAy:12000000000000000000:OKDOT:OKMYTH
14T2a7sEYjSeyf48Tvnc7R21btmhDRw4HPGvArxDneAfjeQY:12000000000000000000:OKDOT:OKMYTH
12CWt5myqmN5phBm1pdtpC7eHRjWmnyxMgb5Qfuapmq1qtQE:12000000000000000000:OKDOT:OKMYTH
14wb3eKqFummEFoLdkqXoGY7748bp2wgMiMDX65NsnTDRAdd:12000000000000000000:OKDOT:OKMYTH
13paMt3SG1J99UJq3pU7jAstghrPZS95vZAtkPVcjpczHeJq:12000000000000000000:OKDOT:OKMYTH
13sugfPTzdyenjn5zDXjrfMnKCjFjW86b9oBcbMTLyn2c9yk:12000000000000000000:OKDOT:OKMYTH
15dePXhMCcgbuDTVXZWAzDx9RV4pL5XRLiKADTvKNyQa2Spw:12000000000000000000:OKDOT:OKMYTH
16Fc3rYr74ehwdtJLjs9kG2HHDe5vrPBuSA7DfZByTQvbFkJ:12000000000000000000:OKDOT:OKMYTH
16LX4wBFPP4Ww7y6fjmRNYgFvZ62CpLQVXjpoFCVDVhfxmiZ:12000000000000000000:OKDOT:OKMYTH
1KrfexfaLT7gZ5JqCNYTQYPXFgMJoj5R1rniTPMXE4Q6TG2:12000000000000000000:OKDOT:OKMYTH
15mLUX639FU6EAii73uHHUwZULhZWQQGL2c9W3MwX1okrChf:12000000000000000000:OKDOT:OKMYTH
1YvMUkoJuqVY9TxnKVeNN4AFiYCnyLLuukg6P44k2oDMUoV:12000000000000000000:OKDOT:OKMYTH
14nVChASrTdYcv5864dZ2a9PMjPuN9UuwLAeuS4N1zzzMMNm:12000000000000000000:OKDOT:OKMYTH
12W8dqBs7rXfHQQr3thh1h6nDYtqQVns4appYwcd7LrgcXT1:12000000000000000000:OKDOT:OKMYTH
14a8WJy6V6RVzKsPpmnDzbd14ocWA6KwvaE81fYaAQRzph9Q:12000000000000000000:OKDOT:OKMYTH
14wiNoqcM9zK7T7kRM3u1zzsAYLWKkq6TFCmfDjtaP4xSktc:12000000000000000000:OKDOT:OKMYTH
14C17kq2RstNDoXYVGZg11KpZrLdTphgjnuqZ3ZL3CWnJovn:12000000000000000000:OKDOT:OKMYTH
13QrbtU2bmTJpu3wGbs42JHC33eDYw1kjySMU3L4zCp2vgsf:12000000000000000000:OKDOT:OKMYTH
12YLouxu1K7RTFvYtC6d5zckSHpF3rVX6oK51xGwPnCkN41W:12000000000000000000:OKDOT:OKMYTH
13tG6qQEyuimkwzHbN4tYUTLkr4rPG2JNifLAfDLyYfQRXBB:12000000000000000000:OKDOT:OKMYTH
15gHoaKX551Chf39V1TK29nTKQfAiDZoTiAKn4JxXLx4dmNa:12000000000000000000:OKDOT:OKMYTH
1nLRAtWi2kmSn5kcwa8H2qEgNLhtvkVh2ZKnAeWGLdwF2Cd:12000000000000000000:OKDOT:OKMYTH
12WJbrQ3bev7PoB4RCgbjNxzZniGueYB8z6fSzxwXAmmsUk7:12000000000000000000:OKDOT:OKMYTH
14V5KZ9KPUJhTTzCjqvKXFRXneX7LQC1of8gq7Wfe3aeuFVz:12000000000000000000:OKDOT:OKMYTH
1kX8ZbJGCtWbkDFmo7ecppM9xsAJNN2vUo2XzDyJDsJTQ5w:12000000000000000000:OKDOT:OKMYTH
1x9Sm9cm2TLUGeBqMCZGa4ar5KEGeGPK3auQSVFCS9sTuX2:12000000000000000000:OKDOT:OKMYTH
13Vz9knZehL4Wk1YmDFtCLAjtyESuBGrSYQQVxSo183e63ju:12000000000000000000:OKDOT:OKMYTH
12vF6jM6FycUXL6NxQaQVgfQPnW7B1rDU3k7zwmCoWag4Wgq:12000000000000000000:OKDOT:OKMYTH
16iZtb5mNA7aRkbqiZteksGsQMuu2V4br58JovGd2HeKdez2:12000000000000000000:OKDOT:OKMYTH
12HkJKVY9ms4wASqTznT6RpVr1oG1CDD4w7b8KrhTWCPCiLU:12000000000000000000:OKDOT:OKMYTH
14xCysHZHmituaJKAwHN5kBw4e9MoNqBE8iAmHLa6ejWY1T4:12000000000000000000:OKDOT:OKMYTH
14SsFhmAuwaf6zMj7QKQYK4FtwPFpv8Nh5g6QGrM4y1P1LhM:12000000000000000000:OKDOT:OKMYTH
136jKYv64gWGhTrJKqfYF8N8xyGPmg2KtL91Tb3LrTTSZ4Dp:12000000000000000000:OKDOT:OKMYTH
15CbmtFXTmqAy9xJHENn3gKWJL2RKCdt8uR4EntCjp4hndDv:12000000000000000000:OKDOT:OKMYTH
13SdkW8Azx8DsNa4KXSogi7puewJTrLfoiD1kZmaeqhR1JUo:12000000000000000000:OKDOT:OKMYTH
147d18hfwZq7CN7WtNt5ThZCqJew1qPek8oAtK6fA1XDkHLq:12000000000000000000:OKDOT:OKMYTH
12pJ1LxobFiTaFaY5U2sXRUtZqDfffitu2zTnrUYhGuNU8M7:12000000000000000000:OKDOT:OKMYTH
1pyKekXf7rheWvEBN3GcfswoUGsLusrHk75RnJUp7gnt7vS:12000000000000000000:OKDOT:OKMYTH
12BYRf2SkhC7nHsH292yAjMg5E9cXMcquPZ6zQ5iehXt8JuU:12000000000000000000:OKDOT:OKMYTH
13JtBn8H13ZgmFeF8TsHAQoBj8bPZstzn67eRVwcQE6KFM6R:12000000000000000000:OKDOT:OKMYTH
13eYjqh5dRc8GXypNrDsn5eAU1NyzoH1uW6yvN7fjLmW5S2k:12000000000000000000:OKDOT:OKMYTH
16JPmNiMonjWQFwGfRUJr2uFwH3KVByGACVRQLhMewTpV4aU:12000000000000000000:OKDOT:OKMYTH
13M5ULyRvvw9Pez8mhALaNFSNqm341tHcQQrVS1tTq89CDGH:12000000000000000000:OKDOT:OKMYTH
14oG1sRVBMLP2Qybsb5Da5pxJAPz4YpNr1XMw2PNQYRCxV2n:12000000000000000000:OKDOT:OKMYTH
14c9GbKGv4gVNzmqtzjCVBVnvbk5XF7Sn4EtD4ifPfQyfTvx:12000000000000000000:OKDOT:OKMYTH
13WHQ7g8dYwuEybo5CfzpaLEkVBfjB6a9y444YFgDr3dqWgV:12000000000000000000:OKDOT:OKMYTH
121R3LZigy8PH25SYfdk6cWjHCVv3J5j2FrwYK71dQm4Eutb:12000000000000000000:OKDOT:OKMYTH
12gA57ZNzYd6KZAh5dr83oMmb3gF4Mws2rBExof62WwMfPhe:12000000000000000000:OKDOT:OKMYTH
16Yj6hZ8MtoehtkPKGZ2a95N2sJgqnzjS4PgpxjmTJnLkBKt:12000000000000000000:OKDOT:OKMYTH
13Z7g5aVBa5czFEB6bd5CFa6sdS2uRobWmrF2RtVNfkq3xj8:12000000000000000000:OKDOT:OKMYTH
13dPnMLayrLCEfxRjweWDzeca87RiV8Ufu7qZXJXBpFuN7Xb:12000000000000000000:OKDOT:OKMYTH
13KY5NHnboHTEBYFiBYrn56zxybfv734xf7TjC4L7kEbXHz:12000000000000000000:OKDOT:OKMYTH
17oD7DJKpAFSKygxnTZT3z2pyFrgGU2WWECoJyT6tmH2TVm:12000000000000000000:OKDOT:OKMYTH
13g9ZAZDBZ1S7Dg9EDz3jUd59bxuiTzWxP613QFtm8z8gYqq:12000000000000000000:OKDOT:OKMYTH
13pJYbMSsj33iZY4zzd2ciMwQNLehtoz6dYeBSx8jS2ABjdA:12000000000000000000:OKDOT:OKMYTH
1LCRE5E9Shrmm34MscwGcPUc2xav6frhxsZiubmPmDEavCA:12000000000000000000:OKDOT:OKMYTH
12CQmmjTNUJJYMvBfjsNkqRWQ9PsTchXukqfTjfcJ8AEJn7k:12000000000000000000:OKDOT:OKMYTH
1x7f2NBaRC21hekVcTRTqBnrEA3DbqgTLA8sDBz4AWbpuh3:12000000000000000000:OKDOT:OKMYTH
15R9bsXjq4FahuhawaLmPoTpzcDSg71hriPtWazvACvhhmkC:12000000000000000000:OKDOT:OKMYTH
1ZegMMwCTu7Y4UBjp6252deVgbb7SqwbxT2BjUDJNpekUPt:12000000000000000000:OKDOT:OKMYTH
1oQmMwHyVDeYKVKtX2UqkoKt15Aa3ixackVBmx3sbrd3syQ:12000000000000000000:OKDOT:OKMYTH
127LhVyRRA6httX2GBWDBk4LTYDBxGAmPfQPxtMQbQSgPrWv:12000000000000000000:OKDOT:OKMYTH
1G5Yv66duDJJDMMuhTfq79WiUDjMupUomBKzpeWpAzgArhP:12000000000000000000:OKDOT:OKMYTH
13V1jXHLwK9xVqTR764CWVNDR4xHS1kueuRRswL7h3qa1yZz:12000000000000000000:OKDOT:OKMYTH
13JzqE3fsSJXUS6d27XX5HPuNSQ42xpiZnHbiWrHhNwx1Q3D:12000000000000000000:OKDOT:OKMYTH
15Nb7Vhrq5THEP2KscUBZYt7wNcY2snFWhsU5qV2eTna2jDC:12000000000000000000:OKDOT:OKMYTH
13rivMpNocC38ABvRg4eBVe6DNW7FuWQEsEcvyKF1zVvcTXS:12000000000000000000:OKDOT:OKMYTH
14edbLr2F1au62C8cB32CEUFaBjTCq7D66ZJDKxk8yQYL8nD:12000000000000000000:OKDOT:OKMYTH
1aKwHnxxX19MizRKxYei4FJYbGDkwC49kSSS23YfCpmRJTE:12000000000000000000:OKDOT:OKMYTH
138JD7vpr6mdpNjSFTuZdSmsyzoXBhkqUT8vjW5h1c3ptiuS:12000000000000000000:OKDOT:OKMYTH
12XABco68YUfZTWmDVuToknJo8JQLbX1DGYjhRAfkcVjam1z:12000000000000000000:OKDOT:OKMYTH
149R8WAsz6nTe7cxZ5f9NZXdUB9RKoanGKo28aD9KRA4DXgX:12000000000000000000:OKDOT:OKMYTH
162vdxaYe5Jp18gzvQUda7ZXTp31aukBQjpv1TcNriYm9ETZ:12000000000000000000:OKDOT:OKMYTH
128kCTu9WAcNNBoUdAXMNqz7G8cC8b2TdYf9gaL1S2tMPmd5:12000000000000000000:OKDOT:OKMYTH
14789RRQpVWDsB1qMktzg5QsKW52XtBWHp8T9wchefBVwaCK:12000000000000000000:OKDOT:OKMYTH
149VNFhX6qn8aKzN6ArfNYyaRNrBWPHvmv6oVt8VjoGysVDV:12000000000000000000:OKDOT:OKMYTH
14v5Yk6ksUiBAibtCRkC8CPt7CrPWW4sa65k3GbXmLeNUymV:12000000000000000000:OKDOT:OKMYTH
1njB6eBLcDAfrQK93pKoquAxUPihuPfxzixXQqCW3x9yBPb:12000000000000000000:OKDOT:OKMYTH
14wf5pzQXyW55pe2ZZe7kcYQuoCP1Wo8KJJo9566Kqj6kmre:12000000000000000000:OKDOT:OKMYTH
16NM2rxPby4jWdC59RtzhrTc7QGfUYxKx7oyps95sUzbn8bo:12000000000000000000:OKDOT:OKMYTH
12phwwXE2L54DhNQQQzf8K6KXpvSbjJfoR4s62fc9cRCZJVk:12000000000000000000:OKDOT:OKMYTH
14BqBKdEAejbrRbc9FrZHsLBbh8KcyqMnrcqGYNkq5dsvY32:12000000000000000000:OKDOT:OKMYTH
162uquTynw7xJt69pp1pFJxeRG5vh5TgMznxhHnwhNMs9KaT:12000000000000000000:OKDOT:OKMYTH
12MSn87xQP7m84tv24UvksfUD82AEwSZpZN5Qj9K1Jae5heU:12000000000000000000:OKDOT:OKMYTH
15Dxv6JMJaTGKNMCSuhbGeWLEfKqLhAN4nLMJzHVUPhrhxNA:12000000000000000000:OKDOT:OKMYTH
14YjU5hLw8d3o3MxJnc5DfFGaJeJtXEZqBYYcnrcVTkVRRfC:12000000000000000000:OKDOT:OKMYTH
14JVFYJqQn76LhcANrcgs7bHj6BxnWxvB4WKpepCvHVGcLGS:12000000000000000000:OKDOT:OKMYTH
1yQUUTFzPsk7bpoyipewXeidJpmaDTTjMyquYJ1NbT8Tw52:12000000000000000000:OKDOT:OKMYTH
12qVVy92qG3uuZEtyQbVAiPcghFNAAdncBCwm31q4C4VU7FS:12000000000000000000:OKDOT:OKMYTH
12eFQi7fTpModPCwKwAjHaKjc94Y87dyKiBNnYVZLN395TTP:12000000000000000000:OKDOT:OKMYTH
13pFDk62hQsHiw1RH8zKqKErd8CcB1Jn6FwXWwoHHzj2Wqyp:12000000000000000000:OKDOT:OKMYTH
13TPQxm7X7WdtE5x7MjF8qrJUfeTW5Cfuce67vhMre7xmaNc:12000000000000000000:OKDOT:OKMYTH
16jptWuNkB8vGYEyqT9CPKGwartHXc65xdb9YV2p3RDKuxYn:12000000000000000000:OKDOT:OKMYTH
1WQCTwsacWdwidyeZMVL4j1LvWhoVWQa6GQ9Tv4ecZL5UZ4:12000000000000000000:OKDOT:OKMYTH
162QU5hsk5Hy92xmyCo8A4NWi5bxaH8pJLGngggro6rPbdLn:12000000000000000000:OKDOT:OKMYTH
161WpLNwFtAyW7phrhmkw9Eo8i8UwGmmmsZr1UyPnxp5tjqA:12000000000000000000:OKDOT:OKMYTH
12pkMf4bsLKjyna1SyUQsCkXMCzr7DsdF7fa7tfTocuG9UpR:12000000000000000000:OKDOT:OKMYTH
11m1hUawCGTdtujV5KnVtKed92zzm1PQoU1oLfREYBynMZA:12000000000000000000:OKDOT:OKMYTH
13WRvPSXGLniAqm7Wg9Bwej6gLbzTpTprKN9i8zVBd7aZanb:12000000000000000000:OKDOT:OKMYTH
13J3iL51M2QQJ5kYzXQte757b8N8zQwaysehWfanxBG1wfK:12000000000000000000:OKDOT:OKMYTH
125Jd28Evek6SEbf7X6xA1RsKzWMxbdwH7MQbUhGFzJVkYid:12000000000000000000:OKDOT:OKMYTH
13FcM66sdbuFw7LCT7HWVrUYu9NMhF24UPXvjeP3h1QUN2gG:12000000000000000000:OKDOT:OKMYTH
138h348xbuqPB2qZDBTsQ7V8JjV9UDvUHW3rt5QE4PENJp5a:12000000000000000000:OKDOT:OKMYTH
13rnWz4KtqMiTVZ5XuVx9ZeNHESDaYeFpJVhpYvK1cST5mAo:12000000000000000000:OKDOT:OKMYTH
13FrpR6mCBgm1pemUNnfXSnWRNhX9ef8kDC5YiV7KACQ5BK8:12000000000000000000:OKDOT:OKMYTH
14v1KTFMPXYaKfaM1nhuJuti7utHQWQ1k6eFsYVrPbnCDsJn:12000000000000000000:OKDOT:OKMYTH
15zD3eJ31sbVv9FpXWiuGD7XFgsWdprNwJbRRjNcrhCguakP:12000000000000000000:OKDOT:OKMYTH
14o8ddGmuYUqtZaGw7oG2X9sQE4J8RFREb7777YEcUkNTR5U:12000000000000000000:OKDOT:OKMYTH
12h1U9VJNopUZowVFpQfDoLUe7RUKbJm6bzVGpks96W8gRVa:12000000000000000000:OKDOT:OKMYTH
1vPybk6CyDSHAWK7jDEG9WgvfkjB4h21Mqy4D8eydbQNFWE:12000000000000000000:OKDOT:OKMYTH
12YJc1Yn1tYTDj75ai3W6UCzaJ6Z8AHfdxgLNJ67Uv5Y6by1:12000000000000000000:OKDOT:OKMYTH
1CmLYkspvfMo2GMxoTJWMpDMp2bz3VwFSk1UHEBGm7Lp1C9:12000000000000000000:OKDOT:OKMYTH
14mKFmVY2yDcgpdZrw6APiNNqGkjs1qYTx5Wjpu3Hqg81Um9:12000000000000000000:OKDOT:OKMYTH
12t2A4n3tccjdpYeBnDL1t59oynn93yyzN31mtkRzdTa11Lr:12000000000000000000:OKDOT:OKMYTH
13UVJyLnbVp8c4FQeiGfSDZyVBLKLa9mqEVttPULb6mMz77x:12000000000000000000:OKDOT:OKMYTH
13rybjzJ4cvXnDXdjELEafQtPuJdBTzCEMYJYRUrdajQPft6:12000000000000000000:OKDOT:OKMYTH
15w9eSAHfpqPgThUjH8QhKpFyWr45u6EvCcn8FTkJML4wDh2:12000000000000000000:OKDOT:OKMYTH
14nF88G3mj68KYPpfHVjXNuGVxMe1kHgHf9ymoegSVFN3Whd:12000000000000000000:OKDOT:OKMYTH
16jtJSjg6rEQWte5RnZh2n3VwicpZNqgAmPgnm9PQW9iVtfF:12000000000000000000:OKDOT:OKMYTH
12Xz8NhHD53cSa4w8SWrNXZEiXwB8jy8uXjhcLxTzEgRah4Z:12000000000000000000:OKDOT:OKMYTH
1epmUrNd7eYgotykSCPFQ9aingM2iJHHGppLW2VgKWS7GCm:12000000000000000000:OKDOT:OKMYTH
15Jsy5w2cq7z7goCoPc2STjodWNmYcp3kjuuHKqV5uz5Td8s:12000000000000000000:OKDOT:OKMYTH
1359XW9RWPZFagWy1Cmy3qLu2vzqiLvtbcwUmjnb7za9U2zt:12000000000000000000:OKDOT:OKMYTH
12nxXwDbyqh4xcbMXW6gRiReJ5gGMbcveUuctm4R8Crgi8oQ:12000000000000000000:OKDOT:OKMYTH
12gsTz9cpEm8APc6fjxsebMiNpiSvkAYTqVqL22b4tE88nS6:12000000000000000000:OKDOT:OKMYTH
13WB8gSuRHbXkvANWXSv8b2KeWnTc2mPB5io6JWzsu8kgtA6:12000000000000000000:OKDOT:OKMYTH
15djq8kJk1KmsiFyi1XQaqaNmKFMxw5L9RBojuLCsSL8nT1y:12000000000000000000:OKDOT:OKMYTH
14auTaGGV3Y8Ca3LW8ficjvBMJ8mx557opL7BBpRSrcTUQVS:12000000000000000000:OKDOT:OKMYTH
13DbqcyKPdbEKoXojfuyxheVQDWqCh55YXVUYjR63jNATa7P:12000000000000000000:OKDOT:OKMYTH
13jZCMF9UKWmLhFUmeXwz41pTJ1pxFkRfFRws9uQf56sZzdW:12000000000000000000:OKDOT:OKMYTH
1xZD5PKwZ9QSPuT2Qm4gL2812MHv4FqDCcAjRTJc8f8pJ4S:12000000000000000000:OKDOT:OKMYTH
14Ac162SUU4nTFd8ZVP4MPATwDvMXiUeMh8oE6LQCUCMsr6W:12000000000000000000:OKDOT:OKMYTH
16LJtTfinmz7dqsq2nY27v55oc6Puc1ooqJ6XNu3wTChmSqb:12000000000000000000:OKDOT:OKMYTH
16k1TdHNZ2MFhNkJ6L5mgmppzsfWAMczNqtf9Uuz6vurowuK:12000000000000000000:OKDOT:OKMYTH
16XxwXWRE56GfDNtkep8Eo1RWy4NomazadFB6eWKmfE5NZz8:12000000000000000000:OKDOT:OKMYTH
14YWQJ2y5V7XizhS5MUK5HZEfiJoxe8EdGEmexXFYq63hNQ3:12000000000000000000:OKDOT:OKMYTH
15SoEBQQRciChLP6RhgPVfUuX5iCcFCUDEJ21eD7hjX8U2VM:12000000000000000000:OKDOT:OKMYTH
13UWjarHHmixovd3n1eHv99p1N6V813BWfiVB9RyWZEsUCar:12000000000000000000:OKDOT:OKMYTH
123X7BaCisrwBbRgpR1wUSwXvHbv3XrWhSNUjb9aDJHc4HfH:12000000000000000000:OKDOT:OKMYTH
1xRn9fcp18iamuNkU17Tp5D9xdYwDxX6g46CDHZA8Nt4WRx:12000000000000000000:OKDOT:OKMYTH
13gf1SNtD5kEBcyAxec5Rbdr7XSQ1La86qU9FoNR4K9N9MGP:12000000000000000000:OKDOT:OKMYTH
13QVoZpaM8GARhm2GY1nymY6uQSVgf2yPQ2X8dpwL5edRW9H:12000000000000000000:OKDOT:OKMYTH
13Fc7sXzti5vqC8Tu5koXakD3CBcmWKpV5N9k3Q1qoBAK7Dx:12000000000000000000:OKDOT:OKMYTH
12V1bckQJQzyVzNEMMEHFBQNbD7NbTr4m7pZBxv92G6w5o79:12000000000000000000:OKDOT:OKMYTH
12HWfhHzqsAGnFSL7QbEfmpSxY23jeHPtSBLj53bBHP9Wmd9:12000000000000000000:OKDOT:OKMYTH
14E1X2DPZRMxaa5pTDCkBr8kGc5zfzQj59vDtxrDyajGcYgg:12000000000000000000:OKDOT:OKMYTH
16hTd8PUrpBzwZwemQvoQe8mP5HwJJMjNrdcbaroC6P4RjSo:12000000000000000000:OKDOT:OKMYTH
13AevXcWxdGJLGdhzczXqdQq6bLyHNSaYPb4AdYv64oB4F9W:12000000000000000000:OKDOT:OKMYTH
1575WojPCN5i3EAaB5SBbrd6k7DxKeFf9CiEs859qovZa7hV:12000000000000000000:OKDOT:OKMYTH
14Qk1hHomjkKsCVzw5s8tKfw7tSpd2jiaFPr6C991HFJ2ej7:12000000000000000000:OKDOT:OKMYTH
16H9naBzgo8jRHP1XFb682ZUHMzV9J6daagZrg39qx241R26:12000000000000000000:OKDOT:OKMYTH
12eo3WepBEzefF1uDqWnSYfSCLw51eAACpUGbVZGwkwVae7s:12000000000000000000:OKDOT:OKMYTH
12poqpbWDDYKGYHx2xqkqThEN7Ygn8zx5LBwvdVENaRHBsaj:12000000000000000000:OKDOT:OKMYTH
163J4kQzy65hF7ps8wFxL2DfS5h73eKN8MncmNBsvxESuBnH:12000000000000000000:OKDOT:OKMYTH
12z3XBLbn4kEi3wUfvwhLHkmdvDMvujxLeVRpAZnuW9rDPAr:12000000000000000000:OKDOT:OKMYTH
12cotzTtZhPgtuVNW7Jx1nkLuBLSX9hXQMHtQqcbJ8yhyaEV:12000000000000000000:OKDOT:OKMYTH
12AGhUgpS6XFD4mDddCo6cd4rvXLpzay8jPUXDt1x5g9TXaX:12000000000000000000:OKDOT:OKMYTH
13vZHVizEamFLcgDZ8UapuTKCvzf81EgTsn9nY7za1WZgzWw:12000000000000000000:OKDOT:OKMYTH
13iErsaeDfnm4BMmLUPapEcdrYpcqMSLsvd6zw5LXfrkc2Fi:12000000000000000000:OKDOT:OKMYTH
15bjzcegUMdS5qNUUmrW4Pse8B32y9Jb4CBW1mu7qctc4FYZ:12000000000000000000:OKDOT:OKMYTH
12kukJUBhGBGbfTp3aWpDL6oJcu5jV685LiQVibfcBy5Sfzc:12000000000000000000:OKDOT:OKMYTH
15z8Ya4AfARGEjDVFw9npkfEwLmV5gPQBmtR77CxaUxyJWre:12000000000000000000:OKDOT:OKMYTH
155N6tMXLeB1gJEjshKwfpMat7ysVeq3mZPwTHpmF2sYvaZz:12000000000000000000:OKDOT:OKMYTH
13hgg4gF4RXBdUuT3rS3MGf6n3Z9pjKhZyY8CM9vzfbEyea:12000000000000000000:OKDOT:OKMYTH
13tTtxXmqChDedNukkC1KcXSzhFU6itWkU9Z5XMevrpMACt8:12000000000000000000:OKDOT:OKMYTH
1533jBRDStWtUJGci3GGJnFjgsQM8iriL8iHSj1tcptLqE9n:12000000000000000000:OKDOT:OKMYTH
13mcyLikwtDX83pAevTRh33kuyxqhhmG4omH21Vv8SeDkL12:12000000000000000000:OKDOT:OKMYTH
13a7FYEVE98gZNircbK79m2xSXafi1a7TmKEoF4sBREjRmUg:12000000000000000000:OKDOT:OKMYTH
125a5VPkUry5z2DP4oLGAL7M8D23h449EkuJwJYNsGaH9c1f:12000000000000000000:OKDOT:OKMYTH
1S8wUgRBELXuAKpn6fioRb1onXUxgqfT5Lyy7gnF2n6S1Xz:12000000000000000000:OKDOT:OKMYTH
12wjUqaC7CWg5dZhNmDMQJJb6wCSApPz714N8yc9p2tpkqns:12000000000000000000:OKDOT:OKMYTH
13K5TLu1RB5RHEyerwahxL9buQEHpUEz7VnH7mPUnyuGomkB:12000000000000000000:OKDOT:OKMYTH
14XTTEvN3wPmazeVQuP5BadkAxNRMWGBXVTM6RjbSC3x8JCZ:12000000000000000000:OKDOT:OKMYTH
14UTJVF92u4uV7BDhoLum9BunHDb9ygEd1o3oUZxQ2xBqepC:12000000000000000000:OKDOT:OKMYTH
12xr89hrWkSEz4aEm7VrFdGC5teDmuVhUb3kB6CThCu6UDtM:12000000000000000000:OKDOT:OKMYTH
13xtnS7ufuc1i3LiYth8k1LGs6twnLpDWyDpQMvXFgG1hER:12000000000000000000:OKDOT:OKMYTH
13g8nQ3pkAx29ucPsdnNwQxytP5xsvMfsGXe9o2CTEwEV8Zf:12000000000000000000:OKDOT:OKMYTH
14QbBF4WNRnJBuVoFYKBBBL19XF2ArLepXnWYz3e1v3kMSJq:12000000000000000000:OKDOT:OKMYTH
16ZMxzNBKVgoqqjXuGF97CKCcQKC2zGJFSGAnBFQQWhX8CRo:12000000000000000000:OKDOT:OKMYTH
14Dd3TrZZGaHH1opy6r3DbedrMZi6h9ZyWifawRnRYMmo5c4:12000000000000000000:OKDOT:OKMYTH
13Epimjoz6qDXPWq3SQ4KNwvYoPxXFUkkaMcrx6Htt6LgpZh:12000000000000000000:OKDOT:OKMYTH
12QrGW33W2PE1nGM3iCtmbRw566T9p1GxSKKTi8JEQDGe1Jp:12000000000000000000:OKDOT:OKMYTH
15BoB8edfRWWiUNXJVNh7htEf3gmWxWpZMLCr35eByDxCXo6:12000000000000000000:OKDOT:OKMYTH
16G4B1pMAM9xQHQREMynisSTRMtbGuAZwesdx2W4xwJz52Ba:12000000000000000000:OKDOT:OKMYTH
12VydPWHPLA3Ke7F2MDCaoYioHAEogrWTgVCj1HJpvEv695S:12000000000000000000:OKDOT:OKMYTH
13mrAbvDqeoTbKWq5zRX5t78aDY9sAzNyNMiWqrZFaqyKTh8:12000000000000000000:OKDOT:OKMYTH
14Cs6rtUYWqHNk7oPiNvNqbyGujY1wsYUjwxfvkEPfDL1jv:12000000000000000000:OKDOT:OKMYTH
16J2QJHjCbWQjEJWJ9Gw97nxdB2DUpUPhueKBi8Yn1mFd5Zf:12000000000000000000:OKDOT:OKMYTH
14TWwBBn5cZZzqZysdshR4Bc14JwqvotkX2DrHcBiQ6NmGPW:12000000000000000000:OKDOT:OKMYTH
12LdbX3X6oQNcKD6oKto24XNePaMGbkaDkpt3XLHawTpXdbj:12000000000000000000:OKDOT:OKMYTH
1qMQjWdWjv39qmKn7Jfohc5sFJKnTCHrUiRE5v3krffJeG8:12000000000000000000:OKDOT:OKMYTH
14Avm76bhyS3kBknEQgKx2NMgVXQgiKWf1jM4egLWTcWeSAk:12000000000000000000:OKDOT:OKMYTH
1mu4at6M7VHQoq4eSwsr3YWHrweXGe118Md4FzaW3WvMPN3:12000000000000000000:OKDOT:OKMYTH
1j5QqBVNXYggyDjAPTiRbTNszTqEaUHUhDU7R7bFn56nUpw:12000000000000000000:OKDOT:OKMYTH
14nJ1sJ1JATcWEjW9C3zGDiDTHr5demBBNQEF2ygLZKRvvcW:12000000000000000000:OKDOT:OKMYTH
12HZeVaNRZ6o6y8ETqR9yUF3iUNhHMEXhnv4B89xzcJR1Wws:12000000000000000000:OKDOT:OKMYTH
14g6omMNbpujzLFtopU43LZPS9J2sVBLRNvNft3gCHcACqLu:12000000000000000000:OKDOT:OKMYTH
15wLuyFxiWQyiZXcf1qLtDMSj5goyTvAmiv59eFGVMDE92E4:12000000000000000000:OKDOT:OKMYTH
15w54gEiMdr7qd3kwGp17tS5KUYYbr41SJMgProYLtBGvjFE:12000000000000000000:OKDOT:OKMYTH
128hL6rRbtT2jS2fo9GPztgB2gCusEJxccbCceJUH4QCsrxe:12000000000000000000:OKDOT:OKMYTH
13EjbWZY3J2bH7nq5JdefjWMYMRy49L1zdCygx6ZVfWPepRL:12000000000000000000:OKDOT:OKMYTH
13SMgiYXNBWVYHwixG64iDhj1K6mAbvvtrNV2Dp5BFwujnj9:12000000000000000000:OKDOT:OKMYTH
19yEMgFw9ZzKqMtmQQDVqRHNqsuSQwvwfsDcaTT2LBt7AoU:12000000000000000000:OKDOT:OKMYTH
15j2FPcQLZdFLTQddYbsK5mRBk7xfsFUmQMzfX6Aq5JJTL7c:12000000000000000000:OKDOT:OKMYTH
15bFAJLuiR24rUQNxkK71AybieG3BzP4ZVvwKoDUaL4RuWLm:12000000000000000000:OKDOT:OKMYTH
1QU9oPF5ALAPZxTThYTRrwzBP4KPWZ9XVUraqwwyw8H7tpS:12000000000000000000:OKDOT:OKMYTH
13numgaa7492DvupHUrGrjGhvoSs9KexHGb7oZY1CLqwhKGf:12000000000000000000:OKDOT:OKMYTH
1doh5iKe4eZWSmmkqGwQBj45GxEUgq1kV6TLhWSSUvgZs4Q:12000000000000000000:OKDOT:OKMYTH
12T6zuaEeLPTAma6ti8tYS5xP5hoMN9piVheZ1cSmzyCN38Q:12000000000000000000:OKDOT:OKMYTH
151eHG3QyfqzvZgdBgZRjaDvNzwUzFAWFfd9pRAdqev8qxHV:12000000000000000000:OKDOT:OKMYTH
12qaXjzQAq6qgQL67Gr3zqj7kFKxzE3peTB4cXGGjEHoyAJy:12000000000000000000:OKDOT:OKMYTH
15Ue9N9noazSx58VWRjjp3kA9FTBpXgtTC7Nim1o99vazCZJ:12000000000000000000:OKDOT:OKMYTH
16LXZuDPFUyJqTF9QkHM46kgyZRXNKyrmVoXnQ3Ufy4zjZvf:12000000000000000000:OKDOT:OKMYTH
16edEHYfq9uFZnwRjS6315ZxCzdVDU6YdRqgbEAMwa6yxhwo:12000000000000000000:OKDOT:OKMYTH
15m3GugBpEK1CXn4r6A3xThtsW93CPpFbo12Uo9t9m4QUqXR:12000000000000000000:OKDOT:OKMYTH
142BquayNXjv4bAx6weSfS3G5Lhza7bB3ZGZosPGSs7uVWRk:12000000000000000000:OKDOT:OKMYTH
158Qoteqxj6a4nXS9TNxhn8TCzgnqJxEfaMtfat6npEk3Eq9:12000000000000000000:OKDOT:OKMYTH
14kiCuukeaYQSVgfvDPfhJZognvqP7CKgkPLqLcrFDnWRAtD:12000000000000000000:OKDOT:OKMYTH
13vPPT6GEW6UhNC4o5rg2YX8UDyvNRGuNLYSQw3XEyhmePB3:12000000000000000000:OKDOT:OKMYTH
16XgrVPWvkS9LKP1uTHicx1DWkfqLH8zErDYxRaRnNbPLEiM:12000000000000000000:OKDOT:OKMYTH
12q9ivZWEoPR9wBUbw3CETdEUFxu5VWWCF7VsgcV5BV3dEzW:12000000000000000000:OKDOT:OKMYTH
1gF7zrvdSxQbUTYSyaoYiv68TWL446Ma13WTBsSC3rjigf2:12000000000000000000:OKDOT:OKMYTH
12Puj6sfW21ZfrVotHadmmLaziwnDeDBLQwfYeJAA75H67KB:12000000000000000000:OKDOT:OKMYTH
14b3TBbJXRevqE4onnF8iaTUMASHr1AiKQW3h45fWrheDRyV:12000000000000000000:OKDOT:OKMYTH
13GfUFNU1Jrmy9seY2mMUctcVx1AcBvLH7FjDtk7EQFZQ92:12000000000000000000:OKDOT:OKMYTH
14G7kBJkZTYraghD1A5aad95KfnRAaJ1ax5PrYQNiJVCzoXT:12000000000000000000:OKDOT:OKMYTH
1SoqwJzm17G6NsC1QV1PtQTf7nXxJhtDjeqPtQrsiM53wLd:12000000000000000000:OKDOT:OKMYTH
15UjG6ZsE4GUzndt7tzGrjqq1iBoHDwmiNT5PFyr4gbhiCpz:12000000000000000000:OKDOT:OKMYTH
14w6W31s2rF6PLhz8jcDTRF1vkMGKodWMwmEt9sCMzrWgtcA:12000000000000000000:OKDOT:OKMYTH
153wCenigRnnNMuxfasMNvxKpjJ9m5jRYD7XRxN18HbPdMCk:12000000000000000000:OKDOT:OKMYTH
15T8JM6PyFhSJb8nz9PVcSJxuB9hvT3BTLhuSddfLy46Mgej:12000000000000000000:OKDOT:OKMYTH
16hJcZ81pXoRZ86bRxWhxvXZjnjX3nu7A8KU62paPJDNGUqq:12000000000000000000:OKDOT:OKMYTH
14r3of4f9TNUEmRed6EYBR7ZniJi2ej9LVYww9iE67jZav25:12000000000000000000:OKDOT:OKMYTH
13t9QbPMAvDtD6jFpHyRo5KmEmizreq37sCatuhps3dw9bMf:12000000000000000000:OKDOT:OKMYTH
16J2X82vdKxxLsBZ8YTH145j2MryH35DMzeXXbpLBa2uhZS6:12000000000000000000:OKDOT:OKMYTH
15yw6ZSf1c4mQC46S895jirv83RnGAW8C5hJFFooXTHL8dSX:12000000000000000000:OKDOT:OKMYTH
13PzkbovVf9a8JNFy59tSWuyf6KjHC6sSG4Z4MtKCJ5RH56w:12000000000000000000:OKDOT:OKMYTH
1nqquCnCH1MhzoHfmteto9SMyzNAcbLKfsvHpdsQBKCisnT:12000000000000000000:OKDOT:OKMYTH
12VwLnLhbQqSUJHyotewQ75PvpQBLmcAwo2K7RABh8ukJ6B6:12000000000000000000:OKDOT:OKMYTH
12vmgRgHnhhs6kk93rDr3QeagYExe4Y3f6NhGJYV1uiLSFEb:12000000000000000000:OKDOT:OKMYTH
14TTXP75QaMjXp1Ymztr4S3LYmgZBiXB2thVbmeyKK1Kvxaa:12000000000000000000:OKDOT:OKMYTH
15mdmZJwKReWEan4tKD93rpXhPpaNnC5yZ7v1RGs1txkAQYL:12000000000000000000:OKDOT:OKMYTH
13RKQCUjx6ZaMyHY61kbASZZyuSP4rYjDUdziBdJ5BWweujm:12000000000000000000:OKDOT:OKMYTH
15ApTNU3FF7Fj7ke4SjXQcH7z33B6cFWDVpPFDtRgPRW72GG:12000000000000000000:OKDOT:OKMYTH
16LvcJdGuTdAzxtmsie3GwT2cdJtNnyABnsbgncKe35wHWXc:12000000000000000000:OKDOT:OKMYTH
13DWaiJLCDRALYVMkqpmJt6xkfHBwnhpwNi7LhQYXxwBwW5G:12000000000000000000:OKDOT:OKMYTH
15qKqgnjFc7hZPRV3Mw2cWcS6S3WWkTMXwE8uSFRDVKHkKCC:12000000000000000000:OKDOT:OKMYTH
12duWCRWpr6yTonhXX89g7hTyoeUMfMqbS6LbN9NtzWEkpHD:12000000000000000000:OKDOT:OKMYTH
13LLqWTiejPegccNopfUfCmPpftxLb6kWzDct6tqc2uUS2v8:12000000000000000000:OKDOT:OKMYTH
1NkEnXWdR9hBD2jGZfAXvWsGCm57AkhLYjNWCSfJESHTztV:12000000000000000000:OKDOT:OKMYTH
12DLMiNBjq32YDCUBYPyVVjmL4VRkBCGUhDyTdvbAHGzZ4EW:12000000000000000000:OKDOT:OKMYTH
12semyc5YrXZTe15yHTuJXY5ne8H1XKTB1iWyJ5G75pz3i94:12000000000000000000:OKDOT:OKMYTH
16BwtYePpEUNVJ6deeQbQs8oCMf6UNYn9EzVmL7GwcfR7Unt:12000000000000000000:OKDOT:OKMYTH
13aAsMgWMk7bvx13343NogGNaTD1RxdQSxkwVfrLYy56EGYE:12000000000000000000:OKDOT:OKMYTH
1gHqVFQXQyouUVwy6Lhva8otfLeyUdXRv7jPRXgJdu3woRP:12000000000000000000:OKDOT:OKMYTH
1FWbvhD3qVWa9s8UCAkfGKWChUaMfhbMJcksjMesvAXLqtV:12000000000000000000:OKDOT:OKMYTH
12YUSkqDo475dheAGHEiWAJnghJmCn1JBv6f8oKHA6S3EDeu:12000000000000000000:OKDOT:OKMYTH
15LNHMSxRntVbjG2mzkDQifbhBCE4hwFwhGksJ9xo5MivLHa:12000000000000000000:OKDOT:OKMYTH
14gJTxZCwKscjrkKmyxnDG8ph5qq3ULAckmwaPomVmJokfGi:12000000000000000000:OKDOT:OKMYTH
14eQKXt1awHHDREq35PM5Wqk8mqvQXZAuDbRjXbLnFZcmYAV:12000000000000000000:OKDOT:OKMYTH
13mBojVUkQ32qzVonLqgLCnuqc2oZVzs5aXDdg8ZTGyTRLJQ:12000000000000000000:OKDOT:OKMYTH
16fZYErE1GqZuxAGiZ7UT5PhYwKy6J5xGU7rAbrYL9FtnkVq:12000000000000000000:OKDOT:OKMYTH
1FAu8mhYxmHC3Mbicoq4vXAyPaUuFj2MSobcKrfDy7eeGXP:12000000000000000000:OKDOT:OKMYTH
14zKvTgsVt59cpYCy8GgTwYBQJ8DnHTFZCqSsd1ncxojNrXw:12000000000000000000:OKDOT:OKMYTH
13uTZuTCkaKAkJM3VzVYGffxpMLeiCXk1DzxFWEUcomYzMxT:12000000000000000000:OKDOT:OKMYTH
15bBcRJg56PaFD1mEe7C2eki2qoUX5CQj7SWxNbmmoX26F6B:12000000000000000000:OKDOT:OKMYTH
13MqB2XupfZNVodGFurjbwHGUvcZbSVc8uoYNA1fSZ8vsuQw:12000000000000000000:OKDOT:OKMYTH
14F6RN9inYaC8L2F7e22bzp7zcNr4JxYjmG3wDgBjnXsPi87:12000000000000000000:OKDOT:OKMYTH
145bGfoLNpvTWePeMzYY6Zsqy76eL1xGJbwMKyYMdxFEWxcT:12000000000000000000:OKDOT:OKMYTH
1Xzu1R97hGNW9gnB4CkjNqzYRhD97Xv5s97EZVjUxqJazHE:12000000000000000000:OKDOT:OKMYTH
13d2MKp7zMRkehRu7wwsPmURyURm9vDRBrgGu4EvTnPKc8kS:12000000000000000000:OKDOT:OKMYTH
13CwP1TcdXBHQwz29Yb17oeDrGSuT4ZSqcWdUYepC8rg3JsQ:12000000000000000000:OKDOT:OKMYTH
13ZyYwRymfGND76RSpxpQrUehWYANp3D8KvbEi95qJx2G89D:12000000000000000000:OKDOT:OKMYTH
14VRJktrg5FLPRes7QNaSs1xNViKFoWUTDAgsB1TVuyDmbFr:12000000000000000000:OKDOT:OKMYTH
12GMECCLVjifWNGZ62P6zBTATi6xyxzt2BWro1JwnkCeY8aw:12000000000000000000:OKDOT:OKMYTH
13h1egmrCc2AJFsq4HU7EVoNX4LwQphs2sdASpjT9tXNSTzQ:12000000000000000000:OKDOT:OKMYTH
15WSQKdx3eAFmPJocKw59CzjiTq2bvkAauQvT6s2YDrymqgv:12000000000000000000:OKDOT:OKMYTH
15jwwez2UbmEAeek74WrG4AMunRjopjpQmPDbfBgn1aSfyNp:12000000000000000000:OKDOT:OKMYTH
12pxeuLs3dvSdcR5X5DUJq8UPYcx5VKcGYqENcsypNfLb7dg:12000000000000000000:OKDOT:OKMYTH
14PnDkgAoVSSNYQtnAdhtmdzaK51fCtfJ3iTHZDjZLdarY1T:12000000000000000000:OKDOT:OKMYTH
13BXMZA5Z4FrQovntVmdnyG6pAbyYERDGn5VC81rAPMKgDFT:12000000000000000000:OKDOT:OKMYTH
13rnXScPaDunJo7u8vayi74h5mQ7ZAF2yQqVtahyzYJVdnWg:12000000000000000000:OKDOT:OKMYTH
12un3faQBpHHeFCheXXCDfsimpxhpMdEpHcUHojxhPYN4mTY:12000000000000000000:OKDOT:OKMYTH
12miYCprZ6QVqcRR7bChzfQmct8jmZ2xKg6pqBMPbth5eykf:12000000000000000000:OKDOT:OKMYTH
1A6s1gkY6eviaH6ahPqNd2cY86Rne4yNWtVfRNzZD5pfRG2:12000000000000000000:OKDOT:OKMYTH
1ga7dr4CzrXcLT5pY9jUmpZkW1MLtMvVzZiXET3QnZGpVPB:12000000000000000000:OKDOT:OKMYTH
14MUCUaFSfgAXupUsmH8wDUaCpYPZVbEFSXWqwmt7E4nfaHn:12000000000000000000:OKDOT:OKMYTH
14DKoxknyuLHaEDGzYcqt3zYGZMLs5ivqTdScK4pxajZ74yV:12000000000000000000:OKDOT:OKMYTH
1L45WTEnWoovxqenJ7UkS9CogfaYsZ8ZkbnqCLYFiuvybFj:12000000000000000000:OKDOT:OKMYTH
1qyrWSJBbQWifjB7YTrzWBqaPkgrskF1PK18KPrTDSzjGUL:12000000000000000000:OKDOT:OKMYTH
13YYXfuuJHx8yfk55U3JDhpnwFRGyJKq3Z4uZfi5AHQauLAk:12000000000000000000:OKDOT:OKMYTH
1457epnWLzVgk3CcaNCqqF7ALHRmw5QUHCUbQh91uwZiXNvt:12000000000000000000:OKDOT:OKMYTH
1C2Gkyw54FkR1oJeyzH5UjKA3XWzRTM917ysthpRdnhc2Y3:12000000000000000000:OKDOT:OKMYTH
16Wr1TSdyU3hp781gVmE2qCkJpiwPJ6cJvMcGPEq1FCAcMhq:12000000000000000000:OKDOT:OKMYTH
1aFXY2Ng48pBT5XBUXcVfDLsBn1GCrrr7m9eVCNP8xxbPZZ:12000000000000000000:OKDOT:OKMYTH
142wwgNvjv3MqvxGh4BLo5qSZZWSyqiBwzt3V6fM3Jy1aJ7X:12000000000000000000:OKDOT:OKMYTH
1AFwBxBFKMqYgtHnmAxxV4hLiz7wTxhN6W7utqhmcpG2sbC:12000000000000000000:OKDOT:OKMYTH
12jzCwtoPfHqBGHs2HR2pwGi83VbDg4ZADJUUZ5inBvvBXVa:12000000000000000000:OKDOT:OKMYTH
12dWXaVm5gRLPkPczZGr9HKPfpraThAfE7GJAB5w5qvMTfuh:12000000000000000000:OKDOT:OKMYTH
18xMZGBYGe7LnnWPNpHKbwEfi8ENWngofKa27SX1Qz6VFmm:12000000000000000000:OKDOT:OKMYTH
12AALNFsQotqVJPrA7DfrP8SgUJ4mna7DaQ92NPQFKYR3ZDj:12000000000000000000:OKDOT:OKMYTH
15W1xXji6i43DNhwvje3J4s2pG2vHvBhcFQ9tcYD5GL9ZkF:12000000000000000000:OKDOT:OKMYTH
12nQqauzPoNsasPDq88fdwhvwUvuVmbGVxyLDBrayjs3LYb5:12000000000000000000:OKDOT:OKMYTH
14LTqqwVbZK1ecKRKZd2vgX83JaZj9sATYTg5FRPpFb7aqpy:12000000000000000000:OKDOT:OKMYTH
12cLoHwbaE1EnMCpEvf61fqKEoNM2Xo65AZ1FtzEyWUXW4Ue:12000000000000000000:OKDOT:OKMYTH
1HyLS8qirVt9e5dtoHNPsbeUv2sXJjEyEK68bXr7s3L8BJY:12000000000000000000:OKDOT:OKMYTH
158ENsubhPsHge42R8b3fyhr9jC2oTBUpZevFFTVKxUNtboG:12000000000000000000:OKDOT:OKMYTH
13gXAfLEy9c3ThKTCkdn3qo1fqE8h5jR3U91y7dNzbW6xCzU:12000000000000000000:OKDOT:OKMYTH
1KjgWgWqTKCkQDX9MmX6JeZBbxgZoPkzA5JK2bPdGoa7AAm:12000000000000000000:OKDOT:OKMYTH
12jWJn3bHyQvdAQaC4sWqrHXP8mtjPsgXkBQipd65oguHPHN:12000000000000000000:OKDOT:OKMYTH
15tL3h4pAeMuQN6iFPcAWRaBCwV3oDHzhUWHmJUKgTMkxaD:12000000000000000000:OKDOT:OKMYTH
14Ybmh6k7ESJ4QzKHh5pPni4TCa1ywF4B3drZr4cZbLNhWJF:12000000000000000000:OKDOT:OKMYTH
14vD3pFinDooFqMut6EZbRAM2ZyjDGkWK6DmujiQskM6w3gQ:12000000000000000000:OKDOT:OKMYTH
14NZvVxTFssm6ut33pHcX6SgKACyiN3rWgbuYEsyVcVQgMYC:12000000000000000000:OKDOT:OKMYTH
13zaHpuCXv6j8iXGnE6nqQncVFEzGVfB4KtRfYtGEaEDa2VC:12000000000000000000:OKDOT:OKMYTH
15dG24SshATYq4BDppHYwk94kVmw8BLYpXL2eoLbukiZEK3e:12000000000000000000:OKDOT:OKMYTH
16LHAXc1NPydb33yboS4MtFhx3om8dZbAoEXg2fk2sizugPB:12000000000000000000:OKDOT:OKMYTH
1wHTJrp72FEqUYYrMNw3FMmoUbGAYHmZHJbTZBBBS7j7xiT:12000000000000000000:OKDOT:OKMYTH
1sG2z3z1aL15WnNqoHA2RZPmKrSidcwRGVn69zEGwU3K8VT:12000000000000000000:OKDOT:OKMYTH
15DLrUe3zKshUEEHsFjS3tPHY7vYmfXpi182BYsAQDioqNfR:12000000000000000000:OKDOT:OKMYTH
14gBDYS5rjuQBModJQWKkjv2dKrW2q23f3zkNj8wMAZjnLNM:12000000000000000000:OKDOT:OKMYTH
15PcMmsBq1aCy7QkdZ1iEJV6Yyjxv2ve5zSEj9KLv9LJZXrT:12000000000000000000:OKDOT:OKMYTH
132WdyCBvzjhu6LueJbA7pt4KmFkf6JkuSdNqZFM5Qq3aupz:12000000000000000000:OKDOT:OKMYTH
15b6pJzn5XWz1ta8DhtCD2rBaniJRtjMwFVRjn9u5KACTkrc:12000000000000000000:OKDOT:OKMYTH
15xe1HU15hahmBoTUud9xbvrSL4A8ASY5fL3j51VtaPwcSab:12000000000000000000:OKDOT:OKMYTH
142zKUAaeS32YdQi3MUc1CVmMKVHj2tNJqRC7XDom3QQDhtL:12000000000000000000:OKDOT:OKMYTH
169TUMk43CT88qxHazhAGmN7c4C8bUrgtsK7kY24ErEH33kQ:12000000000000000000:OKDOT:OKMYTH
1qi1ZKmTWmCiBEt2B2FPhM83Ab7YuPdU8YcTdzraeeHdYSi:12000000000000000000:OKDOT:OKMYTH
13GqqxzVys8EvQYeXB9JHh7sDFq6RegQcvTiKkmXuVHHJJfz:12000000000000000000:OKDOT:OKMYTH
15GN56T7bo3aZEqCorNqEjYD57h9eMUhAveYHtXv1hYjjDn5:12000000000000000000:OKDOT:OKMYTH
1mrbWj3a9sb87dhRG75kzeoFStVkf4b6J9HAAnpfNps6cLH:12000000000000000000:OKDOT:OKMYTH
16WqfqdyLVq2uk5jqdCXjM4HZeHurEh1Tg7bNBMetDFWRXGK:12000000000000000000:OKDOT:OKMYTH
15yeDW45LtXYf3VyRrJek4TFZjoSmkhtCRDEZBpmux44AChA:12000000000000000000:OKDOT:OKMYTH
16CeRtLdRoeHjacB2nNePgGQatKnJCjkkKemTJdJpcA8nkPP:12000000000000000000:OKDOT:OKMYTH
15cg1zujMRdU9BWVSqnKWXioNgUDErYjq3mDcHUBLCWJnMPp:12000000000000000000:OKDOT:OKMYTH
12xryTHgLYxD6oTSt5rpJkqp4LgCwP6eUMiCjFUVZ5nRe8Cp:12000000000000000000:OKDOT:OKMYTH
13bgeGHkyMVXrrh1QP2huP9zZ3sH1e3WUg7Zc38pdHDT9FVm:12000000000000000000:OKDOT:OKMYTH
13pFBgqh35TrjY1qS8aFoRrbtjcXpsY82SPF1BXV1nJKihp:12000000000000000000:OKDOT:OKMYTH
14B1GTy64MWpAmR9QYGsNzeos5hcAN5DUXzL5RgQ3QJwSF9t:12000000000000000000:OKDOT:OKMYTH
1wpJGqzZitt3mprks39JAxzPykJK184Hue9QYkHwBog4hEE:12000000000000000000:OKDOT:OKMYTH
16KgeMcTdMitBZ8X8zBLPLv8UC1gUouETkHEV2zfY9XFeWcB:12000000000000000000:OKDOT:OKMYTH
1jzhn8JnQkhmN9XqSWyLPBVThsdyJcPQ2nhohFkscxo93DZ:12000000000000000000:OKDOT:OKMYTH
137Tpp1ur8YWVd59V9N66e22TNF51uhVRueucZv9RrqrPYr5:12000000000000000000:OKDOT:OKMYTH
16dhGbQeJxGZN2gEYEFa2U1rLHd3Y4aHauEgRqw6wwkvuGtW:12000000000000000000:OKDOT:OKMYTH
14xRDsR9MsxaaFcuUDC3wnm8GXijJtQwrjaTih6Pv73wQGyM:12000000000000000000:OKDOT:OKMYTH
13n1mz37Egz8SDVHhBZ9tXiuqGryLdLpMXcEv3dv5hjRDnQp:12000000000000000000:OKDOT:OKMYTH
1jMkZVy3LbApSqiSiYcfK4dPk167aoX2FRgARNjdRM4ZboM:12000000000000000000:OKDOT:OKMYTH
16E1Zyu4dArzK1QdPpB7gD39ynGWQSTBKEHzoSSsPkhRL4sp:12000000000000000000:OKDOT:OKMYTH
1zupnCLSNatCjG3eea6MiCaGY9mtT1kdNMzja1iqcnS74oV:12000000000000000000:OKDOT:OKMYTH
13EJb348y3G8A4sq2LMPLYYbPhqzyVdAhWssmf5GdFZgV1Yq:12000000000000000000:OKDOT:OKMYTH
141Rj2VZnEFHB96rAhvoLmhjvy23NC7rfaAbWPkv1vokzaMp:12000000000000000000:OKDOT:OKMYTH
13z6KJo314AmZyUuP9XiUZaC15RZj5EAdF3SjW5dyC2cX5zt:12000000000000000000:OKDOT:OKMYTH
148P4vhCwYemmoRzDVXjmkZ5fAt3gEwbuLXd68kFwNXJR328:12000000000000000000:OKDOT:OKMYTH
1AG3kVfvZJBv67a4VJZKKxwwM2BwzYs2r8qXjPVN4aAatsM:12000000000000000000:OKDOT:OKMYTH
15q9iXYfqVsBUA8U5Zmu5yfZn8r1M2WKoPojA1mskQc3jdDu:12000000000000000000:OKDOT:OKMYTH
13LNqnPVk8B6AAkugjBGBMedGQYcvcKjTPigj1SRo1xEm3NM:12000000000000000000:OKDOT:OKMYTH
14RuJvWbTGjC17QnyeXULBVdaRQpYgPcqz6EL5PgNX9jM4KU:12000000000000000000:OKDOT:OKMYTH
13gezD4Dc7BLPcdrA46SQ8WXbWMHA7U4d5UDxzzB92qkqGtT:12000000000000000000:OKDOT:OKMYTH
14FuFup4b2BHESM3DHp41bDpWQNS3YRkSe4VZwPwn1BG5FXv:12000000000000000000:OKDOT:OKMYTH
12XK2W4Vtv5GuiNaeUTXDNsGT8sVcfeneMbQizi6YjXkbPJt:12000000000000000000:OKDOT:OKMYTH
16UXz29KeHWFVYawRVeHLtT8o5xUyshzZviknf335aYmEdvk:12000000000000000000:OKDOT:OKMYTH
13djsBUNHZcAg9p2YkBd6pTCbcKymtuMWd2bQyr2wv2cEfnM:12000000000000000000:OKDOT:OKMYTH
12pCryWMXoqpVx8rgY9cadBq21ZRhuVojdwFHxh56JmciRz:12000000000000000000:OKDOT:OKMYTH
13QjTAmmRmeU1drTLypVTd5fE5XtzkNzjyB9bNBQziYMQPk9:12000000000000000000:OKDOT:OKMYTH
164KuaZCdDvpf4soJnMvkhQZ16wLY9ebpfDyUw7raSRa9BW5:12000000000000000000:OKDOT:OKMYTH
12ePU36tjWKHER9V67ptdBFDNbs5BrEKXzR1x9CuZt1eU9Zc:12000000000000000000:OKDOT:OKMYTH
12o3WKQTCTaTky3RpWDvxax47osLdTsRdsMh9FPKkNQF7DQZ:12000000000000000000:OKDOT:OKMYTH
16mxaaJy3Wkr1BoUb14gHDgEQvAdJ7ahKegjpvVkpm7z81Td:12000000000000000000:OKDOT:OKMYTH
14T5YK8mjnY5GxuBrpHAZynTS1nHD7cybhK3CS5yVhAnBMQD:12000000000000000000:OKDOT:OKMYTH
1PFCsnuZJYt3GMGrYmBqB8ap5hqX6sB2EKyfwRuX2mPn2rg:12000000000000000000:OKDOT:OKMYTH
16TvJA7mwhFLBw4KJv7U5Dj4ZKui8mpoFpNTURofPxPyNQ95:12000000000000000000:OKDOT:OKMYTH
12273yr6h9WQw2ac1e7MNKdkdp9rry1eWioE1q1zUcHboTMG:12000000000000000000:OKDOT:OKMYTH
151AWbfhLgYgYqWSN62F3pYvDuM5Lwb3ZS6GEo7qBrTza5AH:12000000000000000000:OKDOT:OKMYTH
16gb9r8tLUFuBWF1e4TcwpNiMEhpdKq9x5fsi81eFpgUcRTZ:12000000000000000000:OKDOT:OKMYTH
12EeixREFEL7H82TJuyETRDTKoRF6qh4Ge4CWMF7THQsM9DK:12000000000000000000:OKDOT:OKMYTH
12XMBBdQvVJw44cQJ32V1BwQV5GmJmX2xwBSgHMkx5UTiy6r:12000000000000000000:OKDOT:OKMYTH
14gbCYw3BwkgkzewjhTjsJennNhQuQL2cYBGuWq5iCcowxKZ:12000000000000000000:OKDOT:OKMYTH
13NCLd3foNpsv1huPDzvvfyKh37NEEkGFotZnP52CTR98YFJ:236000000000000000000:OKDOT:OKMYTH
