14Ea4SVKho9gTynsBJVBtou1LpsmzazHvNwmKubq8UffndJv:12000000000000000000:OKDOT:OKMYTH
12JgnK8V6TkVgev3KUsjDhL5PzoVTW2tjTyEQRRa69HB2jBA:12000000000000000000:OKDOT:OKMYTH
13Rj3ZA6MWzp1QnXz2SR1gkZco73ov6mM6hxuXxBs4RVgBaA:12000000000000000000:OKDOT:OKMYTH
13uW4pMc44QCk9d1kpurTXhG573SemLyeL2NjwW38NMSbPqY:12000000000000000000:OKDOT:OKMYTH
1HBcJqAMJsBtZNGzyMnVJvYHZeM8xNTf37QYnZc7YSmrf2R:12000000000000000000:OKDOT:OKMYTH
13Q2AbSWjJicy7kSmdZtSK9W2sTKGMqAeLXyPuwoPD1hvGio:12000000000000000000:OKDOT:OKMYTH
1Qq8yZNdCFRsNCwNdxWznL7Xr5zMY5zc3upsfvJ91EzT6E1:12000000000000000000:OKDOT:OKMYTH
14g84MXfFyMENCDfAXAndSYFYByUa9rbBmgJxJpTTVrfSZQt:12000000000000000000:OKDOT:OKMYTH
13Z542rbUJ59sUaNic8JcUsRxd6gHFgzAHTMEu2GUe29vYzp:12000000000000000000:OKDOT:OKMYTH
12ekPJuNnyeVrVkMyw5CAGogd1vhYEziM1gjMkFmXJzR7s7E:12000000000000000000:OKDOT:OKMYTH
13CVGxyguBDW7xMPmmmLj5itLrfUM5A6vwZieFZd1hdiNWQt:12000000000000000000:OKDOT:OKMYTH
15ZJyfRKSuXd8qpAx5LB9FzW8XuoXSBgc4QYG4iZiR6v7xBy:12000000000000000000:OKDOT:OKMYTH
16NSkpJUNBSSBbssJAFJ4ATXGstFArEJ2opWaqAw47vQ31Zq:12000000000000000000:OKDOT:OKMYTH
15nh24aKE2GykPAKsX2CRq9X2pTEMXRpMULS9epaUU6Rnmf5:12000000000000000000:OKDOT:OKMYTH
1VXxXmSgotMmQuDTr3mRfrvCuU51Ri7aZMAU6htymLLn5LE:12000000000000000000:OKDOT:OKMYTH
13uhFQwjTAm7j4MCVDfw54Pab8MTvVzxphkxHQbjx73mzR2G:12000000000000000000:OKDOT:OKMYTH
12ncXmwwvSdjByv37Kf3mrdF5M6yA1jQBK8bVMVVDAx4n7mD:12000000000000000000:OKDOT:OKMYTH
13tyveytZu9ev1V4zCdhdxnBPrxFZ8eXZ8Gu4gEphWzHjVeQ:12000000000000000000:OKDOT:OKMYTH
15te1qYnvYyJjmN7LjAJBt5p94M8oFWaJFroiEdzUFSCbJSu:12000000000000000000:OKDOT:OKMYTH
14J4Y6ZEeWdioXQR1Q3E18Umt8qe2QKC57J2cHb63qM4RMj:12000000000000000000:OKDOT:OKMYTH
15MohUHySWmjvCktiq7WUSZW7fpRoXqSiQUADkA4ZfdNJuEj:12000000000000000000:OKDOT:OKMYTH
14HVbQGZYgJkTPDN8pNVHhi5EwKqHsm5n3Wpm5c99BrDhGgz:12000000000000000000:OKDOT:OKMYTH
15UBCTBCW4WBuhKnKNjNvWRWMhxUibDfRMWjhf6nui7niuyi:12000000000000000000:OKDOT:OKMYTH
12cubvpypCHbkTNmhWRZmDxkfTxNYBmFVGAL59tq5UdD5o6M:12000000000000000000:OKDOT:OKMYTH
147oRx6mfQnMapx6uhJJnRCpSPMRaLBugtuTVaBQQMNhMZ6T:12000000000000000000:OKDOT:OKMYTH
1rZb52Q9TP3zLXqMhvfjFLoo28c3WuzWjmJQ96a3kwytkwM:12000000000000000000:OKDOT:OKMYTH
158AGLJJ9h4AeQsGUk8GCoCjKX68GpFjBNA4qP8VrrRfxwtR:12000000000000000000:OKDOT:OKMYTH
13nnV9KKPM6rkznYBZknGgKqA4We6rnmwXBB6x5Ta7tLuL37:12000000000000000000:OKDOT:OKMYTH
14YYYjymaasbxxeV27MGPvWopv4niWdjLKnoQASmJoV8pEcy:12000000000000000000:OKDOT:OKMYTH
13tgzdQoUM8JsxMHe7FcrY7BBUWgwn7h82gqn4Q73wpa9fSh:12000000000000000000:OKDOT:OKMYTH
1GxKMfdQhpWuvE7PnPZvnSJB7KX8RoAqV28E8Vm27t9a682:12000000000000000000:OKDOT:OKMYTH
15McGUZp4Jvaq2TvSjdLTnGLZ7ZixWb4hWmbkfQo8yosugVW:12000000000000000000:OKDOT:OKMYTH
13XBvNAhZn8fpK65MD9kcsLMJDrHtR4AVLG8CqeDJrChuCp5:12000000000000000000:OKDOT:OKMYTH
1zaPvr7vUFFFsfVoWscanMZievb8sBcE8JLMurqhzoAtYHp:12000000000000000000:OKDOT:OKMYTH
12nUBhpve5GVSLRFuM1JUyT52eK13dNbEccdaokJWjey544j:12000000000000000000:OKDOT:OKMYTH
13yqSuRLBeuikgmugVSEfosQ231gAeuJ692gib33gfDRyrCD:12000000000000000000:OKDOT:OKMYTH
1575f6E9UAGUKbJA6kZ5gKRvuRP1DUK6N77EQEG23szYmpVa:12000000000000000000:OKDOT:OKMYTH
13oEwT12kYp9FBihSRqezbukdDfMy5TPhF1TuUZAfjV4VR4d:12000000000000000000:OKDOT:OKMYTH
1jgt16DmxdJ2imWZUi92NKSkrWFuqDp2jEnCq5DusRa4Deq:12000000000000000000:OKDOT:OKMYTH
1p9ArZHxni2zbX4Km42JAJrzR2ZvTqfpKhBojoXeyXV5vy9:12000000000000000000:OKDOT:OKMYTH
13KFT5QLS4Fb8Jhscbv3NYMbmH76iGRZZ5PHvHE576p9xNw4:12000000000000000000:OKDOT:OKMYTH
121NaPKtTGGSxqWw1RoqDhwQ79CmswTHyjgbtB7FxDgVAJNR:12000000000000000000:OKDOT:OKMYTH
16DazTQEAP2CW4d3nX37PxAwq3NPpkv8PKUErcbHyZiU6NXS:12000000000000000000:OKDOT:OKMYTH
12Qs1i2FmXRn6iK3V3H4Lth4jzexXuHXMEnnfEXt1h6tmsiM:12000000000000000000:OKDOT:OKMYTH
13spoFUp9DkqMMJSnYkhoE86cK4jgrmpWx4WUjjyU7kxzfn:12000000000000000000:OKDOT:OKMYTH
14DuSxn9e6pHcABL5rcfgtoiYrHtTFytVNw8QbqaLN7yYkZe:12000000000000000000:OKDOT:OKMYTH
15Cg1jnnMm3WetFDUQRiHaDayGc8FYodsUE9NA5NgK2kkbd6:12000000000000000000:OKDOT:OKMYTH
15sRNfjiaHmgjyxdmAQRsBRn6qrWsL1PCpfnXJorjzXRQh8X:12000000000000000000:OKDOT:OKMYTH
124kBkgguftnADgkavm3fpQcHRYN1hLyWYD5VNcQjfvqeKHP:12000000000000000000:OKDOT:OKMYTH
14Lgmr8HmHf8BoUKZu1VmrKPAp5RYkvQxKHMt92RMG61rot1:12000000000000000000:OKDOT:OKMYTH
1jxYcAXLrzBmPcv11ks5y6JXvHj2u1BmnMdyPTVLeTKLrt5:12000000000000000000:OKDOT:OKMYTH
14fQN38xX1SQCECFPKdDJ31zyCAk5TSUzHFKDET3whiwDrbn:12000000000000000000:OKDOT:OKMYTH
14SzNvZRB3yR8XNkR4WSdrfs56XnzcXHVhNQtX1rnzMqXqCv:12000000000000000000:OKDOT:OKMYTH
14MSyMeg7mA4mYPTHMi1haSQjj4mBiCMQBngdVhw62dtKKYS:12000000000000000000:OKDOT:OKMYTH
16Mtyo3bG7uwQNa8KD9xXveHYrirghWaq2gknwsawaC7tEeo:12000000000000000000:OKDOT:OKMYTH
16ZJPgrM8rehY968m7PF9DhFanJz7whJNiaZUwEa7kdSbVjZ:12000000000000000000:OKDOT:OKMYTH
16YCUqo4nZtX2WfWZE95k4wrzHubpqddvqGzBQZUUGAnvUNf:12000000000000000000:OKDOT:OKMYTH
14ywzD54gBsrGgmMYgePxZ2x2BZ623hrfBtzv8xaCgYHhAxW:12000000000000000000:OKDOT:OKMYTH
1ppXN2PuPJKvceSQPpxzjZgvJFwiFsnA3WZKMkwWkpKCrVe:12000000000000000000:OKDOT:OKMYTH
16ARNizQhRTVbBPmmqmAgu1aZjsCuejto4xbLA4yVqNqexSo:12000000000000000000:OKDOT:OKMYTH
1yymnkTqbW3oFDfDbwTa9CPk9gRX9NYRofA25vNyVNmFdNq:12000000000000000000:OKDOT:OKMYTH
16XDQZQBxDNoDNr8ZrCmqT3YBqpTVKh2wXJ113ckJrTQZEJK:12000000000000000000:OKDOT:OKMYTH
13befvtjxdcY8gWPpVA7tadbYUnT5MLwaPkFBB822NBiKgN9:12000000000000000000:OKDOT:OKMYTH
14yWY7KtiVGRWwUZ4tETixrwoc9ESs89xQTzDUuGMjm8mbvS:12000000000000000000:OKDOT:OKMYTH
122Fq13ovLyu56VJDTVVrtxn6N2n4v938hJyqyJLmqYr8uH5:12000000000000000000:OKDOT:OKMYTH
1G9j2Ygor4inhLbT9wL8G5TdHGEB9pkCoxzJGTYethrbCSR:12000000000000000000:OKDOT:OKMYTH
1FKmBD8chPq4FJer6RRHSvs5quDXZZcGLDhQWFMWkbdsru3:12000000000000000000:OKDOT:OKMYTH
127SRT7HdTjSeYmVpVmTQWdxpNGvf9bJwXUTK1LavHsc1x9P:12000000000000000000:OKDOT:OKMYTH
16iP6juGzP8gfDrFdQD8wZjGFAwGr5yhKJSwX2y4rLg1fSuc:12000000000000000000:OKDOT:OKMYTH
16JDPmPeTz62SxNxEq4RxRapBWRgbHDW8MBES1Wc9jTdXSDd:12000000000000000000:OKDOT:OKMYTH
13VpT1kT8a49hyhHZwYWv94Zbb6otKXTYXaKcZ9Vi4Q646hD:12000000000000000000:OKDOT:OKMYTH
14w9Q7AyGuZCB9zvvHoTtoCQn65FtgghQdLRrQbRdzBvGgmK:12000000000000000000:OKDOT:OKMYTH
14o3EK9taZXt7ruU13M5BfhZssCc9gA8kMuF2sw5fADgJya7:12000000000000000000:OKDOT:OKMYTH
13GD43cLQMqkbzzHMN2MLAkvrcqzjgjoqAjLrML5uFW5Ujyo:12000000000000000000:OKDOT:OKMYTH
1YwSUDfBwhy9XaFQEPAQamE43vUQKqWSAXD5A1vNR3LPuYu:12000000000000000000:OKDOT:OKMYTH
165ZxmLS1B9FX1o4JJd4WMzAqfrR4H98Fc4NMy5Q3cowDwA5:12000000000000000000:OKDOT:OKMYTH
19aNaYe7Hk71HF27PTiAEbMSqBtLNcGuJJF3QEWpPPSM5r9:12000000000000000000:OKDOT:OKMYTH
157v43MqaESbdYMbPAf3evqvz8wuo16TZ5aigAqU77WXP3vQ:12000000000000000000:OKDOT:OKMYTH
13Mjrmt3HGmReAsxQqRxEuU7kG3AQDhZRqyhpJEobkqnUdpE:12000000000000000000:OKDOT:OKMYTH
15PfPxdzuWEBu56uB2MAu4ppJQ1adm4cUxXH1Yx7CSvcZAa6:12000000000000000000:OKDOT:OKMYTH
13HzdCJu76Wu1fcjTRddd7mba4pxKX2JkwXKhzQL9wXqwExj:12000000000000000000:OKDOT:OKMYTH
15PZ9mp8ofPHg3jJucWHwURsoHvDboT4388DLyzE9mPPDRgP:12000000000000000000:OKDOT:OKMYTH
1z1jAkrdufJ5VyiJdyAFHtBQsTvfEWc8aaxAsPA2gqkZCKA:12000000000000000000:OKDOT:OKMYTH
12rXJeZiKCfDrYuDpdSkmod9CXH1Xh6RWbY5iL6U9E95xZk8:12000000000000000000:OKDOT:OKMYTH
129aATh26jhkxzw4z8tZ5Ak8Whhtoen4DkEjWcZzgCwhCsH5:12000000000000000000:OKDOT:OKMYTH
12AkRndVyERRfwGqjaVx3eFNboMYKb2jvMNtKzzZKvT8hLvc:12000000000000000000:OKDOT:OKMYTH
15Xcc6sEhk55HmPJLfrJwh1oyGQtc5WMemUVEpiJrMNh7g8n:12000000000000000000:OKDOT:OKMYTH
14XFwE23sRZUtjifShzncMxZfCemmepS7EnPdMAA4aH32kKb:12000000000000000000:OKDOT:OKMYTH
13rHyEgFNZXAndvAfd6puBWggSt8624Tvo8AuFXzLnwycf2G:12000000000000000000:OKDOT:OKMYTH
15SZVsq8ZoaakdmZHCGvZLCakjpukxmg1xYkDMiahhB47ot3:12000000000000000000:OKDOT:OKMYTH
16mevxbhLBsc3zntEp9MGJNVy4xLqSy9eNRSy5qBEc3ddg2S:12000000000000000000:OKDOT:OKMYTH
16kjGWCz7Ze8NfLfVCSho6fk332qzzSeDupzkLhbfbtnCAWs:12000000000000000000:OKDOT:OKMYTH
14qEvCDe2K8wztfJPEnmJKyogXE8d4qojUon6mbgWXLgmPdw:12000000000000000000:OKDOT:OKMYTH
12CS7t9WGNyFB3gwixHG8jpwF9jedX4auZtsGGwDmaP4Wcr8:12000000000000000000:OKDOT:OKMYTH
12zxp6JdDXCt72R4Jx6D3M7amTXQBVg4JJJVnFgMcJBsYw7S:12000000000000000000:OKDOT:OKMYTH
12ik8pLF8X91qqS2XvMWpfKQyCycndbdaGtLX1DvXyZwabPn:12000000000000000000:OKDOT:OKMYTH
15BhD2dBDvMLGYopYESQcHyWpDvpyCvqdzCJRQnAtVGgQ2T7:12000000000000000000:OKDOT:OKMYTH
15YpY4xgomVATgGGBcnWKteAkR3MFgdnR7kjfqqjEM6rKr55:12000000000000000000:OKDOT:OKMYTH
12WFbUNe3Q4Vr1g9LyVXdwRoLDY5KAPY1AecmT523oFFo8XL:12000000000000000000:OKDOT:OKMYTH
14dQkTPWLQfg9tC5vvLjJfjsS9sj95nw5MrK7jQFTmR6YauF:12000000000000000000:OKDOT:OKMYTH
1ePkcACp2tc2QsasGVRBLaF2LSMQ2Y5PQyLGfPJTAvCQqQg:12000000000000000000:OKDOT:OKMYTH
12BZay3mjdyU7KZJcC3CUATXfF2Z3JrCF91PGS4WGaaHGp8B:12000000000000000000:OKDOT:OKMYTH
125BZeVpwG3D1cAsa8Ug6KAKJ7XZPEPehc9zJ42GsHZQziKF:12000000000000000000:OKDOT:OKMYTH
15XcZRvmqMXpTTRjVYLRuWJUpkEsc8Roh7bXqsnSVabnvZsP:12000000000000000000:OKDOT:OKMYTH
147KwK4UikEXfEEgHKcWcPVweAoDdi2saNhj7ahWiN95HeyH:12000000000000000000:OKDOT:OKMYTH
14brHb7QtLhXkDyJeBHMLPksYCJHVMMzUk3xfRskCxkmhbYP:12000000000000000000:OKDOT:OKMYTH
15WBn14QymAmi9AyGJEEdSdL4TX2yg3oRWxde8LKqFZMB33W:12000000000000000000:OKDOT:OKMYTH
13mLSZzbb9V7jjyQMpZaGTDq6bww84sgGFYeoyEKDUUJqPdK:12000000000000000000:OKDOT:OKMYTH
13YkqesNXWP9BdQkCsEqGJCZnV3unXMy3JJ6sdKEjQNosYPC:12000000000000000000:OKDOT:OKMYTH
13TGuv4Xes6PF8WwsKeVt6RbkiqGNwRB2FDEnHASriEzqHuk:12000000000000000000:OKDOT:OKMYTH
13JULm82SUKwLtyoAU2h1WMnE9v8DPyHDABj4NpCBN9CbbZB:12000000000000000000:OKDOT:OKMYTH
12ZaBaSpv8EPk8exCdzDa5RxjwcPrvXEWcqN24gUVS4wNM8V:12000000000000000000:OKDOT:OKMYTH
15RsbXpJ1xMuNKcgGuRsTtChjhhxCwm8W4tEnDghtm8aArfy:12000000000000000000:OKDOT:OKMYTH
167sLrvhFPjYHPhpwj6EkgxBvQHFPyG9eBuRCGugxRn9aZ6U:12000000000000000000:OKDOT:OKMYTH
169Wfn7EGiRXhtAdWmy9VXJUb4hTYmfP9gWprbP1efXBKAcx:12000000000000000000:OKDOT:OKMYTH
15gM2Fi7naprBEimRq1JWWiLhbEyEyGhbnmLkzU4dz8ugaYP:12000000000000000000:OKDOT:OKMYTH
16FvMetwpmN2LEXZR4hibMtanomPfJzJg8aYnWSm71UsvkVc:12000000000000000000:OKDOT:OKMYTH
16A9qYZKkb7TgRMxB8GUcSMM2NdTmSexnxn565rRiH3WUJst:12000000000000000000:OKDOT:OKMYTH
15ce5zexyCBTc54geBGPKeqMzd8cpMvAsu1iDq8kymXr2E7F:12000000000000000000:OKDOT:OKMYTH
1d5wv7MA8xENwYh9yovTbn2AwSweqa7nZpmGGGzQ7LGVeKy:12000000000000000000:OKDOT:OKMYTH
16J9W5cW1hybMHJtD9PNbd6hMrpQXyjwJJQ54xQVRPTWAYmD:12000000000000000000:OKDOT:OKMYTH
15kXx1GBpHhBRQkPzaecQCxvZXiffH5y2AT3JZbWEmhxJzTZ:12000000000000000000:OKDOT:OKMYTH
14VfQgnMPBytNmiVc586hBPYc5xhdRoVHQSgSDkMYWkNA3X7:12000000000000000000:OKDOT:OKMYTH
1mqWy3wcHEprXeJNvFk8GHm5x5tBkXnN4UF37GYhvxz5gHW:12000000000000000000:OKDOT:OKMYTH
12QVyHbHXs2Fhu7BfAoGRkLAeTE49S2toV17hkTLjeFjmtJW:12000000000000000000:OKDOT:OKMYTH
12T6rgTocrEtrDJPTyaknXn9bajjoq5ZqsB5E2odUnhsH7kX:12000000000000000000:OKDOT:OKMYTH
14mBgryGCpKCtk29PGMcJw8o4FTfUnTKtx5PgzisjLiCnGf7:12000000000000000000:OKDOT:OKMYTH
15XYPxVUfqCAZMDBBUJ3Z5WDXjQvKMZjsZpeyMUQTSA6pndn:12000000000000000000:OKDOT:OKMYTH
1k8SwdJXRQgwJHD89UgveYS9wvMzZBcMEv9qepbf3z69s65:12000000000000000000:OKDOT:OKMYTH
13KnWw8ZJZkdpmUsfGs81M47AD5TedfeHkRk9tpUw3beNZ4F:12000000000000000000:OKDOT:OKMYTH
14BA8G99RW6xxgu4q3Ks5GVQaA5g4wApn4JPeXbLiEU2Pent:12000000000000000000:OKDOT:OKMYTH
1XK3vgUyYj32nYCVfEmUFf3B9YV9WQZfNrPMTbzSuML6zfW:12000000000000000000:OKDOT:OKMYTH
15E5erT1mEB4p3e2w9CsAQDPqqgYdwsQtabgtZfSsdnfgjz5:12000000000000000000:OKDOT:OKMYTH
1gSaRi3LfT8XfaeKaBRAF1n3awKREPdNHwXVdJnci5weSry:12000000000000000000:OKDOT:OKMYTH
14nbRSwxPFsA8ebmYGqeKvPjd55uRGEPrjnUxmsnQ8q18FAP:12000000000000000000:OKDOT:OKMYTH
159UGHc4NR5UioyhqbGuLneQDf5G5ax2W4hC9NhcgVc3FayZ:12000000000000000000:OKDOT:OKMYTH
136DUASwVk73zymGcnKnSY9GpAmWQfZ8ZXacihkJfJ7oeEgr:12000000000000000000:OKDOT:OKMYTH
13ndJT2gR8iwZuuZEyK61kH5EkxnL8VMy4UPTKztvAqq8Kxg:12000000000000000000:OKDOT:OKMYTH
14KHtiwnRD72uoPzgyo1MEoEr5akB5hMRUeUzey32GQoH7pM:12000000000000000000:OKDOT:OKMYTH
12S72Z2kU7xigfozoHZF1JatA2PQQ9CkeRoZai9RkFnxbgHq:12000000000000000000:OKDOT:OKMYTH
13UtM9yxz3PE1Wtsv4gr56YrcgQpKediFYLSkB8ntssKK5jr:12000000000000000000:OKDOT:OKMYTH
1ppNre55RgdgWA1ZuyiyoM9Tten3yY1u69BH7pHDFeWEUTE:12000000000000000000:OKDOT:OKMYTH
15ZwNo1yFyTkGFUtJPquZGihPZybP2zbr1MYtE7rxBEYz1ds:12000000000000000000:OKDOT:OKMYTH
15Uv4DsRQG6YgX4JEp9wkYuca2iw3EHtjnsEZm1uMA8x7m2H:12000000000000000000:OKDOT:OKMYTH
15oPnT7EMhGgxyLs6XNjsfZDG4THV4Z1dDXBAvWnCYyNKrgG:12000000000000000000:OKDOT:OKMYTH
12poBaum2b6g3Nid5ppjyhEtXAXyrnxbxkQFSQ3LwmN1w2Kg:12000000000000000000:OKDOT:OKMYTH
16Jggwq9D4agvqK4SdNv8TQkFKQxcP9ZZmUhJ7KtxuBAR3hV:12000000000000000000:OKDOT:OKMYTH
15XDvmXHoAq78xSr6p9v6MG1CNAuUCsvurfMQNS1zhTvPzFw:12000000000000000000:OKDOT:OKMYTH
15TbF7jskVombR7RdPTHnasmWiLZB1XNse9jGrAok5pV9hQ8:12000000000000000000:OKDOT:OKMYTH
15kBB2p4NbGLyeKxuwkjLU8WkfoGv37JfV8LPkQrNV7k6miY:12000000000000000000:OKDOT:OKMYTH
169MhVaA1bDVqxAtZaZJDfAaSNR2gwHgLe6tikz5AigoGEer:12000000000000000000:OKDOT:OKMYTH
137sebF8VECjvoYUjFujD8VhtFD7w1xyq4Y93LPjJmMZcXoq:12000000000000000000:OKDOT:OKMYTH
1237CAmHnxszyScuoMUGgjLVRGaEcKqMxji3bumiRbtFor6d:12000000000000000000:OKDOT:OKMYTH
16AUNzMUe6j8g69uQLsbNZqPQm2N5o8Ex2ST4PB16DpG21p:12000000000000000000:OKDOT:OKMYTH
137on3PAb9UimdjekcPtk3RaQfuge4MyDNhrBf7bA1zPDQjm:12000000000000000000:OKDOT:OKMYTH
16kjUKaozfjwpHELwYtSpaZ7bWHRg1pBrASohhCx48mVVFFe:12000000000000000000:OKDOT:OKMYTH
12H5GPudX5UCntcndjENQ3pgXjn56xV1PzgSifN1K89pQcvY:12000000000000000000:OKDOT:OKMYTH
15Xf4cSfWxQXDvav5iLpZsJGF7LWkZ68kBeGUrRXjJof7UqK:12000000000000000000:OKDOT:OKMYTH
15FQbryB74gRFnDP8oeFnbtUU8WKYehDRtXdinK7uNzvmnye:12000000000000000000:OKDOT:OKMYTH
14HGzhFPdmamous9QB9MptLRy2EFgkqYzKrKaqeGVGUsChdy:12000000000000000000:OKDOT:OKMYTH
12MkTXpNSPFDHK5M1JZ3CCtNJz39JVpnrK1nvFDDV1H6Ksyn:12000000000000000000:OKDOT:OKMYTH
149XWx5RFkqodDpHcihZNFGx47BzDZnGxFgSu7NcqNXLxkEq:12000000000000000000:OKDOT:OKMYTH
1267UYtCiKxKLrXjCDH7S4S7aSymhCESuqJXWxkEBhXWniun:12000000000000000000:OKDOT:OKMYTH
12X3ruCbZxBnskWAr9qmzAAKvLyMXVpJYFpi1XSfMZ2sdKaQ:12000000000000000000:OKDOT:OKMYTH
15whNG1m5DPcjajguYdeMgEYCSK7dQsxxttUhNjqbfkFTyJP:12000000000000000000:OKDOT:OKMYTH
13n9tnrjkb2u37Sx9MkRR8iyS3frJDrSgY6yPCKT61L96BeB:12000000000000000000:OKDOT:OKMYTH
134ZNqn6bq5Brm784zyWL6rdQKgeSNUUqzRh3M3hVJmN9hJa:12000000000000000000:OKDOT:OKMYTH
13ARdGLSheWgUWbpxNgMBsEG1yHTgT1fMAonnRERaCGAQZh4:12000000000000000000:OKDOT:OKMYTH
124H4aNNd7g2VunU5QMDoNA9cEm5evfLuNevUfUQvmFZbhCb:12000000000000000000:OKDOT:OKMYTH
16VTTgLGS8RnckbCS4mojLsb3xnWig85tC6t3dH1VZtrihk9:12000000000000000000:OKDOT:OKMYTH
12YM3GEUgiawGrqLmmaQR1jV2vqrCS6JxkuksdunJWaZkxEZ:12000000000000000000:OKDOT:OKMYTH
13MxBoCYPvFVHkj4UJuNabKZ4LitTBRC8c2pu1a9ZcS3SjjU:12000000000000000000:OKDOT:OKMYTH
135AiKn23gKCQcUwNYFQA8wn8uo5DvnxJu7GKvAWYJMycED7:12000000000000000000:OKDOT:OKMYTH
15jaNKtWm8ufeUWfcfKPDD8VWFmVUAQTA5XvoukHAa8vfgWm:12000000000000000000:OKDOT:OKMYTH
14NKyDM1XwTQMRniXnscxrNHJF93G8qPTT3kqhhWTekbEyje:12000000000000000000:OKDOT:OKMYTH
158t5NFDD9sWxaDUjCM3kDAyKndnrFSzgMNbNc8f2uZDKiq9:12000000000000000000:OKDOT:OKMYTH
1CAaPgzNT2RPcv6PPLQRkMfbiDU8MMmmgi4sjeJ4BzEkZw2:12000000000000000000:OKDOT:OKMYTH
12f2Mu1rfSmaazLwiCvPdkctYJtLaAkrAFyZ6w4zo6JhfFhv:12000000000000000000:OKDOT:OKMYTH
15nLVwjJAFTEgMHNGz79G2S7rwvzEMbcPRr8HnUpdDWkaQdH:12000000000000000000:OKDOT:OKMYTH
14fgnJVUMayuiZDTMa4jLVc7Gb6n31Xqtk7jwPcMLHa1siVU:12000000000000000000:OKDOT:OKMYTH
15UjpcPhpQC5UWnCRyMiAWfh9sXidJnTaCkU2U8D6NETXriF:12000000000000000000:OKDOT:OKMYTH
15qgLZsPf58X9v7tZ9EfFPWBuVaQRZHtgYCYqWBAH3MFk9M8:12000000000000000000:OKDOT:OKMYTH
13KJZQqBGTEuuN8khegUFu5PYS61jr8eZCupKL9tHFitV8By:12000000000000000000:OKDOT:OKMYTH
13kZJ9C6ARaSp2dsa5JDDMibXWTAjqr2wG6bDgju7EGYqofX:12000000000000000000:OKDOT:OKMYTH
12W7tY2FGxeKm7ZpPiBVs58z9PHg6gm4uLLn89EzhMoLrFST:12000000000000000000:OKDOT:OKMYTH
12EFEPW264tvxZzzJK5GRjyfCPxMJ4CP9XnU8LqDyzwrQE1t:12000000000000000000:OKDOT:OKMYTH
1SgFXVtuH4zTMyYNzVPk9xDjaoXupKFdyeWFBaFjfUid5nq:12000000000000000000:OKDOT:OKMYTH
14Ft5AFgUww7fgMtzoQqCDC6ecGwUFyy8vU7rfKg28KVCJBq:12000000000000000000:OKDOT:OKMYTH
16JmMh2b5qihWaqLhqvovGXjweYkJLBYKMjMPYWnPgRtwvkB:12000000000000000000:OKDOT:OKMYTH
16ZgXtji6iLMcVrgS9tpgSnFuHtnsJqJfQtDap6dXPDzqWCq:12000000000000000000:OKDOT:OKMYTH
15mNDdANDJVHfc9Sk7ca8kXsHKBfKBkLQyFhiKgvvy3PEMy5:12000000000000000000:OKDOT:OKMYTH
13DryEGUryMXWhdYNA597z7bF2DsDwGNDqq8SUsPJkRUCETR:12000000000000000000:OKDOT:OKMYTH
168gXwhGwANZHCfzcEmAG2MZUtUmfTg5hXbvmbmrtATfcv1H:12000000000000000000:OKDOT:OKMYTH
15bW5kj25Lcw3EkXKt2HQtuH8yao1T7wELRJvtYJFQEdnEeG:12000000000000000000:OKDOT:OKMYTH
14xh6CFZtFWw6XTaLs9toutYuCXuwUXgwBzHApMovyeHqNuP:12000000000000000000:OKDOT:OKMYTH
12nvu3SN2Rv79XgG59ikFcVXzfu8EttjMufaF7w73JJNFhzc:12000000000000000000:OKDOT:OKMYTH
15ot3bgA6FE17xFdg2r7owkUw5o1mFttrhydCXh5MBHZTbHb:12000000000000000000:OKDOT:OKMYTH
15oAoT7oumGDDKXare5m9WUpb7uc7dpRixfTLxzmWLqBHfTG:12000000000000000000:OKDOT:OKMYTH
15VpHY387cZQ3fKMs27XuauiDhq88evUh7DPY7pKXQKribrQ:12000000000000000000:OKDOT:OKMYTH
156AibG66WGDom3KcRJcmSMmtoomCD4CD2k6hCUDcGAQdFBM:12000000000000000000:OKDOT:OKMYTH
15R8hQzDCyCvciddGNH7j1uu4KiPiHvupG5HgUCsndzXfaen:12000000000000000000:OKDOT:OKMYTH
15tsZa4wrCXdoqxsP7zUqEfM92hF4yaSTJAQugKfUm8gj1c7:12000000000000000000:OKDOT:OKMYTH
14mvg69mXZ5L8LdK5VWN5cChrRCn1Z9vG9g5mWXnCrJSHSUU:12000000000000000000:OKDOT:OKMYTH
1bwiQ6hPejZ7uUpM5jwooEVM8ork796YtVHvvZKL6WwRTtV:12000000000000000000:OKDOT:OKMYTH
16EEE5NQJvVh2cLrdRiF6bzzJYC3q68jrnFm2MVUCQCXdC3B:12000000000000000000:OKDOT:OKMYTH
166kSGJ4G19vbY76tBGunyW3kqJDM9tw8B4TTLrccTQw6Wxy:12000000000000000000:OKDOT:OKMYTH
14CX4jKxEgJWmXXhduSUdFAPnauMp3pFFENxRVoUTmLTb6Ai:12000000000000000000:OKDOT:OKMYTH
1zugcapYNZWiec8B2q4H5YdsTkspujXiHi1jrBVrCtNTqDa:12000000000000000000:OKDOT:OKMYTH
153bD4XHhuK7iDwEyDmppiuBH8Ex4jGAkZwyrJXZazM1PwRL:12000000000000000000:OKDOT:OKMYTH
1ufsX5Ai14SP8pXQF2PH4Yqkx3XssUkzaZdvZW89hdsKskZ:12000000000000000000:OKDOT:OKMYTH
1kwHAftw5ei1712GoK1apFu9XREN5BK6fXd58nb6yFnAVkq:12000000000000000000:OKDOT:OKMYTH
15UKB5hTareHwuLTydRuxz1t2x3AXudefnn5qos7EESfz9oW:12000000000000000000:OKDOT:OKMYTH
15VLRGHcHRvA7WyeFMdK7YJ833EigumViDTXSYmUgVK1tWqQ:12000000000000000000:OKDOT:OKMYTH
12X7w9i9pPEQFkMAqg1krzHZuGdbjbfPcLoJA7d9BNyScR2e:12000000000000000000:OKDOT:OKMYTH
1ZmGGorgAqDciv8iG58tBY6iJt6CAPZjoHLXjYGbShE4Uyd:12000000000000000000:OKDOT:OKMYTH
12QN2da3rNspPQWoEu8ALZcFEg4rXEqPMj78LJZKXfpgWfUG:12000000000000000000:OKDOT:OKMYTH
16iWohikgNodHQKAAnCjukXVZaFu9hd8JS7VhdXEFQ5eqKDU:12000000000000000000:OKDOT:OKMYTH
16YWNE1kbVbCeEwpXFFGJktxe4tnUQKFGH1v9t4HxdeCdAQT:12000000000000000000:OKDOT:OKMYTH
15z1F6bwvq2NLK9xk8deMp2hBtiwtDae969G5hzoPv8BrPkU:12000000000000000000:OKDOT:OKMYTH
15F4oGZ5f5FbCmkszMb1A3MS11F26jw8CUbFz1my1d1aQGsN:12000000000000000000:OKDOT:OKMYTH
1GwAK5VrNPSWAGhDV4eEczF7kLTLBrRHUi6KQHY3WtjEKi9:12000000000000000000:OKDOT:OKMYTH
14M8Y2BZj3wd6cQbaUB921pjexnPNNm2BwuhqjnKcYAN8xWw:12000000000000000000:OKDOT:OKMYTH
16ZWUxgvGLqCRy4EX2DuEnoxXUnAKFgW8rQfjdGACf7Mp8UC:12000000000000000000:OKDOT:OKMYTH
15Dyy96MoeCEpcKebfRiCF9r5p4s7tfxBPJMBLNeX2hnadaq:12000000000000000000:OKDOT:OKMYTH
135xWbzsSGwrj2vNKadvrfTkL28nyjiVxbngsqFogRahnEjE:12000000000000000000:OKDOT:OKMYTH
16XiFhSahBZ6EpPcUiinRGwPCtwuDaaXh32uLeisn8qfhWj2:12000000000000000000:OKDOT:OKMYTH
1DcfPjEH3LRozESzKo9gsnCMzBWsMEMHdpB1zAgWG4yc5pN:12000000000000000000:OKDOT:OKMYTH
132JnpxBe1GcyWLtWvnb8grLhTaujjb1vZBDNdxwdU4QCPeC:12000000000000000000:OKDOT:OKMYTH
13XpxNmrKV19bKAi9uJ1hMnsU7Cd55UKxXc8Hn3p27BR792w:12000000000000000000:OKDOT:OKMYTH
1y8UbvK9Lfm4EVuSsjzTQYoceazZfhvp9bfNziuWvJhXw35:12000000000000000000:OKDOT:OKMYTH
12Mxfw4hqoX1wkzCjfiVGMgp2B6a4cc7ThAmMQ9XM4cHDczK:12000000000000000000:OKDOT:OKMYTH
13xXmXEhiXSPjXvGXePgjBHyzojPJgH7XzWrSwYai6WW8SKH:12000000000000000000:OKDOT:OKMYTH
156UE3B5qN2Cn6wYfQ3Hdi4x7zEfV68braAdmgutEyLpSW6G:12000000000000000000:OKDOT:OKMYTH
12BpBgCknNCNvvvDnVSbmCwmuiyfsg7v41TnZ3BHXZAw8fK6:12000000000000000000:OKDOT:OKMYTH
12ZBL9Hh9ZQYDbtsLGHrQseUpXZQSPhaxVayU7QbHQddRVMo:12000000000000000000:OKDOT:OKMYTH
16WyPLdV2Dn3hyKM6kCLE634kkuyzqwjj2NS8vT4NFyASiYP:12000000000000000000:OKDOT:OKMYTH
16CQuF1UpgjJYnU7MGfMYZpBjDqtnNfLGQa53NNKcSAdumSd:12000000000000000000:OKDOT:OKMYTH
136aFDjbgVqf3BwNKgUPX62hNFtfETKM6WTsEQVvxZbTYzR:12000000000000000000:OKDOT:OKMYTH
12CFS9qHGNEpwuQV1Qx1jhKUCGQGnsLQrZ27mkHzjR2hicuF:12000000000000000000:OKDOT:OKMYTH
15L8WsrCQp3GgCSS3RASLMXed49sT3ifwYTGDRyPXpQYFGQ5:12000000000000000000:OKDOT:OKMYTH
14mX2r4xT62PJ984FubLaBi5PZm1U3NBWq8vCHWCRzXhuUUz:12000000000000000000:OKDOT:OKMYTH
1KudcZ5YC6mJeS8pHbFMUv25VEBTWLPSzEqRhGxiQmKYM5X:12000000000000000000:OKDOT:OKMYTH
159R1XCzpJxVabHAbFuJ891DDJnmvSzXhvMrMhH3zxJJE1co:12000000000000000000:OKDOT:OKMYTH
14rP29jJCnxeJhm7YpnQ2gmw6PgHs74Q49XNcevSk3PgNqt6:12000000000000000000:OKDOT:OKMYTH
16hm7EzpzVeKqS1aEyfYmrN71uSW2SFHHea35G8PGBqkqVDM:12000000000000000000:OKDOT:OKMYTH
13PRCxBGEoyRPkma3s3ULQGRCyLXRVd812rBtMHYnUNAYkdB:12000000000000000000:OKDOT:OKMYTH
14UvaUG9Am7ahv1754crrZTvBmfptJq2zKMMD9ijo3qh9V3x:12000000000000000000:OKDOT:OKMYTH
15z82afXyFMVoH3g8WXanr76P6TUFfAetcSZHqjwsuQPvsJk:12000000000000000000:OKDOT:OKMYTH
12sFCoPWMxztfMWpKPRSmeJUdKvufCazaqr8MDMrR6u7RhqL:12000000000000000000:OKDOT:OKMYTH
13LyS5xyQBBoKC8zwXgKqdkpge1f8kYhUYQ1ovoFA4uvxVVw:12000000000000000000:OKDOT:OKMYTH
1HrYwZpe5AyCF6A9b4ENN529Riv57nvb5W1WNK1BjYQLHpf:12000000000000000000:OKDOT:OKMYTH
15WMPhSZVZMLW2ZMAFUeddD59cYrowwih9wq935tPdYZ32Kd:12000000000000000000:OKDOT:OKMYTH
1RMbRLeCEjSF5EjBMrYfDnDp52cnBYduAB22od1TpaigXs9:12000000000000000000:OKDOT:OKMYTH
1sDjB95mfBsLfoyscwaCJxa4UALrNiHX9mPfVX8sdiKFvFQ:12000000000000000000:OKDOT:OKMYTH
13yKKfxUvnjP3wQ7vFDbeZx1cfZ8zXPXHWEsfg7yxmeZ3fEp:12000000000000000000:OKDOT:OKMYTH
1guNdZw2s4RFWSdHX279L1LxXAd2jntJtQPeTdDzJbLoEmE:12000000000000000000:OKDOT:OKMYTH
152kwH3fY2FQxCTbznPBpBbqRCB68jJ7cBUfvWYFtGQdKYq:12000000000000000000:OKDOT:OKMYTH
14DVY4zF7GDy1drnv6Lu79ZJPjEyKHzLHEs17ehvQrXbKtvW:12000000000000000000:OKDOT:OKMYTH
13BmgD2KTrH8h9XHN1r8Yj36mJoEEEduemwRoPmg2BUetyKD:12000000000000000000:OKDOT:OKMYTH
13dhrxN2dZMPhh3DZSzDydfUphTuhM7n1yL9NhiaxfSneoMh:12000000000000000000:OKDOT:OKMYTH
1411Z4P44ZP1ewBN28NQoc6aHen2jQeKSPHDPT2WeEkof82z:12000000000000000000:OKDOT:OKMYTH
13xMHz7KotJd65uotNQ5HaSjKkVa8JNSTwXASdgvE7DrV6jw:12000000000000000000:OKDOT:OKMYTH
13t9LoYNyRrtKkjyoSobFv1sj9JnLgDHJBn1Hpdq8YsNscx3:12000000000000000000:OKDOT:OKMYTH
16En7GRrovgf2cmQoFr8EVeM5cBL8T8VbTaSHAENzv2HYFnA:12000000000000000000:OKDOT:OKMYTH
12DjbACDaD22Q1MmUygDLx9ELKu1zBCCo1rHDHUmjWErQo83:12000000000000000000:OKDOT:OKMYTH
137o7r1MSuQVRgxxVraNHsmYJSFQBXw74z8FM6aJJHz8k9Ka:12000000000000000000:OKDOT:OKMYTH
14FxJozghVVFM1s7xc5k6aRHhNTzqFfhkm7MyfqTdHgxNoDF:12000000000000000000:OKDOT:OKMYTH
13Pd1JjyGn1N7BPdAVfkdFxRXjECuGzeo2qH7y3WoduHStqv:12000000000000000000:OKDOT:OKMYTH
161hEKRYGqfaY1aXHMGDcWKneAADrrkUw1z76bvjzTsi3De3:12000000000000000000:OKDOT:OKMYTH
11fjGTd4xdqgzh1MwKxMmohUzHdneDx37mwbCSY9SPMUjAq:12000000000000000000:OKDOT:OKMYTH
16MwmdyJtZFo3U5uueY7dRC1YvzsNu4rKbCVTD64MJ8nePPh:12000000000000000000:OKDOT:OKMYTH
1WYPbf8ctcubi8LKehieWGVMmw7xVZ8pgzVeyfJVS6rZqki:12000000000000000000:OKDOT:OKMYTH
13oHXvtsHuDtkGYLjqB5XgKe8j81pw5ed2fAU5iegnqBXuLh:12000000000000000000:OKDOT:OKMYTH
1WjZSu9ruH4t1qrXtNqbkpHdaPf2R3VqqhDJKmTgNJKVLy9:12000000000000000000:OKDOT:OKMYTH
14HLHmKTX8LvtHxKhXE4t1yjceijLhVUE2i9STPgwJzhtX8X:12000000000000000000:OKDOT:OKMYTH
15aLKQtSJHJKvxH4xNTpggvwG4BN3LTJ44dWvBLTgsgehEZL:12000000000000000000:OKDOT:OKMYTH
16UGkctUGoC2jt494Dcv8okE8Xcmz98LAYbLZskwomEtM7kw:12000000000000000000:OKDOT:OKMYTH
135TAfHdLFiQdGcrTocapXDku2jnmpkcTu7iApXy5LN9JjKz:12000000000000000000:OKDOT:OKMYTH
121tH2bCP2FrvrNrrq7ueECTGqFk6iQRbA2aWLfZrSzG8Qg1:12000000000000000000:OKDOT:OKMYTH
13zqGpeGJuqxNBC23VAdGK8nCWEKCnKW1kuKKDon4C53vC9V:12000000000000000000:OKDOT:OKMYTH
12sbbZVKjoTxSWe7tmnfjq5iwt3g6DDyjU4p3k2JTe6JfhUp:12000000000000000000:OKDOT:OKMYTH
13GGnw7XzTzHPA2MBodLRAsVcHAp1pwYv9THmueSFt3kZbPY:12000000000000000000:OKDOT:OKMYTH
146YMjDkCb4sHtDkQqFd8YBMxtKLJE32TUK2YnKbE98aPwFa:12000000000000000000:OKDOT:OKMYTH
15fYAN7ZkqmX7QA5RUE9eiAGEAwTq4MLDWNiUtENnPpmxTKb:12000000000000000000:OKDOT:OKMYTH
15bW1mFAFQJ8xvbHMYVxUT8tG5QkcER1KnGmHyCs7G1fUzSW:12000000000000000000:OKDOT:OKMYTH
14djWRGVF6BUochyECRMXN3CzSoNTbKJyoXHUmuTDF9Y6AVW:12000000000000000000:OKDOT:OKMYTH
1tUp2Xhb5pEgHFt9QTuzcXbquUT9rYPS2xxqTBPvhJ9oHmi:12000000000000000000:OKDOT:OKMYTH
15qyXriyacvJpz8KDp9i7yDTExDFUofXQRmiC7zvqW3YwRer:12000000000000000000:OKDOT:OKMYTH
15FwFViZGoWAb7khAgN7gixJWguUiJoZinHdhv2yfxygwk7k:12000000000000000000:OKDOT:OKMYTH
125re4oVbx8vzQRiUn67QZggnHc4BcoJpTDK7zkPHKvYcr7Q:12000000000000000000:OKDOT:OKMYTH
15tvkHYUFpq44pGyBwpg4HoM3UKsW5cc9VNQigiohBAsBcsS:12000000000000000000:OKDOT:OKMYTH
16MdqgkZX2Q8c9cViyP4HKzHd4Vq8Ra1zHg8swwt56xSErRK:12000000000000000000:OKDOT:OKMYTH
16aspr37kr2a5xymUQVQnsKX9PmFEGTC5SASbXpxBmQgQSmm:12000000000000000000:OKDOT:OKMYTH
144n1y59hUyqvuRtemkepySWoZnGcnBAcsQ7d97GcZZoffPh:12000000000000000000:OKDOT:OKMYTH
15g84KDx4QDyVyZczPh2uZMU5QTT6AHC97cSNeKSaa9cwG5m:12000000000000000000:OKDOT:OKMYTH
15uR7x4uy8QcCPuDfPA9g79ZnjdWTZyzuKfuAUwWFKr5r9S9:12000000000000000000:OKDOT:OKMYTH
12FHkN8kaMNqaPEUm7gHCSjz8vg7L4mt7Xho9j64rp3gDtTW:12000000000000000000:OKDOT:OKMYTH
15G2rSsvhK13aYLD2mkZeVjsREEDMmdtuKLjFQjtWmWWBFdT:12000000000000000000:OKDOT:OKMYTH
13bNZZVwMvfZgsfM2mYBYGcXMSvKPZ2jqdnzhVKtjDLaS395:12000000000000000000:OKDOT:OKMYTH
16JPg5ifD2TgFF6x3KWoGyeZ5YEND6xeYD1npMKcNLUtzqbP:12000000000000000000:OKDOT:OKMYTH
13dGuFYNVBUtzcr3JDbHYf2M3XVMSopqoSFxQrbade5aFprY:12000000000000000000:OKDOT:OKMYTH
1479fStBugPn7ksNpfSZmNCj4tRMdWr4wvGxqhYddnHLuRmw:12000000000000000000:OKDOT:OKMYTH
14EQCuF4ig2Qp2Xfn7NDz3TzJSK7CeGRc8PDEfLDAdVKSJPb:12000000000000000000:OKDOT:OKMYTH
14yXPHtXxF6t1dfxXPxSE28Khz1xcZar882J4AfzX5QKTgUL:12000000000000000000:OKDOT:OKMYTH
12pYQNVAXHzuBkgiZsANA4Lx9euJwM5u7bzPHasU7bL7banA:12000000000000000000:OKDOT:OKMYTH
15vJdGqBxvDBQZns2Mb6ojywm8a8Sx13zcU96PKvys7F4aqd:12000000000000000000:OKDOT:OKMYTH
14VjqMAvars4Bw76Bj4x6bKrEA9Shd7poy8VoAHeZ5mHyNPp:12000000000000000000:OKDOT:OKMYTH
121GMSM39XpWZAithYapfpyRJ8noXHWrW757o5c3zMo4Eh1V:12000000000000000000:OKDOT:OKMYTH
12zAF26ST9yhyTkRnX5Ek23Svc7UZHYHnxr7w86aTLjm356u:12000000000000000000:OKDOT:OKMYTH
125vt5YSqoJ8QXuJ7r5WW1txjXbXeEqgGyKx3Msbo1HNJZEH:12000000000000000000:OKDOT:OKMYTH
16MAXqZTNnoxRT2N5SYnDCh87HzPXvv4hT9i1m3H729DBzzi:12000000000000000000:OKDOT:OKMYTH
12CMy9beddRwnYyKdAXmKTHpsrcCd1qPQpqUgSdViGjLN8Dt:12000000000000000000:OKDOT:OKMYTH
1CXjd6xjhyXemP7MDTv4t2rB3jg6TMQ4Qn932cv5PpRLSEa:12000000000000000000:OKDOT:OKMYTH
1YpHjg438CY7b1CHFKEH6yHV2k3NZVdwSi36bTubGPXvPEa:12000000000000000000:OKDOT:OKMYTH
153ByurJnejXNJBnaWW51zPB8Dbq1nW1g9XNoKhPC1ZJu6SB:12000000000000000000:OKDOT:OKMYTH
15BSUQmB5zMLfSYb3NEGP9qjVNb8iKnnvstSiAxaweX2KZLn:12000000000000000000:OKDOT:OKMYTH
16BmLuRuX4LL7PLrdXYJmC5eaFCD4iUqqLhB9eVkTpxPkGtC:12000000000000000000:OKDOT:OKMYTH
12yThGNcWYbdM4WLdpRVTMHshww5FpaNgbKZAGTUQu99ihr1:12000000000000000000:OKDOT:OKMYTH
15N4grzUjCrQYuemzftXNPM8ZVh6m8Ji7FJVC9NGNhDJMcVe:12000000000000000000:OKDOT:OKMYTH
15Zk3iBAWMFmjgAbzUoxvZRgPC21WxAKAHGZfFmuZnYu3pZ3:12000000000000000000:OKDOT:OKMYTH
12f7zyn1jXi7cqrFeSdwMeKP8du6NUpmbxRiGLUxT1RWoGsM:12000000000000000000:OKDOT:OKMYTH
14DF7JzfgPxBioB451ZTQhJdBhwgZ8oeBFpugAVWF38foCxU:12000000000000000000:OKDOT:OKMYTH
13K3SVSzT58yVBsntLZEiNjtqYWTZZUJKNu4bg6iPPboNEVN:12000000000000000000:OKDOT:OKMYTH
16TjAKhLcPxdhTsSVNaguA2h6XVe8HUhVMNn5DEL6nJx42bF:12000000000000000000:OKDOT:OKMYTH
1DJtmdn4X6SDcno77uXjSJknxikXvy1aWyCVYoarDanzgsG:12000000000000000000:OKDOT:OKMYTH
128XBJdqnwv16BZZtaDwP311ocSadQZjjWfBFbXUbGFbB5Np:12000000000000000000:OKDOT:OKMYTH
12TUSoZ7h6H95Kvo5mtjvspK2pv1Fm2ue6ach6wQFJZ52vMj:12000000000000000000:OKDOT:OKMYTH
16RhVDEDS6C3xtRJPbUeqiyWbscc1RmGaFbP6gfq8iy6jLJi:12000000000000000000:OKDOT:OKMYTH
167dubJRjYAuXuiGRYE5irtgwvqeR8ULZm2cEcFiFyku4F1m:12000000000000000000:OKDOT:OKMYTH
13ULhC4zxvAVMtYas6EHwBMwUEq1oDNT1Q66Lu7H8CL5Xodp:12000000000000000000:OKDOT:OKMYTH
14DYmYWWTyrsLffGCgwHdmu2KMYd8zRw6o68aU8vHaT9p499:12000000000000000000:OKDOT:OKMYTH
12m1PMbjUvi8tbXxwqgLVJ2JhkFkMcJjK5cQheKmpkmnZAHX:12000000000000000000:OKDOT:OKMYTH
14FNnkxdrRv35JUotx8R3FWgcTrAJUsrAKnXBpmpTug1DYMD:12000000000000000000:OKDOT:OKMYTH
12J8XWRuuhopBjsubiNh5qo71ZYxfJGefExtHs7bPaSUPJ2L:12000000000000000000:OKDOT:OKMYTH
15cmnsvhKZvR2KAcfSJhWBdP5wVP1S4nkjED69YtiZX9QdXV:12000000000000000000:OKDOT:OKMYTH
167WU1vG15DYCbBMDz2mhYNbbGjfqYAbXtqMV2Xhga7KECn5:12000000000000000000:OKDOT:OKMYTH
14v7B4dikW5kjfCfxsuH4fnKdnDZ1oKiZmatPFkz6n3smNQ2:12000000000000000000:OKDOT:OKMYTH
13T6AtNb4eaPd7M7vMqfUw58iCruzaNAHhh2UvG3gqEmnmhH:12000000000000000000:OKDOT:OKMYTH
152EvG7HvyM7pCicWE2sqgiHXHbX7SyBoAzdQgnNNGjCBvEz:12000000000000000000:OKDOT:OKMYTH
14cV5SxYWNoW1ThWdKaCUufxy5P9Acn33xhAWgDREzRDvpvZ:12000000000000000000:OKDOT:OKMYTH
13qJ7Hne8MkaEGVGkDWWcZTqGwQTCLeVX6VNWMRjDbLYVfN1:12000000000000000000:OKDOT:OKMYTH
12PqhpNfGQAVGBWNHyxvzFxp7c6V47eLXnReJGQfT5wbaw9:12000000000000000000:OKDOT:OKMYTH
15rwL15gyWbE1dt2Btp1wJhffqvPEggCHb2EB1bbGhzKjmQU:12000000000000000000:OKDOT:OKMYTH
14U43FQ3iiBQgWL7WS62cHnxNagNsetndJUn1fUREStREQd7:12000000000000000000:OKDOT:OKMYTH
1Sw8rvjAn1vyEzJja3P1cMXkvXQfcbXaD8wCgSNq8BscbUd:12000000000000000000:OKDOT:OKMYTH
12shQv66xhy1mfj47MruZaBiZRB6wUw34C4QKMdZaZcUVdac:12000000000000000000:OKDOT:OKMYTH
13gHFcMHMsyodLnnse86dZRRcmtYeLZ88TxFP6Pv9miK8o8a:12000000000000000000:OKDOT:OKMYTH
16JrUdw8nN99eXymLLb16vdhAPbngFtnzpc8f8AQMcHoTY73:12000000000000000000:OKDOT:OKMYTH
14bNbuVrCqed9Ku9MoUVafKFkv5dzbeoRzBjYY7eBPJkY7FY:12000000000000000000:OKDOT:OKMYTH
1nhYTDTCvgP5YmGMGRcP8BqARuqUR5AiUpBSYBT32wugEf6:12000000000000000000:OKDOT:OKMYTH
15Riyd3RJYeVzrHjKjRrk9xxbVeKr77bfsv3EGjqHap7cAUd:12000000000000000000:OKDOT:OKMYTH
15pDxKkXSrELcBXF9Cq1GcFoKozDReKJcunkovriAcgA888g:12000000000000000000:OKDOT:OKMYTH
12UxvUmrVQMDeJnnzqtQPLdy5yDEUcaXGWn3ZymCgZzqq7vZ:12000000000000000000:OKDOT:OKMYTH
15zm8mYNvQuKuWsEdHEbtzDHby5XSPF2udixSeZ28RcQh3H9:12000000000000000000:OKDOT:OKMYTH
12oZX7JZbt3i4HvUwGBAusgdA8cjZUjvT1Yj6EirT5qQ8FzV:12000000000000000000:OKDOT:OKMYTH
13atELQkv9Qru5Z9shjmGgkzLDsMSkfFqjSs6hPTAuUYWJ8p:12000000000000000000:OKDOT:OKMYTH
13uZLCTz5VLeNWm2JStLRE2rZmgExVQwGcXpcNNJRSN31r6Y:12000000000000000000:OKDOT:OKMYTH
16R4E3oHVTDznE5yJw4u6FryFjYbf2rvHUJSapKCRHu58RWJ:12000000000000000000:OKDOT:OKMYTH
15Dq41kGBsKnkoxXZ9gNMnKvkhtoXpUvtPVGwvGadBF9VBx8:12000000000000000000:OKDOT:OKMYTH
14Lq6Bu3LHVdr8egaPbxn1RbXmjgDWQnLReTeLcizHnLJ3Lm:12000000000000000000:OKDOT:OKMYTH
14t6QYjeF69soaAXhH72M2BMaj66yYJVpnSvkqhTsE2Fyxr6:12000000000000000000:OKDOT:OKMYTH
14MYtnCfrrUzcjYohLFaEC8yUBEKDK9y1HT9JqYuB8ozzrmp:12000000000000000000:OKDOT:OKMYTH
1dP6PnejDMhW9nU88okWSZWk299U8oSGskz88zbE9J8BUVA:12000000000000000000:OKDOT:OKMYTH
12C7Wy6uGun6cXrURHTNp6qfRgq4tCs5tadKWiKTjZg4qT48:12000000000000000000:OKDOT:OKMYTH
12uKbLTLHcFfv5SHnNeKPRsxbDuqC2PJJLpTNVBxs3WLiDhJ:12000000000000000000:OKDOT:OKMYTH
1XBA841ksY9aUuVuqkGVQaf5UEbW4rrP8MRS3yc6QFX1qqP:12000000000000000000:OKDOT:OKMYTH
16RzE9R4vdEnT8n9La9z29v1GmuGuASQQt7KgmfzUDgtJhD2:12000000000000000000:OKDOT:OKMYTH
14ZM5Bu6XcQh1GGvc4HxbApHHjt9eHE5CqQ8iNv1Wu1h6d3M:12000000000000000000:OKDOT:OKMYTH
16kooJkcTvi61UjmQWrGkf6phVD6WZYxpoPLUkRi4p5Y8nJA:12000000000000000000:OKDOT:OKMYTH
12YCGAeKYjmwjCuGpyz5nsSXko6B6AtkG9dHYgyCUkq45pbh:12000000000000000000:OKDOT:OKMYTH
15BT6bDqAARjTewrnKnMmW9rubAJLo1xFREyE8KfkiKnknm1:12000000000000000000:OKDOT:OKMYTH
154HQYNFepQhrxb7iNPFp8vQN5JaCpwkBVGfCKJ3ARPeXhdv:12000000000000000000:OKDOT:OKMYTH
1y1rxRWoxtHnKjdKuA6fa1hSK95izdgTvjnfbLB7vGptoa3:12000000000000000000:OKDOT:OKMYTH
15THaWcpeejaZ9j2pUYrcXF39wvxCVuoN7hXpBXxykBERuEM:12000000000000000000:OKDOT:OKMYTH
15FrUTQDH6T9wYpSidMhhNCWVdBQuxHJa62mijSUTGLG1L2J:12000000000000000000:OKDOT:OKMYTH
15q9GWJJwj6P7fhiWURhUuG847Upkew5u6hiDVtruyrd8sPJ:12000000000000000000:OKDOT:OKMYTH
14HPuLWa5KJTP3tJQe6vjof9Jf79PX9kwMzZ7AasbkW1CFHT:12000000000000000000:OKDOT:OKMYTH
14BX4ny9VzvDY84ShrXFQfXjNE7Ctc8na2Y12krPYK6mLvTv:12000000000000000000:OKDOT:OKMYTH
12oyy1xqRZeQDb7ShGN6UioSn3HaXfaKkhgK4Q1v2P8UfYck:12000000000000000000:OKDOT:OKMYTH
15iiyNDVh4Umb5wXYA49Bri8gPjTzUnQ4eRRTJ3ivPensTHE:12000000000000000000:OKDOT:OKMYTH
14HSJHVkG1USdF5Lc8ALRZoZPuA1da6HpLcwHq8zMARz2dsN:12000000000000000000:OKDOT:OKMYTH
13eQC4Qge1bXMjVnUbPys7wkFa5Lco8rDJug7bDNpaV6RJqi:12000000000000000000:OKDOT:OKMYTH
16EbbaqyPgeJAHjfEMnUaQs943T1t4kugQDRJo2tv1eHtn2E:12000000000000000000:OKDOT:OKMYTH
13NCLd3foNpsv1huPDzvvfyKh37NEEkGFotZnP52CTR98YFJ:236000000000000000000:OKDOT:OKMYTH
