16AymnK7HXFVzW5wUbu8ZnprBrfB2Km1q9UzzMaqgBwHspvP:12000000000000000000:OKDOT:CHECKMYTH
13U4FRcNuRf7FfjWgJX92h8tUeMzbfjxFwwMtP4nU4mffAW4:12000000000000000000:OKDOT:CHECKMYTH
1CLG9rV2TXNTWWF2iSLkuqXpF4ti6meFv5nPHk8uqnQaFf2:12000000000000000000:OKDOT:CHECKMYTH
13reaFKvcTh8BDPV1qmHvyyRhMUpBQo3UfbtJAc6QbspbPNL:12000000000000000000:OKDOT:CHECKMYTH
13Fj3obYwCMGYm5MbH1c6BLNCg4yq5XFojFe5rvtF6GYCDVN:12000000000000000000:OKDOT:CHECKMYTH
12DJxCu733Kq6t3tr3qwiMk1JSQvzH8X9Mhj2nxJqj89cDXL:12000000000000000000:OKDOT:CHECKMYTH
15uX3mtn42LNT4XbC3PHLewVUzU5K6YonYMvVbHV3SXQo9sM:12000000000000000000:OKDOT:CHECKMYTH
16G9eM3LHs1ogbRY257WiBwB4PuSbQet3W8nvkQ8o9fBK1yp:12000000000000000000:OKDOT:CHECKMYTH
1Rn6omK1EpYFxcKkM3diNz8SnvnSPSKzJFMY5qYDPafgzxp:12000000000000000000:OKDOT:CHECKMYTH
13Ad4GuBsjWcdNyA1pyPrwzGUCcKDLrruzd3oahYPdkGgqPV:12000000000000000000:OKDOT:CHECKMYTH
14gDN9vSFaJMyjDhNFHMEhQn8VxgpHS5Ld5EjzcTC1cDnX8U:12000000000000000000:OKDOT:CHECKMYTH
14jRhLGN7j11uAh9ua3Gk3b9j5nvDHv9epCjN5uycQFejVaM:12000000000000000000:OKDOT:CHECKMYTH
13G99bqki3RCLp5qxfZVuy4dBhDtCiX6qiyY9e4Z21pii5WU:12000000000000000000:OKDOT:CHECKMYTH
1HAwn1fWUMtKKqQef8VNYckp66V12BbacGEq1nDxrN1jgGw:12000000000000000000:OKDOT:CHECKMYTH
16NPyAH1wfmpcSiYwEZcUCrPfRLcZh4yYDm3SVQXq7UeJCcA:12000000000000000000:OKDOT:CHECKMYTH
15Av124U9CRR32e2sAATfmQdaRWpTDajezD4k4aBhvuxLTbb:12000000000000000000:OKDOT:CHECKMYTH
151nbV8wRD7iUdzk12ovREpbuRRejMzN5MVZnqgUgURmj6iU:12000000000000000000:OKDOT:CHECKMYTH
1ifFGcUksgiLN9NSQZGwm16yrTcgqDMG623xZpEXMCfCzVN:12000000000000000000:OKDOT:CHECKMYTH
1ZGNcbFyDX5wwviEAxYqGt9BqNQrtGkPWtfehp57q7dfWBJ:12000000000000000000:OKDOT:CHECKMYTH
14NE5vKWLDP299rV55D4TcVdGjyoBrJ2q2kpwJkwWZXpytFH:12000000000000000000:OKDOT:CHECKMYTH
16BoBTJUYXysTu9zoLvW44pnfkrRAFx1qv2j4KwM3yjgVuhT:12000000000000000000:OKDOT:CHECKMYTH
158dn9UMcvinNuiK88y74L8TM51k163hyQQJbfEvUZwrhsC4:12000000000000000000:OKDOT:CHECKMYTH
13msiyJLw76NSSbSXZzkBmUwUxq6ZJpVfoLmhEycAtCAJMSf:12000000000000000000:OKDOT:CHECKMYTH
165SEsSDdvg19p2AfwEk1PCDmKB61idYnFGCwwnK2krafVrk:12000000000000000000:OKDOT:CHECKMYTH
12UvUyANE27v2ZN82C89NsoxG7S45ENU66P3RGbYDc1oE26e:12000000000000000000:OKDOT:CHECKMYTH
12MRLyq3RNMCnU3hJfLkM5c4r4JjzWesQy4NUpm47ccLEZ9h:12000000000000000000:OKDOT:CHECKMYTH
15EsCtgDfQeUUJtmpAUqPMuWe54tnhnkyfUSRiHnpR13YrWV:12000000000000000000:OKDOT:CHECKMYTH
13tBQHFtHWEzdf9fTzxNvBLe48D7d1ZuaVtgpGAXBXgXXZit:12000000000000000000:OKDOT:CHECKMYTH
12mei5fB2vKE7Wjk6uU7Pi5eX9whmvtSFuyYx1kjn6UiTVCU:12000000000000000000:OKDOT:CHECKMYTH
12uKweiYBhAzzsRNbCDnwsj5MxB3QGvEfHVCdhthAaMxFj4Y:12000000000000000000:OKDOT:CHECKMYTH
14VRYtMAqd8Qk2AHVEvndwKBa7X5YDZeRsUyJoQ6FwwHLqDi:12000000000000000000:OKDOT:CHECKMYTH
13F527PYftnQQ8oee9RhhwSE46Z8SDGaG3z12EmixjQq6HLT:12000000000000000000:OKDOT:CHECKMYTH
1NbheM4ptNHWjhvJP11HsDhCD4ZAqyCk3gmZaEBG1hZtZEy:12000000000000000000:OKDOT:CHECKMYTH
1JPeegurQyYpz6gLKu9vhg6EMNHYbeiznein6sYC9P7ktB3:12000000000000000000:OKDOT:CHECKMYTH
12G2oQyWs7qcBLanzU6zW3uFShAnTt5DbbzggQVZFktFq4MG:12000000000000000000:OKDOT:CHECKMYTH
12hChkC75WSJMabwfk1FhRfsjnvdurvfLwAuh7MAxTbyPH4v:12000000000000000000:OKDOT:CHECKMYTH
14QbJcsSJ4Ft3UYXmJcYVEZaC9EmiY8Bn1UfJUXgGoSC7LwS:12000000000000000000:OKDOT:CHECKMYTH
16N6fi5jrDD6LMxw5xCEJ45hrqCYae4v6dhcYbuCtnUEqBqV:12000000000000000000:OKDOT:CHECKMYTH
13rUysadGGbtoYhKwVRm5szRvsRtqDkbhd6owYpruFdRkTfk:12000000000000000000:OKDOT:CHECKMYTH
15CtQfYZKhDTTWFYRDSbEwitdZwjudaDW4JEFWq2wsyv6vpt:12000000000000000000:OKDOT:CHECKMYTH
125M8skdqg2DknNahqudetK1qiUYqYRgWBMqvqzSqYaXYQRa:12000000000000000000:OKDOT:CHECKMYTH
14E18aArRDzs27rBU868sRXwytJhEkwAvAFJE6fcX6Tywzyp:12000000000000000000:OKDOT:CHECKMYTH
12vctdBCm6jXRES2Zndif1Mkk2Xo8jxozoAZY7Y4hHS4tAzr:12000000000000000000:OKDOT:CHECKMYTH
148odHybV2S3UdZDYojBhHTkFSqJtVVSVQMmYEaJucabh7No:12000000000000000000:OKDOT:CHECKMYTH
164mJEa6grMmJ7RH9X5ana9C8xnk4kqAAtdhvVKSGcGJy2jA:12000000000000000000:OKDOT:CHECKMYTH
12Q5x1zcuxTjALjm5QwgN7QiE99vmFNDP9PEWQv22T6xFnGo:12000000000000000000:OKDOT:CHECKMYTH
165Bpooce28qiwUDz9e9yz4aw2qrrMuFZQuWtjk5fWBDaMBe:12000000000000000000:OKDOT:CHECKMYTH
16J8jJYGk8P9xLwSGvAfvpsdXfNSFf4cJLG8hahE31HpF8SU:12000000000000000000:OKDOT:CHECKMYTH
1BRXd4fLQVKRejMY27f5S9nBgwWdzRQLjoXSuuPDWmrCfXs:12000000000000000000:OKDOT:CHECKMYTH
16eSX1YJ9mqLQLpgJbuYouPqNTWC6T3dtd4odhfK2b1qfeqQ:12000000000000000000:OKDOT:CHECKMYTH
12VKNDptW5mAwzVK55w7XZLX7yy1aJtJ8VUxWMb2MAv3tpSk:12000000000000000000:OKDOT:CHECKMYTH
14XgvFqwaSNARqr6XfpCbViehE95Y9NGcu6UYBq6St1UhXXQ:12000000000000000000:OKDOT:CHECKMYTH
169F5xrKqvxHcVn3tZeoiVfdS7NKgLWZm1YHnKruhq6fnb5o:12000000000000000000:OKDOT:CHECKMYTH
13pVpadiDnbCsR8boVdnMrBcMmMDgucxyCtGhWtiUgPEx5jS:12000000000000000000:OKDOT:CHECKMYTH
14VHZU5o9DFcuGLrN8TbfJDqNH15mH4HhA8kQrcN3Y38sdkA:12000000000000000000:OKDOT:CHECKMYTH
1ThLWnnJ6NQ7TndM14fiUsWZrEucMMxMhQK8qULGMtx5RSb:12000000000000000000:OKDOT:CHECKMYTH
15oewCEzZLzWJDfP4Ljre54nrZhvb5cFpdxvMt1wcmvisBHb:12000000000000000000:OKDOT:CHECKMYTH
154dUxs7C5ebtGFGD2w2h7eynqjruDYNvPZ6ioTJsJF7ymMw:12000000000000000000:OKDOT:CHECKMYTH
1ebuXc9Xq8kots1QFrt7mDuwHKFzBoJUEksJpqV5TvKP4zi:12000000000000000000:OKDOT:CHECKMYTH
15wJvBChLqbryTsNn2GD4PUbi8WdXTKyLuJgmKjp3yFoaTc1:12000000000000000000:OKDOT:CHECKMYTH
18fEgXnY2CdDLAxEXyU2ZBh8RzCVLKgZgqVfJjGmauFwboP:12000000000000000000:OKDOT:CHECKMYTH
134xyHniEnwuAynXKam871fGYSxnzcrH3g6boc3zPpzbyLeK:12000000000000000000:OKDOT:CHECKMYTH
13E13fJoBmG7HcVyfc54iCxjkti7ADTryY13P1XwWrUc7d2g:12000000000000000000:OKDOT:CHECKMYTH
14R7ywtaZ5f78rNzvWyhjaWj6SXgRbtNWzuGmtuVxvvyrvD4:12000000000000000000:OKDOT:CHECKMYTH
1YzVhWG1nCmN1KwEEZM7JntqmgL2MgX33o1fydE3oLpkQWa:12000000000000000000:OKDOT:CHECKMYTH
16AqjzFTyEhTDkfgB5pHS4mrXmoPLhgqtt59PYhmHXUGJ9Uc:12000000000000000000:OKDOT:CHECKMYTH
14X5XdB4z4ZxNnZdM8WupVz28wXovWLXoh9ZKGbx2g8tbeoy:12000000000000000000:OKDOT:CHECKMYTH
1NyBpfTKBG9t5XrkdHSFcMgPb7j4RzE8xjYZYJbqr3icWx5:12000000000000000000:OKDOT:CHECKMYTH
12e8oebob9zpCMxgaZJ6pQzACkPswSBR5ceM5JkD2Rcw8KFf:12000000000000000000:OKDOT:CHECKMYTH
1Kfd9iSUSk9eJ6GMkJGmBh6VwDoUF29ga39bP65C5YD5m3k:12000000000000000000:OKDOT:CHECKMYTH
15LiLK81i3Gi2wsiHZdsiap2Vtfq7jxfyZJhSpSK4rf1xLYx:12000000000000000000:OKDOT:CHECKMYTH
12PaNwGUDvr8mfAnonnsfnnfvDUPF9pxt3qby5R4b3owZ1U3:12000000000000000000:OKDOT:CHECKMYTH
15AfVxM3WU5t4m8dL7PiBYxvk7cy3GmyS2krXCypkWZwo3ss:12000000000000000000:OKDOT:CHECKMYTH
12iuaGt1EWaqD74ez5RBUv6cRga86vMx8AeG9EdBzazNfrV6:12000000000000000000:OKDOT:CHECKMYTH
15N5bBYgHD5vW1wNwxyCKCKCz4toGLkmi5XLcf3A9ppxKhoh:12000000000000000000:OKDOT:CHECKMYTH
13KFrvCUCTYKwivR1SKnPFPAaE9RCbjBUABkD7iNCtpkNxPk:12000000000000000000:OKDOT:CHECKMYTH
147BEu4WgZJk33stKL3ngKMTBVN6vKR1o6oJNyW2u5x9FqPG:12000000000000000000:OKDOT:CHECKMYTH
13YGg3QWhS6eDVDmArfy2U1xwZu9c8XtYB8Kokzd9isX1SS7:12000000000000000000:OKDOT:CHECKMYTH
16cch2KPdMjov5NoEVzqDXJbeUTFAPxU7kenkFUUPfzESSN1:12000000000000000000:OKDOT:CHECKMYTH
13DxbQAnXHQvLLEG6xTcX23NR4XkKgW3z3jtyGkbq8dPZqxk:12000000000000000000:OKDOT:CHECKMYTH
15jjaTV3mi4JkcFUauoNAg4XxabzqUhaeDMqB84qKmkjdszq:12000000000000000000:OKDOT:CHECKMYTH
16nMpRMzYpFEcjuBCrS2dgJA9muR4pH5yWjeLExfQ3rtMTg4:12000000000000000000:OKDOT:CHECKMYTH
14WAMZNpU9AQhNtpvEUewtFXwxtuG5Nyv3EKLUvqZrEwnb6X:12000000000000000000:OKDOT:CHECKMYTH
14gTBMeT7RHJQL5fUVT1fRRTYmEKwLgEmfvAb3e8QJ4Nscyj:12000000000000000000:OKDOT:CHECKMYTH
14xApLazN4QRg59hbMkQXtVJj57fxhN7CD5RMG1v1eqK4sdD:12000000000000000000:OKDOT:CHECKMYTH
14yM1cADBQ3DbJvGWATfcpPfgAoyxgpZqbZKA24ZDGhS9GFA:12000000000000000000:OKDOT:CHECKMYTH
1FTPCqh9NQTYwDqzaZY9QhCm4pRrWzet3Y5qkYipyhMAbfF:12000000000000000000:OKDOT:CHECKMYTH
127NgvaUqLZqSVfM9kN2wD2FwmbFhL1QE38xY4voMjMc5W9i:12000000000000000000:OKDOT:CHECKMYTH
14811rbr372duYfYEyPePuJiDtJqZgfrMfd2JVuKQrNYa2aD:12000000000000000000:OKDOT:CHECKMYTH
1TsfTGfecKCBJxQx4dvNdr5Vni1RqAWgTJthgE4QWguyEiN:12000000000000000000:OKDOT:CHECKMYTH
16MmcVYYpmTzmrztGEpPPed6TzQYjn6Zi1h4BB3AYzGxq6dp:12000000000000000000:OKDOT:CHECKMYTH
1RkkadYnDxRieVpLbyaHMgUmFNvEan4eocgUx37NaizQ7iS:12000000000000000000:OKDOT:CHECKMYTH
15bhhT5tVJb2TmifP1NThbzb6uFHftxj52kYHNtNFQXcZR8Z:12000000000000000000:OKDOT:CHECKMYTH
15iedLwh27uzVUSqLwXWmcrVouqxLSM8mNzxYUWJhtkqh2CV:12000000000000000000:OKDOT:CHECKMYTH
145HVpb7hVMwxUtuVF9oscviXSyrPBdZpu2iMyVPMHj55Jih:12000000000000000000:OKDOT:CHECKMYTH
159nJd9G3Rj6T9TmmsDiJgWBkcS81B8stKkBfTCrp7k15isr:12000000000000000000:OKDOT:CHECKMYTH
12bfvy1CqzUbyHrCjZwt35Ti7HBb5iG4miMczehAkSkkonCZ:12000000000000000000:OKDOT:CHECKMYTH
1jkntdmErcZoDDuX1bT4qGt78t5RuRJ9CnxKsAqKXqEoyag:12000000000000000000:OKDOT:CHECKMYTH
1a4ZcBF1ZAJ6YrtnAyE1oxEzRArw2Tdn1kHdZLbmz644SYs:12000000000000000000:OKDOT:CHECKMYTH
13LZfbzLgJv2zRTL3jTmggCPa7oVheUVxCeNkEq4YmZuLfC8:12000000000000000000:OKDOT:CHECKMYTH
14QJCagXDTf88p5KkBPAV9N5TWdVsKpzAugvVvkpkbHCbo66:12000000000000000000:OKDOT:CHECKMYTH
1rfAZP7vVpnk873syZCjTHgPvf6NcoXMuduhMoYPTBLHQXu:12000000000000000000:OKDOT:CHECKMYTH
14VYJpZckNKqYBVVo9pNJDg8eWPxade9KbRs4RFZkyUUezd7:12000000000000000000:OKDOT:CHECKMYTH
16RBRFtgZUtt1AEMBdFnGJRFYDY27fLQSwZtK1nwqMSbzoFi:12000000000000000000:OKDOT:CHECKMYTH
1raTn39YmZF2AkYRwLV2zgyx3LZ3rzhepZmMtQhqHvtC7jN:12000000000000000000:OKDOT:CHECKMYTH
14KQ3hK1w7fiqzPLsFKrzHBC6rVEDQ3RLjzTrpaAYK8uFUto:12000000000000000000:OKDOT:CHECKMYTH
139FzkXqPfhTHBypPotjGWqui964zXC1J6ky7Cyus6TWC19K:12000000000000000000:OKDOT:CHECKMYTH
13wAbn3J8swsGHzAqMC4WLFRKKAnUQy2eVSmq85DxE8GAznH:12000000000000000000:OKDOT:CHECKMYTH
126BYtn56CnT9NYB5rMbf8hUxWG89EVL8HjhaUfJGWRg7FDv:12000000000000000000:OKDOT:CHECKMYTH
12SBnKDZpAu3srDuYob1iHnT6RhHCLQTRCah1abDY9jcFhmR:12000000000000000000:OKDOT:CHECKMYTH
129kLLDzgKq61GmdSEdP6eZwVwHKYKrKT1tUiGnwtTwdmNtL:12000000000000000000:OKDOT:CHECKMYTH
12umC1sWSrZGmXPpHQrpgYJnhpYHX24xUY4fTqnocGdnA9zv:12000000000000000000:OKDOT:CHECKMYTH
13RXakczdQ1L1UR9NEL2FkJsdPP8gUkfDLDG4wBbC1hGBJq2:12000000000000000000:OKDOT:CHECKMYTH
13YgJMnhqiGzpaJ26G2RizBn1LZYJJfLSLMZm659hVUU4GZo:12000000000000000000:OKDOT:CHECKMYTH
13WS3hsghsoiQk1A3HBnN4gMTURWcD2AKyoHCSdD75RzJB3S:12000000000000000000:OKDOT:CHECKMYTH
1rUThBQBHq6EoHMVNbiba2nKtQQzuGQghW6riPig5Ftq55j:12000000000000000000:OKDOT:CHECKMYTH
15T8HthBSuu3FnXnZVQEsT46GciWMG7mAhJ57wJQHuCXy1oV:12000000000000000000:OKDOT:CHECKMYTH
15zRe28XCHmbnrSybx6CY6sx8a59wJZri9RZ8HLwHCUfxfKk:12000000000000000000:OKDOT:CHECKMYTH
1411n6YX13xXU4jgA9kB7BXNs8VS9YDgPzYMvvyBn6pCm8so:12000000000000000000:OKDOT:CHECKMYTH
1QgYntXh3BR8DUWaZmhchUKQDVcN8yJPJ3R6NdeX953sXNu:12000000000000000000:OKDOT:CHECKMYTH
13b3JGgKCDprFpJp4tbgE5Mvp2YobWtqVbj8zbD8U4p1W4kp:12000000000000000000:OKDOT:CHECKMYTH
14LAKHf7fbD25ZnVHZrQeq8YGXRYNSHTGiRNYDcSY5F8DVmH:12000000000000000000:OKDOT:CHECKMYTH
15huCzNdTzKRQuBkkaCcTq5pfg8RxuvKjQKDukgKqgJ3iqRS:12000000000000000000:OKDOT:CHECKMYTH
165QsSzDgcdSwWfYEfLvi1ksJiv7dGN1a46SxG7xACX6iUVL:12000000000000000000:OKDOT:CHECKMYTH
13cxpzKvSJkK64duvmkF5s7dgmWtMvzJ9uuyue58SSpSBAW5:12000000000000000000:OKDOT:CHECKMYTH
1jGugcLD28fYYvjQwaGEDub9N71UJU5PPPaCcnyPpQabHpu:12000000000000000000:OKDOT:CHECKMYTH
14MTkbpc7FDohRW9kmoxk4hAP7LmtQb2v6i9Nd6no7Q13129:12000000000000000000:OKDOT:CHECKMYTH
1HA8FyqEcWy8JPMgDZHXs77U31w1TGELbQDf1GpM2Nn5UiM:12000000000000000000:OKDOT:CHECKMYTH
12xBdYhMwXtGouu8ZEnTGv7tGXFzF8pgSWnYNW8WzXvCKE6w:12000000000000000000:OKDOT:CHECKMYTH
15HeWiDfJLMvHcEipov3KodfStjYzhrkEc6fEAdso8dbQQtA:12000000000000000000:OKDOT:CHECKMYTH
14FSQ3ASr8xByPNtNCQRxTa1raakvTtzZpe6mkKsruaAWzbo:12000000000000000000:OKDOT:CHECKMYTH
1m9zaQPTN6EwAkZWZG9q2YTxkWzuDbG13zgiaTwxMZ9tqgd:12000000000000000000:OKDOT:CHECKMYTH
16fNzmwwo13Xjbz2ucbxaEBe35Nsh2Dhvwdmmzxs712ZjLpK:12000000000000000000:OKDOT:CHECKMYTH
13wfjXKabCrFuqttdizhWNH4w6CoU2oCPzyEbaiEzY2iNVDt:12000000000000000000:OKDOT:CHECKMYTH
1KsmNyNmBozw7UyUq1sBuFnz3UxdNmG84m7pJMm7FuYk4c5:12000000000000000000:OKDOT:CHECKMYTH
12nf3uTAYmvAvY5V5BLEf6Qebmym5cWCKuQLvzjjrfWqXgcY:12000000000000000000:OKDOT:CHECKMYTH
1296PYp1PoYogrxgfGdN3LkpLFZv6GNt5rcKjm1gN7oaW9UC:12000000000000000000:OKDOT:CHECKMYTH
1sSKWYpiRzRyRxu8UWLs3S6BDcMXZEp65KXyNNdpQH7gi7H:12000000000000000000:OKDOT:CHECKMYTH
15wfgogG2LSkBEyjovgP2hhu81DtTH5mgxjF7RoXFyK8EatP:12000000000000000000:OKDOT:CHECKMYTH
14uJqFgUGLhhuTHdFKQz9oxTk6H4SqsePzDd6jPX7j5Pedvi:12000000000000000000:NEEDED:CHECKMYTH
15xg8xDsGqKZyCiNAS96AgDxafLUJ1MecDemoxcjikMdXLBZ:12000000000000000000:OKDOT:CHECKMYTH
14p13h3sPkFiMyGkvyJWeaPWmxfEYDecLbDGst4o4jhzEB51:12000000000000000000:OKDOT:CHECKMYTH
16ZvxMcJDZfNrwdtaQUoRqVZmgVqvMctTBdPz677HvBDs17Z:12000000000000000000:OKDOT:CHECKMYTH
1GtEoae2hT4HURtNHvogveGF8hc8L3yByZ6QkjxjQBrVqHn:12000000000000000000:OKDOT:CHECKMYTH
1ntYgxvJLrb4NnM6gfD5aPhRvzSjCUCGckLmuvo3ymndETL:12000000000000000000:OKDOT:CHECKMYTH
14VDhq5sTnhMZhz1pHRExihcXZTJvXx36z98UcmrCDa56URr:12000000000000000000:OKDOT:CHECKMYTH
1JbwcXYu6ZZiAyWXBGmmTEmy3Ntv1C9NyzUwc2wPG6WnSqh:12000000000000000000:OKDOT:CHECKMYTH
12UEJ2igKCskki3cVz29818Vc3TLeTF4o2f9TMvTXX2iHjjQ:12000000000000000000:OKDOT:CHECKMYTH
12eHFoTVUPZnQTXiwKaRsyAGVwtqDnh3qMUqA5S39RycL3GX:12000000000000000000:OKDOT:CHECKMYTH
12kjtV6tSvwQKJS5tvMioMMhfdWVXLvNqZcXMBjR8u4GNn4t:12000000000000000000:OKDOT:CHECKMYTH
13xWKPjmXKHcLSUcEUQmTCc77fiUuh9YwWqvnHvvkDfN8csr:12000000000000000000:OKDOT:CHECKMYTH
12uiSFBeTupNR492rCSsVPeaoN2CRjv7DCMqYjPAj3x3pt59:12000000000000000000:OKDOT:CHECKMYTH
1e9qWjDUGMHLgBxGESbwKiWoMhNiTfCGB2Ccj2fMMFyVdPH:12000000000000000000:OKDOT:CHECKMYTH
15oGJdki2UE1UR6mEvnui2jF7gugmdPw2mtsXR4Vt84azJuS:12000000000000000000:OKDOT:CHECKMYTH
11y5UwRdwsHLg12KQy6Es3VZbds7BVkebbCsgaajJAbjcC9:12000000000000000000:OKDOT:CHECKMYTH
1x3Gxe6u78GTH2hSCBEbBq7CVt5Zra8oVVSFvQ293nUuEYU:12000000000000000000:OKDOT:CHECKMYTH
12AvMnucYuRXnvQ1FsbSnQ6Gp8jAXtQXNKJpEhD7b8vFq7kD:12000000000000000000:OKDOT:CHECKMYTH
12dM7XeCFP3nwKfdhBEyRkP2koVDV3CDvAGRvhUEgMMdabEk:12000000000000000000:OKDOT:CHECKMYTH
13HGDaWzaZSMzqFCGj1snd31QStqYHg2PWixpEgVivqW1Xub:12000000000000000000:OKDOT:CHECKMYTH
14YJvBw8wWUHjq3F2RJ9obHXE4RUbSkZFsyjqiXKyipmJNKD:12000000000000000000:OKDOT:CHECKMYTH
161tNEr4LFZNACh7VH7bPotcuMufKmn1TtKH5euqVHVHQuWp:12000000000000000000:OKDOT:CHECKMYTH
14c7BHMekACqveKXzngQ6jY3wNE5QiJNEVJ6rtXhTr6jyx3:12000000000000000000:OKDOT:CHECKMYTH
135v1Gunf1rfUye3Ui8NmPxEwD5xgVH8Po8SCZL3Q5oYEs5V:12000000000000000000:OKDOT:CHECKMYTH
1n6cxzHnA8TKQn5P2GkDBbAACWNEQmrDvNsmWa9zqLCuz65:12000000000000000000:OKDOT:CHECKMYTH
149Wbk95H4mYCt5nBy9NMUPBaSfLSaKjZpvrwtWRcwCZSV9G:12000000000000000000:OKDOT:CHECKMYTH
1B6qdjqEH6tSNSacU2KEgwobCXqWcBNC36jdrNFDorYgKqi:12000000000000000000:OKDOT:CHECKMYTH
14WSoeaXtw16AZvmNfh5sHRQ8UeLCtqEe48an73snoZhkbsq:12000000000000000000:OKDOT:CHECKMYTH
14TC2w32RUuqLupAgtVSKyHCztXVv9S6oSYz1Y3nTBxUcXWY:12000000000000000000:OKDOT:CHECKMYTH
13Mj3MXCUxuMQxGzMnfQKA6QpTxqk3E6hG9UBbD3S7hkodaU:12000000000000000000:OKDOT:CHECKMYTH
1Q8CDKscqRbFyfHE1bdaq9uWxxq2DaJ2rUq3xU14Xhiqsp2:12000000000000000000:OKDOT:CHECKMYTH
14PG21GAzgsdEaWufuvfgDpTf2KGfjsgHt2fJjz2C4KUiMUf:12000000000000000000:OKDOT:CHECKMYTH
1FV9EgqYH4KKT9YZrWfq31cK48bm9z8EdqytnrFqpxdwweC:12000000000000000000:OKDOT:CHECKMYTH
13vx4wmdMDG43jtZmenS9Yyz5MGaouuwtKYn19xM4n9L2Ta5:12000000000000000000:OKDOT:CHECKMYTH
13dbyjEPvTJfdsiBLMEP1j4JjVByxXqTdWv2gx6RCPHpnpGz:12000000000000000000:OKDOT:CHECKMYTH
12WmvFXfEVfJUT72Azf1cNrSZudLPE7smN4ykyh8fejnM1PN:12000000000000000000:OKDOT:CHECKMYTH
15xRVSr2yTtp3rfAJyA6PjxWrWb6EvrqduG8faMYhcpgGU3T:12000000000000000000:OKDOT:CHECKMYTH
12czRzssZGzWZELRWD5re6R6DTM6ydimydqsKhLMMAwVtpRN:12000000000000000000:OKDOT:CHECKMYTH
1qh31bMmsZkFxvNQT2M2q9jxgAZC9S7aroKa6sSxQn2wqeK:12000000000000000000:OKDOT:CHECKMYTH
123LV1PL95TvBKNL559JhRMhT92Gqzw3E35ZZBpMMBcSd1bN:12000000000000000000:OKDOT:CHECKMYTH
13mUmRYcku93sMRohLgUtFTQ1E5chP4NASgNu6A1fnzAzxDA:12000000000000000000:OKDOT:CHECKMYTH
156c4aoFynuTYH6HMUSPoTvfjhc868zMXHQfW7qooL8rbypZ:12000000000000000000:OKDOT:CHECKMYTH
13UZWg48LZtbTP1tZbQPPKoY39gma7w6KJrTiEr3m9hkkrGv:12000000000000000000:OKDOT:CHECKMYTH
1UkepCnyUawuE4ZvNtXuUFdDEiikJxyrWMMxdgyzGgoA3rf:12000000000000000000:OKDOT:CHECKMYTH
13hEjAVnL7EsxskBdKCDDX5yXPkhaPEZpV4x1K6WJ6FqQvWM:12000000000000000000:OKDOT:CHECKMYTH
151Gi5uawufGB5gHLDxBWomTUvKcfX4hsqUCq3mkRwJt3r1f:12000000000000000000:OKDOT:CHECKMYTH
13rvYkd2po3LGizga9PphHk537icvB2sWyFKxK4KacM22vLg:12000000000000000000:OKDOT:CHECKMYTH
15LfGZTSBht1qbVuKCUuDmDsAQ57StQ4RmWg9vr8BSBtXtXi:12000000000000000000:OKDOT:CHECKMYTH
1QarSVumTyF3hijCE8sem2sKzM8TvcufULENyBZopE8a28P:12000000000000000000:OKDOT:CHECKMYTH
1UzAP2SgHzVvZVutJV1y8hRQtmW2ULxmJj6rwH3fWXhBok1:12000000000000000000:OKDOT:CHECKMYTH
15BcLht2GbELumxRNuspuJqaRakiGkWeVJ7y4Qp5quWesiZ6:12000000000000000000:OKDOT:CHECKMYTH
14U25MLgeSbnxxbmKrvkeKXdcA1ACNjMbrygjd316JTFFbP5:12000000000000000000:OKDOT:CHECKMYTH
1DdS3hwUG4TRifFNxFJyGUU5nV13iD5FJ5BvdeW3vwmfvQU:12000000000000000000:OKDOT:CHECKMYTH
1Hq1FGEPX28ZgtTtPkxpLne8ZaRNTr7nvJy4owF1UxzM5Zb:12000000000000000000:OKDOT:CHECKMYTH
15iAQZdrvE1eMdxC6gFD4Gamfw5vFkaGdSyJMM4KxNQT8KDX:12000000000000000000:OKDOT:CHECKMYTH
155wWZtbhWGyX6vbpPdPjSq4v19sXxVRwmxCkcCUc8YzheAS:12000000000000000000:OKDOT:CHECKMYTH
12DCRTidz2MaqvwZF1QUBxDJkrdhELuR6CJd21B9BqiishKP:12000000000000000000:OKDOT:CHECKMYTH
16kCnWMk8PEu2THgdXNz8N7DFtjHUvgeEYhsnHp7xCx7inUA:12000000000000000000:OKDOT:CHECKMYTH
15DAw4x4J1xkob6BNQeSXXwyzcFZAAZ6SK8SM6RDLoeYkr6w:12000000000000000000:OKDOT:CHECKMYTH
14dPYu9TuMALXsZLFakeU5uGbyMRARvUY3LFpGt5fRzW9w72:12000000000000000000:OKDOT:CHECKMYTH
1BAM5HRbu9aFV9mCgp2XDK7PcXCVvSswoP4TrrmSXNnmB8N:12000000000000000000:OKDOT:CHECKMYTH
15fuxN2sKNeAZzmiYaabXTrG4QPJJK4CzV5UdBxK7rf2ubch:12000000000000000000:OKDOT:CHECKMYTH
15Zx5wS3yQn6mnm2dbKKaRzXrPMy8dsKF4dAL2gJm7KBFGV3:12000000000000000000:OKDOT:CHECKMYTH
14X8qZqC58P3DVtsQtu5QKZbkHLDcdxMXkdXVaxy9RosYErj:12000000000000000000:OKDOT:CHECKMYTH
14U5ZVP6apSNvfY66jnoYZ7p1JFbJCSZ249MiFzRy44HCw8r:12000000000000000000:OKDOT:CHECKMYTH
13TtKAUh1F6Cw97SEK7ARZNnxsLvTSKjG42MbeeTgLWp3FLm:12000000000000000000:OKDOT:CHECKMYTH
13n8fGRCMhy7u8HS5zSqVn2XKXWA9VakKzUCud5nXPPu3bt8:12000000000000000000:OKDOT:CHECKMYTH
146wRCvu9ULwMxNoeDiJyepTwMEbwZ212zKukJ8ifxwN1Qzo:12000000000000000000:OKDOT:CHECKMYTH
13PQyrHMV3JeEbk8gMYqGpjQCrKyDRNy7LrfpQ5HEsRaPBbp:12000000000000000000:OKDOT:CHECKMYTH
12JEPmYLzTgCuR7wHaURR1roowKbwVoMmDPwMpKNiRvbV9bV:12000000000000000000:OKDOT:CHECKMYTH
12MZfoMSNhyZnB7djXixsjjShKjbN6pregkWhtiB2RfoctUS:12000000000000000000:OKDOT:CHECKMYTH
12U1KtqFehMnERhyi1enwANhnf6Uk1DpNncobg5DzebXBWHy:12000000000000000000:OKDOT:CHECKMYTH
14SKULdUZiAP7WzbD15dnepY9NszpYDaHS5AyDeoRTioWMuT:12000000000000000000:OKDOT:CHECKMYTH
1xRoqQzX76DpLgWDwkyNdUgYUp9uRaKetMacqUJLGMjAhhC:12000000000000000000:OKDOT:CHECKMYTH
15cmVdj9zbwPaUD9dHkcRW2rTTZ8HYfruVarPA2HPT4CHDR9:12000000000000000000:OKDOT:CHECKMYTH
12xHWDjNRU5WcBjvcD6wQxbEXCiUCmdoEEBFvmfjanycRcuD:12000000000000000000:OKDOT:CHECKMYTH
12tMLHKbAPS7X3RBCsL5mysJ5R9amM5uf6MZEChaUUJDnZpn:12000000000000000000:OKDOT:CHECKMYTH
14caSPn5GGmrjSaUxnpSNbxBxkrY9yZnbkF7zR88GHS2qxpG:12000000000000000000:OKDOT:CHECKMYTH
112HCCHJEPsEGNNLrJRNtVJ6YLrGML4dEbpBQTV5Cg47oRc2:12000000000000000000:OKDOT:CHECKMYTH
1BX4Ct1mX1c57MvVRJT4Qd8hyKTFXkPuDS7bZdwjEVKXNYc:12000000000000000000:OKDOT:CHECKMYTH
15V6dJErv9RAkXUFXRGyJqUTBMAWpf9UdTCzzRpo9kbyAYce:12000000000000000000:OKDOT:CHECKMYTH
16Qh7mLu9PsDGzH9fpS2jqvtDRhYKZTAXC1KtGbzbtPoUbw:12000000000000000000:OKDOT:CHECKMYTH
15QZBPrXXJZnsi93RchtWPNh35XXiopFYzNAjPYBKGY4hz4d:12000000000000000000:OKDOT:CHECKMYTH
1L7YygBs9CRP8Y5zijkpgBtD6m2sAxvuZNzfTd2rFjQPLLa:12000000000000000000:OKDOT:CHECKMYTH
13V4wnE9fq6gnSnwjmHYSYFVRYoDhBAUY39x5nZwKokUf6ej:12000000000000000000:OKDOT:CHECKMYTH
13UkX4y1bzR3P3FVmFTNrLNGF62CdyYQajoXTP6uyAenbJs6:12000000000000000000:OKDOT:CHECKMYTH
15XHvAq3JZVN2utNdYgnbbUXRE3pniJ6t6LLkZ3Tiy19GLXw:12000000000000000000:OKDOT:CHECKMYTH
1697EGmKFvHE83t3zBbna2JPzFnuRWM5jrxjVQAavzTEq8ua:12000000000000000000:OKDOT:CHECKMYTH
15pHiCyZ7GG8mxrywBVt8yHLVuBWGkfWnEvXW3LXPtqRrqYX:12000000000000000000:OKDOT:CHECKMYTH
13NoPMNkGk3k68AxhFccuV59EBkqViZKDtPkcJyqJ1WHeaf6:12000000000000000000:OKDOT:CHECKMYTH
12YQajqZXWBaqdPafhFzyLEB3nfvdxUum499rYj8sowfuEbw:12000000000000000000:OKDOT:CHECKMYTH
15sJGGreDB5QKjSHeahGjPd1AcvccaeZ5wFGGmzRfKn9iToq:12000000000000000000:OKDOT:CHECKMYTH
13V8wmSeXBTLZeC9xiZbN7Mzmscwhs1BmJujqBmRHaYvnYKw:12000000000000000000:OKDOT:CHECKMYTH
11vAVhqYUaTPtYvZPHF9Q2n7bkEFH9Y64n5aGKnf1LCeGng:12000000000000000000:OKDOT:CHECKMYTH
15mKWr8xPSzifw7R9P1VQid1VJGtBpRo53fu6vzGSSxox8Wn:12000000000000000000:OKDOT:CHECKMYTH
13fNf1nFdippMVJdYEkcTDxW21bSGnZS84wUw4yNZBR3e5P2:12000000000000000000:OKDOT:CHECKMYTH
1iiaerQEdsJbrn3mwJra4KzRchaPaj8udAGTMfgqqCSicWb:12000000000000000000:OKDOT:CHECKMYTH
13ij33UTLDr8LbGvhHuwcohjX9CdTbyFWjnDQsGCeSaeUc3Y:12000000000000000000:OKDOT:CHECKMYTH
149QLXbo9hEFyMC6hgBAexuSNFgiH5CbXAw3epDDTm38wvZr:12000000000000000000:OKDOT:CHECKMYTH
13rTDRSptE3EShbu4JsrR7LcrMXE6bZtuoEw7qW3FXQTYrSd:12000000000000000000:OKDOT:CHECKMYTH
13PNzTfEUUfcuEFvnpZYhXx5Z6bmGwk2fqVvVWFDNGsu11nm:12000000000000000000:OKDOT:CHECKMYTH
15b4FDtZFjRKexwPXvwmYZEz1sGiQVEfafqnnXT5Z8taPgSr:12000000000000000000:OKDOT:CHECKMYTH
14Fm5Uc89iTiQWpTac2idGQLVtE3UrYpk7ZgyhoFMidSB9cK:12000000000000000000:OKDOT:CHECKMYTH
15WVJfPNgKRLhBgnHEr2yHZWvEK3i2tAEVN73Va5jZUJcKR9:12000000000000000000:OKDOT:CHECKMYTH
15NrUFKGhrReWRLXW86AEP1ivdkEzxvharxdvinBKBnY1V3M:12000000000000000000:OKDOT:CHECKMYTH
13HsJeeajHEVMq9k5WZiem4jnXwkexHsQ6HbAZBxYbBfY1Wv:12000000000000000000:OKDOT:CHECKMYTH
14qaaQgR2n66tFZT9GEmp4YkyyqUc4h5jG6H2vhBZdXvH4Vz:12000000000000000000:OKDOT:CHECKMYTH
12tKQAU1j5UP5sSDMv18XPDbXMiSxsGKEWmiDdcmMNrY8EnJ:12000000000000000000:OKDOT:CHECKMYTH
14rC2xCYHkZ9BgmffVuWLhRPWkK9NwTzDAfbvj1ySmXXbdZr:12000000000000000000:OKDOT:CHECKMYTH
1jjgqLA1jNNX6bfxwxM3tQiZJpAMhH7h23mZFHPPaAsKJ6a:12000000000000000000:OKDOT:CHECKMYTH
14up8BC7yfxjx9FHU4dbWaXyVcYxZ6j87smNVuZ8A3iDtVHn:12000000000000000000:OKDOT:CHECKMYTH
1Wni4ff88rhaKwrvkxz5spqUBhpeWnxmzTxntDTB7eoPjuA:12000000000000000000:OKDOT:CHECKMYTH
13T6X76Ftfw8JzfXrHPbwgqb6oYKHeCMv9BsbFzKWfYPa2wQ:12000000000000000000:OKDOT:CHECKMYTH
12XK6YwVJuNFDdbrAT24HMWZakNZJc4bLZGAmM3TGcKcpqEK:12000000000000000000:OKDOT:CHECKMYTH
155pRTG5pP1aF2yzK8BbgQvSiSv4SBbyH4QJd5rvSvaYxYB5:12000000000000000000:OKDOT:CHECKMYTH
12ZcSM5jMfK6KW2H3bGg8PKeYmgh4eMLZkTa1zam38LifzHh:12000000000000000000:OKDOT:CHECKMYTH
139ho6t4h7dmFgSy8gNXESbGijdWsjNA7qi2FJAhvs1PHfWC:12000000000000000000:OKDOT:CHECKMYTH
14NE1ZzppPfy1d2M8VEBxhzvufhr5e8puDtTyuAeagFeQ2mV:12000000000000000000:OKDOT:CHECKMYTH
15nGXQexQQTKqfqCZbcqucw2YXVsLVn9b3ZLUna5AfvzYtGs:12000000000000000000:OKDOT:CHECKMYTH
129A57v4xuyX6i3RhoX8C4eC6XuvxWwSdKoqoKEVDwmBjhoj:12000000000000000000:NEEDED:CHECKMYTH
157wffS7HS1YddXq1hJRD8kaFgoSNsjgE5HJrR9XhctNc3aH:12000000000000000000:OKDOT:CHECKMYTH
14FCB4h5KznKpLEd8KsiE4oVpNcysk3dC2xGbWn6MvFVK7wH:12000000000000000000:OKDOT:CHECKMYTH
14E2eHmc2ZTtYbPmnH9wpkYJUKwRcDsUSqfXSHYrT4mdGAgJ:12000000000000000000:OKDOT:CHECKMYTH
145q4hftfRTgLFdjrj7vV7JakcnxJUjkwcnyv7HJngxxabNG:12000000000000000000:OKDOT:CHECKMYTH
12fYkdBVPMThff6f3X38AUL8N6zuhD7uvCaFfWnwgy5KRjVj:12000000000000000000:OKDOT:CHECKMYTH
1omkv7F6ggURqLejGbYxgxUM2zhgzwQgwBx56f5EkPVR7b2:12000000000000000000:OKDOT:CHECKMYTH
13oXFWnuKb9TDQAC3aqq5utWhmTUZ7zP2QYpyAQrvTyi3Am7:12000000000000000000:OKDOT:CHECKMYTH
15qzoZ8aL4gPCEPV5MEwS5YKuL7q4fpMSApacAvAyVicGr3x:12000000000000000000:OKDOT:CHECKMYTH
14SbMP3ns5hbPjMmza6KthsLfPhSNmfU82URjitHP7RjjMCA:12000000000000000000:OKDOT:CHECKMYTH
15D9N7FKTZxccDhwePhKSF3HdZghJucMoZC92f5VMQZGrMHE:12000000000000000000:OKDOT:CHECKMYTH
12CnYvowt1rPPtjsDBPKXUWTjoHqS75fJgDdDMCRjyeiMR5C:12000000000000000000:OKDOT:CHECKMYTH
13KqoUrqTFUbbJJ58o95AnSTxJncFo3s4AdsTprAM4zkUgGp:12000000000000000000:OKDOT:CHECKMYTH
14f9Pydh4KM7GYaDg1icLSeVFdtCJEXwgiffpBgTtd2JrWEf:12000000000000000000:OKDOT:CHECKMYTH
16kiFYFwPKzfZUq23oSx3porXF9Kk55PeVgcBiyyWztpqAiE:12000000000000000000:OKDOT:CHECKMYTH
14TzD6QFAn9MxtSwFwVLaURaEcRaE5Tpyi12ZBwfqHFvLpk:12000000000000000000:OKDOT:CHECKMYTH
14fobnUFbnToUsEvPCGSFAJA1y8Sp3U9fgny1F1dVZpYyYSZ:12000000000000000000:OKDOT:CHECKMYTH
15AT1sSLYDnLMaeeXxwcPnSmJ9CBuf2Tv6CL2YXdFc3xgj4G:12000000000000000000:OKDOT:CHECKMYTH
12EN98bFKo4C4YommLyCTdoqzwziBdBANQscohc41bWR1LuZ:12000000000000000000:OKDOT:CHECKMYTH
198bzZZHvV6QgSfNtE32SkgzKbKbqGCFaWScLoWBg9gF8Tr:12000000000000000000:OKDOT:CHECKMYTH
1PFc1eCahMEUb8GQe3Di8nvo1WoRC3A8fbefqpuyHQ5hVMa:12000000000000000000:OKDOT:CHECKMYTH
1NZjELLcLubDEduhp6am52yYfZzEq96XvJW3U6mhK2eVr4G:12000000000000000000:OKDOT:CHECKMYTH
129RKjeRPn5sVZ9Rb4YCQJRDXy7dyqYwV57sQRwNtwm3qRBe:12000000000000000000:OKDOT:CHECKMYTH
1C6Sd1g7BfiqvJ22Pw1rGZpTKbNVQjLWBWx9353iAnQNK9Q:12000000000000000000:OKDOT:CHECKMYTH
12NaP2CD9gGgRn2rcwBFyAqWFNxpcmeumFbV3iEryu7zMBs:12000000000000000000:OKDOT:CHECKMYTH
15iUAio7dnxDSpPkNRPCYaDPyV9gZcCEDXaeFvuVXaJwjQi3:12000000000000000000:OKDOT:CHECKMYTH
12u2aTSkmqGynpH24h6qCnSCzem3c41sQeg3QbBzNki9y2ff:12000000000000000000:OKDOT:CHECKMYTH
15DzGUYnJZo6j8PZZN8STzjvqBXggnCsPLoCs4U1wEcezeAU:12000000000000000000:OKDOT:CHECKMYTH
13rRRZriLEVdontPjWWMzKEX52R4pNQiYEneQyYbfew96cPX:12000000000000000000:OKDOT:CHECKMYTH
12hW9Vn9Su4WNUq8pim9caGEkiqqF7tf5AiABa6xdzM3vdyk:12000000000000000000:OKDOT:CHECKMYTH
13sRBDtXC4cpePwJvpMaXqZ725ZbTpJpwx65KgE5wKVX9Z7S:12000000000000000000:OKDOT:CHECKMYTH
1i7CRb8fou4EtVsHKpkVVRupBJFNSmre3jukXjpa6cSTvkd:12000000000000000000:OKDOT:CHECKMYTH
1L8kuReQazp4beE2cLrDSLyEaNM7NXmJhYSW9Wqxuz3URBK:12000000000000000000:OKDOT:CHECKMYTH
13G7XWzrKdRVoXPxzQGi3FXxgM82CqUW2RwUSGC6fAXyV7ny:12000000000000000000:OKDOT:CHECKMYTH
12zdZDWsv4kZmwQrqKrSNyP2xw5tBFSPrh5dprNFXM6i8sSA:12000000000000000000:OKDOT:CHECKMYTH
12yLDH9PYa7o8gGVw2T2BCXhceFL9BuMVwGFzub1BL7YVkYH:12000000000000000000:OKDOT:CHECKMYTH
14BdqKwCbf4RpDJf6CVYp48V64xsd75kaSV6yvuVvScbxSYe:12000000000000000000:OKDOT:CHECKMYTH
12jydKBWWxWpmUcTpRE8mZkHmMLHN4ssCUPYhSVx6X4jBgvP:12000000000000000000:OKDOT:CHECKMYTH
13opRiL5toEWXu3y2RZDvDp4p8kJzxktTChsyTwEKQRirKyF:12000000000000000000:OKDOT:CHECKMYTH
13NediETePm3ssTSiMcDkNG5ym2qLJJhviHWmzXtA4cXJZoY:12000000000000000000:OKDOT:CHECKMYTH
15SZRjWEycEgwifyEJ5UPUmgY2G8PzM7qZT2cBa5zC7m18JD:12000000000000000000:OKDOT:CHECKMYTH
15d6GTgLz6pnYpsJ7ej6NaRp3RqNh2GokWPA9cUm6VNuZw8j:12000000000000000000:OKDOT:CHECKMYTH
13T28vWf1nhJRK3jJ7gKFrJA5BxDses9AA7XFRpxCeVKM59a:12000000000000000000:OKDOT:CHECKMYTH
12q9P78a3urro9WEY9DcMMox6oqtdV6JPgBt5hBLK43439fJ:12000000000000000000:OKDOT:CHECKMYTH
16GfCq1pFBF86rJ9dibnEwQLF7PqjVNtXJDxcRc73yJBCEMG:12000000000000000000:OKDOT:CHECKMYTH
15vEUijh8XfeoTCCjr1Q7Y7skzHk1Xu7RJiXdQwfSXgZcHFk:12000000000000000000:OKDOT:CHECKMYTH
14s6Vu3BHpN7d79yotvFCUTdqXMrGLVP8cn17DGB5Je56o8k:12000000000000000000:OKDOT:CHECKMYTH
13zujpvxDk4eomrVmPmD4CrmawXv67pYkCoofhyDsUHGYLJz:12000000000000000000:OKDOT:CHECKMYTH
15XMRmVTpZKP8rUYa9QigkuR3YUPaHAtxYwfVX9vEN8muzGz:12000000000000000000:OKDOT:CHECKMYTH
168MYHxtPt6yJefBF9G6fphfsHadAk7pv3aRtgs44NoX18cJ:12000000000000000000:OKDOT:CHECKMYTH
15qds7BWVP3oXZm2Q3dqGcDeTWmJv9Q52dKYgxJMYz7GZ4Cw:12000000000000000000:OKDOT:CHECKMYTH
15rGDzSPW3rh5yiddhuaeJzE2f92GugtfUikzcebYGuRakBB:12000000000000000000:OKDOT:CHECKMYTH
12TvJRoH21Wxp1pv7fcTg5VT7NcsfSs1tfn6yiTmRwXsxcCs:12000000000000000000:OKDOT:CHECKMYTH
12Di7S9uTim6VB3UyJgkS6W7HAP9TJ12gCsiknUxhFWMipVH:12000000000000000000:OKDOT:CHECKMYTH
13dpuEe9CSgQkEpXwvBThk5Rxf2Ut3xtZP8aQgCLvjodXTWi:12000000000000000000:OKDOT:CHECKMYTH
12MJ4hmq3rifes1kiMnkXoqe9UYFgyQeQxDwYb1fmZr85uup:12000000000000000000:OKDOT:CHECKMYTH
145C3UAbe8eVdzgm3NhbdneF4MW33GEXc4TUcf3Z9wR2VyAT:12000000000000000000:OKDOT:CHECKMYTH
14q88rwGS4kEiF1jVbgjjy96RXHng8ZWnZJ2ZdWN2dUqHFbj:12000000000000000000:OKDOT:CHECKMYTH
1f6sGasvNS7GtvjgzUSiJ1Z4bmw7dUow8CEoeYQ2qenh8wG:12000000000000000000:OKDOT:CHECKMYTH
1bcdJyyjkVMonxzVvCdvMY5LGvCmdbj5ksKijiAwBMNKSyo:12000000000000000000:OKDOT:CHECKMYTH
14se4igX3wsBCQXrxgqM1G9n53WxQdi6h8s9FC4VoD64jdxD:12000000000000000000:OKDOT:CHECKMYTH
12JUy1TNwLw5wPnWJw9Yc3EbfNrWTLUEpNFg77JL6Pcwwu8N:12000000000000000000:OKDOT:CHECKMYTH
14UXDYQn8dvTgbbuTsNUjzWFXsgC3UPfb9uScZzMCvJnvmvL:12000000000000000000:OKDOT:CHECKMYTH
15nnCapJeG7oGFRaoMoBPonkwYZCCWXaoCi3u7dcuYANuKaY:12000000000000000000:OKDOT:CHECKMYTH
1MpiwP2CgcRofeahayewSTdfwnSHNQSz1Z1L6Frs33PXqXr:12000000000000000000:OKDOT:CHECKMYTH
14ZA7PFACTWNurtW11kU5XB5SX4Chh3siREgPrsMfhxjKzF9:12000000000000000000:OKDOT:CHECKMYTH
16hCoVsAEy1Bk1gNxM9okRCdLNWbbXros8Aptq7BZs1QST3V:12000000000000000000:OKDOT:CHECKMYTH
16TeohCYEUiv6oubbKv4mQnPm3rVwhQvkBKkSAQgMbW3Xgnr:12000000000000000000:OKDOT:CHECKMYTH
15J6iAkLUQHRQhirmRymzx8DHY5F1FudA6aKEnwRAwAMbvRo:12000000000000000000:OKDOT:CHECKMYTH
16SE5GzPengiv623dAuRU8XADgBR12qwRgr7ZJLQJeeiQK4H:12000000000000000000:OKDOT:CHECKMYTH
14Yu2kt9XW3Fvd2cY72AM9bbc8Ps3SBqiibJYp6YvCasbGdH:12000000000000000000:OKDOT:CHECKMYTH
153HVYxA4sb8eXTXVBNMVybPqRsYHymwCaN3bCRWjEFActq9:12000000000000000000:OKDOT:CHECKMYTH
153xecu2Y4VSGPk9reeWydjbXG8LoJvHSnf4ZLDSBR7M7nUa:12000000000000000000:OKDOT:CHECKMYTH
14eZhek1hSHog53gUNDHGwaZ5yHf4qAWKmRCoaqFec9iXVrV:12000000000000000000:OKDOT:CHECKMYTH
12uJKMc4SqPN98nYQiUF5teumW2GRW1rV82uU12c8ekLRFV3:12000000000000000000:OKDOT:CHECKMYTH
13Bv2f6zh7n4VE3aZBERkjRveSZ7vwcEA1VLUDZ77mqH54rF:12000000000000000000:OKDOT:CHECKMYTH
12YjuUnzj1m4MoTTu1guCNBBnwpqcUQTdN4KrYCHLJQwGgHz:12000000000000000000:OKDOT:CHECKMYTH
15wpUGb5qC9ndn9vaMrCkRAeu58RGZwZLGWzpLSSbwig5Pgq:12000000000000000000:OKDOT:CHECKMYTH
128zvLjq51TzJ1KFcq2asnQzYuaWnEnXGD4qDRbypXPhUSQU:12000000000000000000:OKDOT:CHECKMYTH
13H65WsnznfrgscQEocV1UTXhQtJuFPQRVxqF2u7X6UWa5Zp:12000000000000000000:OKDOT:CHECKMYTH
142dhEbrCJ1Ds8pQjP75gNgNrzkpb1ZbAGnGTUcwRSyjzeQe:12000000000000000000:OKDOT:CHECKMYTH
14aXcvVEX2EiRpxbvyTFoYVtuv4QrxQicH5HsbtKH7dJRDRo:12000000000000000000:OKDOT:CHECKMYTH
15Wbft2UytoTgA9baKpf8Ln3AH3pbRZQD7orssWv1oz7L9PC:12000000000000000000:OKDOT:CHECKMYTH
14Lbgi8injcfGCaqWQsjpAi7iau4JCbpsPNpydQcCeX24nNT:12000000000000000000:OKDOT:CHECKMYTH
13R16zo7SvkhXwoXF2qJ8ouxrhmDszv1Y9YuKwxvMEdyiYFp:12000000000000000000:OKDOT:CHECKMYTH
15vqpEM7fg8mfEJuTxfMCDfgkRMqs9xU37ET9yhCxSU7rVMA:12000000000000000000:OKDOT:CHECKMYTH
1ztKJw4jjNmpnRLSi8eRYU14vgzawDzbjRYPGkLmtzPs2KE:12000000000000000000:OKDOT:CHECKMYTH
16RCcdvuJJY6YeyP7d8qL3AHUAaxpnTUeWxgViVdbCsYv556:12000000000000000000:OKDOT:CHECKMYTH
1yTMRLah2Jshqk4pw58Rvck3SYGpkMpFHaPogb4vQPVrfZE:12000000000000000000:OKDOT:CHECKMYTH
161wBcfChy5UP5rauQjiikwd1z4FBKgpUAmT6kPoPpbefw7w:12000000000000000000:OKDOT:CHECKMYTH
14mAE6BtcTQ8H5ot92i7qaMK52zkm8T3pQbzmJ9txNefFDeT:12000000000000000000:OKDOT:CHECKMYTH
166EQFKBLAUZFsRr8k7BDziabfA3WuTUjo6yfdffL4gWuyoT:12000000000000000000:OKDOT:CHECKMYTH
13o8YzuwB1KZ8ewse8m2ZYbzKBfxe2BnW8AjH5Q8zUPgoWPo:12000000000000000000:OKDOT:CHECKMYTH
15KFa33im8q9ZRz8Ny2DaqxpWT6xpPi9ns5VtY3zLXQemiAb:12000000000000000000:OKDOT:CHECKMYTH
14HsJgMWH9gxJ2q14JrjyqJUR6uj1roJuAKdu2i3sStA6T6Z:12000000000000000000:OKDOT:CHECKMYTH
12NUgUhuUjXuUncXquXG9Nm2scsrt3WKnkCoPrvmzvrqxNXs:12000000000000000000:OKDOT:CHECKMYTH
1fM1Z5VJiwcKfFP9ff9Gm5RTguhyrFScgm841iktBAPdCyB:12000000000000000000:OKDOT:CHECKMYTH
12DvDQ4zJPfjvz2SCJ89xpwQ2LvusLCQwAZmWEh4hJUTbEqz:12000000000000000000:OKDOT:CHECKMYTH
14MyvcLdkR3EPhcXGqFVBcemkgdDZpTS1uZo9Yk3G55HkMBE:12000000000000000000:OKDOT:CHECKMYTH
15Q8Nbm5nEKJv775148q3K7wgKRsYA1PNTLGLUPw1HX85psV:12000000000000000000:OKDOT:CHECKMYTH
14iFpB27HY8xgZkjAG41vF9xLTgifbDyWDTduDUh5m7Ri8Ae:12000000000000000000:OKDOT:CHECKMYTH
16TsE3pR3PL9dFYDA5LJAEjRLBrC9uw1aFTAtK9H9MotiVkL:12000000000000000000:OKDOT:CHECKMYTH
124Rmu1dgNkJVtALtDi9S3q7xgSxNMhVG71nCM3DezGXWQe8:12000000000000000000:OKDOT:CHECKMYTH
12umWLxv6NeeCDFrz7rDqfWb8fnwhSp8TvDySZ3gSuza11b3:12000000000000000000:OKDOT:CHECKMYTH
151oV2oPwuBRhx3tU3cZcZzWq12QJG7wt856siGR9D9htiXf:12000000000000000000:OKDOT:CHECKMYTH
15wEYmaeRreJVRta6vNrnQw9jw6ozmFNqc3hm39TYqT9YAiK:12000000000000000000:OKDOT:CHECKMYTH
13TqBpeEMUmWMYyofD9feM5wKrVNyWExcDAdMXAmpxie2kMk:12000000000000000000:OKDOT:CHECKMYTH
1fAFJW5iZ9sWziGznTTSPxkGPL1JEXHwhCBFfe8oTSSKt1W:12000000000000000000:OKDOT:CHECKMYTH
13UqWkE6Y8xmcdHXR7zAkuWoRY7MhYUN3wuCo9L5r9eGAssw:12000000000000000000:OKDOT:CHECKMYTH
15C9Tgy6yr1AtHZpJwPPSz4noGkbsNiNryypJ5Sr76NYA5zk:12000000000000000000:OKDOT:CHECKMYTH
1DzUWCV5RbxmgbARHgc5gErZjMjQn7rSAbMxS3NNozvANHQ:12000000000000000000:OKDOT:CHECKMYTH
12QW2Bmr9tSX52kQpnKwAddCGFWx2JQYqDGMthXPgBvCgU8S:12000000000000000000:OKDOT:CHECKMYTH
12b3apfvBkWNH9MpKfAD3MinAvdinuUTSMqTs2kUUUQxKw17:12000000000000000000:OKDOT:CHECKMYTH
13y7g8ZtAU95p27qBUwPhZcS6JotRdKyxBcrFdEAYmqNPa3P:12000000000000000000:OKDOT:CHECKMYTH
12sLK6XkVG7MtYCqvAK2awDbfMjJDhUUfHc7HLSV4MNQa7iE:12000000000000000000:OKDOT:CHECKMYTH
1Chuc2xRprehXnaTpP5kXzwsRrpyhbNL4cYZZCgvf8kBbpL:12000000000000000000:OKDOT:CHECKMYTH
16Vr52Ce9cBRf9xWQXCM524Vfeb2pahZvUAQN4rDi4eXeX77:12000000000000000000:OKDOT:CHECKMYTH
12YNT5CkUGw2g46J8FNjiYY3S9codqGu6DrBAiu7kXa9yQgA:12000000000000000000:OKDOT:CHECKMYTH
133QLnQQGFX3zfFQMmZwu5KWPVCtYGHgW3zR59DbvCLaUqMy:12000000000000000000:OKDOT:CHECKMYTH
12hmEUEpxreK97jQXoHotuLy1qvkkoRGKLjd7R4horbFXEN3:12000000000000000000:OKDOT:CHECKMYTH
16UPQZqfLxTc54MUFMwsuxhZVyVrW2aSybs2LceTq3CsiEyf:12000000000000000000:OKDOT:CHECKMYTH
15cav2FwxPAa8hAtmLr1Eyv8sJvLMCoBWi2pLh111kE8REEA:12000000000000000000:OKDOT:CHECKMYTH
12EYZUyYskgFpH93mqmnepxqnHWHCu8N224vduKhhz7gtkCV:12000000000000000000:OKDOT:CHECKMYTH
1RvPW2UYVhM8HmqiRsQswKjVZLoenrDnEMQHqqbwGzv6Dng:12000000000000000000:OKDOT:CHECKMYTH
1BU2ioxcHfeZwdKbLD4fjKvYnW5vwcaJVAtchTaH7Eq3pgX:12000000000000000000:OKDOT:CHECKMYTH
13NCLd3foNpsv1huPDzvvfyKh37NEEkGFotZnP52CTR98YFJ:236000000000000000000:OKDOT:CHECKMYTH
