123jEg5XymuWkwpGeAD6dSUtxcBsWFbRQ6pvQxGdkAbNZ4Pm:12000000000000000000:OKDOT:CHECKMYTH
12hm8MeEBiSvLi9WQ4tFJc5qJXh6xMXdNNt6rvC5Aqt7vKuq:12000000000000000000:OKDOT:CHECKMYTH
15R7SvM4vGZ9MAc4ybg8egwKLHQupjDCnv6fNXMjZTxqRgAu:12000000000000000000:OKDOT:CHECKMYTH
13TeiebfAMTiVrFqifp8SYDVmBJuRFNPqtWCxAqpJxNoSYm1:12000000000000000000:OKDOT:CHECKMYTH
13ktTBzhSMB2x6M9XT3tJvb1cuKsKg2Ppx4rWspD24Gwh3W5:12000000000000000000:OKDOT:CHECKMYTH
1345PWLBB6h4kQBXAL6tiz9yHG1Je2ErLQ9LvycemMQpXZXK:12000000000000000000:OKDOT:CHECKMYTH
12oRHXjw62wvn6yT7YD5vgGsUfWkqeAnXhQZm2yyVTHBtYP1:12000000000000000000:OKDOT:CHECKMYTH
14dY85ysuxY4YMbGc4sdJweoPXxc2hNvRwa5hdLq3Uav89Xq:12000000000000000000:OKDOT:CHECKMYTH
1NEiWbVGRPnuyaL3iFsEGFNHdQSJZqdktt8s1SpJ7pW8pTr:12000000000000000000:OKDOT:CHECKMYTH
12guT9mrzbnGhcVajMJJC7fhNK6HuTdoz4wzDPjXf57oZdWz:12000000000000000000:OKDOT:CHECKMYTH
16LUEmb2ibnZh6cvEawGoACq2h4MfPztM9T7V29nD1RyPT9D:12000000000000000000:OKDOT:CHECKMYTH
14dWS7Z2XNWbc4ssDLP7KYdWJwd94S29JruazCkfYdAnkpth:12000000000000000000:OKDOT:CHECKMYTH
12qatdUNo3wwZQXa4BuMhNvp5SicKU9sjCwBDQz2ZUBN6xqe:12000000000000000000:OKDOT:CHECKMYTH
16WmUBtDAmBTD8XJmK6UkgGmxUnV5aG9kvdHhDMJANNmiahp:12000000000000000000:OKDOT:CHECKMYTH
14fa73uHK4YvAvZC7Eb9YYfpMU34meRemLxDi5tLgjCt4ygo:12000000000000000000:OKDOT:CHECKMYTH
13yTGrz17bYv43ZtCSY9jRrMnDZ4gjqeizwLywXCFZ2JMNEu:12000000000000000000:OKDOT:CHECKMYTH
13oudgAqp92avt2y2pxGgzxPfqB4hjxFukL1yFpj1pCyFT3T:12000000000000000000:OKDOT:CHECKMYTH
16LrZXJu89qxaA71KUhpCQoTsSLZD4LqaJBVKX6Hs76ycU2q:12000000000000000000:OKDOT:CHECKMYTH
1N8tz1amuwmhyRCPVHdUEVgB1KrzJSPuXe2fs6tuSMXTYgG:12000000000000000000:OKDOT:CHECKMYTH
12h2ML7tTZni3mNNDGfiVipZkH5CuXq7zaXV5QjJnzMXRbkg:12000000000000000000:OKDOT:CHECKMYTH
13znUBCohkdhv1Ptxbh1dwppX9svRW54byPpGDJuYaoCcayv:12000000000000000000:OKDOT:CHECKMYTH
13TYcYa6i3sSAr7DRcDTSg4Tuckqsz7T2LbXeeCAiUYNDMHm:12000000000000000000:OKDOT:CHECKMYTH
14aSc8WVtmMXwNVh6rCH2DvECbYKEXv8HTfA98F1yWnNF43E:12000000000000000000:OKDOT:CHECKMYTH
1awjJkchmz7WVbRxpb9szLGf8HLCPZd6u3qLoamtptEe2M7:12000000000000000000:OKDOT:CHECKMYTH
1saR4YBZKiFZHLqiUTosjTodVmg9MjiA5FsARCqW1Uo1QKW:12000000000000000000:OKDOT:CHECKMYTH
13h1LFuTsvZaeLjUNuYxU9caMaNM2tAf7rzfuEw9jm4kZb8y:12000000000000000000:OKDOT:CHECKMYTH
14bMXUVXbd1rqUsFVa3VsDcnTgSCSVJ9sGiJ3bfHzmhzVGph:12000000000000000000:OKDOT:CHECKMYTH
139GJuf24ptxQJTkRHKqwpULMmtnqQYzGEGUJjUXptx1zpqq:12000000000000000000:OKDOT:CHECKMYTH
13u67YFH7NYvq88YqedNiuNXDVJXSLZEVoCPMGHE4Vyh6SHy:12000000000000000000:OKDOT:CHECKMYTH
14Ve2S8Ryg35rNHZ424jUwL42kKd4fZL4xvxz7g9GvyrmiJ7:12000000000000000000:OKDOT:CHECKMYTH
15q1Ft6aWBtV4KsvEB44s1GpbrE6XpF738q79znFFCTHPPVY:12000000000000000000:OKDOT:CHECKMYTH
13NsqWNTabihc75Zm7ruBd8oRfGpp9PV3Gshhyp7ndy45hYF:12000000000000000000:OKDOT:CHECKMYTH
12Au2nEwA3mZpT4aSFZb4GBszBw44Tw4TWduzijcb7UbXmPY:12000000000000000000:OKDOT:CHECKMYTH
16cEUGr3Y4oqPb7XcuX2ug4deQoqgh1maqZTwZcq5q6NxGzZ:12000000000000000000:OKDOT:CHECKMYTH
16giGcvGPaY9YwB1KMd5FPr1aCkRVQN3KmT2T5PgSuHGRNvJ:12000000000000000000:OKDOT:CHECKMYTH
15LaT8dNB5TkSNz3SA3krdvUnxk9Wb6wM2U56ut4h6nezJyd:12000000000000000000:OKDOT:CHECKMYTH
13GMKx9Ceyt9qE7DqJYu9oBfNwa43X4wSyGTG7bU62Nkqj5h:12000000000000000000:OKDOT:CHECKMYTH
138m3bSXfXUYgfJghTLmyNFecYVXMXwQAxXMC88GcrrSkG78:12000000000000000000:OKDOT:CHECKMYTH
15kajJNBvgbU63v9JM7PuVYheQeoCmWemrS8912T6JginH2M:12000000000000000000:OKDOT:CHECKMYTH
14iy4bxA3nQx3oWqyj6C4kH373jaYKw4WcX5HS4pqcSLjVQt:12000000000000000000:OKDOT:CHECKMYTH
13S3xURbQRy8L3RXQy5ut4hSjTjSnjxHmt5fJTUHjszBkBsb:12000000000000000000:OKDOT:CHECKMYTH
13MrqWyM7hGNqaSRBsnoP2RiakcUaZS4QMUcHobCWN1Xhn13:12000000000000000000:OKDOT:CHECKMYTH
16LEHrxnmodSm2o7tyxcwKSBjkpP31tgAdwSX2nz5rGFPNmB:12000000000000000000:OKDOT:CHECKMYTH
12hnnrMB263nBDKXe1zoiQEuQgVdDyUpn6DtzzP3mYxw9BBp:12000000000000000000:OKDOT:CHECKMYTH
13GqkvAtob2QqsV5Rw9MGKr3EJhYSXqogEiSjYJLb3yqbrk9:12000000000000000000:OKDOT:CHECKMYTH
1J3wMNgSKLsrnssDcMcfV5XTRKb99Ny3sRd3am4vX9MA6Kc:12000000000000000000:OKDOT:CHECKMYTH
147r9FB5PoGqGn2TiSn25udxWmMf1D3j5bzDQtk6nVQ8UiAv:12000000000000000000:OKDOT:CHECKMYTH
14Ve2iJjbAYVarUPYcaUEv7eQ6yCZtS23q1xrdBWg6m91QmP:12000000000000000000:OKDOT:CHECKMYTH
12aq2HgwBvu3HoJBKpmsxXUuKntYahDx2UUu415acRTs8h4R:12000000000000000000:OKDOT:CHECKMYTH
1o9JqjUwVnxaCNo1TdEm6CcnpcM4poZMsufXmGSLMgHaGNj:12000000000000000000:OKDOT:CHECKMYTH
12qH2cAov1VbTPJLKUYLEaf22KCfiGkeWZSE1a8Ly82notGm:12000000000000000000:OKDOT:CHECKMYTH
1kBQgAgKzHh2vJ3oGJvKRjTXksCW45ZnnfKnoKHEYiRSPgP:12000000000000000000:OKDOT:CHECKMYTH
12m75PZUMyQZTAWxCvzzf3PJ9Qmw8cAEtmoekc2NhdbXYDdh:12000000000000000000:OKDOT:CHECKMYTH
15Beh4MQgymbFw7btCyzKXiK5Tx7aWMrib44Lw3CYFoNpay9:12000000000000000000:OKDOT:CHECKMYTH
14XiyQSnG3vW5iDBx1m7ajCwK1sx7HpBLzcmxMBrzFQaQrj1:12000000000000000000:OKDOT:CHECKMYTH
13YXdxrMo2Aecs7bdkuGUUVsrG5zdDpBghSTi7rqAz4b1oud:12000000000000000000:OKDOT:CHECKMYTH
14c5KNzS9wLwvtXUG1d67iRX7CYeADUB5u4FSnY8tTw4kwbQ:12000000000000000000:OKDOT:CHECKMYTH
126Hx6kDFXXjAY6jUZePdsSwCq2zVqF9sW3ZAxYQbW4dN88R:12000000000000000000:OKDOT:CHECKMYTH
14TTJcTaGqkxcVoAko7MLTYYAQDjD2zAYmnhWQqjLGnAVGLm:12000000000000000000:OKDOT:CHECKMYTH
13TAPGqiUigAfiA1aRLge9owtv2fdcQw19om3GXs2CCiYXS2:12000000000000000000:OKDOT:CHECKMYTH
14WgzB4HkEZVQNkEPyULBmXHdKQmLH9UrzqLioRixdLBfaZF:12000000000000000000:OKDOT:CHECKMYTH
13BKw9XHPrjmWYNu5rWnhixshGGcss8CJ8riFcuBY2h2SeAi:12000000000000000000:OKDOT:CHECKMYTH
1GkZkaTzFvQUuwDbjYeL6NGcEeQgqBLoj8NSobWK9zphRZS:12000000000000000000:OKDOT:CHECKMYTH
15JKZdjtpRoEviZnSMhHnmhA1xA22rwJKgozqeJ2jp6sLFUA:12000000000000000000:OKDOT:CHECKMYTH
15nreN6VCkzRmbWHUEkwedW5LUnqjq9USmfFNRHSsGLJp8bU:12000000000000000000:OKDOT:CHECKMYTH
1KEB2cfiyacLhnxXdJrVR27yfgGB2DsgExseWNZjf7ReU3x:12000000000000000000:OKDOT:CHECKMYTH
1GukM65Ci6SmxngCyMBE1ZX94Vp1vqtk9J5C6sxFZnH7iL1:12000000000000000000:OKDOT:CHECKMYTH
14Rna2FpuomJ5XgHnUcWbStsVQXemkwgURXRQUpEpk6NAHoV:12000000000000000000:OKDOT:CHECKMYTH
12A3Xh1Urp9CxHCNyKYSsBadRz58zHBdRJMsRnQcknDiN2Kd:12000000000000000000:OKDOT:CHECKMYTH
16bc9CrUZJjvex9fj3izchmPnQsJ4w3GuWP5hXGMgcivxv5R:12000000000000000000:OKDOT:CHECKMYTH
16Hk1ibENhj4gF2yH96AWhi6QipYZzqhgZoiM2zjtWos6sRW:12000000000000000000:OKDOT:CHECKMYTH
1bU2hnY85UnHB2DsEGzagLnNReaqKPPkcCUvoa9Fokun6WZ:12000000000000000000:OKDOT:CHECKMYTH
16385sXKhw5XZPjP9r8GJmkCPhviV87H223F2Rd7kAiptaLk:12000000000000000000:OKDOT:CHECKMYTH
16JS7yEtzTpbw2BHMZCNA1j2kKf3Sh3Be7ziWJs1Z42LoTye:12000000000000000000:OKDOT:CHECKMYTH
15FMPW8qy4tYuHivVijPe2so4MwWjuWwQm3VRit3WBMYKBT4:12000000000000000000:OKDOT:CHECKMYTH
16LjzL1zmaJx6mu1HWVnuovMuNKbL2MmbKywM5Qxu2nvVd5Q:12000000000000000000:OKDOT:CHECKMYTH
12HGNt8rsUZZR8Uwq9yUcfuXtgVVjbeGX4JN5Ya1ow2SB3mo:12000000000000000000:OKDOT:CHECKMYTH
12gQosy9MzL26UmpZ3XZ5893aVFtXfuVdKsPCKeP3UGr1UKL:12000000000000000000:OKDOT:CHECKMYTH
1zyFxQ8ifR1qWtDW87G94PrYSWA6Mioyxd1uM8zYShXEH1Y:12000000000000000000:OKDOT:CHECKMYTH
146WWWDrpgMgxSYKcK5KjSUwFaEVFuJyAvyZKceK2rVRXvqm:12000000000000000000:OKDOT:CHECKMYTH
13m86AGpbRswZqdFoRNXL7NeH69tTjtQAbNQy7tBoy17KPRW:12000000000000000000:OKDOT:CHECKMYTH
12pDj2CYkU3kN1P1ox8utKZjLBQ6civfcDyCxnErV9CzRpvb:12000000000000000000:OKDOT:CHECKMYTH
136Jic7ucPLRmZEizs3tn6QeqjRaeHAHU46jggmbykc7RibK:12000000000000000000:OKDOT:CHECKMYTH
166cfGBP8Vx1VzwAwDXWGdZ3TqTYqYn9rFXhQ1v58t7zzcpH:12000000000000000000:OKDOT:CHECKMYTH
168Rq1rAuARiSZiVEBg2vfPa7chnGZqQQcZWq8zUbne9s6TE:12000000000000000000:OKDOT:CHECKMYTH
15tqAFqcJNzbTkptAG4G4BdSFVUwGxGRPuk4XtKEGb1opWa8:12000000000000000000:OKDOT:CHECKMYTH
15a1C585QAa1MS9xc5RWcZVp4YHE4dysfg4riosy7iSsahCG:12000000000000000000:OKDOT:CHECKMYTH
15bV9tDKVHs811E6prVSjVsFmKr1HL32aXJqgAGGrmCVLYH3:12000000000000000000:OKDOT:CHECKMYTH
13pNKbU6cHj5ZQPpatb15tWLaGrYAKDG9Uxuxsudz66X7ynU:12000000000000000000:OKDOT:CHECKMYTH
164Lyzrg3RX8MEcsNMk1MZWsDX7RUMHbafV9dGDroS12iakK:12000000000000000000:OKDOT:CHECKMYTH
13YwZ9dkzxEFZczfQee5npKwBPRHEiyKCpqwoVcx7bvzDD9z:12000000000000000000:OKDOT:CHECKMYTH
15ScNw1ftPXYrWCmEfTt3GAdKCp9vfyFZh6eSijPfdrwD3Gs:12000000000000000000:OKDOT:CHECKMYTH
16K1R4NDiGpQqonUcL616vSEW84RgAGdCTxaSm2biukCofqe:12000000000000000000:OKDOT:CHECKMYTH
1jaYWjycknC1Vt5ABRh1LZ1VMm4sKtBHtozKTbRgTQfu6vc:12000000000000000000:NEEDED:CHECKMYTH
16F6QeEA3tzyXfqRGExodjgcniuiUxkagkKSqtqSpq5g1JRL:12000000000000000000:OKDOT:CHECKMYTH
13e69GAMYLhCden3QaTvWQsqWvAcoURo2vzV1EdL2N7H2Tu3:12000000000000000000:OKDOT:CHECKMYTH
157c4ficGiPec4us9KVLfreSRaVpnqccPwwarHGt7SiAYejs:12000000000000000000:OKDOT:CHECKMYTH
128Gw8NsMSErWHxYwLp89oS1yNPoLz9aHNYrV6srgYWVo99W:12000000000000000000:OKDOT:CHECKMYTH
1276Vvmui4zYS2iEaaVDFyYSJShbQPehkD88uV9rZVC9PAMy:12000000000000000000:OKDOT:CHECKMYTH
16miA8T3xSn8sP5rAaNRpStxnvxjaHa7PTXVnvK42dUUkhRa:12000000000000000000:OKDOT:CHECKMYTH
142JboKn7yFsaxU6mWFKBEqHiagMms7y416vKyiEwtAqD5U5:12000000000000000000:OKDOT:CHECKMYTH
15MnWomM9SY5LxNaRMysq8GG87pMCN9pQUTUoAwp1VuuW9rL:12000000000000000000:OKDOT:CHECKMYTH
1e4jJvTtt8sxVjr3oZGA5pggD2dpum7wbT9ecc8i6tvvpQL:12000000000000000000:OKDOT:CHECKMYTH
13FQFvU4JqGYTuPWGu685Wuy9bFzr4rzwHYFTv6sFdTf48Se:12000000000000000000:OKDOT:CHECKMYTH
12b6Cia7nzKJtiev5fVbR5C1FsGfeyMR6G9ndCWMxEBc5bFA:12000000000000000000:OKDOT:CHECKMYTH
14VuQNoyaXtqSGxvCHqJHQyevAkbp9DDv8WSh4pCigHxo9qr:12000000000000000000:OKDOT:CHECKMYTH
15AAoTcxDaXoifX2MrbEfmDDLF45WzVGNbFTWorNKNitwkHK:12000000000000000000:OKDOT:CHECKMYTH
131cbEg2MkmdyEPXS67zQHf8EUQoeVxStu7Qzzphrgka2oqy:12000000000000000000:OKDOT:CHECKMYTH
12uSwvavTbD8QBmZSFNwJ2WqmD8oGGMWLbfrc3HqLLkX2hYi:12000000000000000000:OKDOT:CHECKMYTH
16KbaAeG9TxaiqPMjFhUHyC1yDCkBPR83qPA1wBr7FbDteHP:12000000000000000000:OKDOT:CHECKMYTH
14WzqfSCY4sxAw7UooSxe34Ht8ZLdZ6x2WSKSrkWQJELVBr1:12000000000000000000:NEEDED:CHECKMYTH
12C87XPWmxzHb8m8xPfkMUoiaGSpCWwSrw2Uz6bLwusEehvy:12000000000000000000:OKDOT:CHECKMYTH
15CKTyC4w6pF3nzMTGxmSiEVanX8ixWGfNcdouTQfTCazjfH:12000000000000000000:OKDOT:CHECKMYTH
1kZQ2y4LVmjY1YQoB95hdKUwpSJD815URaWhUdWWvjSPnqp:12000000000000000000:OKDOT:CHECKMYTH
13GGvRpbNM5tL1Dgwq3Eo5TBtbd3MJi9bDmmnBqTffFsdvgU:12000000000000000000:OKDOT:CHECKMYTH
13T6VTxdBQ8ky9ssX3HKrZKk9HoGgKJiHHQuqjvmpxVJpTXu:12000000000000000000:OKDOT:CHECKMYTH
12ZaFMfdHCQtygD1eEjDrFJXJ38z1TTH5m4Td7G45PVc84Sg:12000000000000000000:OKDOT:CHECKMYTH
12Waneja8Z43Ez42qwe2xw8XH9QFSr9NZVh1JMKUUvUsBZ93:12000000000000000000:OKDOT:CHECKMYTH
122z64ErBnGaE5Fovj55o7nK3km3ca4p8D79fkJBKcvW8fSK:12000000000000000000:OKDOT:CHECKMYTH
16PeWbNUP4a9s8q8Y6oG8YfQGvaATHsf4jja33jhAZ4HxmfZ:12000000000000000000:OKDOT:CHECKMYTH
15pDKhWzm88oxq5dS5hRTAtCdACv2odmuVcCneTxT3Sudpqc:12000000000000000000:OKDOT:CHECKMYTH
12rf7BVeR2wuDA8Uuiiyxpe6oZy83bftQ1hHxieWhKpUDaPG:12000000000000000000:OKDOT:CHECKMYTH
14BfrBAPwTrEDdrLLeX3pncZerQNV8i8SqKvS6zMqFv39rpn:12000000000000000000:OKDOT:CHECKMYTH
15u9asEZcu5pfcpfRazvqbKXcyEoH9XG8YVkcQgu2EuMkjmi:12000000000000000000:OKDOT:CHECKMYTH
1TpFecEmttVQ4YWCQBjGpDXrsH9cZdGwGtFUAsQ5Fb9CcV6:12000000000000000000:OKDOT:CHECKMYTH
1ZoyUmAwV4jdFAfstxjEgRQ423YTb6WUjTE14vweMiqxQZ5:12000000000000000000:OKDOT:CHECKMYTH
1XTb72zQp8JV8Bm7EAjaJTKFQwP8oV5Jtc7RX4Dsb4yqGWJ:12000000000000000000:OKDOT:CHECKMYTH
13SGdp3Nkk541SNsb7fXHUe66UCq2KcUdUcUxARSusmErn5:12000000000000000000:OKDOT:CHECKMYTH
14GWwkmMDsEZu7HgYF3z3YoXPtXzCoqeo3f5uWeTsHnLBc7i:12000000000000000000:OKDOT:CHECKMYTH
152knNcu2eeag4qVEP6kGEP14EJf4Q2nFYE2LSfc8NYW6zLK:12000000000000000000:OKDOT:CHECKMYTH
15kStbFLeihRmL8vMtKfYhbwGPHbUACVK61ghFadDxx65a5r:12000000000000000000:OKDOT:CHECKMYTH
13ivXtEKz8uav8Y1HUsVeF1D9HBUwczjWnqDbHqWLVYDEzzV:12000000000000000000:OKDOT:CHECKMYTH
13eK7RPR7hs75wox5a8BifArR5qFhd6v47oR8xGfzuYQBW3Y:12000000000000000000:OKDOT:CHECKMYTH
135RjDVft7W21G5jGHaqT23xEThqtHjpyG6BeRVoVqSP6dq5:12000000000000000000:OKDOT:CHECKMYTH
15F61uux1VFSue1X3YqeNt1v7yDhYhERkZsNrKaxjHFdyn2y:12000000000000000000:OKDOT:CHECKMYTH
135xAUnhTPp66wUmYknUuMHECV2qBSjdx6eQWXqmtQ8FruYy:12000000000000000000:OKDOT:CHECKMYTH
1EDDZwZcPBvhA5s1dyCMohznxit9V9AzmHfnLdW6KXzYFZe:12000000000000000000:OKDOT:CHECKMYTH
12wFanFFgu1yHhP1X4ExbPVAWDxZDYzDNcR8issNhHU1iJte:12000000000000000000:OKDOT:CHECKMYTH
15Kw34fhX7a3NXstd9t5iLBC9HXczpVpnHa5Ycnbr2JSn4kF:12000000000000000000:OKDOT:CHECKMYTH
16n9Sdq4CBGur4QABC7krSjqXjNVRVE7yDnZhn8qNbkucgdd:12000000000000000000:OKDOT:CHECKMYTH
12GXrkQ98Mb8AW2kRuY88tytxrLrcRLixHbWGqhLvkUp5Q9o:12000000000000000000:OKDOT:CHECKMYTH
136pAAtxc7bASd2Nc4xPCeE1zhwK6pLnnnCgWAZNUJwDXQQ9:12000000000000000000:OKDOT:CHECKMYTH
13A4Za5roGxjSDomXvnfMsGf2eTMKtoqCTSZY5MvaxuBAuct:12000000000000000000:OKDOT:CHECKMYTH
12xwgadjFwJHtUQU8U3qpqZqMktySgA6qWHEYVH42Eue3qdz:12000000000000000000:OKDOT:CHECKMYTH
14JzJ7TisS5w4rsdTVk4oFrxY2GoDbGe5177taULjWCS3Eab:12000000000000000000:OKDOT:CHECKMYTH
15eMWUqW3JeVWzbUor55Jc3r3452aXC1Kv61M31qyf5DVFbe:12000000000000000000:OKDOT:CHECKMYTH
1572i4nki8kY8MTub5D4JHsNgTH6mZpUu8YCUpVyw2oH2aFw:12000000000000000000:OKDOT:CHECKMYTH
137kFo2bwnnVZnWb64izRi2Cbp6Vpoxw7Wf6Hiq473EW4irq:12000000000000000000:OKDOT:CHECKMYTH
13UUGqYDiYtwUtQESSxvv6RdUtaUKVAb8bnEN8LGEfMhQfT9:12000000000000000000:OKDOT:CHECKMYTH
16jacbVYmCiXUfTKGovdnUM2fCyt6Vzt5X9kAtx3Qa7WebuH:12000000000000000000:OKDOT:CHECKMYTH
12zb7TUYPVCg3dQJrFTjjfymnCN8zUkqHoUoNwBNgPbMwfq3:12000000000000000000:OKDOT:CHECKMYTH
12W94i1FZeDw4C3V73DJ9GeE7HQvqwLPDynT2iapyPV9iBUS:12000000000000000000:OKDOT:CHECKMYTH
13BHRAaSksvmFuVk22pnbXXeHcTMLNzcwkkev8SFyjqf7DF9:12000000000000000000:OKDOT:CHECKMYTH
1CtdbwjCZmhpdkburinr6RtriiuecFLNBsnFnAS2kQwuoUy:12000000000000000000:OKDOT:CHECKMYTH
14uvycMrQQ4J9kgxXE9Ggwx27htmUWPFaYymhs71X2kZGaKE:12000000000000000000:OKDOT:CHECKMYTH
14n2kgCgNcLZ5S7WxT7bhgQaor584P6zX5EQQHVhgAmd3ex8:12000000000000000000:OKDOT:CHECKMYTH
13jNBKZB5sAPAoC9RJpvrfrjSpSz1b1UFx5sY15282vmXerC:12000000000000000000:OKDOT:CHECKMYTH
14UQn325L6F7Z4zuVPS3sPyHjQRsT2JXHmvTwGgekhm7jhBR:12000000000000000000:OKDOT:CHECKMYTH
12NEdRKdFoorbds7YbnCeZq84Hp7v8M37z9xFvfiUTa1PnHg:12000000000000000000:OKDOT:CHECKMYTH
129Meuaagy6VNeN1om6Jy4vWpCxQxtrmdixzWhsH8DFXPa8o:12000000000000000000:OKDOT:CHECKMYTH
14oMSWLv2FYFRqVrSfUqorsRNGAw47jfYDuw6NEeEPUu6m2f:12000000000000000000:OKDOT:CHECKMYTH
12kxKsQDjZCEemw6UaSjn36pdHb4waYxR9VRPXMwQQXbgAcL:12000000000000000000:OKDOT:CHECKMYTH
1c3nRxGC6SL17j62b9qmTGtV2ziDMiHTa7McKPYJAJZi8xD:12000000000000000000:OKDOT:CHECKMYTH
16fBS7P1T1Ry7FSFBcjaxdpxJN2KhGCVfG1Sst2aZbKN95qZ:12000000000000000000:OKDOT:CHECKMYTH
162ANqSdy89uLUWvXPZdBPkzuf5oRaXv9hyf84TNZf6M1Ge7:12000000000000000000:OKDOT:CHECKMYTH
1hvg2gg7TbTNjUEr7g5PrJTCd6Buwa8zbTrH2YSshwDLEox:12000000000000000000:OKDOT:CHECKMYTH
1S2KPfMDwxG6BNH6FXzv8Zep97CCZ1m8SgogWB4Fss7zxUF:12000000000000000000:OKDOT:CHECKMYTH
1vrEirmsV8oYmeAYn2YMVzVQuyTzJkUNJd65fy9mFiqTYDt:12000000000000000000:OKDOT:CHECKMYTH
14PqbntbXiJcst59w4DmLbvVGEbN9X7yUoEP2JrPRXhhB3gK:12000000000000000000:OKDOT:CHECKMYTH
16F9GTT98Q5N35Axatn3rENQeZnEygDfnJyBzSdS3YTPwUs5:12000000000000000000:OKDOT:CHECKMYTH
13Q88hHsKWQiPDSLn124pUYsKZEEELxtUpNdNnQkpomJxZxd:12000000000000000000:OKDOT:CHECKMYTH
16cVXaFZvxiXWyKvLhbkv42PBwYg1xybCQT3hjAPi1sVJ6CZ:12000000000000000000:OKDOT:CHECKMYTH
13UQ1gxGqQ6MRYojtKsy5AeKoC2zh3bsJELLS7FpeZjckPrj:12000000000000000000:OKDOT:CHECKMYTH
161A64a4cCg9MbPvfD5KC1eX2GUEF3CcKHhjMyi96omy8Z5D:12000000000000000000:OKDOT:CHECKMYTH
1RdnQwfRJuRyJHrgwmFXLEpGAQLzMXYsC21PxXN9u3J2xrT:12000000000000000000:OKDOT:CHECKMYTH
12Gsuh5gZzJoZsgaJzNHM3qnTSuw8ZdFxABWsLF9Y9MqUAaM:12000000000000000000:OKDOT:CHECKMYTH
16FTPwmuw6NFE3wd3tTeW1cP2kDGdQJpVox3nFS75stCxYR5:12000000000000000000:OKDOT:CHECKMYTH
16jbKRE6iWoMCKnYLFc1at7UUp4v2TLPZeWem1mMj64Ncm8U:12000000000000000000:OKDOT:CHECKMYTH
16Ly1WMewboFtFKAs59LnN9md2aXEMothmoNNzwzzHuNitxo:12000000000000000000:OKDOT:CHECKMYTH
13UYPxGvzaHtYoepz9mpx9fbyigGKUhDJ5ebFRuNR5MWEEmG:12000000000000000000:OKDOT:CHECKMYTH
163A7AaE9W7UBZ9Y6RE9BDic2WoNsBNJNrRN3AmNemQMHQGb:12000000000000000000:OKDOT:CHECKMYTH
12jWQwQTfVLpfQezFvZmiRcGS9ccvwwPuEZZKb8u7qqzg7er:12000000000000000000:OKDOT:CHECKMYTH
1nAjHBBmuUcAgouD1Zf5HnJMjyf7Sj8y8A9BxJAuDuTaCdH:12000000000000000000:OKDOT:CHECKMYTH
12DsfTzjXGvH8iXMzVb5eZ9ccnGhfFbfTkbArC5t8QCJk5eR:12000000000000000000:OKDOT:CHECKMYTH
16DHA22FmnSohMQKJv8gUSbs8bYpSGtPMDmjPEuyuutcXCCo:12000000000000000000:OKDOT:CHECKMYTH
14FzGQLCjpY493RRx8cpYyRpt3KG63UCCZXMsd15VwtXhr49:12000000000000000000:OKDOT:CHECKMYTH
154JW8ZFGjfZvzXZXg1UTXdLbWQtN3zoP8H3qPh4TKK5PjF:12000000000000000000:OKDOT:CHECKMYTH
15uMk1BWC44qmgoFEFLTNej9sdUvh8WKMiGcVeqDBdrD5ETL:12000000000000000000:OKDOT:CHECKMYTH
14movjcfkKbC6dWotcqn7vYbrJ4T6qRdsZei9njqgsqgCWSt:12000000000000000000:OKDOT:CHECKMYTH
15AiCxa65sJ7pMarcusqe1uUq9WsJHWCB8oeMnoXBArZPGHb:12000000000000000000:OKDOT:CHECKMYTH
1495k3q8NDoRdTVnQLkM3WHxuDypMvgZq5xvVGz5qp84mDWd:12000000000000000000:OKDOT:CHECKMYTH
16X4Zhh9YyGKaMF5qEDsPH8vrL8JQgppkCchH1j1hVEHL6Za:12000000000000000000:OKDOT:CHECKMYTH
1fZgqUDfiaEiaNPvbXkdk3GTrVTpM1eXXcuGMjhqAEy5oEd:12000000000000000000:OKDOT:CHECKMYTH
14WfbUU72viR7QRctwyTUDMfaRHTTSiwqZqEr819PLcL4mrz:12000000000000000000:OKDOT:CHECKMYTH
1681LgjjmcesYFu1LRZ4oX2esMhozF9ndSnomQyEU34c1FXf:12000000000000000000:OKDOT:CHECKMYTH
16mTxAp4gzLc5Tr5dHqhf5g8uQnPxeVwv8A56zNLHdTQeNkL:12000000000000000000:OKDOT:CHECKMYTH
14mkdpqKNYjdseGE5YUci3gee3ZPf3y3h5dCVdQng9TLioDD:12000000000000000000:OKDOT:CHECKMYTH
16e8PErfPhyZ6d2NsLQVpjEkAJT8DaDJ85bifiZo4N33x41M:12000000000000000000:OKDOT:CHECKMYTH
12YHf3d2yhwF2omDvKrLaZximeizKgtYD5gQr1926Yxafgf5:12000000000000000000:OKDOT:CHECKMYTH
16PCzvahFwtuTifto2SWMKrZZ4nHS9LdP84Xdj8aG1u89ET:12000000000000000000:OKDOT:CHECKMYTH
14pfLQwCe4bgrx9dsYKUppt9MLCrGvpPu3JGnNGyjBroprUz:12000000000000000000:OKDOT:CHECKMYTH
12KBPUYzVyXV8chQi5ikRqcBvpwuYubW1BsCc2i6cG3ysE5S:12000000000000000000:OKDOT:CHECKMYTH
1mL9wkNxrsnxgbFYwqMQJsq9xqUR2mHDziv4KHcxwkE8KL8:12000000000000000000:OKDOT:CHECKMYTH
14sssUjqfMjqHDko8TJvs7Q7CAPTW5pZEQLitqoSV5ESGtU8:12000000000000000000:OKDOT:CHECKMYTH
15CHfd4uHEKKWrnY1pUkshMrAv1jPMNAcv46CWacmxXBEykN:12000000000000000000:OKDOT:CHECKMYTH
169bt8GjZXf1xfKbmRmjeXd6oc2SSCzfdNwkGUCfs2h6VLkb:12000000000000000000:OKDOT:CHECKMYTH
13wjaFaAbjzyJLXudsJgdsyCzPrKynSTkPsmWJMC5hn49vcx:12000000000000000000:OKDOT:CHECKMYTH
16DjZ7WgNCPPGWMG3WRqZWvsw2QdhGxyw6W97E5NDH1XQMWV:12000000000000000000:OKDOT:CHECKMYTH
127QNR7dpZHQffxfiW3JTPu3YvZu6CZqE7wowFWQ2KbnFstT:12000000000000000000:OKDOT:CHECKMYTH
16aPaZXxuv55zh2ajyrK1G3cCT8AnSCE21FYcdoBYdeLdBT5:12000000000000000000:OKDOT:CHECKMYTH
13RMQVqKSZtDhwEkgPNjVAfNchubkS9RtiKUunFjrGUHzmq7:12000000000000000000:OKDOT:CHECKMYTH
16JdnLi8qR2pWjFmKakGpDG4e3nAqp4Q2KCdugw89Bmmeoih:12000000000000000000:OKDOT:CHECKMYTH
14igaQnsGs9fBErDhjRtnCm5i1JPRTH6Jji7LTvfPCSeym9Y:12000000000000000000:OKDOT:CHECKMYTH
1t7UM9ztNuRCXJXACLYsNUbfUhSusqdiY93ER7mhRZsNbLE:12000000000000000000:OKDOT:CHECKMYTH
15qcLFc2nGupYGVL7qLQR196pL1nq7vyy9Hj5UDHGTC4ZSAE:12000000000000000000:NEEDED:CHECKMYTH
1vPhPNbdhv18eoAwX5xyL363foQFYrkC4jtxj3e81KhxnL1:12000000000000000000:OKDOT:CHECKMYTH
14TY43Dwd2aoRQ5qGeisBxny3tdCCiWrzi8kSECooELdA8s8:12000000000000000000:OKDOT:CHECKMYTH
1hN9ShVBwESWqcMw7yVvco1Rh51rK3ykvTGAFS1U3uAvpSJ:12000000000000000000:OKDOT:CHECKMYTH
14yggrJpn3ShzsFj9rvNSKEMoSr2pSarXBTK7TbDNapp9KDQ:12000000000000000000:OKDOT:CHECKMYTH
15GoRQiw5Rs7KuHzAe9WjRjJuAJh9T3WbuTuvTu4pCSKHijx:12000000000000000000:OKDOT:CHECKMYTH
1R8S3UqQkkEnbfTgfzmFAPzv11m5Ezm8HyUehL1c5C3ydGY:12000000000000000000:OKDOT:CHECKMYTH
14uxhfp2eMRxaD7ziEhzY6KkNrzmFx5uAe5MHoKaJGmDKEjD:12000000000000000000:OKDOT:CHECKMYTH
1bxVHuvLToN3iJiq8TVmXuKh3QRL6WUB5hK2YsPdK6NkH2Y:12000000000000000000:OKDOT:CHECKMYTH
14PijUyeXdNfyDnjoEWZCRh3HxeeDwo7g1kNLBwuawWRHK19:12000000000000000000:OKDOT:CHECKMYTH
1647TjJcsXNdhS5E827pq29yP2Mf89JWocbv2Bta6krBQnQ2:12000000000000000000:OKDOT:CHECKMYTH
13FgcMLfPBzdfum42Z5KcgbwgBgqKuKDUznXypsXRxqwjQFa:12000000000000000000:OKDOT:CHECKMYTH
1495pY1R7cg5i8Uepf83pm1jYcrUpxPNGHQDjobNBTmyva1T:12000000000000000000:OKDOT:CHECKMYTH
1VwybLPhtve68erRzUmSZLuCndzycVaar4ajvUCPJBwx5dm:12000000000000000000:OKDOT:CHECKMYTH
1o7uVG8Ta4JafK75S5nJr7PAQuQt2sJ5iqgM5w2M6Ma68Li:12000000000000000000:OKDOT:CHECKMYTH
15bzPrvZpvASGWWYvv3Zxay4PzTx5qK1BBJzhbRZCjtcnRCb:12000000000000000000:OKDOT:CHECKMYTH
152W6Wp5MpKnfWSLQNTxAYGTk5ngriZffqbJvFJ9Qq5ZGB6:12000000000000000000:OKDOT:CHECKMYTH
143GNDSmvkTKb7LGb4Ks3XxjKCzML7PryxAjQyuGXNP5jdd:12000000000000000000:OKDOT:CHECKMYTH
1zk73a7PPjGvysrEvVnmb2mJpSBkYRJ8K39ScQ3cyWpPpH7:12000000000000000000:OKDOT:CHECKMYTH
162u2s9m1qHzP6XvH9L6nJMNyPcz1hRDAqT9y645bCCdvhxW:12000000000000000000:OKDOT:CHECKMYTH
16ajhUifGoWZqJggrKMc8DwEcKbrKXAv4cRmXFcEPgnXVCuq:12000000000000000000:OKDOT:CHECKMYTH
12mUu1TTroGH5TRTHgwVAEFJ1VGkMRdGbpW8wpfYCN6szA9D:12000000000000000000:OKDOT:CHECKMYTH
14QpsLEk2ThNG7ppviEJq2qpr5a32PEmrcospweW2kZG3b3z:12000000000000000000:OKDOT:CHECKMYTH
12RfJ4z9fnDTqcsTDAMWUvaqrHDSeHDuqyoe6GopLGDcQKDk:12000000000000000000:OKDOT:CHECKMYTH
12zdxjawQJA63fCX9vvZqeCGqSx3oEqTumJ6R4JRNgvQ5jz9:12000000000000000000:OKDOT:CHECKMYTH
13qXTvB9qwzgECQfQAWw6mqaXH3fdrYSNkCf4LjbFG9Qgfmi:12000000000000000000:OKDOT:CHECKMYTH
15NCTuNQqeUme4QFfXvvnxQ3hNGm81hBFSEyjv7DfAggfYQS:12000000000000000000:OKDOT:CHECKMYTH
14MQHo9jYxcKuo2nAb7StJrjbndsZQ85HCuRGyxGhk5ufjnG:12000000000000000000:OKDOT:CHECKMYTH
11fEsfh6bD4whBE3q7pogr1uySfKQfSE2x9faXWE3phhwvH:12000000000000000000:OKDOT:CHECKMYTH
14mmFJU6EkJuVvTDP7CxSGp7N7M6Ai9EvhBKB5ymWMwDV5wq:12000000000000000000:OKDOT:CHECKMYTH
1KkqNSJn6L9RTbLWnisTpoPBgKYxYwXvVPBRPw58tfZoKGv:12000000000000000000:OKDOT:CHECKMYTH
12MrJHonDwfDbnnL7uNkCxeLCdDWkV1jZQ4Dt7y7MgvyWPkc:12000000000000000000:OKDOT:CHECKMYTH
1HyvvAajFDAKWAwa5yKLfXJ9FfLfFqr53z3zt2BYapw6evL:12000000000000000000:OKDOT:CHECKMYTH
128a4PpxFFWhRLiLGUsgubanYW67MZqyRZc2yEjU8dKACBR7:12000000000000000000:OKDOT:CHECKMYTH
15miz4n5KYvn7V9cZKkqBTUY7AvcccB7QzkK14A9RN8ZSGhE:12000000000000000000:OKDOT:CHECKMYTH
12YHi7sFZohs8oAjDMo4y1wvteUG9xGdVpVKnuuaLqcJNJKM:12000000000000000000:NEEDED:CHECKMYTH
12uwo6HBUyGSXx1Au8ezjuRRnutDWaGSPPKYC2pQUPZiJTEf:12000000000000000000:OKDOT:CHECKMYTH
1gsmjD9pUDTUPckiodRUa7NLhcVaJPGKVFtPMFfLR2A4y7N:12000000000000000000:OKDOT:CHECKMYTH
14daQEPuxRZiwxKRYXoEN8gBxYTgsc23yxoprX9Jo96uXC3e:12000000000000000000:OKDOT:CHECKMYTH
19YxtcYbeejqEfscEctmpV8y4taXgVREwhzNUWTKVic5RLJ:12000000000000000000:OKDOT:CHECKMYTH
14brgdcGxw6je4AxwyrBSoyHTo39QvKaRo5mptABB83vzouL:12000000000000000000:OKDOT:CHECKMYTH
12MBdLLLwMopKuM1J1aWFSCQtttxBMM5xm1Rou8P1qgZTB6H:12000000000000000000:OKDOT:CHECKMYTH
13RF5HwcEE1VGbg8HQSd51XBdEkEPF2co9xnatbo9RsFHbk1:12000000000000000000:OKDOT:CHECKMYTH
1ZTG3BnUPHwEq3cwjXrpPqXLABQyKVL5qHDFVHPndiyeLNL:12000000000000000000:NEEDED:CHECKMYTH
12kuJ39HCR2Y4jLie3jCQfP3oJr6tzQM7YCbNTAxiqRpoEna:12000000000000000000:OKDOT:CHECKMYTH
13b4PoULFyzeJHYJxo6K3KeuYj9X14Ea7Swfbq1Yan4qKae1:12000000000000000000:OKDOT:CHECKMYTH
12sGCs8ZRNvCmRrAnmwsNAySdQsytQcamv12E66WXM9PfKdo:12000000000000000000:OKDOT:CHECKMYTH
1QMBDTWNgFnqMnqu64jUiKJy9fsC3N1xS8GbskUqjCSqSFA:12000000000000000000:OKDOT:CHECKMYTH
14iN1MFBewKzFE8NF6UsE42uwqDcfjNiT1kKc9f16kB3CRqK:12000000000000000000:OKDOT:CHECKMYTH
1JUaWLCUK26x845RA1zq2hV1JGBTaAZhrJ4f3bdTAtNarbc:12000000000000000000:OKDOT:CHECKMYTH
13zRpw9RjDfWVuhQkEDka5h7hZ1WLzzUc8wJ2swDs1yQbP92:12000000000000000000:OKDOT:CHECKMYTH
15K86EzYdDMuRuw7kawhCYTJfUqG13xhTxWzzoWzp1EuevbY:12000000000000000000:OKDOT:CHECKMYTH
14gZjnsvpdRYvL3fqVhxZBSRdyMusNGPtN1fETUCmyySRY7X:12000000000000000000:OKDOT:CHECKMYTH
12Rg3KY1jxjNz68s2GPEiERSjm42BHEd96CsnitQsCXbyMyX:12000000000000000000:OKDOT:CHECKMYTH
13RteTbp8W73CgphNEKDYM6gWgwFCdGVrsjfRzcJMnBk9W16:12000000000000000000:OKDOT:CHECKMYTH
13JARYgY2WoKpfLtQHXSDYZjbVYbCbaXj8MeQhevVRec23JJ:12000000000000000000:OKDOT:CHECKMYTH
12KCUzZF14QSj4JzhHpt3o2RXCuoXJgiTj5QrohHeYf2qQzm:12000000000000000000:OKDOT:CHECKMYTH
17R5TpWcKgW2yFBZAVZcwR6RBMeHwHuqRRyucW8KKPsfvuf:12000000000000000000:OKDOT:CHECKMYTH
15yp1rdf2HSD1UU7cjcsjtDTLVrWGDvem2PR36gatBkbQVyc:12000000000000000000:OKDOT:CHECKMYTH
13Tcah6SNvM9ee6pSLonGF2MdZL5TMZv7iLueg9wRJawF4Vw:12000000000000000000:OKDOT:CHECKMYTH
16URAmouBCHLsVjEMd4m2bxmgB6PvRsSFXjCMpvKyHdFeZa5:12000000000000000000:OKDOT:CHECKMYTH
164fNFPgmXd8XHh8rvHSqZUXGbJxyrr4BcDbQYRhkXsJKQj2:12000000000000000000:OKDOT:CHECKMYTH
13MePLoGvhQ5WuuYXSUkrBDAoNZkixopfR4KmoAYUx8AdY8W:12000000000000000000:OKDOT:CHECKMYTH
164L6vaEHS9Gqm3E4oGC9HFk4M6bimE4bdSp3SqszL3hZdLP:12000000000000000000:OKDOT:CHECKMYTH
12p9yLjccMzUZuxtxuJdFB65RSHw6mdsNzMZ6YAW68aajqDG:12000000000000000000:OKDOT:CHECKMYTH
15qfgq5Mhwkt8ppU8pXTgr5ERMVxAuTteNLfBVVPoTEkAwWd:12000000000000000000:OKDOT:CHECKMYTH
1hb23Zr7zEn3ihtXG6FMd6B45cdCgY7GYLeFbvLQChJnNPh:12000000000000000000:OKDOT:CHECKMYTH
136vgKbvmUKEF1umyErh7gJCwbeAaFRn48gs9qNg23BkZA5H:12000000000000000000:OKDOT:CHECKMYTH
16jwnbEvnv4PvAufbXovZMuyNRxBRU9uvrzFj9fLWJvAXNat:12000000000000000000:OKDOT:CHECKMYTH
14nppWi7LFFu9uiSX3nDyCHVT5kPFGDAVX4QCqATrdN5Y2ZN:12000000000000000000:OKDOT:CHECKMYTH
14UJZmDXQtRk3avAreNT2MBjnpCj5QWgXexo6RdN7rBESiMz:12000000000000000000:OKDOT:CHECKMYTH
12BhEtELJGdyMnDMKYzwHropBNw62n1gGuw1AkqzniqLH5Mx:12000000000000000000:OKDOT:CHECKMYTH
14gfDc9vnzWgJPjGBxTWvZpfxFtkBrgkoqqoX86zTk3Ewmx:12000000000000000000:OKDOT:CHECKMYTH
17dum1aTaGkBzo14nfLnjbNQetu6N1UrxBcdzHAeg3uLtaa:12000000000000000000:OKDOT:CHECKMYTH
1692JvsRa2dU2GCR5zJ55DuDtXLDCYPZuYp9X38UBfzytiAa:12000000000000000000:OKDOT:CHECKMYTH
15ak5LqneQ8u2kTnCUwF1TGSBXpZJDuBSqknhkv4sQLb4N7M:12000000000000000000:OKDOT:CHECKMYTH
16aKvDPAymp4myxLzSjEnBNMxAwvRNVcxivFZjPp51khzyMk:12000000000000000000:OKDOT:CHECKMYTH
136aEP8mkeN3afgka6Fj7YPRfFJNDaxRM6QFzN6ihaboYyuQ:12000000000000000000:OKDOT:CHECKMYTH
15DirSTvQvNMetsPA8RZNzPSjmsJmNV21XWH9kWtCwu5JFLS:12000000000000000000:OKDOT:CHECKMYTH
1WBc9rd1fegdzkcknGieGze3gH5ushFi7nTdMtndx69EdQP:12000000000000000000:OKDOT:CHECKMYTH
13WYd9WDFetV7WktddPTBE5r5ijck7HJNH5aWHdNsdSoHYzA:12000000000000000000:OKDOT:CHECKMYTH
13Cu4jRedW1XsfnZWZWMQsgvE7bzzR36jWtbFscDWTFYWq7i:12000000000000000000:OKDOT:CHECKMYTH
19brmQwAJNDFSZLZA8scCbwhwYgRXw4PyLBXNjSVJk9iU1i:12000000000000000000:OKDOT:CHECKMYTH
12jwPMa5sRS55qsYL9w6Vbz2FzPpx9porNfvcqNEAsUfaVBg:12000000000000000000:OKDOT:CHECKMYTH
12vPwfYeFCR8R8XLpYeqewXbDQNt3SqA5pWjkJ35JxV4bzLC:12000000000000000000:OKDOT:CHECKMYTH
15DF6DBZJb9CQodV6t2XE81WiqySwnhwQtZE5B33jcJCq9W3:12000000000000000000:OKDOT:CHECKMYTH
14EpLVF7hLGSfrPzhLc7SyRGgtGCDSdhYnKAkRx3wKd6ayW:12000000000000000000:OKDOT:CHECKMYTH
194EgSNz31sRf8GwgSHs4JDt8aHPHDJeWusUET5wUA28YpV:12000000000000000000:OKDOT:CHECKMYTH
12K7SF9LA7QwNxKdJ9NBqnk9r1R2EJmp5YJKs7J5cCYpbVjv:12000000000000000000:OKDOT:CHECKMYTH
152j7PZDJStYB2FMtSMsrG2ZAkj24h2phimtrk8ShB5TDFWt:12000000000000000000:OKDOT:CHECKMYTH
16TsSKDX4bE61gu21m3c8eChA7VpRbjgX86njcmj9sqGULW4:12000000000000000000:OKDOT:CHECKMYTH
163pK5WGxiVYhSxatwwppWYHpDekK4zFrtZByjSuyLwWdL6q:12000000000000000000:OKDOT:CHECKMYTH
13yPYnA6WtREGvkdNPYyyZWxaFuinXzV8JFPbtzSVNLTDrN3:12000000000000000000:OKDOT:CHECKMYTH
13EHnz47M8dpgN1LA9xMzCnjVPsnMYrKk4aWqHbHspn5xqGZ:12000000000000000000:OKDOT:CHECKMYTH
16FokBHN57tZgCXNLBAAF3pf1vVxRYdjoqoH1QpZ2gNJRY5Q:12000000000000000000:OKDOT:CHECKMYTH
14p4pyqgR8hoVuXLvfH4mDcWCyW9WDC4CoHeBd7FLegddiAr:12000000000000000000:OKDOT:CHECKMYTH
13qo3GQTHhk7QsVBdaFPnLQdutUa5YMhEwS46Ex41EjpR4Gc:12000000000000000000:OKDOT:CHECKMYTH
13jaRMimrou44AJELbkrUehemq5rbKuo9nUw8DTbxXHb4Xue:12000000000000000000:OKDOT:CHECKMYTH
136V4qeFSRYPDvb8xLNKbUeV4GCtgNuK67B7ZPhnEQE62K96:12000000000000000000:OKDOT:CHECKMYTH
15pvqDAzBVirekS96b3g9G19acmcCP8PUGPJG8WCTqB5ZXek:12000000000000000000:OKDOT:CHECKMYTH
1GSzpgbayZvfXgXQRnJBx8Jh5hJgwKkAMb3bjVKDbdgUFXP:12000000000000000000:OKDOT:CHECKMYTH
13r2LZs2dxkEaRmWHVmzFQgpgnX6oqnCNWXioSsNstePoffV:12000000000000000000:OKDOT:CHECKMYTH
15S67oDT6sj42RDF7XoY2iSfjo6PvnQzdMUzwhob86aam47n:12000000000000000000:OKDOT:CHECKMYTH
14LTFi9BT2yebJ4YND96VWMu8Bra5R5nYPEzyvdikftLwK9M:12000000000000000000:OKDOT:CHECKMYTH
13Zsxnvz1sJzNp6NJTZ2FsojuoVoAYuBNGPmSYNcMLxizmFK:12000000000000000000:OKDOT:CHECKMYTH
12mZGA6bCGUeeVD4gonpaBypCeYmP6B7v9CFS3sLv3JuBuMS:12000000000000000000:OKDOT:CHECKMYTH
1ktrQhLfmeoWU2MAKmDoUzkgxCCKNUHsWwtTMvft3ATDAaP:12000000000000000000:OKDOT:CHECKMYTH
13EqLvCNw8Es7txpYWDF5m3YVYq31hiBkpmAFvHM2uRUAwAP:12000000000000000000:OKDOT:CHECKMYTH
16fff1VZMYwp8764KX1K95sPnYkJ8TcycCSoqqQ2TAezhEk3:12000000000000000000:OKDOT:CHECKMYTH
13WbvZBo1Cxg3RGN6R94X3paWPvowPFEEUgkWqfaW26ta6PH:12000000000000000000:OKDOT:CHECKMYTH
1o6iLAVKJjJG5bxoEJUSEGps9ZCYNPyVSzeGoErZYgYzyvK:12000000000000000000:OKDOT:CHECKMYTH
1VHX6ByaAs2taAYLtaFcQh144ThzkmSoVDoz7KxWKPKsSxS:12000000000000000000:OKDOT:CHECKMYTH
127r5ftBqYC8rpGDtVacN3A52t5eQtewJhNiPdNk5CHx4p1S:12000000000000000000:OKDOT:CHECKMYTH
14wpCHYy3FsUTF1cRFs2PbrVD94omsbfZp6WauczAr4oEXgw:12000000000000000000:OKDOT:CHECKMYTH
12z7gUzzE4S6wyCu4dDjjJajPKbVWLnjuhuUqrMCud2zHvYY:12000000000000000000:OKDOT:CHECKMYTH
12aj8EXd9Q6nEswZvmxALmsnn7ma1WbCKQb8XiANsZw9FuSV:12000000000000000000:OKDOT:CHECKMYTH
1ijh4o3xAk5zvDq5SxnFGMnktHEWHto8ufXgpPMR68PSAVB:12000000000000000000:OKDOT:CHECKMYTH
15vH8gYxpkKaSFn1TddmGvVqjn14aP8u6XcQ2P6Gv7q7wDtM:12000000000000000000:OKDOT:CHECKMYTH
12FKgNZ9jmdxo7FV5UzrUdZpjxnRNwGYB5eJtuec8yKs6Nod:12000000000000000000:OKDOT:CHECKMYTH
14oQS3GsPB5KPC1MJ61HJX5rPEeuqFdHAHLcmBtrddzVRA6y:12000000000000000000:OKDOT:CHECKMYTH
13Hyy3yjoa5aqupJK1vs7WA9HmapLBFhWL3kEuv3Hb8iWCwD:12000000000000000000:OKDOT:CHECKMYTH
14bLtNz2JFQsWLqEqB3cFEuiFaTfqmXErFjouNZn6sE96KDP:12000000000000000000:OKDOT:CHECKMYTH
168zGdzFQG3uDxiu6QyiUw9cbyKqsYsnyh55AjxEKYYoxoSW:12000000000000000000:OKDOT:CHECKMYTH
13uCb88Aam5JbuegFDPLfvRpQXLxdS3rQ5uQJpqTwSKwzXnt:12000000000000000000:OKDOT:CHECKMYTH
15c4k8ChfDx13cGp4Spa5B68Cu87mfwHpSarei5UK6f82A5m:12000000000000000000:OKDOT:CHECKMYTH
14mbCDLayYPvTENyyJV6Z1hBtcT2KuYCLQgKEkCiBxRWmL6K:12000000000000000000:OKDOT:CHECKMYTH
12GWGeifR4odgUWWnmGU61bepqpbJNtA3hA3o2hsnqxW49xh:12000000000000000000:OKDOT:CHECKMYTH
12b3AakvLGtmkhMGxad5rKfKoxTg11fFfaVPJa8ySFY5SXz8:12000000000000000000:OKDOT:CHECKMYTH
14ebMx7pE6weaxZAsEvzXmW9bPPHgseZk93uzPoRJhzcxPZp:12000000000000000000:OKDOT:CHECKMYTH
16YGb8pBNrthiQNdzNdUjJ2LZKX7Yq9eLj7dAxMYMj4VJZTZ:12000000000000000000:OKDOT:CHECKMYTH
14ZG2b1wJaY2VvNJQpApMbUcfqLR5LzYyDmXxAvrT5J1VpUy:12000000000000000000:OKDOT:CHECKMYTH
17p47wAPTk7yXorvqihqKQnyTDAoWenDjYBhiXpxhQHj5Tm:12000000000000000000:OKDOT:CHECKMYTH
15gAp4KbnPb7qfeacBwwyuiAyL9SkzDiV8nFVvreSa9WscGv:12000000000000000000:OKDOT:CHECKMYTH
13BAr3qswiDqupZC6vKzPdUPF7UYeynSwg7QDiPYFzvmNRZx:12000000000000000000:OKDOT:CHECKMYTH
126K3Y2NFaciJU5BH3es8BF4snpi92jWwi3kg15XKmYjd1rP:12000000000000000000:OKDOT:CHECKMYTH
1121UnsBJXKHDEoL3aKm21ubW84GWRLNihZMgitYitvQp5fo:12000000000000000000:OKDOT:CHECKMYTH
15wZKJmADL8VU9dN2qYT1rD6rfk451mu98QDfQ83QaabpGHn:12000000000000000000:OKDOT:CHECKMYTH
14YsuNYqAqb77AmZNaihkLbEyzJ3qfCcajusmy3Yoc5Uu4u8:12000000000000000000:OKDOT:CHECKMYTH
1238E1KFw8CA5X1eBrvN5AnfXG6aDSsMaFdTd6C2AYwk3S2F:12000000000000000000:OKDOT:CHECKMYTH
126DgtiYYvXxLfkT2prGMEiBhvaqREExhp8rgRcsFcKKnHdw:12000000000000000000:OKDOT:CHECKMYTH
14yFAxc5C3uPaPVhtG61E8LfriyNu8LjK8BNxBKtsLtznu6o:12000000000000000000:OKDOT:CHECKMYTH
13zF9TMx6chQAFkBJbkbk8zL6QPaD7emCRmvmbxTWoitUidu:12000000000000000000:OKDOT:CHECKMYTH
1zZh1jcAHXHm1HixRXaNquLQNWtmwM7DN6yu45X9pBtJBm6:12000000000000000000:OKDOT:CHECKMYTH
12ruZjrKXFfeiBKovNGKWpee1RUz8LQJV1GSNqrkx3bXiBLu:12000000000000000000:OKDOT:CHECKMYTH
13YLe9tXJaZCqacm7Lt8wuTRxqZd226CKteZTrbTsEX2ZVtU:12000000000000000000:OKDOT:CHECKMYTH
132GMw9wEDyXvgbtR2a4ffjXgrvmMmYjYDDYxdX9tU16cxoG:12000000000000000000:OKDOT:CHECKMYTH
12pXUkACAcb2M9tHH5568scNLtp1q4Wcw9rkYrwCPw6xJb2L:12000000000000000000:OKDOT:CHECKMYTH
12hfTZMC2b1K57uBv9gamwnocSLgAz7YsWixQaZuhh4zqvKd:12000000000000000000:OKDOT:CHECKMYTH
13haGvs4Td41bpb7AAZLeYaog3N8tdXuoefuCy1rHbgasXm2:12000000000000000000:OKDOT:CHECKMYTH
14XXbnBs6gDTSKSaBDZgCSEJhcnjAEpg9Psdcttz8CN8w2nc:12000000000000000000:OKDOT:CHECKMYTH
15AZk9EFgxZbB9yyoyDbhwq898xevNrksG9qwqB2bdMuTCpS:12000000000000000000:OKDOT:CHECKMYTH
13s5UnPoXPr4sNYqwQnBVo6zTcLdrr61DoAXRtu45BbX7hoM:12000000000000000000:OKDOT:CHECKMYTH
121rBiMpcdLY7b5hiyekncrMdvWnFrFF8vdozH74dW9rghwU:12000000000000000000:OKDOT:CHECKMYTH
15t9RvaQiij8v9xtEdqCFhpzHw9wmTvepM1LawCYtXcDMTpx:12000000000000000000:OKDOT:CHECKMYTH
16JFWLrdVWGbpvokCr3btFbCh7p6JiRG7NaXebqG9ZK93YNR:12000000000000000000:OKDOT:CHECKMYTH
12eijmp841GQf9FuNJ6tASzMAtPLghpJWaMmftqXWAsV7ePh:12000000000000000000:OKDOT:CHECKMYTH
1qNnxu3TMJ5BGi2JnwiaJShLGKEVrRLYB6SxuQsCtH6QPGU:12000000000000000000:OKDOT:CHECKMYTH
15GkcFGchm2byf4GA6ctLsL39hZUKBVogbJjPDp1trZ8pXn6:12000000000000000000:OKDOT:CHECKMYTH
15kQmkBmDxLrUaWCbrSwZ6vwmTBAN2uhecPbnX9QiKeahMhC:12000000000000000000:OKDOT:CHECKMYTH
146HhDSWnjtyWob8sTtHTpxBunsLQnnXPvgiECRYsxJFGizJ:12000000000000000000:OKDOT:CHECKMYTH
126JqB8rz52CcFQESJoJPBqDdvoTwAV3WAF9iyUAfW9k373U:12000000000000000000:OKDOT:CHECKMYTH
14VKk8fhb1naTAsio9pwrGr2TYyAbBM3ow1ePbNniJgbdshB:12000000000000000000:OKDOT:CHECKMYTH
168rZRau9V93n6W43Ujci95ayriDV2Tj5dMYLM1m8rNCdk22:12000000000000000000:OKDOT:CHECKMYTH
14VLZVhwTRWSHGiFy9VkJYYgHrx9CKv8NvfW3UuzgCjWYo9M:12000000000000000000:OKDOT:CHECKMYTH
12jarCJxFFkwdhfAVdSoQWyRxdSduSGzk2HNWcdWifFwTCcX:12000000000000000000:OKDOT:CHECKMYTH
14sY43EqzP6DPkG9a3UhDhs6CxhVAu71CCsymmLF5xYZBDyR:12000000000000000000:OKDOT:CHECKMYTH
16F5kSangn5Dm32LLtt9pSpjDowdDkDFTGMatsnDo4EhhHw7:12000000000000000000:OKDOT:CHECKMYTH
15oEdYjp1KTKtmn5xc6U27mfxNDrfvP8M4mVVeo49JGbhE4k:12000000000000000000:OKDOT:CHECKMYTH
13KJ41XYCR3tYaBFSdxchXvATRojvtnWEenhwn6BXyZfqzYT:12000000000000000000:OKDOT:CHECKMYTH
13NCLd3foNpsv1huPDzvvfyKh37NEEkGFotZnP52CTR98YFJ:236000000000000000000:OKDOT:CHECKMYTH
