136GuLLYwQN3qG7BUwmvVeDB39HHiDGspADFEUjJ6kkDCobZ:12000000000000000000:OKDOT:CHECKMYTH
13mMnbxM6dsB6iiSC17NX2UeKiHiGHwc1oPvxuW4kAvTKH9N:12000000000000000000:OKDOT:CHECKMYTH
15mv2s5G3bzbFEErGZt6bbnEMeQ91ks5wTQU9U7jUt4aw5Nb:12000000000000000000:OKDOT:CHECKMYTH
13C57A9BTnios6rUMxWCCWT22jwAnua872aSGa9dPqJe2zt3:12000000000000000000:OKDOT:CHECKMYTH
154fTNhwiPCeescfFCdojX8QEYUnE1zjPeT4KZEe558v1zdL:12000000000000000000:OKDOT:CHECKMYTH
14r48i9Dh6aNHNQ1DuyR8dzgUX17wdKdy6VuHXMsmdRxf4eE:12000000000000000000:NEEDED:CHECKMYTH
149sE6HHPJz8dMNTrWqSY6M6R1wJrKqy6MvW9AksbdCfTNV4:12000000000000000000:OKDOT:CHECKMYTH
1ja9Rt54U4hTMvTFrSDiSMnx4vycRxrdAoMFMjNVhReEcd9:12000000000000000000:OKDOT:CHECKMYTH
14gS7oFAAcsKwucMbEZrrca8DHNYVo9NbgXai1rCntJPXzJz:12000000000000000000:OKDOT:CHECKMYTH
159koGG9wLkhsK1e78SpYGJSK1KE7fvYuSWfCknqAU2Njhvr:12000000000000000000:OKDOT:CHECKMYTH
15U8fvQ3qXLaHoh1UjEwqbMHZKGDEw4BkwC1t9eXgfUEdjir:12000000000000000000:OKDOT:CHECKMYTH
16V3NDVZ7NmLbVk2D5ZzUkHo8kAanp6Ks1TDas1gTfuZjbGK:12000000000000000000:OKDOT:CHECKMYTH
164VuJe2KntWNPZigzbghdcDCFDfLtz3eK71zrmm47nueWJP:12000000000000000000:OKDOT:CHECKMYTH
13FCGZFNAv6aFcrWBcy7PkT7h8hmVWGtjKGxdS44bxHxkHP6:12000000000000000000:OKDOT:CHECKMYTH
13YSHc2qtcDRp1ZG3YWCiye1cFfWYAaGRrW7JbjbhsKA85np:12000000000000000000:OKDOT:CHECKMYTH
12uPKfwg8zic1quDmBJU9DvXBHDgGXYSPJpjtxiMounkuBTk:12000000000000000000:OKDOT:CHECKMYTH
13x5DJeBJnLAVzn1sBsDYczuERhS7m2FPYeZEGRo4PZr6nZ2:12000000000000000000:NEEDED:CHECKMYTH
14BsfitXqDVyYws6KHVJdNXdFzYnF8P6rFe29H1WLqKbBo5B:12000000000000000000:OKDOT:CHECKMYTH
15bK9Q3upvTJCK4akJRYMpxNTqrfUGhJFfEz1cQZ8FMPsrDS:12000000000000000000:OKDOT:CHECKMYTH
143yrQfUZNMP5axwuZxEcEA1uFznE5qHBvmoKRViEFU1L1pf:12000000000000000000:OKDOT:CHECKMYTH
14h35jisRa1x6vBbFxTcD3b4bppXbq9Ag4ww68sUCCicdfvC:12000000000000000000:OKDOT:CHECKMYTH
1TMANQJq8T1gRifdfqvHNsxBx7Wv7tjU2QKvvULLPHYfEKK:12000000000000000000:OKDOT:CHECKMYTH
15TJjWtiW1Y2ufWuf9P82afndNb3x2xY964iNHLvSu1VYo5B:12000000000000000000:OKDOT:CHECKMYTH
12BVjsdWBEZeK4qEzivgvkcXvEFVUeeEy9oRF5JKmpt9f7vV:12000000000000000000:OKDOT:CHECKMYTH
15NXG5qvRgNMNZcUYTPHMoh7KXs2Gq9ovxA2eqafv82hjSZt:12000000000000000000:NEEDED:CHECKMYTH
12diKn9pFZ7VESdvXtGKTWdDstiQamT4SKDH3nmEgSMJxgFd:12000000000000000000:OKDOT:CHECKMYTH
14GckydKEzCaLJgko2WX41JsQ2bz195ufBr3mh6tjzZJaCSV:12000000000000000000:OKDOT:CHECKMYTH
12PfWw3p12eC5ZEQ9HtT2oakQi87Ku7E9buuyWN6ZTac7yNW:12000000000000000000:OKDOT:CHECKMYTH
13crv2ZF3STFcJ3ni5ZxRDrj9VyuALw3o7HCA1Nzhr7KzoqW:12000000000000000000:OKDOT:CHECKMYTH
12SKyPxm7e29Ek2VQdxoEqS5seiFGMYQAJpHsNpVhzXMetKq:12000000000000000000:OKDOT:CHECKMYTH
1bVQrqLAAocvWdqrqHqWLDkRTHbsLG62EwF9cccUbHomscm:12000000000000000000:OKDOT:CHECKMYTH
16R1TNhHXh2muvw5PEA3oba8xYTe15MhcSCJcSoGhZa9S4Sq:12000000000000000000:OKDOT:CHECKMYTH
12XaHtzm3u5boKmsngroSjiomXk9bAMXxr1X13ud1gJWkWqg:12000000000000000000:OKDOT:CHECKMYTH
125nvjgfk2Jg1xbegJ9c85tHeEXvCfv8EypWGT29b7RvEhxw:12000000000000000000:OKDOT:CHECKMYTH
14AQFovnTiqxA4AxyfoxPTuEKVmcRA351EYEkB7Fp3JMtxEd:12000000000000000000:OKDOT:CHECKMYTH
16AvvxW4ZmsZodjGti9NuMpQMrDALik5cQrniuQtdJUoXBdP:12000000000000000000:OKDOT:CHECKMYTH
14aPJnzU86rH8vnYUJCWwvjwzL5Lc1tLE79NSse7Z78kZguV:12000000000000000000:OKDOT:CHECKMYTH
16B612NA4g9dgpqCi6wAcFMgNWCv2c4wjbazKYZtJRnPktkV:12000000000000000000:OKDOT:CHECKMYTH
15NVZSs2LTa7e5cicPcNtyHqHMZKfKkxfUA1CgNUxYY61wYc:12000000000000000000:OKDOT:CHECKMYTH
12CZ14gWyH4udEYnFoHnfLvfDMDnDo9peYjffV7HN6giHj2y:12000000000000000000:OKDOT:CHECKMYTH
12du8XqHZwnQ2qTQf6BVd58Gnn1QWWjgFiomqGYhjBfyHGnA:12000000000000000000:OKDOT:CHECKMYTH
1DGxLRwTnKrBDPSy9TXoR9zt7gLNANweVwP18y44QCR3Xqg:12000000000000000000:OKDOT:CHECKMYTH
135PHeKocZH213MtzfrvEBeLfZE8Q4iAdfvHEPAqgb7o7prL:12000000000000000000:OKDOT:CHECKMYTH
1U1htaZAMfqR3wMs5YhgUfFFuyrkjTQgGT2MeuuVeDd4xeo:12000000000000000000:OKDOT:CHECKMYTH
1HivmJxKpSpGeUtaMsXBr1CzWfPGwPdDojtRJCioa59J7Ac:12000000000000000000:OKDOT:CHECKMYTH
13xSqwMcstBNE4imsA1u6QV7KPzuLs8MgCpmFXFySe5EygjT:12000000000000000000:OKDOT:CHECKMYTH
155MLdSwy2FSVFHamPkiDWb1TUPD2Hej4yypcYQwaWv9HXyy:12000000000000000000:OKDOT:CHECKMYTH
1S3pENK3vgnin1yZyQURpRZecz1Ugab6GuCJKFB6fEDHh3D:12000000000000000000:OKDOT:CHECKMYTH
1kZYAauQHSAQVv1UyDCWgSZ5NCwVadWsgkPHUPAt4MgYcEf:12000000000000000000:OKDOT:CHECKMYTH
14Kv3tczuFyN8nnv1nrPaxeXj8WqAE1xaUGitPH3TKfM6TVW:12000000000000000000:OKDOT:CHECKMYTH
15d3b91ZSqvvcFdcNYLEB1qe6woRMcgZqgU1ocMQyVgxXgqy:12000000000000000000:OKDOT:CHECKMYTH
12V4xqjW8ddpZENbrCMkwGgqsgdSjju7pxV3xZCzyw71EYJc:12000000000000000000:OKDOT:CHECKMYTH
11mj66VJ8ULrufmtWeihzHRgfRtgNp6kAMDU68VzgsdvvN8:12000000000000000000:OKDOT:CHECKMYTH
15SDqgtsQ9aVKc3HL1sr1UaMAHxWsSwP1hQt8aGesUUsmuqK:12000000000000000000:OKDOT:CHECKMYTH
12ZzeZPD72manFbQ4a7F5g1hF3ZbjLWjXoX3J8T97dKXPe9M:12000000000000000000:OKDOT:CHECKMYTH
15bUX9THvwYAnS99zYSK4XSUZXFJqRyAu7btfou4a3LNUrt4:12000000000000000000:OKDOT:CHECKMYTH
1ic2iCchSzDtVP4gtY7NobmcLZfepG5VYSfxnBVcDEXKKM4:12000000000000000000:OKDOT:CHECKMYTH
13uK7GgrjSX6ehHYYwURMj2XwA6Mzba47g9DLDkYGpMcD2sk:12000000000000000000:OKDOT:CHECKMYTH
16VyL4G4rUUaN5nzrBShjXFPKLJPdHbTn4EDVGf12W2zMX7K:12000000000000000000:NEEDED:CHECKMYTH
13nsa3EaC298NbZxfK8CRSFtYu6T1uYopv4xr4taTQUx7rHP:12000000000000000000:OKDOT:CHECKMYTH
16XvULmdHovTPCHqqCF2FavH14k9ET6eZeKU4qeA2n6KZaz3:12000000000000000000:OKDOT:CHECKMYTH
12EjC5j1tqjLEmJhHFC8EcLBGXJ9SBC2c17ZcWyKPeHyyr4E:12000000000000000000:OKDOT:CHECKMYTH
12Xi9MbYk2LDX4XdGcxTGh4tcqWJY451gyX7ZoAs6kn2cD8D:12000000000000000000:OKDOT:CHECKMYTH
1F6ykDWvpiVMQKP2YkYkswyLfDbYTXUU99ZHpTwJAbMQXA9:12000000000000000000:OKDOT:CHECKMYTH
15u7RbdCcUrgRYfupKzpdrA9YhbTTEEzSC82uEpVTaPMEzHv:12000000000000000000:OKDOT:CHECKMYTH
13pKvrPaQA57DMUdGGKiAARb1V7a9Bey1hkZCRXyNhA2tbE8:12000000000000000000:OKDOT:CHECKMYTH
16YFwzg2CqngRSoLoFTVsoJADGXWuaTTttT9BA7DDySWZ91B:12000000000000000000:OKDOT:CHECKMYTH
1KitTDon8GpfmHfAWse2vjoSK8HDegpeZH22vUX56TSVj8R:12000000000000000000:OKDOT:CHECKMYTH
13oNRLog17HNcWsxn3pC4w52stP96RGFLFUJbWZneiNMgu8m:12000000000000000000:OKDOT:CHECKMYTH
15et5nwJazmwtVT1ZJjBF6qpHp3kFxQWSYbmhi5LTEBwNKKm:12000000000000000000:OKDOT:CHECKMYTH
13QxgY7vYFRp4e5zYdEc8K4qJq6kDjxr6wHGqKy5Uaas1Epm:12000000000000000000:OKDOT:CHECKMYTH
12tt4KZ6s1Ju4zn9d1oFJFmSTjNrUxfyfTR2b3mdkK4dSbJm:12000000000000000000:OKDOT:CHECKMYTH
16PrNgKSxtRKdaZ8qUWyp9c3HutfGw8mYWJ8YwEaTvZXmYx7:12000000000000000000:OKDOT:CHECKMYTH
1Kg32WzB8ZCnL5pQji9fmYxHD1ueNxCiXBA1fAEVJcMxHZr:12000000000000000000:OKDOT:CHECKMYTH
13P5EkQS2WbMA27cd4pzsCg5nmsMme8KNRxX8kffJq4dbPoM:12000000000000000000:OKDOT:CHECKMYTH
158oFDUeAQWz7yuBstscYbna6ucJUeACDi1U44nEfDhrWS2j:12000000000000000000:OKDOT:CHECKMYTH
14JbRM7P3xXKC84dTJqsC8f7x848SZbvivA5Toh3oEwZRk4o:12000000000000000000:OKDOT:CHECKMYTH
14QHinzbh68TiqBzMeAhmPhw5wtkNXA2NjHfX8qXTb7YCRZV:12000000000000000000:OKDOT:CHECKMYTH
12Mktt144Tf3hTdjsvPY4mtqnaZSDzUhPLhtoYMQj9gybY31:12000000000000000000:OKDOT:CHECKMYTH
15i2HPyouUHYiC51Uf9Q6wMQxqWj34fcaSQ5RVcCnyzGNoxK:12000000000000000000:OKDOT:CHECKMYTH
12uJEbUEyL2NNg4NyVioWN6e77wLeABtGdVb9W1vN6mvncBm:12000000000000000000:OKDOT:CHECKMYTH
15G1QPj6Smnyv7b6zucNSyAidwzGNsD9XyuRwkkRfWJS546f:12000000000000000000:OKDOT:CHECKMYTH
15fBDz6CgbSrrsMzrx5B93j853EksPWzemM4Whg1b5E1j56o:12000000000000000000:OKDOT:CHECKMYTH
13tD1JBMBwWRo7VZWpjZJSV2hamVadrYEj93NBUX2tsNzVqs:12000000000000000000:OKDOT:CHECKMYTH
15NcDAGfTRx2UwtTCDc6MbA6buTQFmawnsqVzpmaximwyZdb:12000000000000000000:OKDOT:CHECKMYTH
16ChHo4DFSyHGndfsNzvvdWVL5NXWT5peBkZ3r3ouApHsNZN:12000000000000000000:OKDOT:CHECKMYTH
16FJgZ8RdH9LN5Aa7z6teHhPhgd7JnyNbAU5zF5PcXiCDp25:12000000000000000000:OKDOT:CHECKMYTH
16ewjttN9ezpKRKYVDuEVWubCSuzX5ejfYXoiesiTgGc45iX:12000000000000000000:OKDOT:CHECKMYTH
1HEVuumGBiqT2chNNA1bmN5B9PcCRb2ttLPB4Mr8CGsPQLB:12000000000000000000:OKDOT:CHECKMYTH
13i9UHQHg2TaqXrkFBspR88T3hF6ZtRVCMBPCBXmd1aygTvv:12000000000000000000:OKDOT:CHECKMYTH
14XrFfX3WZZsypxDa1HpbnTdVfun9EHM7F5Xm4MHs6TTAh7Y:12000000000000000000:OKDOT:CHECKMYTH
14q2ZDSksq2T25BByxZV7krmVRBMAwNw3SaBSa4SsQeZTKz2:12000000000000000000:OKDOT:CHECKMYTH
167ayLGYoJfkHYv1oSgFA56Ya3cL2DMDjNCpqZkMJ6Xbf8zF:12000000000000000000:OKDOT:CHECKMYTH
1284QwK29pwynKHv7VkacR3f8amoXUZUzorvrJ9rdAkWnxLr:12000000000000000000:OKDOT:CHECKMYTH
12bszdXJCqENoaEjZ7jFtzwYtUuWo11wtnGwZi4sUbanjt9x:12000000000000000000:OKDOT:CHECKMYTH
1qCsTGEYNfracKtbVtVtYStEFShqk52YeZisX2uGaYPPLrv:12000000000000000000:OKDOT:CHECKMYTH
14vHhH8GsxtZk7FuE52SH3uX56gnuEY4frczinhnGsCYGQ16:12000000000000000000:OKDOT:CHECKMYTH
14b7SEp5MJp3oqkWXWMxuxouHwMffuPfejCRoohMxoFQ28JC:12000000000000000000:OKDOT:CHECKMYTH
16Zr6bWuApmcMTmzjaVeYnf9NhFrFzkbtbJYn16AsFAmUPAf:12000000000000000000:OKDOT:CHECKMYTH
13GNNzFbcB581ZaWk2cBo6z4L4JdrFHBmHeMr6XNdSwHqMer:12000000000000000000:OKDOT:CHECKMYTH
14nnqaJSABEuUN7qEs3b2kKnQP8XweLN6ryzoUPYqVKCu5vA:12000000000000000000:OKDOT:CHECKMYTH
12RS8TiaZQEi2vh2s5b2gpAyM68pcGBrWc9wpSuTAptjjpcA:12000000000000000000:OKDOT:CHECKMYTH
14bJvh8UMxCdmM3r5AQmhAXEh1bC6SUDeHTmBybesEyh1N3T:12000000000000000000:OKDOT:CHECKMYTH
12FRsN7eh6ZFjQcYBvAXEKf7RQqKCouj1z3kVF35tEuT3BNN:12000000000000000000:OKDOT:CHECKMYTH
15D49HJCJ5qmVb63AX84kE2tSY8mLwc4f2djyqZ2MVeYtRr2:12000000000000000000:OKDOT:CHECKMYTH
14MF7nCMcgGSMae6ADNJ1rqWgGHXzrtxyQn9a8K4gFtUtB7i:12000000000000000000:NEEDED:CHECKMYTH
13QeFcjxWrcgTyjLsuQsXBibYoanfK5Yy6BJi4gH2Q5y6Ejn:12000000000000000000:OKDOT:CHECKMYTH
16Wwom3VeyV9E5y4fZVZ3Gvfy3B7RPAuCWwSBuY1EmSANV96:12000000000000000000:OKDOT:CHECKMYTH
14j14x9ohXCyenmRxcGdXdwHXqXNtaqUbDzJmNkbheAXppN7:12000000000000000000:OKDOT:CHECKMYTH
1oKqAboTWC3xN5tT7GvrXLue9ToNuieL8qto8j7M3tBcMwY:12000000000000000000:OKDOT:CHECKMYTH
167snYeQy7WgyxUtEkD93Sd5cA1rYap8Bb1EYTwThxcrng7p:12000000000000000000:NEEDED:CHECKMYTH
16Z65QRcPftfGVdG3UNJDjix6sBhiYdAp14thrPyMRodfP7Z:12000000000000000000:OKDOT:CHECKMYTH
12f9JAJB34DUyMSdsj6SFVNLPZNSs9eHCbizDDh1U7wBHnBM:12000000000000000000:OKDOT:CHECKMYTH
13S6oXaK79JQk23x7dvr7qGdv52txWWsj2u8M6DcHsKRfomi:12000000000000000000:OKDOT:CHECKMYTH
12Mx1x3TvrZvBSUrqqh15Fv95nzXC9r9cJCDQbtSuoooXJyd:12000000000000000000:OKDOT:CHECKMYTH
14mJTHEeAunWoxr9NPRK6CPaRUxKPBgtf6rMbuNfmdKuHwtY:12000000000000000000:OKDOT:CHECKMYTH
14zrPPRjsVXv53HkCUUJP6WH4GQc6iL5ETKWKgnzUtds8P9h:12000000000000000000:OKDOT:CHECKMYTH
14Huts3sm4HREsFVjti2kAvNMS4MquPVK1Pu774PWAVV882E:12000000000000000000:OKDOT:CHECKMYTH
15gJ56FvrZbVvctkH1oacgA3vwSu5ecWQv4HkETZE8JrvhdR:12000000000000000000:OKDOT:CHECKMYTH
12UZFy2ZBEgdPpsD1L38C1mffYKpS1Ab1QFXNQXSiaCzqzym:12000000000000000000:OKDOT:CHECKMYTH
13yYnsak7ET65pqgfnDFeTDYDWK2m6yiKEGxUoEEFoPeXQpu:12000000000000000000:OKDOT:CHECKMYTH
13QWcsDFEkdpGg2JnZFmhSkdondkaBjsi9in1TWGg7Av5qef:12000000000000000000:OKDOT:CHECKMYTH
121tdTdeB3eGD4fRu8XyPTwCsHzMnssgf4QmhV9kb7Uqn3wK:12000000000000000000:OKDOT:CHECKMYTH
15Y4ctJqhkkeiR2xJXEzbPfyykYSAuiGyr5D6HXiGWegWwYS:12000000000000000000:OKDOT:CHECKMYTH
12wpyoGGuKXcJ8npJHMmYqTycW3LCcMJW72HaSWxC3MJcU4H:12000000000000000000:OKDOT:CHECKMYTH
169riffvoctWWMeFqMPm6Nq2e2yskgzoFsqHeH1Du6aqgFzC:12000000000000000000:OKDOT:CHECKMYTH
13m1t3njfiunbZ8hHxZNCK8YMZbLapWRzp6ytMsXacGUTumv:12000000000000000000:OKDOT:CHECKMYTH
13HdiNsxqAxw7xn2DUARBd9QBCJMdnHUQDYbfDtxwrBk4sGQ:12000000000000000000:OKDOT:CHECKMYTH
1w6Kmb19YzwMra68F9GEvmddTfGFHy3UgbvjewsXYS6yNHb:12000000000000000000:OKDOT:CHECKMYTH
12oqoePXxXm4usToEdM17nTqb5MFWdKVbmiQQ2WyMP4fdeLH:12000000000000000000:OKDOT:CHECKMYTH
1ihNJoPdhVSjC5rgLHTH8RM1ivyLqq6MC6kRVYMufewEwdu:12000000000000000000:OKDOT:CHECKMYTH
165ULZ93oZ49w8xV6W6HkBJMysW41W6ggq4S3P81Jhs4v3b8:12000000000000000000:OKDOT:CHECKMYTH
14kto4daSxg1bPzbywGpxYM41TDgQN4nobpiCTP6fQv3Sip5:12000000000000000000:OKDOT:CHECKMYTH
16K2KSdocdhHSgE1yo9LgzCUXEhrHL1GjBW2cdRavETM9dCA:12000000000000000000:OKDOT:CHECKMYTH
15HNZKMMGuo1Nf15iNATyMSvYdum35uKRppzrfzJSh9LrQrp:12000000000000000000:OKDOT:CHECKMYTH
15koHfkyQsJ1hs84sNFcQHB8CDofnWRhGLDGe56vhPcifKHh:12000000000000000000:OKDOT:CHECKMYTH
1cdYnJEn1WF8sdGV8xpW3Lgv4U1cuUjUbscddD7LMBMUKMD:12000000000000000000:OKDOT:CHECKMYTH
16rW7Khne81NL85k7dZe91XCULeHb9ie8CFJtYbT4fVkUZM:12000000000000000000:OKDOT:CHECKMYTH
1fXavw62ZFj22LonGPFrzW4E7HkozC2M1m9EhkN3zX46cvv:12000000000000000000:OKDOT:CHECKMYTH
12dtEeauRhZzxBvNtknq9uDEHDbJYN9DVSiqM7HMkfGyyNsu:12000000000000000000:OKDOT:CHECKMYTH
16M6DwsvLRE96NLv3icwtdieUa5ko6iqqF3qykf2xnYPpmmM:12000000000000000000:OKDOT:CHECKMYTH
1PFf5NAddJLC2ijmnobmoboPZcryNCoePuJEUcsk3wMgzy7:12000000000000000000:OKDOT:CHECKMYTH
14sboG8RHBtytzFTpG6pRDzPk9wpRegSQC8NL4KWkyfq5Jz3:12000000000000000000:OKDOT:CHECKMYTH
15srs4f9Fy38We485MyHZkHVn7t5FbCMiy4vDVQMynPgb9iv:12000000000000000000:OKDOT:CHECKMYTH
14H1ndRYsEhh78tn32bZyiiTTTf83FH2xnerK36gTjaRMBj1:12000000000000000000:OKDOT:CHECKMYTH
1521rka7aT78AYKZ7DEswTNttS9usLatZxuvmxSwS2DFVPNc:12000000000000000000:OKDOT:CHECKMYTH
13EqD9EHucYed7CxN8kzz5fDed11LRrchHceGgbVDjLMjqU5:12000000000000000000:OKDOT:CHECKMYTH
18Wfm4A9vD1h2RFz449pk2U2KW3gXyDaNVe4PohKkYhiAWs:12000000000000000000:NEEDED:CHECKMYTH
15yTVXuU5AFassMB2nMPVQ4TQF7iLeK3QTaBFohT7jk9wqc9:12000000000000000000:OKDOT:CHECKMYTH
16TTYcCVTMtdvEGH6iSXDSswc6iRbhwKHgvudLGhuBt5GJQS:12000000000000000000:OKDOT:CHECKMYTH
15y6Ghfump8S4GEit6kRqNT4utCjuf85Jft2R3njsuG9MPqW:12000000000000000000:OKDOT:CHECKMYTH
15VmA7VwEgunRMvp8m78xxiHVQfyuVoGVwesGn1TTMF7KBJ6:12000000000000000000:OKDOT:CHECKMYTH
16gSwEpaZNJB6EboaAZyYw5RJNokH7uTmbRSLBXTQdscFV5d:12000000000000000000:OKDOT:CHECKMYTH
12J4rfXcmNhUPMiKx6wv27muGwJZKgWXCVMVL7cHKiqHUax7:12000000000000000000:OKDOT:CHECKMYTH
15wGFmESuwfsrLfkKFPa6LJwuiM5Mvrq6ZJUB4JX5Wjbfk6n:12000000000000000000:OKDOT:CHECKMYTH
15fHNhcb2YtdamJTBWHBNWzUHgRgnSotScetAQg2C4GLPoZt:12000000000000000000:OKDOT:CHECKMYTH
12VsK3DuTQAHzCSQ8qmNvqwsS6Mwsk9HmotqQJTW8NUxPFB1:12000000000000000000:OKDOT:CHECKMYTH
15GUnZrEcyJabb5pCjkRpQvhrQBLwTr4H2VFYXg5FJX46EP9:12000000000000000000:OKDOT:CHECKMYTH
1562G9GzKr8MSWjuHCWDcHKi96pYK64ihAuozBMrUog5Wy2x:12000000000000000000:OKDOT:CHECKMYTH
13KC4PfDcQG2KEFtwR27kderyUpgF9WhRFKknHeUJjviZnb:12000000000000000000:OKDOT:CHECKMYTH
153Acf7gMYQ5jQ5KQgDiZiX8izPxqtiyensnx9amsNwgGi6A:12000000000000000000:OKDOT:CHECKMYTH
13fmmKtVkafSiTTZNH86wbhSz75GEVhQEBJounFqfrmWjTM7:12000000000000000000:OKDOT:CHECKMYTH
167LC4uPuJyVupnesrL1SQQvZ9dSuwXNqFo9PwMSiu2wbvYb:12000000000000000000:OKDOT:CHECKMYTH
14Ukco9mgY5RsWP8QNsjd2xTNLNkBpjBcJmp62Lq9vsgr9S8:12000000000000000000:OKDOT:CHECKMYTH
16YabcfGAvxXyCczQHvvcUEsn46TWu2xdiQ6jmfpSxuUgzxB:12000000000000000000:OKDOT:CHECKMYTH
15WFYZBH5xbA96du8ivCob8umWbTfpA8aiwJrALDHEkrTUqZ:12000000000000000000:OKDOT:CHECKMYTH
14azHZaipxcZvjpt3Y6Uxjf7ZAj4iHyuczEUz3a8kBuDMwow:12000000000000000000:OKDOT:CHECKMYTH
155irGYNbqrNxWV4XGMT4PLfudMCzQexfnmGxmiWrZEc78pd:12000000000000000000:OKDOT:CHECKMYTH
155x39H8uKqJJVWYEqbQ7vVMVEmDtYisKRPRZAjR2bjGWb9y:12000000000000000000:OKDOT:CHECKMYTH
12tpHG3njuw6XqxYepAtRtxjhsM8bd3avg6W3jszjdWLCBp7:12000000000000000000:OKDOT:CHECKMYTH
14zrNUmkCa9h2ZY5LFwhKKKEZxbaSb3ELkKJT5YNcK4ZxrUe:12000000000000000000:OKDOT:CHECKMYTH
15JhpMdnnAByLmPEV6ZrRbCwhnnTpvtsqYZSnZZS7f9f9nhj:12000000000000000000:OKDOT:CHECKMYTH
17stVzutXvPWuxUmuZ39gZdvSWUD5kxWdRp2viEsPvLSuYU:12000000000000000000:OKDOT:CHECKMYTH
14t7bFpn6wueGdyv2ccA2cwBCsmo6yW2ZPhQUKVT3q1j4WRm:12000000000000000000:OKDOT:CHECKMYTH
13Htz5qu5hdViCFGbTkgiHfYH4cEWhscRXHEBJBzMhtv95Hk:12000000000000000000:OKDOT:CHECKMYTH
12mBQh4ymFb3UVMAztZUqsvvmwuQdC9Hkg98Xsav2XtgChFg:12000000000000000000:OKDOT:CHECKMYTH
14reB6i6BgiXjzyJNXfDHKWSryG7Ccge1MPW6pvYoKbUtNUL:12000000000000000000:OKDOT:CHECKMYTH
16iG9bkHwKe4F3wcCZWXSGdZYURMWLfPqyn5MabUxBnhETk9:12000000000000000000:OKDOT:CHECKMYTH
12SMJcmFQ2PWYSYnYvmCgbUnjyv6NhqBeEyQpy1nei5Her52:12000000000000000000:OKDOT:CHECKMYTH
15ZBKDiZ3fnokg39yeugUkkrrVQiuVgGyh5ALFueiLLfR5wg:12000000000000000000:OKDOT:CHECKMYTH
16HYLw8j2fYTgqVjnHEwx9jU9cM17htrkXgW89zBDz5KTmXM:12000000000000000000:OKDOT:CHECKMYTH
15XyVejVsieH9B8PbLCKTMR7LkDjpoAa4fYMfivw3BgWCJpq:12000000000000000000:OKDOT:CHECKMYTH
1XpDWGwF6gwJ9zBpFCJryy9qjSStv55wqhSUeeEFGdMsD6F:12000000000000000000:OKDOT:CHECKMYTH
12hrgDs4fSjN5Pj7BcFVMKR2ExjLWuB7BwgBpU7qznwbPmPZ:12000000000000000000:OKDOT:CHECKMYTH
14i6y9w4tmWxLPjCoKDVDcuYYUyX4TxcBrPZVVuPB2zD9VNs:12000000000000000000:OKDOT:CHECKMYTH
14JDhNorUHPGZR5rHnvMZK2uUiQstLQqPYfcY3GGuf1b5tna:12000000000000000000:OKDOT:CHECKMYTH
1bfr59yc4jyuN49T2xiREnXnKrGfNEPM77Y2GeD4TcbGEYY:12000000000000000000:OKDOT:CHECKMYTH
14CB1zPpmVG1hSwdDeK4yjK7LdUQc98zEtPMzrjXqXwxGjg5:12000000000000000000:OKDOT:CHECKMYTH
1As6owAEbjPEn3RCJtFH2QcPp6SJ916PSkvK1eBX52xrc46:12000000000000000000:OKDOT:CHECKMYTH
12hAZYXw2A4xxFVgu9sqvS9GppjyLP1ETkU9t5GWVnehyLtw:12000000000000000000:OKDOT:CHECKMYTH
19j3saojuPMMKG2gSx9zoBtg6u323uAQWGTpQL24DGZEG1c:12000000000000000000:OKDOT:CHECKMYTH
14zi6EvCSycFhgo9ninCG81akapapvxUHn7ZfSdkERBy2XbA:12000000000000000000:OKDOT:CHECKMYTH
14Mp3fRA9kc5HYpRkozPKVVPAfpR9sw8dcd31A5b88XxJGaz:12000000000000000000:OKDOT:CHECKMYTH
13H2jGxPaLzqWnadm688keNpKECZtzbKXucaEyFb6VZuphbi:12000000000000000000:OKDOT:CHECKMYTH
14FAP9rEExKbVDGuLP4L4cds8wS3kFdFHYA6VdhvLKe4a9BW:12000000000000000000:OKDOT:CHECKMYTH
15HQiCsuqvR497xLG5kc6wigLV5oKY4hWhTeckoK2ayugxPM:12000000000000000000:OKDOT:CHECKMYTH
13SLHARMzRW3z3xhGW3Ai8tFH21h5v5wsBwVxEqwZPuQnzpU:12000000000000000000:OKDOT:CHECKMYTH
12ea5QPSURrhBnEsBLp7LUDVkh8kdZtxPaidbg48GXBAUywx:12000000000000000000:OKDOT:CHECKMYTH
1D26cbxcrVjQ1BFkJ6x5eV2JvihVTZSQHe5qsYHTua3snrk:12000000000000000000:OKDOT:CHECKMYTH
166PAycK8pYsNsWVyBwhmYDTJN4zCcXQ42QXmAmXeLxj5iao:12000000000000000000:OKDOT:CHECKMYTH
13MrqcpauhpPeDjH6M4UN1zvWxQZdVoJQNL5s36uHLt1MLNi:12000000000000000000:OKDOT:CHECKMYTH
1VMUhugYiTgNDhcgf8Uu1s4u4wJTANYv3WUQCMHF4u2Cmsc:12000000000000000000:OKDOT:CHECKMYTH
1NCs6fRLu3AX7E8zrCXhXenyVyoTfvxzt8JdFu9HCmM8g7d:12000000000000000000:OKDOT:CHECKMYTH
15h9ZZw993KbiYEpktMEvUALqDJZzt8LPjMbRmT5J4PfiHSd:12000000000000000000:OKDOT:CHECKMYTH
1n5rqtQXBJKFw2okcddfTWXZRuhWPappe2KrPEJ27z8N8AD:12000000000000000000:OKDOT:CHECKMYTH
1Ndj8sUhYxDJMYhVAz8GfGcN2yRhzeb59ZgN6sVTpFsUfin:12000000000000000000:OKDOT:CHECKMYTH
1426Qti6nm1iwcLFt8SjhqcuWBVr1TBfzCdu3QzxGxrfeju1:12000000000000000000:OKDOT:CHECKMYTH
15QRrvvoSrR1AU6raGtSmE6u1zki9H4RDd8wF26wbPz6ETGg:12000000000000000000:OKDOT:CHECKMYTH
13vCqZHkaSo5BxU2epNRAmtbtcTmvcxfGkp6nibgQGDhVqrj:12000000000000000000:OKDOT:CHECKMYTH
12TUFgjHWH9NPB4jGqikAPA4ikoyj69UuhFUBGkzjsk77w5T:12000000000000000000:OKDOT:CHECKMYTH
12hrMacDAqXMfERHz1wzgTpm23MYx2YkELTdTcuoHR6235wR:12000000000000000000:OKDOT:CHECKMYTH
16AhQs4Cua7Mbm6PDtcEc6N23Voce76V26LXQn52p5vUXDGY:12000000000000000000:OKDOT:CHECKMYTH
151321a8YCccTuDNS1fmD99qu6o1tkhNVwFnKrmYTYTT4Mkw:12000000000000000000:OKDOT:CHECKMYTH
127umU2hCFgwZSqTVcYiZ4eQ7n5W4JXLrpWzQTTPw6NAwqdD:12000000000000000000:OKDOT:CHECKMYTH
15k4jqdVDaNsn4keXntYEqTW2jukFbgW4AyackZx1sUtMz5w:12000000000000000000:OKDOT:CHECKMYTH
1YY66zwmLMAc2LF9Ebc6Cgfswb13tdSPt2bG2jvty6YFztY:12000000000000000000:OKDOT:CHECKMYTH
13CHhqnu4BmgQTyrVKdDPp4iBJHPfxyx7DVWCBuBjtA51fZG:12000000000000000000:OKDOT:CHECKMYTH
13Ko7PyHkQfKE3SR3AMSaJFhQj4yrvuFMu7HaMMTBduegSNA:12000000000000000000:OKDOT:CHECKMYTH
1cT8vfsJNTManEUpG7cvLajvw4b2roJb6oPzuG2bXfZ37gE:12000000000000000000:OKDOT:CHECKMYTH
16j2mSJjtWewqTpFpHZCXmQXSHJ7meuD3hUzYpnx42eoBBrv:12000000000000000000:OKDOT:CHECKMYTH
13dwsgsaFLmGnz6kkg3U4aNPa5oYAPxkwEqeAUt2JbFRUULX:12000000000000000000:OKDOT:CHECKMYTH
14nKjbhfKNeTyPS8iQ4wR56goP8egrQiup2fZtYu4YMpvK45:12000000000000000000:OKDOT:CHECKMYTH
1fYKf1yySq1rH6xHUoztoFoeX6tyP4G2HzvyJooGDD3XgPY:12000000000000000000:OKDOT:CHECKMYTH
16AULQvndW7hYCZQwUdnnsxUxDJK8VuFoTRiESmMaPPVSr5M:12000000000000000000:OKDOT:CHECKMYTH
12Uz4NscrWzWewn7usNg8iipU9R11GiGwaLdZvyEGbarkqWa:12000000000000000000:OKDOT:CHECKMYTH
13aXsKz39oUUP8RFFFhNH5bSxzPUTJGDmJBULEygkbafepV8:12000000000000000000:OKDOT:CHECKMYTH
14y8Yurj4vuAvMhbSXm7Y1gqPu99gWJZmTYwha9bJycXGGAn:12000000000000000000:OKDOT:CHECKMYTH
1zk37XYskoEfX5pYMeu8zzJXoqYs7gpn6WPVCNRWCQje4jh:12000000000000000000:OKDOT:CHECKMYTH
16DQFCWMn29X5r2YrRqWJSMdfR4SWd8R2TFFshLTv1qEZpSx:12000000000000000000:OKDOT:CHECKMYTH
1qef3hNFMqkeXR4Hd4gEQtHFc6hntPv8xpGQuP5JGbHgFJi:12000000000000000000:OKDOT:CHECKMYTH
16E4C9whyQeBLo2ZSjyc5YEFBCdWMG3X6xxdSagmDerT4W7J:12000000000000000000:OKDOT:CHECKMYTH
1V7bRn7PH26ka79H2tEpLueXYNP4gmt3cPusLbAkbjxVbeC:12000000000000000000:OKDOT:CHECKMYTH
15JmFSujEqBeNFbx7ZERUx7rPZHstYtmrwMzvGzUo8TAAdr7:12000000000000000000:OKDOT:CHECKMYTH
13JY9MmAdhg4GfPsx8d9kebbx2YE5jdkJur4DSHCPYyyHdvL:12000000000000000000:OKDOT:CHECKMYTH
15eo1GeHsZKF9jFe6ZePwH7TCXdm1QmRtYSAZq1KwM3DeFX:12000000000000000000:OKDOT:CHECKMYTH
13j2yCVwygoGnaBsxsSVt9m1giRxZ6eXYDdnX4jaAxgjeiYe:12000000000000000000:OKDOT:CHECKMYTH
13HvG6rvw2vUrBXM49TnPcswhZ2qUseEy1YLLu3nGi7QBgLd:12000000000000000000:OKDOT:CHECKMYTH
124KdMN7YDbrrStgj3Y8oe1PhKkiXdN1HaqUV4smYFHv923P:12000000000000000000:OKDOT:CHECKMYTH
14KKL4kkVZTQKz7MYrAbe3AFR4A31AAbVcBCYjSvsrDboN3B:12000000000000000000:OKDOT:CHECKMYTH
13ZR4zxEc8rC4Nvpnq35pAnajFx8JpxF93N3tu8e2mbFG3Po:12000000000000000000:OKDOT:CHECKMYTH
12bgdyPkvJEJ4dVuy4GYF4sSEpgv9Zx32AxLops5dC2pC8z8:12000000000000000000:OKDOT:CHECKMYTH
17GmNvekJ5EH8WiH5cctFJGFwrEKYBiPT6P9pbEspZZ75yb:12000000000000000000:OKDOT:CHECKMYTH
12EK9pGLkW2NuRkRp4dS6mS1iRGerh8Qt8cBxNy4A6ZW1PSX:12000000000000000000:OKDOT:CHECKMYTH
1227tq8FE3cngEKKkDDwXRWYqiTHBjpPpCy5CktWLzDYZfLY:12000000000000000000:OKDOT:CHECKMYTH
145NvvAQxdT3ZtjKDv1fbNjZRH2Xbm8evLYLUHoLV4SsUQzX:12000000000000000000:OKDOT:CHECKMYTH
13nSp6k2Vh4Bm6NZTWVV5PfLvYVqRDSJ4gUtYdZyjg7PCHbQ:12000000000000000000:OKDOT:CHECKMYTH
14EoXhjWBUnZtfEeJ7MBuf5XFxZ7nEiYRDWjor66HR2D2tAG:12000000000000000000:OKDOT:CHECKMYTH
132EQGyoxGQAzBpHifFbAk3TMDU45dkVnZSK7qQzHVX2rSMQ:12000000000000000000:OKDOT:CHECKMYTH
14TQpY8ULApHVcXq21f6hJoX71DqqXzAzF8nP6pPaZGCArEw:12000000000000000000:OKDOT:CHECKMYTH
15QUxXsbLTpXeBETJG6pJ6RdWdoAA5ezXY211Tn6e5iv5b8d:12000000000000000000:NEEDED:CHECKMYTH
169GQNrw9AYHSPcWgo8KRpWyyKuRPVzrVuGKTJ425YyRmqrP:12000000000000000000:OKDOT:CHECKMYTH
16UiykzULsG3kK7fDh36cY9iJgrsLJPz5hZjTbPDHyjXYPEy:12000000000000000000:OKDOT:CHECKMYTH
16exL6MvTNBBx8v5BMBE6U85M9pucpDSkA4Ng4MzDm83peQw:12000000000000000000:OKDOT:CHECKMYTH
12jnR9oAkzDH8hVsj7KUph9bqiDJBGPwwbs6juztnwVkyVKJ:12000000000000000000:OKDOT:CHECKMYTH
14Z3nEJq8qHehwTqCnmkix8CgpgaKXHc9cFdS9bbHssscTyP:12000000000000000000:OKDOT:CHECKMYTH
13sPBMh4282NWHn8RCNYcXMKSaBaFAZfwEcz9Aayks8r2pbj:12000000000000000000:OKDOT:CHECKMYTH
14SdzVQRr3ga6zcLjHixPn6WqB5wXg31tZJVVojg6WCkobzy:12000000000000000000:OKDOT:CHECKMYTH
12QHa9Gs2B3qLgHCLgdvevS2TpVXHAuEBHq92DofpWJSMHZx:12000000000000000000:OKDOT:CHECKMYTH
15eeAMy3jcrX6JFoJrxTEYVTBksoUMQ7obNw7RL2g9NvaL8H:12000000000000000000:OKDOT:CHECKMYTH
151Jv8eqH3tEvPvVHWQRwphXRNAafe9aGeZfqfSAwp4Zoiqe:12000000000000000000:OKDOT:CHECKMYTH
12fHZcdW1obFcTSryY5vfrsyemFGTjCevsTSXBFooTdGqqEG:12000000000000000000:OKDOT:CHECKMYTH
1h35xBGwb36WCt68g8vAKeuVok9izcvds58py6HuYbgvNfJ:12000000000000000000:OKDOT:CHECKMYTH
12TA17jpf4YquTQnGAvkrWJqztq5651Dwyy1eB4ygSfdFqgy:12000000000000000000:OKDOT:CHECKMYTH
14E12H87rqWCSUeg3BYFVdHVp9jh3WxrYjh3LWDPgpyHnZNH:12000000000000000000:OKDOT:CHECKMYTH
12P65F3wpjfNhhKjTtBkxhjf1DH114w8fqV9UXUMJgjMoEMT:12000000000000000000:OKDOT:CHECKMYTH
1683jaTru2n3RAPTE2k3HWPjBdVodxLzWP1EYbhrNCh4pkYi:12000000000000000000:OKDOT:CHECKMYTH
1446zbPa3KpvQmk2SwmTwc5XjpWw4PKry3Ldkv9JP6YWjSip:12000000000000000000:OKDOT:CHECKMYTH
15txPiYepaa3Cd9P1SaLZQEKrn1vxFVpwi6TiYEEhhRkZxuc:12000000000000000000:OKDOT:CHECKMYTH
14ULrcKoJLjhp2oF8rvdNgBxTosH4CPzkPrexyF2YqPCfDoP:12000000000000000000:OKDOT:CHECKMYTH
12KgpyboDkXntQkmdZpwWjX4om5hLgNiuUmKwYTHHumsP7iU:12000000000000000000:OKDOT:CHECKMYTH
12rRVcYdPbRcBJxoXNhcy5ZJqTaCnoe2qJ3KyWFyamVCmKKu:12000000000000000000:OKDOT:CHECKMYTH
13djrrFzjeWKuWUzmZNd1WNRcLL7rHtWEniuV5MCGrZCJCW:12000000000000000000:OKDOT:CHECKMYTH
15EaPX18GWsc74DgjkXKh1PboZeW56AhNVSVRo55yTGYoCvk:12000000000000000000:OKDOT:CHECKMYTH
1J3bzdWbMLudMxocLp5brYdQvvXS5Gcf6rFG9jbv2tdDmGa:12000000000000000000:OKDOT:CHECKMYTH
13F9TJ6sVKrSgF2zL4MvaPNCbYkCJDwBrTJRyuvBrwCygzBD:12000000000000000000:OKDOT:CHECKMYTH
15kNv6XaN75JQaJMhdEXRzi9KDFSMQFefWWNq6ytFduS9z2d:12000000000000000000:OKDOT:CHECKMYTH
1w6da5aX1bPA4u3wQz1pRDqCt7mLSL1DKCyp31NPfyx29im:12000000000000000000:OKDOT:CHECKMYTH
16H1pqFrTSPTTnCWkqRULu6m2JEta9mt42TXKrSTsguH2Cho:12000000000000000000:OKDOT:CHECKMYTH
14RVfdbrXMJMcy77AkGnsNYuJZvyDUGgi3WRdvi1ZcnQteEY:12000000000000000000:OKDOT:CHECKMYTH
12ZXwV7fzx92uVB8jv9qNqzP8R8YwhWcrRD9LwRDR58oQeVy:12000000000000000000:OKDOT:CHECKMYTH
13Si1DW3f5qxtLpcfLQEqoErcb7LieL84om5XTyVzRSD6FhN:12000000000000000000:OKDOT:CHECKMYTH
14D4thYh6jS7Qm4AgBoB2MyyDRY8pd5L4aUVdG4tXUSqi2e:12000000000000000000:OKDOT:CHECKMYTH
128T3c658hgPLfg6QVPkWebTjy7scrTkXXxhFZtRspeiyRRa:12000000000000000000:OKDOT:CHECKMYTH
13oJPhwf1LdN2SgCPwPQ9Sypr5v8LQxJUphDp2vPW3EaxpHV:12000000000000000000:OKDOT:CHECKMYTH
133kqT4PKW5Q11cykgerbHz8XtC4mkz25aBxqYEJWmmHSFSj:12000000000000000000:OKDOT:CHECKMYTH
13Bxkesu4zW6sFEf2YsovgJFRJbyJu33UKjEHESeBKfj6LoD:12000000000000000000:OKDOT:CHECKMYTH
1RAMPb3rSoyPCBtrNCsiPoSTVbjLm25aCFfHzZVA8G74xTn:12000000000000000000:OKDOT:CHECKMYTH
128yZfUEdFv6w4nWhrVWTgPWXBkF12qRUYmwsrXL66vKYNHg:12000000000000000000:OKDOT:CHECKMYTH
13BDh8LyQYYn8kvkfhwMSiHWh3YYcHAdP1ztPxy4dwL5RGFv:12000000000000000000:OKDOT:CHECKMYTH
123MuWs87wvBKfvKURfQdLKHuqCqsMovSAvj48Gr6bX27xic:12000000000000000000:OKDOT:CHECKMYTH
1chgBFULfsrpSdndZBdw2D4FA1rvXsixFxu77Wjqr8HQtUb:12000000000000000000:OKDOT:CHECKMYTH
16SCxcYEYYBLU7CyV1JsbvhjxNJEpqFCPEnLWtzs6jT1fwW9:12000000000000000000:OKDOT:CHECKMYTH
137EwsFi9V7XLF9NaocjzKN6pyzomxX95qL6mUWGVcfqecsg:12000000000000000000:OKDOT:CHECKMYTH
12Do9Qyz9Fdmyt2kqYKuFXpe46p2LddXxDgpy2gAm48Kt38V:12000000000000000000:OKDOT:CHECKMYTH
16i18yYfQgjaRu6CNx84cckeYeYimfSdDRz69FnHKLJU9gpf:12000000000000000000:OKDOT:CHECKMYTH
15tK2RXjLy7Gz6KjLHn5jJEoa8bAjPicpCH6LMqT7KwAjDYg:12000000000000000000:OKDOT:CHECKMYTH
1MKUbYowK4e1jLMJNetJowytvDFXmFNQe6j2FPNRAjK2HC3:12000000000000000000:OKDOT:CHECKMYTH
15BzvFPmBSxaUn9S1iRKcfmAyrpokWq7zoNcHeU9YeFU43M5:12000000000000000000:OKDOT:CHECKMYTH
1ovD6CBbixFWgTconH6wgLuWSxhbcZUMTbLZ4ZHnuz989n3:12000000000000000000:OKDOT:CHECKMYTH
13CkqmEEcnD2WWbBhUHJ1rjSGsd1pQ4fzwR94eFsmB4aTWpe:12000000000000000000:OKDOT:CHECKMYTH
16dPZqe4GVXQkiP5UGP5gc2ENF8EXAminBfsUSjePNjATe7r:12000000000000000000:OKDOT:CHECKMYTH
159c3uT6Z9mAZGqoJkAVkKSofAtnCC7EPdf9NcEdDKKa2Mka:12000000000000000000:NEEDED:CHECKMYTH
12Rz8bP2TVqYmnimBo9pgPf4WWyNGMw68S5N6EoWHU6dFAf4:12000000000000000000:OKDOT:CHECKMYTH
12Vow9aoSeuGhsYuM2H5vZNas7L52KKndupjRJbestBqBpbv:12000000000000000000:OKDOT:CHECKMYTH
15eYm8iBskrpkgdjiGArVpb5Gg6N5P7HA7u7NHYUY7T7mWCo:12000000000000000000:OKDOT:CHECKMYTH
13nfGoPbdzajMn81m1qn9p2uvCR558f32WF52LL2aKM41CUA:12000000000000000000:OKDOT:CHECKMYTH
1212VwMcYny5nHyQMLNNxdwhTNJnEDzoCCt6niETMGQNJfkL:12000000000000000000:OKDOT:CHECKMYTH
14hY2cDLsoir4WojWwuDu83du5pPtoE3LPT9kTCjGb9uEXXw:12000000000000000000:OKDOT:CHECKMYTH
12dxwUryw8oLKaKmHmKoT6KVpkkr1EFnvhVqgm2njMtckZ4B:12000000000000000000:OKDOT:CHECKMYTH
144Eak9yAFDeMvWQKsSCpXF7jcURvtM5rjWRntVdECJqWXzD:12000000000000000000:OKDOT:CHECKMYTH
15MjYfJ7LCWcWdwm3EdBJTbRFoqVMvder2ifLCaJh5jrr1AH:12000000000000000000:OKDOT:CHECKMYTH
132xtYZhkyTMMRoKYTvdosU2fuJM1P1MVrMswvhkyvbTSPfn:12000000000000000000:OKDOT:CHECKMYTH
15skJK13Eke85rzp13VZUMtzzVPSFbiLcaDGkYTnoknjgW5j:12000000000000000000:OKDOT:CHECKMYTH
14hdrXe2sScvuKkQDTFDr8bXGHHgKLTtWGb57zmnpkEsHRo3:12000000000000000000:OKDOT:CHECKMYTH
1pEt6oNeWYPPxbDsn9rMFkkLWfd88D27D2RBXaK3KkE2i7z:12000000000000000000:OKDOT:CHECKMYTH
16VSKcoXmjX8WfDYGxN4bRt6koVeDgg8ocqib7vNDD6nMNK7:12000000000000000000:OKDOT:CHECKMYTH
1wx9kYHb4F9c5KDZnG333xwGtHnAsewR1dG6Q9MjSyXWM5P:12000000000000000000:OKDOT:CHECKMYTH
16acVjs8Lm6GFtUQmJFGXUDiRU4nV2tHSys2RwHv2v6jkXNi:12000000000000000000:OKDOT:CHECKMYTH
15iUNwry2nMeELrwNArioroHbTTT95wzRHXtxsEGmn65ZjqA:12000000000000000000:OKDOT:CHECKMYTH
13p1PLVQCRBWzdyiXXuxvj8YNazuKi4YFpDoBDPWPYzj7Rox:12000000000000000000:OKDOT:CHECKMYTH
137X1djZQrG1gdbawEC99cWH3BD9MS9yLLKZrZxDfgbcMmmD:12000000000000000000:OKDOT:CHECKMYTH
1cFv3tDN1saf8nzxt76US41KjJtPdLxoD5aHAJPtspAH7iJ:12000000000000000000:OKDOT:CHECKMYTH
13LEhs4jt8TuPXLqyiMD1R497mYHUCVSAv7wShVebANzCm9f:12000000000000000000:OKDOT:CHECKMYTH
13bx7HVck592HVtT9grQZ4hrM5cMk4sMZ5SAizbMZifbuTD7:12000000000000000000:OKDOT:CHECKMYTH
12YkXmkQJxUtpFEUfRivCMQWvvB2HLvsVxPVHFY7yLhzEEZp:12000000000000000000:OKDOT:CHECKMYTH
12LCyYhrF8BrxsyGD9uYm8zgApLhoK8cTxDbJm3SPRDXaksN:12000000000000000000:OKDOT:CHECKMYTH
16nK1PW6Tnq2t7aHR8jMx5Vd5w1M14mMMs9w2BcoTyveVTvH:12000000000000000000:OKDOT:CHECKMYTH
135s8j11FeLjr9mHfza5gY73B2RHC7b1w4vDmPaTjmYhZyTB:12000000000000000000:OKDOT:CHECKMYTH
15UdWaaVyNEpMYEW9TWjSxqjn5D6KdXPxJeniqdEAG6h4D7Y:12000000000000000000:OKDOT:CHECKMYTH
1EqJNtigCn2e3TLU6ogF7X26puZBJogsvZcCMtaVEmisFRx:12000000000000000000:OKDOT:CHECKMYTH
15QkMWRmn9mp23MP65gV8qNMVDUHmejRQo3fdK22rMLL2osx:12000000000000000000:OKDOT:CHECKMYTH
15wDmNaGh2XPLLUVRnonieWj4iei8TSXQjGoJVQN8wvbc2mR:12000000000000000000:OKDOT:CHECKMYTH
1589Rj2LADURK4XNdjim7aKWgq713xpyTtEGhLaJ2ds2tj3X:12000000000000000000:OKDOT:CHECKMYTH
12tb9RWfT29TbYucZ86PP3aymRXZWtoHnLgEDLvPH68XxWGc:12000000000000000000:OKDOT:CHECKMYTH
121LWHo3TJYdvSuDVhdCY6P9Bk6Cd5wMkkvMnU5joWJfuWBJ:12000000000000000000:OKDOT:CHECKMYTH
1CUSKqyXT2rZfQvPgsoz76mU9Rnr28uPQTLAjZbPc8irDaK:12000000000000000000:OKDOT:CHECKMYTH
15vrK3SJig6aYLh8mi7VzVdL8QYiGaX3E3akf2XeStAhTQdN:12000000000000000000:OKDOT:CHECKMYTH
14yVF5KPwKt3q46yW6QB67JXjbSdHPPQSrJjczXPqJ8GuN26:12000000000000000000:OKDOT:CHECKMYTH
13zs94WVu6uAdFq9bmk4JaY7V7qX8Lm2NnyV2yH8u8c9ianC:12000000000000000000:OKDOT:CHECKMYTH
12wcGtAxGgXoftcsvaQJYMpyqi972XFMYSfxJcwJH7MnFRrW:12000000000000000000:OKDOT:CHECKMYTH
133EyiRRX5K3WwCU5Hu1hUSDSqQieYMnfDnDMiNCnyuiJXzo:12000000000000000000:OKDOT:CHECKMYTH
13Pmkf1B4tz2SmBvU7vmeN54yszUqBn7cMcA85xRtwyLYzQu:12000000000000000000:OKDOT:CHECKMYTH
12aHB6EVhrMTBFgSucbryu9pxDo5XXCfnii4HgNtbCdcyfyK:12000000000000000000:OKDOT:CHECKMYTH
112JsH3SaX8sQXyfngXmxbJrHtkc1nZ57GTSzJGEip9NEQSm:12000000000000000000:OKDOT:CHECKMYTH
1x8KssSB44A4BCJMisqNopkgxUZKDs9TQGRtjX71JTtvQme:12000000000000000000:OKDOT:CHECKMYTH
15QPnp8w2MhyMW34TtfwC13mHLW2c3XrmrCVm9GqgJgHXZpt:12000000000000000000:OKDOT:CHECKMYTH
12KoJGt3FrdgFqEzHdvZBxrziyBqF3kaABN9bA3ee5ZiKAPa:12000000000000000000:OKDOT:CHECKMYTH
15WNwUVLJxreTSY5pHkBhUgZnx2Eb95pyj58UdgTB6Yn43GM:12000000000000000000:OKDOT:CHECKMYTH
14U8H5Hy46uwneu9u4Nf4GvoBUeZgSxSxYMNh31aeDKRYAgc:12000000000000000000:OKDOT:CHECKMYTH
13SyGRtHYuY1iLfi1D62jXJH3qM2RrZcLiTEbqxbR4nQJKCq:12000000000000000000:OKDOT:CHECKMYTH
16MidpQDhmcn9evB5G5RTcQM1FTKLhgfEuo8EHeQtzVUzvvJ:12000000000000000000:OKDOT:CHECKMYTH
138QpKixruXNK1VoqESDxg8jaVDXu7jqYomkem4vJQdthkN8:12000000000000000000:OKDOT:CHECKMYTH
148Wu2EwGF1gjpuXL2d9ePWsZG845n4fVLahqu6dUTS17Bng:12000000000000000000:OKDOT:CHECKMYTH
1J6HFwqXC4jooTXUsdXrjMYwei2UqagRUVpFHW7hRYjuUav:12000000000000000000:OKDOT:CHECKMYTH
1g7n7bpubEdUcinw9jM9v5x1wYGdZtfojo9JjpGj8cmcgjG:12000000000000000000:OKDOT:CHECKMYTH
1PmoCHm7atTYhoZrNyBKhdVq8jnFenk5rfjqAcDmZtnJTmZ:12000000000000000000:OKDOT:CHECKMYTH
14fTDwWboKrMWBuxx7tx58tT4jANXuYhu4y9XjdJtApy5vhf:12000000000000000000:OKDOT:CHECKMYTH
14VDE5d1RtYuVtaavyaSRq7JbYVDwHtyWdcPzAp3LgzQopYS:12000000000000000000:OKDOT:CHECKMYTH
12ch25FsxVrS7hPKbiFy8a6bu8m6FYL5bKK6xh6oLFsxqQhr:12000000000000000000:OKDOT:CHECKMYTH
14om4dxkC4VHmReK6zy3cNa4Qfdw3ANnwgtcfeZrgL2b7dvb:12000000000000000000:OKDOT:CHECKMYTH
13jMMf4tzjMte2SGZezicK193ZpDHjhXb5EeESm3K4wTgq4z:12000000000000000000:OKDOT:CHECKMYTH
1HWuJUGYn8fc794PjHHPoTo9fwkkGUv8fyCW7c4A2xV9Tfy:12000000000000000000:OKDOT:CHECKMYTH
12geef1tSsk1PdAVdGdaGxjkJCa3h3NpFq4MoxU3KkssPfsS:12000000000000000000:OKDOT:CHECKMYTH
14wGjFdpTsmUNhreHa8VuSYAmEjSwYH88HFPaFxc4VJhV35k:12000000000000000000:OKDOT:CHECKMYTH
1GQbacX3CL8pywDszsz7CWfSR7YaKSzf3LFBEUSingUcbJL:12000000000000000000:OKDOT:CHECKMYTH
16BhdevMJ9QsX6NPv5VJG7CRH6fBNSNtGDSqSh2QA8wK1QFc:12000000000000000000:OKDOT:CHECKMYTH
16jwWF5XHMAVAN4JnRQnvwsedBU5HZDfHoFaAe5ecUNjYGp3:12000000000000000000:OKDOT:CHECKMYTH
15kYSmPEc43JrsJud7BN6P8ADP1eCcE4EsYYJYHrJ4gowG1w:12000000000000000000:OKDOT:CHECKMYTH
15XG5UnzZHUSKfujPQCDBeGvUD2qUwNN3An4VhSFiWg9fWQm:12000000000000000000:OKDOT:CHECKMYTH
13Z5VqB9LBuDWD1z22MjpcziAyjGrXFLc48WAJhwBj5Tq7WU:12000000000000000000:OKDOT:CHECKMYTH
16XNMtdxakj2nhbqDeD5ZWZj1UQRbtTW7NPN2jcSL3hEKbpn:12000000000000000000:OKDOT:CHECKMYTH
12DsszSRAewbVkkus7656Lp4cU9a88rNzfM9rtKDZCY7Zt5f:12000000000000000000:OKDOT:CHECKMYTH
12qDEwqeup6GkpJNsixewaKC4VZ82gvZen1qr8ynYxvDACzx:12000000000000000000:OKDOT:CHECKMYTH
15u7V3vf4dQ4eWg7PkiGLq8abAweYCLhkaZymt2nPkJgnZ4w:12000000000000000000:OKDOT:CHECKMYTH
12TCUCEFMaBacGxRFcivyXZ1eFSEVQDbonj5DJg8DAba2mgn:12000000000000000000:OKDOT:CHECKMYTH
14gScREmzGTntLwa3GEnCYodo1D1UFv1z33m1vw2iMxb7kvK:12000000000000000000:OKDOT:CHECKMYTH
14NiWJSwMHzMVCAiZ1t8gCtPuhvoeocghx1UXY3DXh7869ZH:12000000000000000000:OKDOT:CHECKMYTH
14QvX3sveGbxrqYm3S8yUDDvq4u1yntnBH3cqE4pps7mWRug:12000000000000000000:OKDOT:CHECKMYTH
12NSegW8mQgKCypokBHZ8po2QEirWgSRQtk2YKT22UvhtZiq:12000000000000000000:OKDOT:CHECKMYTH
12mjVQkhfPfXetCAdtU7CLJGCreUfP4751BhmuYhwmoV6MmW:12000000000000000000:OKDOT:CHECKMYTH
1g4diSoxtAzT1vDXXmNQyi5gJUhRyAxrwGYVyaXpVbHfPFG:12000000000000000000:OKDOT:CHECKMYTH
15utBKBeB1zZm1ZwBL99MX3CjWaerWjUsPtcXJjRSTbr9GFa:12000000000000000000:OKDOT:CHECKMYTH
13jS7w3efpWWvSYtQT5MerxaN3XfohjQ4C3bdU2WzuvkxfY4:12000000000000000000:OKDOT:CHECKMYTH
13NCLd3foNpsv1huPDzvvfyKh37NEEkGFotZnP52CTR98YFJ:236000000000000000000:OKDOT:CHECKMYTH
