12gwK443MjPNPtGeQXcFD7x3RS4bbC17RSNsgysiRk3mbVF3:12000000000000000000:OKDOT:CHECKMYTH
13QrvcU9EPy7xWMFmoG1R6kZmjBpveNNwzegvpxmQnojwCz8:12000000000000000000:OKDOT:CHECKMYTH
14V1tSjC6UeQ8yoUCQbzqF6zQEchMARcYBAYwgvaoPskLL1y:12000000000000000000:OKDOT:CHECKMYTH
14NEVu9NWz1j4WLR1D9tSjGCB4JTnz3t5VfrYR86ZzeJWB9k:12000000000000000000:OKDOT:CHECKMYTH
13AZDtS8VYK7cFhBAnGciycKXRsZMj79wMX8Bzu1rc8SZYmi:12000000000000000000:OKDOT:CHECKMYTH
14xgHRRhghB3HzvQNakb9wQGKmaLRKMUKmmDizPatnAbsJrD:12000000000000000000:OKDOT:CHECKMYTH
15zURT9ReikLAmnYym99pNRnzYbVRs7cMX7UiWFD2P4iAiVF:12000000000000000000:OKDOT:CHECKMYTH
12gSiiFXgfAr3s22MZUoTLQePK5iWKfsMJWgkcSUgEiZYaVF:12000000000000000000:OKDOT:CHECKMYTH
15Gg2Sp3YX3kpFz4UsqpbiYcLdwcrViDWe5XWsMP3XFbwhFK:12000000000000000000:OKDOT:CHECKMYTH
1d7ZBkLxfyf5TLQwe2HL6UgyaGXXh9WKFfdYcTYYdKBt57q:12000000000000000000:OKDOT:CHECKMYTH
1YfbF1i76ggezSjQytC76Q8LzkqNWKZ1RpdppQ4asGa8ran:12000000000000000000:OKDOT:CHECKMYTH
14tgmVuje4FpWHf3c5R8xWfA4dbteufv5sdWkWHHs1ZTKrxq:12000000000000000000:OKDOT:CHECKMYTH
1pgRqC145omipQkH4tMKNhszDSugutntYodCjWMzjapt9P5:12000000000000000000:OKDOT:CHECKMYTH
18Bw9wmWAQiBeGNmfUYxRpSN5tynL6P7KH1a98U7HXTkNAZ:12000000000000000000:OKDOT:CHECKMYTH
14Cm5ryoob3vUkosh19ers51ikrtvzhJyzmCixuurx4LHDvN:12000000000000000000:OKDOT:CHECKMYTH
13dn6BuzCkrX8VEhn9e41dzDNSiG2d8nLvgP7QPN42fThwNx:12000000000000000000:OKDOT:CHECKMYTH
16L6wnCK8A7K8egmwdCSUFV6LQJ28j1pULfherf7on9fkfUR:12000000000000000000:OKDOT:CHECKMYTH
13AxYu11vzQkGNtjj2eYbaTRCxtjJhwcxin35ett3EdJzuAw:12000000000000000000:OKDOT:CHECKMYTH
14Av2FeE9EAWEzUN7icNH1T4RCHy2FDYzcf3w9gTcP3jD2wE:12000000000000000000:OKDOT:CHECKMYTH
15CFdjcMaQo4EFPwF6KsyjLxYP9of7XJsXzPTNfvJ3FWTvtL:12000000000000000000:OKDOT:CHECKMYTH
1SkvT9Fb68uJopg2bpFykavv8jKxE6nUxS3eFfjhAD9qaoR:12000000000000000000:OKDOT:CHECKMYTH
12KQTwh33bdTFoBKxwKhbTkrbGTwxFFZF3YtLYPfBs542W8P:12000000000000000000:OKDOT:CHECKMYTH
16asu39Bj1ktoS9Hugi8Bq4aJkJ5Fjm4RHNQhMTjUZfcBxjU:12000000000000000000:OKDOT:CHECKMYTH
14kX35tWcWyF13SMj2r8smBabW45VJ2a7WmXrKjmu2z45vct:12000000000000000000:OKDOT:CHECKMYTH
14EGLYirNgydEusoKhrmVsGPSzsBfsLcDjFEt4nFnXM4WQin:12000000000000000000:OKDOT:CHECKMYTH
14op9SMtQYRV82CJofcviQHhnTrLYz4r4CAz9Khk7TPdN3KY:12000000000000000000:OKDOT:CHECKMYTH
12sPRWGpuQuytEiT4Qyy5UQjpRMVLgo9rKb5Wr6RNfxpLJPR:12000000000000000000:OKDOT:CHECKMYTH
14QLqdkth4m7dZo5HqHrTnfZFzaQdNL1h2NT2x3oij23qr21:12000000000000000000:OKDOT:CHECKMYTH
15P7rQLbXMAyVDMSNWqwV1UeUTP2TrufK5VEiZUZqVfYyKb7:12000000000000000000:OKDOT:CHECKMYTH
14r5zExasMpMQP28UgsJMeZbmGbtkwZeSSKZzRHDKhdANcci:12000000000000000000:OKDOT:CHECKMYTH
14nonvdHnxDcE8L3rFMzTkeD61XEAwRCB4vr8D3EAWZsuFPV:12000000000000000000:OKDOT:CHECKMYTH
1HF4FzX5qfTC9rutQrMks91k2kZvhogV49FkRdugasv7MRD:12000000000000000000:OKDOT:CHECKMYTH
12Td4XhBUomReXQ3QiKComXwsgjBor7435tYRMLihahxBehi:12000000000000000000:OKDOT:CHECKMYTH
14RxzXDE2MwVa3fehmdSeKj1yS2XAHoSdUEhWuNzFMEwUmgs:12000000000000000000:OKDOT:CHECKMYTH
16Tic3oBxMxrKooqgrDjcucKj498qFRfffCoMi6vgABinYr7:12000000000000000000:OKDOT:CHECKMYTH
13SZwgASjhKXc4vEQL1ccnQ39Cu9R5KSsFdxotuY9zRmucfG:12000000000000000000:OKDOT:CHECKMYTH
15pQCjN56JDouUaYjySWzco4ybTGhLE7EEArCuaAetyTfsUV:12000000000000000000:OKDOT:CHECKMYTH
13cEty1hwhG6crD4W18JSKFA576Vib48fomDRqsCQLqVW4PS:12000000000000000000:OKDOT:CHECKMYTH
14sZ88WLTnMHA2NfR75aAqohskW9pSHgnJ9QHuMWuRJWMdfW:12000000000000000000:OKDOT:CHECKMYTH
122sgC3cUUmnVVNgYJp21x52NpABuqpfatCFA6pUsiQMFe5F:12000000000000000000:OKDOT:CHECKMYTH
13ArjBgCanZ3iQStesnCTqwdFq1x2EM7NA2pNW21zZ3cnDXR:12000000000000000000:OKDOT:CHECKMYTH
14tawRvxGvwQfzsSMhAXJxBA2PsW6FbMbr3YeU6nD532cHPb:12000000000000000000:NEEDED:CHECKMYTH
14mQ7ewQt2k4rXG5tvk9YG1zvXhQFQVFi1oYJSpPV56uTx15:12000000000000000000:OKDOT:CHECKMYTH
13tkmDjK745pzU5kWBUJrczkDe2YEmQwqZBfNpCgWDb5Dad9:12000000000000000000:OKDOT:CHECKMYTH
13MYnWvibEqT7cU7U4RXydjogssADHvCgwmx9mbB9CWf8qfq:12000000000000000000:OKDOT:CHECKMYTH
14b36tPEFH1dZY7Ejxbm8toWDGm3TcPVoLEE6s3xLyf8PT6H:12000000000000000000:OKDOT:CHECKMYTH
1an7aTUGX7xGjJTNeijdQC85trtzR51LmcrH4syXpW3mfz5:12000000000000000000:OKDOT:CHECKMYTH
16iLJjyGZh8hY9qjBomBWoBEidenj9P4z1z9wFvjr6LzpBSA:12000000000000000000:OKDOT:CHECKMYTH
1BdBKADfGVAwoN45XAYzhtFNw49nKV1vhdWnvbU78xUKFtJ:12000000000000000000:OKDOT:CHECKMYTH
12TdX89diw51L6mPXkxkRndFzNxGZNKtZwddoLM6k2zNmiQr:12000000000000000000:OKDOT:CHECKMYTH
13JgFaakcKzBwuQFN1fXJa8Z4CQk6qaVAwNQCegEQcL8UQLu:12000000000000000000:OKDOT:CHECKMYTH
15Qn2YyzXuQdBD4NtQvB86H2cXyzSxH8gR5b2Foiz2Q4AFPY:12000000000000000000:OKDOT:CHECKMYTH
12aCS2YeKbsBCSGwAHaZjW6HejPPMofUt7tp2zRkuERpeG91:12000000000000000000:OKDOT:CHECKMYTH
14szQujTGi4BpC8zY9Tb1vdYJxckH4CP8Vow9YDmti5h7nbX:12000000000000000000:OKDOT:CHECKMYTH
15hogXu7jgpGz6CUN8T219KGJfwcLpUwgyySzSoL1nt4FEPa:12000000000000000000:OKDOT:CHECKMYTH
12wsWgSp1SZiuGNyRX1CFtiKuoPFyTNsMi1YeoEZiFB3nuHj:12000000000000000000:OKDOT:CHECKMYTH
12wbk5sufehQ8aziFAG36T2pKQLgWYfpg2hrv9akZjCjdLQF:12000000000000000000:OKDOT:CHECKMYTH
12keJpxN3JSXCxFFuEtAwUdvLBMtexvQMo5icBCC9BTfS74U:12000000000000000000:OKDOT:CHECKMYTH
16GpXcztVe9rP6VDepRWHSvc1yjSdKuTvLHczagz1cHghs4M:12000000000000000000:OKDOT:CHECKMYTH
13rX1x1SrBEe7g3KXAXVnh6kuzBjVeEYeCpYi2B15FzzZjFF:12000000000000000000:OKDOT:CHECKMYTH
137fNUNZ6d6z6t2pRroCkZ3vJVisqCyrUxPGtrduuvXYbxrw:12000000000000000000:OKDOT:CHECKMYTH
14i7u7AZDXK944RyA8xq98D2sVVMmBZ7sZVZ42NqcjPQzNRQ:12000000000000000000:OKDOT:CHECKMYTH
14F9AoLpvNDmXjBUvHZDKDP3gTMU9qFjkZA1Q95X5PfUwXJk:12000000000000000000:OKDOT:CHECKMYTH
12uDfECtH9t8fTiPwgz4GHcbrMKBm5s1ZyNBXCGUq8vsxpfV:12000000000000000000:OKDOT:CHECKMYTH
12tkcMvPxBjJTHupXbkxynxeU8x2RfEJNoAaczkfNWQq5wto:12000000000000000000:OKDOT:CHECKMYTH
16YBEriLKJqeTgq48bW7ntQGopRXr8rcwzn9BqiMygvT8pky:12000000000000000000:OKDOT:CHECKMYTH
14A773o5jduxRdBUQZDdfTGJWg9Vxx4Mf1LFiEhvkoaBsArY:12000000000000000000:OKDOT:CHECKMYTH
1wppA1sJp6xsqUbstwvXYVvcoZyVyMbbLz2E1eVvk5BM1Xs:12000000000000000000:OKDOT:CHECKMYTH
1KmBxCZhs8SetrpcocwiWUBDRc6PsTjxWB5vnR8hSWNXH7A:12000000000000000000:OKDOT:CHECKMYTH
13xVw65AX1tLNKzSzrGF3ycCtYkq2x7v64CY3JpTUaus1HLv:12000000000000000000:OKDOT:CHECKMYTH
12RzJjqV9aYJDB62GbSdSMEnAoWWGQP6PJZLWoqvG7Tjg51h:12000000000000000000:OKDOT:CHECKMYTH
13qwqPMAXTFWEkBZY8Bm21aapJokEkP4kJmbSS6VS3mFczSw:12000000000000000000:OKDOT:CHECKMYTH
1kGsmNkHw8aYgC2Fyef1a6MDbSn2Fig6qre1JvoNzgyjxoC:12000000000000000000:OKDOT:CHECKMYTH
12xormougUf8jH8GR3jkkiZpto3qJRDpz3hFqZwGTSrEQ3pd:12000000000000000000:OKDOT:CHECKMYTH
12Mmu9GGjqmsgKaS2eiWQbqpHUGGeoRiQkBsX486iuBsCkPv:12000000000000000000:OKDOT:CHECKMYTH
165Wdp49Boh2mYUwebUTyaZf2NppxAraV2qudsvT6FxjYpWm:12000000000000000000:OKDOT:CHECKMYTH
142YnGUUwFR5PxWVW1SqPikdFb4L5yK3owcsowLyFxwArUnT:12000000000000000000:OKDOT:CHECKMYTH
13zxfQEagyiDFGUTXVpqSF9uF2iCYw2ceDXJAhkfPVFJG94t:12000000000000000000:OKDOT:CHECKMYTH
12LVUvahdWSUQAkrkdx9aYNGSyr621EjYYwiZGErJvgnKRy7:12000000000000000000:OKDOT:CHECKMYTH
15n3qNyeYkRByTirT5nynU54f1HEPpz9E9aSEyGrJWtpZZ2Y:12000000000000000000:OKDOT:CHECKMYTH
15qn7nb5HHFMJ5cwUcxHeCpuX9gBwoLVbEwYbFWRgg858R7u:12000000000000000000:OKDOT:CHECKMYTH
14Niz2roQgj6vLPRSV4A4WK6ZbfbekeHLzQgLgQBXK5un2Rw:12000000000000000000:OKDOT:CHECKMYTH
132Uuy3HZPub2LPz1uFGF37aDGrD5MbsBUfJ9jQASNRnf6XQ:12000000000000000000:OKDOT:CHECKMYTH
139KKpZeDgtiDdcCZz51ZfKg1zGCTJLTybBp28jXmTdMCEFy:12000000000000000000:OKDOT:CHECKMYTH
169waYkana6ysejpFUFGqMPfsUg7qxuzb6jMLt3SaTfQv12K:12000000000000000000:OKDOT:CHECKMYTH
1zLzBJ5fQnEyhB7NYFdyusga9QG3xhF3smX5amjqhwyrDkg:12000000000000000000:OKDOT:CHECKMYTH
16NewMrfkfBe5vja6zUFpQxeHRHdbHbiag22SKGc6hHSEWKC:12000000000000000000:OKDOT:CHECKMYTH
12DUZ1BmLD3D6rUFqaUqec6ouVqKDx7TW6PmxkCJdzJqksTY:12000000000000000000:OKDOT:CHECKMYTH
14JsLj4ic5kZYnZaKNgTXj74tSqLJK5JN2DmCkiGzdMSZpYE:12000000000000000000:OKDOT:CHECKMYTH
12QecyJUn6BH712vhsspEfHZt4oHQ51osEcA8XUwrNXEqMGt:12000000000000000000:OKDOT:CHECKMYTH
14vsbDJJsDs7QFAff1DEXtw69ETzyXimwTbizCcwfMxLVX6w:12000000000000000000:OKDOT:CHECKMYTH
14N8BJTEhvMesjWavjyiZKgYREkGy9A2cAr6z7AXGReJ9y2n:12000000000000000000:OKDOT:CHECKMYTH
1rGAVtoYbRB2t6a8dW35EgSaowaguFMecpoAXCKXwX32pZU:12000000000000000000:OKDOT:CHECKMYTH
18hVHM9MC8HaE9eFjg7o3FTRevp2M8rtWJSC7SZ853AwWr4:12000000000000000000:OKDOT:CHECKMYTH
13Y1Md8jLiHrPsaRGwz9Wt3pvjg7pZynUj2rMwxigsTjfky9:12000000000000000000:OKDOT:CHECKMYTH
13bnRSaaFsgCckzaq3TeJapmN1eG9KVUNAM5LkLJRqmnZ5F6:12000000000000000000:OKDOT:CHECKMYTH
16Puv8VXBiHqNdS1yXDvSv65wpApA4uVPcEAdTxzpKDBHpFd:12000000000000000000:OKDOT:CHECKMYTH
12ZSdjDMPGYMZy8YFaRaBub1gxRSom3sULA5qpqXZHVJviLu:12000000000000000000:OKDOT:CHECKMYTH
14gTkTNnAxxPzKTmsKN4WnS6n9Dv9knzfwkbRMACd16YjP2J:12000000000000000000:OKDOT:CHECKMYTH
14iLESDYA6TU6C6pKMmLuwokdEHjFEqUpUzbnvtXPTHoRdy3:12000000000000000000:OKDOT:CHECKMYTH
12Hi2Hu74h4V3PCwkw4unvW19cLsrxHCzuW718tbC3z2dXiZ:12000000000000000000:OKDOT:CHECKMYTH
13mzdzwJNsu1ZxtmBophe4W8ePfVGhjTwJQGJPwtmrveCRsC:12000000000000000000:OKDOT:CHECKMYTH
1X4DQZ9fj1MKuxU8qVrpTf94NQESKTXG2VZMhKFeMexUiyi:12000000000000000000:OKDOT:CHECKMYTH
12mzGQ4ZuiSVZuLoetjhhLDk75dWkR675jQhN52ZV8SjG4V2:12000000000000000000:OKDOT:CHECKMYTH
135VgkWNmipV1iNWeFqNskB2ALEYTE918BD8WnxBdc76nJeP:12000000000000000000:OKDOT:CHECKMYTH
16b5mXxU2fdw9jEYfHeUeSkkQpVkZb3vJctcZ25eKfuZw3ZJ:12000000000000000000:OKDOT:CHECKMYTH
1LQ2F78gdR3HwGwGTUuqxLRVueFqYsheMnuVE3T5dpuYRjp:12000000000000000000:OKDOT:CHECKMYTH
15zx5ANVh3z58iXrpaUT9XMvmFs3ud8ZDwnH8JMwVruqW1Bh:12000000000000000000:OKDOT:CHECKMYTH
16fjkEWNeNjvuLicLtQgvLWFsT8fRHXs8VzMcip3wV5L6z9f:12000000000000000000:OKDOT:CHECKMYTH
134c3BJ2JpJyjEDVugjV7FrgveM3RmfxTP76bAwrxUqoL23D:12000000000000000000:OKDOT:CHECKMYTH
14mmkhTvxkvR9HL49Vw8nPxnFh5HqWf9v34VoD9dVTz5gitU:12000000000000000000:OKDOT:CHECKMYTH
136nkqNdjej6GhwRihzWD7WE5tPyZrWmcmdLxXyXe1UrW4YT:12000000000000000000:OKDOT:CHECKMYTH
142zZSGQveQRd8NYCprXF7SXYMRsxXLkuVNtQWrCs8RsxKTY:12000000000000000000:OKDOT:CHECKMYTH
112BfTQVisK6skeVduXgxJgCQtmJSayzi2pN1oaP5fCG6Qv:12000000000000000000:OKDOT:CHECKMYTH
13L4ZD8PsCAqnFDxKPL7gxBGMn4ottHpSjwKTCDxP7Ze5Qix:12000000000000000000:OKDOT:CHECKMYTH
16RzXKQ3fjkuY8ARbaG9FawF3wLcA2zue3w4v2czPsm6d34H:12000000000000000000:OKDOT:CHECKMYTH
13BPBFAWfH9kckzAVW8vy9qmnZsTcugDMoq7ntXQyJVHgUXi:12000000000000000000:OKDOT:CHECKMYTH
12aT1Ej1dgW6veiuL1JxHe3kuUmf2M7oR8v5jMLRSD64vewe:12000000000000000000:OKDOT:CHECKMYTH
13qgVuPfvESBbQVfXGjFqo8fkQ3sJX9nMH1UL9Je6CKvnW1z:12000000000000000000:OKDOT:CHECKMYTH
1BWZ73RmsNaxfHpPEv3LAp2Ayiuyux3VZt42NmcTdbnT3Sd:12000000000000000000:OKDOT:CHECKMYTH
15Sa3Wo4nsEn9FfAvNAijv5kj4ss6CF3fiWrTve8oKbwvBTh:12000000000000000000:OKDOT:CHECKMYTH
15cpLsaN2WeHKKi47YuX2S4P9Za14wQ5FiRf9hmGBF1JsBPW:12000000000000000000:OKDOT:CHECKMYTH
12fnxJhoue1nm3q8z2QyBg54jCNbWN6bBKmsawvevyrEgjjV:12000000000000000000:OKDOT:CHECKMYTH
12FM2ZZENSvCnb64QvfCouwMzaQB8kjkZQAFkKccqnoSsWEF:12000000000000000000:OKDOT:CHECKMYTH
12VrEKgeTjyaCiRmgB64eMYbBSteH5pCCd6bTgDsNJ8YRCcc:12000000000000000000:OKDOT:CHECKMYTH
145BZgViKXyP4u7grsaQMqaJMSX1kmBdrS8yCVvLKsi38fxg:12000000000000000000:OKDOT:CHECKMYTH
15Bo87k8r3sYbsn5ZzUt1EKdC4SRiCsvzC4NP6sW8gbiHoDK:12000000000000000000:OKDOT:CHECKMYTH
16PCFY2kGwBaH4xyxZHpruAjGrde4GdLcDarDedYosKgtyfu:12000000000000000000:OKDOT:CHECKMYTH
16VG3rfrgJLw9b5KZTLrKHpxTqxaK5Nfy8jxQxGYd2CXXco5:12000000000000000000:OKDOT:CHECKMYTH
1trybunQGnR5ZTayK6hGzaSqgs4DSoJq9N1D4xLL6s5k15R:12000000000000000000:OKDOT:CHECKMYTH
16iHTEvoLsKU73KE33HN7woo6ZuX9TnLtGRBkVfYqVvfgBdP:12000000000000000000:OKDOT:CHECKMYTH
13P2MdLcoZZoAk2VvcD7AwPvqpftx9fZSGrwiVPAj2S9Q5wn:12000000000000000000:OKDOT:CHECKMYTH
15prpkoX9pQ5HzAUdcsxQMjT1FSeobdw22Dt5CSKAyLmmprW:12000000000000000000:OKDOT:CHECKMYTH
158BeL9A1ZVJY2rqALdCrpqEJLj5mm6d4L67H8LA73QKouFw:12000000000000000000:OKDOT:CHECKMYTH
13WUTccuLDPtQWWZQjUm5FcRJVHzGYsjnKD5cdGHctzEJtko:12000000000000000000:OKDOT:CHECKMYTH
13CZhy8k7joYmHgbbntLufrJ6Q6Equeu2Gf7wYaetCjwJRFh:12000000000000000000:OKDOT:CHECKMYTH
16G15uyjNszuTtyxmEuzNWhmLLcrUhTCazYGTKuHZ7EDpq2G:12000000000000000000:OKDOT:CHECKMYTH
13xt68ty6w1sn4JZWKQjBiGM3UGNwPGj7QLvQnRvq5j8S5ae:12000000000000000000:OKDOT:CHECKMYTH
16fqTHcNJ5Rbr7JLQqEpccjgkQvLAJ3DAHRE9SpwvurUCR2J:12000000000000000000:OKDOT:CHECKMYTH
1eD9JKNjFguDrcT1UUpfaPNZu6BiDn72NrDPq4vns2mw9h6:12000000000000000000:OKDOT:CHECKMYTH
13mMqTVSbxoqWfYmmnk5DuRjk6sguLyBuLdy2UBparFaWsXu:12000000000000000000:OKDOT:CHECKMYTH
1Ht4xZP4MgKNGhFxYFQDE44UFoowHdX6f81GgifKACjac1J:12000000000000000000:OKDOT:CHECKMYTH
12fGZhTSMSGUCu7LXppu8ZvjDgfxXVRMRbDZ1Bq8KWAgvXrR:12000000000000000000:OKDOT:CHECKMYTH
15PT7ZWvn7ww9EkRnoXxxFjsLTwSv6gixRX7JzxkhXJtAYuu:12000000000000000000:NEEDED:CHECKMYTH
1EsN3XhwswX4AmMiafF7j1TLAEX6W8VyXFh4NPGa9GgiU4P:12000000000000000000:OKDOT:CHECKMYTH
15fbR1xsji5KdZ4pKZdtCsYZZ2biMAuNbdHzXg2dirUs462q:12000000000000000000:OKDOT:CHECKMYTH
147Afu16rAr6BgbANdm8tqC8MCU8aNZGDLEzPYKw3Tkgxy16:12000000000000000000:OKDOT:CHECKMYTH
128WVz5PxXqZvWRdRZoKnc3JgrbbTGwxiF91QRf3iA4ajTSH:12000000000000000000:OKDOT:CHECKMYTH
15G3m37APSiqLsziy2VqYwK9jXJU71DJdW9r3YQS2Qy23YWk:12000000000000000000:OKDOT:CHECKMYTH
1iaKbXziym1583PPRYgiTQheqg5dbJ4386h4bZiEV9xZTjw:12000000000000000000:OKDOT:CHECKMYTH
1jQ8WUu11HYPzRhQoK5wnAYreFFUWVj35Tq8EzckaCKP2aT:12000000000000000000:OKDOT:CHECKMYTH
15qtFUDwFz7sJB4sQExBHMoaQxUDFT4gjWKpg5DqCAeL7rQZ:12000000000000000000:OKDOT:CHECKMYTH
12arPmsCV9DHXKzEXkPQSp1NbmN1UhVTFVE8Yi74RHzPpVsD:12000000000000000000:OKDOT:CHECKMYTH
13nyTAjsPC9Hm2JnqT6X1Mnrx1idUfBJxSg5BypYHcak91GA:12000000000000000000:OKDOT:CHECKMYTH
16DsweuPCz9o6CUwtdgRPYZPyrsR1cdFuyxLxac5rwREyXEk:12000000000000000000:OKDOT:CHECKMYTH
15LUrHsYfww5NcD7fUAPcQvUGbQLSYUMpHiAjMhQyoTGq7HZ:12000000000000000000:OKDOT:CHECKMYTH
1Q6ztyUjWtnLwd1tSCYmY2bKhHEnaioPKxzGYc9iPFyYGiC:12000000000000000000:OKDOT:CHECKMYTH
16caPx6McmSFFWsHigggVvZRe1XA6c9i9XUHztGHTQhBuuLs:12000000000000000000:OKDOT:CHECKMYTH
12Ts4wnT8cRJ9YX2GVoAEdUBhArk1M282HGzuNnNqNGcCQth:12000000000000000000:OKDOT:CHECKMYTH
12pENA12VJZiSQxwGGHbrghc1yv54VgnBPKkkNcVUqGa4Da7:12000000000000000000:OKDOT:CHECKMYTH
13MfMJqC5DBmTwfczZpmUArv5aFbi13u8yDZfvfJgb8bn4EM:12000000000000000000:OKDOT:CHECKMYTH
13G6eTDhCYPCgzUBpkrNWj4jZDQNMxd17CBqSqiDUrwACtVf:12000000000000000000:OKDOT:CHECKMYTH
15vsymsQPd4HBh6K6Hkske8JHXDPjjZ5PVxBkQ934TvwdEyi:12000000000000000000:OKDOT:CHECKMYTH
14ro12M599kJjP67TWnPU2joWL89E9kd1Bq88fjbUnLKvHB7:12000000000000000000:NEEDED:CHECKMYTH
12mkrFEyzeY9JUy4CJaNiYoMKoUgLx4DU7gYiC2ZvU9aEaUu:12000000000000000000:OKDOT:CHECKMYTH
1548Hbh8HX9SMF9636JqGby8ZJpsEFurCNWWfhxLMgDYtNKM:12000000000000000000:OKDOT:CHECKMYTH
135pGgJkD3cyHQp1KEnV9eu7oWmqYihMzANUkrkxw7UTaWcp:12000000000000000000:OKDOT:CHECKMYTH
13AzmwG2sXdnYkJGoJhJM3W5bKU141UJioCtgL9Y16ZtmnSR:12000000000000000000:OKDOT:CHECKMYTH
16iKytM9dJNHEAckzcvGLSy8yo2kzqr2yfXroDR44DgKcBoj:12000000000000000000:OKDOT:CHECKMYTH
138qmojNPKzyPL6Af8EpRnnBidogCenLEPubuBFvwKWjLJdT:12000000000000000000:OKDOT:CHECKMYTH
13av7jYHNAmmTyze7wtHCFyzdrJGWUyQUXHFZing4h2EMNDr:12000000000000000000:OKDOT:CHECKMYTH
15qMwHhtyzehq1FiaXkjHZ4Pmg2thr25qj3h5LicbMYqa1Ug:12000000000000000000:OKDOT:CHECKMYTH
16ah3bMJ3jHRg7cuyceCaeqzXKutpiFXeuRoxVVtWafWgoqw:12000000000000000000:OKDOT:CHECKMYTH
12gyiBVthqhtxUAUJoK6jsQcZPhg9kte8nAvvXZGsZqHKNH:12000000000000000000:NEEDED:CHECKMYTH
14HuSLWyDQmn8wxr1RbsNGTeJyt9vCLzdiSNDq4SnRJQJjWh:12000000000000000000:OKDOT:CHECKMYTH
13jZAaDHjUFSsSiiMxi1VVSKY6bhSSaqsUfzBaoX3LXgQkCm:12000000000000000000:OKDOT:CHECKMYTH
15VzjvVP5BS8mN1UG2wAH4VcX4Zxk8DmyaL1aw7CFqFg5TX5:12000000000000000000:OKDOT:CHECKMYTH
13UVJyLnbVp8c4FQeiGeGTGuNMSUEJB9fisgGiJ8cHFzij1m:12000000000000000000:OKDOT:CHECKMYTH
13Rje4ToZyV5pXX5jPxTGpQQ27cqdmJyqA633pAjJMJnhjYf:12000000000000000000:OKDOT:CHECKMYTH
13wHjBKYcU9KcN6qStDfjRznDcV6TzXM6oRcf2k9Z3EkRXqK:12000000000000000000:OKDOT:CHECKMYTH
13JcUVVY31A7ZrqjFvqJkMGEiP5eE5rffe7v1V6b1GpVNCDf:12000000000000000000:OKDOT:CHECKMYTH
15s8FLtvWGN5hzwvTr8zsmuARbdN4TDxEYECvAVBDq4gnSCC:12000000000000000000:OKDOT:CHECKMYTH
13Y1dg5dnVVzTsCu391avLNUcDuvWdgcGLbg182MshqPTcyh:12000000000000000000:OKDOT:CHECKMYTH
16KpA5PSeR2N4oDd7wCoBz8Bis35Fp7dxzgbrRXgqWnwrCeE:12000000000000000000:OKDOT:CHECKMYTH
131pE4cWCfdyijDscS5QtvWNmipbzQvaZSU1HFT5k4YXHbkt:12000000000000000000:OKDOT:CHECKMYTH
1392cENKwWY2htug7Tokcd8RbA6JyA2nJ3PAxGxcQAY77TTh:12000000000000000000:OKDOT:CHECKMYTH
14zQqhnanxukGcXW1StZTSFjn8sR6VNWQhTkfWjG2Qu6RFGq:12000000000000000000:OKDOT:CHECKMYTH
15kNLWXa56XkbcCSsEm78hFNqFAc6dtRdoX7wHUREtx5JseY:12000000000000000000:OKDOT:CHECKMYTH
13QcVtdxNZtfuuHgfemYwDkpzTaM5WK9WgiCvJDfFtjSBxaT:12000000000000000000:OKDOT:CHECKMYTH
15735YyeBJJ577K86zJQRH4tnpWM1L3cQAgjqha4PHKvZ5js:12000000000000000000:OKDOT:CHECKMYTH
16JJ4oJfHcFQ5mRLAdRnFMbgtV6sXKUfEYxYLC2xKu9crWHn:12000000000000000000:OKDOT:CHECKMYTH
16AhRuhmbKUdH9hsy7FVQq3nsuWh54feWYoYWTZ5ej7CXg8a:12000000000000000000:OKDOT:CHECKMYTH
12x9MFxvJ6Gqmra6AfzdXuXRuYtCbQZ8iq2HqbCQeWuUu4Ck:12000000000000000000:OKDOT:CHECKMYTH
15wAowaPN9gR7jDpqCRehYN9jYMXzZKG1R3suFqDTdTR22uV:12000000000000000000:OKDOT:CHECKMYTH
16aRJNW1S1V6WQkhBConUtfEEYUaEhvDdJyR6GEUKLZvK8jk:12000000000000000000:OKDOT:CHECKMYTH
1QHC9qSjCEZ7a66zNvsyTXAbqRfEg2YQUbQET8MaT5DrQPK:12000000000000000000:OKDOT:CHECKMYTH
1WCE7zMyne2YxXj8e3KT3fVzysBRz3dVPRYNEEPS3jK8cdU:12000000000000000000:OKDOT:CHECKMYTH
13cGXpHmWijHakcrV6SUYTJTq6p32e1DLtLScXaRc8DcQK5C:12000000000000000000:OKDOT:CHECKMYTH
12xkKtfp6TXrnPbTsvTwC2SLbMZBZC2wUAv1d1PeDj1m2LeK:12000000000000000000:OKDOT:CHECKMYTH
12VvWxfdFzxdWWEtNQPuFgR3SHhMzGpGV5hZJDKNVRBBQfXW:12000000000000000000:OKDOT:CHECKMYTH
12WTJ4KB9bhnr2ogwMq15S6BFAyN1oAmxajJnKxXPYDAmJQB:12000000000000000000:OKDOT:CHECKMYTH
1ZdJje2Asb19C2Kq8tqvkHeJdrNRTTvwan2awgjDTs6PX88:12000000000000000000:OKDOT:CHECKMYTH
15dBy9cZtK8ygRnRyAt1wLABt9qfm2MXsmKo4DCQPit2NwCP:12000000000000000000:OKDOT:CHECKMYTH
12e2GNMitYKdGNh6tuSNAmdEAJcRWMr3acZnyM5i7s3fiesH:12000000000000000000:OKDOT:CHECKMYTH
129WnR3DQvmbBUyaiyQn2x3mDScbXGmkS2oGgNVCMrYi29s5:12000000000000000000:OKDOT:CHECKMYTH
16PPsZx2XJgbLeExL2tQfSxRNbX3pe5HAWFFjvSpBzeDTV7H:12000000000000000000:OKDOT:CHECKMYTH
15Y7JKNHTjxL2N4kLJgVLjbKiSd1Xeu1w1RGFFEX8nNggVno:12000000000000000000:OKDOT:CHECKMYTH
15ooLxQ1gPikBbSm8NdjAKTEHjMLc97YSFChKPC9SL8omL1s:12000000000000000000:OKDOT:CHECKMYTH
14JKGE3gtKqvfUZiYNBAv7WbcgE7SnrVVMkJykEjdAMKNZXo:12000000000000000000:OKDOT:CHECKMYTH
15qiDBRtZgig65YayvPRnET6eX82raLCxbuvVd1TDg8PEPgP:12000000000000000000:OKDOT:CHECKMYTH
16XqpjWbNT1QvqfjRk7kXAwgsPnatdapmrL34oeSwY5cmhjp:12000000000000000000:OKDOT:CHECKMYTH
12dRWQetvjUazGAtcmpxGAasNt44QW4T4hrJRN5tqBtuhzEv:12000000000000000000:OKDOT:CHECKMYTH
15zdSzaNndtssUghgF4kdnawMUwc1ZecJyoJkj42DxvpLQ46:12000000000000000000:OKDOT:CHECKMYTH
12LdBj24Df5fEX8s6UzB8aHVjmC8nW5gHkiQ5XUxi5aLSx8N:12000000000000000000:OKDOT:CHECKMYTH
1HpiSkpc39vFLqFmvQS4M4YcZxYuFxyoMMg64SS7XAcsGWx:12000000000000000000:OKDOT:CHECKMYTH
13qxJxpM5JguQDH8btkTYZyBwr6iWbZDK9GgEmhqAxHK6SdU:12000000000000000000:OKDOT:CHECKMYTH
16jWPNuXbkJ9r21Tyt1zaRAL3mKpFpPVedi2qvxVqjCgvGiZ:12000000000000000000:OKDOT:CHECKMYTH
13nCJYyNqTRqM5oUADvgKgqfDaUEs8idheMssPFT62x95zHa:12000000000000000000:OKDOT:CHECKMYTH
13cNEJWfB2gqN9fXP9x7wkHRmp1LVR2euqhD3aniq3AQNwsh:12000000000000000000:OKDOT:CHECKMYTH
15uq7QRFNxfFbxeXwm7MMYiNVZ3otKBpc8h2RmEQuxkzjQzq:12000000000000000000:OKDOT:CHECKMYTH
13FRKxHJuvLoxfYTGCJKFiFMZ5kNmL7P2XiGYjSv2ZCitycj:12000000000000000000:OKDOT:CHECKMYTH
1SHY1hF4PHpYnkcFM51LnotRK2xCGKFM1LYYL8cmNpFe83r:12000000000000000000:OKDOT:CHECKMYTH
14X4wHEm7uwm45kkdgHCahMoXT7NmDRCmumecCSd4fCNMtYC:12000000000000000000:OKDOT:CHECKMYTH
13g2CH4Jjw6gPG6kgHMmEBTNjeLLybnUsGgBM1PibLAzsmTo:12000000000000000000:OKDOT:CHECKMYTH
14nmWTbFAkVU6rJ1xaJ16hx9nVf1k6pHmMbz3ZCm4GAw6Ksh:12000000000000000000:OKDOT:CHECKMYTH
13bmSCxCbxiDbb6fjWkb39G8dQv3dHvKbJHxN475cCyiFjsh:12000000000000000000:OKDOT:CHECKMYTH
1642wTVUd7g3n1Y37q4jvvcooYH1i157Qkp5Z4AG1zZRD7G1:12000000000000000000:OKDOT:CHECKMYTH
19C7X2ayEGaHbRb7obTd7u2crJhYm6W47XpyLC2jQBGdpif:12000000000000000000:OKDOT:CHECKMYTH
167hrftojsezrwLbD7XLn6AoB1j7iSdE4bdQTX1xVwK6RBxz:12000000000000000000:OKDOT:CHECKMYTH
157fdMVAibeUBwdnXa337QzHVMSE151QQVokgJvofuDU4EEP:12000000000000000000:OKDOT:CHECKMYTH
16JuTUYkhob8c7bWgLVqofuAhF8YbMUP9GFqJTkyfSfAQ1se:12000000000000000000:OKDOT:CHECKMYTH
16HtRqnQkYYZ4HfCKkCmJwJ34w7DBqwVYjNakZUAXu8zne2m:12000000000000000000:OKDOT:CHECKMYTH
14xbEhRZQeCRrMJUd6QtARAq8V7sR3vbiRgeemRPwAK1DAV4:12000000000000000000:OKDOT:CHECKMYTH
14TyMAG69TyBkoKHtgZ14rc5QC1A8TGcMNcsikKiVEGq5RRR:12000000000000000000:OKDOT:CHECKMYTH
13nAFF9oJvDF35QbmSGxzVh63edV1kyZrwdLBcm1663esdtA:12000000000000000000:OKDOT:CHECKMYTH
16n8t7vRfeyM24W8HwLGaQ7nFJiAR7ti9dkPK9jxfkYYvbXz:12000000000000000000:OKDOT:CHECKMYTH
14TUd1YRed2u2ugCegLZvZM2EEtBW2jjtwSPg6qZrdQ61xKB:12000000000000000000:OKDOT:CHECKMYTH
151PZwswDBztjrucgn6Sh64nsBQJFo9tWQxgP6YLJZu3Mjdn:12000000000000000000:OKDOT:CHECKMYTH
16K69qWFJ5omfiYPFa6RBN3Jk97KyaRY6jN7Vb9HmFXG9VPm:12000000000000000000:OKDOT:CHECKMYTH
134sHR2b89XCA6rb9whg3zx8pKy1XxndRuVRXpPu4k7u3oqm:12000000000000000000:OKDOT:CHECKMYTH
13C8GRShheXQCn2yQeZ88DVh8xEWtQ13WDHELou8BDYnxNnf:12000000000000000000:OKDOT:CHECKMYTH
16PAJ5Z6jG6x1pzRzsa22HK7otgGBDJgNuPdES2Hm4ggrBAh:12000000000000000000:OKDOT:CHECKMYTH
12v3WvsBg5QrRntWPcZk2ws676Gfk94sxmgMCGd6oyVt7Mvf:12000000000000000000:OKDOT:CHECKMYTH
132Bu498KJGJtjAfjegf6uqkPwBe18gMQGzRP2Ejo6a1xTCt:12000000000000000000:OKDOT:CHECKMYTH
12BVmphgfcFsvVbMxYuoYJ7t211dzsmW4yeKr94RxYNFK1bo:12000000000000000000:OKDOT:CHECKMYTH
1GHHHrjGVjJ3hmAbM2EiexevEjup8k6GGi284gSf8bRajdH:12000000000000000000:OKDOT:CHECKMYTH
139d1jA4Acpuyo3HgAzETZwyJwyQtzwmMMepLBewtD5Lf5Qj:12000000000000000000:OKDOT:CHECKMYTH
15NHRqn8RUZkeg8qW9yGqmAuf25SnesFzCoygXqLNvVP141Y:12000000000000000000:OKDOT:CHECKMYTH
12xb2svyKeizRWCuqRAU2MSik2pyEQza3aqJW3DBicDV9HZS:12000000000000000000:OKDOT:CHECKMYTH
15Tx6qQ6RYvkTxLE123MfLWGbZzkFLetLGJ2snughh1xSiW6:12000000000000000000:OKDOT:CHECKMYTH
12N9NfWwvQAAVyS18dSt75GsCMzVc6bdaL72mkrFn5Wq6pqb:12000000000000000000:OKDOT:CHECKMYTH
1q5bZYvdRuDtKszmbUGmoMUdVPUhMz7qbZU6Ts6EU5brWDK:12000000000000000000:OKDOT:CHECKMYTH
12anDnZ8XuBaC3MqASxRTt2yikTHQPq8y9VuqqYtaAiRBsd:12000000000000000000:OKDOT:CHECKMYTH
15v8NJehq95tNQWgy6tVguaTzsHSFohEZ2YZobGo9oWWZJWQ:12000000000000000000:OKDOT:CHECKMYTH
1kt9m338Gzjg7JppGGyScwF4Y7R445z3gvAAnnncARSeRcE:12000000000000000000:OKDOT:CHECKMYTH
12rZqk4XtiHxwSAPzoTKLrj7964fU4hFsdmSsUgPm4ewpZFv:12000000000000000000:OKDOT:CHECKMYTH
12D4y7eubPMtPMZsxZFUUNXS2px2BpbKJJsPh9nBzPEj8YCQ:12000000000000000000:OKDOT:CHECKMYTH
1TgNRU4MBpESCp6fWDNvv5B5tA7bq5tSqFnEAgokS1dULzT:12000000000000000000:OKDOT:CHECKMYTH
12noTayQPfxSqXsAvSQRPdqwWuUA6YugLutJevxJFmgjobwk:12000000000000000000:OKDOT:CHECKMYTH
1wF36bGjymqsNK1xduY25oHrHnr5Lm6SdtKYSrgDZiJeMXi:12000000000000000000:OKDOT:CHECKMYTH
14xEzFb9eJ9YeCFARk9K6HsdUQ5Q9KMFc3uLC6oD2JWc7fct:12000000000000000000:OKDOT:CHECKMYTH
1U9C6WbCzFkmr5GenN7yMX1kNHADmztrtprDFjHwAJDEs1p:12000000000000000000:OKDOT:CHECKMYTH
12pG9aVBgDr3kwZdM3VVHPv7DzQWZ99VVgEUQoH84PGru1qR:12000000000000000000:OKDOT:CHECKMYTH
19qSFX5kzkLTCSUUfHfoS5TeVXt1P7yhVcRD588oDaQVJCz:12000000000000000000:OKDOT:CHECKMYTH
14YHFBrQwkjncgwanNWc9in5kJKxnPaAVD2Jw4sBfyx7xiAo:12000000000000000000:OKDOT:CHECKMYTH
134NA6gpQ4MYk5TUsWK11F34jTDGVhfmqZ4Me4aCAoUphfqT:12000000000000000000:OKDOT:CHECKMYTH
16LLUXrfQmKayH5NyeeZt2iqGwC7sBSUPnNaGMe2P2PbwGih:12000000000000000000:OKDOT:CHECKMYTH
1MSVeECHEcKhGWCiRkS84zBJwifya2JjkWc4BfcRr9D3nVa:12000000000000000000:OKDOT:CHECKMYTH
14g1xQbVSNazMg1C4ZUPrLXYW6DJfCEZ5xnQXEiN3YanJDQ8:12000000000000000000:OKDOT:CHECKMYTH
12WdYoEMaLTK9FGTGgfLTo5dRQKrryZY8PpJjTsTj5DMBetE:12000000000000000000:OKDOT:CHECKMYTH
14nEV3mzQD7F5TLeBkKvAgipUfB6FwqX7SyhgLbe7nY2i6Te:12000000000000000000:OKDOT:CHECKMYTH
16Yvw5nNPHARV761Q4gQDcuyepqHfGYPRpBHkAe4fuRTFN19:12000000000000000000:OKDOT:CHECKMYTH
16UZpPGcC4X57nmtLofowVEcCBXN3upJQWXMTZoyEej8Fxyr:12000000000000000000:OKDOT:CHECKMYTH
15Q5riwLeUATsU3t7zkoucU4NkK2egf35dxWRoRKxzAAFQv3:12000000000000000000:OKDOT:CHECKMYTH
15uYjWBtciD1xwFoSXXyMLngZS3BdU9RQRJYgMcmfnXpsTsn:12000000000000000000:OKDOT:CHECKMYTH
153Uy612yd4mPqDYAM8d3BULvNYckYRZtdMc5EdPfM2mfvy4:12000000000000000000:OKDOT:CHECKMYTH
16T8qibBk8ekvy2r5KqprZ2tjMcrWWJfpWDZWRgSD2HCR1Dz:12000000000000000000:OKDOT:CHECKMYTH
12HDTk9wjVd7HuPs8urjQ2FfFk9HcECYWB7LzvX3gHLYYWDC:12000000000000000000:NEEDED:CHECKMYTH
16Zh6oaEQK5Z9LS1bNSqgND7Rz9ad4ELuUdLVEbJ3BuTCH4R:12000000000000000000:OKDOT:CHECKMYTH
14zbTvVAQujxZpT5nmAnksz4YrqCGXhtPnCKmSAsquoBFWJp:12000000000000000000:OKDOT:CHECKMYTH
1XtZvzTToqPtsch878gFTdGrn7WGBYBY2w5dBMa96k3CRMQ:12000000000000000000:OKDOT:CHECKMYTH
12gQmKSLyE82Z1dTy2XKriWAGTbgix8bBm32dB6VyyVPBaES:12000000000000000000:OKDOT:CHECKMYTH
12tLDEWHpKSji14dZ6tkeXD22DWJMzKeEsVc52PF4xMucy8v:12000000000000000000:OKDOT:CHECKMYTH
16eLfgW5A8kXwTFBULST8J15WSUnbHoKfMU7eGP88qTM5EFr:12000000000000000000:OKDOT:CHECKMYTH
149qvZCNTZ8FbngiKmNWHm4UiyMNpwprXdEd1CdwPoDd1S3S:12000000000000000000:OKDOT:CHECKMYTH
12aJZLnjdkhgvn7nMCWHZ36uU8W2JC1XdbovEqcmeDkUTd1u:12000000000000000000:OKDOT:CHECKMYTH
133SvHAhXFMs4c7Zvxnxdz65wv2x7DVyMvvUDZTqVZQEtcy6:12000000000000000000:OKDOT:CHECKMYTH
13ykeU9h3QUnEPnZap4fG5YsERm4n9MskPwEBqEHwCjpZtdZ:12000000000000000000:OKDOT:CHECKMYTH
13yXw8DcbWd2hiP89sRsxPHrQiPojtDqfNhFSDipQKSBtwTH:12000000000000000000:OKDOT:CHECKMYTH
14NRDJbGz1XEPgmTC7FrSpKUvC4pNv8zu1U9hvQgbMWJBzy:12000000000000000000:OKDOT:CHECKMYTH
13VHvPCVUV6xrxcr1dztCoKwJiLT4GJh9dWuQqmTBiJNtVLk:12000000000000000000:OKDOT:CHECKMYTH
12CppNZF4RdgkchUddJPuQPAYdZW6dkp5LjGGQjvLkoNjV8r:12000000000000000000:OKDOT:CHECKMYTH
15hKN7uB7Bsxn2Ect3tt8u5dP2YvB34aJPkQ2obEv8hm8Dv6:12000000000000000000:OKDOT:CHECKMYTH
14gdojXGJhzjpwQPEcZTsXDDfzAYCSNHxb1HT5sq3RuxSum7:12000000000000000000:OKDOT:CHECKMYTH
15bGpYh9PL8igAvDnANfMQMU5dEgxjhNAU7cWnGT4PGE9oag:12000000000000000000:OKDOT:CHECKMYTH
12AtaX6xPQxV1R8XVHwdsYkdWHz7geKyUexwEy97fvZwPMP6:12000000000000000000:OKDOT:CHECKMYTH
14Ks3YGZHxmPcKAcnxWLiPejqfLsQtLAY1TyDP3jbjKpUEKa:12000000000000000000:OKDOT:CHECKMYTH
15kJY1Z7btUJ76uYHaDTNs8q4c8YCtkz3avtZaFSpizjicBX:12000000000000000000:OKDOT:CHECKMYTH
133jeH2QWwcbCiZa7F1QhnBGmFN9g4nSf7nEBSH1JzzjgHf7:12000000000000000000:OKDOT:CHECKMYTH
12h4SdBoyUCVoVQARD48QDMy5psTXUZkfYBKHFPYaVbZNDtT:12000000000000000000:OKDOT:CHECKMYTH
14yEZSF5hp8HA76x3zNHR8kt9g74WGL6XVDsjrgCtrYyDKGW:12000000000000000000:OKDOT:CHECKMYTH
1FyR9eyvGyLZsvVpX3ZSNV5sTzjQBXHw6nwdPfkPeSsC9Px:12000000000000000000:OKDOT:CHECKMYTH
1QHJeHqYZSrpBvgVYrxrsB2sYGz7LJqqphkbQvE2xg3s8UV:12000000000000000000:OKDOT:CHECKMYTH
13j3zoxpXMWF5jXarwCd3XVmyhidReTgtcLLuznCTBME2i9R:12000000000000000000:OKDOT:CHECKMYTH
126HTAJE9j4L7qa4cK5U9owttKVHuRSa1yMrg7tJNYUWQTg2:12000000000000000000:OKDOT:CHECKMYTH
13GagRfhY7Cu6gkxJVekTrEohcyDdMXV95FEzbdpxrhUUmZJ:12000000000000000000:OKDOT:CHECKMYTH
1sSAfaPtYQoGBSAKZVSXoeHydyPkwyuNN8bBt7btiUf7T5a:12000000000000000000:OKDOT:CHECKMYTH
16Wth8swymGjj1SMp1qng75GZCpHxoAy9gjnfHXqmPRr2DK1:12000000000000000000:OKDOT:CHECKMYTH
13ZyCYyCDUdf9ehzJDmNTtBXqUmnE41NKSSxCYPqvWT3LGZe:12000000000000000000:OKDOT:CHECKMYTH
1yn1bCE7b66hiqLCd9Wge2s5eK7V33tJYxy48mesZ5AhLfL:12000000000000000000:OKDOT:CHECKMYTH
15H7aipQhAZBH2fMCRxPBew1ht7EnCBgjKiDKVv29xDcqwSa:12000000000000000000:OKDOT:CHECKMYTH
15oVkKtimNdE2WdPXWyATU1prkFG5BwGS7rKHmdrbuS7AsE3:12000000000000000000:OKDOT:CHECKMYTH
16CTFggqc76juxH1KpG5VmSz4326j82rFWqbzct7omz9MssK:12000000000000000000:OKDOT:CHECKMYTH
15YwfHZ3PyvpjFFGtMrBmQqeTZhHBLwC7Lt7LiB4zfiyEazN:12000000000000000000:OKDOT:CHECKMYTH
166ZAN5NAWv7B9zbc2bfVGyjWpbjxrDNhQyZzk5kqihQfRyi:12000000000000000000:OKDOT:CHECKMYTH
1HDgA8c6dC42PFpuSywdKxU27LRUGu537miQuTz4UQkWLBL:12000000000000000000:OKDOT:CHECKMYTH
12paBS8hpeDHXevxZE21pqBCYnZC1f32qjG3bqyvtYaktXL1:12000000000000000000:OKDOT:CHECKMYTH
13gyvhhWcMz2jYgfxC4C9vCLPGaoEXQmordU1SGie6RoAmYF:12000000000000000000:OKDOT:CHECKMYTH
12BvpRaZUs6bkYbWXFki2515eWA5LNEJuPQBHTos5REEAZXi:12000000000000000000:OKDOT:CHECKMYTH
147sE8soPbkeTr1kSRNksb99oMgCdLmmcZTLToo7heBkufYZ:12000000000000000000:OKDOT:CHECKMYTH
16dC9hzz4PJBJVyBz23upE57ByP2M6Lwu5Z7vWwoxBMA1LAY:12000000000000000000:OKDOT:CHECKMYTH
1bQN4RRzguriE3NWKNzoWU5yye4Xq7hnUzg3cGVw27EpEsC:12000000000000000000:OKDOT:CHECKMYTH
124kfexCfXVawSeB9nb2t6faovArEVfHFAZkat6piLkHrPzR:12000000000000000000:OKDOT:CHECKMYTH
1nAqCrtRronKvYktPLuWKhTdNJQdCPA97FZTsZbXmRD2u3r:12000000000000000000:OKDOT:CHECKMYTH
14ALUyryvAMZ98UEik1mLeycXv3BN11kdsq1BLY6nQf64H8K:12000000000000000000:OKDOT:CHECKMYTH
15kpjnv2L4FQvYF95sKwxykuJsuerrTtH1d6WXiZNEJ3LVsK:12000000000000000000:OKDOT:CHECKMYTH
12yn1ihYsURkJMbMhCz1t9YUo45XymbmA11hso93Mr3vR4mF:12000000000000000000:OKDOT:CHECKMYTH
15wuZHydk4bMa7hHeJdtTzKavEZpnVVEKQTX8cU4QFTcN8at:12000000000000000000:OKDOT:CHECKMYTH
14n9ML2rUMAWhkCWKNNJ96kdnnyuVtp5tU732RBft53Z1YwS:12000000000000000000:OKDOT:CHECKMYTH
14fxHk4BBrGWpCb2CrjRNmssYM6BzakZCS41noU5B9urFTy7:12000000000000000000:OKDOT:CHECKMYTH
158wM6HwX3e2vKroyQcJYMtucPnqJDznhdoEApx19wJWiD9J:12000000000000000000:OKDOT:CHECKMYTH
14KNYh3v11qhtFeqwEG666nF59VeqSzZ9hZu2LM4yDXnquj8:12000000000000000000:OKDOT:CHECKMYTH
168tsQXRoCZa1DxrX6ENVn6N9fAAwRjzC8K7b3wTjjKFiawX:12000000000000000000:OKDOT:CHECKMYTH
151XY1wcTnA35kWTv7qdfj86wdWn5xyDe4w3JpkMcBsMor4G:12000000000000000000:OKDOT:CHECKMYTH
15qshP3Tihhg64ZkLrAHAcT4hfY1psJy3VVUs2sjdS5vLF5L:12000000000000000000:OKDOT:CHECKMYTH
15MqtUxKPtftFUUVrbc1py8bscXtKEnjcKZQTgaTPfqJNL7t:12000000000000000000:OKDOT:CHECKMYTH
1C82NcPCGksqiH5nttvNzH1GyJyqzfqU2AhP9Zgh4Tuyko8:12000000000000000000:OKDOT:CHECKMYTH
12bAyUGi2L5TNTT2vCmMi7utc7JiGxVnTyz7NgYMNgAnAtZF:12000000000000000000:OKDOT:CHECKMYTH
1tvfjYQcadu1KuiLu44owqWSQtVSLSKfNSZVVR876ZNGfPW:12000000000000000000:OKDOT:CHECKMYTH
1ZaNwcrUE6AYZYSjhbxiq5QvX2zZ7psyRPHz6YHPzTsVUao:12000000000000000000:OKDOT:CHECKMYTH
15jYALTj1TMyPz3hicee25uRh3yJAfPPDH9fQLuAxyZJQ1p4:12000000000000000000:OKDOT:CHECKMYTH
1oP2bCFrraVbUTJoCx7abJgt44z3Svx9gP38FZpTfCi6Nns:12000000000000000000:OKDOT:CHECKMYTH
12i4Z8QYDz4ew7BAUKKeKD3fRDo2kMx6giwKo2s8aHRUYrWS:12000000000000000000:OKDOT:CHECKMYTH
126WcvTaZLWkSGbJRpHrnRgpwvwB74sGmoEP4GzBrbwZffr8:12000000000000000000:OKDOT:CHECKMYTH
14sdsc6X968QoBGoFdJA56A5ZRzv4mLJeygJb7ZWWnBcxH4r:12000000000000000000:OKDOT:CHECKMYTH
1uPYh1kSsLfGcBHygn6XbhZP8rB3LWaL8m85f3bqQ6NxPsT:12000000000000000000:OKDOT:CHECKMYTH
14caP1BGWqfv5gr1DNfb9XZZasabXNKbDpMYD66KUhNrs2oP:12000000000000000000:OKDOT:CHECKMYTH
15rTMeQzJMmZuGnRYFH4qgSPmCKKqxTG93hKBpuKWRiER67y:12000000000000000000:OKDOT:CHECKMYTH
158pV9YqQ53MbfjTDu1sHK5t4atn8YotGsUuNwZmSPg9wvaf:12000000000000000000:OKDOT:CHECKMYTH
1VAJvh4aX7BftgUVEmRjD9jQPD7mrGBDULbNpF9dhWfrRJ6:12000000000000000000:OKDOT:CHECKMYTH
13MtuBcJwhBdtL9B95VhFLZwoGTmX7fyFQPio8AMdEX5rkr2:12000000000000000000:OKDOT:CHECKMYTH
14xgKxteVqFMhKGwyhKxcUi74GyJbc3iVH2ezDiVZ3kA7Ei8:12000000000000000000:OKDOT:CHECKMYTH
14Yvv8xEumAuDqYFha4aRk1ed1SEivMXXKx2tMK7X86wsjoQ:12000000000000000000:OKDOT:CHECKMYTH
16H8eeDH1tdSxQBVjmWVu6GhQegcbGvt5dD4Ts4gRwYXC7pQ:12000000000000000000:OKDOT:CHECKMYTH
14dJEkWb7gCwN4A7ii3AEMY9uWgGmtX69PgXHnf7pPT3ZH4H:12000000000000000000:OKDOT:CHECKMYTH
13D4uHPnkXGUPMASgqJYXa5hRtccjY99UiEm9b5ZU3hEnxGw:12000000000000000000:OKDOT:CHECKMYTH
12D1LAnwJW4v6jeuzBvXe7vm9iJszfVNpjxQ1f1AUbAeTbDL:12000000000000000000:OKDOT:CHECKMYTH
12EWTq4JyEdrVm7kW7TZDae3H3FRobwbM4JTsTgM3GwTvDtb:12000000000000000000:OKDOT:CHECKMYTH
1EqDjsq41EwDi6V4tC4SxUu3nYau29oArNsMcDcFRC1gCCT:12000000000000000000:OKDOT:CHECKMYTH
13QfnKrwZbEPKgnvHdwucohPYS6TCJkAgjiAyRcL4iuKi4Vy:12000000000000000000:OKDOT:CHECKMYTH
12qcHreF1LveshwChZd6XGWPe5CN86fk6WsLVHhS7PezsBc5:12000000000000000000:OKDOT:CHECKMYTH
14CdUoCKdDrWVXNkV89F6S498hL7ui5YJGZLXw5vY2nH5fgG:12000000000000000000:OKDOT:CHECKMYTH
12Ey8Cb7eSdqC82DfQDJikbmoBa9Q21Xmqt5HdTVB3fCCrzQ:12000000000000000000:OKDOT:CHECKMYTH
127EtP7M7jeQyG9J3Ve7AtkAdmbjzwWcRrTX1xBRceyk3awS:12000000000000000000:OKDOT:CHECKMYTH
143zRXdrTomMHmTtJMQrVEiD4zENDyfexc2GCk24ihRGfidE:12000000000000000000:OKDOT:CHECKMYTH
15DShbYNFvLxs4Rwpw1z2x3bYN32u5MMWhxSt9XZybxFeMNH:12000000000000000000:OKDOT:CHECKMYTH
152nvU2zuEFqsXLPSWtMVeeqKJBrvv3MuC3PtrHF78xb4duN:12000000000000000000:OKDOT:CHECKMYTH
1W17zu3bzRZqRy2x4TsnjuAKhGorLg9UMbrBxyCGBnRBCxF:12000000000000000000:OKDOT:CHECKMYTH
12tmfnnZqZwcm12e5z4nq8S6AF2EoJ4YYz4Ep4ANzgEfJRmj:12000000000000000000:OKDOT:CHECKMYTH
16J7bTKX8myg3JbX8UwYwXLRiWMtPcs4QkcKnK6DzBYncD8S:12000000000000000000:OKDOT:CHECKMYTH
15uQ3je4fZM9DJYEQWqZycYkdjR8rF9ukB1kWsBnCAizgMsy:12000000000000000000:OKDOT:CHECKMYTH
15MQGuzh2G3AXBftv4oVNSwDpAfzf5HKT53ijmebASdApHT7:12000000000000000000:OKDOT:CHECKMYTH
15hxZuXzD4zK2eXDh3zyo5AbHQF6PMH7w4vyhR8ZRHTP3XEZ:12000000000000000000:OKDOT:CHECKMYTH
1RmTz2AuHxnrU8nKN9N7TrqAfjjR8U9cmdiXGxefS7Y3h6u:12000000000000000000:OKDOT:CHECKMYTH
15mFtY38jdcgGjMJFDiqzYxsEy7gG8EGNbsRfhphbwBuQL25:12000000000000000000:OKDOT:CHECKMYTH
1fEhwTiNV2yNpGA1KiuSccspsxVxBdsJnAvnSt9zzrSM5P3:12000000000000000000:OKDOT:CHECKMYTH
1p2WAsYYbutDfBy11A9y5CMWJi4AjokRpnFYGhBudzDH2bw:12000000000000000000:OKDOT:CHECKMYTH
1YNkFgiNjgi8qLip7SPTJkn3Pv8Djxt58UBMtdGwj864yVR:12000000000000000000:OKDOT:CHECKMYTH
125D9FaGnZdu6xJDgerYNYwcNmGXW88ynah2EdPgEea1HWCe:12000000000000000000:OKDOT:CHECKMYTH
12cugiD9a7dieCcgZTQqCixxSKHkwoWQGXobpSCgZ27noGab:12000000000000000000:OKDOT:CHECKMYTH
15rxZwz87wy1rHaLTaK3VPKciuELTEj4aYiejP8o8SNDwhr1:12000000000000000000:OKDOT:CHECKMYTH
149Loo5dYKF55YwLxkYFSES7ofU4ydPCmTMUxSTfccxFNd8F:12000000000000000000:OKDOT:CHECKMYTH
15pNgtYxkpf5ni8Qy3ahur4YwdGtzCCuCHsSPRKanhUmMmVx:12000000000000000000:OKDOT:CHECKMYTH
13NCLd3foNpsv1huPDzvvfyKh37NEEkGFotZnP52CTR98YFJ:236000000000000000000:OKDOT:CHECKMYTH
