12T29zZbvs7yiGiEUY12kQoNA3xpugX3BZjHRYhg4ayrdHat:12000000000000000000:OKDOT:OKMYTH
16ByEzC4PC5Vht3EDVRq4XHxnrRJL1DAPmCAz8DiLhfUuZif:12000000000000000000:OKDOT:OKMYTH
12UL3z7K7AiwUmEQvym4vZjaMFnQZLgD1Eb3bjVJeQaZrvm8:12000000000000000000:OKDOT:OKMYTH
16VG2aHiNns6bnyYhVdL3cQ6jt3ZjiAPqRwBAVwM2FLWyHGy:12000000000000000000:OKDOT:OKMYTH
16gfVE15eAj7joGmN7rjYNMwX3b14tGp9X8K3Wy8YftkLcT3:12000000000000000000:OKDOT:OKMYTH
12F8vbGjq2nN8EW89mo6twgVXKvjZvmtcRbG4CeiRjmUfvSJ:12000000000000000000:OKDOT:OKMYTH
14r7g3oWL5n8Ez5HZfcBrBYUHHu1CQ2evaJvrm9AiEnVfbv8:12000000000000000000:OKDOT:OKMYTH
16Qy8yCfxW6xV8FJep7FCo6pYs6muLv2XwBuh2Gm7UnwMxC9:12000000000000000000:OKDOT:OKMYTH
13d4y356YfSKNuZa5ZeNYhyEomhRrtCNuYyVoKiY7SpjfVJb:12000000000000000000:OKDOT:OKMYTH
16m175xDxxTZor8pFfaWvSw3qxaN5aEZVKJ7TPwUKzDQGs2A:12000000000000000000:OKDOT:OKMYTH
13bN9MWj9ftyjk5MVqZj5EdcMgYamt5ZST2ivJxGDNBvRBjx:12000000000000000000:OKDOT:OKMYTH
14mCvzNoBddGViMDjZ4UmScShMc9ii1BZVdPwr6tibbyHChC:12000000000000000000:OKDOT:OKMYTH
163AwF1UVy4Ewmje3VBp8L5FCXh2Sv4u3btUuXdAWwaNTZCo:12000000000000000000:OKDOT:OKMYTH
1284WTTfPgmQxzGusowAoVWKxpF8SVAB92jHPfWWRVMJVNg2:12000000000000000000:OKDOT:OKMYTH
14BxCedCf3t79yeSVKmBHsvDPbPomNXHWJLjpVHkU35mgEmK:12000000000000000000:OKDOT:OKMYTH
15jfMF7gnuu8mXKZkB47bQxuBnvHLTGpuoZkgRcPWhKDTU9X:12000000000000000000:OKDOT:OKMYTH
15ENx98puima5qfMKkNHHAY2YC9Sr6mG1ThDUoyqXyZWpU3N:12000000000000000000:OKDOT:OKMYTH
14htt5TwLJokKrbZLNxrFc52Sw1zqNaWw34gbg92b4VgNt41:12000000000000000000:OKDOT:OKMYTH
16nNy1YDnArihDqqNxMc9cd8vZhSPupjxR4AiNCmavqQNoUm:12000000000000000000:OKDOT:OKMYTH
13165vgBdVUd5JoppinkjUSnEkrqG7PdvVwK2rRax32QQSRt:12000000000000000000:OKDOT:OKMYTH
15z4swLdkbQaTuaZVvL3RwRKJXcoVbF8KV8A9RrZ57N64UUW:12000000000000000000:OKDOT:OKMYTH
13TzttgMMjNZjkyHzYNRnUfJsfW82TgYLMZ65QoZECohiMuF:12000000000000000000:OKDOT:OKMYTH
16TWLTk3EYyknPJ71FPF1uCbcoGMuTaemDj2MnJC1PvJ4eqT:12000000000000000000:OKDOT:OKMYTH
13jM1HSXXiemFabypvKW1VBiACd6neep4EPzKbTfL1p1yMpu:12000000000000000000:OKDOT:OKMYTH
15qvEfeuhEFhT5w5yzgZLzTT2k6VJDwHmJstQkCk8b6Bp2Rd:12000000000000000000:OKDOT:OKMYTH
15AGyVTE4VPUCcmuAYSEwEe657xGBQLiogimrJLVquTzsbdw:12000000000000000000:OKDOT:OKMYTH
13Ug4zjzjCjmK4nsESRokiN7jxcWb41iNiZ1ma9ZzydV2KNy:12000000000000000000:OKDOT:OKMYTH
122rUepWTJo8c1Yz71euvPHgNrb5QDsNq1AYJC3kHGhXvpX7:12000000000000000000:OKDOT:OKMYTH
12wYUXvadC4vjWADXWkc7iWL1C6WuWXGrEXkuEsN9myyvhtw:12000000000000000000:OKDOT:OKMYTH
14JFrfNqdVMijQWvBS6weBV7xJGcFLJwcEDbofV6aZBURjUy:12000000000000000000:OKDOT:OKMYTH
16kSt2MF1Y45cj9r2YFQAiB8zQ4eB3uRZwbYAfv3qrx17Cui:12000000000000000000:OKDOT:OKMYTH
16RyPoAqPr7AjpDmeib7Uv8ZvoaN57N2ot9PBaxFfgTwTZTd:12000000000000000000:OKDOT:OKMYTH
12XVtQpUkH3jFaqkqVtufoBLbyapZxcwg1YUpyqFqnQvyqZf:12000000000000000000:OKDOT:OKMYTH
13D4cUBTEK2bF1rx6f1XFJ8Bz8QD6LfuDPsqcJPehqC2Lpzf:12000000000000000000:OKDOT:OKMYTH
14uawNJShJtDPio52sKHVTFj2VgU8zCv54FJ6xBaTxxSLxb:12000000000000000000:OKDOT:OKMYTH
14cFKtA3zGyX31H6wjwoAYW7XudaWY8D58XDcT87peLnkuyt:12000000000000000000:OKDOT:OKMYTH
13gh2vWk2KYh7jdkoVyoJxUDSbbMFaarXq66pTrTzUD5kzEZ:12000000000000000000:OKDOT:OKMYTH
14HRMn3EXFix3rk65hJBE5X2PbjA7ae31T1bKbJ4rATsBoQF:12000000000000000000:OKDOT:OKMYTH
16Rep3HeW4PddVcFQbijPvfcb4cye8ixVyzNTvr7C1vvTMkW:12000000000000000000:OKDOT:OKMYTH
1zTuzb8m8T46zUBBWnfD3bNX21tYKWafSLZu1TT7nPqHztr:12000000000000000000:OKDOT:OKMYTH
16UgZhc6YbwBLkm27ZC3Yxo6EdfrtttY2gm1mByBhe3ucLDg:12000000000000000000:OKDOT:OKMYTH
14VpHERtvw3gVTHSsnVCEy5SiCBnJ6DXSHityoBh9pEpBFDh:12000000000000000000:OKDOT:OKMYTH
14iiE8EesDdrkECugNLZkJa7Vb9NfYTbq1VEkKumpMVUB9iC:12000000000000000000:OKDOT:OKMYTH
12fc7idn8ZYgQ7q3NAeoZKryaByCfpZuEmXJrsHyifnbkGmS:12000000000000000000:OKDOT:OKMYTH
14gDSUPRHsNuPZK5cvQCG5XCAoZUZcq7z7HwpJPSejJxTeBB:12000000000000000000:OKDOT:OKMYTH
14PeTWWm28x98MBXTF99WNAgQwx9m7erJpcxM8Sn4YZpnVAe:12000000000000000000:OKDOT:OKMYTH
14Jga2VkzsDdcDMXgcuzyhdwyPKp9QFHVhmSzvbpEV5n9hgi:12000000000000000000:OKDOT:OKMYTH
1sBaYFNu24hB9T4tEPJzyUegZKV3yzzhjszPEWdXLpFZdg5:12000000000000000000:OKDOT:OKMYTH
122Y99rvWDRLC6FnidWkL6nY7qovhLeSyumWVHy5qWKJSayA:12000000000000000000:OKDOT:OKMYTH
14fqzsZgX1o6VJDs98eoJC3d969GML9sgL6P6hHNqXzAjmyT:12000000000000000000:OKDOT:OKMYTH
12WEFY8rLeWm8u64jHCn2gTK8eKpQu8LrBwPDeFvRpNUhHjx:12000000000000000000:OKDOT:OKMYTH
1zH8wCfqM4XXtG6ugeDBq9uyDEyYK47k4JGiFVEWDiEbAx1:12000000000000000000:OKDOT:OKMYTH
16cEPjLsFbPaMSE1QrGFQxp5abRC4xRWuFZdEyKUAkfHzwx7:12000000000000000000:OKDOT:OKMYTH
15x3hZCy4hme4WSFjR2zhouVyLtBbXjHoXB6mmxpSHLMs42s:12000000000000000000:OKDOT:OKMYTH
12ha6xijc7zmhnvLDFdBFVBPqthn7coDAA43iVxrjcXatRXA:12000000000000000000:OKDOT:OKMYTH
12VbNyztPGgNZ45W1LyyPAmyccLt4P8imXy3f3F7s6zjXLKx:12000000000000000000:OKDOT:OKMYTH
1489zP39wvAcYcyzkYTqVLSTfsVopsnQmEEhum8eURdWYUER:12000000000000000000:OKDOT:OKMYTH
13W3oBJHXPhBeVzvGM21oSk2kSv4yJi5L7QaADKEWCuaJBiR:12000000000000000000:OKDOT:OKMYTH
1492W5wbeNwzFWrDWhyxNk3PzotWEe8LsCGD3e2uK2XFF5wC:12000000000000000000:OKDOT:OKMYTH
13sTgGggpKtbsWVkESzEQgzF5xm4CoiKoPWx3AUSPReut5ad:12000000000000000000:OKDOT:OKMYTH
12g5DQGuKKcFD4KTse1uGet3omsa5Gviwky1S2LRvV5A6jLM:12000000000000000000:OKDOT:OKMYTH
15PtVWL95TSgonoRynJg7es89YG2Hzg2Zy29cBA16Mrmm3A6:12000000000000000000:OKDOT:OKMYTH
14qjjni4p1zhSMkzmhjr8X1mDmt1tpeVmmjcSKffKeyDbXob:12000000000000000000:OKDOT:OKMYTH
12KBzpusLNDPrrLMY7qXLCH6SMYrUeWSoAQ6qRuJzbWiZ2nS:12000000000000000000:OKDOT:OKMYTH
16Am1y7FFyZ6srpKbJGP7yMnATQwastjiFx54XuC1AP99Q4w:12000000000000000000:OKDOT:OKMYTH
164Dht84gQCyDJV8dkNxcrgcsuR51edbmpbPsyKfVYeAm2LJ:12000000000000000000:OKDOT:OKMYTH
12bfNCw3b7CwKWjRVDnumo9c7Lg52rB5L7yXFCmH536rTYE4:12000000000000000000:OKDOT:OKMYTH
14eJBz52BAmADdkiU9KGD6CUAzwWCfRskd96vJkWAKF7s9ty:12000000000000000000:OKDOT:OKMYTH
12vsDdM3VNy7qmuD2986U4Ug7WJcLH6ESqsBX4YzXn4mGBa4:12000000000000000000:OKDOT:OKMYTH
15Xw9uXXcS46vyJspaFCJcpFAkzQp1aEJa8cEbyJZnwemRzW:12000000000000000000:OKDOT:OKMYTH
12iKpyYKQFPa82nnvfQ9L6oVe3T8udAy55NRisjnnVGejE6i:12000000000000000000:OKDOT:OKMYTH
14z7XrT5GbJDRKcyXWeUwXSfD2c1xfKa7zPhLSxtycb2jqr1:12000000000000000000:OKDOT:OKMYTH
14iLSFM5uuV14Eg3vZgYEZYKPz4R19wPzeNybq3UQpuyVvgk:12000000000000000000:OKDOT:OKMYTH
13A4wTY5c2hVq1QwLVRCiMWgCp24B53R3pySe6U1KkKNfkjz:12000000000000000000:OKDOT:OKMYTH
16Z9UWxLtudwLYazFtpPKP9Au8Z8uaEzyko44zPZqtqejzj3:12000000000000000000:OKDOT:OKMYTH
14k6j3sy5mzozDfUWaqBPhuY3pu9AUqxbTNJNdw9rTFj3C9h:12000000000000000000:OKDOT:OKMYTH
1ne49zeqHXHgNCePtZ96XkngHnV8oJ67GT3XHzZN1xuBGrY:12000000000000000000:OKDOT:OKMYTH
13mgy5bz2H1S9hzuVdpBTH5jhPJf3aTNMxFoZUPeoZGWduwT:12000000000000000000:OKDOT:OKMYTH
15qP8CetSjQcf3Uj1PhEP7b9ewecYHfaCRRkrF4aS5iWADg5:12000000000000000000:OKDOT:OKMYTH
1PS6Mmti55AjQwqSULF5Txayxs7beu74BS3Y9pcwsa4MChe:12000000000000000000:OKDOT:OKMYTH
13BTeAWkxWvCaWYJ9yAeFb1APQz6NamYh6AHqEoZKsLBSi4u:12000000000000000000:OKDOT:OKMYTH
16YHuy6xCzpREY9Yf2iuLf5ZTZXdR5Xo7SyvtwVAGvZhk95Z:12000000000000000000:OKDOT:OKMYTH
15reQoKiV35mFkCMEM91Q728u5UiL363iM9yagTmNhfdStos:12000000000000000000:OKDOT:OKMYTH
1N4j4CDrax43brpMqtG8m8g5KnkpHDmnbGsXrmXHPceQzDR:12000000000000000000:OKDOT:OKMYTH
14n2F5cu3b7DFvKsJWuZzXU3DeJ8kvv34rPSuv1zQJRf29rt:12000000000000000000:OKDOT:OKMYTH
15MacQbfwAoVbgbHVADuiHg8muZQ16bV2bySAKobVD9HD3UG:12000000000000000000:OKDOT:OKMYTH
13TPVwMVbF8ySGkR4ACJwm5uhD9PWgcuMoiw5tVdgtZBSJtn:12000000000000000000:OKDOT:OKMYTH
13G4ti2y8w7dRjvUxhHooKDKEjJAdmRW8JRzPayuXmxPHmfj:12000000000000000000:OKDOT:OKMYTH
14K4MuAAhgVqDYdndhvBFbWDqsv6qGFYxxhQD97156DDaZXn:12000000000000000000:OKDOT:OKMYTH
12TPfFas3on7QBcNDPCNAvmG8wNVRSYytDafP5VMsv7XJJos:12000000000000000000:OKDOT:OKMYTH
14f6bmEYxrjnu6V3bpFGF4DB3iphRwoxbo2MXM4McZmdtg9Y:12000000000000000000:OKDOT:OKMYTH
12VRQA8LJTGFGFbauBuuK6H7wKTm8v3uMFTJSReuUaDLqXZf:12000000000000000000:OKDOT:OKMYTH
14RLPri53d2iM77DW5dcmRqc7W8Bz9xXR69fj9hraDYPpC6y:12000000000000000000:OKDOT:OKMYTH
13UXEMi9uYKvPPGSoXryEzanSdhdXPNsbmbHUi8HeQ5TWcz9:12000000000000000000:OKDOT:OKMYTH
12x3RtD9thC1QvTCKAJ2RamTSAGcCETKZ9dWGexhjR6mFejP:12000000000000000000:OKDOT:OKMYTH
1EpzK4jfZLhAc6FkuSbxK6f6Qx2pJMxcFzuoXWRyasEKZYm:12000000000000000000:OKDOT:OKMYTH
14WhCStNL94MzEgDW6DsfobjGKLa3RP5D4cidcmZPS6dtSJD:12000000000000000000:OKDOT:OKMYTH
1AbzdP8woLfZmbZjaNpbbNXnBwi6raAEy2gBPH2QLR6pETm:12000000000000000000:OKDOT:OKMYTH
139eNbRrhrEZmxm2p74Uj4mg6ndynSKcpmEo6XavSAaUzRH4:12000000000000000000:OKDOT:OKMYTH
1SpgZJqRfQw5FpsTGQ4fDLBoTnpqTQzgwwM7qFAKrYfQLT6:12000000000000000000:OKDOT:OKMYTH
1668WCcnRnpb2PiRTrVNWYnEU6MZLybkSv6ZeTVhbD4EspsH:12000000000000000000:OKDOT:OKMYTH
14LukyYitmKZ9kV6gjM5iUj1miRngzq5c4BDhkoaPQnyNzf7:12000000000000000000:OKDOT:OKMYTH
126KpPNy4e95Pww2BGJfQv5HCWQ7obzfDpxxWUpbGYZcYTA7:12000000000000000000:OKDOT:OKMYTH
13VUfyjCwJfhqRT2wB6ZAuWmYQ7SukZaV2tJ8TptyVbshcMz:12000000000000000000:OKDOT:OKMYTH
14Kt2DpYXkkRKjpP4HAUya5QH8UWbwTogC9gXnWTftPesffY:12000000000000000000:OKDOT:OKMYTH
16McaLsTLMzJazBf7ofRy1w4NxFkoPpGSDKwo8n9zzD4QNDK:12000000000000000000:OKDOT:OKMYTH
1wZvJKPNRUxS42CXoatRHKWfjnA1wTKpMANRzBuKV32m2YS:12000000000000000000:OKDOT:OKMYTH
13JQUCwUhXrpC5B5srCbwFjBTYXK7RscgFxf5kNc6kJN1KpD:12000000000000000000:OKDOT:OKMYTH
15qSU15Smwt6r8zgY8dvydSSj9eYLAC2cXoRbS3Kt4iJRfi9:12000000000000000000:OKDOT:OKMYTH
15Hf1CG8cZ9vaYZ3b26PJPS3aD9m7LqWYTkYkEZrjfWg615Q:12000000000000000000:OKDOT:OKMYTH
16925dtpETSn1JUKuzkHfhfg3uk37M1mgBpKqm7Fa4JBMRJJ:12000000000000000000:OKDOT:OKMYTH
1aLNXsBXjHX3UpZQNdunZb2jpzZMs4HR7RZ98ufj7sT8mzz:12000000000000000000:OKDOT:OKMYTH
16TUFWHcada7zzDvDUysseGekgyrJcdoEYss5C7N9r6KGVXy:12000000000000000000:OKDOT:OKMYTH
15YwkPPmbsArwa2LRfE1eAGG3M5981tWRksZ7ZQFcGBg9CWd:12000000000000000000:OKDOT:OKMYTH
15FushobLWHVCB2BPz5TXyMGJH9mEf7k5oJcv8xcpofwHjaH:12000000000000000000:OKDOT:OKMYTH
1J1bAaDBw4nzPxwVbJMkW7xGue7RpqXxj4UHTV2cpKjhxE9:12000000000000000000:OKDOT:OKMYTH
16jbbA88VVjTcv3uAK5HsK577BP4kfePSJUJVScEtMcRCX1j:12000000000000000000:OKDOT:OKMYTH
12QG2DcSRa72CNcPVLG4aX8SfdivWw4mvUwWhbEHeNrr2wVS:12000000000000000000:OKDOT:OKMYTH
13bzCqFrwQB7uj99LRNJdsgCaumUS5joQiJFioEYVnneDS1A:12000000000000000000:OKDOT:OKMYTH
16ZbvHYRnoV4LYmp1FCWe92KZ55iaooubAWBdJ7DDnU4WiGQ:12000000000000000000:OKDOT:OKMYTH
131vMjt1YpoT7HhywYRK6wpmsyfLpVVPEYXMS2X5i7BY2asf:12000000000000000000:OKDOT:OKMYTH
15TWH9HwseGzYFYUB8riodFVDD9jB7NRKxvCzkPSL3ht3YmT:12000000000000000000:OKDOT:OKMYTH
13XFYhmCr9enQ1CYaoc55YgLsQ2ksVCK4ryz8P25jbwGqdB6:12000000000000000000:OKDOT:OKMYTH
15BQK6nBmkPZu7w3z9Pf13CNebYMU22GetnRkQp4AVtBXX1F:12000000000000000000:OKDOT:OKMYTH
1yUVEygGaX2Cpdyeq6oaEy9Buvo6Fejxyvoa8prA2LWYWf2:12000000000000000000:OKDOT:OKMYTH
14EWfkQwrs2as83bUBkUPZUoJQEN6LRCTJ5hLeCe4e8m361t:12000000000000000000:OKDOT:OKMYTH
13SwjPhejzNXmtnszLZ1T9oBmyJAoT1iqCZxRUzQxz8NaM8p:12000000000000000000:OKDOT:OKMYTH
16W4iUw276qcR4u5syr2N6767pbp2DmosP3KDKq9QJVCdg4x:12000000000000000000:OKDOT:OKMYTH
16b4n8aVaQjEjECrJZU1aHwEuUTowxeToYBSUG9kp8wFsFp:12000000000000000000:OKDOT:OKMYTH
15bqkri7qD43a6oHsxgTHTTeQxGUx2VeD6LiSeN1WmK1rzB8:12000000000000000000:OKDOT:OKMYTH
16Ww2gPeGzmeSAKycbgRmNTGwAZGu1VhxCxJTXiDUkmHQx8W:12000000000000000000:OKDOT:OKMYTH
13PkoCw4eNxYJt53Fa6oHkqw2xTbT9Ff3xQ3HmNcj1FcLgSb:12000000000000000000:OKDOT:OKMYTH
13tDK6FHsmjsXffjdUdsKWTkmpRdTiZZUm17FzZseNsX3JkV:12000000000000000000:OKDOT:OKMYTH
165VXTHmAZkD8iyZerrKGdaZQFC3TAQi86zCPtXQ1Hxu3ktB:12000000000000000000:OKDOT:OKMYTH
16favQo6qVHJNwPtfjwVUTAD4mzogbrqGmGVadQ2xkhTtr2S:12000000000000000000:OKDOT:OKMYTH
13ExKAfrmrpBs85AS6CmHMWuscMv5bwv8D1vk3XMbDgm32nX:12000000000000000000:OKDOT:OKMYTH
1yB2HL9Mn6V8sbsqwWCxSiLxV9tamBQ7qrsncErPgbRCEbV:12000000000000000000:OKDOT:OKMYTH
1328QuUHC98wqnB2mi2fVVR6xPCCdZsCcZS6veRHRsz6Aje1:12000000000000000000:OKDOT:OKMYTH
15HG93X276L4huMq5XTmCJRbWHxUeUMMjjb3nGCnzATxkkha:12000000000000000000:OKDOT:OKMYTH
15qdFTnyyyDgVrMM2BDGREcaEqjjvqAvs232bmfHr6cE75x6:12000000000000000000:OKDOT:OKMYTH
12MfyZFhYdbqxcgVFqfdtJ86GUvARFkuRL4bVpBuQBN9FXHC:12000000000000000000:OKDOT:OKMYTH
1LEV6bBTMMxhFcY7kW8NrVdY4A4mv76XwAgWQKQLDGwen7a:12000000000000000000:OKDOT:OKMYTH
13v4hxQQnKUZmtQ6Zhjnhubkg3vXmpcY7bR837y2oQm29R8t:12000000000000000000:OKDOT:OKMYTH
13o8bNbU2LCMaewUjH5GuigHa4dzPThk2DRnpj6EBJ5AkrsW:12000000000000000000:OKDOT:OKMYTH
15Lc7tEbuX5L9CXmbCTKcVepYr5cuPvu6kxU31xHPZxukL4e:12000000000000000000:OKDOT:OKMYTH
16CyPRaGKsUPGwLhau9nr23gVCjopCJmEAmnaZbjgw5Lf9YL:12000000000000000000:OKDOT:OKMYTH
15VH2a6KDUoh1zDACt9dPTjSMaeEh3xUSDaKr6CoVDZGTtZ1:12000000000000000000:OKDOT:OKMYTH
1bruEUmbM3dhqw3ajKqwBLkaHC4dLEKqLSTx281ZZsrD7aN:12000000000000000000:OKDOT:OKMYTH
1nXJBopkAbMyg34HjuyJb7hu4tRYt2MiRVqNHLYzxb7yCm2:12000000000000000000:OKDOT:OKMYTH
15X2omXpE1ERgEMESn9CRnEcemRrFUqNU7MNvbFRLUZqtzkh:12000000000000000000:OKDOT:OKMYTH
1DKtkGaKxH838tGotzEUCAPQpSeqCCwjMbvPWyJ4Lby7LSq:12000000000000000000:OKDOT:OKMYTH
14KX8kLZ49Up3ZSBNv3WJNCS9GxLZmzpSM6MR5VK1idifYq4:12000000000000000000:OKDOT:OKMYTH
19sGa4hGZ9D79eNkmPskrdiBCerG9xQ9AxKMTzK5vvt6ZSL:12000000000000000000:OKDOT:OKMYTH
128HXKxjxVKvEy4JeMyN8BoJSCNj3mPrmyYnPgGH6PpsBED5:12000000000000000000:OKDOT:OKMYTH
16G8fCVerQA2onYed5UaVvFCaoGyxPqbK15NeXiXkxy332UA:12000000000000000000:OKDOT:OKMYTH
14bYyD9bj8N1FAj9humjLff62M9TN66H3KdhXFv9gFcs2cvn:12000000000000000000:OKDOT:OKMYTH
16SSm698bQv4WiG3z2qdwKkpg1XbPEGtNsGBMiiKNRCMC3bB:12000000000000000000:OKDOT:OKMYTH
14NGq6XyxD53rg9W3mC375cX9J1g4FCtc7k8sn8mx7cgLJmz:12000000000000000000:OKDOT:OKMYTH
165rojr7x5VgWbjkBXYsXa9kGWsGUAsGefg11X9oGxopk1hX:12000000000000000000:OKDOT:OKMYTH
16RRL3viF8bBFSUjcQGCdhywZor5gADj9kdQR2HcNXzHmD3d:12000000000000000000:OKDOT:OKMYTH
13XQwnFH7yoQG2JuqBimuu6aeFt9jfSM4ZLjFS76UeLRds1x:12000000000000000000:OKDOT:OKMYTH
1ftWypZoCAC3du4j1aBtTzPYyxCu1sKE4Efg47dVtaMDZKQ:12000000000000000000:OKDOT:OKMYTH
14Smg7Neb6V9y82HrnBqcLTevi1M42mhj4KrrW9iF7m4Ts4N:12000000000000000000:OKDOT:OKMYTH
14N7g1z5UTs2zi8r9krgWu97HnNf1Rfdidb8B7WxoxX8bDWV:12000000000000000000:OKDOT:OKMYTH
16FD5rGkmQqJZ7d5kAd2hRPRM3JvDAvndUZzH7bjyrzsq2Bb:12000000000000000000:OKDOT:OKMYTH
16ATXzHF1wMp1FgP7qd5S51Dv5HmaEJSDN1qa6xhtPVPwtBy:12000000000000000000:OKDOT:OKMYTH
12ugqfdN8wsc1fLimC2k4g44qEmN8rxvwpbDXER7WrseDjgb:12000000000000000000:OKDOT:OKMYTH
15dXWerAbHKnMcgu3AJzihyVH2pjfs7LHFvJZej3uZwTjmu1:12000000000000000000:OKDOT:OKMYTH
14NR5ojDqtF3tbZPkFRdWp7kEBu2GvbKRxPq3F63doFqKtCe:12000000000000000000:OKDOT:OKMYTH
129FkFipXEWiNAZhrRePQCFxhjFKDB7WXKMUnZcLTSW6t4dc:12000000000000000000:OKDOT:OKMYTH
14VsEd7jxioB8vVNLnC6YKYUYznhLHdXPifNtGqJPXhWBLvf:12000000000000000000:OKDOT:OKMYTH
147kFK7iYv9PyKj9xcjpVbJjDQAGSjnnC77RJGovUpH4jMoZ:12000000000000000000:OKDOT:OKMYTH
1rEH1A4ZzpDzg87sApz3Kz26iQqAU23yx8PY884HLNhgJD1:12000000000000000000:OKDOT:OKMYTH
127psHtE2Wd4pGuSCv387nXs4sdkvUZ19jxuDEWbkSfJtaku:12000000000000000000:OKDOT:OKMYTH
15gw9AeZ41rkjtZwDDxwRyYEeSz8mwLuc1fkA84y3nEqPbeD:12000000000000000000:OKDOT:OKMYTH
12VQsmu8oRUZBQyCfH8mq5kTU8Ppacs7qkhUCD49CJFHYmUx:12000000000000000000:OKDOT:OKMYTH
12G6bAWuXLuUm7fgfaC9sBBcyajtqNrrNyhomK7gpRtAbY8d:12000000000000000000:OKDOT:OKMYTH
13RgSZynaDz2fnUUB19zVxb6WJ5dnB8EmtAdqeV2HqykMHGt:12000000000000000000:OKDOT:OKMYTH
13Fz2rBxr3QiLTDw5vPPN4ou47ewvscEbdCXPq2bNTUsJdjZ:12000000000000000000:OKDOT:OKMYTH
1LbxSJRy3TCBrxJLBZkBTogV2zvqeUo3wVaZid4iVg8uJ7a:12000000000000000000:OKDOT:OKMYTH
143vQ78596AgyyhADnHRDawYVpJW2vkqp3Hcx6djYcw5TAqp:12000000000000000000:OKDOT:OKMYTH
13HM1mFVGLx8bCC3zJ3RWvhqDTKjgQJWHLR4tww92S4gkADw:12000000000000000000:OKDOT:OKMYTH
18iUQfo2Jgh36cs42nuDMikBLWpo8DDy7x3QKUWKNTSNgoE:12000000000000000000:OKDOT:OKMYTH
15J6kCNA2Ea35G8w4kSzPzc2S1BmAJhdo6AFX9FyBDi5gi2i:12000000000000000000:OKDOT:OKMYTH
12wcFJ8kkqozPmPLcafAJUR1XsyPiGtbhKnXaDFJwNo8tMES:12000000000000000000:OKDOT:OKMYTH
1FAptxFY86NvHuKhWGcgSLyfh5x6bFHHXduq8sSRjD1ec13:12000000000000000000:OKDOT:OKMYTH
12pDTVKMtRagZVxYpKMn6Pb1JwsUqXC121RVcBwU4o3xG29V:12000000000000000000:OKDOT:OKMYTH
16WvyaGnwQNt5yBRMdzHzJU8TasS3Adn6BmQJrDrSHXNJ8iP:12000000000000000000:OKDOT:OKMYTH
12BTDz5YP9V25Ph9xYvbNWRa5s3TuAqHK3W21uqW8E1gJy9c:12000000000000000000:OKDOT:OKMYTH
12A97TptUMsyTcmuvHHW6km9BfKwcJBz4p96TDYbsGAr94g9:12000000000000000000:OKDOT:OKMYTH
15erjkaXKJJNbmhnAuGE1KcoQsxio4ov3ZughihoYUwj15yq:12000000000000000000:OKDOT:OKMYTH
14yJa7D5iY1uHEBgoeSAKBUdRxGUd3n7fvrF13LN2ihnyDFY:12000000000000000000:OKDOT:OKMYTH
12mVqV6YMFas23XZrAC1rpsbegM2USGiZ2jYtPWanLy7Ro5k:12000000000000000000:OKDOT:OKMYTH
14R2o8812r8fqs3dnFchWRoZLAboN4KJrkQf4fyWXHAvMVqY:12000000000000000000:OKDOT:OKMYTH
15vDNanwgTfXiA1DNyunk4j6fR5fJ5Kfat9w4QF5eedXoSKu:12000000000000000000:OKDOT:OKMYTH
13cgXtbhL1rucPyfDPkC6Jn4a4MacbVHeR433CWb7h3bGnZG:12000000000000000000:OKDOT:OKMYTH
13Jj8BZJ9PKcXyDZttydxvXtZQqTem14UST6gTV1EL7HTgmJ:12000000000000000000:OKDOT:OKMYTH
1KF9xb3qBkbxDBB3DQEoUfHh9foTYSwyufmiGroUmGbmVUq:12000000000000000000:OKDOT:OKMYTH
13jPFizKJnnYh19C3BMurBX4ZFcDTvZZECoc95nnPnGGdrKo:12000000000000000000:OKDOT:OKMYTH
12gfWUCGUjjPFnu6q2bPfZJeACv3uZcudKPF7CWpa85SA5YC:12000000000000000000:OKDOT:OKMYTH
14ErdR6NHNLJb6d9rfF4uEgCyDTpsyz53buQ1cMSRUPth7Bc:12000000000000000000:OKDOT:OKMYTH
14yXUb7c2pJqq6J4jLaZMcU1nrDzjqGXjQb78xNLiXo5QiTh:12000000000000000000:OKDOT:OKMYTH
14hVT9ARRYQrVFniHFSaatRMJTRJxSBa9k4fZpMnvErdyBri:12000000000000000000:OKDOT:OKMYTH
154F1ELNtvDayTcUggL9hSSYkAS51v1SqFrbJuKsdnbSyiTS:12000000000000000000:OKDOT:OKMYTH
12JMGS7a55yPsum5LP3of5EdVaZjBChgH54rTFFf3vnhpWVR:12000000000000000000:OKDOT:OKMYTH
12i2N6kg8BZ9DP37kVTWHLwBSqrq7hAtPrHtban5RixGyeke:12000000000000000000:OKDOT:OKMYTH
1584PX7xNCFiN5wfy9ffJTrmLSjfBGu18Lk1WVKM4nNDnJgW:12000000000000000000:OKDOT:OKMYTH
14u4JTesDXKQhiP9LY6s2i9614buUUDMscYdkDMsNQq8NLqj:12000000000000000000:OKDOT:OKMYTH
15fp84UbT3S6YCoh9jSGGw597vQq4gLYZdPqHVV1n19yHeWv:12000000000000000000:OKDOT:OKMYTH
14paaqu5omGCi9nq1DxxWwshaq8KeAYHowEGM6FaNkJLLXRX:12000000000000000000:OKDOT:OKMYTH
1JHAmbwKcNmDay8JcVkifS4oGXzkWevSaai1Lj9CMe7t8ef:12000000000000000000:OKDOT:OKMYTH
14ckrxLAyX1HPAMqqSWTsBprME9whiX8g7quPeguwzMgXVz4:12000000000000000000:OKDOT:OKMYTH
15ofxqnG6GWKDq1LT6gZEGtAJXz71Wn9EVVw5dN8RdVsCXZU:12000000000000000000:OKDOT:OKMYTH
1AhHvuNWqftcAZNgzbZDUDFZVQGVGdmb2fz7HXtthuq5JwW:12000000000000000000:OKDOT:OKMYTH
146kJTU6HQ6p9JiN5tavJFZERZAwnJgh5sz1cpDh8KLfuwq2:12000000000000000000:OKDOT:OKMYTH
169mAsmskYzSH7RqZ9ysrHJtrKPQ3EGfk5ZTwvgs6dvyj5wG:12000000000000000000:OKDOT:OKMYTH
16T5cf4tVRWEG2H9ufeBsTy2athSRqx2j7wCGuj9h84dNDzj:12000000000000000000:OKDOT:OKMYTH
12focSgjQAfoTrxe5MLr7Hw9pn6R89uKY37AgF6xhjMEvLfA:12000000000000000000:OKDOT:OKMYTH
129EyEuKCvwBdDv67T4SAbPe9sEfJiQWmBYVBSRfGPQFwDLs:12000000000000000000:OKDOT:OKMYTH
14ZntZ2zSmJRZhDnahfw55TVgFXmeQv22fMzAzFmPmncoC2f:12000000000000000000:OKDOT:OKMYTH
16HLWe7h7zfhW6ZbH91k9QNhXWHfttxVFHLbFmqKENeyz5qA:12000000000000000000:OKDOT:OKMYTH
1KvLUehaX9mKNT53zc13a3sSf85YF8wz9edvbMGRPHB7AES:12000000000000000000:OKDOT:OKMYTH
1bFRiqgxv4Ley83BrstAyYTxP7Xbmp1acLUJHNiTsVHqd1x:12000000000000000000:OKDOT:OKMYTH
16PKShvRMaTtiubnfNqhrKRPiYjKwXpzAeGnUTGLdqCNNkZv:12000000000000000000:OKDOT:OKMYTH
13awBRvyJCJqPw1A1kPFfwK9ExdvpUzMZbi9CSmq79DyedK1:12000000000000000000:OKDOT:OKMYTH
16JhCAwd1ZHfCCs1uFTzdVms9QLBVyEgzYiALgTGPGHL7oAU:12000000000000000000:OKDOT:OKMYTH
13kFVQnB4BLBLXHvAQoce2o2sjj7vYzFMTPiLBX4jcy16mCx:12000000000000000000:OKDOT:OKMYTH
163DUTXiaAG1ruDWJuVfsT7UAH7jq5GouVo92AJNP97MPBj5:12000000000000000000:OKDOT:OKMYTH
151guUeaBSiJFuwwxPrm9gTnv11v4bq3wPx1R3B1EtgywKgR:12000000000000000000:OKDOT:OKMYTH
16YGgBpMXJUh2foxqhTvZBBbrafPcXXYeguBV1JveprzZA5G:12000000000000000000:OKDOT:OKMYTH
12NboAhADNNk72RHgDrjsrUyFQNgRStXUvzeMwcD1nWUUJSS:12000000000000000000:OKDOT:OKMYTH
1415NLpHNWBqSW8yvfD3jyzeHf6yxBzvQ58D2HTnUVgivaZk:12000000000000000000:OKDOT:OKMYTH
13bUJKDLmnnSBS4d9rQmLYgU5hB72UmngiwaWtRTAW6CPWCE:12000000000000000000:OKDOT:OKMYTH
1WWxtnsK26CNWLXMzZgERHqSGCqzayWoBpj1xx5i9hWkewE:12000000000000000000:OKDOT:OKMYTH
16Ezz2GsjyufodKwi25xL6TZvwu4w8FEbUD44rYMyPU7tDBk:12000000000000000000:OKDOT:OKMYTH
13dtdCCqvvxeRSQ1LzyMSkTmEzfYdFBipa3KyvEFbGtNaRbp:12000000000000000000:OKDOT:OKMYTH
14mRkvzXk5x7boCqUxdLCEEZZkAgD24WXN6AdCF4gg1pjxYA:12000000000000000000:OKDOT:OKMYTH
14JyvnJQpK1eM8oUuBapuwWPNnnn6ZoGA7q49hmNdfeNq45i:12000000000000000000:OKDOT:OKMYTH
13KVv3RMArG8xXo4KeGEPLqeynoWJvH9eeP185zdkmnYztHM:12000000000000000000:OKDOT:OKMYTH
13iqH8tLuTnXmBvHH7qe4DriFAEHaWJLWoSc9A8AsFkFR56Q:12000000000000000000:OKDOT:OKMYTH
13UujqBVKzQ1C33xcuXXehvq9PCfRQwSE1iVPkYyJyaycWnn:12000000000000000000:OKDOT:OKMYTH
15FWR6GHrdhWxNTMPn9sK9xMex41dnBCFCm5KjWKix3dg9Mr:12000000000000000000:OKDOT:OKMYTH
12C3CJpYD9WoGx4TyEighLmg7g8U9F1cqvPh4XxF7N7ZL7se:12000000000000000000:OKDOT:OKMYTH
1226EzP4G6inZrzbe9x7KSPRXbJLq4PFotuXpPnpptTHwREf:12000000000000000000:OKDOT:OKMYTH
13YVCrw2mEE4BuCRYb1itX1zufdh1KPVBBrCeaSEXQrNRc1g:12000000000000000000:OKDOT:OKMYTH
13aDGWRkGGRJYPXU7TCwtT8Faxk2WXEcTtq4PqY2JHuPcjt9:12000000000000000000:OKDOT:OKMYTH
16ETYWgEwB9s9Py3g7YNv6RLJyBtGykCBNmE8Bi2SoAqhVqk:12000000000000000000:OKDOT:OKMYTH
15XK7URSN4xw6P22ZYXPMbs16aXndeJyKzBjUNeiNmGTC3vV:12000000000000000000:OKDOT:OKMYTH
135yQRkiYK51qAsMYhFV4hDR7UXqMu8pg5sqXQcTdezTFyh7:12000000000000000000:OKDOT:OKMYTH
145NPEmfqyXxHRTTXPmisdNzjisDNTzJw8Gt9CLvbceRkeuC:12000000000000000000:OKDOT:OKMYTH
16Q4cR5vHLkoNqtqCZcdeKnZhY9a8AiXZAtemRJmMCpeiu82:12000000000000000000:OKDOT:OKMYTH
14NBZsmYoG9HjBY45uN3vNY5Y1kx8BcRBX1GwkcJEi6vq2Mb:12000000000000000000:OKDOT:OKMYTH
14s1GfL7i3r8qJLdRR26jttd5pm4kTiMDMehKbEekUHY4vnr:12000000000000000000:OKDOT:OKMYTH
12s5y7rV2FbTDCAgZVjyHLqbJKP2gh9NuvRqr9pQoaXJKxgW:12000000000000000000:OKDOT:OKMYTH
15PBkr9GJPrBoaYhMGs7y1qFEPd4F9gKwj8VqAiSi4TtRp32:12000000000000000000:OKDOT:OKMYTH
15WxW3YJyKXay9AyQW9rJ5dVhE6E4nbPaVsdnHYPKLtqjv4M:12000000000000000000:OKDOT:OKMYTH
1sZRWFxGPQy1HQsFjpEeQHTE1JdzPBZZy2brx69XTPMJTgd:12000000000000000000:OKDOT:OKMYTH
1RnDDqCD4GmFWXMs7dii8ikjqL7pXYhHDcJXzchiffsXTZz:12000000000000000000:OKDOT:OKMYTH
13wWzduSaSFor8H31L512FSzvPgf7eyGJ7MaDoZodXnAnxu8:12000000000000000000:OKDOT:OKMYTH
15dGVPDPoMTUjqApZfYCLVnvJqTJgPL57ZCYfPY7W4A5KGto:12000000000000000000:OKDOT:OKMYTH
13BAEffPVuPJ7gjQ59ZrggG2Sib24mQKgHa1QMPaoVuvssQT:12000000000000000000:OKDOT:OKMYTH
14u6ueV4N4jBs84GSRujeCYq1z1msmia6rzXuqeDTSxosGMV:12000000000000000000:OKDOT:OKMYTH
14swUTSXazhRgqrNNTcxecPPUDC7pun1vqx3tdUzJYR7ydz8:12000000000000000000:OKDOT:OKMYTH
13uCskLberKC5MUXcqaevoe2DnAyPxyqH465sVGEjWLN6fRv:12000000000000000000:OKDOT:OKMYTH
15m2beKC3UZafQbxNfiFH2vuwMC9n7uzW63d81zgdpFusPtL:12000000000000000000:OKDOT:OKMYTH
16Wr6KMhhZRwbeprrjnBLKegFc4wRrVogaaTeMmA8VeKx7AL:12000000000000000000:OKDOT:OKMYTH
16MHPBS5VHtgUb1qnaK9NL9psDa5cZ2Qm3iKrU6g8yrak4yV:12000000000000000000:OKDOT:OKMYTH
15dNB7GffhKqJh2Ym4iocAiSwGsMWn3MnQsMiQbZ1dQKruAy:12000000000000000000:OKDOT:OKMYTH
13sCZbyeVzgApQi1yamSTnDsJZUxcbqmWnP64YXu7sk8icmn:12000000000000000000:OKDOT:OKMYTH
168X6cxkCGc996m5MrYyK6SeyqyK393FtVcj6nmTdXhq6SHv:12000000000000000000:OKDOT:OKMYTH
12L8NbWgGvjoZ7eh3sFmCqne7KMoMJXZqjr6xhMXBtn5NndK:12000000000000000000:OKDOT:OKMYTH
1316BxVpQo6FHYkGUBMDCLt1rTrQp7qoiTZfR81JmZ7nW9Gb:12000000000000000000:OKDOT:OKMYTH
12UXHb9QVBUzEHTewCRsvbQpgF4WTCpvq4mHDfvYnEeBDhS7:12000000000000000000:OKDOT:OKMYTH
15jTw3ySxxiDa4ZDpvCEQP85gn5sRSPKoJusoamGFF1wnVPK:12000000000000000000:OKDOT:OKMYTH
13i9HyvU19rrnbVxH3ae2KWDBbWss2VaFD57osgSQW8T4rB8:12000000000000000000:OKDOT:OKMYTH
13VGQpERQmTs1zbdqwP58E1aC9fHhHCoY6ZwHSstMDCgWYK5:12000000000000000000:OKDOT:OKMYTH
1492L5jp3EfGNcSucEQhJANnryysjvwTx1RMpXNRM4bCgDU:12000000000000000000:OKDOT:OKMYTH
1jypDZR6PuAhokTHedWJVs4CKee5uss66PXBx6stjBTfVGe:12000000000000000000:OKDOT:OKMYTH
15DFfBqTPq8Ea9FDti2fGX7mBJNNWikdqAMf1Yfc791eBXUM:12000000000000000000:OKDOT:OKMYTH
16hMdwpJXshYnbJn22ReDoEksKP3LGCYdSg9jBvvWWM8Jj19:12000000000000000000:OKDOT:OKMYTH
14Bxs9n4JTQKxRwH8Tf4QqKPTakyWg3gbEuf46BNmuguyfaK:12000000000000000000:OKDOT:OKMYTH
13yPgDmzfGkoEGSAirgPHiav3sRsaqFkn4SiBrPPsqAHpK5d:12000000000000000000:OKDOT:OKMYTH
16UYpu28tvZHXoZ2HMqSyRKQwF78KUZ3wovqXnL12VPAh6Ds:12000000000000000000:OKDOT:OKMYTH
15ZCTZQvBZSrVqvgLyGQbthaiAYFPNGqosR4BJNSALfPRa2S:12000000000000000000:OKDOT:OKMYTH
13AySjvZyoQLfh5o9FFe65GPn5s7tR5K2Eppe225Yu4AGzsF:12000000000000000000:OKDOT:OKMYTH
12YfMnPtFikTBjuXvUHwFH3CAfz3uEJZNeXFCe7gC6NVLPBw:12000000000000000000:OKDOT:OKMYTH
14dTPbetkbaK7CLYbewc6ebKW734jx8VkJJHcB8YmFT2cz2G:12000000000000000000:OKDOT:OKMYTH
1121F4UMAp5EYBht34Qjz6GDCN1GkTv3muG9kTV1v1bJHBMs:12000000000000000000:OKDOT:OKMYTH
13uUXnJFy6rHBqBYWjuejq6xn2JnXPvKRUvCVZpdex5ZRZpz:12000000000000000000:OKDOT:OKMYTH
15gWqr8m8HJyxhpfwKimVdghUqMBUoWd3opA7iwtLfnq9Pi2:12000000000000000000:OKDOT:OKMYTH
16PSmr9YXZFvWJ5i1iV1ZUikksrgKX3u5wedaUzs4cr4aHJp:12000000000000000000:OKDOT:OKMYTH
14acunsY6Wsk3dHDZr7JMPTTK1ZSr9HzjjPU2P1muRUCihv3:12000000000000000000:OKDOT:OKMYTH
14V2ss5BUwBS8vzgRMcna6UdsxNEAVsuBEtfBy9xuntgfJH5:12000000000000000000:OKDOT:OKMYTH
154YmLie1wsNFRS9HDA64uxAF6WCy3AGSqBHJyyZ2BeeDrWV:12000000000000000000:OKDOT:OKMYTH
1eJ4gLPBq1WHYr7frHZJQjoTFuBkuogy3YVL7DRw3Q1nzfL:12000000000000000000:OKDOT:OKMYTH
13N24Exc7To93qWpYMynkran6M4BFVVm9aGXSU3CYK42dVpH:12000000000000000000:OKDOT:OKMYTH
16A7SWCU925jL3qvLAEnTGvWPh5TsnYDVkVhmy1daGogJ6cs:12000000000000000000:OKDOT:OKMYTH
12bAZxsvok8wWM6h63SiNQqmpDT6ttpUdCJRSun4zRSEH1Xd:12000000000000000000:OKDOT:OKMYTH
16FyFjzcWSKTpeGS1shQZhCH5ueivvypXB3L8aWWvQTnaMo1:12000000000000000000:OKDOT:OKMYTH
16AbXyFmMVYN753cE8jthzQg7Q31gEqPb6Uc5xvGWAe2oi1k:12000000000000000000:OKDOT:OKMYTH
15MLyxzhopuMAmj8Fd8ktkBncCeYf8kUDWoVxo3d7QeBK7sH:12000000000000000000:OKDOT:OKMYTH
12j76RpyxYFTYekBQxvNMXB7KysqMvvAUu263XomLJRhQAP1:12000000000000000000:OKDOT:OKMYTH
15Y3xpYwjhBwXZ3A4nBunpFgvek6JrUx4rZErxesYHCNM615:12000000000000000000:OKDOT:OKMYTH
1tgMK34dkTHFj1rfu8hZFdsi47xvTqNPeud74gWERa3qLBj:12000000000000000000:OKDOT:OKMYTH
16PRWFabvPk3GK9VdktiVckz2ip6nnrRVSYifYQSWj7DBUV:12000000000000000000:OKDOT:OKMYTH
14V6tAbNGLHk5ZmxGssCMz4cjNsS43oyaxffQRs6PoyvQ5ac:12000000000000000000:OKDOT:OKMYTH
13qQLkVgi4uGYLSauxS1XQBKcopYa6G4oaH4QNS4ua8FpQtn:12000000000000000000:OKDOT:OKMYTH
1nbMCZh14ppSzDmu88dBvgxGPJG2CMvZEsjJzdqfUZt91Zh:12000000000000000000:OKDOT:OKMYTH
15FZ49SbAFFBHF1kLCbSqfVwm4xcsgd8yWFb2VKpqrRquSEb:12000000000000000000:OKDOT:OKMYTH
152zT67um3jNV3vqpqohnQGje9ZadnCduBAfU8kKeVL7RaJj:12000000000000000000:OKDOT:OKMYTH
15qwyubMd6wrhoaQsCEVgeWuDTbEMKW8tQV3qRRxUKpC5Dpr:12000000000000000000:OKDOT:OKMYTH
14fnQeABsVX2fPGxRbhxoP8EqqWThq5fC3LonkNnE4ZVgorh:12000000000000000000:OKDOT:OKMYTH
14GxqtuQ3c3BvhZzJiJsBLmqMcCDL6oP1mohbCHZS8nPrrTv:12000000000000000000:OKDOT:OKMYTH
14423uSezT265qKFMV6xmXtfbgBcCQDzmyPLLD38Jot8Afmj:12000000000000000000:OKDOT:OKMYTH
15kJBUWuZoj8JVkDkyCBGMeQAWwgXHpvw81hwngDSyNM8fms:12000000000000000000:OKDOT:OKMYTH
12CUWKZbKx2Zx3eAiLaxht4gSoXkzz4HNrPVerfLcbVkywEC:12000000000000000000:OKDOT:OKMYTH
14fizyAwJbrJuswvLCoxjwmeHDVgvc7rEBrUsz6atqX6ym1s:12000000000000000000:OKDOT:OKMYTH
1632cDZb59tzQX8HkGmhAhxn8G9nmgwfLbeKHTkbaBLqHciZ:12000000000000000000:OKDOT:OKMYTH
1GZL6SXXEsfHmLwTCSMSFdyn8G1SgWrnP5qEhcPr5w8KsxL:12000000000000000000:OKDOT:OKMYTH
15TiDf2WaVNpJPDNci5M6n181VMfFGwJ4cQaPJ1Ym9RnizsG:12000000000000000000:OKDOT:OKMYTH
16dCHK6LuY1ubuf2AsZ2KmWBNau5LKdTDaqPT9cxrPhVcC2S:12000000000000000000:OKDOT:OKMYTH
13i63VyrX4Mmn6PHZwvxwUYeR344zZXaGVZ6Em2Gj3Wow9B7:12000000000000000000:OKDOT:OKMYTH
16QgRdnyww8cRjQUhvB8tPgUd4RCNX3jmyJVD6NTfYKSkKFu:12000000000000000000:OKDOT:OKMYTH
1RBtgJAkapJsG5dzsSYRferqqmtuWXPbQV9U4Pa88w1Whxy:12000000000000000000:OKDOT:OKMYTH
1ZF73HAKdg6kdVJLta1hmjEqJsLTHwQW55RpSxt86YZSQkz:12000000000000000000:OKDOT:OKMYTH
1hahwDzMoCLLr5HS7KKyFdv5WSCBjiBCrxNrjjeSjBD7h1h:12000000000000000000:OKDOT:OKMYTH
15vzrerbs1jNWYiAEfsbDDeFJuCnyaFJW4gBTx5usQC8R5gJ:12000000000000000000:OKDOT:OKMYTH
12jzQoD3wqL5xn4LZb5obp4o82efvprstZh9sxWyojqXgiT8:12000000000000000000:OKDOT:OKMYTH
151ihmaXF7mvMEGKE6SshfPSJ44AH9TGdPQ1ZXJTShAUJN4c:12000000000000000000:OKDOT:OKMYTH
15a9WGLt1UEZvP5BYgd5AorMyo6GnoU9yyqTcXM6Wc7F6BHh:12000000000000000000:OKDOT:OKMYTH
1yVpSkBV8rNK5U7jEXurPJtymd6W558qnCiYEFdxJRBNLxF:12000000000000000000:OKDOT:OKMYTH
16Yfqzyj2LSkEv19ECXDet7xAbXhMdAsJzu48fprRwMPfCxE:12000000000000000000:OKDOT:OKMYTH
16AzYrKsSb4HyeAchdrbvn6u2iZhCn3dbMxMR1fE6sKViAZA:12000000000000000000:OKDOT:OKMYTH
12hkKt4NtHfv8dXbXhkJNBbe5qpwJ51Z9jb39k6mbanRFmBH:12000000000000000000:OKDOT:OKMYTH
15ZtEb7x8Cue8UkFkn5Hh2k6ynDPGVye5FdgGRUeG7iAJ6jD:12000000000000000000:OKDOT:OKMYTH
122bqVAyd78DxwZ43tvxPQ8M3dVyRmUTn4fGYhGDLuFFmzzt:12000000000000000000:OKDOT:OKMYTH
13reLQSPaSdeXstgE8fKXHYtHJPJgmi9fBFMXP4ALCH8Nkp9:12000000000000000000:OKDOT:OKMYTH
13Xps2qirjbFxXH5HaopKLQ6bu8mKALtkHBaCEEeigAKQWnG:12000000000000000000:OKDOT:OKMYTH
15ZwNAwAfVZAtNyTDsiqLKNngGAmL9fqB91EecyNz5EhUNFb:12000000000000000000:OKDOT:OKMYTH
12fJkUF66sYSzrJ19LMTNt7g6aB9UstK5BBF2pRafQw12BYT:12000000000000000000:OKDOT:OKMYTH
1598H9G2xmma7e56pRGBgsNfNvsPtYf77sr2KRuKYaFN6Goi:12000000000000000000:OKDOT:OKMYTH
14SS6J1NpS6Sr3Mac9xXtaut51jyK4Ez6YxH7zxUdonrebKD:12000000000000000000:OKDOT:OKMYTH
14s8u6oWt7YpNa6Sn2uWf326KaRqHiqKhkMo38nNtGprEWsB:12000000000000000000:OKDOT:OKMYTH
16P2E7YKsfxH2eMniFRswamU8USpdZbGGLwC8cbNfCkXpBV1:12000000000000000000:OKDOT:OKMYTH
13tjLJDRVNucaTeeftpjuL68cuAE686vLxY5M3gFecshwcSi:12000000000000000000:OKDOT:OKMYTH
14YdAQiFN78svuMXoFsSAz5DPLfbgw6QQwn3Wvy3ky57RTaq:12000000000000000000:OKDOT:OKMYTH
15oKmtxY2ciF1hAtChMK5NNwAb8rY4js21LjC22aGa5RVC2M:12000000000000000000:OKDOT:OKMYTH
12y1SJmVGfvVKQAopvkFttx9D7XXTdy35H2YmGXeXEgyzWaV:12000000000000000000:OKDOT:OKMYTH
16ky64Ktu3NWtjrVUZV2RDVe46GvhnUGrxqFrYAQZeB7LHHR:12000000000000000000:OKDOT:OKMYTH
13XHnW6uZm5M7dGqDqC8gssRsv74LrLVTGuTwjemHeNUvyqX:12000000000000000000:OKDOT:OKMYTH
13w4KX8bcdgRR6wgDgBznSHSCjU5pDB2k38dHGE3mcsTmSEN:12000000000000000000:OKDOT:OKMYTH
15y4ZzcNchCoJ5FFFvtCP9NLdm1UUcgcRkuxzjoo5qPkVHYj:12000000000000000000:OKDOT:OKMYTH
13S6SjNyY4N7J76bDFDmpaLAHLd5NF7KqD1SqtZRn7XKtWBr:12000000000000000000:OKDOT:OKMYTH
12guyWcQVNp2znEHiFR8rCRa13SXJN6KqXLQT8c3XuHDBgS9:12000000000000000000:OKDOT:OKMYTH
14NcAPgTmh6fkRhcqpqECYpE1dHXJqpcYdcHVvaZTRd1L79g:12000000000000000000:OKDOT:OKMYTH
14is9evmoLYVC2BJfLXTS5FQ6E3tjpTv6pHDrZLhPjqgewuj:12000000000000000000:OKDOT:OKMYTH
146wrCaECe3GRvi8cmQhhEDAbkPiFV5TNVovNx7p9TnacWnb:12000000000000000000:OKDOT:OKMYTH
15ZUVMF1ZAXbme5qp8eQcJ2LorCidyghPNTcWS4DvF5qZgH8:12000000000000000000:OKDOT:OKMYTH
15NwcYzxT8h1jJfP8sJA272vJ2drPz8c3dbuJqWzfZe3wnF7:12000000000000000000:OKDOT:OKMYTH
12kNgZaNqtLDe5JTZW3t7WeZKDuugh8PCbrGCGjLVmk6VYz:12000000000000000000:OKDOT:OKMYTH
12vehwCty7HkTJaL2AKqpkoNJjKXVsHY1G4q3PNWkXPUqxwd:12000000000000000000:OKDOT:OKMYTH
1217q1WmGALuUwB6ipruRC2s67sC5pbjpQCYqmzeGnxYBPiB:12000000000000000000:OKDOT:OKMYTH
13WrUCqaW6hH9QwA5kJoWS2e7XSirGReKVVbC1sHHxkV7VwV:12000000000000000000:OKDOT:OKMYTH
124c4M5TuAkZtuhCzkJBknFHHxF3ViaNiLmtE4wHkZiTAcXS:12000000000000000000:OKDOT:OKMYTH
126zHNTJSpuKRmv3Ta151pgaVQan9w61TPbgZMn3AKRtRqWy:12000000000000000000:OKDOT:OKMYTH
16fbtoJH2gsR3dpgyRZGFr5h2RYrTYaLesMg7cnUEoeaVAAa:12000000000000000000:OKDOT:OKMYTH
12NRgAfLhon7wvfkx2NMnUYpyzqicMQbq5vwWZKBqtdFNFmV:12000000000000000000:OKDOT:OKMYTH
125Ztmua13qffctK5Zn6acLzQC9qFfMvvrEzAhtJwEjEUSEf:12000000000000000000:OKDOT:OKMYTH
14M2FJQEC2pqSFjjPkXbWaAnAizdx2r2ri4HDxG7C6fW2ihw:12000000000000000000:OKDOT:OKMYTH
12erzysmfUzwvgdHy81DcYYa9sUfoA1GX5qRzthVkT47ejdm:12000000000000000000:OKDOT:OKMYTH
15737kARiAmKinjedcvWHXVLtTijzBUzT789pKzc6edrz8ep:12000000000000000000:OKDOT:OKMYTH
15ZhfkJNRxkyb8QtpnzBCvbTp7mXpHExwQHjgBt54WNKXhj4:12000000000000000000:OKDOT:OKMYTH
127AG7CRxeKoeqLJbCUyzY9J5SusTJah9ixfpbk37v7usskG:12000000000000000000:OKDOT:OKMYTH
14PHgzBKWsxBwPHbA4UregVJza5Qe6X3w5Fj1gj2We4j4X7Q:12000000000000000000:OKDOT:OKMYTH
1dMYQQvj7bnRdf5ouJc9gVov91PFa5KD97Sw7zAcU32EMjg:12000000000000000000:OKDOT:OKMYTH
14jcnzfWLijsH464LPqAquqgxeH5218RKL5iLRmme1kyHN2W:12000000000000000000:OKDOT:OKMYTH
12n4azTfenvaA1uyrrKGsefokQyk9aj5TRnu4DafHyLJqErn:12000000000000000000:OKDOT:OKMYTH
14VoWzD4SV7FGqHtcxQvmhQLz4aGhWj8iqDkEZvPgYLGiBdT:12000000000000000000:OKDOT:OKMYTH
1WuRPeo8NWbgMnr2fU9V5iHhY5nW9ucUkoEdSGGP9aY5Uwd:12000000000000000000:OKDOT:OKMYTH
13cf121qP6YCm6sMkxsxHTB8FSFPmrsf7bqML8ooTwAeBJ28:12000000000000000000:OKDOT:OKMYTH
14PhrfhMDjtMaMUZouCZSu8U45rQ87bnxcUU34bEPGtMhSgZ:12000000000000000000:OKDOT:OKMYTH
1Sbj3srxkoYGzN1CtEmh24Cv65x3pHepCyB5nkUqd6qmcDy:12000000000000000000:OKDOT:OKMYTH
15z8559HF45CFk3uZstSLW3mwSr45h9R3dr9C8y6AUeiRMnT:12000000000000000000:OKDOT:OKMYTH
13NCLd3foNpsv1huPDzvvfyKh37NEEkGFotZnP52CTR98YFJ:236000000000000000000:OKDOT:OKMYTH
