122aw6pR4kFJvJGLBW1pL1cYL3c9iFc6eL2FDGDma6a4GUyu:12000000000000000000:OKDOT:OKMYTH
12HvxdssoDmpihfFzTjv6VTMouzh5pmcDEnQdZHCYnh2Eggu:12000000000000000000:OKDOT:OKMYTH
12A49fDzoHKx7A3wrePR4aMiaUEudtxK13X6mJ8amUoTE5Pq:12000000000000000000:OKDOT:OKMYTH
12sviFmN1z2P7FfWpEbBwmUyyxmxzaKvZAqQVdG4zPwbJySe:12000000000000000000:OKDOT:OKMYTH
1MYRrhriCPYdo64k7jtTD3Yj65tAhQUNTAcaexq6pdtGzsc:12000000000000000000:OKDOT:OKMYTH
16ekjRZ8mf4SaBWMdfy1jG8TKBBjhMUypjZC96hPLQAjBoV5:12000000000000000000:OKDOT:OKMYTH
13M6urTYPs4KShskh7cSN3oNdhqutyPrSTqo9DPbyhS3kj6e:12000000000000000000:OKDOT:OKMYTH
14wSvgHfGkCbQd8H8Wgs35zXzb8pioqm7wTZb8zDHJkjrYZc:12000000000000000000:OKDOT:OKMYTH
16LTrftKkWsaBdAgQ4fXPABQZM1h27Ji5KCsCXCgGETzi1DW:12000000000000000000:OKDOT:OKMYTH
14SpR2JrsuxxabL1X7f5zYGvQ8tLwPRyZkha9WvGf6AtXHsy:12000000000000000000:OKDOT:OKMYTH
14nrrCAojrxZ1vXRmaJiRTwsYgJ56PPAi263RK2qwiyARu5:12000000000000000000:OKDOT:OKMYTH
14AKEWRmVukVHn7pppWTzBgrdAas2eDCSZUrH6RFBerz2gpp:12000000000000000000:OKDOT:OKMYTH
12JL18bHfjLBuv53GWZHTA38SWT3BtcPuwQHmQ2Xk245av1H:12000000000000000000:OKDOT:OKMYTH
15oWFZjyji7AAHeB4SERa3izBVkNCopc2gVG6TXhiGmsoy1n:12000000000000000000:OKDOT:OKMYTH
15F8xnrTrxwJ21jkPMFZWSH3HB9DdAghZTLhX7Nff81qorkP:12000000000000000000:OKDOT:OKMYTH
15qrrRM2NpEnA2ef5ELJZSyxHp9FYAbeQirnkj3DJtW7pYeu:12000000000000000000:OKDOT:OKMYTH
12wKwrqSuMKzjR1vE2o6btyuXrPJDa6CUykEvcTAWJVuPR9i:12000000000000000000:OKDOT:OKMYTH
1Rk1YomAscKwF5S3H8NfesiSJZAyCh7jAyR9mRcQJrLUk8y:12000000000000000000:OKDOT:OKMYTH
15n5ui6VjTgEoQ7nE7gRm3MygDr4shrmmE9ZXHJrdwhP2UhL:12000000000000000000:OKDOT:OKMYTH
161bifvZcVP7a5zcat3rv3P15WnTQ6ZW5G3Hkp6MKcX95j5k:12000000000000000000:OKDOT:OKMYTH
15Jc2ruqkaUtDKJqSwybQkbQPCiZygqG274ssPi3ZPcYJ1zG:12000000000000000000:OKDOT:OKMYTH
158nhBkdZtUrpNSgkga2Tg47NryLSVeqFxfCF3DFXG5d34J7:12000000000000000000:OKDOT:OKMYTH
17Nye6ZAiQiTVsoV7gZM4geCxznSpRwXe8TZhpF23qkdHEf:12000000000000000000:OKDOT:OKMYTH
15uuNxCFQ66UHhUSKUVrAf4XJpecisqBpyNjTbZo36Revoi3:12000000000000000000:OKDOT:OKMYTH
16X3NrspavfFmVqZzfFXK6sLUB4E94p3iWDHkiXeqKkvps4u:12000000000000000000:OKDOT:OKMYTH
14wZSLLipTDGgrCDb5Wa9PuvrGex9dryC8BiLS7jsYNi9Am6:12000000000000000000:OKDOT:OKMYTH
16iRkDpNdFmUJKhXTLJzwtGMyPabLSzhVrpm2gYEq5phExnG:12000000000000000000:OKDOT:OKMYTH
16jMXoscxm9v5MCLqDizsWh7LevfcAwFhHR8bckiptrMkgYd:12000000000000000000:OKDOT:OKMYTH
11Ms3dLMWhtRe6HzxiH26ptTcbhLM3oguSvtZ5CdZshzkNy:12000000000000000000:OKDOT:OKMYTH
15MLZiU5vTKCEubpCGVsTu3BU423ZCE1an3m8KY871Pc35vq:12000000000000000000:OKDOT:OKMYTH
13ckjkuyVi1qNi3Z3A2Na2Uz1jZ4uTNR28nQH8nvji1U1DZu:12000000000000000000:OKDOT:OKMYTH
127g49KuGhAzcrSbDBAu9uekMgcUEdfb4aK9j7scgb1HrjUs:12000000000000000000:OKDOT:OKMYTH
14uZyqRKRef4VU3Z79g35akK46wURtjBDCe3bMiDHR1R7ByX:12000000000000000000:OKDOT:OKMYTH
14KUKMd3GH4pxKRH2uJT6de9S5EXrSJB1h7wm5ge65DuxNXH:12000000000000000000:OKDOT:OKMYTH
13Qbam9LZZRas8HtzHF5a3ffwEreWe4KE82B7Z6WUVfqKMSD:12000000000000000000:OKDOT:OKMYTH
14tvbjDieQkxYxCpgo2PnC5J5JbgZ1kjYM8Bbh2iAvf6Pd5n:12000000000000000000:OKDOT:OKMYTH
1saHAbuBvmLv7jhRpsr54hzAH6KBZJ6joWtzKNxU1J3FHjs:12000000000000000000:OKDOT:OKMYTH
13BP96EeG6uFHzYLSHxqxaJ8rMq6CfDBPunu81ZoBhunHLD2:12000000000000000000:OKDOT:OKMYTH
1425VREVxado27fNscknCerYyW54vRbAjnFKHzG3L2J4FZWn:12000000000000000000:OKDOT:OKMYTH
121aXeQUFjXH65PfPDGDohN3AnhPJsJDKigKwctAPQSUzBPC:12000000000000000000:OKDOT:OKMYTH
123JgiTvHEdao8fePVGwYMcGrx4z2zfF3EtxZdNs356JJPtx:12000000000000000000:OKDOT:OKMYTH
154rBdugiyGhi6x7gaogKvEkppReANNPXzbfva7D6JysXT17:12000000000000000000:OKDOT:OKMYTH
16FP63CKRNbBqMDEy7Zsa1HwbXA6qKGWq2v8WZjBRHLeQC9i:12000000000000000000:OKDOT:OKMYTH
13bJYzqrxufSaTs46daE31VftcsrEGyoDh1e17esnbDAK17d:12000000000000000000:OKDOT:OKMYTH
14QYd6CeKZxXE8Ds8LkbwDQZw1iQKsNMEyrpLRemDTHNpute:12000000000000000000:OKDOT:OKMYTH
1hkz8n8DYdbQEYHYD37kCbfRdXzsMAa8c9aXxM5a4dHGMUb:12000000000000000000:OKDOT:OKMYTH
1CQBQfZFstHLQjio2QwsjuSvoGmc2HG7Xxa2G3F4LscoZLE:12000000000000000000:OKDOT:OKMYTH
16NtSuxjDaZirv9VRPdpBhVws6m3UotHZk9g3kRA3V3PLT3A:12000000000000000000:OKDOT:OKMYTH
15Mt3xFuKYhwMvaEMwuZ6Ce56YLppZhfh9xEqbhBLEnqNaXC:12000000000000000000:OKDOT:OKMYTH
13iCMnNdmEpo9XRu5JMafNZU7WVgvvBU41vw8RSzADjavNwS:12000000000000000000:OKDOT:OKMYTH
12HxbQF9Res27siajgcCjUqoXCphon1sxCvzq7XQ3t8rc7GP:12000000000000000000:OKDOT:OKMYTH
15NPeLr66YB2bFogtkoo3ugK7R1FsBb9PCex1fX4RymXsjd7:12000000000000000000:OKDOT:OKMYTH
15K1oa38E7gP2YZjw7xrL1d7p3ZKoaJ3VTootduyJLA8TzDU:12000000000000000000:OKDOT:OKMYTH
15RshhSUGHvCHbtGMMh3iZ57xh9HwF59Lpmgp9DnnUEYuEsG:12000000000000000000:OKDOT:OKMYTH
1g3FiXpYingFT3xUJwcj6CPk3uRGKKPssKNTf4ABxPj6EVp:12000000000000000000:OKDOT:OKMYTH
1HXBmoccxCSDf1k1yD5jc9xGwRuSLBQgTw6GC6v3v9cgpKK:12000000000000000000:OKDOT:OKMYTH
16Qt38harSNxha1beqVBz6sFsi59UQbvhyz9jDpvLdc4xBh8:12000000000000000000:OKDOT:OKMYTH
13LJEJM7rMeNSVe6ujCnW5TJjV6B743pAMUBzRPG4SirYuAJ:12000000000000000000:OKDOT:OKMYTH
13rgo8jrMKtwvyAbU8q6YcuxpBg1v4kfwjS6sy2kvBaoLi8D:12000000000000000000:OKDOT:OKMYTH
12tfUz9z9uZyD6CGNUMEE5WVMHaTxws94FgBmLN4ntPeJqoS:12000000000000000000:OKDOT:OKMYTH
13KxFNSrCjbKTUYuVKfPA3w2NLHWmfuURN7k3foQm2vaP4wq:12000000000000000000:OKDOT:OKMYTH
1kphzraHrmW9iXyDGoH7cNALdXkW4VsJsPJ838AXfCGuYLA:12000000000000000000:OKDOT:OKMYTH
14himAg4cNTkRpaXaKXdXJmf3w2xK6HTUfaqP1j7njdiD5UM:12000000000000000000:OKDOT:OKMYTH
13HPDYf7EbuHbddM7TMRtiNYWNPv7ijtsKh3Qwgg9GYTZ6jj:12000000000000000000:OKDOT:OKMYTH
1581iQeY3E2d29kqZjoeg5YKzAPNX3A7T9KUAHFkHrYvKFrb:12000000000000000000:OKDOT:OKMYTH
14cbGybmpScbZnpKstuA6tqcCuNh3EgHR66tSuHFhmJC4qkj:12000000000000000000:OKDOT:OKMYTH
14zf9YbHkRnZYDjrux1MaGnoJAbSTTpb3H9jZUtRFL8jQ6FM:12000000000000000000:OKDOT:OKMYTH
15cYc1c72nFuJ9WeEg2js6nTLsGn2zAGPpJGhUBTbU2DmnPG:12000000000000000000:OKDOT:OKMYTH
13TqmEZEvpkju6XuYmsgLK3qyMPWa5fcdPjSa6BZDGDTFaMH:12000000000000000000:OKDOT:OKMYTH
14KPiJGY12TCUEj7Vr8sQUqMMnKcYsiJ2LHBUDQ89n3iH2ht:12000000000000000000:OKDOT:OKMYTH
1ZAfcYqkP6hSE9eNbNss37h9cockvy87KW2bYgQ24c6WKiQ:12000000000000000000:OKDOT:OKMYTH
13VyK68ry7wXwAJZFdo3XxhhefWd4UxkTfjo47n6e3KBPkMP:12000000000000000000:OKDOT:OKMYTH
14DYnAMnxPx3YB4QBbkzViPSw2GgdNEyg1MWLa7kxtFwMrsC:12000000000000000000:OKDOT:OKMYTH
16TVpLoTtBHJ3YVshznZKrEVk6W5oRHPUkHc8M577JCm6Sc7:12000000000000000000:OKDOT:OKMYTH
15oimxjgd7wEtDEwnV61MtHHvXZiz6J8MLET2r6QAe9AN37B:12000000000000000000:OKDOT:OKMYTH
16SpP8vGa8xm4qqn94LBT9NWSncdrt5hG74TYhzecWFVDWDD:12000000000000000000:OKDOT:OKMYTH
13ubHdBkxvAgj1kCJ3cNtWdiXjxRcKiGJanE73EjQBwtVrJq:12000000000000000000:OKDOT:OKMYTH
15qSNcH4c6tHif24yUCnVdH2ni77dDqzVNbdZu8fYW33cMT:12000000000000000000:OKDOT:OKMYTH
11cG2fsPf69oPpFwQmJwnAUCkwWJuCFbAHufy6Ngh5PUQod:12000000000000000000:OKDOT:OKMYTH
14axwkszyD3MR4cWn1XSBVGR1BfRTBi2dRKM5kvPwo6CAdnG:12000000000000000000:OKDOT:OKMYTH
13mR2XHFY8NxTwjgDGrRzEma5W364LfLLvjto9HU6fBMffJp:12000000000000000000:OKDOT:OKMYTH
12mTmkaEmeYqYQNRBXV9N451vMninUS6V2popnLpQ78tR7D9:12000000000000000000:OKDOT:OKMYTH
166d5edw3ZVLVANDrbPzKAPPthDPhPpSynL7CQjoBkiXEbAs:12000000000000000000:OKDOT:OKMYTH
14HL9BzWxJGQ8qgWoRNo65WW8TkNtCW9PLwuUzcM97bkLRLX:12000000000000000000:OKDOT:OKMYTH
15jBDtKx8HkH3Yy4MrkbJqwJimB2GTSkTZcWKrfJqmKcxZXB:12000000000000000000:OKDOT:OKMYTH
15pQUAy7Ld8gAmB3yi5dMSeVrHzVmw384oEhCRoa6dN8USz8:12000000000000000000:OKDOT:OKMYTH
16SreWiwGuh7gAbdc2EuGiGPnHASygsb32rW7FTdAkTbiDJN:12000000000000000000:OKDOT:OKMYTH
13Y7DRfZBNfZ9R8YaTMuiLNDR5DuvpzNixgDEjXCETSK2qoo:12000000000000000000:OKDOT:OKMYTH
155ME3CDNE4nzUqHcRbsLyjtaytqvNirbise6NyTtWM5qNn2:12000000000000000000:OKDOT:OKMYTH
13SvQUWbD5vCzbPLn53RaCCQ6run4U85fXNEcdUPvFTCQUUL:12000000000000000000:OKDOT:OKMYTH
121sbWhbsPjwuQhpyzPn4KaE6vbR5stfGYxpKsBYx8JmJpB4:12000000000000000000:OKDOT:OKMYTH
1EbHkRa6KXTVzmjiwiTzHw1hjtSmsWMSJ6rLUKrhGuoUqvC:12000000000000000000:OKDOT:OKMYTH
14vPCytGdGgzzadunpV7ddVyzLgCXM5RVup2BrvJtxiNNTGP:12000000000000000000:OKDOT:OKMYTH
12iyq1TmZyr7mYq6KfwZ4BKFQox4rEqNEHQv3jxhsTkkcqWc:12000000000000000000:OKDOT:OKMYTH
12QaMCk7haFf4VK2t9zYVQWExAD7timKbNNqVtY9Ss13KaJn:12000000000000000000:OKDOT:OKMYTH
13hquUaRCUPjf4sDpV6HyE5V3DMx9QNWrLrnD4Fw5fYEgLo1:12000000000000000000:OKDOT:OKMYTH
14JkRY2ShYr1wE1QvyTTJFBGf1Vo5iHi1bwE2BsYhZ4yP1Px:12000000000000000000:OKDOT:OKMYTH
13QJXojYUcgA65V6FGjs5TESH3yVD7SZkpjev7MbS8Uw6qi1:12000000000000000000:OKDOT:OKMYTH
13Ph1jMrhzEWEs1DdA8VG1TQ83uSYuH2vZNqXBjDNrXcHubZ:12000000000000000000:OKDOT:OKMYTH
127vx4fnvbR7qdCQZxb2RA2u1MvkFYuFX5BkkR9qDqsTSUAt:12000000000000000000:OKDOT:OKMYTH
14TGGfD8qYCKtoUes5Jnhe9Y6kP6gDX4Bz2ayRK1H7Fxxehj:12000000000000000000:OKDOT:OKMYTH
1334i2p9Dd9NhCUR2Fj5fn7CK2J6NouWpJJ15jqAzz1CLGYQ:12000000000000000000:OKDOT:OKMYTH
1PtbqGxRkkReF8n812aQoBLuKMgmYFfdva6acSd1nZHbZfL:12000000000000000000:OKDOT:OKMYTH
15MwpzDzVDdtrf6ikSJarwT8f8TNLSGTyRwqqTM3WtsPgBYe:12000000000000000000:OKDOT:OKMYTH
15Qrq2EqQ5hGCgPcpVUrGLQcXEGyvCDBLvct4Q9MPpPMNR4w:12000000000000000000:OKDOT:OKMYTH
1tbU5WjnH5mFUDz1xET9ExBHK72ZP12HfgKtx5dAmMZoJHm:12000000000000000000:OKDOT:OKMYTH
1Q6iiwxRYzRLrJtjcqVHdnQvPsQYRkUYaqKshunzk8wB518:12000000000000000000:OKDOT:OKMYTH
14wa4h3a5VzCWa9qbv2Xe3zQXQXiDkhXnSWX96MHAKSfHWgf:12000000000000000000:OKDOT:OKMYTH
1hTD2TXe1MgDabuWnxPCWNiD5ciHcicjY23E8KuPPxpRCe7:12000000000000000000:OKDOT:OKMYTH
1jYdnVbmhZbeKuU5upejqNGi6VgsuKqgux4co919j9CwBvR:12000000000000000000:OKDOT:OKMYTH
14htWE2iZkKh7LH3tKYKsv2scUbUdzRiw8fdKa3R2d2V3mvg:12000000000000000000:OKDOT:OKMYTH
128ZVeYTzx9cEKJw9aVDzdrrDafYzAXVaZRAcvWc7UgjKqNj:12000000000000000000:OKDOT:OKMYTH
166pyCBKEYaPZAgZTmq6z6x837dNU46y17D8vdyw3evVTUS3:12000000000000000000:OKDOT:OKMYTH
13LZUfq9XmAeYsViBydytK5bRuYEALuVTrJCtYQTq65Z8gFc:12000000000000000000:OKDOT:OKMYTH
12XXuaBJPqeTXoMyKaMMtyWgjCCtpY1JgUt7iDhD5nuBbBYk:12000000000000000000:OKDOT:OKMYTH
14DuUh1vnED3dbsgVk9P9iVngQLtMh1PVpKNA1CVL2dHgPdv:12000000000000000000:OKDOT:OKMYTH
1wZEB5PkAskzW5jMh4D1NopJBnqAdrBMy7kPEvCt82WR3im:12000000000000000000:OKDOT:OKMYTH
12nNPjsZ35FfEeToffNFQkZQRhPyiJYHxon1xV6Rqdr8buwz:12000000000000000000:OKDOT:OKMYTH
15rJSLhfj4tWV4XXWkHz4RenVE7Nr75MAjtfERtwVGUHnneE:12000000000000000000:OKDOT:OKMYTH
16GZfrQTJH61MpyWzXCMNAarK1bwXYnuQAQrWGbyikR9zZJA:12000000000000000000:OKDOT:OKMYTH
1499jjE2ADokarDK5GvYNjRe9u8UGTQFvfNHKBFr5W8GLNL2:12000000000000000000:OKDOT:OKMYTH
12mxG3CXtnNiY5FoD6LriSTRg12Bov6d1qRpWvQc7BM9D8RL:12000000000000000000:OKDOT:OKMYTH
16LFjoLRy5eczsh3n2Gv4gkjPRyQ6R4aGLuHRya8R99zAiGc:12000000000000000000:OKDOT:OKMYTH
15MpMnFhRrsj51L3Vsc8jaFuSSGTRZbuCpfvqBqU7uWSWytt:12000000000000000000:OKDOT:OKMYTH
1467rgbNhx3z9Sy53jDP2r8SvT713wKeSqjsKMgo4jmwdGyM:12000000000000000000:OKDOT:OKMYTH
1mqQjhgh9asBGRfbicD1uker4DBjjKP9JbNzD6uM5LP1CWf:12000000000000000000:OKDOT:OKMYTH
16R2T15JtnoQKXycsFLypkZCdYotWG5fxGyNJhJ1SGt4k4Yu:12000000000000000000:OKDOT:OKMYTH
1EM5ETiiZkL3RMbdpziCydhNRAZVf3y1S2Nof59G2cjUfno:12000000000000000000:OKDOT:OKMYTH
12TRh8MDuQKAizD1NC88Ms69RQxi3Tq3R6UWGkY8sQtFSYNc:12000000000000000000:OKDOT:OKMYTH
157iXu3DRxgPQidZprF7f8CW3mxpXkzuZFqb42DDqhwgBVv1:12000000000000000000:OKDOT:OKMYTH
1492cFNYff3tbo328of1aJqa8Wjfnf1td4Mz2a4B3KNL6vi9:12000000000000000000:OKDOT:OKMYTH
13zXNU12cpLbRHHUKUxVvxCvzx4CVfC9UxXvNzgniZ675mNm:12000000000000000000:OKDOT:OKMYTH
15rMCLWz8axtnFJEPFqyhyKExv4c8nkTDwaMV6D5kysRYSiD:12000000000000000000:OKDOT:OKMYTH
1ZYq7qWxvqC1rE4PKnTWwoVJYLtn99p9JM9cUn2WqbWr3Jt:12000000000000000000:OKDOT:OKMYTH
1w1iZBanLyZHg1Jp4PQDwzeSgD8Fz8x27AKaJsKY2oo9n2u:12000000000000000000:OKDOT:OKMYTH
1tSLFV49bG8YFSTzfQNf2QUtHHYzARpUg2Ksxrn7cHS5qbo:12000000000000000000:OKDOT:OKMYTH
12V4k4M16TYAXQ3bLmarPqtrxz5FHvkuzUhe7u4NjDmLeMwU:12000000000000000000:OKDOT:OKMYTH
13bR8kEiChJjboMBHo7ZxKaDoiMaS5dgegB7Schg7xDCFF5D:12000000000000000000:OKDOT:OKMYTH
14dGRk4hQ96wbviauZ4xmf4tFyvT2SgiusuACCjbE5o7oxHG:12000000000000000000:OKDOT:OKMYTH
1KyFMGHDx5AMdH4NULejEJ6pXK2Ed6fSPXuGXzyjNvgVaDT:12000000000000000000:OKDOT:OKMYTH
1512XPKcWoUJgcaSTmQWCzSNjrTeuknvgadBuYR6MmsZuqXt:12000000000000000000:OKDOT:OKMYTH
15uJdG6TfAfNjvvf5XxyAh8Q4ySwLyKdV9TLLE83Hstq99HF:12000000000000000000:OKDOT:OKMYTH
15KHo27tcKWKjkXV46tdM8aTSD73GsxU2cfMDEAUE9vT4ikh:12000000000000000000:OKDOT:OKMYTH
15yHTJUBVptYiJ4xW71nBAWUn9LjHvGjqbkDdM5tpnLKMx2m:12000000000000000000:OKDOT:OKMYTH
125foqoNXaBfeqxunCD4DyUFA34sTtyV2hkzQWwLB1ngHEAN:12000000000000000000:OKDOT:OKMYTH
15AyBBBbAFrVVYWKVUrrmy9wj36j3VJc4njh2BwKGJU1DMGe:12000000000000000000:OKDOT:OKMYTH
13VgAhn7CVWG5ibeaKMGMJXDKSgPdgPVRssJTGzi6nFj1j2X:12000000000000000000:OKDOT:OKMYTH
136TgBKuZ2AibsUmHZpy2o9wT16PE4UAhUx9YTxsuE1pDodC:12000000000000000000:OKDOT:OKMYTH
14f4Wof6gZRrhWNPS6P9XBScApSaxXdDyut5H8Q2TVMA7AaG:12000000000000000000:OKDOT:OKMYTH
1DQFR5oQRu3jpeu3dZ9TWqBrexGh4FUDe5W8EMNvX5gB6Ay:12000000000000000000:OKDOT:OKMYTH
168uA3UnAe96MNZKUcwAnugkgxDN2BNcSudz2VAaJsgtw5LD:12000000000000000000:OKDOT:OKMYTH
1xyNwzVuKKSiEGB3JnhNTiQMuH5zVh9Zb6LhPRsqbcqP3vN:12000000000000000000:OKDOT:OKMYTH
1pEFUScbyx1uXuU5eCunDznVEHwDdtm88QViAbjRjLyUrnR:12000000000000000000:OKDOT:OKMYTH
13jDnMjnmbouJMDv9VF6GrLVCx74xvNHgZdcRrpVviNq4Gi3:12000000000000000000:OKDOT:OKMYTH
1J22MFbwvc5Rb3LmJx3G6SWuyE3Q6uGfNzzY4zrnftD21na:12000000000000000000:OKDOT:OKMYTH
13M4hURxqehFmguZuNG18cmbRBqzs28ENtpFbJ63mEgmkBKx:12000000000000000000:OKDOT:OKMYTH
15zJTTudxaFcZ4uRyDTCuFdscx55VfLcwda4ahNtuCrqjnze:12000000000000000000:OKDOT:OKMYTH
12b1VmvJLp8zCH4aWuDeprQJCUFiYBzzsuXaSHtfwr9PLkK1:12000000000000000000:OKDOT:OKMYTH
14KeQcLN8hYky111UHNJSuKs76aiERa2pnEu8UuVaq2vDvsz:12000000000000000000:OKDOT:OKMYTH
146zk5sasFWsQByA8e9V164bZxCHa3peeWdJQ8XnL7jER8Ki:12000000000000000000:OKDOT:OKMYTH
1MWY11Ktv5L1cihF8D9CkhYCyaLGrNCDvrc6tF9a26mWyK7:12000000000000000000:OKDOT:OKMYTH
14v6qg6vhiajWGCQpzbrc2wmGSub6GVhE77cfvVoQxTXJnaQ:12000000000000000000:OKDOT:OKMYTH
1MMyQXjg2BYjwzSa5rc5NM1dj4Qj3ZsjSSuXrWJsJRNTAji:12000000000000000000:OKDOT:OKMYTH
15oitdhMjxTUYcYSheKcX2x1gZradfjZhvt3bTpMC9ZPdD9b:12000000000000000000:OKDOT:OKMYTH
16ExFQv67AYFEFcxK9adyEwZTrensuCvnjXzEDcuG9B6fn57:12000000000000000000:OKDOT:OKMYTH
1KbuAhsPyKcMcoX29sbLJr5YQ35N6uASzZKRT7cMx7FZb9S:12000000000000000000:OKDOT:OKMYTH
15Pw1QMU9LVrN7m4KE4DgQm95tihwTqqSwKT9GpJkq8bogYp:12000000000000000000:OKDOT:OKMYTH
1ZaxqhN4mxKh6gWdXkdRa5DXXu7G9sNwd3w7DH4NSsVmcPV:12000000000000000000:OKDOT:OKMYTH
12ghhRozeoDiiRBrCXzmZt2oxh9UcBu745iS27MheG3uzD9U:12000000000000000000:OKDOT:OKMYTH
16VaRWV9uVGCeHFopLX9SQWCzk2rbE6PcHEBfTMpY93e9i7x:12000000000000000000:OKDOT:OKMYTH
12EYdUu2Y6BJU58FTCpHBTDFKmE9TUxB9fRcwb4kLkX5H2G6:12000000000000000000:OKDOT:OKMYTH
153V4nNEzwb7RUuKf8rPJj7jM7TkRFMJqrRsuMuuvpyrS11i:12000000000000000000:OKDOT:OKMYTH
13cSWGu1oSAeXK9nBeuii2dNPBuosGsVitAJ2kPm4UQHjTNw:12000000000000000000:OKDOT:OKMYTH
16jTaDQHqiPEdW28po7v8Vs5VucEfkLuzSzXyZs38M3bnbV2:12000000000000000000:OKDOT:OKMYTH
15qYszno6KM6bWruWmdPJn1KZAoUKv3vB8dUf5Cf1ivDDN7W:12000000000000000000:OKDOT:OKMYTH
12ynjPo8zUHq1fgJSG61s9HVzjCZfXp9SyCyVoLrW7NmaLfp:12000000000000000000:OKDOT:OKMYTH
1a4beNLiLPwmGAXCXzjC1qxXbDKRp1XunPhF8LSLpevviqq:12000000000000000000:OKDOT:OKMYTH
15a5hzP2dYf6XeEXZTKERM8EoSPLxU8dtMFg8BvENdc1US68:12000000000000000000:OKDOT:OKMYTH
15Wq3hfPSv9CayXofhjZo2GDWcTvQUEsVXo7Ha3LwjwKjrsv:12000000000000000000:OKDOT:OKMYTH
16XsJ1gH3yxj4FBZ4oP7GBBLhZh3zhdgwXfX1ZTXckL9WgJB:12000000000000000000:OKDOT:OKMYTH
1291CYSQhx8bd5HGGwhVAUufJzG5ecgk25P4iD516rkksWVD:12000000000000000000:OKDOT:OKMYTH
1mgUSCFVcSHZpWK8D2HHkcJBxcS1wQzdkDBT9friqxSFhjs:12000000000000000000:OKDOT:OKMYTH
1Wr4ShwETguG84HstdU5idQr34uUAn3Ms8YhgcmD5kqccqJ:12000000000000000000:OKDOT:OKMYTH
14PLxPQnRjSUbNupy9CtXMaWT4ZNyETsyLMtjb4jZEPYbrZh:12000000000000000000:OKDOT:OKMYTH
13iXNSmLKm97MN5RShzf2fTF8H6gnn953naKYYhPVYaFyKZ8:12000000000000000000:OKDOT:OKMYTH
1eXvFNAEaUt2qxVN2GvTPeQPnKCJg7uBihqAjJaLDk1jXGs:12000000000000000000:OKDOT:OKMYTH
16Mb5VJcpP9CpbEhdSWosDPE5TdsrfaVMKkKAUc1cGiu6GLW:12000000000000000000:OKDOT:OKMYTH
12FJfkCGY6SJPbZhnWE3azCbPyw33P6uvwq5kDbKbXzaryDY:12000000000000000000:OKDOT:OKMYTH
12zQF9NRJJ2uvvHuE2rGvqo16D8vFz2BZ5hu76LJfBj1dvsd:12000000000000000000:OKDOT:OKMYTH
1mkqHJogG6UfRg5MBVHS7kjUcTPhSU6YrRZCMB3jabaMQ6W:12000000000000000000:OKDOT:OKMYTH
12vnQnSscpQejAG6bdpS6SUkBiwFa9M9K9RFTSs6AGNwRVnY:12000000000000000000:OKDOT:OKMYTH
11UM7VkQ4whK9CYMyYWEf1vu2v98jVtAUt8ZVdCp83JTi5h:12000000000000000000:OKDOT:OKMYTH
15czghrosadvBpx3nAuU1jxTV2EMQxo7rKKy3sAD8R4wXvBF:12000000000000000000:OKDOT:OKMYTH
14wP8TCUSv8ZXtUM2zAn9t6y8xgXbxrsv73QChBRs3fbWF5B:12000000000000000000:OKDOT:OKMYTH
16QKv7jiLJwK2XbAZYPJtrkNjkcUnRpKbgBM9RnqRf379ECu:12000000000000000000:OKDOT:OKMYTH
1HvFNB5uVy8pJt6pE4H19VrbVmE8gKKL3GHSBXBvRaZwFwU:12000000000000000000:OKDOT:OKMYTH
16Qu9McZ6an7sFtn9h1RP54CdgRovggLvyMXtWD7HmF7QwzG:12000000000000000000:OKDOT:OKMYTH
1gPr62gdvsfZgL6PDUbv6v6GnNADWDggxzV2vgrKK5iHG5t:12000000000000000000:OKDOT:OKMYTH
1MhzfvdVzZiSrxA2aB9gvAqk7pXnSNCaWuMKktRpHL8stuU:12000000000000000000:OKDOT:OKMYTH
12dEz7RwKM9pES5tDFU28vma3dL1ZGyMMbr15B7QMEoWK3DK:12000000000000000000:OKDOT:OKMYTH
14QVNdmeR543hsf3FA1AYp3ge3cuaUoHWkdvCsG5Qm5Ecc5b:12000000000000000000:OKDOT:OKMYTH
15aWBA7XDH4d9EarToZrhyTYhxVUarrHLwLA9YkonM7Ldz4U:12000000000000000000:OKDOT:OKMYTH
13qasunVJ4N8iXmeBJ8V5jmwMtjKWEk1RGndk55JspNX9aFz:12000000000000000000:OKDOT:OKMYTH
1Q5MpC3K7ZsPGKFEuchw4qoEKP1dLstkQvSc824d3NTXftV:12000000000000000000:OKDOT:OKMYTH
1YQqbktJjdyFHePLs2mVzh1bR8TLWUQHEhbzG8Z3rboszFG:12000000000000000000:OKDOT:OKMYTH
14StrnScEuTTgx2ettSeneY1TSrXbGUcsk8uvhYpzbDaV2jf:12000000000000000000:OKDOT:OKMYTH
15g4VS2dThCgot67xxsGLxZwDFsUurSyqpkosEtoTEU3xR2a:12000000000000000000:OKDOT:OKMYTH
13599t8U1v5C4p8dYR1CxwXaWgfiRoGTuzuWxpFAcqHSUrEC:12000000000000000000:OKDOT:OKMYTH
14iCQMTkGjHwnAropdssk3iD57KVGdTUs7cXCPNrGUdC8zws:12000000000000000000:OKDOT:OKMYTH
132soHX1kRoHuNJ42shLeQatGRVZZ2jB6jDfrP8bDxAj8Upx:12000000000000000000:OKDOT:OKMYTH
1E9RnZJjvLvz5eCwLCPSzAU97GR73qSYXFVQCE7YbXzyWMU:12000000000000000000:OKDOT:OKMYTH
12eYBJEUyrj1F3GD4KWoB8mDYiLkJfkCzTFXWPfxEeE9WVbK:12000000000000000000:OKDOT:OKMYTH
13vuf96VyTr7GKdsVY4T2GAvQ9mxKLVQPURkhDrXKLbyMzfe:12000000000000000000:OKDOT:OKMYTH
12AhSGpPqrTrijoRfsN5WMwyZmPLzB7jgnxxiwvs6BoyZhCt:12000000000000000000:OKDOT:OKMYTH
16DzMWhrYszSCyZkxe7fCG4oGn3Pvyg3CSQKf4iEnDQkAa5m:12000000000000000000:OKDOT:OKMYTH
14GWrkQA1qyw7UUbS6tW8uSh9X9rQBij2pYWsZhyBw7o6k7K:12000000000000000000:OKDOT:OKMYTH
1wvqm64rUrKSQPdi6dzcv64P1WKGukjdMYpCYWzPUsABMXG:12000000000000000000:OKDOT:OKMYTH
1HnZh7r2gAQxy2TP62R5VyttF1XJ54a7xqQU2WFkeToqE7B:12000000000000000000:OKDOT:OKMYTH
1U83QJzGdkZML8n2xYGgVBUM2o62nRo8tXGhvBjmX2K4fSb:12000000000000000000:OKDOT:OKMYTH
12x1xJqgjr9Uvo1xUYWz3C4DA846mP7NRaN3Ws1LBacoYTTM:12000000000000000000:OKDOT:OKMYTH
122Kub7c8kMWL1uh2XgpvHE55uvraCCnQoCebcPTdGPBtkXq:12000000000000000000:OKDOT:OKMYTH
13Q4QQgpZEfMf3f56AYwsMHH3Pm2nWQyKdyUmWkU7TuSsK9r:12000000000000000000:OKDOT:OKMYTH
124Cg59qHXXf3qgpS7pKMewAbDaY884K2sbLuFcrnh6zhwUv:12000000000000000000:OKDOT:OKMYTH
14B21CPh9GYvJWxeq1D9BxffPMHDHkPM9gqynQtEzKDCGhHL:12000000000000000000:OKDOT:OKMYTH
15Xxcq7jxvLWAWpyjXUv2vUc2tQ1Gmt5QtuBEPwPPsRDBP2s:12000000000000000000:OKDOT:OKMYTH
133ftjFb5vLV77w836xZ3DHckYeoDxu3g11HTLo3q2e3mqft:12000000000000000000:OKDOT:OKMYTH
12eaysCdwZBxM6RKKns6dUCHEwzT86MvYHFx26VP9GFhf69E:12000000000000000000:OKDOT:OKMYTH
12cxCmSw8wbFZjAbH6SxaT4qATpu8Wp16PVWRTng7HZgEeDQ:12000000000000000000:OKDOT:OKMYTH
12XaAFg6hBuoxqoRJXQ7wwxSBeQhTenffJSextag8cR4thwg:12000000000000000000:OKDOT:OKMYTH
14jn78vULrJGibFEfZVBRVYJRbvdCpsAgzGUyMjapCHw2ewC:12000000000000000000:OKDOT:OKMYTH
14bzB7y7bu3WYWKkCqUnYDB7cwGcc6iDQ1KKsq3jhzkPRNjj:12000000000000000000:OKDOT:OKMYTH
14wQ71brypT1395cs6eMbifebTTj91hTyaFSFR83MXg9d2Yr:12000000000000000000:OKDOT:OKMYTH
15q6SLSwjpGag4wbEpH1kKc9ZJ3e5Q2428iPRDgVRaYMxnzP:12000000000000000000:OKDOT:OKMYTH
12qsFbGna8pg2xQWajDHUL9yENMcLvWDkrM2mJbks12hEoXW:12000000000000000000:OKDOT:OKMYTH
12PGwM8DsD7NBCTmL9NiUDZm3xhgLbf9Uk2wmDAJsammcEug:12000000000000000000:OKDOT:OKMYTH
14HQ8oBGWBJ5cmf7wUCr9mXmHuXpzXYwiEjdcELDv3iVW99Z:12000000000000000000:OKDOT:OKMYTH
15d2EZFqktMwrSGnroUj2TCiidjHSTYLkYGwNPoDP69Z7jE9:12000000000000000000:OKDOT:OKMYTH
13hvsymuP7M3oLt2LJeN6mCTzgG6PB85p6ATzG89yhM4j6SL:12000000000000000000:OKDOT:OKMYTH
12raWcstdKzBCyj3eNgzPi1q2f7JHRBqLNSGbeHucDtsQZaX:12000000000000000000:OKDOT:OKMYTH
12P8rumMeNHWBFYnhMYC3E5GQW1UeCMXV5oNcpzRDbGkKVwP:12000000000000000000:OKDOT:OKMYTH
15h4K7mtRCFGyuod7FWpU9YGvmqu1fpwQ7FdUuhn4iTCC8kq:12000000000000000000:OKDOT:OKMYTH
14YpMwnqSkJ1xRKzKVFYSUivKYXvQLjbBdy7kgvZRsyeiuBy:12000000000000000000:OKDOT:OKMYTH
12HUdvyczzWztT6Cq3GaNxFyZNDTxTZ1WxvFxkzVztAkFQ6x:12000000000000000000:OKDOT:OKMYTH
16xZZQrEwJye27UdipwTy5AJpj71tZyPLWvSmyopte7ancA:12000000000000000000:OKDOT:OKMYTH
16DWnJKv8aQgJzeyMzueMyXeBkbH5pjwL3MzZkpjyFAyHBWt:12000000000000000000:OKDOT:OKMYTH
13G4ZH9VzdNr7urag36TPdjAXdgR4HJWvwkciMnbEDGtWL7L:12000000000000000000:OKDOT:OKMYTH
16b1HuTDSvkBrawnPESCE2BZ41Jocfd7etGKNENu6H8xjv7J:12000000000000000000:OKDOT:OKMYTH
15PgHgPzhnKXCfw16ESELKQYtsMRmF2Gg7RG1J3LNbAi5cSN:12000000000000000000:OKDOT:OKMYTH
1hgs2pxwxSKkfa1VNz7w3CpPwbpqjp3wZHEzgH9rXMe3P99:12000000000000000000:OKDOT:OKMYTH
13GLzpAXEjCYqTuYMag5iEiYQnSySpKNjBWqGHEbjoemPhTM:12000000000000000000:OKDOT:OKMYTH
18ifwoTkraujJPJA8Q1A96zqtREGfVzZLVDEPxx6BAwrHDz:12000000000000000000:OKDOT:OKMYTH
1DqvPvfmcqahUxxZxbhNLVRueDxvatc6BJHCRv8BVHxMaat:12000000000000000000:OKDOT:OKMYTH
136TxHYbroEUZUP94dypfLS88nMvKG424PNAjJsdTFsyLswf:12000000000000000000:OKDOT:OKMYTH
13xw9pDspuQ5GeweL5zFTm6A61YqjLH84yGSPqN1vg3P8KTC:12000000000000000000:OKDOT:OKMYTH
13wv2RaJTuNQaHtzJJAMbgh4dFiWZknwAaJin5VF4RcoEXoP:12000000000000000000:OKDOT:OKMYTH
1iK1bzzX29b8gTjTS8ppaRMQkT1nSh6YU2fx1YMXD6Trbta:12000000000000000000:OKDOT:OKMYTH
12kSwaJthURkJJxWSyKjtQmY9wZ2s77K2UnoEZxtxzcSYKhH:12000000000000000000:OKDOT:OKMYTH
15FTMpJCsSgNUA7NPZiXZpqusNBGPLHcBVCTibiU7STnW1Eu:12000000000000000000:OKDOT:OKMYTH
13t6vfajH87q4p4WUeBshEyMQ8Z6kq8c2tMpkniS8xQPkJ98:12000000000000000000:OKDOT:OKMYTH
12r4EW99V95Auf7a5mUzyUmw36qC2HNPLKb9f1kuheTDYiHG:12000000000000000000:OKDOT:OKMYTH
16GRK2Mos1BoybYEuj5qWGanC83w91tj6HnySNV87ksABhL8:12000000000000000000:OKDOT:OKMYTH
1h4EqLBpgTuAnkm6L5DSdy3HFgC9dACLPQCfJ5J9oqDxmes:12000000000000000000:OKDOT:OKMYTH
14RSBXLb7wwgpugxr3XWtMgceyx18i4kRVNY53EKmtMuXUgq:12000000000000000000:OKDOT:OKMYTH
14o1ofZYebq4p46J5cWBX3hoxH6PVq9gVR4q31TyXLmz5DTX:12000000000000000000:OKDOT:OKMYTH
1c6edhTPDfP5qzB6dS82SfCxZ5YaF415666wUSBJ2u5wKUd:12000000000000000000:OKDOT:OKMYTH
12o3oGZo4jkVpKWHCWnZ9HRUgxrXyWC7vcDZPHD6CKJeTLV:12000000000000000000:OKDOT:OKMYTH
15dKhwq7SAkuzZfTnBeTDNxZnQki8JcVgCs8zJ2zkWY8y61g:12000000000000000000:OKDOT:OKMYTH
13ufLYRWvzDxppB1RTQ5NkaHvKL2SzurGVDsEda6irR5g7AJ:12000000000000000000:OKDOT:OKMYTH
12fzy24M4R8oZAPgutB8mdrdYrrCvNi8Y7zWpK3ohwijAx6S:12000000000000000000:OKDOT:OKMYTH
13uCWKeA8BX4StG6uG5VugHVCXu5uo1sHNKCqBPXQ4TcjnT4:12000000000000000000:OKDOT:OKMYTH
16RYmT5Gvo7ZSBE1xJyUSz98tyFLpmZ4ozkx7ipC5c5Snc2L:12000000000000000000:OKDOT:OKMYTH
16fHzNuyDTo89qE4vg5ny4oxVjHdWVQSAtg1SwxHuNfQdJK2:12000000000000000000:OKDOT:OKMYTH
12dLMK9qDGEHcqQUcvau3C67NbsvnT8gjizap1U1pMA6JLrV:12000000000000000000:OKDOT:OKMYTH
15nExoFSASaZZgtdZhFkYYMQjM5M7NrkXF4WhvuzWEBcyAWm:12000000000000000000:OKDOT:OKMYTH
15W6TTazJTjejXUAMee5UV8ffi8PfxEz9wrCBZ4uoJ1uv624:12000000000000000000:OKDOT:OKMYTH
13ermysoy1moHXQ3xTsazwHcva72mGmTxz5759pNumEETy5z:12000000000000000000:OKDOT:OKMYTH
13KpwPfPXKjqGA1vSWSr13onvRJ2w4uqGW7mHtnDMEsBoaN3:12000000000000000000:OKDOT:OKMYTH
13gX7SJqdcTyCBwL3vsoEcMkKEpT7weUc68kGUXsgfxEcjKM:12000000000000000000:OKDOT:OKMYTH
14mgjmfn9gnwaisufAk57NAeCFDVBUcrucKeydX7wVeAiCLA:12000000000000000000:OKDOT:OKMYTH
15wDHvUUrx1UNhiTjYdPjinNgciVqxMWoHq1p1Uq8XVFzVWT:12000000000000000000:OKDOT:OKMYTH
15ATKW3S1VoP2k9q199n28R2ecV2eUYrMaasjFuVQWWbVftZ:12000000000000000000:OKDOT:OKMYTH
12Wghk64Tzp6eCMWFQBPdu65WREtFpaU2B65bRfCjUgafgrb:12000000000000000000:OKDOT:OKMYTH
12FNFkoAfiYV6gE6D45JfsdBbAQfNUoaFPu2eVzw574mBJbn:12000000000000000000:OKDOT:OKMYTH
16KcBgqhiZSEyKLAKUxvLcgqfEe3rjKeAkEppUW3Mzbs2VM4:12000000000000000000:OKDOT:OKMYTH
1SNGQ4gLYcDjoSCofd8PAT46Nxc6XQMPioj8iKQLrZ6833m:12000000000000000000:OKDOT:OKMYTH
15bj95jq16bCdAMi5ZLheDDbwL17M7FHKUUgYwKFWKGiMgg7:12000000000000000000:OKDOT:OKMYTH
14Fjzsm4E5n3VTWowPur4F9xQMatBEmk632ARvTXX9XLc7mW:12000000000000000000:OKDOT:OKMYTH
1VcyV2n5q9PbaG2LQtrd8dPwPDjFhdsFJZKZLE1FAqjR1ry:12000000000000000000:OKDOT:OKMYTH
15wkPLsjXYwyEy1LgUwTVKtpK1nkJEUzRM4JF8LM9kioZpjk:12000000000000000000:OKDOT:OKMYTH
138hRrUAg4mjAYKiSfPvuQFBNGxtkGaPBxhf6gqsZexKmk1H:12000000000000000000:OKDOT:OKMYTH
13Z2pyKHzZfjwNLcH6UBi4jC4HkHKdEYKpWnF45bYrjd7Mws:12000000000000000000:OKDOT:OKMYTH
15ePNNeP8xC3DHtUehdf5DPixmcjFKjod3XvKwqVhzVX8qpw:12000000000000000000:OKDOT:OKMYTH
15QcSCrK6tiPFtufTzrrg1A85dRwJKrVDo97HUNsGZVXg6Qv:12000000000000000000:OKDOT:OKMYTH
15U6RTXTrH4EsfUuj6TsptXf1YPCkepnZcx41shitxc5jmGE:12000000000000000000:OKDOT:OKMYTH
13ifH4uRXY1vDgrm2aN8cBbnbies7yJdbHqE4dh2cUv3uNSb:12000000000000000000:OKDOT:OKMYTH
15E8ta5aHtKmVsshyRb8fm8CuvUo3vnaKNDxcU4HCWosEE9D:12000000000000000000:OKDOT:OKMYTH
1jnRumt4tHLVZctMX6riLCFK2UJweJBALWK7o1jpbqG44jf:12000000000000000000:OKDOT:OKMYTH
1oEikjmsWHeoomo79ZoqxxhkFLoN8dx1d67n54siUe2DuQ8:12000000000000000000:OKDOT:OKMYTH
1292wU94w5doXUiLHjDRzkeDaity6u2V4qENbawuMrecwqF3:12000000000000000000:OKDOT:OKMYTH
15m3TFXsBHF76PXKt27zN5QP1kFubeu4kbLFKBCpB73c7jLw:12000000000000000000:OKDOT:OKMYTH
1vUZcGRB2jPSM6Azb5GyKVphD2NNZ9a9FPRNWUjCqTbJ5e3:12000000000000000000:OKDOT:OKMYTH
15bXGwxfrGFnCe5LiNScS84Nf9qftHsbz4yYBPnv8Ldyyb61:12000000000000000000:OKDOT:OKMYTH
12oX1H4BTVcXvWDMxWPS7ekSy5RbyKJK8f2qZcnWiVP3TGY5:12000000000000000000:OKDOT:OKMYTH
14rfypRvinX7uo9HrZiFPnHn6yQo8rxtVyjLsDnjwcLD9bk:12000000000000000000:OKDOT:OKMYTH
157qoFeZv5tL5o5F9byoTKPh9TsEwpzkwe2Ef4CKVPPC6oPJ:12000000000000000000:OKDOT:OKMYTH
14XhAGxC1MaGtHJf9iQ38SdyePjB79H4UetoSe6f7Q8iZitk:12000000000000000000:OKDOT:OKMYTH
16KfJ1AHTTR95CApV2tx5mWmVztLhw3mA1b8kkpP3XZsfxiR:12000000000000000000:OKDOT:OKMYTH
137hU8ws6rfRfwCngspCu2txQqin1GLMwrqhoPEe3hM82z88:12000000000000000000:OKDOT:OKMYTH
138bfxELZZ94fihAKz9r78M6495uUHM1wAEyvwZnh6aowUpf:12000000000000000000:OKDOT:OKMYTH
14DwtTnYCLaj3Y4t1FHMLzwhExH8cmaDoFhFnMDB2kJYdftm:12000000000000000000:OKDOT:OKMYTH
13nFwvoXvMTW6KYto3N73HpkoayxxJJFb6RUWc4yvFr6mty5:12000000000000000000:OKDOT:OKMYTH
13zyoJ47k9mXJyKRSQ7uhPAZbuGDiFV344xCCLXewuC8M1hM:12000000000000000000:OKDOT:OKMYTH
133Adx3TJoVUT7pER7E3AbsnWxpdx4umTaG9WgbKPk1Jf7np:12000000000000000000:OKDOT:OKMYTH
13fYa9xoxa7RgFHApihNFxLB6DYCKe2C3JRjv8g4u7mqqitY:12000000000000000000:OKDOT:OKMYTH
15eQNDSLHGiuwcn7ZfSgqXMo2pEFLyxreaw5H8ztUvZwM1Vf:12000000000000000000:OKDOT:OKMYTH
14FXsrTJ8AVnFAB8Z3k8R2V4FGxb8nvqdABUFLSSpPtwqiWS:12000000000000000000:OKDOT:OKMYTH
1hC53sHghEjitBFWYz9fc7SLFQFgrPxqa1KY7jTtwTtmBoM:12000000000000000000:OKDOT:OKMYTH
159ZA5hC92oCMHgvRoqy5oBPHDvfDNcrYgwVk9dEeoDtjPW6:12000000000000000000:OKDOT:OKMYTH
12ZfdLNFZC7dBhs4bdsyakzBWz7N5jRgpZFpjFPHLFnQCoE6:12000000000000000000:OKDOT:OKMYTH
13z1Q3NZyrjnnm229mJKne2VSiqaVZTGBRBAraBWEHEJ1qNi:12000000000000000000:OKDOT:OKMYTH
1oUJu6V8F3y3APcWSfNMjXP8XfmCEirLJbaF4Jd241d2Vge:12000000000000000000:OKDOT:OKMYTH
12dD3Bmq8FBnaUVC6DrmpZ6GP7AoQwKh8pEfJx5M6z9y7tBc:12000000000000000000:OKDOT:OKMYTH
15u8LnpLWysC5xKe9hNxvkokMSwougLSxtvuPJdN7LCMXhde:12000000000000000000:OKDOT:OKMYTH
15VfF89hvKxqMY4T1WxedhksTxdhEKE5q8MNVtzbYD7R8TVj:12000000000000000000:OKDOT:OKMYTH
143JTwrAN9dseyAiueMLm54HM1uYSeJoTrFJuepSqoDzBcEG:12000000000000000000:OKDOT:OKMYTH
16XEiKcn9hsAYHmj2GUzvXQ48WgDbBFQypGtqFssHQkx9C6b:12000000000000000000:OKDOT:OKMYTH
13Xyvub6YuwQnNm1yA17Ny7goKwwpmBTZGVAEWM4RKyfo8h6:12000000000000000000:OKDOT:OKMYTH
15o56tCsNijkWQjNxz1Un9NMSLKXcP8qwdZiXDvVERrr2jN8:12000000000000000000:OKDOT:OKMYTH
1gBRbdfLBWKE3v9GDxCHYqXuFTfYJgRwaXh6Eo5FgpYUsH6:12000000000000000000:OKDOT:OKMYTH
12YgD9YDTa74ZHBZLPQWqZQ11CYEwQEtXCa6FdKWFFtJwFUe:12000000000000000000:OKDOT:OKMYTH
147vbYVyAEpzCamCYGU4WU6ozwA5uES5dSdAzW7JP39jDQBk:12000000000000000000:OKDOT:OKMYTH
14gmLpmf9oXwSQfgo7he4SvVsVEtKW5SrmqWzmLRKVW2fc2W:12000000000000000000:OKDOT:OKMYTH
13zXu3k3N1r2tWrkh9n4h2LjQkyTCi6JPkAnqyJVDkXMjb9h:12000000000000000000:OKDOT:OKMYTH
15AMHiZ38ViEPDhtnPy8aZGNUeG2qEuySeGuXuDEh5fzXPjG:12000000000000000000:OKDOT:OKMYTH
13kcYmdmxTt93eVBsZBhV5b2Z2cgDioApRGEPAw5NQQ3vCkk:12000000000000000000:OKDOT:OKMYTH
154fEdzhYwrH3a8jMPJ6SaPfR4ykv2UvGaPhNtTEnLkLGjrn:12000000000000000000:OKDOT:OKMYTH
14nHckewav3BNgEd5sPhkfmybh4kBg61EKCwWPjCWstQBDRC:12000000000000000000:OKDOT:OKMYTH
14rrUY8SonyLudAcuLYCqzoHhfnJxmkDeU65sEof3xBWmE5p:12000000000000000000:OKDOT:OKMYTH
13Zezkw2d74EaMbYFE67fG1koz2jyQG6guwHw4DBzA6CWXJ9:12000000000000000000:OKDOT:OKMYTH
12KuK864omwTwb9UZ7ZShHfxbte2w1qREKoJzJQFZf3ZgbUP:12000000000000000000:OKDOT:OKMYTH
1htj4nQbWeHbX5EEBbRLiEpawTn4ia61JxbmgwWEvMPD4Ft:12000000000000000000:OKDOT:OKMYTH
15xG6ucoWS5G2JUDhGTFEfKD3zjqk7tYmUj28m1VSf1n3cBu:12000000000000000000:OKDOT:OKMYTH
14bXF8etvXeJGefiHMGZ25RVRszqguytG4m2QFkrtJvgeZyH:12000000000000000000:OKDOT:OKMYTH
1nTu9LPgH2u65opYVQGr6BML1yWevoM6KdcmEsjzZJXv7aL:12000000000000000000:OKDOT:OKMYTH
1236P4Yc1rQ7zgqvmgKmDaoj5saXxsvGhDR7owPHi675LGhZ:12000000000000000000:OKDOT:OKMYTH
121jmczHyR9G1Geh8uV9ufrNjk51f1bTDyXGCLdhb9uZRZXz:12000000000000000000:OKDOT:OKMYTH
15MJWATA3ahAuoyrpZXuZQZaRa7x5CxMioPreo9h7TCghf87:12000000000000000000:OKDOT:OKMYTH
12MztPwZfAsdHYh2kj9KCPSRwRDsyhCF2S8xXnaxX2BvEHwm:12000000000000000000:OKDOT:OKMYTH
15e8vQYuVjX1B5oGvSAukrDpAc9ruJhgm1C8UNBaHmXxRnV:12000000000000000000:OKDOT:OKMYTH
131LdwHPYARBL9bUNMGnqYcmHEykaMSFRS6MzNktqXUCVViy:12000000000000000000:OKDOT:OKMYTH
122ZRr7S7ZmY4p9kfJtFNRZqrs23rnbqQpoPWZWacGBUcmwk:12000000000000000000:OKDOT:OKMYTH
1RFVv5AUGRSV74xMCeU5RP76NXrmAKoopQCJ7MWU9H1jpdS:12000000000000000000:OKDOT:OKMYTH
1cAe7tDPwqnwzEeQsnjCD6ZatCT9gCGCy3YGzW9gZy32zLm:12000000000000000000:OKDOT:OKMYTH
12Vw2t93VGDV5B7eVQrzWXXJ4x9bnbhXo2FJxubDQN5PS8n6:12000000000000000000:OKDOT:OKMYTH
16LLL2agVa4qAF2NTfHgAeDtLAHRKPgmuVKQeSF5egFmWUiQ:12000000000000000000:OKDOT:OKMYTH
16iQtWbB18hdMLMfLyWT5kMtPjJQn5QZFQjr2uusVvnZYbyT:12000000000000000000:OKDOT:OKMYTH
15t67fDaY5ssgbEQK4YLTM78XKRFaFuvqB3yhp7N4ioiCJT7:12000000000000000000:OKDOT:OKMYTH
14qin9J7iEJduuLxj6YkzeTtFyRp5NMQUuAAix198i1oxJce:12000000000000000000:OKDOT:OKMYTH
13CzmAHNakG8ASpvqQePShqerXioe4P3XH95ceEFYXdqLGYJ:12000000000000000000:OKDOT:OKMYTH
13MwARAAY2UzD2gd2jPtfiqK7KtAT8pUJVDiG85WauqhqWob:12000000000000000000:OKDOT:OKMYTH
12FjrTBVsyBH6ovby7kpKCEwyvQtsfeMhniE6UbqmJSN4GD1:12000000000000000000:OKDOT:OKMYTH
16T5abRBWyMsqkwqUnq9nJsPXuSwZrqsvaGHpSrb5C77Tu7c:12000000000000000000:OKDOT:OKMYTH
15dqgqTBouLS2Afx5w18VMSAUZabrMUSsm3FW8fwXh4eLusp:12000000000000000000:OKDOT:OKMYTH
16jAziwjsHMUob1MMsSsLkbfA2SqebXMSs3ct9NVW74hUL3V:12000000000000000000:OKDOT:OKMYTH
165ZYELVk8UiAguyhWH6DeX9XhXoN12dMw7uvWaQwzGwiaVk:12000000000000000000:OKDOT:OKMYTH
12mAZF7BS1dmoWzX7KgdUheZviW6mVDJbkBcTeTiV2uraXry:12000000000000000000:OKDOT:OKMYTH
15MXJ2S5jeUtS977Zczi1Au4vWWjhYEUcvKcvzi5HWzBPtmL:12000000000000000000:OKDOT:OKMYTH
16fkm3gQ8a4j7MdtEayZ1Li1AHiKWU1CqAuPBVpwtjEFLX57:12000000000000000000:OKDOT:OKMYTH
13xkBDWsyuq5HkGBbiktWm9XgXwsRTtGDmxdebHb2e6vDBsR:12000000000000000000:OKDOT:OKMYTH
15CTSi37Sb9hcceBeBUZbV1TyzPFTZkEuaU4Drt9sgith8oQ:12000000000000000000:OKDOT:OKMYTH
15cBu5wgqBJtPX3xxNoWPgZ4XHWxMn7UxET1Dk7C4eudG3i2:12000000000000000000:OKDOT:OKMYTH
13UUJ3uC1KbN42Y3ER9KxkctWLEvYxVXPtStC7HgAz6moFxg:12000000000000000000:OKDOT:OKMYTH
12QBKNDVyys6GY8QuaRWR7D1xNgz9eH2yoAm3aDpjZcR2GtT:12000000000000000000:OKDOT:OKMYTH
16gqDXsPZgjUawvvK4G5jaKYA28dKfGp4mTNrcAEMpCKZ8qn:12000000000000000000:OKDOT:OKMYTH
16CBWRK5yhQDTbEYHx2TQids1JkyJ3QRKQGfz5KwrGWn4jtZ:12000000000000000000:OKDOT:OKMYTH
136LMwcnN7gAgNXbGFumVgniwL5P5njPYcfeZp7o5mdntEEW:12000000000000000000:OKDOT:OKMYTH
13SYf4rDjMDAbDiz2Jq5HLqKcLiVKh9TgYk6QFKxVNKJWcdd:12000000000000000000:OKDOT:OKMYTH
1bFMeodTqZANKJNbpwhBrqMyYKS3FAzNiH9QfPku6y98LN4:12000000000000000000:OKDOT:OKMYTH
1bxUg2MFmaazGvH8g2AwbZh8iczPnyYXiEiASYNkwfuju9d:12000000000000000000:OKDOT:OKMYTH
15C8WfPCThXLit9CnZZkPXcKFDAjn1Vj9YmEd9RMXFbwHCLP:12000000000000000000:OKDOT:OKMYTH
168crKV28vHm1PRYCmQsjekPgwFhe7ykmzZW9vvfWwH7Nvxd:12000000000000000000:OKDOT:OKMYTH
13t9t8VNiExWyqswygHTrsxsZjPeWePN6tAnqXxv7LhP6h3e:12000000000000000000:OKDOT:OKMYTH
121FcSjnCGfohhR58w15ntUsaHuvncyH6ct7eRsCdcRqis6d:12000000000000000000:OKDOT:OKMYTH
13NCLd3foNpsv1huPDzvvfyKh37NEEkGFotZnP52CTR98YFJ:236000000000000000000:OKDOT:OKMYTH
