1Zt1NWcmtftV95TKd3WobZPduxUvkikj1YKZoYwoqqnL5KM:12000000000000000000:OKDOT:CHECKMYTH
128saQvUMqEacBmsUiAFvr9bR95D14YajHvq4EQLPm6joEJ8:12000000000000000000:OKDOT:CHECKMYTH
13niTU573yarXNX1KdTA3q1BUiDHnbk3wXY7Yd67VhPDHUsg:12000000000000000000:OKDOT:CHECKMYTH
1vS5n6sn3QRQ65JSsC4VJqUCEGKQGo2tZrJ46HtF2XhFcX9:12000000000000000000:OKDOT:CHECKMYTH
12rmpesnFUf5km5Vu24stkvRr5PcRjFPtAkwHMzf5YrCXdTK:12000000000000000000:OKDOT:CHECKMYTH
1bKptM2f2ZR78NCiXKApSjaMLyhgDbAWkNk3LgEZX1y5KRH:12000000000000000000:OKDOT:CHECKMYTH
15kHvAMgCLSEeVyBHpkUVrWVmyoEiLh4ppUi52cJQ2k3fgdL:12000000000000000000:OKDOT:CHECKMYTH
15z4gPvY2tQ1Sgra9eBx52w6oogtD1ttVMZBRtWyvnBJN8pi:12000000000000000000:OKDOT:CHECKMYTH
12UFaZ88RnATf4FAvFkZWZTKeCuykZzJ2fELkMHz4ophvjoK:12000000000000000000:OKDOT:CHECKMYTH
13RyiZ6N5GPSwBnD3sfyR2QRtrEvhKqXtktKAEL2UuZUCcTb:12000000000000000000:OKDOT:CHECKMYTH
1b8788Lv11ashV42RyRqQxhmRgTA7K62ArdCBGQ8n5iEHXg:12000000000000000000:OKDOT:CHECKMYTH
12VswytLiKL4yg2nuJhMMCJRkT3PhRCjiu4LoCehNuRLrbws:12000000000000000000:OKDOT:CHECKMYTH
124APNxbBb6qiryTym59WaUzj2frmUynne4R5zSLTJ1PxPkK:12000000000000000000:OKDOT:CHECKMYTH
16fFHMUr1sJ6iSZTU8fmtzJAjmPwogAzFXV88wiEG8Mrnzzx:12000000000000000000:OKDOT:CHECKMYTH
12FcrnV2m9mdTwSKgKT48AzNUeARTRhcKpih4PifTFsjDPGa:12000000000000000000:OKDOT:CHECKMYTH
1q5bnRPxxLN3eFdXowLBaNBhZcTvAASzstEWMXrWSnSyFfH:12000000000000000000:OKDOT:CHECKMYTH
16Fypdd79RCmMHkETZ7ATbbJQ1gzH3hPfKi6Li11RjW4hbgV:12000000000000000000:OKDOT:CHECKMYTH
15nUphL6p4iRcskFEyHeaUys2c7CJaJbjSuRBiHDaM2LZf4g:12000000000000000000:OKDOT:CHECKMYTH
12H2DSHcgUcwuTyyfJ6Q3LVhWLojRW3BARZerDiV5wyynRUK:12000000000000000000:OKDOT:CHECKMYTH
151mmHBneZaxx2dFinAmWoZpHV9JATSHxgHGUXhpYXkp9GBy:12000000000000000000:OKDOT:CHECKMYTH
1azAgxYeRB6EpxwBrhyNSTwi5a5EiDvUac3UKZ33dEPCbF3:12000000000000000000:OKDOT:CHECKMYTH
12VKMuMnkhHMiMgnj6aPc1gUdVg6mMbPtSU1rNPih56pcqtZ:12000000000000000000:OKDOT:CHECKMYTH
1LY3z26dFyBU246QZpe8mwJTg8MTp8UJAWBBJLnRrtNoCE4:12000000000000000000:OKDOT:CHECKMYTH
14xAwowephSRz14CmDEf5rcDRnmZZ1ijeLQCd8nbaxWQna7p:12000000000000000000:OKDOT:CHECKMYTH
16D6pTGPTMADYJipbjbCDbcGVh4zkXg8q3Fh28azpQyeZNdq:12000000000000000000:OKDOT:CHECKMYTH
14btnXybuBwbf5YNH98sMTVz4oHPueFKB6bsy3LCX125TgaK:12000000000000000000:OKDOT:CHECKMYTH
14VufC977JyUJEm1GpnWCABWj4J82qaTAwGDuz7zT7mr7ES9:12000000000000000000:OKDOT:CHECKMYTH
12tjQXz91aJi6WQmMMi6q9TXLrV3tET7z2G7x6gScXkVogGZ:12000000000000000000:OKDOT:CHECKMYTH
14B4H4WQEB9E7kqNWXpYgmUSdJE7bpWGCPbS2NHM1ABGFm5c:12000000000000000000:OKDOT:CHECKMYTH
1iL96MfErMFUPwkSZGrBVqiTEx63n8t9dwxRnhHEEcA5Cpn:12000000000000000000:OKDOT:CHECKMYTH
14vHCtvidCYTs29K2tMoBne2KW3ftG214y9eCepqSJPKQ4K1:12000000000000000000:OKDOT:CHECKMYTH
15VjGySEQLvXtWtqb1LeLB7Vw9tViFUfESQ2kzXF9fKRWdAa:12000000000000000000:OKDOT:CHECKMYTH
15Y6mxbsV6gKos1bnpJ88Qbe4eJFWwPC1oSDU4cMB54Hff6T:12000000000000000000:OKDOT:CHECKMYTH
14z942HKmmrGFjJFQCXpfsLi8DRrHvvtBb7azRD9bG7TbrsE:12000000000000000000:OKDOT:CHECKMYTH
16U8TsA68SsgtUVmvzXc3DYoAFDg41Jsys2aKaFVwfZ8QeL8:12000000000000000000:OKDOT:CHECKMYTH
16h3BeUeeQH1s5ZqgoppghywrqoWGmjj8yY9EwSAvdLhh2Yg:12000000000000000000:OKDOT:CHECKMYTH
15acADLsULjpjtQyEr52gzVkkr6Dq5NN1xAfn8aTeBngArTC:12000000000000000000:OKDOT:CHECKMYTH
165SVeFjpD7Hr3vH46wE4QgRvkueDkAj9NN8k3D9XqoWMP83:12000000000000000000:OKDOT:CHECKMYTH
13xpy7d1kBSkd92LMqsFQaiNXqcD9ha9DN3Ufo7BDSVtrCzf:12000000000000000000:OKDOT:CHECKMYTH
16QK8tN1JnXAVRv4XWv24ATVJWbMNAtYVwwuDTJzKYA7EgfC:12000000000000000000:OKDOT:CHECKMYTH
14f8TY2YqYjmdUeXxiNS8a1sjnQCGUs3UmdkziXf2hHjkiJv:12000000000000000000:OKDOT:CHECKMYTH
14a6LYZqDuiF3FaKV3LU7Zrznq6kM9gQLSn2atD51aEVJNmA:12000000000000000000:OKDOT:CHECKMYTH
142dH8HykktnVd7RPXVNQNCW7MBpzK7CTC9t2kVqGcsYxAWR:12000000000000000000:OKDOT:CHECKMYTH
12rAHNWVSyvpCJykyw7WpicHwGEMT6KuwQh3xmF48enN4sA9:12000000000000000000:OKDOT:CHECKMYTH
16dsSWaKiHKFar5JuJJbHTeETr79iLVa2pQB91dEgzWbR1xU:12000000000000000000:OKDOT:CHECKMYTH
12TqyAZRwnoPhTLsnzZA26R8JyCuPfpFUKt85UBxM9nSF1xN:12000000000000000000:OKDOT:CHECKMYTH
15VpjbvPQ9eBbNjH24VqyX18Rf8rKEkjY6h2b3nFrN3AxQtk:12000000000000000000:OKDOT:CHECKMYTH
1MXPn85KLAqxw4L86h2zAih4c1rdA9zaxLvZmnqCrN1L76d:12000000000000000000:OKDOT:CHECKMYTH
12qixcYU8UJZq4ytJPWDxJfyEzpy3WJJg8zq5hzmukeMXE44:12000000000000000000:OKDOT:CHECKMYTH
15CyYuMvxPUp7wtWsDwpnTA7L5BYEWG8P3Wgq9MktYsDPR8X:12000000000000000000:OKDOT:CHECKMYTH
12N9MJ7ZTWnaKzBCxgX9ecUZibHjj9cRSuziXpT4TLmeUcUk:12000000000000000000:OKDOT:CHECKMYTH
131GUuQbHGihNBLkhJhXdfeJX4oNn7SwxLCTfYk9S2pw4Gar:12000000000000000000:OKDOT:CHECKMYTH
13JX4AGZnE87ic7P8sZy8KNbYY2WggSmh81PFTYL6V4mnWUz:12000000000000000000:OKDOT:CHECKMYTH
16B6Bv3JhtNALagY492D7RRqNzpudCrcbVMrXV5kY84Kzi7u:12000000000000000000:OKDOT:CHECKMYTH
15MrXouzsmSW3S6tWQGJkjDuoEYKsYxcwX9Yi4AdthKeEBFh:12000000000000000000:OKDOT:CHECKMYTH
12R3QVueJccbXW7DwRhstg8zXRhwx4Ne5T4aCJjdWWFj1M5H:12000000000000000000:OKDOT:CHECKMYTH
15ahwws8znFDHWphU3s9sytqxXC3vWmWJePugG7Xjk6xMJKJ:12000000000000000000:OKDOT:CHECKMYTH
14bqd5T5fBUk5D22SWWGPVGjLuEyHg8YG1eQQswpjuximHbS:12000000000000000000:OKDOT:CHECKMYTH
158ANzLekLh7WKmYFLT3Qgng2VXzN2deMDMG2B7qDfv6a9T7:12000000000000000000:NEEDED:CHECKMYTH
16mvvcsR7vSnwV2QH2ivDRnmdALcBMoGaxvYFNW5oViLQHs5:12000000000000000000:OKDOT:CHECKMYTH
133A2pNDhVdbvBPMrDy3AFVcaKjBHHU8m9u3UBiecXSruAHw:12000000000000000000:OKDOT:CHECKMYTH
11ExayuGFiXx57wYVHQeuAwMEKKCBRuXK9aVVPzZVH3WFrS:12000000000000000000:OKDOT:CHECKMYTH
15aUjkbsTL97mL2eSmAfEyHWWsCy7aUWXByKZESNC7kTMW2F:12000000000000000000:OKDOT:CHECKMYTH
1Ujrpmx4182ofEgPaB7gp3kBv8VRSL1umjZxvmNZGws4Fam:12000000000000000000:OKDOT:CHECKMYTH
1RuH7WyXnyC95hbuwPBbpFQYXjfjPwr2EdGdGrgWt3SRGAe:12000000000000000000:OKDOT:CHECKMYTH
12ixKwKFuuimTe1L1CyWEHaCy63JA72s7C2LojRQkcUkfhEo:12000000000000000000:OKDOT:CHECKMYTH
156FpKhuu82FUhBYrtYiC7WnhJ186HcvP7Xj4CzpLnC8wMZm:12000000000000000000:OKDOT:CHECKMYTH
16SZLpdDcA53H7XWMBY4WuiiRnRfnLGmtta9iDZbqTKRLFVK:12000000000000000000:OKDOT:CHECKMYTH
12KqvkcV6L32W5Q4NZdHkzzcWJBYDBV1Fv2avVp5XXnAcyMV:12000000000000000000:OKDOT:CHECKMYTH
16hHkKJHr4Re7qB8uvkPhWFpfVrLccu1AfaKFpBGVbXrxxjQ:12000000000000000000:OKDOT:CHECKMYTH
16dpdfGD2iR8UDhNSuEoMZveqarbuVin2JfS4U7Msqpg5EWJ:12000000000000000000:OKDOT:CHECKMYTH
13RsLjvWnnyyWPvE1BAmTK9LQJnGfA46DLkx9KBbhNNKAhpa:12000000000000000000:OKDOT:CHECKMYTH
14sNhbJ69Qq8UYaYveK21EG7AhfRFrMBjpqToKsNXCh6NUfM:12000000000000000000:OKDOT:CHECKMYTH
13rqKRUUnt7yXkkcPhNfaXidihEWcunadepVQmr5z2USVZAQ:12000000000000000000:OKDOT:CHECKMYTH
12nbJfNWyNuhRivHrs6X2NycdHtgXgDjGRVVeriQ75KYr4bH:12000000000000000000:OKDOT:CHECKMYTH
14svxARY37ztx4XfDPAeKonQpvmCpnj5X6bFwhLcFYL49Qj9:12000000000000000000:OKDOT:CHECKMYTH
12mFXgBjtqr9nsvCZFLDGnoAeQ2C1AycsEVB5LTufSP36kZB:12000000000000000000:OKDOT:CHECKMYTH
12451nbhwu7aN8rMmakS939g1uSAePsXtrj9Fd5Rmg7Hdf43:12000000000000000000:OKDOT:CHECKMYTH
1CVyEVUqVM47Z78sJCYLhiN6cnVSsdLGL3X3bxyxBjZXV7f:12000000000000000000:OKDOT:CHECKMYTH
12U9JVPJVNHYA2UbjPVzdFJ6ioGmwTEsK6jpxW7uKs79nGAy:12000000000000000000:OKDOT:CHECKMYTH
15DR3UwFqFnPyKs23jfR5uhCZQd78vGKvtVKpoCAHuNAv863:12000000000000000000:OKDOT:CHECKMYTH
15M6o61mMNA8SbhYX4LwpYt98KJsPZReCDt95z8siP3Vtodd:12000000000000000000:OKDOT:CHECKMYTH
151UsLbEniJBFmDsvHNyh5ef3xmeSjg5HLZtZQuBpmbmSikV:12000000000000000000:NEEDED:CHECKMYTH
14BWG55cUPCG48n5isgveVxJ7amq4VRJLPdJRYwsmNvUyQtQ:12000000000000000000:OKDOT:CHECKMYTH
13MT1g7UwhK7XyPd3jg4EjXShKGsAGzCGNuY536QCJ1KPGt5:12000000000000000000:OKDOT:CHECKMYTH
151PTtbn6GJsAnG2AD8FsKWEqGwtmRNERryU271XJA25jgfJ:12000000000000000000:OKDOT:CHECKMYTH
15GCFXvggcj4CkJcF7hQkQnv243m6Xgz7RFeLDm4Yeugb2cR:12000000000000000000:OKDOT:CHECKMYTH
15aBqp73fqdEbqbYKeVLrWf5SWeLZxxKK4fwoWkt1EQaKQaQ:12000000000000000000:OKDOT:CHECKMYTH
12qtt1PeEJaACar7zLxz1c8H2ghfxssBs2fEjjZpXVa6jM1w:12000000000000000000:OKDOT:CHECKMYTH
168de6x8r2yxWEBosnJZfZT4s3WnbpQfk7ZuJrVaLFkeokmd:12000000000000000000:NEEDED:CHECKMYTH
12awYfsbAAM84jtCxTFA2qq7HDxCM91hHgbfK2R2bCsP7ojk:12000000000000000000:OKDOT:CHECKMYTH
14zSECbtJBqnWgqLmaAGTe5sHTmrGtCPGxiZALcQdtDts7MT:12000000000000000000:OKDOT:CHECKMYTH
13wEx2Zf4boo1Jpn8rvzXEo121xgL96EWH3fivp9uPvp4oBC:12000000000000000000:OKDOT:CHECKMYTH
1s3oMJ992FvtKgEcTCkSLEd4MyjQ6SWHr3Wh12EZs9AfZuX:12000000000000000000:NEEDED:CHECKMYTH
15X94uKiuu8kJUaeYyNNDHTQMDsfPme7VDmbDCSmD6F5GSzW:12000000000000000000:OKDOT:CHECKMYTH
16JKvhL2VtakW57kursjkmkbsfSXhRN2uxyYU9mmR8gDLsXP:12000000000000000000:OKDOT:CHECKMYTH
129M8ZdPULtezGruEY8oxptWGYDNHALU6kdwA8zBQUpy3Jat:12000000000000000000:OKDOT:CHECKMYTH
12fw4GuTVJhmDRuTuqQLreWhYKuwUVHu77jrtvGghcAUueeE:12000000000000000000:OKDOT:CHECKMYTH
12UCQNdoAF7nGPgQ2jpi4sLhGQaTmvLridouNP9e92xs3UHi:12000000000000000000:OKDOT:CHECKMYTH
14XGkzyMQysgFutLhvyRzk7bhnCjuNiCdWkz9RjnPRaCvJ89:12000000000000000000:OKDOT:CHECKMYTH
14F4NFF2MctWzF2QSHmMTyoew63fdmnRgGqgXD6CYgbRDU9m:12000000000000000000:OKDOT:CHECKMYTH
134nBQDT7jWtn6TWSeoXMRo1xV1qZAzDUCQChryB2Ss4XaME:12000000000000000000:OKDOT:CHECKMYTH
14cxXy3gkak11aDCtT5toYviqUEes4KBLwoxWQSJ1kKN27fm:12000000000000000000:OKDOT:CHECKMYTH
12H9NLpXdB1qBu2yFTbtiirA3kJ4641JemJawdhKfogS5163:12000000000000000000:OKDOT:CHECKMYTH
14Qhb4joMfemFkAEx5xfpWpHQTFpRsAfXUKn6sthWgT6SEvQ:12000000000000000000:OKDOT:CHECKMYTH
19tXgkoaC43CehLiAqTB8KgJpHYWwxhNDQAEpGiyhyuAces:12000000000000000000:OKDOT:CHECKMYTH
1VVAP7YKsNzy4gu4BSMbZvQrnw7c61pNWgcgKKtGnaKv8yB:12000000000000000000:OKDOT:CHECKMYTH
13SiiYH4wJSU1gi2DovLWErXSPuTxjUNkQgH4RrP1Me2onEt:12000000000000000000:OKDOT:CHECKMYTH
145YATVRxsbVoup8oWV7MERc3wsDNY4WCiji4ViWG5sFomQX:12000000000000000000:OKDOT:CHECKMYTH
13pKY12tmVRN9UScBf1U9qecjFt3r2GFZfWkMqfJLnUEeLUe:12000000000000000000:OKDOT:CHECKMYTH
15DRGEHiMEVFjkb8bArWs72vTLvBWbvRgKvuD9n2hqwZSLZn:12000000000000000000:OKDOT:CHECKMYTH
13V56Ggm7r5pkM4ov1fcEuwXrMmmExoWjYScutGK6Av1LHVg:12000000000000000000:OKDOT:CHECKMYTH
14BDKwm6NN4DJziXfbX13PcH89rCiZD55zcqNZQ3S8UFFZiD:12000000000000000000:OKDOT:CHECKMYTH
12PjaNqGR8hpFT6S5CLJVT8hVq8yTuqv86Mpcqw4npbaUwMA:12000000000000000000:OKDOT:CHECKMYTH
12b7qUYGaqCyaur2xbuGk8E2sPpLW3q5YxTupaEsbU4K2zHP:12000000000000000000:OKDOT:CHECKMYTH
12s4B7ii23GenZTLoyACmksDkMFwK4u4dTqPyjbHqUQ15ufi:12000000000000000000:OKDOT:CHECKMYTH
13KNEPVut6SvEiMiggRKSTLmJuvfXVs9nUwNbLFRBxs6EHdT:12000000000000000000:OKDOT:CHECKMYTH
14gNsatXUKAE4kAWLpgxYWReiift96e6q4K8budHxDakiT8o:12000000000000000000:OKDOT:CHECKMYTH
13Tq6tCEAnaMU8ZxWTqsungBUzSHaufdx65jEXeFrKAN3qFJ:12000000000000000000:OKDOT:CHECKMYTH
141LNU6Dh9wthcNw1AAhPJk4hXMGzkw9ahsrhY2jZs7eKFkc:12000000000000000000:OKDOT:CHECKMYTH
12C78wqxrLYAhjQDRtcF7PY5oRbpjAhXWM7oSpUCA1S4AzFW:12000000000000000000:OKDOT:CHECKMYTH
16YwsW66HLk9CLWXw7mekA9nuyqNk2WYNeFcx1spZij3B9WW:12000000000000000000:OKDOT:CHECKMYTH
15F3QA2wLpLY29Gc9B96K9Uhf6PDTpbAi5fJUCLuNQNwicER:12000000000000000000:OKDOT:CHECKMYTH
157drEDfsPJpccnQ89sgDMMeRX4krPLh8j2oaBMKPHXDYCRy:12000000000000000000:OKDOT:CHECKMYTH
15xAaxHwpJ28XrcQrw1gRDDCJWkwnqnHGPJBTYMFcPg2FBeL:12000000000000000000:OKDOT:CHECKMYTH
16V7AeFC2ippqc6DeHMRh5u2UcCXfeZScjkAH1Lzm6UeNiKu:12000000000000000000:OKDOT:CHECKMYTH
13iLLzpPGKCj13rypSGZZx2PQpV63Jihbe17KkEVpvjtSbpe:12000000000000000000:OKDOT:CHECKMYTH
14bAio76CeoRUF6Ao44bTAUYDQdMmbuEWvxFJyjg53mknnQR:12000000000000000000:OKDOT:CHECKMYTH
16gWuDD94dQCgH1ZTJnxUQU5GUEB1zqCDWLkdHC4RmCyhJKC:12000000000000000000:OKDOT:CHECKMYTH
13Q23idmsXaRMisRXbUU72YaeyiqPuUuqvQqc9Mk4be2ep6f:12000000000000000000:OKDOT:CHECKMYTH
12ukyMXKo9RN4Xhnskre59NWU2DrXXWwWNK8HQxtd8kzKFFS:12000000000000000000:OKDOT:CHECKMYTH
13zyi8AGHoNaR5C86ppkJPiKes74Cn2PTn4HQqkQMdTDiNaZ:12000000000000000000:OKDOT:CHECKMYTH
1249R4TZXhNCVBzjb4RRvEu2X95WedMHSPPfFmQkz4qTFLQG:12000000000000000000:OKDOT:CHECKMYTH
16gDxN5SaJkg2hVrA8wBQxHqEpBoq3VUAVNTqhSS6pn55GjZ:12000000000000000000:OKDOT:CHECKMYTH
12ay87Rr1Q5dM4923XHUuXQ4qbUSSpVqrJoVTzXJY2M2n14p:12000000000000000000:OKDOT:CHECKMYTH
15XsFuZSRSYoMazTiUZQJkpLxDoTzudADStFmcVfMDGP8dBp:12000000000000000000:OKDOT:CHECKMYTH
138RBrNCqKkhJNTiDkWy594QmunRrWwPBn1pFApsCdDutR11:12000000000000000000:OKDOT:CHECKMYTH
16ebLwsXUN8USgz86Nm7jH5HNs5gtR7YkzeXRLa2BccWewem:12000000000000000000:OKDOT:CHECKMYTH
15umYYmpFvrHARb4wmaoUz5HG63ftWdjqedFj1iirvggg7Ha:12000000000000000000:OKDOT:CHECKMYTH
15r73oiZ66QCoDgJfjNmAERW8xR1juqF6FCgb4o1JgXtEqZx:12000000000000000000:OKDOT:CHECKMYTH
16UW5vVUX2yQxjjT83jfHY9KqKYxeS1vZFtjULWaPDbLJ886:12000000000000000000:OKDOT:CHECKMYTH
12ny2sHPVTu6nSPkzvCzopimSjWoUXwUF9xWPzzXeB3xuykk:12000000000000000000:OKDOT:CHECKMYTH
14fzEaJfvVWiS8vLDaqNcRrT7Bk1wUTc8T5hDLqK5JCiUe5C:12000000000000000000:OKDOT:CHECKMYTH
1ia3BxkauWMCvY51QBLUJiVoz5ydaKuwNrrb7H2cY8NRiCV:12000000000000000000:OKDOT:CHECKMYTH
14WW6eA4jTtUTQmejoJy4tw7sJJrcAxC5STbcre8Vn5YuFpa:12000000000000000000:OKDOT:CHECKMYTH
1kk5aJcjqJZdT6ERJQgWjhKXqhHyWTuQZEJqXPi4nQ3b3ed:12000000000000000000:OKDOT:CHECKMYTH
159YG2uC2wNTx5mHE4n8TrZPmanuTV1ENxQAHx25PwS12QCp:12000000000000000000:OKDOT:CHECKMYTH
15Dh8VtrirVMWPzd7MxsegnYg1RuWxKQs9x1MYpA5ztVYMby:12000000000000000000:OKDOT:CHECKMYTH
12LRniZJ7sEKfYmuEdUwzoTG24hD89wzcBeNKzCipDcuJibS:12000000000000000000:OKDOT:CHECKMYTH
15mVJSCoJ3LdkxkUCZTzGTpxnYHKgCgWTHJ58SERYM7XXgXu:12000000000000000000:OKDOT:CHECKMYTH
12QVZXKkqcCCgYX7v42NHesMBVxHcamvyGdK5KQcEzPMg191:12000000000000000000:OKDOT:CHECKMYTH
15uZHfQ65Y9T9zkbRMjFVf7yAqoCfehuzJvbqT3yGdu2DQp:12000000000000000000:OKDOT:CHECKMYTH
15J2tj157BdrY1tXiGBHB9UPJPyufvdptKNanoqTK8WLyLkw:12000000000000000000:OKDOT:CHECKMYTH
15XAiAizvekGti5tibbxTT6t2Ex3a3LWN9AnuoAm8f5PEAts:12000000000000000000:OKDOT:CHECKMYTH
14QHsHKX5KuCLqEciC1SaHfd4QtT6jyB8JUrWdobPDgPNimF:12000000000000000000:OKDOT:CHECKMYTH
16kCHu7ZemhGJaVbZXHrcykdYMps9MEKhHQPQgVUAc73wQtd:12000000000000000000:OKDOT:CHECKMYTH
12Ua1Zagk8QpDivZZrP89sCqapjLoRfSUcxod8CX79pPuye7:12000000000000000000:OKDOT:CHECKMYTH
137LFN9kCTs5ypKe6pTTho8hgnTjYN3rcLud6LoM3mirzaT6:12000000000000000000:OKDOT:CHECKMYTH
12DDenrPNbaJcFJffszYQTkNYD4YRNYFkuyCWWpMm6AVaGe5:12000000000000000000:OKDOT:CHECKMYTH
1UvmqmY6egfX7wJs95AP7cNCWJKm23mf3saapkHd2iu7VUT:12000000000000000000:OKDOT:CHECKMYTH
12EHfoPSnDkx1QpWt4TN5MJjCrfJ7grdVeNtSuKsBCotCxo4:12000000000000000000:OKDOT:CHECKMYTH
14GQrZRQKKwJVUQMQ9L4TfC19WztJeaNtB7STpjNpZMG89v8:12000000000000000000:OKDOT:CHECKMYTH
1acBMkfxTTH7cBkZjvnG43moaEtZZwg4X6Az4EZEr2GtVNS:12000000000000000000:OKDOT:CHECKMYTH
122xUxaibXXzGvwRvEabTABSRvZYu7EccTRJd6VJu9S9oEz2:12000000000000000000:NEEDED:CHECKMYTH
14dJ3to3nzyjk767VNFvnS2jk2fwxr4UMjsdHRifaFaMYdXy:12000000000000000000:OKDOT:CHECKMYTH
13rHitp3jtbQDBqStcHWkULPBopkwdqvaPPQkzTCWoavfmEe:12000000000000000000:OKDOT:CHECKMYTH
165oYugpRzDsV6LhakxDS9PX2o2AHNwPx6JBBkSs7WPaZ8xX:12000000000000000000:OKDOT:CHECKMYTH
134uvhn9tZotcqEKBgrm5gNwnkhN6mR4kEHk7NXZHW4UzML7:12000000000000000000:OKDOT:CHECKMYTH
13NvsBUH9KYA95Tq1ceTpRTA15CeXDbt3XoFFJyfyfyYp3VG:12000000000000000000:OKDOT:CHECKMYTH
124QLSGuJVo4uMQRMyG7jqpcJSgYWZWJMXWr9sBoaikb8BpJ:12000000000000000000:OKDOT:CHECKMYTH
14Dk86D3carHunHAwEDqV7frjF8dPgv47WU7NVdExjeUnqnY:12000000000000000000:OKDOT:CHECKMYTH
12kyiLjmuegmErK2fy8RPRbsuoLRYhu4uiXhSTZAShMinSMS:12000000000000000000:OKDOT:CHECKMYTH
15i6fqs82z7u75tM2SC3JiM1mYWoSyjtaYTXWteyUe68Kwep:12000000000000000000:OKDOT:CHECKMYTH
1DiokBEHgA1P6WRr74ZyKiMyZv2bUrojDWaA3S6vGZLUBp8:12000000000000000000:OKDOT:CHECKMYTH
15vugnWWRoNtR3rjsck3m7pzkr5iyQ8sqDDZVRz6mFy2dmdB:12000000000000000000:OKDOT:CHECKMYTH
1GRfWMRXZicdjpgEsUj9R4YFkcyQCqxTKWrEJiXc3rmaNbF:12000000000000000000:OKDOT:CHECKMYTH
14wCdDQ69gztauVVF6STYEcqcAFNjiKEBUKP9NFvDHmmWZhr:12000000000000000000:OKDOT:CHECKMYTH
141mWmy1UztSYfjpUzAaEbkyY4ZGQDjRLKdaeE8gX9PAgbu6:12000000000000000000:OKDOT:CHECKMYTH
1g5Raun1nn1tytVAjeCEncpnXSJboE1krufkD83NtGSPFL4:12000000000000000000:OKDOT:CHECKMYTH
147JSzf2L8LpdMjp7yfcLkmWm4ThJbi2Drm5HqPWd6LFtniL:12000000000000000000:OKDOT:CHECKMYTH
1X6eDWJjXgGhSTE9GXocqhyMoXwxznUd49wNbp4GkYT5R4U:12000000000000000000:OKDOT:CHECKMYTH
12TCX9nhEJhv9gtdB9RVdKLAMaiuWX2XmNGyCr29NRa8q5CE:12000000000000000000:OKDOT:CHECKMYTH
164Ps6E25hVwLRJYw8aSoQutfTaTDC18eR2wZWxfJ2eHMGDg:12000000000000000000:OKDOT:CHECKMYTH
131teFma8P3GJP4ZcbNFQoTQJPoNN98xeEQnykheLWVFMAVM:12000000000000000000:OKDOT:CHECKMYTH
1ptwGD2n4ftDE3a9Yw5nEtL2Y3vL21JG3ZecyfM9EtjR6kN:12000000000000000000:OKDOT:CHECKMYTH
13TANoVEYianJRs2texTdSudhr2sZmCDez5rfPTb9YDKp3gE:12000000000000000000:OKDOT:CHECKMYTH
16FkPREL24uSEwTMcKD2odZN9yN5cKujAWot1bLRipJj2f19:12000000000000000000:OKDOT:CHECKMYTH
155tKJd1Lv2YfJqS4e1dbgWuHVqbJ168XBqh8TcuezrACjLa:12000000000000000000:OKDOT:CHECKMYTH
12XTcs7YKuqpMhdrzTY4iwZgdVSPhAen1az4x3g1HzNADk92:12000000000000000000:OKDOT:CHECKMYTH
15i6aSUPWZczSBzxV48NaxGmAEyyZoUcLxQvZCUrnj8ugFRH:12000000000000000000:OKDOT:CHECKMYTH
14GgNbKwiyfTFzxXCrvrNj8NNU5AwEZGgDmrxQDwZ361nGt1:12000000000000000000:OKDOT:CHECKMYTH
1Nkwmgb6EJnjmhDBW7vE5QJMa4rFaSHEndiEWNh1TgmRnUd:12000000000000000000:OKDOT:CHECKMYTH
1318GvhbMLo4WWYunRbCTJFn8peV2ZxwxnNXzRArLBeNWDf2:12000000000000000000:OKDOT:CHECKMYTH
1FNErhmjMDCy7zv2Zv2hBzWYYmYyacwWXyzFUUyGu5kumvN:12000000000000000000:OKDOT:CHECKMYTH
16EM8LsX8M9SjXkLqSfiC53FMVFBSv6ancfdiySbArqhkqwt:12000000000000000000:OKDOT:CHECKMYTH
15KNxjzF1h38ieKQUoVVZ529mHdH2SJLNd9Bo7Z9GYpoQc2z:12000000000000000000:OKDOT:CHECKMYTH
14YTzdbWKdFqBpxU2weiYqEjD5xtF1PoECUNf6zoc3yj7xtg:12000000000000000000:OKDOT:CHECKMYTH
15He9Kpo5j2pLF7nNNWjybs9P9n2Ze3o7Mmuj5wAGK3urfu5:12000000000000000000:OKDOT:CHECKMYTH
13XKbxfAMGM1ccafg7G5xH73EA3VmJ6V56MZ3MHFQRrpPkrX:12000000000000000000:OKDOT:CHECKMYTH
16Ven43ZuQc4pbnqZxJqp76Pxa1RxiHGcwBSZJZdC15iWmod:12000000000000000000:OKDOT:CHECKMYTH
153sxX37SUKNf3h6M64k51wLiGmrRzg7RYs91CsRBZD96tQk:12000000000000000000:OKDOT:CHECKMYTH
19ushQnRdXmjBYhfRrugjS6EJ58hUwpRSh9mq2wAwhsRfqj:12000000000000000000:OKDOT:CHECKMYTH
14wA93cpSvbJLrAoM4KaVoxRxJG17RLymNK6nQ3BdTL9GbHg:12000000000000000000:OKDOT:CHECKMYTH
137zz6anBVo6iJsSYXasetkqjSL9dfMmDaucKJHciiQAqKKa:12000000000000000000:OKDOT:CHECKMYTH
138HPk12TssM9aHxfHQ75R1bb4X2oaW1uLn7KR1R32ppV5XD:12000000000000000000:OKDOT:CHECKMYTH
16Up8FXsZS1MJoXHKyzhUyuHML63pqkesW6xBfaddcL6wazQ:12000000000000000000:OKDOT:CHECKMYTH
16ksEuyQvxDRtzxiCnMCvQGXytJxhXmVuDbWgZ2NWHX2bUJA:12000000000000000000:OKDOT:CHECKMYTH
12iYWcrjc29dwWYNPXw74AFHpqoZzhsD4kT9jw1NA62Pb5Qd:12000000000000000000:OKDOT:CHECKMYTH
168f4iqb3Q927s5mAaGvdBvZR8ek36AoGhNx3aGUDmwDh3Gt:12000000000000000000:OKDOT:CHECKMYTH
15HXCwoYPrbDkjK4zHas3TXzUywDzLBkTVfuzUZLZrRhTjfm:12000000000000000000:OKDOT:CHECKMYTH
14qMsQ1RczRMsMYkEgaZ4KT5kgrvsFCACLeixMeFwDX28bhG:12000000000000000000:OKDOT:CHECKMYTH
12Mr5n8fgUJJNUA5pFewazBwTojioAFYeDg2425DQzappxgG:12000000000000000000:OKDOT:CHECKMYTH
14eVYFXmAnZjp4rH4oRzpY9GMaTxsVzogGcovknvLCC7iKpv:12000000000000000000:OKDOT:CHECKMYTH
14YoM9VWzYkfWV4eTo3oBjYFX2czk24GA9pF3k1j2adq7oip:12000000000000000000:OKDOT:CHECKMYTH
12jtNXd8a3oXkpMzxvChkBCQkpqVPLCG5UHcNyDUcsBpQZxq:12000000000000000000:OKDOT:CHECKMYTH
12Hffj57nNFANzZxqYT1j3CLpZro7BdsoGzN1KWa5eouoR8J:12000000000000000000:OKDOT:CHECKMYTH
15NKgL6PQMgs8uRqvxPMeRimvDB2XZpjUYNbbgAP6yWW5uAk:12000000000000000000:OKDOT:CHECKMYTH
16RGQNxa6f4HD73xGQvSQv9WNiMrGaFmC5j4t94mtyapHGuK:12000000000000000000:OKDOT:CHECKMYTH
12uw9nRy26bhM53KyWKXaBeat2UsUQUs5fvEWWA24bjcECuD:12000000000000000000:OKDOT:CHECKMYTH
14recxdvYdktyt1cZvKCDgiMjizffkf2gF6cBiYFomthWiHw:12000000000000000000:NEEDED:CHECKMYTH
12j4sc61k7HPYHjfpKuPUvdodwEpKXbcjjCpHMAmZ6p5ZP7e:12000000000000000000:OKDOT:CHECKMYTH
16KjrDyHH8zQ3pdCxSjVHzcKu8UutLXUU2yCVmnWSc4RGngo:12000000000000000000:OKDOT:CHECKMYTH
12suNDuMmkg8D47bXztUaQNw7cGGDbiqdxeGh2unurczQFwA:12000000000000000000:OKDOT:CHECKMYTH
12fEg2Yb2FxJw19ZhmxbTBfvHsy927J8S5CeEsGqaBPCoX6L:12000000000000000000:OKDOT:CHECKMYTH
1ypsmMUcSjJ6o6LNUxwwAm2kNMxoJid5tgahe3KhDV4fkoC:12000000000000000000:OKDOT:CHECKMYTH
1BFoAsX141DM5i99HrdybV2DUXwy6vXCjzBn5nWUSKEsJ1G:12000000000000000000:OKDOT:CHECKMYTH
1XHLhkrQchV3KsfC22c22kJ8XsGBEA94UTNtSQDEYuwWyPC:12000000000000000000:OKDOT:CHECKMYTH
13ZKoS3jsdo4m5VgQ7ojCXX4QJzPDfHgWerZAztnQ8EtkrUC:12000000000000000000:OKDOT:CHECKMYTH
133XFU84WU9PVQN5tKkMjDD2xNT1QJnL9hZ3ymXR1BFvJbV8:12000000000000000000:OKDOT:CHECKMYTH
142FYdeXN1kvzup1mCusQTDU9dtPLzkHk3xV1914v7axDrW3:12000000000000000000:OKDOT:CHECKMYTH
12KpfJz927YwgM2uPSN6FiGRs1Z3nHCw3C7tmH4mSfF3prgC:12000000000000000000:OKDOT:CHECKMYTH
14JeRa9nhxkUo4EJGeDFYRrZmmsRYjYHBfs2CmYQpDwt1gNH:12000000000000000000:OKDOT:CHECKMYTH
1278mFo9mKD59Q6feoZ5KGa4iQPnLd5br7wqpFWPgzhwsi5G:12000000000000000000:OKDOT:CHECKMYTH
1278bXZLFvW2iqafEWbGKMCn5NLrynsqLg4d2KcGaCebYY2m:12000000000000000000:OKDOT:CHECKMYTH
12e5bTgFQYrMf9aGC7kybF6P1FeSycb4SNuuoDMcRj2S4ZtR:12000000000000000000:OKDOT:CHECKMYTH
1jXW4omP5LsEVntHWk2rE87dt169SpjyY6pBQoAYJQCd4Kk:12000000000000000000:OKDOT:CHECKMYTH
12dqLBTQhwK87XQNDciqSsAGckknTeatBENZ56tcecYhJJee:12000000000000000000:OKDOT:CHECKMYTH
166yjWGbKk7bU6L46N5HfwMsYpw7KJRHQP4JnCk5K7npfiY3:12000000000000000000:OKDOT:CHECKMYTH
15ovDqJiSXY5YeEH8kVSuCxvr6JmEURkYPBnHjLAD1W2yLFY:12000000000000000000:OKDOT:CHECKMYTH
14jFnC1pZuRaoKhwEnLait52hKbTFNXt4LPq1YgVwvku27Z2:12000000000000000000:NEEDED:CHECKMYTH
17K6AG9TsrfHCDJS7ChYDnd6ETeFaKA9ndEqjdTy5ri5uB4:12000000000000000000:OKDOT:CHECKMYTH
1ESczoMhKutTMCudTTEx5vb9Vk9guwNVYyGRAwia87KnFTU:12000000000000000000:OKDOT:CHECKMYTH
13jGnyXJUkm3ZApjwHqpNJr9HkMymMw1pS81XMmtPiF8Hw5:12000000000000000000:OKDOT:CHECKMYTH
15bEVoyysby6Ja3Xm1rWKQT9iYNhcLPDVw3zbCErXjvGcxxt:12000000000000000000:OKDOT:CHECKMYTH
1tQ124Pqs6gCEH4yyXXidJgduELkFd1vqFfv6VXrFFciz11:12000000000000000000:OKDOT:CHECKMYTH
14wk9vR8dM2oVA25JSzCt7yaBrA92rugiuo2S5MpD2SdeGWf:12000000000000000000:OKDOT:CHECKMYTH
12KWwcAsDHaNf2W1mASmqXpVhetFHLbdW968SWz1qBktnKqs:12000000000000000000:OKDOT:CHECKMYTH
1WYqWRdNFsBbLYQMqeJzE7i9hxYCKS5oGyP51WrWvi8M3Dm:12000000000000000000:OKDOT:CHECKMYTH
14XCxiiTk49FY3G9F2y1gCwRvrFRnu2onRgV9tJot9U8SjuV:12000000000000000000:OKDOT:CHECKMYTH
14Yu4rEcJdbTqxDnJtMkoTKU67j4rvFj5JWJ8F9tqh2Qs6FD:12000000000000000000:OKDOT:CHECKMYTH
14dBzLQMyuPU7BZkffaAsw1hJgbjXHcXeJ1fvqqLtVqc3AyV:12000000000000000000:OKDOT:CHECKMYTH
13XMEPDwF4LnsKVAz6VwEgNgAMYY4BckoFrRYpEcMzu7Tpym:12000000000000000000:OKDOT:CHECKMYTH
142PsAzGoaAKhHuCp23sFQFwqXvyhoKpmHcng5aLRHeTXR9S:12000000000000000000:OKDOT:CHECKMYTH
146VKJcWuumzdbUX8JeBP1nHHTNpu4dviEfMu4ujN9azBgGu:12000000000000000000:OKDOT:CHECKMYTH
1KkouZtwaYmNrkGiJJKQ1NT2Y7quSnpJtNata3Xehj7rkAh:12000000000000000000:OKDOT:CHECKMYTH
13Li7K37X6ENTgMu751uZAQNUaAGF2DrTjKz8w3euFgbScJU:12000000000000000000:OKDOT:CHECKMYTH
13dyaM5KDdyr6c7xWyH74NE7syXA8tEWoV3e1ovyEZufc2iW:12000000000000000000:OKDOT:CHECKMYTH
16nbLXSk7gRa8t8hRTqwfUQGbUBwn1W1g6UdATDPmFR8458o:12000000000000000000:OKDOT:CHECKMYTH
14Aiohv9NSj5SFstfx3zNpTMHuSZC7kVXsCUsn9MDvpCRNvV:12000000000000000000:OKDOT:CHECKMYTH
12ccPR2qbh4bhYEHqx53ciBdtT1uEai7fkKDXCbYce3NqhqD:12000000000000000000:OKDOT:CHECKMYTH
1VhdWRwn1DR3u59UwEv3xQKbTtQajkc7W2B8UeovKx9Dho5:12000000000000000000:OKDOT:CHECKMYTH
16CfTRtYR5uRioSQd7KVpFzKozSFBNj5Pt9Q3x9cYHpU1o1P:12000000000000000000:OKDOT:CHECKMYTH
14yoY3dRupauHNEiaYxRG8SsLyyg6W7GiSQJ7Z8s38icJaA2:12000000000000000000:OKDOT:CHECKMYTH
14MP2sM754Bb2G3CfofNDTS2NXM2FVKKZNoP2LJ8hYNWJe22:12000000000000000000:OKDOT:CHECKMYTH
14Dn3nzmkFbexrD9LwjWKrUkYNEsSF3YrwZ5u9coCdSKNgtF:12000000000000000000:OKDOT:CHECKMYTH
12EsdGKPMth1GLVDV3yTzgeVF5eSh8rJKCkKazwiJqQCQTmQ:12000000000000000000:OKDOT:CHECKMYTH
16e8JiC6vd9Zzwh6vjrKLxmh9VBuRN7fAQ9QPcWfTUNHMNGf:12000000000000000000:OKDOT:CHECKMYTH
16mo9goa2ZDJ1hk6ahxn7KgZRhLWFcv5rosmppiWvkpw9sGZ:12000000000000000000:OKDOT:CHECKMYTH
153Fi4i5KFVy4QWt22CFUJFr62uzorB2opWDhB5Exq6QHwUz:12000000000000000000:OKDOT:CHECKMYTH
1251SGxR7X8PcWKaMUh74FodGdaLBdpxeZrcVgiHEEi8YgzD:12000000000000000000:OKDOT:CHECKMYTH
16652ZGAtGtG8o1Tr1VCpg3RCrg58PR7CdiJDWc8zC8Lj9yw:12000000000000000000:OKDOT:CHECKMYTH
12FdUmLGEytk6ZfKHVPgQTUGqm4wJiijNuZgwmQxGPQBX585:12000000000000000000:OKDOT:CHECKMYTH
126W4o6LCF9u7dpHk8ABuacFdZBxUmF6cERZJjK3m27NfnHD:12000000000000000000:OKDOT:CHECKMYTH
13dGCQUhmnHndVBHeiKPw8yC5ZD4ZdX5kL6KKdXrRcoAqSDX:12000000000000000000:OKDOT:CHECKMYTH
16SnYRbfb5gM7Qq2Dja3GRQgKaE38tR442s63gUJn12TWfRK:12000000000000000000:OKDOT:CHECKMYTH
1wQmCfvA8GsMh1K8mVcMCkkE5Lrvdq9K2ziD59htGv18bJt:12000000000000000000:OKDOT:CHECKMYTH
1ShG9FvXdMuHpYFWQQJ8Ru9xMSPX3EYP6oCYrivLoxUPvft:12000000000000000000:OKDOT:CHECKMYTH
1Ths8u7Mt6QGFxT1zsTsczTnhoHLK4VquchfRkuCvGxx7ya:12000000000000000000:OKDOT:CHECKMYTH
15BUcRL73Jx8P9YkAZMsdMnsW5m71GLQrXeMg369eLVBYaky:12000000000000000000:OKDOT:CHECKMYTH
14fzaFSdanzq6YZrhGkUZ82L8oHfRpYyk9zY5VHNjDapmszK:12000000000000000000:OKDOT:CHECKMYTH
1tdvLTA4voFRxFdvTGNgehpcNpcXj4EuShNo5cuHfqKYDsW:12000000000000000000:OKDOT:CHECKMYTH
141z49JdYJ1sWXQbuRWdP7Zf6RBREd344nsUPEzap1T932Si:12000000000000000000:OKDOT:CHECKMYTH
15jykjCJr79rnJueoFeFrcZAnzD4GrzGCcnKcR9v56uK3Tug:12000000000000000000:OKDOT:CHECKMYTH
13GEn6b9i74Djbi3HMUpSjGhwqBSaoBjZ7YW812qyTUaeLra:12000000000000000000:OKDOT:CHECKMYTH
15jZsZgBazqyeTtxVVN7vm4yBNxKVFrLntDX2rGrxMQTArqj:12000000000000000000:OKDOT:CHECKMYTH
13BrP1ctZaCehwXh3konETwdC4t64SgbugBu5JYYh1dDzqJq:12000000000000000000:OKDOT:CHECKMYTH
14SZoPoGLA6En2187Xb8SoX3BUHusTioce4Lgd9CiAX8g7Mq:12000000000000000000:OKDOT:CHECKMYTH
15kktdTn7f3XdiL1FGAbfDQVFEHtU9Ee9FWum5rk51krss9A:12000000000000000000:OKDOT:CHECKMYTH
152Tg9AZwXYgY4aKGuRehhjkxrNUCfTba6eWMuippGnaTB9:12000000000000000000:OKDOT:CHECKMYTH
13SWD86CjQmEyroEKCosSQK9R2Ama7ZoADc3jhdcG6FTDvRb:12000000000000000000:OKDOT:CHECKMYTH
1Hj2njmLNGbVLKCEeXnSEtMq9SKMd9ZFmWn9VZwiZBdxmqb:12000000000000000000:OKDOT:CHECKMYTH
16NytvRprJM4uw71cmEDGALtnjXr26TfMWvUFTPX678cqZTw:12000000000000000000:OKDOT:CHECKMYTH
1kSJE1WJ56huvCAm1dYqhax3ontLwvbrif6KA9jUzbGXz5D:12000000000000000000:OKDOT:CHECKMYTH
13WCe2TckbrMpDh7o8fQ7CjUDmyEDqbXhrNx2XXQGY9XDMnX:12000000000000000000:OKDOT:CHECKMYTH
13Dce19fxC2iHoi8gDoGHpt6tRHMFgkZMN3gwNkf3xXTN6Ab:12000000000000000000:OKDOT:CHECKMYTH
166zvw8Ye2rEWtKNwUVaiGjecovXerkFZxXVwdrhTmh7AkaR:12000000000000000000:OKDOT:CHECKMYTH
15g4hheVtzTkWq4UFnaFbF6N2G6UL7WZVTDoj34kAa8zfDdv:12000000000000000000:OKDOT:CHECKMYTH
15QDqkUGHy6uiZo5TE9TnYtf5wLf4BiBFxqn2yxQuzVPRxcs:12000000000000000000:OKDOT:CHECKMYTH
13rXnRhFxvZLKFvSUuTGSN5BnZWTDPHHeC88Yj7ePxzbeA5j:12000000000000000000:OKDOT:CHECKMYTH
1HaYdqsPsrSVQZhKGkwW5kH9Lf8WqnNJSGP5juRbPKZgbmt:12000000000000000000:OKDOT:CHECKMYTH
1CFyfGwAYPDG3vRJVEF1mDEXanijtctX2dgbkLotYiEreoG:12000000000000000000:OKDOT:CHECKMYTH
13paubUoj5VdjJ3KfC73S17AqYC4TAnACsWryytBVXjttg8W:12000000000000000000:OKDOT:CHECKMYTH
12AUN2pvBoxHF8pVYtXrqiTe4SFBA3SEWjD7TKMj4CpqR68C:12000000000000000000:OKDOT:CHECKMYTH
15uWwhYhbKAkGyniyUCockTb9SNYdvG3fu7jJyi8W8LNWHic:12000000000000000000:OKDOT:CHECKMYTH
16MM75uhVwqtx4gvh2NeZY7Narwxi3eC4uBMHAqRYmEc9t7b:12000000000000000000:OKDOT:CHECKMYTH
15aqs5yZhstQUHBuhWK5zJYJCKqpTmRnYqBmaz3hPBVx8nVY:12000000000000000000:OKDOT:CHECKMYTH
13Cr17tYucYZ8QXHJEA9xnAaezyFHzfSKJz6asKRzMCgReTs:12000000000000000000:OKDOT:CHECKMYTH
16PsknLHH8CeX7iyMnbWjaZZpuUfCb2cC4cbMLzRoKHkjyPH:12000000000000000000:OKDOT:CHECKMYTH
12fxRzHkASN6RDT3JHvhY8JDcwyDe8MGRCVttWSJ8QMbYYva:12000000000000000000:OKDOT:CHECKMYTH
13cQAqUG2xynMvG8raSaiXL1yD8EaStkUyvTn31JQV2eqatH:12000000000000000000:OKDOT:CHECKMYTH
15qYG6vkAa4wa7jw7LbrLgJdGPouXtjwSjtqrYcZMpZev9cq:12000000000000000000:OKDOT:CHECKMYTH
1UmGjBFFHpPfsymF8drVMxKg7ZskRnn2KEdvKqopsdXT9jE:12000000000000000000:OKDOT:CHECKMYTH
16efjyTBr6nPQVbgyUSMT8GB2PqFMCspRMrbRgAeQYdiPJA8:12000000000000000000:OKDOT:CHECKMYTH
15LhTw6Jx516E2f7Dcu18ZdXNmgJenE7HrYddPuvQg3zKGnr:12000000000000000000:OKDOT:CHECKMYTH
16iJMydZp14UPD2X989Xiw8cn2NJ8nF3e3RjagL16VLuuDy2:12000000000000000000:OKDOT:CHECKMYTH
168ncRW3LYNQHDF4FRgbNaLtSB8pAWm2DLjxofR7gpdZ2HtZ:12000000000000000000:OKDOT:CHECKMYTH
14cYqTF5rWXFDVNfRp17ij7fQ238t4AaGnQve7aDW3zPg2hW:12000000000000000000:OKDOT:CHECKMYTH
13sRbL36mDYEWznDih2W9RQykRqB8nYjCdhmcCxBZGk5ETny:12000000000000000000:OKDOT:CHECKMYTH
129QqPnjPcc4XzDcgVa7wqsh95ppFN4ExXnvBGbYgFMmjKA1:12000000000000000000:OKDOT:CHECKMYTH
15YZZ29z7C1d8Rtq88eRUCKzFxuJnP8DRTR8iEAr2iBzmocN:12000000000000000000:OKDOT:CHECKMYTH
13wQ6VGG39cSeTfPLjQdoqMzVSmsU1gA28BsVmKN3RuvteBt:12000000000000000000:OKDOT:CHECKMYTH
12bNdLsFxqFHN7C9MQQJJ6V32czeYrGVyKdnr36L6rso7bEm:12000000000000000000:OKDOT:CHECKMYTH
13iRyXgcCzbK1fPFCHn4n6h2MYqLMvedbP9kLtAme6EdUY3z:12000000000000000000:OKDOT:CHECKMYTH
16DikBC1L6u8wUShSziXthZxXTKoyEF9QcFwLzFhTKTu5g4n:12000000000000000000:OKDOT:CHECKMYTH
15k412E2sHqhZCbMwg9cXaQdyEXF1vuPd9UGiCQBfTQkAPMm:12000000000000000000:OKDOT:CHECKMYTH
16hAwteRLntMtVPUnErbDgyNMaT46pSaopUmRCewRs2so7xG:12000000000000000000:OKDOT:CHECKMYTH
144Bbwr6ztu6fszMpx6qjmPPboxf62MkZRPdNM5c3pc9eD66:12000000000000000000:OKDOT:CHECKMYTH
1367Gg4PUXTm6iwb39kQ289yGF1aNqmEmAAWjNSZfwSEJ7ZG:12000000000000000000:OKDOT:CHECKMYTH
15qVkcv8Pp7XSZW6MHUizx69Kg3phfuECBLHzj9rBswzcYtd:12000000000000000000:OKDOT:CHECKMYTH
12eWN3oVzmkqHZ2tH4c2w4HTNvjmW3XDBpZcC85T5Pm78odi:12000000000000000000:OKDOT:CHECKMYTH
14mqo5aMbsWLe36bQuvqHid3uWfSUwdddBpoJBzaLCcrYAff:12000000000000000000:OKDOT:CHECKMYTH
12sdWJCE8xTncZMfj2eAhzX3yD3iDyZ5aTU3ciz7GSMWjs4s:12000000000000000000:OKDOT:CHECKMYTH
1527UEN6T7Y1hmMPDvkXauTcxc3u8Jrr98E4yJFxLfGWqViH:12000000000000000000:OKDOT:CHECKMYTH
1JBXA6M6giGu9GSuZYQSgLsAQY4uD5RCNatagtAAVV3vBGB:12000000000000000000:OKDOT:CHECKMYTH
1grYXTcrM8HdaN3oMxEv2rmUBeY6NcS7aBM8vLNJb5GpgNT:12000000000000000000:OKDOT:CHECKMYTH
16C2GX125tyyLH9rcgs9ZqaD8jCESChZ85tzffrFUdejSH8n:12000000000000000000:OKDOT:CHECKMYTH
13bmzZswSjpMvbGVS6MKKBFeePrADQSmpEC5caMsz8tFqC95:12000000000000000000:OKDOT:CHECKMYTH
1zb3uHi2fn42d7bRHxUPEF3QDMkvGbwBZW3wEuvNgK38KGm:12000000000000000000:OKDOT:CHECKMYTH
15imeLyonwVhuDKAvDph7HMhn3pnvVQBiaNst822JF2bZ96m:12000000000000000000:OKDOT:CHECKMYTH
15K5ChFak2fqgFj6sEDNLQ6PW5xCw8Kfz3bFPzyRer1PmS2P:12000000000000000000:OKDOT:CHECKMYTH
16kFRpQ1QLBC8wM4RRLT2hCejvHt9LP7EXeSo1sopqoEUyyv:12000000000000000000:OKDOT:CHECKMYTH
13QLP8de3jT4NaF8ZBpDxPC6RC3VV6XZqWPJToSykQWg5qFj:12000000000000000000:OKDOT:CHECKMYTH
14c9weLMa1SkiSm868cTVYx5Q6tcisiLNygC3Sx7GwZQcGM6:12000000000000000000:OKDOT:CHECKMYTH
14MeMFchiJj9FzjA2Uz4KD2B5TFPgrUANCVFKt4mo8jR9aMu:12000000000000000000:OKDOT:CHECKMYTH
16SxL2KTxFVJHm7HfeiVJXgRqBMQRBNHpiXSqQy5iTXmKZFy:12000000000000000000:OKDOT:CHECKMYTH
1563ytAaYvzoHwQzbMVnbNkdTZurMet3WazGpcA1Qm9idHCE:12000000000000000000:OKDOT:CHECKMYTH
1jnZzdciPhCDCwv9c8UcLW7FnvuSgGXszWshhyzowKTEUpE:12000000000000000000:OKDOT:CHECKMYTH
12joZMa9dasu2BP6jhfhEDGt1UNFuRhMRuFQVxQ3shjKEYwM:12000000000000000000:OKDOT:CHECKMYTH
13Y12iyF8wdAQqav4sWFhy8CzqnSGSuyqYxeJysH2FvzPcuq:12000000000000000000:OKDOT:CHECKMYTH
1D8XVYpgQxKnJvBsMFoP1tsNHr1tjirMufosxJBpDiKF13o:12000000000000000000:OKDOT:CHECKMYTH
12sKCZpCFkkmZn9spMzGJ4MWjwCMZ2Cf6R3CXw4Z1psTRYjn:12000000000000000000:OKDOT:CHECKMYTH
143anX85z4LJzeytBDzsu2dMWSw2QyGJCTNCFkwVWUsfqVbf:12000000000000000000:OKDOT:CHECKMYTH
16g5E97DzTv8R1dJTNEVyvkdnAaQ8UevYJSaQKDiFwJTVzdF:12000000000000000000:OKDOT:CHECKMYTH
1Xp8GiySiDnSavAiyprfGxWqwHnmGnN44gkZh5XWAwgccUV:12000000000000000000:OKDOT:CHECKMYTH
16gDaRKrhsi9zjMFyQpF6ezvRdtcBj3NPpzHzb79zbRC5f1Y:12000000000000000000:OKDOT:CHECKMYTH
14B3ZspVTspNFwdD9b6aEJYerkYEXzEz7nKoYm1U53JjUook:12000000000000000000:OKDOT:CHECKMYTH
15S1YGfw4L2Mk4Z1LzsvNXU6GoTwTZQundkaYuGrHzpD3bkj:12000000000000000000:NEEDED:CHECKMYTH
12K8s5WN4PXV4VGtnBpsULxiiNWoz5DJg4RXqWSDxeVarVfL:12000000000000000000:OKDOT:CHECKMYTH
13Zbzqmt5nzMVnRv8dNT3jCaYnc75qLdFKb8DffYWbgQAiYB:12000000000000000000:OKDOT:CHECKMYTH
13hnqaYV5oRazJdbbmSKtEkySPAPpoEUC1fydkjYewnpX1oF:12000000000000000000:OKDOT:CHECKMYTH
1hLuJLxzhxvgpBx14VWddxqEHK1Bn4KR3AWRKpME3JxG3Za:12000000000000000000:OKDOT:CHECKMYTH
1D4rQSgKNxKM4a8FvHRWghauojYLfMG9YfKZrPdhMLFmPvv:12000000000000000000:OKDOT:CHECKMYTH
12Y5H3x118gdMBh8jcx954ejphEuyWEQ4sdPxW8r8Tm9ouni:12000000000000000000:OKDOT:CHECKMYTH
1wvqTwcB7eeJnR2SjvY75mYoY4cc69pKP5iLaPuqT2VGAZZ:12000000000000000000:OKDOT:CHECKMYTH
13raTKbUtCf9rqPxMAEwXzcL4fVCsjQjHEVuHutAzrVjyhE4:12000000000000000000:OKDOT:CHECKMYTH
12sKPxJyofhxZcYfwYy1PgAGxnb496d3ofd5V3XkguA8EjJy:12000000000000000000:NEEDED:CHECKMYTH
15t9LCbKMboY42vX6r44aFmG4uNuarzYZhwRvkxcv1hE9Fqd:12000000000000000000:OKDOT:CHECKMYTH
13AeF1yTCfWsk4RDjDw63eFxqVKtpxB82duTsMwxULuQ5yst:12000000000000000000:OKDOT:CHECKMYTH
13mozN1s9FWHKciCykcsJCUdg24dGVko722forzA272eGze1:12000000000000000000:OKDOT:CHECKMYTH
14CoAqtGXr7LYgsNk6rMxgvLhTPehsm4Pn93tsFGdGc8kGzM:12000000000000000000:OKDOT:CHECKMYTH
1hpAUXcvpzuRQkgASVbFrN8XHPrjSiYqf1Fom2YEjgaw4G7:12000000000000000000:OKDOT:CHECKMYTH
1VbhCpdBRfeouDa9W1qgmbZuZhMpZG4t324NQcM2jx1Zmg9:12000000000000000000:OKDOT:CHECKMYTH
1YCFmWCRCdZZaPcMxUzrSsouAMLAmKeLcPNPSBxGZAeYqhH:12000000000000000000:OKDOT:CHECKMYTH
15RSX5a477Uj3BYoCA7Qqa9yATAq3HL5S5gBsSruxkWLbjYw:12000000000000000000:OKDOT:CHECKMYTH
16gurhgBf9XjTbK7vFNsuXkeUhFG8rrHFUYoM2NCrn4tp88Q:12000000000000000000:OKDOT:CHECKMYTH
164tZLcQWSFjnpm6P4zMLJgnY9Ra1m8yJu51vGKNRwxwEixE:12000000000000000000:NEEDED:CHECKMYTH
1P6v7asUxULzx1Tm3pPbZiQSTdCwSPFoF1s1roNvFGUuogn:12000000000000000000:OKDOT:CHECKMYTH
16U73UikX1hiMazTgr9mfWihaJiCV1DuAV4QZFVf6mAYH6Ur:12000000000000000000:OKDOT:CHECKMYTH
14x2tCbKYHiQebkyf4Wm2WcfNpPT6Szn18XqXz4NuHU3CSVz:12000000000000000000:OKDOT:CHECKMYTH
16FbwfWiwLNJMSmd9N29Y19iqhHVwtCrgaEkrJpVg3q4j66x:12000000000000000000:OKDOT:CHECKMYTH
153HQMZMNU886wdXQuLxPSwXB96Ym7M8XpJei5ETn6fVHfKe:12000000000000000000:OKDOT:CHECKMYTH
146PpH5kekYUsvNDZAXGuN7jcwiuqkTosm2RxBFq22ztnXy3:12000000000000000000:OKDOT:CHECKMYTH
12ZgSzXiWVPFKCyTbKn2xTAs4BqQQCUVHab1vH5knQK7UcYg:12000000000000000000:OKDOT:CHECKMYTH
13NCLd3foNpsv1huPDzvvfyKh37NEEkGFotZnP52CTR98YFJ:236000000000000000000:OKDOT:CHECKMYTH
