16STvUfb55sgemsmDq9L2B2GWCkCRg6y9cCwuGCVADqB7wCX:12000000000000000000:OKDOT:OKMYTH
1Xax69hrB9VuheAsMP2RNn9FmBRrGBCtAnuShDxcFxprz83:12000000000000000000:OKDOT:OKMYTH
14AmhBi2Qq6hmoJo4BezS9AfhXT9YPx7vN8RJLrD7jQd9eDg:12000000000000000000:OKDOT:OKMYTH
12ag2bAg8q1pxjd3175PudAB9T4eAi54sRLnZ51U7FKJCrW2:12000000000000000000:OKDOT:OKMYTH
1ptjf2kQzQ1bydpNNqXq4GhnxDfUh5W8Q3fvKTaKwxKyran:12000000000000000000:OKDOT:OKMYTH
13RB8jJCA5NdWRsCxXGY8wF8C9HWLVzv3KqZ6349QGn8mKQp:12000000000000000000:OKDOT:OKMYTH
14j41a7JKpLo5brVmudDRjLdxAfosu3BzuKLxTkFTH7a6BJ2:12000000000000000000:OKDOT:OKMYTH
15kAUqJxwgLQzKMP9wBDP2r9SX2CP5pkkmSDvMRKRRwovGYG:12000000000000000000:OKDOT:OKMYTH
132ePdPKKTCTDk8uqLkzdniTpJVZJUBA9W5BPmbz7YQdw9ev:12000000000000000000:OKDOT:OKMYTH
16EvkYrWxfuofS8ugj5RjTnQdMMoxSXPM58TpKL7pfz4q7kc:12000000000000000000:OKDOT:OKMYTH
13WY6zBrt7mXUYeis4aNhStxN1aR3wBhCXVsBrnvhPGuQ2VU:12000000000000000000:OKDOT:OKMYTH
1faEfdSjPHaykjhhKRheXPdAY8NmQEnVpNXuxMq7yhnCq6V:12000000000000000000:OKDOT:OKMYTH
15GoGNYHvc2nWmX77xUW8UNRWQXni4KrwGRVdzBmogCz2hih:12000000000000000000:OKDOT:OKMYTH
13JRvpv5yELw9cM3SAtKCHzgqFGHKnRJ6vpXd2yBzWwhJnrE:12000000000000000000:OKDOT:OKMYTH
15LxAHEPNEM4fKzK3E42VPLf6Nra36VowAyV5MxER29kvZNg:12000000000000000000:OKDOT:OKMYTH
142b2fvNY2kU7weMEANqfMD9dH5CUU1T5mPP665QTXMt1TrT:12000000000000000000:OKDOT:OKMYTH
14tnJZGT7GC7ugPN7woR1yyqbRePRNUL6awTXWhvkRtdbHxi:12000000000000000000:OKDOT:OKMYTH
13AfauQG5xFWTuF83ShHraC7DWiQmWzzMZfNF1xiHmDJTv4z:12000000000000000000:OKDOT:OKMYTH
14ogGrSxZvDkzDY4aM4BFpuk7xGT5xBuWUdT63TcvWYBtk71:12000000000000000000:OKDOT:OKMYTH
16PgADLsyFdrrcuucKJaYzHz7B2J2MhfWYhBTZshNbK4P5pj:12000000000000000000:OKDOT:OKMYTH
164VLUbvvLUMapMccxy9NpF7nZV554JYb6vtbAzJKhAhf9MD:12000000000000000000:OKDOT:OKMYTH
15Ns2zygi8qcRhXQszDUmYC7Rxh6FDP3wAFA57dXjACMrPt3:12000000000000000000:OKDOT:OKMYTH
15Fe1MzHTnwekaS6d3is1RwGgCrNgRgFyLeWvnTD7ztzRT3d:12000000000000000000:OKDOT:OKMYTH
1dysHL8u9uB3YZwj7F7PsRtTxD1rHZ8Kj6TDS9HKZCwaDGv:12000000000000000000:OKDOT:OKMYTH
1MtC4uwx2MaRC8TZkaEvnLydMMGGHsYybyHizRtgAkmCCya:12000000000000000000:OKDOT:OKMYTH
15RtjCVL9GhFiDjpdRc1wyWxRAb151PH8qhoxBU9TxHwfhAV:12000000000000000000:OKDOT:OKMYTH
15gTje1jBd4F5HyhVeWQwbcdvsex6c2xgNjmQFjmKu1ELBgw:12000000000000000000:OKDOT:OKMYTH
16UWR6PzUbCvhB5wrf6shTDBcSXCbRANC6bu32UUWDW7poDF:12000000000000000000:OKDOT:OKMYTH
13RMMeWBsTVmUwnUh3F5Wj2vwAUuctbunnZLzyunZ3AkD9qv:12000000000000000000:OKDOT:OKMYTH
13BnETvB7VMivGuCRAv8yGsZmAtmkDeFkhm1ZmLe6bG96hJf:12000000000000000000:OKDOT:OKMYTH
15kAHpvWbqXAt8d4hgQ7FtECGibdBMcbf4aYe2NPNhhGUCkx:12000000000000000000:OKDOT:OKMYTH
1ifYMYno3qvznGSLGH5eXmgRpmeVmnD9xjbA8yxyiBBZjL1:12000000000000000000:OKDOT:OKMYTH
14id67zJ4Ax4MgxDpoyKb2KHQWVa4ETxpgJ3dYdQ6k98Vft6:12000000000000000000:OKDOT:OKMYTH
1rqbFn4H2nCbHm3pbPxrCQJWTaozykQPH7ht49dt2pyGLWu:12000000000000000000:OKDOT:OKMYTH
145fQ9qNRCdhZL24eriZmmgQPxsJ6FKNF3rj1TbPsB1buAoG:12000000000000000000:OKDOT:OKMYTH
14k65oPLgHp6oHtRhRhvipkYX1KvcbDKbioJAM52spFYU8kW:12000000000000000000:OKDOT:OKMYTH
1vu2qxP7dkeNHxckGkF6QDuALE3HCRnncdhhzQeuQGWQuHN:12000000000000000000:OKDOT:OKMYTH
12cYCsr3gWHXNj6r6iq6THtxE3StmocMz5BiazYaqpg99gHx:12000000000000000000:OKDOT:OKMYTH
15S44fC8PBBWwyR6LDpnwsG8bZhm9uMbAyT5uzRuLncn3Kjv:12000000000000000000:OKDOT:OKMYTH
12kFaExwcwzSgwEUjYSDgEv2wBXb9SN8WqZ7sHWvaBBFjMAu:12000000000000000000:OKDOT:OKMYTH
12p5r2KciTrQ9MkB1yoW4NMWy11N7fnPprJCFURZRDLzGpES:12000000000000000000:OKDOT:OKMYTH
14EJX6HeUdGHEFUU5w3RHPcVcxrWUEVhUWubnCoUEFBUHULN:12000000000000000000:OKDOT:OKMYTH
13h3Jvb5DAvpNaiEtpbVjiY1w8aUfhQYTALSWsyxpYxaGJSg:12000000000000000000:OKDOT:OKMYTH
12YxegGQfMJxeZCPsyzd5mqFWbrYCLZX8RrdZck8UWCb66BM:12000000000000000000:OKDOT:OKMYTH
16moss4rtsoGksPssraJBu6dYr79wNxRqCqL5t6geBHZ2rJ6:12000000000000000000:OKDOT:OKMYTH
13SfjRtmi72p1E1Z9F3VVpKYFP4ccG3xnKqtGqFa7qMAKVnr:12000000000000000000:OKDOT:OKMYTH
15reumLnuQYccoUupx7k3R6sPMZGYSTSidmuTCCnEBUmDa3K:12000000000000000000:OKDOT:OKMYTH
1kDMkFXkh44szKrffbaTDScmutJBsBhoKKYGsK8WXEvFyMA:12000000000000000000:OKDOT:OKMYTH
1289F1GRyzjtERPptriaA8KtnJCN7LFX6KBTakxNE98YSQjy:12000000000000000000:OKDOT:OKMYTH
1uQb9NT9QsbghWbP3GkMfrzYCV48Xu7fFZLaQyzc8AGh5fz:12000000000000000000:OKDOT:OKMYTH
1pcJXGUdj5Z8xd2TjJzhActghEApPTiMj5UdUhkSXPW7jKz:12000000000000000000:OKDOT:OKMYTH
121VxhD4ZKChWMeiHDetzp1cL5LPNY87zTo7bPzdQxzzjKQs:12000000000000000000:OKDOT:OKMYTH
15RH23SBJJ33sZW1LeBbBF3QAZ6C16vxXB3zUeKYBExha2sF:12000000000000000000:OKDOT:OKMYTH
125Z4anB1Y1wT7YvcUsfj9PVk8xMEZiiRhFxT731viK3QcTk:12000000000000000000:OKDOT:OKMYTH
15nEGwtMpQ7tmriefmJtChaBdNE2PW1FqMivfmS5FvJ9s3TS:12000000000000000000:OKDOT:OKMYTH
15jChGqST9QVXbaveMSQh3Pc9RN1SSiLa7mJFt5RaYUbxGN1:12000000000000000000:OKDOT:OKMYTH
1hW6rB1LwUEPXYUNzUSSXLtJ37tFpxC9CMVztP6WitH35nm:12000000000000000000:OKDOT:OKMYTH
16RsPW99sobXmAB6A6hHwMFr3tPEkiyXh45iLDxN8tx3RjG8:12000000000000000000:OKDOT:OKMYTH
15oRRRJ6Mw3DQM8ANXZuvLd6gcLwaYXfRYryHJY7iAbGxJJp:12000000000000000000:OKDOT:OKMYTH
14KPREdoJv5Uh4G1Ps5JdF6QzPssu1y9Zsc3uf2DjMyxJEX9:12000000000000000000:OKDOT:OKMYTH
15qicbnaNfQF11Zmrw2JP1NtuvNMC9a7KfvhtSmRVfqYLh7j:12000000000000000000:OKDOT:OKMYTH
12iDNp2f2Maa1cA1Ljfn8nyWT1WBxwRuBcWAoK6DwLHhhi54:12000000000000000000:OKDOT:OKMYTH
14Sw3aiUBB1njMd3k1aMNiTzsPqXV3YsVScG7WncUMDfL5XH:12000000000000000000:OKDOT:OKMYTH
14tZGepqjN7iw1rYpbfSmiq29jJ2X51Jxuq9B59G2EVwyzfW:12000000000000000000:OKDOT:OKMYTH
1428xGCBSZjefSTBzQtTq7o6tHyv1cWWqkMBS4duaXyVnmg5:12000000000000000000:OKDOT:OKMYTH
12spvKkSuDj2WRiueGgAPdmSU2BY1XKrEMAsjRqtwwscYifn:12000000000000000000:OKDOT:OKMYTH
14tyjMySLu4thK97bPJDHQHZRNUZ67WeHWXUnKu4DV8388yE:12000000000000000000:OKDOT:OKMYTH
14PD1BXgb86vE3QdBL1RJ6e4Z7xTqc4xYPsrye1JinFKy3yb:12000000000000000000:OKDOT:OKMYTH
16ZXfg9xgqWfDLeca2yUoVsa9KdCEvWm4i5mdpN9kbjhGFvG:12000000000000000000:OKDOT:OKMYTH
15bRTzSy8khkQri8Yqo378pEj4X7XQ8Pw5R7h3Ms4u9EXwZm:12000000000000000000:OKDOT:OKMYTH
13mwrTmub94UnfnWAYYcEAFayq7mtVrmpGTQkr2a8s1CJKYS:12000000000000000000:OKDOT:OKMYTH
168HZHMG9GYs9F7jiTBg3wj9CneHAki4b7T4NA1Q8d6oaJQL:12000000000000000000:OKDOT:OKMYTH
1nZRMdS8zTujocp5a5Y7W1tuG2yoemCyaEiRkY7sZrwc6Du:12000000000000000000:OKDOT:OKMYTH
153SwMQqrdXiL9wpjtijpvFcvn9UUyLyKYjQzrYyvzkisUHn:12000000000000000000:OKDOT:OKMYTH
16KyCfiAneYqjbnuJHBuEnVd5fZ6jCsso47uVTbu9LDrygYQ:12000000000000000000:OKDOT:OKMYTH
12vYYWFtZxMVZ7fHpZkoTMkJ9N7q217hdVi713HVQYdChi7K:12000000000000000000:OKDOT:OKMYTH
1jioaRGTBzKYf3Pbe2osvr2txtQFU3j6VxcR5rs121Y1QEh:12000000000000000000:OKDOT:OKMYTH
14fqW8h8uupjRTW3uyPLhTGX1zDDhxqR7Yifw2tKb4sBcU28:12000000000000000000:OKDOT:OKMYTH
13Vyg89XhK4kbVk7Ho8Gky9t77ygswdkTqPuGoddBukmmihE:12000000000000000000:OKDOT:OKMYTH
1KKK7XfgHo3FGufCcUynDYwVxSJPVTWZxwsmRuimmVG98bg:12000000000000000000:OKDOT:OKMYTH
114ZbT3kxri21ojWDMoYnkxJhzxH3oEDJymL1hJPRMr4qbx:12000000000000000000:OKDOT:OKMYTH
16KPUcisKP312F4DPBdLZaHm8xiqyASWTYNPGLBVhqfYZjFC:12000000000000000000:OKDOT:OKMYTH
1vh5Px1DyCuad1SHRPsXP5JNE9QC63Ls3iCDF7KYKE3nfta:12000000000000000000:OKDOT:OKMYTH
12xDRNFAeYX1nsY485MJZ877eQ9ZTXnRJ9szc5aanWEsFzxf:12000000000000000000:OKDOT:OKMYTH
15QZ5XG6a5FnzZNwQtGvB1zFdyBhRoGN5YNUoWzfGo3pMxLY:12000000000000000000:OKDOT:OKMYTH
14MqAz3S5Ro1CLri6wNaWd3awYzsyJ3DfB8QmHdiP8znNXYu:12000000000000000000:OKDOT:OKMYTH
16mDr7Mie3WasrizUbzCrk4Uwxm1nLbSvJpqShzWsMqYoxep:12000000000000000000:OKDOT:OKMYTH
14mD3WBPuNzCrziVgV3KHiWnwBdXyWu4ckxfqA5hEStJ5wgh:12000000000000000000:OKDOT:OKMYTH
12N6gLNE24Txt58zzV9GjG9GZJDYown4yYoFMeNf5MWpCS4G:12000000000000000000:OKDOT:OKMYTH
12DVLkAkJBHyLfZkdQUj1LjoU8PUdgre3WP9hAQxbY8Z9wfy:12000000000000000000:OKDOT:OKMYTH
15CnHm6HRS5W9Bo6t7q41R7h536E85QEzjHD9joTabqvNtXZ:12000000000000000000:OKDOT:OKMYTH
16U4E2C9cYhhwCfmiVwZRY6FeMFBQN2aZYBccxcBvGUZnGvE:12000000000000000000:OKDOT:OKMYTH
14vQCcB3fwkHEvBKbx31CeH53roaNCPHeLeo7zRoZhn7X1cj:12000000000000000000:OKDOT:OKMYTH
16pnxWDbuebp9JpJTnzHwxFfBtLUeewrXfGeUXR8PT5KdCP:12000000000000000000:OKDOT:OKMYTH
138uncPemAsqBRSnsPhHmximw9KX3aFLD1VrFdwgWiizfYFr:12000000000000000000:OKDOT:OKMYTH
13iJsjHLokqjrFngNRTfBx9sxsZkAtiS4UUcJdrkwkuVaSri:12000000000000000000:OKDOT:OKMYTH
16L1Ho6dALt7VaHRAY3LNPUkMsqte66NG4k2ft19aSohsnnU:12000000000000000000:OKDOT:OKMYTH
13Nrksq1yspZR7QAh6tEiUgU4NwaqhuU67AQ5DHcL4zKbXP1:12000000000000000000:OKDOT:OKMYTH
15fuocERmVSDNYT3Gw3tq8UwE7sqDpuz6esnLD2LKUMDyHey:12000000000000000000:OKDOT:OKMYTH
15pcXjQwMJ53nNQkdk7MN1sNLZtB5ctrR99fqSdZWQJmnEiC:12000000000000000000:OKDOT:OKMYTH
14rwF6K2EBobSW6qPqYffnhvowf3ETg9ENZju1BfahB9yXtS:12000000000000000000:OKDOT:OKMYTH
12Q9MaCHxEA75DFu292WDz2wEFpHAymtT3SGR4n9KHqdJNn7:12000000000000000000:OKDOT:OKMYTH
16FnDBXPVnsNfJ52JbNdA1kmk9CYazjMX8DbUV1P1UMnme8J:12000000000000000000:OKDOT:OKMYTH
1hu6grYUf3GBMyq5ZPGJfAXegqREr9qpGaUXXnvBdyDqGvq:12000000000000000000:OKDOT:OKMYTH
14Q3PjreMzoXymPzFT5qwcuYszZ5RFAkeenCKCYv83pogtrR:12000000000000000000:OKDOT:OKMYTH
134dyaKbaSYZv7MhDyLymQHnuBkFiBarS2r78H4pgFL4Ncj:12000000000000000000:OKDOT:OKMYTH
15NsaQL3jhKEs2jNN6XVXWxgEGxKMtaRFGUMzJxBmSK5ivKU:12000000000000000000:OKDOT:OKMYTH
14Z5qLi4REF4bLCpCWdUmZB9tnU94Ue2a6qSYM1pc4YqqHfs:12000000000000000000:OKDOT:OKMYTH
14UQaJLcGNBVoPBcgBpcYeJ5mLnPD9SeX7nA2ah8psZRjGLS:12000000000000000000:OKDOT:OKMYTH
15RsFXNn56V4RvZmTaS3tn7PeZnMwt1L4gmQ2m3txK5hbC3b:12000000000000000000:OKDOT:OKMYTH
14fxXa4mGYhSK4J7taSvbdb8KvGgM9V62psVzzqvE8ctvWZP:12000000000000000000:OKDOT:OKMYTH
12GEnUpfN7NjemDSXBKrNPdB1RBcA7vBLb8P7t6hXq49imXt:12000000000000000000:OKDOT:OKMYTH
1GZbFrbYJxjn78HqKLR4VDEaWJ6LdNNuB94jHwZRm8S6YHV:12000000000000000000:OKDOT:OKMYTH
1c7rH4xvcAV5HgQNt3V9LtWNNLCGNJA4oWjB8pyvbgjmJ8N:12000000000000000000:OKDOT:OKMYTH
16QnGZjASc331L58NKhHodSHhD7vcqGUcMVWD5SD4Sgdkos:12000000000000000000:OKDOT:OKMYTH
16iAhLQgT7iTyx2FDZ4wH8pKB6ftoZxVR6uki9CKc4twD2PT:12000000000000000000:OKDOT:OKMYTH
14tnpf2MtV5FYhmivxot2MqtiindYPwumBrrUU6veLCquNBf:12000000000000000000:OKDOT:OKMYTH
15eZ7atVfP2Rrb3SSrW2swnAUuZrTATh1qi2LbxmDJu6A823:12000000000000000000:OKDOT:OKMYTH
12m7g6HBieHY5MHLf5hDkmnBqMrWp7EHPN9jpieZVmNJco7Z:12000000000000000000:OKDOT:OKMYTH
13UiGDjdXc4AkNQi918wEQWs49TmgWbmUYvG25GhoyQu4C7N:12000000000000000000:OKDOT:OKMYTH
16A2N2zAdKd6ACSiDfgRTLMWjk1wmPm7Mtk3JwZZU2FAwXx7:12000000000000000000:OKDOT:OKMYTH
14anp6yXGpH6SUtocAuEAhKsfkfTLnB26YtytDL5ibyNSNk9:12000000000000000000:OKDOT:OKMYTH
13rJUukVesM3uwNUK4oVuEWnVTvofeg4y6E7xgMaLSuLUYDU:12000000000000000000:OKDOT:OKMYTH
13W2Pnqih2FH6aSHqiQwdDpsPKWPKPiJknFahgXA8Uh9Gdr5:12000000000000000000:OKDOT:OKMYTH
13tuNRBHZWcW3RRRMvfUji1A9hU7i2fQL2Fo5PoS9BTaAYb3:12000000000000000000:OKDOT:OKMYTH
15Ua6N3wWJYhmJE6SaPFEMFQdAWArrR7Ff1SdbGUvDUfCkRQ:12000000000000000000:OKDOT:OKMYTH
1eLFpn8rraxY4bwuACJyGaQKwtQQTCeD7CZsCs4gao4EPnp:12000000000000000000:OKDOT:OKMYTH
169T2xqxHgbUhQUJS5jHTcFa6BhCivVZh7B1zSqmQzNcg32W:12000000000000000000:OKDOT:OKMYTH
13baxyKFVBkBso8VbvWtuxKEZWcZPrybeY9HWu6dwQvMTW2b:12000000000000000000:OKDOT:OKMYTH
14zqkrwJ9e1sX1UV6PqfhQkcrTEyWxqRGPhhinawssXNubb:12000000000000000000:OKDOT:OKMYTH
139SzheGiX5F5QUo75BTS9b5TS225ZpirD1RsxJs4nGiBfZQ:12000000000000000000:OKDOT:OKMYTH
149QKgy9RLS6gSiiEXdRF8iPtqvNxSjvKxnfpVR57ppciUS3:12000000000000000000:OKDOT:OKMYTH
1nTiQBbBM64UfmqHhSuwQdDtYF8RfTjRTTuicKDa9cZfFpF:12000000000000000000:OKDOT:OKMYTH
16AKNnHKDxjTpamMf1n72mGGy4hcKMcZpe1v91uevFsPsmuq:12000000000000000000:OKDOT:OKMYTH
13mCSmQH6ggwMTAqp1hL8apiTdKEVqvPY8TVB5Q5zGXDh4de:12000000000000000000:OKDOT:OKMYTH
14HTtof4HmytFEddAZ5zVdtTFzurAXNkXymGLgggdbPYstfg:12000000000000000000:OKDOT:OKMYTH
13dLZd6zhneJXJbEt4r6ai7873E8NZvy1cRQFhcwFkBXoKCA:12000000000000000000:OKDOT:OKMYTH
16Ljvz6DGbNeL7udc2cRMc8Y8VCx3rx3xRBnKQzFkKfM8K21:12000000000000000000:OKDOT:OKMYTH
14B7zNL4aaFxs9ywrWgS91jLb3h4eC9rgnBNmT1p3kdy835P:12000000000000000000:OKDOT:OKMYTH
16aSvW3wRGK2e8aH7HNfyzdyf7PwuMAkQeNTWeA5317XxBav:12000000000000000000:OKDOT:OKMYTH
12oiUG9JXb4JFRSzSFegzoAxvH1gYxwCDei645Lqxzip2ndH:12000000000000000000:OKDOT:OKMYTH
13uS3iLZAqf97JvRumRCnSJKHQ2VVT7SYCLErx6tBycaWzZU:12000000000000000000:OKDOT:OKMYTH
15sKtKGet7QFW6aoW9knz8GuMVsjSSnN2FyUGrFjKMrdcqn3:12000000000000000000:OKDOT:OKMYTH
16ejgZcLexBP56L4qY8tfbMtBeBwHrDZWjGhi3biagvqMzuS:12000000000000000000:OKDOT:OKMYTH
14imJ5vn8wuxh4xFEQ1fdhNJ8CChfb1dbeXAJ6sqwMhFkmpC:12000000000000000000:OKDOT:OKMYTH
12Ex4Y7WMuEP5VUpirqQ8Er3Wcxey8QnhcYYAiyERspNdckZ:12000000000000000000:OKDOT:OKMYTH
12jMRDwvqNZZiBfq2i13ezzinFoH7B2BTxizwAa9GvC8aeFR:12000000000000000000:OKDOT:OKMYTH
14sW82ppJ4M7wtbvBS111JwHjD2hXbPcGVTfxGqe5n9qQh3E:12000000000000000000:OKDOT:OKMYTH
137gQtjmzGHw3BB5RTfzCCxCJ7hyAjXkDTtZTpEoMmBiJBTe:12000000000000000000:OKDOT:OKMYTH
1y1GjtwL2cwasGagqqeT9bCF2kJKHdVcyqrKUxBbyZddsbw:12000000000000000000:OKDOT:OKMYTH
15eb3Jiz3dRBg4ZeJKSBN6Enk1qZpK12rhy4SnejBhFLJeXj:12000000000000000000:OKDOT:OKMYTH
1334qyGgASsg8S6o74QsfbTvF3x4CvGppaUsEwv9DrcRs3cD:12000000000000000000:OKDOT:OKMYTH
16ARiWKfsR8Qaa5Hm8FVT8nrHcGC5LPXdhdU3gTRiQKGnuXz:12000000000000000000:OKDOT:OKMYTH
15xFXweU7Yzw5pLHHd2xPVRk2RwhyxPPFwFsuzbZX4uCRTFP:12000000000000000000:OKDOT:OKMYTH
14vo1bF9qQfP7xFk6kTzYSjaWG6G55ov2wC43qzarfibRPnk:12000000000000000000:OKDOT:OKMYTH
1oJz5zXue8aCxZUVRLhNHDCr2LQDNPfYv9mg56iD7FgYkcK:12000000000000000000:OKDOT:OKMYTH
13TahEQ7P4dhwyQnWvsumKVDSPZvzr3Qt61mSTXbqWWQZzc8:12000000000000000000:OKDOT:OKMYTH
13vSuLqk9nXejU3hWGS2ZW823Vm5TtA3D9WDxNgszLGAQihw:12000000000000000000:OKDOT:OKMYTH
1eHCCrzKQiN4h13NVWZTADqPfNkCfxDatcj2GMyersxWvWE:12000000000000000000:OKDOT:OKMYTH
16KUHARmH69QVWWVJQ2w93CCxjE2rKa7NfKmZV45T4RdwQgS:12000000000000000000:OKDOT:OKMYTH
13Ke4EkaxQDLM8KEMMhWFx3NoTgjQBWnb5iq9oUE12oZsHRX:12000000000000000000:OKDOT:OKMYTH
13QYfyhDMhSm8w6ipB2d9Jd9zaX85CEXuwSNhEYW94nTPFYi:12000000000000000000:OKDOT:OKMYTH
1BmQ6rX4xJo9qqvBsyAe9ivBg9UAQyAT1i7ZwxFhiQqmLwk:12000000000000000000:OKDOT:OKMYTH
136qbr6Bc9xRF6SHhJsmRFFXiJC44pQiXcJTyVDPcwjtHDJj:12000000000000000000:OKDOT:OKMYTH
1JicDqDPJHzsnr3CTTLMPYKmsQ9aFntjLaaAqNvVRzdA872:12000000000000000000:OKDOT:OKMYTH
14HENZ8E5exSfL642BHbZsSZrXFpaNNNp63xCFt9WLyVfL79:12000000000000000000:OKDOT:OKMYTH
13BRnwur57tCrJWG8NymfwHTR5KVfaRCMcjbbSS3en3FaQPk:12000000000000000000:OKDOT:OKMYTH
1dUX6AXCyXxo2mtfrvHnNajRZ1aSjRySsCQUixVhvaJyNZv:12000000000000000000:OKDOT:OKMYTH
143nLD2k6Zt2Pdxdk9H74gwdodTVZ4nvDaYkTczCaBjGfD1q:12000000000000000000:OKDOT:OKMYTH
1EBQbuJpsJAU2xLXu82Q7wuRwbCQc4LmJ4YPD92oZkDibWJ:12000000000000000000:OKDOT:OKMYTH
15WSEPjjVZVbdThxivxb2VxqkQJk9tXfy4UrjfP2CN5KH6hc:12000000000000000000:OKDOT:OKMYTH
127a9dkH3V6TPSwuMPaSsMP8NPwEaspKvmxk4k9HEDCzr5Bu:12000000000000000000:OKDOT:OKMYTH
13sxjWKZRN7A8aJ6SmhxQaGQMxsfwqjcjiTYsZEXh6Q7kyMD:12000000000000000000:OKDOT:OKMYTH
1X162nuzrAEJaLhxQAUBZQ2NDwzh4YSXK3AXDeayhE9w2ND:12000000000000000000:OKDOT:OKMYTH
15ncTGDpYdga8KVe8EKfrqv26GJk66QkdgrivxEMuf4c7L5T:12000000000000000000:OKDOT:OKMYTH
12xxxxorPjN6hMTvkeQmFPrjFTnFM5HvLFQXZKjdDBxhySZd:12000000000000000000:OKDOT:OKMYTH
12GH3dfPpyByfwaYUQ11v6rKhhhdWaGdHXKnHSRdG2E41Jnz:12000000000000000000:OKDOT:OKMYTH
1isRfiAGhaFwmzMdu9dd5VUM2qLWh8ZwqtfXoGct5uQdev2:12000000000000000000:OKDOT:OKMYTH
15s5nRa2Yysz3DN4pnBPVR2FTkkexoA7yKmWJTK3N6oyGJuz:12000000000000000000:OKDOT:OKMYTH
164Ufq2UeqexEgaTJNYX6jj23GeXFwiRSJ16sgt77t6NLcL4:12000000000000000000:OKDOT:OKMYTH
14jK3bPa6z3V8MMFTZmgQUHK6KfqLnHbMfBzkodjvywGJacp:12000000000000000000:OKDOT:OKMYTH
15EUjpVuDwi9BmXYj93UqJJ6wE2ZTuXhRDAVE4c2MHbNDKVF:12000000000000000000:OKDOT:OKMYTH
153MczKUBoLPdsxXd37dCYG1TRvSBXfc81zDoL3YwVawDEQ2:12000000000000000000:OKDOT:OKMYTH
1j5eGmY47jKF4LXyLPmQiivPYzvb7BKRAxDx5RdArLQfm2Q:12000000000000000000:OKDOT:OKMYTH
14E9nTzkXnRaBt8uWbKpFkbtpeEKGrkKppnpjBSvZWBUsJwM:12000000000000000000:OKDOT:OKMYTH
14upUMqjdTjtVokAFXhdzQemxp28wVTnR5yCrZircWDbqf9T:12000000000000000000:OKDOT:OKMYTH
16eJWqYncwAwyqumV9eE7QvjdmvFSpXxxj1sMpBzSJAVyKmC:12000000000000000000:OKDOT:OKMYTH
1BiiwCXm4QJUSfhX8bGCT1oimkEZoFKCREsfbXCFjJF8b4G:12000000000000000000:OKDOT:OKMYTH
14N6YJGhwXpi9JemFXg91zyi8hWLY8Q9jphRTZbkCn3R6M2k:12000000000000000000:OKDOT:OKMYTH
13N9E2BEJDgDCmCEvYosF8iZPuQVdB6w9qRxzGj66Kz3o7yf:12000000000000000000:OKDOT:OKMYTH
12t9itFwWLqYJZm9exKiwNQoPGzC4sW9PXJShBdyZJr8EVtu:12000000000000000000:OKDOT:OKMYTH
14uSXRqadcJ7mBEGEhAQ7yxDQS8npYw4gDCc1re1JKAS6k23:12000000000000000000:OKDOT:OKMYTH
14SQNsBV2UE3jStnSpNR9EHpWmN78yPJYKNBQ6RLAgDvaAt8:12000000000000000000:OKDOT:OKMYTH
13xunPJnVSKLbYTGU2q5GVkUoLF5XrbZ81rZP8vFvSSf9TzP:12000000000000000000:OKDOT:OKMYTH
13Prjn1jhPjyNqefLbgwo2c3DhvpATpxRAEXhKZTaP937VEv:12000000000000000000:OKDOT:OKMYTH
14cQ7n5MqQCEtyjNRFF7TUV4jJBcFvXUQ4mRJjvdv8HJLBxs:12000000000000000000:OKDOT:OKMYTH
14o7xCEhcFnz4p8JjPkTRBUymKJnct6UfNwaTkVStkivQLsD:12000000000000000000:OKDOT:OKMYTH
127qvsEVGr1UkEDzGNrEG7GEv6Stzc6ZGN6EQGpTL6g8yi12:12000000000000000000:OKDOT:OKMYTH
12vFMwcJBbSn6KiqHh9tyn8eTLXwWtGerFb2ZLN79wfawDx6:12000000000000000000:OKDOT:OKMYTH
15aWuEJ6D6XTnqPdNRyAccnaCbQtxf8iG3PodiknJMrtJuV9:12000000000000000000:OKDOT:OKMYTH
14B668Hq1oP7mA9ZMSjhMw6PdRWVZA5SY51mgjEY4Me8WdpN:12000000000000000000:OKDOT:OKMYTH
13JuNVsFqJXMC9taezBHDA6MfK4DBBCyLyQSg4yp73Qryw3f:12000000000000000000:OKDOT:OKMYTH
16ZjfUGenrS86yg5zxkyot54bCUVHtT3nQLiWtyqoeJaSGLs:12000000000000000000:OKDOT:OKMYTH
14fnEHH3tsMxhSpuePmYNWMk6SAKZ2utBJRKmB1rnM6MSuwp:12000000000000000000:OKDOT:OKMYTH
14kf8zjWxtfiYrCBUpBbzC6LBv1drz4gfxPRsRrH6eyoEZDH:12000000000000000000:OKDOT:OKMYTH
1Gi51miTiDHB8TLaRw31tyx5mWqC9AQLUNXwddX3Q8xRNjh:12000000000000000000:OKDOT:OKMYTH
14eJZe6pBXjKvgV4PHWTUfgfkuq36B6nKqkPLQBrJ4n4VVYa:12000000000000000000:OKDOT:OKMYTH
16PyaR5VALNsTEx4ftgodvUR9msEWZpcTdruqyHqTvuhFYJp:12000000000000000000:OKDOT:OKMYTH
131T2vbaQuARb3t4H2SzWxr5j2C2VS8rLNqbQhLwyXYFbDxR:12000000000000000000:OKDOT:OKMYTH
1WWm2CfGLwf8VMwXg73eA4hFNZkjKiudPd1kaq4v3QgYMHD:12000000000000000000:OKDOT:OKMYTH
1271hjGjek2ENA1cHmTQ9mbaVwbMx78XJGh4cq2h5vyKK3pm:12000000000000000000:OKDOT:OKMYTH
1271zzz9NuAU8ToFvSc3U1B47tAiZvUtAQLRGAXgridtrA3T:12000000000000000000:OKDOT:OKMYTH
14C4cbCRw8pog7xuUWc4hLbUMa8AoQ28JKmV3WVmxL9ZAUym:12000000000000000000:OKDOT:OKMYTH
16dEMCyJN585r6hGCc1YfVzPHVmsYLaFyjceLdckeLq7kG3:12000000000000000000:OKDOT:OKMYTH
14zfSUagFaGdeXvbp3sEbURKeZakNGLqYkN5aFgGCjjYck5r:12000000000000000000:OKDOT:OKMYTH
14eoZt4x4ePPU656RGgcyUCee77QEYK1r8h7fWP8Fsw9K7Wr:12000000000000000000:OKDOT:OKMYTH
1yXMBiLkV4GQr3p8fCfVp94HKkunz1di5zDJ76TsCNHAitk:12000000000000000000:OKDOT:OKMYTH
13Wxgo5h5kcBtRCVptiH8b2g4VVG4cQX6mNxgUppSboeBJUo:12000000000000000000:OKDOT:OKMYTH
15fw3TYNdVrJXdPisDFpdXV7ej7nEwcLDR1FPQXtgaJndFCP:12000000000000000000:OKDOT:OKMYTH
13QWaqUNzfWsKbRFbRK1MzX4JeSY7d4mpTCYBFxnZ4ns6g1V:12000000000000000000:OKDOT:OKMYTH
1TgeBXJ2hp6QGDu4fUEaHmJFcfABcsJxAMp3eFxgkmSNdPs:12000000000000000000:OKDOT:OKMYTH
13AtCW7gRhP12KU2eeezwufBhnZRrs7t2yY8NPhNRB6XCznc:12000000000000000000:OKDOT:OKMYTH
14p8hHT2J3b3FGESwfFURmLKFwn9WaCbqSiv5TpyYm9bdCpT:12000000000000000000:OKDOT:OKMYTH
12QJt6wZSeyN8syxy8G7bUiEPuTM5W9sRGqQKAh5dXDkgiFB:12000000000000000000:OKDOT:OKMYTH
15ENAmMv6KQogTR1cF2XxJ2Xyqo1XJDAf7DDbCRXsTbxBjbF:12000000000000000000:OKDOT:OKMYTH
13Lfx8Kjy81pmDKPLu4eQSkmM8KzdcQMesf7YMmCvdFuWu6H:12000000000000000000:OKDOT:OKMYTH
1ESLgjLNkoxSwhdjmoVcHMVuGZqM8UP8XXzieMEXiEKgZjM:12000000000000000000:OKDOT:OKMYTH
12W1EdbCfyexqn3RYJWJa5o9VUJqL3tdrpRwfX9AqcJUDnZY:12000000000000000000:OKDOT:OKMYTH
15U68FeZRqAqpmTrfANzDnmJLHcZVw5NFMWnQnx4Q5g6YA6W:12000000000000000000:OKDOT:OKMYTH
14Ta9sk5fkkVYLjCyKXxsAMNEbCpKr7udg56PvX4AdYY6rQm:12000000000000000000:OKDOT:OKMYTH
164DswewyLe5RRBg8TsWJhPcdZLr2RY4ttiZKa6tcWWFdCVq:12000000000000000000:OKDOT:OKMYTH
122Rxmv9XqP8TKwFj3HEdmVp8DjqDUZoLjoszFPAgMtGcMH6:12000000000000000000:OKDOT:OKMYTH
16WqfVCRKAwAfjqrEWeHbtn8tKuWZ44Cw5VYoHH2oKh3TvPh:12000000000000000000:OKDOT:OKMYTH
135iQxVqqL9nyAtWjdjAffXt85DEGZAXUmE8SPpSSZU6R15J:12000000000000000000:OKDOT:OKMYTH
1nHZ7M2dntUDzibED7VUNCKeADXR77R32NhyLbRQmWApb7A:12000000000000000000:OKDOT:OKMYTH
15o8cuxvymNYGjKJo5iHZbfNJnEWbRRo4cG5Ve7MQcPT4zgP:12000000000000000000:OKDOT:OKMYTH
12XndBDMeWunuxr7hiMSBfYsCf5NZGYu5Lx5FojaEC5Sf3jW:12000000000000000000:OKDOT:OKMYTH
15Z8j975rE89KF3TzqRate2r3yfzVXY72X3WYqCMvdyJyqYB:12000000000000000000:OKDOT:OKMYTH
14vTLP8d1BXwc6DYBAVCMM8Kp3PVMwZ9JfVhps2dM6fKteR:12000000000000000000:OKDOT:OKMYTH
15oL7i1HQnqnonyV4nWGrbgPGywzRBzmvYaWLqRvWV7BYytg:12000000000000000000:OKDOT:OKMYTH
16AS3eePTXxoWMYUeWBK9Adp7nfoeHbBzWhcooQVv1PNkhxi:12000000000000000000:OKDOT:OKMYTH
16DAso9B7c8CxE3z1m8QVeup5nKFSHyspPG9J4bmer9yZB9M:12000000000000000000:OKDOT:OKMYTH
14uS6SBEgxKuz6iKGcfNVw7mPncTshTNuUqxZWhzXY2YKePY:12000000000000000000:OKDOT:OKMYTH
15d7FpxF8PVpW27Fm1BCSraGKBHbHJYioFe8zcJFYdUzoHHm:12000000000000000000:OKDOT:OKMYTH
1ZVicgbbVMjMhEJtkg44owXu4VLqNh33bu8M6ZLuRwouA4L:12000000000000000000:OKDOT:OKMYTH
15ye1VCTqetQCkVYeGQyKWvjtpCaSZmrSFQ4V2xasN2zERmr:12000000000000000000:OKDOT:OKMYTH
152fQajyaCxrxBSatJXcF68cGrQ8MvTrYL4pJpmu52kUpzES:12000000000000000000:OKDOT:OKMYTH
14dpWZB7kg9mXMkqhA4kiCxKLcQjKgzLyipX2D1QByr7rhe4:12000000000000000000:OKDOT:OKMYTH
14jTSRt2QMUrYCA4Kh2ehm3CuxVnkQDEd1HTpGYokxDFiadt:12000000000000000000:OKDOT:OKMYTH
12ippYa2wqKbSn5L3N1A3znqnhu6mhMB9icoawAQsGCNVJLe:12000000000000000000:OKDOT:OKMYTH
1563YGHHxRsHYYZy7nbVRmdL9iSGBbLKnEhzkYRq2vFMuA5B:12000000000000000000:OKDOT:OKMYTH
14VQsJV6NsAwkdBktBFJ6SGm7EQj9XLK1UmTdHxiu33SyT2z:12000000000000000000:OKDOT:OKMYTH
1ELhbNCJtbhXG1YEnRrDryaJ1oG1oJhd5tft54UDqxy4z2w:12000000000000000000:OKDOT:OKMYTH
166rcULdueKwntDLs2dNujnNXmNsRu2azvQXqKHEZDYw5p23:12000000000000000000:OKDOT:OKMYTH
14GbXLW6V6rh52VA5ToFX6a9PzZYuPNB98knMLNfhUeGsEUS:12000000000000000000:OKDOT:OKMYTH
16aDiCXidKEZfENEFaao19J2CupD95JhkdFmqGaaVDXVjaPn:12000000000000000000:OKDOT:OKMYTH
148j4rHrGqofX1k9etnvfc3RCJpukYLfDasuZV7AayLzcsD:12000000000000000000:OKDOT:OKMYTH
1bq9sFJSTs4b7ZBCJvNKduaUCcZhMjYQVHM4jJfzGGBq7xF:12000000000000000000:OKDOT:OKMYTH
1YPxqyzuL3xxWoSw8drC3zTv9cQYQUvBQZ9A5BxXJrwdz6i:12000000000000000000:OKDOT:OKMYTH
1r6svTAHFtcA42Gw21vxzhrE5t3iTfvR1braVT8myBrLhTG:12000000000000000000:OKDOT:OKMYTH
15ZTBRSak79JvvWVLp7F2HdNjbfbDVGdrPgD2PaPxHaXkriJ:12000000000000000000:OKDOT:OKMYTH
14x3BtM5VPtzE2MDD6MgLgsqnc6K7ESVf6gSpqHJ9MdF9Egx:12000000000000000000:OKDOT:OKMYTH
14iEsEtTxHgzoHCq2Gvcf9y2iPxYxo8pWu5GiHFXU6GYD49d:12000000000000000000:OKDOT:OKMYTH
12HGatDvis3dALcHKeas2Hm7wcYpL4rmt8haPWWcyCreeBos:12000000000000000000:OKDOT:OKMYTH
14JqkPmw6w4G1d9iszMCsaDsfMu23PkUt95JC6ThUR7N7HoB:12000000000000000000:OKDOT:OKMYTH
12QrFL6AUJCUE4YX4421NaBjZz8SQbxt4n2pETvXQHHJiFtR:12000000000000000000:OKDOT:OKMYTH
15uq2n1KjrZY6KBaNNHVCFQzPNo9nsy56nfXtPoHe5SdrgQ:12000000000000000000:OKDOT:OKMYTH
1p3CjUPCjbaYRWuMnWqkvi8FQfFHaHbv2DbKe93AmQDTxSm:12000000000000000000:OKDOT:OKMYTH
15cWSm16RcKTw9y16etCvFtwoMLPAhZrm5kwaP5X5XaerbMF:12000000000000000000:OKDOT:OKMYTH
14FQGpAw1NSx8t6kGJgGvDF41LB7mC7dfLMyGs57rh5yZXab:12000000000000000000:OKDOT:OKMYTH
13RiBC6Mv5anQuVQ8E8ZtUTA8CFpuRrQyuPsLp5G2UAUypDi:12000000000000000000:OKDOT:OKMYTH
15kAZGjoEmUwi5ptFzy1Ax8BzH7vQWaywBSGf6NFdRaKm4Gg:12000000000000000000:OKDOT:OKMYTH
16fdyeU4t3UaE1oTpTgkFSqFZgotnQRri4mbJG8qPYPU848Q:12000000000000000000:OKDOT:OKMYTH
142h6jCbPyUSDDQ5MCdbtQYuqeenQsS9s7y4fftYtmkpsQb3:12000000000000000000:OKDOT:OKMYTH
14KEU4D7kJAjPiFwQ679Bn4SNNzXtS9JdjdQWyVeUh3Jsf1G:12000000000000000000:OKDOT:OKMYTH
14rdWZSxbQXVRo5U3TuCTqGhegVTJFRnar3ZRqNW6YnCtb66:12000000000000000000:OKDOT:OKMYTH
1FZfeRuSpxxH7BZXfzZrujSjp3ELsFY3tHD5mrgmAzXqv1G:12000000000000000000:OKDOT:OKMYTH
144bt6E2jM1i6y6yDEhvi3qyQkPxkLNBwuTrKpqr9HrH8VA4:12000000000000000000:OKDOT:OKMYTH
145gTsr6aUmBsRGNhkuFoYT7zdiEYcii8xxxRHEP9ZUzVagv:12000000000000000000:OKDOT:OKMYTH
14g2WDfRYZYZaN6ei7SF2yNCD9dGuiapNXk4bu4Kt29mfAKD:12000000000000000000:OKDOT:OKMYTH
12QcnH6KctbyTKonAuUpA9zbtyZDw1B9fB5xAHMwtvbMcPxZ:12000000000000000000:OKDOT:OKMYTH
14aWUMwcDVWVafy9iBox93cXtBy3ddM3FS99yMA5wnPYK5TV:12000000000000000000:OKDOT:OKMYTH
13vA751WjhNmvaRYTZK1ZWYPvVPs5UEnEQrZnc6WnBw4kniM:12000000000000000000:OKDOT:OKMYTH
15At4oYWoGV342aNp6D6mBLMSHHm6z4MtDSH93wjqwRgg7CF:12000000000000000000:OKDOT:OKMYTH
16hbpnQZZeayhwXrvhqcTThvKLk2vmRFCYEQntegToQ6oc2D:12000000000000000000:OKDOT:OKMYTH
15CPP5YEExjX1fygSyc4yxFybgJp91xJd71xqeWxPn7V5wLD:12000000000000000000:OKDOT:OKMYTH
152J4SwCU1sagCWxsZPPkbUY2uDhBV7nbYS7VChwTRmrwEvR:12000000000000000000:OKDOT:OKMYTH
12LHTqMyGfQWr3xGNuHztwZXxBqjg1bMJDDb9uwq8T8LtqRb:12000000000000000000:OKDOT:OKMYTH
13htzSqGshHqCYZdeudtQYvd4wmTnaggsm3muRBSmod5tKom:12000000000000000000:OKDOT:OKMYTH
13h4bkMiT1nXmPhe2GEZuFAieASaeV2aEc3uBgN3maLT4YuR:12000000000000000000:OKDOT:OKMYTH
14T8BRx8254t5eBkv1Z3STvfLuvXwM5YrcuLWAYC9jet7dgc:12000000000000000000:OKDOT:OKMYTH
16HN9x5zQ4rKANWPviqy9LQeGvSzMvDkYXMaehBNN6SCQiCo:12000000000000000000:OKDOT:OKMYTH
16jncgoCimro14DUwa8nrsJX2m41zYNQZmYnxPP1bgwRcG81:12000000000000000000:OKDOT:OKMYTH
15kr2B1VPbjz4B5xYkJ8agJFYh8wrUvdXXAuBnPaSTcr293D:12000000000000000000:OKDOT:OKMYTH
12AWStL6TKKr8cJ698EDdQD2KA1dkQ2TKVZYqU311u7YKFY5:12000000000000000000:OKDOT:OKMYTH
16bpCSt176BXcS5JExTnnGkY2Koy9e9kC5qecNEGMYni2VyR:12000000000000000000:OKDOT:OKMYTH
12PgrijbspjafrkdcNMDPFvsQQk1wYBzQockwkdrEedRmYWi:12000000000000000000:OKDOT:OKMYTH
14YqTudyrmkvxvNYU9mzV2uhLovsaUnSKN1sz5WSf6UJZYqo:12000000000000000000:OKDOT:OKMYTH
167CQ7PWkjyuCc24SxxKHiKgRKcQeJCYCwtyG8jwuEB3vbqK:12000000000000000000:OKDOT:OKMYTH
1YqADC4ymThtu5kCHrSW633R5hfaxUacLrSy1tXPo1je7cG:12000000000000000000:OKDOT:OKMYTH
15kv85Z2JsmEhWYVLBggFZrzTcxgji7iSQk1NsCWP2p1AEii:12000000000000000000:OKDOT:OKMYTH
13MdDfgnVJZCRNpCZYeipRkmqK6NwigWh6HwHTJQjrHDP23C:12000000000000000000:OKDOT:OKMYTH
12FWabgpRbQyeTHdQLqjkLDoBHEtXEQFQAT5YFiSBxkov13x:12000000000000000000:OKDOT:OKMYTH
13hXwBYCgxnSEhsJFueEmT9H8izmEwkaLp6n76EffmQuJZus:12000000000000000000:OKDOT:OKMYTH
16heADE2GmC7Xx9wHobCQHVCdTCJJqCN6TzhpXncskmSG4sM:12000000000000000000:OKDOT:OKMYTH
12rZ7np5Y1A4DQZcJd7ZoXcMByc163BXKnjEuBmtfETQZaom:12000000000000000000:OKDOT:OKMYTH
16W7YBbexYuC6K2321ScGYxYKSEwK1gxWBuLkZn2LBhgiyRt:12000000000000000000:OKDOT:OKMYTH
15Pd5rwj6o1e4MgBqoVHyckHKAKPvrB6sBSj4jfHUrKagr5w:12000000000000000000:OKDOT:OKMYTH
1vbskVb1QvYV8c3pvjmyGSgEWRn441R2zxU7sFJgwDiJgzg:12000000000000000000:OKDOT:OKMYTH
16W8vtakUv19StSYHJZEetAjTirNPmugGKTxWhrRrJHuRMxK:12000000000000000000:OKDOT:OKMYTH
163qAWo1UwgZb1Z8s5sB24FEVPS5XJwLYBcAiivmfZs2Yccx:12000000000000000000:OKDOT:OKMYTH
12oeVqLjLSjKLge7rm1xwxuEg5zNxPkhSQhfKwFKvcjzw8A7:12000000000000000000:OKDOT:OKMYTH
1341S2i15nxTsKp88bhsTe6xxb71dGPCt2hGvNfEA1zBCguB:12000000000000000000:OKDOT:OKMYTH
15UR31shB1xmGQFyA1hJ6A14tnfbQcKFVxPAAbeB6kNu7cog:12000000000000000000:OKDOT:OKMYTH
166FipkoYLF3eRGABoJCQefcEMh3A4HqWvFcdxQ8EpfBgU9r:12000000000000000000:OKDOT:OKMYTH
1JjCkoW2aWXybLcpTbnCeo7atQtdRh8SoLmtgaE92dgSepW:12000000000000000000:OKDOT:OKMYTH
15Gghnyq1z4aSpztqVaPfjckqoRboyFeHMLXvC8pSA688vdK:12000000000000000000:OKDOT:OKMYTH
1NwsiiV4d2iUCxJpMdqXQY3tedMrSkurHavRncYxCQFXaTr:12000000000000000000:OKDOT:OKMYTH
12zB9NsxfjT7Y7mEn6wbaGPS5nDkeN66osZ5x7eQhQr7ywKn:12000000000000000000:OKDOT:OKMYTH
12WWTHMaQmwG3nUXdGb8bi27aHW8iJjQwtiLuwVn5VRcGXg4:12000000000000000000:OKDOT:OKMYTH
13uvd5uVn3M18J3RKKybQ5CuGJ7n6qS1a4mDZRbMs2V8zbEH:12000000000000000000:OKDOT:OKMYTH
11z385dUuxehXDTn6Nh5rcNTcvoRVCqGy33qQCx9BEqhxzm:12000000000000000000:OKDOT:OKMYTH
16eSAVPtRuVTEEXGPsEi4ULsTs8B6ioDKa8WL76LvnNfwdRW:12000000000000000000:OKDOT:OKMYTH
16kXAcnyVHyfSMNSe4YsCEc4gDYWMMatU4RqK2HpPyRQ9Pju:12000000000000000000:OKDOT:OKMYTH
12bkHmxmJm9uepMbpQuf2Tz7MGor9Z6JxoPdLVKitqN1RRV2:12000000000000000000:OKDOT:OKMYTH
13jgEQSDd7YatciDSzextHeWXNzPfYVEejJj5YVMaZ6Yoi5q:12000000000000000000:OKDOT:OKMYTH
15ykws76HnhmmEJKtFZdDV9bANfmweHPwUG8H5DNqjUMUdS2:12000000000000000000:OKDOT:OKMYTH
1mvFk73af9oHXYso2FbDKMzqdasrEBn1aRX7C3qmNTa27ZC:12000000000000000000:OKDOT:OKMYTH
17HBxLGT53fcogyBEGn8MuYHBzjrty3mJZoaSJy6AwdEVVt:12000000000000000000:OKDOT:OKMYTH
13KuG2debEoMgChJkHvsjPofyQciRLEdFaTPN5NQWULP1etE:12000000000000000000:OKDOT:OKMYTH
12yTnPjiXF2CCoFjv9jp5fQo4n76TQUxafpfMazgeUv4e54h:12000000000000000000:OKDOT:OKMYTH
13ScyMtU9GdcVAwQq38RS9eyKWDTMVYbgrfgDG3XGrjZjvZg:12000000000000000000:OKDOT:OKMYTH
15cgfAYY2evNBbVvuUSFahvFoLEt3YcT37QPbfSbJ5GMzKDn:12000000000000000000:OKDOT:OKMYTH
165MQPy9b2iBjZ6StRu31UBKvgkHsTFhMAvvPyq5MkXFtghS:12000000000000000000:OKDOT:OKMYTH
14r5R8rAqLkV8j3g8kBiEdtR2QYxhysKi8fa8XXzJeERiund:12000000000000000000:OKDOT:OKMYTH
14FSer7CmnEwtx5NXMmmR4tzsccvT5KgQbDLXtvFEHUfDARx:12000000000000000000:OKDOT:OKMYTH
15tASuXe6HD3aKeGpjkDRc3e2gMkoCtZEVe9jb71uGsHj7Tx:12000000000000000000:OKDOT:OKMYTH
14RLp4HLo7omCsz6YevVV7Eb82Hbg1hzmg9Jn5hLj5SPmLN6:12000000000000000000:OKDOT:OKMYTH
13uaZKEMziqv6sEnGFtcuGsA2dUpQHG7ohVJTGRFjamDNKUX:12000000000000000000:OKDOT:OKMYTH
16VkFk8T7qqTH5do3KHdqRCUVpK7QCsvP8cAK8Q6TNaxXXBE:12000000000000000000:OKDOT:OKMYTH
1zaHNLJ2keV6q6YVyKoTCv3y6Ajfa2ur5jxT2LtRFZ5gd11:12000000000000000000:OKDOT:OKMYTH
15fVEqpsmNUKHR2MeGwpNKjZ94hhh4MhPLdPDgSKvGPoCYvg:12000000000000000000:OKDOT:OKMYTH
15cWUqx2VTxYeqwd8J9BamtX16fH3bBocB5SxsQakPQHEsc6:12000000000000000000:OKDOT:OKMYTH
12uSQY7WiBLjjLZyKvdDn1ijAUuKjgiyXMoMkKJtFntQQq4:12000000000000000000:OKDOT:OKMYTH
121xGRPfjUoaYdY2gSxWXhpWrvKPXcAndXgD52x6ghuKEnJ3:12000000000000000000:OKDOT:OKMYTH
12phbfNFtwngvGqd3kEZ9ZMkbUG81Xiv5zPHV6vPmpXXmJu4:12000000000000000000:OKDOT:OKMYTH
15C5M8ybTJ5R37KfbPBFJXFtUaECLfWwyLDAGVLiw7des5QK:12000000000000000000:OKDOT:OKMYTH
15iPgoxU8Exo4XUDFZrQhChHotcny5rTZWJJTjXYgdRZRQgi:12000000000000000000:OKDOT:OKMYTH
16fxdaztAvdUhkdirK6nNSfZhknpffUSmit1gXm1ygXLiqau:12000000000000000000:OKDOT:OKMYTH
14YdeEQdDqU26TZnJ96A31vXrQv1gYpz27gpM23TeJvdSv5d:12000000000000000000:OKDOT:OKMYTH
13SczidzRm3dt8LA7XdzXqqj2NeQ352nATusQKawiqJGQavS:12000000000000000000:OKDOT:OKMYTH
13SXiVTPZS163KQuBQKuGyNcTns4RnVvwNnPVDE8a4EgBx9G:12000000000000000000:OKDOT:OKMYTH
13rC8p2WNwr9r32iQbMnqDRxAhiMnPX2VYZe75mzdh4XJtXy:12000000000000000000:OKDOT:OKMYTH
13sx1gzJ5uCrFVj29gzdmeeMJ178FaKxPS9AGVDXRoKuokea:12000000000000000000:OKDOT:OKMYTH
12K4G4vnYypcmuSg6JVARuWRX7seK9A8iU72N3opMgeYQ6GR:12000000000000000000:OKDOT:OKMYTH
13RBN3thrcN35eQLQ5SQpbTYS6tVCFrjnP2RVEnRTTi69UnU:12000000000000000000:OKDOT:OKMYTH
15fgXoaP1EZY5RBK4ZvMYEcLSuH6noyEi2RHmSNZEwnqsZhV:12000000000000000000:OKDOT:OKMYTH
1k9c1PGBNdc3rtLBfp8Q3G7kqtw2fKLn3jRB3zriNmvnb1C:12000000000000000000:OKDOT:OKMYTH
14r6EWZB8xthsvMV8XaAsc35H1XxssJ7nSiniT8rX2kQ5GZ4:12000000000000000000:OKDOT:OKMYTH
13tHm3GMn2jadTnm5boLC36QPU6Nh4GBSJRf2sNfmP8MW8fo:12000000000000000000:OKDOT:OKMYTH
1559RemKsTyY4BWeVVXKCt1ePrAiQ7b5SABDWbN4NeK3cSDn:12000000000000000000:OKDOT:OKMYTH
16PBKfQroEtstnyWncWByisCfx8rZaZF6c85eKeBn13fFStM:12000000000000000000:OKDOT:OKMYTH
12NUwFuWjGBkYpBMQbxF8oTyRNdV2X3TTCL7Qsak79iuLQeW:12000000000000000000:OKDOT:OKMYTH
16WzjLMK196asRzMwozHrc9P2aYM9JWH7uF8wmDXGxUXWyTy:12000000000000000000:OKDOT:OKMYTH
14tg4QUFUXPmLJYAz4zkjPWbiUse3CoAsq4hxouriGCRy2Xg:12000000000000000000:OKDOT:OKMYTH
16n25bWQQrEe998bYVev2DmMTNA3bJLGdYtAdnLKfiEVEA8K:12000000000000000000:OKDOT:OKMYTH
15CqkuvsHWsVZMfpFVhToieAra6vX9iNCqTo6UhVZ2zgGFrj:12000000000000000000:OKDOT:OKMYTH
122MPYsRW5gq81Q9jxwXUxuoi4xG4DBJeRvDnGdEHVbw9oLf:12000000000000000000:OKDOT:OKMYTH
154CcZzpQATkvbZp5dxUFYtghRa9AAHa655A6trjPTzqZwmN:12000000000000000000:OKDOT:OKMYTH
14H4gDToa1aPRCyTqE23R5RVQ7sCM4M8XLoaQW5SNGBk5oJN:12000000000000000000:OKDOT:OKMYTH
1yPX3tv7hgyd9499N5Ezhbh4hf8zyc2Kgw4QGuCbnF84zAv:12000000000000000000:OKDOT:OKMYTH
15t2ZNa5x3EgoWxNkkNKJ2UPgnLyc8uzrKY92fNhNgCUYvmG:12000000000000000000:OKDOT:OKMYTH
12EGy3p9DLJ5WaKi3Z96vgLjuy5PiPff4pLtBK4VZzCgJuXz:12000000000000000000:OKDOT:OKMYTH
16RZWwPerZN8tY2FdvdjCxXiXkJSnNwus3SchkNhYfumP5cF:12000000000000000000:OKDOT:OKMYTH
12tEJipRJUCxk7sBroJer6RTH1s2a1ZPicNWN3dtYK9rmRKD:12000000000000000000:OKDOT:OKMYTH
15mDkUkgVQyz56iZGPEzHm4LjDeP9DheoebwYV6BRu41sqSN:12000000000000000000:OKDOT:OKMYTH
12xnJtEd72dFa3rTef5AVE2gjZYBDz2SmBFnEVNuyy4M2XpM:12000000000000000000:OKDOT:OKMYTH
13jgu65TAJ9CgT1WNvhju7s1MFixeRo1mxs6UUXgSk1wHSXW:12000000000000000000:OKDOT:OKMYTH
13vD9WcjWR4tjCRcQKGwfkZp9eL21oURejTJNWzve3sC8vTA:12000000000000000000:OKDOT:OKMYTH
139UiqnGw4hXvzE9ATigyV6UNk89Dt6MCzmggoVY36sxyMJw:12000000000000000000:OKDOT:OKMYTH
14LGhARQDTAuAe4Dj8eBnN6tT6kmacQp1AX63YxSiV5LaH9e:12000000000000000000:OKDOT:OKMYTH
12jRPBBjb91HkGtPFru1ZwMqsMhUuMHmN7tKSrQR7HNNC6Jj:12000000000000000000:OKDOT:OKMYTH
13j2yeXEoamXNN42CcfSiZs5aNXSCMYuVNqVYP3K5REqepmh:12000000000000000000:OKDOT:OKMYTH
13NCLd3foNpsv1huPDzvvfyKh37NEEkGFotZnP52CTR98YFJ:236000000000000000000:OKDOT:OKMYTH
