1KzxkBbD4UX5d3VRiWnjTXXwDYY3kRGTiApGTGdug3Xv3Da:12000000000000000000:OKDOT:CHECKMYTH
15LoVrnMxqJeLZ5uZbzKEaEb7RVFBb4dqrADPaKQujctV8HY:12000000000000000000:OKDOT:CHECKMYTH
13RHbP7cDspwkCQHpJkNg9iodi7hMKkgJsRPB6uG3FbeKn3t:12000000000000000000:OKDOT:CHECKMYTH
159QxGES6Vf2364vFFFqjwnYubcNUW8XGtMKK1zLnmjH8XvV:12000000000000000000:OKDOT:CHECKMYTH
15uW8rxshLpXPphJCiwrpcVp1vdwBfLpPE2Vh7T48qawkVJW:12000000000000000000:OKDOT:CHECKMYTH
12arFaWi6aU5yZtJ6LoAbt69LR3pE1sWnRzspKJhkcTM1xJH:12000000000000000000:OKDOT:CHECKMYTH
1bGExPcqRdsp4N98K8mmB9Mx3S5HcSdRgUPjbpQEJnyVGbH:12000000000000000000:OKDOT:CHECKMYTH
1BGwvyZe8h91NB98kLrRFSoVkztx6BjJJuhdLTvK8e5exvd:12000000000000000000:OKDOT:CHECKMYTH
16FQjVBmi72bn8Yug1PTZgUZr9dRDJwD4VkMKRjgTNGcbVVH:12000000000000000000:OKDOT:CHECKMYTH
14doexQTMrruYdR1nRQARjniSPRUgjXdibSpPsVLzFNMhZm:12000000000000000000:OKDOT:CHECKMYTH
13s9Vg4MXpazMaxg1TnXJ4CFgybp14E9uQ882x4wbUaqnQqd:12000000000000000000:OKDOT:CHECKMYTH
12h5kt2xKiQvh8rjs22nwuQupVmbJC6s4A2H1xjhvJ9EwPoU:12000000000000000000:OKDOT:CHECKMYTH
15xZtz5o4nk1t5C4Cfa9srqVangkHdYBpsKLtxHrowKm58XA:12000000000000000000:OKDOT:CHECKMYTH
151mKyopQwWrMHVypmbLCrRTMSFMjyX34bdGu9e6U4JXRBwM:12000000000000000000:OKDOT:CHECKMYTH
15ZWrdhmRptEY9rBx8w7mct8HDQ9uwXnHEVz9keeyQTq94fK:12000000000000000000:OKDOT:CHECKMYTH
15pVwqn1r5woijosTNDaHpjMvzuue55rVvJppxHviQavTtpY:12000000000000000000:OKDOT:CHECKMYTH
16jZh8zHMV2CN2KwbJr4AtZDSHDjfR38HtJXzYz7tU8uPJ9u:12000000000000000000:OKDOT:CHECKMYTH
14Xwvf9Kqbk22SYvyKbDEnSaWJtH3BtfEfBEbabqSWYEjzzb:12000000000000000000:OKDOT:CHECKMYTH
15ppD5Wp5rwyijn6njpvBdhMhotWCqK5YmjUwpbNsFcy6Nw3:12000000000000000000:OKDOT:CHECKMYTH
14TtCf38C6xG4Za9LnfxUD68zwsjxAdim7gW5rY7yN2LrPym:12000000000000000000:OKDOT:CHECKMYTH
1WBobDNXMGTzH6QsvWimyfxAA3CFVXb1zMaKkTuSnL4D9AE:12000000000000000000:OKDOT:CHECKMYTH
16j6eREREeGaUjVax8Zdvtrhp2ZdTUoycycCrH5xEYTidf4k:12000000000000000000:OKDOT:CHECKMYTH
15cooPJfCFvYbAqpu2qJBPGDGo4to7mExuKuZAvtNEvVN2pk:12000000000000000000:OKDOT:CHECKMYTH
15LmkqKzmJ9WcENEZBgQJHn1w43BUK53Yt5QZASuGAieuEJX:12000000000000000000:OKDOT:CHECKMYTH
13Q8Wc2LTo7XkYUwfaWFFGjshSRSwpk3c8NB7HeQA6x3rGy4:12000000000000000000:OKDOT:CHECKMYTH
14efZf55Gvy37xauVkDGFvhzcm6e8wJGeBArkAxLSqhGAVNj:12000000000000000000:OKDOT:CHECKMYTH
12ym7VzLMNd7aayMx5zc3LTumwojHRSdbfBKgY94sKtMwoB4:12000000000000000000:OKDOT:CHECKMYTH
14tcyZ6WAVk2veEEXPjFbNbWAqroYH7dtg59zSLhVAQBR4o3:12000000000000000000:OKDOT:CHECKMYTH
14AxcyVwL1Xnj2i729FPhuu1dhmJ4dbK4eMAj7bRQnyHpzFV:12000000000000000000:OKDOT:CHECKMYTH
1646BNCSHxizsc6Uq3YtECXFHqryyb4PaWFgAHiyxDVzWGAK:12000000000000000000:OKDOT:CHECKMYTH
15Aj5Eudchy3Ymwx4xUGohGdUPsj1D1Ds4y4NpyjcPJyReUg:12000000000000000000:OKDOT:CHECKMYTH
1Q9RaxduGqtxiRdXmJcU4aMeKr9mXmrwDbzaekirUv6w4qv:12000000000000000000:OKDOT:CHECKMYTH
15rffuzj7z1xEyYDKMzc1m4MSzqrTfMWU46FD2xvk5RSkT6E:12000000000000000000:OKDOT:CHECKMYTH
1vDuaFjToH3o8kLqgwBYmfVCVPL6hwhoKpqGky2QGbEZJkT:12000000000000000000:OKDOT:CHECKMYTH
15xhoyM3m7aLvoPdCeDV8hkpo3VaWEkcDxLqNorgfqTQBWfb:12000000000000000000:OKDOT:CHECKMYTH
14UUMwHKFt2fMXyGiA8Bkx6YFC6f5d72to7P7YUxuKAMYFwV:12000000000000000000:OKDOT:CHECKMYTH
15Jbx5EmkjgQrJ9q61yUj33vQaTcaUTcgMkgmWwSE9otrAvS:12000000000000000000:OKDOT:CHECKMYTH
14BjpZ6wLYjt2PmXW1bdqxPr78FGuPWXp9hRevZUVDGNuA5w:12000000000000000000:OKDOT:CHECKMYTH
13jFK3yGSNTpu9b2Ccn1wKYVv5pAL41QnnUevhK5zTNdmuhP:12000000000000000000:OKDOT:CHECKMYTH
12h3ge1BL32AGkpKBFzzuuGzLpWCJngZdhpKChfUuoByKisS:12000000000000000000:OKDOT:CHECKMYTH
125tjfawz9tp8s3GoLKBTKfwAjyPAAGLeMzhVxWNG8puzosq:12000000000000000000:OKDOT:CHECKMYTH
15SMWRqd1PYe7cnVyk3hRovguPyDPoVAuNtMoiE2L8RB7Woy:12000000000000000000:OKDOT:CHECKMYTH
1HFYMwmaMDiJQQKs2tBAbznoRcBWUaaHheZj9LUV9sDAmwj:12000000000000000000:OKDOT:CHECKMYTH
17qYurPDmZgtUiCAPzNkdALyqPxGCUJC8BKoAk6MWZz749p:12000000000000000000:OKDOT:CHECKMYTH
16bZtcE4mo14kzhgn8vmNms4zxHThmVQYduxCtDGxcVXjmz1:12000000000000000000:OKDOT:CHECKMYTH
1UWkEA1CmRwCfWL55f4uN7DpbhJQREBHEw8LX1xCf4GdKp1:12000000000000000000:OKDOT:CHECKMYTH
1kh9WeifA3jmxLcnC45jQuch3e7chcZ3qDF28g6riboZndf:12000000000000000000:OKDOT:CHECKMYTH
1BUNvbsUxwTWJYopXdR9TZbpXKANfFTXb4df43rAHMLfYhy:12000000000000000000:OKDOT:CHECKMYTH
15X7Xgm8qE32ywtyUsHBD8C6eURgkWW17K5MEybLeZKWhVqJ:12000000000000000000:OKDOT:CHECKMYTH
1wRxHzbpqmnwQ9TamWqLUKUZ6DEnFHc78iSP4hmi1YJxkHn:12000000000000000000:NEEDED:CHECKMYTH
15ZFGeHqULZ9d4nDPxkFk1heboK1f28XQ6t9WXjNkgmG2r17:12000000000000000000:OKDOT:CHECKMYTH
16ZuAjsN3WNfHbhD6Yu6rjFThXVFuxFCnuVXdZZdrjeiRHUR:12000000000000000000:OKDOT:CHECKMYTH
151ZwxmryWBxRnzSfp6m8HBp1JMzwcxk31T8A79R4m7XmqSS:12000000000000000000:OKDOT:CHECKMYTH
1YrLMpNnn1kEosCpznYNLkQL4XEjmUPi7wbUDKMj1v5CqYc:12000000000000000000:OKDOT:CHECKMYTH
13rGR1yuxwPq2KNoUEmYXTNciGwgbc8E1cVRpovHyzqvU3zX:12000000000000000000:OKDOT:CHECKMYTH
16sLRDa9iAWZNqY4PyKpGm9MXpwV7HCBW9iKS1J6UsbUk8K:12000000000000000000:OKDOT:CHECKMYTH
14U4imQM3HfbT5dF71qf3P3SibBU349H71k4UMq5TZYqJzGW:12000000000000000000:OKDOT:CHECKMYTH
1tgx1op53scLq6RKnwsiuAUx4pLUtcCb2SkRD8bhHxyq5rQ:12000000000000000000:OKDOT:CHECKMYTH
1Vi8hLZhiuP3YNyDpnJ7YU8KUMMzjVnqcrxx2M2RnMt2J5u:12000000000000000000:OKDOT:CHECKMYTH
1j3uTujY4dfFzMyTEAkmG6YVoTqzA7WXFrMfKy6duc4g73d:12000000000000000000:OKDOT:CHECKMYTH
16J64aeBHTGf5NL32VWCUW3LuWGoL6VATx9f74iMeCxMpMxc:12000000000000000000:OKDOT:CHECKMYTH
12FTxd9TyAXXy4kvPhH9rE1Lmg3gJxyZxjJc6dXQfV9VUm5k:12000000000000000000:OKDOT:CHECKMYTH
13S84c7x4rHCmSiWE6LAwyUgCitZgAumAFBzpaRyhjDDybEk:12000000000000000000:OKDOT:CHECKMYTH
16XkSCHpPEAXef4SqjFPKTrtLn1dRos8U5A3vSezVmih6z6g:12000000000000000000:OKDOT:CHECKMYTH
12pgoQ39b3CLvH4wwMXb4Ec41xDhe3oRu1qxFovc5n1MebAX:12000000000000000000:OKDOT:CHECKMYTH
133xVHXTcE629xXDYYU7sKbPtHKS3rsgEJ3p1yXK16fxoQy7:12000000000000000000:OKDOT:CHECKMYTH
12R7j3Zum5dNcUHor8A5qfdqVgU88izVPJXeC6TkYWvRo2T3:12000000000000000000:OKDOT:CHECKMYTH
12F3DeQPvmE7q7ghZHpiZnEMkNMPHWev7j3MTFgAATnWrH8s:12000000000000000000:OKDOT:CHECKMYTH
16NXZkPbm79ihRP7wQDK3ZTUb9cNtBir3qf5j3DPq2SiBFpk:12000000000000000000:OKDOT:CHECKMYTH
13W3gz1mc77E4FZWyUzwWVzG5ykdbgW9TYcZMiTH5VakswKX:12000000000000000000:OKDOT:CHECKMYTH
12nYrVwTi8uWFJLJLcNuuKLr2L1NfJSuFSU9VKta3oHd4eWJ:12000000000000000000:OKDOT:CHECKMYTH
13sUNdRJpDpTbWus8PPxmuuL4Xwfg2HtsAcPTV14g3aoobJe:12000000000000000000:OKDOT:CHECKMYTH
16JV2NbkLsTcbwvfvp2R8gu1BMjchxsDEcWqakBjrLAabh1P:12000000000000000000:OKDOT:CHECKMYTH
1hoZ577zFNbfbSu87hPSEgRcWmVC4VFWPfP3fjfzERnTrY4:12000000000000000000:OKDOT:CHECKMYTH
13w1pUpSB12nbQEFxj1x6wAjfhvPM9Tg4V3hEXaUx6sP3ARG:12000000000000000000:OKDOT:CHECKMYTH
13JHNTkDoYy8vHGuFVdMiqG4LZWy2ieXrSXkq2yALeb6tbU8:12000000000000000000:OKDOT:CHECKMYTH
14d6K8WnYkkZu57SNoAEfuQ1erHFWskwQuH7EFLhedV4USH5:12000000000000000000:OKDOT:CHECKMYTH
133WTKB8j8rKfo81hGee6JT62K4PdXtDzKaSL3yZDKdJDFZN:12000000000000000000:OKDOT:CHECKMYTH
1a6iSS1mDfY5aKEi9qECR53DiP3PcsDueQJTRpyfyuoFy8x:12000000000000000000:OKDOT:CHECKMYTH
12hMTRscKx7ZW1msQNkPFH8FKeah8MUpdpBdvJWEKkaRXGXe:12000000000000000000:OKDOT:CHECKMYTH
157GwPAYSZVxPA9nzdQ2CxPipfVKnmh5WAYEpND89AZYYnrY:12000000000000000000:OKDOT:CHECKMYTH
13LBJ4CPcd58v7vnq64shHBiRs1LwmMmMnPYDG19QG1Xm2nW:12000000000000000000:OKDOT:CHECKMYTH
1ymdspCWS2dk7xggxsxUZy5CGRXXyvDHojCLjhJeVbXBr1Z:12000000000000000000:OKDOT:CHECKMYTH
16Att5vMhmDtCfjWZ3hpQTYnZo4biRFuvodGR9bbpG7RWgeJ:12000000000000000000:OKDOT:CHECKMYTH
1po7mxUjVzbkziWY1B3LR9xgKJPEbR3qEfSDoQxZEJEc29o:12000000000000000000:OKDOT:CHECKMYTH
13V9adSNq7s7wrGp7vKVYQwD2zNCYj2NBfAjVUMeW43yh2Tr:12000000000000000000:OKDOT:CHECKMYTH
12uvd8SRDGPkT4yj4RDVUYAyGZgsAipuaG2vr2gaHLDH7Gq:12000000000000000000:OKDOT:CHECKMYTH
16bgnyzuuz76b4JLGpVdC1q1ELaTzZofJpmHRePLmi5D6pvE:12000000000000000000:OKDOT:CHECKMYTH
168XT4BbfeMvhJq9WHaNJSds44REX5QHEaF2Eg57cLwwrEs:12000000000000000000:OKDOT:CHECKMYTH
14D56t1cT5MvRJjrTZG4z8vSFy5DTgPHX8FQuW7hTSZTtweH:12000000000000000000:OKDOT:CHECKMYTH
164deKCwUwRWe3MXDT2q7QfQG2mghgze9SbyBsgRR9BmcGgC:12000000000000000000:OKDOT:CHECKMYTH
12wFn7kgqR188tQpNZniCA1vh7UtNMgh815jmHMrShfmreoM:12000000000000000000:OKDOT:CHECKMYTH
13u4aBmQTHf72k2srYJ2qbKfaP39tUcRHrLp99uRaYTkbn9b:12000000000000000000:OKDOT:CHECKMYTH
15cmohgQ1SQ8Wk4j4RAKqYgg5kmWZevNG9re5J1urGuSFkky:12000000000000000000:OKDOT:CHECKMYTH
13cMLkRZZna3mqXvi7MyqLLVaBuecsaLEkBFPP11eaVKUAta:12000000000000000000:OKDOT:CHECKMYTH
15KDbqEiJUVm1Xt8JtcUZSpDxoxZNt9YvP9pS67y7pNuMwJq:12000000000000000000:OKDOT:CHECKMYTH
1LxEhX1kkQr2zG7PmPJXam3V3wTsP6Cu5D3kMdHgh7jF5ZT:12000000000000000000:OKDOT:CHECKMYTH
164dYDNN3AWa19PHgwTQ9Cx2jRcHBvQgJTuPFLshzLnGBaRD:12000000000000000000:OKDOT:CHECKMYTH
14KVv1nChBMr9JDyU6BkC7YcXKrpW3LWwyru3KsfgBjj3AU9:12000000000000000000:OKDOT:CHECKMYTH
15ikBtP3MnRSi8taD3umToDftLvAMymwwGbj72Q6sUpSQuv2:12000000000000000000:OKDOT:CHECKMYTH
12NSTv7Qt1ES93tPDB61m6YPKyarewMUU1Ls5qWoAN1XSN4Y:12000000000000000000:OKDOT:CHECKMYTH
15PVKMjdpnp4mrFZR7Nme6uNMkr7Cw4YT2AEUUXrn42wxLfG:12000000000000000000:OKDOT:CHECKMYTH
14ykcdpbbJZN6uVh7JpQWbi5wo1zKwEPcrHMArJoa8QCKKHZ:12000000000000000000:OKDOT:CHECKMYTH
13cNpJcBjJCFFqQvtZzJQ7538jKHxpAS4y6LFNQFowGWzdYm:12000000000000000000:OKDOT:CHECKMYTH
1piNwRb3CitaGkDpnLjRDKNpffSKoYdCghu2AQerxRt7pCz:12000000000000000000:OKDOT:CHECKMYTH
15esVFXthB6th2pPdiPH4UM9beBz1EeCzJCJFoayKDtWA9UC:12000000000000000000:OKDOT:CHECKMYTH
12vn9YYUkbM2LoVRGuZeUKMF1q5fbTXfk7PrvRXhuqAsyooB:12000000000000000000:OKDOT:CHECKMYTH
16cEiuky81qYxpJsYPqye7dXT5otZnNTvQv3Ecr66sd7UUdR:12000000000000000000:OKDOT:CHECKMYTH
15Vk86WzNuuWJUDaSdd3tuqh2X8fSXiWLiAYLfk23WC4MdiE:12000000000000000000:OKDOT:CHECKMYTH
13z4mmzH9ajTGuUHttV7TrVpQ2Q5NYfik1gMgFcMdYq8XiGR:12000000000000000000:OKDOT:CHECKMYTH
1SnrXd4tjFeMW9ppBvpJc2XK2ZQ7fXNa2GrjY3mK8Qg7HrT:12000000000000000000:OKDOT:CHECKMYTH
12Rh4rXYsFAVc4qKkdDVzjD6dBoU598gm58XXZukzx4oCh87:12000000000000000000:OKDOT:CHECKMYTH
15khdAibSYTQnRTAkD4DrgaSaBfUPpA4EWbnkgEfuV6XpnKt:12000000000000000000:OKDOT:CHECKMYTH
12oQiijSfPE4A8FKLgZkcR6yP2GiJXoWEYMVnpk9Db8Um6Uy:12000000000000000000:OKDOT:CHECKMYTH
14aUxySv37Rca8KAfaui6qBoHkAsexVdv56KEbxL2AL2Sb9u:12000000000000000000:OKDOT:CHECKMYTH
14Mbb17aj14kiCvek1b5ZCMepb4FbZ9pdCmZCHvYy9bMccsM:12000000000000000000:OKDOT:CHECKMYTH
16e3VSc7q9AiutJVuyQrkmXsELjscxj6A38w8KCnGkAbwUGj:12000000000000000000:OKDOT:CHECKMYTH
15oHrFs3Tz1iEYffxgadBT6F4eBGfzWd2ZtMHqvNUkPAPzA8:12000000000000000000:OKDOT:CHECKMYTH
16dumDwt5w7sxpp34JGateChTuD5357BLGF1dHDD2BFhUGRF:12000000000000000000:OKDOT:CHECKMYTH
13KKjhz1fW91b9iT4bqA21CCMrRi5qnUhEQqUp4eJ4ZNdJyp:12000000000000000000:OKDOT:CHECKMYTH
164m1usDAqM3AFBGi79xAbUmYxquVPWEq3PFT9gS48y4JzDW:12000000000000000000:OKDOT:CHECKMYTH
19KVQAQXWmuCS9UyH2yZjdjovvAdYtVyiHDLA955co5kwpG:12000000000000000000:OKDOT:CHECKMYTH
16Zd83wjom4YVHnxw7D1iAgyYrqbEzLR3NhBopQeGNzXcWb5:12000000000000000000:OKDOT:CHECKMYTH
14XdnQxpZK9Skyx2ZX5m5StrRLx52JzxaF1mXM7fGGKqUpV6:12000000000000000000:OKDOT:CHECKMYTH
15fcywqMz1sGQAGvxH9GUA9ycZfBG1WwUZ6yCnQ2aEqYLFef:12000000000000000000:OKDOT:CHECKMYTH
14Hoo2aK2j7WLBF2JwFHxdCkivX8M6iCTLtx1DwoPTrXpPB7:12000000000000000000:OKDOT:CHECKMYTH
12uHzA3vVVjY6T9gMCZ8ARYpTer5fiVXcwDX6p8ZBgsBctvi:12000000000000000000:OKDOT:CHECKMYTH
14HDqPkDs1tLWJfuK8wBsQrE3gA11VRkxJJir14zpDg41ji6:12000000000000000000:OKDOT:CHECKMYTH
14uDRLzDWDHvQq4Wsa6sijh1jEiEtFpiJw5RXmFrS42VrxP1:12000000000000000000:OKDOT:CHECKMYTH
13jjXRYHcUBkHGGGZqZWkddnKx2rCedRgg4szBhFzmabiZiP:12000000000000000000:OKDOT:CHECKMYTH
16CLJmoKyRiGDu47dNwFgCUqRhffPBGZyaBnEBpWN1JZFt1R:12000000000000000000:OKDOT:CHECKMYTH
16CoJa8vDKUpL9LYeLnA3jeRhkbCnXZQYgU1jdsvFuuCE76Y:12000000000000000000:OKDOT:CHECKMYTH
16iUXpmHBzFNrPdthqJs2w8mY7mdH5FZFvFhYAzXcqZ9szri:12000000000000000000:OKDOT:CHECKMYTH
1G1twSQLYN4n31rzrU5ZAcAhy8efmctKu6pEBHD4FcT27gN:12000000000000000000:OKDOT:CHECKMYTH
1x79s439mEbsmAUyqgn8dJYnFkxUDQ8ib7U2yKi9TLxkYwG:12000000000000000000:OKDOT:CHECKMYTH
13YPnA3WLq47yn4FGBaCjPCij3c46KcZt1NJDupFjLgc2JTN:12000000000000000000:OKDOT:CHECKMYTH
14LEjyX7goofKxa47NTekBxiLwTC7QpyMh2dACtn5CJZjcNP:12000000000000000000:OKDOT:CHECKMYTH
14aajwEmmGGWDqZbWXSpapJRLvUWpBt2jnECT9HyuEvuWkVo:12000000000000000000:OKDOT:CHECKMYTH
1b25ihMd9k18imqHskfifAuJoXdFzrmumQvgT7bEMdLji5s:12000000000000000000:OKDOT:CHECKMYTH
1aaNkPx6Hvtkf41sBLtGD2hVurZSiR6FpScfGp5DVGJMep8:12000000000000000000:OKDOT:CHECKMYTH
13fWMvYkpLVVSjeVSBJx9LQqoZk6b4iCZvr1PB3AHb5YS1aU:12000000000000000000:OKDOT:CHECKMYTH
12EZxTcaJueTZipy51n7EQEATPac4GA4BXXa5QxciRZHgktN:12000000000000000000:OKDOT:CHECKMYTH
165gatwwPiuBxJuV8EMR3poBjZn6W2RYPjJvhrXKi4oMfqxa:12000000000000000000:OKDOT:CHECKMYTH
13RE2PRrzJMa5w95xatU2Rqhoxcpzx3m4gXNUXyeKtajU34x:12000000000000000000:OKDOT:CHECKMYTH
12xP7UQF95ELWUckBRNWRTULWBd1ypk1i7ncz9RAVQU5s63F:12000000000000000000:OKDOT:CHECKMYTH
15pdsQF8yie2acPKx9BwRZ9EyBsPaBdRRAvcDsS12LhazeJR:12000000000000000000:OKDOT:CHECKMYTH
15eqdjBM5Ka4ViyMNGr5uLP4WmkqDkWyfnxuGSbsHv2Bz3no:12000000000000000000:OKDOT:CHECKMYTH
1dtY7mSewrhcsyBWykqDgPJnXGT2b8Dqi9xEAR2TnWjAQZs:12000000000000000000:OKDOT:CHECKMYTH
14rCLNxSHU9RQeUb1x3jPVYFVomaT56giPUn3JLhqk9Ai9iy:12000000000000000000:OKDOT:CHECKMYTH
1hU1wg1ppB8UwykBWHxvmhwPxHAbCF9wYcsRmZihjsxNWGX:12000000000000000000:OKDOT:CHECKMYTH
161Jj7QxK3PBRoPr8ERxnYb6bDJ8m4YZfWSiEFsJnvKHfH8t:12000000000000000000:OKDOT:CHECKMYTH
12EtxWQjNDrtwFKT4sr16PpJ3YNAh3tYzmm9oXYiwWHjBddH:12000000000000000000:OKDOT:CHECKMYTH
15Wd7EcJpZY2pZHQoYQt1LTxxCRnAJMCiS1U6QdgiVWEH4ig:12000000000000000000:NEEDED:CHECKMYTH
14mMzMjnpMVmwfMptJErKbrQ8zKCJXyzy7jDPNN5sYyovhJE:12000000000000000000:OKDOT:CHECKMYTH
13Cc6gVeGYdLfvr33YeQg23nKpFyp95QRAVX9GU5jEb6xqxv:12000000000000000000:OKDOT:CHECKMYTH
13SGnpCq7vWxc2ffePGUX5tStY1LXnKCpW7qERMbVg26nCUJ:12000000000000000000:OKDOT:CHECKMYTH
12xcCH2q1DUVudvzQdi4v1Ace4TGgc2cKmfHHAEdxnuhhJqz:12000000000000000000:NEEDED:CHECKMYTH
1kDhE4jxqKWfkPXL9WMsuLczQ2Rej5ag7NgzsfrAxJRXbKy:12000000000000000000:OKDOT:CHECKMYTH
16FrHV5xkGmsQDFxnPJXwzcQ37j9w5aqnKaUhaEFdVMRPKGp:12000000000000000000:OKDOT:CHECKMYTH
15k6ydA1MGZTXoUJTNkGDq43uZw51rGVWNUTbwz5z2wUquSJ:12000000000000000000:OKDOT:CHECKMYTH
1mtge5f9VGi2DwSgciMSQpZewjFsPcbFdVbsRkGJ5EDjVtS:12000000000000000000:OKDOT:CHECKMYTH
12doSKUawP1SwjQ5w5cR5pKhcbTFSU2QvYKYb6ycvXXaKXkC:12000000000000000000:OKDOT:CHECKMYTH
13iLVaqkxMWWszg4t1NoLJuRjEZGYcoMeqZxNHuJV1zzvk1B:12000000000000000000:OKDOT:CHECKMYTH
14o7jTwpaxbWXTeXgHn9a19JZn6WrAgYGLup4LUPk3HxbkXj:12000000000000000000:OKDOT:CHECKMYTH
15ktbQ5wkfQuif1eabkE7bHD5HTANRGNrTufEHzv9ZQgZzVk:12000000000000000000:OKDOT:CHECKMYTH
13dQgqVV9CFmWuZbmp13mkNWETbyxVtyzCKAqbk3E8gDj4f5:12000000000000000000:OKDOT:CHECKMYTH
15XiTa7EustKh9hq1QSXDD9KA8nDFwsgqGniPNKbkjhbewTe:12000000000000000000:OKDOT:CHECKMYTH
12awhcoWbQKBRGEqR6EubigUPkvLNYYuPLkMhSX8dM2yPD17:12000000000000000000:OKDOT:CHECKMYTH
1SwUUSxYRedqQmzgaMEV4h57c3f9vZoVmLHnWZBXx6MSh9y:12000000000000000000:OKDOT:CHECKMYTH
137Lqp3mKydiZ6dWpZo6tCgtXSMkZ2oHzcWC2V33Kpjs1xRm:12000000000000000000:OKDOT:CHECKMYTH
1HB3V2TxsZB9Q1oQbUnCWEmzfn8BdXh5CD9P3EvzLQFEsdi:12000000000000000000:OKDOT:CHECKMYTH
12aD3knY8pRMZX5w9kaRegFPAirHcGaoRjozLvccaCVqhG44:12000000000000000000:OKDOT:CHECKMYTH
1B8WQtxDeHfP2SZA7ZuPbHXxjbCpwygTKNQuTfDdZUPoriC:12000000000000000000:OKDOT:CHECKMYTH
16iheNxyCoq4m99gVkVtk99LZ3fSWvVEmxpXQHQ8wwPkpqro:12000000000000000000:OKDOT:CHECKMYTH
14wXH2QcpftrgoSvw272yazX1EYUkNBnNot44droH4GD5we:12000000000000000000:OKDOT:CHECKMYTH
152tmvzUcBtAa977bCXTqTVAbdNNbzMKjJ9FFYroSKUHYs29:12000000000000000000:OKDOT:CHECKMYTH
16NESWFVEYcmMd4eX2KLu8kmnvrci9L3mfpF9XCpPfcCx3ue:12000000000000000000:OKDOT:CHECKMYTH
13FUK3hzt5G9eUQ4G3Ckh4Cit2c6ePbpyY7bJWGWKuwmVpy:12000000000000000000:OKDOT:CHECKMYTH
15z5Fd6QbSXg1gDATM9s6iBKpA5ewWS45Y8mUpArYwH7WrjD:12000000000000000000:OKDOT:CHECKMYTH
131duMxbQrrT1Xaw5jP3CK7x4s34xrS81y9birPApcgGBWC2:12000000000000000000:OKDOT:CHECKMYTH
15cKoNx4CcaU4p5hFVmPkdJM5dGoTcdQckJPm4NRd7NUiNks:12000000000000000000:OKDOT:CHECKMYTH
12wZ2nPnxxUnDZz1xGJKXGvvVhChBw1VTwz9v2oqL12vJe4D:12000000000000000000:OKDOT:CHECKMYTH
12mV21Gze8FyczjmLCSyv5e9sDfYU3NqQRRDZH36cBoCB7gG:12000000000000000000:OKDOT:CHECKMYTH
12NMz6aPk1KX7BJDv8c2jmSLUF2HcSpKews8rvSJiD3QCJNX:12000000000000000000:OKDOT:CHECKMYTH
13RVKZSmjnf1CuuAi8ViZovyiiCaEsJfcW8E7Y94uXRPgQuB:12000000000000000000:OKDOT:CHECKMYTH
13Q1vwXwoCvvfaWtUeu3B5XU7ncBx3AZ8NjiHUdWgLWZTErS:12000000000000000000:OKDOT:CHECKMYTH
141LZPxgxQxyWgTZoxzYsZoANiUWVKyULQJzeMFKEtX7xnY5:12000000000000000000:OKDOT:CHECKMYTH
126CTa2QK6qQGzaLVvKKhQGptvP55kY8WG9PjWyFVEfutjnG:12000000000000000000:OKDOT:CHECKMYTH
15SKtDEeZ1Qa6HNKyt3xy9AyLHA7Gguj2PP27GLCHw5fqvB4:12000000000000000000:OKDOT:CHECKMYTH
15G2qRWdWoiPuWEB1AVKV5SSvqSkP2PLy5Ez94UTqWSsLNMd:12000000000000000000:OKDOT:CHECKMYTH
12LsLtC1UVG4kQGzg7FJLdG2B3f8oLrhotFEo4EeQqVXJKdk:12000000000000000000:OKDOT:CHECKMYTH
12gEuKX3No5PGFoLvwrcoWKpianT9RBLGK34VVmRma5gfYrs:12000000000000000000:OKDOT:CHECKMYTH
16fB3ZqScVUcqrifgrru56Xvs5Rvh93zLzKhNBjz8iE6bmDD:12000000000000000000:OKDOT:CHECKMYTH
14sG8WkZfGMa1jhPjbfZqak37RHXLzkPVtNP8XHWK7WQGB8g:12000000000000000000:OKDOT:CHECKMYTH
12zU9JiJcgw9QAFx5Sr9mBJmLfRRbej1DoV33qa6aVFJE4mF:12000000000000000000:OKDOT:CHECKMYTH
13JLVKpKysgfhebVZUsQijoQeaVagCzzESX4JAQUnPqpYgRC:12000000000000000000:OKDOT:CHECKMYTH
15JLWGm4pGHHSL6wgnryPVjBNDCkQFSctFuRPp6WsZXUJUoB:12000000000000000000:OKDOT:CHECKMYTH
14Lnt47y1BWRwfiHfw9EhFFVhNrGm2mM3vgFeWR9K1UAgTV8:12000000000000000000:OKDOT:CHECKMYTH
15u11Lkwm1HuZf9pAMg3UdUmHTUeqZ89SR9uP1HiHBiPxunW:12000000000000000000:OKDOT:CHECKMYTH
12xgLhiG8eqQPyt9kyMqS6oDWnezT7hU3vsgKWFqhR3NA3MD:12000000000000000000:OKDOT:CHECKMYTH
1p6apzpcCuQcYMQqp72cBp1CUW9iXEbsHng2r35Wn43aRKp:12000000000000000000:OKDOT:CHECKMYTH
14Pjb1jAxWXwvmE1fhnf17HqypKEv37JbPoECeEMM6kB6A9a:12000000000000000000:OKDOT:CHECKMYTH
13bNxDW2qvhZngK3q4WgQHqvKCMwBwr4oWnHFQAchJDWp9wS:12000000000000000000:OKDOT:CHECKMYTH
12UtPVjZByKhiLP3LyLzgTajX2gUbny9zS36zbyjBTeUpWFT:12000000000000000000:OKDOT:CHECKMYTH
15m1U7CDg6s6aAUSYqjBjEk9cWrT2iGtoKNpYBnSGpH8FarE:12000000000000000000:OKDOT:CHECKMYTH
1UiHZyJqSVrRdB3fGzZqrJyQgL4p22JvebCQhvuogczeVAD:12000000000000000000:OKDOT:CHECKMYTH
15Ew2zayA4RpNkFtzqiTtzgAvN9SpeTZ9CxfayGBW7pzeRXn:12000000000000000000:OKDOT:CHECKMYTH
12nAzpdigW7LhqQuHk7iQ4smymcVcZ2sDYAJFooQrRg3B78v:12000000000000000000:OKDOT:CHECKMYTH
16B4hYmBti4ytDr9Qjo5TvyAm6MfRFksW2AWdvwct4P7zbkX:12000000000000000000:OKDOT:CHECKMYTH
12EKxHXWFQaUfcg6mG265dL6mmhbCTn9nGwxCUioeBuPwY9F:12000000000000000000:OKDOT:CHECKMYTH
14pkhF4ovPGVe7nQdaL1EvMDwA1YMi5NrWY5nWk2aJUsbwxN:12000000000000000000:OKDOT:CHECKMYTH
1aw5hem3BXpZfFctWUJYduEvZv88hMcTuL4uruku4ainHSK:12000000000000000000:OKDOT:CHECKMYTH
14ErYYsDxTHuSdNXgepmoB1d9r1fiAAuvxzw2rzwyU3RRbUG:12000000000000000000:OKDOT:CHECKMYTH
12ePiAiEeKwdRVeqdi38hwuZcsbj1yXqG3JUZuVxXqYngQV3:12000000000000000000:OKDOT:CHECKMYTH
1riY68JyCPYJAbqDufVWAieTd1PxRJEazbGPQR832VW4DxM:12000000000000000000:OKDOT:CHECKMYTH
14Es1bjDuWoZrsnkcA9bZ7j6X7e9hmE5WEjnxQHhS4j6ahao:12000000000000000000:OKDOT:CHECKMYTH
14QJo6s8CbEMWL6yKJy2JUTWrb68U1PVszGipmqEksHQhrPA:12000000000000000000:OKDOT:CHECKMYTH
16iUm9J75UaVsfvwU6fk37xeGGPZfhfFvLgiS8t8hCRDH9D1:12000000000000000000:OKDOT:CHECKMYTH
16U2tjHZzkUW7m8pVETeURyUVSfPVWhwbsfWrMjgbiRFWwt7:12000000000000000000:OKDOT:CHECKMYTH
14iQ7o3rDWuykvKXtRbEe8Hwswq39JqCjXsic4K46bfGv7Xe:12000000000000000000:OKDOT:CHECKMYTH
16jRA4PAJfijZsVTkp6MZrhagkNHyfx16u7g1ZxHcPBg2HzB:12000000000000000000:OKDOT:CHECKMYTH
16mZGWtyKMRbU26MPWRXekj4AE7MMmCM3om8X6yJ1VDju1hD:12000000000000000000:OKDOT:CHECKMYTH
163BTnASH5gQtReb3TbpyCVFb17m5wZphexpM6MrG3MgzWLu:12000000000000000000:OKDOT:CHECKMYTH
12Fd9XJrogYsf7zxxR2ZjVqecop56ypTBR8iwyi41W3XQFpd:12000000000000000000:OKDOT:CHECKMYTH
13PSF3tEv4t5HYj29BsQAMw9DdiVut3a7J9fMdkgUw7ck1Eg:12000000000000000000:OKDOT:CHECKMYTH
156cFw4f8pwh3JuY71u89CDqDAvnYGQWxtrjzmST6i39JD5c:12000000000000000000:OKDOT:CHECKMYTH
13JzR5FauiEN1vXnf33GWNihAB866yk62oi4p4ZWXJQ3Nuxy:12000000000000000000:OKDOT:CHECKMYTH
164PV5xaCKcMM5obUVC4oCxot35Kzsyky3zzS4dZTzqHB8FB:12000000000000000000:OKDOT:CHECKMYTH
13rvxcb2Mgqcv8mDpRqzR6krHREm1ybZQYgRMiqgjoHb2YLF:12000000000000000000:OKDOT:CHECKMYTH
125kQFWjir64YU8U5jRcyyjHRX3VbKBVGvYcQfLSmmEBCHax:12000000000000000000:OKDOT:CHECKMYTH
15ZgeNrUsCSAXNSFzHyuAvP1YLjdeoYKm5MrE3aC9kC1m7aq:12000000000000000000:OKDOT:CHECKMYTH
12BaCLtsSZ4Zsez9icvvKk6TykMm4uUAhS8J4jxMv4J7pP3y:12000000000000000000:OKDOT:CHECKMYTH
14uZUDDh6YJfAQgJsyR7ccYqAd5QrzrwQDd9CYF1ogV5QiYq:12000000000000000000:OKDOT:CHECKMYTH
14oTtJh7nxK9MVRbtGyzSAcJnFfNWaBA27GCGpJdbL3HnGzA:12000000000000000000:OKDOT:CHECKMYTH
16G19ecG8YZrU5roiJmAWd4pMACkcWaVyqjciMpbjUHAQx3z:12000000000000000000:OKDOT:CHECKMYTH
1Ckx3RrX4gu3Aavax3d3oBhpXVyLuEvf5Y9bpaxn2amZ7kJ:12000000000000000000:OKDOT:CHECKMYTH
1cCz5E1bVBsNCXYFXAtDrC9VCXAzQQYDH1bpNguKwzPQVYR:12000000000000000000:OKDOT:CHECKMYTH
16MCwfxjpxm3WZVRDDncLmonHonUTb7QRdWpT4V6qhgwN972:12000000000000000000:OKDOT:CHECKMYTH
1259cVGMU5Nxv6kZkxbgjEZprgSndM7qF6WFM3L2ocqzaCYX:12000000000000000000:OKDOT:CHECKMYTH
12KurycqEPpieCXgMaxRcFakZTnkj9Zvz8MJmY1rVTf5tWBB:12000000000000000000:OKDOT:CHECKMYTH
124L7ZL4a65PQz3UgVC9RX2JvWQdP1Qa7U67Jz3MQhJVopZs:12000000000000000000:OKDOT:CHECKMYTH
14KJEbniPQ598n79bQozvQ4D3uqUFUARbwgQ66bdCLc8SA3w:12000000000000000000:OKDOT:CHECKMYTH
12ZgfNDxemsx2kL9DqNDzSsPWFQLYxwG3eztDsUMeKGCHvET:12000000000000000000:OKDOT:CHECKMYTH
14Uf9Yy8pJKyTXZBt8uywwrremcWDBJFa7Gbeycoy9SNsAJ8:12000000000000000000:OKDOT:CHECKMYTH
14LmyTc3hwZ8ztzHAG7pHDJKrQog9BvtRUbudGu73KtQPb5G:12000000000000000000:OKDOT:CHECKMYTH
13gRasQWVM53nG46hJ1McsnKGwzVUous7iiJvq6meaEWAQEF:12000000000000000000:OKDOT:CHECKMYTH
15qz4ZLeyXp1i4Jbx7AXiUQVCCLWVXu3dLjcTPHY3v9KGAvL:12000000000000000000:OKDOT:CHECKMYTH
1VjP7xifz6Gtjo89RvaKonr1CcyscKcJysJV2tLP88RBZFb:12000000000000000000:OKDOT:CHECKMYTH
15NZU9XHFcSG5sPmvrDb4SCmRZ6wWWnygFpa8awevtaTR1r1:12000000000000000000:OKDOT:CHECKMYTH
19NEX8CJvB59aq9YnbPbNC4TU8CDWwqWuMyMm6FcsZrE2co:12000000000000000000:OKDOT:CHECKMYTH
12HiWXyHhav2zMynPccNhtyJVLHKSoWkg8p353mYad6CWbUv:12000000000000000000:OKDOT:CHECKMYTH
134QY7e2CSo19icDyBBWjBCWEmUCMLNVNGdLrHT1nW297SNY:12000000000000000000:OKDOT:CHECKMYTH
146Uan7P3qBu8J2CZEWHUtR5EAsZ74HerrsSNnicmyJip5mR:12000000000000000000:OKDOT:CHECKMYTH
13xiivYDHRG18uWBBgkkSdAThaC9JJkM73mXFQCRAetyJq92:12000000000000000000:OKDOT:CHECKMYTH
15vtgYfceqMJjJGCm5cHKgzJo3Es4DPGSVfuvGQbbkdzGkGY:12000000000000000000:OKDOT:CHECKMYTH
16BHER92KomGu6Vj55tndsZPWzVJbCPY5uaeXdvbTME8GXsE:12000000000000000000:OKDOT:CHECKMYTH
15ZaisJ8XUX8QvTekoLRSyzCVV28FyaqF74wJXmj5WojpfRh:12000000000000000000:OKDOT:CHECKMYTH
13bE9groyPuukYdkoKDVLtu7N95Pzu7uHAjKh35MmJogPCqw:12000000000000000000:OKDOT:CHECKMYTH
13Z9fXzFq91Jph6zzFg65DFT7dbda9Krtahz8pRe43oEgjPd:12000000000000000000:OKDOT:CHECKMYTH
165Pznzrm3ghJgfRiq8keN2GNWJibnjavzZwVCcQaSP44t44:12000000000000000000:OKDOT:CHECKMYTH
123nSNjCuDiFEnqjCirE7vQVc1UZybrHqmKJS1p7grJLaCCv:12000000000000000000:OKDOT:CHECKMYTH
14sqBU1QHke3MBzSm8dnx6L3E7HusmryikAoKy2WeMRZUYs2:12000000000000000000:OKDOT:CHECKMYTH
14gaxuvdCfKgAXFWnH6QgPypaP57MHkbyDxvesRcS2JoFtsh:12000000000000000000:OKDOT:CHECKMYTH
16SoYXwyfdFQekZFM1MtaiBgeMawn5c5ibXVhjp1ePQ6W7np:12000000000000000000:OKDOT:CHECKMYTH
16YftXf19sELi7ZSrfyhAuEyNE9E7a9dKCx8Qxy4CQJN7e3V:12000000000000000000:OKDOT:CHECKMYTH
14wAxBz3o3GHFLMAZaAVqWgommJaRPXWSerJmausLwJiouLT:12000000000000000000:OKDOT:CHECKMYTH
139ivVVpUFui6Au5exv1yiAv7mBmn75goKbEeD5xH57exEuf:12000000000000000000:OKDOT:CHECKMYTH
14cpA1Y1MPmqKGHqerW65ENcr1yeWh1qUM75cWr5nJpPXzpk:12000000000000000000:OKDOT:CHECKMYTH
16YLKmn4dP8pbNwmZKAKHbLtWdTjduTFBqi75yCDTisFpcvB:12000000000000000000:OKDOT:CHECKMYTH
15E9Pd9nEWF48ChXMcn87J41njuEz6KzkBu8LQV9M9stivS1:12000000000000000000:OKDOT:CHECKMYTH
12kR3pNt1fA9AQPe9AVTXE5LVeXCAiBhHhmsL8DzEqgfrHNu:12000000000000000000:OKDOT:CHECKMYTH
1mS2iW6V9BZCQYFbWAXbmDVQHuMB2SDJQhnRLyrpkXm2HiR:12000000000000000000:OKDOT:CHECKMYTH
1KiyEsAQZypkM6pnhXS7rtZV1jAVKtdZ8tmUaof3LGMF7rG:12000000000000000000:OKDOT:CHECKMYTH
12z9D1q3AAdFhRY9Ddcn4egeja5QfLW3it1DBuSx9tCWSjyb:12000000000000000000:OKDOT:CHECKMYTH
12dGfbQaAk1GfQ3rYTevNJPcA3aEgUcRqiYzEeuKguMVScad:12000000000000000000:OKDOT:CHECKMYTH
12UZHNYBWR4h5niwcNT9NjFSfzQHGTS3Zm4GQzbah2d5RvdQ:12000000000000000000:OKDOT:CHECKMYTH
12Q55pvUdNQ2mAYeJUREAqwmuERMajmpFAi6CvxVDLLRifGr:12000000000000000000:OKDOT:CHECKMYTH
13Kn3J2TfUeanc1UqUjyWf9vcjeJM3n5w9c6vrywz9V5zmcq:12000000000000000000:OKDOT:CHECKMYTH
13EPRxFS26LEKPru4nk23Kt2o3tQGxTUCU77tCk4NyVK2jwd:12000000000000000000:OKDOT:CHECKMYTH
127T52RjCCXfUzpXVEdZxS6QMW8xSqq2zskWvzbLqKSu4BMf:12000000000000000000:OKDOT:CHECKMYTH
13CGZhPsC7hK9647YPPZVMKY4ijH5ssbDmy43aewoc5bVhZn:12000000000000000000:OKDOT:CHECKMYTH
1UJE1RF5kfnhWtSt3qSnAq6D2i6KHMKhVGonmAmmKwHLaNt:12000000000000000000:OKDOT:CHECKMYTH
14veNRovbzihKmDh2AamAgTApoWPzfK7ZUumHF9t4fEQ5Avv:12000000000000000000:OKDOT:CHECKMYTH
1xmPbArAebgN7WDgddB7n1UKXGcQM8zJnWw5WaoqRpcrUTq:12000000000000000000:OKDOT:CHECKMYTH
15X6SRjFC1Tv4qpvpy926YyBnfvfSuDXC94C4YMxWmx8ZdUf:12000000000000000000:OKDOT:CHECKMYTH
1EvpZa771GMjYQcQqwtZZDoheguBGvYGJGRbosBXK5BWQZK:12000000000000000000:OKDOT:CHECKMYTH
1Whn22PKwH9VYKHWKmQiNGCcy9uBjxu2ceTjqgkgBkBFXDq:12000000000000000000:OKDOT:CHECKMYTH
13CYx2N4KFYGqPkgSaRY5UUKkn7q97hfkBb6txNhPAyCHMdp:12000000000000000000:OKDOT:CHECKMYTH
167vMTe7YYgZHKQ8cnT8jdgNmQU48aWbAg1qtwyRre2xgfmH:12000000000000000000:OKDOT:CHECKMYTH
192AyX4ShECmDVCc6aaTLsgWob6t5nxkZAf114f8vwExvzb:12000000000000000000:OKDOT:CHECKMYTH
141resLGNV9vbZBb7iamppwrDr6aZzWgBs6bz1oGP8yB7akF:12000000000000000000:OKDOT:CHECKMYTH
12xT6onQHhxW48PjHDXpWwieSvtB8MwbuSa4c6ZiHhJBWzD5:12000000000000000000:OKDOT:CHECKMYTH
121nrgDGQZPzwVbTtmxQy1kqsozjGa1E7t9W6c2tfDFj1kmr:12000000000000000000:OKDOT:CHECKMYTH
15Z7vFE7iisFgR7ppCv1PvW3UHdNZCg8fGpzZQDtY5T76MU7:12000000000000000000:OKDOT:CHECKMYTH
15XnsUDBcYS6DoMZ9HiGfYExdK67HdP9B4nP4MXCLEvwYPJj:12000000000000000000:OKDOT:CHECKMYTH
1fnMFZRjcr627i5cVZie6WPnX2Y1NnpoHwZuDdfm384nxKG:12000000000000000000:OKDOT:CHECKMYTH
14Qrt2hQothjpFPeZFiq1V9EpfY43b8kdmhG6HEpL55GjCZY:12000000000000000000:OKDOT:CHECKMYTH
12t3vuQ4Ns4rzacDB6US9oRjT9VFRy4vzeYstwimkaFjiDC6:12000000000000000000:OKDOT:CHECKMYTH
13Fy5gcov6XkVhVmL4nQDczXXPL5g6FDTg8zWDubQbzDhHDc:12000000000000000000:OKDOT:CHECKMYTH
12m4viNsZeLy5mhYJeYdutSfDPKGkM6YzoPWkbfZrwh7H2Fj:12000000000000000000:OKDOT:CHECKMYTH
16Zjg4LVfW5AqX1WnZYLtqPYtFepzVm3TnDMrd7nCTNYTEYn:12000000000000000000:OKDOT:CHECKMYTH
1C12mMirJvJDPrE1B9mygxDw5SsWezzaoU8qDL8fGC7Avk4:12000000000000000000:OKDOT:CHECKMYTH
16Atgdox9nP3Ce74Pw6J2NVKu4TWwWAHUUAyaCbjfHtoBLwQ:12000000000000000000:OKDOT:CHECKMYTH
16SmCvwaZHNnhPqhHj3JxTv3Dr2xXoZGWwtg3muRyCEjkh22:12000000000000000000:OKDOT:CHECKMYTH
15AK4rnrkj1FwAz51P53qpJnFA4DatL871UaAm8Vdx6zbU6o:12000000000000000000:OKDOT:CHECKMYTH
13nB1R5qmzF9o43vmy8Bxn1tKrVVKtc1wpyqsM4EotQBLuoz:12000000000000000000:OKDOT:CHECKMYTH
12D3ZyXuzgjRGLvhDQgg6cwnRFhJQdAKuc1Hx418FtWmCmwL:12000000000000000000:OKDOT:CHECKMYTH
14gNzGMcP2vq55QBfPRK4Z6vLcVuhYgHCgAbg9jpT1Kgs4V9:12000000000000000000:OKDOT:CHECKMYTH
15LBMVGLEFtGRx5e3pwqmKjVU1DE3yGsRJw1APqVRzvhcxQz:12000000000000000000:OKDOT:CHECKMYTH
13iDqcHPWrTgvVabe7Wim9Sx9oDwSjWWbtTpVNGrBsSPgTHj:12000000000000000000:OKDOT:CHECKMYTH
1bqLbHycnS9Cq9YaSjyaucaE4nGaykzktQ3YH1rt2LXBDYp:12000000000000000000:OKDOT:CHECKMYTH
14wtvtXiprzAsBgB1qExFaUSPp2DAKsmueKMazwkWKSh8xdU:12000000000000000000:OKDOT:CHECKMYTH
12xdygoU1F5ZmdcJG3mHDqYXfUZzfXBh8a8tVYjaLE5FcuLZ:12000000000000000000:OKDOT:CHECKMYTH
14Co2u6Xya9EVNKJDs44mgMBEo6ZkrwWoimLRQhTQexPbCQ1:12000000000000000000:OKDOT:CHECKMYTH
14xM359o3YdRaoKfC33U1yb418oE2tvTWtuweA2WrbiDctiR:12000000000000000000:OKDOT:CHECKMYTH
12kFs1PFuxovqGYufgQwY6xgjM8CSz1WaE7nr4r61ZDaEGtn:12000000000000000000:OKDOT:CHECKMYTH
15129EGxQG25DUqQ1U2VFvFmFKxs8Ri9dA4aVJU92iRWn4AY:12000000000000000000:OKDOT:CHECKMYTH
15ACN6pRSNxfXo5mgn5NLECfUt2oS4XSRKgiesq2dwHcY7e6:12000000000000000000:OKDOT:CHECKMYTH
12kQ9TsqUiMS1pA6Eh71g969iWS2QXHUvjrhbMrCkQY5rcGA:12000000000000000000:OKDOT:CHECKMYTH
125mQhkabpGQUht1q3aGFadwjRbCqxSe9fKmCc1xDE1hYjaP:12000000000000000000:OKDOT:CHECKMYTH
12cvftPw1xXu742hZgNZznikBr5bnhf3DWM8fi7Kq5K7x5Pf:12000000000000000000:OKDOT:CHECKMYTH
1wBtZuNKekogMZjt8MZ2918sQfw2R8Ktk4CEq6KUvxg26zC:12000000000000000000:OKDOT:CHECKMYTH
16USuJa9NDQbMefXfRzgU6SGz7ptfEnYTYbUra13mTWmLqut:12000000000000000000:OKDOT:CHECKMYTH
1zsaiUXZf4WBeQ69evnv2HK1EPyNoJiua7JUyyUnotjoTbS:12000000000000000000:OKDOT:CHECKMYTH
15ZuAzUgotLZi7T42ETLbNZkFpiSBHjQeBvJVpe9yNpAxrTc:12000000000000000000:OKDOT:CHECKMYTH
1kN16niRnRtzQ9J4ZyVshCx8HoX4DNuRzNuVeb8qzoVEVU1:12000000000000000000:OKDOT:CHECKMYTH
16gPxMeN3D9w2nUqr1KiufXKJybt1wSt5a5HZxDJF7f2ZFpS:12000000000000000000:OKDOT:CHECKMYTH
15aFVqEuXqjg41bWShmre2Fz3ZSB5eYf6dRTB4CLf2rZsWoW:12000000000000000000:OKDOT:CHECKMYTH
14mvbkvcB56ET4ymR3twxU97Nv1nDMqd3zabPFct3o4qFWWL:12000000000000000000:OKDOT:CHECKMYTH
12LTZqQN1tDfkPMbFZZqYvFUqBHABf5oLNTYNYTxdaUy4bMP:12000000000000000000:OKDOT:CHECKMYTH
12DEJdaFQskXyZQuBWf331VCJX7owXGM4sQF3ZUiwE58Lpie:12000000000000000000:OKDOT:CHECKMYTH
14twFYjvg8idWVaEzFm8yQWNVisrqHQBmjPPhrRTrB58Yy6X:12000000000000000000:OKDOT:CHECKMYTH
13xJUYgboeP2VqrGjrw8yc96apCvyB1rzaVPKgS2xE1Fspqv:12000000000000000000:OKDOT:CHECKMYTH
16Y3kbRbGRMsyrhKWpRZUkdKkGGStrF9mhbnmeSdCJjkoJxw:12000000000000000000:OKDOT:CHECKMYTH
15Kiz8FRXBi4Zw3KWMk6Ww3Tqv98A6qUS8Vo6ucndyhLZLgo:12000000000000000000:OKDOT:CHECKMYTH
1gVMsZnbua3PoKaHv2ZSXS6Y3WDX3wGGf4NxzSFcGL44VNi:12000000000000000000:OKDOT:CHECKMYTH
13TPB8KbqnYMgsHrMDSfkvPEfLxrsrLFbsMz1maCSMXPEtUQ:12000000000000000000:OKDOT:CHECKMYTH
16jJ5BHP3TcXfpZd2zTUTWQ2cZRim6usCHWyzWxaRN1cznSS:12000000000000000000:OKDOT:CHECKMYTH
16DV6gesF5vRUSdQt3W2FYEpfExhBbCf4giuu72xKkCVh3qC:12000000000000000000:OKDOT:CHECKMYTH
127NPCwCn41kk2Xoj1qBtrcf4PMWn9SkJLNAXghtsfT35FHs:12000000000000000000:OKDOT:CHECKMYTH
13Q68VdAPz2wKB3H2xi3uV15eongrGeLw7G9j6vQ5WWAKhVo:12000000000000000000:OKDOT:CHECKMYTH
12pE2hMWQuEFkq3T9d5CuZckZfGaFHSnVhHwBYFkUxzVdajr:12000000000000000000:OKDOT:CHECKMYTH
13DHHBWionNugRgnKnb4hdHihsEdCgtcLG6M2sKsVHKJedez:12000000000000000000:OKDOT:CHECKMYTH
12xvyQCquhas2aixTBBrX3R1fUwehFaQSwaZjBzgyhbWGQef:12000000000000000000:OKDOT:CHECKMYTH
12bMMTuVNk1hdBNqKju4xL5m1paXx2JT1i6WMUDR1rzdk4JD:12000000000000000000:OKDOT:CHECKMYTH
12KASb2XzKUqFt51roSPVERCZzaCxmYyTnhJNufzXL1XgXSC:12000000000000000000:OKDOT:CHECKMYTH
16RpzS8oBszKHEY76D4wshcEaA48xkJLEnXmerW6eZh51SgC:12000000000000000000:OKDOT:CHECKMYTH
13aNgF1ULXZWDbKpMzTHc7NbQUVT17eVenCndoLNQjFH7f6A:12000000000000000000:OKDOT:CHECKMYTH
14LGUgomo12DhD6FN1NAW2nKHZwvx2tP2tLkCUgufSFhTWzt:12000000000000000000:OKDOT:CHECKMYTH
16Yxnn7BqAS5emB9G3BsgjaLHFB9gQrJ6E8ECgipzSCYoewG:12000000000000000000:OKDOT:CHECKMYTH
12eFFqcTqvkStq3MwBozT3dSwcf9nd2vHEtc9Vm2B7h5SmrQ:12000000000000000000:OKDOT:CHECKMYTH
15ijJ8jWvGC9qdsqJbs5BAPGEnUBy4d3kPEtd94FwzecwErF:12000000000000000000:OKDOT:CHECKMYTH
166XDbYoMQoZCKqXSoMWUBnE92tAAdSxpv446FbZeuN7AhQ3:12000000000000000000:OKDOT:CHECKMYTH
15FVWFpqYhGXL8ETttULZVNsUVgSArFCE3rdFrqNnVqutYna:12000000000000000000:OKDOT:CHECKMYTH
15wXeDi8CBLvQXteyQUWHcCQpCerCxvFHKVC7TEUUXp5s5Bx:12000000000000000000:OKDOT:CHECKMYTH
16WKQX5mZBVR9KxWTcs6ZPis9RCqWCUzC6H9RZtLxpWxPuex:12000000000000000000:OKDOT:CHECKMYTH
12PjskJqmAZYFw12ATQMq3FiU5KNK69y9RNiR4U8feYubWDJ:12000000000000000000:OKDOT:CHECKMYTH
12ZZV4dVis1D2cYDJMDmXA7SBhfgEZpJHUBVMG6zzUHHgNEK:12000000000000000000:OKDOT:CHECKMYTH
1xmDHcJ5KoDJwxCRuLQZ2gkxgybjJB7xjAdHBC3HpqEK2SD:12000000000000000000:OKDOT:CHECKMYTH
12W7rQBnssf9CvuTLWa3gCYS49vQsbsCtFGVvBzntFX3VQyW:12000000000000000000:OKDOT:CHECKMYTH
1676A1SqqzkSjvTSszjfm4PD5kDjqL7KtGGo2wozScFzWV6i:12000000000000000000:OKDOT:CHECKMYTH
14MEcFw6ZEgor6GrCtHzPxxmKes9sFk83xDrN6jmyknJ3aqZ:12000000000000000000:OKDOT:CHECKMYTH
12xMXCEpX3pYopr2jm4dp4CxZMA2XvmpUtGkt4or5C1boYDR:12000000000000000000:OKDOT:CHECKMYTH
1ZMwLbp72uVrCA6a8sipWC1V7ZTM8eCiNXmRDgfKSgg7JS9:12000000000000000000:OKDOT:CHECKMYTH
13u29pp7QNh5zmkVHymg4TAWmAvP8PzZj5cpc9e6BGZVdWdB:12000000000000000000:OKDOT:CHECKMYTH
1kCgg2yL2GWFNRaj16atB8ptKcAupgkgjdH1qnG9L7gh3AW:12000000000000000000:OKDOT:CHECKMYTH
14zPRbgd1Yt2wSJpBrKKZiDHBvU3kKwGYDypshEdrcVqMUQB:12000000000000000000:OKDOT:CHECKMYTH
13MpBDZNsQhC5AvW5iStRMgWoKYDo29cqqJzG8cUdars32LD:12000000000000000000:OKDOT:CHECKMYTH
16Q41hQ2euSnCBonL7dsDezdN6ciJQN3Ynh5LhTV5A1o5v5X:12000000000000000000:OKDOT:CHECKMYTH
12ty3yXN8f6j6sYEKLPdjDw4JusFxM8wkHq4jXmCCAokui8R:12000000000000000000:OKDOT:CHECKMYTH
13oUC92bXunA2Cqz8g39F3JqFvh7H1EMianQHSA3KME9M3vj:12000000000000000000:OKDOT:CHECKMYTH
139bKuRnvAZDU3E5YmiFAGWfAZW1L2ded4GwALQnGEqZYrHA:12000000000000000000:OKDOT:CHECKMYTH
152MbZb7TinyLvzGLB4pJ8NwXHVtKDZKYEQJDvW2c4hn3V8c:12000000000000000000:OKDOT:CHECKMYTH
1fsy9DrVjqBdcLnFWSPX6KT8tiQ6D7zKR21MBt38hSgwGPG:12000000000000000000:OKDOT:CHECKMYTH
14knbqoThMbpnq5P7Xa3aULq3YZYZAvMKFWPvxUP55cQCqFD:12000000000000000000:OKDOT:CHECKMYTH
12YQRSaegwbztCgTmfHBTqhhwC99GSg7vJpXtda6dXwv78Kk:12000000000000000000:OKDOT:CHECKMYTH
131NJvrsYBuVy7aUWTDbTY1AEbd1zGa3cbEZ5cf9Aq7qfQTV:12000000000000000000:OKDOT:CHECKMYTH
12QyrWwNMBAMb3DGuc9EUNdnuppFheLYvcGsM9nZ3ohkWPYq:12000000000000000000:OKDOT:CHECKMYTH
15dgwSjeqCqUcCbmzx55iFDNaZDkSAUv2g1nRx5cvx9CTS8V:12000000000000000000:OKDOT:CHECKMYTH
1dyzaMiN1KeXevcL71U3uFzsZ8QbNy3DfiiBcRnVDohoyvh:12000000000000000000:OKDOT:CHECKMYTH
14SUccKjQJPiAm1GfR6Vrwvax3A6tQncaj7WzuptXZzx8VDr:12000000000000000000:OKDOT:CHECKMYTH
14NRDjJnPyMBJEFxF6dddG6np1SnmpmBPEzZiDPW9hurcuDV:12000000000000000000:OKDOT:CHECKMYTH
126mFDkNKyAkLQJwXLetLopK2q78fDcK1FEuZMfBRNedm5Yz:12000000000000000000:OKDOT:CHECKMYTH
13NCLd3foNpsv1huPDzvvfyKh37NEEkGFotZnP52CTR98YFJ:236000000000000000000:OKDOT:CHECKMYTH
