15NEMwNK386Rt39vcjVWFz6P565mcCzpqhMmgThoa5cAmWy8:45000000000000000000:OKDOT:CHECKMYTH
15u22u2oDr3HKcYdhmmsrEWVdAmw9hHmGcK9Zh9hnMjzWVdk:45000000000000000000:OKDOT:CHECKMYTH
16Y76Fi8vKWPzM2PhT2LBRY3ogUV1vtsxhFdXogCZFWtFX9D:45000000000000000000:OKDOT:CHECKMYTH
14gKDmbN7Zd1XwnfGRLexFcj8kKMLYvD52UX3QAEzQAQJGQa:45000000000000000000:OKDOT:CHECKMYTH
14yca8gi1UShDcz5Y5dBwaJaLWWuvjGepwGQ5XMNhhRNETdQ:45000000000000000000:OKDOT:CHECKMYTH
16hh5VmVvsssMEFpPau46vcKe1KoPmSuw6L7BEfm1CnSDfq7:45000000000000000000:OKDOT:CHECKMYTH
14dnHdXzpJPGtDE5L8TyJqqkqiRy89sQpBcxgN3MBopPJ2aR:45000000000000000000:OKDOT:CHECKMYTH
15b3Wa7rVM5vW5b56T9KbiTBJGcMpyGhhKsdvBf9UACf8U1c:45000000000000000000:OKDOT:CHECKMYTH
128cNVjwhiezctqTY48TdTqaSSk8TLPiVT2GN9gpsRdriZSj:45000000000000000000:OKDOT:CHECKMYTH
12CKX6Uxydu5FYR58pz7idP7VGRZzV8wiZ3mZDtHpvDpnDm7:45000000000000000000:OKDOT:CHECKMYTH
139JS4BHmv2ozKMDFjibUox4myvDWPnmv4N45vPVQZ2SvWqE:45000000000000000000:OKDOT:CHECKMYTH
15C89PV2fp6ujxP9ocWbf4RBDNK6rRzqiZLKqfbwUF5AY2nd:45000000000000000000:OKDOT:CHECKMYTH
12szPid36HQ7jv3NJfcXumPmxWpQym9UTPjwwCzae3j9pZym:45000000000000000000:OKDOT:CHECKMYTH
16cJpsYShXRaCqtUcNHuHyMpJ2aQSqpSWjNv9BpxHDSX4N5m:45000000000000000000:OKDOT:CHECKMYTH
13VWyY3MtBXHts4o6VLM4mS69oVBBNRSgA7fXRCQzHiESoM7:45000000000000000000:OKDOT:CHECKMYTH
15cT6T8MyP2ZnwQJpUxnc39N4XEPjp9xNnhXb5YS2LKZHke1:45000000000000000000:OKDOT:CHECKMYTH
12zmZVu9MG1DAoUKATszufxhUoYmE7UwYkoePEAFNzaJiito:45000000000000000000:OKDOT:CHECKMYTH
14V7TFtaGs8Snqw3Xsd17cppQo5jeb1fSLuAxz9nMNcqxFA:45000000000000000000:OKDOT:CHECKMYTH
13zpYvqBkwfbMrZf4Y3kRHGDLxh5z4HRRN3ynJMKJMF7FyCs:45000000000000000000:OKDOT:CHECKMYTH
15f61uWF5T9eSYoEEQxyrjrgpa7tmFcPN8bkroo9KM1QrDyo:45000000000000000000:OKDOT:CHECKMYTH
13KkH2u3VGUNdKehSFwDxJ8Si1Mfw17ihahay7wHgGBzVRUC:45000000000000000000:OKDOT:CHECKMYTH
14dpsXxHCWWzqSG1m8MTQkMpy5WFzFVB8tXW1Lez29aK6JPz:45000000000000000000:OKDOT:CHECKMYTH
1stYWjAiz6ovQfZ1ZQCwzEpyPQJoeZzaTBLcLYgfxfuHPXb:45000000000000000000:OKDOT:CHECKMYTH
15f8wvQH7jcb3iShqSz4kgZgUYXKv9XWUYAUcioRSTurjXNE:45000000000000000000:OKDOT:CHECKMYTH
12BPf4ovJ73uu38TyBivkR3P64sor6rLwAPcjXW3sZdioh7S:45000000000000000000:OKDOT:CHECKMYTH
15eQhzvWvPaPYXQwtC3WPwibrjrT3D4Ao7Saui9QMmkLeRwT:45000000000000000000:OKDOT:CHECKMYTH
1ErpGA5ufsVzwy2x7kEADBxvt6MeHQkvSoPpDqwBCvpK1Cp:45000000000000000000:OKDOT:CHECKMYTH
15SnaYZj3s5SSYgUevoTE9HjRRo4QjoqdqFvQXZSg62P1rMF:45000000000000000000:OKDOT:CHECKMYTH
1Q5VpeZMokmU5rkJZZzwDsVPfJ5d6ARLPJUk7DM1n9VudkF:45000000000000000000:OKDOT:CHECKMYTH
14cMABtiF7JAj3ttuPKCKX1JdqJrcQGikExU4gsLWQTdp2TS:45000000000000000000:OKDOT:CHECKMYTH
14YJh2inwEtNRLbkhW4n9kLKrhnbF8RHMB8SGxmgxAj3aZDW:45000000000000000000:OKDOT:CHECKMYTH
15T4usXvmNZQmZCntQGrEnDZmKyoCk7NVQHh1C814usb4goh:45000000000000000000:OKDOT:CHECKMYTH
12eBtErNWqjafhWqrBJtzjxheGbGuvtU98BY2La6Sf9ABJFu:45000000000000000000:OKDOT:CHECKMYTH
12uxaHwiYUyMNG4evKEjyfwbufj8o7FkHfpDSs6nSbZMWgtv:45000000000000000000:OKDOT:CHECKMYTH
15FncEGnmNXGW4YQ5cwHuSrdQJY1QKBip4NGUfkhC6SwCYs8:45000000000000000000:OKDOT:CHECKMYTH
161HbtTiwBHRR2psSjYp7y58WBQ7oDjUpwoxRzC3Avnbu7gC:45000000000000000000:OKDOT:CHECKMYTH
12wi63oKfozS6PDYGZKwcXkBqpirqbv3Vb8MRzd5WEt1Bq6w:45000000000000000000:OKDOT:CHECKMYTH
148P5ckDhKGvtP1RrYWofscXr4ZkMMQDE1Y4Pj2pxXk7Dcpe:45000000000000000000:OKDOT:CHECKMYTH
12NDBNF3GLgYiqSMPHCaNsaH6o1KMPAihHEKRENrYDU5LvmL:45000000000000000000:OKDOT:CHECKMYTH
164rwawnieFYrogZvoMDnWKpobQ2pnyA8NpyzhHwDh5Pef8u:45000000000000000000:OKDOT:CHECKMYTH
12xMd91Na9HNLgA5noTFqhcCCABYLvFRZGkvX74jVk5dDPeq:45000000000000000000:OKDOT:CHECKMYTH
15cw3ziXZoHB18yFhjmn41rbrHw8CXHWVNEGe1E3oYf6tE4w:45000000000000000000:OKDOT:CHECKMYTH
16XrPyuFzqEBimeAEPwRBkbMbcJeEEVJxzmSmko2Qpx7nAYU:45000000000000000000:OKDOT:CHECKMYTH
17UZWM3UuJXbkdvE5VMKuZutZWQuTehZBNgueoYES8eadLM:45000000000000000000:OKDOT:CHECKMYTH
13DqDXtALTNSeqt5XcsdLeBLf93ERBAvVRyXjqvQ1uquxnZp:45000000000000000000:OKDOT:CHECKMYTH
16E31rhLCNiVgjtubUX8rsR9r8C8uniqgmqCovb97jLSxh7j:45000000000000000000:OKDOT:CHECKMYTH
1seTV5MJsL7ku12Hi4Z7VsAZrLL8CqEXa6xsvr55u2ajK9a:45000000000000000000:OKDOT:CHECKMYTH
143knWf1MkWGLv6mK45p4W2ak44fhmbcV8oiyoUudC1LgNrU:45000000000000000000:OKDOT:CHECKMYTH
1f1RqXcYtGYbmNUrHGYzCDXn5faqJg967okUDocNAEaZamv:45000000000000000000:OKDOT:CHECKMYTH
15MGpTXmq22XppsLXhVndjz2Hfeezdyhk2fX8ePfT5HXCH3j:45000000000000000000:OKDOT:CHECKMYTH
15oqusJWaJVMM1VjiTL9qYg2UXudTJ9g5j95QHCZYSusnX8s:45000000000000000000:OKDOT:CHECKMYTH
148QypZBxwXhw5MiNuqFPykCsR7yUBjDjjSqNVFuF6LzvT3g:45000000000000000000:OKDOT:CHECKMYTH
17JLN1gaunxJG1SLD3fjpwnyoqhgKnDpDYPBnUVcAzw2Hqm:45000000000000000000:OKDOT:CHECKMYTH
14sADQ3hYRwJdgwcr8GvxBxTNEQZ5ZyFyY2Pcxzv2LaVLXrL:45000000000000000000:OKDOT:CHECKMYTH
1UhsjqBZjC4Kj3LNsHa6VfzxdJNUwgdgvNZHCQUQkjV9Qwe:45000000000000000000:OKDOT:CHECKMYTH
1Xb7AJCdY7pJDEqzYqahx96WsZy7ZPJeEJnCYS5jicqTyQZ:45000000000000000000:OKDOT:CHECKMYTH
12GdPKohrk8WXxfXCURKgDee6n163GiBneLN5zBjuTPRm5Bw:45000000000000000000:OKDOT:CHECKMYTH
14rbDYWX46wvGXSzEUo4kn8GW75MVccSbTbWtuUmyEifTUYb:45000000000000000000:OKDOT:CHECKMYTH
12L9HtMx35Mfe6h5CdCSGkV9WHz2aR49XBtFMcxFzf2hxibp:45000000000000000000:OKDOT:CHECKMYTH
13bYkT5zWWpYNWa8F5tbv9D82JKDdMPvSdM9JiZ8BFDDHmip:45000000000000000000:OKDOT:CHECKMYTH
12FoEaE3UXuZbp3ubhq2gytinjpeKfNMirzAXHE9JumuDTDr:45000000000000000000:OKDOT:CHECKMYTH
1566zHg5bbdNoX6QP32Rw1JFNmwyNRxyBb1FPfmfxt6w6NdB:45000000000000000000:OKDOT:CHECKMYTH
1HUx3fauycEZghpjDZ71kjAQHEQJsFbHkw4r4FhxXH8EZA9:45000000000000000000:OKDOT:CHECKMYTH
12GFMfbVkumoNN9R9Yw1YbJSJqAxa4xLjioCTym4YSPHehKn:45000000000000000000:OKDOT:CHECKMYTH
12fezVXqK2WweRoCUrwd6XET9gFkPzR5MWxLgg1533Y3odpg:45000000000000000000:OKDOT:CHECKMYTH
136qnYvZCg9tubxaWZcoQ4QLNXdky288vTd5F2maGa1xvSX2:45000000000000000000:OKDOT:CHECKMYTH
12A2qJWVnymmKDK9gkCGirwrPiu6F9vKKurBbBeYLxAiJmx9:45000000000000000000:OKDOT:CHECKMYTH
126d3mXEV7fTMjBx3GK14Rc28ZLp9rG1y8NuX4kEPEMo2YqQ:45000000000000000000:OKDOT:CHECKMYTH
125Uvo31A6DcSqSSmnnCxu36M6LfsUJPkLEGkuCzQBpvL3fw:45000000000000000000:OKDOT:CHECKMYTH
15K1SziA5bQt3jaHcqAFTovYTeRdeJtypLXKL8g1wobxVpuF:45000000000000000000:OKDOT:CHECKMYTH
1hwuULxwDsb4xQdwGi68xRbrkLtu3qeyacvC99nWgwfmfzz:45000000000000000000:OKDOT:CHECKMYTH
12CR8brkCFZoDBK4hjFAtJ7gXoWuv4cUT5Eo92mr9dnukuFg:45000000000000000000:OKDOT:CHECKMYTH
1469XXt45qt1tJeyv25teXpbNJPhZ6WJpfrWcDEhxaijuQ4S:45000000000000000000:OKDOT:CHECKMYTH
15deGxmSjmoNnDBo8Gn68CHrLWYho1VRxxmTETXJJWUavR6F:45000000000000000000:OKDOT:CHECKMYTH
14bWn1jik4HTViTJkM5edkuiDopBLKfugNzsjFN7iTNb8TYP:45000000000000000000:OKDOT:CHECKMYTH
1q4qUAEQb7fE7HUbvJrnLZ2bktDuLb2xGD83CsyPRtRYFMV:45000000000000000000:OKDOT:CHECKMYTH
13z8TcfG9CcRQqtdsV2g9QyTUNdNwoeTt7EZEQrskZgkZJQa:45000000000000000000:OKDOT:CHECKMYTH
147iWmR6gTrHtEG77XjFF91EBpmHeHrkZKM3GdpbV95bU57R:45000000000000000000:OKDOT:CHECKMYTH
14kcoTc1kmG2Gg5NGCUGrS3F7zZii1p6WHP6KxpUaLrAdSH2:45000000000000000000:OKDOT:CHECKMYTH
148ujHDCxk4UzJU8ABAyberJcN7Yqw4TvE1rMfQFcncL8vMX:45000000000000000000:OKDOT:CHECKMYTH
147oSZgAUekMhGXQURGKdE94pAtMCxAt5WLNqG7fWU1L37fs:45000000000000000000:OKDOT:CHECKMYTH
13VFFeDVHMueMoNcKCwfa3v4GJBx4ThY7A4SbzqaHMEn6P2J:45000000000000000000:OKDOT:CHECKMYTH
15cpf6UDy42mcsTCEbXBsn2tuYY5u1YE7ZCkH4U6qc8jkc23:45000000000000000000:OKDOT:CHECKMYTH
14FUYQSSkwhQsQQdy9FcF3EgNYryYFXsVwGrFGN9ghWLNQx8:45000000000000000000:OKDOT:CHECKMYTH
14AaZ42cqZzt4tWZULnQcdjg7gcQWpRHViPZhP5cTFyEG89G:45000000000000000000:OKDOT:CHECKMYTH
1TXyaKZsz2tgQZFVccHRsM8TfX7CD8eE7hMP4D4pwXKUCtu:45000000000000000000:OKDOT:CHECKMYTH
1682n1pL7TjPQyWMgfjTxjV15uTYUKUtBmNvKvdR6Q8pJohS:45000000000000000000:OKDOT:CHECKMYTH
12rwRWo8m1qyEpRR8f3rfkA68yos4r2xvLBLdrngamaccujY:45000000000000000000:OKDOT:CHECKMYTH
14b58jBfESXyWM8FfQnNABKJUr4wG3osTow3dYgd4FvMhoYB:45000000000000000000:OKDOT:CHECKMYTH
152Kw8ePVPTSXuW4AA2MkE2APi82grVNXWemeWNKKN2kXYLL:45000000000000000000:OKDOT:CHECKMYTH
1B6qdjqEH6tSNSacU2KEgwobCXqWcBNC36jdrNFDorYgKqi:45000000000000000000:OKDOT:CHECKMYTH
16XDcCndEa53CaBYvEvkU2FJ87A7mLLpSXHaeEWmFZMHHso4:45000000000000000000:OKDOT:CHECKMYTH
14Up7ddp1FT51EBVTR5sxXhdsRG1LbvrcKG5NU66rtNKCnJE:45000000000000000000:OKDOT:CHECKMYTH
1J13CTAABiYMz4R8q5whz3at3npD2yEDwdod31q59tCd415:45000000000000000000:OKDOT:CHECKMYTH
12WH3FsgEw4Z7fHbSYUP9gYGeVumjCiki1arVfLuvx5FBNGG:45000000000000000000:OKDOT:CHECKMYTH
15Xyz4ja4ARQ3uaZa1NmGDH8SAervtoVkyTsiLuFjCcJRMXd:45000000000000000000:OKDOT:CHECKMYTH
15B6pn5mXVLdRss3ZugvEnNvoivdwjRNLo11G7yScK8bmahM:45000000000000000000:OKDOT:CHECKMYTH
16CdmTYAobWiavt1guTW6iNAz6MkEYxhTLEUYTJUReb3AEsX:45000000000000000000:OKDOT:CHECKMYTH
14aJH1PxrLtF3Jg9zF5trX6dNik3h3xLKoX1UgZUR7EswNES:45000000000000000000:OKDOT:CHECKMYTH
15yEmbpShZxgmGSwpHS89PaUL8grEkWhmeThMMj9RyNQDtvg:45000000000000000000:OKDOT:CHECKMYTH
15CjnCXfvh3ubujKbHMHFTrHqFhLJpsuq9ZXUgKdfu2SQcES:45000000000000000000:OKDOT:CHECKMYTH
16Jybo8ZuqQ6fF1Ta1ff1UzU59ZCi9To7H1Ea2NzWng6hxY6:45000000000000000000:OKDOT:CHECKMYTH
12YoZeviDNhfZEtTvgZt4YjCSSMLKTt7Lw8CdNnpWJ4MK3cz:45000000000000000000:OKDOT:CHECKMYTH
1YREfHqdJL4vtjeN8fMQ4XYK4P7VLV3jJapK6XYXcg1XjcD:45000000000000000000:OKDOT:CHECKMYTH
15Jzmts2mbbXKkMhEf5kSmLFkY6jXBcT1m4gF88Ye3qSW3Si:45000000000000000000:OKDOT:CHECKMYTH
1kCCgTjo8aFT7XEMDhzzfohy3k9HtAVA3arVLmUXnyfMaPh:45000000000000000000:OKDOT:CHECKMYTH
16bYqT1wUNZwSTiMtYCJcBWGNg57QTGXjXDWNBPepZkYc1e1:45000000000000000000:OKDOT:CHECKMYTH
13N4ECJMskMyTqJ83TXF2uPxNfPZEtQe15iKhwdnjiLEWLH2:45000000000000000000:OKDOT:CHECKMYTH
15MVLjNB8Mt7LskSSBzxxGysGqp86HhhoCG7pSUP6y7DpmPc:45000000000000000000:OKDOT:CHECKMYTH
15kKiBn5aBxCPJ3RrpzwRo2sXrDjCkJAvjyZieHMeKGFXaz4:45000000000000000000:OKDOT:CHECKMYTH
12zcrqQK3DWyXV8PQNH9uaKb3RixD2RHh8riaP2BF6kmtNdL:45000000000000000000:OKDOT:CHECKMYTH
131N7aJKKUc4hMxqQDWxUijkaLxiN9cP2gf61NCiy8fVYaaf:45000000000000000000:OKDOT:CHECKMYTH
13TjxspcL5R5HvEsBVxuK2CAnKQyEjPkpJcVnxCHRyKKBBPF:45000000000000000000:OKDOT:CHECKMYTH
162AbUWn7KeAQuX73uQAe3DQTBdxb5r59Zz5sqDpghL17jxS:45000000000000000000:OKDOT:CHECKMYTH
15KLVBKcAoeTGbc5q3ZFucERBEns7Zjy7qwyemStsm3ooCuK:45000000000000000000:OKDOT:CHECKMYTH
165MqPN55JnbqHNXUgJEgZ6C5EsMWtJDTQDe7HSBHbBEG94c:45000000000000000000:OKDOT:CHECKMYTH
13thzGodgMPs2LYbyD1JioyG89G6ZcYJgyEZPF8FwsDQwa3N:45000000000000000000:OKDOT:CHECKMYTH
1Qm8NGNT5h58UmqtCka8Bok2wH4X85QJyK9rNQ8PjmkFkiq:45000000000000000000:OKDOT:CHECKMYTH
13s4DeXFgxNfowLpvXsXsfqZfP6q4JwS9jSiqfD1e9LJWHHZ:45000000000000000000:OKDOT:CHECKMYTH
14KtpttGGhpk7m6VXd4DyJ9KSVWWqoX8NDkt8rzXjuZpsGgB:45000000000000000000:OKDOT:CHECKMYTH
133ambGxQXRbaGwmZYqrA7yaqeeitcBYr3otrKgxPyFCAQ8J:45000000000000000000:OKDOT:CHECKMYTH
15XTdQxpY86jKrKpudfxi1mcQ5ZzKnhsTVPSj7gxv2Hv7jk6:45000000000000000000:OKDOT:CHECKMYTH
16D2GuW8K8hezCnzuEoNN2pT47i8BLUnKCf8mJmeCpvyruSL:45000000000000000000:OKDOT:CHECKMYTH
14MzaYRzDp89GyrB8DJpvNjPrZLC8B61yk9b6pvhCDLRNcXh:45000000000000000000:OKDOT:CHECKMYTH
12KqfPAyTY1hPhVHBgw2wwBZ8h8dfELikjXGQQDJQ3yEwsJ8:45000000000000000000:OKDOT:CHECKMYTH
12geHBAARY93AAzorE5K8SaTYhjrzdf822P8XQ6SrtASs2b5:45000000000000000000:OKDOT:CHECKMYTH
14mspcMyNux1fJpJQ28K5ZSBaHzwmgrDgYXyFXprwFLGzRF8:45000000000000000000:OKDOT:CHECKMYTH
12PBUvDYSzsf8Lo9GcyeCLufELYAmrob5PvgGzwDrz78UP3A:45000000000000000000:OKDOT:CHECKMYTH
12KiGTpnpTnKBdczrEw33zEBqZw63uAqoN2PYbQG5rXzjVXq:45000000000000000000:OKDOT:CHECKMYTH
14r9P1N2E6bTdg8TNCXN6xBp7zbH1wrxMaHfUwDwGN2WdXLe:45000000000000000000:OKDOT:CHECKMYTH
15DTVhPEmbSjraHsL7aHMu8d5NkFWmzbJtzL59MTNQCUUK74:45000000000000000000:OKDOT:CHECKMYTH
136dnKQrjZpUUU6qxHkw3V32t3P1PniPkonCZ2E35Ffysqjx:45000000000000000000:OKDOT:CHECKMYTH
12H9QuLTbdCtc2jXUqBeJsRTuJoS4kQUyhVBgbgxwgwSkhcU:45000000000000000000:OKDOT:CHECKMYTH
13CmWmH7tjjqq6t8Sqy3iBTyFK7cprJdRBWG8Bi4QeAnpbkY:45000000000000000000:OKDOT:CHECKMYTH
13RB7GUcveqMn5dutBustbH72RPLxFVUaoCjDuo29EvEG2TP:45000000000000000000:OKDOT:CHECKMYTH
12qAJr5uNa1KRTFmfj6HU5aAW2eyNofFPdN5dLTkzpSAGyAy:45000000000000000000:OKDOT:CHECKMYTH
1t8Ng9w5CcX96Nufjm2aZytUhtG7Vm5uheAyDW8XxAvabrt:45000000000000000000:OKDOT:CHECKMYTH
1KBB46BtoRrjGSCdmdLRiAscttttMVVBtd9PdHH9mBJeGVw:45000000000000000000:OKDOT:CHECKMYTH
1ULiwdJ77DERuSUdivhUhAuo4LeLUQkY9YUcZwDauUgfY2z:45000000000000000000:OKDOT:CHECKMYTH
1484ihMauyKadL9ePwk2BbhAijCNjcqYgSNEAeBvoYijtqer:45000000000000000000:OKDOT:CHECKMYTH
1vUBMmhyZWV3pK9eiEw9gY9rsQe1R39rZB2vn4rLzG5hMLo:45000000000000000000:OKDOT:CHECKMYTH
15aY64cei1yUCwmof9aUcXiXs4VwpjoZaSzPjahbodubwtQG:45000000000000000000:OKDOT:CHECKMYTH
14faX7wovs7bcpubMc86oV3Y4TUAxWqZy3pesXowfDALAtDL:45000000000000000000:OKDOT:CHECKMYTH
15PMrkHkeVEd4XzYPGTDFPdSvfRHTsubFAFWyPjv4kwiw8Bu:45000000000000000000:OKDOT:CHECKMYTH
1zyzVjvWKcsJq6oK3r6a3XHYWXygV3m4aev8RmAX8bHKWE2:45000000000000000000:OKDOT:CHECKMYTH
15wxmRxgXFWAVDwnRHYpaKeh2fNQNea2qkHXzL6CXrJmd8u6:45000000000000000000:OKDOT:CHECKMYTH
169b3nB1o2T8T4kUhmqbzvg7XZFAQMHS6xZzsMbG968Ny5uP:45000000000000000000:OKDOT:CHECKMYTH
15xxDDQuGJqeZ4RagcGdW2Be3z7JsHiYkCMdhKbZj9u8osNT:45000000000000000000:OKDOT:CHECKMYTH
13N7z76PPvwWrJYNvBZ2UEG7HP6W78HzcAmMt26gu4NtyoM2:45000000000000000000:OKDOT:CHECKMYTH
15YNNf7Qf8tzsDfRWRpcM3B8BAuHbSV7WzUEBcpd3Tiw1bEp:45000000000000000000:OKDOT:CHECKMYTH
13xZyESTJmSD5n4wCr4jbXxThNPsSxDbc3ShRQCd4yD6Uihc:45000000000000000000:OKDOT:CHECKMYTH
15GZpTzeiQD3XAsh48HstVuZDJtcMcWoYooTSic8qdmJPPJf:45000000000000000000:OKDOT:CHECKMYTH
13WebrFhBbAy8cxuFUZVguwrDp9rjiX5CsAUsTjPLFsj6ykk:45000000000000000000:OKDOT:CHECKMYTH
14XYtdtuSq1AGuXbGbJvq3LvLDELhhNxGikDszHuYQatGbZz:45000000000000000000:OKDOT:CHECKMYTH
122HDjjNnmo1k4VFJH93yDH4NpNKPXKrKCJHuG7uGePd6PM1:45000000000000000000:OKDOT:CHECKMYTH
15GN8qDjmjzbyoka7wrJSVGBg5ayoNmsHaDhF4Qk7C7X4Z67:45000000000000000000:OKDOT:CHECKMYTH
13V3KhjzpgMzZvdq7gdekrjPdWVLSag3QCG3Q8jF6ZihxgPm:45000000000000000000:OKDOT:CHECKMYTH
15FimVCdw1qs8ZRrWkZGpqwMZvzPNKhK3RAnPaPSaZnVCafW:45000000000000000000:OKDOT:CHECKMYTH
12uoQse937VXq1KYTUhm3ftaQooVVrFicZCAVyrC3cWktboB:45000000000000000000:OKDOT:CHECKMYTH
165HoKYPQ6hT2xd33qF3KYvcGN9Z7U69KvFBadNfWw3HU53g:45000000000000000000:OKDOT:CHECKMYTH
13uV5Q5SrYsfpRNAy1rrMD1BRKA3G9cgQ4hfQdnCUAE7rmDi:45000000000000000000:OKDOT:CHECKMYTH
1m3RKLY7aV8q535Gi6F5m8cm3F5ADoceyc9gtRwgSoUkQyC:45000000000000000000:OKDOT:CHECKMYTH
15vu9udxZcs6UizXAmsEisN9hycDCop3ygWD6gQBKWDXZCA3:45000000000000000000:OKDOT:CHECKMYTH
1s7tTRcdMcY4mWwvu9czBQLXUcfPx8mf7ayS5SMPGx7RojP:45000000000000000000:OKDOT:CHECKMYTH
1CG3d24z4SvrGf9eFSHsE3hu3StMVLNv6sdGajQ4p8cQpMU:45000000000000000000:OKDOT:CHECKMYTH
152LFZCmN2ChhnYnecpD5b62nXCWBitJVwWbQ6MgsA96kiDd:45000000000000000000:OKDOT:CHECKMYTH
12E5GZ72D4VipGFWBCmmLHZiWkhHXKLC57MMriAjMfeeWJAw:45000000000000000000:OKDOT:CHECKMYTH
14UtRFovUYgtACHZKLJaf19nEQEA9eJNN8veEnXePWFb6Wwa:45000000000000000000:OKDOT:CHECKMYTH
138wxeLcaTzKqaM91oTaZnEifztnWGZ53iZKQqBzGZJRHqXx:45000000000000000000:OKDOT:CHECKMYTH
14JBevzwEzc4dzDBL3BRppGwXc3h2ayj9q4f3C4xG1mqV3dM:45000000000000000000:OKDOT:CHECKMYTH
15PKfXHgPvJMuC6hgSAgpHfpkzxUSCT64jTJGjc7a8kD1QDM:45000000000000000000:OKDOT:CHECKMYTH
14gKg3t7CAJHh9G2XqS3rjJpyS72cE4Ri9DQoxVHfUKq8WCQ:45000000000000000000:OKDOT:CHECKMYTH
11qRWmjxaLnyCi1SnBxtXriYuT9qCkhwvvEXYm4rGLqdYRm:45000000000000000000:OKDOT:CHECKMYTH
14c18pfuMeMEzLSQebJaqT1TXFH8of79f63DSMT5YxBDEUa3:45000000000000000000:OKDOT:CHECKMYTH
1561gkpwgn6oJ17KtAGJNeVXKSnfA5iyvRGQkZ6ccJomPmk4:45000000000000000000:OKDOT:CHECKMYTH
14j88QovCRXpjum63r4jkMDthU557MMDRna56LS8nVFPx2iZ:45000000000000000000:OKDOT:CHECKMYTH
13GfbMvPSJPtwSgDjAvXx79hWJmA2mMzSCep8Gno8vdhwvU2:45000000000000000000:OKDOT:CHECKMYTH
146aLFtSKGt9tUh55RYQPrMyJBNqzfcSyyc1wKuic49fheGv:45000000000000000000:OKDOT:CHECKMYTH
12gZkUn6AuEvAcKJuaHH3hDLRdknDZPksLvQHkkhwNWfUQuT:45000000000000000000:OKDOT:CHECKMYTH
143Wy5jqnUaDL26ju59stYfCCr6SDQgWB2huh6qjCSnqshgP:45000000000000000000:OKDOT:CHECKMYTH
129fkXhQPqE8mYg7xbiYUvpo53qBAXDD76oBGw4UCGGzMabT:45000000000000000000:OKDOT:CHECKMYTH
13XKFKTourtYWCKR8NKyR8vumq4ag5rQs82qmUFLQmY2aGhk:45000000000000000000:OKDOT:CHECKMYTH
12hAb6NbZ9J7tXpRVyQELeXn17g9whKyDKRyoQKuYZJv5xyb:45000000000000000000:OKDOT:CHECKMYTH
13sdDKt2FetvbSH1oFF79zAPvwpe4EtFydLxPrwEXUxF8znc:45000000000000000000:OKDOT:CHECKMYTH
15G3TW4r9JBMTcsvApkLe7x76U5oAgqUTPig36PaEFMJyFcD:45000000000000000000:OKDOT:CHECKMYTH
13oV17FMdq831zLQannd84MYFRWGJLRtdUrxcc4XSHy3rf1C:45000000000000000000:OKDOT:CHECKMYTH
14XMRnJqKsgVETveBjMETYFUoPae2318x9FcYFgDcKXa6Y2U:45000000000000000000:OKDOT:CHECKMYTH
13KPaY6MGwGge6u3JUs5CZTwYDbqjgh5UWVwFGwXqxFMm5Lv:45000000000000000000:OKDOT:CHECKMYTH
129ahJHYiaWCbRxbLqKB4z5t82tFzNGXeXQU3EWUYXfE62ri:45000000000000000000:OKDOT:CHECKMYTH
13J1y74J86KNwBVem7us4AYjCWv2yaoN2a64QxoFMH3kPJGr:45000000000000000000:OKDOT:CHECKMYTH
14ShHQvuACEEP6LBV49VfLjuhq1uroWEMTFG8gvKBE789pzR:45000000000000000000:OKDOT:CHECKMYTH
13G6czpBZAkD6zEVWoKgPtsRVDLBbn69XZhz7hWQckM948cd:45000000000000000000:OKDOT:CHECKMYTH
13b95c1XT8RKksPsj34DtfgwcvjhdCf8zBzYrXsuoQSLNNt:45000000000000000000:OKDOT:CHECKMYTH
13FkHAFJRu4G5FyBzeJypoHv85PnZXKphWUd3kaDyzJss2kM:45000000000000000000:OKDOT:CHECKMYTH
12LZqNymr7T6VvRf2aRNx8XPue1LWub6MZremvteLjQR18dh:45000000000000000000:OKDOT:CHECKMYTH
135vNwALbfEwC1k9qhSsVk4b4t4PAXrsFhh3aVPamKvpZV3M:45000000000000000000:OKDOT:CHECKMYTH
17YsaLChTPBK7MKFvkX28uooA8Xa4w8kFhzFZJRzypXxpMU:45000000000000000000:OKDOT:CHECKMYTH
12n1YnsHQGH5KceASGcNtwtMfFnerdQsdtfsXGj6XunFUnBj:45000000000000000000:OKDOT:CHECKMYTH
14niDZdxuCmvq3tn8Av4za4yeWd2DzmRRTuiQwXCTLMJo1Kd:45000000000000000000:OKDOT:CHECKMYTH
12iybpFqjqGvDfaJFLvVEz13ULMDkh63aMB8dFABaW2Rhx6X:45000000000000000000:OKDOT:CHECKMYTH
16KnsxNT1uhMRNLTWGLGKJchh7hnxaSHmBopSjZwvRb3kFST:45000000000000000000:OKDOT:CHECKMYTH
12AiQJRQxGT1njuz3KB1rfj5dYV3T16kGzypMra9yWEGptVy:45000000000000000000:OKDOT:CHECKMYTH
14mGWZW9U2oqF9yrQ9Lz9BbuLa68rvjNWJyyLmiEKQW1Z9rp:45000000000000000000:OKDOT:CHECKMYTH
12CZScTFYHHNpZKVuYKXbRjXUF3mYkNM6UqZhjfuQF88Bh7v:45000000000000000000:OKDOT:CHECKMYTH
14gfAvot4QH9cALZ1qc5v4PW3RAS2em7porPVBsVb7qk9Hg1:45000000000000000000:OKDOT:CHECKMYTH
14HifreM7pTMawrRg4aKJpaiQNZF3XwVynDQGjr75tqVb7xg:45000000000000000000:OKDOT:CHECKMYTH
14DRejwD13EspY4eLrE4EqkUzeiPkpmavV4WbmtLQRdsDfxt:45000000000000000000:OKDOT:CHECKMYTH
12xqwxzCyczQJaTwb5VUDx7wr27oS1uymyjSrzTa1veFYQvF:45000000000000000000:OKDOT:CHECKMYTH
153DmXHtNHFUcURXAgCdS7nQt1qYhuJ9uTtpjoeU6zTixGVh:45000000000000000000:OKDOT:CHECKMYTH
139RBcU34BnAnHyQgeyyoKK6yTnyDnzKm79L44cnMH4rH9py:45000000000000000000:OKDOT:CHECKMYTH
13ZgjRL65viwCWGq5RMPpXrGFbrrvinUJg4vEE19mMbngjV9:45000000000000000000:OKDOT:CHECKMYTH
13K1Vg22qT6imn83CGfiAwkgwbsLBEZzrBxKGmGFaa31rjdm:45000000000000000000:OKDOT:CHECKMYTH
16LQz4TkGo4zAeKmAoxMzC4God58FGuAKD3FFnqRKwH86HFL:45000000000000000000:OKDOT:CHECKMYTH
13oX9TLZpnopTDRsp4Se7NTVSkJ3Vc6ySbv1zMJaz2BvYUc:45000000000000000000:OKDOT:CHECKMYTH
12r9dbRqGyS1RGQEB5Sn9REXKMaRQnufjtNLnd8ivQaekYp7:45000000000000000000:OKDOT:CHECKMYTH
1pCiFwTq89fpyPqrnAQ3jB27Y4XXM8frHsuhfSgAD63p9J4:45000000000000000000:OKDOT:CHECKMYTH
14JafYAAnUZodb5cTNwmqLxPDXWkp3pqtd9gR9uHfbCc4G2G:45000000000000000000:OKDOT:CHECKMYTH
12eePs9zRyxqy8SbmwU6ewrwbqGuLG5q6BAvp9zVhSNNcyw7:45000000000000000000:OKDOT:CHECKMYTH
13vbaBMLX8wE5W5dVvtwzG5SBFsJxmX4PpKJj4GTBnAvjFSG:45000000000000000000:OKDOT:CHECKMYTH
14NnAJxVciaT2U3hSmHYdDDdhUbrHkph9HaveQjJQd6qQtk5:45000000000000000000:OKDOT:CHECKMYTH
15tDZGEj2Ki8i2ptwJneu6AjYBPzLnHdCEvNh4BUJpLBY3UM:45000000000000000000:OKDOT:CHECKMYTH
14m259M5VYNXSJ3hEhJMXzLnSVYa8moH2rXBxDDyQBcxzRHX:45000000000000000000:OKDOT:CHECKMYTH
13TQuzBdJNX8M2BEMssgdZmBvmGQQgFdi97NQpTYasvLZMtV:45000000000000000000:OKDOT:CHECKMYTH
16kNRutX8rhpC8F6WPhBcnj1UmzZPfrXi23ysKHrqAYnFPJm:45000000000000000000:OKDOT:CHECKMYTH
134hzPaiz9St3Kke6UBVC98gGQrC7j4Ty2BCaxEqtaiF3j1C:45000000000000000000:OKDOT:CHECKMYTH
15rND3qmPvqJpVT2ARmdgEyk9RhhFvVtsdEW2ofbDnKUKYa5:45000000000000000000:OKDOT:CHECKMYTH
137RX2QWV6Q3idK75ENc9SsEcqA98pDVmuTV33SFe4L4yD6z:45000000000000000000:OKDOT:CHECKMYTH
13pSHw1ythQxAK52aeneEZn34HDw8FpmrgokJQpDjCGyesrF:45000000000000000000:OKDOT:CHECKMYTH
165T3QGagqSB1Aw5aX4Ln41BUeiQi3dvLxYSKBLXcFrXUeZx:45000000000000000000:OKDOT:CHECKMYTH
14zwZeNK736dfD2d3W1hyvbVt8VfXyQAYYA5UAekX6zFFNek:45000000000000000000:OKDOT:CHECKMYTH
12vaEvdMaDqU3LQv4TCpw7s2RyLZDaXyzaNHHG4BnmBb4pXE:45000000000000000000:OKDOT:CHECKMYTH
13KrbA2q3Boo3SSsDjGN1hsPcU3SHkFS417v6sZ6F12edRpa:45000000000000000000:OKDOT:CHECKMYTH
12morgr3J8SgHRbzzxk26SM1YkQD27JK6H6tzUXcT1zQnjXu:45000000000000000000:OKDOT:CHECKMYTH
15YKzYdVxaTLvsBjsisrx6PQvg4Q3w3xHeYjNLkRizM18Ctv:45000000000000000000:OKDOT:CHECKMYTH
122piSv2goADZXscZjszEY2FL3J2WpEpBivxopZfHmaNX5qi:45000000000000000000:OKDOT:CHECKMYTH
12bhi4T6uZy2L663TRLJEy52fjDcyvKfXPHaMist2Q71HUXW:45000000000000000000:OKDOT:CHECKMYTH
153SURHbsRULNiYnobEsGNT1eTfUYDh1seutJJCt32aku5MR:45000000000000000000:OKDOT:CHECKMYTH
12CHVMNqAZXsVG1qKKhsAgGnPcGKJF2cyxueQV28dpG1mmLB:45000000000000000000:OKDOT:CHECKMYTH
1xbyFVKRxj3hBA2TEpTmfGLaHMxhqseBCeZnpTVuQYnu7SG:45000000000000000000:OKDOT:CHECKMYTH
12pE8mpFfi4DYNUceNYbctejNxtAWPPE4mQCsduYTjzMbwEL:45000000000000000000:OKDOT:CHECKMYTH
155WRgq8GDqmYiotMTQaLiKM6o9SSiqwDNeBAiFs7vmLXNdC:45000000000000000000:OKDOT:CHECKMYTH
12ExGziadkwd77NBF59w9rbWM6nrU24fZ4oM8pMtrPBgnpf2:45000000000000000000:OKDOT:CHECKMYTH
1QdfTfQ5q5bv6UkzYLi3JJTdNaKdrW55h5nTmeS5CKdRV1g:45000000000000000000:OKDOT:CHECKMYTH
12NpZ46tumHpvH34oYe2GexS389yZGcCKpX5coPgfcfUoYaj:45000000000000000000:OKDOT:CHECKMYTH
15GDiJPGX7XJ84sMYzbVzzkCdHh5YZo5mMAdJzWjGT29DV88:45000000000000000000:OKDOT:CHECKMYTH
12H6LC6HX2LqJ8qGsihKhBjg6dV3bG4qAQrWZVPfVgWFmEdk:45000000000000000000:OKDOT:CHECKMYTH
1erqdDsv3F93vj7cdu3b2DkTGzvQ2Gk18C6E1KH3rZSf4nZ:45000000000000000000:OKDOT:CHECKMYTH
12f4AMJphuM5fzfq2FfGU2BAAmW6NEuYDCHRA6zXC6JRUxv2:45000000000000000000:OKDOT:CHECKMYTH
158RYZYYJDsNRY6KBrh2mYAxygEc9ZoAVn8NnnotkWiygU3f:45000000000000000000:OKDOT:CHECKMYTH
12q85yRir9KMUpmyUPrTrtKNWegjwsXVj9wiq1MnjeEqTEkX:45000000000000000000:OKDOT:CHECKMYTH
1CNvgGzQ8dPVAvg6fsEh14vw3Hx74axRrnbagpTkhHB61Tj:45000000000000000000:OKDOT:CHECKMYTH
12bQ7zPooy3A98ir676EKjJGjsTdMUJNAc2FVsQrhEWWYFdt:45000000000000000000:OKDOT:CHECKMYTH
15teEjKWq35yASpyfg78S8oxfZjBzoroGDtRvbigK2aLrVuB:45000000000000000000:OKDOT:CHECKMYTH
16SqUG9NuNqyaVUaPdjQ8TJBa8LAFkjLdm1UPHfWDXtFkCcA:45000000000000000000:OKDOT:CHECKMYTH
16VWcQiTAd33Cmsb9c8tA7v7C4XLSE755WFfq9K8bPDd9MGf:45000000000000000000:OKDOT:CHECKMYTH
14XqqkSWzLTu6cvFsXTLnZQLr7qzB1bXnMhPzYz84FhReLob:45000000000000000000:OKDOT:CHECKMYTH
15D6fECoqHP1FMHbqB5CtXbgjpmSHVUxfRsTppQ8GeE6kTy9:45000000000000000000:OKDOT:CHECKMYTH
12UpsB4BF2soGyTijJ539dYBVnufHbePDHb2sEwJLqjgPAxi:45000000000000000000:OKDOT:CHECKMYTH
16LJopt1qzeK6ga5akRHyKBvPkFZ2aSxMSBYEyugB8w3DR7v:45000000000000000000:OKDOT:CHECKMYTH
14dVKfM3u4ApDr2Qq4hh9FJsLv8zdGibmF1xe6s4b2WHFJ2F:45000000000000000000:OKDOT:CHECKMYTH
12gGQJFF58QdhfJzWYR8GnBDHXUg3fXMYSd6KJcXxY5df2jk:45000000000000000000:OKDOT:CHECKMYTH
12ryCbn7BrjcKkJa5T4Ngahm4oGBHrBMsA3hdSyxfJdfBuKk:45000000000000000000:OKDOT:CHECKMYTH
129evRGCcbEiZYMeCsZNLrPHbjzaF4ZMSFCg22P4rSbrNAUw:45000000000000000000:OKDOT:CHECKMYTH
141Z3ny9mEMWy14FtykAuCNN9XXWVpDM9EoCqx2QUMq4URco:45000000000000000000:OKDOT:CHECKMYTH
15LfigW2gJ7UACtwQKmuRv1hEaxdDMnGDomgThwig7DfCibe:45000000000000000000:OKDOT:CHECKMYTH
12tZWK4Qz64YcKzi2T8nKprTwfNZssLQ3Rt8EB3foRY7Nbqb:45000000000000000000:OKDOT:CHECKMYTH
12M2tUoLGmg88JuduL256KHsEVEsvFEax8wDeU8cS2PNki2W:45000000000000000000:OKDOT:CHECKMYTH
164uSVzKiQJuybU9eSmQwktCf63hp25nG8sjiSGkvAamqLHw:45000000000000000000:OKDOT:CHECKMYTH
168HNt3z4yrqaNg66UFoVzK1tdJouwQu9wUu8QeQnVGsULTz:45000000000000000000:OKDOT:CHECKMYTH
12uhzrP6TxjVLBTTSmudqXUbFDu7GpBrs6T16saMfWkqLDDZ:45000000000000000000:OKDOT:CHECKMYTH
14Qjk9eHcpq5YyETTv6eWHvNuZEf3sghJh9mr3bJ8TdYicES:45000000000000000000:OKDOT:CHECKMYTH
16cDkiXes9xtPeBB4MnZzMEh7uzHFBZvv6vHL7vUAR9SStn2:45000000000000000000:OKDOT:CHECKMYTH
16UezTUijsPJ1AqYB4ZwTGAsm29ZP9vLAvZ1FiSPELknTyp3:45000000000000000000:OKDOT:CHECKMYTH
134F76fzSHUptatnt9DxkCTdzogX1wCtaVmkk6NLVWjzmtqD:45000000000000000000:OKDOT:CHECKMYTH
14qrLncTeDBdgCogria3s8rBFqDPp9ZsApGEzVyRCsuopM5A:45000000000000000000:OKDOT:CHECKMYTH
16i7sgoEodYGzLbNqzPozXUyXixdyiZ5uDzjdKWFbMB7J7vu:45000000000000000000:OKDOT:CHECKMYTH
16AEus9yR1VU7G1VTrgQtHAxEee2eighApTFfNcjpcdxtutu:45000000000000000000:OKDOT:CHECKMYTH
13rHA8xjQBQfz2WMNbiy7cZdKauDyoHKGg3s4NhaJwKPfBMJ:45000000000000000000:OKDOT:CHECKMYTH
1k9c5bVfzhgecwca9MwEtoCdXg6YnL5i3VVuckgXzb7JZej:45000000000000000000:OKDOT:CHECKMYTH
16mqFLBarKE5iSePWVQbDHyAKKt8SvNytoz1PrvdtbdxFPpV:45000000000000000000:OKDOT:CHECKMYTH
13Dp23qfMxoRcCAsj2fRC59WznPi32J9U3ZsGqByPAEYuXY2:45000000000000000000:OKDOT:CHECKMYTH
13UVJyLnbVp8c4FQeiGL4mRh7bQeYXorh8j2UiW58tXer2y2:45000000000000000000:NEEDED:CHECKMYTH
1L39mZjUZj8AhzoUqN47husL9KAGe2BTHeThX98AbgBN7cx:45000000000000000000:OKDOT:CHECKMYTH
16WHd84iL1LSA9HEAMqAsN6iNHdg6CYSEcdbaTqx1qzWhho1:45000000000000000000:OKDOT:CHECKMYTH
15JjeY38UePddhSu22gFmUmrc1fuKmXDHj4PZuekmFFu3Dqb:45000000000000000000:OKDOT:CHECKMYTH
144eBfSn9gHNuq9kiWG8YWjqrCXn8irNpsWUK5sXrKcsE3er:45000000000000000000:OKDOT:CHECKMYTH
1o3Azvx8EwXG7EPnWN8GiPGnKhWvP2ot8XKE5ZuoUx2zWia:45000000000000000000:OKDOT:CHECKMYTH
16X4zFcG8b9eEqmFz3f1b35rCgXfQbtxVnTiEFVmWvRmR5YF:45000000000000000000:OKDOT:CHECKMYTH
1HdZe9AuvygJg53FC97F1PFzMvwXAYAormcFmMfeULyfSiY:45000000000000000000:OKDOT:CHECKMYTH
14GbQyP6qvgpqLL5KsjqouNHtMa9omE2sbYZxXRbT78tcM4w:45000000000000000000:OKDOT:CHECKMYTH
12q8AsV6pwWwkb75eNR5Rxj1WfuCeoH5YuZJdiG8bW7XPR51:45000000000000000000:OKDOT:CHECKMYTH
16YHcjCM7NMFKDnWNjNSe1hAobMn1N6skkMttHVMKX3tHjQh:45000000000000000000:OKDOT:CHECKMYTH
1MBGhVhwL3xH7vaPLuqjBSChZJAqRrYcFbe8kKa8fU2VAnX:45000000000000000000:OKDOT:CHECKMYTH
14ri7HYc5qArZMZeeMQyuQ9bZk4HRRVQV8WGFdX6EctgKH3V:45000000000000000000:OKDOT:CHECKMYTH
1XFqYvyjKFsk4sv2R5uF7vcE8XTVeECaeDNDDcSiB2Z7QYw:45000000000000000000:OKDOT:CHECKMYTH
1nA4RD9s2KyxDhKzcjFqp3aNXoKExGwmuDYv391k9mjp74C:45000000000000000000:OKDOT:CHECKMYTH
15PXHqmgERPkhqQMyjQBiayg7yxWmEgCcu2LWoLAfCy5ad5j:45000000000000000000:OKDOT:CHECKMYTH
14ZHR7Wp7XUcWo4bVdGinDYUfMARSNeLR72YmYWzwAxcXThM:45000000000000000000:OKDOT:CHECKMYTH
13AtTqN3XPq148X2GjoevPvBNg82pE1F5CGFYWGQEV4D3YE7:45000000000000000000:OKDOT:CHECKMYTH
1QyuM9nbsoTMD9Y1APSN9zsjAd87N8VXn9hSrnUgJ1udHs7:45000000000000000000:OKDOT:CHECKMYTH
15VgPu4Pfn5YQFRS3PP4dgduykykBjgaeG7FRrhFBj8du8ma:45000000000000000000:OKDOT:CHECKMYTH
152HiaVK3aEMKrHjXUc77bn5eRvoxPGvXKm2UVRAp61Prrh6:45000000000000000000:OKDOT:CHECKMYTH
1YtyhLxMPuc3bsrNhrorcXL94tLm5SQ1xY4CgtFvEnn6p5Z:45000000000000000000:OKDOT:CHECKMYTH
1vTn5KA6R5JZ8WJo1FWSJ6TMevESWjiS5RYzqDoWm2QXuLc:45000000000000000000:OKDOT:CHECKMYTH
16Hkxtjpsvs8GweoUznmc7nsUAF5zDdxqKEJmo15QHjNBZkj:45000000000000000000:OKDOT:CHECKMYTH
152PDw9qgv24yXfKtaHX4i3pKNaFmvV9bGqCqGVi15Aeg1fV:45000000000000000000:OKDOT:CHECKMYTH
15aeaHFZfsvJ6xBXwDsbz912SFK5tJ3Mw6bQtyavQngbEBv1:45000000000000000000:OKDOT:CHECKMYTH
14FSA3yHVqL9EbEWM2LjbjFTFxHmQxnfJuBZo38iMGrZsguz:45000000000000000000:OKDOT:CHECKMYTH
16i9AFybbYPRfkdWeMK85Zadis82cHMNDHBVwZMWnzYrAy6k:45000000000000000000:OKDOT:CHECKMYTH
15cwEEAGseXU8hQBGXksrhxv5hMwjKNeJi7tsDSG5J7oSX2g:45000000000000000000:OKDOT:CHECKMYTH
13drv1c5v8ouAVzTuiM7ejsR9NsJgkJqJT7jtjuNfNXXJiAw:45000000000000000000:OKDOT:CHECKMYTH
14QjbUQ9SQF7jp3tMJVe8ojd568zox43cMtc7SJnvZpSYjGy:45000000000000000000:OKDOT:CHECKMYTH
16iRNjrjdNDfgridPBbmYcULTAjuEPbuAnUneZd54Q2ALkm:45000000000000000000:OKDOT:CHECKMYTH
15F7CkoFFLr2Ndy4h4UR1brWa7gb92jtLDBX68ADLVCek56K:45000000000000000000:OKDOT:CHECKMYTH
15fHLvV1uAbCvi1Td8gVdRtPpbYzenU7dRGRVt7fW8efXikk:45000000000000000000:OKDOT:CHECKMYTH
14V8c2KkEmrG8RetzKQQC6FnxxHpxiS633tiPqs6HPSQdpWj:45000000000000000000:OKDOT:CHECKMYTH
16SH3DGyGv6DANNozLeHmzHk5NoGw8ar5izebPnP1TH5qVXj:45000000000000000000:OKDOT:CHECKMYTH
13gsggnzNSomS1ytGN3GW9nqGGmqpkAnaNET5n4fg19MUG2n:45000000000000000000:OKDOT:CHECKMYTH
15hs8yRagP2GyXkf5mRpmbSpJ3pEXUqgYURjnh1WHDz8giXj:45000000000000000000:OKDOT:CHECKMYTH
152WVjh8eBj9MCmUr3hTAD8ExAGKDFRFfjfAXKpS92W4i35m:45000000000000000000:OKDOT:CHECKMYTH
16Y3gz9UxmZqjJ4VkqpeUixAtPjHizC6Rv6UJJA2qKLuZy7e:45000000000000000000:OKDOT:CHECKMYTH
15gdSLaHKrqXMMcbxFfrpCeKk2N1Q6M6dPutHvCFLcEPAurV:45000000000000000000:OKDOT:CHECKMYTH
15JFZXsifXpmGTi5eN3baPSz9VjWgdoVKbSKgtyWtbERAvGs:45000000000000000000:OKDOT:CHECKMYTH
15BgXyoT4N9uzHD1jbUacYwLp4gYjmFeqzSMZRnpZhh3b1gE:45000000000000000000:OKDOT:CHECKMYTH
16YGJVf2ridkbnx2qvVLJE32PAh2Fr7J26sN1youJuFaNCkV:45000000000000000000:OKDOT:CHECKMYTH
15rD9dw4T78HdWVz345qppQhnj8H3jW6mV6Yykp68zqQPnZx:45000000000000000000:OKDOT:CHECKMYTH
15ka1FbMNSp23tJBQCfQgmTnv2WTrzZiZRNxPB75oWpzkG2z:45000000000000000000:OKDOT:CHECKMYTH
15hu4m9ozgmjpAkdERb4unHRghD4Gi9YpayGBbkB2cUzxjkA:45000000000000000000:OKDOT:CHECKMYTH
1Nb3VndiZU8t1bdqRGrZ2WVYK4nTQokwyCwFvpvADQiMtJr:45000000000000000000:OKDOT:CHECKMYTH
13iptdCfwXmVpnDYq3iFGvqtmPf4YGBhGZFrVtNR6R6Qfjst:45000000000000000000:OKDOT:CHECKMYTH
13Jw12fPYHDgc4AHfuKuxt2YLKTSmcToHRKjnrWNxHMaqjCQ:45000000000000000000:OKDOT:CHECKMYTH
15o9vHZ714Sep3U9trFsr4NLiV99KcvV33zYGcBHv4GUmLax:45000000000000000000:OKDOT:CHECKMYTH
1NDgUGBDY1PcrLU1EL4WNSVufCS8XpPjvrUp4vq69garusD:45000000000000000000:OKDOT:CHECKMYTH
15X1ynUgrGeR71xctNdEta4445Hvwpz8FbgJCu6iporiey5f:45000000000000000000:OKDOT:CHECKMYTH
121yET3b6eX5WkKCvi8Y6Tvjxtdwd7jE5XNkqnKLb8LtVYQM:45000000000000000000:OKDOT:CHECKMYTH
15wvjV8gpPF1dbAuebiD6ojA1RRgd6GfuPw2s87Abs1GsfuG:45000000000000000000:OKDOT:CHECKMYTH
15W9t5yvdpxAV3iHvEdUuEtX5LHrowiu7Ft5KuGrYM7n8m6d:45000000000000000000:OKDOT:CHECKMYTH
15xbP699FnDNwwGWCC4msLkPDCJij1goZf7grvnrMzotCJEG:45000000000000000000:OKDOT:CHECKMYTH
13oCBYB2eHnP7ukUpe96ikbLZ7tMk3M8zHnwNoubDjWAGcV4:45000000000000000000:OKDOT:CHECKMYTH
142vGFePcJHa9CrhATSvXfjh3dwd3QNGr1bmrTG6SNvmmM79:45000000000000000000:OKDOT:CHECKMYTH
13zswx4qP8YTJF7y8jaWUNrJjLs3Z9iZdurNpH55MVp8USFz:45000000000000000000:OKDOT:CHECKMYTH
166YnSKdWDtcom2zg91M8mcCsPBbjb2oY6va2CEskhsAv3Eb:45000000000000000000:OKDOT:CHECKMYTH
13QkAEjEzGhUaiV8d4XgMym6Kdp5oXHEQ1iLvDU55MgR5gcg:45000000000000000000:OKDOT:CHECKMYTH
141N9jciJ6WyLhbYuGieE7LCBYZEFh5fgoJN51R8FgY3Sk3B:45000000000000000000:OKDOT:CHECKMYTH
15ir8UhW98epMW8Zd1UJVXPeomHrKyoWrGTTpzBk6N4YQ9Ep:45000000000000000000:OKDOT:CHECKMYTH
16dnnesThi5upp48vpRCBM5bkRx2PJmyu9U6gvJkBWVnbNdh:45000000000000000000:OKDOT:CHECKMYTH
15uQh25b6A2ieJ8s1KbNFfmxuyJu8xaW5wkpuWKyKmpyQQPa:45000000000000000000:OKDOT:CHECKMYTH
13ZuWc7Pus9AYQ8jpg1DZEmzCzSCUK1mxJM2TrJpxMkq8QFo:45000000000000000000:OKDOT:CHECKMYTH
15BU9wRuFF12LZ9YopuHYmNwxEafoBSd4wpcHGm8wEinTVK6:45000000000000000000:OKDOT:CHECKMYTH
16ERcyqX53qm4U38fSv5oRFV8jM8Mn9DttDcy6TyDRhiQLuW:45000000000000000000:OKDOT:CHECKMYTH
15x6QbFp4TxwGQAi196qCJPkTXPX7WWgaGfrLbYd8SLDguwt:45000000000000000000:OKDOT:CHECKMYTH
13YxcxNE2oLYc7EEgTpnKk5Z9XXFpYoqgrvRFMddHV5aeZp:45000000000000000000:OKDOT:CHECKMYTH
12eND7pHHCjZNyW3hfRm1MdST7HvAuwrL9sikY5cXABQdWFG:45000000000000000000:OKDOT:CHECKMYTH
16UvjcA7fPAskEY2RWdFvxAZ68BQAXLq8JC4VJUCDu9nr4A6:45000000000000000000:OKDOT:CHECKMYTH
12957RXYpNEnVKiQjb3LJoMmY8yZVHgQNzfPuYaggDTqUSwF:45000000000000000000:OKDOT:CHECKMYTH
13XY1EBuC9sJtt6pexuuJLE87N7UmznGqQCbdjbtL4fBCS9L:45000000000000000000:OKDOT:CHECKMYTH
12BHDEkUzFp5uoNZ59a3V9tc5BYzVzCrR1GZpXWrRo5y4KiE:45000000000000000000:OKDOT:CHECKMYTH
124hKjAzVTRYe3ngvK224sF7QGAyNtDaSQs2LEPrufAqv9Ea:45000000000000000000:OKDOT:CHECKMYTH
162JQyPuCCvxQMbsaVU6mirNLvQFcezqkNCKpByuyhuR3xeo:45000000000000000000:OKDOT:CHECKMYTH
13orLriJDPNpkm7WbTH8asNFFpeWKFfUxLzWZ3FBisL3QLix:45000000000000000000:OKDOT:CHECKMYTH
1rMCbu3mPt3mE82etcMw1oh6abUsE7AgwWoqEmtPCFtKsnn:45000000000000000000:OKDOT:CHECKMYTH
14dYZYNxkMzXj9yduWPTSvjXbNPez9vQ9joMEXsdVFrpnRyL:45000000000000000000:OKDOT:CHECKMYTH
12avZ6xmYXjy9SVR4RYTSZQ2EUs9oHNYQ7qanQhNinNr3TJy:45000000000000000000:OKDOT:CHECKMYTH
13HKAqRL57DY1mBZmtrspg8yf4qNNXtv3kQ3PxBsi5cicXVX:45000000000000000000:OKDOT:CHECKMYTH
14YGWQdVu4RkPKgwo12PwdEj4cLueHVc3sK2e5fBBkHeThjR:45000000000000000000:OKDOT:CHECKMYTH
1UGeWcJ7bEYPVY1dm9dvrX9Zh5skErSGU8LfNSBtcmqsam5:45000000000000000000:OKDOT:CHECKMYTH
16B2iZ58799wWVGMRa1QvphgwEhFss8krTYZ4oSRQU8SbnGs:45000000000000000000:OKDOT:CHECKMYTH
13GCCZdKmgKSyK8r7DhRW32jX6nWurzd1Yg1TL3C9jeeZiLL:45000000000000000000:OKDOT:CHECKMYTH
12dffeJe5LCBqcJ7R3P1LqW18xPGo5DnnYdd5kNsnKaFn8mm:45000000000000000000:OKDOT:CHECKMYTH
15653JtSoaao2tSQnNTE6u4u1ZhSisKVLUdcBxnpMpEP1BhY:45000000000000000000:OKDOT:CHECKMYTH
13YM2aCuRwxU2bm8VV4sBAZbxum5PnmArSbvsE7CJufaqh3a:45000000000000000000:OKDOT:CHECKMYTH
1331TdZ8xyhC3PFnRjAhfcNXNAwHRoGpjUDYzHms5eJJzfWh:45000000000000000000:OKDOT:CHECKMYTH
14atqsXqyYCs7bJ6kBaEPTa6HpZT17wRYeQyP6xPs3cHNzVe:45000000000000000000:OKDOT:CHECKMYTH
12rsY8j2PRr77CBDsJvjcLYy5p9CWvE6BSz3fiU8wZY1EkWk:45000000000000000000:OKDOT:CHECKMYTH
16cUNshudBwTor43WtncbzKwo8DwajXCPwDRCwqvP7Lt59Sq:45000000000000000000:OKDOT:CHECKMYTH
12ZL5TpHJzKTddS2r2uamixm1ua6xGkg4zcHfPxZeEjZjnWJ:45000000000000000000:OKDOT:CHECKMYTH
15TPAjRoJY3vMPXcTwVHWywqQDVyZgtgsH8HJnqGJzL2bn6G:45000000000000000000:OKDOT:CHECKMYTH
12Em4DCXeApmHbf2EJRmXoLzF5v5MtggttqcDwo5vPXXMnxa:45000000000000000000:OKDOT:CHECKMYTH
13ZWgDiGLKQwPHZXLMp3po45miMgyKkP2JM2DcPjdcAMNhnb:45000000000000000000:OKDOT:CHECKMYTH
12ptAGwshXhFApkqoU9EXxazyUBcuHz7XeU8sVfYooVcvaFi:45000000000000000000:OKDOT:CHECKMYTH
13wZ3zdykedJ9k9CBF35GkRcE32ojLy15APkMGp7Sig6sCSi:45000000000000000000:OKDOT:CHECKMYTH
14LbHkDXqA2f3nmoPfi9Vrr2qWZ4uaLeDbGr4SDNjpNhTsbU:45000000000000000000:OKDOT:CHECKMYTH
16QXoBKvGC3Ly4nkX8pAhsahoCy3mbMfxLtg9EcLHJLt2Uya:45000000000000000000:OKDOT:CHECKMYTH
13NCLd3foNpsv1huPDzvvfyKh37NEEkGFotZnP52CTR98YFJ:236000000000000000000:OKDOT:CHECKMYTH
