147m5FVx5oLRsSLNLigeSDy4RkazJaSQ4PWjgJpvEd968Mbe:45000000000000000000:OKDOT:OKMYTH
13xGbg2xGUDuE77VQAVx1SGHYA195xMCUMN9nWkTYTrUEcxa:45000000000000000000:OKDOT:OKMYTH
1jEnSBpTHtMU3qguFKRVVZt2xU2At3eti76NBq9dLvTFBJn:45000000000000000000:OKDOT:OKMYTH
14ds2yNRnJsQ6DCM2S8dbicd9VA8TpPEE1vSBhb8iefsLtPA:45000000000000000000:OKDOT:OKMYTH
148FC4gHxGXyaGq2Uwm41sshkJUgwY5xFH9RMyKAWuxQn16p:45000000000000000000:OKDOT:OKMYTH
16GSD5rDeYWnKamCCBeeSiDzT8X3bGdNZhAPLXZuYMRvV9un:45000000000000000000:OKDOT:OKMYTH
12PnUUPyoEWpbgnsRajfTCL7ai9m7H9BcqqDMo42ZrzkWRN2:45000000000000000000:OKDOT:OKMYTH
16UPXKtCEnDTd31iKurF6EkMF6NthFbCfh2wnvDKiBPsP9Ec:45000000000000000000:OKDOT:OKMYTH
13aXsTRaQiooFqqhLLYtJSKsqUBh2DvdUzApdWqSegn3ewHx:45000000000000000000:OKDOT:OKMYTH
151evHTCSS1oYYHs47v94ajhQtP88y7LasXbf63LBc8fAecF:45000000000000000000:OKDOT:OKMYTH
14kWU81dD5FF6cyz17YuVdWotbHQoopVd1dLqT9gPUT4Dhks:45000000000000000000:OKDOT:OKMYTH
16Xc4TLNzvKEaQzrWbNH8Fzbmg8aX424XrAHQM1EUBmxrSit:45000000000000000000:OKDOT:OKMYTH
15kFP3cU1FNTSVSQdArPVitipZKvsn2Ez125A8mm8xDcxSVh:45000000000000000000:OKDOT:OKMYTH
16YCxwb9P1sq8quHsC96ZmrxSRF4er6AgfNocigDv6M5VqpQ:45000000000000000000:OKDOT:OKMYTH
155KSe3Za4BiqvrowxyPH7spDvkerS9YN9uAQQp8ageJFpGn:45000000000000000000:OKDOT:OKMYTH
16XnaQMmr5hDgVshB9x98Lp89Up5kxka3qZdEuHiP35DD54b:45000000000000000000:OKDOT:OKMYTH
145movRoHm25w3vhRs7VvZgBSbyUqCisSEJuXNYDqv81JgeH:45000000000000000000:OKDOT:OKMYTH
17ogkFugLgh9La2DbDDp6CTJr7bYTYLfbDtXdKLC7ex7XYF:45000000000000000000:OKDOT:OKMYTH
12p7GHZYuU1pCJWCC4WY5xNemkqNEPGEhWhaECHqjER9mpav:45000000000000000000:OKDOT:OKMYTH
19m5utmBC8YV4Q1DUJQfYLoedGYWYGrqGLuoBp3u1BHrmj9:45000000000000000000:OKDOT:OKMYTH
16gWQ2DAv5Khz2dgKMhCNDomyLGrf3h9EnLWdboHaG7e1zGs:45000000000000000000:OKDOT:OKMYTH
19nkoGNLZi8WDtVkp2xvYLh78TGzhreVu5djzkFJj8oJfEE:45000000000000000000:OKDOT:OKMYTH
12eGAZNBJt6ksChwV9Ko3VW9CwtQJ6nBM7Vj7tCx3Q2TdVKW:45000000000000000000:OKDOT:OKMYTH
14m3cP926ZhVpiZMKFhxjpAtzNJRxWdydunYefJrLLKJvP6w:45000000000000000000:OKDOT:OKMYTH
14WBqYKcuAuz8Cacwv7FUWyDKDmZjR1HYgEUyq8Zkf5hGZsE:45000000000000000000:OKDOT:OKMYTH
1AJmz4QqzYEpBbdeChXbCjrMaccoW5StyUCnFugRaHXBmdt:45000000000000000000:OKDOT:OKMYTH
1QS28qJLoqDE6A8nVvqfDEr8YAouqyu2LEHQ7itYSNKEeYh:45000000000000000000:OKDOT:OKMYTH
126vxD7zNxDH6eSYspaZqvzfGX1WPtFg1javUqJwWjVC7oQk:45000000000000000000:OKDOT:OKMYTH
1me53TCK4zQKJbmy9C52k1Y2MB42E7YEMjfKV7WPjKe8aTZ:45000000000000000000:OKDOT:OKMYTH
1CZUPSdr67MiwWt6qfXsSGW862uztSL8pUAwpe65vSgGbEC:45000000000000000000:OKDOT:OKMYTH
12Dj3RzjXk5nisYftxrVnKunN2oqDg1uTgze3NA8sghkwHR5:45000000000000000000:OKDOT:OKMYTH
16FNJD3M7EjFumguzCrwhPArpQLfpwPnhGxTDdPELNJtGDC3:45000000000000000000:OKDOT:OKMYTH
13wuFij5F8ZMjJbovqs2wfHGg95suGSn4fXrMABmZnmuJGDx:45000000000000000000:OKDOT:OKMYTH
1DN9jF2zCvNd8a1xBazepwsvgRmrk5bdRgxjCz9YgzTbaWa:45000000000000000000:OKDOT:OKMYTH
166FQDwj4zLvjYe5nVXrQ3AxzTSACx5Rj2hgN6DiW5qm4epZ:45000000000000000000:OKDOT:OKMYTH
15Cu8TBZxHGJhJjTji3tRKQmGdmSQh35iGgVkjDN9pRVVVQQ:45000000000000000000:OKDOT:OKMYTH
16YHAS1UYRxnjUopSVyGsdLCpxGZRDpTWWm3DPUYPRDFCfox:45000000000000000000:OKDOT:OKMYTH
1gkSx2nwviRmHz16zyDJyXN6BCB2j8zR84XAm1NZnv1SoqP:45000000000000000000:OKDOT:OKMYTH
15kjon9435prh2N3grh6Goi3pvp1Ggs56x8niDhuHceDZ7hq:45000000000000000000:OKDOT:OKMYTH
12KVRVpJSRggeeSGsbSp1sRU37fZRk32GH24MSL8QZaravYs:45000000000000000000:OKDOT:OKMYTH
15sGkAxFjA6frXCyzcN5iNSHLTTKP1myuttjmCjbYLq5THKs:45000000000000000000:OKDOT:OKMYTH
1HUt88wAxn5FXdQARmfBAPYniFFj9cMU2m5T13EjDPq85UH:45000000000000000000:OKDOT:OKMYTH
14fjXVtoVE5SMk76B9iRiiHXJPLesQLz95rA6HiEn6qEmtqq:45000000000000000000:OKDOT:OKMYTH
14qSoJfipUKgakkKboBSxi2bzUkEDGFQWCtS7EcBHDD6gmLJ:45000000000000000000:OKDOT:OKMYTH
12Vb1BMgknnXnxNvCrMgHUwNkq4FhbvnjmhEk549nBV8dHLu:45000000000000000000:OKDOT:OKMYTH
15e8xGhRUUCE3fHhwHociKZ13VeerHcPJn4NhN7mnp1JEoZX:45000000000000000000:OKDOT:OKMYTH
14NGBwcKCjeLPkv4QqpVBqrEdYhPGDJq8HwCasBFXinXBrBi:45000000000000000000:OKDOT:OKMYTH
148YgroFJcEa6vUa2GCJ5KVqcF7z2YGwT2CTc1AVt3g64vnB:45000000000000000000:OKDOT:OKMYTH
15ZjmW4yR3U1PXztiy44iHQWWuNGeS2Kfkiny5m4zwGTP3nV:45000000000000000000:OKDOT:OKMYTH
15cvjRiKakw8wDcpokyWzoUkidestopV9trrrRtYD968nZYd:45000000000000000000:OKDOT:OKMYTH
15EEAD39ExTACSAsMfCuBbkvhvGW2sEDvrtsVJgbY32ugmKK:45000000000000000000:OKDOT:OKMYTH
136TQDJ7vGxvkJ9GKYbzDUhhiLKbM2pXrVd68rmvtKPFMZVJ:45000000000000000000:OKDOT:OKMYTH
15dmvnDqR1QQCZznsQzELCXABzmzVP1sGko8sukXoqBuofJg:45000000000000000000:OKDOT:OKMYTH
1K31tKZKwNsHPc9vuEQBwxWBnTBfYG3ysrTaLgKESP15pqN:45000000000000000000:OKDOT:OKMYTH
14pBsUETJtMfRQr8Q8cx5W9CRJjLJ8jN7ZVoRjjH6jxD8sWW:45000000000000000000:OKDOT:OKMYTH
12jVn7nKDNpsu6JiZR8f5CN6LYeiSAuW7Ps2sYxaRP27Sjp3:45000000000000000000:OKDOT:OKMYTH
16ht4XoVpjy7sFwLN1z4DvszS5rN11nemHYZ9up6XSnhGbgW:45000000000000000000:OKDOT:OKMYTH
12a7jZZxUe69GGrs3vq6PAyz75ek5v6Txzx5kPVJtRsysWQ2:45000000000000000000:OKDOT:OKMYTH
13fDofAyyh1BT46yJnEjs3YcXePEHKaeFcXMzZcp1irFeZgt:45000000000000000000:OKDOT:OKMYTH
1628FovqZk8CUykXYspbmYHE7V1esfyzRMAfK7Wj8Nfm67yw:45000000000000000000:OKDOT:OKMYTH
12sZnnU7T6Cf32CjrE1Yd7idL5wTZZ44dZkfM4J6hTKFJ7gh:45000000000000000000:OKDOT:OKMYTH
127q6QJPf9HxXzKMAWFqmeKNwLaL6Q92KPLdobz9oTusuppC:45000000000000000000:OKDOT:OKMYTH
1xPEfhyVGFFu57CDAABu9uaDTmmHxiQt4Yw4uuteGqXuQu5:45000000000000000000:OKDOT:OKMYTH
16cQbLwf86GehoU4rpc8uoejbdo13n5X1A3TtDYeiLGEKy1j:45000000000000000000:OKDOT:OKMYTH
13QwEzc4VSU9dSY2aZn2kkqhqR9mvDevUyrP5Hzjx2ayAV8C:45000000000000000000:OKDOT:OKMYTH
1LqVPbNUYzu5RXoQdNia6nqzUsf8NMHFunFnAKRt3Q19tdg:45000000000000000000:OKDOT:OKMYTH
1zy9Lwry57fdX6e4VEjiskhcQZsm8BGkPofv23qbTKwWBNr:45000000000000000000:OKDOT:OKMYTH
1vYWhB9SePuLew2Rmp6ron5R2exzamMKFq625rn7Tk7yA2f:45000000000000000000:OKDOT:OKMYTH
14K1WSGEJcXxD7i3s2DMhSrA7FdzLG8j2fijp2UizpVXUyGB:45000000000000000000:OKDOT:OKMYTH
126KWsU8zS1nCQqhdzuFaST1Y7hCpXPE6p58qoW473RUiBTD:45000000000000000000:OKDOT:OKMYTH
125J4dBNAEPJS56G4xBX9bJWgxRmSJENTLTymeQyddR4ygd6:45000000000000000000:OKDOT:OKMYTH
13R69WH9172RxyVptfQk1f2mFw8hVM2ck6iSH4dXzqNYR45L:45000000000000000000:OKDOT:OKMYTH
13tqT4AMoGNNsbSXms9jyvsnAXqrxePUqgpYsw7GjHmyA8Dy:45000000000000000000:OKDOT:OKMYTH
1LYqJUPwdS7TFNw95of2nxjL71ZzhmpF8FbS1UQhLFKoxVB:45000000000000000000:OKDOT:OKMYTH
128mE6AQTMdixBDKD5czsgCr68e1Do3J5BArDZmdn15HYmXr:45000000000000000000:OKDOT:OKMYTH
14zhmiUkGisHJ6CF4dZe7bDgbtMfm4EbFykmkqSzTjw7ZvP2:45000000000000000000:OKDOT:OKMYTH
122kputyjsFy6khWm4DMVZwec1d3g7mB4tHo844QNRDiM2mL:45000000000000000000:OKDOT:OKMYTH
1vRCKZrW7X5zFtQWNmsiEwPtpVHyBtcEADTtJvhzdXH22gC:45000000000000000000:OKDOT:OKMYTH
12BzKvzmpcnQG3B9WQEPTn1p2c9rGJqk12s952nj5Kr6ow5v:45000000000000000000:OKDOT:OKMYTH
1jmoUySm92PBaSePmh136nXMnLzSUsV6c4n1sbRXP92SF3v:45000000000000000000:OKDOT:OKMYTH
155iCxGhpYfoXpKxEYfwqhpQPd4wbiuMDx8VpZGhG21DdKKs:45000000000000000000:OKDOT:OKMYTH
1XsPE1mftsSTcv3cvp4e3BMzRfTZGDu5sNWEsvSGuSyxZ6s:45000000000000000000:OKDOT:OKMYTH
12jr3kkYf4awQVjeWi8e4r8vXsKtPDdcm6LYsqfucUZjQBYP:45000000000000000000:OKDOT:OKMYTH
1AMyyjPvhYR2mybmsc5vBdYajLC5dA1vRxKnd3j6BuBWAf1:45000000000000000000:OKDOT:OKMYTH
14mPDV1GwWqkcrbutV7Zj4Uk1bz1YjspGXJvAMkMnrPy1uFA:45000000000000000000:OKDOT:OKMYTH
13rMncW8x4mDJwcE3SUzuyXDw9rp6fJHot8Jyqu2PC9wkvQm:45000000000000000000:OKDOT:OKMYTH
16J5pJg4GbgGqWwB4AaxB4d5sfcHYXWC6st7YwrVQn2Hok82:45000000000000000000:OKDOT:OKMYTH
12YDqLbGnpKxkacvJraiLN85wkz61SiEvPa8XQaNsMieKFZA:45000000000000000000:OKDOT:OKMYTH
14NpoeTeYMWS7pascfQeMGxcbF8Rt2ErxQJzzqW4AQxcX739:45000000000000000000:OKDOT:OKMYTH
143o66bozJrhEzvtdnsmtghWVfWozDhdKFbaeH1PUshcxtR6:45000000000000000000:OKDOT:OKMYTH
14ZXFKZkC2zaUEFFqjudt1SoqjiuYGTohKkQLpnrvETKxw2Z:45000000000000000000:OKDOT:OKMYTH
13zKjHsijY4UCSML1fBsrzmVHNssQWN4w93Lvg7VF3KrK4w6:45000000000000000000:OKDOT:OKMYTH
1kk5WAATqy1b66FptFbJGFi24g4wiHbLnuuGsAgqFNnvHtC:45000000000000000000:OKDOT:OKMYTH
149E9f8fvT5NdLBddegLwsFT8AHKXLR9yaL4u1URvvFuo8D8:45000000000000000000:OKDOT:OKMYTH
158AMSoB9HKEs6JGv42fnoXX2djbdQncW2UFyaseqWqS2wvQ:45000000000000000000:OKDOT:OKMYTH
139dyurXXBt5Fcnmyag6rfhZhtG5u2VViLZXjABqeVBfwbPM:45000000000000000000:OKDOT:OKMYTH
1Lpaq9DnX3dAkkvAcUgrr4giBDwhL9psTwJGUkWUP7A9fVY:45000000000000000000:OKDOT:OKMYTH
14GihtJq29RxUKeQinUiESocdxfPGxcMfFSxuCaKpZrN2tZw:45000000000000000000:OKDOT:OKMYTH
13WNJbsKD3y3Aiz8ToxHaCSNaDUzgc6FxxfB7yJMcF5yCZzu:45000000000000000000:OKDOT:OKMYTH
15VKoZEeNwmv73qGeEfQBpz4xgn9sXB9NYfw8xPywYep9wxu:45000000000000000000:OKDOT:OKMYTH
1NdwvTFViy28ieBfo979EzPMnPPTkCWXZ7ioEEhzQdHEFwA:45000000000000000000:OKDOT:OKMYTH
13gv8wSbpbfLghUZ2ntp2CXSEYcPAUZE5cMTexeLLtCK5Beh:45000000000000000000:OKDOT:OKMYTH
12Gmh2U5zH9sZMsNVyDAB998VnS4LEWV5W7LBSNMxYc49CBG:45000000000000000000:OKDOT:OKMYTH
13dEY2T5WRYvW2MrLCG2yWfW2V4tnAwA1CKEKWzeDuztKs3A:45000000000000000000:OKDOT:OKMYTH
1NzZNU3oT2Chhy3FUTr4Cb6eNQsNq1T2kpiYetWgpcevo66:45000000000000000000:OKDOT:OKMYTH
14Loxz4hSby16bKft97Ex1yX3QdNoT2BY9DqMaNYoMXbd3YW:45000000000000000000:OKDOT:OKMYTH
157c2XuaLys5aLhiLh5FLgygNLK4XUutVjPv7cnBzEnz4zAx:45000000000000000000:OKDOT:OKMYTH
1NVKKvbyofTZ1FbWNfAqsaWxQ49KjX2kSWAh8CVVB6VQBCw:45000000000000000000:OKDOT:OKMYTH
1QKZPeM1XNABxoU3DPrrisQiGQQ3NM6wDdoDAQDDHv1V2QH:45000000000000000000:OKDOT:OKMYTH
14Mhv6Bc7WTCot6LG1dwquEEViNj2es7zR64skxB24yWrJTd:45000000000000000000:OKDOT:OKMYTH
12T6kPmSmLrX9gCdqf9DjDMUZkxyeV7JKENPT7UFyY8vdN3P:45000000000000000000:OKDOT:OKMYTH
1vDPU5XN68u5AAYn55NGaCZ5siCTTX3i5GQ5oPsPDc4XVcV:45000000000000000000:OKDOT:OKMYTH
1QZUj3sSKN15fLo87QhEz1baYacZwvaMFe5gdp2spAmCExZ:45000000000000000000:OKDOT:OKMYTH
14or8uWZxz1g5oyKu4f5LQceV4nBtiAbTpZ4zwSb6Yv7Zc4K:45000000000000000000:OKDOT:OKMYTH
13tsY9Ve7qSTPDM3Wt1AeN81MKtfBNT8QjWvSJBfCfkBLdgP:45000000000000000000:OKDOT:OKMYTH
13xKc9g7L6RUAa1zki5a5nMLfmPg453pkZtNtayboUAWbcqV:45000000000000000000:OKDOT:OKMYTH
1tPenhUEcuifaJKSbaKjtrbgtUaTf4mbQ8K1P4r3Q1tDgBa:45000000000000000000:OKDOT:OKMYTH
14QFWzWkDxhjFysJcw6kTqshJidVGUhVTzkxXuBJfiimM9VJ:45000000000000000000:OKDOT:OKMYTH
14SLTsWu4yE1UcQgTjUjhREvKoAZuQwcJyTccrSkyj7rHoFw:45000000000000000000:OKDOT:OKMYTH
15QgJ74LBisgjuSVBqqUZ8phyMh9ZQWvEt6XijaYHeTWwXkR:45000000000000000000:OKDOT:OKMYTH
1umV9nSBANU3HpvtmUqWSxd4ybYmKRVhPayyYexJkVkVrrt:45000000000000000000:OKDOT:OKMYTH
15gWTDLQ37JeBHCgaMePaMi7U94i6ji5imFBtxmHT3yVR2zy:45000000000000000000:OKDOT:OKMYTH
15omghDHWK82V7AUTfrFcStaJqvaf7pZrRMoZpGUZcL3qUEE:45000000000000000000:OKDOT:OKMYTH
14oJQaLjyuL4BjXejYPiMF5oL7jjBXx7rD3bHB5Vdx97QnXv:45000000000000000000:OKDOT:OKMYTH
1UQkSgiYbGGGLo2woriemWjAP7Xd1y7jgjB86tZew4KLkea:45000000000000000000:OKDOT:OKMYTH
15k2ix1iir5wArpnWk3jfZuSoGwVh8ikZNx3dCzkBc4HJLWV:45000000000000000000:OKDOT:OKMYTH
16iK8DgAPenCrAYJehsCLj11VJSyEGsCPNn6BFh3FD4PAxKY:45000000000000000000:OKDOT:OKMYTH
15pPTyknNYLY6MexNYz88ptd3bxMhkFGEubT98nJwbW1BfUw:45000000000000000000:OKDOT:OKMYTH
1ZyJTBcNs3eNqZpjBo5JNxfqsRmp4DAng2qyKfh5FEMKpzw:45000000000000000000:OKDOT:OKMYTH
15okQa7hJrE6ta1zmUeef64ujcNaQCcHLkRQUtht2NTmWcmh:45000000000000000000:OKDOT:OKMYTH
15sAMSyzEpYJqVDKe592HJgsmzQrSrfSbzmcyM2AJprqC6is:45000000000000000000:OKDOT:OKMYTH
12nB7dkUspRD9HBnFjFyVPaLhVsXxjdDueiVHo8mPKRC7zn7:45000000000000000000:OKDOT:OKMYTH
1HWpvtcQPta5g9hwqhN8mPJ6JRCwRtrGpJUHPFskN4VU1w1:45000000000000000000:OKDOT:OKMYTH
163UMMTodkAW2JSoXPKhfGuBLi89PtgnVnDrUaFpGzXtNUwG:45000000000000000000:OKDOT:OKMYTH
14ikRRABGdUncr4sj6p7McSHYsxejdaRFsZBDTfBDLxkGAW7:45000000000000000000:OKDOT:OKMYTH
12QRMRgokKweZJUyeqM6wMqaX5Pob4mkYJBdM9MFDSv66HVv:45000000000000000000:OKDOT:OKMYTH
13JfvQdzPVVb7hf6Y8yAuZipuSjC5wMwCgVjgn2t8yW1xGXj:45000000000000000000:OKDOT:OKMYTH
12YFNU9PLtthjvpxXufjR4Fzq59o3tpQ8e6PUECUDmnXdqDC:45000000000000000000:OKDOT:OKMYTH
14Vq4kysGZWPVT8aS5uywnEPd8hQdsTintHudPD8XZWnkkaT:45000000000000000000:OKDOT:OKMYTH
12QUDNwK57xZQZ4aVuGgJ4qtJX9XP5yvbnHd2MYxy2dDGPDh:45000000000000000000:OKDOT:OKMYTH
14ffVCCPSeNVPykaxsn5RyQ8rDzU7wGNTNyGMoCXcX6A8yQd:45000000000000000000:OKDOT:OKMYTH
167Bn7HDH77Ej8SbaKUkjAD8Rc7dbThZgJAbaZ5kQKwLq5yW:45000000000000000000:OKDOT:OKMYTH
15XM1EEQB2m3S8c29hNLoVEo5qd2QQFLqCQ6adzuTDjfv675:45000000000000000000:OKDOT:OKMYTH
15vGCfhEijis1Q6GCeZ1JhLYmLksSmSC47sDpigEa9qb84eL:45000000000000000000:OKDOT:OKMYTH
16PE47V53dHxf3R9KvW5iTjUEwq7NYktBypbudmrZGnX5g5Z:45000000000000000000:OKDOT:OKMYTH
12tzVxRXG9u4Eateu4tiCRGSotFTjbRTnAgSL43zrCA2Tz1z:45000000000000000000:OKDOT:OKMYTH
12WeHw2XqH1T9ffY3wv9UABpgtxqCc1vFnrGd54M1mu3PVVy:45000000000000000000:OKDOT:OKMYTH
15mZDMvDSREhQAZZwLZ75YoqRTDMpv7yhkndJLvVByNdo6Ue:45000000000000000000:OKDOT:OKMYTH
15FR1b1NBL8wUPieHgvNNHbnTHBMdtUfmWUKJCY49LSdXn1M:45000000000000000000:OKDOT:OKMYTH
16Lj8Rx5CResNNpyrGwMfKMPGAMNic9sVbwCSi9ostKnYjAr:45000000000000000000:OKDOT:OKMYTH
12zHPRrrZy3Qxba7kwveGABJUz8sxYGn8gUrgwWr7Q7YDkQr:45000000000000000000:OKDOT:OKMYTH
15iMDa8agLGYLMpKwjcsym8ZcjRQY9w2N36pTkNdt6YW9AWB:45000000000000000000:OKDOT:OKMYTH
1ssZXEjFCDbgGQUpUDeNo5nEeJbBRALGCqQYdWGLcoPkX2m:45000000000000000000:OKDOT:OKMYTH
13R9ZhubsZcfn97ZPqJWmmUCJwZcxKSg85rbxKuRyq2tPrAW:45000000000000000000:OKDOT:OKMYTH
14Xvrkfz17xiLUQ6c12dY6kCjvJijmo9dzV82PX8ZMWpnqJL:45000000000000000000:OKDOT:OKMYTH
15hBAQGTFr4GAEcA4TWLrRmCLhXgNSKrmhnGUTKhweSkS5St:45000000000000000000:OKDOT:OKMYTH
14xDHYhtMPxKQVtVYckogxWVDFHUuK8DZnvgu7mnXjuyWFWF:45000000000000000000:OKDOT:OKMYTH
13sLUsdz5p4ec36yAkYZxPBiaeKoXYKVFPyW3kjomteEk8Hf:45000000000000000000:OKDOT:OKMYTH
13Pzujg5LgDxzfVqSwSosPFRnuW8BrBQLxMd7AAiBLzRMnTw:45000000000000000000:OKDOT:OKMYTH
12uXwVJ3isLYLcByNNXHGnjVFYUrBnhuc4c6Rd3GuaH3yCBQ:45000000000000000000:OKDOT:OKMYTH
15ejnt59vrGig6soBpoFApmypjVbfAqh3GNKZ3RRscKRq6ZA:45000000000000000000:OKDOT:OKMYTH
1sexUeab7W4mRfjP1W3T4gTZ8bRsK3hjQhroWA9hxWmYZNV:45000000000000000000:OKDOT:OKMYTH
14aUJKcRpmhvdveDr6PVdEk2m8U9Ct3jbi5Y6NsDAgUR29Yi:45000000000000000000:OKDOT:OKMYTH
12xtvY7h8yQq2HdGX9HqknjAhKgBp5u9xpjNEnX5KpMRGmac:45000000000000000000:OKDOT:OKMYTH
16Z5J25q6EdP3pfyHkgCxfVhDo99EieUAZK4eSi1hCLBPgty:45000000000000000000:OKDOT:OKMYTH
14MPzRPY5e9A2xBrADUu7BAMM5et94p15yqvcKVyyQoWbvGr:45000000000000000000:OKDOT:OKMYTH
14p1n7THhHxAJZ99dYGmnyrudSMC36AW2FBRhz8VAvj2VTnN:45000000000000000000:OKDOT:OKMYTH
14VBG42vZvTetEFwxZQqLDiGZEyGGCgyBuEpDbjadQpiC9Ua:45000000000000000000:OKDOT:OKMYTH
126dt7gwaUo9UQ2MDQv7fcCZhXRnmANMpeZETWnMVaLU8UA4:45000000000000000000:OKDOT:OKMYTH
12YuS4XkiVa84wH9QEZEEEXq5G5wJPGqfnT6uWRAn4MSR6KC:45000000000000000000:OKDOT:OKMYTH
1NtnDZK27HLi3a2N5d47hiQ6yE9VxuE9faLmJ6CDEwQ5zF2:45000000000000000000:OKDOT:OKMYTH
14BpnC5qYvENKukiUhksPHToNWBD85uV953Xm9WbuhAsdy7M:45000000000000000000:OKDOT:OKMYTH
15AhTNJMX7qtwWG4xWaQfdGtwkJQkn3nhrNDnoqnfpp2AGZv:45000000000000000000:OKDOT:OKMYTH
16et4kLYZZyvnSsCnpxrRziqsFJMqTz1cMyBfFySPbzFoxQD:45000000000000000000:OKDOT:OKMYTH
12FY47JVLn7JvtB1PYRM9gkqv9GUxVpGiLhDws26Rux5Bjoq:45000000000000000000:OKDOT:OKMYTH
13Kmd15E2oE5AuSCPxw5Ygq8cxucgrHFmjwK9bdLfEbcQrSG:45000000000000000000:OKDOT:OKMYTH
14yv2DAvQBc42tLBuw3Rd7qpejdkf1ScPHLrBN51bkCjH6XN:45000000000000000000:OKDOT:OKMYTH
155jz4t66bBAtLAoEHhgZXnKYmqAE8vR9rEZtAByMkn1SnSp:45000000000000000000:OKDOT:OKMYTH
13A1Cq7RyrEUka3ZCCfyHniZyfFSdmDV6TgQbkGQyzqmEeBN:45000000000000000000:OKDOT:OKMYTH
13fyPL8cR3q9ojvk1deVGkce2wx3tfv8e9TwVgF9NwSMY1GZ:45000000000000000000:OKDOT:OKMYTH
16FUPdzhzm5MYZ7haYWSkmFFByb2ukVCFoaHbkBqAHt9s8ji:45000000000000000000:OKDOT:OKMYTH
132GjxWUFZH2bcHJ7PU8ELJaM8nhQsgWaMFVK9f7YP49roys:45000000000000000000:OKDOT:OKMYTH
14BbAtsRvCKkmzoWUzzkcVaoJpVm83tVicT3FtdbTNsYCdCS:45000000000000000000:OKDOT:OKMYTH
1Ytb33PzaM1hMNPvwnYBGPhnpRSw7XQb6bQzVMThy7n9j9R:45000000000000000000:OKDOT:OKMYTH
15VdwimuKbBH95qY9FRaZDSkJuyJroe8YSJ9gmhrHafQUEY2:45000000000000000000:OKDOT:OKMYTH
13nkgMsRLNPiwFommCHwNPdcG1WDubJEhwYgv3EsUa6Tfupd:45000000000000000000:OKDOT:OKMYTH
15MoCvBLRnxg5YZfS5Hxofoixk92x2p6Gy76Q1VYPDAkLoQ1:45000000000000000000:OKDOT:OKMYTH
1QKnNhJit6FtAb6x32hj9S4kbMXaNiFRaxm5mm8uoTTudAB:45000000000000000000:OKDOT:OKMYTH
143wFBHctURGhnjcHZdfHFKhha4F6PUXPqgCxXwtq8BNva69:45000000000000000000:OKDOT:OKMYTH
16VM2p1jtay7aHcL9UJympjfK8BYtaDWFoxe9Y5khKYxCKtY:45000000000000000000:OKDOT:OKMYTH
12eAu8b99MnKVLCMBhkQxCajhBuzn32h6KE9VWTj3f143ajC:45000000000000000000:OKDOT:OKMYTH
1Q98JxD7nCXJHCL87VMCkJ5z9DXTm3WczhUeQRzEY7q3KvG:45000000000000000000:OKDOT:OKMYTH
16dNrLKoXakVeNcW4etry5voWNJ24XwTG297wXczvKUuBgjr:45000000000000000000:OKDOT:OKMYTH
15cq2rjZCsMoyE6E8KzBzkaaCSgjVPYbDtcJ6Fck2g6C8mi2:45000000000000000000:OKDOT:OKMYTH
14a6ne3DUcSKsvUz3X5VxdzyszykidtwvFPSKmBoTQJDQBYy:45000000000000000000:OKDOT:OKMYTH
1pqavaxfgqo4r3nmB5VB3BQnRBAR3wzE8VBgTJBDf3RLABy:45000000000000000000:OKDOT:OKMYTH
13cDnDnsJRXnAnwKAxN9gfdz1nkrcTXezCEKMu25DEaP3nmE:45000000000000000000:OKDOT:OKMYTH
14mDw6yWz2HuGeSniuK1Kg55iWETCxVGgVmpv6ebuFbYXnWg:45000000000000000000:OKDOT:OKMYTH
12gXrFtQyTbPe9QPTo3hJ2xip2oLjNy6dfZMthcqA36Ko1hD:45000000000000000000:OKDOT:OKMYTH
1kGnR1fsJmCmD3VH4wXt13Dea46SNeN6R8ogRJQRNNHmhcm:45000000000000000000:OKDOT:OKMYTH
14QRSXVjVSYmoDTQKTRW3wY2qVDVPFA6Ra6A7msLvP8jZtqV:45000000000000000000:OKDOT:OKMYTH
15eHRJLZVPfUnsaYZoZWPY37YJV5hDDBZyZxHccg2QxW1K9e:45000000000000000000:OKDOT:OKMYTH
134xPPrFLWYcWTWSxw3Q5b6Nfzk4dvvLisbqbH3iMC82ppNW:45000000000000000000:OKDOT:OKMYTH
1JPKemMHkcAfZ9T5J49r2PkU8EPxr6kDMAzHCjsebZWw2ah:45000000000000000000:OKDOT:OKMYTH
16aVEBgHJFYvFWQ1Yx7TuMDE7TjXKj4P1tUuCjJAQ7uv65qC:45000000000000000000:OKDOT:OKMYTH
16ZDDjMEDvCFcpYTqCgsh3Wgz1wVeTexv43pAq7vQPYHWH47:45000000000000000000:OKDOT:OKMYTH
13BddRqwpJ2nPNJwK4cREZw1Q5ad4Et6nhGRG3qPE3yEYW2c:45000000000000000000:OKDOT:OKMYTH
1Cdg3aqJXPCyfZJJ9ir27Jeqzt6B7eS7HWNdvDF1Kgm4aAH:45000000000000000000:OKDOT:OKMYTH
12F4LT1prj1byVk9yrcpswRMU5imAoJwrCfzC16JiPR8rC4q:45000000000000000000:OKDOT:OKMYTH
1zixvn8gqVLDbfoRAnvKJc1YnLdo3xnGpdr85yWxC6vipEq:45000000000000000000:OKDOT:OKMYTH
122Qw7gLDJGaBUk7RhXfXoFX9D7UuvFsSFyeZrYheLSaC83y:45000000000000000000:OKDOT:OKMYTH
1BGm1ZwC58LjwS5bir1Z4Hc2KpxPPHF5z1j5RCHgtgcJwnH:45000000000000000000:OKDOT:OKMYTH
1WEAKaj5SEqUoN4KUsHnXtDrX45tSt4DHAxcUvaxv5kNDpL:45000000000000000000:OKDOT:OKMYTH
165mDxYzo6UqGwboWPJgLLyDaRt4iJ2Z1ShbLv1HqycpS6F9:45000000000000000000:OKDOT:OKMYTH
15JNPur6nqVbeGDnPeCGU3VsVYTwaoUigttnhf43Prj8bR2E:45000000000000000000:OKDOT:OKMYTH
16XzL5bxCBGR93WrF65LXa1H15quShqdoSphoYuUsUs7zaob:45000000000000000000:OKDOT:OKMYTH
12UrDbJjtYoBs51nAo6W4VySc8fysHamfXaM2KjNANLASLYE:45000000000000000000:OKDOT:OKMYTH
15hv3gwsokS91y576WFBAzPqdPf4Z9XZWMyaCP346QPgCo16:45000000000000000000:OKDOT:OKMYTH
14Yu8dg6U3QJHPX7yGBxfRAtxq4zAbUzTtNQtVABaEMyhuBr:45000000000000000000:OKDOT:OKMYTH
1BL74u4FxjUuZyCichCF2shze4jtjFYBRSSf22buuUa4LZk:45000000000000000000:OKDOT:OKMYTH
125jm1qJPNisTC4ZBkJYH24QEKcDbtqrsWeAZXe7VbUcBFzA:45000000000000000000:OKDOT:OKMYTH
16ks32A1FarizURruCHzhGQzRwGSZUjra8yuV1sukX53CFRH:45000000000000000000:OKDOT:OKMYTH
1V1w2iYoaeG7Nosvcjs9LgarwDrMz5seCtWSApF2qUQ1W6i:45000000000000000000:OKDOT:OKMYTH
16dxbFVmJJ6nUGi1DJzvXv5hiFBy1im6WthdQwaEowwH1QaG:45000000000000000000:OKDOT:OKMYTH
126RyZZJhj3ak2DPwRDiQJ31MytS9ymkpqix25Bad9TNVMoc:45000000000000000000:OKDOT:OKMYTH
13E1AH9JW39yU97B76GfbbnenssjraSWvpukpJA54oQDdA6a:45000000000000000000:OKDOT:OKMYTH
165YR59uvYM2sczKHKwNvonNMkNAPDqd33r67m9GnsrZA8H:45000000000000000000:OKDOT:OKMYTH
16H2ywuJthor9STmiEqidxj5LdXuJv9DBtFuGGvj3XC5Rs9D:45000000000000000000:OKDOT:OKMYTH
12BSKj818GNqjq2sVF2SAs5XZHqcsvfTwV1YYhGSHGRHfETc:45000000000000000000:OKDOT:OKMYTH
1ZEEgoYS9bYPNQajQpTLQmGmzRpKoXEcnJCraMz8m41SDjR:45000000000000000000:OKDOT:OKMYTH
14iEbUmz3cifNUJrj8Xzw3WjPadBNekk7pKsGD9ey1KYVMp2:45000000000000000000:OKDOT:OKMYTH
15wrKffVHrbnA7Jh9xLTpQv8sHPfbYzsRKW218BDvvEewb2A:45000000000000000000:OKDOT:OKMYTH
12cVEBpegUtZwFDG6q7jKWhMjrKF2QzQt34MmdPNwxYtr5t9:45000000000000000000:OKDOT:OKMYTH
139Y87fyVxK3BTWtYqf73tGUNrHJi1ZcWXeSw4P6BGNdMvJb:45000000000000000000:OKDOT:OKMYTH
1613YzuQxjk1XAE4MixDKJ3MHRJ5gXpfS7frxmof4oV3kCbT:45000000000000000000:OKDOT:OKMYTH
14BHvAQowJZxdAMgkuNWJbRN4hpXVcMxHhygi3V8f9aF1QB5:45000000000000000000:OKDOT:OKMYTH
12ixyEYj7A1SA8WR65YrB5RLhdcYauon4m6RSELyNoAfaSzY:45000000000000000000:OKDOT:OKMYTH
13dtEZCUSVnHgD5HnCJSmuYjcwffpPRacyhfkoi4pPu6gBa6:45000000000000000000:OKDOT:OKMYTH
12gsRdyXKMfpMdqnJUzdzBPedXUBWdqWyueMTYgNUey9A6zn:45000000000000000000:OKDOT:OKMYTH
1tCuSLNsuoQYtwiJw3YuEj44KcpFMSAmpuxoyRsbS9D32RW:45000000000000000000:OKDOT:OKMYTH
12peDjy3UWPTSCrLTaK8TdT3GLURtv91QA8j6ci6rwUcjt8Q:45000000000000000000:OKDOT:OKMYTH
12yQoz3jtmvqZcWGexozKWu6ku3ksiYg1BjjPyM8ywueRiYw:45000000000000000000:OKDOT:OKMYTH
1dWsZwgmx9UHNCfxk4kgH2ewjxqojVkdhQwwTm5wxQU7fpy:45000000000000000000:OKDOT:OKMYTH
129AXK56kTdjBeahzjaJACo4DQ74XRqGHHLEo9shUE7KuxPf:45000000000000000000:OKDOT:OKMYTH
12TkLtMmTjAaprjUGtWPnSRPAwYHCxuwpWrXSuPaRJsaFpeh:45000000000000000000:OKDOT:OKMYTH
13dzkxioydz5FwxbkkbLyBnyagYuzEeu4xU5DAKKvZVQqwjm:45000000000000000000:OKDOT:OKMYTH
13dHcDCRxVHPM4vzUaCa1WroiAvoUP2wGBSvA34HwWHnXQLs:45000000000000000000:OKDOT:OKMYTH
13TYzWXR6qFp42uQ2idZJdC4jzHU4o3hwLJA8FHNiDKZBo23:45000000000000000000:OKDOT:OKMYTH
12usxkx4JZt24UhSAu7r3p9WXE6WcaxEuB16nTNyZvB8dHsr:45000000000000000000:OKDOT:OKMYTH
13F5BvagbQQRUuAc5S4TtXGFfwbCuZ4zidTYf1auqqhDVMh6:45000000000000000000:OKDOT:OKMYTH
1VkUjwsMAMtysHwztAm4er3oNbKQRH4bLRo8jRmSn3FWkyF:45000000000000000000:OKDOT:OKMYTH
16dcRyDjYgtprUVGiQTTco2jnYVaRbqBmjJ9gAwTM16kEWeg:45000000000000000000:OKDOT:OKMYTH
12WJpxrESJUUzBBgqEYJVu4nfY1ieUx8eMy2y6W4rGFWBxJC:45000000000000000000:OKDOT:OKMYTH
12WeqzCq83MNxZ28QkQbFLJqdQxtCzbpsQ129E2j3TqrHo6N:45000000000000000000:OKDOT:OKMYTH
146bQsgHoMN3wTQYnuVv1yarqtsDD8U21jaVaw6KKHGXsg25:45000000000000000000:OKDOT:OKMYTH
15jSKzuJy7XUNfP2fqpTmJE2bQ9KBMabzRjTPTnFdF7szPU:45000000000000000000:OKDOT:OKMYTH
12WVwd3YTow2CpMrkfZiqK23mvHVSDuq3x9TaWwfmnWS1P5H:45000000000000000000:OKDOT:OKMYTH
13mnd4zehPQBFcBW2gLWBBz6N1ucXSjfYUhgZrbdRWkNz5T3:45000000000000000000:OKDOT:OKMYTH
1GkJhQZYn4brPpLsKjPp4zS7jYRuSYhYKnnyyCofpMqcvmd:45000000000000000000:OKDOT:OKMYTH
12f6jkbBxsGkBdvryoCFFhZ3fTLVH2YqnReVUw9MeVqa1Liv:45000000000000000000:OKDOT:OKMYTH
136767nPk58o6G4bFkcyXjKL2ABJWXqufRFnokasGXQf29Wo:45000000000000000000:OKDOT:OKMYTH
15CysEf3SzTkd2WSYaZxW1Zr5btNt7X98Bw9KhX7ZU3XUdQx:45000000000000000000:OKDOT:OKMYTH
13H2aYehqJ7QBXnnH1aJKBZqMKZmetBr9ZgsNEUukUbrFVJe:45000000000000000000:OKDOT:OKMYTH
1t9MUrfM7j7YfanViWvTz7LupsHifVwostTR5V1j5Mf7Mkg:45000000000000000000:OKDOT:OKMYTH
13ET9NXmqQp1ZRjjhCLdzD25Kj2F6QwfHFyN8weFnrFuiPZf:45000000000000000000:OKDOT:OKMYTH
12uDd8xs7UjUz7Vrtj3GgMJcZFbnxRW1RABVjdw2SXpoFCci:45000000000000000000:OKDOT:OKMYTH
15wx55VYg4RULkxPfumSprouVtmXmk1YiZCQJxnNZ6EnLppp:45000000000000000000:OKDOT:OKMYTH
1sNsFJP4aBD6f3Kpjh7fBfH26881Wk8mh1tg7z8EFBZKoUp:45000000000000000000:OKDOT:OKMYTH
13ge3GethAEgXnp4j3q8YUS1o7jc1m8yZuJK5wHvNRCMqZFW:45000000000000000000:OKDOT:OKMYTH
12Tf1f9DZP6PL8gVYvBc3oqNWBNhfaspScLkebRBRr486J6z:45000000000000000000:OKDOT:OKMYTH
15apNv7zJBW7GS6zs8hHTr31R2CQ2ZhrL75iikja9HtTXb2D:45000000000000000000:OKDOT:OKMYTH
15XkXoQgvHu5Rnj52ZJJrA1fZmmVV48fUUugoR9c7SUiEDBe:45000000000000000000:OKDOT:OKMYTH
13rw1xDPMrbkNEBDweHZa7tYWQmawxzCzLyz1kMAS8sHeUCc:45000000000000000000:OKDOT:OKMYTH
13RZvMZkzyfqos2tBnBAqnJvUs4evd1F326C73dGXfWuPcua:45000000000000000000:OKDOT:OKMYTH
13GF1oQnzJpmZ3H33JkQ2SNMwtUjGRkaGVsCw399ZsFeKK5Q:45000000000000000000:OKDOT:OKMYTH
16VZktEBdp2ekpLB3Z9ARUjncqzDt5npCCPeVLTy299FxSNc:45000000000000000000:OKDOT:OKMYTH
13xmSSXYb5giG4GQ4uY9eCTtoVJpgsp6qYMxEChMxsPYwqxQ:45000000000000000000:OKDOT:OKMYTH
13THMQsusdk7eWVYJDaCinpodpDwxrLf9gihgDE5ZZTbyevg:45000000000000000000:OKDOT:OKMYTH
1irSXQYTow1WZk5L885a3SdM9Fmao8PDCrqtpqD5PBSdJjP:45000000000000000000:OKDOT:OKMYTH
162twCi1AMqrGZrkDQh7p1GhjXhcJRrXPv5B2nBnpXCBUFmY:45000000000000000000:OKDOT:OKMYTH
13xRz3e7pfUEM6foZems4Szz6k6W1QPyQSdNzMfKGGeuVy5W:45000000000000000000:OKDOT:OKMYTH
13WYxp9ubjcqXCASSFhxZJTV1AWb2iyMiXoYng4A5bM6C3Qa:45000000000000000000:OKDOT:OKMYTH
13owF1BWfvnVcmzAFZ6vRcMmVwXQWNHYJd9PrFQiEerJNA48:45000000000000000000:OKDOT:OKMYTH
13ZfAerUiUBAdtMrBqv4LhZy5uY64HGRU8s3bE8TnrZPdsUh:45000000000000000000:OKDOT:OKMYTH
144guaCWwR4omDyZ22EaeXkvozEZiR7aE7VBEis4WYYJwWsm:45000000000000000000:OKDOT:OKMYTH
1686jmhvAp7D6n9EN3DQWcVePYTFDzMjQ7A8Pz9WmGnD5ZV3:45000000000000000000:OKDOT:OKMYTH
14pvGhiw2LwPdRWG81AofkdrzMEfttuBi2A2xLveQCrKoWkP:45000000000000000000:OKDOT:OKMYTH
16fmHBu3JpNVmt4sbs361XUTp49nxtZ7rbDzr3yhedfy2PKG:45000000000000000000:OKDOT:OKMYTH
149PRQvZxRGJa64eMNF51j4W9VzdS3DMx3ZobQgKnFVQfqwB:45000000000000000000:OKDOT:OKMYTH
17Z2yVSHoFrMkczgZTCUa2ZABtMPZJmDNZj3XxeCXV58KV1:45000000000000000000:OKDOT:OKMYTH
12RXDR1jgYcAvw3foKN43YvE5BPf1aQj2owfsrXC9sNRk4My:45000000000000000000:OKDOT:OKMYTH
12gyt3ik7BNiUEfdNHgM2NMxDHex1UV4oCisbqZ1kE3At94M:45000000000000000000:OKDOT:OKMYTH
14dYbikZCvgvd8s8xS4P6QRtiNTNXSD935sm6ZtEsfA1iGwz:45000000000000000000:OKDOT:OKMYTH
16MFB9Q2nxJvzxYRF4RptJorR3XhdjbpJxFVwo4CXgzMgz9W:45000000000000000000:OKDOT:OKMYTH
16ELc9rZkXuUQU2TJa2qxXfRc34bxg3RuQV3kS6AnfVGEzR3:45000000000000000000:OKDOT:OKMYTH
16NbUApNxQhsBeqNHabH42MK76dBFLp5v5c989ijQRndUmgG:45000000000000000000:OKDOT:OKMYTH
14GBNcGCqPi9nvzzvGbE84WNJjZvdrXmMqVjpW35939BsiKz:45000000000000000000:OKDOT:OKMYTH
16GK4s3snxH9U1vmFZwD8ZzzVPghDouXDiVzZyhheWe2DRC:45000000000000000000:OKDOT:OKMYTH
137stfdZmzSDzyppbCDWpEoznbA9F1KHE67JsZZwEb3Ep2MZ:45000000000000000000:OKDOT:OKMYTH
14i8TSRpWjKXvTjrVPegyNDuEQDHLVKrSrt8V9bTRSA1u5Lc:45000000000000000000:OKDOT:OKMYTH
14Ta3wK1koUqmbRSxVZS1rGYnHudhySJrXi2X37gtTyRj45P:45000000000000000000:OKDOT:OKMYTH
16GJYZFPUZpEooWPzAnmHhFZkNEu3TSmQ3V8io6GKzcWhFbJ:45000000000000000000:OKDOT:OKMYTH
13wzwZBddYnLHgXCMWZnjjVoQvefyAXFw5fsjbbKEQY41Eeb:45000000000000000000:OKDOT:OKMYTH
14RkWUqTa5coXn1RN2sg4aV3vZDYkiUWtDAiPvvS3bdRYjv:45000000000000000000:OKDOT:OKMYTH
14vcSFtcctRiE4wyaqSMmjLmDJ71jP6iqkExLS3kt5qE8mK8:45000000000000000000:OKDOT:OKMYTH
16fbEBGyLheGSY6SSZPN84JWX36itZPyJA2nKxvAfLVWNwc1:45000000000000000000:OKDOT:OKMYTH
14DwD2Azm4RJCq8P7HTuZRn7Uv7nBSsBVzZpz51acvJ3BkUG:45000000000000000000:OKDOT:OKMYTH
14rYerWnYqCuEbgPcma8ziPtqFFKFFwgGvEoDiDmbeBtPLwi:45000000000000000000:OKDOT:OKMYTH
14VqGvn1ZxJcxtLMiATV1EPpywByNFyUVXZBpYmtDPAr1vBL:45000000000000000000:OKDOT:OKMYTH
12gRWB59jFgwJjMT28qdFQEF8vmxDC5ChYPspAeEe8yMcYtR:45000000000000000000:OKDOT:OKMYTH
14DdEu1o1FxJDTDKxeRdvySGi25M1nJaWEyjmFB7PztVp9bu:45000000000000000000:OKDOT:OKMYTH
16AEeuxFm5tJV7vcevyFdwaKiQ4LTNBpMbXUzYEANvAHaGs5:45000000000000000000:OKDOT:OKMYTH
155E5we6a5u6xRGY87ePhw31VYiuXjNZeaYo36dYWPrJ3fPt:45000000000000000000:OKDOT:OKMYTH
15x19oXCBS8qE5qXSsj5PTRSYonwN2LVFxNGaNYoEE3EUp2H:45000000000000000000:OKDOT:OKMYTH
131Mwd46nmoKhXh7BEZvuFAwCpLd2nrETjH7L6n4Nu6YLCNn:45000000000000000000:OKDOT:OKMYTH
15ZAsntZTazd6maDGNmYjxyp8BNAfV29neTZdeAFXbkaY4iU:45000000000000000000:OKDOT:OKMYTH
15cJNGzkokfXPxGxPR2RBg7QsiygbHNjzrhuenZVVYU5GUqe:45000000000000000000:OKDOT:OKMYTH
12s29fL7Cj3ZSWewRRMXFBuCKrkd8yA28gZFNvXMpeUkRmYQ:45000000000000000000:OKDOT:OKMYTH
16d36Gn4aRAUeEQQmtAhwXTwhbFMcvwN4cnYZ24Q7dLvLLvZ:45000000000000000000:OKDOT:OKMYTH
15Xp9dxrzdNyMhSU5NewswBEhLXBstenwKSwS35z1msAjd9u:45000000000000000000:OKDOT:OKMYTH
15fhi16kw3ZYpTR5qLRtBrkT1Twe7sbkmX3v3Aq3kkntgQDj:45000000000000000000:OKDOT:OKMYTH
12gk8yYdyiBBR3HUzuMEf1LwfK8ajymfMQqkxJcLvvywpc24:45000000000000000000:OKDOT:OKMYTH
1gzQNbupTXwpHSxQuZm5SVBLGujadgapqsxdaVJWE5Jxqxg:45000000000000000000:OKDOT:OKMYTH
15Vop54catvNNrM5eoxChakzehkL6MuQ3kqcKqRuLny3v5Ro:45000000000000000000:OKDOT:OKMYTH
15oY9yr1v3iYAPeNuyGgSAYbpTmKA8Q4z9Efnye2z1XviiJG:45000000000000000000:OKDOT:OKMYTH
1QNkyKDqdjYn3vHiSLwXPT5hMgy12W4BinGe5Z3sQVxqJaA:45000000000000000000:OKDOT:OKMYTH
13m2SCShRnrXzeA5Zssagp58a87zfV44KYvt2at1ApTqNBQa:45000000000000000000:OKDOT:OKMYTH
16dqGiHHRyXNbnAB4RQm5jbEwHyH1b8caH3cK6292LiqhQ9Y:45000000000000000000:OKDOT:OKMYTH
15Pi6ZpMigQFHoqaGMPjwRuMYNP8d8ZrB4byR2wjBDeJsRUB:45000000000000000000:OKDOT:OKMYTH
14mumc1tKYVhiG5LUh8eyWY5jwJEKnEH3QCUHVbob3Syet83:45000000000000000000:OKDOT:OKMYTH
14G38J6nEY8y51NemEMkrReLq8wRTHitTeYXe799ohHFn83S:45000000000000000000:OKDOT:OKMYTH
13X14p3xY4TjJsUr8Qi5kdMmPrZKUunwcun2bKbKt7DM7vBd:45000000000000000000:OKDOT:OKMYTH
15PkhEN68dnBARQsh8WheHgZXfRKopuDj5HdgoQ5bvsbhiY7:45000000000000000000:OKDOT:OKMYTH
16aPnf1Wp29A1MpHX7KdRZCmcvKM66xTnfiLaqYEnaw2jNAZ:45000000000000000000:OKDOT:OKMYTH
13gisVMwUg6eb4U27NYSBAmXVLvBCqMNcMvq8XNdywdAfBnX:45000000000000000000:OKDOT:OKMYTH
1AFjhZMPVubQ8vKZhpFYCXdb3Lo39HtTNXgQu6Vr2TpdLhZ:45000000000000000000:OKDOT:OKMYTH
15Vzb86DHvUeSCUyERaW64jr5PG4LC7nVeiK7xAWSmdDZJ99:45000000000000000000:OKDOT:OKMYTH
12WP87YRn8356TTju49t4b4A9i1cdiaH13adMNZuAzHkQrRs:45000000000000000000:OKDOT:OKMYTH
16d3feYEF2FAuJEFvQ6NGLoebizJsnmDgXkXAPx55yMLjcsN:45000000000000000000:OKDOT:OKMYTH
15rpFFkf7rizRPXA6c3KDN6sgPUsBC1iXzzRkeVAjPGDZg5z:45000000000000000000:OKDOT:OKMYTH
15wX3ZDVbrPHLDZ3iCNBBV7gzLSQdXxJobFHJhhBVGJXziBy:45000000000000000000:OKDOT:OKMYTH
13DxE5a16sqYvBqVmhycrq4o4Kkpe6NjgedcW9UktMLYEUTd:45000000000000000000:OKDOT:OKMYTH
12ZLNj1ryAViN22tRMkBAMgP89ms62y6u4cYtN8T9ZxEGhJX:45000000000000000000:OKDOT:OKMYTH
14omijuteib5K9Cr2fBPMjjUFNxs2qhGG1mr2hnvvhX4He7R:45000000000000000000:OKDOT:OKMYTH
166M9w3CYdkmsFXbovXf9FZqr8xUdPAUHo9YeBrn877LmxGC:45000000000000000000:OKDOT:OKMYTH
15MCJfSX9QZmSZuSLKqt1nhMMiK9nYzXuQqFer4mRaWEVCak:45000000000000000000:OKDOT:OKMYTH
13nJboMCmznS7rG7QvWVSwXM18tbpCKepKL7ZsV19DUiw8h:45000000000000000000:OKDOT:OKMYTH
14NHu4AM3UuZJJSUZi54pbDEdCMPTwUaCFuD34uPWF7dnrPu:45000000000000000000:OKDOT:OKMYTH
16fYnmsMJAyU5YktGCE8ZiegYEP2edwQn79hQvngY6Pz65mU:45000000000000000000:OKDOT:OKMYTH
15PptgGZhReNTadMQBwMZW59psAmFk81iz6wne4Ez2PwiSTY:45000000000000000000:OKDOT:OKMYTH
14fy2Bdwa61mhRPWDGSgnRcQ8kb3MKUWE9ka46X7ZSPAwdnw:45000000000000000000:OKDOT:OKMYTH
15aM53dEm2Qgag4ybkriewfharBGwZafwH5hqz7UXYeWXRZV:45000000000000000000:OKDOT:OKMYTH
16J1LKai1B8A1vuojFGS37Fwuc4oKfcYJY8UvEF8JofyTowB:45000000000000000000:OKDOT:OKMYTH
15kNxcNjxGQtgF6mZT94MtSjPJWZA2Xv7oSDG2TcyNGAeov7:45000000000000000000:OKDOT:OKMYTH
13sadxcXpVgJ4mT6rCiA1Es9e3m7Zj8JSFeZ6mPkmngyw4ow:45000000000000000000:OKDOT:OKMYTH
14Hy6cTDPd5yDvViqz53EyxNBsKHjSZTQKqooF5791H44wuv:45000000000000000000:OKDOT:OKMYTH
1dmYR8me1fLhHdVTBZSuPXZGeuz6Ru8U8rijosbEcJ3W2Hj:45000000000000000000:OKDOT:OKMYTH
179JHjn4xYzze2GAqVk7SGTAEP6cUgpS9EQhkxqHvujznrm:45000000000000000000:OKDOT:OKMYTH
13TmHDibd4QXvTiNp4utpAAa5trcHnpMXeiBzktpTW95rE1w:45000000000000000000:OKDOT:OKMYTH
14WxBtfZpFzbw4KAiKfNcEDxw35BWm6zvD38PLQQZvg4nizo:45000000000000000000:OKDOT:OKMYTH
15SiHZqtNSPVNSn82tWZnaHzdiSxPuY4Uasjz5jCDwYozrTY:45000000000000000000:OKDOT:OKMYTH
12xPFNfcssqGw2yJ54ajWvBfYk9XuooFPfV6p57z5uGVucBj:45000000000000000000:OKDOT:OKMYTH
13Uw4EFpUMhDvwuWgNAm654MAjcdv98U7eUevL2s4ZMjjoPT:45000000000000000000:OKDOT:OKMYTH
16NHfDQC7g1KPn7hv1e6BrJjKPNXjLGiyQrrEPd996Q8hdNW:45000000000000000000:OKDOT:OKMYTH
15VMmwGKuc7oHWbvWHzjJB7saBfyDAaAdn73ivbvtMUKHZhK:45000000000000000000:OKDOT:OKMYTH
16Fbm1KLjd4QnRjoZuE2So1zWYLLXzHjn79uELzwPHLYzESB:45000000000000000000:OKDOT:OKMYTH
13XtN7VrfDdQwdtiq1tJeYJkGW8GeijK1FW92QNiEGjpYWcn:45000000000000000000:OKDOT:OKMYTH
148sSqBEbo9wh26Zqib5mNFeFSt321p1QFMFcU3dLsYgduGi:45000000000000000000:OKDOT:OKMYTH
167qo18dNFLKxsWr29aj5u4suKWp4x7WxBTyLFMCAKSzK9Hq:45000000000000000000:OKDOT:OKMYTH
1Ct7y8S9cKyHTdcqCNcbrRD6WVjBrNNAraVnreuCqc8rZD6:45000000000000000000:OKDOT:OKMYTH
146pmB5wkGehD7EEwNVMbCmfVEJAcxEHwhHRtmHque8yK6ko:45000000000000000000:OKDOT:OKMYTH
15mFhFAWT7vxvSUpzzntMrb763Vtbw1evRvNuxGyhURSzYQA:45000000000000000000:OKDOT:OKMYTH
16AjKNJvUHa2SQx9qVyTX9qK4M1dZrdDboiVoCt4yCuGG7W3:45000000000000000000:OKDOT:OKMYTH
1273RGjFpcmnkXNVKM8N1Kw2UzpFiZt7aCDUKSJ9EjaT42Rv:45000000000000000000:OKDOT:OKMYTH
14AkCZfkwsdDJXeX5w5enLXErWkwoEterzPTWv2mGHFab9fq:45000000000000000000:OKDOT:OKMYTH
15paJdHxa4bk8HVR9WynxhVHSJhNbhz9odXRTpTDHSqFAmHd:45000000000000000000:OKDOT:OKMYTH
16avjN3yCMXXGigvrCMTjaHYxiYnsGx58JG4es3hfT61vHp1:45000000000000000000:OKDOT:OKMYTH
12puthwX3VZTSiDtjcxizxrcZjjfBnow3Y3ukFwnsxH8avda:45000000000000000000:OKDOT:OKMYTH
14FFj6td2yyRNm4dUWD6r3dteQpx43WngEd1kazZioZTEGcF:45000000000000000000:OKDOT:OKMYTH
15VqwNquxN5asUzn5uxMauNCD1kcwmBHP8FSkMvAN9zEWvm8:45000000000000000000:OKDOT:OKMYTH
12jxCr3ZpLJ3tvhwNPG4QownMduPm5iRjBkwAeaXDDFLAevo:45000000000000000000:OKDOT:OKMYTH
12gEmLDTSpzwxaiJ1xy3x3RNQJR6EWt87WwV1AvsrejCAqRt:45000000000000000000:OKDOT:OKMYTH
14Ger24FeQunPmP4KJsxFHCrxHSrp5yJqT2E1JQbfZoDsxkw:45000000000000000000:OKDOT:OKMYTH
13NCLd3foNpsv1huPDzvvfyKh37NEEkGFotZnP52CTR98YFJ:236000000000000000000:OKDOT:OKMYTH
