16JZx6PBbPWpXu1CNTBbZ4Mo71CZEGZd8LhPopAy5H6bSpoM:45000000000000000000:OKDOT:OKMYTH
12U3CaTgeSWH78NnpodszcECn8KSNvd1ikhnHA7ijc4yWAEn:45000000000000000000:OKDOT:OKMYTH
12NuSHzcReCmdyaFPJeWtuEkuEzifQ77PPBe4KyZuFsXaWts:45000000000000000000:OKDOT:OKMYTH
15B3cDMXohMMLjNqFAvc5EcwqroA9Mfjhb3EiHkCGBv6o3X1:45000000000000000000:OKDOT:OKMYTH
168Gy58xyNtqh3Vrduhfsw5RaQeXJGwWmj2oWgYaepAQoZRm:45000000000000000000:OKDOT:OKMYTH
12xakRmYsM7noUkdHF1zx6QRYx4QehPRmHW5v7KAwV2JHd5X:45000000000000000000:OKDOT:OKMYTH
12vGQqcVjzdBVxfaZaMkZzaRWq8VicwtYF2brFp4XZWLe4vM:45000000000000000000:OKDOT:OKMYTH
159WujwzPseLbo3CJD1DEZTsyGiyLH7sa5tYbb47HvUn3nZg:45000000000000000000:OKDOT:OKMYTH
16Y9ZQTi9V2T5TF8okAuxQ988XqBywvEwT6wcUZmA129GXEy:45000000000000000000:OKDOT:OKMYTH
12yWt1GSJ1xpRKb7oengFKKKHWy9KEBYVCxuiCc8i84ycXuV:45000000000000000000:OKDOT:OKMYTH
1s6s6kVzLeq1xPgr2wUTmRxev1fuoQtNpBhcQaZJ9sKdMzW:45000000000000000000:OKDOT:OKMYTH
157hKJ1biCMDqqZmjb8Akj24wWe3jVzQXANzbD1MnTCQyViF:45000000000000000000:OKDOT:OKMYTH
16ZupU4cfiuwDM1BMUrgL49Rxw4gKL8tcEWbQNAYyJN2GA1s:45000000000000000000:OKDOT:OKMYTH
12zjjGmdgFYg9hangSGUt9j7kRHBXP7JdaLXiYtmn4zL2ACz:45000000000000000000:OKDOT:OKMYTH
12j84pXHq3gY8JA7ybLu6anRZtJQAcnD9yuKbzERrciz7goF:45000000000000000000:OKDOT:OKMYTH
14TRNbnrSs2saL18wajDesFEPLyXbEGyMRbt7hZE4mSVoANq:45000000000000000000:OKDOT:OKMYTH
13CZz3PeLPqfuHciSs3BQUJ1sHZ4255mx6oXHG57DkpsqP5P:45000000000000000000:OKDOT:OKMYTH
1367vYJvut5xW6CXhykGqEtaXb7zuAJhmSEBR3d8aMmyfxF7:45000000000000000000:OKDOT:OKMYTH
16AWVQ2g3JyKorXYwtXtkWkaBo4DQNAMhYUZf6EM8oe5Vu81:45000000000000000000:OKDOT:OKMYTH
14QVC42tEzbD3RfNgHMHMDowvdAtjX3odQgEJrQh1m8LJDaW:45000000000000000000:OKDOT:OKMYTH
16MPEEN1kQpMwHof5ajNukXn2DpQij7BUqgjwdLJETxqdtTj:45000000000000000000:OKDOT:OKMYTH
1388eV3vWXSKy9EyU6qsGcXNwscQXDqW1bANuidgox1XhzzH:45000000000000000000:OKDOT:OKMYTH
16tsATjbV9gSb2Zzn7vLjYrS1K3Ciczr4fW11pa9G9ozByY:45000000000000000000:OKDOT:OKMYTH
12uRooFj8DDS9FMiFVMYP9UfzTH4h561E5gPCsVrfQUZx6S3:45000000000000000000:OKDOT:OKMYTH
12Gb5f3WQsEjWW1tCMFM4MHxYRP1YVsuy6UGDYWHfVj6YBct:45000000000000000000:OKDOT:OKMYTH
13BPFLhdg4zNuR12rmv7zHnJtdoNFekmV7ke9ueKkNpFUReB:45000000000000000000:OKDOT:OKMYTH
12xyU6vV8RcgKBqLtHWhKViLjBYGNLHMuYjshMHaLhbQjb8g:45000000000000000000:OKDOT:OKMYTH
14p3X7ndeQpTg9qRQxJ54zN549nTbvys8eSHA4GvWNyDVeeB:45000000000000000000:OKDOT:OKMYTH
13VeX76XMzYjRGaBbNpxUGMmd29UUBSaKzTTDmUQpwtadVjC:45000000000000000000:OKDOT:OKMYTH
13EwwUQ1jCp66WJCj34cCRB844svT6FHBgNkCDesMdD949x8:45000000000000000000:OKDOT:OKMYTH
14ogddNRVmZfTDMFeB7oKAikjzUed4Mr5zty8Rq9ReNR7XDX:45000000000000000000:OKDOT:OKMYTH
14gABirrNYzKVWFbXzXtpNQqi7e8jUuhdnEZNDKonwYJrEw3:45000000000000000000:OKDOT:OKMYTH
134vPsmnw9ihWcWnFgVYN21g5cThEJTYBeqnLYJ2NL74SnZ9:45000000000000000000:OKDOT:OKMYTH
13jHMBhyFmBT8mX7tfs7u7y7mgGfoYbJUbUH2tTzL1H1b9At:45000000000000000000:OKDOT:OKMYTH
13qmmKyVV1VCzH1YWHrMubHqsmH3Wcugyn6S2RCQxSHV72x8:45000000000000000000:OKDOT:OKMYTH
14fRVA95A7CMT1VaDn3YHjA9rhVzKtWBoXGvQTithTU3zGim:45000000000000000000:OKDOT:OKMYTH
14bDG2dygSnjM33fCSGYUz64e5wic5MHawYsfan6RDhL72xw:45000000000000000000:OKDOT:OKMYTH
13QiNzB7GLTQLdViu5KF7jptTf95FmVYjiRSKWM1uGigN6mu:45000000000000000000:OKDOT:OKMYTH
15D3RGqyKeFzA58ect7CqUWpW1MFcmG36q1SDq3zBasHMiHg:45000000000000000000:OKDOT:OKMYTH
14f2pgAjry3YZTt75HtTT8J9nD63prpoHtoAxy7NiJmKQt8:45000000000000000000:OKDOT:OKMYTH
16CaLL88W3BnU3A8yaJjwR7qwRLymkGNn5itg6ZQBzEKiE2b:45000000000000000000:OKDOT:OKMYTH
13Qr4ucoRt455kGWSxhgpGAVFnQLqLNMQofNeGycxQNm7ff5:45000000000000000000:OKDOT:OKMYTH
17eeuwq9othqhihDnrHZmdVWqWA4ViUhZFdQvVshG31hcGB:45000000000000000000:OKDOT:OKMYTH
14eB3qGrqsuxTTXfD2m5pJkWGLxmrS8GrGgCsdRUDFnaWgKD:45000000000000000000:OKDOT:OKMYTH
16CcEWqP4ZJSWHJSSrwTQvLYLxFgRK1tka8ieJE2gmGQsrm6:45000000000000000000:OKDOT:OKMYTH
13T9DNyKgWywTiH43ShR2qFXpY7wAmy5SQFwBAHSreUDWAe1:45000000000000000000:OKDOT:OKMYTH
13ctnDGtsrY9AZKoMxh1nCEizppsGt8YceFLrTzyp5d4p6e:45000000000000000000:OKDOT:OKMYTH
1443n6yT81QvfRprVae3r728TY91TbfjaVucYTfrzRCAALH7:45000000000000000000:OKDOT:OKMYTH
14kC8tCzZKvWLdS7Sxg4pq4LT3hUuS5x4jkFsESRSEb1NCxy:45000000000000000000:OKDOT:OKMYTH
13w4UpGX9Dh6YsDZwY4aTzXazWC3JNs2QQPDSgD4JYLcMoFo:45000000000000000000:OKDOT:OKMYTH
15GE88v8TonNhHop51DcJB6pyc7xaqBdWik6qf4uopwmKbUe:45000000000000000000:OKDOT:OKMYTH
13kjYb5SJ5zWZwHRYMYF6w1FhpoXdrkUkVWkbN8Pkom2brfE:45000000000000000000:OKDOT:OKMYTH
12Ls3hRZsJqYfnBkNAwYG1NB2Y2sutVpiaSD4XvYbf7YPMbE:45000000000000000000:OKDOT:OKMYTH
15UsPSWxsckeXwRjqJprZnUfTJnqHNzfVcbLUeNHYbjx4vn:45000000000000000000:OKDOT:OKMYTH
16DhConTm4qpwTkGKA9kbXfDKpCgUASfCt6etrM3NtbRArtJ:45000000000000000000:OKDOT:OKMYTH
13Jxc7Recy8aFGfR7GrWVKvTXvogGEvdcECik7WY7QxX2h4Q:45000000000000000000:OKDOT:OKMYTH
16CSdKjP9xXio5Pc71af4AL5q93NqGoyM5vbMqeuc2M4jvDd:45000000000000000000:OKDOT:OKMYTH
15RqzMbSkHBTZxQVZzrv4aFq71zQuC1FtBhdsFX9gFBz3ojp:45000000000000000000:OKDOT:OKMYTH
16PetFDsQNZ9kSu8qDgNV4THZGvEQcTVfaR3HVsABV2NAqBg:45000000000000000000:OKDOT:OKMYTH
13jqhEQ3YesZ2gVENMJ5kJN6srBBgLMF2LFBJA6iUKzw72rV:45000000000000000000:OKDOT:OKMYTH
1V6coeKF6AP1opaw2nsjvMCDAkHi8cJdSsENhu5RVHnLq7Q:45000000000000000000:OKDOT:OKMYTH
15oGWhs34Se9yqKsx89AehA5oYGQZ5RJx6D95sjpjTH21cFt:45000000000000000000:OKDOT:OKMYTH
16mZxobmNJmu8GEQakrrZC6F4AKmJcvi2NYEDx1ewYMEQe4p:45000000000000000000:OKDOT:OKMYTH
13H1zHReU9VFRMo4Z1EwggR2HPCoT8zeJJ3qGnmotiLhUBfv:45000000000000000000:OKDOT:OKMYTH
16fx5oNaD1nH9gkR1R2g7o3KeAHHJMgFhAvinAGfdwFp3htF:45000000000000000000:OKDOT:OKMYTH
15kJsbdbBxtJKNYB3wqysWvPfuJttG6bqrWJ4vvBXnqwxGEr:45000000000000000000:OKDOT:OKMYTH
16LbBFzvWSK95KbJgfPLKkbBVH658jpQ7fFsN9VLAfF7Q9UR:45000000000000000000:OKDOT:OKMYTH
135tRQVYxpVmMBb2SioFkuM5CxsYt8ZGKmwREYxsXsSDPBZM:45000000000000000000:OKDOT:OKMYTH
1Eo5tpXFBS3z5NtRNAnmDqvp6WPWErvAKtGJpXgBdve9VC4:45000000000000000000:OKDOT:OKMYTH
1351rQ1RSEyS2ujvp9siVa6kmZC8Woj8BDhbkNdhefbWtXys:45000000000000000000:OKDOT:OKMYTH
13E2ZNH4SUqA5ms7ECXzbwzJG1oKRAMmVvrPtkpFQ3LWyNcV:45000000000000000000:OKDOT:OKMYTH
13gBJw5DfwUY8hqtLxwud3QakR1JjR2Sra3dcUh5jeBDbR8n:45000000000000000000:OKDOT:OKMYTH
12GvGEdU3XEA73N4T8EkT6deZBySbP6roTzXY41diVrZ4jta:45000000000000000000:OKDOT:OKMYTH
137vLUqnBkv14YZMEKpxUNbet9NiFJYfeVoGH1u8XBnrikrg:45000000000000000000:OKDOT:OKMYTH
1K4z1DfiVozar2GRu5Y1ivYUk2U5B1YU16c89wygxiSZKHj:45000000000000000000:OKDOT:OKMYTH
13f5wMiJQi4ruvUetRPuijB7i6BWHtXqXSHYymuKc1QhHLr7:45000000000000000000:OKDOT:OKMYTH
14qSYDfs5fX82JXfZPePeKt9V2QPTGuGuN1UP1KGNfmzyviZ:45000000000000000000:OKDOT:OKMYTH
16MAuB1b1J7iVaa81rsHLM9MDJbfvC1MDFDx2J8ZaPAnz1Mk:45000000000000000000:OKDOT:OKMYTH
1jMjoXwjUqx2MZHwEuTYKHEb6FDGYfGRMRJ3WGpk7QgTBUT:45000000000000000000:OKDOT:OKMYTH
1n3yVhofooTNZk8iiuB4S2f5dAqdB6L9CWtPcHhdCDmSzYw:45000000000000000000:OKDOT:OKMYTH
1Z4D4ykDrMwwqFZjVCUcVGCkvP7SpauLbiDGwoFJUHNDkbt:45000000000000000000:OKDOT:OKMYTH
16RuYTfWt7dBUrsa247QUedFswooT24NXJTdgV8JuVHK22rL:45000000000000000000:OKDOT:OKMYTH
1jiXayLdntBzsZ5jW9fU2HfuGGdUvbPtUxh5guiHRMSWpx1:45000000000000000000:OKDOT:OKMYTH
1icQiDnZuvx9c45BjACsmfeJNvUruHeY8668zyHf7AELU3o:45000000000000000000:OKDOT:OKMYTH
14uaztUfa7uBSm6vauvhQxfYiwaZRvYywZY4E4VbngTpAwjC:45000000000000000000:OKDOT:OKMYTH
156dny74hTPGLH55eeNPFLgyQ8pKuQev9xqfze5jxdPwxUMz:45000000000000000000:OKDOT:OKMYTH
1CAj6hAoLikuRf7dNUnDAc7bBQxZTKpgUU1kfc97kvfHZJY:45000000000000000000:OKDOT:OKMYTH
1g7w2zWmzHgPfrrcnGRyEBuq1h7Zuq5aLU3imXnkc92av2d:45000000000000000000:OKDOT:OKMYTH
14ucNm9zvzD5NpbuamexjVogHcs7hcgAt6UVoowow8SuFz69:45000000000000000000:OKDOT:OKMYTH
16GS26oct6gTFQB4xZWQMqETP93zc1buaDGXRhAAnNBKQtfa:45000000000000000000:OKDOT:OKMYTH
17FcuuhuhWY5sPykSoHMtdyLDPiL7wocvDn6MULynYVmCzd:45000000000000000000:OKDOT:OKMYTH
1EQnHHgQBxig2VhsGvCmzkT63PLb36G5cLj9FLLAU75w1HT:45000000000000000000:OKDOT:OKMYTH
1ZUNw49rj2AgyHMQqPjYERQgD5zGcKxWJxnaSiQYU53Z1i2:45000000000000000000:OKDOT:OKMYTH
16GxKPBrTo4XS6sBVNNtduCKGDJcSrTcd2mVQu4b6jR4TCav:45000000000000000000:OKDOT:OKMYTH
16Zx73YoNemoWW5LBoaFG6hriEoE3tCTi8ANm8wouMXQzvUw:45000000000000000000:OKDOT:OKMYTH
1A3mje36cY6SPAKx5jfyARM7JcF7Lv2gGhoKjRNu679KRWa:45000000000000000000:OKDOT:OKMYTH
13sNNcWPw73N2dNPRBwzxGhPPB4LN33nCUiuwpGBBPBFR93X:45000000000000000000:OKDOT:OKMYTH
1428PYh5VGR5VjzLx31wyARhggYXj6udo9cRCWYiZpcTYFwg:45000000000000000000:OKDOT:OKMYTH
14C6dDygJVmUCJsCnF6Am8XYYNGpLfCnSENXKtGrxg8BzxUT:45000000000000000000:OKDOT:OKMYTH
18aZdgdSeQn8Ue5Nesu2rPz8Cx779aHWCucwgmNUpSDFsdF:45000000000000000000:OKDOT:OKMYTH
12NFUyi2z3SdeWut4A63MHEjKvKXXhSrsD4LtStavQg4J8X7:45000000000000000000:OKDOT:OKMYTH
16M2JjtxWkg9S5LZmwRpdnYoPT6hh8Q8XJDcoop3fZU7mZdw:45000000000000000000:OKDOT:OKMYTH
14jCHCJdoNcCr39pUx7gkH5XZCdk3DdFTCVRji6Wyh5f8XWC:45000000000000000000:OKDOT:OKMYTH
17NPiFfQvCv9n3aps4Rj9kjC59EpLiyZRb8pY1cgKXWoYof:45000000000000000000:OKDOT:OKMYTH
12pemUnT24pzz1EKxw1J3KcAK9WfU6RihyNAkh7sV7jFQPzE:45000000000000000000:OKDOT:OKMYTH
13pWqEGBy2CyETiD48Tw5ctBumPMNwfKRNrinHGQkc5pomei:45000000000000000000:OKDOT:OKMYTH
12WmZBW6Dw7WEeGdsPyABKYNtjNEMj6UDgVs6xNcZEqUUCxi:45000000000000000000:OKDOT:OKMYTH
16FpJkqsw3YtUq4aTkRCVR8XQZCdHfnTGjy5MDtEYDc4r7E8:45000000000000000000:OKDOT:OKMYTH
14YYFS6x5eYwhR5fRkd8ndwSp3vojx5a6xK2WANSiRbdzorS:45000000000000000000:OKDOT:OKMYTH
1ZcVisBjmDSpG8PLimpYwAdGMe29xWZRPyf9k26eCH8zKBm:45000000000000000000:OKDOT:OKMYTH
14K2dQKDuH5YBsm4gfV2doBWRWTDRa4ebmWBbCxmiqSVsiKz:45000000000000000000:OKDOT:OKMYTH
16AiQvgck76fsjFq7tNqaSTDCa4p91PRemoTCcogtz983ECf:45000000000000000000:OKDOT:OKMYTH
151UwhWg2ux2QgfJDPztU9byCWrFVCW7xwi5GsKr3gdVtRg4:45000000000000000000:OKDOT:OKMYTH
15s5WtCAovPm59E3FirYYqFkzT9LLTzgsHdQke6kCAE5a1C:45000000000000000000:OKDOT:OKMYTH
14kmvevqiaViFCbsLeyxXM61iWS24C7HkJVMfAcxCxnFTUow:45000000000000000000:OKDOT:OKMYTH
162xSVnfeswEjrNYZZQ5vWYgToMzRnfuqVjhLrWPBTwCa62p:45000000000000000000:OKDOT:OKMYTH
12J3GeyG18JAH2jrekAasWEzbmP4qjDdPW7p6VynKpBwwUTF:45000000000000000000:OKDOT:OKMYTH
13EcKSyUdRFxgLbZXvsuanwnxcHerT7x4BGEFmXB7b5jNDsu:45000000000000000000:OKDOT:OKMYTH
14NAwdjtDjj7TcBzGC2p1aeALVGFriBcx8RYnZhwFZycgGao:45000000000000000000:OKDOT:OKMYTH
15ZuVGU94tszSdEmHoxUoS7zTzamaimUoaUAnTJLmyupjtG7:45000000000000000000:OKDOT:OKMYTH
1343NnNbNWqsejehAqcFUHQgfSnCNqD11KMzZdWNQG8HkjY5:45000000000000000000:OKDOT:OKMYTH
13JbPYBCUsuCDVwCQjYdi1QwSAwxEvSFa8JpSYhjv4Tbw7cQ:45000000000000000000:OKDOT:OKMYTH
14orRkPdcau41HENwVMXTDoFbPrVPubfNbhH8DHxHDvBCTVk:45000000000000000000:OKDOT:OKMYTH
15Xaeetmj5qKjRJZoNazPNnDrRLFRDF8EVFGzcYEyopTeEBw:45000000000000000000:OKDOT:OKMYTH
13VXbucB6ZNKwH6HCFPLyLg5NqjoFQBN1rPoM7b7bkPTbR49:45000000000000000000:OKDOT:OKMYTH
162qc2pwbKthKpZ1eXfH2zXGdG94nz2DJnKsQ3tSDXoUvhDh:45000000000000000000:OKDOT:OKMYTH
12t7o1QpWenhUKVyawRTceNog3wwGqZHpAqmxFSvivQXjusn:45000000000000000000:OKDOT:OKMYTH
15UYbiXC4Qf2bcnScqkhgGJkyeLeDanpLbBpZB8xfijRCpag:45000000000000000000:OKDOT:OKMYTH
15AXgLGU56v5AYQGyRPy2brZn5nG8EWE5P3KWzp2wSW81Uft:45000000000000000000:OKDOT:OKMYTH
15V92b8ekGuqMhENhxydbKK2C7KpS77xymktbvtvPGFjFnwp:45000000000000000000:OKDOT:OKMYTH
14PiyX8Q8y65V9bGfL6CJMHkbPB7Aq57w95yRG7xuwaEkqMm:45000000000000000000:OKDOT:OKMYTH
12j7ecwQVb58JHnia25nwtffQdNMMC2jna3CZ5NYD5qKqaPH:45000000000000000000:OKDOT:OKMYTH
12aoocAfhdCreVVYEPus1Be7eXPVeyx7JixKoHLjU9ci58t8:45000000000000000000:OKDOT:OKMYTH
16BCKQ8Qk42urL6eqjG1JZRJy4V8CKG1huXRWLRYQmrdGQ59:45000000000000000000:OKDOT:OKMYTH
14UzqrFroakPh5YSuY1fTMVrACcebkEiyndHRr5Lf3XFFwTT:45000000000000000000:OKDOT:OKMYTH
15KWmtjTwviY6HDwrk7otyZFguXvXBGYCwuAk5o88Dzk5CfS:45000000000000000000:OKDOT:OKMYTH
15D4FERYfrnjFaS762tuc9XuHjPULGjkPv8Dzrr6N8HEz8Jg:45000000000000000000:OKDOT:OKMYTH
13Tmsj8xq8ojfhYjBX85wKr3nsq5wj2xkDAPczMRxTzUUFKF:45000000000000000000:OKDOT:OKMYTH
14zTDWRQYv2fLPvMh1GE23u8UF7mNo8AKFiv3vydiLwYumbd:45000000000000000000:OKDOT:OKMYTH
14ESGn8BXj74UqW2TQoAAciEvxoDCyrBpPTFme4UsPWhLaVH:45000000000000000000:OKDOT:OKMYTH
15d6jsJdkBvTfTYi5uiNArECJAMaf6YaspxfpQFcW8jKSwz8:45000000000000000000:OKDOT:OKMYTH
12W96Vd8dE4bLcrDxAhRpbkEBryRCXA6XErqwNWTxXqJUjqF:45000000000000000000:OKDOT:OKMYTH
13DtCoqtmG8BhkexfaMXAtPmFb332tDWAKnf74Ym2aB6MLT1:45000000000000000000:OKDOT:OKMYTH
145iTCrQ6DKyQDGeQg1z6AXKogjfnf9s74ZknS2arN4zbXqe:45000000000000000000:OKDOT:OKMYTH
15dSgAJucNpcgXkiT56CxNmsy6NHDjPypmdnLyYAgfxaBKJA:45000000000000000000:OKDOT:OKMYTH
16WBV7MNF2wvKRAXbH1sG9ABc2LdG8Wdt3yzzpf4MgJwdPSV:45000000000000000000:OKDOT:OKMYTH
13tgT248SfCkrYbbGaUknuq1LbC8tCKPKKSqkYCKZtYYcTUP:45000000000000000000:OKDOT:OKMYTH
134qFhw4PZUK7YM9FNg3EChbLrAAXPMVkMe3JR82qMbqE5bq:45000000000000000000:OKDOT:OKMYTH
1455uC5Ndiu3Aqsmuz5XLDH1Ut3coHuHiMJsXuu1HoGdVVip:45000000000000000000:OKDOT:OKMYTH
14g4dDvrsgghvrfjyWkBDZai97JwVd3BsX2VxmRqU6kkCY3x:45000000000000000000:OKDOT:OKMYTH
1xxxSEGqQ2HkVxgtRkHeN4zNMEQFSE5E9NJqjjRvApDaG19:45000000000000000000:OKDOT:OKMYTH
14BLPVKn8qfB6SvktQSr1oCKumHaaPVaDz5LuqVmx7CkrRBX:45000000000000000000:OKDOT:OKMYTH
12QapXprLJEqouQYfTC5ffRRUT7VJ6UpSXj9hirfmqNXFqXP:45000000000000000000:OKDOT:OKMYTH
14aS8eu1catguKt3tJq8dmmrPFGz8ZimCHnSNqTjonc86o6o:45000000000000000000:OKDOT:OKMYTH
1NWXYaHLjiGcV1Ht3xTvThGwwLoXwTLhfSjrL8FimvcLnSD:45000000000000000000:OKDOT:OKMYTH
136PtSmbxNcPCvupQvaTJbNRPb9qLtg7G1E6FRqwxHGbm1SH:45000000000000000000:OKDOT:OKMYTH
165CUyZLyvvbsezRWpNdLGLpiT5XVjkEhgVe9igmAgUstpH3:45000000000000000000:OKDOT:OKMYTH
16fEt1P2itKPSXzuDkSGXpaejfskGfbzosSQH55YG8jwXED4:45000000000000000000:OKDOT:OKMYTH
12Lm29m2rrGwPoJVQ9tVk4pjhzuCBr5GxuQDVG4Xo6y3Y7CK:45000000000000000000:OKDOT:OKMYTH
15WCTRWmWAn3aTrmMmmH6D9ijto7fVz44ku4kTHbgcv17LYH:45000000000000000000:OKDOT:OKMYTH
12BcPYYGTjDgJopNFBE2dhhsmttdcoTTycN7CMr71srn2ZMF:45000000000000000000:OKDOT:OKMYTH
12nFAZuuZiPGXCE4rxLpUoETa8ekRNQ5xAUr4kh9rQfAsBAa:45000000000000000000:OKDOT:OKMYTH
16fZ3iDq3A6YcEP7aMWxuLuQA6D1DiSg2a6aThiQtki1zYAo:45000000000000000000:OKDOT:OKMYTH
156BNUKK3BVyN6LwJkGXtyaYnNhyDt1b1iH36Tpu4afKR781:45000000000000000000:OKDOT:OKMYTH
14aeRYQxneauyDgGZ2wqrWQDssDi2nZfSUWLq3kjFfECdKH3:45000000000000000000:OKDOT:OKMYTH
13rKKvPB4Cyb41C4xH235XgxQeLJoSzLnETQdrMT4AKjtb33:45000000000000000000:OKDOT:OKMYTH
16FkCkNM8uBhBH3Mm6pdX4TGEmWNrMfUSjafEiZWQZHo3nZz:45000000000000000000:OKDOT:OKMYTH
16ktomNvubLmzxWzsBJEYThG9gKpMGcaugzmfsq1LrKxyisU:45000000000000000000:OKDOT:OKMYTH
12QQtZzG26LwkvJDFQavxwj2gr82bPudv2FkiW9dhnvLmoZs:45000000000000000000:OKDOT:OKMYTH
13TDKHCnAfFafak4sUH3YzpZVW3ejeEbJy3kEaoL83Ge5vqz:45000000000000000000:OKDOT:OKMYTH
163junTenmNLNAkG1Lr13PLtufBwMkanY9xRrUFiKu1DMxix:45000000000000000000:OKDOT:OKMYTH
13cL2XqqpW8tca1RP6e4E5KKGeqt4qGP1AYu1Q1bLhup6ha4:45000000000000000000:OKDOT:OKMYTH
15mZAziPmGLofreRSHJnH5L1cUdponXZzZmwXRDRJxUNS4dQ:45000000000000000000:OKDOT:OKMYTH
15AKMpQr1hkTPhqNbwNRvnN8Y7de6bmaj8PixECogSonT6Nc:45000000000000000000:OKDOT:OKMYTH
121SpumL2KbVt7aKHcQnstRaawoKrmCytPc7U9BVL5fSp6kb:45000000000000000000:OKDOT:OKMYTH
167P4oYmtVP9J2TKVQGQasBMHLmJWAoFCTXtZ2tC27tYBdwr:45000000000000000000:OKDOT:OKMYTH
12fgmtk8ADTp26vKV9wwWrS9ZFxAqA1HwPnC63hSN66CkCn9:45000000000000000000:OKDOT:OKMYTH
15isENPssgnJbR8nmXS6bkC6jcp72qgZjE9npdXiLVYkFyND:45000000000000000000:OKDOT:OKMYTH
123iLLjkLwAquhAtA1J5qQzd6H21vLaMPR2UjcCArPtxnfTN:45000000000000000000:OKDOT:OKMYTH
12duYYERZyPxtSHEA9X57eCtQveapYiZbey1aDXBKPjUJbxD:45000000000000000000:OKDOT:OKMYTH
14BZSkjfRkbfz3o7vfFBK85gJ5Yp5bmiTbcvxCQuoCiVH5Dq:45000000000000000000:OKDOT:OKMYTH
15g6hXVF6scayNR8HRwF4XoUUrsjC7vfsVX5ydbiZaMkMtZa:45000000000000000000:OKDOT:OKMYTH
124HpbCBXBVWeAxjunhZp92Te1VbMYcwmJYNWK2W4jk7YCUi:45000000000000000000:OKDOT:OKMYTH
168PCKNug2KgUcAuB1doZLVDHps68YK4aUL5WWQ6NVGjvSTA:45000000000000000000:OKDOT:OKMYTH
1P3FHzoNweqSJWNTxj6aVWn5GK1uRkHCRJw22gw5Bjx5Xx9:45000000000000000000:OKDOT:OKMYTH
15fK9uapgaUQRMAKTm9wsBpNgfto9HMMadrtG34Eo7ahvgHu:45000000000000000000:OKDOT:OKMYTH
1272E6f7hKbS94Y3kKC9WnZ8z635jLnmnhh7JK1enfqq7KQ3:45000000000000000000:OKDOT:OKMYTH
15KoQzGJa48GU4VaUv2wyEf4wNq7ha6i4PAv7wog5XSiN1iV:45000000000000000000:OKDOT:OKMYTH
15p9i5sC2Q3LEP8E5zBoSohxwL5Yoy9wpuuYBfjsNH4NzDDJ:45000000000000000000:OKDOT:OKMYTH
15cLsRSdo3Kxm6v1yHT43PKcxT6SGj9D4mKdryphFxdXu1He:45000000000000000000:OKDOT:OKMYTH
13sNcvdGLS3PAy29svibLGQSU1KGstsGhq4AdoFA8tHjnsnA:45000000000000000000:OKDOT:OKMYTH
15dThgpFrQUcM3RqUyX1L4AXuU8cyyHmZcBiVWCJmXeKTpJH:45000000000000000000:OKDOT:OKMYTH
15SBQ83W8X4BrEgfWmyEKfTPqctQTfUT6kvMTGsoiM85S4gG:45000000000000000000:OKDOT:OKMYTH
155rdB9sRf1Hmb5imX2WoQXEKGdoTDpQz9MjRpXBLrdg26VS:45000000000000000000:OKDOT:OKMYTH
15dHXt9NnmTPEMvmMsdzJPVjEtmEZgUk57U8PR56wQttZNX2:45000000000000000000:OKDOT:OKMYTH
13KrqM5fk1ffxfjUN8UGJ1axTNUERPwmva9JBzQesSPYs55r:45000000000000000000:OKDOT:OKMYTH
15tSUG84qq1rHJdSdS8C6exPFwU5FQ5xnaeGfmXp474FFEGz:45000000000000000000:OKDOT:OKMYTH
14Xv32n2XTHjBR53QEisnykbie3Louhf1wLoF942MXD2xTy3:45000000000000000000:OKDOT:OKMYTH
16fPXojWRbALEqNKvZ6Sj1ka4ikFemw5YpvgA3QJd7rNt5Za:45000000000000000000:OKDOT:OKMYTH
14dVuXT6NEhHDebHiczdWMd88uazxBDLrF4LeLe2v2aB2RUE:45000000000000000000:OKDOT:OKMYTH
13B1HR3cCTtc8niqn3yfbYAAkEsMg8sS96wwah1gjiRtfbLQ:45000000000000000000:OKDOT:OKMYTH
14SLapiVyqfpELf2UU7ewTuZzzH8hyuRySRzPALuuBxuDwn8:45000000000000000000:OKDOT:OKMYTH
1544e27rgMiVSbWYP7Ydsds1znGN4Pm4mrNbEYou4NKvW2iz:45000000000000000000:OKDOT:OKMYTH
15AipinVhGjcnqSceofeMk8gpqGXCoYp2LJAp3RZQGSsGEYz:45000000000000000000:OKDOT:OKMYTH
16PeDC4gy5Ni4Xf8VHE6dFEftsMx7YAVmiVCbAFVXUm8CxBD:45000000000000000000:OKDOT:OKMYTH
14Po2BHCXs9wzqUTC2fb5tWV95atQGR4VHVyynBHnoyKZJfD:45000000000000000000:OKDOT:OKMYTH
13m7mjhkw1Hd2PjHj8Tk549oYzocNgSCgVXWKeQM7ybkcjRn:45000000000000000000:OKDOT:OKMYTH
132Rw6nJSEWjPUiuJQUYieqrup2dwTP6Tyfq6qU4HSN6m44a:45000000000000000000:OKDOT:OKMYTH
1cEKw5v43yBTUSEjY3c1j3PxtVMJZVHNMnb9SMVChb52ZFW:45000000000000000000:OKDOT:OKMYTH
14phEj4N9f2AmTcujLAEogaUBNvQuq49RftvYDLHkKcQqWxB:45000000000000000000:OKDOT:OKMYTH
15tj48nQzx7M3xNKVv9yEvHhpk58Lo8SuHeq2RKEX2GWc3wV:45000000000000000000:OKDOT:OKMYTH
12orKqahipNmKvi1K3pte6iPLWEeaPHaLCvugRFUig3wfp1x:45000000000000000000:OKDOT:OKMYTH
15MtUxnWdEPPaJ3JGfJnZqhMJ4Mbe4PtUYFqcLZX6eh2Hgf7:45000000000000000000:OKDOT:OKMYTH
13FkhSpJM5xAQ3iqEromw8tGPrRudGtY9fgbcBSRExZfLice:45000000000000000000:OKDOT:OKMYTH
1bLd1b3GPH6mdwZ1yXERDZGFVZbt2cAh5VS7NgURxsPicNW:45000000000000000000:OKDOT:OKMYTH
13WBdmF11twKeJhtcrPraBDfwVX9TjKRfJ5FhnDe6ZmidTXW:45000000000000000000:OKDOT:OKMYTH
15T1f5ZpQZ1VDnma931mdH1BPpdBio2YMo2168Kvx4ofKKtk:45000000000000000000:OKDOT:OKMYTH
14e5d1JJy6TWoY6wJqsAUFjwg2SsrkNVH2hqEcRhfYbn8UK4:45000000000000000000:OKDOT:OKMYTH
161v7q5CYjQo6opVWaf4BNatUSp4u6cxqMhRaf7SvqtQdrJi:45000000000000000000:OKDOT:OKMYTH
16mh9RxtbgzKzSqTD3dDn1XjQgQNqSqvLESGovFK78hior9L:45000000000000000000:OKDOT:OKMYTH
12WMgVNGhoQi9RG3fw3HvDGxKWZcRxVxSjBj1rUdkWWN7xLm:45000000000000000000:OKDOT:OKMYTH
14BZgTy256sVTNH8tQQB1PpiFm55CLkWdZRAADbvRBCVcQ24:45000000000000000000:OKDOT:OKMYTH
168AKpfaF1HB2t869gdrEAjHAEWMaZrpTyhMkzWkSBRWEG6L:45000000000000000000:OKDOT:OKMYTH
16UviMX7HCHceHLAZghCP8osP9AJRkuTLzKAi85wyDczxJNU:45000000000000000000:OKDOT:OKMYTH
15QK1K77ZzTVtKnYdHsQ4j9EAg9PRynPDKAMBh8RQqGgZz1p:45000000000000000000:OKDOT:OKMYTH
13jjS1o2fFrmvbqvdaYBTxFxu1sRcXJVCCRnP4YT4LhZSoYq:45000000000000000000:OKDOT:OKMYTH
14BkkC7uPpNnXkbx1kLzw5BmXdWTMkjqfeccw5CVfDvg8vwZ:45000000000000000000:OKDOT:OKMYTH
1h4mHSpKJZWbwUQSLdh6gMpk29QjMeFCNVXzFGt9huBNcXv:45000000000000000000:OKDOT:OKMYTH
13JBq2yKXi75ZEHup2zQMHYxwzfvbE56xod3UP2QrWxagjHr:45000000000000000000:OKDOT:OKMYTH
145oMr7i2PJqAVPCSkEdHb6r1kQXx1N2nmw1seGJXu4ge187:45000000000000000000:OKDOT:OKMYTH
1SaaHPaP1JPmtf3Fd3MNLoqhtxJC8ewWtnp8GvpVz2TLeEx:45000000000000000000:OKDOT:OKMYTH
1HzMCyQF8rCWwerc64bRQzirfJEUeGZwmP71GfseMEH6hJ2:45000000000000000000:OKDOT:OKMYTH
15SpkuBTeyBr5t6ybzXQjzWNtYdAGg4Artc4BK7JMgexFEpP:45000000000000000000:OKDOT:OKMYTH
13kpXY8rbqp9d2F7rkc6dsN1Td3YEacjhrQoj2y8nUArwCh7:45000000000000000000:OKDOT:OKMYTH
13QeVtVRsVHBLVKDCP98HdNByXF833VcvEjKzWmgREQvhCPN:45000000000000000000:OKDOT:OKMYTH
16iKExZJhsw6TwZhqHfSFxEycTAoe3MvEy2ZxYUpZdN8RPke:45000000000000000000:OKDOT:OKMYTH
129eVAWe77rZJQbUPXr9nR1pKvb8zTgT25SEN19P8eLqLsUQ:45000000000000000000:OKDOT:OKMYTH
141ECjAxpiMTvAJD7L8jxNa75fynL7Lv6ueVWWxRSRWm9sK9:45000000000000000000:OKDOT:OKMYTH
16LW3TWdm8qfcJJr97cfBVzzQ5dGz64at3WtKMP3bXJqChcj:45000000000000000000:OKDOT:OKMYTH
1sJVBgdHujcTYox3URiGdtNEZLnX3fuHTETB9XVFYX4QRfp:45000000000000000000:OKDOT:OKMYTH
14aZ6ZzHmR8bHms3TESVZDF6K1zoxJskaXFWfYb1k5XJSb9g:45000000000000000000:OKDOT:OKMYTH
13osKpXWpi7fur6dUxMEfv8uPm55y4wucjhs1ugVvthiLTkp:45000000000000000000:OKDOT:OKMYTH
13CtVbqZFjGt2XfitVVBZhpxD2sVgVto56XTTALwFdatZ3zC:45000000000000000000:OKDOT:OKMYTH
1tTa9PkbsCbJEi8kRaG6Ej8KpFAfwriRUYPdnovgdhReaQC:45000000000000000000:OKDOT:OKMYTH
1EVS2FmcGg3FF7QBU4kyL72PgdbSEjuT8PBoJebRQhPHtpB:45000000000000000000:OKDOT:OKMYTH
13TK4yqh8cExS1TnVECD9ie8BnTzYfKNWdXVoUhQCrKAoAUr:45000000000000000000:OKDOT:OKMYTH
15mBvYv3XHf9wCd9odzDLGEieUU6tUnovdSQSEbFcXkkwnx6:45000000000000000000:OKDOT:OKMYTH
1uT4RMHkHqtPef9qL4pdU6eWnBg4mioNqKvYnYXvPMfQiM1:45000000000000000000:OKDOT:OKMYTH
12fiEwFJuZB3g9Gfqae8uGU2HHCcKp4mWDF6wLEjuu4F8PMT:45000000000000000000:OKDOT:OKMYTH
1neRWot9ahKjGgp2nJNKEb5ugjie3C9EYdLioMCdtaR5xdA:45000000000000000000:OKDOT:OKMYTH
12pciXK7Gq64HEbLjCCEAzfEkaqTPz5jwanqnq5FYZ7odg8w:45000000000000000000:OKDOT:OKMYTH
16dwSMpBQYnvMbqabPTQgcNaeFRysjxHL2XWrq49obdr96ve:45000000000000000000:OKDOT:OKMYTH
165gGikD1y9Q93cV6mH27QKkniqz7qi7WBYycTxkQemXFnH2:45000000000000000000:OKDOT:OKMYTH
1kpDscyBpTVTfrNZcAvX1XAKGWbwV5w512cgygqLyTbd7g2:45000000000000000000:OKDOT:OKMYTH
1N3AupVW9Qn5EPNzveq62Dp5fMUfcGNyRt9UhLzeCw7nYHh:45000000000000000000:OKDOT:OKMYTH
12koGKfNoTeEq2AxgXitV8f375ffeLUsBK1pC3rAJ7bQftMf:45000000000000000000:OKDOT:OKMYTH
1ZLysLtv1FbBWUB3VGYAbvme4UTdJjGSvTmrdsnu7b8S7DG:45000000000000000000:OKDOT:OKMYTH
1HGdGtMM9c1veCja1GYU7y8e1WhbeoWW27mmR86SD4ZwZtE:45000000000000000000:OKDOT:OKMYTH
1279Z27grZ4SyDAndV6m1ZqUMx5tXeN49kTK4WKQeVLKpPz2:45000000000000000000:OKDOT:OKMYTH
16i3rQ5RPviqQH7TNdNbr2dCFcQHXoekDkDAsCnV6wjrZ9Uc:45000000000000000000:OKDOT:OKMYTH
13VnSCd6CfkjBDouFeRB1tDD1sLpiCzyqCyFE9Hphj9HJ3Fe:45000000000000000000:OKDOT:OKMYTH
16ZjEJN5jjuPypon22PKdVYmExSPsRsEtsy2v5mHfCPqKPZG:45000000000000000000:OKDOT:OKMYTH
13mmFbUNh9VwYxFZ53oASshYrp6E6VtXqpY7QybkNmjWpRgz:45000000000000000000:OKDOT:OKMYTH
16BFLm4dXmZqwLFkWJ9HrqKLYnCVhafA29RwbeaWoxEBghRz:45000000000000000000:OKDOT:OKMYTH
13gWT47KgCBeTsZ87tH5ui5LuwWjtYraFXUr4JzaVQjs4WP4:45000000000000000000:OKDOT:OKMYTH
16ehQHVfX8J1mEU7jH5z6uB6DRFTN9KHaJgdj3CL52ehhJeC:45000000000000000000:OKDOT:OKMYTH
13BXEB9x131RnauZgPFooJxuVZ7HEm1CDUNDtkDfuFX9RvWq:45000000000000000000:OKDOT:OKMYTH
14xJLgSz2VuNQfbRFxm7z7SN1sapFNk581LNeHwUDSwW1TKh:45000000000000000000:OKDOT:OKMYTH
15hzhpDEibjnAvHRf6PSmP6pCjnZYNv6RPSBpoCSbrQeDHSB:45000000000000000000:OKDOT:OKMYTH
16dJFfBAnqP8Rw9BxVWxwYhnwgTDtJQ6EdzGzf6qRL5Lo486:45000000000000000000:OKDOT:OKMYTH
1Qms7DN4AhRFD9kBNbWsNp2xEvx5qoCffw3mf64Cf3dKfVf:45000000000000000000:OKDOT:OKMYTH
14vJd5s6Ub2V5UTN6YisbaSRGinw9ri6HrT5bQALVQvyZoNx:45000000000000000000:OKDOT:OKMYTH
126g8u9sEVrDVTpNPdHuHooQFQVwDt6eqG7mRikLECJsE1oT:45000000000000000000:OKDOT:OKMYTH
16DeVxBvRkxE2SxwUTVxX1Pc2x2j36wLqMtpJ6o65bmivnPd:45000000000000000000:OKDOT:OKMYTH
15cfwAagmdML46FjNLRwqvCUNPSaLdSMAMZEhmdEpxqCWnYh:45000000000000000000:OKDOT:OKMYTH
1Rd8VM9QHubMMpP5RK1peSZFj8KA8BBywybHnLqeyUwVbjF:45000000000000000000:OKDOT:OKMYTH
13EndmqKnhZJf1n1T2sWaV8BMXMMtzxcNz9u44dXr8xHo6Eh:45000000000000000000:OKDOT:OKMYTH
12St9tkCScKX7udB2TYALZCUtEhePR6UQ5t4Y1puEZDnFVVg:45000000000000000000:OKDOT:OKMYTH
16cb94ZDN5QESHYQtY1ppok9tJ5CKrWndsNq3UHkHw6xZEP7:45000000000000000000:OKDOT:OKMYTH
14tvcLfVL76AZ46mFVgpgYL7NVYkfwSbVsmZ5f95L1mMyAC9:45000000000000000000:OKDOT:OKMYTH
13MYwV6TyYbnFjnwiZRgGMxdySAhvEnQ2DqHS2FNYhMGB5Cc:45000000000000000000:OKDOT:OKMYTH
15zaz6NRQ7xw2kCwwBqFMgwECBVW3QDb9MaLgvCKmrRf9gZd:45000000000000000000:OKDOT:OKMYTH
1635JgrTzQnNCz8ejQEeCHVr62f7ieghxuGGvD17nuPiMYot:45000000000000000000:OKDOT:OKMYTH
12B31xCXELSnvARfDjigHTtkTsosmScyAxtYH47HMT7QnjPt:45000000000000000000:OKDOT:OKMYTH
15So1uqZZF8AoMEdzk3HQRtSffttLUo9ytqd5VZ1EKiqS4ap:45000000000000000000:OKDOT:OKMYTH
12UBZyAnaFV2849MWxPF3AiHDSjaK6JmzKeojuw4d6oz9AqQ:45000000000000000000:OKDOT:OKMYTH
1CJzhwFd7WwADuRnnRvq7Se9ZFwoCZLjftLhHzE6B7bAARW:45000000000000000000:OKDOT:OKMYTH
1mzcaRnGVEHj4nNzJeMCbWoFKFAbehXwkmpSknZt1AmjzX4:45000000000000000000:OKDOT:OKMYTH
1461bwsdcomGJQMJQTFDaKtMuTZM3H9cK3Z8vXDs6hxTMsmk:45000000000000000000:OKDOT:OKMYTH
12wfzG8SMiVpzRvcmV33Qa9zMwYBSeFyYJ6nDrKPq5g82Jox:45000000000000000000:OKDOT:OKMYTH
14dRhU71BrBqeSF9bu44bpUvk558wz4dx2rNBWx7F5cm8cXC:45000000000000000000:OKDOT:OKMYTH
16LRfJ5qQrzUmKPsGmo7BZbBzogiohd22XQRCgedSbpEc3Db:45000000000000000000:OKDOT:OKMYTH
13azi3Yhj1WoaH2e8BJaEJ2u1LyfiNfRiEMsbchBySJs2QVj:45000000000000000000:OKDOT:OKMYTH
12XKjqsZ7we44FqpaXLHY9FhtJt3LD4SfgrgaUk2XLXjWzmx:45000000000000000000:OKDOT:OKMYTH
15eLvWvK9anvGsmC74wQ7hQV8qFGT6YicCd6bZ4faD444FJT:45000000000000000000:OKDOT:OKMYTH
16msaSVRSjdVBfwsYNS7uf1GMzZCwzRMCAANdRH3rCDmwaNr:45000000000000000000:OKDOT:OKMYTH
16XMNHBZidWkQDXL54LnSuij2zBawJEuXeXamY6uJdU6dpc6:45000000000000000000:OKDOT:OKMYTH
12xB94nEsBT1QjwXyDoAWif7mzTH59NXs8zTepC5ARhf1UG6:45000000000000000000:OKDOT:OKMYTH
15Ww4hVbWQuAp5xxnxeuYtQkuYYGAFojXjRvSZci7AWZ6D7P:45000000000000000000:OKDOT:OKMYTH
14yg4X5HNQQog1nZ5A3zeRmCRYFwpZEjL7NgUkEBupV3jgMV:45000000000000000000:OKDOT:OKMYTH
13gB8fnXHDyEZ2HVXUwus3JzdLPuqVgNGmhnhRmuTqgVKynX:45000000000000000000:OKDOT:OKMYTH
16BBx6ppbAgvTVhBUyzWdAuLnchSi1akeNZ2y6hFaQW1vGaD:45000000000000000000:OKDOT:OKMYTH
1584fY6wRNrNTsKRTsdvYwSsmbuzmrT4uUkNh7Wa9bnGA8YB:45000000000000000000:OKDOT:OKMYTH
13DpgDhVoXJtkQHaLZ5SCn2iyCjmsh6U95k45fcrVMstDdXo:45000000000000000000:OKDOT:OKMYTH
15BFZtGDNrXMq1AyLobWZ6VwVec6QGA8UHCK6fuHYQvtQD9r:45000000000000000000:OKDOT:OKMYTH
12ECfkmDbg9cbb9uXDPHVmvmRzSoFDD5T6FZYQRiyPrWMAPF:45000000000000000000:OKDOT:OKMYTH
1576ZnxTDHarHR9prUHq1zKvhDDDqt5Xk6n2XAau3VTgUrbm:45000000000000000000:OKDOT:OKMYTH
14ArAj7NhtxwBJPmyq1xrEA1S9BLUbwRrkhyL2AXMHKCsrfX:45000000000000000000:OKDOT:OKMYTH
1HguauTBABtkh24kjJjP5uJrhxzS7BDvRhBg25bEkMhAwmz:45000000000000000000:OKDOT:OKMYTH
12YrfMz2SV7FhXAkY3Hm9ZvCLk3x4XYxN6zCMWQfLRGZaDqy:45000000000000000000:OKDOT:OKMYTH
14ZXDg4yJuDeMVZhsuRCuNDfowZbQqCgYs4ZdniVgQoTUHLH:45000000000000000000:OKDOT:OKMYTH
12C4EGGtp1PxmMFtVgKV5YrxyKgvj89cFmGF8kNYf6SGDHZJ:45000000000000000000:OKDOT:OKMYTH
15Y7uTunSNmNGPGQw4TC8GT5Zo8W6pknkA2YtZYYPtBLFS3S:45000000000000000000:OKDOT:OKMYTH
131MvdYKEnQ647XQ8uQ7LUWBuyXM6SdxMvFwFWiRkxg4WS3f:45000000000000000000:OKDOT:OKMYTH
121ms38T9GJASAEb9XjuNJLQgL7mSWcPbbE2xwRq3ARGRmkq:45000000000000000000:OKDOT:OKMYTH
16chAVWPSczU13CVnp9XLUzLN9dtjPVhYxDDYzJABA66fGUK:45000000000000000000:OKDOT:OKMYTH
16SMPn4bXsZT1DoVu94bv3SXGmvCMWscS5CC9VFDAGGZ71Rh:45000000000000000000:OKDOT:OKMYTH
15rCveEZLMJx9vbLEMBkVA6MetDqVhJ3NhxP16SwE2fitYWh:45000000000000000000:OKDOT:OKMYTH
1PevfV5sXVRNP9seBrdof1tRNahN1g56udiqPVCFGetG5RS:45000000000000000000:OKDOT:OKMYTH
12mud687VK5tuEBD1oomcn77ZD7NRsBaneGqEKW2NyYijLxJ:45000000000000000000:OKDOT:OKMYTH
13TuaxBPcPRyPWM4VLdXfpQ8q4YPFcGRUFMuUVgEYfno3buP:45000000000000000000:OKDOT:OKMYTH
1YUn2vh3MjFJyUPiLZKdZ31Ddf5XxEES4HCnV9VstAJ1eyN:45000000000000000000:OKDOT:OKMYTH
1WfJ1ETS2UTqMdCykB76KsvzryHzr2gKCzd9wRhuKbfVcaj:45000000000000000000:OKDOT:OKMYTH
13FRptLk75uMrzRyDLTLL6FQRJAWafeYJk5w3FYLfQQ4uszx:45000000000000000000:OKDOT:OKMYTH
1TxPsyaUxEVpxPWQJ5q3V4Pk1AA1d3mGRTQzYU1HY96BKcJ:45000000000000000000:OKDOT:OKMYTH
136yH6EaSyDHDFEcH2ZULznSKYe3AwSaaBsuqgkBA9PFUVUF:45000000000000000000:OKDOT:OKMYTH
13cXvq6HEFy3wkScVLUrBVcMYFq7astooSWU1U9dFbgyR252:45000000000000000000:OKDOT:OKMYTH
16fifeW7p118YCEPtrNEVs2fUpkLpufCDM7NiyPf5h3jsw1w:45000000000000000000:OKDOT:OKMYTH
1vYJXCabi4zfeCFTC8UJstK7nns2EEcyC8FohsJwNxCwStb:45000000000000000000:OKDOT:OKMYTH
16Qoo8mCj8DTuZkWeeWqrjgZKJLMPRqHsn1muypBfFhqKpHW:45000000000000000000:OKDOT:OKMYTH
13UVJyLnbVp8c4FQeiGKCqRKmJS8TucfJs15PoDPnPdVHeBA:45000000000000000000:OKDOT:OKMYTH
1Dh4Ck7z3AjDJ2xqHyFuDhFNHnJsJZJnXEsCUURonayxkkF:45000000000000000000:OKDOT:OKMYTH
16WLjCZLRWMEavvSP3D7sNYenbus7X35kTQ9p7B7oRxNy34c:45000000000000000000:OKDOT:OKMYTH
15KHQG2UvdAREh1V3mnwXkKZE5wG2epYUcyXiMmaVjiGM7so:45000000000000000000:OKDOT:OKMYTH
13vXir4nKCwrGd6ghLsVy6ZoPBxiGYVNrwg8m33sd2wgRjkX:45000000000000000000:OKDOT:OKMYTH
14kgikeTqZipq8HQFF36itMfSU74DRw7tUy3oXVJfdHNma5L:45000000000000000000:OKDOT:OKMYTH
128CQeq4q4m4rt9VcQZgAoLTrayZpJNDj5NTR9HwKRwhEFkm:45000000000000000000:OKDOT:OKMYTH
1qGnWq1LnmN6Wg6DcHtK2JwVuyHz49f3dwwEcjsdAmjTdsT:45000000000000000000:OKDOT:OKMYTH
13XvJzjVQbuHkxXV3erxGZRxZQCscbtjuHDvvvSskzgseeDg:45000000000000000000:OKDOT:OKMYTH
16AZQctkCJZpPDY6NKfaBuBgcXRo3hEDhmdTNS5BvvXgoHNP:45000000000000000000:OKDOT:OKMYTH
12eJtgSFzGwoJeHyVT2e8LRbZtk6fGuv3HZCDThDUJX2z5cM:45000000000000000000:OKDOT:OKMYTH
13CeXTuDsLz8GrL8uYYXQfY33u6RrZXE3oLaRk4mnngD2gpT:45000000000000000000:OKDOT:OKMYTH
14aKNq2BaxbvT3eQ7tUkqkbLWKdYV2DZrBbheKtAugRtiooB:45000000000000000000:OKDOT:OKMYTH
13LSuLedFk6D7Mg7UGGaJ1tN5f8TyX8e1GWCNHzmjJJjk9r8:45000000000000000000:OKDOT:OKMYTH
162aeFDWM93zqdxzwCmJL8c1XptcoV2UwHibqi1jX5Ziy1BP:45000000000000000000:OKDOT:OKMYTH
13ERSxUXK7rJFBosP8Rk3AfMPFWyp7dnhSxMnBLH9XDVAJSZ:45000000000000000000:OKDOT:OKMYTH
13qWejb5g5Cua56w4nfW569CAQEFaSK64tUc6S79oVYj82X9:45000000000000000000:OKDOT:OKMYTH
15uBvTfdNZGxWUAkoKtb4gwttd5QawAw4zjLYtK3atBNMgLZ:45000000000000000000:OKDOT:OKMYTH
15ML3WEVtgwo3pvK4LtLUGdRTL7tjhkKcXPKCh58VZyp5da2:45000000000000000000:OKDOT:OKMYTH
15g66G9H64Kaf5wKyME6mi1V3qPf451LRLmy6iDXV6c41YMQ:45000000000000000000:OKDOT:OKMYTH
13ppj5dHCDE83oGwF2YngNck6vj7ZxuUJLnyMuugqRFbPv5R:45000000000000000000:OKDOT:OKMYTH
13PYQ4bq2ahBze1w29woGHZY6y6vGLi7qxPnRD7KKfczDqK4:45000000000000000000:OKDOT:OKMYTH
16btXPxZnLp7L8ciecq7PhMfhUZycZrVTe6cPzd6b8Hso232:45000000000000000000:OKDOT:OKMYTH
16UcV9V6nVvPYdHz98ymUKmNLkzjCEU5sbKJMi7hxYyTHjzR:45000000000000000000:OKDOT:OKMYTH
13Kju6xhZuAiHbEu9uYZQV6GPB3Y2T6SJb4R6rYNWQ7JfsUo:45000000000000000000:OKDOT:OKMYTH
15yvYjBLCDPYjZzntZJx7Jcpv7vocPWXx7CPVC2VEgzyXxwg:45000000000000000000:OKDOT:OKMYTH
1HyRPt9EsPWHqw2oCiXjh29MaXBWGE6dinEPh6FLsREdnnp:45000000000000000000:OKDOT:OKMYTH
129JPqobt4a6FM34NU6MeF64hZJrJRZogpcWoSBW854M8EEn:45000000000000000000:OKDOT:OKMYTH
13DevRcNFVQ1uzFVeaz4xxxAH73UXggNVQ8XctXBXGccdkJh:45000000000000000000:OKDOT:OKMYTH
14gf5Drww2AkDbnkcU7ZvxRFyYYr4kiEvAbgsXCQD5xJnkgj:45000000000000000000:OKDOT:OKMYTH
12UhaAzdtqqcPjLVvFMRoT6ocKwEnUQ8fmv6YeXDgCFRxaBn:45000000000000000000:OKDOT:OKMYTH
165PKMKo7zugPn2PCNpMNbk5wU25dtqRT8zMQWBVdpQvAs35:45000000000000000000:OKDOT:OKMYTH
13BPqqFzGj9T853ZFUUbsYkS4LxUpKCyUbByU71UsRNixogD:45000000000000000000:OKDOT:OKMYTH
12LXWdCjVjkvoNpL8qRG1kZhUw7VzUQvxppyzNXX9D6Njo7Y:45000000000000000000:OKDOT:OKMYTH
126GyNfMYpK3snaaQCZzsMfKus26YFESokMj2c5hBaYiGv9k:45000000000000000000:OKDOT:OKMYTH
13pfPntka4XBauFngf7LuAdyVP4ZjNoxeq6oeF2XHBeEFTZv:45000000000000000000:OKDOT:OKMYTH
1zzHPNrdcPdoZdnSTutmqEBGmxRWZDG4AXxBchDTpgQpBLm:45000000000000000000:OKDOT:OKMYTH
15zsCemksHPufz4hNHvsRE8RK1f57mfNpQ8re2hRGhSztexV:45000000000000000000:OKDOT:OKMYTH
12aCPJRAR2CaMuXx9ZVAMzDn6wxZsw6MwoBRCZudWHFWH9y:45000000000000000000:OKDOT:OKMYTH
13KWVyUaXLwdWVPnQaZFBJWieySg614tJDpzjPJR4tWC52Sy:45000000000000000000:OKDOT:OKMYTH
1svzhTzx5XTcwuTL2KxsA3vmiRkMN9z5ipWwvnCpKnphQVR:45000000000000000000:OKDOT:OKMYTH
14rsty2GJCzKyfmqYi7uY7zbgZGdH3tkjGBkqVHD1TXDksgB:45000000000000000000:OKDOT:OKMYTH
12jBQme9fAbmfcNAoKWXBX4TFswjAwX2KxtFJKXhUtttaU2n:45000000000000000000:OKDOT:OKMYTH
13Vzw8T2zmLmkpCLioe4V17jYXhg9uuyguUHvKuMsnZkaB67:45000000000000000000:OKDOT:OKMYTH
1qxLDD8V5iVbjziQ4FYRQ843pvZM48EBHuQokyjSLA5sib5:45000000000000000000:OKDOT:OKMYTH
13geqGe4ZJg1Gcxwn5mChbzd7Hh7ZYebhmgYop321vJRTrek:45000000000000000000:OKDOT:OKMYTH
12nSmPHRfCtfiqidbFM6MACWFb6KJigm62bvntFv14zspYSF:45000000000000000000:OKDOT:OKMYTH
16Ru8iqbRqY6nhDkjzQSxD5ikkFZGCszgwp91LHGnysRXwy7:45000000000000000000:OKDOT:OKMYTH
1Kj4sqE2GWZbhLbiCcyBvrTYwSAekSvTakowLPb5hyGCbYr:45000000000000000000:OKDOT:OKMYTH
15V8fECq8V1vVjNknGoDFLQjHnVnLdBHW52xcpf6grEseQM:45000000000000000000:OKDOT:OKMYTH
12ReazDAiKxUkkTtF62i5ZrtHvbkctcGntZGq919MogtRjG2:45000000000000000000:OKDOT:OKMYTH
13ydCJvkETbd291sPi8bvpAdamoqdSNThuE7MByWBaaXNLNX:45000000000000000000:OKDOT:OKMYTH
16XXhpJpCtfSA6UQhTqto2u1Rx73aUPWzSYXd9bzJ5tbeEGK:45000000000000000000:OKDOT:OKMYTH
13NCLd3foNpsv1huPDzvvfyKh37NEEkGFotZnP52CTR98YFJ:236000000000000000000:OKDOT:OKMYTH
