1434M3MxoruQvCCt9jBEye4x73chXnmYuQb1jN1AfjXEgzdz:45000000000000000000:OKDOT:OKMYTH
12AeR92AWA3szfAEeX3o6pHXieXRWQDfM4sJ3Chbm2baxfoX:45000000000000000000:OKDOT:OKMYTH
13VUkHaBZsVffUnQvMj75KydG4P6DrDPntjU8GmPjJxj3Hrq:45000000000000000000:OKDOT:OKMYTH
13g4aPrRv7k2WrAoURjKHUppUzg2Ab9A5Dq9qrLrdfqqnZXA:45000000000000000000:OKDOT:OKMYTH
13jsAL9LXdLarWkpvwvBLd7Vo1ArRGZrcafnDUf7EL8kBHSy:45000000000000000000:OKDOT:OKMYTH
16YuHMecQpDqUBbgQU3KPp39YhPdJ4hRbbkSja9ibXX81nxH:45000000000000000000:OKDOT:OKMYTH
1vrpFbA5L97bYDKULB5Z6v8PEj3DVUV2srLXnwUmkzXvPW7:45000000000000000000:OKDOT:OKMYTH
139fqSTH6hTn3VYNQbkj4aWj1WzpUDbVNx6Xe1cG5iM6UFLd:45000000000000000000:OKDOT:OKMYTH
149X82LeB5bhghT2ZKsKCYbpqQyT28tvvCy2H291vq6ZXLGA:45000000000000000000:OKDOT:OKMYTH
12GW71U3b1iZ34do5JEtbp2JCSq9UCxNzKnMDscCfJuz93qu:45000000000000000000:OKDOT:OKMYTH
18sQMXxTCGzRWFtezbiBsdX8q6ahoYHBTtEddDVfEKDXRps:45000000000000000000:OKDOT:OKMYTH
136NiKpLC3w4YepznfCb5sVTPdr1TJ24omib1uGUMERi9wyt:45000000000000000000:OKDOT:OKMYTH
15JWoMEbJQA6VPK1mcdmQ5d1FjTupQ6Fof2fQGztfRo8XsYz:45000000000000000000:OKDOT:OKMYTH
12ihyPd28WjYpcHSgMXxZ1hnKKujGoyQohhEqLLbR2HJWqPH:45000000000000000000:OKDOT:OKMYTH
14gLnmvr8LGh2kqoGk7ddQnFvpCLk8qrAJcN18vSDjpiPinU:45000000000000000000:OKDOT:OKMYTH
12XQLLQZyPqqcVmgX2D7KWLdYzV9V82oGA34vN2sHDAEScfp:45000000000000000000:OKDOT:OKMYTH
162mJ8xmgMqGUjgTHwzgwLFGYCVcyoUJb4SS9UDzhuvhEJsC:45000000000000000000:OKDOT:OKMYTH
165JqmA2X1yWnp7LXJiuN9wsnNA5Z7uoQBzvuqFn9PHHMeTP:45000000000000000000:OKDOT:OKMYTH
1HsPUJQoAjBiYLFa1MGDACsMD9aEQYZjCiFbY7cpychcmP1:45000000000000000000:OKDOT:OKMYTH
13iLgasnvkz81cteM5v9UFjn74YqeUEAtH4zEhfirEjEeCgn:45000000000000000000:OKDOT:OKMYTH
16hdaYTNQYj1QKnGJyLLs7y53TzCqLFkJVVsGqR3ZMwuk4c6:45000000000000000000:OKDOT:OKMYTH
1636e2hjsNn6wu8kv3Rvj4Espqm24VmCaYpUYbfDS3VPNzXV:45000000000000000000:OKDOT:OKMYTH
16SixLHUPjJJcAvXSPdn14LD6YSCrmEmfqPrmXFwxuXUS4dc:45000000000000000000:OKDOT:OKMYTH
12XkhePHuymoqpQCknRp6tUca8baSpCc4HkrXptioziGnt7D:45000000000000000000:OKDOT:OKMYTH
139dAZCdD39CCFb2Jgm4finajAn4Cq5xUtNwJrL7USX2ET4:45000000000000000000:OKDOT:OKMYTH
15uZXqV1UXUBcL9C2o6pRmiZNyHQjdqxgX3bH7zi1Q5KCyR3:45000000000000000000:OKDOT:OKMYTH
16kr3cdYbERAgwgkRoDfhimj6JZFw9hPb86Wc9EP6pXeBHXT:45000000000000000000:OKDOT:OKMYTH
12Tu6XocHM7Z1LvPZM7wepH9Wc9ZVqn83YWQcgQsCakR5ngU:45000000000000000000:OKDOT:OKMYTH
15pGf1AMWDTY6szLaPyTBw6rstddDgcLW1f8sGYz2eJ6rFcx:45000000000000000000:OKDOT:OKMYTH
15tq8MLc8so8ERne1WhFR6DsEMUm8PH4o9ZXr3kHfgvTc2rg:45000000000000000000:OKDOT:OKMYTH
16Sw1a3axv4QLrKX6PJDCLYzQZswHxE4uwWmFa1TaFjiNw6U:45000000000000000000:OKDOT:OKMYTH
12PUrRCxZAbhut8yAKt1poAiEE7b1s5tKXWCtpFBCFrCm11g:45000000000000000000:OKDOT:OKMYTH
12P6afHhXH5wFRj51N8Gm4KxYv782FHPLUxaw8LFJpVDTxvt:45000000000000000000:OKDOT:OKMYTH
15qtuKKqsMsdH7wxcfXYEpnjHvn8AZy2xRFaE3eL1mJLvBFx:45000000000000000000:OKDOT:OKMYTH
16AEuJRMdWoefgM8dfewuwzvb3oK5hwfhc8qmhDgbWQhVQnN:45000000000000000000:OKDOT:OKMYTH
12oJjt2KikeQFA6i6D7mE7GSR4MM8EBEwGeXBckYTuD3cexr:45000000000000000000:OKDOT:OKMYTH
139RhpVKp5SGfH3ukSVfxETeamCfDowPrtmyGnEoTVjCT5KF:45000000000000000000:OKDOT:OKMYTH
12fw6LHKzYzeRzVw96Kkhmjm262Hd4PScbzQsjJF2o1LzCYt:45000000000000000000:OKDOT:OKMYTH
166ci9HW234eUq5UATsE9EFTxqvqEfy9mcs2hG8hqcNcgrCs:45000000000000000000:OKDOT:OKMYTH
12Lfqh7cGNc2u2qWCKbEVdgpE97Ftkb8Qg1ejjRv24G6Aiha:45000000000000000000:OKDOT:OKMYTH
15TYH7BHyY4DVvSKw371kV7PfDMF64MD1kCjtcYcsj4pReUK:45000000000000000000:OKDOT:OKMYTH
16gPNhsiDhEx5Wx3zGazs56g83axhj56hsFgUjsudbHr9MJ8:45000000000000000000:OKDOT:OKMYTH
15zVMSvd5zytSDuEepn3WLmiXgs1bjkRD7ZWtWP8zbaVTdrM:45000000000000000000:OKDOT:OKMYTH
12Kb931xwjHXYiCJeGfXbKZYRJmFm91ALTRiN9j5s5ycJVqC:45000000000000000000:OKDOT:OKMYTH
12PsjH3Lpk8zCzKqjj9KHKfjtJrjKCuudJQWEtvRR6Scu7Hu:45000000000000000000:OKDOT:OKMYTH
1589MuuFzrAtxXo8FrW2EKopHqj7pjmZ62uHL2UVB3CfJemf:45000000000000000000:OKDOT:OKMYTH
15YRP2YC4szixf9QZjdnviTWmHw3y5seZzTPjyFtayCNDuvT:45000000000000000000:OKDOT:OKMYTH
129EAspqpVfVfqh3xHYNpjWetz3JVpEU6mWnD9onyKWuCknm:45000000000000000000:OKDOT:OKMYTH
15vFnM3twNWcJxTQptX9iyDkQ6Mf5pD8B6mYman5vzgZKEvT:45000000000000000000:OKDOT:OKMYTH
1vFgMXJj2vFNtrBoDfTYSLUs4JHfcs444QmNj8hJzNjA1gU:45000000000000000000:OKDOT:OKMYTH
15VgTHPfrmHFGcmcG8GWTZttbp9JvcDx38rBqqWdGr4jFbXj:45000000000000000000:OKDOT:OKMYTH
122E6fuXyzWt9ontuMUQXEu86urkwmjq3D9eQ3dSXbQJu2rB:45000000000000000000:OKDOT:OKMYTH
12Q5Z1chfuVHo8qSSaNNpSUdtLiscaLJDiGQ1qeQDEL44gK6:45000000000000000000:OKDOT:OKMYTH
16dYo5Z7Sguaq5Epv4tcnr5Psnb2bLUtPjiFnrjcbmdHBEp7:45000000000000000000:OKDOT:OKMYTH
1514Vcki2MGzBz9S7Efr89JzCsWgo3LJm6HndzKYiVJJ3JyL:45000000000000000000:OKDOT:OKMYTH
15MwEm8FS9LyyFwjywvhhu18jU2Q59DXkJqefNJFEbdgxMQE:45000000000000000000:OKDOT:OKMYTH
14KupSanZbT7SewknuohB8t4EVnfgxoQrBRcmUiSCossY9iE:45000000000000000000:OKDOT:OKMYTH
15z6UHQTdxcBZrFsZWtEeyUysz5Ti3GhsUFQKsEjtWCAhgNs:45000000000000000000:OKDOT:OKMYTH
128sEmRS4K5MTAC1b3onUWRCPRBVvrvRQU3LrfLwENF5ybjX:45000000000000000000:OKDOT:OKMYTH
15wPu2Fuz1aFoQttdoUnP9BYG7fbAb2jMixK5FZbayYA3dzJ:45000000000000000000:OKDOT:OKMYTH
14WC1dMHbYRSfLjcYq7vu3rXCQHkSThxQUy39rXjuHDn2NAz:45000000000000000000:OKDOT:OKMYTH
16SuGhaDd3sWfh1eH3c9ncUvieCqzkxFQRwy9T5AnC3Axvqk:45000000000000000000:OKDOT:OKMYTH
14wGhXphXqBnmdRueQcRyWLxn5bUZHW1ACsFwFJ5ipM89n9q:45000000000000000000:OKDOT:OKMYTH
13WWwqDBqwXXWoWz565Cb6QELj9JTgtddnguiZY8hiR4GywC:45000000000000000000:OKDOT:OKMYTH
15mXsFiytQdoWv3apwSCy62zKJ6nafMJTzKpuk9rdAUAXmyE:45000000000000000000:OKDOT:OKMYTH
16Rg4iun9oFtk4BxZjzvRwB9ZAhMaXMGhdQwqkxFzoxKEaX:45000000000000000000:OKDOT:OKMYTH
14ujMjtDu62EBkfNJ4n7GtZB7ecHkAgsqiqP7k9ddcxap4wg:45000000000000000000:OKDOT:OKMYTH
166UQjxgfVVwKvQZqAKNFJTMMA8rb2iFxiud5Ekfktm2x9JE:45000000000000000000:OKDOT:OKMYTH
12byHbHFCVjNBVaXskDSMcSbbVCnP8aJAqUnT85gMcyUEJxd:45000000000000000000:OKDOT:OKMYTH
167Wd2ZwXLgLvhcCgN9VyhRGkVmvK2GSBqSf5krcfdoWk1Vv:45000000000000000000:OKDOT:OKMYTH
12KsmEAK2RsVscWoX7KayaW75GFtwsEdNmKiBh8VEF6bMteB:45000000000000000000:OKDOT:OKMYTH
12rfTQj4PfLKPbN8pETz1B3hec7FhrzrNVf9GZgXtz4jx4Rv:45000000000000000000:OKDOT:OKMYTH
19kUp4zoJKy4U7PhqvvuX4Rncq9GJVkiuoiUnDd5rRhtEp8:45000000000000000000:OKDOT:OKMYTH
16juS94QQ1QMxD9MGhT6Bwkmj5jn9ncANSViPwqzUZ5wMtUX:45000000000000000000:OKDOT:OKMYTH
14mmFQnqQzMsa8LL1dkEbLyRdMTUtRAXLGCe5ejasijohE9:45000000000000000000:OKDOT:OKMYTH
14bdcdUWGaQ6PKu9W4zYkL9brKaR55LS43ZE6uP8HUU6zYVc:45000000000000000000:OKDOT:OKMYTH
13k3vzkhjagfW6rAnJzEcoMJmDZAu5nrbryCMAQvKsrW8VSa:45000000000000000000:OKDOT:OKMYTH
13HF6gd1G6116477K76QydCRoVRXtTuqzkjGYbm5qXmHnUDe:45000000000000000000:OKDOT:OKMYTH
12Q8N2qBv1D7oVDn7a74JMRbi4C6DZwghrm49kZ4PJGxvsyx:45000000000000000000:OKDOT:OKMYTH
16kPJUH1o2jeDqVqY2k236uncovcvf6qioUd9NDx3LCtU2jN:45000000000000000000:OKDOT:OKMYTH
1aMiM6bqWRnW4ejtEHR827QLynYQEUAaey169R8B2YBtwTc:45000000000000000000:OKDOT:OKMYTH
13f9HUTMmiykVukpe1zKvZEFYXRLKBMvST2hqnB7wPhBTS1B:45000000000000000000:OKDOT:OKMYTH
13RzjPuUkkeMBrHQ7ThNK5RsnYipsDj3etko6FepGhw7eZxX:45000000000000000000:OKDOT:OKMYTH
15ULTRQ2b1yPaBvzp7ojBHyVD6DSFvyHsk92xxagFqNSka5G:45000000000000000000:OKDOT:OKMYTH
1bdCNbebNLgDZQ1kCFTniAMNQ4XLfGzCvWGXSpqnL8hAuRS:45000000000000000000:OKDOT:OKMYTH
14TL6iTJw57XuKgGydjdQZ955xqB1g8aexVbMWG11SwLHtnv:45000000000000000000:OKDOT:OKMYTH
12qnUohKRXWzdbBtk7rLbVCWGo2oPGquWnTz7NSS7vpNP3ya:45000000000000000000:OKDOT:OKMYTH
13rt7Kjw99uHDdZC3FfAtK5AQ2ghhjXyj6cF88zh4Ry6R121:45000000000000000000:OKDOT:OKMYTH
14RWEowie4BToojgSA2TF3znCoAEGwpE7EQkwLqySSnPdPo5:45000000000000000000:OKDOT:OKMYTH
165LYf3K2RFtyMEUU7beBjdGQAMrCvzaLr6VsjfQpejnRWuM:45000000000000000000:OKDOT:OKMYTH
12Sbr8EY7MpWPP9z3MWBK2izmg5RVAzCTu7uwkg1vRzzGrsY:45000000000000000000:OKDOT:OKMYTH
13EniqJGSVA3DkiLhBXm1SWRyTYt5sGxuMFbz76YzuivZk6A:45000000000000000000:OKDOT:OKMYTH
16NvA5i4tXLp69f2EEqLLJ1rZ9r3CgGLFMGdsk74dh7NhChj:45000000000000000000:OKDOT:OKMYTH
14Z2nGBjFe3CM1YkmCLqieqRbE9p92KYF3uLLDHePCMzcyM4:45000000000000000000:OKDOT:OKMYTH
13rDVTDUX4GpfWbHGZj4VW25bptkJP8KaggLz1h88UnZidkp:45000000000000000000:OKDOT:OKMYTH
154ikzNuC5YzrBfLp7qQDtPZkxcBUTSApvZEuuSqTU3kKatt:45000000000000000000:OKDOT:OKMYTH
16X49FwENYrUrsM1Zcy34XpeRsVMtsunTzoxYgZZhcPw2tme:45000000000000000000:OKDOT:OKMYTH
1mMP5ehpfGqVkYNu4UgjNNV1g6GtwAsbJF5JTSMqLbCFeeN:45000000000000000000:OKDOT:OKMYTH
13kh6hPcyn2izWaZ4KVFXXddQnH5dZZ5xCe21EKchks72idz:45000000000000000000:OKDOT:OKMYTH
12j3eBmT9c1HvnusmvBQHmTriEzuqJU9EyeT7opwW9fzp7bf:45000000000000000000:OKDOT:OKMYTH
1BVjJBGAc8BdGYzDjc8WkdNT5NXNPZohYRZwjp7mip8i74N:45000000000000000000:OKDOT:OKMYTH
11qdmTZAL5oHBRzRNbH51o6XciW11EMLm8i9Pi5ZacVLB1Z:45000000000000000000:OKDOT:OKMYTH
12xyRJyE5yuLmF34QRj29ZFhUFTCUpM3c5cJjhxRz436ptC:45000000000000000000:OKDOT:OKMYTH
15sANbJZxiek7snFAepxRcea9Whq7YMmybPLtfACWecmgZf6:45000000000000000000:OKDOT:OKMYTH
16gzxokC4Fveqpi8cyuE2XNQz2Z1B4XrLebezTXZdAjaVNuu:45000000000000000000:OKDOT:OKMYTH
121zqYoRSfwBzDNHRWwTyFfV4ZxfAf1ehPC6meChSzp4tDT2:45000000000000000000:OKDOT:OKMYTH
13GErfPLC7PHosgg9EhXsCqiGgNnQSfigj2FR1gSLvzBQshr:45000000000000000000:OKDOT:OKMYTH
155g2xhH3McX4gwUmJXacT7FX5oS4SbgZiAnPG8aRRd2Ar7A:45000000000000000000:OKDOT:OKMYTH
1gy2j6BHn7BcfXNHA5UwE9c4aK19DTCQiEAANXJZefCjh1W:45000000000000000000:OKDOT:OKMYTH
15UhXdawhQ7f2iTKP3Bf1R4V4tyqub6XDACDhuQFBBDXsMqQ:45000000000000000000:OKDOT:OKMYTH
1TdhDbzYRktWQANJqSi5FSj5ZSP2FoLEzbzJngz2E39QTMG:45000000000000000000:OKDOT:OKMYTH
14oTwvTUGV7FTiauowxHnZorGx4VPxytYoLHtGL2ikhCiydc:45000000000000000000:OKDOT:OKMYTH
16EW76YedxNT9N9KE7sZFGgj7ASARYF1dCcXh2os1kiWFW73:45000000000000000000:OKDOT:OKMYTH
15313bq5Ugi3YaHCrC863gat4D3E9SYdj149W14jheZxYJgU:45000000000000000000:OKDOT:OKMYTH
1KB8nuViLBs4YzA8YfXLac19He67Y3HrEif14JcLuRV4Mr4:45000000000000000000:OKDOT:OKMYTH
14wCehJKtLmZJoYAvMe5kU84tdZsaui9mpyjko5sKYgoatF7:45000000000000000000:OKDOT:OKMYTH
1pRJWdKJaPjb7VubMNHL8TwGWbCPM2aKM85LufDWWRor2sf:45000000000000000000:OKDOT:OKMYTH
14xLXCxDCvdReyhYpqdh4HZos4uDqCSfG6NiTouVR42tSYgv:45000000000000000000:OKDOT:OKMYTH
1E9HuB5p6VGjofv6ZAog9YxQYAQLpS6j7nkSP4dBnyS1eEh:45000000000000000000:OKDOT:OKMYTH
12YmMiG75BVPm8TJBhKHNksVehRuERamqxxbZm18iGDUdBqP:45000000000000000000:OKDOT:OKMYTH
16biiMNme3kwVuzwH2rX7MBCHFmNHEuZUueLBszRJ9iEGPDg:45000000000000000000:OKDOT:OKMYTH
13g5hbxTJRj4xE5b4FqRecafS3DjCCFzz253ZZ4o1xC75c2M:45000000000000000000:OKDOT:OKMYTH
199VtLo6f5R1yFXboxgtJsFwguBmGgzKnPZm5GZX53Wa9aQ:45000000000000000000:OKDOT:OKMYTH
13xeXyry3g4ZppXCnoNyhqx5pCXNgNNMRw6ktypcnF1upT8f:45000000000000000000:OKDOT:OKMYTH
1vig4QMzbf1v53HAQPCm1tzTxV6Qmuvf1W4nGnTkByvBCNj:45000000000000000000:OKDOT:OKMYTH
13sGVxsDvGPPTBQdcEvbto2QZVofRTF1xDSyRhGN9n5RQFNV:45000000000000000000:OKDOT:OKMYTH
16TPEoCXHgnV8psSCsqgJ77Na2WNkfwviLFkudEmTGJ2sfxs:45000000000000000000:OKDOT:OKMYTH
12xiJeqRc2uhvAsdUS6SpmTu8mbbPuyjCfxjhFLmcmY7SExb:45000000000000000000:OKDOT:OKMYTH
169JYDW1sFpgqGx4JGRAxZ17NSSE8WnXw1nnwUWJTAvFvfGc:45000000000000000000:OKDOT:OKMYTH
1PR8TKiU3G8aM395QebiEgTHiEJxQZQX9Vz68JnTPKb9TMN:45000000000000000000:OKDOT:OKMYTH
12zV42GADKELAN1hsneDhhrqP5o7PftbUxjije98PT6JqA8i:45000000000000000000:OKDOT:OKMYTH
13p8asEMWne4XZH11pGUaycWX4xGPRXJXv4i9tEUcETrhYqv:45000000000000000000:OKDOT:OKMYTH
1Yc4b2kP5v4Jkb1oAiNw5WjAPANR2Wq8VDxoKGby8VZFYq2:45000000000000000000:OKDOT:OKMYTH
16CYEARC8W9tr73QPkkcoe1YZF41nPWbTLkpS6TzDigYtyvE:45000000000000000000:OKDOT:OKMYTH
14VASq5bysycL5kBFJ8QU98SbJ5MntNRTSnpn8Y21Rxa6Szr:45000000000000000000:OKDOT:OKMYTH
127ZUSZsiB2ERN91oD6n12yyU1siMG12xTEpP5cJSPXpKKB2:45000000000000000000:OKDOT:OKMYTH
15Vi4dkYhVAWoTvGss5UmPNTL86QN6RgXV3wJBF2ujs3gTqK:45000000000000000000:OKDOT:OKMYTH
16ad6tfeTmQGLm52Xg6MniVhQShNogGC85qXCXMfrkQr33zN:45000000000000000000:OKDOT:OKMYTH
13xJ2Pf7H574PETw9BaiMq2rwkxGr1GpgMeY7JSN4b2rSsWP:45000000000000000000:OKDOT:OKMYTH
16WRbM8S3uHom9Kkxx54zPStnKPMciWcV5YZAWXagVZKYtGv:45000000000000000000:OKDOT:OKMYTH
15uQcwdtJmEjRKPL58Ndbp1mE5kYQP82mqMXzs8v9iLXAdmz:45000000000000000000:OKDOT:OKMYTH
13orNpnEFsZjfWFwmR9dkvMWpvU7YJsJSwx7F15xbPSdT2Rm:45000000000000000000:OKDOT:OKMYTH
12ccgQDN5rEwyrPVVvWFD1CXNVVVDGza8xj7UYgGtgLd8UZq:45000000000000000000:OKDOT:OKMYTH
1kmp9kU7jF1CKTnC1mZL5vnT3itxRBwW5kXc2G4x6UYiTGn:45000000000000000000:OKDOT:OKMYTH
15UnmsDpLyYX6zFAiTFffSmQJccBRsy5XHiJKTdQ9kjYkv4p:45000000000000000000:OKDOT:OKMYTH
1AFk8y7en7usWZgT2GEsm9iJos8DRQMyoJBnak7znEUJi2X:45000000000000000000:OKDOT:OKMYTH
14JXYtZJ66U4FoXfBAJ2LfbwNFCtqeC9oNj4nAykDakkrcJd:45000000000000000000:OKDOT:OKMYTH
16bNuA6NxpGGKUrm4gaDzGyvMcNBd9iT5FPvVKGDsWbzy7Gn:45000000000000000000:OKDOT:OKMYTH
15iFhP6Fu9EFpCfX65KbYRvv24woEqnPz4horaqET3xLdTmw:45000000000000000000:OKDOT:OKMYTH
16P3xD31sa9NVjwV89sxfUCr7crt477XtXgkC397DVu2eZZ2:45000000000000000000:OKDOT:OKMYTH
1habPHomUfPmY3meZSX1q4Yh17a9UN5BKU8rvxCF9JJ6ZPi:45000000000000000000:OKDOT:OKMYTH
12zxyArgMbuZcAgCNpgryQ3STha7W92XHpjRj77KKLex7yNn:45000000000000000000:OKDOT:OKMYTH
15FMPqkXteg59Cu6wXhRsuhmwGb6wxN6wANgz9D3njzTyEFa:45000000000000000000:OKDOT:OKMYTH
158KZr4QLmdkBbDHxAnZzrF8EGXvSiXNbxp31JbTmQnMciof:45000000000000000000:OKDOT:OKMYTH
12oH7mF1GSo1jZorcAmrQsHt686fLGQKfgi1juJV2D2GMKtv:45000000000000000000:OKDOT:OKMYTH
13Bt4w6DxkhhGP2qLuWthg29kyis4UPtAmKi1cm2KQhjrR6n:45000000000000000000:OKDOT:OKMYTH
156GYhfPdjLkpKYNe2VqR25chACHQZq2TbcnTW2RrUSPsuCc:45000000000000000000:OKDOT:OKMYTH
165in78uZQq1WdrCnWon6fcbMVoR9yN5P9NtjY7zQtbZV2Rb:45000000000000000000:OKDOT:OKMYTH
15BtqFy8F7iLkqeShJwE2cYei2sari3DqwKXPXcCVqd7HeXB:45000000000000000000:OKDOT:OKMYTH
18HvzfAuBXLxGCchkgRJGYoFVukaGZbNqxp8DGfhXakg9UL:45000000000000000000:OKDOT:OKMYTH
14dqyLA53rQMc9EghJzhAwNoYoEMdP9h3pRYtcNjCfp3QKec:45000000000000000000:OKDOT:OKMYTH
14bGEncKDxmMDoR3kcbU6NscS62uWBUgUeZpaAUm5mmYXNoF:45000000000000000000:OKDOT:OKMYTH
13Ez7fB1D17SYbyDDet4mHeFX1aYZCHmp7GBMR2X5hjhPvXX:45000000000000000000:OKDOT:OKMYTH
1HZ37GdZUhWfXUDPCcgz2MennQ2efrY1QLBj9yJkMX3BdSu:45000000000000000000:OKDOT:OKMYTH
14difhZLhjCHDq8LbmjUv6nf4Ws4hMmJwECZ2N1FRzBkJxJQ:45000000000000000000:OKDOT:OKMYTH
121bHUrTvUHeSDCdNNdCzjpA2foA3UHQd5osDpQnsjfJ9Q24:45000000000000000000:OKDOT:OKMYTH
13ShhHsfzwVwtTJFBzZR2c8oe5cwvqLBLAV34GYQCP3KWgKr:45000000000000000000:OKDOT:OKMYTH
14giroqBcaRkMmakiEzvnyLsjH47rKpS6XYTU4Nnt5imnbp4:45000000000000000000:OKDOT:OKMYTH
13Z4ZxfYu6y4aKeFbCE4mQzSrBmxfJefRmM4KqWKy5nnRWyU:45000000000000000000:OKDOT:OKMYTH
164y6nZXLaASk1jn9NVNMnTWN2foFpUQVB4jn2yokqZWwM2k:45000000000000000000:OKDOT:OKMYTH
1gQgKZxtCySmqzYnsoBspRqabdC5MevvnCZ8Wwb1CAqZhDB:45000000000000000000:OKDOT:OKMYTH
129DpxPTVH522VhVKMPdrLBCSBPYKtdAAejj85PKMYVbdoPv:45000000000000000000:OKDOT:OKMYTH
13UVJyLnbVp8c4FQeiGNDbScVKqwk6Hr9p2uC1imX8n4kVb8:45000000000000000000:OKDOT:OKMYTH
15m72jvZELewgJh65aA2ytCFKpx3NPAFH3qETZgQSY2d6J6X:45000000000000000000:OKDOT:OKMYTH
14XcEdr3majNYei1rMbjQkgsP4djzyf23XpGyhH3iNyFTCJ8:45000000000000000000:OKDOT:OKMYTH
14obw8UyEymndwE2AVQ7KjV2F1mSqqkFN7rGAQ2hZAkLj3Wf:45000000000000000000:OKDOT:OKMYTH
13qNekAystxoFXz7zgrucoyK5UQwgyqoxFybs4GzfWAtg6ee:45000000000000000000:OKDOT:OKMYTH
12A2YRvd1ML1mnHB27XFYrwi1csM3aDWqYBLB69oXmK9X41v:45000000000000000000:OKDOT:OKMYTH
135ByXEJ2t3BvbVNEaASJN8F7JMNhBSb6fBQYMwigQ8wUZ14:45000000000000000000:OKDOT:OKMYTH
15K7NvB5t6iH4hqLWf1bqLzQvHnZio7mG859ZP5wHyYLdLTz:45000000000000000000:OKDOT:OKMYTH
13Keusnnk32JKteTQw8str7CSfnCv7hdP7xhELXpxvMqu5jN:45000000000000000000:OKDOT:OKMYTH
12pz3LDzMST214dGaG74FuX5XKV1VyMER7TawTStjfABeLpN:45000000000000000000:OKDOT:OKMYTH
14GeBknba3m1NBMtCt8ZSfzD42SERkcRgfuEJmvkCBRKzdGM:45000000000000000000:OKDOT:OKMYTH
12BSZM4pgFofM6yLcJRZVupaZ5aSNXkW43BcjiR6SJM8WJuz:45000000000000000000:OKDOT:OKMYTH
132zEV97M6b8BK2txYrbn4XbAN7cMAyNmWeh9H9MrWeNHg7D:45000000000000000000:OKDOT:OKMYTH
15fDu9B2DiVQvNSzLATbNP9rqgdNBaJLK8xSJFyTLEMLebYN:45000000000000000000:OKDOT:OKMYTH
1dhgQy1wsHHH3XauYtE4RDyuknyJrn6mP6PxKWQJG52tzmw:45000000000000000000:OKDOT:OKMYTH
15PiUMa4K74rtNv3d6xG5ydz7VrBdA2xAoEKiDRE1Pn7TB24:45000000000000000000:OKDOT:OKMYTH
12s2hSEojcd8uv29qFWgw96nNkiKNpqRhqviahpE1uMaPuzs:45000000000000000000:OKDOT:OKMYTH
12GR1c8ZWEsm1dJjJmtKeyEQsRqzZAP7tvVzaS2emGGASnCa:45000000000000000000:OKDOT:OKMYTH
13y1VbnJK6H1SQvrDh5EGzK29sDtELmDMcDQbug78UDxzWHD:45000000000000000000:OKDOT:OKMYTH
12StqM1CVTMHPwXuJfkedzGJBigKcXcFv5QVC43sGV5qd39B:45000000000000000000:OKDOT:OKMYTH
1DVZbdspu1LfDm9dpjYHBF7ztWHiMRsQme4AvkAkcrmmKNe:45000000000000000000:OKDOT:OKMYTH
16XJUoxrnT69Jx4ZWysst4skGnvFHT4Ucx3245EH2wU5bPyi:45000000000000000000:OKDOT:OKMYTH
16W7z19zqKvMj34WxsVRpr7uZcmzAvt7ZXuP4dAgojA3CtW3:45000000000000000000:OKDOT:OKMYTH
12nRQwPNqBsXk7s2qRfZgH8xgSA5RtcdCuZ8RUd3LdGBotzG:45000000000000000000:OKDOT:OKMYTH
12QocN8FZPA9gww9r3fBXgSMWbzPM4smKeexAaLdJfAKMtfv:45000000000000000000:OKDOT:OKMYTH
14jdSCGyn7VzeTKMMg16zVCw3iYGrC4TGAsqx7Qh38J9wMeo:45000000000000000000:OKDOT:OKMYTH
16J7KAB6K8mYP2XihUUazArTz633cFNpbPbV7u71ejp2t9QP:45000000000000000000:OKDOT:OKMYTH
16Y32u8mHJTpKXnZL9BoTti6PeY1H7RYV2Red5BBK8kkESA1:45000000000000000000:OKDOT:OKMYTH
12JmYF5DFCVFfXACP4zifhtEHPHdXuSXhcyb9waAwUS21Mc3:45000000000000000000:OKDOT:OKMYTH
12PxHE89PErsonUpeN3HreAPWPzS6jn2WSVBBdh9HaSUh3U2:45000000000000000000:OKDOT:OKMYTH
13nM4P7o8z6UiFFfw1or6Sg2ZML5meK1v6QRQuz3Cf8MeeQD:45000000000000000000:OKDOT:OKMYTH
14eSmPvPa2bGCmdP5eDB57b1N7zdW9sVqnRtNd7XedfvgHHa:45000000000000000000:OKDOT:OKMYTH
12EsEQiFmQLFdup2DiBXczFbqLWsaeoFXvSPoagyYXtXXvEW:45000000000000000000:OKDOT:OKMYTH
13uFqYWsYYCydRep8mcTygUanJhN18aVC4rGFxrALg2YUnW6:45000000000000000000:OKDOT:OKMYTH
14uPMnCZBq42Gwzd7rBWKbBKJNcK4wBqYPhiUqvsGMvkDWfm:45000000000000000000:OKDOT:OKMYTH
12TpyyQxfNeu4yoTy7CwpRugKjhLAvwmJzKojpseCxaGiSRR:45000000000000000000:OKDOT:OKMYTH
122LxQ6k9HZjSx89dbALc1UusqjMrnt97SUpvFxNBMNLBPuS:45000000000000000000:OKDOT:OKMYTH
142u68SRXuun7UqLQMSDqXcf1YJyT2ca4NP2bFiAhuqfCWqB:45000000000000000000:OKDOT:OKMYTH
13eHKM5KoVL2tm48vDffC8cAi29o35TwxLLJuqrUzqtYRidr:45000000000000000000:OKDOT:OKMYTH
14GUv2TCPNoA5wC2zGNUjQz6inqNWHwPgzhiUVV3X4ieDfFL:45000000000000000000:OKDOT:OKMYTH
14QV7Ua2NbTUjjv3r7M4KcWotkJYSn2ys1hhzf6veznRtfxU:45000000000000000000:OKDOT:OKMYTH
12ZWZgmW5KFaHybAGUgpZoskRXPP1X8YcEji8NzhHPzwooPD:45000000000000000000:OKDOT:OKMYTH
13LCbaYMersEr4Nfp3c5XZNcCgJZsaJctRUDTYSsgiivauzt:45000000000000000000:OKDOT:OKMYTH
13ZocMkxSMnX7D7ATURx8Nxn17XcXzRF4j7SM6AVrBYaooJg:45000000000000000000:OKDOT:OKMYTH
14QrmULVwRumuseP44R2pHLGK4pY2Y6fHZF8EMG3ujLxfphY:45000000000000000000:OKDOT:OKMYTH
14jCV6QW3SNhN58WSuHnqFkmVa4VSeM8KoUUBh41dDfbkD1g:45000000000000000000:OKDOT:OKMYTH
12W4X9HmnhuEKeiWTPk91AeuRRnjC3ZYMHWgqNtRDNu52Epy:45000000000000000000:OKDOT:OKMYTH
13Dp5vph3PsgRWubjs2wBrrnFmaGa3m9LuYfoKHvE8FoEXp9:45000000000000000000:OKDOT:OKMYTH
14QfL1q3vfSUyMdZLBBz4ALBs2DU4RURk4ZxqeWA1G6Ttjav:45000000000000000000:OKDOT:OKMYTH
12ZWUQN6DzXok6iaARck4RG4tkKctQnrizoVwodmELeqSbqq:45000000000000000000:OKDOT:OKMYTH
13QH41P4c449FHnVqPHSCZftQu81Xm2h3iReiLH2W27RnroR:45000000000000000000:OKDOT:OKMYTH
15vvxy1ZES9wfM16agxi5TFHDgCm4qzb9jr9V444mMjYcCdp:45000000000000000000:OKDOT:OKMYTH
14FXFuwUtrM5yBW8XA377XPyK8Xvq29YRmceyc9Kt5w2bdGj:45000000000000000000:OKDOT:OKMYTH
13HxMR4g3iBagcgGGMSmizDW9bFgKi7uSA7g3E1kxPFqzrgz:45000000000000000000:OKDOT:OKMYTH
13fvMSdD2HgPwvSn9aZFJaWYLfNDxHDDho75yS9q4Y87pwiC:45000000000000000000:OKDOT:OKMYTH
13nbk9ew7CWbXkUXXq5WVYFHbH8SzPgwvtkjX3xAxhdydb5W:45000000000000000000:OKDOT:OKMYTH
1397WCfsABfe2b21dKBbPPAyJLtna8P6VyKPTUb91sUsJ1JP:45000000000000000000:OKDOT:OKMYTH
15USe7ZvnEQSMUaR5917xfvwwEMxCMDPsUexXDwgqBLHMWtF:45000000000000000000:OKDOT:OKMYTH
13ecvXXUxCaGUMPnFoKGYYcfNJBktLSsmwQ86gXYRhDmMDvF:45000000000000000000:OKDOT:OKMYTH
13NLYWGgxKRDxBNt9EU3nxNpPfxvKNg8wVmGNJ8U6HjPyS4g:45000000000000000000:OKDOT:OKMYTH
12eAKSQg3qt5pLKfJRwAYchk7K1A28moyJ1pEBDNaGHq4YQU:45000000000000000000:OKDOT:OKMYTH
13kgRipU6aJf8hktSH13Jcduo377xmdMjrn14NEmbxj8WKnz:45000000000000000000:OKDOT:OKMYTH
15uN8R6mRnpc9mTeWwNbaLFCMbMsD8PzMAK6zuXw3sBm3sjL:45000000000000000000:OKDOT:OKMYTH
12MSSDejAxrkjYH9P3MaQQwFFVePXkdkuyE3kgukGh8Ufcea:45000000000000000000:OKDOT:OKMYTH
1hGVs8Az8WKtLjvLu5hnbMdzpZNgijBDW9VwoTSsJ3GaTwE:45000000000000000000:OKDOT:OKMYTH
13sCkD2JubwRq3sRyFedCWwxNYXQGdiUMhfBLx9TcRSx33My:45000000000000000000:OKDOT:OKMYTH
131asqrqwsxVR8Qd2W6aNSG8BBY74ASfgqG9ewG5Ypi6DwgQ:45000000000000000000:OKDOT:OKMYTH
13FX1AsrasB8ZtaQryqQYsNRrsC7rYAyTTc388HoTt37HFyg:45000000000000000000:OKDOT:OKMYTH
129Gg8c7evWWCyciJbhZsXD7hVwkyJ2vio7BaCQWv7bDpNRe:45000000000000000000:OKDOT:OKMYTH
12mxdW42FnPkrNAQCokpgxYcBbyh5hPQnV5SKFvQ9aT9AGRC:45000000000000000000:OKDOT:OKMYTH
16ABkbhcPxXSCC6nkrbtS5kVWY99cchZGJT7XdSDXGR8i6kD:45000000000000000000:OKDOT:OKMYTH
13TUYjZvFJdA8yJRDxGZmxDdi8yHK2HepKzByqPz52S3EGet:45000000000000000000:OKDOT:OKMYTH
12DUt1NDZYLzLkktDEHSL2A14rCcJ3WoR2cFLmz1esbMpY2Y:45000000000000000000:OKDOT:OKMYTH
13Dsf3cT37jPxMNx2juSW2EBD8K6yVo6upzY4sZ7gHeSs7tN:45000000000000000000:OKDOT:OKMYTH
12DpDTfShSd5epAEWvuQyKjFzYWs4a898GTKwojHPazeCCtu:45000000000000000000:OKDOT:OKMYTH
15qpmAZDfA6CbfQZXzrTwkLf8WJmxMsUBuD7SgCjUpJTi1Yh:45000000000000000000:OKDOT:OKMYTH
142yHFrscnfAnvmkVesv7ivursVTRxMxFZTPq3yZ5gvePwGV:45000000000000000000:OKDOT:OKMYTH
13UnjDzroUALCbjryrudSiZvL81LhvxsSieDWzxYrUhCG33i:45000000000000000000:OKDOT:OKMYTH
15N7ssyjvVNRUHVuH3uU37qEHEi89PSBLzA84MPZmYnRspWg:45000000000000000000:OKDOT:OKMYTH
1umnzzpGK2o4mAyDWobeGagTb4tbui4KTbK3PvH79rK96w7:45000000000000000000:OKDOT:OKMYTH
1dyAUWTa897ZCXsVk1zyHxB1S7NxPyX1KRfErpiDJUX6X4s:45000000000000000000:OKDOT:OKMYTH
155kd7ngDyNnYaEnBBd1wESpUqfN4GmzGL4XgjkCUQpjCrFh:45000000000000000000:OKDOT:OKMYTH
12VcctV1NYVAnpkXajPZeXrFzzHgdx4eaWtXfG4xXM3Mq5Ae:45000000000000000000:OKDOT:OKMYTH
14EejRgX2pnMi9xFqJMCg7f6Bycwoieu9gKZiJvdkyjDDPVh:45000000000000000000:OKDOT:OKMYTH
13MwMpoFmkCFFida7m7yKYTNcvstkeczGaBLsH6ZfMwyXFZB:45000000000000000000:OKDOT:OKMYTH
1t498C5q9qNuPK4tQm9Qfgif5dLCQN3r4hDC5iY6AuqxFHZ:45000000000000000000:OKDOT:OKMYTH
12p6NLesBbJSyf57Npv2HBxt3tmMxo5ZNGmFcmkyM9nfmxPH:45000000000000000000:OKDOT:OKMYTH
15QGFRrAhr3YoLp6Zr2v7GxRC7ca8yF6AVSZnfDwp9mTWmPg:45000000000000000000:OKDOT:OKMYTH
13WDCqQojbacz9ggHc9MzbkrTd3QA1ntAxkJCBeHFfqMELjp:45000000000000000000:OKDOT:OKMYTH
14kBAqEta74CezfY4qE6x55CWXvqdbDH5aU8CKffZJS9h6p5:45000000000000000000:OKDOT:OKMYTH
14qFTH5yGEGhxLPcCyB9kMAFjf4hBxmXWcqP6Wg87FbyowQ:45000000000000000000:OKDOT:OKMYTH
12ddt4J3QGSFpgGZVA4kcxhVXGXkLPjj8xV5YTxqYo7fp2dw:45000000000000000000:OKDOT:OKMYTH
1xvyekpVnDmiN6XsMesugAxsWjzmRyBirzSoSAYgC3sVfJV:45000000000000000000:OKDOT:OKMYTH
12SLgDxCLFho5aAyc5mNKFajVfdzX6ADhSxa8jXQXpBCTWCR:45000000000000000000:OKDOT:OKMYTH
16m3cvAE2jJhfz4Zy6fzgbWvzY5gan6Pty6bS6eYxwRqHQsc:45000000000000000000:OKDOT:OKMYTH
14kV6VMpPSVEVY6VzSzoff34EC6ZYEAVe9mrev3CaprMW8so:45000000000000000000:OKDOT:OKMYTH
14QR8DwDQ6kfpMquFieUL5pmgQmmqYc9bxuNbgBfocW7kcCh:45000000000000000000:OKDOT:OKMYTH
1riZtEJQvuUXMGkCgLd3PfKEXKx79PCBVrv7ZtKUUcxCeHM:45000000000000000000:OKDOT:OKMYTH
14gCdGoY8fY5WHzFPozzTsEPnse2HJLWuFRdmLj1jRpv6QEU:45000000000000000000:OKDOT:OKMYTH
12T8EVBsXkJePYEXHnfXZLLdRQGMsxNkZJhTY3Vq4ko2Fa6a:45000000000000000000:OKDOT:OKMYTH
12dPvmteEEbhv1M5UtxZqhXKRGEpkuopaVFXtikuFddpbnsp:45000000000000000000:OKDOT:OKMYTH
14MfesNieqygtaZqzZh5SwMFvghQvVZmce2ZdEE475Ao9YjM:45000000000000000000:OKDOT:OKMYTH
14woiYLHuEK9sMqo8e89WN8daDe2URuqwbdnFpbGYgC7pBhB:45000000000000000000:OKDOT:OKMYTH
12Een8GQXMymnxDk6vNtSzS1EZ3SfnDfxkj5hBVrAdTgNZbU:45000000000000000000:OKDOT:OKMYTH
12soGQvBc45VbcZr3pcZqbxS7dKtGoMd5U2x71Hihgox4oph:45000000000000000000:OKDOT:OKMYTH
12vefSutCczGceQnzaYxPVcrBWxpmufckrfWc8ihBdYVuSNZ:45000000000000000000:OKDOT:OKMYTH
15hKMkXKJASkm5U1vpMoSJwU96Pe63z7AafEejAoRPaBNPGH:45000000000000000000:OKDOT:OKMYTH
14RBt169ZhjqGQjKrNudmT8nYrjMQqWWYTozEwb3Q6MsmjgQ:45000000000000000000:OKDOT:OKMYTH
1pubFbn17gip859UYKbfGsDcxm1N3czk3dhaFHmAk18o2jF:45000000000000000000:OKDOT:OKMYTH
1PwTLs4ZRtUun5AVxZzzd7s6z4xSpX6PJeDmZjHmvUr6jgh:45000000000000000000:OKDOT:OKMYTH
13bbyWvHAWHYqCRTgtamVqpzDfSbgYtsYiH4Fqpnj7YKJc3z:45000000000000000000:OKDOT:OKMYTH
15m5aBriida3BKjmfh5NmMJKL7HR7k5CsCEVCjphda2odTZr:45000000000000000000:OKDOT:OKMYTH
1GxpN21yTFAVJ3nNTYsjvRaJk1Aq3FM3bwT4jA1AVEUQ8QH:45000000000000000000:OKDOT:OKMYTH
14xoaxJT54XDfHPBxwyeYFD3bANPLTMhvEfnWrcXwYCFAT15:45000000000000000000:OKDOT:OKMYTH
13aw3Nkn75TqsFDbZZ6yKsRAuzZuBDoCaa4r8kv6bPCf1zpz:45000000000000000000:OKDOT:OKMYTH
1Kuk8n8DGYUHNTa29Myy5ZPEC97Vu3VWaQu4cfNtbaZWEfJ:45000000000000000000:OKDOT:OKMYTH
15r8wB9BF8U6UCyK42x3QcFYeRhEbyq29fmouNGUh5NXknBT:45000000000000000000:OKDOT:OKMYTH
15JBPGHrMoKZky5wJC3TWKpettZM6fiqQ4NVD6V9tVwE3UXb:45000000000000000000:OKDOT:OKMYTH
146LmNjRm43xR3x9saKvfu5PHot6tK9zyUMjYmVAds34Z6Ds:45000000000000000000:OKDOT:OKMYTH
14zydbEWBXAen2g4NGkyyWVBG8PhQfr1Qbbp6R557h7uajpe:45000000000000000000:OKDOT:OKMYTH
16GSLhbW2m7jZ3tUSwFZ5CPjUEhkGNFDEMKKKxsuyk46jmkS:45000000000000000000:OKDOT:OKMYTH
1HbMtD7oP78Kb12VsVP5P7vh86NRKbScw4yZJpeHJ3crcHu:45000000000000000000:OKDOT:OKMYTH
1uPdsnHseTczbH17DVy1iDZ4PyyH5zSo33761Vn8Xcwniq5:45000000000000000000:OKDOT:OKMYTH
15iHJVFT4kzAnTXjELYL453c4R3m3irJ6Nx8X9VUA4hnYc4A:45000000000000000000:OKDOT:OKMYTH
13VxiYRjjxrgGRzNoKDd7VScyjmWrNkBNkDmTNCrueQvDZBX:45000000000000000000:OKDOT:OKMYTH
15cbHbhABFkmEXjAvkMBPsw1z87CfyJjgDj56AWTANUBQzbE:45000000000000000000:OKDOT:OKMYTH
1RADdEkdm7cdSdnUwdNtHi6hD3GuamrAwM3ZM3PtqVNcRtt:45000000000000000000:OKDOT:OKMYTH
16MHUYtU58vU1LfAYiYTxunndA8A29WTCdp1Wp4gzcTPi25b:45000000000000000000:OKDOT:OKMYTH
14m5fV4E1CZFbgDUQPuR4rMPXskz5REFQ72iLR5Ev3SvgT4W:45000000000000000000:OKDOT:OKMYTH
15BrxBDp7NMh2SmkQ1KFLRwEYNmbsTcSWtucoe9wfbqrazbT:45000000000000000000:OKDOT:OKMYTH
134DuhrZmHZkHTp7EGQW8GH1CEDDC2BdHLUhU32z6ovHGiUJ:45000000000000000000:OKDOT:OKMYTH
15DtdX3h2MQEVJGrDY3nsKnHRZupbXEpimuyGXPzsR5NYfxv:45000000000000000000:OKDOT:OKMYTH
1wAzkXRcmvSrQC4zxpRawc2ufy9Wk9hm7HuhQTLiCLyji3d:45000000000000000000:OKDOT:OKMYTH
16dHNEfNvWYWm6LXxHtdasPhLharAjHk1Da4hkZs6Ti6t8p:45000000000000000000:OKDOT:OKMYTH
12aVhVqYD7ENF6LB7GdVXvf5wWAZJr2Ay9HzDkygcQjS38o3:45000000000000000000:OKDOT:OKMYTH
151tABQjVbLge8UFSWzHKsNP6S6pSgsdrokBBgC7bDHJyqbM:45000000000000000000:OKDOT:OKMYTH
15Fnybw9Abi6vFz8kh6AuZs7raxBPJeLNFiV9ymNv8VvgqXD:45000000000000000000:OKDOT:OKMYTH
15eGL1nkH9DEgogH8Pi8JUBctUtTDhoVXkAYinRm41e3BcHu:45000000000000000000:OKDOT:OKMYTH
14ibxHD1ZJS56sP3S8oDC1RRPgtsGfGvZiQRJwhm6uGEqkih:45000000000000000000:OKDOT:OKMYTH
16ayY3p8Z5EebdQhatcJQwZn3hJfVDfk6jmuyf5btZRVHUtv:45000000000000000000:OKDOT:OKMYTH
1f9qndvarVpAu7gqUQm9hNW8S23mS92Bk1joJsEMkXYDKTj:45000000000000000000:OKDOT:OKMYTH
14ZhHwhvEdgkihKrq69LBqBtAPg5whDRLXjmzP8KxCzSRxYp:45000000000000000000:OKDOT:OKMYTH
14BFYS3swzTbcjocwNxCSzcLS1US2quhuGRB4xiQ2dP51o2a:45000000000000000000:OKDOT:OKMYTH
15K97fux4fkVVYhL2hPvji6AuAtYpQLu66XoR6TbRa4mRJnZ:45000000000000000000:OKDOT:OKMYTH
169TADmdEorWCrRrAvm9b2hZucvNeiU3gvBHxCzdvaqpeZuv:45000000000000000000:OKDOT:OKMYTH
168hM3rP6rQqt1NXaCzG5KZzQ9peT3fuGFSEWy2Epa8kZswE:45000000000000000000:OKDOT:OKMYTH
14mK6eTLtUAGrptkGdwKsJweRd43DFcRqokbRgNxd496JPN2:45000000000000000000:OKDOT:OKMYTH
14Xd8zV1jrBRWXXHVbEQ2xBv8pK7iezEqXsPzLTpaqWVVGkg:45000000000000000000:OKDOT:OKMYTH
1qC7wwQa1Q7qjDxcAzzCzB48v6eG9LYZ23Uv6wYSWZdje7V:45000000000000000000:OKDOT:OKMYTH
15oSTmRma2VdVSZpW8wurZRKNSrxmKavgGpeQhTbFiX2tNUT:45000000000000000000:OKDOT:OKMYTH
13Ptyd8iWPFsaRRJVSfrcKxgi4idNLLYgD6tEy191scN9TKS:45000000000000000000:OKDOT:OKMYTH
14WsvyNoJYrEQYbECVSK22CniTbzaVNj97SHJGFmWVBGEYuQ:45000000000000000000:OKDOT:OKMYTH
16CDXAfwA82URSEbBmHN7x47BSk1m2aziwviEPwpzau8sgcg:45000000000000000000:OKDOT:OKMYTH
15pNrvFEuwgeYWBJn6nKvNYSrHEgZ4fSayufviT4gMCSsG1H:45000000000000000000:OKDOT:OKMYTH
1MDAi2WXfQKym8rcUdzpuV97piNZ8CnWR9R6p2H5SPqGHzn:45000000000000000000:OKDOT:OKMYTH
149n66oLLLS7Xj9s8nfNYtGwoKovAWVwVM7ju2YnakcbRsqf:45000000000000000000:OKDOT:OKMYTH
1634h9Hri2Q3nnQhMLFqVEDgmy6aAD8oj5mBwqAbEuqiiff6:45000000000000000000:OKDOT:OKMYTH
15qXfuTbZKboJ7cYMR6aahdoSRXk1N1da5LkpbattrWa8tPn:45000000000000000000:OKDOT:OKMYTH
1VDMPHufi57weqJgjesxawyCm6tMNEJyfHxazBNmewyACFJ:45000000000000000000:OKDOT:OKMYTH
139mMAZYSjAzLLL9DgwqvP7Xz3GUDgpmZFznADvLMmgj5a9X:45000000000000000000:OKDOT:OKMYTH
12gSEGV4Y7RS2rbnaL1jicEBwWkvEUzdtzHRC5PxSqjjQUaj:45000000000000000000:OKDOT:OKMYTH
15ujAdtJiootzXGVtCf73Fh9XCD5aN4WhyF8qr9WxbnwAqpH:45000000000000000000:OKDOT:OKMYTH
15WTGhDhgV3jutfKnwVbaUvYZUJiegbNAaPBCjFgZdwJb5Hd:45000000000000000000:OKDOT:OKMYTH
13YkK6KKCCRZbziNGGv2BxdVYCwbthAoXisqNxRft1G7Vg71:45000000000000000000:OKDOT:OKMYTH
161xiSgHaVWT9uiBK5nV81VZeRZgxajZ9oZcKn1ZhVtYLJhp:45000000000000000000:OKDOT:OKMYTH
15UnGvFyXZMFQDSsoLCoj6RQUUrhum4bKKcTG8mYL8jB2oS8:45000000000000000000:OKDOT:OKMYTH
14KHyoQGF91MPG8KMjf3UY38VB8uAV1BiHCZEReSvVhbbpm2:45000000000000000000:OKDOT:OKMYTH
13X3pVUxmXUYXHwJPAVDNZA8HFJyUJivAGDp27ApcMBjttcu:45000000000000000000:OKDOT:OKMYTH
12mKzMzyKk742BUrtBsUcA9rarfEAtT3eiKFDh78ShcEX64T:45000000000000000000:OKDOT:OKMYTH
16iRs4MWqVXTtrF4HYte5gM6hgZLkW1U9PFBjJCCcTxy6k1J:45000000000000000000:OKDOT:OKMYTH
1HfEvJWXNTqmHDrgbujzjKhyeJ9nGUSgYEpFVaZ3jucy6tJ:45000000000000000000:OKDOT:OKMYTH
13NnRLw4hyDkXfKXcVR1mwZgTSZ934Gjt7hyNpifUQ3Q9pEL:45000000000000000000:OKDOT:OKMYTH
12nKggdh2SVXHXsB73Qa6RC7x4FzuqZ1bN3npRtHjWsSDkAg:45000000000000000000:OKDOT:OKMYTH
16Rpg6t5fhq5ckC1hvHU616uJ6gDrDXomGjSd5gdn9JaAS87:45000000000000000000:OKDOT:OKMYTH
1MjNWG1SMyam3L4Gjx9ugKzGMRtNv5TJVPyMYAWpcuR4xV3:45000000000000000000:OKDOT:OKMYTH
13JzhvSLETpV6qY4KQgK3bpipnTAZurZg4yH4YgqizPVRE67:45000000000000000000:OKDOT:OKMYTH
15ykLxWzoLpyLEmQVup4d8fFDTMPReY5EAWyQRFASPMhajkB:45000000000000000000:OKDOT:OKMYTH
16YCGtwMNM1VHKop18msKfrbiPiisHAX9Ug7tujkgzaZAKzd:45000000000000000000:OKDOT:OKMYTH
1NSMJpsaewvjCt7CFQ7wBTM7cMjLiUZRZSW1X5GgrKVKJP9:45000000000000000000:OKDOT:OKMYTH
1yY8C7ERCMDwaKvPhVknxNh1mgBR6qqWYjMAaGs15nsYCUo:45000000000000000000:OKDOT:OKMYTH
15Xn3svNpmQn7GjweucPEKV44YtP3poCd6MXHhRgABzji7kC:45000000000000000000:OKDOT:OKMYTH
197waTgabreXdKd2Y7VJZqygMjrhdKEBxgBejCtMMYLcXae:45000000000000000000:OKDOT:OKMYTH
1seoT9cYVHweYWrpF1pAwJ1rBJMz5a5B5eanpbZMZYc3t71:45000000000000000000:OKDOT:OKMYTH
1tCxxSNqcukzKUb2pEnjuHEjFiQNAAcQkhAZREq5efxgA8W:45000000000000000000:OKDOT:OKMYTH
12s5CTmGEM3rJx8RsAT8JYLUgynzoVBiXdVUHkHQ4bxAeTkv:45000000000000000000:OKDOT:OKMYTH
1ET1qDfyLfZVEsDgis8eJLcHYKA6Q4gQeF1SwdDV1Qa5VmH:45000000000000000000:OKDOT:OKMYTH
15HRPPnCWM2i78Uyno4FdXAyavSGJctV2CMxFsTzmoGYKCgn:45000000000000000000:OKDOT:OKMYTH
11YopyNDti542LZHVqPcAjuYPkmyKbbUsQwSwhxAvi8p4nW:45000000000000000000:OKDOT:OKMYTH
12sxGuJhVoVA2njk1jyqP5YywXEAwWZrUCNdLipiGehk8MBb:45000000000000000000:OKDOT:OKMYTH
1VqSTAhZLqzftVif3yjBcmBuLLSqU32SbfLvyAiqQury9FV:45000000000000000000:OKDOT:OKMYTH
15KsE6oFdgQe4fpqZcB23GrCrd9M6KDjDycbu4ZJTGZQQEH2:45000000000000000000:OKDOT:OKMYTH
19qQJ7BbrMmqhBEM1dELJmQWroV1y8NQWgTdRY8dVfDasAn:45000000000000000000:OKDOT:OKMYTH
15Xi1hNC5CwJpV2PJS5QCvordYsaJyStPBSENtRU2YMYgFdG:45000000000000000000:OKDOT:OKMYTH
1uPuxz7wxEPF6VKm7dMHixju3GpHoRMkdjv15R97S9HpeWD:45000000000000000000:OKDOT:OKMYTH
15nwtRzPi8mJN3YxVH6pdNqiNeXGVxP7T9ZsgURGVC4vQ8hQ:45000000000000000000:OKDOT:OKMYTH
123qcP5jbpA1KKvtT2mpLEgii8gfhMZtErfWGFav4ei7qdXS:45000000000000000000:OKDOT:OKMYTH
15S4LjseqgpL2coVUCvipEpwuScTLTGWvpsdNbuG8y7X3HiF:45000000000000000000:OKDOT:OKMYTH
1FVP2Y7LJqD4B5UZbsjLhjPAh2Rsuw4jhNLQGfe8RxhaipT:45000000000000000000:OKDOT:OKMYTH
15Pbw3Rs3ir9B6Qo8zLXb5WUrxnpH1HVqrEAWHyMh26wb5wd:45000000000000000000:OKDOT:OKMYTH
124ooTkVsHzMrju2d2a7Quoc4xPWRqLCZecYu6ywPLgbHmwf:45000000000000000000:OKDOT:OKMYTH
15d4chYkAZNmxXNzVdd8aXwKZHxp4y3Ayxmvj3TgNF9tN1io:45000000000000000000:OKDOT:OKMYTH
1Tap1JczuXMr3fF93cnbAkgFCoNRGyLuRCHDFapqfeWAJtE:45000000000000000000:OKDOT:OKMYTH
15RTia8SYjET7Jfe6iE5x7VJYK5YrbbFr382hRFshV5mQ8G7:45000000000000000000:OKDOT:OKMYTH
189QcFcBrx5QsENfkC9mH9P7B87WJpeh9ByYwqzWbKgKz6P:45000000000000000000:OKDOT:OKMYTH
12XNsGqKrPmriVs1vw89Z9PQHVb6QPvDQrDRakDJTpvMDWLz:45000000000000000000:OKDOT:OKMYTH
1HnHKwid7mS46XPpBEeBF1omUSotMzU57AdGtse93QnrMWD:45000000000000000000:OKDOT:OKMYTH
15UJK5ohooxrmQbvTZmtawai4kybTb7L1xgHU8L7G3tXdEUW:45000000000000000000:OKDOT:OKMYTH
128NUoRepGEpp4MP3Yd5Aw9r4adG75bzes3FMBQTViAJpHH6:45000000000000000000:OKDOT:OKMYTH
14te3sTY8hvWmokdbB3WM2zHjJFyn2o5oyRfv4zfrFfSUgtg:45000000000000000000:OKDOT:OKMYTH
1sS7p6D2NQLWcprCfRuJjA6kTii2VnZFjyMb8LMajC5vomQ:45000000000000000000:OKDOT:OKMYTH
163Tp93HkP6h3FLxKKxza7agwiS7XYo4WAC1XEKPvXxcRMvF:45000000000000000000:OKDOT:OKMYTH
13NCLd3foNpsv1huPDzvvfyKh37NEEkGFotZnP52CTR98YFJ:236000000000000000000:OKDOT:OKMYTH
